<?xml version="1.0" encoding="UTF-8" ?>
<testsuite errors="0" failures="4" hostname="travis-job-61a677f5-ba48-41f2-8c21-2b43f3f0bf70" name="ptolemy.vergil.basic.export.test.junit.ExportModelJUnitTestBatch3" skipped="0" tests="100" time="1006.84" timestamp="2018-05-12T02:25:30">
  <properties>
    <property name="npm.executable" value="npm" />
    <property name="file.encoding.pkg" value="sun.io" />
    <property name="ptII.mk.exists" value="true" />
    <property name="env.rvm_bin_path" value="/home/travis/.rvm/bin" />
    <property name="java.home" value="/usr/lib/jvm/java-8-oracle/jre" />
    <property name="env.TRAVIS_JOB_NUMBER" value="431.13" />
    <property name="env.DISPLAY" value=":99.0" />
    <property name="java.net.preferIPv4Stack" value="true" />
    <property name="env.SSH_TTY" value="/dev/pts/0" />
    <property name="env.RUN_TESTS" value="true" />
    <property name="timeout.short" value="1000000" />
    <property name="env.TRAVIS_STACK_NODE_ATTRIBUTES" value="/.node-attributes.yml" />
    <property name="junit.formatter" value="xml" />
    <property name="java.endorsed.dirs" value="/usr/lib/jvm/java-8-oracle/jre/lib/endorsed" />
    <property name="env.TRAVIS_SUDO" value="true" />
    <property name="env.LOGNAME" value="travis" />
    <property name="jsdoc.home" value="node_modules/@terraswarm/jsdoc" />
    <property name="debuglevel" value="source,lines,vars" />
    <property name="checkstyle.formatter" value="xml" />
    <property name="bin.vergil.makeable" value="true" />
    <property name="env._system_version" value="14.04" />
    <property name="sun.os.patch.level" value="unknown" />
    <property name="java.vendor.url" value="http://java.oracle.com/" />
    <property name="java.version" value="1.8.0_151" />
    <property name="env.TZ" value="UTC" />
    <property name="env.PT_NO_NET" value="true" />
    <property name="env.TRAVIS_PULL_REQUEST_SHA" value="" />
    <property name="env.TRAVIS_SECURE_ENV_VARS" value="true" />
    <property name="env._system_type" value="Linux" />
    <property name="java.vendor.url.bug" value="http://bugreport.sun.com/bugreport/" />
    <property name="env.SSH_CLIENT" value="10.10.16.4 33432 22" />
    <property name="env.GEM_HOME" value="/home/travis/.rvm/gems/ruby-2.4.1" />
    <property name="env.HAS_ANTARES_THREE_LITTLE_FRONZIES_BADGE" value="true" />
    <property name="env.PS4" value="+" />
    <property name="ant.project.invoked-targets" value="build,test.export3.xml" />
    <property name="env.TRAVIS_PULL_REQUEST_BRANCH" value="" />
    <property name="env.TRAVIS_REPO_SLUG" value="icyphy/ptII" />
    <property name="node.in.path" value="true" />
    <property name="java.maxmemory" value="1400m" />
    <property name="env.RUBY_VERSION" value="ruby-2.4.1" />
    <property name="user.name" value="travis" />
    <property name="env.LANG" value="en_US.UTF-8" />
    <property name="sun.io.unicode.encoding" value="UnicodeLittle" />
    <property name="sun.jnu.encoding" value="UTF-8" />
    <property name="java.runtime.name" value="Java(TM) SE Runtime Environment" />
    <property name="usefile" value="false" />
    <property name="return.code" value="0" />
    <property name="junit.single.formatter" value="plain" />
    <property name="env.DYLD_LIBRARY_PATH" value="/home/travis/pthla/certi-tools/lib:" />
    <property name="env.DEBIAN_FRONTEND" value="noninteractive" />
    <property name="env.SSH_CONNECTION" value="10.10.16.4 33432 10.20.0.41 22" />
    <property name="env.MYSQL_UNIX_PORT" value="/var/run/mysqld/mysqld.sock" />
    <property name="env.TRAVIS_ALLOW_FAILURE" value="false" />
    <property name="env.LC_ALL" value="en_US.UTF-8" />
    <property name="java.specification.name" value="Java Platform API Specification" />
    <property name="node.works" value="true" />
    <property name="user.timezone" value="" />
    <property name="path.separator" value=":" />
    <property name="env.PYTHON_CFLAGS" value="-g -fstack-protector --param=ssp-buffer-size=4 -Wformat -Werror=format-security" />
    <property name="timeout.long" value="4000000" />
    <property name="env.CERTI_HOME" value="/home/travis/pthla/certi-tools" />
    <property name="file.encoding" value="UTF-8" />
    <property name="ant.file.ptII" value="/home/travis/build/icyphy/ptII/build.xml" />
    <property name="javadoc.packagenames" value="com.*,diva.*,lbnl.*,org.hlacerti.*,org.json.*,org.ptolemy.*,org.terraswarm.*,ptolemy.*,ptserver.*" />
    <property name="env.TRAVIS_PULL_REQUEST_SLUG" value="" />
    <property name="ant.project.default-target" value="build" />
    <property name="env.GIT_ASKPASS" value="echo" />
    <property name="env.HOME" value="/home/travis" />
    <property name="sun.java.command" value="org.apache.tools.ant.taskdefs.optional.junit.JUnitTestRunner ptolemy.vergil.basic.export.test.junit.ExportModelJUnitTestBatch3 skipNonTests=false filtertrace=true haltOnError=false haltOnFailure=false formatter=org.apache.tools.ant.taskdefs.optional.junit.OutErrSummaryJUnitResultFormatter showoutput=true outputtoformatters=true logfailedtests=true threadid=0 logtestlistenerevents=false formatter=org.apache.tools.ant.taskdefs.optional.junit.XMLJUnitResultFormatter,/home/travis/build/icyphy/ptII/reports/junit/TEST-ptolemy.vergil.basic.export.test.junit.ExportModelJUnitTestBatch3.xml crashfile=/home/travis/build/icyphy/ptII/junitvmwatcher3028300565140813154.properties propsfile=/home/travis/build/icyphy/ptII/junit5748789245026771363.properties" />
    <property name="env.MANPATH" value="/home/travis/.nvm/versions/node/v7.10.1/share/man:/home/travis/.kiex/elixirs/elixir-1.4.5/man:/home/travis/.rvm/rubies/ruby-2.4.1/share/man:/usr/local/man:/usr/local/cmake-3.9.2/man:/usr/local/clang-5.0.0/share/man:/usr/local/share/man:/usr/share/man:/home/travis/.rvm/man" />
    <property name="env.COMPOSER_NO_INTERACTION" value="1" />
    <property name="env.JDK_SWITCHER_DEFAULT" value="oraclejdk8" />
    <property name="ant.file" value="/home/travis/build/icyphy/ptII/build.xml" />
    <property name="env.TRAVIS_COMMIT_RANGE" value="b842375bb80a53582dc8dd2f6ba0f7cd8be616f6...28462d300285c1a2089a238bd59726a1054bf339" />
    <property name="env._system_name" value="Ubuntu" />
    <property name="timeout" value="2400000" />
    <property name="ptII.classpath.optional.property" value="/home/travis/build/icyphy/ptII/lib/bsh-2.0b4.jar:/home/travis/build/icyphy/ptII/lib/ptCal.jar:/home/travis/build/icyphy/ptII/lib/java_cup.jar:/home/travis/build/icyphy/ptII/lib/saxon8.jar:/home/travis/build/icyphy/ptII/lib/saxon8-dom.jar:/home/travis/build/icyphy/ptII/lib/chic.jar:/home/travis/build/icyphy/ptII/lib/ptcolt.jar:/usr/lib/jvm/java-8-oracle/lib/tools.jar:/usr/lib/eclipse/plugins/org.eclipse.jdt.core_3.8.2.dist.jar:/usr/lib/eclipse/plugins/org.eclipse.core.runtime_3.8.0.dist.jar:/usr/lib/eclipse/plugins/org.eclipse.osgi_3.8.1.dist.jar:/usr/lib/eclipse/plugins/org.eclipse.core.resources_3.8.1.dist.jar:/usr/lib/eclipse/plugins/org.eclipse.equinox.common_3.6.100.dist.jar:/usr/lib/eclipse/plugins/org.eclipse.core.jobs_3.5.200.dist.jar:/usr/lib/eclipse/plugins/org.eclipse.core.contenttype_3.4.200.dist.jar:/usr/lib/eclipse/plugins/org.eclipse.equinox.preferences_3.5.0.dist.jar:/usr/lib/eclipse/plugins/org.eclipse.text_3.5.200.dist.jar:/usr/lib/eclipse/plugins/org.eclipse.ui.workbench_3.8.1.dist.jar:/usr/lib/eclipse/plugins/org.eclipse.jface_3.8.0.dist.jar:/usr/lib/eclipse/plugins/org.eclipse.swt_3.8.2.jar:/usr/lib/eclipse/plugins/org.eclipse.jface.text_3.8.1.dist.jar:/usr/lib/eclipse/plugins/org.eclipse.ui.workbench.texteditor_3.8.0.dist.jar:/usr/lib/eclipse/plugins/org.eclipse.ui.editors_3.8.0.dist.jar:/usr/lib/eclipse/plugins/org.eclipse.core.commands_3.6.1.dist.jar:/usr/lib/eclipse/plugins/org.eclipse.equinox.registry_3.5.200.dist.jar:/usr/lib/eclipse/plugins/org.eclipse.ui.console_3.5.100.dist.jar:/usr/lib/eclipse/plugins/org.eclipse.ui.forms_3.5.200.dist.jar:/usr/lib/eclipse/plugins/org.eclipse.ui.ide_3.8.1.dist.jar:/home/travis/build/icyphy/ptII/vendors/oracle/dbxml.jar:/home/travis/build/icyphy/ptII/vendors/oracle/db.jar:/home/travis/build/icyphy/ptII/vendors/misc/itext/iText.jar:/home/travis/build/icyphy/ptII/lib/g4ltl.jar:/home/travis/build/icyphy/ptII/lib/StructuralCoder.jar:/home/travis/build/icyphy/ptII/lib/org-openide-util.jar:/home/travis/build/icyphy/ptII/lib/org-openide-util-lookup.jar:/home/travis/build/icyphy/ptII/lib/org-netbeans-api-visual.jar:/home/travis/build/icyphy/ptII/vendors/jai-1_1_2_01/lib/jai_core.jar:/home/travis/build/icyphy/ptII/vendors/jai-1_1_2_01/lib/jai_codec.jar:/home/travis/build/icyphy/ptII/lib/jcerti.jar:/home/travis/build/icyphy/ptII/lib/smack.jar:/home/travis/build/icyphy/ptII/lib/smackx.jar:/home/travis/build/icyphy/ptII/lib/jetty-all-8.1.5-v20120716.jar:/home/travis/build/icyphy/ptII/lib/javax.servlet-api-3.0.1.jar:/home/travis/build/icyphy/ptII/lib/javax.mail.jar:/home/travis/build/icyphy/ptII/vendors/JMF-2.1.1e/lib/jmf.jar:/home/travis/build/icyphy/ptII/lib/jna-4.0.0-variadic.jar:/home/travis/build/icyphy/ptII/vendors/misc/joystick/Joystick.jar:/home/travis/build/icyphy/ptII/lib/ptjacl.jar:/home/travis/build/icyphy/ptII/lib/jsoup-1.8.2.jar:/home/travis/build/icyphy/ptII/lib/junit-4.8.2.jar:/home/travis/build/icyphy/ptII/lib/JUnitParams-0.4.0.jar:/home/travis/build/icyphy/ptII/ptolemy/actor/lib/excel/jxl.jar:/home/travis/build/icyphy/ptII/lib/jython.jar:/home/travis/build/icyphy/ptII/lib/kieler.jar:/home/travis/build/icyphy/ptII/vendors/opencv/share/OpenCV/java/opencv-341.jar:/home/travis/build/icyphy/ptII/lib/oscP5.jar:/home/travis/build/icyphy/ptII/lib/nrjavaserial-3.11.0.devel.jar:/usr/share/java/j3dcore.jar:/usr/share/java/j3dutils.jar:/usr/share/java/vecmath.jar:/home/travis/build/icyphy/ptII/ptolemy/distributed/jini/jar/jini-core.jar:/home/travis/build/icyphy/ptII/ptolemy/distributed/jini/jar/jini-ext.jar:/home/travis/build/icyphy/ptII/ptolemy/distributed/jini/jar/sun-util.jar:/home/travis/build/icyphy/ptII/lib/protobuf-java-2.4.1.jar:/home/travis/build/icyphy/ptII/lib/org.eclipse.paho.client.mqttv3.jar:/home/travis/build/icyphy/ptII/ptserver/lib/hessian-4.0.7.jar:/home/travis/build/icyphy/ptII/ptserver/lib/wmqtt.jar:/home/travis/build/icyphy/ptII/lib/mapss.jar:/home/travis/build/icyphy/ptII/ptolemy/actor/ptalon/antlr/antlr.jar:/home/travis/build/icyphy/ptII/lib/JRI.jar:/home/travis/build/icyphy/ptII/lib/commons-lang-2.6.jar:/home/travis/build/icyphy/ptII/lib/commons-logging-1.1.1.jar:/home/travis/build/icyphy/ptII/lib/sootclasses.jar:/home/travis/build/icyphy/ptII/ptolemy/actor/lib/database/mysql-connector-java-5.1.6-bin.jar:/home/travis/build/icyphy/ptII/vendors/misc/sphinx4/sphinx4-data-5prealpha.jar:/home/travis/build/icyphy/ptII/vendors/misc/sphinx4/sphinx4-core-5prealpha.jar:/home/travis/build/icyphy/ptII/lib/PDFRenderer.jar:/home/travis/build/icyphy/ptII/lib/svgSalamander.jar:/home/travis/build/icyphy/ptII/lib/rsyntaxtextarea-2.6.0-SNAPSHOT.jar:/home/travis/build/icyphy/ptII/lib/hazelcast-3.8.2.jar:/home/travis/build/icyphy/ptII/lib/jackson-annotations-2.9.0.jar:/home/travis/build/icyphy/ptII/lib/jackson-core-2.9.3.jar:/home/travis/build/icyphy/ptII/lib/jackson-databind-2.9.3.jar:/home/travis/build/icyphy/ptII/lib/netty-buffer-4.1.19.Final.jar:/home/travis/build/icyphy/ptII/lib/netty-codec-4.1.19.Final.jar:/home/travis/build/icyphy/ptII/lib/netty-codec-dns-4.1.19.Final.jar:/home/travis/build/icyphy/ptII/lib/netty-codec-http-4.1.19.Final.jar:/home/travis/build/icyphy/ptII/lib/netty-codec-http2-4.1.19.Final.jar:/home/travis/build/icyphy/ptII/lib/netty-common-4.1.19.Final.jar:/home/travis/build/icyphy/ptII/lib/netty-handler-4.1.19.Final.jar:/home/travis/build/icyphy/ptII/lib/netty-resolver-4.1.19.Final.jar:/home/travis/build/icyphy/ptII/lib/netty-resolver-dns-4.1.19.Final.jar:/home/travis/build/icyphy/ptII/lib/netty-transport-4.1.19.Final.jar:/home/travis/build/icyphy/ptII/lib/vertx-codegen-3.5.1.jar:/home/travis/build/icyphy/ptII/lib/vertx-core-3.5.2-SNAPSHOT.jar:/home/travis/build/icyphy/ptII/lib/vertx-hazelcast-3.5.1.jar:/home/travis/build/icyphy/ptII/lib/vertx-lang-js-3.5.1.jar:/home/travis/build/icyphy/ptII/lib/vertx-service-proxy-3.5.1.jar:/home/travis/build/icyphy/ptII/lib/vertx-web-3.5.1.jar:/home/travis/build/icyphy/ptII/lib/slf4j-api-1.7.13.jar:/home/travis/build/icyphy/ptII/lib/slf4j-simple-1.7.13.jar:/home/travis/build/icyphy/ptII/lib/webcam-capture-0.3.12.jar:/home/travis/build/icyphy/ptII/lib/bridj-0.7.0.jar:/home/travis/build/icyphy/ptII/lib/xbjlib-1.1.0.nrjavaserial.jar" />
    <property name="test.batch" value="**/junit/*.java" />
    <property name="env._" value="/usr/bin/timeout" />
    <property name="java.io.tmpdir" value="/tmp" />
    <property name="user.language" value="en" />
    <property name="env.HISTCONTROL" value="ignoredups:ignorespace" />
    <property name="env.GOROOT" value="/home/travis/.gimme/versions/go1.7.4.linux.amd64" />
    <property name="line.separator" value="&#xa;" />
    <property name="target" value="1.8" />
    <property name="env.TRAVIS_BUILD_DIR" value="/home/travis/build/icyphy/ptII" />
    <property name="env.ANT_OPTS" value="-Xmx2048m" />
    <property name="ant.file.type" value="file" />
    <property name="ptolemy.ptII.batchMode" value="true" />
    <property name="env.HISTSIZE" value="1000" />
    <property name="env.MERB_ENV" value="test" />
    <property name="java.vm.info" value="mixed mode" />
    <property name="source" value="1.8" />
    <property name="java.vm.specification.name" value="Java Virtual Machine Specification" />
    <property name="env.TRAVIS_TEST_RESULT" value="0" />
    <property name="jsdoc.command" value="node_modules/@terraswarm/jsdoc/jsdoc.js" />
    <property name="npm.works" value="true" />
    <property name="cobertura.dir" value="/home/travis/build/icyphy/ptII/vendors/cobertura-2.0.3" />
    <property name="env.rvm_path" value="/home/travis/.rvm" />
    <property name="env.GEM_PATH" value="/home/travis/.rvm/gems/ruby-2.4.1:/home/travis/.rvm/gems/ruby-2.4.1@global" />
    <property name="env.LC_CTYPE" value="en_US.UTF-8" />
    <property name="java.awt.printerjob" value="sun.print.PSPrinterJob" />
    <property name="env.PT_TRAVIS_TEST_EXPORT3_XML" value="true" />
    <property name="env.TRAVIS_STACK_NAME" value="garnet" />
    <property name="ant.version" value="Apache Ant(TM) version 1.10.1 compiled on February 2 2017" />
    <property name="ptII.reports" value="/home/travis/build/icyphy/ptII/reports" />
    <property name="env.TRAVIS_STACK_TIMESTAMP" value="2017-12-05 19:33:09 UTC" />
    <property name="ant.file.type.ptII" value="file" />
    <property name="env.RBENV_SHELL" value="bash" />
    <property name="os.name" value="Linux" />
    <property name="java.specification.vendor" value="Oracle Corporation" />
    <property name="env.rvm_version" value="1.29.3 (latest)" />
    <property name="env.TERM" value="xterm" />
    <property name="java.vm.name" value="Java HotSpot(TM) 64-Bit Server VM" />
    <property name="env.TRAVIS_BUILD_NUMBER" value="431" />
    <property name="env.CI" value="true" />
    <property name="java.library.path" value="/home/travis/pthla/certi-tools/lib:/usr/lib/jni:/usr/local/share/OpenCV/java/:/usr/share/OpenCV/java::/usr/java/packages/lib/amd64:/usr/lib64:/lib64:/lib:/usr/lib" />
    <property name="env.rvm_prefix" value="/home/travis" />
    <property name="env.PATH" value="/home/travis/pthla/certi-tools/share/scripts:/home/travis/.rvm/gems/ruby-2.4.1/bin:/home/travis/.rvm/gems/ruby-2.4.1@global/bin:/home/travis/.rvm/rubies/ruby-2.4.1/bin:/home/travis/.rvm/bin:/home/travis/.nvm/versions/node/v7.10.1/bin:./node_modules/.bin:/home/travis/build/icyphy/ptII/bin:/home/travis/pthla/certi-tools/bin:/home/travis/bin:/home/travis/.local/bin:/opt/pyenv/shims:/home/travis/.phpenv/shims:/home/travis/perl5/perlbrew/bin:/home/travis/.kiex/elixirs/elixir-1.4.5/bin:/home/travis/.kiex/bin:/home/travis/gopath/bin:/home/travis/.gimme/versions/go1.7.4.linux.amd64/bin:/usr/local/phantomjs/bin:/usr/local/phantomjs:/usr/local/neo4j-3.2.7/bin:/usr/local/maven-3.5.2/bin:/usr/local/cmake-3.9.2/bin:/usr/local/clang-5.0.0/bin:/usr/local/sbin:/usr/local/bin:/usr/sbin:/usr/bin:/sbin:/bin:/home/travis/.phpenv/bin:/opt/pyenv/bin:/home/travis/.yarn/bin" />
    <property name="env.TRAVIS_OS_NAME" value="linux" />
    <property name="ant.java.version" value="1.8" />
    <property name="basedir" value="/home/travis/build/icyphy/ptII" />
    <property name="java.class.version" value="52.0" />
    <property name="env.SHLVL" value="3" />
    <property name="env.LD_LIBRARY_PATH" value="/home/travis/pthla/certi-tools/lib:/usr/lib/jni:/usr/local/share/OpenCV/java/:/usr/share/OpenCV/java:" />
    <property name="env.RACK_ENV" value="test" />
    <property name="ant.home" value="/home/travis/build/icyphy/ptII/ant" />
    <property name="env.NVM_DIR" value="/home/travis/.nvm" />
    <property name="env.PERLBREW_BASHRC_VERSION" value="0.80" />
    <property name="env.CERTI_FOM_PATH" value="/home/travis/pthla/certi-tools/share/federations" />
    <property name="env.TRAVIS_BUILD_ID" value="377971233" />
    <property name="env.PYENV_ROOT" value="/opt/pyenv" />
    <property name="env.TRAVIS_UID" value="2000" />
    <property name="env.rvm_pretty_print_flag" value="auto" />
    <property name="env.NVM_BIN" value="/home/travis/.nvm/versions/node/v7.10.1/bin" />
    <property name="env.TRAVIS_COMMIT" value="28462d300285c1a2089a238bd59726a1054bf339" />
    <property name="env._system_arch" value="x86_64" />
    <property name="node.executable" value="node" />
    <property name="sun.boot.library.path" value="/usr/lib/jvm/java-8-oracle/jre/lib/amd64" />
    <property name="sun.management.compiler" value="HotSpot 64-Bit Tiered Compilers" />
    <property name="env.GOPATH" value="/home/travis/gopath" />
    <property name="java.awt.graphicsenv" value="sun.awt.X11GraphicsEnvironment" />
    <property name="ptolemy.ptII.dir" value="/home/travis/build/icyphy/ptII" />
    <property name="env.USER" value="travis" />
    <property name="env.HISTFILESIZE" value="2000" />
    <property name="timeout.longest" value="19000000" />
    <property name="env.TRAVIS_STACK_FEATURES" value="basic cassandra chromium couchdb disabled-ipv6 docker docker-compose elasticsearch firefox go-toolchain google-chrome jdk memcached mongodb mysql neo4j nodejs_interpreter perl_interpreter perlbrew phantomjs postgresql python_interpreter rabbitmq redis riak ruby_interpreter sqlite xserver" />
    <property name="env.TRAVIS_PULL_REQUEST" value="false" />
    <property name="env.PYENV_SHELL" value="bash" />
    <property name="ant.project.name" value="ptII" />
    <property name="java.vm.specification.version" value="1.8" />
    <property name="env.CERTI_VERSION" value="4.0.0" />
    <property name="env.NLSPATH" value="/usr/dt/lib/nls/msg/%L/%N.cat" />
    <property name="env.CERTI_HOST" value="localhost" />
    <property name="awt.toolkit" value="sun.awt.X11.XToolkit" />
    <property name="env.MY_RUBY_HOME" value="/home/travis/.rvm/rubies/ruby-2.4.1" />
    <property name="sun.cpu.isalist" value="" />
    <property name="java.ext.dirs" value="/usr/lib/jvm/java-8-oracle/jre/lib/ext:/usr/java/packages/lib/ext" />
    <property name="os.version" value="4.4.0-101-generic" />
    <property name="user.home" value="/home/travis" />
    <property name="env.MIX_ARCHIVES" value="/home/travis/.kiex/mix/elixir-1.4.5" />
    <property name="java.vm.vendor" value="Oracle Corporation" />
    <property name="env.TRAVIS_TAG" value="nightly" />
    <property name="env.TRAVIS_FILTERED" value="redirect_io" />
    <property name="env.PTII" value="/home/travis/build/icyphy/ptII" />
    <property name="env.JAVA_HOME" value="/usr/lib/jvm/java-8-oracle" />
    <property name="javadoc.excludepackagenames" value="adm.cvs2svn.*,build.*,config.*,doc.coding.templates.*,jni.test.jni.meaningOfLife.*,jni.test.jni.testDeux.*,jni.test.jni.testTrois.*,org.terraswarm.accessor.accessors.web.node_modules.*,org.terraswarm.accessor.accessors.web.hosts.cordova.demo.*,org.terraswarm.accessor.accessors.web.hosts.cordova.plugins.*,org.terraswarm.accessor.accessors-svn.*,pt-modules.*,ptolemy.apps.agilent.*,ptolemy.apps.anytimecontrol.*,ptolemy.apps.apes.*,ptolemy.apps.charon.*,ptolemy.apps.crazyboard.*,ptolemy.apps.eclipse.*,ptolemy.apps.etherealSting.*,ptolemy.apps.fullscreen.*,ptolemy.apps.giotto.*,ptolemy.apps.ia.*,ptolemy.apps.interfaces.*,ptolemy.apps.jmf.*,ptolemy.apps.kurt.*,ptolemy.apps.kvm.*,ptolemy.apps.lego.*,ptolemy.apps.lejos.*,ptolemy.apps.midp.*,ptolemy.apps.mobileCoding.*,ptolemy.apps.pendulum.*,ptolemy.apps.rijndael.*,ptolemy.apps.robot.*,ptolemy.apps.security.*,ptolemy.apps.sobel.*,ptolemy.apps.soot.*,ptolemy.apps.throttle.*,ptolemy.apps.tini.*,ptolemy.apps.transmission.*,ptolemy.apps.vergil.*,ptolemy.apps.waba.*,ptolemy.apps.websensor.*,ptolemy.apps.webstart.*,ptolemy.apps.xsl.*,ptolemy.apps.zaurus.*,ptolemy.backtrack.eclipse.plugin.*,ptolemy.backtrack.test.*,ptolemy.codegen.c.actor.lib.oldJavaFiles.*,ptolemy.codegen.dsp.lib.*,ptolemy.codegen.kernel.newInterfaces.*,ptolemy.codegen.lib.*,ptolemy.copernicus.kernel.fragment.*,ptolemy.copernicus.shallow.cg.*,ptolemy.domains.giotto.demo.Hierarchy.Hierarchy.*,ptolemy.domains.giotto.demo.Multimode.Multimode.*,ptolemy.domains.giotto.demo.Simple.Simple.*,ptolemy.domains.gr.lib.experimental.*,ptolemy.domains.gro.*,ptolemy.domains.pdf.*,ptolemy.domains.ptinyos.demo.Surge.output.*,ptolemy.moml.test.NoPackageActor.java*,ptolemy.plot.adm.*,ptolemy.plot.servlet.*,reports.*,signed.*,src.*,target.*,vendors.*,ptolemy.cg.adapter.generic.program.procedural.c.mbed*,ptolemy.actor.lib.fmi.fmus.omc*,ptolemy.domains.openmodelica*,ptdb.kernel.bl.save.test.*,ptdb.kernel.bl.load.test.*,ptdb.kernel.bl.search.test.*,ptdb.kernel.bl.migration.test.*,ptdb.kernel.database.test.*,ptdb.test.*,ptdb.gui.test.*,org.ptolemy.scala.*,diva.util.java2d.svg.*,ptolemy.domains.ptinyos.*,ptolemy.actor.lib.fmi.fmipp.*,,org.terraswarm.accessor.accessors.web.node_modules.*,org.terraswarm.accessor.accessors-svn,ptolemy.actor.ptalon.demo.ptinyos.SendAndReceiveCnt.output,ptolemy.actor.ptalon.demo.ptinyos.SenseToLeds.output,ptolemy.domains.ptinyos.demo.CntToLedsAndRfm.output,ptolemy.domains.ptinyos.demo.RfmToLeds.output,ptolemy.domains.ptinyos.demo.SendAndReceiveCnt.output,ptolemy.domains.ptinyos.demo.SenseToLeds.output" />
    <property name="env.TRAVIS_COMMIT_MESSAGE" value="Set connectTimeout to 20000 ms." />
    <property name="env.XDG_SESSION_ID" value="2" />
    <property name="keystore" value="ptKeystore" />
    <property name="junit.output.dir" value="/home/travis/build/icyphy/ptII/reports/junit" />
    <property name="npm.return.code" value="0" />
    <property name="user.dir" value="/home/travis/build/icyphy/ptII/ptolemy/vergil/basic/export/test" />
    <property name="env.XFILESEARCHPATH" value="/usr/dt/app-defaults/%L/Dt" />
    <property name="env.TRAVIS_NODE_VERSION" value="7" />
    <property name="env.TRAVIS_EVENT_TYPE" value="cron" />
    <property name="env.MAIL" value="/var/mail/travis" />
    <property name="env.PWD" value="/home/travis/build/icyphy/ptII" />
    <property name="env.PERLBREW_ROOT" value="/home/travis/perl5/perlbrew" />
    <property name="timeout.npm" value="45000" />
    <property name="env.PAGER" value="cat" />
    <property name="sun.cpu.endian" value="little" />
    <property name="env.TRAVIS_BUILD_STAGE_NAME" value="Test" />
    <property name="env.PERLBREW_HOME" value="/home/travis/.perlbrew" />
    <property name="env.RAILS_ENV" value="test" />
    <property name="java.vm.version" value="25.151-b12" />
    <property name="java.class.path" value="/home/travis/build/icyphy/ptII:/home/travis/build/icyphy/ptII/lib/bsh-2.0b4.jar:/home/travis/build/icyphy/ptII/lib/ptCal.jar:/home/travis/build/icyphy/ptII/lib/java_cup.jar:/home/travis/build/icyphy/ptII/lib/saxon8.jar:/home/travis/build/icyphy/ptII/lib/saxon8-dom.jar:/home/travis/build/icyphy/ptII/lib/chic.jar:/home/travis/build/icyphy/ptII/lib/ptcolt.jar:/usr/lib/jvm/java-8-oracle/lib/tools.jar:/usr/lib/eclipse/plugins/org.eclipse.jdt.core_3.8.2.dist.jar:/usr/lib/eclipse/plugins/org.eclipse.core.runtime_3.8.0.dist.jar:/usr/lib/eclipse/plugins/org.eclipse.osgi_3.8.1.dist.jar:/usr/lib/eclipse/plugins/org.eclipse.core.resources_3.8.1.dist.jar:/usr/lib/eclipse/plugins/org.eclipse.equinox.common_3.6.100.dist.jar:/usr/lib/eclipse/plugins/org.eclipse.core.jobs_3.5.200.dist.jar:/usr/lib/eclipse/plugins/org.eclipse.core.contenttype_3.4.200.dist.jar:/usr/lib/eclipse/plugins/org.eclipse.equinox.preferences_3.5.0.dist.jar:/usr/lib/eclipse/plugins/org.eclipse.text_3.5.200.dist.jar:/usr/lib/eclipse/plugins/org.eclipse.ui.workbench_3.8.1.dist.jar:/usr/lib/eclipse/plugins/org.eclipse.jface_3.8.0.dist.jar:/usr/lib/eclipse/plugins/org.eclipse.swt_3.8.2.jar:/usr/lib/eclipse/plugins/org.eclipse.jface.text_3.8.1.dist.jar:/usr/lib/eclipse/plugins/org.eclipse.ui.workbench.texteditor_3.8.0.dist.jar:/usr/lib/eclipse/plugins/org.eclipse.ui.editors_3.8.0.dist.jar:/usr/lib/eclipse/plugins/org.eclipse.core.commands_3.6.1.dist.jar:/usr/lib/eclipse/plugins/org.eclipse.equinox.registry_3.5.200.dist.jar:/usr/lib/eclipse/plugins/org.eclipse.ui.console_3.5.100.dist.jar:/usr/lib/eclipse/plugins/org.eclipse.ui.forms_3.5.200.dist.jar:/usr/lib/eclipse/plugins/org.eclipse.ui.ide_3.8.1.dist.jar:/home/travis/build/icyphy/ptII/vendors/oracle/dbxml.jar:/home/travis/build/icyphy/ptII/vendors/oracle/db.jar:/home/travis/build/icyphy/ptII/vendors/misc/itext/iText.jar:/home/travis/build/icyphy/ptII/lib/g4ltl.jar:/home/travis/build/icyphy/ptII/lib/StructuralCoder.jar:/home/travis/build/icyphy/ptII/lib/org-openide-util.jar:/home/travis/build/icyphy/ptII/lib/org-openide-util-lookup.jar:/home/travis/build/icyphy/ptII/lib/org-netbeans-api-visual.jar:/home/travis/build/icyphy/ptII/vendors/jai-1_1_2_01/lib/jai_core.jar:/home/travis/build/icyphy/ptII/vendors/jai-1_1_2_01/lib/jai_codec.jar:/home/travis/build/icyphy/ptII/lib/jcerti.jar:/home/travis/build/icyphy/ptII/lib/smack.jar:/home/travis/build/icyphy/ptII/lib/smackx.jar:/home/travis/build/icyphy/ptII/lib/jetty-all-8.1.5-v20120716.jar:/home/travis/build/icyphy/ptII/lib/javax.servlet-api-3.0.1.jar:/home/travis/build/icyphy/ptII/lib/javax.mail.jar:/home/travis/build/icyphy/ptII/vendors/JMF-2.1.1e/lib/jmf.jar:/home/travis/build/icyphy/ptII/lib/jna-4.0.0-variadic.jar:/home/travis/build/icyphy/ptII/vendors/misc/joystick/Joystick.jar:/home/travis/build/icyphy/ptII/lib/ptjacl.jar:/home/travis/build/icyphy/ptII/lib/jsoup-1.8.2.jar:/home/travis/build/icyphy/ptII/lib/junit-4.8.2.jar:/home/travis/build/icyphy/ptII/lib/JUnitParams-0.4.0.jar:/home/travis/build/icyphy/ptII/ptolemy/actor/lib/excel/jxl.jar:/home/travis/build/icyphy/ptII/lib/jython.jar:/home/travis/build/icyphy/ptII/lib/kieler.jar:/home/travis/build/icyphy/ptII/vendors/opencv/share/OpenCV/java/opencv-341.jar:/home/travis/build/icyphy/ptII/lib/oscP5.jar:/home/travis/build/icyphy/ptII/lib/nrjavaserial-3.11.0.devel.jar:/usr/share/java/j3dcore.jar:/usr/share/java/j3dutils.jar:/usr/share/java/vecmath.jar:/home/travis/build/icyphy/ptII/ptolemy/distributed/jini/jar/jini-core.jar:/home/travis/build/icyphy/ptII/ptolemy/distributed/jini/jar/jini-ext.jar:/home/travis/build/icyphy/ptII/ptolemy/distributed/jini/jar/sun-util.jar:/home/travis/build/icyphy/ptII/lib/protobuf-java-2.4.1.jar:/home/travis/build/icyphy/ptII/lib/org.eclipse.paho.client.mqttv3.jar:/home/travis/build/icyphy/ptII/ptserver/lib/hessian-4.0.7.jar:/home/travis/build/icyphy/ptII/ptserver/lib/wmqtt.jar:/home/travis/build/icyphy/ptII/lib/mapss.jar:/home/travis/build/icyphy/ptII/ptolemy/actor/ptalon/antlr/antlr.jar:/home/travis/build/icyphy/ptII/lib/JRI.jar:/home/travis/build/icyphy/ptII/lib/commons-lang-2.6.jar:/home/travis/build/icyphy/ptII/lib/commons-logging-1.1.1.jar:/home/travis/build/icyphy/ptII/lib/sootclasses.jar:/home/travis/build/icyphy/ptII/ptolemy/actor/lib/database/mysql-connector-java-5.1.6-bin.jar:/home/travis/build/icyphy/ptII/vendors/misc/sphinx4/sphinx4-data-5prealpha.jar:/home/travis/build/icyphy/ptII/vendors/misc/sphinx4/sphinx4-core-5prealpha.jar:/home/travis/build/icyphy/ptII/lib/PDFRenderer.jar:/home/travis/build/icyphy/ptII/lib/svgSalamander.jar:/home/travis/build/icyphy/ptII/lib/rsyntaxtextarea-2.6.0-SNAPSHOT.jar:/home/travis/build/icyphy/ptII/lib/hazelcast-3.8.2.jar:/home/travis/build/icyphy/ptII/lib/jackson-annotations-2.9.0.jar:/home/travis/build/icyphy/ptII/lib/jackson-core-2.9.3.jar:/home/travis/build/icyphy/ptII/lib/jackson-databind-2.9.3.jar:/home/travis/build/icyphy/ptII/lib/netty-buffer-4.1.19.Final.jar:/home/travis/build/icyphy/ptII/lib/netty-codec-4.1.19.Final.jar:/home/travis/build/icyphy/ptII/lib/netty-codec-dns-4.1.19.Final.jar:/home/travis/build/icyphy/ptII/lib/netty-codec-http-4.1.19.Final.jar:/home/travis/build/icyphy/ptII/lib/netty-codec-http2-4.1.19.Final.jar:/home/travis/build/icyphy/ptII/lib/netty-common-4.1.19.Final.jar:/home/travis/build/icyphy/ptII/lib/netty-handler-4.1.19.Final.jar:/home/travis/build/icyphy/ptII/lib/netty-resolver-4.1.19.Final.jar:/home/travis/build/icyphy/ptII/lib/netty-resolver-dns-4.1.19.Final.jar:/home/travis/build/icyphy/ptII/lib/netty-transport-4.1.19.Final.jar:/home/travis/build/icyphy/ptII/lib/vertx-codegen-3.5.1.jar:/home/travis/build/icyphy/ptII/lib/vertx-core-3.5.2-SNAPSHOT.jar:/home/travis/build/icyphy/ptII/lib/vertx-hazelcast-3.5.1.jar:/home/travis/build/icyphy/ptII/lib/vertx-lang-js-3.5.1.jar:/home/travis/build/icyphy/ptII/lib/vertx-service-proxy-3.5.1.jar:/home/travis/build/icyphy/ptII/lib/vertx-web-3.5.1.jar:/home/travis/build/icyphy/ptII/lib/slf4j-api-1.7.13.jar:/home/travis/build/icyphy/ptII/lib/slf4j-simple-1.7.13.jar:/home/travis/build/icyphy/ptII/lib/webcam-capture-0.3.12.jar:/home/travis/build/icyphy/ptII/lib/bridj-0.7.0.jar:/home/travis/build/icyphy/ptII/lib/xbjlib-1.1.0.nrjavaserial.jar:/home/travis/build/icyphy/ptII/ptolemy/moml/test:/home/travis/build/icyphy/ptII/ant/lib/ant-launcher.jar:/home/travis/build/icyphy/ptII/ant/lib/ant.jar:/home/travis/build/icyphy/ptII/ant/lib/ant-junit.jar:/home/travis/build/icyphy/ptII/ant/lib/ant-junit4.jar" />
    <property name="ant.library.dir" value="/home/travis/build/icyphy/ptII/ant/lib" />
    <property name="os.arch" value="amd64" />
    <property name="env.TRAVIS_LANGUAGE" value="node_js" />
    <property name="env.CONTINUOUS_INTEGRATION" value="true" />
    <property name="env.TRAVIS_STACK_LANGUAGES" value="__garnet__ c c++ clojure cplusplus cpp default go groovy java node_js php pure_java python ruby scala" />
    <property name="test.name" value="ptolemy.actor.lib.test.junit.JUnitTclTest" />
    <property name="sun.java.launcher" value="SUN_STANDARD" />
    <property name="env.PYTHON_CONFIGURE_OPTS" value="--enable-unicode=ucs4 --with-wide-unicode --enable-shared --enable-ipv6 --enable-loadable-sqlite-extensions --with-computed-gotos" />
    <property name="ant.core.lib" value="/home/travis/build/icyphy/ptII/ant/lib/ant.jar" />
    <property name="java.vm.specification.vendor" value="Oracle Corporation" />
    <property name="env.BCVTB_HOME" value="/home/travis/build/icyphy/ptII/lbnl" />
    <property name="file.separator" value="/" />
    <property name="java.runtime.version" value="1.8.0_151-b12" />
    <property name="spotbugs.home" value="/home/travis/build/icyphy/ptII/vendors/spotbugs-3.1.1" />
    <property name="sun.boot.class.path" value="/usr/lib/jvm/java-8-oracle/jre/lib/resources.jar:/usr/lib/jvm/java-8-oracle/jre/lib/rt.jar:/usr/lib/jvm/java-8-oracle/jre/lib/sunrsasign.jar:/usr/lib/jvm/java-8-oracle/jre/lib/jsse.jar:/usr/lib/jvm/java-8-oracle/jre/lib/jce.jar:/usr/lib/jvm/java-8-oracle/jre/lib/charsets.jar:/usr/lib/jvm/java-8-oracle/jre/lib/jfr.jar:/usr/lib/jvm/java-8-oracle/jre/classes" />
    <property name="env.HAS_JOSH_K_SEAL_OF_APPROVAL" value="true" />
    <property name="env.TRAVIS_OSX_IMAGE" value="" />
    <property name="env.XDG_RUNTIME_DIR" value="/run/user/2000" />
    <property name="env.TRAVIS_JOB_ID" value="377971246" />
    <property name="env.TRAVIS_BRANCH" value="master" />
    <property name="user.country" value="US" />
    <property name="env.CERTI_HOME_TRAVIS" value="/home/travis/pthla/certi-tools" />
    <property name="env.SHELL" value="/bin/bash" />
    <property name="java.maxmemory.large" value="5000m" />
    <property name="model" value="" />
    <property name="env.CASHER_DIR" value="/home/travis/.casher" />
    <property name="env.NVM_CD_FLAGS" value="" />
    <property name="jshint.executable" value="/home/travis/node_modules/jshint/bin/jshint" />
    <property name="java.vendor" value="Oracle Corporation" />
    <property name="env.JRUBY_OPTS" value=" --client -J-XX:+TieredCompilation -J-XX:TieredStopAtLevel=1 -J-Xss2m -Xcompile.invokedynamic=false" />
    <property name="env.TRAVIS_PRE_CHEF_BOOTSTRAP_TIME" value="2017-12-05T19:32:55" />
    <property name="env.ELIXIR_VERSION" value="1.4.5" />
    <property name="env.TRAVIS_STACK_JOB_BOARD_REGISTER" value="/.job-board-register.yml" />
    <property name="java.specification.version" value="1.8" />
    <property name="env.IRBRC" value="/home/travis/.rvm/rubies/ruby-2.4.1/.irbrc" />
    <property name="env.TRAVIS" value="true" />
    <property name="sun.arch.data.model" value="64" />
  </properties>
  <testcase classname="ptolemy.vergil.basic.export.test.junit.ExportModelJUnitTestBatch3" name="[0] ptolemy/actor/lib/jjs/modules/webSocket/demo/WebSocketChat/Client.xml (RunExportModel)" time="16.043" />
  <testcase classname="ptolemy.vergil.basic.export.test.junit.ExportModelJUnitTestBatch3" name="[1] ptolemy/actor/lib/jjs/modules/webSocket/demo/WebSocketChat/SecureClient.xml (RunExportModel)" time="9.88" />
  <testcase classname="ptolemy.vergil.basic.export.test.junit.ExportModelJUnitTestBatch3" name="[2] ptolemy/actor/lib/jjs/modules/webSocket/demo/WebSocketChat/SecureServer.xml (RunExportModel)" time="40.766" />
  <testcase classname="ptolemy.vergil.basic.export.test.junit.ExportModelJUnitTestBatch3" name="[3] ptolemy/actor/lib/jjs/modules/webSocket/demo/WebSocketChat/Server.xml (RunExportModel)" time="39.9" />
  <testcase classname="ptolemy.vergil.basic.export.test.junit.ExportModelJUnitTestBatch3" name="[4] ptolemy/actor/lib/jjs/modules/webSocket/demo/WebSocketChat/WebSocketChat.xml (RunExportModel)" time="8.48" />
  <testcase classname="ptolemy.vergil.basic.export.test.junit.ExportModelJUnitTestBatch3" name="[5] ptolemy/actor/lib/jjs/modules/webSocket/demo/WebSocketClient/WebSocketClient.xml (RunExportModel)" time="9.065" />
  <testcase classname="ptolemy.vergil.basic.export.test.junit.ExportModelJUnitTestBatch3" name="[6] ptolemy/actor/lib/jjs/modules/webSocket/demo/WebSocketClient/WebSocketServer.xml (RunExportModel)" time="40.714" />
  <testcase classname="ptolemy.vergil.basic.export.test.junit.ExportModelJUnitTestBatch3" name="[7] ptolemy/actor/lib/jjs/modules/webSocket/demo/WebSocketFullDuplex/WebSocketFullDuplex.xml (RunExportModel)" time="40.66" />
  <testcase classname="ptolemy.vergil.basic.export.test.junit.ExportModelJUnitTestBatch3" name="[8] ptolemy/actor/lib/jjs/modules/webSocket/demo/WebSocketGraph/WebSocketGraph.xml (RunExportModel)" time="83.11" />
  <testcase classname="ptolemy.vergil.basic.export.test.junit.ExportModelJUnitTestBatch3" name="[9] ptolemy/actor/lib/jjs/modules/webSocket/demo/WebSocketImage/WebSocketImage.xml (RunExportModel)" time="45.874" />
  <testcase classname="ptolemy.vergil.basic.export.test.junit.ExportModelJUnitTestBatch3" name="[10] ptolemy/actor/lib/jjs/modules/webSocket/demo/WebSocketLog/WebSocketLog.xml (RunExportModel)" time="23.503" />
  <testcase classname="ptolemy.vergil.basic.export.test.junit.ExportModelJUnitTestBatch3" name="[11] ptolemy/actor/lib/jjs/modules/webSocket/demo/WebSocketsServerClient/WebSocketsServerClient.xml (RunExportModel)" time="22.206" />
  <testcase classname="ptolemy.vergil.basic.export.test.junit.ExportModelJUnitTestBatch3" name="[12] ptolemy/actor/lib/jjs/modules/xbee/demo/XBeeHelloWorld/XBeeDataTypes.xml (RunExportModel)" time="9.067" />
  <testcase classname="ptolemy.vergil.basic.export.test.junit.ExportModelJUnitTestBatch3" name="[13] ptolemy/actor/lib/jjs/modules/xbee/demo/XBeeHelloWorld/XBeeHelloWorld.xml (RunExportModel)" time="9.42" />
  <testcase classname="ptolemy.vergil.basic.export.test.junit.ExportModelJUnitTestBatch3" name="[14] ptolemy/actor/lib/jmf/demo/JMFJAI/JMFJAI.xml (RunExportModel)" time="3.286" />
  <testcase classname="ptolemy.vergil.basic.export.test.junit.ExportModelJUnitTestBatch3" name="[15] ptolemy/actor/lib/jmf/demo/VideoCapture/VideoCapture.xml (RunExportModel)" time="3.222" />
  <testcase classname="ptolemy.vergil.basic.export.test.junit.ExportModelJUnitTestBatch3" name="[16] ptolemy/actor/lib/mail/demo/ExceptionEmailer/ExceptionEmailer.xml (RunExportModel)" time="4.354" />
  <testcase classname="ptolemy.vergil.basic.export.test.junit.ExportModelJUnitTestBatch3" name="[17] ptolemy/actor/lib/mail/demo/SendMail/SendMail.xml (RunExportModel)" time="4.31" />
  <testcase classname="ptolemy.vergil.basic.export.test.junit.ExportModelJUnitTestBatch3" name="[18] ptolemy/actor/lib/python/demo/Ptolemnizer/Ptolemnizer.xml (RunExportModel)" time="6.361" />
  <testcase classname="ptolemy.vergil.basic.export.test.junit.ExportModelJUnitTestBatch3" name="[19] ptolemy/actor/lib/python/demo/PythonScale/PythonScale.xml (RunExportModel)" time="4.58" />
  <testcase classname="ptolemy.vergil.basic.export.test.junit.ExportModelJUnitTestBatch3" name="[20] ptolemy/actor/lib/python/demo/RecordManipulation/RecordManipulation.xml (RunExportModel)" time="3.387" />
  <testcase classname="ptolemy.vergil.basic.export.test.junit.ExportModelJUnitTestBatch3" name="[21] ptolemy/actor/lib/r/demo/R3DPlot/R3DPlot.xml (RunExportModel)" time="1.261">
    <failure message="Exporting HTML for ptolemy/actor/lib/r/demo/R3DPlot/R3DPlot.xml failed: &#xa;java.lang.reflect.InvocationTargetException&#xa;&#x9;at java.awt.EventQueue.invokeAndWait(EventQueue.java:1321)&#xa;&#x9;at java.awt.EventQueue.invokeAndWait(EventQueue.java:1296)&#xa;&#x9;at javax.swing.SwingUtilities.invokeAndWait(SwingUtilities.java:1348)&#xa;&#x9;at ptolemy.vergil.basic.export.ExportModel.exportModel(ExportModel.java:401)&#xa;&#x9;at ptolemy.vergil.basic.export.test.junit.ExportModelJUnitTest.RunExportModel(ExportModelJUnitTest.java:153)&#xa;&#x9;at ptolemy.vergil.basic.export.test.junit.ExportModelJUnitTestBatch.RunExportModel(ExportModelJUnitTestBatch.java:97)&#xa;&#x9;at sun.reflect.GeneratedMethodAccessor17.invoke(Unknown Source)&#xa;&#x9;at sun.reflect.DelegatingMethodAccessorImpl.invoke(DelegatingMethodAccessorImpl.java:43)&#xa;&#x9;at java.lang.reflect.Method.invoke(Method.java:498)&#xa;&#x9;at org.junit.runners.model.FrameworkMethod$1.runReflectiveCall(FrameworkMethod.java:44)&#xa;&#x9;at org.junit.internal.runners.model.ReflectiveCallable.run(ReflectiveCallable.java:15)&#xa;&#x9;at org.junit.runners.model.FrameworkMethod.invokeExplosively(FrameworkMethod.java:41)&#xa;&#x9;at junitparams.internal.InvokeParameterisedMethod.evaluate(InvokeParameterisedMethod.java:102)&#xa;&#x9;at junitparams.internal.ParameterisedTestMethodRunner.runMethodInvoker(ParameterisedTestMethodRunner.java:47)&#xa;&#x9;at junitparams.internal.ParameterisedTestMethodRunner.runTestMethod(ParameterisedTestMethodRunner.java:41)&#xa;&#x9;at junitparams.internal.ParameterisedTestClassRunner.runParameterisedTest(ParameterisedTestClassRunner.java:143)&#xa;&#x9;at junitparams.JUnitParamsRunner.runChild(JUnitParamsRunner.java:237)&#xa;&#x9;at junitparams.JUnitParamsRunner.runChild(JUnitParamsRunner.java:215)&#xa;&#x9;at org.junit.runners.ParentRunner$3.run(ParentRunner.java:193)&#xa;&#x9;at org.junit.runners.ParentRunner$1.schedule(ParentRunner.java:52)&#xa;&#x9;at org.junit.runners.ParentRunner.runChildren(ParentRunner.java:191)&#xa;&#x9;at org.junit.runners.ParentRunner.access$000(ParentRunner.java:42)&#xa;&#x9;at org.junit.runners.ParentRunner$2.evaluate(ParentRunner.java:184)&#xa;&#x9;at org.junit.runners.ParentRunner.run(ParentRunner.java:236)&#xa;&#x9;at junit.framework.JUnit4TestAdapter.run(JUnit4TestAdapter.java:39)&#xa;&#x9;at org.apache.tools.ant.taskdefs.optional.junit.JUnitTestRunner.run(JUnitTestRunner.java:535)&#xa;&#x9;at org.apache.tools.ant.taskdefs.optional.junit.JUnitTestRunner.launch(JUnitTestRunner.java:1182)&#xa;&#x9;at org.apache.tools.ant.taskdefs.optional.junit.JUnitTestRunner.main(JUnitTestRunner.java:1033)&#xa;Caused by: java.lang.RuntimeException: ptolemy.kernel.util.IllegalActionException: There has been a problem running the R script!&#xa;It may be due to an error in your script, it may be that R is not&#xa;installed on your system, or it may not be on your path and cannot&#xa;be located by Kepler.  Please make sure R is installed and the&#xa;R command line executable is in the path.For more information, see &#xa; section 8.2.2 of the Kepler User Manual.&#xa;  in .R3RPlot.RExpression&#xa;Because:&#xa;java.lang.NullPointerException&#xa;&#x9;at ptolemy.vergil.basic.export.ExportModel$2.run(ExportModel.java:397)&#xa;&#x9;at java.awt.event.InvocationEvent.dispatch(InvocationEvent.java:301)&#xa;&#x9;at java.awt.EventQueue.dispatchEventImpl(EventQueue.java:756)&#xa;&#x9;at java.awt.EventQueue.access$500(EventQueue.java:97)&#xa;&#x9;at java.awt.EventQueue$3.run(EventQueue.java:709)&#xa;&#x9;at java.awt.EventQueue$3.run(EventQueue.java:703)&#xa;&#x9;at java.security.AccessController.doPrivileged(Native Method)&#xa;&#x9;at java.security.ProtectionDomain$JavaSecurityAccessImpl.doIntersectionPrivilege(ProtectionDomain.java:80)&#xa;&#x9;at java.awt.EventQueue.dispatchEvent(EventQueue.java:726)&#xa;&#x9;at java.awt.EventDispatchThread.pumpOneEventForFilters(EventDispatchThread.java:201)&#xa;&#x9;at java.awt.EventDispatchThread.pumpEventsForFilter(EventDispatchThread.java:116)&#xa;&#x9;at java.awt.EventDispatchThread.pumpEventsForHierarchy(EventDispatchThread.java:105)&#xa;&#x9;at java.awt.EventDispatchThread.pumpEvents(EventDispatchThread.java:101)&#xa;&#x9;at java.awt.EventDispatchThread.pumpEvents(EventDispatchThread.java:93)&#xa;&#x9;at java.awt.EventDispatchThread.run(EventDispatchThread.java:82)&#xa;Caused by: ptolemy.kernel.util.IllegalActionException: There has been a problem running the R script!&#xa;It may be due to an error in your script, it may be that R is not&#xa;installed on your system, or it may not be on your path and cannot&#xa;be located by Kepler.  Please make sure R is installed and the&#xa;R command line executable is in the path.For more information, see &#xa; section 8.2.2 of the Kepler User Manual.&#xa;  in .R3RPlot.RExpression&#xa;Because:&#xa;java.lang.NullPointerException&#xa;&#x9;at ptolemy.actor.lib.r.RExpression.fire(RExpression.java:860)&#xa;&#x9;at ptolemy.actor.AtomicActor.iterate(AtomicActor.java:512)&#xa;&#x9;at ptolemy.actor.sched.StaticSchedulingDirector.fire(StaticSchedulingDirector.java:216)&#xa;&#x9;at ptolemy.domains.sdf.kernel.SDFDirector.fire(SDFDirector.java:500)&#xa;&#x9;at ptolemy.actor.CompositeActor.fire(CompositeActor.java:455)&#xa;&#x9;at ptolemy.actor.Manager.iterate(Manager.java:851)&#xa;&#x9;at ptolemy.actor.Manager.execute(Manager.java:369)&#xa;&#x9;at ptolemy.vergil.basic.export.ExportModel$2.run(ExportModel.java:390)&#xa;&#x9;... 14 more&#xa;Caused by: java.lang.NullPointerException&#xa;&#x9;at ptolemy.actor.lib.r.RExpression.fire(RExpression.java:843)&#xa;&#x9;... 21 more&#xa;" type="junit.framework.AssertionFailedError">junit.framework.AssertionFailedError: Exporting HTML for ptolemy/actor/lib/r/demo/R3DPlot/R3DPlot.xml failed: 
java.lang.reflect.InvocationTargetException
	at java.awt.EventQueue.invokeAndWait(EventQueue.java:1321)
	at java.awt.EventQueue.invokeAndWait(EventQueue.java:1296)
	at javax.swing.SwingUtilities.invokeAndWait(SwingUtilities.java:1348)
	at ptolemy.vergil.basic.export.ExportModel.exportModel(ExportModel.java:401)
	at ptolemy.vergil.basic.export.test.junit.ExportModelJUnitTest.RunExportModel(ExportModelJUnitTest.java:153)
	at ptolemy.vergil.basic.export.test.junit.ExportModelJUnitTestBatch.RunExportModel(ExportModelJUnitTestBatch.java:97)
	at junitparams.internal.InvokeParameterisedMethod.evaluate(InvokeParameterisedMethod.java:102)
	at junitparams.internal.ParameterisedTestMethodRunner.runMethodInvoker(ParameterisedTestMethodRunner.java:47)
	at junitparams.internal.ParameterisedTestMethodRunner.runTestMethod(ParameterisedTestMethodRunner.java:41)
	at junitparams.internal.ParameterisedTestClassRunner.runParameterisedTest(ParameterisedTestClassRunner.java:143)
	at junitparams.JUnitParamsRunner.runChild(JUnitParamsRunner.java:237)
	at junitparams.JUnitParamsRunner.runChild(JUnitParamsRunner.java:215)
Caused by: java.lang.RuntimeException: ptolemy.kernel.util.IllegalActionException: There has been a problem running the R script!
It may be due to an error in your script, it may be that R is not
installed on your system, or it may not be on your path and cannot
be located by Kepler.  Please make sure R is installed and the
 section 8.2.2 of the Kepler User Manual.
  in .R3RPlot.RExpression
Because:
java.lang.NullPointerException
	at ptolemy.vergil.basic.export.ExportModel$2.run(ExportModel.java:397)
	at java.awt.event.InvocationEvent.dispatch(InvocationEvent.java:301)
	at java.awt.EventQueue.dispatchEventImpl(EventQueue.java:756)
	at java.awt.EventQueue.access$500(EventQueue.java:97)
	at java.awt.EventQueue$3.run(EventQueue.java:709)
	at java.awt.EventQueue$3.run(EventQueue.java:703)
	at java.security.AccessController.doPrivileged(Native Method)
	at java.security.ProtectionDomain$JavaSecurityAccessImpl.doIntersectionPrivilege(ProtectionDomain.java:80)
	at java.awt.EventQueue.dispatchEvent(EventQueue.java:726)
	at java.awt.EventDispatchThread.pumpOneEventForFilters(EventDispatchThread.java:201)
	at java.awt.EventDispatchThread.pumpEventsForFilter(EventDispatchThread.java:116)
	at java.awt.EventDispatchThread.pumpEventsForHierarchy(EventDispatchThread.java:105)
	at java.awt.EventDispatchThread.pumpEvents(EventDispatchThread.java:101)
	at java.awt.EventDispatchThread.pumpEvents(EventDispatchThread.java:93)
	at java.awt.EventDispatchThread.run(EventDispatchThread.java:82)
Caused by: ptolemy.kernel.util.IllegalActionException: There has been a problem running the R script!
It may be due to an error in your script, it may be that R is not
installed on your system, or it may not be on your path and cannot
be located by Kepler.  Please make sure R is installed and the
 section 8.2.2 of the Kepler User Manual.
  in .R3RPlot.RExpression
Because:
java.lang.NullPointerException
	at ptolemy.actor.lib.r.RExpression.fire(RExpression.java:860)
	at ptolemy.actor.AtomicActor.iterate(AtomicActor.java:512)
	at ptolemy.actor.sched.StaticSchedulingDirector.fire(StaticSchedulingDirector.java:216)
	at ptolemy.domains.sdf.kernel.SDFDirector.fire(SDFDirector.java:500)
	at ptolemy.actor.CompositeActor.fire(CompositeActor.java:455)
	at ptolemy.actor.Manager.iterate(Manager.java:851)
	at ptolemy.actor.Manager.execute(Manager.java:369)
	at ptolemy.vergil.basic.export.ExportModel$2.run(ExportModel.java:390)
Caused by: java.lang.NullPointerException
	at ptolemy.actor.lib.r.RExpression.fire(RExpression.java:843)

	at ptolemy.vergil.basic.export.test.junit.ExportModelJUnitTest.RunExportModel(ExportModelJUnitTest.java:162)
	at ptolemy.vergil.basic.export.test.junit.ExportModelJUnitTestBatch.RunExportModel(ExportModelJUnitTestBatch.java:97)
	at junitparams.internal.InvokeParameterisedMethod.evaluate(InvokeParameterisedMethod.java:102)
	at junitparams.internal.ParameterisedTestMethodRunner.runMethodInvoker(ParameterisedTestMethodRunner.java:47)
	at junitparams.internal.ParameterisedTestMethodRunner.runTestMethod(ParameterisedTestMethodRunner.java:41)
	at junitparams.internal.ParameterisedTestClassRunner.runParameterisedTest(ParameterisedTestClassRunner.java:143)
	at junitparams.JUnitParamsRunner.runChild(JUnitParamsRunner.java:237)
	at junitparams.JUnitParamsRunner.runChild(JUnitParamsRunner.java:215)
</failure>
  </testcase>
  <testcase classname="ptolemy.vergil.basic.export.test.junit.ExportModelJUnitTestBatch3" name="[22] ptolemy/actor/lib/r/demo/RRecordToDataframe/RRecordToDataframe.xml (RunExportModel)" time="1.096">
    <failure message="Exporting HTML for ptolemy/actor/lib/r/demo/RRecordToDataframe/RRecordToDataframe.xml failed: &#xa;java.lang.reflect.InvocationTargetException&#xa;&#x9;at java.awt.EventQueue.invokeAndWait(EventQueue.java:1321)&#xa;&#x9;at java.awt.EventQueue.invokeAndWait(EventQueue.java:1296)&#xa;&#x9;at javax.swing.SwingUtilities.invokeAndWait(SwingUtilities.java:1348)&#xa;&#x9;at ptolemy.vergil.basic.export.ExportModel.exportModel(ExportModel.java:401)&#xa;&#x9;at ptolemy.vergil.basic.export.test.junit.ExportModelJUnitTest.RunExportModel(ExportModelJUnitTest.java:153)&#xa;&#x9;at ptolemy.vergil.basic.export.test.junit.ExportModelJUnitTestBatch.RunExportModel(ExportModelJUnitTestBatch.java:97)&#xa;&#x9;at sun.reflect.GeneratedMethodAccessor17.invoke(Unknown Source)&#xa;&#x9;at sun.reflect.DelegatingMethodAccessorImpl.invoke(DelegatingMethodAccessorImpl.java:43)&#xa;&#x9;at java.lang.reflect.Method.invoke(Method.java:498)&#xa;&#x9;at org.junit.runners.model.FrameworkMethod$1.runReflectiveCall(FrameworkMethod.java:44)&#xa;&#x9;at org.junit.internal.runners.model.ReflectiveCallable.run(ReflectiveCallable.java:15)&#xa;&#x9;at org.junit.runners.model.FrameworkMethod.invokeExplosively(FrameworkMethod.java:41)&#xa;&#x9;at junitparams.internal.InvokeParameterisedMethod.evaluate(InvokeParameterisedMethod.java:102)&#xa;&#x9;at junitparams.internal.ParameterisedTestMethodRunner.runMethodInvoker(ParameterisedTestMethodRunner.java:47)&#xa;&#x9;at junitparams.internal.ParameterisedTestMethodRunner.runTestMethod(ParameterisedTestMethodRunner.java:41)&#xa;&#x9;at junitparams.internal.ParameterisedTestClassRunner.runParameterisedTest(ParameterisedTestClassRunner.java:143)&#xa;&#x9;at junitparams.JUnitParamsRunner.runChild(JUnitParamsRunner.java:237)&#xa;&#x9;at junitparams.JUnitParamsRunner.runChild(JUnitParamsRunner.java:215)&#xa;&#x9;at org.junit.runners.ParentRunner$3.run(ParentRunner.java:193)&#xa;&#x9;at org.junit.runners.ParentRunner$1.schedule(ParentRunner.java:52)&#xa;&#x9;at org.junit.runners.ParentRunner.runChildren(ParentRunner.java:191)&#xa;&#x9;at org.junit.runners.ParentRunner.access$000(ParentRunner.java:42)&#xa;&#x9;at org.junit.runners.ParentRunner$2.evaluate(ParentRunner.java:184)&#xa;&#x9;at org.junit.runners.ParentRunner.run(ParentRunner.java:236)&#xa;&#x9;at junit.framework.JUnit4TestAdapter.run(JUnit4TestAdapter.java:39)&#xa;&#x9;at org.apache.tools.ant.taskdefs.optional.junit.JUnitTestRunner.run(JUnitTestRunner.java:535)&#xa;&#x9;at org.apache.tools.ant.taskdefs.optional.junit.JUnitTestRunner.launch(JUnitTestRunner.java:1182)&#xa;&#x9;at org.apache.tools.ant.taskdefs.optional.junit.JUnitTestRunner.main(JUnitTestRunner.java:1033)&#xa;Caused by: java.lang.RuntimeException: ptolemy.kernel.util.IllegalActionException: There has been a problem running the R script!&#xa;It may be due to an error in your script, it may be that R is not&#xa;installed on your system, or it may not be on your path and cannot&#xa;be located by Kepler.  Please make sure R is installed and the&#xa;R command line executable is in the path.For more information, see &#xa; section 8.2.2 of the Kepler User Manual.&#xa;  in .RRecordToDataframe.RExpression&#xa;Because:&#xa;java.lang.NullPointerException&#xa;&#x9;at ptolemy.vergil.basic.export.ExportModel$2.run(ExportModel.java:397)&#xa;&#x9;at java.awt.event.InvocationEvent.dispatch(InvocationEvent.java:301)&#xa;&#x9;at java.awt.EventQueue.dispatchEventImpl(EventQueue.java:756)&#xa;&#x9;at java.awt.EventQueue.access$500(EventQueue.java:97)&#xa;&#x9;at java.awt.EventQueue$3.run(EventQueue.java:709)&#xa;&#x9;at java.awt.EventQueue$3.run(EventQueue.java:703)&#xa;&#x9;at java.security.AccessController.doPrivileged(Native Method)&#xa;&#x9;at java.security.ProtectionDomain$JavaSecurityAccessImpl.doIntersectionPrivilege(ProtectionDomain.java:80)&#xa;&#x9;at java.awt.EventQueue.dispatchEvent(EventQueue.java:726)&#xa;&#x9;at java.awt.EventDispatchThread.pumpOneEventForFilters(EventDispatchThread.java:201)&#xa;&#x9;at java.awt.EventDispatchThread.pumpEventsForFilter(EventDispatchThread.java:116)&#xa;&#x9;at java.awt.EventDispatchThread.pumpEventsForHierarchy(EventDispatchThread.java:105)&#xa;&#x9;at java.awt.EventDispatchThread.pumpEvents(EventDispatchThread.java:101)&#xa;&#x9;at java.awt.EventDispatchThread.pumpEvents(EventDispatchThread.java:93)&#xa;&#x9;at java.awt.EventDispatchThread.run(EventDispatchThread.java:82)&#xa;Caused by: ptolemy.kernel.util.IllegalActionException: There has been a problem running the R script!&#xa;It may be due to an error in your script, it may be that R is not&#xa;installed on your system, or it may not be on your path and cannot&#xa;be located by Kepler.  Please make sure R is installed and the&#xa;R command line executable is in the path.For more information, see &#xa; section 8.2.2 of the Kepler User Manual.&#xa;  in .RRecordToDataframe.RExpression&#xa;Because:&#xa;java.lang.NullPointerException&#xa;&#x9;at ptolemy.actor.lib.r.RExpression.fire(RExpression.java:860)&#xa;&#x9;at ptolemy.actor.AtomicActor.iterate(AtomicActor.java:512)&#xa;&#x9;at ptolemy.actor.sched.StaticSchedulingDirector.fire(StaticSchedulingDirector.java:216)&#xa;&#x9;at ptolemy.domains.sdf.kernel.SDFDirector.fire(SDFDirector.java:500)&#xa;&#x9;at ptolemy.actor.CompositeActor.fire(CompositeActor.java:455)&#xa;&#x9;at ptolemy.actor.Manager.iterate(Manager.java:851)&#xa;&#x9;at ptolemy.actor.Manager.execute(Manager.java:369)&#xa;&#x9;at ptolemy.vergil.basic.export.ExportModel$2.run(ExportModel.java:390)&#xa;&#x9;... 14 more&#xa;Caused by: java.lang.NullPointerException&#xa;&#x9;at ptolemy.actor.lib.r.RExpression.fire(RExpression.java:843)&#xa;&#x9;... 21 more&#xa;" type="junit.framework.AssertionFailedError">junit.framework.AssertionFailedError: Exporting HTML for ptolemy/actor/lib/r/demo/RRecordToDataframe/RRecordToDataframe.xml failed: 
java.lang.reflect.InvocationTargetException
	at java.awt.EventQueue.invokeAndWait(EventQueue.java:1321)
	at java.awt.EventQueue.invokeAndWait(EventQueue.java:1296)
	at javax.swing.SwingUtilities.invokeAndWait(SwingUtilities.java:1348)
	at ptolemy.vergil.basic.export.ExportModel.exportModel(ExportModel.java:401)
	at ptolemy.vergil.basic.export.test.junit.ExportModelJUnitTest.RunExportModel(ExportModelJUnitTest.java:153)
	at ptolemy.vergil.basic.export.test.junit.ExportModelJUnitTestBatch.RunExportModel(ExportModelJUnitTestBatch.java:97)
	at junitparams.internal.InvokeParameterisedMethod.evaluate(InvokeParameterisedMethod.java:102)
	at junitparams.internal.ParameterisedTestMethodRunner.runMethodInvoker(ParameterisedTestMethodRunner.java:47)
	at junitparams.internal.ParameterisedTestMethodRunner.runTestMethod(ParameterisedTestMethodRunner.java:41)
	at junitparams.internal.ParameterisedTestClassRunner.runParameterisedTest(ParameterisedTestClassRunner.java:143)
	at junitparams.JUnitParamsRunner.runChild(JUnitParamsRunner.java:237)
	at junitparams.JUnitParamsRunner.runChild(JUnitParamsRunner.java:215)
Caused by: java.lang.RuntimeException: ptolemy.kernel.util.IllegalActionException: There has been a problem running the R script!
It may be due to an error in your script, it may be that R is not
installed on your system, or it may not be on your path and cannot
be located by Kepler.  Please make sure R is installed and the
 section 8.2.2 of the Kepler User Manual.
  in .RRecordToDataframe.RExpression
Because:
java.lang.NullPointerException
	at ptolemy.vergil.basic.export.ExportModel$2.run(ExportModel.java:397)
	at java.awt.event.InvocationEvent.dispatch(InvocationEvent.java:301)
	at java.awt.EventQueue.dispatchEventImpl(EventQueue.java:756)
	at java.awt.EventQueue.access$500(EventQueue.java:97)
	at java.awt.EventQueue$3.run(EventQueue.java:709)
	at java.awt.EventQueue$3.run(EventQueue.java:703)
	at java.security.AccessController.doPrivileged(Native Method)
	at java.security.ProtectionDomain$JavaSecurityAccessImpl.doIntersectionPrivilege(ProtectionDomain.java:80)
	at java.awt.EventQueue.dispatchEvent(EventQueue.java:726)
	at java.awt.EventDispatchThread.pumpOneEventForFilters(EventDispatchThread.java:201)
	at java.awt.EventDispatchThread.pumpEventsForFilter(EventDispatchThread.java:116)
	at java.awt.EventDispatchThread.pumpEventsForHierarchy(EventDispatchThread.java:105)
	at java.awt.EventDispatchThread.pumpEvents(EventDispatchThread.java:101)
	at java.awt.EventDispatchThread.pumpEvents(EventDispatchThread.java:93)
	at java.awt.EventDispatchThread.run(EventDispatchThread.java:82)
Caused by: ptolemy.kernel.util.IllegalActionException: There has been a problem running the R script!
It may be due to an error in your script, it may be that R is not
installed on your system, or it may not be on your path and cannot
be located by Kepler.  Please make sure R is installed and the
 section 8.2.2 of the Kepler User Manual.
  in .RRecordToDataframe.RExpression
Because:
java.lang.NullPointerException
	at ptolemy.actor.lib.r.RExpression.fire(RExpression.java:860)
	at ptolemy.actor.AtomicActor.iterate(AtomicActor.java:512)
	at ptolemy.actor.sched.StaticSchedulingDirector.fire(StaticSchedulingDirector.java:216)
	at ptolemy.domains.sdf.kernel.SDFDirector.fire(SDFDirector.java:500)
	at ptolemy.actor.CompositeActor.fire(CompositeActor.java:455)
	at ptolemy.actor.Manager.iterate(Manager.java:851)
	at ptolemy.actor.Manager.execute(Manager.java:369)
	at ptolemy.vergil.basic.export.ExportModel$2.run(ExportModel.java:390)
Caused by: java.lang.NullPointerException
	at ptolemy.actor.lib.r.RExpression.fire(RExpression.java:843)

	at ptolemy.vergil.basic.export.test.junit.ExportModelJUnitTest.RunExportModel(ExportModelJUnitTest.java:162)
	at ptolemy.vergil.basic.export.test.junit.ExportModelJUnitTestBatch.RunExportModel(ExportModelJUnitTestBatch.java:97)
	at junitparams.internal.InvokeParameterisedMethod.evaluate(InvokeParameterisedMethod.java:102)
	at junitparams.internal.ParameterisedTestMethodRunner.runMethodInvoker(ParameterisedTestMethodRunner.java:47)
	at junitparams.internal.ParameterisedTestMethodRunner.runTestMethod(ParameterisedTestMethodRunner.java:41)
	at junitparams.internal.ParameterisedTestClassRunner.runParameterisedTest(ParameterisedTestClassRunner.java:143)
	at junitparams.JUnitParamsRunner.runChild(JUnitParamsRunner.java:237)
	at junitparams.JUnitParamsRunner.runChild(JUnitParamsRunner.java:215)
</failure>
  </testcase>
  <testcase classname="ptolemy.vergil.basic.export.test.junit.ExportModelJUnitTestBatch3" name="[23] ptolemy/actor/lib/security/demo/Signature/Signature.xml (RunExportModel)" time="3.201" />
  <testcase classname="ptolemy.vergil.basic.export.test.junit.ExportModelJUnitTestBatch3" name="[24] ptolemy/actor/lib/video/demo/DCT2x2dc/DCT2x2dc.xml (RunExportModel)" time="4.221" />
  <testcase classname="ptolemy.vergil.basic.export.test.junit.ExportModelJUnitTestBatch3" name="[25] ptolemy/actor/lib/video/demo/DCT4x4dc/DCT4x4dc.xml (RunExportModel)" time="4.214" />
  <testcase classname="ptolemy.vergil.basic.export.test.junit.ExportModelJUnitTestBatch3" name="[26] ptolemy/actor/lib/video/demo/DCT8x8/DCT8x8.xml (RunExportModel)" time="4.23" />
  <testcase classname="ptolemy.vergil.basic.export.test.junit.ExportModelJUnitTestBatch3" name="[27] ptolemy/actor/lib/xslt/demo/MoMLFileTransformation/MoMLFileTransformation.xml (RunExportModel)" time="5.152" />
  <testcase classname="ptolemy.vergil.basic.export.test.junit.ExportModelJUnitTestBatch3" name="[28] ptolemy/actor/lib/xslt/demo/XMLInclusion/XMLInclusion.xml (RunExportModel)" time="4.366" />
  <testcase classname="ptolemy.vergil.basic.export.test.junit.ExportModelJUnitTestBatch3" name="[29] ptolemy/actor/parameters/demo/Bouncer/Bouncer.xml (RunExportModel)" time="14.567" />
  <testcase classname="ptolemy.vergil.basic.export.test.junit.ExportModelJUnitTestBatch3" name="[30] ptolemy/actor/parameters/demo/SliderParameter/SliderParameter.xml (RunExportModel)" time="34.244" />
  <testcase classname="ptolemy.vergil.basic.export.test.junit.ExportModelJUnitTestBatch3" name="[31] ptolemy/actor/ptalon/demo/CruiseControl/CruiseControl.xml (RunExportModel)" time="4.547" />
  <testcase classname="ptolemy.vergil.basic.export.test.junit.ExportModelJUnitTestBatch3" name="[32] ptolemy/actor/ptalon/demo/EightChannelFFT/EightChannelFFT.xml (RunExportModel)" time="5.496" />
  <testcase classname="ptolemy.vergil.basic.export.test.junit.ExportModelJUnitTestBatch3" name="[33] ptolemy/actor/ptalon/demo/GameOfLife/GameOfLife.xml (RunExportModel)" time="34.885" />
  <testcase classname="ptolemy.vergil.basic.export.test.junit.ExportModelJUnitTestBatch3" name="[34] ptolemy/actor/ptalon/demo/MapReduce/MapReduce.xml (RunExportModel)" time="4.927" />
  <testcase classname="ptolemy.vergil.basic.export.test.junit.ExportModelJUnitTestBatch3" name="[35] ptolemy/actor/ptalon/demo/ModelChange/ModelChange.xml (RunExportModel)" time="4.342" />
  <testcase classname="ptolemy.vergil.basic.export.test.junit.ExportModelJUnitTestBatch3" name="[36] ptolemy/actor/ptalon/demo/ptinyos/SendAndReceiveCnt/SendAndReceiveCnt.xml (RunExportModel)" time="1.385">
    <failure message="Exporting HTML for ptolemy/actor/ptalon/demo/ptinyos/SendAndReceiveCnt/SendAndReceiveCnt.xml failed: &#xa;java.lang.reflect.InvocationTargetException&#xa;&#x9;at java.awt.EventQueue.invokeAndWait(EventQueue.java:1321)&#xa;&#x9;at java.awt.EventQueue.invokeAndWait(EventQueue.java:1296)&#xa;&#x9;at javax.swing.SwingUtilities.invokeAndWait(SwingUtilities.java:1348)&#xa;&#x9;at ptolemy.vergil.basic.export.ExportModel.exportModel(ExportModel.java:227)&#xa;&#x9;at ptolemy.vergil.basic.export.test.junit.ExportModelJUnitTest.RunExportModel(ExportModelJUnitTest.java:153)&#xa;&#x9;at ptolemy.vergil.basic.export.test.junit.ExportModelJUnitTestBatch.RunExportModel(ExportModelJUnitTestBatch.java:97)&#xa;&#x9;at sun.reflect.GeneratedMethodAccessor17.invoke(Unknown Source)&#xa;&#x9;at sun.reflect.DelegatingMethodAccessorImpl.invoke(DelegatingMethodAccessorImpl.java:43)&#xa;&#x9;at java.lang.reflect.Method.invoke(Method.java:498)&#xa;&#x9;at org.junit.runners.model.FrameworkMethod$1.runReflectiveCall(FrameworkMethod.java:44)&#xa;&#x9;at org.junit.internal.runners.model.ReflectiveCallable.run(ReflectiveCallable.java:15)&#xa;&#x9;at org.junit.runners.model.FrameworkMethod.invokeExplosively(FrameworkMethod.java:41)&#xa;&#x9;at junitparams.internal.InvokeParameterisedMethod.evaluate(InvokeParameterisedMethod.java:102)&#xa;&#x9;at junitparams.internal.ParameterisedTestMethodRunner.runMethodInvoker(ParameterisedTestMethodRunner.java:47)&#xa;&#x9;at junitparams.internal.ParameterisedTestMethodRunner.runTestMethod(ParameterisedTestMethodRunner.java:41)&#xa;&#x9;at junitparams.internal.ParameterisedTestClassRunner.runParameterisedTest(ParameterisedTestClassRunner.java:143)&#xa;&#x9;at junitparams.JUnitParamsRunner.runChild(JUnitParamsRunner.java:237)&#xa;&#x9;at junitparams.JUnitParamsRunner.runChild(JUnitParamsRunner.java:215)&#xa;&#x9;at org.junit.runners.ParentRunner$3.run(ParentRunner.java:193)&#xa;&#x9;at org.junit.runners.ParentRunner$1.schedule(ParentRunner.java:52)&#xa;&#x9;at org.junit.runners.ParentRunner.runChildren(ParentRunner.java:191)&#xa;&#x9;at org.junit.runners.ParentRunner.access$000(ParentRunner.java:42)&#xa;&#x9;at org.junit.runners.ParentRunner$2.evaluate(ParentRunner.java:184)&#xa;&#x9;at org.junit.runners.ParentRunner.run(ParentRunner.java:236)&#xa;&#x9;at junit.framework.JUnit4TestAdapter.run(JUnit4TestAdapter.java:39)&#xa;&#x9;at org.apache.tools.ant.taskdefs.optional.junit.JUnitTestRunner.run(JUnitTestRunner.java:535)&#xa;&#x9;at org.apache.tools.ant.taskdefs.optional.junit.JUnitTestRunner.launch(JUnitTestRunner.java:1182)&#xa;&#x9;at org.apache.tools.ant.taskdefs.optional.junit.JUnitTestRunner.main(JUnitTestRunner.java:1033)&#xa;Caused by: java.lang.RuntimeException: ptolemy.kernel.util.InternalErrorException: Failed to get the model directory? This can happen in a headless environment when the model attempts to interact with the graphical display.  It can also happen when the model fails to parse because of a missing class.&#xa;&#x9;at ptolemy.vergil.basic.export.ExportModel$1.run(ExportModel.java:223)&#xa;&#x9;at java.awt.event.InvocationEvent.dispatch(InvocationEvent.java:301)&#xa;&#x9;at java.awt.EventQueue.dispatchEventImpl(EventQueue.java:756)&#xa;&#x9;at java.awt.EventQueue.access$500(EventQueue.java:97)&#xa;&#x9;at java.awt.EventQueue$3.run(EventQueue.java:709)&#xa;&#x9;at java.awt.EventQueue$3.run(EventQueue.java:703)&#xa;&#x9;at java.security.AccessController.doPrivileged(Native Method)&#xa;&#x9;at java.security.ProtectionDomain$JavaSecurityAccessImpl.doIntersectionPrivilege(ProtectionDomain.java:80)&#xa;&#x9;at java.awt.EventQueue.dispatchEvent(EventQueue.java:726)&#xa;&#x9;at java.awt.EventDispatchThread.pumpOneEventForFilters(EventDispatchThread.java:201)&#xa;&#x9;at java.awt.EventDispatchThread.pumpEventsForFilter(EventDispatchThread.java:116)&#xa;&#x9;at java.awt.EventDispatchThread.pumpEventsForHierarchy(EventDispatchThread.java:105)&#xa;&#x9;at java.awt.EventDispatchThread.pumpEvents(EventDispatchThread.java:101)&#xa;&#x9;at java.awt.EventDispatchThread.pumpEvents(EventDispatchThread.java:93)&#xa;&#x9;at java.awt.EventDispatchThread.run(EventDispatchThread.java:82)&#xa;Caused by: ptolemy.kernel.util.InternalErrorException: Failed to get the model directory? This can happen in a headless environment when the model attempts to interact with the graphical display.  It can also happen when the model fails to parse because of a missing class.&#xa;&#x9;at ptolemy.actor.gui.ConfigurationApplication.models(ConfigurationApplication.java:548)&#xa;&#x9;at ptolemy.actor.gui.ConfigurationApplication.openModelOrEntity(ConfigurationApplication.java:698)&#xa;&#x9;at ptolemy.vergil.basic.export.ExportModel$1.run(ExportModel.java:220)&#xa;&#x9;... 14 more&#xa;" type="junit.framework.AssertionFailedError">junit.framework.AssertionFailedError: Exporting HTML for ptolemy/actor/ptalon/demo/ptinyos/SendAndReceiveCnt/SendAndReceiveCnt.xml failed: 
java.lang.reflect.InvocationTargetException
	at java.awt.EventQueue.invokeAndWait(EventQueue.java:1321)
	at java.awt.EventQueue.invokeAndWait(EventQueue.java:1296)
	at javax.swing.SwingUtilities.invokeAndWait(SwingUtilities.java:1348)
	at ptolemy.vergil.basic.export.ExportModel.exportModel(ExportModel.java:227)
	at ptolemy.vergil.basic.export.test.junit.ExportModelJUnitTest.RunExportModel(ExportModelJUnitTest.java:153)
	at ptolemy.vergil.basic.export.test.junit.ExportModelJUnitTestBatch.RunExportModel(ExportModelJUnitTestBatch.java:97)
	at junitparams.internal.InvokeParameterisedMethod.evaluate(InvokeParameterisedMethod.java:102)
	at junitparams.internal.ParameterisedTestMethodRunner.runMethodInvoker(ParameterisedTestMethodRunner.java:47)
	at junitparams.internal.ParameterisedTestMethodRunner.runTestMethod(ParameterisedTestMethodRunner.java:41)
	at junitparams.internal.ParameterisedTestClassRunner.runParameterisedTest(ParameterisedTestClassRunner.java:143)
	at junitparams.JUnitParamsRunner.runChild(JUnitParamsRunner.java:237)
	at junitparams.JUnitParamsRunner.runChild(JUnitParamsRunner.java:215)
Caused by: java.lang.RuntimeException: ptolemy.kernel.util.InternalErrorException: Failed to get the model directory? This can happen in a headless environment when the model attempts to interact with the graphical display.  It can also happen when the model fails to parse because of a missing class.
	at ptolemy.vergil.basic.export.ExportModel$1.run(ExportModel.java:223)
	at java.awt.event.InvocationEvent.dispatch(InvocationEvent.java:301)
	at java.awt.EventQueue.dispatchEventImpl(EventQueue.java:756)
	at java.awt.EventQueue.access$500(EventQueue.java:97)
	at java.awt.EventQueue$3.run(EventQueue.java:709)
	at java.awt.EventQueue$3.run(EventQueue.java:703)
	at java.security.AccessController.doPrivileged(Native Method)
	at java.security.ProtectionDomain$JavaSecurityAccessImpl.doIntersectionPrivilege(ProtectionDomain.java:80)
	at java.awt.EventQueue.dispatchEvent(EventQueue.java:726)
	at java.awt.EventDispatchThread.pumpOneEventForFilters(EventDispatchThread.java:201)
	at java.awt.EventDispatchThread.pumpEventsForFilter(EventDispatchThread.java:116)
	at java.awt.EventDispatchThread.pumpEventsForHierarchy(EventDispatchThread.java:105)
	at java.awt.EventDispatchThread.pumpEvents(EventDispatchThread.java:101)
	at java.awt.EventDispatchThread.pumpEvents(EventDispatchThread.java:93)
	at java.awt.EventDispatchThread.run(EventDispatchThread.java:82)
Caused by: ptolemy.kernel.util.InternalErrorException: Failed to get the model directory? This can happen in a headless environment when the model attempts to interact with the graphical display.  It can also happen when the model fails to parse because of a missing class.
	at ptolemy.actor.gui.ConfigurationApplication.models(ConfigurationApplication.java:548)
	at ptolemy.actor.gui.ConfigurationApplication.openModelOrEntity(ConfigurationApplication.java:698)
	at ptolemy.vergil.basic.export.ExportModel$1.run(ExportModel.java:220)

	at ptolemy.vergil.basic.export.test.junit.ExportModelJUnitTest.RunExportModel(ExportModelJUnitTest.java:162)
	at ptolemy.vergil.basic.export.test.junit.ExportModelJUnitTestBatch.RunExportModel(ExportModelJUnitTestBatch.java:97)
	at junitparams.internal.InvokeParameterisedMethod.evaluate(InvokeParameterisedMethod.java:102)
	at junitparams.internal.ParameterisedTestMethodRunner.runMethodInvoker(ParameterisedTestMethodRunner.java:47)
	at junitparams.internal.ParameterisedTestMethodRunner.runTestMethod(ParameterisedTestMethodRunner.java:41)
	at junitparams.internal.ParameterisedTestClassRunner.runParameterisedTest(ParameterisedTestClassRunner.java:143)
	at junitparams.JUnitParamsRunner.runChild(JUnitParamsRunner.java:237)
	at junitparams.JUnitParamsRunner.runChild(JUnitParamsRunner.java:215)
</failure>
  </testcase>
  <testcase classname="ptolemy.vergil.basic.export.test.junit.ExportModelJUnitTestBatch3" name="[37] ptolemy/actor/ptalon/demo/ptinyos/SenseToLeds/SenseToLeds.xml (RunExportModel)" time="1.239">
    <failure message="Exporting HTML for ptolemy/actor/ptalon/demo/ptinyos/SenseToLeds/SenseToLeds.xml failed: &#xa;java.lang.reflect.InvocationTargetException&#xa;&#x9;at java.awt.EventQueue.invokeAndWait(EventQueue.java:1321)&#xa;&#x9;at java.awt.EventQueue.invokeAndWait(EventQueue.java:1296)&#xa;&#x9;at javax.swing.SwingUtilities.invokeAndWait(SwingUtilities.java:1348)&#xa;&#x9;at ptolemy.vergil.basic.export.ExportModel.exportModel(ExportModel.java:227)&#xa;&#x9;at ptolemy.vergil.basic.export.test.junit.ExportModelJUnitTest.RunExportModel(ExportModelJUnitTest.java:153)&#xa;&#x9;at ptolemy.vergil.basic.export.test.junit.ExportModelJUnitTestBatch.RunExportModel(ExportModelJUnitTestBatch.java:97)&#xa;&#x9;at sun.reflect.GeneratedMethodAccessor17.invoke(Unknown Source)&#xa;&#x9;at sun.reflect.DelegatingMethodAccessorImpl.invoke(DelegatingMethodAccessorImpl.java:43)&#xa;&#x9;at java.lang.reflect.Method.invoke(Method.java:498)&#xa;&#x9;at org.junit.runners.model.FrameworkMethod$1.runReflectiveCall(FrameworkMethod.java:44)&#xa;&#x9;at org.junit.internal.runners.model.ReflectiveCallable.run(ReflectiveCallable.java:15)&#xa;&#x9;at org.junit.runners.model.FrameworkMethod.invokeExplosively(FrameworkMethod.java:41)&#xa;&#x9;at junitparams.internal.InvokeParameterisedMethod.evaluate(InvokeParameterisedMethod.java:102)&#xa;&#x9;at junitparams.internal.ParameterisedTestMethodRunner.runMethodInvoker(ParameterisedTestMethodRunner.java:47)&#xa;&#x9;at junitparams.internal.ParameterisedTestMethodRunner.runTestMethod(ParameterisedTestMethodRunner.java:41)&#xa;&#x9;at junitparams.internal.ParameterisedTestClassRunner.runParameterisedTest(ParameterisedTestClassRunner.java:143)&#xa;&#x9;at junitparams.JUnitParamsRunner.runChild(JUnitParamsRunner.java:237)&#xa;&#x9;at junitparams.JUnitParamsRunner.runChild(JUnitParamsRunner.java:215)&#xa;&#x9;at org.junit.runners.ParentRunner$3.run(ParentRunner.java:193)&#xa;&#x9;at org.junit.runners.ParentRunner$1.schedule(ParentRunner.java:52)&#xa;&#x9;at org.junit.runners.ParentRunner.runChildren(ParentRunner.java:191)&#xa;&#x9;at org.junit.runners.ParentRunner.access$000(ParentRunner.java:42)&#xa;&#x9;at org.junit.runners.ParentRunner$2.evaluate(ParentRunner.java:184)&#xa;&#x9;at org.junit.runners.ParentRunner.run(ParentRunner.java:236)&#xa;&#x9;at junit.framework.JUnit4TestAdapter.run(JUnit4TestAdapter.java:39)&#xa;&#x9;at org.apache.tools.ant.taskdefs.optional.junit.JUnitTestRunner.run(JUnitTestRunner.java:535)&#xa;&#x9;at org.apache.tools.ant.taskdefs.optional.junit.JUnitTestRunner.launch(JUnitTestRunner.java:1182)&#xa;&#x9;at org.apache.tools.ant.taskdefs.optional.junit.JUnitTestRunner.main(JUnitTestRunner.java:1033)&#xa;Caused by: java.lang.RuntimeException: ptolemy.kernel.util.InternalErrorException: Failed to get the model directory? This can happen in a headless environment when the model attempts to interact with the graphical display.  It can also happen when the model fails to parse because of a missing class.&#xa;&#x9;at ptolemy.vergil.basic.export.ExportModel$1.run(ExportModel.java:223)&#xa;&#x9;at java.awt.event.InvocationEvent.dispatch(InvocationEvent.java:301)&#xa;&#x9;at java.awt.EventQueue.dispatchEventImpl(EventQueue.java:756)&#xa;&#x9;at java.awt.EventQueue.access$500(EventQueue.java:97)&#xa;&#x9;at java.awt.EventQueue$3.run(EventQueue.java:709)&#xa;&#x9;at java.awt.EventQueue$3.run(EventQueue.java:703)&#xa;&#x9;at java.security.AccessController.doPrivileged(Native Method)&#xa;&#x9;at java.security.ProtectionDomain$JavaSecurityAccessImpl.doIntersectionPrivilege(ProtectionDomain.java:80)&#xa;&#x9;at java.awt.EventQueue.dispatchEvent(EventQueue.java:726)&#xa;&#x9;at java.awt.EventDispatchThread.pumpOneEventForFilters(EventDispatchThread.java:201)&#xa;&#x9;at java.awt.EventDispatchThread.pumpEventsForFilter(EventDispatchThread.java:116)&#xa;&#x9;at java.awt.EventDispatchThread.pumpEventsForHierarchy(EventDispatchThread.java:105)&#xa;&#x9;at java.awt.EventDispatchThread.pumpEvents(EventDispatchThread.java:101)&#xa;&#x9;at java.awt.EventDispatchThread.pumpEvents(EventDispatchThread.java:93)&#xa;&#x9;at java.awt.EventDispatchThread.run(EventDispatchThread.java:82)&#xa;Caused by: ptolemy.kernel.util.InternalErrorException: Failed to get the model directory? This can happen in a headless environment when the model attempts to interact with the graphical display.  It can also happen when the model fails to parse because of a missing class.&#xa;&#x9;at ptolemy.actor.gui.ConfigurationApplication.models(ConfigurationApplication.java:548)&#xa;&#x9;at ptolemy.actor.gui.ConfigurationApplication.openModelOrEntity(ConfigurationApplication.java:698)&#xa;&#x9;at ptolemy.vergil.basic.export.ExportModel$1.run(ExportModel.java:220)&#xa;&#x9;... 14 more&#xa;" type="junit.framework.AssertionFailedError">junit.framework.AssertionFailedError: Exporting HTML for ptolemy/actor/ptalon/demo/ptinyos/SenseToLeds/SenseToLeds.xml failed: 
java.lang.reflect.InvocationTargetException
	at java.awt.EventQueue.invokeAndWait(EventQueue.java:1321)
	at java.awt.EventQueue.invokeAndWait(EventQueue.java:1296)
	at javax.swing.SwingUtilities.invokeAndWait(SwingUtilities.java:1348)
	at ptolemy.vergil.basic.export.ExportModel.exportModel(ExportModel.java:227)
	at ptolemy.vergil.basic.export.test.junit.ExportModelJUnitTest.RunExportModel(ExportModelJUnitTest.java:153)
	at ptolemy.vergil.basic.export.test.junit.ExportModelJUnitTestBatch.RunExportModel(ExportModelJUnitTestBatch.java:97)
	at junitparams.internal.InvokeParameterisedMethod.evaluate(InvokeParameterisedMethod.java:102)
	at junitparams.internal.ParameterisedTestMethodRunner.runMethodInvoker(ParameterisedTestMethodRunner.java:47)
	at junitparams.internal.ParameterisedTestMethodRunner.runTestMethod(ParameterisedTestMethodRunner.java:41)
	at junitparams.internal.ParameterisedTestClassRunner.runParameterisedTest(ParameterisedTestClassRunner.java:143)
	at junitparams.JUnitParamsRunner.runChild(JUnitParamsRunner.java:237)
	at junitparams.JUnitParamsRunner.runChild(JUnitParamsRunner.java:215)
Caused by: java.lang.RuntimeException: ptolemy.kernel.util.InternalErrorException: Failed to get the model directory? This can happen in a headless environment when the model attempts to interact with the graphical display.  It can also happen when the model fails to parse because of a missing class.
	at ptolemy.vergil.basic.export.ExportModel$1.run(ExportModel.java:223)
	at java.awt.event.InvocationEvent.dispatch(InvocationEvent.java:301)
	at java.awt.EventQueue.dispatchEventImpl(EventQueue.java:756)
	at java.awt.EventQueue.access$500(EventQueue.java:97)
	at java.awt.EventQueue$3.run(EventQueue.java:709)
	at java.awt.EventQueue$3.run(EventQueue.java:703)
	at java.security.AccessController.doPrivileged(Native Method)
	at java.security.ProtectionDomain$JavaSecurityAccessImpl.doIntersectionPrivilege(ProtectionDomain.java:80)
	at java.awt.EventQueue.dispatchEvent(EventQueue.java:726)
	at java.awt.EventDispatchThread.pumpOneEventForFilters(EventDispatchThread.java:201)
	at java.awt.EventDispatchThread.pumpEventsForFilter(EventDispatchThread.java:116)
	at java.awt.EventDispatchThread.pumpEventsForHierarchy(EventDispatchThread.java:105)
	at java.awt.EventDispatchThread.pumpEvents(EventDispatchThread.java:101)
	at java.awt.EventDispatchThread.pumpEvents(EventDispatchThread.java:93)
	at java.awt.EventDispatchThread.run(EventDispatchThread.java:82)
Caused by: ptolemy.kernel.util.InternalErrorException: Failed to get the model directory? This can happen in a headless environment when the model attempts to interact with the graphical display.  It can also happen when the model fails to parse because of a missing class.
	at ptolemy.actor.gui.ConfigurationApplication.models(ConfigurationApplication.java:548)
	at ptolemy.actor.gui.ConfigurationApplication.openModelOrEntity(ConfigurationApplication.java:698)
	at ptolemy.vergil.basic.export.ExportModel$1.run(ExportModel.java:220)

	at ptolemy.vergil.basic.export.test.junit.ExportModelJUnitTest.RunExportModel(ExportModelJUnitTest.java:162)
	at ptolemy.vergil.basic.export.test.junit.ExportModelJUnitTestBatch.RunExportModel(ExportModelJUnitTestBatch.java:97)
	at junitparams.internal.InvokeParameterisedMethod.evaluate(InvokeParameterisedMethod.java:102)
	at junitparams.internal.ParameterisedTestMethodRunner.runMethodInvoker(ParameterisedTestMethodRunner.java:47)
	at junitparams.internal.ParameterisedTestMethodRunner.runTestMethod(ParameterisedTestMethodRunner.java:41)
	at junitparams.internal.ParameterisedTestClassRunner.runParameterisedTest(ParameterisedTestClassRunner.java:143)
	at junitparams.JUnitParamsRunner.runChild(JUnitParamsRunner.java:237)
	at junitparams.JUnitParamsRunner.runChild(JUnitParamsRunner.java:215)
</failure>
  </testcase>
  <testcase classname="ptolemy.vergil.basic.export.test.junit.ExportModelJUnitTestBatch3" name="[38] ptolemy/actor/ptalon/demo/SmallWorld/ParameterSweepSmallWorldFSM.xml (RunExportModel)" time="35.813" />
  <testcase classname="ptolemy.vergil.basic.export.test.junit.ExportModelJUnitTestBatch3" name="[39] ptolemy/actor/ptalon/demo/SmallWorld/ParameterSweepSmallWorldSDF.xml (RunExportModel)" time="6.634" />
  <testcase classname="ptolemy.vergil.basic.export.test.junit.ExportModelJUnitTestBatch3" name="[40] ptolemy/actor/ptalon/demo/SmallWorld/SmallWorld.xml (RunExportModel)" time="5.652" />
  <testcase classname="ptolemy.vergil.basic.export.test.junit.ExportModelJUnitTestBatch3" name="[41] ptolemy/actor/ptalon/demo/SmallWorld/SmallWorldMultiInstanceComposite.xml (RunExportModel)" time="42.23" />
  <testcase classname="ptolemy.vergil.basic.export.test.junit.ExportModelJUnitTestBatch3" name="[42] ptolemy/actor/ptalon/demo/SmallWorld/SmallWorldPtalonActor.xml (RunExportModel)" time="5.775" />
  <testcase classname="ptolemy.vergil.basic.export.test.junit.ExportModelJUnitTestBatch3" name="[43] ptolemy/actor/ptalon/demo/Unicycle/Unicycle.xml (RunExportModel)" time="4.824" />
  <testcase classname="ptolemy.vergil.basic.export.test.junit.ExportModelJUnitTestBatch3" name="[44] ptolemy/actor/ptalon/gt/demo/Adder/Adder.xml (RunExportModel)" time="3.844" />
  <testcase classname="ptolemy.vergil.basic.export.test.junit.ExportModelJUnitTestBatch3" name="[45] ptolemy/backtrack/demo/PrimeTest/PrimeTest.xml (RunExportModel)" time="7.022" />
  <testcase classname="ptolemy.vergil.basic.export.test.junit.ExportModelJUnitTestBatch3" name="[46] ptolemy/backtrack/demo/RampRollback/RampRollback.xml (RunExportModel)" time="4.549" />
  <testcase classname="ptolemy.vergil.basic.export.test.junit.ExportModelJUnitTestBatch3" name="[47] ptolemy/backtrack/demo/TrialModule/TrialModule.xml (RunExportModel)" time="34.332" />
  <testcase classname="ptolemy.vergil.basic.export.test.junit.ExportModelJUnitTestBatch3" name="[48] ptolemy/caltrop/demo/FunctionClosures/FunctionClosures.xml (RunExportModel)" time="4.853" />
  <testcase classname="ptolemy.vergil.basic.export.test.junit.ExportModelJUnitTestBatch3" name="[49] ptolemy/caltrop/demo/FunctionDefinition/FunctionDefinition.xml (RunExportModel)" time="4.581" />
  <testcase classname="ptolemy.vergil.basic.export.test.junit.ExportModelJUnitTestBatch3" name="[50] ptolemy/caltrop/demo/Primes/Primes.xml (RunExportModel)" time="4.387" />
  <testcase classname="ptolemy.vergil.basic.export.test.junit.ExportModelJUnitTestBatch3" name="[51] ptolemy/caltrop/demo/SDFDDI/SDFDDI.xml (RunExportModel)" time="4.185" />
  <testcase classname="ptolemy.vergil.basic.export.test.junit.ExportModelJUnitTestBatch3" name="[52] ptolemy/cg/adapter/generic/html/demo/HierarchicalModel/HierarchicalModel.xml (RunExportModel)" time="34.352" />
  <testcase classname="ptolemy.vergil.basic.export.test.junit.ExportModelJUnitTestBatch3" name="[53] ptolemy/cg/adapter/generic/program/procedural/c/arduino/adapters/ptolemy/vergil/actor/lib/demo/Blink/Blink.xml (RunExportModel)" time="7.275" />
  <testcase classname="ptolemy.vergil.basic.export.test.junit.ExportModelJUnitTestBatch3" name="[54] ptolemy/cg/adapter/generic/program/procedural/c/arduino/adapters/ptolemy/vergil/actor/lib/demo/Life/Life.xml (RunExportModel)" time="9.47" />
  <testcase classname="ptolemy.vergil.basic.export.test.junit.ExportModelJUnitTestBatch3" name="[55] ptolemy/cg/adapter/generic/program/procedural/c/arduino/adapters/ptolemy/vergil/actor/lib/demo/Ultrasonic/Ultrasonic.xml (RunExportModel)" time="3.246" />
  <testcase classname="ptolemy.vergil.basic.export.test.junit.ExportModelJUnitTestBatch3" name="[56] ptolemy/cg/kernel/generic/accessor/demo/TestComposite/TestComposite.xml (RunExportModel)" time="7.547" />
  <testcase classname="ptolemy.vergil.basic.export.test.junit.ExportModelJUnitTestBatch3" name="[57] ptolemy/cg/lib/demo/CompiledCompositeActor/CompiledCompositeActor.xml (RunExportModel)" time="5.234" />
  <testcase classname="ptolemy.vergil.basic.export.test.junit.ExportModelJUnitTestBatch3" name="[58] ptolemy/cg/lib/demo/DECG/DECG.xml (RunExportModel)" time="3.192" />
  <testcase classname="ptolemy.vergil.basic.export.test.junit.ExportModelJUnitTestBatch3" name="[59] ptolemy/cg/lib/demo/DECG/DECGClockRamp.xml (RunExportModel)" time="4.255" />
  <testcase classname="ptolemy.vergil.basic.export.test.junit.ExportModelJUnitTestBatch3" name="[60] ptolemy/cg/lib/demo/DECG/DECGDelay.xml (RunExportModel)" time="4.223" />
  <testcase classname="ptolemy.vergil.basic.export.test.junit.ExportModelJUnitTestBatch3" name="[61] ptolemy/cg/lib/demo/DECG/DECGHelloWorld.xml (RunExportModel)" time="4.207" />
  <testcase classname="ptolemy.vergil.basic.export.test.junit.ExportModelJUnitTestBatch3" name="[62] ptolemy/cg/lib/demo/DECG/DECGHeterogeneous.xml (RunExportModel)" time="4.411" />
  <testcase classname="ptolemy.vergil.basic.export.test.junit.ExportModelJUnitTestBatch3" name="[63] ptolemy/cg/lib/demo/DECG/DECGHeterogeneousMk2.xml (RunExportModel)" time="4.534" />
  <testcase classname="ptolemy.vergil.basic.export.test.junit.ExportModelJUnitTestBatch3" name="[64] ptolemy/cg/lib/demo/DECG/DECGMath.xml (RunExportModel)" time="4.205" />
  <testcase classname="ptolemy.vergil.basic.export.test.junit.ExportModelJUnitTestBatch3" name="[65] ptolemy/cg/lib/demo/DECG/DECGPi.xml (RunExportModel)" time="4.289" />
  <testcase classname="ptolemy.vergil.basic.export.test.junit.ExportModelJUnitTestBatch3" name="[66] ptolemy/cg/lib/demo/DECG/DECGPiSquare.xml (RunExportModel)" time="4.393" />
  <testcase classname="ptolemy.vergil.basic.export.test.junit.ExportModelJUnitTestBatch3" name="[67] ptolemy/cg/lib/demo/DECG/DECGPoisson.xml (RunExportModel)" time="4.297" />
  <testcase classname="ptolemy.vergil.basic.export.test.junit.ExportModelJUnitTestBatch3" name="[68] ptolemy/cg/lib/demo/ModularCG/ModularCG.xml (RunExportModel)" time="5.194" />
  <testcase classname="ptolemy.vergil.basic.export.test.junit.ExportModelJUnitTestBatch3" name="[69] ptolemy/cg/lib/demo/ModularCGPubSub/ModularCGPubSub.xml (RunExportModel)" time="12.554" />
  <testcase classname="ptolemy.vergil.basic.export.test.junit.ExportModelJUnitTestBatch3" name="[70] ptolemy/cg/lib/demo/Scale/Scale.xml (RunExportModel)" time="3.205" />
  <testcase classname="ptolemy.vergil.basic.export.test.junit.ExportModelJUnitTestBatch3" name="[71] ptolemy/cg/lib/demo/Scale/ScaleC.xml (RunExportModel)" time="3.2" />
  <testcase classname="ptolemy.vergil.basic.export.test.junit.ExportModelJUnitTestBatch3" name="[72] ptolemy/cg/lib/demo/Scale/ScaleCFlat.xml (RunExportModel)" time="4.279" />
  <testcase classname="ptolemy.vergil.basic.export.test.junit.ExportModelJUnitTestBatch3" name="[73] ptolemy/cg/lib/demo/Scale/ScaleJava.xml (RunExportModel)" time="4.937" />
  <testcase classname="ptolemy.vergil.basic.export.test.junit.ExportModelJUnitTestBatch3" name="[74] ptolemy/configs/doc/ClassesIllustrated.xml (RunExportModel)" time="4.361" />
  <testcase classname="ptolemy.vergil.basic.export.test.junit.ExportModelJUnitTestBatch3" name="[75] ptolemy/data/ontologies/demo/CarTracking/CarTracking.xml (RunExportModel)" time="9.557" />
  <testcase classname="ptolemy.vergil.basic.export.test.junit.ExportModelJUnitTestBatch3" name="[76] ptolemy/data/ontologies/demo/ConstAbstractInterpretation/ConstAbstractInterpretation.xml (RunExportModel)" time="4.665" />
  <testcase classname="ptolemy.vergil.basic.export.test.junit.ExportModelJUnitTestBatch3" name="[77] ptolemy/data/ontologies/demo/ConstAbstractInterpretationObservable/ConstAbstractInterpretationObservable.xml (RunExportModel)" time="3.212" />
  <testcase classname="ptolemy.vergil.basic.export.test.junit.ExportModelJUnitTestBatch3" name="[78] ptolemy/data/ontologies/demo/ConstAbstractInterpretationObservable/ConstComparatorEqualToDemo.xml (RunExportModel)" time="6.354" />
  <testcase classname="ptolemy.vergil.basic.export.test.junit.ExportModelJUnitTestBatch3" name="[79] ptolemy/data/ontologies/demo/ConstAbstractInterpretationObservable/ConstComparatorGreaterThanDemo.xml (RunExportModel)" time="5.887" />
  <testcase classname="ptolemy.vergil.basic.export.test.junit.ExportModelJUnitTestBatch3" name="[80] ptolemy/data/ontologies/demo/ConstAbstractInterpretationObservable/ConstComparatorGTEDemo.xml (RunExportModel)" time="5.749" />
  <testcase classname="ptolemy.vergil.basic.export.test.junit.ExportModelJUnitTestBatch3" name="[81] ptolemy/data/ontologies/demo/ConstAbstractInterpretationObservable/ConstComparatorLessThanDemo.xml (RunExportModel)" time="5.555" />
  <testcase classname="ptolemy.vergil.basic.export.test.junit.ExportModelJUnitTestBatch3" name="[82] ptolemy/data/ontologies/demo/ConstAbstractInterpretationObservable/ConstComparatorLTEDemo.xml (RunExportModel)" time="5.661" />
  <testcase classname="ptolemy.vergil.basic.export.test.junit.ExportModelJUnitTestBatch3" name="[83] ptolemy/data/ontologies/demo/ConstAbstractInterpretationObservable/ConstMultiplyDivideDemo.xml (RunExportModel)" time="6.446" />
  <testcase classname="ptolemy.vergil.basic.export.test.junit.ExportModelJUnitTestBatch3" name="[84] ptolemy/data/ontologies/demo/ConstAbstractInterpretationObservable/ConstScaleDemo.xml (RunExportModel)" time="5.532" />
  <testcase classname="ptolemy.vergil.basic.export.test.junit.ExportModelJUnitTestBatch3" name="[85] ptolemy/data/ontologies/demo/ConstNonconst/Const.xml (RunExportModel)" time="3.189" />
  <testcase classname="ptolemy.vergil.basic.export.test.junit.ExportModelJUnitTestBatch3" name="[86] ptolemy/data/ontologies/demo/ConstNonconst/ConstNonconst.xml (RunExportModel)" time="4.549" />
  <testcase classname="ptolemy.vergil.basic.export.test.junit.ExportModelJUnitTestBatch3" name="[87] ptolemy/data/ontologies/demo/ConstPropagation/BooleanSwitchDemoProductLattice.xml (RunExportModel)" time="5.75" />
  <testcase classname="ptolemy.vergil.basic.export.test.junit.ExportModelJUnitTestBatch3" name="[88] ptolemy/data/ontologies/demo/ConstPropagation/ConstComparatorEqualToDemo.xml (RunExportModel)" time="6.125" />
  <testcase classname="ptolemy.vergil.basic.export.test.junit.ExportModelJUnitTestBatch3" name="[89] ptolemy/data/ontologies/demo/ConstPropagation/ConstComparatorGreaterThanDemo.xml (RunExportModel)" time="6.145" />
  <testcase classname="ptolemy.vergil.basic.export.test.junit.ExportModelJUnitTestBatch3" name="[90] ptolemy/data/ontologies/demo/ConstPropagation/ConstMultiplyDivideDemo.xml (RunExportModel)" time="7.848" />
  <testcase classname="ptolemy.vergil.basic.export.test.junit.ExportModelJUnitTestBatch3" name="[91] ptolemy/data/ontologies/demo/ConstPropagation/ConstPropagation.xml (RunExportModel)" time="3.152" />
  <testcase classname="ptolemy.vergil.basic.export.test.junit.ExportModelJUnitTestBatch3" name="[92] ptolemy/data/ontologies/demo/ConstPropagation/ConstPropagationAbsIntObservableReachableProductSolverModel.xml (RunExportModel)" time="4.683" />
  <testcase classname="ptolemy.vergil.basic.export.test.junit.ExportModelJUnitTestBatch3" name="[93] ptolemy/data/ontologies/demo/ConstPropagation/ConstPropagationAbsIntScale.xml (RunExportModel)" time="4.22" />
  <testcase classname="ptolemy.vergil.basic.export.test.junit.ExportModelJUnitTestBatch3" name="[94] ptolemy/data/ontologies/demo/ConstPropagation/SimpleConstPropagationDemo.xml (RunExportModel)" time="4.617" />
  <testcase classname="ptolemy.vergil.basic.export.test.junit.ExportModelJUnitTestBatch3" name="[95] ptolemy/data/ontologies/demo/ConstPropagation/SimpleNonconstPropagationDemo.xml (RunExportModel)" time="4.554" />
  <testcase classname="ptolemy.vergil.basic.export.test.junit.ExportModelJUnitTestBatch3" name="[96] ptolemy/data/ontologies/demo/DimensionSystemExample/DimensionSystemExample.xml (RunExportModel)" time="3.153" />
  <testcase classname="ptolemy.vergil.basic.export.test.junit.ExportModelJUnitTestBatch3" name="[97] ptolemy/data/ontologies/demo/ExceptionAnalysis/ExceptionAnalysis.xml (RunExportModel)" time="4.202" />
  <testcase classname="ptolemy.vergil.basic.export.test.junit.ExportModelJUnitTestBatch3" name="[98] ptolemy/data/ontologies/demo/MonotonicityAnalysis/MonotonicityAnalysis.xml (RunExportModel)" time="4.305" />
  <testcase classname="ptolemy.vergil.basic.export.test.junit.ExportModelJUnitTestBatch3" name="[99] ptolemy/data/ontologies/demo/Observable/Observable.xml (RunExportModel)" time="4.296" />
  <system-out><![CDATA[ExportModeJUnitTestBatch: There are 754 demos. Exporting demos: 251 to 350.
####### 1 Sat May 12 02:25:30 UTC 2018 $PTII/bin/ptinvoke ptolemy.vergil.basic.export.ExportModel -force htm -run -openComposites -timeOut 30000 -whiteBackground ptolemy/actor/lib/jjs/modules/webSocket/demo/WebSocketChat/Client.xml $PTII/ptolemy/actor/lib/jjs/modules/webSocket/demo/WebSocketChat/Client
----------------- Sat May 12 02:25:30 UTC 2018 About to sleep for 5.0 seconds before running or rerunning.  Test is: /home/travis/build/icyphy/ptII/ptolemy/actor/lib/jjs/modules/webSocket/demo/WebSocketChat/Client.xml
Done sleeping
JSAccessor: PT_NO_NET environment variable is set, so git pull and ptdoc are not being run.
.Client.InteractiveDialog invoked SwingUtilities.invokeAndWait()
Model ".Client" contains actors such cannot be run  as part of the export process from ExportModel or it has a WebExportParameters value that runBeforeExport set to false. To export run this model and export it, use vergil.
Exported /home/travis/build/icyphy/ptII/ptolemy/actor/lib/jjs/modules/webSocket/demo/WebSocketChat/Client/index.html
11031 ms. Memory: 270336K Free: 196703K (73%)
####### 2 Sat May 12 02:25:46 UTC 2018 $PTII/bin/ptinvoke ptolemy.vergil.basic.export.ExportModel -force htm -run -openComposites -timeOut 30000 -whiteBackground ptolemy/actor/lib/jjs/modules/webSocket/demo/WebSocketChat/SecureClient.xml $PTII/ptolemy/actor/lib/jjs/modules/webSocket/demo/WebSocketChat/SecureClient
----------------- Sat May 12 02:25:46 UTC 2018 About to sleep for 5.0 seconds before running or rerunning.  Test is: /home/travis/build/icyphy/ptII/ptolemy/actor/lib/jjs/modules/webSocket/demo/WebSocketChat/SecureClient.xml
Done sleeping
.SecureClient.InteractiveDialog invoked SwingUtilities.invokeAndWait()
Model ".SecureClient" contains actors such cannot be run  as part of the export process from ExportModel or it has a WebExportParameters value that runBeforeExport set to false. To export run this model and export it, use vergil.
Exported /home/travis/build/icyphy/ptII/ptolemy/actor/lib/jjs/modules/webSocket/demo/WebSocketChat/SecureClient/index.html
4879 ms. Memory: 271360K Free: 102343K (38%)
####### 3 Sat May 12 02:25:56 UTC 2018 $PTII/bin/ptinvoke ptolemy.vergil.basic.export.ExportModel -force htm -run -openComposites -timeOut 30000 -whiteBackground ptolemy/actor/lib/jjs/modules/webSocket/demo/WebSocketChat/SecureServer.xml $PTII/ptolemy/actor/lib/jjs/modules/webSocket/demo/WebSocketChat/SecureServer
----------------- Sat May 12 02:25:56 UTC 2018 About to sleep for 5.0 seconds before running or rerunning.  Test is: /home/travis/build/icyphy/ptII/ptolemy/actor/lib/jjs/modules/webSocket/demo/WebSocketChat/SecureServer.xml
Done sleeping
Running .SecureServer
ExportHTMLTimer went off after 30000 ms., calling getDirector().finish and getDirector().stopFire()
30023 ms. Memory: 377344K Free: 309217K (82%)
Exported /home/travis/build/icyphy/ptII/ptolemy/actor/lib/jjs/modules/webSocket/demo/WebSocketChat/SecureServer/index.html
35765 ms. Memory: 377344K Free: 285060K (76%)
####### 4 Sat May 12 02:26:36 UTC 2018 $PTII/bin/ptinvoke ptolemy.vergil.basic.export.ExportModel -force htm -run -openComposites -timeOut 30000 -whiteBackground ptolemy/actor/lib/jjs/modules/webSocket/demo/WebSocketChat/Server.xml $PTII/ptolemy/actor/lib/jjs/modules/webSocket/demo/WebSocketChat/Server
----------------- Sat May 12 02:26:36 UTC 2018 About to sleep for 5.0 seconds before running or rerunning.  Test is: /home/travis/build/icyphy/ptII/ptolemy/actor/lib/jjs/modules/webSocket/demo/WebSocketChat/Server.xml
Done sleeping
Running .Server
ExportHTMLTimer went off after 30000 ms., calling getDirector().finish and getDirector().stopFire()
30015 ms. Memory: 385024K Free: 120128K (31%)
Exported /home/travis/build/icyphy/ptII/ptolemy/actor/lib/jjs/modules/webSocket/demo/WebSocketChat/Server/index.html
34898 ms. Memory: 385024K Free: 99150K (26%)
####### 5 Sat May 12 02:27:16 UTC 2018 $PTII/bin/ptinvoke ptolemy.vergil.basic.export.ExportModel -force htm  -openComposites -timeOut 30000 -whiteBackground ptolemy/actor/lib/jjs/modules/webSocket/demo/WebSocketChat/WebSocketChat.xml $PTII/ptolemy/actor/lib/jjs/modules/webSocket/demo/WebSocketChat/WebSocketChat
Warning: not running ptolemy/actor/lib/jjs/modules/webSocket/demo/WebSocketChat/WebSocketChat.xml. See ptolemy/vergil/basic/export/test/junit/ExportModelJUnitTest.java
----------------- Sat May 12 02:27:16 UTC 2018 About to sleep for 5.0 seconds before running or rerunning.  Test is: /home/travis/build/icyphy/ptII/ptolemy/actor/lib/jjs/modules/webSocket/demo/WebSocketChat/WebSocketChat.xml
Done sleeping
Exported /home/travis/build/icyphy/ptII/ptolemy/actor/lib/jjs/modules/webSocket/demo/WebSocketChat/WebSocketChat/index.html
3479 ms. Memory: 489984K Free: 408159K (83%)
####### 6 Sat May 12 02:27:25 UTC 2018 $PTII/bin/ptinvoke ptolemy.vergil.basic.export.ExportModel -force htm  -openComposites -timeOut 30000 -whiteBackground ptolemy/actor/lib/jjs/modules/webSocket/demo/WebSocketClient/WebSocketClient.xml $PTII/ptolemy/actor/lib/jjs/modules/webSocket/demo/WebSocketClient/WebSocketClient
Warning: not running ptolemy/actor/lib/jjs/modules/webSocket/demo/WebSocketClient/WebSocketClient.xml. See ptolemy/vergil/basic/export/test/junit/ExportModelJUnitTest.java
----------------- Sat May 12 02:27:25 UTC 2018 About to sleep for 5.0 seconds before running or rerunning.  Test is: /home/travis/build/icyphy/ptII/ptolemy/actor/lib/jjs/modules/webSocket/demo/WebSocketClient/WebSocketClient.xml
Done sleeping
Exported /home/travis/build/icyphy/ptII/ptolemy/actor/lib/jjs/modules/webSocket/demo/WebSocketClient/WebSocketClient/index.html
4065 ms. Memory: 489984K Free: 133253K (27%)
####### 7 Sat May 12 02:27:34 UTC 2018 $PTII/bin/ptinvoke ptolemy.vergil.basic.export.ExportModel -force htm -run -openComposites -timeOut 30000 -whiteBackground ptolemy/actor/lib/jjs/modules/webSocket/demo/WebSocketClient/WebSocketServer.xml $PTII/ptolemy/actor/lib/jjs/modules/webSocket/demo/WebSocketClient/WebSocketServer
----------------- Sat May 12 02:27:34 UTC 2018 About to sleep for 5.0 seconds before running or rerunning.  Test is: /home/travis/build/icyphy/ptII/ptolemy/actor/lib/jjs/modules/webSocket/demo/WebSocketClient/WebSocketServer.xml
Done sleeping
Running .WebSocketServer
ExportHTMLTimer went off after 30000 ms., calling getDirector().finish and getDirector().stopFire()
30021 ms. Memory: 586240K Free: 133561K (23%)
Exported /home/travis/build/icyphy/ptII/ptolemy/actor/lib/jjs/modules/webSocket/demo/WebSocketClient/WebSocketServer/index.html
35712 ms. Memory: 586240K Free: 105279K (18%)
####### 8 Sat May 12 02:28:15 UTC 2018 $PTII/bin/ptinvoke ptolemy.vergil.basic.export.ExportModel -force htm -run -openComposites -timeOut 30000 -whiteBackground ptolemy/actor/lib/jjs/modules/webSocket/demo/WebSocketFullDuplex/WebSocketFullDuplex.xml $PTII/ptolemy/actor/lib/jjs/modules/webSocket/demo/WebSocketFullDuplex/WebSocketFullDuplex
----------------- Sat May 12 02:28:15 UTC 2018 About to sleep for 5.0 seconds before running or rerunning.  Test is: /home/travis/build/icyphy/ptII/ptolemy/actor/lib/jjs/modules/webSocket/demo/WebSocketFullDuplex/WebSocketFullDuplex.xml
Done sleeping
Running .WebSocketFullDuplex
ExportHTMLTimer went off after 30000 ms., calling getDirector().finish and getDirector().stopFire()
WebSocketClient: Connection closed because model is no longer running. (Thread[AWT-EventQueue-0,6,main])
30266 ms. Memory: 679936K Free: 190717K (28%)
Exported /home/travis/build/icyphy/ptII/ptolemy/actor/lib/jjs/modules/webSocket/demo/WebSocketFullDuplex/WebSocketFullDuplex/index.html
35659 ms. Memory: 679936K Free: 161123K (24%)
####### 9 Sat May 12 02:28:55 UTC 2018 $PTII/bin/ptinvoke ptolemy.vergil.basic.export.ExportModel -force htm -run -openComposites -timeOut 30000 -whiteBackground ptolemy/actor/lib/jjs/modules/webSocket/demo/WebSocketGraph/WebSocketGraph.xml $PTII/ptolemy/actor/lib/jjs/modules/webSocket/demo/WebSocketGraph/WebSocketGraph
----------------- Sat May 12 02:28:55 UTC 2018 About to sleep for 5.0 seconds before running or rerunning.  Test is: /home/travis/build/icyphy/ptII/ptolemy/actor/lib/jjs/modules/webSocket/demo/WebSocketGraph/WebSocketGraph.xml
Done sleeping
Running .WebSocketGraph
BrowserLauncher: UnsupportedOperation: http://localhost:8089: java.lang.UnsupportedOperationException: The BROWSE action is not supported on the current platform!
ExportHTMLTimer went off after 30000 ms., calling getDirector().finish and getDirector().stopFire()
ExportHTMLTimer went off after 60000 ms., calling manager.stop().
70133 ms. Memory: 998912K Free: 574490K (58%)
Exported /home/travis/build/icyphy/ptII/ptolemy/actor/lib/jjs/modules/webSocket/demo/WebSocketGraph/WebSocketGraph/index.html
78108 ms. Memory: 998912K Free: 534717K (54%)
####### 10 Sat May 12 02:30:18 UTC 2018 $PTII/bin/ptinvoke ptolemy.vergil.basic.export.ExportModel -force htm -run -openComposites -timeOut 30000 -whiteBackground ptolemy/actor/lib/jjs/modules/webSocket/demo/WebSocketImage/WebSocketImage.xml $PTII/ptolemy/actor/lib/jjs/modules/webSocket/demo/WebSocketImage/WebSocketImage
----------------- Sat May 12 02:30:18 UTC 2018 About to sleep for 5.0 seconds before running or rerunning.  Test is: /home/travis/build/icyphy/ptII/ptolemy/actor/lib/jjs/modules/webSocket/demo/WebSocketImage/WebSocketImage.xml
Done sleeping
No physical cameras found, using WebcamDummyDriver.
Running .WebSocketImage
WebSocketClient: WebSocketClient: WebSocketClient.js: connect(): portValue: -1, which is less than 0. This could be a signal to close a previously open socket.  Returning. (Thread[AWT-EventQueue-0,6,main])
ExportHTMLTimer went off after 30000 ms., calling getDirector().finish and getDirector().stopFire()
WebSocketClient: Connection closed because model is no longer running. (Thread[AWT-EventQueue-0,6,main])
30203 ms. Memory: 1514496K Free: 852515K (56%)
Exported /home/travis/build/icyphy/ptII/ptolemy/actor/lib/jjs/modules/webSocket/demo/WebSocketImage/WebSocketImage/index.html
40874 ms. Memory: 1514496K Free: 820223K (54%)
####### 11 Sat May 12 02:31:04 UTC 2018 $PTII/bin/ptinvoke ptolemy.vergil.basic.export.ExportModel -force htm -run -openComposites -timeOut 30000 -whiteBackground ptolemy/actor/lib/jjs/modules/webSocket/demo/WebSocketLog/WebSocketLog.xml $PTII/ptolemy/actor/lib/jjs/modules/webSocket/demo/WebSocketLog/WebSocketLog
----------------- Sat May 12 02:31:04 UTC 2018 About to sleep for 5.0 seconds before running or rerunning.  Test is: /home/travis/build/icyphy/ptII/ptolemy/actor/lib/jjs/modules/webSocket/demo/WebSocketLog/WebSocketLog.xml
Done sleeping
Running .WebSocketLog
12847 ms. Memory: 1737728K Free: 673989K (39%)
Exported /home/travis/build/icyphy/ptII/ptolemy/actor/lib/jjs/modules/webSocket/demo/WebSocketLog/WebSocketLog/index.html
18502 ms. Memory: 1737728K Free: 628357K (36%)
####### 12 Sat May 12 02:31:28 UTC 2018 $PTII/bin/ptinvoke ptolemy.vergil.basic.export.ExportModel -force htm -run -openComposites -timeOut 30000 -whiteBackground ptolemy/actor/lib/jjs/modules/webSocket/demo/WebSocketsServerClient/WebSocketsServerClient.xml $PTII/ptolemy/actor/lib/jjs/modules/webSocket/demo/WebSocketsServerClient/WebSocketsServerClient
----------------- Sat May 12 02:31:28 UTC 2018 About to sleep for 5.0 seconds before running or rerunning.  Test is: /home/travis/build/icyphy/ptII/ptolemy/actor/lib/jjs/modules/webSocket/demo/WebSocketsServerClient/WebSocketsServerClient.xml
Done sleeping
Running .WebSocketsServerClient
WSClient: Connection to socket is open. (Thread[vert.x-eventloop-thread-0,6,main])
WSClient: Connection closed because model is no longer running. (Thread[AWT-EventQueue-0,6,main])
12161 ms. Memory: 1962496K Free: 1190099K (61%)
Exported /home/travis/build/icyphy/ptII/ptolemy/actor/lib/jjs/modules/webSocket/demo/WebSocketsServerClient/WebSocketsServerClient/index.html
17205 ms. Memory: 1962496K Free: 1159363K (59%)
####### 13 Sat May 12 02:31:50 UTC 2018 $PTII/bin/ptinvoke ptolemy.vergil.basic.export.ExportModel -force htm  -openComposites -timeOut 30000 -whiteBackground ptolemy/actor/lib/jjs/modules/xbee/demo/XBeeHelloWorld/XBeeDataTypes.xml $PTII/ptolemy/actor/lib/jjs/modules/xbee/demo/XBeeHelloWorld/XBeeDataTypes
Warning: not running ptolemy/actor/lib/jjs/modules/xbee/demo/XBeeHelloWorld/XBeeDataTypes.xml. See ptolemy/vergil/basic/export/test/junit/ExportModelJUnitTest.java
----------------- Sat May 12 02:31:50 UTC 2018 About to sleep for 5.0 seconds before running or rerunning.  Test is: /home/travis/build/icyphy/ptII/ptolemy/actor/lib/jjs/modules/xbee/demo/XBeeHelloWorld/XBeeDataTypes.xml
Done sleeping
Exported /home/travis/build/icyphy/ptII/ptolemy/actor/lib/jjs/modules/xbee/demo/XBeeHelloWorld/XBeeDataTypes/index.html
4066 ms. Memory: 1962496K Free: 763435K (39%)
####### 14 Sat May 12 02:31:59 UTC 2018 $PTII/bin/ptinvoke ptolemy.vergil.basic.export.ExportModel -force htm  -openComposites -timeOut 30000 -whiteBackground ptolemy/actor/lib/jjs/modules/xbee/demo/XBeeHelloWorld/XBeeHelloWorld.xml $PTII/ptolemy/actor/lib/jjs/modules/xbee/demo/XBeeHelloWorld/XBeeHelloWorld
Warning: not running ptolemy/actor/lib/jjs/modules/xbee/demo/XBeeHelloWorld/XBeeHelloWorld.xml. See ptolemy/vergil/basic/export/test/junit/ExportModelJUnitTest.java
----------------- Sat May 12 02:31:59 UTC 2018 About to sleep for 5.0 seconds before running or rerunning.  Test is: /home/travis/build/icyphy/ptII/ptolemy/actor/lib/jjs/modules/xbee/demo/XBeeHelloWorld/XBeeHelloWorld.xml
Done sleeping
Exported /home/travis/build/icyphy/ptII/ptolemy/actor/lib/jjs/modules/xbee/demo/XBeeHelloWorld/XBeeHelloWorld/index.html
4420 ms. Memory: 2079232K Free: 1493467K (72%)
####### 15 Sat May 12 02:32:08 UTC 2018 $PTII/bin/ptinvoke ptolemy.vergil.basic.export.ExportModel -force htm  -openComposites -timeOut 30000 -whiteBackground ptolemy/actor/lib/jmf/demo/JMFJAI/JMFJAI.xml $PTII/ptolemy/actor/lib/jmf/demo/JMFJAI/JMFJAI
Warning: not running ptolemy/actor/lib/jmf/demo/JMFJAI/JMFJAI.xml. See ptolemy/vergil/basic/export/test/junit/ExportModelJUnitTest.java
Exported /home/travis/build/icyphy/ptII/ptolemy/actor/lib/jmf/demo/JMFJAI/JMFJAI/index.html
3286 ms. Memory: 2079232K Free: 1377481K (66%)
####### 16 Sat May 12 02:32:12 UTC 2018 $PTII/bin/ptinvoke ptolemy.vergil.basic.export.ExportModel -force htm  -openComposites -timeOut 30000 -whiteBackground ptolemy/actor/lib/jmf/demo/VideoCapture/VideoCapture.xml $PTII/ptolemy/actor/lib/jmf/demo/VideoCapture/VideoCapture
Warning: not running ptolemy/actor/lib/jmf/demo/VideoCapture/VideoCapture.xml. See ptolemy/vergil/basic/export/test/junit/ExportModelJUnitTest.java
Exported /home/travis/build/icyphy/ptII/ptolemy/actor/lib/jmf/demo/VideoCapture/VideoCapture/index.html
3222 ms. Memory: 2079232K Free: 1255982K (60%)
####### 17 Sat May 12 02:32:15 UTC 2018 $PTII/bin/ptinvoke ptolemy.vergil.basic.export.ExportModel -force htm -run -openComposites -timeOut 30000 -whiteBackground ptolemy/actor/lib/mail/demo/ExceptionEmailer/ExceptionEmailer.xml $PTII/ptolemy/actor/lib/mail/demo/ExceptionEmailer/ExceptionEmailer
Running .ExceptionEmailer
26 ms. Memory: 2079232K Free: 1143593K (55%)
Exported /home/travis/build/icyphy/ptII/ptolemy/actor/lib/mail/demo/ExceptionEmailer/ExceptionEmailer/index.html
4354 ms. Memory: 2079232K Free: 1098232K (53%)
####### 18 Sat May 12 02:32:19 UTC 2018 $PTII/bin/ptinvoke ptolemy.vergil.basic.export.ExportModel -force htm -run -openComposites -timeOut 30000 -whiteBackground ptolemy/actor/lib/mail/demo/SendMail/SendMail.xml $PTII/ptolemy/actor/lib/mail/demo/SendMail/SendMail
Running .SendMail
43 ms. Memory: 2079232K Free: 976284K (47%)
Exported /home/travis/build/icyphy/ptII/ptolemy/actor/lib/mail/demo/SendMail/SendMail/index.html
4310 ms. Memory: 2079232K Free: 937937K (45%)
####### 19 Sat May 12 02:32:24 UTC 2018 $PTII/bin/ptinvoke ptolemy.vergil.basic.export.ExportModel -force htm -run -openComposites -timeOut 30000 -whiteBackground ptolemy/actor/lib/python/demo/Ptolemnizer/Ptolemnizer.xml $PTII/ptolemy/actor/lib/python/demo/Ptolemnizer/Ptolemnizer
.Ptolemnizer.InteractiveShell invoked SwingUtilities.invokeAndWait()
Model ".Ptolemnizer" contains actors such cannot be run  as part of the export process from ExportModel or it has a WebExportParameters value that runBeforeExport set to false. To export run this model and export it, use vergil.
Exported /home/travis/build/icyphy/ptII/ptolemy/actor/lib/python/demo/Ptolemnizer/Ptolemnizer/index.html
6360 ms. Memory: 2079232K Free: 488515K (23%)
####### 20 Sat May 12 02:32:30 UTC 2018 $PTII/bin/ptinvoke ptolemy.vergil.basic.export.ExportModel -force htm -run -openComposites -timeOut 30000 -whiteBackground ptolemy/actor/lib/python/demo/PythonScale/PythonScale.xml $PTII/ptolemy/actor/lib/python/demo/PythonScale/PythonScale
Running .PythonScale
91 ms. Memory: 2079232K Free: 387534K (19%)
Exported /home/travis/build/icyphy/ptII/ptolemy/actor/lib/python/demo/PythonScale/PythonScale/index.html
4580 ms. Memory: 2098688K Free: 1591078K (76%)
####### 21 Sat May 12 02:32:35 UTC 2018 $PTII/bin/ptinvoke ptolemy.vergil.basic.export.ExportModel -force htm  -openComposites -timeOut 30000 -whiteBackground ptolemy/actor/lib/python/demo/RecordManipulation/RecordManipulation.xml $PTII/ptolemy/actor/lib/python/demo/RecordManipulation/RecordManipulation
Warning: not running ptolemy/actor/lib/python/demo/RecordManipulation/RecordManipulation.xml. See ptolemy/vergil/basic/export/test/junit/ExportModelJUnitTest.java
Exported /home/travis/build/icyphy/ptII/ptolemy/actor/lib/python/demo/RecordManipulation/RecordManipulation/index.html
3387 ms. Memory: 2098688K Free: 1444478K (69%)
####### 22 Sat May 12 02:32:38 UTC 2018 $PTII/bin/ptinvoke ptolemy.vergil.basic.export.ExportModel -force htm -run -openComposites -timeOut 30000 -whiteBackground ptolemy/actor/lib/r/demo/R3DPlot/R3DPlot.xml $PTII/ptolemy/actor/lib/r/demo/R3DPlot/R3DPlot
Running .R3RPlot
22 ms. Memory: 2098688K Free: 1349953K (64%)
####### 23 Sat May 12 02:32:39 UTC 2018 $PTII/bin/ptinvoke ptolemy.vergil.basic.export.ExportModel -force htm -run -openComposites -timeOut 30000 -whiteBackground ptolemy/actor/lib/r/demo/RRecordToDataframe/RRecordToDataframe.xml $PTII/ptolemy/actor/lib/r/demo/RRecordToDataframe/RRecordToDataframe
Running .RRecordToDataframe
12 ms. Memory: 2098688K Free: 1327664K (63%)
####### 24 Sat May 12 02:32:40 UTC 2018 $PTII/bin/ptinvoke ptolemy.vergil.basic.export.ExportModel -force htm  -openComposites -timeOut 30000 -whiteBackground ptolemy/actor/lib/security/demo/Signature/Signature.xml $PTII/ptolemy/actor/lib/security/demo/Signature/Signature
Warning: not running ptolemy/actor/lib/security/demo/Signature/Signature.xml. See ptolemy/vergil/basic/export/test/junit/ExportModelJUnitTest.java
Exported /home/travis/build/icyphy/ptII/ptolemy/actor/lib/security/demo/Signature/Signature/index.html
3200 ms. Memory: 2098688K Free: 1233642K (59%)
####### 25 Sat May 12 02:32:43 UTC 2018 $PTII/bin/ptinvoke ptolemy.vergil.basic.export.ExportModel -force htm -run -openComposites -timeOut 30000 -whiteBackground ptolemy/actor/lib/video/demo/DCT2x2dc/DCT2x2dc.xml $PTII/ptolemy/actor/lib/video/demo/DCT2x2dc/DCT2x2dc
Running .DCT2x2dc
46 ms. Memory: 2098688K Free: 1140531K (54%)
Exported /home/travis/build/icyphy/ptII/ptolemy/actor/lib/video/demo/DCT2x2dc/DCT2x2dc/index.html
4221 ms. Memory: 2098688K Free: 1115102K (53%)
####### 26 Sat May 12 02:32:48 UTC 2018 $PTII/bin/ptinvoke ptolemy.vergil.basic.export.ExportModel -force htm -run -openComposites -timeOut 30000 -whiteBackground ptolemy/actor/lib/video/demo/DCT4x4dc/DCT4x4dc.xml $PTII/ptolemy/actor/lib/video/demo/DCT4x4dc/DCT4x4dc
Running .DCT4x4dc
42 ms. Memory: 2098688K Free: 1020899K (49%)
Exported /home/travis/build/icyphy/ptII/ptolemy/actor/lib/video/demo/DCT4x4dc/DCT4x4dc/index.html
4214 ms. Memory: 2098688K Free: 996632K (47%)
####### 27 Sat May 12 02:32:52 UTC 2018 $PTII/bin/ptinvoke ptolemy.vergil.basic.export.ExportModel -force htm -run -openComposites -timeOut 30000 -whiteBackground ptolemy/actor/lib/video/demo/DCT8x8/DCT8x8.xml $PTII/ptolemy/actor/lib/video/demo/DCT8x8/DCT8x8
Running .DCT8x8
61 ms. Memory: 2098688K Free: 902445K (43%)
Exported /home/travis/build/icyphy/ptII/ptolemy/actor/lib/video/demo/DCT8x8/DCT8x8/index.html
4229 ms. Memory: 2098688K Free: 872157K (42%)
####### 28 Sat May 12 02:32:56 UTC 2018 $PTII/bin/ptinvoke ptolemy.vergil.basic.export.ExportModel -force htm -run -openComposites -timeOut 30000 -whiteBackground ptolemy/actor/lib/xslt/demo/MoMLFileTransformation/MoMLFileTransformation.xml $PTII/ptolemy/actor/lib/xslt/demo/MoMLFileTransformation/MoMLFileTransformation
Running .MOMLFileTransformation
736 ms. Memory: 2098688K Free: 692102K (33%)
Exported /home/travis/build/icyphy/ptII/ptolemy/actor/lib/xslt/demo/MoMLFileTransformation/MoMLFileTransformation/index.html
5152 ms. Memory: 2098688K Free: 590439K (28%)
####### 29 Sat May 12 02:33:01 UTC 2018 $PTII/bin/ptinvoke ptolemy.vergil.basic.export.ExportModel -force htm -run -openComposites -timeOut 30000 -whiteBackground ptolemy/actor/lib/xslt/demo/XMLInclusion/XMLInclusion.xml $PTII/ptolemy/actor/lib/xslt/demo/XMLInclusion/XMLInclusion
Running .XMLInclusion
61 ms. Memory: 2098688K Free: 493989K (24%)
Exported /home/travis/build/icyphy/ptII/ptolemy/actor/lib/xslt/demo/XMLInclusion/XMLInclusion/index.html
4366 ms. Memory: 2098688K Free: 395779K (19%)
####### 30 Sat May 12 02:33:06 UTC 2018 $PTII/bin/ptinvoke ptolemy.vergil.basic.export.ExportModel -force htm -run -openComposites -timeOut 30000 -whiteBackground ptolemy/actor/parameters/demo/Bouncer/Bouncer.xml $PTII/ptolemy/actor/parameters/demo/Bouncer/Bouncer
Running .Bouncer
10023 ms. Memory: 2231296K Free: 1623030K (73%)
Exported /home/travis/build/icyphy/ptII/ptolemy/actor/parameters/demo/Bouncer/Bouncer/index.html
14567 ms. Memory: 2231296K Free: 1538877K (69%)
####### 31 Sat May 12 02:33:20 UTC 2018 $PTII/bin/ptinvoke ptolemy.vergil.basic.export.ExportModel -force htm -run -openComposites -timeOut 30000 -whiteBackground ptolemy/actor/parameters/demo/SliderParameter/SliderParameter.xml $PTII/ptolemy/actor/parameters/demo/SliderParameter/SliderParameter
Running .SliderParameter
ExportHTMLTimer went off after 30000 ms., calling getDirector().finish and getDirector().stopFire()
30001 ms. Memory: 2232832K Free: 982133K (44%)
Exported /home/travis/build/icyphy/ptII/ptolemy/actor/parameters/demo/SliderParameter/SliderParameter/index.html
34244 ms. Memory: 2232832K Free: 922430K (41%)
####### 32 Sat May 12 02:33:54 UTC 2018 $PTII/bin/ptinvoke ptolemy.vergil.basic.export.ExportModel -force htm -run -openComposites -timeOut 30000 -whiteBackground ptolemy/actor/ptalon/demo/CruiseControl/CruiseControl.xml $PTII/ptolemy/actor/ptalon/demo/CruiseControl/CruiseControl
Running .CruiseControl
87 ms. Memory: 2232832K Free: 791946K (35%)
Exported /home/travis/build/icyphy/ptII/ptolemy/actor/ptalon/demo/CruiseControl/CruiseControl/index.html
4547 ms. Memory: 2232832K Free: 711246K (32%)
####### 33 Sat May 12 02:33:59 UTC 2018 $PTII/bin/ptinvoke ptolemy.vergil.basic.export.ExportModel -force htm -run -openComposites -timeOut 30000 -whiteBackground ptolemy/actor/ptalon/demo/EightChannelFFT/EightChannelFFT.xml $PTII/ptolemy/actor/ptalon/demo/EightChannelFFT/EightChannelFFT
Running .EightChannelFFT
34 ms. Memory: 2232832K Free: 560364K (25%)
Exported /home/travis/build/icyphy/ptII/ptolemy/actor/ptalon/demo/EightChannelFFT/EightChannelFFT/index.html
5495 ms. Memory: 2232832K Free: 1522288K (68%)
####### 34 Sat May 12 02:34:05 UTC 2018 $PTII/bin/ptinvoke ptolemy.vergil.basic.export.ExportModel -force htm -run -openComposites -timeOut 30000 -whiteBackground ptolemy/actor/ptalon/demo/GameOfLife/GameOfLife.xml $PTII/ptolemy/actor/ptalon/demo/GameOfLife/GameOfLife
Running .GameOfLife
ExportHTMLTimer went off after 30000 ms., calling getDirector().finish and getDirector().stopFire()
30170 ms. Memory: 2232832K Free: 1304842K (58%)
Exported /home/travis/build/icyphy/ptII/ptolemy/actor/ptalon/demo/GameOfLife/GameOfLife/index.html
34885 ms. Memory: 2232832K Free: 1198207K (54%)
####### 35 Sat May 12 02:34:39 UTC 2018 $PTII/bin/ptinvoke ptolemy.vergil.basic.export.ExportModel -force htm -run -openComposites -timeOut 30000 -whiteBackground ptolemy/actor/ptalon/demo/MapReduce/MapReduce.xml $PTII/ptolemy/actor/ptalon/demo/MapReduce/MapReduce
Running .MapReduce
89 ms. Memory: 2232832K Free: 817903K (37%)
Exported /home/travis/build/icyphy/ptII/ptolemy/actor/ptalon/demo/MapReduce/MapReduce/index.html
4927 ms. Memory: 2232832K Free: 348506K (16%)
####### 36 Sat May 12 02:34:44 UTC 2018 $PTII/bin/ptinvoke ptolemy.vergil.basic.export.ExportModel -force htm -run -openComposites -timeOut 30000 -whiteBackground ptolemy/actor/ptalon/demo/ModelChange/ModelChange.xml $PTII/ptolemy/actor/ptalon/demo/ModelChange/ModelChange
Running .ModelChange
12 ms. Memory: 2233856K Free: 1627346K (73%)
Exported /home/travis/build/icyphy/ptII/ptolemy/actor/ptalon/demo/ModelChange/ModelChange/index.html
4342 ms. Memory: 2233856K Free: 1574373K (70%)
####### 37 Sat May 12 02:34:49 UTC 2018 $PTII/bin/ptinvoke ptolemy.vergil.basic.export.ExportModel -force htm -run -openComposites -timeOut 5000 -whiteBackground ptolemy/actor/ptalon/demo/ptinyos/SendAndReceiveCnt/SendAndReceiveCnt.xml $PTII/ptolemy/actor/ptalon/demo/ptinyos/SendAndReceiveCnt/SendAndReceiveCnt
TableauFrame._addMenus: configuration == null?
####### 38 Sat May 12 02:34:50 UTC 2018 $PTII/bin/ptinvoke ptolemy.vergil.basic.export.ExportModel -force htm -run -openComposites -timeOut 30000 -whiteBackground ptolemy/actor/ptalon/demo/ptinyos/SenseToLeds/SenseToLeds.xml $PTII/ptolemy/actor/ptalon/demo/ptinyos/SenseToLeds/SenseToLeds
TableauFrame._addMenus: configuration == null?
####### 39 Sat May 12 02:34:51 UTC 2018 $PTII/bin/ptinvoke ptolemy.vergil.basic.export.ExportModel -force htm -run -openComposites -timeOut 30000 -whiteBackground ptolemy/actor/ptalon/demo/SmallWorld/ParameterSweepSmallWorldFSM.xml $PTII/ptolemy/actor/ptalon/demo/SmallWorld/ParameterSweepSmallWorldFSM
Running .ParameterSweepSmallWorldFSM
1
1
1
1
1
1
1
1
1
2
2
2
2
2
2
2
2
3
3
3
3
3
3
3
3
3
3
3
3
3
3
4
4
4
4
4
4
4
4
4
5
5
5
5
5
5
6
6
315 ms. Memory: 2105344K Free: 1475782K (70%)
ExportHTMLTimer went off after 30000 ms., calling getDirector().finish and getDirector().stopFire()
30001 ms. Memory: 2257408K Free: 863285K (38%)
Exported /home/travis/build/icyphy/ptII/ptolemy/actor/ptalon/demo/SmallWorld/ParameterSweepSmallWorldFSM/index.html
35812 ms. Memory: 2257408K Free: 798269K (35%)
####### 40 Sat May 12 02:35:27 UTC 2018 $PTII/bin/ptinvoke ptolemy.vergil.basic.export.ExportModel -force htm -run -openComposites -timeOut 30000 -whiteBackground ptolemy/actor/ptalon/demo/SmallWorld/ParameterSweepSmallWorldSDF.xml $PTII/ptolemy/actor/ptalon/demo/SmallWorld/ParameterSweepSmallWorldSDF
Running .ParameterSweepSmallWorldSDF
169 ms. Memory: 2256896K Free: 1161645K (51%)
194 ms. Memory: 2256896K Free: 1046578K (46%)
123 ms. Memory: 2256896K Free: 931479K (41%)
150 ms. Memory: 2256896K Free: 787624K (35%)
1136 ms. Memory: 2256896K Free: 787624K (35%)
Exported /home/travis/build/icyphy/ptII/ptolemy/actor/ptalon/demo/SmallWorld/ParameterSweepSmallWorldSDF/index.html
6634 ms. Memory: 2256896K Free: 753053K (33%)
####### 41 Sat May 12 02:35:34 UTC 2018 $PTII/bin/ptinvoke ptolemy.vergil.basic.export.ExportModel -force htm -run -openComposites -timeOut 30000 -whiteBackground ptolemy/actor/ptalon/demo/SmallWorld/SmallWorld.xml $PTII/ptolemy/actor/ptalon/demo/SmallWorld/SmallWorld
Running .SmallWorld
1
1
1
1
1
1
1
1
1
2
2
2
2
2
2
2
2
3
3
3
3
3
3
3
3
3
3
3
3
3
3
4
4
4
4
4
4
4
4
4
5
5
5
5
5
5
6
6
184 ms. Memory: 2262016K Free: 1246849K (55%)
Exported /home/travis/build/icyphy/ptII/ptolemy/actor/ptalon/demo/SmallWorld/SmallWorld/index.html
5651 ms. Memory: 2262016K Free: 1125478K (50%)
####### 42 Sat May 12 02:35:39 UTC 2018 $PTII/bin/ptinvoke ptolemy.vergil.basic.export.ExportModel -force htm -run -openComposites -timeOut 30000 -whiteBackground ptolemy/actor/ptalon/demo/SmallWorld/SmallWorldMultiInstanceComposite.xml $PTII/ptolemy/actor/ptalon/demo/SmallWorld/SmallWorldMultiInstanceComposite
Running .SmallWorldMultiInstanceComposite
1
1
1
1
1
1
1
1
1
2
2
2
2
2
2
2
2
3
3
3
3
3
3
3
3
3
3
3
3
3
3
4
4
4
4
4
4
4
4
4
5
5
5
5
5
5
6
6
505 ms. Memory: 2262016K Free: 717369K (32%)
Exported /home/travis/build/icyphy/ptII/ptolemy/actor/ptalon/demo/SmallWorld/SmallWorldMultiInstanceComposite/index.html
42230 ms. Memory: 2312192K Free: 1535495K (66%)
####### 43 Sat May 12 02:36:22 UTC 2018 $PTII/bin/ptinvoke ptolemy.vergil.basic.export.ExportModel -force htm -run -openComposites -timeOut 30000 -whiteBackground ptolemy/actor/ptalon/demo/SmallWorld/SmallWorldPtalonActor.xml $PTII/ptolemy/actor/ptalon/demo/SmallWorld/SmallWorldPtalonActor
Running .SmallWorldPtalonActor
1
1
1
1
1
1
1
1
1
2
2
2
2
2
2
2
2
3
3
3
3
3
3
3
3
3
3
3
3
3
3
4
4
4
4
4
4
4
4
4
5
5
5
5
5
5
6
6
179 ms. Memory: 2312192K Free: 482692K (21%)
Exported /home/travis/build/icyphy/ptII/ptolemy/actor/ptalon/demo/SmallWorld/SmallWorldPtalonActor/index.html
5774 ms. Memory: 2312192K Free: 354229K (15%)
####### 44 Sat May 12 02:36:27 UTC 2018 $PTII/bin/ptinvoke ptolemy.vergil.basic.export.ExportModel -force htm -run -openComposites -timeOut 30000 -whiteBackground ptolemy/actor/ptalon/demo/Unicycle/Unicycle.xml $PTII/ptolemy/actor/ptalon/demo/Unicycle/Unicycle
Running .Unicycle
549 ms. Memory: 2316800K Free: 1448187K (63%)
Exported /home/travis/build/icyphy/ptII/ptolemy/actor/ptalon/demo/Unicycle/Unicycle/index.html
4824 ms. Memory: 2316800K Free: 1382228K (60%)
####### 45 Sat May 12 02:36:32 UTC 2018 $PTII/bin/ptinvoke ptolemy.vergil.basic.export.ExportModel -force htm  -openComposites -timeOut 30000 -whiteBackground ptolemy/actor/ptalon/gt/demo/Adder/Adder.xml $PTII/ptolemy/actor/ptalon/gt/demo/Adder/Adder
Warning: not running ptolemy/actor/ptalon/gt/demo/Adder/Adder.xml. See ptolemy/vergil/basic/export/test/junit/ExportModelJUnitTest.java
Exported /home/travis/build/icyphy/ptII/ptolemy/actor/ptalon/gt/demo/Adder/Adder/index.html
3844 ms. Memory: 2316800K Free: 931583K (40%)
####### 46 Sat May 12 02:36:36 UTC 2018 $PTII/bin/ptinvoke ptolemy.vergil.basic.export.ExportModel -force htm -run -openComposites -timeOut 30000 -whiteBackground ptolemy/backtrack/demo/PrimeTest/PrimeTest.xml $PTII/ptolemy/backtrack/demo/PrimeTest/PrimeTest
Running .PrimeTest
2680 ms. Memory: 2316800K Free: 558998K (24%)
Exported /home/travis/build/icyphy/ptII/ptolemy/backtrack/demo/PrimeTest/PrimeTest/index.html
7022 ms. Memory: 2316800K Free: 493089K (21%)
####### 47 Sat May 12 02:36:43 UTC 2018 $PTII/bin/ptinvoke ptolemy.vergil.basic.export.ExportModel -force htm -run -openComposites -timeOut 30000 -whiteBackground ptolemy/backtrack/demo/RampRollback/RampRollback.xml $PTII/ptolemy/backtrack/demo/RampRollback/RampRollback
Running .RampRollback
232 ms. Memory: 2316800K Free: 360736K (16%)
Exported /home/travis/build/icyphy/ptII/ptolemy/backtrack/demo/RampRollback/RampRollback/index.html
4548 ms. Memory: 2316800K Free: 325822K (14%)
####### 48 Sat May 12 02:36:48 UTC 2018 $PTII/bin/ptinvoke ptolemy.vergil.basic.export.ExportModel -force htm -run -openComposites -timeOut 30000 -whiteBackground ptolemy/backtrack/demo/TrialModule/TrialModule.xml $PTII/ptolemy/backtrack/demo/TrialModule/TrialModule
Running .TrialModule
ExportHTMLTimer went off after 30000 ms., calling getDirector().finish and getDirector().stopFire()
30002 ms. Memory: 2317312K Free: 874492K (38%)
Exported /home/travis/build/icyphy/ptII/ptolemy/backtrack/demo/TrialModule/TrialModule/index.html
34332 ms. Memory: 2317312K Free: 768318K (33%)
####### 49 Sat May 12 02:37:22 UTC 2018 $PTII/bin/ptinvoke ptolemy.vergil.basic.export.ExportModel -force htm -run -openComposites -timeOut 30000 -whiteBackground ptolemy/caltrop/demo/FunctionClosures/FunctionClosures.xml $PTII/ptolemy/caltrop/demo/FunctionClosures/FunctionClosures
Running .FunctionClosures
39 ms. Memory: 2317312K Free: 641903K (28%)
Exported /home/travis/build/icyphy/ptII/ptolemy/caltrop/demo/FunctionClosures/FunctionClosures/index.html
4853 ms. Memory: 2317312K Free: 599069K (26%)
####### 50 Sat May 12 02:37:27 UTC 2018 $PTII/bin/ptinvoke ptolemy.vergil.basic.export.ExportModel -force htm -run -openComposites -timeOut 30000 -whiteBackground ptolemy/caltrop/demo/FunctionDefinition/FunctionDefinition.xml $PTII/ptolemy/caltrop/demo/FunctionDefinition/FunctionDefinition
Running .FunctionDefinition
21 ms. Memory: 2317312K Free: 477895K (21%)
Exported /home/travis/build/icyphy/ptII/ptolemy/caltrop/demo/FunctionDefinition/FunctionDefinition/index.html
4581 ms. Memory: 2317312K Free: 435062K (19%)
####### 51 Sat May 12 02:37:31 UTC 2018 $PTII/bin/ptinvoke ptolemy.vergil.basic.export.ExportModel -force htm -run -openComposites -timeOut 30000 -whiteBackground ptolemy/caltrop/demo/Primes/Primes.xml $PTII/ptolemy/caltrop/demo/Primes/Primes
Running .Primes
20 ms. Memory: 2317312K Free: 333957K (14%)
Exported /home/travis/build/icyphy/ptII/ptolemy/caltrop/demo/Primes/Primes/index.html
4387 ms. Memory: 2317312K Free: 271020K (12%)
####### 52 Sat May 12 02:37:36 UTC 2018 $PTII/bin/ptinvoke ptolemy.vergil.basic.export.ExportModel -force htm -run -openComposites -timeOut 30000 -whiteBackground ptolemy/caltrop/demo/SDFDDI/SDFDDI.xml $PTII/ptolemy/caltrop/demo/SDFDDI/SDFDDI
Running .SDFDDI
40 ms. Memory: 2320896K Free: 1695678K (73%)
Exported /home/travis/build/icyphy/ptII/ptolemy/caltrop/demo/SDFDDI/SDFDDI/index.html
4185 ms. Memory: 2320896K Free: 1674769K (72%)
####### 53 Sat May 12 02:37:40 UTC 2018 $PTII/bin/ptinvoke ptolemy.vergil.basic.export.ExportModel -force htm -run -openComposites -timeOut 30000 -whiteBackground ptolemy/cg/adapter/generic/html/demo/HierarchicalModel/HierarchicalModel.xml $PTII/ptolemy/cg/adapter/generic/html/demo/HierarchicalModel/HierarchicalModel
Running .HierarchicalModel
ExportHTMLTimer went off after 30000 ms., calling getDirector().finish and getDirector().stopFire()
30003 ms. Memory: 2336256K Free: 211608K (9%)
Exported /home/travis/build/icyphy/ptII/ptolemy/cg/adapter/generic/html/demo/HierarchicalModel/HierarchicalModel/index.html
34352 ms. Memory: 2340352K Free: 1628833K (70%)
####### 54 Sat May 12 02:38:14 UTC 2018 $PTII/bin/ptinvoke ptolemy.vergil.basic.export.ExportModel -force htm -run -openComposites -timeOut 30000 -whiteBackground ptolemy/cg/adapter/generic/program/procedural/c/arduino/adapters/ptolemy/vergil/actor/lib/demo/Blink/Blink.xml $PTII/ptolemy/cg/adapter/generic/program/procedural/c/arduino/adapters/ptolemy/vergil/actor/lib/demo/Blink/Blink
Running .Blink
CompiledCompositeActor: Building shared object: The effigy ptolemy.actor.gui.PtolemyEffigy {.configuration.directory.effigy}(model : ptolemy.actor.TypedCompositeActor {.Blink}) says the model was modified and thus it does not matter if the shared object file is newer than the model file because the model file is out of date.
CompiledCompositeActor wrote file:/home/travis/cg/ Blink_EmbeddedCodeActor.java
In "/home/travis/cg", about to execute:
    javac -classpath . Blink_EmbeddedCodeActor.java
In "/home/travis/cg", about to execute:
    rm -f Blink_EmbeddedCodeActor.h
All Done
Not deleting /home/travis/cg/, there might be .class files that we just generated.
CCodeGenerator set the container? : actor.getContainer(): ptolemy.actor.TypedCompositeActor {.Blink} _isTopLevel: false generateEmbeddedCode: true
CCodeGenerator include the container .h? : container.getContainer(): ptolemy.actor.TypedCompositeActor {.Blink} _isTopLevel: false generateEmbeddedCode: true


CCodeGeneratorAdapter: appended to path /usr/lib/jvm/java-8-oracle/jre/bin/client
Reading "ptolemy/cg/kernel/generic/program/procedural/c/jnimakefile.in",
    writing "/home/travis/cg/Blink_EmbeddedCodeActor.mk"
Using ptolemy/cg/kernel/generic/program/procedural/c/jnimakefile.in
In "/home/travis/cg", about to execute:
    make -f Blink_EmbeddedCodeActor.mk
gcc -DPTJNI -D__int64="long long" -Wall  -std=c99 -ggdb  -I /home/travis/cg//_EmbeddedCodeActor -I"/usr/lib/jvm/java-8-oracle/include/linux" -I"/usr/lib/jvm/java-8-oracle/include" -I /home/travis/cg/commons/ -fPIC -shared -o libBlink_EmbeddedCodeActor.so ./_EmbeddedCodeActor/Blink_EmbeddedCodeActor.c ./_EmbeddedCodeActor/Blink_EmbeddedCodeActor_EmbeddedActor.c ./_EmbeddedCodeActor/Blink_EmbeddedCodeActor_SDFSchedule.c ./commons/_SDFReceiver.c ./commons/_CompositeActor.c ./commons/_AtomicActor.c ./commons/_Director.c ./commons/pblSet.c ./commons/pblHeap.c ./commons/_LocalClock.c ./commons/_SDFDirector.c ./commons/pblIterator.c ./commons/_Receiver.c ./commons/_IOPort.c ./commons/pblMap.c ./commons/_Actor.c ./commons/pblList.c ./commons/_ptTypes.c ./commons/pblCollection.c ./commons/pblPriorityQueue.c ./commons/pblhash.c ./commons/_TypedIOPort.c ./commons/pbl.c ./Blink_EmbeddedCodeActor_Main.c -lm -L"" -ljvm
In file included from ./Blink_EmbeddedCodeActor_Main.c:21:0:
./Blink_EmbeddedCodeActor_Main.h:24:21: warning: ‘input’ defined but not used [-Wunused-variable]
 static jobjectArray input;
                     ^
All Done
2969 ms. Memory: 2340352K Free: 1255811K (54%)
Exported /home/travis/build/icyphy/ptII/ptolemy/cg/adapter/generic/program/procedural/c/arduino/adapters/ptolemy/vergil/actor/lib/demo/Blink/Blink/index.html
7275 ms. Memory: 2340352K Free: 1203382K (51%)
####### 55 Sat May 12 02:38:22 UTC 2018 $PTII/bin/ptinvoke ptolemy.vergil.basic.export.ExportModel -force htm -run -openComposites -timeOut 30000 -whiteBackground ptolemy/cg/adapter/generic/program/procedural/c/arduino/adapters/ptolemy/vergil/actor/lib/demo/Life/Life.xml $PTII/ptolemy/cg/adapter/generic/program/procedural/c/arduino/adapters/ptolemy/vergil/actor/lib/demo/Life/Life
Running .Life
4039 ms. Memory: 2340352K Free: 963534K (41%)
Exported /home/travis/build/icyphy/ptII/ptolemy/cg/adapter/generic/program/procedural/c/arduino/adapters/ptolemy/vergil/actor/lib/demo/Life/Life/index.html
9470 ms. Memory: 2340352K Free: 509617K (22%)
####### 56 Sat May 12 02:38:31 UTC 2018 $PTII/bin/ptinvoke ptolemy.vergil.basic.export.ExportModel -force htm  -openComposites -timeOut 30000 -whiteBackground ptolemy/cg/adapter/generic/program/procedural/c/arduino/adapters/ptolemy/vergil/actor/lib/demo/Ultrasonic/Ultrasonic.xml $PTII/ptolemy/cg/adapter/generic/program/procedural/c/arduino/adapters/ptolemy/vergil/actor/lib/demo/Ultrasonic/Ultrasonic
Warning: not running ptolemy/cg/adapter/generic/program/procedural/c/arduino/adapters/ptolemy/vergil/actor/lib/demo/Ultrasonic/Ultrasonic.xml. See ptolemy/vergil/basic/export/test/junit/ExportModelJUnitTest.java
Exported /home/travis/build/icyphy/ptII/ptolemy/cg/adapter/generic/program/procedural/c/arduino/adapters/ptolemy/vergil/actor/lib/demo/Ultrasonic/Ultrasonic/index.html
3245 ms. Memory: 2340352K Free: 270622K (12%)
####### 57 Sat May 12 02:38:34 UTC 2018 $PTII/bin/ptinvoke ptolemy.vergil.basic.export.ExportModel -force htm -run -openComposites -timeOut 30000 -whiteBackground ptolemy/cg/kernel/generic/accessor/demo/TestComposite/TestComposite.xml $PTII/ptolemy/cg/kernel/generic/accessor/demo/TestComposite/TestComposite
Running .TestComposite
2048 ms. Memory: 2346496K Free: 1108390K (47%)
Exported /home/travis/build/icyphy/ptII/ptolemy/cg/kernel/generic/accessor/demo/TestComposite/TestComposite/index.html
7547 ms. Memory: 2346496K Free: 1070881K (46%)
####### 58 Sat May 12 02:38:42 UTC 2018 $PTII/bin/ptinvoke ptolemy.vergil.basic.export.ExportModel -force htm -run -openComposites -timeOut 30000 -whiteBackground ptolemy/cg/lib/demo/CompiledCompositeActor/CompiledCompositeActor.xml $PTII/ptolemy/cg/lib/demo/CompiledCompositeActor/CompiledCompositeActor
Running .CompiledCompositeActor
CompiledCompositeActor: Building shared object: The sharedObjectFile has a modification time that is earlier than the modelFile modification time.
Writing CompiledCompositeActor_CompiledCompositeActor.java in file:/home/travis/cg/ (13466 characters)
Reading "ptolemy/cg/kernel/generic/program/procedural/java/makefile.in",
    writing "/home/travis/cg/CompiledCompositeActor_CompiledCompositeActor.mk"
Using ptolemy/cg/kernel/generic/program/procedural/java/makefile.in
In "/home/travis/cg", about to execute:
    make -f CompiledCompositeActor_CompiledCompositeActor.mk
javac -classpath ".:."    CompiledCompositeActor_CompiledCompositeActor.java
All Done
1025 ms. Memory: 2346496K Free: 922029K (39%)
Exported /home/travis/build/icyphy/ptII/ptolemy/cg/lib/demo/CompiledCompositeActor/CompiledCompositeActor/index.html
5234 ms. Memory: 2346496K Free: 849810K (36%)
####### 59 Sat May 12 02:38:47 UTC 2018 $PTII/bin/ptinvoke ptolemy.vergil.basic.export.ExportModel -force htm  -openComposites -timeOut 30000 -whiteBackground ptolemy/cg/lib/demo/DECG/DECG.xml $PTII/ptolemy/cg/lib/demo/DECG/DECG
Warning: not running ptolemy/cg/lib/demo/DECG/DECG.xml. See ptolemy/vergil/basic/export/test/junit/ExportModelJUnitTest.java
Exported /home/travis/build/icyphy/ptII/ptolemy/cg/lib/demo/DECG/DECG/index.html
3192 ms. Memory: 2346496K Free: 703278K (30%)
####### 60 Sat May 12 02:38:50 UTC 2018 $PTII/bin/ptinvoke ptolemy.vergil.basic.export.ExportModel -force htm -run -openComposites -timeOut 30000 -whiteBackground ptolemy/cg/lib/demo/DECG/DECGClockRamp.xml $PTII/ptolemy/cg/lib/demo/DECG/DECGClockRamp
Running .DECGClockRamp
18 ms. Memory: 2346496K Free: 568748K (24%)
Exported /home/travis/build/icyphy/ptII/ptolemy/cg/lib/demo/DECG/DECGClockRamp/index.html
4255 ms. Memory: 2346496K Free: 547959K (23%)
####### 61 Sat May 12 02:38:55 UTC 2018 $PTII/bin/ptinvoke ptolemy.vergil.basic.export.ExportModel -force htm -run -openComposites -timeOut 30000 -whiteBackground ptolemy/cg/lib/demo/DECG/DECGDelay.xml $PTII/ptolemy/cg/lib/demo/DECG/DECGDelay
Running .DECGDelay
12 ms. Memory: 2346496K Free: 413206K (18%)
Exported /home/travis/build/icyphy/ptII/ptolemy/cg/lib/demo/DECG/DECGDelay/index.html
4223 ms. Memory: 2346496K Free: 392418K (17%)
####### 62 Sat May 12 02:38:59 UTC 2018 $PTII/bin/ptinvoke ptolemy.vergil.basic.export.ExportModel -force htm -run -openComposites -timeOut 30000 -whiteBackground ptolemy/cg/lib/demo/DECG/DECGHelloWorld.xml $PTII/ptolemy/cg/lib/demo/DECG/DECGHelloWorld
Running .DECGHelloWorld
18 ms. Memory: 2346496K Free: 240868K (10%)
Exported /home/travis/build/icyphy/ptII/ptolemy/cg/lib/demo/DECG/DECGHelloWorld/index.html
4207 ms. Memory: 2346496K Free: 220084K (9%)
####### 63 Sat May 12 02:39:03 UTC 2018 $PTII/bin/ptinvoke ptolemy.vergil.basic.export.ExportModel -force htm -run -openComposites -timeOut 30000 -whiteBackground ptolemy/cg/lib/demo/DECG/DECGHeterogeneous.xml $PTII/ptolemy/cg/lib/demo/DECG/DECGHeterogeneous
Running .DECGHeterogeneous
55 ms. Memory: 2348032K Free: 1552834K (66%)
Exported /home/travis/build/icyphy/ptII/ptolemy/cg/lib/demo/DECG/DECGHeterogeneous/index.html
4411 ms. Memory: 2348032K Free: 1484273K (63%)
####### 64 Sat May 12 02:39:07 UTC 2018 $PTII/bin/ptinvoke ptolemy.vergil.basic.export.ExportModel -force htm -run -openComposites -timeOut 30000 -whiteBackground ptolemy/cg/lib/demo/DECG/DECGHeterogeneousMk2.xml $PTII/ptolemy/cg/lib/demo/DECG/DECGHeterogeneousMk2
Running .DECGHeterogeneousMk2
73 ms. Memory: 2348032K Free: 1287315K (55%)
Exported /home/travis/build/icyphy/ptII/ptolemy/cg/lib/demo/DECG/DECGHeterogeneousMk2/index.html
4533 ms. Memory: 2348032K Free: 930640K (40%)
####### 65 Sat May 12 02:39:12 UTC 2018 $PTII/bin/ptinvoke ptolemy.vergil.basic.export.ExportModel -force htm -run -openComposites -timeOut 30000 -whiteBackground ptolemy/cg/lib/demo/DECG/DECGMath.xml $PTII/ptolemy/cg/lib/demo/DECG/DECGMath
Running .DECGMath
12 ms. Memory: 2348032K Free: 776469K (33%)
Exported /home/travis/build/icyphy/ptII/ptolemy/cg/lib/demo/DECG/DECGMath/index.html
4205 ms. Memory: 2348032K Free: 729706K (31%)
####### 66 Sat May 12 02:39:16 UTC 2018 $PTII/bin/ptinvoke ptolemy.vergil.basic.export.ExportModel -force htm -run -openComposites -timeOut 30000 -whiteBackground ptolemy/cg/lib/demo/DECG/DECGPi.xml $PTII/ptolemy/cg/lib/demo/DECG/DECGPi
Running .DECGPi
48 ms. Memory: 2348032K Free: 510703K (22%)
Exported /home/travis/build/icyphy/ptII/ptolemy/cg/lib/demo/DECG/DECGPi/index.html
4288 ms. Memory: 2348032K Free: 439129K (19%)
####### 67 Sat May 12 02:39:21 UTC 2018 $PTII/bin/ptinvoke ptolemy.vergil.basic.export.ExportModel -force htm -run -openComposites -timeOut 30000 -whiteBackground ptolemy/cg/lib/demo/DECG/DECGPiSquare.xml $PTII/ptolemy/cg/lib/demo/DECG/DECGPiSquare
Running .DECGPiSquare
152 ms. Memory: 2348032K Free: 216863K (9%)
Exported /home/travis/build/icyphy/ptII/ptolemy/cg/lib/demo/DECG/DECGPiSquare/index.html
4393 ms. Memory: 2348032K Free: 170093K (7%)
####### 68 Sat May 12 02:39:25 UTC 2018 $PTII/bin/ptinvoke ptolemy.vergil.basic.export.ExportModel -force htm -run -openComposites -timeOut 30000 -whiteBackground ptolemy/cg/lib/demo/DECG/DECGPoisson.xml $PTII/ptolemy/cg/lib/demo/DECG/DECGPoisson
Running .DECGPoisson
19 ms. Memory: 2310144K Free: 1620717K (70%)
Exported /home/travis/build/icyphy/ptII/ptolemy/cg/lib/demo/DECG/DECGPoisson/index.html
4297 ms. Memory: 2310144K Free: 1568684K (68%)
####### 69 Sat May 12 02:39:29 UTC 2018 $PTII/bin/ptinvoke ptolemy.vergil.basic.export.ExportModel -force htm  -openComposites -timeOut 30000 -whiteBackground ptolemy/cg/lib/demo/ModularCG/ModularCG.xml $PTII/ptolemy/cg/lib/demo/ModularCG/ModularCG
Warning: not running ptolemy/cg/lib/demo/ModularCG/ModularCG.xml. See ptolemy/vergil/basic/export/test/junit/ExportModelJUnitTest.java
Exported /home/travis/build/icyphy/ptII/ptolemy/cg/lib/demo/ModularCG/ModularCG/index.html
5194 ms. Memory: 2309120K Free: 942082K (41%)
####### 70 Sat May 12 02:39:34 UTC 2018 $PTII/bin/ptinvoke ptolemy.vergil.basic.export.ExportModel -force htm -run -openComposites -timeOut 30000 -whiteBackground ptolemy/cg/lib/demo/ModularCGPubSub/ModularCGPubSub.xml $PTII/ptolemy/cg/lib/demo/ModularCGPubSub/ModularCGPubSub
Running .ModularCGPubSub
In "/home/travis/cg", about to execute:
    pwd
/home/travis/cg
In "/home/travis/cg", about to execute:
    ls -l
total 396
-rw-rw-r-- 1 travis travis    476 May 12 02:38 Blink_EmbeddedCodeActor.class
-rw-rw-r-- 1 travis travis    270 May 12 02:38 Blink_EmbeddedCodeActor.java
-rw-rw-r-- 1 travis travis   2870 May 12 02:38 Blink_EmbeddedCodeActor_Main.c
-rw-rw-r-- 1 travis travis   1596 May 12 02:38 Blink_EmbeddedCodeActor_Main.h
-rw-rw-r-- 1 travis travis   1793 May 12 02:38 Blink_EmbeddedCodeActor.mk
drwxrwxr-x 2 travis travis   4096 May 12 02:38 commons
-rw-rw-r-- 1 travis travis   4895 May 12 02:38 CompiledCompositeActor_CompiledCompositeActor.class
-rw-rw-r-- 1 travis travis   1592 May 12 02:38 CompiledCompositeActor_CompiledCompositeActor$_CompiledCompositeActor_CompiledCompositeActor.class
-rw-rw-r-- 1 travis travis  13466 May 12 02:38 CompiledCompositeActor_CompiledCompositeActor.java
-rw-rw-r-- 1 travis travis   1593 May 12 02:38 CompiledCompositeActor_CompiledCompositeActor.mk
drwxrwxr-x 2 travis travis   4096 May 12 02:38 _EmbeddedCodeActor
-rwxrwxr-x 1 travis travis 328528 May 12 02:38 libBlink_EmbeddedCodeActor.so
-rw-rw-r-- 1 travis travis   1222 May 12 02:39 ModularCGPubSub_A1_A2_profile.java
-rw-rw-r-- 1 travis travis    432 May 12 02:38 Token.class
-rw-rw-r-- 1 travis travis    251 May 12 02:38 Token.java
In "/home/travis/cg", about to execute:
    javac -classpath
.:/home/travis/build/icyphy/ptII:/home/travis/build/icyphy/ptII/lib/bsh-2.0b4.j
ar:/home/travis/build/icyphy/ptII/lib/ptCal.jar:/home/travis/build/icyphy/ptII/
lib/java_cup.jar:/home/travis/build/icyphy/ptII/lib/saxon8.jar:/home/travis/bui
ld/icyphy/ptII/lib/saxon8-dom.jar:/home/travis/build/icyphy/ptII/lib/chic.jar:/
home/travis/build/icyphy/ptII/lib/ptcolt.jar:/usr/lib/jvm/java-8-oracle/lib/too
ls.jar:/usr/lib/eclipse/plugins/org.eclipse.jdt.core_3.8.2.dist.jar:/usr/lib/ec
lipse/plugins/org.eclipse.core.runtime_3.8.0.dist.jar:/usr/lib/eclipse/plugins/
org.eclipse.osgi_3.8.1.dist.jar:/usr/lib/eclipse/plugins/org.eclipse.core.resou
rces_3.8.1.dist.jar:/usr/lib/eclipse/plugins/org.eclipse.equinox.common_3.6.100
.dist.jar:/usr/lib/eclipse/plugins/org.eclipse.core.jobs_3.5.200.dist.jar:/usr/
lib/eclipse/plugins/org.eclipse.core.contenttype_3.4.200.dist.jar:/usr/lib/ecli
pse/plugins/org.eclipse.equinox.preferences_3.5.0.dist.jar:/usr/lib/eclipse/plu
gins/org.eclipse.text_3.5.200.dist.jar:/usr/lib/eclipse/plugins/org.eclipse.ui.
workbench_3.8.1.dist.jar:/usr/lib/eclipse/plugins/org.eclipse.jface_3.8.0.dist.
jar:/usr/lib/eclipse/plugins/org.eclipse.swt_3.8.2.jar:/usr/lib/eclipse/plugins
/org.eclipse.jface.text_3.8.1.dist.jar:/usr/lib/eclipse/plugins/org.eclipse.ui.
workbench.texteditor_3.8.0.dist.jar:/usr/lib/eclipse/plugins/org.eclipse.ui.edi
tors_3.8.0.dist.jar:/usr/lib/eclipse/plugins/org.eclipse.core.commands_3.6.1.di
st.jar:/usr/lib/eclipse/plugins/org.eclipse.equinox.registry_3.5.200.dist.jar:/
usr/lib/eclipse/plugins/org.eclipse.ui.console_3.5.100.dist.jar:/usr/lib/eclips
e/plugins/org.eclipse.ui.forms_3.5.200.dist.jar:/usr/lib/eclipse/plugins/org.ec
lipse.ui.ide_3.8.1.dist.jar:/home/travis/build/icyphy/ptII/vendors/oracle/dbxml
.jar:/home/travis/build/icyphy/ptII/vendors/oracle/db.jar:/home/travis/build/ic
yphy/ptII/vendors/misc/itext/iText.jar:/home/travis/build/icyphy/ptII/lib/g4ltl
.jar:/home/travis/build/icyphy/ptII/lib/StructuralCoder.jar:/home/travis/build/
icyphy/ptII/lib/org-openide-util.jar:/home/travis/build/icyphy/ptII/lib/org-ope
nide-util-lookup.jar:/home/travis/build/icyphy/ptII/lib/org-netbeans-api-visual
.jar:/home/travis/build/icyphy/ptII/vendors/jai-1_1_2_01/lib/jai_core.jar:/home
/travis/build/icyphy/ptII/vendors/jai-1_1_2_01/lib/jai_codec.jar:/home/travis/b
uild/icyphy/ptII/lib/jcerti.jar:/home/travis/build/icyphy/ptII/lib/smack.jar:/h
ome/travis/build/icyphy/ptII/lib/smackx.jar:/home/travis/build/icyphy/ptII/lib/
jetty-all-8.1.5-v20120716.jar:/home/travis/build/icyphy/ptII/lib/javax.servlet-
api-3.0.1.jar:/home/travis/build/icyphy/ptII/lib/javax.mail.jar:/home/travis/bu
ild/icyphy/ptII/vendors/JMF-2.1.1e/lib/jmf.jar:/home/travis/build/icyphy/ptII/l
ib/jna-4.0.0-variadic.jar:/home/travis/build/icyphy/ptII/vendors/misc/joystick/
Joystick.jar:/home/travis/build/icyphy/ptII/lib/ptjacl.jar:/home/travis/build/i
cyphy/ptII/lib/jsoup-1.8.2.jar:/home/travis/build/icyphy/ptII/lib/junit-4.8.2.j
ar:/home/travis/build/icyphy/ptII/lib/JUnitParams-0.4.0.jar:/home/travis/build/
icyphy/ptII/ptolemy/actor/lib/excel/jxl.jar:/home/travis/build/icyphy/ptII/lib/
jython.jar:/home/travis/build/icyphy/ptII/lib/kieler.jar:/home/travis/build/icy
phy/ptII/vendors/opencv/share/OpenCV/java/opencv-341.jar:/home/travis/build/icy
phy/ptII/lib/oscP5.jar:/home/travis/build/icyphy/ptII/lib/nrjavaserial-3.11.0.d
evel.jar:/usr/share/java/j3dcore.jar:/usr/share/java/j3dutils.jar:/usr/share/ja
va/vecmath.jar:/home/travis/build/icyphy/ptII/ptolemy/distributed/jini/jar/jini
-core.jar:/home/travis/build/icyphy/ptII/ptolemy/distributed/jini/jar/jini-ext.
jar:/home/travis/build/icyphy/ptII/ptolemy/distributed/jini/jar/sun-util.jar:/h
ome/travis/build/icyphy/ptII/lib/protobuf-java-2.4.1.jar:/home/travis/build/icy
phy/ptII/lib/org.eclipse.paho.client.mqttv3.jar:/home/travis/build/icyphy/ptII/
ptserver/lib/hessian-4.0.7.jar:/home/travis/build/icyphy/ptII/ptserver/lib/wmqt
t.jar:/home/travis/build/icyphy/ptII/lib/mapss.jar:/home/travis/build/icyphy/pt
II/ptolemy/actor/ptalon/antlr/antlr.jar:/home/travis/build/icyphy/ptII/lib/JRI.
jar:/home/travis/build/icyphy/ptII/lib/commons-lang-2.6.jar:/home/travis/build/
icyphy/ptII/lib/commons-logging-1.1.1.jar:/home/travis/build/icyphy/ptII/lib/so
otclasses.jar:/home/travis/build/icyphy/ptII/ptolemy/actor/lib/database/mysql-c
onnector-java-5.1.6-bin.jar:/home/travis/build/icyphy/ptII/vendors/misc/sphinx4
/sphinx4-data-5prealpha.jar:/home/travis/build/icyphy/ptII/vendors/misc/sphinx4
/sphinx4-core-5prealpha.jar:/home/travis/build/icyphy/ptII/lib/PDFRenderer.jar:
/home/travis/build/icyphy/ptII/lib/svgSalamander.jar:/home/travis/build/icyphy/
ptII/lib/rsyntaxtextarea-2.6.0-SNAPSHOT.jar:/home/travis/build/icyphy/ptII/lib/
hazelcast-3.8.2.jar:/home/travis/build/icyphy/ptII/lib/jackson-annotations-2.9.
0.jar:/home/travis/build/icyphy/ptII/lib/jackson-core-2.9.3.jar:/home/travis/bu
ild/icyphy/ptII/lib/jackson-databind-2.9.3.jar:/home/travis/build/icyphy/ptII/l
ib/netty-buffer-4.1.19.Final.jar:/home/travis/build/icyphy/ptII/lib/netty-codec
-4.1.19.Final.jar:/home/travis/build/icyphy/ptII/lib/netty-codec-dns-4.1.19.Fin
al.jar:/home/travis/build/icyphy/ptII/lib/netty-codec-http-4.1.19.Final.jar:/ho
me/travis/build/icyphy/ptII/lib/netty-codec-http2-4.1.19.Final.jar:/home/travis
/build/icyphy/ptII/lib/netty-common-4.1.19.Final.jar:/home/travis/build/icyphy/
ptII/lib/netty-handler-4.1.19.Final.jar:/home/travis/build/icyphy/ptII/lib/nett
y-resolver-4.1.19.Final.jar:/home/travis/build/icyphy/ptII/lib/netty-resolver-d
ns-4.1.19.Final.jar:/home/travis/build/icyphy/ptII/lib/netty-transport-4.1.19.F
inal.jar:/home/travis/build/icyphy/ptII/lib/vertx-codegen-3.5.1.jar:/home/travi
s/build/icyphy/ptII/lib/vertx-core-3.5.2-SNAPSHOT.jar:/home/travis/build/icyphy
/ptII/lib/vertx-hazelcast-3.5.1.jar:/home/travis/build/icyphy/ptII/lib/vertx-la
ng-js-3.5.1.jar:/home/travis/build/icyphy/ptII/lib/vertx-service-proxy-3.5.1.ja
r:/home/travis/build/icyphy/ptII/lib/vertx-web-3.5.1.jar:/home/travis/build/icy
phy/ptII/lib/slf4j-api-1.7.13.jar:/home/travis/build/icyphy/ptII/lib/slf4j-simp
le-1.7.13.jar:/home/travis/build/icyphy/ptII/lib/webcam-capture-0.3.12.jar:/hom
e/travis/build/icyphy/ptII/lib/bridj-0.7.0.jar:/home/travis/build/icyphy/ptII/l
ib/xbjlib-1.1.0.nrjavaserial.jar:/home/travis/build/icyphy/ptII/ptolemy/moml/te
st:/home/travis/build/icyphy/ptII/ant/lib/ant-launcher.jar:/home/travis/build/i
cyphy/ptII/ant/lib/ant.jar:/home/travis/build/icyphy/ptII/ant/lib/ant-junit.jar
:/home/travis/build/icyphy/ptII/ant/lib/ant-junit4.jar:/home/travis/build/icyph
y/ptII ModularCGPubSub_A1_A2_profile.java
warning: Supported source version 'RELEASE_6' from annotation processor 'org.netbeans.modules.openide.util.NbBundleProcessor' less than -source '1.8'
warning: Supported source version 'RELEASE_6' from annotation processor 'org.netbeans.modules.openide.util.URLStreamHandlerRegistrationProcessor' less than -source '1.8'
warning: Supported source version 'RELEASE_6' from annotation processor 'org.netbeans.modules.openide.util.ServiceProviderProcessor' less than -source '1.8'
3 warnings
All Done
Writing ModularCGPubSub_A1_A2.java in file:/home/travis/cg/ (9076 characters)
Reading "ptolemy/cg/kernel/generic/program/procedural/java/modular/makefile.in",
    writing "/home/travis/cg/ModularCGPubSub_A1_A2.mk"
Using ptolemy/cg/kernel/generic/program/procedural/java/modular/makefile.in
In "/home/travis/cg", about to execute:
    make -f ModularCGPubSub_A1_A2.mk
javac -classpath ".:.."    ModularCGPubSub_A1_A2.java
All Done
In "/home/travis/cg", about to execute:
    pwd
/home/travis/cg
In "/home/travis/cg", about to execute:
    ls -l
total 424
-rw-rw-r-- 1 travis travis    476 May 12 02:38 Blink_EmbeddedCodeActor.class
-rw-rw-r-- 1 travis travis    270 May 12 02:38 Blink_EmbeddedCodeActor.java
-rw-rw-r-- 1 travis travis   2870 May 12 02:38 Blink_EmbeddedCodeActor_Main.c
-rw-rw-r-- 1 travis travis   1596 May 12 02:38 Blink_EmbeddedCodeActor_Main.h
-rw-rw-r-- 1 travis travis   1793 May 12 02:38 Blink_EmbeddedCodeActor.mk
drwxrwxr-x 2 travis travis   4096 May 12 02:38 commons
-rw-rw-r-- 1 travis travis   4895 May 12 02:38 CompiledCompositeActor_CompiledCompositeActor.class
-rw-rw-r-- 1 travis travis   1592 May 12 02:38 CompiledCompositeActor_CompiledCompositeActor$_CompiledCompositeActor_CompiledCompositeActor.class
-rw-rw-r-- 1 travis travis  13466 May 12 02:38 CompiledCompositeActor_CompiledCompositeActor.java
-rw-rw-r-- 1 travis travis   1593 May 12 02:38 CompiledCompositeActor_CompiledCompositeActor.mk
drwxrwxr-x 2 travis travis   4096 May 12 02:38 _EmbeddedCodeActor
-rwxrwxr-x 1 travis travis 328528 May 12 02:38 libBlink_EmbeddedCodeActor.so
-rw-rw-r-- 1 travis travis   3473 May 12 02:39 ModularCGPubSub_A1_A2.class
-rw-rw-r-- 1 travis travis   9076 May 12 02:39 ModularCGPubSub_A1_A2.java
-rw-rw-r-- 1 travis travis    880 May 12 02:39 ModularCGPubSub_A1_A2.mk
-rw-rw-r-- 1 travis travis   1300 May 12 02:39 ModularCGPubSub_A1_A2_profile.class
-rw-rw-r-- 1 travis travis   1222 May 12 02:39 ModularCGPubSub_A1_A2_profile.java
-rw-rw-r-- 1 travis travis   1388 May 12 02:39 ModularCGPubSub_A1_profile.java
-rw-rw-r-- 1 travis travis    432 May 12 02:39 Token.class
-rw-rw-r-- 1 travis travis    251 May 12 02:39 Token.java
In "/home/travis/cg", about to execute:
    javac -classpath
.:/home/travis/build/icyphy/ptII:/home/travis/build/icyphy/ptII/lib/bsh-2.0b4.j
ar:/home/travis/build/icyphy/ptII/lib/ptCal.jar:/home/travis/build/icyphy/ptII/
lib/java_cup.jar:/home/travis/build/icyphy/ptII/lib/saxon8.jar:/home/travis/bui
ld/icyphy/ptII/lib/saxon8-dom.jar:/home/travis/build/icyphy/ptII/lib/chic.jar:/
home/travis/build/icyphy/ptII/lib/ptcolt.jar:/usr/lib/jvm/java-8-oracle/lib/too
ls.jar:/usr/lib/eclipse/plugins/org.eclipse.jdt.core_3.8.2.dist.jar:/usr/lib/ec
lipse/plugins/org.eclipse.core.runtime_3.8.0.dist.jar:/usr/lib/eclipse/plugins/
org.eclipse.osgi_3.8.1.dist.jar:/usr/lib/eclipse/plugins/org.eclipse.core.resou
rces_3.8.1.dist.jar:/usr/lib/eclipse/plugins/org.eclipse.equinox.common_3.6.100
.dist.jar:/usr/lib/eclipse/plugins/org.eclipse.core.jobs_3.5.200.dist.jar:/usr/
lib/eclipse/plugins/org.eclipse.core.contenttype_3.4.200.dist.jar:/usr/lib/ecli
pse/plugins/org.eclipse.equinox.preferences_3.5.0.dist.jar:/usr/lib/eclipse/plu
gins/org.eclipse.text_3.5.200.dist.jar:/usr/lib/eclipse/plugins/org.eclipse.ui.
workbench_3.8.1.dist.jar:/usr/lib/eclipse/plugins/org.eclipse.jface_3.8.0.dist.
jar:/usr/lib/eclipse/plugins/org.eclipse.swt_3.8.2.jar:/usr/lib/eclipse/plugins
/org.eclipse.jface.text_3.8.1.dist.jar:/usr/lib/eclipse/plugins/org.eclipse.ui.
workbench.texteditor_3.8.0.dist.jar:/usr/lib/eclipse/plugins/org.eclipse.ui.edi
tors_3.8.0.dist.jar:/usr/lib/eclipse/plugins/org.eclipse.core.commands_3.6.1.di
st.jar:/usr/lib/eclipse/plugins/org.eclipse.equinox.registry_3.5.200.dist.jar:/
usr/lib/eclipse/plugins/org.eclipse.ui.console_3.5.100.dist.jar:/usr/lib/eclips
e/plugins/org.eclipse.ui.forms_3.5.200.dist.jar:/usr/lib/eclipse/plugins/org.ec
lipse.ui.ide_3.8.1.dist.jar:/home/travis/build/icyphy/ptII/vendors/oracle/dbxml
.jar:/home/travis/build/icyphy/ptII/vendors/oracle/db.jar:/home/travis/build/ic
yphy/ptII/vendors/misc/itext/iText.jar:/home/travis/build/icyphy/ptII/lib/g4ltl
.jar:/home/travis/build/icyphy/ptII/lib/StructuralCoder.jar:/home/travis/build/
icyphy/ptII/lib/org-openide-util.jar:/home/travis/build/icyphy/ptII/lib/org-ope
nide-util-lookup.jar:/home/travis/build/icyphy/ptII/lib/org-netbeans-api-visual
.jar:/home/travis/build/icyphy/ptII/vendors/jai-1_1_2_01/lib/jai_core.jar:/home
/travis/build/icyphy/ptII/vendors/jai-1_1_2_01/lib/jai_codec.jar:/home/travis/b
uild/icyphy/ptII/lib/jcerti.jar:/home/travis/build/icyphy/ptII/lib/smack.jar:/h
ome/travis/build/icyphy/ptII/lib/smackx.jar:/home/travis/build/icyphy/ptII/lib/
jetty-all-8.1.5-v20120716.jar:/home/travis/build/icyphy/ptII/lib/javax.servlet-
api-3.0.1.jar:/home/travis/build/icyphy/ptII/lib/javax.mail.jar:/home/travis/bu
ild/icyphy/ptII/vendors/JMF-2.1.1e/lib/jmf.jar:/home/travis/build/icyphy/ptII/l
ib/jna-4.0.0-variadic.jar:/home/travis/build/icyphy/ptII/vendors/misc/joystick/
Joystick.jar:/home/travis/build/icyphy/ptII/lib/ptjacl.jar:/home/travis/build/i
cyphy/ptII/lib/jsoup-1.8.2.jar:/home/travis/build/icyphy/ptII/lib/junit-4.8.2.j
ar:/home/travis/build/icyphy/ptII/lib/JUnitParams-0.4.0.jar:/home/travis/build/
icyphy/ptII/ptolemy/actor/lib/excel/jxl.jar:/home/travis/build/icyphy/ptII/lib/
jython.jar:/home/travis/build/icyphy/ptII/lib/kieler.jar:/home/travis/build/icy
phy/ptII/vendors/opencv/share/OpenCV/java/opencv-341.jar:/home/travis/build/icy
phy/ptII/lib/oscP5.jar:/home/travis/build/icyphy/ptII/lib/nrjavaserial-3.11.0.d
evel.jar:/usr/share/java/j3dcore.jar:/usr/share/java/j3dutils.jar:/usr/share/ja
va/vecmath.jar:/home/travis/build/icyphy/ptII/ptolemy/distributed/jini/jar/jini
-core.jar:/home/travis/build/icyphy/ptII/ptolemy/distributed/jini/jar/jini-ext.
jar:/home/travis/build/icyphy/ptII/ptolemy/distributed/jini/jar/sun-util.jar:/h
ome/travis/build/icyphy/ptII/lib/protobuf-java-2.4.1.jar:/home/travis/build/icy
phy/ptII/lib/org.eclipse.paho.client.mqttv3.jar:/home/travis/build/icyphy/ptII/
ptserver/lib/hessian-4.0.7.jar:/home/travis/build/icyphy/ptII/ptserver/lib/wmqt
t.jar:/home/travis/build/icyphy/ptII/lib/mapss.jar:/home/travis/build/icyphy/pt
II/ptolemy/actor/ptalon/antlr/antlr.jar:/home/travis/build/icyphy/ptII/lib/JRI.
jar:/home/travis/build/icyphy/ptII/lib/commons-lang-2.6.jar:/home/travis/build/
icyphy/ptII/lib/commons-logging-1.1.1.jar:/home/travis/build/icyphy/ptII/lib/so
otclasses.jar:/home/travis/build/icyphy/ptII/ptolemy/actor/lib/database/mysql-c
onnector-java-5.1.6-bin.jar:/home/travis/build/icyphy/ptII/vendors/misc/sphinx4
/sphinx4-data-5prealpha.jar:/home/travis/build/icyphy/ptII/vendors/misc/sphinx4
/sphinx4-core-5prealpha.jar:/home/travis/build/icyphy/ptII/lib/PDFRenderer.jar:
/home/travis/build/icyphy/ptII/lib/svgSalamander.jar:/home/travis/build/icyphy/
ptII/lib/rsyntaxtextarea-2.6.0-SNAPSHOT.jar:/home/travis/build/icyphy/ptII/lib/
hazelcast-3.8.2.jar:/home/travis/build/icyphy/ptII/lib/jackson-annotations-2.9.
0.jar:/home/travis/build/icyphy/ptII/lib/jackson-core-2.9.3.jar:/home/travis/bu
ild/icyphy/ptII/lib/jackson-databind-2.9.3.jar:/home/travis/build/icyphy/ptII/l
ib/netty-buffer-4.1.19.Final.jar:/home/travis/build/icyphy/ptII/lib/netty-codec
-4.1.19.Final.jar:/home/travis/build/icyphy/ptII/lib/netty-codec-dns-4.1.19.Fin
al.jar:/home/travis/build/icyphy/ptII/lib/netty-codec-http-4.1.19.Final.jar:/ho
me/travis/build/icyphy/ptII/lib/netty-codec-http2-4.1.19.Final.jar:/home/travis
/build/icyphy/ptII/lib/netty-common-4.1.19.Final.jar:/home/travis/build/icyphy/
ptII/lib/netty-handler-4.1.19.Final.jar:/home/travis/build/icyphy/ptII/lib/nett
y-resolver-4.1.19.Final.jar:/home/travis/build/icyphy/ptII/lib/netty-resolver-d
ns-4.1.19.Final.jar:/home/travis/build/icyphy/ptII/lib/netty-transport-4.1.19.F
inal.jar:/home/travis/build/icyphy/ptII/lib/vertx-codegen-3.5.1.jar:/home/travi
s/build/icyphy/ptII/lib/vertx-core-3.5.2-SNAPSHOT.jar:/home/travis/build/icyphy
/ptII/lib/vertx-hazelcast-3.5.1.jar:/home/travis/build/icyphy/ptII/lib/vertx-la
ng-js-3.5.1.jar:/home/travis/build/icyphy/ptII/lib/vertx-service-proxy-3.5.1.ja
r:/home/travis/build/icyphy/ptII/lib/vertx-web-3.5.1.jar:/home/travis/build/icy
phy/ptII/lib/slf4j-api-1.7.13.jar:/home/travis/build/icyphy/ptII/lib/slf4j-simp
le-1.7.13.jar:/home/travis/build/icyphy/ptII/lib/webcam-capture-0.3.12.jar:/hom
e/travis/build/icyphy/ptII/lib/bridj-0.7.0.jar:/home/travis/build/icyphy/ptII/l
ib/xbjlib-1.1.0.nrjavaserial.jar:/home/travis/build/icyphy/ptII/ptolemy/moml/te
st:/home/travis/build/icyphy/ptII/ant/lib/ant-launcher.jar:/home/travis/build/i
cyphy/ptII/ant/lib/ant.jar:/home/travis/build/icyphy/ptII/ant/lib/ant-junit.jar
:/home/travis/build/icyphy/ptII/ant/lib/ant-junit4.jar:/home/travis/build/icyph
y/ptII ModularCGPubSub_A1_profile.java
warning: Supported source version 'RELEASE_6' from annotation processor 'org.netbeans.modules.openide.util.NbBundleProcessor' less than -source '1.8'
warning: Supported source version 'RELEASE_6' from annotation processor 'org.netbeans.modules.openide.util.URLStreamHandlerRegistrationProcessor' less than -source '1.8'
warning: Supported source version 'RELEASE_6' from annotation processor 'org.netbeans.modules.openide.util.ServiceProviderProcessor' less than -source '1.8'
3 warnings
All Done
Writing ModularCGPubSub_A1.java in file:/home/travis/cg/ (9836 characters)
Reading "ptolemy/cg/kernel/generic/program/procedural/java/modular/makefile.in",
    writing "/home/travis/cg/ModularCGPubSub_A1.mk"
Using ptolemy/cg/kernel/generic/program/procedural/java/modular/makefile.in
In "/home/travis/cg", about to execute:
    make -f ModularCGPubSub_A1.mk
javac -classpath ".:.."    ModularCGPubSub_A1.java
All Done
5881 ms. Memory: 2299392K Free: 1514681K (66%)
Exported /home/travis/build/icyphy/ptII/ptolemy/cg/lib/demo/ModularCGPubSub/ModularCGPubSub/index.html
12553 ms. Memory: 2299392K Free: 583336K (25%)
####### 71 Sat May 12 02:39:47 UTC 2018 $PTII/bin/ptinvoke ptolemy.vergil.basic.export.ExportModel -force htm  -openComposites -timeOut 30000 -whiteBackground ptolemy/cg/lib/demo/Scale/Scale.xml $PTII/ptolemy/cg/lib/demo/Scale/Scale
Warning: not running ptolemy/cg/lib/demo/Scale/Scale.xml. See ptolemy/vergil/basic/export/test/junit/ExportModelJUnitTest.java
Exported /home/travis/build/icyphy/ptII/ptolemy/cg/lib/demo/Scale/Scale/index.html
3205 ms. Memory: 2299392K Free: 460705K (20%)
####### 72 Sat May 12 02:39:50 UTC 2018 $PTII/bin/ptinvoke ptolemy.vergil.basic.export.ExportModel -force htm  -openComposites -timeOut 30000 -whiteBackground ptolemy/cg/lib/demo/Scale/ScaleC.xml $PTII/ptolemy/cg/lib/demo/Scale/ScaleC
Warning: not running ptolemy/cg/lib/demo/Scale/ScaleC.xml. See ptolemy/vergil/basic/export/test/junit/ExportModelJUnitTest.java
Exported /home/travis/build/icyphy/ptII/ptolemy/cg/lib/demo/Scale/ScaleC/index.html
3200 ms. Memory: 2299392K Free: 338258K (15%)
####### 73 Sat May 12 02:39:53 UTC 2018 $PTII/bin/ptinvoke ptolemy.vergil.basic.export.ExportModel -force htm -run -openComposites -timeOut 30000 -whiteBackground ptolemy/cg/lib/demo/Scale/ScaleCFlat.xml $PTII/ptolemy/cg/lib/demo/Scale/ScaleCFlat
Running .ScaleCFlat
56 ms. Memory: 2299392K Free: 163636K (7%)
Exported /home/travis/build/icyphy/ptII/ptolemy/cg/lib/demo/Scale/ScaleCFlat/index.html
4279 ms. Memory: 2299392K Free: 131583K (6%)
####### 74 Sat May 12 02:39:58 UTC 2018 $PTII/bin/ptinvoke ptolemy.vergil.basic.export.ExportModel -force htm -run -openComposites -timeOut 30000 -whiteBackground ptolemy/cg/lib/demo/Scale/ScaleJava.xml $PTII/ptolemy/cg/lib/demo/Scale/ScaleJava
Running .ScaleJava
CompiledCompositeActor: Building shared object: The sharedObjectFile has a modification time that is earlier than the modelFile modification time.
Writing ScaleJava_EmbeddedActor.java in file:/home/travis/cg/ (9330 characters)
Reading "ptolemy/cg/kernel/generic/program/procedural/java/makefile.in",
    writing "/home/travis/cg/ScaleJava_EmbeddedActor.mk"
Using ptolemy/cg/kernel/generic/program/procedural/java/makefile.in
In "/home/travis/cg", about to execute:
    make -f ScaleJava_EmbeddedActor.mk
javac -classpath ".:."    ScaleJava_EmbeddedActor.java
All Done
725 ms. Memory: 2317312K Free: 1554364K (67%)
Exported /home/travis/build/icyphy/ptII/ptolemy/cg/lib/demo/Scale/ScaleJava/index.html
4936 ms. Memory: 2317312K Free: 1522147K (66%)
####### 75 Sat May 12 02:40:03 UTC 2018 $PTII/bin/ptinvoke ptolemy.vergil.basic.export.ExportModel -force htm -run -openComposites -timeOut 30000 -whiteBackground ptolemy/configs/doc/ClassesIllustrated.xml $PTII/ptolemy/configs/doc/ClassesIllustrated
Running .ClassesIllustrated
2 ms. Memory: 2317312K Free: 1374839K (59%)
Exported /home/travis/build/icyphy/ptII/ptolemy/configs/doc/ClassesIllustrated/index.html
4361 ms. Memory: 2317312K Free: 1166444K (50%)
####### 76 Sat May 12 02:40:07 UTC 2018 $PTII/bin/ptinvoke ptolemy.vergil.basic.export.ExportModel -force htm -run -openComposites -timeOut 30000 -whiteBackground ptolemy/data/ontologies/demo/CarTracking/CarTracking.xml $PTII/ptolemy/data/ontologies/demo/CarTracking/CarTracking
Running .CarTracking
3625 ms. Memory: 2317312K Free: 167834K (7%)
Exported /home/travis/build/icyphy/ptII/ptolemy/data/ontologies/demo/CarTracking/CarTracking/index.html
9557 ms. Memory: 2296320K Free: 1081035K (47%)
####### 77 Sat May 12 02:40:16 UTC 2018 $PTII/bin/ptinvoke ptolemy.vergil.basic.export.ExportModel -force htm -run -openComposites -timeOut 30000 -whiteBackground ptolemy/data/ontologies/demo/ConstAbstractInterpretation/ConstAbstractInterpretation.xml $PTII/ptolemy/data/ontologies/demo/ConstAbstractInterpretation/ConstAbstractInterpretation
Running .ConstAbstractInterpretation
362 ms. Memory: 2296320K Free: 839327K (37%)
Exported /home/travis/build/icyphy/ptII/ptolemy/data/ontologies/demo/ConstAbstractInterpretation/ConstAbstractInterpretation/index.html
4665 ms. Memory: 2296320K Free: 774519K (34%)
####### 78 Sat May 12 02:40:21 UTC 2018 $PTII/bin/ptinvoke ptolemy.vergil.basic.export.ExportModel -force htm  -openComposites -timeOut 30000 -whiteBackground ptolemy/data/ontologies/demo/ConstAbstractInterpretationObservable/ConstAbstractInterpretationObservable.xml $PTII/ptolemy/data/ontologies/demo/ConstAbstractInterpretationObservable/ConstAbstractInterpretationObservable
Warning: not running ptolemy/data/ontologies/demo/ConstAbstractInterpretationObservable/ConstAbstractInterpretationObservable.xml. See ptolemy/vergil/basic/export/test/junit/ExportModelJUnitTest.java
Exported /home/travis/build/icyphy/ptII/ptolemy/data/ontologies/demo/ConstAbstractInterpretationObservable/ConstAbstractInterpretationObservable/index.html
3212 ms. Memory: 2296320K Free: 647001K (28%)
####### 79 Sat May 12 02:40:24 UTC 2018 $PTII/bin/ptinvoke ptolemy.vergil.basic.export.ExportModel -force htm -run -openComposites -timeOut 30000 -whiteBackground ptolemy/data/ontologies/demo/ConstAbstractInterpretationObservable/ConstComparatorEqualToDemo.xml $PTII/ptolemy/data/ontologies/demo/ConstAbstractInterpretationObservable/ConstComparatorEqualToDemo
Running .ConstComparatorEqualToDemo
2016 ms. Memory: 2292736K Free: 1299218K (57%)
Exported /home/travis/build/icyphy/ptII/ptolemy/data/ontologies/demo/ConstAbstractInterpretationObservable/ConstComparatorEqualToDemo/index.html
6353 ms. Memory: 2292736K Free: 1237358K (54%)
####### 80 Sat May 12 02:40:31 UTC 2018 $PTII/bin/ptinvoke ptolemy.vergil.basic.export.ExportModel -force htm -run -openComposites -timeOut 30000 -whiteBackground ptolemy/data/ontologies/demo/ConstAbstractInterpretationObservable/ConstComparatorGreaterThanDemo.xml $PTII/ptolemy/data/ontologies/demo/ConstAbstractInterpretationObservable/ConstComparatorGreaterThanDemo
Running .ConstComparatorGreaterThanDemo
1612 ms. Memory: 2292736K Free: 377644K (16%)
Exported /home/travis/build/icyphy/ptII/ptolemy/data/ontologies/demo/ConstAbstractInterpretationObservable/ConstComparatorGreaterThanDemo/index.html
5887 ms. Memory: 2292736K Free: 315807K (14%)
####### 81 Sat May 12 02:40:37 UTC 2018 $PTII/bin/ptinvoke ptolemy.vergil.basic.export.ExportModel -force htm -run -openComposites -timeOut 30000 -whiteBackground ptolemy/data/ontologies/demo/ConstAbstractInterpretationObservable/ConstComparatorGTEDemo.xml $PTII/ptolemy/data/ontologies/demo/ConstAbstractInterpretationObservable/ConstComparatorGTEDemo
Running .ConstComparatorGTEDemo
1441 ms. Memory: 2303488K Free: 976022K (42%)
Exported /home/travis/build/icyphy/ptII/ptolemy/data/ontologies/demo/ConstAbstractInterpretationObservable/ConstComparatorGTEDemo/index.html
5748 ms. Memory: 2303488K Free: 909408K (39%)
####### 82 Sat May 12 02:40:42 UTC 2018 $PTII/bin/ptinvoke ptolemy.vergil.basic.export.ExportModel -force htm -run -openComposites -timeOut 30000 -whiteBackground ptolemy/data/ontologies/demo/ConstAbstractInterpretationObservable/ConstComparatorLessThanDemo.xml $PTII/ptolemy/data/ontologies/demo/ConstAbstractInterpretationObservable/ConstComparatorLessThanDemo
Running .ConstComparatorLessThanDemo
1299 ms. Memory: 2267648K Free: 1482319K (65%)
Exported /home/travis/build/icyphy/ptII/ptolemy/data/ontologies/demo/ConstAbstractInterpretationObservable/ConstComparatorLessThanDemo/index.html
5555 ms. Memory: 2267648K Free: 1420768K (63%)
####### 83 Sat May 12 02:40:48 UTC 2018 $PTII/bin/ptinvoke ptolemy.vergil.basic.export.ExportModel -force htm -run -openComposites -timeOut 30000 -whiteBackground ptolemy/data/ontologies/demo/ConstAbstractInterpretationObservable/ConstComparatorLTEDemo.xml $PTII/ptolemy/data/ontologies/demo/ConstAbstractInterpretationObservable/ConstComparatorLTEDemo
Running .ConstComparatorLTEDemo
1216 ms. Memory: 2267648K Free: 536029K (24%)
Exported /home/travis/build/icyphy/ptII/ptolemy/data/ontologies/demo/ConstAbstractInterpretationObservable/ConstComparatorLTEDemo/index.html
5661 ms. Memory: 2267648K Free: 474502K (21%)
####### 84 Sat May 12 02:40:54 UTC 2018 $PTII/bin/ptinvoke ptolemy.vergil.basic.export.ExportModel -force htm -run -openComposites -timeOut 30000 -whiteBackground ptolemy/data/ontologies/demo/ConstAbstractInterpretationObservable/ConstMultiplyDivideDemo.xml $PTII/ptolemy/data/ontologies/demo/ConstAbstractInterpretationObservable/ConstMultiplyDivideDemo
Running .ConstMultiplyDivideDemo
2201 ms. Memory: 2286080K Free: 589495K (26%)
Exported /home/travis/build/icyphy/ptII/ptolemy/data/ontologies/demo/ConstAbstractInterpretationObservable/ConstMultiplyDivideDemo/index.html
6446 ms. Memory: 2286080K Free: 498554K (22%)
####### 85 Sat May 12 02:41:00 UTC 2018 $PTII/bin/ptinvoke ptolemy.vergil.basic.export.ExportModel -force htm -run -openComposites -timeOut 30000 -whiteBackground ptolemy/data/ontologies/demo/ConstAbstractInterpretationObservable/ConstScaleDemo.xml $PTII/ptolemy/data/ontologies/demo/ConstAbstractInterpretationObservable/ConstScaleDemo
Running .ConstScaleDemo
1287 ms. Memory: 2285056K Free: 1143961K (50%)
Exported /home/travis/build/icyphy/ptII/ptolemy/data/ontologies/demo/ConstAbstractInterpretationObservable/ConstScaleDemo/index.html
5532 ms. Memory: 2285056K Free: 1052745K (46%)
####### 86 Sat May 12 02:41:06 UTC 2018 $PTII/bin/ptinvoke ptolemy.vergil.basic.export.ExportModel -force htm  -openComposites -timeOut 30000 -whiteBackground ptolemy/data/ontologies/demo/ConstNonconst/Const.xml $PTII/ptolemy/data/ontologies/demo/ConstNonconst/Const
Warning: not running ptolemy/data/ontologies/demo/ConstNonconst/Const.xml. See ptolemy/vergil/basic/export/test/junit/ExportModelJUnitTest.java
Exported /home/travis/build/icyphy/ptII/ptolemy/data/ontologies/demo/ConstNonconst/Const/index.html
3189 ms. Memory: 2285056K Free: 891578K (39%)
####### 87 Sat May 12 02:41:09 UTC 2018 $PTII/bin/ptinvoke ptolemy.vergil.basic.export.ExportModel -force htm -run -openComposites -timeOut 30000 -whiteBackground ptolemy/data/ontologies/demo/ConstNonconst/ConstNonconst.xml $PTII/ptolemy/data/ontologies/demo/ConstNonconst/ConstNonconst
Running .ConstNonconst
368 ms. Memory: 2285056K Free: 593963K (26%)
Exported /home/travis/build/icyphy/ptII/ptolemy/data/ontologies/demo/ConstNonconst/ConstNonconst/index.html
4548 ms. Memory: 2285056K Free: 529830K (23%)
####### 88 Sat May 12 02:41:13 UTC 2018 $PTII/bin/ptinvoke ptolemy.vergil.basic.export.ExportModel -force htm -run -openComposites -timeOut 30000 -whiteBackground ptolemy/data/ontologies/demo/ConstPropagation/BooleanSwitchDemoProductLattice.xml $PTII/ptolemy/data/ontologies/demo/ConstPropagation/BooleanSwitchDemoProductLattice
Running .BooleanSwitchDemoProductLattice
1207 ms. Memory: 2285568K Free: 1117931K (49%)
Exported /home/travis/build/icyphy/ptII/ptolemy/data/ontologies/demo/ConstPropagation/BooleanSwitchDemoProductLattice/index.html
5750 ms. Memory: 2285568K Free: 1053209K (46%)
####### 89 Sat May 12 02:41:19 UTC 2018 $PTII/bin/ptinvoke ptolemy.vergil.basic.export.ExportModel -force htm -run -openComposites -timeOut 30000 -whiteBackground ptolemy/data/ontologies/demo/ConstPropagation/ConstComparatorEqualToDemo.xml $PTII/ptolemy/data/ontologies/demo/ConstPropagation/ConstComparatorEqualToDemo
Running .ConstComparatorEqualToDemo
1783 ms. Memory: 2244096K Free: 1367529K (61%)
Exported /home/travis/build/icyphy/ptII/ptolemy/data/ontologies/demo/ConstPropagation/ConstComparatorEqualToDemo/index.html
6125 ms. Memory: 2244096K Free: 1274270K (57%)
####### 90 Sat May 12 02:41:25 UTC 2018 $PTII/bin/ptinvoke ptolemy.vergil.basic.export.ExportModel -force htm -run -openComposites -timeOut 30000 -whiteBackground ptolemy/data/ontologies/demo/ConstPropagation/ConstComparatorGreaterThanDemo.xml $PTII/ptolemy/data/ontologies/demo/ConstPropagation/ConstComparatorGreaterThanDemo
Running .ConstComparatorGreaterThanDemo
1836 ms. Memory: 2244096K Free: 238360K (11%)
Exported /home/travis/build/icyphy/ptII/ptolemy/data/ontologies/demo/ConstPropagation/ConstComparatorGreaterThanDemo/index.html
6145 ms. Memory: 2244096K Free: 149439K (7%)
####### 91 Sat May 12 02:41:31 UTC 2018 $PTII/bin/ptinvoke ptolemy.vergil.basic.export.ExportModel -force htm -run -openComposites -timeOut 30000 -whiteBackground ptolemy/data/ontologies/demo/ConstPropagation/ConstMultiplyDivideDemo.xml $PTII/ptolemy/data/ontologies/demo/ConstPropagation/ConstMultiplyDivideDemo
Running .ConstMultiplyDivideDemo
2666 ms. Memory: 2207744K Free: 1555146K (70%)
Exported /home/travis/build/icyphy/ptII/ptolemy/data/ontologies/demo/ConstPropagation/ConstMultiplyDivideDemo/index.html
7847 ms. Memory: 2207744K Free: 1439476K (65%)
####### 92 Sat May 12 02:41:39 UTC 2018 $PTII/bin/ptinvoke ptolemy.vergil.basic.export.ExportModel -force htm  -openComposites -timeOut 30000 -whiteBackground ptolemy/data/ontologies/demo/ConstPropagation/ConstPropagation.xml $PTII/ptolemy/data/ontologies/demo/ConstPropagation/ConstPropagation
Warning: not running ptolemy/data/ontologies/demo/ConstPropagation/ConstPropagation.xml. See ptolemy/vergil/basic/export/test/junit/ExportModelJUnitTest.java
Exported /home/travis/build/icyphy/ptII/ptolemy/data/ontologies/demo/ConstPropagation/ConstPropagation/index.html
3151 ms. Memory: 2207744K Free: 1320122K (60%)
####### 93 Sat May 12 02:41:42 UTC 2018 $PTII/bin/ptinvoke ptolemy.vergil.basic.export.ExportModel -force htm -run -openComposites -timeOut 30000 -whiteBackground ptolemy/data/ontologies/demo/ConstPropagation/ConstPropagationAbsIntObservableReachableProductSolverModel.xml $PTII/ptolemy/data/ontologies/demo/ConstPropagation/ConstPropagationAbsIntObservableReachableProductSolverModel
.ConstPropagationAbsIntObservableReachableProductSolverModel is a ptolemy.data.ontologies.OntologySolverModel not a TypedCompositeActor, so it cannot be run.
Exported /home/travis/build/icyphy/ptII/ptolemy/data/ontologies/demo/ConstPropagation/ConstPropagationAbsIntObservableReachableProductSolverModel/index.html
4683 ms. Memory: 2207744K Free: 778676K (35%)
####### 94 Sat May 12 02:41:47 UTC 2018 $PTII/bin/ptinvoke ptolemy.vergil.basic.export.ExportModel -force htm -run -openComposites -timeOut 30000 -whiteBackground ptolemy/data/ontologies/demo/ConstPropagation/ConstPropagationAbsIntScale.xml $PTII/ptolemy/data/ontologies/demo/ConstPropagation/ConstPropagationAbsIntScale
Running .ConstPropagationAbsIntScale
25 ms. Memory: 2207744K Free: 637478K (29%)
Exported /home/travis/build/icyphy/ptII/ptolemy/data/ontologies/demo/ConstPropagation/ConstPropagationAbsIntScale/index.html
4220 ms. Memory: 2207744K Free: 606185K (27%)
####### 95 Sat May 12 02:41:51 UTC 2018 $PTII/bin/ptinvoke ptolemy.vergil.basic.export.ExportModel -force htm -run -openComposites -timeOut 30000 -whiteBackground ptolemy/data/ontologies/demo/ConstPropagation/SimpleConstPropagationDemo.xml $PTII/ptolemy/data/ontologies/demo/ConstPropagation/SimpleConstPropagationDemo
Running .SimpleConstPropagationDemo
441 ms. Memory: 2207744K Free: 324336K (15%)
Exported /home/travis/build/icyphy/ptII/ptolemy/data/ontologies/demo/ConstPropagation/SimpleConstPropagationDemo/index.html
4617 ms. Memory: 2207744K Free: 264931K (12%)
####### 96 Sat May 12 02:41:56 UTC 2018 $PTII/bin/ptinvoke ptolemy.vergil.basic.export.ExportModel -force htm -run -openComposites -timeOut 30000 -whiteBackground ptolemy/data/ontologies/demo/ConstPropagation/SimpleNonconstPropagationDemo.xml $PTII/ptolemy/data/ontologies/demo/ConstPropagation/SimpleNonconstPropagationDemo
Running .SimpleNonconstPropagationDemo
340 ms. Memory: 2095616K Free: 1384436K (66%)
Exported /home/travis/build/icyphy/ptII/ptolemy/data/ontologies/demo/ConstPropagation/SimpleNonconstPropagationDemo/index.html
4553 ms. Memory: 2095616K Free: 1325563K (63%)
####### 97 Sat May 12 02:42:00 UTC 2018 $PTII/bin/ptinvoke ptolemy.vergil.basic.export.ExportModel -force htm  -openComposites -timeOut 30000 -whiteBackground ptolemy/data/ontologies/demo/DimensionSystemExample/DimensionSystemExample.xml $PTII/ptolemy/data/ontologies/demo/DimensionSystemExample/DimensionSystemExample
Warning: not running ptolemy/data/ontologies/demo/DimensionSystemExample/DimensionSystemExample.xml. See ptolemy/vergil/basic/export/test/junit/ExportModelJUnitTest.java
Exported /home/travis/build/icyphy/ptII/ptolemy/data/ontologies/demo/DimensionSystemExample/DimensionSystemExample/index.html
3153 ms. Memory: 2095616K Free: 1182056K (56%)
####### 98 Sat May 12 02:42:04 UTC 2018 $PTII/bin/ptinvoke ptolemy.vergil.basic.export.ExportModel -force htm -run -openComposites -timeOut 30000 -whiteBackground ptolemy/data/ontologies/demo/ExceptionAnalysis/ExceptionAnalysis.xml $PTII/ptolemy/data/ontologies/demo/ExceptionAnalysis/ExceptionAnalysis
Running .ExceptionAnalysis
14 ms. Memory: 2095616K Free: 1069381K (51%)
Exported /home/travis/build/icyphy/ptII/ptolemy/data/ontologies/demo/ExceptionAnalysis/ExceptionAnalysis/index.html
4202 ms. Memory: 2095616K Free: 1010512K (48%)
####### 99 Sat May 12 02:42:08 UTC 2018 $PTII/bin/ptinvoke ptolemy.vergil.basic.export.ExportModel -force htm -run -openComposites -timeOut 30000 -whiteBackground ptolemy/data/ontologies/demo/MonotonicityAnalysis/MonotonicityAnalysis.xml $PTII/ptolemy/data/ontologies/demo/MonotonicityAnalysis/MonotonicityAnalysis
Running .MonotonicityAnalysis
126 ms. Memory: 2095616K Free: 841840K (40%)
Exported /home/travis/build/icyphy/ptII/ptolemy/data/ontologies/demo/MonotonicityAnalysis/MonotonicityAnalysis/index.html
4305 ms. Memory: 2095616K Free: 782971K (37%)
####### 100 Sat May 12 02:42:12 UTC 2018 $PTII/bin/ptinvoke ptolemy.vergil.basic.export.ExportModel -force htm -run -openComposites -timeOut 30000 -whiteBackground ptolemy/data/ontologies/demo/Observable/Observable.xml $PTII/ptolemy/data/ontologies/demo/Observable/Observable
Running .Observable
138 ms. Memory: 2095616K Free: 614252K (29%)
Exported /home/travis/build/icyphy/ptII/ptolemy/data/ontologies/demo/Observable/Observable/index.html
4296 ms. Memory: 2095616K Free: 583396K (28%)
]]></system-out>
  <system-err><![CDATA[WARNING: TestSpontaneous: Model stopped before executing actions (e.g. producing outputs) scheduled for execution at times [2.0]
[AWT-EventQueue-0] INFO com.github.sarxos.webcam.Webcam - WebcamDefaultDriver capture driver will be used
[atomic-processor-1] INFO com.github.sarxos.webcam.ds.cgt.WebcamOpenTask - Opening webcam Dummy Webcam 0
[atomic-processor-1] INFO com.github.sarxos.webcam.ds.cgt.WebcamCloseTask - Closing Dummy Webcam 0
WARNING: Camera: Model stopped before executing actions (e.g. producing outputs) scheduled for execution at times [7.476, 7.58, 22.095000000000002, 14.723, 12.739, 14.827, 14.201, 25.583000000000002, 14.931000000000001, 3.862, 15.14, 19.819, 15.244, 14.618, 23.224, 17.356, 24.352, 22.198, 7.373, 25.686, 18.69, 1.587, 10.358, 15.035, 5.931, 1.691, 17.459, 10.255, 21.575, 12.637, 14.096, 10.564, 1.2750000000000001, 5.7250000000000005, 5.828, 10.461, 12.534, 18.485, 24.556, 13.780000000000001, 25.48, 10.667, 24.454, 5.621, 17.561, 21.993000000000002, 13.989, 13.885, 18.588, 21.89, 15.909, 25.377000000000002, 25.274, 21.265, 10.771, 16.013, 4.171, 18.382, 2.52, 6.3420000000000005, 7.785, 9.33, 9.947000000000001, 13.57, 13.466000000000001, 4.3790000000000004, 13.15, 23.532, 23.122, 4.587, 11.806000000000001, 11.702, 20.128, 11.91, 7.167000000000001, 8.712, 3.347, 16.115000000000002, 20.23, 8.506, 24.658, 3.553, 3.4490000000000003, 2.624, 16.733, 16.631, 3.657, 4.069, 18.997, 17.253, 24.249000000000002, 23.43, 1.484, 19.716, 21.367, 2.0060000000000002, 5.107, 9.124, 2.314, 11.286, 14.411000000000001, 17.868000000000002, 10.153, 14.515, 24.966, 6.136, 8.918000000000001, 18.074, 4.901, 12.842, 3.7590000000000003, 21.677, 17.151, 24.147000000000002, 22.403000000000002, 25.891000000000002, 19.922, 24.864, 16.32, 22.711000000000002, 20.435000000000002, 2.9330000000000003, 23.839000000000002, 9.638, 6.651, 23.942, 20.854, 4.7940000000000005, 12.226, 22.608, 19.1, 20.538, 11.183, 19.203, 6.548, 5.2090000000000005, 12.123000000000001, 9.741, 12.02, 4.69, 5.416, 5.312, 6.857, 7.99, 20.642, 3.244, 21.059, 3.14, 9.536, 11.081, 21.163, 2.7270000000000003, 10.873000000000001, 8.403, 8.299, 22.814, 23.634, 5.519, 20.332, 10.978, 19.408, 6.7540000000000004, 8.093, 3.037, 12.328000000000001, 20.956, 22.917, 23.737000000000002, 2.83, 19.305, 8.196, 17.663, 19.511, 18.894000000000002, 13.361, 7.064, 6.239, 9.433, 6.96, 10.05, 23.019000000000002, 12.431000000000001, 25.171, 4.274, 4.484, 11.597000000000001, 25.788, 21.472, 13.675, 16.836000000000002, 7.2700000000000005, 8.609, 19.613, 7.888, 9.227, 20.744, 17.765, 18.279, 1.7990000000000002, 1.903, 13.255, 13.047, 2.4170000000000003, 2.2110000000000003, 6.033, 18.177, 20.025000000000002, 5.0040000000000004, 8.815, 25.069000000000003, 16.944, 9.844000000000001, 18.792, 22.506, 24.761, 6.445, 16.218, 7.682, 17.048000000000002, 9.021, 21.78, 16.424, 16.528000000000002, 12.945, 2.109, 23.327, 14.306000000000001, 22.3, 11.389000000000001, 11.493, 17.971, 3.966, 1.381, 24.044]
WARNING: TestSpontaneous: Model stopped before executing actions (e.g. producing outputs) scheduled for execution at times [12.5]
May 12, 2018 2:32:39 AM ptolemy.actor.lib.r.RExpression fire
SEVERE: Error in _exec()
ptolemy.kernel.util.IllegalActionException: There has been a problem running the R script!
It may be due to an error in your script, it may be that R is not
installed on your system, or it may not be on your path and cannot
be located by Kepler.  Please make sure R is installed and the
R command line executable is in the path.For more information, see 
 section 8.2.2 of the Kepler User Manual.
  in .R3RPlot.RExpression
Because:
java.lang.NullPointerException
	at ptolemy.actor.lib.r.RExpression.fire(RExpression.java:860)
	at ptolemy.actor.AtomicActor.iterate(AtomicActor.java:512)
	at ptolemy.actor.sched.StaticSchedulingDirector.fire(StaticSchedulingDirector.java:216)
	at ptolemy.domains.sdf.kernel.SDFDirector.fire(SDFDirector.java:500)
	at ptolemy.actor.CompositeActor.fire(CompositeActor.java:455)
	at ptolemy.actor.Manager.iterate(Manager.java:851)
	at ptolemy.actor.Manager.execute(Manager.java:369)
	at ptolemy.vergil.basic.export.ExportModel$2.run(ExportModel.java:390)
	at java.awt.event.InvocationEvent.dispatch(InvocationEvent.java:301)
	at java.awt.EventQueue.dispatchEventImpl(EventQueue.java:756)
	at java.awt.EventQueue.access$500(EventQueue.java:97)
	at java.awt.EventQueue$3.run(EventQueue.java:709)
	at java.awt.EventQueue$3.run(EventQueue.java:703)
	at java.security.AccessController.doPrivileged(Native Method)
	at java.security.ProtectionDomain$JavaSecurityAccessImpl.doIntersectionPrivilege(ProtectionDomain.java:80)
	at java.awt.EventQueue.dispatchEvent(EventQueue.java:726)
	at java.awt.EventDispatchThread.pumpOneEventForFilters(EventDispatchThread.java:201)
	at java.awt.EventDispatchThread.pumpEventsForFilter(EventDispatchThread.java:116)
	at java.awt.EventDispatchThread.pumpEventsForHierarchy(EventDispatchThread.java:105)
	at java.awt.EventDispatchThread.pumpEvents(EventDispatchThread.java:101)
	at java.awt.EventDispatchThread.pumpEvents(EventDispatchThread.java:93)
	at java.awt.EventDispatchThread.run(EventDispatchThread.java:82)
Caused by: java.lang.NullPointerException
	at ptolemy.actor.lib.r.RExpression.fire(RExpression.java:843)
	... 21 more
Caused by: java.lang.NullPointerException
	at ptolemy.actor.lib.r.RExpression.fire(RExpression.java:843)
	at ptolemy.actor.AtomicActor.iterate(AtomicActor.java:512)
	at ptolemy.actor.sched.StaticSchedulingDirector.fire(StaticSchedulingDirector.java:216)
	at ptolemy.domains.sdf.kernel.SDFDirector.fire(SDFDirector.java:500)
	at ptolemy.actor.CompositeActor.fire(CompositeActor.java:455)
	at ptolemy.actor.Manager.iterate(Manager.java:851)
	at ptolemy.actor.Manager.execute(Manager.java:369)
	at ptolemy.vergil.basic.export.ExportModel$2.run(ExportModel.java:390)
	at java.awt.event.InvocationEvent.dispatch(InvocationEvent.java:301)
	at java.awt.EventQueue.dispatchEventImpl(EventQueue.java:756)
	at java.awt.EventQueue.access$500(EventQueue.java:97)
	at java.awt.EventQueue$3.run(EventQueue.java:709)
	at java.awt.EventQueue$3.run(EventQueue.java:703)
	at java.security.AccessController.doPrivileged(Native Method)
	at java.security.ProtectionDomain$JavaSecurityAccessImpl.doIntersectionPrivilege(ProtectionDomain.java:80)
	at java.awt.EventQueue.dispatchEvent(EventQueue.java:726)
	at java.awt.EventDispatchThread.pumpOneEventForFilters(EventDispatchThread.java:201)
	at java.awt.EventDispatchThread.pumpEventsForFilter(EventDispatchThread.java:116)
	at java.awt.EventDispatchThread.pumpEventsForHierarchy(EventDispatchThread.java:105)
	at java.awt.EventDispatchThread.pumpEvents(EventDispatchThread.java:101)
	at java.awt.EventDispatchThread.pumpEvents(EventDispatchThread.java:93)
	at java.awt.EventDispatchThread.run(EventDispatchThread.java:82)
java.lang.reflect.InvocationTargetException
	at java.awt.EventQueue.invokeAndWait(EventQueue.java:1321)
	at java.awt.EventQueue.invokeAndWait(EventQueue.java:1296)
	at javax.swing.SwingUtilities.invokeAndWait(SwingUtilities.java:1348)
	at ptolemy.vergil.basic.export.ExportModel.exportModel(ExportModel.java:401)
	at ptolemy.vergil.basic.export.test.junit.ExportModelJUnitTest.RunExportModel(ExportModelJUnitTest.java:153)
	at ptolemy.vergil.basic.export.test.junit.ExportModelJUnitTestBatch.RunExportModel(ExportModelJUnitTestBatch.java:97)
	at sun.reflect.GeneratedMethodAccessor17.invoke(Unknown Source)
	at sun.reflect.DelegatingMethodAccessorImpl.invoke(DelegatingMethodAccessorImpl.java:43)
	at java.lang.reflect.Method.invoke(Method.java:498)
	at org.junit.runners.model.FrameworkMethod$1.runReflectiveCall(FrameworkMethod.java:44)
	at org.junit.internal.runners.model.ReflectiveCallable.run(ReflectiveCallable.java:15)
	at org.junit.runners.model.FrameworkMethod.invokeExplosively(FrameworkMethod.java:41)
	at junitparams.internal.InvokeParameterisedMethod.evaluate(InvokeParameterisedMethod.java:102)
	at junitparams.internal.ParameterisedTestMethodRunner.runMethodInvoker(ParameterisedTestMethodRunner.java:47)
	at junitparams.internal.ParameterisedTestMethodRunner.runTestMethod(ParameterisedTestMethodRunner.java:41)
	at junitparams.internal.ParameterisedTestClassRunner.runParameterisedTest(ParameterisedTestClassRunner.java:143)
	at junitparams.JUnitParamsRunner.runChild(JUnitParamsRunner.java:237)
	at junitparams.JUnitParamsRunner.runChild(JUnitParamsRunner.java:215)
	at org.junit.runners.ParentRunner$3.run(ParentRunner.java:193)
	at org.junit.runners.ParentRunner$1.schedule(ParentRunner.java:52)
	at org.junit.runners.ParentRunner.runChildren(ParentRunner.java:191)
	at org.junit.runners.ParentRunner.access$000(ParentRunner.java:42)
	at org.junit.runners.ParentRunner$2.evaluate(ParentRunner.java:184)
	at org.junit.runners.ParentRunner.run(ParentRunner.java:236)
	at junit.framework.JUnit4TestAdapter.run(JUnit4TestAdapter.java:39)
	at org.apache.tools.ant.taskdefs.optional.junit.JUnitTestRunner.run(JUnitTestRunner.java:535)
	at org.apache.tools.ant.taskdefs.optional.junit.JUnitTestRunner.launch(JUnitTestRunner.java:1182)
	at org.apache.tools.ant.taskdefs.optional.junit.JUnitTestRunner.main(JUnitTestRunner.java:1033)
Caused by: java.lang.RuntimeException: ptolemy.kernel.util.IllegalActionException: There has been a problem running the R script!
It may be due to an error in your script, it may be that R is not
installed on your system, or it may not be on your path and cannot
be located by Kepler.  Please make sure R is installed and the
R command line executable is in the path.For more information, see 
 section 8.2.2 of the Kepler User Manual.
  in .R3RPlot.RExpression
Because:
java.lang.NullPointerException
	at ptolemy.vergil.basic.export.ExportModel$2.run(ExportModel.java:397)
	at java.awt.event.InvocationEvent.dispatch(InvocationEvent.java:301)
	at java.awt.EventQueue.dispatchEventImpl(EventQueue.java:756)
	at java.awt.EventQueue.access$500(EventQueue.java:97)
	at java.awt.EventQueue$3.run(EventQueue.java:709)
	at java.awt.EventQueue$3.run(EventQueue.java:703)
	at java.security.AccessController.doPrivileged(Native Method)
	at java.security.ProtectionDomain$JavaSecurityAccessImpl.doIntersectionPrivilege(ProtectionDomain.java:80)
	at java.awt.EventQueue.dispatchEvent(EventQueue.java:726)
	at java.awt.EventDispatchThread.pumpOneEventForFilters(EventDispatchThread.java:201)
	at java.awt.EventDispatchThread.pumpEventsForFilter(EventDispatchThread.java:116)
	at java.awt.EventDispatchThread.pumpEventsForHierarchy(EventDispatchThread.java:105)
	at java.awt.EventDispatchThread.pumpEvents(EventDispatchThread.java:101)
	at java.awt.EventDispatchThread.pumpEvents(EventDispatchThread.java:93)
	at java.awt.EventDispatchThread.run(EventDispatchThread.java:82)
Caused by: ptolemy.kernel.util.IllegalActionException: There has been a problem running the R script!
It may be due to an error in your script, it may be that R is not
installed on your system, or it may not be on your path and cannot
be located by Kepler.  Please make sure R is installed and the
R command line executable is in the path.For more information, see 
 section 8.2.2 of the Kepler User Manual.
  in .R3RPlot.RExpression
Because:
java.lang.NullPointerException
	at ptolemy.actor.lib.r.RExpression.fire(RExpression.java:860)
	at ptolemy.actor.AtomicActor.iterate(AtomicActor.java:512)
	at ptolemy.actor.sched.StaticSchedulingDirector.fire(StaticSchedulingDirector.java:216)
	at ptolemy.domains.sdf.kernel.SDFDirector.fire(SDFDirector.java:500)
	at ptolemy.actor.CompositeActor.fire(CompositeActor.java:455)
	at ptolemy.actor.Manager.iterate(Manager.java:851)
	at ptolemy.actor.Manager.execute(Manager.java:369)
	at ptolemy.vergil.basic.export.ExportModel$2.run(ExportModel.java:390)
	... 14 more
Caused by: java.lang.NullPointerException
	at ptolemy.actor.lib.r.RExpression.fire(RExpression.java:843)
	... 21 more
May 12, 2018 2:32:40 AM ptolemy.actor.lib.r.RExpression fire
SEVERE: Error in _exec()
ptolemy.kernel.util.IllegalActionException: There has been a problem running the R script!
It may be due to an error in your script, it may be that R is not
installed on your system, or it may not be on your path and cannot
be located by Kepler.  Please make sure R is installed and the
R command line executable is in the path.For more information, see 
 section 8.2.2 of the Kepler User Manual.
  in .RRecordToDataframe.RExpression
Because:
java.lang.NullPointerException
	at ptolemy.actor.lib.r.RExpression.fire(RExpression.java:860)
	at ptolemy.actor.AtomicActor.iterate(AtomicActor.java:512)
	at ptolemy.actor.sched.StaticSchedulingDirector.fire(StaticSchedulingDirector.java:216)
	at ptolemy.domains.sdf.kernel.SDFDirector.fire(SDFDirector.java:500)
	at ptolemy.actor.CompositeActor.fire(CompositeActor.java:455)
	at ptolemy.actor.Manager.iterate(Manager.java:851)
	at ptolemy.actor.Manager.execute(Manager.java:369)
	at ptolemy.vergil.basic.export.ExportModel$2.run(ExportModel.java:390)
	at java.awt.event.InvocationEvent.dispatch(InvocationEvent.java:301)
	at java.awt.EventQueue.dispatchEventImpl(EventQueue.java:756)
	at java.awt.EventQueue.access$500(EventQueue.java:97)
	at java.awt.EventQueue$3.run(EventQueue.java:709)
	at java.awt.EventQueue$3.run(EventQueue.java:703)
	at java.security.AccessController.doPrivileged(Native Method)
	at java.security.ProtectionDomain$JavaSecurityAccessImpl.doIntersectionPrivilege(ProtectionDomain.java:80)
	at java.awt.EventQueue.dispatchEvent(EventQueue.java:726)
	at java.awt.EventDispatchThread.pumpOneEventForFilters(EventDispatchThread.java:201)
	at java.awt.EventDispatchThread.pumpEventsForFilter(EventDispatchThread.java:116)
	at java.awt.EventDispatchThread.pumpEventsForHierarchy(EventDispatchThread.java:105)
	at java.awt.EventDispatchThread.pumpEvents(EventDispatchThread.java:101)
	at java.awt.EventDispatchThread.pumpEvents(EventDispatchThread.java:93)
	at java.awt.EventDispatchThread.run(EventDispatchThread.java:82)
Caused by: java.lang.NullPointerException
	at ptolemy.actor.lib.r.RExpression.fire(RExpression.java:843)
	... 21 more
Caused by: java.lang.NullPointerException
	at ptolemy.actor.lib.r.RExpression.fire(RExpression.java:843)
	at ptolemy.actor.AtomicActor.iterate(AtomicActor.java:512)
	at ptolemy.actor.sched.StaticSchedulingDirector.fire(StaticSchedulingDirector.java:216)
	at ptolemy.domains.sdf.kernel.SDFDirector.fire(SDFDirector.java:500)
	at ptolemy.actor.CompositeActor.fire(CompositeActor.java:455)
	at ptolemy.actor.Manager.iterate(Manager.java:851)
	at ptolemy.actor.Manager.execute(Manager.java:369)
	at ptolemy.vergil.basic.export.ExportModel$2.run(ExportModel.java:390)
	at java.awt.event.InvocationEvent.dispatch(InvocationEvent.java:301)
	at java.awt.EventQueue.dispatchEventImpl(EventQueue.java:756)
	at java.awt.EventQueue.access$500(EventQueue.java:97)
	at java.awt.EventQueue$3.run(EventQueue.java:709)
	at java.awt.EventQueue$3.run(EventQueue.java:703)
	at java.security.AccessController.doPrivileged(Native Method)
	at java.security.ProtectionDomain$JavaSecurityAccessImpl.doIntersectionPrivilege(ProtectionDomain.java:80)
	at java.awt.EventQueue.dispatchEvent(EventQueue.java:726)
	at java.awt.EventDispatchThread.pumpOneEventForFilters(EventDispatchThread.java:201)
	at java.awt.EventDispatchThread.pumpEventsForFilter(EventDispatchThread.java:116)
	at java.awt.EventDispatchThread.pumpEventsForHierarchy(EventDispatchThread.java:105)
	at java.awt.EventDispatchThread.pumpEvents(EventDispatchThread.java:101)
	at java.awt.EventDispatchThread.pumpEvents(EventDispatchThread.java:93)
	at java.awt.EventDispatchThread.run(EventDispatchThread.java:82)
java.lang.reflect.InvocationTargetException
	at java.awt.EventQueue.invokeAndWait(EventQueue.java:1321)
	at java.awt.EventQueue.invokeAndWait(EventQueue.java:1296)
	at javax.swing.SwingUtilities.invokeAndWait(SwingUtilities.java:1348)
	at ptolemy.vergil.basic.export.ExportModel.exportModel(ExportModel.java:401)
	at ptolemy.vergil.basic.export.test.junit.ExportModelJUnitTest.RunExportModel(ExportModelJUnitTest.java:153)
	at ptolemy.vergil.basic.export.test.junit.ExportModelJUnitTestBatch.RunExportModel(ExportModelJUnitTestBatch.java:97)
	at sun.reflect.GeneratedMethodAccessor17.invoke(Unknown Source)
	at sun.reflect.DelegatingMethodAccessorImpl.invoke(DelegatingMethodAccessorImpl.java:43)
	at java.lang.reflect.Method.invoke(Method.java:498)
	at org.junit.runners.model.FrameworkMethod$1.runReflectiveCall(FrameworkMethod.java:44)
	at org.junit.internal.runners.model.ReflectiveCallable.run(ReflectiveCallable.java:15)
	at org.junit.runners.model.FrameworkMethod.invokeExplosively(FrameworkMethod.java:41)
	at junitparams.internal.InvokeParameterisedMethod.evaluate(InvokeParameterisedMethod.java:102)
	at junitparams.internal.ParameterisedTestMethodRunner.runMethodInvoker(ParameterisedTestMethodRunner.java:47)
	at junitparams.internal.ParameterisedTestMethodRunner.runTestMethod(ParameterisedTestMethodRunner.java:41)
	at junitparams.internal.ParameterisedTestClassRunner.runParameterisedTest(ParameterisedTestClassRunner.java:143)
	at junitparams.JUnitParamsRunner.runChild(JUnitParamsRunner.java:237)
	at junitparams.JUnitParamsRunner.runChild(JUnitParamsRunner.java:215)
	at org.junit.runners.ParentRunner$3.run(ParentRunner.java:193)
	at org.junit.runners.ParentRunner$1.schedule(ParentRunner.java:52)
	at org.junit.runners.ParentRunner.runChildren(ParentRunner.java:191)
	at org.junit.runners.ParentRunner.access$000(ParentRunner.java:42)
	at org.junit.runners.ParentRunner$2.evaluate(ParentRunner.java:184)
	at org.junit.runners.ParentRunner.run(ParentRunner.java:236)
	at junit.framework.JUnit4TestAdapter.run(JUnit4TestAdapter.java:39)
	at org.apache.tools.ant.taskdefs.optional.junit.JUnitTestRunner.run(JUnitTestRunner.java:535)
	at org.apache.tools.ant.taskdefs.optional.junit.JUnitTestRunner.launch(JUnitTestRunner.java:1182)
	at org.apache.tools.ant.taskdefs.optional.junit.JUnitTestRunner.main(JUnitTestRunner.java:1033)
Caused by: java.lang.RuntimeException: ptolemy.kernel.util.IllegalActionException: There has been a problem running the R script!
It may be due to an error in your script, it may be that R is not
installed on your system, or it may not be on your path and cannot
be located by Kepler.  Please make sure R is installed and the
R command line executable is in the path.For more information, see 
 section 8.2.2 of the Kepler User Manual.
  in .RRecordToDataframe.RExpression
Because:
java.lang.NullPointerException
	at ptolemy.vergil.basic.export.ExportModel$2.run(ExportModel.java:397)
	at java.awt.event.InvocationEvent.dispatch(InvocationEvent.java:301)
	at java.awt.EventQueue.dispatchEventImpl(EventQueue.java:756)
	at java.awt.EventQueue.access$500(EventQueue.java:97)
	at java.awt.EventQueue$3.run(EventQueue.java:709)
	at java.awt.EventQueue$3.run(EventQueue.java:703)
	at java.security.AccessController.doPrivileged(Native Method)
	at java.security.ProtectionDomain$JavaSecurityAccessImpl.doIntersectionPrivilege(ProtectionDomain.java:80)
	at java.awt.EventQueue.dispatchEvent(EventQueue.java:726)
	at java.awt.EventDispatchThread.pumpOneEventForFilters(EventDispatchThread.java:201)
	at java.awt.EventDispatchThread.pumpEventsForFilter(EventDispatchThread.java:116)
	at java.awt.EventDispatchThread.pumpEventsForHierarchy(EventDispatchThread.java:105)
	at java.awt.EventDispatchThread.pumpEvents(EventDispatchThread.java:101)
	at java.awt.EventDispatchThread.pumpEvents(EventDispatchThread.java:93)
	at java.awt.EventDispatchThread.run(EventDispatchThread.java:82)
Caused by: ptolemy.kernel.util.IllegalActionException: There has been a problem running the R script!
It may be due to an error in your script, it may be that R is not
installed on your system, or it may not be on your path and cannot
be located by Kepler.  Please make sure R is installed and the
R command line executable is in the path.For more information, see 
 section 8.2.2 of the Kepler User Manual.
  in .RRecordToDataframe.RExpression
Because:
java.lang.NullPointerException
	at ptolemy.actor.lib.r.RExpression.fire(RExpression.java:860)
	at ptolemy.actor.AtomicActor.iterate(AtomicActor.java:512)
	at ptolemy.actor.sched.StaticSchedulingDirector.fire(StaticSchedulingDirector.java:216)
	at ptolemy.domains.sdf.kernel.SDFDirector.fire(SDFDirector.java:500)
	at ptolemy.actor.CompositeActor.fire(CompositeActor.java:455)
	at ptolemy.actor.Manager.iterate(Manager.java:851)
	at ptolemy.actor.Manager.execute(Manager.java:369)
	at ptolemy.vergil.basic.export.ExportModel$2.run(ExportModel.java:390)
	... 14 more
Caused by: java.lang.NullPointerException
	at ptolemy.actor.lib.r.RExpression.fire(RExpression.java:843)
	... 21 more
Warning: Running an XSLT 1.0 stylesheet with an XSLT 2.0 processor
Warning: Running an XSLT 1.0 stylesheet with an XSLT 2.0 processor
Warning: Running an XSLT 1.0 stylesheet with an XSLT 2.0 processor
ptolemy.kernel.util.IllegalActionException: Failed to process attribute change to PtalonParameter, whose value is "ptolemy.actor.ptalon.PtalonExpressionParameter {.SendAndReceiveCnt.SendAndReceiveCnt.channelName} "AtomicWirelessChannel"".
  in .SendAndReceiveCnt.SendAndReceiveCnt
Because:
Unable to add actor null
	at ptolemy.actor.ptalon.PtalonActor.attributeChanged(PtalonActor.java:211)
	at ptolemy.actor.ptalon.PtalonMLHandler.startElement(PtalonMLHandler.java:134)
	at com.microstar.xml.XmlParser.parseElement(XmlParser.java:921)
	at com.microstar.xml.XmlParser.parseContent(XmlParser.java:1104)
	at com.microstar.xml.XmlParser.parseElement(XmlParser.java:924)
	at com.microstar.xml.XmlParser.parseDocument(XmlParser.java:481)
	at com.microstar.xml.XmlParser.doParse(XmlParser.java:159)
	at com.microstar.xml.XmlParser.parse(XmlParser.java:132)
	at ptolemy.actor.ptalon.PtalonActor.configure(PtalonActor.java:240)
	at ptolemy.moml.MoMLParser.endElement(MoMLParser.java:996)
	at com.microstar.xml.XmlParser.parseETag(XmlParser.java:1026)
	at com.microstar.xml.XmlParser.parseContent(XmlParser.java:1098)
	at com.microstar.xml.XmlParser.parseElement(XmlParser.java:924)
	at com.microstar.xml.XmlParser.parseContent(XmlParser.java:1104)
	at com.microstar.xml.XmlParser.parseElement(XmlParser.java:924)
	at com.microstar.xml.XmlParser.parseContent(XmlParser.java:1104)
	at com.microstar.xml.XmlParser.parseElement(XmlParser.java:924)
	at com.microstar.xml.XmlParser.parseDocument(XmlParser.java:481)
	at com.microstar.xml.XmlParser.doParse(XmlParser.java:159)
	at com.microstar.xml.XmlParser.parse(XmlParser.java:132)
	at ptolemy.moml.MoMLParser.parse(MoMLParser.java:1676)
	at ptolemy.moml.MoMLParser.parse(MoMLParser.java:1595)
	at ptolemy.moml.MoMLParser.parse(MoMLParser.java:1537)
	at ptolemy.actor.gui.PtolemyEffigy$Factory.createEffigy(PtolemyEffigy.java:424)
	at ptolemy.actor.gui.EffigyFactory.createEffigy(EffigyFactory.java:234)
	at ptolemy.actor.gui.Configuration.openModel(Configuration.java:1125)
	at ptolemy.actor.gui.Configuration.openModel(Configuration.java:1051)
	at ptolemy.actor.gui.ConfigurationApplication._openModel(ConfigurationApplication.java:1252)
	at ptolemy.actor.gui.ConfigurationApplication._parseArg(ConfigurationApplication.java:1399)
	at ptolemy.actor.gui.ConfigurationApplication._parseArgs(ConfigurationApplication.java:1478)
	at ptolemy.actor.gui.ConfigurationApplication.<init>(ConfigurationApplication.java:277)
	at ptolemy.actor.gui.ConfigurationApplication.<init>(ConfigurationApplication.java:214)
	at ptolemy.actor.gui.ConfigurationApplication.<init>(ConfigurationApplication.java:201)
	at ptolemy.actor.gui.ConfigurationApplication.openModelOrEntity(ConfigurationApplication.java:680)
	at ptolemy.vergil.basic.export.ExportModel$1.run(ExportModel.java:220)
	at java.awt.event.InvocationEvent.dispatch(InvocationEvent.java:301)
	at java.awt.EventQueue.dispatchEventImpl(EventQueue.java:756)
	at java.awt.EventQueue.access$500(EventQueue.java:97)
	at java.awt.EventQueue$3.run(EventQueue.java:709)
	at java.awt.EventQueue$3.run(EventQueue.java:703)
	at java.security.AccessController.doPrivileged(Native Method)
	at java.security.ProtectionDomain$JavaSecurityAccessImpl.doIntersectionPrivilege(ProtectionDomain.java:80)
	at java.awt.EventQueue.dispatchEvent(EventQueue.java:726)
	at java.awt.EventDispatchThread.pumpOneEventForFilters(EventDispatchThread.java:201)
	at java.awt.EventDispatchThread.pumpEventsForFilter(EventDispatchThread.java:116)
	at java.awt.EventDispatchThread.pumpEventsForHierarchy(EventDispatchThread.java:105)
	at java.awt.EventDispatchThread.pumpEvents(EventDispatchThread.java:101)
	at java.awt.EventDispatchThread.pumpEvents(EventDispatchThread.java:93)
	at java.awt.EventDispatchThread.run(EventDispatchThread.java:82)
Caused by: ptolemy.actor.ptalon.PtalonRuntimeException: Unable to add actor null
	at ptolemy.actor.ptalon.PtalonEvaluator.addActor(PtalonEvaluator.java:300)
	at ptolemy.actor.ptalon.PtalonPopulator.actor_declaration(PtalonPopulator.java:1574)
	at ptolemy.actor.ptalon.PtalonPopulator.atomic_statement(PtalonPopulator.java:1638)
	at ptolemy.actor.ptalon.PtalonPopulator.iterative_statement_evaluator(PtalonPopulator.java:2484)
	at ptolemy.actor.ptalon.AbstractPtalonEvaluator$IfTree.evaluateForScope(AbstractPtalonEvaluator.java:1307)
	at ptolemy.actor.ptalon.AbstractPtalonEvaluator.evaluateForScope(AbstractPtalonEvaluator.java:744)
	at ptolemy.actor.ptalon.PtalonPopulator.iterative_statement(PtalonPopulator.java:2363)
	at ptolemy.actor.ptalon.PtalonPopulator.actor_definition(PtalonPopulator.java:2809)
	at ptolemy.actor.ptalon.PtalonActor.attributeChanged(PtalonActor.java:206)
	... 48 more
Caused by: ptolemy.kernel.util.InternalErrorException: Element <entity name="sender1" class="ptolemy.actor.ptalon.demo.ptinyos.SendAndReceiveCnt.CntToLedsAndRfm"> caused an exception to be thrown.
  in .SendAndReceiveCnt.SendAndReceiveCnt
Because:
Cannot find class: ptolemy.actor.ptalon.demo.ptinyos.SendAndReceiveCnt.CntToLedsAndRfm. In Ptolemy, classes are typically Java .class files. Entities like actors may instead be defined within a .xml file.  In any case, the class was not found. If the class uses a third party package, then the class would be present only if the third party package was found at compile time.  It may be necessary to upgrade Java or install the third party package, reconfigure and recompile.
Because:
Element <entity name="MicaLeds" class="ptolemy.domains.ptinyos.lib.MicaLeds"> caused an exception to be thrown.
  in .CntToLedsAndRfm
Because:
Cannot find class: ptolemy.domains.ptinyos.lib.MicaLeds. In Ptolemy, classes are typically Java .class files. Entities like actors may instead be defined within a .xml file.  In any case, the class was not found. If the class uses a third party package, then the class would be present only if the third party package was found at compile time.  It may be necessary to upgrade Java or install the third party package, reconfigure and recompile.
Because:
-- /home/travis/build/icyphy/ptII/ptolemy/actor/ptalon/demo/ptinyos/SendAndReceiveCnt/ptolemy/domains/ptinyos/lib/MicaLeds.xml (No such file or directory)
-- XML file not found relative to classpath.
-- /home/travis/build/icyphy/ptII/ptolemy/vergil/basic/export/test/ptolemy/domains/ptinyos/lib/MicaLeds.xml
/home/travis/build/icyphy/ptII/ptolemy/vergil/basic/export/test/ptolemy/domains/ptinyos/lib/MicaLeds.xml (No such file or directory)
 in file:/home/travis/build/icyphy/ptII/ptolemy/actor/ptalon/demo/ptinyos/SendAndReceiveCnt/CntToLedsAndRfm.xml at line 132 and column 63
	at ptolemy.moml.SimpleErrorHandler.handleError(SimpleErrorHandler.java:75)
	at ptolemy.moml.MoMLParser.startElement(MoMLParser.java:3805)
	at com.microstar.xml.XmlParser.parseElement(XmlParser.java:931)
	at com.microstar.xml.XmlParser.parseDocument(XmlParser.java:481)
	at com.microstar.xml.XmlParser.doParse(XmlParser.java:159)
	at com.microstar.xml.XmlParser.parse(XmlParser.java:132)
	at ptolemy.moml.MoMLParser.parse(MoMLParser.java:1660)
	at ptolemy.moml.MoMLParser.parse(MoMLParser.java:1617)
	at ptolemy.moml.MoMLParser.parse(MoMLParser.java:1792)
	at ptolemy.actor.ptalon.PtalonEvaluator.addActor(PtalonEvaluator.java:241)
	... 56 more
Caused by: ptolemy.kernel.util.IllegalActionException: Cannot find class: ptolemy.actor.ptalon.demo.ptinyos.SendAndReceiveCnt.CntToLedsAndRfm. In Ptolemy, classes are typically Java .class files. Entities like actors may instead be defined within a .xml file.  In any case, the class was not found. If the class uses a third party package, then the class would be present only if the third party package was found at compile time.  It may be necessary to upgrade Java or install the third party package, reconfigure and recompile.
Because:
Element <entity name="MicaLeds" class="ptolemy.domains.ptinyos.lib.MicaLeds"> caused an exception to be thrown.
  in .CntToLedsAndRfm
Because:
Cannot find class: ptolemy.domains.ptinyos.lib.MicaLeds. In Ptolemy, classes are typically Java .class files. Entities like actors may instead be defined within a .xml file.  In any case, the class was not found. If the class uses a third party package, then the class would be present only if the third party package was found at compile time.  It may be necessary to upgrade Java or install the third party package, reconfigure and recompile.
Because:
-- /home/travis/build/icyphy/ptII/ptolemy/actor/ptalon/demo/ptinyos/SendAndReceiveCnt/ptolemy/domains/ptinyos/lib/MicaLeds.xml (No such file or directory)
-- XML file not found relative to classpath.
-- /home/travis/build/icyphy/ptII/ptolemy/vergil/basic/export/test/ptolemy/domains/ptinyos/lib/MicaLeds.xml
/home/travis/build/icyphy/ptII/ptolemy/vergil/basic/export/test/ptolemy/domains/ptinyos/lib/MicaLeds.xml (No such file or directory)
 in file:/home/travis/build/icyphy/ptII/ptolemy/actor/ptalon/demo/ptinyos/SendAndReceiveCnt/CntToLedsAndRfm.xml at line 132 and column 63
	at ptolemy.moml.MoMLParser._createEntity(MoMLParser.java:4330)
	at ptolemy.moml.MoMLParser.startElement(MoMLParser.java:2864)
	... 64 more
Caused by: ptolemy.kernel.util.InternalErrorException: Element <entity name="MicaLeds" class="ptolemy.domains.ptinyos.lib.MicaLeds"> caused an exception to be thrown.
  in .CntToLedsAndRfm
Because:
Cannot find class: ptolemy.domains.ptinyos.lib.MicaLeds. In Ptolemy, classes are typically Java .class files. Entities like actors may instead be defined within a .xml file.  In any case, the class was not found. If the class uses a third party package, then the class would be present only if the third party package was found at compile time.  It may be necessary to upgrade Java or install the third party package, reconfigure and recompile.
Because:
-- /home/travis/build/icyphy/ptII/ptolemy/actor/ptalon/demo/ptinyos/SendAndReceiveCnt/ptolemy/domains/ptinyos/lib/MicaLeds.xml (No such file or directory)
-- XML file not found relative to classpath.
-- /home/travis/build/icyphy/ptII/ptolemy/vergil/basic/export/test/ptolemy/domains/ptinyos/lib/MicaLeds.xml
/home/travis/build/icyphy/ptII/ptolemy/vergil/basic/export/test/ptolemy/domains/ptinyos/lib/MicaLeds.xml (No such file or directory)
 in file:/home/travis/build/icyphy/ptII/ptolemy/actor/ptalon/demo/ptinyos/SendAndReceiveCnt/CntToLedsAndRfm.xml at line 132 and column 63
	at ptolemy.moml.SimpleErrorHandler.handleError(SimpleErrorHandler.java:75)
	at ptolemy.moml.MoMLParser.startElement(MoMLParser.java:3805)
	at com.microstar.xml.XmlParser.parseElement(XmlParser.java:921)
	at com.microstar.xml.XmlParser.parseContent(XmlParser.java:1104)
	at com.microstar.xml.XmlParser.parseElement(XmlParser.java:924)
	at com.microstar.xml.XmlParser.parseDocument(XmlParser.java:481)
	at com.microstar.xml.XmlParser.doParse(XmlParser.java:159)
	at com.microstar.xml.XmlParser.parse(XmlParser.java:132)
	at ptolemy.moml.MoMLParser.parse(MoMLParser.java:1676)
	at ptolemy.moml.MoMLParser.parse(MoMLParser.java:1595)
	at ptolemy.moml.MoMLParser.parse(MoMLParser.java:1537)
	at ptolemy.moml.MoMLParser._findOrParse(MoMLParser.java:5286)
	at ptolemy.moml.MoMLParser._attemptToFindMoMLClass(MoMLParser.java:4075)
	at ptolemy.moml.MoMLParser._createEntity(MoMLParser.java:4323)
	... 65 more
Caused by: ptolemy.kernel.util.IllegalActionException: Cannot find class: ptolemy.domains.ptinyos.lib.MicaLeds. In Ptolemy, classes are typically Java .class files. Entities like actors may instead be defined within a .xml file.  In any case, the class was not found. If the class uses a third party package, then the class would be present only if the third party package was found at compile time.  It may be necessary to upgrade Java or install the third party package, reconfigure and recompile.
Because:
-- /home/travis/build/icyphy/ptII/ptolemy/actor/ptalon/demo/ptinyos/SendAndReceiveCnt/ptolemy/domains/ptinyos/lib/MicaLeds.xml (No such file or directory)
-- XML file not found relative to classpath.
-- /home/travis/build/icyphy/ptII/ptolemy/vergil/basic/export/test/ptolemy/domains/ptinyos/lib/MicaLeds.xml
/home/travis/build/icyphy/ptII/ptolemy/vergil/basic/export/test/ptolemy/domains/ptinyos/lib/MicaLeds.xml (No such file or directory)
 in file:/home/travis/build/icyphy/ptII/ptolemy/actor/ptalon/demo/ptinyos/SendAndReceiveCnt/CntToLedsAndRfm.xml at line 132 and column 63
	at ptolemy.moml.MoMLParser._createEntity(MoMLParser.java:4330)
	at ptolemy.moml.MoMLParser.startElement(MoMLParser.java:2864)
	... 77 more
Caused by: com.microstar.xml.XmlException: -- /home/travis/build/icyphy/ptII/ptolemy/actor/ptalon/demo/ptinyos/SendAndReceiveCnt/ptolemy/domains/ptinyos/lib/MicaLeds.xml (No such file or directory)
-- XML file not found relative to classpath.
-- /home/travis/build/icyphy/ptII/ptolemy/vergil/basic/export/test/ptolemy/domains/ptinyos/lib/MicaLeds.xml
/home/travis/build/icyphy/ptII/ptolemy/vergil/basic/export/test/ptolemy/domains/ptinyos/lib/MicaLeds.xml (No such file or directory)
 in file:/home/travis/build/icyphy/ptII/ptolemy/actor/ptalon/demo/ptinyos/SendAndReceiveCnt/CntToLedsAndRfm.xml at line 132 and column 63
	at ptolemy.moml.MoMLParser.fileNameToURL(MoMLParser.java:1414)
	at ptolemy.moml.MoMLParser._findOrParse(MoMLParser.java:5283)
	at ptolemy.moml.MoMLParser._attemptToFindMoMLClass(MoMLParser.java:4075)
	at ptolemy.moml.MoMLParser._createEntity(MoMLParser.java:4323)
	... 78 more
Caused by: ptolemy.actor.ptalon.PtalonRuntimeException: Unable to add actor null
	at ptolemy.actor.ptalon.PtalonEvaluator.addActor(PtalonEvaluator.java:300)
	at ptolemy.actor.ptalon.PtalonPopulator.actor_declaration(PtalonPopulator.java:1574)
	at ptolemy.actor.ptalon.PtalonPopulator.atomic_statement(PtalonPopulator.java:1638)
	at ptolemy.actor.ptalon.PtalonPopulator.iterative_statement_evaluator(PtalonPopulator.java:2484)
	at ptolemy.actor.ptalon.AbstractPtalonEvaluator$IfTree.evaluateForScope(AbstractPtalonEvaluator.java:1307)
	at ptolemy.actor.ptalon.AbstractPtalonEvaluator.evaluateForScope(AbstractPtalonEvaluator.java:744)
	at ptolemy.actor.ptalon.PtalonPopulator.iterative_statement(PtalonPopulator.java:2363)
	at ptolemy.actor.ptalon.PtalonPopulator.actor_definition(PtalonPopulator.java:2809)
	at ptolemy.actor.ptalon.PtalonActor.attributeChanged(PtalonActor.java:206)
	at ptolemy.actor.ptalon.PtalonMLHandler.startElement(PtalonMLHandler.java:134)
	at com.microstar.xml.XmlParser.parseElement(XmlParser.java:921)
	at com.microstar.xml.XmlParser.parseContent(XmlParser.java:1104)
	at com.microstar.xml.XmlParser.parseElement(XmlParser.java:924)
	at com.microstar.xml.XmlParser.parseDocument(XmlParser.java:481)
	at com.microstar.xml.XmlParser.doParse(XmlParser.java:159)
	at com.microstar.xml.XmlParser.parse(XmlParser.java:132)
	at ptolemy.actor.ptalon.PtalonActor.configure(PtalonActor.java:240)
	at ptolemy.moml.MoMLParser.endElement(MoMLParser.java:996)
	at com.microstar.xml.XmlParser.parseETag(XmlParser.java:1026)
	at com.microstar.xml.XmlParser.parseContent(XmlParser.java:1098)
	at com.microstar.xml.XmlParser.parseElement(XmlParser.java:924)
	at com.microstar.xml.XmlParser.parseContent(XmlParser.java:1104)
	at com.microstar.xml.XmlParser.parseElement(XmlParser.java:924)
	at com.microstar.xml.XmlParser.parseContent(XmlParser.java:1104)
	at com.microstar.xml.XmlParser.parseElement(XmlParser.java:924)
	at com.microstar.xml.XmlParser.parseDocument(XmlParser.java:481)
	at com.microstar.xml.XmlParser.doParse(XmlParser.java:159)
	at com.microstar.xml.XmlParser.parse(XmlParser.java:132)
	at ptolemy.moml.MoMLParser.parse(MoMLParser.java:1676)
	at ptolemy.moml.MoMLParser.parse(MoMLParser.java:1595)
	at ptolemy.moml.MoMLParser.parse(MoMLParser.java:1537)
	at ptolemy.actor.gui.PtolemyEffigy$Factory.createEffigy(PtolemyEffigy.java:424)
	at ptolemy.actor.gui.EffigyFactory.createEffigy(EffigyFactory.java:234)
	at ptolemy.actor.gui.Configuration.openModel(Configuration.java:1125)
	at ptolemy.actor.gui.Configuration.openModel(Configuration.java:1051)
	at ptolemy.actor.gui.ConfigurationApplication._openModel(ConfigurationApplication.java:1252)
	at ptolemy.actor.gui.ConfigurationApplication._parseArg(ConfigurationApplication.java:1399)
	at ptolemy.actor.gui.ConfigurationApplication._parseArgs(ConfigurationApplication.java:1478)
	at ptolemy.actor.gui.ConfigurationApplication.<init>(ConfigurationApplication.java:277)
	at ptolemy.actor.gui.ConfigurationApplication.<init>(ConfigurationApplication.java:214)
	at ptolemy.actor.gui.ConfigurationApplication.<init>(ConfigurationApplication.java:201)
	at ptolemy.actor.gui.ConfigurationApplication.openModelOrEntity(ConfigurationApplication.java:680)
	at ptolemy.vergil.basic.export.ExportModel$1.run(ExportModel.java:220)
	at java.awt.event.InvocationEvent.dispatch(InvocationEvent.java:301)
	at java.awt.EventQueue.dispatchEventImpl(EventQueue.java:756)
	at java.awt.EventQueue.access$500(EventQueue.java:97)
	at java.awt.EventQueue$3.run(EventQueue.java:709)
	at java.awt.EventQueue$3.run(EventQueue.java:703)
	at java.security.AccessController.doPrivileged(Native Method)
	at java.security.ProtectionDomain$JavaSecurityAccessImpl.doIntersectionPrivilege(ProtectionDomain.java:80)
	at java.awt.EventQueue.dispatchEvent(EventQueue.java:726)
	at java.awt.EventDispatchThread.pumpOneEventForFilters(EventDispatchThread.java:201)
	at java.awt.EventDispatchThread.pumpEventsForFilter(EventDispatchThread.java:116)
	at java.awt.EventDispatchThread.pumpEventsForHierarchy(EventDispatchThread.java:105)
	at java.awt.EventDispatchThread.pumpEvents(EventDispatchThread.java:101)
	at java.awt.EventDispatchThread.pumpEvents(EventDispatchThread.java:93)
	at java.awt.EventDispatchThread.run(EventDispatchThread.java:82)
Caused by: ptolemy.kernel.util.InternalErrorException: Element <entity name="sender1" class="ptolemy.actor.ptalon.demo.ptinyos.SendAndReceiveCnt.CntToLedsAndRfm"> caused an exception to be thrown.
  in .SendAndReceiveCnt.SendAndReceiveCnt
Because:
Cannot find class: ptolemy.actor.ptalon.demo.ptinyos.SendAndReceiveCnt.CntToLedsAndRfm. In Ptolemy, classes are typically Java .class files. Entities like actors may instead be defined within a .xml file.  In any case, the class was not found. If the class uses a third party package, then the class would be present only if the third party package was found at compile time.  It may be necessary to upgrade Java or install the third party package, reconfigure and recompile.
Because:
Element <entity name="MicaLeds" class="ptolemy.domains.ptinyos.lib.MicaLeds"> caused an exception to be thrown.
  in .CntToLedsAndRfm
Because:
Cannot find class: ptolemy.domains.ptinyos.lib.MicaLeds. In Ptolemy, classes are typically Java .class files. Entities like actors may instead be defined within a .xml file.  In any case, the class was not found. If the class uses a third party package, then the class would be present only if the third party package was found at compile time.  It may be necessary to upgrade Java or install the third party package, reconfigure and recompile.
Because:
-- /home/travis/build/icyphy/ptII/ptolemy/actor/ptalon/demo/ptinyos/SendAndReceiveCnt/ptolemy/domains/ptinyos/lib/MicaLeds.xml (No such file or directory)
-- XML file not found relative to classpath.
-- /home/travis/build/icyphy/ptII/ptolemy/vergil/basic/export/test/ptolemy/domains/ptinyos/lib/MicaLeds.xml
/home/travis/build/icyphy/ptII/ptolemy/vergil/basic/export/test/ptolemy/domains/ptinyos/lib/MicaLeds.xml (No such file or directory)
 in file:/home/travis/build/icyphy/ptII/ptolemy/actor/ptalon/demo/ptinyos/SendAndReceiveCnt/CntToLedsAndRfm.xml at line 132 and column 63
	at ptolemy.moml.SimpleErrorHandler.handleError(SimpleErrorHandler.java:75)
	at ptolemy.moml.MoMLParser.startElement(MoMLParser.java:3805)
	at com.microstar.xml.XmlParser.parseElement(XmlParser.java:931)
	at com.microstar.xml.XmlParser.parseDocument(XmlParser.java:481)
	at com.microstar.xml.XmlParser.doParse(XmlParser.java:159)
	at com.microstar.xml.XmlParser.parse(XmlParser.java:132)
	at ptolemy.moml.MoMLParser.parse(MoMLParser.java:1660)
	at ptolemy.moml.MoMLParser.parse(MoMLParser.java:1617)
	at ptolemy.moml.MoMLParser.parse(MoMLParser.java:1792)
	at ptolemy.actor.ptalon.PtalonEvaluator.addActor(PtalonEvaluator.java:241)
	... 56 more
Caused by: ptolemy.kernel.util.IllegalActionException: Cannot find class: ptolemy.actor.ptalon.demo.ptinyos.SendAndReceiveCnt.CntToLedsAndRfm. In Ptolemy, classes are typically Java .class files. Entities like actors may instead be defined within a .xml file.  In any case, the class was not found. If the class uses a third party package, then the class would be present only if the third party package was found at compile time.  It may be necessary to upgrade Java or install the third party package, reconfigure and recompile.
Because:
Element <entity name="MicaLeds" class="ptolemy.domains.ptinyos.lib.MicaLeds"> caused an exception to be thrown.
  in .CntToLedsAndRfm
Because:
Cannot find class: ptolemy.domains.ptinyos.lib.MicaLeds. In Ptolemy, classes are typically Java .class files. Entities like actors may instead be defined within a .xml file.  In any case, the class was not found. If the class uses a third party package, then the class would be present only if the third party package was found at compile time.  It may be necessary to upgrade Java or install the third party package, reconfigure and recompile.
Because:
-- /home/travis/build/icyphy/ptII/ptolemy/actor/ptalon/demo/ptinyos/SendAndReceiveCnt/ptolemy/domains/ptinyos/lib/MicaLeds.xml (No such file or directory)
-- XML file not found relative to classpath.
-- /home/travis/build/icyphy/ptII/ptolemy/vergil/basic/export/test/ptolemy/domains/ptinyos/lib/MicaLeds.xml
/home/travis/build/icyphy/ptII/ptolemy/vergil/basic/export/test/ptolemy/domains/ptinyos/lib/MicaLeds.xml (No such file or directory)
 in file:/home/travis/build/icyphy/ptII/ptolemy/actor/ptalon/demo/ptinyos/SendAndReceiveCnt/CntToLedsAndRfm.xml at line 132 and column 63
	at ptolemy.moml.MoMLParser._createEntity(MoMLParser.java:4330)
	at ptolemy.moml.MoMLParser.startElement(MoMLParser.java:2864)
	... 64 more
Caused by: ptolemy.kernel.util.InternalErrorException: Element <entity name="MicaLeds" class="ptolemy.domains.ptinyos.lib.MicaLeds"> caused an exception to be thrown.
  in .CntToLedsAndRfm
Because:
Cannot find class: ptolemy.domains.ptinyos.lib.MicaLeds. In Ptolemy, classes are typically Java .class files. Entities like actors may instead be defined within a .xml file.  In any case, the class was not found. If the class uses a third party package, then the class would be present only if the third party package was found at compile time.  It may be necessary to upgrade Java or install the third party package, reconfigure and recompile.
Because:
-- /home/travis/build/icyphy/ptII/ptolemy/actor/ptalon/demo/ptinyos/SendAndReceiveCnt/ptolemy/domains/ptinyos/lib/MicaLeds.xml (No such file or directory)
-- XML file not found relative to classpath.
-- /home/travis/build/icyphy/ptII/ptolemy/vergil/basic/export/test/ptolemy/domains/ptinyos/lib/MicaLeds.xml
/home/travis/build/icyphy/ptII/ptolemy/vergil/basic/export/test/ptolemy/domains/ptinyos/lib/MicaLeds.xml (No such file or directory)
 in file:/home/travis/build/icyphy/ptII/ptolemy/actor/ptalon/demo/ptinyos/SendAndReceiveCnt/CntToLedsAndRfm.xml at line 132 and column 63
	at ptolemy.moml.SimpleErrorHandler.handleError(SimpleErrorHandler.java:75)
	at ptolemy.moml.MoMLParser.startElement(MoMLParser.java:3805)
	at com.microstar.xml.XmlParser.parseElement(XmlParser.java:921)
	at com.microstar.xml.XmlParser.parseContent(XmlParser.java:1104)
	at com.microstar.xml.XmlParser.parseElement(XmlParser.java:924)
	at com.microstar.xml.XmlParser.parseDocument(XmlParser.java:481)
	at com.microstar.xml.XmlParser.doParse(XmlParser.java:159)
	at com.microstar.xml.XmlParser.parse(XmlParser.java:132)
	at ptolemy.moml.MoMLParser.parse(MoMLParser.java:1676)
	at ptolemy.moml.MoMLParser.parse(MoMLParser.java:1595)
	at ptolemy.moml.MoMLParser.parse(MoMLParser.java:1537)
	at ptolemy.moml.MoMLParser._findOrParse(MoMLParser.java:5286)
	at ptolemy.moml.MoMLParser._attemptToFindMoMLClass(MoMLParser.java:4075)
	at ptolemy.moml.MoMLParser._createEntity(MoMLParser.java:4323)
	... 65 more
Caused by: ptolemy.kernel.util.IllegalActionException: Cannot find class: ptolemy.domains.ptinyos.lib.MicaLeds. In Ptolemy, classes are typically Java .class files. Entities like actors may instead be defined within a .xml file.  In any case, the class was not found. If the class uses a third party package, then the class would be present only if the third party package was found at compile time.  It may be necessary to upgrade Java or install the third party package, reconfigure and recompile.
Because:
-- /home/travis/build/icyphy/ptII/ptolemy/actor/ptalon/demo/ptinyos/SendAndReceiveCnt/ptolemy/domains/ptinyos/lib/MicaLeds.xml (No such file or directory)
-- XML file not found relative to classpath.
-- /home/travis/build/icyphy/ptII/ptolemy/vergil/basic/export/test/ptolemy/domains/ptinyos/lib/MicaLeds.xml
/home/travis/build/icyphy/ptII/ptolemy/vergil/basic/export/test/ptolemy/domains/ptinyos/lib/MicaLeds.xml (No such file or directory)
 in file:/home/travis/build/icyphy/ptII/ptolemy/actor/ptalon/demo/ptinyos/SendAndReceiveCnt/CntToLedsAndRfm.xml at line 132 and column 63
	at ptolemy.moml.MoMLParser._createEntity(MoMLParser.java:4330)
	at ptolemy.moml.MoMLParser.startElement(MoMLParser.java:2864)
	... 77 more
Caused by: com.microstar.xml.XmlException: -- /home/travis/build/icyphy/ptII/ptolemy/actor/ptalon/demo/ptinyos/SendAndReceiveCnt/ptolemy/domains/ptinyos/lib/MicaLeds.xml (No such file or directory)
-- XML file not found relative to classpath.
-- /home/travis/build/icyphy/ptII/ptolemy/vergil/basic/export/test/ptolemy/domains/ptinyos/lib/MicaLeds.xml
/home/travis/build/icyphy/ptII/ptolemy/vergil/basic/export/test/ptolemy/domains/ptinyos/lib/MicaLeds.xml (No such file or directory)
 in file:/home/travis/build/icyphy/ptII/ptolemy/actor/ptalon/demo/ptinyos/SendAndReceiveCnt/CntToLedsAndRfm.xml at line 132 and column 63
	at ptolemy.moml.MoMLParser.fileNameToURL(MoMLParser.java:1414)
	at ptolemy.moml.MoMLParser._findOrParse(MoMLParser.java:5283)
	at ptolemy.moml.MoMLParser._attemptToFindMoMLClass(MoMLParser.java:4075)
	at ptolemy.moml.MoMLParser._createEntity(MoMLParser.java:4323)
	... 78 more
Failed to read file:/home/travis/build/icyphy/ptII/ptolemy/actor/ptalon/demo/ptinyos/SendAndReceiveCnt/SendAndReceiveCnt.xml
ptolemy.kernel.util.IllegalActionException: Failed to process attribute change to PtalonParameter, whose value is "ptolemy.actor.ptalon.PtalonExpressionParameter {.SendAndReceiveCnt.SendAndReceiveCnt.channelName} "AtomicWirelessChannel"".
  in .SendAndReceiveCnt.SendAndReceiveCnt
Because:
Unable to add actor null
	at ptolemy.actor.ptalon.PtalonActor.attributeChanged(PtalonActor.java:211)
	at ptolemy.actor.ptalon.PtalonMLHandler.startElement(PtalonMLHandler.java:134)
	at com.microstar.xml.XmlParser.parseElement(XmlParser.java:921)
	at com.microstar.xml.XmlParser.parseContent(XmlParser.java:1104)
	at com.microstar.xml.XmlParser.parseElement(XmlParser.java:924)
	at com.microstar.xml.XmlParser.parseDocument(XmlParser.java:481)
	at com.microstar.xml.XmlParser.doParse(XmlParser.java:159)
	at com.microstar.xml.XmlParser.parse(XmlParser.java:132)
	at ptolemy.actor.ptalon.PtalonActor.configure(PtalonActor.java:240)
	at ptolemy.moml.MoMLParser.endElement(MoMLParser.java:996)
	at com.microstar.xml.XmlParser.parseETag(XmlParser.java:1026)
	at com.microstar.xml.XmlParser.parseContent(XmlParser.java:1098)
	at com.microstar.xml.XmlParser.parseElement(XmlParser.java:924)
	at com.microstar.xml.XmlParser.parseContent(XmlParser.java:1104)
	at com.microstar.xml.XmlParser.parseElement(XmlParser.java:924)
	at com.microstar.xml.XmlParser.parseContent(XmlParser.java:1104)
	at com.microstar.xml.XmlParser.parseElement(XmlParser.java:924)
	at com.microstar.xml.XmlParser.parseDocument(XmlParser.java:481)
	at com.microstar.xml.XmlParser.doParse(XmlParser.java:159)
	at com.microstar.xml.XmlParser.parse(XmlParser.java:132)
	at ptolemy.moml.MoMLParser.parse(MoMLParser.java:1676)
	at ptolemy.moml.MoMLParser.parse(MoMLParser.java:1595)
	at ptolemy.moml.MoMLParser.parse(MoMLParser.java:1537)
	at ptolemy.actor.gui.PtolemyEffigy$Factory.createEffigy(PtolemyEffigy.java:424)
	at ptolemy.actor.gui.EffigyFactory.createEffigy(EffigyFactory.java:234)
	at ptolemy.actor.gui.Configuration.openModel(Configuration.java:1125)
	at ptolemy.actor.gui.Configuration.openModel(Configuration.java:1051)
	at ptolemy.actor.gui.ConfigurationApplication._openModel(ConfigurationApplication.java:1252)
	at ptolemy.actor.gui.ConfigurationApplication._parseArg(ConfigurationApplication.java:1399)
	at ptolemy.actor.gui.ConfigurationApplication._parseArgs(ConfigurationApplication.java:1478)
	at ptolemy.actor.gui.ConfigurationApplication.<init>(ConfigurationApplication.java:277)
	at ptolemy.actor.gui.ConfigurationApplication.<init>(ConfigurationApplication.java:214)
	at ptolemy.actor.gui.ConfigurationApplication.<init>(ConfigurationApplication.java:201)
	at ptolemy.actor.gui.ConfigurationApplication.openModelOrEntity(ConfigurationApplication.java:680)
	at ptolemy.vergil.basic.export.ExportModel$1.run(ExportModel.java:220)
	at java.awt.event.InvocationEvent.dispatch(InvocationEvent.java:301)
	at java.awt.EventQueue.dispatchEventImpl(EventQueue.java:756)
	at java.awt.EventQueue.access$500(EventQueue.java:97)
	at java.awt.EventQueue$3.run(EventQueue.java:709)
	at java.awt.EventQueue$3.run(EventQueue.java:703)
	at java.security.AccessController.doPrivileged(Native Method)
	at java.security.ProtectionDomain$JavaSecurityAccessImpl.doIntersectionPrivilege(ProtectionDomain.java:80)
	at java.awt.EventQueue.dispatchEvent(EventQueue.java:726)
	at java.awt.EventDispatchThread.pumpOneEventForFilters(EventDispatchThread.java:201)
	at java.awt.EventDispatchThread.pumpEventsForFilter(EventDispatchThread.java:116)
	at java.awt.EventDispatchThread.pumpEventsForHierarchy(EventDispatchThread.java:105)
	at java.awt.EventDispatchThread.pumpEvents(EventDispatchThread.java:101)
	at java.awt.EventDispatchThread.pumpEvents(EventDispatchThread.java:93)
	at java.awt.EventDispatchThread.run(EventDispatchThread.java:82)
Caused by: ptolemy.actor.ptalon.PtalonRuntimeException: Unable to add actor null
	at ptolemy.actor.ptalon.PtalonEvaluator.addActor(PtalonEvaluator.java:300)
	at ptolemy.actor.ptalon.PtalonPopulator.actor_declaration(PtalonPopulator.java:1574)
	at ptolemy.actor.ptalon.PtalonPopulator.atomic_statement(PtalonPopulator.java:1638)
	at ptolemy.actor.ptalon.PtalonPopulator.iterative_statement_evaluator(PtalonPopulator.java:2484)
	at ptolemy.actor.ptalon.AbstractPtalonEvaluator$IfTree.evaluateForScope(AbstractPtalonEvaluator.java:1307)
	at ptolemy.actor.ptalon.AbstractPtalonEvaluator.evaluateForScope(AbstractPtalonEvaluator.java:744)
	at ptolemy.actor.ptalon.PtalonPopulator.iterative_statement(PtalonPopulator.java:2363)
	at ptolemy.actor.ptalon.PtalonPopulator.actor_definition(PtalonPopulator.java:2809)
	at ptolemy.actor.ptalon.PtalonActor.attributeChanged(PtalonActor.java:206)
	... 48 more
Caused by: ptolemy.kernel.util.InternalErrorException: Element <entity name="sender1" class="ptolemy.actor.ptalon.demo.ptinyos.SendAndReceiveCnt.CntToLedsAndRfm"> caused an exception to be thrown.
  in .SendAndReceiveCnt.SendAndReceiveCnt
Because:
Cannot find class: ptolemy.actor.ptalon.demo.ptinyos.SendAndReceiveCnt.CntToLedsAndRfm. In Ptolemy, classes are typically Java .class files. Entities like actors may instead be defined within a .xml file.  In any case, the class was not found. If the class uses a third party package, then the class would be present only if the third party package was found at compile time.  It may be necessary to upgrade Java or install the third party package, reconfigure and recompile.
Because:
Element <entity name="MicaLeds" class="ptolemy.domains.ptinyos.lib.MicaLeds"> caused an exception to be thrown.
  in .CntToLedsAndRfm
Because:
Cannot find class: ptolemy.domains.ptinyos.lib.MicaLeds. In Ptolemy, classes are typically Java .class files. Entities like actors may instead be defined within a .xml file.  In any case, the class was not found. If the class uses a third party package, then the class would be present only if the third party package was found at compile time.  It may be necessary to upgrade Java or install the third party package, reconfigure and recompile.
Because:
-- /home/travis/build/icyphy/ptII/ptolemy/actor/ptalon/demo/ptinyos/SendAndReceiveCnt/ptolemy/domains/ptinyos/lib/MicaLeds.xml (No such file or directory)
-- XML file not found relative to classpath.
-- /home/travis/build/icyphy/ptII/ptolemy/vergil/basic/export/test/ptolemy/domains/ptinyos/lib/MicaLeds.xml
/home/travis/build/icyphy/ptII/ptolemy/vergil/basic/export/test/ptolemy/domains/ptinyos/lib/MicaLeds.xml (No such file or directory)
 in file:/home/travis/build/icyphy/ptII/ptolemy/actor/ptalon/demo/ptinyos/SendAndReceiveCnt/CntToLedsAndRfm.xml at line 132 and column 63
	at ptolemy.moml.SimpleErrorHandler.handleError(SimpleErrorHandler.java:75)
	at ptolemy.moml.MoMLParser.startElement(MoMLParser.java:3805)
	at com.microstar.xml.XmlParser.parseElement(XmlParser.java:931)
	at com.microstar.xml.XmlParser.parseDocument(XmlParser.java:481)
	at com.microstar.xml.XmlParser.doParse(XmlParser.java:159)
	at com.microstar.xml.XmlParser.parse(XmlParser.java:132)
	at ptolemy.moml.MoMLParser.parse(MoMLParser.java:1660)
	at ptolemy.moml.MoMLParser.parse(MoMLParser.java:1617)
	at ptolemy.moml.MoMLParser.parse(MoMLParser.java:1792)
	at ptolemy.actor.ptalon.PtalonEvaluator.addActor(PtalonEvaluator.java:241)
	... 56 more
Caused by: ptolemy.kernel.util.IllegalActionException: Cannot find class: ptolemy.actor.ptalon.demo.ptinyos.SendAndReceiveCnt.CntToLedsAndRfm. In Ptolemy, classes are typically Java .class files. Entities like actors may instead be defined within a .xml file.  In any case, the class was not found. If the class uses a third party package, then the class would be present only if the third party package was found at compile time.  It may be necessary to upgrade Java or install the third party package, reconfigure and recompile.
Because:
Element <entity name="MicaLeds" class="ptolemy.domains.ptinyos.lib.MicaLeds"> caused an exception to be thrown.
  in .CntToLedsAndRfm
Because:
Cannot find class: ptolemy.domains.ptinyos.lib.MicaLeds. In Ptolemy, classes are typically Java .class files. Entities like actors may instead be defined within a .xml file.  In any case, the class was not found. If the class uses a third party package, then the class would be present only if the third party package was found at compile time.  It may be necessary to upgrade Java or install the third party package, reconfigure and recompile.
Because:
-- /home/travis/build/icyphy/ptII/ptolemy/actor/ptalon/demo/ptinyos/SendAndReceiveCnt/ptolemy/domains/ptinyos/lib/MicaLeds.xml (No such file or directory)
-- XML file not found relative to classpath.
-- /home/travis/build/icyphy/ptII/ptolemy/vergil/basic/export/test/ptolemy/domains/ptinyos/lib/MicaLeds.xml
/home/travis/build/icyphy/ptII/ptolemy/vergil/basic/export/test/ptolemy/domains/ptinyos/lib/MicaLeds.xml (No such file or directory)
 in file:/home/travis/build/icyphy/ptII/ptolemy/actor/ptalon/demo/ptinyos/SendAndReceiveCnt/CntToLedsAndRfm.xml at line 132 and column 63
	at ptolemy.moml.MoMLParser._createEntity(MoMLParser.java:4330)
	at ptolemy.moml.MoMLParser.startElement(MoMLParser.java:2864)
	... 64 more
Caused by: ptolemy.kernel.util.InternalErrorException: Element <entity name="MicaLeds" class="ptolemy.domains.ptinyos.lib.MicaLeds"> caused an exception to be thrown.
  in .CntToLedsAndRfm
Because:
Cannot find class: ptolemy.domains.ptinyos.lib.MicaLeds. In Ptolemy, classes are typically Java .class files. Entities like actors may instead be defined within a .xml file.  In any case, the class was not found. If the class uses a third party package, then the class would be present only if the third party package was found at compile time.  It may be necessary to upgrade Java or install the third party package, reconfigure and recompile.
Because:
-- /home/travis/build/icyphy/ptII/ptolemy/actor/ptalon/demo/ptinyos/SendAndReceiveCnt/ptolemy/domains/ptinyos/lib/MicaLeds.xml (No such file or directory)
-- XML file not found relative to classpath.
-- /home/travis/build/icyphy/ptII/ptolemy/vergil/basic/export/test/ptolemy/domains/ptinyos/lib/MicaLeds.xml
/home/travis/build/icyphy/ptII/ptolemy/vergil/basic/export/test/ptolemy/domains/ptinyos/lib/MicaLeds.xml (No such file or directory)
 in file:/home/travis/build/icyphy/ptII/ptolemy/actor/ptalon/demo/ptinyos/SendAndReceiveCnt/CntToLedsAndRfm.xml at line 132 and column 63
	at ptolemy.moml.SimpleErrorHandler.handleError(SimpleErrorHandler.java:75)
	at ptolemy.moml.MoMLParser.startElement(MoMLParser.java:3805)
	at com.microstar.xml.XmlParser.parseElement(XmlParser.java:921)
	at com.microstar.xml.XmlParser.parseContent(XmlParser.java:1104)
	at com.microstar.xml.XmlParser.parseElement(XmlParser.java:924)
	at com.microstar.xml.XmlParser.parseDocument(XmlParser.java:481)
	at com.microstar.xml.XmlParser.doParse(XmlParser.java:159)
	at com.microstar.xml.XmlParser.parse(XmlParser.java:132)
	at ptolemy.moml.MoMLParser.parse(MoMLParser.java:1676)
	at ptolemy.moml.MoMLParser.parse(MoMLParser.java:1595)
	at ptolemy.moml.MoMLParser.parse(MoMLParser.java:1537)
	at ptolemy.moml.MoMLParser._findOrParse(MoMLParser.java:5286)
	at ptolemy.moml.MoMLParser._attemptToFindMoMLClass(MoMLParser.java:4075)
	at ptolemy.moml.MoMLParser._createEntity(MoMLParser.java:4323)
	... 65 more
Caused by: ptolemy.kernel.util.IllegalActionException: Cannot find class: ptolemy.domains.ptinyos.lib.MicaLeds. In Ptolemy, classes are typically Java .class files. Entities like actors may instead be defined within a .xml file.  In any case, the class was not found. If the class uses a third party package, then the class would be present only if the third party package was found at compile time.  It may be necessary to upgrade Java or install the third party package, reconfigure and recompile.
Because:
-- /home/travis/build/icyphy/ptII/ptolemy/actor/ptalon/demo/ptinyos/SendAndReceiveCnt/ptolemy/domains/ptinyos/lib/MicaLeds.xml (No such file or directory)
-- XML file not found relative to classpath.
-- /home/travis/build/icyphy/ptII/ptolemy/vergil/basic/export/test/ptolemy/domains/ptinyos/lib/MicaLeds.xml
/home/travis/build/icyphy/ptII/ptolemy/vergil/basic/export/test/ptolemy/domains/ptinyos/lib/MicaLeds.xml (No such file or directory)
 in file:/home/travis/build/icyphy/ptII/ptolemy/actor/ptalon/demo/ptinyos/SendAndReceiveCnt/CntToLedsAndRfm.xml at line 132 and column 63
	at ptolemy.moml.MoMLParser._createEntity(MoMLParser.java:4330)
	at ptolemy.moml.MoMLParser.startElement(MoMLParser.java:2864)
	... 77 more
Caused by: com.microstar.xml.XmlException: -- /home/travis/build/icyphy/ptII/ptolemy/actor/ptalon/demo/ptinyos/SendAndReceiveCnt/ptolemy/domains/ptinyos/lib/MicaLeds.xml (No such file or directory)
-- XML file not found relative to classpath.
-- /home/travis/build/icyphy/ptII/ptolemy/vergil/basic/export/test/ptolemy/domains/ptinyos/lib/MicaLeds.xml
/home/travis/build/icyphy/ptII/ptolemy/vergil/basic/export/test/ptolemy/domains/ptinyos/lib/MicaLeds.xml (No such file or directory)
 in file:/home/travis/build/icyphy/ptII/ptolemy/actor/ptalon/demo/ptinyos/SendAndReceiveCnt/CntToLedsAndRfm.xml at line 132 and column 63
	at ptolemy.moml.MoMLParser.fileNameToURL(MoMLParser.java:1414)
	at ptolemy.moml.MoMLParser._findOrParse(MoMLParser.java:5283)
	at ptolemy.moml.MoMLParser._attemptToFindMoMLClass(MoMLParser.java:4075)
	at ptolemy.moml.MoMLParser._createEntity(MoMLParser.java:4323)
	... 78 more
Caused by: ptolemy.actor.ptalon.PtalonRuntimeException: Unable to add actor null
	at ptolemy.actor.ptalon.PtalonEvaluator.addActor(PtalonEvaluator.java:300)
	at ptolemy.actor.ptalon.PtalonPopulator.actor_declaration(PtalonPopulator.java:1574)
	at ptolemy.actor.ptalon.PtalonPopulator.atomic_statement(PtalonPopulator.java:1638)
	at ptolemy.actor.ptalon.PtalonPopulator.iterative_statement_evaluator(PtalonPopulator.java:2484)
	at ptolemy.actor.ptalon.AbstractPtalonEvaluator$IfTree.evaluateForScope(AbstractPtalonEvaluator.java:1307)
	at ptolemy.actor.ptalon.AbstractPtalonEvaluator.evaluateForScope(AbstractPtalonEvaluator.java:744)
	at ptolemy.actor.ptalon.PtalonPopulator.iterative_statement(PtalonPopulator.java:2363)
	at ptolemy.actor.ptalon.PtalonPopulator.actor_definition(PtalonPopulator.java:2809)
	at ptolemy.actor.ptalon.PtalonActor.attributeChanged(PtalonActor.java:206)
	at ptolemy.actor.ptalon.PtalonMLHandler.startElement(PtalonMLHandler.java:134)
	at com.microstar.xml.XmlParser.parseElement(XmlParser.java:921)
	at com.microstar.xml.XmlParser.parseContent(XmlParser.java:1104)
	at com.microstar.xml.XmlParser.parseElement(XmlParser.java:924)
	at com.microstar.xml.XmlParser.parseDocument(XmlParser.java:481)
	at com.microstar.xml.XmlParser.doParse(XmlParser.java:159)
	at com.microstar.xml.XmlParser.parse(XmlParser.java:132)
	at ptolemy.actor.ptalon.PtalonActor.configure(PtalonActor.java:240)
	at ptolemy.moml.MoMLParser.endElement(MoMLParser.java:996)
	at com.microstar.xml.XmlParser.parseETag(XmlParser.java:1026)
	at com.microstar.xml.XmlParser.parseContent(XmlParser.java:1098)
	at com.microstar.xml.XmlParser.parseElement(XmlParser.java:924)
	at com.microstar.xml.XmlParser.parseContent(XmlParser.java:1104)
	at com.microstar.xml.XmlParser.parseElement(XmlParser.java:924)
	at com.microstar.xml.XmlParser.parseContent(XmlParser.java:1104)
	at com.microstar.xml.XmlParser.parseElement(XmlParser.java:924)
	at com.microstar.xml.XmlParser.parseDocument(XmlParser.java:481)
	at com.microstar.xml.XmlParser.doParse(XmlParser.java:159)
	at com.microstar.xml.XmlParser.parse(XmlParser.java:132)
	at ptolemy.moml.MoMLParser.parse(MoMLParser.java:1676)
	at ptolemy.moml.MoMLParser.parse(MoMLParser.java:1595)
	at ptolemy.moml.MoMLParser.parse(MoMLParser.java:1537)
	at ptolemy.actor.gui.PtolemyEffigy$Factory.createEffigy(PtolemyEffigy.java:424)
	at ptolemy.actor.gui.EffigyFactory.createEffigy(EffigyFactory.java:234)
	at ptolemy.actor.gui.Configuration.openModel(Configuration.java:1125)
	at ptolemy.actor.gui.Configuration.openModel(Configuration.java:1051)
	at ptolemy.actor.gui.ConfigurationApplication._openModel(ConfigurationApplication.java:1252)
	at ptolemy.actor.gui.ConfigurationApplication._parseArg(ConfigurationApplication.java:1399)
	at ptolemy.actor.gui.ConfigurationApplication._parseArgs(ConfigurationApplication.java:1478)
	at ptolemy.actor.gui.ConfigurationApplication.<init>(ConfigurationApplication.java:277)
	at ptolemy.actor.gui.ConfigurationApplication.<init>(ConfigurationApplication.java:214)
	at ptolemy.actor.gui.ConfigurationApplication.<init>(ConfigurationApplication.java:201)
	at ptolemy.actor.gui.ConfigurationApplication.openModelOrEntity(ConfigurationApplication.java:680)
	at ptolemy.vergil.basic.export.ExportModel$1.run(ExportModel.java:220)
	at java.awt.event.InvocationEvent.dispatch(InvocationEvent.java:301)
	at java.awt.EventQueue.dispatchEventImpl(EventQueue.java:756)
	at java.awt.EventQueue.access$500(EventQueue.java:97)
	at java.awt.EventQueue$3.run(EventQueue.java:709)
	at java.awt.EventQueue$3.run(EventQueue.java:703)
	at java.security.AccessController.doPrivileged(Native Method)
	at java.security.ProtectionDomain$JavaSecurityAccessImpl.doIntersectionPrivilege(ProtectionDomain.java:80)
	at java.awt.EventQueue.dispatchEvent(EventQueue.java:726)
	at java.awt.EventDispatchThread.pumpOneEventForFilters(EventDispatchThread.java:201)
	at java.awt.EventDispatchThread.pumpEventsForFilter(EventDispatchThread.java:116)
	at java.awt.EventDispatchThread.pumpEventsForHierarchy(EventDispatchThread.java:105)
	at java.awt.EventDispatchThread.pumpEvents(EventDispatchThread.java:101)
	at java.awt.EventDispatchThread.pumpEvents(EventDispatchThread.java:93)
	at java.awt.EventDispatchThread.run(EventDispatchThread.java:82)
Caused by: ptolemy.kernel.util.InternalErrorException: Element <entity name="sender1" class="ptolemy.actor.ptalon.demo.ptinyos.SendAndReceiveCnt.CntToLedsAndRfm"> caused an exception to be thrown.
  in .SendAndReceiveCnt.SendAndReceiveCnt
Because:
Cannot find class: ptolemy.actor.ptalon.demo.ptinyos.SendAndReceiveCnt.CntToLedsAndRfm. In Ptolemy, classes are typically Java .class files. Entities like actors may instead be defined within a .xml file.  In any case, the class was not found. If the class uses a third party package, then the class would be present only if the third party package was found at compile time.  It may be necessary to upgrade Java or install the third party package, reconfigure and recompile.
Because:
Element <entity name="MicaLeds" class="ptolemy.domains.ptinyos.lib.MicaLeds"> caused an exception to be thrown.
  in .CntToLedsAndRfm
Because:
Cannot find class: ptolemy.domains.ptinyos.lib.MicaLeds. In Ptolemy, classes are typically Java .class files. Entities like actors may instead be defined within a .xml file.  In any case, the class was not found. If the class uses a third party package, then the class would be present only if the third party package was found at compile time.  It may be necessary to upgrade Java or install the third party package, reconfigure and recompile.
Because:
-- /home/travis/build/icyphy/ptII/ptolemy/actor/ptalon/demo/ptinyos/SendAndReceiveCnt/ptolemy/domains/ptinyos/lib/MicaLeds.xml (No such file or directory)
-- XML file not found relative to classpath.
-- /home/travis/build/icyphy/ptII/ptolemy/vergil/basic/export/test/ptolemy/domains/ptinyos/lib/MicaLeds.xml
/home/travis/build/icyphy/ptII/ptolemy/vergil/basic/export/test/ptolemy/domains/ptinyos/lib/MicaLeds.xml (No such file or directory)
 in file:/home/travis/build/icyphy/ptII/ptolemy/actor/ptalon/demo/ptinyos/SendAndReceiveCnt/CntToLedsAndRfm.xml at line 132 and column 63
	at ptolemy.moml.SimpleErrorHandler.handleError(SimpleErrorHandler.java:75)
	at ptolemy.moml.MoMLParser.startElement(MoMLParser.java:3805)
	at com.microstar.xml.XmlParser.parseElement(XmlParser.java:931)
	at com.microstar.xml.XmlParser.parseDocument(XmlParser.java:481)
	at com.microstar.xml.XmlParser.doParse(XmlParser.java:159)
	at com.microstar.xml.XmlParser.parse(XmlParser.java:132)
	at ptolemy.moml.MoMLParser.parse(MoMLParser.java:1660)
	at ptolemy.moml.MoMLParser.parse(MoMLParser.java:1617)
	at ptolemy.moml.MoMLParser.parse(MoMLParser.java:1792)
	at ptolemy.actor.ptalon.PtalonEvaluator.addActor(PtalonEvaluator.java:241)
	... 56 more
Caused by: ptolemy.kernel.util.IllegalActionException: Cannot find class: ptolemy.actor.ptalon.demo.ptinyos.SendAndReceiveCnt.CntToLedsAndRfm. In Ptolemy, classes are typically Java .class files. Entities like actors may instead be defined within a .xml file.  In any case, the class was not found. If the class uses a third party package, then the class would be present only if the third party package was found at compile time.  It may be necessary to upgrade Java or install the third party package, reconfigure and recompile.
Because:
Element <entity name="MicaLeds" class="ptolemy.domains.ptinyos.lib.MicaLeds"> caused an exception to be thrown.
  in .CntToLedsAndRfm
Because:
Cannot find class: ptolemy.domains.ptinyos.lib.MicaLeds. In Ptolemy, classes are typically Java .class files. Entities like actors may instead be defined within a .xml file.  In any case, the class was not found. If the class uses a third party package, then the class would be present only if the third party package was found at compile time.  It may be necessary to upgrade Java or install the third party package, reconfigure and recompile.
Because:
-- /home/travis/build/icyphy/ptII/ptolemy/actor/ptalon/demo/ptinyos/SendAndReceiveCnt/ptolemy/domains/ptinyos/lib/MicaLeds.xml (No such file or directory)
-- XML file not found relative to classpath.
-- /home/travis/build/icyphy/ptII/ptolemy/vergil/basic/export/test/ptolemy/domains/ptinyos/lib/MicaLeds.xml
/home/travis/build/icyphy/ptII/ptolemy/vergil/basic/export/test/ptolemy/domains/ptinyos/lib/MicaLeds.xml (No such file or directory)
 in file:/home/travis/build/icyphy/ptII/ptolemy/actor/ptalon/demo/ptinyos/SendAndReceiveCnt/CntToLedsAndRfm.xml at line 132 and column 63
	at ptolemy.moml.MoMLParser._createEntity(MoMLParser.java:4330)
	at ptolemy.moml.MoMLParser.startElement(MoMLParser.java:2864)
	... 64 more
Caused by: ptolemy.kernel.util.InternalErrorException: Element <entity name="MicaLeds" class="ptolemy.domains.ptinyos.lib.MicaLeds"> caused an exception to be thrown.
  in .CntToLedsAndRfm
Because:
Cannot find class: ptolemy.domains.ptinyos.lib.MicaLeds. In Ptolemy, classes are typically Java .class files. Entities like actors may instead be defined within a .xml file.  In any case, the class was not found. If the class uses a third party package, then the class would be present only if the third party package was found at compile time.  It may be necessary to upgrade Java or install the third party package, reconfigure and recompile.
Because:
-- /home/travis/build/icyphy/ptII/ptolemy/actor/ptalon/demo/ptinyos/SendAndReceiveCnt/ptolemy/domains/ptinyos/lib/MicaLeds.xml (No such file or directory)
-- XML file not found relative to classpath.
-- /home/travis/build/icyphy/ptII/ptolemy/vergil/basic/export/test/ptolemy/domains/ptinyos/lib/MicaLeds.xml
/home/travis/build/icyphy/ptII/ptolemy/vergil/basic/export/test/ptolemy/domains/ptinyos/lib/MicaLeds.xml (No such file or directory)
 in file:/home/travis/build/icyphy/ptII/ptolemy/actor/ptalon/demo/ptinyos/SendAndReceiveCnt/CntToLedsAndRfm.xml at line 132 and column 63
	at ptolemy.moml.SimpleErrorHandler.handleError(SimpleErrorHandler.java:75)
	at ptolemy.moml.MoMLParser.startElement(MoMLParser.java:3805)
	at com.microstar.xml.XmlParser.parseElement(XmlParser.java:921)
	at com.microstar.xml.XmlParser.parseContent(XmlParser.java:1104)
	at com.microstar.xml.XmlParser.parseElement(XmlParser.java:924)
	at com.microstar.xml.XmlParser.parseDocument(XmlParser.java:481)
	at com.microstar.xml.XmlParser.doParse(XmlParser.java:159)
	at com.microstar.xml.XmlParser.parse(XmlParser.java:132)
	at ptolemy.moml.MoMLParser.parse(MoMLParser.java:1676)
	at ptolemy.moml.MoMLParser.parse(MoMLParser.java:1595)
	at ptolemy.moml.MoMLParser.parse(MoMLParser.java:1537)
	at ptolemy.moml.MoMLParser._findOrParse(MoMLParser.java:5286)
	at ptolemy.moml.MoMLParser._attemptToFindMoMLClass(MoMLParser.java:4075)
	at ptolemy.moml.MoMLParser._createEntity(MoMLParser.java:4323)
	... 65 more
Caused by: ptolemy.kernel.util.IllegalActionException: Cannot find class: ptolemy.domains.ptinyos.lib.MicaLeds. In Ptolemy, classes are typically Java .class files. Entities like actors may instead be defined within a .xml file.  In any case, the class was not found. If the class uses a third party package, then the class would be present only if the third party package was found at compile time.  It may be necessary to upgrade Java or install the third party package, reconfigure and recompile.
Because:
-- /home/travis/build/icyphy/ptII/ptolemy/actor/ptalon/demo/ptinyos/SendAndReceiveCnt/ptolemy/domains/ptinyos/lib/MicaLeds.xml (No such file or directory)
-- XML file not found relative to classpath.
-- /home/travis/build/icyphy/ptII/ptolemy/vergil/basic/export/test/ptolemy/domains/ptinyos/lib/MicaLeds.xml
/home/travis/build/icyphy/ptII/ptolemy/vergil/basic/export/test/ptolemy/domains/ptinyos/lib/MicaLeds.xml (No such file or directory)
 in file:/home/travis/build/icyphy/ptII/ptolemy/actor/ptalon/demo/ptinyos/SendAndReceiveCnt/CntToLedsAndRfm.xml at line 132 and column 63
	at ptolemy.moml.MoMLParser._createEntity(MoMLParser.java:4330)
	at ptolemy.moml.MoMLParser.startElement(MoMLParser.java:2864)
	... 77 more
Caused by: com.microstar.xml.XmlException: -- /home/travis/build/icyphy/ptII/ptolemy/actor/ptalon/demo/ptinyos/SendAndReceiveCnt/ptolemy/domains/ptinyos/lib/MicaLeds.xml (No such file or directory)
-- XML file not found relative to classpath.
-- /home/travis/build/icyphy/ptII/ptolemy/vergil/basic/export/test/ptolemy/domains/ptinyos/lib/MicaLeds.xml
/home/travis/build/icyphy/ptII/ptolemy/vergil/basic/export/test/ptolemy/domains/ptinyos/lib/MicaLeds.xml (No such file or directory)
 in file:/home/travis/build/icyphy/ptII/ptolemy/actor/ptalon/demo/ptinyos/SendAndReceiveCnt/CntToLedsAndRfm.xml at line 132 and column 63
	at ptolemy.moml.MoMLParser.fileNameToURL(MoMLParser.java:1414)
	at ptolemy.moml.MoMLParser._findOrParse(MoMLParser.java:5283)
	at ptolemy.moml.MoMLParser._attemptToFindMoMLClass(MoMLParser.java:4075)
	at ptolemy.moml.MoMLParser._createEntity(MoMLParser.java:4323)
	... 78 more
Failed to read file:/home/travis/build/icyphy/ptII/ptolemy/actor/ptalon/demo/ptinyos/SendAndReceiveCnt/SendAndReceiveCnt.xml
ptolemy.kernel.util.IllegalActionException: Failed to process attribute change to PtalonParameter, whose value is "ptolemy.actor.ptalon.PtalonExpressionParameter {.SendAndReceiveCnt.SendAndReceiveCnt.channelName} "AtomicWirelessChannel"".
  in .SendAndReceiveCnt.SendAndReceiveCnt
Because:
Unable to add actor null
	at ptolemy.actor.ptalon.PtalonActor.attributeChanged(PtalonActor.java:211)
	at ptolemy.actor.ptalon.PtalonMLHandler.startElement(PtalonMLHandler.java:134)
	at com.microstar.xml.XmlParser.parseElement(XmlParser.java:921)
	at com.microstar.xml.XmlParser.parseContent(XmlParser.java:1104)
	at com.microstar.xml.XmlParser.parseElement(XmlParser.java:924)
	at com.microstar.xml.XmlParser.parseDocument(XmlParser.java:481)
	at com.microstar.xml.XmlParser.doParse(XmlParser.java:159)
	at com.microstar.xml.XmlParser.parse(XmlParser.java:132)
	at ptolemy.actor.ptalon.PtalonActor.configure(PtalonActor.java:240)
	at ptolemy.moml.MoMLParser.endElement(MoMLParser.java:996)
	at com.microstar.xml.XmlParser.parseETag(XmlParser.java:1026)
	at com.microstar.xml.XmlParser.parseContent(XmlParser.java:1098)
	at com.microstar.xml.XmlParser.parseElement(XmlParser.java:924)
	at com.microstar.xml.XmlParser.parseContent(XmlParser.java:1104)
	at com.microstar.xml.XmlParser.parseElement(XmlParser.java:924)
	at com.microstar.xml.XmlParser.parseContent(XmlParser.java:1104)
	at com.microstar.xml.XmlParser.parseElement(XmlParser.java:924)
	at com.microstar.xml.XmlParser.parseDocument(XmlParser.java:481)
	at com.microstar.xml.XmlParser.doParse(XmlParser.java:159)
	at com.microstar.xml.XmlParser.parse(XmlParser.java:132)
	at ptolemy.moml.MoMLParser.parse(MoMLParser.java:1676)
	at ptolemy.moml.MoMLParser.parse(MoMLParser.java:1595)
	at ptolemy.moml.MoMLParser.parse(MoMLParser.java:1537)
	at ptolemy.actor.gui.PtolemyEffigy$Factory.createEffigy(PtolemyEffigy.java:424)
	at ptolemy.actor.gui.EffigyFactory.createEffigy(EffigyFactory.java:234)
	at ptolemy.actor.gui.Configuration.openModel(Configuration.java:1125)
	at ptolemy.actor.gui.Configuration.openModel(Configuration.java:1051)
	at ptolemy.actor.gui.ConfigurationApplication._openModel(ConfigurationApplication.java:1252)
	at ptolemy.actor.gui.ConfigurationApplication._parseArg(ConfigurationApplication.java:1399)
	at ptolemy.actor.gui.ConfigurationApplication._parseArgs(ConfigurationApplication.java:1478)
	at ptolemy.actor.gui.ConfigurationApplication.<init>(ConfigurationApplication.java:277)
	at ptolemy.actor.gui.ConfigurationApplication.<init>(ConfigurationApplication.java:214)
	at ptolemy.actor.gui.ConfigurationApplication.<init>(ConfigurationApplication.java:201)
	at ptolemy.actor.gui.ConfigurationApplication.openModelOrEntity(ConfigurationApplication.java:680)
	at ptolemy.vergil.basic.export.ExportModel$1.run(ExportModel.java:220)
	at java.awt.event.InvocationEvent.dispatch(InvocationEvent.java:301)
	at java.awt.EventQueue.dispatchEventImpl(EventQueue.java:756)
	at java.awt.EventQueue.access$500(EventQueue.java:97)
	at java.awt.EventQueue$3.run(EventQueue.java:709)
	at java.awt.EventQueue$3.run(EventQueue.java:703)
	at java.security.AccessController.doPrivileged(Native Method)
	at java.security.ProtectionDomain$JavaSecurityAccessImpl.doIntersectionPrivilege(ProtectionDomain.java:80)
	at java.awt.EventQueue.dispatchEvent(EventQueue.java:726)
	at java.awt.EventDispatchThread.pumpOneEventForFilters(EventDispatchThread.java:201)
	at java.awt.EventDispatchThread.pumpEventsForFilter(EventDispatchThread.java:116)
	at java.awt.EventDispatchThread.pumpEventsForHierarchy(EventDispatchThread.java:105)
	at java.awt.EventDispatchThread.pumpEvents(EventDispatchThread.java:101)
	at java.awt.EventDispatchThread.pumpEvents(EventDispatchThread.java:93)
	at java.awt.EventDispatchThread.run(EventDispatchThread.java:82)
Caused by: ptolemy.actor.ptalon.PtalonRuntimeException: Unable to add actor null
	at ptolemy.actor.ptalon.PtalonEvaluator.addActor(PtalonEvaluator.java:300)
	at ptolemy.actor.ptalon.PtalonPopulator.actor_declaration(PtalonPopulator.java:1574)
	at ptolemy.actor.ptalon.PtalonPopulator.atomic_statement(PtalonPopulator.java:1638)
	at ptolemy.actor.ptalon.PtalonPopulator.iterative_statement_evaluator(PtalonPopulator.java:2484)
	at ptolemy.actor.ptalon.AbstractPtalonEvaluator$IfTree.evaluateForScope(AbstractPtalonEvaluator.java:1307)
	at ptolemy.actor.ptalon.AbstractPtalonEvaluator.evaluateForScope(AbstractPtalonEvaluator.java:744)
	at ptolemy.actor.ptalon.PtalonPopulator.iterative_statement(PtalonPopulator.java:2363)
	at ptolemy.actor.ptalon.PtalonPopulator.actor_definition(PtalonPopulator.java:2809)
	at ptolemy.actor.ptalon.PtalonActor.attributeChanged(PtalonActor.java:206)
	... 48 more
Caused by: ptolemy.kernel.util.InternalErrorException: Element <entity name="sender1" class="ptolemy.actor.ptalon.demo.ptinyos.SendAndReceiveCnt.CntToLedsAndRfm"> caused an exception to be thrown.
  in .SendAndReceiveCnt.SendAndReceiveCnt
Because:
Cannot find class: ptolemy.actor.ptalon.demo.ptinyos.SendAndReceiveCnt.CntToLedsAndRfm. In Ptolemy, classes are typically Java .class files. Entities like actors may instead be defined within a .xml file.  In any case, the class was not found. If the class uses a third party package, then the class would be present only if the third party package was found at compile time.  It may be necessary to upgrade Java or install the third party package, reconfigure and recompile.
Because:
Element <entity name="MicaLeds" class="ptolemy.domains.ptinyos.lib.MicaLeds"> caused an exception to be thrown.
  in .CntToLedsAndRfm
Because:
Cannot find class: ptolemy.domains.ptinyos.lib.MicaLeds. In Ptolemy, classes are typically Java .class files. Entities like actors may instead be defined within a .xml file.  In any case, the class was not found. If the class uses a third party package, then the class would be present only if the third party package was found at compile time.  It may be necessary to upgrade Java or install the third party package, reconfigure and recompile.
Because:
-- /home/travis/build/icyphy/ptII/ptolemy/actor/ptalon/demo/ptinyos/SendAndReceiveCnt/ptolemy/domains/ptinyos/lib/MicaLeds.xml (No such file or directory)
-- XML file not found relative to classpath.
-- /home/travis/build/icyphy/ptII/ptolemy/vergil/basic/export/test/ptolemy/domains/ptinyos/lib/MicaLeds.xml
/home/travis/build/icyphy/ptII/ptolemy/vergil/basic/export/test/ptolemy/domains/ptinyos/lib/MicaLeds.xml (No such file or directory)
 in file:/home/travis/build/icyphy/ptII/ptolemy/actor/ptalon/demo/ptinyos/SendAndReceiveCnt/CntToLedsAndRfm.xml at line 132 and column 63
	at ptolemy.moml.SimpleErrorHandler.handleError(SimpleErrorHandler.java:75)
	at ptolemy.moml.MoMLParser.startElement(MoMLParser.java:3805)
	at com.microstar.xml.XmlParser.parseElement(XmlParser.java:931)
	at com.microstar.xml.XmlParser.parseDocument(XmlParser.java:481)
	at com.microstar.xml.XmlParser.doParse(XmlParser.java:159)
	at com.microstar.xml.XmlParser.parse(XmlParser.java:132)
	at ptolemy.moml.MoMLParser.parse(MoMLParser.java:1660)
	at ptolemy.moml.MoMLParser.parse(MoMLParser.java:1617)
	at ptolemy.moml.MoMLParser.parse(MoMLParser.java:1792)
	at ptolemy.actor.ptalon.PtalonEvaluator.addActor(PtalonEvaluator.java:241)
	... 56 more
Caused by: ptolemy.kernel.util.IllegalActionException: Cannot find class: ptolemy.actor.ptalon.demo.ptinyos.SendAndReceiveCnt.CntToLedsAndRfm. In Ptolemy, classes are typically Java .class files. Entities like actors may instead be defined within a .xml file.  In any case, the class was not found. If the class uses a third party package, then the class would be present only if the third party package was found at compile time.  It may be necessary to upgrade Java or install the third party package, reconfigure and recompile.
Because:
Element <entity name="MicaLeds" class="ptolemy.domains.ptinyos.lib.MicaLeds"> caused an exception to be thrown.
  in .CntToLedsAndRfm
Because:
Cannot find class: ptolemy.domains.ptinyos.lib.MicaLeds. In Ptolemy, classes are typically Java .class files. Entities like actors may instead be defined within a .xml file.  In any case, the class was not found. If the class uses a third party package, then the class would be present only if the third party package was found at compile time.  It may be necessary to upgrade Java or install the third party package, reconfigure and recompile.
Because:
-- /home/travis/build/icyphy/ptII/ptolemy/actor/ptalon/demo/ptinyos/SendAndReceiveCnt/ptolemy/domains/ptinyos/lib/MicaLeds.xml (No such file or directory)
-- XML file not found relative to classpath.
-- /home/travis/build/icyphy/ptII/ptolemy/vergil/basic/export/test/ptolemy/domains/ptinyos/lib/MicaLeds.xml
/home/travis/build/icyphy/ptII/ptolemy/vergil/basic/export/test/ptolemy/domains/ptinyos/lib/MicaLeds.xml (No such file or directory)
 in file:/home/travis/build/icyphy/ptII/ptolemy/actor/ptalon/demo/ptinyos/SendAndReceiveCnt/CntToLedsAndRfm.xml at line 132 and column 63
	at ptolemy.moml.MoMLParser._createEntity(MoMLParser.java:4330)
	at ptolemy.moml.MoMLParser.startElement(MoMLParser.java:2864)
	... 64 more
Caused by: ptolemy.kernel.util.InternalErrorException: Element <entity name="MicaLeds" class="ptolemy.domains.ptinyos.lib.MicaLeds"> caused an exception to be thrown.
  in .CntToLedsAndRfm
Because:
Cannot find class: ptolemy.domains.ptinyos.lib.MicaLeds. In Ptolemy, classes are typically Java .class files. Entities like actors may instead be defined within a .xml file.  In any case, the class was not found. If the class uses a third party package, then the class would be present only if the third party package was found at compile time.  It may be necessary to upgrade Java or install the third party package, reconfigure and recompile.
Because:
-- /home/travis/build/icyphy/ptII/ptolemy/actor/ptalon/demo/ptinyos/SendAndReceiveCnt/ptolemy/domains/ptinyos/lib/MicaLeds.xml (No such file or directory)
-- XML file not found relative to classpath.
-- /home/travis/build/icyphy/ptII/ptolemy/vergil/basic/export/test/ptolemy/domains/ptinyos/lib/MicaLeds.xml
/home/travis/build/icyphy/ptII/ptolemy/vergil/basic/export/test/ptolemy/domains/ptinyos/lib/MicaLeds.xml (No such file or directory)
 in file:/home/travis/build/icyphy/ptII/ptolemy/actor/ptalon/demo/ptinyos/SendAndReceiveCnt/CntToLedsAndRfm.xml at line 132 and column 63
	at ptolemy.moml.SimpleErrorHandler.handleError(SimpleErrorHandler.java:75)
	at ptolemy.moml.MoMLParser.startElement(MoMLParser.java:3805)
	at com.microstar.xml.XmlParser.parseElement(XmlParser.java:921)
	at com.microstar.xml.XmlParser.parseContent(XmlParser.java:1104)
	at com.microstar.xml.XmlParser.parseElement(XmlParser.java:924)
	at com.microstar.xml.XmlParser.parseDocument(XmlParser.java:481)
	at com.microstar.xml.XmlParser.doParse(XmlParser.java:159)
	at com.microstar.xml.XmlParser.parse(XmlParser.java:132)
	at ptolemy.moml.MoMLParser.parse(MoMLParser.java:1676)
	at ptolemy.moml.MoMLParser.parse(MoMLParser.java:1595)
	at ptolemy.moml.MoMLParser.parse(MoMLParser.java:1537)
	at ptolemy.moml.MoMLParser._findOrParse(MoMLParser.java:5286)
	at ptolemy.moml.MoMLParser._attemptToFindMoMLClass(MoMLParser.java:4075)
	at ptolemy.moml.MoMLParser._createEntity(MoMLParser.java:4323)
	... 65 more
Caused by: ptolemy.kernel.util.IllegalActionException: Cannot find class: ptolemy.domains.ptinyos.lib.MicaLeds. In Ptolemy, classes are typically Java .class files. Entities like actors may instead be defined within a .xml file.  In any case, the class was not found. If the class uses a third party package, then the class would be present only if the third party package was found at compile time.  It may be necessary to upgrade Java or install the third party package, reconfigure and recompile.
Because:
-- /home/travis/build/icyphy/ptII/ptolemy/actor/ptalon/demo/ptinyos/SendAndReceiveCnt/ptolemy/domains/ptinyos/lib/MicaLeds.xml (No such file or directory)
-- XML file not found relative to classpath.
-- /home/travis/build/icyphy/ptII/ptolemy/vergil/basic/export/test/ptolemy/domains/ptinyos/lib/MicaLeds.xml
/home/travis/build/icyphy/ptII/ptolemy/vergil/basic/export/test/ptolemy/domains/ptinyos/lib/MicaLeds.xml (No such file or directory)
 in file:/home/travis/build/icyphy/ptII/ptolemy/actor/ptalon/demo/ptinyos/SendAndReceiveCnt/CntToLedsAndRfm.xml at line 132 and column 63
	at ptolemy.moml.MoMLParser._createEntity(MoMLParser.java:4330)
	at ptolemy.moml.MoMLParser.startElement(MoMLParser.java:2864)
	... 77 more
Caused by: com.microstar.xml.XmlException: -- /home/travis/build/icyphy/ptII/ptolemy/actor/ptalon/demo/ptinyos/SendAndReceiveCnt/ptolemy/domains/ptinyos/lib/MicaLeds.xml (No such file or directory)
-- XML file not found relative to classpath.
-- /home/travis/build/icyphy/ptII/ptolemy/vergil/basic/export/test/ptolemy/domains/ptinyos/lib/MicaLeds.xml
/home/travis/build/icyphy/ptII/ptolemy/vergil/basic/export/test/ptolemy/domains/ptinyos/lib/MicaLeds.xml (No such file or directory)
 in file:/home/travis/build/icyphy/ptII/ptolemy/actor/ptalon/demo/ptinyos/SendAndReceiveCnt/CntToLedsAndRfm.xml at line 132 and column 63
	at ptolemy.moml.MoMLParser.fileNameToURL(MoMLParser.java:1414)
	at ptolemy.moml.MoMLParser._findOrParse(MoMLParser.java:5283)
	at ptolemy.moml.MoMLParser._attemptToFindMoMLClass(MoMLParser.java:4075)
	at ptolemy.moml.MoMLParser._createEntity(MoMLParser.java:4323)
	... 78 more
Caused by: ptolemy.actor.ptalon.PtalonRuntimeException: Unable to add actor null
	at ptolemy.actor.ptalon.PtalonEvaluator.addActor(PtalonEvaluator.java:300)
	at ptolemy.actor.ptalon.PtalonPopulator.actor_declaration(PtalonPopulator.java:1574)
	at ptolemy.actor.ptalon.PtalonPopulator.atomic_statement(PtalonPopulator.java:1638)
	at ptolemy.actor.ptalon.PtalonPopulator.iterative_statement_evaluator(PtalonPopulator.java:2484)
	at ptolemy.actor.ptalon.AbstractPtalonEvaluator$IfTree.evaluateForScope(AbstractPtalonEvaluator.java:1307)
	at ptolemy.actor.ptalon.AbstractPtalonEvaluator.evaluateForScope(AbstractPtalonEvaluator.java:744)
	at ptolemy.actor.ptalon.PtalonPopulator.iterative_statement(PtalonPopulator.java:2363)
	at ptolemy.actor.ptalon.PtalonPopulator.actor_definition(PtalonPopulator.java:2809)
	at ptolemy.actor.ptalon.PtalonActor.attributeChanged(PtalonActor.java:206)
	at ptolemy.actor.ptalon.PtalonMLHandler.startElement(PtalonMLHandler.java:134)
	at com.microstar.xml.XmlParser.parseElement(XmlParser.java:921)
	at com.microstar.xml.XmlParser.parseContent(XmlParser.java:1104)
	at com.microstar.xml.XmlParser.parseElement(XmlParser.java:924)
	at com.microstar.xml.XmlParser.parseDocument(XmlParser.java:481)
	at com.microstar.xml.XmlParser.doParse(XmlParser.java:159)
	at com.microstar.xml.XmlParser.parse(XmlParser.java:132)
	at ptolemy.actor.ptalon.PtalonActor.configure(PtalonActor.java:240)
	at ptolemy.moml.MoMLParser.endElement(MoMLParser.java:996)
	at com.microstar.xml.XmlParser.parseETag(XmlParser.java:1026)
	at com.microstar.xml.XmlParser.parseContent(XmlParser.java:1098)
	at com.microstar.xml.XmlParser.parseElement(XmlParser.java:924)
	at com.microstar.xml.XmlParser.parseContent(XmlParser.java:1104)
	at com.microstar.xml.XmlParser.parseElement(XmlParser.java:924)
	at com.microstar.xml.XmlParser.parseContent(XmlParser.java:1104)
	at com.microstar.xml.XmlParser.parseElement(XmlParser.java:924)
	at com.microstar.xml.XmlParser.parseDocument(XmlParser.java:481)
	at com.microstar.xml.XmlParser.doParse(XmlParser.java:159)
	at com.microstar.xml.XmlParser.parse(XmlParser.java:132)
	at ptolemy.moml.MoMLParser.parse(MoMLParser.java:1676)
	at ptolemy.moml.MoMLParser.parse(MoMLParser.java:1595)
	at ptolemy.moml.MoMLParser.parse(MoMLParser.java:1537)
	at ptolemy.actor.gui.PtolemyEffigy$Factory.createEffigy(PtolemyEffigy.java:424)
	at ptolemy.actor.gui.EffigyFactory.createEffigy(EffigyFactory.java:234)
	at ptolemy.actor.gui.Configuration.openModel(Configuration.java:1125)
	at ptolemy.actor.gui.Configuration.openModel(Configuration.java:1051)
	at ptolemy.actor.gui.ConfigurationApplication._openModel(ConfigurationApplication.java:1252)
	at ptolemy.actor.gui.ConfigurationApplication._parseArg(ConfigurationApplication.java:1399)
	at ptolemy.actor.gui.ConfigurationApplication._parseArgs(ConfigurationApplication.java:1478)
	at ptolemy.actor.gui.ConfigurationApplication.<init>(ConfigurationApplication.java:277)
	at ptolemy.actor.gui.ConfigurationApplication.<init>(ConfigurationApplication.java:214)
	at ptolemy.actor.gui.ConfigurationApplication.<init>(ConfigurationApplication.java:201)
	at ptolemy.actor.gui.ConfigurationApplication.openModelOrEntity(ConfigurationApplication.java:680)
	at ptolemy.vergil.basic.export.ExportModel$1.run(ExportModel.java:220)
	at java.awt.event.InvocationEvent.dispatch(InvocationEvent.java:301)
	at java.awt.EventQueue.dispatchEventImpl(EventQueue.java:756)
	at java.awt.EventQueue.access$500(EventQueue.java:97)
	at java.awt.EventQueue$3.run(EventQueue.java:709)
	at java.awt.EventQueue$3.run(EventQueue.java:703)
	at java.security.AccessController.doPrivileged(Native Method)
	at java.security.ProtectionDomain$JavaSecurityAccessImpl.doIntersectionPrivilege(ProtectionDomain.java:80)
	at java.awt.EventQueue.dispatchEvent(EventQueue.java:726)
	at java.awt.EventDispatchThread.pumpOneEventForFilters(EventDispatchThread.java:201)
	at java.awt.EventDispatchThread.pumpEventsForFilter(EventDispatchThread.java:116)
	at java.awt.EventDispatchThread.pumpEventsForHierarchy(EventDispatchThread.java:105)
	at java.awt.EventDispatchThread.pumpEvents(EventDispatchThread.java:101)
	at java.awt.EventDispatchThread.pumpEvents(EventDispatchThread.java:93)
	at java.awt.EventDispatchThread.run(EventDispatchThread.java:82)
Caused by: ptolemy.kernel.util.InternalErrorException: Element <entity name="sender1" class="ptolemy.actor.ptalon.demo.ptinyos.SendAndReceiveCnt.CntToLedsAndRfm"> caused an exception to be thrown.
  in .SendAndReceiveCnt.SendAndReceiveCnt
Because:
Cannot find class: ptolemy.actor.ptalon.demo.ptinyos.SendAndReceiveCnt.CntToLedsAndRfm. In Ptolemy, classes are typically Java .class files. Entities like actors may instead be defined within a .xml file.  In any case, the class was not found. If the class uses a third party package, then the class would be present only if the third party package was found at compile time.  It may be necessary to upgrade Java or install the third party package, reconfigure and recompile.
Because:
Element <entity name="MicaLeds" class="ptolemy.domains.ptinyos.lib.MicaLeds"> caused an exception to be thrown.
  in .CntToLedsAndRfm
Because:
Cannot find class: ptolemy.domains.ptinyos.lib.MicaLeds. In Ptolemy, classes are typically Java .class files. Entities like actors may instead be defined within a .xml file.  In any case, the class was not found. If the class uses a third party package, then the class would be present only if the third party package was found at compile time.  It may be necessary to upgrade Java or install the third party package, reconfigure and recompile.
Because:
-- /home/travis/build/icyphy/ptII/ptolemy/actor/ptalon/demo/ptinyos/SendAndReceiveCnt/ptolemy/domains/ptinyos/lib/MicaLeds.xml (No such file or directory)
-- XML file not found relative to classpath.
-- /home/travis/build/icyphy/ptII/ptolemy/vergil/basic/export/test/ptolemy/domains/ptinyos/lib/MicaLeds.xml
/home/travis/build/icyphy/ptII/ptolemy/vergil/basic/export/test/ptolemy/domains/ptinyos/lib/MicaLeds.xml (No such file or directory)
 in file:/home/travis/build/icyphy/ptII/ptolemy/actor/ptalon/demo/ptinyos/SendAndReceiveCnt/CntToLedsAndRfm.xml at line 132 and column 63
	at ptolemy.moml.SimpleErrorHandler.handleError(SimpleErrorHandler.java:75)
	at ptolemy.moml.MoMLParser.startElement(MoMLParser.java:3805)
	at com.microstar.xml.XmlParser.parseElement(XmlParser.java:931)
	at com.microstar.xml.XmlParser.parseDocument(XmlParser.java:481)
	at com.microstar.xml.XmlParser.doParse(XmlParser.java:159)
	at com.microstar.xml.XmlParser.parse(XmlParser.java:132)
	at ptolemy.moml.MoMLParser.parse(MoMLParser.java:1660)
	at ptolemy.moml.MoMLParser.parse(MoMLParser.java:1617)
	at ptolemy.moml.MoMLParser.parse(MoMLParser.java:1792)
	at ptolemy.actor.ptalon.PtalonEvaluator.addActor(PtalonEvaluator.java:241)
	... 56 more
Caused by: ptolemy.kernel.util.IllegalActionException: Cannot find class: ptolemy.actor.ptalon.demo.ptinyos.SendAndReceiveCnt.CntToLedsAndRfm. In Ptolemy, classes are typically Java .class files. Entities like actors may instead be defined within a .xml file.  In any case, the class was not found. If the class uses a third party package, then the class would be present only if the third party package was found at compile time.  It may be necessary to upgrade Java or install the third party package, reconfigure and recompile.
Because:
Element <entity name="MicaLeds" class="ptolemy.domains.ptinyos.lib.MicaLeds"> caused an exception to be thrown.
  in .CntToLedsAndRfm
Because:
Cannot find class: ptolemy.domains.ptinyos.lib.MicaLeds. In Ptolemy, classes are typically Java .class files. Entities like actors may instead be defined within a .xml file.  In any case, the class was not found. If the class uses a third party package, then the class would be present only if the third party package was found at compile time.  It may be necessary to upgrade Java or install the third party package, reconfigure and recompile.
Because:
-- /home/travis/build/icyphy/ptII/ptolemy/actor/ptalon/demo/ptinyos/SendAndReceiveCnt/ptolemy/domains/ptinyos/lib/MicaLeds.xml (No such file or directory)
-- XML file not found relative to classpath.
-- /home/travis/build/icyphy/ptII/ptolemy/vergil/basic/export/test/ptolemy/domains/ptinyos/lib/MicaLeds.xml
/home/travis/build/icyphy/ptII/ptolemy/vergil/basic/export/test/ptolemy/domains/ptinyos/lib/MicaLeds.xml (No such file or directory)
 in file:/home/travis/build/icyphy/ptII/ptolemy/actor/ptalon/demo/ptinyos/SendAndReceiveCnt/CntToLedsAndRfm.xml at line 132 and column 63
	at ptolemy.moml.MoMLParser._createEntity(MoMLParser.java:4330)
	at ptolemy.moml.MoMLParser.startElement(MoMLParser.java:2864)
	... 64 more
Caused by: ptolemy.kernel.util.InternalErrorException: Element <entity name="MicaLeds" class="ptolemy.domains.ptinyos.lib.MicaLeds"> caused an exception to be thrown.
  in .CntToLedsAndRfm
Because:
Cannot find class: ptolemy.domains.ptinyos.lib.MicaLeds. In Ptolemy, classes are typically Java .class files. Entities like actors may instead be defined within a .xml file.  In any case, the class was not found. If the class uses a third party package, then the class would be present only if the third party package was found at compile time.  It may be necessary to upgrade Java or install the third party package, reconfigure and recompile.
Because:
-- /home/travis/build/icyphy/ptII/ptolemy/actor/ptalon/demo/ptinyos/SendAndReceiveCnt/ptolemy/domains/ptinyos/lib/MicaLeds.xml (No such file or directory)
-- XML file not found relative to classpath.
-- /home/travis/build/icyphy/ptII/ptolemy/vergil/basic/export/test/ptolemy/domains/ptinyos/lib/MicaLeds.xml
/home/travis/build/icyphy/ptII/ptolemy/vergil/basic/export/test/ptolemy/domains/ptinyos/lib/MicaLeds.xml (No such file or directory)
 in file:/home/travis/build/icyphy/ptII/ptolemy/actor/ptalon/demo/ptinyos/SendAndReceiveCnt/CntToLedsAndRfm.xml at line 132 and column 63
	at ptolemy.moml.SimpleErrorHandler.handleError(SimpleErrorHandler.java:75)
	at ptolemy.moml.MoMLParser.startElement(MoMLParser.java:3805)
	at com.microstar.xml.XmlParser.parseElement(XmlParser.java:921)
	at com.microstar.xml.XmlParser.parseContent(XmlParser.java:1104)
	at com.microstar.xml.XmlParser.parseElement(XmlParser.java:924)
	at com.microstar.xml.XmlParser.parseDocument(XmlParser.java:481)
	at com.microstar.xml.XmlParser.doParse(XmlParser.java:159)
	at com.microstar.xml.XmlParser.parse(XmlParser.java:132)
	at ptolemy.moml.MoMLParser.parse(MoMLParser.java:1676)
	at ptolemy.moml.MoMLParser.parse(MoMLParser.java:1595)
	at ptolemy.moml.MoMLParser.parse(MoMLParser.java:1537)
	at ptolemy.moml.MoMLParser._findOrParse(MoMLParser.java:5286)
	at ptolemy.moml.MoMLParser._attemptToFindMoMLClass(MoMLParser.java:4075)
	at ptolemy.moml.MoMLParser._createEntity(MoMLParser.java:4323)
	... 65 more
Caused by: ptolemy.kernel.util.IllegalActionException: Cannot find class: ptolemy.domains.ptinyos.lib.MicaLeds. In Ptolemy, classes are typically Java .class files. Entities like actors may instead be defined within a .xml file.  In any case, the class was not found. If the class uses a third party package, then the class would be present only if the third party package was found at compile time.  It may be necessary to upgrade Java or install the third party package, reconfigure and recompile.
Because:
-- /home/travis/build/icyphy/ptII/ptolemy/actor/ptalon/demo/ptinyos/SendAndReceiveCnt/ptolemy/domains/ptinyos/lib/MicaLeds.xml (No such file or directory)
-- XML file not found relative to classpath.
-- /home/travis/build/icyphy/ptII/ptolemy/vergil/basic/export/test/ptolemy/domains/ptinyos/lib/MicaLeds.xml
/home/travis/build/icyphy/ptII/ptolemy/vergil/basic/export/test/ptolemy/domains/ptinyos/lib/MicaLeds.xml (No such file or directory)
 in file:/home/travis/build/icyphy/ptII/ptolemy/actor/ptalon/demo/ptinyos/SendAndReceiveCnt/CntToLedsAndRfm.xml at line 132 and column 63
	at ptolemy.moml.MoMLParser._createEntity(MoMLParser.java:4330)
	at ptolemy.moml.MoMLParser.startElement(MoMLParser.java:2864)
	... 77 more
Caused by: com.microstar.xml.XmlException: -- /home/travis/build/icyphy/ptII/ptolemy/actor/ptalon/demo/ptinyos/SendAndReceiveCnt/ptolemy/domains/ptinyos/lib/MicaLeds.xml (No such file or directory)
-- XML file not found relative to classpath.
-- /home/travis/build/icyphy/ptII/ptolemy/vergil/basic/export/test/ptolemy/domains/ptinyos/lib/MicaLeds.xml
/home/travis/build/icyphy/ptII/ptolemy/vergil/basic/export/test/ptolemy/domains/ptinyos/lib/MicaLeds.xml (No such file or directory)
 in file:/home/travis/build/icyphy/ptII/ptolemy/actor/ptalon/demo/ptinyos/SendAndReceiveCnt/CntToLedsAndRfm.xml at line 132 and column 63
	at ptolemy.moml.MoMLParser.fileNameToURL(MoMLParser.java:1414)
	at ptolemy.moml.MoMLParser._findOrParse(MoMLParser.java:5283)
	at ptolemy.moml.MoMLParser._attemptToFindMoMLClass(MoMLParser.java:4075)
	at ptolemy.moml.MoMLParser._createEntity(MoMLParser.java:4323)
	... 78 more
ptolemy.kernel.util.IllegalActionException: Failed to process attribute change to PtalonParameter, whose value is "ptolemy.actor.ptalon.PtalonExpressionParameter {.SendAndReceiveCnt.SendAndReceiveCnt.channelName} "AtomicWirelessChannel"".
  in .SendAndReceiveCnt.SendAndReceiveCnt
Because:
Unable to add actor null
	at ptolemy.actor.ptalon.PtalonActor.attributeChanged(PtalonActor.java:211)
	at ptolemy.actor.ptalon.PtalonMLHandler.startElement(PtalonMLHandler.java:134)
	at com.microstar.xml.XmlParser.parseElement(XmlParser.java:921)
	at com.microstar.xml.XmlParser.parseContent(XmlParser.java:1104)
	at com.microstar.xml.XmlParser.parseElement(XmlParser.java:924)
	at com.microstar.xml.XmlParser.parseDocument(XmlParser.java:481)
	at com.microstar.xml.XmlParser.doParse(XmlParser.java:159)
	at com.microstar.xml.XmlParser.parse(XmlParser.java:132)
	at ptolemy.actor.ptalon.PtalonActor.configure(PtalonActor.java:240)
	at ptolemy.moml.MoMLParser.endElement(MoMLParser.java:996)
	at com.microstar.xml.XmlParser.parseETag(XmlParser.java:1026)
	at com.microstar.xml.XmlParser.parseContent(XmlParser.java:1098)
	at com.microstar.xml.XmlParser.parseElement(XmlParser.java:924)
	at com.microstar.xml.XmlParser.parseContent(XmlParser.java:1104)
	at com.microstar.xml.XmlParser.parseElement(XmlParser.java:924)
	at com.microstar.xml.XmlParser.parseContent(XmlParser.java:1104)
	at com.microstar.xml.XmlParser.parseElement(XmlParser.java:924)
	at com.microstar.xml.XmlParser.parseDocument(XmlParser.java:481)
	at com.microstar.xml.XmlParser.doParse(XmlParser.java:159)
	at com.microstar.xml.XmlParser.parse(XmlParser.java:132)
	at ptolemy.moml.MoMLParser.parse(MoMLParser.java:1676)
	at ptolemy.moml.MoMLParser.parse(MoMLParser.java:1595)
	at ptolemy.moml.MoMLParser.parse(MoMLParser.java:1537)
	at ptolemy.actor.gui.PtolemyEffigy$Factory.createEffigy(PtolemyEffigy.java:424)
	at ptolemy.actor.gui.EffigyFactory.createEffigy(EffigyFactory.java:234)
	at ptolemy.actor.gui.Configuration.openModel(Configuration.java:1125)
	at ptolemy.actor.gui.Configuration.openModel(Configuration.java:1051)
	at ptolemy.actor.gui.ConfigurationApplication._openModel(ConfigurationApplication.java:1252)
	at ptolemy.actor.gui.ConfigurationApplication._parseArg(ConfigurationApplication.java:1399)
	at ptolemy.actor.gui.ConfigurationApplication._parseArgs(ConfigurationApplication.java:1478)
	at ptolemy.actor.gui.ConfigurationApplication.<init>(ConfigurationApplication.java:277)
	at ptolemy.actor.gui.ConfigurationApplication.<init>(ConfigurationApplication.java:214)
	at ptolemy.actor.gui.ConfigurationApplication.<init>(ConfigurationApplication.java:201)
	at ptolemy.actor.gui.ConfigurationApplication.openModelOrEntity(ConfigurationApplication.java:680)
	at ptolemy.vergil.basic.export.ExportModel$1.run(ExportModel.java:220)
	at java.awt.event.InvocationEvent.dispatch(InvocationEvent.java:301)
	at java.awt.EventQueue.dispatchEventImpl(EventQueue.java:756)
	at java.awt.EventQueue.access$500(EventQueue.java:97)
	at java.awt.EventQueue$3.run(EventQueue.java:709)
	at java.awt.EventQueue$3.run(EventQueue.java:703)
	at java.security.AccessController.doPrivileged(Native Method)
	at java.security.ProtectionDomain$JavaSecurityAccessImpl.doIntersectionPrivilege(ProtectionDomain.java:80)
	at java.awt.EventQueue.dispatchEvent(EventQueue.java:726)
	at java.awt.EventDispatchThread.pumpOneEventForFilters(EventDispatchThread.java:201)
	at java.awt.EventDispatchThread.pumpEventsForFilter(EventDispatchThread.java:116)
	at java.awt.EventDispatchThread.pumpEventsForHierarchy(EventDispatchThread.java:105)
	at java.awt.EventDispatchThread.pumpEvents(EventDispatchThread.java:101)
	at java.awt.EventDispatchThread.pumpEvents(EventDispatchThread.java:93)
	at java.awt.EventDispatchThread.run(EventDispatchThread.java:82)
Caused by: ptolemy.actor.ptalon.PtalonRuntimeException: Unable to add actor null
	at ptolemy.actor.ptalon.PtalonEvaluator.addActor(PtalonEvaluator.java:300)
	at ptolemy.actor.ptalon.PtalonPopulator.actor_declaration(PtalonPopulator.java:1574)
	at ptolemy.actor.ptalon.PtalonPopulator.atomic_statement(PtalonPopulator.java:1638)
	at ptolemy.actor.ptalon.PtalonPopulator.iterative_statement_evaluator(PtalonPopulator.java:2484)
	at ptolemy.actor.ptalon.AbstractPtalonEvaluator$IfTree.evaluateForScope(AbstractPtalonEvaluator.java:1307)
	at ptolemy.actor.ptalon.AbstractPtalonEvaluator.evaluateForScope(AbstractPtalonEvaluator.java:744)
	at ptolemy.actor.ptalon.PtalonPopulator.iterative_statement(PtalonPopulator.java:2363)
	at ptolemy.actor.ptalon.PtalonPopulator.actor_definition(PtalonPopulator.java:2809)
	at ptolemy.actor.ptalon.PtalonActor.attributeChanged(PtalonActor.java:206)
	... 48 more
Caused by: ptolemy.kernel.util.InternalErrorException: Element <entity name="sender1" class="ptolemy.actor.ptalon.demo.ptinyos.SendAndReceiveCnt.CntToLedsAndRfm"> caused an exception to be thrown.
  in .SendAndReceiveCnt.SendAndReceiveCnt
Because:
Cannot find class: ptolemy.actor.ptalon.demo.ptinyos.SendAndReceiveCnt.CntToLedsAndRfm. In Ptolemy, classes are typically Java .class files. Entities like actors may instead be defined within a .xml file.  In any case, the class was not found. If the class uses a third party package, then the class would be present only if the third party package was found at compile time.  It may be necessary to upgrade Java or install the third party package, reconfigure and recompile.
Because:
Element <entity name="MicaLeds" class="ptolemy.domains.ptinyos.lib.MicaLeds"> caused an exception to be thrown.
  in .CntToLedsAndRfm
Because:
Cannot find class: ptolemy.domains.ptinyos.lib.MicaLeds. In Ptolemy, classes are typically Java .class files. Entities like actors may instead be defined within a .xml file.  In any case, the class was not found. If the class uses a third party package, then the class would be present only if the third party package was found at compile time.  It may be necessary to upgrade Java or install the third party package, reconfigure and recompile.
Because:
-- /home/travis/build/icyphy/ptII/ptolemy/actor/ptalon/demo/ptinyos/SendAndReceiveCnt/ptolemy/domains/ptinyos/lib/MicaLeds.xml (No such file or directory)
-- XML file not found relative to classpath.
-- /home/travis/build/icyphy/ptII/ptolemy/vergil/basic/export/test/ptolemy/domains/ptinyos/lib/MicaLeds.xml
/home/travis/build/icyphy/ptII/ptolemy/vergil/basic/export/test/ptolemy/domains/ptinyos/lib/MicaLeds.xml (No such file or directory)
 in file:/home/travis/build/icyphy/ptII/ptolemy/actor/ptalon/demo/ptinyos/SendAndReceiveCnt/CntToLedsAndRfm.xml at line 132 and column 63
	at ptolemy.moml.SimpleErrorHandler.handleError(SimpleErrorHandler.java:75)
	at ptolemy.moml.MoMLParser.startElement(MoMLParser.java:3805)
	at com.microstar.xml.XmlParser.parseElement(XmlParser.java:931)
	at com.microstar.xml.XmlParser.parseDocument(XmlParser.java:481)
	at com.microstar.xml.XmlParser.doParse(XmlParser.java:159)
	at com.microstar.xml.XmlParser.parse(XmlParser.java:132)
	at ptolemy.moml.MoMLParser.parse(MoMLParser.java:1660)
	at ptolemy.moml.MoMLParser.parse(MoMLParser.java:1617)
	at ptolemy.moml.MoMLParser.parse(MoMLParser.java:1792)
	at ptolemy.actor.ptalon.PtalonEvaluator.addActor(PtalonEvaluator.java:241)
	... 56 more
Caused by: ptolemy.kernel.util.IllegalActionException: Cannot find class: ptolemy.actor.ptalon.demo.ptinyos.SendAndReceiveCnt.CntToLedsAndRfm. In Ptolemy, classes are typically Java .class files. Entities like actors may instead be defined within a .xml file.  In any case, the class was not found. If the class uses a third party package, then the class would be present only if the third party package was found at compile time.  It may be necessary to upgrade Java or install the third party package, reconfigure and recompile.
Because:
Element <entity name="MicaLeds" class="ptolemy.domains.ptinyos.lib.MicaLeds"> caused an exception to be thrown.
  in .CntToLedsAndRfm
Because:
Cannot find class: ptolemy.domains.ptinyos.lib.MicaLeds. In Ptolemy, classes are typically Java .class files. Entities like actors may instead be defined within a .xml file.  In any case, the class was not found. If the class uses a third party package, then the class would be present only if the third party package was found at compile time.  It may be necessary to upgrade Java or install the third party package, reconfigure and recompile.
Because:
-- /home/travis/build/icyphy/ptII/ptolemy/actor/ptalon/demo/ptinyos/SendAndReceiveCnt/ptolemy/domains/ptinyos/lib/MicaLeds.xml (No such file or directory)
-- XML file not found relative to classpath.
-- /home/travis/build/icyphy/ptII/ptolemy/vergil/basic/export/test/ptolemy/domains/ptinyos/lib/MicaLeds.xml
/home/travis/build/icyphy/ptII/ptolemy/vergil/basic/export/test/ptolemy/domains/ptinyos/lib/MicaLeds.xml (No such file or directory)
 in file:/home/travis/build/icyphy/ptII/ptolemy/actor/ptalon/demo/ptinyos/SendAndReceiveCnt/CntToLedsAndRfm.xml at line 132 and column 63
	at ptolemy.moml.MoMLParser._createEntity(MoMLParser.java:4330)
	at ptolemy.moml.MoMLParser.startElement(MoMLParser.java:2864)
	... 64 more
Caused by: ptolemy.kernel.util.InternalErrorException: Element <entity name="MicaLeds" class="ptolemy.domains.ptinyos.lib.MicaLeds"> caused an exception to be thrown.
  in .CntToLedsAndRfm
Because:
Cannot find class: ptolemy.domains.ptinyos.lib.MicaLeds. In Ptolemy, classes are typically Java .class files. Entities like actors may instead be defined within a .xml file.  In any case, the class was not found. If the class uses a third party package, then the class would be present only if the third party package was found at compile time.  It may be necessary to upgrade Java or install the third party package, reconfigure and recompile.
Because:
-- /home/travis/build/icyphy/ptII/ptolemy/actor/ptalon/demo/ptinyos/SendAndReceiveCnt/ptolemy/domains/ptinyos/lib/MicaLeds.xml (No such file or directory)
-- XML file not found relative to classpath.
-- /home/travis/build/icyphy/ptII/ptolemy/vergil/basic/export/test/ptolemy/domains/ptinyos/lib/MicaLeds.xml
/home/travis/build/icyphy/ptII/ptolemy/vergil/basic/export/test/ptolemy/domains/ptinyos/lib/MicaLeds.xml (No such file or directory)
 in file:/home/travis/build/icyphy/ptII/ptolemy/actor/ptalon/demo/ptinyos/SendAndReceiveCnt/CntToLedsAndRfm.xml at line 132 and column 63
	at ptolemy.moml.SimpleErrorHandler.handleError(SimpleErrorHandler.java:75)
	at ptolemy.moml.MoMLParser.startElement(MoMLParser.java:3805)
	at com.microstar.xml.XmlParser.parseElement(XmlParser.java:921)
	at com.microstar.xml.XmlParser.parseContent(XmlParser.java:1104)
	at com.microstar.xml.XmlParser.parseElement(XmlParser.java:924)
	at com.microstar.xml.XmlParser.parseDocument(XmlParser.java:481)
	at com.microstar.xml.XmlParser.doParse(XmlParser.java:159)
	at com.microstar.xml.XmlParser.parse(XmlParser.java:132)
	at ptolemy.moml.MoMLParser.parse(MoMLParser.java:1676)
	at ptolemy.moml.MoMLParser.parse(MoMLParser.java:1595)
	at ptolemy.moml.MoMLParser.parse(MoMLParser.java:1537)
	at ptolemy.moml.MoMLParser._findOrParse(MoMLParser.java:5286)
	at ptolemy.moml.MoMLParser._attemptToFindMoMLClass(MoMLParser.java:4075)
	at ptolemy.moml.MoMLParser._createEntity(MoMLParser.java:4323)
	... 65 more
Caused by: ptolemy.kernel.util.IllegalActionException: Cannot find class: ptolemy.domains.ptinyos.lib.MicaLeds. In Ptolemy, classes are typically Java .class files. Entities like actors may instead be defined within a .xml file.  In any case, the class was not found. If the class uses a third party package, then the class would be present only if the third party package was found at compile time.  It may be necessary to upgrade Java or install the third party package, reconfigure and recompile.
Because:
-- /home/travis/build/icyphy/ptII/ptolemy/actor/ptalon/demo/ptinyos/SendAndReceiveCnt/ptolemy/domains/ptinyos/lib/MicaLeds.xml (No such file or directory)
-- XML file not found relative to classpath.
-- /home/travis/build/icyphy/ptII/ptolemy/vergil/basic/export/test/ptolemy/domains/ptinyos/lib/MicaLeds.xml
/home/travis/build/icyphy/ptII/ptolemy/vergil/basic/export/test/ptolemy/domains/ptinyos/lib/MicaLeds.xml (No such file or directory)
 in file:/home/travis/build/icyphy/ptII/ptolemy/actor/ptalon/demo/ptinyos/SendAndReceiveCnt/CntToLedsAndRfm.xml at line 132 and column 63
	at ptolemy.moml.MoMLParser._createEntity(MoMLParser.java:4330)
	at ptolemy.moml.MoMLParser.startElement(MoMLParser.java:2864)
	... 77 more
Caused by: com.microstar.xml.XmlException: -- /home/travis/build/icyphy/ptII/ptolemy/actor/ptalon/demo/ptinyos/SendAndReceiveCnt/ptolemy/domains/ptinyos/lib/MicaLeds.xml (No such file or directory)
-- XML file not found relative to classpath.
-- /home/travis/build/icyphy/ptII/ptolemy/vergil/basic/export/test/ptolemy/domains/ptinyos/lib/MicaLeds.xml
/home/travis/build/icyphy/ptII/ptolemy/vergil/basic/export/test/ptolemy/domains/ptinyos/lib/MicaLeds.xml (No such file or directory)
 in file:/home/travis/build/icyphy/ptII/ptolemy/actor/ptalon/demo/ptinyos/SendAndReceiveCnt/CntToLedsAndRfm.xml at line 132 and column 63
	at ptolemy.moml.MoMLParser.fileNameToURL(MoMLParser.java:1414)
	at ptolemy.moml.MoMLParser._findOrParse(MoMLParser.java:5283)
	at ptolemy.moml.MoMLParser._attemptToFindMoMLClass(MoMLParser.java:4075)
	at ptolemy.moml.MoMLParser._createEntity(MoMLParser.java:4323)
	... 78 more
Caused by: ptolemy.actor.ptalon.PtalonRuntimeException: Unable to add actor null
	at ptolemy.actor.ptalon.PtalonEvaluator.addActor(PtalonEvaluator.java:300)
	at ptolemy.actor.ptalon.PtalonPopulator.actor_declaration(PtalonPopulator.java:1574)
	at ptolemy.actor.ptalon.PtalonPopulator.atomic_statement(PtalonPopulator.java:1638)
	at ptolemy.actor.ptalon.PtalonPopulator.iterative_statement_evaluator(PtalonPopulator.java:2484)
	at ptolemy.actor.ptalon.AbstractPtalonEvaluator$IfTree.evaluateForScope(AbstractPtalonEvaluator.java:1307)
	at ptolemy.actor.ptalon.AbstractPtalonEvaluator.evaluateForScope(AbstractPtalonEvaluator.java:744)
	at ptolemy.actor.ptalon.PtalonPopulator.iterative_statement(PtalonPopulator.java:2363)
	at ptolemy.actor.ptalon.PtalonPopulator.actor_definition(PtalonPopulator.java:2809)
	at ptolemy.actor.ptalon.PtalonActor.attributeChanged(PtalonActor.java:206)
	at ptolemy.actor.ptalon.PtalonMLHandler.startElement(PtalonMLHandler.java:134)
	at com.microstar.xml.XmlParser.parseElement(XmlParser.java:921)
	at com.microstar.xml.XmlParser.parseContent(XmlParser.java:1104)
	at com.microstar.xml.XmlParser.parseElement(XmlParser.java:924)
	at com.microstar.xml.XmlParser.parseDocument(XmlParser.java:481)
	at com.microstar.xml.XmlParser.doParse(XmlParser.java:159)
	at com.microstar.xml.XmlParser.parse(XmlParser.java:132)
	at ptolemy.actor.ptalon.PtalonActor.configure(PtalonActor.java:240)
	at ptolemy.moml.MoMLParser.endElement(MoMLParser.java:996)
	at com.microstar.xml.XmlParser.parseETag(XmlParser.java:1026)
	at com.microstar.xml.XmlParser.parseContent(XmlParser.java:1098)
	at com.microstar.xml.XmlParser.parseElement(XmlParser.java:924)
	at com.microstar.xml.XmlParser.parseContent(XmlParser.java:1104)
	at com.microstar.xml.XmlParser.parseElement(XmlParser.java:924)
	at com.microstar.xml.XmlParser.parseContent(XmlParser.java:1104)
	at com.microstar.xml.XmlParser.parseElement(XmlParser.java:924)
	at com.microstar.xml.XmlParser.parseDocument(XmlParser.java:481)
	at com.microstar.xml.XmlParser.doParse(XmlParser.java:159)
	at com.microstar.xml.XmlParser.parse(XmlParser.java:132)
	at ptolemy.moml.MoMLParser.parse(MoMLParser.java:1676)
	at ptolemy.moml.MoMLParser.parse(MoMLParser.java:1595)
	at ptolemy.moml.MoMLParser.parse(MoMLParser.java:1537)
	at ptolemy.actor.gui.PtolemyEffigy$Factory.createEffigy(PtolemyEffigy.java:424)
	at ptolemy.actor.gui.EffigyFactory.createEffigy(EffigyFactory.java:234)
	at ptolemy.actor.gui.Configuration.openModel(Configuration.java:1125)
	at ptolemy.actor.gui.Configuration.openModel(Configuration.java:1051)
	at ptolemy.actor.gui.ConfigurationApplication._openModel(ConfigurationApplication.java:1252)
	at ptolemy.actor.gui.ConfigurationApplication._parseArg(ConfigurationApplication.java:1399)
	at ptolemy.actor.gui.ConfigurationApplication._parseArgs(ConfigurationApplication.java:1478)
	at ptolemy.actor.gui.ConfigurationApplication.<init>(ConfigurationApplication.java:277)
	at ptolemy.actor.gui.ConfigurationApplication.<init>(ConfigurationApplication.java:214)
	at ptolemy.actor.gui.ConfigurationApplication.<init>(ConfigurationApplication.java:201)
	at ptolemy.actor.gui.ConfigurationApplication.openModelOrEntity(ConfigurationApplication.java:680)
	at ptolemy.vergil.basic.export.ExportModel$1.run(ExportModel.java:220)
	at java.awt.event.InvocationEvent.dispatch(InvocationEvent.java:301)
	at java.awt.EventQueue.dispatchEventImpl(EventQueue.java:756)
	at java.awt.EventQueue.access$500(EventQueue.java:97)
	at java.awt.EventQueue$3.run(EventQueue.java:709)
	at java.awt.EventQueue$3.run(EventQueue.java:703)
	at java.security.AccessController.doPrivileged(Native Method)
	at java.security.ProtectionDomain$JavaSecurityAccessImpl.doIntersectionPrivilege(ProtectionDomain.java:80)
	at java.awt.EventQueue.dispatchEvent(EventQueue.java:726)
	at java.awt.EventDispatchThread.pumpOneEventForFilters(EventDispatchThread.java:201)
	at java.awt.EventDispatchThread.pumpEventsForFilter(EventDispatchThread.java:116)
	at java.awt.EventDispatchThread.pumpEventsForHierarchy(EventDispatchThread.java:105)
	at java.awt.EventDispatchThread.pumpEvents(EventDispatchThread.java:101)
	at java.awt.EventDispatchThread.pumpEvents(EventDispatchThread.java:93)
	at java.awt.EventDispatchThread.run(EventDispatchThread.java:82)
Caused by: ptolemy.kernel.util.InternalErrorException: Element <entity name="sender1" class="ptolemy.actor.ptalon.demo.ptinyos.SendAndReceiveCnt.CntToLedsAndRfm"> caused an exception to be thrown.
  in .SendAndReceiveCnt.SendAndReceiveCnt
Because:
Cannot find class: ptolemy.actor.ptalon.demo.ptinyos.SendAndReceiveCnt.CntToLedsAndRfm. In Ptolemy, classes are typically Java .class files. Entities like actors may instead be defined within a .xml file.  In any case, the class was not found. If the class uses a third party package, then the class would be present only if the third party package was found at compile time.  It may be necessary to upgrade Java or install the third party package, reconfigure and recompile.
Because:
Element <entity name="MicaLeds" class="ptolemy.domains.ptinyos.lib.MicaLeds"> caused an exception to be thrown.
  in .CntToLedsAndRfm
Because:
Cannot find class: ptolemy.domains.ptinyos.lib.MicaLeds. In Ptolemy, classes are typically Java .class files. Entities like actors may instead be defined within a .xml file.  In any case, the class was not found. If the class uses a third party package, then the class would be present only if the third party package was found at compile time.  It may be necessary to upgrade Java or install the third party package, reconfigure and recompile.
Because:
-- /home/travis/build/icyphy/ptII/ptolemy/actor/ptalon/demo/ptinyos/SendAndReceiveCnt/ptolemy/domains/ptinyos/lib/MicaLeds.xml (No such file or directory)
-- XML file not found relative to classpath.
-- /home/travis/build/icyphy/ptII/ptolemy/vergil/basic/export/test/ptolemy/domains/ptinyos/lib/MicaLeds.xml
/home/travis/build/icyphy/ptII/ptolemy/vergil/basic/export/test/ptolemy/domains/ptinyos/lib/MicaLeds.xml (No such file or directory)
 in file:/home/travis/build/icyphy/ptII/ptolemy/actor/ptalon/demo/ptinyos/SendAndReceiveCnt/CntToLedsAndRfm.xml at line 132 and column 63
	at ptolemy.moml.SimpleErrorHandler.handleError(SimpleErrorHandler.java:75)
	at ptolemy.moml.MoMLParser.startElement(MoMLParser.java:3805)
	at com.microstar.xml.XmlParser.parseElement(XmlParser.java:931)
	at com.microstar.xml.XmlParser.parseDocument(XmlParser.java:481)
	at com.microstar.xml.XmlParser.doParse(XmlParser.java:159)
	at com.microstar.xml.XmlParser.parse(XmlParser.java:132)
	at ptolemy.moml.MoMLParser.parse(MoMLParser.java:1660)
	at ptolemy.moml.MoMLParser.parse(MoMLParser.java:1617)
	at ptolemy.moml.MoMLParser.parse(MoMLParser.java:1792)
	at ptolemy.actor.ptalon.PtalonEvaluator.addActor(PtalonEvaluator.java:241)
	... 56 more
Caused by: ptolemy.kernel.util.IllegalActionException: Cannot find class: ptolemy.actor.ptalon.demo.ptinyos.SendAndReceiveCnt.CntToLedsAndRfm. In Ptolemy, classes are typically Java .class files. Entities like actors may instead be defined within a .xml file.  In any case, the class was not found. If the class uses a third party package, then the class would be present only if the third party package was found at compile time.  It may be necessary to upgrade Java or install the third party package, reconfigure and recompile.
Because:
Element <entity name="MicaLeds" class="ptolemy.domains.ptinyos.lib.MicaLeds"> caused an exception to be thrown.
  in .CntToLedsAndRfm
Because:
Cannot find class: ptolemy.domains.ptinyos.lib.MicaLeds. In Ptolemy, classes are typically Java .class files. Entities like actors may instead be defined within a .xml file.  In any case, the class was not found. If the class uses a third party package, then the class would be present only if the third party package was found at compile time.  It may be necessary to upgrade Java or install the third party package, reconfigure and recompile.
Because:
-- /home/travis/build/icyphy/ptII/ptolemy/actor/ptalon/demo/ptinyos/SendAndReceiveCnt/ptolemy/domains/ptinyos/lib/MicaLeds.xml (No such file or directory)
-- XML file not found relative to classpath.
-- /home/travis/build/icyphy/ptII/ptolemy/vergil/basic/export/test/ptolemy/domains/ptinyos/lib/MicaLeds.xml
/home/travis/build/icyphy/ptII/ptolemy/vergil/basic/export/test/ptolemy/domains/ptinyos/lib/MicaLeds.xml (No such file or directory)
 in file:/home/travis/build/icyphy/ptII/ptolemy/actor/ptalon/demo/ptinyos/SendAndReceiveCnt/CntToLedsAndRfm.xml at line 132 and column 63
	at ptolemy.moml.MoMLParser._createEntity(MoMLParser.java:4330)
	at ptolemy.moml.MoMLParser.startElement(MoMLParser.java:2864)
	... 64 more
Caused by: ptolemy.kernel.util.InternalErrorException: Element <entity name="MicaLeds" class="ptolemy.domains.ptinyos.lib.MicaLeds"> caused an exception to be thrown.
  in .CntToLedsAndRfm
Because:
Cannot find class: ptolemy.domains.ptinyos.lib.MicaLeds. In Ptolemy, classes are typically Java .class files. Entities like actors may instead be defined within a .xml file.  In any case, the class was not found. If the class uses a third party package, then the class would be present only if the third party package was found at compile time.  It may be necessary to upgrade Java or install the third party package, reconfigure and recompile.
Because:
-- /home/travis/build/icyphy/ptII/ptolemy/actor/ptalon/demo/ptinyos/SendAndReceiveCnt/ptolemy/domains/ptinyos/lib/MicaLeds.xml (No such file or directory)
-- XML file not found relative to classpath.
-- /home/travis/build/icyphy/ptII/ptolemy/vergil/basic/export/test/ptolemy/domains/ptinyos/lib/MicaLeds.xml
/home/travis/build/icyphy/ptII/ptolemy/vergil/basic/export/test/ptolemy/domains/ptinyos/lib/MicaLeds.xml (No such file or directory)
 in file:/home/travis/build/icyphy/ptII/ptolemy/actor/ptalon/demo/ptinyos/SendAndReceiveCnt/CntToLedsAndRfm.xml at line 132 and column 63
	at ptolemy.moml.SimpleErrorHandler.handleError(SimpleErrorHandler.java:75)
	at ptolemy.moml.MoMLParser.startElement(MoMLParser.java:3805)
	at com.microstar.xml.XmlParser.parseElement(XmlParser.java:921)
	at com.microstar.xml.XmlParser.parseContent(XmlParser.java:1104)
	at com.microstar.xml.XmlParser.parseElement(XmlParser.java:924)
	at com.microstar.xml.XmlParser.parseDocument(XmlParser.java:481)
	at com.microstar.xml.XmlParser.doParse(XmlParser.java:159)
	at com.microstar.xml.XmlParser.parse(XmlParser.java:132)
	at ptolemy.moml.MoMLParser.parse(MoMLParser.java:1676)
	at ptolemy.moml.MoMLParser.parse(MoMLParser.java:1595)
	at ptolemy.moml.MoMLParser.parse(MoMLParser.java:1537)
	at ptolemy.moml.MoMLParser._findOrParse(MoMLParser.java:5286)
	at ptolemy.moml.MoMLParser._attemptToFindMoMLClass(MoMLParser.java:4075)
	at ptolemy.moml.MoMLParser._createEntity(MoMLParser.java:4323)
	... 65 more
Caused by: ptolemy.kernel.util.IllegalActionException: Cannot find class: ptolemy.domains.ptinyos.lib.MicaLeds. In Ptolemy, classes are typically Java .class files. Entities like actors may instead be defined within a .xml file.  In any case, the class was not found. If the class uses a third party package, then the class would be present only if the third party package was found at compile time.  It may be necessary to upgrade Java or install the third party package, reconfigure and recompile.
Because:
-- /home/travis/build/icyphy/ptII/ptolemy/actor/ptalon/demo/ptinyos/SendAndReceiveCnt/ptolemy/domains/ptinyos/lib/MicaLeds.xml (No such file or directory)
-- XML file not found relative to classpath.
-- /home/travis/build/icyphy/ptII/ptolemy/vergil/basic/export/test/ptolemy/domains/ptinyos/lib/MicaLeds.xml
/home/travis/build/icyphy/ptII/ptolemy/vergil/basic/export/test/ptolemy/domains/ptinyos/lib/MicaLeds.xml (No such file or directory)
 in file:/home/travis/build/icyphy/ptII/ptolemy/actor/ptalon/demo/ptinyos/SendAndReceiveCnt/CntToLedsAndRfm.xml at line 132 and column 63
	at ptolemy.moml.MoMLParser._createEntity(MoMLParser.java:4330)
	at ptolemy.moml.MoMLParser.startElement(MoMLParser.java:2864)
	... 77 more
Caused by: com.microstar.xml.XmlException: -- /home/travis/build/icyphy/ptII/ptolemy/actor/ptalon/demo/ptinyos/SendAndReceiveCnt/ptolemy/domains/ptinyos/lib/MicaLeds.xml (No such file or directory)
-- XML file not found relative to classpath.
-- /home/travis/build/icyphy/ptII/ptolemy/vergil/basic/export/test/ptolemy/domains/ptinyos/lib/MicaLeds.xml
/home/travis/build/icyphy/ptII/ptolemy/vergil/basic/export/test/ptolemy/domains/ptinyos/lib/MicaLeds.xml (No such file or directory)
 in file:/home/travis/build/icyphy/ptII/ptolemy/actor/ptalon/demo/ptinyos/SendAndReceiveCnt/CntToLedsAndRfm.xml at line 132 and column 63
	at ptolemy.moml.MoMLParser.fileNameToURL(MoMLParser.java:1414)
	at ptolemy.moml.MoMLParser._findOrParse(MoMLParser.java:5283)
	at ptolemy.moml.MoMLParser._attemptToFindMoMLClass(MoMLParser.java:4075)
	at ptolemy.moml.MoMLParser._createEntity(MoMLParser.java:4323)
	... 78 more
Failed to read file:/home/travis/build/icyphy/ptII/ptolemy/actor/ptalon/demo/ptinyos/SendAndReceiveCnt/SendAndReceiveCnt.xml
ptolemy.kernel.util.IllegalActionException: Failed to process attribute change to PtalonParameter, whose value is "ptolemy.actor.ptalon.PtalonExpressionParameter {.SendAndReceiveCnt.SendAndReceiveCnt.channelName} "AtomicWirelessChannel"".
  in .SendAndReceiveCnt.SendAndReceiveCnt
Because:
Unable to add actor null
	at ptolemy.actor.ptalon.PtalonActor.attributeChanged(PtalonActor.java:211)
	at ptolemy.actor.ptalon.PtalonMLHandler.startElement(PtalonMLHandler.java:134)
	at com.microstar.xml.XmlParser.parseElement(XmlParser.java:921)
	at com.microstar.xml.XmlParser.parseContent(XmlParser.java:1104)
	at com.microstar.xml.XmlParser.parseElement(XmlParser.java:924)
	at com.microstar.xml.XmlParser.parseDocument(XmlParser.java:481)
	at com.microstar.xml.XmlParser.doParse(XmlParser.java:159)
	at com.microstar.xml.XmlParser.parse(XmlParser.java:132)
	at ptolemy.actor.ptalon.PtalonActor.configure(PtalonActor.java:240)
	at ptolemy.moml.MoMLParser.endElement(MoMLParser.java:996)
	at com.microstar.xml.XmlParser.parseETag(XmlParser.java:1026)
	at com.microstar.xml.XmlParser.parseContent(XmlParser.java:1098)
	at com.microstar.xml.XmlParser.parseElement(XmlParser.java:924)
	at com.microstar.xml.XmlParser.parseContent(XmlParser.java:1104)
	at com.microstar.xml.XmlParser.parseElement(XmlParser.java:924)
	at com.microstar.xml.XmlParser.parseContent(XmlParser.java:1104)
	at com.microstar.xml.XmlParser.parseElement(XmlParser.java:924)
	at com.microstar.xml.XmlParser.parseDocument(XmlParser.java:481)
	at com.microstar.xml.XmlParser.doParse(XmlParser.java:159)
	at com.microstar.xml.XmlParser.parse(XmlParser.java:132)
	at ptolemy.moml.MoMLParser.parse(MoMLParser.java:1676)
	at ptolemy.moml.MoMLParser.parse(MoMLParser.java:1595)
	at ptolemy.moml.MoMLParser.parse(MoMLParser.java:1537)
	at ptolemy.actor.gui.PtolemyEffigy$Factory.createEffigy(PtolemyEffigy.java:424)
	at ptolemy.actor.gui.EffigyFactory.createEffigy(EffigyFactory.java:234)
	at ptolemy.actor.gui.Configuration.openModel(Configuration.java:1125)
	at ptolemy.actor.gui.Configuration.openModel(Configuration.java:1051)
	at ptolemy.actor.gui.ConfigurationApplication._openModel(ConfigurationApplication.java:1252)
	at ptolemy.actor.gui.ConfigurationApplication._parseArg(ConfigurationApplication.java:1399)
	at ptolemy.actor.gui.ConfigurationApplication._parseArgs(ConfigurationApplication.java:1478)
	at ptolemy.actor.gui.ConfigurationApplication.<init>(ConfigurationApplication.java:277)
	at ptolemy.actor.gui.ConfigurationApplication.<init>(ConfigurationApplication.java:214)
	at ptolemy.actor.gui.ConfigurationApplication.<init>(ConfigurationApplication.java:201)
	at ptolemy.actor.gui.ConfigurationApplication.openModelOrEntity(ConfigurationApplication.java:680)
	at ptolemy.vergil.basic.export.ExportModel$1.run(ExportModel.java:220)
	at java.awt.event.InvocationEvent.dispatch(InvocationEvent.java:301)
	at java.awt.EventQueue.dispatchEventImpl(EventQueue.java:756)
	at java.awt.EventQueue.access$500(EventQueue.java:97)
	at java.awt.EventQueue$3.run(EventQueue.java:709)
	at java.awt.EventQueue$3.run(EventQueue.java:703)
	at java.security.AccessController.doPrivileged(Native Method)
	at java.security.ProtectionDomain$JavaSecurityAccessImpl.doIntersectionPrivilege(ProtectionDomain.java:80)
	at java.awt.EventQueue.dispatchEvent(EventQueue.java:726)
	at java.awt.EventDispatchThread.pumpOneEventForFilters(EventDispatchThread.java:201)
	at java.awt.EventDispatchThread.pumpEventsForFilter(EventDispatchThread.java:116)
	at java.awt.EventDispatchThread.pumpEventsForHierarchy(EventDispatchThread.java:105)
	at java.awt.EventDispatchThread.pumpEvents(EventDispatchThread.java:101)
	at java.awt.EventDispatchThread.pumpEvents(EventDispatchThread.java:93)
	at java.awt.EventDispatchThread.run(EventDispatchThread.java:82)
Caused by: ptolemy.actor.ptalon.PtalonRuntimeException: Unable to add actor null
	at ptolemy.actor.ptalon.PtalonEvaluator.addActor(PtalonEvaluator.java:300)
	at ptolemy.actor.ptalon.PtalonPopulator.actor_declaration(PtalonPopulator.java:1574)
	at ptolemy.actor.ptalon.PtalonPopulator.atomic_statement(PtalonPopulator.java:1638)
	at ptolemy.actor.ptalon.PtalonPopulator.iterative_statement_evaluator(PtalonPopulator.java:2484)
	at ptolemy.actor.ptalon.AbstractPtalonEvaluator$IfTree.evaluateForScope(AbstractPtalonEvaluator.java:1307)
	at ptolemy.actor.ptalon.AbstractPtalonEvaluator.evaluateForScope(AbstractPtalonEvaluator.java:744)
	at ptolemy.actor.ptalon.PtalonPopulator.iterative_statement(PtalonPopulator.java:2363)
	at ptolemy.actor.ptalon.PtalonPopulator.actor_definition(PtalonPopulator.java:2809)
	at ptolemy.actor.ptalon.PtalonActor.attributeChanged(PtalonActor.java:206)
	... 48 more
Caused by: ptolemy.kernel.util.InternalErrorException: Element <entity name="sender1" class="ptolemy.actor.ptalon.demo.ptinyos.SendAndReceiveCnt.CntToLedsAndRfm"> caused an exception to be thrown.
  in .SendAndReceiveCnt.SendAndReceiveCnt
Because:
Cannot find class: ptolemy.actor.ptalon.demo.ptinyos.SendAndReceiveCnt.CntToLedsAndRfm. In Ptolemy, classes are typically Java .class files. Entities like actors may instead be defined within a .xml file.  In any case, the class was not found. If the class uses a third party package, then the class would be present only if the third party package was found at compile time.  It may be necessary to upgrade Java or install the third party package, reconfigure and recompile.
Because:
Element <entity name="MicaLeds" class="ptolemy.domains.ptinyos.lib.MicaLeds"> caused an exception to be thrown.
  in .CntToLedsAndRfm
Because:
Cannot find class: ptolemy.domains.ptinyos.lib.MicaLeds. In Ptolemy, classes are typically Java .class files. Entities like actors may instead be defined within a .xml file.  In any case, the class was not found. If the class uses a third party package, then the class would be present only if the third party package was found at compile time.  It may be necessary to upgrade Java or install the third party package, reconfigure and recompile.
Because:
-- /home/travis/build/icyphy/ptII/ptolemy/actor/ptalon/demo/ptinyos/SendAndReceiveCnt/ptolemy/domains/ptinyos/lib/MicaLeds.xml (No such file or directory)
-- XML file not found relative to classpath.
-- /home/travis/build/icyphy/ptII/ptolemy/vergil/basic/export/test/ptolemy/domains/ptinyos/lib/MicaLeds.xml
/home/travis/build/icyphy/ptII/ptolemy/vergil/basic/export/test/ptolemy/domains/ptinyos/lib/MicaLeds.xml (No such file or directory)
 in file:/home/travis/build/icyphy/ptII/ptolemy/actor/ptalon/demo/ptinyos/SendAndReceiveCnt/CntToLedsAndRfm.xml at line 132 and column 63
	at ptolemy.moml.SimpleErrorHandler.handleError(SimpleErrorHandler.java:75)
	at ptolemy.moml.MoMLParser.startElement(MoMLParser.java:3805)
	at com.microstar.xml.XmlParser.parseElement(XmlParser.java:931)
	at com.microstar.xml.XmlParser.parseDocument(XmlParser.java:481)
	at com.microstar.xml.XmlParser.doParse(XmlParser.java:159)
	at com.microstar.xml.XmlParser.parse(XmlParser.java:132)
	at ptolemy.moml.MoMLParser.parse(MoMLParser.java:1660)
	at ptolemy.moml.MoMLParser.parse(MoMLParser.java:1617)
	at ptolemy.moml.MoMLParser.parse(MoMLParser.java:1792)
	at ptolemy.actor.ptalon.PtalonEvaluator.addActor(PtalonEvaluator.java:241)
	... 56 more
Caused by: ptolemy.kernel.util.IllegalActionException: Cannot find class: ptolemy.actor.ptalon.demo.ptinyos.SendAndReceiveCnt.CntToLedsAndRfm. In Ptolemy, classes are typically Java .class files. Entities like actors may instead be defined within a .xml file.  In any case, the class was not found. If the class uses a third party package, then the class would be present only if the third party package was found at compile time.  It may be necessary to upgrade Java or install the third party package, reconfigure and recompile.
Because:
Element <entity name="MicaLeds" class="ptolemy.domains.ptinyos.lib.MicaLeds"> caused an exception to be thrown.
  in .CntToLedsAndRfm
Because:
Cannot find class: ptolemy.domains.ptinyos.lib.MicaLeds. In Ptolemy, classes are typically Java .class files. Entities like actors may instead be defined within a .xml file.  In any case, the class was not found. If the class uses a third party package, then the class would be present only if the third party package was found at compile time.  It may be necessary to upgrade Java or install the third party package, reconfigure and recompile.
Because:
-- /home/travis/build/icyphy/ptII/ptolemy/actor/ptalon/demo/ptinyos/SendAndReceiveCnt/ptolemy/domains/ptinyos/lib/MicaLeds.xml (No such file or directory)
-- XML file not found relative to classpath.
-- /home/travis/build/icyphy/ptII/ptolemy/vergil/basic/export/test/ptolemy/domains/ptinyos/lib/MicaLeds.xml
/home/travis/build/icyphy/ptII/ptolemy/vergil/basic/export/test/ptolemy/domains/ptinyos/lib/MicaLeds.xml (No such file or directory)
 in file:/home/travis/build/icyphy/ptII/ptolemy/actor/ptalon/demo/ptinyos/SendAndReceiveCnt/CntToLedsAndRfm.xml at line 132 and column 63
	at ptolemy.moml.MoMLParser._createEntity(MoMLParser.java:4330)
	at ptolemy.moml.MoMLParser.startElement(MoMLParser.java:2864)
	... 64 more
Caused by: ptolemy.kernel.util.InternalErrorException: Element <entity name="MicaLeds" class="ptolemy.domains.ptinyos.lib.MicaLeds"> caused an exception to be thrown.
  in .CntToLedsAndRfm
Because:
Cannot find class: ptolemy.domains.ptinyos.lib.MicaLeds. In Ptolemy, classes are typically Java .class files. Entities like actors may instead be defined within a .xml file.  In any case, the class was not found. If the class uses a third party package, then the class would be present only if the third party package was found at compile time.  It may be necessary to upgrade Java or install the third party package, reconfigure and recompile.
Because:
-- /home/travis/build/icyphy/ptII/ptolemy/actor/ptalon/demo/ptinyos/SendAndReceiveCnt/ptolemy/domains/ptinyos/lib/MicaLeds.xml (No such file or directory)
-- XML file not found relative to classpath.
-- /home/travis/build/icyphy/ptII/ptolemy/vergil/basic/export/test/ptolemy/domains/ptinyos/lib/MicaLeds.xml
/home/travis/build/icyphy/ptII/ptolemy/vergil/basic/export/test/ptolemy/domains/ptinyos/lib/MicaLeds.xml (No such file or directory)
 in file:/home/travis/build/icyphy/ptII/ptolemy/actor/ptalon/demo/ptinyos/SendAndReceiveCnt/CntToLedsAndRfm.xml at line 132 and column 63
	at ptolemy.moml.SimpleErrorHandler.handleError(SimpleErrorHandler.java:75)
	at ptolemy.moml.MoMLParser.startElement(MoMLParser.java:3805)
	at com.microstar.xml.XmlParser.parseElement(XmlParser.java:921)
	at com.microstar.xml.XmlParser.parseContent(XmlParser.java:1104)
	at com.microstar.xml.XmlParser.parseElement(XmlParser.java:924)
	at com.microstar.xml.XmlParser.parseDocument(XmlParser.java:481)
	at com.microstar.xml.XmlParser.doParse(XmlParser.java:159)
	at com.microstar.xml.XmlParser.parse(XmlParser.java:132)
	at ptolemy.moml.MoMLParser.parse(MoMLParser.java:1676)
	at ptolemy.moml.MoMLParser.parse(MoMLParser.java:1595)
	at ptolemy.moml.MoMLParser.parse(MoMLParser.java:1537)
	at ptolemy.moml.MoMLParser._findOrParse(MoMLParser.java:5286)
	at ptolemy.moml.MoMLParser._attemptToFindMoMLClass(MoMLParser.java:4075)
	at ptolemy.moml.MoMLParser._createEntity(MoMLParser.java:4323)
	... 65 more
Caused by: ptolemy.kernel.util.IllegalActionException: Cannot find class: ptolemy.domains.ptinyos.lib.MicaLeds. In Ptolemy, classes are typically Java .class files. Entities like actors may instead be defined within a .xml file.  In any case, the class was not found. If the class uses a third party package, then the class would be present only if the third party package was found at compile time.  It may be necessary to upgrade Java or install the third party package, reconfigure and recompile.
Because:
-- /home/travis/build/icyphy/ptII/ptolemy/actor/ptalon/demo/ptinyos/SendAndReceiveCnt/ptolemy/domains/ptinyos/lib/MicaLeds.xml (No such file or directory)
-- XML file not found relative to classpath.
-- /home/travis/build/icyphy/ptII/ptolemy/vergil/basic/export/test/ptolemy/domains/ptinyos/lib/MicaLeds.xml
/home/travis/build/icyphy/ptII/ptolemy/vergil/basic/export/test/ptolemy/domains/ptinyos/lib/MicaLeds.xml (No such file or directory)
 in file:/home/travis/build/icyphy/ptII/ptolemy/actor/ptalon/demo/ptinyos/SendAndReceiveCnt/CntToLedsAndRfm.xml at line 132 and column 63
	at ptolemy.moml.MoMLParser._createEntity(MoMLParser.java:4330)
	at ptolemy.moml.MoMLParser.startElement(MoMLParser.java:2864)
	... 77 more
Caused by: com.microstar.xml.XmlException: -- /home/travis/build/icyphy/ptII/ptolemy/actor/ptalon/demo/ptinyos/SendAndReceiveCnt/ptolemy/domains/ptinyos/lib/MicaLeds.xml (No such file or directory)
-- XML file not found relative to classpath.
-- /home/travis/build/icyphy/ptII/ptolemy/vergil/basic/export/test/ptolemy/domains/ptinyos/lib/MicaLeds.xml
/home/travis/build/icyphy/ptII/ptolemy/vergil/basic/export/test/ptolemy/domains/ptinyos/lib/MicaLeds.xml (No such file or directory)
 in file:/home/travis/build/icyphy/ptII/ptolemy/actor/ptalon/demo/ptinyos/SendAndReceiveCnt/CntToLedsAndRfm.xml at line 132 and column 63
	at ptolemy.moml.MoMLParser.fileNameToURL(MoMLParser.java:1414)
	at ptolemy.moml.MoMLParser._findOrParse(MoMLParser.java:5283)
	at ptolemy.moml.MoMLParser._attemptToFindMoMLClass(MoMLParser.java:4075)
	at ptolemy.moml.MoMLParser._createEntity(MoMLParser.java:4323)
	... 78 more
Caused by: ptolemy.actor.ptalon.PtalonRuntimeException: Unable to add actor null
	at ptolemy.actor.ptalon.PtalonEvaluator.addActor(PtalonEvaluator.java:300)
	at ptolemy.actor.ptalon.PtalonPopulator.actor_declaration(PtalonPopulator.java:1574)
	at ptolemy.actor.ptalon.PtalonPopulator.atomic_statement(PtalonPopulator.java:1638)
	at ptolemy.actor.ptalon.PtalonPopulator.iterative_statement_evaluator(PtalonPopulator.java:2484)
	at ptolemy.actor.ptalon.AbstractPtalonEvaluator$IfTree.evaluateForScope(AbstractPtalonEvaluator.java:1307)
	at ptolemy.actor.ptalon.AbstractPtalonEvaluator.evaluateForScope(AbstractPtalonEvaluator.java:744)
	at ptolemy.actor.ptalon.PtalonPopulator.iterative_statement(PtalonPopulator.java:2363)
	at ptolemy.actor.ptalon.PtalonPopulator.actor_definition(PtalonPopulator.java:2809)
	at ptolemy.actor.ptalon.PtalonActor.attributeChanged(PtalonActor.java:206)
	at ptolemy.actor.ptalon.PtalonMLHandler.startElement(PtalonMLHandler.java:134)
	at com.microstar.xml.XmlParser.parseElement(XmlParser.java:921)
	at com.microstar.xml.XmlParser.parseContent(XmlParser.java:1104)
	at com.microstar.xml.XmlParser.parseElement(XmlParser.java:924)
	at com.microstar.xml.XmlParser.parseDocument(XmlParser.java:481)
	at com.microstar.xml.XmlParser.doParse(XmlParser.java:159)
	at com.microstar.xml.XmlParser.parse(XmlParser.java:132)
	at ptolemy.actor.ptalon.PtalonActor.configure(PtalonActor.java:240)
	at ptolemy.moml.MoMLParser.endElement(MoMLParser.java:996)
	at com.microstar.xml.XmlParser.parseETag(XmlParser.java:1026)
	at com.microstar.xml.XmlParser.parseContent(XmlParser.java:1098)
	at com.microstar.xml.XmlParser.parseElement(XmlParser.java:924)
	at com.microstar.xml.XmlParser.parseContent(XmlParser.java:1104)
	at com.microstar.xml.XmlParser.parseElement(XmlParser.java:924)
	at com.microstar.xml.XmlParser.parseContent(XmlParser.java:1104)
	at com.microstar.xml.XmlParser.parseElement(XmlParser.java:924)
	at com.microstar.xml.XmlParser.parseDocument(XmlParser.java:481)
	at com.microstar.xml.XmlParser.doParse(XmlParser.java:159)
	at com.microstar.xml.XmlParser.parse(XmlParser.java:132)
	at ptolemy.moml.MoMLParser.parse(MoMLParser.java:1676)
	at ptolemy.moml.MoMLParser.parse(MoMLParser.java:1595)
	at ptolemy.moml.MoMLParser.parse(MoMLParser.java:1537)
	at ptolemy.actor.gui.PtolemyEffigy$Factory.createEffigy(PtolemyEffigy.java:424)
	at ptolemy.actor.gui.EffigyFactory.createEffigy(EffigyFactory.java:234)
	at ptolemy.actor.gui.Configuration.openModel(Configuration.java:1125)
	at ptolemy.actor.gui.Configuration.openModel(Configuration.java:1051)
	at ptolemy.actor.gui.ConfigurationApplication._openModel(ConfigurationApplication.java:1252)
	at ptolemy.actor.gui.ConfigurationApplication._parseArg(ConfigurationApplication.java:1399)
	at ptolemy.actor.gui.ConfigurationApplication._parseArgs(ConfigurationApplication.java:1478)
	at ptolemy.actor.gui.ConfigurationApplication.<init>(ConfigurationApplication.java:277)
	at ptolemy.actor.gui.ConfigurationApplication.<init>(ConfigurationApplication.java:214)
	at ptolemy.actor.gui.ConfigurationApplication.<init>(ConfigurationApplication.java:201)
	at ptolemy.actor.gui.ConfigurationApplication.openModelOrEntity(ConfigurationApplication.java:680)
	at ptolemy.vergil.basic.export.ExportModel$1.run(ExportModel.java:220)
	at java.awt.event.InvocationEvent.dispatch(InvocationEvent.java:301)
	at java.awt.EventQueue.dispatchEventImpl(EventQueue.java:756)
	at java.awt.EventQueue.access$500(EventQueue.java:97)
	at java.awt.EventQueue$3.run(EventQueue.java:709)
	at java.awt.EventQueue$3.run(EventQueue.java:703)
	at java.security.AccessController.doPrivileged(Native Method)
	at java.security.ProtectionDomain$JavaSecurityAccessImpl.doIntersectionPrivilege(ProtectionDomain.java:80)
	at java.awt.EventQueue.dispatchEvent(EventQueue.java:726)
	at java.awt.EventDispatchThread.pumpOneEventForFilters(EventDispatchThread.java:201)
	at java.awt.EventDispatchThread.pumpEventsForFilter(EventDispatchThread.java:116)
	at java.awt.EventDispatchThread.pumpEventsForHierarchy(EventDispatchThread.java:105)
	at java.awt.EventDispatchThread.pumpEvents(EventDispatchThread.java:101)
	at java.awt.EventDispatchThread.pumpEvents(EventDispatchThread.java:93)
	at java.awt.EventDispatchThread.run(EventDispatchThread.java:82)
Caused by: ptolemy.kernel.util.InternalErrorException: Element <entity name="sender1" class="ptolemy.actor.ptalon.demo.ptinyos.SendAndReceiveCnt.CntToLedsAndRfm"> caused an exception to be thrown.
  in .SendAndReceiveCnt.SendAndReceiveCnt
Because:
Cannot find class: ptolemy.actor.ptalon.demo.ptinyos.SendAndReceiveCnt.CntToLedsAndRfm. In Ptolemy, classes are typically Java .class files. Entities like actors may instead be defined within a .xml file.  In any case, the class was not found. If the class uses a third party package, then the class would be present only if the third party package was found at compile time.  It may be necessary to upgrade Java or install the third party package, reconfigure and recompile.
Because:
Element <entity name="MicaLeds" class="ptolemy.domains.ptinyos.lib.MicaLeds"> caused an exception to be thrown.
  in .CntToLedsAndRfm
Because:
Cannot find class: ptolemy.domains.ptinyos.lib.MicaLeds. In Ptolemy, classes are typically Java .class files. Entities like actors may instead be defined within a .xml file.  In any case, the class was not found. If the class uses a third party package, then the class would be present only if the third party package was found at compile time.  It may be necessary to upgrade Java or install the third party package, reconfigure and recompile.
Because:
-- /home/travis/build/icyphy/ptII/ptolemy/actor/ptalon/demo/ptinyos/SendAndReceiveCnt/ptolemy/domains/ptinyos/lib/MicaLeds.xml (No such file or directory)
-- XML file not found relative to classpath.
-- /home/travis/build/icyphy/ptII/ptolemy/vergil/basic/export/test/ptolemy/domains/ptinyos/lib/MicaLeds.xml
/home/travis/build/icyphy/ptII/ptolemy/vergil/basic/export/test/ptolemy/domains/ptinyos/lib/MicaLeds.xml (No such file or directory)
 in file:/home/travis/build/icyphy/ptII/ptolemy/actor/ptalon/demo/ptinyos/SendAndReceiveCnt/CntToLedsAndRfm.xml at line 132 and column 63
	at ptolemy.moml.SimpleErrorHandler.handleError(SimpleErrorHandler.java:75)
	at ptolemy.moml.MoMLParser.startElement(MoMLParser.java:3805)
	at com.microstar.xml.XmlParser.parseElement(XmlParser.java:931)
	at com.microstar.xml.XmlParser.parseDocument(XmlParser.java:481)
	at com.microstar.xml.XmlParser.doParse(XmlParser.java:159)
	at com.microstar.xml.XmlParser.parse(XmlParser.java:132)
	at ptolemy.moml.MoMLParser.parse(MoMLParser.java:1660)
	at ptolemy.moml.MoMLParser.parse(MoMLParser.java:1617)
	at ptolemy.moml.MoMLParser.parse(MoMLParser.java:1792)
	at ptolemy.actor.ptalon.PtalonEvaluator.addActor(PtalonEvaluator.java:241)
	... 56 more
Caused by: ptolemy.kernel.util.IllegalActionException: Cannot find class: ptolemy.actor.ptalon.demo.ptinyos.SendAndReceiveCnt.CntToLedsAndRfm. In Ptolemy, classes are typically Java .class files. Entities like actors may instead be defined within a .xml file.  In any case, the class was not found. If the class uses a third party package, then the class would be present only if the third party package was found at compile time.  It may be necessary to upgrade Java or install the third party package, reconfigure and recompile.
Because:
Element <entity name="MicaLeds" class="ptolemy.domains.ptinyos.lib.MicaLeds"> caused an exception to be thrown.
  in .CntToLedsAndRfm
Because:
Cannot find class: ptolemy.domains.ptinyos.lib.MicaLeds. In Ptolemy, classes are typically Java .class files. Entities like actors may instead be defined within a .xml file.  In any case, the class was not found. If the class uses a third party package, then the class would be present only if the third party package was found at compile time.  It may be necessary to upgrade Java or install the third party package, reconfigure and recompile.
Because:
-- /home/travis/build/icyphy/ptII/ptolemy/actor/ptalon/demo/ptinyos/SendAndReceiveCnt/ptolemy/domains/ptinyos/lib/MicaLeds.xml (No such file or directory)
-- XML file not found relative to classpath.
-- /home/travis/build/icyphy/ptII/ptolemy/vergil/basic/export/test/ptolemy/domains/ptinyos/lib/MicaLeds.xml
/home/travis/build/icyphy/ptII/ptolemy/vergil/basic/export/test/ptolemy/domains/ptinyos/lib/MicaLeds.xml (No such file or directory)
 in file:/home/travis/build/icyphy/ptII/ptolemy/actor/ptalon/demo/ptinyos/SendAndReceiveCnt/CntToLedsAndRfm.xml at line 132 and column 63
	at ptolemy.moml.MoMLParser._createEntity(MoMLParser.java:4330)
	at ptolemy.moml.MoMLParser.startElement(MoMLParser.java:2864)
	... 64 more
Caused by: ptolemy.kernel.util.InternalErrorException: Element <entity name="MicaLeds" class="ptolemy.domains.ptinyos.lib.MicaLeds"> caused an exception to be thrown.
  in .CntToLedsAndRfm
Because:
Cannot find class: ptolemy.domains.ptinyos.lib.MicaLeds. In Ptolemy, classes are typically Java .class files. Entities like actors may instead be defined within a .xml file.  In any case, the class was not found. If the class uses a third party package, then the class would be present only if the third party package was found at compile time.  It may be necessary to upgrade Java or install the third party package, reconfigure and recompile.
Because:
-- /home/travis/build/icyphy/ptII/ptolemy/actor/ptalon/demo/ptinyos/SendAndReceiveCnt/ptolemy/domains/ptinyos/lib/MicaLeds.xml (No such file or directory)
-- XML file not found relative to classpath.
-- /home/travis/build/icyphy/ptII/ptolemy/vergil/basic/export/test/ptolemy/domains/ptinyos/lib/MicaLeds.xml
/home/travis/build/icyphy/ptII/ptolemy/vergil/basic/export/test/ptolemy/domains/ptinyos/lib/MicaLeds.xml (No such file or directory)
 in file:/home/travis/build/icyphy/ptII/ptolemy/actor/ptalon/demo/ptinyos/SendAndReceiveCnt/CntToLedsAndRfm.xml at line 132 and column 63
	at ptolemy.moml.SimpleErrorHandler.handleError(SimpleErrorHandler.java:75)
	at ptolemy.moml.MoMLParser.startElement(MoMLParser.java:3805)
	at com.microstar.xml.XmlParser.parseElement(XmlParser.java:921)
	at com.microstar.xml.XmlParser.parseContent(XmlParser.java:1104)
	at com.microstar.xml.XmlParser.parseElement(XmlParser.java:924)
	at com.microstar.xml.XmlParser.parseDocument(XmlParser.java:481)
	at com.microstar.xml.XmlParser.doParse(XmlParser.java:159)
	at com.microstar.xml.XmlParser.parse(XmlParser.java:132)
	at ptolemy.moml.MoMLParser.parse(MoMLParser.java:1676)
	at ptolemy.moml.MoMLParser.parse(MoMLParser.java:1595)
	at ptolemy.moml.MoMLParser.parse(MoMLParser.java:1537)
	at ptolemy.moml.MoMLParser._findOrParse(MoMLParser.java:5286)
	at ptolemy.moml.MoMLParser._attemptToFindMoMLClass(MoMLParser.java:4075)
	at ptolemy.moml.MoMLParser._createEntity(MoMLParser.java:4323)
	... 65 more
Caused by: ptolemy.kernel.util.IllegalActionException: Cannot find class: ptolemy.domains.ptinyos.lib.MicaLeds. In Ptolemy, classes are typically Java .class files. Entities like actors may instead be defined within a .xml file.  In any case, the class was not found. If the class uses a third party package, then the class would be present only if the third party package was found at compile time.  It may be necessary to upgrade Java or install the third party package, reconfigure and recompile.
Because:
-- /home/travis/build/icyphy/ptII/ptolemy/actor/ptalon/demo/ptinyos/SendAndReceiveCnt/ptolemy/domains/ptinyos/lib/MicaLeds.xml (No such file or directory)
-- XML file not found relative to classpath.
-- /home/travis/build/icyphy/ptII/ptolemy/vergil/basic/export/test/ptolemy/domains/ptinyos/lib/MicaLeds.xml
/home/travis/build/icyphy/ptII/ptolemy/vergil/basic/export/test/ptolemy/domains/ptinyos/lib/MicaLeds.xml (No such file or directory)
 in file:/home/travis/build/icyphy/ptII/ptolemy/actor/ptalon/demo/ptinyos/SendAndReceiveCnt/CntToLedsAndRfm.xml at line 132 and column 63
	at ptolemy.moml.MoMLParser._createEntity(MoMLParser.java:4330)
	at ptolemy.moml.MoMLParser.startElement(MoMLParser.java:2864)
	... 77 more
Caused by: com.microstar.xml.XmlException: -- /home/travis/build/icyphy/ptII/ptolemy/actor/ptalon/demo/ptinyos/SendAndReceiveCnt/ptolemy/domains/ptinyos/lib/MicaLeds.xml (No such file or directory)
-- XML file not found relative to classpath.
-- /home/travis/build/icyphy/ptII/ptolemy/vergil/basic/export/test/ptolemy/domains/ptinyos/lib/MicaLeds.xml
/home/travis/build/icyphy/ptII/ptolemy/vergil/basic/export/test/ptolemy/domains/ptinyos/lib/MicaLeds.xml (No such file or directory)
 in file:/home/travis/build/icyphy/ptII/ptolemy/actor/ptalon/demo/ptinyos/SendAndReceiveCnt/CntToLedsAndRfm.xml at line 132 and column 63
	at ptolemy.moml.MoMLParser.fileNameToURL(MoMLParser.java:1414)
	at ptolemy.moml.MoMLParser._findOrParse(MoMLParser.java:5283)
	at ptolemy.moml.MoMLParser._attemptToFindMoMLClass(MoMLParser.java:4075)
	at ptolemy.moml.MoMLParser._createEntity(MoMLParser.java:4323)
	... 78 more
Failed to read file:/home/travis/build/icyphy/ptII/ptolemy/actor/ptalon/demo/ptinyos/SendAndReceiveCnt/SendAndReceiveCnt.xml
ptolemy.kernel.util.IllegalActionException: Failed to process attribute change to PtalonParameter, whose value is "ptolemy.actor.ptalon.PtalonExpressionParameter {.SendAndReceiveCnt.SendAndReceiveCnt.channelName} "AtomicWirelessChannel"".
  in .SendAndReceiveCnt.SendAndReceiveCnt
Because:
Unable to add actor null
	at ptolemy.actor.ptalon.PtalonActor.attributeChanged(PtalonActor.java:211)
	at ptolemy.actor.ptalon.PtalonMLHandler.startElement(PtalonMLHandler.java:134)
	at com.microstar.xml.XmlParser.parseElement(XmlParser.java:921)
	at com.microstar.xml.XmlParser.parseContent(XmlParser.java:1104)
	at com.microstar.xml.XmlParser.parseElement(XmlParser.java:924)
	at com.microstar.xml.XmlParser.parseDocument(XmlParser.java:481)
	at com.microstar.xml.XmlParser.doParse(XmlParser.java:159)
	at com.microstar.xml.XmlParser.parse(XmlParser.java:132)
	at ptolemy.actor.ptalon.PtalonActor.configure(PtalonActor.java:240)
	at ptolemy.moml.MoMLParser.endElement(MoMLParser.java:996)
	at com.microstar.xml.XmlParser.parseETag(XmlParser.java:1026)
	at com.microstar.xml.XmlParser.parseContent(XmlParser.java:1098)
	at com.microstar.xml.XmlParser.parseElement(XmlParser.java:924)
	at com.microstar.xml.XmlParser.parseContent(XmlParser.java:1104)
	at com.microstar.xml.XmlParser.parseElement(XmlParser.java:924)
	at com.microstar.xml.XmlParser.parseContent(XmlParser.java:1104)
	at com.microstar.xml.XmlParser.parseElement(XmlParser.java:924)
	at com.microstar.xml.XmlParser.parseDocument(XmlParser.java:481)
	at com.microstar.xml.XmlParser.doParse(XmlParser.java:159)
	at com.microstar.xml.XmlParser.parse(XmlParser.java:132)
	at ptolemy.moml.MoMLParser.parse(MoMLParser.java:1676)
	at ptolemy.moml.MoMLParser.parse(MoMLParser.java:1595)
	at ptolemy.moml.MoMLParser.parse(MoMLParser.java:1537)
	at ptolemy.actor.gui.PtolemyEffigy$Factory.createEffigy(PtolemyEffigy.java:424)
	at ptolemy.actor.gui.EffigyFactory.createEffigy(EffigyFactory.java:234)
	at ptolemy.actor.gui.Configuration.openModel(Configuration.java:1125)
	at ptolemy.actor.gui.Configuration.openModel(Configuration.java:1051)
	at ptolemy.actor.gui.ConfigurationApplication._openModel(ConfigurationApplication.java:1252)
	at ptolemy.actor.gui.ConfigurationApplication._parseArg(ConfigurationApplication.java:1399)
	at ptolemy.actor.gui.ConfigurationApplication._parseArgs(ConfigurationApplication.java:1478)
	at ptolemy.actor.gui.ConfigurationApplication.<init>(ConfigurationApplication.java:277)
	at ptolemy.actor.gui.ConfigurationApplication.<init>(ConfigurationApplication.java:214)
	at ptolemy.actor.gui.ConfigurationApplication.<init>(ConfigurationApplication.java:201)
	at ptolemy.actor.gui.ConfigurationApplication.openModelOrEntity(ConfigurationApplication.java:680)
	at ptolemy.vergil.basic.export.ExportModel$1.run(ExportModel.java:220)
	at java.awt.event.InvocationEvent.dispatch(InvocationEvent.java:301)
	at java.awt.EventQueue.dispatchEventImpl(EventQueue.java:756)
	at java.awt.EventQueue.access$500(EventQueue.java:97)
	at java.awt.EventQueue$3.run(EventQueue.java:709)
	at java.awt.EventQueue$3.run(EventQueue.java:703)
	at java.security.AccessController.doPrivileged(Native Method)
	at java.security.ProtectionDomain$JavaSecurityAccessImpl.doIntersectionPrivilege(ProtectionDomain.java:80)
	at java.awt.EventQueue.dispatchEvent(EventQueue.java:726)
	at java.awt.EventDispatchThread.pumpOneEventForFilters(EventDispatchThread.java:201)
	at java.awt.EventDispatchThread.pumpEventsForFilter(EventDispatchThread.java:116)
	at java.awt.EventDispatchThread.pumpEventsForHierarchy(EventDispatchThread.java:105)
	at java.awt.EventDispatchThread.pumpEvents(EventDispatchThread.java:101)
	at java.awt.EventDispatchThread.pumpEvents(EventDispatchThread.java:93)
	at java.awt.EventDispatchThread.run(EventDispatchThread.java:82)
Caused by: ptolemy.actor.ptalon.PtalonRuntimeException: Unable to add actor null
	at ptolemy.actor.ptalon.PtalonEvaluator.addActor(PtalonEvaluator.java:300)
	at ptolemy.actor.ptalon.PtalonPopulator.actor_declaration(PtalonPopulator.java:1574)
	at ptolemy.actor.ptalon.PtalonPopulator.atomic_statement(PtalonPopulator.java:1638)
	at ptolemy.actor.ptalon.PtalonPopulator.iterative_statement_evaluator(PtalonPopulator.java:2484)
	at ptolemy.actor.ptalon.AbstractPtalonEvaluator$IfTree.evaluateForScope(AbstractPtalonEvaluator.java:1307)
	at ptolemy.actor.ptalon.AbstractPtalonEvaluator.evaluateForScope(AbstractPtalonEvaluator.java:744)
	at ptolemy.actor.ptalon.PtalonPopulator.iterative_statement(PtalonPopulator.java:2363)
	at ptolemy.actor.ptalon.PtalonPopulator.actor_definition(PtalonPopulator.java:2809)
	at ptolemy.actor.ptalon.PtalonActor.attributeChanged(PtalonActor.java:206)
	... 48 more
Caused by: ptolemy.kernel.util.InternalErrorException: Element <entity name="sender1" class="ptolemy.actor.ptalon.demo.ptinyos.SendAndReceiveCnt.CntToLedsAndRfm"> caused an exception to be thrown.
  in .SendAndReceiveCnt.SendAndReceiveCnt
Because:
Cannot find class: ptolemy.actor.ptalon.demo.ptinyos.SendAndReceiveCnt.CntToLedsAndRfm. In Ptolemy, classes are typically Java .class files. Entities like actors may instead be defined within a .xml file.  In any case, the class was not found. If the class uses a third party package, then the class would be present only if the third party package was found at compile time.  It may be necessary to upgrade Java or install the third party package, reconfigure and recompile.
Because:
Element <entity name="MicaLeds" class="ptolemy.domains.ptinyos.lib.MicaLeds"> caused an exception to be thrown.
  in .CntToLedsAndRfm
Because:
Cannot find class: ptolemy.domains.ptinyos.lib.MicaLeds. In Ptolemy, classes are typically Java .class files. Entities like actors may instead be defined within a .xml file.  In any case, the class was not found. If the class uses a third party package, then the class would be present only if the third party package was found at compile time.  It may be necessary to upgrade Java or install the third party package, reconfigure and recompile.
Because:
-- /home/travis/build/icyphy/ptII/ptolemy/actor/ptalon/demo/ptinyos/SendAndReceiveCnt/ptolemy/domains/ptinyos/lib/MicaLeds.xml (No such file or directory)
-- XML file not found relative to classpath.
-- /home/travis/build/icyphy/ptII/ptolemy/vergil/basic/export/test/ptolemy/domains/ptinyos/lib/MicaLeds.xml
/home/travis/build/icyphy/ptII/ptolemy/vergil/basic/export/test/ptolemy/domains/ptinyos/lib/MicaLeds.xml (No such file or directory)
 in file:/home/travis/build/icyphy/ptII/ptolemy/actor/ptalon/demo/ptinyos/SendAndReceiveCnt/CntToLedsAndRfm.xml at line 132 and column 63
	at ptolemy.moml.SimpleErrorHandler.handleError(SimpleErrorHandler.java:75)
	at ptolemy.moml.MoMLParser.startElement(MoMLParser.java:3805)
	at com.microstar.xml.XmlParser.parseElement(XmlParser.java:931)
	at com.microstar.xml.XmlParser.parseDocument(XmlParser.java:481)
	at com.microstar.xml.XmlParser.doParse(XmlParser.java:159)
	at com.microstar.xml.XmlParser.parse(XmlParser.java:132)
	at ptolemy.moml.MoMLParser.parse(MoMLParser.java:1660)
	at ptolemy.moml.MoMLParser.parse(MoMLParser.java:1617)
	at ptolemy.moml.MoMLParser.parse(MoMLParser.java:1792)
	at ptolemy.actor.ptalon.PtalonEvaluator.addActor(PtalonEvaluator.java:241)
	... 56 more
Caused by: ptolemy.kernel.util.IllegalActionException: Cannot find class: ptolemy.actor.ptalon.demo.ptinyos.SendAndReceiveCnt.CntToLedsAndRfm. In Ptolemy, classes are typically Java .class files. Entities like actors may instead be defined within a .xml file.  In any case, the class was not found. If the class uses a third party package, then the class would be present only if the third party package was found at compile time.  It may be necessary to upgrade Java or install the third party package, reconfigure and recompile.
Because:
Element <entity name="MicaLeds" class="ptolemy.domains.ptinyos.lib.MicaLeds"> caused an exception to be thrown.
  in .CntToLedsAndRfm
Because:
Cannot find class: ptolemy.domains.ptinyos.lib.MicaLeds. In Ptolemy, classes are typically Java .class files. Entities like actors may instead be defined within a .xml file.  In any case, the class was not found. If the class uses a third party package, then the class would be present only if the third party package was found at compile time.  It may be necessary to upgrade Java or install the third party package, reconfigure and recompile.
Because:
-- /home/travis/build/icyphy/ptII/ptolemy/actor/ptalon/demo/ptinyos/SendAndReceiveCnt/ptolemy/domains/ptinyos/lib/MicaLeds.xml (No such file or directory)
-- XML file not found relative to classpath.
-- /home/travis/build/icyphy/ptII/ptolemy/vergil/basic/export/test/ptolemy/domains/ptinyos/lib/MicaLeds.xml
/home/travis/build/icyphy/ptII/ptolemy/vergil/basic/export/test/ptolemy/domains/ptinyos/lib/MicaLeds.xml (No such file or directory)
 in file:/home/travis/build/icyphy/ptII/ptolemy/actor/ptalon/demo/ptinyos/SendAndReceiveCnt/CntToLedsAndRfm.xml at line 132 and column 63
	at ptolemy.moml.MoMLParser._createEntity(MoMLParser.java:4330)
	at ptolemy.moml.MoMLParser.startElement(MoMLParser.java:2864)
	... 64 more
Caused by: ptolemy.kernel.util.InternalErrorException: Element <entity name="MicaLeds" class="ptolemy.domains.ptinyos.lib.MicaLeds"> caused an exception to be thrown.
  in .CntToLedsAndRfm
Because:
Cannot find class: ptolemy.domains.ptinyos.lib.MicaLeds. In Ptolemy, classes are typically Java .class files. Entities like actors may instead be defined within a .xml file.  In any case, the class was not found. If the class uses a third party package, then the class would be present only if the third party package was found at compile time.  It may be necessary to upgrade Java or install the third party package, reconfigure and recompile.
Because:
-- /home/travis/build/icyphy/ptII/ptolemy/actor/ptalon/demo/ptinyos/SendAndReceiveCnt/ptolemy/domains/ptinyos/lib/MicaLeds.xml (No such file or directory)
-- XML file not found relative to classpath.
-- /home/travis/build/icyphy/ptII/ptolemy/vergil/basic/export/test/ptolemy/domains/ptinyos/lib/MicaLeds.xml
/home/travis/build/icyphy/ptII/ptolemy/vergil/basic/export/test/ptolemy/domains/ptinyos/lib/MicaLeds.xml (No such file or directory)
 in file:/home/travis/build/icyphy/ptII/ptolemy/actor/ptalon/demo/ptinyos/SendAndReceiveCnt/CntToLedsAndRfm.xml at line 132 and column 63
	at ptolemy.moml.SimpleErrorHandler.handleError(SimpleErrorHandler.java:75)
	at ptolemy.moml.MoMLParser.startElement(MoMLParser.java:3805)
	at com.microstar.xml.XmlParser.parseElement(XmlParser.java:921)
	at com.microstar.xml.XmlParser.parseContent(XmlParser.java:1104)
	at com.microstar.xml.XmlParser.parseElement(XmlParser.java:924)
	at com.microstar.xml.XmlParser.parseDocument(XmlParser.java:481)
	at com.microstar.xml.XmlParser.doParse(XmlParser.java:159)
	at com.microstar.xml.XmlParser.parse(XmlParser.java:132)
	at ptolemy.moml.MoMLParser.parse(MoMLParser.java:1676)
	at ptolemy.moml.MoMLParser.parse(MoMLParser.java:1595)
	at ptolemy.moml.MoMLParser.parse(MoMLParser.java:1537)
	at ptolemy.moml.MoMLParser._findOrParse(MoMLParser.java:5286)
	at ptolemy.moml.MoMLParser._attemptToFindMoMLClass(MoMLParser.java:4075)
	at ptolemy.moml.MoMLParser._createEntity(MoMLParser.java:4323)
	... 65 more
Caused by: ptolemy.kernel.util.IllegalActionException: Cannot find class: ptolemy.domains.ptinyos.lib.MicaLeds. In Ptolemy, classes are typically Java .class files. Entities like actors may instead be defined within a .xml file.  In any case, the class was not found. If the class uses a third party package, then the class would be present only if the third party package was found at compile time.  It may be necessary to upgrade Java or install the third party package, reconfigure and recompile.
Because:
-- /home/travis/build/icyphy/ptII/ptolemy/actor/ptalon/demo/ptinyos/SendAndReceiveCnt/ptolemy/domains/ptinyos/lib/MicaLeds.xml (No such file or directory)
-- XML file not found relative to classpath.
-- /home/travis/build/icyphy/ptII/ptolemy/vergil/basic/export/test/ptolemy/domains/ptinyos/lib/MicaLeds.xml
/home/travis/build/icyphy/ptII/ptolemy/vergil/basic/export/test/ptolemy/domains/ptinyos/lib/MicaLeds.xml (No such file or directory)
 in file:/home/travis/build/icyphy/ptII/ptolemy/actor/ptalon/demo/ptinyos/SendAndReceiveCnt/CntToLedsAndRfm.xml at line 132 and column 63
	at ptolemy.moml.MoMLParser._createEntity(MoMLParser.java:4330)
	at ptolemy.moml.MoMLParser.startElement(MoMLParser.java:2864)
	... 77 more
Caused by: com.microstar.xml.XmlException: -- /home/travis/build/icyphy/ptII/ptolemy/actor/ptalon/demo/ptinyos/SendAndReceiveCnt/ptolemy/domains/ptinyos/lib/MicaLeds.xml (No such file or directory)
-- XML file not found relative to classpath.
-- /home/travis/build/icyphy/ptII/ptolemy/vergil/basic/export/test/ptolemy/domains/ptinyos/lib/MicaLeds.xml
/home/travis/build/icyphy/ptII/ptolemy/vergil/basic/export/test/ptolemy/domains/ptinyos/lib/MicaLeds.xml (No such file or directory)
 in file:/home/travis/build/icyphy/ptII/ptolemy/actor/ptalon/demo/ptinyos/SendAndReceiveCnt/CntToLedsAndRfm.xml at line 132 and column 63
	at ptolemy.moml.MoMLParser.fileNameToURL(MoMLParser.java:1414)
	at ptolemy.moml.MoMLParser._findOrParse(MoMLParser.java:5283)
	at ptolemy.moml.MoMLParser._attemptToFindMoMLClass(MoMLParser.java:4075)
	at ptolemy.moml.MoMLParser._createEntity(MoMLParser.java:4323)
	... 78 more
Caused by: ptolemy.actor.ptalon.PtalonRuntimeException: Unable to add actor null
	at ptolemy.actor.ptalon.PtalonEvaluator.addActor(PtalonEvaluator.java:300)
	at ptolemy.actor.ptalon.PtalonPopulator.actor_declaration(PtalonPopulator.java:1574)
	at ptolemy.actor.ptalon.PtalonPopulator.atomic_statement(PtalonPopulator.java:1638)
	at ptolemy.actor.ptalon.PtalonPopulator.iterative_statement_evaluator(PtalonPopulator.java:2484)
	at ptolemy.actor.ptalon.AbstractPtalonEvaluator$IfTree.evaluateForScope(AbstractPtalonEvaluator.java:1307)
	at ptolemy.actor.ptalon.AbstractPtalonEvaluator.evaluateForScope(AbstractPtalonEvaluator.java:744)
	at ptolemy.actor.ptalon.PtalonPopulator.iterative_statement(PtalonPopulator.java:2363)
	at ptolemy.actor.ptalon.PtalonPopulator.actor_definition(PtalonPopulator.java:2809)
	at ptolemy.actor.ptalon.PtalonActor.attributeChanged(PtalonActor.java:206)
	at ptolemy.actor.ptalon.PtalonMLHandler.startElement(PtalonMLHandler.java:134)
	at com.microstar.xml.XmlParser.parseElement(XmlParser.java:921)
	at com.microstar.xml.XmlParser.parseContent(XmlParser.java:1104)
	at com.microstar.xml.XmlParser.parseElement(XmlParser.java:924)
	at com.microstar.xml.XmlParser.parseDocument(XmlParser.java:481)
	at com.microstar.xml.XmlParser.doParse(XmlParser.java:159)
	at com.microstar.xml.XmlParser.parse(XmlParser.java:132)
	at ptolemy.actor.ptalon.PtalonActor.configure(PtalonActor.java:240)
	at ptolemy.moml.MoMLParser.endElement(MoMLParser.java:996)
	at com.microstar.xml.XmlParser.parseETag(XmlParser.java:1026)
	at com.microstar.xml.XmlParser.parseContent(XmlParser.java:1098)
	at com.microstar.xml.XmlParser.parseElement(XmlParser.java:924)
	at com.microstar.xml.XmlParser.parseContent(XmlParser.java:1104)
	at com.microstar.xml.XmlParser.parseElement(XmlParser.java:924)
	at com.microstar.xml.XmlParser.parseContent(XmlParser.java:1104)
	at com.microstar.xml.XmlParser.parseElement(XmlParser.java:924)
	at com.microstar.xml.XmlParser.parseDocument(XmlParser.java:481)
	at com.microstar.xml.XmlParser.doParse(XmlParser.java:159)
	at com.microstar.xml.XmlParser.parse(XmlParser.java:132)
	at ptolemy.moml.MoMLParser.parse(MoMLParser.java:1676)
	at ptolemy.moml.MoMLParser.parse(MoMLParser.java:1595)
	at ptolemy.moml.MoMLParser.parse(MoMLParser.java:1537)
	at ptolemy.actor.gui.PtolemyEffigy$Factory.createEffigy(PtolemyEffigy.java:424)
	at ptolemy.actor.gui.EffigyFactory.createEffigy(EffigyFactory.java:234)
	at ptolemy.actor.gui.Configuration.openModel(Configuration.java:1125)
	at ptolemy.actor.gui.Configuration.openModel(Configuration.java:1051)
	at ptolemy.actor.gui.ConfigurationApplication._openModel(ConfigurationApplication.java:1252)
	at ptolemy.actor.gui.ConfigurationApplication._parseArg(ConfigurationApplication.java:1399)
	at ptolemy.actor.gui.ConfigurationApplication._parseArgs(ConfigurationApplication.java:1478)
	at ptolemy.actor.gui.ConfigurationApplication.<init>(ConfigurationApplication.java:277)
	at ptolemy.actor.gui.ConfigurationApplication.<init>(ConfigurationApplication.java:214)
	at ptolemy.actor.gui.ConfigurationApplication.<init>(ConfigurationApplication.java:201)
	at ptolemy.actor.gui.ConfigurationApplication.openModelOrEntity(ConfigurationApplication.java:680)
	at ptolemy.vergil.basic.export.ExportModel$1.run(ExportModel.java:220)
	at java.awt.event.InvocationEvent.dispatch(InvocationEvent.java:301)
	at java.awt.EventQueue.dispatchEventImpl(EventQueue.java:756)
	at java.awt.EventQueue.access$500(EventQueue.java:97)
	at java.awt.EventQueue$3.run(EventQueue.java:709)
	at java.awt.EventQueue$3.run(EventQueue.java:703)
	at java.security.AccessController.doPrivileged(Native Method)
	at java.security.ProtectionDomain$JavaSecurityAccessImpl.doIntersectionPrivilege(ProtectionDomain.java:80)
	at java.awt.EventQueue.dispatchEvent(EventQueue.java:726)
	at java.awt.EventDispatchThread.pumpOneEventForFilters(EventDispatchThread.java:201)
	at java.awt.EventDispatchThread.pumpEventsForFilter(EventDispatchThread.java:116)
	at java.awt.EventDispatchThread.pumpEventsForHierarchy(EventDispatchThread.java:105)
	at java.awt.EventDispatchThread.pumpEvents(EventDispatchThread.java:101)
	at java.awt.EventDispatchThread.pumpEvents(EventDispatchThread.java:93)
	at java.awt.EventDispatchThread.run(EventDispatchThread.java:82)
Caused by: ptolemy.kernel.util.InternalErrorException: Element <entity name="sender1" class="ptolemy.actor.ptalon.demo.ptinyos.SendAndReceiveCnt.CntToLedsAndRfm"> caused an exception to be thrown.
  in .SendAndReceiveCnt.SendAndReceiveCnt
Because:
Cannot find class: ptolemy.actor.ptalon.demo.ptinyos.SendAndReceiveCnt.CntToLedsAndRfm. In Ptolemy, classes are typically Java .class files. Entities like actors may instead be defined within a .xml file.  In any case, the class was not found. If the class uses a third party package, then the class would be present only if the third party package was found at compile time.  It may be necessary to upgrade Java or install the third party package, reconfigure and recompile.
Because:
Element <entity name="MicaLeds" class="ptolemy.domains.ptinyos.lib.MicaLeds"> caused an exception to be thrown.
  in .CntToLedsAndRfm
Because:
Cannot find class: ptolemy.domains.ptinyos.lib.MicaLeds. In Ptolemy, classes are typically Java .class files. Entities like actors may instead be defined within a .xml file.  In any case, the class was not found. If the class uses a third party package, then the class would be present only if the third party package was found at compile time.  It may be necessary to upgrade Java or install the third party package, reconfigure and recompile.
Because:
-- /home/travis/build/icyphy/ptII/ptolemy/actor/ptalon/demo/ptinyos/SendAndReceiveCnt/ptolemy/domains/ptinyos/lib/MicaLeds.xml (No such file or directory)
-- XML file not found relative to classpath.
-- /home/travis/build/icyphy/ptII/ptolemy/vergil/basic/export/test/ptolemy/domains/ptinyos/lib/MicaLeds.xml
/home/travis/build/icyphy/ptII/ptolemy/vergil/basic/export/test/ptolemy/domains/ptinyos/lib/MicaLeds.xml (No such file or directory)
 in file:/home/travis/build/icyphy/ptII/ptolemy/actor/ptalon/demo/ptinyos/SendAndReceiveCnt/CntToLedsAndRfm.xml at line 132 and column 63
	at ptolemy.moml.SimpleErrorHandler.handleError(SimpleErrorHandler.java:75)
	at ptolemy.moml.MoMLParser.startElement(MoMLParser.java:3805)
	at com.microstar.xml.XmlParser.parseElement(XmlParser.java:931)
	at com.microstar.xml.XmlParser.parseDocument(XmlParser.java:481)
	at com.microstar.xml.XmlParser.doParse(XmlParser.java:159)
	at com.microstar.xml.XmlParser.parse(XmlParser.java:132)
	at ptolemy.moml.MoMLParser.parse(MoMLParser.java:1660)
	at ptolemy.moml.MoMLParser.parse(MoMLParser.java:1617)
	at ptolemy.moml.MoMLParser.parse(MoMLParser.java:1792)
	at ptolemy.actor.ptalon.PtalonEvaluator.addActor(PtalonEvaluator.java:241)
	... 56 more
Caused by: ptolemy.kernel.util.IllegalActionException: Cannot find class: ptolemy.actor.ptalon.demo.ptinyos.SendAndReceiveCnt.CntToLedsAndRfm. In Ptolemy, classes are typically Java .class files. Entities like actors may instead be defined within a .xml file.  In any case, the class was not found. If the class uses a third party package, then the class would be present only if the third party package was found at compile time.  It may be necessary to upgrade Java or install the third party package, reconfigure and recompile.
Because:
Element <entity name="MicaLeds" class="ptolemy.domains.ptinyos.lib.MicaLeds"> caused an exception to be thrown.
  in .CntToLedsAndRfm
Because:
Cannot find class: ptolemy.domains.ptinyos.lib.MicaLeds. In Ptolemy, classes are typically Java .class files. Entities like actors may instead be defined within a .xml file.  In any case, the class was not found. If the class uses a third party package, then the class would be present only if the third party package was found at compile time.  It may be necessary to upgrade Java or install the third party package, reconfigure and recompile.
Because:
-- /home/travis/build/icyphy/ptII/ptolemy/actor/ptalon/demo/ptinyos/SendAndReceiveCnt/ptolemy/domains/ptinyos/lib/MicaLeds.xml (No such file or directory)
-- XML file not found relative to classpath.
-- /home/travis/build/icyphy/ptII/ptolemy/vergil/basic/export/test/ptolemy/domains/ptinyos/lib/MicaLeds.xml
/home/travis/build/icyphy/ptII/ptolemy/vergil/basic/export/test/ptolemy/domains/ptinyos/lib/MicaLeds.xml (No such file or directory)
 in file:/home/travis/build/icyphy/ptII/ptolemy/actor/ptalon/demo/ptinyos/SendAndReceiveCnt/CntToLedsAndRfm.xml at line 132 and column 63
	at ptolemy.moml.MoMLParser._createEntity(MoMLParser.java:4330)
	at ptolemy.moml.MoMLParser.startElement(MoMLParser.java:2864)
	... 64 more
Caused by: ptolemy.kernel.util.InternalErrorException: Element <entity name="MicaLeds" class="ptolemy.domains.ptinyos.lib.MicaLeds"> caused an exception to be thrown.
  in .CntToLedsAndRfm
Because:
Cannot find class: ptolemy.domains.ptinyos.lib.MicaLeds. In Ptolemy, classes are typically Java .class files. Entities like actors may instead be defined within a .xml file.  In any case, the class was not found. If the class uses a third party package, then the class would be present only if the third party package was found at compile time.  It may be necessary to upgrade Java or install the third party package, reconfigure and recompile.
Because:
-- /home/travis/build/icyphy/ptII/ptolemy/actor/ptalon/demo/ptinyos/SendAndReceiveCnt/ptolemy/domains/ptinyos/lib/MicaLeds.xml (No such file or directory)
-- XML file not found relative to classpath.
-- /home/travis/build/icyphy/ptII/ptolemy/vergil/basic/export/test/ptolemy/domains/ptinyos/lib/MicaLeds.xml
/home/travis/build/icyphy/ptII/ptolemy/vergil/basic/export/test/ptolemy/domains/ptinyos/lib/MicaLeds.xml (No such file or directory)
 in file:/home/travis/build/icyphy/ptII/ptolemy/actor/ptalon/demo/ptinyos/SendAndReceiveCnt/CntToLedsAndRfm.xml at line 132 and column 63
	at ptolemy.moml.SimpleErrorHandler.handleError(SimpleErrorHandler.java:75)
	at ptolemy.moml.MoMLParser.startElement(MoMLParser.java:3805)
	at com.microstar.xml.XmlParser.parseElement(XmlParser.java:921)
	at com.microstar.xml.XmlParser.parseContent(XmlParser.java:1104)
	at com.microstar.xml.XmlParser.parseElement(XmlParser.java:924)
	at com.microstar.xml.XmlParser.parseDocument(XmlParser.java:481)
	at com.microstar.xml.XmlParser.doParse(XmlParser.java:159)
	at com.microstar.xml.XmlParser.parse(XmlParser.java:132)
	at ptolemy.moml.MoMLParser.parse(MoMLParser.java:1676)
	at ptolemy.moml.MoMLParser.parse(MoMLParser.java:1595)
	at ptolemy.moml.MoMLParser.parse(MoMLParser.java:1537)
	at ptolemy.moml.MoMLParser._findOrParse(MoMLParser.java:5286)
	at ptolemy.moml.MoMLParser._attemptToFindMoMLClass(MoMLParser.java:4075)
	at ptolemy.moml.MoMLParser._createEntity(MoMLParser.java:4323)
	... 65 more
Caused by: ptolemy.kernel.util.IllegalActionException: Cannot find class: ptolemy.domains.ptinyos.lib.MicaLeds. In Ptolemy, classes are typically Java .class files. Entities like actors may instead be defined within a .xml file.  In any case, the class was not found. If the class uses a third party package, then the class would be present only if the third party package was found at compile time.  It may be necessary to upgrade Java or install the third party package, reconfigure and recompile.
Because:
-- /home/travis/build/icyphy/ptII/ptolemy/actor/ptalon/demo/ptinyos/SendAndReceiveCnt/ptolemy/domains/ptinyos/lib/MicaLeds.xml (No such file or directory)
-- XML file not found relative to classpath.
-- /home/travis/build/icyphy/ptII/ptolemy/vergil/basic/export/test/ptolemy/domains/ptinyos/lib/MicaLeds.xml
/home/travis/build/icyphy/ptII/ptolemy/vergil/basic/export/test/ptolemy/domains/ptinyos/lib/MicaLeds.xml (No such file or directory)
 in file:/home/travis/build/icyphy/ptII/ptolemy/actor/ptalon/demo/ptinyos/SendAndReceiveCnt/CntToLedsAndRfm.xml at line 132 and column 63
	at ptolemy.moml.MoMLParser._createEntity(MoMLParser.java:4330)
	at ptolemy.moml.MoMLParser.startElement(MoMLParser.java:2864)
	... 77 more
Caused by: com.microstar.xml.XmlException: -- /home/travis/build/icyphy/ptII/ptolemy/actor/ptalon/demo/ptinyos/SendAndReceiveCnt/ptolemy/domains/ptinyos/lib/MicaLeds.xml (No such file or directory)
-- XML file not found relative to classpath.
-- /home/travis/build/icyphy/ptII/ptolemy/vergil/basic/export/test/ptolemy/domains/ptinyos/lib/MicaLeds.xml
/home/travis/build/icyphy/ptII/ptolemy/vergil/basic/export/test/ptolemy/domains/ptinyos/lib/MicaLeds.xml (No such file or directory)
 in file:/home/travis/build/icyphy/ptII/ptolemy/actor/ptalon/demo/ptinyos/SendAndReceiveCnt/CntToLedsAndRfm.xml at line 132 and column 63
	at ptolemy.moml.MoMLParser.fileNameToURL(MoMLParser.java:1414)
	at ptolemy.moml.MoMLParser._findOrParse(MoMLParser.java:5283)
	at ptolemy.moml.MoMLParser._attemptToFindMoMLClass(MoMLParser.java:4075)
	at ptolemy.moml.MoMLParser._createEntity(MoMLParser.java:4323)
	... 78 more
ptolemy.kernel.util.IllegalActionException: Failed to process attribute change to PtalonParameter, whose value is "ptolemy.actor.ptalon.PtalonExpressionParameter {.SendAndReceiveCnt.SendAndReceiveCnt.channelName} "AtomicWirelessChannel"".
  in .SendAndReceiveCnt.SendAndReceiveCnt
Because:
Unable to add actor null
	at ptolemy.actor.ptalon.PtalonActor.attributeChanged(PtalonActor.java:211)
	at ptolemy.actor.ptalon.PtalonMLHandler.startElement(PtalonMLHandler.java:134)
	at com.microstar.xml.XmlParser.parseElement(XmlParser.java:921)
	at com.microstar.xml.XmlParser.parseContent(XmlParser.java:1104)
	at com.microstar.xml.XmlParser.parseElement(XmlParser.java:924)
	at com.microstar.xml.XmlParser.parseDocument(XmlParser.java:481)
	at com.microstar.xml.XmlParser.doParse(XmlParser.java:159)
	at com.microstar.xml.XmlParser.parse(XmlParser.java:132)
	at ptolemy.actor.ptalon.PtalonActor.configure(PtalonActor.java:240)
	at ptolemy.moml.MoMLParser.endElement(MoMLParser.java:996)
	at com.microstar.xml.XmlParser.parseETag(XmlParser.java:1026)
	at com.microstar.xml.XmlParser.parseContent(XmlParser.java:1098)
	at com.microstar.xml.XmlParser.parseElement(XmlParser.java:924)
	at com.microstar.xml.XmlParser.parseContent(XmlParser.java:1104)
	at com.microstar.xml.XmlParser.parseElement(XmlParser.java:924)
	at com.microstar.xml.XmlParser.parseContent(XmlParser.java:1104)
	at com.microstar.xml.XmlParser.parseElement(XmlParser.java:924)
	at com.microstar.xml.XmlParser.parseDocument(XmlParser.java:481)
	at com.microstar.xml.XmlParser.doParse(XmlParser.java:159)
	at com.microstar.xml.XmlParser.parse(XmlParser.java:132)
	at ptolemy.moml.MoMLParser.parse(MoMLParser.java:1676)
	at ptolemy.moml.MoMLParser.parse(MoMLParser.java:1595)
	at ptolemy.moml.MoMLParser.parse(MoMLParser.java:1537)
	at ptolemy.actor.gui.PtolemyEffigy$Factory.createEffigy(PtolemyEffigy.java:424)
	at ptolemy.actor.gui.EffigyFactory.createEffigy(EffigyFactory.java:234)
	at ptolemy.actor.gui.Configuration.openModel(Configuration.java:1125)
	at ptolemy.actor.gui.Configuration.openModel(Configuration.java:1051)
	at ptolemy.actor.gui.ConfigurationApplication._openModel(ConfigurationApplication.java:1252)
	at ptolemy.actor.gui.ConfigurationApplication._parseArg(ConfigurationApplication.java:1399)
	at ptolemy.actor.gui.ConfigurationApplication._parseArgs(ConfigurationApplication.java:1478)
	at ptolemy.actor.gui.ConfigurationApplication.<init>(ConfigurationApplication.java:277)
	at ptolemy.actor.gui.ConfigurationApplication.<init>(ConfigurationApplication.java:214)
	at ptolemy.actor.gui.ConfigurationApplication.<init>(ConfigurationApplication.java:201)
	at ptolemy.actor.gui.ConfigurationApplication.openModelOrEntity(ConfigurationApplication.java:680)
	at ptolemy.vergil.basic.export.ExportModel$1.run(ExportModel.java:220)
	at java.awt.event.InvocationEvent.dispatch(InvocationEvent.java:301)
	at java.awt.EventQueue.dispatchEventImpl(EventQueue.java:756)
	at java.awt.EventQueue.access$500(EventQueue.java:97)
	at java.awt.EventQueue$3.run(EventQueue.java:709)
	at java.awt.EventQueue$3.run(EventQueue.java:703)
	at java.security.AccessController.doPrivileged(Native Method)
	at java.security.ProtectionDomain$JavaSecurityAccessImpl.doIntersectionPrivilege(ProtectionDomain.java:80)
	at java.awt.EventQueue.dispatchEvent(EventQueue.java:726)
	at java.awt.EventDispatchThread.pumpOneEventForFilters(EventDispatchThread.java:201)
	at java.awt.EventDispatchThread.pumpEventsForFilter(EventDispatchThread.java:116)
	at java.awt.EventDispatchThread.pumpEventsForHierarchy(EventDispatchThread.java:105)
	at java.awt.EventDispatchThread.pumpEvents(EventDispatchThread.java:101)
	at java.awt.EventDispatchThread.pumpEvents(EventDispatchThread.java:93)
	at java.awt.EventDispatchThread.run(EventDispatchThread.java:82)
Caused by: ptolemy.actor.ptalon.PtalonRuntimeException: Unable to add actor null
	at ptolemy.actor.ptalon.PtalonEvaluator.addActor(PtalonEvaluator.java:300)
	at ptolemy.actor.ptalon.PtalonPopulator.actor_declaration(PtalonPopulator.java:1574)
	at ptolemy.actor.ptalon.PtalonPopulator.atomic_statement(PtalonPopulator.java:1638)
	at ptolemy.actor.ptalon.PtalonPopulator.iterative_statement_evaluator(PtalonPopulator.java:2484)
	at ptolemy.actor.ptalon.AbstractPtalonEvaluator$IfTree.evaluateForScope(AbstractPtalonEvaluator.java:1307)
	at ptolemy.actor.ptalon.AbstractPtalonEvaluator.evaluateForScope(AbstractPtalonEvaluator.java:744)
	at ptolemy.actor.ptalon.PtalonPopulator.iterative_statement(PtalonPopulator.java:2363)
	at ptolemy.actor.ptalon.PtalonPopulator.actor_definition(PtalonPopulator.java:2809)
	at ptolemy.actor.ptalon.PtalonActor.attributeChanged(PtalonActor.java:206)
	... 48 more
Caused by: ptolemy.kernel.util.InternalErrorException: Element <entity name="sender1" class="ptolemy.actor.ptalon.demo.ptinyos.SendAndReceiveCnt.CntToLedsAndRfm"> caused an exception to be thrown.
  in .SendAndReceiveCnt.SendAndReceiveCnt
Because:
Cannot find class: ptolemy.actor.ptalon.demo.ptinyos.SendAndReceiveCnt.CntToLedsAndRfm. In Ptolemy, classes are typically Java .class files. Entities like actors may instead be defined within a .xml file.  In any case, the class was not found. If the class uses a third party package, then the class would be present only if the third party package was found at compile time.  It may be necessary to upgrade Java or install the third party package, reconfigure and recompile.
Because:
Element <entity name="MicaLeds" class="ptolemy.domains.ptinyos.lib.MicaLeds"> caused an exception to be thrown.
  in .CntToLedsAndRfm
Because:
Cannot find class: ptolemy.domains.ptinyos.lib.MicaLeds. In Ptolemy, classes are typically Java .class files. Entities like actors may instead be defined within a .xml file.  In any case, the class was not found. If the class uses a third party package, then the class would be present only if the third party package was found at compile time.  It may be necessary to upgrade Java or install the third party package, reconfigure and recompile.
Because:
-- /home/travis/build/icyphy/ptII/ptolemy/actor/ptalon/demo/ptinyos/SendAndReceiveCnt/ptolemy/domains/ptinyos/lib/MicaLeds.xml (No such file or directory)
-- XML file not found relative to classpath.
-- /home/travis/build/icyphy/ptII/ptolemy/vergil/basic/export/test/ptolemy/domains/ptinyos/lib/MicaLeds.xml
/home/travis/build/icyphy/ptII/ptolemy/vergil/basic/export/test/ptolemy/domains/ptinyos/lib/MicaLeds.xml (No such file or directory)
 in file:/home/travis/build/icyphy/ptII/ptolemy/actor/ptalon/demo/ptinyos/SendAndReceiveCnt/CntToLedsAndRfm.xml at line 132 and column 63
	at ptolemy.moml.SimpleErrorHandler.handleError(SimpleErrorHandler.java:75)
	at ptolemy.moml.MoMLParser.startElement(MoMLParser.java:3805)
	at com.microstar.xml.XmlParser.parseElement(XmlParser.java:931)
	at com.microstar.xml.XmlParser.parseDocument(XmlParser.java:481)
	at com.microstar.xml.XmlParser.doParse(XmlParser.java:159)
	at com.microstar.xml.XmlParser.parse(XmlParser.java:132)
	at ptolemy.moml.MoMLParser.parse(MoMLParser.java:1660)
	at ptolemy.moml.MoMLParser.parse(MoMLParser.java:1617)
	at ptolemy.moml.MoMLParser.parse(MoMLParser.java:1792)
	at ptolemy.actor.ptalon.PtalonEvaluator.addActor(PtalonEvaluator.java:241)
	... 56 more
Caused by: ptolemy.kernel.util.IllegalActionException: Cannot find class: ptolemy.actor.ptalon.demo.ptinyos.SendAndReceiveCnt.CntToLedsAndRfm. In Ptolemy, classes are typically Java .class files. Entities like actors may instead be defined within a .xml file.  In any case, the class was not found. If the class uses a third party package, then the class would be present only if the third party package was found at compile time.  It may be necessary to upgrade Java or install the third party package, reconfigure and recompile.
Because:
Element <entity name="MicaLeds" class="ptolemy.domains.ptinyos.lib.MicaLeds"> caused an exception to be thrown.
  in .CntToLedsAndRfm
Because:
Cannot find class: ptolemy.domains.ptinyos.lib.MicaLeds. In Ptolemy, classes are typically Java .class files. Entities like actors may instead be defined within a .xml file.  In any case, the class was not found. If the class uses a third party package, then the class would be present only if the third party package was found at compile time.  It may be necessary to upgrade Java or install the third party package, reconfigure and recompile.
Because:
-- /home/travis/build/icyphy/ptII/ptolemy/actor/ptalon/demo/ptinyos/SendAndReceiveCnt/ptolemy/domains/ptinyos/lib/MicaLeds.xml (No such file or directory)
-- XML file not found relative to classpath.
-- /home/travis/build/icyphy/ptII/ptolemy/vergil/basic/export/test/ptolemy/domains/ptinyos/lib/MicaLeds.xml
/home/travis/build/icyphy/ptII/ptolemy/vergil/basic/export/test/ptolemy/domains/ptinyos/lib/MicaLeds.xml (No such file or directory)
 in file:/home/travis/build/icyphy/ptII/ptolemy/actor/ptalon/demo/ptinyos/SendAndReceiveCnt/CntToLedsAndRfm.xml at line 132 and column 63
	at ptolemy.moml.MoMLParser._createEntity(MoMLParser.java:4330)
	at ptolemy.moml.MoMLParser.startElement(MoMLParser.java:2864)
	... 64 more
Caused by: ptolemy.kernel.util.InternalErrorException: Element <entity name="MicaLeds" class="ptolemy.domains.ptinyos.lib.MicaLeds"> caused an exception to be thrown.
  in .CntToLedsAndRfm
Because:
Cannot find class: ptolemy.domains.ptinyos.lib.MicaLeds. In Ptolemy, classes are typically Java .class files. Entities like actors may instead be defined within a .xml file.  In any case, the class was not found. If the class uses a third party package, then the class would be present only if the third party package was found at compile time.  It may be necessary to upgrade Java or install the third party package, reconfigure and recompile.
Because:
-- /home/travis/build/icyphy/ptII/ptolemy/actor/ptalon/demo/ptinyos/SendAndReceiveCnt/ptolemy/domains/ptinyos/lib/MicaLeds.xml (No such file or directory)
-- XML file not found relative to classpath.
-- /home/travis/build/icyphy/ptII/ptolemy/vergil/basic/export/test/ptolemy/domains/ptinyos/lib/MicaLeds.xml
/home/travis/build/icyphy/ptII/ptolemy/vergil/basic/export/test/ptolemy/domains/ptinyos/lib/MicaLeds.xml (No such file or directory)
 in file:/home/travis/build/icyphy/ptII/ptolemy/actor/ptalon/demo/ptinyos/SendAndReceiveCnt/CntToLedsAndRfm.xml at line 132 and column 63
	at ptolemy.moml.SimpleErrorHandler.handleError(SimpleErrorHandler.java:75)
	at ptolemy.moml.MoMLParser.startElement(MoMLParser.java:3805)
	at com.microstar.xml.XmlParser.parseElement(XmlParser.java:921)
	at com.microstar.xml.XmlParser.parseContent(XmlParser.java:1104)
	at com.microstar.xml.XmlParser.parseElement(XmlParser.java:924)
	at com.microstar.xml.XmlParser.parseDocument(XmlParser.java:481)
	at com.microstar.xml.XmlParser.doParse(XmlParser.java:159)
	at com.microstar.xml.XmlParser.parse(XmlParser.java:132)
	at ptolemy.moml.MoMLParser.parse(MoMLParser.java:1676)
	at ptolemy.moml.MoMLParser.parse(MoMLParser.java:1595)
	at ptolemy.moml.MoMLParser.parse(MoMLParser.java:1537)
	at ptolemy.moml.MoMLParser._findOrParse(MoMLParser.java:5286)
	at ptolemy.moml.MoMLParser._attemptToFindMoMLClass(MoMLParser.java:4075)
	at ptolemy.moml.MoMLParser._createEntity(MoMLParser.java:4323)
	... 65 more
Caused by: ptolemy.kernel.util.IllegalActionException: Cannot find class: ptolemy.domains.ptinyos.lib.MicaLeds. In Ptolemy, classes are typically Java .class files. Entities like actors may instead be defined within a .xml file.  In any case, the class was not found. If the class uses a third party package, then the class would be present only if the third party package was found at compile time.  It may be necessary to upgrade Java or install the third party package, reconfigure and recompile.
Because:
-- /home/travis/build/icyphy/ptII/ptolemy/actor/ptalon/demo/ptinyos/SendAndReceiveCnt/ptolemy/domains/ptinyos/lib/MicaLeds.xml (No such file or directory)
-- XML file not found relative to classpath.
-- /home/travis/build/icyphy/ptII/ptolemy/vergil/basic/export/test/ptolemy/domains/ptinyos/lib/MicaLeds.xml
/home/travis/build/icyphy/ptII/ptolemy/vergil/basic/export/test/ptolemy/domains/ptinyos/lib/MicaLeds.xml (No such file or directory)
 in file:/home/travis/build/icyphy/ptII/ptolemy/actor/ptalon/demo/ptinyos/SendAndReceiveCnt/CntToLedsAndRfm.xml at line 132 and column 63
	at ptolemy.moml.MoMLParser._createEntity(MoMLParser.java:4330)
	at ptolemy.moml.MoMLParser.startElement(MoMLParser.java:2864)
	... 77 more
Caused by: com.microstar.xml.XmlException: -- /home/travis/build/icyphy/ptII/ptolemy/actor/ptalon/demo/ptinyos/SendAndReceiveCnt/ptolemy/domains/ptinyos/lib/MicaLeds.xml (No such file or directory)
-- XML file not found relative to classpath.
-- /home/travis/build/icyphy/ptII/ptolemy/vergil/basic/export/test/ptolemy/domains/ptinyos/lib/MicaLeds.xml
/home/travis/build/icyphy/ptII/ptolemy/vergil/basic/export/test/ptolemy/domains/ptinyos/lib/MicaLeds.xml (No such file or directory)
 in file:/home/travis/build/icyphy/ptII/ptolemy/actor/ptalon/demo/ptinyos/SendAndReceiveCnt/CntToLedsAndRfm.xml at line 132 and column 63
	at ptolemy.moml.MoMLParser.fileNameToURL(MoMLParser.java:1414)
	at ptolemy.moml.MoMLParser._findOrParse(MoMLParser.java:5283)
	at ptolemy.moml.MoMLParser._attemptToFindMoMLClass(MoMLParser.java:4075)
	at ptolemy.moml.MoMLParser._createEntity(MoMLParser.java:4323)
	... 78 more
Caused by: ptolemy.actor.ptalon.PtalonRuntimeException: Unable to add actor null
	at ptolemy.actor.ptalon.PtalonEvaluator.addActor(PtalonEvaluator.java:300)
	at ptolemy.actor.ptalon.PtalonPopulator.actor_declaration(PtalonPopulator.java:1574)
	at ptolemy.actor.ptalon.PtalonPopulator.atomic_statement(PtalonPopulator.java:1638)
	at ptolemy.actor.ptalon.PtalonPopulator.iterative_statement_evaluator(PtalonPopulator.java:2484)
	at ptolemy.actor.ptalon.AbstractPtalonEvaluator$IfTree.evaluateForScope(AbstractPtalonEvaluator.java:1307)
	at ptolemy.actor.ptalon.AbstractPtalonEvaluator.evaluateForScope(AbstractPtalonEvaluator.java:744)
	at ptolemy.actor.ptalon.PtalonPopulator.iterative_statement(PtalonPopulator.java:2363)
	at ptolemy.actor.ptalon.PtalonPopulator.actor_definition(PtalonPopulator.java:2809)
	at ptolemy.actor.ptalon.PtalonActor.attributeChanged(PtalonActor.java:206)
	at ptolemy.actor.ptalon.PtalonMLHandler.startElement(PtalonMLHandler.java:134)
	at com.microstar.xml.XmlParser.parseElement(XmlParser.java:921)
	at com.microstar.xml.XmlParser.parseContent(XmlParser.java:1104)
	at com.microstar.xml.XmlParser.parseElement(XmlParser.java:924)
	at com.microstar.xml.XmlParser.parseDocument(XmlParser.java:481)
	at com.microstar.xml.XmlParser.doParse(XmlParser.java:159)
	at com.microstar.xml.XmlParser.parse(XmlParser.java:132)
	at ptolemy.actor.ptalon.PtalonActor.configure(PtalonActor.java:240)
	at ptolemy.moml.MoMLParser.endElement(MoMLParser.java:996)
	at com.microstar.xml.XmlParser.parseETag(XmlParser.java:1026)
	at com.microstar.xml.XmlParser.parseContent(XmlParser.java:1098)
	at com.microstar.xml.XmlParser.parseElement(XmlParser.java:924)
	at com.microstar.xml.XmlParser.parseContent(XmlParser.java:1104)
	at com.microstar.xml.XmlParser.parseElement(XmlParser.java:924)
	at com.microstar.xml.XmlParser.parseContent(XmlParser.java:1104)
	at com.microstar.xml.XmlParser.parseElement(XmlParser.java:924)
	at com.microstar.xml.XmlParser.parseDocument(XmlParser.java:481)
	at com.microstar.xml.XmlParser.doParse(XmlParser.java:159)
	at com.microstar.xml.XmlParser.parse(XmlParser.java:132)
	at ptolemy.moml.MoMLParser.parse(MoMLParser.java:1676)
	at ptolemy.moml.MoMLParser.parse(MoMLParser.java:1595)
	at ptolemy.moml.MoMLParser.parse(MoMLParser.java:1537)
	at ptolemy.actor.gui.PtolemyEffigy$Factory.createEffigy(PtolemyEffigy.java:424)
	at ptolemy.actor.gui.EffigyFactory.createEffigy(EffigyFactory.java:234)
	at ptolemy.actor.gui.Configuration.openModel(Configuration.java:1125)
	at ptolemy.actor.gui.Configuration.openModel(Configuration.java:1051)
	at ptolemy.actor.gui.ConfigurationApplication._openModel(ConfigurationApplication.java:1252)
	at ptolemy.actor.gui.ConfigurationApplication._parseArg(ConfigurationApplication.java:1399)
	at ptolemy.actor.gui.ConfigurationApplication._parseArgs(ConfigurationApplication.java:1478)
	at ptolemy.actor.gui.ConfigurationApplication.<init>(ConfigurationApplication.java:277)
	at ptolemy.actor.gui.ConfigurationApplication.<init>(ConfigurationApplication.java:214)
	at ptolemy.actor.gui.ConfigurationApplication.<init>(ConfigurationApplication.java:201)
	at ptolemy.actor.gui.ConfigurationApplication.openModelOrEntity(ConfigurationApplication.java:680)
	at ptolemy.vergil.basic.export.ExportModel$1.run(ExportModel.java:220)
	at java.awt.event.InvocationEvent.dispatch(InvocationEvent.java:301)
	at java.awt.EventQueue.dispatchEventImpl(EventQueue.java:756)
	at java.awt.EventQueue.access$500(EventQueue.java:97)
	at java.awt.EventQueue$3.run(EventQueue.java:709)
	at java.awt.EventQueue$3.run(EventQueue.java:703)
	at java.security.AccessController.doPrivileged(Native Method)
	at java.security.ProtectionDomain$JavaSecurityAccessImpl.doIntersectionPrivilege(ProtectionDomain.java:80)
	at java.awt.EventQueue.dispatchEvent(EventQueue.java:726)
	at java.awt.EventDispatchThread.pumpOneEventForFilters(EventDispatchThread.java:201)
	at java.awt.EventDispatchThread.pumpEventsForFilter(EventDispatchThread.java:116)
	at java.awt.EventDispatchThread.pumpEventsForHierarchy(EventDispatchThread.java:105)
	at java.awt.EventDispatchThread.pumpEvents(EventDispatchThread.java:101)
	at java.awt.EventDispatchThread.pumpEvents(EventDispatchThread.java:93)
	at java.awt.EventDispatchThread.run(EventDispatchThread.java:82)
Caused by: ptolemy.kernel.util.InternalErrorException: Element <entity name="sender1" class="ptolemy.actor.ptalon.demo.ptinyos.SendAndReceiveCnt.CntToLedsAndRfm"> caused an exception to be thrown.
  in .SendAndReceiveCnt.SendAndReceiveCnt
Because:
Cannot find class: ptolemy.actor.ptalon.demo.ptinyos.SendAndReceiveCnt.CntToLedsAndRfm. In Ptolemy, classes are typically Java .class files. Entities like actors may instead be defined within a .xml file.  In any case, the class was not found. If the class uses a third party package, then the class would be present only if the third party package was found at compile time.  It may be necessary to upgrade Java or install the third party package, reconfigure and recompile.
Because:
Element <entity name="MicaLeds" class="ptolemy.domains.ptinyos.lib.MicaLeds"> caused an exception to be thrown.
  in .CntToLedsAndRfm
Because:
Cannot find class: ptolemy.domains.ptinyos.lib.MicaLeds. In Ptolemy, classes are typically Java .class files. Entities like actors may instead be defined within a .xml file.  In any case, the class was not found. If the class uses a third party package, then the class would be present only if the third party package was found at compile time.  It may be necessary to upgrade Java or install the third party package, reconfigure and recompile.
Because:
-- /home/travis/build/icyphy/ptII/ptolemy/actor/ptalon/demo/ptinyos/SendAndReceiveCnt/ptolemy/domains/ptinyos/lib/MicaLeds.xml (No such file or directory)
-- XML file not found relative to classpath.
-- /home/travis/build/icyphy/ptII/ptolemy/vergil/basic/export/test/ptolemy/domains/ptinyos/lib/MicaLeds.xml
/home/travis/build/icyphy/ptII/ptolemy/vergil/basic/export/test/ptolemy/domains/ptinyos/lib/MicaLeds.xml (No such file or directory)
 in file:/home/travis/build/icyphy/ptII/ptolemy/actor/ptalon/demo/ptinyos/SendAndReceiveCnt/CntToLedsAndRfm.xml at line 132 and column 63
	at ptolemy.moml.SimpleErrorHandler.handleError(SimpleErrorHandler.java:75)
	at ptolemy.moml.MoMLParser.startElement(MoMLParser.java:3805)
	at com.microstar.xml.XmlParser.parseElement(XmlParser.java:931)
	at com.microstar.xml.XmlParser.parseDocument(XmlParser.java:481)
	at com.microstar.xml.XmlParser.doParse(XmlParser.java:159)
	at com.microstar.xml.XmlParser.parse(XmlParser.java:132)
	at ptolemy.moml.MoMLParser.parse(MoMLParser.java:1660)
	at ptolemy.moml.MoMLParser.parse(MoMLParser.java:1617)
	at ptolemy.moml.MoMLParser.parse(MoMLParser.java:1792)
	at ptolemy.actor.ptalon.PtalonEvaluator.addActor(PtalonEvaluator.java:241)
	... 56 more
Caused by: ptolemy.kernel.util.IllegalActionException: Cannot find class: ptolemy.actor.ptalon.demo.ptinyos.SendAndReceiveCnt.CntToLedsAndRfm. In Ptolemy, classes are typically Java .class files. Entities like actors may instead be defined within a .xml file.  In any case, the class was not found. If the class uses a third party package, then the class would be present only if the third party package was found at compile time.  It may be necessary to upgrade Java or install the third party package, reconfigure and recompile.
Because:
Element <entity name="MicaLeds" class="ptolemy.domains.ptinyos.lib.MicaLeds"> caused an exception to be thrown.
  in .CntToLedsAndRfm
Because:
Cannot find class: ptolemy.domains.ptinyos.lib.MicaLeds. In Ptolemy, classes are typically Java .class files. Entities like actors may instead be defined within a .xml file.  In any case, the class was not found. If the class uses a third party package, then the class would be present only if the third party package was found at compile time.  It may be necessary to upgrade Java or install the third party package, reconfigure and recompile.
Because:
-- /home/travis/build/icyphy/ptII/ptolemy/actor/ptalon/demo/ptinyos/SendAndReceiveCnt/ptolemy/domains/ptinyos/lib/MicaLeds.xml (No such file or directory)
-- XML file not found relative to classpath.
-- /home/travis/build/icyphy/ptII/ptolemy/vergil/basic/export/test/ptolemy/domains/ptinyos/lib/MicaLeds.xml
/home/travis/build/icyphy/ptII/ptolemy/vergil/basic/export/test/ptolemy/domains/ptinyos/lib/MicaLeds.xml (No such file or directory)
 in file:/home/travis/build/icyphy/ptII/ptolemy/actor/ptalon/demo/ptinyos/SendAndReceiveCnt/CntToLedsAndRfm.xml at line 132 and column 63
	at ptolemy.moml.MoMLParser._createEntity(MoMLParser.java:4330)
	at ptolemy.moml.MoMLParser.startElement(MoMLParser.java:2864)
	... 64 more
Caused by: ptolemy.kernel.util.InternalErrorException: Element <entity name="MicaLeds" class="ptolemy.domains.ptinyos.lib.MicaLeds"> caused an exception to be thrown.
  in .CntToLedsAndRfm
Because:
Cannot find class: ptolemy.domains.ptinyos.lib.MicaLeds. In Ptolemy, classes are typically Java .class files. Entities like actors may instead be defined within a .xml file.  In any case, the class was not found. If the class uses a third party package, then the class would be present only if the third party package was found at compile time.  It may be necessary to upgrade Java or install the third party package, reconfigure and recompile.
Because:
-- /home/travis/build/icyphy/ptII/ptolemy/actor/ptalon/demo/ptinyos/SendAndReceiveCnt/ptolemy/domains/ptinyos/lib/MicaLeds.xml (No such file or directory)
-- XML file not found relative to classpath.
-- /home/travis/build/icyphy/ptII/ptolemy/vergil/basic/export/test/ptolemy/domains/ptinyos/lib/MicaLeds.xml
/home/travis/build/icyphy/ptII/ptolemy/vergil/basic/export/test/ptolemy/domains/ptinyos/lib/MicaLeds.xml (No such file or directory)
 in file:/home/travis/build/icyphy/ptII/ptolemy/actor/ptalon/demo/ptinyos/SendAndReceiveCnt/CntToLedsAndRfm.xml at line 132 and column 63
	at ptolemy.moml.SimpleErrorHandler.handleError(SimpleErrorHandler.java:75)
	at ptolemy.moml.MoMLParser.startElement(MoMLParser.java:3805)
	at com.microstar.xml.XmlParser.parseElement(XmlParser.java:921)
	at com.microstar.xml.XmlParser.parseContent(XmlParser.java:1104)
	at com.microstar.xml.XmlParser.parseElement(XmlParser.java:924)
	at com.microstar.xml.XmlParser.parseDocument(XmlParser.java:481)
	at com.microstar.xml.XmlParser.doParse(XmlParser.java:159)
	at com.microstar.xml.XmlParser.parse(XmlParser.java:132)
	at ptolemy.moml.MoMLParser.parse(MoMLParser.java:1676)
	at ptolemy.moml.MoMLParser.parse(MoMLParser.java:1595)
	at ptolemy.moml.MoMLParser.parse(MoMLParser.java:1537)
	at ptolemy.moml.MoMLParser._findOrParse(MoMLParser.java:5286)
	at ptolemy.moml.MoMLParser._attemptToFindMoMLClass(MoMLParser.java:4075)
	at ptolemy.moml.MoMLParser._createEntity(MoMLParser.java:4323)
	... 65 more
Caused by: ptolemy.kernel.util.IllegalActionException: Cannot find class: ptolemy.domains.ptinyos.lib.MicaLeds. In Ptolemy, classes are typically Java .class files. Entities like actors may instead be defined within a .xml file.  In any case, the class was not found. If the class uses a third party package, then the class would be present only if the third party package was found at compile time.  It may be necessary to upgrade Java or install the third party package, reconfigure and recompile.
Because:
-- /home/travis/build/icyphy/ptII/ptolemy/actor/ptalon/demo/ptinyos/SendAndReceiveCnt/ptolemy/domains/ptinyos/lib/MicaLeds.xml (No such file or directory)
-- XML file not found relative to classpath.
-- /home/travis/build/icyphy/ptII/ptolemy/vergil/basic/export/test/ptolemy/domains/ptinyos/lib/MicaLeds.xml
/home/travis/build/icyphy/ptII/ptolemy/vergil/basic/export/test/ptolemy/domains/ptinyos/lib/MicaLeds.xml (No such file or directory)
 in file:/home/travis/build/icyphy/ptII/ptolemy/actor/ptalon/demo/ptinyos/SendAndReceiveCnt/CntToLedsAndRfm.xml at line 132 and column 63
	at ptolemy.moml.MoMLParser._createEntity(MoMLParser.java:4330)
	at ptolemy.moml.MoMLParser.startElement(MoMLParser.java:2864)
	... 77 more
Caused by: com.microstar.xml.XmlException: -- /home/travis/build/icyphy/ptII/ptolemy/actor/ptalon/demo/ptinyos/SendAndReceiveCnt/ptolemy/domains/ptinyos/lib/MicaLeds.xml (No such file or directory)
-- XML file not found relative to classpath.
-- /home/travis/build/icyphy/ptII/ptolemy/vergil/basic/export/test/ptolemy/domains/ptinyos/lib/MicaLeds.xml
/home/travis/build/icyphy/ptII/ptolemy/vergil/basic/export/test/ptolemy/domains/ptinyos/lib/MicaLeds.xml (No such file or directory)
 in file:/home/travis/build/icyphy/ptII/ptolemy/actor/ptalon/demo/ptinyos/SendAndReceiveCnt/CntToLedsAndRfm.xml at line 132 and column 63
	at ptolemy.moml.MoMLParser.fileNameToURL(MoMLParser.java:1414)
	at ptolemy.moml.MoMLParser._findOrParse(MoMLParser.java:5283)
	at ptolemy.moml.MoMLParser._attemptToFindMoMLClass(MoMLParser.java:4075)
	at ptolemy.moml.MoMLParser._createEntity(MoMLParser.java:4323)
	... 78 more
Failed to read file:/home/travis/build/icyphy/ptII/ptolemy/actor/ptalon/demo/ptinyos/SendAndReceiveCnt/SendAndReceiveCnt.xml
ptolemy.kernel.util.IllegalActionException: Failed to process attribute change to PtalonParameter, whose value is "ptolemy.actor.ptalon.PtalonExpressionParameter {.SendAndReceiveCnt.SendAndReceiveCnt.channelName} "AtomicWirelessChannel"".
  in .SendAndReceiveCnt.SendAndReceiveCnt
Because:
Unable to add actor null
	at ptolemy.actor.ptalon.PtalonActor.attributeChanged(PtalonActor.java:211)
	at ptolemy.actor.ptalon.PtalonMLHandler.startElement(PtalonMLHandler.java:134)
	at com.microstar.xml.XmlParser.parseElement(XmlParser.java:921)
	at com.microstar.xml.XmlParser.parseContent(XmlParser.java:1104)
	at com.microstar.xml.XmlParser.parseElement(XmlParser.java:924)
	at com.microstar.xml.XmlParser.parseDocument(XmlParser.java:481)
	at com.microstar.xml.XmlParser.doParse(XmlParser.java:159)
	at com.microstar.xml.XmlParser.parse(XmlParser.java:132)
	at ptolemy.actor.ptalon.PtalonActor.configure(PtalonActor.java:240)
	at ptolemy.moml.MoMLParser.endElement(MoMLParser.java:996)
	at com.microstar.xml.XmlParser.parseETag(XmlParser.java:1026)
	at com.microstar.xml.XmlParser.parseContent(XmlParser.java:1098)
	at com.microstar.xml.XmlParser.parseElement(XmlParser.java:924)
	at com.microstar.xml.XmlParser.parseContent(XmlParser.java:1104)
	at com.microstar.xml.XmlParser.parseElement(XmlParser.java:924)
	at com.microstar.xml.XmlParser.parseContent(XmlParser.java:1104)
	at com.microstar.xml.XmlParser.parseElement(XmlParser.java:924)
	at com.microstar.xml.XmlParser.parseDocument(XmlParser.java:481)
	at com.microstar.xml.XmlParser.doParse(XmlParser.java:159)
	at com.microstar.xml.XmlParser.parse(XmlParser.java:132)
	at ptolemy.moml.MoMLParser.parse(MoMLParser.java:1676)
	at ptolemy.moml.MoMLParser.parse(MoMLParser.java:1595)
	at ptolemy.moml.MoMLParser.parse(MoMLParser.java:1537)
	at ptolemy.actor.gui.PtolemyEffigy$Factory.createEffigy(PtolemyEffigy.java:424)
	at ptolemy.actor.gui.EffigyFactory.createEffigy(EffigyFactory.java:234)
	at ptolemy.actor.gui.Configuration.openModel(Configuration.java:1125)
	at ptolemy.actor.gui.Configuration.openModel(Configuration.java:1051)
	at ptolemy.actor.gui.ConfigurationApplication._openModel(ConfigurationApplication.java:1252)
	at ptolemy.actor.gui.ConfigurationApplication._parseArg(ConfigurationApplication.java:1399)
	at ptolemy.actor.gui.ConfigurationApplication._parseArgs(ConfigurationApplication.java:1478)
	at ptolemy.actor.gui.ConfigurationApplication.<init>(ConfigurationApplication.java:277)
	at ptolemy.actor.gui.ConfigurationApplication.<init>(ConfigurationApplication.java:214)
	at ptolemy.actor.gui.ConfigurationApplication.<init>(ConfigurationApplication.java:201)
	at ptolemy.actor.gui.ConfigurationApplication.openModelOrEntity(ConfigurationApplication.java:680)
	at ptolemy.vergil.basic.export.ExportModel$1.run(ExportModel.java:220)
	at java.awt.event.InvocationEvent.dispatch(InvocationEvent.java:301)
	at java.awt.EventQueue.dispatchEventImpl(EventQueue.java:756)
	at java.awt.EventQueue.access$500(EventQueue.java:97)
	at java.awt.EventQueue$3.run(EventQueue.java:709)
	at java.awt.EventQueue$3.run(EventQueue.java:703)
	at java.security.AccessController.doPrivileged(Native Method)
	at java.security.ProtectionDomain$JavaSecurityAccessImpl.doIntersectionPrivilege(ProtectionDomain.java:80)
	at java.awt.EventQueue.dispatchEvent(EventQueue.java:726)
	at java.awt.EventDispatchThread.pumpOneEventForFilters(EventDispatchThread.java:201)
	at java.awt.EventDispatchThread.pumpEventsForFilter(EventDispatchThread.java:116)
	at java.awt.EventDispatchThread.pumpEventsForHierarchy(EventDispatchThread.java:105)
	at java.awt.EventDispatchThread.pumpEvents(EventDispatchThread.java:101)
	at java.awt.EventDispatchThread.pumpEvents(EventDispatchThread.java:93)
	at java.awt.EventDispatchThread.run(EventDispatchThread.java:82)
Caused by: ptolemy.actor.ptalon.PtalonRuntimeException: Unable to add actor null
	at ptolemy.actor.ptalon.PtalonEvaluator.addActor(PtalonEvaluator.java:300)
	at ptolemy.actor.ptalon.PtalonPopulator.actor_declaration(PtalonPopulator.java:1574)
	at ptolemy.actor.ptalon.PtalonPopulator.atomic_statement(PtalonPopulator.java:1638)
	at ptolemy.actor.ptalon.PtalonPopulator.iterative_statement_evaluator(PtalonPopulator.java:2484)
	at ptolemy.actor.ptalon.AbstractPtalonEvaluator$IfTree.evaluateForScope(AbstractPtalonEvaluator.java:1307)
	at ptolemy.actor.ptalon.AbstractPtalonEvaluator.evaluateForScope(AbstractPtalonEvaluator.java:744)
	at ptolemy.actor.ptalon.PtalonPopulator.iterative_statement(PtalonPopulator.java:2363)
	at ptolemy.actor.ptalon.PtalonPopulator.actor_definition(PtalonPopulator.java:2809)
	at ptolemy.actor.ptalon.PtalonActor.attributeChanged(PtalonActor.java:206)
	... 48 more
Caused by: ptolemy.kernel.util.InternalErrorException: Element <entity name="sender1" class="ptolemy.actor.ptalon.demo.ptinyos.SendAndReceiveCnt.CntToLedsAndRfm"> caused an exception to be thrown.
  in .SendAndReceiveCnt.SendAndReceiveCnt
Because:
Cannot find class: ptolemy.actor.ptalon.demo.ptinyos.SendAndReceiveCnt.CntToLedsAndRfm. In Ptolemy, classes are typically Java .class files. Entities like actors may instead be defined within a .xml file.  In any case, the class was not found. If the class uses a third party package, then the class would be present only if the third party package was found at compile time.  It may be necessary to upgrade Java or install the third party package, reconfigure and recompile.
Because:
Element <entity name="MicaLeds" class="ptolemy.domains.ptinyos.lib.MicaLeds"> caused an exception to be thrown.
  in .CntToLedsAndRfm
Because:
Cannot find class: ptolemy.domains.ptinyos.lib.MicaLeds. In Ptolemy, classes are typically Java .class files. Entities like actors may instead be defined within a .xml file.  In any case, the class was not found. If the class uses a third party package, then the class would be present only if the third party package was found at compile time.  It may be necessary to upgrade Java or install the third party package, reconfigure and recompile.
Because:
-- /home/travis/build/icyphy/ptII/ptolemy/actor/ptalon/demo/ptinyos/SendAndReceiveCnt/ptolemy/domains/ptinyos/lib/MicaLeds.xml (No such file or directory)
-- XML file not found relative to classpath.
-- /home/travis/build/icyphy/ptII/ptolemy/vergil/basic/export/test/ptolemy/domains/ptinyos/lib/MicaLeds.xml
/home/travis/build/icyphy/ptII/ptolemy/vergil/basic/export/test/ptolemy/domains/ptinyos/lib/MicaLeds.xml (No such file or directory)
 in file:/home/travis/build/icyphy/ptII/ptolemy/actor/ptalon/demo/ptinyos/SendAndReceiveCnt/CntToLedsAndRfm.xml at line 132 and column 63
	at ptolemy.moml.SimpleErrorHandler.handleError(SimpleErrorHandler.java:75)
	at ptolemy.moml.MoMLParser.startElement(MoMLParser.java:3805)
	at com.microstar.xml.XmlParser.parseElement(XmlParser.java:931)
	at com.microstar.xml.XmlParser.parseDocument(XmlParser.java:481)
	at com.microstar.xml.XmlParser.doParse(XmlParser.java:159)
	at com.microstar.xml.XmlParser.parse(XmlParser.java:132)
	at ptolemy.moml.MoMLParser.parse(MoMLParser.java:1660)
	at ptolemy.moml.MoMLParser.parse(MoMLParser.java:1617)
	at ptolemy.moml.MoMLParser.parse(MoMLParser.java:1792)
	at ptolemy.actor.ptalon.PtalonEvaluator.addActor(PtalonEvaluator.java:241)
	... 56 more
Caused by: ptolemy.kernel.util.IllegalActionException: Cannot find class: ptolemy.actor.ptalon.demo.ptinyos.SendAndReceiveCnt.CntToLedsAndRfm. In Ptolemy, classes are typically Java .class files. Entities like actors may instead be defined within a .xml file.  In any case, the class was not found. If the class uses a third party package, then the class would be present only if the third party package was found at compile time.  It may be necessary to upgrade Java or install the third party package, reconfigure and recompile.
Because:
Element <entity name="MicaLeds" class="ptolemy.domains.ptinyos.lib.MicaLeds"> caused an exception to be thrown.
  in .CntToLedsAndRfm
Because:
Cannot find class: ptolemy.domains.ptinyos.lib.MicaLeds. In Ptolemy, classes are typically Java .class files. Entities like actors may instead be defined within a .xml file.  In any case, the class was not found. If the class uses a third party package, then the class would be present only if the third party package was found at compile time.  It may be necessary to upgrade Java or install the third party package, reconfigure and recompile.
Because:
-- /home/travis/build/icyphy/ptII/ptolemy/actor/ptalon/demo/ptinyos/SendAndReceiveCnt/ptolemy/domains/ptinyos/lib/MicaLeds.xml (No such file or directory)
-- XML file not found relative to classpath.
-- /home/travis/build/icyphy/ptII/ptolemy/vergil/basic/export/test/ptolemy/domains/ptinyos/lib/MicaLeds.xml
/home/travis/build/icyphy/ptII/ptolemy/vergil/basic/export/test/ptolemy/domains/ptinyos/lib/MicaLeds.xml (No such file or directory)
 in file:/home/travis/build/icyphy/ptII/ptolemy/actor/ptalon/demo/ptinyos/SendAndReceiveCnt/CntToLedsAndRfm.xml at line 132 and column 63
	at ptolemy.moml.MoMLParser._createEntity(MoMLParser.java:4330)
	at ptolemy.moml.MoMLParser.startElement(MoMLParser.java:2864)
	... 64 more
Caused by: ptolemy.kernel.util.InternalErrorException: Element <entity name="MicaLeds" class="ptolemy.domains.ptinyos.lib.MicaLeds"> caused an exception to be thrown.
  in .CntToLedsAndRfm
Because:
Cannot find class: ptolemy.domains.ptinyos.lib.MicaLeds. In Ptolemy, classes are typically Java .class files. Entities like actors may instead be defined within a .xml file.  In any case, the class was not found. If the class uses a third party package, then the class would be present only if the third party package was found at compile time.  It may be necessary to upgrade Java or install the third party package, reconfigure and recompile.
Because:
-- /home/travis/build/icyphy/ptII/ptolemy/actor/ptalon/demo/ptinyos/SendAndReceiveCnt/ptolemy/domains/ptinyos/lib/MicaLeds.xml (No such file or directory)
-- XML file not found relative to classpath.
-- /home/travis/build/icyphy/ptII/ptolemy/vergil/basic/export/test/ptolemy/domains/ptinyos/lib/MicaLeds.xml
/home/travis/build/icyphy/ptII/ptolemy/vergil/basic/export/test/ptolemy/domains/ptinyos/lib/MicaLeds.xml (No such file or directory)
 in file:/home/travis/build/icyphy/ptII/ptolemy/actor/ptalon/demo/ptinyos/SendAndReceiveCnt/CntToLedsAndRfm.xml at line 132 and column 63
	at ptolemy.moml.SimpleErrorHandler.handleError(SimpleErrorHandler.java:75)
	at ptolemy.moml.MoMLParser.startElement(MoMLParser.java:3805)
	at com.microstar.xml.XmlParser.parseElement(XmlParser.java:921)
	at com.microstar.xml.XmlParser.parseContent(XmlParser.java:1104)
	at com.microstar.xml.XmlParser.parseElement(XmlParser.java:924)
	at com.microstar.xml.XmlParser.parseDocument(XmlParser.java:481)
	at com.microstar.xml.XmlParser.doParse(XmlParser.java:159)
	at com.microstar.xml.XmlParser.parse(XmlParser.java:132)
	at ptolemy.moml.MoMLParser.parse(MoMLParser.java:1676)
	at ptolemy.moml.MoMLParser.parse(MoMLParser.java:1595)
	at ptolemy.moml.MoMLParser.parse(MoMLParser.java:1537)
	at ptolemy.moml.MoMLParser._findOrParse(MoMLParser.java:5286)
	at ptolemy.moml.MoMLParser._attemptToFindMoMLClass(MoMLParser.java:4075)
	at ptolemy.moml.MoMLParser._createEntity(MoMLParser.java:4323)
	... 65 more
Caused by: ptolemy.kernel.util.IllegalActionException: Cannot find class: ptolemy.domains.ptinyos.lib.MicaLeds. In Ptolemy, classes are typically Java .class files. Entities like actors may instead be defined within a .xml file.  In any case, the class was not found. If the class uses a third party package, then the class would be present only if the third party package was found at compile time.  It may be necessary to upgrade Java or install the third party package, reconfigure and recompile.
Because:
-- /home/travis/build/icyphy/ptII/ptolemy/actor/ptalon/demo/ptinyos/SendAndReceiveCnt/ptolemy/domains/ptinyos/lib/MicaLeds.xml (No such file or directory)
-- XML file not found relative to classpath.
-- /home/travis/build/icyphy/ptII/ptolemy/vergil/basic/export/test/ptolemy/domains/ptinyos/lib/MicaLeds.xml
/home/travis/build/icyphy/ptII/ptolemy/vergil/basic/export/test/ptolemy/domains/ptinyos/lib/MicaLeds.xml (No such file or directory)
 in file:/home/travis/build/icyphy/ptII/ptolemy/actor/ptalon/demo/ptinyos/SendAndReceiveCnt/CntToLedsAndRfm.xml at line 132 and column 63
	at ptolemy.moml.MoMLParser._createEntity(MoMLParser.java:4330)
	at ptolemy.moml.MoMLParser.startElement(MoMLParser.java:2864)
	... 77 more
Caused by: com.microstar.xml.XmlException: -- /home/travis/build/icyphy/ptII/ptolemy/actor/ptalon/demo/ptinyos/SendAndReceiveCnt/ptolemy/domains/ptinyos/lib/MicaLeds.xml (No such file or directory)
-- XML file not found relative to classpath.
-- /home/travis/build/icyphy/ptII/ptolemy/vergil/basic/export/test/ptolemy/domains/ptinyos/lib/MicaLeds.xml
/home/travis/build/icyphy/ptII/ptolemy/vergil/basic/export/test/ptolemy/domains/ptinyos/lib/MicaLeds.xml (No such file or directory)
 in file:/home/travis/build/icyphy/ptII/ptolemy/actor/ptalon/demo/ptinyos/SendAndReceiveCnt/CntToLedsAndRfm.xml at line 132 and column 63
	at ptolemy.moml.MoMLParser.fileNameToURL(MoMLParser.java:1414)
	at ptolemy.moml.MoMLParser._findOrParse(MoMLParser.java:5283)
	at ptolemy.moml.MoMLParser._attemptToFindMoMLClass(MoMLParser.java:4075)
	at ptolemy.moml.MoMLParser._createEntity(MoMLParser.java:4323)
	... 78 more
Caused by: ptolemy.actor.ptalon.PtalonRuntimeException: Unable to add actor null
	at ptolemy.actor.ptalon.PtalonEvaluator.addActor(PtalonEvaluator.java:300)
	at ptolemy.actor.ptalon.PtalonPopulator.actor_declaration(PtalonPopulator.java:1574)
	at ptolemy.actor.ptalon.PtalonPopulator.atomic_statement(PtalonPopulator.java:1638)
	at ptolemy.actor.ptalon.PtalonPopulator.iterative_statement_evaluator(PtalonPopulator.java:2484)
	at ptolemy.actor.ptalon.AbstractPtalonEvaluator$IfTree.evaluateForScope(AbstractPtalonEvaluator.java:1307)
	at ptolemy.actor.ptalon.AbstractPtalonEvaluator.evaluateForScope(AbstractPtalonEvaluator.java:744)
	at ptolemy.actor.ptalon.PtalonPopulator.iterative_statement(PtalonPopulator.java:2363)
	at ptolemy.actor.ptalon.PtalonPopulator.actor_definition(PtalonPopulator.java:2809)
	at ptolemy.actor.ptalon.PtalonActor.attributeChanged(PtalonActor.java:206)
	at ptolemy.actor.ptalon.PtalonMLHandler.startElement(PtalonMLHandler.java:134)
	at com.microstar.xml.XmlParser.parseElement(XmlParser.java:921)
	at com.microstar.xml.XmlParser.parseContent(XmlParser.java:1104)
	at com.microstar.xml.XmlParser.parseElement(XmlParser.java:924)
	at com.microstar.xml.XmlParser.parseDocument(XmlParser.java:481)
	at com.microstar.xml.XmlParser.doParse(XmlParser.java:159)
	at com.microstar.xml.XmlParser.parse(XmlParser.java:132)
	at ptolemy.actor.ptalon.PtalonActor.configure(PtalonActor.java:240)
	at ptolemy.moml.MoMLParser.endElement(MoMLParser.java:996)
	at com.microstar.xml.XmlParser.parseETag(XmlParser.java:1026)
	at com.microstar.xml.XmlParser.parseContent(XmlParser.java:1098)
	at com.microstar.xml.XmlParser.parseElement(XmlParser.java:924)
	at com.microstar.xml.XmlParser.parseContent(XmlParser.java:1104)
	at com.microstar.xml.XmlParser.parseElement(XmlParser.java:924)
	at com.microstar.xml.XmlParser.parseContent(XmlParser.java:1104)
	at com.microstar.xml.XmlParser.parseElement(XmlParser.java:924)
	at com.microstar.xml.XmlParser.parseDocument(XmlParser.java:481)
	at com.microstar.xml.XmlParser.doParse(XmlParser.java:159)
	at com.microstar.xml.XmlParser.parse(XmlParser.java:132)
	at ptolemy.moml.MoMLParser.parse(MoMLParser.java:1676)
	at ptolemy.moml.MoMLParser.parse(MoMLParser.java:1595)
	at ptolemy.moml.MoMLParser.parse(MoMLParser.java:1537)
	at ptolemy.actor.gui.PtolemyEffigy$Factory.createEffigy(PtolemyEffigy.java:424)
	at ptolemy.actor.gui.EffigyFactory.createEffigy(EffigyFactory.java:234)
	at ptolemy.actor.gui.Configuration.openModel(Configuration.java:1125)
	at ptolemy.actor.gui.Configuration.openModel(Configuration.java:1051)
	at ptolemy.actor.gui.ConfigurationApplication._openModel(ConfigurationApplication.java:1252)
	at ptolemy.actor.gui.ConfigurationApplication._parseArg(ConfigurationApplication.java:1399)
	at ptolemy.actor.gui.ConfigurationApplication._parseArgs(ConfigurationApplication.java:1478)
	at ptolemy.actor.gui.ConfigurationApplication.<init>(ConfigurationApplication.java:277)
	at ptolemy.actor.gui.ConfigurationApplication.<init>(ConfigurationApplication.java:214)
	at ptolemy.actor.gui.ConfigurationApplication.<init>(ConfigurationApplication.java:201)
	at ptolemy.actor.gui.ConfigurationApplication.openModelOrEntity(ConfigurationApplication.java:680)
	at ptolemy.vergil.basic.export.ExportModel$1.run(ExportModel.java:220)
	at java.awt.event.InvocationEvent.dispatch(InvocationEvent.java:301)
	at java.awt.EventQueue.dispatchEventImpl(EventQueue.java:756)
	at java.awt.EventQueue.access$500(EventQueue.java:97)
	at java.awt.EventQueue$3.run(EventQueue.java:709)
	at java.awt.EventQueue$3.run(EventQueue.java:703)
	at java.security.AccessController.doPrivileged(Native Method)
	at java.security.ProtectionDomain$JavaSecurityAccessImpl.doIntersectionPrivilege(ProtectionDomain.java:80)
	at java.awt.EventQueue.dispatchEvent(EventQueue.java:726)
	at java.awt.EventDispatchThread.pumpOneEventForFilters(EventDispatchThread.java:201)
	at java.awt.EventDispatchThread.pumpEventsForFilter(EventDispatchThread.java:116)
	at java.awt.EventDispatchThread.pumpEventsForHierarchy(EventDispatchThread.java:105)
	at java.awt.EventDispatchThread.pumpEvents(EventDispatchThread.java:101)
	at java.awt.EventDispatchThread.pumpEvents(EventDispatchThread.java:93)
	at java.awt.EventDispatchThread.run(EventDispatchThread.java:82)
Caused by: ptolemy.kernel.util.InternalErrorException: Element <entity name="sender1" class="ptolemy.actor.ptalon.demo.ptinyos.SendAndReceiveCnt.CntToLedsAndRfm"> caused an exception to be thrown.
  in .SendAndReceiveCnt.SendAndReceiveCnt
Because:
Cannot find class: ptolemy.actor.ptalon.demo.ptinyos.SendAndReceiveCnt.CntToLedsAndRfm. In Ptolemy, classes are typically Java .class files. Entities like actors may instead be defined within a .xml file.  In any case, the class was not found. If the class uses a third party package, then the class would be present only if the third party package was found at compile time.  It may be necessary to upgrade Java or install the third party package, reconfigure and recompile.
Because:
Element <entity name="MicaLeds" class="ptolemy.domains.ptinyos.lib.MicaLeds"> caused an exception to be thrown.
  in .CntToLedsAndRfm
Because:
Cannot find class: ptolemy.domains.ptinyos.lib.MicaLeds. In Ptolemy, classes are typically Java .class files. Entities like actors may instead be defined within a .xml file.  In any case, the class was not found. If the class uses a third party package, then the class would be present only if the third party package was found at compile time.  It may be necessary to upgrade Java or install the third party package, reconfigure and recompile.
Because:
-- /home/travis/build/icyphy/ptII/ptolemy/actor/ptalon/demo/ptinyos/SendAndReceiveCnt/ptolemy/domains/ptinyos/lib/MicaLeds.xml (No such file or directory)
-- XML file not found relative to classpath.
-- /home/travis/build/icyphy/ptII/ptolemy/vergil/basic/export/test/ptolemy/domains/ptinyos/lib/MicaLeds.xml
/home/travis/build/icyphy/ptII/ptolemy/vergil/basic/export/test/ptolemy/domains/ptinyos/lib/MicaLeds.xml (No such file or directory)
 in file:/home/travis/build/icyphy/ptII/ptolemy/actor/ptalon/demo/ptinyos/SendAndReceiveCnt/CntToLedsAndRfm.xml at line 132 and column 63
	at ptolemy.moml.SimpleErrorHandler.handleError(SimpleErrorHandler.java:75)
	at ptolemy.moml.MoMLParser.startElement(MoMLParser.java:3805)
	at com.microstar.xml.XmlParser.parseElement(XmlParser.java:931)
	at com.microstar.xml.XmlParser.parseDocument(XmlParser.java:481)
	at com.microstar.xml.XmlParser.doParse(XmlParser.java:159)
	at com.microstar.xml.XmlParser.parse(XmlParser.java:132)
	at ptolemy.moml.MoMLParser.parse(MoMLParser.java:1660)
	at ptolemy.moml.MoMLParser.parse(MoMLParser.java:1617)
	at ptolemy.moml.MoMLParser.parse(MoMLParser.java:1792)
	at ptolemy.actor.ptalon.PtalonEvaluator.addActor(PtalonEvaluator.java:241)
	... 56 more
Caused by: ptolemy.kernel.util.IllegalActionException: Cannot find class: ptolemy.actor.ptalon.demo.ptinyos.SendAndReceiveCnt.CntToLedsAndRfm. In Ptolemy, classes are typically Java .class files. Entities like actors may instead be defined within a .xml file.  In any case, the class was not found. If the class uses a third party package, then the class would be present only if the third party package was found at compile time.  It may be necessary to upgrade Java or install the third party package, reconfigure and recompile.
Because:
Element <entity name="MicaLeds" class="ptolemy.domains.ptinyos.lib.MicaLeds"> caused an exception to be thrown.
  in .CntToLedsAndRfm
Because:
Cannot find class: ptolemy.domains.ptinyos.lib.MicaLeds. In Ptolemy, classes are typically Java .class files. Entities like actors may instead be defined within a .xml file.  In any case, the class was not found. If the class uses a third party package, then the class would be present only if the third party package was found at compile time.  It may be necessary to upgrade Java or install the third party package, reconfigure and recompile.
Because:
-- /home/travis/build/icyphy/ptII/ptolemy/actor/ptalon/demo/ptinyos/SendAndReceiveCnt/ptolemy/domains/ptinyos/lib/MicaLeds.xml (No such file or directory)
-- XML file not found relative to classpath.
-- /home/travis/build/icyphy/ptII/ptolemy/vergil/basic/export/test/ptolemy/domains/ptinyos/lib/MicaLeds.xml
/home/travis/build/icyphy/ptII/ptolemy/vergil/basic/export/test/ptolemy/domains/ptinyos/lib/MicaLeds.xml (No such file or directory)
 in file:/home/travis/build/icyphy/ptII/ptolemy/actor/ptalon/demo/ptinyos/SendAndReceiveCnt/CntToLedsAndRfm.xml at line 132 and column 63
	at ptolemy.moml.MoMLParser._createEntity(MoMLParser.java:4330)
	at ptolemy.moml.MoMLParser.startElement(MoMLParser.java:2864)
	... 64 more
Caused by: ptolemy.kernel.util.InternalErrorException: Element <entity name="MicaLeds" class="ptolemy.domains.ptinyos.lib.MicaLeds"> caused an exception to be thrown.
  in .CntToLedsAndRfm
Because:
Cannot find class: ptolemy.domains.ptinyos.lib.MicaLeds. In Ptolemy, classes are typically Java .class files. Entities like actors may instead be defined within a .xml file.  In any case, the class was not found. If the class uses a third party package, then the class would be present only if the third party package was found at compile time.  It may be necessary to upgrade Java or install the third party package, reconfigure and recompile.
Because:
-- /home/travis/build/icyphy/ptII/ptolemy/actor/ptalon/demo/ptinyos/SendAndReceiveCnt/ptolemy/domains/ptinyos/lib/MicaLeds.xml (No such file or directory)
-- XML file not found relative to classpath.
-- /home/travis/build/icyphy/ptII/ptolemy/vergil/basic/export/test/ptolemy/domains/ptinyos/lib/MicaLeds.xml
/home/travis/build/icyphy/ptII/ptolemy/vergil/basic/export/test/ptolemy/domains/ptinyos/lib/MicaLeds.xml (No such file or directory)
 in file:/home/travis/build/icyphy/ptII/ptolemy/actor/ptalon/demo/ptinyos/SendAndReceiveCnt/CntToLedsAndRfm.xml at line 132 and column 63
	at ptolemy.moml.SimpleErrorHandler.handleError(SimpleErrorHandler.java:75)
	at ptolemy.moml.MoMLParser.startElement(MoMLParser.java:3805)
	at com.microstar.xml.XmlParser.parseElement(XmlParser.java:921)
	at com.microstar.xml.XmlParser.parseContent(XmlParser.java:1104)
	at com.microstar.xml.XmlParser.parseElement(XmlParser.java:924)
	at com.microstar.xml.XmlParser.parseDocument(XmlParser.java:481)
	at com.microstar.xml.XmlParser.doParse(XmlParser.java:159)
	at com.microstar.xml.XmlParser.parse(XmlParser.java:132)
	at ptolemy.moml.MoMLParser.parse(MoMLParser.java:1676)
	at ptolemy.moml.MoMLParser.parse(MoMLParser.java:1595)
	at ptolemy.moml.MoMLParser.parse(MoMLParser.java:1537)
	at ptolemy.moml.MoMLParser._findOrParse(MoMLParser.java:5286)
	at ptolemy.moml.MoMLParser._attemptToFindMoMLClass(MoMLParser.java:4075)
	at ptolemy.moml.MoMLParser._createEntity(MoMLParser.java:4323)
	... 65 more
Caused by: ptolemy.kernel.util.IllegalActionException: Cannot find class: ptolemy.domains.ptinyos.lib.MicaLeds. In Ptolemy, classes are typically Java .class files. Entities like actors may instead be defined within a .xml file.  In any case, the class was not found. If the class uses a third party package, then the class would be present only if the third party package was found at compile time.  It may be necessary to upgrade Java or install the third party package, reconfigure and recompile.
Because:
-- /home/travis/build/icyphy/ptII/ptolemy/actor/ptalon/demo/ptinyos/SendAndReceiveCnt/ptolemy/domains/ptinyos/lib/MicaLeds.xml (No such file or directory)
-- XML file not found relative to classpath.
-- /home/travis/build/icyphy/ptII/ptolemy/vergil/basic/export/test/ptolemy/domains/ptinyos/lib/MicaLeds.xml
/home/travis/build/icyphy/ptII/ptolemy/vergil/basic/export/test/ptolemy/domains/ptinyos/lib/MicaLeds.xml (No such file or directory)
 in file:/home/travis/build/icyphy/ptII/ptolemy/actor/ptalon/demo/ptinyos/SendAndReceiveCnt/CntToLedsAndRfm.xml at line 132 and column 63
	at ptolemy.moml.MoMLParser._createEntity(MoMLParser.java:4330)
	at ptolemy.moml.MoMLParser.startElement(MoMLParser.java:2864)
	... 77 more
Caused by: com.microstar.xml.XmlException: -- /home/travis/build/icyphy/ptII/ptolemy/actor/ptalon/demo/ptinyos/SendAndReceiveCnt/ptolemy/domains/ptinyos/lib/MicaLeds.xml (No such file or directory)
-- XML file not found relative to classpath.
-- /home/travis/build/icyphy/ptII/ptolemy/vergil/basic/export/test/ptolemy/domains/ptinyos/lib/MicaLeds.xml
/home/travis/build/icyphy/ptII/ptolemy/vergil/basic/export/test/ptolemy/domains/ptinyos/lib/MicaLeds.xml (No such file or directory)
 in file:/home/travis/build/icyphy/ptII/ptolemy/actor/ptalon/demo/ptinyos/SendAndReceiveCnt/CntToLedsAndRfm.xml at line 132 and column 63
	at ptolemy.moml.MoMLParser.fileNameToURL(MoMLParser.java:1414)
	at ptolemy.moml.MoMLParser._findOrParse(MoMLParser.java:5283)
	at ptolemy.moml.MoMLParser._attemptToFindMoMLClass(MoMLParser.java:4075)
	at ptolemy.moml.MoMLParser._createEntity(MoMLParser.java:4323)
	... 78 more
Failed to read file:/home/travis/build/icyphy/ptII/ptolemy/actor/ptalon/demo/ptinyos/SendAndReceiveCnt/SendAndReceiveCnt.xml
ptolemy.kernel.util.IllegalActionException: Failed to process attribute change to PtalonParameter, whose value is "ptolemy.actor.ptalon.PtalonExpressionParameter {.SendAndReceiveCnt.SendAndReceiveCnt.channelName} "AtomicWirelessChannel"".
  in .SendAndReceiveCnt.SendAndReceiveCnt
Because:
Unable to add actor null
	at ptolemy.actor.ptalon.PtalonActor.attributeChanged(PtalonActor.java:211)
	at ptolemy.actor.ptalon.PtalonMLHandler.startElement(PtalonMLHandler.java:134)
	at com.microstar.xml.XmlParser.parseElement(XmlParser.java:921)
	at com.microstar.xml.XmlParser.parseContent(XmlParser.java:1104)
	at com.microstar.xml.XmlParser.parseElement(XmlParser.java:924)
	at com.microstar.xml.XmlParser.parseDocument(XmlParser.java:481)
	at com.microstar.xml.XmlParser.doParse(XmlParser.java:159)
	at com.microstar.xml.XmlParser.parse(XmlParser.java:132)
	at ptolemy.actor.ptalon.PtalonActor.configure(PtalonActor.java:240)
	at ptolemy.moml.MoMLParser.endElement(MoMLParser.java:996)
	at com.microstar.xml.XmlParser.parseETag(XmlParser.java:1026)
	at com.microstar.xml.XmlParser.parseContent(XmlParser.java:1098)
	at com.microstar.xml.XmlParser.parseElement(XmlParser.java:924)
	at com.microstar.xml.XmlParser.parseContent(XmlParser.java:1104)
	at com.microstar.xml.XmlParser.parseElement(XmlParser.java:924)
	at com.microstar.xml.XmlParser.parseContent(XmlParser.java:1104)
	at com.microstar.xml.XmlParser.parseElement(XmlParser.java:924)
	at com.microstar.xml.XmlParser.parseDocument(XmlParser.java:481)
	at com.microstar.xml.XmlParser.doParse(XmlParser.java:159)
	at com.microstar.xml.XmlParser.parse(XmlParser.java:132)
	at ptolemy.moml.MoMLParser.parse(MoMLParser.java:1676)
	at ptolemy.moml.MoMLParser.parse(MoMLParser.java:1595)
	at ptolemy.moml.MoMLParser.parse(MoMLParser.java:1537)
	at ptolemy.actor.gui.PtolemyEffigy$Factory.createEffigy(PtolemyEffigy.java:424)
	at ptolemy.actor.gui.EffigyFactory.createEffigy(EffigyFactory.java:234)
	at ptolemy.actor.gui.Configuration.openModel(Configuration.java:1125)
	at ptolemy.actor.gui.Configuration.openModel(Configuration.java:1051)
	at ptolemy.actor.gui.ConfigurationApplication._openModel(ConfigurationApplication.java:1252)
	at ptolemy.actor.gui.ConfigurationApplication._parseArg(ConfigurationApplication.java:1399)
	at ptolemy.actor.gui.ConfigurationApplication._parseArgs(ConfigurationApplication.java:1478)
	at ptolemy.actor.gui.ConfigurationApplication.<init>(ConfigurationApplication.java:277)
	at ptolemy.actor.gui.ConfigurationApplication.<init>(ConfigurationApplication.java:214)
	at ptolemy.actor.gui.ConfigurationApplication.<init>(ConfigurationApplication.java:201)
	at ptolemy.actor.gui.ConfigurationApplication.openModelOrEntity(ConfigurationApplication.java:680)
	at ptolemy.vergil.basic.export.ExportModel$1.run(ExportModel.java:220)
	at java.awt.event.InvocationEvent.dispatch(InvocationEvent.java:301)
	at java.awt.EventQueue.dispatchEventImpl(EventQueue.java:756)
	at java.awt.EventQueue.access$500(EventQueue.java:97)
	at java.awt.EventQueue$3.run(EventQueue.java:709)
	at java.awt.EventQueue$3.run(EventQueue.java:703)
	at java.security.AccessController.doPrivileged(Native Method)
	at java.security.ProtectionDomain$JavaSecurityAccessImpl.doIntersectionPrivilege(ProtectionDomain.java:80)
	at java.awt.EventQueue.dispatchEvent(EventQueue.java:726)
	at java.awt.EventDispatchThread.pumpOneEventForFilters(EventDispatchThread.java:201)
	at java.awt.EventDispatchThread.pumpEventsForFilter(EventDispatchThread.java:116)
	at java.awt.EventDispatchThread.pumpEventsForHierarchy(EventDispatchThread.java:105)
	at java.awt.EventDispatchThread.pumpEvents(EventDispatchThread.java:101)
	at java.awt.EventDispatchThread.pumpEvents(EventDispatchThread.java:93)
	at java.awt.EventDispatchThread.run(EventDispatchThread.java:82)
Caused by: ptolemy.actor.ptalon.PtalonRuntimeException: Unable to add actor null
	at ptolemy.actor.ptalon.PtalonEvaluator.addActor(PtalonEvaluator.java:300)
	at ptolemy.actor.ptalon.PtalonPopulator.actor_declaration(PtalonPopulator.java:1574)
	at ptolemy.actor.ptalon.PtalonPopulator.atomic_statement(PtalonPopulator.java:1638)
	at ptolemy.actor.ptalon.PtalonPopulator.iterative_statement_evaluator(PtalonPopulator.java:2484)
	at ptolemy.actor.ptalon.AbstractPtalonEvaluator$IfTree.evaluateForScope(AbstractPtalonEvaluator.java:1307)
	at ptolemy.actor.ptalon.AbstractPtalonEvaluator.evaluateForScope(AbstractPtalonEvaluator.java:744)
	at ptolemy.actor.ptalon.PtalonPopulator.iterative_statement(PtalonPopulator.java:2363)
	at ptolemy.actor.ptalon.PtalonPopulator.actor_definition(PtalonPopulator.java:2809)
	at ptolemy.actor.ptalon.PtalonActor.attributeChanged(PtalonActor.java:206)
	... 48 more
Caused by: ptolemy.kernel.util.InternalErrorException: Element <entity name="sender1" class="ptolemy.actor.ptalon.demo.ptinyos.SendAndReceiveCnt.CntToLedsAndRfm"> caused an exception to be thrown.
  in .SendAndReceiveCnt.SendAndReceiveCnt
Because:
Cannot find class: ptolemy.actor.ptalon.demo.ptinyos.SendAndReceiveCnt.CntToLedsAndRfm. In Ptolemy, classes are typically Java .class files. Entities like actors may instead be defined within a .xml file.  In any case, the class was not found. If the class uses a third party package, then the class would be present only if the third party package was found at compile time.  It may be necessary to upgrade Java or install the third party package, reconfigure and recompile.
Because:
Element <entity name="MicaLeds" class="ptolemy.domains.ptinyos.lib.MicaLeds"> caused an exception to be thrown.
  in .CntToLedsAndRfm
Because:
Cannot find class: ptolemy.domains.ptinyos.lib.MicaLeds. In Ptolemy, classes are typically Java .class files. Entities like actors may instead be defined within a .xml file.  In any case, the class was not found. If the class uses a third party package, then the class would be present only if the third party package was found at compile time.  It may be necessary to upgrade Java or install the third party package, reconfigure and recompile.
Because:
-- /home/travis/build/icyphy/ptII/ptolemy/actor/ptalon/demo/ptinyos/SendAndReceiveCnt/ptolemy/domains/ptinyos/lib/MicaLeds.xml (No such file or directory)
-- XML file not found relative to classpath.
-- /home/travis/build/icyphy/ptII/ptolemy/vergil/basic/export/test/ptolemy/domains/ptinyos/lib/MicaLeds.xml
/home/travis/build/icyphy/ptII/ptolemy/vergil/basic/export/test/ptolemy/domains/ptinyos/lib/MicaLeds.xml (No such file or directory)
 in file:/home/travis/build/icyphy/ptII/ptolemy/actor/ptalon/demo/ptinyos/SendAndReceiveCnt/CntToLedsAndRfm.xml at line 132 and column 63
	at ptolemy.moml.SimpleErrorHandler.handleError(SimpleErrorHandler.java:75)
	at ptolemy.moml.MoMLParser.startElement(MoMLParser.java:3805)
	at com.microstar.xml.XmlParser.parseElement(XmlParser.java:931)
	at com.microstar.xml.XmlParser.parseDocument(XmlParser.java:481)
	at com.microstar.xml.XmlParser.doParse(XmlParser.java:159)
	at com.microstar.xml.XmlParser.parse(XmlParser.java:132)
	at ptolemy.moml.MoMLParser.parse(MoMLParser.java:1660)
	at ptolemy.moml.MoMLParser.parse(MoMLParser.java:1617)
	at ptolemy.moml.MoMLParser.parse(MoMLParser.java:1792)
	at ptolemy.actor.ptalon.PtalonEvaluator.addActor(PtalonEvaluator.java:241)
	... 56 more
Caused by: ptolemy.kernel.util.IllegalActionException: Cannot find class: ptolemy.actor.ptalon.demo.ptinyos.SendAndReceiveCnt.CntToLedsAndRfm. In Ptolemy, classes are typically Java .class files. Entities like actors may instead be defined within a .xml file.  In any case, the class was not found. If the class uses a third party package, then the class would be present only if the third party package was found at compile time.  It may be necessary to upgrade Java or install the third party package, reconfigure and recompile.
Because:
Element <entity name="MicaLeds" class="ptolemy.domains.ptinyos.lib.MicaLeds"> caused an exception to be thrown.
  in .CntToLedsAndRfm
Because:
Cannot find class: ptolemy.domains.ptinyos.lib.MicaLeds. In Ptolemy, classes are typically Java .class files. Entities like actors may instead be defined within a .xml file.  In any case, the class was not found. If the class uses a third party package, then the class would be present only if the third party package was found at compile time.  It may be necessary to upgrade Java or install the third party package, reconfigure and recompile.
Because:
-- /home/travis/build/icyphy/ptII/ptolemy/actor/ptalon/demo/ptinyos/SendAndReceiveCnt/ptolemy/domains/ptinyos/lib/MicaLeds.xml (No such file or directory)
-- XML file not found relative to classpath.
-- /home/travis/build/icyphy/ptII/ptolemy/vergil/basic/export/test/ptolemy/domains/ptinyos/lib/MicaLeds.xml
/home/travis/build/icyphy/ptII/ptolemy/vergil/basic/export/test/ptolemy/domains/ptinyos/lib/MicaLeds.xml (No such file or directory)
 in file:/home/travis/build/icyphy/ptII/ptolemy/actor/ptalon/demo/ptinyos/SendAndReceiveCnt/CntToLedsAndRfm.xml at line 132 and column 63
	at ptolemy.moml.MoMLParser._createEntity(MoMLParser.java:4330)
	at ptolemy.moml.MoMLParser.startElement(MoMLParser.java:2864)
	... 64 more
Caused by: ptolemy.kernel.util.InternalErrorException: Element <entity name="MicaLeds" class="ptolemy.domains.ptinyos.lib.MicaLeds"> caused an exception to be thrown.
  in .CntToLedsAndRfm
Because:
Cannot find class: ptolemy.domains.ptinyos.lib.MicaLeds. In Ptolemy, classes are typically Java .class files. Entities like actors may instead be defined within a .xml file.  In any case, the class was not found. If the class uses a third party package, then the class would be present only if the third party package was found at compile time.  It may be necessary to upgrade Java or install the third party package, reconfigure and recompile.
Because:
-- /home/travis/build/icyphy/ptII/ptolemy/actor/ptalon/demo/ptinyos/SendAndReceiveCnt/ptolemy/domains/ptinyos/lib/MicaLeds.xml (No such file or directory)
-- XML file not found relative to classpath.
-- /home/travis/build/icyphy/ptII/ptolemy/vergil/basic/export/test/ptolemy/domains/ptinyos/lib/MicaLeds.xml
/home/travis/build/icyphy/ptII/ptolemy/vergil/basic/export/test/ptolemy/domains/ptinyos/lib/MicaLeds.xml (No such file or directory)
 in file:/home/travis/build/icyphy/ptII/ptolemy/actor/ptalon/demo/ptinyos/SendAndReceiveCnt/CntToLedsAndRfm.xml at line 132 and column 63
	at ptolemy.moml.SimpleErrorHandler.handleError(SimpleErrorHandler.java:75)
	at ptolemy.moml.MoMLParser.startElement(MoMLParser.java:3805)
	at com.microstar.xml.XmlParser.parseElement(XmlParser.java:921)
	at com.microstar.xml.XmlParser.parseContent(XmlParser.java:1104)
	at com.microstar.xml.XmlParser.parseElement(XmlParser.java:924)
	at com.microstar.xml.XmlParser.parseDocument(XmlParser.java:481)
	at com.microstar.xml.XmlParser.doParse(XmlParser.java:159)
	at com.microstar.xml.XmlParser.parse(XmlParser.java:132)
	at ptolemy.moml.MoMLParser.parse(MoMLParser.java:1676)
	at ptolemy.moml.MoMLParser.parse(MoMLParser.java:1595)
	at ptolemy.moml.MoMLParser.parse(MoMLParser.java:1537)
	at ptolemy.moml.MoMLParser._findOrParse(MoMLParser.java:5286)
	at ptolemy.moml.MoMLParser._attemptToFindMoMLClass(MoMLParser.java:4075)
	at ptolemy.moml.MoMLParser._createEntity(MoMLParser.java:4323)
	... 65 more
Caused by: ptolemy.kernel.util.IllegalActionException: Cannot find class: ptolemy.domains.ptinyos.lib.MicaLeds. In Ptolemy, classes are typically Java .class files. Entities like actors may instead be defined within a .xml file.  In any case, the class was not found. If the class uses a third party package, then the class would be present only if the third party package was found at compile time.  It may be necessary to upgrade Java or install the third party package, reconfigure and recompile.
Because:
-- /home/travis/build/icyphy/ptII/ptolemy/actor/ptalon/demo/ptinyos/SendAndReceiveCnt/ptolemy/domains/ptinyos/lib/MicaLeds.xml (No such file or directory)
-- XML file not found relative to classpath.
-- /home/travis/build/icyphy/ptII/ptolemy/vergil/basic/export/test/ptolemy/domains/ptinyos/lib/MicaLeds.xml
/home/travis/build/icyphy/ptII/ptolemy/vergil/basic/export/test/ptolemy/domains/ptinyos/lib/MicaLeds.xml (No such file or directory)
 in file:/home/travis/build/icyphy/ptII/ptolemy/actor/ptalon/demo/ptinyos/SendAndReceiveCnt/CntToLedsAndRfm.xml at line 132 and column 63
	at ptolemy.moml.MoMLParser._createEntity(MoMLParser.java:4330)
	at ptolemy.moml.MoMLParser.startElement(MoMLParser.java:2864)
	... 77 more
Caused by: com.microstar.xml.XmlException: -- /home/travis/build/icyphy/ptII/ptolemy/actor/ptalon/demo/ptinyos/SendAndReceiveCnt/ptolemy/domains/ptinyos/lib/MicaLeds.xml (No such file or directory)
-- XML file not found relative to classpath.
-- /home/travis/build/icyphy/ptII/ptolemy/vergil/basic/export/test/ptolemy/domains/ptinyos/lib/MicaLeds.xml
/home/travis/build/icyphy/ptII/ptolemy/vergil/basic/export/test/ptolemy/domains/ptinyos/lib/MicaLeds.xml (No such file or directory)
 in file:/home/travis/build/icyphy/ptII/ptolemy/actor/ptalon/demo/ptinyos/SendAndReceiveCnt/CntToLedsAndRfm.xml at line 132 and column 63
	at ptolemy.moml.MoMLParser.fileNameToURL(MoMLParser.java:1414)
	at ptolemy.moml.MoMLParser._findOrParse(MoMLParser.java:5283)
	at ptolemy.moml.MoMLParser._attemptToFindMoMLClass(MoMLParser.java:4075)
	at ptolemy.moml.MoMLParser._createEntity(MoMLParser.java:4323)
	... 78 more
Caused by: ptolemy.actor.ptalon.PtalonRuntimeException: Unable to add actor null
	at ptolemy.actor.ptalon.PtalonEvaluator.addActor(PtalonEvaluator.java:300)
	at ptolemy.actor.ptalon.PtalonPopulator.actor_declaration(PtalonPopulator.java:1574)
	at ptolemy.actor.ptalon.PtalonPopulator.atomic_statement(PtalonPopulator.java:1638)
	at ptolemy.actor.ptalon.PtalonPopulator.iterative_statement_evaluator(PtalonPopulator.java:2484)
	at ptolemy.actor.ptalon.AbstractPtalonEvaluator$IfTree.evaluateForScope(AbstractPtalonEvaluator.java:1307)
	at ptolemy.actor.ptalon.AbstractPtalonEvaluator.evaluateForScope(AbstractPtalonEvaluator.java:744)
	at ptolemy.actor.ptalon.PtalonPopulator.iterative_statement(PtalonPopulator.java:2363)
	at ptolemy.actor.ptalon.PtalonPopulator.actor_definition(PtalonPopulator.java:2809)
	at ptolemy.actor.ptalon.PtalonActor.attributeChanged(PtalonActor.java:206)
	at ptolemy.actor.ptalon.PtalonMLHandler.startElement(PtalonMLHandler.java:134)
	at com.microstar.xml.XmlParser.parseElement(XmlParser.java:921)
	at com.microstar.xml.XmlParser.parseContent(XmlParser.java:1104)
	at com.microstar.xml.XmlParser.parseElement(XmlParser.java:924)
	at com.microstar.xml.XmlParser.parseDocument(XmlParser.java:481)
	at com.microstar.xml.XmlParser.doParse(XmlParser.java:159)
	at com.microstar.xml.XmlParser.parse(XmlParser.java:132)
	at ptolemy.actor.ptalon.PtalonActor.configure(PtalonActor.java:240)
	at ptolemy.moml.MoMLParser.endElement(MoMLParser.java:996)
	at com.microstar.xml.XmlParser.parseETag(XmlParser.java:1026)
	at com.microstar.xml.XmlParser.parseContent(XmlParser.java:1098)
	at com.microstar.xml.XmlParser.parseElement(XmlParser.java:924)
	at com.microstar.xml.XmlParser.parseContent(XmlParser.java:1104)
	at com.microstar.xml.XmlParser.parseElement(XmlParser.java:924)
	at com.microstar.xml.XmlParser.parseContent(XmlParser.java:1104)
	at com.microstar.xml.XmlParser.parseElement(XmlParser.java:924)
	at com.microstar.xml.XmlParser.parseDocument(XmlParser.java:481)
	at com.microstar.xml.XmlParser.doParse(XmlParser.java:159)
	at com.microstar.xml.XmlParser.parse(XmlParser.java:132)
	at ptolemy.moml.MoMLParser.parse(MoMLParser.java:1676)
	at ptolemy.moml.MoMLParser.parse(MoMLParser.java:1595)
	at ptolemy.moml.MoMLParser.parse(MoMLParser.java:1537)
	at ptolemy.actor.gui.PtolemyEffigy$Factory.createEffigy(PtolemyEffigy.java:424)
	at ptolemy.actor.gui.EffigyFactory.createEffigy(EffigyFactory.java:234)
	at ptolemy.actor.gui.Configuration.openModel(Configuration.java:1125)
	at ptolemy.actor.gui.Configuration.openModel(Configuration.java:1051)
	at ptolemy.actor.gui.ConfigurationApplication._openModel(ConfigurationApplication.java:1252)
	at ptolemy.actor.gui.ConfigurationApplication._parseArg(ConfigurationApplication.java:1399)
	at ptolemy.actor.gui.ConfigurationApplication._parseArgs(ConfigurationApplication.java:1478)
	at ptolemy.actor.gui.ConfigurationApplication.<init>(ConfigurationApplication.java:277)
	at ptolemy.actor.gui.ConfigurationApplication.<init>(ConfigurationApplication.java:214)
	at ptolemy.actor.gui.ConfigurationApplication.<init>(ConfigurationApplication.java:201)
	at ptolemy.actor.gui.ConfigurationApplication.openModelOrEntity(ConfigurationApplication.java:680)
	at ptolemy.vergil.basic.export.ExportModel$1.run(ExportModel.java:220)
	at java.awt.event.InvocationEvent.dispatch(InvocationEvent.java:301)
	at java.awt.EventQueue.dispatchEventImpl(EventQueue.java:756)
	at java.awt.EventQueue.access$500(EventQueue.java:97)
	at java.awt.EventQueue$3.run(EventQueue.java:709)
	at java.awt.EventQueue$3.run(EventQueue.java:703)
	at java.security.AccessController.doPrivileged(Native Method)
	at java.security.ProtectionDomain$JavaSecurityAccessImpl.doIntersectionPrivilege(ProtectionDomain.java:80)
	at java.awt.EventQueue.dispatchEvent(EventQueue.java:726)
	at java.awt.EventDispatchThread.pumpOneEventForFilters(EventDispatchThread.java:201)
	at java.awt.EventDispatchThread.pumpEventsForFilter(EventDispatchThread.java:116)
	at java.awt.EventDispatchThread.pumpEventsForHierarchy(EventDispatchThread.java:105)
	at java.awt.EventDispatchThread.pumpEvents(EventDispatchThread.java:101)
	at java.awt.EventDispatchThread.pumpEvents(EventDispatchThread.java:93)
	at java.awt.EventDispatchThread.run(EventDispatchThread.java:82)
Caused by: ptolemy.kernel.util.InternalErrorException: Element <entity name="sender1" class="ptolemy.actor.ptalon.demo.ptinyos.SendAndReceiveCnt.CntToLedsAndRfm"> caused an exception to be thrown.
  in .SendAndReceiveCnt.SendAndReceiveCnt
Because:
Cannot find class: ptolemy.actor.ptalon.demo.ptinyos.SendAndReceiveCnt.CntToLedsAndRfm. In Ptolemy, classes are typically Java .class files. Entities like actors may instead be defined within a .xml file.  In any case, the class was not found. If the class uses a third party package, then the class would be present only if the third party package was found at compile time.  It may be necessary to upgrade Java or install the third party package, reconfigure and recompile.
Because:
Element <entity name="MicaLeds" class="ptolemy.domains.ptinyos.lib.MicaLeds"> caused an exception to be thrown.
  in .CntToLedsAndRfm
Because:
Cannot find class: ptolemy.domains.ptinyos.lib.MicaLeds. In Ptolemy, classes are typically Java .class files. Entities like actors may instead be defined within a .xml file.  In any case, the class was not found. If the class uses a third party package, then the class would be present only if the third party package was found at compile time.  It may be necessary to upgrade Java or install the third party package, reconfigure and recompile.
Because:
-- /home/travis/build/icyphy/ptII/ptolemy/actor/ptalon/demo/ptinyos/SendAndReceiveCnt/ptolemy/domains/ptinyos/lib/MicaLeds.xml (No such file or directory)
-- XML file not found relative to classpath.
-- /home/travis/build/icyphy/ptII/ptolemy/vergil/basic/export/test/ptolemy/domains/ptinyos/lib/MicaLeds.xml
/home/travis/build/icyphy/ptII/ptolemy/vergil/basic/export/test/ptolemy/domains/ptinyos/lib/MicaLeds.xml (No such file or directory)
 in file:/home/travis/build/icyphy/ptII/ptolemy/actor/ptalon/demo/ptinyos/SendAndReceiveCnt/CntToLedsAndRfm.xml at line 132 and column 63
	at ptolemy.moml.SimpleErrorHandler.handleError(SimpleErrorHandler.java:75)
	at ptolemy.moml.MoMLParser.startElement(MoMLParser.java:3805)
	at com.microstar.xml.XmlParser.parseElement(XmlParser.java:931)
	at com.microstar.xml.XmlParser.parseDocument(XmlParser.java:481)
	at com.microstar.xml.XmlParser.doParse(XmlParser.java:159)
	at com.microstar.xml.XmlParser.parse(XmlParser.java:132)
	at ptolemy.moml.MoMLParser.parse(MoMLParser.java:1660)
	at ptolemy.moml.MoMLParser.parse(MoMLParser.java:1617)
	at ptolemy.moml.MoMLParser.parse(MoMLParser.java:1792)
	at ptolemy.actor.ptalon.PtalonEvaluator.addActor(PtalonEvaluator.java:241)
	... 56 more
Caused by: ptolemy.kernel.util.IllegalActionException: Cannot find class: ptolemy.actor.ptalon.demo.ptinyos.SendAndReceiveCnt.CntToLedsAndRfm. In Ptolemy, classes are typically Java .class files. Entities like actors may instead be defined within a .xml file.  In any case, the class was not found. If the class uses a third party package, then the class would be present only if the third party package was found at compile time.  It may be necessary to upgrade Java or install the third party package, reconfigure and recompile.
Because:
Element <entity name="MicaLeds" class="ptolemy.domains.ptinyos.lib.MicaLeds"> caused an exception to be thrown.
  in .CntToLedsAndRfm
Because:
Cannot find class: ptolemy.domains.ptinyos.lib.MicaLeds. In Ptolemy, classes are typically Java .class files. Entities like actors may instead be defined within a .xml file.  In any case, the class was not found. If the class uses a third party package, then the class would be present only if the third party package was found at compile time.  It may be necessary to upgrade Java or install the third party package, reconfigure and recompile.
Because:
-- /home/travis/build/icyphy/ptII/ptolemy/actor/ptalon/demo/ptinyos/SendAndReceiveCnt/ptolemy/domains/ptinyos/lib/MicaLeds.xml (No such file or directory)
-- XML file not found relative to classpath.
-- /home/travis/build/icyphy/ptII/ptolemy/vergil/basic/export/test/ptolemy/domains/ptinyos/lib/MicaLeds.xml
/home/travis/build/icyphy/ptII/ptolemy/vergil/basic/export/test/ptolemy/domains/ptinyos/lib/MicaLeds.xml (No such file or directory)
 in file:/home/travis/build/icyphy/ptII/ptolemy/actor/ptalon/demo/ptinyos/SendAndReceiveCnt/CntToLedsAndRfm.xml at line 132 and column 63
	at ptolemy.moml.MoMLParser._createEntity(MoMLParser.java:4330)
	at ptolemy.moml.MoMLParser.startElement(MoMLParser.java:2864)
	... 64 more
Caused by: ptolemy.kernel.util.InternalErrorException: Element <entity name="MicaLeds" class="ptolemy.domains.ptinyos.lib.MicaLeds"> caused an exception to be thrown.
  in .CntToLedsAndRfm
Because:
Cannot find class: ptolemy.domains.ptinyos.lib.MicaLeds. In Ptolemy, classes are typically Java .class files. Entities like actors may instead be defined within a .xml file.  In any case, the class was not found. If the class uses a third party package, then the class would be present only if the third party package was found at compile time.  It may be necessary to upgrade Java or install the third party package, reconfigure and recompile.
Because:
-- /home/travis/build/icyphy/ptII/ptolemy/actor/ptalon/demo/ptinyos/SendAndReceiveCnt/ptolemy/domains/ptinyos/lib/MicaLeds.xml (No such file or directory)
-- XML file not found relative to classpath.
-- /home/travis/build/icyphy/ptII/ptolemy/vergil/basic/export/test/ptolemy/domains/ptinyos/lib/MicaLeds.xml
/home/travis/build/icyphy/ptII/ptolemy/vergil/basic/export/test/ptolemy/domains/ptinyos/lib/MicaLeds.xml (No such file or directory)
 in file:/home/travis/build/icyphy/ptII/ptolemy/actor/ptalon/demo/ptinyos/SendAndReceiveCnt/CntToLedsAndRfm.xml at line 132 and column 63
	at ptolemy.moml.SimpleErrorHandler.handleError(SimpleErrorHandler.java:75)
	at ptolemy.moml.MoMLParser.startElement(MoMLParser.java:3805)
	at com.microstar.xml.XmlParser.parseElement(XmlParser.java:921)
	at com.microstar.xml.XmlParser.parseContent(XmlParser.java:1104)
	at com.microstar.xml.XmlParser.parseElement(XmlParser.java:924)
	at com.microstar.xml.XmlParser.parseDocument(XmlParser.java:481)
	at com.microstar.xml.XmlParser.doParse(XmlParser.java:159)
	at com.microstar.xml.XmlParser.parse(XmlParser.java:132)
	at ptolemy.moml.MoMLParser.parse(MoMLParser.java:1676)
	at ptolemy.moml.MoMLParser.parse(MoMLParser.java:1595)
	at ptolemy.moml.MoMLParser.parse(MoMLParser.java:1537)
	at ptolemy.moml.MoMLParser._findOrParse(MoMLParser.java:5286)
	at ptolemy.moml.MoMLParser._attemptToFindMoMLClass(MoMLParser.java:4075)
	at ptolemy.moml.MoMLParser._createEntity(MoMLParser.java:4323)
	... 65 more
Caused by: ptolemy.kernel.util.IllegalActionException: Cannot find class: ptolemy.domains.ptinyos.lib.MicaLeds. In Ptolemy, classes are typically Java .class files. Entities like actors may instead be defined within a .xml file.  In any case, the class was not found. If the class uses a third party package, then the class would be present only if the third party package was found at compile time.  It may be necessary to upgrade Java or install the third party package, reconfigure and recompile.
Because:
-- /home/travis/build/icyphy/ptII/ptolemy/actor/ptalon/demo/ptinyos/SendAndReceiveCnt/ptolemy/domains/ptinyos/lib/MicaLeds.xml (No such file or directory)
-- XML file not found relative to classpath.
-- /home/travis/build/icyphy/ptII/ptolemy/vergil/basic/export/test/ptolemy/domains/ptinyos/lib/MicaLeds.xml
/home/travis/build/icyphy/ptII/ptolemy/vergil/basic/export/test/ptolemy/domains/ptinyos/lib/MicaLeds.xml (No such file or directory)
 in file:/home/travis/build/icyphy/ptII/ptolemy/actor/ptalon/demo/ptinyos/SendAndReceiveCnt/CntToLedsAndRfm.xml at line 132 and column 63
	at ptolemy.moml.MoMLParser._createEntity(MoMLParser.java:4330)
	at ptolemy.moml.MoMLParser.startElement(MoMLParser.java:2864)
	... 77 more
Caused by: com.microstar.xml.XmlException: -- /home/travis/build/icyphy/ptII/ptolemy/actor/ptalon/demo/ptinyos/SendAndReceiveCnt/ptolemy/domains/ptinyos/lib/MicaLeds.xml (No such file or directory)
-- XML file not found relative to classpath.
-- /home/travis/build/icyphy/ptII/ptolemy/vergil/basic/export/test/ptolemy/domains/ptinyos/lib/MicaLeds.xml
/home/travis/build/icyphy/ptII/ptolemy/vergil/basic/export/test/ptolemy/domains/ptinyos/lib/MicaLeds.xml (No such file or directory)
 in file:/home/travis/build/icyphy/ptII/ptolemy/actor/ptalon/demo/ptinyos/SendAndReceiveCnt/CntToLedsAndRfm.xml at line 132 and column 63
	at ptolemy.moml.MoMLParser.fileNameToURL(MoMLParser.java:1414)
	at ptolemy.moml.MoMLParser._findOrParse(MoMLParser.java:5283)
	at ptolemy.moml.MoMLParser._attemptToFindMoMLClass(MoMLParser.java:4075)
	at ptolemy.moml.MoMLParser._createEntity(MoMLParser.java:4323)
	... 78 more
ptolemy.kernel.util.IllegalActionException: Failed to process attribute change to PtalonParameter, whose value is "ptolemy.actor.ptalon.PtalonExpressionParameter {.SendAndReceiveCnt.SendAndReceiveCnt.channelName} "AtomicWirelessChannel"".
  in .SendAndReceiveCnt.SendAndReceiveCnt
Because:
Unable to add actor null
	at ptolemy.actor.ptalon.PtalonActor.attributeChanged(PtalonActor.java:211)
	at ptolemy.actor.ptalon.PtalonMLHandler.startElement(PtalonMLHandler.java:134)
	at com.microstar.xml.XmlParser.parseElement(XmlParser.java:921)
	at com.microstar.xml.XmlParser.parseContent(XmlParser.java:1104)
	at com.microstar.xml.XmlParser.parseElement(XmlParser.java:924)
	at com.microstar.xml.XmlParser.parseDocument(XmlParser.java:481)
	at com.microstar.xml.XmlParser.doParse(XmlParser.java:159)
	at com.microstar.xml.XmlParser.parse(XmlParser.java:132)
	at ptolemy.actor.ptalon.PtalonActor.configure(PtalonActor.java:240)
	at ptolemy.moml.MoMLParser.endElement(MoMLParser.java:996)
	at com.microstar.xml.XmlParser.parseETag(XmlParser.java:1026)
	at com.microstar.xml.XmlParser.parseContent(XmlParser.java:1098)
	at com.microstar.xml.XmlParser.parseElement(XmlParser.java:924)
	at com.microstar.xml.XmlParser.parseContent(XmlParser.java:1104)
	at com.microstar.xml.XmlParser.parseElement(XmlParser.java:924)
	at com.microstar.xml.XmlParser.parseContent(XmlParser.java:1104)
	at com.microstar.xml.XmlParser.parseElement(XmlParser.java:924)
	at com.microstar.xml.XmlParser.parseDocument(XmlParser.java:481)
	at com.microstar.xml.XmlParser.doParse(XmlParser.java:159)
	at com.microstar.xml.XmlParser.parse(XmlParser.java:132)
	at ptolemy.moml.MoMLParser.parse(MoMLParser.java:1676)
	at ptolemy.moml.MoMLParser.parse(MoMLParser.java:1595)
	at ptolemy.moml.MoMLParser.parse(MoMLParser.java:1537)
	at ptolemy.actor.gui.PtolemyEffigy$Factory.createEffigy(PtolemyEffigy.java:424)
	at ptolemy.actor.gui.EffigyFactory.createEffigy(EffigyFactory.java:234)
	at ptolemy.actor.gui.Configuration.openModel(Configuration.java:1125)
	at ptolemy.actor.gui.Configuration.openModel(Configuration.java:1051)
	at ptolemy.actor.gui.ConfigurationApplication._openModel(ConfigurationApplication.java:1252)
	at ptolemy.actor.gui.ConfigurationApplication._parseArg(ConfigurationApplication.java:1399)
	at ptolemy.actor.gui.ConfigurationApplication._parseArgs(ConfigurationApplication.java:1478)
	at ptolemy.actor.gui.ConfigurationApplication.<init>(ConfigurationApplication.java:277)
	at ptolemy.actor.gui.ConfigurationApplication.<init>(ConfigurationApplication.java:214)
	at ptolemy.actor.gui.ConfigurationApplication.<init>(ConfigurationApplication.java:201)
	at ptolemy.actor.gui.ConfigurationApplication.openModelOrEntity(ConfigurationApplication.java:680)
	at ptolemy.vergil.basic.export.ExportModel$1.run(ExportModel.java:220)
	at java.awt.event.InvocationEvent.dispatch(InvocationEvent.java:301)
	at java.awt.EventQueue.dispatchEventImpl(EventQueue.java:756)
	at java.awt.EventQueue.access$500(EventQueue.java:97)
	at java.awt.EventQueue$3.run(EventQueue.java:709)
	at java.awt.EventQueue$3.run(EventQueue.java:703)
	at java.security.AccessController.doPrivileged(Native Method)
	at java.security.ProtectionDomain$JavaSecurityAccessImpl.doIntersectionPrivilege(ProtectionDomain.java:80)
	at java.awt.EventQueue.dispatchEvent(EventQueue.java:726)
	at java.awt.EventDispatchThread.pumpOneEventForFilters(EventDispatchThread.java:201)
	at java.awt.EventDispatchThread.pumpEventsForFilter(EventDispatchThread.java:116)
	at java.awt.EventDispatchThread.pumpEventsForHierarchy(EventDispatchThread.java:105)
	at java.awt.EventDispatchThread.pumpEvents(EventDispatchThread.java:101)
	at java.awt.EventDispatchThread.pumpEvents(EventDispatchThread.java:93)
	at java.awt.EventDispatchThread.run(EventDispatchThread.java:82)
Caused by: ptolemy.actor.ptalon.PtalonRuntimeException: Unable to add actor null
	at ptolemy.actor.ptalon.PtalonEvaluator.addActor(PtalonEvaluator.java:300)
	at ptolemy.actor.ptalon.PtalonPopulator.actor_declaration(PtalonPopulator.java:1574)
	at ptolemy.actor.ptalon.PtalonPopulator.atomic_statement(PtalonPopulator.java:1638)
	at ptolemy.actor.ptalon.PtalonPopulator.iterative_statement_evaluator(PtalonPopulator.java:2484)
	at ptolemy.actor.ptalon.AbstractPtalonEvaluator$IfTree.evaluateForScope(AbstractPtalonEvaluator.java:1307)
	at ptolemy.actor.ptalon.AbstractPtalonEvaluator.evaluateForScope(AbstractPtalonEvaluator.java:744)
	at ptolemy.actor.ptalon.PtalonPopulator.iterative_statement(PtalonPopulator.java:2363)
	at ptolemy.actor.ptalon.PtalonPopulator.actor_definition(PtalonPopulator.java:2809)
	at ptolemy.actor.ptalon.PtalonActor.attributeChanged(PtalonActor.java:206)
	... 48 more
Caused by: ptolemy.kernel.util.InternalErrorException: Element <entity name="sender1" class="ptolemy.actor.ptalon.demo.ptinyos.SendAndReceiveCnt.CntToLedsAndRfm"> caused an exception to be thrown.
  in .SendAndReceiveCnt.SendAndReceiveCnt
Because:
Cannot find class: ptolemy.actor.ptalon.demo.ptinyos.SendAndReceiveCnt.CntToLedsAndRfm. In Ptolemy, classes are typically Java .class files. Entities like actors may instead be defined within a .xml file.  In any case, the class was not found. If the class uses a third party package, then the class would be present only if the third party package was found at compile time.  It may be necessary to upgrade Java or install the third party package, reconfigure and recompile.
Because:
Element <entity name="MicaLeds" class="ptolemy.domains.ptinyos.lib.MicaLeds"> caused an exception to be thrown.
  in .CntToLedsAndRfm
Because:
Cannot find class: ptolemy.domains.ptinyos.lib.MicaLeds. In Ptolemy, classes are typically Java .class files. Entities like actors may instead be defined within a .xml file.  In any case, the class was not found. If the class uses a third party package, then the class would be present only if the third party package was found at compile time.  It may be necessary to upgrade Java or install the third party package, reconfigure and recompile.
Because:
-- /home/travis/build/icyphy/ptII/ptolemy/actor/ptalon/demo/ptinyos/SendAndReceiveCnt/ptolemy/domains/ptinyos/lib/MicaLeds.xml (No such file or directory)
-- XML file not found relative to classpath.
-- /home/travis/build/icyphy/ptII/ptolemy/vergil/basic/export/test/ptolemy/domains/ptinyos/lib/MicaLeds.xml
/home/travis/build/icyphy/ptII/ptolemy/vergil/basic/export/test/ptolemy/domains/ptinyos/lib/MicaLeds.xml (No such file or directory)
 in file:/home/travis/build/icyphy/ptII/ptolemy/actor/ptalon/demo/ptinyos/SendAndReceiveCnt/CntToLedsAndRfm.xml at line 132 and column 63
	at ptolemy.moml.SimpleErrorHandler.handleError(SimpleErrorHandler.java:75)
	at ptolemy.moml.MoMLParser.startElement(MoMLParser.java:3805)
	at com.microstar.xml.XmlParser.parseElement(XmlParser.java:931)
	at com.microstar.xml.XmlParser.parseDocument(XmlParser.java:481)
	at com.microstar.xml.XmlParser.doParse(XmlParser.java:159)
	at com.microstar.xml.XmlParser.parse(XmlParser.java:132)
	at ptolemy.moml.MoMLParser.parse(MoMLParser.java:1660)
	at ptolemy.moml.MoMLParser.parse(MoMLParser.java:1617)
	at ptolemy.moml.MoMLParser.parse(MoMLParser.java:1792)
	at ptolemy.actor.ptalon.PtalonEvaluator.addActor(PtalonEvaluator.java:241)
	... 56 more
Caused by: ptolemy.kernel.util.IllegalActionException: Cannot find class: ptolemy.actor.ptalon.demo.ptinyos.SendAndReceiveCnt.CntToLedsAndRfm. In Ptolemy, classes are typically Java .class files. Entities like actors may instead be defined within a .xml file.  In any case, the class was not found. If the class uses a third party package, then the class would be present only if the third party package was found at compile time.  It may be necessary to upgrade Java or install the third party package, reconfigure and recompile.
Because:
Element <entity name="MicaLeds" class="ptolemy.domains.ptinyos.lib.MicaLeds"> caused an exception to be thrown.
  in .CntToLedsAndRfm
Because:
Cannot find class: ptolemy.domains.ptinyos.lib.MicaLeds. In Ptolemy, classes are typically Java .class files. Entities like actors may instead be defined within a .xml file.  In any case, the class was not found. If the class uses a third party package, then the class would be present only if the third party package was found at compile time.  It may be necessary to upgrade Java or install the third party package, reconfigure and recompile.
Because:
-- /home/travis/build/icyphy/ptII/ptolemy/actor/ptalon/demo/ptinyos/SendAndReceiveCnt/ptolemy/domains/ptinyos/lib/MicaLeds.xml (No such file or directory)
-- XML file not found relative to classpath.
-- /home/travis/build/icyphy/ptII/ptolemy/vergil/basic/export/test/ptolemy/domains/ptinyos/lib/MicaLeds.xml
/home/travis/build/icyphy/ptII/ptolemy/vergil/basic/export/test/ptolemy/domains/ptinyos/lib/MicaLeds.xml (No such file or directory)
 in file:/home/travis/build/icyphy/ptII/ptolemy/actor/ptalon/demo/ptinyos/SendAndReceiveCnt/CntToLedsAndRfm.xml at line 132 and column 63
	at ptolemy.moml.MoMLParser._createEntity(MoMLParser.java:4330)
	at ptolemy.moml.MoMLParser.startElement(MoMLParser.java:2864)
	... 64 more
Caused by: ptolemy.kernel.util.InternalErrorException: Element <entity name="MicaLeds" class="ptolemy.domains.ptinyos.lib.MicaLeds"> caused an exception to be thrown.
  in .CntToLedsAndRfm
Because:
Cannot find class: ptolemy.domains.ptinyos.lib.MicaLeds. In Ptolemy, classes are typically Java .class files. Entities like actors may instead be defined within a .xml file.  In any case, the class was not found. If the class uses a third party package, then the class would be present only if the third party package was found at compile time.  It may be necessary to upgrade Java or install the third party package, reconfigure and recompile.
Because:
-- /home/travis/build/icyphy/ptII/ptolemy/actor/ptalon/demo/ptinyos/SendAndReceiveCnt/ptolemy/domains/ptinyos/lib/MicaLeds.xml (No such file or directory)
-- XML file not found relative to classpath.
-- /home/travis/build/icyphy/ptII/ptolemy/vergil/basic/export/test/ptolemy/domains/ptinyos/lib/MicaLeds.xml
/home/travis/build/icyphy/ptII/ptolemy/vergil/basic/export/test/ptolemy/domains/ptinyos/lib/MicaLeds.xml (No such file or directory)
 in file:/home/travis/build/icyphy/ptII/ptolemy/actor/ptalon/demo/ptinyos/SendAndReceiveCnt/CntToLedsAndRfm.xml at line 132 and column 63
	at ptolemy.moml.SimpleErrorHandler.handleError(SimpleErrorHandler.java:75)
	at ptolemy.moml.MoMLParser.startElement(MoMLParser.java:3805)
	at com.microstar.xml.XmlParser.parseElement(XmlParser.java:921)
	at com.microstar.xml.XmlParser.parseContent(XmlParser.java:1104)
	at com.microstar.xml.XmlParser.parseElement(XmlParser.java:924)
	at com.microstar.xml.XmlParser.parseDocument(XmlParser.java:481)
	at com.microstar.xml.XmlParser.doParse(XmlParser.java:159)
	at com.microstar.xml.XmlParser.parse(XmlParser.java:132)
	at ptolemy.moml.MoMLParser.parse(MoMLParser.java:1676)
	at ptolemy.moml.MoMLParser.parse(MoMLParser.java:1595)
	at ptolemy.moml.MoMLParser.parse(MoMLParser.java:1537)
	at ptolemy.moml.MoMLParser._findOrParse(MoMLParser.java:5286)
	at ptolemy.moml.MoMLParser._attemptToFindMoMLClass(MoMLParser.java:4075)
	at ptolemy.moml.MoMLParser._createEntity(MoMLParser.java:4323)
	... 65 more
Caused by: ptolemy.kernel.util.IllegalActionException: Cannot find class: ptolemy.domains.ptinyos.lib.MicaLeds. In Ptolemy, classes are typically Java .class files. Entities like actors may instead be defined within a .xml file.  In any case, the class was not found. If the class uses a third party package, then the class would be present only if the third party package was found at compile time.  It may be necessary to upgrade Java or install the third party package, reconfigure and recompile.
Because:
-- /home/travis/build/icyphy/ptII/ptolemy/actor/ptalon/demo/ptinyos/SendAndReceiveCnt/ptolemy/domains/ptinyos/lib/MicaLeds.xml (No such file or directory)
-- XML file not found relative to classpath.
-- /home/travis/build/icyphy/ptII/ptolemy/vergil/basic/export/test/ptolemy/domains/ptinyos/lib/MicaLeds.xml
/home/travis/build/icyphy/ptII/ptolemy/vergil/basic/export/test/ptolemy/domains/ptinyos/lib/MicaLeds.xml (No such file or directory)
 in file:/home/travis/build/icyphy/ptII/ptolemy/actor/ptalon/demo/ptinyos/SendAndReceiveCnt/CntToLedsAndRfm.xml at line 132 and column 63
	at ptolemy.moml.MoMLParser._createEntity(MoMLParser.java:4330)
	at ptolemy.moml.MoMLParser.startElement(MoMLParser.java:2864)
	... 77 more
Caused by: com.microstar.xml.XmlException: -- /home/travis/build/icyphy/ptII/ptolemy/actor/ptalon/demo/ptinyos/SendAndReceiveCnt/ptolemy/domains/ptinyos/lib/MicaLeds.xml (No such file or directory)
-- XML file not found relative to classpath.
-- /home/travis/build/icyphy/ptII/ptolemy/vergil/basic/export/test/ptolemy/domains/ptinyos/lib/MicaLeds.xml
/home/travis/build/icyphy/ptII/ptolemy/vergil/basic/export/test/ptolemy/domains/ptinyos/lib/MicaLeds.xml (No such file or directory)
 in file:/home/travis/build/icyphy/ptII/ptolemy/actor/ptalon/demo/ptinyos/SendAndReceiveCnt/CntToLedsAndRfm.xml at line 132 and column 63
	at ptolemy.moml.MoMLParser.fileNameToURL(MoMLParser.java:1414)
	at ptolemy.moml.MoMLParser._findOrParse(MoMLParser.java:5283)
	at ptolemy.moml.MoMLParser._attemptToFindMoMLClass(MoMLParser.java:4075)
	at ptolemy.moml.MoMLParser._createEntity(MoMLParser.java:4323)
	... 78 more
Caused by: ptolemy.actor.ptalon.PtalonRuntimeException: Unable to add actor null
	at ptolemy.actor.ptalon.PtalonEvaluator.addActor(PtalonEvaluator.java:300)
	at ptolemy.actor.ptalon.PtalonPopulator.actor_declaration(PtalonPopulator.java:1574)
	at ptolemy.actor.ptalon.PtalonPopulator.atomic_statement(PtalonPopulator.java:1638)
	at ptolemy.actor.ptalon.PtalonPopulator.iterative_statement_evaluator(PtalonPopulator.java:2484)
	at ptolemy.actor.ptalon.AbstractPtalonEvaluator$IfTree.evaluateForScope(AbstractPtalonEvaluator.java:1307)
	at ptolemy.actor.ptalon.AbstractPtalonEvaluator.evaluateForScope(AbstractPtalonEvaluator.java:744)
	at ptolemy.actor.ptalon.PtalonPopulator.iterative_statement(PtalonPopulator.java:2363)
	at ptolemy.actor.ptalon.PtalonPopulator.actor_definition(PtalonPopulator.java:2809)
	at ptolemy.actor.ptalon.PtalonActor.attributeChanged(PtalonActor.java:206)
	at ptolemy.actor.ptalon.PtalonMLHandler.startElement(PtalonMLHandler.java:134)
	at com.microstar.xml.XmlParser.parseElement(XmlParser.java:921)
	at com.microstar.xml.XmlParser.parseContent(XmlParser.java:1104)
	at com.microstar.xml.XmlParser.parseElement(XmlParser.java:924)
	at com.microstar.xml.XmlParser.parseDocument(XmlParser.java:481)
	at com.microstar.xml.XmlParser.doParse(XmlParser.java:159)
	at com.microstar.xml.XmlParser.parse(XmlParser.java:132)
	at ptolemy.actor.ptalon.PtalonActor.configure(PtalonActor.java:240)
	at ptolemy.moml.MoMLParser.endElement(MoMLParser.java:996)
	at com.microstar.xml.XmlParser.parseETag(XmlParser.java:1026)
	at com.microstar.xml.XmlParser.parseContent(XmlParser.java:1098)
	at com.microstar.xml.XmlParser.parseElement(XmlParser.java:924)
	at com.microstar.xml.XmlParser.parseContent(XmlParser.java:1104)
	at com.microstar.xml.XmlParser.parseElement(XmlParser.java:924)
	at com.microstar.xml.XmlParser.parseContent(XmlParser.java:1104)
	at com.microstar.xml.XmlParser.parseElement(XmlParser.java:924)
	at com.microstar.xml.XmlParser.parseDocument(XmlParser.java:481)
	at com.microstar.xml.XmlParser.doParse(XmlParser.java:159)
	at com.microstar.xml.XmlParser.parse(XmlParser.java:132)
	at ptolemy.moml.MoMLParser.parse(MoMLParser.java:1676)
	at ptolemy.moml.MoMLParser.parse(MoMLParser.java:1595)
	at ptolemy.moml.MoMLParser.parse(MoMLParser.java:1537)
	at ptolemy.actor.gui.PtolemyEffigy$Factory.createEffigy(PtolemyEffigy.java:424)
	at ptolemy.actor.gui.EffigyFactory.createEffigy(EffigyFactory.java:234)
	at ptolemy.actor.gui.Configuration.openModel(Configuration.java:1125)
	at ptolemy.actor.gui.Configuration.openModel(Configuration.java:1051)
	at ptolemy.actor.gui.ConfigurationApplication._openModel(ConfigurationApplication.java:1252)
	at ptolemy.actor.gui.ConfigurationApplication._parseArg(ConfigurationApplication.java:1399)
	at ptolemy.actor.gui.ConfigurationApplication._parseArgs(ConfigurationApplication.java:1478)
	at ptolemy.actor.gui.ConfigurationApplication.<init>(ConfigurationApplication.java:277)
	at ptolemy.actor.gui.ConfigurationApplication.<init>(ConfigurationApplication.java:214)
	at ptolemy.actor.gui.ConfigurationApplication.<init>(ConfigurationApplication.java:201)
	at ptolemy.actor.gui.ConfigurationApplication.openModelOrEntity(ConfigurationApplication.java:680)
	at ptolemy.vergil.basic.export.ExportModel$1.run(ExportModel.java:220)
	at java.awt.event.InvocationEvent.dispatch(InvocationEvent.java:301)
	at java.awt.EventQueue.dispatchEventImpl(EventQueue.java:756)
	at java.awt.EventQueue.access$500(EventQueue.java:97)
	at java.awt.EventQueue$3.run(EventQueue.java:709)
	at java.awt.EventQueue$3.run(EventQueue.java:703)
	at java.security.AccessController.doPrivileged(Native Method)
	at java.security.ProtectionDomain$JavaSecurityAccessImpl.doIntersectionPrivilege(ProtectionDomain.java:80)
	at java.awt.EventQueue.dispatchEvent(EventQueue.java:726)
	at java.awt.EventDispatchThread.pumpOneEventForFilters(EventDispatchThread.java:201)
	at java.awt.EventDispatchThread.pumpEventsForFilter(EventDispatchThread.java:116)
	at java.awt.EventDispatchThread.pumpEventsForHierarchy(EventDispatchThread.java:105)
	at java.awt.EventDispatchThread.pumpEvents(EventDispatchThread.java:101)
	at java.awt.EventDispatchThread.pumpEvents(EventDispatchThread.java:93)
	at java.awt.EventDispatchThread.run(EventDispatchThread.java:82)
Caused by: ptolemy.kernel.util.InternalErrorException: Element <entity name="sender1" class="ptolemy.actor.ptalon.demo.ptinyos.SendAndReceiveCnt.CntToLedsAndRfm"> caused an exception to be thrown.
  in .SendAndReceiveCnt.SendAndReceiveCnt
Because:
Cannot find class: ptolemy.actor.ptalon.demo.ptinyos.SendAndReceiveCnt.CntToLedsAndRfm. In Ptolemy, classes are typically Java .class files. Entities like actors may instead be defined within a .xml file.  In any case, the class was not found. If the class uses a third party package, then the class would be present only if the third party package was found at compile time.  It may be necessary to upgrade Java or install the third party package, reconfigure and recompile.
Because:
Element <entity name="MicaLeds" class="ptolemy.domains.ptinyos.lib.MicaLeds"> caused an exception to be thrown.
  in .CntToLedsAndRfm
Because:
Cannot find class: ptolemy.domains.ptinyos.lib.MicaLeds. In Ptolemy, classes are typically Java .class files. Entities like actors may instead be defined within a .xml file.  In any case, the class was not found. If the class uses a third party package, then the class would be present only if the third party package was found at compile time.  It may be necessary to upgrade Java or install the third party package, reconfigure and recompile.
Because:
-- /home/travis/build/icyphy/ptII/ptolemy/actor/ptalon/demo/ptinyos/SendAndReceiveCnt/ptolemy/domains/ptinyos/lib/MicaLeds.xml (No such file or directory)
-- XML file not found relative to classpath.
-- /home/travis/build/icyphy/ptII/ptolemy/vergil/basic/export/test/ptolemy/domains/ptinyos/lib/MicaLeds.xml
/home/travis/build/icyphy/ptII/ptolemy/vergil/basic/export/test/ptolemy/domains/ptinyos/lib/MicaLeds.xml (No such file or directory)
 in file:/home/travis/build/icyphy/ptII/ptolemy/actor/ptalon/demo/ptinyos/SendAndReceiveCnt/CntToLedsAndRfm.xml at line 132 and column 63
	at ptolemy.moml.SimpleErrorHandler.handleError(SimpleErrorHandler.java:75)
	at ptolemy.moml.MoMLParser.startElement(MoMLParser.java:3805)
	at com.microstar.xml.XmlParser.parseElement(XmlParser.java:931)
	at com.microstar.xml.XmlParser.parseDocument(XmlParser.java:481)
	at com.microstar.xml.XmlParser.doParse(XmlParser.java:159)
	at com.microstar.xml.XmlParser.parse(XmlParser.java:132)
	at ptolemy.moml.MoMLParser.parse(MoMLParser.java:1660)
	at ptolemy.moml.MoMLParser.parse(MoMLParser.java:1617)
	at ptolemy.moml.MoMLParser.parse(MoMLParser.java:1792)
	at ptolemy.actor.ptalon.PtalonEvaluator.addActor(PtalonEvaluator.java:241)
	... 56 more
Caused by: ptolemy.kernel.util.IllegalActionException: Cannot find class: ptolemy.actor.ptalon.demo.ptinyos.SendAndReceiveCnt.CntToLedsAndRfm. In Ptolemy, classes are typically Java .class files. Entities like actors may instead be defined within a .xml file.  In any case, the class was not found. If the class uses a third party package, then the class would be present only if the third party package was found at compile time.  It may be necessary to upgrade Java or install the third party package, reconfigure and recompile.
Because:
Element <entity name="MicaLeds" class="ptolemy.domains.ptinyos.lib.MicaLeds"> caused an exception to be thrown.
  in .CntToLedsAndRfm
Because:
Cannot find class: ptolemy.domains.ptinyos.lib.MicaLeds. In Ptolemy, classes are typically Java .class files. Entities like actors may instead be defined within a .xml file.  In any case, the class was not found. If the class uses a third party package, then the class would be present only if the third party package was found at compile time.  It may be necessary to upgrade Java or install the third party package, reconfigure and recompile.
Because:
-- /home/travis/build/icyphy/ptII/ptolemy/actor/ptalon/demo/ptinyos/SendAndReceiveCnt/ptolemy/domains/ptinyos/lib/MicaLeds.xml (No such file or directory)
-- XML file not found relative to classpath.
-- /home/travis/build/icyphy/ptII/ptolemy/vergil/basic/export/test/ptolemy/domains/ptinyos/lib/MicaLeds.xml
/home/travis/build/icyphy/ptII/ptolemy/vergil/basic/export/test/ptolemy/domains/ptinyos/lib/MicaLeds.xml (No such file or directory)
 in file:/home/travis/build/icyphy/ptII/ptolemy/actor/ptalon/demo/ptinyos/SendAndReceiveCnt/CntToLedsAndRfm.xml at line 132 and column 63
	at ptolemy.moml.MoMLParser._createEntity(MoMLParser.java:4330)
	at ptolemy.moml.MoMLParser.startElement(MoMLParser.java:2864)
	... 64 more
Caused by: ptolemy.kernel.util.InternalErrorException: Element <entity name="MicaLeds" class="ptolemy.domains.ptinyos.lib.MicaLeds"> caused an exception to be thrown.
  in .CntToLedsAndRfm
Because:
Cannot find class: ptolemy.domains.ptinyos.lib.MicaLeds. In Ptolemy, classes are typically Java .class files. Entities like actors may instead be defined within a .xml file.  In any case, the class was not found. If the class uses a third party package, then the class would be present only if the third party package was found at compile time.  It may be necessary to upgrade Java or install the third party package, reconfigure and recompile.
Because:
-- /home/travis/build/icyphy/ptII/ptolemy/actor/ptalon/demo/ptinyos/SendAndReceiveCnt/ptolemy/domains/ptinyos/lib/MicaLeds.xml (No such file or directory)
-- XML file not found relative to classpath.
-- /home/travis/build/icyphy/ptII/ptolemy/vergil/basic/export/test/ptolemy/domains/ptinyos/lib/MicaLeds.xml
/home/travis/build/icyphy/ptII/ptolemy/vergil/basic/export/test/ptolemy/domains/ptinyos/lib/MicaLeds.xml (No such file or directory)
 in file:/home/travis/build/icyphy/ptII/ptolemy/actor/ptalon/demo/ptinyos/SendAndReceiveCnt/CntToLedsAndRfm.xml at line 132 and column 63
	at ptolemy.moml.SimpleErrorHandler.handleError(SimpleErrorHandler.java:75)
	at ptolemy.moml.MoMLParser.startElement(MoMLParser.java:3805)
	at com.microstar.xml.XmlParser.parseElement(XmlParser.java:921)
	at com.microstar.xml.XmlParser.parseContent(XmlParser.java:1104)
	at com.microstar.xml.XmlParser.parseElement(XmlParser.java:924)
	at com.microstar.xml.XmlParser.parseDocument(XmlParser.java:481)
	at com.microstar.xml.XmlParser.doParse(XmlParser.java:159)
	at com.microstar.xml.XmlParser.parse(XmlParser.java:132)
	at ptolemy.moml.MoMLParser.parse(MoMLParser.java:1676)
	at ptolemy.moml.MoMLParser.parse(MoMLParser.java:1595)
	at ptolemy.moml.MoMLParser.parse(MoMLParser.java:1537)
	at ptolemy.moml.MoMLParser._findOrParse(MoMLParser.java:5286)
	at ptolemy.moml.MoMLParser._attemptToFindMoMLClass(MoMLParser.java:4075)
	at ptolemy.moml.MoMLParser._createEntity(MoMLParser.java:4323)
	... 65 more
Caused by: ptolemy.kernel.util.IllegalActionException: Cannot find class: ptolemy.domains.ptinyos.lib.MicaLeds. In Ptolemy, classes are typically Java .class files. Entities like actors may instead be defined within a .xml file.  In any case, the class was not found. If the class uses a third party package, then the class would be present only if the third party package was found at compile time.  It may be necessary to upgrade Java or install the third party package, reconfigure and recompile.
Because:
-- /home/travis/build/icyphy/ptII/ptolemy/actor/ptalon/demo/ptinyos/SendAndReceiveCnt/ptolemy/domains/ptinyos/lib/MicaLeds.xml (No such file or directory)
-- XML file not found relative to classpath.
-- /home/travis/build/icyphy/ptII/ptolemy/vergil/basic/export/test/ptolemy/domains/ptinyos/lib/MicaLeds.xml
/home/travis/build/icyphy/ptII/ptolemy/vergil/basic/export/test/ptolemy/domains/ptinyos/lib/MicaLeds.xml (No such file or directory)
 in file:/home/travis/build/icyphy/ptII/ptolemy/actor/ptalon/demo/ptinyos/SendAndReceiveCnt/CntToLedsAndRfm.xml at line 132 and column 63
	at ptolemy.moml.MoMLParser._createEntity(MoMLParser.java:4330)
	at ptolemy.moml.MoMLParser.startElement(MoMLParser.java:2864)
	... 77 more
Caused by: com.microstar.xml.XmlException: -- /home/travis/build/icyphy/ptII/ptolemy/actor/ptalon/demo/ptinyos/SendAndReceiveCnt/ptolemy/domains/ptinyos/lib/MicaLeds.xml (No such file or directory)
-- XML file not found relative to classpath.
-- /home/travis/build/icyphy/ptII/ptolemy/vergil/basic/export/test/ptolemy/domains/ptinyos/lib/MicaLeds.xml
/home/travis/build/icyphy/ptII/ptolemy/vergil/basic/export/test/ptolemy/domains/ptinyos/lib/MicaLeds.xml (No such file or directory)
 in file:/home/travis/build/icyphy/ptII/ptolemy/actor/ptalon/demo/ptinyos/SendAndReceiveCnt/CntToLedsAndRfm.xml at line 132 and column 63
	at ptolemy.moml.MoMLParser.fileNameToURL(MoMLParser.java:1414)
	at ptolemy.moml.MoMLParser._findOrParse(MoMLParser.java:5283)
	at ptolemy.moml.MoMLParser._attemptToFindMoMLClass(MoMLParser.java:4075)
	at ptolemy.moml.MoMLParser._createEntity(MoMLParser.java:4323)
	... 78 more
Failed to read file:/home/travis/build/icyphy/ptII/ptolemy/actor/ptalon/demo/ptinyos/SendAndReceiveCnt/SendAndReceiveCnt.xml
ptolemy.kernel.util.IllegalActionException: Failed to process attribute change to PtalonParameter, whose value is "ptolemy.actor.ptalon.PtalonExpressionParameter {.SendAndReceiveCnt.SendAndReceiveCnt.channelName} "AtomicWirelessChannel"".
  in .SendAndReceiveCnt.SendAndReceiveCnt
Because:
Unable to add actor null
	at ptolemy.actor.ptalon.PtalonActor.attributeChanged(PtalonActor.java:211)
	at ptolemy.actor.ptalon.PtalonMLHandler.startElement(PtalonMLHandler.java:134)
	at com.microstar.xml.XmlParser.parseElement(XmlParser.java:921)
	at com.microstar.xml.XmlParser.parseContent(XmlParser.java:1104)
	at com.microstar.xml.XmlParser.parseElement(XmlParser.java:924)
	at com.microstar.xml.XmlParser.parseDocument(XmlParser.java:481)
	at com.microstar.xml.XmlParser.doParse(XmlParser.java:159)
	at com.microstar.xml.XmlParser.parse(XmlParser.java:132)
	at ptolemy.actor.ptalon.PtalonActor.configure(PtalonActor.java:240)
	at ptolemy.moml.MoMLParser.endElement(MoMLParser.java:996)
	at com.microstar.xml.XmlParser.parseETag(XmlParser.java:1026)
	at com.microstar.xml.XmlParser.parseContent(XmlParser.java:1098)
	at com.microstar.xml.XmlParser.parseElement(XmlParser.java:924)
	at com.microstar.xml.XmlParser.parseContent(XmlParser.java:1104)
	at com.microstar.xml.XmlParser.parseElement(XmlParser.java:924)
	at com.microstar.xml.XmlParser.parseContent(XmlParser.java:1104)
	at com.microstar.xml.XmlParser.parseElement(XmlParser.java:924)
	at com.microstar.xml.XmlParser.parseDocument(XmlParser.java:481)
	at com.microstar.xml.XmlParser.doParse(XmlParser.java:159)
	at com.microstar.xml.XmlParser.parse(XmlParser.java:132)
	at ptolemy.moml.MoMLParser.parse(MoMLParser.java:1676)
	at ptolemy.moml.MoMLParser.parse(MoMLParser.java:1595)
	at ptolemy.moml.MoMLParser.parse(MoMLParser.java:1537)
	at ptolemy.actor.gui.PtolemyEffigy$Factory.createEffigy(PtolemyEffigy.java:424)
	at ptolemy.actor.gui.EffigyFactory.createEffigy(EffigyFactory.java:234)
	at ptolemy.actor.gui.Configuration.openModel(Configuration.java:1125)
	at ptolemy.actor.gui.Configuration.openModel(Configuration.java:1051)
	at ptolemy.actor.gui.ConfigurationApplication._openModel(ConfigurationApplication.java:1252)
	at ptolemy.actor.gui.ConfigurationApplication._parseArg(ConfigurationApplication.java:1399)
	at ptolemy.actor.gui.ConfigurationApplication._parseArgs(ConfigurationApplication.java:1478)
	at ptolemy.actor.gui.ConfigurationApplication.<init>(ConfigurationApplication.java:277)
	at ptolemy.actor.gui.ConfigurationApplication.<init>(ConfigurationApplication.java:214)
	at ptolemy.actor.gui.ConfigurationApplication.<init>(ConfigurationApplication.java:201)
	at ptolemy.actor.gui.ConfigurationApplication.openModelOrEntity(ConfigurationApplication.java:680)
	at ptolemy.vergil.basic.export.ExportModel$1.run(ExportModel.java:220)
	at java.awt.event.InvocationEvent.dispatch(InvocationEvent.java:301)
	at java.awt.EventQueue.dispatchEventImpl(EventQueue.java:756)
	at java.awt.EventQueue.access$500(EventQueue.java:97)
	at java.awt.EventQueue$3.run(EventQueue.java:709)
	at java.awt.EventQueue$3.run(EventQueue.java:703)
	at java.security.AccessController.doPrivileged(Native Method)
	at java.security.ProtectionDomain$JavaSecurityAccessImpl.doIntersectionPrivilege(ProtectionDomain.java:80)
	at java.awt.EventQueue.dispatchEvent(EventQueue.java:726)
	at java.awt.EventDispatchThread.pumpOneEventForFilters(EventDispatchThread.java:201)
	at java.awt.EventDispatchThread.pumpEventsForFilter(EventDispatchThread.java:116)
	at java.awt.EventDispatchThread.pumpEventsForHierarchy(EventDispatchThread.java:105)
	at java.awt.EventDispatchThread.pumpEvents(EventDispatchThread.java:101)
	at java.awt.EventDispatchThread.pumpEvents(EventDispatchThread.java:93)
	at java.awt.EventDispatchThread.run(EventDispatchThread.java:82)
Caused by: ptolemy.actor.ptalon.PtalonRuntimeException: Unable to add actor null
	at ptolemy.actor.ptalon.PtalonEvaluator.addActor(PtalonEvaluator.java:300)
	at ptolemy.actor.ptalon.PtalonPopulator.actor_declaration(PtalonPopulator.java:1574)
	at ptolemy.actor.ptalon.PtalonPopulator.atomic_statement(PtalonPopulator.java:1638)
	at ptolemy.actor.ptalon.PtalonPopulator.iterative_statement_evaluator(PtalonPopulator.java:2484)
	at ptolemy.actor.ptalon.AbstractPtalonEvaluator$IfTree.evaluateForScope(AbstractPtalonEvaluator.java:1307)
	at ptolemy.actor.ptalon.AbstractPtalonEvaluator.evaluateForScope(AbstractPtalonEvaluator.java:744)
	at ptolemy.actor.ptalon.PtalonPopulator.iterative_statement(PtalonPopulator.java:2363)
	at ptolemy.actor.ptalon.PtalonPopulator.actor_definition(PtalonPopulator.java:2809)
	at ptolemy.actor.ptalon.PtalonActor.attributeChanged(PtalonActor.java:206)
	... 48 more
Caused by: ptolemy.kernel.util.InternalErrorException: Element <entity name="sender1" class="ptolemy.actor.ptalon.demo.ptinyos.SendAndReceiveCnt.CntToLedsAndRfm"> caused an exception to be thrown.
  in .SendAndReceiveCnt.SendAndReceiveCnt
Because:
Cannot find class: ptolemy.actor.ptalon.demo.ptinyos.SendAndReceiveCnt.CntToLedsAndRfm. In Ptolemy, classes are typically Java .class files. Entities like actors may instead be defined within a .xml file.  In any case, the class was not found. If the class uses a third party package, then the class would be present only if the third party package was found at compile time.  It may be necessary to upgrade Java or install the third party package, reconfigure and recompile.
Because:
Element <entity name="MicaLeds" class="ptolemy.domains.ptinyos.lib.MicaLeds"> caused an exception to be thrown.
  in .CntToLedsAndRfm
Because:
Cannot find class: ptolemy.domains.ptinyos.lib.MicaLeds. In Ptolemy, classes are typically Java .class files. Entities like actors may instead be defined within a .xml file.  In any case, the class was not found. If the class uses a third party package, then the class would be present only if the third party package was found at compile time.  It may be necessary to upgrade Java or install the third party package, reconfigure and recompile.
Because:
-- /home/travis/build/icyphy/ptII/ptolemy/actor/ptalon/demo/ptinyos/SendAndReceiveCnt/ptolemy/domains/ptinyos/lib/MicaLeds.xml (No such file or directory)
-- XML file not found relative to classpath.
-- /home/travis/build/icyphy/ptII/ptolemy/vergil/basic/export/test/ptolemy/domains/ptinyos/lib/MicaLeds.xml
/home/travis/build/icyphy/ptII/ptolemy/vergil/basic/export/test/ptolemy/domains/ptinyos/lib/MicaLeds.xml (No such file or directory)
 in file:/home/travis/build/icyphy/ptII/ptolemy/actor/ptalon/demo/ptinyos/SendAndReceiveCnt/CntToLedsAndRfm.xml at line 132 and column 63
	at ptolemy.moml.SimpleErrorHandler.handleError(SimpleErrorHandler.java:75)
	at ptolemy.moml.MoMLParser.startElement(MoMLParser.java:3805)
	at com.microstar.xml.XmlParser.parseElement(XmlParser.java:931)
	at com.microstar.xml.XmlParser.parseDocument(XmlParser.java:481)
	at com.microstar.xml.XmlParser.doParse(XmlParser.java:159)
	at com.microstar.xml.XmlParser.parse(XmlParser.java:132)
	at ptolemy.moml.MoMLParser.parse(MoMLParser.java:1660)
	at ptolemy.moml.MoMLParser.parse(MoMLParser.java:1617)
	at ptolemy.moml.MoMLParser.parse(MoMLParser.java:1792)
	at ptolemy.actor.ptalon.PtalonEvaluator.addActor(PtalonEvaluator.java:241)
	... 56 more
Caused by: ptolemy.kernel.util.IllegalActionException: Cannot find class: ptolemy.actor.ptalon.demo.ptinyos.SendAndReceiveCnt.CntToLedsAndRfm. In Ptolemy, classes are typically Java .class files. Entities like actors may instead be defined within a .xml file.  In any case, the class was not found. If the class uses a third party package, then the class would be present only if the third party package was found at compile time.  It may be necessary to upgrade Java or install the third party package, reconfigure and recompile.
Because:
Element <entity name="MicaLeds" class="ptolemy.domains.ptinyos.lib.MicaLeds"> caused an exception to be thrown.
  in .CntToLedsAndRfm
Because:
Cannot find class: ptolemy.domains.ptinyos.lib.MicaLeds. In Ptolemy, classes are typically Java .class files. Entities like actors may instead be defined within a .xml file.  In any case, the class was not found. If the class uses a third party package, then the class would be present only if the third party package was found at compile time.  It may be necessary to upgrade Java or install the third party package, reconfigure and recompile.
Because:
-- /home/travis/build/icyphy/ptII/ptolemy/actor/ptalon/demo/ptinyos/SendAndReceiveCnt/ptolemy/domains/ptinyos/lib/MicaLeds.xml (No such file or directory)
-- XML file not found relative to classpath.
-- /home/travis/build/icyphy/ptII/ptolemy/vergil/basic/export/test/ptolemy/domains/ptinyos/lib/MicaLeds.xml
/home/travis/build/icyphy/ptII/ptolemy/vergil/basic/export/test/ptolemy/domains/ptinyos/lib/MicaLeds.xml (No such file or directory)
 in file:/home/travis/build/icyphy/ptII/ptolemy/actor/ptalon/demo/ptinyos/SendAndReceiveCnt/CntToLedsAndRfm.xml at line 132 and column 63
	at ptolemy.moml.MoMLParser._createEntity(MoMLParser.java:4330)
	at ptolemy.moml.MoMLParser.startElement(MoMLParser.java:2864)
	... 64 more
Caused by: ptolemy.kernel.util.InternalErrorException: Element <entity name="MicaLeds" class="ptolemy.domains.ptinyos.lib.MicaLeds"> caused an exception to be thrown.
  in .CntToLedsAndRfm
Because:
Cannot find class: ptolemy.domains.ptinyos.lib.MicaLeds. In Ptolemy, classes are typically Java .class files. Entities like actors may instead be defined within a .xml file.  In any case, the class was not found. If the class uses a third party package, then the class would be present only if the third party package was found at compile time.  It may be necessary to upgrade Java or install the third party package, reconfigure and recompile.
Because:
-- /home/travis/build/icyphy/ptII/ptolemy/actor/ptalon/demo/ptinyos/SendAndReceiveCnt/ptolemy/domains/ptinyos/lib/MicaLeds.xml (No such file or directory)
-- XML file not found relative to classpath.
-- /home/travis/build/icyphy/ptII/ptolemy/vergil/basic/export/test/ptolemy/domains/ptinyos/lib/MicaLeds.xml
/home/travis/build/icyphy/ptII/ptolemy/vergil/basic/export/test/ptolemy/domains/ptinyos/lib/MicaLeds.xml (No such file or directory)
 in file:/home/travis/build/icyphy/ptII/ptolemy/actor/ptalon/demo/ptinyos/SendAndReceiveCnt/CntToLedsAndRfm.xml at line 132 and column 63
	at ptolemy.moml.SimpleErrorHandler.handleError(SimpleErrorHandler.java:75)
	at ptolemy.moml.MoMLParser.startElement(MoMLParser.java:3805)
	at com.microstar.xml.XmlParser.parseElement(XmlParser.java:921)
	at com.microstar.xml.XmlParser.parseContent(XmlParser.java:1104)
	at com.microstar.xml.XmlParser.parseElement(XmlParser.java:924)
	at com.microstar.xml.XmlParser.parseDocument(XmlParser.java:481)
	at com.microstar.xml.XmlParser.doParse(XmlParser.java:159)
	at com.microstar.xml.XmlParser.parse(XmlParser.java:132)
	at ptolemy.moml.MoMLParser.parse(MoMLParser.java:1676)
	at ptolemy.moml.MoMLParser.parse(MoMLParser.java:1595)
	at ptolemy.moml.MoMLParser.parse(MoMLParser.java:1537)
	at ptolemy.moml.MoMLParser._findOrParse(MoMLParser.java:5286)
	at ptolemy.moml.MoMLParser._attemptToFindMoMLClass(MoMLParser.java:4075)
	at ptolemy.moml.MoMLParser._createEntity(MoMLParser.java:4323)
	... 65 more
Caused by: ptolemy.kernel.util.IllegalActionException: Cannot find class: ptolemy.domains.ptinyos.lib.MicaLeds. In Ptolemy, classes are typically Java .class files. Entities like actors may instead be defined within a .xml file.  In any case, the class was not found. If the class uses a third party package, then the class would be present only if the third party package was found at compile time.  It may be necessary to upgrade Java or install the third party package, reconfigure and recompile.
Because:
-- /home/travis/build/icyphy/ptII/ptolemy/actor/ptalon/demo/ptinyos/SendAndReceiveCnt/ptolemy/domains/ptinyos/lib/MicaLeds.xml (No such file or directory)
-- XML file not found relative to classpath.
-- /home/travis/build/icyphy/ptII/ptolemy/vergil/basic/export/test/ptolemy/domains/ptinyos/lib/MicaLeds.xml
/home/travis/build/icyphy/ptII/ptolemy/vergil/basic/export/test/ptolemy/domains/ptinyos/lib/MicaLeds.xml (No such file or directory)
 in file:/home/travis/build/icyphy/ptII/ptolemy/actor/ptalon/demo/ptinyos/SendAndReceiveCnt/CntToLedsAndRfm.xml at line 132 and column 63
	at ptolemy.moml.MoMLParser._createEntity(MoMLParser.java:4330)
	at ptolemy.moml.MoMLParser.startElement(MoMLParser.java:2864)
	... 77 more
Caused by: com.microstar.xml.XmlException: -- /home/travis/build/icyphy/ptII/ptolemy/actor/ptalon/demo/ptinyos/SendAndReceiveCnt/ptolemy/domains/ptinyos/lib/MicaLeds.xml (No such file or directory)
-- XML file not found relative to classpath.
-- /home/travis/build/icyphy/ptII/ptolemy/vergil/basic/export/test/ptolemy/domains/ptinyos/lib/MicaLeds.xml
/home/travis/build/icyphy/ptII/ptolemy/vergil/basic/export/test/ptolemy/domains/ptinyos/lib/MicaLeds.xml (No such file or directory)
 in file:/home/travis/build/icyphy/ptII/ptolemy/actor/ptalon/demo/ptinyos/SendAndReceiveCnt/CntToLedsAndRfm.xml at line 132 and column 63
	at ptolemy.moml.MoMLParser.fileNameToURL(MoMLParser.java:1414)
	at ptolemy.moml.MoMLParser._findOrParse(MoMLParser.java:5283)
	at ptolemy.moml.MoMLParser._attemptToFindMoMLClass(MoMLParser.java:4075)
	at ptolemy.moml.MoMLParser._createEntity(MoMLParser.java:4323)
	... 78 more
Caused by: ptolemy.actor.ptalon.PtalonRuntimeException: Unable to add actor null
	at ptolemy.actor.ptalon.PtalonEvaluator.addActor(PtalonEvaluator.java:300)
	at ptolemy.actor.ptalon.PtalonPopulator.actor_declaration(PtalonPopulator.java:1574)
	at ptolemy.actor.ptalon.PtalonPopulator.atomic_statement(PtalonPopulator.java:1638)
	at ptolemy.actor.ptalon.PtalonPopulator.iterative_statement_evaluator(PtalonPopulator.java:2484)
	at ptolemy.actor.ptalon.AbstractPtalonEvaluator$IfTree.evaluateForScope(AbstractPtalonEvaluator.java:1307)
	at ptolemy.actor.ptalon.AbstractPtalonEvaluator.evaluateForScope(AbstractPtalonEvaluator.java:744)
	at ptolemy.actor.ptalon.PtalonPopulator.iterative_statement(PtalonPopulator.java:2363)
	at ptolemy.actor.ptalon.PtalonPopulator.actor_definition(PtalonPopulator.java:2809)
	at ptolemy.actor.ptalon.PtalonActor.attributeChanged(PtalonActor.java:206)
	at ptolemy.actor.ptalon.PtalonMLHandler.startElement(PtalonMLHandler.java:134)
	at com.microstar.xml.XmlParser.parseElement(XmlParser.java:921)
	at com.microstar.xml.XmlParser.parseContent(XmlParser.java:1104)
	at com.microstar.xml.XmlParser.parseElement(XmlParser.java:924)
	at com.microstar.xml.XmlParser.parseDocument(XmlParser.java:481)
	at com.microstar.xml.XmlParser.doParse(XmlParser.java:159)
	at com.microstar.xml.XmlParser.parse(XmlParser.java:132)
	at ptolemy.actor.ptalon.PtalonActor.configure(PtalonActor.java:240)
	at ptolemy.moml.MoMLParser.endElement(MoMLParser.java:996)
	at com.microstar.xml.XmlParser.parseETag(XmlParser.java:1026)
	at com.microstar.xml.XmlParser.parseContent(XmlParser.java:1098)
	at com.microstar.xml.XmlParser.parseElement(XmlParser.java:924)
	at com.microstar.xml.XmlParser.parseContent(XmlParser.java:1104)
	at com.microstar.xml.XmlParser.parseElement(XmlParser.java:924)
	at com.microstar.xml.XmlParser.parseContent(XmlParser.java:1104)
	at com.microstar.xml.XmlParser.parseElement(XmlParser.java:924)
	at com.microstar.xml.XmlParser.parseDocument(XmlParser.java:481)
	at com.microstar.xml.XmlParser.doParse(XmlParser.java:159)
	at com.microstar.xml.XmlParser.parse(XmlParser.java:132)
	at ptolemy.moml.MoMLParser.parse(MoMLParser.java:1676)
	at ptolemy.moml.MoMLParser.parse(MoMLParser.java:1595)
	at ptolemy.moml.MoMLParser.parse(MoMLParser.java:1537)
	at ptolemy.actor.gui.PtolemyEffigy$Factory.createEffigy(PtolemyEffigy.java:424)
	at ptolemy.actor.gui.EffigyFactory.createEffigy(EffigyFactory.java:234)
	at ptolemy.actor.gui.Configuration.openModel(Configuration.java:1125)
	at ptolemy.actor.gui.Configuration.openModel(Configuration.java:1051)
	at ptolemy.actor.gui.ConfigurationApplication._openModel(ConfigurationApplication.java:1252)
	at ptolemy.actor.gui.ConfigurationApplication._parseArg(ConfigurationApplication.java:1399)
	at ptolemy.actor.gui.ConfigurationApplication._parseArgs(ConfigurationApplication.java:1478)
	at ptolemy.actor.gui.ConfigurationApplication.<init>(ConfigurationApplication.java:277)
	at ptolemy.actor.gui.ConfigurationApplication.<init>(ConfigurationApplication.java:214)
	at ptolemy.actor.gui.ConfigurationApplication.<init>(ConfigurationApplication.java:201)
	at ptolemy.actor.gui.ConfigurationApplication.openModelOrEntity(ConfigurationApplication.java:680)
	at ptolemy.vergil.basic.export.ExportModel$1.run(ExportModel.java:220)
	at java.awt.event.InvocationEvent.dispatch(InvocationEvent.java:301)
	at java.awt.EventQueue.dispatchEventImpl(EventQueue.java:756)
	at java.awt.EventQueue.access$500(EventQueue.java:97)
	at java.awt.EventQueue$3.run(EventQueue.java:709)
	at java.awt.EventQueue$3.run(EventQueue.java:703)
	at java.security.AccessController.doPrivileged(Native Method)
	at java.security.ProtectionDomain$JavaSecurityAccessImpl.doIntersectionPrivilege(ProtectionDomain.java:80)
	at java.awt.EventQueue.dispatchEvent(EventQueue.java:726)
	at java.awt.EventDispatchThread.pumpOneEventForFilters(EventDispatchThread.java:201)
	at java.awt.EventDispatchThread.pumpEventsForFilter(EventDispatchThread.java:116)
	at java.awt.EventDispatchThread.pumpEventsForHierarchy(EventDispatchThread.java:105)
	at java.awt.EventDispatchThread.pumpEvents(EventDispatchThread.java:101)
	at java.awt.EventDispatchThread.pumpEvents(EventDispatchThread.java:93)
	at java.awt.EventDispatchThread.run(EventDispatchThread.java:82)
Caused by: ptolemy.kernel.util.InternalErrorException: Element <entity name="sender1" class="ptolemy.actor.ptalon.demo.ptinyos.SendAndReceiveCnt.CntToLedsAndRfm"> caused an exception to be thrown.
  in .SendAndReceiveCnt.SendAndReceiveCnt
Because:
Cannot find class: ptolemy.actor.ptalon.demo.ptinyos.SendAndReceiveCnt.CntToLedsAndRfm. In Ptolemy, classes are typically Java .class files. Entities like actors may instead be defined within a .xml file.  In any case, the class was not found. If the class uses a third party package, then the class would be present only if the third party package was found at compile time.  It may be necessary to upgrade Java or install the third party package, reconfigure and recompile.
Because:
Element <entity name="MicaLeds" class="ptolemy.domains.ptinyos.lib.MicaLeds"> caused an exception to be thrown.
  in .CntToLedsAndRfm
Because:
Cannot find class: ptolemy.domains.ptinyos.lib.MicaLeds. In Ptolemy, classes are typically Java .class files. Entities like actors may instead be defined within a .xml file.  In any case, the class was not found. If the class uses a third party package, then the class would be present only if the third party package was found at compile time.  It may be necessary to upgrade Java or install the third party package, reconfigure and recompile.
Because:
-- /home/travis/build/icyphy/ptII/ptolemy/actor/ptalon/demo/ptinyos/SendAndReceiveCnt/ptolemy/domains/ptinyos/lib/MicaLeds.xml (No such file or directory)
-- XML file not found relative to classpath.
-- /home/travis/build/icyphy/ptII/ptolemy/vergil/basic/export/test/ptolemy/domains/ptinyos/lib/MicaLeds.xml
/home/travis/build/icyphy/ptII/ptolemy/vergil/basic/export/test/ptolemy/domains/ptinyos/lib/MicaLeds.xml (No such file or directory)
 in file:/home/travis/build/icyphy/ptII/ptolemy/actor/ptalon/demo/ptinyos/SendAndReceiveCnt/CntToLedsAndRfm.xml at line 132 and column 63
	at ptolemy.moml.SimpleErrorHandler.handleError(SimpleErrorHandler.java:75)
	at ptolemy.moml.MoMLParser.startElement(MoMLParser.java:3805)
	at com.microstar.xml.XmlParser.parseElement(XmlParser.java:931)
	at com.microstar.xml.XmlParser.parseDocument(XmlParser.java:481)
	at com.microstar.xml.XmlParser.doParse(XmlParser.java:159)
	at com.microstar.xml.XmlParser.parse(XmlParser.java:132)
	at ptolemy.moml.MoMLParser.parse(MoMLParser.java:1660)
	at ptolemy.moml.MoMLParser.parse(MoMLParser.java:1617)
	at ptolemy.moml.MoMLParser.parse(MoMLParser.java:1792)
	at ptolemy.actor.ptalon.PtalonEvaluator.addActor(PtalonEvaluator.java:241)
	... 56 more
Caused by: ptolemy.kernel.util.IllegalActionException: Cannot find class: ptolemy.actor.ptalon.demo.ptinyos.SendAndReceiveCnt.CntToLedsAndRfm. In Ptolemy, classes are typically Java .class files. Entities like actors may instead be defined within a .xml file.  In any case, the class was not found. If the class uses a third party package, then the class would be present only if the third party package was found at compile time.  It may be necessary to upgrade Java or install the third party package, reconfigure and recompile.
Because:
Element <entity name="MicaLeds" class="ptolemy.domains.ptinyos.lib.MicaLeds"> caused an exception to be thrown.
  in .CntToLedsAndRfm
Because:
Cannot find class: ptolemy.domains.ptinyos.lib.MicaLeds. In Ptolemy, classes are typically Java .class files. Entities like actors may instead be defined within a .xml file.  In any case, the class was not found. If the class uses a third party package, then the class would be present only if the third party package was found at compile time.  It may be necessary to upgrade Java or install the third party package, reconfigure and recompile.
Because:
-- /home/travis/build/icyphy/ptII/ptolemy/actor/ptalon/demo/ptinyos/SendAndReceiveCnt/ptolemy/domains/ptinyos/lib/MicaLeds.xml (No such file or directory)
-- XML file not found relative to classpath.
-- /home/travis/build/icyphy/ptII/ptolemy/vergil/basic/export/test/ptolemy/domains/ptinyos/lib/MicaLeds.xml
/home/travis/build/icyphy/ptII/ptolemy/vergil/basic/export/test/ptolemy/domains/ptinyos/lib/MicaLeds.xml (No such file or directory)
 in file:/home/travis/build/icyphy/ptII/ptolemy/actor/ptalon/demo/ptinyos/SendAndReceiveCnt/CntToLedsAndRfm.xml at line 132 and column 63
	at ptolemy.moml.MoMLParser._createEntity(MoMLParser.java:4330)
	at ptolemy.moml.MoMLParser.startElement(MoMLParser.java:2864)
	... 64 more
Caused by: ptolemy.kernel.util.InternalErrorException: Element <entity name="MicaLeds" class="ptolemy.domains.ptinyos.lib.MicaLeds"> caused an exception to be thrown.
  in .CntToLedsAndRfm
Because:
Cannot find class: ptolemy.domains.ptinyos.lib.MicaLeds. In Ptolemy, classes are typically Java .class files. Entities like actors may instead be defined within a .xml file.  In any case, the class was not found. If the class uses a third party package, then the class would be present only if the third party package was found at compile time.  It may be necessary to upgrade Java or install the third party package, reconfigure and recompile.
Because:
-- /home/travis/build/icyphy/ptII/ptolemy/actor/ptalon/demo/ptinyos/SendAndReceiveCnt/ptolemy/domains/ptinyos/lib/MicaLeds.xml (No such file or directory)
-- XML file not found relative to classpath.
-- /home/travis/build/icyphy/ptII/ptolemy/vergil/basic/export/test/ptolemy/domains/ptinyos/lib/MicaLeds.xml
/home/travis/build/icyphy/ptII/ptolemy/vergil/basic/export/test/ptolemy/domains/ptinyos/lib/MicaLeds.xml (No such file or directory)
 in file:/home/travis/build/icyphy/ptII/ptolemy/actor/ptalon/demo/ptinyos/SendAndReceiveCnt/CntToLedsAndRfm.xml at line 132 and column 63
	at ptolemy.moml.SimpleErrorHandler.handleError(SimpleErrorHandler.java:75)
	at ptolemy.moml.MoMLParser.startElement(MoMLParser.java:3805)
	at com.microstar.xml.XmlParser.parseElement(XmlParser.java:921)
	at com.microstar.xml.XmlParser.parseContent(XmlParser.java:1104)
	at com.microstar.xml.XmlParser.parseElement(XmlParser.java:924)
	at com.microstar.xml.XmlParser.parseDocument(XmlParser.java:481)
	at com.microstar.xml.XmlParser.doParse(XmlParser.java:159)
	at com.microstar.xml.XmlParser.parse(XmlParser.java:132)
	at ptolemy.moml.MoMLParser.parse(MoMLParser.java:1676)
	at ptolemy.moml.MoMLParser.parse(MoMLParser.java:1595)
	at ptolemy.moml.MoMLParser.parse(MoMLParser.java:1537)
	at ptolemy.moml.MoMLParser._findOrParse(MoMLParser.java:5286)
	at ptolemy.moml.MoMLParser._attemptToFindMoMLClass(MoMLParser.java:4075)
	at ptolemy.moml.MoMLParser._createEntity(MoMLParser.java:4323)
	... 65 more
Caused by: ptolemy.kernel.util.IllegalActionException: Cannot find class: ptolemy.domains.ptinyos.lib.MicaLeds. In Ptolemy, classes are typically Java .class files. Entities like actors may instead be defined within a .xml file.  In any case, the class was not found. If the class uses a third party package, then the class would be present only if the third party package was found at compile time.  It may be necessary to upgrade Java or install the third party package, reconfigure and recompile.
Because:
-- /home/travis/build/icyphy/ptII/ptolemy/actor/ptalon/demo/ptinyos/SendAndReceiveCnt/ptolemy/domains/ptinyos/lib/MicaLeds.xml (No such file or directory)
-- XML file not found relative to classpath.
-- /home/travis/build/icyphy/ptII/ptolemy/vergil/basic/export/test/ptolemy/domains/ptinyos/lib/MicaLeds.xml
/home/travis/build/icyphy/ptII/ptolemy/vergil/basic/export/test/ptolemy/domains/ptinyos/lib/MicaLeds.xml (No such file or directory)
 in file:/home/travis/build/icyphy/ptII/ptolemy/actor/ptalon/demo/ptinyos/SendAndReceiveCnt/CntToLedsAndRfm.xml at line 132 and column 63
	at ptolemy.moml.MoMLParser._createEntity(MoMLParser.java:4330)
	at ptolemy.moml.MoMLParser.startElement(MoMLParser.java:2864)
	... 77 more
Caused by: com.microstar.xml.XmlException: -- /home/travis/build/icyphy/ptII/ptolemy/actor/ptalon/demo/ptinyos/SendAndReceiveCnt/ptolemy/domains/ptinyos/lib/MicaLeds.xml (No such file or directory)
-- XML file not found relative to classpath.
-- /home/travis/build/icyphy/ptII/ptolemy/vergil/basic/export/test/ptolemy/domains/ptinyos/lib/MicaLeds.xml
/home/travis/build/icyphy/ptII/ptolemy/vergil/basic/export/test/ptolemy/domains/ptinyos/lib/MicaLeds.xml (No such file or directory)
 in file:/home/travis/build/icyphy/ptII/ptolemy/actor/ptalon/demo/ptinyos/SendAndReceiveCnt/CntToLedsAndRfm.xml at line 132 and column 63
	at ptolemy.moml.MoMLParser.fileNameToURL(MoMLParser.java:1414)
	at ptolemy.moml.MoMLParser._findOrParse(MoMLParser.java:5283)
	at ptolemy.moml.MoMLParser._attemptToFindMoMLClass(MoMLParser.java:4075)
	at ptolemy.moml.MoMLParser._createEntity(MoMLParser.java:4323)
	... 78 more
Failed to read file:/home/travis/build/icyphy/ptII/ptolemy/actor/ptalon/demo/ptinyos/SendAndReceiveCnt/SendAndReceiveCnt.xml
ptolemy.kernel.util.IllegalActionException: Failed to process attribute change to PtalonParameter, whose value is "ptolemy.actor.ptalon.PtalonExpressionParameter {.SendAndReceiveCnt.SendAndReceiveCnt.channelName} "AtomicWirelessChannel"".
  in .SendAndReceiveCnt.SendAndReceiveCnt
Because:
Unable to add actor null
	at ptolemy.actor.ptalon.PtalonActor.attributeChanged(PtalonActor.java:211)
	at ptolemy.actor.ptalon.PtalonMLHandler.startElement(PtalonMLHandler.java:134)
	at com.microstar.xml.XmlParser.parseElement(XmlParser.java:921)
	at com.microstar.xml.XmlParser.parseContent(XmlParser.java:1104)
	at com.microstar.xml.XmlParser.parseElement(XmlParser.java:924)
	at com.microstar.xml.XmlParser.parseDocument(XmlParser.java:481)
	at com.microstar.xml.XmlParser.doParse(XmlParser.java:159)
	at com.microstar.xml.XmlParser.parse(XmlParser.java:132)
	at ptolemy.actor.ptalon.PtalonActor.configure(PtalonActor.java:240)
	at ptolemy.moml.MoMLParser.endElement(MoMLParser.java:996)
	at com.microstar.xml.XmlParser.parseETag(XmlParser.java:1026)
	at com.microstar.xml.XmlParser.parseContent(XmlParser.java:1098)
	at com.microstar.xml.XmlParser.parseElement(XmlParser.java:924)
	at com.microstar.xml.XmlParser.parseContent(XmlParser.java:1104)
	at com.microstar.xml.XmlParser.parseElement(XmlParser.java:924)
	at com.microstar.xml.XmlParser.parseContent(XmlParser.java:1104)
	at com.microstar.xml.XmlParser.parseElement(XmlParser.java:924)
	at com.microstar.xml.XmlParser.parseDocument(XmlParser.java:481)
	at com.microstar.xml.XmlParser.doParse(XmlParser.java:159)
	at com.microstar.xml.XmlParser.parse(XmlParser.java:132)
	at ptolemy.moml.MoMLParser.parse(MoMLParser.java:1676)
	at ptolemy.moml.MoMLParser.parse(MoMLParser.java:1595)
	at ptolemy.moml.MoMLParser.parse(MoMLParser.java:1537)
	at ptolemy.actor.gui.PtolemyEffigy$Factory.createEffigy(PtolemyEffigy.java:424)
	at ptolemy.actor.gui.EffigyFactory.createEffigy(EffigyFactory.java:234)
	at ptolemy.actor.gui.Configuration.openModel(Configuration.java:1125)
	at ptolemy.actor.gui.Configuration.openModel(Configuration.java:1051)
	at ptolemy.actor.gui.ConfigurationApplication._openModel(ConfigurationApplication.java:1252)
	at ptolemy.actor.gui.ConfigurationApplication._parseArg(ConfigurationApplication.java:1399)
	at ptolemy.actor.gui.ConfigurationApplication._parseArgs(ConfigurationApplication.java:1478)
	at ptolemy.actor.gui.ConfigurationApplication.<init>(ConfigurationApplication.java:277)
	at ptolemy.actor.gui.ConfigurationApplication.<init>(ConfigurationApplication.java:214)
	at ptolemy.actor.gui.ConfigurationApplication.<init>(ConfigurationApplication.java:201)
	at ptolemy.actor.gui.ConfigurationApplication.openModelOrEntity(ConfigurationApplication.java:680)
	at ptolemy.vergil.basic.export.ExportModel$1.run(ExportModel.java:220)
	at java.awt.event.InvocationEvent.dispatch(InvocationEvent.java:301)
	at java.awt.EventQueue.dispatchEventImpl(EventQueue.java:756)
	at java.awt.EventQueue.access$500(EventQueue.java:97)
	at java.awt.EventQueue$3.run(EventQueue.java:709)
	at java.awt.EventQueue$3.run(EventQueue.java:703)
	at java.security.AccessController.doPrivileged(Native Method)
	at java.security.ProtectionDomain$JavaSecurityAccessImpl.doIntersectionPrivilege(ProtectionDomain.java:80)
	at java.awt.EventQueue.dispatchEvent(EventQueue.java:726)
	at java.awt.EventDispatchThread.pumpOneEventForFilters(EventDispatchThread.java:201)
	at java.awt.EventDispatchThread.pumpEventsForFilter(EventDispatchThread.java:116)
	at java.awt.EventDispatchThread.pumpEventsForHierarchy(EventDispatchThread.java:105)
	at java.awt.EventDispatchThread.pumpEvents(EventDispatchThread.java:101)
	at java.awt.EventDispatchThread.pumpEvents(EventDispatchThread.java:93)
	at java.awt.EventDispatchThread.run(EventDispatchThread.java:82)
Caused by: ptolemy.actor.ptalon.PtalonRuntimeException: Unable to add actor null
	at ptolemy.actor.ptalon.PtalonEvaluator.addActor(PtalonEvaluator.java:300)
	at ptolemy.actor.ptalon.PtalonPopulator.actor_declaration(PtalonPopulator.java:1574)
	at ptolemy.actor.ptalon.PtalonPopulator.atomic_statement(PtalonPopulator.java:1638)
	at ptolemy.actor.ptalon.PtalonPopulator.iterative_statement_evaluator(PtalonPopulator.java:2484)
	at ptolemy.actor.ptalon.AbstractPtalonEvaluator$IfTree.evaluateForScope(AbstractPtalonEvaluator.java:1307)
	at ptolemy.actor.ptalon.AbstractPtalonEvaluator.evaluateForScope(AbstractPtalonEvaluator.java:744)
	at ptolemy.actor.ptalon.PtalonPopulator.iterative_statement(PtalonPopulator.java:2363)
	at ptolemy.actor.ptalon.PtalonPopulator.actor_definition(PtalonPopulator.java:2809)
	at ptolemy.actor.ptalon.PtalonActor.attributeChanged(PtalonActor.java:206)
	... 48 more
Caused by: ptolemy.kernel.util.InternalErrorException: Element <entity name="sender1" class="ptolemy.actor.ptalon.demo.ptinyos.SendAndReceiveCnt.CntToLedsAndRfm"> caused an exception to be thrown.
  in .SendAndReceiveCnt.SendAndReceiveCnt
Because:
Cannot find class: ptolemy.actor.ptalon.demo.ptinyos.SendAndReceiveCnt.CntToLedsAndRfm. In Ptolemy, classes are typically Java .class files. Entities like actors may instead be defined within a .xml file.  In any case, the class was not found. If the class uses a third party package, then the class would be present only if the third party package was found at compile time.  It may be necessary to upgrade Java or install the third party package, reconfigure and recompile.
Because:
Element <entity name="MicaLeds" class="ptolemy.domains.ptinyos.lib.MicaLeds"> caused an exception to be thrown.
  in .CntToLedsAndRfm
Because:
Cannot find class: ptolemy.domains.ptinyos.lib.MicaLeds. In Ptolemy, classes are typically Java .class files. Entities like actors may instead be defined within a .xml file.  In any case, the class was not found. If the class uses a third party package, then the class would be present only if the third party package was found at compile time.  It may be necessary to upgrade Java or install the third party package, reconfigure and recompile.
Because:
-- /home/travis/build/icyphy/ptII/ptolemy/actor/ptalon/demo/ptinyos/SendAndReceiveCnt/ptolemy/domains/ptinyos/lib/MicaLeds.xml (No such file or directory)
-- XML file not found relative to classpath.
-- /home/travis/build/icyphy/ptII/ptolemy/vergil/basic/export/test/ptolemy/domains/ptinyos/lib/MicaLeds.xml
/home/travis/build/icyphy/ptII/ptolemy/vergil/basic/export/test/ptolemy/domains/ptinyos/lib/MicaLeds.xml (No such file or directory)
 in file:/home/travis/build/icyphy/ptII/ptolemy/actor/ptalon/demo/ptinyos/SendAndReceiveCnt/CntToLedsAndRfm.xml at line 132 and column 63
	at ptolemy.moml.SimpleErrorHandler.handleError(SimpleErrorHandler.java:75)
	at ptolemy.moml.MoMLParser.startElement(MoMLParser.java:3805)
	at com.microstar.xml.XmlParser.parseElement(XmlParser.java:931)
	at com.microstar.xml.XmlParser.parseDocument(XmlParser.java:481)
	at com.microstar.xml.XmlParser.doParse(XmlParser.java:159)
	at com.microstar.xml.XmlParser.parse(XmlParser.java:132)
	at ptolemy.moml.MoMLParser.parse(MoMLParser.java:1660)
	at ptolemy.moml.MoMLParser.parse(MoMLParser.java:1617)
	at ptolemy.moml.MoMLParser.parse(MoMLParser.java:1792)
	at ptolemy.actor.ptalon.PtalonEvaluator.addActor(PtalonEvaluator.java:241)
	... 56 more
Caused by: ptolemy.kernel.util.IllegalActionException: Cannot find class: ptolemy.actor.ptalon.demo.ptinyos.SendAndReceiveCnt.CntToLedsAndRfm. In Ptolemy, classes are typically Java .class files. Entities like actors may instead be defined within a .xml file.  In any case, the class was not found. If the class uses a third party package, then the class would be present only if the third party package was found at compile time.  It may be necessary to upgrade Java or install the third party package, reconfigure and recompile.
Because:
Element <entity name="MicaLeds" class="ptolemy.domains.ptinyos.lib.MicaLeds"> caused an exception to be thrown.
  in .CntToLedsAndRfm
Because:
Cannot find class: ptolemy.domains.ptinyos.lib.MicaLeds. In Ptolemy, classes are typically Java .class files. Entities like actors may instead be defined within a .xml file.  In any case, the class was not found. If the class uses a third party package, then the class would be present only if the third party package was found at compile time.  It may be necessary to upgrade Java or install the third party package, reconfigure and recompile.
Because:
-- /home/travis/build/icyphy/ptII/ptolemy/actor/ptalon/demo/ptinyos/SendAndReceiveCnt/ptolemy/domains/ptinyos/lib/MicaLeds.xml (No such file or directory)
-- XML file not found relative to classpath.
-- /home/travis/build/icyphy/ptII/ptolemy/vergil/basic/export/test/ptolemy/domains/ptinyos/lib/MicaLeds.xml
/home/travis/build/icyphy/ptII/ptolemy/vergil/basic/export/test/ptolemy/domains/ptinyos/lib/MicaLeds.xml (No such file or directory)
 in file:/home/travis/build/icyphy/ptII/ptolemy/actor/ptalon/demo/ptinyos/SendAndReceiveCnt/CntToLedsAndRfm.xml at line 132 and column 63
	at ptolemy.moml.MoMLParser._createEntity(MoMLParser.java:4330)
	at ptolemy.moml.MoMLParser.startElement(MoMLParser.java:2864)
	... 64 more
Caused by: ptolemy.kernel.util.InternalErrorException: Element <entity name="MicaLeds" class="ptolemy.domains.ptinyos.lib.MicaLeds"> caused an exception to be thrown.
  in .CntToLedsAndRfm
Because:
Cannot find class: ptolemy.domains.ptinyos.lib.MicaLeds. In Ptolemy, classes are typically Java .class files. Entities like actors may instead be defined within a .xml file.  In any case, the class was not found. If the class uses a third party package, then the class would be present only if the third party package was found at compile time.  It may be necessary to upgrade Java or install the third party package, reconfigure and recompile.
Because:
-- /home/travis/build/icyphy/ptII/ptolemy/actor/ptalon/demo/ptinyos/SendAndReceiveCnt/ptolemy/domains/ptinyos/lib/MicaLeds.xml (No such file or directory)
-- XML file not found relative to classpath.
-- /home/travis/build/icyphy/ptII/ptolemy/vergil/basic/export/test/ptolemy/domains/ptinyos/lib/MicaLeds.xml
/home/travis/build/icyphy/ptII/ptolemy/vergil/basic/export/test/ptolemy/domains/ptinyos/lib/MicaLeds.xml (No such file or directory)
 in file:/home/travis/build/icyphy/ptII/ptolemy/actor/ptalon/demo/ptinyos/SendAndReceiveCnt/CntToLedsAndRfm.xml at line 132 and column 63
	at ptolemy.moml.SimpleErrorHandler.handleError(SimpleErrorHandler.java:75)
	at ptolemy.moml.MoMLParser.startElement(MoMLParser.java:3805)
	at com.microstar.xml.XmlParser.parseElement(XmlParser.java:921)
	at com.microstar.xml.XmlParser.parseContent(XmlParser.java:1104)
	at com.microstar.xml.XmlParser.parseElement(XmlParser.java:924)
	at com.microstar.xml.XmlParser.parseDocument(XmlParser.java:481)
	at com.microstar.xml.XmlParser.doParse(XmlParser.java:159)
	at com.microstar.xml.XmlParser.parse(XmlParser.java:132)
	at ptolemy.moml.MoMLParser.parse(MoMLParser.java:1676)
	at ptolemy.moml.MoMLParser.parse(MoMLParser.java:1595)
	at ptolemy.moml.MoMLParser.parse(MoMLParser.java:1537)
	at ptolemy.moml.MoMLParser._findOrParse(MoMLParser.java:5286)
	at ptolemy.moml.MoMLParser._attemptToFindMoMLClass(MoMLParser.java:4075)
	at ptolemy.moml.MoMLParser._createEntity(MoMLParser.java:4323)
	... 65 more
Caused by: ptolemy.kernel.util.IllegalActionException: Cannot find class: ptolemy.domains.ptinyos.lib.MicaLeds. In Ptolemy, classes are typically Java .class files. Entities like actors may instead be defined within a .xml file.  In any case, the class was not found. If the class uses a third party package, then the class would be present only if the third party package was found at compile time.  It may be necessary to upgrade Java or install the third party package, reconfigure and recompile.
Because:
-- /home/travis/build/icyphy/ptII/ptolemy/actor/ptalon/demo/ptinyos/SendAndReceiveCnt/ptolemy/domains/ptinyos/lib/MicaLeds.xml (No such file or directory)
-- XML file not found relative to classpath.
-- /home/travis/build/icyphy/ptII/ptolemy/vergil/basic/export/test/ptolemy/domains/ptinyos/lib/MicaLeds.xml
/home/travis/build/icyphy/ptII/ptolemy/vergil/basic/export/test/ptolemy/domains/ptinyos/lib/MicaLeds.xml (No such file or directory)
 in file:/home/travis/build/icyphy/ptII/ptolemy/actor/ptalon/demo/ptinyos/SendAndReceiveCnt/CntToLedsAndRfm.xml at line 132 and column 63
	at ptolemy.moml.MoMLParser._createEntity(MoMLParser.java:4330)
	at ptolemy.moml.MoMLParser.startElement(MoMLParser.java:2864)
	... 77 more
Caused by: com.microstar.xml.XmlException: -- /home/travis/build/icyphy/ptII/ptolemy/actor/ptalon/demo/ptinyos/SendAndReceiveCnt/ptolemy/domains/ptinyos/lib/MicaLeds.xml (No such file or directory)
-- XML file not found relative to classpath.
-- /home/travis/build/icyphy/ptII/ptolemy/vergil/basic/export/test/ptolemy/domains/ptinyos/lib/MicaLeds.xml
/home/travis/build/icyphy/ptII/ptolemy/vergil/basic/export/test/ptolemy/domains/ptinyos/lib/MicaLeds.xml (No such file or directory)
 in file:/home/travis/build/icyphy/ptII/ptolemy/actor/ptalon/demo/ptinyos/SendAndReceiveCnt/CntToLedsAndRfm.xml at line 132 and column 63
	at ptolemy.moml.MoMLParser.fileNameToURL(MoMLParser.java:1414)
	at ptolemy.moml.MoMLParser._findOrParse(MoMLParser.java:5283)
	at ptolemy.moml.MoMLParser._attemptToFindMoMLClass(MoMLParser.java:4075)
	at ptolemy.moml.MoMLParser._createEntity(MoMLParser.java:4323)
	... 78 more
Caused by: ptolemy.actor.ptalon.PtalonRuntimeException: Unable to add actor null
	at ptolemy.actor.ptalon.PtalonEvaluator.addActor(PtalonEvaluator.java:300)
	at ptolemy.actor.ptalon.PtalonPopulator.actor_declaration(PtalonPopulator.java:1574)
	at ptolemy.actor.ptalon.PtalonPopulator.atomic_statement(PtalonPopulator.java:1638)
	at ptolemy.actor.ptalon.PtalonPopulator.iterative_statement_evaluator(PtalonPopulator.java:2484)
	at ptolemy.actor.ptalon.AbstractPtalonEvaluator$IfTree.evaluateForScope(AbstractPtalonEvaluator.java:1307)
	at ptolemy.actor.ptalon.AbstractPtalonEvaluator.evaluateForScope(AbstractPtalonEvaluator.java:744)
	at ptolemy.actor.ptalon.PtalonPopulator.iterative_statement(PtalonPopulator.java:2363)
	at ptolemy.actor.ptalon.PtalonPopulator.actor_definition(PtalonPopulator.java:2809)
	at ptolemy.actor.ptalon.PtalonActor.attributeChanged(PtalonActor.java:206)
	at ptolemy.actor.ptalon.PtalonMLHandler.startElement(PtalonMLHandler.java:134)
	at com.microstar.xml.XmlParser.parseElement(XmlParser.java:921)
	at com.microstar.xml.XmlParser.parseContent(XmlParser.java:1104)
	at com.microstar.xml.XmlParser.parseElement(XmlParser.java:924)
	at com.microstar.xml.XmlParser.parseDocument(XmlParser.java:481)
	at com.microstar.xml.XmlParser.doParse(XmlParser.java:159)
	at com.microstar.xml.XmlParser.parse(XmlParser.java:132)
	at ptolemy.actor.ptalon.PtalonActor.configure(PtalonActor.java:240)
	at ptolemy.moml.MoMLParser.endElement(MoMLParser.java:996)
	at com.microstar.xml.XmlParser.parseETag(XmlParser.java:1026)
	at com.microstar.xml.XmlParser.parseContent(XmlParser.java:1098)
	at com.microstar.xml.XmlParser.parseElement(XmlParser.java:924)
	at com.microstar.xml.XmlParser.parseContent(XmlParser.java:1104)
	at com.microstar.xml.XmlParser.parseElement(XmlParser.java:924)
	at com.microstar.xml.XmlParser.parseContent(XmlParser.java:1104)
	at com.microstar.xml.XmlParser.parseElement(XmlParser.java:924)
	at com.microstar.xml.XmlParser.parseDocument(XmlParser.java:481)
	at com.microstar.xml.XmlParser.doParse(XmlParser.java:159)
	at com.microstar.xml.XmlParser.parse(XmlParser.java:132)
	at ptolemy.moml.MoMLParser.parse(MoMLParser.java:1676)
	at ptolemy.moml.MoMLParser.parse(MoMLParser.java:1595)
	at ptolemy.moml.MoMLParser.parse(MoMLParser.java:1537)
	at ptolemy.actor.gui.PtolemyEffigy$Factory.createEffigy(PtolemyEffigy.java:424)
	at ptolemy.actor.gui.EffigyFactory.createEffigy(EffigyFactory.java:234)
	at ptolemy.actor.gui.Configuration.openModel(Configuration.java:1125)
	at ptolemy.actor.gui.Configuration.openModel(Configuration.java:1051)
	at ptolemy.actor.gui.ConfigurationApplication._openModel(ConfigurationApplication.java:1252)
	at ptolemy.actor.gui.ConfigurationApplication._parseArg(ConfigurationApplication.java:1399)
	at ptolemy.actor.gui.ConfigurationApplication._parseArgs(ConfigurationApplication.java:1478)
	at ptolemy.actor.gui.ConfigurationApplication.<init>(ConfigurationApplication.java:277)
	at ptolemy.actor.gui.ConfigurationApplication.<init>(ConfigurationApplication.java:214)
	at ptolemy.actor.gui.ConfigurationApplication.<init>(ConfigurationApplication.java:201)
	at ptolemy.actor.gui.ConfigurationApplication.openModelOrEntity(ConfigurationApplication.java:680)
	at ptolemy.vergil.basic.export.ExportModel$1.run(ExportModel.java:220)
	at java.awt.event.InvocationEvent.dispatch(InvocationEvent.java:301)
	at java.awt.EventQueue.dispatchEventImpl(EventQueue.java:756)
	at java.awt.EventQueue.access$500(EventQueue.java:97)
	at java.awt.EventQueue$3.run(EventQueue.java:709)
	at java.awt.EventQueue$3.run(EventQueue.java:703)
	at java.security.AccessController.doPrivileged(Native Method)
	at java.security.ProtectionDomain$JavaSecurityAccessImpl.doIntersectionPrivilege(ProtectionDomain.java:80)
	at java.awt.EventQueue.dispatchEvent(EventQueue.java:726)
	at java.awt.EventDispatchThread.pumpOneEventForFilters(EventDispatchThread.java:201)
	at java.awt.EventDispatchThread.pumpEventsForFilter(EventDispatchThread.java:116)
	at java.awt.EventDispatchThread.pumpEventsForHierarchy(EventDispatchThread.java:105)
	at java.awt.EventDispatchThread.pumpEvents(EventDispatchThread.java:101)
	at java.awt.EventDispatchThread.pumpEvents(EventDispatchThread.java:93)
	at java.awt.EventDispatchThread.run(EventDispatchThread.java:82)
Caused by: ptolemy.kernel.util.InternalErrorException: Element <entity name="sender1" class="ptolemy.actor.ptalon.demo.ptinyos.SendAndReceiveCnt.CntToLedsAndRfm"> caused an exception to be thrown.
  in .SendAndReceiveCnt.SendAndReceiveCnt
Because:
Cannot find class: ptolemy.actor.ptalon.demo.ptinyos.SendAndReceiveCnt.CntToLedsAndRfm. In Ptolemy, classes are typically Java .class files. Entities like actors may instead be defined within a .xml file.  In any case, the class was not found. If the class uses a third party package, then the class would be present only if the third party package was found at compile time.  It may be necessary to upgrade Java or install the third party package, reconfigure and recompile.
Because:
Element <entity name="MicaLeds" class="ptolemy.domains.ptinyos.lib.MicaLeds"> caused an exception to be thrown.
  in .CntToLedsAndRfm
Because:
Cannot find class: ptolemy.domains.ptinyos.lib.MicaLeds. In Ptolemy, classes are typically Java .class files. Entities like actors may instead be defined within a .xml file.  In any case, the class was not found. If the class uses a third party package, then the class would be present only if the third party package was found at compile time.  It may be necessary to upgrade Java or install the third party package, reconfigure and recompile.
Because:
-- /home/travis/build/icyphy/ptII/ptolemy/actor/ptalon/demo/ptinyos/SendAndReceiveCnt/ptolemy/domains/ptinyos/lib/MicaLeds.xml (No such file or directory)
-- XML file not found relative to classpath.
-- /home/travis/build/icyphy/ptII/ptolemy/vergil/basic/export/test/ptolemy/domains/ptinyos/lib/MicaLeds.xml
/home/travis/build/icyphy/ptII/ptolemy/vergil/basic/export/test/ptolemy/domains/ptinyos/lib/MicaLeds.xml (No such file or directory)
 in file:/home/travis/build/icyphy/ptII/ptolemy/actor/ptalon/demo/ptinyos/SendAndReceiveCnt/CntToLedsAndRfm.xml at line 132 and column 63
	at ptolemy.moml.SimpleErrorHandler.handleError(SimpleErrorHandler.java:75)
	at ptolemy.moml.MoMLParser.startElement(MoMLParser.java:3805)
	at com.microstar.xml.XmlParser.parseElement(XmlParser.java:931)
	at com.microstar.xml.XmlParser.parseDocument(XmlParser.java:481)
	at com.microstar.xml.XmlParser.doParse(XmlParser.java:159)
	at com.microstar.xml.XmlParser.parse(XmlParser.java:132)
	at ptolemy.moml.MoMLParser.parse(MoMLParser.java:1660)
	at ptolemy.moml.MoMLParser.parse(MoMLParser.java:1617)
	at ptolemy.moml.MoMLParser.parse(MoMLParser.java:1792)
	at ptolemy.actor.ptalon.PtalonEvaluator.addActor(PtalonEvaluator.java:241)
	... 56 more
Caused by: ptolemy.kernel.util.IllegalActionException: Cannot find class: ptolemy.actor.ptalon.demo.ptinyos.SendAndReceiveCnt.CntToLedsAndRfm. In Ptolemy, classes are typically Java .class files. Entities like actors may instead be defined within a .xml file.  In any case, the class was not found. If the class uses a third party package, then the class would be present only if the third party package was found at compile time.  It may be necessary to upgrade Java or install the third party package, reconfigure and recompile.
Because:
Element <entity name="MicaLeds" class="ptolemy.domains.ptinyos.lib.MicaLeds"> caused an exception to be thrown.
  in .CntToLedsAndRfm
Because:
Cannot find class: ptolemy.domains.ptinyos.lib.MicaLeds. In Ptolemy, classes are typically Java .class files. Entities like actors may instead be defined within a .xml file.  In any case, the class was not found. If the class uses a third party package, then the class would be present only if the third party package was found at compile time.  It may be necessary to upgrade Java or install the third party package, reconfigure and recompile.
Because:
-- /home/travis/build/icyphy/ptII/ptolemy/actor/ptalon/demo/ptinyos/SendAndReceiveCnt/ptolemy/domains/ptinyos/lib/MicaLeds.xml (No such file or directory)
-- XML file not found relative to classpath.
-- /home/travis/build/icyphy/ptII/ptolemy/vergil/basic/export/test/ptolemy/domains/ptinyos/lib/MicaLeds.xml
/home/travis/build/icyphy/ptII/ptolemy/vergil/basic/export/test/ptolemy/domains/ptinyos/lib/MicaLeds.xml (No such file or directory)
 in file:/home/travis/build/icyphy/ptII/ptolemy/actor/ptalon/demo/ptinyos/SendAndReceiveCnt/CntToLedsAndRfm.xml at line 132 and column 63
	at ptolemy.moml.MoMLParser._createEntity(MoMLParser.java:4330)
	at ptolemy.moml.MoMLParser.startElement(MoMLParser.java:2864)
	... 64 more
Caused by: ptolemy.kernel.util.InternalErrorException: Element <entity name="MicaLeds" class="ptolemy.domains.ptinyos.lib.MicaLeds"> caused an exception to be thrown.
  in .CntToLedsAndRfm
Because:
Cannot find class: ptolemy.domains.ptinyos.lib.MicaLeds. In Ptolemy, classes are typically Java .class files. Entities like actors may instead be defined within a .xml file.  In any case, the class was not found. If the class uses a third party package, then the class would be present only if the third party package was found at compile time.  It may be necessary to upgrade Java or install the third party package, reconfigure and recompile.
Because:
-- /home/travis/build/icyphy/ptII/ptolemy/actor/ptalon/demo/ptinyos/SendAndReceiveCnt/ptolemy/domains/ptinyos/lib/MicaLeds.xml (No such file or directory)
-- XML file not found relative to classpath.
-- /home/travis/build/icyphy/ptII/ptolemy/vergil/basic/export/test/ptolemy/domains/ptinyos/lib/MicaLeds.xml
/home/travis/build/icyphy/ptII/ptolemy/vergil/basic/export/test/ptolemy/domains/ptinyos/lib/MicaLeds.xml (No such file or directory)
 in file:/home/travis/build/icyphy/ptII/ptolemy/actor/ptalon/demo/ptinyos/SendAndReceiveCnt/CntToLedsAndRfm.xml at line 132 and column 63
	at ptolemy.moml.SimpleErrorHandler.handleError(SimpleErrorHandler.java:75)
	at ptolemy.moml.MoMLParser.startElement(MoMLParser.java:3805)
	at com.microstar.xml.XmlParser.parseElement(XmlParser.java:921)
	at com.microstar.xml.XmlParser.parseContent(XmlParser.java:1104)
	at com.microstar.xml.XmlParser.parseElement(XmlParser.java:924)
	at com.microstar.xml.XmlParser.parseDocument(XmlParser.java:481)
	at com.microstar.xml.XmlParser.doParse(XmlParser.java:159)
	at com.microstar.xml.XmlParser.parse(XmlParser.java:132)
	at ptolemy.moml.MoMLParser.parse(MoMLParser.java:1676)
	at ptolemy.moml.MoMLParser.parse(MoMLParser.java:1595)
	at ptolemy.moml.MoMLParser.parse(MoMLParser.java:1537)
	at ptolemy.moml.MoMLParser._findOrParse(MoMLParser.java:5286)
	at ptolemy.moml.MoMLParser._attemptToFindMoMLClass(MoMLParser.java:4075)
	at ptolemy.moml.MoMLParser._createEntity(MoMLParser.java:4323)
	... 65 more
Caused by: ptolemy.kernel.util.IllegalActionException: Cannot find class: ptolemy.domains.ptinyos.lib.MicaLeds. In Ptolemy, classes are typically Java .class files. Entities like actors may instead be defined within a .xml file.  In any case, the class was not found. If the class uses a third party package, then the class would be present only if the third party package was found at compile time.  It may be necessary to upgrade Java or install the third party package, reconfigure and recompile.
Because:
-- /home/travis/build/icyphy/ptII/ptolemy/actor/ptalon/demo/ptinyos/SendAndReceiveCnt/ptolemy/domains/ptinyos/lib/MicaLeds.xml (No such file or directory)
-- XML file not found relative to classpath.
-- /home/travis/build/icyphy/ptII/ptolemy/vergil/basic/export/test/ptolemy/domains/ptinyos/lib/MicaLeds.xml
/home/travis/build/icyphy/ptII/ptolemy/vergil/basic/export/test/ptolemy/domains/ptinyos/lib/MicaLeds.xml (No such file or directory)
 in file:/home/travis/build/icyphy/ptII/ptolemy/actor/ptalon/demo/ptinyos/SendAndReceiveCnt/CntToLedsAndRfm.xml at line 132 and column 63
	at ptolemy.moml.MoMLParser._createEntity(MoMLParser.java:4330)
	at ptolemy.moml.MoMLParser.startElement(MoMLParser.java:2864)
	... 77 more
Caused by: com.microstar.xml.XmlException: -- /home/travis/build/icyphy/ptII/ptolemy/actor/ptalon/demo/ptinyos/SendAndReceiveCnt/ptolemy/domains/ptinyos/lib/MicaLeds.xml (No such file or directory)
-- XML file not found relative to classpath.
-- /home/travis/build/icyphy/ptII/ptolemy/vergil/basic/export/test/ptolemy/domains/ptinyos/lib/MicaLeds.xml
/home/travis/build/icyphy/ptII/ptolemy/vergil/basic/export/test/ptolemy/domains/ptinyos/lib/MicaLeds.xml (No such file or directory)
 in file:/home/travis/build/icyphy/ptII/ptolemy/actor/ptalon/demo/ptinyos/SendAndReceiveCnt/CntToLedsAndRfm.xml at line 132 and column 63
	at ptolemy.moml.MoMLParser.fileNameToURL(MoMLParser.java:1414)
	at ptolemy.moml.MoMLParser._findOrParse(MoMLParser.java:5283)
	at ptolemy.moml.MoMLParser._attemptToFindMoMLClass(MoMLParser.java:4075)
	at ptolemy.moml.MoMLParser._createEntity(MoMLParser.java:4323)
	... 78 more
ptolemy.kernel.util.IllegalActionException: Failed to process attribute change to PtalonParameter, whose value is "ptolemy.actor.ptalon.PtalonExpressionParameter {.SendAndReceiveCnt.SendAndReceiveCnt.channelName} "AtomicWirelessChannel"".
  in .SendAndReceiveCnt.SendAndReceiveCnt
Because:
Unable to add actor null
	at ptolemy.actor.ptalon.PtalonActor.attributeChanged(PtalonActor.java:211)
	at ptolemy.actor.ptalon.PtalonMLHandler.startElement(PtalonMLHandler.java:134)
	at com.microstar.xml.XmlParser.parseElement(XmlParser.java:921)
	at com.microstar.xml.XmlParser.parseContent(XmlParser.java:1104)
	at com.microstar.xml.XmlParser.parseElement(XmlParser.java:924)
	at com.microstar.xml.XmlParser.parseDocument(XmlParser.java:481)
	at com.microstar.xml.XmlParser.doParse(XmlParser.java:159)
	at com.microstar.xml.XmlParser.parse(XmlParser.java:132)
	at ptolemy.actor.ptalon.PtalonActor.configure(PtalonActor.java:240)
	at ptolemy.moml.MoMLParser.endElement(MoMLParser.java:996)
	at com.microstar.xml.XmlParser.parseETag(XmlParser.java:1026)
	at com.microstar.xml.XmlParser.parseContent(XmlParser.java:1098)
	at com.microstar.xml.XmlParser.parseElement(XmlParser.java:924)
	at com.microstar.xml.XmlParser.parseContent(XmlParser.java:1104)
	at com.microstar.xml.XmlParser.parseElement(XmlParser.java:924)
	at com.microstar.xml.XmlParser.parseContent(XmlParser.java:1104)
	at com.microstar.xml.XmlParser.parseElement(XmlParser.java:924)
	at com.microstar.xml.XmlParser.parseDocument(XmlParser.java:481)
	at com.microstar.xml.XmlParser.doParse(XmlParser.java:159)
	at com.microstar.xml.XmlParser.parse(XmlParser.java:132)
	at ptolemy.moml.MoMLParser.parse(MoMLParser.java:1676)
	at ptolemy.moml.MoMLParser.parse(MoMLParser.java:1595)
	at ptolemy.moml.MoMLParser.parse(MoMLParser.java:1537)
	at ptolemy.actor.gui.PtolemyEffigy$Factory.createEffigy(PtolemyEffigy.java:424)
	at ptolemy.actor.gui.EffigyFactory.createEffigy(EffigyFactory.java:234)
	at ptolemy.actor.gui.Configuration.openModel(Configuration.java:1125)
	at ptolemy.actor.gui.Configuration.openModel(Configuration.java:1051)
	at ptolemy.actor.gui.ConfigurationApplication._openModel(ConfigurationApplication.java:1252)
	at ptolemy.actor.gui.ConfigurationApplication._parseArg(ConfigurationApplication.java:1399)
	at ptolemy.actor.gui.ConfigurationApplication._parseArgs(ConfigurationApplication.java:1478)
	at ptolemy.actor.gui.ConfigurationApplication.<init>(ConfigurationApplication.java:277)
	at ptolemy.actor.gui.ConfigurationApplication.<init>(ConfigurationApplication.java:214)
	at ptolemy.actor.gui.ConfigurationApplication.<init>(ConfigurationApplication.java:201)
	at ptolemy.actor.gui.ConfigurationApplication.openModelOrEntity(ConfigurationApplication.java:680)
	at ptolemy.vergil.basic.export.ExportModel$1.run(ExportModel.java:220)
	at java.awt.event.InvocationEvent.dispatch(InvocationEvent.java:301)
	at java.awt.EventQueue.dispatchEventImpl(EventQueue.java:756)
	at java.awt.EventQueue.access$500(EventQueue.java:97)
	at java.awt.EventQueue$3.run(EventQueue.java:709)
	at java.awt.EventQueue$3.run(EventQueue.java:703)
	at java.security.AccessController.doPrivileged(Native Method)
	at java.security.ProtectionDomain$JavaSecurityAccessImpl.doIntersectionPrivilege(ProtectionDomain.java:80)
	at java.awt.EventQueue.dispatchEvent(EventQueue.java:726)
	at java.awt.EventDispatchThread.pumpOneEventForFilters(EventDispatchThread.java:201)
	at java.awt.EventDispatchThread.pumpEventsForFilter(EventDispatchThread.java:116)
	at java.awt.EventDispatchThread.pumpEventsForHierarchy(EventDispatchThread.java:105)
	at java.awt.EventDispatchThread.pumpEvents(EventDispatchThread.java:101)
	at java.awt.EventDispatchThread.pumpEvents(EventDispatchThread.java:93)
	at java.awt.EventDispatchThread.run(EventDispatchThread.java:82)
Caused by: ptolemy.actor.ptalon.PtalonRuntimeException: Unable to add actor null
	at ptolemy.actor.ptalon.PtalonEvaluator.addActor(PtalonEvaluator.java:300)
	at ptolemy.actor.ptalon.PtalonPopulator.actor_declaration(PtalonPopulator.java:1574)
	at ptolemy.actor.ptalon.PtalonPopulator.atomic_statement(PtalonPopulator.java:1638)
	at ptolemy.actor.ptalon.PtalonPopulator.iterative_statement_evaluator(PtalonPopulator.java:2484)
	at ptolemy.actor.ptalon.AbstractPtalonEvaluator$IfTree.evaluateForScope(AbstractPtalonEvaluator.java:1307)
	at ptolemy.actor.ptalon.AbstractPtalonEvaluator.evaluateForScope(AbstractPtalonEvaluator.java:744)
	at ptolemy.actor.ptalon.PtalonPopulator.iterative_statement(PtalonPopulator.java:2363)
	at ptolemy.actor.ptalon.PtalonPopulator.actor_definition(PtalonPopulator.java:2809)
	at ptolemy.actor.ptalon.PtalonActor.attributeChanged(PtalonActor.java:206)
	... 48 more
Caused by: ptolemy.kernel.util.InternalErrorException: Element <entity name="sender1" class="ptolemy.actor.ptalon.demo.ptinyos.SendAndReceiveCnt.CntToLedsAndRfm"> caused an exception to be thrown.
  in .SendAndReceiveCnt.SendAndReceiveCnt
Because:
Cannot find class: ptolemy.actor.ptalon.demo.ptinyos.SendAndReceiveCnt.CntToLedsAndRfm. In Ptolemy, classes are typically Java .class files. Entities like actors may instead be defined within a .xml file.  In any case, the class was not found. If the class uses a third party package, then the class would be present only if the third party package was found at compile time.  It may be necessary to upgrade Java or install the third party package, reconfigure and recompile.
Because:
Element <entity name="MicaLeds" class="ptolemy.domains.ptinyos.lib.MicaLeds"> caused an exception to be thrown.
  in .CntToLedsAndRfm
Because:
Cannot find class: ptolemy.domains.ptinyos.lib.MicaLeds. In Ptolemy, classes are typically Java .class files. Entities like actors may instead be defined within a .xml file.  In any case, the class was not found. If the class uses a third party package, then the class would be present only if the third party package was found at compile time.  It may be necessary to upgrade Java or install the third party package, reconfigure and recompile.
Because:
-- /home/travis/build/icyphy/ptII/ptolemy/actor/ptalon/demo/ptinyos/SendAndReceiveCnt/ptolemy/domains/ptinyos/lib/MicaLeds.xml (No such file or directory)
-- XML file not found relative to classpath.
-- /home/travis/build/icyphy/ptII/ptolemy/vergil/basic/export/test/ptolemy/domains/ptinyos/lib/MicaLeds.xml
/home/travis/build/icyphy/ptII/ptolemy/vergil/basic/export/test/ptolemy/domains/ptinyos/lib/MicaLeds.xml (No such file or directory)
 in file:/home/travis/build/icyphy/ptII/ptolemy/actor/ptalon/demo/ptinyos/SendAndReceiveCnt/CntToLedsAndRfm.xml at line 132 and column 63
	at ptolemy.moml.SimpleErrorHandler.handleError(SimpleErrorHandler.java:75)
	at ptolemy.moml.MoMLParser.startElement(MoMLParser.java:3805)
	at com.microstar.xml.XmlParser.parseElement(XmlParser.java:931)
	at com.microstar.xml.XmlParser.parseDocument(XmlParser.java:481)
	at com.microstar.xml.XmlParser.doParse(XmlParser.java:159)
	at com.microstar.xml.XmlParser.parse(XmlParser.java:132)
	at ptolemy.moml.MoMLParser.parse(MoMLParser.java:1660)
	at ptolemy.moml.MoMLParser.parse(MoMLParser.java:1617)
	at ptolemy.moml.MoMLParser.parse(MoMLParser.java:1792)
	at ptolemy.actor.ptalon.PtalonEvaluator.addActor(PtalonEvaluator.java:241)
	... 56 more
Caused by: ptolemy.kernel.util.IllegalActionException: Cannot find class: ptolemy.actor.ptalon.demo.ptinyos.SendAndReceiveCnt.CntToLedsAndRfm. In Ptolemy, classes are typically Java .class files. Entities like actors may instead be defined within a .xml file.  In any case, the class was not found. If the class uses a third party package, then the class would be present only if the third party package was found at compile time.  It may be necessary to upgrade Java or install the third party package, reconfigure and recompile.
Because:
Element <entity name="MicaLeds" class="ptolemy.domains.ptinyos.lib.MicaLeds"> caused an exception to be thrown.
  in .CntToLedsAndRfm
Because:
Cannot find class: ptolemy.domains.ptinyos.lib.MicaLeds. In Ptolemy, classes are typically Java .class files. Entities like actors may instead be defined within a .xml file.  In any case, the class was not found. If the class uses a third party package, then the class would be present only if the third party package was found at compile time.  It may be necessary to upgrade Java or install the third party package, reconfigure and recompile.
Because:
-- /home/travis/build/icyphy/ptII/ptolemy/actor/ptalon/demo/ptinyos/SendAndReceiveCnt/ptolemy/domains/ptinyos/lib/MicaLeds.xml (No such file or directory)
-- XML file not found relative to classpath.
-- /home/travis/build/icyphy/ptII/ptolemy/vergil/basic/export/test/ptolemy/domains/ptinyos/lib/MicaLeds.xml
/home/travis/build/icyphy/ptII/ptolemy/vergil/basic/export/test/ptolemy/domains/ptinyos/lib/MicaLeds.xml (No such file or directory)
 in file:/home/travis/build/icyphy/ptII/ptolemy/actor/ptalon/demo/ptinyos/SendAndReceiveCnt/CntToLedsAndRfm.xml at line 132 and column 63
	at ptolemy.moml.MoMLParser._createEntity(MoMLParser.java:4330)
	at ptolemy.moml.MoMLParser.startElement(MoMLParser.java:2864)
	... 64 more
Caused by: ptolemy.kernel.util.InternalErrorException: Element <entity name="MicaLeds" class="ptolemy.domains.ptinyos.lib.MicaLeds"> caused an exception to be thrown.
  in .CntToLedsAndRfm
Because:
Cannot find class: ptolemy.domains.ptinyos.lib.MicaLeds. In Ptolemy, classes are typically Java .class files. Entities like actors may instead be defined within a .xml file.  In any case, the class was not found. If the class uses a third party package, then the class would be present only if the third party package was found at compile time.  It may be necessary to upgrade Java or install the third party package, reconfigure and recompile.
Because:
-- /home/travis/build/icyphy/ptII/ptolemy/actor/ptalon/demo/ptinyos/SendAndReceiveCnt/ptolemy/domains/ptinyos/lib/MicaLeds.xml (No such file or directory)
-- XML file not found relative to classpath.
-- /home/travis/build/icyphy/ptII/ptolemy/vergil/basic/export/test/ptolemy/domains/ptinyos/lib/MicaLeds.xml
/home/travis/build/icyphy/ptII/ptolemy/vergil/basic/export/test/ptolemy/domains/ptinyos/lib/MicaLeds.xml (No such file or directory)
 in file:/home/travis/build/icyphy/ptII/ptolemy/actor/ptalon/demo/ptinyos/SendAndReceiveCnt/CntToLedsAndRfm.xml at line 132 and column 63
	at ptolemy.moml.SimpleErrorHandler.handleError(SimpleErrorHandler.java:75)
	at ptolemy.moml.MoMLParser.startElement(MoMLParser.java:3805)
	at com.microstar.xml.XmlParser.parseElement(XmlParser.java:921)
	at com.microstar.xml.XmlParser.parseContent(XmlParser.java:1104)
	at com.microstar.xml.XmlParser.parseElement(XmlParser.java:924)
	at com.microstar.xml.XmlParser.parseDocument(XmlParser.java:481)
	at com.microstar.xml.XmlParser.doParse(XmlParser.java:159)
	at com.microstar.xml.XmlParser.parse(XmlParser.java:132)
	at ptolemy.moml.MoMLParser.parse(MoMLParser.java:1676)
	at ptolemy.moml.MoMLParser.parse(MoMLParser.java:1595)
	at ptolemy.moml.MoMLParser.parse(MoMLParser.java:1537)
	at ptolemy.moml.MoMLParser._findOrParse(MoMLParser.java:5286)
	at ptolemy.moml.MoMLParser._attemptToFindMoMLClass(MoMLParser.java:4075)
	at ptolemy.moml.MoMLParser._createEntity(MoMLParser.java:4323)
	... 65 more
Caused by: ptolemy.kernel.util.IllegalActionException: Cannot find class: ptolemy.domains.ptinyos.lib.MicaLeds. In Ptolemy, classes are typically Java .class files. Entities like actors may instead be defined within a .xml file.  In any case, the class was not found. If the class uses a third party package, then the class would be present only if the third party package was found at compile time.  It may be necessary to upgrade Java or install the third party package, reconfigure and recompile.
Because:
-- /home/travis/build/icyphy/ptII/ptolemy/actor/ptalon/demo/ptinyos/SendAndReceiveCnt/ptolemy/domains/ptinyos/lib/MicaLeds.xml (No such file or directory)
-- XML file not found relative to classpath.
-- /home/travis/build/icyphy/ptII/ptolemy/vergil/basic/export/test/ptolemy/domains/ptinyos/lib/MicaLeds.xml
/home/travis/build/icyphy/ptII/ptolemy/vergil/basic/export/test/ptolemy/domains/ptinyos/lib/MicaLeds.xml (No such file or directory)
 in file:/home/travis/build/icyphy/ptII/ptolemy/actor/ptalon/demo/ptinyos/SendAndReceiveCnt/CntToLedsAndRfm.xml at line 132 and column 63
	at ptolemy.moml.MoMLParser._createEntity(MoMLParser.java:4330)
	at ptolemy.moml.MoMLParser.startElement(MoMLParser.java:2864)
	... 77 more
Caused by: com.microstar.xml.XmlException: -- /home/travis/build/icyphy/ptII/ptolemy/actor/ptalon/demo/ptinyos/SendAndReceiveCnt/ptolemy/domains/ptinyos/lib/MicaLeds.xml (No such file or directory)
-- XML file not found relative to classpath.
-- /home/travis/build/icyphy/ptII/ptolemy/vergil/basic/export/test/ptolemy/domains/ptinyos/lib/MicaLeds.xml
/home/travis/build/icyphy/ptII/ptolemy/vergil/basic/export/test/ptolemy/domains/ptinyos/lib/MicaLeds.xml (No such file or directory)
 in file:/home/travis/build/icyphy/ptII/ptolemy/actor/ptalon/demo/ptinyos/SendAndReceiveCnt/CntToLedsAndRfm.xml at line 132 and column 63
	at ptolemy.moml.MoMLParser.fileNameToURL(MoMLParser.java:1414)
	at ptolemy.moml.MoMLParser._findOrParse(MoMLParser.java:5283)
	at ptolemy.moml.MoMLParser._attemptToFindMoMLClass(MoMLParser.java:4075)
	at ptolemy.moml.MoMLParser._createEntity(MoMLParser.java:4323)
	... 78 more
Caused by: ptolemy.actor.ptalon.PtalonRuntimeException: Unable to add actor null
	at ptolemy.actor.ptalon.PtalonEvaluator.addActor(PtalonEvaluator.java:300)
	at ptolemy.actor.ptalon.PtalonPopulator.actor_declaration(PtalonPopulator.java:1574)
	at ptolemy.actor.ptalon.PtalonPopulator.atomic_statement(PtalonPopulator.java:1638)
	at ptolemy.actor.ptalon.PtalonPopulator.iterative_statement_evaluator(PtalonPopulator.java:2484)
	at ptolemy.actor.ptalon.AbstractPtalonEvaluator$IfTree.evaluateForScope(AbstractPtalonEvaluator.java:1307)
	at ptolemy.actor.ptalon.AbstractPtalonEvaluator.evaluateForScope(AbstractPtalonEvaluator.java:744)
	at ptolemy.actor.ptalon.PtalonPopulator.iterative_statement(PtalonPopulator.java:2363)
	at ptolemy.actor.ptalon.PtalonPopulator.actor_definition(PtalonPopulator.java:2809)
	at ptolemy.actor.ptalon.PtalonActor.attributeChanged(PtalonActor.java:206)
	at ptolemy.actor.ptalon.PtalonMLHandler.startElement(PtalonMLHandler.java:134)
	at com.microstar.xml.XmlParser.parseElement(XmlParser.java:921)
	at com.microstar.xml.XmlParser.parseContent(XmlParser.java:1104)
	at com.microstar.xml.XmlParser.parseElement(XmlParser.java:924)
	at com.microstar.xml.XmlParser.parseDocument(XmlParser.java:481)
	at com.microstar.xml.XmlParser.doParse(XmlParser.java:159)
	at com.microstar.xml.XmlParser.parse(XmlParser.java:132)
	at ptolemy.actor.ptalon.PtalonActor.configure(PtalonActor.java:240)
	at ptolemy.moml.MoMLParser.endElement(MoMLParser.java:996)
	at com.microstar.xml.XmlParser.parseETag(XmlParser.java:1026)
	at com.microstar.xml.XmlParser.parseContent(XmlParser.java:1098)
	at com.microstar.xml.XmlParser.parseElement(XmlParser.java:924)
	at com.microstar.xml.XmlParser.parseContent(XmlParser.java:1104)
	at com.microstar.xml.XmlParser.parseElement(XmlParser.java:924)
	at com.microstar.xml.XmlParser.parseContent(XmlParser.java:1104)
	at com.microstar.xml.XmlParser.parseElement(XmlParser.java:924)
	at com.microstar.xml.XmlParser.parseDocument(XmlParser.java:481)
	at com.microstar.xml.XmlParser.doParse(XmlParser.java:159)
	at com.microstar.xml.XmlParser.parse(XmlParser.java:132)
	at ptolemy.moml.MoMLParser.parse(MoMLParser.java:1676)
	at ptolemy.moml.MoMLParser.parse(MoMLParser.java:1595)
	at ptolemy.moml.MoMLParser.parse(MoMLParser.java:1537)
	at ptolemy.actor.gui.PtolemyEffigy$Factory.createEffigy(PtolemyEffigy.java:424)
	at ptolemy.actor.gui.EffigyFactory.createEffigy(EffigyFactory.java:234)
	at ptolemy.actor.gui.Configuration.openModel(Configuration.java:1125)
	at ptolemy.actor.gui.Configuration.openModel(Configuration.java:1051)
	at ptolemy.actor.gui.ConfigurationApplication._openModel(ConfigurationApplication.java:1252)
	at ptolemy.actor.gui.ConfigurationApplication._parseArg(ConfigurationApplication.java:1399)
	at ptolemy.actor.gui.ConfigurationApplication._parseArgs(ConfigurationApplication.java:1478)
	at ptolemy.actor.gui.ConfigurationApplication.<init>(ConfigurationApplication.java:277)
	at ptolemy.actor.gui.ConfigurationApplication.<init>(ConfigurationApplication.java:214)
	at ptolemy.actor.gui.ConfigurationApplication.<init>(ConfigurationApplication.java:201)
	at ptolemy.actor.gui.ConfigurationApplication.openModelOrEntity(ConfigurationApplication.java:680)
	at ptolemy.vergil.basic.export.ExportModel$1.run(ExportModel.java:220)
	at java.awt.event.InvocationEvent.dispatch(InvocationEvent.java:301)
	at java.awt.EventQueue.dispatchEventImpl(EventQueue.java:756)
	at java.awt.EventQueue.access$500(EventQueue.java:97)
	at java.awt.EventQueue$3.run(EventQueue.java:709)
	at java.awt.EventQueue$3.run(EventQueue.java:703)
	at java.security.AccessController.doPrivileged(Native Method)
	at java.security.ProtectionDomain$JavaSecurityAccessImpl.doIntersectionPrivilege(ProtectionDomain.java:80)
	at java.awt.EventQueue.dispatchEvent(EventQueue.java:726)
	at java.awt.EventDispatchThread.pumpOneEventForFilters(EventDispatchThread.java:201)
	at java.awt.EventDispatchThread.pumpEventsForFilter(EventDispatchThread.java:116)
	at java.awt.EventDispatchThread.pumpEventsForHierarchy(EventDispatchThread.java:105)
	at java.awt.EventDispatchThread.pumpEvents(EventDispatchThread.java:101)
	at java.awt.EventDispatchThread.pumpEvents(EventDispatchThread.java:93)
	at java.awt.EventDispatchThread.run(EventDispatchThread.java:82)
Caused by: ptolemy.kernel.util.InternalErrorException: Element <entity name="sender1" class="ptolemy.actor.ptalon.demo.ptinyos.SendAndReceiveCnt.CntToLedsAndRfm"> caused an exception to be thrown.
  in .SendAndReceiveCnt.SendAndReceiveCnt
Because:
Cannot find class: ptolemy.actor.ptalon.demo.ptinyos.SendAndReceiveCnt.CntToLedsAndRfm. In Ptolemy, classes are typically Java .class files. Entities like actors may instead be defined within a .xml file.  In any case, the class was not found. If the class uses a third party package, then the class would be present only if the third party package was found at compile time.  It may be necessary to upgrade Java or install the third party package, reconfigure and recompile.
Because:
Element <entity name="MicaLeds" class="ptolemy.domains.ptinyos.lib.MicaLeds"> caused an exception to be thrown.
  in .CntToLedsAndRfm
Because:
Cannot find class: ptolemy.domains.ptinyos.lib.MicaLeds. In Ptolemy, classes are typically Java .class files. Entities like actors may instead be defined within a .xml file.  In any case, the class was not found. If the class uses a third party package, then the class would be present only if the third party package was found at compile time.  It may be necessary to upgrade Java or install the third party package, reconfigure and recompile.
Because:
-- /home/travis/build/icyphy/ptII/ptolemy/actor/ptalon/demo/ptinyos/SendAndReceiveCnt/ptolemy/domains/ptinyos/lib/MicaLeds.xml (No such file or directory)
-- XML file not found relative to classpath.
-- /home/travis/build/icyphy/ptII/ptolemy/vergil/basic/export/test/ptolemy/domains/ptinyos/lib/MicaLeds.xml
/home/travis/build/icyphy/ptII/ptolemy/vergil/basic/export/test/ptolemy/domains/ptinyos/lib/MicaLeds.xml (No such file or directory)
 in file:/home/travis/build/icyphy/ptII/ptolemy/actor/ptalon/demo/ptinyos/SendAndReceiveCnt/CntToLedsAndRfm.xml at line 132 and column 63
	at ptolemy.moml.SimpleErrorHandler.handleError(SimpleErrorHandler.java:75)
	at ptolemy.moml.MoMLParser.startElement(MoMLParser.java:3805)
	at com.microstar.xml.XmlParser.parseElement(XmlParser.java:931)
	at com.microstar.xml.XmlParser.parseDocument(XmlParser.java:481)
	at com.microstar.xml.XmlParser.doParse(XmlParser.java:159)
	at com.microstar.xml.XmlParser.parse(XmlParser.java:132)
	at ptolemy.moml.MoMLParser.parse(MoMLParser.java:1660)
	at ptolemy.moml.MoMLParser.parse(MoMLParser.java:1617)
	at ptolemy.moml.MoMLParser.parse(MoMLParser.java:1792)
	at ptolemy.actor.ptalon.PtalonEvaluator.addActor(PtalonEvaluator.java:241)
	... 56 more
Caused by: ptolemy.kernel.util.IllegalActionException: Cannot find class: ptolemy.actor.ptalon.demo.ptinyos.SendAndReceiveCnt.CntToLedsAndRfm. In Ptolemy, classes are typically Java .class files. Entities like actors may instead be defined within a .xml file.  In any case, the class was not found. If the class uses a third party package, then the class would be present only if the third party package was found at compile time.  It may be necessary to upgrade Java or install the third party package, reconfigure and recompile.
Because:
Element <entity name="MicaLeds" class="ptolemy.domains.ptinyos.lib.MicaLeds"> caused an exception to be thrown.
  in .CntToLedsAndRfm
Because:
Cannot find class: ptolemy.domains.ptinyos.lib.MicaLeds. In Ptolemy, classes are typically Java .class files. Entities like actors may instead be defined within a .xml file.  In any case, the class was not found. If the class uses a third party package, then the class would be present only if the third party package was found at compile time.  It may be necessary to upgrade Java or install the third party package, reconfigure and recompile.
Because:
-- /home/travis/build/icyphy/ptII/ptolemy/actor/ptalon/demo/ptinyos/SendAndReceiveCnt/ptolemy/domains/ptinyos/lib/MicaLeds.xml (No such file or directory)
-- XML file not found relative to classpath.
-- /home/travis/build/icyphy/ptII/ptolemy/vergil/basic/export/test/ptolemy/domains/ptinyos/lib/MicaLeds.xml
/home/travis/build/icyphy/ptII/ptolemy/vergil/basic/export/test/ptolemy/domains/ptinyos/lib/MicaLeds.xml (No such file or directory)
 in file:/home/travis/build/icyphy/ptII/ptolemy/actor/ptalon/demo/ptinyos/SendAndReceiveCnt/CntToLedsAndRfm.xml at line 132 and column 63
	at ptolemy.moml.MoMLParser._createEntity(MoMLParser.java:4330)
	at ptolemy.moml.MoMLParser.startElement(MoMLParser.java:2864)
	... 64 more
Caused by: ptolemy.kernel.util.InternalErrorException: Element <entity name="MicaLeds" class="ptolemy.domains.ptinyos.lib.MicaLeds"> caused an exception to be thrown.
  in .CntToLedsAndRfm
Because:
Cannot find class: ptolemy.domains.ptinyos.lib.MicaLeds. In Ptolemy, classes are typically Java .class files. Entities like actors may instead be defined within a .xml file.  In any case, the class was not found. If the class uses a third party package, then the class would be present only if the third party package was found at compile time.  It may be necessary to upgrade Java or install the third party package, reconfigure and recompile.
Because:
-- /home/travis/build/icyphy/ptII/ptolemy/actor/ptalon/demo/ptinyos/SendAndReceiveCnt/ptolemy/domains/ptinyos/lib/MicaLeds.xml (No such file or directory)
-- XML file not found relative to classpath.
-- /home/travis/build/icyphy/ptII/ptolemy/vergil/basic/export/test/ptolemy/domains/ptinyos/lib/MicaLeds.xml
/home/travis/build/icyphy/ptII/ptolemy/vergil/basic/export/test/ptolemy/domains/ptinyos/lib/MicaLeds.xml (No such file or directory)
 in file:/home/travis/build/icyphy/ptII/ptolemy/actor/ptalon/demo/ptinyos/SendAndReceiveCnt/CntToLedsAndRfm.xml at line 132 and column 63
	at ptolemy.moml.SimpleErrorHandler.handleError(SimpleErrorHandler.java:75)
	at ptolemy.moml.MoMLParser.startElement(MoMLParser.java:3805)
	at com.microstar.xml.XmlParser.parseElement(XmlParser.java:921)
	at com.microstar.xml.XmlParser.parseContent(XmlParser.java:1104)
	at com.microstar.xml.XmlParser.parseElement(XmlParser.java:924)
	at com.microstar.xml.XmlParser.parseDocument(XmlParser.java:481)
	at com.microstar.xml.XmlParser.doParse(XmlParser.java:159)
	at com.microstar.xml.XmlParser.parse(XmlParser.java:132)
	at ptolemy.moml.MoMLParser.parse(MoMLParser.java:1676)
	at ptolemy.moml.MoMLParser.parse(MoMLParser.java:1595)
	at ptolemy.moml.MoMLParser.parse(MoMLParser.java:1537)
	at ptolemy.moml.MoMLParser._findOrParse(MoMLParser.java:5286)
	at ptolemy.moml.MoMLParser._attemptToFindMoMLClass(MoMLParser.java:4075)
	at ptolemy.moml.MoMLParser._createEntity(MoMLParser.java:4323)
	... 65 more
Caused by: ptolemy.kernel.util.IllegalActionException: Cannot find class: ptolemy.domains.ptinyos.lib.MicaLeds. In Ptolemy, classes are typically Java .class files. Entities like actors may instead be defined within a .xml file.  In any case, the class was not found. If the class uses a third party package, then the class would be present only if the third party package was found at compile time.  It may be necessary to upgrade Java or install the third party package, reconfigure and recompile.
Because:
-- /home/travis/build/icyphy/ptII/ptolemy/actor/ptalon/demo/ptinyos/SendAndReceiveCnt/ptolemy/domains/ptinyos/lib/MicaLeds.xml (No such file or directory)
-- XML file not found relative to classpath.
-- /home/travis/build/icyphy/ptII/ptolemy/vergil/basic/export/test/ptolemy/domains/ptinyos/lib/MicaLeds.xml
/home/travis/build/icyphy/ptII/ptolemy/vergil/basic/export/test/ptolemy/domains/ptinyos/lib/MicaLeds.xml (No such file or directory)
 in file:/home/travis/build/icyphy/ptII/ptolemy/actor/ptalon/demo/ptinyos/SendAndReceiveCnt/CntToLedsAndRfm.xml at line 132 and column 63
	at ptolemy.moml.MoMLParser._createEntity(MoMLParser.java:4330)
	at ptolemy.moml.MoMLParser.startElement(MoMLParser.java:2864)
	... 77 more
Caused by: com.microstar.xml.XmlException: -- /home/travis/build/icyphy/ptII/ptolemy/actor/ptalon/demo/ptinyos/SendAndReceiveCnt/ptolemy/domains/ptinyos/lib/MicaLeds.xml (No such file or directory)
-- XML file not found relative to classpath.
-- /home/travis/build/icyphy/ptII/ptolemy/vergil/basic/export/test/ptolemy/domains/ptinyos/lib/MicaLeds.xml
/home/travis/build/icyphy/ptII/ptolemy/vergil/basic/export/test/ptolemy/domains/ptinyos/lib/MicaLeds.xml (No such file or directory)
 in file:/home/travis/build/icyphy/ptII/ptolemy/actor/ptalon/demo/ptinyos/SendAndReceiveCnt/CntToLedsAndRfm.xml at line 132 and column 63
	at ptolemy.moml.MoMLParser.fileNameToURL(MoMLParser.java:1414)
	at ptolemy.moml.MoMLParser._findOrParse(MoMLParser.java:5283)
	at ptolemy.moml.MoMLParser._attemptToFindMoMLClass(MoMLParser.java:4075)
	at ptolemy.moml.MoMLParser._createEntity(MoMLParser.java:4323)
	... 78 more
Failed to read file:/home/travis/build/icyphy/ptII/ptolemy/actor/ptalon/demo/ptinyos/SendAndReceiveCnt/SendAndReceiveCnt.xml
ptolemy.kernel.util.IllegalActionException: Failed to process attribute change to PtalonParameter, whose value is "ptolemy.actor.ptalon.PtalonExpressionParameter {.SendAndReceiveCnt.SendAndReceiveCnt.channelName} "AtomicWirelessChannel"".
  in .SendAndReceiveCnt.SendAndReceiveCnt
Because:
Unable to add actor null
	at ptolemy.actor.ptalon.PtalonActor.attributeChanged(PtalonActor.java:211)
	at ptolemy.actor.ptalon.PtalonMLHandler.startElement(PtalonMLHandler.java:134)
	at com.microstar.xml.XmlParser.parseElement(XmlParser.java:921)
	at com.microstar.xml.XmlParser.parseContent(XmlParser.java:1104)
	at com.microstar.xml.XmlParser.parseElement(XmlParser.java:924)
	at com.microstar.xml.XmlParser.parseDocument(XmlParser.java:481)
	at com.microstar.xml.XmlParser.doParse(XmlParser.java:159)
	at com.microstar.xml.XmlParser.parse(XmlParser.java:132)
	at ptolemy.actor.ptalon.PtalonActor.configure(PtalonActor.java:240)
	at ptolemy.moml.MoMLParser.endElement(MoMLParser.java:996)
	at com.microstar.xml.XmlParser.parseETag(XmlParser.java:1026)
	at com.microstar.xml.XmlParser.parseContent(XmlParser.java:1098)
	at com.microstar.xml.XmlParser.parseElement(XmlParser.java:924)
	at com.microstar.xml.XmlParser.parseContent(XmlParser.java:1104)
	at com.microstar.xml.XmlParser.parseElement(XmlParser.java:924)
	at com.microstar.xml.XmlParser.parseContent(XmlParser.java:1104)
	at com.microstar.xml.XmlParser.parseElement(XmlParser.java:924)
	at com.microstar.xml.XmlParser.parseDocument(XmlParser.java:481)
	at com.microstar.xml.XmlParser.doParse(XmlParser.java:159)
	at com.microstar.xml.XmlParser.parse(XmlParser.java:132)
	at ptolemy.moml.MoMLParser.parse(MoMLParser.java:1676)
	at ptolemy.moml.MoMLParser.parse(MoMLParser.java:1595)
	at ptolemy.moml.MoMLParser.parse(MoMLParser.java:1537)
	at ptolemy.actor.gui.PtolemyEffigy$Factory.createEffigy(PtolemyEffigy.java:424)
	at ptolemy.actor.gui.EffigyFactory.createEffigy(EffigyFactory.java:234)
	at ptolemy.actor.gui.Configuration.openModel(Configuration.java:1125)
	at ptolemy.actor.gui.Configuration.openModel(Configuration.java:1051)
	at ptolemy.actor.gui.ConfigurationApplication._openModel(ConfigurationApplication.java:1252)
	at ptolemy.actor.gui.ConfigurationApplication._parseArg(ConfigurationApplication.java:1399)
	at ptolemy.actor.gui.ConfigurationApplication._parseArgs(ConfigurationApplication.java:1478)
	at ptolemy.actor.gui.ConfigurationApplication.<init>(ConfigurationApplication.java:277)
	at ptolemy.actor.gui.ConfigurationApplication.<init>(ConfigurationApplication.java:214)
	at ptolemy.actor.gui.ConfigurationApplication.<init>(ConfigurationApplication.java:201)
	at ptolemy.actor.gui.ConfigurationApplication.openModelOrEntity(ConfigurationApplication.java:680)
	at ptolemy.vergil.basic.export.ExportModel$1.run(ExportModel.java:220)
	at java.awt.event.InvocationEvent.dispatch(InvocationEvent.java:301)
	at java.awt.EventQueue.dispatchEventImpl(EventQueue.java:756)
	at java.awt.EventQueue.access$500(EventQueue.java:97)
	at java.awt.EventQueue$3.run(EventQueue.java:709)
	at java.awt.EventQueue$3.run(EventQueue.java:703)
	at java.security.AccessController.doPrivileged(Native Method)
	at java.security.ProtectionDomain$JavaSecurityAccessImpl.doIntersectionPrivilege(ProtectionDomain.java:80)
	at java.awt.EventQueue.dispatchEvent(EventQueue.java:726)
	at java.awt.EventDispatchThread.pumpOneEventForFilters(EventDispatchThread.java:201)
	at java.awt.EventDispatchThread.pumpEventsForFilter(EventDispatchThread.java:116)
	at java.awt.EventDispatchThread.pumpEventsForHierarchy(EventDispatchThread.java:105)
	at java.awt.EventDispatchThread.pumpEvents(EventDispatchThread.java:101)
	at java.awt.EventDispatchThread.pumpEvents(EventDispatchThread.java:93)
	at java.awt.EventDispatchThread.run(EventDispatchThread.java:82)
Caused by: ptolemy.actor.ptalon.PtalonRuntimeException: Unable to add actor null
	at ptolemy.actor.ptalon.PtalonEvaluator.addActor(PtalonEvaluator.java:300)
	at ptolemy.actor.ptalon.PtalonPopulator.actor_declaration(PtalonPopulator.java:1574)
	at ptolemy.actor.ptalon.PtalonPopulator.atomic_statement(PtalonPopulator.java:1638)
	at ptolemy.actor.ptalon.PtalonPopulator.iterative_statement_evaluator(PtalonPopulator.java:2484)
	at ptolemy.actor.ptalon.AbstractPtalonEvaluator$IfTree.evaluateForScope(AbstractPtalonEvaluator.java:1307)
	at ptolemy.actor.ptalon.AbstractPtalonEvaluator.evaluateForScope(AbstractPtalonEvaluator.java:744)
	at ptolemy.actor.ptalon.PtalonPopulator.iterative_statement(PtalonPopulator.java:2363)
	at ptolemy.actor.ptalon.PtalonPopulator.actor_definition(PtalonPopulator.java:2809)
	at ptolemy.actor.ptalon.PtalonActor.attributeChanged(PtalonActor.java:206)
	... 48 more
Caused by: ptolemy.kernel.util.InternalErrorException: Element <entity name="sender1" class="ptolemy.actor.ptalon.demo.ptinyos.SendAndReceiveCnt.CntToLedsAndRfm"> caused an exception to be thrown.
  in .SendAndReceiveCnt.SendAndReceiveCnt
Because:
Cannot find class: ptolemy.actor.ptalon.demo.ptinyos.SendAndReceiveCnt.CntToLedsAndRfm. In Ptolemy, classes are typically Java .class files. Entities like actors may instead be defined within a .xml file.  In any case, the class was not found. If the class uses a third party package, then the class would be present only if the third party package was found at compile time.  It may be necessary to upgrade Java or install the third party package, reconfigure and recompile.
Because:
Element <entity name="MicaLeds" class="ptolemy.domains.ptinyos.lib.MicaLeds"> caused an exception to be thrown.
  in .CntToLedsAndRfm
Because:
Cannot find class: ptolemy.domains.ptinyos.lib.MicaLeds. In Ptolemy, classes are typically Java .class files. Entities like actors may instead be defined within a .xml file.  In any case, the class was not found. If the class uses a third party package, then the class would be present only if the third party package was found at compile time.  It may be necessary to upgrade Java or install the third party package, reconfigure and recompile.
Because:
-- /home/travis/build/icyphy/ptII/ptolemy/actor/ptalon/demo/ptinyos/SendAndReceiveCnt/ptolemy/domains/ptinyos/lib/MicaLeds.xml (No such file or directory)
-- XML file not found relative to classpath.
-- /home/travis/build/icyphy/ptII/ptolemy/vergil/basic/export/test/ptolemy/domains/ptinyos/lib/MicaLeds.xml
/home/travis/build/icyphy/ptII/ptolemy/vergil/basic/export/test/ptolemy/domains/ptinyos/lib/MicaLeds.xml (No such file or directory)
 in file:/home/travis/build/icyphy/ptII/ptolemy/actor/ptalon/demo/ptinyos/SendAndReceiveCnt/CntToLedsAndRfm.xml at line 132 and column 63
	at ptolemy.moml.SimpleErrorHandler.handleError(SimpleErrorHandler.java:75)
	at ptolemy.moml.MoMLParser.startElement(MoMLParser.java:3805)
	at com.microstar.xml.XmlParser.parseElement(XmlParser.java:931)
	at com.microstar.xml.XmlParser.parseDocument(XmlParser.java:481)
	at com.microstar.xml.XmlParser.doParse(XmlParser.java:159)
	at com.microstar.xml.XmlParser.parse(XmlParser.java:132)
	at ptolemy.moml.MoMLParser.parse(MoMLParser.java:1660)
	at ptolemy.moml.MoMLParser.parse(MoMLParser.java:1617)
	at ptolemy.moml.MoMLParser.parse(MoMLParser.java:1792)
	at ptolemy.actor.ptalon.PtalonEvaluator.addActor(PtalonEvaluator.java:241)
	... 56 more
Caused by: ptolemy.kernel.util.IllegalActionException: Cannot find class: ptolemy.actor.ptalon.demo.ptinyos.SendAndReceiveCnt.CntToLedsAndRfm. In Ptolemy, classes are typically Java .class files. Entities like actors may instead be defined within a .xml file.  In any case, the class was not found. If the class uses a third party package, then the class would be present only if the third party package was found at compile time.  It may be necessary to upgrade Java or install the third party package, reconfigure and recompile.
Because:
Element <entity name="MicaLeds" class="ptolemy.domains.ptinyos.lib.MicaLeds"> caused an exception to be thrown.
  in .CntToLedsAndRfm
Because:
Cannot find class: ptolemy.domains.ptinyos.lib.MicaLeds. In Ptolemy, classes are typically Java .class files. Entities like actors may instead be defined within a .xml file.  In any case, the class was not found. If the class uses a third party package, then the class would be present only if the third party package was found at compile time.  It may be necessary to upgrade Java or install the third party package, reconfigure and recompile.
Because:
-- /home/travis/build/icyphy/ptII/ptolemy/actor/ptalon/demo/ptinyos/SendAndReceiveCnt/ptolemy/domains/ptinyos/lib/MicaLeds.xml (No such file or directory)
-- XML file not found relative to classpath.
-- /home/travis/build/icyphy/ptII/ptolemy/vergil/basic/export/test/ptolemy/domains/ptinyos/lib/MicaLeds.xml
/home/travis/build/icyphy/ptII/ptolemy/vergil/basic/export/test/ptolemy/domains/ptinyos/lib/MicaLeds.xml (No such file or directory)
 in file:/home/travis/build/icyphy/ptII/ptolemy/actor/ptalon/demo/ptinyos/SendAndReceiveCnt/CntToLedsAndRfm.xml at line 132 and column 63
	at ptolemy.moml.MoMLParser._createEntity(MoMLParser.java:4330)
	at ptolemy.moml.MoMLParser.startElement(MoMLParser.java:2864)
	... 64 more
Caused by: ptolemy.kernel.util.InternalErrorException: Element <entity name="MicaLeds" class="ptolemy.domains.ptinyos.lib.MicaLeds"> caused an exception to be thrown.
  in .CntToLedsAndRfm
Because:
Cannot find class: ptolemy.domains.ptinyos.lib.MicaLeds. In Ptolemy, classes are typically Java .class files. Entities like actors may instead be defined within a .xml file.  In any case, the class was not found. If the class uses a third party package, then the class would be present only if the third party package was found at compile time.  It may be necessary to upgrade Java or install the third party package, reconfigure and recompile.
Because:
-- /home/travis/build/icyphy/ptII/ptolemy/actor/ptalon/demo/ptinyos/SendAndReceiveCnt/ptolemy/domains/ptinyos/lib/MicaLeds.xml (No such file or directory)
-- XML file not found relative to classpath.
-- /home/travis/build/icyphy/ptII/ptolemy/vergil/basic/export/test/ptolemy/domains/ptinyos/lib/MicaLeds.xml
/home/travis/build/icyphy/ptII/ptolemy/vergil/basic/export/test/ptolemy/domains/ptinyos/lib/MicaLeds.xml (No such file or directory)
 in file:/home/travis/build/icyphy/ptII/ptolemy/actor/ptalon/demo/ptinyos/SendAndReceiveCnt/CntToLedsAndRfm.xml at line 132 and column 63
	at ptolemy.moml.SimpleErrorHandler.handleError(SimpleErrorHandler.java:75)
	at ptolemy.moml.MoMLParser.startElement(MoMLParser.java:3805)
	at com.microstar.xml.XmlParser.parseElement(XmlParser.java:921)
	at com.microstar.xml.XmlParser.parseContent(XmlParser.java:1104)
	at com.microstar.xml.XmlParser.parseElement(XmlParser.java:924)
	at com.microstar.xml.XmlParser.parseDocument(XmlParser.java:481)
	at com.microstar.xml.XmlParser.doParse(XmlParser.java:159)
	at com.microstar.xml.XmlParser.parse(XmlParser.java:132)
	at ptolemy.moml.MoMLParser.parse(MoMLParser.java:1676)
	at ptolemy.moml.MoMLParser.parse(MoMLParser.java:1595)
	at ptolemy.moml.MoMLParser.parse(MoMLParser.java:1537)
	at ptolemy.moml.MoMLParser._findOrParse(MoMLParser.java:5286)
	at ptolemy.moml.MoMLParser._attemptToFindMoMLClass(MoMLParser.java:4075)
	at ptolemy.moml.MoMLParser._createEntity(MoMLParser.java:4323)
	... 65 more
Caused by: ptolemy.kernel.util.IllegalActionException: Cannot find class: ptolemy.domains.ptinyos.lib.MicaLeds. In Ptolemy, classes are typically Java .class files. Entities like actors may instead be defined within a .xml file.  In any case, the class was not found. If the class uses a third party package, then the class would be present only if the third party package was found at compile time.  It may be necessary to upgrade Java or install the third party package, reconfigure and recompile.
Because:
-- /home/travis/build/icyphy/ptII/ptolemy/actor/ptalon/demo/ptinyos/SendAndReceiveCnt/ptolemy/domains/ptinyos/lib/MicaLeds.xml (No such file or directory)
-- XML file not found relative to classpath.
-- /home/travis/build/icyphy/ptII/ptolemy/vergil/basic/export/test/ptolemy/domains/ptinyos/lib/MicaLeds.xml
/home/travis/build/icyphy/ptII/ptolemy/vergil/basic/export/test/ptolemy/domains/ptinyos/lib/MicaLeds.xml (No such file or directory)
 in file:/home/travis/build/icyphy/ptII/ptolemy/actor/ptalon/demo/ptinyos/SendAndReceiveCnt/CntToLedsAndRfm.xml at line 132 and column 63
	at ptolemy.moml.MoMLParser._createEntity(MoMLParser.java:4330)
	at ptolemy.moml.MoMLParser.startElement(MoMLParser.java:2864)
	... 77 more
Caused by: com.microstar.xml.XmlException: -- /home/travis/build/icyphy/ptII/ptolemy/actor/ptalon/demo/ptinyos/SendAndReceiveCnt/ptolemy/domains/ptinyos/lib/MicaLeds.xml (No such file or directory)
-- XML file not found relative to classpath.
-- /home/travis/build/icyphy/ptII/ptolemy/vergil/basic/export/test/ptolemy/domains/ptinyos/lib/MicaLeds.xml
/home/travis/build/icyphy/ptII/ptolemy/vergil/basic/export/test/ptolemy/domains/ptinyos/lib/MicaLeds.xml (No such file or directory)
 in file:/home/travis/build/icyphy/ptII/ptolemy/actor/ptalon/demo/ptinyos/SendAndReceiveCnt/CntToLedsAndRfm.xml at line 132 and column 63
	at ptolemy.moml.MoMLParser.fileNameToURL(MoMLParser.java:1414)
	at ptolemy.moml.MoMLParser._findOrParse(MoMLParser.java:5283)
	at ptolemy.moml.MoMLParser._attemptToFindMoMLClass(MoMLParser.java:4075)
	at ptolemy.moml.MoMLParser._createEntity(MoMLParser.java:4323)
	... 78 more
Caused by: ptolemy.actor.ptalon.PtalonRuntimeException: Unable to add actor null
	at ptolemy.actor.ptalon.PtalonEvaluator.addActor(PtalonEvaluator.java:300)
	at ptolemy.actor.ptalon.PtalonPopulator.actor_declaration(PtalonPopulator.java:1574)
	at ptolemy.actor.ptalon.PtalonPopulator.atomic_statement(PtalonPopulator.java:1638)
	at ptolemy.actor.ptalon.PtalonPopulator.iterative_statement_evaluator(PtalonPopulator.java:2484)
	at ptolemy.actor.ptalon.AbstractPtalonEvaluator$IfTree.evaluateForScope(AbstractPtalonEvaluator.java:1307)
	at ptolemy.actor.ptalon.AbstractPtalonEvaluator.evaluateForScope(AbstractPtalonEvaluator.java:744)
	at ptolemy.actor.ptalon.PtalonPopulator.iterative_statement(PtalonPopulator.java:2363)
	at ptolemy.actor.ptalon.PtalonPopulator.actor_definition(PtalonPopulator.java:2809)
	at ptolemy.actor.ptalon.PtalonActor.attributeChanged(PtalonActor.java:206)
	at ptolemy.actor.ptalon.PtalonMLHandler.startElement(PtalonMLHandler.java:134)
	at com.microstar.xml.XmlParser.parseElement(XmlParser.java:921)
	at com.microstar.xml.XmlParser.parseContent(XmlParser.java:1104)
	at com.microstar.xml.XmlParser.parseElement(XmlParser.java:924)
	at com.microstar.xml.XmlParser.parseDocument(XmlParser.java:481)
	at com.microstar.xml.XmlParser.doParse(XmlParser.java:159)
	at com.microstar.xml.XmlParser.parse(XmlParser.java:132)
	at ptolemy.actor.ptalon.PtalonActor.configure(PtalonActor.java:240)
	at ptolemy.moml.MoMLParser.endElement(MoMLParser.java:996)
	at com.microstar.xml.XmlParser.parseETag(XmlParser.java:1026)
	at com.microstar.xml.XmlParser.parseContent(XmlParser.java:1098)
	at com.microstar.xml.XmlParser.parseElement(XmlParser.java:924)
	at com.microstar.xml.XmlParser.parseContent(XmlParser.java:1104)
	at com.microstar.xml.XmlParser.parseElement(XmlParser.java:924)
	at com.microstar.xml.XmlParser.parseContent(XmlParser.java:1104)
	at com.microstar.xml.XmlParser.parseElement(XmlParser.java:924)
	at com.microstar.xml.XmlParser.parseDocument(XmlParser.java:481)
	at com.microstar.xml.XmlParser.doParse(XmlParser.java:159)
	at com.microstar.xml.XmlParser.parse(XmlParser.java:132)
	at ptolemy.moml.MoMLParser.parse(MoMLParser.java:1676)
	at ptolemy.moml.MoMLParser.parse(MoMLParser.java:1595)
	at ptolemy.moml.MoMLParser.parse(MoMLParser.java:1537)
	at ptolemy.actor.gui.PtolemyEffigy$Factory.createEffigy(PtolemyEffigy.java:424)
	at ptolemy.actor.gui.EffigyFactory.createEffigy(EffigyFactory.java:234)
	at ptolemy.actor.gui.Configuration.openModel(Configuration.java:1125)
	at ptolemy.actor.gui.Configuration.openModel(Configuration.java:1051)
	at ptolemy.actor.gui.ConfigurationApplication._openModel(ConfigurationApplication.java:1252)
	at ptolemy.actor.gui.ConfigurationApplication._parseArg(ConfigurationApplication.java:1399)
	at ptolemy.actor.gui.ConfigurationApplication._parseArgs(ConfigurationApplication.java:1478)
	at ptolemy.actor.gui.ConfigurationApplication.<init>(ConfigurationApplication.java:277)
	at ptolemy.actor.gui.ConfigurationApplication.<init>(ConfigurationApplication.java:214)
	at ptolemy.actor.gui.ConfigurationApplication.<init>(ConfigurationApplication.java:201)
	at ptolemy.actor.gui.ConfigurationApplication.openModelOrEntity(ConfigurationApplication.java:680)
	at ptolemy.vergil.basic.export.ExportModel$1.run(ExportModel.java:220)
	at java.awt.event.InvocationEvent.dispatch(InvocationEvent.java:301)
	at java.awt.EventQueue.dispatchEventImpl(EventQueue.java:756)
	at java.awt.EventQueue.access$500(EventQueue.java:97)
	at java.awt.EventQueue$3.run(EventQueue.java:709)
	at java.awt.EventQueue$3.run(EventQueue.java:703)
	at java.security.AccessController.doPrivileged(Native Method)
	at java.security.ProtectionDomain$JavaSecurityAccessImpl.doIntersectionPrivilege(ProtectionDomain.java:80)
	at java.awt.EventQueue.dispatchEvent(EventQueue.java:726)
	at java.awt.EventDispatchThread.pumpOneEventForFilters(EventDispatchThread.java:201)
	at java.awt.EventDispatchThread.pumpEventsForFilter(EventDispatchThread.java:116)
	at java.awt.EventDispatchThread.pumpEventsForHierarchy(EventDispatchThread.java:105)
	at java.awt.EventDispatchThread.pumpEvents(EventDispatchThread.java:101)
	at java.awt.EventDispatchThread.pumpEvents(EventDispatchThread.java:93)
	at java.awt.EventDispatchThread.run(EventDispatchThread.java:82)
Caused by: ptolemy.kernel.util.InternalErrorException: Element <entity name="sender1" class="ptolemy.actor.ptalon.demo.ptinyos.SendAndReceiveCnt.CntToLedsAndRfm"> caused an exception to be thrown.
  in .SendAndReceiveCnt.SendAndReceiveCnt
Because:
Cannot find class: ptolemy.actor.ptalon.demo.ptinyos.SendAndReceiveCnt.CntToLedsAndRfm. In Ptolemy, classes are typically Java .class files. Entities like actors may instead be defined within a .xml file.  In any case, the class was not found. If the class uses a third party package, then the class would be present only if the third party package was found at compile time.  It may be necessary to upgrade Java or install the third party package, reconfigure and recompile.
Because:
Element <entity name="MicaLeds" class="ptolemy.domains.ptinyos.lib.MicaLeds"> caused an exception to be thrown.
  in .CntToLedsAndRfm
Because:
Cannot find class: ptolemy.domains.ptinyos.lib.MicaLeds. In Ptolemy, classes are typically Java .class files. Entities like actors may instead be defined within a .xml file.  In any case, the class was not found. If the class uses a third party package, then the class would be present only if the third party package was found at compile time.  It may be necessary to upgrade Java or install the third party package, reconfigure and recompile.
Because:
-- /home/travis/build/icyphy/ptII/ptolemy/actor/ptalon/demo/ptinyos/SendAndReceiveCnt/ptolemy/domains/ptinyos/lib/MicaLeds.xml (No such file or directory)
-- XML file not found relative to classpath.
-- /home/travis/build/icyphy/ptII/ptolemy/vergil/basic/export/test/ptolemy/domains/ptinyos/lib/MicaLeds.xml
/home/travis/build/icyphy/ptII/ptolemy/vergil/basic/export/test/ptolemy/domains/ptinyos/lib/MicaLeds.xml (No such file or directory)
 in file:/home/travis/build/icyphy/ptII/ptolemy/actor/ptalon/demo/ptinyos/SendAndReceiveCnt/CntToLedsAndRfm.xml at line 132 and column 63
	at ptolemy.moml.SimpleErrorHandler.handleError(SimpleErrorHandler.java:75)
	at ptolemy.moml.MoMLParser.startElement(MoMLParser.java:3805)
	at com.microstar.xml.XmlParser.parseElement(XmlParser.java:931)
	at com.microstar.xml.XmlParser.parseDocument(XmlParser.java:481)
	at com.microstar.xml.XmlParser.doParse(XmlParser.java:159)
	at com.microstar.xml.XmlParser.parse(XmlParser.java:132)
	at ptolemy.moml.MoMLParser.parse(MoMLParser.java:1660)
	at ptolemy.moml.MoMLParser.parse(MoMLParser.java:1617)
	at ptolemy.moml.MoMLParser.parse(MoMLParser.java:1792)
	at ptolemy.actor.ptalon.PtalonEvaluator.addActor(PtalonEvaluator.java:241)
	... 56 more
Caused by: ptolemy.kernel.util.IllegalActionException: Cannot find class: ptolemy.actor.ptalon.demo.ptinyos.SendAndReceiveCnt.CntToLedsAndRfm. In Ptolemy, classes are typically Java .class files. Entities like actors may instead be defined within a .xml file.  In any case, the class was not found. If the class uses a third party package, then the class would be present only if the third party package was found at compile time.  It may be necessary to upgrade Java or install the third party package, reconfigure and recompile.
Because:
Element <entity name="MicaLeds" class="ptolemy.domains.ptinyos.lib.MicaLeds"> caused an exception to be thrown.
  in .CntToLedsAndRfm
Because:
Cannot find class: ptolemy.domains.ptinyos.lib.MicaLeds. In Ptolemy, classes are typically Java .class files. Entities like actors may instead be defined within a .xml file.  In any case, the class was not found. If the class uses a third party package, then the class would be present only if the third party package was found at compile time.  It may be necessary to upgrade Java or install the third party package, reconfigure and recompile.
Because:
-- /home/travis/build/icyphy/ptII/ptolemy/actor/ptalon/demo/ptinyos/SendAndReceiveCnt/ptolemy/domains/ptinyos/lib/MicaLeds.xml (No such file or directory)
-- XML file not found relative to classpath.
-- /home/travis/build/icyphy/ptII/ptolemy/vergil/basic/export/test/ptolemy/domains/ptinyos/lib/MicaLeds.xml
/home/travis/build/icyphy/ptII/ptolemy/vergil/basic/export/test/ptolemy/domains/ptinyos/lib/MicaLeds.xml (No such file or directory)
 in file:/home/travis/build/icyphy/ptII/ptolemy/actor/ptalon/demo/ptinyos/SendAndReceiveCnt/CntToLedsAndRfm.xml at line 132 and column 63
	at ptolemy.moml.MoMLParser._createEntity(MoMLParser.java:4330)
	at ptolemy.moml.MoMLParser.startElement(MoMLParser.java:2864)
	... 64 more
Caused by: ptolemy.kernel.util.InternalErrorException: Element <entity name="MicaLeds" class="ptolemy.domains.ptinyos.lib.MicaLeds"> caused an exception to be thrown.
  in .CntToLedsAndRfm
Because:
Cannot find class: ptolemy.domains.ptinyos.lib.MicaLeds. In Ptolemy, classes are typically Java .class files. Entities like actors may instead be defined within a .xml file.  In any case, the class was not found. If the class uses a third party package, then the class would be present only if the third party package was found at compile time.  It may be necessary to upgrade Java or install the third party package, reconfigure and recompile.
Because:
-- /home/travis/build/icyphy/ptII/ptolemy/actor/ptalon/demo/ptinyos/SendAndReceiveCnt/ptolemy/domains/ptinyos/lib/MicaLeds.xml (No such file or directory)
-- XML file not found relative to classpath.
-- /home/travis/build/icyphy/ptII/ptolemy/vergil/basic/export/test/ptolemy/domains/ptinyos/lib/MicaLeds.xml
/home/travis/build/icyphy/ptII/ptolemy/vergil/basic/export/test/ptolemy/domains/ptinyos/lib/MicaLeds.xml (No such file or directory)
 in file:/home/travis/build/icyphy/ptII/ptolemy/actor/ptalon/demo/ptinyos/SendAndReceiveCnt/CntToLedsAndRfm.xml at line 132 and column 63
	at ptolemy.moml.SimpleErrorHandler.handleError(SimpleErrorHandler.java:75)
	at ptolemy.moml.MoMLParser.startElement(MoMLParser.java:3805)
	at com.microstar.xml.XmlParser.parseElement(XmlParser.java:921)
	at com.microstar.xml.XmlParser.parseContent(XmlParser.java:1104)
	at com.microstar.xml.XmlParser.parseElement(XmlParser.java:924)
	at com.microstar.xml.XmlParser.parseDocument(XmlParser.java:481)
	at com.microstar.xml.XmlParser.doParse(XmlParser.java:159)
	at com.microstar.xml.XmlParser.parse(XmlParser.java:132)
	at ptolemy.moml.MoMLParser.parse(MoMLParser.java:1676)
	at ptolemy.moml.MoMLParser.parse(MoMLParser.java:1595)
	at ptolemy.moml.MoMLParser.parse(MoMLParser.java:1537)
	at ptolemy.moml.MoMLParser._findOrParse(MoMLParser.java:5286)
	at ptolemy.moml.MoMLParser._attemptToFindMoMLClass(MoMLParser.java:4075)
	at ptolemy.moml.MoMLParser._createEntity(MoMLParser.java:4323)
	... 65 more
Caused by: ptolemy.kernel.util.IllegalActionException: Cannot find class: ptolemy.domains.ptinyos.lib.MicaLeds. In Ptolemy, classes are typically Java .class files. Entities like actors may instead be defined within a .xml file.  In any case, the class was not found. If the class uses a third party package, then the class would be present only if the third party package was found at compile time.  It may be necessary to upgrade Java or install the third party package, reconfigure and recompile.
Because:
-- /home/travis/build/icyphy/ptII/ptolemy/actor/ptalon/demo/ptinyos/SendAndReceiveCnt/ptolemy/domains/ptinyos/lib/MicaLeds.xml (No such file or directory)
-- XML file not found relative to classpath.
-- /home/travis/build/icyphy/ptII/ptolemy/vergil/basic/export/test/ptolemy/domains/ptinyos/lib/MicaLeds.xml
/home/travis/build/icyphy/ptII/ptolemy/vergil/basic/export/test/ptolemy/domains/ptinyos/lib/MicaLeds.xml (No such file or directory)
 in file:/home/travis/build/icyphy/ptII/ptolemy/actor/ptalon/demo/ptinyos/SendAndReceiveCnt/CntToLedsAndRfm.xml at line 132 and column 63
	at ptolemy.moml.MoMLParser._createEntity(MoMLParser.java:4330)
	at ptolemy.moml.MoMLParser.startElement(MoMLParser.java:2864)
	... 77 more
Caused by: com.microstar.xml.XmlException: -- /home/travis/build/icyphy/ptII/ptolemy/actor/ptalon/demo/ptinyos/SendAndReceiveCnt/ptolemy/domains/ptinyos/lib/MicaLeds.xml (No such file or directory)
-- XML file not found relative to classpath.
-- /home/travis/build/icyphy/ptII/ptolemy/vergil/basic/export/test/ptolemy/domains/ptinyos/lib/MicaLeds.xml
/home/travis/build/icyphy/ptII/ptolemy/vergil/basic/export/test/ptolemy/domains/ptinyos/lib/MicaLeds.xml (No such file or directory)
 in file:/home/travis/build/icyphy/ptII/ptolemy/actor/ptalon/demo/ptinyos/SendAndReceiveCnt/CntToLedsAndRfm.xml at line 132 and column 63
	at ptolemy.moml.MoMLParser.fileNameToURL(MoMLParser.java:1414)
	at ptolemy.moml.MoMLParser._findOrParse(MoMLParser.java:5283)
	at ptolemy.moml.MoMLParser._attemptToFindMoMLClass(MoMLParser.java:4075)
	at ptolemy.moml.MoMLParser._createEntity(MoMLParser.java:4323)
	... 78 more
Failed to read file:/home/travis/build/icyphy/ptII/ptolemy/actor/ptalon/demo/ptinyos/SendAndReceiveCnt/SendAndReceiveCnt.xml
ptolemy.kernel.util.IllegalActionException: Failed to process attribute change to PtalonParameter, whose value is "ptolemy.actor.ptalon.PtalonExpressionParameter {.SendAndReceiveCnt.SendAndReceiveCnt.channelName} "AtomicWirelessChannel"".
  in .SendAndReceiveCnt.SendAndReceiveCnt
Because:
Unable to add actor null
	at ptolemy.actor.ptalon.PtalonActor.attributeChanged(PtalonActor.java:211)
	at ptolemy.actor.ptalon.PtalonMLHandler.startElement(PtalonMLHandler.java:134)
	at com.microstar.xml.XmlParser.parseElement(XmlParser.java:921)
	at com.microstar.xml.XmlParser.parseContent(XmlParser.java:1104)
	at com.microstar.xml.XmlParser.parseElement(XmlParser.java:924)
	at com.microstar.xml.XmlParser.parseDocument(XmlParser.java:481)
	at com.microstar.xml.XmlParser.doParse(XmlParser.java:159)
	at com.microstar.xml.XmlParser.parse(XmlParser.java:132)
	at ptolemy.actor.ptalon.PtalonActor.configure(PtalonActor.java:240)
	at ptolemy.moml.MoMLParser.endElement(MoMLParser.java:996)
	at com.microstar.xml.XmlParser.parseETag(XmlParser.java:1026)
	at com.microstar.xml.XmlParser.parseContent(XmlParser.java:1098)
	at com.microstar.xml.XmlParser.parseElement(XmlParser.java:924)
	at com.microstar.xml.XmlParser.parseContent(XmlParser.java:1104)
	at com.microstar.xml.XmlParser.parseElement(XmlParser.java:924)
	at com.microstar.xml.XmlParser.parseContent(XmlParser.java:1104)
	at com.microstar.xml.XmlParser.parseElement(XmlParser.java:924)
	at com.microstar.xml.XmlParser.parseDocument(XmlParser.java:481)
	at com.microstar.xml.XmlParser.doParse(XmlParser.java:159)
	at com.microstar.xml.XmlParser.parse(XmlParser.java:132)
	at ptolemy.moml.MoMLParser.parse(MoMLParser.java:1676)
	at ptolemy.moml.MoMLParser.parse(MoMLParser.java:1595)
	at ptolemy.moml.MoMLParser.parse(MoMLParser.java:1537)
	at ptolemy.actor.gui.PtolemyEffigy$Factory.createEffigy(PtolemyEffigy.java:424)
	at ptolemy.actor.gui.EffigyFactory.createEffigy(EffigyFactory.java:234)
	at ptolemy.actor.gui.Configuration.openModel(Configuration.java:1125)
	at ptolemy.actor.gui.Configuration.openModel(Configuration.java:1051)
	at ptolemy.actor.gui.ConfigurationApplication._openModel(ConfigurationApplication.java:1252)
	at ptolemy.actor.gui.ConfigurationApplication._parseArg(ConfigurationApplication.java:1399)
	at ptolemy.actor.gui.ConfigurationApplication._parseArgs(ConfigurationApplication.java:1478)
	at ptolemy.actor.gui.ConfigurationApplication.<init>(ConfigurationApplication.java:277)
	at ptolemy.actor.gui.ConfigurationApplication.<init>(ConfigurationApplication.java:214)
	at ptolemy.actor.gui.ConfigurationApplication.<init>(ConfigurationApplication.java:201)
	at ptolemy.actor.gui.ConfigurationApplication.openModelOrEntity(ConfigurationApplication.java:680)
	at ptolemy.vergil.basic.export.ExportModel$1.run(ExportModel.java:220)
	at java.awt.event.InvocationEvent.dispatch(InvocationEvent.java:301)
	at java.awt.EventQueue.dispatchEventImpl(EventQueue.java:756)
	at java.awt.EventQueue.access$500(EventQueue.java:97)
	at java.awt.EventQueue$3.run(EventQueue.java:709)
	at java.awt.EventQueue$3.run(EventQueue.java:703)
	at java.security.AccessController.doPrivileged(Native Method)
	at java.security.ProtectionDomain$JavaSecurityAccessImpl.doIntersectionPrivilege(ProtectionDomain.java:80)
	at java.awt.EventQueue.dispatchEvent(EventQueue.java:726)
	at java.awt.EventDispatchThread.pumpOneEventForFilters(EventDispatchThread.java:201)
	at java.awt.EventDispatchThread.pumpEventsForFilter(EventDispatchThread.java:116)
	at java.awt.EventDispatchThread.pumpEventsForHierarchy(EventDispatchThread.java:105)
	at java.awt.EventDispatchThread.pumpEvents(EventDispatchThread.java:101)
	at java.awt.EventDispatchThread.pumpEvents(EventDispatchThread.java:93)
	at java.awt.EventDispatchThread.run(EventDispatchThread.java:82)
Caused by: ptolemy.actor.ptalon.PtalonRuntimeException: Unable to add actor null
	at ptolemy.actor.ptalon.PtalonEvaluator.addActor(PtalonEvaluator.java:300)
	at ptolemy.actor.ptalon.PtalonPopulator.actor_declaration(PtalonPopulator.java:1574)
	at ptolemy.actor.ptalon.PtalonPopulator.atomic_statement(PtalonPopulator.java:1638)
	at ptolemy.actor.ptalon.PtalonPopulator.iterative_statement_evaluator(PtalonPopulator.java:2484)
	at ptolemy.actor.ptalon.AbstractPtalonEvaluator$IfTree.evaluateForScope(AbstractPtalonEvaluator.java:1307)
	at ptolemy.actor.ptalon.AbstractPtalonEvaluator.evaluateForScope(AbstractPtalonEvaluator.java:744)
	at ptolemy.actor.ptalon.PtalonPopulator.iterative_statement(PtalonPopulator.java:2363)
	at ptolemy.actor.ptalon.PtalonPopulator.actor_definition(PtalonPopulator.java:2809)
	at ptolemy.actor.ptalon.PtalonActor.attributeChanged(PtalonActor.java:206)
	... 48 more
Caused by: ptolemy.kernel.util.InternalErrorException: Element <entity name="sender1" class="ptolemy.actor.ptalon.demo.ptinyos.SendAndReceiveCnt.CntToLedsAndRfm"> caused an exception to be thrown.
  in .SendAndReceiveCnt.SendAndReceiveCnt
Because:
Cannot find class: ptolemy.actor.ptalon.demo.ptinyos.SendAndReceiveCnt.CntToLedsAndRfm. In Ptolemy, classes are typically Java .class files. Entities like actors may instead be defined within a .xml file.  In any case, the class was not found. If the class uses a third party package, then the class would be present only if the third party package was found at compile time.  It may be necessary to upgrade Java or install the third party package, reconfigure and recompile.
Because:
Element <entity name="MicaLeds" class="ptolemy.domains.ptinyos.lib.MicaLeds"> caused an exception to be thrown.
  in .CntToLedsAndRfm
Because:
Cannot find class: ptolemy.domains.ptinyos.lib.MicaLeds. In Ptolemy, classes are typically Java .class files. Entities like actors may instead be defined within a .xml file.  In any case, the class was not found. If the class uses a third party package, then the class would be present only if the third party package was found at compile time.  It may be necessary to upgrade Java or install the third party package, reconfigure and recompile.
Because:
-- /home/travis/build/icyphy/ptII/ptolemy/actor/ptalon/demo/ptinyos/SendAndReceiveCnt/ptolemy/domains/ptinyos/lib/MicaLeds.xml (No such file or directory)
-- XML file not found relative to classpath.
-- /home/travis/build/icyphy/ptII/ptolemy/vergil/basic/export/test/ptolemy/domains/ptinyos/lib/MicaLeds.xml
/home/travis/build/icyphy/ptII/ptolemy/vergil/basic/export/test/ptolemy/domains/ptinyos/lib/MicaLeds.xml (No such file or directory)
 in file:/home/travis/build/icyphy/ptII/ptolemy/actor/ptalon/demo/ptinyos/SendAndReceiveCnt/CntToLedsAndRfm.xml at line 132 and column 63
	at ptolemy.moml.SimpleErrorHandler.handleError(SimpleErrorHandler.java:75)
	at ptolemy.moml.MoMLParser.startElement(MoMLParser.java:3805)
	at com.microstar.xml.XmlParser.parseElement(XmlParser.java:931)
	at com.microstar.xml.XmlParser.parseDocument(XmlParser.java:481)
	at com.microstar.xml.XmlParser.doParse(XmlParser.java:159)
	at com.microstar.xml.XmlParser.parse(XmlParser.java:132)
	at ptolemy.moml.MoMLParser.parse(MoMLParser.java:1660)
	at ptolemy.moml.MoMLParser.parse(MoMLParser.java:1617)
	at ptolemy.moml.MoMLParser.parse(MoMLParser.java:1792)
	at ptolemy.actor.ptalon.PtalonEvaluator.addActor(PtalonEvaluator.java:241)
	... 56 more
Caused by: ptolemy.kernel.util.IllegalActionException: Cannot find class: ptolemy.actor.ptalon.demo.ptinyos.SendAndReceiveCnt.CntToLedsAndRfm. In Ptolemy, classes are typically Java .class files. Entities like actors may instead be defined within a .xml file.  In any case, the class was not found. If the class uses a third party package, then the class would be present only if the third party package was found at compile time.  It may be necessary to upgrade Java or install the third party package, reconfigure and recompile.
Because:
Element <entity name="MicaLeds" class="ptolemy.domains.ptinyos.lib.MicaLeds"> caused an exception to be thrown.
  in .CntToLedsAndRfm
Because:
Cannot find class: ptolemy.domains.ptinyos.lib.MicaLeds. In Ptolemy, classes are typically Java .class files. Entities like actors may instead be defined within a .xml file.  In any case, the class was not found. If the class uses a third party package, then the class would be present only if the third party package was found at compile time.  It may be necessary to upgrade Java or install the third party package, reconfigure and recompile.
Because:
-- /home/travis/build/icyphy/ptII/ptolemy/actor/ptalon/demo/ptinyos/SendAndReceiveCnt/ptolemy/domains/ptinyos/lib/MicaLeds.xml (No such file or directory)
-- XML file not found relative to classpath.
-- /home/travis/build/icyphy/ptII/ptolemy/vergil/basic/export/test/ptolemy/domains/ptinyos/lib/MicaLeds.xml
/home/travis/build/icyphy/ptII/ptolemy/vergil/basic/export/test/ptolemy/domains/ptinyos/lib/MicaLeds.xml (No such file or directory)
 in file:/home/travis/build/icyphy/ptII/ptolemy/actor/ptalon/demo/ptinyos/SendAndReceiveCnt/CntToLedsAndRfm.xml at line 132 and column 63
	at ptolemy.moml.MoMLParser._createEntity(MoMLParser.java:4330)
	at ptolemy.moml.MoMLParser.startElement(MoMLParser.java:2864)
	... 64 more
Caused by: ptolemy.kernel.util.InternalErrorException: Element <entity name="MicaLeds" class="ptolemy.domains.ptinyos.lib.MicaLeds"> caused an exception to be thrown.
  in .CntToLedsAndRfm
Because:
Cannot find class: ptolemy.domains.ptinyos.lib.MicaLeds. In Ptolemy, classes are typically Java .class files. Entities like actors may instead be defined within a .xml file.  In any case, the class was not found. If the class uses a third party package, then the class would be present only if the third party package was found at compile time.  It may be necessary to upgrade Java or install the third party package, reconfigure and recompile.
Because:
-- /home/travis/build/icyphy/ptII/ptolemy/actor/ptalon/demo/ptinyos/SendAndReceiveCnt/ptolemy/domains/ptinyos/lib/MicaLeds.xml (No such file or directory)
-- XML file not found relative to classpath.
-- /home/travis/build/icyphy/ptII/ptolemy/vergil/basic/export/test/ptolemy/domains/ptinyos/lib/MicaLeds.xml
/home/travis/build/icyphy/ptII/ptolemy/vergil/basic/export/test/ptolemy/domains/ptinyos/lib/MicaLeds.xml (No such file or directory)
 in file:/home/travis/build/icyphy/ptII/ptolemy/actor/ptalon/demo/ptinyos/SendAndReceiveCnt/CntToLedsAndRfm.xml at line 132 and column 63
	at ptolemy.moml.SimpleErrorHandler.handleError(SimpleErrorHandler.java:75)
	at ptolemy.moml.MoMLParser.startElement(MoMLParser.java:3805)
	at com.microstar.xml.XmlParser.parseElement(XmlParser.java:921)
	at com.microstar.xml.XmlParser.parseContent(XmlParser.java:1104)
	at com.microstar.xml.XmlParser.parseElement(XmlParser.java:924)
	at com.microstar.xml.XmlParser.parseDocument(XmlParser.java:481)
	at com.microstar.xml.XmlParser.doParse(XmlParser.java:159)
	at com.microstar.xml.XmlParser.parse(XmlParser.java:132)
	at ptolemy.moml.MoMLParser.parse(MoMLParser.java:1676)
	at ptolemy.moml.MoMLParser.parse(MoMLParser.java:1595)
	at ptolemy.moml.MoMLParser.parse(MoMLParser.java:1537)
	at ptolemy.moml.MoMLParser._findOrParse(MoMLParser.java:5286)
	at ptolemy.moml.MoMLParser._attemptToFindMoMLClass(MoMLParser.java:4075)
	at ptolemy.moml.MoMLParser._createEntity(MoMLParser.java:4323)
	... 65 more
Caused by: ptolemy.kernel.util.IllegalActionException: Cannot find class: ptolemy.domains.ptinyos.lib.MicaLeds. In Ptolemy, classes are typically Java .class files. Entities like actors may instead be defined within a .xml file.  In any case, the class was not found. If the class uses a third party package, then the class would be present only if the third party package was found at compile time.  It may be necessary to upgrade Java or install the third party package, reconfigure and recompile.
Because:
-- /home/travis/build/icyphy/ptII/ptolemy/actor/ptalon/demo/ptinyos/SendAndReceiveCnt/ptolemy/domains/ptinyos/lib/MicaLeds.xml (No such file or directory)
-- XML file not found relative to classpath.
-- /home/travis/build/icyphy/ptII/ptolemy/vergil/basic/export/test/ptolemy/domains/ptinyos/lib/MicaLeds.xml
/home/travis/build/icyphy/ptII/ptolemy/vergil/basic/export/test/ptolemy/domains/ptinyos/lib/MicaLeds.xml (No such file or directory)
 in file:/home/travis/build/icyphy/ptII/ptolemy/actor/ptalon/demo/ptinyos/SendAndReceiveCnt/CntToLedsAndRfm.xml at line 132 and column 63
	at ptolemy.moml.MoMLParser._createEntity(MoMLParser.java:4330)
	at ptolemy.moml.MoMLParser.startElement(MoMLParser.java:2864)
	... 77 more
Caused by: com.microstar.xml.XmlException: -- /home/travis/build/icyphy/ptII/ptolemy/actor/ptalon/demo/ptinyos/SendAndReceiveCnt/ptolemy/domains/ptinyos/lib/MicaLeds.xml (No such file or directory)
-- XML file not found relative to classpath.
-- /home/travis/build/icyphy/ptII/ptolemy/vergil/basic/export/test/ptolemy/domains/ptinyos/lib/MicaLeds.xml
/home/travis/build/icyphy/ptII/ptolemy/vergil/basic/export/test/ptolemy/domains/ptinyos/lib/MicaLeds.xml (No such file or directory)
 in file:/home/travis/build/icyphy/ptII/ptolemy/actor/ptalon/demo/ptinyos/SendAndReceiveCnt/CntToLedsAndRfm.xml at line 132 and column 63
	at ptolemy.moml.MoMLParser.fileNameToURL(MoMLParser.java:1414)
	at ptolemy.moml.MoMLParser._findOrParse(MoMLParser.java:5283)
	at ptolemy.moml.MoMLParser._attemptToFindMoMLClass(MoMLParser.java:4075)
	at ptolemy.moml.MoMLParser._createEntity(MoMLParser.java:4323)
	... 78 more
Caused by: ptolemy.actor.ptalon.PtalonRuntimeException: Unable to add actor null
	at ptolemy.actor.ptalon.PtalonEvaluator.addActor(PtalonEvaluator.java:300)
	at ptolemy.actor.ptalon.PtalonPopulator.actor_declaration(PtalonPopulator.java:1574)
	at ptolemy.actor.ptalon.PtalonPopulator.atomic_statement(PtalonPopulator.java:1638)
	at ptolemy.actor.ptalon.PtalonPopulator.iterative_statement_evaluator(PtalonPopulator.java:2484)
	at ptolemy.actor.ptalon.AbstractPtalonEvaluator$IfTree.evaluateForScope(AbstractPtalonEvaluator.java:1307)
	at ptolemy.actor.ptalon.AbstractPtalonEvaluator.evaluateForScope(AbstractPtalonEvaluator.java:744)
	at ptolemy.actor.ptalon.PtalonPopulator.iterative_statement(PtalonPopulator.java:2363)
	at ptolemy.actor.ptalon.PtalonPopulator.actor_definition(PtalonPopulator.java:2809)
	at ptolemy.actor.ptalon.PtalonActor.attributeChanged(PtalonActor.java:206)
	at ptolemy.actor.ptalon.PtalonMLHandler.startElement(PtalonMLHandler.java:134)
	at com.microstar.xml.XmlParser.parseElement(XmlParser.java:921)
	at com.microstar.xml.XmlParser.parseContent(XmlParser.java:1104)
	at com.microstar.xml.XmlParser.parseElement(XmlParser.java:924)
	at com.microstar.xml.XmlParser.parseDocument(XmlParser.java:481)
	at com.microstar.xml.XmlParser.doParse(XmlParser.java:159)
	at com.microstar.xml.XmlParser.parse(XmlParser.java:132)
	at ptolemy.actor.ptalon.PtalonActor.configure(PtalonActor.java:240)
	at ptolemy.moml.MoMLParser.endElement(MoMLParser.java:996)
	at com.microstar.xml.XmlParser.parseETag(XmlParser.java:1026)
	at com.microstar.xml.XmlParser.parseContent(XmlParser.java:1098)
	at com.microstar.xml.XmlParser.parseElement(XmlParser.java:924)
	at com.microstar.xml.XmlParser.parseContent(XmlParser.java:1104)
	at com.microstar.xml.XmlParser.parseElement(XmlParser.java:924)
	at com.microstar.xml.XmlParser.parseContent(XmlParser.java:1104)
	at com.microstar.xml.XmlParser.parseElement(XmlParser.java:924)
	at com.microstar.xml.XmlParser.parseDocument(XmlParser.java:481)
	at com.microstar.xml.XmlParser.doParse(XmlParser.java:159)
	at com.microstar.xml.XmlParser.parse(XmlParser.java:132)
	at ptolemy.moml.MoMLParser.parse(MoMLParser.java:1676)
	at ptolemy.moml.MoMLParser.parse(MoMLParser.java:1595)
	at ptolemy.moml.MoMLParser.parse(MoMLParser.java:1537)
	at ptolemy.actor.gui.PtolemyEffigy$Factory.createEffigy(PtolemyEffigy.java:424)
	at ptolemy.actor.gui.EffigyFactory.createEffigy(EffigyFactory.java:234)
	at ptolemy.actor.gui.Configuration.openModel(Configuration.java:1125)
	at ptolemy.actor.gui.Configuration.openModel(Configuration.java:1051)
	at ptolemy.actor.gui.ConfigurationApplication._openModel(ConfigurationApplication.java:1252)
	at ptolemy.actor.gui.ConfigurationApplication._parseArg(ConfigurationApplication.java:1399)
	at ptolemy.actor.gui.ConfigurationApplication._parseArgs(ConfigurationApplication.java:1478)
	at ptolemy.actor.gui.ConfigurationApplication.<init>(ConfigurationApplication.java:277)
	at ptolemy.actor.gui.ConfigurationApplication.<init>(ConfigurationApplication.java:214)
	at ptolemy.actor.gui.ConfigurationApplication.<init>(ConfigurationApplication.java:201)
	at ptolemy.actor.gui.ConfigurationApplication.openModelOrEntity(ConfigurationApplication.java:680)
	at ptolemy.vergil.basic.export.ExportModel$1.run(ExportModel.java:220)
	at java.awt.event.InvocationEvent.dispatch(InvocationEvent.java:301)
	at java.awt.EventQueue.dispatchEventImpl(EventQueue.java:756)
	at java.awt.EventQueue.access$500(EventQueue.java:97)
	at java.awt.EventQueue$3.run(EventQueue.java:709)
	at java.awt.EventQueue$3.run(EventQueue.java:703)
	at java.security.AccessController.doPrivileged(Native Method)
	at java.security.ProtectionDomain$JavaSecurityAccessImpl.doIntersectionPrivilege(ProtectionDomain.java:80)
	at java.awt.EventQueue.dispatchEvent(EventQueue.java:726)
	at java.awt.EventDispatchThread.pumpOneEventForFilters(EventDispatchThread.java:201)
	at java.awt.EventDispatchThread.pumpEventsForFilter(EventDispatchThread.java:116)
	at java.awt.EventDispatchThread.pumpEventsForHierarchy(EventDispatchThread.java:105)
	at java.awt.EventDispatchThread.pumpEvents(EventDispatchThread.java:101)
	at java.awt.EventDispatchThread.pumpEvents(EventDispatchThread.java:93)
	at java.awt.EventDispatchThread.run(EventDispatchThread.java:82)
Caused by: ptolemy.kernel.util.InternalErrorException: Element <entity name="sender1" class="ptolemy.actor.ptalon.demo.ptinyos.SendAndReceiveCnt.CntToLedsAndRfm"> caused an exception to be thrown.
  in .SendAndReceiveCnt.SendAndReceiveCnt
Because:
Cannot find class: ptolemy.actor.ptalon.demo.ptinyos.SendAndReceiveCnt.CntToLedsAndRfm. In Ptolemy, classes are typically Java .class files. Entities like actors may instead be defined within a .xml file.  In any case, the class was not found. If the class uses a third party package, then the class would be present only if the third party package was found at compile time.  It may be necessary to upgrade Java or install the third party package, reconfigure and recompile.
Because:
Element <entity name="MicaLeds" class="ptolemy.domains.ptinyos.lib.MicaLeds"> caused an exception to be thrown.
  in .CntToLedsAndRfm
Because:
Cannot find class: ptolemy.domains.ptinyos.lib.MicaLeds. In Ptolemy, classes are typically Java .class files. Entities like actors may instead be defined within a .xml file.  In any case, the class was not found. If the class uses a third party package, then the class would be present only if the third party package was found at compile time.  It may be necessary to upgrade Java or install the third party package, reconfigure and recompile.
Because:
-- /home/travis/build/icyphy/ptII/ptolemy/actor/ptalon/demo/ptinyos/SendAndReceiveCnt/ptolemy/domains/ptinyos/lib/MicaLeds.xml (No such file or directory)
-- XML file not found relative to classpath.
-- /home/travis/build/icyphy/ptII/ptolemy/vergil/basic/export/test/ptolemy/domains/ptinyos/lib/MicaLeds.xml
/home/travis/build/icyphy/ptII/ptolemy/vergil/basic/export/test/ptolemy/domains/ptinyos/lib/MicaLeds.xml (No such file or directory)
 in file:/home/travis/build/icyphy/ptII/ptolemy/actor/ptalon/demo/ptinyos/SendAndReceiveCnt/CntToLedsAndRfm.xml at line 132 and column 63
	at ptolemy.moml.SimpleErrorHandler.handleError(SimpleErrorHandler.java:75)
	at ptolemy.moml.MoMLParser.startElement(MoMLParser.java:3805)
	at com.microstar.xml.XmlParser.parseElement(XmlParser.java:931)
	at com.microstar.xml.XmlParser.parseDocument(XmlParser.java:481)
	at com.microstar.xml.XmlParser.doParse(XmlParser.java:159)
	at com.microstar.xml.XmlParser.parse(XmlParser.java:132)
	at ptolemy.moml.MoMLParser.parse(MoMLParser.java:1660)
	at ptolemy.moml.MoMLParser.parse(MoMLParser.java:1617)
	at ptolemy.moml.MoMLParser.parse(MoMLParser.java:1792)
	at ptolemy.actor.ptalon.PtalonEvaluator.addActor(PtalonEvaluator.java:241)
	... 56 more
Caused by: ptolemy.kernel.util.IllegalActionException: Cannot find class: ptolemy.actor.ptalon.demo.ptinyos.SendAndReceiveCnt.CntToLedsAndRfm. In Ptolemy, classes are typically Java .class files. Entities like actors may instead be defined within a .xml file.  In any case, the class was not found. If the class uses a third party package, then the class would be present only if the third party package was found at compile time.  It may be necessary to upgrade Java or install the third party package, reconfigure and recompile.
Because:
Element <entity name="MicaLeds" class="ptolemy.domains.ptinyos.lib.MicaLeds"> caused an exception to be thrown.
  in .CntToLedsAndRfm
Because:
Cannot find class: ptolemy.domains.ptinyos.lib.MicaLeds. In Ptolemy, classes are typically Java .class files. Entities like actors may instead be defined within a .xml file.  In any case, the class was not found. If the class uses a third party package, then the class would be present only if the third party package was found at compile time.  It may be necessary to upgrade Java or install the third party package, reconfigure and recompile.
Because:
-- /home/travis/build/icyphy/ptII/ptolemy/actor/ptalon/demo/ptinyos/SendAndReceiveCnt/ptolemy/domains/ptinyos/lib/MicaLeds.xml (No such file or directory)
-- XML file not found relative to classpath.
-- /home/travis/build/icyphy/ptII/ptolemy/vergil/basic/export/test/ptolemy/domains/ptinyos/lib/MicaLeds.xml
/home/travis/build/icyphy/ptII/ptolemy/vergil/basic/export/test/ptolemy/domains/ptinyos/lib/MicaLeds.xml (No such file or directory)
 in file:/home/travis/build/icyphy/ptII/ptolemy/actor/ptalon/demo/ptinyos/SendAndReceiveCnt/CntToLedsAndRfm.xml at line 132 and column 63
	at ptolemy.moml.MoMLParser._createEntity(MoMLParser.java:4330)
	at ptolemy.moml.MoMLParser.startElement(MoMLParser.java:2864)
	... 64 more
Caused by: ptolemy.kernel.util.InternalErrorException: Element <entity name="MicaLeds" class="ptolemy.domains.ptinyos.lib.MicaLeds"> caused an exception to be thrown.
  in .CntToLedsAndRfm
Because:
Cannot find class: ptolemy.domains.ptinyos.lib.MicaLeds. In Ptolemy, classes are typically Java .class files. Entities like actors may instead be defined within a .xml file.  In any case, the class was not found. If the class uses a third party package, then the class would be present only if the third party package was found at compile time.  It may be necessary to upgrade Java or install the third party package, reconfigure and recompile.
Because:
-- /home/travis/build/icyphy/ptII/ptolemy/actor/ptalon/demo/ptinyos/SendAndReceiveCnt/ptolemy/domains/ptinyos/lib/MicaLeds.xml (No such file or directory)
-- XML file not found relative to classpath.
-- /home/travis/build/icyphy/ptII/ptolemy/vergil/basic/export/test/ptolemy/domains/ptinyos/lib/MicaLeds.xml
/home/travis/build/icyphy/ptII/ptolemy/vergil/basic/export/test/ptolemy/domains/ptinyos/lib/MicaLeds.xml (No such file or directory)
 in file:/home/travis/build/icyphy/ptII/ptolemy/actor/ptalon/demo/ptinyos/SendAndReceiveCnt/CntToLedsAndRfm.xml at line 132 and column 63
	at ptolemy.moml.SimpleErrorHandler.handleError(SimpleErrorHandler.java:75)
	at ptolemy.moml.MoMLParser.startElement(MoMLParser.java:3805)
	at com.microstar.xml.XmlParser.parseElement(XmlParser.java:921)
	at com.microstar.xml.XmlParser.parseContent(XmlParser.java:1104)
	at com.microstar.xml.XmlParser.parseElement(XmlParser.java:924)
	at com.microstar.xml.XmlParser.parseDocument(XmlParser.java:481)
	at com.microstar.xml.XmlParser.doParse(XmlParser.java:159)
	at com.microstar.xml.XmlParser.parse(XmlParser.java:132)
	at ptolemy.moml.MoMLParser.parse(MoMLParser.java:1676)
	at ptolemy.moml.MoMLParser.parse(MoMLParser.java:1595)
	at ptolemy.moml.MoMLParser.parse(MoMLParser.java:1537)
	at ptolemy.moml.MoMLParser._findOrParse(MoMLParser.java:5286)
	at ptolemy.moml.MoMLParser._attemptToFindMoMLClass(MoMLParser.java:4075)
	at ptolemy.moml.MoMLParser._createEntity(MoMLParser.java:4323)
	... 65 more
Caused by: ptolemy.kernel.util.IllegalActionException: Cannot find class: ptolemy.domains.ptinyos.lib.MicaLeds. In Ptolemy, classes are typically Java .class files. Entities like actors may instead be defined within a .xml file.  In any case, the class was not found. If the class uses a third party package, then the class would be present only if the third party package was found at compile time.  It may be necessary to upgrade Java or install the third party package, reconfigure and recompile.
Because:
-- /home/travis/build/icyphy/ptII/ptolemy/actor/ptalon/demo/ptinyos/SendAndReceiveCnt/ptolemy/domains/ptinyos/lib/MicaLeds.xml (No such file or directory)
-- XML file not found relative to classpath.
-- /home/travis/build/icyphy/ptII/ptolemy/vergil/basic/export/test/ptolemy/domains/ptinyos/lib/MicaLeds.xml
/home/travis/build/icyphy/ptII/ptolemy/vergil/basic/export/test/ptolemy/domains/ptinyos/lib/MicaLeds.xml (No such file or directory)
 in file:/home/travis/build/icyphy/ptII/ptolemy/actor/ptalon/demo/ptinyos/SendAndReceiveCnt/CntToLedsAndRfm.xml at line 132 and column 63
	at ptolemy.moml.MoMLParser._createEntity(MoMLParser.java:4330)
	at ptolemy.moml.MoMLParser.startElement(MoMLParser.java:2864)
	... 77 more
Caused by: com.microstar.xml.XmlException: -- /home/travis/build/icyphy/ptII/ptolemy/actor/ptalon/demo/ptinyos/SendAndReceiveCnt/ptolemy/domains/ptinyos/lib/MicaLeds.xml (No such file or directory)
-- XML file not found relative to classpath.
-- /home/travis/build/icyphy/ptII/ptolemy/vergil/basic/export/test/ptolemy/domains/ptinyos/lib/MicaLeds.xml
/home/travis/build/icyphy/ptII/ptolemy/vergil/basic/export/test/ptolemy/domains/ptinyos/lib/MicaLeds.xml (No such file or directory)
 in file:/home/travis/build/icyphy/ptII/ptolemy/actor/ptalon/demo/ptinyos/SendAndReceiveCnt/CntToLedsAndRfm.xml at line 132 and column 63
	at ptolemy.moml.MoMLParser.fileNameToURL(MoMLParser.java:1414)
	at ptolemy.moml.MoMLParser._findOrParse(MoMLParser.java:5283)
	at ptolemy.moml.MoMLParser._attemptToFindMoMLClass(MoMLParser.java:4075)
	at ptolemy.moml.MoMLParser._createEntity(MoMLParser.java:4323)
	... 78 more
ptolemy.kernel.util.IllegalActionException: Failed to process attribute change to PtalonParameter, whose value is "ptolemy.actor.ptalon.PtalonExpressionParameter {.SendAndReceiveCnt.SendAndReceiveCnt.channelName} "AtomicWirelessChannel"".
  in .SendAndReceiveCnt.SendAndReceiveCnt
Because:
Unable to add actor null
	at ptolemy.actor.ptalon.PtalonActor.attributeChanged(PtalonActor.java:211)
	at ptolemy.actor.ptalon.PtalonMLHandler.startElement(PtalonMLHandler.java:134)
	at com.microstar.xml.XmlParser.parseElement(XmlParser.java:921)
	at com.microstar.xml.XmlParser.parseContent(XmlParser.java:1104)
	at com.microstar.xml.XmlParser.parseElement(XmlParser.java:924)
	at com.microstar.xml.XmlParser.parseDocument(XmlParser.java:481)
	at com.microstar.xml.XmlParser.doParse(XmlParser.java:159)
	at com.microstar.xml.XmlParser.parse(XmlParser.java:132)
	at ptolemy.actor.ptalon.PtalonActor.configure(PtalonActor.java:240)
	at ptolemy.moml.MoMLParser.endElement(MoMLParser.java:996)
	at com.microstar.xml.XmlParser.parseETag(XmlParser.java:1026)
	at com.microstar.xml.XmlParser.parseContent(XmlParser.java:1098)
	at com.microstar.xml.XmlParser.parseElement(XmlParser.java:924)
	at com.microstar.xml.XmlParser.parseContent(XmlParser.java:1104)
	at com.microstar.xml.XmlParser.parseElement(XmlParser.java:924)
	at com.microstar.xml.XmlParser.parseContent(XmlParser.java:1104)
	at com.microstar.xml.XmlParser.parseElement(XmlParser.java:924)
	at com.microstar.xml.XmlParser.parseDocument(XmlParser.java:481)
	at com.microstar.xml.XmlParser.doParse(XmlParser.java:159)
	at com.microstar.xml.XmlParser.parse(XmlParser.java:132)
	at ptolemy.moml.MoMLParser.parse(MoMLParser.java:1676)
	at ptolemy.moml.MoMLParser.parse(MoMLParser.java:1595)
	at ptolemy.moml.MoMLParser.parse(MoMLParser.java:1537)
	at ptolemy.actor.gui.PtolemyEffigy$Factory.createEffigy(PtolemyEffigy.java:424)
	at ptolemy.actor.gui.EffigyFactory.createEffigy(EffigyFactory.java:234)
	at ptolemy.actor.gui.Configuration.openModel(Configuration.java:1125)
	at ptolemy.actor.gui.Configuration.openModel(Configuration.java:1051)
	at ptolemy.actor.gui.ConfigurationApplication._openModel(ConfigurationApplication.java:1252)
	at ptolemy.actor.gui.ConfigurationApplication._parseArg(ConfigurationApplication.java:1399)
	at ptolemy.actor.gui.ConfigurationApplication._parseArgs(ConfigurationApplication.java:1478)
	at ptolemy.actor.gui.ConfigurationApplication.<init>(ConfigurationApplication.java:277)
	at ptolemy.actor.gui.ConfigurationApplication.<init>(ConfigurationApplication.java:214)
	at ptolemy.actor.gui.ConfigurationApplication.<init>(ConfigurationApplication.java:201)
	at ptolemy.actor.gui.ConfigurationApplication.openModelOrEntity(ConfigurationApplication.java:680)
	at ptolemy.vergil.basic.export.ExportModel$1.run(ExportModel.java:220)
	at java.awt.event.InvocationEvent.dispatch(InvocationEvent.java:301)
	at java.awt.EventQueue.dispatchEventImpl(EventQueue.java:756)
	at java.awt.EventQueue.access$500(EventQueue.java:97)
	at java.awt.EventQueue$3.run(EventQueue.java:709)
	at java.awt.EventQueue$3.run(EventQueue.java:703)
	at java.security.AccessController.doPrivileged(Native Method)
	at java.security.ProtectionDomain$JavaSecurityAccessImpl.doIntersectionPrivilege(ProtectionDomain.java:80)
	at java.awt.EventQueue.dispatchEvent(EventQueue.java:726)
	at java.awt.EventDispatchThread.pumpOneEventForFilters(EventDispatchThread.java:201)
	at java.awt.EventDispatchThread.pumpEventsForFilter(EventDispatchThread.java:116)
	at java.awt.EventDispatchThread.pumpEventsForHierarchy(EventDispatchThread.java:105)
	at java.awt.EventDispatchThread.pumpEvents(EventDispatchThread.java:101)
	at java.awt.EventDispatchThread.pumpEvents(EventDispatchThread.java:93)
	at java.awt.EventDispatchThread.run(EventDispatchThread.java:82)
Caused by: ptolemy.actor.ptalon.PtalonRuntimeException: Unable to add actor null
	at ptolemy.actor.ptalon.PtalonEvaluator.addActor(PtalonEvaluator.java:300)
	at ptolemy.actor.ptalon.PtalonPopulator.actor_declaration(PtalonPopulator.java:1574)
	at ptolemy.actor.ptalon.PtalonPopulator.atomic_statement(PtalonPopulator.java:1638)
	at ptolemy.actor.ptalon.PtalonPopulator.iterative_statement_evaluator(PtalonPopulator.java:2484)
	at ptolemy.actor.ptalon.AbstractPtalonEvaluator$IfTree.evaluateForScope(AbstractPtalonEvaluator.java:1307)
	at ptolemy.actor.ptalon.AbstractPtalonEvaluator.evaluateForScope(AbstractPtalonEvaluator.java:744)
	at ptolemy.actor.ptalon.PtalonPopulator.iterative_statement(PtalonPopulator.java:2363)
	at ptolemy.actor.ptalon.PtalonPopulator.actor_definition(PtalonPopulator.java:2809)
	at ptolemy.actor.ptalon.PtalonActor.attributeChanged(PtalonActor.java:206)
	... 48 more
Caused by: ptolemy.kernel.util.InternalErrorException: Element <entity name="sender1" class="ptolemy.actor.ptalon.demo.ptinyos.SendAndReceiveCnt.CntToLedsAndRfm"> caused an exception to be thrown.
  in .SendAndReceiveCnt.SendAndReceiveCnt
Because:
Cannot find class: ptolemy.actor.ptalon.demo.ptinyos.SendAndReceiveCnt.CntToLedsAndRfm. In Ptolemy, classes are typically Java .class files. Entities like actors may instead be defined within a .xml file.  In any case, the class was not found. If the class uses a third party package, then the class would be present only if the third party package was found at compile time.  It may be necessary to upgrade Java or install the third party package, reconfigure and recompile.
Because:
Element <entity name="MicaLeds" class="ptolemy.domains.ptinyos.lib.MicaLeds"> caused an exception to be thrown.
  in .CntToLedsAndRfm
Because:
Cannot find class: ptolemy.domains.ptinyos.lib.MicaLeds. In Ptolemy, classes are typically Java .class files. Entities like actors may instead be defined within a .xml file.  In any case, the class was not found. If the class uses a third party package, then the class would be present only if the third party package was found at compile time.  It may be necessary to upgrade Java or install the third party package, reconfigure and recompile.
Because:
-- /home/travis/build/icyphy/ptII/ptolemy/actor/ptalon/demo/ptinyos/SendAndReceiveCnt/ptolemy/domains/ptinyos/lib/MicaLeds.xml (No such file or directory)
-- XML file not found relative to classpath.
-- /home/travis/build/icyphy/ptII/ptolemy/vergil/basic/export/test/ptolemy/domains/ptinyos/lib/MicaLeds.xml
/home/travis/build/icyphy/ptII/ptolemy/vergil/basic/export/test/ptolemy/domains/ptinyos/lib/MicaLeds.xml (No such file or directory)
 in file:/home/travis/build/icyphy/ptII/ptolemy/actor/ptalon/demo/ptinyos/SendAndReceiveCnt/CntToLedsAndRfm.xml at line 132 and column 63
	at ptolemy.moml.SimpleErrorHandler.handleError(SimpleErrorHandler.java:75)
	at ptolemy.moml.MoMLParser.startElement(MoMLParser.java:3805)
	at com.microstar.xml.XmlParser.parseElement(XmlParser.java:931)
	at com.microstar.xml.XmlParser.parseDocument(XmlParser.java:481)
	at com.microstar.xml.XmlParser.doParse(XmlParser.java:159)
	at com.microstar.xml.XmlParser.parse(XmlParser.java:132)
	at ptolemy.moml.MoMLParser.parse(MoMLParser.java:1660)
	at ptolemy.moml.MoMLParser.parse(MoMLParser.java:1617)
	at ptolemy.moml.MoMLParser.parse(MoMLParser.java:1792)
	at ptolemy.actor.ptalon.PtalonEvaluator.addActor(PtalonEvaluator.java:241)
	... 56 more
Caused by: ptolemy.kernel.util.IllegalActionException: Cannot find class: ptolemy.actor.ptalon.demo.ptinyos.SendAndReceiveCnt.CntToLedsAndRfm. In Ptolemy, classes are typically Java .class files. Entities like actors may instead be defined within a .xml file.  In any case, the class was not found. If the class uses a third party package, then the class would be present only if the third party package was found at compile time.  It may be necessary to upgrade Java or install the third party package, reconfigure and recompile.
Because:
Element <entity name="MicaLeds" class="ptolemy.domains.ptinyos.lib.MicaLeds"> caused an exception to be thrown.
  in .CntToLedsAndRfm
Because:
Cannot find class: ptolemy.domains.ptinyos.lib.MicaLeds. In Ptolemy, classes are typically Java .class files. Entities like actors may instead be defined within a .xml file.  In any case, the class was not found. If the class uses a third party package, then the class would be present only if the third party package was found at compile time.  It may be necessary to upgrade Java or install the third party package, reconfigure and recompile.
Because:
-- /home/travis/build/icyphy/ptII/ptolemy/actor/ptalon/demo/ptinyos/SendAndReceiveCnt/ptolemy/domains/ptinyos/lib/MicaLeds.xml (No such file or directory)
-- XML file not found relative to classpath.
-- /home/travis/build/icyphy/ptII/ptolemy/vergil/basic/export/test/ptolemy/domains/ptinyos/lib/MicaLeds.xml
/home/travis/build/icyphy/ptII/ptolemy/vergil/basic/export/test/ptolemy/domains/ptinyos/lib/MicaLeds.xml (No such file or directory)
 in file:/home/travis/build/icyphy/ptII/ptolemy/actor/ptalon/demo/ptinyos/SendAndReceiveCnt/CntToLedsAndRfm.xml at line 132 and column 63
	at ptolemy.moml.MoMLParser._createEntity(MoMLParser.java:4330)
	at ptolemy.moml.MoMLParser.startElement(MoMLParser.java:2864)
	... 64 more
Caused by: ptolemy.kernel.util.InternalErrorException: Element <entity name="MicaLeds" class="ptolemy.domains.ptinyos.lib.MicaLeds"> caused an exception to be thrown.
  in .CntToLedsAndRfm
Because:
Cannot find class: ptolemy.domains.ptinyos.lib.MicaLeds. In Ptolemy, classes are typically Java .class files. Entities like actors may instead be defined within a .xml file.  In any case, the class was not found. If the class uses a third party package, then the class would be present only if the third party package was found at compile time.  It may be necessary to upgrade Java or install the third party package, reconfigure and recompile.
Because:
-- /home/travis/build/icyphy/ptII/ptolemy/actor/ptalon/demo/ptinyos/SendAndReceiveCnt/ptolemy/domains/ptinyos/lib/MicaLeds.xml (No such file or directory)
-- XML file not found relative to classpath.
-- /home/travis/build/icyphy/ptII/ptolemy/vergil/basic/export/test/ptolemy/domains/ptinyos/lib/MicaLeds.xml
/home/travis/build/icyphy/ptII/ptolemy/vergil/basic/export/test/ptolemy/domains/ptinyos/lib/MicaLeds.xml (No such file or directory)
 in file:/home/travis/build/icyphy/ptII/ptolemy/actor/ptalon/demo/ptinyos/SendAndReceiveCnt/CntToLedsAndRfm.xml at line 132 and column 63
	at ptolemy.moml.SimpleErrorHandler.handleError(SimpleErrorHandler.java:75)
	at ptolemy.moml.MoMLParser.startElement(MoMLParser.java:3805)
	at com.microstar.xml.XmlParser.parseElement(XmlParser.java:921)
	at com.microstar.xml.XmlParser.parseContent(XmlParser.java:1104)
	at com.microstar.xml.XmlParser.parseElement(XmlParser.java:924)
	at com.microstar.xml.XmlParser.parseDocument(XmlParser.java:481)
	at com.microstar.xml.XmlParser.doParse(XmlParser.java:159)
	at com.microstar.xml.XmlParser.parse(XmlParser.java:132)
	at ptolemy.moml.MoMLParser.parse(MoMLParser.java:1676)
	at ptolemy.moml.MoMLParser.parse(MoMLParser.java:1595)
	at ptolemy.moml.MoMLParser.parse(MoMLParser.java:1537)
	at ptolemy.moml.MoMLParser._findOrParse(MoMLParser.java:5286)
	at ptolemy.moml.MoMLParser._attemptToFindMoMLClass(MoMLParser.java:4075)
	at ptolemy.moml.MoMLParser._createEntity(MoMLParser.java:4323)
	... 65 more
Caused by: ptolemy.kernel.util.IllegalActionException: Cannot find class: ptolemy.domains.ptinyos.lib.MicaLeds. In Ptolemy, classes are typically Java .class files. Entities like actors may instead be defined within a .xml file.  In any case, the class was not found. If the class uses a third party package, then the class would be present only if the third party package was found at compile time.  It may be necessary to upgrade Java or install the third party package, reconfigure and recompile.
Because:
-- /home/travis/build/icyphy/ptII/ptolemy/actor/ptalon/demo/ptinyos/SendAndReceiveCnt/ptolemy/domains/ptinyos/lib/MicaLeds.xml (No such file or directory)
-- XML file not found relative to classpath.
-- /home/travis/build/icyphy/ptII/ptolemy/vergil/basic/export/test/ptolemy/domains/ptinyos/lib/MicaLeds.xml
/home/travis/build/icyphy/ptII/ptolemy/vergil/basic/export/test/ptolemy/domains/ptinyos/lib/MicaLeds.xml (No such file or directory)
 in file:/home/travis/build/icyphy/ptII/ptolemy/actor/ptalon/demo/ptinyos/SendAndReceiveCnt/CntToLedsAndRfm.xml at line 132 and column 63
	at ptolemy.moml.MoMLParser._createEntity(MoMLParser.java:4330)
	at ptolemy.moml.MoMLParser.startElement(MoMLParser.java:2864)
	... 77 more
Caused by: com.microstar.xml.XmlException: -- /home/travis/build/icyphy/ptII/ptolemy/actor/ptalon/demo/ptinyos/SendAndReceiveCnt/ptolemy/domains/ptinyos/lib/MicaLeds.xml (No such file or directory)
-- XML file not found relative to classpath.
-- /home/travis/build/icyphy/ptII/ptolemy/vergil/basic/export/test/ptolemy/domains/ptinyos/lib/MicaLeds.xml
/home/travis/build/icyphy/ptII/ptolemy/vergil/basic/export/test/ptolemy/domains/ptinyos/lib/MicaLeds.xml (No such file or directory)
 in file:/home/travis/build/icyphy/ptII/ptolemy/actor/ptalon/demo/ptinyos/SendAndReceiveCnt/CntToLedsAndRfm.xml at line 132 and column 63
	at ptolemy.moml.MoMLParser.fileNameToURL(MoMLParser.java:1414)
	at ptolemy.moml.MoMLParser._findOrParse(MoMLParser.java:5283)
	at ptolemy.moml.MoMLParser._attemptToFindMoMLClass(MoMLParser.java:4075)
	at ptolemy.moml.MoMLParser._createEntity(MoMLParser.java:4323)
	... 78 more
Caused by: ptolemy.actor.ptalon.PtalonRuntimeException: Unable to add actor null
	at ptolemy.actor.ptalon.PtalonEvaluator.addActor(PtalonEvaluator.java:300)
	at ptolemy.actor.ptalon.PtalonPopulator.actor_declaration(PtalonPopulator.java:1574)
	at ptolemy.actor.ptalon.PtalonPopulator.atomic_statement(PtalonPopulator.java:1638)
	at ptolemy.actor.ptalon.PtalonPopulator.iterative_statement_evaluator(PtalonPopulator.java:2484)
	at ptolemy.actor.ptalon.AbstractPtalonEvaluator$IfTree.evaluateForScope(AbstractPtalonEvaluator.java:1307)
	at ptolemy.actor.ptalon.AbstractPtalonEvaluator.evaluateForScope(AbstractPtalonEvaluator.java:744)
	at ptolemy.actor.ptalon.PtalonPopulator.iterative_statement(PtalonPopulator.java:2363)
	at ptolemy.actor.ptalon.PtalonPopulator.actor_definition(PtalonPopulator.java:2809)
	at ptolemy.actor.ptalon.PtalonActor.attributeChanged(PtalonActor.java:206)
	at ptolemy.actor.ptalon.PtalonMLHandler.startElement(PtalonMLHandler.java:134)
	at com.microstar.xml.XmlParser.parseElement(XmlParser.java:921)
	at com.microstar.xml.XmlParser.parseContent(XmlParser.java:1104)
	at com.microstar.xml.XmlParser.parseElement(XmlParser.java:924)
	at com.microstar.xml.XmlParser.parseDocument(XmlParser.java:481)
	at com.microstar.xml.XmlParser.doParse(XmlParser.java:159)
	at com.microstar.xml.XmlParser.parse(XmlParser.java:132)
	at ptolemy.actor.ptalon.PtalonActor.configure(PtalonActor.java:240)
	at ptolemy.moml.MoMLParser.endElement(MoMLParser.java:996)
	at com.microstar.xml.XmlParser.parseETag(XmlParser.java:1026)
	at com.microstar.xml.XmlParser.parseContent(XmlParser.java:1098)
	at com.microstar.xml.XmlParser.parseElement(XmlParser.java:924)
	at com.microstar.xml.XmlParser.parseContent(XmlParser.java:1104)
	at com.microstar.xml.XmlParser.parseElement(XmlParser.java:924)
	at com.microstar.xml.XmlParser.parseContent(XmlParser.java:1104)
	at com.microstar.xml.XmlParser.parseElement(XmlParser.java:924)
	at com.microstar.xml.XmlParser.parseDocument(XmlParser.java:481)
	at com.microstar.xml.XmlParser.doParse(XmlParser.java:159)
	at com.microstar.xml.XmlParser.parse(XmlParser.java:132)
	at ptolemy.moml.MoMLParser.parse(MoMLParser.java:1676)
	at ptolemy.moml.MoMLParser.parse(MoMLParser.java:1595)
	at ptolemy.moml.MoMLParser.parse(MoMLParser.java:1537)
	at ptolemy.actor.gui.PtolemyEffigy$Factory.createEffigy(PtolemyEffigy.java:424)
	at ptolemy.actor.gui.EffigyFactory.createEffigy(EffigyFactory.java:234)
	at ptolemy.actor.gui.Configuration.openModel(Configuration.java:1125)
	at ptolemy.actor.gui.Configuration.openModel(Configuration.java:1051)
	at ptolemy.actor.gui.ConfigurationApplication._openModel(ConfigurationApplication.java:1252)
	at ptolemy.actor.gui.ConfigurationApplication._parseArg(ConfigurationApplication.java:1399)
	at ptolemy.actor.gui.ConfigurationApplication._parseArgs(ConfigurationApplication.java:1478)
	at ptolemy.actor.gui.ConfigurationApplication.<init>(ConfigurationApplication.java:277)
	at ptolemy.actor.gui.ConfigurationApplication.<init>(ConfigurationApplication.java:214)
	at ptolemy.actor.gui.ConfigurationApplication.<init>(ConfigurationApplication.java:201)
	at ptolemy.actor.gui.ConfigurationApplication.openModelOrEntity(ConfigurationApplication.java:680)
	at ptolemy.vergil.basic.export.ExportModel$1.run(ExportModel.java:220)
	at java.awt.event.InvocationEvent.dispatch(InvocationEvent.java:301)
	at java.awt.EventQueue.dispatchEventImpl(EventQueue.java:756)
	at java.awt.EventQueue.access$500(EventQueue.java:97)
	at java.awt.EventQueue$3.run(EventQueue.java:709)
	at java.awt.EventQueue$3.run(EventQueue.java:703)
	at java.security.AccessController.doPrivileged(Native Method)
	at java.security.ProtectionDomain$JavaSecurityAccessImpl.doIntersectionPrivilege(ProtectionDomain.java:80)
	at java.awt.EventQueue.dispatchEvent(EventQueue.java:726)
	at java.awt.EventDispatchThread.pumpOneEventForFilters(EventDispatchThread.java:201)
	at java.awt.EventDispatchThread.pumpEventsForFilter(EventDispatchThread.java:116)
	at java.awt.EventDispatchThread.pumpEventsForHierarchy(EventDispatchThread.java:105)
	at java.awt.EventDispatchThread.pumpEvents(EventDispatchThread.java:101)
	at java.awt.EventDispatchThread.pumpEvents(EventDispatchThread.java:93)
	at java.awt.EventDispatchThread.run(EventDispatchThread.java:82)
Caused by: ptolemy.kernel.util.InternalErrorException: Element <entity name="sender1" class="ptolemy.actor.ptalon.demo.ptinyos.SendAndReceiveCnt.CntToLedsAndRfm"> caused an exception to be thrown.
  in .SendAndReceiveCnt.SendAndReceiveCnt
Because:
Cannot find class: ptolemy.actor.ptalon.demo.ptinyos.SendAndReceiveCnt.CntToLedsAndRfm. In Ptolemy, classes are typically Java .class files. Entities like actors may instead be defined within a .xml file.  In any case, the class was not found. If the class uses a third party package, then the class would be present only if the third party package was found at compile time.  It may be necessary to upgrade Java or install the third party package, reconfigure and recompile.
Because:
Element <entity name="MicaLeds" class="ptolemy.domains.ptinyos.lib.MicaLeds"> caused an exception to be thrown.
  in .CntToLedsAndRfm
Because:
Cannot find class: ptolemy.domains.ptinyos.lib.MicaLeds. In Ptolemy, classes are typically Java .class files. Entities like actors may instead be defined within a .xml file.  In any case, the class was not found. If the class uses a third party package, then the class would be present only if the third party package was found at compile time.  It may be necessary to upgrade Java or install the third party package, reconfigure and recompile.
Because:
-- /home/travis/build/icyphy/ptII/ptolemy/actor/ptalon/demo/ptinyos/SendAndReceiveCnt/ptolemy/domains/ptinyos/lib/MicaLeds.xml (No such file or directory)
-- XML file not found relative to classpath.
-- /home/travis/build/icyphy/ptII/ptolemy/vergil/basic/export/test/ptolemy/domains/ptinyos/lib/MicaLeds.xml
/home/travis/build/icyphy/ptII/ptolemy/vergil/basic/export/test/ptolemy/domains/ptinyos/lib/MicaLeds.xml (No such file or directory)
 in file:/home/travis/build/icyphy/ptII/ptolemy/actor/ptalon/demo/ptinyos/SendAndReceiveCnt/CntToLedsAndRfm.xml at line 132 and column 63
	at ptolemy.moml.SimpleErrorHandler.handleError(SimpleErrorHandler.java:75)
	at ptolemy.moml.MoMLParser.startElement(MoMLParser.java:3805)
	at com.microstar.xml.XmlParser.parseElement(XmlParser.java:931)
	at com.microstar.xml.XmlParser.parseDocument(XmlParser.java:481)
	at com.microstar.xml.XmlParser.doParse(XmlParser.java:159)
	at com.microstar.xml.XmlParser.parse(XmlParser.java:132)
	at ptolemy.moml.MoMLParser.parse(MoMLParser.java:1660)
	at ptolemy.moml.MoMLParser.parse(MoMLParser.java:1617)
	at ptolemy.moml.MoMLParser.parse(MoMLParser.java:1792)
	at ptolemy.actor.ptalon.PtalonEvaluator.addActor(PtalonEvaluator.java:241)
	... 56 more
Caused by: ptolemy.kernel.util.IllegalActionException: Cannot find class: ptolemy.actor.ptalon.demo.ptinyos.SendAndReceiveCnt.CntToLedsAndRfm. In Ptolemy, classes are typically Java .class files. Entities like actors may instead be defined within a .xml file.  In any case, the class was not found. If the class uses a third party package, then the class would be present only if the third party package was found at compile time.  It may be necessary to upgrade Java or install the third party package, reconfigure and recompile.
Because:
Element <entity name="MicaLeds" class="ptolemy.domains.ptinyos.lib.MicaLeds"> caused an exception to be thrown.
  in .CntToLedsAndRfm
Because:
Cannot find class: ptolemy.domains.ptinyos.lib.MicaLeds. In Ptolemy, classes are typically Java .class files. Entities like actors may instead be defined within a .xml file.  In any case, the class was not found. If the class uses a third party package, then the class would be present only if the third party package was found at compile time.  It may be necessary to upgrade Java or install the third party package, reconfigure and recompile.
Because:
-- /home/travis/build/icyphy/ptII/ptolemy/actor/ptalon/demo/ptinyos/SendAndReceiveCnt/ptolemy/domains/ptinyos/lib/MicaLeds.xml (No such file or directory)
-- XML file not found relative to classpath.
-- /home/travis/build/icyphy/ptII/ptolemy/vergil/basic/export/test/ptolemy/domains/ptinyos/lib/MicaLeds.xml
/home/travis/build/icyphy/ptII/ptolemy/vergil/basic/export/test/ptolemy/domains/ptinyos/lib/MicaLeds.xml (No such file or directory)
 in file:/home/travis/build/icyphy/ptII/ptolemy/actor/ptalon/demo/ptinyos/SendAndReceiveCnt/CntToLedsAndRfm.xml at line 132 and column 63
	at ptolemy.moml.MoMLParser._createEntity(MoMLParser.java:4330)
	at ptolemy.moml.MoMLParser.startElement(MoMLParser.java:2864)
	... 64 more
Caused by: ptolemy.kernel.util.InternalErrorException: Element <entity name="MicaLeds" class="ptolemy.domains.ptinyos.lib.MicaLeds"> caused an exception to be thrown.
  in .CntToLedsAndRfm
Because:
Cannot find class: ptolemy.domains.ptinyos.lib.MicaLeds. In Ptolemy, classes are typically Java .class files. Entities like actors may instead be defined within a .xml file.  In any case, the class was not found. If the class uses a third party package, then the class would be present only if the third party package was found at compile time.  It may be necessary to upgrade Java or install the third party package, reconfigure and recompile.
Because:
-- /home/travis/build/icyphy/ptII/ptolemy/actor/ptalon/demo/ptinyos/SendAndReceiveCnt/ptolemy/domains/ptinyos/lib/MicaLeds.xml (No such file or directory)
-- XML file not found relative to classpath.
-- /home/travis/build/icyphy/ptII/ptolemy/vergil/basic/export/test/ptolemy/domains/ptinyos/lib/MicaLeds.xml
/home/travis/build/icyphy/ptII/ptolemy/vergil/basic/export/test/ptolemy/domains/ptinyos/lib/MicaLeds.xml (No such file or directory)
 in file:/home/travis/build/icyphy/ptII/ptolemy/actor/ptalon/demo/ptinyos/SendAndReceiveCnt/CntToLedsAndRfm.xml at line 132 and column 63
	at ptolemy.moml.SimpleErrorHandler.handleError(SimpleErrorHandler.java:75)
	at ptolemy.moml.MoMLParser.startElement(MoMLParser.java:3805)
	at com.microstar.xml.XmlParser.parseElement(XmlParser.java:921)
	at com.microstar.xml.XmlParser.parseContent(XmlParser.java:1104)
	at com.microstar.xml.XmlParser.parseElement(XmlParser.java:924)
	at com.microstar.xml.XmlParser.parseDocument(XmlParser.java:481)
	at com.microstar.xml.XmlParser.doParse(XmlParser.java:159)
	at com.microstar.xml.XmlParser.parse(XmlParser.java:132)
	at ptolemy.moml.MoMLParser.parse(MoMLParser.java:1676)
	at ptolemy.moml.MoMLParser.parse(MoMLParser.java:1595)
	at ptolemy.moml.MoMLParser.parse(MoMLParser.java:1537)
	at ptolemy.moml.MoMLParser._findOrParse(MoMLParser.java:5286)
	at ptolemy.moml.MoMLParser._attemptToFindMoMLClass(MoMLParser.java:4075)
	at ptolemy.moml.MoMLParser._createEntity(MoMLParser.java:4323)
	... 65 more
Caused by: ptolemy.kernel.util.IllegalActionException: Cannot find class: ptolemy.domains.ptinyos.lib.MicaLeds. In Ptolemy, classes are typically Java .class files. Entities like actors may instead be defined within a .xml file.  In any case, the class was not found. If the class uses a third party package, then the class would be present only if the third party package was found at compile time.  It may be necessary to upgrade Java or install the third party package, reconfigure and recompile.
Because:
-- /home/travis/build/icyphy/ptII/ptolemy/actor/ptalon/demo/ptinyos/SendAndReceiveCnt/ptolemy/domains/ptinyos/lib/MicaLeds.xml (No such file or directory)
-- XML file not found relative to classpath.
-- /home/travis/build/icyphy/ptII/ptolemy/vergil/basic/export/test/ptolemy/domains/ptinyos/lib/MicaLeds.xml
/home/travis/build/icyphy/ptII/ptolemy/vergil/basic/export/test/ptolemy/domains/ptinyos/lib/MicaLeds.xml (No such file or directory)
 in file:/home/travis/build/icyphy/ptII/ptolemy/actor/ptalon/demo/ptinyos/SendAndReceiveCnt/CntToLedsAndRfm.xml at line 132 and column 63
	at ptolemy.moml.MoMLParser._createEntity(MoMLParser.java:4330)
	at ptolemy.moml.MoMLParser.startElement(MoMLParser.java:2864)
	... 77 more
Caused by: com.microstar.xml.XmlException: -- /home/travis/build/icyphy/ptII/ptolemy/actor/ptalon/demo/ptinyos/SendAndReceiveCnt/ptolemy/domains/ptinyos/lib/MicaLeds.xml (No such file or directory)
-- XML file not found relative to classpath.
-- /home/travis/build/icyphy/ptII/ptolemy/vergil/basic/export/test/ptolemy/domains/ptinyos/lib/MicaLeds.xml
/home/travis/build/icyphy/ptII/ptolemy/vergil/basic/export/test/ptolemy/domains/ptinyos/lib/MicaLeds.xml (No such file or directory)
 in file:/home/travis/build/icyphy/ptII/ptolemy/actor/ptalon/demo/ptinyos/SendAndReceiveCnt/CntToLedsAndRfm.xml at line 132 and column 63
	at ptolemy.moml.MoMLParser.fileNameToURL(MoMLParser.java:1414)
	at ptolemy.moml.MoMLParser._findOrParse(MoMLParser.java:5283)
	at ptolemy.moml.MoMLParser._attemptToFindMoMLClass(MoMLParser.java:4075)
	at ptolemy.moml.MoMLParser._createEntity(MoMLParser.java:4323)
	... 78 more
Failed to read file:/home/travis/build/icyphy/ptII/ptolemy/actor/ptalon/demo/ptinyos/SendAndReceiveCnt/SendAndReceiveCnt.xml
ptolemy.kernel.util.IllegalActionException: Failed to process attribute change to PtalonParameter, whose value is "ptolemy.actor.ptalon.PtalonExpressionParameter {.SendAndReceiveCnt.SendAndReceiveCnt.channelName} "AtomicWirelessChannel"".
  in .SendAndReceiveCnt.SendAndReceiveCnt
Because:
Unable to add actor null
	at ptolemy.actor.ptalon.PtalonActor.attributeChanged(PtalonActor.java:211)
	at ptolemy.actor.ptalon.PtalonMLHandler.startElement(PtalonMLHandler.java:134)
	at com.microstar.xml.XmlParser.parseElement(XmlParser.java:921)
	at com.microstar.xml.XmlParser.parseContent(XmlParser.java:1104)
	at com.microstar.xml.XmlParser.parseElement(XmlParser.java:924)
	at com.microstar.xml.XmlParser.parseDocument(XmlParser.java:481)
	at com.microstar.xml.XmlParser.doParse(XmlParser.java:159)
	at com.microstar.xml.XmlParser.parse(XmlParser.java:132)
	at ptolemy.actor.ptalon.PtalonActor.configure(PtalonActor.java:240)
	at ptolemy.moml.MoMLParser.endElement(MoMLParser.java:996)
	at com.microstar.xml.XmlParser.parseETag(XmlParser.java:1026)
	at com.microstar.xml.XmlParser.parseContent(XmlParser.java:1098)
	at com.microstar.xml.XmlParser.parseElement(XmlParser.java:924)
	at com.microstar.xml.XmlParser.parseContent(XmlParser.java:1104)
	at com.microstar.xml.XmlParser.parseElement(XmlParser.java:924)
	at com.microstar.xml.XmlParser.parseContent(XmlParser.java:1104)
	at com.microstar.xml.XmlParser.parseElement(XmlParser.java:924)
	at com.microstar.xml.XmlParser.parseDocument(XmlParser.java:481)
	at com.microstar.xml.XmlParser.doParse(XmlParser.java:159)
	at com.microstar.xml.XmlParser.parse(XmlParser.java:132)
	at ptolemy.moml.MoMLParser.parse(MoMLParser.java:1676)
	at ptolemy.moml.MoMLParser.parse(MoMLParser.java:1595)
	at ptolemy.moml.MoMLParser.parse(MoMLParser.java:1537)
	at ptolemy.actor.gui.PtolemyEffigy$Factory.createEffigy(PtolemyEffigy.java:424)
	at ptolemy.actor.gui.EffigyFactory.createEffigy(EffigyFactory.java:234)
	at ptolemy.actor.gui.Configuration.openModel(Configuration.java:1125)
	at ptolemy.actor.gui.Configuration.openModel(Configuration.java:1051)
	at ptolemy.actor.gui.ConfigurationApplication._openModel(ConfigurationApplication.java:1252)
	at ptolemy.actor.gui.ConfigurationApplication._parseArg(ConfigurationApplication.java:1399)
	at ptolemy.actor.gui.ConfigurationApplication._parseArgs(ConfigurationApplication.java:1478)
	at ptolemy.actor.gui.ConfigurationApplication.<init>(ConfigurationApplication.java:277)
	at ptolemy.actor.gui.ConfigurationApplication.<init>(ConfigurationApplication.java:214)
	at ptolemy.actor.gui.ConfigurationApplication.<init>(ConfigurationApplication.java:201)
	at ptolemy.actor.gui.ConfigurationApplication.openModelOrEntity(ConfigurationApplication.java:680)
	at ptolemy.vergil.basic.export.ExportModel$1.run(ExportModel.java:220)
	at java.awt.event.InvocationEvent.dispatch(InvocationEvent.java:301)
	at java.awt.EventQueue.dispatchEventImpl(EventQueue.java:756)
	at java.awt.EventQueue.access$500(EventQueue.java:97)
	at java.awt.EventQueue$3.run(EventQueue.java:709)
	at java.awt.EventQueue$3.run(EventQueue.java:703)
	at java.security.AccessController.doPrivileged(Native Method)
	at java.security.ProtectionDomain$JavaSecurityAccessImpl.doIntersectionPrivilege(ProtectionDomain.java:80)
	at java.awt.EventQueue.dispatchEvent(EventQueue.java:726)
	at java.awt.EventDispatchThread.pumpOneEventForFilters(EventDispatchThread.java:201)
	at java.awt.EventDispatchThread.pumpEventsForFilter(EventDispatchThread.java:116)
	at java.awt.EventDispatchThread.pumpEventsForHierarchy(EventDispatchThread.java:105)
	at java.awt.EventDispatchThread.pumpEvents(EventDispatchThread.java:101)
	at java.awt.EventDispatchThread.pumpEvents(EventDispatchThread.java:93)
	at java.awt.EventDispatchThread.run(EventDispatchThread.java:82)
Caused by: ptolemy.actor.ptalon.PtalonRuntimeException: Unable to add actor null
	at ptolemy.actor.ptalon.PtalonEvaluator.addActor(PtalonEvaluator.java:300)
	at ptolemy.actor.ptalon.PtalonPopulator.actor_declaration(PtalonPopulator.java:1574)
	at ptolemy.actor.ptalon.PtalonPopulator.atomic_statement(PtalonPopulator.java:1638)
	at ptolemy.actor.ptalon.PtalonPopulator.iterative_statement_evaluator(PtalonPopulator.java:2484)
	at ptolemy.actor.ptalon.AbstractPtalonEvaluator$IfTree.evaluateForScope(AbstractPtalonEvaluator.java:1307)
	at ptolemy.actor.ptalon.AbstractPtalonEvaluator.evaluateForScope(AbstractPtalonEvaluator.java:744)
	at ptolemy.actor.ptalon.PtalonPopulator.iterative_statement(PtalonPopulator.java:2363)
	at ptolemy.actor.ptalon.PtalonPopulator.actor_definition(PtalonPopulator.java:2809)
	at ptolemy.actor.ptalon.PtalonActor.attributeChanged(PtalonActor.java:206)
	... 48 more
Caused by: ptolemy.kernel.util.InternalErrorException: Element <entity name="sender1" class="ptolemy.actor.ptalon.demo.ptinyos.SendAndReceiveCnt.CntToLedsAndRfm"> caused an exception to be thrown.
  in .SendAndReceiveCnt.SendAndReceiveCnt
Because:
Cannot find class: ptolemy.actor.ptalon.demo.ptinyos.SendAndReceiveCnt.CntToLedsAndRfm. In Ptolemy, classes are typically Java .class files. Entities like actors may instead be defined within a .xml file.  In any case, the class was not found. If the class uses a third party package, then the class would be present only if the third party package was found at compile time.  It may be necessary to upgrade Java or install the third party package, reconfigure and recompile.
Because:
Element <entity name="MicaLeds" class="ptolemy.domains.ptinyos.lib.MicaLeds"> caused an exception to be thrown.
  in .CntToLedsAndRfm
Because:
Cannot find class: ptolemy.domains.ptinyos.lib.MicaLeds. In Ptolemy, classes are typically Java .class files. Entities like actors may instead be defined within a .xml file.  In any case, the class was not found. If the class uses a third party package, then the class would be present only if the third party package was found at compile time.  It may be necessary to upgrade Java or install the third party package, reconfigure and recompile.
Because:
-- /home/travis/build/icyphy/ptII/ptolemy/actor/ptalon/demo/ptinyos/SendAndReceiveCnt/ptolemy/domains/ptinyos/lib/MicaLeds.xml (No such file or directory)
-- XML file not found relative to classpath.
-- /home/travis/build/icyphy/ptII/ptolemy/vergil/basic/export/test/ptolemy/domains/ptinyos/lib/MicaLeds.xml
/home/travis/build/icyphy/ptII/ptolemy/vergil/basic/export/test/ptolemy/domains/ptinyos/lib/MicaLeds.xml (No such file or directory)
 in file:/home/travis/build/icyphy/ptII/ptolemy/actor/ptalon/demo/ptinyos/SendAndReceiveCnt/CntToLedsAndRfm.xml at line 132 and column 63
	at ptolemy.moml.SimpleErrorHandler.handleError(SimpleErrorHandler.java:75)
	at ptolemy.moml.MoMLParser.startElement(MoMLParser.java:3805)
	at com.microstar.xml.XmlParser.parseElement(XmlParser.java:931)
	at com.microstar.xml.XmlParser.parseDocument(XmlParser.java:481)
	at com.microstar.xml.XmlParser.doParse(XmlParser.java:159)
	at com.microstar.xml.XmlParser.parse(XmlParser.java:132)
	at ptolemy.moml.MoMLParser.parse(MoMLParser.java:1660)
	at ptolemy.moml.MoMLParser.parse(MoMLParser.java:1617)
	at ptolemy.moml.MoMLParser.parse(MoMLParser.java:1792)
	at ptolemy.actor.ptalon.PtalonEvaluator.addActor(PtalonEvaluator.java:241)
	... 56 more
Caused by: ptolemy.kernel.util.IllegalActionException: Cannot find class: ptolemy.actor.ptalon.demo.ptinyos.SendAndReceiveCnt.CntToLedsAndRfm. In Ptolemy, classes are typically Java .class files. Entities like actors may instead be defined within a .xml file.  In any case, the class was not found. If the class uses a third party package, then the class would be present only if the third party package was found at compile time.  It may be necessary to upgrade Java or install the third party package, reconfigure and recompile.
Because:
Element <entity name="MicaLeds" class="ptolemy.domains.ptinyos.lib.MicaLeds"> caused an exception to be thrown.
  in .CntToLedsAndRfm
Because:
Cannot find class: ptolemy.domains.ptinyos.lib.MicaLeds. In Ptolemy, classes are typically Java .class files. Entities like actors may instead be defined within a .xml file.  In any case, the class was not found. If the class uses a third party package, then the class would be present only if the third party package was found at compile time.  It may be necessary to upgrade Java or install the third party package, reconfigure and recompile.
Because:
-- /home/travis/build/icyphy/ptII/ptolemy/actor/ptalon/demo/ptinyos/SendAndReceiveCnt/ptolemy/domains/ptinyos/lib/MicaLeds.xml (No such file or directory)
-- XML file not found relative to classpath.
-- /home/travis/build/icyphy/ptII/ptolemy/vergil/basic/export/test/ptolemy/domains/ptinyos/lib/MicaLeds.xml
/home/travis/build/icyphy/ptII/ptolemy/vergil/basic/export/test/ptolemy/domains/ptinyos/lib/MicaLeds.xml (No such file or directory)
 in file:/home/travis/build/icyphy/ptII/ptolemy/actor/ptalon/demo/ptinyos/SendAndReceiveCnt/CntToLedsAndRfm.xml at line 132 and column 63
	at ptolemy.moml.MoMLParser._createEntity(MoMLParser.java:4330)
	at ptolemy.moml.MoMLParser.startElement(MoMLParser.java:2864)
	... 64 more
Caused by: ptolemy.kernel.util.InternalErrorException: Element <entity name="MicaLeds" class="ptolemy.domains.ptinyos.lib.MicaLeds"> caused an exception to be thrown.
  in .CntToLedsAndRfm
Because:
Cannot find class: ptolemy.domains.ptinyos.lib.MicaLeds. In Ptolemy, classes are typically Java .class files. Entities like actors may instead be defined within a .xml file.  In any case, the class was not found. If the class uses a third party package, then the class would be present only if the third party package was found at compile time.  It may be necessary to upgrade Java or install the third party package, reconfigure and recompile.
Because:
-- /home/travis/build/icyphy/ptII/ptolemy/actor/ptalon/demo/ptinyos/SendAndReceiveCnt/ptolemy/domains/ptinyos/lib/MicaLeds.xml (No such file or directory)
-- XML file not found relative to classpath.
-- /home/travis/build/icyphy/ptII/ptolemy/vergil/basic/export/test/ptolemy/domains/ptinyos/lib/MicaLeds.xml
/home/travis/build/icyphy/ptII/ptolemy/vergil/basic/export/test/ptolemy/domains/ptinyos/lib/MicaLeds.xml (No such file or directory)
 in file:/home/travis/build/icyphy/ptII/ptolemy/actor/ptalon/demo/ptinyos/SendAndReceiveCnt/CntToLedsAndRfm.xml at line 132 and column 63
	at ptolemy.moml.SimpleErrorHandler.handleError(SimpleErrorHandler.java:75)
	at ptolemy.moml.MoMLParser.startElement(MoMLParser.java:3805)
	at com.microstar.xml.XmlParser.parseElement(XmlParser.java:921)
	at com.microstar.xml.XmlParser.parseContent(XmlParser.java:1104)
	at com.microstar.xml.XmlParser.parseElement(XmlParser.java:924)
	at com.microstar.xml.XmlParser.parseDocument(XmlParser.java:481)
	at com.microstar.xml.XmlParser.doParse(XmlParser.java:159)
	at com.microstar.xml.XmlParser.parse(XmlParser.java:132)
	at ptolemy.moml.MoMLParser.parse(MoMLParser.java:1676)
	at ptolemy.moml.MoMLParser.parse(MoMLParser.java:1595)
	at ptolemy.moml.MoMLParser.parse(MoMLParser.java:1537)
	at ptolemy.moml.MoMLParser._findOrParse(MoMLParser.java:5286)
	at ptolemy.moml.MoMLParser._attemptToFindMoMLClass(MoMLParser.java:4075)
	at ptolemy.moml.MoMLParser._createEntity(MoMLParser.java:4323)
	... 65 more
Caused by: ptolemy.kernel.util.IllegalActionException: Cannot find class: ptolemy.domains.ptinyos.lib.MicaLeds. In Ptolemy, classes are typically Java .class files. Entities like actors may instead be defined within a .xml file.  In any case, the class was not found. If the class uses a third party package, then the class would be present only if the third party package was found at compile time.  It may be necessary to upgrade Java or install the third party package, reconfigure and recompile.
Because:
-- /home/travis/build/icyphy/ptII/ptolemy/actor/ptalon/demo/ptinyos/SendAndReceiveCnt/ptolemy/domains/ptinyos/lib/MicaLeds.xml (No such file or directory)
-- XML file not found relative to classpath.
-- /home/travis/build/icyphy/ptII/ptolemy/vergil/basic/export/test/ptolemy/domains/ptinyos/lib/MicaLeds.xml
/home/travis/build/icyphy/ptII/ptolemy/vergil/basic/export/test/ptolemy/domains/ptinyos/lib/MicaLeds.xml (No such file or directory)
 in file:/home/travis/build/icyphy/ptII/ptolemy/actor/ptalon/demo/ptinyos/SendAndReceiveCnt/CntToLedsAndRfm.xml at line 132 and column 63
	at ptolemy.moml.MoMLParser._createEntity(MoMLParser.java:4330)
	at ptolemy.moml.MoMLParser.startElement(MoMLParser.java:2864)
	... 77 more
Caused by: com.microstar.xml.XmlException: -- /home/travis/build/icyphy/ptII/ptolemy/actor/ptalon/demo/ptinyos/SendAndReceiveCnt/ptolemy/domains/ptinyos/lib/MicaLeds.xml (No such file or directory)
-- XML file not found relative to classpath.
-- /home/travis/build/icyphy/ptII/ptolemy/vergil/basic/export/test/ptolemy/domains/ptinyos/lib/MicaLeds.xml
/home/travis/build/icyphy/ptII/ptolemy/vergil/basic/export/test/ptolemy/domains/ptinyos/lib/MicaLeds.xml (No such file or directory)
 in file:/home/travis/build/icyphy/ptII/ptolemy/actor/ptalon/demo/ptinyos/SendAndReceiveCnt/CntToLedsAndRfm.xml at line 132 and column 63
	at ptolemy.moml.MoMLParser.fileNameToURL(MoMLParser.java:1414)
	at ptolemy.moml.MoMLParser._findOrParse(MoMLParser.java:5283)
	at ptolemy.moml.MoMLParser._attemptToFindMoMLClass(MoMLParser.java:4075)
	at ptolemy.moml.MoMLParser._createEntity(MoMLParser.java:4323)
	... 78 more
Caused by: ptolemy.actor.ptalon.PtalonRuntimeException: Unable to add actor null
	at ptolemy.actor.ptalon.PtalonEvaluator.addActor(PtalonEvaluator.java:300)
	at ptolemy.actor.ptalon.PtalonPopulator.actor_declaration(PtalonPopulator.java:1574)
	at ptolemy.actor.ptalon.PtalonPopulator.atomic_statement(PtalonPopulator.java:1638)
	at ptolemy.actor.ptalon.PtalonPopulator.iterative_statement_evaluator(PtalonPopulator.java:2484)
	at ptolemy.actor.ptalon.AbstractPtalonEvaluator$IfTree.evaluateForScope(AbstractPtalonEvaluator.java:1307)
	at ptolemy.actor.ptalon.AbstractPtalonEvaluator.evaluateForScope(AbstractPtalonEvaluator.java:744)
	at ptolemy.actor.ptalon.PtalonPopulator.iterative_statement(PtalonPopulator.java:2363)
	at ptolemy.actor.ptalon.PtalonPopulator.actor_definition(PtalonPopulator.java:2809)
	at ptolemy.actor.ptalon.PtalonActor.attributeChanged(PtalonActor.java:206)
	at ptolemy.actor.ptalon.PtalonMLHandler.startElement(PtalonMLHandler.java:134)
	at com.microstar.xml.XmlParser.parseElement(XmlParser.java:921)
	at com.microstar.xml.XmlParser.parseContent(XmlParser.java:1104)
	at com.microstar.xml.XmlParser.parseElement(XmlParser.java:924)
	at com.microstar.xml.XmlParser.parseDocument(XmlParser.java:481)
	at com.microstar.xml.XmlParser.doParse(XmlParser.java:159)
	at com.microstar.xml.XmlParser.parse(XmlParser.java:132)
	at ptolemy.actor.ptalon.PtalonActor.configure(PtalonActor.java:240)
	at ptolemy.moml.MoMLParser.endElement(MoMLParser.java:996)
	at com.microstar.xml.XmlParser.parseETag(XmlParser.java:1026)
	at com.microstar.xml.XmlParser.parseContent(XmlParser.java:1098)
	at com.microstar.xml.XmlParser.parseElement(XmlParser.java:924)
	at com.microstar.xml.XmlParser.parseContent(XmlParser.java:1104)
	at com.microstar.xml.XmlParser.parseElement(XmlParser.java:924)
	at com.microstar.xml.XmlParser.parseContent(XmlParser.java:1104)
	at com.microstar.xml.XmlParser.parseElement(XmlParser.java:924)
	at com.microstar.xml.XmlParser.parseDocument(XmlParser.java:481)
	at com.microstar.xml.XmlParser.doParse(XmlParser.java:159)
	at com.microstar.xml.XmlParser.parse(XmlParser.java:132)
	at ptolemy.moml.MoMLParser.parse(MoMLParser.java:1676)
	at ptolemy.moml.MoMLParser.parse(MoMLParser.java:1595)
	at ptolemy.moml.MoMLParser.parse(MoMLParser.java:1537)
	at ptolemy.actor.gui.PtolemyEffigy$Factory.createEffigy(PtolemyEffigy.java:424)
	at ptolemy.actor.gui.EffigyFactory.createEffigy(EffigyFactory.java:234)
	at ptolemy.actor.gui.Configuration.openModel(Configuration.java:1125)
	at ptolemy.actor.gui.Configuration.openModel(Configuration.java:1051)
	at ptolemy.actor.gui.ConfigurationApplication._openModel(ConfigurationApplication.java:1252)
	at ptolemy.actor.gui.ConfigurationApplication._parseArg(ConfigurationApplication.java:1399)
	at ptolemy.actor.gui.ConfigurationApplication._parseArgs(ConfigurationApplication.java:1478)
	at ptolemy.actor.gui.ConfigurationApplication.<init>(ConfigurationApplication.java:277)
	at ptolemy.actor.gui.ConfigurationApplication.<init>(ConfigurationApplication.java:214)
	at ptolemy.actor.gui.ConfigurationApplication.<init>(ConfigurationApplication.java:201)
	at ptolemy.actor.gui.ConfigurationApplication.openModelOrEntity(ConfigurationApplication.java:680)
	at ptolemy.vergil.basic.export.ExportModel$1.run(ExportModel.java:220)
	at java.awt.event.InvocationEvent.dispatch(InvocationEvent.java:301)
	at java.awt.EventQueue.dispatchEventImpl(EventQueue.java:756)
	at java.awt.EventQueue.access$500(EventQueue.java:97)
	at java.awt.EventQueue$3.run(EventQueue.java:709)
	at java.awt.EventQueue$3.run(EventQueue.java:703)
	at java.security.AccessController.doPrivileged(Native Method)
	at java.security.ProtectionDomain$JavaSecurityAccessImpl.doIntersectionPrivilege(ProtectionDomain.java:80)
	at java.awt.EventQueue.dispatchEvent(EventQueue.java:726)
	at java.awt.EventDispatchThread.pumpOneEventForFilters(EventDispatchThread.java:201)
	at java.awt.EventDispatchThread.pumpEventsForFilter(EventDispatchThread.java:116)
	at java.awt.EventDispatchThread.pumpEventsForHierarchy(EventDispatchThread.java:105)
	at java.awt.EventDispatchThread.pumpEvents(EventDispatchThread.java:101)
	at java.awt.EventDispatchThread.pumpEvents(EventDispatchThread.java:93)
	at java.awt.EventDispatchThread.run(EventDispatchThread.java:82)
Caused by: ptolemy.kernel.util.InternalErrorException: Element <entity name="sender1" class="ptolemy.actor.ptalon.demo.ptinyos.SendAndReceiveCnt.CntToLedsAndRfm"> caused an exception to be thrown.
  in .SendAndReceiveCnt.SendAndReceiveCnt
Because:
Cannot find class: ptolemy.actor.ptalon.demo.ptinyos.SendAndReceiveCnt.CntToLedsAndRfm. In Ptolemy, classes are typically Java .class files. Entities like actors may instead be defined within a .xml file.  In any case, the class was not found. If the class uses a third party package, then the class would be present only if the third party package was found at compile time.  It may be necessary to upgrade Java or install the third party package, reconfigure and recompile.
Because:
Element <entity name="MicaLeds" class="ptolemy.domains.ptinyos.lib.MicaLeds"> caused an exception to be thrown.
  in .CntToLedsAndRfm
Because:
Cannot find class: ptolemy.domains.ptinyos.lib.MicaLeds. In Ptolemy, classes are typically Java .class files. Entities like actors may instead be defined within a .xml file.  In any case, the class was not found. If the class uses a third party package, then the class would be present only if the third party package was found at compile time.  It may be necessary to upgrade Java or install the third party package, reconfigure and recompile.
Because:
-- /home/travis/build/icyphy/ptII/ptolemy/actor/ptalon/demo/ptinyos/SendAndReceiveCnt/ptolemy/domains/ptinyos/lib/MicaLeds.xml (No such file or directory)
-- XML file not found relative to classpath.
-- /home/travis/build/icyphy/ptII/ptolemy/vergil/basic/export/test/ptolemy/domains/ptinyos/lib/MicaLeds.xml
/home/travis/build/icyphy/ptII/ptolemy/vergil/basic/export/test/ptolemy/domains/ptinyos/lib/MicaLeds.xml (No such file or directory)
 in file:/home/travis/build/icyphy/ptII/ptolemy/actor/ptalon/demo/ptinyos/SendAndReceiveCnt/CntToLedsAndRfm.xml at line 132 and column 63
	at ptolemy.moml.SimpleErrorHandler.handleError(SimpleErrorHandler.java:75)
	at ptolemy.moml.MoMLParser.startElement(MoMLParser.java:3805)
	at com.microstar.xml.XmlParser.parseElement(XmlParser.java:931)
	at com.microstar.xml.XmlParser.parseDocument(XmlParser.java:481)
	at com.microstar.xml.XmlParser.doParse(XmlParser.java:159)
	at com.microstar.xml.XmlParser.parse(XmlParser.java:132)
	at ptolemy.moml.MoMLParser.parse(MoMLParser.java:1660)
	at ptolemy.moml.MoMLParser.parse(MoMLParser.java:1617)
	at ptolemy.moml.MoMLParser.parse(MoMLParser.java:1792)
	at ptolemy.actor.ptalon.PtalonEvaluator.addActor(PtalonEvaluator.java:241)
	... 56 more
Caused by: ptolemy.kernel.util.IllegalActionException: Cannot find class: ptolemy.actor.ptalon.demo.ptinyos.SendAndReceiveCnt.CntToLedsAndRfm. In Ptolemy, classes are typically Java .class files. Entities like actors may instead be defined within a .xml file.  In any case, the class was not found. If the class uses a third party package, then the class would be present only if the third party package was found at compile time.  It may be necessary to upgrade Java or install the third party package, reconfigure and recompile.
Because:
Element <entity name="MicaLeds" class="ptolemy.domains.ptinyos.lib.MicaLeds"> caused an exception to be thrown.
  in .CntToLedsAndRfm
Because:
Cannot find class: ptolemy.domains.ptinyos.lib.MicaLeds. In Ptolemy, classes are typically Java .class files. Entities like actors may instead be defined within a .xml file.  In any case, the class was not found. If the class uses a third party package, then the class would be present only if the third party package was found at compile time.  It may be necessary to upgrade Java or install the third party package, reconfigure and recompile.
Because:
-- /home/travis/build/icyphy/ptII/ptolemy/actor/ptalon/demo/ptinyos/SendAndReceiveCnt/ptolemy/domains/ptinyos/lib/MicaLeds.xml (No such file or directory)
-- XML file not found relative to classpath.
-- /home/travis/build/icyphy/ptII/ptolemy/vergil/basic/export/test/ptolemy/domains/ptinyos/lib/MicaLeds.xml
/home/travis/build/icyphy/ptII/ptolemy/vergil/basic/export/test/ptolemy/domains/ptinyos/lib/MicaLeds.xml (No such file or directory)
 in file:/home/travis/build/icyphy/ptII/ptolemy/actor/ptalon/demo/ptinyos/SendAndReceiveCnt/CntToLedsAndRfm.xml at line 132 and column 63
	at ptolemy.moml.MoMLParser._createEntity(MoMLParser.java:4330)
	at ptolemy.moml.MoMLParser.startElement(MoMLParser.java:2864)
	... 64 more
Caused by: ptolemy.kernel.util.InternalErrorException: Element <entity name="MicaLeds" class="ptolemy.domains.ptinyos.lib.MicaLeds"> caused an exception to be thrown.
  in .CntToLedsAndRfm
Because:
Cannot find class: ptolemy.domains.ptinyos.lib.MicaLeds. In Ptolemy, classes are typically Java .class files. Entities like actors may instead be defined within a .xml file.  In any case, the class was not found. If the class uses a third party package, then the class would be present only if the third party package was found at compile time.  It may be necessary to upgrade Java or install the third party package, reconfigure and recompile.
Because:
-- /home/travis/build/icyphy/ptII/ptolemy/actor/ptalon/demo/ptinyos/SendAndReceiveCnt/ptolemy/domains/ptinyos/lib/MicaLeds.xml (No such file or directory)
-- XML file not found relative to classpath.
-- /home/travis/build/icyphy/ptII/ptolemy/vergil/basic/export/test/ptolemy/domains/ptinyos/lib/MicaLeds.xml
/home/travis/build/icyphy/ptII/ptolemy/vergil/basic/export/test/ptolemy/domains/ptinyos/lib/MicaLeds.xml (No such file or directory)
 in file:/home/travis/build/icyphy/ptII/ptolemy/actor/ptalon/demo/ptinyos/SendAndReceiveCnt/CntToLedsAndRfm.xml at line 132 and column 63
	at ptolemy.moml.SimpleErrorHandler.handleError(SimpleErrorHandler.java:75)
	at ptolemy.moml.MoMLParser.startElement(MoMLParser.java:3805)
	at com.microstar.xml.XmlParser.parseElement(XmlParser.java:921)
	at com.microstar.xml.XmlParser.parseContent(XmlParser.java:1104)
	at com.microstar.xml.XmlParser.parseElement(XmlParser.java:924)
	at com.microstar.xml.XmlParser.parseDocument(XmlParser.java:481)
	at com.microstar.xml.XmlParser.doParse(XmlParser.java:159)
	at com.microstar.xml.XmlParser.parse(XmlParser.java:132)
	at ptolemy.moml.MoMLParser.parse(MoMLParser.java:1676)
	at ptolemy.moml.MoMLParser.parse(MoMLParser.java:1595)
	at ptolemy.moml.MoMLParser.parse(MoMLParser.java:1537)
	at ptolemy.moml.MoMLParser._findOrParse(MoMLParser.java:5286)
	at ptolemy.moml.MoMLParser._attemptToFindMoMLClass(MoMLParser.java:4075)
	at ptolemy.moml.MoMLParser._createEntity(MoMLParser.java:4323)
	... 65 more
Caused by: ptolemy.kernel.util.IllegalActionException: Cannot find class: ptolemy.domains.ptinyos.lib.MicaLeds. In Ptolemy, classes are typically Java .class files. Entities like actors may instead be defined within a .xml file.  In any case, the class was not found. If the class uses a third party package, then the class would be present only if the third party package was found at compile time.  It may be necessary to upgrade Java or install the third party package, reconfigure and recompile.
Because:
-- /home/travis/build/icyphy/ptII/ptolemy/actor/ptalon/demo/ptinyos/SendAndReceiveCnt/ptolemy/domains/ptinyos/lib/MicaLeds.xml (No such file or directory)
-- XML file not found relative to classpath.
-- /home/travis/build/icyphy/ptII/ptolemy/vergil/basic/export/test/ptolemy/domains/ptinyos/lib/MicaLeds.xml
/home/travis/build/icyphy/ptII/ptolemy/vergil/basic/export/test/ptolemy/domains/ptinyos/lib/MicaLeds.xml (No such file or directory)
 in file:/home/travis/build/icyphy/ptII/ptolemy/actor/ptalon/demo/ptinyos/SendAndReceiveCnt/CntToLedsAndRfm.xml at line 132 and column 63
	at ptolemy.moml.MoMLParser._createEntity(MoMLParser.java:4330)
	at ptolemy.moml.MoMLParser.startElement(MoMLParser.java:2864)
	... 77 more
Caused by: com.microstar.xml.XmlException: -- /home/travis/build/icyphy/ptII/ptolemy/actor/ptalon/demo/ptinyos/SendAndReceiveCnt/ptolemy/domains/ptinyos/lib/MicaLeds.xml (No such file or directory)
-- XML file not found relative to classpath.
-- /home/travis/build/icyphy/ptII/ptolemy/vergil/basic/export/test/ptolemy/domains/ptinyos/lib/MicaLeds.xml
/home/travis/build/icyphy/ptII/ptolemy/vergil/basic/export/test/ptolemy/domains/ptinyos/lib/MicaLeds.xml (No such file or directory)
 in file:/home/travis/build/icyphy/ptII/ptolemy/actor/ptalon/demo/ptinyos/SendAndReceiveCnt/CntToLedsAndRfm.xml at line 132 and column 63
	at ptolemy.moml.MoMLParser.fileNameToURL(MoMLParser.java:1414)
	at ptolemy.moml.MoMLParser._findOrParse(MoMLParser.java:5283)
	at ptolemy.moml.MoMLParser._attemptToFindMoMLClass(MoMLParser.java:4075)
	at ptolemy.moml.MoMLParser._createEntity(MoMLParser.java:4323)
	... 78 more
Failed to read file:/home/travis/build/icyphy/ptII/ptolemy/actor/ptalon/demo/ptinyos/SendAndReceiveCnt/SendAndReceiveCnt.xml
ptolemy.kernel.util.IllegalActionException: Failed to process attribute change to PtalonParameter, whose value is "ptolemy.actor.ptalon.PtalonExpressionParameter {.SendAndReceiveCnt.SendAndReceiveCnt.channelName} "AtomicWirelessChannel"".
  in .SendAndReceiveCnt.SendAndReceiveCnt
Because:
Unable to add actor null
	at ptolemy.actor.ptalon.PtalonActor.attributeChanged(PtalonActor.java:211)
	at ptolemy.actor.ptalon.PtalonMLHandler.startElement(PtalonMLHandler.java:134)
	at com.microstar.xml.XmlParser.parseElement(XmlParser.java:921)
	at com.microstar.xml.XmlParser.parseContent(XmlParser.java:1104)
	at com.microstar.xml.XmlParser.parseElement(XmlParser.java:924)
	at com.microstar.xml.XmlParser.parseDocument(XmlParser.java:481)
	at com.microstar.xml.XmlParser.doParse(XmlParser.java:159)
	at com.microstar.xml.XmlParser.parse(XmlParser.java:132)
	at ptolemy.actor.ptalon.PtalonActor.configure(PtalonActor.java:240)
	at ptolemy.moml.MoMLParser.endElement(MoMLParser.java:996)
	at com.microstar.xml.XmlParser.parseETag(XmlParser.java:1026)
	at com.microstar.xml.XmlParser.parseContent(XmlParser.java:1098)
	at com.microstar.xml.XmlParser.parseElement(XmlParser.java:924)
	at com.microstar.xml.XmlParser.parseContent(XmlParser.java:1104)
	at com.microstar.xml.XmlParser.parseElement(XmlParser.java:924)
	at com.microstar.xml.XmlParser.parseContent(XmlParser.java:1104)
	at com.microstar.xml.XmlParser.parseElement(XmlParser.java:924)
	at com.microstar.xml.XmlParser.parseDocument(XmlParser.java:481)
	at com.microstar.xml.XmlParser.doParse(XmlParser.java:159)
	at com.microstar.xml.XmlParser.parse(XmlParser.java:132)
	at ptolemy.moml.MoMLParser.parse(MoMLParser.java:1676)
	at ptolemy.moml.MoMLParser.parse(MoMLParser.java:1595)
	at ptolemy.moml.MoMLParser.parse(MoMLParser.java:1537)
	at ptolemy.actor.gui.PtolemyEffigy$Factory.createEffigy(PtolemyEffigy.java:424)
	at ptolemy.actor.gui.EffigyFactory.createEffigy(EffigyFactory.java:234)
	at ptolemy.actor.gui.Configuration.openModel(Configuration.java:1125)
	at ptolemy.actor.gui.Configuration.openModel(Configuration.java:1051)
	at ptolemy.actor.gui.ConfigurationApplication._openModel(ConfigurationApplication.java:1252)
	at ptolemy.actor.gui.ConfigurationApplication._parseArg(ConfigurationApplication.java:1399)
	at ptolemy.actor.gui.ConfigurationApplication._parseArgs(ConfigurationApplication.java:1478)
	at ptolemy.actor.gui.ConfigurationApplication.<init>(ConfigurationApplication.java:277)
	at ptolemy.actor.gui.ConfigurationApplication.<init>(ConfigurationApplication.java:214)
	at ptolemy.actor.gui.ConfigurationApplication.<init>(ConfigurationApplication.java:201)
	at ptolemy.actor.gui.ConfigurationApplication.openModelOrEntity(ConfigurationApplication.java:680)
	at ptolemy.vergil.basic.export.ExportModel$1.run(ExportModel.java:220)
	at java.awt.event.InvocationEvent.dispatch(InvocationEvent.java:301)
	at java.awt.EventQueue.dispatchEventImpl(EventQueue.java:756)
	at java.awt.EventQueue.access$500(EventQueue.java:97)
	at java.awt.EventQueue$3.run(EventQueue.java:709)
	at java.awt.EventQueue$3.run(EventQueue.java:703)
	at java.security.AccessController.doPrivileged(Native Method)
	at java.security.ProtectionDomain$JavaSecurityAccessImpl.doIntersectionPrivilege(ProtectionDomain.java:80)
	at java.awt.EventQueue.dispatchEvent(EventQueue.java:726)
	at java.awt.EventDispatchThread.pumpOneEventForFilters(EventDispatchThread.java:201)
	at java.awt.EventDispatchThread.pumpEventsForFilter(EventDispatchThread.java:116)
	at java.awt.EventDispatchThread.pumpEventsForHierarchy(EventDispatchThread.java:105)
	at java.awt.EventDispatchThread.pumpEvents(EventDispatchThread.java:101)
	at java.awt.EventDispatchThread.pumpEvents(EventDispatchThread.java:93)
	at java.awt.EventDispatchThread.run(EventDispatchThread.java:82)
Caused by: ptolemy.actor.ptalon.PtalonRuntimeException: Unable to add actor null
	at ptolemy.actor.ptalon.PtalonEvaluator.addActor(PtalonEvaluator.java:300)
	at ptolemy.actor.ptalon.PtalonPopulator.actor_declaration(PtalonPopulator.java:1574)
	at ptolemy.actor.ptalon.PtalonPopulator.atomic_statement(PtalonPopulator.java:1638)
	at ptolemy.actor.ptalon.PtalonPopulator.iterative_statement_evaluator(PtalonPopulator.java:2484)
	at ptolemy.actor.ptalon.AbstractPtalonEvaluator$IfTree.evaluateForScope(AbstractPtalonEvaluator.java:1307)
	at ptolemy.actor.ptalon.AbstractPtalonEvaluator.evaluateForScope(AbstractPtalonEvaluator.java:744)
	at ptolemy.actor.ptalon.PtalonPopulator.iterative_statement(PtalonPopulator.java:2363)
	at ptolemy.actor.ptalon.PtalonPopulator.actor_definition(PtalonPopulator.java:2809)
	at ptolemy.actor.ptalon.PtalonActor.attributeChanged(PtalonActor.java:206)
	... 48 more
Caused by: ptolemy.kernel.util.InternalErrorException: Element <entity name="sender1" class="ptolemy.actor.ptalon.demo.ptinyos.SendAndReceiveCnt.CntToLedsAndRfm"> caused an exception to be thrown.
  in .SendAndReceiveCnt.SendAndReceiveCnt
Because:
Cannot find class: ptolemy.actor.ptalon.demo.ptinyos.SendAndReceiveCnt.CntToLedsAndRfm. In Ptolemy, classes are typically Java .class files. Entities like actors may instead be defined within a .xml file.  In any case, the class was not found. If the class uses a third party package, then the class would be present only if the third party package was found at compile time.  It may be necessary to upgrade Java or install the third party package, reconfigure and recompile.
Because:
Element <entity name="MicaLeds" class="ptolemy.domains.ptinyos.lib.MicaLeds"> caused an exception to be thrown.
  in .CntToLedsAndRfm
Because:
Cannot find class: ptolemy.domains.ptinyos.lib.MicaLeds. In Ptolemy, classes are typically Java .class files. Entities like actors may instead be defined within a .xml file.  In any case, the class was not found. If the class uses a third party package, then the class would be present only if the third party package was found at compile time.  It may be necessary to upgrade Java or install the third party package, reconfigure and recompile.
Because:
-- /home/travis/build/icyphy/ptII/ptolemy/actor/ptalon/demo/ptinyos/SendAndReceiveCnt/ptolemy/domains/ptinyos/lib/MicaLeds.xml (No such file or directory)
-- XML file not found relative to classpath.
-- /home/travis/build/icyphy/ptII/ptolemy/vergil/basic/export/test/ptolemy/domains/ptinyos/lib/MicaLeds.xml
/home/travis/build/icyphy/ptII/ptolemy/vergil/basic/export/test/ptolemy/domains/ptinyos/lib/MicaLeds.xml (No such file or directory)
 in file:/home/travis/build/icyphy/ptII/ptolemy/actor/ptalon/demo/ptinyos/SendAndReceiveCnt/CntToLedsAndRfm.xml at line 132 and column 63
	at ptolemy.moml.SimpleErrorHandler.handleError(SimpleErrorHandler.java:75)
	at ptolemy.moml.MoMLParser.startElement(MoMLParser.java:3805)
	at com.microstar.xml.XmlParser.parseElement(XmlParser.java:931)
	at com.microstar.xml.XmlParser.parseDocument(XmlParser.java:481)
	at com.microstar.xml.XmlParser.doParse(XmlParser.java:159)
	at com.microstar.xml.XmlParser.parse(XmlParser.java:132)
	at ptolemy.moml.MoMLParser.parse(MoMLParser.java:1660)
	at ptolemy.moml.MoMLParser.parse(MoMLParser.java:1617)
	at ptolemy.moml.MoMLParser.parse(MoMLParser.java:1792)
	at ptolemy.actor.ptalon.PtalonEvaluator.addActor(PtalonEvaluator.java:241)
	... 56 more
Caused by: ptolemy.kernel.util.IllegalActionException: Cannot find class: ptolemy.actor.ptalon.demo.ptinyos.SendAndReceiveCnt.CntToLedsAndRfm. In Ptolemy, classes are typically Java .class files. Entities like actors may instead be defined within a .xml file.  In any case, the class was not found. If the class uses a third party package, then the class would be present only if the third party package was found at compile time.  It may be necessary to upgrade Java or install the third party package, reconfigure and recompile.
Because:
Element <entity name="MicaLeds" class="ptolemy.domains.ptinyos.lib.MicaLeds"> caused an exception to be thrown.
  in .CntToLedsAndRfm
Because:
Cannot find class: ptolemy.domains.ptinyos.lib.MicaLeds. In Ptolemy, classes are typically Java .class files. Entities like actors may instead be defined within a .xml file.  In any case, the class was not found. If the class uses a third party package, then the class would be present only if the third party package was found at compile time.  It may be necessary to upgrade Java or install the third party package, reconfigure and recompile.
Because:
-- /home/travis/build/icyphy/ptII/ptolemy/actor/ptalon/demo/ptinyos/SendAndReceiveCnt/ptolemy/domains/ptinyos/lib/MicaLeds.xml (No such file or directory)
-- XML file not found relative to classpath.
-- /home/travis/build/icyphy/ptII/ptolemy/vergil/basic/export/test/ptolemy/domains/ptinyos/lib/MicaLeds.xml
/home/travis/build/icyphy/ptII/ptolemy/vergil/basic/export/test/ptolemy/domains/ptinyos/lib/MicaLeds.xml (No such file or directory)
 in file:/home/travis/build/icyphy/ptII/ptolemy/actor/ptalon/demo/ptinyos/SendAndReceiveCnt/CntToLedsAndRfm.xml at line 132 and column 63
	at ptolemy.moml.MoMLParser._createEntity(MoMLParser.java:4330)
	at ptolemy.moml.MoMLParser.startElement(MoMLParser.java:2864)
	... 64 more
Caused by: ptolemy.kernel.util.InternalErrorException: Element <entity name="MicaLeds" class="ptolemy.domains.ptinyos.lib.MicaLeds"> caused an exception to be thrown.
  in .CntToLedsAndRfm
Because:
Cannot find class: ptolemy.domains.ptinyos.lib.MicaLeds. In Ptolemy, classes are typically Java .class files. Entities like actors may instead be defined within a .xml file.  In any case, the class was not found. If the class uses a third party package, then the class would be present only if the third party package was found at compile time.  It may be necessary to upgrade Java or install the third party package, reconfigure and recompile.
Because:
-- /home/travis/build/icyphy/ptII/ptolemy/actor/ptalon/demo/ptinyos/SendAndReceiveCnt/ptolemy/domains/ptinyos/lib/MicaLeds.xml (No such file or directory)
-- XML file not found relative to classpath.
-- /home/travis/build/icyphy/ptII/ptolemy/vergil/basic/export/test/ptolemy/domains/ptinyos/lib/MicaLeds.xml
/home/travis/build/icyphy/ptII/ptolemy/vergil/basic/export/test/ptolemy/domains/ptinyos/lib/MicaLeds.xml (No such file or directory)
 in file:/home/travis/build/icyphy/ptII/ptolemy/actor/ptalon/demo/ptinyos/SendAndReceiveCnt/CntToLedsAndRfm.xml at line 132 and column 63
	at ptolemy.moml.SimpleErrorHandler.handleError(SimpleErrorHandler.java:75)
	at ptolemy.moml.MoMLParser.startElement(MoMLParser.java:3805)
	at com.microstar.xml.XmlParser.parseElement(XmlParser.java:921)
	at com.microstar.xml.XmlParser.parseContent(XmlParser.java:1104)
	at com.microstar.xml.XmlParser.parseElement(XmlParser.java:924)
	at com.microstar.xml.XmlParser.parseDocument(XmlParser.java:481)
	at com.microstar.xml.XmlParser.doParse(XmlParser.java:159)
	at com.microstar.xml.XmlParser.parse(XmlParser.java:132)
	at ptolemy.moml.MoMLParser.parse(MoMLParser.java:1676)
	at ptolemy.moml.MoMLParser.parse(MoMLParser.java:1595)
	at ptolemy.moml.MoMLParser.parse(MoMLParser.java:1537)
	at ptolemy.moml.MoMLParser._findOrParse(MoMLParser.java:5286)
	at ptolemy.moml.MoMLParser._attemptToFindMoMLClass(MoMLParser.java:4075)
	at ptolemy.moml.MoMLParser._createEntity(MoMLParser.java:4323)
	... 65 more
Caused by: ptolemy.kernel.util.IllegalActionException: Cannot find class: ptolemy.domains.ptinyos.lib.MicaLeds. In Ptolemy, classes are typically Java .class files. Entities like actors may instead be defined within a .xml file.  In any case, the class was not found. If the class uses a third party package, then the class would be present only if the third party package was found at compile time.  It may be necessary to upgrade Java or install the third party package, reconfigure and recompile.
Because:
-- /home/travis/build/icyphy/ptII/ptolemy/actor/ptalon/demo/ptinyos/SendAndReceiveCnt/ptolemy/domains/ptinyos/lib/MicaLeds.xml (No such file or directory)
-- XML file not found relative to classpath.
-- /home/travis/build/icyphy/ptII/ptolemy/vergil/basic/export/test/ptolemy/domains/ptinyos/lib/MicaLeds.xml
/home/travis/build/icyphy/ptII/ptolemy/vergil/basic/export/test/ptolemy/domains/ptinyos/lib/MicaLeds.xml (No such file or directory)
 in file:/home/travis/build/icyphy/ptII/ptolemy/actor/ptalon/demo/ptinyos/SendAndReceiveCnt/CntToLedsAndRfm.xml at line 132 and column 63
	at ptolemy.moml.MoMLParser._createEntity(MoMLParser.java:4330)
	at ptolemy.moml.MoMLParser.startElement(MoMLParser.java:2864)
	... 77 more
Caused by: com.microstar.xml.XmlException: -- /home/travis/build/icyphy/ptII/ptolemy/actor/ptalon/demo/ptinyos/SendAndReceiveCnt/ptolemy/domains/ptinyos/lib/MicaLeds.xml (No such file or directory)
-- XML file not found relative to classpath.
-- /home/travis/build/icyphy/ptII/ptolemy/vergil/basic/export/test/ptolemy/domains/ptinyos/lib/MicaLeds.xml
/home/travis/build/icyphy/ptII/ptolemy/vergil/basic/export/test/ptolemy/domains/ptinyos/lib/MicaLeds.xml (No such file or directory)
 in file:/home/travis/build/icyphy/ptII/ptolemy/actor/ptalon/demo/ptinyos/SendAndReceiveCnt/CntToLedsAndRfm.xml at line 132 and column 63
	at ptolemy.moml.MoMLParser.fileNameToURL(MoMLParser.java:1414)
	at ptolemy.moml.MoMLParser._findOrParse(MoMLParser.java:5283)
	at ptolemy.moml.MoMLParser._attemptToFindMoMLClass(MoMLParser.java:4075)
	at ptolemy.moml.MoMLParser._createEntity(MoMLParser.java:4323)
	... 78 more
Caused by: ptolemy.actor.ptalon.PtalonRuntimeException: Unable to add actor null
	at ptolemy.actor.ptalon.PtalonEvaluator.addActor(PtalonEvaluator.java:300)
	at ptolemy.actor.ptalon.PtalonPopulator.actor_declaration(PtalonPopulator.java:1574)
	at ptolemy.actor.ptalon.PtalonPopulator.atomic_statement(PtalonPopulator.java:1638)
	at ptolemy.actor.ptalon.PtalonPopulator.iterative_statement_evaluator(PtalonPopulator.java:2484)
	at ptolemy.actor.ptalon.AbstractPtalonEvaluator$IfTree.evaluateForScope(AbstractPtalonEvaluator.java:1307)
	at ptolemy.actor.ptalon.AbstractPtalonEvaluator.evaluateForScope(AbstractPtalonEvaluator.java:744)
	at ptolemy.actor.ptalon.PtalonPopulator.iterative_statement(PtalonPopulator.java:2363)
	at ptolemy.actor.ptalon.PtalonPopulator.actor_definition(PtalonPopulator.java:2809)
	at ptolemy.actor.ptalon.PtalonActor.attributeChanged(PtalonActor.java:206)
	at ptolemy.actor.ptalon.PtalonMLHandler.startElement(PtalonMLHandler.java:134)
	at com.microstar.xml.XmlParser.parseElement(XmlParser.java:921)
	at com.microstar.xml.XmlParser.parseContent(XmlParser.java:1104)
	at com.microstar.xml.XmlParser.parseElement(XmlParser.java:924)
	at com.microstar.xml.XmlParser.parseDocument(XmlParser.java:481)
	at com.microstar.xml.XmlParser.doParse(XmlParser.java:159)
	at com.microstar.xml.XmlParser.parse(XmlParser.java:132)
	at ptolemy.actor.ptalon.PtalonActor.configure(PtalonActor.java:240)
	at ptolemy.moml.MoMLParser.endElement(MoMLParser.java:996)
	at com.microstar.xml.XmlParser.parseETag(XmlParser.java:1026)
	at com.microstar.xml.XmlParser.parseContent(XmlParser.java:1098)
	at com.microstar.xml.XmlParser.parseElement(XmlParser.java:924)
	at com.microstar.xml.XmlParser.parseContent(XmlParser.java:1104)
	at com.microstar.xml.XmlParser.parseElement(XmlParser.java:924)
	at com.microstar.xml.XmlParser.parseContent(XmlParser.java:1104)
	at com.microstar.xml.XmlParser.parseElement(XmlParser.java:924)
	at com.microstar.xml.XmlParser.parseDocument(XmlParser.java:481)
	at com.microstar.xml.XmlParser.doParse(XmlParser.java:159)
	at com.microstar.xml.XmlParser.parse(XmlParser.java:132)
	at ptolemy.moml.MoMLParser.parse(MoMLParser.java:1676)
	at ptolemy.moml.MoMLParser.parse(MoMLParser.java:1595)
	at ptolemy.moml.MoMLParser.parse(MoMLParser.java:1537)
	at ptolemy.actor.gui.PtolemyEffigy$Factory.createEffigy(PtolemyEffigy.java:424)
	at ptolemy.actor.gui.EffigyFactory.createEffigy(EffigyFactory.java:234)
	at ptolemy.actor.gui.Configuration.openModel(Configuration.java:1125)
	at ptolemy.actor.gui.Configuration.openModel(Configuration.java:1051)
	at ptolemy.actor.gui.ConfigurationApplication._openModel(ConfigurationApplication.java:1252)
	at ptolemy.actor.gui.ConfigurationApplication._parseArg(ConfigurationApplication.java:1399)
	at ptolemy.actor.gui.ConfigurationApplication._parseArgs(ConfigurationApplication.java:1478)
	at ptolemy.actor.gui.ConfigurationApplication.<init>(ConfigurationApplication.java:277)
	at ptolemy.actor.gui.ConfigurationApplication.<init>(ConfigurationApplication.java:214)
	at ptolemy.actor.gui.ConfigurationApplication.<init>(ConfigurationApplication.java:201)
	at ptolemy.actor.gui.ConfigurationApplication.openModelOrEntity(ConfigurationApplication.java:680)
	at ptolemy.vergil.basic.export.ExportModel$1.run(ExportModel.java:220)
	at java.awt.event.InvocationEvent.dispatch(InvocationEvent.java:301)
	at java.awt.EventQueue.dispatchEventImpl(EventQueue.java:756)
	at java.awt.EventQueue.access$500(EventQueue.java:97)
	at java.awt.EventQueue$3.run(EventQueue.java:709)
	at java.awt.EventQueue$3.run(EventQueue.java:703)
	at java.security.AccessController.doPrivileged(Native Method)
	at java.security.ProtectionDomain$JavaSecurityAccessImpl.doIntersectionPrivilege(ProtectionDomain.java:80)
	at java.awt.EventQueue.dispatchEvent(EventQueue.java:726)
	at java.awt.EventDispatchThread.pumpOneEventForFilters(EventDispatchThread.java:201)
	at java.awt.EventDispatchThread.pumpEventsForFilter(EventDispatchThread.java:116)
	at java.awt.EventDispatchThread.pumpEventsForHierarchy(EventDispatchThread.java:105)
	at java.awt.EventDispatchThread.pumpEvents(EventDispatchThread.java:101)
	at java.awt.EventDispatchThread.pumpEvents(EventDispatchThread.java:93)
	at java.awt.EventDispatchThread.run(EventDispatchThread.java:82)
Caused by: ptolemy.kernel.util.InternalErrorException: Element <entity name="sender1" class="ptolemy.actor.ptalon.demo.ptinyos.SendAndReceiveCnt.CntToLedsAndRfm"> caused an exception to be thrown.
  in .SendAndReceiveCnt.SendAndReceiveCnt
Because:
Cannot find class: ptolemy.actor.ptalon.demo.ptinyos.SendAndReceiveCnt.CntToLedsAndRfm. In Ptolemy, classes are typically Java .class files. Entities like actors may instead be defined within a .xml file.  In any case, the class was not found. If the class uses a third party package, then the class would be present only if the third party package was found at compile time.  It may be necessary to upgrade Java or install the third party package, reconfigure and recompile.
Because:
Element <entity name="MicaLeds" class="ptolemy.domains.ptinyos.lib.MicaLeds"> caused an exception to be thrown.
  in .CntToLedsAndRfm
Because:
Cannot find class: ptolemy.domains.ptinyos.lib.MicaLeds. In Ptolemy, classes are typically Java .class files. Entities like actors may instead be defined within a .xml file.  In any case, the class was not found. If the class uses a third party package, then the class would be present only if the third party package was found at compile time.  It may be necessary to upgrade Java or install the third party package, reconfigure and recompile.
Because:
-- /home/travis/build/icyphy/ptII/ptolemy/actor/ptalon/demo/ptinyos/SendAndReceiveCnt/ptolemy/domains/ptinyos/lib/MicaLeds.xml (No such file or directory)
-- XML file not found relative to classpath.
-- /home/travis/build/icyphy/ptII/ptolemy/vergil/basic/export/test/ptolemy/domains/ptinyos/lib/MicaLeds.xml
/home/travis/build/icyphy/ptII/ptolemy/vergil/basic/export/test/ptolemy/domains/ptinyos/lib/MicaLeds.xml (No such file or directory)
 in file:/home/travis/build/icyphy/ptII/ptolemy/actor/ptalon/demo/ptinyos/SendAndReceiveCnt/CntToLedsAndRfm.xml at line 132 and column 63
	at ptolemy.moml.SimpleErrorHandler.handleError(SimpleErrorHandler.java:75)
	at ptolemy.moml.MoMLParser.startElement(MoMLParser.java:3805)
	at com.microstar.xml.XmlParser.parseElement(XmlParser.java:931)
	at com.microstar.xml.XmlParser.parseDocument(XmlParser.java:481)
	at com.microstar.xml.XmlParser.doParse(XmlParser.java:159)
	at com.microstar.xml.XmlParser.parse(XmlParser.java:132)
	at ptolemy.moml.MoMLParser.parse(MoMLParser.java:1660)
	at ptolemy.moml.MoMLParser.parse(MoMLParser.java:1617)
	at ptolemy.moml.MoMLParser.parse(MoMLParser.java:1792)
	at ptolemy.actor.ptalon.PtalonEvaluator.addActor(PtalonEvaluator.java:241)
	... 56 more
Caused by: ptolemy.kernel.util.IllegalActionException: Cannot find class: ptolemy.actor.ptalon.demo.ptinyos.SendAndReceiveCnt.CntToLedsAndRfm. In Ptolemy, classes are typically Java .class files. Entities like actors may instead be defined within a .xml file.  In any case, the class was not found. If the class uses a third party package, then the class would be present only if the third party package was found at compile time.  It may be necessary to upgrade Java or install the third party package, reconfigure and recompile.
Because:
Element <entity name="MicaLeds" class="ptolemy.domains.ptinyos.lib.MicaLeds"> caused an exception to be thrown.
  in .CntToLedsAndRfm
Because:
Cannot find class: ptolemy.domains.ptinyos.lib.MicaLeds. In Ptolemy, classes are typically Java .class files. Entities like actors may instead be defined within a .xml file.  In any case, the class was not found. If the class uses a third party package, then the class would be present only if the third party package was found at compile time.  It may be necessary to upgrade Java or install the third party package, reconfigure and recompile.
Because:
-- /home/travis/build/icyphy/ptII/ptolemy/actor/ptalon/demo/ptinyos/SendAndReceiveCnt/ptolemy/domains/ptinyos/lib/MicaLeds.xml (No such file or directory)
-- XML file not found relative to classpath.
-- /home/travis/build/icyphy/ptII/ptolemy/vergil/basic/export/test/ptolemy/domains/ptinyos/lib/MicaLeds.xml
/home/travis/build/icyphy/ptII/ptolemy/vergil/basic/export/test/ptolemy/domains/ptinyos/lib/MicaLeds.xml (No such file or directory)
 in file:/home/travis/build/icyphy/ptII/ptolemy/actor/ptalon/demo/ptinyos/SendAndReceiveCnt/CntToLedsAndRfm.xml at line 132 and column 63
	at ptolemy.moml.MoMLParser._createEntity(MoMLParser.java:4330)
	at ptolemy.moml.MoMLParser.startElement(MoMLParser.java:2864)
	... 64 more
Caused by: ptolemy.kernel.util.InternalErrorException: Element <entity name="MicaLeds" class="ptolemy.domains.ptinyos.lib.MicaLeds"> caused an exception to be thrown.
  in .CntToLedsAndRfm
Because:
Cannot find class: ptolemy.domains.ptinyos.lib.MicaLeds. In Ptolemy, classes are typically Java .class files. Entities like actors may instead be defined within a .xml file.  In any case, the class was not found. If the class uses a third party package, then the class would be present only if the third party package was found at compile time.  It may be necessary to upgrade Java or install the third party package, reconfigure and recompile.
Because:
-- /home/travis/build/icyphy/ptII/ptolemy/actor/ptalon/demo/ptinyos/SendAndReceiveCnt/ptolemy/domains/ptinyos/lib/MicaLeds.xml (No such file or directory)
-- XML file not found relative to classpath.
-- /home/travis/build/icyphy/ptII/ptolemy/vergil/basic/export/test/ptolemy/domains/ptinyos/lib/MicaLeds.xml
/home/travis/build/icyphy/ptII/ptolemy/vergil/basic/export/test/ptolemy/domains/ptinyos/lib/MicaLeds.xml (No such file or directory)
 in file:/home/travis/build/icyphy/ptII/ptolemy/actor/ptalon/demo/ptinyos/SendAndReceiveCnt/CntToLedsAndRfm.xml at line 132 and column 63
	at ptolemy.moml.SimpleErrorHandler.handleError(SimpleErrorHandler.java:75)
	at ptolemy.moml.MoMLParser.startElement(MoMLParser.java:3805)
	at com.microstar.xml.XmlParser.parseElement(XmlParser.java:921)
	at com.microstar.xml.XmlParser.parseContent(XmlParser.java:1104)
	at com.microstar.xml.XmlParser.parseElement(XmlParser.java:924)
	at com.microstar.xml.XmlParser.parseDocument(XmlParser.java:481)
	at com.microstar.xml.XmlParser.doParse(XmlParser.java:159)
	at com.microstar.xml.XmlParser.parse(XmlParser.java:132)
	at ptolemy.moml.MoMLParser.parse(MoMLParser.java:1676)
	at ptolemy.moml.MoMLParser.parse(MoMLParser.java:1595)
	at ptolemy.moml.MoMLParser.parse(MoMLParser.java:1537)
	at ptolemy.moml.MoMLParser._findOrParse(MoMLParser.java:5286)
	at ptolemy.moml.MoMLParser._attemptToFindMoMLClass(MoMLParser.java:4075)
	at ptolemy.moml.MoMLParser._createEntity(MoMLParser.java:4323)
	... 65 more
Caused by: ptolemy.kernel.util.IllegalActionException: Cannot find class: ptolemy.domains.ptinyos.lib.MicaLeds. In Ptolemy, classes are typically Java .class files. Entities like actors may instead be defined within a .xml file.  In any case, the class was not found. If the class uses a third party package, then the class would be present only if the third party package was found at compile time.  It may be necessary to upgrade Java or install the third party package, reconfigure and recompile.
Because:
-- /home/travis/build/icyphy/ptII/ptolemy/actor/ptalon/demo/ptinyos/SendAndReceiveCnt/ptolemy/domains/ptinyos/lib/MicaLeds.xml (No such file or directory)
-- XML file not found relative to classpath.
-- /home/travis/build/icyphy/ptII/ptolemy/vergil/basic/export/test/ptolemy/domains/ptinyos/lib/MicaLeds.xml
/home/travis/build/icyphy/ptII/ptolemy/vergil/basic/export/test/ptolemy/domains/ptinyos/lib/MicaLeds.xml (No such file or directory)
 in file:/home/travis/build/icyphy/ptII/ptolemy/actor/ptalon/demo/ptinyos/SendAndReceiveCnt/CntToLedsAndRfm.xml at line 132 and column 63
	at ptolemy.moml.MoMLParser._createEntity(MoMLParser.java:4330)
	at ptolemy.moml.MoMLParser.startElement(MoMLParser.java:2864)
	... 77 more
Caused by: com.microstar.xml.XmlException: -- /home/travis/build/icyphy/ptII/ptolemy/actor/ptalon/demo/ptinyos/SendAndReceiveCnt/ptolemy/domains/ptinyos/lib/MicaLeds.xml (No such file or directory)
-- XML file not found relative to classpath.
-- /home/travis/build/icyphy/ptII/ptolemy/vergil/basic/export/test/ptolemy/domains/ptinyos/lib/MicaLeds.xml
/home/travis/build/icyphy/ptII/ptolemy/vergil/basic/export/test/ptolemy/domains/ptinyos/lib/MicaLeds.xml (No such file or directory)
 in file:/home/travis/build/icyphy/ptII/ptolemy/actor/ptalon/demo/ptinyos/SendAndReceiveCnt/CntToLedsAndRfm.xml at line 132 and column 63
	at ptolemy.moml.MoMLParser.fileNameToURL(MoMLParser.java:1414)
	at ptolemy.moml.MoMLParser._findOrParse(MoMLParser.java:5283)
	at ptolemy.moml.MoMLParser._attemptToFindMoMLClass(MoMLParser.java:4075)
	at ptolemy.moml.MoMLParser._createEntity(MoMLParser.java:4323)
	... 78 more
ptolemy.kernel.util.IllegalActionException: Failed to process attribute change to PtalonParameter, whose value is "ptolemy.actor.ptalon.PtalonExpressionParameter {.SendAndReceiveCnt.SendAndReceiveCnt.channelName} "AtomicWirelessChannel"".
  in .SendAndReceiveCnt.SendAndReceiveCnt
Because:
Unable to add actor null
	at ptolemy.actor.ptalon.PtalonActor.attributeChanged(PtalonActor.java:211)
	at ptolemy.actor.ptalon.PtalonMLHandler.startElement(PtalonMLHandler.java:134)
	at com.microstar.xml.XmlParser.parseElement(XmlParser.java:921)
	at com.microstar.xml.XmlParser.parseContent(XmlParser.java:1104)
	at com.microstar.xml.XmlParser.parseElement(XmlParser.java:924)
	at com.microstar.xml.XmlParser.parseDocument(XmlParser.java:481)
	at com.microstar.xml.XmlParser.doParse(XmlParser.java:159)
	at com.microstar.xml.XmlParser.parse(XmlParser.java:132)
	at ptolemy.actor.ptalon.PtalonActor.configure(PtalonActor.java:240)
	at ptolemy.moml.MoMLParser.endElement(MoMLParser.java:996)
	at com.microstar.xml.XmlParser.parseETag(XmlParser.java:1026)
	at com.microstar.xml.XmlParser.parseContent(XmlParser.java:1098)
	at com.microstar.xml.XmlParser.parseElement(XmlParser.java:924)
	at com.microstar.xml.XmlParser.parseContent(XmlParser.java:1104)
	at com.microstar.xml.XmlParser.parseElement(XmlParser.java:924)
	at com.microstar.xml.XmlParser.parseContent(XmlParser.java:1104)
	at com.microstar.xml.XmlParser.parseElement(XmlParser.java:924)
	at com.microstar.xml.XmlParser.parseDocument(XmlParser.java:481)
	at com.microstar.xml.XmlParser.doParse(XmlParser.java:159)
	at com.microstar.xml.XmlParser.parse(XmlParser.java:132)
	at ptolemy.moml.MoMLParser.parse(MoMLParser.java:1676)
	at ptolemy.moml.MoMLParser.parse(MoMLParser.java:1595)
	at ptolemy.moml.MoMLParser.parse(MoMLParser.java:1537)
	at ptolemy.actor.gui.PtolemyEffigy$Factory.createEffigy(PtolemyEffigy.java:424)
	at ptolemy.actor.gui.EffigyFactory.createEffigy(EffigyFactory.java:234)
	at ptolemy.actor.gui.Configuration.openModel(Configuration.java:1125)
	at ptolemy.actor.gui.Configuration.openModel(Configuration.java:1051)
	at ptolemy.actor.gui.ConfigurationApplication._openModel(ConfigurationApplication.java:1252)
	at ptolemy.actor.gui.ConfigurationApplication._parseArg(ConfigurationApplication.java:1399)
	at ptolemy.actor.gui.ConfigurationApplication._parseArgs(ConfigurationApplication.java:1478)
	at ptolemy.actor.gui.ConfigurationApplication.<init>(ConfigurationApplication.java:277)
	at ptolemy.actor.gui.ConfigurationApplication.<init>(ConfigurationApplication.java:214)
	at ptolemy.actor.gui.ConfigurationApplication.<init>(ConfigurationApplication.java:201)
	at ptolemy.actor.gui.ConfigurationApplication.openModelOrEntity(ConfigurationApplication.java:680)
	at ptolemy.vergil.basic.export.ExportModel$1.run(ExportModel.java:220)
	at java.awt.event.InvocationEvent.dispatch(InvocationEvent.java:301)
	at java.awt.EventQueue.dispatchEventImpl(EventQueue.java:756)
	at java.awt.EventQueue.access$500(EventQueue.java:97)
	at java.awt.EventQueue$3.run(EventQueue.java:709)
	at java.awt.EventQueue$3.run(EventQueue.java:703)
	at java.security.AccessController.doPrivileged(Native Method)
	at java.security.ProtectionDomain$JavaSecurityAccessImpl.doIntersectionPrivilege(ProtectionDomain.java:80)
	at java.awt.EventQueue.dispatchEvent(EventQueue.java:726)
	at java.awt.EventDispatchThread.pumpOneEventForFilters(EventDispatchThread.java:201)
	at java.awt.EventDispatchThread.pumpEventsForFilter(EventDispatchThread.java:116)
	at java.awt.EventDispatchThread.pumpEventsForHierarchy(EventDispatchThread.java:105)
	at java.awt.EventDispatchThread.pumpEvents(EventDispatchThread.java:101)
	at java.awt.EventDispatchThread.pumpEvents(EventDispatchThread.java:93)
	at java.awt.EventDispatchThread.run(EventDispatchThread.java:82)
Caused by: ptolemy.actor.ptalon.PtalonRuntimeException: Unable to add actor null
	at ptolemy.actor.ptalon.PtalonEvaluator.addActor(PtalonEvaluator.java:300)
	at ptolemy.actor.ptalon.PtalonPopulator.actor_declaration(PtalonPopulator.java:1574)
	at ptolemy.actor.ptalon.PtalonPopulator.atomic_statement(PtalonPopulator.java:1638)
	at ptolemy.actor.ptalon.PtalonPopulator.iterative_statement_evaluator(PtalonPopulator.java:2484)
	at ptolemy.actor.ptalon.AbstractPtalonEvaluator$IfTree.evaluateForScope(AbstractPtalonEvaluator.java:1307)
	at ptolemy.actor.ptalon.AbstractPtalonEvaluator.evaluateForScope(AbstractPtalonEvaluator.java:744)
	at ptolemy.actor.ptalon.PtalonPopulator.iterative_statement(PtalonPopulator.java:2363)
	at ptolemy.actor.ptalon.PtalonPopulator.actor_definition(PtalonPopulator.java:2809)
	at ptolemy.actor.ptalon.PtalonActor.attributeChanged(PtalonActor.java:206)
	... 48 more
Caused by: ptolemy.kernel.util.InternalErrorException: Element <entity name="sender1" class="ptolemy.actor.ptalon.demo.ptinyos.SendAndReceiveCnt.CntToLedsAndRfm"> caused an exception to be thrown.
  in .SendAndReceiveCnt.SendAndReceiveCnt
Because:
Cannot find class: ptolemy.actor.ptalon.demo.ptinyos.SendAndReceiveCnt.CntToLedsAndRfm. In Ptolemy, classes are typically Java .class files. Entities like actors may instead be defined within a .xml file.  In any case, the class was not found. If the class uses a third party package, then the class would be present only if the third party package was found at compile time.  It may be necessary to upgrade Java or install the third party package, reconfigure and recompile.
Because:
Element <entity name="MicaLeds" class="ptolemy.domains.ptinyos.lib.MicaLeds"> caused an exception to be thrown.
  in .CntToLedsAndRfm
Because:
Cannot find class: ptolemy.domains.ptinyos.lib.MicaLeds. In Ptolemy, classes are typically Java .class files. Entities like actors may instead be defined within a .xml file.  In any case, the class was not found. If the class uses a third party package, then the class would be present only if the third party package was found at compile time.  It may be necessary to upgrade Java or install the third party package, reconfigure and recompile.
Because:
-- /home/travis/build/icyphy/ptII/ptolemy/actor/ptalon/demo/ptinyos/SendAndReceiveCnt/ptolemy/domains/ptinyos/lib/MicaLeds.xml (No such file or directory)
-- XML file not found relative to classpath.
-- /home/travis/build/icyphy/ptII/ptolemy/vergil/basic/export/test/ptolemy/domains/ptinyos/lib/MicaLeds.xml
/home/travis/build/icyphy/ptII/ptolemy/vergil/basic/export/test/ptolemy/domains/ptinyos/lib/MicaLeds.xml (No such file or directory)
 in file:/home/travis/build/icyphy/ptII/ptolemy/actor/ptalon/demo/ptinyos/SendAndReceiveCnt/CntToLedsAndRfm.xml at line 132 and column 63
	at ptolemy.moml.SimpleErrorHandler.handleError(SimpleErrorHandler.java:75)
	at ptolemy.moml.MoMLParser.startElement(MoMLParser.java:3805)
	at com.microstar.xml.XmlParser.parseElement(XmlParser.java:931)
	at com.microstar.xml.XmlParser.parseDocument(XmlParser.java:481)
	at com.microstar.xml.XmlParser.doParse(XmlParser.java:159)
	at com.microstar.xml.XmlParser.parse(XmlParser.java:132)
	at ptolemy.moml.MoMLParser.parse(MoMLParser.java:1660)
	at ptolemy.moml.MoMLParser.parse(MoMLParser.java:1617)
	at ptolemy.moml.MoMLParser.parse(MoMLParser.java:1792)
	at ptolemy.actor.ptalon.PtalonEvaluator.addActor(PtalonEvaluator.java:241)
	... 56 more
Caused by: ptolemy.kernel.util.IllegalActionException: Cannot find class: ptolemy.actor.ptalon.demo.ptinyos.SendAndReceiveCnt.CntToLedsAndRfm. In Ptolemy, classes are typically Java .class files. Entities like actors may instead be defined within a .xml file.  In any case, the class was not found. If the class uses a third party package, then the class would be present only if the third party package was found at compile time.  It may be necessary to upgrade Java or install the third party package, reconfigure and recompile.
Because:
Element <entity name="MicaLeds" class="ptolemy.domains.ptinyos.lib.MicaLeds"> caused an exception to be thrown.
  in .CntToLedsAndRfm
Because:
Cannot find class: ptolemy.domains.ptinyos.lib.MicaLeds. In Ptolemy, classes are typically Java .class files. Entities like actors may instead be defined within a .xml file.  In any case, the class was not found. If the class uses a third party package, then the class would be present only if the third party package was found at compile time.  It may be necessary to upgrade Java or install the third party package, reconfigure and recompile.
Because:
-- /home/travis/build/icyphy/ptII/ptolemy/actor/ptalon/demo/ptinyos/SendAndReceiveCnt/ptolemy/domains/ptinyos/lib/MicaLeds.xml (No such file or directory)
-- XML file not found relative to classpath.
-- /home/travis/build/icyphy/ptII/ptolemy/vergil/basic/export/test/ptolemy/domains/ptinyos/lib/MicaLeds.xml
/home/travis/build/icyphy/ptII/ptolemy/vergil/basic/export/test/ptolemy/domains/ptinyos/lib/MicaLeds.xml (No such file or directory)
 in file:/home/travis/build/icyphy/ptII/ptolemy/actor/ptalon/demo/ptinyos/SendAndReceiveCnt/CntToLedsAndRfm.xml at line 132 and column 63
	at ptolemy.moml.MoMLParser._createEntity(MoMLParser.java:4330)
	at ptolemy.moml.MoMLParser.startElement(MoMLParser.java:2864)
	... 64 more
Caused by: ptolemy.kernel.util.InternalErrorException: Element <entity name="MicaLeds" class="ptolemy.domains.ptinyos.lib.MicaLeds"> caused an exception to be thrown.
  in .CntToLedsAndRfm
Because:
Cannot find class: ptolemy.domains.ptinyos.lib.MicaLeds. In Ptolemy, classes are typically Java .class files. Entities like actors may instead be defined within a .xml file.  In any case, the class was not found. If the class uses a third party package, then the class would be present only if the third party package was found at compile time.  It may be necessary to upgrade Java or install the third party package, reconfigure and recompile.
Because:
-- /home/travis/build/icyphy/ptII/ptolemy/actor/ptalon/demo/ptinyos/SendAndReceiveCnt/ptolemy/domains/ptinyos/lib/MicaLeds.xml (No such file or directory)
-- XML file not found relative to classpath.
-- /home/travis/build/icyphy/ptII/ptolemy/vergil/basic/export/test/ptolemy/domains/ptinyos/lib/MicaLeds.xml
/home/travis/build/icyphy/ptII/ptolemy/vergil/basic/export/test/ptolemy/domains/ptinyos/lib/MicaLeds.xml (No such file or directory)
 in file:/home/travis/build/icyphy/ptII/ptolemy/actor/ptalon/demo/ptinyos/SendAndReceiveCnt/CntToLedsAndRfm.xml at line 132 and column 63
	at ptolemy.moml.SimpleErrorHandler.handleError(SimpleErrorHandler.java:75)
	at ptolemy.moml.MoMLParser.startElement(MoMLParser.java:3805)
	at com.microstar.xml.XmlParser.parseElement(XmlParser.java:921)
	at com.microstar.xml.XmlParser.parseContent(XmlParser.java:1104)
	at com.microstar.xml.XmlParser.parseElement(XmlParser.java:924)
	at com.microstar.xml.XmlParser.parseDocument(XmlParser.java:481)
	at com.microstar.xml.XmlParser.doParse(XmlParser.java:159)
	at com.microstar.xml.XmlParser.parse(XmlParser.java:132)
	at ptolemy.moml.MoMLParser.parse(MoMLParser.java:1676)
	at ptolemy.moml.MoMLParser.parse(MoMLParser.java:1595)
	at ptolemy.moml.MoMLParser.parse(MoMLParser.java:1537)
	at ptolemy.moml.MoMLParser._findOrParse(MoMLParser.java:5286)
	at ptolemy.moml.MoMLParser._attemptToFindMoMLClass(MoMLParser.java:4075)
	at ptolemy.moml.MoMLParser._createEntity(MoMLParser.java:4323)
	... 65 more
Caused by: ptolemy.kernel.util.IllegalActionException: Cannot find class: ptolemy.domains.ptinyos.lib.MicaLeds. In Ptolemy, classes are typically Java .class files. Entities like actors may instead be defined within a .xml file.  In any case, the class was not found. If the class uses a third party package, then the class would be present only if the third party package was found at compile time.  It may be necessary to upgrade Java or install the third party package, reconfigure and recompile.
Because:
-- /home/travis/build/icyphy/ptII/ptolemy/actor/ptalon/demo/ptinyos/SendAndReceiveCnt/ptolemy/domains/ptinyos/lib/MicaLeds.xml (No such file or directory)
-- XML file not found relative to classpath.
-- /home/travis/build/icyphy/ptII/ptolemy/vergil/basic/export/test/ptolemy/domains/ptinyos/lib/MicaLeds.xml
/home/travis/build/icyphy/ptII/ptolemy/vergil/basic/export/test/ptolemy/domains/ptinyos/lib/MicaLeds.xml (No such file or directory)
 in file:/home/travis/build/icyphy/ptII/ptolemy/actor/ptalon/demo/ptinyos/SendAndReceiveCnt/CntToLedsAndRfm.xml at line 132 and column 63
	at ptolemy.moml.MoMLParser._createEntity(MoMLParser.java:4330)
	at ptolemy.moml.MoMLParser.startElement(MoMLParser.java:2864)
	... 77 more
Caused by: com.microstar.xml.XmlException: -- /home/travis/build/icyphy/ptII/ptolemy/actor/ptalon/demo/ptinyos/SendAndReceiveCnt/ptolemy/domains/ptinyos/lib/MicaLeds.xml (No such file or directory)
-- XML file not found relative to classpath.
-- /home/travis/build/icyphy/ptII/ptolemy/vergil/basic/export/test/ptolemy/domains/ptinyos/lib/MicaLeds.xml
/home/travis/build/icyphy/ptII/ptolemy/vergil/basic/export/test/ptolemy/domains/ptinyos/lib/MicaLeds.xml (No such file or directory)
 in file:/home/travis/build/icyphy/ptII/ptolemy/actor/ptalon/demo/ptinyos/SendAndReceiveCnt/CntToLedsAndRfm.xml at line 132 and column 63
	at ptolemy.moml.MoMLParser.fileNameToURL(MoMLParser.java:1414)
	at ptolemy.moml.MoMLParser._findOrParse(MoMLParser.java:5283)
	at ptolemy.moml.MoMLParser._attemptToFindMoMLClass(MoMLParser.java:4075)
	at ptolemy.moml.MoMLParser._createEntity(MoMLParser.java:4323)
	... 78 more
Caused by: ptolemy.actor.ptalon.PtalonRuntimeException: Unable to add actor null
	at ptolemy.actor.ptalon.PtalonEvaluator.addActor(PtalonEvaluator.java:300)
	at ptolemy.actor.ptalon.PtalonPopulator.actor_declaration(PtalonPopulator.java:1574)
	at ptolemy.actor.ptalon.PtalonPopulator.atomic_statement(PtalonPopulator.java:1638)
	at ptolemy.actor.ptalon.PtalonPopulator.iterative_statement_evaluator(PtalonPopulator.java:2484)
	at ptolemy.actor.ptalon.AbstractPtalonEvaluator$IfTree.evaluateForScope(AbstractPtalonEvaluator.java:1307)
	at ptolemy.actor.ptalon.AbstractPtalonEvaluator.evaluateForScope(AbstractPtalonEvaluator.java:744)
	at ptolemy.actor.ptalon.PtalonPopulator.iterative_statement(PtalonPopulator.java:2363)
	at ptolemy.actor.ptalon.PtalonPopulator.actor_definition(PtalonPopulator.java:2809)
	at ptolemy.actor.ptalon.PtalonActor.attributeChanged(PtalonActor.java:206)
	at ptolemy.actor.ptalon.PtalonMLHandler.startElement(PtalonMLHandler.java:134)
	at com.microstar.xml.XmlParser.parseElement(XmlParser.java:921)
	at com.microstar.xml.XmlParser.parseContent(XmlParser.java:1104)
	at com.microstar.xml.XmlParser.parseElement(XmlParser.java:924)
	at com.microstar.xml.XmlParser.parseDocument(XmlParser.java:481)
	at com.microstar.xml.XmlParser.doParse(XmlParser.java:159)
	at com.microstar.xml.XmlParser.parse(XmlParser.java:132)
	at ptolemy.actor.ptalon.PtalonActor.configure(PtalonActor.java:240)
	at ptolemy.moml.MoMLParser.endElement(MoMLParser.java:996)
	at com.microstar.xml.XmlParser.parseETag(XmlParser.java:1026)
	at com.microstar.xml.XmlParser.parseContent(XmlParser.java:1098)
	at com.microstar.xml.XmlParser.parseElement(XmlParser.java:924)
	at com.microstar.xml.XmlParser.parseContent(XmlParser.java:1104)
	at com.microstar.xml.XmlParser.parseElement(XmlParser.java:924)
	at com.microstar.xml.XmlParser.parseContent(XmlParser.java:1104)
	at com.microstar.xml.XmlParser.parseElement(XmlParser.java:924)
	at com.microstar.xml.XmlParser.parseDocument(XmlParser.java:481)
	at com.microstar.xml.XmlParser.doParse(XmlParser.java:159)
	at com.microstar.xml.XmlParser.parse(XmlParser.java:132)
	at ptolemy.moml.MoMLParser.parse(MoMLParser.java:1676)
	at ptolemy.moml.MoMLParser.parse(MoMLParser.java:1595)
	at ptolemy.moml.MoMLParser.parse(MoMLParser.java:1537)
	at ptolemy.actor.gui.PtolemyEffigy$Factory.createEffigy(PtolemyEffigy.java:424)
	at ptolemy.actor.gui.EffigyFactory.createEffigy(EffigyFactory.java:234)
	at ptolemy.actor.gui.Configuration.openModel(Configuration.java:1125)
	at ptolemy.actor.gui.Configuration.openModel(Configuration.java:1051)
	at ptolemy.actor.gui.ConfigurationApplication._openModel(ConfigurationApplication.java:1252)
	at ptolemy.actor.gui.ConfigurationApplication._parseArg(ConfigurationApplication.java:1399)
	at ptolemy.actor.gui.ConfigurationApplication._parseArgs(ConfigurationApplication.java:1478)
	at ptolemy.actor.gui.ConfigurationApplication.<init>(ConfigurationApplication.java:277)
	at ptolemy.actor.gui.ConfigurationApplication.<init>(ConfigurationApplication.java:214)
	at ptolemy.actor.gui.ConfigurationApplication.<init>(ConfigurationApplication.java:201)
	at ptolemy.actor.gui.ConfigurationApplication.openModelOrEntity(ConfigurationApplication.java:680)
	at ptolemy.vergil.basic.export.ExportModel$1.run(ExportModel.java:220)
	at java.awt.event.InvocationEvent.dispatch(InvocationEvent.java:301)
	at java.awt.EventQueue.dispatchEventImpl(EventQueue.java:756)
	at java.awt.EventQueue.access$500(EventQueue.java:97)
	at java.awt.EventQueue$3.run(EventQueue.java:709)
	at java.awt.EventQueue$3.run(EventQueue.java:703)
	at java.security.AccessController.doPrivileged(Native Method)
	at java.security.ProtectionDomain$JavaSecurityAccessImpl.doIntersectionPrivilege(ProtectionDomain.java:80)
	at java.awt.EventQueue.dispatchEvent(EventQueue.java:726)
	at java.awt.EventDispatchThread.pumpOneEventForFilters(EventDispatchThread.java:201)
	at java.awt.EventDispatchThread.pumpEventsForFilter(EventDispatchThread.java:116)
	at java.awt.EventDispatchThread.pumpEventsForHierarchy(EventDispatchThread.java:105)
	at java.awt.EventDispatchThread.pumpEvents(EventDispatchThread.java:101)
	at java.awt.EventDispatchThread.pumpEvents(EventDispatchThread.java:93)
	at java.awt.EventDispatchThread.run(EventDispatchThread.java:82)
Caused by: ptolemy.kernel.util.InternalErrorException: Element <entity name="sender1" class="ptolemy.actor.ptalon.demo.ptinyos.SendAndReceiveCnt.CntToLedsAndRfm"> caused an exception to be thrown.
  in .SendAndReceiveCnt.SendAndReceiveCnt
Because:
Cannot find class: ptolemy.actor.ptalon.demo.ptinyos.SendAndReceiveCnt.CntToLedsAndRfm. In Ptolemy, classes are typically Java .class files. Entities like actors may instead be defined within a .xml file.  In any case, the class was not found. If the class uses a third party package, then the class would be present only if the third party package was found at compile time.  It may be necessary to upgrade Java or install the third party package, reconfigure and recompile.
Because:
Element <entity name="MicaLeds" class="ptolemy.domains.ptinyos.lib.MicaLeds"> caused an exception to be thrown.
  in .CntToLedsAndRfm
Because:
Cannot find class: ptolemy.domains.ptinyos.lib.MicaLeds. In Ptolemy, classes are typically Java .class files. Entities like actors may instead be defined within a .xml file.  In any case, the class was not found. If the class uses a third party package, then the class would be present only if the third party package was found at compile time.  It may be necessary to upgrade Java or install the third party package, reconfigure and recompile.
Because:
-- /home/travis/build/icyphy/ptII/ptolemy/actor/ptalon/demo/ptinyos/SendAndReceiveCnt/ptolemy/domains/ptinyos/lib/MicaLeds.xml (No such file or directory)
-- XML file not found relative to classpath.
-- /home/travis/build/icyphy/ptII/ptolemy/vergil/basic/export/test/ptolemy/domains/ptinyos/lib/MicaLeds.xml
/home/travis/build/icyphy/ptII/ptolemy/vergil/basic/export/test/ptolemy/domains/ptinyos/lib/MicaLeds.xml (No such file or directory)
 in file:/home/travis/build/icyphy/ptII/ptolemy/actor/ptalon/demo/ptinyos/SendAndReceiveCnt/CntToLedsAndRfm.xml at line 132 and column 63
	at ptolemy.moml.SimpleErrorHandler.handleError(SimpleErrorHandler.java:75)
	at ptolemy.moml.MoMLParser.startElement(MoMLParser.java:3805)
	at com.microstar.xml.XmlParser.parseElement(XmlParser.java:931)
	at com.microstar.xml.XmlParser.parseDocument(XmlParser.java:481)
	at com.microstar.xml.XmlParser.doParse(XmlParser.java:159)
	at com.microstar.xml.XmlParser.parse(XmlParser.java:132)
	at ptolemy.moml.MoMLParser.parse(MoMLParser.java:1660)
	at ptolemy.moml.MoMLParser.parse(MoMLParser.java:1617)
	at ptolemy.moml.MoMLParser.parse(MoMLParser.java:1792)
	at ptolemy.actor.ptalon.PtalonEvaluator.addActor(PtalonEvaluator.java:241)
	... 56 more
Caused by: ptolemy.kernel.util.IllegalActionException: Cannot find class: ptolemy.actor.ptalon.demo.ptinyos.SendAndReceiveCnt.CntToLedsAndRfm. In Ptolemy, classes are typically Java .class files. Entities like actors may instead be defined within a .xml file.  In any case, the class was not found. If the class uses a third party package, then the class would be present only if the third party package was found at compile time.  It may be necessary to upgrade Java or install the third party package, reconfigure and recompile.
Because:
Element <entity name="MicaLeds" class="ptolemy.domains.ptinyos.lib.MicaLeds"> caused an exception to be thrown.
  in .CntToLedsAndRfm
Because:
Cannot find class: ptolemy.domains.ptinyos.lib.MicaLeds. In Ptolemy, classes are typically Java .class files. Entities like actors may instead be defined within a .xml file.  In any case, the class was not found. If the class uses a third party package, then the class would be present only if the third party package was found at compile time.  It may be necessary to upgrade Java or install the third party package, reconfigure and recompile.
Because:
-- /home/travis/build/icyphy/ptII/ptolemy/actor/ptalon/demo/ptinyos/SendAndReceiveCnt/ptolemy/domains/ptinyos/lib/MicaLeds.xml (No such file or directory)
-- XML file not found relative to classpath.
-- /home/travis/build/icyphy/ptII/ptolemy/vergil/basic/export/test/ptolemy/domains/ptinyos/lib/MicaLeds.xml
/home/travis/build/icyphy/ptII/ptolemy/vergil/basic/export/test/ptolemy/domains/ptinyos/lib/MicaLeds.xml (No such file or directory)
 in file:/home/travis/build/icyphy/ptII/ptolemy/actor/ptalon/demo/ptinyos/SendAndReceiveCnt/CntToLedsAndRfm.xml at line 132 and column 63
	at ptolemy.moml.MoMLParser._createEntity(MoMLParser.java:4330)
	at ptolemy.moml.MoMLParser.startElement(MoMLParser.java:2864)
	... 64 more
Caused by: ptolemy.kernel.util.InternalErrorException: Element <entity name="MicaLeds" class="ptolemy.domains.ptinyos.lib.MicaLeds"> caused an exception to be thrown.
  in .CntToLedsAndRfm
Because:
Cannot find class: ptolemy.domains.ptinyos.lib.MicaLeds. In Ptolemy, classes are typically Java .class files. Entities like actors may instead be defined within a .xml file.  In any case, the class was not found. If the class uses a third party package, then the class would be present only if the third party package was found at compile time.  It may be necessary to upgrade Java or install the third party package, reconfigure and recompile.
Because:
-- /home/travis/build/icyphy/ptII/ptolemy/actor/ptalon/demo/ptinyos/SendAndReceiveCnt/ptolemy/domains/ptinyos/lib/MicaLeds.xml (No such file or directory)
-- XML file not found relative to classpath.
-- /home/travis/build/icyphy/ptII/ptolemy/vergil/basic/export/test/ptolemy/domains/ptinyos/lib/MicaLeds.xml
/home/travis/build/icyphy/ptII/ptolemy/vergil/basic/export/test/ptolemy/domains/ptinyos/lib/MicaLeds.xml (No such file or directory)
 in file:/home/travis/build/icyphy/ptII/ptolemy/actor/ptalon/demo/ptinyos/SendAndReceiveCnt/CntToLedsAndRfm.xml at line 132 and column 63
	at ptolemy.moml.SimpleErrorHandler.handleError(SimpleErrorHandler.java:75)
	at ptolemy.moml.MoMLParser.startElement(MoMLParser.java:3805)
	at com.microstar.xml.XmlParser.parseElement(XmlParser.java:921)
	at com.microstar.xml.XmlParser.parseContent(XmlParser.java:1104)
	at com.microstar.xml.XmlParser.parseElement(XmlParser.java:924)
	at com.microstar.xml.XmlParser.parseDocument(XmlParser.java:481)
	at com.microstar.xml.XmlParser.doParse(XmlParser.java:159)
	at com.microstar.xml.XmlParser.parse(XmlParser.java:132)
	at ptolemy.moml.MoMLParser.parse(MoMLParser.java:1676)
	at ptolemy.moml.MoMLParser.parse(MoMLParser.java:1595)
	at ptolemy.moml.MoMLParser.parse(MoMLParser.java:1537)
	at ptolemy.moml.MoMLParser._findOrParse(MoMLParser.java:5286)
	at ptolemy.moml.MoMLParser._attemptToFindMoMLClass(MoMLParser.java:4075)
	at ptolemy.moml.MoMLParser._createEntity(MoMLParser.java:4323)
	... 65 more
Caused by: ptolemy.kernel.util.IllegalActionException: Cannot find class: ptolemy.domains.ptinyos.lib.MicaLeds. In Ptolemy, classes are typically Java .class files. Entities like actors may instead be defined within a .xml file.  In any case, the class was not found. If the class uses a third party package, then the class would be present only if the third party package was found at compile time.  It may be necessary to upgrade Java or install the third party package, reconfigure and recompile.
Because:
-- /home/travis/build/icyphy/ptII/ptolemy/actor/ptalon/demo/ptinyos/SendAndReceiveCnt/ptolemy/domains/ptinyos/lib/MicaLeds.xml (No such file or directory)
-- XML file not found relative to classpath.
-- /home/travis/build/icyphy/ptII/ptolemy/vergil/basic/export/test/ptolemy/domains/ptinyos/lib/MicaLeds.xml
/home/travis/build/icyphy/ptII/ptolemy/vergil/basic/export/test/ptolemy/domains/ptinyos/lib/MicaLeds.xml (No such file or directory)
 in file:/home/travis/build/icyphy/ptII/ptolemy/actor/ptalon/demo/ptinyos/SendAndReceiveCnt/CntToLedsAndRfm.xml at line 132 and column 63
	at ptolemy.moml.MoMLParser._createEntity(MoMLParser.java:4330)
	at ptolemy.moml.MoMLParser.startElement(MoMLParser.java:2864)
	... 77 more
Caused by: com.microstar.xml.XmlException: -- /home/travis/build/icyphy/ptII/ptolemy/actor/ptalon/demo/ptinyos/SendAndReceiveCnt/ptolemy/domains/ptinyos/lib/MicaLeds.xml (No such file or directory)
-- XML file not found relative to classpath.
-- /home/travis/build/icyphy/ptII/ptolemy/vergil/basic/export/test/ptolemy/domains/ptinyos/lib/MicaLeds.xml
/home/travis/build/icyphy/ptII/ptolemy/vergil/basic/export/test/ptolemy/domains/ptinyos/lib/MicaLeds.xml (No such file or directory)
 in file:/home/travis/build/icyphy/ptII/ptolemy/actor/ptalon/demo/ptinyos/SendAndReceiveCnt/CntToLedsAndRfm.xml at line 132 and column 63
	at ptolemy.moml.MoMLParser.fileNameToURL(MoMLParser.java:1414)
	at ptolemy.moml.MoMLParser._findOrParse(MoMLParser.java:5283)
	at ptolemy.moml.MoMLParser._attemptToFindMoMLClass(MoMLParser.java:4075)
	at ptolemy.moml.MoMLParser._createEntity(MoMLParser.java:4323)
	... 78 more
Failed to read file:/home/travis/build/icyphy/ptII/ptolemy/actor/ptalon/demo/ptinyos/SendAndReceiveCnt/SendAndReceiveCnt.xml
ptolemy.kernel.util.IllegalActionException: Failed to process attribute change to PtalonParameter, whose value is "ptolemy.actor.ptalon.PtalonExpressionParameter {.SendAndReceiveCnt.SendAndReceiveCnt.channelName} "AtomicWirelessChannel"".
  in .SendAndReceiveCnt.SendAndReceiveCnt
Because:
Unable to add actor null
	at ptolemy.actor.ptalon.PtalonActor.attributeChanged(PtalonActor.java:211)
	at ptolemy.actor.ptalon.PtalonMLHandler.startElement(PtalonMLHandler.java:134)
	at com.microstar.xml.XmlParser.parseElement(XmlParser.java:921)
	at com.microstar.xml.XmlParser.parseContent(XmlParser.java:1104)
	at com.microstar.xml.XmlParser.parseElement(XmlParser.java:924)
	at com.microstar.xml.XmlParser.parseDocument(XmlParser.java:481)
	at com.microstar.xml.XmlParser.doParse(XmlParser.java:159)
	at com.microstar.xml.XmlParser.parse(XmlParser.java:132)
	at ptolemy.actor.ptalon.PtalonActor.configure(PtalonActor.java:240)
	at ptolemy.moml.MoMLParser.endElement(MoMLParser.java:996)
	at com.microstar.xml.XmlParser.parseETag(XmlParser.java:1026)
	at com.microstar.xml.XmlParser.parseContent(XmlParser.java:1098)
	at com.microstar.xml.XmlParser.parseElement(XmlParser.java:924)
	at com.microstar.xml.XmlParser.parseContent(XmlParser.java:1104)
	at com.microstar.xml.XmlParser.parseElement(XmlParser.java:924)
	at com.microstar.xml.XmlParser.parseContent(XmlParser.java:1104)
	at com.microstar.xml.XmlParser.parseElement(XmlParser.java:924)
	at com.microstar.xml.XmlParser.parseDocument(XmlParser.java:481)
	at com.microstar.xml.XmlParser.doParse(XmlParser.java:159)
	at com.microstar.xml.XmlParser.parse(XmlParser.java:132)
	at ptolemy.moml.MoMLParser.parse(MoMLParser.java:1676)
	at ptolemy.moml.MoMLParser.parse(MoMLParser.java:1595)
	at ptolemy.moml.MoMLParser.parse(MoMLParser.java:1537)
	at ptolemy.actor.gui.PtolemyEffigy$Factory.createEffigy(PtolemyEffigy.java:424)
	at ptolemy.actor.gui.EffigyFactory.createEffigy(EffigyFactory.java:234)
	at ptolemy.actor.gui.Configuration.openModel(Configuration.java:1125)
	at ptolemy.actor.gui.Configuration.openModel(Configuration.java:1051)
	at ptolemy.actor.gui.ConfigurationApplication._openModel(ConfigurationApplication.java:1252)
	at ptolemy.actor.gui.ConfigurationApplication._parseArg(ConfigurationApplication.java:1399)
	at ptolemy.actor.gui.ConfigurationApplication._parseArgs(ConfigurationApplication.java:1478)
	at ptolemy.actor.gui.ConfigurationApplication.<init>(ConfigurationApplication.java:277)
	at ptolemy.actor.gui.ConfigurationApplication.<init>(ConfigurationApplication.java:214)
	at ptolemy.actor.gui.ConfigurationApplication.<init>(ConfigurationApplication.java:201)
	at ptolemy.actor.gui.ConfigurationApplication.openModelOrEntity(ConfigurationApplication.java:680)
	at ptolemy.vergil.basic.export.ExportModel$1.run(ExportModel.java:220)
	at java.awt.event.InvocationEvent.dispatch(InvocationEvent.java:301)
	at java.awt.EventQueue.dispatchEventImpl(EventQueue.java:756)
	at java.awt.EventQueue.access$500(EventQueue.java:97)
	at java.awt.EventQueue$3.run(EventQueue.java:709)
	at java.awt.EventQueue$3.run(EventQueue.java:703)
	at java.security.AccessController.doPrivileged(Native Method)
	at java.security.ProtectionDomain$JavaSecurityAccessImpl.doIntersectionPrivilege(ProtectionDomain.java:80)
	at java.awt.EventQueue.dispatchEvent(EventQueue.java:726)
	at java.awt.EventDispatchThread.pumpOneEventForFilters(EventDispatchThread.java:201)
	at java.awt.EventDispatchThread.pumpEventsForFilter(EventDispatchThread.java:116)
	at java.awt.EventDispatchThread.pumpEventsForHierarchy(EventDispatchThread.java:105)
	at java.awt.EventDispatchThread.pumpEvents(EventDispatchThread.java:101)
	at java.awt.EventDispatchThread.pumpEvents(EventDispatchThread.java:93)
	at java.awt.EventDispatchThread.run(EventDispatchThread.java:82)
Caused by: ptolemy.actor.ptalon.PtalonRuntimeException: Unable to add actor null
	at ptolemy.actor.ptalon.PtalonEvaluator.addActor(PtalonEvaluator.java:300)
	at ptolemy.actor.ptalon.PtalonPopulator.actor_declaration(PtalonPopulator.java:1574)
	at ptolemy.actor.ptalon.PtalonPopulator.atomic_statement(PtalonPopulator.java:1638)
	at ptolemy.actor.ptalon.PtalonPopulator.iterative_statement_evaluator(PtalonPopulator.java:2484)
	at ptolemy.actor.ptalon.AbstractPtalonEvaluator$IfTree.evaluateForScope(AbstractPtalonEvaluator.java:1307)
	at ptolemy.actor.ptalon.AbstractPtalonEvaluator.evaluateForScope(AbstractPtalonEvaluator.java:744)
	at ptolemy.actor.ptalon.PtalonPopulator.iterative_statement(PtalonPopulator.java:2363)
	at ptolemy.actor.ptalon.PtalonPopulator.actor_definition(PtalonPopulator.java:2809)
	at ptolemy.actor.ptalon.PtalonActor.attributeChanged(PtalonActor.java:206)
	... 48 more
Caused by: ptolemy.kernel.util.InternalErrorException: Element <entity name="sender1" class="ptolemy.actor.ptalon.demo.ptinyos.SendAndReceiveCnt.CntToLedsAndRfm"> caused an exception to be thrown.
  in .SendAndReceiveCnt.SendAndReceiveCnt
Because:
Cannot find class: ptolemy.actor.ptalon.demo.ptinyos.SendAndReceiveCnt.CntToLedsAndRfm. In Ptolemy, classes are typically Java .class files. Entities like actors may instead be defined within a .xml file.  In any case, the class was not found. If the class uses a third party package, then the class would be present only if the third party package was found at compile time.  It may be necessary to upgrade Java or install the third party package, reconfigure and recompile.
Because:
Element <entity name="MicaLeds" class="ptolemy.domains.ptinyos.lib.MicaLeds"> caused an exception to be thrown.
  in .CntToLedsAndRfm
Because:
Cannot find class: ptolemy.domains.ptinyos.lib.MicaLeds. In Ptolemy, classes are typically Java .class files. Entities like actors may instead be defined within a .xml file.  In any case, the class was not found. If the class uses a third party package, then the class would be present only if the third party package was found at compile time.  It may be necessary to upgrade Java or install the third party package, reconfigure and recompile.
Because:
-- /home/travis/build/icyphy/ptII/ptolemy/actor/ptalon/demo/ptinyos/SendAndReceiveCnt/ptolemy/domains/ptinyos/lib/MicaLeds.xml (No such file or directory)
-- XML file not found relative to classpath.
-- /home/travis/build/icyphy/ptII/ptolemy/vergil/basic/export/test/ptolemy/domains/ptinyos/lib/MicaLeds.xml
/home/travis/build/icyphy/ptII/ptolemy/vergil/basic/export/test/ptolemy/domains/ptinyos/lib/MicaLeds.xml (No such file or directory)
 in file:/home/travis/build/icyphy/ptII/ptolemy/actor/ptalon/demo/ptinyos/SendAndReceiveCnt/CntToLedsAndRfm.xml at line 132 and column 63
	at ptolemy.moml.SimpleErrorHandler.handleError(SimpleErrorHandler.java:75)
	at ptolemy.moml.MoMLParser.startElement(MoMLParser.java:3805)
	at com.microstar.xml.XmlParser.parseElement(XmlParser.java:931)
	at com.microstar.xml.XmlParser.parseDocument(XmlParser.java:481)
	at com.microstar.xml.XmlParser.doParse(XmlParser.java:159)
	at com.microstar.xml.XmlParser.parse(XmlParser.java:132)
	at ptolemy.moml.MoMLParser.parse(MoMLParser.java:1660)
	at ptolemy.moml.MoMLParser.parse(MoMLParser.java:1617)
	at ptolemy.moml.MoMLParser.parse(MoMLParser.java:1792)
	at ptolemy.actor.ptalon.PtalonEvaluator.addActor(PtalonEvaluator.java:241)
	... 56 more
Caused by: ptolemy.kernel.util.IllegalActionException: Cannot find class: ptolemy.actor.ptalon.demo.ptinyos.SendAndReceiveCnt.CntToLedsAndRfm. In Ptolemy, classes are typically Java .class files. Entities like actors may instead be defined within a .xml file.  In any case, the class was not found. If the class uses a third party package, then the class would be present only if the third party package was found at compile time.  It may be necessary to upgrade Java or install the third party package, reconfigure and recompile.
Because:
Element <entity name="MicaLeds" class="ptolemy.domains.ptinyos.lib.MicaLeds"> caused an exception to be thrown.
  in .CntToLedsAndRfm
Because:
Cannot find class: ptolemy.domains.ptinyos.lib.MicaLeds. In Ptolemy, classes are typically Java .class files. Entities like actors may instead be defined within a .xml file.  In any case, the class was not found. If the class uses a third party package, then the class would be present only if the third party package was found at compile time.  It may be necessary to upgrade Java or install the third party package, reconfigure and recompile.
Because:
-- /home/travis/build/icyphy/ptII/ptolemy/actor/ptalon/demo/ptinyos/SendAndReceiveCnt/ptolemy/domains/ptinyos/lib/MicaLeds.xml (No such file or directory)
-- XML file not found relative to classpath.
-- /home/travis/build/icyphy/ptII/ptolemy/vergil/basic/export/test/ptolemy/domains/ptinyos/lib/MicaLeds.xml
/home/travis/build/icyphy/ptII/ptolemy/vergil/basic/export/test/ptolemy/domains/ptinyos/lib/MicaLeds.xml (No such file or directory)
 in file:/home/travis/build/icyphy/ptII/ptolemy/actor/ptalon/demo/ptinyos/SendAndReceiveCnt/CntToLedsAndRfm.xml at line 132 and column 63
	at ptolemy.moml.MoMLParser._createEntity(MoMLParser.java:4330)
	at ptolemy.moml.MoMLParser.startElement(MoMLParser.java:2864)
	... 64 more
Caused by: ptolemy.kernel.util.InternalErrorException: Element <entity name="MicaLeds" class="ptolemy.domains.ptinyos.lib.MicaLeds"> caused an exception to be thrown.
  in .CntToLedsAndRfm
Because:
Cannot find class: ptolemy.domains.ptinyos.lib.MicaLeds. In Ptolemy, classes are typically Java .class files. Entities like actors may instead be defined within a .xml file.  In any case, the class was not found. If the class uses a third party package, then the class would be present only if the third party package was found at compile time.  It may be necessary to upgrade Java or install the third party package, reconfigure and recompile.
Because:
-- /home/travis/build/icyphy/ptII/ptolemy/actor/ptalon/demo/ptinyos/SendAndReceiveCnt/ptolemy/domains/ptinyos/lib/MicaLeds.xml (No such file or directory)
-- XML file not found relative to classpath.
-- /home/travis/build/icyphy/ptII/ptolemy/vergil/basic/export/test/ptolemy/domains/ptinyos/lib/MicaLeds.xml
/home/travis/build/icyphy/ptII/ptolemy/vergil/basic/export/test/ptolemy/domains/ptinyos/lib/MicaLeds.xml (No such file or directory)
 in file:/home/travis/build/icyphy/ptII/ptolemy/actor/ptalon/demo/ptinyos/SendAndReceiveCnt/CntToLedsAndRfm.xml at line 132 and column 63
	at ptolemy.moml.SimpleErrorHandler.handleError(SimpleErrorHandler.java:75)
	at ptolemy.moml.MoMLParser.startElement(MoMLParser.java:3805)
	at com.microstar.xml.XmlParser.parseElement(XmlParser.java:921)
	at com.microstar.xml.XmlParser.parseContent(XmlParser.java:1104)
	at com.microstar.xml.XmlParser.parseElement(XmlParser.java:924)
	at com.microstar.xml.XmlParser.parseDocument(XmlParser.java:481)
	at com.microstar.xml.XmlParser.doParse(XmlParser.java:159)
	at com.microstar.xml.XmlParser.parse(XmlParser.java:132)
	at ptolemy.moml.MoMLParser.parse(MoMLParser.java:1676)
	at ptolemy.moml.MoMLParser.parse(MoMLParser.java:1595)
	at ptolemy.moml.MoMLParser.parse(MoMLParser.java:1537)
	at ptolemy.moml.MoMLParser._findOrParse(MoMLParser.java:5286)
	at ptolemy.moml.MoMLParser._attemptToFindMoMLClass(MoMLParser.java:4075)
	at ptolemy.moml.MoMLParser._createEntity(MoMLParser.java:4323)
	... 65 more
Caused by: ptolemy.kernel.util.IllegalActionException: Cannot find class: ptolemy.domains.ptinyos.lib.MicaLeds. In Ptolemy, classes are typically Java .class files. Entities like actors may instead be defined within a .xml file.  In any case, the class was not found. If the class uses a third party package, then the class would be present only if the third party package was found at compile time.  It may be necessary to upgrade Java or install the third party package, reconfigure and recompile.
Because:
-- /home/travis/build/icyphy/ptII/ptolemy/actor/ptalon/demo/ptinyos/SendAndReceiveCnt/ptolemy/domains/ptinyos/lib/MicaLeds.xml (No such file or directory)
-- XML file not found relative to classpath.
-- /home/travis/build/icyphy/ptII/ptolemy/vergil/basic/export/test/ptolemy/domains/ptinyos/lib/MicaLeds.xml
/home/travis/build/icyphy/ptII/ptolemy/vergil/basic/export/test/ptolemy/domains/ptinyos/lib/MicaLeds.xml (No such file or directory)
 in file:/home/travis/build/icyphy/ptII/ptolemy/actor/ptalon/demo/ptinyos/SendAndReceiveCnt/CntToLedsAndRfm.xml at line 132 and column 63
	at ptolemy.moml.MoMLParser._createEntity(MoMLParser.java:4330)
	at ptolemy.moml.MoMLParser.startElement(MoMLParser.java:2864)
	... 77 more
Caused by: com.microstar.xml.XmlException: -- /home/travis/build/icyphy/ptII/ptolemy/actor/ptalon/demo/ptinyos/SendAndReceiveCnt/ptolemy/domains/ptinyos/lib/MicaLeds.xml (No such file or directory)
-- XML file not found relative to classpath.
-- /home/travis/build/icyphy/ptII/ptolemy/vergil/basic/export/test/ptolemy/domains/ptinyos/lib/MicaLeds.xml
/home/travis/build/icyphy/ptII/ptolemy/vergil/basic/export/test/ptolemy/domains/ptinyos/lib/MicaLeds.xml (No such file or directory)
 in file:/home/travis/build/icyphy/ptII/ptolemy/actor/ptalon/demo/ptinyos/SendAndReceiveCnt/CntToLedsAndRfm.xml at line 132 and column 63
	at ptolemy.moml.MoMLParser.fileNameToURL(MoMLParser.java:1414)
	at ptolemy.moml.MoMLParser._findOrParse(MoMLParser.java:5283)
	at ptolemy.moml.MoMLParser._attemptToFindMoMLClass(MoMLParser.java:4075)
	at ptolemy.moml.MoMLParser._createEntity(MoMLParser.java:4323)
	... 78 more
Caused by: ptolemy.actor.ptalon.PtalonRuntimeException: Unable to add actor null
	at ptolemy.actor.ptalon.PtalonEvaluator.addActor(PtalonEvaluator.java:300)
	at ptolemy.actor.ptalon.PtalonPopulator.actor_declaration(PtalonPopulator.java:1574)
	at ptolemy.actor.ptalon.PtalonPopulator.atomic_statement(PtalonPopulator.java:1638)
	at ptolemy.actor.ptalon.PtalonPopulator.iterative_statement_evaluator(PtalonPopulator.java:2484)
	at ptolemy.actor.ptalon.AbstractPtalonEvaluator$IfTree.evaluateForScope(AbstractPtalonEvaluator.java:1307)
	at ptolemy.actor.ptalon.AbstractPtalonEvaluator.evaluateForScope(AbstractPtalonEvaluator.java:744)
	at ptolemy.actor.ptalon.PtalonPopulator.iterative_statement(PtalonPopulator.java:2363)
	at ptolemy.actor.ptalon.PtalonPopulator.actor_definition(PtalonPopulator.java:2809)
	at ptolemy.actor.ptalon.PtalonActor.attributeChanged(PtalonActor.java:206)
	at ptolemy.actor.ptalon.PtalonMLHandler.startElement(PtalonMLHandler.java:134)
	at com.microstar.xml.XmlParser.parseElement(XmlParser.java:921)
	at com.microstar.xml.XmlParser.parseContent(XmlParser.java:1104)
	at com.microstar.xml.XmlParser.parseElement(XmlParser.java:924)
	at com.microstar.xml.XmlParser.parseDocument(XmlParser.java:481)
	at com.microstar.xml.XmlParser.doParse(XmlParser.java:159)
	at com.microstar.xml.XmlParser.parse(XmlParser.java:132)
	at ptolemy.actor.ptalon.PtalonActor.configure(PtalonActor.java:240)
	at ptolemy.moml.MoMLParser.endElement(MoMLParser.java:996)
	at com.microstar.xml.XmlParser.parseETag(XmlParser.java:1026)
	at com.microstar.xml.XmlParser.parseContent(XmlParser.java:1098)
	at com.microstar.xml.XmlParser.parseElement(XmlParser.java:924)
	at com.microstar.xml.XmlParser.parseContent(XmlParser.java:1104)
	at com.microstar.xml.XmlParser.parseElement(XmlParser.java:924)
	at com.microstar.xml.XmlParser.parseContent(XmlParser.java:1104)
	at com.microstar.xml.XmlParser.parseElement(XmlParser.java:924)
	at com.microstar.xml.XmlParser.parseDocument(XmlParser.java:481)
	at com.microstar.xml.XmlParser.doParse(XmlParser.java:159)
	at com.microstar.xml.XmlParser.parse(XmlParser.java:132)
	at ptolemy.moml.MoMLParser.parse(MoMLParser.java:1676)
	at ptolemy.moml.MoMLParser.parse(MoMLParser.java:1595)
	at ptolemy.moml.MoMLParser.parse(MoMLParser.java:1537)
	at ptolemy.actor.gui.PtolemyEffigy$Factory.createEffigy(PtolemyEffigy.java:424)
	at ptolemy.actor.gui.EffigyFactory.createEffigy(EffigyFactory.java:234)
	at ptolemy.actor.gui.Configuration.openModel(Configuration.java:1125)
	at ptolemy.actor.gui.Configuration.openModel(Configuration.java:1051)
	at ptolemy.actor.gui.ConfigurationApplication._openModel(ConfigurationApplication.java:1252)
	at ptolemy.actor.gui.ConfigurationApplication._parseArg(ConfigurationApplication.java:1399)
	at ptolemy.actor.gui.ConfigurationApplication._parseArgs(ConfigurationApplication.java:1478)
	at ptolemy.actor.gui.ConfigurationApplication.<init>(ConfigurationApplication.java:277)
	at ptolemy.actor.gui.ConfigurationApplication.<init>(ConfigurationApplication.java:214)
	at ptolemy.actor.gui.ConfigurationApplication.<init>(ConfigurationApplication.java:201)
	at ptolemy.actor.gui.ConfigurationApplication.openModelOrEntity(ConfigurationApplication.java:680)
	at ptolemy.vergil.basic.export.ExportModel$1.run(ExportModel.java:220)
	at java.awt.event.InvocationEvent.dispatch(InvocationEvent.java:301)
	at java.awt.EventQueue.dispatchEventImpl(EventQueue.java:756)
	at java.awt.EventQueue.access$500(EventQueue.java:97)
	at java.awt.EventQueue$3.run(EventQueue.java:709)
	at java.awt.EventQueue$3.run(EventQueue.java:703)
	at java.security.AccessController.doPrivileged(Native Method)
	at java.security.ProtectionDomain$JavaSecurityAccessImpl.doIntersectionPrivilege(ProtectionDomain.java:80)
	at java.awt.EventQueue.dispatchEvent(EventQueue.java:726)
	at java.awt.EventDispatchThread.pumpOneEventForFilters(EventDispatchThread.java:201)
	at java.awt.EventDispatchThread.pumpEventsForFilter(EventDispatchThread.java:116)
	at java.awt.EventDispatchThread.pumpEventsForHierarchy(EventDispatchThread.java:105)
	at java.awt.EventDispatchThread.pumpEvents(EventDispatchThread.java:101)
	at java.awt.EventDispatchThread.pumpEvents(EventDispatchThread.java:93)
	at java.awt.EventDispatchThread.run(EventDispatchThread.java:82)
Caused by: ptolemy.kernel.util.InternalErrorException: Element <entity name="sender1" class="ptolemy.actor.ptalon.demo.ptinyos.SendAndReceiveCnt.CntToLedsAndRfm"> caused an exception to be thrown.
  in .SendAndReceiveCnt.SendAndReceiveCnt
Because:
Cannot find class: ptolemy.actor.ptalon.demo.ptinyos.SendAndReceiveCnt.CntToLedsAndRfm. In Ptolemy, classes are typically Java .class files. Entities like actors may instead be defined within a .xml file.  In any case, the class was not found. If the class uses a third party package, then the class would be present only if the third party package was found at compile time.  It may be necessary to upgrade Java or install the third party package, reconfigure and recompile.
Because:
Element <entity name="MicaLeds" class="ptolemy.domains.ptinyos.lib.MicaLeds"> caused an exception to be thrown.
  in .CntToLedsAndRfm
Because:
Cannot find class: ptolemy.domains.ptinyos.lib.MicaLeds. In Ptolemy, classes are typically Java .class files. Entities like actors may instead be defined within a .xml file.  In any case, the class was not found. If the class uses a third party package, then the class would be present only if the third party package was found at compile time.  It may be necessary to upgrade Java or install the third party package, reconfigure and recompile.
Because:
-- /home/travis/build/icyphy/ptII/ptolemy/actor/ptalon/demo/ptinyos/SendAndReceiveCnt/ptolemy/domains/ptinyos/lib/MicaLeds.xml (No such file or directory)
-- XML file not found relative to classpath.
-- /home/travis/build/icyphy/ptII/ptolemy/vergil/basic/export/test/ptolemy/domains/ptinyos/lib/MicaLeds.xml
/home/travis/build/icyphy/ptII/ptolemy/vergil/basic/export/test/ptolemy/domains/ptinyos/lib/MicaLeds.xml (No such file or directory)
 in file:/home/travis/build/icyphy/ptII/ptolemy/actor/ptalon/demo/ptinyos/SendAndReceiveCnt/CntToLedsAndRfm.xml at line 132 and column 63
	at ptolemy.moml.SimpleErrorHandler.handleError(SimpleErrorHandler.java:75)
	at ptolemy.moml.MoMLParser.startElement(MoMLParser.java:3805)
	at com.microstar.xml.XmlParser.parseElement(XmlParser.java:931)
	at com.microstar.xml.XmlParser.parseDocument(XmlParser.java:481)
	at com.microstar.xml.XmlParser.doParse(XmlParser.java:159)
	at com.microstar.xml.XmlParser.parse(XmlParser.java:132)
	at ptolemy.moml.MoMLParser.parse(MoMLParser.java:1660)
	at ptolemy.moml.MoMLParser.parse(MoMLParser.java:1617)
	at ptolemy.moml.MoMLParser.parse(MoMLParser.java:1792)
	at ptolemy.actor.ptalon.PtalonEvaluator.addActor(PtalonEvaluator.java:241)
	... 56 more
Caused by: ptolemy.kernel.util.IllegalActionException: Cannot find class: ptolemy.actor.ptalon.demo.ptinyos.SendAndReceiveCnt.CntToLedsAndRfm. In Ptolemy, classes are typically Java .class files. Entities like actors may instead be defined within a .xml file.  In any case, the class was not found. If the class uses a third party package, then the class would be present only if the third party package was found at compile time.  It may be necessary to upgrade Java or install the third party package, reconfigure and recompile.
Because:
Element <entity name="MicaLeds" class="ptolemy.domains.ptinyos.lib.MicaLeds"> caused an exception to be thrown.
  in .CntToLedsAndRfm
Because:
Cannot find class: ptolemy.domains.ptinyos.lib.MicaLeds. In Ptolemy, classes are typically Java .class files. Entities like actors may instead be defined within a .xml file.  In any case, the class was not found. If the class uses a third party package, then the class would be present only if the third party package was found at compile time.  It may be necessary to upgrade Java or install the third party package, reconfigure and recompile.
Because:
-- /home/travis/build/icyphy/ptII/ptolemy/actor/ptalon/demo/ptinyos/SendAndReceiveCnt/ptolemy/domains/ptinyos/lib/MicaLeds.xml (No such file or directory)
-- XML file not found relative to classpath.
-- /home/travis/build/icyphy/ptII/ptolemy/vergil/basic/export/test/ptolemy/domains/ptinyos/lib/MicaLeds.xml
/home/travis/build/icyphy/ptII/ptolemy/vergil/basic/export/test/ptolemy/domains/ptinyos/lib/MicaLeds.xml (No such file or directory)
 in file:/home/travis/build/icyphy/ptII/ptolemy/actor/ptalon/demo/ptinyos/SendAndReceiveCnt/CntToLedsAndRfm.xml at line 132 and column 63
	at ptolemy.moml.MoMLParser._createEntity(MoMLParser.java:4330)
	at ptolemy.moml.MoMLParser.startElement(MoMLParser.java:2864)
	... 64 more
Caused by: ptolemy.kernel.util.InternalErrorException: Element <entity name="MicaLeds" class="ptolemy.domains.ptinyos.lib.MicaLeds"> caused an exception to be thrown.
  in .CntToLedsAndRfm
Because:
Cannot find class: ptolemy.domains.ptinyos.lib.MicaLeds. In Ptolemy, classes are typically Java .class files. Entities like actors may instead be defined within a .xml file.  In any case, the class was not found. If the class uses a third party package, then the class would be present only if the third party package was found at compile time.  It may be necessary to upgrade Java or install the third party package, reconfigure and recompile.
Because:
-- /home/travis/build/icyphy/ptII/ptolemy/actor/ptalon/demo/ptinyos/SendAndReceiveCnt/ptolemy/domains/ptinyos/lib/MicaLeds.xml (No such file or directory)
-- XML file not found relative to classpath.
-- /home/travis/build/icyphy/ptII/ptolemy/vergil/basic/export/test/ptolemy/domains/ptinyos/lib/MicaLeds.xml
/home/travis/build/icyphy/ptII/ptolemy/vergil/basic/export/test/ptolemy/domains/ptinyos/lib/MicaLeds.xml (No such file or directory)
 in file:/home/travis/build/icyphy/ptII/ptolemy/actor/ptalon/demo/ptinyos/SendAndReceiveCnt/CntToLedsAndRfm.xml at line 132 and column 63
	at ptolemy.moml.SimpleErrorHandler.handleError(SimpleErrorHandler.java:75)
	at ptolemy.moml.MoMLParser.startElement(MoMLParser.java:3805)
	at com.microstar.xml.XmlParser.parseElement(XmlParser.java:921)
	at com.microstar.xml.XmlParser.parseContent(XmlParser.java:1104)
	at com.microstar.xml.XmlParser.parseElement(XmlParser.java:924)
	at com.microstar.xml.XmlParser.parseDocument(XmlParser.java:481)
	at com.microstar.xml.XmlParser.doParse(XmlParser.java:159)
	at com.microstar.xml.XmlParser.parse(XmlParser.java:132)
	at ptolemy.moml.MoMLParser.parse(MoMLParser.java:1676)
	at ptolemy.moml.MoMLParser.parse(MoMLParser.java:1595)
	at ptolemy.moml.MoMLParser.parse(MoMLParser.java:1537)
	at ptolemy.moml.MoMLParser._findOrParse(MoMLParser.java:5286)
	at ptolemy.moml.MoMLParser._attemptToFindMoMLClass(MoMLParser.java:4075)
	at ptolemy.moml.MoMLParser._createEntity(MoMLParser.java:4323)
	... 65 more
Caused by: ptolemy.kernel.util.IllegalActionException: Cannot find class: ptolemy.domains.ptinyos.lib.MicaLeds. In Ptolemy, classes are typically Java .class files. Entities like actors may instead be defined within a .xml file.  In any case, the class was not found. If the class uses a third party package, then the class would be present only if the third party package was found at compile time.  It may be necessary to upgrade Java or install the third party package, reconfigure and recompile.
Because:
-- /home/travis/build/icyphy/ptII/ptolemy/actor/ptalon/demo/ptinyos/SendAndReceiveCnt/ptolemy/domains/ptinyos/lib/MicaLeds.xml (No such file or directory)
-- XML file not found relative to classpath.
-- /home/travis/build/icyphy/ptII/ptolemy/vergil/basic/export/test/ptolemy/domains/ptinyos/lib/MicaLeds.xml
/home/travis/build/icyphy/ptII/ptolemy/vergil/basic/export/test/ptolemy/domains/ptinyos/lib/MicaLeds.xml (No such file or directory)
 in file:/home/travis/build/icyphy/ptII/ptolemy/actor/ptalon/demo/ptinyos/SendAndReceiveCnt/CntToLedsAndRfm.xml at line 132 and column 63
	at ptolemy.moml.MoMLParser._createEntity(MoMLParser.java:4330)
	at ptolemy.moml.MoMLParser.startElement(MoMLParser.java:2864)
	... 77 more
Caused by: com.microstar.xml.XmlException: -- /home/travis/build/icyphy/ptII/ptolemy/actor/ptalon/demo/ptinyos/SendAndReceiveCnt/ptolemy/domains/ptinyos/lib/MicaLeds.xml (No such file or directory)
-- XML file not found relative to classpath.
-- /home/travis/build/icyphy/ptII/ptolemy/vergil/basic/export/test/ptolemy/domains/ptinyos/lib/MicaLeds.xml
/home/travis/build/icyphy/ptII/ptolemy/vergil/basic/export/test/ptolemy/domains/ptinyos/lib/MicaLeds.xml (No such file or directory)
 in file:/home/travis/build/icyphy/ptII/ptolemy/actor/ptalon/demo/ptinyos/SendAndReceiveCnt/CntToLedsAndRfm.xml at line 132 and column 63
	at ptolemy.moml.MoMLParser.fileNameToURL(MoMLParser.java:1414)
	at ptolemy.moml.MoMLParser._findOrParse(MoMLParser.java:5283)
	at ptolemy.moml.MoMLParser._attemptToFindMoMLClass(MoMLParser.java:4075)
	at ptolemy.moml.MoMLParser._createEntity(MoMLParser.java:4323)
	... 78 more
Failed to read file:/home/travis/build/icyphy/ptII/ptolemy/actor/ptalon/demo/ptinyos/SendAndReceiveCnt/SendAndReceiveCnt.xml
ptolemy.kernel.util.IllegalActionException: Failed to process attribute change to PtalonParameter, whose value is "ptolemy.actor.ptalon.PtalonExpressionParameter {.SendAndReceiveCnt.SendAndReceiveCnt.channelName} "AtomicWirelessChannel"".
  in .SendAndReceiveCnt.SendAndReceiveCnt
Because:
Unable to add actor null
	at ptolemy.actor.ptalon.PtalonActor.attributeChanged(PtalonActor.java:211)
	at ptolemy.actor.ptalon.PtalonMLHandler.startElement(PtalonMLHandler.java:134)
	at com.microstar.xml.XmlParser.parseElement(XmlParser.java:921)
	at com.microstar.xml.XmlParser.parseContent(XmlParser.java:1104)
	at com.microstar.xml.XmlParser.parseElement(XmlParser.java:924)
	at com.microstar.xml.XmlParser.parseDocument(XmlParser.java:481)
	at com.microstar.xml.XmlParser.doParse(XmlParser.java:159)
	at com.microstar.xml.XmlParser.parse(XmlParser.java:132)
	at ptolemy.actor.ptalon.PtalonActor.configure(PtalonActor.java:240)
	at ptolemy.moml.MoMLParser.endElement(MoMLParser.java:996)
	at com.microstar.xml.XmlParser.parseETag(XmlParser.java:1026)
	at com.microstar.xml.XmlParser.parseContent(XmlParser.java:1098)
	at com.microstar.xml.XmlParser.parseElement(XmlParser.java:924)
	at com.microstar.xml.XmlParser.parseContent(XmlParser.java:1104)
	at com.microstar.xml.XmlParser.parseElement(XmlParser.java:924)
	at com.microstar.xml.XmlParser.parseContent(XmlParser.java:1104)
	at com.microstar.xml.XmlParser.parseElement(XmlParser.java:924)
	at com.microstar.xml.XmlParser.parseDocument(XmlParser.java:481)
	at com.microstar.xml.XmlParser.doParse(XmlParser.java:159)
	at com.microstar.xml.XmlParser.parse(XmlParser.java:132)
	at ptolemy.moml.MoMLParser.parse(MoMLParser.java:1676)
	at ptolemy.moml.MoMLParser.parse(MoMLParser.java:1595)
	at ptolemy.moml.MoMLParser.parse(MoMLParser.java:1537)
	at ptolemy.actor.gui.PtolemyEffigy$Factory.createEffigy(PtolemyEffigy.java:424)
	at ptolemy.actor.gui.EffigyFactory.createEffigy(EffigyFactory.java:234)
	at ptolemy.actor.gui.Configuration.openModel(Configuration.java:1125)
	at ptolemy.actor.gui.Configuration.openModel(Configuration.java:1051)
	at ptolemy.actor.gui.ConfigurationApplication._openModel(ConfigurationApplication.java:1252)
	at ptolemy.actor.gui.ConfigurationApplication._parseArg(ConfigurationApplication.java:1399)
	at ptolemy.actor.gui.ConfigurationApplication._parseArgs(ConfigurationApplication.java:1478)
	at ptolemy.actor.gui.ConfigurationApplication.<init>(ConfigurationApplication.java:277)
	at ptolemy.actor.gui.ConfigurationApplication.<init>(ConfigurationApplication.java:214)
	at ptolemy.actor.gui.ConfigurationApplication.<init>(ConfigurationApplication.java:201)
	at ptolemy.actor.gui.ConfigurationApplication.openModelOrEntity(ConfigurationApplication.java:680)
	at ptolemy.vergil.basic.export.ExportModel$1.run(ExportModel.java:220)
	at java.awt.event.InvocationEvent.dispatch(InvocationEvent.java:301)
	at java.awt.EventQueue.dispatchEventImpl(EventQueue.java:756)
	at java.awt.EventQueue.access$500(EventQueue.java:97)
	at java.awt.EventQueue$3.run(EventQueue.java:709)
	at java.awt.EventQueue$3.run(EventQueue.java:703)
	at java.security.AccessController.doPrivileged(Native Method)
	at java.security.ProtectionDomain$JavaSecurityAccessImpl.doIntersectionPrivilege(ProtectionDomain.java:80)
	at java.awt.EventQueue.dispatchEvent(EventQueue.java:726)
	at java.awt.EventDispatchThread.pumpOneEventForFilters(EventDispatchThread.java:201)
	at java.awt.EventDispatchThread.pumpEventsForFilter(EventDispatchThread.java:116)
	at java.awt.EventDispatchThread.pumpEventsForHierarchy(EventDispatchThread.java:105)
	at java.awt.EventDispatchThread.pumpEvents(EventDispatchThread.java:101)
	at java.awt.EventDispatchThread.pumpEvents(EventDispatchThread.java:93)
	at java.awt.EventDispatchThread.run(EventDispatchThread.java:82)
Caused by: ptolemy.actor.ptalon.PtalonRuntimeException: Unable to add actor null
	at ptolemy.actor.ptalon.PtalonEvaluator.addActor(PtalonEvaluator.java:300)
	at ptolemy.actor.ptalon.PtalonPopulator.actor_declaration(PtalonPopulator.java:1574)
	at ptolemy.actor.ptalon.PtalonPopulator.atomic_statement(PtalonPopulator.java:1638)
	at ptolemy.actor.ptalon.PtalonPopulator.iterative_statement_evaluator(PtalonPopulator.java:2484)
	at ptolemy.actor.ptalon.AbstractPtalonEvaluator$IfTree.evaluateForScope(AbstractPtalonEvaluator.java:1307)
	at ptolemy.actor.ptalon.AbstractPtalonEvaluator.evaluateForScope(AbstractPtalonEvaluator.java:744)
	at ptolemy.actor.ptalon.PtalonPopulator.iterative_statement(PtalonPopulator.java:2363)
	at ptolemy.actor.ptalon.PtalonPopulator.actor_definition(PtalonPopulator.java:2809)
	at ptolemy.actor.ptalon.PtalonActor.attributeChanged(PtalonActor.java:206)
	... 48 more
Caused by: ptolemy.kernel.util.InternalErrorException: Element <entity name="sender1" class="ptolemy.actor.ptalon.demo.ptinyos.SendAndReceiveCnt.CntToLedsAndRfm"> caused an exception to be thrown.
  in .SendAndReceiveCnt.SendAndReceiveCnt
Because:
Cannot find class: ptolemy.actor.ptalon.demo.ptinyos.SendAndReceiveCnt.CntToLedsAndRfm. In Ptolemy, classes are typically Java .class files. Entities like actors may instead be defined within a .xml file.  In any case, the class was not found. If the class uses a third party package, then the class would be present only if the third party package was found at compile time.  It may be necessary to upgrade Java or install the third party package, reconfigure and recompile.
Because:
Element <entity name="MicaLeds" class="ptolemy.domains.ptinyos.lib.MicaLeds"> caused an exception to be thrown.
  in .CntToLedsAndRfm
Because:
Cannot find class: ptolemy.domains.ptinyos.lib.MicaLeds. In Ptolemy, classes are typically Java .class files. Entities like actors may instead be defined within a .xml file.  In any case, the class was not found. If the class uses a third party package, then the class would be present only if the third party package was found at compile time.  It may be necessary to upgrade Java or install the third party package, reconfigure and recompile.
Because:
-- /home/travis/build/icyphy/ptII/ptolemy/actor/ptalon/demo/ptinyos/SendAndReceiveCnt/ptolemy/domains/ptinyos/lib/MicaLeds.xml (No such file or directory)
-- XML file not found relative to classpath.
-- /home/travis/build/icyphy/ptII/ptolemy/vergil/basic/export/test/ptolemy/domains/ptinyos/lib/MicaLeds.xml
/home/travis/build/icyphy/ptII/ptolemy/vergil/basic/export/test/ptolemy/domains/ptinyos/lib/MicaLeds.xml (No such file or directory)
 in file:/home/travis/build/icyphy/ptII/ptolemy/actor/ptalon/demo/ptinyos/SendAndReceiveCnt/CntToLedsAndRfm.xml at line 132 and column 63
	at ptolemy.moml.SimpleErrorHandler.handleError(SimpleErrorHandler.java:75)
	at ptolemy.moml.MoMLParser.startElement(MoMLParser.java:3805)
	at com.microstar.xml.XmlParser.parseElement(XmlParser.java:931)
	at com.microstar.xml.XmlParser.parseDocument(XmlParser.java:481)
	at com.microstar.xml.XmlParser.doParse(XmlParser.java:159)
	at com.microstar.xml.XmlParser.parse(XmlParser.java:132)
	at ptolemy.moml.MoMLParser.parse(MoMLParser.java:1660)
	at ptolemy.moml.MoMLParser.parse(MoMLParser.java:1617)
	at ptolemy.moml.MoMLParser.parse(MoMLParser.java:1792)
	at ptolemy.actor.ptalon.PtalonEvaluator.addActor(PtalonEvaluator.java:241)
	... 56 more
Caused by: ptolemy.kernel.util.IllegalActionException: Cannot find class: ptolemy.actor.ptalon.demo.ptinyos.SendAndReceiveCnt.CntToLedsAndRfm. In Ptolemy, classes are typically Java .class files. Entities like actors may instead be defined within a .xml file.  In any case, the class was not found. If the class uses a third party package, then the class would be present only if the third party package was found at compile time.  It may be necessary to upgrade Java or install the third party package, reconfigure and recompile.
Because:
Element <entity name="MicaLeds" class="ptolemy.domains.ptinyos.lib.MicaLeds"> caused an exception to be thrown.
  in .CntToLedsAndRfm
Because:
Cannot find class: ptolemy.domains.ptinyos.lib.MicaLeds. In Ptolemy, classes are typically Java .class files. Entities like actors may instead be defined within a .xml file.  In any case, the class was not found. If the class uses a third party package, then the class would be present only if the third party package was found at compile time.  It may be necessary to upgrade Java or install the third party package, reconfigure and recompile.
Because:
-- /home/travis/build/icyphy/ptII/ptolemy/actor/ptalon/demo/ptinyos/SendAndReceiveCnt/ptolemy/domains/ptinyos/lib/MicaLeds.xml (No such file or directory)
-- XML file not found relative to classpath.
-- /home/travis/build/icyphy/ptII/ptolemy/vergil/basic/export/test/ptolemy/domains/ptinyos/lib/MicaLeds.xml
/home/travis/build/icyphy/ptII/ptolemy/vergil/basic/export/test/ptolemy/domains/ptinyos/lib/MicaLeds.xml (No such file or directory)
 in file:/home/travis/build/icyphy/ptII/ptolemy/actor/ptalon/demo/ptinyos/SendAndReceiveCnt/CntToLedsAndRfm.xml at line 132 and column 63
	at ptolemy.moml.MoMLParser._createEntity(MoMLParser.java:4330)
	at ptolemy.moml.MoMLParser.startElement(MoMLParser.java:2864)
	... 64 more
Caused by: ptolemy.kernel.util.InternalErrorException: Element <entity name="MicaLeds" class="ptolemy.domains.ptinyos.lib.MicaLeds"> caused an exception to be thrown.
  in .CntToLedsAndRfm
Because:
Cannot find class: ptolemy.domains.ptinyos.lib.MicaLeds. In Ptolemy, classes are typically Java .class files. Entities like actors may instead be defined within a .xml file.  In any case, the class was not found. If the class uses a third party package, then the class would be present only if the third party package was found at compile time.  It may be necessary to upgrade Java or install the third party package, reconfigure and recompile.
Because:
-- /home/travis/build/icyphy/ptII/ptolemy/actor/ptalon/demo/ptinyos/SendAndReceiveCnt/ptolemy/domains/ptinyos/lib/MicaLeds.xml (No such file or directory)
-- XML file not found relative to classpath.
-- /home/travis/build/icyphy/ptII/ptolemy/vergil/basic/export/test/ptolemy/domains/ptinyos/lib/MicaLeds.xml
/home/travis/build/icyphy/ptII/ptolemy/vergil/basic/export/test/ptolemy/domains/ptinyos/lib/MicaLeds.xml (No such file or directory)
 in file:/home/travis/build/icyphy/ptII/ptolemy/actor/ptalon/demo/ptinyos/SendAndReceiveCnt/CntToLedsAndRfm.xml at line 132 and column 63
	at ptolemy.moml.SimpleErrorHandler.handleError(SimpleErrorHandler.java:75)
	at ptolemy.moml.MoMLParser.startElement(MoMLParser.java:3805)
	at com.microstar.xml.XmlParser.parseElement(XmlParser.java:921)
	at com.microstar.xml.XmlParser.parseContent(XmlParser.java:1104)
	at com.microstar.xml.XmlParser.parseElement(XmlParser.java:924)
	at com.microstar.xml.XmlParser.parseDocument(XmlParser.java:481)
	at com.microstar.xml.XmlParser.doParse(XmlParser.java:159)
	at com.microstar.xml.XmlParser.parse(XmlParser.java:132)
	at ptolemy.moml.MoMLParser.parse(MoMLParser.java:1676)
	at ptolemy.moml.MoMLParser.parse(MoMLParser.java:1595)
	at ptolemy.moml.MoMLParser.parse(MoMLParser.java:1537)
	at ptolemy.moml.MoMLParser._findOrParse(MoMLParser.java:5286)
	at ptolemy.moml.MoMLParser._attemptToFindMoMLClass(MoMLParser.java:4075)
	at ptolemy.moml.MoMLParser._createEntity(MoMLParser.java:4323)
	... 65 more
Caused by: ptolemy.kernel.util.IllegalActionException: Cannot find class: ptolemy.domains.ptinyos.lib.MicaLeds. In Ptolemy, classes are typically Java .class files. Entities like actors may instead be defined within a .xml file.  In any case, the class was not found. If the class uses a third party package, then the class would be present only if the third party package was found at compile time.  It may be necessary to upgrade Java or install the third party package, reconfigure and recompile.
Because:
-- /home/travis/build/icyphy/ptII/ptolemy/actor/ptalon/demo/ptinyos/SendAndReceiveCnt/ptolemy/domains/ptinyos/lib/MicaLeds.xml (No such file or directory)
-- XML file not found relative to classpath.
-- /home/travis/build/icyphy/ptII/ptolemy/vergil/basic/export/test/ptolemy/domains/ptinyos/lib/MicaLeds.xml
/home/travis/build/icyphy/ptII/ptolemy/vergil/basic/export/test/ptolemy/domains/ptinyos/lib/MicaLeds.xml (No such file or directory)
 in file:/home/travis/build/icyphy/ptII/ptolemy/actor/ptalon/demo/ptinyos/SendAndReceiveCnt/CntToLedsAndRfm.xml at line 132 and column 63
	at ptolemy.moml.MoMLParser._createEntity(MoMLParser.java:4330)
	at ptolemy.moml.MoMLParser.startElement(MoMLParser.java:2864)
	... 77 more
Caused by: com.microstar.xml.XmlException: -- /home/travis/build/icyphy/ptII/ptolemy/actor/ptalon/demo/ptinyos/SendAndReceiveCnt/ptolemy/domains/ptinyos/lib/MicaLeds.xml (No such file or directory)
-- XML file not found relative to classpath.
-- /home/travis/build/icyphy/ptII/ptolemy/vergil/basic/export/test/ptolemy/domains/ptinyos/lib/MicaLeds.xml
/home/travis/build/icyphy/ptII/ptolemy/vergil/basic/export/test/ptolemy/domains/ptinyos/lib/MicaLeds.xml (No such file or directory)
 in file:/home/travis/build/icyphy/ptII/ptolemy/actor/ptalon/demo/ptinyos/SendAndReceiveCnt/CntToLedsAndRfm.xml at line 132 and column 63
	at ptolemy.moml.MoMLParser.fileNameToURL(MoMLParser.java:1414)
	at ptolemy.moml.MoMLParser._findOrParse(MoMLParser.java:5283)
	at ptolemy.moml.MoMLParser._attemptToFindMoMLClass(MoMLParser.java:4075)
	at ptolemy.moml.MoMLParser._createEntity(MoMLParser.java:4323)
	... 78 more
Caused by: ptolemy.actor.ptalon.PtalonRuntimeException: Unable to add actor null
	at ptolemy.actor.ptalon.PtalonEvaluator.addActor(PtalonEvaluator.java:300)
	at ptolemy.actor.ptalon.PtalonPopulator.actor_declaration(PtalonPopulator.java:1574)
	at ptolemy.actor.ptalon.PtalonPopulator.atomic_statement(PtalonPopulator.java:1638)
	at ptolemy.actor.ptalon.PtalonPopulator.iterative_statement_evaluator(PtalonPopulator.java:2484)
	at ptolemy.actor.ptalon.AbstractPtalonEvaluator$IfTree.evaluateForScope(AbstractPtalonEvaluator.java:1307)
	at ptolemy.actor.ptalon.AbstractPtalonEvaluator.evaluateForScope(AbstractPtalonEvaluator.java:744)
	at ptolemy.actor.ptalon.PtalonPopulator.iterative_statement(PtalonPopulator.java:2363)
	at ptolemy.actor.ptalon.PtalonPopulator.actor_definition(PtalonPopulator.java:2809)
	at ptolemy.actor.ptalon.PtalonActor.attributeChanged(PtalonActor.java:206)
	at ptolemy.actor.ptalon.PtalonMLHandler.startElement(PtalonMLHandler.java:134)
	at com.microstar.xml.XmlParser.parseElement(XmlParser.java:921)
	at com.microstar.xml.XmlParser.parseContent(XmlParser.java:1104)
	at com.microstar.xml.XmlParser.parseElement(XmlParser.java:924)
	at com.microstar.xml.XmlParser.parseDocument(XmlParser.java:481)
	at com.microstar.xml.XmlParser.doParse(XmlParser.java:159)
	at com.microstar.xml.XmlParser.parse(XmlParser.java:132)
	at ptolemy.actor.ptalon.PtalonActor.configure(PtalonActor.java:240)
	at ptolemy.moml.MoMLParser.endElement(MoMLParser.java:996)
	at com.microstar.xml.XmlParser.parseETag(XmlParser.java:1026)
	at com.microstar.xml.XmlParser.parseContent(XmlParser.java:1098)
	at com.microstar.xml.XmlParser.parseElement(XmlParser.java:924)
	at com.microstar.xml.XmlParser.parseContent(XmlParser.java:1104)
	at com.microstar.xml.XmlParser.parseElement(XmlParser.java:924)
	at com.microstar.xml.XmlParser.parseContent(XmlParser.java:1104)
	at com.microstar.xml.XmlParser.parseElement(XmlParser.java:924)
	at com.microstar.xml.XmlParser.parseDocument(XmlParser.java:481)
	at com.microstar.xml.XmlParser.doParse(XmlParser.java:159)
	at com.microstar.xml.XmlParser.parse(XmlParser.java:132)
	at ptolemy.moml.MoMLParser.parse(MoMLParser.java:1676)
	at ptolemy.moml.MoMLParser.parse(MoMLParser.java:1595)
	at ptolemy.moml.MoMLParser.parse(MoMLParser.java:1537)
	at ptolemy.actor.gui.PtolemyEffigy$Factory.createEffigy(PtolemyEffigy.java:424)
	at ptolemy.actor.gui.EffigyFactory.createEffigy(EffigyFactory.java:234)
	at ptolemy.actor.gui.Configuration.openModel(Configuration.java:1125)
	at ptolemy.actor.gui.Configuration.openModel(Configuration.java:1051)
	at ptolemy.actor.gui.ConfigurationApplication._openModel(ConfigurationApplication.java:1252)
	at ptolemy.actor.gui.ConfigurationApplication._parseArg(ConfigurationApplication.java:1399)
	at ptolemy.actor.gui.ConfigurationApplication._parseArgs(ConfigurationApplication.java:1478)
	at ptolemy.actor.gui.ConfigurationApplication.<init>(ConfigurationApplication.java:277)
	at ptolemy.actor.gui.ConfigurationApplication.<init>(ConfigurationApplication.java:214)
	at ptolemy.actor.gui.ConfigurationApplication.<init>(ConfigurationApplication.java:201)
	at ptolemy.actor.gui.ConfigurationApplication.openModelOrEntity(ConfigurationApplication.java:680)
	at ptolemy.vergil.basic.export.ExportModel$1.run(ExportModel.java:220)
	at java.awt.event.InvocationEvent.dispatch(InvocationEvent.java:301)
	at java.awt.EventQueue.dispatchEventImpl(EventQueue.java:756)
	at java.awt.EventQueue.access$500(EventQueue.java:97)
	at java.awt.EventQueue$3.run(EventQueue.java:709)
	at java.awt.EventQueue$3.run(EventQueue.java:703)
	at java.security.AccessController.doPrivileged(Native Method)
	at java.security.ProtectionDomain$JavaSecurityAccessImpl.doIntersectionPrivilege(ProtectionDomain.java:80)
	at java.awt.EventQueue.dispatchEvent(EventQueue.java:726)
	at java.awt.EventDispatchThread.pumpOneEventForFilters(EventDispatchThread.java:201)
	at java.awt.EventDispatchThread.pumpEventsForFilter(EventDispatchThread.java:116)
	at java.awt.EventDispatchThread.pumpEventsForHierarchy(EventDispatchThread.java:105)
	at java.awt.EventDispatchThread.pumpEvents(EventDispatchThread.java:101)
	at java.awt.EventDispatchThread.pumpEvents(EventDispatchThread.java:93)
	at java.awt.EventDispatchThread.run(EventDispatchThread.java:82)
Caused by: ptolemy.kernel.util.InternalErrorException: Element <entity name="sender1" class="ptolemy.actor.ptalon.demo.ptinyos.SendAndReceiveCnt.CntToLedsAndRfm"> caused an exception to be thrown.
  in .SendAndReceiveCnt.SendAndReceiveCnt
Because:
Cannot find class: ptolemy.actor.ptalon.demo.ptinyos.SendAndReceiveCnt.CntToLedsAndRfm. In Ptolemy, classes are typically Java .class files. Entities like actors may instead be defined within a .xml file.  In any case, the class was not found. If the class uses a third party package, then the class would be present only if the third party package was found at compile time.  It may be necessary to upgrade Java or install the third party package, reconfigure and recompile.
Because:
Element <entity name="MicaLeds" class="ptolemy.domains.ptinyos.lib.MicaLeds"> caused an exception to be thrown.
  in .CntToLedsAndRfm
Because:
Cannot find class: ptolemy.domains.ptinyos.lib.MicaLeds. In Ptolemy, classes are typically Java .class files. Entities like actors may instead be defined within a .xml file.  In any case, the class was not found. If the class uses a third party package, then the class would be present only if the third party package was found at compile time.  It may be necessary to upgrade Java or install the third party package, reconfigure and recompile.
Because:
-- /home/travis/build/icyphy/ptII/ptolemy/actor/ptalon/demo/ptinyos/SendAndReceiveCnt/ptolemy/domains/ptinyos/lib/MicaLeds.xml (No such file or directory)
-- XML file not found relative to classpath.
-- /home/travis/build/icyphy/ptII/ptolemy/vergil/basic/export/test/ptolemy/domains/ptinyos/lib/MicaLeds.xml
/home/travis/build/icyphy/ptII/ptolemy/vergil/basic/export/test/ptolemy/domains/ptinyos/lib/MicaLeds.xml (No such file or directory)
 in file:/home/travis/build/icyphy/ptII/ptolemy/actor/ptalon/demo/ptinyos/SendAndReceiveCnt/CntToLedsAndRfm.xml at line 132 and column 63
	at ptolemy.moml.SimpleErrorHandler.handleError(SimpleErrorHandler.java:75)
	at ptolemy.moml.MoMLParser.startElement(MoMLParser.java:3805)
	at com.microstar.xml.XmlParser.parseElement(XmlParser.java:931)
	at com.microstar.xml.XmlParser.parseDocument(XmlParser.java:481)
	at com.microstar.xml.XmlParser.doParse(XmlParser.java:159)
	at com.microstar.xml.XmlParser.parse(XmlParser.java:132)
	at ptolemy.moml.MoMLParser.parse(MoMLParser.java:1660)
	at ptolemy.moml.MoMLParser.parse(MoMLParser.java:1617)
	at ptolemy.moml.MoMLParser.parse(MoMLParser.java:1792)
	at ptolemy.actor.ptalon.PtalonEvaluator.addActor(PtalonEvaluator.java:241)
	... 56 more
Caused by: ptolemy.kernel.util.IllegalActionException: Cannot find class: ptolemy.actor.ptalon.demo.ptinyos.SendAndReceiveCnt.CntToLedsAndRfm. In Ptolemy, classes are typically Java .class files. Entities like actors may instead be defined within a .xml file.  In any case, the class was not found. If the class uses a third party package, then the class would be present only if the third party package was found at compile time.  It may be necessary to upgrade Java or install the third party package, reconfigure and recompile.
Because:
Element <entity name="MicaLeds" class="ptolemy.domains.ptinyos.lib.MicaLeds"> caused an exception to be thrown.
  in .CntToLedsAndRfm
Because:
Cannot find class: ptolemy.domains.ptinyos.lib.MicaLeds. In Ptolemy, classes are typically Java .class files. Entities like actors may instead be defined within a .xml file.  In any case, the class was not found. If the class uses a third party package, then the class would be present only if the third party package was found at compile time.  It may be necessary to upgrade Java or install the third party package, reconfigure and recompile.
Because:
-- /home/travis/build/icyphy/ptII/ptolemy/actor/ptalon/demo/ptinyos/SendAndReceiveCnt/ptolemy/domains/ptinyos/lib/MicaLeds.xml (No such file or directory)
-- XML file not found relative to classpath.
-- /home/travis/build/icyphy/ptII/ptolemy/vergil/basic/export/test/ptolemy/domains/ptinyos/lib/MicaLeds.xml
/home/travis/build/icyphy/ptII/ptolemy/vergil/basic/export/test/ptolemy/domains/ptinyos/lib/MicaLeds.xml (No such file or directory)
 in file:/home/travis/build/icyphy/ptII/ptolemy/actor/ptalon/demo/ptinyos/SendAndReceiveCnt/CntToLedsAndRfm.xml at line 132 and column 63
	at ptolemy.moml.MoMLParser._createEntity(MoMLParser.java:4330)
	at ptolemy.moml.MoMLParser.startElement(MoMLParser.java:2864)
	... 64 more
Caused by: ptolemy.kernel.util.InternalErrorException: Element <entity name="MicaLeds" class="ptolemy.domains.ptinyos.lib.MicaLeds"> caused an exception to be thrown.
  in .CntToLedsAndRfm
Because:
Cannot find class: ptolemy.domains.ptinyos.lib.MicaLeds. In Ptolemy, classes are typically Java .class files. Entities like actors may instead be defined within a .xml file.  In any case, the class was not found. If the class uses a third party package, then the class would be present only if the third party package was found at compile time.  It may be necessary to upgrade Java or install the third party package, reconfigure and recompile.
Because:
-- /home/travis/build/icyphy/ptII/ptolemy/actor/ptalon/demo/ptinyos/SendAndReceiveCnt/ptolemy/domains/ptinyos/lib/MicaLeds.xml (No such file or directory)
-- XML file not found relative to classpath.
-- /home/travis/build/icyphy/ptII/ptolemy/vergil/basic/export/test/ptolemy/domains/ptinyos/lib/MicaLeds.xml
/home/travis/build/icyphy/ptII/ptolemy/vergil/basic/export/test/ptolemy/domains/ptinyos/lib/MicaLeds.xml (No such file or directory)
 in file:/home/travis/build/icyphy/ptII/ptolemy/actor/ptalon/demo/ptinyos/SendAndReceiveCnt/CntToLedsAndRfm.xml at line 132 and column 63
	at ptolemy.moml.SimpleErrorHandler.handleError(SimpleErrorHandler.java:75)
	at ptolemy.moml.MoMLParser.startElement(MoMLParser.java:3805)
	at com.microstar.xml.XmlParser.parseElement(XmlParser.java:921)
	at com.microstar.xml.XmlParser.parseContent(XmlParser.java:1104)
	at com.microstar.xml.XmlParser.parseElement(XmlParser.java:924)
	at com.microstar.xml.XmlParser.parseDocument(XmlParser.java:481)
	at com.microstar.xml.XmlParser.doParse(XmlParser.java:159)
	at com.microstar.xml.XmlParser.parse(XmlParser.java:132)
	at ptolemy.moml.MoMLParser.parse(MoMLParser.java:1676)
	at ptolemy.moml.MoMLParser.parse(MoMLParser.java:1595)
	at ptolemy.moml.MoMLParser.parse(MoMLParser.java:1537)
	at ptolemy.moml.MoMLParser._findOrParse(MoMLParser.java:5286)
	at ptolemy.moml.MoMLParser._attemptToFindMoMLClass(MoMLParser.java:4075)
	at ptolemy.moml.MoMLParser._createEntity(MoMLParser.java:4323)
	... 65 more
Caused by: ptolemy.kernel.util.IllegalActionException: Cannot find class: ptolemy.domains.ptinyos.lib.MicaLeds. In Ptolemy, classes are typically Java .class files. Entities like actors may instead be defined within a .xml file.  In any case, the class was not found. If the class uses a third party package, then the class would be present only if the third party package was found at compile time.  It may be necessary to upgrade Java or install the third party package, reconfigure and recompile.
Because:
-- /home/travis/build/icyphy/ptII/ptolemy/actor/ptalon/demo/ptinyos/SendAndReceiveCnt/ptolemy/domains/ptinyos/lib/MicaLeds.xml (No such file or directory)
-- XML file not found relative to classpath.
-- /home/travis/build/icyphy/ptII/ptolemy/vergil/basic/export/test/ptolemy/domains/ptinyos/lib/MicaLeds.xml
/home/travis/build/icyphy/ptII/ptolemy/vergil/basic/export/test/ptolemy/domains/ptinyos/lib/MicaLeds.xml (No such file or directory)
 in file:/home/travis/build/icyphy/ptII/ptolemy/actor/ptalon/demo/ptinyos/SendAndReceiveCnt/CntToLedsAndRfm.xml at line 132 and column 63
	at ptolemy.moml.MoMLParser._createEntity(MoMLParser.java:4330)
	at ptolemy.moml.MoMLParser.startElement(MoMLParser.java:2864)
	... 77 more
Caused by: com.microstar.xml.XmlException: -- /home/travis/build/icyphy/ptII/ptolemy/actor/ptalon/demo/ptinyos/SendAndReceiveCnt/ptolemy/domains/ptinyos/lib/MicaLeds.xml (No such file or directory)
-- XML file not found relative to classpath.
-- /home/travis/build/icyphy/ptII/ptolemy/vergil/basic/export/test/ptolemy/domains/ptinyos/lib/MicaLeds.xml
/home/travis/build/icyphy/ptII/ptolemy/vergil/basic/export/test/ptolemy/domains/ptinyos/lib/MicaLeds.xml (No such file or directory)
 in file:/home/travis/build/icyphy/ptII/ptolemy/actor/ptalon/demo/ptinyos/SendAndReceiveCnt/CntToLedsAndRfm.xml at line 132 and column 63
	at ptolemy.moml.MoMLParser.fileNameToURL(MoMLParser.java:1414)
	at ptolemy.moml.MoMLParser._findOrParse(MoMLParser.java:5283)
	at ptolemy.moml.MoMLParser._attemptToFindMoMLClass(MoMLParser.java:4075)
	at ptolemy.moml.MoMLParser._createEntity(MoMLParser.java:4323)
	... 78 more
ptolemy.kernel.util.IllegalActionException: Failed to process attribute change to PtalonParameter, whose value is "ptolemy.actor.ptalon.PtalonExpressionParameter {.SendAndReceiveCnt.SendAndReceiveCnt.channelName} "AtomicWirelessChannel"".
  in .SendAndReceiveCnt.SendAndReceiveCnt
Because:
Unable to add actor null
	at ptolemy.actor.ptalon.PtalonActor.attributeChanged(PtalonActor.java:211)
	at ptolemy.actor.ptalon.PtalonMLHandler.startElement(PtalonMLHandler.java:134)
	at com.microstar.xml.XmlParser.parseElement(XmlParser.java:921)
	at com.microstar.xml.XmlParser.parseContent(XmlParser.java:1104)
	at com.microstar.xml.XmlParser.parseElement(XmlParser.java:924)
	at com.microstar.xml.XmlParser.parseDocument(XmlParser.java:481)
	at com.microstar.xml.XmlParser.doParse(XmlParser.java:159)
	at com.microstar.xml.XmlParser.parse(XmlParser.java:132)
	at ptolemy.actor.ptalon.PtalonActor.configure(PtalonActor.java:240)
	at ptolemy.moml.MoMLParser.endElement(MoMLParser.java:996)
	at com.microstar.xml.XmlParser.parseETag(XmlParser.java:1026)
	at com.microstar.xml.XmlParser.parseContent(XmlParser.java:1098)
	at com.microstar.xml.XmlParser.parseElement(XmlParser.java:924)
	at com.microstar.xml.XmlParser.parseContent(XmlParser.java:1104)
	at com.microstar.xml.XmlParser.parseElement(XmlParser.java:924)
	at com.microstar.xml.XmlParser.parseContent(XmlParser.java:1104)
	at com.microstar.xml.XmlParser.parseElement(XmlParser.java:924)
	at com.microstar.xml.XmlParser.parseDocument(XmlParser.java:481)
	at com.microstar.xml.XmlParser.doParse(XmlParser.java:159)
	at com.microstar.xml.XmlParser.parse(XmlParser.java:132)
	at ptolemy.moml.MoMLParser.parse(MoMLParser.java:1676)
	at ptolemy.moml.MoMLParser.parse(MoMLParser.java:1595)
	at ptolemy.moml.MoMLParser.parse(MoMLParser.java:1537)
	at ptolemy.actor.gui.PtolemyEffigy$Factory.createEffigy(PtolemyEffigy.java:424)
	at ptolemy.actor.gui.EffigyFactory.createEffigy(EffigyFactory.java:234)
	at ptolemy.actor.gui.Configuration.openModel(Configuration.java:1125)
	at ptolemy.actor.gui.Configuration.openModel(Configuration.java:1051)
	at ptolemy.actor.gui.ConfigurationApplication._openModel(ConfigurationApplication.java:1252)
	at ptolemy.actor.gui.ConfigurationApplication._parseArg(ConfigurationApplication.java:1399)
	at ptolemy.actor.gui.ConfigurationApplication._parseArgs(ConfigurationApplication.java:1478)
	at ptolemy.actor.gui.ConfigurationApplication.<init>(ConfigurationApplication.java:277)
	at ptolemy.actor.gui.ConfigurationApplication.<init>(ConfigurationApplication.java:214)
	at ptolemy.actor.gui.ConfigurationApplication.<init>(ConfigurationApplication.java:201)
	at ptolemy.actor.gui.ConfigurationApplication.openModelOrEntity(ConfigurationApplication.java:680)
	at ptolemy.vergil.basic.export.ExportModel$1.run(ExportModel.java:220)
	at java.awt.event.InvocationEvent.dispatch(InvocationEvent.java:301)
	at java.awt.EventQueue.dispatchEventImpl(EventQueue.java:756)
	at java.awt.EventQueue.access$500(EventQueue.java:97)
	at java.awt.EventQueue$3.run(EventQueue.java:709)
	at java.awt.EventQueue$3.run(EventQueue.java:703)
	at java.security.AccessController.doPrivileged(Native Method)
	at java.security.ProtectionDomain$JavaSecurityAccessImpl.doIntersectionPrivilege(ProtectionDomain.java:80)
	at java.awt.EventQueue.dispatchEvent(EventQueue.java:726)
	at java.awt.EventDispatchThread.pumpOneEventForFilters(EventDispatchThread.java:201)
	at java.awt.EventDispatchThread.pumpEventsForFilter(EventDispatchThread.java:116)
	at java.awt.EventDispatchThread.pumpEventsForHierarchy(EventDispatchThread.java:105)
	at java.awt.EventDispatchThread.pumpEvents(EventDispatchThread.java:101)
	at java.awt.EventDispatchThread.pumpEvents(EventDispatchThread.java:93)
	at java.awt.EventDispatchThread.run(EventDispatchThread.java:82)
Caused by: ptolemy.actor.ptalon.PtalonRuntimeException: Unable to add actor null
	at ptolemy.actor.ptalon.PtalonEvaluator.addActor(PtalonEvaluator.java:300)
	at ptolemy.actor.ptalon.PtalonPopulator.actor_declaration(PtalonPopulator.java:1574)
	at ptolemy.actor.ptalon.PtalonPopulator.atomic_statement(PtalonPopulator.java:1638)
	at ptolemy.actor.ptalon.PtalonPopulator.iterative_statement_evaluator(PtalonPopulator.java:2484)
	at ptolemy.actor.ptalon.AbstractPtalonEvaluator$IfTree.evaluateForScope(AbstractPtalonEvaluator.java:1307)
	at ptolemy.actor.ptalon.AbstractPtalonEvaluator.evaluateForScope(AbstractPtalonEvaluator.java:744)
	at ptolemy.actor.ptalon.PtalonPopulator.iterative_statement(PtalonPopulator.java:2363)
	at ptolemy.actor.ptalon.PtalonPopulator.actor_definition(PtalonPopulator.java:2809)
	at ptolemy.actor.ptalon.PtalonActor.attributeChanged(PtalonActor.java:206)
	... 48 more
Caused by: ptolemy.kernel.util.InternalErrorException: Element <entity name="sender1" class="ptolemy.actor.ptalon.demo.ptinyos.SendAndReceiveCnt.CntToLedsAndRfm"> caused an exception to be thrown.
  in .SendAndReceiveCnt.SendAndReceiveCnt
Because:
Cannot find class: ptolemy.actor.ptalon.demo.ptinyos.SendAndReceiveCnt.CntToLedsAndRfm. In Ptolemy, classes are typically Java .class files. Entities like actors may instead be defined within a .xml file.  In any case, the class was not found. If the class uses a third party package, then the class would be present only if the third party package was found at compile time.  It may be necessary to upgrade Java or install the third party package, reconfigure and recompile.
Because:
Element <entity name="MicaLeds" class="ptolemy.domains.ptinyos.lib.MicaLeds"> caused an exception to be thrown.
  in .CntToLedsAndRfm
Because:
Cannot find class: ptolemy.domains.ptinyos.lib.MicaLeds. In Ptolemy, classes are typically Java .class files. Entities like actors may instead be defined within a .xml file.  In any case, the class was not found. If the class uses a third party package, then the class would be present only if the third party package was found at compile time.  It may be necessary to upgrade Java or install the third party package, reconfigure and recompile.
Because:
-- /home/travis/build/icyphy/ptII/ptolemy/actor/ptalon/demo/ptinyos/SendAndReceiveCnt/ptolemy/domains/ptinyos/lib/MicaLeds.xml (No such file or directory)
-- XML file not found relative to classpath.
-- /home/travis/build/icyphy/ptII/ptolemy/vergil/basic/export/test/ptolemy/domains/ptinyos/lib/MicaLeds.xml
/home/travis/build/icyphy/ptII/ptolemy/vergil/basic/export/test/ptolemy/domains/ptinyos/lib/MicaLeds.xml (No such file or directory)
 in file:/home/travis/build/icyphy/ptII/ptolemy/actor/ptalon/demo/ptinyos/SendAndReceiveCnt/CntToLedsAndRfm.xml at line 132 and column 63
	at ptolemy.moml.SimpleErrorHandler.handleError(SimpleErrorHandler.java:75)
	at ptolemy.moml.MoMLParser.startElement(MoMLParser.java:3805)
	at com.microstar.xml.XmlParser.parseElement(XmlParser.java:931)
	at com.microstar.xml.XmlParser.parseDocument(XmlParser.java:481)
	at com.microstar.xml.XmlParser.doParse(XmlParser.java:159)
	at com.microstar.xml.XmlParser.parse(XmlParser.java:132)
	at ptolemy.moml.MoMLParser.parse(MoMLParser.java:1660)
	at ptolemy.moml.MoMLParser.parse(MoMLParser.java:1617)
	at ptolemy.moml.MoMLParser.parse(MoMLParser.java:1792)
	at ptolemy.actor.ptalon.PtalonEvaluator.addActor(PtalonEvaluator.java:241)
	... 56 more
Caused by: ptolemy.kernel.util.IllegalActionException: Cannot find class: ptolemy.actor.ptalon.demo.ptinyos.SendAndReceiveCnt.CntToLedsAndRfm. In Ptolemy, classes are typically Java .class files. Entities like actors may instead be defined within a .xml file.  In any case, the class was not found. If the class uses a third party package, then the class would be present only if the third party package was found at compile time.  It may be necessary to upgrade Java or install the third party package, reconfigure and recompile.
Because:
Element <entity name="MicaLeds" class="ptolemy.domains.ptinyos.lib.MicaLeds"> caused an exception to be thrown.
  in .CntToLedsAndRfm
Because:
Cannot find class: ptolemy.domains.ptinyos.lib.MicaLeds. In Ptolemy, classes are typically Java .class files. Entities like actors may instead be defined within a .xml file.  In any case, the class was not found. If the class uses a third party package, then the class would be present only if the third party package was found at compile time.  It may be necessary to upgrade Java or install the third party package, reconfigure and recompile.
Because:
-- /home/travis/build/icyphy/ptII/ptolemy/actor/ptalon/demo/ptinyos/SendAndReceiveCnt/ptolemy/domains/ptinyos/lib/MicaLeds.xml (No such file or directory)
-- XML file not found relative to classpath.
-- /home/travis/build/icyphy/ptII/ptolemy/vergil/basic/export/test/ptolemy/domains/ptinyos/lib/MicaLeds.xml
/home/travis/build/icyphy/ptII/ptolemy/vergil/basic/export/test/ptolemy/domains/ptinyos/lib/MicaLeds.xml (No such file or directory)
 in file:/home/travis/build/icyphy/ptII/ptolemy/actor/ptalon/demo/ptinyos/SendAndReceiveCnt/CntToLedsAndRfm.xml at line 132 and column 63
	at ptolemy.moml.MoMLParser._createEntity(MoMLParser.java:4330)
	at ptolemy.moml.MoMLParser.startElement(MoMLParser.java:2864)
	... 64 more
Caused by: ptolemy.kernel.util.InternalErrorException: Element <entity name="MicaLeds" class="ptolemy.domains.ptinyos.lib.MicaLeds"> caused an exception to be thrown.
  in .CntToLedsAndRfm
Because:
Cannot find class: ptolemy.domains.ptinyos.lib.MicaLeds. In Ptolemy, classes are typically Java .class files. Entities like actors may instead be defined within a .xml file.  In any case, the class was not found. If the class uses a third party package, then the class would be present only if the third party package was found at compile time.  It may be necessary to upgrade Java or install the third party package, reconfigure and recompile.
Because:
-- /home/travis/build/icyphy/ptII/ptolemy/actor/ptalon/demo/ptinyos/SendAndReceiveCnt/ptolemy/domains/ptinyos/lib/MicaLeds.xml (No such file or directory)
-- XML file not found relative to classpath.
-- /home/travis/build/icyphy/ptII/ptolemy/vergil/basic/export/test/ptolemy/domains/ptinyos/lib/MicaLeds.xml
/home/travis/build/icyphy/ptII/ptolemy/vergil/basic/export/test/ptolemy/domains/ptinyos/lib/MicaLeds.xml (No such file or directory)
 in file:/home/travis/build/icyphy/ptII/ptolemy/actor/ptalon/demo/ptinyos/SendAndReceiveCnt/CntToLedsAndRfm.xml at line 132 and column 63
	at ptolemy.moml.SimpleErrorHandler.handleError(SimpleErrorHandler.java:75)
	at ptolemy.moml.MoMLParser.startElement(MoMLParser.java:3805)
	at com.microstar.xml.XmlParser.parseElement(XmlParser.java:921)
	at com.microstar.xml.XmlParser.parseContent(XmlParser.java:1104)
	at com.microstar.xml.XmlParser.parseElement(XmlParser.java:924)
	at com.microstar.xml.XmlParser.parseDocument(XmlParser.java:481)
	at com.microstar.xml.XmlParser.doParse(XmlParser.java:159)
	at com.microstar.xml.XmlParser.parse(XmlParser.java:132)
	at ptolemy.moml.MoMLParser.parse(MoMLParser.java:1676)
	at ptolemy.moml.MoMLParser.parse(MoMLParser.java:1595)
	at ptolemy.moml.MoMLParser.parse(MoMLParser.java:1537)
	at ptolemy.moml.MoMLParser._findOrParse(MoMLParser.java:5286)
	at ptolemy.moml.MoMLParser._attemptToFindMoMLClass(MoMLParser.java:4075)
	at ptolemy.moml.MoMLParser._createEntity(MoMLParser.java:4323)
	... 65 more
Caused by: ptolemy.kernel.util.IllegalActionException: Cannot find class: ptolemy.domains.ptinyos.lib.MicaLeds. In Ptolemy, classes are typically Java .class files. Entities like actors may instead be defined within a .xml file.  In any case, the class was not found. If the class uses a third party package, then the class would be present only if the third party package was found at compile time.  It may be necessary to upgrade Java or install the third party package, reconfigure and recompile.
Because:
-- /home/travis/build/icyphy/ptII/ptolemy/actor/ptalon/demo/ptinyos/SendAndReceiveCnt/ptolemy/domains/ptinyos/lib/MicaLeds.xml (No such file or directory)
-- XML file not found relative to classpath.
-- /home/travis/build/icyphy/ptII/ptolemy/vergil/basic/export/test/ptolemy/domains/ptinyos/lib/MicaLeds.xml
/home/travis/build/icyphy/ptII/ptolemy/vergil/basic/export/test/ptolemy/domains/ptinyos/lib/MicaLeds.xml (No such file or directory)
 in file:/home/travis/build/icyphy/ptII/ptolemy/actor/ptalon/demo/ptinyos/SendAndReceiveCnt/CntToLedsAndRfm.xml at line 132 and column 63
	at ptolemy.moml.MoMLParser._createEntity(MoMLParser.java:4330)
	at ptolemy.moml.MoMLParser.startElement(MoMLParser.java:2864)
	... 77 more
Caused by: com.microstar.xml.XmlException: -- /home/travis/build/icyphy/ptII/ptolemy/actor/ptalon/demo/ptinyos/SendAndReceiveCnt/ptolemy/domains/ptinyos/lib/MicaLeds.xml (No such file or directory)
-- XML file not found relative to classpath.
-- /home/travis/build/icyphy/ptII/ptolemy/vergil/basic/export/test/ptolemy/domains/ptinyos/lib/MicaLeds.xml
/home/travis/build/icyphy/ptII/ptolemy/vergil/basic/export/test/ptolemy/domains/ptinyos/lib/MicaLeds.xml (No such file or directory)
 in file:/home/travis/build/icyphy/ptII/ptolemy/actor/ptalon/demo/ptinyos/SendAndReceiveCnt/CntToLedsAndRfm.xml at line 132 and column 63
	at ptolemy.moml.MoMLParser.fileNameToURL(MoMLParser.java:1414)
	at ptolemy.moml.MoMLParser._findOrParse(MoMLParser.java:5283)
	at ptolemy.moml.MoMLParser._attemptToFindMoMLClass(MoMLParser.java:4075)
	at ptolemy.moml.MoMLParser._createEntity(MoMLParser.java:4323)
	... 78 more
Caused by: ptolemy.actor.ptalon.PtalonRuntimeException: Unable to add actor null
	at ptolemy.actor.ptalon.PtalonEvaluator.addActor(PtalonEvaluator.java:300)
	at ptolemy.actor.ptalon.PtalonPopulator.actor_declaration(PtalonPopulator.java:1574)
	at ptolemy.actor.ptalon.PtalonPopulator.atomic_statement(PtalonPopulator.java:1638)
	at ptolemy.actor.ptalon.PtalonPopulator.iterative_statement_evaluator(PtalonPopulator.java:2484)
	at ptolemy.actor.ptalon.AbstractPtalonEvaluator$IfTree.evaluateForScope(AbstractPtalonEvaluator.java:1307)
	at ptolemy.actor.ptalon.AbstractPtalonEvaluator.evaluateForScope(AbstractPtalonEvaluator.java:744)
	at ptolemy.actor.ptalon.PtalonPopulator.iterative_statement(PtalonPopulator.java:2363)
	at ptolemy.actor.ptalon.PtalonPopulator.actor_definition(PtalonPopulator.java:2809)
	at ptolemy.actor.ptalon.PtalonActor.attributeChanged(PtalonActor.java:206)
	at ptolemy.actor.ptalon.PtalonMLHandler.startElement(PtalonMLHandler.java:134)
	at com.microstar.xml.XmlParser.parseElement(XmlParser.java:921)
	at com.microstar.xml.XmlParser.parseContent(XmlParser.java:1104)
	at com.microstar.xml.XmlParser.parseElement(XmlParser.java:924)
	at com.microstar.xml.XmlParser.parseDocument(XmlParser.java:481)
	at com.microstar.xml.XmlParser.doParse(XmlParser.java:159)
	at com.microstar.xml.XmlParser.parse(XmlParser.java:132)
	at ptolemy.actor.ptalon.PtalonActor.configure(PtalonActor.java:240)
	at ptolemy.moml.MoMLParser.endElement(MoMLParser.java:996)
	at com.microstar.xml.XmlParser.parseETag(XmlParser.java:1026)
	at com.microstar.xml.XmlParser.parseContent(XmlParser.java:1098)
	at com.microstar.xml.XmlParser.parseElement(XmlParser.java:924)
	at com.microstar.xml.XmlParser.parseContent(XmlParser.java:1104)
	at com.microstar.xml.XmlParser.parseElement(XmlParser.java:924)
	at com.microstar.xml.XmlParser.parseContent(XmlParser.java:1104)
	at com.microstar.xml.XmlParser.parseElement(XmlParser.java:924)
	at com.microstar.xml.XmlParser.parseDocument(XmlParser.java:481)
	at com.microstar.xml.XmlParser.doParse(XmlParser.java:159)
	at com.microstar.xml.XmlParser.parse(XmlParser.java:132)
	at ptolemy.moml.MoMLParser.parse(MoMLParser.java:1676)
	at ptolemy.moml.MoMLParser.parse(MoMLParser.java:1595)
	at ptolemy.moml.MoMLParser.parse(MoMLParser.java:1537)
	at ptolemy.actor.gui.PtolemyEffigy$Factory.createEffigy(PtolemyEffigy.java:424)
	at ptolemy.actor.gui.EffigyFactory.createEffigy(EffigyFactory.java:234)
	at ptolemy.actor.gui.Configuration.openModel(Configuration.java:1125)
	at ptolemy.actor.gui.Configuration.openModel(Configuration.java:1051)
	at ptolemy.actor.gui.ConfigurationApplication._openModel(ConfigurationApplication.java:1252)
	at ptolemy.actor.gui.ConfigurationApplication._parseArg(ConfigurationApplication.java:1399)
	at ptolemy.actor.gui.ConfigurationApplication._parseArgs(ConfigurationApplication.java:1478)
	at ptolemy.actor.gui.ConfigurationApplication.<init>(ConfigurationApplication.java:277)
	at ptolemy.actor.gui.ConfigurationApplication.<init>(ConfigurationApplication.java:214)
	at ptolemy.actor.gui.ConfigurationApplication.<init>(ConfigurationApplication.java:201)
	at ptolemy.actor.gui.ConfigurationApplication.openModelOrEntity(ConfigurationApplication.java:680)
	at ptolemy.vergil.basic.export.ExportModel$1.run(ExportModel.java:220)
	at java.awt.event.InvocationEvent.dispatch(InvocationEvent.java:301)
	at java.awt.EventQueue.dispatchEventImpl(EventQueue.java:756)
	at java.awt.EventQueue.access$500(EventQueue.java:97)
	at java.awt.EventQueue$3.run(EventQueue.java:709)
	at java.awt.EventQueue$3.run(EventQueue.java:703)
	at java.security.AccessController.doPrivileged(Native Method)
	at java.security.ProtectionDomain$JavaSecurityAccessImpl.doIntersectionPrivilege(ProtectionDomain.java:80)
	at java.awt.EventQueue.dispatchEvent(EventQueue.java:726)
	at java.awt.EventDispatchThread.pumpOneEventForFilters(EventDispatchThread.java:201)
	at java.awt.EventDispatchThread.pumpEventsForFilter(EventDispatchThread.java:116)
	at java.awt.EventDispatchThread.pumpEventsForHierarchy(EventDispatchThread.java:105)
	at java.awt.EventDispatchThread.pumpEvents(EventDispatchThread.java:101)
	at java.awt.EventDispatchThread.pumpEvents(EventDispatchThread.java:93)
	at java.awt.EventDispatchThread.run(EventDispatchThread.java:82)
Caused by: ptolemy.kernel.util.InternalErrorException: Element <entity name="sender1" class="ptolemy.actor.ptalon.demo.ptinyos.SendAndReceiveCnt.CntToLedsAndRfm"> caused an exception to be thrown.
  in .SendAndReceiveCnt.SendAndReceiveCnt
Because:
Cannot find class: ptolemy.actor.ptalon.demo.ptinyos.SendAndReceiveCnt.CntToLedsAndRfm. In Ptolemy, classes are typically Java .class files. Entities like actors may instead be defined within a .xml file.  In any case, the class was not found. If the class uses a third party package, then the class would be present only if the third party package was found at compile time.  It may be necessary to upgrade Java or install the third party package, reconfigure and recompile.
Because:
Element <entity name="MicaLeds" class="ptolemy.domains.ptinyos.lib.MicaLeds"> caused an exception to be thrown.
  in .CntToLedsAndRfm
Because:
Cannot find class: ptolemy.domains.ptinyos.lib.MicaLeds. In Ptolemy, classes are typically Java .class files. Entities like actors may instead be defined within a .xml file.  In any case, the class was not found. If the class uses a third party package, then the class would be present only if the third party package was found at compile time.  It may be necessary to upgrade Java or install the third party package, reconfigure and recompile.
Because:
-- /home/travis/build/icyphy/ptII/ptolemy/actor/ptalon/demo/ptinyos/SendAndReceiveCnt/ptolemy/domains/ptinyos/lib/MicaLeds.xml (No such file or directory)
-- XML file not found relative to classpath.
-- /home/travis/build/icyphy/ptII/ptolemy/vergil/basic/export/test/ptolemy/domains/ptinyos/lib/MicaLeds.xml
/home/travis/build/icyphy/ptII/ptolemy/vergil/basic/export/test/ptolemy/domains/ptinyos/lib/MicaLeds.xml (No such file or directory)
 in file:/home/travis/build/icyphy/ptII/ptolemy/actor/ptalon/demo/ptinyos/SendAndReceiveCnt/CntToLedsAndRfm.xml at line 132 and column 63
	at ptolemy.moml.SimpleErrorHandler.handleError(SimpleErrorHandler.java:75)
	at ptolemy.moml.MoMLParser.startElement(MoMLParser.java:3805)
	at com.microstar.xml.XmlParser.parseElement(XmlParser.java:931)
	at com.microstar.xml.XmlParser.parseDocument(XmlParser.java:481)
	at com.microstar.xml.XmlParser.doParse(XmlParser.java:159)
	at com.microstar.xml.XmlParser.parse(XmlParser.java:132)
	at ptolemy.moml.MoMLParser.parse(MoMLParser.java:1660)
	at ptolemy.moml.MoMLParser.parse(MoMLParser.java:1617)
	at ptolemy.moml.MoMLParser.parse(MoMLParser.java:1792)
	at ptolemy.actor.ptalon.PtalonEvaluator.addActor(PtalonEvaluator.java:241)
	... 56 more
Caused by: ptolemy.kernel.util.IllegalActionException: Cannot find class: ptolemy.actor.ptalon.demo.ptinyos.SendAndReceiveCnt.CntToLedsAndRfm. In Ptolemy, classes are typically Java .class files. Entities like actors may instead be defined within a .xml file.  In any case, the class was not found. If the class uses a third party package, then the class would be present only if the third party package was found at compile time.  It may be necessary to upgrade Java or install the third party package, reconfigure and recompile.
Because:
Element <entity name="MicaLeds" class="ptolemy.domains.ptinyos.lib.MicaLeds"> caused an exception to be thrown.
  in .CntToLedsAndRfm
Because:
Cannot find class: ptolemy.domains.ptinyos.lib.MicaLeds. In Ptolemy, classes are typically Java .class files. Entities like actors may instead be defined within a .xml file.  In any case, the class was not found. If the class uses a third party package, then the class would be present only if the third party package was found at compile time.  It may be necessary to upgrade Java or install the third party package, reconfigure and recompile.
Because:
-- /home/travis/build/icyphy/ptII/ptolemy/actor/ptalon/demo/ptinyos/SendAndReceiveCnt/ptolemy/domains/ptinyos/lib/MicaLeds.xml (No such file or directory)
-- XML file not found relative to classpath.
-- /home/travis/build/icyphy/ptII/ptolemy/vergil/basic/export/test/ptolemy/domains/ptinyos/lib/MicaLeds.xml
/home/travis/build/icyphy/ptII/ptolemy/vergil/basic/export/test/ptolemy/domains/ptinyos/lib/MicaLeds.xml (No such file or directory)
 in file:/home/travis/build/icyphy/ptII/ptolemy/actor/ptalon/demo/ptinyos/SendAndReceiveCnt/CntToLedsAndRfm.xml at line 132 and column 63
	at ptolemy.moml.MoMLParser._createEntity(MoMLParser.java:4330)
	at ptolemy.moml.MoMLParser.startElement(MoMLParser.java:2864)
	... 64 more
Caused by: ptolemy.kernel.util.InternalErrorException: Element <entity name="MicaLeds" class="ptolemy.domains.ptinyos.lib.MicaLeds"> caused an exception to be thrown.
  in .CntToLedsAndRfm
Because:
Cannot find class: ptolemy.domains.ptinyos.lib.MicaLeds. In Ptolemy, classes are typically Java .class files. Entities like actors may instead be defined within a .xml file.  In any case, the class was not found. If the class uses a third party package, then the class would be present only if the third party package was found at compile time.  It may be necessary to upgrade Java or install the third party package, reconfigure and recompile.
Because:
-- /home/travis/build/icyphy/ptII/ptolemy/actor/ptalon/demo/ptinyos/SendAndReceiveCnt/ptolemy/domains/ptinyos/lib/MicaLeds.xml (No such file or directory)
-- XML file not found relative to classpath.
-- /home/travis/build/icyphy/ptII/ptolemy/vergil/basic/export/test/ptolemy/domains/ptinyos/lib/MicaLeds.xml
/home/travis/build/icyphy/ptII/ptolemy/vergil/basic/export/test/ptolemy/domains/ptinyos/lib/MicaLeds.xml (No such file or directory)
 in file:/home/travis/build/icyphy/ptII/ptolemy/actor/ptalon/demo/ptinyos/SendAndReceiveCnt/CntToLedsAndRfm.xml at line 132 and column 63
	at ptolemy.moml.SimpleErrorHandler.handleError(SimpleErrorHandler.java:75)
	at ptolemy.moml.MoMLParser.startElement(MoMLParser.java:3805)
	at com.microstar.xml.XmlParser.parseElement(XmlParser.java:921)
	at com.microstar.xml.XmlParser.parseContent(XmlParser.java:1104)
	at com.microstar.xml.XmlParser.parseElement(XmlParser.java:924)
	at com.microstar.xml.XmlParser.parseDocument(XmlParser.java:481)
	at com.microstar.xml.XmlParser.doParse(XmlParser.java:159)
	at com.microstar.xml.XmlParser.parse(XmlParser.java:132)
	at ptolemy.moml.MoMLParser.parse(MoMLParser.java:1676)
	at ptolemy.moml.MoMLParser.parse(MoMLParser.java:1595)
	at ptolemy.moml.MoMLParser.parse(MoMLParser.java:1537)
	at ptolemy.moml.MoMLParser._findOrParse(MoMLParser.java:5286)
	at ptolemy.moml.MoMLParser._attemptToFindMoMLClass(MoMLParser.java:4075)
	at ptolemy.moml.MoMLParser._createEntity(MoMLParser.java:4323)
	... 65 more
Caused by: ptolemy.kernel.util.IllegalActionException: Cannot find class: ptolemy.domains.ptinyos.lib.MicaLeds. In Ptolemy, classes are typically Java .class files. Entities like actors may instead be defined within a .xml file.  In any case, the class was not found. If the class uses a third party package, then the class would be present only if the third party package was found at compile time.  It may be necessary to upgrade Java or install the third party package, reconfigure and recompile.
Because:
-- /home/travis/build/icyphy/ptII/ptolemy/actor/ptalon/demo/ptinyos/SendAndReceiveCnt/ptolemy/domains/ptinyos/lib/MicaLeds.xml (No such file or directory)
-- XML file not found relative to classpath.
-- /home/travis/build/icyphy/ptII/ptolemy/vergil/basic/export/test/ptolemy/domains/ptinyos/lib/MicaLeds.xml
/home/travis/build/icyphy/ptII/ptolemy/vergil/basic/export/test/ptolemy/domains/ptinyos/lib/MicaLeds.xml (No such file or directory)
 in file:/home/travis/build/icyphy/ptII/ptolemy/actor/ptalon/demo/ptinyos/SendAndReceiveCnt/CntToLedsAndRfm.xml at line 132 and column 63
	at ptolemy.moml.MoMLParser._createEntity(MoMLParser.java:4330)
	at ptolemy.moml.MoMLParser.startElement(MoMLParser.java:2864)
	... 77 more
Caused by: com.microstar.xml.XmlException: -- /home/travis/build/icyphy/ptII/ptolemy/actor/ptalon/demo/ptinyos/SendAndReceiveCnt/ptolemy/domains/ptinyos/lib/MicaLeds.xml (No such file or directory)
-- XML file not found relative to classpath.
-- /home/travis/build/icyphy/ptII/ptolemy/vergil/basic/export/test/ptolemy/domains/ptinyos/lib/MicaLeds.xml
/home/travis/build/icyphy/ptII/ptolemy/vergil/basic/export/test/ptolemy/domains/ptinyos/lib/MicaLeds.xml (No such file or directory)
 in file:/home/travis/build/icyphy/ptII/ptolemy/actor/ptalon/demo/ptinyos/SendAndReceiveCnt/CntToLedsAndRfm.xml at line 132 and column 63
	at ptolemy.moml.MoMLParser.fileNameToURL(MoMLParser.java:1414)
	at ptolemy.moml.MoMLParser._findOrParse(MoMLParser.java:5283)
	at ptolemy.moml.MoMLParser._attemptToFindMoMLClass(MoMLParser.java:4075)
	at ptolemy.moml.MoMLParser._createEntity(MoMLParser.java:4323)
	... 78 more
Failed to read file:/home/travis/build/icyphy/ptII/ptolemy/actor/ptalon/demo/ptinyos/SendAndReceiveCnt/SendAndReceiveCnt.xml
ptolemy.kernel.util.IllegalActionException: Failed to process attribute change to PtalonParameter, whose value is "ptolemy.actor.ptalon.PtalonExpressionParameter {.SendAndReceiveCnt.SendAndReceiveCnt.channelName} "AtomicWirelessChannel"".
  in .SendAndReceiveCnt.SendAndReceiveCnt
Because:
Unable to add actor null
	at ptolemy.actor.ptalon.PtalonActor.attributeChanged(PtalonActor.java:211)
	at ptolemy.actor.ptalon.PtalonMLHandler.startElement(PtalonMLHandler.java:134)
	at com.microstar.xml.XmlParser.parseElement(XmlParser.java:921)
	at com.microstar.xml.XmlParser.parseContent(XmlParser.java:1104)
	at com.microstar.xml.XmlParser.parseElement(XmlParser.java:924)
	at com.microstar.xml.XmlParser.parseDocument(XmlParser.java:481)
	at com.microstar.xml.XmlParser.doParse(XmlParser.java:159)
	at com.microstar.xml.XmlParser.parse(XmlParser.java:132)
	at ptolemy.actor.ptalon.PtalonActor.configure(PtalonActor.java:240)
	at ptolemy.moml.MoMLParser.endElement(MoMLParser.java:996)
	at com.microstar.xml.XmlParser.parseETag(XmlParser.java:1026)
	at com.microstar.xml.XmlParser.parseContent(XmlParser.java:1098)
	at com.microstar.xml.XmlParser.parseElement(XmlParser.java:924)
	at com.microstar.xml.XmlParser.parseContent(XmlParser.java:1104)
	at com.microstar.xml.XmlParser.parseElement(XmlParser.java:924)
	at com.microstar.xml.XmlParser.parseContent(XmlParser.java:1104)
	at com.microstar.xml.XmlParser.parseElement(XmlParser.java:924)
	at com.microstar.xml.XmlParser.parseDocument(XmlParser.java:481)
	at com.microstar.xml.XmlParser.doParse(XmlParser.java:159)
	at com.microstar.xml.XmlParser.parse(XmlParser.java:132)
	at ptolemy.moml.MoMLParser.parse(MoMLParser.java:1676)
	at ptolemy.moml.MoMLParser.parse(MoMLParser.java:1595)
	at ptolemy.moml.MoMLParser.parse(MoMLParser.java:1537)
	at ptolemy.actor.gui.PtolemyEffigy$Factory.createEffigy(PtolemyEffigy.java:424)
	at ptolemy.actor.gui.EffigyFactory.createEffigy(EffigyFactory.java:234)
	at ptolemy.actor.gui.Configuration.openModel(Configuration.java:1125)
	at ptolemy.actor.gui.Configuration.openModel(Configuration.java:1051)
	at ptolemy.actor.gui.ConfigurationApplication._openModel(ConfigurationApplication.java:1252)
	at ptolemy.actor.gui.ConfigurationApplication._parseArg(ConfigurationApplication.java:1399)
	at ptolemy.actor.gui.ConfigurationApplication._parseArgs(ConfigurationApplication.java:1478)
	at ptolemy.actor.gui.ConfigurationApplication.<init>(ConfigurationApplication.java:277)
	at ptolemy.actor.gui.ConfigurationApplication.<init>(ConfigurationApplication.java:214)
	at ptolemy.actor.gui.ConfigurationApplication.<init>(ConfigurationApplication.java:201)
	at ptolemy.actor.gui.ConfigurationApplication.openModelOrEntity(ConfigurationApplication.java:680)
	at ptolemy.vergil.basic.export.ExportModel$1.run(ExportModel.java:220)
	at java.awt.event.InvocationEvent.dispatch(InvocationEvent.java:301)
	at java.awt.EventQueue.dispatchEventImpl(EventQueue.java:756)
	at java.awt.EventQueue.access$500(EventQueue.java:97)
	at java.awt.EventQueue$3.run(EventQueue.java:709)
	at java.awt.EventQueue$3.run(EventQueue.java:703)
	at java.security.AccessController.doPrivileged(Native Method)
	at java.security.ProtectionDomain$JavaSecurityAccessImpl.doIntersectionPrivilege(ProtectionDomain.java:80)
	at java.awt.EventQueue.dispatchEvent(EventQueue.java:726)
	at java.awt.EventDispatchThread.pumpOneEventForFilters(EventDispatchThread.java:201)
	at java.awt.EventDispatchThread.pumpEventsForFilter(EventDispatchThread.java:116)
	at java.awt.EventDispatchThread.pumpEventsForHierarchy(EventDispatchThread.java:105)
	at java.awt.EventDispatchThread.pumpEvents(EventDispatchThread.java:101)
	at java.awt.EventDispatchThread.pumpEvents(EventDispatchThread.java:93)
	at java.awt.EventDispatchThread.run(EventDispatchThread.java:82)
Caused by: ptolemy.actor.ptalon.PtalonRuntimeException: Unable to add actor null
	at ptolemy.actor.ptalon.PtalonEvaluator.addActor(PtalonEvaluator.java:300)
	at ptolemy.actor.ptalon.PtalonPopulator.actor_declaration(PtalonPopulator.java:1574)
	at ptolemy.actor.ptalon.PtalonPopulator.atomic_statement(PtalonPopulator.java:1638)
	at ptolemy.actor.ptalon.PtalonPopulator.iterative_statement_evaluator(PtalonPopulator.java:2484)
	at ptolemy.actor.ptalon.AbstractPtalonEvaluator$IfTree.evaluateForScope(AbstractPtalonEvaluator.java:1307)
	at ptolemy.actor.ptalon.AbstractPtalonEvaluator.evaluateForScope(AbstractPtalonEvaluator.java:744)
	at ptolemy.actor.ptalon.PtalonPopulator.iterative_statement(PtalonPopulator.java:2363)
	at ptolemy.actor.ptalon.PtalonPopulator.actor_definition(PtalonPopulator.java:2809)
	at ptolemy.actor.ptalon.PtalonActor.attributeChanged(PtalonActor.java:206)
	... 48 more
Caused by: ptolemy.kernel.util.InternalErrorException: Element <entity name="sender1" class="ptolemy.actor.ptalon.demo.ptinyos.SendAndReceiveCnt.CntToLedsAndRfm"> caused an exception to be thrown.
  in .SendAndReceiveCnt.SendAndReceiveCnt
Because:
Cannot find class: ptolemy.actor.ptalon.demo.ptinyos.SendAndReceiveCnt.CntToLedsAndRfm. In Ptolemy, classes are typically Java .class files. Entities like actors may instead be defined within a .xml file.  In any case, the class was not found. If the class uses a third party package, then the class would be present only if the third party package was found at compile time.  It may be necessary to upgrade Java or install the third party package, reconfigure and recompile.
Because:
Element <entity name="MicaLeds" class="ptolemy.domains.ptinyos.lib.MicaLeds"> caused an exception to be thrown.
  in .CntToLedsAndRfm
Because:
Cannot find class: ptolemy.domains.ptinyos.lib.MicaLeds. In Ptolemy, classes are typically Java .class files. Entities like actors may instead be defined within a .xml file.  In any case, the class was not found. If the class uses a third party package, then the class would be present only if the third party package was found at compile time.  It may be necessary to upgrade Java or install the third party package, reconfigure and recompile.
Because:
-- /home/travis/build/icyphy/ptII/ptolemy/actor/ptalon/demo/ptinyos/SendAndReceiveCnt/ptolemy/domains/ptinyos/lib/MicaLeds.xml (No such file or directory)
-- XML file not found relative to classpath.
-- /home/travis/build/icyphy/ptII/ptolemy/vergil/basic/export/test/ptolemy/domains/ptinyos/lib/MicaLeds.xml
/home/travis/build/icyphy/ptII/ptolemy/vergil/basic/export/test/ptolemy/domains/ptinyos/lib/MicaLeds.xml (No such file or directory)
 in file:/home/travis/build/icyphy/ptII/ptolemy/actor/ptalon/demo/ptinyos/SendAndReceiveCnt/CntToLedsAndRfm.xml at line 132 and column 63
	at ptolemy.moml.SimpleErrorHandler.handleError(SimpleErrorHandler.java:75)
	at ptolemy.moml.MoMLParser.startElement(MoMLParser.java:3805)
	at com.microstar.xml.XmlParser.parseElement(XmlParser.java:931)
	at com.microstar.xml.XmlParser.parseDocument(XmlParser.java:481)
	at com.microstar.xml.XmlParser.doParse(XmlParser.java:159)
	at com.microstar.xml.XmlParser.parse(XmlParser.java:132)
	at ptolemy.moml.MoMLParser.parse(MoMLParser.java:1660)
	at ptolemy.moml.MoMLParser.parse(MoMLParser.java:1617)
	at ptolemy.moml.MoMLParser.parse(MoMLParser.java:1792)
	at ptolemy.actor.ptalon.PtalonEvaluator.addActor(PtalonEvaluator.java:241)
	... 56 more
Caused by: ptolemy.kernel.util.IllegalActionException: Cannot find class: ptolemy.actor.ptalon.demo.ptinyos.SendAndReceiveCnt.CntToLedsAndRfm. In Ptolemy, classes are typically Java .class files. Entities like actors may instead be defined within a .xml file.  In any case, the class was not found. If the class uses a third party package, then the class would be present only if the third party package was found at compile time.  It may be necessary to upgrade Java or install the third party package, reconfigure and recompile.
Because:
Element <entity name="MicaLeds" class="ptolemy.domains.ptinyos.lib.MicaLeds"> caused an exception to be thrown.
  in .CntToLedsAndRfm
Because:
Cannot find class: ptolemy.domains.ptinyos.lib.MicaLeds. In Ptolemy, classes are typically Java .class files. Entities like actors may instead be defined within a .xml file.  In any case, the class was not found. If the class uses a third party package, then the class would be present only if the third party package was found at compile time.  It may be necessary to upgrade Java or install the third party package, reconfigure and recompile.
Because:
-- /home/travis/build/icyphy/ptII/ptolemy/actor/ptalon/demo/ptinyos/SendAndReceiveCnt/ptolemy/domains/ptinyos/lib/MicaLeds.xml (No such file or directory)
-- XML file not found relative to classpath.
-- /home/travis/build/icyphy/ptII/ptolemy/vergil/basic/export/test/ptolemy/domains/ptinyos/lib/MicaLeds.xml
/home/travis/build/icyphy/ptII/ptolemy/vergil/basic/export/test/ptolemy/domains/ptinyos/lib/MicaLeds.xml (No such file or directory)
 in file:/home/travis/build/icyphy/ptII/ptolemy/actor/ptalon/demo/ptinyos/SendAndReceiveCnt/CntToLedsAndRfm.xml at line 132 and column 63
	at ptolemy.moml.MoMLParser._createEntity(MoMLParser.java:4330)
	at ptolemy.moml.MoMLParser.startElement(MoMLParser.java:2864)
	... 64 more
Caused by: ptolemy.kernel.util.InternalErrorException: Element <entity name="MicaLeds" class="ptolemy.domains.ptinyos.lib.MicaLeds"> caused an exception to be thrown.
  in .CntToLedsAndRfm
Because:
Cannot find class: ptolemy.domains.ptinyos.lib.MicaLeds. In Ptolemy, classes are typically Java .class files. Entities like actors may instead be defined within a .xml file.  In any case, the class was not found. If the class uses a third party package, then the class would be present only if the third party package was found at compile time.  It may be necessary to upgrade Java or install the third party package, reconfigure and recompile.
Because:
-- /home/travis/build/icyphy/ptII/ptolemy/actor/ptalon/demo/ptinyos/SendAndReceiveCnt/ptolemy/domains/ptinyos/lib/MicaLeds.xml (No such file or directory)
-- XML file not found relative to classpath.
-- /home/travis/build/icyphy/ptII/ptolemy/vergil/basic/export/test/ptolemy/domains/ptinyos/lib/MicaLeds.xml
/home/travis/build/icyphy/ptII/ptolemy/vergil/basic/export/test/ptolemy/domains/ptinyos/lib/MicaLeds.xml (No such file or directory)
 in file:/home/travis/build/icyphy/ptII/ptolemy/actor/ptalon/demo/ptinyos/SendAndReceiveCnt/CntToLedsAndRfm.xml at line 132 and column 63
	at ptolemy.moml.SimpleErrorHandler.handleError(SimpleErrorHandler.java:75)
	at ptolemy.moml.MoMLParser.startElement(MoMLParser.java:3805)
	at com.microstar.xml.XmlParser.parseElement(XmlParser.java:921)
	at com.microstar.xml.XmlParser.parseContent(XmlParser.java:1104)
	at com.microstar.xml.XmlParser.parseElement(XmlParser.java:924)
	at com.microstar.xml.XmlParser.parseDocument(XmlParser.java:481)
	at com.microstar.xml.XmlParser.doParse(XmlParser.java:159)
	at com.microstar.xml.XmlParser.parse(XmlParser.java:132)
	at ptolemy.moml.MoMLParser.parse(MoMLParser.java:1676)
	at ptolemy.moml.MoMLParser.parse(MoMLParser.java:1595)
	at ptolemy.moml.MoMLParser.parse(MoMLParser.java:1537)
	at ptolemy.moml.MoMLParser._findOrParse(MoMLParser.java:5286)
	at ptolemy.moml.MoMLParser._attemptToFindMoMLClass(MoMLParser.java:4075)
	at ptolemy.moml.MoMLParser._createEntity(MoMLParser.java:4323)
	... 65 more
Caused by: ptolemy.kernel.util.IllegalActionException: Cannot find class: ptolemy.domains.ptinyos.lib.MicaLeds. In Ptolemy, classes are typically Java .class files. Entities like actors may instead be defined within a .xml file.  In any case, the class was not found. If the class uses a third party package, then the class would be present only if the third party package was found at compile time.  It may be necessary to upgrade Java or install the third party package, reconfigure and recompile.
Because:
-- /home/travis/build/icyphy/ptII/ptolemy/actor/ptalon/demo/ptinyos/SendAndReceiveCnt/ptolemy/domains/ptinyos/lib/MicaLeds.xml (No such file or directory)
-- XML file not found relative to classpath.
-- /home/travis/build/icyphy/ptII/ptolemy/vergil/basic/export/test/ptolemy/domains/ptinyos/lib/MicaLeds.xml
/home/travis/build/icyphy/ptII/ptolemy/vergil/basic/export/test/ptolemy/domains/ptinyos/lib/MicaLeds.xml (No such file or directory)
 in file:/home/travis/build/icyphy/ptII/ptolemy/actor/ptalon/demo/ptinyos/SendAndReceiveCnt/CntToLedsAndRfm.xml at line 132 and column 63
	at ptolemy.moml.MoMLParser._createEntity(MoMLParser.java:4330)
	at ptolemy.moml.MoMLParser.startElement(MoMLParser.java:2864)
	... 77 more
Caused by: com.microstar.xml.XmlException: -- /home/travis/build/icyphy/ptII/ptolemy/actor/ptalon/demo/ptinyos/SendAndReceiveCnt/ptolemy/domains/ptinyos/lib/MicaLeds.xml (No such file or directory)
-- XML file not found relative to classpath.
-- /home/travis/build/icyphy/ptII/ptolemy/vergil/basic/export/test/ptolemy/domains/ptinyos/lib/MicaLeds.xml
/home/travis/build/icyphy/ptII/ptolemy/vergil/basic/export/test/ptolemy/domains/ptinyos/lib/MicaLeds.xml (No such file or directory)
 in file:/home/travis/build/icyphy/ptII/ptolemy/actor/ptalon/demo/ptinyos/SendAndReceiveCnt/CntToLedsAndRfm.xml at line 132 and column 63
	at ptolemy.moml.MoMLParser.fileNameToURL(MoMLParser.java:1414)
	at ptolemy.moml.MoMLParser._findOrParse(MoMLParser.java:5283)
	at ptolemy.moml.MoMLParser._attemptToFindMoMLClass(MoMLParser.java:4075)
	at ptolemy.moml.MoMLParser._createEntity(MoMLParser.java:4323)
	... 78 more
Caused by: ptolemy.actor.ptalon.PtalonRuntimeException: Unable to add actor null
	at ptolemy.actor.ptalon.PtalonEvaluator.addActor(PtalonEvaluator.java:300)
	at ptolemy.actor.ptalon.PtalonPopulator.actor_declaration(PtalonPopulator.java:1574)
	at ptolemy.actor.ptalon.PtalonPopulator.atomic_statement(PtalonPopulator.java:1638)
	at ptolemy.actor.ptalon.PtalonPopulator.iterative_statement_evaluator(PtalonPopulator.java:2484)
	at ptolemy.actor.ptalon.AbstractPtalonEvaluator$IfTree.evaluateForScope(AbstractPtalonEvaluator.java:1307)
	at ptolemy.actor.ptalon.AbstractPtalonEvaluator.evaluateForScope(AbstractPtalonEvaluator.java:744)
	at ptolemy.actor.ptalon.PtalonPopulator.iterative_statement(PtalonPopulator.java:2363)
	at ptolemy.actor.ptalon.PtalonPopulator.actor_definition(PtalonPopulator.java:2809)
	at ptolemy.actor.ptalon.PtalonActor.attributeChanged(PtalonActor.java:206)
	at ptolemy.actor.ptalon.PtalonMLHandler.startElement(PtalonMLHandler.java:134)
	at com.microstar.xml.XmlParser.parseElement(XmlParser.java:921)
	at com.microstar.xml.XmlParser.parseContent(XmlParser.java:1104)
	at com.microstar.xml.XmlParser.parseElement(XmlParser.java:924)
	at com.microstar.xml.XmlParser.parseDocument(XmlParser.java:481)
	at com.microstar.xml.XmlParser.doParse(XmlParser.java:159)
	at com.microstar.xml.XmlParser.parse(XmlParser.java:132)
	at ptolemy.actor.ptalon.PtalonActor.configure(PtalonActor.java:240)
	at ptolemy.moml.MoMLParser.endElement(MoMLParser.java:996)
	at com.microstar.xml.XmlParser.parseETag(XmlParser.java:1026)
	at com.microstar.xml.XmlParser.parseContent(XmlParser.java:1098)
	at com.microstar.xml.XmlParser.parseElement(XmlParser.java:924)
	at com.microstar.xml.XmlParser.parseContent(XmlParser.java:1104)
	at com.microstar.xml.XmlParser.parseElement(XmlParser.java:924)
	at com.microstar.xml.XmlParser.parseContent(XmlParser.java:1104)
	at com.microstar.xml.XmlParser.parseElement(XmlParser.java:924)
	at com.microstar.xml.XmlParser.parseDocument(XmlParser.java:481)
	at com.microstar.xml.XmlParser.doParse(XmlParser.java:159)
	at com.microstar.xml.XmlParser.parse(XmlParser.java:132)
	at ptolemy.moml.MoMLParser.parse(MoMLParser.java:1676)
	at ptolemy.moml.MoMLParser.parse(MoMLParser.java:1595)
	at ptolemy.moml.MoMLParser.parse(MoMLParser.java:1537)
	at ptolemy.actor.gui.PtolemyEffigy$Factory.createEffigy(PtolemyEffigy.java:424)
	at ptolemy.actor.gui.EffigyFactory.createEffigy(EffigyFactory.java:234)
	at ptolemy.actor.gui.Configuration.openModel(Configuration.java:1125)
	at ptolemy.actor.gui.Configuration.openModel(Configuration.java:1051)
	at ptolemy.actor.gui.ConfigurationApplication._openModel(ConfigurationApplication.java:1252)
	at ptolemy.actor.gui.ConfigurationApplication._parseArg(ConfigurationApplication.java:1399)
	at ptolemy.actor.gui.ConfigurationApplication._parseArgs(ConfigurationApplication.java:1478)
	at ptolemy.actor.gui.ConfigurationApplication.<init>(ConfigurationApplication.java:277)
	at ptolemy.actor.gui.ConfigurationApplication.<init>(ConfigurationApplication.java:214)
	at ptolemy.actor.gui.ConfigurationApplication.<init>(ConfigurationApplication.java:201)
	at ptolemy.actor.gui.ConfigurationApplication.openModelOrEntity(ConfigurationApplication.java:680)
	at ptolemy.vergil.basic.export.ExportModel$1.run(ExportModel.java:220)
	at java.awt.event.InvocationEvent.dispatch(InvocationEvent.java:301)
	at java.awt.EventQueue.dispatchEventImpl(EventQueue.java:756)
	at java.awt.EventQueue.access$500(EventQueue.java:97)
	at java.awt.EventQueue$3.run(EventQueue.java:709)
	at java.awt.EventQueue$3.run(EventQueue.java:703)
	at java.security.AccessController.doPrivileged(Native Method)
	at java.security.ProtectionDomain$JavaSecurityAccessImpl.doIntersectionPrivilege(ProtectionDomain.java:80)
	at java.awt.EventQueue.dispatchEvent(EventQueue.java:726)
	at java.awt.EventDispatchThread.pumpOneEventForFilters(EventDispatchThread.java:201)
	at java.awt.EventDispatchThread.pumpEventsForFilter(EventDispatchThread.java:116)
	at java.awt.EventDispatchThread.pumpEventsForHierarchy(EventDispatchThread.java:105)
	at java.awt.EventDispatchThread.pumpEvents(EventDispatchThread.java:101)
	at java.awt.EventDispatchThread.pumpEvents(EventDispatchThread.java:93)
	at java.awt.EventDispatchThread.run(EventDispatchThread.java:82)
Caused by: ptolemy.kernel.util.InternalErrorException: Element <entity name="sender1" class="ptolemy.actor.ptalon.demo.ptinyos.SendAndReceiveCnt.CntToLedsAndRfm"> caused an exception to be thrown.
  in .SendAndReceiveCnt.SendAndReceiveCnt
Because:
Cannot find class: ptolemy.actor.ptalon.demo.ptinyos.SendAndReceiveCnt.CntToLedsAndRfm. In Ptolemy, classes are typically Java .class files. Entities like actors may instead be defined within a .xml file.  In any case, the class was not found. If the class uses a third party package, then the class would be present only if the third party package was found at compile time.  It may be necessary to upgrade Java or install the third party package, reconfigure and recompile.
Because:
Element <entity name="MicaLeds" class="ptolemy.domains.ptinyos.lib.MicaLeds"> caused an exception to be thrown.
  in .CntToLedsAndRfm
Because:
Cannot find class: ptolemy.domains.ptinyos.lib.MicaLeds. In Ptolemy, classes are typically Java .class files. Entities like actors may instead be defined within a .xml file.  In any case, the class was not found. If the class uses a third party package, then the class would be present only if the third party package was found at compile time.  It may be necessary to upgrade Java or install the third party package, reconfigure and recompile.
Because:
-- /home/travis/build/icyphy/ptII/ptolemy/actor/ptalon/demo/ptinyos/SendAndReceiveCnt/ptolemy/domains/ptinyos/lib/MicaLeds.xml (No such file or directory)
-- XML file not found relative to classpath.
-- /home/travis/build/icyphy/ptII/ptolemy/vergil/basic/export/test/ptolemy/domains/ptinyos/lib/MicaLeds.xml
/home/travis/build/icyphy/ptII/ptolemy/vergil/basic/export/test/ptolemy/domains/ptinyos/lib/MicaLeds.xml (No such file or directory)
 in file:/home/travis/build/icyphy/ptII/ptolemy/actor/ptalon/demo/ptinyos/SendAndReceiveCnt/CntToLedsAndRfm.xml at line 132 and column 63
	at ptolemy.moml.SimpleErrorHandler.handleError(SimpleErrorHandler.java:75)
	at ptolemy.moml.MoMLParser.startElement(MoMLParser.java:3805)
	at com.microstar.xml.XmlParser.parseElement(XmlParser.java:931)
	at com.microstar.xml.XmlParser.parseDocument(XmlParser.java:481)
	at com.microstar.xml.XmlParser.doParse(XmlParser.java:159)
	at com.microstar.xml.XmlParser.parse(XmlParser.java:132)
	at ptolemy.moml.MoMLParser.parse(MoMLParser.java:1660)
	at ptolemy.moml.MoMLParser.parse(MoMLParser.java:1617)
	at ptolemy.moml.MoMLParser.parse(MoMLParser.java:1792)
	at ptolemy.actor.ptalon.PtalonEvaluator.addActor(PtalonEvaluator.java:241)
	... 56 more
Caused by: ptolemy.kernel.util.IllegalActionException: Cannot find class: ptolemy.actor.ptalon.demo.ptinyos.SendAndReceiveCnt.CntToLedsAndRfm. In Ptolemy, classes are typically Java .class files. Entities like actors may instead be defined within a .xml file.  In any case, the class was not found. If the class uses a third party package, then the class would be present only if the third party package was found at compile time.  It may be necessary to upgrade Java or install the third party package, reconfigure and recompile.
Because:
Element <entity name="MicaLeds" class="ptolemy.domains.ptinyos.lib.MicaLeds"> caused an exception to be thrown.
  in .CntToLedsAndRfm
Because:
Cannot find class: ptolemy.domains.ptinyos.lib.MicaLeds. In Ptolemy, classes are typically Java .class files. Entities like actors may instead be defined within a .xml file.  In any case, the class was not found. If the class uses a third party package, then the class would be present only if the third party package was found at compile time.  It may be necessary to upgrade Java or install the third party package, reconfigure and recompile.
Because:
-- /home/travis/build/icyphy/ptII/ptolemy/actor/ptalon/demo/ptinyos/SendAndReceiveCnt/ptolemy/domains/ptinyos/lib/MicaLeds.xml (No such file or directory)
-- XML file not found relative to classpath.
-- /home/travis/build/icyphy/ptII/ptolemy/vergil/basic/export/test/ptolemy/domains/ptinyos/lib/MicaLeds.xml
/home/travis/build/icyphy/ptII/ptolemy/vergil/basic/export/test/ptolemy/domains/ptinyos/lib/MicaLeds.xml (No such file or directory)
 in file:/home/travis/build/icyphy/ptII/ptolemy/actor/ptalon/demo/ptinyos/SendAndReceiveCnt/CntToLedsAndRfm.xml at line 132 and column 63
	at ptolemy.moml.MoMLParser._createEntity(MoMLParser.java:4330)
	at ptolemy.moml.MoMLParser.startElement(MoMLParser.java:2864)
	... 64 more
Caused by: ptolemy.kernel.util.InternalErrorException: Element <entity name="MicaLeds" class="ptolemy.domains.ptinyos.lib.MicaLeds"> caused an exception to be thrown.
  in .CntToLedsAndRfm
Because:
Cannot find class: ptolemy.domains.ptinyos.lib.MicaLeds. In Ptolemy, classes are typically Java .class files. Entities like actors may instead be defined within a .xml file.  In any case, the class was not found. If the class uses a third party package, then the class would be present only if the third party package was found at compile time.  It may be necessary to upgrade Java or install the third party package, reconfigure and recompile.
Because:
-- /home/travis/build/icyphy/ptII/ptolemy/actor/ptalon/demo/ptinyos/SendAndReceiveCnt/ptolemy/domains/ptinyos/lib/MicaLeds.xml (No such file or directory)
-- XML file not found relative to classpath.
-- /home/travis/build/icyphy/ptII/ptolemy/vergil/basic/export/test/ptolemy/domains/ptinyos/lib/MicaLeds.xml
/home/travis/build/icyphy/ptII/ptolemy/vergil/basic/export/test/ptolemy/domains/ptinyos/lib/MicaLeds.xml (No such file or directory)
 in file:/home/travis/build/icyphy/ptII/ptolemy/actor/ptalon/demo/ptinyos/SendAndReceiveCnt/CntToLedsAndRfm.xml at line 132 and column 63
	at ptolemy.moml.SimpleErrorHandler.handleError(SimpleErrorHandler.java:75)
	at ptolemy.moml.MoMLParser.startElement(MoMLParser.java:3805)
	at com.microstar.xml.XmlParser.parseElement(XmlParser.java:921)
	at com.microstar.xml.XmlParser.parseContent(XmlParser.java:1104)
	at com.microstar.xml.XmlParser.parseElement(XmlParser.java:924)
	at com.microstar.xml.XmlParser.parseDocument(XmlParser.java:481)
	at com.microstar.xml.XmlParser.doParse(XmlParser.java:159)
	at com.microstar.xml.XmlParser.parse(XmlParser.java:132)
	at ptolemy.moml.MoMLParser.parse(MoMLParser.java:1676)
	at ptolemy.moml.MoMLParser.parse(MoMLParser.java:1595)
	at ptolemy.moml.MoMLParser.parse(MoMLParser.java:1537)
	at ptolemy.moml.MoMLParser._findOrParse(MoMLParser.java:5286)
	at ptolemy.moml.MoMLParser._attemptToFindMoMLClass(MoMLParser.java:4075)
	at ptolemy.moml.MoMLParser._createEntity(MoMLParser.java:4323)
	... 65 more
Caused by: ptolemy.kernel.util.IllegalActionException: Cannot find class: ptolemy.domains.ptinyos.lib.MicaLeds. In Ptolemy, classes are typically Java .class files. Entities like actors may instead be defined within a .xml file.  In any case, the class was not found. If the class uses a third party package, then the class would be present only if the third party package was found at compile time.  It may be necessary to upgrade Java or install the third party package, reconfigure and recompile.
Because:
-- /home/travis/build/icyphy/ptII/ptolemy/actor/ptalon/demo/ptinyos/SendAndReceiveCnt/ptolemy/domains/ptinyos/lib/MicaLeds.xml (No such file or directory)
-- XML file not found relative to classpath.
-- /home/travis/build/icyphy/ptII/ptolemy/vergil/basic/export/test/ptolemy/domains/ptinyos/lib/MicaLeds.xml
/home/travis/build/icyphy/ptII/ptolemy/vergil/basic/export/test/ptolemy/domains/ptinyos/lib/MicaLeds.xml (No such file or directory)
 in file:/home/travis/build/icyphy/ptII/ptolemy/actor/ptalon/demo/ptinyos/SendAndReceiveCnt/CntToLedsAndRfm.xml at line 132 and column 63
	at ptolemy.moml.MoMLParser._createEntity(MoMLParser.java:4330)
	at ptolemy.moml.MoMLParser.startElement(MoMLParser.java:2864)
	... 77 more
Caused by: com.microstar.xml.XmlException: -- /home/travis/build/icyphy/ptII/ptolemy/actor/ptalon/demo/ptinyos/SendAndReceiveCnt/ptolemy/domains/ptinyos/lib/MicaLeds.xml (No such file or directory)
-- XML file not found relative to classpath.
-- /home/travis/build/icyphy/ptII/ptolemy/vergil/basic/export/test/ptolemy/domains/ptinyos/lib/MicaLeds.xml
/home/travis/build/icyphy/ptII/ptolemy/vergil/basic/export/test/ptolemy/domains/ptinyos/lib/MicaLeds.xml (No such file or directory)
 in file:/home/travis/build/icyphy/ptII/ptolemy/actor/ptalon/demo/ptinyos/SendAndReceiveCnt/CntToLedsAndRfm.xml at line 132 and column 63
	at ptolemy.moml.MoMLParser.fileNameToURL(MoMLParser.java:1414)
	at ptolemy.moml.MoMLParser._findOrParse(MoMLParser.java:5283)
	at ptolemy.moml.MoMLParser._attemptToFindMoMLClass(MoMLParser.java:4075)
	at ptolemy.moml.MoMLParser._createEntity(MoMLParser.java:4323)
	... 78 more
Failed to read file:/home/travis/build/icyphy/ptII/ptolemy/actor/ptalon/demo/ptinyos/SendAndReceiveCnt/SendAndReceiveCnt.xml
ptolemy.kernel.util.IllegalActionException: Failed to process attribute change to PtalonParameter, whose value is "ptolemy.actor.ptalon.PtalonExpressionParameter {.SendAndReceiveCnt.SendAndReceiveCnt.channelName} "AtomicWirelessChannel"".
  in .SendAndReceiveCnt.SendAndReceiveCnt
Because:
Unable to add actor null
	at ptolemy.actor.ptalon.PtalonActor.attributeChanged(PtalonActor.java:211)
	at ptolemy.actor.ptalon.PtalonMLHandler.startElement(PtalonMLHandler.java:134)
	at com.microstar.xml.XmlParser.parseElement(XmlParser.java:921)
	at com.microstar.xml.XmlParser.parseContent(XmlParser.java:1104)
	at com.microstar.xml.XmlParser.parseElement(XmlParser.java:924)
	at com.microstar.xml.XmlParser.parseDocument(XmlParser.java:481)
	at com.microstar.xml.XmlParser.doParse(XmlParser.java:159)
	at com.microstar.xml.XmlParser.parse(XmlParser.java:132)
	at ptolemy.actor.ptalon.PtalonActor.configure(PtalonActor.java:240)
	at ptolemy.moml.MoMLParser.endElement(MoMLParser.java:996)
	at com.microstar.xml.XmlParser.parseETag(XmlParser.java:1026)
	at com.microstar.xml.XmlParser.parseContent(XmlParser.java:1098)
	at com.microstar.xml.XmlParser.parseElement(XmlParser.java:924)
	at com.microstar.xml.XmlParser.parseContent(XmlParser.java:1104)
	at com.microstar.xml.XmlParser.parseElement(XmlParser.java:924)
	at com.microstar.xml.XmlParser.parseContent(XmlParser.java:1104)
	at com.microstar.xml.XmlParser.parseElement(XmlParser.java:924)
	at com.microstar.xml.XmlParser.parseDocument(XmlParser.java:481)
	at com.microstar.xml.XmlParser.doParse(XmlParser.java:159)
	at com.microstar.xml.XmlParser.parse(XmlParser.java:132)
	at ptolemy.moml.MoMLParser.parse(MoMLParser.java:1676)
	at ptolemy.moml.MoMLParser.parse(MoMLParser.java:1595)
	at ptolemy.moml.MoMLParser.parse(MoMLParser.java:1537)
	at ptolemy.actor.gui.PtolemyEffigy$Factory.createEffigy(PtolemyEffigy.java:424)
	at ptolemy.actor.gui.EffigyFactory.createEffigy(EffigyFactory.java:234)
	at ptolemy.actor.gui.Configuration.openModel(Configuration.java:1125)
	at ptolemy.actor.gui.Configuration.openModel(Configuration.java:1051)
	at ptolemy.actor.gui.ConfigurationApplication._openModel(ConfigurationApplication.java:1252)
	at ptolemy.actor.gui.ConfigurationApplication._parseArg(ConfigurationApplication.java:1399)
	at ptolemy.actor.gui.ConfigurationApplication._parseArgs(ConfigurationApplication.java:1478)
	at ptolemy.actor.gui.ConfigurationApplication.<init>(ConfigurationApplication.java:277)
	at ptolemy.actor.gui.ConfigurationApplication.<init>(ConfigurationApplication.java:214)
	at ptolemy.actor.gui.ConfigurationApplication.<init>(ConfigurationApplication.java:201)
	at ptolemy.actor.gui.ConfigurationApplication.openModelOrEntity(ConfigurationApplication.java:680)
	at ptolemy.vergil.basic.export.ExportModel$1.run(ExportModel.java:220)
	at java.awt.event.InvocationEvent.dispatch(InvocationEvent.java:301)
	at java.awt.EventQueue.dispatchEventImpl(EventQueue.java:756)
	at java.awt.EventQueue.access$500(EventQueue.java:97)
	at java.awt.EventQueue$3.run(EventQueue.java:709)
	at java.awt.EventQueue$3.run(EventQueue.java:703)
	at java.security.AccessController.doPrivileged(Native Method)
	at java.security.ProtectionDomain$JavaSecurityAccessImpl.doIntersectionPrivilege(ProtectionDomain.java:80)
	at java.awt.EventQueue.dispatchEvent(EventQueue.java:726)
	at java.awt.EventDispatchThread.pumpOneEventForFilters(EventDispatchThread.java:201)
	at java.awt.EventDispatchThread.pumpEventsForFilter(EventDispatchThread.java:116)
	at java.awt.EventDispatchThread.pumpEventsForHierarchy(EventDispatchThread.java:105)
	at java.awt.EventDispatchThread.pumpEvents(EventDispatchThread.java:101)
	at java.awt.EventDispatchThread.pumpEvents(EventDispatchThread.java:93)
	at java.awt.EventDispatchThread.run(EventDispatchThread.java:82)
Caused by: ptolemy.actor.ptalon.PtalonRuntimeException: Unable to add actor null
	at ptolemy.actor.ptalon.PtalonEvaluator.addActor(PtalonEvaluator.java:300)
	at ptolemy.actor.ptalon.PtalonPopulator.actor_declaration(PtalonPopulator.java:1574)
	at ptolemy.actor.ptalon.PtalonPopulator.atomic_statement(PtalonPopulator.java:1638)
	at ptolemy.actor.ptalon.PtalonPopulator.iterative_statement_evaluator(PtalonPopulator.java:2484)
	at ptolemy.actor.ptalon.AbstractPtalonEvaluator$IfTree.evaluateForScope(AbstractPtalonEvaluator.java:1307)
	at ptolemy.actor.ptalon.AbstractPtalonEvaluator.evaluateForScope(AbstractPtalonEvaluator.java:744)
	at ptolemy.actor.ptalon.PtalonPopulator.iterative_statement(PtalonPopulator.java:2363)
	at ptolemy.actor.ptalon.PtalonPopulator.actor_definition(PtalonPopulator.java:2809)
	at ptolemy.actor.ptalon.PtalonActor.attributeChanged(PtalonActor.java:206)
	... 48 more
Caused by: ptolemy.kernel.util.InternalErrorException: Element <entity name="sender1" class="ptolemy.actor.ptalon.demo.ptinyos.SendAndReceiveCnt.CntToLedsAndRfm"> caused an exception to be thrown.
  in .SendAndReceiveCnt.SendAndReceiveCnt
Because:
Cannot find class: ptolemy.actor.ptalon.demo.ptinyos.SendAndReceiveCnt.CntToLedsAndRfm. In Ptolemy, classes are typically Java .class files. Entities like actors may instead be defined within a .xml file.  In any case, the class was not found. If the class uses a third party package, then the class would be present only if the third party package was found at compile time.  It may be necessary to upgrade Java or install the third party package, reconfigure and recompile.
Because:
Element <entity name="MicaLeds" class="ptolemy.domains.ptinyos.lib.MicaLeds"> caused an exception to be thrown.
  in .CntToLedsAndRfm
Because:
Cannot find class: ptolemy.domains.ptinyos.lib.MicaLeds. In Ptolemy, classes are typically Java .class files. Entities like actors may instead be defined within a .xml file.  In any case, the class was not found. If the class uses a third party package, then the class would be present only if the third party package was found at compile time.  It may be necessary to upgrade Java or install the third party package, reconfigure and recompile.
Because:
-- /home/travis/build/icyphy/ptII/ptolemy/actor/ptalon/demo/ptinyos/SendAndReceiveCnt/ptolemy/domains/ptinyos/lib/MicaLeds.xml (No such file or directory)
-- XML file not found relative to classpath.
-- /home/travis/build/icyphy/ptII/ptolemy/vergil/basic/export/test/ptolemy/domains/ptinyos/lib/MicaLeds.xml
/home/travis/build/icyphy/ptII/ptolemy/vergil/basic/export/test/ptolemy/domains/ptinyos/lib/MicaLeds.xml (No such file or directory)
 in file:/home/travis/build/icyphy/ptII/ptolemy/actor/ptalon/demo/ptinyos/SendAndReceiveCnt/CntToLedsAndRfm.xml at line 132 and column 63
	at ptolemy.moml.SimpleErrorHandler.handleError(SimpleErrorHandler.java:75)
	at ptolemy.moml.MoMLParser.startElement(MoMLParser.java:3805)
	at com.microstar.xml.XmlParser.parseElement(XmlParser.java:931)
	at com.microstar.xml.XmlParser.parseDocument(XmlParser.java:481)
	at com.microstar.xml.XmlParser.doParse(XmlParser.java:159)
	at com.microstar.xml.XmlParser.parse(XmlParser.java:132)
	at ptolemy.moml.MoMLParser.parse(MoMLParser.java:1660)
	at ptolemy.moml.MoMLParser.parse(MoMLParser.java:1617)
	at ptolemy.moml.MoMLParser.parse(MoMLParser.java:1792)
	at ptolemy.actor.ptalon.PtalonEvaluator.addActor(PtalonEvaluator.java:241)
	... 56 more
Caused by: ptolemy.kernel.util.IllegalActionException: Cannot find class: ptolemy.actor.ptalon.demo.ptinyos.SendAndReceiveCnt.CntToLedsAndRfm. In Ptolemy, classes are typically Java .class files. Entities like actors may instead be defined within a .xml file.  In any case, the class was not found. If the class uses a third party package, then the class would be present only if the third party package was found at compile time.  It may be necessary to upgrade Java or install the third party package, reconfigure and recompile.
Because:
Element <entity name="MicaLeds" class="ptolemy.domains.ptinyos.lib.MicaLeds"> caused an exception to be thrown.
  in .CntToLedsAndRfm
Because:
Cannot find class: ptolemy.domains.ptinyos.lib.MicaLeds. In Ptolemy, classes are typically Java .class files. Entities like actors may instead be defined within a .xml file.  In any case, the class was not found. If the class uses a third party package, then the class would be present only if the third party package was found at compile time.  It may be necessary to upgrade Java or install the third party package, reconfigure and recompile.
Because:
-- /home/travis/build/icyphy/ptII/ptolemy/actor/ptalon/demo/ptinyos/SendAndReceiveCnt/ptolemy/domains/ptinyos/lib/MicaLeds.xml (No such file or directory)
-- XML file not found relative to classpath.
-- /home/travis/build/icyphy/ptII/ptolemy/vergil/basic/export/test/ptolemy/domains/ptinyos/lib/MicaLeds.xml
/home/travis/build/icyphy/ptII/ptolemy/vergil/basic/export/test/ptolemy/domains/ptinyos/lib/MicaLeds.xml (No such file or directory)
 in file:/home/travis/build/icyphy/ptII/ptolemy/actor/ptalon/demo/ptinyos/SendAndReceiveCnt/CntToLedsAndRfm.xml at line 132 and column 63
	at ptolemy.moml.MoMLParser._createEntity(MoMLParser.java:4330)
	at ptolemy.moml.MoMLParser.startElement(MoMLParser.java:2864)
	... 64 more
Caused by: ptolemy.kernel.util.InternalErrorException: Element <entity name="MicaLeds" class="ptolemy.domains.ptinyos.lib.MicaLeds"> caused an exception to be thrown.
  in .CntToLedsAndRfm
Because:
Cannot find class: ptolemy.domains.ptinyos.lib.MicaLeds. In Ptolemy, classes are typically Java .class files. Entities like actors may instead be defined within a .xml file.  In any case, the class was not found. If the class uses a third party package, then the class would be present only if the third party package was found at compile time.  It may be necessary to upgrade Java or install the third party package, reconfigure and recompile.
Because:
-- /home/travis/build/icyphy/ptII/ptolemy/actor/ptalon/demo/ptinyos/SendAndReceiveCnt/ptolemy/domains/ptinyos/lib/MicaLeds.xml (No such file or directory)
-- XML file not found relative to classpath.
-- /home/travis/build/icyphy/ptII/ptolemy/vergil/basic/export/test/ptolemy/domains/ptinyos/lib/MicaLeds.xml
/home/travis/build/icyphy/ptII/ptolemy/vergil/basic/export/test/ptolemy/domains/ptinyos/lib/MicaLeds.xml (No such file or directory)
 in file:/home/travis/build/icyphy/ptII/ptolemy/actor/ptalon/demo/ptinyos/SendAndReceiveCnt/CntToLedsAndRfm.xml at line 132 and column 63
	at ptolemy.moml.SimpleErrorHandler.handleError(SimpleErrorHandler.java:75)
	at ptolemy.moml.MoMLParser.startElement(MoMLParser.java:3805)
	at com.microstar.xml.XmlParser.parseElement(XmlParser.java:921)
	at com.microstar.xml.XmlParser.parseContent(XmlParser.java:1104)
	at com.microstar.xml.XmlParser.parseElement(XmlParser.java:924)
	at com.microstar.xml.XmlParser.parseDocument(XmlParser.java:481)
	at com.microstar.xml.XmlParser.doParse(XmlParser.java:159)
	at com.microstar.xml.XmlParser.parse(XmlParser.java:132)
	at ptolemy.moml.MoMLParser.parse(MoMLParser.java:1676)
	at ptolemy.moml.MoMLParser.parse(MoMLParser.java:1595)
	at ptolemy.moml.MoMLParser.parse(MoMLParser.java:1537)
	at ptolemy.moml.MoMLParser._findOrParse(MoMLParser.java:5286)
	at ptolemy.moml.MoMLParser._attemptToFindMoMLClass(MoMLParser.java:4075)
	at ptolemy.moml.MoMLParser._createEntity(MoMLParser.java:4323)
	... 65 more
Caused by: ptolemy.kernel.util.IllegalActionException: Cannot find class: ptolemy.domains.ptinyos.lib.MicaLeds. In Ptolemy, classes are typically Java .class files. Entities like actors may instead be defined within a .xml file.  In any case, the class was not found. If the class uses a third party package, then the class would be present only if the third party package was found at compile time.  It may be necessary to upgrade Java or install the third party package, reconfigure and recompile.
Because:
-- /home/travis/build/icyphy/ptII/ptolemy/actor/ptalon/demo/ptinyos/SendAndReceiveCnt/ptolemy/domains/ptinyos/lib/MicaLeds.xml (No such file or directory)
-- XML file not found relative to classpath.
-- /home/travis/build/icyphy/ptII/ptolemy/vergil/basic/export/test/ptolemy/domains/ptinyos/lib/MicaLeds.xml
/home/travis/build/icyphy/ptII/ptolemy/vergil/basic/export/test/ptolemy/domains/ptinyos/lib/MicaLeds.xml (No such file or directory)
 in file:/home/travis/build/icyphy/ptII/ptolemy/actor/ptalon/demo/ptinyos/SendAndReceiveCnt/CntToLedsAndRfm.xml at line 132 and column 63
	at ptolemy.moml.MoMLParser._createEntity(MoMLParser.java:4330)
	at ptolemy.moml.MoMLParser.startElement(MoMLParser.java:2864)
	... 77 more
Caused by: com.microstar.xml.XmlException: -- /home/travis/build/icyphy/ptII/ptolemy/actor/ptalon/demo/ptinyos/SendAndReceiveCnt/ptolemy/domains/ptinyos/lib/MicaLeds.xml (No such file or directory)
-- XML file not found relative to classpath.
-- /home/travis/build/icyphy/ptII/ptolemy/vergil/basic/export/test/ptolemy/domains/ptinyos/lib/MicaLeds.xml
/home/travis/build/icyphy/ptII/ptolemy/vergil/basic/export/test/ptolemy/domains/ptinyos/lib/MicaLeds.xml (No such file or directory)
 in file:/home/travis/build/icyphy/ptII/ptolemy/actor/ptalon/demo/ptinyos/SendAndReceiveCnt/CntToLedsAndRfm.xml at line 132 and column 63
	at ptolemy.moml.MoMLParser.fileNameToURL(MoMLParser.java:1414)
	at ptolemy.moml.MoMLParser._findOrParse(MoMLParser.java:5283)
	at ptolemy.moml.MoMLParser._attemptToFindMoMLClass(MoMLParser.java:4075)
	at ptolemy.moml.MoMLParser._createEntity(MoMLParser.java:4323)
	... 78 more
Caused by: ptolemy.actor.ptalon.PtalonRuntimeException: Unable to add actor null
	at ptolemy.actor.ptalon.PtalonEvaluator.addActor(PtalonEvaluator.java:300)
	at ptolemy.actor.ptalon.PtalonPopulator.actor_declaration(PtalonPopulator.java:1574)
	at ptolemy.actor.ptalon.PtalonPopulator.atomic_statement(PtalonPopulator.java:1638)
	at ptolemy.actor.ptalon.PtalonPopulator.iterative_statement_evaluator(PtalonPopulator.java:2484)
	at ptolemy.actor.ptalon.AbstractPtalonEvaluator$IfTree.evaluateForScope(AbstractPtalonEvaluator.java:1307)
	at ptolemy.actor.ptalon.AbstractPtalonEvaluator.evaluateForScope(AbstractPtalonEvaluator.java:744)
	at ptolemy.actor.ptalon.PtalonPopulator.iterative_statement(PtalonPopulator.java:2363)
	at ptolemy.actor.ptalon.PtalonPopulator.actor_definition(PtalonPopulator.java:2809)
	at ptolemy.actor.ptalon.PtalonActor.attributeChanged(PtalonActor.java:206)
	at ptolemy.actor.ptalon.PtalonMLHandler.startElement(PtalonMLHandler.java:134)
	at com.microstar.xml.XmlParser.parseElement(XmlParser.java:921)
	at com.microstar.xml.XmlParser.parseContent(XmlParser.java:1104)
	at com.microstar.xml.XmlParser.parseElement(XmlParser.java:924)
	at com.microstar.xml.XmlParser.parseDocument(XmlParser.java:481)
	at com.microstar.xml.XmlParser.doParse(XmlParser.java:159)
	at com.microstar.xml.XmlParser.parse(XmlParser.java:132)
	at ptolemy.actor.ptalon.PtalonActor.configure(PtalonActor.java:240)
	at ptolemy.moml.MoMLParser.endElement(MoMLParser.java:996)
	at com.microstar.xml.XmlParser.parseETag(XmlParser.java:1026)
	at com.microstar.xml.XmlParser.parseContent(XmlParser.java:1098)
	at com.microstar.xml.XmlParser.parseElement(XmlParser.java:924)
	at com.microstar.xml.XmlParser.parseContent(XmlParser.java:1104)
	at com.microstar.xml.XmlParser.parseElement(XmlParser.java:924)
	at com.microstar.xml.XmlParser.parseContent(XmlParser.java:1104)
	at com.microstar.xml.XmlParser.parseElement(XmlParser.java:924)
	at com.microstar.xml.XmlParser.parseDocument(XmlParser.java:481)
	at com.microstar.xml.XmlParser.doParse(XmlParser.java:159)
	at com.microstar.xml.XmlParser.parse(XmlParser.java:132)
	at ptolemy.moml.MoMLParser.parse(MoMLParser.java:1676)
	at ptolemy.moml.MoMLParser.parse(MoMLParser.java:1595)
	at ptolemy.moml.MoMLParser.parse(MoMLParser.java:1537)
	at ptolemy.actor.gui.PtolemyEffigy$Factory.createEffigy(PtolemyEffigy.java:424)
	at ptolemy.actor.gui.EffigyFactory.createEffigy(EffigyFactory.java:234)
	at ptolemy.actor.gui.Configuration.openModel(Configuration.java:1125)
	at ptolemy.actor.gui.Configuration.openModel(Configuration.java:1051)
	at ptolemy.actor.gui.ConfigurationApplication._openModel(ConfigurationApplication.java:1252)
	at ptolemy.actor.gui.ConfigurationApplication._parseArg(ConfigurationApplication.java:1399)
	at ptolemy.actor.gui.ConfigurationApplication._parseArgs(ConfigurationApplication.java:1478)
	at ptolemy.actor.gui.ConfigurationApplication.<init>(ConfigurationApplication.java:277)
	at ptolemy.actor.gui.ConfigurationApplication.<init>(ConfigurationApplication.java:214)
	at ptolemy.actor.gui.ConfigurationApplication.<init>(ConfigurationApplication.java:201)
	at ptolemy.actor.gui.ConfigurationApplication.openModelOrEntity(ConfigurationApplication.java:680)
	at ptolemy.vergil.basic.export.ExportModel$1.run(ExportModel.java:220)
	at java.awt.event.InvocationEvent.dispatch(InvocationEvent.java:301)
	at java.awt.EventQueue.dispatchEventImpl(EventQueue.java:756)
	at java.awt.EventQueue.access$500(EventQueue.java:97)
	at java.awt.EventQueue$3.run(EventQueue.java:709)
	at java.awt.EventQueue$3.run(EventQueue.java:703)
	at java.security.AccessController.doPrivileged(Native Method)
	at java.security.ProtectionDomain$JavaSecurityAccessImpl.doIntersectionPrivilege(ProtectionDomain.java:80)
	at java.awt.EventQueue.dispatchEvent(EventQueue.java:726)
	at java.awt.EventDispatchThread.pumpOneEventForFilters(EventDispatchThread.java:201)
	at java.awt.EventDispatchThread.pumpEventsForFilter(EventDispatchThread.java:116)
	at java.awt.EventDispatchThread.pumpEventsForHierarchy(EventDispatchThread.java:105)
	at java.awt.EventDispatchThread.pumpEvents(EventDispatchThread.java:101)
	at java.awt.EventDispatchThread.pumpEvents(EventDispatchThread.java:93)
	at java.awt.EventDispatchThread.run(EventDispatchThread.java:82)
Caused by: ptolemy.kernel.util.InternalErrorException: Element <entity name="sender1" class="ptolemy.actor.ptalon.demo.ptinyos.SendAndReceiveCnt.CntToLedsAndRfm"> caused an exception to be thrown.
  in .SendAndReceiveCnt.SendAndReceiveCnt
Because:
Cannot find class: ptolemy.actor.ptalon.demo.ptinyos.SendAndReceiveCnt.CntToLedsAndRfm. In Ptolemy, classes are typically Java .class files. Entities like actors may instead be defined within a .xml file.  In any case, the class was not found. If the class uses a third party package, then the class would be present only if the third party package was found at compile time.  It may be necessary to upgrade Java or install the third party package, reconfigure and recompile.
Because:
Element <entity name="MicaLeds" class="ptolemy.domains.ptinyos.lib.MicaLeds"> caused an exception to be thrown.
  in .CntToLedsAndRfm
Because:
Cannot find class: ptolemy.domains.ptinyos.lib.MicaLeds. In Ptolemy, classes are typically Java .class files. Entities like actors may instead be defined within a .xml file.  In any case, the class was not found. If the class uses a third party package, then the class would be present only if the third party package was found at compile time.  It may be necessary to upgrade Java or install the third party package, reconfigure and recompile.
Because:
-- /home/travis/build/icyphy/ptII/ptolemy/actor/ptalon/demo/ptinyos/SendAndReceiveCnt/ptolemy/domains/ptinyos/lib/MicaLeds.xml (No such file or directory)
-- XML file not found relative to classpath.
-- /home/travis/build/icyphy/ptII/ptolemy/vergil/basic/export/test/ptolemy/domains/ptinyos/lib/MicaLeds.xml
/home/travis/build/icyphy/ptII/ptolemy/vergil/basic/export/test/ptolemy/domains/ptinyos/lib/MicaLeds.xml (No such file or directory)
 in file:/home/travis/build/icyphy/ptII/ptolemy/actor/ptalon/demo/ptinyos/SendAndReceiveCnt/CntToLedsAndRfm.xml at line 132 and column 63
	at ptolemy.moml.SimpleErrorHandler.handleError(SimpleErrorHandler.java:75)
	at ptolemy.moml.MoMLParser.startElement(MoMLParser.java:3805)
	at com.microstar.xml.XmlParser.parseElement(XmlParser.java:931)
	at com.microstar.xml.XmlParser.parseDocument(XmlParser.java:481)
	at com.microstar.xml.XmlParser.doParse(XmlParser.java:159)
	at com.microstar.xml.XmlParser.parse(XmlParser.java:132)
	at ptolemy.moml.MoMLParser.parse(MoMLParser.java:1660)
	at ptolemy.moml.MoMLParser.parse(MoMLParser.java:1617)
	at ptolemy.moml.MoMLParser.parse(MoMLParser.java:1792)
	at ptolemy.actor.ptalon.PtalonEvaluator.addActor(PtalonEvaluator.java:241)
	... 56 more
Caused by: ptolemy.kernel.util.IllegalActionException: Cannot find class: ptolemy.actor.ptalon.demo.ptinyos.SendAndReceiveCnt.CntToLedsAndRfm. In Ptolemy, classes are typically Java .class files. Entities like actors may instead be defined within a .xml file.  In any case, the class was not found. If the class uses a third party package, then the class would be present only if the third party package was found at compile time.  It may be necessary to upgrade Java or install the third party package, reconfigure and recompile.
Because:
Element <entity name="MicaLeds" class="ptolemy.domains.ptinyos.lib.MicaLeds"> caused an exception to be thrown.
  in .CntToLedsAndRfm
Because:
Cannot find class: ptolemy.domains.ptinyos.lib.MicaLeds. In Ptolemy, classes are typically Java .class files. Entities like actors may instead be defined within a .xml file.  In any case, the class was not found. If the class uses a third party package, then the class would be present only if the third party package was found at compile time.  It may be necessary to upgrade Java or install the third party package, reconfigure and recompile.
Because:
-- /home/travis/build/icyphy/ptII/ptolemy/actor/ptalon/demo/ptinyos/SendAndReceiveCnt/ptolemy/domains/ptinyos/lib/MicaLeds.xml (No such file or directory)
-- XML file not found relative to classpath.
-- /home/travis/build/icyphy/ptII/ptolemy/vergil/basic/export/test/ptolemy/domains/ptinyos/lib/MicaLeds.xml
/home/travis/build/icyphy/ptII/ptolemy/vergil/basic/export/test/ptolemy/domains/ptinyos/lib/MicaLeds.xml (No such file or directory)
 in file:/home/travis/build/icyphy/ptII/ptolemy/actor/ptalon/demo/ptinyos/SendAndReceiveCnt/CntToLedsAndRfm.xml at line 132 and column 63
	at ptolemy.moml.MoMLParser._createEntity(MoMLParser.java:4330)
	at ptolemy.moml.MoMLParser.startElement(MoMLParser.java:2864)
	... 64 more
Caused by: ptolemy.kernel.util.InternalErrorException: Element <entity name="MicaLeds" class="ptolemy.domains.ptinyos.lib.MicaLeds"> caused an exception to be thrown.
  in .CntToLedsAndRfm
Because:
Cannot find class: ptolemy.domains.ptinyos.lib.MicaLeds. In Ptolemy, classes are typically Java .class files. Entities like actors may instead be defined within a .xml file.  In any case, the class was not found. If the class uses a third party package, then the class would be present only if the third party package was found at compile time.  It may be necessary to upgrade Java or install the third party package, reconfigure and recompile.
Because:
-- /home/travis/build/icyphy/ptII/ptolemy/actor/ptalon/demo/ptinyos/SendAndReceiveCnt/ptolemy/domains/ptinyos/lib/MicaLeds.xml (No such file or directory)
-- XML file not found relative to classpath.
-- /home/travis/build/icyphy/ptII/ptolemy/vergil/basic/export/test/ptolemy/domains/ptinyos/lib/MicaLeds.xml
/home/travis/build/icyphy/ptII/ptolemy/vergil/basic/export/test/ptolemy/domains/ptinyos/lib/MicaLeds.xml (No such file or directory)
 in file:/home/travis/build/icyphy/ptII/ptolemy/actor/ptalon/demo/ptinyos/SendAndReceiveCnt/CntToLedsAndRfm.xml at line 132 and column 63
	at ptolemy.moml.SimpleErrorHandler.handleError(SimpleErrorHandler.java:75)
	at ptolemy.moml.MoMLParser.startElement(MoMLParser.java:3805)
	at com.microstar.xml.XmlParser.parseElement(XmlParser.java:921)
	at com.microstar.xml.XmlParser.parseContent(XmlParser.java:1104)
	at com.microstar.xml.XmlParser.parseElement(XmlParser.java:924)
	at com.microstar.xml.XmlParser.parseDocument(XmlParser.java:481)
	at com.microstar.xml.XmlParser.doParse(XmlParser.java:159)
	at com.microstar.xml.XmlParser.parse(XmlParser.java:132)
	at ptolemy.moml.MoMLParser.parse(MoMLParser.java:1676)
	at ptolemy.moml.MoMLParser.parse(MoMLParser.java:1595)
	at ptolemy.moml.MoMLParser.parse(MoMLParser.java:1537)
	at ptolemy.moml.MoMLParser._findOrParse(MoMLParser.java:5286)
	at ptolemy.moml.MoMLParser._attemptToFindMoMLClass(MoMLParser.java:4075)
	at ptolemy.moml.MoMLParser._createEntity(MoMLParser.java:4323)
	... 65 more
Caused by: ptolemy.kernel.util.IllegalActionException: Cannot find class: ptolemy.domains.ptinyos.lib.MicaLeds. In Ptolemy, classes are typically Java .class files. Entities like actors may instead be defined within a .xml file.  In any case, the class was not found. If the class uses a third party package, then the class would be present only if the third party package was found at compile time.  It may be necessary to upgrade Java or install the third party package, reconfigure and recompile.
Because:
-- /home/travis/build/icyphy/ptII/ptolemy/actor/ptalon/demo/ptinyos/SendAndReceiveCnt/ptolemy/domains/ptinyos/lib/MicaLeds.xml (No such file or directory)
-- XML file not found relative to classpath.
-- /home/travis/build/icyphy/ptII/ptolemy/vergil/basic/export/test/ptolemy/domains/ptinyos/lib/MicaLeds.xml
/home/travis/build/icyphy/ptII/ptolemy/vergil/basic/export/test/ptolemy/domains/ptinyos/lib/MicaLeds.xml (No such file or directory)
 in file:/home/travis/build/icyphy/ptII/ptolemy/actor/ptalon/demo/ptinyos/SendAndReceiveCnt/CntToLedsAndRfm.xml at line 132 and column 63
	at ptolemy.moml.MoMLParser._createEntity(MoMLParser.java:4330)
	at ptolemy.moml.MoMLParser.startElement(MoMLParser.java:2864)
	... 77 more
Caused by: com.microstar.xml.XmlException: -- /home/travis/build/icyphy/ptII/ptolemy/actor/ptalon/demo/ptinyos/SendAndReceiveCnt/ptolemy/domains/ptinyos/lib/MicaLeds.xml (No such file or directory)
-- XML file not found relative to classpath.
-- /home/travis/build/icyphy/ptII/ptolemy/vergil/basic/export/test/ptolemy/domains/ptinyos/lib/MicaLeds.xml
/home/travis/build/icyphy/ptII/ptolemy/vergil/basic/export/test/ptolemy/domains/ptinyos/lib/MicaLeds.xml (No such file or directory)
 in file:/home/travis/build/icyphy/ptII/ptolemy/actor/ptalon/demo/ptinyos/SendAndReceiveCnt/CntToLedsAndRfm.xml at line 132 and column 63
	at ptolemy.moml.MoMLParser.fileNameToURL(MoMLParser.java:1414)
	at ptolemy.moml.MoMLParser._findOrParse(MoMLParser.java:5283)
	at ptolemy.moml.MoMLParser._attemptToFindMoMLClass(MoMLParser.java:4075)
	at ptolemy.moml.MoMLParser._createEntity(MoMLParser.java:4323)
	... 78 more
ptolemy.kernel.util.InternalErrorException: Failed to get the model directory? This can happen in a headless environment when the model attempts to interact with the graphical display.  It can also happen when the model fails to parse because of a missing class.
	at ptolemy.actor.gui.ConfigurationApplication.models(ConfigurationApplication.java:548)
	at ptolemy.actor.gui.ConfigurationApplication.openModelOrEntity(ConfigurationApplication.java:698)
	at ptolemy.vergil.basic.export.ExportModel$1.run(ExportModel.java:220)
	at java.awt.event.InvocationEvent.dispatch(InvocationEvent.java:301)
	at java.awt.EventQueue.dispatchEventImpl(EventQueue.java:756)
	at java.awt.EventQueue.access$500(EventQueue.java:97)
	at java.awt.EventQueue$3.run(EventQueue.java:709)
	at java.awt.EventQueue$3.run(EventQueue.java:703)
	at java.security.AccessController.doPrivileged(Native Method)
	at java.security.ProtectionDomain$JavaSecurityAccessImpl.doIntersectionPrivilege(ProtectionDomain.java:80)
	at java.awt.EventQueue.dispatchEvent(EventQueue.java:726)
	at java.awt.EventDispatchThread.pumpOneEventForFilters(EventDispatchThread.java:201)
	at java.awt.EventDispatchThread.pumpEventsForFilter(EventDispatchThread.java:116)
	at java.awt.EventDispatchThread.pumpEventsForHierarchy(EventDispatchThread.java:105)
	at java.awt.EventDispatchThread.pumpEvents(EventDispatchThread.java:101)
	at java.awt.EventDispatchThread.pumpEvents(EventDispatchThread.java:93)
	at java.awt.EventDispatchThread.run(EventDispatchThread.java:82)
ptolemy.kernel.util.InternalErrorException: Failed to get the model directory? This can happen in a headless environment when the model attempts to interact with the graphical display.  It can also happen when the model fails to parse because of a missing class.
	at ptolemy.actor.gui.ConfigurationApplication.models(ConfigurationApplication.java:548)
	at ptolemy.actor.gui.ConfigurationApplication.openModelOrEntity(ConfigurationApplication.java:698)
	at ptolemy.vergil.basic.export.ExportModel$1.run(ExportModel.java:220)
	at java.awt.event.InvocationEvent.dispatch(InvocationEvent.java:301)
	at java.awt.EventQueue.dispatchEventImpl(EventQueue.java:756)
	at java.awt.EventQueue.access$500(EventQueue.java:97)
	at java.awt.EventQueue$3.run(EventQueue.java:709)
	at java.awt.EventQueue$3.run(EventQueue.java:703)
	at java.security.AccessController.doPrivileged(Native Method)
	at java.security.ProtectionDomain$JavaSecurityAccessImpl.doIntersectionPrivilege(ProtectionDomain.java:80)
	at java.awt.EventQueue.dispatchEvent(EventQueue.java:726)
	at java.awt.EventDispatchThread.pumpOneEventForFilters(EventDispatchThread.java:201)
	at java.awt.EventDispatchThread.pumpEventsForFilter(EventDispatchThread.java:116)
	at java.awt.EventDispatchThread.pumpEventsForHierarchy(EventDispatchThread.java:105)
	at java.awt.EventDispatchThread.pumpEvents(EventDispatchThread.java:101)
	at java.awt.EventDispatchThread.pumpEvents(EventDispatchThread.java:93)
	at java.awt.EventDispatchThread.run(EventDispatchThread.java:82)
java.lang.reflect.InvocationTargetException
	at java.awt.EventQueue.invokeAndWait(EventQueue.java:1321)
	at java.awt.EventQueue.invokeAndWait(EventQueue.java:1296)
	at javax.swing.SwingUtilities.invokeAndWait(SwingUtilities.java:1348)
	at ptolemy.vergil.basic.export.ExportModel.exportModel(ExportModel.java:227)
	at ptolemy.vergil.basic.export.test.junit.ExportModelJUnitTest.RunExportModel(ExportModelJUnitTest.java:153)
	at ptolemy.vergil.basic.export.test.junit.ExportModelJUnitTestBatch.RunExportModel(ExportModelJUnitTestBatch.java:97)
	at sun.reflect.GeneratedMethodAccessor17.invoke(Unknown Source)
	at sun.reflect.DelegatingMethodAccessorImpl.invoke(DelegatingMethodAccessorImpl.java:43)
	at java.lang.reflect.Method.invoke(Method.java:498)
	at org.junit.runners.model.FrameworkMethod$1.runReflectiveCall(FrameworkMethod.java:44)
	at org.junit.internal.runners.model.ReflectiveCallable.run(ReflectiveCallable.java:15)
	at org.junit.runners.model.FrameworkMethod.invokeExplosively(FrameworkMethod.java:41)
	at junitparams.internal.InvokeParameterisedMethod.evaluate(InvokeParameterisedMethod.java:102)
	at junitparams.internal.ParameterisedTestMethodRunner.runMethodInvoker(ParameterisedTestMethodRunner.java:47)
	at junitparams.internal.ParameterisedTestMethodRunner.runTestMethod(ParameterisedTestMethodRunner.java:41)
	at junitparams.internal.ParameterisedTestClassRunner.runParameterisedTest(ParameterisedTestClassRunner.java:143)
	at junitparams.JUnitParamsRunner.runChild(JUnitParamsRunner.java:237)
	at junitparams.JUnitParamsRunner.runChild(JUnitParamsRunner.java:215)
	at org.junit.runners.ParentRunner$3.run(ParentRunner.java:193)
	at org.junit.runners.ParentRunner$1.schedule(ParentRunner.java:52)
	at org.junit.runners.ParentRunner.runChildren(ParentRunner.java:191)
	at org.junit.runners.ParentRunner.access$000(ParentRunner.java:42)
	at org.junit.runners.ParentRunner$2.evaluate(ParentRunner.java:184)
	at org.junit.runners.ParentRunner.run(ParentRunner.java:236)
	at junit.framework.JUnit4TestAdapter.run(JUnit4TestAdapter.java:39)
	at org.apache.tools.ant.taskdefs.optional.junit.JUnitTestRunner.run(JUnitTestRunner.java:535)
	at org.apache.tools.ant.taskdefs.optional.junit.JUnitTestRunner.launch(JUnitTestRunner.java:1182)
	at org.apache.tools.ant.taskdefs.optional.junit.JUnitTestRunner.main(JUnitTestRunner.java:1033)
Caused by: java.lang.RuntimeException: ptolemy.kernel.util.InternalErrorException: Failed to get the model directory? This can happen in a headless environment when the model attempts to interact with the graphical display.  It can also happen when the model fails to parse because of a missing class.
	at ptolemy.vergil.basic.export.ExportModel$1.run(ExportModel.java:223)
	at java.awt.event.InvocationEvent.dispatch(InvocationEvent.java:301)
	at java.awt.EventQueue.dispatchEventImpl(EventQueue.java:756)
	at java.awt.EventQueue.access$500(EventQueue.java:97)
	at java.awt.EventQueue$3.run(EventQueue.java:709)
	at java.awt.EventQueue$3.run(EventQueue.java:703)
	at java.security.AccessController.doPrivileged(Native Method)
	at java.security.ProtectionDomain$JavaSecurityAccessImpl.doIntersectionPrivilege(ProtectionDomain.java:80)
	at java.awt.EventQueue.dispatchEvent(EventQueue.java:726)
	at java.awt.EventDispatchThread.pumpOneEventForFilters(EventDispatchThread.java:201)
	at java.awt.EventDispatchThread.pumpEventsForFilter(EventDispatchThread.java:116)
	at java.awt.EventDispatchThread.pumpEventsForHierarchy(EventDispatchThread.java:105)
	at java.awt.EventDispatchThread.pumpEvents(EventDispatchThread.java:101)
	at java.awt.EventDispatchThread.pumpEvents(EventDispatchThread.java:93)
	at java.awt.EventDispatchThread.run(EventDispatchThread.java:82)
Caused by: ptolemy.kernel.util.InternalErrorException: Failed to get the model directory? This can happen in a headless environment when the model attempts to interact with the graphical display.  It can also happen when the model fails to parse because of a missing class.
	at ptolemy.actor.gui.ConfigurationApplication.models(ConfigurationApplication.java:548)
	at ptolemy.actor.gui.ConfigurationApplication.openModelOrEntity(ConfigurationApplication.java:698)
	at ptolemy.vergil.basic.export.ExportModel$1.run(ExportModel.java:220)
	... 14 more
ptolemy.kernel.util.IllegalActionException: Failed to process attribute change to PtalonParameter, whose value is "ptolemy.actor.ptalon.PtalonExpressionParameter {.SenseToLeds.SenseToLeds.n} 2".
  in .SenseToLeds.SenseToLeds
Because:
Unable to add actor null
	at ptolemy.actor.ptalon.PtalonActor.attributeChanged(PtalonActor.java:211)
	at ptolemy.actor.ptalon.PtalonMLHandler.startElement(PtalonMLHandler.java:134)
	at com.microstar.xml.XmlParser.parseElement(XmlParser.java:921)
	at com.microstar.xml.XmlParser.parseContent(XmlParser.java:1104)
	at com.microstar.xml.XmlParser.parseElement(XmlParser.java:924)
	at com.microstar.xml.XmlParser.parseDocument(XmlParser.java:481)
	at com.microstar.xml.XmlParser.doParse(XmlParser.java:159)
	at com.microstar.xml.XmlParser.parse(XmlParser.java:132)
	at ptolemy.actor.ptalon.PtalonActor.configure(PtalonActor.java:240)
	at ptolemy.moml.MoMLParser.endElement(MoMLParser.java:996)
	at com.microstar.xml.XmlParser.parseETag(XmlParser.java:1026)
	at com.microstar.xml.XmlParser.parseContent(XmlParser.java:1098)
	at com.microstar.xml.XmlParser.parseElement(XmlParser.java:924)
	at com.microstar.xml.XmlParser.parseContent(XmlParser.java:1104)
	at com.microstar.xml.XmlParser.parseElement(XmlParser.java:924)
	at com.microstar.xml.XmlParser.parseContent(XmlParser.java:1104)
	at com.microstar.xml.XmlParser.parseElement(XmlParser.java:924)
	at com.microstar.xml.XmlParser.parseDocument(XmlParser.java:481)
	at com.microstar.xml.XmlParser.doParse(XmlParser.java:159)
	at com.microstar.xml.XmlParser.parse(XmlParser.java:132)
	at ptolemy.moml.MoMLParser.parse(MoMLParser.java:1676)
	at ptolemy.moml.MoMLParser.parse(MoMLParser.java:1595)
	at ptolemy.moml.MoMLParser.parse(MoMLParser.java:1537)
	at ptolemy.actor.gui.PtolemyEffigy$Factory.createEffigy(PtolemyEffigy.java:424)
	at ptolemy.actor.gui.EffigyFactory.createEffigy(EffigyFactory.java:234)
	at ptolemy.actor.gui.Configuration.openModel(Configuration.java:1125)
	at ptolemy.actor.gui.Configuration.openModel(Configuration.java:1051)
	at ptolemy.actor.gui.ConfigurationApplication._openModel(ConfigurationApplication.java:1252)
	at ptolemy.actor.gui.ConfigurationApplication._parseArg(ConfigurationApplication.java:1399)
	at ptolemy.actor.gui.ConfigurationApplication._parseArgs(ConfigurationApplication.java:1478)
	at ptolemy.actor.gui.ConfigurationApplication.<init>(ConfigurationApplication.java:277)
	at ptolemy.actor.gui.ConfigurationApplication.<init>(ConfigurationApplication.java:214)
	at ptolemy.actor.gui.ConfigurationApplication.<init>(ConfigurationApplication.java:201)
	at ptolemy.actor.gui.ConfigurationApplication.openModelOrEntity(ConfigurationApplication.java:680)
	at ptolemy.vergil.basic.export.ExportModel$1.run(ExportModel.java:220)
	at java.awt.event.InvocationEvent.dispatch(InvocationEvent.java:301)
	at java.awt.EventQueue.dispatchEventImpl(EventQueue.java:756)
	at java.awt.EventQueue.access$500(EventQueue.java:97)
	at java.awt.EventQueue$3.run(EventQueue.java:709)
	at java.awt.EventQueue$3.run(EventQueue.java:703)
	at java.security.AccessController.doPrivileged(Native Method)
	at java.security.ProtectionDomain$JavaSecurityAccessImpl.doIntersectionPrivilege(ProtectionDomain.java:80)
	at java.awt.EventQueue.dispatchEvent(EventQueue.java:726)
	at java.awt.EventDispatchThread.pumpOneEventForFilters(EventDispatchThread.java:201)
	at java.awt.EventDispatchThread.pumpEventsForFilter(EventDispatchThread.java:116)
	at java.awt.EventDispatchThread.pumpEventsForHierarchy(EventDispatchThread.java:105)
	at java.awt.EventDispatchThread.pumpEvents(EventDispatchThread.java:101)
	at java.awt.EventDispatchThread.pumpEvents(EventDispatchThread.java:93)
	at java.awt.EventDispatchThread.run(EventDispatchThread.java:82)
Caused by: ptolemy.actor.ptalon.PtalonRuntimeException: Unable to add actor null
	at ptolemy.actor.ptalon.PtalonEvaluator.addActor(PtalonEvaluator.java:300)
	at ptolemy.actor.ptalon.PtalonPopulator.actor_declaration(PtalonPopulator.java:1574)
	at ptolemy.actor.ptalon.PtalonPopulator.atomic_statement(PtalonPopulator.java:1638)
	at ptolemy.actor.ptalon.PtalonPopulator.iterative_statement_evaluator(PtalonPopulator.java:2484)
	at ptolemy.actor.ptalon.AbstractPtalonEvaluator$IfTree.evaluateForScope(AbstractPtalonEvaluator.java:1307)
	at ptolemy.actor.ptalon.AbstractPtalonEvaluator.evaluateForScope(AbstractPtalonEvaluator.java:744)
	at ptolemy.actor.ptalon.PtalonPopulator.iterative_statement(PtalonPopulator.java:2363)
	at ptolemy.actor.ptalon.PtalonPopulator.actor_definition(PtalonPopulator.java:2809)
	at ptolemy.actor.ptalon.PtalonActor.attributeChanged(PtalonActor.java:206)
	... 48 more
Caused by: ptolemy.kernel.util.InternalErrorException: Element <entity name="node1" class="ptolemy.actor.ptalon.demo.ptinyos.SenseToLeds.MicaBoard"> caused an exception to be thrown.
  in .SenseToLeds.SenseToLeds
Because:
Cannot find class: ptolemy.actor.ptalon.demo.ptinyos.SenseToLeds.MicaBoard. In Ptolemy, classes are typically Java .class files. Entities like actors may instead be defined within a .xml file.  In any case, the class was not found. If the class uses a third party package, then the class would be present only if the third party package was found at compile time.  It may be necessary to upgrade Java or install the third party package, reconfigure and recompile.
Because:
Element <entity name="MicaLeds" class="ptolemy.domains.ptinyos.lib.MicaLeds"> caused an exception to be thrown.
  in .MicaBoard
Because:
Cannot find class: ptolemy.domains.ptinyos.lib.MicaLeds. In Ptolemy, classes are typically Java .class files. Entities like actors may instead be defined within a .xml file.  In any case, the class was not found. If the class uses a third party package, then the class would be present only if the third party package was found at compile time.  It may be necessary to upgrade Java or install the third party package, reconfigure and recompile.
Because:
-- /home/travis/build/icyphy/ptII/ptolemy/actor/ptalon/demo/ptinyos/SenseToLeds/ptolemy/domains/ptinyos/lib/MicaLeds.xml (No such file or directory)
-- XML file not found relative to classpath.
-- /home/travis/build/icyphy/ptII/ptolemy/vergil/basic/export/test/ptolemy/domains/ptinyos/lib/MicaLeds.xml
/home/travis/build/icyphy/ptII/ptolemy/vergil/basic/export/test/ptolemy/domains/ptinyos/lib/MicaLeds.xml (No such file or directory)
 in file:/home/travis/build/icyphy/ptII/ptolemy/actor/ptalon/demo/ptinyos/SenseToLeds/MicaBoard.xml at line 134 and column 63
	at ptolemy.moml.SimpleErrorHandler.handleError(SimpleErrorHandler.java:75)
	at ptolemy.moml.MoMLParser.startElement(MoMLParser.java:3805)
	at com.microstar.xml.XmlParser.parseElement(XmlParser.java:931)
	at com.microstar.xml.XmlParser.parseDocument(XmlParser.java:481)
	at com.microstar.xml.XmlParser.doParse(XmlParser.java:159)
	at com.microstar.xml.XmlParser.parse(XmlParser.java:132)
	at ptolemy.moml.MoMLParser.parse(MoMLParser.java:1660)
	at ptolemy.moml.MoMLParser.parse(MoMLParser.java:1617)
	at ptolemy.moml.MoMLParser.parse(MoMLParser.java:1792)
	at ptolemy.actor.ptalon.PtalonEvaluator.addActor(PtalonEvaluator.java:241)
	... 56 more
Caused by: ptolemy.kernel.util.IllegalActionException: Cannot find class: ptolemy.actor.ptalon.demo.ptinyos.SenseToLeds.MicaBoard. In Ptolemy, classes are typically Java .class files. Entities like actors may instead be defined within a .xml file.  In any case, the class was not found. If the class uses a third party package, then the class would be present only if the third party package was found at compile time.  It may be necessary to upgrade Java or install the third party package, reconfigure and recompile.
Because:
Element <entity name="MicaLeds" class="ptolemy.domains.ptinyos.lib.MicaLeds"> caused an exception to be thrown.
  in .MicaBoard
Because:
Cannot find class: ptolemy.domains.ptinyos.lib.MicaLeds. In Ptolemy, classes are typically Java .class files. Entities like actors may instead be defined within a .xml file.  In any case, the class was not found. If the class uses a third party package, then the class would be present only if the third party package was found at compile time.  It may be necessary to upgrade Java or install the third party package, reconfigure and recompile.
Because:
-- /home/travis/build/icyphy/ptII/ptolemy/actor/ptalon/demo/ptinyos/SenseToLeds/ptolemy/domains/ptinyos/lib/MicaLeds.xml (No such file or directory)
-- XML file not found relative to classpath.
-- /home/travis/build/icyphy/ptII/ptolemy/vergil/basic/export/test/ptolemy/domains/ptinyos/lib/MicaLeds.xml
/home/travis/build/icyphy/ptII/ptolemy/vergil/basic/export/test/ptolemy/domains/ptinyos/lib/MicaLeds.xml (No such file or directory)
 in file:/home/travis/build/icyphy/ptII/ptolemy/actor/ptalon/demo/ptinyos/SenseToLeds/MicaBoard.xml at line 134 and column 63
	at ptolemy.moml.MoMLParser._createEntity(MoMLParser.java:4330)
	at ptolemy.moml.MoMLParser.startElement(MoMLParser.java:2864)
	... 64 more
Caused by: ptolemy.kernel.util.InternalErrorException: Element <entity name="MicaLeds" class="ptolemy.domains.ptinyos.lib.MicaLeds"> caused an exception to be thrown.
  in .MicaBoard
Because:
Cannot find class: ptolemy.domains.ptinyos.lib.MicaLeds. In Ptolemy, classes are typically Java .class files. Entities like actors may instead be defined within a .xml file.  In any case, the class was not found. If the class uses a third party package, then the class would be present only if the third party package was found at compile time.  It may be necessary to upgrade Java or install the third party package, reconfigure and recompile.
Because:
-- /home/travis/build/icyphy/ptII/ptolemy/actor/ptalon/demo/ptinyos/SenseToLeds/ptolemy/domains/ptinyos/lib/MicaLeds.xml (No such file or directory)
-- XML file not found relative to classpath.
-- /home/travis/build/icyphy/ptII/ptolemy/vergil/basic/export/test/ptolemy/domains/ptinyos/lib/MicaLeds.xml
/home/travis/build/icyphy/ptII/ptolemy/vergil/basic/export/test/ptolemy/domains/ptinyos/lib/MicaLeds.xml (No such file or directory)
 in file:/home/travis/build/icyphy/ptII/ptolemy/actor/ptalon/demo/ptinyos/SenseToLeds/MicaBoard.xml at line 134 and column 63
	at ptolemy.moml.SimpleErrorHandler.handleError(SimpleErrorHandler.java:75)
	at ptolemy.moml.MoMLParser.startElement(MoMLParser.java:3805)
	at com.microstar.xml.XmlParser.parseElement(XmlParser.java:921)
	at com.microstar.xml.XmlParser.parseContent(XmlParser.java:1104)
	at com.microstar.xml.XmlParser.parseElement(XmlParser.java:924)
	at com.microstar.xml.XmlParser.parseDocument(XmlParser.java:481)
	at com.microstar.xml.XmlParser.doParse(XmlParser.java:159)
	at com.microstar.xml.XmlParser.parse(XmlParser.java:132)
	at ptolemy.moml.MoMLParser.parse(MoMLParser.java:1676)
	at ptolemy.moml.MoMLParser.parse(MoMLParser.java:1595)
	at ptolemy.moml.MoMLParser.parse(MoMLParser.java:1537)
	at ptolemy.moml.MoMLParser._findOrParse(MoMLParser.java:5286)
	at ptolemy.moml.MoMLParser._attemptToFindMoMLClass(MoMLParser.java:4075)
	at ptolemy.moml.MoMLParser._createEntity(MoMLParser.java:4323)
	... 65 more
Caused by: ptolemy.kernel.util.IllegalActionException: Cannot find class: ptolemy.domains.ptinyos.lib.MicaLeds. In Ptolemy, classes are typically Java .class files. Entities like actors may instead be defined within a .xml file.  In any case, the class was not found. If the class uses a third party package, then the class would be present only if the third party package was found at compile time.  It may be necessary to upgrade Java or install the third party package, reconfigure and recompile.
Because:
-- /home/travis/build/icyphy/ptII/ptolemy/actor/ptalon/demo/ptinyos/SenseToLeds/ptolemy/domains/ptinyos/lib/MicaLeds.xml (No such file or directory)
-- XML file not found relative to classpath.
-- /home/travis/build/icyphy/ptII/ptolemy/vergil/basic/export/test/ptolemy/domains/ptinyos/lib/MicaLeds.xml
/home/travis/build/icyphy/ptII/ptolemy/vergil/basic/export/test/ptolemy/domains/ptinyos/lib/MicaLeds.xml (No such file or directory)
 in file:/home/travis/build/icyphy/ptII/ptolemy/actor/ptalon/demo/ptinyos/SenseToLeds/MicaBoard.xml at line 134 and column 63
	at ptolemy.moml.MoMLParser._createEntity(MoMLParser.java:4330)
	at ptolemy.moml.MoMLParser.startElement(MoMLParser.java:2864)
	... 77 more
Caused by: com.microstar.xml.XmlException: -- /home/travis/build/icyphy/ptII/ptolemy/actor/ptalon/demo/ptinyos/SenseToLeds/ptolemy/domains/ptinyos/lib/MicaLeds.xml (No such file or directory)
-- XML file not found relative to classpath.
-- /home/travis/build/icyphy/ptII/ptolemy/vergil/basic/export/test/ptolemy/domains/ptinyos/lib/MicaLeds.xml
/home/travis/build/icyphy/ptII/ptolemy/vergil/basic/export/test/ptolemy/domains/ptinyos/lib/MicaLeds.xml (No such file or directory)
 in file:/home/travis/build/icyphy/ptII/ptolemy/actor/ptalon/demo/ptinyos/SenseToLeds/MicaBoard.xml at line 134 and column 63
	at ptolemy.moml.MoMLParser.fileNameToURL(MoMLParser.java:1414)
	at ptolemy.moml.MoMLParser._findOrParse(MoMLParser.java:5283)
	at ptolemy.moml.MoMLParser._attemptToFindMoMLClass(MoMLParser.java:4075)
	at ptolemy.moml.MoMLParser._createEntity(MoMLParser.java:4323)
	... 78 more
Caused by: ptolemy.actor.ptalon.PtalonRuntimeException: Unable to add actor null
	at ptolemy.actor.ptalon.PtalonEvaluator.addActor(PtalonEvaluator.java:300)
	at ptolemy.actor.ptalon.PtalonPopulator.actor_declaration(PtalonPopulator.java:1574)
	at ptolemy.actor.ptalon.PtalonPopulator.atomic_statement(PtalonPopulator.java:1638)
	at ptolemy.actor.ptalon.PtalonPopulator.iterative_statement_evaluator(PtalonPopulator.java:2484)
	at ptolemy.actor.ptalon.AbstractPtalonEvaluator$IfTree.evaluateForScope(AbstractPtalonEvaluator.java:1307)
	at ptolemy.actor.ptalon.AbstractPtalonEvaluator.evaluateForScope(AbstractPtalonEvaluator.java:744)
	at ptolemy.actor.ptalon.PtalonPopulator.iterative_statement(PtalonPopulator.java:2363)
	at ptolemy.actor.ptalon.PtalonPopulator.actor_definition(PtalonPopulator.java:2809)
	at ptolemy.actor.ptalon.PtalonActor.attributeChanged(PtalonActor.java:206)
	at ptolemy.actor.ptalon.PtalonMLHandler.startElement(PtalonMLHandler.java:134)
	at com.microstar.xml.XmlParser.parseElement(XmlParser.java:921)
	at com.microstar.xml.XmlParser.parseContent(XmlParser.java:1104)
	at com.microstar.xml.XmlParser.parseElement(XmlParser.java:924)
	at com.microstar.xml.XmlParser.parseDocument(XmlParser.java:481)
	at com.microstar.xml.XmlParser.doParse(XmlParser.java:159)
	at com.microstar.xml.XmlParser.parse(XmlParser.java:132)
	at ptolemy.actor.ptalon.PtalonActor.configure(PtalonActor.java:240)
	at ptolemy.moml.MoMLParser.endElement(MoMLParser.java:996)
	at com.microstar.xml.XmlParser.parseETag(XmlParser.java:1026)
	at com.microstar.xml.XmlParser.parseContent(XmlParser.java:1098)
	at com.microstar.xml.XmlParser.parseElement(XmlParser.java:924)
	at com.microstar.xml.XmlParser.parseContent(XmlParser.java:1104)
	at com.microstar.xml.XmlParser.parseElement(XmlParser.java:924)
	at com.microstar.xml.XmlParser.parseContent(XmlParser.java:1104)
	at com.microstar.xml.XmlParser.parseElement(XmlParser.java:924)
	at com.microstar.xml.XmlParser.parseDocument(XmlParser.java:481)
	at com.microstar.xml.XmlParser.doParse(XmlParser.java:159)
	at com.microstar.xml.XmlParser.parse(XmlParser.java:132)
	at ptolemy.moml.MoMLParser.parse(MoMLParser.java:1676)
	at ptolemy.moml.MoMLParser.parse(MoMLParser.java:1595)
	at ptolemy.moml.MoMLParser.parse(MoMLParser.java:1537)
	at ptolemy.actor.gui.PtolemyEffigy$Factory.createEffigy(PtolemyEffigy.java:424)
	at ptolemy.actor.gui.EffigyFactory.createEffigy(EffigyFactory.java:234)
	at ptolemy.actor.gui.Configuration.openModel(Configuration.java:1125)
	at ptolemy.actor.gui.Configuration.openModel(Configuration.java:1051)
	at ptolemy.actor.gui.ConfigurationApplication._openModel(ConfigurationApplication.java:1252)
	at ptolemy.actor.gui.ConfigurationApplication._parseArg(ConfigurationApplication.java:1399)
	at ptolemy.actor.gui.ConfigurationApplication._parseArgs(ConfigurationApplication.java:1478)
	at ptolemy.actor.gui.ConfigurationApplication.<init>(ConfigurationApplication.java:277)
	at ptolemy.actor.gui.ConfigurationApplication.<init>(ConfigurationApplication.java:214)
	at ptolemy.actor.gui.ConfigurationApplication.<init>(ConfigurationApplication.java:201)
	at ptolemy.actor.gui.ConfigurationApplication.openModelOrEntity(ConfigurationApplication.java:680)
	at ptolemy.vergil.basic.export.ExportModel$1.run(ExportModel.java:220)
	at java.awt.event.InvocationEvent.dispatch(InvocationEvent.java:301)
	at java.awt.EventQueue.dispatchEventImpl(EventQueue.java:756)
	at java.awt.EventQueue.access$500(EventQueue.java:97)
	at java.awt.EventQueue$3.run(EventQueue.java:709)
	at java.awt.EventQueue$3.run(EventQueue.java:703)
	at java.security.AccessController.doPrivileged(Native Method)
	at java.security.ProtectionDomain$JavaSecurityAccessImpl.doIntersectionPrivilege(ProtectionDomain.java:80)
	at java.awt.EventQueue.dispatchEvent(EventQueue.java:726)
	at java.awt.EventDispatchThread.pumpOneEventForFilters(EventDispatchThread.java:201)
	at java.awt.EventDispatchThread.pumpEventsForFilter(EventDispatchThread.java:116)
	at java.awt.EventDispatchThread.pumpEventsForHierarchy(EventDispatchThread.java:105)
	at java.awt.EventDispatchThread.pumpEvents(EventDispatchThread.java:101)
	at java.awt.EventDispatchThread.pumpEvents(EventDispatchThread.java:93)
	at java.awt.EventDispatchThread.run(EventDispatchThread.java:82)
Caused by: ptolemy.kernel.util.InternalErrorException: Element <entity name="node1" class="ptolemy.actor.ptalon.demo.ptinyos.SenseToLeds.MicaBoard"> caused an exception to be thrown.
  in .SenseToLeds.SenseToLeds
Because:
Cannot find class: ptolemy.actor.ptalon.demo.ptinyos.SenseToLeds.MicaBoard. In Ptolemy, classes are typically Java .class files. Entities like actors may instead be defined within a .xml file.  In any case, the class was not found. If the class uses a third party package, then the class would be present only if the third party package was found at compile time.  It may be necessary to upgrade Java or install the third party package, reconfigure and recompile.
Because:
Element <entity name="MicaLeds" class="ptolemy.domains.ptinyos.lib.MicaLeds"> caused an exception to be thrown.
  in .MicaBoard
Because:
Cannot find class: ptolemy.domains.ptinyos.lib.MicaLeds. In Ptolemy, classes are typically Java .class files. Entities like actors may instead be defined within a .xml file.  In any case, the class was not found. If the class uses a third party package, then the class would be present only if the third party package was found at compile time.  It may be necessary to upgrade Java or install the third party package, reconfigure and recompile.
Because:
-- /home/travis/build/icyphy/ptII/ptolemy/actor/ptalon/demo/ptinyos/SenseToLeds/ptolemy/domains/ptinyos/lib/MicaLeds.xml (No such file or directory)
-- XML file not found relative to classpath.
-- /home/travis/build/icyphy/ptII/ptolemy/vergil/basic/export/test/ptolemy/domains/ptinyos/lib/MicaLeds.xml
/home/travis/build/icyphy/ptII/ptolemy/vergil/basic/export/test/ptolemy/domains/ptinyos/lib/MicaLeds.xml (No such file or directory)
 in file:/home/travis/build/icyphy/ptII/ptolemy/actor/ptalon/demo/ptinyos/SenseToLeds/MicaBoard.xml at line 134 and column 63
	at ptolemy.moml.SimpleErrorHandler.handleError(SimpleErrorHandler.java:75)
	at ptolemy.moml.MoMLParser.startElement(MoMLParser.java:3805)
	at com.microstar.xml.XmlParser.parseElement(XmlParser.java:931)
	at com.microstar.xml.XmlParser.parseDocument(XmlParser.java:481)
	at com.microstar.xml.XmlParser.doParse(XmlParser.java:159)
	at com.microstar.xml.XmlParser.parse(XmlParser.java:132)
	at ptolemy.moml.MoMLParser.parse(MoMLParser.java:1660)
	at ptolemy.moml.MoMLParser.parse(MoMLParser.java:1617)
	at ptolemy.moml.MoMLParser.parse(MoMLParser.java:1792)
	at ptolemy.actor.ptalon.PtalonEvaluator.addActor(PtalonEvaluator.java:241)
	... 56 more
Caused by: ptolemy.kernel.util.IllegalActionException: Cannot find class: ptolemy.actor.ptalon.demo.ptinyos.SenseToLeds.MicaBoard. In Ptolemy, classes are typically Java .class files. Entities like actors may instead be defined within a .xml file.  In any case, the class was not found. If the class uses a third party package, then the class would be present only if the third party package was found at compile time.  It may be necessary to upgrade Java or install the third party package, reconfigure and recompile.
Because:
Element <entity name="MicaLeds" class="ptolemy.domains.ptinyos.lib.MicaLeds"> caused an exception to be thrown.
  in .MicaBoard
Because:
Cannot find class: ptolemy.domains.ptinyos.lib.MicaLeds. In Ptolemy, classes are typically Java .class files. Entities like actors may instead be defined within a .xml file.  In any case, the class was not found. If the class uses a third party package, then the class would be present only if the third party package was found at compile time.  It may be necessary to upgrade Java or install the third party package, reconfigure and recompile.
Because:
-- /home/travis/build/icyphy/ptII/ptolemy/actor/ptalon/demo/ptinyos/SenseToLeds/ptolemy/domains/ptinyos/lib/MicaLeds.xml (No such file or directory)
-- XML file not found relative to classpath.
-- /home/travis/build/icyphy/ptII/ptolemy/vergil/basic/export/test/ptolemy/domains/ptinyos/lib/MicaLeds.xml
/home/travis/build/icyphy/ptII/ptolemy/vergil/basic/export/test/ptolemy/domains/ptinyos/lib/MicaLeds.xml (No such file or directory)
 in file:/home/travis/build/icyphy/ptII/ptolemy/actor/ptalon/demo/ptinyos/SenseToLeds/MicaBoard.xml at line 134 and column 63
	at ptolemy.moml.MoMLParser._createEntity(MoMLParser.java:4330)
	at ptolemy.moml.MoMLParser.startElement(MoMLParser.java:2864)
	... 64 more
Caused by: ptolemy.kernel.util.InternalErrorException: Element <entity name="MicaLeds" class="ptolemy.domains.ptinyos.lib.MicaLeds"> caused an exception to be thrown.
  in .MicaBoard
Because:
Cannot find class: ptolemy.domains.ptinyos.lib.MicaLeds. In Ptolemy, classes are typically Java .class files. Entities like actors may instead be defined within a .xml file.  In any case, the class was not found. If the class uses a third party package, then the class would be present only if the third party package was found at compile time.  It may be necessary to upgrade Java or install the third party package, reconfigure and recompile.
Because:
-- /home/travis/build/icyphy/ptII/ptolemy/actor/ptalon/demo/ptinyos/SenseToLeds/ptolemy/domains/ptinyos/lib/MicaLeds.xml (No such file or directory)
-- XML file not found relative to classpath.
-- /home/travis/build/icyphy/ptII/ptolemy/vergil/basic/export/test/ptolemy/domains/ptinyos/lib/MicaLeds.xml
/home/travis/build/icyphy/ptII/ptolemy/vergil/basic/export/test/ptolemy/domains/ptinyos/lib/MicaLeds.xml (No such file or directory)
 in file:/home/travis/build/icyphy/ptII/ptolemy/actor/ptalon/demo/ptinyos/SenseToLeds/MicaBoard.xml at line 134 and column 63
	at ptolemy.moml.SimpleErrorHandler.handleError(SimpleErrorHandler.java:75)
	at ptolemy.moml.MoMLParser.startElement(MoMLParser.java:3805)
	at com.microstar.xml.XmlParser.parseElement(XmlParser.java:921)
	at com.microstar.xml.XmlParser.parseContent(XmlParser.java:1104)
	at com.microstar.xml.XmlParser.parseElement(XmlParser.java:924)
	at com.microstar.xml.XmlParser.parseDocument(XmlParser.java:481)
	at com.microstar.xml.XmlParser.doParse(XmlParser.java:159)
	at com.microstar.xml.XmlParser.parse(XmlParser.java:132)
	at ptolemy.moml.MoMLParser.parse(MoMLParser.java:1676)
	at ptolemy.moml.MoMLParser.parse(MoMLParser.java:1595)
	at ptolemy.moml.MoMLParser.parse(MoMLParser.java:1537)
	at ptolemy.moml.MoMLParser._findOrParse(MoMLParser.java:5286)
	at ptolemy.moml.MoMLParser._attemptToFindMoMLClass(MoMLParser.java:4075)
	at ptolemy.moml.MoMLParser._createEntity(MoMLParser.java:4323)
	... 65 more
Caused by: ptolemy.kernel.util.IllegalActionException: Cannot find class: ptolemy.domains.ptinyos.lib.MicaLeds. In Ptolemy, classes are typically Java .class files. Entities like actors may instead be defined within a .xml file.  In any case, the class was not found. If the class uses a third party package, then the class would be present only if the third party package was found at compile time.  It may be necessary to upgrade Java or install the third party package, reconfigure and recompile.
Because:
-- /home/travis/build/icyphy/ptII/ptolemy/actor/ptalon/demo/ptinyos/SenseToLeds/ptolemy/domains/ptinyos/lib/MicaLeds.xml (No such file or directory)
-- XML file not found relative to classpath.
-- /home/travis/build/icyphy/ptII/ptolemy/vergil/basic/export/test/ptolemy/domains/ptinyos/lib/MicaLeds.xml
/home/travis/build/icyphy/ptII/ptolemy/vergil/basic/export/test/ptolemy/domains/ptinyos/lib/MicaLeds.xml (No such file or directory)
 in file:/home/travis/build/icyphy/ptII/ptolemy/actor/ptalon/demo/ptinyos/SenseToLeds/MicaBoard.xml at line 134 and column 63
	at ptolemy.moml.MoMLParser._createEntity(MoMLParser.java:4330)
	at ptolemy.moml.MoMLParser.startElement(MoMLParser.java:2864)
	... 77 more
Caused by: com.microstar.xml.XmlException: -- /home/travis/build/icyphy/ptII/ptolemy/actor/ptalon/demo/ptinyos/SenseToLeds/ptolemy/domains/ptinyos/lib/MicaLeds.xml (No such file or directory)
-- XML file not found relative to classpath.
-- /home/travis/build/icyphy/ptII/ptolemy/vergil/basic/export/test/ptolemy/domains/ptinyos/lib/MicaLeds.xml
/home/travis/build/icyphy/ptII/ptolemy/vergil/basic/export/test/ptolemy/domains/ptinyos/lib/MicaLeds.xml (No such file or directory)
 in file:/home/travis/build/icyphy/ptII/ptolemy/actor/ptalon/demo/ptinyos/SenseToLeds/MicaBoard.xml at line 134 and column 63
	at ptolemy.moml.MoMLParser.fileNameToURL(MoMLParser.java:1414)
	at ptolemy.moml.MoMLParser._findOrParse(MoMLParser.java:5283)
	at ptolemy.moml.MoMLParser._attemptToFindMoMLClass(MoMLParser.java:4075)
	at ptolemy.moml.MoMLParser._createEntity(MoMLParser.java:4323)
	... 78 more
Failed to read file:/home/travis/build/icyphy/ptII/ptolemy/actor/ptalon/demo/ptinyos/SenseToLeds/SenseToLeds.xml
ptolemy.kernel.util.IllegalActionException: Failed to process attribute change to PtalonParameter, whose value is "ptolemy.actor.ptalon.PtalonExpressionParameter {.SenseToLeds.SenseToLeds.n} 2".
  in .SenseToLeds.SenseToLeds
Because:
Unable to add actor null
	at ptolemy.actor.ptalon.PtalonActor.attributeChanged(PtalonActor.java:211)
	at ptolemy.actor.ptalon.PtalonMLHandler.startElement(PtalonMLHandler.java:134)
	at com.microstar.xml.XmlParser.parseElement(XmlParser.java:921)
	at com.microstar.xml.XmlParser.parseContent(XmlParser.java:1104)
	at com.microstar.xml.XmlParser.parseElement(XmlParser.java:924)
	at com.microstar.xml.XmlParser.parseDocument(XmlParser.java:481)
	at com.microstar.xml.XmlParser.doParse(XmlParser.java:159)
	at com.microstar.xml.XmlParser.parse(XmlParser.java:132)
	at ptolemy.actor.ptalon.PtalonActor.configure(PtalonActor.java:240)
	at ptolemy.moml.MoMLParser.endElement(MoMLParser.java:996)
	at com.microstar.xml.XmlParser.parseETag(XmlParser.java:1026)
	at com.microstar.xml.XmlParser.parseContent(XmlParser.java:1098)
	at com.microstar.xml.XmlParser.parseElement(XmlParser.java:924)
	at com.microstar.xml.XmlParser.parseContent(XmlParser.java:1104)
	at com.microstar.xml.XmlParser.parseElement(XmlParser.java:924)
	at com.microstar.xml.XmlParser.parseContent(XmlParser.java:1104)
	at com.microstar.xml.XmlParser.parseElement(XmlParser.java:924)
	at com.microstar.xml.XmlParser.parseDocument(XmlParser.java:481)
	at com.microstar.xml.XmlParser.doParse(XmlParser.java:159)
	at com.microstar.xml.XmlParser.parse(XmlParser.java:132)
	at ptolemy.moml.MoMLParser.parse(MoMLParser.java:1676)
	at ptolemy.moml.MoMLParser.parse(MoMLParser.java:1595)
	at ptolemy.moml.MoMLParser.parse(MoMLParser.java:1537)
	at ptolemy.actor.gui.PtolemyEffigy$Factory.createEffigy(PtolemyEffigy.java:424)
	at ptolemy.actor.gui.EffigyFactory.createEffigy(EffigyFactory.java:234)
	at ptolemy.actor.gui.Configuration.openModel(Configuration.java:1125)
	at ptolemy.actor.gui.Configuration.openModel(Configuration.java:1051)
	at ptolemy.actor.gui.ConfigurationApplication._openModel(ConfigurationApplication.java:1252)
	at ptolemy.actor.gui.ConfigurationApplication._parseArg(ConfigurationApplication.java:1399)
	at ptolemy.actor.gui.ConfigurationApplication._parseArgs(ConfigurationApplication.java:1478)
	at ptolemy.actor.gui.ConfigurationApplication.<init>(ConfigurationApplication.java:277)
	at ptolemy.actor.gui.ConfigurationApplication.<init>(ConfigurationApplication.java:214)
	at ptolemy.actor.gui.ConfigurationApplication.<init>(ConfigurationApplication.java:201)
	at ptolemy.actor.gui.ConfigurationApplication.openModelOrEntity(ConfigurationApplication.java:680)
	at ptolemy.vergil.basic.export.ExportModel$1.run(ExportModel.java:220)
	at java.awt.event.InvocationEvent.dispatch(InvocationEvent.java:301)
	at java.awt.EventQueue.dispatchEventImpl(EventQueue.java:756)
	at java.awt.EventQueue.access$500(EventQueue.java:97)
	at java.awt.EventQueue$3.run(EventQueue.java:709)
	at java.awt.EventQueue$3.run(EventQueue.java:703)
	at java.security.AccessController.doPrivileged(Native Method)
	at java.security.ProtectionDomain$JavaSecurityAccessImpl.doIntersectionPrivilege(ProtectionDomain.java:80)
	at java.awt.EventQueue.dispatchEvent(EventQueue.java:726)
	at java.awt.EventDispatchThread.pumpOneEventForFilters(EventDispatchThread.java:201)
	at java.awt.EventDispatchThread.pumpEventsForFilter(EventDispatchThread.java:116)
	at java.awt.EventDispatchThread.pumpEventsForHierarchy(EventDispatchThread.java:105)
	at java.awt.EventDispatchThread.pumpEvents(EventDispatchThread.java:101)
	at java.awt.EventDispatchThread.pumpEvents(EventDispatchThread.java:93)
	at java.awt.EventDispatchThread.run(EventDispatchThread.java:82)
Caused by: ptolemy.actor.ptalon.PtalonRuntimeException: Unable to add actor null
	at ptolemy.actor.ptalon.PtalonEvaluator.addActor(PtalonEvaluator.java:300)
	at ptolemy.actor.ptalon.PtalonPopulator.actor_declaration(PtalonPopulator.java:1574)
	at ptolemy.actor.ptalon.PtalonPopulator.atomic_statement(PtalonPopulator.java:1638)
	at ptolemy.actor.ptalon.PtalonPopulator.iterative_statement_evaluator(PtalonPopulator.java:2484)
	at ptolemy.actor.ptalon.AbstractPtalonEvaluator$IfTree.evaluateForScope(AbstractPtalonEvaluator.java:1307)
	at ptolemy.actor.ptalon.AbstractPtalonEvaluator.evaluateForScope(AbstractPtalonEvaluator.java:744)
	at ptolemy.actor.ptalon.PtalonPopulator.iterative_statement(PtalonPopulator.java:2363)
	at ptolemy.actor.ptalon.PtalonPopulator.actor_definition(PtalonPopulator.java:2809)
	at ptolemy.actor.ptalon.PtalonActor.attributeChanged(PtalonActor.java:206)
	... 48 more
Caused by: ptolemy.kernel.util.InternalErrorException: Element <entity name="node1" class="ptolemy.actor.ptalon.demo.ptinyos.SenseToLeds.MicaBoard"> caused an exception to be thrown.
  in .SenseToLeds.SenseToLeds
Because:
Cannot find class: ptolemy.actor.ptalon.demo.ptinyos.SenseToLeds.MicaBoard. In Ptolemy, classes are typically Java .class files. Entities like actors may instead be defined within a .xml file.  In any case, the class was not found. If the class uses a third party package, then the class would be present only if the third party package was found at compile time.  It may be necessary to upgrade Java or install the third party package, reconfigure and recompile.
Because:
Element <entity name="MicaLeds" class="ptolemy.domains.ptinyos.lib.MicaLeds"> caused an exception to be thrown.
  in .MicaBoard
Because:
Cannot find class: ptolemy.domains.ptinyos.lib.MicaLeds. In Ptolemy, classes are typically Java .class files. Entities like actors may instead be defined within a .xml file.  In any case, the class was not found. If the class uses a third party package, then the class would be present only if the third party package was found at compile time.  It may be necessary to upgrade Java or install the third party package, reconfigure and recompile.
Because:
-- /home/travis/build/icyphy/ptII/ptolemy/actor/ptalon/demo/ptinyos/SenseToLeds/ptolemy/domains/ptinyos/lib/MicaLeds.xml (No such file or directory)
-- XML file not found relative to classpath.
-- /home/travis/build/icyphy/ptII/ptolemy/vergil/basic/export/test/ptolemy/domains/ptinyos/lib/MicaLeds.xml
/home/travis/build/icyphy/ptII/ptolemy/vergil/basic/export/test/ptolemy/domains/ptinyos/lib/MicaLeds.xml (No such file or directory)
 in file:/home/travis/build/icyphy/ptII/ptolemy/actor/ptalon/demo/ptinyos/SenseToLeds/MicaBoard.xml at line 134 and column 63
	at ptolemy.moml.SimpleErrorHandler.handleError(SimpleErrorHandler.java:75)
	at ptolemy.moml.MoMLParser.startElement(MoMLParser.java:3805)
	at com.microstar.xml.XmlParser.parseElement(XmlParser.java:931)
	at com.microstar.xml.XmlParser.parseDocument(XmlParser.java:481)
	at com.microstar.xml.XmlParser.doParse(XmlParser.java:159)
	at com.microstar.xml.XmlParser.parse(XmlParser.java:132)
	at ptolemy.moml.MoMLParser.parse(MoMLParser.java:1660)
	at ptolemy.moml.MoMLParser.parse(MoMLParser.java:1617)
	at ptolemy.moml.MoMLParser.parse(MoMLParser.java:1792)
	at ptolemy.actor.ptalon.PtalonEvaluator.addActor(PtalonEvaluator.java:241)
	... 56 more
Caused by: ptolemy.kernel.util.IllegalActionException: Cannot find class: ptolemy.actor.ptalon.demo.ptinyos.SenseToLeds.MicaBoard. In Ptolemy, classes are typically Java .class files. Entities like actors may instead be defined within a .xml file.  In any case, the class was not found. If the class uses a third party package, then the class would be present only if the third party package was found at compile time.  It may be necessary to upgrade Java or install the third party package, reconfigure and recompile.
Because:
Element <entity name="MicaLeds" class="ptolemy.domains.ptinyos.lib.MicaLeds"> caused an exception to be thrown.
  in .MicaBoard
Because:
Cannot find class: ptolemy.domains.ptinyos.lib.MicaLeds. In Ptolemy, classes are typically Java .class files. Entities like actors may instead be defined within a .xml file.  In any case, the class was not found. If the class uses a third party package, then the class would be present only if the third party package was found at compile time.  It may be necessary to upgrade Java or install the third party package, reconfigure and recompile.
Because:
-- /home/travis/build/icyphy/ptII/ptolemy/actor/ptalon/demo/ptinyos/SenseToLeds/ptolemy/domains/ptinyos/lib/MicaLeds.xml (No such file or directory)
-- XML file not found relative to classpath.
-- /home/travis/build/icyphy/ptII/ptolemy/vergil/basic/export/test/ptolemy/domains/ptinyos/lib/MicaLeds.xml
/home/travis/build/icyphy/ptII/ptolemy/vergil/basic/export/test/ptolemy/domains/ptinyos/lib/MicaLeds.xml (No such file or directory)
 in file:/home/travis/build/icyphy/ptII/ptolemy/actor/ptalon/demo/ptinyos/SenseToLeds/MicaBoard.xml at line 134 and column 63
	at ptolemy.moml.MoMLParser._createEntity(MoMLParser.java:4330)
	at ptolemy.moml.MoMLParser.startElement(MoMLParser.java:2864)
	... 64 more
Caused by: ptolemy.kernel.util.InternalErrorException: Element <entity name="MicaLeds" class="ptolemy.domains.ptinyos.lib.MicaLeds"> caused an exception to be thrown.
  in .MicaBoard
Because:
Cannot find class: ptolemy.domains.ptinyos.lib.MicaLeds. In Ptolemy, classes are typically Java .class files. Entities like actors may instead be defined within a .xml file.  In any case, the class was not found. If the class uses a third party package, then the class would be present only if the third party package was found at compile time.  It may be necessary to upgrade Java or install the third party package, reconfigure and recompile.
Because:
-- /home/travis/build/icyphy/ptII/ptolemy/actor/ptalon/demo/ptinyos/SenseToLeds/ptolemy/domains/ptinyos/lib/MicaLeds.xml (No such file or directory)
-- XML file not found relative to classpath.
-- /home/travis/build/icyphy/ptII/ptolemy/vergil/basic/export/test/ptolemy/domains/ptinyos/lib/MicaLeds.xml
/home/travis/build/icyphy/ptII/ptolemy/vergil/basic/export/test/ptolemy/domains/ptinyos/lib/MicaLeds.xml (No such file or directory)
 in file:/home/travis/build/icyphy/ptII/ptolemy/actor/ptalon/demo/ptinyos/SenseToLeds/MicaBoard.xml at line 134 and column 63
	at ptolemy.moml.SimpleErrorHandler.handleError(SimpleErrorHandler.java:75)
	at ptolemy.moml.MoMLParser.startElement(MoMLParser.java:3805)
	at com.microstar.xml.XmlParser.parseElement(XmlParser.java:921)
	at com.microstar.xml.XmlParser.parseContent(XmlParser.java:1104)
	at com.microstar.xml.XmlParser.parseElement(XmlParser.java:924)
	at com.microstar.xml.XmlParser.parseDocument(XmlParser.java:481)
	at com.microstar.xml.XmlParser.doParse(XmlParser.java:159)
	at com.microstar.xml.XmlParser.parse(XmlParser.java:132)
	at ptolemy.moml.MoMLParser.parse(MoMLParser.java:1676)
	at ptolemy.moml.MoMLParser.parse(MoMLParser.java:1595)
	at ptolemy.moml.MoMLParser.parse(MoMLParser.java:1537)
	at ptolemy.moml.MoMLParser._findOrParse(MoMLParser.java:5286)
	at ptolemy.moml.MoMLParser._attemptToFindMoMLClass(MoMLParser.java:4075)
	at ptolemy.moml.MoMLParser._createEntity(MoMLParser.java:4323)
	... 65 more
Caused by: ptolemy.kernel.util.IllegalActionException: Cannot find class: ptolemy.domains.ptinyos.lib.MicaLeds. In Ptolemy, classes are typically Java .class files. Entities like actors may instead be defined within a .xml file.  In any case, the class was not found. If the class uses a third party package, then the class would be present only if the third party package was found at compile time.  It may be necessary to upgrade Java or install the third party package, reconfigure and recompile.
Because:
-- /home/travis/build/icyphy/ptII/ptolemy/actor/ptalon/demo/ptinyos/SenseToLeds/ptolemy/domains/ptinyos/lib/MicaLeds.xml (No such file or directory)
-- XML file not found relative to classpath.
-- /home/travis/build/icyphy/ptII/ptolemy/vergil/basic/export/test/ptolemy/domains/ptinyos/lib/MicaLeds.xml
/home/travis/build/icyphy/ptII/ptolemy/vergil/basic/export/test/ptolemy/domains/ptinyos/lib/MicaLeds.xml (No such file or directory)
 in file:/home/travis/build/icyphy/ptII/ptolemy/actor/ptalon/demo/ptinyos/SenseToLeds/MicaBoard.xml at line 134 and column 63
	at ptolemy.moml.MoMLParser._createEntity(MoMLParser.java:4330)
	at ptolemy.moml.MoMLParser.startElement(MoMLParser.java:2864)
	... 77 more
Caused by: com.microstar.xml.XmlException: -- /home/travis/build/icyphy/ptII/ptolemy/actor/ptalon/demo/ptinyos/SenseToLeds/ptolemy/domains/ptinyos/lib/MicaLeds.xml (No such file or directory)
-- XML file not found relative to classpath.
-- /home/travis/build/icyphy/ptII/ptolemy/vergil/basic/export/test/ptolemy/domains/ptinyos/lib/MicaLeds.xml
/home/travis/build/icyphy/ptII/ptolemy/vergil/basic/export/test/ptolemy/domains/ptinyos/lib/MicaLeds.xml (No such file or directory)
 in file:/home/travis/build/icyphy/ptII/ptolemy/actor/ptalon/demo/ptinyos/SenseToLeds/MicaBoard.xml at line 134 and column 63
	at ptolemy.moml.MoMLParser.fileNameToURL(MoMLParser.java:1414)
	at ptolemy.moml.MoMLParser._findOrParse(MoMLParser.java:5283)
	at ptolemy.moml.MoMLParser._attemptToFindMoMLClass(MoMLParser.java:4075)
	at ptolemy.moml.MoMLParser._createEntity(MoMLParser.java:4323)
	... 78 more
Caused by: ptolemy.actor.ptalon.PtalonRuntimeException: Unable to add actor null
	at ptolemy.actor.ptalon.PtalonEvaluator.addActor(PtalonEvaluator.java:300)
	at ptolemy.actor.ptalon.PtalonPopulator.actor_declaration(PtalonPopulator.java:1574)
	at ptolemy.actor.ptalon.PtalonPopulator.atomic_statement(PtalonPopulator.java:1638)
	at ptolemy.actor.ptalon.PtalonPopulator.iterative_statement_evaluator(PtalonPopulator.java:2484)
	at ptolemy.actor.ptalon.AbstractPtalonEvaluator$IfTree.evaluateForScope(AbstractPtalonEvaluator.java:1307)
	at ptolemy.actor.ptalon.AbstractPtalonEvaluator.evaluateForScope(AbstractPtalonEvaluator.java:744)
	at ptolemy.actor.ptalon.PtalonPopulator.iterative_statement(PtalonPopulator.java:2363)
	at ptolemy.actor.ptalon.PtalonPopulator.actor_definition(PtalonPopulator.java:2809)
	at ptolemy.actor.ptalon.PtalonActor.attributeChanged(PtalonActor.java:206)
	at ptolemy.actor.ptalon.PtalonMLHandler.startElement(PtalonMLHandler.java:134)
	at com.microstar.xml.XmlParser.parseElement(XmlParser.java:921)
	at com.microstar.xml.XmlParser.parseContent(XmlParser.java:1104)
	at com.microstar.xml.XmlParser.parseElement(XmlParser.java:924)
	at com.microstar.xml.XmlParser.parseDocument(XmlParser.java:481)
	at com.microstar.xml.XmlParser.doParse(XmlParser.java:159)
	at com.microstar.xml.XmlParser.parse(XmlParser.java:132)
	at ptolemy.actor.ptalon.PtalonActor.configure(PtalonActor.java:240)
	at ptolemy.moml.MoMLParser.endElement(MoMLParser.java:996)
	at com.microstar.xml.XmlParser.parseETag(XmlParser.java:1026)
	at com.microstar.xml.XmlParser.parseContent(XmlParser.java:1098)
	at com.microstar.xml.XmlParser.parseElement(XmlParser.java:924)
	at com.microstar.xml.XmlParser.parseContent(XmlParser.java:1104)
	at com.microstar.xml.XmlParser.parseElement(XmlParser.java:924)
	at com.microstar.xml.XmlParser.parseContent(XmlParser.java:1104)
	at com.microstar.xml.XmlParser.parseElement(XmlParser.java:924)
	at com.microstar.xml.XmlParser.parseDocument(XmlParser.java:481)
	at com.microstar.xml.XmlParser.doParse(XmlParser.java:159)
	at com.microstar.xml.XmlParser.parse(XmlParser.java:132)
	at ptolemy.moml.MoMLParser.parse(MoMLParser.java:1676)
	at ptolemy.moml.MoMLParser.parse(MoMLParser.java:1595)
	at ptolemy.moml.MoMLParser.parse(MoMLParser.java:1537)
	at ptolemy.actor.gui.PtolemyEffigy$Factory.createEffigy(PtolemyEffigy.java:424)
	at ptolemy.actor.gui.EffigyFactory.createEffigy(EffigyFactory.java:234)
	at ptolemy.actor.gui.Configuration.openModel(Configuration.java:1125)
	at ptolemy.actor.gui.Configuration.openModel(Configuration.java:1051)
	at ptolemy.actor.gui.ConfigurationApplication._openModel(ConfigurationApplication.java:1252)
	at ptolemy.actor.gui.ConfigurationApplication._parseArg(ConfigurationApplication.java:1399)
	at ptolemy.actor.gui.ConfigurationApplication._parseArgs(ConfigurationApplication.java:1478)
	at ptolemy.actor.gui.ConfigurationApplication.<init>(ConfigurationApplication.java:277)
	at ptolemy.actor.gui.ConfigurationApplication.<init>(ConfigurationApplication.java:214)
	at ptolemy.actor.gui.ConfigurationApplication.<init>(ConfigurationApplication.java:201)
	at ptolemy.actor.gui.ConfigurationApplication.openModelOrEntity(ConfigurationApplication.java:680)
	at ptolemy.vergil.basic.export.ExportModel$1.run(ExportModel.java:220)
	at java.awt.event.InvocationEvent.dispatch(InvocationEvent.java:301)
	at java.awt.EventQueue.dispatchEventImpl(EventQueue.java:756)
	at java.awt.EventQueue.access$500(EventQueue.java:97)
	at java.awt.EventQueue$3.run(EventQueue.java:709)
	at java.awt.EventQueue$3.run(EventQueue.java:703)
	at java.security.AccessController.doPrivileged(Native Method)
	at java.security.ProtectionDomain$JavaSecurityAccessImpl.doIntersectionPrivilege(ProtectionDomain.java:80)
	at java.awt.EventQueue.dispatchEvent(EventQueue.java:726)
	at java.awt.EventDispatchThread.pumpOneEventForFilters(EventDispatchThread.java:201)
	at java.awt.EventDispatchThread.pumpEventsForFilter(EventDispatchThread.java:116)
	at java.awt.EventDispatchThread.pumpEventsForHierarchy(EventDispatchThread.java:105)
	at java.awt.EventDispatchThread.pumpEvents(EventDispatchThread.java:101)
	at java.awt.EventDispatchThread.pumpEvents(EventDispatchThread.java:93)
	at java.awt.EventDispatchThread.run(EventDispatchThread.java:82)
Caused by: ptolemy.kernel.util.InternalErrorException: Element <entity name="node1" class="ptolemy.actor.ptalon.demo.ptinyos.SenseToLeds.MicaBoard"> caused an exception to be thrown.
  in .SenseToLeds.SenseToLeds
Because:
Cannot find class: ptolemy.actor.ptalon.demo.ptinyos.SenseToLeds.MicaBoard. In Ptolemy, classes are typically Java .class files. Entities like actors may instead be defined within a .xml file.  In any case, the class was not found. If the class uses a third party package, then the class would be present only if the third party package was found at compile time.  It may be necessary to upgrade Java or install the third party package, reconfigure and recompile.
Because:
Element <entity name="MicaLeds" class="ptolemy.domains.ptinyos.lib.MicaLeds"> caused an exception to be thrown.
  in .MicaBoard
Because:
Cannot find class: ptolemy.domains.ptinyos.lib.MicaLeds. In Ptolemy, classes are typically Java .class files. Entities like actors may instead be defined within a .xml file.  In any case, the class was not found. If the class uses a third party package, then the class would be present only if the third party package was found at compile time.  It may be necessary to upgrade Java or install the third party package, reconfigure and recompile.
Because:
-- /home/travis/build/icyphy/ptII/ptolemy/actor/ptalon/demo/ptinyos/SenseToLeds/ptolemy/domains/ptinyos/lib/MicaLeds.xml (No such file or directory)
-- XML file not found relative to classpath.
-- /home/travis/build/icyphy/ptII/ptolemy/vergil/basic/export/test/ptolemy/domains/ptinyos/lib/MicaLeds.xml
/home/travis/build/icyphy/ptII/ptolemy/vergil/basic/export/test/ptolemy/domains/ptinyos/lib/MicaLeds.xml (No such file or directory)
 in file:/home/travis/build/icyphy/ptII/ptolemy/actor/ptalon/demo/ptinyos/SenseToLeds/MicaBoard.xml at line 134 and column 63
	at ptolemy.moml.SimpleErrorHandler.handleError(SimpleErrorHandler.java:75)
	at ptolemy.moml.MoMLParser.startElement(MoMLParser.java:3805)
	at com.microstar.xml.XmlParser.parseElement(XmlParser.java:931)
	at com.microstar.xml.XmlParser.parseDocument(XmlParser.java:481)
	at com.microstar.xml.XmlParser.doParse(XmlParser.java:159)
	at com.microstar.xml.XmlParser.parse(XmlParser.java:132)
	at ptolemy.moml.MoMLParser.parse(MoMLParser.java:1660)
	at ptolemy.moml.MoMLParser.parse(MoMLParser.java:1617)
	at ptolemy.moml.MoMLParser.parse(MoMLParser.java:1792)
	at ptolemy.actor.ptalon.PtalonEvaluator.addActor(PtalonEvaluator.java:241)
	... 56 more
Caused by: ptolemy.kernel.util.IllegalActionException: Cannot find class: ptolemy.actor.ptalon.demo.ptinyos.SenseToLeds.MicaBoard. In Ptolemy, classes are typically Java .class files. Entities like actors may instead be defined within a .xml file.  In any case, the class was not found. If the class uses a third party package, then the class would be present only if the third party package was found at compile time.  It may be necessary to upgrade Java or install the third party package, reconfigure and recompile.
Because:
Element <entity name="MicaLeds" class="ptolemy.domains.ptinyos.lib.MicaLeds"> caused an exception to be thrown.
  in .MicaBoard
Because:
Cannot find class: ptolemy.domains.ptinyos.lib.MicaLeds. In Ptolemy, classes are typically Java .class files. Entities like actors may instead be defined within a .xml file.  In any case, the class was not found. If the class uses a third party package, then the class would be present only if the third party package was found at compile time.  It may be necessary to upgrade Java or install the third party package, reconfigure and recompile.
Because:
-- /home/travis/build/icyphy/ptII/ptolemy/actor/ptalon/demo/ptinyos/SenseToLeds/ptolemy/domains/ptinyos/lib/MicaLeds.xml (No such file or directory)
-- XML file not found relative to classpath.
-- /home/travis/build/icyphy/ptII/ptolemy/vergil/basic/export/test/ptolemy/domains/ptinyos/lib/MicaLeds.xml
/home/travis/build/icyphy/ptII/ptolemy/vergil/basic/export/test/ptolemy/domains/ptinyos/lib/MicaLeds.xml (No such file or directory)
 in file:/home/travis/build/icyphy/ptII/ptolemy/actor/ptalon/demo/ptinyos/SenseToLeds/MicaBoard.xml at line 134 and column 63
	at ptolemy.moml.MoMLParser._createEntity(MoMLParser.java:4330)
	at ptolemy.moml.MoMLParser.startElement(MoMLParser.java:2864)
	... 64 more
Caused by: ptolemy.kernel.util.InternalErrorException: Element <entity name="MicaLeds" class="ptolemy.domains.ptinyos.lib.MicaLeds"> caused an exception to be thrown.
  in .MicaBoard
Because:
Cannot find class: ptolemy.domains.ptinyos.lib.MicaLeds. In Ptolemy, classes are typically Java .class files. Entities like actors may instead be defined within a .xml file.  In any case, the class was not found. If the class uses a third party package, then the class would be present only if the third party package was found at compile time.  It may be necessary to upgrade Java or install the third party package, reconfigure and recompile.
Because:
-- /home/travis/build/icyphy/ptII/ptolemy/actor/ptalon/demo/ptinyos/SenseToLeds/ptolemy/domains/ptinyos/lib/MicaLeds.xml (No such file or directory)
-- XML file not found relative to classpath.
-- /home/travis/build/icyphy/ptII/ptolemy/vergil/basic/export/test/ptolemy/domains/ptinyos/lib/MicaLeds.xml
/home/travis/build/icyphy/ptII/ptolemy/vergil/basic/export/test/ptolemy/domains/ptinyos/lib/MicaLeds.xml (No such file or directory)
 in file:/home/travis/build/icyphy/ptII/ptolemy/actor/ptalon/demo/ptinyos/SenseToLeds/MicaBoard.xml at line 134 and column 63
	at ptolemy.moml.SimpleErrorHandler.handleError(SimpleErrorHandler.java:75)
	at ptolemy.moml.MoMLParser.startElement(MoMLParser.java:3805)
	at com.microstar.xml.XmlParser.parseElement(XmlParser.java:921)
	at com.microstar.xml.XmlParser.parseContent(XmlParser.java:1104)
	at com.microstar.xml.XmlParser.parseElement(XmlParser.java:924)
	at com.microstar.xml.XmlParser.parseDocument(XmlParser.java:481)
	at com.microstar.xml.XmlParser.doParse(XmlParser.java:159)
	at com.microstar.xml.XmlParser.parse(XmlParser.java:132)
	at ptolemy.moml.MoMLParser.parse(MoMLParser.java:1676)
	at ptolemy.moml.MoMLParser.parse(MoMLParser.java:1595)
	at ptolemy.moml.MoMLParser.parse(MoMLParser.java:1537)
	at ptolemy.moml.MoMLParser._findOrParse(MoMLParser.java:5286)
	at ptolemy.moml.MoMLParser._attemptToFindMoMLClass(MoMLParser.java:4075)
	at ptolemy.moml.MoMLParser._createEntity(MoMLParser.java:4323)
	... 65 more
Caused by: ptolemy.kernel.util.IllegalActionException: Cannot find class: ptolemy.domains.ptinyos.lib.MicaLeds. In Ptolemy, classes are typically Java .class files. Entities like actors may instead be defined within a .xml file.  In any case, the class was not found. If the class uses a third party package, then the class would be present only if the third party package was found at compile time.  It may be necessary to upgrade Java or install the third party package, reconfigure and recompile.
Because:
-- /home/travis/build/icyphy/ptII/ptolemy/actor/ptalon/demo/ptinyos/SenseToLeds/ptolemy/domains/ptinyos/lib/MicaLeds.xml (No such file or directory)
-- XML file not found relative to classpath.
-- /home/travis/build/icyphy/ptII/ptolemy/vergil/basic/export/test/ptolemy/domains/ptinyos/lib/MicaLeds.xml
/home/travis/build/icyphy/ptII/ptolemy/vergil/basic/export/test/ptolemy/domains/ptinyos/lib/MicaLeds.xml (No such file or directory)
 in file:/home/travis/build/icyphy/ptII/ptolemy/actor/ptalon/demo/ptinyos/SenseToLeds/MicaBoard.xml at line 134 and column 63
	at ptolemy.moml.MoMLParser._createEntity(MoMLParser.java:4330)
	at ptolemy.moml.MoMLParser.startElement(MoMLParser.java:2864)
	... 77 more
Caused by: com.microstar.xml.XmlException: -- /home/travis/build/icyphy/ptII/ptolemy/actor/ptalon/demo/ptinyos/SenseToLeds/ptolemy/domains/ptinyos/lib/MicaLeds.xml (No such file or directory)
-- XML file not found relative to classpath.
-- /home/travis/build/icyphy/ptII/ptolemy/vergil/basic/export/test/ptolemy/domains/ptinyos/lib/MicaLeds.xml
/home/travis/build/icyphy/ptII/ptolemy/vergil/basic/export/test/ptolemy/domains/ptinyos/lib/MicaLeds.xml (No such file or directory)
 in file:/home/travis/build/icyphy/ptII/ptolemy/actor/ptalon/demo/ptinyos/SenseToLeds/MicaBoard.xml at line 134 and column 63
	at ptolemy.moml.MoMLParser.fileNameToURL(MoMLParser.java:1414)
	at ptolemy.moml.MoMLParser._findOrParse(MoMLParser.java:5283)
	at ptolemy.moml.MoMLParser._attemptToFindMoMLClass(MoMLParser.java:4075)
	at ptolemy.moml.MoMLParser._createEntity(MoMLParser.java:4323)
	... 78 more
Failed to read file:/home/travis/build/icyphy/ptII/ptolemy/actor/ptalon/demo/ptinyos/SenseToLeds/SenseToLeds.xml
ptolemy.kernel.util.IllegalActionException: Failed to process attribute change to PtalonParameter, whose value is "ptolemy.actor.ptalon.PtalonExpressionParameter {.SenseToLeds.SenseToLeds.n} 2".
  in .SenseToLeds.SenseToLeds
Because:
Unable to add actor null
	at ptolemy.actor.ptalon.PtalonActor.attributeChanged(PtalonActor.java:211)
	at ptolemy.actor.ptalon.PtalonMLHandler.startElement(PtalonMLHandler.java:134)
	at com.microstar.xml.XmlParser.parseElement(XmlParser.java:921)
	at com.microstar.xml.XmlParser.parseContent(XmlParser.java:1104)
	at com.microstar.xml.XmlParser.parseElement(XmlParser.java:924)
	at com.microstar.xml.XmlParser.parseDocument(XmlParser.java:481)
	at com.microstar.xml.XmlParser.doParse(XmlParser.java:159)
	at com.microstar.xml.XmlParser.parse(XmlParser.java:132)
	at ptolemy.actor.ptalon.PtalonActor.configure(PtalonActor.java:240)
	at ptolemy.moml.MoMLParser.endElement(MoMLParser.java:996)
	at com.microstar.xml.XmlParser.parseETag(XmlParser.java:1026)
	at com.microstar.xml.XmlParser.parseContent(XmlParser.java:1098)
	at com.microstar.xml.XmlParser.parseElement(XmlParser.java:924)
	at com.microstar.xml.XmlParser.parseContent(XmlParser.java:1104)
	at com.microstar.xml.XmlParser.parseElement(XmlParser.java:924)
	at com.microstar.xml.XmlParser.parseContent(XmlParser.java:1104)
	at com.microstar.xml.XmlParser.parseElement(XmlParser.java:924)
	at com.microstar.xml.XmlParser.parseDocument(XmlParser.java:481)
	at com.microstar.xml.XmlParser.doParse(XmlParser.java:159)
	at com.microstar.xml.XmlParser.parse(XmlParser.java:132)
	at ptolemy.moml.MoMLParser.parse(MoMLParser.java:1676)
	at ptolemy.moml.MoMLParser.parse(MoMLParser.java:1595)
	at ptolemy.moml.MoMLParser.parse(MoMLParser.java:1537)
	at ptolemy.actor.gui.PtolemyEffigy$Factory.createEffigy(PtolemyEffigy.java:424)
	at ptolemy.actor.gui.EffigyFactory.createEffigy(EffigyFactory.java:234)
	at ptolemy.actor.gui.Configuration.openModel(Configuration.java:1125)
	at ptolemy.actor.gui.Configuration.openModel(Configuration.java:1051)
	at ptolemy.actor.gui.ConfigurationApplication._openModel(ConfigurationApplication.java:1252)
	at ptolemy.actor.gui.ConfigurationApplication._parseArg(ConfigurationApplication.java:1399)
	at ptolemy.actor.gui.ConfigurationApplication._parseArgs(ConfigurationApplication.java:1478)
	at ptolemy.actor.gui.ConfigurationApplication.<init>(ConfigurationApplication.java:277)
	at ptolemy.actor.gui.ConfigurationApplication.<init>(ConfigurationApplication.java:214)
	at ptolemy.actor.gui.ConfigurationApplication.<init>(ConfigurationApplication.java:201)
	at ptolemy.actor.gui.ConfigurationApplication.openModelOrEntity(ConfigurationApplication.java:680)
	at ptolemy.vergil.basic.export.ExportModel$1.run(ExportModel.java:220)
	at java.awt.event.InvocationEvent.dispatch(InvocationEvent.java:301)
	at java.awt.EventQueue.dispatchEventImpl(EventQueue.java:756)
	at java.awt.EventQueue.access$500(EventQueue.java:97)
	at java.awt.EventQueue$3.run(EventQueue.java:709)
	at java.awt.EventQueue$3.run(EventQueue.java:703)
	at java.security.AccessController.doPrivileged(Native Method)
	at java.security.ProtectionDomain$JavaSecurityAccessImpl.doIntersectionPrivilege(ProtectionDomain.java:80)
	at java.awt.EventQueue.dispatchEvent(EventQueue.java:726)
	at java.awt.EventDispatchThread.pumpOneEventForFilters(EventDispatchThread.java:201)
	at java.awt.EventDispatchThread.pumpEventsForFilter(EventDispatchThread.java:116)
	at java.awt.EventDispatchThread.pumpEventsForHierarchy(EventDispatchThread.java:105)
	at java.awt.EventDispatchThread.pumpEvents(EventDispatchThread.java:101)
	at java.awt.EventDispatchThread.pumpEvents(EventDispatchThread.java:93)
	at java.awt.EventDispatchThread.run(EventDispatchThread.java:82)
Caused by: ptolemy.actor.ptalon.PtalonRuntimeException: Unable to add actor null
	at ptolemy.actor.ptalon.PtalonEvaluator.addActor(PtalonEvaluator.java:300)
	at ptolemy.actor.ptalon.PtalonPopulator.actor_declaration(PtalonPopulator.java:1574)
	at ptolemy.actor.ptalon.PtalonPopulator.atomic_statement(PtalonPopulator.java:1638)
	at ptolemy.actor.ptalon.PtalonPopulator.iterative_statement_evaluator(PtalonPopulator.java:2484)
	at ptolemy.actor.ptalon.AbstractPtalonEvaluator$IfTree.evaluateForScope(AbstractPtalonEvaluator.java:1307)
	at ptolemy.actor.ptalon.AbstractPtalonEvaluator.evaluateForScope(AbstractPtalonEvaluator.java:744)
	at ptolemy.actor.ptalon.PtalonPopulator.iterative_statement(PtalonPopulator.java:2363)
	at ptolemy.actor.ptalon.PtalonPopulator.actor_definition(PtalonPopulator.java:2809)
	at ptolemy.actor.ptalon.PtalonActor.attributeChanged(PtalonActor.java:206)
	... 48 more
Caused by: ptolemy.kernel.util.InternalErrorException: Element <entity name="node1" class="ptolemy.actor.ptalon.demo.ptinyos.SenseToLeds.MicaBoard"> caused an exception to be thrown.
  in .SenseToLeds.SenseToLeds
Because:
Cannot find class: ptolemy.actor.ptalon.demo.ptinyos.SenseToLeds.MicaBoard. In Ptolemy, classes are typically Java .class files. Entities like actors may instead be defined within a .xml file.  In any case, the class was not found. If the class uses a third party package, then the class would be present only if the third party package was found at compile time.  It may be necessary to upgrade Java or install the third party package, reconfigure and recompile.
Because:
Element <entity name="MicaLeds" class="ptolemy.domains.ptinyos.lib.MicaLeds"> caused an exception to be thrown.
  in .MicaBoard
Because:
Cannot find class: ptolemy.domains.ptinyos.lib.MicaLeds. In Ptolemy, classes are typically Java .class files. Entities like actors may instead be defined within a .xml file.  In any case, the class was not found. If the class uses a third party package, then the class would be present only if the third party package was found at compile time.  It may be necessary to upgrade Java or install the third party package, reconfigure and recompile.
Because:
-- /home/travis/build/icyphy/ptII/ptolemy/actor/ptalon/demo/ptinyos/SenseToLeds/ptolemy/domains/ptinyos/lib/MicaLeds.xml (No such file or directory)
-- XML file not found relative to classpath.
-- /home/travis/build/icyphy/ptII/ptolemy/vergil/basic/export/test/ptolemy/domains/ptinyos/lib/MicaLeds.xml
/home/travis/build/icyphy/ptII/ptolemy/vergil/basic/export/test/ptolemy/domains/ptinyos/lib/MicaLeds.xml (No such file or directory)
 in file:/home/travis/build/icyphy/ptII/ptolemy/actor/ptalon/demo/ptinyos/SenseToLeds/MicaBoard.xml at line 134 and column 63
	at ptolemy.moml.SimpleErrorHandler.handleError(SimpleErrorHandler.java:75)
	at ptolemy.moml.MoMLParser.startElement(MoMLParser.java:3805)
	at com.microstar.xml.XmlParser.parseElement(XmlParser.java:931)
	at com.microstar.xml.XmlParser.parseDocument(XmlParser.java:481)
	at com.microstar.xml.XmlParser.doParse(XmlParser.java:159)
	at com.microstar.xml.XmlParser.parse(XmlParser.java:132)
	at ptolemy.moml.MoMLParser.parse(MoMLParser.java:1660)
	at ptolemy.moml.MoMLParser.parse(MoMLParser.java:1617)
	at ptolemy.moml.MoMLParser.parse(MoMLParser.java:1792)
	at ptolemy.actor.ptalon.PtalonEvaluator.addActor(PtalonEvaluator.java:241)
	... 56 more
Caused by: ptolemy.kernel.util.IllegalActionException: Cannot find class: ptolemy.actor.ptalon.demo.ptinyos.SenseToLeds.MicaBoard. In Ptolemy, classes are typically Java .class files. Entities like actors may instead be defined within a .xml file.  In any case, the class was not found. If the class uses a third party package, then the class would be present only if the third party package was found at compile time.  It may be necessary to upgrade Java or install the third party package, reconfigure and recompile.
Because:
Element <entity name="MicaLeds" class="ptolemy.domains.ptinyos.lib.MicaLeds"> caused an exception to be thrown.
  in .MicaBoard
Because:
Cannot find class: ptolemy.domains.ptinyos.lib.MicaLeds. In Ptolemy, classes are typically Java .class files. Entities like actors may instead be defined within a .xml file.  In any case, the class was not found. If the class uses a third party package, then the class would be present only if the third party package was found at compile time.  It may be necessary to upgrade Java or install the third party package, reconfigure and recompile.
Because:
-- /home/travis/build/icyphy/ptII/ptolemy/actor/ptalon/demo/ptinyos/SenseToLeds/ptolemy/domains/ptinyos/lib/MicaLeds.xml (No such file or directory)
-- XML file not found relative to classpath.
-- /home/travis/build/icyphy/ptII/ptolemy/vergil/basic/export/test/ptolemy/domains/ptinyos/lib/MicaLeds.xml
/home/travis/build/icyphy/ptII/ptolemy/vergil/basic/export/test/ptolemy/domains/ptinyos/lib/MicaLeds.xml (No such file or directory)
 in file:/home/travis/build/icyphy/ptII/ptolemy/actor/ptalon/demo/ptinyos/SenseToLeds/MicaBoard.xml at line 134 and column 63
	at ptolemy.moml.MoMLParser._createEntity(MoMLParser.java:4330)
	at ptolemy.moml.MoMLParser.startElement(MoMLParser.java:2864)
	... 64 more
Caused by: ptolemy.kernel.util.InternalErrorException: Element <entity name="MicaLeds" class="ptolemy.domains.ptinyos.lib.MicaLeds"> caused an exception to be thrown.
  in .MicaBoard
Because:
Cannot find class: ptolemy.domains.ptinyos.lib.MicaLeds. In Ptolemy, classes are typically Java .class files. Entities like actors may instead be defined within a .xml file.  In any case, the class was not found. If the class uses a third party package, then the class would be present only if the third party package was found at compile time.  It may be necessary to upgrade Java or install the third party package, reconfigure and recompile.
Because:
-- /home/travis/build/icyphy/ptII/ptolemy/actor/ptalon/demo/ptinyos/SenseToLeds/ptolemy/domains/ptinyos/lib/MicaLeds.xml (No such file or directory)
-- XML file not found relative to classpath.
-- /home/travis/build/icyphy/ptII/ptolemy/vergil/basic/export/test/ptolemy/domains/ptinyos/lib/MicaLeds.xml
/home/travis/build/icyphy/ptII/ptolemy/vergil/basic/export/test/ptolemy/domains/ptinyos/lib/MicaLeds.xml (No such file or directory)
 in file:/home/travis/build/icyphy/ptII/ptolemy/actor/ptalon/demo/ptinyos/SenseToLeds/MicaBoard.xml at line 134 and column 63
	at ptolemy.moml.SimpleErrorHandler.handleError(SimpleErrorHandler.java:75)
	at ptolemy.moml.MoMLParser.startElement(MoMLParser.java:3805)
	at com.microstar.xml.XmlParser.parseElement(XmlParser.java:921)
	at com.microstar.xml.XmlParser.parseContent(XmlParser.java:1104)
	at com.microstar.xml.XmlParser.parseElement(XmlParser.java:924)
	at com.microstar.xml.XmlParser.parseDocument(XmlParser.java:481)
	at com.microstar.xml.XmlParser.doParse(XmlParser.java:159)
	at com.microstar.xml.XmlParser.parse(XmlParser.java:132)
	at ptolemy.moml.MoMLParser.parse(MoMLParser.java:1676)
	at ptolemy.moml.MoMLParser.parse(MoMLParser.java:1595)
	at ptolemy.moml.MoMLParser.parse(MoMLParser.java:1537)
	at ptolemy.moml.MoMLParser._findOrParse(MoMLParser.java:5286)
	at ptolemy.moml.MoMLParser._attemptToFindMoMLClass(MoMLParser.java:4075)
	at ptolemy.moml.MoMLParser._createEntity(MoMLParser.java:4323)
	... 65 more
Caused by: ptolemy.kernel.util.IllegalActionException: Cannot find class: ptolemy.domains.ptinyos.lib.MicaLeds. In Ptolemy, classes are typically Java .class files. Entities like actors may instead be defined within a .xml file.  In any case, the class was not found. If the class uses a third party package, then the class would be present only if the third party package was found at compile time.  It may be necessary to upgrade Java or install the third party package, reconfigure and recompile.
Because:
-- /home/travis/build/icyphy/ptII/ptolemy/actor/ptalon/demo/ptinyos/SenseToLeds/ptolemy/domains/ptinyos/lib/MicaLeds.xml (No such file or directory)
-- XML file not found relative to classpath.
-- /home/travis/build/icyphy/ptII/ptolemy/vergil/basic/export/test/ptolemy/domains/ptinyos/lib/MicaLeds.xml
/home/travis/build/icyphy/ptII/ptolemy/vergil/basic/export/test/ptolemy/domains/ptinyos/lib/MicaLeds.xml (No such file or directory)
 in file:/home/travis/build/icyphy/ptII/ptolemy/actor/ptalon/demo/ptinyos/SenseToLeds/MicaBoard.xml at line 134 and column 63
	at ptolemy.moml.MoMLParser._createEntity(MoMLParser.java:4330)
	at ptolemy.moml.MoMLParser.startElement(MoMLParser.java:2864)
	... 77 more
Caused by: com.microstar.xml.XmlException: -- /home/travis/build/icyphy/ptII/ptolemy/actor/ptalon/demo/ptinyos/SenseToLeds/ptolemy/domains/ptinyos/lib/MicaLeds.xml (No such file or directory)
-- XML file not found relative to classpath.
-- /home/travis/build/icyphy/ptII/ptolemy/vergil/basic/export/test/ptolemy/domains/ptinyos/lib/MicaLeds.xml
/home/travis/build/icyphy/ptII/ptolemy/vergil/basic/export/test/ptolemy/domains/ptinyos/lib/MicaLeds.xml (No such file or directory)
 in file:/home/travis/build/icyphy/ptII/ptolemy/actor/ptalon/demo/ptinyos/SenseToLeds/MicaBoard.xml at line 134 and column 63
	at ptolemy.moml.MoMLParser.fileNameToURL(MoMLParser.java:1414)
	at ptolemy.moml.MoMLParser._findOrParse(MoMLParser.java:5283)
	at ptolemy.moml.MoMLParser._attemptToFindMoMLClass(MoMLParser.java:4075)
	at ptolemy.moml.MoMLParser._createEntity(MoMLParser.java:4323)
	... 78 more
Caused by: ptolemy.actor.ptalon.PtalonRuntimeException: Unable to add actor null
	at ptolemy.actor.ptalon.PtalonEvaluator.addActor(PtalonEvaluator.java:300)
	at ptolemy.actor.ptalon.PtalonPopulator.actor_declaration(PtalonPopulator.java:1574)
	at ptolemy.actor.ptalon.PtalonPopulator.atomic_statement(PtalonPopulator.java:1638)
	at ptolemy.actor.ptalon.PtalonPopulator.iterative_statement_evaluator(PtalonPopulator.java:2484)
	at ptolemy.actor.ptalon.AbstractPtalonEvaluator$IfTree.evaluateForScope(AbstractPtalonEvaluator.java:1307)
	at ptolemy.actor.ptalon.AbstractPtalonEvaluator.evaluateForScope(AbstractPtalonEvaluator.java:744)
	at ptolemy.actor.ptalon.PtalonPopulator.iterative_statement(PtalonPopulator.java:2363)
	at ptolemy.actor.ptalon.PtalonPopulator.actor_definition(PtalonPopulator.java:2809)
	at ptolemy.actor.ptalon.PtalonActor.attributeChanged(PtalonActor.java:206)
	at ptolemy.actor.ptalon.PtalonMLHandler.startElement(PtalonMLHandler.java:134)
	at com.microstar.xml.XmlParser.parseElement(XmlParser.java:921)
	at com.microstar.xml.XmlParser.parseContent(XmlParser.java:1104)
	at com.microstar.xml.XmlParser.parseElement(XmlParser.java:924)
	at com.microstar.xml.XmlParser.parseDocument(XmlParser.java:481)
	at com.microstar.xml.XmlParser.doParse(XmlParser.java:159)
	at com.microstar.xml.XmlParser.parse(XmlParser.java:132)
	at ptolemy.actor.ptalon.PtalonActor.configure(PtalonActor.java:240)
	at ptolemy.moml.MoMLParser.endElement(MoMLParser.java:996)
	at com.microstar.xml.XmlParser.parseETag(XmlParser.java:1026)
	at com.microstar.xml.XmlParser.parseContent(XmlParser.java:1098)
	at com.microstar.xml.XmlParser.parseElement(XmlParser.java:924)
	at com.microstar.xml.XmlParser.parseContent(XmlParser.java:1104)
	at com.microstar.xml.XmlParser.parseElement(XmlParser.java:924)
	at com.microstar.xml.XmlParser.parseContent(XmlParser.java:1104)
	at com.microstar.xml.XmlParser.parseElement(XmlParser.java:924)
	at com.microstar.xml.XmlParser.parseDocument(XmlParser.java:481)
	at com.microstar.xml.XmlParser.doParse(XmlParser.java:159)
	at com.microstar.xml.XmlParser.parse(XmlParser.java:132)
	at ptolemy.moml.MoMLParser.parse(MoMLParser.java:1676)
	at ptolemy.moml.MoMLParser.parse(MoMLParser.java:1595)
	at ptolemy.moml.MoMLParser.parse(MoMLParser.java:1537)
	at ptolemy.actor.gui.PtolemyEffigy$Factory.createEffigy(PtolemyEffigy.java:424)
	at ptolemy.actor.gui.EffigyFactory.createEffigy(EffigyFactory.java:234)
	at ptolemy.actor.gui.Configuration.openModel(Configuration.java:1125)
	at ptolemy.actor.gui.Configuration.openModel(Configuration.java:1051)
	at ptolemy.actor.gui.ConfigurationApplication._openModel(ConfigurationApplication.java:1252)
	at ptolemy.actor.gui.ConfigurationApplication._parseArg(ConfigurationApplication.java:1399)
	at ptolemy.actor.gui.ConfigurationApplication._parseArgs(ConfigurationApplication.java:1478)
	at ptolemy.actor.gui.ConfigurationApplication.<init>(ConfigurationApplication.java:277)
	at ptolemy.actor.gui.ConfigurationApplication.<init>(ConfigurationApplication.java:214)
	at ptolemy.actor.gui.ConfigurationApplication.<init>(ConfigurationApplication.java:201)
	at ptolemy.actor.gui.ConfigurationApplication.openModelOrEntity(ConfigurationApplication.java:680)
	at ptolemy.vergil.basic.export.ExportModel$1.run(ExportModel.java:220)
	at java.awt.event.InvocationEvent.dispatch(InvocationEvent.java:301)
	at java.awt.EventQueue.dispatchEventImpl(EventQueue.java:756)
	at java.awt.EventQueue.access$500(EventQueue.java:97)
	at java.awt.EventQueue$3.run(EventQueue.java:709)
	at java.awt.EventQueue$3.run(EventQueue.java:703)
	at java.security.AccessController.doPrivileged(Native Method)
	at java.security.ProtectionDomain$JavaSecurityAccessImpl.doIntersectionPrivilege(ProtectionDomain.java:80)
	at java.awt.EventQueue.dispatchEvent(EventQueue.java:726)
	at java.awt.EventDispatchThread.pumpOneEventForFilters(EventDispatchThread.java:201)
	at java.awt.EventDispatchThread.pumpEventsForFilter(EventDispatchThread.java:116)
	at java.awt.EventDispatchThread.pumpEventsForHierarchy(EventDispatchThread.java:105)
	at java.awt.EventDispatchThread.pumpEvents(EventDispatchThread.java:101)
	at java.awt.EventDispatchThread.pumpEvents(EventDispatchThread.java:93)
	at java.awt.EventDispatchThread.run(EventDispatchThread.java:82)
Caused by: ptolemy.kernel.util.InternalErrorException: Element <entity name="node1" class="ptolemy.actor.ptalon.demo.ptinyos.SenseToLeds.MicaBoard"> caused an exception to be thrown.
  in .SenseToLeds.SenseToLeds
Because:
Cannot find class: ptolemy.actor.ptalon.demo.ptinyos.SenseToLeds.MicaBoard. In Ptolemy, classes are typically Java .class files. Entities like actors may instead be defined within a .xml file.  In any case, the class was not found. If the class uses a third party package, then the class would be present only if the third party package was found at compile time.  It may be necessary to upgrade Java or install the third party package, reconfigure and recompile.
Because:
Element <entity name="MicaLeds" class="ptolemy.domains.ptinyos.lib.MicaLeds"> caused an exception to be thrown.
  in .MicaBoard
Because:
Cannot find class: ptolemy.domains.ptinyos.lib.MicaLeds. In Ptolemy, classes are typically Java .class files. Entities like actors may instead be defined within a .xml file.  In any case, the class was not found. If the class uses a third party package, then the class would be present only if the third party package was found at compile time.  It may be necessary to upgrade Java or install the third party package, reconfigure and recompile.
Because:
-- /home/travis/build/icyphy/ptII/ptolemy/actor/ptalon/demo/ptinyos/SenseToLeds/ptolemy/domains/ptinyos/lib/MicaLeds.xml (No such file or directory)
-- XML file not found relative to classpath.
-- /home/travis/build/icyphy/ptII/ptolemy/vergil/basic/export/test/ptolemy/domains/ptinyos/lib/MicaLeds.xml
/home/travis/build/icyphy/ptII/ptolemy/vergil/basic/export/test/ptolemy/domains/ptinyos/lib/MicaLeds.xml (No such file or directory)
 in file:/home/travis/build/icyphy/ptII/ptolemy/actor/ptalon/demo/ptinyos/SenseToLeds/MicaBoard.xml at line 134 and column 63
	at ptolemy.moml.SimpleErrorHandler.handleError(SimpleErrorHandler.java:75)
	at ptolemy.moml.MoMLParser.startElement(MoMLParser.java:3805)
	at com.microstar.xml.XmlParser.parseElement(XmlParser.java:931)
	at com.microstar.xml.XmlParser.parseDocument(XmlParser.java:481)
	at com.microstar.xml.XmlParser.doParse(XmlParser.java:159)
	at com.microstar.xml.XmlParser.parse(XmlParser.java:132)
	at ptolemy.moml.MoMLParser.parse(MoMLParser.java:1660)
	at ptolemy.moml.MoMLParser.parse(MoMLParser.java:1617)
	at ptolemy.moml.MoMLParser.parse(MoMLParser.java:1792)
	at ptolemy.actor.ptalon.PtalonEvaluator.addActor(PtalonEvaluator.java:241)
	... 56 more
Caused by: ptolemy.kernel.util.IllegalActionException: Cannot find class: ptolemy.actor.ptalon.demo.ptinyos.SenseToLeds.MicaBoard. In Ptolemy, classes are typically Java .class files. Entities like actors may instead be defined within a .xml file.  In any case, the class was not found. If the class uses a third party package, then the class would be present only if the third party package was found at compile time.  It may be necessary to upgrade Java or install the third party package, reconfigure and recompile.
Because:
Element <entity name="MicaLeds" class="ptolemy.domains.ptinyos.lib.MicaLeds"> caused an exception to be thrown.
  in .MicaBoard
Because:
Cannot find class: ptolemy.domains.ptinyos.lib.MicaLeds. In Ptolemy, classes are typically Java .class files. Entities like actors may instead be defined within a .xml file.  In any case, the class was not found. If the class uses a third party package, then the class would be present only if the third party package was found at compile time.  It may be necessary to upgrade Java or install the third party package, reconfigure and recompile.
Because:
-- /home/travis/build/icyphy/ptII/ptolemy/actor/ptalon/demo/ptinyos/SenseToLeds/ptolemy/domains/ptinyos/lib/MicaLeds.xml (No such file or directory)
-- XML file not found relative to classpath.
-- /home/travis/build/icyphy/ptII/ptolemy/vergil/basic/export/test/ptolemy/domains/ptinyos/lib/MicaLeds.xml
/home/travis/build/icyphy/ptII/ptolemy/vergil/basic/export/test/ptolemy/domains/ptinyos/lib/MicaLeds.xml (No such file or directory)
 in file:/home/travis/build/icyphy/ptII/ptolemy/actor/ptalon/demo/ptinyos/SenseToLeds/MicaBoard.xml at line 134 and column 63
	at ptolemy.moml.MoMLParser._createEntity(MoMLParser.java:4330)
	at ptolemy.moml.MoMLParser.startElement(MoMLParser.java:2864)
	... 64 more
Caused by: ptolemy.kernel.util.InternalErrorException: Element <entity name="MicaLeds" class="ptolemy.domains.ptinyos.lib.MicaLeds"> caused an exception to be thrown.
  in .MicaBoard
Because:
Cannot find class: ptolemy.domains.ptinyos.lib.MicaLeds. In Ptolemy, classes are typically Java .class files. Entities like actors may instead be defined within a .xml file.  In any case, the class was not found. If the class uses a third party package, then the class would be present only if the third party package was found at compile time.  It may be necessary to upgrade Java or install the third party package, reconfigure and recompile.
Because:
-- /home/travis/build/icyphy/ptII/ptolemy/actor/ptalon/demo/ptinyos/SenseToLeds/ptolemy/domains/ptinyos/lib/MicaLeds.xml (No such file or directory)
-- XML file not found relative to classpath.
-- /home/travis/build/icyphy/ptII/ptolemy/vergil/basic/export/test/ptolemy/domains/ptinyos/lib/MicaLeds.xml
/home/travis/build/icyphy/ptII/ptolemy/vergil/basic/export/test/ptolemy/domains/ptinyos/lib/MicaLeds.xml (No such file or directory)
 in file:/home/travis/build/icyphy/ptII/ptolemy/actor/ptalon/demo/ptinyos/SenseToLeds/MicaBoard.xml at line 134 and column 63
	at ptolemy.moml.SimpleErrorHandler.handleError(SimpleErrorHandler.java:75)
	at ptolemy.moml.MoMLParser.startElement(MoMLParser.java:3805)
	at com.microstar.xml.XmlParser.parseElement(XmlParser.java:921)
	at com.microstar.xml.XmlParser.parseContent(XmlParser.java:1104)
	at com.microstar.xml.XmlParser.parseElement(XmlParser.java:924)
	at com.microstar.xml.XmlParser.parseDocument(XmlParser.java:481)
	at com.microstar.xml.XmlParser.doParse(XmlParser.java:159)
	at com.microstar.xml.XmlParser.parse(XmlParser.java:132)
	at ptolemy.moml.MoMLParser.parse(MoMLParser.java:1676)
	at ptolemy.moml.MoMLParser.parse(MoMLParser.java:1595)
	at ptolemy.moml.MoMLParser.parse(MoMLParser.java:1537)
	at ptolemy.moml.MoMLParser._findOrParse(MoMLParser.java:5286)
	at ptolemy.moml.MoMLParser._attemptToFindMoMLClass(MoMLParser.java:4075)
	at ptolemy.moml.MoMLParser._createEntity(MoMLParser.java:4323)
	... 65 more
Caused by: ptolemy.kernel.util.IllegalActionException: Cannot find class: ptolemy.domains.ptinyos.lib.MicaLeds. In Ptolemy, classes are typically Java .class files. Entities like actors may instead be defined within a .xml file.  In any case, the class was not found. If the class uses a third party package, then the class would be present only if the third party package was found at compile time.  It may be necessary to upgrade Java or install the third party package, reconfigure and recompile.
Because:
-- /home/travis/build/icyphy/ptII/ptolemy/actor/ptalon/demo/ptinyos/SenseToLeds/ptolemy/domains/ptinyos/lib/MicaLeds.xml (No such file or directory)
-- XML file not found relative to classpath.
-- /home/travis/build/icyphy/ptII/ptolemy/vergil/basic/export/test/ptolemy/domains/ptinyos/lib/MicaLeds.xml
/home/travis/build/icyphy/ptII/ptolemy/vergil/basic/export/test/ptolemy/domains/ptinyos/lib/MicaLeds.xml (No such file or directory)
 in file:/home/travis/build/icyphy/ptII/ptolemy/actor/ptalon/demo/ptinyos/SenseToLeds/MicaBoard.xml at line 134 and column 63
	at ptolemy.moml.MoMLParser._createEntity(MoMLParser.java:4330)
	at ptolemy.moml.MoMLParser.startElement(MoMLParser.java:2864)
	... 77 more
Caused by: com.microstar.xml.XmlException: -- /home/travis/build/icyphy/ptII/ptolemy/actor/ptalon/demo/ptinyos/SenseToLeds/ptolemy/domains/ptinyos/lib/MicaLeds.xml (No such file or directory)
-- XML file not found relative to classpath.
-- /home/travis/build/icyphy/ptII/ptolemy/vergil/basic/export/test/ptolemy/domains/ptinyos/lib/MicaLeds.xml
/home/travis/build/icyphy/ptII/ptolemy/vergil/basic/export/test/ptolemy/domains/ptinyos/lib/MicaLeds.xml (No such file or directory)
 in file:/home/travis/build/icyphy/ptII/ptolemy/actor/ptalon/demo/ptinyos/SenseToLeds/MicaBoard.xml at line 134 and column 63
	at ptolemy.moml.MoMLParser.fileNameToURL(MoMLParser.java:1414)
	at ptolemy.moml.MoMLParser._findOrParse(MoMLParser.java:5283)
	at ptolemy.moml.MoMLParser._attemptToFindMoMLClass(MoMLParser.java:4075)
	at ptolemy.moml.MoMLParser._createEntity(MoMLParser.java:4323)
	... 78 more
ptolemy.kernel.util.IllegalActionException: Failed to process attribute change to PtalonParameter, whose value is "ptolemy.actor.ptalon.PtalonExpressionParameter {.SenseToLeds.SenseToLeds.n} 2".
  in .SenseToLeds.SenseToLeds
Because:
Unable to add actor null
	at ptolemy.actor.ptalon.PtalonActor.attributeChanged(PtalonActor.java:211)
	at ptolemy.actor.ptalon.PtalonMLHandler.startElement(PtalonMLHandler.java:134)
	at com.microstar.xml.XmlParser.parseElement(XmlParser.java:921)
	at com.microstar.xml.XmlParser.parseContent(XmlParser.java:1104)
	at com.microstar.xml.XmlParser.parseElement(XmlParser.java:924)
	at com.microstar.xml.XmlParser.parseDocument(XmlParser.java:481)
	at com.microstar.xml.XmlParser.doParse(XmlParser.java:159)
	at com.microstar.xml.XmlParser.parse(XmlParser.java:132)
	at ptolemy.actor.ptalon.PtalonActor.configure(PtalonActor.java:240)
	at ptolemy.moml.MoMLParser.endElement(MoMLParser.java:996)
	at com.microstar.xml.XmlParser.parseETag(XmlParser.java:1026)
	at com.microstar.xml.XmlParser.parseContent(XmlParser.java:1098)
	at com.microstar.xml.XmlParser.parseElement(XmlParser.java:924)
	at com.microstar.xml.XmlParser.parseContent(XmlParser.java:1104)
	at com.microstar.xml.XmlParser.parseElement(XmlParser.java:924)
	at com.microstar.xml.XmlParser.parseContent(XmlParser.java:1104)
	at com.microstar.xml.XmlParser.parseElement(XmlParser.java:924)
	at com.microstar.xml.XmlParser.parseDocument(XmlParser.java:481)
	at com.microstar.xml.XmlParser.doParse(XmlParser.java:159)
	at com.microstar.xml.XmlParser.parse(XmlParser.java:132)
	at ptolemy.moml.MoMLParser.parse(MoMLParser.java:1676)
	at ptolemy.moml.MoMLParser.parse(MoMLParser.java:1595)
	at ptolemy.moml.MoMLParser.parse(MoMLParser.java:1537)
	at ptolemy.actor.gui.PtolemyEffigy$Factory.createEffigy(PtolemyEffigy.java:424)
	at ptolemy.actor.gui.EffigyFactory.createEffigy(EffigyFactory.java:234)
	at ptolemy.actor.gui.Configuration.openModel(Configuration.java:1125)
	at ptolemy.actor.gui.Configuration.openModel(Configuration.java:1051)
	at ptolemy.actor.gui.ConfigurationApplication._openModel(ConfigurationApplication.java:1252)
	at ptolemy.actor.gui.ConfigurationApplication._parseArg(ConfigurationApplication.java:1399)
	at ptolemy.actor.gui.ConfigurationApplication._parseArgs(ConfigurationApplication.java:1478)
	at ptolemy.actor.gui.ConfigurationApplication.<init>(ConfigurationApplication.java:277)
	at ptolemy.actor.gui.ConfigurationApplication.<init>(ConfigurationApplication.java:214)
	at ptolemy.actor.gui.ConfigurationApplication.<init>(ConfigurationApplication.java:201)
	at ptolemy.actor.gui.ConfigurationApplication.openModelOrEntity(ConfigurationApplication.java:680)
	at ptolemy.vergil.basic.export.ExportModel$1.run(ExportModel.java:220)
	at java.awt.event.InvocationEvent.dispatch(InvocationEvent.java:301)
	at java.awt.EventQueue.dispatchEventImpl(EventQueue.java:756)
	at java.awt.EventQueue.access$500(EventQueue.java:97)
	at java.awt.EventQueue$3.run(EventQueue.java:709)
	at java.awt.EventQueue$3.run(EventQueue.java:703)
	at java.security.AccessController.doPrivileged(Native Method)
	at java.security.ProtectionDomain$JavaSecurityAccessImpl.doIntersectionPrivilege(ProtectionDomain.java:80)
	at java.awt.EventQueue.dispatchEvent(EventQueue.java:726)
	at java.awt.EventDispatchThread.pumpOneEventForFilters(EventDispatchThread.java:201)
	at java.awt.EventDispatchThread.pumpEventsForFilter(EventDispatchThread.java:116)
	at java.awt.EventDispatchThread.pumpEventsForHierarchy(EventDispatchThread.java:105)
	at java.awt.EventDispatchThread.pumpEvents(EventDispatchThread.java:101)
	at java.awt.EventDispatchThread.pumpEvents(EventDispatchThread.java:93)
	at java.awt.EventDispatchThread.run(EventDispatchThread.java:82)
Caused by: ptolemy.actor.ptalon.PtalonRuntimeException: Unable to add actor null
	at ptolemy.actor.ptalon.PtalonEvaluator.addActor(PtalonEvaluator.java:300)
	at ptolemy.actor.ptalon.PtalonPopulator.actor_declaration(PtalonPopulator.java:1574)
	at ptolemy.actor.ptalon.PtalonPopulator.atomic_statement(PtalonPopulator.java:1638)
	at ptolemy.actor.ptalon.PtalonPopulator.iterative_statement_evaluator(PtalonPopulator.java:2484)
	at ptolemy.actor.ptalon.AbstractPtalonEvaluator$IfTree.evaluateForScope(AbstractPtalonEvaluator.java:1307)
	at ptolemy.actor.ptalon.AbstractPtalonEvaluator.evaluateForScope(AbstractPtalonEvaluator.java:744)
	at ptolemy.actor.ptalon.PtalonPopulator.iterative_statement(PtalonPopulator.java:2363)
	at ptolemy.actor.ptalon.PtalonPopulator.actor_definition(PtalonPopulator.java:2809)
	at ptolemy.actor.ptalon.PtalonActor.attributeChanged(PtalonActor.java:206)
	... 48 more
Caused by: ptolemy.kernel.util.InternalErrorException: Element <entity name="node1" class="ptolemy.actor.ptalon.demo.ptinyos.SenseToLeds.MicaBoard"> caused an exception to be thrown.
  in .SenseToLeds.SenseToLeds
Because:
Cannot find class: ptolemy.actor.ptalon.demo.ptinyos.SenseToLeds.MicaBoard. In Ptolemy, classes are typically Java .class files. Entities like actors may instead be defined within a .xml file.  In any case, the class was not found. If the class uses a third party package, then the class would be present only if the third party package was found at compile time.  It may be necessary to upgrade Java or install the third party package, reconfigure and recompile.
Because:
Element <entity name="MicaLeds" class="ptolemy.domains.ptinyos.lib.MicaLeds"> caused an exception to be thrown.
  in .MicaBoard
Because:
Cannot find class: ptolemy.domains.ptinyos.lib.MicaLeds. In Ptolemy, classes are typically Java .class files. Entities like actors may instead be defined within a .xml file.  In any case, the class was not found. If the class uses a third party package, then the class would be present only if the third party package was found at compile time.  It may be necessary to upgrade Java or install the third party package, reconfigure and recompile.
Because:
-- /home/travis/build/icyphy/ptII/ptolemy/actor/ptalon/demo/ptinyos/SenseToLeds/ptolemy/domains/ptinyos/lib/MicaLeds.xml (No such file or directory)
-- XML file not found relative to classpath.
-- /home/travis/build/icyphy/ptII/ptolemy/vergil/basic/export/test/ptolemy/domains/ptinyos/lib/MicaLeds.xml
/home/travis/build/icyphy/ptII/ptolemy/vergil/basic/export/test/ptolemy/domains/ptinyos/lib/MicaLeds.xml (No such file or directory)
 in file:/home/travis/build/icyphy/ptII/ptolemy/actor/ptalon/demo/ptinyos/SenseToLeds/MicaBoard.xml at line 134 and column 63
	at ptolemy.moml.SimpleErrorHandler.handleError(SimpleErrorHandler.java:75)
	at ptolemy.moml.MoMLParser.startElement(MoMLParser.java:3805)
	at com.microstar.xml.XmlParser.parseElement(XmlParser.java:931)
	at com.microstar.xml.XmlParser.parseDocument(XmlParser.java:481)
	at com.microstar.xml.XmlParser.doParse(XmlParser.java:159)
	at com.microstar.xml.XmlParser.parse(XmlParser.java:132)
	at ptolemy.moml.MoMLParser.parse(MoMLParser.java:1660)
	at ptolemy.moml.MoMLParser.parse(MoMLParser.java:1617)
	at ptolemy.moml.MoMLParser.parse(MoMLParser.java:1792)
	at ptolemy.actor.ptalon.PtalonEvaluator.addActor(PtalonEvaluator.java:241)
	... 56 more
Caused by: ptolemy.kernel.util.IllegalActionException: Cannot find class: ptolemy.actor.ptalon.demo.ptinyos.SenseToLeds.MicaBoard. In Ptolemy, classes are typically Java .class files. Entities like actors may instead be defined within a .xml file.  In any case, the class was not found. If the class uses a third party package, then the class would be present only if the third party package was found at compile time.  It may be necessary to upgrade Java or install the third party package, reconfigure and recompile.
Because:
Element <entity name="MicaLeds" class="ptolemy.domains.ptinyos.lib.MicaLeds"> caused an exception to be thrown.
  in .MicaBoard
Because:
Cannot find class: ptolemy.domains.ptinyos.lib.MicaLeds. In Ptolemy, classes are typically Java .class files. Entities like actors may instead be defined within a .xml file.  In any case, the class was not found. If the class uses a third party package, then the class would be present only if the third party package was found at compile time.  It may be necessary to upgrade Java or install the third party package, reconfigure and recompile.
Because:
-- /home/travis/build/icyphy/ptII/ptolemy/actor/ptalon/demo/ptinyos/SenseToLeds/ptolemy/domains/ptinyos/lib/MicaLeds.xml (No such file or directory)
-- XML file not found relative to classpath.
-- /home/travis/build/icyphy/ptII/ptolemy/vergil/basic/export/test/ptolemy/domains/ptinyos/lib/MicaLeds.xml
/home/travis/build/icyphy/ptII/ptolemy/vergil/basic/export/test/ptolemy/domains/ptinyos/lib/MicaLeds.xml (No such file or directory)
 in file:/home/travis/build/icyphy/ptII/ptolemy/actor/ptalon/demo/ptinyos/SenseToLeds/MicaBoard.xml at line 134 and column 63
	at ptolemy.moml.MoMLParser._createEntity(MoMLParser.java:4330)
	at ptolemy.moml.MoMLParser.startElement(MoMLParser.java:2864)
	... 64 more
Caused by: ptolemy.kernel.util.InternalErrorException: Element <entity name="MicaLeds" class="ptolemy.domains.ptinyos.lib.MicaLeds"> caused an exception to be thrown.
  in .MicaBoard
Because:
Cannot find class: ptolemy.domains.ptinyos.lib.MicaLeds. In Ptolemy, classes are typically Java .class files. Entities like actors may instead be defined within a .xml file.  In any case, the class was not found. If the class uses a third party package, then the class would be present only if the third party package was found at compile time.  It may be necessary to upgrade Java or install the third party package, reconfigure and recompile.
Because:
-- /home/travis/build/icyphy/ptII/ptolemy/actor/ptalon/demo/ptinyos/SenseToLeds/ptolemy/domains/ptinyos/lib/MicaLeds.xml (No such file or directory)
-- XML file not found relative to classpath.
-- /home/travis/build/icyphy/ptII/ptolemy/vergil/basic/export/test/ptolemy/domains/ptinyos/lib/MicaLeds.xml
/home/travis/build/icyphy/ptII/ptolemy/vergil/basic/export/test/ptolemy/domains/ptinyos/lib/MicaLeds.xml (No such file or directory)
 in file:/home/travis/build/icyphy/ptII/ptolemy/actor/ptalon/demo/ptinyos/SenseToLeds/MicaBoard.xml at line 134 and column 63
	at ptolemy.moml.SimpleErrorHandler.handleError(SimpleErrorHandler.java:75)
	at ptolemy.moml.MoMLParser.startElement(MoMLParser.java:3805)
	at com.microstar.xml.XmlParser.parseElement(XmlParser.java:921)
	at com.microstar.xml.XmlParser.parseContent(XmlParser.java:1104)
	at com.microstar.xml.XmlParser.parseElement(XmlParser.java:924)
	at com.microstar.xml.XmlParser.parseDocument(XmlParser.java:481)
	at com.microstar.xml.XmlParser.doParse(XmlParser.java:159)
	at com.microstar.xml.XmlParser.parse(XmlParser.java:132)
	at ptolemy.moml.MoMLParser.parse(MoMLParser.java:1676)
	at ptolemy.moml.MoMLParser.parse(MoMLParser.java:1595)
	at ptolemy.moml.MoMLParser.parse(MoMLParser.java:1537)
	at ptolemy.moml.MoMLParser._findOrParse(MoMLParser.java:5286)
	at ptolemy.moml.MoMLParser._attemptToFindMoMLClass(MoMLParser.java:4075)
	at ptolemy.moml.MoMLParser._createEntity(MoMLParser.java:4323)
	... 65 more
Caused by: ptolemy.kernel.util.IllegalActionException: Cannot find class: ptolemy.domains.ptinyos.lib.MicaLeds. In Ptolemy, classes are typically Java .class files. Entities like actors may instead be defined within a .xml file.  In any case, the class was not found. If the class uses a third party package, then the class would be present only if the third party package was found at compile time.  It may be necessary to upgrade Java or install the third party package, reconfigure and recompile.
Because:
-- /home/travis/build/icyphy/ptII/ptolemy/actor/ptalon/demo/ptinyos/SenseToLeds/ptolemy/domains/ptinyos/lib/MicaLeds.xml (No such file or directory)
-- XML file not found relative to classpath.
-- /home/travis/build/icyphy/ptII/ptolemy/vergil/basic/export/test/ptolemy/domains/ptinyos/lib/MicaLeds.xml
/home/travis/build/icyphy/ptII/ptolemy/vergil/basic/export/test/ptolemy/domains/ptinyos/lib/MicaLeds.xml (No such file or directory)
 in file:/home/travis/build/icyphy/ptII/ptolemy/actor/ptalon/demo/ptinyos/SenseToLeds/MicaBoard.xml at line 134 and column 63
	at ptolemy.moml.MoMLParser._createEntity(MoMLParser.java:4330)
	at ptolemy.moml.MoMLParser.startElement(MoMLParser.java:2864)
	... 77 more
Caused by: com.microstar.xml.XmlException: -- /home/travis/build/icyphy/ptII/ptolemy/actor/ptalon/demo/ptinyos/SenseToLeds/ptolemy/domains/ptinyos/lib/MicaLeds.xml (No such file or directory)
-- XML file not found relative to classpath.
-- /home/travis/build/icyphy/ptII/ptolemy/vergil/basic/export/test/ptolemy/domains/ptinyos/lib/MicaLeds.xml
/home/travis/build/icyphy/ptII/ptolemy/vergil/basic/export/test/ptolemy/domains/ptinyos/lib/MicaLeds.xml (No such file or directory)
 in file:/home/travis/build/icyphy/ptII/ptolemy/actor/ptalon/demo/ptinyos/SenseToLeds/MicaBoard.xml at line 134 and column 63
	at ptolemy.moml.MoMLParser.fileNameToURL(MoMLParser.java:1414)
	at ptolemy.moml.MoMLParser._findOrParse(MoMLParser.java:5283)
	at ptolemy.moml.MoMLParser._attemptToFindMoMLClass(MoMLParser.java:4075)
	at ptolemy.moml.MoMLParser._createEntity(MoMLParser.java:4323)
	... 78 more
Caused by: ptolemy.actor.ptalon.PtalonRuntimeException: Unable to add actor null
	at ptolemy.actor.ptalon.PtalonEvaluator.addActor(PtalonEvaluator.java:300)
	at ptolemy.actor.ptalon.PtalonPopulator.actor_declaration(PtalonPopulator.java:1574)
	at ptolemy.actor.ptalon.PtalonPopulator.atomic_statement(PtalonPopulator.java:1638)
	at ptolemy.actor.ptalon.PtalonPopulator.iterative_statement_evaluator(PtalonPopulator.java:2484)
	at ptolemy.actor.ptalon.AbstractPtalonEvaluator$IfTree.evaluateForScope(AbstractPtalonEvaluator.java:1307)
	at ptolemy.actor.ptalon.AbstractPtalonEvaluator.evaluateForScope(AbstractPtalonEvaluator.java:744)
	at ptolemy.actor.ptalon.PtalonPopulator.iterative_statement(PtalonPopulator.java:2363)
	at ptolemy.actor.ptalon.PtalonPopulator.actor_definition(PtalonPopulator.java:2809)
	at ptolemy.actor.ptalon.PtalonActor.attributeChanged(PtalonActor.java:206)
	at ptolemy.actor.ptalon.PtalonMLHandler.startElement(PtalonMLHandler.java:134)
	at com.microstar.xml.XmlParser.parseElement(XmlParser.java:921)
	at com.microstar.xml.XmlParser.parseContent(XmlParser.java:1104)
	at com.microstar.xml.XmlParser.parseElement(XmlParser.java:924)
	at com.microstar.xml.XmlParser.parseDocument(XmlParser.java:481)
	at com.microstar.xml.XmlParser.doParse(XmlParser.java:159)
	at com.microstar.xml.XmlParser.parse(XmlParser.java:132)
	at ptolemy.actor.ptalon.PtalonActor.configure(PtalonActor.java:240)
	at ptolemy.moml.MoMLParser.endElement(MoMLParser.java:996)
	at com.microstar.xml.XmlParser.parseETag(XmlParser.java:1026)
	at com.microstar.xml.XmlParser.parseContent(XmlParser.java:1098)
	at com.microstar.xml.XmlParser.parseElement(XmlParser.java:924)
	at com.microstar.xml.XmlParser.parseContent(XmlParser.java:1104)
	at com.microstar.xml.XmlParser.parseElement(XmlParser.java:924)
	at com.microstar.xml.XmlParser.parseContent(XmlParser.java:1104)
	at com.microstar.xml.XmlParser.parseElement(XmlParser.java:924)
	at com.microstar.xml.XmlParser.parseDocument(XmlParser.java:481)
	at com.microstar.xml.XmlParser.doParse(XmlParser.java:159)
	at com.microstar.xml.XmlParser.parse(XmlParser.java:132)
	at ptolemy.moml.MoMLParser.parse(MoMLParser.java:1676)
	at ptolemy.moml.MoMLParser.parse(MoMLParser.java:1595)
	at ptolemy.moml.MoMLParser.parse(MoMLParser.java:1537)
	at ptolemy.actor.gui.PtolemyEffigy$Factory.createEffigy(PtolemyEffigy.java:424)
	at ptolemy.actor.gui.EffigyFactory.createEffigy(EffigyFactory.java:234)
	at ptolemy.actor.gui.Configuration.openModel(Configuration.java:1125)
	at ptolemy.actor.gui.Configuration.openModel(Configuration.java:1051)
	at ptolemy.actor.gui.ConfigurationApplication._openModel(ConfigurationApplication.java:1252)
	at ptolemy.actor.gui.ConfigurationApplication._parseArg(ConfigurationApplication.java:1399)
	at ptolemy.actor.gui.ConfigurationApplication._parseArgs(ConfigurationApplication.java:1478)
	at ptolemy.actor.gui.ConfigurationApplication.<init>(ConfigurationApplication.java:277)
	at ptolemy.actor.gui.ConfigurationApplication.<init>(ConfigurationApplication.java:214)
	at ptolemy.actor.gui.ConfigurationApplication.<init>(ConfigurationApplication.java:201)
	at ptolemy.actor.gui.ConfigurationApplication.openModelOrEntity(ConfigurationApplication.java:680)
	at ptolemy.vergil.basic.export.ExportModel$1.run(ExportModel.java:220)
	at java.awt.event.InvocationEvent.dispatch(InvocationEvent.java:301)
	at java.awt.EventQueue.dispatchEventImpl(EventQueue.java:756)
	at java.awt.EventQueue.access$500(EventQueue.java:97)
	at java.awt.EventQueue$3.run(EventQueue.java:709)
	at java.awt.EventQueue$3.run(EventQueue.java:703)
	at java.security.AccessController.doPrivileged(Native Method)
	at java.security.ProtectionDomain$JavaSecurityAccessImpl.doIntersectionPrivilege(ProtectionDomain.java:80)
	at java.awt.EventQueue.dispatchEvent(EventQueue.java:726)
	at java.awt.EventDispatchThread.pumpOneEventForFilters(EventDispatchThread.java:201)
	at java.awt.EventDispatchThread.pumpEventsForFilter(EventDispatchThread.java:116)
	at java.awt.EventDispatchThread.pumpEventsForHierarchy(EventDispatchThread.java:105)
	at java.awt.EventDispatchThread.pumpEvents(EventDispatchThread.java:101)
	at java.awt.EventDispatchThread.pumpEvents(EventDispatchThread.java:93)
	at java.awt.EventDispatchThread.run(EventDispatchThread.java:82)
Caused by: ptolemy.kernel.util.InternalErrorException: Element <entity name="node1" class="ptolemy.actor.ptalon.demo.ptinyos.SenseToLeds.MicaBoard"> caused an exception to be thrown.
  in .SenseToLeds.SenseToLeds
Because:
Cannot find class: ptolemy.actor.ptalon.demo.ptinyos.SenseToLeds.MicaBoard. In Ptolemy, classes are typically Java .class files. Entities like actors may instead be defined within a .xml file.  In any case, the class was not found. If the class uses a third party package, then the class would be present only if the third party package was found at compile time.  It may be necessary to upgrade Java or install the third party package, reconfigure and recompile.
Because:
Element <entity name="MicaLeds" class="ptolemy.domains.ptinyos.lib.MicaLeds"> caused an exception to be thrown.
  in .MicaBoard
Because:
Cannot find class: ptolemy.domains.ptinyos.lib.MicaLeds. In Ptolemy, classes are typically Java .class files. Entities like actors may instead be defined within a .xml file.  In any case, the class was not found. If the class uses a third party package, then the class would be present only if the third party package was found at compile time.  It may be necessary to upgrade Java or install the third party package, reconfigure and recompile.
Because:
-- /home/travis/build/icyphy/ptII/ptolemy/actor/ptalon/demo/ptinyos/SenseToLeds/ptolemy/domains/ptinyos/lib/MicaLeds.xml (No such file or directory)
-- XML file not found relative to classpath.
-- /home/travis/build/icyphy/ptII/ptolemy/vergil/basic/export/test/ptolemy/domains/ptinyos/lib/MicaLeds.xml
/home/travis/build/icyphy/ptII/ptolemy/vergil/basic/export/test/ptolemy/domains/ptinyos/lib/MicaLeds.xml (No such file or directory)
 in file:/home/travis/build/icyphy/ptII/ptolemy/actor/ptalon/demo/ptinyos/SenseToLeds/MicaBoard.xml at line 134 and column 63
	at ptolemy.moml.SimpleErrorHandler.handleError(SimpleErrorHandler.java:75)
	at ptolemy.moml.MoMLParser.startElement(MoMLParser.java:3805)
	at com.microstar.xml.XmlParser.parseElement(XmlParser.java:931)
	at com.microstar.xml.XmlParser.parseDocument(XmlParser.java:481)
	at com.microstar.xml.XmlParser.doParse(XmlParser.java:159)
	at com.microstar.xml.XmlParser.parse(XmlParser.java:132)
	at ptolemy.moml.MoMLParser.parse(MoMLParser.java:1660)
	at ptolemy.moml.MoMLParser.parse(MoMLParser.java:1617)
	at ptolemy.moml.MoMLParser.parse(MoMLParser.java:1792)
	at ptolemy.actor.ptalon.PtalonEvaluator.addActor(PtalonEvaluator.java:241)
	... 56 more
Caused by: ptolemy.kernel.util.IllegalActionException: Cannot find class: ptolemy.actor.ptalon.demo.ptinyos.SenseToLeds.MicaBoard. In Ptolemy, classes are typically Java .class files. Entities like actors may instead be defined within a .xml file.  In any case, the class was not found. If the class uses a third party package, then the class would be present only if the third party package was found at compile time.  It may be necessary to upgrade Java or install the third party package, reconfigure and recompile.
Because:
Element <entity name="MicaLeds" class="ptolemy.domains.ptinyos.lib.MicaLeds"> caused an exception to be thrown.
  in .MicaBoard
Because:
Cannot find class: ptolemy.domains.ptinyos.lib.MicaLeds. In Ptolemy, classes are typically Java .class files. Entities like actors may instead be defined within a .xml file.  In any case, the class was not found. If the class uses a third party package, then the class would be present only if the third party package was found at compile time.  It may be necessary to upgrade Java or install the third party package, reconfigure and recompile.
Because:
-- /home/travis/build/icyphy/ptII/ptolemy/actor/ptalon/demo/ptinyos/SenseToLeds/ptolemy/domains/ptinyos/lib/MicaLeds.xml (No such file or directory)
-- XML file not found relative to classpath.
-- /home/travis/build/icyphy/ptII/ptolemy/vergil/basic/export/test/ptolemy/domains/ptinyos/lib/MicaLeds.xml
/home/travis/build/icyphy/ptII/ptolemy/vergil/basic/export/test/ptolemy/domains/ptinyos/lib/MicaLeds.xml (No such file or directory)
 in file:/home/travis/build/icyphy/ptII/ptolemy/actor/ptalon/demo/ptinyos/SenseToLeds/MicaBoard.xml at line 134 and column 63
	at ptolemy.moml.MoMLParser._createEntity(MoMLParser.java:4330)
	at ptolemy.moml.MoMLParser.startElement(MoMLParser.java:2864)
	... 64 more
Caused by: ptolemy.kernel.util.InternalErrorException: Element <entity name="MicaLeds" class="ptolemy.domains.ptinyos.lib.MicaLeds"> caused an exception to be thrown.
  in .MicaBoard
Because:
Cannot find class: ptolemy.domains.ptinyos.lib.MicaLeds. In Ptolemy, classes are typically Java .class files. Entities like actors may instead be defined within a .xml file.  In any case, the class was not found. If the class uses a third party package, then the class would be present only if the third party package was found at compile time.  It may be necessary to upgrade Java or install the third party package, reconfigure and recompile.
Because:
-- /home/travis/build/icyphy/ptII/ptolemy/actor/ptalon/demo/ptinyos/SenseToLeds/ptolemy/domains/ptinyos/lib/MicaLeds.xml (No such file or directory)
-- XML file not found relative to classpath.
-- /home/travis/build/icyphy/ptII/ptolemy/vergil/basic/export/test/ptolemy/domains/ptinyos/lib/MicaLeds.xml
/home/travis/build/icyphy/ptII/ptolemy/vergil/basic/export/test/ptolemy/domains/ptinyos/lib/MicaLeds.xml (No such file or directory)
 in file:/home/travis/build/icyphy/ptII/ptolemy/actor/ptalon/demo/ptinyos/SenseToLeds/MicaBoard.xml at line 134 and column 63
	at ptolemy.moml.SimpleErrorHandler.handleError(SimpleErrorHandler.java:75)
	at ptolemy.moml.MoMLParser.startElement(MoMLParser.java:3805)
	at com.microstar.xml.XmlParser.parseElement(XmlParser.java:921)
	at com.microstar.xml.XmlParser.parseContent(XmlParser.java:1104)
	at com.microstar.xml.XmlParser.parseElement(XmlParser.java:924)
	at com.microstar.xml.XmlParser.parseDocument(XmlParser.java:481)
	at com.microstar.xml.XmlParser.doParse(XmlParser.java:159)
	at com.microstar.xml.XmlParser.parse(XmlParser.java:132)
	at ptolemy.moml.MoMLParser.parse(MoMLParser.java:1676)
	at ptolemy.moml.MoMLParser.parse(MoMLParser.java:1595)
	at ptolemy.moml.MoMLParser.parse(MoMLParser.java:1537)
	at ptolemy.moml.MoMLParser._findOrParse(MoMLParser.java:5286)
	at ptolemy.moml.MoMLParser._attemptToFindMoMLClass(MoMLParser.java:4075)
	at ptolemy.moml.MoMLParser._createEntity(MoMLParser.java:4323)
	... 65 more
Caused by: ptolemy.kernel.util.IllegalActionException: Cannot find class: ptolemy.domains.ptinyos.lib.MicaLeds. In Ptolemy, classes are typically Java .class files. Entities like actors may instead be defined within a .xml file.  In any case, the class was not found. If the class uses a third party package, then the class would be present only if the third party package was found at compile time.  It may be necessary to upgrade Java or install the third party package, reconfigure and recompile.
Because:
-- /home/travis/build/icyphy/ptII/ptolemy/actor/ptalon/demo/ptinyos/SenseToLeds/ptolemy/domains/ptinyos/lib/MicaLeds.xml (No such file or directory)
-- XML file not found relative to classpath.
-- /home/travis/build/icyphy/ptII/ptolemy/vergil/basic/export/test/ptolemy/domains/ptinyos/lib/MicaLeds.xml
/home/travis/build/icyphy/ptII/ptolemy/vergil/basic/export/test/ptolemy/domains/ptinyos/lib/MicaLeds.xml (No such file or directory)
 in file:/home/travis/build/icyphy/ptII/ptolemy/actor/ptalon/demo/ptinyos/SenseToLeds/MicaBoard.xml at line 134 and column 63
	at ptolemy.moml.MoMLParser._createEntity(MoMLParser.java:4330)
	at ptolemy.moml.MoMLParser.startElement(MoMLParser.java:2864)
	... 77 more
Caused by: com.microstar.xml.XmlException: -- /home/travis/build/icyphy/ptII/ptolemy/actor/ptalon/demo/ptinyos/SenseToLeds/ptolemy/domains/ptinyos/lib/MicaLeds.xml (No such file or directory)
-- XML file not found relative to classpath.
-- /home/travis/build/icyphy/ptII/ptolemy/vergil/basic/export/test/ptolemy/domains/ptinyos/lib/MicaLeds.xml
/home/travis/build/icyphy/ptII/ptolemy/vergil/basic/export/test/ptolemy/domains/ptinyos/lib/MicaLeds.xml (No such file or directory)
 in file:/home/travis/build/icyphy/ptII/ptolemy/actor/ptalon/demo/ptinyos/SenseToLeds/MicaBoard.xml at line 134 and column 63
	at ptolemy.moml.MoMLParser.fileNameToURL(MoMLParser.java:1414)
	at ptolemy.moml.MoMLParser._findOrParse(MoMLParser.java:5283)
	at ptolemy.moml.MoMLParser._attemptToFindMoMLClass(MoMLParser.java:4075)
	at ptolemy.moml.MoMLParser._createEntity(MoMLParser.java:4323)
	... 78 more
Failed to read file:/home/travis/build/icyphy/ptII/ptolemy/actor/ptalon/demo/ptinyos/SenseToLeds/SenseToLeds.xml
ptolemy.kernel.util.IllegalActionException: Failed to process attribute change to PtalonParameter, whose value is "ptolemy.actor.ptalon.PtalonExpressionParameter {.SenseToLeds.SenseToLeds.n} 2".
  in .SenseToLeds.SenseToLeds
Because:
Unable to add actor null
	at ptolemy.actor.ptalon.PtalonActor.attributeChanged(PtalonActor.java:211)
	at ptolemy.actor.ptalon.PtalonMLHandler.startElement(PtalonMLHandler.java:134)
	at com.microstar.xml.XmlParser.parseElement(XmlParser.java:921)
	at com.microstar.xml.XmlParser.parseContent(XmlParser.java:1104)
	at com.microstar.xml.XmlParser.parseElement(XmlParser.java:924)
	at com.microstar.xml.XmlParser.parseDocument(XmlParser.java:481)
	at com.microstar.xml.XmlParser.doParse(XmlParser.java:159)
	at com.microstar.xml.XmlParser.parse(XmlParser.java:132)
	at ptolemy.actor.ptalon.PtalonActor.configure(PtalonActor.java:240)
	at ptolemy.moml.MoMLParser.endElement(MoMLParser.java:996)
	at com.microstar.xml.XmlParser.parseETag(XmlParser.java:1026)
	at com.microstar.xml.XmlParser.parseContent(XmlParser.java:1098)
	at com.microstar.xml.XmlParser.parseElement(XmlParser.java:924)
	at com.microstar.xml.XmlParser.parseContent(XmlParser.java:1104)
	at com.microstar.xml.XmlParser.parseElement(XmlParser.java:924)
	at com.microstar.xml.XmlParser.parseContent(XmlParser.java:1104)
	at com.microstar.xml.XmlParser.parseElement(XmlParser.java:924)
	at com.microstar.xml.XmlParser.parseDocument(XmlParser.java:481)
	at com.microstar.xml.XmlParser.doParse(XmlParser.java:159)
	at com.microstar.xml.XmlParser.parse(XmlParser.java:132)
	at ptolemy.moml.MoMLParser.parse(MoMLParser.java:1676)
	at ptolemy.moml.MoMLParser.parse(MoMLParser.java:1595)
	at ptolemy.moml.MoMLParser.parse(MoMLParser.java:1537)
	at ptolemy.actor.gui.PtolemyEffigy$Factory.createEffigy(PtolemyEffigy.java:424)
	at ptolemy.actor.gui.EffigyFactory.createEffigy(EffigyFactory.java:234)
	at ptolemy.actor.gui.Configuration.openModel(Configuration.java:1125)
	at ptolemy.actor.gui.Configuration.openModel(Configuration.java:1051)
	at ptolemy.actor.gui.ConfigurationApplication._openModel(ConfigurationApplication.java:1252)
	at ptolemy.actor.gui.ConfigurationApplication._parseArg(ConfigurationApplication.java:1399)
	at ptolemy.actor.gui.ConfigurationApplication._parseArgs(ConfigurationApplication.java:1478)
	at ptolemy.actor.gui.ConfigurationApplication.<init>(ConfigurationApplication.java:277)
	at ptolemy.actor.gui.ConfigurationApplication.<init>(ConfigurationApplication.java:214)
	at ptolemy.actor.gui.ConfigurationApplication.<init>(ConfigurationApplication.java:201)
	at ptolemy.actor.gui.ConfigurationApplication.openModelOrEntity(ConfigurationApplication.java:680)
	at ptolemy.vergil.basic.export.ExportModel$1.run(ExportModel.java:220)
	at java.awt.event.InvocationEvent.dispatch(InvocationEvent.java:301)
	at java.awt.EventQueue.dispatchEventImpl(EventQueue.java:756)
	at java.awt.EventQueue.access$500(EventQueue.java:97)
	at java.awt.EventQueue$3.run(EventQueue.java:709)
	at java.awt.EventQueue$3.run(EventQueue.java:703)
	at java.security.AccessController.doPrivileged(Native Method)
	at java.security.ProtectionDomain$JavaSecurityAccessImpl.doIntersectionPrivilege(ProtectionDomain.java:80)
	at java.awt.EventQueue.dispatchEvent(EventQueue.java:726)
	at java.awt.EventDispatchThread.pumpOneEventForFilters(EventDispatchThread.java:201)
	at java.awt.EventDispatchThread.pumpEventsForFilter(EventDispatchThread.java:116)
	at java.awt.EventDispatchThread.pumpEventsForHierarchy(EventDispatchThread.java:105)
	at java.awt.EventDispatchThread.pumpEvents(EventDispatchThread.java:101)
	at java.awt.EventDispatchThread.pumpEvents(EventDispatchThread.java:93)
	at java.awt.EventDispatchThread.run(EventDispatchThread.java:82)
Caused by: ptolemy.actor.ptalon.PtalonRuntimeException: Unable to add actor null
	at ptolemy.actor.ptalon.PtalonEvaluator.addActor(PtalonEvaluator.java:300)
	at ptolemy.actor.ptalon.PtalonPopulator.actor_declaration(PtalonPopulator.java:1574)
	at ptolemy.actor.ptalon.PtalonPopulator.atomic_statement(PtalonPopulator.java:1638)
	at ptolemy.actor.ptalon.PtalonPopulator.iterative_statement_evaluator(PtalonPopulator.java:2484)
	at ptolemy.actor.ptalon.AbstractPtalonEvaluator$IfTree.evaluateForScope(AbstractPtalonEvaluator.java:1307)
	at ptolemy.actor.ptalon.AbstractPtalonEvaluator.evaluateForScope(AbstractPtalonEvaluator.java:744)
	at ptolemy.actor.ptalon.PtalonPopulator.iterative_statement(PtalonPopulator.java:2363)
	at ptolemy.actor.ptalon.PtalonPopulator.actor_definition(PtalonPopulator.java:2809)
	at ptolemy.actor.ptalon.PtalonActor.attributeChanged(PtalonActor.java:206)
	... 48 more
Caused by: ptolemy.kernel.util.InternalErrorException: Element <entity name="node1" class="ptolemy.actor.ptalon.demo.ptinyos.SenseToLeds.MicaBoard"> caused an exception to be thrown.
  in .SenseToLeds.SenseToLeds
Because:
Cannot find class: ptolemy.actor.ptalon.demo.ptinyos.SenseToLeds.MicaBoard. In Ptolemy, classes are typically Java .class files. Entities like actors may instead be defined within a .xml file.  In any case, the class was not found. If the class uses a third party package, then the class would be present only if the third party package was found at compile time.  It may be necessary to upgrade Java or install the third party package, reconfigure and recompile.
Because:
Element <entity name="MicaLeds" class="ptolemy.domains.ptinyos.lib.MicaLeds"> caused an exception to be thrown.
  in .MicaBoard
Because:
Cannot find class: ptolemy.domains.ptinyos.lib.MicaLeds. In Ptolemy, classes are typically Java .class files. Entities like actors may instead be defined within a .xml file.  In any case, the class was not found. If the class uses a third party package, then the class would be present only if the third party package was found at compile time.  It may be necessary to upgrade Java or install the third party package, reconfigure and recompile.
Because:
-- /home/travis/build/icyphy/ptII/ptolemy/actor/ptalon/demo/ptinyos/SenseToLeds/ptolemy/domains/ptinyos/lib/MicaLeds.xml (No such file or directory)
-- XML file not found relative to classpath.
-- /home/travis/build/icyphy/ptII/ptolemy/vergil/basic/export/test/ptolemy/domains/ptinyos/lib/MicaLeds.xml
/home/travis/build/icyphy/ptII/ptolemy/vergil/basic/export/test/ptolemy/domains/ptinyos/lib/MicaLeds.xml (No such file or directory)
 in file:/home/travis/build/icyphy/ptII/ptolemy/actor/ptalon/demo/ptinyos/SenseToLeds/MicaBoard.xml at line 134 and column 63
	at ptolemy.moml.SimpleErrorHandler.handleError(SimpleErrorHandler.java:75)
	at ptolemy.moml.MoMLParser.startElement(MoMLParser.java:3805)
	at com.microstar.xml.XmlParser.parseElement(XmlParser.java:931)
	at com.microstar.xml.XmlParser.parseDocument(XmlParser.java:481)
	at com.microstar.xml.XmlParser.doParse(XmlParser.java:159)
	at com.microstar.xml.XmlParser.parse(XmlParser.java:132)
	at ptolemy.moml.MoMLParser.parse(MoMLParser.java:1660)
	at ptolemy.moml.MoMLParser.parse(MoMLParser.java:1617)
	at ptolemy.moml.MoMLParser.parse(MoMLParser.java:1792)
	at ptolemy.actor.ptalon.PtalonEvaluator.addActor(PtalonEvaluator.java:241)
	... 56 more
Caused by: ptolemy.kernel.util.IllegalActionException: Cannot find class: ptolemy.actor.ptalon.demo.ptinyos.SenseToLeds.MicaBoard. In Ptolemy, classes are typically Java .class files. Entities like actors may instead be defined within a .xml file.  In any case, the class was not found. If the class uses a third party package, then the class would be present only if the third party package was found at compile time.  It may be necessary to upgrade Java or install the third party package, reconfigure and recompile.
Because:
Element <entity name="MicaLeds" class="ptolemy.domains.ptinyos.lib.MicaLeds"> caused an exception to be thrown.
  in .MicaBoard
Because:
Cannot find class: ptolemy.domains.ptinyos.lib.MicaLeds. In Ptolemy, classes are typically Java .class files. Entities like actors may instead be defined within a .xml file.  In any case, the class was not found. If the class uses a third party package, then the class would be present only if the third party package was found at compile time.  It may be necessary to upgrade Java or install the third party package, reconfigure and recompile.
Because:
-- /home/travis/build/icyphy/ptII/ptolemy/actor/ptalon/demo/ptinyos/SenseToLeds/ptolemy/domains/ptinyos/lib/MicaLeds.xml (No such file or directory)
-- XML file not found relative to classpath.
-- /home/travis/build/icyphy/ptII/ptolemy/vergil/basic/export/test/ptolemy/domains/ptinyos/lib/MicaLeds.xml
/home/travis/build/icyphy/ptII/ptolemy/vergil/basic/export/test/ptolemy/domains/ptinyos/lib/MicaLeds.xml (No such file or directory)
 in file:/home/travis/build/icyphy/ptII/ptolemy/actor/ptalon/demo/ptinyos/SenseToLeds/MicaBoard.xml at line 134 and column 63
	at ptolemy.moml.MoMLParser._createEntity(MoMLParser.java:4330)
	at ptolemy.moml.MoMLParser.startElement(MoMLParser.java:2864)
	... 64 more
Caused by: ptolemy.kernel.util.InternalErrorException: Element <entity name="MicaLeds" class="ptolemy.domains.ptinyos.lib.MicaLeds"> caused an exception to be thrown.
  in .MicaBoard
Because:
Cannot find class: ptolemy.domains.ptinyos.lib.MicaLeds. In Ptolemy, classes are typically Java .class files. Entities like actors may instead be defined within a .xml file.  In any case, the class was not found. If the class uses a third party package, then the class would be present only if the third party package was found at compile time.  It may be necessary to upgrade Java or install the third party package, reconfigure and recompile.
Because:
-- /home/travis/build/icyphy/ptII/ptolemy/actor/ptalon/demo/ptinyos/SenseToLeds/ptolemy/domains/ptinyos/lib/MicaLeds.xml (No such file or directory)
-- XML file not found relative to classpath.
-- /home/travis/build/icyphy/ptII/ptolemy/vergil/basic/export/test/ptolemy/domains/ptinyos/lib/MicaLeds.xml
/home/travis/build/icyphy/ptII/ptolemy/vergil/basic/export/test/ptolemy/domains/ptinyos/lib/MicaLeds.xml (No such file or directory)
 in file:/home/travis/build/icyphy/ptII/ptolemy/actor/ptalon/demo/ptinyos/SenseToLeds/MicaBoard.xml at line 134 and column 63
	at ptolemy.moml.SimpleErrorHandler.handleError(SimpleErrorHandler.java:75)
	at ptolemy.moml.MoMLParser.startElement(MoMLParser.java:3805)
	at com.microstar.xml.XmlParser.parseElement(XmlParser.java:921)
	at com.microstar.xml.XmlParser.parseContent(XmlParser.java:1104)
	at com.microstar.xml.XmlParser.parseElement(XmlParser.java:924)
	at com.microstar.xml.XmlParser.parseDocument(XmlParser.java:481)
	at com.microstar.xml.XmlParser.doParse(XmlParser.java:159)
	at com.microstar.xml.XmlParser.parse(XmlParser.java:132)
	at ptolemy.moml.MoMLParser.parse(MoMLParser.java:1676)
	at ptolemy.moml.MoMLParser.parse(MoMLParser.java:1595)
	at ptolemy.moml.MoMLParser.parse(MoMLParser.java:1537)
	at ptolemy.moml.MoMLParser._findOrParse(MoMLParser.java:5286)
	at ptolemy.moml.MoMLParser._attemptToFindMoMLClass(MoMLParser.java:4075)
	at ptolemy.moml.MoMLParser._createEntity(MoMLParser.java:4323)
	... 65 more
Caused by: ptolemy.kernel.util.IllegalActionException: Cannot find class: ptolemy.domains.ptinyos.lib.MicaLeds. In Ptolemy, classes are typically Java .class files. Entities like actors may instead be defined within a .xml file.  In any case, the class was not found. If the class uses a third party package, then the class would be present only if the third party package was found at compile time.  It may be necessary to upgrade Java or install the third party package, reconfigure and recompile.
Because:
-- /home/travis/build/icyphy/ptII/ptolemy/actor/ptalon/demo/ptinyos/SenseToLeds/ptolemy/domains/ptinyos/lib/MicaLeds.xml (No such file or directory)
-- XML file not found relative to classpath.
-- /home/travis/build/icyphy/ptII/ptolemy/vergil/basic/export/test/ptolemy/domains/ptinyos/lib/MicaLeds.xml
/home/travis/build/icyphy/ptII/ptolemy/vergil/basic/export/test/ptolemy/domains/ptinyos/lib/MicaLeds.xml (No such file or directory)
 in file:/home/travis/build/icyphy/ptII/ptolemy/actor/ptalon/demo/ptinyos/SenseToLeds/MicaBoard.xml at line 134 and column 63
	at ptolemy.moml.MoMLParser._createEntity(MoMLParser.java:4330)
	at ptolemy.moml.MoMLParser.startElement(MoMLParser.java:2864)
	... 77 more
Caused by: com.microstar.xml.XmlException: -- /home/travis/build/icyphy/ptII/ptolemy/actor/ptalon/demo/ptinyos/SenseToLeds/ptolemy/domains/ptinyos/lib/MicaLeds.xml (No such file or directory)
-- XML file not found relative to classpath.
-- /home/travis/build/icyphy/ptII/ptolemy/vergil/basic/export/test/ptolemy/domains/ptinyos/lib/MicaLeds.xml
/home/travis/build/icyphy/ptII/ptolemy/vergil/basic/export/test/ptolemy/domains/ptinyos/lib/MicaLeds.xml (No such file or directory)
 in file:/home/travis/build/icyphy/ptII/ptolemy/actor/ptalon/demo/ptinyos/SenseToLeds/MicaBoard.xml at line 134 and column 63
	at ptolemy.moml.MoMLParser.fileNameToURL(MoMLParser.java:1414)
	at ptolemy.moml.MoMLParser._findOrParse(MoMLParser.java:5283)
	at ptolemy.moml.MoMLParser._attemptToFindMoMLClass(MoMLParser.java:4075)
	at ptolemy.moml.MoMLParser._createEntity(MoMLParser.java:4323)
	... 78 more
Caused by: ptolemy.actor.ptalon.PtalonRuntimeException: Unable to add actor null
	at ptolemy.actor.ptalon.PtalonEvaluator.addActor(PtalonEvaluator.java:300)
	at ptolemy.actor.ptalon.PtalonPopulator.actor_declaration(PtalonPopulator.java:1574)
	at ptolemy.actor.ptalon.PtalonPopulator.atomic_statement(PtalonPopulator.java:1638)
	at ptolemy.actor.ptalon.PtalonPopulator.iterative_statement_evaluator(PtalonPopulator.java:2484)
	at ptolemy.actor.ptalon.AbstractPtalonEvaluator$IfTree.evaluateForScope(AbstractPtalonEvaluator.java:1307)
	at ptolemy.actor.ptalon.AbstractPtalonEvaluator.evaluateForScope(AbstractPtalonEvaluator.java:744)
	at ptolemy.actor.ptalon.PtalonPopulator.iterative_statement(PtalonPopulator.java:2363)
	at ptolemy.actor.ptalon.PtalonPopulator.actor_definition(PtalonPopulator.java:2809)
	at ptolemy.actor.ptalon.PtalonActor.attributeChanged(PtalonActor.java:206)
	at ptolemy.actor.ptalon.PtalonMLHandler.startElement(PtalonMLHandler.java:134)
	at com.microstar.xml.XmlParser.parseElement(XmlParser.java:921)
	at com.microstar.xml.XmlParser.parseContent(XmlParser.java:1104)
	at com.microstar.xml.XmlParser.parseElement(XmlParser.java:924)
	at com.microstar.xml.XmlParser.parseDocument(XmlParser.java:481)
	at com.microstar.xml.XmlParser.doParse(XmlParser.java:159)
	at com.microstar.xml.XmlParser.parse(XmlParser.java:132)
	at ptolemy.actor.ptalon.PtalonActor.configure(PtalonActor.java:240)
	at ptolemy.moml.MoMLParser.endElement(MoMLParser.java:996)
	at com.microstar.xml.XmlParser.parseETag(XmlParser.java:1026)
	at com.microstar.xml.XmlParser.parseContent(XmlParser.java:1098)
	at com.microstar.xml.XmlParser.parseElement(XmlParser.java:924)
	at com.microstar.xml.XmlParser.parseContent(XmlParser.java:1104)
	at com.microstar.xml.XmlParser.parseElement(XmlParser.java:924)
	at com.microstar.xml.XmlParser.parseContent(XmlParser.java:1104)
	at com.microstar.xml.XmlParser.parseElement(XmlParser.java:924)
	at com.microstar.xml.XmlParser.parseDocument(XmlParser.java:481)
	at com.microstar.xml.XmlParser.doParse(XmlParser.java:159)
	at com.microstar.xml.XmlParser.parse(XmlParser.java:132)
	at ptolemy.moml.MoMLParser.parse(MoMLParser.java:1676)
	at ptolemy.moml.MoMLParser.parse(MoMLParser.java:1595)
	at ptolemy.moml.MoMLParser.parse(MoMLParser.java:1537)
	at ptolemy.actor.gui.PtolemyEffigy$Factory.createEffigy(PtolemyEffigy.java:424)
	at ptolemy.actor.gui.EffigyFactory.createEffigy(EffigyFactory.java:234)
	at ptolemy.actor.gui.Configuration.openModel(Configuration.java:1125)
	at ptolemy.actor.gui.Configuration.openModel(Configuration.java:1051)
	at ptolemy.actor.gui.ConfigurationApplication._openModel(ConfigurationApplication.java:1252)
	at ptolemy.actor.gui.ConfigurationApplication._parseArg(ConfigurationApplication.java:1399)
	at ptolemy.actor.gui.ConfigurationApplication._parseArgs(ConfigurationApplication.java:1478)
	at ptolemy.actor.gui.ConfigurationApplication.<init>(ConfigurationApplication.java:277)
	at ptolemy.actor.gui.ConfigurationApplication.<init>(ConfigurationApplication.java:214)
	at ptolemy.actor.gui.ConfigurationApplication.<init>(ConfigurationApplication.java:201)
	at ptolemy.actor.gui.ConfigurationApplication.openModelOrEntity(ConfigurationApplication.java:680)
	at ptolemy.vergil.basic.export.ExportModel$1.run(ExportModel.java:220)
	at java.awt.event.InvocationEvent.dispatch(InvocationEvent.java:301)
	at java.awt.EventQueue.dispatchEventImpl(EventQueue.java:756)
	at java.awt.EventQueue.access$500(EventQueue.java:97)
	at java.awt.EventQueue$3.run(EventQueue.java:709)
	at java.awt.EventQueue$3.run(EventQueue.java:703)
	at java.security.AccessController.doPrivileged(Native Method)
	at java.security.ProtectionDomain$JavaSecurityAccessImpl.doIntersectionPrivilege(ProtectionDomain.java:80)
	at java.awt.EventQueue.dispatchEvent(EventQueue.java:726)
	at java.awt.EventDispatchThread.pumpOneEventForFilters(EventDispatchThread.java:201)
	at java.awt.EventDispatchThread.pumpEventsForFilter(EventDispatchThread.java:116)
	at java.awt.EventDispatchThread.pumpEventsForHierarchy(EventDispatchThread.java:105)
	at java.awt.EventDispatchThread.pumpEvents(EventDispatchThread.java:101)
	at java.awt.EventDispatchThread.pumpEvents(EventDispatchThread.java:93)
	at java.awt.EventDispatchThread.run(EventDispatchThread.java:82)
Caused by: ptolemy.kernel.util.InternalErrorException: Element <entity name="node1" class="ptolemy.actor.ptalon.demo.ptinyos.SenseToLeds.MicaBoard"> caused an exception to be thrown.
  in .SenseToLeds.SenseToLeds
Because:
Cannot find class: ptolemy.actor.ptalon.demo.ptinyos.SenseToLeds.MicaBoard. In Ptolemy, classes are typically Java .class files. Entities like actors may instead be defined within a .xml file.  In any case, the class was not found. If the class uses a third party package, then the class would be present only if the third party package was found at compile time.  It may be necessary to upgrade Java or install the third party package, reconfigure and recompile.
Because:
Element <entity name="MicaLeds" class="ptolemy.domains.ptinyos.lib.MicaLeds"> caused an exception to be thrown.
  in .MicaBoard
Because:
Cannot find class: ptolemy.domains.ptinyos.lib.MicaLeds. In Ptolemy, classes are typically Java .class files. Entities like actors may instead be defined within a .xml file.  In any case, the class was not found. If the class uses a third party package, then the class would be present only if the third party package was found at compile time.  It may be necessary to upgrade Java or install the third party package, reconfigure and recompile.
Because:
-- /home/travis/build/icyphy/ptII/ptolemy/actor/ptalon/demo/ptinyos/SenseToLeds/ptolemy/domains/ptinyos/lib/MicaLeds.xml (No such file or directory)
-- XML file not found relative to classpath.
-- /home/travis/build/icyphy/ptII/ptolemy/vergil/basic/export/test/ptolemy/domains/ptinyos/lib/MicaLeds.xml
/home/travis/build/icyphy/ptII/ptolemy/vergil/basic/export/test/ptolemy/domains/ptinyos/lib/MicaLeds.xml (No such file or directory)
 in file:/home/travis/build/icyphy/ptII/ptolemy/actor/ptalon/demo/ptinyos/SenseToLeds/MicaBoard.xml at line 134 and column 63
	at ptolemy.moml.SimpleErrorHandler.handleError(SimpleErrorHandler.java:75)
	at ptolemy.moml.MoMLParser.startElement(MoMLParser.java:3805)
	at com.microstar.xml.XmlParser.parseElement(XmlParser.java:931)
	at com.microstar.xml.XmlParser.parseDocument(XmlParser.java:481)
	at com.microstar.xml.XmlParser.doParse(XmlParser.java:159)
	at com.microstar.xml.XmlParser.parse(XmlParser.java:132)
	at ptolemy.moml.MoMLParser.parse(MoMLParser.java:1660)
	at ptolemy.moml.MoMLParser.parse(MoMLParser.java:1617)
	at ptolemy.moml.MoMLParser.parse(MoMLParser.java:1792)
	at ptolemy.actor.ptalon.PtalonEvaluator.addActor(PtalonEvaluator.java:241)
	... 56 more
Caused by: ptolemy.kernel.util.IllegalActionException: Cannot find class: ptolemy.actor.ptalon.demo.ptinyos.SenseToLeds.MicaBoard. In Ptolemy, classes are typically Java .class files. Entities like actors may instead be defined within a .xml file.  In any case, the class was not found. If the class uses a third party package, then the class would be present only if the third party package was found at compile time.  It may be necessary to upgrade Java or install the third party package, reconfigure and recompile.
Because:
Element <entity name="MicaLeds" class="ptolemy.domains.ptinyos.lib.MicaLeds"> caused an exception to be thrown.
  in .MicaBoard
Because:
Cannot find class: ptolemy.domains.ptinyos.lib.MicaLeds. In Ptolemy, classes are typically Java .class files. Entities like actors may instead be defined within a .xml file.  In any case, the class was not found. If the class uses a third party package, then the class would be present only if the third party package was found at compile time.  It may be necessary to upgrade Java or install the third party package, reconfigure and recompile.
Because:
-- /home/travis/build/icyphy/ptII/ptolemy/actor/ptalon/demo/ptinyos/SenseToLeds/ptolemy/domains/ptinyos/lib/MicaLeds.xml (No such file or directory)
-- XML file not found relative to classpath.
-- /home/travis/build/icyphy/ptII/ptolemy/vergil/basic/export/test/ptolemy/domains/ptinyos/lib/MicaLeds.xml
/home/travis/build/icyphy/ptII/ptolemy/vergil/basic/export/test/ptolemy/domains/ptinyos/lib/MicaLeds.xml (No such file or directory)
 in file:/home/travis/build/icyphy/ptII/ptolemy/actor/ptalon/demo/ptinyos/SenseToLeds/MicaBoard.xml at line 134 and column 63
	at ptolemy.moml.MoMLParser._createEntity(MoMLParser.java:4330)
	at ptolemy.moml.MoMLParser.startElement(MoMLParser.java:2864)
	... 64 more
Caused by: ptolemy.kernel.util.InternalErrorException: Element <entity name="MicaLeds" class="ptolemy.domains.ptinyos.lib.MicaLeds"> caused an exception to be thrown.
  in .MicaBoard
Because:
Cannot find class: ptolemy.domains.ptinyos.lib.MicaLeds. In Ptolemy, classes are typically Java .class files. Entities like actors may instead be defined within a .xml file.  In any case, the class was not found. If the class uses a third party package, then the class would be present only if the third party package was found at compile time.  It may be necessary to upgrade Java or install the third party package, reconfigure and recompile.
Because:
-- /home/travis/build/icyphy/ptII/ptolemy/actor/ptalon/demo/ptinyos/SenseToLeds/ptolemy/domains/ptinyos/lib/MicaLeds.xml (No such file or directory)
-- XML file not found relative to classpath.
-- /home/travis/build/icyphy/ptII/ptolemy/vergil/basic/export/test/ptolemy/domains/ptinyos/lib/MicaLeds.xml
/home/travis/build/icyphy/ptII/ptolemy/vergil/basic/export/test/ptolemy/domains/ptinyos/lib/MicaLeds.xml (No such file or directory)
 in file:/home/travis/build/icyphy/ptII/ptolemy/actor/ptalon/demo/ptinyos/SenseToLeds/MicaBoard.xml at line 134 and column 63
	at ptolemy.moml.SimpleErrorHandler.handleError(SimpleErrorHandler.java:75)
	at ptolemy.moml.MoMLParser.startElement(MoMLParser.java:3805)
	at com.microstar.xml.XmlParser.parseElement(XmlParser.java:921)
	at com.microstar.xml.XmlParser.parseContent(XmlParser.java:1104)
	at com.microstar.xml.XmlParser.parseElement(XmlParser.java:924)
	at com.microstar.xml.XmlParser.parseDocument(XmlParser.java:481)
	at com.microstar.xml.XmlParser.doParse(XmlParser.java:159)
	at com.microstar.xml.XmlParser.parse(XmlParser.java:132)
	at ptolemy.moml.MoMLParser.parse(MoMLParser.java:1676)
	at ptolemy.moml.MoMLParser.parse(MoMLParser.java:1595)
	at ptolemy.moml.MoMLParser.parse(MoMLParser.java:1537)
	at ptolemy.moml.MoMLParser._findOrParse(MoMLParser.java:5286)
	at ptolemy.moml.MoMLParser._attemptToFindMoMLClass(MoMLParser.java:4075)
	at ptolemy.moml.MoMLParser._createEntity(MoMLParser.java:4323)
	... 65 more
Caused by: ptolemy.kernel.util.IllegalActionException: Cannot find class: ptolemy.domains.ptinyos.lib.MicaLeds. In Ptolemy, classes are typically Java .class files. Entities like actors may instead be defined within a .xml file.  In any case, the class was not found. If the class uses a third party package, then the class would be present only if the third party package was found at compile time.  It may be necessary to upgrade Java or install the third party package, reconfigure and recompile.
Because:
-- /home/travis/build/icyphy/ptII/ptolemy/actor/ptalon/demo/ptinyos/SenseToLeds/ptolemy/domains/ptinyos/lib/MicaLeds.xml (No such file or directory)
-- XML file not found relative to classpath.
-- /home/travis/build/icyphy/ptII/ptolemy/vergil/basic/export/test/ptolemy/domains/ptinyos/lib/MicaLeds.xml
/home/travis/build/icyphy/ptII/ptolemy/vergil/basic/export/test/ptolemy/domains/ptinyos/lib/MicaLeds.xml (No such file or directory)
 in file:/home/travis/build/icyphy/ptII/ptolemy/actor/ptalon/demo/ptinyos/SenseToLeds/MicaBoard.xml at line 134 and column 63
	at ptolemy.moml.MoMLParser._createEntity(MoMLParser.java:4330)
	at ptolemy.moml.MoMLParser.startElement(MoMLParser.java:2864)
	... 77 more
Caused by: com.microstar.xml.XmlException: -- /home/travis/build/icyphy/ptII/ptolemy/actor/ptalon/demo/ptinyos/SenseToLeds/ptolemy/domains/ptinyos/lib/MicaLeds.xml (No such file or directory)
-- XML file not found relative to classpath.
-- /home/travis/build/icyphy/ptII/ptolemy/vergil/basic/export/test/ptolemy/domains/ptinyos/lib/MicaLeds.xml
/home/travis/build/icyphy/ptII/ptolemy/vergil/basic/export/test/ptolemy/domains/ptinyos/lib/MicaLeds.xml (No such file or directory)
 in file:/home/travis/build/icyphy/ptII/ptolemy/actor/ptalon/demo/ptinyos/SenseToLeds/MicaBoard.xml at line 134 and column 63
	at ptolemy.moml.MoMLParser.fileNameToURL(MoMLParser.java:1414)
	at ptolemy.moml.MoMLParser._findOrParse(MoMLParser.java:5283)
	at ptolemy.moml.MoMLParser._attemptToFindMoMLClass(MoMLParser.java:4075)
	at ptolemy.moml.MoMLParser._createEntity(MoMLParser.java:4323)
	... 78 more
Failed to read file:/home/travis/build/icyphy/ptII/ptolemy/actor/ptalon/demo/ptinyos/SenseToLeds/SenseToLeds.xml
ptolemy.kernel.util.IllegalActionException: Failed to process attribute change to PtalonParameter, whose value is "ptolemy.actor.ptalon.PtalonExpressionParameter {.SenseToLeds.SenseToLeds.n} 2".
  in .SenseToLeds.SenseToLeds
Because:
Unable to add actor null
	at ptolemy.actor.ptalon.PtalonActor.attributeChanged(PtalonActor.java:211)
	at ptolemy.actor.ptalon.PtalonMLHandler.startElement(PtalonMLHandler.java:134)
	at com.microstar.xml.XmlParser.parseElement(XmlParser.java:921)
	at com.microstar.xml.XmlParser.parseContent(XmlParser.java:1104)
	at com.microstar.xml.XmlParser.parseElement(XmlParser.java:924)
	at com.microstar.xml.XmlParser.parseDocument(XmlParser.java:481)
	at com.microstar.xml.XmlParser.doParse(XmlParser.java:159)
	at com.microstar.xml.XmlParser.parse(XmlParser.java:132)
	at ptolemy.actor.ptalon.PtalonActor.configure(PtalonActor.java:240)
	at ptolemy.moml.MoMLParser.endElement(MoMLParser.java:996)
	at com.microstar.xml.XmlParser.parseETag(XmlParser.java:1026)
	at com.microstar.xml.XmlParser.parseContent(XmlParser.java:1098)
	at com.microstar.xml.XmlParser.parseElement(XmlParser.java:924)
	at com.microstar.xml.XmlParser.parseContent(XmlParser.java:1104)
	at com.microstar.xml.XmlParser.parseElement(XmlParser.java:924)
	at com.microstar.xml.XmlParser.parseContent(XmlParser.java:1104)
	at com.microstar.xml.XmlParser.parseElement(XmlParser.java:924)
	at com.microstar.xml.XmlParser.parseDocument(XmlParser.java:481)
	at com.microstar.xml.XmlParser.doParse(XmlParser.java:159)
	at com.microstar.xml.XmlParser.parse(XmlParser.java:132)
	at ptolemy.moml.MoMLParser.parse(MoMLParser.java:1676)
	at ptolemy.moml.MoMLParser.parse(MoMLParser.java:1595)
	at ptolemy.moml.MoMLParser.parse(MoMLParser.java:1537)
	at ptolemy.actor.gui.PtolemyEffigy$Factory.createEffigy(PtolemyEffigy.java:424)
	at ptolemy.actor.gui.EffigyFactory.createEffigy(EffigyFactory.java:234)
	at ptolemy.actor.gui.Configuration.openModel(Configuration.java:1125)
	at ptolemy.actor.gui.Configuration.openModel(Configuration.java:1051)
	at ptolemy.actor.gui.ConfigurationApplication._openModel(ConfigurationApplication.java:1252)
	at ptolemy.actor.gui.ConfigurationApplication._parseArg(ConfigurationApplication.java:1399)
	at ptolemy.actor.gui.ConfigurationApplication._parseArgs(ConfigurationApplication.java:1478)
	at ptolemy.actor.gui.ConfigurationApplication.<init>(ConfigurationApplication.java:277)
	at ptolemy.actor.gui.ConfigurationApplication.<init>(ConfigurationApplication.java:214)
	at ptolemy.actor.gui.ConfigurationApplication.<init>(ConfigurationApplication.java:201)
	at ptolemy.actor.gui.ConfigurationApplication.openModelOrEntity(ConfigurationApplication.java:680)
	at ptolemy.vergil.basic.export.ExportModel$1.run(ExportModel.java:220)
	at java.awt.event.InvocationEvent.dispatch(InvocationEvent.java:301)
	at java.awt.EventQueue.dispatchEventImpl(EventQueue.java:756)
	at java.awt.EventQueue.access$500(EventQueue.java:97)
	at java.awt.EventQueue$3.run(EventQueue.java:709)
	at java.awt.EventQueue$3.run(EventQueue.java:703)
	at java.security.AccessController.doPrivileged(Native Method)
	at java.security.ProtectionDomain$JavaSecurityAccessImpl.doIntersectionPrivilege(ProtectionDomain.java:80)
	at java.awt.EventQueue.dispatchEvent(EventQueue.java:726)
	at java.awt.EventDispatchThread.pumpOneEventForFilters(EventDispatchThread.java:201)
	at java.awt.EventDispatchThread.pumpEventsForFilter(EventDispatchThread.java:116)
	at java.awt.EventDispatchThread.pumpEventsForHierarchy(EventDispatchThread.java:105)
	at java.awt.EventDispatchThread.pumpEvents(EventDispatchThread.java:101)
	at java.awt.EventDispatchThread.pumpEvents(EventDispatchThread.java:93)
	at java.awt.EventDispatchThread.run(EventDispatchThread.java:82)
Caused by: ptolemy.actor.ptalon.PtalonRuntimeException: Unable to add actor null
	at ptolemy.actor.ptalon.PtalonEvaluator.addActor(PtalonEvaluator.java:300)
	at ptolemy.actor.ptalon.PtalonPopulator.actor_declaration(PtalonPopulator.java:1574)
	at ptolemy.actor.ptalon.PtalonPopulator.atomic_statement(PtalonPopulator.java:1638)
	at ptolemy.actor.ptalon.PtalonPopulator.iterative_statement_evaluator(PtalonPopulator.java:2484)
	at ptolemy.actor.ptalon.AbstractPtalonEvaluator$IfTree.evaluateForScope(AbstractPtalonEvaluator.java:1307)
	at ptolemy.actor.ptalon.AbstractPtalonEvaluator.evaluateForScope(AbstractPtalonEvaluator.java:744)
	at ptolemy.actor.ptalon.PtalonPopulator.iterative_statement(PtalonPopulator.java:2363)
	at ptolemy.actor.ptalon.PtalonPopulator.actor_definition(PtalonPopulator.java:2809)
	at ptolemy.actor.ptalon.PtalonActor.attributeChanged(PtalonActor.java:206)
	... 48 more
Caused by: ptolemy.kernel.util.InternalErrorException: Element <entity name="node1" class="ptolemy.actor.ptalon.demo.ptinyos.SenseToLeds.MicaBoard"> caused an exception to be thrown.
  in .SenseToLeds.SenseToLeds
Because:
Cannot find class: ptolemy.actor.ptalon.demo.ptinyos.SenseToLeds.MicaBoard. In Ptolemy, classes are typically Java .class files. Entities like actors may instead be defined within a .xml file.  In any case, the class was not found. If the class uses a third party package, then the class would be present only if the third party package was found at compile time.  It may be necessary to upgrade Java or install the third party package, reconfigure and recompile.
Because:
Element <entity name="MicaLeds" class="ptolemy.domains.ptinyos.lib.MicaLeds"> caused an exception to be thrown.
  in .MicaBoard
Because:
Cannot find class: ptolemy.domains.ptinyos.lib.MicaLeds. In Ptolemy, classes are typically Java .class files. Entities like actors may instead be defined within a .xml file.  In any case, the class was not found. If the class uses a third party package, then the class would be present only if the third party package was found at compile time.  It may be necessary to upgrade Java or install the third party package, reconfigure and recompile.
Because:
-- /home/travis/build/icyphy/ptII/ptolemy/actor/ptalon/demo/ptinyos/SenseToLeds/ptolemy/domains/ptinyos/lib/MicaLeds.xml (No such file or directory)
-- XML file not found relative to classpath.
-- /home/travis/build/icyphy/ptII/ptolemy/vergil/basic/export/test/ptolemy/domains/ptinyos/lib/MicaLeds.xml
/home/travis/build/icyphy/ptII/ptolemy/vergil/basic/export/test/ptolemy/domains/ptinyos/lib/MicaLeds.xml (No such file or directory)
 in file:/home/travis/build/icyphy/ptII/ptolemy/actor/ptalon/demo/ptinyos/SenseToLeds/MicaBoard.xml at line 134 and column 63
	at ptolemy.moml.SimpleErrorHandler.handleError(SimpleErrorHandler.java:75)
	at ptolemy.moml.MoMLParser.startElement(MoMLParser.java:3805)
	at com.microstar.xml.XmlParser.parseElement(XmlParser.java:931)
	at com.microstar.xml.XmlParser.parseDocument(XmlParser.java:481)
	at com.microstar.xml.XmlParser.doParse(XmlParser.java:159)
	at com.microstar.xml.XmlParser.parse(XmlParser.java:132)
	at ptolemy.moml.MoMLParser.parse(MoMLParser.java:1660)
	at ptolemy.moml.MoMLParser.parse(MoMLParser.java:1617)
	at ptolemy.moml.MoMLParser.parse(MoMLParser.java:1792)
	at ptolemy.actor.ptalon.PtalonEvaluator.addActor(PtalonEvaluator.java:241)
	... 56 more
Caused by: ptolemy.kernel.util.IllegalActionException: Cannot find class: ptolemy.actor.ptalon.demo.ptinyos.SenseToLeds.MicaBoard. In Ptolemy, classes are typically Java .class files. Entities like actors may instead be defined within a .xml file.  In any case, the class was not found. If the class uses a third party package, then the class would be present only if the third party package was found at compile time.  It may be necessary to upgrade Java or install the third party package, reconfigure and recompile.
Because:
Element <entity name="MicaLeds" class="ptolemy.domains.ptinyos.lib.MicaLeds"> caused an exception to be thrown.
  in .MicaBoard
Because:
Cannot find class: ptolemy.domains.ptinyos.lib.MicaLeds. In Ptolemy, classes are typically Java .class files. Entities like actors may instead be defined within a .xml file.  In any case, the class was not found. If the class uses a third party package, then the class would be present only if the third party package was found at compile time.  It may be necessary to upgrade Java or install the third party package, reconfigure and recompile.
Because:
-- /home/travis/build/icyphy/ptII/ptolemy/actor/ptalon/demo/ptinyos/SenseToLeds/ptolemy/domains/ptinyos/lib/MicaLeds.xml (No such file or directory)
-- XML file not found relative to classpath.
-- /home/travis/build/icyphy/ptII/ptolemy/vergil/basic/export/test/ptolemy/domains/ptinyos/lib/MicaLeds.xml
/home/travis/build/icyphy/ptII/ptolemy/vergil/basic/export/test/ptolemy/domains/ptinyos/lib/MicaLeds.xml (No such file or directory)
 in file:/home/travis/build/icyphy/ptII/ptolemy/actor/ptalon/demo/ptinyos/SenseToLeds/MicaBoard.xml at line 134 and column 63
	at ptolemy.moml.MoMLParser._createEntity(MoMLParser.java:4330)
	at ptolemy.moml.MoMLParser.startElement(MoMLParser.java:2864)
	... 64 more
Caused by: ptolemy.kernel.util.InternalErrorException: Element <entity name="MicaLeds" class="ptolemy.domains.ptinyos.lib.MicaLeds"> caused an exception to be thrown.
  in .MicaBoard
Because:
Cannot find class: ptolemy.domains.ptinyos.lib.MicaLeds. In Ptolemy, classes are typically Java .class files. Entities like actors may instead be defined within a .xml file.  In any case, the class was not found. If the class uses a third party package, then the class would be present only if the third party package was found at compile time.  It may be necessary to upgrade Java or install the third party package, reconfigure and recompile.
Because:
-- /home/travis/build/icyphy/ptII/ptolemy/actor/ptalon/demo/ptinyos/SenseToLeds/ptolemy/domains/ptinyos/lib/MicaLeds.xml (No such file or directory)
-- XML file not found relative to classpath.
-- /home/travis/build/icyphy/ptII/ptolemy/vergil/basic/export/test/ptolemy/domains/ptinyos/lib/MicaLeds.xml
/home/travis/build/icyphy/ptII/ptolemy/vergil/basic/export/test/ptolemy/domains/ptinyos/lib/MicaLeds.xml (No such file or directory)
 in file:/home/travis/build/icyphy/ptII/ptolemy/actor/ptalon/demo/ptinyos/SenseToLeds/MicaBoard.xml at line 134 and column 63
	at ptolemy.moml.SimpleErrorHandler.handleError(SimpleErrorHandler.java:75)
	at ptolemy.moml.MoMLParser.startElement(MoMLParser.java:3805)
	at com.microstar.xml.XmlParser.parseElement(XmlParser.java:921)
	at com.microstar.xml.XmlParser.parseContent(XmlParser.java:1104)
	at com.microstar.xml.XmlParser.parseElement(XmlParser.java:924)
	at com.microstar.xml.XmlParser.parseDocument(XmlParser.java:481)
	at com.microstar.xml.XmlParser.doParse(XmlParser.java:159)
	at com.microstar.xml.XmlParser.parse(XmlParser.java:132)
	at ptolemy.moml.MoMLParser.parse(MoMLParser.java:1676)
	at ptolemy.moml.MoMLParser.parse(MoMLParser.java:1595)
	at ptolemy.moml.MoMLParser.parse(MoMLParser.java:1537)
	at ptolemy.moml.MoMLParser._findOrParse(MoMLParser.java:5286)
	at ptolemy.moml.MoMLParser._attemptToFindMoMLClass(MoMLParser.java:4075)
	at ptolemy.moml.MoMLParser._createEntity(MoMLParser.java:4323)
	... 65 more
Caused by: ptolemy.kernel.util.IllegalActionException: Cannot find class: ptolemy.domains.ptinyos.lib.MicaLeds. In Ptolemy, classes are typically Java .class files. Entities like actors may instead be defined within a .xml file.  In any case, the class was not found. If the class uses a third party package, then the class would be present only if the third party package was found at compile time.  It may be necessary to upgrade Java or install the third party package, reconfigure and recompile.
Because:
-- /home/travis/build/icyphy/ptII/ptolemy/actor/ptalon/demo/ptinyos/SenseToLeds/ptolemy/domains/ptinyos/lib/MicaLeds.xml (No such file or directory)
-- XML file not found relative to classpath.
-- /home/travis/build/icyphy/ptII/ptolemy/vergil/basic/export/test/ptolemy/domains/ptinyos/lib/MicaLeds.xml
/home/travis/build/icyphy/ptII/ptolemy/vergil/basic/export/test/ptolemy/domains/ptinyos/lib/MicaLeds.xml (No such file or directory)
 in file:/home/travis/build/icyphy/ptII/ptolemy/actor/ptalon/demo/ptinyos/SenseToLeds/MicaBoard.xml at line 134 and column 63
	at ptolemy.moml.MoMLParser._createEntity(MoMLParser.java:4330)
	at ptolemy.moml.MoMLParser.startElement(MoMLParser.java:2864)
	... 77 more
Caused by: com.microstar.xml.XmlException: -- /home/travis/build/icyphy/ptII/ptolemy/actor/ptalon/demo/ptinyos/SenseToLeds/ptolemy/domains/ptinyos/lib/MicaLeds.xml (No such file or directory)
-- XML file not found relative to classpath.
-- /home/travis/build/icyphy/ptII/ptolemy/vergil/basic/export/test/ptolemy/domains/ptinyos/lib/MicaLeds.xml
/home/travis/build/icyphy/ptII/ptolemy/vergil/basic/export/test/ptolemy/domains/ptinyos/lib/MicaLeds.xml (No such file or directory)
 in file:/home/travis/build/icyphy/ptII/ptolemy/actor/ptalon/demo/ptinyos/SenseToLeds/MicaBoard.xml at line 134 and column 63
	at ptolemy.moml.MoMLParser.fileNameToURL(MoMLParser.java:1414)
	at ptolemy.moml.MoMLParser._findOrParse(MoMLParser.java:5283)
	at ptolemy.moml.MoMLParser._attemptToFindMoMLClass(MoMLParser.java:4075)
	at ptolemy.moml.MoMLParser._createEntity(MoMLParser.java:4323)
	... 78 more
Caused by: ptolemy.actor.ptalon.PtalonRuntimeException: Unable to add actor null
	at ptolemy.actor.ptalon.PtalonEvaluator.addActor(PtalonEvaluator.java:300)
	at ptolemy.actor.ptalon.PtalonPopulator.actor_declaration(PtalonPopulator.java:1574)
	at ptolemy.actor.ptalon.PtalonPopulator.atomic_statement(PtalonPopulator.java:1638)
	at ptolemy.actor.ptalon.PtalonPopulator.iterative_statement_evaluator(PtalonPopulator.java:2484)
	at ptolemy.actor.ptalon.AbstractPtalonEvaluator$IfTree.evaluateForScope(AbstractPtalonEvaluator.java:1307)
	at ptolemy.actor.ptalon.AbstractPtalonEvaluator.evaluateForScope(AbstractPtalonEvaluator.java:744)
	at ptolemy.actor.ptalon.PtalonPopulator.iterative_statement(PtalonPopulator.java:2363)
	at ptolemy.actor.ptalon.PtalonPopulator.actor_definition(PtalonPopulator.java:2809)
	at ptolemy.actor.ptalon.PtalonActor.attributeChanged(PtalonActor.java:206)
	at ptolemy.actor.ptalon.PtalonMLHandler.startElement(PtalonMLHandler.java:134)
	at com.microstar.xml.XmlParser.parseElement(XmlParser.java:921)
	at com.microstar.xml.XmlParser.parseContent(XmlParser.java:1104)
	at com.microstar.xml.XmlParser.parseElement(XmlParser.java:924)
	at com.microstar.xml.XmlParser.parseDocument(XmlParser.java:481)
	at com.microstar.xml.XmlParser.doParse(XmlParser.java:159)
	at com.microstar.xml.XmlParser.parse(XmlParser.java:132)
	at ptolemy.actor.ptalon.PtalonActor.configure(PtalonActor.java:240)
	at ptolemy.moml.MoMLParser.endElement(MoMLParser.java:996)
	at com.microstar.xml.XmlParser.parseETag(XmlParser.java:1026)
	at com.microstar.xml.XmlParser.parseContent(XmlParser.java:1098)
	at com.microstar.xml.XmlParser.parseElement(XmlParser.java:924)
	at com.microstar.xml.XmlParser.parseContent(XmlParser.java:1104)
	at com.microstar.xml.XmlParser.parseElement(XmlParser.java:924)
	at com.microstar.xml.XmlParser.parseContent(XmlParser.java:1104)
	at com.microstar.xml.XmlParser.parseElement(XmlParser.java:924)
	at com.microstar.xml.XmlParser.parseDocument(XmlParser.java:481)
	at com.microstar.xml.XmlParser.doParse(XmlParser.java:159)
	at com.microstar.xml.XmlParser.parse(XmlParser.java:132)
	at ptolemy.moml.MoMLParser.parse(MoMLParser.java:1676)
	at ptolemy.moml.MoMLParser.parse(MoMLParser.java:1595)
	at ptolemy.moml.MoMLParser.parse(MoMLParser.java:1537)
	at ptolemy.actor.gui.PtolemyEffigy$Factory.createEffigy(PtolemyEffigy.java:424)
	at ptolemy.actor.gui.EffigyFactory.createEffigy(EffigyFactory.java:234)
	at ptolemy.actor.gui.Configuration.openModel(Configuration.java:1125)
	at ptolemy.actor.gui.Configuration.openModel(Configuration.java:1051)
	at ptolemy.actor.gui.ConfigurationApplication._openModel(ConfigurationApplication.java:1252)
	at ptolemy.actor.gui.ConfigurationApplication._parseArg(ConfigurationApplication.java:1399)
	at ptolemy.actor.gui.ConfigurationApplication._parseArgs(ConfigurationApplication.java:1478)
	at ptolemy.actor.gui.ConfigurationApplication.<init>(ConfigurationApplication.java:277)
	at ptolemy.actor.gui.ConfigurationApplication.<init>(ConfigurationApplication.java:214)
	at ptolemy.actor.gui.ConfigurationApplication.<init>(ConfigurationApplication.java:201)
	at ptolemy.actor.gui.ConfigurationApplication.openModelOrEntity(ConfigurationApplication.java:680)
	at ptolemy.vergil.basic.export.ExportModel$1.run(ExportModel.java:220)
	at java.awt.event.InvocationEvent.dispatch(InvocationEvent.java:301)
	at java.awt.EventQueue.dispatchEventImpl(EventQueue.java:756)
	at java.awt.EventQueue.access$500(EventQueue.java:97)
	at java.awt.EventQueue$3.run(EventQueue.java:709)
	at java.awt.EventQueue$3.run(EventQueue.java:703)
	at java.security.AccessController.doPrivileged(Native Method)
	at java.security.ProtectionDomain$JavaSecurityAccessImpl.doIntersectionPrivilege(ProtectionDomain.java:80)
	at java.awt.EventQueue.dispatchEvent(EventQueue.java:726)
	at java.awt.EventDispatchThread.pumpOneEventForFilters(EventDispatchThread.java:201)
	at java.awt.EventDispatchThread.pumpEventsForFilter(EventDispatchThread.java:116)
	at java.awt.EventDispatchThread.pumpEventsForHierarchy(EventDispatchThread.java:105)
	at java.awt.EventDispatchThread.pumpEvents(EventDispatchThread.java:101)
	at java.awt.EventDispatchThread.pumpEvents(EventDispatchThread.java:93)
	at java.awt.EventDispatchThread.run(EventDispatchThread.java:82)
Caused by: ptolemy.kernel.util.InternalErrorException: Element <entity name="node1" class="ptolemy.actor.ptalon.demo.ptinyos.SenseToLeds.MicaBoard"> caused an exception to be thrown.
  in .SenseToLeds.SenseToLeds
Because:
Cannot find class: ptolemy.actor.ptalon.demo.ptinyos.SenseToLeds.MicaBoard. In Ptolemy, classes are typically Java .class files. Entities like actors may instead be defined within a .xml file.  In any case, the class was not found. If the class uses a third party package, then the class would be present only if the third party package was found at compile time.  It may be necessary to upgrade Java or install the third party package, reconfigure and recompile.
Because:
Element <entity name="MicaLeds" class="ptolemy.domains.ptinyos.lib.MicaLeds"> caused an exception to be thrown.
  in .MicaBoard
Because:
Cannot find class: ptolemy.domains.ptinyos.lib.MicaLeds. In Ptolemy, classes are typically Java .class files. Entities like actors may instead be defined within a .xml file.  In any case, the class was not found. If the class uses a third party package, then the class would be present only if the third party package was found at compile time.  It may be necessary to upgrade Java or install the third party package, reconfigure and recompile.
Because:
-- /home/travis/build/icyphy/ptII/ptolemy/actor/ptalon/demo/ptinyos/SenseToLeds/ptolemy/domains/ptinyos/lib/MicaLeds.xml (No such file or directory)
-- XML file not found relative to classpath.
-- /home/travis/build/icyphy/ptII/ptolemy/vergil/basic/export/test/ptolemy/domains/ptinyos/lib/MicaLeds.xml
/home/travis/build/icyphy/ptII/ptolemy/vergil/basic/export/test/ptolemy/domains/ptinyos/lib/MicaLeds.xml (No such file or directory)
 in file:/home/travis/build/icyphy/ptII/ptolemy/actor/ptalon/demo/ptinyos/SenseToLeds/MicaBoard.xml at line 134 and column 63
	at ptolemy.moml.SimpleErrorHandler.handleError(SimpleErrorHandler.java:75)
	at ptolemy.moml.MoMLParser.startElement(MoMLParser.java:3805)
	at com.microstar.xml.XmlParser.parseElement(XmlParser.java:931)
	at com.microstar.xml.XmlParser.parseDocument(XmlParser.java:481)
	at com.microstar.xml.XmlParser.doParse(XmlParser.java:159)
	at com.microstar.xml.XmlParser.parse(XmlParser.java:132)
	at ptolemy.moml.MoMLParser.parse(MoMLParser.java:1660)
	at ptolemy.moml.MoMLParser.parse(MoMLParser.java:1617)
	at ptolemy.moml.MoMLParser.parse(MoMLParser.java:1792)
	at ptolemy.actor.ptalon.PtalonEvaluator.addActor(PtalonEvaluator.java:241)
	... 56 more
Caused by: ptolemy.kernel.util.IllegalActionException: Cannot find class: ptolemy.actor.ptalon.demo.ptinyos.SenseToLeds.MicaBoard. In Ptolemy, classes are typically Java .class files. Entities like actors may instead be defined within a .xml file.  In any case, the class was not found. If the class uses a third party package, then the class would be present only if the third party package was found at compile time.  It may be necessary to upgrade Java or install the third party package, reconfigure and recompile.
Because:
Element <entity name="MicaLeds" class="ptolemy.domains.ptinyos.lib.MicaLeds"> caused an exception to be thrown.
  in .MicaBoard
Because:
Cannot find class: ptolemy.domains.ptinyos.lib.MicaLeds. In Ptolemy, classes are typically Java .class files. Entities like actors may instead be defined within a .xml file.  In any case, the class was not found. If the class uses a third party package, then the class would be present only if the third party package was found at compile time.  It may be necessary to upgrade Java or install the third party package, reconfigure and recompile.
Because:
-- /home/travis/build/icyphy/ptII/ptolemy/actor/ptalon/demo/ptinyos/SenseToLeds/ptolemy/domains/ptinyos/lib/MicaLeds.xml (No such file or directory)
-- XML file not found relative to classpath.
-- /home/travis/build/icyphy/ptII/ptolemy/vergil/basic/export/test/ptolemy/domains/ptinyos/lib/MicaLeds.xml
/home/travis/build/icyphy/ptII/ptolemy/vergil/basic/export/test/ptolemy/domains/ptinyos/lib/MicaLeds.xml (No such file or directory)
 in file:/home/travis/build/icyphy/ptII/ptolemy/actor/ptalon/demo/ptinyos/SenseToLeds/MicaBoard.xml at line 134 and column 63
	at ptolemy.moml.MoMLParser._createEntity(MoMLParser.java:4330)
	at ptolemy.moml.MoMLParser.startElement(MoMLParser.java:2864)
	... 64 more
Caused by: ptolemy.kernel.util.InternalErrorException: Element <entity name="MicaLeds" class="ptolemy.domains.ptinyos.lib.MicaLeds"> caused an exception to be thrown.
  in .MicaBoard
Because:
Cannot find class: ptolemy.domains.ptinyos.lib.MicaLeds. In Ptolemy, classes are typically Java .class files. Entities like actors may instead be defined within a .xml file.  In any case, the class was not found. If the class uses a third party package, then the class would be present only if the third party package was found at compile time.  It may be necessary to upgrade Java or install the third party package, reconfigure and recompile.
Because:
-- /home/travis/build/icyphy/ptII/ptolemy/actor/ptalon/demo/ptinyos/SenseToLeds/ptolemy/domains/ptinyos/lib/MicaLeds.xml (No such file or directory)
-- XML file not found relative to classpath.
-- /home/travis/build/icyphy/ptII/ptolemy/vergil/basic/export/test/ptolemy/domains/ptinyos/lib/MicaLeds.xml
/home/travis/build/icyphy/ptII/ptolemy/vergil/basic/export/test/ptolemy/domains/ptinyos/lib/MicaLeds.xml (No such file or directory)
 in file:/home/travis/build/icyphy/ptII/ptolemy/actor/ptalon/demo/ptinyos/SenseToLeds/MicaBoard.xml at line 134 and column 63
	at ptolemy.moml.SimpleErrorHandler.handleError(SimpleErrorHandler.java:75)
	at ptolemy.moml.MoMLParser.startElement(MoMLParser.java:3805)
	at com.microstar.xml.XmlParser.parseElement(XmlParser.java:921)
	at com.microstar.xml.XmlParser.parseContent(XmlParser.java:1104)
	at com.microstar.xml.XmlParser.parseElement(XmlParser.java:924)
	at com.microstar.xml.XmlParser.parseDocument(XmlParser.java:481)
	at com.microstar.xml.XmlParser.doParse(XmlParser.java:159)
	at com.microstar.xml.XmlParser.parse(XmlParser.java:132)
	at ptolemy.moml.MoMLParser.parse(MoMLParser.java:1676)
	at ptolemy.moml.MoMLParser.parse(MoMLParser.java:1595)
	at ptolemy.moml.MoMLParser.parse(MoMLParser.java:1537)
	at ptolemy.moml.MoMLParser._findOrParse(MoMLParser.java:5286)
	at ptolemy.moml.MoMLParser._attemptToFindMoMLClass(MoMLParser.java:4075)
	at ptolemy.moml.MoMLParser._createEntity(MoMLParser.java:4323)
	... 65 more
Caused by: ptolemy.kernel.util.IllegalActionException: Cannot find class: ptolemy.domains.ptinyos.lib.MicaLeds. In Ptolemy, classes are typically Java .class files. Entities like actors may instead be defined within a .xml file.  In any case, the class was not found. If the class uses a third party package, then the class would be present only if the third party package was found at compile time.  It may be necessary to upgrade Java or install the third party package, reconfigure and recompile.
Because:
-- /home/travis/build/icyphy/ptII/ptolemy/actor/ptalon/demo/ptinyos/SenseToLeds/ptolemy/domains/ptinyos/lib/MicaLeds.xml (No such file or directory)
-- XML file not found relative to classpath.
-- /home/travis/build/icyphy/ptII/ptolemy/vergil/basic/export/test/ptolemy/domains/ptinyos/lib/MicaLeds.xml
/home/travis/build/icyphy/ptII/ptolemy/vergil/basic/export/test/ptolemy/domains/ptinyos/lib/MicaLeds.xml (No such file or directory)
 in file:/home/travis/build/icyphy/ptII/ptolemy/actor/ptalon/demo/ptinyos/SenseToLeds/MicaBoard.xml at line 134 and column 63
	at ptolemy.moml.MoMLParser._createEntity(MoMLParser.java:4330)
	at ptolemy.moml.MoMLParser.startElement(MoMLParser.java:2864)
	... 77 more
Caused by: com.microstar.xml.XmlException: -- /home/travis/build/icyphy/ptII/ptolemy/actor/ptalon/demo/ptinyos/SenseToLeds/ptolemy/domains/ptinyos/lib/MicaLeds.xml (No such file or directory)
-- XML file not found relative to classpath.
-- /home/travis/build/icyphy/ptII/ptolemy/vergil/basic/export/test/ptolemy/domains/ptinyos/lib/MicaLeds.xml
/home/travis/build/icyphy/ptII/ptolemy/vergil/basic/export/test/ptolemy/domains/ptinyos/lib/MicaLeds.xml (No such file or directory)
 in file:/home/travis/build/icyphy/ptII/ptolemy/actor/ptalon/demo/ptinyos/SenseToLeds/MicaBoard.xml at line 134 and column 63
	at ptolemy.moml.MoMLParser.fileNameToURL(MoMLParser.java:1414)
	at ptolemy.moml.MoMLParser._findOrParse(MoMLParser.java:5283)
	at ptolemy.moml.MoMLParser._attemptToFindMoMLClass(MoMLParser.java:4075)
	at ptolemy.moml.MoMLParser._createEntity(MoMLParser.java:4323)
	... 78 more
ptolemy.kernel.util.IllegalActionException: Failed to process attribute change to PtalonParameter, whose value is "ptolemy.actor.ptalon.PtalonExpressionParameter {.SenseToLeds.SenseToLeds.n} 2".
  in .SenseToLeds.SenseToLeds
Because:
Unable to add actor null
	at ptolemy.actor.ptalon.PtalonActor.attributeChanged(PtalonActor.java:211)
	at ptolemy.actor.ptalon.PtalonMLHandler.startElement(PtalonMLHandler.java:134)
	at com.microstar.xml.XmlParser.parseElement(XmlParser.java:921)
	at com.microstar.xml.XmlParser.parseContent(XmlParser.java:1104)
	at com.microstar.xml.XmlParser.parseElement(XmlParser.java:924)
	at com.microstar.xml.XmlParser.parseDocument(XmlParser.java:481)
	at com.microstar.xml.XmlParser.doParse(XmlParser.java:159)
	at com.microstar.xml.XmlParser.parse(XmlParser.java:132)
	at ptolemy.actor.ptalon.PtalonActor.configure(PtalonActor.java:240)
	at ptolemy.moml.MoMLParser.endElement(MoMLParser.java:996)
	at com.microstar.xml.XmlParser.parseETag(XmlParser.java:1026)
	at com.microstar.xml.XmlParser.parseContent(XmlParser.java:1098)
	at com.microstar.xml.XmlParser.parseElement(XmlParser.java:924)
	at com.microstar.xml.XmlParser.parseContent(XmlParser.java:1104)
	at com.microstar.xml.XmlParser.parseElement(XmlParser.java:924)
	at com.microstar.xml.XmlParser.parseContent(XmlParser.java:1104)
	at com.microstar.xml.XmlParser.parseElement(XmlParser.java:924)
	at com.microstar.xml.XmlParser.parseDocument(XmlParser.java:481)
	at com.microstar.xml.XmlParser.doParse(XmlParser.java:159)
	at com.microstar.xml.XmlParser.parse(XmlParser.java:132)
	at ptolemy.moml.MoMLParser.parse(MoMLParser.java:1676)
	at ptolemy.moml.MoMLParser.parse(MoMLParser.java:1595)
	at ptolemy.moml.MoMLParser.parse(MoMLParser.java:1537)
	at ptolemy.actor.gui.PtolemyEffigy$Factory.createEffigy(PtolemyEffigy.java:424)
	at ptolemy.actor.gui.EffigyFactory.createEffigy(EffigyFactory.java:234)
	at ptolemy.actor.gui.Configuration.openModel(Configuration.java:1125)
	at ptolemy.actor.gui.Configuration.openModel(Configuration.java:1051)
	at ptolemy.actor.gui.ConfigurationApplication._openModel(ConfigurationApplication.java:1252)
	at ptolemy.actor.gui.ConfigurationApplication._parseArg(ConfigurationApplication.java:1399)
	at ptolemy.actor.gui.ConfigurationApplication._parseArgs(ConfigurationApplication.java:1478)
	at ptolemy.actor.gui.ConfigurationApplication.<init>(ConfigurationApplication.java:277)
	at ptolemy.actor.gui.ConfigurationApplication.<init>(ConfigurationApplication.java:214)
	at ptolemy.actor.gui.ConfigurationApplication.<init>(ConfigurationApplication.java:201)
	at ptolemy.actor.gui.ConfigurationApplication.openModelOrEntity(ConfigurationApplication.java:680)
	at ptolemy.vergil.basic.export.ExportModel$1.run(ExportModel.java:220)
	at java.awt.event.InvocationEvent.dispatch(InvocationEvent.java:301)
	at java.awt.EventQueue.dispatchEventImpl(EventQueue.java:756)
	at java.awt.EventQueue.access$500(EventQueue.java:97)
	at java.awt.EventQueue$3.run(EventQueue.java:709)
	at java.awt.EventQueue$3.run(EventQueue.java:703)
	at java.security.AccessController.doPrivileged(Native Method)
	at java.security.ProtectionDomain$JavaSecurityAccessImpl.doIntersectionPrivilege(ProtectionDomain.java:80)
	at java.awt.EventQueue.dispatchEvent(EventQueue.java:726)
	at java.awt.EventDispatchThread.pumpOneEventForFilters(EventDispatchThread.java:201)
	at java.awt.EventDispatchThread.pumpEventsForFilter(EventDispatchThread.java:116)
	at java.awt.EventDispatchThread.pumpEventsForHierarchy(EventDispatchThread.java:105)
	at java.awt.EventDispatchThread.pumpEvents(EventDispatchThread.java:101)
	at java.awt.EventDispatchThread.pumpEvents(EventDispatchThread.java:93)
	at java.awt.EventDispatchThread.run(EventDispatchThread.java:82)
Caused by: ptolemy.actor.ptalon.PtalonRuntimeException: Unable to add actor null
	at ptolemy.actor.ptalon.PtalonEvaluator.addActor(PtalonEvaluator.java:300)
	at ptolemy.actor.ptalon.PtalonPopulator.actor_declaration(PtalonPopulator.java:1574)
	at ptolemy.actor.ptalon.PtalonPopulator.atomic_statement(PtalonPopulator.java:1638)
	at ptolemy.actor.ptalon.PtalonPopulator.iterative_statement_evaluator(PtalonPopulator.java:2484)
	at ptolemy.actor.ptalon.AbstractPtalonEvaluator$IfTree.evaluateForScope(AbstractPtalonEvaluator.java:1307)
	at ptolemy.actor.ptalon.AbstractPtalonEvaluator.evaluateForScope(AbstractPtalonEvaluator.java:744)
	at ptolemy.actor.ptalon.PtalonPopulator.iterative_statement(PtalonPopulator.java:2363)
	at ptolemy.actor.ptalon.PtalonPopulator.actor_definition(PtalonPopulator.java:2809)
	at ptolemy.actor.ptalon.PtalonActor.attributeChanged(PtalonActor.java:206)
	... 48 more
Caused by: ptolemy.kernel.util.InternalErrorException: Element <entity name="node1" class="ptolemy.actor.ptalon.demo.ptinyos.SenseToLeds.MicaBoard"> caused an exception to be thrown.
  in .SenseToLeds.SenseToLeds
Because:
Cannot find class: ptolemy.actor.ptalon.demo.ptinyos.SenseToLeds.MicaBoard. In Ptolemy, classes are typically Java .class files. Entities like actors may instead be defined within a .xml file.  In any case, the class was not found. If the class uses a third party package, then the class would be present only if the third party package was found at compile time.  It may be necessary to upgrade Java or install the third party package, reconfigure and recompile.
Because:
Element <entity name="MicaLeds" class="ptolemy.domains.ptinyos.lib.MicaLeds"> caused an exception to be thrown.
  in .MicaBoard
Because:
Cannot find class: ptolemy.domains.ptinyos.lib.MicaLeds. In Ptolemy, classes are typically Java .class files. Entities like actors may instead be defined within a .xml file.  In any case, the class was not found. If the class uses a third party package, then the class would be present only if the third party package was found at compile time.  It may be necessary to upgrade Java or install the third party package, reconfigure and recompile.
Because:
-- /home/travis/build/icyphy/ptII/ptolemy/actor/ptalon/demo/ptinyos/SenseToLeds/ptolemy/domains/ptinyos/lib/MicaLeds.xml (No such file or directory)
-- XML file not found relative to classpath.
-- /home/travis/build/icyphy/ptII/ptolemy/vergil/basic/export/test/ptolemy/domains/ptinyos/lib/MicaLeds.xml
/home/travis/build/icyphy/ptII/ptolemy/vergil/basic/export/test/ptolemy/domains/ptinyos/lib/MicaLeds.xml (No such file or directory)
 in file:/home/travis/build/icyphy/ptII/ptolemy/actor/ptalon/demo/ptinyos/SenseToLeds/MicaBoard.xml at line 134 and column 63
	at ptolemy.moml.SimpleErrorHandler.handleError(SimpleErrorHandler.java:75)
	at ptolemy.moml.MoMLParser.startElement(MoMLParser.java:3805)
	at com.microstar.xml.XmlParser.parseElement(XmlParser.java:931)
	at com.microstar.xml.XmlParser.parseDocument(XmlParser.java:481)
	at com.microstar.xml.XmlParser.doParse(XmlParser.java:159)
	at com.microstar.xml.XmlParser.parse(XmlParser.java:132)
	at ptolemy.moml.MoMLParser.parse(MoMLParser.java:1660)
	at ptolemy.moml.MoMLParser.parse(MoMLParser.java:1617)
	at ptolemy.moml.MoMLParser.parse(MoMLParser.java:1792)
	at ptolemy.actor.ptalon.PtalonEvaluator.addActor(PtalonEvaluator.java:241)
	... 56 more
Caused by: ptolemy.kernel.util.IllegalActionException: Cannot find class: ptolemy.actor.ptalon.demo.ptinyos.SenseToLeds.MicaBoard. In Ptolemy, classes are typically Java .class files. Entities like actors may instead be defined within a .xml file.  In any case, the class was not found. If the class uses a third party package, then the class would be present only if the third party package was found at compile time.  It may be necessary to upgrade Java or install the third party package, reconfigure and recompile.
Because:
Element <entity name="MicaLeds" class="ptolemy.domains.ptinyos.lib.MicaLeds"> caused an exception to be thrown.
  in .MicaBoard
Because:
Cannot find class: ptolemy.domains.ptinyos.lib.MicaLeds. In Ptolemy, classes are typically Java .class files. Entities like actors may instead be defined within a .xml file.  In any case, the class was not found. If the class uses a third party package, then the class would be present only if the third party package was found at compile time.  It may be necessary to upgrade Java or install the third party package, reconfigure and recompile.
Because:
-- /home/travis/build/icyphy/ptII/ptolemy/actor/ptalon/demo/ptinyos/SenseToLeds/ptolemy/domains/ptinyos/lib/MicaLeds.xml (No such file or directory)
-- XML file not found relative to classpath.
-- /home/travis/build/icyphy/ptII/ptolemy/vergil/basic/export/test/ptolemy/domains/ptinyos/lib/MicaLeds.xml
/home/travis/build/icyphy/ptII/ptolemy/vergil/basic/export/test/ptolemy/domains/ptinyos/lib/MicaLeds.xml (No such file or directory)
 in file:/home/travis/build/icyphy/ptII/ptolemy/actor/ptalon/demo/ptinyos/SenseToLeds/MicaBoard.xml at line 134 and column 63
	at ptolemy.moml.MoMLParser._createEntity(MoMLParser.java:4330)
	at ptolemy.moml.MoMLParser.startElement(MoMLParser.java:2864)
	... 64 more
Caused by: ptolemy.kernel.util.InternalErrorException: Element <entity name="MicaLeds" class="ptolemy.domains.ptinyos.lib.MicaLeds"> caused an exception to be thrown.
  in .MicaBoard
Because:
Cannot find class: ptolemy.domains.ptinyos.lib.MicaLeds. In Ptolemy, classes are typically Java .class files. Entities like actors may instead be defined within a .xml file.  In any case, the class was not found. If the class uses a third party package, then the class would be present only if the third party package was found at compile time.  It may be necessary to upgrade Java or install the third party package, reconfigure and recompile.
Because:
-- /home/travis/build/icyphy/ptII/ptolemy/actor/ptalon/demo/ptinyos/SenseToLeds/ptolemy/domains/ptinyos/lib/MicaLeds.xml (No such file or directory)
-- XML file not found relative to classpath.
-- /home/travis/build/icyphy/ptII/ptolemy/vergil/basic/export/test/ptolemy/domains/ptinyos/lib/MicaLeds.xml
/home/travis/build/icyphy/ptII/ptolemy/vergil/basic/export/test/ptolemy/domains/ptinyos/lib/MicaLeds.xml (No such file or directory)
 in file:/home/travis/build/icyphy/ptII/ptolemy/actor/ptalon/demo/ptinyos/SenseToLeds/MicaBoard.xml at line 134 and column 63
	at ptolemy.moml.SimpleErrorHandler.handleError(SimpleErrorHandler.java:75)
	at ptolemy.moml.MoMLParser.startElement(MoMLParser.java:3805)
	at com.microstar.xml.XmlParser.parseElement(XmlParser.java:921)
	at com.microstar.xml.XmlParser.parseContent(XmlParser.java:1104)
	at com.microstar.xml.XmlParser.parseElement(XmlParser.java:924)
	at com.microstar.xml.XmlParser.parseDocument(XmlParser.java:481)
	at com.microstar.xml.XmlParser.doParse(XmlParser.java:159)
	at com.microstar.xml.XmlParser.parse(XmlParser.java:132)
	at ptolemy.moml.MoMLParser.parse(MoMLParser.java:1676)
	at ptolemy.moml.MoMLParser.parse(MoMLParser.java:1595)
	at ptolemy.moml.MoMLParser.parse(MoMLParser.java:1537)
	at ptolemy.moml.MoMLParser._findOrParse(MoMLParser.java:5286)
	at ptolemy.moml.MoMLParser._attemptToFindMoMLClass(MoMLParser.java:4075)
	at ptolemy.moml.MoMLParser._createEntity(MoMLParser.java:4323)
	... 65 more
Caused by: ptolemy.kernel.util.IllegalActionException: Cannot find class: ptolemy.domains.ptinyos.lib.MicaLeds. In Ptolemy, classes are typically Java .class files. Entities like actors may instead be defined within a .xml file.  In any case, the class was not found. If the class uses a third party package, then the class would be present only if the third party package was found at compile time.  It may be necessary to upgrade Java or install the third party package, reconfigure and recompile.
Because:
-- /home/travis/build/icyphy/ptII/ptolemy/actor/ptalon/demo/ptinyos/SenseToLeds/ptolemy/domains/ptinyos/lib/MicaLeds.xml (No such file or directory)
-- XML file not found relative to classpath.
-- /home/travis/build/icyphy/ptII/ptolemy/vergil/basic/export/test/ptolemy/domains/ptinyos/lib/MicaLeds.xml
/home/travis/build/icyphy/ptII/ptolemy/vergil/basic/export/test/ptolemy/domains/ptinyos/lib/MicaLeds.xml (No such file or directory)
 in file:/home/travis/build/icyphy/ptII/ptolemy/actor/ptalon/demo/ptinyos/SenseToLeds/MicaBoard.xml at line 134 and column 63
	at ptolemy.moml.MoMLParser._createEntity(MoMLParser.java:4330)
	at ptolemy.moml.MoMLParser.startElement(MoMLParser.java:2864)
	... 77 more
Caused by: com.microstar.xml.XmlException: -- /home/travis/build/icyphy/ptII/ptolemy/actor/ptalon/demo/ptinyos/SenseToLeds/ptolemy/domains/ptinyos/lib/MicaLeds.xml (No such file or directory)
-- XML file not found relative to classpath.
-- /home/travis/build/icyphy/ptII/ptolemy/vergil/basic/export/test/ptolemy/domains/ptinyos/lib/MicaLeds.xml
/home/travis/build/icyphy/ptII/ptolemy/vergil/basic/export/test/ptolemy/domains/ptinyos/lib/MicaLeds.xml (No such file or directory)
 in file:/home/travis/build/icyphy/ptII/ptolemy/actor/ptalon/demo/ptinyos/SenseToLeds/MicaBoard.xml at line 134 and column 63
	at ptolemy.moml.MoMLParser.fileNameToURL(MoMLParser.java:1414)
	at ptolemy.moml.MoMLParser._findOrParse(MoMLParser.java:5283)
	at ptolemy.moml.MoMLParser._attemptToFindMoMLClass(MoMLParser.java:4075)
	at ptolemy.moml.MoMLParser._createEntity(MoMLParser.java:4323)
	... 78 more
Caused by: ptolemy.actor.ptalon.PtalonRuntimeException: Unable to add actor null
	at ptolemy.actor.ptalon.PtalonEvaluator.addActor(PtalonEvaluator.java:300)
	at ptolemy.actor.ptalon.PtalonPopulator.actor_declaration(PtalonPopulator.java:1574)
	at ptolemy.actor.ptalon.PtalonPopulator.atomic_statement(PtalonPopulator.java:1638)
	at ptolemy.actor.ptalon.PtalonPopulator.iterative_statement_evaluator(PtalonPopulator.java:2484)
	at ptolemy.actor.ptalon.AbstractPtalonEvaluator$IfTree.evaluateForScope(AbstractPtalonEvaluator.java:1307)
	at ptolemy.actor.ptalon.AbstractPtalonEvaluator.evaluateForScope(AbstractPtalonEvaluator.java:744)
	at ptolemy.actor.ptalon.PtalonPopulator.iterative_statement(PtalonPopulator.java:2363)
	at ptolemy.actor.ptalon.PtalonPopulator.actor_definition(PtalonPopulator.java:2809)
	at ptolemy.actor.ptalon.PtalonActor.attributeChanged(PtalonActor.java:206)
	at ptolemy.actor.ptalon.PtalonMLHandler.startElement(PtalonMLHandler.java:134)
	at com.microstar.xml.XmlParser.parseElement(XmlParser.java:921)
	at com.microstar.xml.XmlParser.parseContent(XmlParser.java:1104)
	at com.microstar.xml.XmlParser.parseElement(XmlParser.java:924)
	at com.microstar.xml.XmlParser.parseDocument(XmlParser.java:481)
	at com.microstar.xml.XmlParser.doParse(XmlParser.java:159)
	at com.microstar.xml.XmlParser.parse(XmlParser.java:132)
	at ptolemy.actor.ptalon.PtalonActor.configure(PtalonActor.java:240)
	at ptolemy.moml.MoMLParser.endElement(MoMLParser.java:996)
	at com.microstar.xml.XmlParser.parseETag(XmlParser.java:1026)
	at com.microstar.xml.XmlParser.parseContent(XmlParser.java:1098)
	at com.microstar.xml.XmlParser.parseElement(XmlParser.java:924)
	at com.microstar.xml.XmlParser.parseContent(XmlParser.java:1104)
	at com.microstar.xml.XmlParser.parseElement(XmlParser.java:924)
	at com.microstar.xml.XmlParser.parseContent(XmlParser.java:1104)
	at com.microstar.xml.XmlParser.parseElement(XmlParser.java:924)
	at com.microstar.xml.XmlParser.parseDocument(XmlParser.java:481)
	at com.microstar.xml.XmlParser.doParse(XmlParser.java:159)
	at com.microstar.xml.XmlParser.parse(XmlParser.java:132)
	at ptolemy.moml.MoMLParser.parse(MoMLParser.java:1676)
	at ptolemy.moml.MoMLParser.parse(MoMLParser.java:1595)
	at ptolemy.moml.MoMLParser.parse(MoMLParser.java:1537)
	at ptolemy.actor.gui.PtolemyEffigy$Factory.createEffigy(PtolemyEffigy.java:424)
	at ptolemy.actor.gui.EffigyFactory.createEffigy(EffigyFactory.java:234)
	at ptolemy.actor.gui.Configuration.openModel(Configuration.java:1125)
	at ptolemy.actor.gui.Configuration.openModel(Configuration.java:1051)
	at ptolemy.actor.gui.ConfigurationApplication._openModel(ConfigurationApplication.java:1252)
	at ptolemy.actor.gui.ConfigurationApplication._parseArg(ConfigurationApplication.java:1399)
	at ptolemy.actor.gui.ConfigurationApplication._parseArgs(ConfigurationApplication.java:1478)
	at ptolemy.actor.gui.ConfigurationApplication.<init>(ConfigurationApplication.java:277)
	at ptolemy.actor.gui.ConfigurationApplication.<init>(ConfigurationApplication.java:214)
	at ptolemy.actor.gui.ConfigurationApplication.<init>(ConfigurationApplication.java:201)
	at ptolemy.actor.gui.ConfigurationApplication.openModelOrEntity(ConfigurationApplication.java:680)
	at ptolemy.vergil.basic.export.ExportModel$1.run(ExportModel.java:220)
	at java.awt.event.InvocationEvent.dispatch(InvocationEvent.java:301)
	at java.awt.EventQueue.dispatchEventImpl(EventQueue.java:756)
	at java.awt.EventQueue.access$500(EventQueue.java:97)
	at java.awt.EventQueue$3.run(EventQueue.java:709)
	at java.awt.EventQueue$3.run(EventQueue.java:703)
	at java.security.AccessController.doPrivileged(Native Method)
	at java.security.ProtectionDomain$JavaSecurityAccessImpl.doIntersectionPrivilege(ProtectionDomain.java:80)
	at java.awt.EventQueue.dispatchEvent(EventQueue.java:726)
	at java.awt.EventDispatchThread.pumpOneEventForFilters(EventDispatchThread.java:201)
	at java.awt.EventDispatchThread.pumpEventsForFilter(EventDispatchThread.java:116)
	at java.awt.EventDispatchThread.pumpEventsForHierarchy(EventDispatchThread.java:105)
	at java.awt.EventDispatchThread.pumpEvents(EventDispatchThread.java:101)
	at java.awt.EventDispatchThread.pumpEvents(EventDispatchThread.java:93)
	at java.awt.EventDispatchThread.run(EventDispatchThread.java:82)
Caused by: ptolemy.kernel.util.InternalErrorException: Element <entity name="node1" class="ptolemy.actor.ptalon.demo.ptinyos.SenseToLeds.MicaBoard"> caused an exception to be thrown.
  in .SenseToLeds.SenseToLeds
Because:
Cannot find class: ptolemy.actor.ptalon.demo.ptinyos.SenseToLeds.MicaBoard. In Ptolemy, classes are typically Java .class files. Entities like actors may instead be defined within a .xml file.  In any case, the class was not found. If the class uses a third party package, then the class would be present only if the third party package was found at compile time.  It may be necessary to upgrade Java or install the third party package, reconfigure and recompile.
Because:
Element <entity name="MicaLeds" class="ptolemy.domains.ptinyos.lib.MicaLeds"> caused an exception to be thrown.
  in .MicaBoard
Because:
Cannot find class: ptolemy.domains.ptinyos.lib.MicaLeds. In Ptolemy, classes are typically Java .class files. Entities like actors may instead be defined within a .xml file.  In any case, the class was not found. If the class uses a third party package, then the class would be present only if the third party package was found at compile time.  It may be necessary to upgrade Java or install the third party package, reconfigure and recompile.
Because:
-- /home/travis/build/icyphy/ptII/ptolemy/actor/ptalon/demo/ptinyos/SenseToLeds/ptolemy/domains/ptinyos/lib/MicaLeds.xml (No such file or directory)
-- XML file not found relative to classpath.
-- /home/travis/build/icyphy/ptII/ptolemy/vergil/basic/export/test/ptolemy/domains/ptinyos/lib/MicaLeds.xml
/home/travis/build/icyphy/ptII/ptolemy/vergil/basic/export/test/ptolemy/domains/ptinyos/lib/MicaLeds.xml (No such file or directory)
 in file:/home/travis/build/icyphy/ptII/ptolemy/actor/ptalon/demo/ptinyos/SenseToLeds/MicaBoard.xml at line 134 and column 63
	at ptolemy.moml.SimpleErrorHandler.handleError(SimpleErrorHandler.java:75)
	at ptolemy.moml.MoMLParser.startElement(MoMLParser.java:3805)
	at com.microstar.xml.XmlParser.parseElement(XmlParser.java:931)
	at com.microstar.xml.XmlParser.parseDocument(XmlParser.java:481)
	at com.microstar.xml.XmlParser.doParse(XmlParser.java:159)
	at com.microstar.xml.XmlParser.parse(XmlParser.java:132)
	at ptolemy.moml.MoMLParser.parse(MoMLParser.java:1660)
	at ptolemy.moml.MoMLParser.parse(MoMLParser.java:1617)
	at ptolemy.moml.MoMLParser.parse(MoMLParser.java:1792)
	at ptolemy.actor.ptalon.PtalonEvaluator.addActor(PtalonEvaluator.java:241)
	... 56 more
Caused by: ptolemy.kernel.util.IllegalActionException: Cannot find class: ptolemy.actor.ptalon.demo.ptinyos.SenseToLeds.MicaBoard. In Ptolemy, classes are typically Java .class files. Entities like actors may instead be defined within a .xml file.  In any case, the class was not found. If the class uses a third party package, then the class would be present only if the third party package was found at compile time.  It may be necessary to upgrade Java or install the third party package, reconfigure and recompile.
Because:
Element <entity name="MicaLeds" class="ptolemy.domains.ptinyos.lib.MicaLeds"> caused an exception to be thrown.
  in .MicaBoard
Because:
Cannot find class: ptolemy.domains.ptinyos.lib.MicaLeds. In Ptolemy, classes are typically Java .class files. Entities like actors may instead be defined within a .xml file.  In any case, the class was not found. If the class uses a third party package, then the class would be present only if the third party package was found at compile time.  It may be necessary to upgrade Java or install the third party package, reconfigure and recompile.
Because:
-- /home/travis/build/icyphy/ptII/ptolemy/actor/ptalon/demo/ptinyos/SenseToLeds/ptolemy/domains/ptinyos/lib/MicaLeds.xml (No such file or directory)
-- XML file not found relative to classpath.
-- /home/travis/build/icyphy/ptII/ptolemy/vergil/basic/export/test/ptolemy/domains/ptinyos/lib/MicaLeds.xml
/home/travis/build/icyphy/ptII/ptolemy/vergil/basic/export/test/ptolemy/domains/ptinyos/lib/MicaLeds.xml (No such file or directory)
 in file:/home/travis/build/icyphy/ptII/ptolemy/actor/ptalon/demo/ptinyos/SenseToLeds/MicaBoard.xml at line 134 and column 63
	at ptolemy.moml.MoMLParser._createEntity(MoMLParser.java:4330)
	at ptolemy.moml.MoMLParser.startElement(MoMLParser.java:2864)
	... 64 more
Caused by: ptolemy.kernel.util.InternalErrorException: Element <entity name="MicaLeds" class="ptolemy.domains.ptinyos.lib.MicaLeds"> caused an exception to be thrown.
  in .MicaBoard
Because:
Cannot find class: ptolemy.domains.ptinyos.lib.MicaLeds. In Ptolemy, classes are typically Java .class files. Entities like actors may instead be defined within a .xml file.  In any case, the class was not found. If the class uses a third party package, then the class would be present only if the third party package was found at compile time.  It may be necessary to upgrade Java or install the third party package, reconfigure and recompile.
Because:
-- /home/travis/build/icyphy/ptII/ptolemy/actor/ptalon/demo/ptinyos/SenseToLeds/ptolemy/domains/ptinyos/lib/MicaLeds.xml (No such file or directory)
-- XML file not found relative to classpath.
-- /home/travis/build/icyphy/ptII/ptolemy/vergil/basic/export/test/ptolemy/domains/ptinyos/lib/MicaLeds.xml
/home/travis/build/icyphy/ptII/ptolemy/vergil/basic/export/test/ptolemy/domains/ptinyos/lib/MicaLeds.xml (No such file or directory)
 in file:/home/travis/build/icyphy/ptII/ptolemy/actor/ptalon/demo/ptinyos/SenseToLeds/MicaBoard.xml at line 134 and column 63
	at ptolemy.moml.SimpleErrorHandler.handleError(SimpleErrorHandler.java:75)
	at ptolemy.moml.MoMLParser.startElement(MoMLParser.java:3805)
	at com.microstar.xml.XmlParser.parseElement(XmlParser.java:921)
	at com.microstar.xml.XmlParser.parseContent(XmlParser.java:1104)
	at com.microstar.xml.XmlParser.parseElement(XmlParser.java:924)
	at com.microstar.xml.XmlParser.parseDocument(XmlParser.java:481)
	at com.microstar.xml.XmlParser.doParse(XmlParser.java:159)
	at com.microstar.xml.XmlParser.parse(XmlParser.java:132)
	at ptolemy.moml.MoMLParser.parse(MoMLParser.java:1676)
	at ptolemy.moml.MoMLParser.parse(MoMLParser.java:1595)
	at ptolemy.moml.MoMLParser.parse(MoMLParser.java:1537)
	at ptolemy.moml.MoMLParser._findOrParse(MoMLParser.java:5286)
	at ptolemy.moml.MoMLParser._attemptToFindMoMLClass(MoMLParser.java:4075)
	at ptolemy.moml.MoMLParser._createEntity(MoMLParser.java:4323)
	... 65 more
Caused by: ptolemy.kernel.util.IllegalActionException: Cannot find class: ptolemy.domains.ptinyos.lib.MicaLeds. In Ptolemy, classes are typically Java .class files. Entities like actors may instead be defined within a .xml file.  In any case, the class was not found. If the class uses a third party package, then the class would be present only if the third party package was found at compile time.  It may be necessary to upgrade Java or install the third party package, reconfigure and recompile.
Because:
-- /home/travis/build/icyphy/ptII/ptolemy/actor/ptalon/demo/ptinyos/SenseToLeds/ptolemy/domains/ptinyos/lib/MicaLeds.xml (No such file or directory)
-- XML file not found relative to classpath.
-- /home/travis/build/icyphy/ptII/ptolemy/vergil/basic/export/test/ptolemy/domains/ptinyos/lib/MicaLeds.xml
/home/travis/build/icyphy/ptII/ptolemy/vergil/basic/export/test/ptolemy/domains/ptinyos/lib/MicaLeds.xml (No such file or directory)
 in file:/home/travis/build/icyphy/ptII/ptolemy/actor/ptalon/demo/ptinyos/SenseToLeds/MicaBoard.xml at line 134 and column 63
	at ptolemy.moml.MoMLParser._createEntity(MoMLParser.java:4330)
	at ptolemy.moml.MoMLParser.startElement(MoMLParser.java:2864)
	... 77 more
Caused by: com.microstar.xml.XmlException: -- /home/travis/build/icyphy/ptII/ptolemy/actor/ptalon/demo/ptinyos/SenseToLeds/ptolemy/domains/ptinyos/lib/MicaLeds.xml (No such file or directory)
-- XML file not found relative to classpath.
-- /home/travis/build/icyphy/ptII/ptolemy/vergil/basic/export/test/ptolemy/domains/ptinyos/lib/MicaLeds.xml
/home/travis/build/icyphy/ptII/ptolemy/vergil/basic/export/test/ptolemy/domains/ptinyos/lib/MicaLeds.xml (No such file or directory)
 in file:/home/travis/build/icyphy/ptII/ptolemy/actor/ptalon/demo/ptinyos/SenseToLeds/MicaBoard.xml at line 134 and column 63
	at ptolemy.moml.MoMLParser.fileNameToURL(MoMLParser.java:1414)
	at ptolemy.moml.MoMLParser._findOrParse(MoMLParser.java:5283)
	at ptolemy.moml.MoMLParser._attemptToFindMoMLClass(MoMLParser.java:4075)
	at ptolemy.moml.MoMLParser._createEntity(MoMLParser.java:4323)
	... 78 more
Failed to read file:/home/travis/build/icyphy/ptII/ptolemy/actor/ptalon/demo/ptinyos/SenseToLeds/SenseToLeds.xml
ptolemy.kernel.util.IllegalActionException: Failed to process attribute change to PtalonParameter, whose value is "ptolemy.actor.ptalon.PtalonExpressionParameter {.SenseToLeds.SenseToLeds.n} 2".
  in .SenseToLeds.SenseToLeds
Because:
Unable to add actor null
	at ptolemy.actor.ptalon.PtalonActor.attributeChanged(PtalonActor.java:211)
	at ptolemy.actor.ptalon.PtalonMLHandler.startElement(PtalonMLHandler.java:134)
	at com.microstar.xml.XmlParser.parseElement(XmlParser.java:921)
	at com.microstar.xml.XmlParser.parseContent(XmlParser.java:1104)
	at com.microstar.xml.XmlParser.parseElement(XmlParser.java:924)
	at com.microstar.xml.XmlParser.parseDocument(XmlParser.java:481)
	at com.microstar.xml.XmlParser.doParse(XmlParser.java:159)
	at com.microstar.xml.XmlParser.parse(XmlParser.java:132)
	at ptolemy.actor.ptalon.PtalonActor.configure(PtalonActor.java:240)
	at ptolemy.moml.MoMLParser.endElement(MoMLParser.java:996)
	at com.microstar.xml.XmlParser.parseETag(XmlParser.java:1026)
	at com.microstar.xml.XmlParser.parseContent(XmlParser.java:1098)
	at com.microstar.xml.XmlParser.parseElement(XmlParser.java:924)
	at com.microstar.xml.XmlParser.parseContent(XmlParser.java:1104)
	at com.microstar.xml.XmlParser.parseElement(XmlParser.java:924)
	at com.microstar.xml.XmlParser.parseContent(XmlParser.java:1104)
	at com.microstar.xml.XmlParser.parseElement(XmlParser.java:924)
	at com.microstar.xml.XmlParser.parseDocument(XmlParser.java:481)
	at com.microstar.xml.XmlParser.doParse(XmlParser.java:159)
	at com.microstar.xml.XmlParser.parse(XmlParser.java:132)
	at ptolemy.moml.MoMLParser.parse(MoMLParser.java:1676)
	at ptolemy.moml.MoMLParser.parse(MoMLParser.java:1595)
	at ptolemy.moml.MoMLParser.parse(MoMLParser.java:1537)
	at ptolemy.actor.gui.PtolemyEffigy$Factory.createEffigy(PtolemyEffigy.java:424)
	at ptolemy.actor.gui.EffigyFactory.createEffigy(EffigyFactory.java:234)
	at ptolemy.actor.gui.Configuration.openModel(Configuration.java:1125)
	at ptolemy.actor.gui.Configuration.openModel(Configuration.java:1051)
	at ptolemy.actor.gui.ConfigurationApplication._openModel(ConfigurationApplication.java:1252)
	at ptolemy.actor.gui.ConfigurationApplication._parseArg(ConfigurationApplication.java:1399)
	at ptolemy.actor.gui.ConfigurationApplication._parseArgs(ConfigurationApplication.java:1478)
	at ptolemy.actor.gui.ConfigurationApplication.<init>(ConfigurationApplication.java:277)
	at ptolemy.actor.gui.ConfigurationApplication.<init>(ConfigurationApplication.java:214)
	at ptolemy.actor.gui.ConfigurationApplication.<init>(ConfigurationApplication.java:201)
	at ptolemy.actor.gui.ConfigurationApplication.openModelOrEntity(ConfigurationApplication.java:680)
	at ptolemy.vergil.basic.export.ExportModel$1.run(ExportModel.java:220)
	at java.awt.event.InvocationEvent.dispatch(InvocationEvent.java:301)
	at java.awt.EventQueue.dispatchEventImpl(EventQueue.java:756)
	at java.awt.EventQueue.access$500(EventQueue.java:97)
	at java.awt.EventQueue$3.run(EventQueue.java:709)
	at java.awt.EventQueue$3.run(EventQueue.java:703)
	at java.security.AccessController.doPrivileged(Native Method)
	at java.security.ProtectionDomain$JavaSecurityAccessImpl.doIntersectionPrivilege(ProtectionDomain.java:80)
	at java.awt.EventQueue.dispatchEvent(EventQueue.java:726)
	at java.awt.EventDispatchThread.pumpOneEventForFilters(EventDispatchThread.java:201)
	at java.awt.EventDispatchThread.pumpEventsForFilter(EventDispatchThread.java:116)
	at java.awt.EventDispatchThread.pumpEventsForHierarchy(EventDispatchThread.java:105)
	at java.awt.EventDispatchThread.pumpEvents(EventDispatchThread.java:101)
	at java.awt.EventDispatchThread.pumpEvents(EventDispatchThread.java:93)
	at java.awt.EventDispatchThread.run(EventDispatchThread.java:82)
Caused by: ptolemy.actor.ptalon.PtalonRuntimeException: Unable to add actor null
	at ptolemy.actor.ptalon.PtalonEvaluator.addActor(PtalonEvaluator.java:300)
	at ptolemy.actor.ptalon.PtalonPopulator.actor_declaration(PtalonPopulator.java:1574)
	at ptolemy.actor.ptalon.PtalonPopulator.atomic_statement(PtalonPopulator.java:1638)
	at ptolemy.actor.ptalon.PtalonPopulator.iterative_statement_evaluator(PtalonPopulator.java:2484)
	at ptolemy.actor.ptalon.AbstractPtalonEvaluator$IfTree.evaluateForScope(AbstractPtalonEvaluator.java:1307)
	at ptolemy.actor.ptalon.AbstractPtalonEvaluator.evaluateForScope(AbstractPtalonEvaluator.java:744)
	at ptolemy.actor.ptalon.PtalonPopulator.iterative_statement(PtalonPopulator.java:2363)
	at ptolemy.actor.ptalon.PtalonPopulator.actor_definition(PtalonPopulator.java:2809)
	at ptolemy.actor.ptalon.PtalonActor.attributeChanged(PtalonActor.java:206)
	... 48 more
Caused by: ptolemy.kernel.util.InternalErrorException: Element <entity name="node1" class="ptolemy.actor.ptalon.demo.ptinyos.SenseToLeds.MicaBoard"> caused an exception to be thrown.
  in .SenseToLeds.SenseToLeds
Because:
Cannot find class: ptolemy.actor.ptalon.demo.ptinyos.SenseToLeds.MicaBoard. In Ptolemy, classes are typically Java .class files. Entities like actors may instead be defined within a .xml file.  In any case, the class was not found. If the class uses a third party package, then the class would be present only if the third party package was found at compile time.  It may be necessary to upgrade Java or install the third party package, reconfigure and recompile.
Because:
Element <entity name="MicaLeds" class="ptolemy.domains.ptinyos.lib.MicaLeds"> caused an exception to be thrown.
  in .MicaBoard
Because:
Cannot find class: ptolemy.domains.ptinyos.lib.MicaLeds. In Ptolemy, classes are typically Java .class files. Entities like actors may instead be defined within a .xml file.  In any case, the class was not found. If the class uses a third party package, then the class would be present only if the third party package was found at compile time.  It may be necessary to upgrade Java or install the third party package, reconfigure and recompile.
Because:
-- /home/travis/build/icyphy/ptII/ptolemy/actor/ptalon/demo/ptinyos/SenseToLeds/ptolemy/domains/ptinyos/lib/MicaLeds.xml (No such file or directory)
-- XML file not found relative to classpath.
-- /home/travis/build/icyphy/ptII/ptolemy/vergil/basic/export/test/ptolemy/domains/ptinyos/lib/MicaLeds.xml
/home/travis/build/icyphy/ptII/ptolemy/vergil/basic/export/test/ptolemy/domains/ptinyos/lib/MicaLeds.xml (No such file or directory)
 in file:/home/travis/build/icyphy/ptII/ptolemy/actor/ptalon/demo/ptinyos/SenseToLeds/MicaBoard.xml at line 134 and column 63
	at ptolemy.moml.SimpleErrorHandler.handleError(SimpleErrorHandler.java:75)
	at ptolemy.moml.MoMLParser.startElement(MoMLParser.java:3805)
	at com.microstar.xml.XmlParser.parseElement(XmlParser.java:931)
	at com.microstar.xml.XmlParser.parseDocument(XmlParser.java:481)
	at com.microstar.xml.XmlParser.doParse(XmlParser.java:159)
	at com.microstar.xml.XmlParser.parse(XmlParser.java:132)
	at ptolemy.moml.MoMLParser.parse(MoMLParser.java:1660)
	at ptolemy.moml.MoMLParser.parse(MoMLParser.java:1617)
	at ptolemy.moml.MoMLParser.parse(MoMLParser.java:1792)
	at ptolemy.actor.ptalon.PtalonEvaluator.addActor(PtalonEvaluator.java:241)
	... 56 more
Caused by: ptolemy.kernel.util.IllegalActionException: Cannot find class: ptolemy.actor.ptalon.demo.ptinyos.SenseToLeds.MicaBoard. In Ptolemy, classes are typically Java .class files. Entities like actors may instead be defined within a .xml file.  In any case, the class was not found. If the class uses a third party package, then the class would be present only if the third party package was found at compile time.  It may be necessary to upgrade Java or install the third party package, reconfigure and recompile.
Because:
Element <entity name="MicaLeds" class="ptolemy.domains.ptinyos.lib.MicaLeds"> caused an exception to be thrown.
  in .MicaBoard
Because:
Cannot find class: ptolemy.domains.ptinyos.lib.MicaLeds. In Ptolemy, classes are typically Java .class files. Entities like actors may instead be defined within a .xml file.  In any case, the class was not found. If the class uses a third party package, then the class would be present only if the third party package was found at compile time.  It may be necessary to upgrade Java or install the third party package, reconfigure and recompile.
Because:
-- /home/travis/build/icyphy/ptII/ptolemy/actor/ptalon/demo/ptinyos/SenseToLeds/ptolemy/domains/ptinyos/lib/MicaLeds.xml (No such file or directory)
-- XML file not found relative to classpath.
-- /home/travis/build/icyphy/ptII/ptolemy/vergil/basic/export/test/ptolemy/domains/ptinyos/lib/MicaLeds.xml
/home/travis/build/icyphy/ptII/ptolemy/vergil/basic/export/test/ptolemy/domains/ptinyos/lib/MicaLeds.xml (No such file or directory)
 in file:/home/travis/build/icyphy/ptII/ptolemy/actor/ptalon/demo/ptinyos/SenseToLeds/MicaBoard.xml at line 134 and column 63
	at ptolemy.moml.MoMLParser._createEntity(MoMLParser.java:4330)
	at ptolemy.moml.MoMLParser.startElement(MoMLParser.java:2864)
	... 64 more
Caused by: ptolemy.kernel.util.InternalErrorException: Element <entity name="MicaLeds" class="ptolemy.domains.ptinyos.lib.MicaLeds"> caused an exception to be thrown.
  in .MicaBoard
Because:
Cannot find class: ptolemy.domains.ptinyos.lib.MicaLeds. In Ptolemy, classes are typically Java .class files. Entities like actors may instead be defined within a .xml file.  In any case, the class was not found. If the class uses a third party package, then the class would be present only if the third party package was found at compile time.  It may be necessary to upgrade Java or install the third party package, reconfigure and recompile.
Because:
-- /home/travis/build/icyphy/ptII/ptolemy/actor/ptalon/demo/ptinyos/SenseToLeds/ptolemy/domains/ptinyos/lib/MicaLeds.xml (No such file or directory)
-- XML file not found relative to classpath.
-- /home/travis/build/icyphy/ptII/ptolemy/vergil/basic/export/test/ptolemy/domains/ptinyos/lib/MicaLeds.xml
/home/travis/build/icyphy/ptII/ptolemy/vergil/basic/export/test/ptolemy/domains/ptinyos/lib/MicaLeds.xml (No such file or directory)
 in file:/home/travis/build/icyphy/ptII/ptolemy/actor/ptalon/demo/ptinyos/SenseToLeds/MicaBoard.xml at line 134 and column 63
	at ptolemy.moml.SimpleErrorHandler.handleError(SimpleErrorHandler.java:75)
	at ptolemy.moml.MoMLParser.startElement(MoMLParser.java:3805)
	at com.microstar.xml.XmlParser.parseElement(XmlParser.java:921)
	at com.microstar.xml.XmlParser.parseContent(XmlParser.java:1104)
	at com.microstar.xml.XmlParser.parseElement(XmlParser.java:924)
	at com.microstar.xml.XmlParser.parseDocument(XmlParser.java:481)
	at com.microstar.xml.XmlParser.doParse(XmlParser.java:159)
	at com.microstar.xml.XmlParser.parse(XmlParser.java:132)
	at ptolemy.moml.MoMLParser.parse(MoMLParser.java:1676)
	at ptolemy.moml.MoMLParser.parse(MoMLParser.java:1595)
	at ptolemy.moml.MoMLParser.parse(MoMLParser.java:1537)
	at ptolemy.moml.MoMLParser._findOrParse(MoMLParser.java:5286)
	at ptolemy.moml.MoMLParser._attemptToFindMoMLClass(MoMLParser.java:4075)
	at ptolemy.moml.MoMLParser._createEntity(MoMLParser.java:4323)
	... 65 more
Caused by: ptolemy.kernel.util.IllegalActionException: Cannot find class: ptolemy.domains.ptinyos.lib.MicaLeds. In Ptolemy, classes are typically Java .class files. Entities like actors may instead be defined within a .xml file.  In any case, the class was not found. If the class uses a third party package, then the class would be present only if the third party package was found at compile time.  It may be necessary to upgrade Java or install the third party package, reconfigure and recompile.
Because:
-- /home/travis/build/icyphy/ptII/ptolemy/actor/ptalon/demo/ptinyos/SenseToLeds/ptolemy/domains/ptinyos/lib/MicaLeds.xml (No such file or directory)
-- XML file not found relative to classpath.
-- /home/travis/build/icyphy/ptII/ptolemy/vergil/basic/export/test/ptolemy/domains/ptinyos/lib/MicaLeds.xml
/home/travis/build/icyphy/ptII/ptolemy/vergil/basic/export/test/ptolemy/domains/ptinyos/lib/MicaLeds.xml (No such file or directory)
 in file:/home/travis/build/icyphy/ptII/ptolemy/actor/ptalon/demo/ptinyos/SenseToLeds/MicaBoard.xml at line 134 and column 63
	at ptolemy.moml.MoMLParser._createEntity(MoMLParser.java:4330)
	at ptolemy.moml.MoMLParser.startElement(MoMLParser.java:2864)
	... 77 more
Caused by: com.microstar.xml.XmlException: -- /home/travis/build/icyphy/ptII/ptolemy/actor/ptalon/demo/ptinyos/SenseToLeds/ptolemy/domains/ptinyos/lib/MicaLeds.xml (No such file or directory)
-- XML file not found relative to classpath.
-- /home/travis/build/icyphy/ptII/ptolemy/vergil/basic/export/test/ptolemy/domains/ptinyos/lib/MicaLeds.xml
/home/travis/build/icyphy/ptII/ptolemy/vergil/basic/export/test/ptolemy/domains/ptinyos/lib/MicaLeds.xml (No such file or directory)
 in file:/home/travis/build/icyphy/ptII/ptolemy/actor/ptalon/demo/ptinyos/SenseToLeds/MicaBoard.xml at line 134 and column 63
	at ptolemy.moml.MoMLParser.fileNameToURL(MoMLParser.java:1414)
	at ptolemy.moml.MoMLParser._findOrParse(MoMLParser.java:5283)
	at ptolemy.moml.MoMLParser._attemptToFindMoMLClass(MoMLParser.java:4075)
	at ptolemy.moml.MoMLParser._createEntity(MoMLParser.java:4323)
	... 78 more
Caused by: ptolemy.actor.ptalon.PtalonRuntimeException: Unable to add actor null
	at ptolemy.actor.ptalon.PtalonEvaluator.addActor(PtalonEvaluator.java:300)
	at ptolemy.actor.ptalon.PtalonPopulator.actor_declaration(PtalonPopulator.java:1574)
	at ptolemy.actor.ptalon.PtalonPopulator.atomic_statement(PtalonPopulator.java:1638)
	at ptolemy.actor.ptalon.PtalonPopulator.iterative_statement_evaluator(PtalonPopulator.java:2484)
	at ptolemy.actor.ptalon.AbstractPtalonEvaluator$IfTree.evaluateForScope(AbstractPtalonEvaluator.java:1307)
	at ptolemy.actor.ptalon.AbstractPtalonEvaluator.evaluateForScope(AbstractPtalonEvaluator.java:744)
	at ptolemy.actor.ptalon.PtalonPopulator.iterative_statement(PtalonPopulator.java:2363)
	at ptolemy.actor.ptalon.PtalonPopulator.actor_definition(PtalonPopulator.java:2809)
	at ptolemy.actor.ptalon.PtalonActor.attributeChanged(PtalonActor.java:206)
	at ptolemy.actor.ptalon.PtalonMLHandler.startElement(PtalonMLHandler.java:134)
	at com.microstar.xml.XmlParser.parseElement(XmlParser.java:921)
	at com.microstar.xml.XmlParser.parseContent(XmlParser.java:1104)
	at com.microstar.xml.XmlParser.parseElement(XmlParser.java:924)
	at com.microstar.xml.XmlParser.parseDocument(XmlParser.java:481)
	at com.microstar.xml.XmlParser.doParse(XmlParser.java:159)
	at com.microstar.xml.XmlParser.parse(XmlParser.java:132)
	at ptolemy.actor.ptalon.PtalonActor.configure(PtalonActor.java:240)
	at ptolemy.moml.MoMLParser.endElement(MoMLParser.java:996)
	at com.microstar.xml.XmlParser.parseETag(XmlParser.java:1026)
	at com.microstar.xml.XmlParser.parseContent(XmlParser.java:1098)
	at com.microstar.xml.XmlParser.parseElement(XmlParser.java:924)
	at com.microstar.xml.XmlParser.parseContent(XmlParser.java:1104)
	at com.microstar.xml.XmlParser.parseElement(XmlParser.java:924)
	at com.microstar.xml.XmlParser.parseContent(XmlParser.java:1104)
	at com.microstar.xml.XmlParser.parseElement(XmlParser.java:924)
	at com.microstar.xml.XmlParser.parseDocument(XmlParser.java:481)
	at com.microstar.xml.XmlParser.doParse(XmlParser.java:159)
	at com.microstar.xml.XmlParser.parse(XmlParser.java:132)
	at ptolemy.moml.MoMLParser.parse(MoMLParser.java:1676)
	at ptolemy.moml.MoMLParser.parse(MoMLParser.java:1595)
	at ptolemy.moml.MoMLParser.parse(MoMLParser.java:1537)
	at ptolemy.actor.gui.PtolemyEffigy$Factory.createEffigy(PtolemyEffigy.java:424)
	at ptolemy.actor.gui.EffigyFactory.createEffigy(EffigyFactory.java:234)
	at ptolemy.actor.gui.Configuration.openModel(Configuration.java:1125)
	at ptolemy.actor.gui.Configuration.openModel(Configuration.java:1051)
	at ptolemy.actor.gui.ConfigurationApplication._openModel(ConfigurationApplication.java:1252)
	at ptolemy.actor.gui.ConfigurationApplication._parseArg(ConfigurationApplication.java:1399)
	at ptolemy.actor.gui.ConfigurationApplication._parseArgs(ConfigurationApplication.java:1478)
	at ptolemy.actor.gui.ConfigurationApplication.<init>(ConfigurationApplication.java:277)
	at ptolemy.actor.gui.ConfigurationApplication.<init>(ConfigurationApplication.java:214)
	at ptolemy.actor.gui.ConfigurationApplication.<init>(ConfigurationApplication.java:201)
	at ptolemy.actor.gui.ConfigurationApplication.openModelOrEntity(ConfigurationApplication.java:680)
	at ptolemy.vergil.basic.export.ExportModel$1.run(ExportModel.java:220)
	at java.awt.event.InvocationEvent.dispatch(InvocationEvent.java:301)
	at java.awt.EventQueue.dispatchEventImpl(EventQueue.java:756)
	at java.awt.EventQueue.access$500(EventQueue.java:97)
	at java.awt.EventQueue$3.run(EventQueue.java:709)
	at java.awt.EventQueue$3.run(EventQueue.java:703)
	at java.security.AccessController.doPrivileged(Native Method)
	at java.security.ProtectionDomain$JavaSecurityAccessImpl.doIntersectionPrivilege(ProtectionDomain.java:80)
	at java.awt.EventQueue.dispatchEvent(EventQueue.java:726)
	at java.awt.EventDispatchThread.pumpOneEventForFilters(EventDispatchThread.java:201)
	at java.awt.EventDispatchThread.pumpEventsForFilter(EventDispatchThread.java:116)
	at java.awt.EventDispatchThread.pumpEventsForHierarchy(EventDispatchThread.java:105)
	at java.awt.EventDispatchThread.pumpEvents(EventDispatchThread.java:101)
	at java.awt.EventDispatchThread.pumpEvents(EventDispatchThread.java:93)
	at java.awt.EventDispatchThread.run(EventDispatchThread.java:82)
Caused by: ptolemy.kernel.util.InternalErrorException: Element <entity name="node1" class="ptolemy.actor.ptalon.demo.ptinyos.SenseToLeds.MicaBoard"> caused an exception to be thrown.
  in .SenseToLeds.SenseToLeds
Because:
Cannot find class: ptolemy.actor.ptalon.demo.ptinyos.SenseToLeds.MicaBoard. In Ptolemy, classes are typically Java .class files. Entities like actors may instead be defined within a .xml file.  In any case, the class was not found. If the class uses a third party package, then the class would be present only if the third party package was found at compile time.  It may be necessary to upgrade Java or install the third party package, reconfigure and recompile.
Because:
Element <entity name="MicaLeds" class="ptolemy.domains.ptinyos.lib.MicaLeds"> caused an exception to be thrown.
  in .MicaBoard
Because:
Cannot find class: ptolemy.domains.ptinyos.lib.MicaLeds. In Ptolemy, classes are typically Java .class files. Entities like actors may instead be defined within a .xml file.  In any case, the class was not found. If the class uses a third party package, then the class would be present only if the third party package was found at compile time.  It may be necessary to upgrade Java or install the third party package, reconfigure and recompile.
Because:
-- /home/travis/build/icyphy/ptII/ptolemy/actor/ptalon/demo/ptinyos/SenseToLeds/ptolemy/domains/ptinyos/lib/MicaLeds.xml (No such file or directory)
-- XML file not found relative to classpath.
-- /home/travis/build/icyphy/ptII/ptolemy/vergil/basic/export/test/ptolemy/domains/ptinyos/lib/MicaLeds.xml
/home/travis/build/icyphy/ptII/ptolemy/vergil/basic/export/test/ptolemy/domains/ptinyos/lib/MicaLeds.xml (No such file or directory)
 in file:/home/travis/build/icyphy/ptII/ptolemy/actor/ptalon/demo/ptinyos/SenseToLeds/MicaBoard.xml at line 134 and column 63
	at ptolemy.moml.SimpleErrorHandler.handleError(SimpleErrorHandler.java:75)
	at ptolemy.moml.MoMLParser.startElement(MoMLParser.java:3805)
	at com.microstar.xml.XmlParser.parseElement(XmlParser.java:931)
	at com.microstar.xml.XmlParser.parseDocument(XmlParser.java:481)
	at com.microstar.xml.XmlParser.doParse(XmlParser.java:159)
	at com.microstar.xml.XmlParser.parse(XmlParser.java:132)
	at ptolemy.moml.MoMLParser.parse(MoMLParser.java:1660)
	at ptolemy.moml.MoMLParser.parse(MoMLParser.java:1617)
	at ptolemy.moml.MoMLParser.parse(MoMLParser.java:1792)
	at ptolemy.actor.ptalon.PtalonEvaluator.addActor(PtalonEvaluator.java:241)
	... 56 more
Caused by: ptolemy.kernel.util.IllegalActionException: Cannot find class: ptolemy.actor.ptalon.demo.ptinyos.SenseToLeds.MicaBoard. In Ptolemy, classes are typically Java .class files. Entities like actors may instead be defined within a .xml file.  In any case, the class was not found. If the class uses a third party package, then the class would be present only if the third party package was found at compile time.  It may be necessary to upgrade Java or install the third party package, reconfigure and recompile.
Because:
Element <entity name="MicaLeds" class="ptolemy.domains.ptinyos.lib.MicaLeds"> caused an exception to be thrown.
  in .MicaBoard
Because:
Cannot find class: ptolemy.domains.ptinyos.lib.MicaLeds. In Ptolemy, classes are typically Java .class files. Entities like actors may instead be defined within a .xml file.  In any case, the class was not found. If the class uses a third party package, then the class would be present only if the third party package was found at compile time.  It may be necessary to upgrade Java or install the third party package, reconfigure and recompile.
Because:
-- /home/travis/build/icyphy/ptII/ptolemy/actor/ptalon/demo/ptinyos/SenseToLeds/ptolemy/domains/ptinyos/lib/MicaLeds.xml (No such file or directory)
-- XML file not found relative to classpath.
-- /home/travis/build/icyphy/ptII/ptolemy/vergil/basic/export/test/ptolemy/domains/ptinyos/lib/MicaLeds.xml
/home/travis/build/icyphy/ptII/ptolemy/vergil/basic/export/test/ptolemy/domains/ptinyos/lib/MicaLeds.xml (No such file or directory)
 in file:/home/travis/build/icyphy/ptII/ptolemy/actor/ptalon/demo/ptinyos/SenseToLeds/MicaBoard.xml at line 134 and column 63
	at ptolemy.moml.MoMLParser._createEntity(MoMLParser.java:4330)
	at ptolemy.moml.MoMLParser.startElement(MoMLParser.java:2864)
	... 64 more
Caused by: ptolemy.kernel.util.InternalErrorException: Element <entity name="MicaLeds" class="ptolemy.domains.ptinyos.lib.MicaLeds"> caused an exception to be thrown.
  in .MicaBoard
Because:
Cannot find class: ptolemy.domains.ptinyos.lib.MicaLeds. In Ptolemy, classes are typically Java .class files. Entities like actors may instead be defined within a .xml file.  In any case, the class was not found. If the class uses a third party package, then the class would be present only if the third party package was found at compile time.  It may be necessary to upgrade Java or install the third party package, reconfigure and recompile.
Because:
-- /home/travis/build/icyphy/ptII/ptolemy/actor/ptalon/demo/ptinyos/SenseToLeds/ptolemy/domains/ptinyos/lib/MicaLeds.xml (No such file or directory)
-- XML file not found relative to classpath.
-- /home/travis/build/icyphy/ptII/ptolemy/vergil/basic/export/test/ptolemy/domains/ptinyos/lib/MicaLeds.xml
/home/travis/build/icyphy/ptII/ptolemy/vergil/basic/export/test/ptolemy/domains/ptinyos/lib/MicaLeds.xml (No such file or directory)
 in file:/home/travis/build/icyphy/ptII/ptolemy/actor/ptalon/demo/ptinyos/SenseToLeds/MicaBoard.xml at line 134 and column 63
	at ptolemy.moml.SimpleErrorHandler.handleError(SimpleErrorHandler.java:75)
	at ptolemy.moml.MoMLParser.startElement(MoMLParser.java:3805)
	at com.microstar.xml.XmlParser.parseElement(XmlParser.java:921)
	at com.microstar.xml.XmlParser.parseContent(XmlParser.java:1104)
	at com.microstar.xml.XmlParser.parseElement(XmlParser.java:924)
	at com.microstar.xml.XmlParser.parseDocument(XmlParser.java:481)
	at com.microstar.xml.XmlParser.doParse(XmlParser.java:159)
	at com.microstar.xml.XmlParser.parse(XmlParser.java:132)
	at ptolemy.moml.MoMLParser.parse(MoMLParser.java:1676)
	at ptolemy.moml.MoMLParser.parse(MoMLParser.java:1595)
	at ptolemy.moml.MoMLParser.parse(MoMLParser.java:1537)
	at ptolemy.moml.MoMLParser._findOrParse(MoMLParser.java:5286)
	at ptolemy.moml.MoMLParser._attemptToFindMoMLClass(MoMLParser.java:4075)
	at ptolemy.moml.MoMLParser._createEntity(MoMLParser.java:4323)
	... 65 more
Caused by: ptolemy.kernel.util.IllegalActionException: Cannot find class: ptolemy.domains.ptinyos.lib.MicaLeds. In Ptolemy, classes are typically Java .class files. Entities like actors may instead be defined within a .xml file.  In any case, the class was not found. If the class uses a third party package, then the class would be present only if the third party package was found at compile time.  It may be necessary to upgrade Java or install the third party package, reconfigure and recompile.
Because:
-- /home/travis/build/icyphy/ptII/ptolemy/actor/ptalon/demo/ptinyos/SenseToLeds/ptolemy/domains/ptinyos/lib/MicaLeds.xml (No such file or directory)
-- XML file not found relative to classpath.
-- /home/travis/build/icyphy/ptII/ptolemy/vergil/basic/export/test/ptolemy/domains/ptinyos/lib/MicaLeds.xml
/home/travis/build/icyphy/ptII/ptolemy/vergil/basic/export/test/ptolemy/domains/ptinyos/lib/MicaLeds.xml (No such file or directory)
 in file:/home/travis/build/icyphy/ptII/ptolemy/actor/ptalon/demo/ptinyos/SenseToLeds/MicaBoard.xml at line 134 and column 63
	at ptolemy.moml.MoMLParser._createEntity(MoMLParser.java:4330)
	at ptolemy.moml.MoMLParser.startElement(MoMLParser.java:2864)
	... 77 more
Caused by: com.microstar.xml.XmlException: -- /home/travis/build/icyphy/ptII/ptolemy/actor/ptalon/demo/ptinyos/SenseToLeds/ptolemy/domains/ptinyos/lib/MicaLeds.xml (No such file or directory)
-- XML file not found relative to classpath.
-- /home/travis/build/icyphy/ptII/ptolemy/vergil/basic/export/test/ptolemy/domains/ptinyos/lib/MicaLeds.xml
/home/travis/build/icyphy/ptII/ptolemy/vergil/basic/export/test/ptolemy/domains/ptinyos/lib/MicaLeds.xml (No such file or directory)
 in file:/home/travis/build/icyphy/ptII/ptolemy/actor/ptalon/demo/ptinyos/SenseToLeds/MicaBoard.xml at line 134 and column 63
	at ptolemy.moml.MoMLParser.fileNameToURL(MoMLParser.java:1414)
	at ptolemy.moml.MoMLParser._findOrParse(MoMLParser.java:5283)
	at ptolemy.moml.MoMLParser._attemptToFindMoMLClass(MoMLParser.java:4075)
	at ptolemy.moml.MoMLParser._createEntity(MoMLParser.java:4323)
	... 78 more
Failed to read file:/home/travis/build/icyphy/ptII/ptolemy/actor/ptalon/demo/ptinyos/SenseToLeds/SenseToLeds.xml
ptolemy.kernel.util.IllegalActionException: Failed to process attribute change to PtalonParameter, whose value is "ptolemy.actor.ptalon.PtalonExpressionParameter {.SenseToLeds.SenseToLeds.n} 2".
  in .SenseToLeds.SenseToLeds
Because:
Unable to add actor null
	at ptolemy.actor.ptalon.PtalonActor.attributeChanged(PtalonActor.java:211)
	at ptolemy.actor.ptalon.PtalonMLHandler.startElement(PtalonMLHandler.java:134)
	at com.microstar.xml.XmlParser.parseElement(XmlParser.java:921)
	at com.microstar.xml.XmlParser.parseContent(XmlParser.java:1104)
	at com.microstar.xml.XmlParser.parseElement(XmlParser.java:924)
	at com.microstar.xml.XmlParser.parseDocument(XmlParser.java:481)
	at com.microstar.xml.XmlParser.doParse(XmlParser.java:159)
	at com.microstar.xml.XmlParser.parse(XmlParser.java:132)
	at ptolemy.actor.ptalon.PtalonActor.configure(PtalonActor.java:240)
	at ptolemy.moml.MoMLParser.endElement(MoMLParser.java:996)
	at com.microstar.xml.XmlParser.parseETag(XmlParser.java:1026)
	at com.microstar.xml.XmlParser.parseContent(XmlParser.java:1098)
	at com.microstar.xml.XmlParser.parseElement(XmlParser.java:924)
	at com.microstar.xml.XmlParser.parseContent(XmlParser.java:1104)
	at com.microstar.xml.XmlParser.parseElement(XmlParser.java:924)
	at com.microstar.xml.XmlParser.parseContent(XmlParser.java:1104)
	at com.microstar.xml.XmlParser.parseElement(XmlParser.java:924)
	at com.microstar.xml.XmlParser.parseDocument(XmlParser.java:481)
	at com.microstar.xml.XmlParser.doParse(XmlParser.java:159)
	at com.microstar.xml.XmlParser.parse(XmlParser.java:132)
	at ptolemy.moml.MoMLParser.parse(MoMLParser.java:1676)
	at ptolemy.moml.MoMLParser.parse(MoMLParser.java:1595)
	at ptolemy.moml.MoMLParser.parse(MoMLParser.java:1537)
	at ptolemy.actor.gui.PtolemyEffigy$Factory.createEffigy(PtolemyEffigy.java:424)
	at ptolemy.actor.gui.EffigyFactory.createEffigy(EffigyFactory.java:234)
	at ptolemy.actor.gui.Configuration.openModel(Configuration.java:1125)
	at ptolemy.actor.gui.Configuration.openModel(Configuration.java:1051)
	at ptolemy.actor.gui.ConfigurationApplication._openModel(ConfigurationApplication.java:1252)
	at ptolemy.actor.gui.ConfigurationApplication._parseArg(ConfigurationApplication.java:1399)
	at ptolemy.actor.gui.ConfigurationApplication._parseArgs(ConfigurationApplication.java:1478)
	at ptolemy.actor.gui.ConfigurationApplication.<init>(ConfigurationApplication.java:277)
	at ptolemy.actor.gui.ConfigurationApplication.<init>(ConfigurationApplication.java:214)
	at ptolemy.actor.gui.ConfigurationApplication.<init>(ConfigurationApplication.java:201)
	at ptolemy.actor.gui.ConfigurationApplication.openModelOrEntity(ConfigurationApplication.java:680)
	at ptolemy.vergil.basic.export.ExportModel$1.run(ExportModel.java:220)
	at java.awt.event.InvocationEvent.dispatch(InvocationEvent.java:301)
	at java.awt.EventQueue.dispatchEventImpl(EventQueue.java:756)
	at java.awt.EventQueue.access$500(EventQueue.java:97)
	at java.awt.EventQueue$3.run(EventQueue.java:709)
	at java.awt.EventQueue$3.run(EventQueue.java:703)
	at java.security.AccessController.doPrivileged(Native Method)
	at java.security.ProtectionDomain$JavaSecurityAccessImpl.doIntersectionPrivilege(ProtectionDomain.java:80)
	at java.awt.EventQueue.dispatchEvent(EventQueue.java:726)
	at java.awt.EventDispatchThread.pumpOneEventForFilters(EventDispatchThread.java:201)
	at java.awt.EventDispatchThread.pumpEventsForFilter(EventDispatchThread.java:116)
	at java.awt.EventDispatchThread.pumpEventsForHierarchy(EventDispatchThread.java:105)
	at java.awt.EventDispatchThread.pumpEvents(EventDispatchThread.java:101)
	at java.awt.EventDispatchThread.pumpEvents(EventDispatchThread.java:93)
	at java.awt.EventDispatchThread.run(EventDispatchThread.java:82)
Caused by: ptolemy.actor.ptalon.PtalonRuntimeException: Unable to add actor null
	at ptolemy.actor.ptalon.PtalonEvaluator.addActor(PtalonEvaluator.java:300)
	at ptolemy.actor.ptalon.PtalonPopulator.actor_declaration(PtalonPopulator.java:1574)
	at ptolemy.actor.ptalon.PtalonPopulator.atomic_statement(PtalonPopulator.java:1638)
	at ptolemy.actor.ptalon.PtalonPopulator.iterative_statement_evaluator(PtalonPopulator.java:2484)
	at ptolemy.actor.ptalon.AbstractPtalonEvaluator$IfTree.evaluateForScope(AbstractPtalonEvaluator.java:1307)
	at ptolemy.actor.ptalon.AbstractPtalonEvaluator.evaluateForScope(AbstractPtalonEvaluator.java:744)
	at ptolemy.actor.ptalon.PtalonPopulator.iterative_statement(PtalonPopulator.java:2363)
	at ptolemy.actor.ptalon.PtalonPopulator.actor_definition(PtalonPopulator.java:2809)
	at ptolemy.actor.ptalon.PtalonActor.attributeChanged(PtalonActor.java:206)
	... 48 more
Caused by: ptolemy.kernel.util.InternalErrorException: Element <entity name="node1" class="ptolemy.actor.ptalon.demo.ptinyos.SenseToLeds.MicaBoard"> caused an exception to be thrown.
  in .SenseToLeds.SenseToLeds
Because:
Cannot find class: ptolemy.actor.ptalon.demo.ptinyos.SenseToLeds.MicaBoard. In Ptolemy, classes are typically Java .class files. Entities like actors may instead be defined within a .xml file.  In any case, the class was not found. If the class uses a third party package, then the class would be present only if the third party package was found at compile time.  It may be necessary to upgrade Java or install the third party package, reconfigure and recompile.
Because:
Element <entity name="MicaLeds" class="ptolemy.domains.ptinyos.lib.MicaLeds"> caused an exception to be thrown.
  in .MicaBoard
Because:
Cannot find class: ptolemy.domains.ptinyos.lib.MicaLeds. In Ptolemy, classes are typically Java .class files. Entities like actors may instead be defined within a .xml file.  In any case, the class was not found. If the class uses a third party package, then the class would be present only if the third party package was found at compile time.  It may be necessary to upgrade Java or install the third party package, reconfigure and recompile.
Because:
-- /home/travis/build/icyphy/ptII/ptolemy/actor/ptalon/demo/ptinyos/SenseToLeds/ptolemy/domains/ptinyos/lib/MicaLeds.xml (No such file or directory)
-- XML file not found relative to classpath.
-- /home/travis/build/icyphy/ptII/ptolemy/vergil/basic/export/test/ptolemy/domains/ptinyos/lib/MicaLeds.xml
/home/travis/build/icyphy/ptII/ptolemy/vergil/basic/export/test/ptolemy/domains/ptinyos/lib/MicaLeds.xml (No such file or directory)
 in file:/home/travis/build/icyphy/ptII/ptolemy/actor/ptalon/demo/ptinyos/SenseToLeds/MicaBoard.xml at line 134 and column 63
	at ptolemy.moml.SimpleErrorHandler.handleError(SimpleErrorHandler.java:75)
	at ptolemy.moml.MoMLParser.startElement(MoMLParser.java:3805)
	at com.microstar.xml.XmlParser.parseElement(XmlParser.java:931)
	at com.microstar.xml.XmlParser.parseDocument(XmlParser.java:481)
	at com.microstar.xml.XmlParser.doParse(XmlParser.java:159)
	at com.microstar.xml.XmlParser.parse(XmlParser.java:132)
	at ptolemy.moml.MoMLParser.parse(MoMLParser.java:1660)
	at ptolemy.moml.MoMLParser.parse(MoMLParser.java:1617)
	at ptolemy.moml.MoMLParser.parse(MoMLParser.java:1792)
	at ptolemy.actor.ptalon.PtalonEvaluator.addActor(PtalonEvaluator.java:241)
	... 56 more
Caused by: ptolemy.kernel.util.IllegalActionException: Cannot find class: ptolemy.actor.ptalon.demo.ptinyos.SenseToLeds.MicaBoard. In Ptolemy, classes are typically Java .class files. Entities like actors may instead be defined within a .xml file.  In any case, the class was not found. If the class uses a third party package, then the class would be present only if the third party package was found at compile time.  It may be necessary to upgrade Java or install the third party package, reconfigure and recompile.
Because:
Element <entity name="MicaLeds" class="ptolemy.domains.ptinyos.lib.MicaLeds"> caused an exception to be thrown.
  in .MicaBoard
Because:
Cannot find class: ptolemy.domains.ptinyos.lib.MicaLeds. In Ptolemy, classes are typically Java .class files. Entities like actors may instead be defined within a .xml file.  In any case, the class was not found. If the class uses a third party package, then the class would be present only if the third party package was found at compile time.  It may be necessary to upgrade Java or install the third party package, reconfigure and recompile.
Because:
-- /home/travis/build/icyphy/ptII/ptolemy/actor/ptalon/demo/ptinyos/SenseToLeds/ptolemy/domains/ptinyos/lib/MicaLeds.xml (No such file or directory)
-- XML file not found relative to classpath.
-- /home/travis/build/icyphy/ptII/ptolemy/vergil/basic/export/test/ptolemy/domains/ptinyos/lib/MicaLeds.xml
/home/travis/build/icyphy/ptII/ptolemy/vergil/basic/export/test/ptolemy/domains/ptinyos/lib/MicaLeds.xml (No such file or directory)
 in file:/home/travis/build/icyphy/ptII/ptolemy/actor/ptalon/demo/ptinyos/SenseToLeds/MicaBoard.xml at line 134 and column 63
	at ptolemy.moml.MoMLParser._createEntity(MoMLParser.java:4330)
	at ptolemy.moml.MoMLParser.startElement(MoMLParser.java:2864)
	... 64 more
Caused by: ptolemy.kernel.util.InternalErrorException: Element <entity name="MicaLeds" class="ptolemy.domains.ptinyos.lib.MicaLeds"> caused an exception to be thrown.
  in .MicaBoard
Because:
Cannot find class: ptolemy.domains.ptinyos.lib.MicaLeds. In Ptolemy, classes are typically Java .class files. Entities like actors may instead be defined within a .xml file.  In any case, the class was not found. If the class uses a third party package, then the class would be present only if the third party package was found at compile time.  It may be necessary to upgrade Java or install the third party package, reconfigure and recompile.
Because:
-- /home/travis/build/icyphy/ptII/ptolemy/actor/ptalon/demo/ptinyos/SenseToLeds/ptolemy/domains/ptinyos/lib/MicaLeds.xml (No such file or directory)
-- XML file not found relative to classpath.
-- /home/travis/build/icyphy/ptII/ptolemy/vergil/basic/export/test/ptolemy/domains/ptinyos/lib/MicaLeds.xml
/home/travis/build/icyphy/ptII/ptolemy/vergil/basic/export/test/ptolemy/domains/ptinyos/lib/MicaLeds.xml (No such file or directory)
 in file:/home/travis/build/icyphy/ptII/ptolemy/actor/ptalon/demo/ptinyos/SenseToLeds/MicaBoard.xml at line 134 and column 63
	at ptolemy.moml.SimpleErrorHandler.handleError(SimpleErrorHandler.java:75)
	at ptolemy.moml.MoMLParser.startElement(MoMLParser.java:3805)
	at com.microstar.xml.XmlParser.parseElement(XmlParser.java:921)
	at com.microstar.xml.XmlParser.parseContent(XmlParser.java:1104)
	at com.microstar.xml.XmlParser.parseElement(XmlParser.java:924)
	at com.microstar.xml.XmlParser.parseDocument(XmlParser.java:481)
	at com.microstar.xml.XmlParser.doParse(XmlParser.java:159)
	at com.microstar.xml.XmlParser.parse(XmlParser.java:132)
	at ptolemy.moml.MoMLParser.parse(MoMLParser.java:1676)
	at ptolemy.moml.MoMLParser.parse(MoMLParser.java:1595)
	at ptolemy.moml.MoMLParser.parse(MoMLParser.java:1537)
	at ptolemy.moml.MoMLParser._findOrParse(MoMLParser.java:5286)
	at ptolemy.moml.MoMLParser._attemptToFindMoMLClass(MoMLParser.java:4075)
	at ptolemy.moml.MoMLParser._createEntity(MoMLParser.java:4323)
	... 65 more
Caused by: ptolemy.kernel.util.IllegalActionException: Cannot find class: ptolemy.domains.ptinyos.lib.MicaLeds. In Ptolemy, classes are typically Java .class files. Entities like actors may instead be defined within a .xml file.  In any case, the class was not found. If the class uses a third party package, then the class would be present only if the third party package was found at compile time.  It may be necessary to upgrade Java or install the third party package, reconfigure and recompile.
Because:
-- /home/travis/build/icyphy/ptII/ptolemy/actor/ptalon/demo/ptinyos/SenseToLeds/ptolemy/domains/ptinyos/lib/MicaLeds.xml (No such file or directory)
-- XML file not found relative to classpath.
-- /home/travis/build/icyphy/ptII/ptolemy/vergil/basic/export/test/ptolemy/domains/ptinyos/lib/MicaLeds.xml
/home/travis/build/icyphy/ptII/ptolemy/vergil/basic/export/test/ptolemy/domains/ptinyos/lib/MicaLeds.xml (No such file or directory)
 in file:/home/travis/build/icyphy/ptII/ptolemy/actor/ptalon/demo/ptinyos/SenseToLeds/MicaBoard.xml at line 134 and column 63
	at ptolemy.moml.MoMLParser._createEntity(MoMLParser.java:4330)
	at ptolemy.moml.MoMLParser.startElement(MoMLParser.java:2864)
	... 77 more
Caused by: com.microstar.xml.XmlException: -- /home/travis/build/icyphy/ptII/ptolemy/actor/ptalon/demo/ptinyos/SenseToLeds/ptolemy/domains/ptinyos/lib/MicaLeds.xml (No such file or directory)
-- XML file not found relative to classpath.
-- /home/travis/build/icyphy/ptII/ptolemy/vergil/basic/export/test/ptolemy/domains/ptinyos/lib/MicaLeds.xml
/home/travis/build/icyphy/ptII/ptolemy/vergil/basic/export/test/ptolemy/domains/ptinyos/lib/MicaLeds.xml (No such file or directory)
 in file:/home/travis/build/icyphy/ptII/ptolemy/actor/ptalon/demo/ptinyos/SenseToLeds/MicaBoard.xml at line 134 and column 63
	at ptolemy.moml.MoMLParser.fileNameToURL(MoMLParser.java:1414)
	at ptolemy.moml.MoMLParser._findOrParse(MoMLParser.java:5283)
	at ptolemy.moml.MoMLParser._attemptToFindMoMLClass(MoMLParser.java:4075)
	at ptolemy.moml.MoMLParser._createEntity(MoMLParser.java:4323)
	... 78 more
Caused by: ptolemy.actor.ptalon.PtalonRuntimeException: Unable to add actor null
	at ptolemy.actor.ptalon.PtalonEvaluator.addActor(PtalonEvaluator.java:300)
	at ptolemy.actor.ptalon.PtalonPopulator.actor_declaration(PtalonPopulator.java:1574)
	at ptolemy.actor.ptalon.PtalonPopulator.atomic_statement(PtalonPopulator.java:1638)
	at ptolemy.actor.ptalon.PtalonPopulator.iterative_statement_evaluator(PtalonPopulator.java:2484)
	at ptolemy.actor.ptalon.AbstractPtalonEvaluator$IfTree.evaluateForScope(AbstractPtalonEvaluator.java:1307)
	at ptolemy.actor.ptalon.AbstractPtalonEvaluator.evaluateForScope(AbstractPtalonEvaluator.java:744)
	at ptolemy.actor.ptalon.PtalonPopulator.iterative_statement(PtalonPopulator.java:2363)
	at ptolemy.actor.ptalon.PtalonPopulator.actor_definition(PtalonPopulator.java:2809)
	at ptolemy.actor.ptalon.PtalonActor.attributeChanged(PtalonActor.java:206)
	at ptolemy.actor.ptalon.PtalonMLHandler.startElement(PtalonMLHandler.java:134)
	at com.microstar.xml.XmlParser.parseElement(XmlParser.java:921)
	at com.microstar.xml.XmlParser.parseContent(XmlParser.java:1104)
	at com.microstar.xml.XmlParser.parseElement(XmlParser.java:924)
	at com.microstar.xml.XmlParser.parseDocument(XmlParser.java:481)
	at com.microstar.xml.XmlParser.doParse(XmlParser.java:159)
	at com.microstar.xml.XmlParser.parse(XmlParser.java:132)
	at ptolemy.actor.ptalon.PtalonActor.configure(PtalonActor.java:240)
	at ptolemy.moml.MoMLParser.endElement(MoMLParser.java:996)
	at com.microstar.xml.XmlParser.parseETag(XmlParser.java:1026)
	at com.microstar.xml.XmlParser.parseContent(XmlParser.java:1098)
	at com.microstar.xml.XmlParser.parseElement(XmlParser.java:924)
	at com.microstar.xml.XmlParser.parseContent(XmlParser.java:1104)
	at com.microstar.xml.XmlParser.parseElement(XmlParser.java:924)
	at com.microstar.xml.XmlParser.parseContent(XmlParser.java:1104)
	at com.microstar.xml.XmlParser.parseElement(XmlParser.java:924)
	at com.microstar.xml.XmlParser.parseDocument(XmlParser.java:481)
	at com.microstar.xml.XmlParser.doParse(XmlParser.java:159)
	at com.microstar.xml.XmlParser.parse(XmlParser.java:132)
	at ptolemy.moml.MoMLParser.parse(MoMLParser.java:1676)
	at ptolemy.moml.MoMLParser.parse(MoMLParser.java:1595)
	at ptolemy.moml.MoMLParser.parse(MoMLParser.java:1537)
	at ptolemy.actor.gui.PtolemyEffigy$Factory.createEffigy(PtolemyEffigy.java:424)
	at ptolemy.actor.gui.EffigyFactory.createEffigy(EffigyFactory.java:234)
	at ptolemy.actor.gui.Configuration.openModel(Configuration.java:1125)
	at ptolemy.actor.gui.Configuration.openModel(Configuration.java:1051)
	at ptolemy.actor.gui.ConfigurationApplication._openModel(ConfigurationApplication.java:1252)
	at ptolemy.actor.gui.ConfigurationApplication._parseArg(ConfigurationApplication.java:1399)
	at ptolemy.actor.gui.ConfigurationApplication._parseArgs(ConfigurationApplication.java:1478)
	at ptolemy.actor.gui.ConfigurationApplication.<init>(ConfigurationApplication.java:277)
	at ptolemy.actor.gui.ConfigurationApplication.<init>(ConfigurationApplication.java:214)
	at ptolemy.actor.gui.ConfigurationApplication.<init>(ConfigurationApplication.java:201)
	at ptolemy.actor.gui.ConfigurationApplication.openModelOrEntity(ConfigurationApplication.java:680)
	at ptolemy.vergil.basic.export.ExportModel$1.run(ExportModel.java:220)
	at java.awt.event.InvocationEvent.dispatch(InvocationEvent.java:301)
	at java.awt.EventQueue.dispatchEventImpl(EventQueue.java:756)
	at java.awt.EventQueue.access$500(EventQueue.java:97)
	at java.awt.EventQueue$3.run(EventQueue.java:709)
	at java.awt.EventQueue$3.run(EventQueue.java:703)
	at java.security.AccessController.doPrivileged(Native Method)
	at java.security.ProtectionDomain$JavaSecurityAccessImpl.doIntersectionPrivilege(ProtectionDomain.java:80)
	at java.awt.EventQueue.dispatchEvent(EventQueue.java:726)
	at java.awt.EventDispatchThread.pumpOneEventForFilters(EventDispatchThread.java:201)
	at java.awt.EventDispatchThread.pumpEventsForFilter(EventDispatchThread.java:116)
	at java.awt.EventDispatchThread.pumpEventsForHierarchy(EventDispatchThread.java:105)
	at java.awt.EventDispatchThread.pumpEvents(EventDispatchThread.java:101)
	at java.awt.EventDispatchThread.pumpEvents(EventDispatchThread.java:93)
	at java.awt.EventDispatchThread.run(EventDispatchThread.java:82)
Caused by: ptolemy.kernel.util.InternalErrorException: Element <entity name="node1" class="ptolemy.actor.ptalon.demo.ptinyos.SenseToLeds.MicaBoard"> caused an exception to be thrown.
  in .SenseToLeds.SenseToLeds
Because:
Cannot find class: ptolemy.actor.ptalon.demo.ptinyos.SenseToLeds.MicaBoard. In Ptolemy, classes are typically Java .class files. Entities like actors may instead be defined within a .xml file.  In any case, the class was not found. If the class uses a third party package, then the class would be present only if the third party package was found at compile time.  It may be necessary to upgrade Java or install the third party package, reconfigure and recompile.
Because:
Element <entity name="MicaLeds" class="ptolemy.domains.ptinyos.lib.MicaLeds"> caused an exception to be thrown.
  in .MicaBoard
Because:
Cannot find class: ptolemy.domains.ptinyos.lib.MicaLeds. In Ptolemy, classes are typically Java .class files. Entities like actors may instead be defined within a .xml file.  In any case, the class was not found. If the class uses a third party package, then the class would be present only if the third party package was found at compile time.  It may be necessary to upgrade Java or install the third party package, reconfigure and recompile.
Because:
-- /home/travis/build/icyphy/ptII/ptolemy/actor/ptalon/demo/ptinyos/SenseToLeds/ptolemy/domains/ptinyos/lib/MicaLeds.xml (No such file or directory)
-- XML file not found relative to classpath.
-- /home/travis/build/icyphy/ptII/ptolemy/vergil/basic/export/test/ptolemy/domains/ptinyos/lib/MicaLeds.xml
/home/travis/build/icyphy/ptII/ptolemy/vergil/basic/export/test/ptolemy/domains/ptinyos/lib/MicaLeds.xml (No such file or directory)
 in file:/home/travis/build/icyphy/ptII/ptolemy/actor/ptalon/demo/ptinyos/SenseToLeds/MicaBoard.xml at line 134 and column 63
	at ptolemy.moml.SimpleErrorHandler.handleError(SimpleErrorHandler.java:75)
	at ptolemy.moml.MoMLParser.startElement(MoMLParser.java:3805)
	at com.microstar.xml.XmlParser.parseElement(XmlParser.java:931)
	at com.microstar.xml.XmlParser.parseDocument(XmlParser.java:481)
	at com.microstar.xml.XmlParser.doParse(XmlParser.java:159)
	at com.microstar.xml.XmlParser.parse(XmlParser.java:132)
	at ptolemy.moml.MoMLParser.parse(MoMLParser.java:1660)
	at ptolemy.moml.MoMLParser.parse(MoMLParser.java:1617)
	at ptolemy.moml.MoMLParser.parse(MoMLParser.java:1792)
	at ptolemy.actor.ptalon.PtalonEvaluator.addActor(PtalonEvaluator.java:241)
	... 56 more
Caused by: ptolemy.kernel.util.IllegalActionException: Cannot find class: ptolemy.actor.ptalon.demo.ptinyos.SenseToLeds.MicaBoard. In Ptolemy, classes are typically Java .class files. Entities like actors may instead be defined within a .xml file.  In any case, the class was not found. If the class uses a third party package, then the class would be present only if the third party package was found at compile time.  It may be necessary to upgrade Java or install the third party package, reconfigure and recompile.
Because:
Element <entity name="MicaLeds" class="ptolemy.domains.ptinyos.lib.MicaLeds"> caused an exception to be thrown.
  in .MicaBoard
Because:
Cannot find class: ptolemy.domains.ptinyos.lib.MicaLeds. In Ptolemy, classes are typically Java .class files. Entities like actors may instead be defined within a .xml file.  In any case, the class was not found. If the class uses a third party package, then the class would be present only if the third party package was found at compile time.  It may be necessary to upgrade Java or install the third party package, reconfigure and recompile.
Because:
-- /home/travis/build/icyphy/ptII/ptolemy/actor/ptalon/demo/ptinyos/SenseToLeds/ptolemy/domains/ptinyos/lib/MicaLeds.xml (No such file or directory)
-- XML file not found relative to classpath.
-- /home/travis/build/icyphy/ptII/ptolemy/vergil/basic/export/test/ptolemy/domains/ptinyos/lib/MicaLeds.xml
/home/travis/build/icyphy/ptII/ptolemy/vergil/basic/export/test/ptolemy/domains/ptinyos/lib/MicaLeds.xml (No such file or directory)
 in file:/home/travis/build/icyphy/ptII/ptolemy/actor/ptalon/demo/ptinyos/SenseToLeds/MicaBoard.xml at line 134 and column 63
	at ptolemy.moml.MoMLParser._createEntity(MoMLParser.java:4330)
	at ptolemy.moml.MoMLParser.startElement(MoMLParser.java:2864)
	... 64 more
Caused by: ptolemy.kernel.util.InternalErrorException: Element <entity name="MicaLeds" class="ptolemy.domains.ptinyos.lib.MicaLeds"> caused an exception to be thrown.
  in .MicaBoard
Because:
Cannot find class: ptolemy.domains.ptinyos.lib.MicaLeds. In Ptolemy, classes are typically Java .class files. Entities like actors may instead be defined within a .xml file.  In any case, the class was not found. If the class uses a third party package, then the class would be present only if the third party package was found at compile time.  It may be necessary to upgrade Java or install the third party package, reconfigure and recompile.
Because:
-- /home/travis/build/icyphy/ptII/ptolemy/actor/ptalon/demo/ptinyos/SenseToLeds/ptolemy/domains/ptinyos/lib/MicaLeds.xml (No such file or directory)
-- XML file not found relative to classpath.
-- /home/travis/build/icyphy/ptII/ptolemy/vergil/basic/export/test/ptolemy/domains/ptinyos/lib/MicaLeds.xml
/home/travis/build/icyphy/ptII/ptolemy/vergil/basic/export/test/ptolemy/domains/ptinyos/lib/MicaLeds.xml (No such file or directory)
 in file:/home/travis/build/icyphy/ptII/ptolemy/actor/ptalon/demo/ptinyos/SenseToLeds/MicaBoard.xml at line 134 and column 63
	at ptolemy.moml.SimpleErrorHandler.handleError(SimpleErrorHandler.java:75)
	at ptolemy.moml.MoMLParser.startElement(MoMLParser.java:3805)
	at com.microstar.xml.XmlParser.parseElement(XmlParser.java:921)
	at com.microstar.xml.XmlParser.parseContent(XmlParser.java:1104)
	at com.microstar.xml.XmlParser.parseElement(XmlParser.java:924)
	at com.microstar.xml.XmlParser.parseDocument(XmlParser.java:481)
	at com.microstar.xml.XmlParser.doParse(XmlParser.java:159)
	at com.microstar.xml.XmlParser.parse(XmlParser.java:132)
	at ptolemy.moml.MoMLParser.parse(MoMLParser.java:1676)
	at ptolemy.moml.MoMLParser.parse(MoMLParser.java:1595)
	at ptolemy.moml.MoMLParser.parse(MoMLParser.java:1537)
	at ptolemy.moml.MoMLParser._findOrParse(MoMLParser.java:5286)
	at ptolemy.moml.MoMLParser._attemptToFindMoMLClass(MoMLParser.java:4075)
	at ptolemy.moml.MoMLParser._createEntity(MoMLParser.java:4323)
	... 65 more
Caused by: ptolemy.kernel.util.IllegalActionException: Cannot find class: ptolemy.domains.ptinyos.lib.MicaLeds. In Ptolemy, classes are typically Java .class files. Entities like actors may instead be defined within a .xml file.  In any case, the class was not found. If the class uses a third party package, then the class would be present only if the third party package was found at compile time.  It may be necessary to upgrade Java or install the third party package, reconfigure and recompile.
Because:
-- /home/travis/build/icyphy/ptII/ptolemy/actor/ptalon/demo/ptinyos/SenseToLeds/ptolemy/domains/ptinyos/lib/MicaLeds.xml (No such file or directory)
-- XML file not found relative to classpath.
-- /home/travis/build/icyphy/ptII/ptolemy/vergil/basic/export/test/ptolemy/domains/ptinyos/lib/MicaLeds.xml
/home/travis/build/icyphy/ptII/ptolemy/vergil/basic/export/test/ptolemy/domains/ptinyos/lib/MicaLeds.xml (No such file or directory)
 in file:/home/travis/build/icyphy/ptII/ptolemy/actor/ptalon/demo/ptinyos/SenseToLeds/MicaBoard.xml at line 134 and column 63
	at ptolemy.moml.MoMLParser._createEntity(MoMLParser.java:4330)
	at ptolemy.moml.MoMLParser.startElement(MoMLParser.java:2864)
	... 77 more
Caused by: com.microstar.xml.XmlException: -- /home/travis/build/icyphy/ptII/ptolemy/actor/ptalon/demo/ptinyos/SenseToLeds/ptolemy/domains/ptinyos/lib/MicaLeds.xml (No such file or directory)
-- XML file not found relative to classpath.
-- /home/travis/build/icyphy/ptII/ptolemy/vergil/basic/export/test/ptolemy/domains/ptinyos/lib/MicaLeds.xml
/home/travis/build/icyphy/ptII/ptolemy/vergil/basic/export/test/ptolemy/domains/ptinyos/lib/MicaLeds.xml (No such file or directory)
 in file:/home/travis/build/icyphy/ptII/ptolemy/actor/ptalon/demo/ptinyos/SenseToLeds/MicaBoard.xml at line 134 and column 63
	at ptolemy.moml.MoMLParser.fileNameToURL(MoMLParser.java:1414)
	at ptolemy.moml.MoMLParser._findOrParse(MoMLParser.java:5283)
	at ptolemy.moml.MoMLParser._attemptToFindMoMLClass(MoMLParser.java:4075)
	at ptolemy.moml.MoMLParser._createEntity(MoMLParser.java:4323)
	... 78 more
ptolemy.kernel.util.IllegalActionException: Failed to process attribute change to PtalonParameter, whose value is "ptolemy.actor.ptalon.PtalonExpressionParameter {.SenseToLeds.SenseToLeds.n} 2".
  in .SenseToLeds.SenseToLeds
Because:
Unable to add actor null
	at ptolemy.actor.ptalon.PtalonActor.attributeChanged(PtalonActor.java:211)
	at ptolemy.actor.ptalon.PtalonMLHandler.startElement(PtalonMLHandler.java:134)
	at com.microstar.xml.XmlParser.parseElement(XmlParser.java:921)
	at com.microstar.xml.XmlParser.parseContent(XmlParser.java:1104)
	at com.microstar.xml.XmlParser.parseElement(XmlParser.java:924)
	at com.microstar.xml.XmlParser.parseDocument(XmlParser.java:481)
	at com.microstar.xml.XmlParser.doParse(XmlParser.java:159)
	at com.microstar.xml.XmlParser.parse(XmlParser.java:132)
	at ptolemy.actor.ptalon.PtalonActor.configure(PtalonActor.java:240)
	at ptolemy.moml.MoMLParser.endElement(MoMLParser.java:996)
	at com.microstar.xml.XmlParser.parseETag(XmlParser.java:1026)
	at com.microstar.xml.XmlParser.parseContent(XmlParser.java:1098)
	at com.microstar.xml.XmlParser.parseElement(XmlParser.java:924)
	at com.microstar.xml.XmlParser.parseContent(XmlParser.java:1104)
	at com.microstar.xml.XmlParser.parseElement(XmlParser.java:924)
	at com.microstar.xml.XmlParser.parseContent(XmlParser.java:1104)
	at com.microstar.xml.XmlParser.parseElement(XmlParser.java:924)
	at com.microstar.xml.XmlParser.parseDocument(XmlParser.java:481)
	at com.microstar.xml.XmlParser.doParse(XmlParser.java:159)
	at com.microstar.xml.XmlParser.parse(XmlParser.java:132)
	at ptolemy.moml.MoMLParser.parse(MoMLParser.java:1676)
	at ptolemy.moml.MoMLParser.parse(MoMLParser.java:1595)
	at ptolemy.moml.MoMLParser.parse(MoMLParser.java:1537)
	at ptolemy.actor.gui.PtolemyEffigy$Factory.createEffigy(PtolemyEffigy.java:424)
	at ptolemy.actor.gui.EffigyFactory.createEffigy(EffigyFactory.java:234)
	at ptolemy.actor.gui.Configuration.openModel(Configuration.java:1125)
	at ptolemy.actor.gui.Configuration.openModel(Configuration.java:1051)
	at ptolemy.actor.gui.ConfigurationApplication._openModel(ConfigurationApplication.java:1252)
	at ptolemy.actor.gui.ConfigurationApplication._parseArg(ConfigurationApplication.java:1399)
	at ptolemy.actor.gui.ConfigurationApplication._parseArgs(ConfigurationApplication.java:1478)
	at ptolemy.actor.gui.ConfigurationApplication.<init>(ConfigurationApplication.java:277)
	at ptolemy.actor.gui.ConfigurationApplication.<init>(ConfigurationApplication.java:214)
	at ptolemy.actor.gui.ConfigurationApplication.<init>(ConfigurationApplication.java:201)
	at ptolemy.actor.gui.ConfigurationApplication.openModelOrEntity(ConfigurationApplication.java:680)
	at ptolemy.vergil.basic.export.ExportModel$1.run(ExportModel.java:220)
	at java.awt.event.InvocationEvent.dispatch(InvocationEvent.java:301)
	at java.awt.EventQueue.dispatchEventImpl(EventQueue.java:756)
	at java.awt.EventQueue.access$500(EventQueue.java:97)
	at java.awt.EventQueue$3.run(EventQueue.java:709)
	at java.awt.EventQueue$3.run(EventQueue.java:703)
	at java.security.AccessController.doPrivileged(Native Method)
	at java.security.ProtectionDomain$JavaSecurityAccessImpl.doIntersectionPrivilege(ProtectionDomain.java:80)
	at java.awt.EventQueue.dispatchEvent(EventQueue.java:726)
	at java.awt.EventDispatchThread.pumpOneEventForFilters(EventDispatchThread.java:201)
	at java.awt.EventDispatchThread.pumpEventsForFilter(EventDispatchThread.java:116)
	at java.awt.EventDispatchThread.pumpEventsForHierarchy(EventDispatchThread.java:105)
	at java.awt.EventDispatchThread.pumpEvents(EventDispatchThread.java:101)
	at java.awt.EventDispatchThread.pumpEvents(EventDispatchThread.java:93)
	at java.awt.EventDispatchThread.run(EventDispatchThread.java:82)
Caused by: ptolemy.actor.ptalon.PtalonRuntimeException: Unable to add actor null
	at ptolemy.actor.ptalon.PtalonEvaluator.addActor(PtalonEvaluator.java:300)
	at ptolemy.actor.ptalon.PtalonPopulator.actor_declaration(PtalonPopulator.java:1574)
	at ptolemy.actor.ptalon.PtalonPopulator.atomic_statement(PtalonPopulator.java:1638)
	at ptolemy.actor.ptalon.PtalonPopulator.iterative_statement_evaluator(PtalonPopulator.java:2484)
	at ptolemy.actor.ptalon.AbstractPtalonEvaluator$IfTree.evaluateForScope(AbstractPtalonEvaluator.java:1307)
	at ptolemy.actor.ptalon.AbstractPtalonEvaluator.evaluateForScope(AbstractPtalonEvaluator.java:744)
	at ptolemy.actor.ptalon.PtalonPopulator.iterative_statement(PtalonPopulator.java:2363)
	at ptolemy.actor.ptalon.PtalonPopulator.actor_definition(PtalonPopulator.java:2809)
	at ptolemy.actor.ptalon.PtalonActor.attributeChanged(PtalonActor.java:206)
	... 48 more
Caused by: ptolemy.kernel.util.InternalErrorException: Element <entity name="node1" class="ptolemy.actor.ptalon.demo.ptinyos.SenseToLeds.MicaBoard"> caused an exception to be thrown.
  in .SenseToLeds.SenseToLeds
Because:
Cannot find class: ptolemy.actor.ptalon.demo.ptinyos.SenseToLeds.MicaBoard. In Ptolemy, classes are typically Java .class files. Entities like actors may instead be defined within a .xml file.  In any case, the class was not found. If the class uses a third party package, then the class would be present only if the third party package was found at compile time.  It may be necessary to upgrade Java or install the third party package, reconfigure and recompile.
Because:
Element <entity name="MicaLeds" class="ptolemy.domains.ptinyos.lib.MicaLeds"> caused an exception to be thrown.
  in .MicaBoard
Because:
Cannot find class: ptolemy.domains.ptinyos.lib.MicaLeds. In Ptolemy, classes are typically Java .class files. Entities like actors may instead be defined within a .xml file.  In any case, the class was not found. If the class uses a third party package, then the class would be present only if the third party package was found at compile time.  It may be necessary to upgrade Java or install the third party package, reconfigure and recompile.
Because:
-- /home/travis/build/icyphy/ptII/ptolemy/actor/ptalon/demo/ptinyos/SenseToLeds/ptolemy/domains/ptinyos/lib/MicaLeds.xml (No such file or directory)
-- XML file not found relative to classpath.
-- /home/travis/build/icyphy/ptII/ptolemy/vergil/basic/export/test/ptolemy/domains/ptinyos/lib/MicaLeds.xml
/home/travis/build/icyphy/ptII/ptolemy/vergil/basic/export/test/ptolemy/domains/ptinyos/lib/MicaLeds.xml (No such file or directory)
 in file:/home/travis/build/icyphy/ptII/ptolemy/actor/ptalon/demo/ptinyos/SenseToLeds/MicaBoard.xml at line 134 and column 63
	at ptolemy.moml.SimpleErrorHandler.handleError(SimpleErrorHandler.java:75)
	at ptolemy.moml.MoMLParser.startElement(MoMLParser.java:3805)
	at com.microstar.xml.XmlParser.parseElement(XmlParser.java:931)
	at com.microstar.xml.XmlParser.parseDocument(XmlParser.java:481)
	at com.microstar.xml.XmlParser.doParse(XmlParser.java:159)
	at com.microstar.xml.XmlParser.parse(XmlParser.java:132)
	at ptolemy.moml.MoMLParser.parse(MoMLParser.java:1660)
	at ptolemy.moml.MoMLParser.parse(MoMLParser.java:1617)
	at ptolemy.moml.MoMLParser.parse(MoMLParser.java:1792)
	at ptolemy.actor.ptalon.PtalonEvaluator.addActor(PtalonEvaluator.java:241)
	... 56 more
Caused by: ptolemy.kernel.util.IllegalActionException: Cannot find class: ptolemy.actor.ptalon.demo.ptinyos.SenseToLeds.MicaBoard. In Ptolemy, classes are typically Java .class files. Entities like actors may instead be defined within a .xml file.  In any case, the class was not found. If the class uses a third party package, then the class would be present only if the third party package was found at compile time.  It may be necessary to upgrade Java or install the third party package, reconfigure and recompile.
Because:
Element <entity name="MicaLeds" class="ptolemy.domains.ptinyos.lib.MicaLeds"> caused an exception to be thrown.
  in .MicaBoard
Because:
Cannot find class: ptolemy.domains.ptinyos.lib.MicaLeds. In Ptolemy, classes are typically Java .class files. Entities like actors may instead be defined within a .xml file.  In any case, the class was not found. If the class uses a third party package, then the class would be present only if the third party package was found at compile time.  It may be necessary to upgrade Java or install the third party package, reconfigure and recompile.
Because:
-- /home/travis/build/icyphy/ptII/ptolemy/actor/ptalon/demo/ptinyos/SenseToLeds/ptolemy/domains/ptinyos/lib/MicaLeds.xml (No such file or directory)
-- XML file not found relative to classpath.
-- /home/travis/build/icyphy/ptII/ptolemy/vergil/basic/export/test/ptolemy/domains/ptinyos/lib/MicaLeds.xml
/home/travis/build/icyphy/ptII/ptolemy/vergil/basic/export/test/ptolemy/domains/ptinyos/lib/MicaLeds.xml (No such file or directory)
 in file:/home/travis/build/icyphy/ptII/ptolemy/actor/ptalon/demo/ptinyos/SenseToLeds/MicaBoard.xml at line 134 and column 63
	at ptolemy.moml.MoMLParser._createEntity(MoMLParser.java:4330)
	at ptolemy.moml.MoMLParser.startElement(MoMLParser.java:2864)
	... 64 more
Caused by: ptolemy.kernel.util.InternalErrorException: Element <entity name="MicaLeds" class="ptolemy.domains.ptinyos.lib.MicaLeds"> caused an exception to be thrown.
  in .MicaBoard
Because:
Cannot find class: ptolemy.domains.ptinyos.lib.MicaLeds. In Ptolemy, classes are typically Java .class files. Entities like actors may instead be defined within a .xml file.  In any case, the class was not found. If the class uses a third party package, then the class would be present only if the third party package was found at compile time.  It may be necessary to upgrade Java or install the third party package, reconfigure and recompile.
Because:
-- /home/travis/build/icyphy/ptII/ptolemy/actor/ptalon/demo/ptinyos/SenseToLeds/ptolemy/domains/ptinyos/lib/MicaLeds.xml (No such file or directory)
-- XML file not found relative to classpath.
-- /home/travis/build/icyphy/ptII/ptolemy/vergil/basic/export/test/ptolemy/domains/ptinyos/lib/MicaLeds.xml
/home/travis/build/icyphy/ptII/ptolemy/vergil/basic/export/test/ptolemy/domains/ptinyos/lib/MicaLeds.xml (No such file or directory)
 in file:/home/travis/build/icyphy/ptII/ptolemy/actor/ptalon/demo/ptinyos/SenseToLeds/MicaBoard.xml at line 134 and column 63
	at ptolemy.moml.SimpleErrorHandler.handleError(SimpleErrorHandler.java:75)
	at ptolemy.moml.MoMLParser.startElement(MoMLParser.java:3805)
	at com.microstar.xml.XmlParser.parseElement(XmlParser.java:921)
	at com.microstar.xml.XmlParser.parseContent(XmlParser.java:1104)
	at com.microstar.xml.XmlParser.parseElement(XmlParser.java:924)
	at com.microstar.xml.XmlParser.parseDocument(XmlParser.java:481)
	at com.microstar.xml.XmlParser.doParse(XmlParser.java:159)
	at com.microstar.xml.XmlParser.parse(XmlParser.java:132)
	at ptolemy.moml.MoMLParser.parse(MoMLParser.java:1676)
	at ptolemy.moml.MoMLParser.parse(MoMLParser.java:1595)
	at ptolemy.moml.MoMLParser.parse(MoMLParser.java:1537)
	at ptolemy.moml.MoMLParser._findOrParse(MoMLParser.java:5286)
	at ptolemy.moml.MoMLParser._attemptToFindMoMLClass(MoMLParser.java:4075)
	at ptolemy.moml.MoMLParser._createEntity(MoMLParser.java:4323)
	... 65 more
Caused by: ptolemy.kernel.util.IllegalActionException: Cannot find class: ptolemy.domains.ptinyos.lib.MicaLeds. In Ptolemy, classes are typically Java .class files. Entities like actors may instead be defined within a .xml file.  In any case, the class was not found. If the class uses a third party package, then the class would be present only if the third party package was found at compile time.  It may be necessary to upgrade Java or install the third party package, reconfigure and recompile.
Because:
-- /home/travis/build/icyphy/ptII/ptolemy/actor/ptalon/demo/ptinyos/SenseToLeds/ptolemy/domains/ptinyos/lib/MicaLeds.xml (No such file or directory)
-- XML file not found relative to classpath.
-- /home/travis/build/icyphy/ptII/ptolemy/vergil/basic/export/test/ptolemy/domains/ptinyos/lib/MicaLeds.xml
/home/travis/build/icyphy/ptII/ptolemy/vergil/basic/export/test/ptolemy/domains/ptinyos/lib/MicaLeds.xml (No such file or directory)
 in file:/home/travis/build/icyphy/ptII/ptolemy/actor/ptalon/demo/ptinyos/SenseToLeds/MicaBoard.xml at line 134 and column 63
	at ptolemy.moml.MoMLParser._createEntity(MoMLParser.java:4330)
	at ptolemy.moml.MoMLParser.startElement(MoMLParser.java:2864)
	... 77 more
Caused by: com.microstar.xml.XmlException: -- /home/travis/build/icyphy/ptII/ptolemy/actor/ptalon/demo/ptinyos/SenseToLeds/ptolemy/domains/ptinyos/lib/MicaLeds.xml (No such file or directory)
-- XML file not found relative to classpath.
-- /home/travis/build/icyphy/ptII/ptolemy/vergil/basic/export/test/ptolemy/domains/ptinyos/lib/MicaLeds.xml
/home/travis/build/icyphy/ptII/ptolemy/vergil/basic/export/test/ptolemy/domains/ptinyos/lib/MicaLeds.xml (No such file or directory)
 in file:/home/travis/build/icyphy/ptII/ptolemy/actor/ptalon/demo/ptinyos/SenseToLeds/MicaBoard.xml at line 134 and column 63
	at ptolemy.moml.MoMLParser.fileNameToURL(MoMLParser.java:1414)
	at ptolemy.moml.MoMLParser._findOrParse(MoMLParser.java:5283)
	at ptolemy.moml.MoMLParser._attemptToFindMoMLClass(MoMLParser.java:4075)
	at ptolemy.moml.MoMLParser._createEntity(MoMLParser.java:4323)
	... 78 more
Caused by: ptolemy.actor.ptalon.PtalonRuntimeException: Unable to add actor null
	at ptolemy.actor.ptalon.PtalonEvaluator.addActor(PtalonEvaluator.java:300)
	at ptolemy.actor.ptalon.PtalonPopulator.actor_declaration(PtalonPopulator.java:1574)
	at ptolemy.actor.ptalon.PtalonPopulator.atomic_statement(PtalonPopulator.java:1638)
	at ptolemy.actor.ptalon.PtalonPopulator.iterative_statement_evaluator(PtalonPopulator.java:2484)
	at ptolemy.actor.ptalon.AbstractPtalonEvaluator$IfTree.evaluateForScope(AbstractPtalonEvaluator.java:1307)
	at ptolemy.actor.ptalon.AbstractPtalonEvaluator.evaluateForScope(AbstractPtalonEvaluator.java:744)
	at ptolemy.actor.ptalon.PtalonPopulator.iterative_statement(PtalonPopulator.java:2363)
	at ptolemy.actor.ptalon.PtalonPopulator.actor_definition(PtalonPopulator.java:2809)
	at ptolemy.actor.ptalon.PtalonActor.attributeChanged(PtalonActor.java:206)
	at ptolemy.actor.ptalon.PtalonMLHandler.startElement(PtalonMLHandler.java:134)
	at com.microstar.xml.XmlParser.parseElement(XmlParser.java:921)
	at com.microstar.xml.XmlParser.parseContent(XmlParser.java:1104)
	at com.microstar.xml.XmlParser.parseElement(XmlParser.java:924)
	at com.microstar.xml.XmlParser.parseDocument(XmlParser.java:481)
	at com.microstar.xml.XmlParser.doParse(XmlParser.java:159)
	at com.microstar.xml.XmlParser.parse(XmlParser.java:132)
	at ptolemy.actor.ptalon.PtalonActor.configure(PtalonActor.java:240)
	at ptolemy.moml.MoMLParser.endElement(MoMLParser.java:996)
	at com.microstar.xml.XmlParser.parseETag(XmlParser.java:1026)
	at com.microstar.xml.XmlParser.parseContent(XmlParser.java:1098)
	at com.microstar.xml.XmlParser.parseElement(XmlParser.java:924)
	at com.microstar.xml.XmlParser.parseContent(XmlParser.java:1104)
	at com.microstar.xml.XmlParser.parseElement(XmlParser.java:924)
	at com.microstar.xml.XmlParser.parseContent(XmlParser.java:1104)
	at com.microstar.xml.XmlParser.parseElement(XmlParser.java:924)
	at com.microstar.xml.XmlParser.parseDocument(XmlParser.java:481)
	at com.microstar.xml.XmlParser.doParse(XmlParser.java:159)
	at com.microstar.xml.XmlParser.parse(XmlParser.java:132)
	at ptolemy.moml.MoMLParser.parse(MoMLParser.java:1676)
	at ptolemy.moml.MoMLParser.parse(MoMLParser.java:1595)
	at ptolemy.moml.MoMLParser.parse(MoMLParser.java:1537)
	at ptolemy.actor.gui.PtolemyEffigy$Factory.createEffigy(PtolemyEffigy.java:424)
	at ptolemy.actor.gui.EffigyFactory.createEffigy(EffigyFactory.java:234)
	at ptolemy.actor.gui.Configuration.openModel(Configuration.java:1125)
	at ptolemy.actor.gui.Configuration.openModel(Configuration.java:1051)
	at ptolemy.actor.gui.ConfigurationApplication._openModel(ConfigurationApplication.java:1252)
	at ptolemy.actor.gui.ConfigurationApplication._parseArg(ConfigurationApplication.java:1399)
	at ptolemy.actor.gui.ConfigurationApplication._parseArgs(ConfigurationApplication.java:1478)
	at ptolemy.actor.gui.ConfigurationApplication.<init>(ConfigurationApplication.java:277)
	at ptolemy.actor.gui.ConfigurationApplication.<init>(ConfigurationApplication.java:214)
	at ptolemy.actor.gui.ConfigurationApplication.<init>(ConfigurationApplication.java:201)
	at ptolemy.actor.gui.ConfigurationApplication.openModelOrEntity(ConfigurationApplication.java:680)
	at ptolemy.vergil.basic.export.ExportModel$1.run(ExportModel.java:220)
	at java.awt.event.InvocationEvent.dispatch(InvocationEvent.java:301)
	at java.awt.EventQueue.dispatchEventImpl(EventQueue.java:756)
	at java.awt.EventQueue.access$500(EventQueue.java:97)
	at java.awt.EventQueue$3.run(EventQueue.java:709)
	at java.awt.EventQueue$3.run(EventQueue.java:703)
	at java.security.AccessController.doPrivileged(Native Method)
	at java.security.ProtectionDomain$JavaSecurityAccessImpl.doIntersectionPrivilege(ProtectionDomain.java:80)
	at java.awt.EventQueue.dispatchEvent(EventQueue.java:726)
	at java.awt.EventDispatchThread.pumpOneEventForFilters(EventDispatchThread.java:201)
	at java.awt.EventDispatchThread.pumpEventsForFilter(EventDispatchThread.java:116)
	at java.awt.EventDispatchThread.pumpEventsForHierarchy(EventDispatchThread.java:105)
	at java.awt.EventDispatchThread.pumpEvents(EventDispatchThread.java:101)
	at java.awt.EventDispatchThread.pumpEvents(EventDispatchThread.java:93)
	at java.awt.EventDispatchThread.run(EventDispatchThread.java:82)
Caused by: ptolemy.kernel.util.InternalErrorException: Element <entity name="node1" class="ptolemy.actor.ptalon.demo.ptinyos.SenseToLeds.MicaBoard"> caused an exception to be thrown.
  in .SenseToLeds.SenseToLeds
Because:
Cannot find class: ptolemy.actor.ptalon.demo.ptinyos.SenseToLeds.MicaBoard. In Ptolemy, classes are typically Java .class files. Entities like actors may instead be defined within a .xml file.  In any case, the class was not found. If the class uses a third party package, then the class would be present only if the third party package was found at compile time.  It may be necessary to upgrade Java or install the third party package, reconfigure and recompile.
Because:
Element <entity name="MicaLeds" class="ptolemy.domains.ptinyos.lib.MicaLeds"> caused an exception to be thrown.
  in .MicaBoard
Because:
Cannot find class: ptolemy.domains.ptinyos.lib.MicaLeds. In Ptolemy, classes are typically Java .class files. Entities like actors may instead be defined within a .xml file.  In any case, the class was not found. If the class uses a third party package, then the class would be present only if the third party package was found at compile time.  It may be necessary to upgrade Java or install the third party package, reconfigure and recompile.
Because:
-- /home/travis/build/icyphy/ptII/ptolemy/actor/ptalon/demo/ptinyos/SenseToLeds/ptolemy/domains/ptinyos/lib/MicaLeds.xml (No such file or directory)
-- XML file not found relative to classpath.
-- /home/travis/build/icyphy/ptII/ptolemy/vergil/basic/export/test/ptolemy/domains/ptinyos/lib/MicaLeds.xml
/home/travis/build/icyphy/ptII/ptolemy/vergil/basic/export/test/ptolemy/domains/ptinyos/lib/MicaLeds.xml (No such file or directory)
 in file:/home/travis/build/icyphy/ptII/ptolemy/actor/ptalon/demo/ptinyos/SenseToLeds/MicaBoard.xml at line 134 and column 63
	at ptolemy.moml.SimpleErrorHandler.handleError(SimpleErrorHandler.java:75)
	at ptolemy.moml.MoMLParser.startElement(MoMLParser.java:3805)
	at com.microstar.xml.XmlParser.parseElement(XmlParser.java:931)
	at com.microstar.xml.XmlParser.parseDocument(XmlParser.java:481)
	at com.microstar.xml.XmlParser.doParse(XmlParser.java:159)
	at com.microstar.xml.XmlParser.parse(XmlParser.java:132)
	at ptolemy.moml.MoMLParser.parse(MoMLParser.java:1660)
	at ptolemy.moml.MoMLParser.parse(MoMLParser.java:1617)
	at ptolemy.moml.MoMLParser.parse(MoMLParser.java:1792)
	at ptolemy.actor.ptalon.PtalonEvaluator.addActor(PtalonEvaluator.java:241)
	... 56 more
Caused by: ptolemy.kernel.util.IllegalActionException: Cannot find class: ptolemy.actor.ptalon.demo.ptinyos.SenseToLeds.MicaBoard. In Ptolemy, classes are typically Java .class files. Entities like actors may instead be defined within a .xml file.  In any case, the class was not found. If the class uses a third party package, then the class would be present only if the third party package was found at compile time.  It may be necessary to upgrade Java or install the third party package, reconfigure and recompile.
Because:
Element <entity name="MicaLeds" class="ptolemy.domains.ptinyos.lib.MicaLeds"> caused an exception to be thrown.
  in .MicaBoard
Because:
Cannot find class: ptolemy.domains.ptinyos.lib.MicaLeds. In Ptolemy, classes are typically Java .class files. Entities like actors may instead be defined within a .xml file.  In any case, the class was not found. If the class uses a third party package, then the class would be present only if the third party package was found at compile time.  It may be necessary to upgrade Java or install the third party package, reconfigure and recompile.
Because:
-- /home/travis/build/icyphy/ptII/ptolemy/actor/ptalon/demo/ptinyos/SenseToLeds/ptolemy/domains/ptinyos/lib/MicaLeds.xml (No such file or directory)
-- XML file not found relative to classpath.
-- /home/travis/build/icyphy/ptII/ptolemy/vergil/basic/export/test/ptolemy/domains/ptinyos/lib/MicaLeds.xml
/home/travis/build/icyphy/ptII/ptolemy/vergil/basic/export/test/ptolemy/domains/ptinyos/lib/MicaLeds.xml (No such file or directory)
 in file:/home/travis/build/icyphy/ptII/ptolemy/actor/ptalon/demo/ptinyos/SenseToLeds/MicaBoard.xml at line 134 and column 63
	at ptolemy.moml.MoMLParser._createEntity(MoMLParser.java:4330)
	at ptolemy.moml.MoMLParser.startElement(MoMLParser.java:2864)
	... 64 more
Caused by: ptolemy.kernel.util.InternalErrorException: Element <entity name="MicaLeds" class="ptolemy.domains.ptinyos.lib.MicaLeds"> caused an exception to be thrown.
  in .MicaBoard
Because:
Cannot find class: ptolemy.domains.ptinyos.lib.MicaLeds. In Ptolemy, classes are typically Java .class files. Entities like actors may instead be defined within a .xml file.  In any case, the class was not found. If the class uses a third party package, then the class would be present only if the third party package was found at compile time.  It may be necessary to upgrade Java or install the third party package, reconfigure and recompile.
Because:
-- /home/travis/build/icyphy/ptII/ptolemy/actor/ptalon/demo/ptinyos/SenseToLeds/ptolemy/domains/ptinyos/lib/MicaLeds.xml (No such file or directory)
-- XML file not found relative to classpath.
-- /home/travis/build/icyphy/ptII/ptolemy/vergil/basic/export/test/ptolemy/domains/ptinyos/lib/MicaLeds.xml
/home/travis/build/icyphy/ptII/ptolemy/vergil/basic/export/test/ptolemy/domains/ptinyos/lib/MicaLeds.xml (No such file or directory)
 in file:/home/travis/build/icyphy/ptII/ptolemy/actor/ptalon/demo/ptinyos/SenseToLeds/MicaBoard.xml at line 134 and column 63
	at ptolemy.moml.SimpleErrorHandler.handleError(SimpleErrorHandler.java:75)
	at ptolemy.moml.MoMLParser.startElement(MoMLParser.java:3805)
	at com.microstar.xml.XmlParser.parseElement(XmlParser.java:921)
	at com.microstar.xml.XmlParser.parseContent(XmlParser.java:1104)
	at com.microstar.xml.XmlParser.parseElement(XmlParser.java:924)
	at com.microstar.xml.XmlParser.parseDocument(XmlParser.java:481)
	at com.microstar.xml.XmlParser.doParse(XmlParser.java:159)
	at com.microstar.xml.XmlParser.parse(XmlParser.java:132)
	at ptolemy.moml.MoMLParser.parse(MoMLParser.java:1676)
	at ptolemy.moml.MoMLParser.parse(MoMLParser.java:1595)
	at ptolemy.moml.MoMLParser.parse(MoMLParser.java:1537)
	at ptolemy.moml.MoMLParser._findOrParse(MoMLParser.java:5286)
	at ptolemy.moml.MoMLParser._attemptToFindMoMLClass(MoMLParser.java:4075)
	at ptolemy.moml.MoMLParser._createEntity(MoMLParser.java:4323)
	... 65 more
Caused by: ptolemy.kernel.util.IllegalActionException: Cannot find class: ptolemy.domains.ptinyos.lib.MicaLeds. In Ptolemy, classes are typically Java .class files. Entities like actors may instead be defined within a .xml file.  In any case, the class was not found. If the class uses a third party package, then the class would be present only if the third party package was found at compile time.  It may be necessary to upgrade Java or install the third party package, reconfigure and recompile.
Because:
-- /home/travis/build/icyphy/ptII/ptolemy/actor/ptalon/demo/ptinyos/SenseToLeds/ptolemy/domains/ptinyos/lib/MicaLeds.xml (No such file or directory)
-- XML file not found relative to classpath.
-- /home/travis/build/icyphy/ptII/ptolemy/vergil/basic/export/test/ptolemy/domains/ptinyos/lib/MicaLeds.xml
/home/travis/build/icyphy/ptII/ptolemy/vergil/basic/export/test/ptolemy/domains/ptinyos/lib/MicaLeds.xml (No such file or directory)
 in file:/home/travis/build/icyphy/ptII/ptolemy/actor/ptalon/demo/ptinyos/SenseToLeds/MicaBoard.xml at line 134 and column 63
	at ptolemy.moml.MoMLParser._createEntity(MoMLParser.java:4330)
	at ptolemy.moml.MoMLParser.startElement(MoMLParser.java:2864)
	... 77 more
Caused by: com.microstar.xml.XmlException: -- /home/travis/build/icyphy/ptII/ptolemy/actor/ptalon/demo/ptinyos/SenseToLeds/ptolemy/domains/ptinyos/lib/MicaLeds.xml (No such file or directory)
-- XML file not found relative to classpath.
-- /home/travis/build/icyphy/ptII/ptolemy/vergil/basic/export/test/ptolemy/domains/ptinyos/lib/MicaLeds.xml
/home/travis/build/icyphy/ptII/ptolemy/vergil/basic/export/test/ptolemy/domains/ptinyos/lib/MicaLeds.xml (No such file or directory)
 in file:/home/travis/build/icyphy/ptII/ptolemy/actor/ptalon/demo/ptinyos/SenseToLeds/MicaBoard.xml at line 134 and column 63
	at ptolemy.moml.MoMLParser.fileNameToURL(MoMLParser.java:1414)
	at ptolemy.moml.MoMLParser._findOrParse(MoMLParser.java:5283)
	at ptolemy.moml.MoMLParser._attemptToFindMoMLClass(MoMLParser.java:4075)
	at ptolemy.moml.MoMLParser._createEntity(MoMLParser.java:4323)
	... 78 more
Failed to read file:/home/travis/build/icyphy/ptII/ptolemy/actor/ptalon/demo/ptinyos/SenseToLeds/SenseToLeds.xml
ptolemy.kernel.util.IllegalActionException: Failed to process attribute change to PtalonParameter, whose value is "ptolemy.actor.ptalon.PtalonExpressionParameter {.SenseToLeds.SenseToLeds.n} 2".
  in .SenseToLeds.SenseToLeds
Because:
Unable to add actor null
	at ptolemy.actor.ptalon.PtalonActor.attributeChanged(PtalonActor.java:211)
	at ptolemy.actor.ptalon.PtalonMLHandler.startElement(PtalonMLHandler.java:134)
	at com.microstar.xml.XmlParser.parseElement(XmlParser.java:921)
	at com.microstar.xml.XmlParser.parseContent(XmlParser.java:1104)
	at com.microstar.xml.XmlParser.parseElement(XmlParser.java:924)
	at com.microstar.xml.XmlParser.parseDocument(XmlParser.java:481)
	at com.microstar.xml.XmlParser.doParse(XmlParser.java:159)
	at com.microstar.xml.XmlParser.parse(XmlParser.java:132)
	at ptolemy.actor.ptalon.PtalonActor.configure(PtalonActor.java:240)
	at ptolemy.moml.MoMLParser.endElement(MoMLParser.java:996)
	at com.microstar.xml.XmlParser.parseETag(XmlParser.java:1026)
	at com.microstar.xml.XmlParser.parseContent(XmlParser.java:1098)
	at com.microstar.xml.XmlParser.parseElement(XmlParser.java:924)
	at com.microstar.xml.XmlParser.parseContent(XmlParser.java:1104)
	at com.microstar.xml.XmlParser.parseElement(XmlParser.java:924)
	at com.microstar.xml.XmlParser.parseContent(XmlParser.java:1104)
	at com.microstar.xml.XmlParser.parseElement(XmlParser.java:924)
	at com.microstar.xml.XmlParser.parseDocument(XmlParser.java:481)
	at com.microstar.xml.XmlParser.doParse(XmlParser.java:159)
	at com.microstar.xml.XmlParser.parse(XmlParser.java:132)
	at ptolemy.moml.MoMLParser.parse(MoMLParser.java:1676)
	at ptolemy.moml.MoMLParser.parse(MoMLParser.java:1595)
	at ptolemy.moml.MoMLParser.parse(MoMLParser.java:1537)
	at ptolemy.actor.gui.PtolemyEffigy$Factory.createEffigy(PtolemyEffigy.java:424)
	at ptolemy.actor.gui.EffigyFactory.createEffigy(EffigyFactory.java:234)
	at ptolemy.actor.gui.Configuration.openModel(Configuration.java:1125)
	at ptolemy.actor.gui.Configuration.openModel(Configuration.java:1051)
	at ptolemy.actor.gui.ConfigurationApplication._openModel(ConfigurationApplication.java:1252)
	at ptolemy.actor.gui.ConfigurationApplication._parseArg(ConfigurationApplication.java:1399)
	at ptolemy.actor.gui.ConfigurationApplication._parseArgs(ConfigurationApplication.java:1478)
	at ptolemy.actor.gui.ConfigurationApplication.<init>(ConfigurationApplication.java:277)
	at ptolemy.actor.gui.ConfigurationApplication.<init>(ConfigurationApplication.java:214)
	at ptolemy.actor.gui.ConfigurationApplication.<init>(ConfigurationApplication.java:201)
	at ptolemy.actor.gui.ConfigurationApplication.openModelOrEntity(ConfigurationApplication.java:680)
	at ptolemy.vergil.basic.export.ExportModel$1.run(ExportModel.java:220)
	at java.awt.event.InvocationEvent.dispatch(InvocationEvent.java:301)
	at java.awt.EventQueue.dispatchEventImpl(EventQueue.java:756)
	at java.awt.EventQueue.access$500(EventQueue.java:97)
	at java.awt.EventQueue$3.run(EventQueue.java:709)
	at java.awt.EventQueue$3.run(EventQueue.java:703)
	at java.security.AccessController.doPrivileged(Native Method)
	at java.security.ProtectionDomain$JavaSecurityAccessImpl.doIntersectionPrivilege(ProtectionDomain.java:80)
	at java.awt.EventQueue.dispatchEvent(EventQueue.java:726)
	at java.awt.EventDispatchThread.pumpOneEventForFilters(EventDispatchThread.java:201)
	at java.awt.EventDispatchThread.pumpEventsForFilter(EventDispatchThread.java:116)
	at java.awt.EventDispatchThread.pumpEventsForHierarchy(EventDispatchThread.java:105)
	at java.awt.EventDispatchThread.pumpEvents(EventDispatchThread.java:101)
	at java.awt.EventDispatchThread.pumpEvents(EventDispatchThread.java:93)
	at java.awt.EventDispatchThread.run(EventDispatchThread.java:82)
Caused by: ptolemy.actor.ptalon.PtalonRuntimeException: Unable to add actor null
	at ptolemy.actor.ptalon.PtalonEvaluator.addActor(PtalonEvaluator.java:300)
	at ptolemy.actor.ptalon.PtalonPopulator.actor_declaration(PtalonPopulator.java:1574)
	at ptolemy.actor.ptalon.PtalonPopulator.atomic_statement(PtalonPopulator.java:1638)
	at ptolemy.actor.ptalon.PtalonPopulator.iterative_statement_evaluator(PtalonPopulator.java:2484)
	at ptolemy.actor.ptalon.AbstractPtalonEvaluator$IfTree.evaluateForScope(AbstractPtalonEvaluator.java:1307)
	at ptolemy.actor.ptalon.AbstractPtalonEvaluator.evaluateForScope(AbstractPtalonEvaluator.java:744)
	at ptolemy.actor.ptalon.PtalonPopulator.iterative_statement(PtalonPopulator.java:2363)
	at ptolemy.actor.ptalon.PtalonPopulator.actor_definition(PtalonPopulator.java:2809)
	at ptolemy.actor.ptalon.PtalonActor.attributeChanged(PtalonActor.java:206)
	... 48 more
Caused by: ptolemy.kernel.util.InternalErrorException: Element <entity name="node1" class="ptolemy.actor.ptalon.demo.ptinyos.SenseToLeds.MicaBoard"> caused an exception to be thrown.
  in .SenseToLeds.SenseToLeds
Because:
Cannot find class: ptolemy.actor.ptalon.demo.ptinyos.SenseToLeds.MicaBoard. In Ptolemy, classes are typically Java .class files. Entities like actors may instead be defined within a .xml file.  In any case, the class was not found. If the class uses a third party package, then the class would be present only if the third party package was found at compile time.  It may be necessary to upgrade Java or install the third party package, reconfigure and recompile.
Because:
Element <entity name="MicaLeds" class="ptolemy.domains.ptinyos.lib.MicaLeds"> caused an exception to be thrown.
  in .MicaBoard
Because:
Cannot find class: ptolemy.domains.ptinyos.lib.MicaLeds. In Ptolemy, classes are typically Java .class files. Entities like actors may instead be defined within a .xml file.  In any case, the class was not found. If the class uses a third party package, then the class would be present only if the third party package was found at compile time.  It may be necessary to upgrade Java or install the third party package, reconfigure and recompile.
Because:
-- /home/travis/build/icyphy/ptII/ptolemy/actor/ptalon/demo/ptinyos/SenseToLeds/ptolemy/domains/ptinyos/lib/MicaLeds.xml (No such file or directory)
-- XML file not found relative to classpath.
-- /home/travis/build/icyphy/ptII/ptolemy/vergil/basic/export/test/ptolemy/domains/ptinyos/lib/MicaLeds.xml
/home/travis/build/icyphy/ptII/ptolemy/vergil/basic/export/test/ptolemy/domains/ptinyos/lib/MicaLeds.xml (No such file or directory)
 in file:/home/travis/build/icyphy/ptII/ptolemy/actor/ptalon/demo/ptinyos/SenseToLeds/MicaBoard.xml at line 134 and column 63
	at ptolemy.moml.SimpleErrorHandler.handleError(SimpleErrorHandler.java:75)
	at ptolemy.moml.MoMLParser.startElement(MoMLParser.java:3805)
	at com.microstar.xml.XmlParser.parseElement(XmlParser.java:931)
	at com.microstar.xml.XmlParser.parseDocument(XmlParser.java:481)
	at com.microstar.xml.XmlParser.doParse(XmlParser.java:159)
	at com.microstar.xml.XmlParser.parse(XmlParser.java:132)
	at ptolemy.moml.MoMLParser.parse(MoMLParser.java:1660)
	at ptolemy.moml.MoMLParser.parse(MoMLParser.java:1617)
	at ptolemy.moml.MoMLParser.parse(MoMLParser.java:1792)
	at ptolemy.actor.ptalon.PtalonEvaluator.addActor(PtalonEvaluator.java:241)
	... 56 more
Caused by: ptolemy.kernel.util.IllegalActionException: Cannot find class: ptolemy.actor.ptalon.demo.ptinyos.SenseToLeds.MicaBoard. In Ptolemy, classes are typically Java .class files. Entities like actors may instead be defined within a .xml file.  In any case, the class was not found. If the class uses a third party package, then the class would be present only if the third party package was found at compile time.  It may be necessary to upgrade Java or install the third party package, reconfigure and recompile.
Because:
Element <entity name="MicaLeds" class="ptolemy.domains.ptinyos.lib.MicaLeds"> caused an exception to be thrown.
  in .MicaBoard
Because:
Cannot find class: ptolemy.domains.ptinyos.lib.MicaLeds. In Ptolemy, classes are typically Java .class files. Entities like actors may instead be defined within a .xml file.  In any case, the class was not found. If the class uses a third party package, then the class would be present only if the third party package was found at compile time.  It may be necessary to upgrade Java or install the third party package, reconfigure and recompile.
Because:
-- /home/travis/build/icyphy/ptII/ptolemy/actor/ptalon/demo/ptinyos/SenseToLeds/ptolemy/domains/ptinyos/lib/MicaLeds.xml (No such file or directory)
-- XML file not found relative to classpath.
-- /home/travis/build/icyphy/ptII/ptolemy/vergil/basic/export/test/ptolemy/domains/ptinyos/lib/MicaLeds.xml
/home/travis/build/icyphy/ptII/ptolemy/vergil/basic/export/test/ptolemy/domains/ptinyos/lib/MicaLeds.xml (No such file or directory)
 in file:/home/travis/build/icyphy/ptII/ptolemy/actor/ptalon/demo/ptinyos/SenseToLeds/MicaBoard.xml at line 134 and column 63
	at ptolemy.moml.MoMLParser._createEntity(MoMLParser.java:4330)
	at ptolemy.moml.MoMLParser.startElement(MoMLParser.java:2864)
	... 64 more
Caused by: ptolemy.kernel.util.InternalErrorException: Element <entity name="MicaLeds" class="ptolemy.domains.ptinyos.lib.MicaLeds"> caused an exception to be thrown.
  in .MicaBoard
Because:
Cannot find class: ptolemy.domains.ptinyos.lib.MicaLeds. In Ptolemy, classes are typically Java .class files. Entities like actors may instead be defined within a .xml file.  In any case, the class was not found. If the class uses a third party package, then the class would be present only if the third party package was found at compile time.  It may be necessary to upgrade Java or install the third party package, reconfigure and recompile.
Because:
-- /home/travis/build/icyphy/ptII/ptolemy/actor/ptalon/demo/ptinyos/SenseToLeds/ptolemy/domains/ptinyos/lib/MicaLeds.xml (No such file or directory)
-- XML file not found relative to classpath.
-- /home/travis/build/icyphy/ptII/ptolemy/vergil/basic/export/test/ptolemy/domains/ptinyos/lib/MicaLeds.xml
/home/travis/build/icyphy/ptII/ptolemy/vergil/basic/export/test/ptolemy/domains/ptinyos/lib/MicaLeds.xml (No such file or directory)
 in file:/home/travis/build/icyphy/ptII/ptolemy/actor/ptalon/demo/ptinyos/SenseToLeds/MicaBoard.xml at line 134 and column 63
	at ptolemy.moml.SimpleErrorHandler.handleError(SimpleErrorHandler.java:75)
	at ptolemy.moml.MoMLParser.startElement(MoMLParser.java:3805)
	at com.microstar.xml.XmlParser.parseElement(XmlParser.java:921)
	at com.microstar.xml.XmlParser.parseContent(XmlParser.java:1104)
	at com.microstar.xml.XmlParser.parseElement(XmlParser.java:924)
	at com.microstar.xml.XmlParser.parseDocument(XmlParser.java:481)
	at com.microstar.xml.XmlParser.doParse(XmlParser.java:159)
	at com.microstar.xml.XmlParser.parse(XmlParser.java:132)
	at ptolemy.moml.MoMLParser.parse(MoMLParser.java:1676)
	at ptolemy.moml.MoMLParser.parse(MoMLParser.java:1595)
	at ptolemy.moml.MoMLParser.parse(MoMLParser.java:1537)
	at ptolemy.moml.MoMLParser._findOrParse(MoMLParser.java:5286)
	at ptolemy.moml.MoMLParser._attemptToFindMoMLClass(MoMLParser.java:4075)
	at ptolemy.moml.MoMLParser._createEntity(MoMLParser.java:4323)
	... 65 more
Caused by: ptolemy.kernel.util.IllegalActionException: Cannot find class: ptolemy.domains.ptinyos.lib.MicaLeds. In Ptolemy, classes are typically Java .class files. Entities like actors may instead be defined within a .xml file.  In any case, the class was not found. If the class uses a third party package, then the class would be present only if the third party package was found at compile time.  It may be necessary to upgrade Java or install the third party package, reconfigure and recompile.
Because:
-- /home/travis/build/icyphy/ptII/ptolemy/actor/ptalon/demo/ptinyos/SenseToLeds/ptolemy/domains/ptinyos/lib/MicaLeds.xml (No such file or directory)
-- XML file not found relative to classpath.
-- /home/travis/build/icyphy/ptII/ptolemy/vergil/basic/export/test/ptolemy/domains/ptinyos/lib/MicaLeds.xml
/home/travis/build/icyphy/ptII/ptolemy/vergil/basic/export/test/ptolemy/domains/ptinyos/lib/MicaLeds.xml (No such file or directory)
 in file:/home/travis/build/icyphy/ptII/ptolemy/actor/ptalon/demo/ptinyos/SenseToLeds/MicaBoard.xml at line 134 and column 63
	at ptolemy.moml.MoMLParser._createEntity(MoMLParser.java:4330)
	at ptolemy.moml.MoMLParser.startElement(MoMLParser.java:2864)
	... 77 more
Caused by: com.microstar.xml.XmlException: -- /home/travis/build/icyphy/ptII/ptolemy/actor/ptalon/demo/ptinyos/SenseToLeds/ptolemy/domains/ptinyos/lib/MicaLeds.xml (No such file or directory)
-- XML file not found relative to classpath.
-- /home/travis/build/icyphy/ptII/ptolemy/vergil/basic/export/test/ptolemy/domains/ptinyos/lib/MicaLeds.xml
/home/travis/build/icyphy/ptII/ptolemy/vergil/basic/export/test/ptolemy/domains/ptinyos/lib/MicaLeds.xml (No such file or directory)
 in file:/home/travis/build/icyphy/ptII/ptolemy/actor/ptalon/demo/ptinyos/SenseToLeds/MicaBoard.xml at line 134 and column 63
	at ptolemy.moml.MoMLParser.fileNameToURL(MoMLParser.java:1414)
	at ptolemy.moml.MoMLParser._findOrParse(MoMLParser.java:5283)
	at ptolemy.moml.MoMLParser._attemptToFindMoMLClass(MoMLParser.java:4075)
	at ptolemy.moml.MoMLParser._createEntity(MoMLParser.java:4323)
	... 78 more
Caused by: ptolemy.actor.ptalon.PtalonRuntimeException: Unable to add actor null
	at ptolemy.actor.ptalon.PtalonEvaluator.addActor(PtalonEvaluator.java:300)
	at ptolemy.actor.ptalon.PtalonPopulator.actor_declaration(PtalonPopulator.java:1574)
	at ptolemy.actor.ptalon.PtalonPopulator.atomic_statement(PtalonPopulator.java:1638)
	at ptolemy.actor.ptalon.PtalonPopulator.iterative_statement_evaluator(PtalonPopulator.java:2484)
	at ptolemy.actor.ptalon.AbstractPtalonEvaluator$IfTree.evaluateForScope(AbstractPtalonEvaluator.java:1307)
	at ptolemy.actor.ptalon.AbstractPtalonEvaluator.evaluateForScope(AbstractPtalonEvaluator.java:744)
	at ptolemy.actor.ptalon.PtalonPopulator.iterative_statement(PtalonPopulator.java:2363)
	at ptolemy.actor.ptalon.PtalonPopulator.actor_definition(PtalonPopulator.java:2809)
	at ptolemy.actor.ptalon.PtalonActor.attributeChanged(PtalonActor.java:206)
	at ptolemy.actor.ptalon.PtalonMLHandler.startElement(PtalonMLHandler.java:134)
	at com.microstar.xml.XmlParser.parseElement(XmlParser.java:921)
	at com.microstar.xml.XmlParser.parseContent(XmlParser.java:1104)
	at com.microstar.xml.XmlParser.parseElement(XmlParser.java:924)
	at com.microstar.xml.XmlParser.parseDocument(XmlParser.java:481)
	at com.microstar.xml.XmlParser.doParse(XmlParser.java:159)
	at com.microstar.xml.XmlParser.parse(XmlParser.java:132)
	at ptolemy.actor.ptalon.PtalonActor.configure(PtalonActor.java:240)
	at ptolemy.moml.MoMLParser.endElement(MoMLParser.java:996)
	at com.microstar.xml.XmlParser.parseETag(XmlParser.java:1026)
	at com.microstar.xml.XmlParser.parseContent(XmlParser.java:1098)
	at com.microstar.xml.XmlParser.parseElement(XmlParser.java:924)
	at com.microstar.xml.XmlParser.parseContent(XmlParser.java:1104)
	at com.microstar.xml.XmlParser.parseElement(XmlParser.java:924)
	at com.microstar.xml.XmlParser.parseContent(XmlParser.java:1104)
	at com.microstar.xml.XmlParser.parseElement(XmlParser.java:924)
	at com.microstar.xml.XmlParser.parseDocument(XmlParser.java:481)
	at com.microstar.xml.XmlParser.doParse(XmlParser.java:159)
	at com.microstar.xml.XmlParser.parse(XmlParser.java:132)
	at ptolemy.moml.MoMLParser.parse(MoMLParser.java:1676)
	at ptolemy.moml.MoMLParser.parse(MoMLParser.java:1595)
	at ptolemy.moml.MoMLParser.parse(MoMLParser.java:1537)
	at ptolemy.actor.gui.PtolemyEffigy$Factory.createEffigy(PtolemyEffigy.java:424)
	at ptolemy.actor.gui.EffigyFactory.createEffigy(EffigyFactory.java:234)
	at ptolemy.actor.gui.Configuration.openModel(Configuration.java:1125)
	at ptolemy.actor.gui.Configuration.openModel(Configuration.java:1051)
	at ptolemy.actor.gui.ConfigurationApplication._openModel(ConfigurationApplication.java:1252)
	at ptolemy.actor.gui.ConfigurationApplication._parseArg(ConfigurationApplication.java:1399)
	at ptolemy.actor.gui.ConfigurationApplication._parseArgs(ConfigurationApplication.java:1478)
	at ptolemy.actor.gui.ConfigurationApplication.<init>(ConfigurationApplication.java:277)
	at ptolemy.actor.gui.ConfigurationApplication.<init>(ConfigurationApplication.java:214)
	at ptolemy.actor.gui.ConfigurationApplication.<init>(ConfigurationApplication.java:201)
	at ptolemy.actor.gui.ConfigurationApplication.openModelOrEntity(ConfigurationApplication.java:680)
	at ptolemy.vergil.basic.export.ExportModel$1.run(ExportModel.java:220)
	at java.awt.event.InvocationEvent.dispatch(InvocationEvent.java:301)
	at java.awt.EventQueue.dispatchEventImpl(EventQueue.java:756)
	at java.awt.EventQueue.access$500(EventQueue.java:97)
	at java.awt.EventQueue$3.run(EventQueue.java:709)
	at java.awt.EventQueue$3.run(EventQueue.java:703)
	at java.security.AccessController.doPrivileged(Native Method)
	at java.security.ProtectionDomain$JavaSecurityAccessImpl.doIntersectionPrivilege(ProtectionDomain.java:80)
	at java.awt.EventQueue.dispatchEvent(EventQueue.java:726)
	at java.awt.EventDispatchThread.pumpOneEventForFilters(EventDispatchThread.java:201)
	at java.awt.EventDispatchThread.pumpEventsForFilter(EventDispatchThread.java:116)
	at java.awt.EventDispatchThread.pumpEventsForHierarchy(EventDispatchThread.java:105)
	at java.awt.EventDispatchThread.pumpEvents(EventDispatchThread.java:101)
	at java.awt.EventDispatchThread.pumpEvents(EventDispatchThread.java:93)
	at java.awt.EventDispatchThread.run(EventDispatchThread.java:82)
Caused by: ptolemy.kernel.util.InternalErrorException: Element <entity name="node1" class="ptolemy.actor.ptalon.demo.ptinyos.SenseToLeds.MicaBoard"> caused an exception to be thrown.
  in .SenseToLeds.SenseToLeds
Because:
Cannot find class: ptolemy.actor.ptalon.demo.ptinyos.SenseToLeds.MicaBoard. In Ptolemy, classes are typically Java .class files. Entities like actors may instead be defined within a .xml file.  In any case, the class was not found. If the class uses a third party package, then the class would be present only if the third party package was found at compile time.  It may be necessary to upgrade Java or install the third party package, reconfigure and recompile.
Because:
Element <entity name="MicaLeds" class="ptolemy.domains.ptinyos.lib.MicaLeds"> caused an exception to be thrown.
  in .MicaBoard
Because:
Cannot find class: ptolemy.domains.ptinyos.lib.MicaLeds. In Ptolemy, classes are typically Java .class files. Entities like actors may instead be defined within a .xml file.  In any case, the class was not found. If the class uses a third party package, then the class would be present only if the third party package was found at compile time.  It may be necessary to upgrade Java or install the third party package, reconfigure and recompile.
Because:
-- /home/travis/build/icyphy/ptII/ptolemy/actor/ptalon/demo/ptinyos/SenseToLeds/ptolemy/domains/ptinyos/lib/MicaLeds.xml (No such file or directory)
-- XML file not found relative to classpath.
-- /home/travis/build/icyphy/ptII/ptolemy/vergil/basic/export/test/ptolemy/domains/ptinyos/lib/MicaLeds.xml
/home/travis/build/icyphy/ptII/ptolemy/vergil/basic/export/test/ptolemy/domains/ptinyos/lib/MicaLeds.xml (No such file or directory)
 in file:/home/travis/build/icyphy/ptII/ptolemy/actor/ptalon/demo/ptinyos/SenseToLeds/MicaBoard.xml at line 134 and column 63
	at ptolemy.moml.SimpleErrorHandler.handleError(SimpleErrorHandler.java:75)
	at ptolemy.moml.MoMLParser.startElement(MoMLParser.java:3805)
	at com.microstar.xml.XmlParser.parseElement(XmlParser.java:931)
	at com.microstar.xml.XmlParser.parseDocument(XmlParser.java:481)
	at com.microstar.xml.XmlParser.doParse(XmlParser.java:159)
	at com.microstar.xml.XmlParser.parse(XmlParser.java:132)
	at ptolemy.moml.MoMLParser.parse(MoMLParser.java:1660)
	at ptolemy.moml.MoMLParser.parse(MoMLParser.java:1617)
	at ptolemy.moml.MoMLParser.parse(MoMLParser.java:1792)
	at ptolemy.actor.ptalon.PtalonEvaluator.addActor(PtalonEvaluator.java:241)
	... 56 more
Caused by: ptolemy.kernel.util.IllegalActionException: Cannot find class: ptolemy.actor.ptalon.demo.ptinyos.SenseToLeds.MicaBoard. In Ptolemy, classes are typically Java .class files. Entities like actors may instead be defined within a .xml file.  In any case, the class was not found. If the class uses a third party package, then the class would be present only if the third party package was found at compile time.  It may be necessary to upgrade Java or install the third party package, reconfigure and recompile.
Because:
Element <entity name="MicaLeds" class="ptolemy.domains.ptinyos.lib.MicaLeds"> caused an exception to be thrown.
  in .MicaBoard
Because:
Cannot find class: ptolemy.domains.ptinyos.lib.MicaLeds. In Ptolemy, classes are typically Java .class files. Entities like actors may instead be defined within a .xml file.  In any case, the class was not found. If the class uses a third party package, then the class would be present only if the third party package was found at compile time.  It may be necessary to upgrade Java or install the third party package, reconfigure and recompile.
Because:
-- /home/travis/build/icyphy/ptII/ptolemy/actor/ptalon/demo/ptinyos/SenseToLeds/ptolemy/domains/ptinyos/lib/MicaLeds.xml (No such file or directory)
-- XML file not found relative to classpath.
-- /home/travis/build/icyphy/ptII/ptolemy/vergil/basic/export/test/ptolemy/domains/ptinyos/lib/MicaLeds.xml
/home/travis/build/icyphy/ptII/ptolemy/vergil/basic/export/test/ptolemy/domains/ptinyos/lib/MicaLeds.xml (No such file or directory)
 in file:/home/travis/build/icyphy/ptII/ptolemy/actor/ptalon/demo/ptinyos/SenseToLeds/MicaBoard.xml at line 134 and column 63
	at ptolemy.moml.MoMLParser._createEntity(MoMLParser.java:4330)
	at ptolemy.moml.MoMLParser.startElement(MoMLParser.java:2864)
	... 64 more
Caused by: ptolemy.kernel.util.InternalErrorException: Element <entity name="MicaLeds" class="ptolemy.domains.ptinyos.lib.MicaLeds"> caused an exception to be thrown.
  in .MicaBoard
Because:
Cannot find class: ptolemy.domains.ptinyos.lib.MicaLeds. In Ptolemy, classes are typically Java .class files. Entities like actors may instead be defined within a .xml file.  In any case, the class was not found. If the class uses a third party package, then the class would be present only if the third party package was found at compile time.  It may be necessary to upgrade Java or install the third party package, reconfigure and recompile.
Because:
-- /home/travis/build/icyphy/ptII/ptolemy/actor/ptalon/demo/ptinyos/SenseToLeds/ptolemy/domains/ptinyos/lib/MicaLeds.xml (No such file or directory)
-- XML file not found relative to classpath.
-- /home/travis/build/icyphy/ptII/ptolemy/vergil/basic/export/test/ptolemy/domains/ptinyos/lib/MicaLeds.xml
/home/travis/build/icyphy/ptII/ptolemy/vergil/basic/export/test/ptolemy/domains/ptinyos/lib/MicaLeds.xml (No such file or directory)
 in file:/home/travis/build/icyphy/ptII/ptolemy/actor/ptalon/demo/ptinyos/SenseToLeds/MicaBoard.xml at line 134 and column 63
	at ptolemy.moml.SimpleErrorHandler.handleError(SimpleErrorHandler.java:75)
	at ptolemy.moml.MoMLParser.startElement(MoMLParser.java:3805)
	at com.microstar.xml.XmlParser.parseElement(XmlParser.java:921)
	at com.microstar.xml.XmlParser.parseContent(XmlParser.java:1104)
	at com.microstar.xml.XmlParser.parseElement(XmlParser.java:924)
	at com.microstar.xml.XmlParser.parseDocument(XmlParser.java:481)
	at com.microstar.xml.XmlParser.doParse(XmlParser.java:159)
	at com.microstar.xml.XmlParser.parse(XmlParser.java:132)
	at ptolemy.moml.MoMLParser.parse(MoMLParser.java:1676)
	at ptolemy.moml.MoMLParser.parse(MoMLParser.java:1595)
	at ptolemy.moml.MoMLParser.parse(MoMLParser.java:1537)
	at ptolemy.moml.MoMLParser._findOrParse(MoMLParser.java:5286)
	at ptolemy.moml.MoMLParser._attemptToFindMoMLClass(MoMLParser.java:4075)
	at ptolemy.moml.MoMLParser._createEntity(MoMLParser.java:4323)
	... 65 more
Caused by: ptolemy.kernel.util.IllegalActionException: Cannot find class: ptolemy.domains.ptinyos.lib.MicaLeds. In Ptolemy, classes are typically Java .class files. Entities like actors may instead be defined within a .xml file.  In any case, the class was not found. If the class uses a third party package, then the class would be present only if the third party package was found at compile time.  It may be necessary to upgrade Java or install the third party package, reconfigure and recompile.
Because:
-- /home/travis/build/icyphy/ptII/ptolemy/actor/ptalon/demo/ptinyos/SenseToLeds/ptolemy/domains/ptinyos/lib/MicaLeds.xml (No such file or directory)
-- XML file not found relative to classpath.
-- /home/travis/build/icyphy/ptII/ptolemy/vergil/basic/export/test/ptolemy/domains/ptinyos/lib/MicaLeds.xml
/home/travis/build/icyphy/ptII/ptolemy/vergil/basic/export/test/ptolemy/domains/ptinyos/lib/MicaLeds.xml (No such file or directory)
 in file:/home/travis/build/icyphy/ptII/ptolemy/actor/ptalon/demo/ptinyos/SenseToLeds/MicaBoard.xml at line 134 and column 63
	at ptolemy.moml.MoMLParser._createEntity(MoMLParser.java:4330)
	at ptolemy.moml.MoMLParser.startElement(MoMLParser.java:2864)
	... 77 more
Caused by: com.microstar.xml.XmlException: -- /home/travis/build/icyphy/ptII/ptolemy/actor/ptalon/demo/ptinyos/SenseToLeds/ptolemy/domains/ptinyos/lib/MicaLeds.xml (No such file or directory)
-- XML file not found relative to classpath.
-- /home/travis/build/icyphy/ptII/ptolemy/vergil/basic/export/test/ptolemy/domains/ptinyos/lib/MicaLeds.xml
/home/travis/build/icyphy/ptII/ptolemy/vergil/basic/export/test/ptolemy/domains/ptinyos/lib/MicaLeds.xml (No such file or directory)
 in file:/home/travis/build/icyphy/ptII/ptolemy/actor/ptalon/demo/ptinyos/SenseToLeds/MicaBoard.xml at line 134 and column 63
	at ptolemy.moml.MoMLParser.fileNameToURL(MoMLParser.java:1414)
	at ptolemy.moml.MoMLParser._findOrParse(MoMLParser.java:5283)
	at ptolemy.moml.MoMLParser._attemptToFindMoMLClass(MoMLParser.java:4075)
	at ptolemy.moml.MoMLParser._createEntity(MoMLParser.java:4323)
	... 78 more
Failed to read file:/home/travis/build/icyphy/ptII/ptolemy/actor/ptalon/demo/ptinyos/SenseToLeds/SenseToLeds.xml
ptolemy.kernel.util.IllegalActionException: Failed to process attribute change to PtalonParameter, whose value is "ptolemy.actor.ptalon.PtalonExpressionParameter {.SenseToLeds.SenseToLeds.n} 2".
  in .SenseToLeds.SenseToLeds
Because:
Unable to add actor null
	at ptolemy.actor.ptalon.PtalonActor.attributeChanged(PtalonActor.java:211)
	at ptolemy.actor.ptalon.PtalonMLHandler.startElement(PtalonMLHandler.java:134)
	at com.microstar.xml.XmlParser.parseElement(XmlParser.java:921)
	at com.microstar.xml.XmlParser.parseContent(XmlParser.java:1104)
	at com.microstar.xml.XmlParser.parseElement(XmlParser.java:924)
	at com.microstar.xml.XmlParser.parseDocument(XmlParser.java:481)
	at com.microstar.xml.XmlParser.doParse(XmlParser.java:159)
	at com.microstar.xml.XmlParser.parse(XmlParser.java:132)
	at ptolemy.actor.ptalon.PtalonActor.configure(PtalonActor.java:240)
	at ptolemy.moml.MoMLParser.endElement(MoMLParser.java:996)
	at com.microstar.xml.XmlParser.parseETag(XmlParser.java:1026)
	at com.microstar.xml.XmlParser.parseContent(XmlParser.java:1098)
	at com.microstar.xml.XmlParser.parseElement(XmlParser.java:924)
	at com.microstar.xml.XmlParser.parseContent(XmlParser.java:1104)
	at com.microstar.xml.XmlParser.parseElement(XmlParser.java:924)
	at com.microstar.xml.XmlParser.parseContent(XmlParser.java:1104)
	at com.microstar.xml.XmlParser.parseElement(XmlParser.java:924)
	at com.microstar.xml.XmlParser.parseDocument(XmlParser.java:481)
	at com.microstar.xml.XmlParser.doParse(XmlParser.java:159)
	at com.microstar.xml.XmlParser.parse(XmlParser.java:132)
	at ptolemy.moml.MoMLParser.parse(MoMLParser.java:1676)
	at ptolemy.moml.MoMLParser.parse(MoMLParser.java:1595)
	at ptolemy.moml.MoMLParser.parse(MoMLParser.java:1537)
	at ptolemy.actor.gui.PtolemyEffigy$Factory.createEffigy(PtolemyEffigy.java:424)
	at ptolemy.actor.gui.EffigyFactory.createEffigy(EffigyFactory.java:234)
	at ptolemy.actor.gui.Configuration.openModel(Configuration.java:1125)
	at ptolemy.actor.gui.Configuration.openModel(Configuration.java:1051)
	at ptolemy.actor.gui.ConfigurationApplication._openModel(ConfigurationApplication.java:1252)
	at ptolemy.actor.gui.ConfigurationApplication._parseArg(ConfigurationApplication.java:1399)
	at ptolemy.actor.gui.ConfigurationApplication._parseArgs(ConfigurationApplication.java:1478)
	at ptolemy.actor.gui.ConfigurationApplication.<init>(ConfigurationApplication.java:277)
	at ptolemy.actor.gui.ConfigurationApplication.<init>(ConfigurationApplication.java:214)
	at ptolemy.actor.gui.ConfigurationApplication.<init>(ConfigurationApplication.java:201)
	at ptolemy.actor.gui.ConfigurationApplication.openModelOrEntity(ConfigurationApplication.java:680)
	at ptolemy.vergil.basic.export.ExportModel$1.run(ExportModel.java:220)
	at java.awt.event.InvocationEvent.dispatch(InvocationEvent.java:301)
	at java.awt.EventQueue.dispatchEventImpl(EventQueue.java:756)
	at java.awt.EventQueue.access$500(EventQueue.java:97)
	at java.awt.EventQueue$3.run(EventQueue.java:709)
	at java.awt.EventQueue$3.run(EventQueue.java:703)
	at java.security.AccessController.doPrivileged(Native Method)
	at java.security.ProtectionDomain$JavaSecurityAccessImpl.doIntersectionPrivilege(ProtectionDomain.java:80)
	at java.awt.EventQueue.dispatchEvent(EventQueue.java:726)
	at java.awt.EventDispatchThread.pumpOneEventForFilters(EventDispatchThread.java:201)
	at java.awt.EventDispatchThread.pumpEventsForFilter(EventDispatchThread.java:116)
	at java.awt.EventDispatchThread.pumpEventsForHierarchy(EventDispatchThread.java:105)
	at java.awt.EventDispatchThread.pumpEvents(EventDispatchThread.java:101)
	at java.awt.EventDispatchThread.pumpEvents(EventDispatchThread.java:93)
	at java.awt.EventDispatchThread.run(EventDispatchThread.java:82)
Caused by: ptolemy.actor.ptalon.PtalonRuntimeException: Unable to add actor null
	at ptolemy.actor.ptalon.PtalonEvaluator.addActor(PtalonEvaluator.java:300)
	at ptolemy.actor.ptalon.PtalonPopulator.actor_declaration(PtalonPopulator.java:1574)
	at ptolemy.actor.ptalon.PtalonPopulator.atomic_statement(PtalonPopulator.java:1638)
	at ptolemy.actor.ptalon.PtalonPopulator.iterative_statement_evaluator(PtalonPopulator.java:2484)
	at ptolemy.actor.ptalon.AbstractPtalonEvaluator$IfTree.evaluateForScope(AbstractPtalonEvaluator.java:1307)
	at ptolemy.actor.ptalon.AbstractPtalonEvaluator.evaluateForScope(AbstractPtalonEvaluator.java:744)
	at ptolemy.actor.ptalon.PtalonPopulator.iterative_statement(PtalonPopulator.java:2363)
	at ptolemy.actor.ptalon.PtalonPopulator.actor_definition(PtalonPopulator.java:2809)
	at ptolemy.actor.ptalon.PtalonActor.attributeChanged(PtalonActor.java:206)
	... 48 more
Caused by: ptolemy.kernel.util.InternalErrorException: Element <entity name="node1" class="ptolemy.actor.ptalon.demo.ptinyos.SenseToLeds.MicaBoard"> caused an exception to be thrown.
  in .SenseToLeds.SenseToLeds
Because:
Cannot find class: ptolemy.actor.ptalon.demo.ptinyos.SenseToLeds.MicaBoard. In Ptolemy, classes are typically Java .class files. Entities like actors may instead be defined within a .xml file.  In any case, the class was not found. If the class uses a third party package, then the class would be present only if the third party package was found at compile time.  It may be necessary to upgrade Java or install the third party package, reconfigure and recompile.
Because:
Element <entity name="MicaLeds" class="ptolemy.domains.ptinyos.lib.MicaLeds"> caused an exception to be thrown.
  in .MicaBoard
Because:
Cannot find class: ptolemy.domains.ptinyos.lib.MicaLeds. In Ptolemy, classes are typically Java .class files. Entities like actors may instead be defined within a .xml file.  In any case, the class was not found. If the class uses a third party package, then the class would be present only if the third party package was found at compile time.  It may be necessary to upgrade Java or install the third party package, reconfigure and recompile.
Because:
-- /home/travis/build/icyphy/ptII/ptolemy/actor/ptalon/demo/ptinyos/SenseToLeds/ptolemy/domains/ptinyos/lib/MicaLeds.xml (No such file or directory)
-- XML file not found relative to classpath.
-- /home/travis/build/icyphy/ptII/ptolemy/vergil/basic/export/test/ptolemy/domains/ptinyos/lib/MicaLeds.xml
/home/travis/build/icyphy/ptII/ptolemy/vergil/basic/export/test/ptolemy/domains/ptinyos/lib/MicaLeds.xml (No such file or directory)
 in file:/home/travis/build/icyphy/ptII/ptolemy/actor/ptalon/demo/ptinyos/SenseToLeds/MicaBoard.xml at line 134 and column 63
	at ptolemy.moml.SimpleErrorHandler.handleError(SimpleErrorHandler.java:75)
	at ptolemy.moml.MoMLParser.startElement(MoMLParser.java:3805)
	at com.microstar.xml.XmlParser.parseElement(XmlParser.java:931)
	at com.microstar.xml.XmlParser.parseDocument(XmlParser.java:481)
	at com.microstar.xml.XmlParser.doParse(XmlParser.java:159)
	at com.microstar.xml.XmlParser.parse(XmlParser.java:132)
	at ptolemy.moml.MoMLParser.parse(MoMLParser.java:1660)
	at ptolemy.moml.MoMLParser.parse(MoMLParser.java:1617)
	at ptolemy.moml.MoMLParser.parse(MoMLParser.java:1792)
	at ptolemy.actor.ptalon.PtalonEvaluator.addActor(PtalonEvaluator.java:241)
	... 56 more
Caused by: ptolemy.kernel.util.IllegalActionException: Cannot find class: ptolemy.actor.ptalon.demo.ptinyos.SenseToLeds.MicaBoard. In Ptolemy, classes are typically Java .class files. Entities like actors may instead be defined within a .xml file.  In any case, the class was not found. If the class uses a third party package, then the class would be present only if the third party package was found at compile time.  It may be necessary to upgrade Java or install the third party package, reconfigure and recompile.
Because:
Element <entity name="MicaLeds" class="ptolemy.domains.ptinyos.lib.MicaLeds"> caused an exception to be thrown.
  in .MicaBoard
Because:
Cannot find class: ptolemy.domains.ptinyos.lib.MicaLeds. In Ptolemy, classes are typically Java .class files. Entities like actors may instead be defined within a .xml file.  In any case, the class was not found. If the class uses a third party package, then the class would be present only if the third party package was found at compile time.  It may be necessary to upgrade Java or install the third party package, reconfigure and recompile.
Because:
-- /home/travis/build/icyphy/ptII/ptolemy/actor/ptalon/demo/ptinyos/SenseToLeds/ptolemy/domains/ptinyos/lib/MicaLeds.xml (No such file or directory)
-- XML file not found relative to classpath.
-- /home/travis/build/icyphy/ptII/ptolemy/vergil/basic/export/test/ptolemy/domains/ptinyos/lib/MicaLeds.xml
/home/travis/build/icyphy/ptII/ptolemy/vergil/basic/export/test/ptolemy/domains/ptinyos/lib/MicaLeds.xml (No such file or directory)
 in file:/home/travis/build/icyphy/ptII/ptolemy/actor/ptalon/demo/ptinyos/SenseToLeds/MicaBoard.xml at line 134 and column 63
	at ptolemy.moml.MoMLParser._createEntity(MoMLParser.java:4330)
	at ptolemy.moml.MoMLParser.startElement(MoMLParser.java:2864)
	... 64 more
Caused by: ptolemy.kernel.util.InternalErrorException: Element <entity name="MicaLeds" class="ptolemy.domains.ptinyos.lib.MicaLeds"> caused an exception to be thrown.
  in .MicaBoard
Because:
Cannot find class: ptolemy.domains.ptinyos.lib.MicaLeds. In Ptolemy, classes are typically Java .class files. Entities like actors may instead be defined within a .xml file.  In any case, the class was not found. If the class uses a third party package, then the class would be present only if the third party package was found at compile time.  It may be necessary to upgrade Java or install the third party package, reconfigure and recompile.
Because:
-- /home/travis/build/icyphy/ptII/ptolemy/actor/ptalon/demo/ptinyos/SenseToLeds/ptolemy/domains/ptinyos/lib/MicaLeds.xml (No such file or directory)
-- XML file not found relative to classpath.
-- /home/travis/build/icyphy/ptII/ptolemy/vergil/basic/export/test/ptolemy/domains/ptinyos/lib/MicaLeds.xml
/home/travis/build/icyphy/ptII/ptolemy/vergil/basic/export/test/ptolemy/domains/ptinyos/lib/MicaLeds.xml (No such file or directory)
 in file:/home/travis/build/icyphy/ptII/ptolemy/actor/ptalon/demo/ptinyos/SenseToLeds/MicaBoard.xml at line 134 and column 63
	at ptolemy.moml.SimpleErrorHandler.handleError(SimpleErrorHandler.java:75)
	at ptolemy.moml.MoMLParser.startElement(MoMLParser.java:3805)
	at com.microstar.xml.XmlParser.parseElement(XmlParser.java:921)
	at com.microstar.xml.XmlParser.parseContent(XmlParser.java:1104)
	at com.microstar.xml.XmlParser.parseElement(XmlParser.java:924)
	at com.microstar.xml.XmlParser.parseDocument(XmlParser.java:481)
	at com.microstar.xml.XmlParser.doParse(XmlParser.java:159)
	at com.microstar.xml.XmlParser.parse(XmlParser.java:132)
	at ptolemy.moml.MoMLParser.parse(MoMLParser.java:1676)
	at ptolemy.moml.MoMLParser.parse(MoMLParser.java:1595)
	at ptolemy.moml.MoMLParser.parse(MoMLParser.java:1537)
	at ptolemy.moml.MoMLParser._findOrParse(MoMLParser.java:5286)
	at ptolemy.moml.MoMLParser._attemptToFindMoMLClass(MoMLParser.java:4075)
	at ptolemy.moml.MoMLParser._createEntity(MoMLParser.java:4323)
	... 65 more
Caused by: ptolemy.kernel.util.IllegalActionException: Cannot find class: ptolemy.domains.ptinyos.lib.MicaLeds. In Ptolemy, classes are typically Java .class files. Entities like actors may instead be defined within a .xml file.  In any case, the class was not found. If the class uses a third party package, then the class would be present only if the third party package was found at compile time.  It may be necessary to upgrade Java or install the third party package, reconfigure and recompile.
Because:
-- /home/travis/build/icyphy/ptII/ptolemy/actor/ptalon/demo/ptinyos/SenseToLeds/ptolemy/domains/ptinyos/lib/MicaLeds.xml (No such file or directory)
-- XML file not found relative to classpath.
-- /home/travis/build/icyphy/ptII/ptolemy/vergil/basic/export/test/ptolemy/domains/ptinyos/lib/MicaLeds.xml
/home/travis/build/icyphy/ptII/ptolemy/vergil/basic/export/test/ptolemy/domains/ptinyos/lib/MicaLeds.xml (No such file or directory)
 in file:/home/travis/build/icyphy/ptII/ptolemy/actor/ptalon/demo/ptinyos/SenseToLeds/MicaBoard.xml at line 134 and column 63
	at ptolemy.moml.MoMLParser._createEntity(MoMLParser.java:4330)
	at ptolemy.moml.MoMLParser.startElement(MoMLParser.java:2864)
	... 77 more
Caused by: com.microstar.xml.XmlException: -- /home/travis/build/icyphy/ptII/ptolemy/actor/ptalon/demo/ptinyos/SenseToLeds/ptolemy/domains/ptinyos/lib/MicaLeds.xml (No such file or directory)
-- XML file not found relative to classpath.
-- /home/travis/build/icyphy/ptII/ptolemy/vergil/basic/export/test/ptolemy/domains/ptinyos/lib/MicaLeds.xml
/home/travis/build/icyphy/ptII/ptolemy/vergil/basic/export/test/ptolemy/domains/ptinyos/lib/MicaLeds.xml (No such file or directory)
 in file:/home/travis/build/icyphy/ptII/ptolemy/actor/ptalon/demo/ptinyos/SenseToLeds/MicaBoard.xml at line 134 and column 63
	at ptolemy.moml.MoMLParser.fileNameToURL(MoMLParser.java:1414)
	at ptolemy.moml.MoMLParser._findOrParse(MoMLParser.java:5283)
	at ptolemy.moml.MoMLParser._attemptToFindMoMLClass(MoMLParser.java:4075)
	at ptolemy.moml.MoMLParser._createEntity(MoMLParser.java:4323)
	... 78 more
Caused by: ptolemy.actor.ptalon.PtalonRuntimeException: Unable to add actor null
	at ptolemy.actor.ptalon.PtalonEvaluator.addActor(PtalonEvaluator.java:300)
	at ptolemy.actor.ptalon.PtalonPopulator.actor_declaration(PtalonPopulator.java:1574)
	at ptolemy.actor.ptalon.PtalonPopulator.atomic_statement(PtalonPopulator.java:1638)
	at ptolemy.actor.ptalon.PtalonPopulator.iterative_statement_evaluator(PtalonPopulator.java:2484)
	at ptolemy.actor.ptalon.AbstractPtalonEvaluator$IfTree.evaluateForScope(AbstractPtalonEvaluator.java:1307)
	at ptolemy.actor.ptalon.AbstractPtalonEvaluator.evaluateForScope(AbstractPtalonEvaluator.java:744)
	at ptolemy.actor.ptalon.PtalonPopulator.iterative_statement(PtalonPopulator.java:2363)
	at ptolemy.actor.ptalon.PtalonPopulator.actor_definition(PtalonPopulator.java:2809)
	at ptolemy.actor.ptalon.PtalonActor.attributeChanged(PtalonActor.java:206)
	at ptolemy.actor.ptalon.PtalonMLHandler.startElement(PtalonMLHandler.java:134)
	at com.microstar.xml.XmlParser.parseElement(XmlParser.java:921)
	at com.microstar.xml.XmlParser.parseContent(XmlParser.java:1104)
	at com.microstar.xml.XmlParser.parseElement(XmlParser.java:924)
	at com.microstar.xml.XmlParser.parseDocument(XmlParser.java:481)
	at com.microstar.xml.XmlParser.doParse(XmlParser.java:159)
	at com.microstar.xml.XmlParser.parse(XmlParser.java:132)
	at ptolemy.actor.ptalon.PtalonActor.configure(PtalonActor.java:240)
	at ptolemy.moml.MoMLParser.endElement(MoMLParser.java:996)
	at com.microstar.xml.XmlParser.parseETag(XmlParser.java:1026)
	at com.microstar.xml.XmlParser.parseContent(XmlParser.java:1098)
	at com.microstar.xml.XmlParser.parseElement(XmlParser.java:924)
	at com.microstar.xml.XmlParser.parseContent(XmlParser.java:1104)
	at com.microstar.xml.XmlParser.parseElement(XmlParser.java:924)
	at com.microstar.xml.XmlParser.parseContent(XmlParser.java:1104)
	at com.microstar.xml.XmlParser.parseElement(XmlParser.java:924)
	at com.microstar.xml.XmlParser.parseDocument(XmlParser.java:481)
	at com.microstar.xml.XmlParser.doParse(XmlParser.java:159)
	at com.microstar.xml.XmlParser.parse(XmlParser.java:132)
	at ptolemy.moml.MoMLParser.parse(MoMLParser.java:1676)
	at ptolemy.moml.MoMLParser.parse(MoMLParser.java:1595)
	at ptolemy.moml.MoMLParser.parse(MoMLParser.java:1537)
	at ptolemy.actor.gui.PtolemyEffigy$Factory.createEffigy(PtolemyEffigy.java:424)
	at ptolemy.actor.gui.EffigyFactory.createEffigy(EffigyFactory.java:234)
	at ptolemy.actor.gui.Configuration.openModel(Configuration.java:1125)
	at ptolemy.actor.gui.Configuration.openModel(Configuration.java:1051)
	at ptolemy.actor.gui.ConfigurationApplication._openModel(ConfigurationApplication.java:1252)
	at ptolemy.actor.gui.ConfigurationApplication._parseArg(ConfigurationApplication.java:1399)
	at ptolemy.actor.gui.ConfigurationApplication._parseArgs(ConfigurationApplication.java:1478)
	at ptolemy.actor.gui.ConfigurationApplication.<init>(ConfigurationApplication.java:277)
	at ptolemy.actor.gui.ConfigurationApplication.<init>(ConfigurationApplication.java:214)
	at ptolemy.actor.gui.ConfigurationApplication.<init>(ConfigurationApplication.java:201)
	at ptolemy.actor.gui.ConfigurationApplication.openModelOrEntity(ConfigurationApplication.java:680)
	at ptolemy.vergil.basic.export.ExportModel$1.run(ExportModel.java:220)
	at java.awt.event.InvocationEvent.dispatch(InvocationEvent.java:301)
	at java.awt.EventQueue.dispatchEventImpl(EventQueue.java:756)
	at java.awt.EventQueue.access$500(EventQueue.java:97)
	at java.awt.EventQueue$3.run(EventQueue.java:709)
	at java.awt.EventQueue$3.run(EventQueue.java:703)
	at java.security.AccessController.doPrivileged(Native Method)
	at java.security.ProtectionDomain$JavaSecurityAccessImpl.doIntersectionPrivilege(ProtectionDomain.java:80)
	at java.awt.EventQueue.dispatchEvent(EventQueue.java:726)
	at java.awt.EventDispatchThread.pumpOneEventForFilters(EventDispatchThread.java:201)
	at java.awt.EventDispatchThread.pumpEventsForFilter(EventDispatchThread.java:116)
	at java.awt.EventDispatchThread.pumpEventsForHierarchy(EventDispatchThread.java:105)
	at java.awt.EventDispatchThread.pumpEvents(EventDispatchThread.java:101)
	at java.awt.EventDispatchThread.pumpEvents(EventDispatchThread.java:93)
	at java.awt.EventDispatchThread.run(EventDispatchThread.java:82)
Caused by: ptolemy.kernel.util.InternalErrorException: Element <entity name="node1" class="ptolemy.actor.ptalon.demo.ptinyos.SenseToLeds.MicaBoard"> caused an exception to be thrown.
  in .SenseToLeds.SenseToLeds
Because:
Cannot find class: ptolemy.actor.ptalon.demo.ptinyos.SenseToLeds.MicaBoard. In Ptolemy, classes are typically Java .class files. Entities like actors may instead be defined within a .xml file.  In any case, the class was not found. If the class uses a third party package, then the class would be present only if the third party package was found at compile time.  It may be necessary to upgrade Java or install the third party package, reconfigure and recompile.
Because:
Element <entity name="MicaLeds" class="ptolemy.domains.ptinyos.lib.MicaLeds"> caused an exception to be thrown.
  in .MicaBoard
Because:
Cannot find class: ptolemy.domains.ptinyos.lib.MicaLeds. In Ptolemy, classes are typically Java .class files. Entities like actors may instead be defined within a .xml file.  In any case, the class was not found. If the class uses a third party package, then the class would be present only if the third party package was found at compile time.  It may be necessary to upgrade Java or install the third party package, reconfigure and recompile.
Because:
-- /home/travis/build/icyphy/ptII/ptolemy/actor/ptalon/demo/ptinyos/SenseToLeds/ptolemy/domains/ptinyos/lib/MicaLeds.xml (No such file or directory)
-- XML file not found relative to classpath.
-- /home/travis/build/icyphy/ptII/ptolemy/vergil/basic/export/test/ptolemy/domains/ptinyos/lib/MicaLeds.xml
/home/travis/build/icyphy/ptII/ptolemy/vergil/basic/export/test/ptolemy/domains/ptinyos/lib/MicaLeds.xml (No such file or directory)
 in file:/home/travis/build/icyphy/ptII/ptolemy/actor/ptalon/demo/ptinyos/SenseToLeds/MicaBoard.xml at line 134 and column 63
	at ptolemy.moml.SimpleErrorHandler.handleError(SimpleErrorHandler.java:75)
	at ptolemy.moml.MoMLParser.startElement(MoMLParser.java:3805)
	at com.microstar.xml.XmlParser.parseElement(XmlParser.java:931)
	at com.microstar.xml.XmlParser.parseDocument(XmlParser.java:481)
	at com.microstar.xml.XmlParser.doParse(XmlParser.java:159)
	at com.microstar.xml.XmlParser.parse(XmlParser.java:132)
	at ptolemy.moml.MoMLParser.parse(MoMLParser.java:1660)
	at ptolemy.moml.MoMLParser.parse(MoMLParser.java:1617)
	at ptolemy.moml.MoMLParser.parse(MoMLParser.java:1792)
	at ptolemy.actor.ptalon.PtalonEvaluator.addActor(PtalonEvaluator.java:241)
	... 56 more
Caused by: ptolemy.kernel.util.IllegalActionException: Cannot find class: ptolemy.actor.ptalon.demo.ptinyos.SenseToLeds.MicaBoard. In Ptolemy, classes are typically Java .class files. Entities like actors may instead be defined within a .xml file.  In any case, the class was not found. If the class uses a third party package, then the class would be present only if the third party package was found at compile time.  It may be necessary to upgrade Java or install the third party package, reconfigure and recompile.
Because:
Element <entity name="MicaLeds" class="ptolemy.domains.ptinyos.lib.MicaLeds"> caused an exception to be thrown.
  in .MicaBoard
Because:
Cannot find class: ptolemy.domains.ptinyos.lib.MicaLeds. In Ptolemy, classes are typically Java .class files. Entities like actors may instead be defined within a .xml file.  In any case, the class was not found. If the class uses a third party package, then the class would be present only if the third party package was found at compile time.  It may be necessary to upgrade Java or install the third party package, reconfigure and recompile.
Because:
-- /home/travis/build/icyphy/ptII/ptolemy/actor/ptalon/demo/ptinyos/SenseToLeds/ptolemy/domains/ptinyos/lib/MicaLeds.xml (No such file or directory)
-- XML file not found relative to classpath.
-- /home/travis/build/icyphy/ptII/ptolemy/vergil/basic/export/test/ptolemy/domains/ptinyos/lib/MicaLeds.xml
/home/travis/build/icyphy/ptII/ptolemy/vergil/basic/export/test/ptolemy/domains/ptinyos/lib/MicaLeds.xml (No such file or directory)
 in file:/home/travis/build/icyphy/ptII/ptolemy/actor/ptalon/demo/ptinyos/SenseToLeds/MicaBoard.xml at line 134 and column 63
	at ptolemy.moml.MoMLParser._createEntity(MoMLParser.java:4330)
	at ptolemy.moml.MoMLParser.startElement(MoMLParser.java:2864)
	... 64 more
Caused by: ptolemy.kernel.util.InternalErrorException: Element <entity name="MicaLeds" class="ptolemy.domains.ptinyos.lib.MicaLeds"> caused an exception to be thrown.
  in .MicaBoard
Because:
Cannot find class: ptolemy.domains.ptinyos.lib.MicaLeds. In Ptolemy, classes are typically Java .class files. Entities like actors may instead be defined within a .xml file.  In any case, the class was not found. If the class uses a third party package, then the class would be present only if the third party package was found at compile time.  It may be necessary to upgrade Java or install the third party package, reconfigure and recompile.
Because:
-- /home/travis/build/icyphy/ptII/ptolemy/actor/ptalon/demo/ptinyos/SenseToLeds/ptolemy/domains/ptinyos/lib/MicaLeds.xml (No such file or directory)
-- XML file not found relative to classpath.
-- /home/travis/build/icyphy/ptII/ptolemy/vergil/basic/export/test/ptolemy/domains/ptinyos/lib/MicaLeds.xml
/home/travis/build/icyphy/ptII/ptolemy/vergil/basic/export/test/ptolemy/domains/ptinyos/lib/MicaLeds.xml (No such file or directory)
 in file:/home/travis/build/icyphy/ptII/ptolemy/actor/ptalon/demo/ptinyos/SenseToLeds/MicaBoard.xml at line 134 and column 63
	at ptolemy.moml.SimpleErrorHandler.handleError(SimpleErrorHandler.java:75)
	at ptolemy.moml.MoMLParser.startElement(MoMLParser.java:3805)
	at com.microstar.xml.XmlParser.parseElement(XmlParser.java:921)
	at com.microstar.xml.XmlParser.parseContent(XmlParser.java:1104)
	at com.microstar.xml.XmlParser.parseElement(XmlParser.java:924)
	at com.microstar.xml.XmlParser.parseDocument(XmlParser.java:481)
	at com.microstar.xml.XmlParser.doParse(XmlParser.java:159)
	at com.microstar.xml.XmlParser.parse(XmlParser.java:132)
	at ptolemy.moml.MoMLParser.parse(MoMLParser.java:1676)
	at ptolemy.moml.MoMLParser.parse(MoMLParser.java:1595)
	at ptolemy.moml.MoMLParser.parse(MoMLParser.java:1537)
	at ptolemy.moml.MoMLParser._findOrParse(MoMLParser.java:5286)
	at ptolemy.moml.MoMLParser._attemptToFindMoMLClass(MoMLParser.java:4075)
	at ptolemy.moml.MoMLParser._createEntity(MoMLParser.java:4323)
	... 65 more
Caused by: ptolemy.kernel.util.IllegalActionException: Cannot find class: ptolemy.domains.ptinyos.lib.MicaLeds. In Ptolemy, classes are typically Java .class files. Entities like actors may instead be defined within a .xml file.  In any case, the class was not found. If the class uses a third party package, then the class would be present only if the third party package was found at compile time.  It may be necessary to upgrade Java or install the third party package, reconfigure and recompile.
Because:
-- /home/travis/build/icyphy/ptII/ptolemy/actor/ptalon/demo/ptinyos/SenseToLeds/ptolemy/domains/ptinyos/lib/MicaLeds.xml (No such file or directory)
-- XML file not found relative to classpath.
-- /home/travis/build/icyphy/ptII/ptolemy/vergil/basic/export/test/ptolemy/domains/ptinyos/lib/MicaLeds.xml
/home/travis/build/icyphy/ptII/ptolemy/vergil/basic/export/test/ptolemy/domains/ptinyos/lib/MicaLeds.xml (No such file or directory)
 in file:/home/travis/build/icyphy/ptII/ptolemy/actor/ptalon/demo/ptinyos/SenseToLeds/MicaBoard.xml at line 134 and column 63
	at ptolemy.moml.MoMLParser._createEntity(MoMLParser.java:4330)
	at ptolemy.moml.MoMLParser.startElement(MoMLParser.java:2864)
	... 77 more
Caused by: com.microstar.xml.XmlException: -- /home/travis/build/icyphy/ptII/ptolemy/actor/ptalon/demo/ptinyos/SenseToLeds/ptolemy/domains/ptinyos/lib/MicaLeds.xml (No such file or directory)
-- XML file not found relative to classpath.
-- /home/travis/build/icyphy/ptII/ptolemy/vergil/basic/export/test/ptolemy/domains/ptinyos/lib/MicaLeds.xml
/home/travis/build/icyphy/ptII/ptolemy/vergil/basic/export/test/ptolemy/domains/ptinyos/lib/MicaLeds.xml (No such file or directory)
 in file:/home/travis/build/icyphy/ptII/ptolemy/actor/ptalon/demo/ptinyos/SenseToLeds/MicaBoard.xml at line 134 and column 63
	at ptolemy.moml.MoMLParser.fileNameToURL(MoMLParser.java:1414)
	at ptolemy.moml.MoMLParser._findOrParse(MoMLParser.java:5283)
	at ptolemy.moml.MoMLParser._attemptToFindMoMLClass(MoMLParser.java:4075)
	at ptolemy.moml.MoMLParser._createEntity(MoMLParser.java:4323)
	... 78 more
ptolemy.kernel.util.IllegalActionException: Failed to process attribute change to PtalonParameter, whose value is "ptolemy.actor.ptalon.PtalonExpressionParameter {.SenseToLeds.SenseToLeds.n} 2".
  in .SenseToLeds.SenseToLeds
Because:
Unable to add actor null
	at ptolemy.actor.ptalon.PtalonActor.attributeChanged(PtalonActor.java:211)
	at ptolemy.actor.ptalon.PtalonMLHandler.startElement(PtalonMLHandler.java:134)
	at com.microstar.xml.XmlParser.parseElement(XmlParser.java:921)
	at com.microstar.xml.XmlParser.parseContent(XmlParser.java:1104)
	at com.microstar.xml.XmlParser.parseElement(XmlParser.java:924)
	at com.microstar.xml.XmlParser.parseDocument(XmlParser.java:481)
	at com.microstar.xml.XmlParser.doParse(XmlParser.java:159)
	at com.microstar.xml.XmlParser.parse(XmlParser.java:132)
	at ptolemy.actor.ptalon.PtalonActor.configure(PtalonActor.java:240)
	at ptolemy.moml.MoMLParser.endElement(MoMLParser.java:996)
	at com.microstar.xml.XmlParser.parseETag(XmlParser.java:1026)
	at com.microstar.xml.XmlParser.parseContent(XmlParser.java:1098)
	at com.microstar.xml.XmlParser.parseElement(XmlParser.java:924)
	at com.microstar.xml.XmlParser.parseContent(XmlParser.java:1104)
	at com.microstar.xml.XmlParser.parseElement(XmlParser.java:924)
	at com.microstar.xml.XmlParser.parseContent(XmlParser.java:1104)
	at com.microstar.xml.XmlParser.parseElement(XmlParser.java:924)
	at com.microstar.xml.XmlParser.parseDocument(XmlParser.java:481)
	at com.microstar.xml.XmlParser.doParse(XmlParser.java:159)
	at com.microstar.xml.XmlParser.parse(XmlParser.java:132)
	at ptolemy.moml.MoMLParser.parse(MoMLParser.java:1676)
	at ptolemy.moml.MoMLParser.parse(MoMLParser.java:1595)
	at ptolemy.moml.MoMLParser.parse(MoMLParser.java:1537)
	at ptolemy.actor.gui.PtolemyEffigy$Factory.createEffigy(PtolemyEffigy.java:424)
	at ptolemy.actor.gui.EffigyFactory.createEffigy(EffigyFactory.java:234)
	at ptolemy.actor.gui.Configuration.openModel(Configuration.java:1125)
	at ptolemy.actor.gui.Configuration.openModel(Configuration.java:1051)
	at ptolemy.actor.gui.ConfigurationApplication._openModel(ConfigurationApplication.java:1252)
	at ptolemy.actor.gui.ConfigurationApplication._parseArg(ConfigurationApplication.java:1399)
	at ptolemy.actor.gui.ConfigurationApplication._parseArgs(ConfigurationApplication.java:1478)
	at ptolemy.actor.gui.ConfigurationApplication.<init>(ConfigurationApplication.java:277)
	at ptolemy.actor.gui.ConfigurationApplication.<init>(ConfigurationApplication.java:214)
	at ptolemy.actor.gui.ConfigurationApplication.<init>(ConfigurationApplication.java:201)
	at ptolemy.actor.gui.ConfigurationApplication.openModelOrEntity(ConfigurationApplication.java:680)
	at ptolemy.vergil.basic.export.ExportModel$1.run(ExportModel.java:220)
	at java.awt.event.InvocationEvent.dispatch(InvocationEvent.java:301)
	at java.awt.EventQueue.dispatchEventImpl(EventQueue.java:756)
	at java.awt.EventQueue.access$500(EventQueue.java:97)
	at java.awt.EventQueue$3.run(EventQueue.java:709)
	at java.awt.EventQueue$3.run(EventQueue.java:703)
	at java.security.AccessController.doPrivileged(Native Method)
	at java.security.ProtectionDomain$JavaSecurityAccessImpl.doIntersectionPrivilege(ProtectionDomain.java:80)
	at java.awt.EventQueue.dispatchEvent(EventQueue.java:726)
	at java.awt.EventDispatchThread.pumpOneEventForFilters(EventDispatchThread.java:201)
	at java.awt.EventDispatchThread.pumpEventsForFilter(EventDispatchThread.java:116)
	at java.awt.EventDispatchThread.pumpEventsForHierarchy(EventDispatchThread.java:105)
	at java.awt.EventDispatchThread.pumpEvents(EventDispatchThread.java:101)
	at java.awt.EventDispatchThread.pumpEvents(EventDispatchThread.java:93)
	at java.awt.EventDispatchThread.run(EventDispatchThread.java:82)
Caused by: ptolemy.actor.ptalon.PtalonRuntimeException: Unable to add actor null
	at ptolemy.actor.ptalon.PtalonEvaluator.addActor(PtalonEvaluator.java:300)
	at ptolemy.actor.ptalon.PtalonPopulator.actor_declaration(PtalonPopulator.java:1574)
	at ptolemy.actor.ptalon.PtalonPopulator.atomic_statement(PtalonPopulator.java:1638)
	at ptolemy.actor.ptalon.PtalonPopulator.iterative_statement_evaluator(PtalonPopulator.java:2484)
	at ptolemy.actor.ptalon.AbstractPtalonEvaluator$IfTree.evaluateForScope(AbstractPtalonEvaluator.java:1307)
	at ptolemy.actor.ptalon.AbstractPtalonEvaluator.evaluateForScope(AbstractPtalonEvaluator.java:744)
	at ptolemy.actor.ptalon.PtalonPopulator.iterative_statement(PtalonPopulator.java:2363)
	at ptolemy.actor.ptalon.PtalonPopulator.actor_definition(PtalonPopulator.java:2809)
	at ptolemy.actor.ptalon.PtalonActor.attributeChanged(PtalonActor.java:206)
	... 48 more
Caused by: ptolemy.kernel.util.InternalErrorException: Element <entity name="node1" class="ptolemy.actor.ptalon.demo.ptinyos.SenseToLeds.MicaBoard"> caused an exception to be thrown.
  in .SenseToLeds.SenseToLeds
Because:
Cannot find class: ptolemy.actor.ptalon.demo.ptinyos.SenseToLeds.MicaBoard. In Ptolemy, classes are typically Java .class files. Entities like actors may instead be defined within a .xml file.  In any case, the class was not found. If the class uses a third party package, then the class would be present only if the third party package was found at compile time.  It may be necessary to upgrade Java or install the third party package, reconfigure and recompile.
Because:
Element <entity name="MicaLeds" class="ptolemy.domains.ptinyos.lib.MicaLeds"> caused an exception to be thrown.
  in .MicaBoard
Because:
Cannot find class: ptolemy.domains.ptinyos.lib.MicaLeds. In Ptolemy, classes are typically Java .class files. Entities like actors may instead be defined within a .xml file.  In any case, the class was not found. If the class uses a third party package, then the class would be present only if the third party package was found at compile time.  It may be necessary to upgrade Java or install the third party package, reconfigure and recompile.
Because:
-- /home/travis/build/icyphy/ptII/ptolemy/actor/ptalon/demo/ptinyos/SenseToLeds/ptolemy/domains/ptinyos/lib/MicaLeds.xml (No such file or directory)
-- XML file not found relative to classpath.
-- /home/travis/build/icyphy/ptII/ptolemy/vergil/basic/export/test/ptolemy/domains/ptinyos/lib/MicaLeds.xml
/home/travis/build/icyphy/ptII/ptolemy/vergil/basic/export/test/ptolemy/domains/ptinyos/lib/MicaLeds.xml (No such file or directory)
 in file:/home/travis/build/icyphy/ptII/ptolemy/actor/ptalon/demo/ptinyos/SenseToLeds/MicaBoard.xml at line 134 and column 63
	at ptolemy.moml.SimpleErrorHandler.handleError(SimpleErrorHandler.java:75)
	at ptolemy.moml.MoMLParser.startElement(MoMLParser.java:3805)
	at com.microstar.xml.XmlParser.parseElement(XmlParser.java:931)
	at com.microstar.xml.XmlParser.parseDocument(XmlParser.java:481)
	at com.microstar.xml.XmlParser.doParse(XmlParser.java:159)
	at com.microstar.xml.XmlParser.parse(XmlParser.java:132)
	at ptolemy.moml.MoMLParser.parse(MoMLParser.java:1660)
	at ptolemy.moml.MoMLParser.parse(MoMLParser.java:1617)
	at ptolemy.moml.MoMLParser.parse(MoMLParser.java:1792)
	at ptolemy.actor.ptalon.PtalonEvaluator.addActor(PtalonEvaluator.java:241)
	... 56 more
Caused by: ptolemy.kernel.util.IllegalActionException: Cannot find class: ptolemy.actor.ptalon.demo.ptinyos.SenseToLeds.MicaBoard. In Ptolemy, classes are typically Java .class files. Entities like actors may instead be defined within a .xml file.  In any case, the class was not found. If the class uses a third party package, then the class would be present only if the third party package was found at compile time.  It may be necessary to upgrade Java or install the third party package, reconfigure and recompile.
Because:
Element <entity name="MicaLeds" class="ptolemy.domains.ptinyos.lib.MicaLeds"> caused an exception to be thrown.
  in .MicaBoard
Because:
Cannot find class: ptolemy.domains.ptinyos.lib.MicaLeds. In Ptolemy, classes are typically Java .class files. Entities like actors may instead be defined within a .xml file.  In any case, the class was not found. If the class uses a third party package, then the class would be present only if the third party package was found at compile time.  It may be necessary to upgrade Java or install the third party package, reconfigure and recompile.
Because:
-- /home/travis/build/icyphy/ptII/ptolemy/actor/ptalon/demo/ptinyos/SenseToLeds/ptolemy/domains/ptinyos/lib/MicaLeds.xml (No such file or directory)
-- XML file not found relative to classpath.
-- /home/travis/build/icyphy/ptII/ptolemy/vergil/basic/export/test/ptolemy/domains/ptinyos/lib/MicaLeds.xml
/home/travis/build/icyphy/ptII/ptolemy/vergil/basic/export/test/ptolemy/domains/ptinyos/lib/MicaLeds.xml (No such file or directory)
 in file:/home/travis/build/icyphy/ptII/ptolemy/actor/ptalon/demo/ptinyos/SenseToLeds/MicaBoard.xml at line 134 and column 63
	at ptolemy.moml.MoMLParser._createEntity(MoMLParser.java:4330)
	at ptolemy.moml.MoMLParser.startElement(MoMLParser.java:2864)
	... 64 more
Caused by: ptolemy.kernel.util.InternalErrorException: Element <entity name="MicaLeds" class="ptolemy.domains.ptinyos.lib.MicaLeds"> caused an exception to be thrown.
  in .MicaBoard
Because:
Cannot find class: ptolemy.domains.ptinyos.lib.MicaLeds. In Ptolemy, classes are typically Java .class files. Entities like actors may instead be defined within a .xml file.  In any case, the class was not found. If the class uses a third party package, then the class would be present only if the third party package was found at compile time.  It may be necessary to upgrade Java or install the third party package, reconfigure and recompile.
Because:
-- /home/travis/build/icyphy/ptII/ptolemy/actor/ptalon/demo/ptinyos/SenseToLeds/ptolemy/domains/ptinyos/lib/MicaLeds.xml (No such file or directory)
-- XML file not found relative to classpath.
-- /home/travis/build/icyphy/ptII/ptolemy/vergil/basic/export/test/ptolemy/domains/ptinyos/lib/MicaLeds.xml
/home/travis/build/icyphy/ptII/ptolemy/vergil/basic/export/test/ptolemy/domains/ptinyos/lib/MicaLeds.xml (No such file or directory)
 in file:/home/travis/build/icyphy/ptII/ptolemy/actor/ptalon/demo/ptinyos/SenseToLeds/MicaBoard.xml at line 134 and column 63
	at ptolemy.moml.SimpleErrorHandler.handleError(SimpleErrorHandler.java:75)
	at ptolemy.moml.MoMLParser.startElement(MoMLParser.java:3805)
	at com.microstar.xml.XmlParser.parseElement(XmlParser.java:921)
	at com.microstar.xml.XmlParser.parseContent(XmlParser.java:1104)
	at com.microstar.xml.XmlParser.parseElement(XmlParser.java:924)
	at com.microstar.xml.XmlParser.parseDocument(XmlParser.java:481)
	at com.microstar.xml.XmlParser.doParse(XmlParser.java:159)
	at com.microstar.xml.XmlParser.parse(XmlParser.java:132)
	at ptolemy.moml.MoMLParser.parse(MoMLParser.java:1676)
	at ptolemy.moml.MoMLParser.parse(MoMLParser.java:1595)
	at ptolemy.moml.MoMLParser.parse(MoMLParser.java:1537)
	at ptolemy.moml.MoMLParser._findOrParse(MoMLParser.java:5286)
	at ptolemy.moml.MoMLParser._attemptToFindMoMLClass(MoMLParser.java:4075)
	at ptolemy.moml.MoMLParser._createEntity(MoMLParser.java:4323)
	... 65 more
Caused by: ptolemy.kernel.util.IllegalActionException: Cannot find class: ptolemy.domains.ptinyos.lib.MicaLeds. In Ptolemy, classes are typically Java .class files. Entities like actors may instead be defined within a .xml file.  In any case, the class was not found. If the class uses a third party package, then the class would be present only if the third party package was found at compile time.  It may be necessary to upgrade Java or install the third party package, reconfigure and recompile.
Because:
-- /home/travis/build/icyphy/ptII/ptolemy/actor/ptalon/demo/ptinyos/SenseToLeds/ptolemy/domains/ptinyos/lib/MicaLeds.xml (No such file or directory)
-- XML file not found relative to classpath.
-- /home/travis/build/icyphy/ptII/ptolemy/vergil/basic/export/test/ptolemy/domains/ptinyos/lib/MicaLeds.xml
/home/travis/build/icyphy/ptII/ptolemy/vergil/basic/export/test/ptolemy/domains/ptinyos/lib/MicaLeds.xml (No such file or directory)
 in file:/home/travis/build/icyphy/ptII/ptolemy/actor/ptalon/demo/ptinyos/SenseToLeds/MicaBoard.xml at line 134 and column 63
	at ptolemy.moml.MoMLParser._createEntity(MoMLParser.java:4330)
	at ptolemy.moml.MoMLParser.startElement(MoMLParser.java:2864)
	... 77 more
Caused by: com.microstar.xml.XmlException: -- /home/travis/build/icyphy/ptII/ptolemy/actor/ptalon/demo/ptinyos/SenseToLeds/ptolemy/domains/ptinyos/lib/MicaLeds.xml (No such file or directory)
-- XML file not found relative to classpath.
-- /home/travis/build/icyphy/ptII/ptolemy/vergil/basic/export/test/ptolemy/domains/ptinyos/lib/MicaLeds.xml
/home/travis/build/icyphy/ptII/ptolemy/vergil/basic/export/test/ptolemy/domains/ptinyos/lib/MicaLeds.xml (No such file or directory)
 in file:/home/travis/build/icyphy/ptII/ptolemy/actor/ptalon/demo/ptinyos/SenseToLeds/MicaBoard.xml at line 134 and column 63
	at ptolemy.moml.MoMLParser.fileNameToURL(MoMLParser.java:1414)
	at ptolemy.moml.MoMLParser._findOrParse(MoMLParser.java:5283)
	at ptolemy.moml.MoMLParser._attemptToFindMoMLClass(MoMLParser.java:4075)
	at ptolemy.moml.MoMLParser._createEntity(MoMLParser.java:4323)
	... 78 more
Caused by: ptolemy.actor.ptalon.PtalonRuntimeException: Unable to add actor null
	at ptolemy.actor.ptalon.PtalonEvaluator.addActor(PtalonEvaluator.java:300)
	at ptolemy.actor.ptalon.PtalonPopulator.actor_declaration(PtalonPopulator.java:1574)
	at ptolemy.actor.ptalon.PtalonPopulator.atomic_statement(PtalonPopulator.java:1638)
	at ptolemy.actor.ptalon.PtalonPopulator.iterative_statement_evaluator(PtalonPopulator.java:2484)
	at ptolemy.actor.ptalon.AbstractPtalonEvaluator$IfTree.evaluateForScope(AbstractPtalonEvaluator.java:1307)
	at ptolemy.actor.ptalon.AbstractPtalonEvaluator.evaluateForScope(AbstractPtalonEvaluator.java:744)
	at ptolemy.actor.ptalon.PtalonPopulator.iterative_statement(PtalonPopulator.java:2363)
	at ptolemy.actor.ptalon.PtalonPopulator.actor_definition(PtalonPopulator.java:2809)
	at ptolemy.actor.ptalon.PtalonActor.attributeChanged(PtalonActor.java:206)
	at ptolemy.actor.ptalon.PtalonMLHandler.startElement(PtalonMLHandler.java:134)
	at com.microstar.xml.XmlParser.parseElement(XmlParser.java:921)
	at com.microstar.xml.XmlParser.parseContent(XmlParser.java:1104)
	at com.microstar.xml.XmlParser.parseElement(XmlParser.java:924)
	at com.microstar.xml.XmlParser.parseDocument(XmlParser.java:481)
	at com.microstar.xml.XmlParser.doParse(XmlParser.java:159)
	at com.microstar.xml.XmlParser.parse(XmlParser.java:132)
	at ptolemy.actor.ptalon.PtalonActor.configure(PtalonActor.java:240)
	at ptolemy.moml.MoMLParser.endElement(MoMLParser.java:996)
	at com.microstar.xml.XmlParser.parseETag(XmlParser.java:1026)
	at com.microstar.xml.XmlParser.parseContent(XmlParser.java:1098)
	at com.microstar.xml.XmlParser.parseElement(XmlParser.java:924)
	at com.microstar.xml.XmlParser.parseContent(XmlParser.java:1104)
	at com.microstar.xml.XmlParser.parseElement(XmlParser.java:924)
	at com.microstar.xml.XmlParser.parseContent(XmlParser.java:1104)
	at com.microstar.xml.XmlParser.parseElement(XmlParser.java:924)
	at com.microstar.xml.XmlParser.parseDocument(XmlParser.java:481)
	at com.microstar.xml.XmlParser.doParse(XmlParser.java:159)
	at com.microstar.xml.XmlParser.parse(XmlParser.java:132)
	at ptolemy.moml.MoMLParser.parse(MoMLParser.java:1676)
	at ptolemy.moml.MoMLParser.parse(MoMLParser.java:1595)
	at ptolemy.moml.MoMLParser.parse(MoMLParser.java:1537)
	at ptolemy.actor.gui.PtolemyEffigy$Factory.createEffigy(PtolemyEffigy.java:424)
	at ptolemy.actor.gui.EffigyFactory.createEffigy(EffigyFactory.java:234)
	at ptolemy.actor.gui.Configuration.openModel(Configuration.java:1125)
	at ptolemy.actor.gui.Configuration.openModel(Configuration.java:1051)
	at ptolemy.actor.gui.ConfigurationApplication._openModel(ConfigurationApplication.java:1252)
	at ptolemy.actor.gui.ConfigurationApplication._parseArg(ConfigurationApplication.java:1399)
	at ptolemy.actor.gui.ConfigurationApplication._parseArgs(ConfigurationApplication.java:1478)
	at ptolemy.actor.gui.ConfigurationApplication.<init>(ConfigurationApplication.java:277)
	at ptolemy.actor.gui.ConfigurationApplication.<init>(ConfigurationApplication.java:214)
	at ptolemy.actor.gui.ConfigurationApplication.<init>(ConfigurationApplication.java:201)
	at ptolemy.actor.gui.ConfigurationApplication.openModelOrEntity(ConfigurationApplication.java:680)
	at ptolemy.vergil.basic.export.ExportModel$1.run(ExportModel.java:220)
	at java.awt.event.InvocationEvent.dispatch(InvocationEvent.java:301)
	at java.awt.EventQueue.dispatchEventImpl(EventQueue.java:756)
	at java.awt.EventQueue.access$500(EventQueue.java:97)
	at java.awt.EventQueue$3.run(EventQueue.java:709)
	at java.awt.EventQueue$3.run(EventQueue.java:703)
	at java.security.AccessController.doPrivileged(Native Method)
	at java.security.ProtectionDomain$JavaSecurityAccessImpl.doIntersectionPrivilege(ProtectionDomain.java:80)
	at java.awt.EventQueue.dispatchEvent(EventQueue.java:726)
	at java.awt.EventDispatchThread.pumpOneEventForFilters(EventDispatchThread.java:201)
	at java.awt.EventDispatchThread.pumpEventsForFilter(EventDispatchThread.java:116)
	at java.awt.EventDispatchThread.pumpEventsForHierarchy(EventDispatchThread.java:105)
	at java.awt.EventDispatchThread.pumpEvents(EventDispatchThread.java:101)
	at java.awt.EventDispatchThread.pumpEvents(EventDispatchThread.java:93)
	at java.awt.EventDispatchThread.run(EventDispatchThread.java:82)
Caused by: ptolemy.kernel.util.InternalErrorException: Element <entity name="node1" class="ptolemy.actor.ptalon.demo.ptinyos.SenseToLeds.MicaBoard"> caused an exception to be thrown.
  in .SenseToLeds.SenseToLeds
Because:
Cannot find class: ptolemy.actor.ptalon.demo.ptinyos.SenseToLeds.MicaBoard. In Ptolemy, classes are typically Java .class files. Entities like actors may instead be defined within a .xml file.  In any case, the class was not found. If the class uses a third party package, then the class would be present only if the third party package was found at compile time.  It may be necessary to upgrade Java or install the third party package, reconfigure and recompile.
Because:
Element <entity name="MicaLeds" class="ptolemy.domains.ptinyos.lib.MicaLeds"> caused an exception to be thrown.
  in .MicaBoard
Because:
Cannot find class: ptolemy.domains.ptinyos.lib.MicaLeds. In Ptolemy, classes are typically Java .class files. Entities like actors may instead be defined within a .xml file.  In any case, the class was not found. If the class uses a third party package, then the class would be present only if the third party package was found at compile time.  It may be necessary to upgrade Java or install the third party package, reconfigure and recompile.
Because:
-- /home/travis/build/icyphy/ptII/ptolemy/actor/ptalon/demo/ptinyos/SenseToLeds/ptolemy/domains/ptinyos/lib/MicaLeds.xml (No such file or directory)
-- XML file not found relative to classpath.
-- /home/travis/build/icyphy/ptII/ptolemy/vergil/basic/export/test/ptolemy/domains/ptinyos/lib/MicaLeds.xml
/home/travis/build/icyphy/ptII/ptolemy/vergil/basic/export/test/ptolemy/domains/ptinyos/lib/MicaLeds.xml (No such file or directory)
 in file:/home/travis/build/icyphy/ptII/ptolemy/actor/ptalon/demo/ptinyos/SenseToLeds/MicaBoard.xml at line 134 and column 63
	at ptolemy.moml.SimpleErrorHandler.handleError(SimpleErrorHandler.java:75)
	at ptolemy.moml.MoMLParser.startElement(MoMLParser.java:3805)
	at com.microstar.xml.XmlParser.parseElement(XmlParser.java:931)
	at com.microstar.xml.XmlParser.parseDocument(XmlParser.java:481)
	at com.microstar.xml.XmlParser.doParse(XmlParser.java:159)
	at com.microstar.xml.XmlParser.parse(XmlParser.java:132)
	at ptolemy.moml.MoMLParser.parse(MoMLParser.java:1660)
	at ptolemy.moml.MoMLParser.parse(MoMLParser.java:1617)
	at ptolemy.moml.MoMLParser.parse(MoMLParser.java:1792)
	at ptolemy.actor.ptalon.PtalonEvaluator.addActor(PtalonEvaluator.java:241)
	... 56 more
Caused by: ptolemy.kernel.util.IllegalActionException: Cannot find class: ptolemy.actor.ptalon.demo.ptinyos.SenseToLeds.MicaBoard. In Ptolemy, classes are typically Java .class files. Entities like actors may instead be defined within a .xml file.  In any case, the class was not found. If the class uses a third party package, then the class would be present only if the third party package was found at compile time.  It may be necessary to upgrade Java or install the third party package, reconfigure and recompile.
Because:
Element <entity name="MicaLeds" class="ptolemy.domains.ptinyos.lib.MicaLeds"> caused an exception to be thrown.
  in .MicaBoard
Because:
Cannot find class: ptolemy.domains.ptinyos.lib.MicaLeds. In Ptolemy, classes are typically Java .class files. Entities like actors may instead be defined within a .xml file.  In any case, the class was not found. If the class uses a third party package, then the class would be present only if the third party package was found at compile time.  It may be necessary to upgrade Java or install the third party package, reconfigure and recompile.
Because:
-- /home/travis/build/icyphy/ptII/ptolemy/actor/ptalon/demo/ptinyos/SenseToLeds/ptolemy/domains/ptinyos/lib/MicaLeds.xml (No such file or directory)
-- XML file not found relative to classpath.
-- /home/travis/build/icyphy/ptII/ptolemy/vergil/basic/export/test/ptolemy/domains/ptinyos/lib/MicaLeds.xml
/home/travis/build/icyphy/ptII/ptolemy/vergil/basic/export/test/ptolemy/domains/ptinyos/lib/MicaLeds.xml (No such file or directory)
 in file:/home/travis/build/icyphy/ptII/ptolemy/actor/ptalon/demo/ptinyos/SenseToLeds/MicaBoard.xml at line 134 and column 63
	at ptolemy.moml.MoMLParser._createEntity(MoMLParser.java:4330)
	at ptolemy.moml.MoMLParser.startElement(MoMLParser.java:2864)
	... 64 more
Caused by: ptolemy.kernel.util.InternalErrorException: Element <entity name="MicaLeds" class="ptolemy.domains.ptinyos.lib.MicaLeds"> caused an exception to be thrown.
  in .MicaBoard
Because:
Cannot find class: ptolemy.domains.ptinyos.lib.MicaLeds. In Ptolemy, classes are typically Java .class files. Entities like actors may instead be defined within a .xml file.  In any case, the class was not found. If the class uses a third party package, then the class would be present only if the third party package was found at compile time.  It may be necessary to upgrade Java or install the third party package, reconfigure and recompile.
Because:
-- /home/travis/build/icyphy/ptII/ptolemy/actor/ptalon/demo/ptinyos/SenseToLeds/ptolemy/domains/ptinyos/lib/MicaLeds.xml (No such file or directory)
-- XML file not found relative to classpath.
-- /home/travis/build/icyphy/ptII/ptolemy/vergil/basic/export/test/ptolemy/domains/ptinyos/lib/MicaLeds.xml
/home/travis/build/icyphy/ptII/ptolemy/vergil/basic/export/test/ptolemy/domains/ptinyos/lib/MicaLeds.xml (No such file or directory)
 in file:/home/travis/build/icyphy/ptII/ptolemy/actor/ptalon/demo/ptinyos/SenseToLeds/MicaBoard.xml at line 134 and column 63
	at ptolemy.moml.SimpleErrorHandler.handleError(SimpleErrorHandler.java:75)
	at ptolemy.moml.MoMLParser.startElement(MoMLParser.java:3805)
	at com.microstar.xml.XmlParser.parseElement(XmlParser.java:921)
	at com.microstar.xml.XmlParser.parseContent(XmlParser.java:1104)
	at com.microstar.xml.XmlParser.parseElement(XmlParser.java:924)
	at com.microstar.xml.XmlParser.parseDocument(XmlParser.java:481)
	at com.microstar.xml.XmlParser.doParse(XmlParser.java:159)
	at com.microstar.xml.XmlParser.parse(XmlParser.java:132)
	at ptolemy.moml.MoMLParser.parse(MoMLParser.java:1676)
	at ptolemy.moml.MoMLParser.parse(MoMLParser.java:1595)
	at ptolemy.moml.MoMLParser.parse(MoMLParser.java:1537)
	at ptolemy.moml.MoMLParser._findOrParse(MoMLParser.java:5286)
	at ptolemy.moml.MoMLParser._attemptToFindMoMLClass(MoMLParser.java:4075)
	at ptolemy.moml.MoMLParser._createEntity(MoMLParser.java:4323)
	... 65 more
Caused by: ptolemy.kernel.util.IllegalActionException: Cannot find class: ptolemy.domains.ptinyos.lib.MicaLeds. In Ptolemy, classes are typically Java .class files. Entities like actors may instead be defined within a .xml file.  In any case, the class was not found. If the class uses a third party package, then the class would be present only if the third party package was found at compile time.  It may be necessary to upgrade Java or install the third party package, reconfigure and recompile.
Because:
-- /home/travis/build/icyphy/ptII/ptolemy/actor/ptalon/demo/ptinyos/SenseToLeds/ptolemy/domains/ptinyos/lib/MicaLeds.xml (No such file or directory)
-- XML file not found relative to classpath.
-- /home/travis/build/icyphy/ptII/ptolemy/vergil/basic/export/test/ptolemy/domains/ptinyos/lib/MicaLeds.xml
/home/travis/build/icyphy/ptII/ptolemy/vergil/basic/export/test/ptolemy/domains/ptinyos/lib/MicaLeds.xml (No such file or directory)
 in file:/home/travis/build/icyphy/ptII/ptolemy/actor/ptalon/demo/ptinyos/SenseToLeds/MicaBoard.xml at line 134 and column 63
	at ptolemy.moml.MoMLParser._createEntity(MoMLParser.java:4330)
	at ptolemy.moml.MoMLParser.startElement(MoMLParser.java:2864)
	... 77 more
Caused by: com.microstar.xml.XmlException: -- /home/travis/build/icyphy/ptII/ptolemy/actor/ptalon/demo/ptinyos/SenseToLeds/ptolemy/domains/ptinyos/lib/MicaLeds.xml (No such file or directory)
-- XML file not found relative to classpath.
-- /home/travis/build/icyphy/ptII/ptolemy/vergil/basic/export/test/ptolemy/domains/ptinyos/lib/MicaLeds.xml
/home/travis/build/icyphy/ptII/ptolemy/vergil/basic/export/test/ptolemy/domains/ptinyos/lib/MicaLeds.xml (No such file or directory)
 in file:/home/travis/build/icyphy/ptII/ptolemy/actor/ptalon/demo/ptinyos/SenseToLeds/MicaBoard.xml at line 134 and column 63
	at ptolemy.moml.MoMLParser.fileNameToURL(MoMLParser.java:1414)
	at ptolemy.moml.MoMLParser._findOrParse(MoMLParser.java:5283)
	at ptolemy.moml.MoMLParser._attemptToFindMoMLClass(MoMLParser.java:4075)
	at ptolemy.moml.MoMLParser._createEntity(MoMLParser.java:4323)
	... 78 more
Failed to read file:/home/travis/build/icyphy/ptII/ptolemy/actor/ptalon/demo/ptinyos/SenseToLeds/SenseToLeds.xml
ptolemy.kernel.util.IllegalActionException: Failed to process attribute change to PtalonParameter, whose value is "ptolemy.actor.ptalon.PtalonExpressionParameter {.SenseToLeds.SenseToLeds.n} 2".
  in .SenseToLeds.SenseToLeds
Because:
Unable to add actor null
	at ptolemy.actor.ptalon.PtalonActor.attributeChanged(PtalonActor.java:211)
	at ptolemy.actor.ptalon.PtalonMLHandler.startElement(PtalonMLHandler.java:134)
	at com.microstar.xml.XmlParser.parseElement(XmlParser.java:921)
	at com.microstar.xml.XmlParser.parseContent(XmlParser.java:1104)
	at com.microstar.xml.XmlParser.parseElement(XmlParser.java:924)
	at com.microstar.xml.XmlParser.parseDocument(XmlParser.java:481)
	at com.microstar.xml.XmlParser.doParse(XmlParser.java:159)
	at com.microstar.xml.XmlParser.parse(XmlParser.java:132)
	at ptolemy.actor.ptalon.PtalonActor.configure(PtalonActor.java:240)
	at ptolemy.moml.MoMLParser.endElement(MoMLParser.java:996)
	at com.microstar.xml.XmlParser.parseETag(XmlParser.java:1026)
	at com.microstar.xml.XmlParser.parseContent(XmlParser.java:1098)
	at com.microstar.xml.XmlParser.parseElement(XmlParser.java:924)
	at com.microstar.xml.XmlParser.parseContent(XmlParser.java:1104)
	at com.microstar.xml.XmlParser.parseElement(XmlParser.java:924)
	at com.microstar.xml.XmlParser.parseContent(XmlParser.java:1104)
	at com.microstar.xml.XmlParser.parseElement(XmlParser.java:924)
	at com.microstar.xml.XmlParser.parseDocument(XmlParser.java:481)
	at com.microstar.xml.XmlParser.doParse(XmlParser.java:159)
	at com.microstar.xml.XmlParser.parse(XmlParser.java:132)
	at ptolemy.moml.MoMLParser.parse(MoMLParser.java:1676)
	at ptolemy.moml.MoMLParser.parse(MoMLParser.java:1595)
	at ptolemy.moml.MoMLParser.parse(MoMLParser.java:1537)
	at ptolemy.actor.gui.PtolemyEffigy$Factory.createEffigy(PtolemyEffigy.java:424)
	at ptolemy.actor.gui.EffigyFactory.createEffigy(EffigyFactory.java:234)
	at ptolemy.actor.gui.Configuration.openModel(Configuration.java:1125)
	at ptolemy.actor.gui.Configuration.openModel(Configuration.java:1051)
	at ptolemy.actor.gui.ConfigurationApplication._openModel(ConfigurationApplication.java:1252)
	at ptolemy.actor.gui.ConfigurationApplication._parseArg(ConfigurationApplication.java:1399)
	at ptolemy.actor.gui.ConfigurationApplication._parseArgs(ConfigurationApplication.java:1478)
	at ptolemy.actor.gui.ConfigurationApplication.<init>(ConfigurationApplication.java:277)
	at ptolemy.actor.gui.ConfigurationApplication.<init>(ConfigurationApplication.java:214)
	at ptolemy.actor.gui.ConfigurationApplication.<init>(ConfigurationApplication.java:201)
	at ptolemy.actor.gui.ConfigurationApplication.openModelOrEntity(ConfigurationApplication.java:680)
	at ptolemy.vergil.basic.export.ExportModel$1.run(ExportModel.java:220)
	at java.awt.event.InvocationEvent.dispatch(InvocationEvent.java:301)
	at java.awt.EventQueue.dispatchEventImpl(EventQueue.java:756)
	at java.awt.EventQueue.access$500(EventQueue.java:97)
	at java.awt.EventQueue$3.run(EventQueue.java:709)
	at java.awt.EventQueue$3.run(EventQueue.java:703)
	at java.security.AccessController.doPrivileged(Native Method)
	at java.security.ProtectionDomain$JavaSecurityAccessImpl.doIntersectionPrivilege(ProtectionDomain.java:80)
	at java.awt.EventQueue.dispatchEvent(EventQueue.java:726)
	at java.awt.EventDispatchThread.pumpOneEventForFilters(EventDispatchThread.java:201)
	at java.awt.EventDispatchThread.pumpEventsForFilter(EventDispatchThread.java:116)
	at java.awt.EventDispatchThread.pumpEventsForHierarchy(EventDispatchThread.java:105)
	at java.awt.EventDispatchThread.pumpEvents(EventDispatchThread.java:101)
	at java.awt.EventDispatchThread.pumpEvents(EventDispatchThread.java:93)
	at java.awt.EventDispatchThread.run(EventDispatchThread.java:82)
Caused by: ptolemy.actor.ptalon.PtalonRuntimeException: Unable to add actor null
	at ptolemy.actor.ptalon.PtalonEvaluator.addActor(PtalonEvaluator.java:300)
	at ptolemy.actor.ptalon.PtalonPopulator.actor_declaration(PtalonPopulator.java:1574)
	at ptolemy.actor.ptalon.PtalonPopulator.atomic_statement(PtalonPopulator.java:1638)
	at ptolemy.actor.ptalon.PtalonPopulator.iterative_statement_evaluator(PtalonPopulator.java:2484)
	at ptolemy.actor.ptalon.AbstractPtalonEvaluator$IfTree.evaluateForScope(AbstractPtalonEvaluator.java:1307)
	at ptolemy.actor.ptalon.AbstractPtalonEvaluator.evaluateForScope(AbstractPtalonEvaluator.java:744)
	at ptolemy.actor.ptalon.PtalonPopulator.iterative_statement(PtalonPopulator.java:2363)
	at ptolemy.actor.ptalon.PtalonPopulator.actor_definition(PtalonPopulator.java:2809)
	at ptolemy.actor.ptalon.PtalonActor.attributeChanged(PtalonActor.java:206)
	... 48 more
Caused by: ptolemy.kernel.util.InternalErrorException: Element <entity name="node1" class="ptolemy.actor.ptalon.demo.ptinyos.SenseToLeds.MicaBoard"> caused an exception to be thrown.
  in .SenseToLeds.SenseToLeds
Because:
Cannot find class: ptolemy.actor.ptalon.demo.ptinyos.SenseToLeds.MicaBoard. In Ptolemy, classes are typically Java .class files. Entities like actors may instead be defined within a .xml file.  In any case, the class was not found. If the class uses a third party package, then the class would be present only if the third party package was found at compile time.  It may be necessary to upgrade Java or install the third party package, reconfigure and recompile.
Because:
Element <entity name="MicaLeds" class="ptolemy.domains.ptinyos.lib.MicaLeds"> caused an exception to be thrown.
  in .MicaBoard
Because:
Cannot find class: ptolemy.domains.ptinyos.lib.MicaLeds. In Ptolemy, classes are typically Java .class files. Entities like actors may instead be defined within a .xml file.  In any case, the class was not found. If the class uses a third party package, then the class would be present only if the third party package was found at compile time.  It may be necessary to upgrade Java or install the third party package, reconfigure and recompile.
Because:
-- /home/travis/build/icyphy/ptII/ptolemy/actor/ptalon/demo/ptinyos/SenseToLeds/ptolemy/domains/ptinyos/lib/MicaLeds.xml (No such file or directory)
-- XML file not found relative to classpath.
-- /home/travis/build/icyphy/ptII/ptolemy/vergil/basic/export/test/ptolemy/domains/ptinyos/lib/MicaLeds.xml
/home/travis/build/icyphy/ptII/ptolemy/vergil/basic/export/test/ptolemy/domains/ptinyos/lib/MicaLeds.xml (No such file or directory)
 in file:/home/travis/build/icyphy/ptII/ptolemy/actor/ptalon/demo/ptinyos/SenseToLeds/MicaBoard.xml at line 134 and column 63
	at ptolemy.moml.SimpleErrorHandler.handleError(SimpleErrorHandler.java:75)
	at ptolemy.moml.MoMLParser.startElement(MoMLParser.java:3805)
	at com.microstar.xml.XmlParser.parseElement(XmlParser.java:931)
	at com.microstar.xml.XmlParser.parseDocument(XmlParser.java:481)
	at com.microstar.xml.XmlParser.doParse(XmlParser.java:159)
	at com.microstar.xml.XmlParser.parse(XmlParser.java:132)
	at ptolemy.moml.MoMLParser.parse(MoMLParser.java:1660)
	at ptolemy.moml.MoMLParser.parse(MoMLParser.java:1617)
	at ptolemy.moml.MoMLParser.parse(MoMLParser.java:1792)
	at ptolemy.actor.ptalon.PtalonEvaluator.addActor(PtalonEvaluator.java:241)
	... 56 more
Caused by: ptolemy.kernel.util.IllegalActionException: Cannot find class: ptolemy.actor.ptalon.demo.ptinyos.SenseToLeds.MicaBoard. In Ptolemy, classes are typically Java .class files. Entities like actors may instead be defined within a .xml file.  In any case, the class was not found. If the class uses a third party package, then the class would be present only if the third party package was found at compile time.  It may be necessary to upgrade Java or install the third party package, reconfigure and recompile.
Because:
Element <entity name="MicaLeds" class="ptolemy.domains.ptinyos.lib.MicaLeds"> caused an exception to be thrown.
  in .MicaBoard
Because:
Cannot find class: ptolemy.domains.ptinyos.lib.MicaLeds. In Ptolemy, classes are typically Java .class files. Entities like actors may instead be defined within a .xml file.  In any case, the class was not found. If the class uses a third party package, then the class would be present only if the third party package was found at compile time.  It may be necessary to upgrade Java or install the third party package, reconfigure and recompile.
Because:
-- /home/travis/build/icyphy/ptII/ptolemy/actor/ptalon/demo/ptinyos/SenseToLeds/ptolemy/domains/ptinyos/lib/MicaLeds.xml (No such file or directory)
-- XML file not found relative to classpath.
-- /home/travis/build/icyphy/ptII/ptolemy/vergil/basic/export/test/ptolemy/domains/ptinyos/lib/MicaLeds.xml
/home/travis/build/icyphy/ptII/ptolemy/vergil/basic/export/test/ptolemy/domains/ptinyos/lib/MicaLeds.xml (No such file or directory)
 in file:/home/travis/build/icyphy/ptII/ptolemy/actor/ptalon/demo/ptinyos/SenseToLeds/MicaBoard.xml at line 134 and column 63
	at ptolemy.moml.MoMLParser._createEntity(MoMLParser.java:4330)
	at ptolemy.moml.MoMLParser.startElement(MoMLParser.java:2864)
	... 64 more
Caused by: ptolemy.kernel.util.InternalErrorException: Element <entity name="MicaLeds" class="ptolemy.domains.ptinyos.lib.MicaLeds"> caused an exception to be thrown.
  in .MicaBoard
Because:
Cannot find class: ptolemy.domains.ptinyos.lib.MicaLeds. In Ptolemy, classes are typically Java .class files. Entities like actors may instead be defined within a .xml file.  In any case, the class was not found. If the class uses a third party package, then the class would be present only if the third party package was found at compile time.  It may be necessary to upgrade Java or install the third party package, reconfigure and recompile.
Because:
-- /home/travis/build/icyphy/ptII/ptolemy/actor/ptalon/demo/ptinyos/SenseToLeds/ptolemy/domains/ptinyos/lib/MicaLeds.xml (No such file or directory)
-- XML file not found relative to classpath.
-- /home/travis/build/icyphy/ptII/ptolemy/vergil/basic/export/test/ptolemy/domains/ptinyos/lib/MicaLeds.xml
/home/travis/build/icyphy/ptII/ptolemy/vergil/basic/export/test/ptolemy/domains/ptinyos/lib/MicaLeds.xml (No such file or directory)
 in file:/home/travis/build/icyphy/ptII/ptolemy/actor/ptalon/demo/ptinyos/SenseToLeds/MicaBoard.xml at line 134 and column 63
	at ptolemy.moml.SimpleErrorHandler.handleError(SimpleErrorHandler.java:75)
	at ptolemy.moml.MoMLParser.startElement(MoMLParser.java:3805)
	at com.microstar.xml.XmlParser.parseElement(XmlParser.java:921)
	at com.microstar.xml.XmlParser.parseContent(XmlParser.java:1104)
	at com.microstar.xml.XmlParser.parseElement(XmlParser.java:924)
	at com.microstar.xml.XmlParser.parseDocument(XmlParser.java:481)
	at com.microstar.xml.XmlParser.doParse(XmlParser.java:159)
	at com.microstar.xml.XmlParser.parse(XmlParser.java:132)
	at ptolemy.moml.MoMLParser.parse(MoMLParser.java:1676)
	at ptolemy.moml.MoMLParser.parse(MoMLParser.java:1595)
	at ptolemy.moml.MoMLParser.parse(MoMLParser.java:1537)
	at ptolemy.moml.MoMLParser._findOrParse(MoMLParser.java:5286)
	at ptolemy.moml.MoMLParser._attemptToFindMoMLClass(MoMLParser.java:4075)
	at ptolemy.moml.MoMLParser._createEntity(MoMLParser.java:4323)
	... 65 more
Caused by: ptolemy.kernel.util.IllegalActionException: Cannot find class: ptolemy.domains.ptinyos.lib.MicaLeds. In Ptolemy, classes are typically Java .class files. Entities like actors may instead be defined within a .xml file.  In any case, the class was not found. If the class uses a third party package, then the class would be present only if the third party package was found at compile time.  It may be necessary to upgrade Java or install the third party package, reconfigure and recompile.
Because:
-- /home/travis/build/icyphy/ptII/ptolemy/actor/ptalon/demo/ptinyos/SenseToLeds/ptolemy/domains/ptinyos/lib/MicaLeds.xml (No such file or directory)
-- XML file not found relative to classpath.
-- /home/travis/build/icyphy/ptII/ptolemy/vergil/basic/export/test/ptolemy/domains/ptinyos/lib/MicaLeds.xml
/home/travis/build/icyphy/ptII/ptolemy/vergil/basic/export/test/ptolemy/domains/ptinyos/lib/MicaLeds.xml (No such file or directory)
 in file:/home/travis/build/icyphy/ptII/ptolemy/actor/ptalon/demo/ptinyos/SenseToLeds/MicaBoard.xml at line 134 and column 63
	at ptolemy.moml.MoMLParser._createEntity(MoMLParser.java:4330)
	at ptolemy.moml.MoMLParser.startElement(MoMLParser.java:2864)
	... 77 more
Caused by: com.microstar.xml.XmlException: -- /home/travis/build/icyphy/ptII/ptolemy/actor/ptalon/demo/ptinyos/SenseToLeds/ptolemy/domains/ptinyos/lib/MicaLeds.xml (No such file or directory)
-- XML file not found relative to classpath.
-- /home/travis/build/icyphy/ptII/ptolemy/vergil/basic/export/test/ptolemy/domains/ptinyos/lib/MicaLeds.xml
/home/travis/build/icyphy/ptII/ptolemy/vergil/basic/export/test/ptolemy/domains/ptinyos/lib/MicaLeds.xml (No such file or directory)
 in file:/home/travis/build/icyphy/ptII/ptolemy/actor/ptalon/demo/ptinyos/SenseToLeds/MicaBoard.xml at line 134 and column 63
	at ptolemy.moml.MoMLParser.fileNameToURL(MoMLParser.java:1414)
	at ptolemy.moml.MoMLParser._findOrParse(MoMLParser.java:5283)
	at ptolemy.moml.MoMLParser._attemptToFindMoMLClass(MoMLParser.java:4075)
	at ptolemy.moml.MoMLParser._createEntity(MoMLParser.java:4323)
	... 78 more
Caused by: ptolemy.actor.ptalon.PtalonRuntimeException: Unable to add actor null
	at ptolemy.actor.ptalon.PtalonEvaluator.addActor(PtalonEvaluator.java:300)
	at ptolemy.actor.ptalon.PtalonPopulator.actor_declaration(PtalonPopulator.java:1574)
	at ptolemy.actor.ptalon.PtalonPopulator.atomic_statement(PtalonPopulator.java:1638)
	at ptolemy.actor.ptalon.PtalonPopulator.iterative_statement_evaluator(PtalonPopulator.java:2484)
	at ptolemy.actor.ptalon.AbstractPtalonEvaluator$IfTree.evaluateForScope(AbstractPtalonEvaluator.java:1307)
	at ptolemy.actor.ptalon.AbstractPtalonEvaluator.evaluateForScope(AbstractPtalonEvaluator.java:744)
	at ptolemy.actor.ptalon.PtalonPopulator.iterative_statement(PtalonPopulator.java:2363)
	at ptolemy.actor.ptalon.PtalonPopulator.actor_definition(PtalonPopulator.java:2809)
	at ptolemy.actor.ptalon.PtalonActor.attributeChanged(PtalonActor.java:206)
	at ptolemy.actor.ptalon.PtalonMLHandler.startElement(PtalonMLHandler.java:134)
	at com.microstar.xml.XmlParser.parseElement(XmlParser.java:921)
	at com.microstar.xml.XmlParser.parseContent(XmlParser.java:1104)
	at com.microstar.xml.XmlParser.parseElement(XmlParser.java:924)
	at com.microstar.xml.XmlParser.parseDocument(XmlParser.java:481)
	at com.microstar.xml.XmlParser.doParse(XmlParser.java:159)
	at com.microstar.xml.XmlParser.parse(XmlParser.java:132)
	at ptolemy.actor.ptalon.PtalonActor.configure(PtalonActor.java:240)
	at ptolemy.moml.MoMLParser.endElement(MoMLParser.java:996)
	at com.microstar.xml.XmlParser.parseETag(XmlParser.java:1026)
	at com.microstar.xml.XmlParser.parseContent(XmlParser.java:1098)
	at com.microstar.xml.XmlParser.parseElement(XmlParser.java:924)
	at com.microstar.xml.XmlParser.parseContent(XmlParser.java:1104)
	at com.microstar.xml.XmlParser.parseElement(XmlParser.java:924)
	at com.microstar.xml.XmlParser.parseContent(XmlParser.java:1104)
	at com.microstar.xml.XmlParser.parseElement(XmlParser.java:924)
	at com.microstar.xml.XmlParser.parseDocument(XmlParser.java:481)
	at com.microstar.xml.XmlParser.doParse(XmlParser.java:159)
	at com.microstar.xml.XmlParser.parse(XmlParser.java:132)
	at ptolemy.moml.MoMLParser.parse(MoMLParser.java:1676)
	at ptolemy.moml.MoMLParser.parse(MoMLParser.java:1595)
	at ptolemy.moml.MoMLParser.parse(MoMLParser.java:1537)
	at ptolemy.actor.gui.PtolemyEffigy$Factory.createEffigy(PtolemyEffigy.java:424)
	at ptolemy.actor.gui.EffigyFactory.createEffigy(EffigyFactory.java:234)
	at ptolemy.actor.gui.Configuration.openModel(Configuration.java:1125)
	at ptolemy.actor.gui.Configuration.openModel(Configuration.java:1051)
	at ptolemy.actor.gui.ConfigurationApplication._openModel(ConfigurationApplication.java:1252)
	at ptolemy.actor.gui.ConfigurationApplication._parseArg(ConfigurationApplication.java:1399)
	at ptolemy.actor.gui.ConfigurationApplication._parseArgs(ConfigurationApplication.java:1478)
	at ptolemy.actor.gui.ConfigurationApplication.<init>(ConfigurationApplication.java:277)
	at ptolemy.actor.gui.ConfigurationApplication.<init>(ConfigurationApplication.java:214)
	at ptolemy.actor.gui.ConfigurationApplication.<init>(ConfigurationApplication.java:201)
	at ptolemy.actor.gui.ConfigurationApplication.openModelOrEntity(ConfigurationApplication.java:680)
	at ptolemy.vergil.basic.export.ExportModel$1.run(ExportModel.java:220)
	at java.awt.event.InvocationEvent.dispatch(InvocationEvent.java:301)
	at java.awt.EventQueue.dispatchEventImpl(EventQueue.java:756)
	at java.awt.EventQueue.access$500(EventQueue.java:97)
	at java.awt.EventQueue$3.run(EventQueue.java:709)
	at java.awt.EventQueue$3.run(EventQueue.java:703)
	at java.security.AccessController.doPrivileged(Native Method)
	at java.security.ProtectionDomain$JavaSecurityAccessImpl.doIntersectionPrivilege(ProtectionDomain.java:80)
	at java.awt.EventQueue.dispatchEvent(EventQueue.java:726)
	at java.awt.EventDispatchThread.pumpOneEventForFilters(EventDispatchThread.java:201)
	at java.awt.EventDispatchThread.pumpEventsForFilter(EventDispatchThread.java:116)
	at java.awt.EventDispatchThread.pumpEventsForHierarchy(EventDispatchThread.java:105)
	at java.awt.EventDispatchThread.pumpEvents(EventDispatchThread.java:101)
	at java.awt.EventDispatchThread.pumpEvents(EventDispatchThread.java:93)
	at java.awt.EventDispatchThread.run(EventDispatchThread.java:82)
Caused by: ptolemy.kernel.util.InternalErrorException: Element <entity name="node1" class="ptolemy.actor.ptalon.demo.ptinyos.SenseToLeds.MicaBoard"> caused an exception to be thrown.
  in .SenseToLeds.SenseToLeds
Because:
Cannot find class: ptolemy.actor.ptalon.demo.ptinyos.SenseToLeds.MicaBoard. In Ptolemy, classes are typically Java .class files. Entities like actors may instead be defined within a .xml file.  In any case, the class was not found. If the class uses a third party package, then the class would be present only if the third party package was found at compile time.  It may be necessary to upgrade Java or install the third party package, reconfigure and recompile.
Because:
Element <entity name="MicaLeds" class="ptolemy.domains.ptinyos.lib.MicaLeds"> caused an exception to be thrown.
  in .MicaBoard
Because:
Cannot find class: ptolemy.domains.ptinyos.lib.MicaLeds. In Ptolemy, classes are typically Java .class files. Entities like actors may instead be defined within a .xml file.  In any case, the class was not found. If the class uses a third party package, then the class would be present only if the third party package was found at compile time.  It may be necessary to upgrade Java or install the third party package, reconfigure and recompile.
Because:
-- /home/travis/build/icyphy/ptII/ptolemy/actor/ptalon/demo/ptinyos/SenseToLeds/ptolemy/domains/ptinyos/lib/MicaLeds.xml (No such file or directory)
-- XML file not found relative to classpath.
-- /home/travis/build/icyphy/ptII/ptolemy/vergil/basic/export/test/ptolemy/domains/ptinyos/lib/MicaLeds.xml
/home/travis/build/icyphy/ptII/ptolemy/vergil/basic/export/test/ptolemy/domains/ptinyos/lib/MicaLeds.xml (No such file or directory)
 in file:/home/travis/build/icyphy/ptII/ptolemy/actor/ptalon/demo/ptinyos/SenseToLeds/MicaBoard.xml at line 134 and column 63
	at ptolemy.moml.SimpleErrorHandler.handleError(SimpleErrorHandler.java:75)
	at ptolemy.moml.MoMLParser.startElement(MoMLParser.java:3805)
	at com.microstar.xml.XmlParser.parseElement(XmlParser.java:931)
	at com.microstar.xml.XmlParser.parseDocument(XmlParser.java:481)
	at com.microstar.xml.XmlParser.doParse(XmlParser.java:159)
	at com.microstar.xml.XmlParser.parse(XmlParser.java:132)
	at ptolemy.moml.MoMLParser.parse(MoMLParser.java:1660)
	at ptolemy.moml.MoMLParser.parse(MoMLParser.java:1617)
	at ptolemy.moml.MoMLParser.parse(MoMLParser.java:1792)
	at ptolemy.actor.ptalon.PtalonEvaluator.addActor(PtalonEvaluator.java:241)
	... 56 more
Caused by: ptolemy.kernel.util.IllegalActionException: Cannot find class: ptolemy.actor.ptalon.demo.ptinyos.SenseToLeds.MicaBoard. In Ptolemy, classes are typically Java .class files. Entities like actors may instead be defined within a .xml file.  In any case, the class was not found. If the class uses a third party package, then the class would be present only if the third party package was found at compile time.  It may be necessary to upgrade Java or install the third party package, reconfigure and recompile.
Because:
Element <entity name="MicaLeds" class="ptolemy.domains.ptinyos.lib.MicaLeds"> caused an exception to be thrown.
  in .MicaBoard
Because:
Cannot find class: ptolemy.domains.ptinyos.lib.MicaLeds. In Ptolemy, classes are typically Java .class files. Entities like actors may instead be defined within a .xml file.  In any case, the class was not found. If the class uses a third party package, then the class would be present only if the third party package was found at compile time.  It may be necessary to upgrade Java or install the third party package, reconfigure and recompile.
Because:
-- /home/travis/build/icyphy/ptII/ptolemy/actor/ptalon/demo/ptinyos/SenseToLeds/ptolemy/domains/ptinyos/lib/MicaLeds.xml (No such file or directory)
-- XML file not found relative to classpath.
-- /home/travis/build/icyphy/ptII/ptolemy/vergil/basic/export/test/ptolemy/domains/ptinyos/lib/MicaLeds.xml
/home/travis/build/icyphy/ptII/ptolemy/vergil/basic/export/test/ptolemy/domains/ptinyos/lib/MicaLeds.xml (No such file or directory)
 in file:/home/travis/build/icyphy/ptII/ptolemy/actor/ptalon/demo/ptinyos/SenseToLeds/MicaBoard.xml at line 134 and column 63
	at ptolemy.moml.MoMLParser._createEntity(MoMLParser.java:4330)
	at ptolemy.moml.MoMLParser.startElement(MoMLParser.java:2864)
	... 64 more
Caused by: ptolemy.kernel.util.InternalErrorException: Element <entity name="MicaLeds" class="ptolemy.domains.ptinyos.lib.MicaLeds"> caused an exception to be thrown.
  in .MicaBoard
Because:
Cannot find class: ptolemy.domains.ptinyos.lib.MicaLeds. In Ptolemy, classes are typically Java .class files. Entities like actors may instead be defined within a .xml file.  In any case, the class was not found. If the class uses a third party package, then the class would be present only if the third party package was found at compile time.  It may be necessary to upgrade Java or install the third party package, reconfigure and recompile.
Because:
-- /home/travis/build/icyphy/ptII/ptolemy/actor/ptalon/demo/ptinyos/SenseToLeds/ptolemy/domains/ptinyos/lib/MicaLeds.xml (No such file or directory)
-- XML file not found relative to classpath.
-- /home/travis/build/icyphy/ptII/ptolemy/vergil/basic/export/test/ptolemy/domains/ptinyos/lib/MicaLeds.xml
/home/travis/build/icyphy/ptII/ptolemy/vergil/basic/export/test/ptolemy/domains/ptinyos/lib/MicaLeds.xml (No such file or directory)
 in file:/home/travis/build/icyphy/ptII/ptolemy/actor/ptalon/demo/ptinyos/SenseToLeds/MicaBoard.xml at line 134 and column 63
	at ptolemy.moml.SimpleErrorHandler.handleError(SimpleErrorHandler.java:75)
	at ptolemy.moml.MoMLParser.startElement(MoMLParser.java:3805)
	at com.microstar.xml.XmlParser.parseElement(XmlParser.java:921)
	at com.microstar.xml.XmlParser.parseContent(XmlParser.java:1104)
	at com.microstar.xml.XmlParser.parseElement(XmlParser.java:924)
	at com.microstar.xml.XmlParser.parseDocument(XmlParser.java:481)
	at com.microstar.xml.XmlParser.doParse(XmlParser.java:159)
	at com.microstar.xml.XmlParser.parse(XmlParser.java:132)
	at ptolemy.moml.MoMLParser.parse(MoMLParser.java:1676)
	at ptolemy.moml.MoMLParser.parse(MoMLParser.java:1595)
	at ptolemy.moml.MoMLParser.parse(MoMLParser.java:1537)
	at ptolemy.moml.MoMLParser._findOrParse(MoMLParser.java:5286)
	at ptolemy.moml.MoMLParser._attemptToFindMoMLClass(MoMLParser.java:4075)
	at ptolemy.moml.MoMLParser._createEntity(MoMLParser.java:4323)
	... 65 more
Caused by: ptolemy.kernel.util.IllegalActionException: Cannot find class: ptolemy.domains.ptinyos.lib.MicaLeds. In Ptolemy, classes are typically Java .class files. Entities like actors may instead be defined within a .xml file.  In any case, the class was not found. If the class uses a third party package, then the class would be present only if the third party package was found at compile time.  It may be necessary to upgrade Java or install the third party package, reconfigure and recompile.
Because:
-- /home/travis/build/icyphy/ptII/ptolemy/actor/ptalon/demo/ptinyos/SenseToLeds/ptolemy/domains/ptinyos/lib/MicaLeds.xml (No such file or directory)
-- XML file not found relative to classpath.
-- /home/travis/build/icyphy/ptII/ptolemy/vergil/basic/export/test/ptolemy/domains/ptinyos/lib/MicaLeds.xml
/home/travis/build/icyphy/ptII/ptolemy/vergil/basic/export/test/ptolemy/domains/ptinyos/lib/MicaLeds.xml (No such file or directory)
 in file:/home/travis/build/icyphy/ptII/ptolemy/actor/ptalon/demo/ptinyos/SenseToLeds/MicaBoard.xml at line 134 and column 63
	at ptolemy.moml.MoMLParser._createEntity(MoMLParser.java:4330)
	at ptolemy.moml.MoMLParser.startElement(MoMLParser.java:2864)
	... 77 more
Caused by: com.microstar.xml.XmlException: -- /home/travis/build/icyphy/ptII/ptolemy/actor/ptalon/demo/ptinyos/SenseToLeds/ptolemy/domains/ptinyos/lib/MicaLeds.xml (No such file or directory)
-- XML file not found relative to classpath.
-- /home/travis/build/icyphy/ptII/ptolemy/vergil/basic/export/test/ptolemy/domains/ptinyos/lib/MicaLeds.xml
/home/travis/build/icyphy/ptII/ptolemy/vergil/basic/export/test/ptolemy/domains/ptinyos/lib/MicaLeds.xml (No such file or directory)
 in file:/home/travis/build/icyphy/ptII/ptolemy/actor/ptalon/demo/ptinyos/SenseToLeds/MicaBoard.xml at line 134 and column 63
	at ptolemy.moml.MoMLParser.fileNameToURL(MoMLParser.java:1414)
	at ptolemy.moml.MoMLParser._findOrParse(MoMLParser.java:5283)
	at ptolemy.moml.MoMLParser._attemptToFindMoMLClass(MoMLParser.java:4075)
	at ptolemy.moml.MoMLParser._createEntity(MoMLParser.java:4323)
	... 78 more
Failed to read file:/home/travis/build/icyphy/ptII/ptolemy/actor/ptalon/demo/ptinyos/SenseToLeds/SenseToLeds.xml
ptolemy.kernel.util.IllegalActionException: Failed to process attribute change to PtalonParameter, whose value is "ptolemy.actor.ptalon.PtalonExpressionParameter {.SenseToLeds.SenseToLeds.n} 2".
  in .SenseToLeds.SenseToLeds
Because:
Unable to add actor null
	at ptolemy.actor.ptalon.PtalonActor.attributeChanged(PtalonActor.java:211)
	at ptolemy.actor.ptalon.PtalonMLHandler.startElement(PtalonMLHandler.java:134)
	at com.microstar.xml.XmlParser.parseElement(XmlParser.java:921)
	at com.microstar.xml.XmlParser.parseContent(XmlParser.java:1104)
	at com.microstar.xml.XmlParser.parseElement(XmlParser.java:924)
	at com.microstar.xml.XmlParser.parseDocument(XmlParser.java:481)
	at com.microstar.xml.XmlParser.doParse(XmlParser.java:159)
	at com.microstar.xml.XmlParser.parse(XmlParser.java:132)
	at ptolemy.actor.ptalon.PtalonActor.configure(PtalonActor.java:240)
	at ptolemy.moml.MoMLParser.endElement(MoMLParser.java:996)
	at com.microstar.xml.XmlParser.parseETag(XmlParser.java:1026)
	at com.microstar.xml.XmlParser.parseContent(XmlParser.java:1098)
	at com.microstar.xml.XmlParser.parseElement(XmlParser.java:924)
	at com.microstar.xml.XmlParser.parseContent(XmlParser.java:1104)
	at com.microstar.xml.XmlParser.parseElement(XmlParser.java:924)
	at com.microstar.xml.XmlParser.parseContent(XmlParser.java:1104)
	at com.microstar.xml.XmlParser.parseElement(XmlParser.java:924)
	at com.microstar.xml.XmlParser.parseDocument(XmlParser.java:481)
	at com.microstar.xml.XmlParser.doParse(XmlParser.java:159)
	at com.microstar.xml.XmlParser.parse(XmlParser.java:132)
	at ptolemy.moml.MoMLParser.parse(MoMLParser.java:1676)
	at ptolemy.moml.MoMLParser.parse(MoMLParser.java:1595)
	at ptolemy.moml.MoMLParser.parse(MoMLParser.java:1537)
	at ptolemy.actor.gui.PtolemyEffigy$Factory.createEffigy(PtolemyEffigy.java:424)
	at ptolemy.actor.gui.EffigyFactory.createEffigy(EffigyFactory.java:234)
	at ptolemy.actor.gui.Configuration.openModel(Configuration.java:1125)
	at ptolemy.actor.gui.Configuration.openModel(Configuration.java:1051)
	at ptolemy.actor.gui.ConfigurationApplication._openModel(ConfigurationApplication.java:1252)
	at ptolemy.actor.gui.ConfigurationApplication._parseArg(ConfigurationApplication.java:1399)
	at ptolemy.actor.gui.ConfigurationApplication._parseArgs(ConfigurationApplication.java:1478)
	at ptolemy.actor.gui.ConfigurationApplication.<init>(ConfigurationApplication.java:277)
	at ptolemy.actor.gui.ConfigurationApplication.<init>(ConfigurationApplication.java:214)
	at ptolemy.actor.gui.ConfigurationApplication.<init>(ConfigurationApplication.java:201)
	at ptolemy.actor.gui.ConfigurationApplication.openModelOrEntity(ConfigurationApplication.java:680)
	at ptolemy.vergil.basic.export.ExportModel$1.run(ExportModel.java:220)
	at java.awt.event.InvocationEvent.dispatch(InvocationEvent.java:301)
	at java.awt.EventQueue.dispatchEventImpl(EventQueue.java:756)
	at java.awt.EventQueue.access$500(EventQueue.java:97)
	at java.awt.EventQueue$3.run(EventQueue.java:709)
	at java.awt.EventQueue$3.run(EventQueue.java:703)
	at java.security.AccessController.doPrivileged(Native Method)
	at java.security.ProtectionDomain$JavaSecurityAccessImpl.doIntersectionPrivilege(ProtectionDomain.java:80)
	at java.awt.EventQueue.dispatchEvent(EventQueue.java:726)
	at java.awt.EventDispatchThread.pumpOneEventForFilters(EventDispatchThread.java:201)
	at java.awt.EventDispatchThread.pumpEventsForFilter(EventDispatchThread.java:116)
	at java.awt.EventDispatchThread.pumpEventsForHierarchy(EventDispatchThread.java:105)
	at java.awt.EventDispatchThread.pumpEvents(EventDispatchThread.java:101)
	at java.awt.EventDispatchThread.pumpEvents(EventDispatchThread.java:93)
	at java.awt.EventDispatchThread.run(EventDispatchThread.java:82)
Caused by: ptolemy.actor.ptalon.PtalonRuntimeException: Unable to add actor null
	at ptolemy.actor.ptalon.PtalonEvaluator.addActor(PtalonEvaluator.java:300)
	at ptolemy.actor.ptalon.PtalonPopulator.actor_declaration(PtalonPopulator.java:1574)
	at ptolemy.actor.ptalon.PtalonPopulator.atomic_statement(PtalonPopulator.java:1638)
	at ptolemy.actor.ptalon.PtalonPopulator.iterative_statement_evaluator(PtalonPopulator.java:2484)
	at ptolemy.actor.ptalon.AbstractPtalonEvaluator$IfTree.evaluateForScope(AbstractPtalonEvaluator.java:1307)
	at ptolemy.actor.ptalon.AbstractPtalonEvaluator.evaluateForScope(AbstractPtalonEvaluator.java:744)
	at ptolemy.actor.ptalon.PtalonPopulator.iterative_statement(PtalonPopulator.java:2363)
	at ptolemy.actor.ptalon.PtalonPopulator.actor_definition(PtalonPopulator.java:2809)
	at ptolemy.actor.ptalon.PtalonActor.attributeChanged(PtalonActor.java:206)
	... 48 more
Caused by: ptolemy.kernel.util.InternalErrorException: Element <entity name="node1" class="ptolemy.actor.ptalon.demo.ptinyos.SenseToLeds.MicaBoard"> caused an exception to be thrown.
  in .SenseToLeds.SenseToLeds
Because:
Cannot find class: ptolemy.actor.ptalon.demo.ptinyos.SenseToLeds.MicaBoard. In Ptolemy, classes are typically Java .class files. Entities like actors may instead be defined within a .xml file.  In any case, the class was not found. If the class uses a third party package, then the class would be present only if the third party package was found at compile time.  It may be necessary to upgrade Java or install the third party package, reconfigure and recompile.
Because:
Element <entity name="MicaLeds" class="ptolemy.domains.ptinyos.lib.MicaLeds"> caused an exception to be thrown.
  in .MicaBoard
Because:
Cannot find class: ptolemy.domains.ptinyos.lib.MicaLeds. In Ptolemy, classes are typically Java .class files. Entities like actors may instead be defined within a .xml file.  In any case, the class was not found. If the class uses a third party package, then the class would be present only if the third party package was found at compile time.  It may be necessary to upgrade Java or install the third party package, reconfigure and recompile.
Because:
-- /home/travis/build/icyphy/ptII/ptolemy/actor/ptalon/demo/ptinyos/SenseToLeds/ptolemy/domains/ptinyos/lib/MicaLeds.xml (No such file or directory)
-- XML file not found relative to classpath.
-- /home/travis/build/icyphy/ptII/ptolemy/vergil/basic/export/test/ptolemy/domains/ptinyos/lib/MicaLeds.xml
/home/travis/build/icyphy/ptII/ptolemy/vergil/basic/export/test/ptolemy/domains/ptinyos/lib/MicaLeds.xml (No such file or directory)
 in file:/home/travis/build/icyphy/ptII/ptolemy/actor/ptalon/demo/ptinyos/SenseToLeds/MicaBoard.xml at line 134 and column 63
	at ptolemy.moml.SimpleErrorHandler.handleError(SimpleErrorHandler.java:75)
	at ptolemy.moml.MoMLParser.startElement(MoMLParser.java:3805)
	at com.microstar.xml.XmlParser.parseElement(XmlParser.java:931)
	at com.microstar.xml.XmlParser.parseDocument(XmlParser.java:481)
	at com.microstar.xml.XmlParser.doParse(XmlParser.java:159)
	at com.microstar.xml.XmlParser.parse(XmlParser.java:132)
	at ptolemy.moml.MoMLParser.parse(MoMLParser.java:1660)
	at ptolemy.moml.MoMLParser.parse(MoMLParser.java:1617)
	at ptolemy.moml.MoMLParser.parse(MoMLParser.java:1792)
	at ptolemy.actor.ptalon.PtalonEvaluator.addActor(PtalonEvaluator.java:241)
	... 56 more
Caused by: ptolemy.kernel.util.IllegalActionException: Cannot find class: ptolemy.actor.ptalon.demo.ptinyos.SenseToLeds.MicaBoard. In Ptolemy, classes are typically Java .class files. Entities like actors may instead be defined within a .xml file.  In any case, the class was not found. If the class uses a third party package, then the class would be present only if the third party package was found at compile time.  It may be necessary to upgrade Java or install the third party package, reconfigure and recompile.
Because:
Element <entity name="MicaLeds" class="ptolemy.domains.ptinyos.lib.MicaLeds"> caused an exception to be thrown.
  in .MicaBoard
Because:
Cannot find class: ptolemy.domains.ptinyos.lib.MicaLeds. In Ptolemy, classes are typically Java .class files. Entities like actors may instead be defined within a .xml file.  In any case, the class was not found. If the class uses a third party package, then the class would be present only if the third party package was found at compile time.  It may be necessary to upgrade Java or install the third party package, reconfigure and recompile.
Because:
-- /home/travis/build/icyphy/ptII/ptolemy/actor/ptalon/demo/ptinyos/SenseToLeds/ptolemy/domains/ptinyos/lib/MicaLeds.xml (No such file or directory)
-- XML file not found relative to classpath.
-- /home/travis/build/icyphy/ptII/ptolemy/vergil/basic/export/test/ptolemy/domains/ptinyos/lib/MicaLeds.xml
/home/travis/build/icyphy/ptII/ptolemy/vergil/basic/export/test/ptolemy/domains/ptinyos/lib/MicaLeds.xml (No such file or directory)
 in file:/home/travis/build/icyphy/ptII/ptolemy/actor/ptalon/demo/ptinyos/SenseToLeds/MicaBoard.xml at line 134 and column 63
	at ptolemy.moml.MoMLParser._createEntity(MoMLParser.java:4330)
	at ptolemy.moml.MoMLParser.startElement(MoMLParser.java:2864)
	... 64 more
Caused by: ptolemy.kernel.util.InternalErrorException: Element <entity name="MicaLeds" class="ptolemy.domains.ptinyos.lib.MicaLeds"> caused an exception to be thrown.
  in .MicaBoard
Because:
Cannot find class: ptolemy.domains.ptinyos.lib.MicaLeds. In Ptolemy, classes are typically Java .class files. Entities like actors may instead be defined within a .xml file.  In any case, the class was not found. If the class uses a third party package, then the class would be present only if the third party package was found at compile time.  It may be necessary to upgrade Java or install the third party package, reconfigure and recompile.
Because:
-- /home/travis/build/icyphy/ptII/ptolemy/actor/ptalon/demo/ptinyos/SenseToLeds/ptolemy/domains/ptinyos/lib/MicaLeds.xml (No such file or directory)
-- XML file not found relative to classpath.
-- /home/travis/build/icyphy/ptII/ptolemy/vergil/basic/export/test/ptolemy/domains/ptinyos/lib/MicaLeds.xml
/home/travis/build/icyphy/ptII/ptolemy/vergil/basic/export/test/ptolemy/domains/ptinyos/lib/MicaLeds.xml (No such file or directory)
 in file:/home/travis/build/icyphy/ptII/ptolemy/actor/ptalon/demo/ptinyos/SenseToLeds/MicaBoard.xml at line 134 and column 63
	at ptolemy.moml.SimpleErrorHandler.handleError(SimpleErrorHandler.java:75)
	at ptolemy.moml.MoMLParser.startElement(MoMLParser.java:3805)
	at com.microstar.xml.XmlParser.parseElement(XmlParser.java:921)
	at com.microstar.xml.XmlParser.parseContent(XmlParser.java:1104)
	at com.microstar.xml.XmlParser.parseElement(XmlParser.java:924)
	at com.microstar.xml.XmlParser.parseDocument(XmlParser.java:481)
	at com.microstar.xml.XmlParser.doParse(XmlParser.java:159)
	at com.microstar.xml.XmlParser.parse(XmlParser.java:132)
	at ptolemy.moml.MoMLParser.parse(MoMLParser.java:1676)
	at ptolemy.moml.MoMLParser.parse(MoMLParser.java:1595)
	at ptolemy.moml.MoMLParser.parse(MoMLParser.java:1537)
	at ptolemy.moml.MoMLParser._findOrParse(MoMLParser.java:5286)
	at ptolemy.moml.MoMLParser._attemptToFindMoMLClass(MoMLParser.java:4075)
	at ptolemy.moml.MoMLParser._createEntity(MoMLParser.java:4323)
	... 65 more
Caused by: ptolemy.kernel.util.IllegalActionException: Cannot find class: ptolemy.domains.ptinyos.lib.MicaLeds. In Ptolemy, classes are typically Java .class files. Entities like actors may instead be defined within a .xml file.  In any case, the class was not found. If the class uses a third party package, then the class would be present only if the third party package was found at compile time.  It may be necessary to upgrade Java or install the third party package, reconfigure and recompile.
Because:
-- /home/travis/build/icyphy/ptII/ptolemy/actor/ptalon/demo/ptinyos/SenseToLeds/ptolemy/domains/ptinyos/lib/MicaLeds.xml (No such file or directory)
-- XML file not found relative to classpath.
-- /home/travis/build/icyphy/ptII/ptolemy/vergil/basic/export/test/ptolemy/domains/ptinyos/lib/MicaLeds.xml
/home/travis/build/icyphy/ptII/ptolemy/vergil/basic/export/test/ptolemy/domains/ptinyos/lib/MicaLeds.xml (No such file or directory)
 in file:/home/travis/build/icyphy/ptII/ptolemy/actor/ptalon/demo/ptinyos/SenseToLeds/MicaBoard.xml at line 134 and column 63
	at ptolemy.moml.MoMLParser._createEntity(MoMLParser.java:4330)
	at ptolemy.moml.MoMLParser.startElement(MoMLParser.java:2864)
	... 77 more
Caused by: com.microstar.xml.XmlException: -- /home/travis/build/icyphy/ptII/ptolemy/actor/ptalon/demo/ptinyos/SenseToLeds/ptolemy/domains/ptinyos/lib/MicaLeds.xml (No such file or directory)
-- XML file not found relative to classpath.
-- /home/travis/build/icyphy/ptII/ptolemy/vergil/basic/export/test/ptolemy/domains/ptinyos/lib/MicaLeds.xml
/home/travis/build/icyphy/ptII/ptolemy/vergil/basic/export/test/ptolemy/domains/ptinyos/lib/MicaLeds.xml (No such file or directory)
 in file:/home/travis/build/icyphy/ptII/ptolemy/actor/ptalon/demo/ptinyos/SenseToLeds/MicaBoard.xml at line 134 and column 63
	at ptolemy.moml.MoMLParser.fileNameToURL(MoMLParser.java:1414)
	at ptolemy.moml.MoMLParser._findOrParse(MoMLParser.java:5283)
	at ptolemy.moml.MoMLParser._attemptToFindMoMLClass(MoMLParser.java:4075)
	at ptolemy.moml.MoMLParser._createEntity(MoMLParser.java:4323)
	... 78 more
Caused by: ptolemy.actor.ptalon.PtalonRuntimeException: Unable to add actor null
	at ptolemy.actor.ptalon.PtalonEvaluator.addActor(PtalonEvaluator.java:300)
	at ptolemy.actor.ptalon.PtalonPopulator.actor_declaration(PtalonPopulator.java:1574)
	at ptolemy.actor.ptalon.PtalonPopulator.atomic_statement(PtalonPopulator.java:1638)
	at ptolemy.actor.ptalon.PtalonPopulator.iterative_statement_evaluator(PtalonPopulator.java:2484)
	at ptolemy.actor.ptalon.AbstractPtalonEvaluator$IfTree.evaluateForScope(AbstractPtalonEvaluator.java:1307)
	at ptolemy.actor.ptalon.AbstractPtalonEvaluator.evaluateForScope(AbstractPtalonEvaluator.java:744)
	at ptolemy.actor.ptalon.PtalonPopulator.iterative_statement(PtalonPopulator.java:2363)
	at ptolemy.actor.ptalon.PtalonPopulator.actor_definition(PtalonPopulator.java:2809)
	at ptolemy.actor.ptalon.PtalonActor.attributeChanged(PtalonActor.java:206)
	at ptolemy.actor.ptalon.PtalonMLHandler.startElement(PtalonMLHandler.java:134)
	at com.microstar.xml.XmlParser.parseElement(XmlParser.java:921)
	at com.microstar.xml.XmlParser.parseContent(XmlParser.java:1104)
	at com.microstar.xml.XmlParser.parseElement(XmlParser.java:924)
	at com.microstar.xml.XmlParser.parseDocument(XmlParser.java:481)
	at com.microstar.xml.XmlParser.doParse(XmlParser.java:159)
	at com.microstar.xml.XmlParser.parse(XmlParser.java:132)
	at ptolemy.actor.ptalon.PtalonActor.configure(PtalonActor.java:240)
	at ptolemy.moml.MoMLParser.endElement(MoMLParser.java:996)
	at com.microstar.xml.XmlParser.parseETag(XmlParser.java:1026)
	at com.microstar.xml.XmlParser.parseContent(XmlParser.java:1098)
	at com.microstar.xml.XmlParser.parseElement(XmlParser.java:924)
	at com.microstar.xml.XmlParser.parseContent(XmlParser.java:1104)
	at com.microstar.xml.XmlParser.parseElement(XmlParser.java:924)
	at com.microstar.xml.XmlParser.parseContent(XmlParser.java:1104)
	at com.microstar.xml.XmlParser.parseElement(XmlParser.java:924)
	at com.microstar.xml.XmlParser.parseDocument(XmlParser.java:481)
	at com.microstar.xml.XmlParser.doParse(XmlParser.java:159)
	at com.microstar.xml.XmlParser.parse(XmlParser.java:132)
	at ptolemy.moml.MoMLParser.parse(MoMLParser.java:1676)
	at ptolemy.moml.MoMLParser.parse(MoMLParser.java:1595)
	at ptolemy.moml.MoMLParser.parse(MoMLParser.java:1537)
	at ptolemy.actor.gui.PtolemyEffigy$Factory.createEffigy(PtolemyEffigy.java:424)
	at ptolemy.actor.gui.EffigyFactory.createEffigy(EffigyFactory.java:234)
	at ptolemy.actor.gui.Configuration.openModel(Configuration.java:1125)
	at ptolemy.actor.gui.Configuration.openModel(Configuration.java:1051)
	at ptolemy.actor.gui.ConfigurationApplication._openModel(ConfigurationApplication.java:1252)
	at ptolemy.actor.gui.ConfigurationApplication._parseArg(ConfigurationApplication.java:1399)
	at ptolemy.actor.gui.ConfigurationApplication._parseArgs(ConfigurationApplication.java:1478)
	at ptolemy.actor.gui.ConfigurationApplication.<init>(ConfigurationApplication.java:277)
	at ptolemy.actor.gui.ConfigurationApplication.<init>(ConfigurationApplication.java:214)
	at ptolemy.actor.gui.ConfigurationApplication.<init>(ConfigurationApplication.java:201)
	at ptolemy.actor.gui.ConfigurationApplication.openModelOrEntity(ConfigurationApplication.java:680)
	at ptolemy.vergil.basic.export.ExportModel$1.run(ExportModel.java:220)
	at java.awt.event.InvocationEvent.dispatch(InvocationEvent.java:301)
	at java.awt.EventQueue.dispatchEventImpl(EventQueue.java:756)
	at java.awt.EventQueue.access$500(EventQueue.java:97)
	at java.awt.EventQueue$3.run(EventQueue.java:709)
	at java.awt.EventQueue$3.run(EventQueue.java:703)
	at java.security.AccessController.doPrivileged(Native Method)
	at java.security.ProtectionDomain$JavaSecurityAccessImpl.doIntersectionPrivilege(ProtectionDomain.java:80)
	at java.awt.EventQueue.dispatchEvent(EventQueue.java:726)
	at java.awt.EventDispatchThread.pumpOneEventForFilters(EventDispatchThread.java:201)
	at java.awt.EventDispatchThread.pumpEventsForFilter(EventDispatchThread.java:116)
	at java.awt.EventDispatchThread.pumpEventsForHierarchy(EventDispatchThread.java:105)
	at java.awt.EventDispatchThread.pumpEvents(EventDispatchThread.java:101)
	at java.awt.EventDispatchThread.pumpEvents(EventDispatchThread.java:93)
	at java.awt.EventDispatchThread.run(EventDispatchThread.java:82)
Caused by: ptolemy.kernel.util.InternalErrorException: Element <entity name="node1" class="ptolemy.actor.ptalon.demo.ptinyos.SenseToLeds.MicaBoard"> caused an exception to be thrown.
  in .SenseToLeds.SenseToLeds
Because:
Cannot find class: ptolemy.actor.ptalon.demo.ptinyos.SenseToLeds.MicaBoard. In Ptolemy, classes are typically Java .class files. Entities like actors may instead be defined within a .xml file.  In any case, the class was not found. If the class uses a third party package, then the class would be present only if the third party package was found at compile time.  It may be necessary to upgrade Java or install the third party package, reconfigure and recompile.
Because:
Element <entity name="MicaLeds" class="ptolemy.domains.ptinyos.lib.MicaLeds"> caused an exception to be thrown.
  in .MicaBoard
Because:
Cannot find class: ptolemy.domains.ptinyos.lib.MicaLeds. In Ptolemy, classes are typically Java .class files. Entities like actors may instead be defined within a .xml file.  In any case, the class was not found. If the class uses a third party package, then the class would be present only if the third party package was found at compile time.  It may be necessary to upgrade Java or install the third party package, reconfigure and recompile.
Because:
-- /home/travis/build/icyphy/ptII/ptolemy/actor/ptalon/demo/ptinyos/SenseToLeds/ptolemy/domains/ptinyos/lib/MicaLeds.xml (No such file or directory)
-- XML file not found relative to classpath.
-- /home/travis/build/icyphy/ptII/ptolemy/vergil/basic/export/test/ptolemy/domains/ptinyos/lib/MicaLeds.xml
/home/travis/build/icyphy/ptII/ptolemy/vergil/basic/export/test/ptolemy/domains/ptinyos/lib/MicaLeds.xml (No such file or directory)
 in file:/home/travis/build/icyphy/ptII/ptolemy/actor/ptalon/demo/ptinyos/SenseToLeds/MicaBoard.xml at line 134 and column 63
	at ptolemy.moml.SimpleErrorHandler.handleError(SimpleErrorHandler.java:75)
	at ptolemy.moml.MoMLParser.startElement(MoMLParser.java:3805)
	at com.microstar.xml.XmlParser.parseElement(XmlParser.java:931)
	at com.microstar.xml.XmlParser.parseDocument(XmlParser.java:481)
	at com.microstar.xml.XmlParser.doParse(XmlParser.java:159)
	at com.microstar.xml.XmlParser.parse(XmlParser.java:132)
	at ptolemy.moml.MoMLParser.parse(MoMLParser.java:1660)
	at ptolemy.moml.MoMLParser.parse(MoMLParser.java:1617)
	at ptolemy.moml.MoMLParser.parse(MoMLParser.java:1792)
	at ptolemy.actor.ptalon.PtalonEvaluator.addActor(PtalonEvaluator.java:241)
	... 56 more
Caused by: ptolemy.kernel.util.IllegalActionException: Cannot find class: ptolemy.actor.ptalon.demo.ptinyos.SenseToLeds.MicaBoard. In Ptolemy, classes are typically Java .class files. Entities like actors may instead be defined within a .xml file.  In any case, the class was not found. If the class uses a third party package, then the class would be present only if the third party package was found at compile time.  It may be necessary to upgrade Java or install the third party package, reconfigure and recompile.
Because:
Element <entity name="MicaLeds" class="ptolemy.domains.ptinyos.lib.MicaLeds"> caused an exception to be thrown.
  in .MicaBoard
Because:
Cannot find class: ptolemy.domains.ptinyos.lib.MicaLeds. In Ptolemy, classes are typically Java .class files. Entities like actors may instead be defined within a .xml file.  In any case, the class was not found. If the class uses a third party package, then the class would be present only if the third party package was found at compile time.  It may be necessary to upgrade Java or install the third party package, reconfigure and recompile.
Because:
-- /home/travis/build/icyphy/ptII/ptolemy/actor/ptalon/demo/ptinyos/SenseToLeds/ptolemy/domains/ptinyos/lib/MicaLeds.xml (No such file or directory)
-- XML file not found relative to classpath.
-- /home/travis/build/icyphy/ptII/ptolemy/vergil/basic/export/test/ptolemy/domains/ptinyos/lib/MicaLeds.xml
/home/travis/build/icyphy/ptII/ptolemy/vergil/basic/export/test/ptolemy/domains/ptinyos/lib/MicaLeds.xml (No such file or directory)
 in file:/home/travis/build/icyphy/ptII/ptolemy/actor/ptalon/demo/ptinyos/SenseToLeds/MicaBoard.xml at line 134 and column 63
	at ptolemy.moml.MoMLParser._createEntity(MoMLParser.java:4330)
	at ptolemy.moml.MoMLParser.startElement(MoMLParser.java:2864)
	... 64 more
Caused by: ptolemy.kernel.util.InternalErrorException: Element <entity name="MicaLeds" class="ptolemy.domains.ptinyos.lib.MicaLeds"> caused an exception to be thrown.
  in .MicaBoard
Because:
Cannot find class: ptolemy.domains.ptinyos.lib.MicaLeds. In Ptolemy, classes are typically Java .class files. Entities like actors may instead be defined within a .xml file.  In any case, the class was not found. If the class uses a third party package, then the class would be present only if the third party package was found at compile time.  It may be necessary to upgrade Java or install the third party package, reconfigure and recompile.
Because:
-- /home/travis/build/icyphy/ptII/ptolemy/actor/ptalon/demo/ptinyos/SenseToLeds/ptolemy/domains/ptinyos/lib/MicaLeds.xml (No such file or directory)
-- XML file not found relative to classpath.
-- /home/travis/build/icyphy/ptII/ptolemy/vergil/basic/export/test/ptolemy/domains/ptinyos/lib/MicaLeds.xml
/home/travis/build/icyphy/ptII/ptolemy/vergil/basic/export/test/ptolemy/domains/ptinyos/lib/MicaLeds.xml (No such file or directory)
 in file:/home/travis/build/icyphy/ptII/ptolemy/actor/ptalon/demo/ptinyos/SenseToLeds/MicaBoard.xml at line 134 and column 63
	at ptolemy.moml.SimpleErrorHandler.handleError(SimpleErrorHandler.java:75)
	at ptolemy.moml.MoMLParser.startElement(MoMLParser.java:3805)
	at com.microstar.xml.XmlParser.parseElement(XmlParser.java:921)
	at com.microstar.xml.XmlParser.parseContent(XmlParser.java:1104)
	at com.microstar.xml.XmlParser.parseElement(XmlParser.java:924)
	at com.microstar.xml.XmlParser.parseDocument(XmlParser.java:481)
	at com.microstar.xml.XmlParser.doParse(XmlParser.java:159)
	at com.microstar.xml.XmlParser.parse(XmlParser.java:132)
	at ptolemy.moml.MoMLParser.parse(MoMLParser.java:1676)
	at ptolemy.moml.MoMLParser.parse(MoMLParser.java:1595)
	at ptolemy.moml.MoMLParser.parse(MoMLParser.java:1537)
	at ptolemy.moml.MoMLParser._findOrParse(MoMLParser.java:5286)
	at ptolemy.moml.MoMLParser._attemptToFindMoMLClass(MoMLParser.java:4075)
	at ptolemy.moml.MoMLParser._createEntity(MoMLParser.java:4323)
	... 65 more
Caused by: ptolemy.kernel.util.IllegalActionException: Cannot find class: ptolemy.domains.ptinyos.lib.MicaLeds. In Ptolemy, classes are typically Java .class files. Entities like actors may instead be defined within a .xml file.  In any case, the class was not found. If the class uses a third party package, then the class would be present only if the third party package was found at compile time.  It may be necessary to upgrade Java or install the third party package, reconfigure and recompile.
Because:
-- /home/travis/build/icyphy/ptII/ptolemy/actor/ptalon/demo/ptinyos/SenseToLeds/ptolemy/domains/ptinyos/lib/MicaLeds.xml (No such file or directory)
-- XML file not found relative to classpath.
-- /home/travis/build/icyphy/ptII/ptolemy/vergil/basic/export/test/ptolemy/domains/ptinyos/lib/MicaLeds.xml
/home/travis/build/icyphy/ptII/ptolemy/vergil/basic/export/test/ptolemy/domains/ptinyos/lib/MicaLeds.xml (No such file or directory)
 in file:/home/travis/build/icyphy/ptII/ptolemy/actor/ptalon/demo/ptinyos/SenseToLeds/MicaBoard.xml at line 134 and column 63
	at ptolemy.moml.MoMLParser._createEntity(MoMLParser.java:4330)
	at ptolemy.moml.MoMLParser.startElement(MoMLParser.java:2864)
	... 77 more
Caused by: com.microstar.xml.XmlException: -- /home/travis/build/icyphy/ptII/ptolemy/actor/ptalon/demo/ptinyos/SenseToLeds/ptolemy/domains/ptinyos/lib/MicaLeds.xml (No such file or directory)
-- XML file not found relative to classpath.
-- /home/travis/build/icyphy/ptII/ptolemy/vergil/basic/export/test/ptolemy/domains/ptinyos/lib/MicaLeds.xml
/home/travis/build/icyphy/ptII/ptolemy/vergil/basic/export/test/ptolemy/domains/ptinyos/lib/MicaLeds.xml (No such file or directory)
 in file:/home/travis/build/icyphy/ptII/ptolemy/actor/ptalon/demo/ptinyos/SenseToLeds/MicaBoard.xml at line 134 and column 63
	at ptolemy.moml.MoMLParser.fileNameToURL(MoMLParser.java:1414)
	at ptolemy.moml.MoMLParser._findOrParse(MoMLParser.java:5283)
	at ptolemy.moml.MoMLParser._attemptToFindMoMLClass(MoMLParser.java:4075)
	at ptolemy.moml.MoMLParser._createEntity(MoMLParser.java:4323)
	... 78 more
ptolemy.kernel.util.IllegalActionException: Failed to process attribute change to PtalonParameter, whose value is "ptolemy.actor.ptalon.PtalonExpressionParameter {.SenseToLeds.SenseToLeds.n} 2".
  in .SenseToLeds.SenseToLeds
Because:
Unable to add actor null
	at ptolemy.actor.ptalon.PtalonActor.attributeChanged(PtalonActor.java:211)
	at ptolemy.actor.ptalon.PtalonMLHandler.startElement(PtalonMLHandler.java:134)
	at com.microstar.xml.XmlParser.parseElement(XmlParser.java:921)
	at com.microstar.xml.XmlParser.parseContent(XmlParser.java:1104)
	at com.microstar.xml.XmlParser.parseElement(XmlParser.java:924)
	at com.microstar.xml.XmlParser.parseDocument(XmlParser.java:481)
	at com.microstar.xml.XmlParser.doParse(XmlParser.java:159)
	at com.microstar.xml.XmlParser.parse(XmlParser.java:132)
	at ptolemy.actor.ptalon.PtalonActor.configure(PtalonActor.java:240)
	at ptolemy.moml.MoMLParser.endElement(MoMLParser.java:996)
	at com.microstar.xml.XmlParser.parseETag(XmlParser.java:1026)
	at com.microstar.xml.XmlParser.parseContent(XmlParser.java:1098)
	at com.microstar.xml.XmlParser.parseElement(XmlParser.java:924)
	at com.microstar.xml.XmlParser.parseContent(XmlParser.java:1104)
	at com.microstar.xml.XmlParser.parseElement(XmlParser.java:924)
	at com.microstar.xml.XmlParser.parseContent(XmlParser.java:1104)
	at com.microstar.xml.XmlParser.parseElement(XmlParser.java:924)
	at com.microstar.xml.XmlParser.parseDocument(XmlParser.java:481)
	at com.microstar.xml.XmlParser.doParse(XmlParser.java:159)
	at com.microstar.xml.XmlParser.parse(XmlParser.java:132)
	at ptolemy.moml.MoMLParser.parse(MoMLParser.java:1676)
	at ptolemy.moml.MoMLParser.parse(MoMLParser.java:1595)
	at ptolemy.moml.MoMLParser.parse(MoMLParser.java:1537)
	at ptolemy.actor.gui.PtolemyEffigy$Factory.createEffigy(PtolemyEffigy.java:424)
	at ptolemy.actor.gui.EffigyFactory.createEffigy(EffigyFactory.java:234)
	at ptolemy.actor.gui.Configuration.openModel(Configuration.java:1125)
	at ptolemy.actor.gui.Configuration.openModel(Configuration.java:1051)
	at ptolemy.actor.gui.ConfigurationApplication._openModel(ConfigurationApplication.java:1252)
	at ptolemy.actor.gui.ConfigurationApplication._parseArg(ConfigurationApplication.java:1399)
	at ptolemy.actor.gui.ConfigurationApplication._parseArgs(ConfigurationApplication.java:1478)
	at ptolemy.actor.gui.ConfigurationApplication.<init>(ConfigurationApplication.java:277)
	at ptolemy.actor.gui.ConfigurationApplication.<init>(ConfigurationApplication.java:214)
	at ptolemy.actor.gui.ConfigurationApplication.<init>(ConfigurationApplication.java:201)
	at ptolemy.actor.gui.ConfigurationApplication.openModelOrEntity(ConfigurationApplication.java:680)
	at ptolemy.vergil.basic.export.ExportModel$1.run(ExportModel.java:220)
	at java.awt.event.InvocationEvent.dispatch(InvocationEvent.java:301)
	at java.awt.EventQueue.dispatchEventImpl(EventQueue.java:756)
	at java.awt.EventQueue.access$500(EventQueue.java:97)
	at java.awt.EventQueue$3.run(EventQueue.java:709)
	at java.awt.EventQueue$3.run(EventQueue.java:703)
	at java.security.AccessController.doPrivileged(Native Method)
	at java.security.ProtectionDomain$JavaSecurityAccessImpl.doIntersectionPrivilege(ProtectionDomain.java:80)
	at java.awt.EventQueue.dispatchEvent(EventQueue.java:726)
	at java.awt.EventDispatchThread.pumpOneEventForFilters(EventDispatchThread.java:201)
	at java.awt.EventDispatchThread.pumpEventsForFilter(EventDispatchThread.java:116)
	at java.awt.EventDispatchThread.pumpEventsForHierarchy(EventDispatchThread.java:105)
	at java.awt.EventDispatchThread.pumpEvents(EventDispatchThread.java:101)
	at java.awt.EventDispatchThread.pumpEvents(EventDispatchThread.java:93)
	at java.awt.EventDispatchThread.run(EventDispatchThread.java:82)
Caused by: ptolemy.actor.ptalon.PtalonRuntimeException: Unable to add actor null
	at ptolemy.actor.ptalon.PtalonEvaluator.addActor(PtalonEvaluator.java:300)
	at ptolemy.actor.ptalon.PtalonPopulator.actor_declaration(PtalonPopulator.java:1574)
	at ptolemy.actor.ptalon.PtalonPopulator.atomic_statement(PtalonPopulator.java:1638)
	at ptolemy.actor.ptalon.PtalonPopulator.iterative_statement_evaluator(PtalonPopulator.java:2484)
	at ptolemy.actor.ptalon.AbstractPtalonEvaluator$IfTree.evaluateForScope(AbstractPtalonEvaluator.java:1307)
	at ptolemy.actor.ptalon.AbstractPtalonEvaluator.evaluateForScope(AbstractPtalonEvaluator.java:744)
	at ptolemy.actor.ptalon.PtalonPopulator.iterative_statement(PtalonPopulator.java:2363)
	at ptolemy.actor.ptalon.PtalonPopulator.actor_definition(PtalonPopulator.java:2809)
	at ptolemy.actor.ptalon.PtalonActor.attributeChanged(PtalonActor.java:206)
	... 48 more
Caused by: ptolemy.kernel.util.InternalErrorException: Element <entity name="node1" class="ptolemy.actor.ptalon.demo.ptinyos.SenseToLeds.MicaBoard"> caused an exception to be thrown.
  in .SenseToLeds.SenseToLeds
Because:
Cannot find class: ptolemy.actor.ptalon.demo.ptinyos.SenseToLeds.MicaBoard. In Ptolemy, classes are typically Java .class files. Entities like actors may instead be defined within a .xml file.  In any case, the class was not found. If the class uses a third party package, then the class would be present only if the third party package was found at compile time.  It may be necessary to upgrade Java or install the third party package, reconfigure and recompile.
Because:
Element <entity name="MicaLeds" class="ptolemy.domains.ptinyos.lib.MicaLeds"> caused an exception to be thrown.
  in .MicaBoard
Because:
Cannot find class: ptolemy.domains.ptinyos.lib.MicaLeds. In Ptolemy, classes are typically Java .class files. Entities like actors may instead be defined within a .xml file.  In any case, the class was not found. If the class uses a third party package, then the class would be present only if the third party package was found at compile time.  It may be necessary to upgrade Java or install the third party package, reconfigure and recompile.
Because:
-- /home/travis/build/icyphy/ptII/ptolemy/actor/ptalon/demo/ptinyos/SenseToLeds/ptolemy/domains/ptinyos/lib/MicaLeds.xml (No such file or directory)
-- XML file not found relative to classpath.
-- /home/travis/build/icyphy/ptII/ptolemy/vergil/basic/export/test/ptolemy/domains/ptinyos/lib/MicaLeds.xml
/home/travis/build/icyphy/ptII/ptolemy/vergil/basic/export/test/ptolemy/domains/ptinyos/lib/MicaLeds.xml (No such file or directory)
 in file:/home/travis/build/icyphy/ptII/ptolemy/actor/ptalon/demo/ptinyos/SenseToLeds/MicaBoard.xml at line 134 and column 63
	at ptolemy.moml.SimpleErrorHandler.handleError(SimpleErrorHandler.java:75)
	at ptolemy.moml.MoMLParser.startElement(MoMLParser.java:3805)
	at com.microstar.xml.XmlParser.parseElement(XmlParser.java:931)
	at com.microstar.xml.XmlParser.parseDocument(XmlParser.java:481)
	at com.microstar.xml.XmlParser.doParse(XmlParser.java:159)
	at com.microstar.xml.XmlParser.parse(XmlParser.java:132)
	at ptolemy.moml.MoMLParser.parse(MoMLParser.java:1660)
	at ptolemy.moml.MoMLParser.parse(MoMLParser.java:1617)
	at ptolemy.moml.MoMLParser.parse(MoMLParser.java:1792)
	at ptolemy.actor.ptalon.PtalonEvaluator.addActor(PtalonEvaluator.java:241)
	... 56 more
Caused by: ptolemy.kernel.util.IllegalActionException: Cannot find class: ptolemy.actor.ptalon.demo.ptinyos.SenseToLeds.MicaBoard. In Ptolemy, classes are typically Java .class files. Entities like actors may instead be defined within a .xml file.  In any case, the class was not found. If the class uses a third party package, then the class would be present only if the third party package was found at compile time.  It may be necessary to upgrade Java or install the third party package, reconfigure and recompile.
Because:
Element <entity name="MicaLeds" class="ptolemy.domains.ptinyos.lib.MicaLeds"> caused an exception to be thrown.
  in .MicaBoard
Because:
Cannot find class: ptolemy.domains.ptinyos.lib.MicaLeds. In Ptolemy, classes are typically Java .class files. Entities like actors may instead be defined within a .xml file.  In any case, the class was not found. If the class uses a third party package, then the class would be present only if the third party package was found at compile time.  It may be necessary to upgrade Java or install the third party package, reconfigure and recompile.
Because:
-- /home/travis/build/icyphy/ptII/ptolemy/actor/ptalon/demo/ptinyos/SenseToLeds/ptolemy/domains/ptinyos/lib/MicaLeds.xml (No such file or directory)
-- XML file not found relative to classpath.
-- /home/travis/build/icyphy/ptII/ptolemy/vergil/basic/export/test/ptolemy/domains/ptinyos/lib/MicaLeds.xml
/home/travis/build/icyphy/ptII/ptolemy/vergil/basic/export/test/ptolemy/domains/ptinyos/lib/MicaLeds.xml (No such file or directory)
 in file:/home/travis/build/icyphy/ptII/ptolemy/actor/ptalon/demo/ptinyos/SenseToLeds/MicaBoard.xml at line 134 and column 63
	at ptolemy.moml.MoMLParser._createEntity(MoMLParser.java:4330)
	at ptolemy.moml.MoMLParser.startElement(MoMLParser.java:2864)
	... 64 more
Caused by: ptolemy.kernel.util.InternalErrorException: Element <entity name="MicaLeds" class="ptolemy.domains.ptinyos.lib.MicaLeds"> caused an exception to be thrown.
  in .MicaBoard
Because:
Cannot find class: ptolemy.domains.ptinyos.lib.MicaLeds. In Ptolemy, classes are typically Java .class files. Entities like actors may instead be defined within a .xml file.  In any case, the class was not found. If the class uses a third party package, then the class would be present only if the third party package was found at compile time.  It may be necessary to upgrade Java or install the third party package, reconfigure and recompile.
Because:
-- /home/travis/build/icyphy/ptII/ptolemy/actor/ptalon/demo/ptinyos/SenseToLeds/ptolemy/domains/ptinyos/lib/MicaLeds.xml (No such file or directory)
-- XML file not found relative to classpath.
-- /home/travis/build/icyphy/ptII/ptolemy/vergil/basic/export/test/ptolemy/domains/ptinyos/lib/MicaLeds.xml
/home/travis/build/icyphy/ptII/ptolemy/vergil/basic/export/test/ptolemy/domains/ptinyos/lib/MicaLeds.xml (No such file or directory)
 in file:/home/travis/build/icyphy/ptII/ptolemy/actor/ptalon/demo/ptinyos/SenseToLeds/MicaBoard.xml at line 134 and column 63
	at ptolemy.moml.SimpleErrorHandler.handleError(SimpleErrorHandler.java:75)
	at ptolemy.moml.MoMLParser.startElement(MoMLParser.java:3805)
	at com.microstar.xml.XmlParser.parseElement(XmlParser.java:921)
	at com.microstar.xml.XmlParser.parseContent(XmlParser.java:1104)
	at com.microstar.xml.XmlParser.parseElement(XmlParser.java:924)
	at com.microstar.xml.XmlParser.parseDocument(XmlParser.java:481)
	at com.microstar.xml.XmlParser.doParse(XmlParser.java:159)
	at com.microstar.xml.XmlParser.parse(XmlParser.java:132)
	at ptolemy.moml.MoMLParser.parse(MoMLParser.java:1676)
	at ptolemy.moml.MoMLParser.parse(MoMLParser.java:1595)
	at ptolemy.moml.MoMLParser.parse(MoMLParser.java:1537)
	at ptolemy.moml.MoMLParser._findOrParse(MoMLParser.java:5286)
	at ptolemy.moml.MoMLParser._attemptToFindMoMLClass(MoMLParser.java:4075)
	at ptolemy.moml.MoMLParser._createEntity(MoMLParser.java:4323)
	... 65 more
Caused by: ptolemy.kernel.util.IllegalActionException: Cannot find class: ptolemy.domains.ptinyos.lib.MicaLeds. In Ptolemy, classes are typically Java .class files. Entities like actors may instead be defined within a .xml file.  In any case, the class was not found. If the class uses a third party package, then the class would be present only if the third party package was found at compile time.  It may be necessary to upgrade Java or install the third party package, reconfigure and recompile.
Because:
-- /home/travis/build/icyphy/ptII/ptolemy/actor/ptalon/demo/ptinyos/SenseToLeds/ptolemy/domains/ptinyos/lib/MicaLeds.xml (No such file or directory)
-- XML file not found relative to classpath.
-- /home/travis/build/icyphy/ptII/ptolemy/vergil/basic/export/test/ptolemy/domains/ptinyos/lib/MicaLeds.xml
/home/travis/build/icyphy/ptII/ptolemy/vergil/basic/export/test/ptolemy/domains/ptinyos/lib/MicaLeds.xml (No such file or directory)
 in file:/home/travis/build/icyphy/ptII/ptolemy/actor/ptalon/demo/ptinyos/SenseToLeds/MicaBoard.xml at line 134 and column 63
	at ptolemy.moml.MoMLParser._createEntity(MoMLParser.java:4330)
	at ptolemy.moml.MoMLParser.startElement(MoMLParser.java:2864)
	... 77 more
Caused by: com.microstar.xml.XmlException: -- /home/travis/build/icyphy/ptII/ptolemy/actor/ptalon/demo/ptinyos/SenseToLeds/ptolemy/domains/ptinyos/lib/MicaLeds.xml (No such file or directory)
-- XML file not found relative to classpath.
-- /home/travis/build/icyphy/ptII/ptolemy/vergil/basic/export/test/ptolemy/domains/ptinyos/lib/MicaLeds.xml
/home/travis/build/icyphy/ptII/ptolemy/vergil/basic/export/test/ptolemy/domains/ptinyos/lib/MicaLeds.xml (No such file or directory)
 in file:/home/travis/build/icyphy/ptII/ptolemy/actor/ptalon/demo/ptinyos/SenseToLeds/MicaBoard.xml at line 134 and column 63
	at ptolemy.moml.MoMLParser.fileNameToURL(MoMLParser.java:1414)
	at ptolemy.moml.MoMLParser._findOrParse(MoMLParser.java:5283)
	at ptolemy.moml.MoMLParser._attemptToFindMoMLClass(MoMLParser.java:4075)
	at ptolemy.moml.MoMLParser._createEntity(MoMLParser.java:4323)
	... 78 more
Caused by: ptolemy.actor.ptalon.PtalonRuntimeException: Unable to add actor null
	at ptolemy.actor.ptalon.PtalonEvaluator.addActor(PtalonEvaluator.java:300)
	at ptolemy.actor.ptalon.PtalonPopulator.actor_declaration(PtalonPopulator.java:1574)
	at ptolemy.actor.ptalon.PtalonPopulator.atomic_statement(PtalonPopulator.java:1638)
	at ptolemy.actor.ptalon.PtalonPopulator.iterative_statement_evaluator(PtalonPopulator.java:2484)
	at ptolemy.actor.ptalon.AbstractPtalonEvaluator$IfTree.evaluateForScope(AbstractPtalonEvaluator.java:1307)
	at ptolemy.actor.ptalon.AbstractPtalonEvaluator.evaluateForScope(AbstractPtalonEvaluator.java:744)
	at ptolemy.actor.ptalon.PtalonPopulator.iterative_statement(PtalonPopulator.java:2363)
	at ptolemy.actor.ptalon.PtalonPopulator.actor_definition(PtalonPopulator.java:2809)
	at ptolemy.actor.ptalon.PtalonActor.attributeChanged(PtalonActor.java:206)
	at ptolemy.actor.ptalon.PtalonMLHandler.startElement(PtalonMLHandler.java:134)
	at com.microstar.xml.XmlParser.parseElement(XmlParser.java:921)
	at com.microstar.xml.XmlParser.parseContent(XmlParser.java:1104)
	at com.microstar.xml.XmlParser.parseElement(XmlParser.java:924)
	at com.microstar.xml.XmlParser.parseDocument(XmlParser.java:481)
	at com.microstar.xml.XmlParser.doParse(XmlParser.java:159)
	at com.microstar.xml.XmlParser.parse(XmlParser.java:132)
	at ptolemy.actor.ptalon.PtalonActor.configure(PtalonActor.java:240)
	at ptolemy.moml.MoMLParser.endElement(MoMLParser.java:996)
	at com.microstar.xml.XmlParser.parseETag(XmlParser.java:1026)
	at com.microstar.xml.XmlParser.parseContent(XmlParser.java:1098)
	at com.microstar.xml.XmlParser.parseElement(XmlParser.java:924)
	at com.microstar.xml.XmlParser.parseContent(XmlParser.java:1104)
	at com.microstar.xml.XmlParser.parseElement(XmlParser.java:924)
	at com.microstar.xml.XmlParser.parseContent(XmlParser.java:1104)
	at com.microstar.xml.XmlParser.parseElement(XmlParser.java:924)
	at com.microstar.xml.XmlParser.parseDocument(XmlParser.java:481)
	at com.microstar.xml.XmlParser.doParse(XmlParser.java:159)
	at com.microstar.xml.XmlParser.parse(XmlParser.java:132)
	at ptolemy.moml.MoMLParser.parse(MoMLParser.java:1676)
	at ptolemy.moml.MoMLParser.parse(MoMLParser.java:1595)
	at ptolemy.moml.MoMLParser.parse(MoMLParser.java:1537)
	at ptolemy.actor.gui.PtolemyEffigy$Factory.createEffigy(PtolemyEffigy.java:424)
	at ptolemy.actor.gui.EffigyFactory.createEffigy(EffigyFactory.java:234)
	at ptolemy.actor.gui.Configuration.openModel(Configuration.java:1125)
	at ptolemy.actor.gui.Configuration.openModel(Configuration.java:1051)
	at ptolemy.actor.gui.ConfigurationApplication._openModel(ConfigurationApplication.java:1252)
	at ptolemy.actor.gui.ConfigurationApplication._parseArg(ConfigurationApplication.java:1399)
	at ptolemy.actor.gui.ConfigurationApplication._parseArgs(ConfigurationApplication.java:1478)
	at ptolemy.actor.gui.ConfigurationApplication.<init>(ConfigurationApplication.java:277)
	at ptolemy.actor.gui.ConfigurationApplication.<init>(ConfigurationApplication.java:214)
	at ptolemy.actor.gui.ConfigurationApplication.<init>(ConfigurationApplication.java:201)
	at ptolemy.actor.gui.ConfigurationApplication.openModelOrEntity(ConfigurationApplication.java:680)
	at ptolemy.vergil.basic.export.ExportModel$1.run(ExportModel.java:220)
	at java.awt.event.InvocationEvent.dispatch(InvocationEvent.java:301)
	at java.awt.EventQueue.dispatchEventImpl(EventQueue.java:756)
	at java.awt.EventQueue.access$500(EventQueue.java:97)
	at java.awt.EventQueue$3.run(EventQueue.java:709)
	at java.awt.EventQueue$3.run(EventQueue.java:703)
	at java.security.AccessController.doPrivileged(Native Method)
	at java.security.ProtectionDomain$JavaSecurityAccessImpl.doIntersectionPrivilege(ProtectionDomain.java:80)
	at java.awt.EventQueue.dispatchEvent(EventQueue.java:726)
	at java.awt.EventDispatchThread.pumpOneEventForFilters(EventDispatchThread.java:201)
	at java.awt.EventDispatchThread.pumpEventsForFilter(EventDispatchThread.java:116)
	at java.awt.EventDispatchThread.pumpEventsForHierarchy(EventDispatchThread.java:105)
	at java.awt.EventDispatchThread.pumpEvents(EventDispatchThread.java:101)
	at java.awt.EventDispatchThread.pumpEvents(EventDispatchThread.java:93)
	at java.awt.EventDispatchThread.run(EventDispatchThread.java:82)
Caused by: ptolemy.kernel.util.InternalErrorException: Element <entity name="node1" class="ptolemy.actor.ptalon.demo.ptinyos.SenseToLeds.MicaBoard"> caused an exception to be thrown.
  in .SenseToLeds.SenseToLeds
Because:
Cannot find class: ptolemy.actor.ptalon.demo.ptinyos.SenseToLeds.MicaBoard. In Ptolemy, classes are typically Java .class files. Entities like actors may instead be defined within a .xml file.  In any case, the class was not found. If the class uses a third party package, then the class would be present only if the third party package was found at compile time.  It may be necessary to upgrade Java or install the third party package, reconfigure and recompile.
Because:
Element <entity name="MicaLeds" class="ptolemy.domains.ptinyos.lib.MicaLeds"> caused an exception to be thrown.
  in .MicaBoard
Because:
Cannot find class: ptolemy.domains.ptinyos.lib.MicaLeds. In Ptolemy, classes are typically Java .class files. Entities like actors may instead be defined within a .xml file.  In any case, the class was not found. If the class uses a third party package, then the class would be present only if the third party package was found at compile time.  It may be necessary to upgrade Java or install the third party package, reconfigure and recompile.
Because:
-- /home/travis/build/icyphy/ptII/ptolemy/actor/ptalon/demo/ptinyos/SenseToLeds/ptolemy/domains/ptinyos/lib/MicaLeds.xml (No such file or directory)
-- XML file not found relative to classpath.
-- /home/travis/build/icyphy/ptII/ptolemy/vergil/basic/export/test/ptolemy/domains/ptinyos/lib/MicaLeds.xml
/home/travis/build/icyphy/ptII/ptolemy/vergil/basic/export/test/ptolemy/domains/ptinyos/lib/MicaLeds.xml (No such file or directory)
 in file:/home/travis/build/icyphy/ptII/ptolemy/actor/ptalon/demo/ptinyos/SenseToLeds/MicaBoard.xml at line 134 and column 63
	at ptolemy.moml.SimpleErrorHandler.handleError(SimpleErrorHandler.java:75)
	at ptolemy.moml.MoMLParser.startElement(MoMLParser.java:3805)
	at com.microstar.xml.XmlParser.parseElement(XmlParser.java:931)
	at com.microstar.xml.XmlParser.parseDocument(XmlParser.java:481)
	at com.microstar.xml.XmlParser.doParse(XmlParser.java:159)
	at com.microstar.xml.XmlParser.parse(XmlParser.java:132)
	at ptolemy.moml.MoMLParser.parse(MoMLParser.java:1660)
	at ptolemy.moml.MoMLParser.parse(MoMLParser.java:1617)
	at ptolemy.moml.MoMLParser.parse(MoMLParser.java:1792)
	at ptolemy.actor.ptalon.PtalonEvaluator.addActor(PtalonEvaluator.java:241)
	... 56 more
Caused by: ptolemy.kernel.util.IllegalActionException: Cannot find class: ptolemy.actor.ptalon.demo.ptinyos.SenseToLeds.MicaBoard. In Ptolemy, classes are typically Java .class files. Entities like actors may instead be defined within a .xml file.  In any case, the class was not found. If the class uses a third party package, then the class would be present only if the third party package was found at compile time.  It may be necessary to upgrade Java or install the third party package, reconfigure and recompile.
Because:
Element <entity name="MicaLeds" class="ptolemy.domains.ptinyos.lib.MicaLeds"> caused an exception to be thrown.
  in .MicaBoard
Because:
Cannot find class: ptolemy.domains.ptinyos.lib.MicaLeds. In Ptolemy, classes are typically Java .class files. Entities like actors may instead be defined within a .xml file.  In any case, the class was not found. If the class uses a third party package, then the class would be present only if the third party package was found at compile time.  It may be necessary to upgrade Java or install the third party package, reconfigure and recompile.
Because:
-- /home/travis/build/icyphy/ptII/ptolemy/actor/ptalon/demo/ptinyos/SenseToLeds/ptolemy/domains/ptinyos/lib/MicaLeds.xml (No such file or directory)
-- XML file not found relative to classpath.
-- /home/travis/build/icyphy/ptII/ptolemy/vergil/basic/export/test/ptolemy/domains/ptinyos/lib/MicaLeds.xml
/home/travis/build/icyphy/ptII/ptolemy/vergil/basic/export/test/ptolemy/domains/ptinyos/lib/MicaLeds.xml (No such file or directory)
 in file:/home/travis/build/icyphy/ptII/ptolemy/actor/ptalon/demo/ptinyos/SenseToLeds/MicaBoard.xml at line 134 and column 63
	at ptolemy.moml.MoMLParser._createEntity(MoMLParser.java:4330)
	at ptolemy.moml.MoMLParser.startElement(MoMLParser.java:2864)
	... 64 more
Caused by: ptolemy.kernel.util.InternalErrorException: Element <entity name="MicaLeds" class="ptolemy.domains.ptinyos.lib.MicaLeds"> caused an exception to be thrown.
  in .MicaBoard
Because:
Cannot find class: ptolemy.domains.ptinyos.lib.MicaLeds. In Ptolemy, classes are typically Java .class files. Entities like actors may instead be defined within a .xml file.  In any case, the class was not found. If the class uses a third party package, then the class would be present only if the third party package was found at compile time.  It may be necessary to upgrade Java or install the third party package, reconfigure and recompile.
Because:
-- /home/travis/build/icyphy/ptII/ptolemy/actor/ptalon/demo/ptinyos/SenseToLeds/ptolemy/domains/ptinyos/lib/MicaLeds.xml (No such file or directory)
-- XML file not found relative to classpath.
-- /home/travis/build/icyphy/ptII/ptolemy/vergil/basic/export/test/ptolemy/domains/ptinyos/lib/MicaLeds.xml
/home/travis/build/icyphy/ptII/ptolemy/vergil/basic/export/test/ptolemy/domains/ptinyos/lib/MicaLeds.xml (No such file or directory)
 in file:/home/travis/build/icyphy/ptII/ptolemy/actor/ptalon/demo/ptinyos/SenseToLeds/MicaBoard.xml at line 134 and column 63
	at ptolemy.moml.SimpleErrorHandler.handleError(SimpleErrorHandler.java:75)
	at ptolemy.moml.MoMLParser.startElement(MoMLParser.java:3805)
	at com.microstar.xml.XmlParser.parseElement(XmlParser.java:921)
	at com.microstar.xml.XmlParser.parseContent(XmlParser.java:1104)
	at com.microstar.xml.XmlParser.parseElement(XmlParser.java:924)
	at com.microstar.xml.XmlParser.parseDocument(XmlParser.java:481)
	at com.microstar.xml.XmlParser.doParse(XmlParser.java:159)
	at com.microstar.xml.XmlParser.parse(XmlParser.java:132)
	at ptolemy.moml.MoMLParser.parse(MoMLParser.java:1676)
	at ptolemy.moml.MoMLParser.parse(MoMLParser.java:1595)
	at ptolemy.moml.MoMLParser.parse(MoMLParser.java:1537)
	at ptolemy.moml.MoMLParser._findOrParse(MoMLParser.java:5286)
	at ptolemy.moml.MoMLParser._attemptToFindMoMLClass(MoMLParser.java:4075)
	at ptolemy.moml.MoMLParser._createEntity(MoMLParser.java:4323)
	... 65 more
Caused by: ptolemy.kernel.util.IllegalActionException: Cannot find class: ptolemy.domains.ptinyos.lib.MicaLeds. In Ptolemy, classes are typically Java .class files. Entities like actors may instead be defined within a .xml file.  In any case, the class was not found. If the class uses a third party package, then the class would be present only if the third party package was found at compile time.  It may be necessary to upgrade Java or install the third party package, reconfigure and recompile.
Because:
-- /home/travis/build/icyphy/ptII/ptolemy/actor/ptalon/demo/ptinyos/SenseToLeds/ptolemy/domains/ptinyos/lib/MicaLeds.xml (No such file or directory)
-- XML file not found relative to classpath.
-- /home/travis/build/icyphy/ptII/ptolemy/vergil/basic/export/test/ptolemy/domains/ptinyos/lib/MicaLeds.xml
/home/travis/build/icyphy/ptII/ptolemy/vergil/basic/export/test/ptolemy/domains/ptinyos/lib/MicaLeds.xml (No such file or directory)
 in file:/home/travis/build/icyphy/ptII/ptolemy/actor/ptalon/demo/ptinyos/SenseToLeds/MicaBoard.xml at line 134 and column 63
	at ptolemy.moml.MoMLParser._createEntity(MoMLParser.java:4330)
	at ptolemy.moml.MoMLParser.startElement(MoMLParser.java:2864)
	... 77 more
Caused by: com.microstar.xml.XmlException: -- /home/travis/build/icyphy/ptII/ptolemy/actor/ptalon/demo/ptinyos/SenseToLeds/ptolemy/domains/ptinyos/lib/MicaLeds.xml (No such file or directory)
-- XML file not found relative to classpath.
-- /home/travis/build/icyphy/ptII/ptolemy/vergil/basic/export/test/ptolemy/domains/ptinyos/lib/MicaLeds.xml
/home/travis/build/icyphy/ptII/ptolemy/vergil/basic/export/test/ptolemy/domains/ptinyos/lib/MicaLeds.xml (No such file or directory)
 in file:/home/travis/build/icyphy/ptII/ptolemy/actor/ptalon/demo/ptinyos/SenseToLeds/MicaBoard.xml at line 134 and column 63
	at ptolemy.moml.MoMLParser.fileNameToURL(MoMLParser.java:1414)
	at ptolemy.moml.MoMLParser._findOrParse(MoMLParser.java:5283)
	at ptolemy.moml.MoMLParser._attemptToFindMoMLClass(MoMLParser.java:4075)
	at ptolemy.moml.MoMLParser._createEntity(MoMLParser.java:4323)
	... 78 more
Failed to read file:/home/travis/build/icyphy/ptII/ptolemy/actor/ptalon/demo/ptinyos/SenseToLeds/SenseToLeds.xml
ptolemy.kernel.util.IllegalActionException: Failed to process attribute change to PtalonParameter, whose value is "ptolemy.actor.ptalon.PtalonExpressionParameter {.SenseToLeds.SenseToLeds.n} 2".
  in .SenseToLeds.SenseToLeds
Because:
Unable to add actor null
	at ptolemy.actor.ptalon.PtalonActor.attributeChanged(PtalonActor.java:211)
	at ptolemy.actor.ptalon.PtalonMLHandler.startElement(PtalonMLHandler.java:134)
	at com.microstar.xml.XmlParser.parseElement(XmlParser.java:921)
	at com.microstar.xml.XmlParser.parseContent(XmlParser.java:1104)
	at com.microstar.xml.XmlParser.parseElement(XmlParser.java:924)
	at com.microstar.xml.XmlParser.parseDocument(XmlParser.java:481)
	at com.microstar.xml.XmlParser.doParse(XmlParser.java:159)
	at com.microstar.xml.XmlParser.parse(XmlParser.java:132)
	at ptolemy.actor.ptalon.PtalonActor.configure(PtalonActor.java:240)
	at ptolemy.moml.MoMLParser.endElement(MoMLParser.java:996)
	at com.microstar.xml.XmlParser.parseETag(XmlParser.java:1026)
	at com.microstar.xml.XmlParser.parseContent(XmlParser.java:1098)
	at com.microstar.xml.XmlParser.parseElement(XmlParser.java:924)
	at com.microstar.xml.XmlParser.parseContent(XmlParser.java:1104)
	at com.microstar.xml.XmlParser.parseElement(XmlParser.java:924)
	at com.microstar.xml.XmlParser.parseContent(XmlParser.java:1104)
	at com.microstar.xml.XmlParser.parseElement(XmlParser.java:924)
	at com.microstar.xml.XmlParser.parseDocument(XmlParser.java:481)
	at com.microstar.xml.XmlParser.doParse(XmlParser.java:159)
	at com.microstar.xml.XmlParser.parse(XmlParser.java:132)
	at ptolemy.moml.MoMLParser.parse(MoMLParser.java:1676)
	at ptolemy.moml.MoMLParser.parse(MoMLParser.java:1595)
	at ptolemy.moml.MoMLParser.parse(MoMLParser.java:1537)
	at ptolemy.actor.gui.PtolemyEffigy$Factory.createEffigy(PtolemyEffigy.java:424)
	at ptolemy.actor.gui.EffigyFactory.createEffigy(EffigyFactory.java:234)
	at ptolemy.actor.gui.Configuration.openModel(Configuration.java:1125)
	at ptolemy.actor.gui.Configuration.openModel(Configuration.java:1051)
	at ptolemy.actor.gui.ConfigurationApplication._openModel(ConfigurationApplication.java:1252)
	at ptolemy.actor.gui.ConfigurationApplication._parseArg(ConfigurationApplication.java:1399)
	at ptolemy.actor.gui.ConfigurationApplication._parseArgs(ConfigurationApplication.java:1478)
	at ptolemy.actor.gui.ConfigurationApplication.<init>(ConfigurationApplication.java:277)
	at ptolemy.actor.gui.ConfigurationApplication.<init>(ConfigurationApplication.java:214)
	at ptolemy.actor.gui.ConfigurationApplication.<init>(ConfigurationApplication.java:201)
	at ptolemy.actor.gui.ConfigurationApplication.openModelOrEntity(ConfigurationApplication.java:680)
	at ptolemy.vergil.basic.export.ExportModel$1.run(ExportModel.java:220)
	at java.awt.event.InvocationEvent.dispatch(InvocationEvent.java:301)
	at java.awt.EventQueue.dispatchEventImpl(EventQueue.java:756)
	at java.awt.EventQueue.access$500(EventQueue.java:97)
	at java.awt.EventQueue$3.run(EventQueue.java:709)
	at java.awt.EventQueue$3.run(EventQueue.java:703)
	at java.security.AccessController.doPrivileged(Native Method)
	at java.security.ProtectionDomain$JavaSecurityAccessImpl.doIntersectionPrivilege(ProtectionDomain.java:80)
	at java.awt.EventQueue.dispatchEvent(EventQueue.java:726)
	at java.awt.EventDispatchThread.pumpOneEventForFilters(EventDispatchThread.java:201)
	at java.awt.EventDispatchThread.pumpEventsForFilter(EventDispatchThread.java:116)
	at java.awt.EventDispatchThread.pumpEventsForHierarchy(EventDispatchThread.java:105)
	at java.awt.EventDispatchThread.pumpEvents(EventDispatchThread.java:101)
	at java.awt.EventDispatchThread.pumpEvents(EventDispatchThread.java:93)
	at java.awt.EventDispatchThread.run(EventDispatchThread.java:82)
Caused by: ptolemy.actor.ptalon.PtalonRuntimeException: Unable to add actor null
	at ptolemy.actor.ptalon.PtalonEvaluator.addActor(PtalonEvaluator.java:300)
	at ptolemy.actor.ptalon.PtalonPopulator.actor_declaration(PtalonPopulator.java:1574)
	at ptolemy.actor.ptalon.PtalonPopulator.atomic_statement(PtalonPopulator.java:1638)
	at ptolemy.actor.ptalon.PtalonPopulator.iterative_statement_evaluator(PtalonPopulator.java:2484)
	at ptolemy.actor.ptalon.AbstractPtalonEvaluator$IfTree.evaluateForScope(AbstractPtalonEvaluator.java:1307)
	at ptolemy.actor.ptalon.AbstractPtalonEvaluator.evaluateForScope(AbstractPtalonEvaluator.java:744)
	at ptolemy.actor.ptalon.PtalonPopulator.iterative_statement(PtalonPopulator.java:2363)
	at ptolemy.actor.ptalon.PtalonPopulator.actor_definition(PtalonPopulator.java:2809)
	at ptolemy.actor.ptalon.PtalonActor.attributeChanged(PtalonActor.java:206)
	... 48 more
Caused by: ptolemy.kernel.util.InternalErrorException: Element <entity name="node1" class="ptolemy.actor.ptalon.demo.ptinyos.SenseToLeds.MicaBoard"> caused an exception to be thrown.
  in .SenseToLeds.SenseToLeds
Because:
Cannot find class: ptolemy.actor.ptalon.demo.ptinyos.SenseToLeds.MicaBoard. In Ptolemy, classes are typically Java .class files. Entities like actors may instead be defined within a .xml file.  In any case, the class was not found. If the class uses a third party package, then the class would be present only if the third party package was found at compile time.  It may be necessary to upgrade Java or install the third party package, reconfigure and recompile.
Because:
Element <entity name="MicaLeds" class="ptolemy.domains.ptinyos.lib.MicaLeds"> caused an exception to be thrown.
  in .MicaBoard
Because:
Cannot find class: ptolemy.domains.ptinyos.lib.MicaLeds. In Ptolemy, classes are typically Java .class files. Entities like actors may instead be defined within a .xml file.  In any case, the class was not found. If the class uses a third party package, then the class would be present only if the third party package was found at compile time.  It may be necessary to upgrade Java or install the third party package, reconfigure and recompile.
Because:
-- /home/travis/build/icyphy/ptII/ptolemy/actor/ptalon/demo/ptinyos/SenseToLeds/ptolemy/domains/ptinyos/lib/MicaLeds.xml (No such file or directory)
-- XML file not found relative to classpath.
-- /home/travis/build/icyphy/ptII/ptolemy/vergil/basic/export/test/ptolemy/domains/ptinyos/lib/MicaLeds.xml
/home/travis/build/icyphy/ptII/ptolemy/vergil/basic/export/test/ptolemy/domains/ptinyos/lib/MicaLeds.xml (No such file or directory)
 in file:/home/travis/build/icyphy/ptII/ptolemy/actor/ptalon/demo/ptinyos/SenseToLeds/MicaBoard.xml at line 134 and column 63
	at ptolemy.moml.SimpleErrorHandler.handleError(SimpleErrorHandler.java:75)
	at ptolemy.moml.MoMLParser.startElement(MoMLParser.java:3805)
	at com.microstar.xml.XmlParser.parseElement(XmlParser.java:931)
	at com.microstar.xml.XmlParser.parseDocument(XmlParser.java:481)
	at com.microstar.xml.XmlParser.doParse(XmlParser.java:159)
	at com.microstar.xml.XmlParser.parse(XmlParser.java:132)
	at ptolemy.moml.MoMLParser.parse(MoMLParser.java:1660)
	at ptolemy.moml.MoMLParser.parse(MoMLParser.java:1617)
	at ptolemy.moml.MoMLParser.parse(MoMLParser.java:1792)
	at ptolemy.actor.ptalon.PtalonEvaluator.addActor(PtalonEvaluator.java:241)
	... 56 more
Caused by: ptolemy.kernel.util.IllegalActionException: Cannot find class: ptolemy.actor.ptalon.demo.ptinyos.SenseToLeds.MicaBoard. In Ptolemy, classes are typically Java .class files. Entities like actors may instead be defined within a .xml file.  In any case, the class was not found. If the class uses a third party package, then the class would be present only if the third party package was found at compile time.  It may be necessary to upgrade Java or install the third party package, reconfigure and recompile.
Because:
Element <entity name="MicaLeds" class="ptolemy.domains.ptinyos.lib.MicaLeds"> caused an exception to be thrown.
  in .MicaBoard
Because:
Cannot find class: ptolemy.domains.ptinyos.lib.MicaLeds. In Ptolemy, classes are typically Java .class files. Entities like actors may instead be defined within a .xml file.  In any case, the class was not found. If the class uses a third party package, then the class would be present only if the third party package was found at compile time.  It may be necessary to upgrade Java or install the third party package, reconfigure and recompile.
Because:
-- /home/travis/build/icyphy/ptII/ptolemy/actor/ptalon/demo/ptinyos/SenseToLeds/ptolemy/domains/ptinyos/lib/MicaLeds.xml (No such file or directory)
-- XML file not found relative to classpath.
-- /home/travis/build/icyphy/ptII/ptolemy/vergil/basic/export/test/ptolemy/domains/ptinyos/lib/MicaLeds.xml
/home/travis/build/icyphy/ptII/ptolemy/vergil/basic/export/test/ptolemy/domains/ptinyos/lib/MicaLeds.xml (No such file or directory)
 in file:/home/travis/build/icyphy/ptII/ptolemy/actor/ptalon/demo/ptinyos/SenseToLeds/MicaBoard.xml at line 134 and column 63
	at ptolemy.moml.MoMLParser._createEntity(MoMLParser.java:4330)
	at ptolemy.moml.MoMLParser.startElement(MoMLParser.java:2864)
	... 64 more
Caused by: ptolemy.kernel.util.InternalErrorException: Element <entity name="MicaLeds" class="ptolemy.domains.ptinyos.lib.MicaLeds"> caused an exception to be thrown.
  in .MicaBoard
Because:
Cannot find class: ptolemy.domains.ptinyos.lib.MicaLeds. In Ptolemy, classes are typically Java .class files. Entities like actors may instead be defined within a .xml file.  In any case, the class was not found. If the class uses a third party package, then the class would be present only if the third party package was found at compile time.  It may be necessary to upgrade Java or install the third party package, reconfigure and recompile.
Because:
-- /home/travis/build/icyphy/ptII/ptolemy/actor/ptalon/demo/ptinyos/SenseToLeds/ptolemy/domains/ptinyos/lib/MicaLeds.xml (No such file or directory)
-- XML file not found relative to classpath.
-- /home/travis/build/icyphy/ptII/ptolemy/vergil/basic/export/test/ptolemy/domains/ptinyos/lib/MicaLeds.xml
/home/travis/build/icyphy/ptII/ptolemy/vergil/basic/export/test/ptolemy/domains/ptinyos/lib/MicaLeds.xml (No such file or directory)
 in file:/home/travis/build/icyphy/ptII/ptolemy/actor/ptalon/demo/ptinyos/SenseToLeds/MicaBoard.xml at line 134 and column 63
	at ptolemy.moml.SimpleErrorHandler.handleError(SimpleErrorHandler.java:75)
	at ptolemy.moml.MoMLParser.startElement(MoMLParser.java:3805)
	at com.microstar.xml.XmlParser.parseElement(XmlParser.java:921)
	at com.microstar.xml.XmlParser.parseContent(XmlParser.java:1104)
	at com.microstar.xml.XmlParser.parseElement(XmlParser.java:924)
	at com.microstar.xml.XmlParser.parseDocument(XmlParser.java:481)
	at com.microstar.xml.XmlParser.doParse(XmlParser.java:159)
	at com.microstar.xml.XmlParser.parse(XmlParser.java:132)
	at ptolemy.moml.MoMLParser.parse(MoMLParser.java:1676)
	at ptolemy.moml.MoMLParser.parse(MoMLParser.java:1595)
	at ptolemy.moml.MoMLParser.parse(MoMLParser.java:1537)
	at ptolemy.moml.MoMLParser._findOrParse(MoMLParser.java:5286)
	at ptolemy.moml.MoMLParser._attemptToFindMoMLClass(MoMLParser.java:4075)
	at ptolemy.moml.MoMLParser._createEntity(MoMLParser.java:4323)
	... 65 more
Caused by: ptolemy.kernel.util.IllegalActionException: Cannot find class: ptolemy.domains.ptinyos.lib.MicaLeds. In Ptolemy, classes are typically Java .class files. Entities like actors may instead be defined within a .xml file.  In any case, the class was not found. If the class uses a third party package, then the class would be present only if the third party package was found at compile time.  It may be necessary to upgrade Java or install the third party package, reconfigure and recompile.
Because:
-- /home/travis/build/icyphy/ptII/ptolemy/actor/ptalon/demo/ptinyos/SenseToLeds/ptolemy/domains/ptinyos/lib/MicaLeds.xml (No such file or directory)
-- XML file not found relative to classpath.
-- /home/travis/build/icyphy/ptII/ptolemy/vergil/basic/export/test/ptolemy/domains/ptinyos/lib/MicaLeds.xml
/home/travis/build/icyphy/ptII/ptolemy/vergil/basic/export/test/ptolemy/domains/ptinyos/lib/MicaLeds.xml (No such file or directory)
 in file:/home/travis/build/icyphy/ptII/ptolemy/actor/ptalon/demo/ptinyos/SenseToLeds/MicaBoard.xml at line 134 and column 63
	at ptolemy.moml.MoMLParser._createEntity(MoMLParser.java:4330)
	at ptolemy.moml.MoMLParser.startElement(MoMLParser.java:2864)
	... 77 more
Caused by: com.microstar.xml.XmlException: -- /home/travis/build/icyphy/ptII/ptolemy/actor/ptalon/demo/ptinyos/SenseToLeds/ptolemy/domains/ptinyos/lib/MicaLeds.xml (No such file or directory)
-- XML file not found relative to classpath.
-- /home/travis/build/icyphy/ptII/ptolemy/vergil/basic/export/test/ptolemy/domains/ptinyos/lib/MicaLeds.xml
/home/travis/build/icyphy/ptII/ptolemy/vergil/basic/export/test/ptolemy/domains/ptinyos/lib/MicaLeds.xml (No such file or directory)
 in file:/home/travis/build/icyphy/ptII/ptolemy/actor/ptalon/demo/ptinyos/SenseToLeds/MicaBoard.xml at line 134 and column 63
	at ptolemy.moml.MoMLParser.fileNameToURL(MoMLParser.java:1414)
	at ptolemy.moml.MoMLParser._findOrParse(MoMLParser.java:5283)
	at ptolemy.moml.MoMLParser._attemptToFindMoMLClass(MoMLParser.java:4075)
	at ptolemy.moml.MoMLParser._createEntity(MoMLParser.java:4323)
	... 78 more
Caused by: ptolemy.actor.ptalon.PtalonRuntimeException: Unable to add actor null
	at ptolemy.actor.ptalon.PtalonEvaluator.addActor(PtalonEvaluator.java:300)
	at ptolemy.actor.ptalon.PtalonPopulator.actor_declaration(PtalonPopulator.java:1574)
	at ptolemy.actor.ptalon.PtalonPopulator.atomic_statement(PtalonPopulator.java:1638)
	at ptolemy.actor.ptalon.PtalonPopulator.iterative_statement_evaluator(PtalonPopulator.java:2484)
	at ptolemy.actor.ptalon.AbstractPtalonEvaluator$IfTree.evaluateForScope(AbstractPtalonEvaluator.java:1307)
	at ptolemy.actor.ptalon.AbstractPtalonEvaluator.evaluateForScope(AbstractPtalonEvaluator.java:744)
	at ptolemy.actor.ptalon.PtalonPopulator.iterative_statement(PtalonPopulator.java:2363)
	at ptolemy.actor.ptalon.PtalonPopulator.actor_definition(PtalonPopulator.java:2809)
	at ptolemy.actor.ptalon.PtalonActor.attributeChanged(PtalonActor.java:206)
	at ptolemy.actor.ptalon.PtalonMLHandler.startElement(PtalonMLHandler.java:134)
	at com.microstar.xml.XmlParser.parseElement(XmlParser.java:921)
	at com.microstar.xml.XmlParser.parseContent(XmlParser.java:1104)
	at com.microstar.xml.XmlParser.parseElement(XmlParser.java:924)
	at com.microstar.xml.XmlParser.parseDocument(XmlParser.java:481)
	at com.microstar.xml.XmlParser.doParse(XmlParser.java:159)
	at com.microstar.xml.XmlParser.parse(XmlParser.java:132)
	at ptolemy.actor.ptalon.PtalonActor.configure(PtalonActor.java:240)
	at ptolemy.moml.MoMLParser.endElement(MoMLParser.java:996)
	at com.microstar.xml.XmlParser.parseETag(XmlParser.java:1026)
	at com.microstar.xml.XmlParser.parseContent(XmlParser.java:1098)
	at com.microstar.xml.XmlParser.parseElement(XmlParser.java:924)
	at com.microstar.xml.XmlParser.parseContent(XmlParser.java:1104)
	at com.microstar.xml.XmlParser.parseElement(XmlParser.java:924)
	at com.microstar.xml.XmlParser.parseContent(XmlParser.java:1104)
	at com.microstar.xml.XmlParser.parseElement(XmlParser.java:924)
	at com.microstar.xml.XmlParser.parseDocument(XmlParser.java:481)
	at com.microstar.xml.XmlParser.doParse(XmlParser.java:159)
	at com.microstar.xml.XmlParser.parse(XmlParser.java:132)
	at ptolemy.moml.MoMLParser.parse(MoMLParser.java:1676)
	at ptolemy.moml.MoMLParser.parse(MoMLParser.java:1595)
	at ptolemy.moml.MoMLParser.parse(MoMLParser.java:1537)
	at ptolemy.actor.gui.PtolemyEffigy$Factory.createEffigy(PtolemyEffigy.java:424)
	at ptolemy.actor.gui.EffigyFactory.createEffigy(EffigyFactory.java:234)
	at ptolemy.actor.gui.Configuration.openModel(Configuration.java:1125)
	at ptolemy.actor.gui.Configuration.openModel(Configuration.java:1051)
	at ptolemy.actor.gui.ConfigurationApplication._openModel(ConfigurationApplication.java:1252)
	at ptolemy.actor.gui.ConfigurationApplication._parseArg(ConfigurationApplication.java:1399)
	at ptolemy.actor.gui.ConfigurationApplication._parseArgs(ConfigurationApplication.java:1478)
	at ptolemy.actor.gui.ConfigurationApplication.<init>(ConfigurationApplication.java:277)
	at ptolemy.actor.gui.ConfigurationApplication.<init>(ConfigurationApplication.java:214)
	at ptolemy.actor.gui.ConfigurationApplication.<init>(ConfigurationApplication.java:201)
	at ptolemy.actor.gui.ConfigurationApplication.openModelOrEntity(ConfigurationApplication.java:680)
	at ptolemy.vergil.basic.export.ExportModel$1.run(ExportModel.java:220)
	at java.awt.event.InvocationEvent.dispatch(InvocationEvent.java:301)
	at java.awt.EventQueue.dispatchEventImpl(EventQueue.java:756)
	at java.awt.EventQueue.access$500(EventQueue.java:97)
	at java.awt.EventQueue$3.run(EventQueue.java:709)
	at java.awt.EventQueue$3.run(EventQueue.java:703)
	at java.security.AccessController.doPrivileged(Native Method)
	at java.security.ProtectionDomain$JavaSecurityAccessImpl.doIntersectionPrivilege(ProtectionDomain.java:80)
	at java.awt.EventQueue.dispatchEvent(EventQueue.java:726)
	at java.awt.EventDispatchThread.pumpOneEventForFilters(EventDispatchThread.java:201)
	at java.awt.EventDispatchThread.pumpEventsForFilter(EventDispatchThread.java:116)
	at java.awt.EventDispatchThread.pumpEventsForHierarchy(EventDispatchThread.java:105)
	at java.awt.EventDispatchThread.pumpEvents(EventDispatchThread.java:101)
	at java.awt.EventDispatchThread.pumpEvents(EventDispatchThread.java:93)
	at java.awt.EventDispatchThread.run(EventDispatchThread.java:82)
Caused by: ptolemy.kernel.util.InternalErrorException: Element <entity name="node1" class="ptolemy.actor.ptalon.demo.ptinyos.SenseToLeds.MicaBoard"> caused an exception to be thrown.
  in .SenseToLeds.SenseToLeds
Because:
Cannot find class: ptolemy.actor.ptalon.demo.ptinyos.SenseToLeds.MicaBoard. In Ptolemy, classes are typically Java .class files. Entities like actors may instead be defined within a .xml file.  In any case, the class was not found. If the class uses a third party package, then the class would be present only if the third party package was found at compile time.  It may be necessary to upgrade Java or install the third party package, reconfigure and recompile.
Because:
Element <entity name="MicaLeds" class="ptolemy.domains.ptinyos.lib.MicaLeds"> caused an exception to be thrown.
  in .MicaBoard
Because:
Cannot find class: ptolemy.domains.ptinyos.lib.MicaLeds. In Ptolemy, classes are typically Java .class files. Entities like actors may instead be defined within a .xml file.  In any case, the class was not found. If the class uses a third party package, then the class would be present only if the third party package was found at compile time.  It may be necessary to upgrade Java or install the third party package, reconfigure and recompile.
Because:
-- /home/travis/build/icyphy/ptII/ptolemy/actor/ptalon/demo/ptinyos/SenseToLeds/ptolemy/domains/ptinyos/lib/MicaLeds.xml (No such file or directory)
-- XML file not found relative to classpath.
-- /home/travis/build/icyphy/ptII/ptolemy/vergil/basic/export/test/ptolemy/domains/ptinyos/lib/MicaLeds.xml
/home/travis/build/icyphy/ptII/ptolemy/vergil/basic/export/test/ptolemy/domains/ptinyos/lib/MicaLeds.xml (No such file or directory)
 in file:/home/travis/build/icyphy/ptII/ptolemy/actor/ptalon/demo/ptinyos/SenseToLeds/MicaBoard.xml at line 134 and column 63
	at ptolemy.moml.SimpleErrorHandler.handleError(SimpleErrorHandler.java:75)
	at ptolemy.moml.MoMLParser.startElement(MoMLParser.java:3805)
	at com.microstar.xml.XmlParser.parseElement(XmlParser.java:931)
	at com.microstar.xml.XmlParser.parseDocument(XmlParser.java:481)
	at com.microstar.xml.XmlParser.doParse(XmlParser.java:159)
	at com.microstar.xml.XmlParser.parse(XmlParser.java:132)
	at ptolemy.moml.MoMLParser.parse(MoMLParser.java:1660)
	at ptolemy.moml.MoMLParser.parse(MoMLParser.java:1617)
	at ptolemy.moml.MoMLParser.parse(MoMLParser.java:1792)
	at ptolemy.actor.ptalon.PtalonEvaluator.addActor(PtalonEvaluator.java:241)
	... 56 more
Caused by: ptolemy.kernel.util.IllegalActionException: Cannot find class: ptolemy.actor.ptalon.demo.ptinyos.SenseToLeds.MicaBoard. In Ptolemy, classes are typically Java .class files. Entities like actors may instead be defined within a .xml file.  In any case, the class was not found. If the class uses a third party package, then the class would be present only if the third party package was found at compile time.  It may be necessary to upgrade Java or install the third party package, reconfigure and recompile.
Because:
Element <entity name="MicaLeds" class="ptolemy.domains.ptinyos.lib.MicaLeds"> caused an exception to be thrown.
  in .MicaBoard
Because:
Cannot find class: ptolemy.domains.ptinyos.lib.MicaLeds. In Ptolemy, classes are typically Java .class files. Entities like actors may instead be defined within a .xml file.  In any case, the class was not found. If the class uses a third party package, then the class would be present only if the third party package was found at compile time.  It may be necessary to upgrade Java or install the third party package, reconfigure and recompile.
Because:
-- /home/travis/build/icyphy/ptII/ptolemy/actor/ptalon/demo/ptinyos/SenseToLeds/ptolemy/domains/ptinyos/lib/MicaLeds.xml (No such file or directory)
-- XML file not found relative to classpath.
-- /home/travis/build/icyphy/ptII/ptolemy/vergil/basic/export/test/ptolemy/domains/ptinyos/lib/MicaLeds.xml
/home/travis/build/icyphy/ptII/ptolemy/vergil/basic/export/test/ptolemy/domains/ptinyos/lib/MicaLeds.xml (No such file or directory)
 in file:/home/travis/build/icyphy/ptII/ptolemy/actor/ptalon/demo/ptinyos/SenseToLeds/MicaBoard.xml at line 134 and column 63
	at ptolemy.moml.MoMLParser._createEntity(MoMLParser.java:4330)
	at ptolemy.moml.MoMLParser.startElement(MoMLParser.java:2864)
	... 64 more
Caused by: ptolemy.kernel.util.InternalErrorException: Element <entity name="MicaLeds" class="ptolemy.domains.ptinyos.lib.MicaLeds"> caused an exception to be thrown.
  in .MicaBoard
Because:
Cannot find class: ptolemy.domains.ptinyos.lib.MicaLeds. In Ptolemy, classes are typically Java .class files. Entities like actors may instead be defined within a .xml file.  In any case, the class was not found. If the class uses a third party package, then the class would be present only if the third party package was found at compile time.  It may be necessary to upgrade Java or install the third party package, reconfigure and recompile.
Because:
-- /home/travis/build/icyphy/ptII/ptolemy/actor/ptalon/demo/ptinyos/SenseToLeds/ptolemy/domains/ptinyos/lib/MicaLeds.xml (No such file or directory)
-- XML file not found relative to classpath.
-- /home/travis/build/icyphy/ptII/ptolemy/vergil/basic/export/test/ptolemy/domains/ptinyos/lib/MicaLeds.xml
/home/travis/build/icyphy/ptII/ptolemy/vergil/basic/export/test/ptolemy/domains/ptinyos/lib/MicaLeds.xml (No such file or directory)
 in file:/home/travis/build/icyphy/ptII/ptolemy/actor/ptalon/demo/ptinyos/SenseToLeds/MicaBoard.xml at line 134 and column 63
	at ptolemy.moml.SimpleErrorHandler.handleError(SimpleErrorHandler.java:75)
	at ptolemy.moml.MoMLParser.startElement(MoMLParser.java:3805)
	at com.microstar.xml.XmlParser.parseElement(XmlParser.java:921)
	at com.microstar.xml.XmlParser.parseContent(XmlParser.java:1104)
	at com.microstar.xml.XmlParser.parseElement(XmlParser.java:924)
	at com.microstar.xml.XmlParser.parseDocument(XmlParser.java:481)
	at com.microstar.xml.XmlParser.doParse(XmlParser.java:159)
	at com.microstar.xml.XmlParser.parse(XmlParser.java:132)
	at ptolemy.moml.MoMLParser.parse(MoMLParser.java:1676)
	at ptolemy.moml.MoMLParser.parse(MoMLParser.java:1595)
	at ptolemy.moml.MoMLParser.parse(MoMLParser.java:1537)
	at ptolemy.moml.MoMLParser._findOrParse(MoMLParser.java:5286)
	at ptolemy.moml.MoMLParser._attemptToFindMoMLClass(MoMLParser.java:4075)
	at ptolemy.moml.MoMLParser._createEntity(MoMLParser.java:4323)
	... 65 more
Caused by: ptolemy.kernel.util.IllegalActionException: Cannot find class: ptolemy.domains.ptinyos.lib.MicaLeds. In Ptolemy, classes are typically Java .class files. Entities like actors may instead be defined within a .xml file.  In any case, the class was not found. If the class uses a third party package, then the class would be present only if the third party package was found at compile time.  It may be necessary to upgrade Java or install the third party package, reconfigure and recompile.
Because:
-- /home/travis/build/icyphy/ptII/ptolemy/actor/ptalon/demo/ptinyos/SenseToLeds/ptolemy/domains/ptinyos/lib/MicaLeds.xml (No such file or directory)
-- XML file not found relative to classpath.
-- /home/travis/build/icyphy/ptII/ptolemy/vergil/basic/export/test/ptolemy/domains/ptinyos/lib/MicaLeds.xml
/home/travis/build/icyphy/ptII/ptolemy/vergil/basic/export/test/ptolemy/domains/ptinyos/lib/MicaLeds.xml (No such file or directory)
 in file:/home/travis/build/icyphy/ptII/ptolemy/actor/ptalon/demo/ptinyos/SenseToLeds/MicaBoard.xml at line 134 and column 63
	at ptolemy.moml.MoMLParser._createEntity(MoMLParser.java:4330)
	at ptolemy.moml.MoMLParser.startElement(MoMLParser.java:2864)
	... 77 more
Caused by: com.microstar.xml.XmlException: -- /home/travis/build/icyphy/ptII/ptolemy/actor/ptalon/demo/ptinyos/SenseToLeds/ptolemy/domains/ptinyos/lib/MicaLeds.xml (No such file or directory)
-- XML file not found relative to classpath.
-- /home/travis/build/icyphy/ptII/ptolemy/vergil/basic/export/test/ptolemy/domains/ptinyos/lib/MicaLeds.xml
/home/travis/build/icyphy/ptII/ptolemy/vergil/basic/export/test/ptolemy/domains/ptinyos/lib/MicaLeds.xml (No such file or directory)
 in file:/home/travis/build/icyphy/ptII/ptolemy/actor/ptalon/demo/ptinyos/SenseToLeds/MicaBoard.xml at line 134 and column 63
	at ptolemy.moml.MoMLParser.fileNameToURL(MoMLParser.java:1414)
	at ptolemy.moml.MoMLParser._findOrParse(MoMLParser.java:5283)
	at ptolemy.moml.MoMLParser._attemptToFindMoMLClass(MoMLParser.java:4075)
	at ptolemy.moml.MoMLParser._createEntity(MoMLParser.java:4323)
	... 78 more
Failed to read file:/home/travis/build/icyphy/ptII/ptolemy/actor/ptalon/demo/ptinyos/SenseToLeds/SenseToLeds.xml
ptolemy.kernel.util.IllegalActionException: Failed to process attribute change to PtalonParameter, whose value is "ptolemy.actor.ptalon.PtalonExpressionParameter {.SenseToLeds.SenseToLeds.n} 2".
  in .SenseToLeds.SenseToLeds
Because:
Unable to add actor null
	at ptolemy.actor.ptalon.PtalonActor.attributeChanged(PtalonActor.java:211)
	at ptolemy.actor.ptalon.PtalonMLHandler.startElement(PtalonMLHandler.java:134)
	at com.microstar.xml.XmlParser.parseElement(XmlParser.java:921)
	at com.microstar.xml.XmlParser.parseContent(XmlParser.java:1104)
	at com.microstar.xml.XmlParser.parseElement(XmlParser.java:924)
	at com.microstar.xml.XmlParser.parseDocument(XmlParser.java:481)
	at com.microstar.xml.XmlParser.doParse(XmlParser.java:159)
	at com.microstar.xml.XmlParser.parse(XmlParser.java:132)
	at ptolemy.actor.ptalon.PtalonActor.configure(PtalonActor.java:240)
	at ptolemy.moml.MoMLParser.endElement(MoMLParser.java:996)
	at com.microstar.xml.XmlParser.parseETag(XmlParser.java:1026)
	at com.microstar.xml.XmlParser.parseContent(XmlParser.java:1098)
	at com.microstar.xml.XmlParser.parseElement(XmlParser.java:924)
	at com.microstar.xml.XmlParser.parseContent(XmlParser.java:1104)
	at com.microstar.xml.XmlParser.parseElement(XmlParser.java:924)
	at com.microstar.xml.XmlParser.parseContent(XmlParser.java:1104)
	at com.microstar.xml.XmlParser.parseElement(XmlParser.java:924)
	at com.microstar.xml.XmlParser.parseDocument(XmlParser.java:481)
	at com.microstar.xml.XmlParser.doParse(XmlParser.java:159)
	at com.microstar.xml.XmlParser.parse(XmlParser.java:132)
	at ptolemy.moml.MoMLParser.parse(MoMLParser.java:1676)
	at ptolemy.moml.MoMLParser.parse(MoMLParser.java:1595)
	at ptolemy.moml.MoMLParser.parse(MoMLParser.java:1537)
	at ptolemy.actor.gui.PtolemyEffigy$Factory.createEffigy(PtolemyEffigy.java:424)
	at ptolemy.actor.gui.EffigyFactory.createEffigy(EffigyFactory.java:234)
	at ptolemy.actor.gui.Configuration.openModel(Configuration.java:1125)
	at ptolemy.actor.gui.Configuration.openModel(Configuration.java:1051)
	at ptolemy.actor.gui.ConfigurationApplication._openModel(ConfigurationApplication.java:1252)
	at ptolemy.actor.gui.ConfigurationApplication._parseArg(ConfigurationApplication.java:1399)
	at ptolemy.actor.gui.ConfigurationApplication._parseArgs(ConfigurationApplication.java:1478)
	at ptolemy.actor.gui.ConfigurationApplication.<init>(ConfigurationApplication.java:277)
	at ptolemy.actor.gui.ConfigurationApplication.<init>(ConfigurationApplication.java:214)
	at ptolemy.actor.gui.ConfigurationApplication.<init>(ConfigurationApplication.java:201)
	at ptolemy.actor.gui.ConfigurationApplication.openModelOrEntity(ConfigurationApplication.java:680)
	at ptolemy.vergil.basic.export.ExportModel$1.run(ExportModel.java:220)
	at java.awt.event.InvocationEvent.dispatch(InvocationEvent.java:301)
	at java.awt.EventQueue.dispatchEventImpl(EventQueue.java:756)
	at java.awt.EventQueue.access$500(EventQueue.java:97)
	at java.awt.EventQueue$3.run(EventQueue.java:709)
	at java.awt.EventQueue$3.run(EventQueue.java:703)
	at java.security.AccessController.doPrivileged(Native Method)
	at java.security.ProtectionDomain$JavaSecurityAccessImpl.doIntersectionPrivilege(ProtectionDomain.java:80)
	at java.awt.EventQueue.dispatchEvent(EventQueue.java:726)
	at java.awt.EventDispatchThread.pumpOneEventForFilters(EventDispatchThread.java:201)
	at java.awt.EventDispatchThread.pumpEventsForFilter(EventDispatchThread.java:116)
	at java.awt.EventDispatchThread.pumpEventsForHierarchy(EventDispatchThread.java:105)
	at java.awt.EventDispatchThread.pumpEvents(EventDispatchThread.java:101)
	at java.awt.EventDispatchThread.pumpEvents(EventDispatchThread.java:93)
	at java.awt.EventDispatchThread.run(EventDispatchThread.java:82)
Caused by: ptolemy.actor.ptalon.PtalonRuntimeException: Unable to add actor null
	at ptolemy.actor.ptalon.PtalonEvaluator.addActor(PtalonEvaluator.java:300)
	at ptolemy.actor.ptalon.PtalonPopulator.actor_declaration(PtalonPopulator.java:1574)
	at ptolemy.actor.ptalon.PtalonPopulator.atomic_statement(PtalonPopulator.java:1638)
	at ptolemy.actor.ptalon.PtalonPopulator.iterative_statement_evaluator(PtalonPopulator.java:2484)
	at ptolemy.actor.ptalon.AbstractPtalonEvaluator$IfTree.evaluateForScope(AbstractPtalonEvaluator.java:1307)
	at ptolemy.actor.ptalon.AbstractPtalonEvaluator.evaluateForScope(AbstractPtalonEvaluator.java:744)
	at ptolemy.actor.ptalon.PtalonPopulator.iterative_statement(PtalonPopulator.java:2363)
	at ptolemy.actor.ptalon.PtalonPopulator.actor_definition(PtalonPopulator.java:2809)
	at ptolemy.actor.ptalon.PtalonActor.attributeChanged(PtalonActor.java:206)
	... 48 more
Caused by: ptolemy.kernel.util.InternalErrorException: Element <entity name="node1" class="ptolemy.actor.ptalon.demo.ptinyos.SenseToLeds.MicaBoard"> caused an exception to be thrown.
  in .SenseToLeds.SenseToLeds
Because:
Cannot find class: ptolemy.actor.ptalon.demo.ptinyos.SenseToLeds.MicaBoard. In Ptolemy, classes are typically Java .class files. Entities like actors may instead be defined within a .xml file.  In any case, the class was not found. If the class uses a third party package, then the class would be present only if the third party package was found at compile time.  It may be necessary to upgrade Java or install the third party package, reconfigure and recompile.
Because:
Element <entity name="MicaLeds" class="ptolemy.domains.ptinyos.lib.MicaLeds"> caused an exception to be thrown.
  in .MicaBoard
Because:
Cannot find class: ptolemy.domains.ptinyos.lib.MicaLeds. In Ptolemy, classes are typically Java .class files. Entities like actors may instead be defined within a .xml file.  In any case, the class was not found. If the class uses a third party package, then the class would be present only if the third party package was found at compile time.  It may be necessary to upgrade Java or install the third party package, reconfigure and recompile.
Because:
-- /home/travis/build/icyphy/ptII/ptolemy/actor/ptalon/demo/ptinyos/SenseToLeds/ptolemy/domains/ptinyos/lib/MicaLeds.xml (No such file or directory)
-- XML file not found relative to classpath.
-- /home/travis/build/icyphy/ptII/ptolemy/vergil/basic/export/test/ptolemy/domains/ptinyos/lib/MicaLeds.xml
/home/travis/build/icyphy/ptII/ptolemy/vergil/basic/export/test/ptolemy/domains/ptinyos/lib/MicaLeds.xml (No such file or directory)
 in file:/home/travis/build/icyphy/ptII/ptolemy/actor/ptalon/demo/ptinyos/SenseToLeds/MicaBoard.xml at line 134 and column 63
	at ptolemy.moml.SimpleErrorHandler.handleError(SimpleErrorHandler.java:75)
	at ptolemy.moml.MoMLParser.startElement(MoMLParser.java:3805)
	at com.microstar.xml.XmlParser.parseElement(XmlParser.java:931)
	at com.microstar.xml.XmlParser.parseDocument(XmlParser.java:481)
	at com.microstar.xml.XmlParser.doParse(XmlParser.java:159)
	at com.microstar.xml.XmlParser.parse(XmlParser.java:132)
	at ptolemy.moml.MoMLParser.parse(MoMLParser.java:1660)
	at ptolemy.moml.MoMLParser.parse(MoMLParser.java:1617)
	at ptolemy.moml.MoMLParser.parse(MoMLParser.java:1792)
	at ptolemy.actor.ptalon.PtalonEvaluator.addActor(PtalonEvaluator.java:241)
	... 56 more
Caused by: ptolemy.kernel.util.IllegalActionException: Cannot find class: ptolemy.actor.ptalon.demo.ptinyos.SenseToLeds.MicaBoard. In Ptolemy, classes are typically Java .class files. Entities like actors may instead be defined within a .xml file.  In any case, the class was not found. If the class uses a third party package, then the class would be present only if the third party package was found at compile time.  It may be necessary to upgrade Java or install the third party package, reconfigure and recompile.
Because:
Element <entity name="MicaLeds" class="ptolemy.domains.ptinyos.lib.MicaLeds"> caused an exception to be thrown.
  in .MicaBoard
Because:
Cannot find class: ptolemy.domains.ptinyos.lib.MicaLeds. In Ptolemy, classes are typically Java .class files. Entities like actors may instead be defined within a .xml file.  In any case, the class was not found. If the class uses a third party package, then the class would be present only if the third party package was found at compile time.  It may be necessary to upgrade Java or install the third party package, reconfigure and recompile.
Because:
-- /home/travis/build/icyphy/ptII/ptolemy/actor/ptalon/demo/ptinyos/SenseToLeds/ptolemy/domains/ptinyos/lib/MicaLeds.xml (No such file or directory)
-- XML file not found relative to classpath.
-- /home/travis/build/icyphy/ptII/ptolemy/vergil/basic/export/test/ptolemy/domains/ptinyos/lib/MicaLeds.xml
/home/travis/build/icyphy/ptII/ptolemy/vergil/basic/export/test/ptolemy/domains/ptinyos/lib/MicaLeds.xml (No such file or directory)
 in file:/home/travis/build/icyphy/ptII/ptolemy/actor/ptalon/demo/ptinyos/SenseToLeds/MicaBoard.xml at line 134 and column 63
	at ptolemy.moml.MoMLParser._createEntity(MoMLParser.java:4330)
	at ptolemy.moml.MoMLParser.startElement(MoMLParser.java:2864)
	... 64 more
Caused by: ptolemy.kernel.util.InternalErrorException: Element <entity name="MicaLeds" class="ptolemy.domains.ptinyos.lib.MicaLeds"> caused an exception to be thrown.
  in .MicaBoard
Because:
Cannot find class: ptolemy.domains.ptinyos.lib.MicaLeds. In Ptolemy, classes are typically Java .class files. Entities like actors may instead be defined within a .xml file.  In any case, the class was not found. If the class uses a third party package, then the class would be present only if the third party package was found at compile time.  It may be necessary to upgrade Java or install the third party package, reconfigure and recompile.
Because:
-- /home/travis/build/icyphy/ptII/ptolemy/actor/ptalon/demo/ptinyos/SenseToLeds/ptolemy/domains/ptinyos/lib/MicaLeds.xml (No such file or directory)
-- XML file not found relative to classpath.
-- /home/travis/build/icyphy/ptII/ptolemy/vergil/basic/export/test/ptolemy/domains/ptinyos/lib/MicaLeds.xml
/home/travis/build/icyphy/ptII/ptolemy/vergil/basic/export/test/ptolemy/domains/ptinyos/lib/MicaLeds.xml (No such file or directory)
 in file:/home/travis/build/icyphy/ptII/ptolemy/actor/ptalon/demo/ptinyos/SenseToLeds/MicaBoard.xml at line 134 and column 63
	at ptolemy.moml.SimpleErrorHandler.handleError(SimpleErrorHandler.java:75)
	at ptolemy.moml.MoMLParser.startElement(MoMLParser.java:3805)
	at com.microstar.xml.XmlParser.parseElement(XmlParser.java:921)
	at com.microstar.xml.XmlParser.parseContent(XmlParser.java:1104)
	at com.microstar.xml.XmlParser.parseElement(XmlParser.java:924)
	at com.microstar.xml.XmlParser.parseDocument(XmlParser.java:481)
	at com.microstar.xml.XmlParser.doParse(XmlParser.java:159)
	at com.microstar.xml.XmlParser.parse(XmlParser.java:132)
	at ptolemy.moml.MoMLParser.parse(MoMLParser.java:1676)
	at ptolemy.moml.MoMLParser.parse(MoMLParser.java:1595)
	at ptolemy.moml.MoMLParser.parse(MoMLParser.java:1537)
	at ptolemy.moml.MoMLParser._findOrParse(MoMLParser.java:5286)
	at ptolemy.moml.MoMLParser._attemptToFindMoMLClass(MoMLParser.java:4075)
	at ptolemy.moml.MoMLParser._createEntity(MoMLParser.java:4323)
	... 65 more
Caused by: ptolemy.kernel.util.IllegalActionException: Cannot find class: ptolemy.domains.ptinyos.lib.MicaLeds. In Ptolemy, classes are typically Java .class files. Entities like actors may instead be defined within a .xml file.  In any case, the class was not found. If the class uses a third party package, then the class would be present only if the third party package was found at compile time.  It may be necessary to upgrade Java or install the third party package, reconfigure and recompile.
Because:
-- /home/travis/build/icyphy/ptII/ptolemy/actor/ptalon/demo/ptinyos/SenseToLeds/ptolemy/domains/ptinyos/lib/MicaLeds.xml (No such file or directory)
-- XML file not found relative to classpath.
-- /home/travis/build/icyphy/ptII/ptolemy/vergil/basic/export/test/ptolemy/domains/ptinyos/lib/MicaLeds.xml
/home/travis/build/icyphy/ptII/ptolemy/vergil/basic/export/test/ptolemy/domains/ptinyos/lib/MicaLeds.xml (No such file or directory)
 in file:/home/travis/build/icyphy/ptII/ptolemy/actor/ptalon/demo/ptinyos/SenseToLeds/MicaBoard.xml at line 134 and column 63
	at ptolemy.moml.MoMLParser._createEntity(MoMLParser.java:4330)
	at ptolemy.moml.MoMLParser.startElement(MoMLParser.java:2864)
	... 77 more
Caused by: com.microstar.xml.XmlException: -- /home/travis/build/icyphy/ptII/ptolemy/actor/ptalon/demo/ptinyos/SenseToLeds/ptolemy/domains/ptinyos/lib/MicaLeds.xml (No such file or directory)
-- XML file not found relative to classpath.
-- /home/travis/build/icyphy/ptII/ptolemy/vergil/basic/export/test/ptolemy/domains/ptinyos/lib/MicaLeds.xml
/home/travis/build/icyphy/ptII/ptolemy/vergil/basic/export/test/ptolemy/domains/ptinyos/lib/MicaLeds.xml (No such file or directory)
 in file:/home/travis/build/icyphy/ptII/ptolemy/actor/ptalon/demo/ptinyos/SenseToLeds/MicaBoard.xml at line 134 and column 63
	at ptolemy.moml.MoMLParser.fileNameToURL(MoMLParser.java:1414)
	at ptolemy.moml.MoMLParser._findOrParse(MoMLParser.java:5283)
	at ptolemy.moml.MoMLParser._attemptToFindMoMLClass(MoMLParser.java:4075)
	at ptolemy.moml.MoMLParser._createEntity(MoMLParser.java:4323)
	... 78 more
Caused by: ptolemy.actor.ptalon.PtalonRuntimeException: Unable to add actor null
	at ptolemy.actor.ptalon.PtalonEvaluator.addActor(PtalonEvaluator.java:300)
	at ptolemy.actor.ptalon.PtalonPopulator.actor_declaration(PtalonPopulator.java:1574)
	at ptolemy.actor.ptalon.PtalonPopulator.atomic_statement(PtalonPopulator.java:1638)
	at ptolemy.actor.ptalon.PtalonPopulator.iterative_statement_evaluator(PtalonPopulator.java:2484)
	at ptolemy.actor.ptalon.AbstractPtalonEvaluator$IfTree.evaluateForScope(AbstractPtalonEvaluator.java:1307)
	at ptolemy.actor.ptalon.AbstractPtalonEvaluator.evaluateForScope(AbstractPtalonEvaluator.java:744)
	at ptolemy.actor.ptalon.PtalonPopulator.iterative_statement(PtalonPopulator.java:2363)
	at ptolemy.actor.ptalon.PtalonPopulator.actor_definition(PtalonPopulator.java:2809)
	at ptolemy.actor.ptalon.PtalonActor.attributeChanged(PtalonActor.java:206)
	at ptolemy.actor.ptalon.PtalonMLHandler.startElement(PtalonMLHandler.java:134)
	at com.microstar.xml.XmlParser.parseElement(XmlParser.java:921)
	at com.microstar.xml.XmlParser.parseContent(XmlParser.java:1104)
	at com.microstar.xml.XmlParser.parseElement(XmlParser.java:924)
	at com.microstar.xml.XmlParser.parseDocument(XmlParser.java:481)
	at com.microstar.xml.XmlParser.doParse(XmlParser.java:159)
	at com.microstar.xml.XmlParser.parse(XmlParser.java:132)
	at ptolemy.actor.ptalon.PtalonActor.configure(PtalonActor.java:240)
	at ptolemy.moml.MoMLParser.endElement(MoMLParser.java:996)
	at com.microstar.xml.XmlParser.parseETag(XmlParser.java:1026)
	at com.microstar.xml.XmlParser.parseContent(XmlParser.java:1098)
	at com.microstar.xml.XmlParser.parseElement(XmlParser.java:924)
	at com.microstar.xml.XmlParser.parseContent(XmlParser.java:1104)
	at com.microstar.xml.XmlParser.parseElement(XmlParser.java:924)
	at com.microstar.xml.XmlParser.parseContent(XmlParser.java:1104)
	at com.microstar.xml.XmlParser.parseElement(XmlParser.java:924)
	at com.microstar.xml.XmlParser.parseDocument(XmlParser.java:481)
	at com.microstar.xml.XmlParser.doParse(XmlParser.java:159)
	at com.microstar.xml.XmlParser.parse(XmlParser.java:132)
	at ptolemy.moml.MoMLParser.parse(MoMLParser.java:1676)
	at ptolemy.moml.MoMLParser.parse(MoMLParser.java:1595)
	at ptolemy.moml.MoMLParser.parse(MoMLParser.java:1537)
	at ptolemy.actor.gui.PtolemyEffigy$Factory.createEffigy(PtolemyEffigy.java:424)
	at ptolemy.actor.gui.EffigyFactory.createEffigy(EffigyFactory.java:234)
	at ptolemy.actor.gui.Configuration.openModel(Configuration.java:1125)
	at ptolemy.actor.gui.Configuration.openModel(Configuration.java:1051)
	at ptolemy.actor.gui.ConfigurationApplication._openModel(ConfigurationApplication.java:1252)
	at ptolemy.actor.gui.ConfigurationApplication._parseArg(ConfigurationApplication.java:1399)
	at ptolemy.actor.gui.ConfigurationApplication._parseArgs(ConfigurationApplication.java:1478)
	at ptolemy.actor.gui.ConfigurationApplication.<init>(ConfigurationApplication.java:277)
	at ptolemy.actor.gui.ConfigurationApplication.<init>(ConfigurationApplication.java:214)
	at ptolemy.actor.gui.ConfigurationApplication.<init>(ConfigurationApplication.java:201)
	at ptolemy.actor.gui.ConfigurationApplication.openModelOrEntity(ConfigurationApplication.java:680)
	at ptolemy.vergil.basic.export.ExportModel$1.run(ExportModel.java:220)
	at java.awt.event.InvocationEvent.dispatch(InvocationEvent.java:301)
	at java.awt.EventQueue.dispatchEventImpl(EventQueue.java:756)
	at java.awt.EventQueue.access$500(EventQueue.java:97)
	at java.awt.EventQueue$3.run(EventQueue.java:709)
	at java.awt.EventQueue$3.run(EventQueue.java:703)
	at java.security.AccessController.doPrivileged(Native Method)
	at java.security.ProtectionDomain$JavaSecurityAccessImpl.doIntersectionPrivilege(ProtectionDomain.java:80)
	at java.awt.EventQueue.dispatchEvent(EventQueue.java:726)
	at java.awt.EventDispatchThread.pumpOneEventForFilters(EventDispatchThread.java:201)
	at java.awt.EventDispatchThread.pumpEventsForFilter(EventDispatchThread.java:116)
	at java.awt.EventDispatchThread.pumpEventsForHierarchy(EventDispatchThread.java:105)
	at java.awt.EventDispatchThread.pumpEvents(EventDispatchThread.java:101)
	at java.awt.EventDispatchThread.pumpEvents(EventDispatchThread.java:93)
	at java.awt.EventDispatchThread.run(EventDispatchThread.java:82)
Caused by: ptolemy.kernel.util.InternalErrorException: Element <entity name="node1" class="ptolemy.actor.ptalon.demo.ptinyos.SenseToLeds.MicaBoard"> caused an exception to be thrown.
  in .SenseToLeds.SenseToLeds
Because:
Cannot find class: ptolemy.actor.ptalon.demo.ptinyos.SenseToLeds.MicaBoard. In Ptolemy, classes are typically Java .class files. Entities like actors may instead be defined within a .xml file.  In any case, the class was not found. If the class uses a third party package, then the class would be present only if the third party package was found at compile time.  It may be necessary to upgrade Java or install the third party package, reconfigure and recompile.
Because:
Element <entity name="MicaLeds" class="ptolemy.domains.ptinyos.lib.MicaLeds"> caused an exception to be thrown.
  in .MicaBoard
Because:
Cannot find class: ptolemy.domains.ptinyos.lib.MicaLeds. In Ptolemy, classes are typically Java .class files. Entities like actors may instead be defined within a .xml file.  In any case, the class was not found. If the class uses a third party package, then the class would be present only if the third party package was found at compile time.  It may be necessary to upgrade Java or install the third party package, reconfigure and recompile.
Because:
-- /home/travis/build/icyphy/ptII/ptolemy/actor/ptalon/demo/ptinyos/SenseToLeds/ptolemy/domains/ptinyos/lib/MicaLeds.xml (No such file or directory)
-- XML file not found relative to classpath.
-- /home/travis/build/icyphy/ptII/ptolemy/vergil/basic/export/test/ptolemy/domains/ptinyos/lib/MicaLeds.xml
/home/travis/build/icyphy/ptII/ptolemy/vergil/basic/export/test/ptolemy/domains/ptinyos/lib/MicaLeds.xml (No such file or directory)
 in file:/home/travis/build/icyphy/ptII/ptolemy/actor/ptalon/demo/ptinyos/SenseToLeds/MicaBoard.xml at line 134 and column 63
	at ptolemy.moml.SimpleErrorHandler.handleError(SimpleErrorHandler.java:75)
	at ptolemy.moml.MoMLParser.startElement(MoMLParser.java:3805)
	at com.microstar.xml.XmlParser.parseElement(XmlParser.java:931)
	at com.microstar.xml.XmlParser.parseDocument(XmlParser.java:481)
	at com.microstar.xml.XmlParser.doParse(XmlParser.java:159)
	at com.microstar.xml.XmlParser.parse(XmlParser.java:132)
	at ptolemy.moml.MoMLParser.parse(MoMLParser.java:1660)
	at ptolemy.moml.MoMLParser.parse(MoMLParser.java:1617)
	at ptolemy.moml.MoMLParser.parse(MoMLParser.java:1792)
	at ptolemy.actor.ptalon.PtalonEvaluator.addActor(PtalonEvaluator.java:241)
	... 56 more
Caused by: ptolemy.kernel.util.IllegalActionException: Cannot find class: ptolemy.actor.ptalon.demo.ptinyos.SenseToLeds.MicaBoard. In Ptolemy, classes are typically Java .class files. Entities like actors may instead be defined within a .xml file.  In any case, the class was not found. If the class uses a third party package, then the class would be present only if the third party package was found at compile time.  It may be necessary to upgrade Java or install the third party package, reconfigure and recompile.
Because:
Element <entity name="MicaLeds" class="ptolemy.domains.ptinyos.lib.MicaLeds"> caused an exception to be thrown.
  in .MicaBoard
Because:
Cannot find class: ptolemy.domains.ptinyos.lib.MicaLeds. In Ptolemy, classes are typically Java .class files. Entities like actors may instead be defined within a .xml file.  In any case, the class was not found. If the class uses a third party package, then the class would be present only if the third party package was found at compile time.  It may be necessary to upgrade Java or install the third party package, reconfigure and recompile.
Because:
-- /home/travis/build/icyphy/ptII/ptolemy/actor/ptalon/demo/ptinyos/SenseToLeds/ptolemy/domains/ptinyos/lib/MicaLeds.xml (No such file or directory)
-- XML file not found relative to classpath.
-- /home/travis/build/icyphy/ptII/ptolemy/vergil/basic/export/test/ptolemy/domains/ptinyos/lib/MicaLeds.xml
/home/travis/build/icyphy/ptII/ptolemy/vergil/basic/export/test/ptolemy/domains/ptinyos/lib/MicaLeds.xml (No such file or directory)
 in file:/home/travis/build/icyphy/ptII/ptolemy/actor/ptalon/demo/ptinyos/SenseToLeds/MicaBoard.xml at line 134 and column 63
	at ptolemy.moml.MoMLParser._createEntity(MoMLParser.java:4330)
	at ptolemy.moml.MoMLParser.startElement(MoMLParser.java:2864)
	... 64 more
Caused by: ptolemy.kernel.util.InternalErrorException: Element <entity name="MicaLeds" class="ptolemy.domains.ptinyos.lib.MicaLeds"> caused an exception to be thrown.
  in .MicaBoard
Because:
Cannot find class: ptolemy.domains.ptinyos.lib.MicaLeds. In Ptolemy, classes are typically Java .class files. Entities like actors may instead be defined within a .xml file.  In any case, the class was not found. If the class uses a third party package, then the class would be present only if the third party package was found at compile time.  It may be necessary to upgrade Java or install the third party package, reconfigure and recompile.
Because:
-- /home/travis/build/icyphy/ptII/ptolemy/actor/ptalon/demo/ptinyos/SenseToLeds/ptolemy/domains/ptinyos/lib/MicaLeds.xml (No such file or directory)
-- XML file not found relative to classpath.
-- /home/travis/build/icyphy/ptII/ptolemy/vergil/basic/export/test/ptolemy/domains/ptinyos/lib/MicaLeds.xml
/home/travis/build/icyphy/ptII/ptolemy/vergil/basic/export/test/ptolemy/domains/ptinyos/lib/MicaLeds.xml (No such file or directory)
 in file:/home/travis/build/icyphy/ptII/ptolemy/actor/ptalon/demo/ptinyos/SenseToLeds/MicaBoard.xml at line 134 and column 63
	at ptolemy.moml.SimpleErrorHandler.handleError(SimpleErrorHandler.java:75)
	at ptolemy.moml.MoMLParser.startElement(MoMLParser.java:3805)
	at com.microstar.xml.XmlParser.parseElement(XmlParser.java:921)
	at com.microstar.xml.XmlParser.parseContent(XmlParser.java:1104)
	at com.microstar.xml.XmlParser.parseElement(XmlParser.java:924)
	at com.microstar.xml.XmlParser.parseDocument(XmlParser.java:481)
	at com.microstar.xml.XmlParser.doParse(XmlParser.java:159)
	at com.microstar.xml.XmlParser.parse(XmlParser.java:132)
	at ptolemy.moml.MoMLParser.parse(MoMLParser.java:1676)
	at ptolemy.moml.MoMLParser.parse(MoMLParser.java:1595)
	at ptolemy.moml.MoMLParser.parse(MoMLParser.java:1537)
	at ptolemy.moml.MoMLParser._findOrParse(MoMLParser.java:5286)
	at ptolemy.moml.MoMLParser._attemptToFindMoMLClass(MoMLParser.java:4075)
	at ptolemy.moml.MoMLParser._createEntity(MoMLParser.java:4323)
	... 65 more
Caused by: ptolemy.kernel.util.IllegalActionException: Cannot find class: ptolemy.domains.ptinyos.lib.MicaLeds. In Ptolemy, classes are typically Java .class files. Entities like actors may instead be defined within a .xml file.  In any case, the class was not found. If the class uses a third party package, then the class would be present only if the third party package was found at compile time.  It may be necessary to upgrade Java or install the third party package, reconfigure and recompile.
Because:
-- /home/travis/build/icyphy/ptII/ptolemy/actor/ptalon/demo/ptinyos/SenseToLeds/ptolemy/domains/ptinyos/lib/MicaLeds.xml (No such file or directory)
-- XML file not found relative to classpath.
-- /home/travis/build/icyphy/ptII/ptolemy/vergil/basic/export/test/ptolemy/domains/ptinyos/lib/MicaLeds.xml
/home/travis/build/icyphy/ptII/ptolemy/vergil/basic/export/test/ptolemy/domains/ptinyos/lib/MicaLeds.xml (No such file or directory)
 in file:/home/travis/build/icyphy/ptII/ptolemy/actor/ptalon/demo/ptinyos/SenseToLeds/MicaBoard.xml at line 134 and column 63
	at ptolemy.moml.MoMLParser._createEntity(MoMLParser.java:4330)
	at ptolemy.moml.MoMLParser.startElement(MoMLParser.java:2864)
	... 77 more
Caused by: com.microstar.xml.XmlException: -- /home/travis/build/icyphy/ptII/ptolemy/actor/ptalon/demo/ptinyos/SenseToLeds/ptolemy/domains/ptinyos/lib/MicaLeds.xml (No such file or directory)
-- XML file not found relative to classpath.
-- /home/travis/build/icyphy/ptII/ptolemy/vergil/basic/export/test/ptolemy/domains/ptinyos/lib/MicaLeds.xml
/home/travis/build/icyphy/ptII/ptolemy/vergil/basic/export/test/ptolemy/domains/ptinyos/lib/MicaLeds.xml (No such file or directory)
 in file:/home/travis/build/icyphy/ptII/ptolemy/actor/ptalon/demo/ptinyos/SenseToLeds/MicaBoard.xml at line 134 and column 63
	at ptolemy.moml.MoMLParser.fileNameToURL(MoMLParser.java:1414)
	at ptolemy.moml.MoMLParser._findOrParse(MoMLParser.java:5283)
	at ptolemy.moml.MoMLParser._attemptToFindMoMLClass(MoMLParser.java:4075)
	at ptolemy.moml.MoMLParser._createEntity(MoMLParser.java:4323)
	... 78 more
ptolemy.kernel.util.IllegalActionException: Failed to process attribute change to PtalonParameter, whose value is "ptolemy.actor.ptalon.PtalonExpressionParameter {.SenseToLeds.SenseToLeds.n} 2".
  in .SenseToLeds.SenseToLeds
Because:
Unable to add actor null
	at ptolemy.actor.ptalon.PtalonActor.attributeChanged(PtalonActor.java:211)
	at ptolemy.actor.ptalon.PtalonMLHandler.startElement(PtalonMLHandler.java:134)
	at com.microstar.xml.XmlParser.parseElement(XmlParser.java:921)
	at com.microstar.xml.XmlParser.parseContent(XmlParser.java:1104)
	at com.microstar.xml.XmlParser.parseElement(XmlParser.java:924)
	at com.microstar.xml.XmlParser.parseDocument(XmlParser.java:481)
	at com.microstar.xml.XmlParser.doParse(XmlParser.java:159)
	at com.microstar.xml.XmlParser.parse(XmlParser.java:132)
	at ptolemy.actor.ptalon.PtalonActor.configure(PtalonActor.java:240)
	at ptolemy.moml.MoMLParser.endElement(MoMLParser.java:996)
	at com.microstar.xml.XmlParser.parseETag(XmlParser.java:1026)
	at com.microstar.xml.XmlParser.parseContent(XmlParser.java:1098)
	at com.microstar.xml.XmlParser.parseElement(XmlParser.java:924)
	at com.microstar.xml.XmlParser.parseContent(XmlParser.java:1104)
	at com.microstar.xml.XmlParser.parseElement(XmlParser.java:924)
	at com.microstar.xml.XmlParser.parseContent(XmlParser.java:1104)
	at com.microstar.xml.XmlParser.parseElement(XmlParser.java:924)
	at com.microstar.xml.XmlParser.parseDocument(XmlParser.java:481)
	at com.microstar.xml.XmlParser.doParse(XmlParser.java:159)
	at com.microstar.xml.XmlParser.parse(XmlParser.java:132)
	at ptolemy.moml.MoMLParser.parse(MoMLParser.java:1676)
	at ptolemy.moml.MoMLParser.parse(MoMLParser.java:1595)
	at ptolemy.moml.MoMLParser.parse(MoMLParser.java:1537)
	at ptolemy.actor.gui.PtolemyEffigy$Factory.createEffigy(PtolemyEffigy.java:424)
	at ptolemy.actor.gui.EffigyFactory.createEffigy(EffigyFactory.java:234)
	at ptolemy.actor.gui.Configuration.openModel(Configuration.java:1125)
	at ptolemy.actor.gui.Configuration.openModel(Configuration.java:1051)
	at ptolemy.actor.gui.ConfigurationApplication._openModel(ConfigurationApplication.java:1252)
	at ptolemy.actor.gui.ConfigurationApplication._parseArg(ConfigurationApplication.java:1399)
	at ptolemy.actor.gui.ConfigurationApplication._parseArgs(ConfigurationApplication.java:1478)
	at ptolemy.actor.gui.ConfigurationApplication.<init>(ConfigurationApplication.java:277)
	at ptolemy.actor.gui.ConfigurationApplication.<init>(ConfigurationApplication.java:214)
	at ptolemy.actor.gui.ConfigurationApplication.<init>(ConfigurationApplication.java:201)
	at ptolemy.actor.gui.ConfigurationApplication.openModelOrEntity(ConfigurationApplication.java:680)
	at ptolemy.vergil.basic.export.ExportModel$1.run(ExportModel.java:220)
	at java.awt.event.InvocationEvent.dispatch(InvocationEvent.java:301)
	at java.awt.EventQueue.dispatchEventImpl(EventQueue.java:756)
	at java.awt.EventQueue.access$500(EventQueue.java:97)
	at java.awt.EventQueue$3.run(EventQueue.java:709)
	at java.awt.EventQueue$3.run(EventQueue.java:703)
	at java.security.AccessController.doPrivileged(Native Method)
	at java.security.ProtectionDomain$JavaSecurityAccessImpl.doIntersectionPrivilege(ProtectionDomain.java:80)
	at java.awt.EventQueue.dispatchEvent(EventQueue.java:726)
	at java.awt.EventDispatchThread.pumpOneEventForFilters(EventDispatchThread.java:201)
	at java.awt.EventDispatchThread.pumpEventsForFilter(EventDispatchThread.java:116)
	at java.awt.EventDispatchThread.pumpEventsForHierarchy(EventDispatchThread.java:105)
	at java.awt.EventDispatchThread.pumpEvents(EventDispatchThread.java:101)
	at java.awt.EventDispatchThread.pumpEvents(EventDispatchThread.java:93)
	at java.awt.EventDispatchThread.run(EventDispatchThread.java:82)
Caused by: ptolemy.actor.ptalon.PtalonRuntimeException: Unable to add actor null
	at ptolemy.actor.ptalon.PtalonEvaluator.addActor(PtalonEvaluator.java:300)
	at ptolemy.actor.ptalon.PtalonPopulator.actor_declaration(PtalonPopulator.java:1574)
	at ptolemy.actor.ptalon.PtalonPopulator.atomic_statement(PtalonPopulator.java:1638)
	at ptolemy.actor.ptalon.PtalonPopulator.iterative_statement_evaluator(PtalonPopulator.java:2484)
	at ptolemy.actor.ptalon.AbstractPtalonEvaluator$IfTree.evaluateForScope(AbstractPtalonEvaluator.java:1307)
	at ptolemy.actor.ptalon.AbstractPtalonEvaluator.evaluateForScope(AbstractPtalonEvaluator.java:744)
	at ptolemy.actor.ptalon.PtalonPopulator.iterative_statement(PtalonPopulator.java:2363)
	at ptolemy.actor.ptalon.PtalonPopulator.actor_definition(PtalonPopulator.java:2809)
	at ptolemy.actor.ptalon.PtalonActor.attributeChanged(PtalonActor.java:206)
	... 48 more
Caused by: ptolemy.kernel.util.InternalErrorException: Element <entity name="node1" class="ptolemy.actor.ptalon.demo.ptinyos.SenseToLeds.MicaBoard"> caused an exception to be thrown.
  in .SenseToLeds.SenseToLeds
Because:
Cannot find class: ptolemy.actor.ptalon.demo.ptinyos.SenseToLeds.MicaBoard. In Ptolemy, classes are typically Java .class files. Entities like actors may instead be defined within a .xml file.  In any case, the class was not found. If the class uses a third party package, then the class would be present only if the third party package was found at compile time.  It may be necessary to upgrade Java or install the third party package, reconfigure and recompile.
Because:
Element <entity name="MicaLeds" class="ptolemy.domains.ptinyos.lib.MicaLeds"> caused an exception to be thrown.
  in .MicaBoard
Because:
Cannot find class: ptolemy.domains.ptinyos.lib.MicaLeds. In Ptolemy, classes are typically Java .class files. Entities like actors may instead be defined within a .xml file.  In any case, the class was not found. If the class uses a third party package, then the class would be present only if the third party package was found at compile time.  It may be necessary to upgrade Java or install the third party package, reconfigure and recompile.
Because:
-- /home/travis/build/icyphy/ptII/ptolemy/actor/ptalon/demo/ptinyos/SenseToLeds/ptolemy/domains/ptinyos/lib/MicaLeds.xml (No such file or directory)
-- XML file not found relative to classpath.
-- /home/travis/build/icyphy/ptII/ptolemy/vergil/basic/export/test/ptolemy/domains/ptinyos/lib/MicaLeds.xml
/home/travis/build/icyphy/ptII/ptolemy/vergil/basic/export/test/ptolemy/domains/ptinyos/lib/MicaLeds.xml (No such file or directory)
 in file:/home/travis/build/icyphy/ptII/ptolemy/actor/ptalon/demo/ptinyos/SenseToLeds/MicaBoard.xml at line 134 and column 63
	at ptolemy.moml.SimpleErrorHandler.handleError(SimpleErrorHandler.java:75)
	at ptolemy.moml.MoMLParser.startElement(MoMLParser.java:3805)
	at com.microstar.xml.XmlParser.parseElement(XmlParser.java:931)
	at com.microstar.xml.XmlParser.parseDocument(XmlParser.java:481)
	at com.microstar.xml.XmlParser.doParse(XmlParser.java:159)
	at com.microstar.xml.XmlParser.parse(XmlParser.java:132)
	at ptolemy.moml.MoMLParser.parse(MoMLParser.java:1660)
	at ptolemy.moml.MoMLParser.parse(MoMLParser.java:1617)
	at ptolemy.moml.MoMLParser.parse(MoMLParser.java:1792)
	at ptolemy.actor.ptalon.PtalonEvaluator.addActor(PtalonEvaluator.java:241)
	... 56 more
Caused by: ptolemy.kernel.util.IllegalActionException: Cannot find class: ptolemy.actor.ptalon.demo.ptinyos.SenseToLeds.MicaBoard. In Ptolemy, classes are typically Java .class files. Entities like actors may instead be defined within a .xml file.  In any case, the class was not found. If the class uses a third party package, then the class would be present only if the third party package was found at compile time.  It may be necessary to upgrade Java or install the third party package, reconfigure and recompile.
Because:
Element <entity name="MicaLeds" class="ptolemy.domains.ptinyos.lib.MicaLeds"> caused an exception to be thrown.
  in .MicaBoard
Because:
Cannot find class: ptolemy.domains.ptinyos.lib.MicaLeds. In Ptolemy, classes are typically Java .class files. Entities like actors may instead be defined within a .xml file.  In any case, the class was not found. If the class uses a third party package, then the class would be present only if the third party package was found at compile time.  It may be necessary to upgrade Java or install the third party package, reconfigure and recompile.
Because:
-- /home/travis/build/icyphy/ptII/ptolemy/actor/ptalon/demo/ptinyos/SenseToLeds/ptolemy/domains/ptinyos/lib/MicaLeds.xml (No such file or directory)
-- XML file not found relative to classpath.
-- /home/travis/build/icyphy/ptII/ptolemy/vergil/basic/export/test/ptolemy/domains/ptinyos/lib/MicaLeds.xml
/home/travis/build/icyphy/ptII/ptolemy/vergil/basic/export/test/ptolemy/domains/ptinyos/lib/MicaLeds.xml (No such file or directory)
 in file:/home/travis/build/icyphy/ptII/ptolemy/actor/ptalon/demo/ptinyos/SenseToLeds/MicaBoard.xml at line 134 and column 63
	at ptolemy.moml.MoMLParser._createEntity(MoMLParser.java:4330)
	at ptolemy.moml.MoMLParser.startElement(MoMLParser.java:2864)
	... 64 more
Caused by: ptolemy.kernel.util.InternalErrorException: Element <entity name="MicaLeds" class="ptolemy.domains.ptinyos.lib.MicaLeds"> caused an exception to be thrown.
  in .MicaBoard
Because:
Cannot find class: ptolemy.domains.ptinyos.lib.MicaLeds. In Ptolemy, classes are typically Java .class files. Entities like actors may instead be defined within a .xml file.  In any case, the class was not found. If the class uses a third party package, then the class would be present only if the third party package was found at compile time.  It may be necessary to upgrade Java or install the third party package, reconfigure and recompile.
Because:
-- /home/travis/build/icyphy/ptII/ptolemy/actor/ptalon/demo/ptinyos/SenseToLeds/ptolemy/domains/ptinyos/lib/MicaLeds.xml (No such file or directory)
-- XML file not found relative to classpath.
-- /home/travis/build/icyphy/ptII/ptolemy/vergil/basic/export/test/ptolemy/domains/ptinyos/lib/MicaLeds.xml
/home/travis/build/icyphy/ptII/ptolemy/vergil/basic/export/test/ptolemy/domains/ptinyos/lib/MicaLeds.xml (No such file or directory)
 in file:/home/travis/build/icyphy/ptII/ptolemy/actor/ptalon/demo/ptinyos/SenseToLeds/MicaBoard.xml at line 134 and column 63
	at ptolemy.moml.SimpleErrorHandler.handleError(SimpleErrorHandler.java:75)
	at ptolemy.moml.MoMLParser.startElement(MoMLParser.java:3805)
	at com.microstar.xml.XmlParser.parseElement(XmlParser.java:921)
	at com.microstar.xml.XmlParser.parseContent(XmlParser.java:1104)
	at com.microstar.xml.XmlParser.parseElement(XmlParser.java:924)
	at com.microstar.xml.XmlParser.parseDocument(XmlParser.java:481)
	at com.microstar.xml.XmlParser.doParse(XmlParser.java:159)
	at com.microstar.xml.XmlParser.parse(XmlParser.java:132)
	at ptolemy.moml.MoMLParser.parse(MoMLParser.java:1676)
	at ptolemy.moml.MoMLParser.parse(MoMLParser.java:1595)
	at ptolemy.moml.MoMLParser.parse(MoMLParser.java:1537)
	at ptolemy.moml.MoMLParser._findOrParse(MoMLParser.java:5286)
	at ptolemy.moml.MoMLParser._attemptToFindMoMLClass(MoMLParser.java:4075)
	at ptolemy.moml.MoMLParser._createEntity(MoMLParser.java:4323)
	... 65 more
Caused by: ptolemy.kernel.util.IllegalActionException: Cannot find class: ptolemy.domains.ptinyos.lib.MicaLeds. In Ptolemy, classes are typically Java .class files. Entities like actors may instead be defined within a .xml file.  In any case, the class was not found. If the class uses a third party package, then the class would be present only if the third party package was found at compile time.  It may be necessary to upgrade Java or install the third party package, reconfigure and recompile.
Because:
-- /home/travis/build/icyphy/ptII/ptolemy/actor/ptalon/demo/ptinyos/SenseToLeds/ptolemy/domains/ptinyos/lib/MicaLeds.xml (No such file or directory)
-- XML file not found relative to classpath.
-- /home/travis/build/icyphy/ptII/ptolemy/vergil/basic/export/test/ptolemy/domains/ptinyos/lib/MicaLeds.xml
/home/travis/build/icyphy/ptII/ptolemy/vergil/basic/export/test/ptolemy/domains/ptinyos/lib/MicaLeds.xml (No such file or directory)
 in file:/home/travis/build/icyphy/ptII/ptolemy/actor/ptalon/demo/ptinyos/SenseToLeds/MicaBoard.xml at line 134 and column 63
	at ptolemy.moml.MoMLParser._createEntity(MoMLParser.java:4330)
	at ptolemy.moml.MoMLParser.startElement(MoMLParser.java:2864)
	... 77 more
Caused by: com.microstar.xml.XmlException: -- /home/travis/build/icyphy/ptII/ptolemy/actor/ptalon/demo/ptinyos/SenseToLeds/ptolemy/domains/ptinyos/lib/MicaLeds.xml (No such file or directory)
-- XML file not found relative to classpath.
-- /home/travis/build/icyphy/ptII/ptolemy/vergil/basic/export/test/ptolemy/domains/ptinyos/lib/MicaLeds.xml
/home/travis/build/icyphy/ptII/ptolemy/vergil/basic/export/test/ptolemy/domains/ptinyos/lib/MicaLeds.xml (No such file or directory)
 in file:/home/travis/build/icyphy/ptII/ptolemy/actor/ptalon/demo/ptinyos/SenseToLeds/MicaBoard.xml at line 134 and column 63
	at ptolemy.moml.MoMLParser.fileNameToURL(MoMLParser.java:1414)
	at ptolemy.moml.MoMLParser._findOrParse(MoMLParser.java:5283)
	at ptolemy.moml.MoMLParser._attemptToFindMoMLClass(MoMLParser.java:4075)
	at ptolemy.moml.MoMLParser._createEntity(MoMLParser.java:4323)
	... 78 more
Caused by: ptolemy.actor.ptalon.PtalonRuntimeException: Unable to add actor null
	at ptolemy.actor.ptalon.PtalonEvaluator.addActor(PtalonEvaluator.java:300)
	at ptolemy.actor.ptalon.PtalonPopulator.actor_declaration(PtalonPopulator.java:1574)
	at ptolemy.actor.ptalon.PtalonPopulator.atomic_statement(PtalonPopulator.java:1638)
	at ptolemy.actor.ptalon.PtalonPopulator.iterative_statement_evaluator(PtalonPopulator.java:2484)
	at ptolemy.actor.ptalon.AbstractPtalonEvaluator$IfTree.evaluateForScope(AbstractPtalonEvaluator.java:1307)
	at ptolemy.actor.ptalon.AbstractPtalonEvaluator.evaluateForScope(AbstractPtalonEvaluator.java:744)
	at ptolemy.actor.ptalon.PtalonPopulator.iterative_statement(PtalonPopulator.java:2363)
	at ptolemy.actor.ptalon.PtalonPopulator.actor_definition(PtalonPopulator.java:2809)
	at ptolemy.actor.ptalon.PtalonActor.attributeChanged(PtalonActor.java:206)
	at ptolemy.actor.ptalon.PtalonMLHandler.startElement(PtalonMLHandler.java:134)
	at com.microstar.xml.XmlParser.parseElement(XmlParser.java:921)
	at com.microstar.xml.XmlParser.parseContent(XmlParser.java:1104)
	at com.microstar.xml.XmlParser.parseElement(XmlParser.java:924)
	at com.microstar.xml.XmlParser.parseDocument(XmlParser.java:481)
	at com.microstar.xml.XmlParser.doParse(XmlParser.java:159)
	at com.microstar.xml.XmlParser.parse(XmlParser.java:132)
	at ptolemy.actor.ptalon.PtalonActor.configure(PtalonActor.java:240)
	at ptolemy.moml.MoMLParser.endElement(MoMLParser.java:996)
	at com.microstar.xml.XmlParser.parseETag(XmlParser.java:1026)
	at com.microstar.xml.XmlParser.parseContent(XmlParser.java:1098)
	at com.microstar.xml.XmlParser.parseElement(XmlParser.java:924)
	at com.microstar.xml.XmlParser.parseContent(XmlParser.java:1104)
	at com.microstar.xml.XmlParser.parseElement(XmlParser.java:924)
	at com.microstar.xml.XmlParser.parseContent(XmlParser.java:1104)
	at com.microstar.xml.XmlParser.parseElement(XmlParser.java:924)
	at com.microstar.xml.XmlParser.parseDocument(XmlParser.java:481)
	at com.microstar.xml.XmlParser.doParse(XmlParser.java:159)
	at com.microstar.xml.XmlParser.parse(XmlParser.java:132)
	at ptolemy.moml.MoMLParser.parse(MoMLParser.java:1676)
	at ptolemy.moml.MoMLParser.parse(MoMLParser.java:1595)
	at ptolemy.moml.MoMLParser.parse(MoMLParser.java:1537)
	at ptolemy.actor.gui.PtolemyEffigy$Factory.createEffigy(PtolemyEffigy.java:424)
	at ptolemy.actor.gui.EffigyFactory.createEffigy(EffigyFactory.java:234)
	at ptolemy.actor.gui.Configuration.openModel(Configuration.java:1125)
	at ptolemy.actor.gui.Configuration.openModel(Configuration.java:1051)
	at ptolemy.actor.gui.ConfigurationApplication._openModel(ConfigurationApplication.java:1252)
	at ptolemy.actor.gui.ConfigurationApplication._parseArg(ConfigurationApplication.java:1399)
	at ptolemy.actor.gui.ConfigurationApplication._parseArgs(ConfigurationApplication.java:1478)
	at ptolemy.actor.gui.ConfigurationApplication.<init>(ConfigurationApplication.java:277)
	at ptolemy.actor.gui.ConfigurationApplication.<init>(ConfigurationApplication.java:214)
	at ptolemy.actor.gui.ConfigurationApplication.<init>(ConfigurationApplication.java:201)
	at ptolemy.actor.gui.ConfigurationApplication.openModelOrEntity(ConfigurationApplication.java:680)
	at ptolemy.vergil.basic.export.ExportModel$1.run(ExportModel.java:220)
	at java.awt.event.InvocationEvent.dispatch(InvocationEvent.java:301)
	at java.awt.EventQueue.dispatchEventImpl(EventQueue.java:756)
	at java.awt.EventQueue.access$500(EventQueue.java:97)
	at java.awt.EventQueue$3.run(EventQueue.java:709)
	at java.awt.EventQueue$3.run(EventQueue.java:703)
	at java.security.AccessController.doPrivileged(Native Method)
	at java.security.ProtectionDomain$JavaSecurityAccessImpl.doIntersectionPrivilege(ProtectionDomain.java:80)
	at java.awt.EventQueue.dispatchEvent(EventQueue.java:726)
	at java.awt.EventDispatchThread.pumpOneEventForFilters(EventDispatchThread.java:201)
	at java.awt.EventDispatchThread.pumpEventsForFilter(EventDispatchThread.java:116)
	at java.awt.EventDispatchThread.pumpEventsForHierarchy(EventDispatchThread.java:105)
	at java.awt.EventDispatchThread.pumpEvents(EventDispatchThread.java:101)
	at java.awt.EventDispatchThread.pumpEvents(EventDispatchThread.java:93)
	at java.awt.EventDispatchThread.run(EventDispatchThread.java:82)
Caused by: ptolemy.kernel.util.InternalErrorException: Element <entity name="node1" class="ptolemy.actor.ptalon.demo.ptinyos.SenseToLeds.MicaBoard"> caused an exception to be thrown.
  in .SenseToLeds.SenseToLeds
Because:
Cannot find class: ptolemy.actor.ptalon.demo.ptinyos.SenseToLeds.MicaBoard. In Ptolemy, classes are typically Java .class files. Entities like actors may instead be defined within a .xml file.  In any case, the class was not found. If the class uses a third party package, then the class would be present only if the third party package was found at compile time.  It may be necessary to upgrade Java or install the third party package, reconfigure and recompile.
Because:
Element <entity name="MicaLeds" class="ptolemy.domains.ptinyos.lib.MicaLeds"> caused an exception to be thrown.
  in .MicaBoard
Because:
Cannot find class: ptolemy.domains.ptinyos.lib.MicaLeds. In Ptolemy, classes are typically Java .class files. Entities like actors may instead be defined within a .xml file.  In any case, the class was not found. If the class uses a third party package, then the class would be present only if the third party package was found at compile time.  It may be necessary to upgrade Java or install the third party package, reconfigure and recompile.
Because:
-- /home/travis/build/icyphy/ptII/ptolemy/actor/ptalon/demo/ptinyos/SenseToLeds/ptolemy/domains/ptinyos/lib/MicaLeds.xml (No such file or directory)
-- XML file not found relative to classpath.
-- /home/travis/build/icyphy/ptII/ptolemy/vergil/basic/export/test/ptolemy/domains/ptinyos/lib/MicaLeds.xml
/home/travis/build/icyphy/ptII/ptolemy/vergil/basic/export/test/ptolemy/domains/ptinyos/lib/MicaLeds.xml (No such file or directory)
 in file:/home/travis/build/icyphy/ptII/ptolemy/actor/ptalon/demo/ptinyos/SenseToLeds/MicaBoard.xml at line 134 and column 63
	at ptolemy.moml.SimpleErrorHandler.handleError(SimpleErrorHandler.java:75)
	at ptolemy.moml.MoMLParser.startElement(MoMLParser.java:3805)
	at com.microstar.xml.XmlParser.parseElement(XmlParser.java:931)
	at com.microstar.xml.XmlParser.parseDocument(XmlParser.java:481)
	at com.microstar.xml.XmlParser.doParse(XmlParser.java:159)
	at com.microstar.xml.XmlParser.parse(XmlParser.java:132)
	at ptolemy.moml.MoMLParser.parse(MoMLParser.java:1660)
	at ptolemy.moml.MoMLParser.parse(MoMLParser.java:1617)
	at ptolemy.moml.MoMLParser.parse(MoMLParser.java:1792)
	at ptolemy.actor.ptalon.PtalonEvaluator.addActor(PtalonEvaluator.java:241)
	... 56 more
Caused by: ptolemy.kernel.util.IllegalActionException: Cannot find class: ptolemy.actor.ptalon.demo.ptinyos.SenseToLeds.MicaBoard. In Ptolemy, classes are typically Java .class files. Entities like actors may instead be defined within a .xml file.  In any case, the class was not found. If the class uses a third party package, then the class would be present only if the third party package was found at compile time.  It may be necessary to upgrade Java or install the third party package, reconfigure and recompile.
Because:
Element <entity name="MicaLeds" class="ptolemy.domains.ptinyos.lib.MicaLeds"> caused an exception to be thrown.
  in .MicaBoard
Because:
Cannot find class: ptolemy.domains.ptinyos.lib.MicaLeds. In Ptolemy, classes are typically Java .class files. Entities like actors may instead be defined within a .xml file.  In any case, the class was not found. If the class uses a third party package, then the class would be present only if the third party package was found at compile time.  It may be necessary to upgrade Java or install the third party package, reconfigure and recompile.
Because:
-- /home/travis/build/icyphy/ptII/ptolemy/actor/ptalon/demo/ptinyos/SenseToLeds/ptolemy/domains/ptinyos/lib/MicaLeds.xml (No such file or directory)
-- XML file not found relative to classpath.
-- /home/travis/build/icyphy/ptII/ptolemy/vergil/basic/export/test/ptolemy/domains/ptinyos/lib/MicaLeds.xml
/home/travis/build/icyphy/ptII/ptolemy/vergil/basic/export/test/ptolemy/domains/ptinyos/lib/MicaLeds.xml (No such file or directory)
 in file:/home/travis/build/icyphy/ptII/ptolemy/actor/ptalon/demo/ptinyos/SenseToLeds/MicaBoard.xml at line 134 and column 63
	at ptolemy.moml.MoMLParser._createEntity(MoMLParser.java:4330)
	at ptolemy.moml.MoMLParser.startElement(MoMLParser.java:2864)
	... 64 more
Caused by: ptolemy.kernel.util.InternalErrorException: Element <entity name="MicaLeds" class="ptolemy.domains.ptinyos.lib.MicaLeds"> caused an exception to be thrown.
  in .MicaBoard
Because:
Cannot find class: ptolemy.domains.ptinyos.lib.MicaLeds. In Ptolemy, classes are typically Java .class files. Entities like actors may instead be defined within a .xml file.  In any case, the class was not found. If the class uses a third party package, then the class would be present only if the third party package was found at compile time.  It may be necessary to upgrade Java or install the third party package, reconfigure and recompile.
Because:
-- /home/travis/build/icyphy/ptII/ptolemy/actor/ptalon/demo/ptinyos/SenseToLeds/ptolemy/domains/ptinyos/lib/MicaLeds.xml (No such file or directory)
-- XML file not found relative to classpath.
-- /home/travis/build/icyphy/ptII/ptolemy/vergil/basic/export/test/ptolemy/domains/ptinyos/lib/MicaLeds.xml
/home/travis/build/icyphy/ptII/ptolemy/vergil/basic/export/test/ptolemy/domains/ptinyos/lib/MicaLeds.xml (No such file or directory)
 in file:/home/travis/build/icyphy/ptII/ptolemy/actor/ptalon/demo/ptinyos/SenseToLeds/MicaBoard.xml at line 134 and column 63
	at ptolemy.moml.SimpleErrorHandler.handleError(SimpleErrorHandler.java:75)
	at ptolemy.moml.MoMLParser.startElement(MoMLParser.java:3805)
	at com.microstar.xml.XmlParser.parseElement(XmlParser.java:921)
	at com.microstar.xml.XmlParser.parseContent(XmlParser.java:1104)
	at com.microstar.xml.XmlParser.parseElement(XmlParser.java:924)
	at com.microstar.xml.XmlParser.parseDocument(XmlParser.java:481)
	at com.microstar.xml.XmlParser.doParse(XmlParser.java:159)
	at com.microstar.xml.XmlParser.parse(XmlParser.java:132)
	at ptolemy.moml.MoMLParser.parse(MoMLParser.java:1676)
	at ptolemy.moml.MoMLParser.parse(MoMLParser.java:1595)
	at ptolemy.moml.MoMLParser.parse(MoMLParser.java:1537)
	at ptolemy.moml.MoMLParser._findOrParse(MoMLParser.java:5286)
	at ptolemy.moml.MoMLParser._attemptToFindMoMLClass(MoMLParser.java:4075)
	at ptolemy.moml.MoMLParser._createEntity(MoMLParser.java:4323)
	... 65 more
Caused by: ptolemy.kernel.util.IllegalActionException: Cannot find class: ptolemy.domains.ptinyos.lib.MicaLeds. In Ptolemy, classes are typically Java .class files. Entities like actors may instead be defined within a .xml file.  In any case, the class was not found. If the class uses a third party package, then the class would be present only if the third party package was found at compile time.  It may be necessary to upgrade Java or install the third party package, reconfigure and recompile.
Because:
-- /home/travis/build/icyphy/ptII/ptolemy/actor/ptalon/demo/ptinyos/SenseToLeds/ptolemy/domains/ptinyos/lib/MicaLeds.xml (No such file or directory)
-- XML file not found relative to classpath.
-- /home/travis/build/icyphy/ptII/ptolemy/vergil/basic/export/test/ptolemy/domains/ptinyos/lib/MicaLeds.xml
/home/travis/build/icyphy/ptII/ptolemy/vergil/basic/export/test/ptolemy/domains/ptinyos/lib/MicaLeds.xml (No such file or directory)
 in file:/home/travis/build/icyphy/ptII/ptolemy/actor/ptalon/demo/ptinyos/SenseToLeds/MicaBoard.xml at line 134 and column 63
	at ptolemy.moml.MoMLParser._createEntity(MoMLParser.java:4330)
	at ptolemy.moml.MoMLParser.startElement(MoMLParser.java:2864)
	... 77 more
Caused by: com.microstar.xml.XmlException: -- /home/travis/build/icyphy/ptII/ptolemy/actor/ptalon/demo/ptinyos/SenseToLeds/ptolemy/domains/ptinyos/lib/MicaLeds.xml (No such file or directory)
-- XML file not found relative to classpath.
-- /home/travis/build/icyphy/ptII/ptolemy/vergil/basic/export/test/ptolemy/domains/ptinyos/lib/MicaLeds.xml
/home/travis/build/icyphy/ptII/ptolemy/vergil/basic/export/test/ptolemy/domains/ptinyos/lib/MicaLeds.xml (No such file or directory)
 in file:/home/travis/build/icyphy/ptII/ptolemy/actor/ptalon/demo/ptinyos/SenseToLeds/MicaBoard.xml at line 134 and column 63
	at ptolemy.moml.MoMLParser.fileNameToURL(MoMLParser.java:1414)
	at ptolemy.moml.MoMLParser._findOrParse(MoMLParser.java:5283)
	at ptolemy.moml.MoMLParser._attemptToFindMoMLClass(MoMLParser.java:4075)
	at ptolemy.moml.MoMLParser._createEntity(MoMLParser.java:4323)
	... 78 more
Failed to read file:/home/travis/build/icyphy/ptII/ptolemy/actor/ptalon/demo/ptinyos/SenseToLeds/SenseToLeds.xml
ptolemy.kernel.util.IllegalActionException: Failed to process attribute change to PtalonParameter, whose value is "ptolemy.actor.ptalon.PtalonExpressionParameter {.SenseToLeds.SenseToLeds.n} 2".
  in .SenseToLeds.SenseToLeds
Because:
Unable to add actor null
	at ptolemy.actor.ptalon.PtalonActor.attributeChanged(PtalonActor.java:211)
	at ptolemy.actor.ptalon.PtalonMLHandler.startElement(PtalonMLHandler.java:134)
	at com.microstar.xml.XmlParser.parseElement(XmlParser.java:921)
	at com.microstar.xml.XmlParser.parseContent(XmlParser.java:1104)
	at com.microstar.xml.XmlParser.parseElement(XmlParser.java:924)
	at com.microstar.xml.XmlParser.parseDocument(XmlParser.java:481)
	at com.microstar.xml.XmlParser.doParse(XmlParser.java:159)
	at com.microstar.xml.XmlParser.parse(XmlParser.java:132)
	at ptolemy.actor.ptalon.PtalonActor.configure(PtalonActor.java:240)
	at ptolemy.moml.MoMLParser.endElement(MoMLParser.java:996)
	at com.microstar.xml.XmlParser.parseETag(XmlParser.java:1026)
	at com.microstar.xml.XmlParser.parseContent(XmlParser.java:1098)
	at com.microstar.xml.XmlParser.parseElement(XmlParser.java:924)
	at com.microstar.xml.XmlParser.parseContent(XmlParser.java:1104)
	at com.microstar.xml.XmlParser.parseElement(XmlParser.java:924)
	at com.microstar.xml.XmlParser.parseContent(XmlParser.java:1104)
	at com.microstar.xml.XmlParser.parseElement(XmlParser.java:924)
	at com.microstar.xml.XmlParser.parseDocument(XmlParser.java:481)
	at com.microstar.xml.XmlParser.doParse(XmlParser.java:159)
	at com.microstar.xml.XmlParser.parse(XmlParser.java:132)
	at ptolemy.moml.MoMLParser.parse(MoMLParser.java:1676)
	at ptolemy.moml.MoMLParser.parse(MoMLParser.java:1595)
	at ptolemy.moml.MoMLParser.parse(MoMLParser.java:1537)
	at ptolemy.actor.gui.PtolemyEffigy$Factory.createEffigy(PtolemyEffigy.java:424)
	at ptolemy.actor.gui.EffigyFactory.createEffigy(EffigyFactory.java:234)
	at ptolemy.actor.gui.Configuration.openModel(Configuration.java:1125)
	at ptolemy.actor.gui.Configuration.openModel(Configuration.java:1051)
	at ptolemy.actor.gui.ConfigurationApplication._openModel(ConfigurationApplication.java:1252)
	at ptolemy.actor.gui.ConfigurationApplication._parseArg(ConfigurationApplication.java:1399)
	at ptolemy.actor.gui.ConfigurationApplication._parseArgs(ConfigurationApplication.java:1478)
	at ptolemy.actor.gui.ConfigurationApplication.<init>(ConfigurationApplication.java:277)
	at ptolemy.actor.gui.ConfigurationApplication.<init>(ConfigurationApplication.java:214)
	at ptolemy.actor.gui.ConfigurationApplication.<init>(ConfigurationApplication.java:201)
	at ptolemy.actor.gui.ConfigurationApplication.openModelOrEntity(ConfigurationApplication.java:680)
	at ptolemy.vergil.basic.export.ExportModel$1.run(ExportModel.java:220)
	at java.awt.event.InvocationEvent.dispatch(InvocationEvent.java:301)
	at java.awt.EventQueue.dispatchEventImpl(EventQueue.java:756)
	at java.awt.EventQueue.access$500(EventQueue.java:97)
	at java.awt.EventQueue$3.run(EventQueue.java:709)
	at java.awt.EventQueue$3.run(EventQueue.java:703)
	at java.security.AccessController.doPrivileged(Native Method)
	at java.security.ProtectionDomain$JavaSecurityAccessImpl.doIntersectionPrivilege(ProtectionDomain.java:80)
	at java.awt.EventQueue.dispatchEvent(EventQueue.java:726)
	at java.awt.EventDispatchThread.pumpOneEventForFilters(EventDispatchThread.java:201)
	at java.awt.EventDispatchThread.pumpEventsForFilter(EventDispatchThread.java:116)
	at java.awt.EventDispatchThread.pumpEventsForHierarchy(EventDispatchThread.java:105)
	at java.awt.EventDispatchThread.pumpEvents(EventDispatchThread.java:101)
	at java.awt.EventDispatchThread.pumpEvents(EventDispatchThread.java:93)
	at java.awt.EventDispatchThread.run(EventDispatchThread.java:82)
Caused by: ptolemy.actor.ptalon.PtalonRuntimeException: Unable to add actor null
	at ptolemy.actor.ptalon.PtalonEvaluator.addActor(PtalonEvaluator.java:300)
	at ptolemy.actor.ptalon.PtalonPopulator.actor_declaration(PtalonPopulator.java:1574)
	at ptolemy.actor.ptalon.PtalonPopulator.atomic_statement(PtalonPopulator.java:1638)
	at ptolemy.actor.ptalon.PtalonPopulator.iterative_statement_evaluator(PtalonPopulator.java:2484)
	at ptolemy.actor.ptalon.AbstractPtalonEvaluator$IfTree.evaluateForScope(AbstractPtalonEvaluator.java:1307)
	at ptolemy.actor.ptalon.AbstractPtalonEvaluator.evaluateForScope(AbstractPtalonEvaluator.java:744)
	at ptolemy.actor.ptalon.PtalonPopulator.iterative_statement(PtalonPopulator.java:2363)
	at ptolemy.actor.ptalon.PtalonPopulator.actor_definition(PtalonPopulator.java:2809)
	at ptolemy.actor.ptalon.PtalonActor.attributeChanged(PtalonActor.java:206)
	... 48 more
Caused by: ptolemy.kernel.util.InternalErrorException: Element <entity name="node1" class="ptolemy.actor.ptalon.demo.ptinyos.SenseToLeds.MicaBoard"> caused an exception to be thrown.
  in .SenseToLeds.SenseToLeds
Because:
Cannot find class: ptolemy.actor.ptalon.demo.ptinyos.SenseToLeds.MicaBoard. In Ptolemy, classes are typically Java .class files. Entities like actors may instead be defined within a .xml file.  In any case, the class was not found. If the class uses a third party package, then the class would be present only if the third party package was found at compile time.  It may be necessary to upgrade Java or install the third party package, reconfigure and recompile.
Because:
Element <entity name="MicaLeds" class="ptolemy.domains.ptinyos.lib.MicaLeds"> caused an exception to be thrown.
  in .MicaBoard
Because:
Cannot find class: ptolemy.domains.ptinyos.lib.MicaLeds. In Ptolemy, classes are typically Java .class files. Entities like actors may instead be defined within a .xml file.  In any case, the class was not found. If the class uses a third party package, then the class would be present only if the third party package was found at compile time.  It may be necessary to upgrade Java or install the third party package, reconfigure and recompile.
Because:
-- /home/travis/build/icyphy/ptII/ptolemy/actor/ptalon/demo/ptinyos/SenseToLeds/ptolemy/domains/ptinyos/lib/MicaLeds.xml (No such file or directory)
-- XML file not found relative to classpath.
-- /home/travis/build/icyphy/ptII/ptolemy/vergil/basic/export/test/ptolemy/domains/ptinyos/lib/MicaLeds.xml
/home/travis/build/icyphy/ptII/ptolemy/vergil/basic/export/test/ptolemy/domains/ptinyos/lib/MicaLeds.xml (No such file or directory)
 in file:/home/travis/build/icyphy/ptII/ptolemy/actor/ptalon/demo/ptinyos/SenseToLeds/MicaBoard.xml at line 134 and column 63
	at ptolemy.moml.SimpleErrorHandler.handleError(SimpleErrorHandler.java:75)
	at ptolemy.moml.MoMLParser.startElement(MoMLParser.java:3805)
	at com.microstar.xml.XmlParser.parseElement(XmlParser.java:931)
	at com.microstar.xml.XmlParser.parseDocument(XmlParser.java:481)
	at com.microstar.xml.XmlParser.doParse(XmlParser.java:159)
	at com.microstar.xml.XmlParser.parse(XmlParser.java:132)
	at ptolemy.moml.MoMLParser.parse(MoMLParser.java:1660)
	at ptolemy.moml.MoMLParser.parse(MoMLParser.java:1617)
	at ptolemy.moml.MoMLParser.parse(MoMLParser.java:1792)
	at ptolemy.actor.ptalon.PtalonEvaluator.addActor(PtalonEvaluator.java:241)
	... 56 more
Caused by: ptolemy.kernel.util.IllegalActionException: Cannot find class: ptolemy.actor.ptalon.demo.ptinyos.SenseToLeds.MicaBoard. In Ptolemy, classes are typically Java .class files. Entities like actors may instead be defined within a .xml file.  In any case, the class was not found. If the class uses a third party package, then the class would be present only if the third party package was found at compile time.  It may be necessary to upgrade Java or install the third party package, reconfigure and recompile.
Because:
Element <entity name="MicaLeds" class="ptolemy.domains.ptinyos.lib.MicaLeds"> caused an exception to be thrown.
  in .MicaBoard
Because:
Cannot find class: ptolemy.domains.ptinyos.lib.MicaLeds. In Ptolemy, classes are typically Java .class files. Entities like actors may instead be defined within a .xml file.  In any case, the class was not found. If the class uses a third party package, then the class would be present only if the third party package was found at compile time.  It may be necessary to upgrade Java or install the third party package, reconfigure and recompile.
Because:
-- /home/travis/build/icyphy/ptII/ptolemy/actor/ptalon/demo/ptinyos/SenseToLeds/ptolemy/domains/ptinyos/lib/MicaLeds.xml (No such file or directory)
-- XML file not found relative to classpath.
-- /home/travis/build/icyphy/ptII/ptolemy/vergil/basic/export/test/ptolemy/domains/ptinyos/lib/MicaLeds.xml
/home/travis/build/icyphy/ptII/ptolemy/vergil/basic/export/test/ptolemy/domains/ptinyos/lib/MicaLeds.xml (No such file or directory)
 in file:/home/travis/build/icyphy/ptII/ptolemy/actor/ptalon/demo/ptinyos/SenseToLeds/MicaBoard.xml at line 134 and column 63
	at ptolemy.moml.MoMLParser._createEntity(MoMLParser.java:4330)
	at ptolemy.moml.MoMLParser.startElement(MoMLParser.java:2864)
	... 64 more
Caused by: ptolemy.kernel.util.InternalErrorException: Element <entity name="MicaLeds" class="ptolemy.domains.ptinyos.lib.MicaLeds"> caused an exception to be thrown.
  in .MicaBoard
Because:
Cannot find class: ptolemy.domains.ptinyos.lib.MicaLeds. In Ptolemy, classes are typically Java .class files. Entities like actors may instead be defined within a .xml file.  In any case, the class was not found. If the class uses a third party package, then the class would be present only if the third party package was found at compile time.  It may be necessary to upgrade Java or install the third party package, reconfigure and recompile.
Because:
-- /home/travis/build/icyphy/ptII/ptolemy/actor/ptalon/demo/ptinyos/SenseToLeds/ptolemy/domains/ptinyos/lib/MicaLeds.xml (No such file or directory)
-- XML file not found relative to classpath.
-- /home/travis/build/icyphy/ptII/ptolemy/vergil/basic/export/test/ptolemy/domains/ptinyos/lib/MicaLeds.xml
/home/travis/build/icyphy/ptII/ptolemy/vergil/basic/export/test/ptolemy/domains/ptinyos/lib/MicaLeds.xml (No such file or directory)
 in file:/home/travis/build/icyphy/ptII/ptolemy/actor/ptalon/demo/ptinyos/SenseToLeds/MicaBoard.xml at line 134 and column 63
	at ptolemy.moml.SimpleErrorHandler.handleError(SimpleErrorHandler.java:75)
	at ptolemy.moml.MoMLParser.startElement(MoMLParser.java:3805)
	at com.microstar.xml.XmlParser.parseElement(XmlParser.java:921)
	at com.microstar.xml.XmlParser.parseContent(XmlParser.java:1104)
	at com.microstar.xml.XmlParser.parseElement(XmlParser.java:924)
	at com.microstar.xml.XmlParser.parseDocument(XmlParser.java:481)
	at com.microstar.xml.XmlParser.doParse(XmlParser.java:159)
	at com.microstar.xml.XmlParser.parse(XmlParser.java:132)
	at ptolemy.moml.MoMLParser.parse(MoMLParser.java:1676)
	at ptolemy.moml.MoMLParser.parse(MoMLParser.java:1595)
	at ptolemy.moml.MoMLParser.parse(MoMLParser.java:1537)
	at ptolemy.moml.MoMLParser._findOrParse(MoMLParser.java:5286)
	at ptolemy.moml.MoMLParser._attemptToFindMoMLClass(MoMLParser.java:4075)
	at ptolemy.moml.MoMLParser._createEntity(MoMLParser.java:4323)
	... 65 more
Caused by: ptolemy.kernel.util.IllegalActionException: Cannot find class: ptolemy.domains.ptinyos.lib.MicaLeds. In Ptolemy, classes are typically Java .class files. Entities like actors may instead be defined within a .xml file.  In any case, the class was not found. If the class uses a third party package, then the class would be present only if the third party package was found at compile time.  It may be necessary to upgrade Java or install the third party package, reconfigure and recompile.
Because:
-- /home/travis/build/icyphy/ptII/ptolemy/actor/ptalon/demo/ptinyos/SenseToLeds/ptolemy/domains/ptinyos/lib/MicaLeds.xml (No such file or directory)
-- XML file not found relative to classpath.
-- /home/travis/build/icyphy/ptII/ptolemy/vergil/basic/export/test/ptolemy/domains/ptinyos/lib/MicaLeds.xml
/home/travis/build/icyphy/ptII/ptolemy/vergil/basic/export/test/ptolemy/domains/ptinyos/lib/MicaLeds.xml (No such file or directory)
 in file:/home/travis/build/icyphy/ptII/ptolemy/actor/ptalon/demo/ptinyos/SenseToLeds/MicaBoard.xml at line 134 and column 63
	at ptolemy.moml.MoMLParser._createEntity(MoMLParser.java:4330)
	at ptolemy.moml.MoMLParser.startElement(MoMLParser.java:2864)
	... 77 more
Caused by: com.microstar.xml.XmlException: -- /home/travis/build/icyphy/ptII/ptolemy/actor/ptalon/demo/ptinyos/SenseToLeds/ptolemy/domains/ptinyos/lib/MicaLeds.xml (No such file or directory)
-- XML file not found relative to classpath.
-- /home/travis/build/icyphy/ptII/ptolemy/vergil/basic/export/test/ptolemy/domains/ptinyos/lib/MicaLeds.xml
/home/travis/build/icyphy/ptII/ptolemy/vergil/basic/export/test/ptolemy/domains/ptinyos/lib/MicaLeds.xml (No such file or directory)
 in file:/home/travis/build/icyphy/ptII/ptolemy/actor/ptalon/demo/ptinyos/SenseToLeds/MicaBoard.xml at line 134 and column 63
	at ptolemy.moml.MoMLParser.fileNameToURL(MoMLParser.java:1414)
	at ptolemy.moml.MoMLParser._findOrParse(MoMLParser.java:5283)
	at ptolemy.moml.MoMLParser._attemptToFindMoMLClass(MoMLParser.java:4075)
	at ptolemy.moml.MoMLParser._createEntity(MoMLParser.java:4323)
	... 78 more
Caused by: ptolemy.actor.ptalon.PtalonRuntimeException: Unable to add actor null
	at ptolemy.actor.ptalon.PtalonEvaluator.addActor(PtalonEvaluator.java:300)
	at ptolemy.actor.ptalon.PtalonPopulator.actor_declaration(PtalonPopulator.java:1574)
	at ptolemy.actor.ptalon.PtalonPopulator.atomic_statement(PtalonPopulator.java:1638)
	at ptolemy.actor.ptalon.PtalonPopulator.iterative_statement_evaluator(PtalonPopulator.java:2484)
	at ptolemy.actor.ptalon.AbstractPtalonEvaluator$IfTree.evaluateForScope(AbstractPtalonEvaluator.java:1307)
	at ptolemy.actor.ptalon.AbstractPtalonEvaluator.evaluateForScope(AbstractPtalonEvaluator.java:744)
	at ptolemy.actor.ptalon.PtalonPopulator.iterative_statement(PtalonPopulator.java:2363)
	at ptolemy.actor.ptalon.PtalonPopulator.actor_definition(PtalonPopulator.java:2809)
	at ptolemy.actor.ptalon.PtalonActor.attributeChanged(PtalonActor.java:206)
	at ptolemy.actor.ptalon.PtalonMLHandler.startElement(PtalonMLHandler.java:134)
	at com.microstar.xml.XmlParser.parseElement(XmlParser.java:921)
	at com.microstar.xml.XmlParser.parseContent(XmlParser.java:1104)
	at com.microstar.xml.XmlParser.parseElement(XmlParser.java:924)
	at com.microstar.xml.XmlParser.parseDocument(XmlParser.java:481)
	at com.microstar.xml.XmlParser.doParse(XmlParser.java:159)
	at com.microstar.xml.XmlParser.parse(XmlParser.java:132)
	at ptolemy.actor.ptalon.PtalonActor.configure(PtalonActor.java:240)
	at ptolemy.moml.MoMLParser.endElement(MoMLParser.java:996)
	at com.microstar.xml.XmlParser.parseETag(XmlParser.java:1026)
	at com.microstar.xml.XmlParser.parseContent(XmlParser.java:1098)
	at com.microstar.xml.XmlParser.parseElement(XmlParser.java:924)
	at com.microstar.xml.XmlParser.parseContent(XmlParser.java:1104)
	at com.microstar.xml.XmlParser.parseElement(XmlParser.java:924)
	at com.microstar.xml.XmlParser.parseContent(XmlParser.java:1104)
	at com.microstar.xml.XmlParser.parseElement(XmlParser.java:924)
	at com.microstar.xml.XmlParser.parseDocument(XmlParser.java:481)
	at com.microstar.xml.XmlParser.doParse(XmlParser.java:159)
	at com.microstar.xml.XmlParser.parse(XmlParser.java:132)
	at ptolemy.moml.MoMLParser.parse(MoMLParser.java:1676)
	at ptolemy.moml.MoMLParser.parse(MoMLParser.java:1595)
	at ptolemy.moml.MoMLParser.parse(MoMLParser.java:1537)
	at ptolemy.actor.gui.PtolemyEffigy$Factory.createEffigy(PtolemyEffigy.java:424)
	at ptolemy.actor.gui.EffigyFactory.createEffigy(EffigyFactory.java:234)
	at ptolemy.actor.gui.Configuration.openModel(Configuration.java:1125)
	at ptolemy.actor.gui.Configuration.openModel(Configuration.java:1051)
	at ptolemy.actor.gui.ConfigurationApplication._openModel(ConfigurationApplication.java:1252)
	at ptolemy.actor.gui.ConfigurationApplication._parseArg(ConfigurationApplication.java:1399)
	at ptolemy.actor.gui.ConfigurationApplication._parseArgs(ConfigurationApplication.java:1478)
	at ptolemy.actor.gui.ConfigurationApplication.<init>(ConfigurationApplication.java:277)
	at ptolemy.actor.gui.ConfigurationApplication.<init>(ConfigurationApplication.java:214)
	at ptolemy.actor.gui.ConfigurationApplication.<init>(ConfigurationApplication.java:201)
	at ptolemy.actor.gui.ConfigurationApplication.openModelOrEntity(ConfigurationApplication.java:680)
	at ptolemy.vergil.basic.export.ExportModel$1.run(ExportModel.java:220)
	at java.awt.event.InvocationEvent.dispatch(InvocationEvent.java:301)
	at java.awt.EventQueue.dispatchEventImpl(EventQueue.java:756)
	at java.awt.EventQueue.access$500(EventQueue.java:97)
	at java.awt.EventQueue$3.run(EventQueue.java:709)
	at java.awt.EventQueue$3.run(EventQueue.java:703)
	at java.security.AccessController.doPrivileged(Native Method)
	at java.security.ProtectionDomain$JavaSecurityAccessImpl.doIntersectionPrivilege(ProtectionDomain.java:80)
	at java.awt.EventQueue.dispatchEvent(EventQueue.java:726)
	at java.awt.EventDispatchThread.pumpOneEventForFilters(EventDispatchThread.java:201)
	at java.awt.EventDispatchThread.pumpEventsForFilter(EventDispatchThread.java:116)
	at java.awt.EventDispatchThread.pumpEventsForHierarchy(EventDispatchThread.java:105)
	at java.awt.EventDispatchThread.pumpEvents(EventDispatchThread.java:101)
	at java.awt.EventDispatchThread.pumpEvents(EventDispatchThread.java:93)
	at java.awt.EventDispatchThread.run(EventDispatchThread.java:82)
Caused by: ptolemy.kernel.util.InternalErrorException: Element <entity name="node1" class="ptolemy.actor.ptalon.demo.ptinyos.SenseToLeds.MicaBoard"> caused an exception to be thrown.
  in .SenseToLeds.SenseToLeds
Because:
Cannot find class: ptolemy.actor.ptalon.demo.ptinyos.SenseToLeds.MicaBoard. In Ptolemy, classes are typically Java .class files. Entities like actors may instead be defined within a .xml file.  In any case, the class was not found. If the class uses a third party package, then the class would be present only if the third party package was found at compile time.  It may be necessary to upgrade Java or install the third party package, reconfigure and recompile.
Because:
Element <entity name="MicaLeds" class="ptolemy.domains.ptinyos.lib.MicaLeds"> caused an exception to be thrown.
  in .MicaBoard
Because:
Cannot find class: ptolemy.domains.ptinyos.lib.MicaLeds. In Ptolemy, classes are typically Java .class files. Entities like actors may instead be defined within a .xml file.  In any case, the class was not found. If the class uses a third party package, then the class would be present only if the third party package was found at compile time.  It may be necessary to upgrade Java or install the third party package, reconfigure and recompile.
Because:
-- /home/travis/build/icyphy/ptII/ptolemy/actor/ptalon/demo/ptinyos/SenseToLeds/ptolemy/domains/ptinyos/lib/MicaLeds.xml (No such file or directory)
-- XML file not found relative to classpath.
-- /home/travis/build/icyphy/ptII/ptolemy/vergil/basic/export/test/ptolemy/domains/ptinyos/lib/MicaLeds.xml
/home/travis/build/icyphy/ptII/ptolemy/vergil/basic/export/test/ptolemy/domains/ptinyos/lib/MicaLeds.xml (No such file or directory)
 in file:/home/travis/build/icyphy/ptII/ptolemy/actor/ptalon/demo/ptinyos/SenseToLeds/MicaBoard.xml at line 134 and column 63
	at ptolemy.moml.SimpleErrorHandler.handleError(SimpleErrorHandler.java:75)
	at ptolemy.moml.MoMLParser.startElement(MoMLParser.java:3805)
	at com.microstar.xml.XmlParser.parseElement(XmlParser.java:931)
	at com.microstar.xml.XmlParser.parseDocument(XmlParser.java:481)
	at com.microstar.xml.XmlParser.doParse(XmlParser.java:159)
	at com.microstar.xml.XmlParser.parse(XmlParser.java:132)
	at ptolemy.moml.MoMLParser.parse(MoMLParser.java:1660)
	at ptolemy.moml.MoMLParser.parse(MoMLParser.java:1617)
	at ptolemy.moml.MoMLParser.parse(MoMLParser.java:1792)
	at ptolemy.actor.ptalon.PtalonEvaluator.addActor(PtalonEvaluator.java:241)
	... 56 more
Caused by: ptolemy.kernel.util.IllegalActionException: Cannot find class: ptolemy.actor.ptalon.demo.ptinyos.SenseToLeds.MicaBoard. In Ptolemy, classes are typically Java .class files. Entities like actors may instead be defined within a .xml file.  In any case, the class was not found. If the class uses a third party package, then the class would be present only if the third party package was found at compile time.  It may be necessary to upgrade Java or install the third party package, reconfigure and recompile.
Because:
Element <entity name="MicaLeds" class="ptolemy.domains.ptinyos.lib.MicaLeds"> caused an exception to be thrown.
  in .MicaBoard
Because:
Cannot find class: ptolemy.domains.ptinyos.lib.MicaLeds. In Ptolemy, classes are typically Java .class files. Entities like actors may instead be defined within a .xml file.  In any case, the class was not found. If the class uses a third party package, then the class would be present only if the third party package was found at compile time.  It may be necessary to upgrade Java or install the third party package, reconfigure and recompile.
Because:
-- /home/travis/build/icyphy/ptII/ptolemy/actor/ptalon/demo/ptinyos/SenseToLeds/ptolemy/domains/ptinyos/lib/MicaLeds.xml (No such file or directory)
-- XML file not found relative to classpath.
-- /home/travis/build/icyphy/ptII/ptolemy/vergil/basic/export/test/ptolemy/domains/ptinyos/lib/MicaLeds.xml
/home/travis/build/icyphy/ptII/ptolemy/vergil/basic/export/test/ptolemy/domains/ptinyos/lib/MicaLeds.xml (No such file or directory)
 in file:/home/travis/build/icyphy/ptII/ptolemy/actor/ptalon/demo/ptinyos/SenseToLeds/MicaBoard.xml at line 134 and column 63
	at ptolemy.moml.MoMLParser._createEntity(MoMLParser.java:4330)
	at ptolemy.moml.MoMLParser.startElement(MoMLParser.java:2864)
	... 64 more
Caused by: ptolemy.kernel.util.InternalErrorException: Element <entity name="MicaLeds" class="ptolemy.domains.ptinyos.lib.MicaLeds"> caused an exception to be thrown.
  in .MicaBoard
Because:
Cannot find class: ptolemy.domains.ptinyos.lib.MicaLeds. In Ptolemy, classes are typically Java .class files. Entities like actors may instead be defined within a .xml file.  In any case, the class was not found. If the class uses a third party package, then the class would be present only if the third party package was found at compile time.  It may be necessary to upgrade Java or install the third party package, reconfigure and recompile.
Because:
-- /home/travis/build/icyphy/ptII/ptolemy/actor/ptalon/demo/ptinyos/SenseToLeds/ptolemy/domains/ptinyos/lib/MicaLeds.xml (No such file or directory)
-- XML file not found relative to classpath.
-- /home/travis/build/icyphy/ptII/ptolemy/vergil/basic/export/test/ptolemy/domains/ptinyos/lib/MicaLeds.xml
/home/travis/build/icyphy/ptII/ptolemy/vergil/basic/export/test/ptolemy/domains/ptinyos/lib/MicaLeds.xml (No such file or directory)
 in file:/home/travis/build/icyphy/ptII/ptolemy/actor/ptalon/demo/ptinyos/SenseToLeds/MicaBoard.xml at line 134 and column 63
	at ptolemy.moml.SimpleErrorHandler.handleError(SimpleErrorHandler.java:75)
	at ptolemy.moml.MoMLParser.startElement(MoMLParser.java:3805)
	at com.microstar.xml.XmlParser.parseElement(XmlParser.java:921)
	at com.microstar.xml.XmlParser.parseContent(XmlParser.java:1104)
	at com.microstar.xml.XmlParser.parseElement(XmlParser.java:924)
	at com.microstar.xml.XmlParser.parseDocument(XmlParser.java:481)
	at com.microstar.xml.XmlParser.doParse(XmlParser.java:159)
	at com.microstar.xml.XmlParser.parse(XmlParser.java:132)
	at ptolemy.moml.MoMLParser.parse(MoMLParser.java:1676)
	at ptolemy.moml.MoMLParser.parse(MoMLParser.java:1595)
	at ptolemy.moml.MoMLParser.parse(MoMLParser.java:1537)
	at ptolemy.moml.MoMLParser._findOrParse(MoMLParser.java:5286)
	at ptolemy.moml.MoMLParser._attemptToFindMoMLClass(MoMLParser.java:4075)
	at ptolemy.moml.MoMLParser._createEntity(MoMLParser.java:4323)
	... 65 more
Caused by: ptolemy.kernel.util.IllegalActionException: Cannot find class: ptolemy.domains.ptinyos.lib.MicaLeds. In Ptolemy, classes are typically Java .class files. Entities like actors may instead be defined within a .xml file.  In any case, the class was not found. If the class uses a third party package, then the class would be present only if the third party package was found at compile time.  It may be necessary to upgrade Java or install the third party package, reconfigure and recompile.
Because:
-- /home/travis/build/icyphy/ptII/ptolemy/actor/ptalon/demo/ptinyos/SenseToLeds/ptolemy/domains/ptinyos/lib/MicaLeds.xml (No such file or directory)
-- XML file not found relative to classpath.
-- /home/travis/build/icyphy/ptII/ptolemy/vergil/basic/export/test/ptolemy/domains/ptinyos/lib/MicaLeds.xml
/home/travis/build/icyphy/ptII/ptolemy/vergil/basic/export/test/ptolemy/domains/ptinyos/lib/MicaLeds.xml (No such file or directory)
 in file:/home/travis/build/icyphy/ptII/ptolemy/actor/ptalon/demo/ptinyos/SenseToLeds/MicaBoard.xml at line 134 and column 63
	at ptolemy.moml.MoMLParser._createEntity(MoMLParser.java:4330)
	at ptolemy.moml.MoMLParser.startElement(MoMLParser.java:2864)
	... 77 more
Caused by: com.microstar.xml.XmlException: -- /home/travis/build/icyphy/ptII/ptolemy/actor/ptalon/demo/ptinyos/SenseToLeds/ptolemy/domains/ptinyos/lib/MicaLeds.xml (No such file or directory)
-- XML file not found relative to classpath.
-- /home/travis/build/icyphy/ptII/ptolemy/vergil/basic/export/test/ptolemy/domains/ptinyos/lib/MicaLeds.xml
/home/travis/build/icyphy/ptII/ptolemy/vergil/basic/export/test/ptolemy/domains/ptinyos/lib/MicaLeds.xml (No such file or directory)
 in file:/home/travis/build/icyphy/ptII/ptolemy/actor/ptalon/demo/ptinyos/SenseToLeds/MicaBoard.xml at line 134 and column 63
	at ptolemy.moml.MoMLParser.fileNameToURL(MoMLParser.java:1414)
	at ptolemy.moml.MoMLParser._findOrParse(MoMLParser.java:5283)
	at ptolemy.moml.MoMLParser._attemptToFindMoMLClass(MoMLParser.java:4075)
	at ptolemy.moml.MoMLParser._createEntity(MoMLParser.java:4323)
	... 78 more
Failed to read file:/home/travis/build/icyphy/ptII/ptolemy/actor/ptalon/demo/ptinyos/SenseToLeds/SenseToLeds.xml
ptolemy.kernel.util.IllegalActionException: Failed to process attribute change to PtalonParameter, whose value is "ptolemy.actor.ptalon.PtalonExpressionParameter {.SenseToLeds.SenseToLeds.n} 2".
  in .SenseToLeds.SenseToLeds
Because:
Unable to add actor null
	at ptolemy.actor.ptalon.PtalonActor.attributeChanged(PtalonActor.java:211)
	at ptolemy.actor.ptalon.PtalonMLHandler.startElement(PtalonMLHandler.java:134)
	at com.microstar.xml.XmlParser.parseElement(XmlParser.java:921)
	at com.microstar.xml.XmlParser.parseContent(XmlParser.java:1104)
	at com.microstar.xml.XmlParser.parseElement(XmlParser.java:924)
	at com.microstar.xml.XmlParser.parseDocument(XmlParser.java:481)
	at com.microstar.xml.XmlParser.doParse(XmlParser.java:159)
	at com.microstar.xml.XmlParser.parse(XmlParser.java:132)
	at ptolemy.actor.ptalon.PtalonActor.configure(PtalonActor.java:240)
	at ptolemy.moml.MoMLParser.endElement(MoMLParser.java:996)
	at com.microstar.xml.XmlParser.parseETag(XmlParser.java:1026)
	at com.microstar.xml.XmlParser.parseContent(XmlParser.java:1098)
	at com.microstar.xml.XmlParser.parseElement(XmlParser.java:924)
	at com.microstar.xml.XmlParser.parseContent(XmlParser.java:1104)
	at com.microstar.xml.XmlParser.parseElement(XmlParser.java:924)
	at com.microstar.xml.XmlParser.parseContent(XmlParser.java:1104)
	at com.microstar.xml.XmlParser.parseElement(XmlParser.java:924)
	at com.microstar.xml.XmlParser.parseDocument(XmlParser.java:481)
	at com.microstar.xml.XmlParser.doParse(XmlParser.java:159)
	at com.microstar.xml.XmlParser.parse(XmlParser.java:132)
	at ptolemy.moml.MoMLParser.parse(MoMLParser.java:1676)
	at ptolemy.moml.MoMLParser.parse(MoMLParser.java:1595)
	at ptolemy.moml.MoMLParser.parse(MoMLParser.java:1537)
	at ptolemy.actor.gui.PtolemyEffigy$Factory.createEffigy(PtolemyEffigy.java:424)
	at ptolemy.actor.gui.EffigyFactory.createEffigy(EffigyFactory.java:234)
	at ptolemy.actor.gui.Configuration.openModel(Configuration.java:1125)
	at ptolemy.actor.gui.Configuration.openModel(Configuration.java:1051)
	at ptolemy.actor.gui.ConfigurationApplication._openModel(ConfigurationApplication.java:1252)
	at ptolemy.actor.gui.ConfigurationApplication._parseArg(ConfigurationApplication.java:1399)
	at ptolemy.actor.gui.ConfigurationApplication._parseArgs(ConfigurationApplication.java:1478)
	at ptolemy.actor.gui.ConfigurationApplication.<init>(ConfigurationApplication.java:277)
	at ptolemy.actor.gui.ConfigurationApplication.<init>(ConfigurationApplication.java:214)
	at ptolemy.actor.gui.ConfigurationApplication.<init>(ConfigurationApplication.java:201)
	at ptolemy.actor.gui.ConfigurationApplication.openModelOrEntity(ConfigurationApplication.java:680)
	at ptolemy.vergil.basic.export.ExportModel$1.run(ExportModel.java:220)
	at java.awt.event.InvocationEvent.dispatch(InvocationEvent.java:301)
	at java.awt.EventQueue.dispatchEventImpl(EventQueue.java:756)
	at java.awt.EventQueue.access$500(EventQueue.java:97)
	at java.awt.EventQueue$3.run(EventQueue.java:709)
	at java.awt.EventQueue$3.run(EventQueue.java:703)
	at java.security.AccessController.doPrivileged(Native Method)
	at java.security.ProtectionDomain$JavaSecurityAccessImpl.doIntersectionPrivilege(ProtectionDomain.java:80)
	at java.awt.EventQueue.dispatchEvent(EventQueue.java:726)
	at java.awt.EventDispatchThread.pumpOneEventForFilters(EventDispatchThread.java:201)
	at java.awt.EventDispatchThread.pumpEventsForFilter(EventDispatchThread.java:116)
	at java.awt.EventDispatchThread.pumpEventsForHierarchy(EventDispatchThread.java:105)
	at java.awt.EventDispatchThread.pumpEvents(EventDispatchThread.java:101)
	at java.awt.EventDispatchThread.pumpEvents(EventDispatchThread.java:93)
	at java.awt.EventDispatchThread.run(EventDispatchThread.java:82)
Caused by: ptolemy.actor.ptalon.PtalonRuntimeException: Unable to add actor null
	at ptolemy.actor.ptalon.PtalonEvaluator.addActor(PtalonEvaluator.java:300)
	at ptolemy.actor.ptalon.PtalonPopulator.actor_declaration(PtalonPopulator.java:1574)
	at ptolemy.actor.ptalon.PtalonPopulator.atomic_statement(PtalonPopulator.java:1638)
	at ptolemy.actor.ptalon.PtalonPopulator.iterative_statement_evaluator(PtalonPopulator.java:2484)
	at ptolemy.actor.ptalon.AbstractPtalonEvaluator$IfTree.evaluateForScope(AbstractPtalonEvaluator.java:1307)
	at ptolemy.actor.ptalon.AbstractPtalonEvaluator.evaluateForScope(AbstractPtalonEvaluator.java:744)
	at ptolemy.actor.ptalon.PtalonPopulator.iterative_statement(PtalonPopulator.java:2363)
	at ptolemy.actor.ptalon.PtalonPopulator.actor_definition(PtalonPopulator.java:2809)
	at ptolemy.actor.ptalon.PtalonActor.attributeChanged(PtalonActor.java:206)
	... 48 more
Caused by: ptolemy.kernel.util.InternalErrorException: Element <entity name="node1" class="ptolemy.actor.ptalon.demo.ptinyos.SenseToLeds.MicaBoard"> caused an exception to be thrown.
  in .SenseToLeds.SenseToLeds
Because:
Cannot find class: ptolemy.actor.ptalon.demo.ptinyos.SenseToLeds.MicaBoard. In Ptolemy, classes are typically Java .class files. Entities like actors may instead be defined within a .xml file.  In any case, the class was not found. If the class uses a third party package, then the class would be present only if the third party package was found at compile time.  It may be necessary to upgrade Java or install the third party package, reconfigure and recompile.
Because:
Element <entity name="MicaLeds" class="ptolemy.domains.ptinyos.lib.MicaLeds"> caused an exception to be thrown.
  in .MicaBoard
Because:
Cannot find class: ptolemy.domains.ptinyos.lib.MicaLeds. In Ptolemy, classes are typically Java .class files. Entities like actors may instead be defined within a .xml file.  In any case, the class was not found. If the class uses a third party package, then the class would be present only if the third party package was found at compile time.  It may be necessary to upgrade Java or install the third party package, reconfigure and recompile.
Because:
-- /home/travis/build/icyphy/ptII/ptolemy/actor/ptalon/demo/ptinyos/SenseToLeds/ptolemy/domains/ptinyos/lib/MicaLeds.xml (No such file or directory)
-- XML file not found relative to classpath.
-- /home/travis/build/icyphy/ptII/ptolemy/vergil/basic/export/test/ptolemy/domains/ptinyos/lib/MicaLeds.xml
/home/travis/build/icyphy/ptII/ptolemy/vergil/basic/export/test/ptolemy/domains/ptinyos/lib/MicaLeds.xml (No such file or directory)
 in file:/home/travis/build/icyphy/ptII/ptolemy/actor/ptalon/demo/ptinyos/SenseToLeds/MicaBoard.xml at line 134 and column 63
	at ptolemy.moml.SimpleErrorHandler.handleError(SimpleErrorHandler.java:75)
	at ptolemy.moml.MoMLParser.startElement(MoMLParser.java:3805)
	at com.microstar.xml.XmlParser.parseElement(XmlParser.java:931)
	at com.microstar.xml.XmlParser.parseDocument(XmlParser.java:481)
	at com.microstar.xml.XmlParser.doParse(XmlParser.java:159)
	at com.microstar.xml.XmlParser.parse(XmlParser.java:132)
	at ptolemy.moml.MoMLParser.parse(MoMLParser.java:1660)
	at ptolemy.moml.MoMLParser.parse(MoMLParser.java:1617)
	at ptolemy.moml.MoMLParser.parse(MoMLParser.java:1792)
	at ptolemy.actor.ptalon.PtalonEvaluator.addActor(PtalonEvaluator.java:241)
	... 56 more
Caused by: ptolemy.kernel.util.IllegalActionException: Cannot find class: ptolemy.actor.ptalon.demo.ptinyos.SenseToLeds.MicaBoard. In Ptolemy, classes are typically Java .class files. Entities like actors may instead be defined within a .xml file.  In any case, the class was not found. If the class uses a third party package, then the class would be present only if the third party package was found at compile time.  It may be necessary to upgrade Java or install the third party package, reconfigure and recompile.
Because:
Element <entity name="MicaLeds" class="ptolemy.domains.ptinyos.lib.MicaLeds"> caused an exception to be thrown.
  in .MicaBoard
Because:
Cannot find class: ptolemy.domains.ptinyos.lib.MicaLeds. In Ptolemy, classes are typically Java .class files. Entities like actors may instead be defined within a .xml file.  In any case, the class was not found. If the class uses a third party package, then the class would be present only if the third party package was found at compile time.  It may be necessary to upgrade Java or install the third party package, reconfigure and recompile.
Because:
-- /home/travis/build/icyphy/ptII/ptolemy/actor/ptalon/demo/ptinyos/SenseToLeds/ptolemy/domains/ptinyos/lib/MicaLeds.xml (No such file or directory)
-- XML file not found relative to classpath.
-- /home/travis/build/icyphy/ptII/ptolemy/vergil/basic/export/test/ptolemy/domains/ptinyos/lib/MicaLeds.xml
/home/travis/build/icyphy/ptII/ptolemy/vergil/basic/export/test/ptolemy/domains/ptinyos/lib/MicaLeds.xml (No such file or directory)
 in file:/home/travis/build/icyphy/ptII/ptolemy/actor/ptalon/demo/ptinyos/SenseToLeds/MicaBoard.xml at line 134 and column 63
	at ptolemy.moml.MoMLParser._createEntity(MoMLParser.java:4330)
	at ptolemy.moml.MoMLParser.startElement(MoMLParser.java:2864)
	... 64 more
Caused by: ptolemy.kernel.util.InternalErrorException: Element <entity name="MicaLeds" class="ptolemy.domains.ptinyos.lib.MicaLeds"> caused an exception to be thrown.
  in .MicaBoard
Because:
Cannot find class: ptolemy.domains.ptinyos.lib.MicaLeds. In Ptolemy, classes are typically Java .class files. Entities like actors may instead be defined within a .xml file.  In any case, the class was not found. If the class uses a third party package, then the class would be present only if the third party package was found at compile time.  It may be necessary to upgrade Java or install the third party package, reconfigure and recompile.
Because:
-- /home/travis/build/icyphy/ptII/ptolemy/actor/ptalon/demo/ptinyos/SenseToLeds/ptolemy/domains/ptinyos/lib/MicaLeds.xml (No such file or directory)
-- XML file not found relative to classpath.
-- /home/travis/build/icyphy/ptII/ptolemy/vergil/basic/export/test/ptolemy/domains/ptinyos/lib/MicaLeds.xml
/home/travis/build/icyphy/ptII/ptolemy/vergil/basic/export/test/ptolemy/domains/ptinyos/lib/MicaLeds.xml (No such file or directory)
 in file:/home/travis/build/icyphy/ptII/ptolemy/actor/ptalon/demo/ptinyos/SenseToLeds/MicaBoard.xml at line 134 and column 63
	at ptolemy.moml.SimpleErrorHandler.handleError(SimpleErrorHandler.java:75)
	at ptolemy.moml.MoMLParser.startElement(MoMLParser.java:3805)
	at com.microstar.xml.XmlParser.parseElement(XmlParser.java:921)
	at com.microstar.xml.XmlParser.parseContent(XmlParser.java:1104)
	at com.microstar.xml.XmlParser.parseElement(XmlParser.java:924)
	at com.microstar.xml.XmlParser.parseDocument(XmlParser.java:481)
	at com.microstar.xml.XmlParser.doParse(XmlParser.java:159)
	at com.microstar.xml.XmlParser.parse(XmlParser.java:132)
	at ptolemy.moml.MoMLParser.parse(MoMLParser.java:1676)
	at ptolemy.moml.MoMLParser.parse(MoMLParser.java:1595)
	at ptolemy.moml.MoMLParser.parse(MoMLParser.java:1537)
	at ptolemy.moml.MoMLParser._findOrParse(MoMLParser.java:5286)
	at ptolemy.moml.MoMLParser._attemptToFindMoMLClass(MoMLParser.java:4075)
	at ptolemy.moml.MoMLParser._createEntity(MoMLParser.java:4323)
	... 65 more
Caused by: ptolemy.kernel.util.IllegalActionException: Cannot find class: ptolemy.domains.ptinyos.lib.MicaLeds. In Ptolemy, classes are typically Java .class files. Entities like actors may instead be defined within a .xml file.  In any case, the class was not found. If the class uses a third party package, then the class would be present only if the third party package was found at compile time.  It may be necessary to upgrade Java or install the third party package, reconfigure and recompile.
Because:
-- /home/travis/build/icyphy/ptII/ptolemy/actor/ptalon/demo/ptinyos/SenseToLeds/ptolemy/domains/ptinyos/lib/MicaLeds.xml (No such file or directory)
-- XML file not found relative to classpath.
-- /home/travis/build/icyphy/ptII/ptolemy/vergil/basic/export/test/ptolemy/domains/ptinyos/lib/MicaLeds.xml
/home/travis/build/icyphy/ptII/ptolemy/vergil/basic/export/test/ptolemy/domains/ptinyos/lib/MicaLeds.xml (No such file or directory)
 in file:/home/travis/build/icyphy/ptII/ptolemy/actor/ptalon/demo/ptinyos/SenseToLeds/MicaBoard.xml at line 134 and column 63
	at ptolemy.moml.MoMLParser._createEntity(MoMLParser.java:4330)
	at ptolemy.moml.MoMLParser.startElement(MoMLParser.java:2864)
	... 77 more
Caused by: com.microstar.xml.XmlException: -- /home/travis/build/icyphy/ptII/ptolemy/actor/ptalon/demo/ptinyos/SenseToLeds/ptolemy/domains/ptinyos/lib/MicaLeds.xml (No such file or directory)
-- XML file not found relative to classpath.
-- /home/travis/build/icyphy/ptII/ptolemy/vergil/basic/export/test/ptolemy/domains/ptinyos/lib/MicaLeds.xml
/home/travis/build/icyphy/ptII/ptolemy/vergil/basic/export/test/ptolemy/domains/ptinyos/lib/MicaLeds.xml (No such file or directory)
 in file:/home/travis/build/icyphy/ptII/ptolemy/actor/ptalon/demo/ptinyos/SenseToLeds/MicaBoard.xml at line 134 and column 63
	at ptolemy.moml.MoMLParser.fileNameToURL(MoMLParser.java:1414)
	at ptolemy.moml.MoMLParser._findOrParse(MoMLParser.java:5283)
	at ptolemy.moml.MoMLParser._attemptToFindMoMLClass(MoMLParser.java:4075)
	at ptolemy.moml.MoMLParser._createEntity(MoMLParser.java:4323)
	... 78 more
Caused by: ptolemy.actor.ptalon.PtalonRuntimeException: Unable to add actor null
	at ptolemy.actor.ptalon.PtalonEvaluator.addActor(PtalonEvaluator.java:300)
	at ptolemy.actor.ptalon.PtalonPopulator.actor_declaration(PtalonPopulator.java:1574)
	at ptolemy.actor.ptalon.PtalonPopulator.atomic_statement(PtalonPopulator.java:1638)
	at ptolemy.actor.ptalon.PtalonPopulator.iterative_statement_evaluator(PtalonPopulator.java:2484)
	at ptolemy.actor.ptalon.AbstractPtalonEvaluator$IfTree.evaluateForScope(AbstractPtalonEvaluator.java:1307)
	at ptolemy.actor.ptalon.AbstractPtalonEvaluator.evaluateForScope(AbstractPtalonEvaluator.java:744)
	at ptolemy.actor.ptalon.PtalonPopulator.iterative_statement(PtalonPopulator.java:2363)
	at ptolemy.actor.ptalon.PtalonPopulator.actor_definition(PtalonPopulator.java:2809)
	at ptolemy.actor.ptalon.PtalonActor.attributeChanged(PtalonActor.java:206)
	at ptolemy.actor.ptalon.PtalonMLHandler.startElement(PtalonMLHandler.java:134)
	at com.microstar.xml.XmlParser.parseElement(XmlParser.java:921)
	at com.microstar.xml.XmlParser.parseContent(XmlParser.java:1104)
	at com.microstar.xml.XmlParser.parseElement(XmlParser.java:924)
	at com.microstar.xml.XmlParser.parseDocument(XmlParser.java:481)
	at com.microstar.xml.XmlParser.doParse(XmlParser.java:159)
	at com.microstar.xml.XmlParser.parse(XmlParser.java:132)
	at ptolemy.actor.ptalon.PtalonActor.configure(PtalonActor.java:240)
	at ptolemy.moml.MoMLParser.endElement(MoMLParser.java:996)
	at com.microstar.xml.XmlParser.parseETag(XmlParser.java:1026)
	at com.microstar.xml.XmlParser.parseContent(XmlParser.java:1098)
	at com.microstar.xml.XmlParser.parseElement(XmlParser.java:924)
	at com.microstar.xml.XmlParser.parseContent(XmlParser.java:1104)
	at com.microstar.xml.XmlParser.parseElement(XmlParser.java:924)
	at com.microstar.xml.XmlParser.parseContent(XmlParser.java:1104)
	at com.microstar.xml.XmlParser.parseElement(XmlParser.java:924)
	at com.microstar.xml.XmlParser.parseDocument(XmlParser.java:481)
	at com.microstar.xml.XmlParser.doParse(XmlParser.java:159)
	at com.microstar.xml.XmlParser.parse(XmlParser.java:132)
	at ptolemy.moml.MoMLParser.parse(MoMLParser.java:1676)
	at ptolemy.moml.MoMLParser.parse(MoMLParser.java:1595)
	at ptolemy.moml.MoMLParser.parse(MoMLParser.java:1537)
	at ptolemy.actor.gui.PtolemyEffigy$Factory.createEffigy(PtolemyEffigy.java:424)
	at ptolemy.actor.gui.EffigyFactory.createEffigy(EffigyFactory.java:234)
	at ptolemy.actor.gui.Configuration.openModel(Configuration.java:1125)
	at ptolemy.actor.gui.Configuration.openModel(Configuration.java:1051)
	at ptolemy.actor.gui.ConfigurationApplication._openModel(ConfigurationApplication.java:1252)
	at ptolemy.actor.gui.ConfigurationApplication._parseArg(ConfigurationApplication.java:1399)
	at ptolemy.actor.gui.ConfigurationApplication._parseArgs(ConfigurationApplication.java:1478)
	at ptolemy.actor.gui.ConfigurationApplication.<init>(ConfigurationApplication.java:277)
	at ptolemy.actor.gui.ConfigurationApplication.<init>(ConfigurationApplication.java:214)
	at ptolemy.actor.gui.ConfigurationApplication.<init>(ConfigurationApplication.java:201)
	at ptolemy.actor.gui.ConfigurationApplication.openModelOrEntity(ConfigurationApplication.java:680)
	at ptolemy.vergil.basic.export.ExportModel$1.run(ExportModel.java:220)
	at java.awt.event.InvocationEvent.dispatch(InvocationEvent.java:301)
	at java.awt.EventQueue.dispatchEventImpl(EventQueue.java:756)
	at java.awt.EventQueue.access$500(EventQueue.java:97)
	at java.awt.EventQueue$3.run(EventQueue.java:709)
	at java.awt.EventQueue$3.run(EventQueue.java:703)
	at java.security.AccessController.doPrivileged(Native Method)
	at java.security.ProtectionDomain$JavaSecurityAccessImpl.doIntersectionPrivilege(ProtectionDomain.java:80)
	at java.awt.EventQueue.dispatchEvent(EventQueue.java:726)
	at java.awt.EventDispatchThread.pumpOneEventForFilters(EventDispatchThread.java:201)
	at java.awt.EventDispatchThread.pumpEventsForFilter(EventDispatchThread.java:116)
	at java.awt.EventDispatchThread.pumpEventsForHierarchy(EventDispatchThread.java:105)
	at java.awt.EventDispatchThread.pumpEvents(EventDispatchThread.java:101)
	at java.awt.EventDispatchThread.pumpEvents(EventDispatchThread.java:93)
	at java.awt.EventDispatchThread.run(EventDispatchThread.java:82)
Caused by: ptolemy.kernel.util.InternalErrorException: Element <entity name="node1" class="ptolemy.actor.ptalon.demo.ptinyos.SenseToLeds.MicaBoard"> caused an exception to be thrown.
  in .SenseToLeds.SenseToLeds
Because:
Cannot find class: ptolemy.actor.ptalon.demo.ptinyos.SenseToLeds.MicaBoard. In Ptolemy, classes are typically Java .class files. Entities like actors may instead be defined within a .xml file.  In any case, the class was not found. If the class uses a third party package, then the class would be present only if the third party package was found at compile time.  It may be necessary to upgrade Java or install the third party package, reconfigure and recompile.
Because:
Element <entity name="MicaLeds" class="ptolemy.domains.ptinyos.lib.MicaLeds"> caused an exception to be thrown.
  in .MicaBoard
Because:
Cannot find class: ptolemy.domains.ptinyos.lib.MicaLeds. In Ptolemy, classes are typically Java .class files. Entities like actors may instead be defined within a .xml file.  In any case, the class was not found. If the class uses a third party package, then the class would be present only if the third party package was found at compile time.  It may be necessary to upgrade Java or install the third party package, reconfigure and recompile.
Because:
-- /home/travis/build/icyphy/ptII/ptolemy/actor/ptalon/demo/ptinyos/SenseToLeds/ptolemy/domains/ptinyos/lib/MicaLeds.xml (No such file or directory)
-- XML file not found relative to classpath.
-- /home/travis/build/icyphy/ptII/ptolemy/vergil/basic/export/test/ptolemy/domains/ptinyos/lib/MicaLeds.xml
/home/travis/build/icyphy/ptII/ptolemy/vergil/basic/export/test/ptolemy/domains/ptinyos/lib/MicaLeds.xml (No such file or directory)
 in file:/home/travis/build/icyphy/ptII/ptolemy/actor/ptalon/demo/ptinyos/SenseToLeds/MicaBoard.xml at line 134 and column 63
	at ptolemy.moml.SimpleErrorHandler.handleError(SimpleErrorHandler.java:75)
	at ptolemy.moml.MoMLParser.startElement(MoMLParser.java:3805)
	at com.microstar.xml.XmlParser.parseElement(XmlParser.java:931)
	at com.microstar.xml.XmlParser.parseDocument(XmlParser.java:481)
	at com.microstar.xml.XmlParser.doParse(XmlParser.java:159)
	at com.microstar.xml.XmlParser.parse(XmlParser.java:132)
	at ptolemy.moml.MoMLParser.parse(MoMLParser.java:1660)
	at ptolemy.moml.MoMLParser.parse(MoMLParser.java:1617)
	at ptolemy.moml.MoMLParser.parse(MoMLParser.java:1792)
	at ptolemy.actor.ptalon.PtalonEvaluator.addActor(PtalonEvaluator.java:241)
	... 56 more
Caused by: ptolemy.kernel.util.IllegalActionException: Cannot find class: ptolemy.actor.ptalon.demo.ptinyos.SenseToLeds.MicaBoard. In Ptolemy, classes are typically Java .class files. Entities like actors may instead be defined within a .xml file.  In any case, the class was not found. If the class uses a third party package, then the class would be present only if the third party package was found at compile time.  It may be necessary to upgrade Java or install the third party package, reconfigure and recompile.
Because:
Element <entity name="MicaLeds" class="ptolemy.domains.ptinyos.lib.MicaLeds"> caused an exception to be thrown.
  in .MicaBoard
Because:
Cannot find class: ptolemy.domains.ptinyos.lib.MicaLeds. In Ptolemy, classes are typically Java .class files. Entities like actors may instead be defined within a .xml file.  In any case, the class was not found. If the class uses a third party package, then the class would be present only if the third party package was found at compile time.  It may be necessary to upgrade Java or install the third party package, reconfigure and recompile.
Because:
-- /home/travis/build/icyphy/ptII/ptolemy/actor/ptalon/demo/ptinyos/SenseToLeds/ptolemy/domains/ptinyos/lib/MicaLeds.xml (No such file or directory)
-- XML file not found relative to classpath.
-- /home/travis/build/icyphy/ptII/ptolemy/vergil/basic/export/test/ptolemy/domains/ptinyos/lib/MicaLeds.xml
/home/travis/build/icyphy/ptII/ptolemy/vergil/basic/export/test/ptolemy/domains/ptinyos/lib/MicaLeds.xml (No such file or directory)
 in file:/home/travis/build/icyphy/ptII/ptolemy/actor/ptalon/demo/ptinyos/SenseToLeds/MicaBoard.xml at line 134 and column 63
	at ptolemy.moml.MoMLParser._createEntity(MoMLParser.java:4330)
	at ptolemy.moml.MoMLParser.startElement(MoMLParser.java:2864)
	... 64 more
Caused by: ptolemy.kernel.util.InternalErrorException: Element <entity name="MicaLeds" class="ptolemy.domains.ptinyos.lib.MicaLeds"> caused an exception to be thrown.
  in .MicaBoard
Because:
Cannot find class: ptolemy.domains.ptinyos.lib.MicaLeds. In Ptolemy, classes are typically Java .class files. Entities like actors may instead be defined within a .xml file.  In any case, the class was not found. If the class uses a third party package, then the class would be present only if the third party package was found at compile time.  It may be necessary to upgrade Java or install the third party package, reconfigure and recompile.
Because:
-- /home/travis/build/icyphy/ptII/ptolemy/actor/ptalon/demo/ptinyos/SenseToLeds/ptolemy/domains/ptinyos/lib/MicaLeds.xml (No such file or directory)
-- XML file not found relative to classpath.
-- /home/travis/build/icyphy/ptII/ptolemy/vergil/basic/export/test/ptolemy/domains/ptinyos/lib/MicaLeds.xml
/home/travis/build/icyphy/ptII/ptolemy/vergil/basic/export/test/ptolemy/domains/ptinyos/lib/MicaLeds.xml (No such file or directory)
 in file:/home/travis/build/icyphy/ptII/ptolemy/actor/ptalon/demo/ptinyos/SenseToLeds/MicaBoard.xml at line 134 and column 63
	at ptolemy.moml.SimpleErrorHandler.handleError(SimpleErrorHandler.java:75)
	at ptolemy.moml.MoMLParser.startElement(MoMLParser.java:3805)
	at com.microstar.xml.XmlParser.parseElement(XmlParser.java:921)
	at com.microstar.xml.XmlParser.parseContent(XmlParser.java:1104)
	at com.microstar.xml.XmlParser.parseElement(XmlParser.java:924)
	at com.microstar.xml.XmlParser.parseDocument(XmlParser.java:481)
	at com.microstar.xml.XmlParser.doParse(XmlParser.java:159)
	at com.microstar.xml.XmlParser.parse(XmlParser.java:132)
	at ptolemy.moml.MoMLParser.parse(MoMLParser.java:1676)
	at ptolemy.moml.MoMLParser.parse(MoMLParser.java:1595)
	at ptolemy.moml.MoMLParser.parse(MoMLParser.java:1537)
	at ptolemy.moml.MoMLParser._findOrParse(MoMLParser.java:5286)
	at ptolemy.moml.MoMLParser._attemptToFindMoMLClass(MoMLParser.java:4075)
	at ptolemy.moml.MoMLParser._createEntity(MoMLParser.java:4323)
	... 65 more
Caused by: ptolemy.kernel.util.IllegalActionException: Cannot find class: ptolemy.domains.ptinyos.lib.MicaLeds. In Ptolemy, classes are typically Java .class files. Entities like actors may instead be defined within a .xml file.  In any case, the class was not found. If the class uses a third party package, then the class would be present only if the third party package was found at compile time.  It may be necessary to upgrade Java or install the third party package, reconfigure and recompile.
Because:
-- /home/travis/build/icyphy/ptII/ptolemy/actor/ptalon/demo/ptinyos/SenseToLeds/ptolemy/domains/ptinyos/lib/MicaLeds.xml (No such file or directory)
-- XML file not found relative to classpath.
-- /home/travis/build/icyphy/ptII/ptolemy/vergil/basic/export/test/ptolemy/domains/ptinyos/lib/MicaLeds.xml
/home/travis/build/icyphy/ptII/ptolemy/vergil/basic/export/test/ptolemy/domains/ptinyos/lib/MicaLeds.xml (No such file or directory)
 in file:/home/travis/build/icyphy/ptII/ptolemy/actor/ptalon/demo/ptinyos/SenseToLeds/MicaBoard.xml at line 134 and column 63
	at ptolemy.moml.MoMLParser._createEntity(MoMLParser.java:4330)
	at ptolemy.moml.MoMLParser.startElement(MoMLParser.java:2864)
	... 77 more
Caused by: com.microstar.xml.XmlException: -- /home/travis/build/icyphy/ptII/ptolemy/actor/ptalon/demo/ptinyos/SenseToLeds/ptolemy/domains/ptinyos/lib/MicaLeds.xml (No such file or directory)
-- XML file not found relative to classpath.
-- /home/travis/build/icyphy/ptII/ptolemy/vergil/basic/export/test/ptolemy/domains/ptinyos/lib/MicaLeds.xml
/home/travis/build/icyphy/ptII/ptolemy/vergil/basic/export/test/ptolemy/domains/ptinyos/lib/MicaLeds.xml (No such file or directory)
 in file:/home/travis/build/icyphy/ptII/ptolemy/actor/ptalon/demo/ptinyos/SenseToLeds/MicaBoard.xml at line 134 and column 63
	at ptolemy.moml.MoMLParser.fileNameToURL(MoMLParser.java:1414)
	at ptolemy.moml.MoMLParser._findOrParse(MoMLParser.java:5283)
	at ptolemy.moml.MoMLParser._attemptToFindMoMLClass(MoMLParser.java:4075)
	at ptolemy.moml.MoMLParser._createEntity(MoMLParser.java:4323)
	... 78 more
ptolemy.kernel.util.IllegalActionException: Failed to process attribute change to PtalonParameter, whose value is "ptolemy.actor.ptalon.PtalonExpressionParameter {.SenseToLeds.SenseToLeds.n} 2".
  in .SenseToLeds.SenseToLeds
Because:
Unable to add actor null
	at ptolemy.actor.ptalon.PtalonActor.attributeChanged(PtalonActor.java:211)
	at ptolemy.actor.ptalon.PtalonMLHandler.startElement(PtalonMLHandler.java:134)
	at com.microstar.xml.XmlParser.parseElement(XmlParser.java:921)
	at com.microstar.xml.XmlParser.parseContent(XmlParser.java:1104)
	at com.microstar.xml.XmlParser.parseElement(XmlParser.java:924)
	at com.microstar.xml.XmlParser.parseDocument(XmlParser.java:481)
	at com.microstar.xml.XmlParser.doParse(XmlParser.java:159)
	at com.microstar.xml.XmlParser.parse(XmlParser.java:132)
	at ptolemy.actor.ptalon.PtalonActor.configure(PtalonActor.java:240)
	at ptolemy.moml.MoMLParser.endElement(MoMLParser.java:996)
	at com.microstar.xml.XmlParser.parseETag(XmlParser.java:1026)
	at com.microstar.xml.XmlParser.parseContent(XmlParser.java:1098)
	at com.microstar.xml.XmlParser.parseElement(XmlParser.java:924)
	at com.microstar.xml.XmlParser.parseContent(XmlParser.java:1104)
	at com.microstar.xml.XmlParser.parseElement(XmlParser.java:924)
	at com.microstar.xml.XmlParser.parseContent(XmlParser.java:1104)
	at com.microstar.xml.XmlParser.parseElement(XmlParser.java:924)
	at com.microstar.xml.XmlParser.parseDocument(XmlParser.java:481)
	at com.microstar.xml.XmlParser.doParse(XmlParser.java:159)
	at com.microstar.xml.XmlParser.parse(XmlParser.java:132)
	at ptolemy.moml.MoMLParser.parse(MoMLParser.java:1676)
	at ptolemy.moml.MoMLParser.parse(MoMLParser.java:1595)
	at ptolemy.moml.MoMLParser.parse(MoMLParser.java:1537)
	at ptolemy.actor.gui.PtolemyEffigy$Factory.createEffigy(PtolemyEffigy.java:424)
	at ptolemy.actor.gui.EffigyFactory.createEffigy(EffigyFactory.java:234)
	at ptolemy.actor.gui.Configuration.openModel(Configuration.java:1125)
	at ptolemy.actor.gui.Configuration.openModel(Configuration.java:1051)
	at ptolemy.actor.gui.ConfigurationApplication._openModel(ConfigurationApplication.java:1252)
	at ptolemy.actor.gui.ConfigurationApplication._parseArg(ConfigurationApplication.java:1399)
	at ptolemy.actor.gui.ConfigurationApplication._parseArgs(ConfigurationApplication.java:1478)
	at ptolemy.actor.gui.ConfigurationApplication.<init>(ConfigurationApplication.java:277)
	at ptolemy.actor.gui.ConfigurationApplication.<init>(ConfigurationApplication.java:214)
	at ptolemy.actor.gui.ConfigurationApplication.<init>(ConfigurationApplication.java:201)
	at ptolemy.actor.gui.ConfigurationApplication.openModelOrEntity(ConfigurationApplication.java:680)
	at ptolemy.vergil.basic.export.ExportModel$1.run(ExportModel.java:220)
	at java.awt.event.InvocationEvent.dispatch(InvocationEvent.java:301)
	at java.awt.EventQueue.dispatchEventImpl(EventQueue.java:756)
	at java.awt.EventQueue.access$500(EventQueue.java:97)
	at java.awt.EventQueue$3.run(EventQueue.java:709)
	at java.awt.EventQueue$3.run(EventQueue.java:703)
	at java.security.AccessController.doPrivileged(Native Method)
	at java.security.ProtectionDomain$JavaSecurityAccessImpl.doIntersectionPrivilege(ProtectionDomain.java:80)
	at java.awt.EventQueue.dispatchEvent(EventQueue.java:726)
	at java.awt.EventDispatchThread.pumpOneEventForFilters(EventDispatchThread.java:201)
	at java.awt.EventDispatchThread.pumpEventsForFilter(EventDispatchThread.java:116)
	at java.awt.EventDispatchThread.pumpEventsForHierarchy(EventDispatchThread.java:105)
	at java.awt.EventDispatchThread.pumpEvents(EventDispatchThread.java:101)
	at java.awt.EventDispatchThread.pumpEvents(EventDispatchThread.java:93)
	at java.awt.EventDispatchThread.run(EventDispatchThread.java:82)
Caused by: ptolemy.actor.ptalon.PtalonRuntimeException: Unable to add actor null
	at ptolemy.actor.ptalon.PtalonEvaluator.addActor(PtalonEvaluator.java:300)
	at ptolemy.actor.ptalon.PtalonPopulator.actor_declaration(PtalonPopulator.java:1574)
	at ptolemy.actor.ptalon.PtalonPopulator.atomic_statement(PtalonPopulator.java:1638)
	at ptolemy.actor.ptalon.PtalonPopulator.iterative_statement_evaluator(PtalonPopulator.java:2484)
	at ptolemy.actor.ptalon.AbstractPtalonEvaluator$IfTree.evaluateForScope(AbstractPtalonEvaluator.java:1307)
	at ptolemy.actor.ptalon.AbstractPtalonEvaluator.evaluateForScope(AbstractPtalonEvaluator.java:744)
	at ptolemy.actor.ptalon.PtalonPopulator.iterative_statement(PtalonPopulator.java:2363)
	at ptolemy.actor.ptalon.PtalonPopulator.actor_definition(PtalonPopulator.java:2809)
	at ptolemy.actor.ptalon.PtalonActor.attributeChanged(PtalonActor.java:206)
	... 48 more
Caused by: ptolemy.kernel.util.InternalErrorException: Element <entity name="node1" class="ptolemy.actor.ptalon.demo.ptinyos.SenseToLeds.MicaBoard"> caused an exception to be thrown.
  in .SenseToLeds.SenseToLeds
Because:
Cannot find class: ptolemy.actor.ptalon.demo.ptinyos.SenseToLeds.MicaBoard. In Ptolemy, classes are typically Java .class files. Entities like actors may instead be defined within a .xml file.  In any case, the class was not found. If the class uses a third party package, then the class would be present only if the third party package was found at compile time.  It may be necessary to upgrade Java or install the third party package, reconfigure and recompile.
Because:
Element <entity name="MicaLeds" class="ptolemy.domains.ptinyos.lib.MicaLeds"> caused an exception to be thrown.
  in .MicaBoard
Because:
Cannot find class: ptolemy.domains.ptinyos.lib.MicaLeds. In Ptolemy, classes are typically Java .class files. Entities like actors may instead be defined within a .xml file.  In any case, the class was not found. If the class uses a third party package, then the class would be present only if the third party package was found at compile time.  It may be necessary to upgrade Java or install the third party package, reconfigure and recompile.
Because:
-- /home/travis/build/icyphy/ptII/ptolemy/actor/ptalon/demo/ptinyos/SenseToLeds/ptolemy/domains/ptinyos/lib/MicaLeds.xml (No such file or directory)
-- XML file not found relative to classpath.
-- /home/travis/build/icyphy/ptII/ptolemy/vergil/basic/export/test/ptolemy/domains/ptinyos/lib/MicaLeds.xml
/home/travis/build/icyphy/ptII/ptolemy/vergil/basic/export/test/ptolemy/domains/ptinyos/lib/MicaLeds.xml (No such file or directory)
 in file:/home/travis/build/icyphy/ptII/ptolemy/actor/ptalon/demo/ptinyos/SenseToLeds/MicaBoard.xml at line 134 and column 63
	at ptolemy.moml.SimpleErrorHandler.handleError(SimpleErrorHandler.java:75)
	at ptolemy.moml.MoMLParser.startElement(MoMLParser.java:3805)
	at com.microstar.xml.XmlParser.parseElement(XmlParser.java:931)
	at com.microstar.xml.XmlParser.parseDocument(XmlParser.java:481)
	at com.microstar.xml.XmlParser.doParse(XmlParser.java:159)
	at com.microstar.xml.XmlParser.parse(XmlParser.java:132)
	at ptolemy.moml.MoMLParser.parse(MoMLParser.java:1660)
	at ptolemy.moml.MoMLParser.parse(MoMLParser.java:1617)
	at ptolemy.moml.MoMLParser.parse(MoMLParser.java:1792)
	at ptolemy.actor.ptalon.PtalonEvaluator.addActor(PtalonEvaluator.java:241)
	... 56 more
Caused by: ptolemy.kernel.util.IllegalActionException: Cannot find class: ptolemy.actor.ptalon.demo.ptinyos.SenseToLeds.MicaBoard. In Ptolemy, classes are typically Java .class files. Entities like actors may instead be defined within a .xml file.  In any case, the class was not found. If the class uses a third party package, then the class would be present only if the third party package was found at compile time.  It may be necessary to upgrade Java or install the third party package, reconfigure and recompile.
Because:
Element <entity name="MicaLeds" class="ptolemy.domains.ptinyos.lib.MicaLeds"> caused an exception to be thrown.
  in .MicaBoard
Because:
Cannot find class: ptolemy.domains.ptinyos.lib.MicaLeds. In Ptolemy, classes are typically Java .class files. Entities like actors may instead be defined within a .xml file.  In any case, the class was not found. If the class uses a third party package, then the class would be present only if the third party package was found at compile time.  It may be necessary to upgrade Java or install the third party package, reconfigure and recompile.
Because:
-- /home/travis/build/icyphy/ptII/ptolemy/actor/ptalon/demo/ptinyos/SenseToLeds/ptolemy/domains/ptinyos/lib/MicaLeds.xml (No such file or directory)
-- XML file not found relative to classpath.
-- /home/travis/build/icyphy/ptII/ptolemy/vergil/basic/export/test/ptolemy/domains/ptinyos/lib/MicaLeds.xml
/home/travis/build/icyphy/ptII/ptolemy/vergil/basic/export/test/ptolemy/domains/ptinyos/lib/MicaLeds.xml (No such file or directory)
 in file:/home/travis/build/icyphy/ptII/ptolemy/actor/ptalon/demo/ptinyos/SenseToLeds/MicaBoard.xml at line 134 and column 63
	at ptolemy.moml.MoMLParser._createEntity(MoMLParser.java:4330)
	at ptolemy.moml.MoMLParser.startElement(MoMLParser.java:2864)
	... 64 more
Caused by: ptolemy.kernel.util.InternalErrorException: Element <entity name="MicaLeds" class="ptolemy.domains.ptinyos.lib.MicaLeds"> caused an exception to be thrown.
  in .MicaBoard
Because:
Cannot find class: ptolemy.domains.ptinyos.lib.MicaLeds. In Ptolemy, classes are typically Java .class files. Entities like actors may instead be defined within a .xml file.  In any case, the class was not found. If the class uses a third party package, then the class would be present only if the third party package was found at compile time.  It may be necessary to upgrade Java or install the third party package, reconfigure and recompile.
Because:
-- /home/travis/build/icyphy/ptII/ptolemy/actor/ptalon/demo/ptinyos/SenseToLeds/ptolemy/domains/ptinyos/lib/MicaLeds.xml (No such file or directory)
-- XML file not found relative to classpath.
-- /home/travis/build/icyphy/ptII/ptolemy/vergil/basic/export/test/ptolemy/domains/ptinyos/lib/MicaLeds.xml
/home/travis/build/icyphy/ptII/ptolemy/vergil/basic/export/test/ptolemy/domains/ptinyos/lib/MicaLeds.xml (No such file or directory)
 in file:/home/travis/build/icyphy/ptII/ptolemy/actor/ptalon/demo/ptinyos/SenseToLeds/MicaBoard.xml at line 134 and column 63
	at ptolemy.moml.SimpleErrorHandler.handleError(SimpleErrorHandler.java:75)
	at ptolemy.moml.MoMLParser.startElement(MoMLParser.java:3805)
	at com.microstar.xml.XmlParser.parseElement(XmlParser.java:921)
	at com.microstar.xml.XmlParser.parseContent(XmlParser.java:1104)
	at com.microstar.xml.XmlParser.parseElement(XmlParser.java:924)
	at com.microstar.xml.XmlParser.parseDocument(XmlParser.java:481)
	at com.microstar.xml.XmlParser.doParse(XmlParser.java:159)
	at com.microstar.xml.XmlParser.parse(XmlParser.java:132)
	at ptolemy.moml.MoMLParser.parse(MoMLParser.java:1676)
	at ptolemy.moml.MoMLParser.parse(MoMLParser.java:1595)
	at ptolemy.moml.MoMLParser.parse(MoMLParser.java:1537)
	at ptolemy.moml.MoMLParser._findOrParse(MoMLParser.java:5286)
	at ptolemy.moml.MoMLParser._attemptToFindMoMLClass(MoMLParser.java:4075)
	at ptolemy.moml.MoMLParser._createEntity(MoMLParser.java:4323)
	... 65 more
Caused by: ptolemy.kernel.util.IllegalActionException: Cannot find class: ptolemy.domains.ptinyos.lib.MicaLeds. In Ptolemy, classes are typically Java .class files. Entities like actors may instead be defined within a .xml file.  In any case, the class was not found. If the class uses a third party package, then the class would be present only if the third party package was found at compile time.  It may be necessary to upgrade Java or install the third party package, reconfigure and recompile.
Because:
-- /home/travis/build/icyphy/ptII/ptolemy/actor/ptalon/demo/ptinyos/SenseToLeds/ptolemy/domains/ptinyos/lib/MicaLeds.xml (No such file or directory)
-- XML file not found relative to classpath.
-- /home/travis/build/icyphy/ptII/ptolemy/vergil/basic/export/test/ptolemy/domains/ptinyos/lib/MicaLeds.xml
/home/travis/build/icyphy/ptII/ptolemy/vergil/basic/export/test/ptolemy/domains/ptinyos/lib/MicaLeds.xml (No such file or directory)
 in file:/home/travis/build/icyphy/ptII/ptolemy/actor/ptalon/demo/ptinyos/SenseToLeds/MicaBoard.xml at line 134 and column 63
	at ptolemy.moml.MoMLParser._createEntity(MoMLParser.java:4330)
	at ptolemy.moml.MoMLParser.startElement(MoMLParser.java:2864)
	... 77 more
Caused by: com.microstar.xml.XmlException: -- /home/travis/build/icyphy/ptII/ptolemy/actor/ptalon/demo/ptinyos/SenseToLeds/ptolemy/domains/ptinyos/lib/MicaLeds.xml (No such file or directory)
-- XML file not found relative to classpath.
-- /home/travis/build/icyphy/ptII/ptolemy/vergil/basic/export/test/ptolemy/domains/ptinyos/lib/MicaLeds.xml
/home/travis/build/icyphy/ptII/ptolemy/vergil/basic/export/test/ptolemy/domains/ptinyos/lib/MicaLeds.xml (No such file or directory)
 in file:/home/travis/build/icyphy/ptII/ptolemy/actor/ptalon/demo/ptinyos/SenseToLeds/MicaBoard.xml at line 134 and column 63
	at ptolemy.moml.MoMLParser.fileNameToURL(MoMLParser.java:1414)
	at ptolemy.moml.MoMLParser._findOrParse(MoMLParser.java:5283)
	at ptolemy.moml.MoMLParser._attemptToFindMoMLClass(MoMLParser.java:4075)
	at ptolemy.moml.MoMLParser._createEntity(MoMLParser.java:4323)
	... 78 more
Caused by: ptolemy.actor.ptalon.PtalonRuntimeException: Unable to add actor null
	at ptolemy.actor.ptalon.PtalonEvaluator.addActor(PtalonEvaluator.java:300)
	at ptolemy.actor.ptalon.PtalonPopulator.actor_declaration(PtalonPopulator.java:1574)
	at ptolemy.actor.ptalon.PtalonPopulator.atomic_statement(PtalonPopulator.java:1638)
	at ptolemy.actor.ptalon.PtalonPopulator.iterative_statement_evaluator(PtalonPopulator.java:2484)
	at ptolemy.actor.ptalon.AbstractPtalonEvaluator$IfTree.evaluateForScope(AbstractPtalonEvaluator.java:1307)
	at ptolemy.actor.ptalon.AbstractPtalonEvaluator.evaluateForScope(AbstractPtalonEvaluator.java:744)
	at ptolemy.actor.ptalon.PtalonPopulator.iterative_statement(PtalonPopulator.java:2363)
	at ptolemy.actor.ptalon.PtalonPopulator.actor_definition(PtalonPopulator.java:2809)
	at ptolemy.actor.ptalon.PtalonActor.attributeChanged(PtalonActor.java:206)
	at ptolemy.actor.ptalon.PtalonMLHandler.startElement(PtalonMLHandler.java:134)
	at com.microstar.xml.XmlParser.parseElement(XmlParser.java:921)
	at com.microstar.xml.XmlParser.parseContent(XmlParser.java:1104)
	at com.microstar.xml.XmlParser.parseElement(XmlParser.java:924)
	at com.microstar.xml.XmlParser.parseDocument(XmlParser.java:481)
	at com.microstar.xml.XmlParser.doParse(XmlParser.java:159)
	at com.microstar.xml.XmlParser.parse(XmlParser.java:132)
	at ptolemy.actor.ptalon.PtalonActor.configure(PtalonActor.java:240)
	at ptolemy.moml.MoMLParser.endElement(MoMLParser.java:996)
	at com.microstar.xml.XmlParser.parseETag(XmlParser.java:1026)
	at com.microstar.xml.XmlParser.parseContent(XmlParser.java:1098)
	at com.microstar.xml.XmlParser.parseElement(XmlParser.java:924)
	at com.microstar.xml.XmlParser.parseContent(XmlParser.java:1104)
	at com.microstar.xml.XmlParser.parseElement(XmlParser.java:924)
	at com.microstar.xml.XmlParser.parseContent(XmlParser.java:1104)
	at com.microstar.xml.XmlParser.parseElement(XmlParser.java:924)
	at com.microstar.xml.XmlParser.parseDocument(XmlParser.java:481)
	at com.microstar.xml.XmlParser.doParse(XmlParser.java:159)
	at com.microstar.xml.XmlParser.parse(XmlParser.java:132)
	at ptolemy.moml.MoMLParser.parse(MoMLParser.java:1676)
	at ptolemy.moml.MoMLParser.parse(MoMLParser.java:1595)
	at ptolemy.moml.MoMLParser.parse(MoMLParser.java:1537)
	at ptolemy.actor.gui.PtolemyEffigy$Factory.createEffigy(PtolemyEffigy.java:424)
	at ptolemy.actor.gui.EffigyFactory.createEffigy(EffigyFactory.java:234)
	at ptolemy.actor.gui.Configuration.openModel(Configuration.java:1125)
	at ptolemy.actor.gui.Configuration.openModel(Configuration.java:1051)
	at ptolemy.actor.gui.ConfigurationApplication._openModel(ConfigurationApplication.java:1252)
	at ptolemy.actor.gui.ConfigurationApplication._parseArg(ConfigurationApplication.java:1399)
	at ptolemy.actor.gui.ConfigurationApplication._parseArgs(ConfigurationApplication.java:1478)
	at ptolemy.actor.gui.ConfigurationApplication.<init>(ConfigurationApplication.java:277)
	at ptolemy.actor.gui.ConfigurationApplication.<init>(ConfigurationApplication.java:214)
	at ptolemy.actor.gui.ConfigurationApplication.<init>(ConfigurationApplication.java:201)
	at ptolemy.actor.gui.ConfigurationApplication.openModelOrEntity(ConfigurationApplication.java:680)
	at ptolemy.vergil.basic.export.ExportModel$1.run(ExportModel.java:220)
	at java.awt.event.InvocationEvent.dispatch(InvocationEvent.java:301)
	at java.awt.EventQueue.dispatchEventImpl(EventQueue.java:756)
	at java.awt.EventQueue.access$500(EventQueue.java:97)
	at java.awt.EventQueue$3.run(EventQueue.java:709)
	at java.awt.EventQueue$3.run(EventQueue.java:703)
	at java.security.AccessController.doPrivileged(Native Method)
	at java.security.ProtectionDomain$JavaSecurityAccessImpl.doIntersectionPrivilege(ProtectionDomain.java:80)
	at java.awt.EventQueue.dispatchEvent(EventQueue.java:726)
	at java.awt.EventDispatchThread.pumpOneEventForFilters(EventDispatchThread.java:201)
	at java.awt.EventDispatchThread.pumpEventsForFilter(EventDispatchThread.java:116)
	at java.awt.EventDispatchThread.pumpEventsForHierarchy(EventDispatchThread.java:105)
	at java.awt.EventDispatchThread.pumpEvents(EventDispatchThread.java:101)
	at java.awt.EventDispatchThread.pumpEvents(EventDispatchThread.java:93)
	at java.awt.EventDispatchThread.run(EventDispatchThread.java:82)
Caused by: ptolemy.kernel.util.InternalErrorException: Element <entity name="node1" class="ptolemy.actor.ptalon.demo.ptinyos.SenseToLeds.MicaBoard"> caused an exception to be thrown.
  in .SenseToLeds.SenseToLeds
Because:
Cannot find class: ptolemy.actor.ptalon.demo.ptinyos.SenseToLeds.MicaBoard. In Ptolemy, classes are typically Java .class files. Entities like actors may instead be defined within a .xml file.  In any case, the class was not found. If the class uses a third party package, then the class would be present only if the third party package was found at compile time.  It may be necessary to upgrade Java or install the third party package, reconfigure and recompile.
Because:
Element <entity name="MicaLeds" class="ptolemy.domains.ptinyos.lib.MicaLeds"> caused an exception to be thrown.
  in .MicaBoard
Because:
Cannot find class: ptolemy.domains.ptinyos.lib.MicaLeds. In Ptolemy, classes are typically Java .class files. Entities like actors may instead be defined within a .xml file.  In any case, the class was not found. If the class uses a third party package, then the class would be present only if the third party package was found at compile time.  It may be necessary to upgrade Java or install the third party package, reconfigure and recompile.
Because:
-- /home/travis/build/icyphy/ptII/ptolemy/actor/ptalon/demo/ptinyos/SenseToLeds/ptolemy/domains/ptinyos/lib/MicaLeds.xml (No such file or directory)
-- XML file not found relative to classpath.
-- /home/travis/build/icyphy/ptII/ptolemy/vergil/basic/export/test/ptolemy/domains/ptinyos/lib/MicaLeds.xml
/home/travis/build/icyphy/ptII/ptolemy/vergil/basic/export/test/ptolemy/domains/ptinyos/lib/MicaLeds.xml (No such file or directory)
 in file:/home/travis/build/icyphy/ptII/ptolemy/actor/ptalon/demo/ptinyos/SenseToLeds/MicaBoard.xml at line 134 and column 63
	at ptolemy.moml.SimpleErrorHandler.handleError(SimpleErrorHandler.java:75)
	at ptolemy.moml.MoMLParser.startElement(MoMLParser.java:3805)
	at com.microstar.xml.XmlParser.parseElement(XmlParser.java:931)
	at com.microstar.xml.XmlParser.parseDocument(XmlParser.java:481)
	at com.microstar.xml.XmlParser.doParse(XmlParser.java:159)
	at com.microstar.xml.XmlParser.parse(XmlParser.java:132)
	at ptolemy.moml.MoMLParser.parse(MoMLParser.java:1660)
	at ptolemy.moml.MoMLParser.parse(MoMLParser.java:1617)
	at ptolemy.moml.MoMLParser.parse(MoMLParser.java:1792)
	at ptolemy.actor.ptalon.PtalonEvaluator.addActor(PtalonEvaluator.java:241)
	... 56 more
Caused by: ptolemy.kernel.util.IllegalActionException: Cannot find class: ptolemy.actor.ptalon.demo.ptinyos.SenseToLeds.MicaBoard. In Ptolemy, classes are typically Java .class files. Entities like actors may instead be defined within a .xml file.  In any case, the class was not found. If the class uses a third party package, then the class would be present only if the third party package was found at compile time.  It may be necessary to upgrade Java or install the third party package, reconfigure and recompile.
Because:
Element <entity name="MicaLeds" class="ptolemy.domains.ptinyos.lib.MicaLeds"> caused an exception to be thrown.
  in .MicaBoard
Because:
Cannot find class: ptolemy.domains.ptinyos.lib.MicaLeds. In Ptolemy, classes are typically Java .class files. Entities like actors may instead be defined within a .xml file.  In any case, the class was not found. If the class uses a third party package, then the class would be present only if the third party package was found at compile time.  It may be necessary to upgrade Java or install the third party package, reconfigure and recompile.
Because:
-- /home/travis/build/icyphy/ptII/ptolemy/actor/ptalon/demo/ptinyos/SenseToLeds/ptolemy/domains/ptinyos/lib/MicaLeds.xml (No such file or directory)
-- XML file not found relative to classpath.
-- /home/travis/build/icyphy/ptII/ptolemy/vergil/basic/export/test/ptolemy/domains/ptinyos/lib/MicaLeds.xml
/home/travis/build/icyphy/ptII/ptolemy/vergil/basic/export/test/ptolemy/domains/ptinyos/lib/MicaLeds.xml (No such file or directory)
 in file:/home/travis/build/icyphy/ptII/ptolemy/actor/ptalon/demo/ptinyos/SenseToLeds/MicaBoard.xml at line 134 and column 63
	at ptolemy.moml.MoMLParser._createEntity(MoMLParser.java:4330)
	at ptolemy.moml.MoMLParser.startElement(MoMLParser.java:2864)
	... 64 more
Caused by: ptolemy.kernel.util.InternalErrorException: Element <entity name="MicaLeds" class="ptolemy.domains.ptinyos.lib.MicaLeds"> caused an exception to be thrown.
  in .MicaBoard
Because:
Cannot find class: ptolemy.domains.ptinyos.lib.MicaLeds. In Ptolemy, classes are typically Java .class files. Entities like actors may instead be defined within a .xml file.  In any case, the class was not found. If the class uses a third party package, then the class would be present only if the third party package was found at compile time.  It may be necessary to upgrade Java or install the third party package, reconfigure and recompile.
Because:
-- /home/travis/build/icyphy/ptII/ptolemy/actor/ptalon/demo/ptinyos/SenseToLeds/ptolemy/domains/ptinyos/lib/MicaLeds.xml (No such file or directory)
-- XML file not found relative to classpath.
-- /home/travis/build/icyphy/ptII/ptolemy/vergil/basic/export/test/ptolemy/domains/ptinyos/lib/MicaLeds.xml
/home/travis/build/icyphy/ptII/ptolemy/vergil/basic/export/test/ptolemy/domains/ptinyos/lib/MicaLeds.xml (No such file or directory)
 in file:/home/travis/build/icyphy/ptII/ptolemy/actor/ptalon/demo/ptinyos/SenseToLeds/MicaBoard.xml at line 134 and column 63
	at ptolemy.moml.SimpleErrorHandler.handleError(SimpleErrorHandler.java:75)
	at ptolemy.moml.MoMLParser.startElement(MoMLParser.java:3805)
	at com.microstar.xml.XmlParser.parseElement(XmlParser.java:921)
	at com.microstar.xml.XmlParser.parseContent(XmlParser.java:1104)
	at com.microstar.xml.XmlParser.parseElement(XmlParser.java:924)
	at com.microstar.xml.XmlParser.parseDocument(XmlParser.java:481)
	at com.microstar.xml.XmlParser.doParse(XmlParser.java:159)
	at com.microstar.xml.XmlParser.parse(XmlParser.java:132)
	at ptolemy.moml.MoMLParser.parse(MoMLParser.java:1676)
	at ptolemy.moml.MoMLParser.parse(MoMLParser.java:1595)
	at ptolemy.moml.MoMLParser.parse(MoMLParser.java:1537)
	at ptolemy.moml.MoMLParser._findOrParse(MoMLParser.java:5286)
	at ptolemy.moml.MoMLParser._attemptToFindMoMLClass(MoMLParser.java:4075)
	at ptolemy.moml.MoMLParser._createEntity(MoMLParser.java:4323)
	... 65 more
Caused by: ptolemy.kernel.util.IllegalActionException: Cannot find class: ptolemy.domains.ptinyos.lib.MicaLeds. In Ptolemy, classes are typically Java .class files. Entities like actors may instead be defined within a .xml file.  In any case, the class was not found. If the class uses a third party package, then the class would be present only if the third party package was found at compile time.  It may be necessary to upgrade Java or install the third party package, reconfigure and recompile.
Because:
-- /home/travis/build/icyphy/ptII/ptolemy/actor/ptalon/demo/ptinyos/SenseToLeds/ptolemy/domains/ptinyos/lib/MicaLeds.xml (No such file or directory)
-- XML file not found relative to classpath.
-- /home/travis/build/icyphy/ptII/ptolemy/vergil/basic/export/test/ptolemy/domains/ptinyos/lib/MicaLeds.xml
/home/travis/build/icyphy/ptII/ptolemy/vergil/basic/export/test/ptolemy/domains/ptinyos/lib/MicaLeds.xml (No such file or directory)
 in file:/home/travis/build/icyphy/ptII/ptolemy/actor/ptalon/demo/ptinyos/SenseToLeds/MicaBoard.xml at line 134 and column 63
	at ptolemy.moml.MoMLParser._createEntity(MoMLParser.java:4330)
	at ptolemy.moml.MoMLParser.startElement(MoMLParser.java:2864)
	... 77 more
Caused by: com.microstar.xml.XmlException: -- /home/travis/build/icyphy/ptII/ptolemy/actor/ptalon/demo/ptinyos/SenseToLeds/ptolemy/domains/ptinyos/lib/MicaLeds.xml (No such file or directory)
-- XML file not found relative to classpath.
-- /home/travis/build/icyphy/ptII/ptolemy/vergil/basic/export/test/ptolemy/domains/ptinyos/lib/MicaLeds.xml
/home/travis/build/icyphy/ptII/ptolemy/vergil/basic/export/test/ptolemy/domains/ptinyos/lib/MicaLeds.xml (No such file or directory)
 in file:/home/travis/build/icyphy/ptII/ptolemy/actor/ptalon/demo/ptinyos/SenseToLeds/MicaBoard.xml at line 134 and column 63
	at ptolemy.moml.MoMLParser.fileNameToURL(MoMLParser.java:1414)
	at ptolemy.moml.MoMLParser._findOrParse(MoMLParser.java:5283)
	at ptolemy.moml.MoMLParser._attemptToFindMoMLClass(MoMLParser.java:4075)
	at ptolemy.moml.MoMLParser._createEntity(MoMLParser.java:4323)
	... 78 more
Failed to read file:/home/travis/build/icyphy/ptII/ptolemy/actor/ptalon/demo/ptinyos/SenseToLeds/SenseToLeds.xml
ptolemy.kernel.util.IllegalActionException: Failed to process attribute change to PtalonParameter, whose value is "ptolemy.actor.ptalon.PtalonExpressionParameter {.SenseToLeds.SenseToLeds.n} 2".
  in .SenseToLeds.SenseToLeds
Because:
Unable to add actor null
	at ptolemy.actor.ptalon.PtalonActor.attributeChanged(PtalonActor.java:211)
	at ptolemy.actor.ptalon.PtalonMLHandler.startElement(PtalonMLHandler.java:134)
	at com.microstar.xml.XmlParser.parseElement(XmlParser.java:921)
	at com.microstar.xml.XmlParser.parseContent(XmlParser.java:1104)
	at com.microstar.xml.XmlParser.parseElement(XmlParser.java:924)
	at com.microstar.xml.XmlParser.parseDocument(XmlParser.java:481)
	at com.microstar.xml.XmlParser.doParse(XmlParser.java:159)
	at com.microstar.xml.XmlParser.parse(XmlParser.java:132)
	at ptolemy.actor.ptalon.PtalonActor.configure(PtalonActor.java:240)
	at ptolemy.moml.MoMLParser.endElement(MoMLParser.java:996)
	at com.microstar.xml.XmlParser.parseETag(XmlParser.java:1026)
	at com.microstar.xml.XmlParser.parseContent(XmlParser.java:1098)
	at com.microstar.xml.XmlParser.parseElement(XmlParser.java:924)
	at com.microstar.xml.XmlParser.parseContent(XmlParser.java:1104)
	at com.microstar.xml.XmlParser.parseElement(XmlParser.java:924)
	at com.microstar.xml.XmlParser.parseContent(XmlParser.java:1104)
	at com.microstar.xml.XmlParser.parseElement(XmlParser.java:924)
	at com.microstar.xml.XmlParser.parseDocument(XmlParser.java:481)
	at com.microstar.xml.XmlParser.doParse(XmlParser.java:159)
	at com.microstar.xml.XmlParser.parse(XmlParser.java:132)
	at ptolemy.moml.MoMLParser.parse(MoMLParser.java:1676)
	at ptolemy.moml.MoMLParser.parse(MoMLParser.java:1595)
	at ptolemy.moml.MoMLParser.parse(MoMLParser.java:1537)
	at ptolemy.actor.gui.PtolemyEffigy$Factory.createEffigy(PtolemyEffigy.java:424)
	at ptolemy.actor.gui.EffigyFactory.createEffigy(EffigyFactory.java:234)
	at ptolemy.actor.gui.Configuration.openModel(Configuration.java:1125)
	at ptolemy.actor.gui.Configuration.openModel(Configuration.java:1051)
	at ptolemy.actor.gui.ConfigurationApplication._openModel(ConfigurationApplication.java:1252)
	at ptolemy.actor.gui.ConfigurationApplication._parseArg(ConfigurationApplication.java:1399)
	at ptolemy.actor.gui.ConfigurationApplication._parseArgs(ConfigurationApplication.java:1478)
	at ptolemy.actor.gui.ConfigurationApplication.<init>(ConfigurationApplication.java:277)
	at ptolemy.actor.gui.ConfigurationApplication.<init>(ConfigurationApplication.java:214)
	at ptolemy.actor.gui.ConfigurationApplication.<init>(ConfigurationApplication.java:201)
	at ptolemy.actor.gui.ConfigurationApplication.openModelOrEntity(ConfigurationApplication.java:680)
	at ptolemy.vergil.basic.export.ExportModel$1.run(ExportModel.java:220)
	at java.awt.event.InvocationEvent.dispatch(InvocationEvent.java:301)
	at java.awt.EventQueue.dispatchEventImpl(EventQueue.java:756)
	at java.awt.EventQueue.access$500(EventQueue.java:97)
	at java.awt.EventQueue$3.run(EventQueue.java:709)
	at java.awt.EventQueue$3.run(EventQueue.java:703)
	at java.security.AccessController.doPrivileged(Native Method)
	at java.security.ProtectionDomain$JavaSecurityAccessImpl.doIntersectionPrivilege(ProtectionDomain.java:80)
	at java.awt.EventQueue.dispatchEvent(EventQueue.java:726)
	at java.awt.EventDispatchThread.pumpOneEventForFilters(EventDispatchThread.java:201)
	at java.awt.EventDispatchThread.pumpEventsForFilter(EventDispatchThread.java:116)
	at java.awt.EventDispatchThread.pumpEventsForHierarchy(EventDispatchThread.java:105)
	at java.awt.EventDispatchThread.pumpEvents(EventDispatchThread.java:101)
	at java.awt.EventDispatchThread.pumpEvents(EventDispatchThread.java:93)
	at java.awt.EventDispatchThread.run(EventDispatchThread.java:82)
Caused by: ptolemy.actor.ptalon.PtalonRuntimeException: Unable to add actor null
	at ptolemy.actor.ptalon.PtalonEvaluator.addActor(PtalonEvaluator.java:300)
	at ptolemy.actor.ptalon.PtalonPopulator.actor_declaration(PtalonPopulator.java:1574)
	at ptolemy.actor.ptalon.PtalonPopulator.atomic_statement(PtalonPopulator.java:1638)
	at ptolemy.actor.ptalon.PtalonPopulator.iterative_statement_evaluator(PtalonPopulator.java:2484)
	at ptolemy.actor.ptalon.AbstractPtalonEvaluator$IfTree.evaluateForScope(AbstractPtalonEvaluator.java:1307)
	at ptolemy.actor.ptalon.AbstractPtalonEvaluator.evaluateForScope(AbstractPtalonEvaluator.java:744)
	at ptolemy.actor.ptalon.PtalonPopulator.iterative_statement(PtalonPopulator.java:2363)
	at ptolemy.actor.ptalon.PtalonPopulator.actor_definition(PtalonPopulator.java:2809)
	at ptolemy.actor.ptalon.PtalonActor.attributeChanged(PtalonActor.java:206)
	... 48 more
Caused by: ptolemy.kernel.util.InternalErrorException: Element <entity name="node1" class="ptolemy.actor.ptalon.demo.ptinyos.SenseToLeds.MicaBoard"> caused an exception to be thrown.
  in .SenseToLeds.SenseToLeds
Because:
Cannot find class: ptolemy.actor.ptalon.demo.ptinyos.SenseToLeds.MicaBoard. In Ptolemy, classes are typically Java .class files. Entities like actors may instead be defined within a .xml file.  In any case, the class was not found. If the class uses a third party package, then the class would be present only if the third party package was found at compile time.  It may be necessary to upgrade Java or install the third party package, reconfigure and recompile.
Because:
Element <entity name="MicaLeds" class="ptolemy.domains.ptinyos.lib.MicaLeds"> caused an exception to be thrown.
  in .MicaBoard
Because:
Cannot find class: ptolemy.domains.ptinyos.lib.MicaLeds. In Ptolemy, classes are typically Java .class files. Entities like actors may instead be defined within a .xml file.  In any case, the class was not found. If the class uses a third party package, then the class would be present only if the third party package was found at compile time.  It may be necessary to upgrade Java or install the third party package, reconfigure and recompile.
Because:
-- /home/travis/build/icyphy/ptII/ptolemy/actor/ptalon/demo/ptinyos/SenseToLeds/ptolemy/domains/ptinyos/lib/MicaLeds.xml (No such file or directory)
-- XML file not found relative to classpath.
-- /home/travis/build/icyphy/ptII/ptolemy/vergil/basic/export/test/ptolemy/domains/ptinyos/lib/MicaLeds.xml
/home/travis/build/icyphy/ptII/ptolemy/vergil/basic/export/test/ptolemy/domains/ptinyos/lib/MicaLeds.xml (No such file or directory)
 in file:/home/travis/build/icyphy/ptII/ptolemy/actor/ptalon/demo/ptinyos/SenseToLeds/MicaBoard.xml at line 134 and column 63
	at ptolemy.moml.SimpleErrorHandler.handleError(SimpleErrorHandler.java:75)
	at ptolemy.moml.MoMLParser.startElement(MoMLParser.java:3805)
	at com.microstar.xml.XmlParser.parseElement(XmlParser.java:931)
	at com.microstar.xml.XmlParser.parseDocument(XmlParser.java:481)
	at com.microstar.xml.XmlParser.doParse(XmlParser.java:159)
	at com.microstar.xml.XmlParser.parse(XmlParser.java:132)
	at ptolemy.moml.MoMLParser.parse(MoMLParser.java:1660)
	at ptolemy.moml.MoMLParser.parse(MoMLParser.java:1617)
	at ptolemy.moml.MoMLParser.parse(MoMLParser.java:1792)
	at ptolemy.actor.ptalon.PtalonEvaluator.addActor(PtalonEvaluator.java:241)
	... 56 more
Caused by: ptolemy.kernel.util.IllegalActionException: Cannot find class: ptolemy.actor.ptalon.demo.ptinyos.SenseToLeds.MicaBoard. In Ptolemy, classes are typically Java .class files. Entities like actors may instead be defined within a .xml file.  In any case, the class was not found. If the class uses a third party package, then the class would be present only if the third party package was found at compile time.  It may be necessary to upgrade Java or install the third party package, reconfigure and recompile.
Because:
Element <entity name="MicaLeds" class="ptolemy.domains.ptinyos.lib.MicaLeds"> caused an exception to be thrown.
  in .MicaBoard
Because:
Cannot find class: ptolemy.domains.ptinyos.lib.MicaLeds. In Ptolemy, classes are typically Java .class files. Entities like actors may instead be defined within a .xml file.  In any case, the class was not found. If the class uses a third party package, then the class would be present only if the third party package was found at compile time.  It may be necessary to upgrade Java or install the third party package, reconfigure and recompile.
Because:
-- /home/travis/build/icyphy/ptII/ptolemy/actor/ptalon/demo/ptinyos/SenseToLeds/ptolemy/domains/ptinyos/lib/MicaLeds.xml (No such file or directory)
-- XML file not found relative to classpath.
-- /home/travis/build/icyphy/ptII/ptolemy/vergil/basic/export/test/ptolemy/domains/ptinyos/lib/MicaLeds.xml
/home/travis/build/icyphy/ptII/ptolemy/vergil/basic/export/test/ptolemy/domains/ptinyos/lib/MicaLeds.xml (No such file or directory)
 in file:/home/travis/build/icyphy/ptII/ptolemy/actor/ptalon/demo/ptinyos/SenseToLeds/MicaBoard.xml at line 134 and column 63
	at ptolemy.moml.MoMLParser._createEntity(MoMLParser.java:4330)
	at ptolemy.moml.MoMLParser.startElement(MoMLParser.java:2864)
	... 64 more
Caused by: ptolemy.kernel.util.InternalErrorException: Element <entity name="MicaLeds" class="ptolemy.domains.ptinyos.lib.MicaLeds"> caused an exception to be thrown.
  in .MicaBoard
Because:
Cannot find class: ptolemy.domains.ptinyos.lib.MicaLeds. In Ptolemy, classes are typically Java .class files. Entities like actors may instead be defined within a .xml file.  In any case, the class was not found. If the class uses a third party package, then the class would be present only if the third party package was found at compile time.  It may be necessary to upgrade Java or install the third party package, reconfigure and recompile.
Because:
-- /home/travis/build/icyphy/ptII/ptolemy/actor/ptalon/demo/ptinyos/SenseToLeds/ptolemy/domains/ptinyos/lib/MicaLeds.xml (No such file or directory)
-- XML file not found relative to classpath.
-- /home/travis/build/icyphy/ptII/ptolemy/vergil/basic/export/test/ptolemy/domains/ptinyos/lib/MicaLeds.xml
/home/travis/build/icyphy/ptII/ptolemy/vergil/basic/export/test/ptolemy/domains/ptinyos/lib/MicaLeds.xml (No such file or directory)
 in file:/home/travis/build/icyphy/ptII/ptolemy/actor/ptalon/demo/ptinyos/SenseToLeds/MicaBoard.xml at line 134 and column 63
	at ptolemy.moml.SimpleErrorHandler.handleError(SimpleErrorHandler.java:75)
	at ptolemy.moml.MoMLParser.startElement(MoMLParser.java:3805)
	at com.microstar.xml.XmlParser.parseElement(XmlParser.java:921)
	at com.microstar.xml.XmlParser.parseContent(XmlParser.java:1104)
	at com.microstar.xml.XmlParser.parseElement(XmlParser.java:924)
	at com.microstar.xml.XmlParser.parseDocument(XmlParser.java:481)
	at com.microstar.xml.XmlParser.doParse(XmlParser.java:159)
	at com.microstar.xml.XmlParser.parse(XmlParser.java:132)
	at ptolemy.moml.MoMLParser.parse(MoMLParser.java:1676)
	at ptolemy.moml.MoMLParser.parse(MoMLParser.java:1595)
	at ptolemy.moml.MoMLParser.parse(MoMLParser.java:1537)
	at ptolemy.moml.MoMLParser._findOrParse(MoMLParser.java:5286)
	at ptolemy.moml.MoMLParser._attemptToFindMoMLClass(MoMLParser.java:4075)
	at ptolemy.moml.MoMLParser._createEntity(MoMLParser.java:4323)
	... 65 more
Caused by: ptolemy.kernel.util.IllegalActionException: Cannot find class: ptolemy.domains.ptinyos.lib.MicaLeds. In Ptolemy, classes are typically Java .class files. Entities like actors may instead be defined within a .xml file.  In any case, the class was not found. If the class uses a third party package, then the class would be present only if the third party package was found at compile time.  It may be necessary to upgrade Java or install the third party package, reconfigure and recompile.
Because:
-- /home/travis/build/icyphy/ptII/ptolemy/actor/ptalon/demo/ptinyos/SenseToLeds/ptolemy/domains/ptinyos/lib/MicaLeds.xml (No such file or directory)
-- XML file not found relative to classpath.
-- /home/travis/build/icyphy/ptII/ptolemy/vergil/basic/export/test/ptolemy/domains/ptinyos/lib/MicaLeds.xml
/home/travis/build/icyphy/ptII/ptolemy/vergil/basic/export/test/ptolemy/domains/ptinyos/lib/MicaLeds.xml (No such file or directory)
 in file:/home/travis/build/icyphy/ptII/ptolemy/actor/ptalon/demo/ptinyos/SenseToLeds/MicaBoard.xml at line 134 and column 63
	at ptolemy.moml.MoMLParser._createEntity(MoMLParser.java:4330)
	at ptolemy.moml.MoMLParser.startElement(MoMLParser.java:2864)
	... 77 more
Caused by: com.microstar.xml.XmlException: -- /home/travis/build/icyphy/ptII/ptolemy/actor/ptalon/demo/ptinyos/SenseToLeds/ptolemy/domains/ptinyos/lib/MicaLeds.xml (No such file or directory)
-- XML file not found relative to classpath.
-- /home/travis/build/icyphy/ptII/ptolemy/vergil/basic/export/test/ptolemy/domains/ptinyos/lib/MicaLeds.xml
/home/travis/build/icyphy/ptII/ptolemy/vergil/basic/export/test/ptolemy/domains/ptinyos/lib/MicaLeds.xml (No such file or directory)
 in file:/home/travis/build/icyphy/ptII/ptolemy/actor/ptalon/demo/ptinyos/SenseToLeds/MicaBoard.xml at line 134 and column 63
	at ptolemy.moml.MoMLParser.fileNameToURL(MoMLParser.java:1414)
	at ptolemy.moml.MoMLParser._findOrParse(MoMLParser.java:5283)
	at ptolemy.moml.MoMLParser._attemptToFindMoMLClass(MoMLParser.java:4075)
	at ptolemy.moml.MoMLParser._createEntity(MoMLParser.java:4323)
	... 78 more
Caused by: ptolemy.actor.ptalon.PtalonRuntimeException: Unable to add actor null
	at ptolemy.actor.ptalon.PtalonEvaluator.addActor(PtalonEvaluator.java:300)
	at ptolemy.actor.ptalon.PtalonPopulator.actor_declaration(PtalonPopulator.java:1574)
	at ptolemy.actor.ptalon.PtalonPopulator.atomic_statement(PtalonPopulator.java:1638)
	at ptolemy.actor.ptalon.PtalonPopulator.iterative_statement_evaluator(PtalonPopulator.java:2484)
	at ptolemy.actor.ptalon.AbstractPtalonEvaluator$IfTree.evaluateForScope(AbstractPtalonEvaluator.java:1307)
	at ptolemy.actor.ptalon.AbstractPtalonEvaluator.evaluateForScope(AbstractPtalonEvaluator.java:744)
	at ptolemy.actor.ptalon.PtalonPopulator.iterative_statement(PtalonPopulator.java:2363)
	at ptolemy.actor.ptalon.PtalonPopulator.actor_definition(PtalonPopulator.java:2809)
	at ptolemy.actor.ptalon.PtalonActor.attributeChanged(PtalonActor.java:206)
	at ptolemy.actor.ptalon.PtalonMLHandler.startElement(PtalonMLHandler.java:134)
	at com.microstar.xml.XmlParser.parseElement(XmlParser.java:921)
	at com.microstar.xml.XmlParser.parseContent(XmlParser.java:1104)
	at com.microstar.xml.XmlParser.parseElement(XmlParser.java:924)
	at com.microstar.xml.XmlParser.parseDocument(XmlParser.java:481)
	at com.microstar.xml.XmlParser.doParse(XmlParser.java:159)
	at com.microstar.xml.XmlParser.parse(XmlParser.java:132)
	at ptolemy.actor.ptalon.PtalonActor.configure(PtalonActor.java:240)
	at ptolemy.moml.MoMLParser.endElement(MoMLParser.java:996)
	at com.microstar.xml.XmlParser.parseETag(XmlParser.java:1026)
	at com.microstar.xml.XmlParser.parseContent(XmlParser.java:1098)
	at com.microstar.xml.XmlParser.parseElement(XmlParser.java:924)
	at com.microstar.xml.XmlParser.parseContent(XmlParser.java:1104)
	at com.microstar.xml.XmlParser.parseElement(XmlParser.java:924)
	at com.microstar.xml.XmlParser.parseContent(XmlParser.java:1104)
	at com.microstar.xml.XmlParser.parseElement(XmlParser.java:924)
	at com.microstar.xml.XmlParser.parseDocument(XmlParser.java:481)
	at com.microstar.xml.XmlParser.doParse(XmlParser.java:159)
	at com.microstar.xml.XmlParser.parse(XmlParser.java:132)
	at ptolemy.moml.MoMLParser.parse(MoMLParser.java:1676)
	at ptolemy.moml.MoMLParser.parse(MoMLParser.java:1595)
	at ptolemy.moml.MoMLParser.parse(MoMLParser.java:1537)
	at ptolemy.actor.gui.PtolemyEffigy$Factory.createEffigy(PtolemyEffigy.java:424)
	at ptolemy.actor.gui.EffigyFactory.createEffigy(EffigyFactory.java:234)
	at ptolemy.actor.gui.Configuration.openModel(Configuration.java:1125)
	at ptolemy.actor.gui.Configuration.openModel(Configuration.java:1051)
	at ptolemy.actor.gui.ConfigurationApplication._openModel(ConfigurationApplication.java:1252)
	at ptolemy.actor.gui.ConfigurationApplication._parseArg(ConfigurationApplication.java:1399)
	at ptolemy.actor.gui.ConfigurationApplication._parseArgs(ConfigurationApplication.java:1478)
	at ptolemy.actor.gui.ConfigurationApplication.<init>(ConfigurationApplication.java:277)
	at ptolemy.actor.gui.ConfigurationApplication.<init>(ConfigurationApplication.java:214)
	at ptolemy.actor.gui.ConfigurationApplication.<init>(ConfigurationApplication.java:201)
	at ptolemy.actor.gui.ConfigurationApplication.openModelOrEntity(ConfigurationApplication.java:680)
	at ptolemy.vergil.basic.export.ExportModel$1.run(ExportModel.java:220)
	at java.awt.event.InvocationEvent.dispatch(InvocationEvent.java:301)
	at java.awt.EventQueue.dispatchEventImpl(EventQueue.java:756)
	at java.awt.EventQueue.access$500(EventQueue.java:97)
	at java.awt.EventQueue$3.run(EventQueue.java:709)
	at java.awt.EventQueue$3.run(EventQueue.java:703)
	at java.security.AccessController.doPrivileged(Native Method)
	at java.security.ProtectionDomain$JavaSecurityAccessImpl.doIntersectionPrivilege(ProtectionDomain.java:80)
	at java.awt.EventQueue.dispatchEvent(EventQueue.java:726)
	at java.awt.EventDispatchThread.pumpOneEventForFilters(EventDispatchThread.java:201)
	at java.awt.EventDispatchThread.pumpEventsForFilter(EventDispatchThread.java:116)
	at java.awt.EventDispatchThread.pumpEventsForHierarchy(EventDispatchThread.java:105)
	at java.awt.EventDispatchThread.pumpEvents(EventDispatchThread.java:101)
	at java.awt.EventDispatchThread.pumpEvents(EventDispatchThread.java:93)
	at java.awt.EventDispatchThread.run(EventDispatchThread.java:82)
Caused by: ptolemy.kernel.util.InternalErrorException: Element <entity name="node1" class="ptolemy.actor.ptalon.demo.ptinyos.SenseToLeds.MicaBoard"> caused an exception to be thrown.
  in .SenseToLeds.SenseToLeds
Because:
Cannot find class: ptolemy.actor.ptalon.demo.ptinyos.SenseToLeds.MicaBoard. In Ptolemy, classes are typically Java .class files. Entities like actors may instead be defined within a .xml file.  In any case, the class was not found. If the class uses a third party package, then the class would be present only if the third party package was found at compile time.  It may be necessary to upgrade Java or install the third party package, reconfigure and recompile.
Because:
Element <entity name="MicaLeds" class="ptolemy.domains.ptinyos.lib.MicaLeds"> caused an exception to be thrown.
  in .MicaBoard
Because:
Cannot find class: ptolemy.domains.ptinyos.lib.MicaLeds. In Ptolemy, classes are typically Java .class files. Entities like actors may instead be defined within a .xml file.  In any case, the class was not found. If the class uses a third party package, then the class would be present only if the third party package was found at compile time.  It may be necessary to upgrade Java or install the third party package, reconfigure and recompile.
Because:
-- /home/travis/build/icyphy/ptII/ptolemy/actor/ptalon/demo/ptinyos/SenseToLeds/ptolemy/domains/ptinyos/lib/MicaLeds.xml (No such file or directory)
-- XML file not found relative to classpath.
-- /home/travis/build/icyphy/ptII/ptolemy/vergil/basic/export/test/ptolemy/domains/ptinyos/lib/MicaLeds.xml
/home/travis/build/icyphy/ptII/ptolemy/vergil/basic/export/test/ptolemy/domains/ptinyos/lib/MicaLeds.xml (No such file or directory)
 in file:/home/travis/build/icyphy/ptII/ptolemy/actor/ptalon/demo/ptinyos/SenseToLeds/MicaBoard.xml at line 134 and column 63
	at ptolemy.moml.SimpleErrorHandler.handleError(SimpleErrorHandler.java:75)
	at ptolemy.moml.MoMLParser.startElement(MoMLParser.java:3805)
	at com.microstar.xml.XmlParser.parseElement(XmlParser.java:931)
	at com.microstar.xml.XmlParser.parseDocument(XmlParser.java:481)
	at com.microstar.xml.XmlParser.doParse(XmlParser.java:159)
	at com.microstar.xml.XmlParser.parse(XmlParser.java:132)
	at ptolemy.moml.MoMLParser.parse(MoMLParser.java:1660)
	at ptolemy.moml.MoMLParser.parse(MoMLParser.java:1617)
	at ptolemy.moml.MoMLParser.parse(MoMLParser.java:1792)
	at ptolemy.actor.ptalon.PtalonEvaluator.addActor(PtalonEvaluator.java:241)
	... 56 more
Caused by: ptolemy.kernel.util.IllegalActionException: Cannot find class: ptolemy.actor.ptalon.demo.ptinyos.SenseToLeds.MicaBoard. In Ptolemy, classes are typically Java .class files. Entities like actors may instead be defined within a .xml file.  In any case, the class was not found. If the class uses a third party package, then the class would be present only if the third party package was found at compile time.  It may be necessary to upgrade Java or install the third party package, reconfigure and recompile.
Because:
Element <entity name="MicaLeds" class="ptolemy.domains.ptinyos.lib.MicaLeds"> caused an exception to be thrown.
  in .MicaBoard
Because:
Cannot find class: ptolemy.domains.ptinyos.lib.MicaLeds. In Ptolemy, classes are typically Java .class files. Entities like actors may instead be defined within a .xml file.  In any case, the class was not found. If the class uses a third party package, then the class would be present only if the third party package was found at compile time.  It may be necessary to upgrade Java or install the third party package, reconfigure and recompile.
Because:
-- /home/travis/build/icyphy/ptII/ptolemy/actor/ptalon/demo/ptinyos/SenseToLeds/ptolemy/domains/ptinyos/lib/MicaLeds.xml (No such file or directory)
-- XML file not found relative to classpath.
-- /home/travis/build/icyphy/ptII/ptolemy/vergil/basic/export/test/ptolemy/domains/ptinyos/lib/MicaLeds.xml
/home/travis/build/icyphy/ptII/ptolemy/vergil/basic/export/test/ptolemy/domains/ptinyos/lib/MicaLeds.xml (No such file or directory)
 in file:/home/travis/build/icyphy/ptII/ptolemy/actor/ptalon/demo/ptinyos/SenseToLeds/MicaBoard.xml at line 134 and column 63
	at ptolemy.moml.MoMLParser._createEntity(MoMLParser.java:4330)
	at ptolemy.moml.MoMLParser.startElement(MoMLParser.java:2864)
	... 64 more
Caused by: ptolemy.kernel.util.InternalErrorException: Element <entity name="MicaLeds" class="ptolemy.domains.ptinyos.lib.MicaLeds"> caused an exception to be thrown.
  in .MicaBoard
Because:
Cannot find class: ptolemy.domains.ptinyos.lib.MicaLeds. In Ptolemy, classes are typically Java .class files. Entities like actors may instead be defined within a .xml file.  In any case, the class was not found. If the class uses a third party package, then the class would be present only if the third party package was found at compile time.  It may be necessary to upgrade Java or install the third party package, reconfigure and recompile.
Because:
-- /home/travis/build/icyphy/ptII/ptolemy/actor/ptalon/demo/ptinyos/SenseToLeds/ptolemy/domains/ptinyos/lib/MicaLeds.xml (No such file or directory)
-- XML file not found relative to classpath.
-- /home/travis/build/icyphy/ptII/ptolemy/vergil/basic/export/test/ptolemy/domains/ptinyos/lib/MicaLeds.xml
/home/travis/build/icyphy/ptII/ptolemy/vergil/basic/export/test/ptolemy/domains/ptinyos/lib/MicaLeds.xml (No such file or directory)
 in file:/home/travis/build/icyphy/ptII/ptolemy/actor/ptalon/demo/ptinyos/SenseToLeds/MicaBoard.xml at line 134 and column 63
	at ptolemy.moml.SimpleErrorHandler.handleError(SimpleErrorHandler.java:75)
	at ptolemy.moml.MoMLParser.startElement(MoMLParser.java:3805)
	at com.microstar.xml.XmlParser.parseElement(XmlParser.java:921)
	at com.microstar.xml.XmlParser.parseContent(XmlParser.java:1104)
	at com.microstar.xml.XmlParser.parseElement(XmlParser.java:924)
	at com.microstar.xml.XmlParser.parseDocument(XmlParser.java:481)
	at com.microstar.xml.XmlParser.doParse(XmlParser.java:159)
	at com.microstar.xml.XmlParser.parse(XmlParser.java:132)
	at ptolemy.moml.MoMLParser.parse(MoMLParser.java:1676)
	at ptolemy.moml.MoMLParser.parse(MoMLParser.java:1595)
	at ptolemy.moml.MoMLParser.parse(MoMLParser.java:1537)
	at ptolemy.moml.MoMLParser._findOrParse(MoMLParser.java:5286)
	at ptolemy.moml.MoMLParser._attemptToFindMoMLClass(MoMLParser.java:4075)
	at ptolemy.moml.MoMLParser._createEntity(MoMLParser.java:4323)
	... 65 more
Caused by: ptolemy.kernel.util.IllegalActionException: Cannot find class: ptolemy.domains.ptinyos.lib.MicaLeds. In Ptolemy, classes are typically Java .class files. Entities like actors may instead be defined within a .xml file.  In any case, the class was not found. If the class uses a third party package, then the class would be present only if the third party package was found at compile time.  It may be necessary to upgrade Java or install the third party package, reconfigure and recompile.
Because:
-- /home/travis/build/icyphy/ptII/ptolemy/actor/ptalon/demo/ptinyos/SenseToLeds/ptolemy/domains/ptinyos/lib/MicaLeds.xml (No such file or directory)
-- XML file not found relative to classpath.
-- /home/travis/build/icyphy/ptII/ptolemy/vergil/basic/export/test/ptolemy/domains/ptinyos/lib/MicaLeds.xml
/home/travis/build/icyphy/ptII/ptolemy/vergil/basic/export/test/ptolemy/domains/ptinyos/lib/MicaLeds.xml (No such file or directory)
 in file:/home/travis/build/icyphy/ptII/ptolemy/actor/ptalon/demo/ptinyos/SenseToLeds/MicaBoard.xml at line 134 and column 63
	at ptolemy.moml.MoMLParser._createEntity(MoMLParser.java:4330)
	at ptolemy.moml.MoMLParser.startElement(MoMLParser.java:2864)
	... 77 more
Caused by: com.microstar.xml.XmlException: -- /home/travis/build/icyphy/ptII/ptolemy/actor/ptalon/demo/ptinyos/SenseToLeds/ptolemy/domains/ptinyos/lib/MicaLeds.xml (No such file or directory)
-- XML file not found relative to classpath.
-- /home/travis/build/icyphy/ptII/ptolemy/vergil/basic/export/test/ptolemy/domains/ptinyos/lib/MicaLeds.xml
/home/travis/build/icyphy/ptII/ptolemy/vergil/basic/export/test/ptolemy/domains/ptinyos/lib/MicaLeds.xml (No such file or directory)
 in file:/home/travis/build/icyphy/ptII/ptolemy/actor/ptalon/demo/ptinyos/SenseToLeds/MicaBoard.xml at line 134 and column 63
	at ptolemy.moml.MoMLParser.fileNameToURL(MoMLParser.java:1414)
	at ptolemy.moml.MoMLParser._findOrParse(MoMLParser.java:5283)
	at ptolemy.moml.MoMLParser._attemptToFindMoMLClass(MoMLParser.java:4075)
	at ptolemy.moml.MoMLParser._createEntity(MoMLParser.java:4323)
	... 78 more
Failed to read file:/home/travis/build/icyphy/ptII/ptolemy/actor/ptalon/demo/ptinyos/SenseToLeds/SenseToLeds.xml
ptolemy.kernel.util.IllegalActionException: Failed to process attribute change to PtalonParameter, whose value is "ptolemy.actor.ptalon.PtalonExpressionParameter {.SenseToLeds.SenseToLeds.n} 2".
  in .SenseToLeds.SenseToLeds
Because:
Unable to add actor null
	at ptolemy.actor.ptalon.PtalonActor.attributeChanged(PtalonActor.java:211)
	at ptolemy.actor.ptalon.PtalonMLHandler.startElement(PtalonMLHandler.java:134)
	at com.microstar.xml.XmlParser.parseElement(XmlParser.java:921)
	at com.microstar.xml.XmlParser.parseContent(XmlParser.java:1104)
	at com.microstar.xml.XmlParser.parseElement(XmlParser.java:924)
	at com.microstar.xml.XmlParser.parseDocument(XmlParser.java:481)
	at com.microstar.xml.XmlParser.doParse(XmlParser.java:159)
	at com.microstar.xml.XmlParser.parse(XmlParser.java:132)
	at ptolemy.actor.ptalon.PtalonActor.configure(PtalonActor.java:240)
	at ptolemy.moml.MoMLParser.endElement(MoMLParser.java:996)
	at com.microstar.xml.XmlParser.parseETag(XmlParser.java:1026)
	at com.microstar.xml.XmlParser.parseContent(XmlParser.java:1098)
	at com.microstar.xml.XmlParser.parseElement(XmlParser.java:924)
	at com.microstar.xml.XmlParser.parseContent(XmlParser.java:1104)
	at com.microstar.xml.XmlParser.parseElement(XmlParser.java:924)
	at com.microstar.xml.XmlParser.parseContent(XmlParser.java:1104)
	at com.microstar.xml.XmlParser.parseElement(XmlParser.java:924)
	at com.microstar.xml.XmlParser.parseDocument(XmlParser.java:481)
	at com.microstar.xml.XmlParser.doParse(XmlParser.java:159)
	at com.microstar.xml.XmlParser.parse(XmlParser.java:132)
	at ptolemy.moml.MoMLParser.parse(MoMLParser.java:1676)
	at ptolemy.moml.MoMLParser.parse(MoMLParser.java:1595)
	at ptolemy.moml.MoMLParser.parse(MoMLParser.java:1537)
	at ptolemy.actor.gui.PtolemyEffigy$Factory.createEffigy(PtolemyEffigy.java:424)
	at ptolemy.actor.gui.EffigyFactory.createEffigy(EffigyFactory.java:234)
	at ptolemy.actor.gui.Configuration.openModel(Configuration.java:1125)
	at ptolemy.actor.gui.Configuration.openModel(Configuration.java:1051)
	at ptolemy.actor.gui.ConfigurationApplication._openModel(ConfigurationApplication.java:1252)
	at ptolemy.actor.gui.ConfigurationApplication._parseArg(ConfigurationApplication.java:1399)
	at ptolemy.actor.gui.ConfigurationApplication._parseArgs(ConfigurationApplication.java:1478)
	at ptolemy.actor.gui.ConfigurationApplication.<init>(ConfigurationApplication.java:277)
	at ptolemy.actor.gui.ConfigurationApplication.<init>(ConfigurationApplication.java:214)
	at ptolemy.actor.gui.ConfigurationApplication.<init>(ConfigurationApplication.java:201)
	at ptolemy.actor.gui.ConfigurationApplication.openModelOrEntity(ConfigurationApplication.java:680)
	at ptolemy.vergil.basic.export.ExportModel$1.run(ExportModel.java:220)
	at java.awt.event.InvocationEvent.dispatch(InvocationEvent.java:301)
	at java.awt.EventQueue.dispatchEventImpl(EventQueue.java:756)
	at java.awt.EventQueue.access$500(EventQueue.java:97)
	at java.awt.EventQueue$3.run(EventQueue.java:709)
	at java.awt.EventQueue$3.run(EventQueue.java:703)
	at java.security.AccessController.doPrivileged(Native Method)
	at java.security.ProtectionDomain$JavaSecurityAccessImpl.doIntersectionPrivilege(ProtectionDomain.java:80)
	at java.awt.EventQueue.dispatchEvent(EventQueue.java:726)
	at java.awt.EventDispatchThread.pumpOneEventForFilters(EventDispatchThread.java:201)
	at java.awt.EventDispatchThread.pumpEventsForFilter(EventDispatchThread.java:116)
	at java.awt.EventDispatchThread.pumpEventsForHierarchy(EventDispatchThread.java:105)
	at java.awt.EventDispatchThread.pumpEvents(EventDispatchThread.java:101)
	at java.awt.EventDispatchThread.pumpEvents(EventDispatchThread.java:93)
	at java.awt.EventDispatchThread.run(EventDispatchThread.java:82)
Caused by: ptolemy.actor.ptalon.PtalonRuntimeException: Unable to add actor null
	at ptolemy.actor.ptalon.PtalonEvaluator.addActor(PtalonEvaluator.java:300)
	at ptolemy.actor.ptalon.PtalonPopulator.actor_declaration(PtalonPopulator.java:1574)
	at ptolemy.actor.ptalon.PtalonPopulator.atomic_statement(PtalonPopulator.java:1638)
	at ptolemy.actor.ptalon.PtalonPopulator.iterative_statement_evaluator(PtalonPopulator.java:2484)
	at ptolemy.actor.ptalon.AbstractPtalonEvaluator$IfTree.evaluateForScope(AbstractPtalonEvaluator.java:1307)
	at ptolemy.actor.ptalon.AbstractPtalonEvaluator.evaluateForScope(AbstractPtalonEvaluator.java:744)
	at ptolemy.actor.ptalon.PtalonPopulator.iterative_statement(PtalonPopulator.java:2363)
	at ptolemy.actor.ptalon.PtalonPopulator.actor_definition(PtalonPopulator.java:2809)
	at ptolemy.actor.ptalon.PtalonActor.attributeChanged(PtalonActor.java:206)
	... 48 more
Caused by: ptolemy.kernel.util.InternalErrorException: Element <entity name="node1" class="ptolemy.actor.ptalon.demo.ptinyos.SenseToLeds.MicaBoard"> caused an exception to be thrown.
  in .SenseToLeds.SenseToLeds
Because:
Cannot find class: ptolemy.actor.ptalon.demo.ptinyos.SenseToLeds.MicaBoard. In Ptolemy, classes are typically Java .class files. Entities like actors may instead be defined within a .xml file.  In any case, the class was not found. If the class uses a third party package, then the class would be present only if the third party package was found at compile time.  It may be necessary to upgrade Java or install the third party package, reconfigure and recompile.
Because:
Element <entity name="MicaLeds" class="ptolemy.domains.ptinyos.lib.MicaLeds"> caused an exception to be thrown.
  in .MicaBoard
Because:
Cannot find class: ptolemy.domains.ptinyos.lib.MicaLeds. In Ptolemy, classes are typically Java .class files. Entities like actors may instead be defined within a .xml file.  In any case, the class was not found. If the class uses a third party package, then the class would be present only if the third party package was found at compile time.  It may be necessary to upgrade Java or install the third party package, reconfigure and recompile.
Because:
-- /home/travis/build/icyphy/ptII/ptolemy/actor/ptalon/demo/ptinyos/SenseToLeds/ptolemy/domains/ptinyos/lib/MicaLeds.xml (No such file or directory)
-- XML file not found relative to classpath.
-- /home/travis/build/icyphy/ptII/ptolemy/vergil/basic/export/test/ptolemy/domains/ptinyos/lib/MicaLeds.xml
/home/travis/build/icyphy/ptII/ptolemy/vergil/basic/export/test/ptolemy/domains/ptinyos/lib/MicaLeds.xml (No such file or directory)
 in file:/home/travis/build/icyphy/ptII/ptolemy/actor/ptalon/demo/ptinyos/SenseToLeds/MicaBoard.xml at line 134 and column 63
	at ptolemy.moml.SimpleErrorHandler.handleError(SimpleErrorHandler.java:75)
	at ptolemy.moml.MoMLParser.startElement(MoMLParser.java:3805)
	at com.microstar.xml.XmlParser.parseElement(XmlParser.java:931)
	at com.microstar.xml.XmlParser.parseDocument(XmlParser.java:481)
	at com.microstar.xml.XmlParser.doParse(XmlParser.java:159)
	at com.microstar.xml.XmlParser.parse(XmlParser.java:132)
	at ptolemy.moml.MoMLParser.parse(MoMLParser.java:1660)
	at ptolemy.moml.MoMLParser.parse(MoMLParser.java:1617)
	at ptolemy.moml.MoMLParser.parse(MoMLParser.java:1792)
	at ptolemy.actor.ptalon.PtalonEvaluator.addActor(PtalonEvaluator.java:241)
	... 56 more
Caused by: ptolemy.kernel.util.IllegalActionException: Cannot find class: ptolemy.actor.ptalon.demo.ptinyos.SenseToLeds.MicaBoard. In Ptolemy, classes are typically Java .class files. Entities like actors may instead be defined within a .xml file.  In any case, the class was not found. If the class uses a third party package, then the class would be present only if the third party package was found at compile time.  It may be necessary to upgrade Java or install the third party package, reconfigure and recompile.
Because:
Element <entity name="MicaLeds" class="ptolemy.domains.ptinyos.lib.MicaLeds"> caused an exception to be thrown.
  in .MicaBoard
Because:
Cannot find class: ptolemy.domains.ptinyos.lib.MicaLeds. In Ptolemy, classes are typically Java .class files. Entities like actors may instead be defined within a .xml file.  In any case, the class was not found. If the class uses a third party package, then the class would be present only if the third party package was found at compile time.  It may be necessary to upgrade Java or install the third party package, reconfigure and recompile.
Because:
-- /home/travis/build/icyphy/ptII/ptolemy/actor/ptalon/demo/ptinyos/SenseToLeds/ptolemy/domains/ptinyos/lib/MicaLeds.xml (No such file or directory)
-- XML file not found relative to classpath.
-- /home/travis/build/icyphy/ptII/ptolemy/vergil/basic/export/test/ptolemy/domains/ptinyos/lib/MicaLeds.xml
/home/travis/build/icyphy/ptII/ptolemy/vergil/basic/export/test/ptolemy/domains/ptinyos/lib/MicaLeds.xml (No such file or directory)
 in file:/home/travis/build/icyphy/ptII/ptolemy/actor/ptalon/demo/ptinyos/SenseToLeds/MicaBoard.xml at line 134 and column 63
	at ptolemy.moml.MoMLParser._createEntity(MoMLParser.java:4330)
	at ptolemy.moml.MoMLParser.startElement(MoMLParser.java:2864)
	... 64 more
Caused by: ptolemy.kernel.util.InternalErrorException: Element <entity name="MicaLeds" class="ptolemy.domains.ptinyos.lib.MicaLeds"> caused an exception to be thrown.
  in .MicaBoard
Because:
Cannot find class: ptolemy.domains.ptinyos.lib.MicaLeds. In Ptolemy, classes are typically Java .class files. Entities like actors may instead be defined within a .xml file.  In any case, the class was not found. If the class uses a third party package, then the class would be present only if the third party package was found at compile time.  It may be necessary to upgrade Java or install the third party package, reconfigure and recompile.
Because:
-- /home/travis/build/icyphy/ptII/ptolemy/actor/ptalon/demo/ptinyos/SenseToLeds/ptolemy/domains/ptinyos/lib/MicaLeds.xml (No such file or directory)
-- XML file not found relative to classpath.
-- /home/travis/build/icyphy/ptII/ptolemy/vergil/basic/export/test/ptolemy/domains/ptinyos/lib/MicaLeds.xml
/home/travis/build/icyphy/ptII/ptolemy/vergil/basic/export/test/ptolemy/domains/ptinyos/lib/MicaLeds.xml (No such file or directory)
 in file:/home/travis/build/icyphy/ptII/ptolemy/actor/ptalon/demo/ptinyos/SenseToLeds/MicaBoard.xml at line 134 and column 63
	at ptolemy.moml.SimpleErrorHandler.handleError(SimpleErrorHandler.java:75)
	at ptolemy.moml.MoMLParser.startElement(MoMLParser.java:3805)
	at com.microstar.xml.XmlParser.parseElement(XmlParser.java:921)
	at com.microstar.xml.XmlParser.parseContent(XmlParser.java:1104)
	at com.microstar.xml.XmlParser.parseElement(XmlParser.java:924)
	at com.microstar.xml.XmlParser.parseDocument(XmlParser.java:481)
	at com.microstar.xml.XmlParser.doParse(XmlParser.java:159)
	at com.microstar.xml.XmlParser.parse(XmlParser.java:132)
	at ptolemy.moml.MoMLParser.parse(MoMLParser.java:1676)
	at ptolemy.moml.MoMLParser.parse(MoMLParser.java:1595)
	at ptolemy.moml.MoMLParser.parse(MoMLParser.java:1537)
	at ptolemy.moml.MoMLParser._findOrParse(MoMLParser.java:5286)
	at ptolemy.moml.MoMLParser._attemptToFindMoMLClass(MoMLParser.java:4075)
	at ptolemy.moml.MoMLParser._createEntity(MoMLParser.java:4323)
	... 65 more
Caused by: ptolemy.kernel.util.IllegalActionException: Cannot find class: ptolemy.domains.ptinyos.lib.MicaLeds. In Ptolemy, classes are typically Java .class files. Entities like actors may instead be defined within a .xml file.  In any case, the class was not found. If the class uses a third party package, then the class would be present only if the third party package was found at compile time.  It may be necessary to upgrade Java or install the third party package, reconfigure and recompile.
Because:
-- /home/travis/build/icyphy/ptII/ptolemy/actor/ptalon/demo/ptinyos/SenseToLeds/ptolemy/domains/ptinyos/lib/MicaLeds.xml (No such file or directory)
-- XML file not found relative to classpath.
-- /home/travis/build/icyphy/ptII/ptolemy/vergil/basic/export/test/ptolemy/domains/ptinyos/lib/MicaLeds.xml
/home/travis/build/icyphy/ptII/ptolemy/vergil/basic/export/test/ptolemy/domains/ptinyos/lib/MicaLeds.xml (No such file or directory)
 in file:/home/travis/build/icyphy/ptII/ptolemy/actor/ptalon/demo/ptinyos/SenseToLeds/MicaBoard.xml at line 134 and column 63
	at ptolemy.moml.MoMLParser._createEntity(MoMLParser.java:4330)
	at ptolemy.moml.MoMLParser.startElement(MoMLParser.java:2864)
	... 77 more
Caused by: com.microstar.xml.XmlException: -- /home/travis/build/icyphy/ptII/ptolemy/actor/ptalon/demo/ptinyos/SenseToLeds/ptolemy/domains/ptinyos/lib/MicaLeds.xml (No such file or directory)
-- XML file not found relative to classpath.
-- /home/travis/build/icyphy/ptII/ptolemy/vergil/basic/export/test/ptolemy/domains/ptinyos/lib/MicaLeds.xml
/home/travis/build/icyphy/ptII/ptolemy/vergil/basic/export/test/ptolemy/domains/ptinyos/lib/MicaLeds.xml (No such file or directory)
 in file:/home/travis/build/icyphy/ptII/ptolemy/actor/ptalon/demo/ptinyos/SenseToLeds/MicaBoard.xml at line 134 and column 63
	at ptolemy.moml.MoMLParser.fileNameToURL(MoMLParser.java:1414)
	at ptolemy.moml.MoMLParser._findOrParse(MoMLParser.java:5283)
	at ptolemy.moml.MoMLParser._attemptToFindMoMLClass(MoMLParser.java:4075)
	at ptolemy.moml.MoMLParser._createEntity(MoMLParser.java:4323)
	... 78 more
Caused by: ptolemy.actor.ptalon.PtalonRuntimeException: Unable to add actor null
	at ptolemy.actor.ptalon.PtalonEvaluator.addActor(PtalonEvaluator.java:300)
	at ptolemy.actor.ptalon.PtalonPopulator.actor_declaration(PtalonPopulator.java:1574)
	at ptolemy.actor.ptalon.PtalonPopulator.atomic_statement(PtalonPopulator.java:1638)
	at ptolemy.actor.ptalon.PtalonPopulator.iterative_statement_evaluator(PtalonPopulator.java:2484)
	at ptolemy.actor.ptalon.AbstractPtalonEvaluator$IfTree.evaluateForScope(AbstractPtalonEvaluator.java:1307)
	at ptolemy.actor.ptalon.AbstractPtalonEvaluator.evaluateForScope(AbstractPtalonEvaluator.java:744)
	at ptolemy.actor.ptalon.PtalonPopulator.iterative_statement(PtalonPopulator.java:2363)
	at ptolemy.actor.ptalon.PtalonPopulator.actor_definition(PtalonPopulator.java:2809)
	at ptolemy.actor.ptalon.PtalonActor.attributeChanged(PtalonActor.java:206)
	at ptolemy.actor.ptalon.PtalonMLHandler.startElement(PtalonMLHandler.java:134)
	at com.microstar.xml.XmlParser.parseElement(XmlParser.java:921)
	at com.microstar.xml.XmlParser.parseContent(XmlParser.java:1104)
	at com.microstar.xml.XmlParser.parseElement(XmlParser.java:924)
	at com.microstar.xml.XmlParser.parseDocument(XmlParser.java:481)
	at com.microstar.xml.XmlParser.doParse(XmlParser.java:159)
	at com.microstar.xml.XmlParser.parse(XmlParser.java:132)
	at ptolemy.actor.ptalon.PtalonActor.configure(PtalonActor.java:240)
	at ptolemy.moml.MoMLParser.endElement(MoMLParser.java:996)
	at com.microstar.xml.XmlParser.parseETag(XmlParser.java:1026)
	at com.microstar.xml.XmlParser.parseContent(XmlParser.java:1098)
	at com.microstar.xml.XmlParser.parseElement(XmlParser.java:924)
	at com.microstar.xml.XmlParser.parseContent(XmlParser.java:1104)
	at com.microstar.xml.XmlParser.parseElement(XmlParser.java:924)
	at com.microstar.xml.XmlParser.parseContent(XmlParser.java:1104)
	at com.microstar.xml.XmlParser.parseElement(XmlParser.java:924)
	at com.microstar.xml.XmlParser.parseDocument(XmlParser.java:481)
	at com.microstar.xml.XmlParser.doParse(XmlParser.java:159)
	at com.microstar.xml.XmlParser.parse(XmlParser.java:132)
	at ptolemy.moml.MoMLParser.parse(MoMLParser.java:1676)
	at ptolemy.moml.MoMLParser.parse(MoMLParser.java:1595)
	at ptolemy.moml.MoMLParser.parse(MoMLParser.java:1537)
	at ptolemy.actor.gui.PtolemyEffigy$Factory.createEffigy(PtolemyEffigy.java:424)
	at ptolemy.actor.gui.EffigyFactory.createEffigy(EffigyFactory.java:234)
	at ptolemy.actor.gui.Configuration.openModel(Configuration.java:1125)
	at ptolemy.actor.gui.Configuration.openModel(Configuration.java:1051)
	at ptolemy.actor.gui.ConfigurationApplication._openModel(ConfigurationApplication.java:1252)
	at ptolemy.actor.gui.ConfigurationApplication._parseArg(ConfigurationApplication.java:1399)
	at ptolemy.actor.gui.ConfigurationApplication._parseArgs(ConfigurationApplication.java:1478)
	at ptolemy.actor.gui.ConfigurationApplication.<init>(ConfigurationApplication.java:277)
	at ptolemy.actor.gui.ConfigurationApplication.<init>(ConfigurationApplication.java:214)
	at ptolemy.actor.gui.ConfigurationApplication.<init>(ConfigurationApplication.java:201)
	at ptolemy.actor.gui.ConfigurationApplication.openModelOrEntity(ConfigurationApplication.java:680)
	at ptolemy.vergil.basic.export.ExportModel$1.run(ExportModel.java:220)
	at java.awt.event.InvocationEvent.dispatch(InvocationEvent.java:301)
	at java.awt.EventQueue.dispatchEventImpl(EventQueue.java:756)
	at java.awt.EventQueue.access$500(EventQueue.java:97)
	at java.awt.EventQueue$3.run(EventQueue.java:709)
	at java.awt.EventQueue$3.run(EventQueue.java:703)
	at java.security.AccessController.doPrivileged(Native Method)
	at java.security.ProtectionDomain$JavaSecurityAccessImpl.doIntersectionPrivilege(ProtectionDomain.java:80)
	at java.awt.EventQueue.dispatchEvent(EventQueue.java:726)
	at java.awt.EventDispatchThread.pumpOneEventForFilters(EventDispatchThread.java:201)
	at java.awt.EventDispatchThread.pumpEventsForFilter(EventDispatchThread.java:116)
	at java.awt.EventDispatchThread.pumpEventsForHierarchy(EventDispatchThread.java:105)
	at java.awt.EventDispatchThread.pumpEvents(EventDispatchThread.java:101)
	at java.awt.EventDispatchThread.pumpEvents(EventDispatchThread.java:93)
	at java.awt.EventDispatchThread.run(EventDispatchThread.java:82)
Caused by: ptolemy.kernel.util.InternalErrorException: Element <entity name="node1" class="ptolemy.actor.ptalon.demo.ptinyos.SenseToLeds.MicaBoard"> caused an exception to be thrown.
  in .SenseToLeds.SenseToLeds
Because:
Cannot find class: ptolemy.actor.ptalon.demo.ptinyos.SenseToLeds.MicaBoard. In Ptolemy, classes are typically Java .class files. Entities like actors may instead be defined within a .xml file.  In any case, the class was not found. If the class uses a third party package, then the class would be present only if the third party package was found at compile time.  It may be necessary to upgrade Java or install the third party package, reconfigure and recompile.
Because:
Element <entity name="MicaLeds" class="ptolemy.domains.ptinyos.lib.MicaLeds"> caused an exception to be thrown.
  in .MicaBoard
Because:
Cannot find class: ptolemy.domains.ptinyos.lib.MicaLeds. In Ptolemy, classes are typically Java .class files. Entities like actors may instead be defined within a .xml file.  In any case, the class was not found. If the class uses a third party package, then the class would be present only if the third party package was found at compile time.  It may be necessary to upgrade Java or install the third party package, reconfigure and recompile.
Because:
-- /home/travis/build/icyphy/ptII/ptolemy/actor/ptalon/demo/ptinyos/SenseToLeds/ptolemy/domains/ptinyos/lib/MicaLeds.xml (No such file or directory)
-- XML file not found relative to classpath.
-- /home/travis/build/icyphy/ptII/ptolemy/vergil/basic/export/test/ptolemy/domains/ptinyos/lib/MicaLeds.xml
/home/travis/build/icyphy/ptII/ptolemy/vergil/basic/export/test/ptolemy/domains/ptinyos/lib/MicaLeds.xml (No such file or directory)
 in file:/home/travis/build/icyphy/ptII/ptolemy/actor/ptalon/demo/ptinyos/SenseToLeds/MicaBoard.xml at line 134 and column 63
	at ptolemy.moml.SimpleErrorHandler.handleError(SimpleErrorHandler.java:75)
	at ptolemy.moml.MoMLParser.startElement(MoMLParser.java:3805)
	at com.microstar.xml.XmlParser.parseElement(XmlParser.java:931)
	at com.microstar.xml.XmlParser.parseDocument(XmlParser.java:481)
	at com.microstar.xml.XmlParser.doParse(XmlParser.java:159)
	at com.microstar.xml.XmlParser.parse(XmlParser.java:132)
	at ptolemy.moml.MoMLParser.parse(MoMLParser.java:1660)
	at ptolemy.moml.MoMLParser.parse(MoMLParser.java:1617)
	at ptolemy.moml.MoMLParser.parse(MoMLParser.java:1792)
	at ptolemy.actor.ptalon.PtalonEvaluator.addActor(PtalonEvaluator.java:241)
	... 56 more
Caused by: ptolemy.kernel.util.IllegalActionException: Cannot find class: ptolemy.actor.ptalon.demo.ptinyos.SenseToLeds.MicaBoard. In Ptolemy, classes are typically Java .class files. Entities like actors may instead be defined within a .xml file.  In any case, the class was not found. If the class uses a third party package, then the class would be present only if the third party package was found at compile time.  It may be necessary to upgrade Java or install the third party package, reconfigure and recompile.
Because:
Element <entity name="MicaLeds" class="ptolemy.domains.ptinyos.lib.MicaLeds"> caused an exception to be thrown.
  in .MicaBoard
Because:
Cannot find class: ptolemy.domains.ptinyos.lib.MicaLeds. In Ptolemy, classes are typically Java .class files. Entities like actors may instead be defined within a .xml file.  In any case, the class was not found. If the class uses a third party package, then the class would be present only if the third party package was found at compile time.  It may be necessary to upgrade Java or install the third party package, reconfigure and recompile.
Because:
-- /home/travis/build/icyphy/ptII/ptolemy/actor/ptalon/demo/ptinyos/SenseToLeds/ptolemy/domains/ptinyos/lib/MicaLeds.xml (No such file or directory)
-- XML file not found relative to classpath.
-- /home/travis/build/icyphy/ptII/ptolemy/vergil/basic/export/test/ptolemy/domains/ptinyos/lib/MicaLeds.xml
/home/travis/build/icyphy/ptII/ptolemy/vergil/basic/export/test/ptolemy/domains/ptinyos/lib/MicaLeds.xml (No such file or directory)
 in file:/home/travis/build/icyphy/ptII/ptolemy/actor/ptalon/demo/ptinyos/SenseToLeds/MicaBoard.xml at line 134 and column 63
	at ptolemy.moml.MoMLParser._createEntity(MoMLParser.java:4330)
	at ptolemy.moml.MoMLParser.startElement(MoMLParser.java:2864)
	... 64 more
Caused by: ptolemy.kernel.util.InternalErrorException: Element <entity name="MicaLeds" class="ptolemy.domains.ptinyos.lib.MicaLeds"> caused an exception to be thrown.
  in .MicaBoard
Because:
Cannot find class: ptolemy.domains.ptinyos.lib.MicaLeds. In Ptolemy, classes are typically Java .class files. Entities like actors may instead be defined within a .xml file.  In any case, the class was not found. If the class uses a third party package, then the class would be present only if the third party package was found at compile time.  It may be necessary to upgrade Java or install the third party package, reconfigure and recompile.
Because:
-- /home/travis/build/icyphy/ptII/ptolemy/actor/ptalon/demo/ptinyos/SenseToLeds/ptolemy/domains/ptinyos/lib/MicaLeds.xml (No such file or directory)
-- XML file not found relative to classpath.
-- /home/travis/build/icyphy/ptII/ptolemy/vergil/basic/export/test/ptolemy/domains/ptinyos/lib/MicaLeds.xml
/home/travis/build/icyphy/ptII/ptolemy/vergil/basic/export/test/ptolemy/domains/ptinyos/lib/MicaLeds.xml (No such file or directory)
 in file:/home/travis/build/icyphy/ptII/ptolemy/actor/ptalon/demo/ptinyos/SenseToLeds/MicaBoard.xml at line 134 and column 63
	at ptolemy.moml.SimpleErrorHandler.handleError(SimpleErrorHandler.java:75)
	at ptolemy.moml.MoMLParser.startElement(MoMLParser.java:3805)
	at com.microstar.xml.XmlParser.parseElement(XmlParser.java:921)
	at com.microstar.xml.XmlParser.parseContent(XmlParser.java:1104)
	at com.microstar.xml.XmlParser.parseElement(XmlParser.java:924)
	at com.microstar.xml.XmlParser.parseDocument(XmlParser.java:481)
	at com.microstar.xml.XmlParser.doParse(XmlParser.java:159)
	at com.microstar.xml.XmlParser.parse(XmlParser.java:132)
	at ptolemy.moml.MoMLParser.parse(MoMLParser.java:1676)
	at ptolemy.moml.MoMLParser.parse(MoMLParser.java:1595)
	at ptolemy.moml.MoMLParser.parse(MoMLParser.java:1537)
	at ptolemy.moml.MoMLParser._findOrParse(MoMLParser.java:5286)
	at ptolemy.moml.MoMLParser._attemptToFindMoMLClass(MoMLParser.java:4075)
	at ptolemy.moml.MoMLParser._createEntity(MoMLParser.java:4323)
	... 65 more
Caused by: ptolemy.kernel.util.IllegalActionException: Cannot find class: ptolemy.domains.ptinyos.lib.MicaLeds. In Ptolemy, classes are typically Java .class files. Entities like actors may instead be defined within a .xml file.  In any case, the class was not found. If the class uses a third party package, then the class would be present only if the third party package was found at compile time.  It may be necessary to upgrade Java or install the third party package, reconfigure and recompile.
Because:
-- /home/travis/build/icyphy/ptII/ptolemy/actor/ptalon/demo/ptinyos/SenseToLeds/ptolemy/domains/ptinyos/lib/MicaLeds.xml (No such file or directory)
-- XML file not found relative to classpath.
-- /home/travis/build/icyphy/ptII/ptolemy/vergil/basic/export/test/ptolemy/domains/ptinyos/lib/MicaLeds.xml
/home/travis/build/icyphy/ptII/ptolemy/vergil/basic/export/test/ptolemy/domains/ptinyos/lib/MicaLeds.xml (No such file or directory)
 in file:/home/travis/build/icyphy/ptII/ptolemy/actor/ptalon/demo/ptinyos/SenseToLeds/MicaBoard.xml at line 134 and column 63
	at ptolemy.moml.MoMLParser._createEntity(MoMLParser.java:4330)
	at ptolemy.moml.MoMLParser.startElement(MoMLParser.java:2864)
	... 77 more
Caused by: com.microstar.xml.XmlException: -- /home/travis/build/icyphy/ptII/ptolemy/actor/ptalon/demo/ptinyos/SenseToLeds/ptolemy/domains/ptinyos/lib/MicaLeds.xml (No such file or directory)
-- XML file not found relative to classpath.
-- /home/travis/build/icyphy/ptII/ptolemy/vergil/basic/export/test/ptolemy/domains/ptinyos/lib/MicaLeds.xml
/home/travis/build/icyphy/ptII/ptolemy/vergil/basic/export/test/ptolemy/domains/ptinyos/lib/MicaLeds.xml (No such file or directory)
 in file:/home/travis/build/icyphy/ptII/ptolemy/actor/ptalon/demo/ptinyos/SenseToLeds/MicaBoard.xml at line 134 and column 63
	at ptolemy.moml.MoMLParser.fileNameToURL(MoMLParser.java:1414)
	at ptolemy.moml.MoMLParser._findOrParse(MoMLParser.java:5283)
	at ptolemy.moml.MoMLParser._attemptToFindMoMLClass(MoMLParser.java:4075)
	at ptolemy.moml.MoMLParser._createEntity(MoMLParser.java:4323)
	... 78 more
ptolemy.kernel.util.InternalErrorException: Failed to get the model directory? This can happen in a headless environment when the model attempts to interact with the graphical display.  It can also happen when the model fails to parse because of a missing class.
	at ptolemy.actor.gui.ConfigurationApplication.models(ConfigurationApplication.java:548)
	at ptolemy.actor.gui.ConfigurationApplication.openModelOrEntity(ConfigurationApplication.java:698)
	at ptolemy.vergil.basic.export.ExportModel$1.run(ExportModel.java:220)
	at java.awt.event.InvocationEvent.dispatch(InvocationEvent.java:301)
	at java.awt.EventQueue.dispatchEventImpl(EventQueue.java:756)
	at java.awt.EventQueue.access$500(EventQueue.java:97)
	at java.awt.EventQueue$3.run(EventQueue.java:709)
	at java.awt.EventQueue$3.run(EventQueue.java:703)
	at java.security.AccessController.doPrivileged(Native Method)
	at java.security.ProtectionDomain$JavaSecurityAccessImpl.doIntersectionPrivilege(ProtectionDomain.java:80)
	at java.awt.EventQueue.dispatchEvent(EventQueue.java:726)
	at java.awt.EventDispatchThread.pumpOneEventForFilters(EventDispatchThread.java:201)
	at java.awt.EventDispatchThread.pumpEventsForFilter(EventDispatchThread.java:116)
	at java.awt.EventDispatchThread.pumpEventsForHierarchy(EventDispatchThread.java:105)
	at java.awt.EventDispatchThread.pumpEvents(EventDispatchThread.java:101)
	at java.awt.EventDispatchThread.pumpEvents(EventDispatchThread.java:93)
	at java.awt.EventDispatchThread.run(EventDispatchThread.java:82)
ptolemy.kernel.util.InternalErrorException: Failed to get the model directory? This can happen in a headless environment when the model attempts to interact with the graphical display.  It can also happen when the model fails to parse because of a missing class.
	at ptolemy.actor.gui.ConfigurationApplication.models(ConfigurationApplication.java:548)
	at ptolemy.actor.gui.ConfigurationApplication.openModelOrEntity(ConfigurationApplication.java:698)
	at ptolemy.vergil.basic.export.ExportModel$1.run(ExportModel.java:220)
	at java.awt.event.InvocationEvent.dispatch(InvocationEvent.java:301)
	at java.awt.EventQueue.dispatchEventImpl(EventQueue.java:756)
	at java.awt.EventQueue.access$500(EventQueue.java:97)
	at java.awt.EventQueue$3.run(EventQueue.java:709)
	at java.awt.EventQueue$3.run(EventQueue.java:703)
	at java.security.AccessController.doPrivileged(Native Method)
	at java.security.ProtectionDomain$JavaSecurityAccessImpl.doIntersectionPrivilege(ProtectionDomain.java:80)
	at java.awt.EventQueue.dispatchEvent(EventQueue.java:726)
	at java.awt.EventDispatchThread.pumpOneEventForFilters(EventDispatchThread.java:201)
	at java.awt.EventDispatchThread.pumpEventsForFilter(EventDispatchThread.java:116)
	at java.awt.EventDispatchThread.pumpEventsForHierarchy(EventDispatchThread.java:105)
	at java.awt.EventDispatchThread.pumpEvents(EventDispatchThread.java:101)
	at java.awt.EventDispatchThread.pumpEvents(EventDispatchThread.java:93)
	at java.awt.EventDispatchThread.run(EventDispatchThread.java:82)
java.lang.reflect.InvocationTargetException
	at java.awt.EventQueue.invokeAndWait(EventQueue.java:1321)
	at java.awt.EventQueue.invokeAndWait(EventQueue.java:1296)
	at javax.swing.SwingUtilities.invokeAndWait(SwingUtilities.java:1348)
	at ptolemy.vergil.basic.export.ExportModel.exportModel(ExportModel.java:227)
	at ptolemy.vergil.basic.export.test.junit.ExportModelJUnitTest.RunExportModel(ExportModelJUnitTest.java:153)
	at ptolemy.vergil.basic.export.test.junit.ExportModelJUnitTestBatch.RunExportModel(ExportModelJUnitTestBatch.java:97)
	at sun.reflect.GeneratedMethodAccessor17.invoke(Unknown Source)
	at sun.reflect.DelegatingMethodAccessorImpl.invoke(DelegatingMethodAccessorImpl.java:43)
	at java.lang.reflect.Method.invoke(Method.java:498)
	at org.junit.runners.model.FrameworkMethod$1.runReflectiveCall(FrameworkMethod.java:44)
	at org.junit.internal.runners.model.ReflectiveCallable.run(ReflectiveCallable.java:15)
	at org.junit.runners.model.FrameworkMethod.invokeExplosively(FrameworkMethod.java:41)
	at junitparams.internal.InvokeParameterisedMethod.evaluate(InvokeParameterisedMethod.java:102)
	at junitparams.internal.ParameterisedTestMethodRunner.runMethodInvoker(ParameterisedTestMethodRunner.java:47)
	at junitparams.internal.ParameterisedTestMethodRunner.runTestMethod(ParameterisedTestMethodRunner.java:41)
	at junitparams.internal.ParameterisedTestClassRunner.runParameterisedTest(ParameterisedTestClassRunner.java:143)
	at junitparams.JUnitParamsRunner.runChild(JUnitParamsRunner.java:237)
	at junitparams.JUnitParamsRunner.runChild(JUnitParamsRunner.java:215)
	at org.junit.runners.ParentRunner$3.run(ParentRunner.java:193)
	at org.junit.runners.ParentRunner$1.schedule(ParentRunner.java:52)
	at org.junit.runners.ParentRunner.runChildren(ParentRunner.java:191)
	at org.junit.runners.ParentRunner.access$000(ParentRunner.java:42)
	at org.junit.runners.ParentRunner$2.evaluate(ParentRunner.java:184)
	at org.junit.runners.ParentRunner.run(ParentRunner.java:236)
	at junit.framework.JUnit4TestAdapter.run(JUnit4TestAdapter.java:39)
	at org.apache.tools.ant.taskdefs.optional.junit.JUnitTestRunner.run(JUnitTestRunner.java:535)
	at org.apache.tools.ant.taskdefs.optional.junit.JUnitTestRunner.launch(JUnitTestRunner.java:1182)
	at org.apache.tools.ant.taskdefs.optional.junit.JUnitTestRunner.main(JUnitTestRunner.java:1033)
Caused by: java.lang.RuntimeException: ptolemy.kernel.util.InternalErrorException: Failed to get the model directory? This can happen in a headless environment when the model attempts to interact with the graphical display.  It can also happen when the model fails to parse because of a missing class.
	at ptolemy.vergil.basic.export.ExportModel$1.run(ExportModel.java:223)
	at java.awt.event.InvocationEvent.dispatch(InvocationEvent.java:301)
	at java.awt.EventQueue.dispatchEventImpl(EventQueue.java:756)
	at java.awt.EventQueue.access$500(EventQueue.java:97)
	at java.awt.EventQueue$3.run(EventQueue.java:709)
	at java.awt.EventQueue$3.run(EventQueue.java:703)
	at java.security.AccessController.doPrivileged(Native Method)
	at java.security.ProtectionDomain$JavaSecurityAccessImpl.doIntersectionPrivilege(ProtectionDomain.java:80)
	at java.awt.EventQueue.dispatchEvent(EventQueue.java:726)
	at java.awt.EventDispatchThread.pumpOneEventForFilters(EventDispatchThread.java:201)
	at java.awt.EventDispatchThread.pumpEventsForFilter(EventDispatchThread.java:116)
	at java.awt.EventDispatchThread.pumpEventsForHierarchy(EventDispatchThread.java:105)
	at java.awt.EventDispatchThread.pumpEvents(EventDispatchThread.java:101)
	at java.awt.EventDispatchThread.pumpEvents(EventDispatchThread.java:93)
	at java.awt.EventDispatchThread.run(EventDispatchThread.java:82)
Caused by: ptolemy.kernel.util.InternalErrorException: Failed to get the model directory? This can happen in a headless environment when the model attempts to interact with the graphical display.  It can also happen when the model fails to parse because of a missing class.
	at ptolemy.actor.gui.ConfigurationApplication.models(ConfigurationApplication.java:548)
	at ptolemy.actor.gui.ConfigurationApplication.openModelOrEntity(ConfigurationApplication.java:698)
	at ptolemy.vergil.basic.export.ExportModel$1.run(ExportModel.java:220)
	... 14 more
TransformationEditor: Ignoring clone of .Utilities beause we don't known how to import it. Exception was: ptolemy.kernel.util.NameDuplicationException: Attempt to insert object named "Utilities" into container named ".library", which already contains an object with that name.
TransformationEditor: Ignoring clone of .Directors beause we don't known how to import it. Exception was: ptolemy.kernel.util.NameDuplicationException: Attempt to insert object named "Directors" into container named ".library", which already contains an object with that name.
TransformationEditor: Ignoring clone of .Actors beause we don't known how to import it. Exception was: ptolemy.kernel.util.NameDuplicationException: Attempt to insert object named "Actors" into container named ".library", which already contains an object with that name.
TransformationEditor: Ignoring clone of .MoreLibraries beause we don't known how to import it. Exception was: ptolemy.kernel.util.NameDuplicationException: Attempt to insert object named "MoreLibraries" into container named ".library", which already contains an object with that name.
TransformationEditor: Ignoring clone of .Utilities beause we don't known how to import it. Exception was: ptolemy.kernel.util.NameDuplicationException: Attempt to insert object named "Utilities" into container named ".library", which already contains an object with that name.
TransformationEditor: Ignoring clone of .Directors beause we don't known how to import it. Exception was: ptolemy.kernel.util.NameDuplicationException: Attempt to insert object named "Directors" into container named ".library", which already contains an object with that name.
TransformationEditor: Ignoring clone of .Actors beause we don't known how to import it. Exception was: ptolemy.kernel.util.NameDuplicationException: Attempt to insert object named "Actors" into container named ".library", which already contains an object with that name.
TransformationEditor: Ignoring clone of .MoreLibraries beause we don't known how to import it. Exception was: ptolemy.kernel.util.NameDuplicationException: Attempt to insert object named "MoreLibraries" into container named ".library", which already contains an object with that name.
TransformationEditor: Ignoring clone of .Utilities beause we don't known how to import it. Exception was: ptolemy.kernel.util.NameDuplicationException: Attempt to insert object named "Utilities" into container named ".library", which already contains an object with that name.
TransformationEditor: Ignoring clone of .Directors beause we don't known how to import it. Exception was: ptolemy.kernel.util.NameDuplicationException: Attempt to insert object named "Directors" into container named ".library", which already contains an object with that name.
TransformationEditor: Ignoring clone of .Actors beause we don't known how to import it. Exception was: ptolemy.kernel.util.NameDuplicationException: Attempt to insert object named "Actors" into container named ".library", which already contains an object with that name.
TransformationEditor: Ignoring clone of .MoreLibraries beause we don't known how to import it. Exception was: ptolemy.kernel.util.NameDuplicationException: Attempt to insert object named "MoreLibraries" into container named ".library", which already contains an object with that name.
TransformationEditor: Ignoring clone of .Utilities beause we don't known how to import it. Exception was: ptolemy.kernel.util.NameDuplicationException: Attempt to insert object named "Utilities" into container named ".library", which already contains an object with that name.
TransformationEditor: Ignoring clone of .Directors beause we don't known how to import it. Exception was: ptolemy.kernel.util.NameDuplicationException: Attempt to insert object named "Directors" into container named ".library", which already contains an object with that name.
TransformationEditor: Ignoring clone of .Actors beause we don't known how to import it. Exception was: ptolemy.kernel.util.NameDuplicationException: Attempt to insert object named "Actors" into container named ".library", which already contains an object with that name.
TransformationEditor: Ignoring clone of .MoreLibraries beause we don't known how to import it. Exception was: ptolemy.kernel.util.NameDuplicationException: Attempt to insert object named "MoreLibraries" into container named ".library", which already contains an object with that name.
]]></system-err>
</testsuite>
