<?xml version="1.0" encoding="UTF-8" ?>
<testsuite errors="0" failures="0" hostname="travis-job-5b16b9eb-3e02-4f67-b450-a5c373700437" name="ptolemy.domains.de.test.junit.JUnitTclTest" skipped="0" tests="101" time="147.395" timestamp="2018-05-25T01:17:49">
  <properties>
    <property name="npm.executable" value="npm" />
    <property name="file.encoding.pkg" value="sun.io" />
    <property name="ptII.mk.exists" value="true" />
    <property name="env.rvm_bin_path" value="/home/travis/.rvm/bin" />
    <property name="java.home" value="/usr/lib/jvm/java-8-oracle/jre" />
    <property name="env.TRAVIS_JOB_NUMBER" value="475.8" />
    <property name="env.DISPLAY" value=":99.0" />
    <property name="java.net.preferIPv4Stack" value="true" />
    <property name="env.SSH_TTY" value="/dev/pts/0" />
    <property name="env.RUN_TESTS" value="false" />
    <property name="timeout.short" value="1000000" />
    <property name="env.TRAVIS_STACK_NODE_ATTRIBUTES" value="/.node-attributes.yml" />
    <property name="junit.formatter" value="xml" />
    <property name="java.endorsed.dirs" value="/usr/lib/jvm/java-8-oracle/jre/lib/endorsed" />
    <property name="env.TRAVIS_SUDO" value="true" />
    <property name="env.LOGNAME" value="travis" />
    <property name="jsdoc.home" value="node_modules/@terraswarm/jsdoc" />
    <property name="debuglevel" value="source,lines,vars" />
    <property name="checkstyle.formatter" value="xml" />
    <property name="bin.vergil.makeable" value="true" />
    <property name="env._system_version" value="14.04" />
    <property name="sun.os.patch.level" value="unknown" />
    <property name="java.vendor.url" value="http://java.oracle.com/" />
    <property name="java.version" value="1.8.0_151" />
    <property name="env.TZ" value="UTC" />
    <property name="env.PT_NO_NET" value="true" />
    <property name="env.TRAVIS_PULL_REQUEST_SHA" value="" />
    <property name="env.TRAVIS_SECURE_ENV_VARS" value="true" />
    <property name="env._system_type" value="Linux" />
    <property name="java.vendor.url.bug" value="http://bugreport.sun.com/bugreport/" />
    <property name="env.SSH_CLIENT" value="10.10.4.26 59660 22" />
    <property name="npmjs-org-is-up" value="true" />
    <property name="env.GEM_HOME" value="/home/travis/.rvm/gems/ruby-2.4.1" />
    <property name="env.HAS_ANTARES_THREE_LITTLE_FRONZIES_BADGE" value="true" />
    <property name="env.PS4" value="+" />
    <property name="ant.project.invoked-targets" value="build,test.core2.xml" />
    <property name="env.TRAVIS_PULL_REQUEST_BRANCH" value="" />
    <property name="env.TRAVIS_REPO_SLUG" value="icyphy/ptII" />
    <property name="node.in.path" value="true" />
    <property name="java.maxmemory" value="1400m" />
    <property name="env.RUBY_VERSION" value="ruby-2.4.1" />
    <property name="user.name" value="travis" />
    <property name="env.LANG" value="en_US.UTF-8" />
    <property name="sun.io.unicode.encoding" value="UnicodeLittle" />
    <property name="sun.jnu.encoding" value="UTF-8" />
    <property name="java.runtime.name" value="Java(TM) SE Runtime Environment" />
    <property name="usefile" value="false" />
    <property name="return.code" value="0" />
    <property name="junit.single.formatter" value="plain" />
    <property name="env.DYLD_LIBRARY_PATH" value="/home/travis/pthla/certi-tools/lib:" />
    <property name="env.DEBIAN_FRONTEND" value="noninteractive" />
    <property name="env.SSH_CONNECTION" value="10.10.4.26 59660 10.20.1.65 22" />
    <property name="env.MYSQL_UNIX_PORT" value="/var/run/mysqld/mysqld.sock" />
    <property name="env.TRAVIS_ALLOW_FAILURE" value="false" />
    <property name="env.LC_ALL" value="en_US.UTF-8" />
    <property name="java.specification.name" value="Java Platform API Specification" />
    <property name="node.works" value="true" />
    <property name="user.timezone" value="" />
    <property name="path.separator" value=":" />
    <property name="env.PYTHON_CFLAGS" value="-g -fstack-protector --param=ssp-buffer-size=4 -Wformat -Werror=format-security" />
    <property name="timeout.long" value="4000000" />
    <property name="env.CERTI_HOME" value="/home/travis/pthla/certi-tools" />
    <property name="file.encoding" value="UTF-8" />
    <property name="ant.file.ptII" value="/home/travis/build/icyphy/ptII/build.xml" />
    <property name="javadoc.packagenames" value="com.*,diva.*,lbnl.*,org.hlacerti.*,org.json.*,org.ptolemy.*,org.terraswarm.*,ptolemy.*,ptserver.*" />
    <property name="env.TRAVIS_PULL_REQUEST_SLUG" value="" />
    <property name="ant.project.default-target" value="build" />
    <property name="env.GIT_ASKPASS" value="echo" />
    <property name="env.HOME" value="/home/travis" />
    <property name="sun.java.command" value="org.apache.tools.ant.taskdefs.optional.junit.JUnitTestRunner ptolemy.domains.de.test.junit.JUnitTclTest skipNonTests=false filtertrace=true haltOnError=false haltOnFailure=false formatter=org.apache.tools.ant.taskdefs.optional.junit.OutErrSummaryJUnitResultFormatter showoutput=true outputtoformatters=true logfailedtests=true threadid=0 logtestlistenerevents=false formatter=org.apache.tools.ant.taskdefs.optional.junit.XMLJUnitResultFormatter,/home/travis/build/icyphy/ptII/reports/junit/TEST-ptolemy.domains.de.test.junit.JUnitTclTest.xml crashfile=/home/travis/build/icyphy/ptII/junitvmwatcher4298214707713094192.properties propsfile=/home/travis/build/icyphy/ptII/junit1869220892976712873.properties" />
    <property name="env.MANPATH" value="/home/travis/.nvm/versions/node/v7.10.1/share/man:/home/travis/.kiex/elixirs/elixir-1.4.5/man:/home/travis/.rvm/rubies/ruby-2.4.1/share/man:/usr/local/man:/usr/local/cmake-3.9.2/man:/usr/local/clang-5.0.0/share/man:/usr/local/share/man:/usr/share/man:/home/travis/.rvm/man" />
    <property name="env.COMPOSER_NO_INTERACTION" value="1" />
    <property name="env.JDK_SWITCHER_DEFAULT" value="oraclejdk8" />
    <property name="ant.file" value="/home/travis/build/icyphy/ptII/build.xml" />
    <property name="env.TRAVIS_COMMIT_RANGE" value="84ca49783f9cc3027201c2c6df9ae56d24f6ee44...5c457a9b3383da50660ead4774e5ba5017e1d64f" />
    <property name="env._system_name" value="Ubuntu" />
    <property name="timeout" value="2400000" />
    <property name="ptII.classpath.optional.property" value="/home/travis/build/icyphy/ptII/lib/bsh-2.0b4.jar:/home/travis/build/icyphy/ptII/lib/ptCal.jar:/home/travis/build/icyphy/ptII/lib/java_cup.jar:/home/travis/build/icyphy/ptII/lib/saxon8.jar:/home/travis/build/icyphy/ptII/lib/saxon8-dom.jar:/home/travis/build/icyphy/ptII/lib/chic.jar:/home/travis/build/icyphy/ptII/lib/ptcolt.jar:/usr/lib/jvm/java-8-oracle/lib/tools.jar:/usr/lib/eclipse/plugins/org.eclipse.jdt.core_3.8.2.dist.jar:/usr/lib/eclipse/plugins/org.eclipse.core.runtime_3.8.0.dist.jar:/usr/lib/eclipse/plugins/org.eclipse.osgi_3.8.1.dist.jar:/usr/lib/eclipse/plugins/org.eclipse.core.resources_3.8.1.dist.jar:/usr/lib/eclipse/plugins/org.eclipse.equinox.common_3.6.100.dist.jar:/usr/lib/eclipse/plugins/org.eclipse.core.jobs_3.5.200.dist.jar:/usr/lib/eclipse/plugins/org.eclipse.core.contenttype_3.4.200.dist.jar:/usr/lib/eclipse/plugins/org.eclipse.equinox.preferences_3.5.0.dist.jar:/usr/lib/eclipse/plugins/org.eclipse.text_3.5.200.dist.jar:/usr/lib/eclipse/plugins/org.eclipse.ui.workbench_3.8.1.dist.jar:/usr/lib/eclipse/plugins/org.eclipse.jface_3.8.0.dist.jar:/usr/lib/eclipse/plugins/org.eclipse.swt_3.8.2.jar:/usr/lib/eclipse/plugins/org.eclipse.jface.text_3.8.1.dist.jar:/usr/lib/eclipse/plugins/org.eclipse.ui.workbench.texteditor_3.8.0.dist.jar:/usr/lib/eclipse/plugins/org.eclipse.ui.editors_3.8.0.dist.jar:/usr/lib/eclipse/plugins/org.eclipse.core.commands_3.6.1.dist.jar:/usr/lib/eclipse/plugins/org.eclipse.equinox.registry_3.5.200.dist.jar:/usr/lib/eclipse/plugins/org.eclipse.ui.console_3.5.100.dist.jar:/usr/lib/eclipse/plugins/org.eclipse.ui.forms_3.5.200.dist.jar:/usr/lib/eclipse/plugins/org.eclipse.ui.ide_3.8.1.dist.jar:/home/travis/build/icyphy/ptII/vendors/oracle/dbxml.jar:/home/travis/build/icyphy/ptII/vendors/oracle/db.jar:/home/travis/build/icyphy/ptII/vendors/misc/itext/iText.jar:/home/travis/build/icyphy/ptII/lib/g4ltl.jar:/home/travis/build/icyphy/ptII/lib/StructuralCoder.jar:/home/travis/build/icyphy/ptII/lib/org-openide-util.jar:/home/travis/build/icyphy/ptII/lib/org-openide-util-lookup.jar:/home/travis/build/icyphy/ptII/lib/org-netbeans-api-visual.jar:/home/travis/build/icyphy/ptII/vendors/jai-1_1_2_01/lib/jai_core.jar:/home/travis/build/icyphy/ptII/vendors/jai-1_1_2_01/lib/jai_codec.jar:/home/travis/build/icyphy/ptII/lib/jcerti.jar:/home/travis/build/icyphy/ptII/lib/smack.jar:/home/travis/build/icyphy/ptII/lib/smackx.jar:/home/travis/build/icyphy/ptII/lib/jetty-all-8.1.5-v20120716.jar:/home/travis/build/icyphy/ptII/lib/javax.servlet-api-3.0.1.jar:/home/travis/build/icyphy/ptII/lib/javax.mail.jar:/home/travis/build/icyphy/ptII/vendors/JMF-2.1.1e/lib/jmf.jar:/home/travis/build/icyphy/ptII/lib/jna-4.0.0-variadic.jar:/home/travis/build/icyphy/ptII/vendors/misc/joystick/Joystick.jar:/home/travis/build/icyphy/ptII/lib/ptjacl.jar:/home/travis/build/icyphy/ptII/lib/jsoup-1.8.2.jar:/home/travis/build/icyphy/ptII/lib/junit-4.8.2.jar:/home/travis/build/icyphy/ptII/lib/JUnitParams-0.4.0.jar:/home/travis/build/icyphy/ptII/ptolemy/actor/lib/excel/jxl.jar:/home/travis/build/icyphy/ptII/lib/jython.jar:/home/travis/build/icyphy/ptII/lib/kieler.jar:/home/travis/build/icyphy/ptII/vendors/opencv/share/OpenCV/java/opencv-341.jar:/home/travis/build/icyphy/ptII/lib/oscP5.jar:/home/travis/build/icyphy/ptII/lib/nrjavaserial-3.11.0.devel.jar:/usr/share/java/j3dcore.jar:/usr/share/java/j3dutils.jar:/usr/share/java/vecmath.jar:/home/travis/build/icyphy/ptII/ptolemy/distributed/jini/jar/jini-core.jar:/home/travis/build/icyphy/ptII/ptolemy/distributed/jini/jar/jini-ext.jar:/home/travis/build/icyphy/ptII/ptolemy/distributed/jini/jar/sun-util.jar:/home/travis/build/icyphy/ptII/lib/protobuf-java-2.4.1.jar:/home/travis/build/icyphy/ptII/lib/org.eclipse.paho.client.mqttv3.jar:/home/travis/build/icyphy/ptII/ptserver/lib/hessian-4.0.7.jar:/home/travis/build/icyphy/ptII/ptserver/lib/wmqtt.jar:/home/travis/build/icyphy/ptII/lib/mapss.jar:/home/travis/build/icyphy/ptII/ptolemy/actor/ptalon/antlr/antlr.jar:/home/travis/build/icyphy/ptII/lib/JRI.jar:/home/travis/build/icyphy/ptII/lib/commons-lang-2.6.jar:/home/travis/build/icyphy/ptII/lib/commons-logging-1.1.1.jar:/home/travis/build/icyphy/ptII/lib/sootclasses.jar:/home/travis/build/icyphy/ptII/ptolemy/actor/lib/database/mysql-connector-java-5.1.6-bin.jar:/home/travis/build/icyphy/ptII/vendors/misc/sphinx4/sphinx4-data-5prealpha.jar:/home/travis/build/icyphy/ptII/vendors/misc/sphinx4/sphinx4-core-5prealpha.jar:/home/travis/build/icyphy/ptII/lib/PDFRenderer.jar:/home/travis/build/icyphy/ptII/lib/svgSalamander.jar:/home/travis/build/icyphy/ptII/lib/rsyntaxtextarea-2.6.0-SNAPSHOT.jar:/home/travis/build/icyphy/ptII/lib/hazelcast-3.8.2.jar:/home/travis/build/icyphy/ptII/lib/jackson-annotations-2.9.0.jar:/home/travis/build/icyphy/ptII/lib/jackson-core-2.9.3.jar:/home/travis/build/icyphy/ptII/lib/jackson-databind-2.9.3.jar:/home/travis/build/icyphy/ptII/lib/netty-buffer-4.1.19.Final.jar:/home/travis/build/icyphy/ptII/lib/netty-codec-4.1.19.Final.jar:/home/travis/build/icyphy/ptII/lib/netty-codec-dns-4.1.19.Final.jar:/home/travis/build/icyphy/ptII/lib/netty-codec-http-4.1.19.Final.jar:/home/travis/build/icyphy/ptII/lib/netty-codec-http2-4.1.19.Final.jar:/home/travis/build/icyphy/ptII/lib/netty-common-4.1.19.Final.jar:/home/travis/build/icyphy/ptII/lib/netty-handler-4.1.19.Final.jar:/home/travis/build/icyphy/ptII/lib/netty-resolver-4.1.19.Final.jar:/home/travis/build/icyphy/ptII/lib/netty-resolver-dns-4.1.19.Final.jar:/home/travis/build/icyphy/ptII/lib/netty-transport-4.1.19.Final.jar:/home/travis/build/icyphy/ptII/lib/vertx-codegen-3.5.1.jar:/home/travis/build/icyphy/ptII/lib/vertx-core-3.5.2-SNAPSHOT.jar:/home/travis/build/icyphy/ptII/lib/vertx-hazelcast-3.5.1.jar:/home/travis/build/icyphy/ptII/lib/vertx-lang-js-3.5.1.jar:/home/travis/build/icyphy/ptII/lib/vertx-service-proxy-3.5.1.jar:/home/travis/build/icyphy/ptII/lib/vertx-web-3.5.1.jar:/home/travis/build/icyphy/ptII/lib/slf4j-api-1.7.13.jar:/home/travis/build/icyphy/ptII/lib/slf4j-simple-1.7.13.jar:/home/travis/build/icyphy/ptII/lib/webcam-capture-0.3.12.jar:/home/travis/build/icyphy/ptII/lib/bridj-0.7.0.jar:/home/travis/build/icyphy/ptII/lib/xbjlib-1.1.0.nrjavaserial.jar" />
    <property name="test.batch" value="**/junit/*.java" />
    <property name="env._" value="/usr/bin/timeout" />
    <property name="java.io.tmpdir" value="/tmp" />
    <property name="user.language" value="en" />
    <property name="env.HISTCONTROL" value="ignoredups:ignorespace" />
    <property name="env.GOROOT" value="/home/travis/.gimme/versions/go1.7.4.linux.amd64" />
    <property name="line.separator" value="&#xa;" />
    <property name="target" value="1.8" />
    <property name="env.TRAVIS_BUILD_DIR" value="/home/travis/build/icyphy/ptII" />
    <property name="env.ANT_OPTS" value="-Xmx2048m" />
    <property name="ant.file.type" value="file" />
    <property name="ptolemy.ptII.batchMode" value="true" />
    <property name="env.HISTSIZE" value="1000" />
    <property name="env.MERB_ENV" value="test" />
    <property name="java.vm.info" value="mixed mode" />
    <property name="source" value="1.8" />
    <property name="java.vm.specification.name" value="Java Virtual Machine Specification" />
    <property name="env.TRAVIS_TEST_RESULT" value="0" />
    <property name="jsdoc.command" value="node_modules/@terraswarm/jsdoc/jsdoc.js" />
    <property name="npm.works" value="true" />
    <property name="cobertura.dir" value="/home/travis/build/icyphy/ptII/vendors/cobertura-2.0.3" />
    <property name="env.rvm_path" value="/home/travis/.rvm" />
    <property name="env.GEM_PATH" value="/home/travis/.rvm/gems/ruby-2.4.1:/home/travis/.rvm/gems/ruby-2.4.1@global" />
    <property name="env.LC_CTYPE" value="en_US.UTF-8" />
    <property name="java.awt.printerjob" value="sun.print.PSPrinterJob" />
    <property name="env.TRAVIS_STACK_NAME" value="garnet" />
    <property name="ant.version" value="Apache Ant(TM) version 1.10.1 compiled on February 2 2017" />
    <property name="ptII.reports" value="/home/travis/build/icyphy/ptII/reports" />
    <property name="env.TRAVIS_STACK_TIMESTAMP" value="2017-12-05 19:33:09 UTC" />
    <property name="ant.file.type.ptII" value="file" />
    <property name="env.RBENV_SHELL" value="bash" />
    <property name="os.name" value="Linux" />
    <property name="java.specification.vendor" value="Oracle Corporation" />
    <property name="env.rvm_version" value="1.29.3 (latest)" />
    <property name="env.TERM" value="xterm" />
    <property name="java.vm.name" value="Java HotSpot(TM) 64-Bit Server VM" />
    <property name="env.TRAVIS_BUILD_NUMBER" value="475" />
    <property name="env.CI" value="true" />
    <property name="java.library.path" value="/home/travis/pthla/certi-tools/lib:/usr/lib/jni:/usr/local/share/OpenCV/java/:/usr/share/OpenCV/java::/usr/java/packages/lib/amd64:/usr/lib64:/lib64:/lib:/usr/lib" />
    <property name="env.rvm_prefix" value="/home/travis" />
    <property name="env.PATH" value="/home/travis/pthla/certi-tools/share/scripts:/home/travis/.rvm/gems/ruby-2.4.1/bin:/home/travis/.rvm/gems/ruby-2.4.1@global/bin:/home/travis/.rvm/rubies/ruby-2.4.1/bin:/home/travis/.rvm/bin:/home/travis/.nvm/versions/node/v7.10.1/bin:./node_modules/.bin:/home/travis/build/icyphy/ptII/bin:/home/travis/pthla/certi-tools/bin:/home/travis/bin:/home/travis/.local/bin:/opt/pyenv/shims:/home/travis/.phpenv/shims:/home/travis/perl5/perlbrew/bin:/home/travis/.kiex/elixirs/elixir-1.4.5/bin:/home/travis/.kiex/bin:/home/travis/gopath/bin:/home/travis/.gimme/versions/go1.7.4.linux.amd64/bin:/usr/local/phantomjs/bin:/usr/local/phantomjs:/usr/local/neo4j-3.2.7/bin:/usr/local/maven-3.5.2/bin:/usr/local/cmake-3.9.2/bin:/usr/local/clang-5.0.0/bin:/usr/local/sbin:/usr/local/bin:/usr/sbin:/usr/bin:/sbin:/bin:/home/travis/.phpenv/bin:/opt/pyenv/bin:/home/travis/.yarn/bin" />
    <property name="env.TRAVIS_OS_NAME" value="linux" />
    <property name="ant.java.version" value="1.8" />
    <property name="basedir" value="/home/travis/build/icyphy/ptII" />
    <property name="java.class.version" value="52.0" />
    <property name="env.SHLVL" value="3" />
    <property name="env.LD_LIBRARY_PATH" value="/home/travis/pthla/certi-tools/lib:/usr/lib/jni:/usr/local/share/OpenCV/java/:/usr/share/OpenCV/java:" />
    <property name="env.RACK_ENV" value="test" />
    <property name="ant.home" value="/home/travis/build/icyphy/ptII/ant" />
    <property name="env.NVM_DIR" value="/home/travis/.nvm" />
    <property name="env.PERLBREW_BASHRC_VERSION" value="0.80" />
    <property name="env.CERTI_FOM_PATH" value="/home/travis/pthla/certi-tools/share/federations" />
    <property name="env.TRAVIS_BUILD_ID" value="383478393" />
    <property name="env.PYENV_ROOT" value="/opt/pyenv" />
    <property name="env.TRAVIS_UID" value="2000" />
    <property name="env.rvm_pretty_print_flag" value="auto" />
    <property name="env.NVM_BIN" value="/home/travis/.nvm/versions/node/v7.10.1/bin" />
    <property name="env.TRAVIS_COMMIT" value="5c457a9b3383da50660ead4774e5ba5017e1d64f" />
    <property name="env._system_arch" value="x86_64" />
    <property name="node.executable" value="node" />
    <property name="sun.boot.library.path" value="/usr/lib/jvm/java-8-oracle/jre/lib/amd64" />
    <property name="sun.management.compiler" value="HotSpot 64-Bit Tiered Compilers" />
    <property name="env.GOPATH" value="/home/travis/gopath" />
    <property name="java.awt.graphicsenv" value="sun.awt.X11GraphicsEnvironment" />
    <property name="ptolemy.ptII.dir" value="/home/travis/build/icyphy/ptII" />
    <property name="env.USER" value="travis" />
    <property name="env.HISTFILESIZE" value="2000" />
    <property name="timeout.longest" value="19000000" />
    <property name="env.TRAVIS_STACK_FEATURES" value="basic cassandra chromium couchdb disabled-ipv6 docker docker-compose elasticsearch firefox go-toolchain google-chrome jdk memcached mongodb mysql neo4j nodejs_interpreter perl_interpreter perlbrew phantomjs postgresql python_interpreter rabbitmq redis riak ruby_interpreter sqlite xserver" />
    <property name="env.TRAVIS_PULL_REQUEST" value="false" />
    <property name="env.PYENV_SHELL" value="bash" />
    <property name="ant.project.name" value="ptII" />
    <property name="java.vm.specification.version" value="1.8" />
    <property name="env.CERTI_VERSION" value="4.0.0" />
    <property name="env.NLSPATH" value="/usr/dt/lib/nls/msg/%L/%N.cat" />
    <property name="awt.toolkit" value="sun.awt.X11.XToolkit" />
    <property name="env.CERTI_HOST" value="localhost" />
    <property name="env.MY_RUBY_HOME" value="/home/travis/.rvm/rubies/ruby-2.4.1" />
    <property name="sun.cpu.isalist" value="" />
    <property name="java.ext.dirs" value="/usr/lib/jvm/java-8-oracle/jre/lib/ext:/usr/java/packages/lib/ext" />
    <property name="os.version" value="4.4.0-101-generic" />
    <property name="user.home" value="/home/travis" />
    <property name="env.MIX_ARCHIVES" value="/home/travis/.kiex/mix/elixir-1.4.5" />
    <property name="java.vm.vendor" value="Oracle Corporation" />
    <property name="env.TRAVIS_TAG" value="nightly" />
    <property name="env.TRAVIS_FILTERED" value="redirect_io" />
    <property name="javadoc.excludepackagenames" value="adm.cvs2svn.*,build.*,config.*,doc.coding.templates.*,jni.test.jni.meaningOfLife.*,jni.test.jni.testDeux.*,jni.test.jni.testTrois.*,org.terraswarm.accessor.accessors.web.node_modules.*,org.terraswarm.accessor.accessors.web.hosts.cordova.demo.*,org.terraswarm.accessor.accessors.web.hosts.cordova.plugins.*,org.terraswarm.accessor.accessors-svn.*,pt-modules.*,ptolemy.apps.agilent.*,ptolemy.apps.anytimecontrol.*,ptolemy.apps.apes.*,ptolemy.apps.charon.*,ptolemy.apps.crazyboard.*,ptolemy.apps.eclipse.*,ptolemy.apps.etherealSting.*,ptolemy.apps.fullscreen.*,ptolemy.apps.giotto.*,ptolemy.apps.ia.*,ptolemy.apps.interfaces.*,ptolemy.apps.jmf.*,ptolemy.apps.kurt.*,ptolemy.apps.kvm.*,ptolemy.apps.lego.*,ptolemy.apps.lejos.*,ptolemy.apps.midp.*,ptolemy.apps.mobileCoding.*,ptolemy.apps.pendulum.*,ptolemy.apps.rijndael.*,ptolemy.apps.robot.*,ptolemy.apps.security.*,ptolemy.apps.sobel.*,ptolemy.apps.soot.*,ptolemy.apps.throttle.*,ptolemy.apps.tini.*,ptolemy.apps.transmission.*,ptolemy.apps.vergil.*,ptolemy.apps.waba.*,ptolemy.apps.websensor.*,ptolemy.apps.webstart.*,ptolemy.apps.xsl.*,ptolemy.apps.zaurus.*,ptolemy.backtrack.eclipse.plugin.*,ptolemy.backtrack.test.*,ptolemy.codegen.c.actor.lib.oldJavaFiles.*,ptolemy.codegen.dsp.lib.*,ptolemy.codegen.kernel.newInterfaces.*,ptolemy.codegen.lib.*,ptolemy.copernicus.kernel.fragment.*,ptolemy.copernicus.shallow.cg.*,ptolemy.domains.giotto.demo.Hierarchy.Hierarchy.*,ptolemy.domains.giotto.demo.Multimode.Multimode.*,ptolemy.domains.giotto.demo.Simple.Simple.*,ptolemy.domains.gr.lib.experimental.*,ptolemy.domains.gro.*,ptolemy.domains.pdf.*,ptolemy.domains.ptinyos.demo.Surge.output.*,ptolemy.moml.test.NoPackageActor.java*,ptolemy.plot.adm.*,ptolemy.plot.servlet.*,reports.*,signed.*,src.*,target.*,vendors.*,ptolemy.cg.adapter.generic.program.procedural.c.mbed*,ptolemy.actor.lib.fmi.fmus.omc*,ptolemy.domains.openmodelica*,ptdb.kernel.bl.save.test.*,ptdb.kernel.bl.load.test.*,ptdb.kernel.bl.search.test.*,ptdb.kernel.bl.migration.test.*,ptdb.kernel.database.test.*,ptdb.test.*,ptdb.gui.test.*,org.ptolemy.scala.*,diva.util.java2d.svg.*,ptolemy.domains.ptinyos.*,ptolemy.actor.lib.fmi.fmipp.*,,org.terraswarm.accessor.accessors.web.node_modules.*,org.terraswarm.accessor.accessors-svn,ptolemy.actor.ptalon.demo.ptinyos.SendAndReceiveCnt.output,ptolemy.actor.ptalon.demo.ptinyos.SenseToLeds.output,ptolemy.domains.ptinyos.demo.CntToLedsAndRfm.output,ptolemy.domains.ptinyos.demo.RfmToLeds.output,ptolemy.domains.ptinyos.demo.SendAndReceiveCnt.output,ptolemy.domains.ptinyos.demo.SenseToLeds.output" />
    <property name="env.JAVA_HOME" value="/usr/lib/jvm/java-8-oracle" />
    <property name="env.PTII" value="/home/travis/build/icyphy/ptII" />
    <property name="env.TRAVIS_COMMIT_MESSAGE" value="test.single: test.name should be a classpath." />
    <property name="keystore" value="ptKeystore" />
    <property name="env.XDG_SESSION_ID" value="2" />
    <property name="junit.output.dir" value="/home/travis/build/icyphy/ptII/reports/junit" />
    <property name="npm.return.code" value="0" />
    <property name="user.dir" value="/home/travis/build/icyphy/ptII/ptolemy/domains/de/test" />
    <property name="env.TRAVIS_NODE_VERSION" value="7" />
    <property name="env.XFILESEARCHPATH" value="/usr/dt/app-defaults/%L/Dt" />
    <property name="env.TRAVIS_EVENT_TYPE" value="cron" />
    <property name="env.MAIL" value="/var/mail/travis" />
    <property name="env.PWD" value="/home/travis/build/icyphy/ptII" />
    <property name="env.PERLBREW_ROOT" value="/home/travis/perl5/perlbrew" />
    <property name="timeout.npm" value="45000" />
    <property name="env.PT_TRAVIS_TEST_CORE2_XML" value="true" />
    <property name="env.PAGER" value="cat" />
    <property name="sun.cpu.endian" value="little" />
    <property name="env.TRAVIS_BUILD_STAGE_NAME" value="Test" />
    <property name="env.PERLBREW_HOME" value="/home/travis/.perlbrew" />
    <property name="env.RAILS_ENV" value="test" />
    <property name="java.vm.version" value="25.151-b12" />
    <property name="java.class.path" value="/home/travis/build/icyphy/ptII:/home/travis/build/icyphy/ptII/lib/bsh-2.0b4.jar:/home/travis/build/icyphy/ptII/lib/ptCal.jar:/home/travis/build/icyphy/ptII/lib/java_cup.jar:/home/travis/build/icyphy/ptII/lib/saxon8.jar:/home/travis/build/icyphy/ptII/lib/saxon8-dom.jar:/home/travis/build/icyphy/ptII/lib/chic.jar:/home/travis/build/icyphy/ptII/lib/ptcolt.jar:/usr/lib/jvm/java-8-oracle/lib/tools.jar:/usr/lib/eclipse/plugins/org.eclipse.jdt.core_3.8.2.dist.jar:/usr/lib/eclipse/plugins/org.eclipse.core.runtime_3.8.0.dist.jar:/usr/lib/eclipse/plugins/org.eclipse.osgi_3.8.1.dist.jar:/usr/lib/eclipse/plugins/org.eclipse.core.resources_3.8.1.dist.jar:/usr/lib/eclipse/plugins/org.eclipse.equinox.common_3.6.100.dist.jar:/usr/lib/eclipse/plugins/org.eclipse.core.jobs_3.5.200.dist.jar:/usr/lib/eclipse/plugins/org.eclipse.core.contenttype_3.4.200.dist.jar:/usr/lib/eclipse/plugins/org.eclipse.equinox.preferences_3.5.0.dist.jar:/usr/lib/eclipse/plugins/org.eclipse.text_3.5.200.dist.jar:/usr/lib/eclipse/plugins/org.eclipse.ui.workbench_3.8.1.dist.jar:/usr/lib/eclipse/plugins/org.eclipse.jface_3.8.0.dist.jar:/usr/lib/eclipse/plugins/org.eclipse.swt_3.8.2.jar:/usr/lib/eclipse/plugins/org.eclipse.jface.text_3.8.1.dist.jar:/usr/lib/eclipse/plugins/org.eclipse.ui.workbench.texteditor_3.8.0.dist.jar:/usr/lib/eclipse/plugins/org.eclipse.ui.editors_3.8.0.dist.jar:/usr/lib/eclipse/plugins/org.eclipse.core.commands_3.6.1.dist.jar:/usr/lib/eclipse/plugins/org.eclipse.equinox.registry_3.5.200.dist.jar:/usr/lib/eclipse/plugins/org.eclipse.ui.console_3.5.100.dist.jar:/usr/lib/eclipse/plugins/org.eclipse.ui.forms_3.5.200.dist.jar:/usr/lib/eclipse/plugins/org.eclipse.ui.ide_3.8.1.dist.jar:/home/travis/build/icyphy/ptII/vendors/oracle/dbxml.jar:/home/travis/build/icyphy/ptII/vendors/oracle/db.jar:/home/travis/build/icyphy/ptII/vendors/misc/itext/iText.jar:/home/travis/build/icyphy/ptII/lib/g4ltl.jar:/home/travis/build/icyphy/ptII/lib/StructuralCoder.jar:/home/travis/build/icyphy/ptII/lib/org-openide-util.jar:/home/travis/build/icyphy/ptII/lib/org-openide-util-lookup.jar:/home/travis/build/icyphy/ptII/lib/org-netbeans-api-visual.jar:/home/travis/build/icyphy/ptII/vendors/jai-1_1_2_01/lib/jai_core.jar:/home/travis/build/icyphy/ptII/vendors/jai-1_1_2_01/lib/jai_codec.jar:/home/travis/build/icyphy/ptII/lib/jcerti.jar:/home/travis/build/icyphy/ptII/lib/smack.jar:/home/travis/build/icyphy/ptII/lib/smackx.jar:/home/travis/build/icyphy/ptII/lib/jetty-all-8.1.5-v20120716.jar:/home/travis/build/icyphy/ptII/lib/javax.servlet-api-3.0.1.jar:/home/travis/build/icyphy/ptII/lib/javax.mail.jar:/home/travis/build/icyphy/ptII/vendors/JMF-2.1.1e/lib/jmf.jar:/home/travis/build/icyphy/ptII/lib/jna-4.0.0-variadic.jar:/home/travis/build/icyphy/ptII/vendors/misc/joystick/Joystick.jar:/home/travis/build/icyphy/ptII/lib/ptjacl.jar:/home/travis/build/icyphy/ptII/lib/jsoup-1.8.2.jar:/home/travis/build/icyphy/ptII/lib/junit-4.8.2.jar:/home/travis/build/icyphy/ptII/lib/JUnitParams-0.4.0.jar:/home/travis/build/icyphy/ptII/ptolemy/actor/lib/excel/jxl.jar:/home/travis/build/icyphy/ptII/lib/jython.jar:/home/travis/build/icyphy/ptII/lib/kieler.jar:/home/travis/build/icyphy/ptII/vendors/opencv/share/OpenCV/java/opencv-341.jar:/home/travis/build/icyphy/ptII/lib/oscP5.jar:/home/travis/build/icyphy/ptII/lib/nrjavaserial-3.11.0.devel.jar:/usr/share/java/j3dcore.jar:/usr/share/java/j3dutils.jar:/usr/share/java/vecmath.jar:/home/travis/build/icyphy/ptII/ptolemy/distributed/jini/jar/jini-core.jar:/home/travis/build/icyphy/ptII/ptolemy/distributed/jini/jar/jini-ext.jar:/home/travis/build/icyphy/ptII/ptolemy/distributed/jini/jar/sun-util.jar:/home/travis/build/icyphy/ptII/lib/protobuf-java-2.4.1.jar:/home/travis/build/icyphy/ptII/lib/org.eclipse.paho.client.mqttv3.jar:/home/travis/build/icyphy/ptII/ptserver/lib/hessian-4.0.7.jar:/home/travis/build/icyphy/ptII/ptserver/lib/wmqtt.jar:/home/travis/build/icyphy/ptII/lib/mapss.jar:/home/travis/build/icyphy/ptII/ptolemy/actor/ptalon/antlr/antlr.jar:/home/travis/build/icyphy/ptII/lib/JRI.jar:/home/travis/build/icyphy/ptII/lib/commons-lang-2.6.jar:/home/travis/build/icyphy/ptII/lib/commons-logging-1.1.1.jar:/home/travis/build/icyphy/ptII/lib/sootclasses.jar:/home/travis/build/icyphy/ptII/ptolemy/actor/lib/database/mysql-connector-java-5.1.6-bin.jar:/home/travis/build/icyphy/ptII/vendors/misc/sphinx4/sphinx4-data-5prealpha.jar:/home/travis/build/icyphy/ptII/vendors/misc/sphinx4/sphinx4-core-5prealpha.jar:/home/travis/build/icyphy/ptII/lib/PDFRenderer.jar:/home/travis/build/icyphy/ptII/lib/svgSalamander.jar:/home/travis/build/icyphy/ptII/lib/rsyntaxtextarea-2.6.0-SNAPSHOT.jar:/home/travis/build/icyphy/ptII/lib/hazelcast-3.8.2.jar:/home/travis/build/icyphy/ptII/lib/jackson-annotations-2.9.0.jar:/home/travis/build/icyphy/ptII/lib/jackson-core-2.9.3.jar:/home/travis/build/icyphy/ptII/lib/jackson-databind-2.9.3.jar:/home/travis/build/icyphy/ptII/lib/netty-buffer-4.1.19.Final.jar:/home/travis/build/icyphy/ptII/lib/netty-codec-4.1.19.Final.jar:/home/travis/build/icyphy/ptII/lib/netty-codec-dns-4.1.19.Final.jar:/home/travis/build/icyphy/ptII/lib/netty-codec-http-4.1.19.Final.jar:/home/travis/build/icyphy/ptII/lib/netty-codec-http2-4.1.19.Final.jar:/home/travis/build/icyphy/ptII/lib/netty-common-4.1.19.Final.jar:/home/travis/build/icyphy/ptII/lib/netty-handler-4.1.19.Final.jar:/home/travis/build/icyphy/ptII/lib/netty-resolver-4.1.19.Final.jar:/home/travis/build/icyphy/ptII/lib/netty-resolver-dns-4.1.19.Final.jar:/home/travis/build/icyphy/ptII/lib/netty-transport-4.1.19.Final.jar:/home/travis/build/icyphy/ptII/lib/vertx-codegen-3.5.1.jar:/home/travis/build/icyphy/ptII/lib/vertx-core-3.5.2-SNAPSHOT.jar:/home/travis/build/icyphy/ptII/lib/vertx-hazelcast-3.5.1.jar:/home/travis/build/icyphy/ptII/lib/vertx-lang-js-3.5.1.jar:/home/travis/build/icyphy/ptII/lib/vertx-service-proxy-3.5.1.jar:/home/travis/build/icyphy/ptII/lib/vertx-web-3.5.1.jar:/home/travis/build/icyphy/ptII/lib/slf4j-api-1.7.13.jar:/home/travis/build/icyphy/ptII/lib/slf4j-simple-1.7.13.jar:/home/travis/build/icyphy/ptII/lib/webcam-capture-0.3.12.jar:/home/travis/build/icyphy/ptII/lib/bridj-0.7.0.jar:/home/travis/build/icyphy/ptII/lib/xbjlib-1.1.0.nrjavaserial.jar:/home/travis/build/icyphy/ptII/ptolemy/moml/test:/home/travis/build/icyphy/ptII/ant/lib/ant-launcher.jar:/home/travis/build/icyphy/ptII/ant/lib/ant.jar:/home/travis/build/icyphy/ptII/ant/lib/ant-junit.jar:/home/travis/build/icyphy/ptII/ant/lib/ant-junit4.jar" />
    <property name="ant.library.dir" value="/home/travis/build/icyphy/ptII/ant/lib" />
    <property name="os.arch" value="amd64" />
    <property name="env.TRAVIS_LANGUAGE" value="node_js" />
    <property name="env.CONTINUOUS_INTEGRATION" value="true" />
    <property name="env.TRAVIS_STACK_LANGUAGES" value="__garnet__ c c++ clojure cplusplus cpp default go groovy java node_js php pure_java python ruby scala" />
    <property name="test.name" value="ptolemy.actor.lib.test.junit.JUnitTclTest" />
    <property name="sun.java.launcher" value="SUN_STANDARD" />
    <property name="env.PYTHON_CONFIGURE_OPTS" value="--enable-unicode=ucs4 --with-wide-unicode --enable-shared --enable-ipv6 --enable-loadable-sqlite-extensions --with-computed-gotos" />
    <property name="ant.core.lib" value="/home/travis/build/icyphy/ptII/ant/lib/ant.jar" />
    <property name="java.vm.specification.vendor" value="Oracle Corporation" />
    <property name="env.BCVTB_HOME" value="/home/travis/build/icyphy/ptII/lbnl" />
    <property name="file.separator" value="/" />
    <property name="java.runtime.version" value="1.8.0_151-b12" />
    <property name="spotbugs.home" value="/home/travis/build/icyphy/ptII/vendors/spotbugs-3.1.1" />
    <property name="sun.boot.class.path" value="/usr/lib/jvm/java-8-oracle/jre/lib/resources.jar:/usr/lib/jvm/java-8-oracle/jre/lib/rt.jar:/usr/lib/jvm/java-8-oracle/jre/lib/sunrsasign.jar:/usr/lib/jvm/java-8-oracle/jre/lib/jsse.jar:/usr/lib/jvm/java-8-oracle/jre/lib/jce.jar:/usr/lib/jvm/java-8-oracle/jre/lib/charsets.jar:/usr/lib/jvm/java-8-oracle/jre/lib/jfr.jar:/usr/lib/jvm/java-8-oracle/jre/classes" />
    <property name="env.HAS_JOSH_K_SEAL_OF_APPROVAL" value="true" />
    <property name="env.TRAVIS_OSX_IMAGE" value="" />
    <property name="env.XDG_RUNTIME_DIR" value="/run/user/2000" />
    <property name="env.TRAVIS_BRANCH" value="master" />
    <property name="env.TRAVIS_JOB_ID" value="383478401" />
    <property name="env.CERTI_HOME_TRAVIS" value="/home/travis/pthla/certi-tools" />
    <property name="user.country" value="US" />
    <property name="env.SHELL" value="/bin/bash" />
    <property name="java.maxmemory.large" value="5000m" />
    <property name="model" value="" />
    <property name="env.CASHER_DIR" value="/home/travis/.casher" />
    <property name="env.NVM_CD_FLAGS" value="" />
    <property name="jshint.executable" value="/home/travis/node_modules/jshint/bin/jshint" />
    <property name="java.vendor" value="Oracle Corporation" />
    <property name="env.JRUBY_OPTS" value=" --client -J-XX:+TieredCompilation -J-XX:TieredStopAtLevel=1 -J-Xss2m -Xcompile.invokedynamic=false" />
    <property name="env.TRAVIS_PRE_CHEF_BOOTSTRAP_TIME" value="2017-12-05T19:32:55" />
    <property name="env.TRAVIS_STACK_JOB_BOARD_REGISTER" value="/.job-board-register.yml" />
    <property name="env.ELIXIR_VERSION" value="1.4.5" />
    <property name="java.specification.version" value="1.8" />
    <property name="env.IRBRC" value="/home/travis/.rvm/rubies/ruby-2.4.1/.irbrc" />
    <property name="env.TRAVIS" value="true" />
    <property name="sun.arch.data.model" value="64" />
  </properties>
  <testcase classname="ptolemy.util.test.junit.TclTests" name="[0] /home/travis/build/icyphy/ptII/ptolemy/domains/de/test/DependencyLoop.tcl (RunTclFile)" time="0.867" />
  <testcase classname="ptolemy.util.test.junit.TclTests" name="[1] /home/travis/build/icyphy/ptII/ptolemy/domains/de/test/RunDETestsAsQSS.tcl (RunTclFile)" time="102.926" />
  <testcase classname="ptolemy.util.test.junit.AutoKnownFailedTests" name="[0] /home/travis/build/icyphy/ptII/ptolemy/domains/de/test/auto/knownFailedTests/DESDFClockTest.xml (RunModel)" time="2.029" />
  <testcase classname="ptolemy.util.test.junit.AutoKnownFailedTests" name="[1] /home/travis/build/icyphy/ptII/ptolemy/domains/de/test/auto/knownFailedTests/DirectFeedback.xml (RunModel)" time="0.007" />
  <testcase classname="ptolemy.util.test.junit.AutoKnownFailedTests" name="[2] /home/travis/build/icyphy/ptII/ptolemy/domains/de/test/auto/knownFailedTests/FSMSource.xml (RunModel)" time="0.015" />
  <testcase classname="ptolemy.util.test.junit.AutoKnownFailedTests" name="[3] /home/travis/build/icyphy/ptII/ptolemy/domains/de/test/auto/knownFailedTests/HierarchicalModel.xml (RunModel)" time="0.039" />
  <testcase classname="ptolemy.util.test.junit.AutoKnownFailedTests" name="[4] /home/travis/build/icyphy/ptII/ptolemy/domains/de/test/auto/knownFailedTests/dependencyLoop.xml (RunModel)" time="0.037" />
  <testcase classname="ptolemy.util.test.junit.AutoKnownFailedTests" name="[5] /home/travis/build/icyphy/ptII/ptolemy/domains/de/test/auto/knownFailedTests/dependencyLoop2.xml (RunModel)" time="0.039" />
  <testcase classname="ptolemy.util.test.junit.AutoNameArchTests" name="[0] ThereAreNoAutoTests (RunModel)" time="0.006" />
  <testcase classname="ptolemy.util.test.junit.AutoTests" name="[0] /home/travis/build/icyphy/ptII/ptolemy/domains/de/test/auto/ActorDepthCalculation_actorWithoutPorts.xml (RunModel)" time="0.012" />
  <testcase classname="ptolemy.util.test.junit.AutoTests" name="[1] /home/travis/build/icyphy/ptII/ptolemy/domains/de/test/auto/AssemblyLine.xml (RunModel)" time="0.015" />
  <testcase classname="ptolemy.util.test.junit.AutoTests" name="[2] /home/travis/build/icyphy/ptII/ptolemy/domains/de/test/auto/CQBug1.xml (RunModel)" time="0.006" />
  <testcase classname="ptolemy.util.test.junit.AutoTests" name="[3] /home/travis/build/icyphy/ptII/ptolemy/domains/de/test/auto/CancelFireAt.xml (RunModel)" time="0.004" />
  <testcase classname="ptolemy.util.test.junit.AutoTests" name="[4] /home/travis/build/icyphy/ptII/ptolemy/domains/de/test/auto/CausalityAndComposabilityAnalysis.xml (RunModel)" time="0.009" />
  <testcase classname="ptolemy.util.test.junit.AutoTests" name="[5] /home/travis/build/icyphy/ptII/ptolemy/domains/de/test/auto/CausalityInterface1.xml (RunModel)" time="0.01" />
  <testcase classname="ptolemy.util.test.junit.AutoTests" name="[6] /home/travis/build/icyphy/ptII/ptolemy/domains/de/test/auto/CausalityInterface15.xml (RunModel)" time="0.011" />
  <testcase classname="ptolemy.util.test.junit.AutoTests" name="[7] /home/travis/build/icyphy/ptII/ptolemy/domains/de/test/auto/CausalityInterface2.xml (RunModel)" time="0.008" />
  <testcase classname="ptolemy.util.test.junit.AutoTests" name="[8] /home/travis/build/icyphy/ptII/ptolemy/domains/de/test/auto/CausalityInterface3.xml (RunModel)" time="0.011" />
  <testcase classname="ptolemy.util.test.junit.AutoTests" name="[9] /home/travis/build/icyphy/ptII/ptolemy/domains/de/test/auto/ClockDrift.xml (RunModel)" time="0.029" />
  <testcase classname="ptolemy.util.test.junit.AutoTests" name="[10] /home/travis/build/icyphy/ptII/ptolemy/domains/de/test/auto/ClockDriftAndValueChange.xml (RunModel)" time="0.026" />
  <testcase classname="ptolemy.util.test.junit.AutoTests" name="[11] /home/travis/build/icyphy/ptII/ptolemy/domains/de/test/auto/ClockDriftChange.xml (RunModel)" time="0.023" />
  <testcase classname="ptolemy.util.test.junit.AutoTests" name="[12] /home/travis/build/icyphy/ptII/ptolemy/domains/de/test/auto/ComposableCausalityAnalysis.xml (RunModel)" time="0.014" />
  <testcase classname="ptolemy.util.test.junit.AutoTests" name="[13] /home/travis/build/icyphy/ptII/ptolemy/domains/de/test/auto/DEFixedPointLimitation.xml (RunModel)" time="0.007" />
  <testcase classname="ptolemy.util.test.junit.AutoTests" name="[14] /home/travis/build/icyphy/ptII/ptolemy/domains/de/test/auto/DEScheduleTest.xml (RunModel)" time="0.008" />
  <testcase classname="ptolemy.util.test.junit.AutoTests" name="[15] /home/travis/build/icyphy/ptII/ptolemy/domains/de/test/auto/DEinDEwithStartTimes.xml (RunModel)" time="0.01" />
  <testcase classname="ptolemy.util.test.junit.AutoTests" name="[16] /home/travis/build/icyphy/ptII/ptolemy/domains/de/test/auto/DEinDEwithStartTimes2.xml (RunModel)" time="0.012" />
  <testcase classname="ptolemy.util.test.junit.AutoTests" name="[17] /home/travis/build/icyphy/ptII/ptolemy/domains/de/test/auto/DateDemo.xml (RunModel)" time="0.026" />
  <testcase classname="ptolemy.util.test.junit.AutoTests" name="[18] /home/travis/build/icyphy/ptII/ptolemy/domains/de/test/auto/DateToEvent.xml (RunModel)" time="2.036" />
  <testcase classname="ptolemy.util.test.junit.AutoTests" name="[19] /home/travis/build/icyphy/ptII/ptolemy/domains/de/test/auto/DepthTest1.xml (RunModel)" time="0.006" />
  <testcase classname="ptolemy.util.test.junit.AutoTests" name="[20] /home/travis/build/icyphy/ptII/ptolemy/domains/de/test/auto/DepthTest2.xml (RunModel)" time="0.014" />
  <testcase classname="ptolemy.util.test.junit.AutoTests" name="[21] /home/travis/build/icyphy/ptII/ptolemy/domains/de/test/auto/DepthTest3.xml (RunModel)" time="0.005" />
  <testcase classname="ptolemy.util.test.junit.AutoTests" name="[22] /home/travis/build/icyphy/ptII/ptolemy/domains/de/test/auto/DepthTest4.xml (RunModel)" time="0.01" />
  <testcase classname="ptolemy.util.test.junit.AutoTests" name="[23] /home/travis/build/icyphy/ptII/ptolemy/domains/de/test/auto/DepthTest5.xml (RunModel)" time="0.012" />
  <testcase classname="ptolemy.util.test.junit.AutoTests" name="[24] /home/travis/build/icyphy/ptII/ptolemy/domains/de/test/auto/DepthTest6.xml (RunModel)" time="0.014" />
  <testcase classname="ptolemy.util.test.junit.AutoTests" name="[25] /home/travis/build/icyphy/ptII/ptolemy/domains/de/test/auto/DepthTest7.xml (RunModel)" time="0.009" />
  <testcase classname="ptolemy.util.test.junit.AutoTests" name="[26] /home/travis/build/icyphy/ptII/ptolemy/domains/de/test/auto/EventToDate.xml (RunModel)" time="3.029" />
  <testcase classname="ptolemy.util.test.junit.AutoTests" name="[27] /home/travis/build/icyphy/ptII/ptolemy/domains/de/test/auto/FSM1.xml (RunModel)" time="0.037" />
  <testcase classname="ptolemy.util.test.junit.AutoTests" name="[28] /home/travis/build/icyphy/ptII/ptolemy/domains/de/test/auto/FSM7.xml (RunModel)" time="0.029" />
  <testcase classname="ptolemy.util.test.junit.AutoTests" name="[29] /home/travis/build/icyphy/ptII/ptolemy/domains/de/test/auto/Inspection.xml (RunModel)" time="0.033" />
  <testcase classname="ptolemy.util.test.junit.AutoTests" name="[30] /home/travis/build/icyphy/ptII/ptolemy/domains/de/test/auto/Iteration.xml (RunModel)" time="0.015" />
  <testcase classname="ptolemy.util.test.junit.AutoTests" name="[31] /home/travis/build/icyphy/ptII/ptolemy/domains/de/test/auto/LineFault.xml (RunModel)" time="0.532" />
  <testcase classname="ptolemy.util.test.junit.AutoTests" name="[32] /home/travis/build/icyphy/ptII/ptolemy/domains/de/test/auto/MergeModel1Add.xml (RunModel)" time="0.046" />
  <testcase classname="ptolemy.util.test.junit.AutoTests" name="[33] /home/travis/build/icyphy/ptII/ptolemy/domains/de/test/auto/MergeModel2Add.xml (RunModel)" time="0.032" />
  <testcase classname="ptolemy.util.test.junit.AutoTests" name="[34] /home/travis/build/icyphy/ptII/ptolemy/domains/de/test/auto/MergeModel3Add.xml (RunModel)" time="0.038" />
  <testcase classname="ptolemy.util.test.junit.AutoTests" name="[35] /home/travis/build/icyphy/ptII/ptolemy/domains/de/test/auto/MergeWithoutDiscard.xml (RunModel)" time="0.011" />
  <testcase classname="ptolemy.util.test.junit.AutoTests" name="[36] /home/travis/build/icyphy/ptII/ptolemy/domains/de/test/auto/Modal1.xml (RunModel)" time="0.031" />
  <testcase classname="ptolemy.util.test.junit.AutoTests" name="[37] /home/travis/build/icyphy/ptII/ptolemy/domains/de/test/auto/Modal2.xml (RunModel)" time="0.033" />
  <testcase classname="ptolemy.util.test.junit.AutoTests" name="[38] /home/travis/build/icyphy/ptII/ptolemy/domains/de/test/auto/Modal3.xml (RunModel)" time="0.028" />
  <testcase classname="ptolemy.util.test.junit.AutoTests" name="[39] /home/travis/build/icyphy/ptII/ptolemy/domains/de/test/auto/Modal4.xml (RunModel)" time="0.031" />
  <testcase classname="ptolemy.util.test.junit.AutoTests" name="[40] /home/travis/build/icyphy/ptII/ptolemy/domains/de/test/auto/Modal5.xml (RunModel)" time="0.026" />
  <testcase classname="ptolemy.util.test.junit.AutoTests" name="[41] /home/travis/build/icyphy/ptII/ptolemy/domains/de/test/auto/Modal6.xml (RunModel)" time="0.025" />
  <testcase classname="ptolemy.util.test.junit.AutoTests" name="[42] /home/travis/build/icyphy/ptII/ptolemy/domains/de/test/auto/Modal7.xml (RunModel)" time="0.028" />
  <testcase classname="ptolemy.util.test.junit.AutoTests" name="[43] /home/travis/build/icyphy/ptII/ptolemy/domains/de/test/auto/ModalModel.xml (RunModel)" time="0.168" />
  <testcase classname="ptolemy.util.test.junit.AutoTests" name="[44] /home/travis/build/icyphy/ptII/ptolemy/domains/de/test/auto/ModalSource.xml (RunModel)" time="0.015" />
  <testcase classname="ptolemy.util.test.junit.AutoTests" name="[45] /home/travis/build/icyphy/ptII/ptolemy/domains/de/test/auto/NonInterruptibleTimerZeroDelay.xml (RunModel)" time="0.015" />
  <testcase classname="ptolemy.util.test.junit.AutoTests" name="[46] /home/travis/build/icyphy/ptII/ptolemy/domains/de/test/auto/OpenQueueingNetwork.xml (RunModel)" time="2.811" />
  <testcase classname="ptolemy.util.test.junit.AutoTests" name="[47] /home/travis/build/icyphy/ptII/ptolemy/domains/de/test/auto/OpenQueuingNetwork.xml (RunModel)" time="0.425" />
  <testcase classname="ptolemy.util.test.junit.AutoTests" name="[48] /home/travis/build/icyphy/ptII/ptolemy/domains/de/test/auto/PeriodicSampler.xml (RunModel)" time="0.009" />
  <testcase classname="ptolemy.util.test.junit.AutoTests" name="[49] /home/travis/build/icyphy/ptII/ptolemy/domains/de/test/auto/PersistentIO.xml (RunModel)" time="0.024" />
  <testcase classname="ptolemy.util.test.junit.AutoTests" name="[50] /home/travis/build/icyphy/ptII/ptolemy/domains/de/test/auto/PortParameterResetOnInitialize.xml (RunModel)" time="0.01" />
  <testcase classname="ptolemy.util.test.junit.AutoTests" name="[51] /home/travis/build/icyphy/ptII/ptolemy/domains/de/test/auto/PortParameterUpdates.xml (RunModel)" time="0.016" />
  <testcase classname="ptolemy.util.test.junit.AutoTests" name="[52] /home/travis/build/icyphy/ptII/ptolemy/domains/de/test/auto/QueueAndServer.xml (RunModel)" time="0.024" />
  <testcase classname="ptolemy.util.test.junit.AutoTests" name="[53] /home/travis/build/icyphy/ptII/ptolemy/domains/de/test/auto/Records.xml (RunModel)" time="0.016" />
  <testcase classname="ptolemy.util.test.junit.AutoTests" name="[54] /home/travis/build/icyphy/ptII/ptolemy/domains/de/test/auto/ResetTransitionWithStartTime1.xml (RunModel)" time="0.021" />
  <testcase classname="ptolemy.util.test.junit.AutoTests" name="[55] /home/travis/build/icyphy/ptII/ptolemy/domains/de/test/auto/ResetTransitionWithStartTime2.xml (RunModel)" time="0.024" />
  <testcase classname="ptolemy.util.test.junit.AutoTests" name="[56] /home/travis/build/icyphy/ptII/ptolemy/domains/de/test/auto/ResetTransitionWithStartTime3.xml (RunModel)" time="0.023" />
  <testcase classname="ptolemy.util.test.junit.AutoTests" name="[57] /home/travis/build/icyphy/ptII/ptolemy/domains/de/test/auto/ResetTransitionWithStartTime4.xml (RunModel)" time="0.02" />
  <testcase classname="ptolemy.util.test.junit.AutoTests" name="[58] /home/travis/build/icyphy/ptII/ptolemy/domains/de/test/auto/ResettableTimer1.xml (RunModel)" time="0.013" />
  <testcase classname="ptolemy.util.test.junit.AutoTests" name="[59] /home/travis/build/icyphy/ptII/ptolemy/domains/de/test/auto/ResettableTimer2.xml (RunModel)" time="0.011" />
  <testcase classname="ptolemy.util.test.junit.AutoTests" name="[60] /home/travis/build/icyphy/ptII/ptolemy/domains/de/test/auto/ResettableTimer3.xml (RunModel)" time="0.009" />
  <testcase classname="ptolemy.util.test.junit.AutoTests" name="[61] /home/travis/build/icyphy/ptII/ptolemy/domains/de/test/auto/ResettableTimer4.xml (RunModel)" time="0.009" />
  <testcase classname="ptolemy.util.test.junit.AutoTests" name="[62] /home/travis/build/icyphy/ptII/ptolemy/domains/de/test/auto/ResettableTimer5.xml (RunModel)" time="0.012" />
  <testcase classname="ptolemy.util.test.junit.AutoTests" name="[63] /home/travis/build/icyphy/ptII/ptolemy/domains/de/test/auto/ResettableTimer6.xml (RunModel)" time="0.012" />
  <testcase classname="ptolemy.util.test.junit.AutoTests" name="[64] /home/travis/build/icyphy/ptII/ptolemy/domains/de/test/auto/ServerZeroDelay.xml (RunModel)" time="0.014" />
  <testcase classname="ptolemy.util.test.junit.AutoTests" name="[65] /home/travis/build/icyphy/ptII/ptolemy/domains/de/test/auto/SmartSender.xml (RunModel)" time="3.01" />
  <testcase classname="ptolemy.util.test.junit.AutoTests" name="[66] /home/travis/build/icyphy/ptII/ptolemy/domains/de/test/auto/ThreadedComposite.xml (RunModel)" time="0.323" />
  <testcase classname="ptolemy.util.test.junit.AutoTests" name="[67] /home/travis/build/icyphy/ptII/ptolemy/domains/de/test/auto/Time.xml (RunModel)" time="0.529" />
  <testcase classname="ptolemy.util.test.junit.AutoTests" name="[68] /home/travis/build/icyphy/ptII/ptolemy/domains/de/test/auto/TimeDelayZeroDelay.xml (RunModel)" time="0.014" />
  <testcase classname="ptolemy.util.test.junit.AutoTests" name="[69] /home/travis/build/icyphy/ptII/ptolemy/domains/de/test/auto/TimerZeroDelay.xml (RunModel)" time="0.012" />
  <testcase classname="ptolemy.util.test.junit.AutoTests" name="[70] /home/travis/build/icyphy/ptII/ptolemy/domains/de/test/auto/TimingParadox.xml (RunModel)" time="0.531" />
  <testcase classname="ptolemy.util.test.junit.AutoTests" name="[71] /home/travis/build/icyphy/ptII/ptolemy/domains/de/test/auto/TransferInputs.xml (RunModel)" time="0.019" />
  <testcase classname="ptolemy.util.test.junit.AutoTests" name="[72] /home/travis/build/icyphy/ptII/ptolemy/domains/de/test/auto/TransferOutputs2.xml (RunModel)" time="0.024" />
  <testcase classname="ptolemy.util.test.junit.AutoTests" name="[73] /home/travis/build/icyphy/ptII/ptolemy/domains/de/test/auto/Trilateration.xml (RunModel)" time="14.002" />
  <testcase classname="ptolemy.util.test.junit.AutoTests" name="[74] /home/travis/build/icyphy/ptII/ptolemy/domains/de/test/auto/TwoSigmaDelta.xml (RunModel)" time="2.252" />
  <testcase classname="ptolemy.util.test.junit.AutoTests" name="[75] /home/travis/build/icyphy/ptII/ptolemy/domains/de/test/auto/VariableDelay.xml (RunModel)" time="0.011" />
  <testcase classname="ptolemy.util.test.junit.AutoTests" name="[76] /home/travis/build/icyphy/ptII/ptolemy/domains/de/test/auto/VariableDelay2.xml (RunModel)" time="0.01" />
  <testcase classname="ptolemy.util.test.junit.AutoTests" name="[77] /home/travis/build/icyphy/ptII/ptolemy/domains/de/test/auto/VariableDelayZeroDelay.xml (RunModel)" time="0.013" />
  <testcase classname="ptolemy.util.test.junit.AutoTests" name="[78] /home/travis/build/icyphy/ptII/ptolemy/domains/de/test/auto/VariableDelayZeroDelay2.xml (RunModel)" time="0.038" />
  <testcase classname="ptolemy.util.test.junit.AutoTests" name="[79] /home/travis/build/icyphy/ptII/ptolemy/domains/de/test/auto/deInCt.xml (RunModel)" time="0.023" />
  <testcase classname="ptolemy.util.test.junit.AutoTests" name="[80] /home/travis/build/icyphy/ptII/ptolemy/domains/de/test/auto/deInCt2.xml (RunModel)" time="0.02" />
  <testcase classname="ptolemy.util.test.junit.AutoTests" name="[81] /home/travis/build/icyphy/ptII/ptolemy/domains/de/test/auto/dynamicCausalityInterface1.xml (RunModel)" time="0.025" />
  <testcase classname="ptolemy.util.test.junit.AutoTests" name="[82] /home/travis/build/icyphy/ptII/ptolemy/domains/de/test/auto/fsm_de_test.xml (RunModel)" time="0.037" />
  <testcase classname="ptolemy.util.test.junit.AutoTests" name="[83] /home/travis/build/icyphy/ptII/ptolemy/domains/de/test/auto/functionDependencyReconstruction.xml (RunModel)" time="0.042" />
  <testcase classname="ptolemy.util.test.junit.AutoTests" name="[84] /home/travis/build/icyphy/ptII/ptolemy/domains/de/test/auto/multirate.xml (RunModel)" time="0.027" />
  <testcase classname="ptolemy.util.test.junit.AutoTests" name="[85] /home/travis/build/icyphy/ptII/ptolemy/domains/de/test/auto/multirate2.xml (RunModel)" time="0.019" />
  <testcase classname="ptolemy.util.test.junit.AutoTests" name="[86] /home/travis/build/icyphy/ptII/ptolemy/domains/de/test/auto/realtime.xml (RunModel)" time="10.016" />
  <testcase classname="ptolemy.util.test.junit.AutoTests" name="[87] /home/travis/build/icyphy/ptII/ptolemy/domains/de/test/auto/relationGroup.xml (RunModel)" time="0.007" />
  <testcase classname="ptolemy.util.test.junit.AutoTests" name="[88] /home/travis/build/icyphy/ptII/ptolemy/domains/de/test/auto/relationGroup2.xml (RunModel)" time="0.006" />
  <testcase classname="ptolemy.util.test.junit.AutoTests" name="[89] /home/travis/build/icyphy/ptII/ptolemy/domains/de/test/auto/sortWithOpaquePorts.xml (RunModel)" time="0.011" />
  <testcase classname="ptolemy.util.test.junit.AutoTests" name="[90] /home/travis/build/icyphy/ptII/ptolemy/domains/de/test/auto/transferInputsandOutputs.xml (RunModel)" time="0.023" />
  <testcase classname="ptolemy.util.test.junit.AutoTests" name="[91] /home/travis/build/icyphy/ptII/ptolemy/domains/de/test/auto/triggerType.xml (RunModel)" time="0.012" />
  <system-out><![CDATA[/home/travis/build/icyphy/ptII/ptolemy/domains/de/test/DependencyLoop.tcl
testDefs.tcl: setting time out to 9000 seconds at Fri May 25 01:17:49 UTC 2018
18 ms. Memory: 116224K Free: 95043K (82%)
14 ms. Memory: 116224K Free: 107616K (93%)
/home/travis/build/icyphy/ptII/ptolemy/domains/de/test/RunDETestsAsQSS.tcl
Run the DE tests using ptolemy.domains.qss.test.QSSDirectorTest, which extends QSSDirector and prints a message in the constructors.
------------------ testing $PTII/ptolemy/domains/de/test/auto/knownFailedTests/dependencyLoop.xml (Known Failure) 
9 ms. Memory: 116224K Free: 104456K (90%)


==== $PTIIhome/travis/build/icyphy/ptII/ptolemy/domains/de/test/../../../../: Auto Automatic test in file $PTII/ptolemy/domains/de/test/auto/knownFailedTests/dependencyLoop.xml
==== Contents of test case:

	    # FIXME: we should use $relativeFilename here, but it
	    # might have backslashes under Windows, which causes no end
	    # of trouble.
	    createAndExecute $file
	    list {}
	
.... Test generated KNOWN error:
    while executing
ptolemy.kernel.util.IllegalActionException: Found a zero delay loop containing .dependencyLoop.original
  in .dependencyLoop and .dependencyLoop.original
	at ptolemy.actor.util.CausalityInterfaceForComposites._computeOutputPortDepth(CausalityInterfaceForComposites.java:759)
	at ptolemy.actor.util.CausalityInterfaceForComposites._computeInputDepth(CausalityInterfaceForComposites.java:696)
	at ptolemy.actor.util.CausalityInterfaceForComposites._computeOutputPortDepth(CausalityInterfaceForComposites.java:765)
	at ptolemy.actor.util.CausalityInterfaceForComposites._computeInputDepth(CausalityInterfaceForComposites.java:696)
	at ptolemy.actor.util.CausalityInterfaceForComposites._computeOutputPortDepth(CausalityInterfaceForComposites.java:765)
	at ptolemy.actor.util.CausalityInterfaceForComposites._computeInputDepth(CausalityInterfaceForComposites.java:696)
	at ptolemy.actor.util.CausalityInterfaceForComposites._computeActorDepth(CausalityInterfaceForComposites.java:532)
	at ptolemy.actor.util.CausalityInterfaceForComposites.checkForCycles(CausalityInterfaceForComposites.java:96)
	at ptolemy.domains.de.kernel.DEDirector.preinitialize(DEDirector.java:1337)
	at ptolemy.actor.CompositeActor.preinitialize(CompositeActor.java:1828)
	at ptolemy.actor.Manager.preinitializeAndResolveTypes(Manager.java:1040)
	at ptolemy.actor.Manager.initialize(Manager.java:710)
	at ptolemy.actor.Manager.execute(Manager.java:356)
	at ptolemy.actor.Manager.run(Manager.java:1263)
	at ptolemy.actor.Manager$PtolemyRunThread.run(Manager.java:1915)

    while executing
ptolemy.kernel.util.IllegalActionException: Found a zero delay loop containing .dependencyLoop.original
  in .dependencyLoop and .dependencyLoop.original
    while executing
"java::new ptolemy.moml.MoMLSimpleApplication $file
"
    (procedure "createAndExecute" line 2)
    invoked from within
"createAndExecute $file"
    ("uplevel" body line 5)
    invoked from within
"uplevel $contents_of_test"
------------------ testing $PTII/ptolemy/domains/de/test/auto/knownFailedTests/DESDFClockTest.xml (Known Failure) 
2087 ms. Memory: 116224K Free: 89670K (77%)


==== $PTIIhome/travis/build/icyphy/ptII/ptolemy/domains/de/test/../../../../: Auto Automatic test in file $PTII/ptolemy/domains/de/test/auto/knownFailedTests/DESDFClockTest.xml
==== Contents of test case:

	    # FIXME: we should use $relativeFilename here, but it
	    # might have backslashes under Windows, which causes no end
	    # of trouble.
	    createAndExecute $file
	    list {}
	
.... Test generated KNOWN error:
    while executing
ptolemy.kernel.util.IllegalActionException: Actor is not ready to fire.  Perhaps UpSample.prefire() returned false? Try debugging the actor by selecting "Listen to Actor".  Also, for SDF check moml for tokenConsumptionRate on input.
  in .DESDFClockTest.Play Bell.Copy1:SDF Director and .DESDFClockTest.Play Bell.UpSample
	at ptolemy.actor.sched.StaticSchedulingDirector.fire(StaticSchedulingDirector.java:227)
	at ptolemy.domains.sdf.kernel.SDFDirector.fire(SDFDirector.java:500)
	at ptolemy.actor.CompositeActor.fire(CompositeActor.java:455)
	at ptolemy.domains.de.kernel.DEDirector._fire(DEDirector.java:1948)
	at ptolemy.domains.de.kernel.DEDirector.fire(DEDirector.java:502)
	at ptolemy.actor.CompositeActor.fire(CompositeActor.java:455)
	at ptolemy.actor.Manager.iterate(Manager.java:851)
	at ptolemy.actor.Manager.execute(Manager.java:369)
	at ptolemy.actor.Manager.run(Manager.java:1263)
	at ptolemy.actor.Manager$PtolemyRunThread.run(Manager.java:1915)

    while executing
ptolemy.kernel.util.IllegalActionException: Actor is not ready to fire.  Perhaps UpSample.prefire() returned false? Try debugging the actor by selecting "Listen to Actor".  Also, for SDF check moml for tokenConsumptionRate on input.
  in .DESDFClockTest.Play Bell.Copy1:SDF Director and .DESDFClockTest.Play Bell.UpSample
    while executing
"java::new ptolemy.moml.MoMLSimpleApplication $file
"
    (procedure "createAndExecute" line 2)
    invoked from within
"createAndExecute $file"
    ("uplevel" body line 5)
    invoked from within
"uplevel $contents_of_test"
------------------ testing $PTII/ptolemy/domains/de/test/auto/knownFailedTests/FSMSource.xml (Known Failure) 
42 ms. Memory: 116224K Free: 111689K (96%)
!!!! Auto was marked as failing, but now passes
------------------ testing $PTII/ptolemy/domains/de/test/auto/knownFailedTests/dependencyLoop2.xml (Known Failure) 
8 ms. Memory: 116224K Free: 93490K (80%)


==== $PTIIhome/travis/build/icyphy/ptII/ptolemy/domains/de/test/../../../../: Auto Automatic test in file $PTII/ptolemy/domains/de/test/auto/knownFailedTests/dependencyLoop2.xml
==== Contents of test case:

	    # FIXME: we should use $relativeFilename here, but it
	    # might have backslashes under Windows, which causes no end
	    # of trouble.
	    createAndExecute $file
	    list {}
	
.... Test generated KNOWN error:
    while executing
ptolemy.kernel.util.IllegalActionException: Found a zero delay loop containing .dependencyLoop2.original
  in .dependencyLoop2 and .dependencyLoop2.original
	at ptolemy.actor.util.CausalityInterfaceForComposites._computeOutputPortDepth(CausalityInterfaceForComposites.java:759)
	at ptolemy.actor.util.CausalityInterfaceForComposites._computeInputDepth(CausalityInterfaceForComposites.java:696)
	at ptolemy.actor.util.CausalityInterfaceForComposites._computeOutputPortDepth(CausalityInterfaceForComposites.java:765)
	at ptolemy.actor.util.CausalityInterfaceForComposites._computeInputDepth(CausalityInterfaceForComposites.java:696)
	at ptolemy.actor.util.CausalityInterfaceForComposites._computeOutputPortDepth(CausalityInterfaceForComposites.java:765)
	at ptolemy.actor.util.CausalityInterfaceForComposites._computeInputDepth(CausalityInterfaceForComposites.java:696)
	at ptolemy.actor.util.CausalityInterfaceForComposites._computeActorDepth(CausalityInterfaceForComposites.java:532)
	at ptolemy.actor.util.CausalityInterfaceForComposites.checkForCycles(CausalityInterfaceForComposites.java:96)
	at ptolemy.domains.de.kernel.DEDirector.preinitialize(DEDirector.java:1337)
	at ptolemy.actor.CompositeActor.preinitialize(CompositeActor.java:1828)
	at ptolemy.actor.Manager.preinitializeAndResolveTypes(Manager.java:1040)
	at ptolemy.actor.Manager.initialize(Manager.java:710)
	at ptolemy.actor.Manager.execute(Manager.java:356)
	at ptolemy.actor.Manager.run(Manager.java:1263)
	at ptolemy.actor.Manager$PtolemyRunThread.run(Manager.java:1915)

    while executing
ptolemy.kernel.util.IllegalActionException: Found a zero delay loop containing .dependencyLoop2.original
  in .dependencyLoop2 and .dependencyLoop2.original
    while executing
"java::new ptolemy.moml.MoMLSimpleApplication $file
"
    (procedure "createAndExecute" line 2)
    invoked from within
"createAndExecute $file"
    ("uplevel" body line 5)
    invoked from within
"uplevel $contents_of_test"
------------------ testing $PTII/ptolemy/domains/de/test/auto/knownFailedTests/HierarchicalModel.xml (Known Failure) 
12 ms. Memory: 146944K Free: 134505K (92%)


==== $PTIIhome/travis/build/icyphy/ptII/ptolemy/domains/de/test/../../../../: Auto Automatic test in file $PTII/ptolemy/domains/de/test/auto/knownFailedTests/HierarchicalModel.xml
==== Contents of test case:

	    # FIXME: we should use $relativeFilename here, but it
	    # might have backslashes under Windows, which causes no end
	    # of trouble.
	    createAndExecute $file
	    list {}
	
.... Test generated KNOWN error:
    while executing
ptolemy.kernel.util.IllegalActionException: Found a zero delay loop containing .HierarchicalModel.A
  in .HierarchicalModel and .HierarchicalModel.A
	at ptolemy.actor.util.CausalityInterfaceForComposites._computeOutputPortDepth(CausalityInterfaceForComposites.java:759)
	at ptolemy.actor.util.CausalityInterfaceForComposites._computeInputDepth(CausalityInterfaceForComposites.java:696)
	at ptolemy.actor.util.CausalityInterfaceForComposites._computeOutputPortDepth(CausalityInterfaceForComposites.java:765)
	at ptolemy.actor.util.CausalityInterfaceForComposites._computeInputDepth(CausalityInterfaceForComposites.java:696)
	at ptolemy.actor.util.CausalityInterfaceForComposites._computeOutputPortDepth(CausalityInterfaceForComposites.java:765)
	at ptolemy.actor.util.CausalityInterfaceForComposites._computeInputDepth(CausalityInterfaceForComposites.java:696)
	at ptolemy.actor.util.CausalityInterfaceForComposites._computeActorDepth(CausalityInterfaceForComposites.java:532)
	at ptolemy.actor.util.CausalityInterfaceForComposites.checkForCycles(CausalityInterfaceForComposites.java:96)
	at ptolemy.domains.de.kernel.DEDirector.preinitialize(DEDirector.java:1337)
	at ptolemy.actor.CompositeActor.preinitialize(CompositeActor.java:1828)
	at ptolemy.actor.Manager.preinitializeAndResolveTypes(Manager.java:1040)
	at ptolemy.actor.Manager.initialize(Manager.java:710)
	at ptolemy.actor.Manager.execute(Manager.java:356)
	at ptolemy.actor.Manager.run(Manager.java:1263)
	at ptolemy.actor.Manager$PtolemyRunThread.run(Manager.java:1915)

    while executing
ptolemy.kernel.util.IllegalActionException: Found a zero delay loop containing .HierarchicalModel.A
  in .HierarchicalModel and .HierarchicalModel.A
    while executing
"java::new ptolemy.moml.MoMLSimpleApplication $file
"
    (procedure "createAndExecute" line 2)
    invoked from within
"createAndExecute $file"
    ("uplevel" body line 5)
    invoked from within
"uplevel $contents_of_test"
------------------ testing $PTII/ptolemy/domains/de/test/auto/knownFailedTests/DirectFeedback.xml (Known Failure) 
14 ms. Memory: 146944K Free: 129452K (88%)


==== $PTIIhome/travis/build/icyphy/ptII/ptolemy/domains/de/test/../../../../: Auto Automatic test in file $PTII/ptolemy/domains/de/test/auto/knownFailedTests/DirectFeedback.xml
==== Contents of test case:

	    # FIXME: we should use $relativeFilename here, but it
	    # might have backslashes under Windows, which causes no end
	    # of trouble.
	    createAndExecute $file
	    list {}
	
.... Test generated KNOWN error:
    while executing
ptolemy.kernel.util.IllegalActionException: Test fails in iteration 1.
Value was: 1.0. Should have been: 2.0
  in .DirectFeedback.Test
	at ptolemy.actor.lib.Test.fire(Test.java:268)
	at ptolemy.domains.de.kernel.DEDirector._fire(DEDirector.java:1948)
	at ptolemy.domains.de.kernel.DEDirector.fire(DEDirector.java:502)
	at ptolemy.actor.CompositeActor.fire(CompositeActor.java:455)
	at ptolemy.actor.Manager.iterate(Manager.java:851)
	at ptolemy.actor.Manager.execute(Manager.java:369)
	at ptolemy.actor.Manager.run(Manager.java:1263)
	at ptolemy.actor.Manager$PtolemyRunThread.run(Manager.java:1915)

    while executing
ptolemy.kernel.util.IllegalActionException: Test fails in iteration 1.
Value was: 1.0. Should have been: 2.0
  in .DirectFeedback.Test
    while executing
"java::new ptolemy.moml.MoMLSimpleApplication $file
"
    (procedure "createAndExecute" line 2)
    invoked from within
"createAndExecute $file"
    ("uplevel" body line 5)
    invoked from within
"uplevel $contents_of_test"
------------------ testing $PTII/ptolemy/domains/de/test/auto/ActorDepthCalculation_actorWithoutPorts.xml
auto.tcl: Setting watchdog for 200 seconds at Fri May 25 01:17:52 UTC 2018
13 ms. Memory: 146944K Free: 121697K (83%)
ptolemy.util.test.WatchDog.cancel(): canceling Fri May 25 01:17:53 UTC 2018
auto.tcl: Setting watchdog for 200 seconds at Fri May 25 01:17:53 UTC 2018
10 ms. Memory: 146944K Free: 120637K (82%)
ptolemy.util.test.WatchDog.cancel(): canceling Fri May 25 01:17:53 UTC 2018
------------------ testing $PTII/ptolemy/domains/de/test/auto/AssemblyLine.xml
auto.tcl: Setting watchdog for 200 seconds at Fri May 25 01:17:53 UTC 2018
11 ms. Memory: 146944K Free: 129237K (88%)
ptolemy.util.test.WatchDog.cancel(): canceling Fri May 25 01:17:53 UTC 2018
auto.tcl: Setting watchdog for 200 seconds at Fri May 25 01:17:53 UTC 2018
12 ms. Memory: 146944K Free: 128194K (87%)
ptolemy.util.test.WatchDog.cancel(): canceling Fri May 25 01:17:53 UTC 2018
------------------ testing $PTII/ptolemy/domains/de/test/auto/CQBug1.xml
auto.tcl: Setting watchdog for 200 seconds at Fri May 25 01:17:53 UTC 2018
4 ms. Memory: 146944K Free: 138332K (94%)
ptolemy.util.test.WatchDog.cancel(): canceling Fri May 25 01:17:53 UTC 2018
auto.tcl: Setting watchdog for 200 seconds at Fri May 25 01:17:53 UTC 2018
2 ms. Memory: 146944K Free: 138332K (94%)
ptolemy.util.test.WatchDog.cancel(): canceling Fri May 25 01:17:53 UTC 2018
------------------ testing $PTII/ptolemy/domains/de/test/auto/CancelFireAt.xml
auto.tcl: Setting watchdog for 200 seconds at Fri May 25 01:17:54 UTC 2018
3 ms. Memory: 146944K Free: 140413K (96%)
ptolemy.util.test.WatchDog.cancel(): canceling Fri May 25 01:17:54 UTC 2018
auto.tcl: Setting watchdog for 200 seconds at Fri May 25 01:17:54 UTC 2018
3 ms. Memory: 146944K Free: 139370K (95%)
ptolemy.util.test.WatchDog.cancel(): canceling Fri May 25 01:17:54 UTC 2018
------------------ testing $PTII/ptolemy/domains/de/test/auto/CausalityAndComposabilityAnalysis.xml
auto.tcl: Setting watchdog for 200 seconds at Fri May 25 01:17:54 UTC 2018
17 ms. Memory: 146944K Free: 136976K (93%)
ptolemy.util.test.WatchDog.cancel(): canceling Fri May 25 01:17:54 UTC 2018
auto.tcl: Setting watchdog for 200 seconds at Fri May 25 01:17:54 UTC 2018
12 ms. Memory: 146944K Free: 136976K (93%)
ptolemy.util.test.WatchDog.cancel(): canceling Fri May 25 01:17:54 UTC 2018
------------------ testing $PTII/ptolemy/domains/de/test/auto/CausalityInterface1.xml
auto.tcl: Setting watchdog for 200 seconds at Fri May 25 01:17:54 UTC 2018
14 ms. Memory: 146944K Free: 136299K (93%)
ptolemy.util.test.WatchDog.cancel(): canceling Fri May 25 01:17:54 UTC 2018
auto.tcl: Setting watchdog for 200 seconds at Fri May 25 01:17:54 UTC 2018
5 ms. Memory: 146944K Free: 135255K (92%)
ptolemy.util.test.WatchDog.cancel(): canceling Fri May 25 01:17:54 UTC 2018
------------------ testing $PTII/ptolemy/domains/de/test/auto/CausalityInterface15.xml
auto.tcl: Setting watchdog for 200 seconds at Fri May 25 01:17:54 UTC 2018
9 ms. Memory: 146944K Free: 135246K (92%)
ptolemy.util.test.WatchDog.cancel(): canceling Fri May 25 01:17:54 UTC 2018
auto.tcl: Setting watchdog for 200 seconds at Fri May 25 01:17:54 UTC 2018
10 ms. Memory: 146944K Free: 134202K (91%)
ptolemy.util.test.WatchDog.cancel(): canceling Fri May 25 01:17:54 UTC 2018
------------------ testing $PTII/ptolemy/domains/de/test/auto/CausalityInterface2.xml
auto.tcl: Setting watchdog for 200 seconds at Fri May 25 01:17:54 UTC 2018
10 ms. Memory: 146944K Free: 136274K (93%)
ptolemy.util.test.WatchDog.cancel(): canceling Fri May 25 01:17:54 UTC 2018
auto.tcl: Setting watchdog for 200 seconds at Fri May 25 01:17:54 UTC 2018
8 ms. Memory: 146944K Free: 136274K (93%)
ptolemy.util.test.WatchDog.cancel(): canceling Fri May 25 01:17:54 UTC 2018
------------------ testing $PTII/ptolemy/domains/de/test/auto/CausalityInterface3.xml
auto.tcl: Setting watchdog for 200 seconds at Fri May 25 01:17:54 UTC 2018
8 ms. Memory: 146944K Free: 136285K (93%)
ptolemy.util.test.WatchDog.cancel(): canceling Fri May 25 01:17:54 UTC 2018
auto.tcl: Setting watchdog for 200 seconds at Fri May 25 01:17:54 UTC 2018
4 ms. Memory: 146944K Free: 135242K (92%)
ptolemy.util.test.WatchDog.cancel(): canceling Fri May 25 01:17:54 UTC 2018
------------------ testing $PTII/ptolemy/domains/de/test/auto/ClockDrift.xml
auto.tcl: Setting watchdog for 200 seconds at Fri May 25 01:17:54 UTC 2018
123 ms. Memory: 146944K Free: 128168K (87%)
ptolemy.util.test.WatchDog.cancel(): canceling Fri May 25 01:17:54 UTC 2018
auto.tcl: Setting watchdog for 200 seconds at Fri May 25 01:17:54 UTC 2018
83 ms. Memory: 146944K Free: 125038K (85%)
ptolemy.util.test.WatchDog.cancel(): canceling Fri May 25 01:17:54 UTC 2018
------------------ testing $PTII/ptolemy/domains/de/test/auto/ClockDriftAndValueChange.xml
auto.tcl: Setting watchdog for 200 seconds at Fri May 25 01:17:55 UTC 2018
39 ms. Memory: 146944K Free: 128002K (87%)
ptolemy.util.test.WatchDog.cancel(): canceling Fri May 25 01:17:55 UTC 2018
auto.tcl: Setting watchdog for 200 seconds at Fri May 25 01:17:55 UTC 2018
33 ms. Memory: 146944K Free: 124872K (85%)
ptolemy.util.test.WatchDog.cancel(): canceling Fri May 25 01:17:55 UTC 2018
------------------ testing $PTII/ptolemy/domains/de/test/auto/ClockDriftChange.xml
auto.tcl: Setting watchdog for 200 seconds at Fri May 25 01:17:55 UTC 2018
52 ms. Memory: 146944K Free: 130688K (89%)
ptolemy.util.test.WatchDog.cancel(): canceling Fri May 25 01:17:55 UTC 2018
auto.tcl: Setting watchdog for 200 seconds at Fri May 25 01:17:55 UTC 2018
38 ms. Memory: 146944K Free: 127558K (87%)
ptolemy.util.test.WatchDog.cancel(): canceling Fri May 25 01:17:55 UTC 2018
------------------ testing $PTII/ptolemy/domains/de/test/auto/ComposableCausalityAnalysis.xml
auto.tcl: Setting watchdog for 200 seconds at Fri May 25 01:17:55 UTC 2018
4 ms. Memory: 146944K Free: 135102K (92%)
ptolemy.util.test.WatchDog.cancel(): canceling Fri May 25 01:17:55 UTC 2018
auto.tcl: Setting watchdog for 200 seconds at Fri May 25 01:17:55 UTC 2018
3 ms. Memory: 146944K Free: 134059K (91%)
ptolemy.util.test.WatchDog.cancel(): canceling Fri May 25 01:17:55 UTC 2018
------------------ testing $PTII/ptolemy/domains/de/test/auto/DEFixedPointLimitation.xml
auto.tcl: Setting watchdog for 200 seconds at Fri May 25 01:17:55 UTC 2018
2 ms. Memory: 146944K Free: 136336K (93%)
ptolemy.util.test.WatchDog.cancel(): canceling Fri May 25 01:17:55 UTC 2018
auto.tcl: Setting watchdog for 200 seconds at Fri May 25 01:17:55 UTC 2018
2 ms. Memory: 146944K Free: 136336K (93%)
ptolemy.util.test.WatchDog.cancel(): canceling Fri May 25 01:17:55 UTC 2018
------------------ testing $PTII/ptolemy/domains/de/test/auto/DEScheduleTest.xml
auto.tcl: Setting watchdog for 200 seconds at Fri May 25 01:17:55 UTC 2018
5 ms. Memory: 146944K Free: 137305K (93%)
ptolemy.util.test.WatchDog.cancel(): canceling Fri May 25 01:17:55 UTC 2018
auto.tcl: Setting watchdog for 200 seconds at Fri May 25 01:17:55 UTC 2018
4 ms. Memory: 146944K Free: 136261K (93%)
ptolemy.util.test.WatchDog.cancel(): canceling Fri May 25 01:17:55 UTC 2018
------------------ testing $PTII/ptolemy/domains/de/test/auto/DEinDEwithStartTimes.xml
auto.tcl: Setting watchdog for 200 seconds at Fri May 25 01:17:55 UTC 2018
6 ms. Memory: 146944K Free: 135188K (92%)
ptolemy.util.test.WatchDog.cancel(): canceling Fri May 25 01:17:55 UTC 2018
auto.tcl: Setting watchdog for 200 seconds at Fri May 25 01:17:55 UTC 2018
9 ms. Memory: 146944K Free: 134145K (91%)
ptolemy.util.test.WatchDog.cancel(): canceling Fri May 25 01:17:55 UTC 2018
------------------ testing $PTII/ptolemy/domains/de/test/auto/DEinDEwithStartTimes2.xml
auto.tcl: Setting watchdog for 200 seconds at Fri May 25 01:17:55 UTC 2018
6 ms. Memory: 146944K Free: 135167K (92%)
ptolemy.util.test.WatchDog.cancel(): canceling Fri May 25 01:17:55 UTC 2018
auto.tcl: Setting watchdog for 200 seconds at Fri May 25 01:17:55 UTC 2018
10 ms. Memory: 146944K Free: 134124K (91%)
ptolemy.util.test.WatchDog.cancel(): canceling Fri May 25 01:17:55 UTC 2018
------------------ testing $PTII/ptolemy/domains/de/test/auto/DateDemo.xml
auto.tcl: Setting watchdog for 200 seconds at Fri May 25 01:17:55 UTC 2018
20 ms. Memory: 146944K Free: 129279K (88%)
ptolemy.util.test.WatchDog.cancel(): canceling Fri May 25 01:17:55 UTC 2018
auto.tcl: Setting watchdog for 200 seconds at Fri May 25 01:17:55 UTC 2018
15 ms. Memory: 146944K Free: 127192K (87%)
ptolemy.util.test.WatchDog.cancel(): canceling Fri May 25 01:17:55 UTC 2018
------------------ testing $PTII/ptolemy/domains/de/test/auto/DateToEvent.xml
auto.tcl: Setting watchdog for 200 seconds at Fri May 25 01:17:56 UTC 2018
2018 ms. Memory: 146944K Free: 123426K (84%)
ptolemy.util.test.WatchDog.cancel(): canceling Fri May 25 01:17:58 UTC 2018
auto.tcl: Setting watchdog for 200 seconds at Fri May 25 01:17:58 UTC 2018
2011 ms. Memory: 146944K Free: 122383K (83%)
ptolemy.util.test.WatchDog.cancel(): canceling Fri May 25 01:18:00 UTC 2018
------------------ testing $PTII/ptolemy/domains/de/test/auto/DepthTest1.xml
auto.tcl: Setting watchdog for 200 seconds at Fri May 25 01:18:00 UTC 2018
3 ms. Memory: 146944K Free: 138603K (94%)
ptolemy.util.test.WatchDog.cancel(): canceling Fri May 25 01:18:00 UTC 2018
auto.tcl: Setting watchdog for 200 seconds at Fri May 25 01:18:00 UTC 2018
2 ms. Memory: 146944K Free: 138493K (94%)
ptolemy.util.test.WatchDog.cancel(): canceling Fri May 25 01:18:00 UTC 2018
------------------ testing $PTII/ptolemy/domains/de/test/auto/DepthTest2.xml
auto.tcl: Setting watchdog for 200 seconds at Fri May 25 01:18:00 UTC 2018
5 ms. Memory: 146944K Free: 134215K (91%)
ptolemy.util.test.WatchDog.cancel(): canceling Fri May 25 01:18:00 UTC 2018
auto.tcl: Setting watchdog for 200 seconds at Fri May 25 01:18:00 UTC 2018
3 ms. Memory: 146944K Free: 134215K (91%)
ptolemy.util.test.WatchDog.cancel(): canceling Fri May 25 01:18:00 UTC 2018
------------------ testing $PTII/ptolemy/domains/de/test/auto/DepthTest3.xml
auto.tcl: Setting watchdog for 200 seconds at Fri May 25 01:18:00 UTC 2018
5 ms. Memory: 146944K Free: 138827K (94%)
ptolemy.util.test.WatchDog.cancel(): canceling Fri May 25 01:18:00 UTC 2018
auto.tcl: Setting watchdog for 200 seconds at Fri May 25 01:18:00 UTC 2018
1 ms. Memory: 146944K Free: 138827K (94%)
ptolemy.util.test.WatchDog.cancel(): canceling Fri May 25 01:18:00 UTC 2018
------------------ testing $PTII/ptolemy/domains/de/test/auto/DepthTest4.xml
auto.tcl: Setting watchdog for 200 seconds at Fri May 25 01:18:00 UTC 2018
4 ms. Memory: 146944K Free: 136213K (93%)
ptolemy.util.test.WatchDog.cancel(): canceling Fri May 25 01:18:00 UTC 2018
auto.tcl: Setting watchdog for 200 seconds at Fri May 25 01:18:00 UTC 2018
3 ms. Memory: 146944K Free: 135169K (92%)
ptolemy.util.test.WatchDog.cancel(): canceling Fri May 25 01:18:00 UTC 2018
------------------ testing $PTII/ptolemy/domains/de/test/auto/DepthTest5.xml
auto.tcl: Setting watchdog for 200 seconds at Fri May 25 01:18:00 UTC 2018
6 ms. Memory: 146944K Free: 135116K (92%)
ptolemy.util.test.WatchDog.cancel(): canceling Fri May 25 01:18:00 UTC 2018
auto.tcl: Setting watchdog for 200 seconds at Fri May 25 01:18:00 UTC 2018
4 ms. Memory: 146944K Free: 135116K (92%)
ptolemy.util.test.WatchDog.cancel(): canceling Fri May 25 01:18:00 UTC 2018
------------------ testing $PTII/ptolemy/domains/de/test/auto/DepthTest6.xml
auto.tcl: Setting watchdog for 200 seconds at Fri May 25 01:18:00 UTC 2018
12 ms. Memory: 146944K Free: 135179K (92%)
ptolemy.util.test.WatchDog.cancel(): canceling Fri May 25 01:18:00 UTC 2018
auto.tcl: Setting watchdog for 200 seconds at Fri May 25 01:18:00 UTC 2018
3 ms. Memory: 146944K Free: 135179K (92%)
ptolemy.util.test.WatchDog.cancel(): canceling Fri May 25 01:18:00 UTC 2018
------------------ testing $PTII/ptolemy/domains/de/test/auto/DepthTest7.xml
auto.tcl: Setting watchdog for 200 seconds at Fri May 25 01:18:00 UTC 2018
4 ms. Memory: 146944K Free: 136117K (93%)
ptolemy.util.test.WatchDog.cancel(): canceling Fri May 25 01:18:00 UTC 2018
auto.tcl: Setting watchdog for 200 seconds at Fri May 25 01:18:00 UTC 2018
2 ms. Memory: 146944K Free: 135073K (92%)
ptolemy.util.test.WatchDog.cancel(): canceling Fri May 25 01:18:00 UTC 2018
------------------ testing $PTII/ptolemy/domains/de/test/auto/EventToDate.xml
auto.tcl: Setting watchdog for 200 seconds at Fri May 25 01:18:00 UTC 2018
3007 ms. Memory: 146944K Free: 125704K (86%)
ptolemy.util.test.WatchDog.cancel(): canceling Fri May 25 01:18:03 UTC 2018
auto.tcl: Setting watchdog for 200 seconds at Fri May 25 01:18:03 UTC 2018
3005 ms. Memory: 146944K Free: 125704K (86%)
ptolemy.util.test.WatchDog.cancel(): canceling Fri May 25 01:18:06 UTC 2018
------------------ testing $PTII/ptolemy/domains/de/test/auto/FSM1.xml
auto.tcl: Setting watchdog for 200 seconds at Fri May 25 01:18:06 UTC 2018
43 ms. Memory: 146944K Free: 126874K (86%)
ptolemy.util.test.WatchDog.cancel(): canceling Fri May 25 01:18:06 UTC 2018
auto.tcl: Setting watchdog for 200 seconds at Fri May 25 01:18:06 UTC 2018
20 ms. Memory: 146944K Free: 123743K (84%)
ptolemy.util.test.WatchDog.cancel(): canceling Fri May 25 01:18:07 UTC 2018
------------------ testing $PTII/ptolemy/domains/de/test/auto/FSM7.xml
auto.tcl: Setting watchdog for 200 seconds at Fri May 25 01:18:07 UTC 2018
33 ms. Memory: 146944K Free: 127281K (87%)
ptolemy.util.test.WatchDog.cancel(): canceling Fri May 25 01:18:07 UTC 2018
auto.tcl: Setting watchdog for 200 seconds at Fri May 25 01:18:07 UTC 2018
32 ms. Memory: 146944K Free: 124151K (84%)
ptolemy.util.test.WatchDog.cancel(): canceling Fri May 25 01:18:07 UTC 2018
------------------ testing $PTII/ptolemy/domains/de/test/auto/Inspection.xml
auto.tcl: Setting watchdog for 200 seconds at Fri May 25 01:18:07 UTC 2018
74 ms. Memory: 146944K Free: 128065K (87%)
ptolemy.util.test.WatchDog.cancel(): canceling Fri May 25 01:18:07 UTC 2018
auto.tcl: Setting watchdog for 200 seconds at Fri May 25 01:18:07 UTC 2018
48 ms. Memory: 146944K Free: 125978K (86%)
ptolemy.util.test.WatchDog.cancel(): canceling Fri May 25 01:18:07 UTC 2018
------------------ testing $PTII/ptolemy/domains/de/test/auto/Iteration.xml
auto.tcl: Setting watchdog for 200 seconds at Fri May 25 01:18:07 UTC 2018
19 ms. Memory: 146944K Free: 133837K (91%)
ptolemy.util.test.WatchDog.cancel(): canceling Fri May 25 01:18:07 UTC 2018
auto.tcl: Setting watchdog for 200 seconds at Fri May 25 01:18:07 UTC 2018
14 ms. Memory: 146944K Free: 132793K (90%)
ptolemy.util.test.WatchDog.cancel(): canceling Fri May 25 01:18:07 UTC 2018
------------------ testing $PTII/ptolemy/domains/de/test/auto/LineFault.xml
auto.tcl: Setting watchdog for 200 seconds at Fri May 25 01:18:07 UTC 2018
1203 ms. Memory: 146944K Free: 138074K (94%)
ptolemy.util.test.WatchDog.cancel(): canceling Fri May 25 01:18:09 UTC 2018
auto.tcl: Setting watchdog for 200 seconds at Fri May 25 01:18:09 UTC 2018
1085 ms. Memory: 146944K Free: 82051K (56%)
ptolemy.util.test.WatchDog.cancel(): canceling Fri May 25 01:18:10 UTC 2018
------------------ testing $PTII/ptolemy/domains/de/test/auto/MergeModel1Add.xml
auto.tcl: Setting watchdog for 200 seconds at Fri May 25 01:18:10 UTC 2018
42 ms. Memory: 209920K Free: 180584K (86%)
ptolemy.util.test.WatchDog.cancel(): canceling Fri May 25 01:18:10 UTC 2018
auto.tcl: Setting watchdog for 200 seconds at Fri May 25 01:18:10 UTC 2018
15 ms. Memory: 209920K Free: 178699K (85%)
ptolemy.util.test.WatchDog.cancel(): canceling Fri May 25 01:18:10 UTC 2018
------------------ testing $PTII/ptolemy/domains/de/test/auto/MergeModel2Add.xml
auto.tcl: Setting watchdog for 200 seconds at Fri May 25 01:18:10 UTC 2018
20 ms. Memory: 210432K Free: 182410K (87%)
ptolemy.util.test.WatchDog.cancel(): canceling Fri May 25 01:18:10 UTC 2018
auto.tcl: Setting watchdog for 200 seconds at Fri May 25 01:18:10 UTC 2018
13 ms. Memory: 210432K Free: 182410K (87%)
ptolemy.util.test.WatchDog.cancel(): canceling Fri May 25 01:18:10 UTC 2018
------------------ testing $PTII/ptolemy/domains/de/test/auto/MergeModel3Add.xml
auto.tcl: Setting watchdog for 200 seconds at Fri May 25 01:18:10 UTC 2018
15 ms. Memory: 209920K Free: 183705K (88%)
ptolemy.util.test.WatchDog.cancel(): canceling Fri May 25 01:18:10 UTC 2018
auto.tcl: Setting watchdog for 200 seconds at Fri May 25 01:18:10 UTC 2018
16 ms. Memory: 209920K Free: 181813K (87%)
ptolemy.util.test.WatchDog.cancel(): canceling Fri May 25 01:18:10 UTC 2018
------------------ testing $PTII/ptolemy/domains/de/test/auto/MergeWithoutDiscard.xml
auto.tcl: Setting watchdog for 200 seconds at Fri May 25 01:18:10 UTC 2018
5 ms. Memory: 210432K Free: 198765K (94%)
ptolemy.util.test.WatchDog.cancel(): canceling Fri May 25 01:18:10 UTC 2018
auto.tcl: Setting watchdog for 200 seconds at Fri May 25 01:18:10 UTC 2018
1 ms. Memory: 210432K Free: 198765K (94%)
ptolemy.util.test.WatchDog.cancel(): canceling Fri May 25 01:18:10 UTC 2018
------------------ testing $PTII/ptolemy/domains/de/test/auto/Modal1.xml
auto.tcl: Setting watchdog for 200 seconds at Fri May 25 01:18:10 UTC 2018
19 ms. Memory: 210432K Free: 190861K (91%)
ptolemy.util.test.WatchDog.cancel(): canceling Fri May 25 01:18:11 UTC 2018
auto.tcl: Setting watchdog for 200 seconds at Fri May 25 01:18:11 UTC 2018
17 ms. Memory: 210432K Free: 187076K (89%)
ptolemy.util.test.WatchDog.cancel(): canceling Fri May 25 01:18:11 UTC 2018
------------------ testing $PTII/ptolemy/domains/de/test/auto/Modal2.xml
auto.tcl: Setting watchdog for 200 seconds at Fri May 25 01:18:11 UTC 2018
19 ms. Memory: 210432K Free: 188196K (89%)
ptolemy.util.test.WatchDog.cancel(): canceling Fri May 25 01:18:11 UTC 2018
auto.tcl: Setting watchdog for 200 seconds at Fri May 25 01:18:11 UTC 2018
15 ms. Memory: 210432K Free: 184410K (88%)
ptolemy.util.test.WatchDog.cancel(): canceling Fri May 25 01:18:11 UTC 2018
------------------ testing $PTII/ptolemy/domains/de/test/auto/Modal3.xml
auto.tcl: Setting watchdog for 200 seconds at Fri May 25 01:18:11 UTC 2018
17 ms. Memory: 210432K Free: 190735K (91%)
ptolemy.util.test.WatchDog.cancel(): canceling Fri May 25 01:18:11 UTC 2018
auto.tcl: Setting watchdog for 200 seconds at Fri May 25 01:18:11 UTC 2018
15 ms. Memory: 210432K Free: 186949K (89%)
ptolemy.util.test.WatchDog.cancel(): canceling Fri May 25 01:18:11 UTC 2018
------------------ testing $PTII/ptolemy/domains/de/test/auto/Modal4.xml
auto.tcl: Setting watchdog for 200 seconds at Fri May 25 01:18:11 UTC 2018
36 ms. Memory: 208384K Free: 188683K (91%)
ptolemy.util.test.WatchDog.cancel(): canceling Fri May 25 01:18:11 UTC 2018
auto.tcl: Setting watchdog for 200 seconds at Fri May 25 01:18:11 UTC 2018
19 ms. Memory: 208384K Free: 184898K (89%)
ptolemy.util.test.WatchDog.cancel(): canceling Fri May 25 01:18:11 UTC 2018
------------------ testing $PTII/ptolemy/domains/de/test/auto/Modal5.xml
auto.tcl: Setting watchdog for 200 seconds at Fri May 25 01:18:11 UTC 2018
23 ms. Memory: 209920K Free: 190204K (91%)
ptolemy.util.test.WatchDog.cancel(): canceling Fri May 25 01:18:11 UTC 2018
auto.tcl: Setting watchdog for 200 seconds at Fri May 25 01:18:11 UTC 2018
20 ms. Memory: 209920K Free: 186419K (89%)
ptolemy.util.test.WatchDog.cancel(): canceling Fri May 25 01:18:11 UTC 2018
------------------ testing $PTII/ptolemy/domains/de/test/auto/Modal6.xml
auto.tcl: Setting watchdog for 200 seconds at Fri May 25 01:18:11 UTC 2018
15 ms. Memory: 209920K Free: 190297K (91%)
ptolemy.util.test.WatchDog.cancel(): canceling Fri May 25 01:18:11 UTC 2018
auto.tcl: Setting watchdog for 200 seconds at Fri May 25 01:18:11 UTC 2018
19 ms. Memory: 209920K Free: 186512K (89%)
ptolemy.util.test.WatchDog.cancel(): canceling Fri May 25 01:18:11 UTC 2018
------------------ testing $PTII/ptolemy/domains/de/test/auto/Modal7.xml
auto.tcl: Setting watchdog for 200 seconds at Fri May 25 01:18:11 UTC 2018
25 ms. Memory: 209920K Free: 188310K (90%)
ptolemy.util.test.WatchDog.cancel(): canceling Fri May 25 01:18:11 UTC 2018
auto.tcl: Setting watchdog for 200 seconds at Fri May 25 01:18:11 UTC 2018
16 ms. Memory: 209920K Free: 186417K (89%)
ptolemy.util.test.WatchDog.cancel(): canceling Fri May 25 01:18:11 UTC 2018
------------------ testing $PTII/ptolemy/domains/de/test/auto/ModalModel.xml
auto.tcl: Setting watchdog for 200 seconds at Fri May 25 01:18:11 UTC 2018
341 ms. Memory: 209920K Free: 129913K (62%)
ptolemy.util.test.WatchDog.cancel(): canceling Fri May 25 01:18:12 UTC 2018
auto.tcl: Setting watchdog for 200 seconds at Fri May 25 01:18:12 UTC 2018
325 ms. Memory: 209920K Free: 197524K (94%)
ptolemy.util.test.WatchDog.cancel(): canceling Fri May 25 01:18:12 UTC 2018
------------------ testing $PTII/ptolemy/domains/de/test/auto/ModalSource.xml
auto.tcl: Setting watchdog for 200 seconds at Fri May 25 01:18:12 UTC 2018
14 ms. Memory: 209920K Free: 195281K (93%)
ptolemy.util.test.WatchDog.cancel(): canceling Fri May 25 01:18:12 UTC 2018
auto.tcl: Setting watchdog for 200 seconds at Fri May 25 01:18:12 UTC 2018
9 ms. Memory: 209920K Free: 193531K (92%)
ptolemy.util.test.WatchDog.cancel(): canceling Fri May 25 01:18:12 UTC 2018
------------------ testing $PTII/ptolemy/domains/de/test/auto/NonInterruptibleTimerZeroDelay.xml
auto.tcl: Setting watchdog for 200 seconds at Fri May 25 01:18:12 UTC 2018
5 ms. Memory: 335872K Free: 325446K (97%)
ptolemy.util.test.WatchDog.cancel(): canceling Fri May 25 01:18:12 UTC 2018
auto.tcl: Setting watchdog for 200 seconds at Fri May 25 01:18:12 UTC 2018
4 ms. Memory: 335872K Free: 321946K (96%)
ptolemy.util.test.WatchDog.cancel(): canceling Fri May 25 01:18:12 UTC 2018
------------------ testing $PTII/ptolemy/domains/de/test/auto/OpenQueueingNetwork.xml
auto.tcl: Setting watchdog for 200 seconds at Fri May 25 01:18:12 UTC 2018
5343 ms. Memory: 323584K Free: 191907K (59%)
ptolemy.util.test.WatchDog.cancel(): canceling Fri May 25 01:18:18 UTC 2018
auto.tcl: Setting watchdog for 200 seconds at Fri May 25 01:18:18 UTC 2018
2618 ms. Memory: 304640K Free: 95850K (31%)
ptolemy.util.test.WatchDog.cancel(): canceling Fri May 25 01:18:20 UTC 2018
------------------ testing $PTII/ptolemy/domains/de/test/auto/OpenQueuingNetwork.xml
auto.tcl: Setting watchdog for 200 seconds at Fri May 25 01:18:21 UTC 2018
389 ms. Memory: 303104K Free: 203713K (67%)
ptolemy.util.test.WatchDog.cancel(): canceling Fri May 25 01:18:21 UTC 2018
auto.tcl: Setting watchdog for 200 seconds at Fri May 25 01:18:21 UTC 2018
356 ms. Memory: 303104K Free: 144818K (48%)
ptolemy.util.test.WatchDog.cancel(): canceling Fri May 25 01:18:21 UTC 2018
------------------ testing $PTII/ptolemy/domains/de/test/auto/PeriodicSampler.xml
auto.tcl: Setting watchdog for 200 seconds at Fri May 25 01:18:21 UTC 2018
5 ms. Memory: 304640K Free: 292064K (96%)
ptolemy.util.test.WatchDog.cancel(): canceling Fri May 25 01:18:21 UTC 2018
auto.tcl: Setting watchdog for 200 seconds at Fri May 25 01:18:21 UTC 2018
3 ms. Memory: 304640K Free: 288922K (95%)
ptolemy.util.test.WatchDog.cancel(): canceling Fri May 25 01:18:21 UTC 2018
------------------ testing $PTII/ptolemy/domains/de/test/auto/PersistentIO.xml
auto.tcl: Setting watchdog for 200 seconds at Fri May 25 01:18:22 UTC 2018
8 ms. Memory: 303104K Free: 284825K (94%)
ptolemy.util.test.WatchDog.cancel(): canceling Fri May 25 01:18:22 UTC 2018
auto.tcl: Setting watchdog for 200 seconds at Fri May 25 01:18:22 UTC 2018
6 ms. Memory: 303104K Free: 281674K (93%)
ptolemy.util.test.WatchDog.cancel(): canceling Fri May 25 01:18:22 UTC 2018
------------------ testing $PTII/ptolemy/domains/de/test/auto/PortParameterResetOnInitialize.xml
auto.tcl: Setting watchdog for 200 seconds at Fri May 25 01:18:22 UTC 2018
4 ms. Memory: 304640K Free: 289382K (95%)
ptolemy.util.test.WatchDog.cancel(): canceling Fri May 25 01:18:22 UTC 2018
auto.tcl: Setting watchdog for 200 seconds at Fri May 25 01:18:22 UTC 2018
3 ms. Memory: 304640K Free: 289382K (95%)
ptolemy.util.test.WatchDog.cancel(): canceling Fri May 25 01:18:22 UTC 2018
------------------ testing $PTII/ptolemy/domains/de/test/auto/PortParameterUpdates.xml
auto.tcl: Setting watchdog for 200 seconds at Fri May 25 01:18:22 UTC 2018
7 ms. Memory: 303104K Free: 287971K (95%)
ptolemy.util.test.WatchDog.cancel(): canceling Fri May 25 01:18:22 UTC 2018
auto.tcl: Setting watchdog for 200 seconds at Fri May 25 01:18:22 UTC 2018
6 ms. Memory: 303104K Free: 284820K (94%)
ptolemy.util.test.WatchDog.cancel(): canceling Fri May 25 01:18:22 UTC 2018
------------------ testing $PTII/ptolemy/domains/de/test/auto/QueueAndServer.xml
auto.tcl: Setting watchdog for 200 seconds at Fri May 25 01:18:22 UTC 2018
23 ms. Memory: 304128K Free: 285807K (94%)
ptolemy.util.test.WatchDog.cancel(): canceling Fri May 25 01:18:22 UTC 2018
auto.tcl: Setting watchdog for 200 seconds at Fri May 25 01:18:22 UTC 2018
14 ms. Memory: 304128K Free: 285807K (94%)
ptolemy.util.test.WatchDog.cancel(): canceling Fri May 25 01:18:22 UTC 2018
------------------ testing $PTII/ptolemy/domains/de/test/auto/Records.xml
auto.tcl: Setting watchdog for 200 seconds at Fri May 25 01:18:22 UTC 2018
6 ms. Memory: 303104K Free: 287830K (95%)
ptolemy.util.test.WatchDog.cancel(): canceling Fri May 25 01:18:22 UTC 2018
auto.tcl: Setting watchdog for 200 seconds at Fri May 25 01:18:22 UTC 2018
3 ms. Memory: 303104K Free: 287830K (95%)
ptolemy.util.test.WatchDog.cancel(): canceling Fri May 25 01:18:22 UTC 2018
------------------ testing $PTII/ptolemy/domains/de/test/auto/ResetTransitionWithStartTime1.xml
auto.tcl: Setting watchdog for 200 seconds at Fri May 25 01:18:22 UTC 2018
17 ms. Memory: 304128K Free: 287978K (95%)
ptolemy.util.test.WatchDog.cancel(): canceling Fri May 25 01:18:22 UTC 2018
auto.tcl: Setting watchdog for 200 seconds at Fri May 25 01:18:22 UTC 2018
9 ms. Memory: 304128K Free: 287978K (95%)
ptolemy.util.test.WatchDog.cancel(): canceling Fri May 25 01:18:22 UTC 2018
------------------ testing $PTII/ptolemy/domains/de/test/auto/ResetTransitionWithStartTime2.xml
auto.tcl: Setting watchdog for 200 seconds at Fri May 25 01:18:22 UTC 2018
11 ms. Memory: 303104K Free: 286990K (95%)
ptolemy.util.test.WatchDog.cancel(): canceling Fri May 25 01:18:22 UTC 2018
auto.tcl: Setting watchdog for 200 seconds at Fri May 25 01:18:22 UTC 2018
7 ms. Memory: 303104K Free: 286990K (95%)
ptolemy.util.test.WatchDog.cancel(): canceling Fri May 25 01:18:22 UTC 2018
------------------ testing $PTII/ptolemy/domains/de/test/auto/ResetTransitionWithStartTime3.xml
auto.tcl: Setting watchdog for 200 seconds at Fri May 25 01:18:22 UTC 2018
11 ms. Memory: 304128K Free: 285734K (94%)
ptolemy.util.test.WatchDog.cancel(): canceling Fri May 25 01:18:22 UTC 2018
auto.tcl: Setting watchdog for 200 seconds at Fri May 25 01:18:22 UTC 2018
11 ms. Memory: 304128K Free: 285734K (94%)
ptolemy.util.test.WatchDog.cancel(): canceling Fri May 25 01:18:22 UTC 2018
------------------ testing $PTII/ptolemy/domains/de/test/auto/ResetTransitionWithStartTime4.xml
auto.tcl: Setting watchdog for 200 seconds at Fri May 25 01:18:22 UTC 2018
5 ms. Memory: 303104K Free: 286971K (95%)
ptolemy.util.test.WatchDog.cancel(): canceling Fri May 25 01:18:22 UTC 2018
auto.tcl: Setting watchdog for 200 seconds at Fri May 25 01:18:22 UTC 2018
4 ms. Memory: 303104K Free: 286971K (95%)
ptolemy.util.test.WatchDog.cancel(): canceling Fri May 25 01:18:22 UTC 2018
------------------ testing $PTII/ptolemy/domains/de/test/auto/ResettableTimer1.xml
auto.tcl: Setting watchdog for 200 seconds at Fri May 25 01:18:22 UTC 2018
4 ms. Memory: 303616K Free: 288350K (95%)
ptolemy.util.test.WatchDog.cancel(): canceling Fri May 25 01:18:22 UTC 2018
auto.tcl: Setting watchdog for 200 seconds at Fri May 25 01:18:22 UTC 2018
4 ms. Memory: 303616K Free: 288350K (95%)
ptolemy.util.test.WatchDog.cancel(): canceling Fri May 25 01:18:22 UTC 2018
------------------ testing $PTII/ptolemy/domains/de/test/auto/ResettableTimer2.xml
auto.tcl: Setting watchdog for 200 seconds at Fri May 25 01:18:22 UTC 2018
4 ms. Memory: 303104K Free: 290175K (96%)
ptolemy.util.test.WatchDog.cancel(): canceling Fri May 25 01:18:22 UTC 2018
auto.tcl: Setting watchdog for 200 seconds at Fri May 25 01:18:22 UTC 2018
3 ms. Memory: 303104K Free: 290175K (96%)
ptolemy.util.test.WatchDog.cancel(): canceling Fri May 25 01:18:22 UTC 2018
------------------ testing $PTII/ptolemy/domains/de/test/auto/ResettableTimer3.xml
auto.tcl: Setting watchdog for 200 seconds at Fri May 25 01:18:22 UTC 2018
2 ms. Memory: 303616K Free: 288423K (95%)
ptolemy.util.test.WatchDog.cancel(): canceling Fri May 25 01:18:22 UTC 2018
auto.tcl: Setting watchdog for 200 seconds at Fri May 25 01:18:22 UTC 2018
2 ms. Memory: 303616K Free: 288423K (95%)
ptolemy.util.test.WatchDog.cancel(): canceling Fri May 25 01:18:22 UTC 2018
------------------ testing $PTII/ptolemy/domains/de/test/auto/ResettableTimer4.xml
auto.tcl: Setting watchdog for 200 seconds at Fri May 25 01:18:23 UTC 2018
1 ms. Memory: 303104K Free: 290170K (96%)
ptolemy.util.test.WatchDog.cancel(): canceling Fri May 25 01:18:23 UTC 2018
auto.tcl: Setting watchdog for 200 seconds at Fri May 25 01:18:23 UTC 2018
1 ms. Memory: 303104K Free: 290170K (96%)
ptolemy.util.test.WatchDog.cancel(): canceling Fri May 25 01:18:23 UTC 2018
------------------ testing $PTII/ptolemy/domains/de/test/auto/ResettableTimer5.xml
auto.tcl: Setting watchdog for 200 seconds at Fri May 25 01:18:23 UTC 2018
4 ms. Memory: 303616K Free: 288426K (95%)
ptolemy.util.test.WatchDog.cancel(): canceling Fri May 25 01:18:23 UTC 2018
auto.tcl: Setting watchdog for 200 seconds at Fri May 25 01:18:23 UTC 2018
2 ms. Memory: 303616K Free: 288426K (95%)
ptolemy.util.test.WatchDog.cancel(): canceling Fri May 25 01:18:23 UTC 2018
------------------ testing $PTII/ptolemy/domains/de/test/auto/ResettableTimer6.xml
auto.tcl: Setting watchdog for 200 seconds at Fri May 25 01:18:23 UTC 2018
2 ms. Memory: 303104K Free: 290088K (96%)
ptolemy.util.test.WatchDog.cancel(): canceling Fri May 25 01:18:23 UTC 2018
auto.tcl: Setting watchdog for 200 seconds at Fri May 25 01:18:23 UTC 2018
2 ms. Memory: 303104K Free: 290088K (96%)
ptolemy.util.test.WatchDog.cancel(): canceling Fri May 25 01:18:23 UTC 2018
------------------ testing $PTII/ptolemy/domains/de/test/auto/ServerZeroDelay.xml
auto.tcl: Setting watchdog for 200 seconds at Fri May 25 01:18:23 UTC 2018
6 ms. Memory: 303616K Free: 290620K (96%)
ptolemy.util.test.WatchDog.cancel(): canceling Fri May 25 01:18:23 UTC 2018
auto.tcl: Setting watchdog for 200 seconds at Fri May 25 01:18:23 UTC 2018
3 ms. Memory: 303616K Free: 290620K (96%)
ptolemy.util.test.WatchDog.cancel(): canceling Fri May 25 01:18:23 UTC 2018
------------------ testing $PTII/ptolemy/domains/de/test/auto/SmartSender.xml
auto.tcl: Setting watchdog for 200 seconds at Fri May 25 01:18:23 UTC 2018
3001 ms. Memory: 303104K Free: 287894K (95%)
ptolemy.util.test.WatchDog.cancel(): canceling Fri May 25 01:18:26 UTC 2018
auto.tcl: Setting watchdog for 200 seconds at Fri May 25 01:18:26 UTC 2018
3001 ms. Memory: 303104K Free: 287894K (95%)
ptolemy.util.test.WatchDog.cancel(): canceling Fri May 25 01:18:29 UTC 2018
------------------ testing $PTII/ptolemy/domains/de/test/auto/ThreadedComposite.xml
auto.tcl: Setting watchdog for 200 seconds at Fri May 25 01:18:29 UTC 2018
440 ms. Memory: 303616K Free: 268786K (89%)
ptolemy.util.test.WatchDog.cancel(): canceling Fri May 25 01:18:29 UTC 2018
auto.tcl: Setting watchdog for 200 seconds at Fri May 25 01:18:29 UTC 2018
277 ms. Memory: 303616K Free: 253649K (84%)
ptolemy.util.test.WatchDog.cancel(): canceling Fri May 25 01:18:30 UTC 2018
------------------ testing $PTII/ptolemy/domains/de/test/auto/Time.xml
auto.tcl: Setting watchdog for 200 seconds at Fri May 25 01:18:30 UTC 2018
1036 ms. Memory: 303104K Free: 236575K (78%)
ptolemy.util.test.WatchDog.cancel(): canceling Fri May 25 01:18:31 UTC 2018
auto.tcl: Setting watchdog for 200 seconds at Fri May 25 01:18:31 UTC 2018
944 ms. Memory: 303104K Free: 186419K (62%)
ptolemy.util.test.WatchDog.cancel(): canceling Fri May 25 01:18:32 UTC 2018
------------------ testing $PTII/ptolemy/domains/de/test/auto/TimeDelayZeroDelay.xml
auto.tcl: Setting watchdog for 200 seconds at Fri May 25 01:18:32 UTC 2018
4 ms. Memory: 303616K Free: 291233K (96%)
ptolemy.util.test.WatchDog.cancel(): canceling Fri May 25 01:18:32 UTC 2018
auto.tcl: Setting watchdog for 200 seconds at Fri May 25 01:18:32 UTC 2018
3 ms. Memory: 303616K Free: 291233K (96%)
ptolemy.util.test.WatchDog.cancel(): canceling Fri May 25 01:18:32 UTC 2018
------------------ testing $PTII/ptolemy/domains/de/test/auto/TimerZeroDelay.xml
auto.tcl: Setting watchdog for 200 seconds at Fri May 25 01:18:32 UTC 2018
5 ms. Memory: 303104K Free: 290786K (96%)
ptolemy.util.test.WatchDog.cancel(): canceling Fri May 25 01:18:32 UTC 2018
auto.tcl: Setting watchdog for 200 seconds at Fri May 25 01:18:32 UTC 2018
3 ms. Memory: 303104K Free: 290786K (96%)
ptolemy.util.test.WatchDog.cancel(): canceling Fri May 25 01:18:32 UTC 2018
------------------ testing $PTII/ptolemy/domains/de/test/auto/TimingParadox.xml
auto.tcl: Setting watchdog for 200 seconds at Fri May 25 01:18:32 UTC 2018
578 ms. Memory: 303616K Free: 227374K (75%)
ptolemy.util.test.WatchDog.cancel(): canceling Fri May 25 01:18:33 UTC 2018
auto.tcl: Setting watchdog for 200 seconds at Fri May 25 01:18:33 UTC 2018
519 ms. Memory: 303616K Free: 194054K (64%)
ptolemy.util.test.WatchDog.cancel(): canceling Fri May 25 01:18:33 UTC 2018
------------------ testing $PTII/ptolemy/domains/de/test/auto/TransferInputs.xml
auto.tcl: Setting watchdog for 200 seconds at Fri May 25 01:18:33 UTC 2018
3 ms. Memory: 303616K Free: 290202K (96%)
ptolemy.util.test.WatchDog.cancel(): canceling Fri May 25 01:18:33 UTC 2018
auto.tcl: Setting watchdog for 200 seconds at Fri May 25 01:18:33 UTC 2018
2 ms. Memory: 303616K Free: 290202K (96%)
ptolemy.util.test.WatchDog.cancel(): canceling Fri May 25 01:18:33 UTC 2018
------------------ testing $PTII/ptolemy/domains/de/test/auto/TransferOutputs2.xml
auto.tcl: Setting watchdog for 200 seconds at Fri May 25 01:18:33 UTC 2018
4 ms. Memory: 303104K Free: 285815K (94%)
ptolemy.util.test.WatchDog.cancel(): canceling Fri May 25 01:18:33 UTC 2018
auto.tcl: Setting watchdog for 200 seconds at Fri May 25 01:18:33 UTC 2018
5 ms. Memory: 303104K Free: 283038K (93%)
ptolemy.util.test.WatchDog.cancel(): canceling Fri May 25 01:18:33 UTC 2018
------------------ testing $PTII/ptolemy/domains/de/test/auto/Trilateration.xml
auto.tcl: Setting watchdog for 200 seconds at Fri May 25 01:18:33 UTC 2018
16676 ms. Memory: 229888K Free: 99914K (43%)
ptolemy.util.test.WatchDog.cancel(): canceling Fri May 25 01:18:52 UTC 2018
auto.tcl: Setting watchdog for 200 seconds at Fri May 25 01:18:52 UTC 2018
13208 ms. Memory: 136192K Free: 116041K (85%)
ptolemy.util.test.WatchDog.cancel(): canceling Fri May 25 01:19:05 UTC 2018
------------------ testing $PTII/ptolemy/domains/de/test/auto/TwoSigmaDelta.xml
auto.tcl: Setting watchdog for 200 seconds at Fri May 25 01:19:05 UTC 2018
3676 ms. Memory: 129024K Free: 102668K (80%)
ptolemy.util.test.WatchDog.cancel(): canceling Fri May 25 01:19:09 UTC 2018
auto.tcl: Setting watchdog for 200 seconds at Fri May 25 01:19:09 UTC 2018
2381 ms. Memory: 123904K Free: 99270K (80%)
ptolemy.util.test.WatchDog.cancel(): canceling Fri May 25 01:19:11 UTC 2018
------------------ testing $PTII/ptolemy/domains/de/test/auto/VariableDelay.xml
auto.tcl: Setting watchdog for 200 seconds at Fri May 25 01:19:11 UTC 2018
2 ms. Memory: 123904K Free: 113872K (92%)
ptolemy.util.test.WatchDog.cancel(): canceling Fri May 25 01:19:11 UTC 2018
auto.tcl: Setting watchdog for 200 seconds at Fri May 25 01:19:11 UTC 2018
3 ms. Memory: 123904K Free: 113054K (91%)
ptolemy.util.test.WatchDog.cancel(): canceling Fri May 25 01:19:11 UTC 2018
------------------ testing $PTII/ptolemy/domains/de/test/auto/VariableDelay2.xml
auto.tcl: Setting watchdog for 200 seconds at Fri May 25 01:19:11 UTC 2018
2 ms. Memory: 123904K Free: 114273K (92%)
ptolemy.util.test.WatchDog.cancel(): canceling Fri May 25 01:19:11 UTC 2018
auto.tcl: Setting watchdog for 200 seconds at Fri May 25 01:19:11 UTC 2018
3 ms. Memory: 123904K Free: 113447K (92%)
ptolemy.util.test.WatchDog.cancel(): canceling Fri May 25 01:19:11 UTC 2018
------------------ testing $PTII/ptolemy/domains/de/test/auto/VariableDelayZeroDelay.xml
auto.tcl: Setting watchdog for 200 seconds at Fri May 25 01:19:11 UTC 2018
3 ms. Memory: 123904K Free: 115090K (93%)
ptolemy.util.test.WatchDog.cancel(): canceling Fri May 25 01:19:11 UTC 2018
auto.tcl: Setting watchdog for 200 seconds at Fri May 25 01:19:11 UTC 2018
3 ms. Memory: 123904K Free: 114264K (92%)
ptolemy.util.test.WatchDog.cancel(): canceling Fri May 25 01:19:11 UTC 2018
------------------ testing $PTII/ptolemy/domains/de/test/auto/VariableDelayZeroDelay2.xml
auto.tcl: Setting watchdog for 200 seconds at Fri May 25 01:19:11 UTC 2018
2 ms. Memory: 123904K Free: 114270K (92%)
ptolemy.util.test.WatchDog.cancel(): canceling Fri May 25 01:19:11 UTC 2018
auto.tcl: Setting watchdog for 200 seconds at Fri May 25 01:19:11 UTC 2018
3 ms. Memory: 123904K Free: 113420K (92%)
ptolemy.util.test.WatchDog.cancel(): canceling Fri May 25 01:19:11 UTC 2018
------------------ testing $PTII/ptolemy/domains/de/test/auto/deInCt.xml
auto.tcl: Setting watchdog for 200 seconds at Fri May 25 01:19:11 UTC 2018
0
1
1
1
0
0
0
0
0
1
1
1
0
0
1
1
1
0
0
0
0
1
1
1
1
0
0
0
0
0
1
1
1
0
0
0
0
24 ms. Memory: 123904K Free: 113407K (92%)
ptolemy.util.test.WatchDog.cancel(): canceling Fri May 25 01:19:11 UTC 2018
auto.tcl: Setting watchdog for 200 seconds at Fri May 25 01:19:11 UTC 2018
0
1
1
0
0
0
0
0
0
0
0
0
1
1
1
0
0
0
0
0
0
11 ms. Memory: 123904K Free: 111755K (90%)
ptolemy.util.test.WatchDog.cancel(): canceling Fri May 25 01:19:11 UTC 2018
------------------ testing $PTII/ptolemy/domains/de/test/auto/deInCt2.xml
auto.tcl: Setting watchdog for 200 seconds at Fri May 25 01:19:12 UTC 2018
0
1
1
1
0
0
1
1
1
0
0
1
1
1
0
0
1
1
1
0
0
1
1
1
0
0
1
1
1
0
0
1
1
1
0
0
1
1
1
0
0
0
15 ms. Memory: 123904K Free: 113431K (92%)
ptolemy.util.test.WatchDog.cancel(): canceling Fri May 25 01:19:12 UTC 2018
auto.tcl: Setting watchdog for 200 seconds at Fri May 25 01:19:12 UTC 2018
0
1
1
1
0
0
1
1
1
0
0
1
1
1
0
0
1
1
1
0
0
1
1
1
0
0
1
1
1
0
0
1
1
1
0
0
1
1
1
0
0
0
14 ms. Memory: 123904K Free: 111771K (90%)
ptolemy.util.test.WatchDog.cancel(): canceling Fri May 25 01:19:12 UTC 2018
------------------ testing $PTII/ptolemy/domains/de/test/auto/dynamicCausalityInterface1.xml
auto.tcl: Setting watchdog for 200 seconds at Fri May 25 01:19:12 UTC 2018
5 ms. Memory: 123904K Free: 108857K (88%)
ptolemy.util.test.WatchDog.cancel(): canceling Fri May 25 01:19:12 UTC 2018
auto.tcl: Setting watchdog for 200 seconds at Fri May 25 01:19:12 UTC 2018
1 ms. Memory: 123904K Free: 108031K (87%)
ptolemy.util.test.WatchDog.cancel(): canceling Fri May 25 01:19:12 UTC 2018
------------------ testing $PTII/ptolemy/domains/de/test/auto/fsm_de_test.xml
auto.tcl: Setting watchdog for 200 seconds at Fri May 25 01:19:12 UTC 2018
10 ms. Memory: 123904K Free: 108246K (87%)
ptolemy.util.test.WatchDog.cancel(): canceling Fri May 25 01:19:12 UTC 2018
auto.tcl: Setting watchdog for 200 seconds at Fri May 25 01:19:12 UTC 2018
10 ms. Memory: 123904K Free: 105759K (85%)
ptolemy.util.test.WatchDog.cancel(): canceling Fri May 25 01:19:12 UTC 2018
------------------ testing $PTII/ptolemy/domains/de/test/auto/functionDependencyReconstruction.xml
auto.tcl: Setting watchdog for 200 seconds at Fri May 25 01:19:12 UTC 2018
3 ms. Memory: 123904K Free: 101658K (82%)
ptolemy.util.test.WatchDog.cancel(): canceling Fri May 25 01:19:12 UTC 2018
auto.tcl: Setting watchdog for 200 seconds at Fri May 25 01:19:12 UTC 2018
4 ms. Memory: 123904K Free: 99990K (81%)
ptolemy.util.test.WatchDog.cancel(): canceling Fri May 25 01:19:12 UTC 2018
------------------ testing $PTII/ptolemy/domains/de/test/auto/multirate.xml
auto.tcl: Setting watchdog for 200 seconds at Fri May 25 01:19:12 UTC 2018
4 ms. Memory: 123904K Free: 111955K (90%)
ptolemy.util.test.WatchDog.cancel(): canceling Fri May 25 01:19:12 UTC 2018
auto.tcl: Setting watchdog for 200 seconds at Fri May 25 01:19:12 UTC 2018
5 ms. Memory: 123904K Free: 110300K (89%)
ptolemy.util.test.WatchDog.cancel(): canceling Fri May 25 01:19:12 UTC 2018
------------------ testing $PTII/ptolemy/domains/de/test/auto/multirate2.xml
auto.tcl: Setting watchdog for 200 seconds at Fri May 25 01:19:12 UTC 2018
4 ms. Memory: 123904K Free: 112096K (90%)
ptolemy.util.test.WatchDog.cancel(): canceling Fri May 25 01:19:12 UTC 2018
auto.tcl: Setting watchdog for 200 seconds at Fri May 25 01:19:12 UTC 2018
9 ms. Memory: 123904K Free: 110427K (89%)
ptolemy.util.test.WatchDog.cancel(): canceling Fri May 25 01:19:12 UTC 2018
------------------ testing $PTII/ptolemy/domains/de/test/auto/realtime.xml
auto.tcl: Setting watchdog for 200 seconds at Fri May 25 01:19:12 UTC 2018
10003 ms. Memory: 123904K Free: 114209K (92%)
ptolemy.util.test.WatchDog.cancel(): canceling Fri May 25 01:19:22 UTC 2018
auto.tcl: Setting watchdog for 200 seconds at Fri May 25 01:19:22 UTC 2018
10002 ms. Memory: 123904K Free: 113391K (92%)
ptolemy.util.test.WatchDog.cancel(): canceling Fri May 25 01:19:32 UTC 2018
------------------ testing $PTII/ptolemy/domains/de/test/auto/relationGroup.xml
auto.tcl: Setting watchdog for 200 seconds at Fri May 25 01:19:32 UTC 2018
2 ms. Memory: 123904K Free: 115071K (93%)
ptolemy.util.test.WatchDog.cancel(): canceling Fri May 25 01:19:32 UTC 2018
auto.tcl: Setting watchdog for 200 seconds at Fri May 25 01:19:32 UTC 2018
1 ms. Memory: 123904K Free: 114237K (92%)
ptolemy.util.test.WatchDog.cancel(): canceling Fri May 25 01:19:32 UTC 2018
------------------ testing $PTII/ptolemy/domains/de/test/auto/relationGroup2.xml
auto.tcl: Setting watchdog for 200 seconds at Fri May 25 01:19:32 UTC 2018
4 ms. Memory: 123904K Free: 115098K (93%)
ptolemy.util.test.WatchDog.cancel(): canceling Fri May 25 01:19:32 UTC 2018
auto.tcl: Setting watchdog for 200 seconds at Fri May 25 01:19:32 UTC 2018
1 ms. Memory: 123904K Free: 114280K (92%)
ptolemy.util.test.WatchDog.cancel(): canceling Fri May 25 01:19:32 UTC 2018
------------------ testing $PTII/ptolemy/domains/de/test/auto/sortWithOpaquePorts.xml
auto.tcl: Setting watchdog for 200 seconds at Fri May 25 01:19:32 UTC 2018
1 ms. Memory: 123904K Free: 113391K (92%)
ptolemy.util.test.WatchDog.cancel(): canceling Fri May 25 01:19:32 UTC 2018
auto.tcl: Setting watchdog for 200 seconds at Fri May 25 01:19:32 UTC 2018
1 ms. Memory: 123904K Free: 112573K (91%)
ptolemy.util.test.WatchDog.cancel(): canceling Fri May 25 01:19:32 UTC 2018
------------------ testing $PTII/ptolemy/domains/de/test/auto/transferInputsandOutputs.xml
auto.tcl: Setting watchdog for 200 seconds at Fri May 25 01:19:32 UTC 2018
1 ms. Memory: 123904K Free: 110892K (89%)
ptolemy.util.test.WatchDog.cancel(): canceling Fri May 25 01:19:32 UTC 2018
auto.tcl: Setting watchdog for 200 seconds at Fri May 25 01:19:32 UTC 2018
2 ms. Memory: 123904K Free: 110034K (89%)
ptolemy.util.test.WatchDog.cancel(): canceling Fri May 25 01:19:32 UTC 2018
------------------ testing $PTII/ptolemy/domains/de/test/auto/triggerType.xml
auto.tcl: Setting watchdog for 200 seconds at Fri May 25 01:19:32 UTC 2018
1 ms. Memory: 123904K Free: 113352K (91%)
ptolemy.util.test.WatchDog.cancel(): canceling Fri May 25 01:19:32 UTC 2018
auto.tcl: Setting watchdog for 200 seconds at Fri May 25 01:19:32 UTC 2018
2 ms. Memory: 123904K Free: 112518K (91%)
ptolemy.util.test.WatchDog.cancel(): canceling Fri May 25 01:19:32 UTC 2018
05/25/18 01:19:32
Failed: 0  Total Tests: 192  ((Passed: 187, Newly Passed: 1)  Known Failed: 5) /home/travis/build/icyphy/ptII/ptolemy/domains/de/test
05/25/18 01:19:32
Failed: 0  Total Tests: 192  ((Passed: 187, Newly Passed: 1)  Known Failed: 5) /home/travis/build/icyphy/ptII/ptolemy/domains/de/test
----------------- testing (KnownFailure) /home/travis/build/icyphy/ptII/ptolemy/domains/de/test/auto/knownFailedTests/DESDFClockTest.xml
2010 ms. Memory: 123904K Free: 106413K (86%)
Known Failure: java.lang.reflect.InvocationTargetException
----------------- testing (KnownFailure) /home/travis/build/icyphy/ptII/ptolemy/domains/de/test/auto/knownFailedTests/DirectFeedback.xml
1 ms. Memory: 123904K Free: 101263K (82%)
Known Failure: java.lang.reflect.InvocationTargetException
----------------- testing (KnownFailure) /home/travis/build/icyphy/ptII/ptolemy/domains/de/test/auto/knownFailedTests/FSMSource.xml
5 ms. Memory: 123904K Free: 91007K (73%)
----------------- testing (KnownFailure) /home/travis/build/icyphy/ptII/ptolemy/domains/de/test/auto/knownFailedTests/HierarchicalModel.xml
2 ms. Memory: 122880K Free: 113724K (93%)
Known Failure: java.lang.reflect.InvocationTargetException
----------------- testing (KnownFailure) /home/travis/build/icyphy/ptII/ptolemy/domains/de/test/auto/knownFailedTests/dependencyLoop.xml
2 ms. Memory: 122880K Free: 94764K (77%)
Known Failure: java.lang.reflect.InvocationTargetException
----------------- testing (KnownFailure) /home/travis/build/icyphy/ptII/ptolemy/domains/de/test/auto/knownFailedTests/dependencyLoop2.xml
3 ms. Memory: 122880K Free: 76942K (63%)
Known Failure: java.lang.reflect.InvocationTargetException
No auto/*.xml tests in /home/travis/build/icyphy/ptII/ptolemy/domains/de/test
AutoTests.java: About to close Vertx.
AutoTests.java: Vertx closed.
----------------- testing Fri May 25 01:19:35 UTC 2018 /home/travis/build/icyphy/ptII/ptolemy/domains/de/test/auto/ActorDepthCalculation_actorWithoutPorts.xml
----------------- Instantiating /home/travis/build/icyphy/ptII/ptolemy/domains/de/test/auto/ActorDepthCalculation_actorWithoutPorts.xml
1 ms. Memory: 121856K Free: 109060K (89%)
----------------- Invoking toplevel() on ptolemy.moml.MoMLSimpleApplication@769942c5
----------------- Done invoking toplevel() on ptolemy.moml.MoMLSimpleApplication@769942c5
reloadAllAccessors: .ActorDepthCalculation_actorWithoutPorts
----------------- testing Fri May 25 01:19:35 UTC 2018 /home/travis/build/icyphy/ptII/ptolemy/domains/de/test/auto/AssemblyLine.xml
----------------- Instantiating /home/travis/build/icyphy/ptII/ptolemy/domains/de/test/auto/AssemblyLine.xml
2 ms. Memory: 121856K Free: 100832K (83%)
----------------- Invoking toplevel() on ptolemy.moml.MoMLSimpleApplication@5c7cc40c
----------------- Done invoking toplevel() on ptolemy.moml.MoMLSimpleApplication@5c7cc40c
reloadAllAccessors: .AssemblyLine
----------------- testing Fri May 25 01:19:35 UTC 2018 /home/travis/build/icyphy/ptII/ptolemy/domains/de/test/auto/CQBug1.xml
----------------- Instantiating /home/travis/build/icyphy/ptII/ptolemy/domains/de/test/auto/CQBug1.xml
1 ms. Memory: 121856K Free: 97507K (80%)
----------------- Invoking toplevel() on ptolemy.moml.MoMLSimpleApplication@6556e2a6
----------------- Done invoking toplevel() on ptolemy.moml.MoMLSimpleApplication@6556e2a6
reloadAllAccessors: .CQBug1
----------------- testing Fri May 25 01:19:35 UTC 2018 /home/travis/build/icyphy/ptII/ptolemy/domains/de/test/auto/CancelFireAt.xml
----------------- Instantiating /home/travis/build/icyphy/ptII/ptolemy/domains/de/test/auto/CancelFireAt.xml
0 ms. Memory: 121856K Free: 94366K (77%)
----------------- Invoking toplevel() on ptolemy.moml.MoMLSimpleApplication@1078f127
----------------- Done invoking toplevel() on ptolemy.moml.MoMLSimpleApplication@1078f127
reloadAllAccessors: .CancelFireAt
----------------- testing Fri May 25 01:19:35 UTC 2018 /home/travis/build/icyphy/ptII/ptolemy/domains/de/test/auto/CausalityAndComposabilityAnalysis.xml
----------------- Instantiating /home/travis/build/icyphy/ptII/ptolemy/domains/de/test/auto/CausalityAndComposabilityAnalysis.xml
2 ms. Memory: 121856K Free: 89074K (73%)
----------------- Invoking toplevel() on ptolemy.moml.MoMLSimpleApplication@65928e29
----------------- Done invoking toplevel() on ptolemy.moml.MoMLSimpleApplication@65928e29
reloadAllAccessors: .CausalityAndComposabilityAnalysis
----------------- testing Fri May 25 01:19:35 UTC 2018 /home/travis/build/icyphy/ptII/ptolemy/domains/de/test/auto/CausalityInterface1.xml
----------------- Instantiating /home/travis/build/icyphy/ptII/ptolemy/domains/de/test/auto/CausalityInterface1.xml
3 ms. Memory: 121856K Free: 83330K (68%)
----------------- Invoking toplevel() on ptolemy.moml.MoMLSimpleApplication@1e985136
----------------- Done invoking toplevel() on ptolemy.moml.MoMLSimpleApplication@1e985136
reloadAllAccessors: .CausalityInterface1
----------------- testing Fri May 25 01:19:35 UTC 2018 /home/travis/build/icyphy/ptII/ptolemy/domains/de/test/auto/CausalityInterface15.xml
----------------- Instantiating /home/travis/build/icyphy/ptII/ptolemy/domains/de/test/auto/CausalityInterface15.xml
1 ms. Memory: 121856K Free: 76243K (63%)
----------------- Invoking toplevel() on ptolemy.moml.MoMLSimpleApplication@6fa3f872
----------------- Done invoking toplevel() on ptolemy.moml.MoMLSimpleApplication@6fa3f872
reloadAllAccessors: .CausalityInterface15
----------------- testing Fri May 25 01:19:35 UTC 2018 /home/travis/build/icyphy/ptII/ptolemy/domains/de/test/auto/CausalityInterface2.xml
----------------- Instantiating /home/travis/build/icyphy/ptII/ptolemy/domains/de/test/auto/CausalityInterface2.xml
1 ms. Memory: 120832K Free: 110136K (91%)
----------------- Invoking toplevel() on ptolemy.moml.MoMLSimpleApplication@6a41d29b
----------------- Done invoking toplevel() on ptolemy.moml.MoMLSimpleApplication@6a41d29b
reloadAllAccessors: .CausalityInterface2
----------------- testing Fri May 25 01:19:35 UTC 2018 /home/travis/build/icyphy/ptII/ptolemy/domains/de/test/auto/CausalityInterface3.xml
----------------- Instantiating /home/travis/build/icyphy/ptII/ptolemy/domains/de/test/auto/CausalityInterface3.xml
1 ms. Memory: 120832K Free: 104092K (86%)
----------------- Invoking toplevel() on ptolemy.moml.MoMLSimpleApplication@5a0cca9e
----------------- Done invoking toplevel() on ptolemy.moml.MoMLSimpleApplication@5a0cca9e
reloadAllAccessors: .CausalityInterface3
----------------- testing Fri May 25 01:19:35 UTC 2018 /home/travis/build/icyphy/ptII/ptolemy/domains/de/test/auto/ClockDrift.xml
----------------- Instantiating /home/travis/build/icyphy/ptII/ptolemy/domains/de/test/auto/ClockDrift.xml
10 ms. Memory: 120832K Free: 90206K (75%)
----------------- Invoking toplevel() on ptolemy.moml.MoMLSimpleApplication@1a7cb46e
----------------- Done invoking toplevel() on ptolemy.moml.MoMLSimpleApplication@1a7cb46e
reloadAllAccessors: .ClockDrift
----------------- testing Fri May 25 01:19:35 UTC 2018 /home/travis/build/icyphy/ptII/ptolemy/domains/de/test/auto/ClockDriftAndValueChange.xml
----------------- Instantiating /home/travis/build/icyphy/ptII/ptolemy/domains/de/test/auto/ClockDriftAndValueChange.xml
9 ms. Memory: 120832K Free: 76456K (63%)
----------------- Invoking toplevel() on ptolemy.moml.MoMLSimpleApplication@14a32d66
----------------- Done invoking toplevel() on ptolemy.moml.MoMLSimpleApplication@14a32d66
reloadAllAccessors: .ClockDriftAndValueChange
----------------- testing Fri May 25 01:19:35 UTC 2018 /home/travis/build/icyphy/ptII/ptolemy/domains/de/test/auto/ClockDriftChange.xml
----------------- Instantiating /home/travis/build/icyphy/ptII/ptolemy/domains/de/test/auto/ClockDriftChange.xml
10 ms. Memory: 129024K Free: 112208K (87%)
----------------- Invoking toplevel() on ptolemy.moml.MoMLSimpleApplication@5044dc44
----------------- Done invoking toplevel() on ptolemy.moml.MoMLSimpleApplication@5044dc44
reloadAllAccessors: .ClockDriftChange
----------------- testing Fri May 25 01:19:35 UTC 2018 /home/travis/build/icyphy/ptII/ptolemy/domains/de/test/auto/ComposableCausalityAnalysis.xml
----------------- Instantiating /home/travis/build/icyphy/ptII/ptolemy/domains/de/test/auto/ComposableCausalityAnalysis.xml
1 ms. Memory: 129024K Free: 105541K (82%)
----------------- Invoking toplevel() on ptolemy.moml.MoMLSimpleApplication@49fe703c
----------------- Done invoking toplevel() on ptolemy.moml.MoMLSimpleApplication@49fe703c
reloadAllAccessors: .ComposableCausalityAnalysis
----------------- testing Fri May 25 01:19:35 UTC 2018 /home/travis/build/icyphy/ptII/ptolemy/domains/de/test/auto/DEFixedPointLimitation.xml
----------------- Instantiating /home/travis/build/icyphy/ptII/ptolemy/domains/de/test/auto/DEFixedPointLimitation.xml
1 ms. Memory: 129024K Free: 100293K (78%)
----------------- Invoking toplevel() on ptolemy.moml.MoMLSimpleApplication@4d39aab
----------------- Done invoking toplevel() on ptolemy.moml.MoMLSimpleApplication@4d39aab
reloadAllAccessors: .DEFixedPointLimitation
----------------- testing Fri May 25 01:19:35 UTC 2018 /home/travis/build/icyphy/ptII/ptolemy/domains/de/test/auto/DEScheduleTest.xml
----------------- Instantiating /home/travis/build/icyphy/ptII/ptolemy/domains/de/test/auto/DEScheduleTest.xml
1 ms. Memory: 129024K Free: 94585K (73%)
----------------- Invoking toplevel() on ptolemy.moml.MoMLSimpleApplication@4f648042
----------------- Done invoking toplevel() on ptolemy.moml.MoMLSimpleApplication@4f648042
reloadAllAccessors: .DEScheduleTest
----------------- testing Fri May 25 01:19:35 UTC 2018 /home/travis/build/icyphy/ptII/ptolemy/domains/de/test/auto/DEinDEwithStartTimes.xml
----------------- Instantiating /home/travis/build/icyphy/ptII/ptolemy/domains/de/test/auto/DEinDEwithStartTimes.xml
1 ms. Memory: 129024K Free: 87198K (68%)
----------------- Invoking toplevel() on ptolemy.moml.MoMLSimpleApplication@1080d4a8
----------------- Done invoking toplevel() on ptolemy.moml.MoMLSimpleApplication@1080d4a8
reloadAllAccessors: .DEinDEwithStartTimes
----------------- testing Fri May 25 01:19:35 UTC 2018 /home/travis/build/icyphy/ptII/ptolemy/domains/de/test/auto/DEinDEwithStartTimes2.xml
----------------- Instantiating /home/travis/build/icyphy/ptII/ptolemy/domains/de/test/auto/DEinDEwithStartTimes2.xml
2 ms. Memory: 129024K Free: 79554K (62%)
----------------- Invoking toplevel() on ptolemy.moml.MoMLSimpleApplication@12fb8a71
----------------- Done invoking toplevel() on ptolemy.moml.MoMLSimpleApplication@12fb8a71
reloadAllAccessors: .DEinDEwithStartTimes2
----------------- testing Fri May 25 01:19:35 UTC 2018 /home/travis/build/icyphy/ptII/ptolemy/domains/de/test/auto/DateDemo.xml
----------------- Instantiating /home/travis/build/icyphy/ptII/ptolemy/domains/de/test/auto/DateDemo.xml
3 ms. Memory: 138752K Free: 123830K (89%)
----------------- Invoking toplevel() on ptolemy.moml.MoMLSimpleApplication@5687059d
----------------- Done invoking toplevel() on ptolemy.moml.MoMLSimpleApplication@5687059d
reloadAllAccessors: .DateDemo
----------------- testing Fri May 25 01:19:35 UTC 2018 /home/travis/build/icyphy/ptII/ptolemy/domains/de/test/auto/DateToEvent.xml
----------------- Instantiating /home/travis/build/icyphy/ptII/ptolemy/domains/de/test/auto/DateToEvent.xml
2004 ms. Memory: 138752K Free: 105198K (76%)
----------------- Invoking toplevel() on ptolemy.moml.MoMLSimpleApplication@4f1268f9
----------------- Done invoking toplevel() on ptolemy.moml.MoMLSimpleApplication@4f1268f9
reloadAllAccessors: .DateToEvent
----------------- testing Fri May 25 01:19:37 UTC 2018 /home/travis/build/icyphy/ptII/ptolemy/domains/de/test/auto/DepthTest1.xml
----------------- Instantiating /home/travis/build/icyphy/ptII/ptolemy/domains/de/test/auto/DepthTest1.xml
1 ms. Memory: 138752K Free: 101764K (73%)
----------------- Invoking toplevel() on ptolemy.moml.MoMLSimpleApplication@515fd40
----------------- Done invoking toplevel() on ptolemy.moml.MoMLSimpleApplication@515fd40
reloadAllAccessors: .DepthTest1
----------------- testing Fri May 25 01:19:37 UTC 2018 /home/travis/build/icyphy/ptII/ptolemy/domains/de/test/auto/DepthTest2.xml
----------------- Instantiating /home/travis/build/icyphy/ptII/ptolemy/domains/de/test/auto/DepthTest2.xml
1 ms. Memory: 138752K Free: 93833K (68%)
----------------- Invoking toplevel() on ptolemy.moml.MoMLSimpleApplication@2b559eb0
----------------- Done invoking toplevel() on ptolemy.moml.MoMLSimpleApplication@2b559eb0
reloadAllAccessors: .DepthTest2
----------------- testing Fri May 25 01:19:37 UTC 2018 /home/travis/build/icyphy/ptII/ptolemy/domains/de/test/auto/DepthTest3.xml
----------------- Instantiating /home/travis/build/icyphy/ptII/ptolemy/domains/de/test/auto/DepthTest3.xml
1 ms. Memory: 138752K Free: 89802K (65%)
----------------- Invoking toplevel() on ptolemy.moml.MoMLSimpleApplication@3af2f94a
----------------- Done invoking toplevel() on ptolemy.moml.MoMLSimpleApplication@3af2f94a
reloadAllAccessors: .DepthTest3
----------------- testing Fri May 25 01:19:37 UTC 2018 /home/travis/build/icyphy/ptII/ptolemy/domains/de/test/auto/DepthTest4.xml
----------------- Instantiating /home/travis/build/icyphy/ptII/ptolemy/domains/de/test/auto/DepthTest4.xml
1 ms. Memory: 138752K Free: 84208K (61%)
----------------- Invoking toplevel() on ptolemy.moml.MoMLSimpleApplication@24a51e90
----------------- Done invoking toplevel() on ptolemy.moml.MoMLSimpleApplication@24a51e90
reloadAllAccessors: .DepthTest4
----------------- testing Fri May 25 01:19:37 UTC 2018 /home/travis/build/icyphy/ptII/ptolemy/domains/de/test/auto/DepthTest5.xml
----------------- Instantiating /home/travis/build/icyphy/ptII/ptolemy/domains/de/test/auto/DepthTest5.xml
2 ms. Memory: 138752K Free: 77260K (56%)
----------------- Invoking toplevel() on ptolemy.moml.MoMLSimpleApplication@1117924e
----------------- Done invoking toplevel() on ptolemy.moml.MoMLSimpleApplication@1117924e
reloadAllAccessors: .DepthTest5
----------------- testing Fri May 25 01:19:37 UTC 2018 /home/travis/build/icyphy/ptII/ptolemy/domains/de/test/auto/DepthTest6.xml
----------------- Instantiating /home/travis/build/icyphy/ptII/ptolemy/domains/de/test/auto/DepthTest6.xml
1 ms. Memory: 150528K Free: 139830K (93%)
----------------- Invoking toplevel() on ptolemy.moml.MoMLSimpleApplication@50414b92
----------------- Done invoking toplevel() on ptolemy.moml.MoMLSimpleApplication@50414b92
reloadAllAccessors: .DepthTest6
----------------- testing Fri May 25 01:19:37 UTC 2018 /home/travis/build/icyphy/ptII/ptolemy/domains/de/test/auto/DepthTest7.xml
----------------- Instantiating /home/travis/build/icyphy/ptII/ptolemy/domains/de/test/auto/DepthTest7.xml
1 ms. Memory: 150528K Free: 133653K (89%)
----------------- Invoking toplevel() on ptolemy.moml.MoMLSimpleApplication@7499cd2
----------------- Done invoking toplevel() on ptolemy.moml.MoMLSimpleApplication@7499cd2
reloadAllAccessors: .DepthTest7
----------------- testing Fri May 25 01:19:37 UTC 2018 /home/travis/build/icyphy/ptII/ptolemy/domains/de/test/auto/EventToDate.xml
----------------- Instantiating /home/travis/build/icyphy/ptII/ptolemy/domains/de/test/auto/EventToDate.xml
3002 ms. Memory: 150528K Free: 117804K (78%)
----------------- Invoking toplevel() on ptolemy.moml.MoMLSimpleApplication@20a13c15
----------------- Done invoking toplevel() on ptolemy.moml.MoMLSimpleApplication@20a13c15
reloadAllAccessors: .EventToDate
----------------- testing Fri May 25 01:19:40 UTC 2018 /home/travis/build/icyphy/ptII/ptolemy/domains/de/test/auto/FSM1.xml
----------------- Instantiating /home/travis/build/icyphy/ptII/ptolemy/domains/de/test/auto/FSM1.xml
18 ms. Memory: 150528K Free: 103220K (69%)
----------------- Invoking toplevel() on ptolemy.moml.MoMLSimpleApplication@49cf60d
----------------- Done invoking toplevel() on ptolemy.moml.MoMLSimpleApplication@49cf60d
reloadAllAccessors: .FSM1
----------------- testing Fri May 25 01:19:40 UTC 2018 /home/travis/build/icyphy/ptII/ptolemy/domains/de/test/auto/FSM7.xml
----------------- Instantiating /home/travis/build/icyphy/ptII/ptolemy/domains/de/test/auto/FSM7.xml
8 ms. Memory: 150528K Free: 88676K (59%)
----------------- Invoking toplevel() on ptolemy.moml.MoMLSimpleApplication@5fb3c380
----------------- Done invoking toplevel() on ptolemy.moml.MoMLSimpleApplication@5fb3c380
reloadAllAccessors: .FSM7
----------------- testing Fri May 25 01:19:40 UTC 2018 /home/travis/build/icyphy/ptII/ptolemy/domains/de/test/auto/Inspection.xml
----------------- Instantiating /home/travis/build/icyphy/ptII/ptolemy/domains/de/test/auto/Inspection.xml
12 ms. Memory: 148992K Free: 142191K (95%)
----------------- Invoking toplevel() on ptolemy.moml.MoMLSimpleApplication@14e9621f
----------------- Done invoking toplevel() on ptolemy.moml.MoMLSimpleApplication@14e9621f
reloadAllAccessors: .Inspection
----------------- testing Fri May 25 01:19:40 UTC 2018 /home/travis/build/icyphy/ptII/ptolemy/domains/de/test/auto/Iteration.xml
----------------- Instantiating /home/travis/build/icyphy/ptII/ptolemy/domains/de/test/auto/Iteration.xml
4 ms. Memory: 148992K Free: 133527K (90%)
----------------- Invoking toplevel() on ptolemy.moml.MoMLSimpleApplication@773dfe52
----------------- Done invoking toplevel() on ptolemy.moml.MoMLSimpleApplication@773dfe52
reloadAllAccessors: .Iteration
----------------- testing Fri May 25 01:19:40 UTC 2018 /home/travis/build/icyphy/ptII/ptolemy/domains/de/test/auto/LineFault.xml
----------------- Instantiating /home/travis/build/icyphy/ptII/ptolemy/domains/de/test/auto/LineFault.xml
420 ms. Memory: 162816K Free: 94083K (58%)
----------------- Invoking toplevel() on ptolemy.moml.MoMLSimpleApplication@30fe2435
----------------- Done invoking toplevel() on ptolemy.moml.MoMLSimpleApplication@30fe2435
reloadAllAccessors: .LineFault
----------------- testing Fri May 25 01:19:41 UTC 2018 /home/travis/build/icyphy/ptII/ptolemy/domains/de/test/auto/MergeModel1Add.xml
----------------- Instantiating /home/travis/build/icyphy/ptII/ptolemy/domains/de/test/auto/MergeModel1Add.xml
11 ms. Memory: 179200K Free: 170074K (95%)
----------------- Invoking toplevel() on ptolemy.moml.MoMLSimpleApplication@21544085
----------------- Done invoking toplevel() on ptolemy.moml.MoMLSimpleApplication@21544085
reloadAllAccessors: .MergeModel1Add
----------------- testing Fri May 25 01:19:41 UTC 2018 /home/travis/build/icyphy/ptII/ptolemy/domains/de/test/auto/MergeModel2Add.xml
----------------- Instantiating /home/travis/build/icyphy/ptII/ptolemy/domains/de/test/auto/MergeModel2Add.xml
5 ms. Memory: 179200K Free: 149300K (83%)
----------------- Invoking toplevel() on ptolemy.moml.MoMLSimpleApplication@7ee9f3a1
----------------- Done invoking toplevel() on ptolemy.moml.MoMLSimpleApplication@7ee9f3a1
reloadAllAccessors: .MergeModel2Add
----------------- testing Fri May 25 01:19:41 UTC 2018 /home/travis/build/icyphy/ptII/ptolemy/domains/de/test/auto/MergeModel3Add.xml
----------------- Instantiating /home/travis/build/icyphy/ptII/ptolemy/domains/de/test/auto/MergeModel3Add.xml
4 ms. Memory: 179200K Free: 129020K (72%)
----------------- Invoking toplevel() on ptolemy.moml.MoMLSimpleApplication@3580714b
----------------- Done invoking toplevel() on ptolemy.moml.MoMLSimpleApplication@3580714b
reloadAllAccessors: .MergeModel3Add
----------------- testing Fri May 25 01:19:41 UTC 2018 /home/travis/build/icyphy/ptII/ptolemy/domains/de/test/auto/MergeWithoutDiscard.xml
----------------- Instantiating /home/travis/build/icyphy/ptII/ptolemy/domains/de/test/auto/MergeWithoutDiscard.xml
1 ms. Memory: 179200K Free: 123993K (69%)
----------------- Invoking toplevel() on ptolemy.moml.MoMLSimpleApplication@1596121c
----------------- Done invoking toplevel() on ptolemy.moml.MoMLSimpleApplication@1596121c
reloadAllAccessors: .MergeWithoutDiscard
----------------- testing Fri May 25 01:19:41 UTC 2018 /home/travis/build/icyphy/ptII/ptolemy/domains/de/test/auto/Modal1.xml
----------------- Instantiating /home/travis/build/icyphy/ptII/ptolemy/domains/de/test/auto/Modal1.xml
11 ms. Memory: 179200K Free: 110320K (62%)
----------------- Invoking toplevel() on ptolemy.moml.MoMLSimpleApplication@1bd150cb
----------------- Done invoking toplevel() on ptolemy.moml.MoMLSimpleApplication@1bd150cb
reloadAllAccessors: .Modal1
----------------- testing Fri May 25 01:19:41 UTC 2018 /home/travis/build/icyphy/ptII/ptolemy/domains/de/test/auto/Modal2.xml
----------------- Instantiating /home/travis/build/icyphy/ptII/ptolemy/domains/de/test/auto/Modal2.xml
8 ms. Memory: 179200K Free: 96655K (54%)
----------------- Invoking toplevel() on ptolemy.moml.MoMLSimpleApplication@2172826d
----------------- Done invoking toplevel() on ptolemy.moml.MoMLSimpleApplication@2172826d
reloadAllAccessors: .Modal2
----------------- testing Fri May 25 01:19:41 UTC 2018 /home/travis/build/icyphy/ptII/ptolemy/domains/de/test/auto/Modal3.xml
----------------- Instantiating /home/travis/build/icyphy/ptII/ptolemy/domains/de/test/auto/Modal3.xml
9 ms. Memory: 179200K Free: 82339K (46%)
----------------- Invoking toplevel() on ptolemy.moml.MoMLSimpleApplication@1dd52af4
----------------- Done invoking toplevel() on ptolemy.moml.MoMLSimpleApplication@1dd52af4
reloadAllAccessors: .Modal3
----------------- testing Fri May 25 01:19:41 UTC 2018 /home/travis/build/icyphy/ptII/ptolemy/domains/de/test/auto/Modal4.xml
----------------- Instantiating /home/travis/build/icyphy/ptII/ptolemy/domains/de/test/auto/Modal4.xml
9 ms. Memory: 198144K Free: 182775K (92%)
----------------- Invoking toplevel() on ptolemy.moml.MoMLSimpleApplication@4c92c6f3
----------------- Done invoking toplevel() on ptolemy.moml.MoMLSimpleApplication@4c92c6f3
reloadAllAccessors: .Modal4
----------------- testing Fri May 25 01:19:41 UTC 2018 /home/travis/build/icyphy/ptII/ptolemy/domains/de/test/auto/Modal5.xml
----------------- Instantiating /home/travis/build/icyphy/ptII/ptolemy/domains/de/test/auto/Modal5.xml
7 ms. Memory: 198144K Free: 166927K (84%)
----------------- Invoking toplevel() on ptolemy.moml.MoMLSimpleApplication@6ae7a4e9
----------------- Done invoking toplevel() on ptolemy.moml.MoMLSimpleApplication@6ae7a4e9
reloadAllAccessors: .Modal5
----------------- testing Fri May 25 01:19:41 UTC 2018 /home/travis/build/icyphy/ptII/ptolemy/domains/de/test/auto/Modal6.xml
----------------- Instantiating /home/travis/build/icyphy/ptII/ptolemy/domains/de/test/auto/Modal6.xml
9 ms. Memory: 198144K Free: 151205K (76%)
----------------- Invoking toplevel() on ptolemy.moml.MoMLSimpleApplication@73f90722
----------------- Done invoking toplevel() on ptolemy.moml.MoMLSimpleApplication@73f90722
reloadAllAccessors: .Modal6
----------------- testing Fri May 25 01:19:41 UTC 2018 /home/travis/build/icyphy/ptII/ptolemy/domains/de/test/auto/Modal7.xml
----------------- Instantiating /home/travis/build/icyphy/ptII/ptolemy/domains/de/test/auto/Modal7.xml
6 ms. Memory: 198144K Free: 135444K (68%)
----------------- Invoking toplevel() on ptolemy.moml.MoMLSimpleApplication@60e7492a
----------------- Done invoking toplevel() on ptolemy.moml.MoMLSimpleApplication@60e7492a
reloadAllAccessors: .Modal7
----------------- testing Fri May 25 01:19:41 UTC 2018 /home/travis/build/icyphy/ptII/ptolemy/domains/de/test/auto/ModalModel.xml
----------------- Instantiating /home/travis/build/icyphy/ptII/ptolemy/domains/de/test/auto/ModalModel.xml
129 ms. Memory: 222720K Free: 204264K (92%)
----------------- Invoking toplevel() on ptolemy.moml.MoMLSimpleApplication@6c1acdc4
----------------- Done invoking toplevel() on ptolemy.moml.MoMLSimpleApplication@6c1acdc4
reloadAllAccessors: .ModalModel
----------------- testing Fri May 25 01:19:41 UTC 2018 /home/travis/build/icyphy/ptII/ptolemy/domains/de/test/auto/ModalSource.xml
----------------- Instantiating /home/travis/build/icyphy/ptII/ptolemy/domains/de/test/auto/ModalSource.xml
4 ms. Memory: 222720K Free: 193323K (87%)
----------------- Invoking toplevel() on ptolemy.moml.MoMLSimpleApplication@123149e
----------------- Done invoking toplevel() on ptolemy.moml.MoMLSimpleApplication@123149e
reloadAllAccessors: .ModalSource
----------------- testing Fri May 25 01:19:41 UTC 2018 /home/travis/build/icyphy/ptII/ptolemy/domains/de/test/auto/NonInterruptibleTimerZeroDelay.xml
----------------- Instantiating /home/travis/build/icyphy/ptII/ptolemy/domains/de/test/auto/NonInterruptibleTimerZeroDelay.xml
1 ms. Memory: 222720K Free: 188156K (84%)
----------------- Invoking toplevel() on ptolemy.moml.MoMLSimpleApplication@1fad6f4f
----------------- Done invoking toplevel() on ptolemy.moml.MoMLSimpleApplication@1fad6f4f
reloadAllAccessors: .NonInterruptibleTimerZeroDelay
----------------- testing Fri May 25 01:19:41 UTC 2018 /home/travis/build/icyphy/ptII/ptolemy/domains/de/test/auto/OpenQueueingNetwork.xml
----------------- Instantiating /home/travis/build/icyphy/ptII/ptolemy/domains/de/test/auto/OpenQueueingNetwork.xml
2743 ms. Memory: 236544K Free: 69558K (29%)
----------------- Invoking toplevel() on ptolemy.moml.MoMLSimpleApplication@55915311
----------------- Done invoking toplevel() on ptolemy.moml.MoMLSimpleApplication@55915311
reloadAllAccessors: .OpenQueueingNetwork
----------------- testing Fri May 25 01:19:44 UTC 2018 /home/travis/build/icyphy/ptII/ptolemy/domains/de/test/auto/OpenQueuingNetwork.xml
----------------- Instantiating /home/travis/build/icyphy/ptII/ptolemy/domains/de/test/auto/OpenQueuingNetwork.xml
352 ms. Memory: 232448K Free: 131421K (57%)
----------------- Invoking toplevel() on ptolemy.moml.MoMLSimpleApplication@4d569e31
----------------- Done invoking toplevel() on ptolemy.moml.MoMLSimpleApplication@4d569e31
reloadAllAccessors: .OpenQueuingNetwork
----------------- testing Fri May 25 01:19:45 UTC 2018 /home/travis/build/icyphy/ptII/ptolemy/domains/de/test/auto/PeriodicSampler.xml
----------------- Instantiating /home/travis/build/icyphy/ptII/ptolemy/domains/de/test/auto/PeriodicSampler.xml
2 ms. Memory: 232448K Free: 126413K (54%)
----------------- Invoking toplevel() on ptolemy.moml.MoMLSimpleApplication@665e0b4f
----------------- Done invoking toplevel() on ptolemy.moml.MoMLSimpleApplication@665e0b4f
reloadAllAccessors: .PeriodicSampler
----------------- testing Fri May 25 01:19:45 UTC 2018 /home/travis/build/icyphy/ptII/ptolemy/domains/de/test/auto/PersistentIO.xml
----------------- Instantiating /home/travis/build/icyphy/ptII/ptolemy/domains/de/test/auto/PersistentIO.xml
4 ms. Memory: 232448K Free: 115381K (50%)
----------------- Invoking toplevel() on ptolemy.moml.MoMLSimpleApplication@21058b7c
----------------- Done invoking toplevel() on ptolemy.moml.MoMLSimpleApplication@21058b7c
reloadAllAccessors: .PersistentIO
----------------- testing Fri May 25 01:19:45 UTC 2018 /home/travis/build/icyphy/ptII/ptolemy/domains/de/test/auto/PortParameterResetOnInitialize.xml
----------------- Instantiating /home/travis/build/icyphy/ptII/ptolemy/domains/de/test/auto/PortParameterResetOnInitialize.xml
2 ms. Memory: 232448K Free: 108948K (47%)
----------------- Invoking toplevel() on ptolemy.moml.MoMLSimpleApplication@7359f1e3
----------------- Done invoking toplevel() on ptolemy.moml.MoMLSimpleApplication@7359f1e3
reloadAllAccessors: .PortParameterResetOnInitialize
----------------- testing Fri May 25 01:19:45 UTC 2018 /home/travis/build/icyphy/ptII/ptolemy/domains/de/test/auto/PortParameterUpdates.xml
----------------- Instantiating /home/travis/build/icyphy/ptII/ptolemy/domains/de/test/auto/PortParameterUpdates.xml
4 ms. Memory: 232448K Free: 100951K (43%)
----------------- Invoking toplevel() on ptolemy.moml.MoMLSimpleApplication@692f983c
----------------- Done invoking toplevel() on ptolemy.moml.MoMLSimpleApplication@692f983c
reloadAllAccessors: .PortParameterUpdates
----------------- testing Fri May 25 01:19:45 UTC 2018 /home/travis/build/icyphy/ptII/ptolemy/domains/de/test/auto/QueueAndServer.xml
----------------- Instantiating /home/travis/build/icyphy/ptII/ptolemy/domains/de/test/auto/QueueAndServer.xml
7 ms. Memory: 232448K Free: 91442K (39%)
----------------- Invoking toplevel() on ptolemy.moml.MoMLSimpleApplication@349cc121
----------------- Done invoking toplevel() on ptolemy.moml.MoMLSimpleApplication@349cc121
reloadAllAccessors: .QueueAndServer
----------------- testing Fri May 25 01:19:45 UTC 2018 /home/travis/build/icyphy/ptII/ptolemy/domains/de/test/auto/Records.xml
----------------- Instantiating /home/travis/build/icyphy/ptII/ptolemy/domains/de/test/auto/Records.xml
3 ms. Memory: 232448K Free: 84945K (37%)
----------------- Invoking toplevel() on ptolemy.moml.MoMLSimpleApplication@6a535d50
----------------- Done invoking toplevel() on ptolemy.moml.MoMLSimpleApplication@6a535d50
reloadAllAccessors: .Records
----------------- testing Fri May 25 01:19:45 UTC 2018 /home/travis/build/icyphy/ptII/ptolemy/domains/de/test/auto/ResetTransitionWithStartTime1.xml
----------------- Instantiating /home/travis/build/icyphy/ptII/ptolemy/domains/de/test/auto/ResetTransitionWithStartTime1.xml
6 ms. Memory: 232448K Free: 73945K (32%)
----------------- Invoking toplevel() on ptolemy.moml.MoMLSimpleApplication@72b31b3b
----------------- Done invoking toplevel() on ptolemy.moml.MoMLSimpleApplication@72b31b3b
reloadAllAccessors: .ResetTransitionWithStartTime1
----------------- testing Fri May 25 01:19:45 UTC 2018 /home/travis/build/icyphy/ptII/ptolemy/domains/de/test/auto/ResetTransitionWithStartTime2.xml
----------------- Instantiating /home/travis/build/icyphy/ptII/ptolemy/domains/de/test/auto/ResetTransitionWithStartTime2.xml
6 ms. Memory: 224768K Free: 204904K (91%)
----------------- Invoking toplevel() on ptolemy.moml.MoMLSimpleApplication@3c078679
----------------- Done invoking toplevel() on ptolemy.moml.MoMLSimpleApplication@3c078679
reloadAllAccessors: .ResetTransitionWithStartTime2
----------------- testing Fri May 25 01:19:45 UTC 2018 /home/travis/build/icyphy/ptII/ptolemy/domains/de/test/auto/ResetTransitionWithStartTime3.xml
----------------- Instantiating /home/travis/build/icyphy/ptII/ptolemy/domains/de/test/auto/ResetTransitionWithStartTime3.xml
5 ms. Memory: 224768K Free: 194333K (86%)
----------------- Invoking toplevel() on ptolemy.moml.MoMLSimpleApplication@542fab94
----------------- Done invoking toplevel() on ptolemy.moml.MoMLSimpleApplication@542fab94
reloadAllAccessors: .ResetTransitionWithStartTime3
----------------- testing Fri May 25 01:19:45 UTC 2018 /home/travis/build/icyphy/ptII/ptolemy/domains/de/test/auto/ResetTransitionWithStartTime4.xml
----------------- Instantiating /home/travis/build/icyphy/ptII/ptolemy/domains/de/test/auto/ResetTransitionWithStartTime4.xml
4 ms. Memory: 224768K Free: 185199K (82%)
----------------- Invoking toplevel() on ptolemy.moml.MoMLSimpleApplication@2bf2721a
----------------- Done invoking toplevel() on ptolemy.moml.MoMLSimpleApplication@2bf2721a
reloadAllAccessors: .ResetTransitionWithStartTime4
----------------- testing Fri May 25 01:19:45 UTC 2018 /home/travis/build/icyphy/ptII/ptolemy/domains/de/test/auto/ResettableTimer1.xml
----------------- Instantiating /home/travis/build/icyphy/ptII/ptolemy/domains/de/test/auto/ResettableTimer1.xml
2 ms. Memory: 224768K Free: 178922K (80%)
----------------- Invoking toplevel() on ptolemy.moml.MoMLSimpleApplication@70a1e6c1
----------------- Done invoking toplevel() on ptolemy.moml.MoMLSimpleApplication@70a1e6c1
reloadAllAccessors: .ResettableTimer1
----------------- testing Fri May 25 01:19:45 UTC 2018 /home/travis/build/icyphy/ptII/ptolemy/domains/de/test/auto/ResettableTimer2.xml
----------------- Instantiating /home/travis/build/icyphy/ptII/ptolemy/domains/de/test/auto/ResettableTimer2.xml
2 ms. Memory: 224768K Free: 172729K (77%)
----------------- Invoking toplevel() on ptolemy.moml.MoMLSimpleApplication@32d24c48
----------------- Done invoking toplevel() on ptolemy.moml.MoMLSimpleApplication@32d24c48
reloadAllAccessors: .ResettableTimer2
----------------- testing Fri May 25 01:19:45 UTC 2018 /home/travis/build/icyphy/ptII/ptolemy/domains/de/test/auto/ResettableTimer3.xml
----------------- Instantiating /home/travis/build/icyphy/ptII/ptolemy/domains/de/test/auto/ResettableTimer3.xml
1 ms. Memory: 224768K Free: 166460K (74%)
----------------- Invoking toplevel() on ptolemy.moml.MoMLSimpleApplication@50a383e4
----------------- Done invoking toplevel() on ptolemy.moml.MoMLSimpleApplication@50a383e4
reloadAllAccessors: .ResettableTimer3
----------------- testing Fri May 25 01:19:45 UTC 2018 /home/travis/build/icyphy/ptII/ptolemy/domains/de/test/auto/ResettableTimer4.xml
----------------- Instantiating /home/travis/build/icyphy/ptII/ptolemy/domains/de/test/auto/ResettableTimer4.xml
1 ms. Memory: 224768K Free: 160191K (71%)
----------------- Invoking toplevel() on ptolemy.moml.MoMLSimpleApplication@28cca67b
----------------- Done invoking toplevel() on ptolemy.moml.MoMLSimpleApplication@28cca67b
reloadAllAccessors: .ResettableTimer4
----------------- testing Fri May 25 01:19:45 UTC 2018 /home/travis/build/icyphy/ptII/ptolemy/domains/de/test/auto/ResettableTimer5.xml
----------------- Instantiating /home/travis/build/icyphy/ptII/ptolemy/domains/de/test/auto/ResettableTimer5.xml
1 ms. Memory: 224768K Free: 153922K (68%)
----------------- Invoking toplevel() on ptolemy.moml.MoMLSimpleApplication@26f4cecf
----------------- Done invoking toplevel() on ptolemy.moml.MoMLSimpleApplication@26f4cecf
reloadAllAccessors: .ResettableTimer5
----------------- testing Fri May 25 01:19:45 UTC 2018 /home/travis/build/icyphy/ptII/ptolemy/domains/de/test/auto/ResettableTimer6.xml
----------------- Instantiating /home/travis/build/icyphy/ptII/ptolemy/domains/de/test/auto/ResettableTimer6.xml
1 ms. Memory: 224768K Free: 147728K (66%)
----------------- Invoking toplevel() on ptolemy.moml.MoMLSimpleApplication@6a4c59aa
----------------- Done invoking toplevel() on ptolemy.moml.MoMLSimpleApplication@6a4c59aa
reloadAllAccessors: .ResettableTimer6
----------------- testing Fri May 25 01:19:45 UTC 2018 /home/travis/build/icyphy/ptII/ptolemy/domains/de/test/auto/ServerZeroDelay.xml
----------------- Instantiating /home/travis/build/icyphy/ptII/ptolemy/domains/de/test/auto/ServerZeroDelay.xml
2 ms. Memory: 224768K Free: 141457K (63%)
----------------- Invoking toplevel() on ptolemy.moml.MoMLSimpleApplication@68e51080
----------------- Done invoking toplevel() on ptolemy.moml.MoMLSimpleApplication@68e51080
reloadAllAccessors: .ServerZeroDelay
----------------- testing Fri May 25 01:19:45 UTC 2018 /home/travis/build/icyphy/ptII/ptolemy/domains/de/test/auto/SmartSender.xml
----------------- Instantiating /home/travis/build/icyphy/ptII/ptolemy/domains/de/test/auto/SmartSender.xml
3001 ms. Memory: 224768K Free: 135202K (60%)
----------------- Invoking toplevel() on ptolemy.moml.MoMLSimpleApplication@46642010
----------------- Done invoking toplevel() on ptolemy.moml.MoMLSimpleApplication@46642010
reloadAllAccessors: .SmartSender
----------------- testing Fri May 25 01:19:48 UTC 2018 /home/travis/build/icyphy/ptII/ptolemy/domains/de/test/auto/ThreadedComposite.xml
----------------- Instantiating /home/travis/build/icyphy/ptII/ptolemy/domains/de/test/auto/ThreadedComposite.xml
293 ms. Memory: 224768K Free: 107464K (48%)
----------------- Invoking toplevel() on ptolemy.moml.MoMLSimpleApplication@fd4d139
----------------- Done invoking toplevel() on ptolemy.moml.MoMLSimpleApplication@fd4d139
reloadAllAccessors: .ThreadedComposite
----------------- testing Fri May 25 01:19:48 UTC 2018 /home/travis/build/icyphy/ptII/ptolemy/domains/de/test/auto/Time.xml
----------------- Instantiating /home/travis/build/icyphy/ptII/ptolemy/domains/de/test/auto/Time.xml
517 ms. Memory: 218624K Free: 190090K (87%)
----------------- Invoking toplevel() on ptolemy.moml.MoMLSimpleApplication@3d722a0d
----------------- Done invoking toplevel() on ptolemy.moml.MoMLSimpleApplication@3d722a0d
reloadAllAccessors: .Time
----------------- testing Fri May 25 01:19:49 UTC 2018 /home/travis/build/icyphy/ptII/ptolemy/domains/de/test/auto/TimeDelayZeroDelay.xml
----------------- Instantiating /home/travis/build/icyphy/ptII/ptolemy/domains/de/test/auto/TimeDelayZeroDelay.xml
2 ms. Memory: 218624K Free: 184230K (84%)
----------------- Invoking toplevel() on ptolemy.moml.MoMLSimpleApplication@389d237f
----------------- Done invoking toplevel() on ptolemy.moml.MoMLSimpleApplication@389d237f
reloadAllAccessors: .TimeDelayZeroDelay
----------------- testing Fri May 25 01:19:49 UTC 2018 /home/travis/build/icyphy/ptII/ptolemy/domains/de/test/auto/TimerZeroDelay.xml
----------------- Instantiating /home/travis/build/icyphy/ptII/ptolemy/domains/de/test/auto/TimerZeroDelay.xml
2 ms. Memory: 218624K Free: 179058K (82%)
----------------- Invoking toplevel() on ptolemy.moml.MoMLSimpleApplication@3046e5b1
----------------- Done invoking toplevel() on ptolemy.moml.MoMLSimpleApplication@3046e5b1
reloadAllAccessors: .TimerZeroDelay
----------------- testing Fri May 25 01:19:49 UTC 2018 /home/travis/build/icyphy/ptII/ptolemy/domains/de/test/auto/TimingParadox.xml
----------------- Instantiating /home/travis/build/icyphy/ptII/ptolemy/domains/de/test/auto/TimingParadox.xml
454 ms. Memory: 218624K Free: 110502K (51%)
----------------- Invoking toplevel() on ptolemy.moml.MoMLSimpleApplication@2db86330
----------------- Done invoking toplevel() on ptolemy.moml.MoMLSimpleApplication@2db86330
reloadAllAccessors: .TimingParadox
----------------- testing Fri May 25 01:19:49 UTC 2018 /home/travis/build/icyphy/ptII/ptolemy/domains/de/test/auto/TransferInputs.xml
----------------- Instantiating /home/travis/build/icyphy/ptII/ptolemy/domains/de/test/auto/TransferInputs.xml
1 ms. Memory: 218624K Free: 105371K (48%)
----------------- Invoking toplevel() on ptolemy.moml.MoMLSimpleApplication@70d39f6e
----------------- Done invoking toplevel() on ptolemy.moml.MoMLSimpleApplication@70d39f6e
reloadAllAccessors: .TransferInputs
----------------- testing Fri May 25 01:19:49 UTC 2018 /home/travis/build/icyphy/ptII/ptolemy/domains/de/test/auto/TransferOutputs2.xml
----------------- Instantiating /home/travis/build/icyphy/ptII/ptolemy/domains/de/test/auto/TransferOutputs2.xml
7 ms. Memory: 218624K Free: 95675K (44%)
----------------- Invoking toplevel() on ptolemy.moml.MoMLSimpleApplication@511287ac
----------------- Done invoking toplevel() on ptolemy.moml.MoMLSimpleApplication@511287ac
reloadAllAccessors: .TransferOutputs2
----------------- testing Fri May 25 01:19:49 UTC 2018 /home/travis/build/icyphy/ptII/ptolemy/domains/de/test/auto/Trilateration.xml
----------------- Instantiating /home/travis/build/icyphy/ptII/ptolemy/domains/de/test/auto/Trilateration.xml
13004 ms. Memory: 333824K Free: 195642K (59%)
----------------- Invoking toplevel() on ptolemy.moml.MoMLSimpleApplication@2afddc5b
----------------- Done invoking toplevel() on ptolemy.moml.MoMLSimpleApplication@2afddc5b
reloadAllAccessors: .Trilateration
----------------- testing Fri May 25 01:20:03 UTC 2018 /home/travis/build/icyphy/ptII/ptolemy/domains/de/test/auto/TwoSigmaDelta.xml
----------------- Instantiating /home/travis/build/icyphy/ptII/ptolemy/domains/de/test/auto/TwoSigmaDelta.xml
2204 ms. Memory: 318976K Free: 148305K (46%)
----------------- Invoking toplevel() on ptolemy.moml.MoMLSimpleApplication@16f05701
----------------- Done invoking toplevel() on ptolemy.moml.MoMLSimpleApplication@16f05701
reloadAllAccessors: .TwoSigmaDelta
----------------- testing Fri May 25 01:20:06 UTC 2018 /home/travis/build/icyphy/ptII/ptolemy/domains/de/test/auto/VariableDelay.xml
----------------- Instantiating /home/travis/build/icyphy/ptII/ptolemy/domains/de/test/auto/VariableDelay.xml
1 ms. Memory: 318976K Free: 138107K (43%)
----------------- Invoking toplevel() on ptolemy.moml.MoMLSimpleApplication@6d008bcb
----------------- Done invoking toplevel() on ptolemy.moml.MoMLSimpleApplication@6d008bcb
reloadAllAccessors: .VariableDelay
----------------- testing Fri May 25 01:20:06 UTC 2018 /home/travis/build/icyphy/ptII/ptolemy/domains/de/test/auto/VariableDelay2.xml
----------------- Instantiating /home/travis/build/icyphy/ptII/ptolemy/domains/de/test/auto/VariableDelay2.xml
1 ms. Memory: 318976K Free: 130514K (41%)
----------------- Invoking toplevel() on ptolemy.moml.MoMLSimpleApplication@25616570
----------------- Done invoking toplevel() on ptolemy.moml.MoMLSimpleApplication@25616570
reloadAllAccessors: .VariableDelay2
----------------- testing Fri May 25 01:20:06 UTC 2018 /home/travis/build/icyphy/ptII/ptolemy/domains/de/test/auto/VariableDelayZeroDelay.xml
----------------- Instantiating /home/travis/build/icyphy/ptII/ptolemy/domains/de/test/auto/VariableDelayZeroDelay.xml
3 ms. Memory: 318976K Free: 122836K (39%)
----------------- Invoking toplevel() on ptolemy.moml.MoMLSimpleApplication@5174d77a
----------------- Done invoking toplevel() on ptolemy.moml.MoMLSimpleApplication@5174d77a
reloadAllAccessors: .VariableDelayZeroDelay
----------------- testing Fri May 25 01:20:06 UTC 2018 /home/travis/build/icyphy/ptII/ptolemy/domains/de/test/auto/VariableDelayZeroDelay2.xml
----------------- Instantiating /home/travis/build/icyphy/ptII/ptolemy/domains/de/test/auto/VariableDelayZeroDelay2.xml
3 ms. Memory: 318976K Free: 115259K (36%)
----------------- Invoking toplevel() on ptolemy.moml.MoMLSimpleApplication@126b9d0a
----------------- Done invoking toplevel() on ptolemy.moml.MoMLSimpleApplication@126b9d0a
reloadAllAccessors: .VariableDelayZeroDelay2
----------------- testing Fri May 25 01:20:06 UTC 2018 /home/travis/build/icyphy/ptII/ptolemy/domains/de/test/auto/deInCt.xml
----------------- Instantiating /home/travis/build/icyphy/ptII/ptolemy/domains/de/test/auto/deInCt.xml
0
1
1
1
0
0
0
1
1
1
1
0
0
0
1
1
1
1
0
0
0
1
1
1
1
1
0
0
0
1
1
1
1
1
12 ms. Memory: 318976K Free: 107588K (34%)
----------------- Invoking toplevel() on ptolemy.moml.MoMLSimpleApplication@7ee63e62
----------------- Done invoking toplevel() on ptolemy.moml.MoMLSimpleApplication@7ee63e62
reloadAllAccessors: .deInCt
----------------- testing Fri May 25 01:20:06 UTC 2018 /home/travis/build/icyphy/ptII/ptolemy/domains/de/test/auto/deInCt2.xml
----------------- Instantiating /home/travis/build/icyphy/ptII/ptolemy/domains/de/test/auto/deInCt2.xml
0
1
1
1
0
0
1
1
1
0
0
1
1
1
0
0
1
1
1
0
0
1
1
1
0
0
1
1
1
0
0
1
1
1
0
0
1
1
1
0
0
0
8 ms. Memory: 318976K Free: 100002K (31%)
----------------- Invoking toplevel() on ptolemy.moml.MoMLSimpleApplication@1d2be28b
----------------- Done invoking toplevel() on ptolemy.moml.MoMLSimpleApplication@1d2be28b
reloadAllAccessors: .deInCt2
----------------- testing Fri May 25 01:20:06 UTC 2018 /home/travis/build/icyphy/ptII/ptolemy/domains/de/test/auto/dynamicCausalityInterface1.xml
----------------- Instantiating /home/travis/build/icyphy/ptII/ptolemy/domains/de/test/auto/dynamicCausalityInterface1.xml
1 ms. Memory: 318976K Free: 87559K (27%)
----------------- Invoking toplevel() on ptolemy.moml.MoMLSimpleApplication@22eb0593
----------------- Done invoking toplevel() on ptolemy.moml.MoMLSimpleApplication@22eb0593
reloadAllAccessors: .dynamicCausalityInterface1
----------------- testing Fri May 25 01:20:06 UTC 2018 /home/travis/build/icyphy/ptII/ptolemy/domains/de/test/auto/fsm_de_test.xml
----------------- Instantiating /home/travis/build/icyphy/ptII/ptolemy/domains/de/test/auto/fsm_de_test.xml
9 ms. Memory: 318976K Free: 75241K (24%)
----------------- Invoking toplevel() on ptolemy.moml.MoMLSimpleApplication@3d30e152
----------------- Done invoking toplevel() on ptolemy.moml.MoMLSimpleApplication@3d30e152
reloadAllAccessors: .fsm_de_test
----------------- testing Fri May 25 01:20:06 UTC 2018 /home/travis/build/icyphy/ptII/ptolemy/domains/de/test/auto/functionDependencyReconstruction.xml
----------------- Instantiating /home/travis/build/icyphy/ptII/ptolemy/domains/de/test/auto/functionDependencyReconstruction.xml
2 ms. Memory: 318976K Free: 55827K (18%)
----------------- Invoking toplevel() on ptolemy.moml.MoMLSimpleApplication@9e83c79
----------------- Done invoking toplevel() on ptolemy.moml.MoMLSimpleApplication@9e83c79
reloadAllAccessors: .functionDependencyReconstruction
----------------- testing Fri May 25 01:20:06 UTC 2018 /home/travis/build/icyphy/ptII/ptolemy/domains/de/test/auto/multirate.xml
----------------- Instantiating /home/travis/build/icyphy/ptII/ptolemy/domains/de/test/auto/multirate.xml
5 ms. Memory: 312320K Free: 276707K (89%)
----------------- Invoking toplevel() on ptolemy.moml.MoMLSimpleApplication@5f096102
----------------- Done invoking toplevel() on ptolemy.moml.MoMLSimpleApplication@5f096102
reloadAllAccessors: .multirate
----------------- testing Fri May 25 01:20:06 UTC 2018 /home/travis/build/icyphy/ptII/ptolemy/domains/de/test/auto/multirate2.xml
----------------- Instantiating /home/travis/build/icyphy/ptII/ptolemy/domains/de/test/auto/multirate2.xml
3 ms. Memory: 312320K Free: 267066K (86%)
----------------- Invoking toplevel() on ptolemy.moml.MoMLSimpleApplication@2d1643be
----------------- Done invoking toplevel() on ptolemy.moml.MoMLSimpleApplication@2d1643be
reloadAllAccessors: .multirate2
----------------- testing Fri May 25 01:20:06 UTC 2018 /home/travis/build/icyphy/ptII/ptolemy/domains/de/test/auto/realtime.xml
----------------- Instantiating /home/travis/build/icyphy/ptII/ptolemy/domains/de/test/auto/realtime.xml
10002 ms. Memory: 312320K Free: 259709K (83%)
----------------- Invoking toplevel() on ptolemy.moml.MoMLSimpleApplication@3ceb77c0
----------------- Done invoking toplevel() on ptolemy.moml.MoMLSimpleApplication@3ceb77c0
reloadAllAccessors: .realtime
----------------- testing Fri May 25 01:20:16 UTC 2018 /home/travis/build/icyphy/ptII/ptolemy/domains/de/test/auto/relationGroup.xml
----------------- Instantiating /home/travis/build/icyphy/ptII/ptolemy/domains/de/test/auto/relationGroup.xml
1 ms. Memory: 312320K Free: 252349K (81%)
----------------- Invoking toplevel() on ptolemy.moml.MoMLSimpleApplication@381fe0bb
----------------- Done invoking toplevel() on ptolemy.moml.MoMLSimpleApplication@381fe0bb
reloadAllAccessors: .relationGroup
----------------- testing Fri May 25 01:20:16 UTC 2018 /home/travis/build/icyphy/ptII/ptolemy/domains/de/test/auto/relationGroup2.xml
----------------- Instantiating /home/travis/build/icyphy/ptII/ptolemy/domains/de/test/auto/relationGroup2.xml
2 ms. Memory: 312320K Free: 245081K (78%)
----------------- Invoking toplevel() on ptolemy.moml.MoMLSimpleApplication@61ec9b13
----------------- Done invoking toplevel() on ptolemy.moml.MoMLSimpleApplication@61ec9b13
reloadAllAccessors: .relationGroup2
----------------- testing Fri May 25 01:20:16 UTC 2018 /home/travis/build/icyphy/ptII/ptolemy/domains/de/test/auto/sortWithOpaquePorts.xml
----------------- Instantiating /home/travis/build/icyphy/ptII/ptolemy/domains/de/test/auto/sortWithOpaquePorts.xml
2 ms. Memory: 312320K Free: 237740K (76%)
----------------- Invoking toplevel() on ptolemy.moml.MoMLSimpleApplication@53b4092f
----------------- Done invoking toplevel() on ptolemy.moml.MoMLSimpleApplication@53b4092f
reloadAllAccessors: .sortWithOpaquePorts
----------------- testing Fri May 25 01:20:16 UTC 2018 /home/travis/build/icyphy/ptII/ptolemy/domains/de/test/auto/transferInputsandOutputs.xml
----------------- Instantiating /home/travis/build/icyphy/ptII/ptolemy/domains/de/test/auto/transferInputsandOutputs.xml
3 ms. Memory: 312320K Free: 228114K (73%)
----------------- Invoking toplevel() on ptolemy.moml.MoMLSimpleApplication@444561be
----------------- Done invoking toplevel() on ptolemy.moml.MoMLSimpleApplication@444561be
reloadAllAccessors: .transferInputsandOutputs
----------------- testing Fri May 25 01:20:16 UTC 2018 /home/travis/build/icyphy/ptII/ptolemy/domains/de/test/auto/triggerType.xml
----------------- Instantiating /home/travis/build/icyphy/ptII/ptolemy/domains/de/test/auto/triggerType.xml
1 ms. Memory: 312320K Free: 220773K (71%)
----------------- Invoking toplevel() on ptolemy.moml.MoMLSimpleApplication@5953b6c5
----------------- Done invoking toplevel() on ptolemy.moml.MoMLSimpleApplication@5953b6c5
reloadAllAccessors: .triggerType
AutoTests.java: About to close Vertx.
AutoTests.java: Vertx closed.
]]></system-out>
  <system-err><![CDATA[java.lang.RuntimeException: Execution failed
	at ptolemy.moml.MoMLSimpleApplication$UnloadThread.run(MoMLSimpleApplication.java:402)
Caused by: ptolemy.kernel.util.IllegalActionException: Found a zero delay loop containing .dependencyLoop.original
  in .dependencyLoop and .dependencyLoop.original
	at ptolemy.actor.util.CausalityInterfaceForComposites._computeOutputPortDepth(CausalityInterfaceForComposites.java:759)
	at ptolemy.actor.util.CausalityInterfaceForComposites._computeInputDepth(CausalityInterfaceForComposites.java:696)
	at ptolemy.actor.util.CausalityInterfaceForComposites._computeOutputPortDepth(CausalityInterfaceForComposites.java:765)
	at ptolemy.actor.util.CausalityInterfaceForComposites._computeInputDepth(CausalityInterfaceForComposites.java:696)
	at ptolemy.actor.util.CausalityInterfaceForComposites._computeOutputPortDepth(CausalityInterfaceForComposites.java:765)
	at ptolemy.actor.util.CausalityInterfaceForComposites._computeInputDepth(CausalityInterfaceForComposites.java:696)
	at ptolemy.actor.util.CausalityInterfaceForComposites._computeActorDepth(CausalityInterfaceForComposites.java:532)
	at ptolemy.actor.util.CausalityInterfaceForComposites.checkForCycles(CausalityInterfaceForComposites.java:96)
	at ptolemy.domains.de.kernel.DEDirector.preinitialize(DEDirector.java:1337)
	at ptolemy.actor.CompositeActor.preinitialize(CompositeActor.java:1828)
	at ptolemy.actor.Manager.preinitializeAndResolveTypes(Manager.java:1040)
	at ptolemy.actor.Manager.initialize(Manager.java:710)
	at ptolemy.actor.Manager.execute(Manager.java:356)
	at ptolemy.actor.Manager.run(Manager.java:1263)
	at ptolemy.actor.Manager$PtolemyRunThread.run(Manager.java:1915)
java.lang.RuntimeException: Execution failed
	at ptolemy.moml.MoMLSimpleApplication$UnloadThread.run(MoMLSimpleApplication.java:402)
Caused by: ptolemy.kernel.util.IllegalActionException: Found a zero delay loop containing .dependencyLoop2.original
  in .dependencyLoop2 and .dependencyLoop2.original
	at ptolemy.actor.util.CausalityInterfaceForComposites._computeOutputPortDepth(CausalityInterfaceForComposites.java:759)
	at ptolemy.actor.util.CausalityInterfaceForComposites._computeInputDepth(CausalityInterfaceForComposites.java:696)
	at ptolemy.actor.util.CausalityInterfaceForComposites._computeOutputPortDepth(CausalityInterfaceForComposites.java:765)
	at ptolemy.actor.util.CausalityInterfaceForComposites._computeInputDepth(CausalityInterfaceForComposites.java:696)
	at ptolemy.actor.util.CausalityInterfaceForComposites._computeOutputPortDepth(CausalityInterfaceForComposites.java:765)
	at ptolemy.actor.util.CausalityInterfaceForComposites._computeInputDepth(CausalityInterfaceForComposites.java:696)
	at ptolemy.actor.util.CausalityInterfaceForComposites._computeActorDepth(CausalityInterfaceForComposites.java:532)
	at ptolemy.actor.util.CausalityInterfaceForComposites.checkForCycles(CausalityInterfaceForComposites.java:96)
	at ptolemy.domains.de.kernel.DEDirector.preinitialize(DEDirector.java:1337)
	at ptolemy.actor.CompositeActor.preinitialize(CompositeActor.java:1828)
	at ptolemy.actor.Manager.preinitializeAndResolveTypes(Manager.java:1040)
	at ptolemy.actor.Manager.initialize(Manager.java:710)
	at ptolemy.actor.Manager.execute(Manager.java:356)
	at ptolemy.actor.Manager.run(Manager.java:1263)
	at ptolemy.actor.Manager$PtolemyRunThread.run(Manager.java:1915)
java.lang.RuntimeException: Execution failed
	at ptolemy.moml.MoMLSimpleApplication$UnloadThread.run(MoMLSimpleApplication.java:402)
Caused by: ptolemy.kernel.util.IllegalActionException: Found a zero delay loop containing .dependencyLoop.original
  in .dependencyLoop and .dependencyLoop.original
	at ptolemy.actor.util.CausalityInterfaceForComposites._computeOutputPortDepth(CausalityInterfaceForComposites.java:759)
	at ptolemy.actor.util.CausalityInterfaceForComposites._computeInputDepth(CausalityInterfaceForComposites.java:696)
	at ptolemy.actor.util.CausalityInterfaceForComposites._computeOutputPortDepth(CausalityInterfaceForComposites.java:765)
	at ptolemy.actor.util.CausalityInterfaceForComposites._computeInputDepth(CausalityInterfaceForComposites.java:696)
	at ptolemy.actor.util.CausalityInterfaceForComposites._computeOutputPortDepth(CausalityInterfaceForComposites.java:765)
	at ptolemy.actor.util.CausalityInterfaceForComposites._computeInputDepth(CausalityInterfaceForComposites.java:696)
	at ptolemy.actor.util.CausalityInterfaceForComposites._computeActorDepth(CausalityInterfaceForComposites.java:532)
	at ptolemy.actor.util.CausalityInterfaceForComposites.checkForCycles(CausalityInterfaceForComposites.java:96)
	at ptolemy.domains.de.kernel.DEDirector.preinitialize(DEDirector.java:1337)
	at ptolemy.actor.CompositeActor.preinitialize(CompositeActor.java:1828)
	at ptolemy.actor.Manager.preinitializeAndResolveTypes(Manager.java:1040)
	at ptolemy.actor.Manager.initialize(Manager.java:710)
	at ptolemy.actor.Manager.execute(Manager.java:356)
	at ptolemy.actor.Manager.run(Manager.java:1263)
	at ptolemy.actor.Manager$PtolemyRunThread.run(Manager.java:1915)
java.lang.RuntimeException: Execution failed
	at ptolemy.moml.MoMLSimpleApplication$UnloadThread.run(MoMLSimpleApplication.java:402)
Caused by: ptolemy.kernel.util.IllegalActionException: Actor is not ready to fire.  Perhaps UpSample.prefire() returned false? Try debugging the actor by selecting "Listen to Actor".  Also, for SDF check moml for tokenConsumptionRate on input.
  in .DESDFClockTest.Play Bell.Copy1:SDF Director and .DESDFClockTest.Play Bell.UpSample
	at ptolemy.actor.sched.StaticSchedulingDirector.fire(StaticSchedulingDirector.java:227)
	at ptolemy.domains.sdf.kernel.SDFDirector.fire(SDFDirector.java:500)
	at ptolemy.actor.CompositeActor.fire(CompositeActor.java:455)
	at ptolemy.domains.de.kernel.DEDirector._fire(DEDirector.java:1948)
	at ptolemy.domains.de.kernel.DEDirector.fire(DEDirector.java:502)
	at ptolemy.actor.CompositeActor.fire(CompositeActor.java:455)
	at ptolemy.actor.Manager.iterate(Manager.java:851)
	at ptolemy.actor.Manager.execute(Manager.java:369)
	at ptolemy.actor.Manager.run(Manager.java:1263)
	at ptolemy.actor.Manager$PtolemyRunThread.run(Manager.java:1915)
java.lang.RuntimeException: Execution failed
	at ptolemy.moml.MoMLSimpleApplication$UnloadThread.run(MoMLSimpleApplication.java:402)
Caused by: ptolemy.kernel.util.IllegalActionException: Found a zero delay loop containing .dependencyLoop2.original
  in .dependencyLoop2 and .dependencyLoop2.original
	at ptolemy.actor.util.CausalityInterfaceForComposites._computeOutputPortDepth(CausalityInterfaceForComposites.java:759)
	at ptolemy.actor.util.CausalityInterfaceForComposites._computeInputDepth(CausalityInterfaceForComposites.java:696)
	at ptolemy.actor.util.CausalityInterfaceForComposites._computeOutputPortDepth(CausalityInterfaceForComposites.java:765)
	at ptolemy.actor.util.CausalityInterfaceForComposites._computeInputDepth(CausalityInterfaceForComposites.java:696)
	at ptolemy.actor.util.CausalityInterfaceForComposites._computeOutputPortDepth(CausalityInterfaceForComposites.java:765)
	at ptolemy.actor.util.CausalityInterfaceForComposites._computeInputDepth(CausalityInterfaceForComposites.java:696)
	at ptolemy.actor.util.CausalityInterfaceForComposites._computeActorDepth(CausalityInterfaceForComposites.java:532)
	at ptolemy.actor.util.CausalityInterfaceForComposites.checkForCycles(CausalityInterfaceForComposites.java:96)
	at ptolemy.domains.de.kernel.DEDirector.preinitialize(DEDirector.java:1337)
	at ptolemy.actor.CompositeActor.preinitialize(CompositeActor.java:1828)
	at ptolemy.actor.Manager.preinitializeAndResolveTypes(Manager.java:1040)
	at ptolemy.actor.Manager.initialize(Manager.java:710)
	at ptolemy.actor.Manager.execute(Manager.java:356)
	at ptolemy.actor.Manager.run(Manager.java:1263)
	at ptolemy.actor.Manager$PtolemyRunThread.run(Manager.java:1915)
java.lang.RuntimeException: Execution failed
	at ptolemy.moml.MoMLSimpleApplication$UnloadThread.run(MoMLSimpleApplication.java:402)
Caused by: ptolemy.kernel.util.IllegalActionException: Found a zero delay loop containing .HierarchicalModel.A
  in .HierarchicalModel and .HierarchicalModel.A
	at ptolemy.actor.util.CausalityInterfaceForComposites._computeOutputPortDepth(CausalityInterfaceForComposites.java:759)
	at ptolemy.actor.util.CausalityInterfaceForComposites._computeInputDepth(CausalityInterfaceForComposites.java:696)
	at ptolemy.actor.util.CausalityInterfaceForComposites._computeOutputPortDepth(CausalityInterfaceForComposites.java:765)
	at ptolemy.actor.util.CausalityInterfaceForComposites._computeInputDepth(CausalityInterfaceForComposites.java:696)
	at ptolemy.actor.util.CausalityInterfaceForComposites._computeOutputPortDepth(CausalityInterfaceForComposites.java:765)
	at ptolemy.actor.util.CausalityInterfaceForComposites._computeInputDepth(CausalityInterfaceForComposites.java:696)
	at ptolemy.actor.util.CausalityInterfaceForComposites._computeActorDepth(CausalityInterfaceForComposites.java:532)
	at ptolemy.actor.util.CausalityInterfaceForComposites.checkForCycles(CausalityInterfaceForComposites.java:96)
	at ptolemy.domains.de.kernel.DEDirector.preinitialize(DEDirector.java:1337)
	at ptolemy.actor.CompositeActor.preinitialize(CompositeActor.java:1828)
	at ptolemy.actor.Manager.preinitializeAndResolveTypes(Manager.java:1040)
	at ptolemy.actor.Manager.initialize(Manager.java:710)
	at ptolemy.actor.Manager.execute(Manager.java:356)
	at ptolemy.actor.Manager.run(Manager.java:1263)
	at ptolemy.actor.Manager$PtolemyRunThread.run(Manager.java:1915)
java.lang.RuntimeException: Execution failed
	at ptolemy.moml.MoMLSimpleApplication$UnloadThread.run(MoMLSimpleApplication.java:402)
Caused by: ptolemy.kernel.util.IllegalActionException: Test fails in iteration 1.
Value was: 1.0. Should have been: 2.0
  in .DirectFeedback.Test
	at ptolemy.actor.lib.Test.fire(Test.java:268)
	at ptolemy.domains.de.kernel.DEDirector._fire(DEDirector.java:1948)
	at ptolemy.domains.de.kernel.DEDirector.fire(DEDirector.java:502)
	at ptolemy.actor.CompositeActor.fire(CompositeActor.java:455)
	at ptolemy.actor.Manager.iterate(Manager.java:851)
	at ptolemy.actor.Manager.execute(Manager.java:369)
	at ptolemy.actor.Manager.run(Manager.java:1263)
	at ptolemy.actor.Manager$PtolemyRunThread.run(Manager.java:1915)
java.lang.RuntimeException: Execution failed
	at ptolemy.moml.MoMLSimpleApplication$UnloadThread.run(MoMLSimpleApplication.java:402)
Caused by: ptolemy.kernel.util.IllegalActionException: Actor is not ready to fire.  Perhaps UpSample.prefire() returned false? Try debugging the actor by selecting "Listen to Actor".  Also, for SDF check moml for tokenConsumptionRate on input.
  in .DESDFClockTest.Play Bell.Copy1:SDF Director and .DESDFClockTest.Play Bell.UpSample
	at ptolemy.actor.sched.StaticSchedulingDirector.fire(StaticSchedulingDirector.java:227)
	at ptolemy.domains.sdf.kernel.SDFDirector.fire(SDFDirector.java:500)
	at ptolemy.actor.CompositeActor.fire(CompositeActor.java:455)
	at ptolemy.domains.de.kernel.DEDirector._fire(DEDirector.java:1948)
	at ptolemy.domains.de.kernel.DEDirector.fire(DEDirector.java:502)
	at ptolemy.actor.CompositeActor.fire(CompositeActor.java:455)
	at ptolemy.actor.Manager.iterate(Manager.java:851)
	at ptolemy.actor.Manager.execute(Manager.java:369)
	at ptolemy.actor.Manager.run(Manager.java:1263)
	at ptolemy.actor.Manager$PtolemyRunThread.run(Manager.java:1915)
java.lang.reflect.InvocationTargetException
	at sun.reflect.NativeConstructorAccessorImpl.newInstance0(Native Method)
	at sun.reflect.NativeConstructorAccessorImpl.newInstance(NativeConstructorAccessorImpl.java:62)
	at sun.reflect.DelegatingConstructorAccessorImpl.newInstance(DelegatingConstructorAccessorImpl.java:45)
	at java.lang.reflect.Constructor.newInstance(Constructor.java:423)
	at ptolemy.util.test.junit.AutoKnownFailedTests.RunModel(AutoKnownFailedTests.java:107)
	at sun.reflect.NativeMethodAccessorImpl.invoke0(Native Method)
	at sun.reflect.NativeMethodAccessorImpl.invoke(NativeMethodAccessorImpl.java:62)
	at sun.reflect.DelegatingMethodAccessorImpl.invoke(DelegatingMethodAccessorImpl.java:43)
	at java.lang.reflect.Method.invoke(Method.java:498)
	at org.junit.runners.model.FrameworkMethod$1.runReflectiveCall(FrameworkMethod.java:44)
	at org.junit.internal.runners.model.ReflectiveCallable.run(ReflectiveCallable.java:15)
	at org.junit.runners.model.FrameworkMethod.invokeExplosively(FrameworkMethod.java:41)
	at junitparams.internal.InvokeParameterisedMethod.evaluate(InvokeParameterisedMethod.java:102)
	at org.junit.internal.runners.statements.FailOnTimeout$1.run(FailOnTimeout.java:28)
Caused by: ptolemy.kernel.util.IllegalActionException: Actor is not ready to fire.  Perhaps UpSample.prefire() returned false? Try debugging the actor by selecting "Listen to Actor".  Also, for SDF check moml for tokenConsumptionRate on input.
  in .DESDFClockTest.Play Bell.Copy1:SDF Director and .DESDFClockTest.Play Bell.UpSample
	at ptolemy.actor.sched.StaticSchedulingDirector.fire(StaticSchedulingDirector.java:227)
	at ptolemy.domains.sdf.kernel.SDFDirector.fire(SDFDirector.java:500)
	at ptolemy.actor.CompositeActor.fire(CompositeActor.java:455)
	at ptolemy.domains.de.kernel.DEDirector._fire(DEDirector.java:1948)
	at ptolemy.domains.de.kernel.DEDirector.fire(DEDirector.java:502)
	at ptolemy.actor.CompositeActor.fire(CompositeActor.java:455)
	at ptolemy.actor.Manager.iterate(Manager.java:851)
	at ptolemy.actor.Manager.execute(Manager.java:369)
	at ptolemy.actor.Manager.run(Manager.java:1263)
	at ptolemy.actor.Manager$PtolemyRunThread.run(Manager.java:1915)
java.lang.RuntimeException: Execution failed
	at ptolemy.moml.MoMLSimpleApplication$UnloadThread.run(MoMLSimpleApplication.java:402)
Caused by: ptolemy.kernel.util.IllegalActionException: Test fails in iteration 1.
Value was: 1.0. Should have been: 2.0
  in .DirectFeedback.Test
	at ptolemy.actor.lib.Test.fire(Test.java:268)
	at ptolemy.domains.de.kernel.DEDirector._fire(DEDirector.java:1948)
	at ptolemy.domains.de.kernel.DEDirector.fire(DEDirector.java:502)
	at ptolemy.actor.CompositeActor.fire(CompositeActor.java:455)
	at ptolemy.actor.Manager.iterate(Manager.java:851)
	at ptolemy.actor.Manager.execute(Manager.java:369)
	at ptolemy.actor.Manager.run(Manager.java:1263)
	at ptolemy.actor.Manager$PtolemyRunThread.run(Manager.java:1915)
java.lang.reflect.InvocationTargetException
	at sun.reflect.NativeConstructorAccessorImpl.newInstance0(Native Method)
	at sun.reflect.NativeConstructorAccessorImpl.newInstance(NativeConstructorAccessorImpl.java:62)
	at sun.reflect.DelegatingConstructorAccessorImpl.newInstance(DelegatingConstructorAccessorImpl.java:45)
	at java.lang.reflect.Constructor.newInstance(Constructor.java:423)
	at ptolemy.util.test.junit.AutoKnownFailedTests.RunModel(AutoKnownFailedTests.java:107)
	at sun.reflect.NativeMethodAccessorImpl.invoke0(Native Method)
	at sun.reflect.NativeMethodAccessorImpl.invoke(NativeMethodAccessorImpl.java:62)
	at sun.reflect.DelegatingMethodAccessorImpl.invoke(DelegatingMethodAccessorImpl.java:43)
	at java.lang.reflect.Method.invoke(Method.java:498)
	at org.junit.runners.model.FrameworkMethod$1.runReflectiveCall(FrameworkMethod.java:44)
	at org.junit.internal.runners.model.ReflectiveCallable.run(ReflectiveCallable.java:15)
	at org.junit.runners.model.FrameworkMethod.invokeExplosively(FrameworkMethod.java:41)
	at junitparams.internal.InvokeParameterisedMethod.evaluate(InvokeParameterisedMethod.java:102)
	at org.junit.internal.runners.statements.FailOnTimeout$1.run(FailOnTimeout.java:28)
Caused by: ptolemy.kernel.util.IllegalActionException: Test fails in iteration 1.
Value was: 1.0. Should have been: 2.0
  in .DirectFeedback.Test
	at ptolemy.actor.lib.Test.fire(Test.java:268)
	at ptolemy.domains.de.kernel.DEDirector._fire(DEDirector.java:1948)
	at ptolemy.domains.de.kernel.DEDirector.fire(DEDirector.java:502)
	at ptolemy.actor.CompositeActor.fire(CompositeActor.java:455)
	at ptolemy.actor.Manager.iterate(Manager.java:851)
	at ptolemy.actor.Manager.execute(Manager.java:369)
	at ptolemy.actor.Manager.run(Manager.java:1263)
	at ptolemy.actor.Manager$PtolemyRunThread.run(Manager.java:1915)
java.lang.RuntimeException: Execution failed
	at ptolemy.moml.MoMLSimpleApplication$UnloadThread.run(MoMLSimpleApplication.java:402)
Caused by: ptolemy.kernel.util.IllegalActionException: Found a zero delay loop containing .HierarchicalModel.A
  in .HierarchicalModel and .HierarchicalModel.A
	at ptolemy.actor.util.CausalityInterfaceForComposites._computeOutputPortDepth(CausalityInterfaceForComposites.java:759)
	at ptolemy.actor.util.CausalityInterfaceForComposites._computeInputDepth(CausalityInterfaceForComposites.java:696)
	at ptolemy.actor.util.CausalityInterfaceForComposites._computeOutputPortDepth(CausalityInterfaceForComposites.java:765)
	at ptolemy.actor.util.CausalityInterfaceForComposites._computeInputDepth(CausalityInterfaceForComposites.java:696)
	at ptolemy.actor.util.CausalityInterfaceForComposites._computeOutputPortDepth(CausalityInterfaceForComposites.java:765)
	at ptolemy.actor.util.CausalityInterfaceForComposites._computeInputDepth(CausalityInterfaceForComposites.java:696)
	at ptolemy.actor.util.CausalityInterfaceForComposites._computeActorDepth(CausalityInterfaceForComposites.java:532)
	at ptolemy.actor.util.CausalityInterfaceForComposites.checkForCycles(CausalityInterfaceForComposites.java:96)
	at ptolemy.domains.de.kernel.DEDirector.preinitialize(DEDirector.java:1337)
	at ptolemy.actor.CompositeActor.preinitialize(CompositeActor.java:1828)
	at ptolemy.actor.Manager.preinitializeAndResolveTypes(Manager.java:1040)
	at ptolemy.actor.Manager.initialize(Manager.java:710)
	at ptolemy.actor.Manager.execute(Manager.java:356)
	at ptolemy.actor.Manager.run(Manager.java:1263)
	at ptolemy.actor.Manager$PtolemyRunThread.run(Manager.java:1915)
java.lang.reflect.InvocationTargetException
	at sun.reflect.NativeConstructorAccessorImpl.newInstance0(Native Method)
	at sun.reflect.NativeConstructorAccessorImpl.newInstance(NativeConstructorAccessorImpl.java:62)
	at sun.reflect.DelegatingConstructorAccessorImpl.newInstance(DelegatingConstructorAccessorImpl.java:45)
	at java.lang.reflect.Constructor.newInstance(Constructor.java:423)
	at ptolemy.util.test.junit.AutoKnownFailedTests.RunModel(AutoKnownFailedTests.java:107)
	at sun.reflect.NativeMethodAccessorImpl.invoke0(Native Method)
	at sun.reflect.NativeMethodAccessorImpl.invoke(NativeMethodAccessorImpl.java:62)
	at sun.reflect.DelegatingMethodAccessorImpl.invoke(DelegatingMethodAccessorImpl.java:43)
	at java.lang.reflect.Method.invoke(Method.java:498)
	at org.junit.runners.model.FrameworkMethod$1.runReflectiveCall(FrameworkMethod.java:44)
	at org.junit.internal.runners.model.ReflectiveCallable.run(ReflectiveCallable.java:15)
	at org.junit.runners.model.FrameworkMethod.invokeExplosively(FrameworkMethod.java:41)
	at junitparams.internal.InvokeParameterisedMethod.evaluate(InvokeParameterisedMethod.java:102)
	at org.junit.internal.runners.statements.FailOnTimeout$1.run(FailOnTimeout.java:28)
Caused by: ptolemy.kernel.util.IllegalActionException: Found a zero delay loop containing .HierarchicalModel.A
  in .HierarchicalModel and .HierarchicalModel.A
	at ptolemy.actor.util.CausalityInterfaceForComposites._computeOutputPortDepth(CausalityInterfaceForComposites.java:759)
	at ptolemy.actor.util.CausalityInterfaceForComposites._computeInputDepth(CausalityInterfaceForComposites.java:696)
	at ptolemy.actor.util.CausalityInterfaceForComposites._computeOutputPortDepth(CausalityInterfaceForComposites.java:765)
	at ptolemy.actor.util.CausalityInterfaceForComposites._computeInputDepth(CausalityInterfaceForComposites.java:696)
	at ptolemy.actor.util.CausalityInterfaceForComposites._computeOutputPortDepth(CausalityInterfaceForComposites.java:765)
	at ptolemy.actor.util.CausalityInterfaceForComposites._computeInputDepth(CausalityInterfaceForComposites.java:696)
	at ptolemy.actor.util.CausalityInterfaceForComposites._computeActorDepth(CausalityInterfaceForComposites.java:532)
	at ptolemy.actor.util.CausalityInterfaceForComposites.checkForCycles(CausalityInterfaceForComposites.java:96)
	at ptolemy.domains.de.kernel.DEDirector.preinitialize(DEDirector.java:1337)
	at ptolemy.actor.CompositeActor.preinitialize(CompositeActor.java:1828)
	at ptolemy.actor.Manager.preinitializeAndResolveTypes(Manager.java:1040)
	at ptolemy.actor.Manager.initialize(Manager.java:710)
	at ptolemy.actor.Manager.execute(Manager.java:356)
	at ptolemy.actor.Manager.run(Manager.java:1263)
	at ptolemy.actor.Manager$PtolemyRunThread.run(Manager.java:1915)
java.lang.RuntimeException: Execution failed
	at ptolemy.moml.MoMLSimpleApplication$UnloadThread.run(MoMLSimpleApplication.java:402)
Caused by: ptolemy.kernel.util.IllegalActionException: Found a zero delay loop containing .dependencyLoop.original
  in .dependencyLoop and .dependencyLoop.original
	at ptolemy.actor.util.CausalityInterfaceForComposites._computeOutputPortDepth(CausalityInterfaceForComposites.java:759)
	at ptolemy.actor.util.CausalityInterfaceForComposites._computeInputDepth(CausalityInterfaceForComposites.java:696)
	at ptolemy.actor.util.CausalityInterfaceForComposites._computeOutputPortDepth(CausalityInterfaceForComposites.java:765)
	at ptolemy.actor.util.CausalityInterfaceForComposites._computeInputDepth(CausalityInterfaceForComposites.java:696)
	at ptolemy.actor.util.CausalityInterfaceForComposites._computeOutputPortDepth(CausalityInterfaceForComposites.java:765)
	at ptolemy.actor.util.CausalityInterfaceForComposites._computeInputDepth(CausalityInterfaceForComposites.java:696)
	at ptolemy.actor.util.CausalityInterfaceForComposites._computeActorDepth(CausalityInterfaceForComposites.java:532)
	at ptolemy.actor.util.CausalityInterfaceForComposites.checkForCycles(CausalityInterfaceForComposites.java:96)
	at ptolemy.domains.de.kernel.DEDirector.preinitialize(DEDirector.java:1337)
	at ptolemy.actor.CompositeActor.preinitialize(CompositeActor.java:1828)
	at ptolemy.actor.Manager.preinitializeAndResolveTypes(Manager.java:1040)
	at ptolemy.actor.Manager.initialize(Manager.java:710)
	at ptolemy.actor.Manager.execute(Manager.java:356)
	at ptolemy.actor.Manager.run(Manager.java:1263)
	at ptolemy.actor.Manager$PtolemyRunThread.run(Manager.java:1915)
java.lang.reflect.InvocationTargetException
	at sun.reflect.NativeConstructorAccessorImpl.newInstance0(Native Method)
	at sun.reflect.NativeConstructorAccessorImpl.newInstance(NativeConstructorAccessorImpl.java:62)
	at sun.reflect.DelegatingConstructorAccessorImpl.newInstance(DelegatingConstructorAccessorImpl.java:45)
	at java.lang.reflect.Constructor.newInstance(Constructor.java:423)
	at ptolemy.util.test.junit.AutoKnownFailedTests.RunModel(AutoKnownFailedTests.java:107)
	at sun.reflect.NativeMethodAccessorImpl.invoke0(Native Method)
	at sun.reflect.NativeMethodAccessorImpl.invoke(NativeMethodAccessorImpl.java:62)
	at sun.reflect.DelegatingMethodAccessorImpl.invoke(DelegatingMethodAccessorImpl.java:43)
	at java.lang.reflect.Method.invoke(Method.java:498)
	at org.junit.runners.model.FrameworkMethod$1.runReflectiveCall(FrameworkMethod.java:44)
	at org.junit.internal.runners.model.ReflectiveCallable.run(ReflectiveCallable.java:15)
	at org.junit.runners.model.FrameworkMethod.invokeExplosively(FrameworkMethod.java:41)
	at junitparams.internal.InvokeParameterisedMethod.evaluate(InvokeParameterisedMethod.java:102)
	at org.junit.internal.runners.statements.FailOnTimeout$1.run(FailOnTimeout.java:28)
Caused by: ptolemy.kernel.util.IllegalActionException: Found a zero delay loop containing .dependencyLoop.original
  in .dependencyLoop and .dependencyLoop.original
	at ptolemy.actor.util.CausalityInterfaceForComposites._computeOutputPortDepth(CausalityInterfaceForComposites.java:759)
	at ptolemy.actor.util.CausalityInterfaceForComposites._computeInputDepth(CausalityInterfaceForComposites.java:696)
	at ptolemy.actor.util.CausalityInterfaceForComposites._computeOutputPortDepth(CausalityInterfaceForComposites.java:765)
	at ptolemy.actor.util.CausalityInterfaceForComposites._computeInputDepth(CausalityInterfaceForComposites.java:696)
	at ptolemy.actor.util.CausalityInterfaceForComposites._computeOutputPortDepth(CausalityInterfaceForComposites.java:765)
	at ptolemy.actor.util.CausalityInterfaceForComposites._computeInputDepth(CausalityInterfaceForComposites.java:696)
	at ptolemy.actor.util.CausalityInterfaceForComposites._computeActorDepth(CausalityInterfaceForComposites.java:532)
	at ptolemy.actor.util.CausalityInterfaceForComposites.checkForCycles(CausalityInterfaceForComposites.java:96)
	at ptolemy.domains.de.kernel.DEDirector.preinitialize(DEDirector.java:1337)
	at ptolemy.actor.CompositeActor.preinitialize(CompositeActor.java:1828)
	at ptolemy.actor.Manager.preinitializeAndResolveTypes(Manager.java:1040)
	at ptolemy.actor.Manager.initialize(Manager.java:710)
	at ptolemy.actor.Manager.execute(Manager.java:356)
	at ptolemy.actor.Manager.run(Manager.java:1263)
	at ptolemy.actor.Manager$PtolemyRunThread.run(Manager.java:1915)
java.lang.RuntimeException: Execution failed
	at ptolemy.moml.MoMLSimpleApplication$UnloadThread.run(MoMLSimpleApplication.java:402)
Caused by: ptolemy.kernel.util.IllegalActionException: Found a zero delay loop containing .dependencyLoop2.original
  in .dependencyLoop2 and .dependencyLoop2.original
	at ptolemy.actor.util.CausalityInterfaceForComposites._computeOutputPortDepth(CausalityInterfaceForComposites.java:759)
	at ptolemy.actor.util.CausalityInterfaceForComposites._computeInputDepth(CausalityInterfaceForComposites.java:696)
	at ptolemy.actor.util.CausalityInterfaceForComposites._computeOutputPortDepth(CausalityInterfaceForComposites.java:765)
	at ptolemy.actor.util.CausalityInterfaceForComposites._computeInputDepth(CausalityInterfaceForComposites.java:696)
	at ptolemy.actor.util.CausalityInterfaceForComposites._computeOutputPortDepth(CausalityInterfaceForComposites.java:765)
	at ptolemy.actor.util.CausalityInterfaceForComposites._computeInputDepth(CausalityInterfaceForComposites.java:696)
	at ptolemy.actor.util.CausalityInterfaceForComposites._computeActorDepth(CausalityInterfaceForComposites.java:532)
	at ptolemy.actor.util.CausalityInterfaceForComposites.checkForCycles(CausalityInterfaceForComposites.java:96)
	at ptolemy.domains.de.kernel.DEDirector.preinitialize(DEDirector.java:1337)
	at ptolemy.actor.CompositeActor.preinitialize(CompositeActor.java:1828)
	at ptolemy.actor.Manager.preinitializeAndResolveTypes(Manager.java:1040)
	at ptolemy.actor.Manager.initialize(Manager.java:710)
	at ptolemy.actor.Manager.execute(Manager.java:356)
	at ptolemy.actor.Manager.run(Manager.java:1263)
	at ptolemy.actor.Manager$PtolemyRunThread.run(Manager.java:1915)
java.lang.reflect.InvocationTargetException
	at sun.reflect.NativeConstructorAccessorImpl.newInstance0(Native Method)
	at sun.reflect.NativeConstructorAccessorImpl.newInstance(NativeConstructorAccessorImpl.java:62)
	at sun.reflect.DelegatingConstructorAccessorImpl.newInstance(DelegatingConstructorAccessorImpl.java:45)
	at java.lang.reflect.Constructor.newInstance(Constructor.java:423)
	at ptolemy.util.test.junit.AutoKnownFailedTests.RunModel(AutoKnownFailedTests.java:107)
	at sun.reflect.NativeMethodAccessorImpl.invoke0(Native Method)
	at sun.reflect.NativeMethodAccessorImpl.invoke(NativeMethodAccessorImpl.java:62)
	at sun.reflect.DelegatingMethodAccessorImpl.invoke(DelegatingMethodAccessorImpl.java:43)
	at java.lang.reflect.Method.invoke(Method.java:498)
	at org.junit.runners.model.FrameworkMethod$1.runReflectiveCall(FrameworkMethod.java:44)
	at org.junit.internal.runners.model.ReflectiveCallable.run(ReflectiveCallable.java:15)
	at org.junit.runners.model.FrameworkMethod.invokeExplosively(FrameworkMethod.java:41)
	at junitparams.internal.InvokeParameterisedMethod.evaluate(InvokeParameterisedMethod.java:102)
	at org.junit.internal.runners.statements.FailOnTimeout$1.run(FailOnTimeout.java:28)
Caused by: ptolemy.kernel.util.IllegalActionException: Found a zero delay loop containing .dependencyLoop2.original
  in .dependencyLoop2 and .dependencyLoop2.original
	at ptolemy.actor.util.CausalityInterfaceForComposites._computeOutputPortDepth(CausalityInterfaceForComposites.java:759)
	at ptolemy.actor.util.CausalityInterfaceForComposites._computeInputDepth(CausalityInterfaceForComposites.java:696)
	at ptolemy.actor.util.CausalityInterfaceForComposites._computeOutputPortDepth(CausalityInterfaceForComposites.java:765)
	at ptolemy.actor.util.CausalityInterfaceForComposites._computeInputDepth(CausalityInterfaceForComposites.java:696)
	at ptolemy.actor.util.CausalityInterfaceForComposites._computeOutputPortDepth(CausalityInterfaceForComposites.java:765)
	at ptolemy.actor.util.CausalityInterfaceForComposites._computeInputDepth(CausalityInterfaceForComposites.java:696)
	at ptolemy.actor.util.CausalityInterfaceForComposites._computeActorDepth(CausalityInterfaceForComposites.java:532)
	at ptolemy.actor.util.CausalityInterfaceForComposites.checkForCycles(CausalityInterfaceForComposites.java:96)
	at ptolemy.domains.de.kernel.DEDirector.preinitialize(DEDirector.java:1337)
	at ptolemy.actor.CompositeActor.preinitialize(CompositeActor.java:1828)
	at ptolemy.actor.Manager.preinitializeAndResolveTypes(Manager.java:1040)
	at ptolemy.actor.Manager.initialize(Manager.java:710)
	at ptolemy.actor.Manager.execute(Manager.java:356)
	at ptolemy.actor.Manager.run(Manager.java:1263)
	at ptolemy.actor.Manager$PtolemyRunThread.run(Manager.java:1915)
]]></system-err>
</testsuite>
