<?xml version="1.0" encoding="UTF-8" ?>
<testsuite errors="0" failures="0" hostname="travis-job-0d14868b-3cda-4859-95a0-87b18ae8eae6" name="ptolemy.actor.lib.jjs.test.junit.JUnitTclTest" skipped="0" tests="94" time="592.653" timestamp="2018-05-02T15:27:28">
  <properties>
    <property name="npm.executable" value="npm" />
    <property name="file.encoding.pkg" value="sun.io" />
    <property name="ptII.mk.exists" value="true" />
    <property name="env.HEARTBEAT_TOKEN" value="resetByPtIITravisBuild.sh" />
    <property name="env.rvm_bin_path" value="/home/travis/.rvm/bin" />
    <property name="java.home" value="/usr/lib/jvm/java-8-oracle/jre" />
    <property name="env.TRAVIS_JOB_NUMBER" value="379.5" />
    <property name="env.DISPLAY" value=":99.0" />
    <property name="java.net.preferIPv4Stack" value="true" />
    <property name="env.SSH_TTY" value="/dev/pts/0" />
    <property name="env.RUN_TESTS" value="true" />
    <property name="timeout.short" value="1000000" />
    <property name="env.TRAVIS_STACK_NODE_ATTRIBUTES" value="/.node-attributes.yml" />
    <property name="junit.formatter" value="xml" />
    <property name="java.endorsed.dirs" value="/usr/lib/jvm/java-8-oracle/jre/lib/endorsed" />
    <property name="env.TRAVIS_SUDO" value="true" />
    <property name="env.LOGNAME" value="travis" />
    <property name="jsdoc.home" value="node_modules/@terraswarm/jsdoc" />
    <property name="debuglevel" value="source,lines,vars" />
    <property name="checkstyle.formatter" value="xml" />
    <property name="bin.vergil.makeable" value="true" />
    <property name="env._system_version" value="14.04" />
    <property name="sun.os.patch.level" value="unknown" />
    <property name="java.vendor.url" value="http://java.oracle.com/" />
    <property name="java.version" value="1.8.0_151" />
    <property name="env.TZ" value="UTC" />
    <property name="env.PT_NO_NET" value="true" />
    <property name="env.TRAVIS_PULL_REQUEST_SHA" value="" />
    <property name="env.TRAVIS_SECURE_ENV_VARS" value="true" />
    <property name="env._system_type" value="Linux" />
    <property name="java.vendor.url.bug" value="http://bugreport.sun.com/bugreport/" />
    <property name="env.SSH_CLIENT" value="10.10.4.29 59806 22" />
    <property name="npmjs-org-is-up" value="true" />
    <property name="env.GEM_HOME" value="/home/travis/.rvm/gems/ruby-2.4.1" />
    <property name="env.HAS_ANTARES_THREE_LITTLE_FRONZIES_BADGE" value="true" />
    <property name="env.PS4" value="+" />
    <property name="ant.project.invoked-targets" value="build,test.capecode3.xml" />
    <property name="env.TRAVIS_PULL_REQUEST_BRANCH" value="" />
    <property name="env.TRAVIS_REPO_SLUG" value="icyphy/ptII" />
    <property name="env.PT_TRAVIS_TEST_CAPECODE3_XML" value="true" />
    <property name="node.in.path" value="true" />
    <property name="java.maxmemory" value="1400m" />
    <property name="env.RUBY_VERSION" value="ruby-2.4.1" />
    <property name="user.name" value="travis" />
    <property name="env.LANG" value="en_US.UTF-8" />
    <property name="sun.io.unicode.encoding" value="UnicodeLittle" />
    <property name="sun.jnu.encoding" value="UTF-8" />
    <property name="java.runtime.name" value="Java(TM) SE Runtime Environment" />
    <property name="usefile" value="false" />
    <property name="return.code" value="0" />
    <property name="junit.single.formatter" value="plain" />
    <property name="env.DYLD_LIBRARY_PATH" value="/home/travis/pthla/certi-tools/lib:" />
    <property name="env.DEBIAN_FRONTEND" value="noninteractive" />
    <property name="env.SSH_CONNECTION" value="10.10.4.29 59806 10.20.0.144 22" />
    <property name="env.MYSQL_UNIX_PORT" value="/var/run/mysqld/mysqld.sock" />
    <property name="env.TRAVIS_ALLOW_FAILURE" value="false" />
    <property name="env.LC_ALL" value="en_US.UTF-8" />
    <property name="java.specification.name" value="Java Platform API Specification" />
    <property name="node.works" value="true" />
    <property name="user.timezone" value="" />
    <property name="path.separator" value=":" />
    <property name="env.PYTHON_CFLAGS" value="-g -fstack-protector --param=ssp-buffer-size=4 -Wformat -Werror=format-security" />
    <property name="timeout.long" value="4000000" />
    <property name="env.CERTI_HOME" value="/home/travis/pthla/certi-tools" />
    <property name="file.encoding" value="UTF-8" />
    <property name="ant.file.ptII" value="/home/travis/build/icyphy/ptII/build.xml" />
    <property name="javadoc.packagenames" value="com.*,diva.*,lbnl.*,org.hlacerti.*,org.json.*,org.ptolemy.*,org.terraswarm.*,ptolemy.*,ptserver.*" />
    <property name="env.TRAVIS_PULL_REQUEST_SLUG" value="" />
    <property name="ant.project.default-target" value="build" />
    <property name="env.GIT_ASKPASS" value="echo" />
    <property name="env.HOME" value="/home/travis" />
    <property name="sun.java.command" value="org.apache.tools.ant.taskdefs.optional.junit.JUnitTestRunner ptolemy.actor.lib.jjs.test.junit.JUnitTclTest skipNonTests=false filtertrace=true haltOnError=false haltOnFailure=false formatter=org.apache.tools.ant.taskdefs.optional.junit.OutErrSummaryJUnitResultFormatter showoutput=true outputtoformatters=true logfailedtests=true threadid=0 logtestlistenerevents=false formatter=org.apache.tools.ant.taskdefs.optional.junit.XMLJUnitResultFormatter,/home/travis/build/icyphy/ptII/reports/junit/TEST-ptolemy.actor.lib.jjs.test.junit.JUnitTclTest.xml crashfile=/home/travis/build/icyphy/ptII/junitvmwatcher714628858022288382.properties propsfile=/home/travis/build/icyphy/ptII/junit2522748943384045134.properties" />
    <property name="env.MANPATH" value="/home/travis/.nvm/versions/node/v7.10.1/share/man:/home/travis/.kiex/elixirs/elixir-1.4.5/man:/home/travis/.rvm/rubies/ruby-2.4.1/share/man:/usr/local/man:/usr/local/cmake-3.9.2/man:/usr/local/clang-5.0.0/share/man:/usr/local/share/man:/usr/share/man:/home/travis/.rvm/man" />
    <property name="env.COMPOSER_NO_INTERACTION" value="1" />
    <property name="env.JDK_SWITCHER_DEFAULT" value="oraclejdk8" />
    <property name="ant.file" value="/home/travis/build/icyphy/ptII/build.xml" />
    <property name="env.TRAVIS_COMMIT_RANGE" value="6ba5e8d8a454...c7d1d7dea40b" />
    <property name="env._system_name" value="Ubuntu" />
    <property name="timeout" value="2400000" />
    <property name="ptII.classpath.optional.property" value="/home/travis/build/icyphy/ptII/lib/bsh-2.0b4.jar:/home/travis/build/icyphy/ptII/lib/ptCal.jar:/home/travis/build/icyphy/ptII/lib/java_cup.jar:/home/travis/build/icyphy/ptII/lib/saxon8.jar:/home/travis/build/icyphy/ptII/lib/saxon8-dom.jar:/home/travis/build/icyphy/ptII/lib/chic.jar:/home/travis/build/icyphy/ptII/lib/ptcolt.jar:/usr/lib/jvm/java-8-oracle/lib/tools.jar:/usr/lib/eclipse/plugins/org.eclipse.jdt.core_3.8.2.dist.jar:/usr/lib/eclipse/plugins/org.eclipse.core.runtime_3.8.0.dist.jar:/usr/lib/eclipse/plugins/org.eclipse.osgi_3.8.1.dist.jar:/usr/lib/eclipse/plugins/org.eclipse.core.resources_3.8.1.dist.jar:/usr/lib/eclipse/plugins/org.eclipse.equinox.common_3.6.100.dist.jar:/usr/lib/eclipse/plugins/org.eclipse.core.jobs_3.5.200.dist.jar:/usr/lib/eclipse/plugins/org.eclipse.core.contenttype_3.4.200.dist.jar:/usr/lib/eclipse/plugins/org.eclipse.equinox.preferences_3.5.0.dist.jar:/usr/lib/eclipse/plugins/org.eclipse.text_3.5.200.dist.jar:/usr/lib/eclipse/plugins/org.eclipse.ui.workbench_3.8.1.dist.jar:/usr/lib/eclipse/plugins/org.eclipse.jface_3.8.0.dist.jar:/usr/lib/eclipse/plugins/org.eclipse.swt_3.8.2.jar:/usr/lib/eclipse/plugins/org.eclipse.jface.text_3.8.1.dist.jar:/usr/lib/eclipse/plugins/org.eclipse.ui.workbench.texteditor_3.8.0.dist.jar:/usr/lib/eclipse/plugins/org.eclipse.ui.editors_3.8.0.dist.jar:/usr/lib/eclipse/plugins/org.eclipse.core.commands_3.6.1.dist.jar:/usr/lib/eclipse/plugins/org.eclipse.equinox.registry_3.5.200.dist.jar:/usr/lib/eclipse/plugins/org.eclipse.ui.console_3.5.100.dist.jar:/usr/lib/eclipse/plugins/org.eclipse.ui.forms_3.5.200.dist.jar:/usr/lib/eclipse/plugins/org.eclipse.ui.ide_3.8.1.dist.jar:/home/travis/build/icyphy/ptII/vendors/oracle/dbxml.jar:/home/travis/build/icyphy/ptII/vendors/oracle/db.jar:/home/travis/build/icyphy/ptII/vendors/misc/itext/iText.jar:/home/travis/build/icyphy/ptII/lib/g4ltl.jar:/home/travis/build/icyphy/ptII/lib/StructuralCoder.jar:/home/travis/build/icyphy/ptII/lib/org-openide-util.jar:/home/travis/build/icyphy/ptII/lib/org-openide-util-lookup.jar:/home/travis/build/icyphy/ptII/lib/org-netbeans-api-visual.jar:/home/travis/build/icyphy/ptII/vendors/jai-1_1_2_01/lib/jai_core.jar:/home/travis/build/icyphy/ptII/vendors/jai-1_1_2_01/lib/jai_codec.jar:/home/travis/build/icyphy/ptII/lib/jcerti.jar:/home/travis/build/icyphy/ptII/lib/smack.jar:/home/travis/build/icyphy/ptII/lib/smackx.jar:/home/travis/build/icyphy/ptII/lib/jetty-all-8.1.5-v20120716.jar:/home/travis/build/icyphy/ptII/lib/javax.servlet-api-3.0.1.jar:/home/travis/build/icyphy/ptII/lib/javax.mail.jar:/home/travis/build/icyphy/ptII/vendors/JMF-2.1.1e/lib/jmf.jar:/home/travis/build/icyphy/ptII/lib/jna-4.0.0-variadic.jar:/home/travis/build/icyphy/ptII/vendors/misc/joystick/Joystick.jar:/home/travis/build/icyphy/ptII/lib/ptjacl.jar:/home/travis/build/icyphy/ptII/lib/jsoup-1.8.2.jar:/home/travis/build/icyphy/ptII/lib/junit-4.8.2.jar:/home/travis/build/icyphy/ptII/lib/JUnitParams-0.4.0.jar:/home/travis/build/icyphy/ptII/ptolemy/actor/lib/excel/jxl.jar:/home/travis/build/icyphy/ptII/lib/jython.jar:/home/travis/build/icyphy/ptII/lib/kieler.jar:/home/travis/build/icyphy/ptII/vendors/opencv/share/OpenCV/java/opencv-341.jar:/home/travis/build/icyphy/ptII/lib/oscP5.jar:/home/travis/build/icyphy/ptII/lib/nrjavaserial-3.11.0.devel.jar:/usr/share/java/j3dcore.jar:/usr/share/java/j3dutils.jar:/usr/share/java/vecmath.jar:/home/travis/build/icyphy/ptII/ptolemy/distributed/jini/jar/jini-core.jar:/home/travis/build/icyphy/ptII/ptolemy/distributed/jini/jar/jini-ext.jar:/home/travis/build/icyphy/ptII/ptolemy/distributed/jini/jar/sun-util.jar:/home/travis/build/icyphy/ptII/lib/protobuf-java-2.4.1.jar:/home/travis/build/icyphy/ptII/lib/org.eclipse.paho.client.mqttv3.jar:/home/travis/build/icyphy/ptII/ptserver/lib/hessian-4.0.7.jar:/home/travis/build/icyphy/ptII/ptserver/lib/wmqtt.jar:/home/travis/build/icyphy/ptII/lib/mapss.jar:/home/travis/build/icyphy/ptII/ptolemy/actor/ptalon/antlr/antlr.jar:/home/travis/build/icyphy/ptII/lib/JRI.jar:/home/travis/build/icyphy/ptII/lib/commons-lang-2.6.jar:/home/travis/build/icyphy/ptII/lib/commons-logging-1.1.1.jar:/home/travis/build/icyphy/ptII/lib/sootclasses.jar:/home/travis/build/icyphy/ptII/ptolemy/actor/lib/database/mysql-connector-java-5.1.6-bin.jar:/home/travis/build/icyphy/ptII/vendors/misc/sphinx4/sphinx4-data-5prealpha.jar:/home/travis/build/icyphy/ptII/vendors/misc/sphinx4/sphinx4-core-5prealpha.jar:/home/travis/build/icyphy/ptII/lib/PDFRenderer.jar:/home/travis/build/icyphy/ptII/lib/svgSalamander.jar:/home/travis/build/icyphy/ptII/lib/rsyntaxtextarea-2.6.0-SNAPSHOT.jar:/home/travis/build/icyphy/ptII/lib/hazelcast-3.8.2.jar:/home/travis/build/icyphy/ptII/lib/jackson-annotations-2.9.0.jar:/home/travis/build/icyphy/ptII/lib/jackson-core-2.9.3.jar:/home/travis/build/icyphy/ptII/lib/jackson-databind-2.9.3.jar:/home/travis/build/icyphy/ptII/lib/netty-buffer-4.1.19.Final.jar:/home/travis/build/icyphy/ptII/lib/netty-codec-4.1.19.Final.jar:/home/travis/build/icyphy/ptII/lib/netty-codec-dns-4.1.19.Final.jar:/home/travis/build/icyphy/ptII/lib/netty-codec-http-4.1.19.Final.jar:/home/travis/build/icyphy/ptII/lib/netty-codec-http2-4.1.19.Final.jar:/home/travis/build/icyphy/ptII/lib/netty-common-4.1.19.Final.jar:/home/travis/build/icyphy/ptII/lib/netty-handler-4.1.19.Final.jar:/home/travis/build/icyphy/ptII/lib/netty-resolver-4.1.19.Final.jar:/home/travis/build/icyphy/ptII/lib/netty-resolver-dns-4.1.19.Final.jar:/home/travis/build/icyphy/ptII/lib/netty-transport-4.1.19.Final.jar:/home/travis/build/icyphy/ptII/lib/vertx-codegen-3.5.1.jar:/home/travis/build/icyphy/ptII/lib/vertx-core-3.5.1.jar:/home/travis/build/icyphy/ptII/lib/vertx-hazelcast-3.5.1.jar:/home/travis/build/icyphy/ptII/lib/vertx-lang-js-3.5.1.jar:/home/travis/build/icyphy/ptII/lib/vertx-service-proxy-3.5.1.jar:/home/travis/build/icyphy/ptII/lib/vertx-web-3.5.1.jar:/home/travis/build/icyphy/ptII/lib/slf4j-api-1.7.13.jar:/home/travis/build/icyphy/ptII/lib/slf4j-simple-1.7.13.jar:/home/travis/build/icyphy/ptII/lib/webcam-capture-0.3.12.jar:/home/travis/build/icyphy/ptII/lib/bridj-0.7.0.jar:/home/travis/build/icyphy/ptII/lib/xbjlib-1.1.0.nrjavaserial.jar" />
    <property name="test.batch" value="**/junit/*.java" />
    <property name="env._" value="/usr/bin/timeout" />
    <property name="java.io.tmpdir" value="/tmp" />
    <property name="user.language" value="en" />
    <property name="env.HISTCONTROL" value="ignoredups:ignorespace" />
    <property name="env.GOROOT" value="/home/travis/.gimme/versions/go1.7.4.linux.amd64" />
    <property name="line.separator" value="&#xa;" />
    <property name="target" value="1.8" />
    <property name="env.TRAVIS_BUILD_DIR" value="/home/travis/build/icyphy/ptII" />
    <property name="env.ANT_OPTS" value="-Xmx2048m" />
    <property name="ant.file.type" value="file" />
    <property name="ptolemy.ptII.batchMode" value="true" />
    <property name="env.HISTSIZE" value="1000" />
    <property name="env.MERB_ENV" value="test" />
    <property name="java.vm.info" value="mixed mode" />
    <property name="source" value="1.8" />
    <property name="java.vm.specification.name" value="Java Virtual Machine Specification" />
    <property name="env.TRAVIS_TEST_RESULT" value="0" />
    <property name="jsdoc.command" value="node_modules/@terraswarm/jsdoc/jsdoc.js" />
    <property name="npm.works" value="true" />
    <property name="cobertura.dir" value="/home/travis/build/icyphy/ptII/vendors/cobertura-2.0.3" />
    <property name="env.rvm_path" value="/home/travis/.rvm" />
    <property name="env.GEM_PATH" value="/home/travis/.rvm/gems/ruby-2.4.1:/home/travis/.rvm/gems/ruby-2.4.1@global" />
    <property name="env.LC_CTYPE" value="en_US.UTF-8" />
    <property name="java.awt.printerjob" value="sun.print.PSPrinterJob" />
    <property name="env.TRAVIS_STACK_NAME" value="garnet" />
    <property name="ant.version" value="Apache Ant(TM) version 1.10.1 compiled on February 2 2017" />
    <property name="ptII.reports" value="/home/travis/build/icyphy/ptII/reports" />
    <property name="env.TRAVIS_STACK_TIMESTAMP" value="2017-12-05 19:33:09 UTC" />
    <property name="ant.file.type.ptII" value="file" />
    <property name="env.RBENV_SHELL" value="bash" />
    <property name="os.name" value="Linux" />
    <property name="java.specification.vendor" value="Oracle Corporation" />
    <property name="env.rvm_version" value="1.29.3 (latest)" />
    <property name="env.TERM" value="xterm" />
    <property name="java.vm.name" value="Java HotSpot(TM) 64-Bit Server VM" />
    <property name="env.TRAVIS_BUILD_NUMBER" value="379" />
    <property name="env.CI" value="true" />
    <property name="java.library.path" value="/home/travis/pthla/certi-tools/lib:/usr/lib/jni:/usr/local/share/OpenCV/java/:/usr/share/OpenCV/java::/usr/java/packages/lib/amd64:/usr/lib64:/lib64:/lib:/usr/lib" />
    <property name="env.rvm_prefix" value="/home/travis" />
    <property name="env.PATH" value="/home/travis/pthla/certi-tools/share/scripts:/home/travis/.rvm/gems/ruby-2.4.1/bin:/home/travis/.rvm/gems/ruby-2.4.1@global/bin:/home/travis/.rvm/rubies/ruby-2.4.1/bin:/home/travis/.rvm/bin:/home/travis/.nvm/versions/node/v7.10.1/bin:./node_modules/.bin:/home/travis/build/icyphy/ptII/bin:/home/travis/pthla/certi-tools/bin:/home/travis/bin:/home/travis/.local/bin:/opt/pyenv/shims:/home/travis/.phpenv/shims:/home/travis/perl5/perlbrew/bin:/home/travis/.kiex/elixirs/elixir-1.4.5/bin:/home/travis/.kiex/bin:/home/travis/gopath/bin:/home/travis/.gimme/versions/go1.7.4.linux.amd64/bin:/usr/local/phantomjs/bin:/usr/local/phantomjs:/usr/local/neo4j-3.2.7/bin:/usr/local/maven-3.5.2/bin:/usr/local/cmake-3.9.2/bin:/usr/local/clang-5.0.0/bin:/usr/local/sbin:/usr/local/bin:/usr/sbin:/usr/bin:/sbin:/bin:/home/travis/.phpenv/bin:/opt/pyenv/bin:/home/travis/.yarn/bin" />
    <property name="env.TRAVIS_OS_NAME" value="linux" />
    <property name="ant.java.version" value="1.8" />
    <property name="basedir" value="/home/travis/build/icyphy/ptII" />
    <property name="java.class.version" value="52.0" />
    <property name="env.SHLVL" value="3" />
    <property name="env.LD_LIBRARY_PATH" value="/home/travis/pthla/certi-tools/lib:/usr/lib/jni:/usr/local/share/OpenCV/java/:/usr/share/OpenCV/java:" />
    <property name="env.RACK_ENV" value="test" />
    <property name="ant.home" value="/home/travis/build/icyphy/ptII/ant" />
    <property name="env.NVM_DIR" value="/home/travis/.nvm" />
    <property name="env.PERLBREW_BASHRC_VERSION" value="0.80" />
    <property name="env.CERTI_FOM_PATH" value="/home/travis/pthla/certi-tools/share/federations" />
    <property name="env.TRAVIS_BUILD_ID" value="373955265" />
    <property name="env.PYENV_ROOT" value="/opt/pyenv" />
    <property name="env.TRAVIS_UID" value="2000" />
    <property name="env.rvm_pretty_print_flag" value="auto" />
    <property name="env.NVM_BIN" value="/home/travis/.nvm/versions/node/v7.10.1/bin" />
    <property name="env.TRAVIS_COMMIT" value="c7d1d7dea40b2722842f6ab16d9b1cb5cdce922e" />
    <property name="env._system_arch" value="x86_64" />
    <property name="node.executable" value="node" />
    <property name="sun.boot.library.path" value="/usr/lib/jvm/java-8-oracle/jre/lib/amd64" />
    <property name="sun.management.compiler" value="HotSpot 64-Bit Tiered Compilers" />
    <property name="env.GOPATH" value="/home/travis/gopath" />
    <property name="java.awt.graphicsenv" value="sun.awt.X11GraphicsEnvironment" />
    <property name="ptolemy.ptII.dir" value="/home/travis/build/icyphy/ptII" />
    <property name="env.USER" value="travis" />
    <property name="env.HISTFILESIZE" value="2000" />
    <property name="timeout.longest" value="19000000" />
    <property name="env.TRAVIS_STACK_FEATURES" value="basic cassandra chromium couchdb disabled-ipv6 docker docker-compose elasticsearch firefox go-toolchain google-chrome jdk memcached mongodb mysql neo4j nodejs_interpreter perl_interpreter perlbrew phantomjs postgresql python_interpreter rabbitmq redis riak ruby_interpreter sqlite xserver" />
    <property name="env.TRAVIS_PULL_REQUEST" value="false" />
    <property name="env.PYENV_SHELL" value="bash" />
    <property name="ant.project.name" value="ptII" />
    <property name="java.vm.specification.version" value="1.8" />
    <property name="env.CERTI_VERSION" value="4.0.0" />
    <property name="env.NLSPATH" value="/usr/dt/lib/nls/msg/%L/%N.cat" />
    <property name="awt.toolkit" value="sun.awt.X11.XToolkit" />
    <property name="env.CERTI_HOST" value="localhost" />
    <property name="env.MY_RUBY_HOME" value="/home/travis/.rvm/rubies/ruby-2.4.1" />
    <property name="sun.cpu.isalist" value="" />
    <property name="java.ext.dirs" value="/usr/lib/jvm/java-8-oracle/jre/lib/ext:/usr/java/packages/lib/ext" />
    <property name="os.version" value="4.4.0-101-generic" />
    <property name="user.home" value="/home/travis" />
    <property name="env.MIX_ARCHIVES" value="/home/travis/.kiex/mix/elixir-1.4.5" />
    <property name="java.vm.vendor" value="Oracle Corporation" />
    <property name="env.TRAVIS_TAG" value="nightly" />
    <property name="env.TRAVIS_FILTERED" value="redirect_io" />
    <property name="javadoc.excludepackagenames" value="adm.cvs2svn.*,build.*,config.*,doc.coding.templates.*,jni.test.jni.meaningOfLife.*,jni.test.jni.testDeux.*,jni.test.jni.testTrois.*,org.terraswarm.accessor.accessors.web.node_modules.*,org.terraswarm.accessor.accessors.web.hosts.cordova.demo.*,org.terraswarm.accessor.accessors.web.hosts.cordova.plugins.*,org.terraswarm.accessor.accessors-svn.*,pt-modules.*,ptolemy.apps.agilent.*,ptolemy.apps.anytimecontrol.*,ptolemy.apps.apes.*,ptolemy.apps.charon.*,ptolemy.apps.crazyboard.*,ptolemy.apps.eclipse.*,ptolemy.apps.etherealSting.*,ptolemy.apps.fullscreen.*,ptolemy.apps.giotto.*,ptolemy.apps.ia.*,ptolemy.apps.interfaces.*,ptolemy.apps.jmf.*,ptolemy.apps.kurt.*,ptolemy.apps.kvm.*,ptolemy.apps.lego.*,ptolemy.apps.lejos.*,ptolemy.apps.midp.*,ptolemy.apps.mobileCoding.*,ptolemy.apps.pendulum.*,ptolemy.apps.rijndael.*,ptolemy.apps.robot.*,ptolemy.apps.security.*,ptolemy.apps.sobel.*,ptolemy.apps.soot.*,ptolemy.apps.throttle.*,ptolemy.apps.tini.*,ptolemy.apps.transmission.*,ptolemy.apps.vergil.*,ptolemy.apps.waba.*,ptolemy.apps.websensor.*,ptolemy.apps.webstart.*,ptolemy.apps.xsl.*,ptolemy.apps.zaurus.*,ptolemy.backtrack.eclipse.plugin.*,ptolemy.backtrack.test.*,ptolemy.codegen.c.actor.lib.oldJavaFiles.*,ptolemy.codegen.dsp.lib.*,ptolemy.codegen.kernel.newInterfaces.*,ptolemy.codegen.lib.*,ptolemy.copernicus.kernel.fragment.*,ptolemy.copernicus.shallow.cg.*,ptolemy.domains.giotto.demo.Hierarchy.Hierarchy.*,ptolemy.domains.giotto.demo.Multimode.Multimode.*,ptolemy.domains.giotto.demo.Simple.Simple.*,ptolemy.domains.gr.lib.experimental.*,ptolemy.domains.gro.*,ptolemy.domains.pdf.*,ptolemy.domains.ptinyos.demo.Surge.output.*,ptolemy.moml.test.NoPackageActor.java*,ptolemy.plot.adm.*,ptolemy.plot.servlet.*,reports.*,signed.*,src.*,target.*,vendors.*,ptolemy.copernicus.applet.*,ptolemy.media.viewer.*,ptolemy.cg.adapter.generic.program.procedural.c.mbed*,ptolemy.actor.lib.fmi.fmus.omc*,ptolemy.domains.openmodelica*,ptdb.kernel.bl.save.test.*,ptdb.kernel.bl.load.test.*,ptdb.kernel.bl.search.test.*,ptdb.kernel.bl.migration.test.*,ptdb.kernel.database.test.*,ptdb.test.*,ptdb.gui.test.*,org.ptolemy.scala.*,diva.util.java2d.svg.*,ptolemy.domains.ptinyos.*,ptolemy.actor.lib.fmi.fmipp.*,,org.terraswarm.accessor.accessors.web.node_modules.*,org.terraswarm.accessor.accessors-svn,ptolemy.actor.ptalon.demo.ptinyos.SendAndReceiveCnt.output,ptolemy.actor.ptalon.demo.ptinyos.SenseToLeds.output,ptolemy.domains.ptinyos.demo.CntToLedsAndRfm.output,ptolemy.domains.ptinyos.demo.RfmToLeds.output,ptolemy.domains.ptinyos.demo.SendAndReceiveCnt.output,ptolemy.domains.ptinyos.demo.SenseToLeds.output" />
    <property name="env.JAVA_HOME" value="/usr/lib/jvm/java-8-oracle" />
    <property name="env.PTII" value="/home/travis/build/icyphy/ptII" />
    <property name="env.TRAVIS_COMMIT_MESSAGE" value="Increased timeout of REST from 8 sec. to 28 sec." />
    <property name="keystore" value="ptKeystore" />
    <property name="env.XDG_SESSION_ID" value="2" />
    <property name="junit.output.dir" value="/home/travis/build/icyphy/ptII/reports/junit" />
    <property name="npm.return.code" value="0" />
    <property name="user.dir" value="/home/travis/build/icyphy/ptII/ptolemy/actor/lib/jjs/test" />
    <property name="env.TRAVIS_NODE_VERSION" value="7" />
    <property name="env.XFILESEARCHPATH" value="/usr/dt/app-defaults/%L/Dt" />
    <property name="env.TRAVIS_EVENT_TYPE" value="push" />
    <property name="env.MAIL" value="/var/mail/travis" />
    <property name="env.PWD" value="/home/travis/build/icyphy/ptII" />
    <property name="env.PERLBREW_ROOT" value="/home/travis/perl5/perlbrew" />
    <property name="timeout.npm" value="45000" />
    <property name="env.PAGER" value="cat" />
    <property name="sun.cpu.endian" value="little" />
    <property name="env.TRAVIS_BUILD_STAGE_NAME" value="Test" />
    <property name="env.PERLBREW_HOME" value="/home/travis/.perlbrew" />
    <property name="env.RAILS_ENV" value="test" />
    <property name="java.vm.version" value="25.151-b12" />
    <property name="java.class.path" value="/home/travis/build/icyphy/ptII:/home/travis/build/icyphy/ptII/lib/bsh-2.0b4.jar:/home/travis/build/icyphy/ptII/lib/ptCal.jar:/home/travis/build/icyphy/ptII/lib/java_cup.jar:/home/travis/build/icyphy/ptII/lib/saxon8.jar:/home/travis/build/icyphy/ptII/lib/saxon8-dom.jar:/home/travis/build/icyphy/ptII/lib/chic.jar:/home/travis/build/icyphy/ptII/lib/ptcolt.jar:/usr/lib/jvm/java-8-oracle/lib/tools.jar:/usr/lib/eclipse/plugins/org.eclipse.jdt.core_3.8.2.dist.jar:/usr/lib/eclipse/plugins/org.eclipse.core.runtime_3.8.0.dist.jar:/usr/lib/eclipse/plugins/org.eclipse.osgi_3.8.1.dist.jar:/usr/lib/eclipse/plugins/org.eclipse.core.resources_3.8.1.dist.jar:/usr/lib/eclipse/plugins/org.eclipse.equinox.common_3.6.100.dist.jar:/usr/lib/eclipse/plugins/org.eclipse.core.jobs_3.5.200.dist.jar:/usr/lib/eclipse/plugins/org.eclipse.core.contenttype_3.4.200.dist.jar:/usr/lib/eclipse/plugins/org.eclipse.equinox.preferences_3.5.0.dist.jar:/usr/lib/eclipse/plugins/org.eclipse.text_3.5.200.dist.jar:/usr/lib/eclipse/plugins/org.eclipse.ui.workbench_3.8.1.dist.jar:/usr/lib/eclipse/plugins/org.eclipse.jface_3.8.0.dist.jar:/usr/lib/eclipse/plugins/org.eclipse.swt_3.8.2.jar:/usr/lib/eclipse/plugins/org.eclipse.jface.text_3.8.1.dist.jar:/usr/lib/eclipse/plugins/org.eclipse.ui.workbench.texteditor_3.8.0.dist.jar:/usr/lib/eclipse/plugins/org.eclipse.ui.editors_3.8.0.dist.jar:/usr/lib/eclipse/plugins/org.eclipse.core.commands_3.6.1.dist.jar:/usr/lib/eclipse/plugins/org.eclipse.equinox.registry_3.5.200.dist.jar:/usr/lib/eclipse/plugins/org.eclipse.ui.console_3.5.100.dist.jar:/usr/lib/eclipse/plugins/org.eclipse.ui.forms_3.5.200.dist.jar:/usr/lib/eclipse/plugins/org.eclipse.ui.ide_3.8.1.dist.jar:/home/travis/build/icyphy/ptII/vendors/oracle/dbxml.jar:/home/travis/build/icyphy/ptII/vendors/oracle/db.jar:/home/travis/build/icyphy/ptII/vendors/misc/itext/iText.jar:/home/travis/build/icyphy/ptII/lib/g4ltl.jar:/home/travis/build/icyphy/ptII/lib/StructuralCoder.jar:/home/travis/build/icyphy/ptII/lib/org-openide-util.jar:/home/travis/build/icyphy/ptII/lib/org-openide-util-lookup.jar:/home/travis/build/icyphy/ptII/lib/org-netbeans-api-visual.jar:/home/travis/build/icyphy/ptII/vendors/jai-1_1_2_01/lib/jai_core.jar:/home/travis/build/icyphy/ptII/vendors/jai-1_1_2_01/lib/jai_codec.jar:/home/travis/build/icyphy/ptII/lib/jcerti.jar:/home/travis/build/icyphy/ptII/lib/smack.jar:/home/travis/build/icyphy/ptII/lib/smackx.jar:/home/travis/build/icyphy/ptII/lib/jetty-all-8.1.5-v20120716.jar:/home/travis/build/icyphy/ptII/lib/javax.servlet-api-3.0.1.jar:/home/travis/build/icyphy/ptII/lib/javax.mail.jar:/home/travis/build/icyphy/ptII/vendors/JMF-2.1.1e/lib/jmf.jar:/home/travis/build/icyphy/ptII/lib/jna-4.0.0-variadic.jar:/home/travis/build/icyphy/ptII/vendors/misc/joystick/Joystick.jar:/home/travis/build/icyphy/ptII/lib/ptjacl.jar:/home/travis/build/icyphy/ptII/lib/jsoup-1.8.2.jar:/home/travis/build/icyphy/ptII/lib/junit-4.8.2.jar:/home/travis/build/icyphy/ptII/lib/JUnitParams-0.4.0.jar:/home/travis/build/icyphy/ptII/ptolemy/actor/lib/excel/jxl.jar:/home/travis/build/icyphy/ptII/lib/jython.jar:/home/travis/build/icyphy/ptII/lib/kieler.jar:/home/travis/build/icyphy/ptII/vendors/opencv/share/OpenCV/java/opencv-341.jar:/home/travis/build/icyphy/ptII/lib/oscP5.jar:/home/travis/build/icyphy/ptII/lib/nrjavaserial-3.11.0.devel.jar:/usr/share/java/j3dcore.jar:/usr/share/java/j3dutils.jar:/usr/share/java/vecmath.jar:/home/travis/build/icyphy/ptII/ptolemy/distributed/jini/jar/jini-core.jar:/home/travis/build/icyphy/ptII/ptolemy/distributed/jini/jar/jini-ext.jar:/home/travis/build/icyphy/ptII/ptolemy/distributed/jini/jar/sun-util.jar:/home/travis/build/icyphy/ptII/lib/protobuf-java-2.4.1.jar:/home/travis/build/icyphy/ptII/lib/org.eclipse.paho.client.mqttv3.jar:/home/travis/build/icyphy/ptII/ptserver/lib/hessian-4.0.7.jar:/home/travis/build/icyphy/ptII/ptserver/lib/wmqtt.jar:/home/travis/build/icyphy/ptII/lib/mapss.jar:/home/travis/build/icyphy/ptII/ptolemy/actor/ptalon/antlr/antlr.jar:/home/travis/build/icyphy/ptII/lib/JRI.jar:/home/travis/build/icyphy/ptII/lib/commons-lang-2.6.jar:/home/travis/build/icyphy/ptII/lib/commons-logging-1.1.1.jar:/home/travis/build/icyphy/ptII/lib/sootclasses.jar:/home/travis/build/icyphy/ptII/ptolemy/actor/lib/database/mysql-connector-java-5.1.6-bin.jar:/home/travis/build/icyphy/ptII/vendors/misc/sphinx4/sphinx4-data-5prealpha.jar:/home/travis/build/icyphy/ptII/vendors/misc/sphinx4/sphinx4-core-5prealpha.jar:/home/travis/build/icyphy/ptII/lib/PDFRenderer.jar:/home/travis/build/icyphy/ptII/lib/svgSalamander.jar:/home/travis/build/icyphy/ptII/lib/rsyntaxtextarea-2.6.0-SNAPSHOT.jar:/home/travis/build/icyphy/ptII/lib/hazelcast-3.8.2.jar:/home/travis/build/icyphy/ptII/lib/jackson-annotations-2.9.0.jar:/home/travis/build/icyphy/ptII/lib/jackson-core-2.9.3.jar:/home/travis/build/icyphy/ptII/lib/jackson-databind-2.9.3.jar:/home/travis/build/icyphy/ptII/lib/netty-buffer-4.1.19.Final.jar:/home/travis/build/icyphy/ptII/lib/netty-codec-4.1.19.Final.jar:/home/travis/build/icyphy/ptII/lib/netty-codec-dns-4.1.19.Final.jar:/home/travis/build/icyphy/ptII/lib/netty-codec-http-4.1.19.Final.jar:/home/travis/build/icyphy/ptII/lib/netty-codec-http2-4.1.19.Final.jar:/home/travis/build/icyphy/ptII/lib/netty-common-4.1.19.Final.jar:/home/travis/build/icyphy/ptII/lib/netty-handler-4.1.19.Final.jar:/home/travis/build/icyphy/ptII/lib/netty-resolver-4.1.19.Final.jar:/home/travis/build/icyphy/ptII/lib/netty-resolver-dns-4.1.19.Final.jar:/home/travis/build/icyphy/ptII/lib/netty-transport-4.1.19.Final.jar:/home/travis/build/icyphy/ptII/lib/vertx-codegen-3.5.1.jar:/home/travis/build/icyphy/ptII/lib/vertx-core-3.5.1.jar:/home/travis/build/icyphy/ptII/lib/vertx-hazelcast-3.5.1.jar:/home/travis/build/icyphy/ptII/lib/vertx-lang-js-3.5.1.jar:/home/travis/build/icyphy/ptII/lib/vertx-service-proxy-3.5.1.jar:/home/travis/build/icyphy/ptII/lib/vertx-web-3.5.1.jar:/home/travis/build/icyphy/ptII/lib/slf4j-api-1.7.13.jar:/home/travis/build/icyphy/ptII/lib/slf4j-simple-1.7.13.jar:/home/travis/build/icyphy/ptII/lib/webcam-capture-0.3.12.jar:/home/travis/build/icyphy/ptII/lib/bridj-0.7.0.jar:/home/travis/build/icyphy/ptII/lib/xbjlib-1.1.0.nrjavaserial.jar:/home/travis/build/icyphy/ptII/ptolemy/moml/test:/home/travis/build/icyphy/ptII/ant/lib/ant-launcher.jar:/home/travis/build/icyphy/ptII/ant/lib/ant.jar:/home/travis/build/icyphy/ptII/ant/lib/ant-junit.jar:/home/travis/build/icyphy/ptII/ant/lib/ant-junit4.jar" />
    <property name="ant.library.dir" value="/home/travis/build/icyphy/ptII/ant/lib" />
    <property name="os.arch" value="amd64" />
    <property name="env.TRAVIS_LANGUAGE" value="node_js" />
    <property name="env.CONTINUOUS_INTEGRATION" value="true" />
    <property name="env.TRAVIS_STACK_LANGUAGES" value="__garnet__ c c++ clojure cplusplus cpp default go groovy java node_js php pure_java python ruby scala" />
    <property name="test.name" value="ptolemy.actor.lib.test.junit.JUnitTclTest" />
    <property name="sun.java.launcher" value="SUN_STANDARD" />
    <property name="env.PYTHON_CONFIGURE_OPTS" value="--enable-unicode=ucs4 --with-wide-unicode --enable-shared --enable-ipv6 --enable-loadable-sqlite-extensions --with-computed-gotos" />
    <property name="ant.core.lib" value="/home/travis/build/icyphy/ptII/ant/lib/ant.jar" />
    <property name="java.vm.specification.vendor" value="Oracle Corporation" />
    <property name="env.BCVTB_HOME" value="/home/travis/build/icyphy/ptII/lbnl" />
    <property name="file.separator" value="/" />
    <property name="java.runtime.version" value="1.8.0_151-b12" />
    <property name="spotbugs.home" value="/home/travis/build/icyphy/ptII/vendors/spotbugs-3.1.1" />
    <property name="sun.boot.class.path" value="/usr/lib/jvm/java-8-oracle/jre/lib/resources.jar:/usr/lib/jvm/java-8-oracle/jre/lib/rt.jar:/usr/lib/jvm/java-8-oracle/jre/lib/sunrsasign.jar:/usr/lib/jvm/java-8-oracle/jre/lib/jsse.jar:/usr/lib/jvm/java-8-oracle/jre/lib/jce.jar:/usr/lib/jvm/java-8-oracle/jre/lib/charsets.jar:/usr/lib/jvm/java-8-oracle/jre/lib/jfr.jar:/usr/lib/jvm/java-8-oracle/jre/classes" />
    <property name="env.HAS_JOSH_K_SEAL_OF_APPROVAL" value="true" />
    <property name="env.TRAVIS_OSX_IMAGE" value="" />
    <property name="env.XDG_RUNTIME_DIR" value="/run/user/2000" />
    <property name="env.TRAVIS_BRANCH" value="master" />
    <property name="env.TRAVIS_JOB_ID" value="373955270" />
    <property name="env.CERTI_HOME_TRAVIS" value="/home/travis/pthla/certi-tools" />
    <property name="user.country" value="US" />
    <property name="env.SHELL" value="/bin/bash" />
    <property name="java.maxmemory.large" value="5000m" />
    <property name="model" value="" />
    <property name="env.CASHER_DIR" value="/home/travis/.casher" />
    <property name="env.NVM_CD_FLAGS" value="" />
    <property name="jshint.executable" value="/home/travis/node_modules/jshint/bin/jshint" />
    <property name="java.vendor" value="Oracle Corporation" />
    <property name="env.JRUBY_OPTS" value=" --client -J-XX:+TieredCompilation -J-XX:TieredStopAtLevel=1 -J-Xss2m -Xcompile.invokedynamic=false" />
    <property name="env.TRAVIS_PRE_CHEF_BOOTSTRAP_TIME" value="2017-12-05T19:32:55" />
    <property name="env.TRAVIS_STACK_JOB_BOARD_REGISTER" value="/.job-board-register.yml" />
    <property name="env.ELIXIR_VERSION" value="1.4.5" />
    <property name="java.specification.version" value="1.8" />
    <property name="env.IRBRC" value="/home/travis/.rvm/rubies/ruby-2.4.1/.irbrc" />
    <property name="env.TRAVIS" value="true" />
    <property name="sun.arch.data.model" value="64" />
  </properties>
  <testcase classname="ptolemy.util.test.junit.TclTests" name="[0] /home/travis/build/icyphy/ptII/ptolemy/actor/lib/jjs/test/NashornAccessorHostApplication.tcl (RunTclFile)" time="0.209" />
  <testcase classname="ptolemy.util.test.junit.AutoKnownFailedTests" name="[0] ThereAreNoKnowFailedTests (RunModel)" time="0.005" />
  <testcase classname="ptolemy.util.test.junit.AutoNameArchTests" name="[0] ThereAreNoAutoTests (RunModel)" time="0.001" />
  <testcase classname="ptolemy.util.test.junit.AutoTests" name="[0] /home/travis/build/icyphy/ptII/ptolemy/actor/lib/jjs/test/auto/InputHandlers1.xml (RunModel)" time="11.114" />
  <testcase classname="ptolemy.util.test.junit.AutoTests" name="[1] /home/travis/build/icyphy/ptII/ptolemy/actor/lib/jjs/test/auto/InputHandlers2.xml (RunModel)" time="7.245" />
  <testcase classname="ptolemy.util.test.junit.AutoTests" name="[2] /home/travis/build/icyphy/ptII/ptolemy/actor/lib/jjs/test/auto/JSParameter1.xml (RunModel)" time="7.071" />
  <testcase classname="ptolemy.util.test.junit.AutoTests" name="[3] /home/travis/build/icyphy/ptII/ptolemy/actor/lib/jjs/test/auto/JSParameter2.xml (RunModel)" time="7.026" />
  <testcase classname="ptolemy.util.test.junit.AutoTests" name="[4] /home/travis/build/icyphy/ptII/ptolemy/actor/lib/jjs/test/auto/JSParameter3.xml (RunModel)" time="7.024" />
  <testcase classname="ptolemy.util.test.junit.AutoTests" name="[5] /home/travis/build/icyphy/ptII/ptolemy/actor/lib/jjs/test/auto/JSParameter4.xml (RunModel)" time="7.006" />
  <testcase classname="ptolemy.util.test.junit.AutoTests" name="[6] /home/travis/build/icyphy/ptII/ptolemy/actor/lib/jjs/test/auto/JSParameter5.xml (RunModel)" time="6.646" />
  <testcase classname="ptolemy.util.test.junit.AutoTests" name="[7] /home/travis/build/icyphy/ptII/ptolemy/actor/lib/jjs/test/auto/JavaScript1.xml (RunModel)" time="6.711" />
  <testcase classname="ptolemy.util.test.junit.AutoTests" name="[8] /home/travis/build/icyphy/ptII/ptolemy/actor/lib/jjs/test/auto/JavaScript10.xml (RunModel)" time="6.644" />
  <testcase classname="ptolemy.util.test.junit.AutoTests" name="[9] /home/travis/build/icyphy/ptII/ptolemy/actor/lib/jjs/test/auto/JavaScript11.xml (RunModel)" time="6.553" />
  <testcase classname="ptolemy.util.test.junit.AutoTests" name="[10] /home/travis/build/icyphy/ptII/ptolemy/actor/lib/jjs/test/auto/JavaScript12.xml (RunModel)" time="6.841" />
  <testcase classname="ptolemy.util.test.junit.AutoTests" name="[11] /home/travis/build/icyphy/ptII/ptolemy/actor/lib/jjs/test/auto/JavaScript13.xml (RunModel)" time="6.626" />
  <testcase classname="ptolemy.util.test.junit.AutoTests" name="[12] /home/travis/build/icyphy/ptII/ptolemy/actor/lib/jjs/test/auto/JavaScript14.xml (RunModel)" time="6.495" />
  <testcase classname="ptolemy.util.test.junit.AutoTests" name="[13] /home/travis/build/icyphy/ptII/ptolemy/actor/lib/jjs/test/auto/JavaScript15.xml (RunModel)" time="6.236" />
  <testcase classname="ptolemy.util.test.junit.AutoTests" name="[14] /home/travis/build/icyphy/ptII/ptolemy/actor/lib/jjs/test/auto/JavaScript16.xml (RunModel)" time="6.411" />
  <testcase classname="ptolemy.util.test.junit.AutoTests" name="[15] /home/travis/build/icyphy/ptII/ptolemy/actor/lib/jjs/test/auto/JavaScript17.xml (RunModel)" time="6.201" />
  <testcase classname="ptolemy.util.test.junit.AutoTests" name="[16] /home/travis/build/icyphy/ptII/ptolemy/actor/lib/jjs/test/auto/JavaScript18.xml (RunModel)" time="6.444" />
  <testcase classname="ptolemy.util.test.junit.AutoTests" name="[17] /home/travis/build/icyphy/ptII/ptolemy/actor/lib/jjs/test/auto/JavaScript19.xml (RunModel)" time="6.127" />
  <testcase classname="ptolemy.util.test.junit.AutoTests" name="[18] /home/travis/build/icyphy/ptII/ptolemy/actor/lib/jjs/test/auto/JavaScript2.xml (RunModel)" time="5.968" />
  <testcase classname="ptolemy.util.test.junit.AutoTests" name="[19] /home/travis/build/icyphy/ptII/ptolemy/actor/lib/jjs/test/auto/JavaScript20.xml (RunModel)" time="6.032" />
  <testcase classname="ptolemy.util.test.junit.AutoTests" name="[20] /home/travis/build/icyphy/ptII/ptolemy/actor/lib/jjs/test/auto/JavaScript21.xml (RunModel)" time="6.08" />
  <testcase classname="ptolemy.util.test.junit.AutoTests" name="[21] /home/travis/build/icyphy/ptII/ptolemy/actor/lib/jjs/test/auto/JavaScript22.xml (RunModel)" time="6.127" />
  <testcase classname="ptolemy.util.test.junit.AutoTests" name="[22] /home/travis/build/icyphy/ptII/ptolemy/actor/lib/jjs/test/auto/JavaScript23.xml (RunModel)" time="6.558" />
  <testcase classname="ptolemy.util.test.junit.AutoTests" name="[23] /home/travis/build/icyphy/ptII/ptolemy/actor/lib/jjs/test/auto/JavaScript24.xml (RunModel)" time="6.334" />
  <testcase classname="ptolemy.util.test.junit.AutoTests" name="[24] /home/travis/build/icyphy/ptII/ptolemy/actor/lib/jjs/test/auto/JavaScript25.xml (RunModel)" time="6.317" />
  <testcase classname="ptolemy.util.test.junit.AutoTests" name="[25] /home/travis/build/icyphy/ptII/ptolemy/actor/lib/jjs/test/auto/JavaScript26.xml (RunModel)" time="6.117" />
  <testcase classname="ptolemy.util.test.junit.AutoTests" name="[26] /home/travis/build/icyphy/ptII/ptolemy/actor/lib/jjs/test/auto/JavaScript27.xml (RunModel)" time="6.695" />
  <testcase classname="ptolemy.util.test.junit.AutoTests" name="[27] /home/travis/build/icyphy/ptII/ptolemy/actor/lib/jjs/test/auto/JavaScript3.xml (RunModel)" time="6.639" />
  <testcase classname="ptolemy.util.test.junit.AutoTests" name="[28] /home/travis/build/icyphy/ptII/ptolemy/actor/lib/jjs/test/auto/JavaScript4.xml (RunModel)" time="6.771" />
  <testcase classname="ptolemy.util.test.junit.AutoTests" name="[29] /home/travis/build/icyphy/ptII/ptolemy/actor/lib/jjs/test/auto/JavaScript5.xml (RunModel)" time="6.379" />
  <testcase classname="ptolemy.util.test.junit.AutoTests" name="[30] /home/travis/build/icyphy/ptII/ptolemy/actor/lib/jjs/test/auto/JavaScript6.xml (RunModel)" time="7.201" />
  <testcase classname="ptolemy.util.test.junit.AutoTests" name="[31] /home/travis/build/icyphy/ptII/ptolemy/actor/lib/jjs/test/auto/JavaScript7.xml (RunModel)" time="7.21" />
  <testcase classname="ptolemy.util.test.junit.AutoTests" name="[32] /home/travis/build/icyphy/ptII/ptolemy/actor/lib/jjs/test/auto/JavaScript8.xml (RunModel)" time="6.024" />
  <testcase classname="ptolemy.util.test.junit.AutoTests" name="[33] /home/travis/build/icyphy/ptII/ptolemy/actor/lib/jjs/test/auto/JavaScript9.xml (RunModel)" time="5.799" />
  <testcase classname="ptolemy.util.test.junit.AutoTests" name="[34] /home/travis/build/icyphy/ptII/ptolemy/actor/lib/jjs/test/auto/JavaScriptAbsentInputs.xml (RunModel)" time="5.811" />
  <testcase classname="ptolemy.util.test.junit.AutoTests" name="[35] /home/travis/build/icyphy/ptII/ptolemy/actor/lib/jjs/test/auto/JavaScriptAbsentInputsPersistent.xml (RunModel)" time="6.4" />
  <testcase classname="ptolemy.util.test.junit.AutoTests" name="[36] /home/travis/build/icyphy/ptII/ptolemy/actor/lib/jjs/test/auto/JavaScriptArray.xml (RunModel)" time="6.222" />
  <testcase classname="ptolemy.util.test.junit.AutoTests" name="[37] /home/travis/build/icyphy/ptII/ptolemy/actor/lib/jjs/test/auto/JavaScriptArray2.xml (RunModel)" time="6.266" />
  <testcase classname="ptolemy.util.test.junit.AutoTests" name="[38] /home/travis/build/icyphy/ptII/ptolemy/actor/lib/jjs/test/auto/JavaScriptBooleanToken.xml (RunModel)" time="5.982" />
  <testcase classname="ptolemy.util.test.junit.AutoTests" name="[39] /home/travis/build/icyphy/ptII/ptolemy/actor/lib/jjs/test/auto/JavaScriptBuildPtolemyModel.xml (RunModel)" time="5.961" />
  <testcase classname="ptolemy.util.test.junit.AutoTests" name="[40] /home/travis/build/icyphy/ptII/ptolemy/actor/lib/jjs/test/auto/JavaScriptBuildPtolemyModelAndSend.xml (RunModel)" time="6.324" />
  <testcase classname="ptolemy.util.test.junit.AutoTests" name="[41] /home/travis/build/icyphy/ptII/ptolemy/actor/lib/jjs/test/auto/JavaScriptBuildPtolemyModelAndSendAndReceive.xml (RunModel)" time="7.291" />
  <testcase classname="ptolemy.util.test.junit.AutoTests" name="[42] /home/travis/build/icyphy/ptII/ptolemy/actor/lib/jjs/test/auto/JavaScriptCount.xml (RunModel)" time="5.954" />
  <testcase classname="ptolemy.util.test.junit.AutoTests" name="[43] /home/travis/build/icyphy/ptII/ptolemy/actor/lib/jjs/test/auto/JavaScriptDoubleToken.xml (RunModel)" time="5.945" />
  <testcase classname="ptolemy.util.test.junit.AutoTests" name="[44] /home/travis/build/icyphy/ptII/ptolemy/actor/lib/jjs/test/auto/JavaScriptErrorOutput.xml (RunModel)" time="5.772" />
  <testcase classname="ptolemy.util.test.junit.AutoTests" name="[45] /home/travis/build/icyphy/ptII/ptolemy/actor/lib/jjs/test/auto/JavaScriptFactorial.xml (RunModel)" time="5.812" />
  <testcase classname="ptolemy.util.test.junit.AutoTests" name="[46] /home/travis/build/icyphy/ptII/ptolemy/actor/lib/jjs/test/auto/JavaScriptInputHandler1.xml (RunModel)" time="5.835" />
  <testcase classname="ptolemy.util.test.junit.AutoTests" name="[47] /home/travis/build/icyphy/ptII/ptolemy/actor/lib/jjs/test/auto/JavaScriptInputHandler2.xml (RunModel)" time="5.907" />
  <testcase classname="ptolemy.util.test.junit.AutoTests" name="[48] /home/travis/build/icyphy/ptII/ptolemy/actor/lib/jjs/test/auto/JavaScriptInputHandler3.xml (RunModel)" time="6.638" />
  <testcase classname="ptolemy.util.test.junit.AutoTests" name="[49] /home/travis/build/icyphy/ptII/ptolemy/actor/lib/jjs/test/auto/JavaScriptIntToken.xml (RunModel)" time="5.904" />
  <testcase classname="ptolemy.util.test.junit.AutoTests" name="[50] /home/travis/build/icyphy/ptII/ptolemy/actor/lib/jjs/test/auto/JavaScriptLongToken.xml (RunModel)" time="5.931" />
  <testcase classname="ptolemy.util.test.junit.AutoTests" name="[51] /home/travis/build/icyphy/ptII/ptolemy/actor/lib/jjs/test/auto/JavaScriptLongToken2.xml (RunModel)" time="6.541" />
  <testcase classname="ptolemy.util.test.junit.AutoTests" name="[52] /home/travis/build/icyphy/ptII/ptolemy/actor/lib/jjs/test/auto/JavaScriptReadParameter.xml (RunModel)" time="5.916" />
  <testcase classname="ptolemy.util.test.junit.AutoTests" name="[53] /home/travis/build/icyphy/ptII/ptolemy/actor/lib/jjs/test/auto/JavaScriptReceiveDate.xml (RunModel)" time="5.891" />
  <testcase classname="ptolemy.util.test.junit.AutoTests" name="[54] /home/travis/build/icyphy/ptII/ptolemy/actor/lib/jjs/test/auto/JavaScriptRecord.xml (RunModel)" time="6.146" />
  <testcase classname="ptolemy.util.test.junit.AutoTests" name="[55] /home/travis/build/icyphy/ptII/ptolemy/actor/lib/jjs/test/auto/JavaScriptRecordToken.xml (RunModel)" time="6.158" />
  <testcase classname="ptolemy.util.test.junit.AutoTests" name="[56] /home/travis/build/icyphy/ptII/ptolemy/actor/lib/jjs/test/auto/JavaScriptSendArray.xml (RunModel)" time="5.952" />
  <testcase classname="ptolemy.util.test.junit.AutoTests" name="[57] /home/travis/build/icyphy/ptII/ptolemy/actor/lib/jjs/test/auto/JavaScriptSendArray2.xml (RunModel)" time="6.046" />
  <testcase classname="ptolemy.util.test.junit.AutoTests" name="[58] /home/travis/build/icyphy/ptII/ptolemy/actor/lib/jjs/test/auto/JavaScriptSendBoolean.xml (RunModel)" time="6.01" />
  <testcase classname="ptolemy.util.test.junit.AutoTests" name="[59] /home/travis/build/icyphy/ptII/ptolemy/actor/lib/jjs/test/auto/JavaScriptSendDate.xml (RunModel)" time="5.839" />
  <testcase classname="ptolemy.util.test.junit.AutoTests" name="[60] /home/travis/build/icyphy/ptII/ptolemy/actor/lib/jjs/test/auto/JavaScriptSendDouble.xml (RunModel)" time="6.16" />
  <testcase classname="ptolemy.util.test.junit.AutoTests" name="[61] /home/travis/build/icyphy/ptII/ptolemy/actor/lib/jjs/test/auto/JavaScriptSendInt.xml (RunModel)" time="5.847" />
  <testcase classname="ptolemy.util.test.junit.AutoTests" name="[62] /home/travis/build/icyphy/ptII/ptolemy/actor/lib/jjs/test/auto/JavaScriptSendMatrix.xml (RunModel)" time="5.875" />
  <testcase classname="ptolemy.util.test.junit.AutoTests" name="[63] /home/travis/build/icyphy/ptII/ptolemy/actor/lib/jjs/test/auto/JavaScriptSendNativeArray.xml (RunModel)" time="6.701" />
  <testcase classname="ptolemy.util.test.junit.AutoTests" name="[64] /home/travis/build/icyphy/ptII/ptolemy/actor/lib/jjs/test/auto/JavaScriptSendNativeObject.xml (RunModel)" time="7.325" />
  <testcase classname="ptolemy.util.test.junit.AutoTests" name="[65] /home/travis/build/icyphy/ptII/ptolemy/actor/lib/jjs/test/auto/JavaScriptSendNull.xml (RunModel)" time="5.864" />
  <testcase classname="ptolemy.util.test.junit.AutoTests" name="[66] /home/travis/build/icyphy/ptII/ptolemy/actor/lib/jjs/test/auto/JavaScriptSendNullToInput.xml (RunModel)" time="8.005" />
  <testcase classname="ptolemy.util.test.junit.AutoTests" name="[67] /home/travis/build/icyphy/ptII/ptolemy/actor/lib/jjs/test/auto/JavaScriptSendRecord.xml (RunModel)" time="6.286" />
  <testcase classname="ptolemy.util.test.junit.AutoTests" name="[68] /home/travis/build/icyphy/ptII/ptolemy/actor/lib/jjs/test/auto/JavaScriptSendRecord2.xml (RunModel)" time="5.906" />
  <testcase classname="ptolemy.util.test.junit.AutoTests" name="[69] /home/travis/build/icyphy/ptII/ptolemy/actor/lib/jjs/test/auto/JavaScriptSendRecord3.xml (RunModel)" time="6.094" />
  <testcase classname="ptolemy.util.test.junit.AutoTests" name="[70] /home/travis/build/icyphy/ptII/ptolemy/actor/lib/jjs/test/auto/JavaScriptSendString.xml (RunModel)" time="5.949" />
  <testcase classname="ptolemy.util.test.junit.AutoTests" name="[71] /home/travis/build/icyphy/ptII/ptolemy/actor/lib/jjs/test/auto/JavaScriptSendToInput.xml (RunModel)" time="8.111" />
  <testcase classname="ptolemy.util.test.junit.AutoTests" name="[72] /home/travis/build/icyphy/ptII/ptolemy/actor/lib/jjs/test/auto/JavaScriptSetInterval.xml (RunModel)" time="6.996" />
  <testcase classname="ptolemy.util.test.junit.AutoTests" name="[73] /home/travis/build/icyphy/ptII/ptolemy/actor/lib/jjs/test/auto/JavaScriptSetInterval2.xml (RunModel)" time="6.343" />
  <testcase classname="ptolemy.util.test.junit.AutoTests" name="[74] /home/travis/build/icyphy/ptII/ptolemy/actor/lib/jjs/test/auto/JavaScriptSetTimeout.xml (RunModel)" time="5.992" />
  <testcase classname="ptolemy.util.test.junit.AutoTests" name="[75] /home/travis/build/icyphy/ptII/ptolemy/actor/lib/jjs/test/auto/JavaScriptStringToken.xml (RunModel)" time="5.811" />
  <testcase classname="ptolemy.util.test.junit.AutoTests" name="[76] /home/travis/build/icyphy/ptII/ptolemy/actor/lib/jjs/test/auto/JavaScriptTestAutoInputEtc.xml (RunModel)" time="8.051" />
  <testcase classname="ptolemy.util.test.junit.AutoTests" name="[77] /home/travis/build/icyphy/ptII/ptolemy/actor/lib/jjs/test/auto/JavaScriptThisActor.xml (RunModel)" time="6.142" />
  <testcase classname="ptolemy.util.test.junit.AutoTests" name="[78] /home/travis/build/icyphy/ptII/ptolemy/actor/lib/jjs/test/auto/JavaScriptTimeout.xml (RunModel)" time="6.605" />
  <testcase classname="ptolemy.util.test.junit.AutoTests" name="[79] /home/travis/build/icyphy/ptII/ptolemy/actor/lib/jjs/test/auto/JavaScriptWriteParameter.xml (RunModel)" time="6.114" />
  <testcase classname="ptolemy.util.test.junit.AutoTests" name="[80] /home/travis/build/icyphy/ptII/ptolemy/actor/lib/jjs/test/auto/RampDisplay.xml (RunModel)" time="15.899" />
  <testcase classname="ptolemy.util.test.junit.AutoTests" name="[81] /home/travis/build/icyphy/ptII/ptolemy/actor/lib/jjs/test/auto/SelfBuilder.xml (RunModel)" time="6.381" />
  <testcase classname="ptolemy.util.test.junit.AutoTests" name="[82] /home/travis/build/icyphy/ptII/ptolemy/actor/lib/jjs/test/auto/SelfBuilder10.xml (RunModel)" time="6.004" />
  <testcase classname="ptolemy.util.test.junit.AutoTests" name="[83] /home/travis/build/icyphy/ptII/ptolemy/actor/lib/jjs/test/auto/SelfBuilder2.xml (RunModel)" time="5.908" />
  <testcase classname="ptolemy.util.test.junit.AutoTests" name="[84] /home/travis/build/icyphy/ptII/ptolemy/actor/lib/jjs/test/auto/SelfBuilder3.xml (RunModel)" time="5.969" />
  <testcase classname="ptolemy.util.test.junit.AutoTests" name="[85] /home/travis/build/icyphy/ptII/ptolemy/actor/lib/jjs/test/auto/SelfBuilder4.xml (RunModel)" time="6.143" />
  <testcase classname="ptolemy.util.test.junit.AutoTests" name="[86] /home/travis/build/icyphy/ptII/ptolemy/actor/lib/jjs/test/auto/SelfBuilder5.xml (RunModel)" time="6.099" />
  <testcase classname="ptolemy.util.test.junit.AutoTests" name="[87] /home/travis/build/icyphy/ptII/ptolemy/actor/lib/jjs/test/auto/SelfBuilder6.xml (RunModel)" time="6.154" />
  <testcase classname="ptolemy.util.test.junit.AutoTests" name="[88] /home/travis/build/icyphy/ptII/ptolemy/actor/lib/jjs/test/auto/SelfBuilder7.xml (RunModel)" time="6.009" />
  <testcase classname="ptolemy.util.test.junit.AutoTests" name="[89] /home/travis/build/icyphy/ptII/ptolemy/actor/lib/jjs/test/auto/SelfBuilder8.xml (RunModel)" time="6.017" />
  <testcase classname="ptolemy.util.test.junit.AutoTests" name="[90] /home/travis/build/icyphy/ptII/ptolemy/actor/lib/jjs/test/auto/SelfBuilder9.xml (RunModel)" time="5.872" />
  <system-out><![CDATA[/home/travis/build/icyphy/ptII/ptolemy/actor/lib/jjs/test/NashornAccessorHostApplication.tcl
testDefs.tcl: setting time out to 9000 seconds at Wed May 02 15:27:28 UTC 2018


==== $PTII/ptolemy/actor/lib/jjs/test/NashornAccessorHostApplication.tcl: NashornAccessorHostApplication-0.0.1 No way to test the command line arguments
==== Contents of test case:

    list "Unfortunately, the Nashorn Host spawns a separate thread, so there"  "is no way to asyncronously wait to get the results back."  "This makes it difficult to test the command line argument processing."

==== Result was:
{Unfortunately, the Nashorn Host spawns a separate thread, so there} {is no way to asyncronously wait to get the results back.} {This makes it difficult to test the command line argument processing.}
---- KNOWN Failure, Result should have been:
1
---- NashornAccessorHostApplication-0.0.1 Failed, but this is a KNOWN failure
05/02/18 03:27:28
Failed: 0  Total Tests: 1  ((Passed: 0, Newly Passed: 0)  Known Failed: 1) /home/travis/build/icyphy/ptII/ptolemy/actor/lib/jjs/test
No auto/knownFailedTests/*.xml tests in /home/travis/build/icyphy/ptII/ptolemy/actor/lib/jjs/test
No auto/*.xml tests in /home/travis/build/icyphy/ptII/ptolemy/actor/lib/jjs/test
AutoTests.java: About to close Vertx.
AutoTests.java: Vertx closed.
----------------- testing Wed May 02 15:27:29 UTC 2018 /home/travis/build/icyphy/ptII/ptolemy/actor/lib/jjs/test/auto/InputHandlers1.xml
----------------- Wed May 02 15:27:29 UTC 2018 About to sleep for 5.0 seconds before rerunning.  Test is: /home/travis/build/icyphy/ptII/ptolemy/actor/lib/jjs/test/auto/InputHandlers1.xml
2244 ms. Memory: 151040K Free: 58569K (39%)
reloadAllAccessors: .InputHandlers1
----------------- testing Wed May 02 15:27:40 UTC 2018 /home/travis/build/icyphy/ptII/ptolemy/actor/lib/jjs/test/auto/InputHandlers2.xml
----------------- Wed May 02 15:27:40 UTC 2018 About to sleep for 5.0 seconds before rerunning.  Test is: /home/travis/build/icyphy/ptII/ptolemy/actor/lib/jjs/test/auto/InputHandlers2.xml
1382 ms. Memory: 254976K Free: 151345K (59%)
reloadAllAccessors: .InputHandlers2
----------------- testing Wed May 02 15:27:47 UTC 2018 /home/travis/build/icyphy/ptII/ptolemy/actor/lib/jjs/test/auto/JSParameter1.xml
----------------- Wed May 02 15:27:47 UTC 2018 About to sleep for 5.0 seconds before rerunning.  Test is: /home/travis/build/icyphy/ptII/ptolemy/actor/lib/jjs/test/auto/JSParameter1.xml
1165 ms. Memory: 364544K Free: 270895K (74%)
reloadAllAccessors: .JSParameter1
----------------- testing Wed May 02 15:27:54 UTC 2018 /home/travis/build/icyphy/ptII/ptolemy/actor/lib/jjs/test/auto/JSParameter2.xml
----------------- Wed May 02 15:27:54 UTC 2018 About to sleep for 5.0 seconds before rerunning.  Test is: /home/travis/build/icyphy/ptII/ptolemy/actor/lib/jjs/test/auto/JSParameter2.xml
1260 ms. Memory: 366592K Free: 211509K (58%)
reloadAllAccessors: .JSParameter2
----------------- testing Wed May 02 15:28:01 UTC 2018 /home/travis/build/icyphy/ptII/ptolemy/actor/lib/jjs/test/auto/JSParameter3.xml
----------------- Wed May 02 15:28:01 UTC 2018 About to sleep for 5.0 seconds before rerunning.  Test is: /home/travis/build/icyphy/ptII/ptolemy/actor/lib/jjs/test/auto/JSParameter3.xml
1156 ms. Memory: 494080K Free: 279564K (57%)
reloadAllAccessors: .JSParameter3
----------------- testing Wed May 02 15:28:08 UTC 2018 /home/travis/build/icyphy/ptII/ptolemy/actor/lib/jjs/test/auto/JSParameter4.xml
----------------- Wed May 02 15:28:08 UTC 2018 About to sleep for 5.0 seconds before rerunning.  Test is: /home/travis/build/icyphy/ptII/ptolemy/actor/lib/jjs/test/auto/JSParameter4.xml
1289 ms. Memory: 514560K Free: 434004K (84%)
reloadAllAccessors: .JSParameter4
----------------- testing Wed May 02 15:28:15 UTC 2018 /home/travis/build/icyphy/ptII/ptolemy/actor/lib/jjs/test/auto/JSParameter5.xml
----------------- Wed May 02 15:28:15 UTC 2018 About to sleep for 5.0 seconds before rerunning.  Test is: /home/travis/build/icyphy/ptII/ptolemy/actor/lib/jjs/test/auto/JSParameter5.xml
1010 ms. Memory: 514560K Free: 120357K (23%)
reloadAllAccessors: .JSParameter5
----------------- testing Wed May 02 15:28:22 UTC 2018 /home/travis/build/icyphy/ptII/ptolemy/actor/lib/jjs/test/auto/JavaScript1.xml
----------------- Wed May 02 15:28:22 UTC 2018 About to sleep for 5.0 seconds before rerunning.  Test is: /home/travis/build/icyphy/ptII/ptolemy/actor/lib/jjs/test/auto/JavaScript1.xml
995 ms. Memory: 632832K Free: 291590K (46%)
reloadAllAccessors: .JavaScript1
----------------- testing Wed May 02 15:28:29 UTC 2018 /home/travis/build/icyphy/ptII/ptolemy/actor/lib/jjs/test/auto/JavaScript10.xml
----------------- Wed May 02 15:28:29 UTC 2018 About to sleep for 5.0 seconds before rerunning.  Test is: /home/travis/build/icyphy/ptII/ptolemy/actor/lib/jjs/test/auto/JavaScript10.xml
1093 ms. Memory: 637440K Free: 454642K (71%)
reloadAllAccessors: .JavaScript10
----------------- testing Wed May 02 15:28:35 UTC 2018 /home/travis/build/icyphy/ptII/ptolemy/actor/lib/jjs/test/auto/JavaScript11.xml
----------------- Wed May 02 15:28:35 UTC 2018 About to sleep for 5.0 seconds before rerunning.  Test is: /home/travis/build/icyphy/ptII/ptolemy/actor/lib/jjs/test/auto/JavaScript11.xml
998 ms. Memory: 637440K Free: 139811K (22%)
reloadAllAccessors: .JavaScript11
----------------- testing Wed May 02 15:28:42 UTC 2018 /home/travis/build/icyphy/ptII/ptolemy/actor/lib/jjs/test/auto/JavaScript12.xml
----------------- Wed May 02 15:28:42 UTC 2018 About to sleep for 5.0 seconds before rerunning.  Test is: /home/travis/build/icyphy/ptII/ptolemy/actor/lib/jjs/test/auto/JavaScript12.xml
0
1
2
3
4
5
6
7
8
9
7 ms. Memory: 803328K Free: 541927K (67%)
1066 ms. Memory: 803328K Free: 541927K (67%)
reloadAllAccessors: .JavaScript12
----------------- testing Wed May 02 15:28:49 UTC 2018 /home/travis/build/icyphy/ptII/ptolemy/actor/lib/jjs/test/auto/JavaScript13.xml
----------------- Wed May 02 15:28:49 UTC 2018 About to sleep for 5.0 seconds before rerunning.  Test is: /home/travis/build/icyphy/ptII/ptolemy/actor/lib/jjs/test/auto/JavaScript13.xml
0
1
2
3
4
5
6
7
8
9
11 ms. Memory: 803328K Free: 222345K (28%)
984 ms. Memory: 803328K Free: 222345K (28%)
reloadAllAccessors: .JavaScript13
----------------- testing Wed May 02 15:28:55 UTC 2018 /home/travis/build/icyphy/ptII/ptolemy/actor/lib/jjs/test/auto/JavaScript14.xml
----------------- Wed May 02 15:28:55 UTC 2018 About to sleep for 5.0 seconds before rerunning.  Test is: /home/travis/build/icyphy/ptII/ptolemy/actor/lib/jjs/test/auto/JavaScript14.xml
867 ms. Memory: 806912K Free: 508142K (63%)
reloadAllAccessors: .JavaScript14
----------------- testing Wed May 02 15:29:02 UTC 2018 /home/travis/build/icyphy/ptII/ptolemy/actor/lib/jjs/test/auto/JavaScript15.xml
----------------- Wed May 02 15:29:02 UTC 2018 About to sleep for 5.0 seconds before rerunning.  Test is: /home/travis/build/icyphy/ptII/ptolemy/actor/lib/jjs/test/auto/JavaScript15.xml
780 ms. Memory: 806912K Free: 197729K (25%)
reloadAllAccessors: .JavaScript15
----------------- testing Wed May 02 15:29:08 UTC 2018 /home/travis/build/icyphy/ptII/ptolemy/actor/lib/jjs/test/auto/JavaScript16.xml
----------------- Wed May 02 15:29:08 UTC 2018 About to sleep for 5.0 seconds before rerunning.  Test is: /home/travis/build/icyphy/ptII/ptolemy/actor/lib/jjs/test/auto/JavaScript16.xml
879 ms. Memory: 983552K Free: 658028K (67%)
reloadAllAccessors: .JavaScript16
----------------- testing Wed May 02 15:29:14 UTC 2018 /home/travis/build/icyphy/ptII/ptolemy/actor/lib/jjs/test/auto/JavaScript17.xml
----------------- Wed May 02 15:29:14 UTC 2018 About to sleep for 5.0 seconds before rerunning.  Test is: /home/travis/build/icyphy/ptII/ptolemy/actor/lib/jjs/test/auto/JavaScript17.xml
826 ms. Memory: 983552K Free: 349302K (36%)
reloadAllAccessors: .JavaScript17
----------------- testing Wed May 02 15:29:21 UTC 2018 /home/travis/build/icyphy/ptII/ptolemy/actor/lib/jjs/test/auto/JavaScript18.xml
----------------- Wed May 02 15:29:21 UTC 2018 About to sleep for 5.0 seconds before rerunning.  Test is: /home/travis/build/icyphy/ptII/ptolemy/actor/lib/jjs/test/auto/JavaScript18.xml
955 ms. Memory: 1019904K Free: 974919K (96%)
reloadAllAccessors: .JavaScript18
----------------- testing Wed May 02 15:29:27 UTC 2018 /home/travis/build/icyphy/ptII/ptolemy/actor/lib/jjs/test/auto/JavaScript19.xml
----------------- Wed May 02 15:29:27 UTC 2018 About to sleep for 5.0 seconds before rerunning.  Test is: /home/travis/build/icyphy/ptII/ptolemy/actor/lib/jjs/test/auto/JavaScript19.xml
664 ms. Memory: 1019904K Free: 663011K (65%)
reloadAllAccessors: .JavaScript19
----------------- testing Wed May 02 15:29:33 UTC 2018 /home/travis/build/icyphy/ptII/ptolemy/actor/lib/jjs/test/auto/JavaScript2.xml
----------------- Wed May 02 15:29:33 UTC 2018 About to sleep for 5.0 seconds before rerunning.  Test is: /home/travis/build/icyphy/ptII/ptolemy/actor/lib/jjs/test/auto/JavaScript2.xml
575 ms. Memory: 1019904K Free: 346514K (34%)
reloadAllAccessors: .JavaScript2
----------------- testing Wed May 02 15:29:39 UTC 2018 /home/travis/build/icyphy/ptII/ptolemy/actor/lib/jjs/test/auto/JavaScript20.xml
----------------- Wed May 02 15:29:39 UTC 2018 About to sleep for 5.0 seconds before rerunning.  Test is: /home/travis/build/icyphy/ptII/ptolemy/actor/lib/jjs/test/auto/JavaScript20.xml
672 ms. Memory: 1243136K Free: 1016021K (82%)
reloadAllAccessors: .JavaScript20
----------------- testing Wed May 02 15:29:45 UTC 2018 /home/travis/build/icyphy/ptII/ptolemy/actor/lib/jjs/test/auto/JavaScript21.xml
----------------- Wed May 02 15:29:45 UTC 2018 About to sleep for 5.0 seconds before rerunning.  Test is: /home/travis/build/icyphy/ptII/ptolemy/actor/lib/jjs/test/auto/JavaScript21.xml
691 ms. Memory: 1243136K Free: 703508K (57%)
reloadAllAccessors: .JavaScript21
----------------- testing Wed May 02 15:29:51 UTC 2018 /home/travis/build/icyphy/ptII/ptolemy/actor/lib/jjs/test/auto/JavaScript22.xml
----------------- Wed May 02 15:29:51 UTC 2018 About to sleep for 5.0 seconds before rerunning.  Test is: /home/travis/build/icyphy/ptII/ptolemy/actor/lib/jjs/test/auto/JavaScript22.xml
598 ms. Memory: 1243136K Free: 399290K (32%)
reloadAllAccessors: .JavaScript22
----------------- testing Wed May 02 15:29:57 UTC 2018 /home/travis/build/icyphy/ptII/ptolemy/actor/lib/jjs/test/auto/JavaScript23.xml
----------------- Wed May 02 15:29:57 UTC 2018 About to sleep for 5.0 seconds before rerunning.  Test is: /home/travis/build/icyphy/ptII/ptolemy/actor/lib/jjs/test/auto/JavaScript23.xml
1091 ms. Memory: 1249792K Free: 1050958K (84%)
reloadAllAccessors: .JavaScript23
----------------- testing Wed May 02 15:30:04 UTC 2018 /home/travis/build/icyphy/ptII/ptolemy/actor/lib/jjs/test/auto/JavaScript24.xml
----------------- Wed May 02 15:30:04 UTC 2018 About to sleep for 5.0 seconds before rerunning.  Test is: /home/travis/build/icyphy/ptII/ptolemy/actor/lib/jjs/test/auto/JavaScript24.xml
839 ms. Memory: 1249792K Free: 744372K (60%)
reloadAllAccessors: .JavaScript24
----------------- testing Wed May 02 15:30:10 UTC 2018 /home/travis/build/icyphy/ptII/ptolemy/actor/lib/jjs/test/auto/JavaScript25.xml
----------------- Wed May 02 15:30:10 UTC 2018 About to sleep for 5.0 seconds before rerunning.  Test is: /home/travis/build/icyphy/ptII/ptolemy/actor/lib/jjs/test/auto/JavaScript25.xml
860 ms. Memory: 1249792K Free: 441496K (35%)
reloadAllAccessors: .JavaScript25
----------------- testing Wed May 02 15:30:17 UTC 2018 /home/travis/build/icyphy/ptII/ptolemy/actor/lib/jjs/test/auto/JavaScript26.xml
----------------- Wed May 02 15:30:17 UTC 2018 About to sleep for 5.0 seconds before rerunning.  Test is: /home/travis/build/icyphy/ptII/ptolemy/actor/lib/jjs/test/auto/JavaScript26.xml
696 ms. Memory: 1249792K Free: 137960K (11%)
reloadAllAccessors: .JavaScript26
----------------- testing Wed May 02 15:30:23 UTC 2018 /home/travis/build/icyphy/ptII/ptolemy/actor/lib/jjs/test/auto/JavaScript27.xml
----------------- Wed May 02 15:30:23 UTC 2018 About to sleep for 5.0 seconds before rerunning.  Test is: /home/travis/build/icyphy/ptII/ptolemy/actor/lib/jjs/test/auto/JavaScript27.xml
859 ms. Memory: 1500672K Free: 1237916K (82%)
reloadAllAccessors: .JavaScript27
----------------- testing Wed May 02 15:30:29 UTC 2018 /home/travis/build/icyphy/ptII/ptolemy/actor/lib/jjs/test/auto/JavaScript3.xml
----------------- Wed May 02 15:30:29 UTC 2018 About to sleep for 5.0 seconds before rerunning.  Test is: /home/travis/build/icyphy/ptII/ptolemy/actor/lib/jjs/test/auto/JavaScript3.xml
1227 ms. Memory: 1500672K Free: 765569K (51%)
reloadAllAccessors: .JavaScript3
----------------- testing Wed May 02 15:30:36 UTC 2018 /home/travis/build/icyphy/ptII/ptolemy/actor/lib/jjs/test/auto/JavaScript4.xml
----------------- Wed May 02 15:30:36 UTC 2018 About to sleep for 5.0 seconds before rerunning.  Test is: /home/travis/build/icyphy/ptII/ptolemy/actor/lib/jjs/test/auto/JavaScript4.xml
1351 ms. Memory: 1500672K Free: 311426K (21%)
reloadAllAccessors: .JavaScript4
----------------- testing Wed May 02 15:30:43 UTC 2018 /home/travis/build/icyphy/ptII/ptolemy/actor/lib/jjs/test/auto/JavaScript5.xml
----------------- Wed May 02 15:30:43 UTC 2018 About to sleep for 5.0 seconds before rerunning.  Test is: /home/travis/build/icyphy/ptII/ptolemy/actor/lib/jjs/test/auto/JavaScript5.xml
806 ms. Memory: 1509888K Free: 1142691K (76%)
reloadAllAccessors: .JavaScript5
----------------- testing Wed May 02 15:30:49 UTC 2018 /home/travis/build/icyphy/ptII/ptolemy/actor/lib/jjs/test/auto/JavaScript6.xml
----------------- Wed May 02 15:30:49 UTC 2018 About to sleep for 5.0 seconds before rerunning.  Test is: /home/travis/build/icyphy/ptII/ptolemy/actor/lib/jjs/test/auto/JavaScript6.xml
1389 ms. Memory: 1509888K Free: 517683K (34%)
reloadAllAccessors: .JavaScript6
----------------- testing Wed May 02 15:30:56 UTC 2018 /home/travis/build/icyphy/ptII/ptolemy/actor/lib/jjs/test/auto/JavaScript7.xml
----------------- Wed May 02 15:30:56 UTC 2018 About to sleep for 5.0 seconds before rerunning.  Test is: /home/travis/build/icyphy/ptII/ptolemy/actor/lib/jjs/test/auto/JavaScript7.xml
1465 ms. Memory: 1788416K Free: 1488922K (83%)
reloadAllAccessors: .JavaScript7
----------------- testing Wed May 02 15:31:04 UTC 2018 /home/travis/build/icyphy/ptII/ptolemy/actor/lib/jjs/test/auto/JavaScript8.xml
----------------- Wed May 02 15:31:04 UTC 2018 About to sleep for 5.0 seconds before rerunning.  Test is: /home/travis/build/icyphy/ptII/ptolemy/actor/lib/jjs/test/auto/JavaScript8.xml
568 ms. Memory: 1788416K Free: 1172529K (66%)
reloadAllAccessors: .JavaScript8
----------------- testing Wed May 02 15:31:10 UTC 2018 /home/travis/build/icyphy/ptII/ptolemy/actor/lib/jjs/test/auto/JavaScript9.xml
----------------- Wed May 02 15:31:10 UTC 2018 About to sleep for 5.0 seconds before rerunning.  Test is: /home/travis/build/icyphy/ptII/ptolemy/actor/lib/jjs/test/auto/JavaScript9.xml
511 ms. Memory: 1788416K Free: 855182K (48%)
reloadAllAccessors: .JavaScript9
----------------- testing Wed May 02 15:31:16 UTC 2018 /home/travis/build/icyphy/ptII/ptolemy/actor/lib/jjs/test/auto/JavaScriptAbsentInputs.xml
----------------- Wed May 02 15:31:16 UTC 2018 About to sleep for 5.0 seconds before rerunning.  Test is: /home/travis/build/icyphy/ptII/ptolemy/actor/lib/jjs/test/auto/JavaScriptAbsentInputs.xml
516 ms. Memory: 1788416K Free: 538045K (30%)
reloadAllAccessors: .JavaScriptAbsentInputs
----------------- testing Wed May 02 15:31:21 UTC 2018 /home/travis/build/icyphy/ptII/ptolemy/actor/lib/jjs/test/auto/JavaScriptAbsentInputsPersistent.xml
----------------- Wed May 02 15:31:21 UTC 2018 About to sleep for 5.0 seconds before rerunning.  Test is: /home/travis/build/icyphy/ptII/ptolemy/actor/lib/jjs/test/auto/JavaScriptAbsentInputsPersistent.xml
976 ms. Memory: 1782272K Free: 1576442K (88%)
reloadAllAccessors: .JavaScriptAbsentInputsPersistent
----------------- testing Wed May 02 15:31:28 UTC 2018 /home/travis/build/icyphy/ptII/ptolemy/actor/lib/jjs/test/auto/JavaScriptArray.xml
----------------- Wed May 02 15:31:28 UTC 2018 About to sleep for 5.0 seconds before rerunning.  Test is: /home/travis/build/icyphy/ptII/ptolemy/actor/lib/jjs/test/auto/JavaScriptArray.xml
744 ms. Memory: 1782272K Free: 1255614K (70%)
reloadAllAccessors: .JavaScriptArray
----------------- testing Wed May 02 15:31:34 UTC 2018 /home/travis/build/icyphy/ptII/ptolemy/actor/lib/jjs/test/auto/JavaScriptArray2.xml
----------------- Wed May 02 15:31:34 UTC 2018 About to sleep for 5.0 seconds before rerunning.  Test is: /home/travis/build/icyphy/ptII/ptolemy/actor/lib/jjs/test/auto/JavaScriptArray2.xml
800 ms. Memory: 1782272K Free: 938530K (53%)
reloadAllAccessors: .JavaScriptArray2
----------------- testing Wed May 02 15:31:40 UTC 2018 /home/travis/build/icyphy/ptII/ptolemy/actor/lib/jjs/test/auto/JavaScriptBooleanToken.xml
----------------- Wed May 02 15:31:40 UTC 2018 About to sleep for 5.0 seconds before rerunning.  Test is: /home/travis/build/icyphy/ptII/ptolemy/actor/lib/jjs/test/auto/JavaScriptBooleanToken.xml
654 ms. Memory: 1782272K Free: 622440K (35%)
reloadAllAccessors: .JavaScriptBooleanToken
----------------- testing Wed May 02 15:31:46 UTC 2018 /home/travis/build/icyphy/ptII/ptolemy/actor/lib/jjs/test/auto/JavaScriptBuildPtolemyModel.xml
----------------- Wed May 02 15:31:46 UTC 2018 About to sleep for 5.0 seconds before rerunning.  Test is: /home/travis/build/icyphy/ptII/ptolemy/actor/lib/jjs/test/auto/JavaScriptBuildPtolemyModel.xml
0
1
2
3
4
5
6
7
8
9
4 ms. Memory: 1782272K Free: 313687K (18%)
595 ms. Memory: 1782272K Free: 313687K (18%)
reloadAllAccessors: .JavaScriptBuildPtolemyModel
----------------- testing Wed May 02 15:31:52 UTC 2018 /home/travis/build/icyphy/ptII/ptolemy/actor/lib/jjs/test/auto/JavaScriptBuildPtolemyModelAndSend.xml
----------------- Wed May 02 15:31:52 UTC 2018 About to sleep for 5.0 seconds before rerunning.  Test is: /home/travis/build/icyphy/ptII/ptolemy/actor/lib/jjs/test/auto/JavaScriptBuildPtolemyModelAndSend.xml
985 ms. Memory: 1786880K Free: 1582296K (89%)
reloadAllAccessors: .JavaScriptBuildPtolemyModelAndSend
----------------- testing Wed May 02 15:31:58 UTC 2018 /home/travis/build/icyphy/ptII/ptolemy/actor/lib/jjs/test/auto/JavaScriptBuildPtolemyModelAndSendAndReceive.xml
----------------- Wed May 02 15:31:58 UTC 2018 About to sleep for 5.0 seconds before rerunning.  Test is: /home/travis/build/icyphy/ptII/ptolemy/actor/lib/jjs/test/auto/JavaScriptBuildPtolemyModelAndSendAndReceive.xml
0
1
2
3
4
5
6
7
8
9
3 ms. Memory: 1786880K Free: 964799K (54%)
1405 ms. Memory: 1786880K Free: 964799K (54%)
reloadAllAccessors: .JavaScriptBuildPtolemyModelAndSendAndReceive
----------------- testing Wed May 02 15:32:06 UTC 2018 /home/travis/build/icyphy/ptII/ptolemy/actor/lib/jjs/test/auto/JavaScriptCount.xml
----------------- Wed May 02 15:32:06 UTC 2018 About to sleep for 5.0 seconds before rerunning.  Test is: /home/travis/build/icyphy/ptII/ptolemy/actor/lib/jjs/test/auto/JavaScriptCount.xml
626 ms. Memory: 1786880K Free: 656553K (37%)
reloadAllAccessors: .JavaScriptCount
----------------- testing Wed May 02 15:32:12 UTC 2018 /home/travis/build/icyphy/ptII/ptolemy/actor/lib/jjs/test/auto/JavaScriptDoubleToken.xml
----------------- Wed May 02 15:32:12 UTC 2018 About to sleep for 5.0 seconds before rerunning.  Test is: /home/travis/build/icyphy/ptII/ptolemy/actor/lib/jjs/test/auto/JavaScriptDoubleToken.xml
604 ms. Memory: 1756160K Free: 1632605K (93%)
reloadAllAccessors: .JavaScriptDoubleToken
----------------- testing Wed May 02 15:32:18 UTC 2018 /home/travis/build/icyphy/ptII/ptolemy/actor/lib/jjs/test/auto/JavaScriptErrorOutput.xml
----------------- Wed May 02 15:32:18 UTC 2018 About to sleep for 5.0 seconds before rerunning.  Test is: /home/travis/build/icyphy/ptII/ptolemy/actor/lib/jjs/test/auto/JavaScriptErrorOutput.xml
481 ms. Memory: 1756160K Free: 1326246K (76%)
reloadAllAccessors: .JavaScriptErrorOutput
----------------- testing Wed May 02 15:32:23 UTC 2018 /home/travis/build/icyphy/ptII/ptolemy/actor/lib/jjs/test/auto/JavaScriptFactorial.xml
----------------- Wed May 02 15:32:23 UTC 2018 About to sleep for 5.0 seconds before rerunning.  Test is: /home/travis/build/icyphy/ptII/ptolemy/actor/lib/jjs/test/auto/JavaScriptFactorial.xml
499 ms. Memory: 1756160K Free: 1012744K (58%)
reloadAllAccessors: .JavaScriptFactorial
----------------- testing Wed May 02 15:32:29 UTC 2018 /home/travis/build/icyphy/ptII/ptolemy/actor/lib/jjs/test/auto/JavaScriptInputHandler1.xml
----------------- Wed May 02 15:32:29 UTC 2018 About to sleep for 5.0 seconds before rerunning.  Test is: /home/travis/build/icyphy/ptII/ptolemy/actor/lib/jjs/test/auto/JavaScriptInputHandler1.xml
523 ms. Memory: 1756160K Free: 706361K (40%)
reloadAllAccessors: .JavaScriptInputHandler1
----------------- testing Wed May 02 15:32:35 UTC 2018 /home/travis/build/icyphy/ptII/ptolemy/actor/lib/jjs/test/auto/JavaScriptInputHandler2.xml
----------------- Wed May 02 15:32:35 UTC 2018 About to sleep for 5.0 seconds before rerunning.  Test is: /home/travis/build/icyphy/ptII/ptolemy/actor/lib/jjs/test/auto/JavaScriptInputHandler2.xml
542 ms. Memory: 1756160K Free: 392880K (22%)
reloadAllAccessors: .JavaScriptInputHandler2
----------------- testing Wed May 02 15:32:41 UTC 2018 /home/travis/build/icyphy/ptII/ptolemy/actor/lib/jjs/test/auto/JavaScriptInputHandler3.xml
----------------- Wed May 02 15:32:41 UTC 2018 About to sleep for 5.0 seconds before rerunning.  Test is: /home/travis/build/icyphy/ptII/ptolemy/actor/lib/jjs/test/auto/JavaScriptInputHandler3.xml
1173 ms. Memory: 1802752K Free: 1637898K (91%)
reloadAllAccessors: .JavaScriptInputHandler3
----------------- testing Wed May 02 15:32:48 UTC 2018 /home/travis/build/icyphy/ptII/ptolemy/actor/lib/jjs/test/auto/JavaScriptIntToken.xml
----------------- Wed May 02 15:32:48 UTC 2018 About to sleep for 5.0 seconds before rerunning.  Test is: /home/travis/build/icyphy/ptII/ptolemy/actor/lib/jjs/test/auto/JavaScriptIntToken.xml
584 ms. Memory: 1802752K Free: 1317669K (73%)
reloadAllAccessors: .JavaScriptIntToken
----------------- testing Wed May 02 15:32:54 UTC 2018 /home/travis/build/icyphy/ptII/ptolemy/actor/lib/jjs/test/auto/JavaScriptLongToken.xml
----------------- Wed May 02 15:32:54 UTC 2018 About to sleep for 5.0 seconds before rerunning.  Test is: /home/travis/build/icyphy/ptII/ptolemy/actor/lib/jjs/test/auto/JavaScriptLongToken.xml
639 ms. Memory: 1802752K Free: 1002017K (56%)
reloadAllAccessors: .JavaScriptLongToken
----------------- testing Wed May 02 15:32:59 UTC 2018 /home/travis/build/icyphy/ptII/ptolemy/actor/lib/jjs/test/auto/JavaScriptLongToken2.xml
----------------- Wed May 02 15:32:59 UTC 2018 About to sleep for 5.0 seconds before rerunning.  Test is: /home/travis/build/icyphy/ptII/ptolemy/actor/lib/jjs/test/auto/JavaScriptLongToken2.xml
982 ms. Memory: 1802752K Free: 394015K (22%)
reloadAllAccessors: .JavaScriptLongToken2
----------------- testing Wed May 02 15:33:06 UTC 2018 /home/travis/build/icyphy/ptII/ptolemy/actor/lib/jjs/test/auto/JavaScriptReadParameter.xml
----------------- Wed May 02 15:33:06 UTC 2018 About to sleep for 5.0 seconds before rerunning.  Test is: /home/travis/build/icyphy/ptII/ptolemy/actor/lib/jjs/test/auto/JavaScriptReadParameter.xml
556 ms. Memory: 1751040K Free: 1318066K (75%)
reloadAllAccessors: .JavaScriptReadParameter
----------------- testing Wed May 02 15:33:12 UTC 2018 /home/travis/build/icyphy/ptII/ptolemy/actor/lib/jjs/test/auto/JavaScriptReceiveDate.xml
----------------- Wed May 02 15:33:12 UTC 2018 About to sleep for 5.0 seconds before rerunning.  Test is: /home/travis/build/icyphy/ptII/ptolemy/actor/lib/jjs/test/auto/JavaScriptReceiveDate.xml
JavaScript: localFunctions.js: convertToToken(Tue Jan 01 1957 00:00:00 GMT+0000 (UTC), -410227200000, Tue Jan 01 1957 00:00:00 GMT+0000 (UTC) (Thread[JavaScriptReceiveDate,1,main])
544 ms. Memory: 1751040K Free: 1001991K (57%)
reloadAllAccessors: .JavaScriptReceiveDate
----------------- testing Wed May 02 15:33:18 UTC 2018 /home/travis/build/icyphy/ptII/ptolemy/actor/lib/jjs/test/auto/JavaScriptRecord.xml
----------------- Wed May 02 15:33:18 UTC 2018 About to sleep for 5.0 seconds before rerunning.  Test is: /home/travis/build/icyphy/ptII/ptolemy/actor/lib/jjs/test/auto/JavaScriptRecord.xml
757 ms. Memory: 1751040K Free: 685882K (39%)
reloadAllAccessors: .JavaScriptRecord
----------------- testing Wed May 02 15:33:24 UTC 2018 /home/travis/build/icyphy/ptII/ptolemy/actor/lib/jjs/test/auto/JavaScriptRecordToken.xml
----------------- Wed May 02 15:33:24 UTC 2018 About to sleep for 5.0 seconds before rerunning.  Test is: /home/travis/build/icyphy/ptII/ptolemy/actor/lib/jjs/test/auto/JavaScriptRecordToken.xml
811 ms. Memory: 1751040K Free: 360460K (21%)
reloadAllAccessors: .JavaScriptRecordToken
----------------- testing Wed May 02 15:33:30 UTC 2018 /home/travis/build/icyphy/ptII/ptolemy/actor/lib/jjs/test/auto/JavaScriptSendArray.xml
----------------- Wed May 02 15:33:30 UTC 2018 About to sleep for 5.0 seconds before rerunning.  Test is: /home/travis/build/icyphy/ptII/ptolemy/actor/lib/jjs/test/auto/JavaScriptSendArray.xml
660 ms. Memory: 1801728K Free: 1404290K (78%)
reloadAllAccessors: .JavaScriptSendArray
----------------- testing Wed May 02 15:33:36 UTC 2018 /home/travis/build/icyphy/ptII/ptolemy/actor/lib/jjs/test/auto/JavaScriptSendArray2.xml
----------------- Wed May 02 15:33:36 UTC 2018 About to sleep for 5.0 seconds before rerunning.  Test is: /home/travis/build/icyphy/ptII/ptolemy/actor/lib/jjs/test/auto/JavaScriptSendArray2.xml
704 ms. Memory: 1801728K Free: 1099167K (61%)
reloadAllAccessors: .JavaScriptSendArray2
----------------- testing Wed May 02 15:33:42 UTC 2018 /home/travis/build/icyphy/ptII/ptolemy/actor/lib/jjs/test/auto/JavaScriptSendBoolean.xml
----------------- Wed May 02 15:33:42 UTC 2018 About to sleep for 5.0 seconds before rerunning.  Test is: /home/travis/build/icyphy/ptII/ptolemy/actor/lib/jjs/test/auto/JavaScriptSendBoolean.xml
551 ms. Memory: 1801728K Free: 799765K (44%)
reloadAllAccessors: .JavaScriptSendBoolean
----------------- testing Wed May 02 15:33:48 UTC 2018 /home/travis/build/icyphy/ptII/ptolemy/actor/lib/jjs/test/auto/JavaScriptSendDate.xml
----------------- Wed May 02 15:33:48 UTC 2018 About to sleep for 5.0 seconds before rerunning.  Test is: /home/travis/build/icyphy/ptII/ptolemy/actor/lib/jjs/test/auto/JavaScriptSendDate.xml
JavaScript: localFunctions.js: convertToToken(Thu Nov 13 2014 16:37:14 GMT+0000 (UTC), 1415896634546, Thu Nov 13 2014 16:37:14 GMT+0000 (UTC) (Thread[JavaScriptSendDate,1,main])
532 ms. Memory: 1801728K Free: 493388K (27%)
reloadAllAccessors: .JavaScriptSendDate
----------------- testing Wed May 02 15:33:54 UTC 2018 /home/travis/build/icyphy/ptII/ptolemy/actor/lib/jjs/test/auto/JavaScriptSendDouble.xml
----------------- Wed May 02 15:33:54 UTC 2018 About to sleep for 5.0 seconds before rerunning.  Test is: /home/travis/build/icyphy/ptII/ptolemy/actor/lib/jjs/test/auto/JavaScriptSendDouble.xml
833 ms. Memory: 1767424K Free: 1738484K (98%)
reloadAllAccessors: .JavaScriptSendDouble
----------------- testing Wed May 02 15:34:00 UTC 2018 /home/travis/build/icyphy/ptII/ptolemy/actor/lib/jjs/test/auto/JavaScriptSendInt.xml
----------------- Wed May 02 15:34:00 UTC 2018 About to sleep for 5.0 seconds before rerunning.  Test is: /home/travis/build/icyphy/ptII/ptolemy/actor/lib/jjs/test/auto/JavaScriptSendInt.xml
502 ms. Memory: 1767424K Free: 1434502K (81%)
reloadAllAccessors: .JavaScriptSendInt
----------------- testing Wed May 02 15:34:06 UTC 2018 /home/travis/build/icyphy/ptII/ptolemy/actor/lib/jjs/test/auto/JavaScriptSendMatrix.xml
----------------- Wed May 02 15:34:06 UTC 2018 About to sleep for 5.0 seconds before rerunning.  Test is: /home/travis/build/icyphy/ptII/ptolemy/actor/lib/jjs/test/auto/JavaScriptSendMatrix.xml
560 ms. Memory: 1767424K Free: 1128071K (64%)
reloadAllAccessors: .JavaScriptSendMatrix
----------------- testing Wed May 02 15:34:12 UTC 2018 /home/travis/build/icyphy/ptII/ptolemy/actor/lib/jjs/test/auto/JavaScriptSendNativeArray.xml
----------------- Wed May 02 15:34:12 UTC 2018 About to sleep for 5.0 seconds before rerunning.  Test is: /home/travis/build/icyphy/ptII/ptolemy/actor/lib/jjs/test/auto/JavaScriptSendNativeArray.xml
1086 ms. Memory: 1767424K Free: 523512K (30%)
reloadAllAccessors: .JavaScriptSendNativeArray
----------------- testing Wed May 02 15:34:19 UTC 2018 /home/travis/build/icyphy/ptII/ptolemy/actor/lib/jjs/test/auto/JavaScriptSendNativeObject.xml
----------------- Wed May 02 15:34:19 UTC 2018 About to sleep for 5.0 seconds before rerunning.  Test is: /home/travis/build/icyphy/ptII/ptolemy/actor/lib/jjs/test/auto/JavaScriptSendNativeObject.xml
1243 ms. Memory: 1825792K Free: 1254028K (69%)
reloadAllAccessors: .JavaScriptSendNativeObject
----------------- testing Wed May 02 15:34:26 UTC 2018 /home/travis/build/icyphy/ptII/ptolemy/actor/lib/jjs/test/auto/JavaScriptSendNull.xml
----------------- Wed May 02 15:34:26 UTC 2018 About to sleep for 5.0 seconds before rerunning.  Test is: /home/travis/build/icyphy/ptII/ptolemy/actor/lib/jjs/test/auto/JavaScriptSendNull.xml
555 ms. Memory: 1825792K Free: 940671K (52%)
reloadAllAccessors: .JavaScriptSendNull
----------------- testing Wed May 02 15:34:32 UTC 2018 /home/travis/build/icyphy/ptII/ptolemy/actor/lib/jjs/test/auto/JavaScriptSendNullToInput.xml
----------------- Wed May 02 15:34:32 UTC 2018 About to sleep for 5.0 seconds before rerunning.  Test is: /home/travis/build/icyphy/ptII/ptolemy/actor/lib/jjs/test/auto/JavaScriptSendNullToInput.xml
2654 ms. Memory: 1825792K Free: 627354K (34%)
reloadAllAccessors: .JavaScriptSendNullToInput
----------------- testing Wed May 02 15:34:40 UTC 2018 /home/travis/build/icyphy/ptII/ptolemy/actor/lib/jjs/test/auto/JavaScriptSendRecord.xml
----------------- Wed May 02 15:34:40 UTC 2018 About to sleep for 5.0 seconds before rerunning.  Test is: /home/travis/build/icyphy/ptII/ptolemy/actor/lib/jjs/test/auto/JavaScriptSendRecord.xml
864 ms. Memory: 1761792K Free: 1531091K (87%)
reloadAllAccessors: .JavaScriptSendRecord
----------------- testing Wed May 02 15:34:46 UTC 2018 /home/travis/build/icyphy/ptII/ptolemy/actor/lib/jjs/test/auto/JavaScriptSendRecord2.xml
----------------- Wed May 02 15:34:46 UTC 2018 About to sleep for 5.0 seconds before rerunning.  Test is: /home/travis/build/icyphy/ptII/ptolemy/actor/lib/jjs/test/auto/JavaScriptSendRecord2.xml
783 ms. Memory: 1761792K Free: 1213264K (69%)
reloadAllAccessors: .JavaScriptSendRecord2
----------------- testing Wed May 02 15:34:52 UTC 2018 /home/travis/build/icyphy/ptII/ptolemy/actor/lib/jjs/test/auto/JavaScriptSendRecord3.xml
----------------- Wed May 02 15:34:52 UTC 2018 About to sleep for 5.0 seconds before rerunning.  Test is: /home/travis/build/icyphy/ptII/ptolemy/actor/lib/jjs/test/auto/JavaScriptSendRecord3.xml
698 ms. Memory: 1761792K Free: 907505K (52%)
reloadAllAccessors: .JavaScriptSendRecord3
----------------- testing Wed May 02 15:34:58 UTC 2018 /home/travis/build/icyphy/ptII/ptolemy/actor/lib/jjs/test/auto/JavaScriptSendString.xml
----------------- Wed May 02 15:34:58 UTC 2018 About to sleep for 5.0 seconds before rerunning.  Test is: /home/travis/build/icyphy/ptII/ptolemy/actor/lib/jjs/test/auto/JavaScriptSendString.xml
630 ms. Memory: 1761792K Free: 601750K (34%)
reloadAllAccessors: .JavaScriptSendString
----------------- testing Wed May 02 15:35:04 UTC 2018 /home/travis/build/icyphy/ptII/ptolemy/actor/lib/jjs/test/auto/JavaScriptSendToInput.xml
----------------- Wed May 02 15:35:04 UTC 2018 About to sleep for 5.0 seconds before rerunning.  Test is: /home/travis/build/icyphy/ptII/ptolemy/actor/lib/jjs/test/auto/JavaScriptSendToInput.xml
2774 ms. Memory: 1761792K Free: 289090K (16%)
reloadAllAccessors: .JavaScriptSendToInput
----------------- testing Wed May 02 15:35:12 UTC 2018 /home/travis/build/icyphy/ptII/ptolemy/actor/lib/jjs/test/auto/JavaScriptSetInterval.xml
----------------- Wed May 02 15:35:12 UTC 2018 About to sleep for 5.0 seconds before rerunning.  Test is: /home/travis/build/icyphy/ptII/ptolemy/actor/lib/jjs/test/auto/JavaScriptSetInterval.xml
1618 ms. Memory: 1844736K Free: 1645121K (89%)
reloadAllAccessors: .JavaScriptSetInterval
----------------- testing Wed May 02 15:35:19 UTC 2018 /home/travis/build/icyphy/ptII/ptolemy/actor/lib/jjs/test/auto/JavaScriptSetInterval2.xml
----------------- Wed May 02 15:35:19 UTC 2018 About to sleep for 5.0 seconds before rerunning.  Test is: /home/travis/build/icyphy/ptII/ptolemy/actor/lib/jjs/test/auto/JavaScriptSetInterval2.xml
1022 ms. Memory: 1844736K Free: 1334488K (72%)
reloadAllAccessors: .JavaScriptSetInterval2
----------------- testing Wed May 02 15:35:26 UTC 2018 /home/travis/build/icyphy/ptII/ptolemy/actor/lib/jjs/test/auto/JavaScriptSetTimeout.xml
----------------- Wed May 02 15:35:26 UTC 2018 About to sleep for 5.0 seconds before rerunning.  Test is: /home/travis/build/icyphy/ptII/ptolemy/actor/lib/jjs/test/auto/JavaScriptSetTimeout.xml
692 ms. Memory: 1844736K Free: 1021459K (55%)
reloadAllAccessors: .JavaScriptSetTimeout
----------------- testing Wed May 02 15:35:32 UTC 2018 /home/travis/build/icyphy/ptII/ptolemy/actor/lib/jjs/test/auto/JavaScriptStringToken.xml
----------------- Wed May 02 15:35:32 UTC 2018 About to sleep for 5.0 seconds before rerunning.  Test is: /home/travis/build/icyphy/ptII/ptolemy/actor/lib/jjs/test/auto/JavaScriptStringToken.xml
513 ms. Memory: 1844736K Free: 708434K (38%)
reloadAllAccessors: .JavaScriptStringToken
----------------- testing Wed May 02 15:35:37 UTC 2018 /home/travis/build/icyphy/ptII/ptolemy/actor/lib/jjs/test/auto/JavaScriptTestAutoInputEtc.xml
----------------- Wed May 02 15:35:37 UTC 2018 About to sleep for 5.0 seconds before rerunning.  Test is: /home/travis/build/icyphy/ptII/ptolemy/actor/lib/jjs/test/auto/JavaScriptTestAutoInputEtc.xml
2673 ms. Memory: 1719296K Free: 1546760K (90%)
reloadAllAccessors: .JavaScriptTestAutoInputEtc
----------------- testing Wed May 02 15:35:45 UTC 2018 /home/travis/build/icyphy/ptII/ptolemy/actor/lib/jjs/test/auto/JavaScriptThisActor.xml
----------------- Wed May 02 15:35:45 UTC 2018 About to sleep for 5.0 seconds before rerunning.  Test is: /home/travis/build/icyphy/ptII/ptolemy/actor/lib/jjs/test/auto/JavaScriptThisActor.xml
716 ms. Memory: 1719296K Free: 1236341K (72%)
reloadAllAccessors: .JavaScriptThisActor
----------------- testing Wed May 02 15:35:52 UTC 2018 /home/travis/build/icyphy/ptII/ptolemy/actor/lib/jjs/test/auto/JavaScriptTimeout.xml
----------------- Wed May 02 15:35:52 UTC 2018 About to sleep for 5.0 seconds before rerunning.  Test is: /home/travis/build/icyphy/ptII/ptolemy/actor/lib/jjs/test/auto/JavaScriptTimeout.xml
JavaScript: JavaScriptTimeout: timeout = 100 (Thread[JavaScriptTimeout,1,main])
JavaScript: JavaScriptTimeout: timeout = 100 (Thread[JavaScriptTimeout,1,main])
JavaScript: JavaScriptTimeout: timeout = 100 (Thread[JavaScriptTimeout,1,main])
JavaScript: JavaScriptTimeout: timeout = 100 (Thread[JavaScriptTimeout,1,main])
JavaScript: JavaScriptTimeout: timeout = 100 (Thread[JavaScriptTimeout,1,main])
JavaScript: JavaScriptTimeout: timeout = 100 (Thread[JavaScriptTimeout,1,main])
1193 ms. Memory: 1719296K Free: 919437K (53%)
reloadAllAccessors: .JavaScriptTimeout
----------------- testing Wed May 02 15:35:58 UTC 2018 /home/travis/build/icyphy/ptII/ptolemy/actor/lib/jjs/test/auto/JavaScriptWriteParameter.xml
----------------- Wed May 02 15:35:58 UTC 2018 About to sleep for 5.0 seconds before rerunning.  Test is: /home/travis/build/icyphy/ptII/ptolemy/actor/lib/jjs/test/auto/JavaScriptWriteParameter.xml
657 ms. Memory: 1719296K Free: 596050K (35%)
reloadAllAccessors: .JavaScriptWriteParameter
----------------- testing Wed May 02 15:36:04 UTC 2018 /home/travis/build/icyphy/ptII/ptolemy/actor/lib/jjs/test/auto/RampDisplay.xml
----------------- Wed May 02 15:36:04 UTC 2018 About to sleep for 5.0 seconds before rerunning.  Test is: /home/travis/build/icyphy/ptII/ptolemy/actor/lib/jjs/test/auto/RampDisplay.xml
JSAccessor: PT_NO_NET environment variable is set, so git pull and ptdoc are not being run.
TextDisplayHelper: 1
TextDisplayHelper: 2
TextDisplayHelper: 3
TextDisplayHelper: 4
TextDisplayHelper: 5
8033 ms. Memory: 1781760K Free: 566973K (32%)
reloadAllAccessors: .RampDisplay
This is the first time that the reloadAllAccessors method has been invoked in this JVM, so the the accessors repo will be checked out or updated and JSDoc invoked. Note that running the tests may end up invoking a new JVM for each directory, so the repo may be checked out or updated and JSDoc invoked more than once when the tests are run.
-------------- Reloaded accessors, but skipping rerun for nowWed May 02 15:36:20 UTC 2018 /home/travis/build/icyphy/ptII/ptolemy/actor/lib/jjs/test/auto/RampDisplay.xml
----------------- testing Wed May 02 15:36:20 UTC 2018 /home/travis/build/icyphy/ptII/ptolemy/actor/lib/jjs/test/auto/SelfBuilder.xml
----------------- Wed May 02 15:36:20 UTC 2018 About to sleep for 5.0 seconds before rerunning.  Test is: /home/travis/build/icyphy/ptII/ptolemy/actor/lib/jjs/test/auto/SelfBuilder.xml
622 ms. Memory: 1795584K Free: 1540114K (86%)
reloadAllAccessors: .SelfBuilder
----------------- testing Wed May 02 15:36:27 UTC 2018 /home/travis/build/icyphy/ptII/ptolemy/actor/lib/jjs/test/auto/SelfBuilder10.xml
----------------- Wed May 02 15:36:27 UTC 2018 About to sleep for 5.0 seconds before rerunning.  Test is: /home/travis/build/icyphy/ptII/ptolemy/actor/lib/jjs/test/auto/SelfBuilder10.xml
636 ms. Memory: 1795584K Free: 1220637K (68%)
reloadAllAccessors: .SelfBuilder10
----------------- testing Wed May 02 15:36:33 UTC 2018 /home/travis/build/icyphy/ptII/ptolemy/actor/lib/jjs/test/auto/SelfBuilder2.xml
----------------- Wed May 02 15:36:33 UTC 2018 About to sleep for 5.0 seconds before rerunning.  Test is: /home/travis/build/icyphy/ptII/ptolemy/actor/lib/jjs/test/auto/SelfBuilder2.xml
601 ms. Memory: 1795584K Free: 908484K (51%)
reloadAllAccessors: .SelfBuilder2
----------------- testing Wed May 02 15:36:38 UTC 2018 /home/travis/build/icyphy/ptII/ptolemy/actor/lib/jjs/test/auto/SelfBuilder3.xml
----------------- Wed May 02 15:36:38 UTC 2018 About to sleep for 5.0 seconds before rerunning.  Test is: /home/travis/build/icyphy/ptII/ptolemy/actor/lib/jjs/test/auto/SelfBuilder3.xml
663 ms. Memory: 1795584K Free: 596226K (33%)
reloadAllAccessors: .SelfBuilder3
----------------- testing Wed May 02 15:36:44 UTC 2018 /home/travis/build/icyphy/ptII/ptolemy/actor/lib/jjs/test/auto/SelfBuilder4.xml
----------------- Wed May 02 15:36:44 UTC 2018 About to sleep for 5.0 seconds before rerunning.  Test is: /home/travis/build/icyphy/ptII/ptolemy/actor/lib/jjs/test/auto/SelfBuilder4.xml
737 ms. Memory: 1861632K Free: 1576440K (85%)
reloadAllAccessors: .SelfBuilder4
----------------- testing Wed May 02 15:36:51 UTC 2018 /home/travis/build/icyphy/ptII/ptolemy/actor/lib/jjs/test/auto/SelfBuilder5.xml
----------------- Wed May 02 15:36:51 UTC 2018 About to sleep for 5.0 seconds before rerunning.  Test is: /home/travis/build/icyphy/ptII/ptolemy/actor/lib/jjs/test/auto/SelfBuilder5.xml
685 ms. Memory: 1861632K Free: 1248801K (67%)
reloadAllAccessors: .SelfBuilder5
----------------- testing Wed May 02 15:36:57 UTC 2018 /home/travis/build/icyphy/ptII/ptolemy/actor/lib/jjs/test/auto/SelfBuilder6.xml
----------------- Wed May 02 15:36:57 UTC 2018 About to sleep for 5.0 seconds before rerunning.  Test is: /home/travis/build/icyphy/ptII/ptolemy/actor/lib/jjs/test/auto/SelfBuilder6.xml
701 ms. Memory: 1861632K Free: 925587K (50%)
reloadAllAccessors: .SelfBuilder6
----------------- testing Wed May 02 15:37:03 UTC 2018 /home/travis/build/icyphy/ptII/ptolemy/actor/lib/jjs/test/auto/SelfBuilder7.xml
----------------- Wed May 02 15:37:03 UTC 2018 About to sleep for 5.0 seconds before rerunning.  Test is: /home/travis/build/icyphy/ptII/ptolemy/actor/lib/jjs/test/auto/SelfBuilder7.xml
614 ms. Memory: 1861632K Free: 609113K (33%)
reloadAllAccessors: .SelfBuilder7
----------------- testing Wed May 02 15:37:09 UTC 2018 /home/travis/build/icyphy/ptII/ptolemy/actor/lib/jjs/test/auto/SelfBuilder8.xml
----------------- Wed May 02 15:37:09 UTC 2018 About to sleep for 5.0 seconds before rerunning.  Test is: /home/travis/build/icyphy/ptII/ptolemy/actor/lib/jjs/test/auto/SelfBuilder8.xml
713 ms. Memory: 1861632K Free: 1589079K (85%)
reloadAllAccessors: .SelfBuilder8
----------------- testing Wed May 02 15:37:15 UTC 2018 /home/travis/build/icyphy/ptII/ptolemy/actor/lib/jjs/test/auto/SelfBuilder9.xml
----------------- Wed May 02 15:37:15 UTC 2018 About to sleep for 5.0 seconds before rerunning.  Test is: /home/travis/build/icyphy/ptII/ptolemy/actor/lib/jjs/test/auto/SelfBuilder9.xml
541 ms. Memory: 1861632K Free: 1268534K (68%)
reloadAllAccessors: .SelfBuilder9
AutoTests.java: About to close Vertx.
AutoTests.java: Vertx closed.
]]></system-out>
  <system-err><![CDATA[WARNING: JavaScript: Model stopped before executing actions (e.g. producing outputs) scheduled for execution at times [0.8]
WARNING: JavaScript: Model stopped before executing actions (e.g. producing outputs) scheduled for execution at times [0.6]
WARNING: TestSpontaneous: Model stopped before executing actions (e.g. producing outputs) scheduled for execution at times [6.0]
]]></system-err>
</testsuite>
