<?xml version="1.0" encoding="UTF-8" ?>
<testsuite errors="2" failures="0" hostname="travis-job-ad7e7922-e0d5-4b64-a7ff-1e56cba2908a" name="ptolemy.actor.lib.test.junit.JUnitTclTest" skipped="0" tests="518" time="189.568" timestamp="2018-05-30T01:20:25">
  <properties>
    <property name="npm.executable" value="npm" />
    <property name="file.encoding.pkg" value="sun.io" />
    <property name="ptII.mk.exists" value="true" />
    <property name="env.rvm_bin_path" value="/home/travis/.rvm/bin" />
    <property name="java.home" value="/usr/lib/jvm/java-8-oracle/jre" />
    <property name="env.TRAVIS_JOB_NUMBER" value="488.7" />
    <property name="env.DISPLAY" value=":99.0" />
    <property name="java.net.preferIPv4Stack" value="true" />
    <property name="env.SSH_TTY" value="/dev/pts/0" />
    <property name="env.RUN_TESTS" value="false" />
    <property name="timeout.short" value="1000000" />
    <property name="env.TRAVIS_STACK_NODE_ATTRIBUTES" value="/.node-attributes.yml" />
    <property name="junit.formatter" value="xml" />
    <property name="java.endorsed.dirs" value="/usr/lib/jvm/java-8-oracle/jre/lib/endorsed" />
    <property name="env.TRAVIS_SUDO" value="true" />
    <property name="env.LOGNAME" value="travis" />
    <property name="env.PT_TRAVIS_TEST_CORE1_XML" value="true" />
    <property name="jsdoc.home" value="node_modules/@terraswarm/jsdoc" />
    <property name="debuglevel" value="source,lines,vars" />
    <property name="checkstyle.formatter" value="xml" />
    <property name="bin.vergil.makeable" value="true" />
    <property name="env._system_version" value="14.04" />
    <property name="sun.os.patch.level" value="unknown" />
    <property name="java.vendor.url" value="http://java.oracle.com/" />
    <property name="java.version" value="1.8.0_151" />
    <property name="env.TZ" value="UTC" />
    <property name="env.PT_NO_NET" value="true" />
    <property name="env.TRAVIS_PULL_REQUEST_SHA" value="" />
    <property name="env.TRAVIS_SECURE_ENV_VARS" value="true" />
    <property name="env._system_type" value="Linux" />
    <property name="java.vendor.url.bug" value="http://bugreport.sun.com/bugreport/" />
    <property name="env.SSH_CLIENT" value="10.10.4.27 53848 22" />
    <property name="npmjs-org-is-up" value="true" />
    <property name="env.GEM_HOME" value="/home/travis/.rvm/gems/ruby-2.4.1" />
    <property name="env.HAS_ANTARES_THREE_LITTLE_FRONZIES_BADGE" value="true" />
    <property name="env.PS4" value="+" />
    <property name="ant.project.invoked-targets" value="build,test.core1.xml" />
    <property name="env.TRAVIS_PULL_REQUEST_BRANCH" value="" />
    <property name="env.TRAVIS_REPO_SLUG" value="icyphy/ptII" />
    <property name="node.in.path" value="true" />
    <property name="java.maxmemory" value="1400m" />
    <property name="env.RUBY_VERSION" value="ruby-2.4.1" />
    <property name="user.name" value="travis" />
    <property name="env.LANG" value="en_US.UTF-8" />
    <property name="sun.io.unicode.encoding" value="UnicodeLittle" />
    <property name="sun.jnu.encoding" value="UTF-8" />
    <property name="java.runtime.name" value="Java(TM) SE Runtime Environment" />
    <property name="usefile" value="false" />
    <property name="return.code" value="0" />
    <property name="junit.single.formatter" value="plain" />
    <property name="env.DYLD_LIBRARY_PATH" value="/home/travis/pthla/certi-tools/lib:" />
    <property name="env.DEBIAN_FRONTEND" value="noninteractive" />
    <property name="env.SSH_CONNECTION" value="10.10.4.27 53848 10.20.1.80 22" />
    <property name="env.MYSQL_UNIX_PORT" value="/var/run/mysqld/mysqld.sock" />
    <property name="env.TRAVIS_ALLOW_FAILURE" value="false" />
    <property name="env.LC_ALL" value="en_US.UTF-8" />
    <property name="java.specification.name" value="Java Platform API Specification" />
    <property name="node.works" value="true" />
    <property name="user.timezone" value="" />
    <property name="path.separator" value=":" />
    <property name="env.PYTHON_CFLAGS" value="-g -fstack-protector --param=ssp-buffer-size=4 -Wformat -Werror=format-security" />
    <property name="timeout.long" value="4000000" />
    <property name="env.CERTI_HOME" value="/home/travis/pthla/certi-tools" />
    <property name="file.encoding" value="UTF-8" />
    <property name="ant.file.ptII" value="/home/travis/build/icyphy/ptII/build.xml" />
    <property name="javadoc.packagenames" value="com.*,diva.*,lbnl.*,org.hlacerti.*,org.json.*,org.ptolemy.*,org.terraswarm.*,ptolemy.*,ptserver.*" />
    <property name="env.TRAVIS_PULL_REQUEST_SLUG" value="" />
    <property name="ant.project.default-target" value="build" />
    <property name="env.GIT_ASKPASS" value="echo" />
    <property name="env.HOME" value="/home/travis" />
    <property name="sun.java.command" value="org.apache.tools.ant.taskdefs.optional.junit.JUnitTestRunner ptolemy.actor.lib.test.junit.JUnitTclTest skipNonTests=false filtertrace=true haltOnError=false haltOnFailure=false formatter=org.apache.tools.ant.taskdefs.optional.junit.OutErrSummaryJUnitResultFormatter showoutput=true outputtoformatters=true logfailedtests=true threadid=0 logtestlistenerevents=false formatter=org.apache.tools.ant.taskdefs.optional.junit.XMLJUnitResultFormatter,/home/travis/build/icyphy/ptII/reports/junit/TEST-ptolemy.actor.lib.test.junit.JUnitTclTest.xml crashfile=/home/travis/build/icyphy/ptII/junitvmwatcher4677947991778738127.properties propsfile=/home/travis/build/icyphy/ptII/junit1203770098501559482.properties" />
    <property name="env.MANPATH" value="/home/travis/.nvm/versions/node/v7.10.1/share/man:/home/travis/.kiex/elixirs/elixir-1.4.5/man:/home/travis/.rvm/rubies/ruby-2.4.1/share/man:/usr/local/man:/usr/local/cmake-3.9.2/man:/usr/local/clang-5.0.0/share/man:/usr/local/share/man:/usr/share/man:/home/travis/.rvm/man" />
    <property name="env.COMPOSER_NO_INTERACTION" value="1" />
    <property name="env.JDK_SWITCHER_DEFAULT" value="oraclejdk8" />
    <property name="ant.file" value="/home/travis/build/icyphy/ptII/build.xml" />
    <property name="env.TRAVIS_COMMIT_RANGE" value="1f50d503a76267c30975524ecf7773a1b6d4b2a6...582d6b3aa45f26384a0dd004ecbce731238e4d41" />
    <property name="env._system_name" value="Ubuntu" />
    <property name="timeout" value="2400000" />
    <property name="ptII.classpath.optional.property" value="/home/travis/build/icyphy/ptII/lib/bsh-2.0b4.jar:/home/travis/build/icyphy/ptII/lib/ptCal.jar:/home/travis/build/icyphy/ptII/lib/java_cup.jar:/home/travis/build/icyphy/ptII/lib/saxon8.jar:/home/travis/build/icyphy/ptII/lib/saxon8-dom.jar:/home/travis/build/icyphy/ptII/lib/chic.jar:/home/travis/build/icyphy/ptII/lib/ptcolt.jar:/usr/lib/jvm/java-8-oracle/lib/tools.jar:/usr/lib/eclipse/plugins/org.eclipse.jdt.core_3.8.2.dist.jar:/usr/lib/eclipse/plugins/org.eclipse.core.runtime_3.8.0.dist.jar:/usr/lib/eclipse/plugins/org.eclipse.osgi_3.8.1.dist.jar:/usr/lib/eclipse/plugins/org.eclipse.core.resources_3.8.1.dist.jar:/usr/lib/eclipse/plugins/org.eclipse.equinox.common_3.6.100.dist.jar:/usr/lib/eclipse/plugins/org.eclipse.core.jobs_3.5.200.dist.jar:/usr/lib/eclipse/plugins/org.eclipse.core.contenttype_3.4.200.dist.jar:/usr/lib/eclipse/plugins/org.eclipse.equinox.preferences_3.5.0.dist.jar:/usr/lib/eclipse/plugins/org.eclipse.text_3.5.200.dist.jar:/usr/lib/eclipse/plugins/org.eclipse.ui.workbench_3.8.1.dist.jar:/usr/lib/eclipse/plugins/org.eclipse.jface_3.8.0.dist.jar:/usr/lib/eclipse/plugins/org.eclipse.swt_3.8.2.jar:/usr/lib/eclipse/plugins/org.eclipse.jface.text_3.8.1.dist.jar:/usr/lib/eclipse/plugins/org.eclipse.ui.workbench.texteditor_3.8.0.dist.jar:/usr/lib/eclipse/plugins/org.eclipse.ui.editors_3.8.0.dist.jar:/usr/lib/eclipse/plugins/org.eclipse.core.commands_3.6.1.dist.jar:/usr/lib/eclipse/plugins/org.eclipse.equinox.registry_3.5.200.dist.jar:/usr/lib/eclipse/plugins/org.eclipse.ui.console_3.5.100.dist.jar:/usr/lib/eclipse/plugins/org.eclipse.ui.forms_3.5.200.dist.jar:/usr/lib/eclipse/plugins/org.eclipse.ui.ide_3.8.1.dist.jar:/home/travis/build/icyphy/ptII/vendors/oracle/dbxml.jar:/home/travis/build/icyphy/ptII/vendors/oracle/db.jar:/home/travis/build/icyphy/ptII/vendors/misc/itext/iText.jar:/home/travis/build/icyphy/ptII/lib/g4ltl.jar:/home/travis/build/icyphy/ptII/lib/StructuralCoder.jar:/home/travis/build/icyphy/ptII/lib/org-openide-util.jar:/home/travis/build/icyphy/ptII/lib/org-openide-util-lookup.jar:/home/travis/build/icyphy/ptII/lib/org-netbeans-api-visual.jar:/home/travis/build/icyphy/ptII/vendors/jai-1_1_2_01/lib/jai_core.jar:/home/travis/build/icyphy/ptII/vendors/jai-1_1_2_01/lib/jai_codec.jar:/home/travis/build/icyphy/ptII/lib/jcerti.jar:/home/travis/build/icyphy/ptII/lib/smack.jar:/home/travis/build/icyphy/ptII/lib/smackx.jar:/home/travis/build/icyphy/ptII/lib/jetty-all-8.1.5-v20120716.jar:/home/travis/build/icyphy/ptII/lib/javax.servlet-api-3.0.1.jar:/home/travis/build/icyphy/ptII/lib/javax.mail.jar:/home/travis/build/icyphy/ptII/vendors/JMF-2.1.1e/lib/jmf.jar:/home/travis/build/icyphy/ptII/lib/jna-4.0.0-variadic.jar:/home/travis/build/icyphy/ptII/vendors/misc/joystick/Joystick.jar:/home/travis/build/icyphy/ptII/lib/ptjacl.jar:/home/travis/build/icyphy/ptII/lib/jsoup-1.8.2.jar:/home/travis/build/icyphy/ptII/lib/junit-4.8.2.jar:/home/travis/build/icyphy/ptII/lib/JUnitParams-0.4.0.jar:/home/travis/build/icyphy/ptII/ptolemy/actor/lib/excel/jxl.jar:/home/travis/build/icyphy/ptII/lib/jython.jar:/home/travis/build/icyphy/ptII/lib/kieler.jar:/home/travis/build/icyphy/ptII/vendors/opencv/share/OpenCV/java/opencv-341.jar:/home/travis/build/icyphy/ptII/lib/oscP5.jar:/home/travis/build/icyphy/ptII/lib/nrjavaserial-3.11.0.devel.jar:/usr/share/java/j3dcore.jar:/usr/share/java/j3dutils.jar:/usr/share/java/vecmath.jar:/home/travis/build/icyphy/ptII/ptolemy/distributed/jini/jar/jini-core.jar:/home/travis/build/icyphy/ptII/ptolemy/distributed/jini/jar/jini-ext.jar:/home/travis/build/icyphy/ptII/ptolemy/distributed/jini/jar/sun-util.jar:/home/travis/build/icyphy/ptII/lib/protobuf-java-2.4.1.jar:/home/travis/build/icyphy/ptII/lib/org.eclipse.paho.client.mqttv3.jar:/home/travis/build/icyphy/ptII/ptserver/lib/hessian-4.0.7.jar:/home/travis/build/icyphy/ptII/ptserver/lib/wmqtt.jar:/home/travis/build/icyphy/ptII/lib/mapss.jar:/home/travis/build/icyphy/ptII/ptolemy/actor/ptalon/antlr/antlr.jar:/home/travis/build/icyphy/ptII/lib/JRI.jar:/home/travis/build/icyphy/ptII/lib/commons-lang-2.6.jar:/home/travis/build/icyphy/ptII/lib/commons-logging-1.1.1.jar:/home/travis/build/icyphy/ptII/lib/sootclasses.jar:/home/travis/build/icyphy/ptII/ptolemy/actor/lib/database/mysql-connector-java-5.1.6-bin.jar:/home/travis/build/icyphy/ptII/vendors/misc/sphinx4/sphinx4-data-5prealpha.jar:/home/travis/build/icyphy/ptII/vendors/misc/sphinx4/sphinx4-core-5prealpha.jar:/home/travis/build/icyphy/ptII/lib/PDFRenderer.jar:/home/travis/build/icyphy/ptII/lib/svgSalamander.jar:/home/travis/build/icyphy/ptII/lib/rsyntaxtextarea-2.6.0-SNAPSHOT.jar:/home/travis/build/icyphy/ptII/lib/hazelcast-3.8.2.jar:/home/travis/build/icyphy/ptII/lib/jackson-annotations-2.9.0.jar:/home/travis/build/icyphy/ptII/lib/jackson-core-2.9.3.jar:/home/travis/build/icyphy/ptII/lib/jackson-databind-2.9.3.jar:/home/travis/build/icyphy/ptII/lib/netty-buffer-4.1.19.Final.jar:/home/travis/build/icyphy/ptII/lib/netty-codec-4.1.19.Final.jar:/home/travis/build/icyphy/ptII/lib/netty-codec-dns-4.1.19.Final.jar:/home/travis/build/icyphy/ptII/lib/netty-codec-http-4.1.19.Final.jar:/home/travis/build/icyphy/ptII/lib/netty-codec-http2-4.1.19.Final.jar:/home/travis/build/icyphy/ptII/lib/netty-common-4.1.19.Final.jar:/home/travis/build/icyphy/ptII/lib/netty-handler-4.1.19.Final.jar:/home/travis/build/icyphy/ptII/lib/netty-resolver-4.1.19.Final.jar:/home/travis/build/icyphy/ptII/lib/netty-resolver-dns-4.1.19.Final.jar:/home/travis/build/icyphy/ptII/lib/netty-transport-4.1.19.Final.jar:/home/travis/build/icyphy/ptII/lib/vertx-codegen-3.5.1.jar:/home/travis/build/icyphy/ptII/lib/vertx-core-3.5.2-SNAPSHOT.jar:/home/travis/build/icyphy/ptII/lib/vertx-hazelcast-3.5.1.jar:/home/travis/build/icyphy/ptII/lib/vertx-lang-js-3.5.1.jar:/home/travis/build/icyphy/ptII/lib/vertx-service-proxy-3.5.1.jar:/home/travis/build/icyphy/ptII/lib/vertx-web-3.5.1.jar:/home/travis/build/icyphy/ptII/lib/slf4j-api-1.7.13.jar:/home/travis/build/icyphy/ptII/lib/slf4j-simple-1.7.13.jar:/home/travis/build/icyphy/ptII/lib/webcam-capture-0.3.12.jar:/home/travis/build/icyphy/ptII/lib/bridj-0.7.0.jar:/home/travis/build/icyphy/ptII/lib/xbjlib-1.1.0.nrjavaserial.jar" />
    <property name="test.batch" value="**/junit/*.java" />
    <property name="env._" value="/usr/bin/timeout" />
    <property name="java.io.tmpdir" value="/tmp" />
    <property name="user.language" value="en" />
    <property name="env.HISTCONTROL" value="ignoredups:ignorespace" />
    <property name="env.GOROOT" value="/home/travis/.gimme/versions/go1.7.4.linux.amd64" />
    <property name="line.separator" value="&#xa;" />
    <property name="target" value="1.8" />
    <property name="env.TRAVIS_BUILD_DIR" value="/home/travis/build/icyphy/ptII" />
    <property name="env.ANT_OPTS" value="-Xmx2048m" />
    <property name="ant.file.type" value="file" />
    <property name="ptolemy.ptII.batchMode" value="true" />
    <property name="env.HISTSIZE" value="1000" />
    <property name="env.MERB_ENV" value="test" />
    <property name="java.vm.info" value="mixed mode" />
    <property name="source" value="1.8" />
    <property name="java.vm.specification.name" value="Java Virtual Machine Specification" />
    <property name="env.TRAVIS_TEST_RESULT" value="0" />
    <property name="jsdoc.command" value="node_modules/@terraswarm/jsdoc/jsdoc.js" />
    <property name="npm.works" value="true" />
    <property name="cobertura.dir" value="/home/travis/build/icyphy/ptII/vendors/cobertura-2.0.3" />
    <property name="env.rvm_path" value="/home/travis/.rvm" />
    <property name="env.GEM_PATH" value="/home/travis/.rvm/gems/ruby-2.4.1:/home/travis/.rvm/gems/ruby-2.4.1@global" />
    <property name="env.LC_CTYPE" value="en_US.UTF-8" />
    <property name="java.awt.printerjob" value="sun.print.PSPrinterJob" />
    <property name="env.TRAVIS_STACK_NAME" value="garnet" />
    <property name="ant.version" value="Apache Ant(TM) version 1.10.1 compiled on February 2 2017" />
    <property name="ptII.reports" value="/home/travis/build/icyphy/ptII/reports" />
    <property name="env.TRAVIS_STACK_TIMESTAMP" value="2017-12-05 19:33:09 UTC" />
    <property name="ant.file.type.ptII" value="file" />
    <property name="env.RBENV_SHELL" value="bash" />
    <property name="os.name" value="Linux" />
    <property name="java.specification.vendor" value="Oracle Corporation" />
    <property name="env.rvm_version" value="1.29.3 (latest)" />
    <property name="env.TERM" value="xterm" />
    <property name="java.vm.name" value="Java HotSpot(TM) 64-Bit Server VM" />
    <property name="env.TRAVIS_BUILD_NUMBER" value="488" />
    <property name="env.CI" value="true" />
    <property name="java.library.path" value="/home/travis/pthla/certi-tools/lib:/usr/lib/jni:/usr/local/share/OpenCV/java/:/usr/share/OpenCV/java::/usr/java/packages/lib/amd64:/usr/lib64:/lib64:/lib:/usr/lib" />
    <property name="env.rvm_prefix" value="/home/travis" />
    <property name="env.PATH" value="/home/travis/pthla/certi-tools/share/scripts:/home/travis/.rvm/gems/ruby-2.4.1/bin:/home/travis/.rvm/gems/ruby-2.4.1@global/bin:/home/travis/.rvm/rubies/ruby-2.4.1/bin:/home/travis/.rvm/bin:/home/travis/.nvm/versions/node/v7.10.1/bin:./node_modules/.bin:/home/travis/build/icyphy/ptII/bin:/home/travis/pthla/certi-tools/bin:/home/travis/bin:/home/travis/.local/bin:/opt/pyenv/shims:/home/travis/.phpenv/shims:/home/travis/perl5/perlbrew/bin:/home/travis/.kiex/elixirs/elixir-1.4.5/bin:/home/travis/.kiex/bin:/home/travis/gopath/bin:/home/travis/.gimme/versions/go1.7.4.linux.amd64/bin:/usr/local/phantomjs/bin:/usr/local/phantomjs:/usr/local/neo4j-3.2.7/bin:/usr/local/maven-3.5.2/bin:/usr/local/cmake-3.9.2/bin:/usr/local/clang-5.0.0/bin:/usr/local/sbin:/usr/local/bin:/usr/sbin:/usr/bin:/sbin:/bin:/home/travis/.phpenv/bin:/opt/pyenv/bin:/home/travis/.yarn/bin" />
    <property name="env.TRAVIS_OS_NAME" value="linux" />
    <property name="ant.java.version" value="1.8" />
    <property name="basedir" value="/home/travis/build/icyphy/ptII" />
    <property name="java.class.version" value="52.0" />
    <property name="env.SHLVL" value="3" />
    <property name="env.LD_LIBRARY_PATH" value="/home/travis/pthla/certi-tools/lib:/usr/lib/jni:/usr/local/share/OpenCV/java/:/usr/share/OpenCV/java:" />
    <property name="env.RACK_ENV" value="test" />
    <property name="ant.home" value="/home/travis/build/icyphy/ptII/ant" />
    <property name="env.NVM_DIR" value="/home/travis/.nvm" />
    <property name="env.PERLBREW_BASHRC_VERSION" value="0.80" />
    <property name="env.CERTI_FOM_PATH" value="/home/travis/pthla/certi-tools/share/federations" />
    <property name="env.TRAVIS_BUILD_ID" value="385464444" />
    <property name="env.PYENV_ROOT" value="/opt/pyenv" />
    <property name="env.TRAVIS_UID" value="2000" />
    <property name="env.rvm_pretty_print_flag" value="auto" />
    <property name="env.NVM_BIN" value="/home/travis/.nvm/versions/node/v7.10.1/bin" />
    <property name="env.TRAVIS_COMMIT" value="582d6b3aa45f26384a0dd004ecbce731238e4d41" />
    <property name="env._system_arch" value="x86_64" />
    <property name="node.executable" value="node" />
    <property name="sun.boot.library.path" value="/usr/lib/jvm/java-8-oracle/jre/lib/amd64" />
    <property name="sun.management.compiler" value="HotSpot 64-Bit Tiered Compilers" />
    <property name="env.GOPATH" value="/home/travis/gopath" />
    <property name="java.awt.graphicsenv" value="sun.awt.X11GraphicsEnvironment" />
    <property name="ptolemy.ptII.dir" value="/home/travis/build/icyphy/ptII" />
    <property name="env.USER" value="travis" />
    <property name="env.HISTFILESIZE" value="2000" />
    <property name="timeout.longest" value="19000000" />
    <property name="env.TRAVIS_STACK_FEATURES" value="basic cassandra chromium couchdb disabled-ipv6 docker docker-compose elasticsearch firefox go-toolchain google-chrome jdk memcached mongodb mysql neo4j nodejs_interpreter perl_interpreter perlbrew phantomjs postgresql python_interpreter rabbitmq redis riak ruby_interpreter sqlite xserver" />
    <property name="env.TRAVIS_PULL_REQUEST" value="false" />
    <property name="env.PYENV_SHELL" value="bash" />
    <property name="ant.project.name" value="ptII" />
    <property name="java.vm.specification.version" value="1.8" />
    <property name="env.CERTI_VERSION" value="4.0.0" />
    <property name="env.NLSPATH" value="/usr/dt/lib/nls/msg/%L/%N.cat" />
    <property name="awt.toolkit" value="sun.awt.X11.XToolkit" />
    <property name="env.CERTI_HOST" value="localhost" />
    <property name="env.MY_RUBY_HOME" value="/home/travis/.rvm/rubies/ruby-2.4.1" />
    <property name="sun.cpu.isalist" value="" />
    <property name="java.ext.dirs" value="/usr/lib/jvm/java-8-oracle/jre/lib/ext:/usr/java/packages/lib/ext" />
    <property name="os.version" value="4.4.0-101-generic" />
    <property name="user.home" value="/home/travis" />
    <property name="env.MIX_ARCHIVES" value="/home/travis/.kiex/mix/elixir-1.4.5" />
    <property name="java.vm.vendor" value="Oracle Corporation" />
    <property name="env.TRAVIS_TAG" value="nightly" />
    <property name="env.TRAVIS_FILTERED" value="redirect_io" />
    <property name="javadoc.excludepackagenames" value="adm.cvs2svn.*,build.*,config.*,doc.coding.templates.*,jni.test.jni.meaningOfLife.*,jni.test.jni.testDeux.*,jni.test.jni.testTrois.*,org.terraswarm.accessor.accessors.web.node_modules.*,org.terraswarm.accessor.accessors.web.hosts.cordova.demo.*,org.terraswarm.accessor.accessors.web.hosts.cordova.plugins.*,org.terraswarm.accessor.accessors-svn.*,pt-modules.*,ptolemy.apps.agilent.*,ptolemy.apps.anytimecontrol.*,ptolemy.apps.apes.*,ptolemy.apps.charon.*,ptolemy.apps.crazyboard.*,ptolemy.apps.eclipse.*,ptolemy.apps.etherealSting.*,ptolemy.apps.fullscreen.*,ptolemy.apps.giotto.*,ptolemy.apps.ia.*,ptolemy.apps.interfaces.*,ptolemy.apps.jmf.*,ptolemy.apps.kurt.*,ptolemy.apps.kvm.*,ptolemy.apps.lego.*,ptolemy.apps.lejos.*,ptolemy.apps.midp.*,ptolemy.apps.mobileCoding.*,ptolemy.apps.pendulum.*,ptolemy.apps.rijndael.*,ptolemy.apps.robot.*,ptolemy.apps.security.*,ptolemy.apps.sobel.*,ptolemy.apps.soot.*,ptolemy.apps.throttle.*,ptolemy.apps.tini.*,ptolemy.apps.transmission.*,ptolemy.apps.vergil.*,ptolemy.apps.waba.*,ptolemy.apps.websensor.*,ptolemy.apps.webstart.*,ptolemy.apps.xsl.*,ptolemy.apps.zaurus.*,ptolemy.backtrack.eclipse.plugin.*,ptolemy.backtrack.test.*,ptolemy.codegen.c.actor.lib.oldJavaFiles.*,ptolemy.codegen.dsp.lib.*,ptolemy.codegen.kernel.newInterfaces.*,ptolemy.codegen.lib.*,ptolemy.copernicus.kernel.fragment.*,ptolemy.copernicus.shallow.cg.*,ptolemy.domains.giotto.demo.Hierarchy.Hierarchy.*,ptolemy.domains.giotto.demo.Multimode.Multimode.*,ptolemy.domains.giotto.demo.Simple.Simple.*,ptolemy.domains.gr.lib.experimental.*,ptolemy.domains.gro.*,ptolemy.domains.pdf.*,ptolemy.domains.ptinyos.demo.Surge.output.*,ptolemy.moml.test.NoPackageActor.java*,ptolemy.plot.adm.*,ptolemy.plot.servlet.*,reports.*,signed.*,src.*,target.*,vendors.*,ptolemy.cg.adapter.generic.program.procedural.c.mbed*,ptolemy.actor.lib.fmi.fmus.omc*,ptolemy.domains.openmodelica*,ptdb.kernel.bl.save.test.*,ptdb.kernel.bl.load.test.*,ptdb.kernel.bl.search.test.*,ptdb.kernel.bl.migration.test.*,ptdb.kernel.database.test.*,ptdb.test.*,ptdb.gui.test.*,org.ptolemy.scala.*,diva.util.java2d.svg.*,ptolemy.domains.ptinyos.*,ptolemy.actor.lib.fmi.fmipp.*,,org.terraswarm.accessor.accessors.web.node_modules.*,org.terraswarm.accessor.accessors-svn,ptolemy.actor.ptalon.demo.ptinyos.SendAndReceiveCnt.output,ptolemy.actor.ptalon.demo.ptinyos.SenseToLeds.output,ptolemy.domains.ptinyos.demo.CntToLedsAndRfm.output,ptolemy.domains.ptinyos.demo.RfmToLeds.output,ptolemy.domains.ptinyos.demo.SendAndReceiveCnt.output,ptolemy.domains.ptinyos.demo.SenseToLeds.output" />
    <property name="env.JAVA_HOME" value="/usr/lib/jvm/java-8-oracle" />
    <property name="env.PTII" value="/home/travis/build/icyphy/ptII" />
    <property name="env.TRAVIS_COMMIT_MESSAGE" value="Better message about architecture-specific auto directory." />
    <property name="keystore" value="ptKeystore" />
    <property name="env.XDG_SESSION_ID" value="2" />
    <property name="junit.output.dir" value="/home/travis/build/icyphy/ptII/reports/junit" />
    <property name="npm.return.code" value="0" />
    <property name="user.dir" value="/home/travis/build/icyphy/ptII/ptolemy/actor/lib/test" />
    <property name="env.TRAVIS_NODE_VERSION" value="7" />
    <property name="env.XFILESEARCHPATH" value="/usr/dt/app-defaults/%L/Dt" />
    <property name="env.TRAVIS_EVENT_TYPE" value="cron" />
    <property name="env.MAIL" value="/var/mail/travis" />
    <property name="env.PWD" value="/home/travis/build/icyphy/ptII" />
    <property name="env.PERLBREW_ROOT" value="/home/travis/perl5/perlbrew" />
    <property name="timeout.npm" value="45000" />
    <property name="env.PAGER" value="cat" />
    <property name="sun.cpu.endian" value="little" />
    <property name="env.TRAVIS_BUILD_STAGE_NAME" value="Test" />
    <property name="env.PERLBREW_HOME" value="/home/travis/.perlbrew" />
    <property name="env.RAILS_ENV" value="test" />
    <property name="java.vm.version" value="25.151-b12" />
    <property name="java.class.path" value="/home/travis/.ptolemyII:/home/travis/.ptolemyII/*:/home/travis/build/icyphy/ptII:/home/travis/build/icyphy/ptII/lib/bsh-2.0b4.jar:/home/travis/build/icyphy/ptII/lib/ptCal.jar:/home/travis/build/icyphy/ptII/lib/java_cup.jar:/home/travis/build/icyphy/ptII/lib/saxon8.jar:/home/travis/build/icyphy/ptII/lib/saxon8-dom.jar:/home/travis/build/icyphy/ptII/lib/chic.jar:/home/travis/build/icyphy/ptII/lib/ptcolt.jar:/usr/lib/jvm/java-8-oracle/lib/tools.jar:/usr/lib/eclipse/plugins/org.eclipse.jdt.core_3.8.2.dist.jar:/usr/lib/eclipse/plugins/org.eclipse.core.runtime_3.8.0.dist.jar:/usr/lib/eclipse/plugins/org.eclipse.osgi_3.8.1.dist.jar:/usr/lib/eclipse/plugins/org.eclipse.core.resources_3.8.1.dist.jar:/usr/lib/eclipse/plugins/org.eclipse.equinox.common_3.6.100.dist.jar:/usr/lib/eclipse/plugins/org.eclipse.core.jobs_3.5.200.dist.jar:/usr/lib/eclipse/plugins/org.eclipse.core.contenttype_3.4.200.dist.jar:/usr/lib/eclipse/plugins/org.eclipse.equinox.preferences_3.5.0.dist.jar:/usr/lib/eclipse/plugins/org.eclipse.text_3.5.200.dist.jar:/usr/lib/eclipse/plugins/org.eclipse.ui.workbench_3.8.1.dist.jar:/usr/lib/eclipse/plugins/org.eclipse.jface_3.8.0.dist.jar:/usr/lib/eclipse/plugins/org.eclipse.swt_3.8.2.jar:/usr/lib/eclipse/plugins/org.eclipse.jface.text_3.8.1.dist.jar:/usr/lib/eclipse/plugins/org.eclipse.ui.workbench.texteditor_3.8.0.dist.jar:/usr/lib/eclipse/plugins/org.eclipse.ui.editors_3.8.0.dist.jar:/usr/lib/eclipse/plugins/org.eclipse.core.commands_3.6.1.dist.jar:/usr/lib/eclipse/plugins/org.eclipse.equinox.registry_3.5.200.dist.jar:/usr/lib/eclipse/plugins/org.eclipse.ui.console_3.5.100.dist.jar:/usr/lib/eclipse/plugins/org.eclipse.ui.forms_3.5.200.dist.jar:/usr/lib/eclipse/plugins/org.eclipse.ui.ide_3.8.1.dist.jar:/home/travis/build/icyphy/ptII/vendors/oracle/dbxml.jar:/home/travis/build/icyphy/ptII/vendors/oracle/db.jar:/home/travis/build/icyphy/ptII/vendors/misc/itext/iText.jar:/home/travis/build/icyphy/ptII/lib/g4ltl.jar:/home/travis/build/icyphy/ptII/lib/StructuralCoder.jar:/home/travis/build/icyphy/ptII/lib/org-openide-util.jar:/home/travis/build/icyphy/ptII/lib/org-openide-util-lookup.jar:/home/travis/build/icyphy/ptII/lib/org-netbeans-api-visual.jar:/home/travis/build/icyphy/ptII/vendors/jai-1_1_2_01/lib/jai_core.jar:/home/travis/build/icyphy/ptII/vendors/jai-1_1_2_01/lib/jai_codec.jar:/home/travis/build/icyphy/ptII/lib/jcerti.jar:/home/travis/build/icyphy/ptII/lib/smack.jar:/home/travis/build/icyphy/ptII/lib/smackx.jar:/home/travis/build/icyphy/ptII/lib/jetty-all-8.1.5-v20120716.jar:/home/travis/build/icyphy/ptII/lib/javax.servlet-api-3.0.1.jar:/home/travis/build/icyphy/ptII/lib/javax.mail.jar:/home/travis/build/icyphy/ptII/vendors/JMF-2.1.1e/lib/jmf.jar:/home/travis/build/icyphy/ptII/lib/jna-4.0.0-variadic.jar:/home/travis/build/icyphy/ptII/vendors/misc/joystick/Joystick.jar:/home/travis/build/icyphy/ptII/lib/ptjacl.jar:/home/travis/build/icyphy/ptII/lib/jsoup-1.8.2.jar:/home/travis/build/icyphy/ptII/lib/junit-4.8.2.jar:/home/travis/build/icyphy/ptII/lib/JUnitParams-0.4.0.jar:/home/travis/build/icyphy/ptII/ptolemy/actor/lib/excel/jxl.jar:/home/travis/build/icyphy/ptII/lib/jython.jar:/home/travis/build/icyphy/ptII/lib/kieler.jar:/home/travis/build/icyphy/ptII/vendors/opencv/share/OpenCV/java/opencv-341.jar:/home/travis/build/icyphy/ptII/lib/oscP5.jar:/home/travis/build/icyphy/ptII/lib/nrjavaserial-3.11.0.devel.jar:/usr/share/java/j3dcore.jar:/usr/share/java/j3dutils.jar:/usr/share/java/vecmath.jar:/home/travis/build/icyphy/ptII/ptolemy/distributed/jini/jar/jini-core.jar:/home/travis/build/icyphy/ptII/ptolemy/distributed/jini/jar/jini-ext.jar:/home/travis/build/icyphy/ptII/ptolemy/distributed/jini/jar/sun-util.jar:/home/travis/build/icyphy/ptII/lib/protobuf-java-2.4.1.jar:/home/travis/build/icyphy/ptII/lib/org.eclipse.paho.client.mqttv3.jar:/home/travis/build/icyphy/ptII/ptserver/lib/hessian-4.0.7.jar:/home/travis/build/icyphy/ptII/ptserver/lib/wmqtt.jar:/home/travis/build/icyphy/ptII/lib/mapss.jar:/home/travis/build/icyphy/ptII/ptolemy/actor/ptalon/antlr/antlr.jar:/home/travis/build/icyphy/ptII/lib/JRI.jar:/home/travis/build/icyphy/ptII/lib/commons-lang-2.6.jar:/home/travis/build/icyphy/ptII/lib/commons-logging-1.1.1.jar:/home/travis/build/icyphy/ptII/lib/sootclasses.jar:/home/travis/build/icyphy/ptII/ptolemy/actor/lib/database/mysql-connector-java-5.1.6-bin.jar:/home/travis/build/icyphy/ptII/vendors/misc/sphinx4/sphinx4-data-5prealpha.jar:/home/travis/build/icyphy/ptII/vendors/misc/sphinx4/sphinx4-core-5prealpha.jar:/home/travis/build/icyphy/ptII/lib/PDFRenderer.jar:/home/travis/build/icyphy/ptII/lib/svgSalamander.jar:/home/travis/build/icyphy/ptII/lib/rsyntaxtextarea-2.6.0-SNAPSHOT.jar:/home/travis/build/icyphy/ptII/lib/hazelcast-3.8.2.jar:/home/travis/build/icyphy/ptII/lib/jackson-annotations-2.9.0.jar:/home/travis/build/icyphy/ptII/lib/jackson-core-2.9.3.jar:/home/travis/build/icyphy/ptII/lib/jackson-databind-2.9.3.jar:/home/travis/build/icyphy/ptII/lib/netty-buffer-4.1.19.Final.jar:/home/travis/build/icyphy/ptII/lib/netty-codec-4.1.19.Final.jar:/home/travis/build/icyphy/ptII/lib/netty-codec-dns-4.1.19.Final.jar:/home/travis/build/icyphy/ptII/lib/netty-codec-http-4.1.19.Final.jar:/home/travis/build/icyphy/ptII/lib/netty-codec-http2-4.1.19.Final.jar:/home/travis/build/icyphy/ptII/lib/netty-common-4.1.19.Final.jar:/home/travis/build/icyphy/ptII/lib/netty-handler-4.1.19.Final.jar:/home/travis/build/icyphy/ptII/lib/netty-resolver-4.1.19.Final.jar:/home/travis/build/icyphy/ptII/lib/netty-resolver-dns-4.1.19.Final.jar:/home/travis/build/icyphy/ptII/lib/netty-transport-4.1.19.Final.jar:/home/travis/build/icyphy/ptII/lib/vertx-codegen-3.5.1.jar:/home/travis/build/icyphy/ptII/lib/vertx-core-3.5.2-SNAPSHOT.jar:/home/travis/build/icyphy/ptII/lib/vertx-hazelcast-3.5.1.jar:/home/travis/build/icyphy/ptII/lib/vertx-lang-js-3.5.1.jar:/home/travis/build/icyphy/ptII/lib/vertx-service-proxy-3.5.1.jar:/home/travis/build/icyphy/ptII/lib/vertx-web-3.5.1.jar:/home/travis/build/icyphy/ptII/lib/slf4j-api-1.7.13.jar:/home/travis/build/icyphy/ptII/lib/slf4j-simple-1.7.13.jar:/home/travis/build/icyphy/ptII/lib/webcam-capture-0.3.12.jar:/home/travis/build/icyphy/ptII/lib/bridj-0.7.0.jar:/home/travis/build/icyphy/ptII/lib/xbjlib-1.1.0.nrjavaserial.jar:/home/travis/build/icyphy/ptII/ptolemy/moml/test:/home/travis/build/icyphy/ptII/ant/lib/ant-launcher.jar:/home/travis/build/icyphy/ptII/ant/lib/ant.jar:/home/travis/build/icyphy/ptII/ant/lib/ant-junit.jar:/home/travis/build/icyphy/ptII/ant/lib/ant-junit4.jar" />
    <property name="ant.library.dir" value="/home/travis/build/icyphy/ptII/ant/lib" />
    <property name="os.arch" value="amd64" />
    <property name="env.TRAVIS_LANGUAGE" value="node_js" />
    <property name="env.CONTINUOUS_INTEGRATION" value="true" />
    <property name="env.TRAVIS_STACK_LANGUAGES" value="__garnet__ c c++ clojure cplusplus cpp default go groovy java node_js php pure_java python ruby scala" />
    <property name="test.name" value="ptolemy.actor.lib.test.junit.JUnitTclTest" />
    <property name="sun.java.launcher" value="SUN_STANDARD" />
    <property name="env.PYTHON_CONFIGURE_OPTS" value="--enable-unicode=ucs4 --with-wide-unicode --enable-shared --enable-ipv6 --enable-loadable-sqlite-extensions --with-computed-gotos" />
    <property name="ant.core.lib" value="/home/travis/build/icyphy/ptII/ant/lib/ant.jar" />
    <property name="java.vm.specification.vendor" value="Oracle Corporation" />
    <property name="env.BCVTB_HOME" value="/home/travis/build/icyphy/ptII/lbnl" />
    <property name="file.separator" value="/" />
    <property name="java.runtime.version" value="1.8.0_151-b12" />
    <property name="spotbugs.home" value="/home/travis/build/icyphy/ptII/vendors/spotbugs-3.1.1" />
    <property name="sun.boot.class.path" value="/usr/lib/jvm/java-8-oracle/jre/lib/resources.jar:/usr/lib/jvm/java-8-oracle/jre/lib/rt.jar:/usr/lib/jvm/java-8-oracle/jre/lib/sunrsasign.jar:/usr/lib/jvm/java-8-oracle/jre/lib/jsse.jar:/usr/lib/jvm/java-8-oracle/jre/lib/jce.jar:/usr/lib/jvm/java-8-oracle/jre/lib/charsets.jar:/usr/lib/jvm/java-8-oracle/jre/lib/jfr.jar:/usr/lib/jvm/java-8-oracle/jre/classes" />
    <property name="env.HAS_JOSH_K_SEAL_OF_APPROVAL" value="true" />
    <property name="env.TRAVIS_OSX_IMAGE" value="" />
    <property name="env.XDG_RUNTIME_DIR" value="/run/user/2000" />
    <property name="env.TRAVIS_BRANCH" value="master" />
    <property name="env.TRAVIS_JOB_ID" value="385464451" />
    <property name="env.CERTI_HOME_TRAVIS" value="/home/travis/pthla/certi-tools" />
    <property name="user.country" value="US" />
    <property name="env.SHELL" value="/bin/bash" />
    <property name="java.maxmemory.large" value="5000m" />
    <property name="model" value="" />
    <property name="env.CASHER_DIR" value="/home/travis/.casher" />
    <property name="env.NVM_CD_FLAGS" value="" />
    <property name="jshint.executable" value="/home/travis/node_modules/jshint/bin/jshint" />
    <property name="java.vendor" value="Oracle Corporation" />
    <property name="env.JRUBY_OPTS" value=" --client -J-XX:+TieredCompilation -J-XX:TieredStopAtLevel=1 -J-Xss2m -Xcompile.invokedynamic=false" />
    <property name="env.TRAVIS_PRE_CHEF_BOOTSTRAP_TIME" value="2017-12-05T19:32:55" />
    <property name="env.TRAVIS_STACK_JOB_BOARD_REGISTER" value="/.job-board-register.yml" />
    <property name="env.ELIXIR_VERSION" value="1.4.5" />
    <property name="java.specification.version" value="1.8" />
    <property name="env.IRBRC" value="/home/travis/.rvm/rubies/ruby-2.4.1/.irbrc" />
    <property name="env.TRAVIS" value="true" />
    <property name="sun.arch.data.model" value="64" />
  </properties>
  <testcase classname="ptolemy.util.test.junit.TclTests" name="[0] /home/travis/build/icyphy/ptII/ptolemy/actor/lib/test/AbsoluteValue.tcl (RunTclFile)" time="0.461" />
  <testcase classname="ptolemy.util.test.junit.TclTests" name="[1] /home/travis/build/icyphy/ptII/ptolemy/actor/lib/test/AddSubtract.tcl (RunTclFile)" time="0.14" />
  <testcase classname="ptolemy.util.test.junit.TclTests" name="[2] /home/travis/build/icyphy/ptII/ptolemy/actor/lib/test/Average.tcl (RunTclFile)" time="0.05" />
  <testcase classname="ptolemy.util.test.junit.TclTests" name="[3] /home/travis/build/icyphy/ptII/ptolemy/actor/lib/test/Bernoulli.tcl (RunTclFile)" time="0.039" />
  <testcase classname="ptolemy.util.test.junit.TclTests" name="[4] /home/travis/build/icyphy/ptII/ptolemy/actor/lib/test/Clock.tcl (RunTclFile)" time="0.123" />
  <testcase classname="ptolemy.util.test.junit.TclTests" name="[5] /home/travis/build/icyphy/ptII/ptolemy/actor/lib/test/Commutator.tcl (RunTclFile)" time="0.096" />
  <testcase classname="ptolemy.util.test.junit.TclTests" name="[6] /home/travis/build/icyphy/ptII/ptolemy/actor/lib/test/Const.tcl (RunTclFile)" time="0.127" />
  <testcase classname="ptolemy.util.test.junit.TclTests" name="[7] /home/travis/build/icyphy/ptII/ptolemy/actor/lib/test/CurrentTime.tcl (RunTclFile)" time="0.032" />
  <testcase classname="ptolemy.util.test.junit.TclTests" name="[8] /home/travis/build/icyphy/ptII/ptolemy/actor/lib/test/DB.tcl (RunTclFile)" time="0.029" />
  <testcase classname="ptolemy.util.test.junit.TclTests" name="[9] /home/travis/build/icyphy/ptII/ptolemy/actor/lib/test/DiscreteRandomSource.tcl (RunTclFile)" time="0.047" />
  <testcase classname="ptolemy.util.test.junit.TclTests" name="[10] /home/travis/build/icyphy/ptII/ptolemy/actor/lib/test/Distributor.tcl (RunTclFile)" time="0.068" />
  <testcase classname="ptolemy.util.test.junit.TclTests" name="[11] /home/travis/build/icyphy/ptII/ptolemy/actor/lib/test/Exit.tcl (RunTclFile)" time="0.064" />
  <testcase classname="ptolemy.util.test.junit.TclTests" name="[12] /home/travis/build/icyphy/ptII/ptolemy/actor/lib/test/Expression.tcl (RunTclFile)" time="0.119" />
  <testcase classname="ptolemy.util.test.junit.TclTests" name="[13] /home/travis/build/icyphy/ptII/ptolemy/actor/lib/test/Gaussian.tcl (RunTclFile)" time="0.497" />
  <testcase classname="ptolemy.util.test.junit.TclTests" name="[14] /home/travis/build/icyphy/ptII/ptolemy/actor/lib/test/IIR.tcl (RunTclFile)" time="0.043" />
  <testcase classname="ptolemy.util.test.junit.TclTests" name="[15] /home/travis/build/icyphy/ptII/ptolemy/actor/lib/test/Interpolator.tcl (RunTclFile)" time="0.123" />
  <testcase classname="ptolemy.util.test.junit.TclTests" name="[16] /home/travis/build/icyphy/ptII/ptolemy/actor/lib/test/MathFunction.tcl (RunTclFile)" time="0.056" />
  <testcase classname="ptolemy.util.test.junit.TclTests" name="[17] /home/travis/build/icyphy/ptII/ptolemy/actor/lib/test/Maximum.tcl (RunTclFile)" time="0.025" />
  <testcase classname="ptolemy.util.test.junit.TclTests" name="[18] /home/travis/build/icyphy/ptII/ptolemy/actor/lib/test/Minimum.tcl (RunTclFile)" time="0.02" />
  <testcase classname="ptolemy.util.test.junit.TclTests" name="[19] /home/travis/build/icyphy/ptII/ptolemy/actor/lib/test/MultiplyDivide.tcl (RunTclFile)" time="0.024" />
  <testcase classname="ptolemy.util.test.junit.TclTests" name="[20] /home/travis/build/icyphy/ptII/ptolemy/actor/lib/test/OrderedMerge.tcl (RunTclFile)" time="0.08" />
  <testcase classname="ptolemy.util.test.junit.TclTests" name="[21] /home/travis/build/icyphy/ptII/ptolemy/actor/lib/test/Publisher.tcl (RunTclFile)" time="0.759" />
  <testcase classname="ptolemy.util.test.junit.TclTests" name="[22] /home/travis/build/icyphy/ptII/ptolemy/actor/lib/test/Pulse.tcl (RunTclFile)" time="0.063" />
  <testcase classname="ptolemy.util.test.junit.TclTests" name="[23] /home/travis/build/icyphy/ptII/ptolemy/actor/lib/test/Ramp.tcl (RunTclFile)" time="2.183" />
  <testcase classname="ptolemy.util.test.junit.TclTests" name="[24] /home/travis/build/icyphy/ptII/ptolemy/actor/lib/test/RampContinuous.tcl (RunTclFile)" time="0.025" />
  <testcase classname="ptolemy.util.test.junit.TclTests" name="[25] /home/travis/build/icyphy/ptII/ptolemy/actor/lib/test/RecordAssembler.tcl (RunTclFile)" time="0.018" />
  <testcase classname="ptolemy.util.test.junit.TclTests" name="[26] /home/travis/build/icyphy/ptII/ptolemy/actor/lib/test/RecordDisassembler.tcl (RunTclFile)" time="0.027" />
  <testcase classname="ptolemy.util.test.junit.TclTests" name="[27] /home/travis/build/icyphy/ptII/ptolemy/actor/lib/test/Scale.tcl (RunTclFile)" time="0.029" />
  <testcase classname="ptolemy.util.test.junit.TclTests" name="[28] /home/travis/build/icyphy/ptII/ptolemy/actor/lib/test/SequentialClock.tcl (RunTclFile)" time="0.021" />
  <testcase classname="ptolemy.util.test.junit.TclTests" name="[29] /home/travis/build/icyphy/ptII/ptolemy/actor/lib/test/SetVariable.tcl (RunTclFile)" time="0.014" />
  <testcase classname="ptolemy.util.test.junit.TclTests" name="[30] /home/travis/build/icyphy/ptII/ptolemy/actor/lib/test/Sinewave.tcl (RunTclFile)" time="0.028" />
  <testcase classname="ptolemy.util.test.junit.TclTests" name="[31] /home/travis/build/icyphy/ptII/ptolemy/actor/lib/test/SubscriptionAggregator.tcl (RunTclFile)" time="2.138" />
  <testcase classname="ptolemy.util.test.junit.TclTests" name="[32] /home/travis/build/icyphy/ptII/ptolemy/actor/lib/test/Test.tcl (RunTclFile)" time="0.07" />
  <testcase classname="ptolemy.util.test.junit.TclTests" name="[33] /home/travis/build/icyphy/ptII/ptolemy/actor/lib/test/TestExceptionHandler.tcl (RunTclFile)" time="0.01" />
  <testcase classname="ptolemy.util.test.junit.TclTests" name="[34] /home/travis/build/icyphy/ptII/ptolemy/actor/lib/test/UnionDisassembler.tcl (RunTclFile)" time="0.065" />
  <testcase classname="ptolemy.util.test.junit.TclTests" name="[35] /home/travis/build/icyphy/ptII/ptolemy/actor/lib/test/VariableClock.tcl (RunTclFile)" time="0.031" />
  <testcase classname="ptolemy.util.test.junit.AutoKnownFailedTests" name="[0] /home/travis/build/icyphy/ptII/ptolemy/actor/lib/test/auto/knownFailedTests/PublisherPortToplevelSubscriber.xml (RunModel)" time="0.017" />
  <testcase classname="ptolemy.util.test.junit.AutoKnownFailedTests" name="[1] /home/travis/build/icyphy/ptII/ptolemy/actor/lib/test/auto/knownFailedTests/PublisherSubscriberPortToplevel.xml (RunModel)" time="0.026" />
  <testcase classname="ptolemy.util.test.junit.AutoKnownFailedTests" name="[2] /home/travis/build/icyphy/ptII/ptolemy/actor/lib/test/auto/knownFailedTests/PublisherSubscriptionAggregatorPort.xml (RunModel)" time="0.026" />
  <testcase classname="ptolemy.util.test.junit.AutoKnownFailedTests" name="[3] /home/travis/build/icyphy/ptII/ptolemy/actor/lib/test/auto/knownFailedTests/sizedarray3.xml (RunModel)" time="0.044" />
  <testcase classname="ptolemy.util.test.junit.AutoNameArchTests" name="[0] ThereAreNoAutoArchTests (RunModel)" time="0.001" />
  <testcase classname="ptolemy.util.test.junit.AutoTests" name="[0] /home/travis/build/icyphy/ptII/ptolemy/actor/lib/test/auto/AbsoluteValue.xml (RunModel)" time="0.103" />
  <testcase classname="ptolemy.util.test.junit.AutoTests" name="[1] /home/travis/build/icyphy/ptII/ptolemy/actor/lib/test/auto/AbsoluteValue2.xml (RunModel)" time="0.077" />
  <testcase classname="ptolemy.util.test.junit.AutoTests" name="[2] /home/travis/build/icyphy/ptII/ptolemy/actor/lib/test/auto/Accumulator.xml (RunModel)" time="0.033" />
  <testcase classname="ptolemy.util.test.junit.AutoTests" name="[3] /home/travis/build/icyphy/ptII/ptolemy/actor/lib/test/auto/Accumulator2.xml (RunModel)" time="0.03" />
  <testcase classname="ptolemy.util.test.junit.AutoTests" name="[4] /home/travis/build/icyphy/ptII/ptolemy/actor/lib/test/auto/Accumulator3.xml (RunModel)" time="0.046" />
  <testcase classname="ptolemy.util.test.junit.AutoTests" name="[5] /home/travis/build/icyphy/ptII/ptolemy/actor/lib/test/auto/ArrayAppend.xml (RunModel)" time="0.027" />
  <testcase classname="ptolemy.util.test.junit.AutoTests" name="[6] /home/travis/build/icyphy/ptII/ptolemy/actor/lib/test/auto/ArrayAppend2.xml (RunModel)" time="0.411" />
  <testcase classname="ptolemy.util.test.junit.AutoTests" name="[7] /home/travis/build/icyphy/ptII/ptolemy/actor/lib/test/auto/ArrayAppend3.xml (RunModel)" time="0.032" />
  <testcase classname="ptolemy.util.test.junit.AutoTests" name="[8] /home/travis/build/icyphy/ptII/ptolemy/actor/lib/test/auto/ArrayAppend4.xml (RunModel)" time="0.028" />
  <testcase classname="ptolemy.util.test.junit.AutoTests" name="[9] /home/travis/build/icyphy/ptII/ptolemy/actor/lib/test/auto/ArrayAppend5.xml (RunModel)" time="0.038" />
  <testcase classname="ptolemy.util.test.junit.AutoTests" name="[10] /home/travis/build/icyphy/ptII/ptolemy/actor/lib/test/auto/ArrayAppend6.xml (RunModel)" time="0.037" />
  <testcase classname="ptolemy.util.test.junit.AutoTests" name="[11] /home/travis/build/icyphy/ptII/ptolemy/actor/lib/test/auto/ArrayAppendPerformanceTest.xml (RunModel)" time="0.047" />
  <testcase classname="ptolemy.util.test.junit.AutoTests" name="[12] /home/travis/build/icyphy/ptII/ptolemy/actor/lib/test/auto/ArrayAppendWithEmptyInput.xml (RunModel)" time="0.065" />
  <testcase classname="ptolemy.util.test.junit.AutoTests" name="[13] /home/travis/build/icyphy/ptII/ptolemy/actor/lib/test/auto/ArrayAverage.xml (RunModel)" time="0.058" />
  <testcase classname="ptolemy.util.test.junit.AutoTests" name="[14] /home/travis/build/icyphy/ptII/ptolemy/actor/lib/test/auto/ArrayContains.xml (RunModel)" time="0.046" />
  <testcase classname="ptolemy.util.test.junit.AutoTests" name="[15] /home/travis/build/icyphy/ptII/ptolemy/actor/lib/test/auto/ArrayElement.xml (RunModel)" time="0.039" />
  <testcase classname="ptolemy.util.test.junit.AutoTests" name="[16] /home/travis/build/icyphy/ptII/ptolemy/actor/lib/test/auto/ArrayElementAsMatrix.xml (RunModel)" time="0.043" />
  <testcase classname="ptolemy.util.test.junit.AutoTests" name="[17] /home/travis/build/icyphy/ptII/ptolemy/actor/lib/test/auto/ArrayElementI.xml (RunModel)" time="0.015" />
  <testcase classname="ptolemy.util.test.junit.AutoTests" name="[18] /home/travis/build/icyphy/ptII/ptolemy/actor/lib/test/auto/ArrayExtract.xml (RunModel)" time="0.043" />
  <testcase classname="ptolemy.util.test.junit.AutoTests" name="[19] /home/travis/build/icyphy/ptII/ptolemy/actor/lib/test/auto/ArrayExtract2.xml (RunModel)" time="0.025" />
  <testcase classname="ptolemy.util.test.junit.AutoTests" name="[20] /home/travis/build/icyphy/ptII/ptolemy/actor/lib/test/auto/ArrayLength.xml (RunModel)" time="0.027" />
  <testcase classname="ptolemy.util.test.junit.AutoTests" name="[21] /home/travis/build/icyphy/ptII/ptolemy/actor/lib/test/auto/ArrayLevelCrossing.xml (RunModel)" time="0.031" />
  <testcase classname="ptolemy.util.test.junit.AutoTests" name="[22] /home/travis/build/icyphy/ptII/ptolemy/actor/lib/test/auto/ArrayLevelCrossing2.xml (RunModel)" time="0.03" />
  <testcase classname="ptolemy.util.test.junit.AutoTests" name="[23] /home/travis/build/icyphy/ptII/ptolemy/actor/lib/test/auto/ArrayPeakSearch.xml (RunModel)" time="0.034" />
  <testcase classname="ptolemy.util.test.junit.AutoTests" name="[24] /home/travis/build/icyphy/ptII/ptolemy/actor/lib/test/auto/ArrayPeakSearch2.xml (RunModel)" time="0.037" />
  <testcase classname="ptolemy.util.test.junit.AutoTests" name="[25] /home/travis/build/icyphy/ptII/ptolemy/actor/lib/test/auto/ArrayPeakSearch3.xml (RunModel)" time="0.034" />
  <testcase classname="ptolemy.util.test.junit.AutoTests" name="[26] /home/travis/build/icyphy/ptII/ptolemy/actor/lib/test/auto/ArrayRemoveElement.xml (RunModel)" time="0.038" />
  <testcase classname="ptolemy.util.test.junit.AutoTests" name="[27] /home/travis/build/icyphy/ptII/ptolemy/actor/lib/test/auto/ArraySort.xml (RunModel)" time="0.034" />
  <testcase classname="ptolemy.util.test.junit.AutoTests" name="[28] /home/travis/build/icyphy/ptII/ptolemy/actor/lib/test/auto/ArraySum.xml (RunModel)" time="0.024" />
  <testcase classname="ptolemy.util.test.junit.AutoTests" name="[29] /home/travis/build/icyphy/ptII/ptolemy/actor/lib/test/auto/ArrayToElements.xml (RunModel)" time="0.03" />
  <testcase classname="ptolemy.util.test.junit.AutoTests" name="[30] /home/travis/build/icyphy/ptII/ptolemy/actor/lib/test/auto/ArrayToMatrix.xml (RunModel)" time="0.06" />
  <testcase classname="ptolemy.util.test.junit.AutoTests" name="[31] /home/travis/build/icyphy/ptII/ptolemy/actor/lib/test/auto/ArrayUpdate1.xml (RunModel)" time="0.018" />
  <testcase classname="ptolemy.util.test.junit.AutoTests" name="[32] /home/travis/build/icyphy/ptII/ptolemy/actor/lib/test/auto/ArrayUpdate2.xml (RunModel)" time="0.023" />
  <testcase classname="ptolemy.util.test.junit.AutoTests" name="[33] /home/travis/build/icyphy/ptII/ptolemy/actor/lib/test/auto/ArrayUpdate3.xml (RunModel)" time="0.017" />
  <testcase classname="ptolemy.util.test.junit.AutoTests" name="[34] /home/travis/build/icyphy/ptII/ptolemy/actor/lib/test/auto/Assert1.xml (RunModel)" time="0.025" />
  <testcase classname="ptolemy.util.test.junit.AutoTests" name="[35] /home/travis/build/icyphy/ptII/ptolemy/actor/lib/test/auto/Assert2.xml (RunModel)" time="0.023" />
  <testcase classname="ptolemy.util.test.junit.AutoTests" name="[36] /home/travis/build/icyphy/ptII/ptolemy/actor/lib/test/auto/BooleanMultiplexor.xml (RunModel)" time="0.03" />
  <testcase classname="ptolemy.util.test.junit.AutoTests" name="[37] /home/travis/build/icyphy/ptII/ptolemy/actor/lib/test/auto/BooleanMultiplexor2.xml (RunModel)" time="0.027" />
  <testcase classname="ptolemy.util.test.junit.AutoTests" name="[38] /home/travis/build/icyphy/ptII/ptolemy/actor/lib/test/auto/BooleanMultiplexor3.xml (RunModel)" time="0.026" />
  <testcase classname="ptolemy.util.test.junit.AutoTests" name="[39] /home/travis/build/icyphy/ptII/ptolemy/actor/lib/test/auto/BooleanSelect.xml (RunModel)" time="0.027" />
  <testcase classname="ptolemy.util.test.junit.AutoTests" name="[40] /home/travis/build/icyphy/ptII/ptolemy/actor/lib/test/auto/BooleanSelect2.xml (RunModel)" time="0.013" />
  <testcase classname="ptolemy.util.test.junit.AutoTests" name="[41] /home/travis/build/icyphy/ptII/ptolemy/actor/lib/test/auto/BooleanSwitch.xml (RunModel)" time="0.019" />
  <testcase classname="ptolemy.util.test.junit.AutoTests" name="[42] /home/travis/build/icyphy/ptII/ptolemy/actor/lib/test/auto/BooleanSwitch2.xml (RunModel)" time="0.014" />
  <testcase classname="ptolemy.util.test.junit.AutoTests" name="[43] /home/travis/build/icyphy/ptII/ptolemy/actor/lib/test/auto/BooleanSwitchCloningBugWithClassRelationGroup.xml (RunModel)" time="0.027" />
  <testcase classname="ptolemy.util.test.junit.AutoTests" name="[44] /home/travis/build/icyphy/ptII/ptolemy/actor/lib/test/auto/BusActors.xml (RunModel)" time="0.037" />
  <testcase classname="ptolemy.util.test.junit.AutoTests" name="[45] /home/travis/build/icyphy/ptII/ptolemy/actor/lib/test/auto/ClassWrapper.xml (RunModel)" time="0.069" />
  <testcase classname="ptolemy.util.test.junit.AutoTests" name="[46] /home/travis/build/icyphy/ptII/ptolemy/actor/lib/test/auto/Clock.xml (RunModel)" time="0.021" />
  <testcase classname="ptolemy.util.test.junit.AutoTests" name="[47] /home/travis/build/icyphy/ptII/ptolemy/actor/lib/test/auto/Clock10.xml (RunModel)" time="0.024" />
  <testcase classname="ptolemy.util.test.junit.AutoTests" name="[48] /home/travis/build/icyphy/ptII/ptolemy/actor/lib/test/auto/Clock11.xml (RunModel)" time="0.021" />
  <testcase classname="ptolemy.util.test.junit.AutoTests" name="[49] /home/travis/build/icyphy/ptII/ptolemy/actor/lib/test/auto/Clock12.xml (RunModel)" time="0.02" />
  <testcase classname="ptolemy.util.test.junit.AutoTests" name="[50] /home/travis/build/icyphy/ptII/ptolemy/actor/lib/test/auto/Clock13.xml (RunModel)" time="0.019" />
  <testcase classname="ptolemy.util.test.junit.AutoTests" name="[51] /home/travis/build/icyphy/ptII/ptolemy/actor/lib/test/auto/Clock14.xml (RunModel)" time="0.022" />
  <testcase classname="ptolemy.util.test.junit.AutoTests" name="[52] /home/travis/build/icyphy/ptII/ptolemy/actor/lib/test/auto/Clock15.xml (RunModel)" time="0.016" />
  <testcase classname="ptolemy.util.test.junit.AutoTests" name="[53] /home/travis/build/icyphy/ptII/ptolemy/actor/lib/test/auto/Clock16.xml (RunModel)" time="0.085" />
  <testcase classname="ptolemy.util.test.junit.AutoTests" name="[54] /home/travis/build/icyphy/ptII/ptolemy/actor/lib/test/auto/Clock17.xml (RunModel)" time="0.077" />
  <testcase classname="ptolemy.util.test.junit.AutoTests" name="[55] /home/travis/build/icyphy/ptII/ptolemy/actor/lib/test/auto/Clock18.xml (RunModel)" time="0.058" />
  <testcase classname="ptolemy.util.test.junit.AutoTests" name="[56] /home/travis/build/icyphy/ptII/ptolemy/actor/lib/test/auto/Clock19.xml (RunModel)" time="0.045" />
  <testcase classname="ptolemy.util.test.junit.AutoTests" name="[57] /home/travis/build/icyphy/ptII/ptolemy/actor/lib/test/auto/Clock2.xml (RunModel)" time="0.015" />
  <testcase classname="ptolemy.util.test.junit.AutoTests" name="[58] /home/travis/build/icyphy/ptII/ptolemy/actor/lib/test/auto/Clock20.xml (RunModel)" time="0.029" />
  <testcase classname="ptolemy.util.test.junit.AutoTests" name="[59] /home/travis/build/icyphy/ptII/ptolemy/actor/lib/test/auto/Clock21.xml (RunModel)" time="0.018" />
  <testcase classname="ptolemy.util.test.junit.AutoTests" name="[60] /home/travis/build/icyphy/ptII/ptolemy/actor/lib/test/auto/Clock22.xml (RunModel)" time="0.017" />
  <testcase classname="ptolemy.util.test.junit.AutoTests" name="[61] /home/travis/build/icyphy/ptII/ptolemy/actor/lib/test/auto/Clock23.xml (RunModel)" time="0.02" />
  <testcase classname="ptolemy.util.test.junit.AutoTests" name="[62] /home/travis/build/icyphy/ptII/ptolemy/actor/lib/test/auto/Clock24.xml (RunModel)" time="0.016" />
  <testcase classname="ptolemy.util.test.junit.AutoTests" name="[63] /home/travis/build/icyphy/ptII/ptolemy/actor/lib/test/auto/Clock4.xml (RunModel)" time="0.015" />
  <testcase classname="ptolemy.util.test.junit.AutoTests" name="[64] /home/travis/build/icyphy/ptII/ptolemy/actor/lib/test/auto/Clock5.xml (RunModel)" time="0.016" />
  <testcase classname="ptolemy.util.test.junit.AutoTests" name="[65] /home/travis/build/icyphy/ptII/ptolemy/actor/lib/test/auto/Clock6.xml (RunModel)" time="0.009" />
  <testcase classname="ptolemy.util.test.junit.AutoTests" name="[66] /home/travis/build/icyphy/ptII/ptolemy/actor/lib/test/auto/Clock7.xml (RunModel)" time="0.011" />
  <testcase classname="ptolemy.util.test.junit.AutoTests" name="[67] /home/travis/build/icyphy/ptII/ptolemy/actor/lib/test/auto/Clock8.xml (RunModel)" time="0.015" />
  <testcase classname="ptolemy.util.test.junit.AutoTests" name="[68] /home/travis/build/icyphy/ptII/ptolemy/actor/lib/test/auto/Clock9.xml (RunModel)" time="0.016" />
  <testcase classname="ptolemy.util.test.junit.AutoTests" name="[69] /home/travis/build/icyphy/ptII/ptolemy/actor/lib/test/auto/CommDistDiscard.xml (RunModel)" time="0.022" />
  <testcase classname="ptolemy.util.test.junit.AutoTests" name="[70] /home/travis/build/icyphy/ptII/ptolemy/actor/lib/test/auto/Commutator.xml (RunModel)" time="0.013" />
  <testcase classname="ptolemy.util.test.junit.AutoTests" name="[71] /home/travis/build/icyphy/ptII/ptolemy/actor/lib/test/auto/Commutator2.xml (RunModel)" time="0.011" />
  <testcase classname="ptolemy.util.test.junit.AutoTests" name="[72] /home/travis/build/icyphy/ptII/ptolemy/actor/lib/test/auto/Commutator3.xml (RunModel)" time="0.013" />
  <testcase classname="ptolemy.util.test.junit.AutoTests" name="[73] /home/travis/build/icyphy/ptII/ptolemy/actor/lib/test/auto/Compare.xml (RunModel)" time="0.019" />
  <testcase classname="ptolemy.util.test.junit.AutoTests" name="[74] /home/travis/build/icyphy/ptII/ptolemy/actor/lib/test/auto/CompareDE.xml (RunModel)" time="0.019" />
  <testcase classname="ptolemy.util.test.junit.AutoTests" name="[75] /home/travis/build/icyphy/ptII/ptolemy/actor/lib/test/auto/ComplexDivide.xml (RunModel)" time="0.008" />
  <testcase classname="ptolemy.util.test.junit.AutoTests" name="[76] /home/travis/build/icyphy/ptII/ptolemy/actor/lib/test/auto/ComputeHistogram.xml (RunModel)" time="0.08" />
  <testcase classname="ptolemy.util.test.junit.AutoTests" name="[77] /home/travis/build/icyphy/ptII/ptolemy/actor/lib/test/auto/ConfigurationSelect.xml (RunModel)" time="0.019" />
  <testcase classname="ptolemy.util.test.junit.AutoTests" name="[78] /home/travis/build/icyphy/ptII/ptolemy/actor/lib/test/auto/ConfigurationSelect2.xml (RunModel)" time="0.017" />
  <testcase classname="ptolemy.util.test.junit.AutoTests" name="[79] /home/travis/build/icyphy/ptII/ptolemy/actor/lib/test/auto/ConfigurationSwitch.xml (RunModel)" time="0.023" />
  <testcase classname="ptolemy.util.test.junit.AutoTests" name="[80] /home/travis/build/icyphy/ptII/ptolemy/actor/lib/test/auto/ConfigurationSwitch2.xml (RunModel)" time="0.017" />
  <testcase classname="ptolemy.util.test.junit.AutoTests" name="[81] /home/travis/build/icyphy/ptII/ptolemy/actor/lib/test/auto/ConfigurationSwitchCloningBugWithClassRelationGroup.xml (RunModel)" time="0.016" />
  <testcase classname="ptolemy.util.test.junit.AutoTests" name="[82] /home/travis/build/icyphy/ptII/ptolemy/actor/lib/test/auto/ConfigurationSwitchSelectSDF.xml (RunModel)" time="0.013" />
  <testcase classname="ptolemy.util.test.junit.AutoTests" name="[83] /home/travis/build/icyphy/ptII/ptolemy/actor/lib/test/auto/ConfigurationSwitchSelectSDF2.xml (RunModel)" time="0.015" />
  <testcase classname="ptolemy.util.test.junit.AutoTests" name="[84] /home/travis/build/icyphy/ptII/ptolemy/actor/lib/test/auto/Const.xml (RunModel)" time="0.008" />
  <testcase classname="ptolemy.util.test.junit.AutoTests" name="[85] /home/travis/build/icyphy/ptII/ptolemy/actor/lib/test/auto/Const2.xml (RunModel)" time="0.01" />
  <testcase classname="ptolemy.util.test.junit.AutoTests" name="[86] /home/travis/build/icyphy/ptII/ptolemy/actor/lib/test/auto/Const3.xml (RunModel)" time="0.007" />
  <testcase classname="ptolemy.util.test.junit.AutoTests" name="[87] /home/travis/build/icyphy/ptII/ptolemy/actor/lib/test/auto/ConstantPublisherPort1.xml (RunModel)" time="0.022" />
  <testcase classname="ptolemy.util.test.junit.AutoTests" name="[88] /home/travis/build/icyphy/ptII/ptolemy/actor/lib/test/auto/ConstantPublisherPort2.xml (RunModel)" time="0.02" />
  <testcase classname="ptolemy.util.test.junit.AutoTests" name="[89] /home/travis/build/icyphy/ptII/ptolemy/actor/lib/test/auto/ConstantPublisherPort3.xml (RunModel)" time="0.019" />
  <testcase classname="ptolemy.util.test.junit.AutoTests" name="[90] /home/travis/build/icyphy/ptII/ptolemy/actor/lib/test/auto/ConstantPublisherPort4.xml (RunModel)" time="0.018" />
  <testcase classname="ptolemy.util.test.junit.AutoTests" name="[91] /home/travis/build/icyphy/ptII/ptolemy/actor/lib/test/auto/ConstantPublisherPort5.xml (RunModel)" time="0.035" />
  <testcase classname="ptolemy.util.test.junit.AutoTests" name="[92] /home/travis/build/icyphy/ptII/ptolemy/actor/lib/test/auto/ConstantPublisherPort6.xml (RunModel)" time="0.03" />
  <testcase classname="ptolemy.util.test.junit.AutoTests" name="[93] /home/travis/build/icyphy/ptII/ptolemy/actor/lib/test/auto/ConstantPublisherPort7.xml (RunModel)" time="0.031" />
  <testcase classname="ptolemy.util.test.junit.AutoTests" name="[94] /home/travis/build/icyphy/ptII/ptolemy/actor/lib/test/auto/ConstraintMonitor1.xml (RunModel)" time="0.034" />
  <testcase classname="ptolemy.util.test.junit.AutoTests" name="[95] /home/travis/build/icyphy/ptII/ptolemy/actor/lib/test/auto/ConstraintMonitor2.xml (RunModel)" time="0.016" />
  <testcase classname="ptolemy.util.test.junit.AutoTests" name="[96] /home/travis/build/icyphy/ptII/ptolemy/actor/lib/test/auto/ConstraintMonitor3.xml (RunModel)" time="0.016" />
  <testcase classname="ptolemy.util.test.junit.AutoTests" name="[97] /home/travis/build/icyphy/ptII/ptolemy/actor/lib/test/auto/ConstraintMonitor4.xml (RunModel)" time="0.02" />
  <testcase classname="ptolemy.util.test.junit.AutoTests" name="[98] /home/travis/build/icyphy/ptII/ptolemy/actor/lib/test/auto/ConstraintMonitor5.xml (RunModel)" time="0.017" />
  <testcase classname="ptolemy.util.test.junit.AutoTests" name="[99] /home/travis/build/icyphy/ptII/ptolemy/actor/lib/test/auto/ConstraintMonitor6.xml (RunModel)" time="0.047" />
  <testcase classname="ptolemy.util.test.junit.AutoTests" name="[100] /home/travis/build/icyphy/ptII/ptolemy/actor/lib/test/auto/ConstraintMonitor7.xml (RunModel)" time="0.019" />
  <testcase classname="ptolemy.util.test.junit.AutoTests" name="[101] /home/travis/build/icyphy/ptII/ptolemy/actor/lib/test/auto/ConstraintMonitor8.xml (RunModel)" time="0.02" />
  <testcase classname="ptolemy.util.test.junit.AutoTests" name="[102] /home/travis/build/icyphy/ptII/ptolemy/actor/lib/test/auto/Counter.xml (RunModel)" time="0.012" />
  <testcase classname="ptolemy.util.test.junit.AutoTests" name="[103] /home/travis/build/icyphy/ptII/ptolemy/actor/lib/test/auto/CurrentTimeSDF.xml (RunModel)" time="0.009" />
  <testcase classname="ptolemy.util.test.junit.AutoTests" name="[104] /home/travis/build/icyphy/ptII/ptolemy/actor/lib/test/auto/DB.xml (RunModel)" time="0.012" />
  <testcase classname="ptolemy.util.test.junit.AutoTests" name="[105] /home/travis/build/icyphy/ptII/ptolemy/actor/lib/test/auto/DBDE.xml (RunModel)" time="0.013" />
  <testcase classname="ptolemy.util.test.junit.AutoTests" name="[106] /home/travis/build/icyphy/ptII/ptolemy/actor/lib/test/auto/DateConstructor.xml (RunModel)" time="0.047" />
  <testcase classname="ptolemy.util.test.junit.AutoTests" name="[107] /home/travis/build/icyphy/ptII/ptolemy/actor/lib/test/auto/DelayTime.xml (RunModel)" time="0.014" />
  <testcase classname="ptolemy.util.test.junit.AutoTests" name="[108] /home/travis/build/icyphy/ptII/ptolemy/actor/lib/test/auto/Dictionary1.xml (RunModel)" time="0.015" />
  <testcase classname="ptolemy.util.test.junit.AutoTests" name="[109] /home/travis/build/icyphy/ptII/ptolemy/actor/lib/test/auto/Dictionary2.xml (RunModel)" time="0.014" />
  <testcase classname="ptolemy.util.test.junit.AutoTests" name="[110] /home/travis/build/icyphy/ptII/ptolemy/actor/lib/test/auto/Dictionary3.xml (RunModel)" time="0.012" />
  <testcase classname="ptolemy.util.test.junit.AutoTests" name="[111] /home/travis/build/icyphy/ptII/ptolemy/actor/lib/test/auto/Dictionary4.xml (RunModel)" time="0.016" />
  <testcase classname="ptolemy.util.test.junit.AutoTests" name="[112] /home/travis/build/icyphy/ptII/ptolemy/actor/lib/test/auto/Differential.xml (RunModel)" time="0.011" />
  <testcase classname="ptolemy.util.test.junit.AutoTests" name="[113] /home/travis/build/icyphy/ptII/ptolemy/actor/lib/test/auto/Director.xml (RunModel)" time="0.009" />
  <testcase classname="ptolemy.util.test.junit.AutoTests" name="[114] /home/travis/build/icyphy/ptII/ptolemy/actor/lib/test/auto/DiscreteClock.xml (RunModel)" time="0.008" />
  <testcase classname="ptolemy.util.test.junit.AutoTests" name="[115] /home/travis/build/icyphy/ptII/ptolemy/actor/lib/test/auto/DiscreteClock10.xml (RunModel)" time="0.013" />
  <testcase classname="ptolemy.util.test.junit.AutoTests" name="[116] /home/travis/build/icyphy/ptII/ptolemy/actor/lib/test/auto/DiscreteClock11.xml (RunModel)" time="0.012" />
  <testcase classname="ptolemy.util.test.junit.AutoTests" name="[117] /home/travis/build/icyphy/ptII/ptolemy/actor/lib/test/auto/DiscreteClock12.xml (RunModel)" time="0.012" />
  <testcase classname="ptolemy.util.test.junit.AutoTests" name="[118] /home/travis/build/icyphy/ptII/ptolemy/actor/lib/test/auto/DiscreteClock13.xml (RunModel)" time="0.016" />
  <testcase classname="ptolemy.util.test.junit.AutoTests" name="[119] /home/travis/build/icyphy/ptII/ptolemy/actor/lib/test/auto/DiscreteClock14.xml (RunModel)" time="0.017" />
  <testcase classname="ptolemy.util.test.junit.AutoTests" name="[120] /home/travis/build/icyphy/ptII/ptolemy/actor/lib/test/auto/DiscreteClock15.xml (RunModel)" time="0.017" />
  <testcase classname="ptolemy.util.test.junit.AutoTests" name="[121] /home/travis/build/icyphy/ptII/ptolemy/actor/lib/test/auto/DiscreteClock16.xml (RunModel)" time="0.04" />
  <testcase classname="ptolemy.util.test.junit.AutoTests" name="[122] /home/travis/build/icyphy/ptII/ptolemy/actor/lib/test/auto/DiscreteClock17.xml (RunModel)" time="0.042" />
  <testcase classname="ptolemy.util.test.junit.AutoTests" name="[123] /home/travis/build/icyphy/ptII/ptolemy/actor/lib/test/auto/DiscreteClock18.xml (RunModel)" time="0.709" />
  <testcase classname="ptolemy.util.test.junit.AutoTests" name="[124] /home/travis/build/icyphy/ptII/ptolemy/actor/lib/test/auto/DiscreteClock19.xml (RunModel)" time="0.039" />
  <testcase classname="ptolemy.util.test.junit.AutoTests" name="[125] /home/travis/build/icyphy/ptII/ptolemy/actor/lib/test/auto/DiscreteClock2.xml (RunModel)" time="0.009" />
  <testcase classname="ptolemy.util.test.junit.AutoTests" name="[126] /home/travis/build/icyphy/ptII/ptolemy/actor/lib/test/auto/DiscreteClock20.xml (RunModel)" time="0.016" />
  <testcase classname="ptolemy.util.test.junit.AutoTests" name="[127] /home/travis/build/icyphy/ptII/ptolemy/actor/lib/test/auto/DiscreteClock21.xml (RunModel)" time="0.016" />
  <testcase classname="ptolemy.util.test.junit.AutoTests" name="[128] /home/travis/build/icyphy/ptII/ptolemy/actor/lib/test/auto/DiscreteClock22.xml (RunModel)" time="0.015" />
  <testcase classname="ptolemy.util.test.junit.AutoTests" name="[129] /home/travis/build/icyphy/ptII/ptolemy/actor/lib/test/auto/DiscreteClock23.xml (RunModel)" time="0.015" />
  <testcase classname="ptolemy.util.test.junit.AutoTests" name="[130] /home/travis/build/icyphy/ptII/ptolemy/actor/lib/test/auto/DiscreteClock24.xml (RunModel)" time="0.015" />
  <testcase classname="ptolemy.util.test.junit.AutoTests" name="[131] /home/travis/build/icyphy/ptII/ptolemy/actor/lib/test/auto/DiscreteClock4.xml (RunModel)" time="0.01" />
  <testcase classname="ptolemy.util.test.junit.AutoTests" name="[132] /home/travis/build/icyphy/ptII/ptolemy/actor/lib/test/auto/DiscreteClock5.xml (RunModel)" time="0.009" />
  <testcase classname="ptolemy.util.test.junit.AutoTests" name="[133] /home/travis/build/icyphy/ptII/ptolemy/actor/lib/test/auto/DiscreteClock6.xml (RunModel)" time="0.007" />
  <testcase classname="ptolemy.util.test.junit.AutoTests" name="[134] /home/travis/build/icyphy/ptII/ptolemy/actor/lib/test/auto/DiscreteClock7.xml (RunModel)" time="0.009" />
  <testcase classname="ptolemy.util.test.junit.AutoTests" name="[135] /home/travis/build/icyphy/ptII/ptolemy/actor/lib/test/auto/DiscreteClock8.xml (RunModel)" time="0.011" />
  <testcase classname="ptolemy.util.test.junit.AutoTests" name="[136] /home/travis/build/icyphy/ptII/ptolemy/actor/lib/test/auto/DiscreteClock9.xml (RunModel)" time="0.015" />
  <testcase classname="ptolemy.util.test.junit.AutoTests" name="[137] /home/travis/build/icyphy/ptII/ptolemy/actor/lib/test/auto/DisplayArray.xml (RunModel)" time="0.008" />
  <testcase classname="ptolemy.util.test.junit.AutoTests" name="[138] /home/travis/build/icyphy/ptII/ptolemy/actor/lib/test/auto/Distributor.xml (RunModel)" time="0.009" />
  <testcase classname="ptolemy.util.test.junit.AutoTests" name="[139] /home/travis/build/icyphy/ptII/ptolemy/actor/lib/test/auto/Distributor2.xml (RunModel)" time="0.008" />
  <testcase classname="ptolemy.util.test.junit.AutoTests" name="[140] /home/travis/build/icyphy/ptII/ptolemy/actor/lib/test/auto/DownSample.xml (RunModel)" time="0.01" />
  <testcase classname="ptolemy.util.test.junit.AutoTests" name="[141] /home/travis/build/icyphy/ptII/ptolemy/actor/lib/test/auto/ElectronicUnitBase1.xml (RunModel)" time="0.081" />
  <testcase classname="ptolemy.util.test.junit.AutoTests" name="[142] /home/travis/build/icyphy/ptII/ptolemy/actor/lib/test/auto/ElementsToArray.xml (RunModel)" time="0.011" />
  <testcase classname="ptolemy.util.test.junit.AutoTests" name="[143] /home/travis/build/icyphy/ptII/ptolemy/actor/lib/test/auto/Equals.xml (RunModel)" time="0.017" />
  <testcase classname="ptolemy.util.test.junit.AutoTests" name="[144] /home/travis/build/icyphy/ptII/ptolemy/actor/lib/test/auto/Exec.xml (RunModel)" time="0.019" />
  <testcase classname="ptolemy.util.test.junit.AutoTests" name="[145] /home/travis/build/icyphy/ptII/ptolemy/actor/lib/test/auto/ExecEnvironment.xml (RunModel)" time="0.037" />
  <testcase classname="ptolemy.util.test.junit.AutoTests" name="[146] /home/travis/build/icyphy/ptII/ptolemy/actor/lib/test/auto/ExecNonZeroReturnOutput.xml (RunModel)" time="0.145" />
  <testcase classname="ptolemy.util.test.junit.AutoTests" name="[147] /home/travis/build/icyphy/ptII/ptolemy/actor/lib/test/auto/ExecRunDemos.xml (RunModel)" time="9.45" />
  <testcase classname="ptolemy.util.test.junit.AutoTests" name="[148] /home/travis/build/icyphy/ptII/ptolemy/actor/lib/test/auto/ExecStop.xml (RunModel)" time="5.033" />
  <testcase classname="ptolemy.util.test.junit.AutoTests" name="[149] /home/travis/build/icyphy/ptII/ptolemy/actor/lib/test/auto/ExecutionTimePN.xml (RunModel)" time="2.051">
    <error type="java.lang.reflect.InvocationTargetException">java.lang.reflect.InvocationTargetException
	at java.lang.reflect.Constructor.newInstance(Constructor.java:423)
	at ptolemy.util.test.junit.AutoTests.RunModel(AutoTests.java:192)
	at junitparams.internal.InvokeParameterisedMethod.evaluate(InvokeParameterisedMethod.java:102)
Caused by: ptolemy.kernel.util.IllegalActionException: The test produced only 0 tokens, yet the correctValues parameter was expecting 1 tokens.
  in .ExecutionTimePN.NonStrictTest
	at ptolemy.actor.lib.NonStrictTest.wrapup(NonStrictTest.java:410)
	at ptolemy.actor.process.ProcessThread.wrapup(ProcessThread.java:304)
	at ptolemy.actor.process.ProcessThread.run(ProcessThread.java:231)
</error>
  </testcase>
  <testcase classname="ptolemy.util.test.junit.AutoTests" name="[150] /home/travis/build/icyphy/ptII/ptolemy/actor/lib/test/auto/ExecutionTimeSDF.xml (RunModel)" time="6.041" />
  <testcase classname="ptolemy.util.test.junit.AutoTests" name="[151] /home/travis/build/icyphy/ptII/ptolemy/actor/lib/test/auto/Expression1.xml (RunModel)" time="0.013" />
  <testcase classname="ptolemy.util.test.junit.AutoTests" name="[152] /home/travis/build/icyphy/ptII/ptolemy/actor/lib/test/auto/Expression10.xml (RunModel)" time="0.032" />
  <testcase classname="ptolemy.util.test.junit.AutoTests" name="[153] /home/travis/build/icyphy/ptII/ptolemy/actor/lib/test/auto/Expression11.xml (RunModel)" time="0.012" />
  <testcase classname="ptolemy.util.test.junit.AutoTests" name="[154] /home/travis/build/icyphy/ptII/ptolemy/actor/lib/test/auto/Expression12.xml (RunModel)" time="0.015" />
  <testcase classname="ptolemy.util.test.junit.AutoTests" name="[155] /home/travis/build/icyphy/ptII/ptolemy/actor/lib/test/auto/Expression13.xml (RunModel)" time="0.014" />
  <testcase classname="ptolemy.util.test.junit.AutoTests" name="[156] /home/travis/build/icyphy/ptII/ptolemy/actor/lib/test/auto/Expression14.xml (RunModel)" time="0.018" />
  <testcase classname="ptolemy.util.test.junit.AutoTests" name="[157] /home/travis/build/icyphy/ptII/ptolemy/actor/lib/test/auto/Expression15.xml (RunModel)" time="0.012" />
  <testcase classname="ptolemy.util.test.junit.AutoTests" name="[158] /home/travis/build/icyphy/ptII/ptolemy/actor/lib/test/auto/Expression16.xml (RunModel)" time="0.014" />
  <testcase classname="ptolemy.util.test.junit.AutoTests" name="[159] /home/travis/build/icyphy/ptII/ptolemy/actor/lib/test/auto/Expression17.xml (RunModel)" time="0.012" />
  <testcase classname="ptolemy.util.test.junit.AutoTests" name="[160] /home/travis/build/icyphy/ptII/ptolemy/actor/lib/test/auto/Expression18.xml (RunModel)" time="0.015" />
  <testcase classname="ptolemy.util.test.junit.AutoTests" name="[161] /home/travis/build/icyphy/ptII/ptolemy/actor/lib/test/auto/Expression2.xml (RunModel)" time="0.014" />
  <testcase classname="ptolemy.util.test.junit.AutoTests" name="[162] /home/travis/build/icyphy/ptII/ptolemy/actor/lib/test/auto/Expression3.xml (RunModel)" time="0.019" />
  <testcase classname="ptolemy.util.test.junit.AutoTests" name="[163] /home/travis/build/icyphy/ptII/ptolemy/actor/lib/test/auto/Expression4.xml (RunModel)" time="0.023" />
  <testcase classname="ptolemy.util.test.junit.AutoTests" name="[164] /home/travis/build/icyphy/ptII/ptolemy/actor/lib/test/auto/Expression5.xml (RunModel)" time="0.014" />
  <testcase classname="ptolemy.util.test.junit.AutoTests" name="[165] /home/travis/build/icyphy/ptII/ptolemy/actor/lib/test/auto/Expression6.xml (RunModel)" time="0.011" />
  <testcase classname="ptolemy.util.test.junit.AutoTests" name="[166] /home/travis/build/icyphy/ptII/ptolemy/actor/lib/test/auto/Expression7.xml (RunModel)" time="0.012" />
  <testcase classname="ptolemy.util.test.junit.AutoTests" name="[167] /home/travis/build/icyphy/ptII/ptolemy/actor/lib/test/auto/Expression8.xml (RunModel)" time="0.013" />
  <testcase classname="ptolemy.util.test.junit.AutoTests" name="[168] /home/travis/build/icyphy/ptII/ptolemy/actor/lib/test/auto/Expression9.xml (RunModel)" time="0.01" />
  <testcase classname="ptolemy.util.test.junit.AutoTests" name="[169] /home/travis/build/icyphy/ptII/ptolemy/actor/lib/test/auto/ExpressionConcatenateArrayType.xml (RunModel)" time="0.026" />
  <testcase classname="ptolemy.util.test.junit.AutoTests" name="[170] /home/travis/build/icyphy/ptII/ptolemy/actor/lib/test/auto/ExpressionConcatenateArrayType2.xml (RunModel)" time="0.018" />
  <testcase classname="ptolemy.util.test.junit.AutoTests" name="[171] /home/travis/build/icyphy/ptII/ptolemy/actor/lib/test/auto/ExpressionFix.xml (RunModel)" time="0.029" />
  <testcase classname="ptolemy.util.test.junit.AutoTests" name="[172] /home/travis/build/icyphy/ptII/ptolemy/actor/lib/test/auto/ExpressionFix2.xml (RunModel)" time="0.01" />
  <testcase classname="ptolemy.util.test.junit.AutoTests" name="[173] /home/travis/build/icyphy/ptII/ptolemy/actor/lib/test/auto/ExpressionFix3.xml (RunModel)" time="0.014" />
  <testcase classname="ptolemy.util.test.junit.AutoTests" name="[174] /home/travis/build/icyphy/ptII/ptolemy/actor/lib/test/auto/FileWriter1.xml (RunModel)" time="0.019" />
  <testcase classname="ptolemy.util.test.junit.AutoTests" name="[175] /home/travis/build/icyphy/ptII/ptolemy/actor/lib/test/auto/FileWriter2.xml (RunModel)" time="0.009" />
  <testcase classname="ptolemy.util.test.junit.AutoTests" name="[176] /home/travis/build/icyphy/ptII/ptolemy/actor/lib/test/auto/FileWriter3.xml (RunModel)" time="0.016" />
  <testcase classname="ptolemy.util.test.junit.AutoTests" name="[177] /home/travis/build/icyphy/ptII/ptolemy/actor/lib/test/auto/Gaussian.xml (RunModel)" time="0.01" />
  <testcase classname="ptolemy.util.test.junit.AutoTests" name="[178] /home/travis/build/icyphy/ptII/ptolemy/actor/lib/test/auto/Gaussian1.xml (RunModel)" time="0.013" />
  <testcase classname="ptolemy.util.test.junit.AutoTests" name="[179] /home/travis/build/icyphy/ptII/ptolemy/actor/lib/test/auto/Gaussian2.xml (RunModel)" time="0.015" />
  <testcase classname="ptolemy.util.test.junit.AutoTests" name="[180] /home/travis/build/icyphy/ptII/ptolemy/actor/lib/test/auto/GradientAdaptiveLattice.xml (RunModel)" time="0.014" />
  <testcase classname="ptolemy.util.test.junit.AutoTests" name="[181] /home/travis/build/icyphy/ptII/ptolemy/actor/lib/test/auto/IIR.xml (RunModel)" time="0.01" />
  <testcase classname="ptolemy.util.test.junit.AutoTests" name="[182] /home/travis/build/icyphy/ptII/ptolemy/actor/lib/test/auto/InputOutputTransparentPorts.xml (RunModel)" time="0.019" />
  <testcase classname="ptolemy.util.test.junit.AutoTests" name="[183] /home/travis/build/icyphy/ptII/ptolemy/actor/lib/test/auto/Interpolator.xml (RunModel)" time="0.011" />
  <testcase classname="ptolemy.util.test.junit.AutoTests" name="[184] /home/travis/build/icyphy/ptII/ptolemy/actor/lib/test/auto/InterpolatorFiringLimitDE.xml (RunModel)" time="0.014" />
  <testcase classname="ptolemy.util.test.junit.AutoTests" name="[185] /home/travis/build/icyphy/ptII/ptolemy/actor/lib/test/auto/Lattice.xml (RunModel)" time="0.008" />
  <testcase classname="ptolemy.util.test.junit.AutoTests" name="[186] /home/travis/build/icyphy/ptII/ptolemy/actor/lib/test/auto/LazyAOCTestLazy.xml (RunModel)" time="0.021" />
  <testcase classname="ptolemy.util.test.junit.AutoTests" name="[187] /home/travis/build/icyphy/ptII/ptolemy/actor/lib/test/auto/LazyAOCTestNonLazy.xml (RunModel)" time="0.018" />
  <testcase classname="ptolemy.util.test.junit.AutoTests" name="[188] /home/travis/build/icyphy/ptII/ptolemy/actor/lib/test/auto/LazyInnerClass.xml (RunModel)" time="0.019" />
  <testcase classname="ptolemy.util.test.junit.AutoTests" name="[189] /home/travis/build/icyphy/ptII/ptolemy/actor/lib/test/auto/LazyPubSub.xml (RunModel)" time="0.028" />
  <testcase classname="ptolemy.util.test.junit.AutoTests" name="[190] /home/travis/build/icyphy/ptII/ptolemy/actor/lib/test/auto/LazyPubSub2.xml (RunModel)" time="0.029" />
  <testcase classname="ptolemy.util.test.junit.AutoTests" name="[191] /home/travis/build/icyphy/ptII/ptolemy/actor/lib/test/auto/LazyPubSub3.xml (RunModel)" time="0.028" />
  <testcase classname="ptolemy.util.test.junit.AutoTests" name="[192] /home/travis/build/icyphy/ptII/ptolemy/actor/lib/test/auto/LazySubClassModel.xml (RunModel)" time="0.02" />
  <testcase classname="ptolemy.util.test.junit.AutoTests" name="[193] /home/travis/build/icyphy/ptII/ptolemy/actor/lib/test/auto/LevelCrossTest1.xml (RunModel)" time="0.034" />
  <testcase classname="ptolemy.util.test.junit.AutoTests" name="[194] /home/travis/build/icyphy/ptII/ptolemy/actor/lib/test/auto/LevelCrossTest10.xml (RunModel)" time="0.049" />
  <testcase classname="ptolemy.util.test.junit.AutoTests" name="[195] /home/travis/build/icyphy/ptII/ptolemy/actor/lib/test/auto/LevelCrossTest11.xml (RunModel)" time="0.031" />
  <testcase classname="ptolemy.util.test.junit.AutoTests" name="[196] /home/travis/build/icyphy/ptII/ptolemy/actor/lib/test/auto/LevelCrossTest12.xml (RunModel)" time="0.016" />
  <testcase classname="ptolemy.util.test.junit.AutoTests" name="[197] /home/travis/build/icyphy/ptII/ptolemy/actor/lib/test/auto/LevelCrossTest13.xml (RunModel)" time="0.014" />
  <testcase classname="ptolemy.util.test.junit.AutoTests" name="[198] /home/travis/build/icyphy/ptII/ptolemy/actor/lib/test/auto/LevelCrossTest2.xml (RunModel)" time="0.011" />
  <testcase classname="ptolemy.util.test.junit.AutoTests" name="[199] /home/travis/build/icyphy/ptII/ptolemy/actor/lib/test/auto/LevelCrossTest3.xml (RunModel)" time="0.012" />
  <testcase classname="ptolemy.util.test.junit.AutoTests" name="[200] /home/travis/build/icyphy/ptII/ptolemy/actor/lib/test/auto/LevelCrossTest4.xml (RunModel)" time="0.016" />
  <testcase classname="ptolemy.util.test.junit.AutoTests" name="[201] /home/travis/build/icyphy/ptII/ptolemy/actor/lib/test/auto/LevelCrossTest5.xml (RunModel)" time="0.023" />
  <testcase classname="ptolemy.util.test.junit.AutoTests" name="[202] /home/travis/build/icyphy/ptII/ptolemy/actor/lib/test/auto/LevelCrossTest6.xml (RunModel)" time="0.015" />
  <testcase classname="ptolemy.util.test.junit.AutoTests" name="[203] /home/travis/build/icyphy/ptII/ptolemy/actor/lib/test/auto/LevelCrossTest7.xml (RunModel)" time="0.014" />
  <testcase classname="ptolemy.util.test.junit.AutoTests" name="[204] /home/travis/build/icyphy/ptII/ptolemy/actor/lib/test/auto/LevelCrossTest8.xml (RunModel)" time="0.016" />
  <testcase classname="ptolemy.util.test.junit.AutoTests" name="[205] /home/travis/build/icyphy/ptII/ptolemy/actor/lib/test/auto/LevelCrossTest9.xml (RunModel)" time="0.015" />
  <testcase classname="ptolemy.util.test.junit.AutoTests" name="[206] /home/travis/build/icyphy/ptII/ptolemy/actor/lib/test/auto/LevinsonDurbin.xml (RunModel)" time="0.011" />
  <testcase classname="ptolemy.util.test.junit.AutoTests" name="[207] /home/travis/build/icyphy/ptII/ptolemy/actor/lib/test/auto/LevinsonDurbin2.xml (RunModel)" time="0.007" />
  <testcase classname="ptolemy.util.test.junit.AutoTests" name="[208] /home/travis/build/icyphy/ptII/ptolemy/actor/lib/test/auto/LevinsonDurbin3.xml (RunModel)" time="0.008" />
  <testcase classname="ptolemy.util.test.junit.AutoTests" name="[209] /home/travis/build/icyphy/ptII/ptolemy/actor/lib/test/auto/Limiter.xml (RunModel)" time="0.036" />
  <testcase classname="ptolemy.util.test.junit.AutoTests" name="[210] /home/travis/build/icyphy/ptII/ptolemy/actor/lib/test/auto/LinearDifferenceEquationSystem.xml (RunModel)" time="0.026" />
  <testcase classname="ptolemy.util.test.junit.AutoTests" name="[211] /home/travis/build/icyphy/ptII/ptolemy/actor/lib/test/auto/LookupTable.xml (RunModel)" time="0.01" />
  <testcase classname="ptolemy.util.test.junit.AutoTests" name="[212] /home/travis/build/icyphy/ptII/ptolemy/actor/lib/test/auto/MathFunction.xml (RunModel)" time="0.024" />
  <testcase classname="ptolemy.util.test.junit.AutoTests" name="[213] /home/travis/build/icyphy/ptII/ptolemy/actor/lib/test/auto/MathFunction2.xml (RunModel)" time="0.009" />
  <testcase classname="ptolemy.util.test.junit.AutoTests" name="[214] /home/travis/build/icyphy/ptII/ptolemy/actor/lib/test/auto/MathFunction3.xml (RunModel)" time="0.027" />
  <testcase classname="ptolemy.util.test.junit.AutoTests" name="[215] /home/travis/build/icyphy/ptII/ptolemy/actor/lib/test/auto/MatrixCropBoolean.xml (RunModel)" time="0.023" />
  <testcase classname="ptolemy.util.test.junit.AutoTests" name="[216] /home/travis/build/icyphy/ptII/ptolemy/actor/lib/test/auto/MatrixCropComplex.xml (RunModel)" time="0.012" />
  <testcase classname="ptolemy.util.test.junit.AutoTests" name="[217] /home/travis/build/icyphy/ptII/ptolemy/actor/lib/test/auto/MatrixCropDouble.xml (RunModel)" time="0.009" />
  <testcase classname="ptolemy.util.test.junit.AutoTests" name="[218] /home/travis/build/icyphy/ptII/ptolemy/actor/lib/test/auto/MatrixCropFix.xml (RunModel)" time="0.012" />
  <testcase classname="ptolemy.util.test.junit.AutoTests" name="[219] /home/travis/build/icyphy/ptII/ptolemy/actor/lib/test/auto/MatrixCropInt.xml (RunModel)" time="0.01" />
  <testcase classname="ptolemy.util.test.junit.AutoTests" name="[220] /home/travis/build/icyphy/ptII/ptolemy/actor/lib/test/auto/MatrixCropLong.xml (RunModel)" time="0.008" />
  <testcase classname="ptolemy.util.test.junit.AutoTests" name="[221] /home/travis/build/icyphy/ptII/ptolemy/actor/lib/test/auto/MatrixToArray.xml (RunModel)" time="0.063" />
  <testcase classname="ptolemy.util.test.junit.AutoTests" name="[222] /home/travis/build/icyphy/ptII/ptolemy/actor/lib/test/auto/MaxIndex.xml (RunModel)" time="0.011" />
  <testcase classname="ptolemy.util.test.junit.AutoTests" name="[223] /home/travis/build/icyphy/ptII/ptolemy/actor/lib/test/auto/Maximum.xml (RunModel)" time="0.017" />
  <testcase classname="ptolemy.util.test.junit.AutoTests" name="[224] /home/travis/build/icyphy/ptII/ptolemy/actor/lib/test/auto/MaximumComplex.xml (RunModel)" time="0.017" />
  <testcase classname="ptolemy.util.test.junit.AutoTests" name="[225] /home/travis/build/icyphy/ptII/ptolemy/actor/lib/test/auto/MethodCallTest.xml (RunModel)" time="0.024" />
  <testcase classname="ptolemy.util.test.junit.AutoTests" name="[226] /home/travis/build/icyphy/ptII/ptolemy/actor/lib/test/auto/Minimum.xml (RunModel)" time="0.014" />
  <testcase classname="ptolemy.util.test.junit.AutoTests" name="[227] /home/travis/build/icyphy/ptII/ptolemy/actor/lib/test/auto/MinimumComplex.xml (RunModel)" time="0.016" />
  <testcase classname="ptolemy.util.test.junit.AutoTests" name="[228] /home/travis/build/icyphy/ptII/ptolemy/actor/lib/test/auto/MinimumMultiports.xml (RunModel)" time="0.024" />
  <testcase classname="ptolemy.util.test.junit.AutoTests" name="[229] /home/travis/build/icyphy/ptII/ptolemy/actor/lib/test/auto/ModifyDate.xml (RunModel)" time="0.046" />
  <testcase classname="ptolemy.util.test.junit.AutoTests" name="[230] /home/travis/build/icyphy/ptII/ptolemy/actor/lib/test/auto/ModifyDate2.xml (RunModel)" time="0.033" />
  <testcase classname="ptolemy.util.test.junit.AutoTests" name="[231] /home/travis/build/icyphy/ptII/ptolemy/actor/lib/test/auto/MovingAverage.xml (RunModel)" time="0.012" />
  <testcase classname="ptolemy.util.test.junit.AutoTests" name="[232] /home/travis/build/icyphy/ptII/ptolemy/actor/lib/test/auto/MovingMaximum.xml (RunModel)" time="0.011" />
  <testcase classname="ptolemy.util.test.junit.AutoTests" name="[233] /home/travis/build/icyphy/ptII/ptolemy/actor/lib/test/auto/MultipleLinksToSameRelation.xml (RunModel)" time="0.008" />
  <testcase classname="ptolemy.util.test.junit.AutoTests" name="[234] /home/travis/build/icyphy/ptII/ptolemy/actor/lib/test/auto/MultipleLinksToSameRelationDE.xml (RunModel)" time="0.009" />
  <testcase classname="ptolemy.util.test.junit.AutoTests" name="[235] /home/travis/build/icyphy/ptII/ptolemy/actor/lib/test/auto/Multiplexor.xml (RunModel)" time="0.013" />
  <testcase classname="ptolemy.util.test.junit.AutoTests" name="[236] /home/travis/build/icyphy/ptII/ptolemy/actor/lib/test/auto/Multiplexor1.xml (RunModel)" time="0.012" />
  <testcase classname="ptolemy.util.test.junit.AutoTests" name="[237] /home/travis/build/icyphy/ptII/ptolemy/actor/lib/test/auto/Multiplexor2.xml (RunModel)" time="0.015" />
  <testcase classname="ptolemy.util.test.junit.AutoTests" name="[238] /home/travis/build/icyphy/ptII/ptolemy/actor/lib/test/auto/Multiplexor3.xml (RunModel)" time="0.011" />
  <testcase classname="ptolemy.util.test.junit.AutoTests" name="[239] /home/travis/build/icyphy/ptII/ptolemy/actor/lib/test/auto/MultiplexorDE.xml (RunModel)" time="0.017" />
  <testcase classname="ptolemy.util.test.junit.AutoTests" name="[240] /home/travis/build/icyphy/ptII/ptolemy/actor/lib/test/auto/MultiportBroadcastTest.xml (RunModel)" time="0.101" />
  <testcase classname="ptolemy.util.test.junit.AutoTests" name="[241] /home/travis/build/icyphy/ptII/ptolemy/actor/lib/test/auto/MultiportOutHangDuringGetWidth.xml (RunModel)" time="0.032" />
  <testcase classname="ptolemy.util.test.junit.AutoTests" name="[242] /home/travis/build/icyphy/ptII/ptolemy/actor/lib/test/auto/NilToken.xml (RunModel)" time="0.008" />
  <testcase classname="ptolemy.util.test.junit.AutoTests" name="[243] /home/travis/build/icyphy/ptII/ptolemy/actor/lib/test/auto/NilTokenNonStrictTest.xml (RunModel)" time="0.011" />
  <testcase classname="ptolemy.util.test.junit.AutoTests" name="[244] /home/travis/build/icyphy/ptII/ptolemy/actor/lib/test/auto/NilTokenRecord.xml (RunModel)" time="0.02" />
  <testcase classname="ptolemy.util.test.junit.AutoTests" name="[245] /home/travis/build/icyphy/ptII/ptolemy/actor/lib/test/auto/NilTokenTypeTest.xml (RunModel)" time="0.031" />
  <testcase classname="ptolemy.util.test.junit.AutoTests" name="[246] /home/travis/build/icyphy/ptII/ptolemy/actor/lib/test/auto/ObjectToken1.xml (RunModel)" time="0.008" />
  <testcase classname="ptolemy.util.test.junit.AutoTests" name="[247] /home/travis/build/icyphy/ptII/ptolemy/actor/lib/test/auto/OrderedMerge.xml (RunModel)" time="0.017" />
  <testcase classname="ptolemy.util.test.junit.AutoTests" name="[248] /home/travis/build/icyphy/ptII/ptolemy/actor/lib/test/auto/OrderedRecordDisassembler.xml (RunModel)" time="0.017" />
  <testcase classname="ptolemy.util.test.junit.AutoTests" name="[249] /home/travis/build/icyphy/ptII/ptolemy/actor/lib/test/auto/OrderedRecordDisassembler2.xml (RunModel)" time="0.018" />
  <testcase classname="ptolemy.util.test.junit.AutoTests" name="[250] /home/travis/build/icyphy/ptII/ptolemy/actor/lib/test/auto/OrderedRecordUpdater.xml (RunModel)" time="0.009" />
  <testcase classname="ptolemy.util.test.junit.AutoTests" name="[251] /home/travis/build/icyphy/ptII/ptolemy/actor/lib/test/auto/OrderedRecordUpdater2.xml (RunModel)" time="0.01" />
  <testcase classname="ptolemy.util.test.junit.AutoTests" name="[252] /home/travis/build/icyphy/ptII/ptolemy/actor/lib/test/auto/PhaseUnwrap.xml (RunModel)" time="0.011" />
  <testcase classname="ptolemy.util.test.junit.AutoTests" name="[253] /home/travis/build/icyphy/ptII/ptolemy/actor/lib/test/auto/PoissonClock.xml (RunModel)" time="0.009" />
  <testcase classname="ptolemy.util.test.junit.AutoTests" name="[254] /home/travis/build/icyphy/ptII/ptolemy/actor/lib/test/auto/PoissonClock2.xml (RunModel)" time="0.009" />
  <testcase classname="ptolemy.util.test.junit.AutoTests" name="[255] /home/travis/build/icyphy/ptII/ptolemy/actor/lib/test/auto/PoissonClock3.xml (RunModel)" time="0.012" />
  <testcase classname="ptolemy.util.test.junit.AutoTests" name="[256] /home/travis/build/icyphy/ptII/ptolemy/actor/lib/test/auto/PubSubWithInitialTokens.xml (RunModel)" time="0.014" />
  <testcase classname="ptolemy.util.test.junit.AutoTests" name="[257] /home/travis/build/icyphy/ptII/ptolemy/actor/lib/test/auto/PubSubWithInitialTokens2.xml (RunModel)" time="0.013" />
  <testcase classname="ptolemy.util.test.junit.AutoTests" name="[258] /home/travis/build/icyphy/ptII/ptolemy/actor/lib/test/auto/PublisherClassNoParameter.xml (RunModel)" time="0.028" />
  <testcase classname="ptolemy.util.test.junit.AutoTests" name="[259] /home/travis/build/icyphy/ptII/ptolemy/actor/lib/test/auto/PublisherClassParameter.xml (RunModel)" time="0.027" />
  <testcase classname="ptolemy.util.test.junit.AutoTests" name="[260] /home/travis/build/icyphy/ptII/ptolemy/actor/lib/test/auto/PublisherNonStrictTest.xml (RunModel)" time="0.016" />
  <testcase classname="ptolemy.util.test.junit.AutoTests" name="[261] /home/travis/build/icyphy/ptII/ptolemy/actor/lib/test/auto/PublisherPort1.xml (RunModel)" time="0.02" />
  <testcase classname="ptolemy.util.test.junit.AutoTests" name="[262] /home/travis/build/icyphy/ptII/ptolemy/actor/lib/test/auto/PublisherPort2.xml (RunModel)" time="0.013" />
  <testcase classname="ptolemy.util.test.junit.AutoTests" name="[263] /home/travis/build/icyphy/ptII/ptolemy/actor/lib/test/auto/PublisherPort3.xml (RunModel)" time="0.016" />
  <testcase classname="ptolemy.util.test.junit.AutoTests" name="[264] /home/travis/build/icyphy/ptII/ptolemy/actor/lib/test/auto/PublisherPort4.xml (RunModel)" time="0.011" />
  <testcase classname="ptolemy.util.test.junit.AutoTests" name="[265] /home/travis/build/icyphy/ptII/ptolemy/actor/lib/test/auto/PublisherPort5.xml (RunModel)" time="0.016" />
  <testcase classname="ptolemy.util.test.junit.AutoTests" name="[266] /home/travis/build/icyphy/ptII/ptolemy/actor/lib/test/auto/PublisherPort5LookAlike.xml (RunModel)" time="0.022" />
  <testcase classname="ptolemy.util.test.junit.AutoTests" name="[267] /home/travis/build/icyphy/ptII/ptolemy/actor/lib/test/auto/PublisherPort6.xml (RunModel)" time="0.015" />
  <testcase classname="ptolemy.util.test.junit.AutoTests" name="[268] /home/travis/build/icyphy/ptII/ptolemy/actor/lib/test/auto/PublisherPort7.xml (RunModel)" time="0.018" />
  <testcase classname="ptolemy.util.test.junit.AutoTests" name="[269] /home/travis/build/icyphy/ptII/ptolemy/actor/lib/test/auto/PublisherPort8.xml (RunModel)" time="0.017" />
  <testcase classname="ptolemy.util.test.junit.AutoTests" name="[270] /home/travis/build/icyphy/ptII/ptolemy/actor/lib/test/auto/PublisherPortSubscriberChannelVariablesAOC2.xml (RunModel)" time="0.035" />
  <testcase classname="ptolemy.util.test.junit.AutoTests" name="[271] /home/travis/build/icyphy/ptII/ptolemy/actor/lib/test/auto/PublisherPortSubscriberOpaqueWidthInference.xml (RunModel)" time="0.016" />
  <testcase classname="ptolemy.util.test.junit.AutoTests" name="[272] /home/travis/build/icyphy/ptII/ptolemy/actor/lib/test/auto/PublisherPortSubscriberPortAdjacent.xml (RunModel)" time="0.022" />
  <testcase classname="ptolemy.util.test.junit.AutoTests" name="[273] /home/travis/build/icyphy/ptII/ptolemy/actor/lib/test/auto/PublisherPortSubscriberPortExpression.xml (RunModel)" time="0.03" />
  <testcase classname="ptolemy.util.test.junit.AutoTests" name="[274] /home/travis/build/icyphy/ptII/ptolemy/actor/lib/test/auto/PublisherPortSubscriberPortOpaqueD3Reverse.xml (RunModel)" time="0.05" />
  <testcase classname="ptolemy.util.test.junit.AutoTests" name="[275] /home/travis/build/icyphy/ptII/ptolemy/actor/lib/test/auto/PublisherPortSubscriberPortOpaqueWidthInference.xml (RunModel)" time="0.017" />
  <testcase classname="ptolemy.util.test.junit.AutoTests" name="[276] /home/travis/build/icyphy/ptII/ptolemy/actor/lib/test/auto/PublisherPortToplevelSubscriberPortAOC.xml (RunModel)" time="0.01" />
  <testcase classname="ptolemy.util.test.junit.AutoTests" name="[277] /home/travis/build/icyphy/ptII/ptolemy/actor/lib/test/auto/PublisherSubscriber.xml (RunModel)" time="0.014" />
  <testcase classname="ptolemy.util.test.junit.AutoTests" name="[278] /home/travis/build/icyphy/ptII/ptolemy/actor/lib/test/auto/PublisherSubscriber10.xml (RunModel)" time="0.022" />
  <testcase classname="ptolemy.util.test.junit.AutoTests" name="[279] /home/travis/build/icyphy/ptII/ptolemy/actor/lib/test/auto/PublisherSubscriber10InitialOutputs.xml (RunModel)" time="0.022" />
  <testcase classname="ptolemy.util.test.junit.AutoTests" name="[280] /home/travis/build/icyphy/ptII/ptolemy/actor/lib/test/auto/PublisherSubscriber11.xml (RunModel)" time="0.032" />
  <testcase classname="ptolemy.util.test.junit.AutoTests" name="[281] /home/travis/build/icyphy/ptII/ptolemy/actor/lib/test/auto/PublisherSubscriber12.xml (RunModel)" time="0.023" />
  <testcase classname="ptolemy.util.test.junit.AutoTests" name="[282] /home/travis/build/icyphy/ptII/ptolemy/actor/lib/test/auto/PublisherSubscriber13.xml (RunModel)" time="0.011" />
  <testcase classname="ptolemy.util.test.junit.AutoTests" name="[283] /home/travis/build/icyphy/ptII/ptolemy/actor/lib/test/auto/PublisherSubscriber14.xml (RunModel)" time="0.017" />
  <testcase classname="ptolemy.util.test.junit.AutoTests" name="[284] /home/travis/build/icyphy/ptII/ptolemy/actor/lib/test/auto/PublisherSubscriber2.xml (RunModel)" time="0.014" />
  <testcase classname="ptolemy.util.test.junit.AutoTests" name="[285] /home/travis/build/icyphy/ptII/ptolemy/actor/lib/test/auto/PublisherSubscriber3.xml (RunModel)" time="0.01" />
  <testcase classname="ptolemy.util.test.junit.AutoTests" name="[286] /home/travis/build/icyphy/ptII/ptolemy/actor/lib/test/auto/PublisherSubscriber4.xml (RunModel)" time="0.01" />
  <testcase classname="ptolemy.util.test.junit.AutoTests" name="[287] /home/travis/build/icyphy/ptII/ptolemy/actor/lib/test/auto/PublisherSubscriber5.xml (RunModel)" time="0.014" />
  <testcase classname="ptolemy.util.test.junit.AutoTests" name="[288] /home/travis/build/icyphy/ptII/ptolemy/actor/lib/test/auto/PublisherSubscriber6.xml (RunModel)" time="0.019" />
  <testcase classname="ptolemy.util.test.junit.AutoTests" name="[289] /home/travis/build/icyphy/ptII/ptolemy/actor/lib/test/auto/PublisherSubscriber7.xml (RunModel)" time="0.019" />
  <testcase classname="ptolemy.util.test.junit.AutoTests" name="[290] /home/travis/build/icyphy/ptII/ptolemy/actor/lib/test/auto/PublisherSubscriber8.xml (RunModel)" time="0.031" />
  <testcase classname="ptolemy.util.test.junit.AutoTests" name="[291] /home/travis/build/icyphy/ptII/ptolemy/actor/lib/test/auto/PublisherSubscriber9.xml (RunModel)" time="0.021" />
  <testcase classname="ptolemy.util.test.junit.AutoTests" name="[292] /home/travis/build/icyphy/ptII/ptolemy/actor/lib/test/auto/PublisherSubscriberAdjacent.xml (RunModel)" time="0.02" />
  <testcase classname="ptolemy.util.test.junit.AutoTests" name="[293] /home/travis/build/icyphy/ptII/ptolemy/actor/lib/test/auto/PublisherSubscriberChannelVariablesAOC2.xml (RunModel)" time="0.03" />
  <testcase classname="ptolemy.util.test.junit.AutoTests" name="[294] /home/travis/build/icyphy/ptII/ptolemy/actor/lib/test/auto/PublisherSubscriberD3.xml (RunModel)" time="0.016" />
  <testcase classname="ptolemy.util.test.junit.AutoTests" name="[295] /home/travis/build/icyphy/ptII/ptolemy/actor/lib/test/auto/PublisherSubscriberD3Reverse.xml (RunModel)" time="0.014" />
  <testcase classname="ptolemy.util.test.junit.AutoTests" name="[296] /home/travis/build/icyphy/ptII/ptolemy/actor/lib/test/auto/PublisherSubscriberExpression.xml (RunModel)" time="0.018" />
  <testcase classname="ptolemy.util.test.junit.AutoTests" name="[297] /home/travis/build/icyphy/ptII/ptolemy/actor/lib/test/auto/PublisherSubscriberOpaque.xml (RunModel)" time="0.018" />
  <testcase classname="ptolemy.util.test.junit.AutoTests" name="[298] /home/travis/build/icyphy/ptII/ptolemy/actor/lib/test/auto/PublisherSubscriberOpaqueD3.xml (RunModel)" time="0.025" />
  <testcase classname="ptolemy.util.test.junit.AutoTests" name="[299] /home/travis/build/icyphy/ptII/ptolemy/actor/lib/test/auto/PublisherSubscriberOpaqueD3Reverse.xml (RunModel)" time="0.03" />
  <testcase classname="ptolemy.util.test.junit.AutoTests" name="[300] /home/travis/build/icyphy/ptII/ptolemy/actor/lib/test/auto/PublisherSubscriberOpaqueWidthInference.xml (RunModel)" time="0.025" />
  <testcase classname="ptolemy.util.test.junit.AutoTests" name="[301] /home/travis/build/icyphy/ptII/ptolemy/actor/lib/test/auto/PublisherTestSubscriber.xml (RunModel)" time="0.018" />
  <testcase classname="ptolemy.util.test.junit.AutoTests" name="[302] /home/travis/build/icyphy/ptII/ptolemy/actor/lib/test/auto/PublisherToplevelSubscriberPortAOC.xml (RunModel)" time="0.013" />
  <testcase classname="ptolemy.util.test.junit.AutoTests" name="[303] /home/travis/build/icyphy/ptII/ptolemy/actor/lib/test/auto/PulseFiringLimitDE.xml (RunModel)" time="0.028" />
  <testcase classname="ptolemy.util.test.junit.AutoTests" name="[304] /home/travis/build/icyphy/ptII/ptolemy/actor/lib/test/auto/Ramp1.xml (RunModel)" time="0.008" />
  <testcase classname="ptolemy.util.test.junit.AutoTests" name="[305] /home/travis/build/icyphy/ptII/ptolemy/actor/lib/test/auto/RampFiringLimitDE.xml (RunModel)" time="0.012" />
  <testcase classname="ptolemy.util.test.junit.AutoTests" name="[306] /home/travis/build/icyphy/ptII/ptolemy/actor/lib/test/auto/RampFiringLimitSDF.xml (RunModel)" time="0.018" />
  <testcase classname="ptolemy.util.test.junit.AutoTests" name="[307] /home/travis/build/icyphy/ptII/ptolemy/actor/lib/test/auto/RandomInteger.xml (RunModel)" time="0.008" />
  <testcase classname="ptolemy.util.test.junit.AutoTests" name="[308] /home/travis/build/icyphy/ptII/ptolemy/actor/lib/test/auto/ReadFile1.xml (RunModel)" time="0.01" />
  <testcase classname="ptolemy.util.test.junit.AutoTests" name="[309] /home/travis/build/icyphy/ptII/ptolemy/actor/lib/test/auto/ReadFile2.xml (RunModel)" time="0.008" />
  <testcase classname="ptolemy.util.test.junit.AutoTests" name="[310] /home/travis/build/icyphy/ptII/ptolemy/actor/lib/test/auto/Reader.xml (RunModel)" time="0.014" />
  <testcase classname="ptolemy.util.test.junit.AutoTests" name="[311] /home/travis/build/icyphy/ptII/ptolemy/actor/lib/test/auto/RecordAssemblerDisplayNameTest.xml (RunModel)" time="4.097" />
  <testcase classname="ptolemy.util.test.junit.AutoTests" name="[312] /home/travis/build/icyphy/ptII/ptolemy/actor/lib/test/auto/RecordAssemblerTypeError.xml (RunModel)" time="0.056" />
  <testcase classname="ptolemy.util.test.junit.AutoTests" name="[313] /home/travis/build/icyphy/ptII/ptolemy/actor/lib/test/auto/RecordDisassember.xml (RunModel)" time="0.026" />
  <testcase classname="ptolemy.util.test.junit.AutoTests" name="[314] /home/travis/build/icyphy/ptII/ptolemy/actor/lib/test/auto/RecordDisassemberDisplayNameTest.xml (RunModel)" time="0.026" />
  <testcase classname="ptolemy.util.test.junit.AutoTests" name="[315] /home/travis/build/icyphy/ptII/ptolemy/actor/lib/test/auto/RecordDisassembler.xml (RunModel)" time="0.013" />
  <testcase classname="ptolemy.util.test.junit.AutoTests" name="[316] /home/travis/build/icyphy/ptII/ptolemy/actor/lib/test/auto/RecordDisassembler2.xml (RunModel)" time="0.013" />
  <testcase classname="ptolemy.util.test.junit.AutoTests" name="[317] /home/travis/build/icyphy/ptII/ptolemy/actor/lib/test/auto/RecordUpdater.xml (RunModel)" time="0.009" />
  <testcase classname="ptolemy.util.test.junit.AutoTests" name="[318] /home/travis/build/icyphy/ptII/ptolemy/actor/lib/test/auto/RecordUpdater2.xml (RunModel)" time="0.01" />
  <testcase classname="ptolemy.util.test.junit.AutoTests" name="[319] /home/travis/build/icyphy/ptII/ptolemy/actor/lib/test/auto/RecursiveLattice.xml (RunModel)" time="0.008" />
  <testcase classname="ptolemy.util.test.junit.AutoTests" name="[320] /home/travis/build/icyphy/ptII/ptolemy/actor/lib/test/auto/Router.xml (RunModel)" time="3.027" />
  <testcase classname="ptolemy.util.test.junit.AutoTests" name="[321] /home/travis/build/icyphy/ptII/ptolemy/actor/lib/test/auto/Router2.xml (RunModel)" time="3.02" />
  <testcase classname="ptolemy.util.test.junit.AutoTests" name="[322] /home/travis/build/icyphy/ptII/ptolemy/actor/lib/test/auto/RunningMaximum.xml (RunModel)" time="0.01" />
  <testcase classname="ptolemy.util.test.junit.AutoTests" name="[323] /home/travis/build/icyphy/ptII/ptolemy/actor/lib/test/auto/RunningMinimum.xml (RunModel)" time="0.01" />
  <testcase classname="ptolemy.util.test.junit.AutoTests" name="[324] /home/travis/build/icyphy/ptII/ptolemy/actor/lib/test/auto/Scale.xml (RunModel)" time="0.008" />
  <testcase classname="ptolemy.util.test.junit.AutoTests" name="[325] /home/travis/build/icyphy/ptII/ptolemy/actor/lib/test/auto/Scale2.xml (RunModel)" time="0.01" />
  <testcase classname="ptolemy.util.test.junit.AutoTests" name="[326] /home/travis/build/icyphy/ptII/ptolemy/actor/lib/test/auto/Scale3.xml (RunModel)" time="0.013" />
  <testcase classname="ptolemy.util.test.junit.AutoTests" name="[327] /home/travis/build/icyphy/ptII/ptolemy/actor/lib/test/auto/ScaleArray.xml (RunModel)" time="0.008" />
  <testcase classname="ptolemy.util.test.junit.AutoTests" name="[328] /home/travis/build/icyphy/ptII/ptolemy/actor/lib/test/auto/ScaleArray2.xml (RunModel)" time="0.008" />
  <testcase classname="ptolemy.util.test.junit.AutoTests" name="[329] /home/travis/build/icyphy/ptII/ptolemy/actor/lib/test/auto/ScaleMatrix.xml (RunModel)" time="0.117" />
  <testcase classname="ptolemy.util.test.junit.AutoTests" name="[330] /home/travis/build/icyphy/ptII/ptolemy/actor/lib/test/auto/Select.xml (RunModel)" time="0.013" />
  <testcase classname="ptolemy.util.test.junit.AutoTests" name="[331] /home/travis/build/icyphy/ptII/ptolemy/actor/lib/test/auto/Select2.xml (RunModel)" time="0.008" />
  <testcase classname="ptolemy.util.test.junit.AutoTests" name="[332] /home/travis/build/icyphy/ptII/ptolemy/actor/lib/test/auto/SequenceToArray2.xml (RunModel)" time="0.119" />
  <testcase classname="ptolemy.util.test.junit.AutoTests" name="[333] /home/travis/build/icyphy/ptII/ptolemy/actor/lib/test/auto/SequentialClock.xml (RunModel)" time="0.017" />
  <testcase classname="ptolemy.util.test.junit.AutoTests" name="[334] /home/travis/build/icyphy/ptII/ptolemy/actor/lib/test/auto/SetVariable.xml (RunModel)" time="0.01" />
  <testcase classname="ptolemy.util.test.junit.AutoTests" name="[335] /home/travis/build/icyphy/ptII/ptolemy/actor/lib/test/auto/SetVariable2.xml (RunModel)" time="0.01" />
  <testcase classname="ptolemy.util.test.junit.AutoTests" name="[336] /home/travis/build/icyphy/ptII/ptolemy/actor/lib/test/auto/SetVariable3.xml (RunModel)" time="0.015" />
  <testcase classname="ptolemy.util.test.junit.AutoTests" name="[337] /home/travis/build/icyphy/ptII/ptolemy/actor/lib/test/auto/SetVariable4.xml (RunModel)" time="0.03" />
  <testcase classname="ptolemy.util.test.junit.AutoTests" name="[338] /home/travis/build/icyphy/ptII/ptolemy/actor/lib/test/auto/SetVariable5.xml (RunModel)" time="0.03" />
  <testcase classname="ptolemy.util.test.junit.AutoTests" name="[339] /home/travis/build/icyphy/ptII/ptolemy/actor/lib/test/auto/Sinewave.xml (RunModel)" time="0.035" />
  <testcase classname="ptolemy.util.test.junit.AutoTests" name="[340] /home/travis/build/icyphy/ptII/ptolemy/actor/lib/test/auto/Sinewave2.xml (RunModel)" time="0.018" />
  <testcase classname="ptolemy.util.test.junit.AutoTests" name="[341] /home/travis/build/icyphy/ptII/ptolemy/actor/lib/test/auto/Sinewave3.xml (RunModel)" time="0.016" />
  <testcase classname="ptolemy.util.test.junit.AutoTests" name="[342] /home/travis/build/icyphy/ptII/ptolemy/actor/lib/test/auto/SingleEvent.xml (RunModel)" time="0.018" />
  <testcase classname="ptolemy.util.test.junit.AutoTests" name="[343] /home/travis/build/icyphy/ptII/ptolemy/actor/lib/test/auto/Sleep.xml (RunModel)" time="6.015" />
  <testcase classname="ptolemy.util.test.junit.AutoTests" name="[344] /home/travis/build/icyphy/ptII/ptolemy/actor/lib/test/auto/SleepMultipleFire.xml (RunModel)" time="1.019" />
  <testcase classname="ptolemy.util.test.junit.AutoTests" name="[345] /home/travis/build/icyphy/ptII/ptolemy/actor/lib/test/auto/StopDE.xml (RunModel)" time="0.024" />
  <testcase classname="ptolemy.util.test.junit.AutoTests" name="[346] /home/travis/build/icyphy/ptII/ptolemy/actor/lib/test/auto/StopSDF.xml (RunModel)" time="0.011" />
  <testcase classname="ptolemy.util.test.junit.AutoTests" name="[347] /home/travis/build/icyphy/ptII/ptolemy/actor/lib/test/auto/StringConstant.xml (RunModel)" time="0.009" />
  <testcase classname="ptolemy.util.test.junit.AutoTests" name="[348] /home/travis/build/icyphy/ptII/ptolemy/actor/lib/test/auto/SubscriberPortInitialValues1.xml (RunModel)" time="0.026" />
  <testcase classname="ptolemy.util.test.junit.AutoTests" name="[349] /home/travis/build/icyphy/ptII/ptolemy/actor/lib/test/auto/SubscriberPortInitialValues13.xml (RunModel)" time="0.026" />
  <testcase classname="ptolemy.util.test.junit.AutoTests" name="[350] /home/travis/build/icyphy/ptII/ptolemy/actor/lib/test/auto/SubscriberPortInitialValues14.xml (RunModel)" time="0.016" />
  <testcase classname="ptolemy.util.test.junit.AutoTests" name="[351] /home/travis/build/icyphy/ptII/ptolemy/actor/lib/test/auto/SubscriberPortInitialValues2.xml (RunModel)" time="0.016" />
  <testcase classname="ptolemy.util.test.junit.AutoTests" name="[352] /home/travis/build/icyphy/ptII/ptolemy/actor/lib/test/auto/SubscriberPortInitialValues3.xml (RunModel)" time="0.02" />
  <testcase classname="ptolemy.util.test.junit.AutoTests" name="[353] /home/travis/build/icyphy/ptII/ptolemy/actor/lib/test/auto/SubscriptionAggregator.xml (RunModel)" time="0.012" />
  <testcase classname="ptolemy.util.test.junit.AutoTests" name="[354] /home/travis/build/icyphy/ptII/ptolemy/actor/lib/test/auto/SubscriptionAggregator2.xml (RunModel)" time="0.011" />
  <testcase classname="ptolemy.util.test.junit.AutoTests" name="[355] /home/travis/build/icyphy/ptII/ptolemy/actor/lib/test/auto/SubscriptionAggregator3.xml (RunModel)" time="0.016" />
  <testcase classname="ptolemy.util.test.junit.AutoTests" name="[356] /home/travis/build/icyphy/ptII/ptolemy/actor/lib/test/auto/SubscriptionAggregatorMultiply.xml (RunModel)" time="0.016" />
  <testcase classname="ptolemy.util.test.junit.AutoTests" name="[357] /home/travis/build/icyphy/ptII/ptolemy/actor/lib/test/auto/SubscriptionAggregatorPortMultiply1.xml (RunModel)" time="0.015" />
  <testcase classname="ptolemy.util.test.junit.AutoTests" name="[358] /home/travis/build/icyphy/ptII/ptolemy/actor/lib/test/auto/Switch.xml (RunModel)" time="0.014" />
  <testcase classname="ptolemy.util.test.junit.AutoTests" name="[359] /home/travis/build/icyphy/ptII/ptolemy/actor/lib/test/auto/Switch2.xml (RunModel)" time="0.015" />
  <testcase classname="ptolemy.util.test.junit.AutoTests" name="[360] /home/travis/build/icyphy/ptII/ptolemy/actor/lib/test/auto/SwitchDE.xml (RunModel)" time="0.014" />
  <testcase classname="ptolemy.util.test.junit.AutoTests" name="[361] /home/travis/build/icyphy/ptII/ptolemy/actor/lib/test/auto/SynchronizerDE.xml (RunModel)" time="0.025" />
  <testcase classname="ptolemy.util.test.junit.AutoTests" name="[362] /home/travis/build/icyphy/ptII/ptolemy/actor/lib/test/auto/Test.xml (RunModel)" time="0.01" />
  <testcase classname="ptolemy.util.test.junit.AutoTests" name="[363] /home/travis/build/icyphy/ptII/ptolemy/actor/lib/test/auto/TestExceptionAttribute1.xml (RunModel)" time="0.006" />
  <testcase classname="ptolemy.util.test.junit.AutoTests" name="[364] /home/travis/build/icyphy/ptII/ptolemy/actor/lib/test/auto/TestExceptionAttribute2.xml (RunModel)" time="0.006" />
  <testcase classname="ptolemy.util.test.junit.AutoTests" name="[365] /home/travis/build/icyphy/ptII/ptolemy/actor/lib/test/auto/TestExceptionAttribute3.xml (RunModel)" time="0.006" />
  <testcase classname="ptolemy.util.test.junit.AutoTests" name="[366] /home/travis/build/icyphy/ptII/ptolemy/actor/lib/test/auto/TestExceptionAttribute4.xml (RunModel)" time="0.007" />
  <testcase classname="ptolemy.util.test.junit.AutoTests" name="[367] /home/travis/build/icyphy/ptII/ptolemy/actor/lib/test/auto/TestExceptionHandler1.xml (RunModel)" time="0.008" />
  <testcase classname="ptolemy.util.test.junit.AutoTests" name="[368] /home/travis/build/icyphy/ptII/ptolemy/actor/lib/test/auto/TestExceptionHandler2.xml (RunModel)" time="0.007" />
  <testcase classname="ptolemy.util.test.junit.AutoTests" name="[369] /home/travis/build/icyphy/ptII/ptolemy/actor/lib/test/auto/TestExceptionHandler3.xml (RunModel)" time="0.008" />
  <testcase classname="ptolemy.util.test.junit.AutoTests" name="[370] /home/travis/build/icyphy/ptII/ptolemy/actor/lib/test/auto/TestExceptionHandler4.xml (RunModel)" time="0.006" />
  <testcase classname="ptolemy.util.test.junit.AutoTests" name="[371] /home/travis/build/icyphy/ptII/ptolemy/actor/lib/test/auto/TestRequireCorrectOrder.xml (RunModel)" time="0.011" />
  <testcase classname="ptolemy.util.test.junit.AutoTests" name="[372] /home/travis/build/icyphy/ptII/ptolemy/actor/lib/test/auto/TestSimple.xml (RunModel)" time="0.007" />
  <testcase classname="ptolemy.util.test.junit.AutoTests" name="[373] /home/travis/build/icyphy/ptII/ptolemy/actor/lib/test/auto/ThrowModelError.xml (RunModel)" time="0.011" />
  <testcase classname="ptolemy.util.test.junit.AutoTests" name="[374] /home/travis/build/icyphy/ptII/ptolemy/actor/lib/test/auto/TimeDelayMicrosteps.xml (RunModel)" time="0.014" />
  <testcase classname="ptolemy.util.test.junit.AutoTests" name="[375] /home/travis/build/icyphy/ptII/ptolemy/actor/lib/test/auto/TimeDelayMicrosteps2.xml (RunModel)" time="0.015" />
  <testcase classname="ptolemy.util.test.junit.AutoTests" name="[376] /home/travis/build/icyphy/ptII/ptolemy/actor/lib/test/auto/TimeDelayMicrosteps3.xml (RunModel)" time="0.013" />
  <testcase classname="ptolemy.util.test.junit.AutoTests" name="[377] /home/travis/build/icyphy/ptII/ptolemy/actor/lib/test/auto/TimeDelayVariableMicrosteps.xml (RunModel)" time="0.012" />
  <testcase classname="ptolemy.util.test.junit.AutoTests" name="[378] /home/travis/build/icyphy/ptII/ptolemy/actor/lib/test/auto/TimeGap.xml (RunModel)" time="0.012" />
  <testcase classname="ptolemy.util.test.junit.AutoTests" name="[379] /home/travis/build/icyphy/ptII/ptolemy/actor/lib/test/auto/TimeGap2.xml (RunModel)" time="0.011" />
  <testcase classname="ptolemy.util.test.junit.AutoTests" name="[380] /home/travis/build/icyphy/ptII/ptolemy/actor/lib/test/auto/TimedSinewave.xml (RunModel)" time="0.044" />
  <testcase classname="ptolemy.util.test.junit.AutoTests" name="[381] /home/travis/build/icyphy/ptII/ptolemy/actor/lib/test/auto/TimedSinewavePhase.xml (RunModel)" time="0.035" />
  <testcase classname="ptolemy.util.test.junit.AutoTests" name="[382] /home/travis/build/icyphy/ptII/ptolemy/actor/lib/test/auto/Timer.xml (RunModel)" time="0.02" />
  <testcase classname="ptolemy.util.test.junit.AutoTests" name="[383] /home/travis/build/icyphy/ptII/ptolemy/actor/lib/test/auto/TriangularDistTestModel.xml (RunModel)" time="0.015" />
  <testcase classname="ptolemy.util.test.junit.AutoTests" name="[384] /home/travis/build/icyphy/ptII/ptolemy/actor/lib/test/auto/TrigFunction.xml (RunModel)" time="0.009" />
  <testcase classname="ptolemy.util.test.junit.AutoTests" name="[385] /home/travis/build/icyphy/ptII/ptolemy/actor/lib/test/auto/TrigFunctionDE.xml (RunModel)" time="0.012" />
  <testcase classname="ptolemy.util.test.junit.AutoTests" name="[386] /home/travis/build/icyphy/ptII/ptolemy/actor/lib/test/auto/TrigFunctionInverse.xml (RunModel)" time="0.01" />
  <testcase classname="ptolemy.util.test.junit.AutoTests" name="[387] /home/travis/build/icyphy/ptII/ptolemy/actor/lib/test/auto/TrigFunctionTan.xml (RunModel)" time="0.007" />
  <testcase classname="ptolemy.util.test.junit.AutoTests" name="[388] /home/travis/build/icyphy/ptII/ptolemy/actor/lib/test/auto/TriggeredClock.xml (RunModel)" time="0.009" />
  <testcase classname="ptolemy.util.test.junit.AutoTests" name="[389] /home/travis/build/icyphy/ptII/ptolemy/actor/lib/test/auto/URLDirectoryReader.xml (RunModel)" time="0.094" />
  <testcase classname="ptolemy.util.test.junit.AutoTests" name="[390] /home/travis/build/icyphy/ptII/ptolemy/actor/lib/test/auto/URLDirectoryReader3.xml (RunModel)" time="127.262">
    <error type="java.lang.reflect.InvocationTargetException">java.lang.reflect.InvocationTargetException
	at java.lang.reflect.Constructor.newInstance(Constructor.java:423)
	at ptolemy.util.test.junit.AutoTests.RunModel(AutoTests.java:192)
	at junitparams.internal.InvokeParameterisedMethod.evaluate(InvokeParameterisedMethod.java:102)
Caused by: ptolemy.kernel.util.IllegalActionException: Error evaluating expression:
&quot;http://ptolemy.eecs.berkeley.edu/ptolemyII/ptII1.0/ptII1.0/&quot;
  in .URLDirectoryReader3.URLDirectoryReader.sourceURL
Because:
Failed to evaluate sourceURL &apos;&quot;http://ptolemy.eecs.berkeley.edu/ptolemyII/ptII1.0/ptII1.0/&quot;&apos;
  in .URLDirectoryReader3.URLDirectoryReader
Because:
Connection timed out (Connection timed out)
  in .URLDirectoryReader3.URLDirectoryReader.sourceURL
Because:
Error evaluating expression:
&quot;http://ptolemy.eecs.berkeley.edu/ptolemyII/ptII1.0/ptII1.0/&quot;
  in .URLDirectoryReader3.URLDirectoryReader.sourceURL
Because:
Failed to evaluate sourceURL &apos;&quot;http://ptolemy.eecs.berkeley.edu/ptolemyII/ptII1.0/ptII1.0/&quot;&apos;
  in .URLDirectoryReader3.URLDirectoryReader
Because:
Connection timed out (Connection timed out)
	at ptolemy.data.expr.Variable.validate(Variable.java:1619)
	at ptolemy.moml.MoMLParser.endDocument(MoMLParser.java:867)
	at com.microstar.xml.XmlParser.doParse(XmlParser.java:162)
	at com.microstar.xml.XmlParser.parse(XmlParser.java:132)
	at ptolemy.moml.MoMLParser.parse(MoMLParser.java:1660)
	at ptolemy.moml.MoMLParser.parse(MoMLParser.java:1595)
	at ptolemy.moml.MoMLParser.parse(MoMLParser.java:1537)
	at ptolemy.moml.MoMLSimpleApplication.&lt;init&gt;(MoMLSimpleApplication.java:123)
Caused by: ptolemy.kernel.util.IllegalActionException: Error evaluating expression:
&quot;http://ptolemy.eecs.berkeley.edu/ptolemyII/ptII1.0/ptII1.0/&quot;
  in .URLDirectoryReader3.URLDirectoryReader.sourceURL
Because:
Failed to evaluate sourceURL &apos;&quot;http://ptolemy.eecs.berkeley.edu/ptolemyII/ptII1.0/ptII1.0/&quot;&apos;
  in .URLDirectoryReader3.URLDirectoryReader
Because:
Connection timed out (Connection timed out)
	at ptolemy.data.expr.Variable._evaluate(Variable.java:1891)
	at ptolemy.data.expr.Variable._propagate(Variable.java:1984)
	at ptolemy.data.expr.Variable.validate(Variable.java:1596)
Caused by: ptolemy.kernel.util.IllegalActionException: Failed to evaluate sourceURL &apos;&quot;http://ptolemy.eecs.berkeley.edu/ptolemyII/ptII1.0/ptII1.0/&quot;&apos;
  in .URLDirectoryReader3.URLDirectoryReader
Because:
Connection timed out (Connection timed out)
	at ptolemy.actor.lib.URLReader.attributeChanged(URLReader.java:165)
	at ptolemy.actor.lib.URLDirectoryReader.attributeChanged(URLDirectoryReader.java:153)
	at ptolemy.data.expr.Variable._setTokenAndNotify(Variable.java:2271)
	at ptolemy.data.expr.Variable._evaluate(Variable.java:1873)
Caused by: java.net.ConnectException: Connection timed out (Connection timed out)
	at java.net.PlainSocketImpl.socketConnect(Native Method)
	at java.net.AbstractPlainSocketImpl.doConnect(AbstractPlainSocketImpl.java:350)
	at java.net.AbstractPlainSocketImpl.connectToAddress(AbstractPlainSocketImpl.java:206)
	at java.net.AbstractPlainSocketImpl.connect(AbstractPlainSocketImpl.java:188)
	at java.net.SocksSocketImpl.connect(SocksSocketImpl.java:392)
	at java.net.Socket.connect(Socket.java:589)
	at java.net.Socket.connect(Socket.java:538)
	at sun.net.NetworkClient.doConnect(NetworkClient.java:180)
	at sun.net.www.http.HttpClient.openServer(HttpClient.java:463)
	at sun.net.www.http.HttpClient.openServer(HttpClient.java:558)
	at sun.net.www.http.HttpClient.&lt;init&gt;(HttpClient.java:242)
	at sun.net.www.http.HttpClient.New(HttpClient.java:339)
	at sun.net.www.http.HttpClient.New(HttpClient.java:357)
	at sun.net.www.protocol.http.HttpURLConnection.getNewHttpClient(HttpURLConnection.java:1220)
	at sun.net.www.protocol.http.HttpURLConnection.plainConnect0(HttpURLConnection.java:1156)
	at sun.net.www.protocol.http.HttpURLConnection.plainConnect(HttpURLConnection.java:1050)
	at sun.net.www.protocol.http.HttpURLConnection.connect(HttpURLConnection.java:984)
	at sun.net.www.protocol.http.HttpURLConnection.getInputStream0(HttpURLConnection.java:1564)
	at sun.net.www.protocol.http.HttpURLConnection.getInputStream(HttpURLConnection.java:1492)
	at java.net.URL.openStream(URL.java:1045)
	at ptolemy.actor.lib.URLReader.attributeChanged(URLReader.java:160)
</error>
  </testcase>
  <testcase classname="ptolemy.util.test.junit.AutoTests" name="[391] /home/travis/build/icyphy/ptII/ptolemy/actor/lib/test/auto/UnaryMathFunction.xml (RunModel)" time="0.016" />
  <testcase classname="ptolemy.util.test.junit.AutoTests" name="[392] /home/travis/build/icyphy/ptII/ptolemy/actor/lib/test/auto/Uniform.xml (RunModel)" time="0.01" />
  <testcase classname="ptolemy.util.test.junit.AutoTests" name="[393] /home/travis/build/icyphy/ptII/ptolemy/actor/lib/test/auto/UnionDisassemblerTest.xml (RunModel)" time="0.016" />
  <testcase classname="ptolemy.util.test.junit.AutoTests" name="[394] /home/travis/build/icyphy/ptII/ptolemy/actor/lib/test/auto/UtilityFunctions.xml (RunModel)" time="0.004" />
  <testcase classname="ptolemy.util.test.junit.AutoTests" name="[395] /home/travis/build/icyphy/ptII/ptolemy/actor/lib/test/auto/VariableSleep.xml (RunModel)" time="0.508" />
  <testcase classname="ptolemy.util.test.junit.AutoTests" name="[396] /home/travis/build/icyphy/ptII/ptolemy/actor/lib/test/auto/VectorAssemblerDisassemblerCT.xml (RunModel)" time="0.077" />
  <testcase classname="ptolemy.util.test.junit.AutoTests" name="[397] /home/travis/build/icyphy/ptII/ptolemy/actor/lib/test/auto/VectorAssemblerDisassemblerDE.xml (RunModel)" time="0.01" />
  <testcase classname="ptolemy.util.test.junit.AutoTests" name="[398] /home/travis/build/icyphy/ptII/ptolemy/actor/lib/test/auto/VectorAssemblerDisassemblerSDF.xml (RunModel)" time="0.008" />
  <testcase classname="ptolemy.util.test.junit.AutoTests" name="[399] /home/travis/build/icyphy/ptII/ptolemy/actor/lib/test/auto/WallClockTime.xml (RunModel)" time="1.011" />
  <testcase classname="ptolemy.util.test.junit.AutoTests" name="[400] /home/travis/build/icyphy/ptII/ptolemy/actor/lib/test/auto/WidthTestWithSubscriberPublisher.xml (RunModel)" time="0.031" />
  <testcase classname="ptolemy.util.test.junit.AutoTests" name="[401] /home/travis/build/icyphy/ptII/ptolemy/actor/lib/test/auto/WidthTestWithSubscriberPublisher2.xml (RunModel)" time="0.01" />
  <testcase classname="ptolemy.util.test.junit.AutoTests" name="[402] /home/travis/build/icyphy/ptII/ptolemy/actor/lib/test/auto/WidthTestWithSubscriberPublisher3.xml (RunModel)" time="0.01" />
  <testcase classname="ptolemy.util.test.junit.AutoTests" name="[403] /home/travis/build/icyphy/ptII/ptolemy/actor/lib/test/auto/Writer.xml (RunModel)" time="0.005" />
  <testcase classname="ptolemy.util.test.junit.AutoTests" name="[404] /home/travis/build/icyphy/ptII/ptolemy/actor/lib/test/auto/array.xml (RunModel)" time="0.005" />
  <testcase classname="ptolemy.util.test.junit.AutoTests" name="[405] /home/travis/build/icyphy/ptII/ptolemy/actor/lib/test/auto/array2.xml (RunModel)" time="0.005" />
  <testcase classname="ptolemy.util.test.junit.AutoTests" name="[406] /home/travis/build/icyphy/ptII/ptolemy/actor/lib/test/auto/arrayType.xml (RunModel)" time="0.008" />
  <testcase classname="ptolemy.util.test.junit.AutoTests" name="[407] /home/travis/build/icyphy/ptII/ptolemy/actor/lib/test/auto/arrayType10.xml (RunModel)" time="0.006" />
  <testcase classname="ptolemy.util.test.junit.AutoTests" name="[408] /home/travis/build/icyphy/ptII/ptolemy/actor/lib/test/auto/arrayType11.xml (RunModel)" time="0.006" />
  <testcase classname="ptolemy.util.test.junit.AutoTests" name="[409] /home/travis/build/icyphy/ptII/ptolemy/actor/lib/test/auto/arrayType12.xml (RunModel)" time="0.008" />
  <testcase classname="ptolemy.util.test.junit.AutoTests" name="[410] /home/travis/build/icyphy/ptII/ptolemy/actor/lib/test/auto/arrayType13.xml (RunModel)" time="0.007" />
  <testcase classname="ptolemy.util.test.junit.AutoTests" name="[411] /home/travis/build/icyphy/ptII/ptolemy/actor/lib/test/auto/arrayType14.xml (RunModel)" time="0.007" />
  <testcase classname="ptolemy.util.test.junit.AutoTests" name="[412] /home/travis/build/icyphy/ptII/ptolemy/actor/lib/test/auto/arrayType15.xml (RunModel)" time="0.007" />
  <testcase classname="ptolemy.util.test.junit.AutoTests" name="[413] /home/travis/build/icyphy/ptII/ptolemy/actor/lib/test/auto/arrayType16.xml (RunModel)" time="0.007" />
  <testcase classname="ptolemy.util.test.junit.AutoTests" name="[414] /home/travis/build/icyphy/ptII/ptolemy/actor/lib/test/auto/arrayType17.xml (RunModel)" time="0.007" />
  <testcase classname="ptolemy.util.test.junit.AutoTests" name="[415] /home/travis/build/icyphy/ptII/ptolemy/actor/lib/test/auto/arrayType18.xml (RunModel)" time="0.006" />
  <testcase classname="ptolemy.util.test.junit.AutoTests" name="[416] /home/travis/build/icyphy/ptII/ptolemy/actor/lib/test/auto/arrayType19.xml (RunModel)" time="0.007" />
  <testcase classname="ptolemy.util.test.junit.AutoTests" name="[417] /home/travis/build/icyphy/ptII/ptolemy/actor/lib/test/auto/arrayType2.xml (RunModel)" time="0.008" />
  <testcase classname="ptolemy.util.test.junit.AutoTests" name="[418] /home/travis/build/icyphy/ptII/ptolemy/actor/lib/test/auto/arrayType20.xml (RunModel)" time="0.007" />
  <testcase classname="ptolemy.util.test.junit.AutoTests" name="[419] /home/travis/build/icyphy/ptII/ptolemy/actor/lib/test/auto/arrayType21.xml (RunModel)" time="0.008" />
  <testcase classname="ptolemy.util.test.junit.AutoTests" name="[420] /home/travis/build/icyphy/ptII/ptolemy/actor/lib/test/auto/arrayType22.xml (RunModel)" time="0.007" />
  <testcase classname="ptolemy.util.test.junit.AutoTests" name="[421] /home/travis/build/icyphy/ptII/ptolemy/actor/lib/test/auto/arrayType23.xml (RunModel)" time="0.007" />
  <testcase classname="ptolemy.util.test.junit.AutoTests" name="[422] /home/travis/build/icyphy/ptII/ptolemy/actor/lib/test/auto/arrayType24.xml (RunModel)" time="0.009" />
  <testcase classname="ptolemy.util.test.junit.AutoTests" name="[423] /home/travis/build/icyphy/ptII/ptolemy/actor/lib/test/auto/arrayType25.xml (RunModel)" time="0.008" />
  <testcase classname="ptolemy.util.test.junit.AutoTests" name="[424] /home/travis/build/icyphy/ptII/ptolemy/actor/lib/test/auto/arrayType26.xml (RunModel)" time="0.006" />
  <testcase classname="ptolemy.util.test.junit.AutoTests" name="[425] /home/travis/build/icyphy/ptII/ptolemy/actor/lib/test/auto/arrayType27.xml (RunModel)" time="0.007" />
  <testcase classname="ptolemy.util.test.junit.AutoTests" name="[426] /home/travis/build/icyphy/ptII/ptolemy/actor/lib/test/auto/arrayType28.xml (RunModel)" time="0.006" />
  <testcase classname="ptolemy.util.test.junit.AutoTests" name="[427] /home/travis/build/icyphy/ptII/ptolemy/actor/lib/test/auto/arrayType3.xml (RunModel)" time="0.006" />
  <testcase classname="ptolemy.util.test.junit.AutoTests" name="[428] /home/travis/build/icyphy/ptII/ptolemy/actor/lib/test/auto/arrayType4.xml (RunModel)" time="0.006" />
  <testcase classname="ptolemy.util.test.junit.AutoTests" name="[429] /home/travis/build/icyphy/ptII/ptolemy/actor/lib/test/auto/arrayType5.xml (RunModel)" time="0.005" />
  <testcase classname="ptolemy.util.test.junit.AutoTests" name="[430] /home/travis/build/icyphy/ptII/ptolemy/actor/lib/test/auto/arrayType6.xml (RunModel)" time="0.006" />
  <testcase classname="ptolemy.util.test.junit.AutoTests" name="[431] /home/travis/build/icyphy/ptII/ptolemy/actor/lib/test/auto/arrayType7.xml (RunModel)" time="0.014" />
  <testcase classname="ptolemy.util.test.junit.AutoTests" name="[432] /home/travis/build/icyphy/ptII/ptolemy/actor/lib/test/auto/arrayType8.xml (RunModel)" time="0.006" />
  <testcase classname="ptolemy.util.test.junit.AutoTests" name="[433] /home/travis/build/icyphy/ptII/ptolemy/actor/lib/test/auto/arrayType9.xml (RunModel)" time="0.007" />
  <testcase classname="ptolemy.util.test.junit.AutoTests" name="[434] /home/travis/build/icyphy/ptII/ptolemy/actor/lib/test/auto/cast.xml (RunModel)" time="0.006" />
  <testcase classname="ptolemy.util.test.junit.AutoTests" name="[435] /home/travis/build/icyphy/ptII/ptolemy/actor/lib/test/auto/compositeMultiPort.xml (RunModel)" time="0.013" />
  <testcase classname="ptolemy.util.test.junit.AutoTests" name="[436] /home/travis/build/icyphy/ptII/ptolemy/actor/lib/test/auto/expressionCastInference.xml (RunModel)" time="0.005" />
  <testcase classname="ptolemy.util.test.junit.AutoTests" name="[437] /home/travis/build/icyphy/ptII/ptolemy/actor/lib/test/auto/expressionCastInference2.xml (RunModel)" time="0.005" />
  <testcase classname="ptolemy.util.test.junit.AutoTests" name="[438] /home/travis/build/icyphy/ptII/ptolemy/actor/lib/test/auto/expressionInference.xml (RunModel)" time="0.004" />
  <testcase classname="ptolemy.util.test.junit.AutoTests" name="[439] /home/travis/build/icyphy/ptII/ptolemy/actor/lib/test/auto/expression_bug.xml (RunModel)" time="0.005" />
  <testcase classname="ptolemy.util.test.junit.AutoTests" name="[440] /home/travis/build/icyphy/ptII/ptolemy/actor/lib/test/auto/factorial.xml (RunModel)" time="0.041" />
  <testcase classname="ptolemy.util.test.junit.AutoTests" name="[441] /home/travis/build/icyphy/ptII/ptolemy/actor/lib/test/auto/filterTest1.xml (RunModel)" time="0.009" />
  <testcase classname="ptolemy.util.test.junit.AutoTests" name="[442] /home/travis/build/icyphy/ptII/ptolemy/actor/lib/test/auto/funcApplyInConst.xml (RunModel)" time="0.004" />
  <testcase classname="ptolemy.util.test.junit.AutoTests" name="[443] /home/travis/build/icyphy/ptII/ptolemy/actor/lib/test/auto/funcApplyInExpr.xml (RunModel)" time="0.003" />
  <testcase classname="ptolemy.util.test.junit.AutoTests" name="[444] /home/travis/build/icyphy/ptII/ptolemy/actor/lib/test/auto/function.xml (RunModel)" time="0.007" />
  <testcase classname="ptolemy.util.test.junit.AutoTests" name="[445] /home/travis/build/icyphy/ptII/ptolemy/actor/lib/test/auto/function2.xml (RunModel)" time="0.006" />
  <testcase classname="ptolemy.util.test.junit.AutoTests" name="[446] /home/travis/build/icyphy/ptII/ptolemy/actor/lib/test/auto/function3.xml (RunModel)" time="0.005" />
  <testcase classname="ptolemy.util.test.junit.AutoTests" name="[447] /home/travis/build/icyphy/ptII/ptolemy/actor/lib/test/auto/functionClosureTest1.xml (RunModel)" time="0.007" />
  <testcase classname="ptolemy.util.test.junit.AutoTests" name="[448] /home/travis/build/icyphy/ptII/ptolemy/actor/lib/test/auto/functionClosureTest2.xml (RunModel)" time="0.004" />
  <testcase classname="ptolemy.util.test.junit.AutoTests" name="[449] /home/travis/build/icyphy/ptII/ptolemy/actor/lib/test/auto/functionClosureTest3.xml (RunModel)" time="0.007" />
  <testcase classname="ptolemy.util.test.junit.AutoTests" name="[450] /home/travis/build/icyphy/ptII/ptolemy/actor/lib/test/auto/functionClosureTest4.xml (RunModel)" time="0.01" />
  <testcase classname="ptolemy.util.test.junit.AutoTests" name="[451] /home/travis/build/icyphy/ptII/ptolemy/actor/lib/test/auto/functionClosureTest5.xml (RunModel)" time="0.009" />
  <testcase classname="ptolemy.util.test.junit.AutoTests" name="[452] /home/travis/build/icyphy/ptII/ptolemy/actor/lib/test/auto/functionClosureTest6.xml (RunModel)" time="0.007" />
  <testcase classname="ptolemy.util.test.junit.AutoTests" name="[453] /home/travis/build/icyphy/ptII/ptolemy/actor/lib/test/auto/functionsOnArcs.xml (RunModel)" time="0.008" />
  <testcase classname="ptolemy.util.test.junit.AutoTests" name="[454] /home/travis/build/icyphy/ptII/ptolemy/actor/lib/test/auto/functionsOnArcsHOF.xml (RunModel)" time="0.009" />
  <testcase classname="ptolemy.util.test.junit.AutoTests" name="[455] /home/travis/build/icyphy/ptII/ptolemy/actor/lib/test/auto/logic.xml (RunModel)" time="0.011" />
  <testcase classname="ptolemy.util.test.junit.AutoTests" name="[456] /home/travis/build/icyphy/ptII/ptolemy/actor/lib/test/auto/matrixType.xml (RunModel)" time="0.007" />
  <testcase classname="ptolemy.util.test.junit.AutoTests" name="[457] /home/travis/build/icyphy/ptII/ptolemy/actor/lib/test/auto/matrixType10.xml (RunModel)" time="0.007" />
  <testcase classname="ptolemy.util.test.junit.AutoTests" name="[458] /home/travis/build/icyphy/ptII/ptolemy/actor/lib/test/auto/matrixType11.xml (RunModel)" time="0.006" />
  <testcase classname="ptolemy.util.test.junit.AutoTests" name="[459] /home/travis/build/icyphy/ptII/ptolemy/actor/lib/test/auto/matrixType12.xml (RunModel)" time="0.007" />
  <testcase classname="ptolemy.util.test.junit.AutoTests" name="[460] /home/travis/build/icyphy/ptII/ptolemy/actor/lib/test/auto/matrixType13.xml (RunModel)" time="0.006" />
  <testcase classname="ptolemy.util.test.junit.AutoTests" name="[461] /home/travis/build/icyphy/ptII/ptolemy/actor/lib/test/auto/matrixType14.xml (RunModel)" time="0.008" />
  <testcase classname="ptolemy.util.test.junit.AutoTests" name="[462] /home/travis/build/icyphy/ptII/ptolemy/actor/lib/test/auto/matrixType2.xml (RunModel)" time="0.007" />
  <testcase classname="ptolemy.util.test.junit.AutoTests" name="[463] /home/travis/build/icyphy/ptII/ptolemy/actor/lib/test/auto/matrixType3.xml (RunModel)" time="0.006" />
  <testcase classname="ptolemy.util.test.junit.AutoTests" name="[464] /home/travis/build/icyphy/ptII/ptolemy/actor/lib/test/auto/matrixType4.xml (RunModel)" time="0.008" />
  <testcase classname="ptolemy.util.test.junit.AutoTests" name="[465] /home/travis/build/icyphy/ptII/ptolemy/actor/lib/test/auto/matrixType5.xml (RunModel)" time="0.006" />
  <testcase classname="ptolemy.util.test.junit.AutoTests" name="[466] /home/travis/build/icyphy/ptII/ptolemy/actor/lib/test/auto/matrixType6.xml (RunModel)" time="0.006" />
  <testcase classname="ptolemy.util.test.junit.AutoTests" name="[467] /home/travis/build/icyphy/ptII/ptolemy/actor/lib/test/auto/matrixType7.xml (RunModel)" time="0.006" />
  <testcase classname="ptolemy.util.test.junit.AutoTests" name="[468] /home/travis/build/icyphy/ptII/ptolemy/actor/lib/test/auto/matrixType8.xml (RunModel)" time="0.007" />
  <testcase classname="ptolemy.util.test.junit.AutoTests" name="[469] /home/travis/build/icyphy/ptII/ptolemy/actor/lib/test/auto/matrixType9.xml (RunModel)" time="0.007" />
  <testcase classname="ptolemy.util.test.junit.AutoTests" name="[470] /home/travis/build/icyphy/ptII/ptolemy/actor/lib/test/auto/paraFunctest.xml (RunModel)" time="0.016" />
  <testcase classname="ptolemy.util.test.junit.AutoTests" name="[471] /home/travis/build/icyphy/ptII/ptolemy/actor/lib/test/auto/paraFunctest2.xml (RunModel)" time="0.006" />
  <testcase classname="ptolemy.util.test.junit.AutoTests" name="[472] /home/travis/build/icyphy/ptII/ptolemy/actor/lib/test/auto/parameterPassing.xml (RunModel)" time="0.005" />
  <testcase classname="ptolemy.util.test.junit.AutoTests" name="[473] /home/travis/build/icyphy/ptII/ptolemy/actor/lib/test/auto/record.xml (RunModel)" time="0.007" />
  <testcase classname="ptolemy.util.test.junit.AutoTests" name="[474] /home/travis/build/icyphy/ptII/ptolemy/actor/lib/test/auto/sizedarray1.xml (RunModel)" time="0.006" />
  <testcase classname="ptolemy.util.test.junit.AutoTests" name="[475] /home/travis/build/icyphy/ptII/ptolemy/actor/lib/test/auto/sizedarray2.xml (RunModel)" time="0.011" />
  <testcase classname="ptolemy.util.test.junit.AutoTests" name="[476] /home/travis/build/icyphy/ptII/ptolemy/actor/lib/test/auto/twoPublishers.xml (RunModel)" time="0.019" />
  <system-out><![CDATA[/home/travis/build/icyphy/ptII/ptolemy/actor/lib/test/AbsoluteValue.tcl
testDefs.tcl: setting time out to 9000 seconds at Wed May 30 01:20:25 UTC 2018
76 ms. Memory: 116224K Free: 107875K (93%)
4 ms. Memory: 116224K Free: 106641K (92%)
5 ms. Memory: 116224K Free: 106005K (91%)
4 ms. Memory: 116224K Free: 105400K (91%)
/home/travis/build/icyphy/ptII/ptolemy/actor/lib/test/AddSubtract.tcl
17 ms. Memory: 116224K Free: 103004K (89%)
6 ms. Memory: 116224K Free: 102407K (88%)
17 ms. Memory: 116224K Free: 101771K (88%)
13 ms. Memory: 116224K Free: 100577K (87%)
13 ms. Memory: 116224K Free: 99980K (86%)
12 ms. Memory: 116224K Free: 99368K (85%)
/home/travis/build/icyphy/ptII/ptolemy/actor/lib/test/Average.tcl
15 ms. Memory: 116224K Free: 97561K (84%)
9 ms. Memory: 116224K Free: 96352K (83%)
/home/travis/build/icyphy/ptII/ptolemy/actor/lib/test/Bernoulli.tcl
12 ms. Memory: 116224K Free: 94530K (81%)
2 ms. Memory: 116224K Free: 93933K (81%)
/home/travis/build/icyphy/ptII/ptolemy/actor/lib/test/Clock.tcl
preinitializing
resolving types
initializing
executing number 1
wrapping up
idle
19 ms. Memory: 116224K Free: 92127K (79%)
Completed execution with 5 iterations
preinitializing
resolving types
initializing
executing number 1
wrapping up
idle
17 ms. Memory: 116224K Free: 90933K (78%)
Completed execution with 5 iterations
preinitializing
resolving types
initializing
executing number 1
wrapping up
idle
8 ms. Memory: 116224K Free: 90336K (78%)
Completed execution with 5 iterations
/home/travis/build/icyphy/ptII/ptolemy/actor/lib/test/Commutator.tcl
12 ms. Memory: 116224K Free: 88523K (76%)
6 ms. Memory: 116224K Free: 87321K (75%)
10 ms. Memory: 116224K Free: 83041K (71%)
/home/travis/build/icyphy/ptII/ptolemy/actor/lib/test/Const.tcl
17 ms. Memory: 146944K Free: 139931K (95%)
11 ms. Memory: 146944K Free: 139931K (95%)
2 ms. Memory: 146944K Free: 138725K (94%)
2 ms. Memory: 146944K Free: 138725K (94%)
2 ms. Memory: 146944K Free: 137519K (94%)
21 ms. Memory: 146944K Free: 136313K (93%)
9 ms. Memory: 146944K Free: 135106K (92%)
4 ms. Memory: 146944K Free: 133908K (91%)
/home/travis/build/icyphy/ptII/ptolemy/actor/lib/test/CurrentTime.tcl
preinitializing
resolving types
initializing
executing number 1
wrapping up
idle
9 ms. Memory: 146944K Free: 132710K (90%)
Completed execution with 11 iterations
/home/travis/build/icyphy/ptII/ptolemy/actor/lib/test/DB.tcl
7 ms. Memory: 146944K Free: 130314K (89%)
2 ms. Memory: 146944K Free: 130314K (89%)
1 ms. Memory: 146944K Free: 129124K (88%)
/home/travis/build/icyphy/ptII/ptolemy/actor/lib/test/DiscreteRandomSource.tcl
preinitializing
resolving types
initializing
executing number 1
wrapping up
idle
8 ms. Memory: 146944K Free: 127918K (87%)
Completed execution with 4 iterations
preinitializing
resolving types
initializing
executing number 1
wrapping up
idle
5 ms. Memory: 146944K Free: 127918K (87%)
Completed execution with 4 iterations
preinitializing
resolving types
initializing
executing number 1
wrapping up
idle
2 ms. Memory: 146944K Free: 126712K (86%)
Completed execution with 4 iterations
preinitializing
resolving types
initializing
executing number 1
wrapping up
idle
3 ms. Memory: 146944K Free: 126712K (86%)
Completed execution with 4 iterations
preinitializing
resolving types
initializing
executing number 1
wrapping up
idle
8 ms. Memory: 146944K Free: 126712K (86%)
Completed execution with 4 iterations
/home/travis/build/icyphy/ptII/ptolemy/actor/lib/test/Distributor.tcl
5 ms. Memory: 146944K Free: 124331K (85%)
11 ms. Memory: 146944K Free: 124331K (85%)
StreamChangeRequest.changeExecuted(): <deleteEntity name="rec2"/> succeeded
StreamChangeRequest.changeExecuted(): <deleteRelation name="r2"/> succeeded
StreamChangeRequest.changeExecuted(): Record firings per iteration succeeded
6 ms. Memory: 146944K Free: 121951K (83%)
/home/travis/build/icyphy/ptII/ptolemy/actor/lib/test/Exit.tcl
Exit.tcl: this will print a message about Manager.exitAfterWrapup, which can be ignored.
6 ms. Memory: 146944K Free: 117766K (80%)
/home/travis/build/icyphy/ptII/ptolemy/actor/lib/test/Expression.tcl
8 ms. Memory: 146944K Free: 115347K (78%)
9 ms. Memory: 146944K Free: 114157K (78%)
3 ms. Memory: 146944K Free: 114157K (78%)
preinitializing
resolving types
initializing
executing number 1
wrapping up
idle
13 ms. Memory: 146944K Free: 111777K (76%)
Completed execution with 6 iterations
4 ms. Memory: 146944K Free: 111777K (76%)
3 ms. Memory: 146944K Free: 110587K (75%)
5 ms. Memory: 146944K Free: 109397K (74%)
4 ms. Memory: 146944K Free: 108207K (74%)
9 ms. Memory: 146944K Free: 107017K (73%)
/home/travis/build/icyphy/ptII/ptolemy/actor/lib/test/Gaussian.tcl
4 ms. Memory: 146944K Free: 104637K (71%)
sleeping 1 seconds: ...................................................................................................................................................................................................................................................................................................................................................................................................................................................................................................................................................................................................................................................................................................................................................................................................................................................................................................................................................................................................................................................................................................................................................................................................................................................................................................................................................................................................................................................................................................................................................................................................................................................................................................................................................................................................................................................................................................................................................................................................................................................................................................................................................................................................................................................................................................................................................................................................................................................................................................................................................................................................................................................................................................................................................................................................................................................................................................................................................................................................................................................................................................................................................................................................................................................................................................................................................................................................................................................................................................................................................................................................................................................................................................................................................................................................................................................................................................................................................................................................................................................................................................................................................................................................................................................................................................................................................................................................................................................................................................................................................................................................................................................................................................................................................................................................................................................................................................................................................................................................................................................................................................................................................................................................................................................................................................................................................................................................................................................................................................................................................................................................................................................................................................................................................................................................................................................................................................................................................................................................................................................................................................................................................................................................................................................................................................................................................................................................................................................................................................................................................................................................................................................................................................................................................................................................................................................................................................................................................................................................................................................................................................................................................................................................................................................................................................................................................................................................................................................................................................................................................................................................................................................................................................................................................................................................................................................................................................................................................................................................................................................................................................................................................................................................................................................................................................................................................................................................................................................................................................................................................................................................................................................................................................................................................................................................................................................................................................................................................................................................................................................................................................................................................................................................................................................................................................................................................................................................................................................................................................................................................................................................................................................................................................................................................................................................................................................................................................................................................................................................................................................................................................................................................................................................................................................................................................................................................................................................................................................................................................................................................................................................................................................................................................................................................................................................................................................................................................................................................................................................................................................................................................................................................................................................................................................................................................................................................................................................................................................................................................................................................................................................................................................................................................................................................................................................................................................................................................................................................................................................................................................................................................................................................................................................................................................................................................................................................................................................................................................................................................................................................................................................................................................................................................................................................................................................................................................................................................................................................................................................................................................................................................................................................................................................................................................................................................................................................................................................................................................................................................................................................................................................................................................................................................................................................................................................................................................................................................................................................................................................................................................................................................................................................................................................................................................................................................................................................................................................................................................................................................................................................................................................................................................................................................................................................................................................................................................................................................................................................................................................................................................................................................................................................................................................................................................................................................................................................................................................................................................................................................................................................................................................................................................................................................................................................................................................................................................................................................................................................................................................................................................................................................................................................................................................................................................................................................................................................................................................................................................................................................................................................................................................................................................................................................................................................................................................................................................................................................................................................................................................................................................................................................................................................................................................................................................................................................................................................................................................................................................................................................................................................................................................................................................................................................................................................................................................................................................................................................................................................................................................................................................................................................................................................................................................................................................................................................................................................................................................................4 ms. Memory: 146944K Free: 89827K (61%)
2 ms. Memory: 146944K Free: 89827K (61%)
3 ms. Memory: 146944K Free: 88643K (60%)
6 ms. Memory: 146944K Free: 87199K (59%)
6 ms. Memory: 146944K Free: 87199K (59%)
/home/travis/build/icyphy/ptII/ptolemy/actor/lib/test/IIR.tcl
/home/travis/build/icyphy/ptII/ptolemy/actor/lib/test/Interpolator.tcl
6 ms. Memory: 146944K Free: 83646K (57%)
1 ms. Memory: 146944K Free: 82462K (56%)
5 ms. Memory: 146944K Free: 82462K (56%)
1 ms. Memory: 146944K Free: 81277K (55%)
2 ms. Memory: 146944K Free: 80499K (55%)
13 ms. Memory: 208384K Free: 200690K (96%)
6 ms. Memory: 208384K Free: 200352K (96%)
5 ms. Memory: 208384K Free: 200352K (96%)
9 ms. Memory: 208384K Free: 197952K (95%)
3 ms. Memory: 208384K Free: 197952K (95%)
/home/travis/build/icyphy/ptII/ptolemy/actor/lib/test/MathFunction.tcl
6 ms. Memory: 208384K Free: 195552K (94%)
2 ms. Memory: 208384K Free: 195552K (94%)
2 ms. Memory: 208384K Free: 193152K (93%)
2 ms. Memory: 208384K Free: 193152K (93%)
3 ms. Memory: 208384K Free: 190753K (92%)
5 ms. Memory: 208384K Free: 188353K (90%)
/home/travis/build/icyphy/ptII/ptolemy/actor/lib/test/Maximum.tcl
4 ms. Memory: 208384K Free: 188353K (90%)
2 ms. Memory: 208384K Free: 185953K (89%)
2 ms. Memory: 208384K Free: 185953K (89%)
3 ms. Memory: 208384K Free: 185953K (89%)
/home/travis/build/icyphy/ptII/ptolemy/actor/lib/test/Minimum.tcl
3 ms. Memory: 208384K Free: 183553K (88%)
2 ms. Memory: 208384K Free: 183553K (88%)
2 ms. Memory: 208384K Free: 181153K (87%)
2 ms. Memory: 208384K Free: 181153K (87%)
/home/travis/build/icyphy/ptII/ptolemy/actor/lib/test/MultiplyDivide.tcl
4 ms. Memory: 208384K Free: 178754K (86%)
2 ms. Memory: 208384K Free: 178754K (86%)
2 ms. Memory: 208384K Free: 178754K (86%)
3 ms. Memory: 208384K Free: 176354K (85%)
2 ms. Memory: 208384K Free: 176354K (85%)
/home/travis/build/icyphy/ptII/ptolemy/actor/lib/test/OrderedMerge.tcl
Connections changed on port: inputA
Connections changed on port: inputB
Connections changed on port: output
Connections changed on port: output
Connections changed on port: output
Connections changed on port: input
.top. Preinitializing ...
Invoking preinitialize():  .top.OrderedMerge
Called preinitialize()
Invoking preinitialize():  .top.Ramp
Called preinitialize()
Invoking preinitialize():  .top.Ramp2
Called preinitialize()
Invoking preinitialize():  .top.Test
Called preinitialize()
Connections changed on port: inputA
Connections changed on port: output
Connections changed on port: inputB
Connections changed on port: output
Connections changed on port: output
Connections changed on port: input
.top. Finished preinitialize().
Called initialize().
Invoking initialize():  .top.OrderedMerge
Initializing actor: .top.OrderedMerge
Adding a thread: .top.OrderedMerge
Invoking initialize():  .top.Ramp
Initializing actor: .top.Ramp
Adding a thread: .top.Ramp
Invoking initialize():  .top.Ramp2
Initializing actor: .top.Ramp2
Adding a thread: .top.Ramp2
Invoking initialize():  .top.Test
Initializing actor: .top.Test
Adding a thread: .top.Test
-- Starting thread.
Called initialize()
Called prefire()
Called fire()
-- Starting thread.
Called initialize()
Called prefire()
Called fire()
Called postfire()
Called prefire()
Called fire()
-- Starting thread.
Called initialize()
Called prefire()
Called fire()
Called postfire()
Called prefire()
Called fire()
Called fire().
Checking for deadlock:
There are 3 Blocked actors, 0 Stopped actors, and 4 active threads.
Waiting for actors to stop.
-- Starting thread.
Called initialize()
Called prefire()
Called fire()
Checking for deadlock:
There are 2 Blocked actors, 0 Stopped actors, and 4 active threads.
Waiting for actors to stop.
Called postfire()
Called prefire()
Called fire()
Checking for deadlock:
There are 3 Blocked actors, 0 Stopped actors, and 4 active threads.
Waiting for actors to stop.
Read input token from inputA with value 0.0
Next port to read input from is inputB
Called postfire()
Called prefire()
Called fire()
Checking for deadlock:
There are 2 Blocked actors, 0 Stopped actors, and 4 active threads.
Waiting for actors to stop.
Called postfire()
Called prefire()
Called fire()
Checking for deadlock:
There are 3 Blocked actors, 0 Stopped actors, and 4 active threads.
Waiting for actors to stop.
Read input token from inputB with value 0.0
Checking for deadlock:
There are 2 Blocked actors, 0 Stopped actors, and 4 active threads.
Waiting for actors to stop.
-- Read input: 0.0, which is expected to match: 0.0
Called prefire()
Called fire()
Checking for deadlock:
There are 3 Blocked actors, 0 Stopped actors, and 4 active threads.
Waiting for actors to stop.
Sent output token with value 0.0
Next port to read input from is inputA
Called postfire()
Called prefire()
Called fire()
Checking for deadlock:
There are 2 Blocked actors, 0 Stopped actors, and 4 active threads.
Waiting for actors to stop.
Called postfire()
Called prefire()
Called fire()
Checking for deadlock:
There are 3 Blocked actors, 0 Stopped actors, and 4 active threads.
Waiting for actors to stop.
Read input token from inputA with value 1.0
Checking for deadlock:
There are 2 Blocked actors, 0 Stopped actors, and 4 active threads.
Waiting for actors to stop.
-- Read input: 0.0, which is expected to match: 0.0
Called prefire()
Called fire()
Checking for deadlock:
There are 3 Blocked actors, 0 Stopped actors, and 4 active threads.
Waiting for actors to stop.
Sent output token with value 0.0
Next port to read input from is inputB
Called postfire()
Called prefire()
Called fire()
Checking for deadlock:
There are 2 Blocked actors, 0 Stopped actors, and 4 active threads.
Waiting for actors to stop.
Called postfire()
Called prefire()
Called fire()
Checking for deadlock:
There are 3 Blocked actors, 0 Stopped actors, and 4 active threads.
Waiting for actors to stop.
Read input token from inputB with value 1.5
Checking for deadlock:
There are 2 Blocked actors, 0 Stopped actors, and 4 active threads.
Waiting for actors to stop.
-- Read input: 1.0, which is expected to match: 1.0
Called prefire()
Called fire()
Checking for deadlock:
There are 3 Blocked actors, 0 Stopped actors, and 4 active threads.
Waiting for actors to stop.
Sent output token with value 1.0
Next port to read input from is inputA
Called postfire()
Called prefire()
Called fire()
Checking for deadlock:
There are 2 Blocked actors, 0 Stopped actors, and 4 active threads.
Waiting for actors to stop.
Called postfire()
Called prefire()
Called fire()
Checking for deadlock:
There are 3 Blocked actors, 0 Stopped actors, and 4 active threads.
Waiting for actors to stop.
Read input token from inputA with value 2.0
Checking for deadlock:
There are 2 Blocked actors, 0 Stopped actors, and 4 active threads.
Waiting for actors to stop.
-- Read input: 1.5, which is expected to match: 1.5
Called prefire()
Called fire()
Checking for deadlock:
There are 3 Blocked actors, 0 Stopped actors, and 4 active threads.
Waiting for actors to stop.
Sent output token with value 1.5
Next port to read input from is inputB
Called postfire()
Called prefire()
Called fire()
Checking for deadlock:
There are 2 Blocked actors, 0 Stopped actors, and 4 active threads.
Waiting for actors to stop.
Called postfire()
Called prefire()
Called fire()
Checking for deadlock:
There are 3 Blocked actors, 0 Stopped actors, and 4 active threads.
Waiting for actors to stop.
Read input token from inputB with value 3.0
Checking for deadlock:
There are 2 Blocked actors, 0 Stopped actors, and 4 active threads.
Waiting for actors to stop.
-- Read input: 2.0, which is expected to match: 2.0
Called prefire()
Called fire()
Checking for deadlock:
There are 3 Blocked actors, 0 Stopped actors, and 4 active threads.
Waiting for actors to stop.
Sent output token with value 2.0
Next port to read input from is inputA
Called postfire()
Called prefire()
Called fire()
Checking for deadlock:
There are 2 Blocked actors, 0 Stopped actors, and 4 active threads.
Waiting for actors to stop.
Called postfire()
Called prefire()
Called fire()
Checking for deadlock:
There are 3 Blocked actors, 0 Stopped actors, and 4 active threads.
Waiting for actors to stop.
Read input token from inputA with value 3.0
Checking for deadlock:
There are 2 Blocked actors, 0 Stopped actors, and 4 active threads.
Waiting for actors to stop.
-- Read input: 3.0, which is expected to match: 3.0
Called prefire()
Called fire()
Checking for deadlock:
There are 3 Blocked actors, 0 Stopped actors, and 4 active threads.
Waiting for actors to stop.
Sent output token with value 3.0
Next port to read input from is inputB
Called postfire()
Called prefire()
Called fire()
Checking for deadlock:
There are 2 Blocked actors, 0 Stopped actors, and 4 active threads.
Waiting for actors to stop.
Called postfire()
Called prefire()
Called fire()
Checking for deadlock:
There are 3 Blocked actors, 0 Stopped actors, and 4 active threads.
Waiting for actors to stop.
Read input token from inputB with value 4.5
Checking for deadlock:
There are 2 Blocked actors, 0 Stopped actors, and 4 active threads.
Waiting for actors to stop.
-- Read input: 3.0, which is expected to match: 3.0
Called prefire()
Called fire()
Checking for deadlock:
There are 3 Blocked actors, 0 Stopped actors, and 4 active threads.
Waiting for actors to stop.
Sent output token with value 3.0
Next port to read input from is inputA
Called postfire()
Called prefire()
Called fire()
Checking for deadlock:
There are 2 Blocked actors, 0 Stopped actors, and 4 active threads.
Waiting for actors to stop.
Called postfire()
Called prefire()
Called fire()
Checking for deadlock:
There are 3 Blocked actors, 0 Stopped actors, and 4 active threads.
Waiting for actors to stop.
Read input token from inputA with value 4.0
Checking for deadlock:
There are 2 Blocked actors, 0 Stopped actors, and 4 active threads.
Waiting for actors to stop.
-- Read input: 4.0, which is expected to match: 4.0
Called prefire()
Called fire()
Past the end of training data. Read and discard all inputs.
Checking for deadlock:
There are 3 Blocked actors, 0 Stopped actors, and 4 active threads.
Waiting for actors to stop.
Sent output token with value 4.0
Next port to read input from is inputA
Called postfire()
Called prefire()
Called fire()
Checking for deadlock:
There are 2 Blocked actors, 0 Stopped actors, and 4 active threads.
Waiting for actors to stop.
Called postfire()
Called prefire()
Called fire()
Checking for deadlock:
There are 3 Blocked actors, 0 Stopped actors, and 4 active threads.
Waiting for actors to stop.
Read input token from inputA with value 5.0
Checking for deadlock:
There are 2 Blocked actors, 0 Stopped actors, and 4 active threads.
Waiting for actors to stop.
Called prefire()
Called fire()
Past the end of training data. Read and discard all inputs.
Checking for deadlock:
There are 3 Blocked actors, 0 Stopped actors, and 4 active threads.
Waiting for actors to stop.
Sent output token with value 4.5
Next port to read input from is inputB
Called postfire()
Called prefire()
Called fire()
Checking for deadlock:
There are 2 Blocked actors, 0 Stopped actors, and 4 active threads.
Waiting for actors to stop.
Called postfire()
Called prefire()
Called fire()
Checking for deadlock:
There are 3 Blocked actors, 0 Stopped actors, and 4 active threads.
Waiting for actors to stop.
Read input token from inputB with value 6.0
Checking for deadlock:
There are 2 Blocked actors, 0 Stopped actors, and 4 active threads.
Waiting for actors to stop.
Called prefire()
Called fire()
Past the end of training data. Read and discard all inputs.
Checking for deadlock:
There are 3 Blocked actors, 0 Stopped actors, and 4 active threads.
Waiting for actors to stop.
Sent output token with value 5.0
Next port to read input from is inputA
Called postfire()
Called prefire()
Called fire()
Checking for deadlock:
There are 2 Blocked actors, 0 Stopped actors, and 4 active threads.
Waiting for actors to stop.
Called postfire()
Called prefire()
Called fire()
Checking for deadlock:
There are 3 Blocked actors, 0 Stopped actors, and 4 active threads.
Waiting for actors to stop.
Read input token from inputA with value 6.0
Checking for deadlock:
There are 2 Blocked actors, 0 Stopped actors, and 4 active threads.
Waiting for actors to stop.
Called prefire()
Called fire()
Past the end of training data. Read and discard all inputs.
Checking for deadlock:
There are 3 Blocked actors, 0 Stopped actors, and 4 active threads.
Waiting for actors to stop.
Sent output token with value 6.0
Next port to read input from is inputB
Called postfire()
Called prefire()
Called fire()
Checking for deadlock:
There are 2 Blocked actors, 0 Stopped actors, and 4 active threads.
Waiting for actors to stop.
Called postfire()
Called prefire()
Called fire()
Checking for deadlock:
There are 3 Blocked actors, 0 Stopped actors, and 4 active threads.
Waiting for actors to stop.
Read input token from inputB with value 7.5
Checking for deadlock:
There are 2 Blocked actors, 0 Stopped actors, and 4 active threads.
Waiting for actors to stop.
Called prefire()
Called fire()
Past the end of training data. Read and discard all inputs.
Checking for deadlock:
There are 3 Blocked actors, 0 Stopped actors, and 4 active threads.
Waiting for actors to stop.
Sent output token with value 6.0
Next port to read input from is inputA
Called postfire()
Called prefire()
Called fire()
Checking for deadlock:
There are 2 Blocked actors, 0 Stopped actors, and 4 active threads.
Waiting for actors to stop.
Called postfire()
Called prefire()
Called fire()
Checking for deadlock:
There are 3 Blocked actors, 0 Stopped actors, and 4 active threads.
Waiting for actors to stop.
Read input token from inputA with value 7.0
Checking for deadlock:
There are 2 Blocked actors, 0 Stopped actors, and 4 active threads.
Waiting for actors to stop.
Called prefire()
Called fire()
Past the end of training data. Read and discard all inputs.
Checking for deadlock:
There are 3 Blocked actors, 0 Stopped actors, and 4 active threads.
Waiting for actors to stop.
Sent output token with value 7.0
Next port to read input from is inputA
Called postfire()
Called prefire()
Called fire()
Checking for deadlock:
There are 2 Blocked actors, 0 Stopped actors, and 4 active threads.
Waiting for actors to stop.
-- Thread wrapup() called.
Called wrapup()
Thread .top.Ramp is exiting.
-- Thread stopped.
Checking for deadlock:
There are 2 Blocked actors, 0 Stopped actors, and 3 active threads.
Waiting for actors to stop.
Read input token from inputA with value 8.0
Checking for deadlock:
There are 1 Blocked actors, 0 Stopped actors, and 3 active threads.
Waiting for actors to stop.
Called prefire()
Called fire()
Past the end of training data. Read and discard all inputs.
Checking for deadlock:
There are 2 Blocked actors, 0 Stopped actors, and 3 active threads.
Waiting for actors to stop.
Sent output token with value 7.5
Next port to read input from is inputB
Called postfire()
Called prefire()
Called fire()
Checking for deadlock:
There are 1 Blocked actors, 0 Stopped actors, and 3 active threads.
Waiting for actors to stop.
Called postfire()
Called prefire()
Called fire()
Checking for deadlock:
There are 2 Blocked actors, 0 Stopped actors, and 3 active threads.
Waiting for actors to stop.
Read input token from inputB with value 9.0
Checking for deadlock:
There are 1 Blocked actors, 0 Stopped actors, and 3 active threads.
Waiting for actors to stop.
Called prefire()
Called fire()
Past the end of training data. Read and discard all inputs.
Checking for deadlock:
There are 2 Blocked actors, 0 Stopped actors, and 3 active threads.
Waiting for actors to stop.
Sent output token with value 8.0
Next port to read input from is inputA
Called postfire()
Called prefire()
Called fire()
Read input token from inputA with value 9.0
Checking for deadlock:
There are 1 Blocked actors, 0 Stopped actors, and 3 active threads.
Waiting for actors to stop.
Called prefire()
Called fire()
Past the end of training data. Read and discard all inputs.
Checking for deadlock:
There are 2 Blocked actors, 0 Stopped actors, and 3 active threads.
Waiting for actors to stop.
Sent output token with value 9.0
Next port to read input from is inputB
Called postfire()
Called prefire()
Called fire()
Checking for deadlock:
There are 1 Blocked actors, 0 Stopped actors, and 3 active threads.
Waiting for actors to stop.
Called postfire()
Called prefire()
Called fire()
Checking for deadlock:
There are 2 Blocked actors, 0 Stopped actors, and 3 active threads.
Waiting for actors to stop.
Read input token from inputB with value 10.5
Checking for deadlock:
There are 1 Blocked actors, 0 Stopped actors, and 3 active threads.
Waiting for actors to stop.
Called prefire()
Called fire()
Past the end of training data. Read and discard all inputs.
Checking for deadlock:
There are 2 Blocked actors, 0 Stopped actors, and 3 active threads.
Waiting for actors to stop.
Sent output token with value 9.0
Next port to read input from is inputA
Called postfire()
Called prefire()
Called fire()
Checking for deadlock:
There are 3 Blocked actors, 0 Stopped actors, and 3 active threads.
Actors have stopped.
Checking for deadlock:
There are 3 Blocked actors, 0 Stopped actors, and 3 active threads.
Deadlock detected.
Resolving Deadlock
Checking for deadlock:
There are 3 Blocked actors, 0 Stopped actors, and 3 active threads.
Artificial Deadlock - increasing queue capacity.
increasing the capacity of receiver ptolemy.actor.TypedIOPort {.top.OrderedMerge.inputB} to 2
Director: Called postfire().
Called postfire().
_stopRequested = false
_stopFireRequested = false
Returning from postfire(): true
Called fire().
Checking for deadlock:
There are 2 Blocked actors, 0 Stopped actors, and 3 active threads.
Waiting for actors to stop.
-- Thread wrapup() called.
Called wrapup()
Thread .top.Ramp2 is exiting.
-- Thread stopped.
Checking for deadlock:
There are 2 Blocked actors, 0 Stopped actors, and 2 active threads.
Actors have stopped.
Checking for deadlock:
There are 2 Blocked actors, 0 Stopped actors, and 2 active threads.
Deadlock detected.
Resolving Deadlock
Checking for deadlock:
There are 2 Blocked actors, 0 Stopped actors, and 2 active threads.
Deadlock detected: no processes blocked on write, but some are blocked on read.
Called postfire().
_stopRequested = false
_stopFireRequested = false
Returning from postfire(): false
Finished deactivating branches.
Called wrapup().
-- Thread wrapup() called.
Called wrapup()
Thread .top.Test is exiting.
-- Thread stopped.
-- Blocked Receiver call threw TerminateProcessException.
-- Thread wrapup() called.
Called wrapup()
Thread .top.OrderedMerge is exiting.
33 ms. Memory: 208384K Free: 169039K (81%)
.top. Preinitializing ...
Invoking preinitialize():  .top.OrderedMerge
Called preinitialize()
Invoking preinitialize():  .top.Ramp
Called preinitialize()
Invoking preinitialize():  .top.Ramp2
Called preinitialize()
Invoking preinitialize():  .top.Test
Called preinitialize()
.top. Finished preinitialize().
Called initialize().
Invoking initialize():  .top.OrderedMerge
-- Thread stopped.
Initializing actor: .top.OrderedMerge
-- Blocked Receiver call threw TerminateProcessException.
Adding a thread: .top.OrderedMerge
Invoking initialize():  .top.Ramp
Initializing actor: .top.Ramp
Adding a thread: .top.Ramp
Invoking initialize():  .top.Ramp2
Initializing actor: .top.Ramp2
Adding a thread: .top.Ramp2
Invoking initialize():  .top.Test
Initializing actor: .top.Test
Adding a thread: .top.Test
-- Starting thread.
Called initialize()
Called prefire()
Called fire()
-- Starting thread.
Called initialize()
Called prefire()
Called fire()
Called postfire()
Called prefire()
Called fire()
-- Starting thread.
Called initialize()
Called prefire()
Called fire()
Called postfire()
Called prefire()
Called fire()
Called fire().
Checking for deadlock:
There are 3 Blocked actors, 0 Stopped actors, and 4 active threads.
Waiting for actors to stop.
-- Starting thread.
Called initialize()
Called prefire()
Called fire()
Checking for deadlock:
There are 2 Blocked actors, 0 Stopped actors, and 4 active threads.
Waiting for actors to stop.
Called postfire()
Called prefire()
Called fire()
Checking for deadlock:
There are 3 Blocked actors, 0 Stopped actors, and 4 active threads.
Waiting for actors to stop.
Read input token from inputA with value 0.0
Next port to read input from is inputB
Called postfire()
Called prefire()
Called fire()
Checking for deadlock:
There are 2 Blocked actors, 0 Stopped actors, and 4 active threads.
Waiting for actors to stop.
Called postfire()
Called prefire()
Called fire()
Checking for deadlock:
There are 3 Blocked actors, 0 Stopped actors, and 4 active threads.
Waiting for actors to stop.
Read input token from inputB with value 0.0
Checking for deadlock:
There are 2 Blocked actors, 0 Stopped actors, and 4 active threads.
Waiting for actors to stop.
-- Read input: 0.0, which is expected to match: 0.0
Called prefire()
Called fire()
Checking for deadlock:
There are 3 Blocked actors, 0 Stopped actors, and 4 active threads.
Waiting for actors to stop.
Sent output token with value 0.0
Next port to read input from is inputA
Called postfire()
Called prefire()
Called fire()
Checking for deadlock:
There are 2 Blocked actors, 0 Stopped actors, and 4 active threads.
Waiting for actors to stop.
Called postfire()
Called prefire()
Called fire()
Checking for deadlock:
There are 3 Blocked actors, 0 Stopped actors, and 4 active threads.
Waiting for actors to stop.
Read input token from inputA with value 1.0
Checking for deadlock:
There are 2 Blocked actors, 0 Stopped actors, and 4 active threads.
Waiting for actors to stop.
-- Read input: 0.0, which is expected to match: 0.0
Called prefire()
Called fire()
Checking for deadlock:
There are 3 Blocked actors, 0 Stopped actors, and 4 active threads.
Waiting for actors to stop.
Sent output token with value 0.0
Next port to read input from is inputB
Called postfire()
Called prefire()
Called fire()
Checking for deadlock:
There are 2 Blocked actors, 0 Stopped actors, and 4 active threads.
Waiting for actors to stop.
Called postfire()
Called prefire()
Called fire()
Checking for deadlock:
There are 3 Blocked actors, 0 Stopped actors, and 4 active threads.
Waiting for actors to stop.
Read input token from inputB with value 1.5
Checking for deadlock:
There are 2 Blocked actors, 0 Stopped actors, and 4 active threads.
Waiting for actors to stop.
-- Read input: 1.0, which is expected to match: 1.0
Called prefire()
Called fire()
Checking for deadlock:
There are 3 Blocked actors, 0 Stopped actors, and 4 active threads.
Waiting for actors to stop.
Sent output token with value 1.0
Next port to read input from is inputA
Called postfire()
Called prefire()
Called fire()
Checking for deadlock:
There are 2 Blocked actors, 0 Stopped actors, and 4 active threads.
Waiting for actors to stop.
Called postfire()
Called prefire()
Called fire()
Checking for deadlock:
There are 3 Blocked actors, 0 Stopped actors, and 4 active threads.
Waiting for actors to stop.
Read input token from inputA with value 2.0
Checking for deadlock:
There are 2 Blocked actors, 0 Stopped actors, and 4 active threads.
Waiting for actors to stop.
-- Read input: 1.5, which is expected to match: 1.5
Called prefire()
Called fire()
Checking for deadlock:
There are 3 Blocked actors, 0 Stopped actors, and 4 active threads.
Waiting for actors to stop.
Sent output token with value 1.5
Next port to read input from is inputB
Called postfire()
Called prefire()
Called fire()
Checking for deadlock:
There are 2 Blocked actors, 0 Stopped actors, and 4 active threads.
Waiting for actors to stop.
Called postfire()
Called prefire()
Called fire()
Checking for deadlock:
There are 3 Blocked actors, 0 Stopped actors, and 4 active threads.
Waiting for actors to stop.
Read input token from inputB with value 3.0
Checking for deadlock:
There are 2 Blocked actors, 0 Stopped actors, and 4 active threads.
Waiting for actors to stop.
-- Read input: 2.0, which is expected to match: 2.0
Called prefire()
Called fire()
Checking for deadlock:
There are 3 Blocked actors, 0 Stopped actors, and 4 active threads.
Waiting for actors to stop.
Sent output token with value 2.0
Next port to read input from is inputA
Called postfire()
Called prefire()
Called fire()
Checking for deadlock:
There are 2 Blocked actors, 0 Stopped actors, and 4 active threads.
Waiting for actors to stop.
Called postfire()
Called prefire()
Called fire()
Checking for deadlock:
There are 3 Blocked actors, 0 Stopped actors, and 4 active threads.
Waiting for actors to stop.
Read input token from inputA with value 3.0
Checking for deadlock:
There are 2 Blocked actors, 0 Stopped actors, and 4 active threads.
Waiting for actors to stop.
-- Read input: 3.0, which is expected to match: 3.0
Called prefire()
Called fire()
Checking for deadlock:
There are 3 Blocked actors, 0 Stopped actors, and 4 active threads.
Waiting for actors to stop.
Sent output token with value 3.0
Next port to read input from is inputB
Called postfire()
Called prefire()
Called fire()
Checking for deadlock:
There are 2 Blocked actors, 0 Stopped actors, and 4 active threads.
Waiting for actors to stop.
Called postfire()
Called prefire()
Called fire()
Checking for deadlock:
There are 3 Blocked actors, 0 Stopped actors, and 4 active threads.
Waiting for actors to stop.
Read input token from inputB with value 4.5
Checking for deadlock:
There are 2 Blocked actors, 0 Stopped actors, and 4 active threads.
Waiting for actors to stop.
-- Read input: 3.0, which is expected to match: 3.0
Called prefire()
Called fire()
Checking for deadlock:
There are 3 Blocked actors, 0 Stopped actors, and 4 active threads.
Waiting for actors to stop.
Sent output token with value 3.0
Next port to read input from is inputA
Called postfire()
Called prefire()
Called fire()
Checking for deadlock:
There are 2 Blocked actors, 0 Stopped actors, and 4 active threads.
Waiting for actors to stop.
Called postfire()
Called prefire()
Called fire()
Checking for deadlock:
There are 3 Blocked actors, 0 Stopped actors, and 4 active threads.
Waiting for actors to stop.
Read input token from inputA with value 4.0
Checking for deadlock:
There are 2 Blocked actors, 0 Stopped actors, and 4 active threads.
Waiting for actors to stop.
-- Read input: 4.0, which is expected to match: 4.0
Called prefire()
Called fire()
Past the end of training data. Read and discard all inputs.
Checking for deadlock:
There are 3 Blocked actors, 0 Stopped actors, and 4 active threads.
Waiting for actors to stop.
Sent output token with value 4.0
Next port to read input from is inputA
Called postfire()
Called prefire()
Called fire()
Checking for deadlock:
There are 2 Blocked actors, 0 Stopped actors, and 4 active threads.
Waiting for actors to stop.
Called postfire()
Called prefire()
Called fire()
Checking for deadlock:
There are 3 Blocked actors, 0 Stopped actors, and 4 active threads.
Waiting for actors to stop.
Read input token from inputA with value 5.0
Checking for deadlock:
There are 2 Blocked actors, 0 Stopped actors, and 4 active threads.
Waiting for actors to stop.
Called prefire()
Called fire()
Past the end of training data. Read and discard all inputs.
Checking for deadlock:
There are 3 Blocked actors, 0 Stopped actors, and 4 active threads.
Waiting for actors to stop.
Sent output token with value 4.5
Next port to read input from is inputB
Called postfire()
Called prefire()
Called fire()
Checking for deadlock:
There are 2 Blocked actors, 0 Stopped actors, and 4 active threads.
Waiting for actors to stop.
Called postfire()
Called prefire()
Called fire()
Checking for deadlock:
There are 3 Blocked actors, 0 Stopped actors, and 4 active threads.
Waiting for actors to stop.
Read input token from inputB with value 6.0
Checking for deadlock:
There are 2 Blocked actors, 0 Stopped actors, and 4 active threads.
Waiting for actors to stop.
Called prefire()
Called fire()
Past the end of training data. Read and discard all inputs.
Checking for deadlock:
There are 3 Blocked actors, 0 Stopped actors, and 4 active threads.
Waiting for actors to stop.
Sent output token with value 5.0
Next port to read input from is inputA
Called postfire()
Called prefire()
Called fire()
Called postfire()
Called prefire()
Called fire()
Checking for deadlock:
There are 3 Blocked actors, 0 Stopped actors, and 4 active threads.
Waiting for actors to stop.
Read input token from inputA with value 6.0
Called prefire()
Called fire()
Past the end of training data. Read and discard all inputs.
Checking for deadlock:
There are 3 Blocked actors, 0 Stopped actors, and 4 active threads.
Waiting for actors to stop.
Sent output token with value 6.0
Next port to read input from is inputB
Called postfire()
Called prefire()
Called fire()
Checking for deadlock:
There are 2 Blocked actors, 0 Stopped actors, and 4 active threads.
Waiting for actors to stop.
Called postfire()
Called prefire()
Called fire()
Checking for deadlock:
There are 3 Blocked actors, 0 Stopped actors, and 4 active threads.
Waiting for actors to stop.
Read input token from inputB with value 7.5
Checking for deadlock:
There are 2 Blocked actors, 0 Stopped actors, and 4 active threads.
Waiting for actors to stop.
Called prefire()
Called fire()
Past the end of training data. Read and discard all inputs.
Checking for deadlock:
There are 3 Blocked actors, 0 Stopped actors, and 4 active threads.
Waiting for actors to stop.
Sent output token with value 6.0
Next port to read input from is inputA
Called postfire()
Called prefire()
Called fire()
Called postfire()
Called prefire()
Called fire()
Checking for deadlock:
There are 3 Blocked actors, 0 Stopped actors, and 4 active threads.
Waiting for actors to stop.
Read input token from inputA with value 7.0
Called prefire()
Called fire()
Past the end of training data. Read and discard all inputs.
Checking for deadlock:
There are 3 Blocked actors, 0 Stopped actors, and 4 active threads.
Waiting for actors to stop.
Sent output token with value 7.0
Next port to read input from is inputA
Called postfire()
Called prefire()
Called fire()
-- Thread wrapup() called.
Called wrapup()
Thread .top.Ramp is exiting.
-- Thread stopped.
Checking for deadlock:
There are 2 Blocked actors, 0 Stopped actors, and 3 active threads.
Waiting for actors to stop.
Read input token from inputA with value 8.0
Called prefire()
Called fire()
Past the end of training data. Read and discard all inputs.
Checking for deadlock:
There are 2 Blocked actors, 0 Stopped actors, and 3 active threads.
Waiting for actors to stop.
Sent output token with value 7.5
Next port to read input from is inputB
Called postfire()
Called prefire()
Called fire()
Checking for deadlock:
There are 1 Blocked actors, 0 Stopped actors, and 3 active threads.
Waiting for actors to stop.
Called postfire()
Called prefire()
Called fire()
Checking for deadlock:
There are 2 Blocked actors, 0 Stopped actors, and 3 active threads.
Waiting for actors to stop.
Read input token from inputB with value 9.0
Checking for deadlock:
There are 1 Blocked actors, 0 Stopped actors, and 3 active threads.
Waiting for actors to stop.
Called prefire()
Called fire()
Past the end of training data. Read and discard all inputs.
Checking for deadlock:
There are 2 Blocked actors, 0 Stopped actors, and 3 active threads.
Waiting for actors to stop.
Sent output token with value 8.0
Next port to read input from is inputA
Called postfire()
Called prefire()
Called fire()
Read input token from inputA with value 9.0
Checking for deadlock:
There are 1 Blocked actors, 0 Stopped actors, and 3 active threads.
Waiting for actors to stop.
Called prefire()
Called fire()
Past the end of training data. Read and discard all inputs.
Checking for deadlock:
There are 2 Blocked actors, 0 Stopped actors, and 3 active threads.
Waiting for actors to stop.
Sent output token with value 9.0
Next port to read input from is inputB
Called postfire()
Called prefire()
Called fire()
Checking for deadlock:
There are 1 Blocked actors, 0 Stopped actors, and 3 active threads.
Waiting for actors to stop.
Called postfire()
Called prefire()
Called fire()
Checking for deadlock:
There are 2 Blocked actors, 0 Stopped actors, and 3 active threads.
Waiting for actors to stop.
Read input token from inputB with value 10.5
Checking for deadlock:
There are 1 Blocked actors, 0 Stopped actors, and 3 active threads.
Waiting for actors to stop.
Called prefire()
Called fire()
Past the end of training data. Read and discard all inputs.
Checking for deadlock:
There are 2 Blocked actors, 0 Stopped actors, and 3 active threads.
Waiting for actors to stop.
Sent output token with value 9.0
Next port to read input from is inputA
Called postfire()
Called prefire()
Called fire()
Checking for deadlock:
There are 3 Blocked actors, 0 Stopped actors, and 3 active threads.
Actors have stopped.
Checking for deadlock:
There are 3 Blocked actors, 0 Stopped actors, and 3 active threads.
Deadlock detected.
Resolving Deadlock
Checking for deadlock:
There are 3 Blocked actors, 0 Stopped actors, and 3 active threads.
Artificial Deadlock - increasing queue capacity.
increasing the capacity of receiver ptolemy.actor.TypedIOPort {.top.OrderedMerge.inputB} to 2
Director: Called postfire().
Called postfire().
_stopRequested = false
_stopFireRequested = false
Returning from postfire(): true
Called fire().
Checking for deadlock:
There are 2 Blocked actors, 0 Stopped actors, and 3 active threads.
Waiting for actors to stop.
-- Thread wrapup() called.
Called wrapup()
Thread .top.Ramp2 is exiting.
-- Thread stopped.
Checking for deadlock:
There are 2 Blocked actors, 0 Stopped actors, and 2 active threads.
Actors have stopped.
Checking for deadlock:
There are 2 Blocked actors, 0 Stopped actors, and 2 active threads.
Deadlock detected.
Resolving Deadlock
Checking for deadlock:
There are 2 Blocked actors, 0 Stopped actors, and 2 active threads.
Deadlock detected: no processes blocked on write, but some are blocked on read.
Called postfire().
_stopRequested = false
_stopFireRequested = false
Returning from postfire(): false
Finished deactivating branches.
Called wrapup().
-- Thread wrapup() called.
Called wrapup()
Thread .top.Test is exiting.
-- Thread stopped.
-- Blocked Receiver call threw TerminateProcessException.
-- Thread wrapup() called.
Called wrapup()
Thread .top.OrderedMerge is exiting.
17 ms. Memory: 208384K Free: 164124K (79%)
/home/travis/build/icyphy/ptII/ptolemy/actor/lib/test/Publisher.tcl
-- Thread stopped.
-- Blocked Receiver call threw TerminateProcessException.
29 ms. Memory: 208384K Free: 156924K (75%)
4 ms. Memory: 208384K Free: 152125K (73%)
8 ms. Memory: 208384K Free: 147325K (71%)
7 ms. Memory: 208384K Free: 147325K (71%)
4 ms. Memory: 208384K Free: 144925K (70%)
9 ms. Memory: 208384K Free: 144925K (70%)
2 ms. Memory: 208384K Free: 144925K (70%)
7 ms. Memory: 208384K Free: 142525K (68%)
1 ms. Memory: 208384K Free: 135326K (65%)
3 ms. Memory: 208384K Free: 130526K (63%)
2 ms. Memory: 208384K Free: 130526K (63%)
2 ms. Memory: 208384K Free: 128126K (61%)
7 ms. Memory: 208384K Free: 118527K (57%)
14 ms. Memory: 208384K Free: 108928K (52%)
15 ms. Memory: 208384K Free: 96928K (47%)
/home/travis/build/icyphy/ptII/ptolemy/actor/lib/test/Pulse.tcl
6 ms. Memory: 208384K Free: 174952K (84%)
6 ms. Memory: 208384K Free: 174952K (84%)
1 ms. Memory: 208384K Free: 174952K (84%)
2 ms. Memory: 208384K Free: 174952K (84%)
1 ms. Memory: 208384K Free: 172572K (83%)
5 ms. Memory: 208384K Free: 172572K (83%)
2 ms. Memory: 208384K Free: 172572K (83%)
3 ms. Memory: 208384K Free: 170192K (82%)
4 ms. Memory: 208384K Free: 170192K (82%)
/home/travis/build/icyphy/ptII/ptolemy/actor/lib/test/Ramp.tcl
7 ms. Memory: 208384K Free: 167811K (81%)
2 ms. Memory: 208384K Free: 167811K (81%)
2 ms. Memory: 208384K Free: 167811K (81%)
2 ms. Memory: 208384K Free: 165431K (79%)
4 ms. Memory: 208384K Free: 165431K (79%)
3 ms. Memory: 208384K Free: 163051K (78%)
4 ms. Memory: 208384K Free: 163051K (78%)
5 actors
5000 microseconds per iteration to create
6 ms. Memory: 208384K Free: 160670K (77%)
2 ms. Memory: 208384K Free: 160670K (77%)
2 ms. Memory: 208384K Free: 158290K (76%)
1 ms. Memory: 208384K Free: 158290K (76%)
50 actors
33000 microseconds per iteration to create
29 ms. Memory: 208384K Free: 143952K (69%)
6 ms. Memory: 208384K Free: 141572K (68%)
5 ms. Memory: 208384K Free: 141572K (68%)
5 ms. Memory: 208384K Free: 139191K (67%)
500 actors
1618000 microseconds per iteration to create
317 ms. Memory: 331776K Free: 210454K (63%)
38 ms. Memory: 331776K Free: 205674K (62%)
35 ms. Memory: 331776K Free: 200893K (61%)
32 ms. Memory: 331776K Free: 196113K (59%)
/home/travis/build/icyphy/ptII/ptolemy/actor/lib/test/RampContinuous.tcl
8 ms. Memory: 331776K Free: 196113K (59%)
/home/travis/build/icyphy/ptII/ptolemy/actor/lib/test/RecordAssembler.tcl
5 ms. Memory: 331776K Free: 191332K (58%)
6 ms. Memory: 331776K Free: 191332K (58%)
/home/travis/build/icyphy/ptII/ptolemy/actor/lib/test/RecordDisassembler.tcl
5 ms. Memory: 331776K Free: 191332K (58%)
6 ms. Memory: 331776K Free: 191332K (58%)
4 ms. Memory: 331776K Free: 186552K (56%)
/home/travis/build/icyphy/ptII/ptolemy/actor/lib/test/Scale.tcl
3 ms. Memory: 331776K Free: 186552K (56%)
2 ms. Memory: 331776K Free: 186552K (56%)
1 ms. Memory: 331776K Free: 186552K (56%)
2 ms. Memory: 331776K Free: 181766K (55%)
3 ms. Memory: 331776K Free: 181766K (55%)
/home/travis/build/icyphy/ptII/ptolemy/actor/lib/test/SequentialClock.tcl
preinitializing
resolving types
initializing
executing number 1
wrapping up
idle
5 ms. Memory: 331776K Free: 181766K (55%)
Completed execution with 5 iterations
preinitializing
resolving types
initializing
executing number 1
wrapping up
idle
4 ms. Memory: 331776K Free: 181766K (55%)
Completed execution with 5 iterations
preinitializing
resolving types
initializing
executing number 1
wrapping up
idle
1 ms. Memory: 331776K Free: 181766K (55%)
Completed execution with 5 iterations
/home/travis/build/icyphy/ptII/ptolemy/actor/lib/test/SetVariable.tcl
4 ms. Memory: 331776K Free: 176978K (53%)
/home/travis/build/icyphy/ptII/ptolemy/actor/lib/test/Sinewave.tcl
/home/travis/build/icyphy/ptII/ptolemy/actor/lib/test/SubscriptionAggregator.tcl
4 ms. Memory: 331776K Free: 162628K (49%)
3 ms. Memory: 331776K Free: 162628K (49%)
1 ms. Memory: 331776K Free: 162628K (49%)
1 ms. Memory: 331776K Free: 162628K (49%)
1 ms. Memory: 331776K Free: 157831K (48%)
8 ms. Memory: 331776K Free: 157831K (48%)
...............................................................851 ms. Memory: 579072K Free: 344820K (60%)
/home/travis/build/icyphy/ptII/ptolemy/actor/lib/test/Test.tcl
 The next command will produce a warning about training mode,
   which may be ignored.
4 ms. Memory: 579072K Free: 344820K (60%)
2 ms. Memory: 579072K Free: 344820K (60%)
1 ms. Memory: 579072K Free: 344820K (60%)
1 ms. Memory: 579072K Free: 344820K (60%)
1 ms. Memory: 579072K Free: 344820K (60%)
3 ms. Memory: 579072K Free: 344820K (60%)
3 ms. Memory: 579072K Free: 344820K (60%)
 The next command will produce a warning about training mode,
   which may be ignored.
4 ms. Memory: 579072K Free: 335167K (58%)
 The next command will produce a warning about training mode,
   which may be ignored.
2 ms. Memory: 579072K Free: 335167K (58%)
1 ms. Memory: 579072K Free: 335167K (58%)
1 ms. Memory: 579072K Free: 335167K (58%)
1 ms. Memory: 579072K Free: 335167K (58%)
1 ms. Memory: 579072K Free: 335167K (58%)
2 ms. Memory: 579072K Free: 335167K (58%)
/home/travis/build/icyphy/ptII/ptolemy/actor/lib/test/TestExceptionHandler.tcl
 The next command will produce a warning about training mode,
   which may be ignored.
1 ms. Memory: 579072K Free: 335167K (58%)
1 ms. Memory: 579072K Free: 335167K (58%)
1 ms. Memory: 579072K Free: 325515K (56%)
/home/travis/build/icyphy/ptII/ptolemy/actor/lib/test/UnionDisassembler.tcl
27 ms. Memory: 579072K Free: 325515K (56%)
/home/travis/build/icyphy/ptII/ptolemy/actor/lib/test/VariableClock.tcl
preinitializing
resolving types
initializing
executing number 1
wrapping up
idle
10 ms. Memory: 579072K Free: 315863K (55%)
Completed execution with 11 iterations
preinitializing
resolving types
initializing
executing number 1
wrapping up
idle
10 ms. Memory: 579072K Free: 315863K (55%)
Completed execution with 10 iterations
05/30/18 01:20:32
Failed: 0  Total Tests: 234  ((Passed: 234, Newly Passed: 0)  Known Failed: 0) /home/travis/build/icyphy/ptII/ptolemy/actor/lib/test
----------------- testing (KnownFailure) /home/travis/build/icyphy/ptII/ptolemy/actor/lib/test/auto/knownFailedTests/PublisherPortToplevelSubscriber.xml
1 ms. Memory: 579072K Free: 306135K (53%)
Known Failure: java.lang.reflect.InvocationTargetException
----------------- testing (KnownFailure) /home/travis/build/icyphy/ptII/ptolemy/actor/lib/test/auto/knownFailedTests/PublisherSubscriberPortToplevel.xml
1 ms. Memory: 579072K Free: 286678K (50%)
Known Failure: java.lang.reflect.InvocationTargetException
----------------- testing (KnownFailure) /home/travis/build/icyphy/ptII/ptolemy/actor/lib/test/auto/knownFailedTests/PublisherSubscriptionAggregatorPort.xml
2 ms. Memory: 579072K Free: 267222K (46%)
Known Failure: java.lang.reflect.InvocationTargetException
----------------- testing (KnownFailure) /home/travis/build/icyphy/ptII/ptolemy/actor/lib/test/auto/knownFailedTests/sizedarray3.xml
5 ms. Memory: 579072K Free: 247766K (43%)
Known Failure: java.lang.reflect.InvocationTargetException
No auto/linux-amd64/*.xml tests in /home/travis/build/icyphy/ptII/ptolemy/actor/lib/test
AutoTests.java: About to close Vertx.
AutoTests.java: Vertx closed.
----------------- testing Wed May 30 01:20:33 UTC 2018 /home/travis/build/icyphy/ptII/ptolemy/actor/lib/test/auto/AbsoluteValue.xml
----------------- Instantiating /home/travis/build/icyphy/ptII/ptolemy/actor/lib/test/auto/AbsoluteValue.xml
5 ms. Memory: 579072K Free: 170124K (29%)
----------------- Invoking toplevel() on ptolemy.moml.MoMLSimpleApplication@37061838
----------------- Done invoking toplevel() on ptolemy.moml.MoMLSimpleApplication@37061838
reloadAllAccessors: .AbsoluteValue
----------------- testing Wed May 30 01:20:33 UTC 2018 /home/travis/build/icyphy/ptII/ptolemy/actor/lib/test/auto/AbsoluteValue2.xml
----------------- Instantiating /home/travis/build/icyphy/ptII/ptolemy/actor/lib/test/auto/AbsoluteValue2.xml
5 ms. Memory: 579072K Free: 145879K (25%)
----------------- Invoking toplevel() on ptolemy.moml.MoMLSimpleApplication@70d0dd34
----------------- Done invoking toplevel() on ptolemy.moml.MoMLSimpleApplication@70d0dd34
reloadAllAccessors: .AbsoluteValue2
----------------- testing Wed May 30 01:20:33 UTC 2018 /home/travis/build/icyphy/ptII/ptolemy/actor/lib/test/auto/Accumulator.xml
----------------- Instantiating /home/travis/build/icyphy/ptII/ptolemy/actor/lib/test/auto/Accumulator.xml
7 ms. Memory: 579072K Free: 136151K (24%)
----------------- Invoking toplevel() on ptolemy.moml.MoMLSimpleApplication@6814c9b0
----------------- Done invoking toplevel() on ptolemy.moml.MoMLSimpleApplication@6814c9b0
reloadAllAccessors: .Accumulator
----------------- testing Wed May 30 01:20:33 UTC 2018 /home/travis/build/icyphy/ptII/ptolemy/actor/lib/test/auto/Accumulator2.xml
----------------- Instantiating /home/travis/build/icyphy/ptII/ptolemy/actor/lib/test/auto/Accumulator2.xml
14 ms. Memory: 579072K Free: 126423K (22%)
----------------- Invoking toplevel() on ptolemy.moml.MoMLSimpleApplication@6ce55c25
----------------- Done invoking toplevel() on ptolemy.moml.MoMLSimpleApplication@6ce55c25
reloadAllAccessors: .Accumulator2
----------------- testing Wed May 30 01:20:33 UTC 2018 /home/travis/build/icyphy/ptII/ptolemy/actor/lib/test/auto/Accumulator3.xml
----------------- Instantiating /home/travis/build/icyphy/ptII/ptolemy/actor/lib/test/auto/Accumulator3.xml
3 ms. Memory: 579072K Free: 116695K (20%)
----------------- Invoking toplevel() on ptolemy.moml.MoMLSimpleApplication@423aec45
----------------- Done invoking toplevel() on ptolemy.moml.MoMLSimpleApplication@423aec45
reloadAllAccessors: .Accumulator3
----------------- testing Wed May 30 01:20:33 UTC 2018 /home/travis/build/icyphy/ptII/ptolemy/actor/lib/test/auto/ArrayAppend.xml
----------------- Instantiating /home/travis/build/icyphy/ptII/ptolemy/actor/lib/test/auto/ArrayAppend.xml
4 ms. Memory: 579072K Free: 97331K (17%)
----------------- Invoking toplevel() on ptolemy.moml.MoMLSimpleApplication@468cca22
----------------- Done invoking toplevel() on ptolemy.moml.MoMLSimpleApplication@468cca22
reloadAllAccessors: .ArrayAppend
----------------- testing Wed May 30 01:20:33 UTC 2018 /home/travis/build/icyphy/ptII/ptolemy/actor/lib/test/auto/ArrayAppend2.xml
----------------- Instantiating /home/travis/build/icyphy/ptII/ptolemy/actor/lib/test/auto/ArrayAppend2.xml
389 ms. Memory: 581120K Free: 502031K (86%)
----------------- Invoking toplevel() on ptolemy.moml.MoMLSimpleApplication@67b27dab
----------------- Done invoking toplevel() on ptolemy.moml.MoMLSimpleApplication@67b27dab
reloadAllAccessors: .ArrayAppend2
----------------- testing Wed May 30 01:20:34 UTC 2018 /home/travis/build/icyphy/ptII/ptolemy/actor/lib/test/auto/ArrayAppend3.xml
----------------- Instantiating /home/travis/build/icyphy/ptII/ptolemy/actor/lib/test/auto/ArrayAppend3.xml
4 ms. Memory: 581120K Free: 481563K (83%)
----------------- Invoking toplevel() on ptolemy.moml.MoMLSimpleApplication@424e99be
----------------- Done invoking toplevel() on ptolemy.moml.MoMLSimpleApplication@424e99be
reloadAllAccessors: .ArrayAppend3
----------------- testing Wed May 30 01:20:34 UTC 2018 /home/travis/build/icyphy/ptII/ptolemy/actor/lib/test/auto/ArrayAppend4.xml
----------------- Instantiating /home/travis/build/icyphy/ptII/ptolemy/actor/lib/test/auto/ArrayAppend4.xml
7 ms. Memory: 581120K Free: 475077K (82%)
----------------- Invoking toplevel() on ptolemy.moml.MoMLSimpleApplication@1d7f0e04
----------------- Done invoking toplevel() on ptolemy.moml.MoMLSimpleApplication@1d7f0e04
reloadAllAccessors: .ArrayAppend4
----------------- testing Wed May 30 01:20:34 UTC 2018 /home/travis/build/icyphy/ptII/ptolemy/actor/lib/test/auto/ArrayAppend5.xml
----------------- Instantiating /home/travis/build/icyphy/ptII/ptolemy/actor/lib/test/auto/ArrayAppend5.xml
2 ms. Memory: 581120K Free: 468592K (81%)
----------------- Invoking toplevel() on ptolemy.moml.MoMLSimpleApplication@3ea85941
----------------- Done invoking toplevel() on ptolemy.moml.MoMLSimpleApplication@3ea85941
reloadAllAccessors: .ArrayAppend5
----------------- testing Wed May 30 01:20:34 UTC 2018 /home/travis/build/icyphy/ptII/ptolemy/actor/lib/test/auto/ArrayAppend6.xml
----------------- Instantiating /home/travis/build/icyphy/ptII/ptolemy/actor/lib/test/auto/ArrayAppend6.xml
4 ms. Memory: 581120K Free: 453954K (78%)
----------------- Invoking toplevel() on ptolemy.moml.MoMLSimpleApplication@1005ca0
----------------- Done invoking toplevel() on ptolemy.moml.MoMLSimpleApplication@1005ca0
reloadAllAccessors: .ArrayAppend6
----------------- testing Wed May 30 01:20:34 UTC 2018 /home/travis/build/icyphy/ptII/ptolemy/actor/lib/test/auto/ArrayAppendPerformanceTest.xml
----------------- Instantiating /home/travis/build/icyphy/ptII/ptolemy/actor/lib/test/auto/ArrayAppendPerformanceTest.xml
19 ms. Memory: 581120K Free: 440975K (76%)
----------------- Invoking toplevel() on ptolemy.moml.MoMLSimpleApplication@58ef3e39
----------------- Done invoking toplevel() on ptolemy.moml.MoMLSimpleApplication@58ef3e39
reloadAllAccessors: .ArrayAppendPerformanceTest
----------------- testing Wed May 30 01:20:34 UTC 2018 /home/travis/build/icyphy/ptII/ptolemy/actor/lib/test/auto/ArrayAppendWithEmptyInput.xml
----------------- Instantiating /home/travis/build/icyphy/ptII/ptolemy/actor/lib/test/auto/ArrayAppendWithEmptyInput.xml
20 ms. Memory: 581120K Free: 431247K (74%)
----------------- Invoking toplevel() on ptolemy.moml.MoMLSimpleApplication@4dbb4350
----------------- Done invoking toplevel() on ptolemy.moml.MoMLSimpleApplication@4dbb4350
reloadAllAccessors: .ArrayAppendWithEmptyInput
----------------- testing Wed May 30 01:20:34 UTC 2018 /home/travis/build/icyphy/ptII/ptolemy/actor/lib/test/auto/ArrayAverage.xml
----------------- Instantiating /home/travis/build/icyphy/ptII/ptolemy/actor/lib/test/auto/ArrayAverage.xml
14 ms. Memory: 581120K Free: 421503K (73%)
----------------- Invoking toplevel() on ptolemy.moml.MoMLSimpleApplication@1a0e4e53
----------------- Done invoking toplevel() on ptolemy.moml.MoMLSimpleApplication@1a0e4e53
reloadAllAccessors: .ArrayAverage
----------------- testing Wed May 30 01:20:34 UTC 2018 /home/travis/build/icyphy/ptII/ptolemy/actor/lib/test/auto/ArrayContains.xml
----------------- Instantiating /home/travis/build/icyphy/ptII/ptolemy/actor/lib/test/auto/ArrayContains.xml
3 ms. Memory: 581120K Free: 403605K (69%)
----------------- Invoking toplevel() on ptolemy.moml.MoMLSimpleApplication@10bedebe
----------------- Done invoking toplevel() on ptolemy.moml.MoMLSimpleApplication@10bedebe
reloadAllAccessors: .ArrayContains
----------------- testing Wed May 30 01:20:34 UTC 2018 /home/travis/build/icyphy/ptII/ptolemy/actor/lib/test/auto/ArrayElement.xml
----------------- Instantiating /home/travis/build/icyphy/ptII/ptolemy/actor/lib/test/auto/ArrayElement.xml
13 ms. Memory: 581120K Free: 397120K (68%)
----------------- Invoking toplevel() on ptolemy.moml.MoMLSimpleApplication@30600720
----------------- Done invoking toplevel() on ptolemy.moml.MoMLSimpleApplication@30600720
reloadAllAccessors: .ArrayElement
----------------- testing Wed May 30 01:20:34 UTC 2018 /home/travis/build/icyphy/ptII/ptolemy/actor/lib/test/auto/ArrayElementAsMatrix.xml
----------------- Instantiating /home/travis/build/icyphy/ptII/ptolemy/actor/lib/test/auto/ArrayElementAsMatrix.xml
12 ms. Memory: 581120K Free: 384133K (66%)
----------------- Invoking toplevel() on ptolemy.moml.MoMLSimpleApplication@51e25e86
----------------- Done invoking toplevel() on ptolemy.moml.MoMLSimpleApplication@51e25e86
reloadAllAccessors: .ArrayElementAsMatrix
----------------- testing Wed May 30 01:20:34 UTC 2018 /home/travis/build/icyphy/ptII/ptolemy/actor/lib/test/auto/ArrayElementI.xml
----------------- Instantiating /home/travis/build/icyphy/ptII/ptolemy/actor/lib/test/auto/ArrayElementI.xml
2 ms. Memory: 581120K Free: 377648K (65%)
----------------- Invoking toplevel() on ptolemy.moml.MoMLSimpleApplication@6cbfb287
----------------- Done invoking toplevel() on ptolemy.moml.MoMLSimpleApplication@6cbfb287
reloadAllAccessors: .ArrayElementI
----------------- testing Wed May 30 01:20:34 UTC 2018 /home/travis/build/icyphy/ptII/ptolemy/actor/lib/test/auto/ArrayExtract.xml
----------------- Instantiating /home/travis/build/icyphy/ptII/ptolemy/actor/lib/test/auto/ArrayExtract.xml
5 ms. Memory: 581120K Free: 359751K (62%)
----------------- Invoking toplevel() on ptolemy.moml.MoMLSimpleApplication@1d6cd946
----------------- Done invoking toplevel() on ptolemy.moml.MoMLSimpleApplication@1d6cd946
reloadAllAccessors: .ArrayExtract
----------------- testing Wed May 30 01:20:34 UTC 2018 /home/travis/build/icyphy/ptII/ptolemy/actor/lib/test/auto/ArrayExtract2.xml
----------------- Instantiating /home/travis/build/icyphy/ptII/ptolemy/actor/lib/test/auto/ArrayExtract2.xml
3 ms. Memory: 581120K Free: 353265K (61%)
----------------- Invoking toplevel() on ptolemy.moml.MoMLSimpleApplication@20a31476
----------------- Done invoking toplevel() on ptolemy.moml.MoMLSimpleApplication@20a31476
reloadAllAccessors: .ArrayExtract2
----------------- testing Wed May 30 01:20:34 UTC 2018 /home/travis/build/icyphy/ptII/ptolemy/actor/lib/test/auto/ArrayLength.xml
----------------- Instantiating /home/travis/build/icyphy/ptII/ptolemy/actor/lib/test/auto/ArrayLength.xml
3 ms. Memory: 581120K Free: 346780K (60%)
----------------- Invoking toplevel() on ptolemy.moml.MoMLSimpleApplication@6a53a3d5
----------------- Done invoking toplevel() on ptolemy.moml.MoMLSimpleApplication@6a53a3d5
reloadAllAccessors: .ArrayLength
----------------- testing Wed May 30 01:20:34 UTC 2018 /home/travis/build/icyphy/ptII/ptolemy/actor/lib/test/auto/ArrayLevelCrossing.xml
----------------- Instantiating /home/travis/build/icyphy/ptII/ptolemy/actor/lib/test/auto/ArrayLevelCrossing.xml
4 ms. Memory: 581120K Free: 328883K (57%)
----------------- Invoking toplevel() on ptolemy.moml.MoMLSimpleApplication@10e5576e
----------------- Done invoking toplevel() on ptolemy.moml.MoMLSimpleApplication@10e5576e
reloadAllAccessors: .ArrayLevelCrossing
----------------- testing Wed May 30 01:20:34 UTC 2018 /home/travis/build/icyphy/ptII/ptolemy/actor/lib/test/auto/ArrayLevelCrossing2.xml
----------------- Instantiating /home/travis/build/icyphy/ptII/ptolemy/actor/lib/test/auto/ArrayLevelCrossing2.xml
6 ms. Memory: 581120K Free: 319139K (55%)
----------------- Invoking toplevel() on ptolemy.moml.MoMLSimpleApplication@38b3bb04
----------------- Done invoking toplevel() on ptolemy.moml.MoMLSimpleApplication@38b3bb04
reloadAllAccessors: .ArrayLevelCrossing2
----------------- testing Wed May 30 01:20:34 UTC 2018 /home/travis/build/icyphy/ptII/ptolemy/actor/lib/test/auto/ArrayPeakSearch.xml
----------------- Instantiating /home/travis/build/icyphy/ptII/ptolemy/actor/lib/test/auto/ArrayPeakSearch.xml
5 ms. Memory: 581120K Free: 306152K (53%)
----------------- Invoking toplevel() on ptolemy.moml.MoMLSimpleApplication@288eb113
----------------- Done invoking toplevel() on ptolemy.moml.MoMLSimpleApplication@288eb113
reloadAllAccessors: .ArrayPeakSearch
----------------- testing Wed May 30 01:20:35 UTC 2018 /home/travis/build/icyphy/ptII/ptolemy/actor/lib/test/auto/ArrayPeakSearch2.xml
----------------- Instantiating /home/travis/build/icyphy/ptII/ptolemy/actor/lib/test/auto/ArrayPeakSearch2.xml
4 ms. Memory: 581120K Free: 293157K (50%)
----------------- Invoking toplevel() on ptolemy.moml.MoMLSimpleApplication@5778ddac
----------------- Done invoking toplevel() on ptolemy.moml.MoMLSimpleApplication@5778ddac
reloadAllAccessors: .ArrayPeakSearch2
----------------- testing Wed May 30 01:20:35 UTC 2018 /home/travis/build/icyphy/ptII/ptolemy/actor/lib/test/auto/ArrayPeakSearch3.xml
----------------- Instantiating /home/travis/build/icyphy/ptII/ptolemy/actor/lib/test/auto/ArrayPeakSearch3.xml
4 ms. Memory: 581120K Free: 272017K (47%)
----------------- Invoking toplevel() on ptolemy.moml.MoMLSimpleApplication@49160020
----------------- Done invoking toplevel() on ptolemy.moml.MoMLSimpleApplication@49160020
reloadAllAccessors: .ArrayPeakSearch3
----------------- testing Wed May 30 01:20:35 UTC 2018 /home/travis/build/icyphy/ptII/ptolemy/actor/lib/test/auto/ArrayRemoveElement.xml
----------------- Instantiating /home/travis/build/icyphy/ptII/ptolemy/actor/lib/test/auto/ArrayRemoveElement.xml
2 ms. Memory: 581120K Free: 262281K (45%)
----------------- Invoking toplevel() on ptolemy.moml.MoMLSimpleApplication@4c4be8f7
----------------- Done invoking toplevel() on ptolemy.moml.MoMLSimpleApplication@4c4be8f7
reloadAllAccessors: .ArrayRemoveElement
----------------- testing Wed May 30 01:20:35 UTC 2018 /home/travis/build/icyphy/ptII/ptolemy/actor/lib/test/auto/ArraySort.xml
----------------- Instantiating /home/travis/build/icyphy/ptII/ptolemy/actor/lib/test/auto/ArraySort.xml
5 ms. Memory: 581120K Free: 249262K (43%)
----------------- Invoking toplevel() on ptolemy.moml.MoMLSimpleApplication@7ac8d0c9
----------------- Done invoking toplevel() on ptolemy.moml.MoMLSimpleApplication@7ac8d0c9
reloadAllAccessors: .ArraySort
----------------- testing Wed May 30 01:20:35 UTC 2018 /home/travis/build/icyphy/ptII/ptolemy/actor/lib/test/auto/ArraySum.xml
----------------- Instantiating /home/travis/build/icyphy/ptII/ptolemy/actor/lib/test/auto/ArraySum.xml
3 ms. Memory: 581120K Free: 242777K (42%)
----------------- Invoking toplevel() on ptolemy.moml.MoMLSimpleApplication@62891552
----------------- Done invoking toplevel() on ptolemy.moml.MoMLSimpleApplication@62891552
reloadAllAccessors: .ArraySum
----------------- testing Wed May 30 01:20:35 UTC 2018 /home/travis/build/icyphy/ptII/ptolemy/actor/lib/test/auto/ArrayToElements.xml
----------------- Instantiating /home/travis/build/icyphy/ptII/ptolemy/actor/lib/test/auto/ArrayToElements.xml
10 ms. Memory: 581120K Free: 224880K (39%)
----------------- Invoking toplevel() on ptolemy.moml.MoMLSimpleApplication@3406a270
----------------- Done invoking toplevel() on ptolemy.moml.MoMLSimpleApplication@3406a270
reloadAllAccessors: .ArrayToElements
----------------- testing Wed May 30 01:20:35 UTC 2018 /home/travis/build/icyphy/ptII/ptolemy/actor/lib/test/auto/ArrayToMatrix.xml
----------------- Instantiating /home/travis/build/icyphy/ptII/ptolemy/actor/lib/test/auto/ArrayToMatrix.xml
7 ms. Memory: 581120K Free: 205376K (35%)
----------------- Invoking toplevel() on ptolemy.moml.MoMLSimpleApplication@4e3ee924
----------------- Done invoking toplevel() on ptolemy.moml.MoMLSimpleApplication@4e3ee924
reloadAllAccessors: .ArrayToMatrix
----------------- testing Wed May 30 01:20:35 UTC 2018 /home/travis/build/icyphy/ptII/ptolemy/actor/lib/test/auto/ArrayUpdate1.xml
----------------- Instantiating /home/travis/build/icyphy/ptII/ptolemy/actor/lib/test/auto/ArrayUpdate1.xml
2 ms. Memory: 581120K Free: 198890K (34%)
----------------- Invoking toplevel() on ptolemy.moml.MoMLSimpleApplication@15a80b4f
----------------- Done invoking toplevel() on ptolemy.moml.MoMLSimpleApplication@15a80b4f
reloadAllAccessors: .ArrayUpdate1
----------------- testing Wed May 30 01:20:35 UTC 2018 /home/travis/build/icyphy/ptII/ptolemy/actor/lib/test/auto/ArrayUpdate2.xml
----------------- Instantiating /home/travis/build/icyphy/ptII/ptolemy/actor/lib/test/auto/ArrayUpdate2.xml
5 ms. Memory: 581120K Free: 180993K (31%)
----------------- Invoking toplevel() on ptolemy.moml.MoMLSimpleApplication@79bfb3b4
----------------- Done invoking toplevel() on ptolemy.moml.MoMLSimpleApplication@79bfb3b4
reloadAllAccessors: .ArrayUpdate2
----------------- testing Wed May 30 01:20:35 UTC 2018 /home/travis/build/icyphy/ptII/ptolemy/actor/lib/test/auto/ArrayUpdate3.xml
----------------- Instantiating /home/travis/build/icyphy/ptII/ptolemy/actor/lib/test/auto/ArrayUpdate3.xml
1 ms. Memory: 581120K Free: 174508K (30%)
----------------- Invoking toplevel() on ptolemy.moml.MoMLSimpleApplication@391343ec
----------------- Done invoking toplevel() on ptolemy.moml.MoMLSimpleApplication@391343ec
reloadAllAccessors: .ArrayUpdate3
----------------- testing Wed May 30 01:20:35 UTC 2018 /home/travis/build/icyphy/ptII/ptolemy/actor/lib/test/auto/Assert1.xml
----------------- Instantiating /home/travis/build/icyphy/ptII/ptolemy/actor/lib/test/auto/Assert1.xml
4 ms. Memory: 581120K Free: 168022K (29%)
----------------- Invoking toplevel() on ptolemy.moml.MoMLSimpleApplication@3f6f479f
----------------- Done invoking toplevel() on ptolemy.moml.MoMLSimpleApplication@3f6f479f
reloadAllAccessors: .Assert1
----------------- testing Wed May 30 01:20:35 UTC 2018 /home/travis/build/icyphy/ptII/ptolemy/actor/lib/test/auto/Assert2.xml
----------------- Instantiating /home/travis/build/icyphy/ptII/ptolemy/actor/lib/test/auto/Assert2.xml
14 ms. Memory: 581120K Free: 161537K (28%)
----------------- Invoking toplevel() on ptolemy.moml.MoMLSimpleApplication@11ddabed
----------------- Done invoking toplevel() on ptolemy.moml.MoMLSimpleApplication@11ddabed
reloadAllAccessors: .Assert2
----------------- testing Wed May 30 01:20:35 UTC 2018 /home/travis/build/icyphy/ptII/ptolemy/actor/lib/test/auto/BooleanMultiplexor.xml
----------------- Instantiating /home/travis/build/icyphy/ptII/ptolemy/actor/lib/test/auto/BooleanMultiplexor.xml
2 ms. Memory: 581120K Free: 143640K (25%)
----------------- Invoking toplevel() on ptolemy.moml.MoMLSimpleApplication@545ec934
----------------- Done invoking toplevel() on ptolemy.moml.MoMLSimpleApplication@545ec934
reloadAllAccessors: .BooleanMultiplexor
----------------- testing Wed May 30 01:20:35 UTC 2018 /home/travis/build/icyphy/ptII/ptolemy/actor/lib/test/auto/BooleanMultiplexor2.xml
----------------- Instantiating /home/travis/build/icyphy/ptII/ptolemy/actor/lib/test/auto/BooleanMultiplexor2.xml
11 ms. Memory: 581120K Free: 133896K (23%)
----------------- Invoking toplevel() on ptolemy.moml.MoMLSimpleApplication@5618a2bc
----------------- Done invoking toplevel() on ptolemy.moml.MoMLSimpleApplication@5618a2bc
reloadAllAccessors: .BooleanMultiplexor2
----------------- testing Wed May 30 01:20:35 UTC 2018 /home/travis/build/icyphy/ptII/ptolemy/actor/lib/test/auto/BooleanMultiplexor3.xml
----------------- Instantiating /home/travis/build/icyphy/ptII/ptolemy/actor/lib/test/auto/BooleanMultiplexor3.xml
2 ms. Memory: 581120K Free: 127410K (22%)
----------------- Invoking toplevel() on ptolemy.moml.MoMLSimpleApplication@53edfdab
----------------- Done invoking toplevel() on ptolemy.moml.MoMLSimpleApplication@53edfdab
reloadAllAccessors: .BooleanMultiplexor3
----------------- testing Wed May 30 01:20:35 UTC 2018 /home/travis/build/icyphy/ptII/ptolemy/actor/lib/test/auto/BooleanSelect.xml
----------------- Instantiating /home/travis/build/icyphy/ptII/ptolemy/actor/lib/test/auto/BooleanSelect.xml
7 ms. Memory: 581120K Free: 117666K (20%)
----------------- Invoking toplevel() on ptolemy.moml.MoMLSimpleApplication@e3c3e8e
----------------- Done invoking toplevel() on ptolemy.moml.MoMLSimpleApplication@e3c3e8e
reloadAllAccessors: .BooleanSelect
----------------- testing Wed May 30 01:20:35 UTC 2018 /home/travis/build/icyphy/ptII/ptolemy/actor/lib/test/auto/BooleanSelect2.xml
----------------- Instantiating /home/travis/build/icyphy/ptII/ptolemy/actor/lib/test/auto/BooleanSelect2.xml
2 ms. Memory: 581120K Free: 103028K (18%)
----------------- Invoking toplevel() on ptolemy.moml.MoMLSimpleApplication@4b9f560e
----------------- Done invoking toplevel() on ptolemy.moml.MoMLSimpleApplication@4b9f560e
reloadAllAccessors: .BooleanSelect2
----------------- testing Wed May 30 01:20:35 UTC 2018 /home/travis/build/icyphy/ptII/ptolemy/actor/lib/test/auto/BooleanSwitch.xml
----------------- Instantiating /home/travis/build/icyphy/ptII/ptolemy/actor/lib/test/auto/BooleanSwitch.xml
5 ms. Memory: 581120K Free: 93299K (16%)
----------------- Invoking toplevel() on ptolemy.moml.MoMLSimpleApplication@41375ae
----------------- Done invoking toplevel() on ptolemy.moml.MoMLSimpleApplication@41375ae
reloadAllAccessors: .BooleanSwitch
----------------- testing Wed May 30 01:20:35 UTC 2018 /home/travis/build/icyphy/ptII/ptolemy/actor/lib/test/auto/BooleanSwitch2.xml
----------------- Instantiating /home/travis/build/icyphy/ptII/ptolemy/actor/lib/test/auto/BooleanSwitch2.xml
2 ms. Memory: 581120K Free: 86814K (15%)
----------------- Invoking toplevel() on ptolemy.moml.MoMLSimpleApplication@2c48d4cc
----------------- Done invoking toplevel() on ptolemy.moml.MoMLSimpleApplication@2c48d4cc
reloadAllAccessors: .BooleanSwitch2
----------------- testing Wed May 30 01:20:35 UTC 2018 /home/travis/build/icyphy/ptII/ptolemy/actor/lib/test/auto/BooleanSwitchCloningBugWithClassRelationGroup.xml
----------------- Instantiating /home/travis/build/icyphy/ptII/ptolemy/actor/lib/test/auto/BooleanSwitchCloningBugWithClassRelationGroup.xml
4 ms. Memory: 581120K Free: 68917K (12%)
----------------- Invoking toplevel() on ptolemy.moml.MoMLSimpleApplication@2df824e7
----------------- Done invoking toplevel() on ptolemy.moml.MoMLSimpleApplication@2df824e7
reloadAllAccessors: .BooleanSwitchCloningBugWithClassRelationGroup
----------------- testing Wed May 30 01:20:35 UTC 2018 /home/travis/build/icyphy/ptII/ptolemy/actor/lib/test/auto/BusActors.xml
----------------- Instantiating /home/travis/build/icyphy/ptII/ptolemy/actor/lib/test/auto/BusActors.xml
4 ms. Memory: 581120K Free: 55930K (10%)
----------------- Invoking toplevel() on ptolemy.moml.MoMLSimpleApplication@28baf539
----------------- Done invoking toplevel() on ptolemy.moml.MoMLSimpleApplication@28baf539
reloadAllAccessors: .BusActors
----------------- testing Wed May 30 01:20:35 UTC 2018 /home/travis/build/icyphy/ptII/ptolemy/actor/lib/test/auto/ClassWrapper.xml
----------------- Instantiating /home/travis/build/icyphy/ptII/ptolemy/actor/lib/test/auto/ClassWrapper.xml
7 ms. Memory: 880128K Free: 831549K (94%)
----------------- Invoking toplevel() on ptolemy.moml.MoMLSimpleApplication@5cb9a5a1
----------------- Done invoking toplevel() on ptolemy.moml.MoMLSimpleApplication@5cb9a5a1
reloadAllAccessors: .ClassWrapper
----------------- testing Wed May 30 01:20:35 UTC 2018 /home/travis/build/icyphy/ptII/ptolemy/actor/lib/test/auto/Clock.xml
----------------- Instantiating /home/travis/build/icyphy/ptII/ptolemy/actor/lib/test/auto/Clock.xml
5 ms. Memory: 880128K Free: 811743K (92%)
----------------- Invoking toplevel() on ptolemy.moml.MoMLSimpleApplication@4347357b
----------------- Done invoking toplevel() on ptolemy.moml.MoMLSimpleApplication@4347357b
reloadAllAccessors: .Clock
----------------- testing Wed May 30 01:20:35 UTC 2018 /home/travis/build/icyphy/ptII/ptolemy/actor/lib/test/auto/Clock10.xml
----------------- Instantiating /home/travis/build/icyphy/ptII/ptolemy/actor/lib/test/auto/Clock10.xml
6 ms. Memory: 880128K Free: 801205K (91%)
----------------- Invoking toplevel() on ptolemy.moml.MoMLSimpleApplication@3e6c5db2
----------------- Done invoking toplevel() on ptolemy.moml.MoMLSimpleApplication@3e6c5db2
reloadAllAccessors: .Clock10
----------------- testing Wed May 30 01:20:35 UTC 2018 /home/travis/build/icyphy/ptII/ptolemy/actor/lib/test/auto/Clock11.xml
----------------- Instantiating /home/travis/build/icyphy/ptII/ptolemy/actor/lib/test/auto/Clock11.xml
7 ms. Memory: 880128K Free: 790828K (90%)
----------------- Invoking toplevel() on ptolemy.moml.MoMLSimpleApplication@6594f6c
----------------- Done invoking toplevel() on ptolemy.moml.MoMLSimpleApplication@6594f6c
reloadAllAccessors: .Clock11
----------------- testing Wed May 30 01:20:35 UTC 2018 /home/travis/build/icyphy/ptII/ptolemy/actor/lib/test/auto/Clock12.xml
----------------- Instantiating /home/travis/build/icyphy/ptII/ptolemy/actor/lib/test/auto/Clock12.xml
4 ms. Memory: 880128K Free: 780452K (89%)
----------------- Invoking toplevel() on ptolemy.moml.MoMLSimpleApplication@3774f0dd
----------------- Done invoking toplevel() on ptolemy.moml.MoMLSimpleApplication@3774f0dd
reloadAllAccessors: .Clock12
----------------- testing Wed May 30 01:20:35 UTC 2018 /home/travis/build/icyphy/ptII/ptolemy/actor/lib/test/auto/Clock13.xml
----------------- Instantiating /home/travis/build/icyphy/ptII/ptolemy/actor/lib/test/auto/Clock13.xml
7 ms. Memory: 880128K Free: 760646K (86%)
----------------- Invoking toplevel() on ptolemy.moml.MoMLSimpleApplication@b5749b3
----------------- Done invoking toplevel() on ptolemy.moml.MoMLSimpleApplication@b5749b3
reloadAllAccessors: .Clock13
----------------- testing Wed May 30 01:20:35 UTC 2018 /home/travis/build/icyphy/ptII/ptolemy/actor/lib/test/auto/Clock14.xml
----------------- Instantiating /home/travis/build/icyphy/ptII/ptolemy/actor/lib/test/auto/Clock14.xml
9 ms. Memory: 880128K Free: 750269K (85%)
----------------- Invoking toplevel() on ptolemy.moml.MoMLSimpleApplication@45cbecd9
----------------- Done invoking toplevel() on ptolemy.moml.MoMLSimpleApplication@45cbecd9
reloadAllAccessors: .Clock14
----------------- testing Wed May 30 01:20:36 UTC 2018 /home/travis/build/icyphy/ptII/ptolemy/actor/lib/test/auto/Clock15.xml
----------------- Instantiating /home/travis/build/icyphy/ptII/ptolemy/actor/lib/test/auto/Clock15.xml
6 ms. Memory: 880128K Free: 739893K (84%)
----------------- Invoking toplevel() on ptolemy.moml.MoMLSimpleApplication@5bb5a422
----------------- Done invoking toplevel() on ptolemy.moml.MoMLSimpleApplication@5bb5a422
reloadAllAccessors: .Clock15
----------------- testing Wed May 30 01:20:36 UTC 2018 /home/travis/build/icyphy/ptII/ptolemy/actor/lib/test/auto/Clock16.xml
----------------- Instantiating /home/travis/build/icyphy/ptII/ptolemy/actor/lib/test/auto/Clock16.xml
27 ms. Memory: 880128K Free: 719124K (82%)
----------------- Invoking toplevel() on ptolemy.moml.MoMLSimpleApplication@475004a0
----------------- Done invoking toplevel() on ptolemy.moml.MoMLSimpleApplication@475004a0
reloadAllAccessors: .Clock16
----------------- testing Wed May 30 01:20:36 UTC 2018 /home/travis/build/icyphy/ptII/ptolemy/actor/lib/test/auto/Clock17.xml
----------------- Instantiating /home/travis/build/icyphy/ptII/ptolemy/actor/lib/test/auto/Clock17.xml
27 ms. Memory: 880128K Free: 694114K (79%)
----------------- Invoking toplevel() on ptolemy.moml.MoMLSimpleApplication@32a2b589
----------------- Done invoking toplevel() on ptolemy.moml.MoMLSimpleApplication@32a2b589
reloadAllAccessors: .Clock17
----------------- testing Wed May 30 01:20:36 UTC 2018 /home/travis/build/icyphy/ptII/ptolemy/actor/lib/test/auto/Clock18.xml
----------------- Instantiating /home/travis/build/icyphy/ptII/ptolemy/actor/lib/test/auto/Clock18.xml
22 ms. Memory: 880128K Free: 678533K (77%)
----------------- Invoking toplevel() on ptolemy.moml.MoMLSimpleApplication@36682f07
----------------- Done invoking toplevel() on ptolemy.moml.MoMLSimpleApplication@36682f07
reloadAllAccessors: .Clock18
----------------- testing Wed May 30 01:20:36 UTC 2018 /home/travis/build/icyphy/ptII/ptolemy/actor/lib/test/auto/Clock19.xml
----------------- Instantiating /home/travis/build/icyphy/ptII/ptolemy/actor/lib/test/auto/Clock19.xml
16 ms. Memory: 880128K Free: 662960K (75%)
----------------- Invoking toplevel() on ptolemy.moml.MoMLSimpleApplication@4fcd9f63
----------------- Done invoking toplevel() on ptolemy.moml.MoMLSimpleApplication@4fcd9f63
reloadAllAccessors: .Clock19
----------------- testing Wed May 30 01:20:36 UTC 2018 /home/travis/build/icyphy/ptII/ptolemy/actor/lib/test/auto/Clock2.xml
----------------- Instantiating /home/travis/build/icyphy/ptII/ptolemy/actor/lib/test/auto/Clock2.xml
8 ms. Memory: 880128K Free: 652583K (74%)
----------------- Invoking toplevel() on ptolemy.moml.MoMLSimpleApplication@1890980d
----------------- Done invoking toplevel() on ptolemy.moml.MoMLSimpleApplication@1890980d
reloadAllAccessors: .Clock2
----------------- testing Wed May 30 01:20:36 UTC 2018 /home/travis/build/icyphy/ptII/ptolemy/actor/lib/test/auto/Clock20.xml
----------------- Instantiating /home/travis/build/icyphy/ptII/ptolemy/actor/lib/test/auto/Clock20.xml
12 ms. Memory: 880128K Free: 632778K (72%)
----------------- Invoking toplevel() on ptolemy.moml.MoMLSimpleApplication@5bf34b13
----------------- Done invoking toplevel() on ptolemy.moml.MoMLSimpleApplication@5bf34b13
reloadAllAccessors: .Clock20
----------------- testing Wed May 30 01:20:36 UTC 2018 /home/travis/build/icyphy/ptII/ptolemy/actor/lib/test/auto/Clock21.xml
----------------- Instantiating /home/travis/build/icyphy/ptII/ptolemy/actor/lib/test/auto/Clock21.xml
7 ms. Memory: 880128K Free: 622401K (71%)
----------------- Invoking toplevel() on ptolemy.moml.MoMLSimpleApplication@11704686
----------------- Done invoking toplevel() on ptolemy.moml.MoMLSimpleApplication@11704686
reloadAllAccessors: .Clock21
----------------- testing Wed May 30 01:20:36 UTC 2018 /home/travis/build/icyphy/ptII/ptolemy/actor/lib/test/auto/Clock22.xml
----------------- Instantiating /home/travis/build/icyphy/ptII/ptolemy/actor/lib/test/auto/Clock22.xml
6 ms. Memory: 880128K Free: 612025K (70%)
----------------- Invoking toplevel() on ptolemy.moml.MoMLSimpleApplication@255362b0
----------------- Done invoking toplevel() on ptolemy.moml.MoMLSimpleApplication@255362b0
reloadAllAccessors: .Clock22
----------------- testing Wed May 30 01:20:36 UTC 2018 /home/travis/build/icyphy/ptII/ptolemy/actor/lib/test/auto/Clock23.xml
----------------- Instantiating /home/travis/build/icyphy/ptII/ptolemy/actor/lib/test/auto/Clock23.xml
9 ms. Memory: 880128K Free: 601648K (68%)
----------------- Invoking toplevel() on ptolemy.moml.MoMLSimpleApplication@629555b1
----------------- Done invoking toplevel() on ptolemy.moml.MoMLSimpleApplication@629555b1
reloadAllAccessors: .Clock23
----------------- testing Wed May 30 01:20:36 UTC 2018 /home/travis/build/icyphy/ptII/ptolemy/actor/lib/test/auto/Clock24.xml
----------------- Instantiating /home/travis/build/icyphy/ptII/ptolemy/actor/lib/test/auto/Clock24.xml
6 ms. Memory: 880128K Free: 581842K (66%)
----------------- Invoking toplevel() on ptolemy.moml.MoMLSimpleApplication@222888b4
----------------- Done invoking toplevel() on ptolemy.moml.MoMLSimpleApplication@222888b4
reloadAllAccessors: .Clock24
----------------- testing Wed May 30 01:20:36 UTC 2018 /home/travis/build/icyphy/ptII/ptolemy/actor/lib/test/auto/Clock4.xml
----------------- Instantiating /home/travis/build/icyphy/ptII/ptolemy/actor/lib/test/auto/Clock4.xml
6 ms. Memory: 880128K Free: 571466K (65%)
----------------- Invoking toplevel() on ptolemy.moml.MoMLSimpleApplication@3d413f09
----------------- Done invoking toplevel() on ptolemy.moml.MoMLSimpleApplication@3d413f09
reloadAllAccessors: .Clock4
----------------- testing Wed May 30 01:20:36 UTC 2018 /home/travis/build/icyphy/ptII/ptolemy/actor/lib/test/auto/Clock5.xml
----------------- Instantiating /home/travis/build/icyphy/ptII/ptolemy/actor/lib/test/auto/Clock5.xml
2 ms. Memory: 880128K Free: 561089K (64%)
----------------- Invoking toplevel() on ptolemy.moml.MoMLSimpleApplication@3271125e
----------------- Done invoking toplevel() on ptolemy.moml.MoMLSimpleApplication@3271125e
reloadAllAccessors: .Clock5
----------------- testing Wed May 30 01:20:36 UTC 2018 /home/travis/build/icyphy/ptII/ptolemy/actor/lib/test/auto/Clock6.xml
----------------- Instantiating /home/travis/build/icyphy/ptII/ptolemy/actor/lib/test/auto/Clock6.xml
1 ms. Memory: 880128K Free: 550712K (63%)
----------------- Invoking toplevel() on ptolemy.moml.MoMLSimpleApplication@42427be1
----------------- Done invoking toplevel() on ptolemy.moml.MoMLSimpleApplication@42427be1
reloadAllAccessors: .Clock6
----------------- testing Wed May 30 01:20:36 UTC 2018 /home/travis/build/icyphy/ptII/ptolemy/actor/lib/test/auto/Clock7.xml
----------------- Instantiating /home/travis/build/icyphy/ptII/ptolemy/actor/lib/test/auto/Clock7.xml
3 ms. Memory: 880128K Free: 530907K (60%)
----------------- Invoking toplevel() on ptolemy.moml.MoMLSimpleApplication@288f6120
----------------- Done invoking toplevel() on ptolemy.moml.MoMLSimpleApplication@288f6120
reloadAllAccessors: .Clock7
----------------- testing Wed May 30 01:20:36 UTC 2018 /home/travis/build/icyphy/ptII/ptolemy/actor/lib/test/auto/Clock8.xml
----------------- Instantiating /home/travis/build/icyphy/ptII/ptolemy/actor/lib/test/auto/Clock8.xml
6 ms. Memory: 880128K Free: 520530K (59%)
----------------- Invoking toplevel() on ptolemy.moml.MoMLSimpleApplication@118bf364
----------------- Done invoking toplevel() on ptolemy.moml.MoMLSimpleApplication@118bf364
reloadAllAccessors: .Clock8
----------------- testing Wed May 30 01:20:36 UTC 2018 /home/travis/build/icyphy/ptII/ptolemy/actor/lib/test/auto/Clock9.xml
----------------- Instantiating /home/travis/build/icyphy/ptII/ptolemy/actor/lib/test/auto/Clock9.xml
6 ms. Memory: 880128K Free: 510154K (58%)
----------------- Invoking toplevel() on ptolemy.moml.MoMLSimpleApplication@6cf6ebdd
----------------- Done invoking toplevel() on ptolemy.moml.MoMLSimpleApplication@6cf6ebdd
reloadAllAccessors: .Clock9
----------------- testing Wed May 30 01:20:36 UTC 2018 /home/travis/build/icyphy/ptII/ptolemy/actor/lib/test/auto/CommDistDiscard.xml
----------------- Instantiating /home/travis/build/icyphy/ptII/ptolemy/actor/lib/test/auto/CommDistDiscard.xml
3 ms. Memory: 880128K Free: 499777K (57%)
----------------- Invoking toplevel() on ptolemy.moml.MoMLSimpleApplication@60c99247
----------------- Done invoking toplevel() on ptolemy.moml.MoMLSimpleApplication@60c99247
reloadAllAccessors: .CommDistDiscard
----------------- testing Wed May 30 01:20:36 UTC 2018 /home/travis/build/icyphy/ptII/ptolemy/actor/lib/test/auto/Commutator.xml
----------------- Instantiating /home/travis/build/icyphy/ptII/ptolemy/actor/lib/test/auto/Commutator.xml
2 ms. Memory: 880128K Free: 489400K (56%)
----------------- Invoking toplevel() on ptolemy.moml.MoMLSimpleApplication@191cea8e
----------------- Done invoking toplevel() on ptolemy.moml.MoMLSimpleApplication@191cea8e
reloadAllAccessors: .Commutator
----------------- testing Wed May 30 01:20:36 UTC 2018 /home/travis/build/icyphy/ptII/ptolemy/actor/lib/test/auto/Commutator2.xml
----------------- Instantiating /home/travis/build/icyphy/ptII/ptolemy/actor/lib/test/auto/Commutator2.xml
2 ms. Memory: 880128K Free: 469595K (53%)
----------------- Invoking toplevel() on ptolemy.moml.MoMLSimpleApplication@62b17e05
----------------- Done invoking toplevel() on ptolemy.moml.MoMLSimpleApplication@62b17e05
reloadAllAccessors: .Commutator2
----------------- testing Wed May 30 01:20:36 UTC 2018 /home/travis/build/icyphy/ptII/ptolemy/actor/lib/test/auto/Commutator3.xml
----------------- Instantiating /home/travis/build/icyphy/ptII/ptolemy/actor/lib/test/auto/Commutator3.xml
2 ms. Memory: 880128K Free: 459218K (52%)
----------------- Invoking toplevel() on ptolemy.moml.MoMLSimpleApplication@29e70f01
----------------- Done invoking toplevel() on ptolemy.moml.MoMLSimpleApplication@29e70f01
reloadAllAccessors: .Commutator3
----------------- testing Wed May 30 01:20:36 UTC 2018 /home/travis/build/icyphy/ptII/ptolemy/actor/lib/test/auto/Compare.xml
----------------- Instantiating /home/travis/build/icyphy/ptII/ptolemy/actor/lib/test/auto/Compare.xml
1 ms. Memory: 880128K Free: 448842K (51%)
----------------- Invoking toplevel() on ptolemy.moml.MoMLSimpleApplication@4606a951
----------------- Done invoking toplevel() on ptolemy.moml.MoMLSimpleApplication@4606a951
reloadAllAccessors: .Compare
----------------- testing Wed May 30 01:20:36 UTC 2018 /home/travis/build/icyphy/ptII/ptolemy/actor/lib/test/auto/CompareDE.xml
----------------- Instantiating /home/travis/build/icyphy/ptII/ptolemy/actor/lib/test/auto/CompareDE.xml
4 ms. Memory: 880128K Free: 438465K (50%)
----------------- Invoking toplevel() on ptolemy.moml.MoMLSimpleApplication@70f74c46
----------------- Done invoking toplevel() on ptolemy.moml.MoMLSimpleApplication@70f74c46
reloadAllAccessors: .CompareDE
----------------- testing Wed May 30 01:20:36 UTC 2018 /home/travis/build/icyphy/ptII/ptolemy/actor/lib/test/auto/ComplexDivide.xml
----------------- Instantiating /home/travis/build/icyphy/ptII/ptolemy/actor/lib/test/auto/ComplexDivide.xml
1 ms. Memory: 880128K Free: 418660K (48%)
----------------- Invoking toplevel() on ptolemy.moml.MoMLSimpleApplication@5b6349a6
----------------- Done invoking toplevel() on ptolemy.moml.MoMLSimpleApplication@5b6349a6
reloadAllAccessors: .ComplexDivide
----------------- testing Wed May 30 01:20:36 UTC 2018 /home/travis/build/icyphy/ptII/ptolemy/actor/lib/test/auto/ComputeHistogram.xml
----------------- Instantiating /home/travis/build/icyphy/ptII/ptolemy/actor/lib/test/auto/ComputeHistogram.xml
43 ms. Memory: 880128K Free: 403095K (46%)
----------------- Invoking toplevel() on ptolemy.moml.MoMLSimpleApplication@4436d0c3
----------------- Done invoking toplevel() on ptolemy.moml.MoMLSimpleApplication@4436d0c3
reloadAllAccessors: .ComputeHistogram
----------------- testing Wed May 30 01:20:36 UTC 2018 /home/travis/build/icyphy/ptII/ptolemy/actor/lib/test/auto/ConfigurationSelect.xml
----------------- Instantiating /home/travis/build/icyphy/ptII/ptolemy/actor/lib/test/auto/ConfigurationSelect.xml
3 ms. Memory: 880128K Free: 392718K (45%)
----------------- Invoking toplevel() on ptolemy.moml.MoMLSimpleApplication@11c6ad25
----------------- Done invoking toplevel() on ptolemy.moml.MoMLSimpleApplication@11c6ad25
reloadAllAccessors: .ConfigurationSelect
----------------- testing Wed May 30 01:20:36 UTC 2018 /home/travis/build/icyphy/ptII/ptolemy/actor/lib/test/auto/ConfigurationSelect2.xml
----------------- Instantiating /home/travis/build/icyphy/ptII/ptolemy/actor/lib/test/auto/ConfigurationSelect2.xml
2 ms. Memory: 880128K Free: 382342K (43%)
----------------- Invoking toplevel() on ptolemy.moml.MoMLSimpleApplication@aef7af5
----------------- Done invoking toplevel() on ptolemy.moml.MoMLSimpleApplication@aef7af5
reloadAllAccessors: .ConfigurationSelect2
----------------- testing Wed May 30 01:20:36 UTC 2018 /home/travis/build/icyphy/ptII/ptolemy/actor/lib/test/auto/ConfigurationSwitch.xml
----------------- Instantiating /home/travis/build/icyphy/ptII/ptolemy/actor/lib/test/auto/ConfigurationSwitch.xml
2 ms. Memory: 880128K Free: 362536K (41%)
----------------- Invoking toplevel() on ptolemy.moml.MoMLSimpleApplication@7ac18439
----------------- Done invoking toplevel() on ptolemy.moml.MoMLSimpleApplication@7ac18439
reloadAllAccessors: .ConfigurationSwitch
----------------- testing Wed May 30 01:20:36 UTC 2018 /home/travis/build/icyphy/ptII/ptolemy/actor/lib/test/auto/ConfigurationSwitch2.xml
----------------- Instantiating /home/travis/build/icyphy/ptII/ptolemy/actor/lib/test/auto/ConfigurationSwitch2.xml
2 ms. Memory: 880128K Free: 352159K (40%)
----------------- Invoking toplevel() on ptolemy.moml.MoMLSimpleApplication@367f1b5b
----------------- Done invoking toplevel() on ptolemy.moml.MoMLSimpleApplication@367f1b5b
reloadAllAccessors: .ConfigurationSwitch2
----------------- testing Wed May 30 01:20:36 UTC 2018 /home/travis/build/icyphy/ptII/ptolemy/actor/lib/test/auto/ConfigurationSwitchCloningBugWithClassRelationGroup.xml
----------------- Instantiating /home/travis/build/icyphy/ptII/ptolemy/actor/lib/test/auto/ConfigurationSwitchCloningBugWithClassRelationGroup.xml
1 ms. Memory: 880128K Free: 341783K (39%)
----------------- Invoking toplevel() on ptolemy.moml.MoMLSimpleApplication@3bd2f767
----------------- Done invoking toplevel() on ptolemy.moml.MoMLSimpleApplication@3bd2f767
reloadAllAccessors: .ConfigurationSwitchCloningBugWithClassRelationGroup
----------------- testing Wed May 30 01:20:36 UTC 2018 /home/travis/build/icyphy/ptII/ptolemy/actor/lib/test/auto/ConfigurationSwitchSelectSDF.xml
----------------- Instantiating /home/travis/build/icyphy/ptII/ptolemy/actor/lib/test/auto/ConfigurationSwitchSelectSDF.xml
3 ms. Memory: 880128K Free: 331406K (38%)
----------------- Invoking toplevel() on ptolemy.moml.MoMLSimpleApplication@59d61d4a
----------------- Done invoking toplevel() on ptolemy.moml.MoMLSimpleApplication@59d61d4a
reloadAllAccessors: .ConfigurationSwitchSelectSDF
----------------- testing Wed May 30 01:20:37 UTC 2018 /home/travis/build/icyphy/ptII/ptolemy/actor/lib/test/auto/ConfigurationSwitchSelectSDF2.xml
----------------- Instantiating /home/travis/build/icyphy/ptII/ptolemy/actor/lib/test/auto/ConfigurationSwitchSelectSDF2.xml
2 ms. Memory: 880128K Free: 311600K (35%)
----------------- Invoking toplevel() on ptolemy.moml.MoMLSimpleApplication@6fffdbcb
----------------- Done invoking toplevel() on ptolemy.moml.MoMLSimpleApplication@6fffdbcb
reloadAllAccessors: .ConfigurationSwitchSelectSDF2
----------------- testing Wed May 30 01:20:37 UTC 2018 /home/travis/build/icyphy/ptII/ptolemy/actor/lib/test/auto/Const.xml
----------------- Instantiating /home/travis/build/icyphy/ptII/ptolemy/actor/lib/test/auto/Const.xml
2 ms. Memory: 880128K Free: 301224K (34%)
----------------- Invoking toplevel() on ptolemy.moml.MoMLSimpleApplication@4ab5dea9
----------------- Done invoking toplevel() on ptolemy.moml.MoMLSimpleApplication@4ab5dea9
reloadAllAccessors: .Const
----------------- testing Wed May 30 01:20:37 UTC 2018 /home/travis/build/icyphy/ptII/ptolemy/actor/lib/test/auto/Const2.xml
----------------- Instantiating /home/travis/build/icyphy/ptII/ptolemy/actor/lib/test/auto/Const2.xml
1 ms. Memory: 880128K Free: 290847K (33%)
----------------- Invoking toplevel() on ptolemy.moml.MoMLSimpleApplication@902230f
----------------- Done invoking toplevel() on ptolemy.moml.MoMLSimpleApplication@902230f
reloadAllAccessors: .Const2
----------------- testing Wed May 30 01:20:37 UTC 2018 /home/travis/build/icyphy/ptII/ptolemy/actor/lib/test/auto/Const3.xml
----------------- Instantiating /home/travis/build/icyphy/ptII/ptolemy/actor/lib/test/auto/Const3.xml
2 ms. Memory: 880128K Free: 280471K (32%)
----------------- Invoking toplevel() on ptolemy.moml.MoMLSimpleApplication@7ca163b4
----------------- Done invoking toplevel() on ptolemy.moml.MoMLSimpleApplication@7ca163b4
reloadAllAccessors: .Const3
----------------- testing Wed May 30 01:20:37 UTC 2018 /home/travis/build/icyphy/ptII/ptolemy/actor/lib/test/auto/ConstantPublisherPort1.xml
----------------- Instantiating /home/travis/build/icyphy/ptII/ptolemy/actor/lib/test/auto/ConstantPublisherPort1.xml
6 ms. Memory: 880128K Free: 255461K (29%)
----------------- Invoking toplevel() on ptolemy.moml.MoMLSimpleApplication@3301b331
----------------- Done invoking toplevel() on ptolemy.moml.MoMLSimpleApplication@3301b331
reloadAllAccessors: .ConstantPublisherPort1
----------------- testing Wed May 30 01:20:37 UTC 2018 /home/travis/build/icyphy/ptII/ptolemy/actor/lib/test/auto/ConstantPublisherPort2.xml
----------------- Instantiating /home/travis/build/icyphy/ptII/ptolemy/actor/lib/test/auto/ConstantPublisherPort2.xml
4 ms. Memory: 880128K Free: 245084K (28%)
----------------- Invoking toplevel() on ptolemy.moml.MoMLSimpleApplication@79aa63fa
----------------- Done invoking toplevel() on ptolemy.moml.MoMLSimpleApplication@79aa63fa
reloadAllAccessors: .ConstantPublisherPort2
----------------- testing Wed May 30 01:20:37 UTC 2018 /home/travis/build/icyphy/ptII/ptolemy/actor/lib/test/auto/ConstantPublisherPort3.xml
----------------- Instantiating /home/travis/build/icyphy/ptII/ptolemy/actor/lib/test/auto/ConstantPublisherPort3.xml
4 ms. Memory: 880128K Free: 229503K (26%)
----------------- Invoking toplevel() on ptolemy.moml.MoMLSimpleApplication@a6df6ed
----------------- Done invoking toplevel() on ptolemy.moml.MoMLSimpleApplication@a6df6ed
reloadAllAccessors: .ConstantPublisherPort3
----------------- testing Wed May 30 01:20:37 UTC 2018 /home/travis/build/icyphy/ptII/ptolemy/actor/lib/test/auto/ConstantPublisherPort4.xml
----------------- Instantiating /home/travis/build/icyphy/ptII/ptolemy/actor/lib/test/auto/ConstantPublisherPort4.xml
2 ms. Memory: 880128K Free: 219126K (25%)
----------------- Invoking toplevel() on ptolemy.moml.MoMLSimpleApplication@7eaab93e
----------------- Done invoking toplevel() on ptolemy.moml.MoMLSimpleApplication@7eaab93e
reloadAllAccessors: .ConstantPublisherPort4
----------------- testing Wed May 30 01:20:37 UTC 2018 /home/travis/build/icyphy/ptII/ptolemy/actor/lib/test/auto/ConstantPublisherPort5.xml
----------------- Instantiating /home/travis/build/icyphy/ptII/ptolemy/actor/lib/test/auto/ConstantPublisherPort5.xml
19 ms. Memory: 880128K Free: 183740K (21%)
----------------- Invoking toplevel() on ptolemy.moml.MoMLSimpleApplication@45212ba
----------------- Done invoking toplevel() on ptolemy.moml.MoMLSimpleApplication@45212ba
reloadAllAccessors: .ConstantPublisherPort5
----------------- testing Wed May 30 01:20:37 UTC 2018 /home/travis/build/icyphy/ptII/ptolemy/actor/lib/test/auto/ConstantPublisherPort6.xml
----------------- Instantiating /home/travis/build/icyphy/ptII/ptolemy/actor/lib/test/auto/ConstantPublisherPort6.xml
15 ms. Memory: 880128K Free: 157799K (18%)
----------------- Invoking toplevel() on ptolemy.moml.MoMLSimpleApplication@7d290a1e
----------------- Done invoking toplevel() on ptolemy.moml.MoMLSimpleApplication@7d290a1e
reloadAllAccessors: .ConstantPublisherPort6
----------------- testing Wed May 30 01:20:37 UTC 2018 /home/travis/build/icyphy/ptII/ptolemy/actor/lib/test/auto/ConstantPublisherPort7.xml
----------------- Instantiating /home/travis/build/icyphy/ptII/ptolemy/actor/lib/test/auto/ConstantPublisherPort7.xml
16 ms. Memory: 880128K Free: 131857K (15%)
----------------- Invoking toplevel() on ptolemy.moml.MoMLSimpleApplication@2cbafa85
----------------- Done invoking toplevel() on ptolemy.moml.MoMLSimpleApplication@2cbafa85
reloadAllAccessors: .ConstantPublisherPort7
----------------- testing Wed May 30 01:20:37 UTC 2018 /home/travis/build/icyphy/ptII/ptolemy/actor/lib/test/auto/ConstraintMonitor1.xml
----------------- Instantiating /home/travis/build/icyphy/ptII/ptolemy/actor/lib/test/auto/ConstraintMonitor1.xml
2 ms. Memory: 880128K Free: 121480K (14%)
----------------- Invoking toplevel() on ptolemy.moml.MoMLSimpleApplication@c6aa117
----------------- Done invoking toplevel() on ptolemy.moml.MoMLSimpleApplication@c6aa117
reloadAllAccessors: .ConstraintMonitor1
----------------- testing Wed May 30 01:20:37 UTC 2018 /home/travis/build/icyphy/ptII/ptolemy/actor/lib/test/auto/ConstraintMonitor2.xml
----------------- Instantiating /home/travis/build/icyphy/ptII/ptolemy/actor/lib/test/auto/ConstraintMonitor2.xml
6 ms. Memory: 880128K Free: 101675K (12%)
----------------- Invoking toplevel() on ptolemy.moml.MoMLSimpleApplication@65384f1a
----------------- Done invoking toplevel() on ptolemy.moml.MoMLSimpleApplication@65384f1a
reloadAllAccessors: .ConstraintMonitor2
----------------- testing Wed May 30 01:20:37 UTC 2018 /home/travis/build/icyphy/ptII/ptolemy/actor/lib/test/auto/ConstraintMonitor3.xml
----------------- Instantiating /home/travis/build/icyphy/ptII/ptolemy/actor/lib/test/auto/ConstraintMonitor3.xml
6 ms. Memory: 880128K Free: 91298K (10%)
----------------- Invoking toplevel() on ptolemy.moml.MoMLSimpleApplication@19a7ca2c
----------------- Done invoking toplevel() on ptolemy.moml.MoMLSimpleApplication@19a7ca2c
reloadAllAccessors: .ConstraintMonitor3
----------------- testing Wed May 30 01:20:37 UTC 2018 /home/travis/build/icyphy/ptII/ptolemy/actor/lib/test/auto/ConstraintMonitor4.xml
----------------- Instantiating /home/travis/build/icyphy/ptII/ptolemy/actor/lib/test/auto/ConstraintMonitor4.xml
6 ms. Memory: 880128K Free: 80921K (9%)
----------------- Invoking toplevel() on ptolemy.moml.MoMLSimpleApplication@3d887624
----------------- Done invoking toplevel() on ptolemy.moml.MoMLSimpleApplication@3d887624
reloadAllAccessors: .ConstraintMonitor4
----------------- testing Wed May 30 01:20:37 UTC 2018 /home/travis/build/icyphy/ptII/ptolemy/actor/lib/test/auto/ConstraintMonitor5.xml
----------------- Instantiating /home/travis/build/icyphy/ptII/ptolemy/actor/lib/test/auto/ConstraintMonitor5.xml
6 ms. Memory: 880128K Free: 70545K (8%)
----------------- Invoking toplevel() on ptolemy.moml.MoMLSimpleApplication@7b7d4695
----------------- Done invoking toplevel() on ptolemy.moml.MoMLSimpleApplication@7b7d4695
reloadAllAccessors: .ConstraintMonitor5
----------------- testing Wed May 30 01:20:37 UTC 2018 /home/travis/build/icyphy/ptII/ptolemy/actor/lib/test/auto/ConstraintMonitor6.xml
----------------- Instantiating /home/travis/build/icyphy/ptII/ptolemy/actor/lib/test/auto/ConstraintMonitor6.xml
7 ms. Memory: 880640K Free: 824078K (94%)
----------------- Invoking toplevel() on ptolemy.moml.MoMLSimpleApplication@1b184cc7
----------------- Done invoking toplevel() on ptolemy.moml.MoMLSimpleApplication@1b184cc7
reloadAllAccessors: .ConstraintMonitor6
----------------- testing Wed May 30 01:20:37 UTC 2018 /home/travis/build/icyphy/ptII/ptolemy/actor/lib/test/auto/ConstraintMonitor7.xml
----------------- Instantiating /home/travis/build/icyphy/ptII/ptolemy/actor/lib/test/auto/ConstraintMonitor7.xml
7 ms. Memory: 880640K Free: 806510K (92%)
----------------- Invoking toplevel() on ptolemy.moml.MoMLSimpleApplication@35335563
----------------- Done invoking toplevel() on ptolemy.moml.MoMLSimpleApplication@35335563
reloadAllAccessors: .ConstraintMonitor7
----------------- testing Wed May 30 01:20:37 UTC 2018 /home/travis/build/icyphy/ptII/ptolemy/actor/lib/test/auto/ConstraintMonitor8.xml
----------------- Instantiating /home/travis/build/icyphy/ptII/ptolemy/actor/lib/test/auto/ConstraintMonitor8.xml
7 ms. Memory: 880640K Free: 796134K (90%)
----------------- Invoking toplevel() on ptolemy.moml.MoMLSimpleApplication@8a740d
----------------- Done invoking toplevel() on ptolemy.moml.MoMLSimpleApplication@8a740d
reloadAllAccessors: .ConstraintMonitor8
----------------- testing Wed May 30 01:20:37 UTC 2018 /home/travis/build/icyphy/ptII/ptolemy/actor/lib/test/auto/Counter.xml
----------------- Instantiating /home/travis/build/icyphy/ptII/ptolemy/actor/lib/test/auto/Counter.xml
2 ms. Memory: 880640K Free: 785757K (89%)
----------------- Invoking toplevel() on ptolemy.moml.MoMLSimpleApplication@216eb7e1
----------------- Done invoking toplevel() on ptolemy.moml.MoMLSimpleApplication@216eb7e1
reloadAllAccessors: .Counter
----------------- testing Wed May 30 01:20:37 UTC 2018 /home/travis/build/icyphy/ptII/ptolemy/actor/lib/test/auto/CurrentTimeSDF.xml
----------------- Instantiating /home/travis/build/icyphy/ptII/ptolemy/actor/lib/test/auto/CurrentTimeSDF.xml
1 ms. Memory: 880640K Free: 768295K (87%)
----------------- Invoking toplevel() on ptolemy.moml.MoMLSimpleApplication@141398f4
----------------- Done invoking toplevel() on ptolemy.moml.MoMLSimpleApplication@141398f4
reloadAllAccessors: .CurrentTimeSDF
----------------- testing Wed May 30 01:20:37 UTC 2018 /home/travis/build/icyphy/ptII/ptolemy/actor/lib/test/auto/DB.xml
----------------- Instantiating /home/travis/build/icyphy/ptII/ptolemy/actor/lib/test/auto/DB.xml
2 ms. Memory: 880640K Free: 757918K (86%)
----------------- Invoking toplevel() on ptolemy.moml.MoMLSimpleApplication@61263995
----------------- Done invoking toplevel() on ptolemy.moml.MoMLSimpleApplication@61263995
reloadAllAccessors: .DB
----------------- testing Wed May 30 01:20:37 UTC 2018 /home/travis/build/icyphy/ptII/ptolemy/actor/lib/test/auto/DBDE.xml
----------------- Instantiating /home/travis/build/icyphy/ptII/ptolemy/actor/lib/test/auto/DBDE.xml
2 ms. Memory: 880640K Free: 747541K (85%)
----------------- Invoking toplevel() on ptolemy.moml.MoMLSimpleApplication@145da315
----------------- Done invoking toplevel() on ptolemy.moml.MoMLSimpleApplication@145da315
reloadAllAccessors: .DBDE
----------------- testing Wed May 30 01:20:37 UTC 2018 /home/travis/build/icyphy/ptII/ptolemy/actor/lib/test/auto/DateConstructor.xml
----------------- Instantiating /home/travis/build/icyphy/ptII/ptolemy/actor/lib/test/auto/DateConstructor.xml
12 ms. Memory: 880640K Free: 719694K (82%)
----------------- Invoking toplevel() on ptolemy.moml.MoMLSimpleApplication@36df380f
----------------- Done invoking toplevel() on ptolemy.moml.MoMLSimpleApplication@36df380f
reloadAllAccessors: .DateConstructor
----------------- testing Wed May 30 01:20:37 UTC 2018 /home/travis/build/icyphy/ptII/ptolemy/actor/lib/test/auto/DelayTime.xml
----------------- Instantiating /home/travis/build/icyphy/ptII/ptolemy/actor/lib/test/auto/DelayTime.xml
3 ms. Memory: 880640K Free: 709318K (81%)
----------------- Invoking toplevel() on ptolemy.moml.MoMLSimpleApplication@5ccff1c7
----------------- Done invoking toplevel() on ptolemy.moml.MoMLSimpleApplication@5ccff1c7
reloadAllAccessors: .DelayTime
----------------- testing Wed May 30 01:20:37 UTC 2018 /home/travis/build/icyphy/ptII/ptolemy/actor/lib/test/auto/Dictionary1.xml
----------------- Instantiating /home/travis/build/icyphy/ptII/ptolemy/actor/lib/test/auto/Dictionary1.xml
2 ms. Memory: 880640K Free: 698941K (79%)
----------------- Invoking toplevel() on ptolemy.moml.MoMLSimpleApplication@bd4a510
----------------- Done invoking toplevel() on ptolemy.moml.MoMLSimpleApplication@bd4a510
reloadAllAccessors: .Dictionary1
----------------- testing Wed May 30 01:20:37 UTC 2018 /home/travis/build/icyphy/ptII/ptolemy/actor/lib/test/auto/Dictionary2.xml
----------------- Instantiating /home/travis/build/icyphy/ptII/ptolemy/actor/lib/test/auto/Dictionary2.xml
3 ms. Memory: 880640K Free: 681478K (77%)
----------------- Invoking toplevel() on ptolemy.moml.MoMLSimpleApplication@1d5c000
----------------- Done invoking toplevel() on ptolemy.moml.MoMLSimpleApplication@1d5c000
reloadAllAccessors: .Dictionary2
----------------- testing Wed May 30 01:20:37 UTC 2018 /home/travis/build/icyphy/ptII/ptolemy/actor/lib/test/auto/Dictionary3.xml
----------------- Instantiating /home/travis/build/icyphy/ptII/ptolemy/actor/lib/test/auto/Dictionary3.xml
2 ms. Memory: 880640K Free: 671102K (76%)
----------------- Invoking toplevel() on ptolemy.moml.MoMLSimpleApplication@752b124f
----------------- Done invoking toplevel() on ptolemy.moml.MoMLSimpleApplication@752b124f
reloadAllAccessors: .Dictionary3
----------------- testing Wed May 30 01:20:37 UTC 2018 /home/travis/build/icyphy/ptII/ptolemy/actor/lib/test/auto/Dictionary4.xml
----------------- Instantiating /home/travis/build/icyphy/ptII/ptolemy/actor/lib/test/auto/Dictionary4.xml
3 ms. Memory: 880640K Free: 660725K (75%)
----------------- Invoking toplevel() on ptolemy.moml.MoMLSimpleApplication@24741a6a
----------------- Done invoking toplevel() on ptolemy.moml.MoMLSimpleApplication@24741a6a
reloadAllAccessors: .Dictionary4
----------------- testing Wed May 30 01:20:37 UTC 2018 /home/travis/build/icyphy/ptII/ptolemy/actor/lib/test/auto/Differential.xml
----------------- Instantiating /home/travis/build/icyphy/ptII/ptolemy/actor/lib/test/auto/Differential.xml
1 ms. Memory: 880640K Free: 643263K (73%)
----------------- Invoking toplevel() on ptolemy.moml.MoMLSimpleApplication@7563a7fa
----------------- Done invoking toplevel() on ptolemy.moml.MoMLSimpleApplication@7563a7fa
reloadAllAccessors: .Differential
----------------- testing Wed May 30 01:20:37 UTC 2018 /home/travis/build/icyphy/ptII/ptolemy/actor/lib/test/auto/Director.xml
----------------- Instantiating /home/travis/build/icyphy/ptII/ptolemy/actor/lib/test/auto/Director.xml
2 ms. Memory: 880640K Free: 632886K (72%)
----------------- Invoking toplevel() on ptolemy.moml.MoMLSimpleApplication@1f73b168
----------------- Done invoking toplevel() on ptolemy.moml.MoMLSimpleApplication@1f73b168
reloadAllAccessors: .Director
----------------- testing Wed May 30 01:20:37 UTC 2018 /home/travis/build/icyphy/ptII/ptolemy/actor/lib/test/auto/DiscreteClock.xml
----------------- Instantiating /home/travis/build/icyphy/ptII/ptolemy/actor/lib/test/auto/DiscreteClock.xml
1 ms. Memory: 880640K Free: 622510K (71%)
----------------- Invoking toplevel() on ptolemy.moml.MoMLSimpleApplication@71d2ec17
----------------- Done invoking toplevel() on ptolemy.moml.MoMLSimpleApplication@71d2ec17
reloadAllAccessors: .DiscreteClock
----------------- testing Wed May 30 01:20:37 UTC 2018 /home/travis/build/icyphy/ptII/ptolemy/actor/lib/test/auto/DiscreteClock10.xml
----------------- Instantiating /home/travis/build/icyphy/ptII/ptolemy/actor/lib/test/auto/DiscreteClock10.xml
2 ms. Memory: 880640K Free: 605047K (69%)
----------------- Invoking toplevel() on ptolemy.moml.MoMLSimpleApplication@795ff0d8
----------------- Done invoking toplevel() on ptolemy.moml.MoMLSimpleApplication@795ff0d8
reloadAllAccessors: .DiscreteClock10
----------------- testing Wed May 30 01:20:37 UTC 2018 /home/travis/build/icyphy/ptII/ptolemy/actor/lib/test/auto/DiscreteClock11.xml
----------------- Instantiating /home/travis/build/icyphy/ptII/ptolemy/actor/lib/test/auto/DiscreteClock11.xml
2 ms. Memory: 880640K Free: 594671K (68%)
----------------- Invoking toplevel() on ptolemy.moml.MoMLSimpleApplication@40c51ea
----------------- Done invoking toplevel() on ptolemy.moml.MoMLSimpleApplication@40c51ea
reloadAllAccessors: .DiscreteClock11
----------------- testing Wed May 30 01:20:37 UTC 2018 /home/travis/build/icyphy/ptII/ptolemy/actor/lib/test/auto/DiscreteClock12.xml
----------------- Instantiating /home/travis/build/icyphy/ptII/ptolemy/actor/lib/test/auto/DiscreteClock12.xml
2 ms. Memory: 880640K Free: 584294K (66%)
----------------- Invoking toplevel() on ptolemy.moml.MoMLSimpleApplication@7a531234
----------------- Done invoking toplevel() on ptolemy.moml.MoMLSimpleApplication@7a531234
reloadAllAccessors: .DiscreteClock12
----------------- testing Wed May 30 01:20:37 UTC 2018 /home/travis/build/icyphy/ptII/ptolemy/actor/lib/test/auto/DiscreteClock13.xml
----------------- Instantiating /home/travis/build/icyphy/ptII/ptolemy/actor/lib/test/auto/DiscreteClock13.xml
6 ms. Memory: 880640K Free: 566831K (64%)
----------------- Invoking toplevel() on ptolemy.moml.MoMLSimpleApplication@3c09192d
----------------- Done invoking toplevel() on ptolemy.moml.MoMLSimpleApplication@3c09192d
reloadAllAccessors: .DiscreteClock13
----------------- testing Wed May 30 01:20:37 UTC 2018 /home/travis/build/icyphy/ptII/ptolemy/actor/lib/test/auto/DiscreteClock14.xml
----------------- Instantiating /home/travis/build/icyphy/ptII/ptolemy/actor/lib/test/auto/DiscreteClock14.xml
7 ms. Memory: 880640K Free: 556455K (63%)
----------------- Invoking toplevel() on ptolemy.moml.MoMLSimpleApplication@65c98cc
----------------- Done invoking toplevel() on ptolemy.moml.MoMLSimpleApplication@65c98cc
reloadAllAccessors: .DiscreteClock14
----------------- testing Wed May 30 01:20:37 UTC 2018 /home/travis/build/icyphy/ptII/ptolemy/actor/lib/test/auto/DiscreteClock15.xml
----------------- Instantiating /home/travis/build/icyphy/ptII/ptolemy/actor/lib/test/auto/DiscreteClock15.xml
6 ms. Memory: 880640K Free: 546078K (62%)
----------------- Invoking toplevel() on ptolemy.moml.MoMLSimpleApplication@955304b
----------------- Done invoking toplevel() on ptolemy.moml.MoMLSimpleApplication@955304b
reloadAllAccessors: .DiscreteClock15
----------------- testing Wed May 30 01:20:37 UTC 2018 /home/travis/build/icyphy/ptII/ptolemy/actor/lib/test/auto/DiscreteClock16.xml
----------------- Instantiating /home/travis/build/icyphy/ptII/ptolemy/actor/lib/test/auto/DiscreteClock16.xml
14 ms. Memory: 880640K Free: 523411K (59%)
----------------- Invoking toplevel() on ptolemy.moml.MoMLSimpleApplication@5dd74f5b
----------------- Done invoking toplevel() on ptolemy.moml.MoMLSimpleApplication@5dd74f5b
reloadAllAccessors: .DiscreteClock16
----------------- testing Wed May 30 01:20:38 UTC 2018 /home/travis/build/icyphy/ptII/ptolemy/actor/lib/test/auto/DiscreteClock17.xml
----------------- Instantiating /home/travis/build/icyphy/ptII/ptolemy/actor/lib/test/auto/DiscreteClock17.xml
16 ms. Memory: 880640K Free: 507830K (58%)
----------------- Invoking toplevel() on ptolemy.moml.MoMLSimpleApplication@20c29d5a
----------------- Done invoking toplevel() on ptolemy.moml.MoMLSimpleApplication@20c29d5a
reloadAllAccessors: .DiscreteClock17
----------------- testing Wed May 30 01:20:38 UTC 2018 /home/travis/build/icyphy/ptII/ptolemy/actor/lib/test/auto/DiscreteClock18.xml
----------------- Instantiating /home/travis/build/icyphy/ptII/ptolemy/actor/lib/test/auto/DiscreteClock18.xml
684 ms. Memory: 1367040K Free: 1313101K (96%)
----------------- Invoking toplevel() on ptolemy.moml.MoMLSimpleApplication@767a8ff9
----------------- Done invoking toplevel() on ptolemy.moml.MoMLSimpleApplication@767a8ff9
reloadAllAccessors: .DiscreteClock18
----------------- testing Wed May 30 01:20:38 UTC 2018 /home/travis/build/icyphy/ptII/ptolemy/actor/lib/test/auto/DiscreteClock19.xml
----------------- Instantiating /home/travis/build/icyphy/ptII/ptolemy/actor/lib/test/auto/DiscreteClock19.xml
12 ms. Memory: 1367040K Free: 1274777K (93%)
----------------- Invoking toplevel() on ptolemy.moml.MoMLSimpleApplication@d4549d2
----------------- Done invoking toplevel() on ptolemy.moml.MoMLSimpleApplication@d4549d2
reloadAllAccessors: .DiscreteClock19
----------------- testing Wed May 30 01:20:38 UTC 2018 /home/travis/build/icyphy/ptII/ptolemy/actor/lib/test/auto/DiscreteClock2.xml
----------------- Instantiating /home/travis/build/icyphy/ptII/ptolemy/actor/lib/test/auto/DiscreteClock2.xml
2 ms. Memory: 1367040K Free: 1262325K (92%)
----------------- Invoking toplevel() on ptolemy.moml.MoMLSimpleApplication@3eaa6f2
----------------- Done invoking toplevel() on ptolemy.moml.MoMLSimpleApplication@3eaa6f2
reloadAllAccessors: .DiscreteClock2
----------------- testing Wed May 30 01:20:38 UTC 2018 /home/travis/build/icyphy/ptII/ptolemy/actor/lib/test/auto/DiscreteClock20.xml
----------------- Instantiating /home/travis/build/icyphy/ptII/ptolemy/actor/lib/test/auto/DiscreteClock20.xml
7 ms. Memory: 1367040K Free: 1249873K (91%)
----------------- Invoking toplevel() on ptolemy.moml.MoMLSimpleApplication@7b6ea887
----------------- Done invoking toplevel() on ptolemy.moml.MoMLSimpleApplication@7b6ea887
reloadAllAccessors: .DiscreteClock20
----------------- testing Wed May 30 01:20:38 UTC 2018 /home/travis/build/icyphy/ptII/ptolemy/actor/lib/test/auto/DiscreteClock21.xml
----------------- Instantiating /home/travis/build/icyphy/ptII/ptolemy/actor/lib/test/auto/DiscreteClock21.xml
7 ms. Memory: 1367040K Free: 1237421K (91%)
----------------- Invoking toplevel() on ptolemy.moml.MoMLSimpleApplication@7de47899
----------------- Done invoking toplevel() on ptolemy.moml.MoMLSimpleApplication@7de47899
reloadAllAccessors: .DiscreteClock21
----------------- testing Wed May 30 01:20:38 UTC 2018 /home/travis/build/icyphy/ptII/ptolemy/actor/lib/test/auto/DiscreteClock22.xml
----------------- Instantiating /home/travis/build/icyphy/ptII/ptolemy/actor/lib/test/auto/DiscreteClock22.xml
6 ms. Memory: 1367040K Free: 1213632K (89%)
----------------- Invoking toplevel() on ptolemy.moml.MoMLSimpleApplication@189173a1
----------------- Done invoking toplevel() on ptolemy.moml.MoMLSimpleApplication@189173a1
reloadAllAccessors: .DiscreteClock22
----------------- testing Wed May 30 01:20:38 UTC 2018 /home/travis/build/icyphy/ptII/ptolemy/actor/lib/test/auto/DiscreteClock23.xml
----------------- Instantiating /home/travis/build/icyphy/ptII/ptolemy/actor/lib/test/auto/DiscreteClock23.xml
7 ms. Memory: 1367040K Free: 1201180K (88%)
----------------- Invoking toplevel() on ptolemy.moml.MoMLSimpleApplication@68403c6
----------------- Done invoking toplevel() on ptolemy.moml.MoMLSimpleApplication@68403c6
reloadAllAccessors: .DiscreteClock23
----------------- testing Wed May 30 01:20:38 UTC 2018 /home/travis/build/icyphy/ptII/ptolemy/actor/lib/test/auto/DiscreteClock24.xml
----------------- Instantiating /home/travis/build/icyphy/ptII/ptolemy/actor/lib/test/auto/DiscreteClock24.xml
6 ms. Memory: 1367040K Free: 1188728K (87%)
----------------- Invoking toplevel() on ptolemy.moml.MoMLSimpleApplication@2f39836e
----------------- Done invoking toplevel() on ptolemy.moml.MoMLSimpleApplication@2f39836e
reloadAllAccessors: .DiscreteClock24
----------------- testing Wed May 30 01:20:38 UTC 2018 /home/travis/build/icyphy/ptII/ptolemy/actor/lib/test/auto/DiscreteClock4.xml
----------------- Instantiating /home/travis/build/icyphy/ptII/ptolemy/actor/lib/test/auto/DiscreteClock4.xml
2 ms. Memory: 1367040K Free: 1176276K (86%)
----------------- Invoking toplevel() on ptolemy.moml.MoMLSimpleApplication@5fea0e72
----------------- Done invoking toplevel() on ptolemy.moml.MoMLSimpleApplication@5fea0e72
reloadAllAccessors: .DiscreteClock4
----------------- testing Wed May 30 01:20:39 UTC 2018 /home/travis/build/icyphy/ptII/ptolemy/actor/lib/test/auto/DiscreteClock5.xml
----------------- Instantiating /home/travis/build/icyphy/ptII/ptolemy/actor/lib/test/auto/DiscreteClock5.xml
1 ms. Memory: 1367040K Free: 1163824K (85%)
----------------- Invoking toplevel() on ptolemy.moml.MoMLSimpleApplication@69ead2e3
----------------- Done invoking toplevel() on ptolemy.moml.MoMLSimpleApplication@69ead2e3
reloadAllAccessors: .DiscreteClock5
----------------- testing Wed May 30 01:20:39 UTC 2018 /home/travis/build/icyphy/ptII/ptolemy/actor/lib/test/auto/DiscreteClock6.xml
----------------- Instantiating /home/travis/build/icyphy/ptII/ptolemy/actor/lib/test/auto/DiscreteClock6.xml
1 ms. Memory: 1367040K Free: 1140035K (83%)
----------------- Invoking toplevel() on ptolemy.moml.MoMLSimpleApplication@2c777c3c
----------------- Done invoking toplevel() on ptolemy.moml.MoMLSimpleApplication@2c777c3c
reloadAllAccessors: .DiscreteClock6
----------------- testing Wed May 30 01:20:39 UTC 2018 /home/travis/build/icyphy/ptII/ptolemy/actor/lib/test/auto/DiscreteClock7.xml
----------------- Instantiating /home/travis/build/icyphy/ptII/ptolemy/actor/lib/test/auto/DiscreteClock7.xml
2 ms. Memory: 1367040K Free: 1127583K (82%)
----------------- Invoking toplevel() on ptolemy.moml.MoMLSimpleApplication@319ef291
----------------- Done invoking toplevel() on ptolemy.moml.MoMLSimpleApplication@319ef291
reloadAllAccessors: .DiscreteClock7
----------------- testing Wed May 30 01:20:39 UTC 2018 /home/travis/build/icyphy/ptII/ptolemy/actor/lib/test/auto/DiscreteClock8.xml
----------------- Instantiating /home/travis/build/icyphy/ptII/ptolemy/actor/lib/test/auto/DiscreteClock8.xml
1 ms. Memory: 1367040K Free: 1115131K (82%)
----------------- Invoking toplevel() on ptolemy.moml.MoMLSimpleApplication@4058fe5c
----------------- Done invoking toplevel() on ptolemy.moml.MoMLSimpleApplication@4058fe5c
reloadAllAccessors: .DiscreteClock8
----------------- testing Wed May 30 01:20:39 UTC 2018 /home/travis/build/icyphy/ptII/ptolemy/actor/lib/test/auto/DiscreteClock9.xml
----------------- Instantiating /home/travis/build/icyphy/ptII/ptolemy/actor/lib/test/auto/DiscreteClock9.xml
6 ms. Memory: 1367040K Free: 1102679K (81%)
----------------- Invoking toplevel() on ptolemy.moml.MoMLSimpleApplication@2bd16289
----------------- Done invoking toplevel() on ptolemy.moml.MoMLSimpleApplication@2bd16289
reloadAllAccessors: .DiscreteClock9
----------------- testing Wed May 30 01:20:39 UTC 2018 /home/travis/build/icyphy/ptII/ptolemy/actor/lib/test/auto/DisplayArray.xml
----------------- Instantiating /home/travis/build/icyphy/ptII/ptolemy/actor/lib/test/auto/DisplayArray.xml
1 ms. Memory: 1367040K Free: 1090227K (80%)
----------------- Invoking toplevel() on ptolemy.moml.MoMLSimpleApplication@d55042d
----------------- Done invoking toplevel() on ptolemy.moml.MoMLSimpleApplication@d55042d
reloadAllAccessors: .DisplayArray
----------------- testing Wed May 30 01:20:39 UTC 2018 /home/travis/build/icyphy/ptII/ptolemy/actor/lib/test/auto/Distributor.xml
----------------- Instantiating /home/travis/build/icyphy/ptII/ptolemy/actor/lib/test/auto/Distributor.xml
2 ms. Memory: 1367040K Free: 1066438K (78%)
----------------- Invoking toplevel() on ptolemy.moml.MoMLSimpleApplication@433c8c4c
----------------- Done invoking toplevel() on ptolemy.moml.MoMLSimpleApplication@433c8c4c
reloadAllAccessors: .Distributor
----------------- testing Wed May 30 01:20:39 UTC 2018 /home/travis/build/icyphy/ptII/ptolemy/actor/lib/test/auto/Distributor2.xml
----------------- Instantiating /home/travis/build/icyphy/ptII/ptolemy/actor/lib/test/auto/Distributor2.xml
1 ms. Memory: 1367040K Free: 1053986K (77%)
----------------- Invoking toplevel() on ptolemy.moml.MoMLSimpleApplication@63c96688
----------------- Done invoking toplevel() on ptolemy.moml.MoMLSimpleApplication@63c96688
reloadAllAccessors: .Distributor2
----------------- testing Wed May 30 01:20:39 UTC 2018 /home/travis/build/icyphy/ptII/ptolemy/actor/lib/test/auto/DownSample.xml
----------------- Instantiating /home/travis/build/icyphy/ptII/ptolemy/actor/lib/test/auto/DownSample.xml
1 ms. Memory: 1367040K Free: 1041534K (76%)
----------------- Invoking toplevel() on ptolemy.moml.MoMLSimpleApplication@dd0c6c3
----------------- Done invoking toplevel() on ptolemy.moml.MoMLSimpleApplication@dd0c6c3
reloadAllAccessors: .DownSample
----------------- testing Wed May 30 01:20:39 UTC 2018 /home/travis/build/icyphy/ptII/ptolemy/actor/lib/test/auto/ElectronicUnitBase1.xml
----------------- Instantiating /home/travis/build/icyphy/ptII/ptolemy/actor/lib/test/auto/ElectronicUnitBase1.xml
22 ms. Memory: 1367040K Free: 1016606K (74%)
----------------- Invoking toplevel() on ptolemy.moml.MoMLSimpleApplication@47c57ba5
----------------- Done invoking toplevel() on ptolemy.moml.MoMLSimpleApplication@47c57ba5
reloadAllAccessors: .ElectronicUnitBase1
----------------- testing Wed May 30 01:20:39 UTC 2018 /home/travis/build/icyphy/ptII/ptolemy/actor/lib/test/auto/ElementsToArray.xml
----------------- Instantiating /home/travis/build/icyphy/ptII/ptolemy/actor/lib/test/auto/ElementsToArray.xml
2 ms. Memory: 1367040K Free: 1004154K (73%)
----------------- Invoking toplevel() on ptolemy.moml.MoMLSimpleApplication@75ad99e3
----------------- Done invoking toplevel() on ptolemy.moml.MoMLSimpleApplication@75ad99e3
reloadAllAccessors: .ElementsToArray
----------------- testing Wed May 30 01:20:39 UTC 2018 /home/travis/build/icyphy/ptII/ptolemy/actor/lib/test/auto/Equals.xml
----------------- Instantiating /home/travis/build/icyphy/ptII/ptolemy/actor/lib/test/auto/Equals.xml
3 ms. Memory: 1367040K Free: 980365K (72%)
----------------- Invoking toplevel() on ptolemy.moml.MoMLSimpleApplication@77c57670
----------------- Done invoking toplevel() on ptolemy.moml.MoMLSimpleApplication@77c57670
reloadAllAccessors: .Equals
----------------- testing Wed May 30 01:20:39 UTC 2018 /home/travis/build/icyphy/ptII/ptolemy/actor/lib/test/auto/Exec.xml
----------------- Instantiating /home/travis/build/icyphy/ptII/ptolemy/actor/lib/test/auto/Exec.xml
10 ms. Memory: 1367040K Free: 955462K (70%)
----------------- Invoking toplevel() on ptolemy.moml.MoMLSimpleApplication@7dad10bf
----------------- Done invoking toplevel() on ptolemy.moml.MoMLSimpleApplication@7dad10bf
reloadAllAccessors: .Exec
----------------- testing Wed May 30 01:20:39 UTC 2018 /home/travis/build/icyphy/ptII/ptolemy/actor/lib/test/auto/ExecEnvironment.xml
----------------- Instantiating /home/travis/build/icyphy/ptII/ptolemy/actor/lib/test/auto/ExecEnvironment.xml
24 ms. Memory: 1367040K Free: 918105K (67%)
----------------- Invoking toplevel() on ptolemy.moml.MoMLSimpleApplication@3ca1ba7d
----------------- Done invoking toplevel() on ptolemy.moml.MoMLSimpleApplication@3ca1ba7d
reloadAllAccessors: .ExecEnvironment
----------------- testing Wed May 30 01:20:39 UTC 2018 /home/travis/build/icyphy/ptII/ptolemy/actor/lib/test/auto/ExecNonZeroReturnOutput.xml
----------------- Instantiating /home/travis/build/icyphy/ptII/ptolemy/actor/lib/test/auto/ExecNonZeroReturnOutput.xml
127 ms. Memory: 1367040K Free: 824716K (60%)
----------------- Invoking toplevel() on ptolemy.moml.MoMLSimpleApplication@66ab61a
----------------- Done invoking toplevel() on ptolemy.moml.MoMLSimpleApplication@66ab61a
reloadAllAccessors: .ExecNonZeroReturnOutput
----------------- testing Wed May 30 01:20:39 UTC 2018 /home/travis/build/icyphy/ptII/ptolemy/actor/lib/test/auto/ExecRunDemos.xml
----------------- Instantiating /home/travis/build/icyphy/ptII/ptolemy/actor/lib/test/auto/ExecRunDemos.xml
Finished: 39 ms. Memory: 116224K Free: 100789K (87%)

Finished: 36 ms. Memory: 116224K Free: 98307K (85%)

Finished: 83 ms. Memory: 116224K Free: 98342K (85%)

Finished: 39 ms. Memory: 116224K Free: 99536K (86%)

Finished: 49 ms. Memory: 116224K Free: 100769K (87%)

9406 ms. Memory: 1367040K Free: 718831K (53%)
----------------- Invoking toplevel() on ptolemy.moml.MoMLSimpleApplication@1e517097
----------------- Done invoking toplevel() on ptolemy.moml.MoMLSimpleApplication@1e517097
reloadAllAccessors: .ExecRunDemos
----------------- testing Wed May 30 01:20:48 UTC 2018 /home/travis/build/icyphy/ptII/ptolemy/actor/lib/test/auto/ExecStop.xml
----------------- Instantiating /home/travis/build/icyphy/ptII/ptolemy/actor/lib/test/auto/ExecStop.xml
5009 ms. Memory: 1367040K Free: 533167K (39%)
----------------- Invoking toplevel() on ptolemy.moml.MoMLSimpleApplication@13acd412
----------------- Done invoking toplevel() on ptolemy.moml.MoMLSimpleApplication@13acd412
reloadAllAccessors: .ExecStop
----------------- testing Wed May 30 01:20:54 UTC 2018 /home/travis/build/icyphy/ptII/ptolemy/actor/lib/test/auto/ExecutionTimePN.xml
----------------- Instantiating /home/travis/build/icyphy/ptII/ptolemy/actor/lib/test/auto/ExecutionTimePN.xml
2015 ms. Memory: 1367040K Free: 458455K (34%)
----------------- testing Wed May 30 01:20:56 UTC 2018 /home/travis/build/icyphy/ptII/ptolemy/actor/lib/test/auto/ExecutionTimeSDF.xml
----------------- Instantiating /home/travis/build/icyphy/ptII/ptolemy/actor/lib/test/auto/ExecutionTimeSDF.xml
6003 ms. Memory: 1367040K Free: 433543K (32%)
----------------- Invoking toplevel() on ptolemy.moml.MoMLSimpleApplication@29daa020
----------------- Done invoking toplevel() on ptolemy.moml.MoMLSimpleApplication@29daa020
reloadAllAccessors: .ExecutionTimeSDF
----------------- testing Wed May 30 01:21:02 UTC 2018 /home/travis/build/icyphy/ptII/ptolemy/actor/lib/test/auto/Expression1.xml
----------------- Instantiating /home/travis/build/icyphy/ptII/ptolemy/actor/lib/test/auto/Expression1.xml
2 ms. Memory: 1367040K Free: 421092K (31%)
----------------- Invoking toplevel() on ptolemy.moml.MoMLSimpleApplication@4e1dd9a0
----------------- Done invoking toplevel() on ptolemy.moml.MoMLSimpleApplication@4e1dd9a0
reloadAllAccessors: .Expression1
----------------- testing Wed May 30 01:21:02 UTC 2018 /home/travis/build/icyphy/ptII/ptolemy/actor/lib/test/auto/Expression10.xml
----------------- Instantiating /home/travis/build/icyphy/ptII/ptolemy/actor/lib/test/auto/Expression10.xml
9 ms. Memory: 1367040K Free: 397302K (29%)
----------------- Invoking toplevel() on ptolemy.moml.MoMLSimpleApplication@585da42e
----------------- Done invoking toplevel() on ptolemy.moml.MoMLSimpleApplication@585da42e
reloadAllAccessors: .Expression10
----------------- testing Wed May 30 01:21:02 UTC 2018 /home/travis/build/icyphy/ptII/ptolemy/actor/lib/test/auto/Expression11.xml
----------------- Instantiating /home/travis/build/icyphy/ptII/ptolemy/actor/lib/test/auto/Expression11.xml
2 ms. Memory: 1367040K Free: 384850K (28%)
----------------- Invoking toplevel() on ptolemy.moml.MoMLSimpleApplication@65551911
----------------- Done invoking toplevel() on ptolemy.moml.MoMLSimpleApplication@65551911
reloadAllAccessors: .Expression11
----------------- testing Wed May 30 01:21:02 UTC 2018 /home/travis/build/icyphy/ptII/ptolemy/actor/lib/test/auto/Expression12.xml
----------------- Instantiating /home/travis/build/icyphy/ptII/ptolemy/actor/lib/test/auto/Expression12.xml
2 ms. Memory: 1367040K Free: 372399K (27%)
----------------- Invoking toplevel() on ptolemy.moml.MoMLSimpleApplication@37b0ddd8
----------------- Done invoking toplevel() on ptolemy.moml.MoMLSimpleApplication@37b0ddd8
reloadAllAccessors: .Expression12
----------------- testing Wed May 30 01:21:02 UTC 2018 /home/travis/build/icyphy/ptII/ptolemy/actor/lib/test/auto/Expression13.xml
----------------- Instantiating /home/travis/build/icyphy/ptII/ptolemy/actor/lib/test/auto/Expression13.xml
3 ms. Memory: 1367040K Free: 359947K (26%)
----------------- Invoking toplevel() on ptolemy.moml.MoMLSimpleApplication@27fc0d83
----------------- Done invoking toplevel() on ptolemy.moml.MoMLSimpleApplication@27fc0d83
reloadAllAccessors: .Expression13
----------------- testing Wed May 30 01:21:02 UTC 2018 /home/travis/build/icyphy/ptII/ptolemy/actor/lib/test/auto/Expression14.xml
----------------- Instantiating /home/travis/build/icyphy/ptII/ptolemy/actor/lib/test/auto/Expression14.xml
4 ms. Memory: 1367040K Free: 347495K (25%)
----------------- Invoking toplevel() on ptolemy.moml.MoMLSimpleApplication@a7195aa
----------------- Done invoking toplevel() on ptolemy.moml.MoMLSimpleApplication@a7195aa
reloadAllAccessors: .Expression14
----------------- testing Wed May 30 01:21:02 UTC 2018 /home/travis/build/icyphy/ptII/ptolemy/actor/lib/test/auto/Expression15.xml
----------------- Instantiating /home/travis/build/icyphy/ptII/ptolemy/actor/lib/test/auto/Expression15.xml
3 ms. Memory: 1367040K Free: 323706K (24%)
----------------- Invoking toplevel() on ptolemy.moml.MoMLSimpleApplication@26d27f4d
----------------- Done invoking toplevel() on ptolemy.moml.MoMLSimpleApplication@26d27f4d
reloadAllAccessors: .Expression15
----------------- testing Wed May 30 01:21:02 UTC 2018 /home/travis/build/icyphy/ptII/ptolemy/actor/lib/test/auto/Expression16.xml
----------------- Instantiating /home/travis/build/icyphy/ptII/ptolemy/actor/lib/test/auto/Expression16.xml
3 ms. Memory: 1367040K Free: 311254K (23%)
----------------- Invoking toplevel() on ptolemy.moml.MoMLSimpleApplication@6d1f472d
----------------- Done invoking toplevel() on ptolemy.moml.MoMLSimpleApplication@6d1f472d
reloadAllAccessors: .Expression16
----------------- testing Wed May 30 01:21:02 UTC 2018 /home/travis/build/icyphy/ptII/ptolemy/actor/lib/test/auto/Expression17.xml
----------------- Instantiating /home/travis/build/icyphy/ptII/ptolemy/actor/lib/test/auto/Expression17.xml
3 ms. Memory: 1367040K Free: 298802K (22%)
----------------- Invoking toplevel() on ptolemy.moml.MoMLSimpleApplication@6a6a5e2a
----------------- Done invoking toplevel() on ptolemy.moml.MoMLSimpleApplication@6a6a5e2a
reloadAllAccessors: .Expression17
----------------- testing Wed May 30 01:21:02 UTC 2018 /home/travis/build/icyphy/ptII/ptolemy/actor/lib/test/auto/Expression18.xml
----------------- Instantiating /home/travis/build/icyphy/ptII/ptolemy/actor/lib/test/auto/Expression18.xml
2 ms. Memory: 1367040K Free: 286350K (21%)
----------------- Invoking toplevel() on ptolemy.moml.MoMLSimpleApplication@43de5f3e
----------------- Done invoking toplevel() on ptolemy.moml.MoMLSimpleApplication@43de5f3e
reloadAllAccessors: .Expression18
----------------- testing Wed May 30 01:21:02 UTC 2018 /home/travis/build/icyphy/ptII/ptolemy/actor/lib/test/auto/Expression2.xml
----------------- Instantiating /home/travis/build/icyphy/ptII/ptolemy/actor/lib/test/auto/Expression2.xml
3 ms. Memory: 1367040K Free: 273898K (20%)
----------------- Invoking toplevel() on ptolemy.moml.MoMLSimpleApplication@5c691cc9
----------------- Done invoking toplevel() on ptolemy.moml.MoMLSimpleApplication@5c691cc9
reloadAllAccessors: .Expression2
----------------- testing Wed May 30 01:21:02 UTC 2018 /home/travis/build/icyphy/ptII/ptolemy/actor/lib/test/auto/Expression3.xml
----------------- Instantiating /home/travis/build/icyphy/ptII/ptolemy/actor/lib/test/auto/Expression3.xml
3 ms. Memory: 1367040K Free: 250109K (18%)
----------------- Invoking toplevel() on ptolemy.moml.MoMLSimpleApplication@7b852fed
----------------- Done invoking toplevel() on ptolemy.moml.MoMLSimpleApplication@7b852fed
reloadAllAccessors: .Expression3
----------------- testing Wed May 30 01:21:02 UTC 2018 /home/travis/build/icyphy/ptII/ptolemy/actor/lib/test/auto/Expression4.xml
----------------- Instantiating /home/travis/build/icyphy/ptII/ptolemy/actor/lib/test/auto/Expression4.xml
4 ms. Memory: 1367040K Free: 237657K (17%)
----------------- Invoking toplevel() on ptolemy.moml.MoMLSimpleApplication@4abe5da0
----------------- Done invoking toplevel() on ptolemy.moml.MoMLSimpleApplication@4abe5da0
reloadAllAccessors: .Expression4
----------------- testing Wed May 30 01:21:02 UTC 2018 /home/travis/build/icyphy/ptII/ptolemy/actor/lib/test/auto/Expression5.xml
----------------- Instantiating /home/travis/build/icyphy/ptII/ptolemy/actor/lib/test/auto/Expression5.xml
3 ms. Memory: 1367040K Free: 225205K (16%)
----------------- Invoking toplevel() on ptolemy.moml.MoMLSimpleApplication@70cbbe64
----------------- Done invoking toplevel() on ptolemy.moml.MoMLSimpleApplication@70cbbe64
reloadAllAccessors: .Expression5
----------------- testing Wed May 30 01:21:02 UTC 2018 /home/travis/build/icyphy/ptII/ptolemy/actor/lib/test/auto/Expression6.xml
----------------- Instantiating /home/travis/build/icyphy/ptII/ptolemy/actor/lib/test/auto/Expression6.xml
2 ms. Memory: 1367040K Free: 212753K (16%)
----------------- Invoking toplevel() on ptolemy.moml.MoMLSimpleApplication@3de31c6
----------------- Done invoking toplevel() on ptolemy.moml.MoMLSimpleApplication@3de31c6
reloadAllAccessors: .Expression6
----------------- testing Wed May 30 01:21:02 UTC 2018 /home/travis/build/icyphy/ptII/ptolemy/actor/lib/test/auto/Expression7.xml
----------------- Instantiating /home/travis/build/icyphy/ptII/ptolemy/actor/lib/test/auto/Expression7.xml
3 ms. Memory: 1367040K Free: 200301K (15%)
----------------- Invoking toplevel() on ptolemy.moml.MoMLSimpleApplication@36688d41
----------------- Done invoking toplevel() on ptolemy.moml.MoMLSimpleApplication@36688d41
reloadAllAccessors: .Expression7
----------------- testing Wed May 30 01:21:02 UTC 2018 /home/travis/build/icyphy/ptII/ptolemy/actor/lib/test/auto/Expression8.xml
----------------- Instantiating /home/travis/build/icyphy/ptII/ptolemy/actor/lib/test/auto/Expression8.xml
5 ms. Memory: 1367040K Free: 176512K (13%)
----------------- Invoking toplevel() on ptolemy.moml.MoMLSimpleApplication@5e0f17bc
----------------- Done invoking toplevel() on ptolemy.moml.MoMLSimpleApplication@5e0f17bc
reloadAllAccessors: .Expression8
----------------- testing Wed May 30 01:21:02 UTC 2018 /home/travis/build/icyphy/ptII/ptolemy/actor/lib/test/auto/Expression9.xml
----------------- Instantiating /home/travis/build/icyphy/ptII/ptolemy/actor/lib/test/auto/Expression9.xml
2 ms. Memory: 1367040K Free: 164060K (12%)
----------------- Invoking toplevel() on ptolemy.moml.MoMLSimpleApplication@168ad508
----------------- Done invoking toplevel() on ptolemy.moml.MoMLSimpleApplication@168ad508
reloadAllAccessors: .Expression9
----------------- testing Wed May 30 01:21:02 UTC 2018 /home/travis/build/icyphy/ptII/ptolemy/actor/lib/test/auto/ExpressionConcatenateArrayType.xml
----------------- Instantiating /home/travis/build/icyphy/ptII/ptolemy/actor/lib/test/auto/ExpressionConcatenateArrayType.xml
3 ms. Memory: 1367040K Free: 151608K (11%)
----------------- Invoking toplevel() on ptolemy.moml.MoMLSimpleApplication@4d4699ba
----------------- Done invoking toplevel() on ptolemy.moml.MoMLSimpleApplication@4d4699ba
reloadAllAccessors: .ExpressionConcatenateArrayType
----------------- testing Wed May 30 01:21:02 UTC 2018 /home/travis/build/icyphy/ptII/ptolemy/actor/lib/test/auto/ExpressionConcatenateArrayType2.xml
----------------- Instantiating /home/travis/build/icyphy/ptII/ptolemy/actor/lib/test/auto/ExpressionConcatenateArrayType2.xml
2 ms. Memory: 1367040K Free: 139156K (10%)
----------------- Invoking toplevel() on ptolemy.moml.MoMLSimpleApplication@671d674a
----------------- Done invoking toplevel() on ptolemy.moml.MoMLSimpleApplication@671d674a
reloadAllAccessors: .ExpressionConcatenateArrayType2
----------------- testing Wed May 30 01:21:02 UTC 2018 /home/travis/build/icyphy/ptII/ptolemy/actor/lib/test/auto/ExpressionFix.xml
----------------- Instantiating /home/travis/build/icyphy/ptII/ptolemy/actor/lib/test/auto/ExpressionFix.xml
10 ms. Memory: 1367040K Free: 126704K (9%)
----------------- Invoking toplevel() on ptolemy.moml.MoMLSimpleApplication@5d4602ea
----------------- Done invoking toplevel() on ptolemy.moml.MoMLSimpleApplication@5d4602ea
reloadAllAccessors: .ExpressionFix
----------------- testing Wed May 30 01:21:02 UTC 2018 /home/travis/build/icyphy/ptII/ptolemy/actor/lib/test/auto/ExpressionFix2.xml
----------------- Instantiating /home/travis/build/icyphy/ptII/ptolemy/actor/lib/test/auto/ExpressionFix2.xml
3 ms. Memory: 1367040K Free: 102915K (8%)
----------------- Invoking toplevel() on ptolemy.moml.MoMLSimpleApplication@33b6cbd4
----------------- Done invoking toplevel() on ptolemy.moml.MoMLSimpleApplication@33b6cbd4
reloadAllAccessors: .ExpressionFix2
----------------- testing Wed May 30 01:21:02 UTC 2018 /home/travis/build/icyphy/ptII/ptolemy/actor/lib/test/auto/ExpressionFix3.xml
----------------- Instantiating /home/travis/build/icyphy/ptII/ptolemy/actor/lib/test/auto/ExpressionFix3.xml
3 ms. Memory: 1367040K Free: 90463K (7%)
----------------- Invoking toplevel() on ptolemy.moml.MoMLSimpleApplication@d3c1358
----------------- Done invoking toplevel() on ptolemy.moml.MoMLSimpleApplication@d3c1358
reloadAllAccessors: .ExpressionFix3
----------------- testing Wed May 30 01:21:02 UTC 2018 /home/travis/build/icyphy/ptII/ptolemy/actor/lib/test/auto/FileWriter1.xml
----------------- Instantiating /home/travis/build/icyphy/ptII/ptolemy/actor/lib/test/auto/FileWriter1.xml
11 ms. Memory: 1367040K Free: 1322122K (97%)
----------------- Invoking toplevel() on ptolemy.moml.MoMLSimpleApplication@6d4f02cb
----------------- Done invoking toplevel() on ptolemy.moml.MoMLSimpleApplication@6d4f02cb
reloadAllAccessors: .FileWriter1
----------------- testing Wed May 30 01:21:02 UTC 2018 /home/travis/build/icyphy/ptII/ptolemy/actor/lib/test/auto/FileWriter2.xml
----------------- Instantiating /home/travis/build/icyphy/ptII/ptolemy/actor/lib/test/auto/FileWriter2.xml
2 ms. Memory: 1367040K Free: 1300885K (95%)
----------------- Invoking toplevel() on ptolemy.moml.MoMLSimpleApplication@603a3586
----------------- Done invoking toplevel() on ptolemy.moml.MoMLSimpleApplication@603a3586
reloadAllAccessors: .FileWriter2
----------------- testing Wed May 30 01:21:02 UTC 2018 /home/travis/build/icyphy/ptII/ptolemy/actor/lib/test/auto/FileWriter3.xml
----------------- Instantiating /home/travis/build/icyphy/ptII/ptolemy/actor/lib/test/auto/FileWriter3.xml
6 ms. Memory: 1367040K Free: 1290923K (94%)
----------------- Invoking toplevel() on ptolemy.moml.MoMLSimpleApplication@4310de13
----------------- Done invoking toplevel() on ptolemy.moml.MoMLSimpleApplication@4310de13
reloadAllAccessors: .FileWriter3
----------------- testing Wed May 30 01:21:02 UTC 2018 /home/travis/build/icyphy/ptII/ptolemy/actor/lib/test/auto/Gaussian.xml
----------------- Instantiating /home/travis/build/icyphy/ptII/ptolemy/actor/lib/test/auto/Gaussian.xml
2 ms. Memory: 1367040K Free: 1280962K (94%)
----------------- Invoking toplevel() on ptolemy.moml.MoMLSimpleApplication@56f3fa00
----------------- Done invoking toplevel() on ptolemy.moml.MoMLSimpleApplication@56f3fa00
reloadAllAccessors: .Gaussian
----------------- testing Wed May 30 01:21:02 UTC 2018 /home/travis/build/icyphy/ptII/ptolemy/actor/lib/test/auto/Gaussian1.xml
----------------- Instantiating /home/travis/build/icyphy/ptII/ptolemy/actor/lib/test/auto/Gaussian1.xml
2 ms. Memory: 1367040K Free: 1262837K (92%)
----------------- Invoking toplevel() on ptolemy.moml.MoMLSimpleApplication@1589cda8
----------------- Done invoking toplevel() on ptolemy.moml.MoMLSimpleApplication@1589cda8
reloadAllAccessors: .Gaussian1
----------------- testing Wed May 30 01:21:02 UTC 2018 /home/travis/build/icyphy/ptII/ptolemy/actor/lib/test/auto/Gaussian2.xml
----------------- Instantiating /home/travis/build/icyphy/ptII/ptolemy/actor/lib/test/auto/Gaussian2.xml
1 ms. Memory: 1367040K Free: 1252876K (92%)
----------------- Invoking toplevel() on ptolemy.moml.MoMLSimpleApplication@4b7458fc
----------------- Done invoking toplevel() on ptolemy.moml.MoMLSimpleApplication@4b7458fc
reloadAllAccessors: .Gaussian2
----------------- testing Wed May 30 01:21:02 UTC 2018 /home/travis/build/icyphy/ptII/ptolemy/actor/lib/test/auto/GradientAdaptiveLattice.xml
----------------- Instantiating /home/travis/build/icyphy/ptII/ptolemy/actor/lib/test/auto/GradientAdaptiveLattice.xml
2 ms. Memory: 1367040K Free: 1242914K (91%)
----------------- Invoking toplevel() on ptolemy.moml.MoMLSimpleApplication@259dfccf
----------------- Done invoking toplevel() on ptolemy.moml.MoMLSimpleApplication@259dfccf
reloadAllAccessors: .GradientAdaptiveLattice
----------------- testing Wed May 30 01:21:02 UTC 2018 /home/travis/build/icyphy/ptII/ptolemy/actor/lib/test/auto/IIR.xml
----------------- Instantiating /home/travis/build/icyphy/ptII/ptolemy/actor/lib/test/auto/IIR.xml
2 ms. Memory: 1367040K Free: 1232952K (90%)
----------------- Invoking toplevel() on ptolemy.moml.MoMLSimpleApplication@348167d9
----------------- Done invoking toplevel() on ptolemy.moml.MoMLSimpleApplication@348167d9
reloadAllAccessors: .IIR
----------------- testing Wed May 30 01:21:02 UTC 2018 /home/travis/build/icyphy/ptII/ptolemy/actor/lib/test/auto/InputOutputTransparentPorts.xml
----------------- Instantiating /home/travis/build/icyphy/ptII/ptolemy/actor/lib/test/auto/InputOutputTransparentPorts.xml
2 ms. Memory: 1367040K Free: 1209831K (89%)
----------------- Invoking toplevel() on ptolemy.moml.MoMLSimpleApplication@2823f4d
----------------- Done invoking toplevel() on ptolemy.moml.MoMLSimpleApplication@2823f4d
reloadAllAccessors: .InputOutputTransparentPorts
----------------- testing Wed May 30 01:21:02 UTC 2018 /home/travis/build/icyphy/ptII/ptolemy/actor/lib/test/auto/Interpolator.xml
----------------- Instantiating /home/travis/build/icyphy/ptII/ptolemy/actor/lib/test/auto/Interpolator.xml
4 ms. Memory: 1367040K Free: 1199870K (88%)
----------------- Invoking toplevel() on ptolemy.moml.MoMLSimpleApplication@4d5c8fb
----------------- Done invoking toplevel() on ptolemy.moml.MoMLSimpleApplication@4d5c8fb
reloadAllAccessors: .Interpolator
----------------- testing Wed May 30 01:21:02 UTC 2018 /home/travis/build/icyphy/ptII/ptolemy/actor/lib/test/auto/InterpolatorFiringLimitDE.xml
----------------- Instantiating /home/travis/build/icyphy/ptII/ptolemy/actor/lib/test/auto/InterpolatorFiringLimitDE.xml
2 ms. Memory: 1367040K Free: 1189908K (87%)
----------------- Invoking toplevel() on ptolemy.moml.MoMLSimpleApplication@37628105
----------------- Done invoking toplevel() on ptolemy.moml.MoMLSimpleApplication@37628105
reloadAllAccessors: .InterpolatorFiringLimitDE
----------------- testing Wed May 30 01:21:02 UTC 2018 /home/travis/build/icyphy/ptII/ptolemy/actor/lib/test/auto/Lattice.xml
----------------- Instantiating /home/travis/build/icyphy/ptII/ptolemy/actor/lib/test/auto/Lattice.xml
1 ms. Memory: 1367040K Free: 1171674K (86%)
----------------- Invoking toplevel() on ptolemy.moml.MoMLSimpleApplication@e954dec
----------------- Done invoking toplevel() on ptolemy.moml.MoMLSimpleApplication@e954dec
reloadAllAccessors: .Lattice
----------------- testing Wed May 30 01:21:02 UTC 2018 /home/travis/build/icyphy/ptII/ptolemy/actor/lib/test/auto/LazyAOCTestLazy.xml
----------------- Instantiating /home/travis/build/icyphy/ptII/ptolemy/actor/lib/test/auto/LazyAOCTestLazy.xml
7 ms. Memory: 1367040K Free: 1161712K (85%)
----------------- Invoking toplevel() on ptolemy.moml.MoMLSimpleApplication@6c37c9c2
----------------- Done invoking toplevel() on ptolemy.moml.MoMLSimpleApplication@6c37c9c2
reloadAllAccessors: .LazyAOCTestLazy
----------------- testing Wed May 30 01:21:02 UTC 2018 /home/travis/build/icyphy/ptII/ptolemy/actor/lib/test/auto/LazyAOCTestNonLazy.xml
----------------- Instantiating /home/travis/build/icyphy/ptII/ptolemy/actor/lib/test/auto/LazyAOCTestNonLazy.xml
2 ms. Memory: 1367040K Free: 1151751K (84%)
----------------- Invoking toplevel() on ptolemy.moml.MoMLSimpleApplication@37c47e65
----------------- Done invoking toplevel() on ptolemy.moml.MoMLSimpleApplication@37c47e65
reloadAllAccessors: .LazyAOCTestNonLazy
----------------- testing Wed May 30 01:21:02 UTC 2018 /home/travis/build/icyphy/ptII/ptolemy/actor/lib/test/auto/LazyInnerClass.xml
----------------- Instantiating /home/travis/build/icyphy/ptII/ptolemy/actor/lib/test/auto/LazyInnerClass.xml
10 ms. Memory: 1367040K Free: 1141789K (84%)
----------------- Invoking toplevel() on ptolemy.moml.MoMLSimpleApplication@3d8a902e
----------------- Done invoking toplevel() on ptolemy.moml.MoMLSimpleApplication@3d8a902e
reloadAllAccessors: .LazyInnerClass
----------------- testing Wed May 30 01:21:02 UTC 2018 /home/travis/build/icyphy/ptII/ptolemy/actor/lib/test/auto/LazyPubSub.xml
----------------- Instantiating /home/travis/build/icyphy/ptII/ptolemy/actor/lib/test/auto/LazyPubSub.xml
15 ms. Memory: 1367040K Free: 1118668K (82%)
----------------- Invoking toplevel() on ptolemy.moml.MoMLSimpleApplication@4de3c1a7
----------------- Done invoking toplevel() on ptolemy.moml.MoMLSimpleApplication@4de3c1a7
reloadAllAccessors: .LazyPubSub
----------------- testing Wed May 30 01:21:02 UTC 2018 /home/travis/build/icyphy/ptII/ptolemy/actor/lib/test/auto/LazyPubSub2.xml
----------------- Instantiating /home/travis/build/icyphy/ptII/ptolemy/actor/lib/test/auto/LazyPubSub2.xml
15 ms. Memory: 1367040K Free: 1103710K (81%)
----------------- Invoking toplevel() on ptolemy.moml.MoMLSimpleApplication@3c83b17c
----------------- Done invoking toplevel() on ptolemy.moml.MoMLSimpleApplication@3c83b17c
reloadAllAccessors: .LazyPubSub2
----------------- testing Wed May 30 01:21:02 UTC 2018 /home/travis/build/icyphy/ptII/ptolemy/actor/lib/test/auto/LazyPubSub3.xml
----------------- Instantiating /home/travis/build/icyphy/ptII/ptolemy/actor/lib/test/auto/LazyPubSub3.xml
14 ms. Memory: 1367040K Free: 1088767K (80%)
----------------- Invoking toplevel() on ptolemy.moml.MoMLSimpleApplication@46fb875
----------------- Done invoking toplevel() on ptolemy.moml.MoMLSimpleApplication@46fb875
reloadAllAccessors: .LazyPubSub3
----------------- testing Wed May 30 01:21:02 UTC 2018 /home/travis/build/icyphy/ptII/ptolemy/actor/lib/test/auto/LazySubClassModel.xml
----------------- Instantiating /home/travis/build/icyphy/ptII/ptolemy/actor/lib/test/auto/LazySubClassModel.xml
2 ms. Memory: 1367040K Free: 1065645K (78%)
----------------- Invoking toplevel() on ptolemy.moml.MoMLSimpleApplication@19dd7cc9
----------------- Done invoking toplevel() on ptolemy.moml.MoMLSimpleApplication@19dd7cc9
reloadAllAccessors: .LazySubClassModel
----------------- testing Wed May 30 01:21:03 UTC 2018 /home/travis/build/icyphy/ptII/ptolemy/actor/lib/test/auto/LevelCrossTest1.xml
----------------- Instantiating /home/travis/build/icyphy/ptII/ptolemy/actor/lib/test/auto/LevelCrossTest1.xml
2 ms. Memory: 1367040K Free: 1055684K (77%)
----------------- Invoking toplevel() on ptolemy.moml.MoMLSimpleApplication@6a16ea6e
----------------- Done invoking toplevel() on ptolemy.moml.MoMLSimpleApplication@6a16ea6e
reloadAllAccessors: .broken
----------------- testing Wed May 30 01:21:03 UTC 2018 /home/travis/build/icyphy/ptII/ptolemy/actor/lib/test/auto/LevelCrossTest10.xml
----------------- Instantiating /home/travis/build/icyphy/ptII/ptolemy/actor/lib/test/auto/LevelCrossTest10.xml
11 ms. Memory: 1367040K Free: 1040726K (76%)
----------------- Invoking toplevel() on ptolemy.moml.MoMLSimpleApplication@63869c2d
----------------- Done invoking toplevel() on ptolemy.moml.MoMLSimpleApplication@63869c2d
reloadAllAccessors: .LevelCrossTest10
----------------- testing Wed May 30 01:21:03 UTC 2018 /home/travis/build/icyphy/ptII/ptolemy/actor/lib/test/auto/LevelCrossTest11.xml
----------------- Instantiating /home/travis/build/icyphy/ptII/ptolemy/actor/lib/test/auto/LevelCrossTest11.xml
1 ms. Memory: 1367040K Free: 1030764K (75%)
----------------- Invoking toplevel() on ptolemy.moml.MoMLSimpleApplication@67155afc
----------------- Done invoking toplevel() on ptolemy.moml.MoMLSimpleApplication@67155afc
reloadAllAccessors: .LevelCrossTest11
----------------- testing Wed May 30 01:21:03 UTC 2018 /home/travis/build/icyphy/ptII/ptolemy/actor/lib/test/auto/LevelCrossTest12.xml
----------------- Instantiating /home/travis/build/icyphy/ptII/ptolemy/actor/lib/test/auto/LevelCrossTest12.xml
1 ms. Memory: 1367040K Free: 1007643K (74%)
----------------- Invoking toplevel() on ptolemy.moml.MoMLSimpleApplication@2e5d3f19
----------------- Done invoking toplevel() on ptolemy.moml.MoMLSimpleApplication@2e5d3f19
reloadAllAccessors: .LevelCrossTest12
----------------- testing Wed May 30 01:21:03 UTC 2018 /home/travis/build/icyphy/ptII/ptolemy/actor/lib/test/auto/LevelCrossTest13.xml
----------------- Instantiating /home/travis/build/icyphy/ptII/ptolemy/actor/lib/test/auto/LevelCrossTest13.xml
1 ms. Memory: 1367040K Free: 992700K (73%)
----------------- Invoking toplevel() on ptolemy.moml.MoMLSimpleApplication@73782c1d
----------------- Done invoking toplevel() on ptolemy.moml.MoMLSimpleApplication@73782c1d
reloadAllAccessors: .LevelCrossTest13
----------------- testing Wed May 30 01:21:03 UTC 2018 /home/travis/build/icyphy/ptII/ptolemy/actor/lib/test/auto/LevelCrossTest2.xml
----------------- Instantiating /home/travis/build/icyphy/ptII/ptolemy/actor/lib/test/auto/LevelCrossTest2.xml
1 ms. Memory: 1367040K Free: 982739K (72%)
----------------- Invoking toplevel() on ptolemy.moml.MoMLSimpleApplication@2e5bff5a
----------------- Done invoking toplevel() on ptolemy.moml.MoMLSimpleApplication@2e5bff5a
reloadAllAccessors: .broken
----------------- testing Wed May 30 01:21:03 UTC 2018 /home/travis/build/icyphy/ptII/ptolemy/actor/lib/test/auto/LevelCrossTest3.xml
----------------- Instantiating /home/travis/build/icyphy/ptII/ptolemy/actor/lib/test/auto/LevelCrossTest3.xml
1 ms. Memory: 1367040K Free: 964614K (71%)
----------------- Invoking toplevel() on ptolemy.moml.MoMLSimpleApplication@8fcbab1
----------------- Done invoking toplevel() on ptolemy.moml.MoMLSimpleApplication@8fcbab1
reloadAllAccessors: .LevelCrossTest3
----------------- testing Wed May 30 01:21:03 UTC 2018 /home/travis/build/icyphy/ptII/ptolemy/actor/lib/test/auto/LevelCrossTest4.xml
----------------- Instantiating /home/travis/build/icyphy/ptII/ptolemy/actor/lib/test/auto/LevelCrossTest4.xml
1 ms. Memory: 1367040K Free: 954653K (70%)
----------------- Invoking toplevel() on ptolemy.moml.MoMLSimpleApplication@6b91adf3
----------------- Done invoking toplevel() on ptolemy.moml.MoMLSimpleApplication@6b91adf3
reloadAllAccessors: .broken
----------------- testing Wed May 30 01:21:03 UTC 2018 /home/travis/build/icyphy/ptII/ptolemy/actor/lib/test/auto/LevelCrossTest5.xml
----------------- Instantiating /home/travis/build/icyphy/ptII/ptolemy/actor/lib/test/auto/LevelCrossTest5.xml
4 ms. Memory: 1367040K Free: 944691K (69%)
----------------- Invoking toplevel() on ptolemy.moml.MoMLSimpleApplication@780834be
----------------- Done invoking toplevel() on ptolemy.moml.MoMLSimpleApplication@780834be
reloadAllAccessors: .LevelCrossTest5
----------------- testing Wed May 30 01:21:03 UTC 2018 /home/travis/build/icyphy/ptII/ptolemy/actor/lib/test/auto/LevelCrossTest6.xml
----------------- Instantiating /home/travis/build/icyphy/ptII/ptolemy/actor/lib/test/auto/LevelCrossTest6.xml
1 ms. Memory: 1367040K Free: 929733K (68%)
----------------- Invoking toplevel() on ptolemy.moml.MoMLSimpleApplication@446481bb
----------------- Done invoking toplevel() on ptolemy.moml.MoMLSimpleApplication@446481bb
reloadAllAccessors: .LevelCrossTest6
----------------- testing Wed May 30 01:21:03 UTC 2018 /home/travis/build/icyphy/ptII/ptolemy/actor/lib/test/auto/LevelCrossTest7.xml
----------------- Instantiating /home/travis/build/icyphy/ptII/ptolemy/actor/lib/test/auto/LevelCrossTest7.xml
1 ms. Memory: 1367040K Free: 906612K (66%)
----------------- Invoking toplevel() on ptolemy.moml.MoMLSimpleApplication@3d919aa8
----------------- Done invoking toplevel() on ptolemy.moml.MoMLSimpleApplication@3d919aa8
reloadAllAccessors: .LevelCrossTest7
----------------- testing Wed May 30 01:21:03 UTC 2018 /home/travis/build/icyphy/ptII/ptolemy/actor/lib/test/auto/LevelCrossTest8.xml
----------------- Instantiating /home/travis/build/icyphy/ptII/ptolemy/actor/lib/test/auto/LevelCrossTest8.xml
2 ms. Memory: 1367040K Free: 891669K (65%)
----------------- Invoking toplevel() on ptolemy.moml.MoMLSimpleApplication@53d1971a
----------------- Done invoking toplevel() on ptolemy.moml.MoMLSimpleApplication@53d1971a
reloadAllAccessors: .LevelCrossTest8
----------------- testing Wed May 30 01:21:03 UTC 2018 /home/travis/build/icyphy/ptII/ptolemy/actor/lib/test/auto/LevelCrossTest9.xml
----------------- Instantiating /home/travis/build/icyphy/ptII/ptolemy/actor/lib/test/auto/LevelCrossTest9.xml
1 ms. Memory: 1367040K Free: 881708K (64%)
----------------- Invoking toplevel() on ptolemy.moml.MoMLSimpleApplication@1130dfdb
----------------- Done invoking toplevel() on ptolemy.moml.MoMLSimpleApplication@1130dfdb
reloadAllAccessors: .LevelCrossTest9
----------------- testing Wed May 30 01:21:03 UTC 2018 /home/travis/build/icyphy/ptII/ptolemy/actor/lib/test/auto/LevinsonDurbin.xml
----------------- Instantiating /home/travis/build/icyphy/ptII/ptolemy/actor/lib/test/auto/LevinsonDurbin.xml
3 ms. Memory: 1367040K Free: 863583K (63%)
----------------- Invoking toplevel() on ptolemy.moml.MoMLSimpleApplication@71ac733
----------------- Done invoking toplevel() on ptolemy.moml.MoMLSimpleApplication@71ac733
reloadAllAccessors: .LevinsonDurbin
----------------- testing Wed May 30 01:21:03 UTC 2018 /home/travis/build/icyphy/ptII/ptolemy/actor/lib/test/auto/LevinsonDurbin2.xml
----------------- Instantiating /home/travis/build/icyphy/ptII/ptolemy/actor/lib/test/auto/LevinsonDurbin2.xml
1 ms. Memory: 1367040K Free: 853622K (62%)
----------------- Invoking toplevel() on ptolemy.moml.MoMLSimpleApplication@9cac5ee
----------------- Done invoking toplevel() on ptolemy.moml.MoMLSimpleApplication@9cac5ee
reloadAllAccessors: .LevinsonDurbin2
----------------- testing Wed May 30 01:21:03 UTC 2018 /home/travis/build/icyphy/ptII/ptolemy/actor/lib/test/auto/LevinsonDurbin3.xml
----------------- Instantiating /home/travis/build/icyphy/ptII/ptolemy/actor/lib/test/auto/LevinsonDurbin3.xml
1 ms. Memory: 1367040K Free: 843660K (62%)
----------------- Invoking toplevel() on ptolemy.moml.MoMLSimpleApplication@471b10ba
----------------- Done invoking toplevel() on ptolemy.moml.MoMLSimpleApplication@471b10ba
reloadAllAccessors: .LevinsonDurbin3
----------------- testing Wed May 30 01:21:03 UTC 2018 /home/travis/build/icyphy/ptII/ptolemy/actor/lib/test/auto/Limiter.xml
----------------- Instantiating /home/travis/build/icyphy/ptII/ptolemy/actor/lib/test/auto/Limiter.xml
6 ms. Memory: 1367040K Free: 828702K (61%)
----------------- Invoking toplevel() on ptolemy.moml.MoMLSimpleApplication@43bc4e1f
----------------- Done invoking toplevel() on ptolemy.moml.MoMLSimpleApplication@43bc4e1f
reloadAllAccessors: .Limiter
----------------- testing Wed May 30 01:21:03 UTC 2018 /home/travis/build/icyphy/ptII/ptolemy/actor/lib/test/auto/LinearDifferenceEquationSystem.xml
----------------- Instantiating /home/travis/build/icyphy/ptII/ptolemy/actor/lib/test/auto/LinearDifferenceEquationSystem.xml
5 ms. Memory: 1367040K Free: 805589K (59%)
----------------- Invoking toplevel() on ptolemy.moml.MoMLSimpleApplication@78592758
----------------- Done invoking toplevel() on ptolemy.moml.MoMLSimpleApplication@78592758
reloadAllAccessors: .LinearDifferenceEquationSystem
----------------- testing Wed May 30 01:21:03 UTC 2018 /home/travis/build/icyphy/ptII/ptolemy/actor/lib/test/auto/LookupTable.xml
----------------- Instantiating /home/travis/build/icyphy/ptII/ptolemy/actor/lib/test/auto/LookupTable.xml
1 ms. Memory: 1367040K Free: 795627K (58%)
----------------- Invoking toplevel() on ptolemy.moml.MoMLSimpleApplication@5495f4f0
----------------- Done invoking toplevel() on ptolemy.moml.MoMLSimpleApplication@5495f4f0
reloadAllAccessors: .LookupTable
----------------- testing Wed May 30 01:21:03 UTC 2018 /home/travis/build/icyphy/ptII/ptolemy/actor/lib/test/auto/MathFunction.xml
----------------- Instantiating /home/travis/build/icyphy/ptII/ptolemy/actor/lib/test/auto/MathFunction.xml
2 ms. Memory: 1367040K Free: 780669K (57%)
----------------- Invoking toplevel() on ptolemy.moml.MoMLSimpleApplication@59645d7
----------------- Done invoking toplevel() on ptolemy.moml.MoMLSimpleApplication@59645d7
reloadAllAccessors: .MathFunction
----------------- testing Wed May 30 01:21:03 UTC 2018 /home/travis/build/icyphy/ptII/ptolemy/actor/lib/test/auto/MathFunction2.xml
----------------- Instantiating /home/travis/build/icyphy/ptII/ptolemy/actor/lib/test/auto/MathFunction2.xml
1 ms. Memory: 1367040K Free: 762544K (56%)
----------------- Invoking toplevel() on ptolemy.moml.MoMLSimpleApplication@6d677b68
----------------- Done invoking toplevel() on ptolemy.moml.MoMLSimpleApplication@6d677b68
reloadAllAccessors: .MathFunction2
----------------- testing Wed May 30 01:21:03 UTC 2018 /home/travis/build/icyphy/ptII/ptolemy/actor/lib/test/auto/MathFunction3.xml
----------------- Instantiating /home/travis/build/icyphy/ptII/ptolemy/actor/lib/test/auto/MathFunction3.xml
9 ms. Memory: 1367040K Free: 747602K (55%)
----------------- Invoking toplevel() on ptolemy.moml.MoMLSimpleApplication@14fd6d72
----------------- Done invoking toplevel() on ptolemy.moml.MoMLSimpleApplication@14fd6d72
reloadAllAccessors: .MathFunction3
----------------- testing Wed May 30 01:21:03 UTC 2018 /home/travis/build/icyphy/ptII/ptolemy/actor/lib/test/auto/MatrixCropBoolean.xml
----------------- Instantiating /home/travis/build/icyphy/ptII/ptolemy/actor/lib/test/auto/MatrixCropBoolean.xml
3 ms. Memory: 1367040K Free: 737640K (54%)
----------------- Invoking toplevel() on ptolemy.moml.MoMLSimpleApplication@b7f7a39
----------------- Done invoking toplevel() on ptolemy.moml.MoMLSimpleApplication@b7f7a39
reloadAllAccessors: .MatrixCropBoolean
----------------- testing Wed May 30 01:21:03 UTC 2018 /home/travis/build/icyphy/ptII/ptolemy/actor/lib/test/auto/MatrixCropComplex.xml
----------------- Instantiating /home/travis/build/icyphy/ptII/ptolemy/actor/lib/test/auto/MatrixCropComplex.xml
2 ms. Memory: 1367040K Free: 727679K (53%)
----------------- Invoking toplevel() on ptolemy.moml.MoMLSimpleApplication@35b1fd48
----------------- Done invoking toplevel() on ptolemy.moml.MoMLSimpleApplication@35b1fd48
reloadAllAccessors: .MatrixCropComplex
----------------- testing Wed May 30 01:21:03 UTC 2018 /home/travis/build/icyphy/ptII/ptolemy/actor/lib/test/auto/MatrixCropDouble.xml
----------------- Instantiating /home/travis/build/icyphy/ptII/ptolemy/actor/lib/test/auto/MatrixCropDouble.xml
2 ms. Memory: 1367040K Free: 709554K (52%)
----------------- Invoking toplevel() on ptolemy.moml.MoMLSimpleApplication@60df27ce
----------------- Done invoking toplevel() on ptolemy.moml.MoMLSimpleApplication@60df27ce
reloadAllAccessors: .MatrixCropDouble
----------------- testing Wed May 30 01:21:03 UTC 2018 /home/travis/build/icyphy/ptII/ptolemy/actor/lib/test/auto/MatrixCropFix.xml
----------------- Instantiating /home/travis/build/icyphy/ptII/ptolemy/actor/lib/test/auto/MatrixCropFix.xml
1 ms. Memory: 1367040K Free: 699593K (51%)
----------------- Invoking toplevel() on ptolemy.moml.MoMLSimpleApplication@a2b11cc
----------------- Done invoking toplevel() on ptolemy.moml.MoMLSimpleApplication@a2b11cc
reloadAllAccessors: .MatrixCropFix
----------------- testing Wed May 30 01:21:03 UTC 2018 /home/travis/build/icyphy/ptII/ptolemy/actor/lib/test/auto/MatrixCropInt.xml
----------------- Instantiating /home/travis/build/icyphy/ptII/ptolemy/actor/lib/test/auto/MatrixCropInt.xml
2 ms. Memory: 1367040K Free: 689632K (50%)
----------------- Invoking toplevel() on ptolemy.moml.MoMLSimpleApplication@2511e02c
----------------- Done invoking toplevel() on ptolemy.moml.MoMLSimpleApplication@2511e02c
reloadAllAccessors: .MatrixCropInt
----------------- testing Wed May 30 01:21:03 UTC 2018 /home/travis/build/icyphy/ptII/ptolemy/actor/lib/test/auto/MatrixCropLong.xml
----------------- Instantiating /home/travis/build/icyphy/ptII/ptolemy/actor/lib/test/auto/MatrixCropLong.xml
2 ms. Memory: 1367040K Free: 671507K (49%)
----------------- Invoking toplevel() on ptolemy.moml.MoMLSimpleApplication@355602a5
----------------- Done invoking toplevel() on ptolemy.moml.MoMLSimpleApplication@355602a5
reloadAllAccessors: .MatrixCropLong
----------------- testing Wed May 30 01:21:03 UTC 2018 /home/travis/build/icyphy/ptII/ptolemy/actor/lib/test/auto/MatrixToArray.xml
----------------- Instantiating /home/travis/build/icyphy/ptII/ptolemy/actor/lib/test/auto/MatrixToArray.xml
10 ms. Memory: 1367040K Free: 651568K (48%)
----------------- Invoking toplevel() on ptolemy.moml.MoMLSimpleApplication@74d1d26b
----------------- Done invoking toplevel() on ptolemy.moml.MoMLSimpleApplication@74d1d26b
reloadAllAccessors: .MatrixToArray
----------------- testing Wed May 30 01:21:03 UTC 2018 /home/travis/build/icyphy/ptII/ptolemy/actor/lib/test/auto/MaxIndex.xml
----------------- Instantiating /home/travis/build/icyphy/ptII/ptolemy/actor/lib/test/auto/MaxIndex.xml
3 ms. Memory: 1367040K Free: 641607K (47%)
----------------- Invoking toplevel() on ptolemy.moml.MoMLSimpleApplication@27a287f0
----------------- Done invoking toplevel() on ptolemy.moml.MoMLSimpleApplication@27a287f0
reloadAllAccessors: .MaxIndex
----------------- testing Wed May 30 01:21:03 UTC 2018 /home/travis/build/icyphy/ptII/ptolemy/actor/lib/test/auto/Maximum.xml
----------------- Instantiating /home/travis/build/icyphy/ptII/ptolemy/actor/lib/test/auto/Maximum.xml
6 ms. Memory: 1367040K Free: 631645K (46%)
----------------- Invoking toplevel() on ptolemy.moml.MoMLSimpleApplication@694364c3
----------------- Done invoking toplevel() on ptolemy.moml.MoMLSimpleApplication@694364c3
reloadAllAccessors: .Maximum
----------------- testing Wed May 30 01:21:03 UTC 2018 /home/travis/build/icyphy/ptII/ptolemy/actor/lib/test/auto/MaximumComplex.xml
----------------- Instantiating /home/travis/build/icyphy/ptII/ptolemy/actor/lib/test/auto/MaximumComplex.xml
4 ms. Memory: 1367040K Free: 613521K (45%)
----------------- Invoking toplevel() on ptolemy.moml.MoMLSimpleApplication@254b93ee
----------------- Done invoking toplevel() on ptolemy.moml.MoMLSimpleApplication@254b93ee
reloadAllAccessors: .MaximumComplex
----------------- testing Wed May 30 01:21:03 UTC 2018 /home/travis/build/icyphy/ptII/ptolemy/actor/lib/test/auto/MethodCallTest.xml
----------------- Instantiating /home/travis/build/icyphy/ptII/ptolemy/actor/lib/test/auto/MethodCallTest.xml
3 ms. Memory: 1367040K Free: 598579K (44%)
----------------- Invoking toplevel() on ptolemy.moml.MoMLSimpleApplication@5ac91dcf
----------------- Done invoking toplevel() on ptolemy.moml.MoMLSimpleApplication@5ac91dcf
reloadAllAccessors: .MethodCallTest
----------------- testing Wed May 30 01:21:03 UTC 2018 /home/travis/build/icyphy/ptII/ptolemy/actor/lib/test/auto/Minimum.xml
----------------- Instantiating /home/travis/build/icyphy/ptII/ptolemy/actor/lib/test/auto/Minimum.xml
2 ms. Memory: 1367040K Free: 588617K (43%)
----------------- Invoking toplevel() on ptolemy.moml.MoMLSimpleApplication@753db02f
----------------- Done invoking toplevel() on ptolemy.moml.MoMLSimpleApplication@753db02f
reloadAllAccessors: .Minimum
----------------- testing Wed May 30 01:21:03 UTC 2018 /home/travis/build/icyphy/ptII/ptolemy/actor/lib/test/auto/MinimumComplex.xml
----------------- Instantiating /home/travis/build/icyphy/ptII/ptolemy/actor/lib/test/auto/MinimumComplex.xml
3 ms. Memory: 1367040K Free: 570492K (42%)
----------------- Invoking toplevel() on ptolemy.moml.MoMLSimpleApplication@69196487
----------------- Done invoking toplevel() on ptolemy.moml.MoMLSimpleApplication@69196487
reloadAllAccessors: .MinimumComplex
----------------- testing Wed May 30 01:21:03 UTC 2018 /home/travis/build/icyphy/ptII/ptolemy/actor/lib/test/auto/MinimumMultiports.xml
----------------- Instantiating /home/travis/build/icyphy/ptII/ptolemy/actor/lib/test/auto/MinimumMultiports.xml
4 ms. Memory: 1367040K Free: 555534K (41%)
----------------- Invoking toplevel() on ptolemy.moml.MoMLSimpleApplication@523d6a9e
----------------- Done invoking toplevel() on ptolemy.moml.MoMLSimpleApplication@523d6a9e
reloadAllAccessors: .MinimumMultiports
----------------- testing Wed May 30 01:21:03 UTC 2018 /home/travis/build/icyphy/ptII/ptolemy/actor/lib/test/auto/ModifyDate.xml
----------------- Instantiating /home/travis/build/icyphy/ptII/ptolemy/actor/lib/test/auto/ModifyDate.xml
9 ms. Memory: 1367040K Free: 535595K (39%)
----------------- Invoking toplevel() on ptolemy.moml.MoMLSimpleApplication@372cef6f
----------------- Done invoking toplevel() on ptolemy.moml.MoMLSimpleApplication@372cef6f
reloadAllAccessors: .ModifyDate
----------------- testing Wed May 30 01:21:03 UTC 2018 /home/travis/build/icyphy/ptII/ptolemy/actor/lib/test/auto/ModifyDate2.xml
----------------- Instantiating /home/travis/build/icyphy/ptII/ptolemy/actor/lib/test/auto/ModifyDate2.xml
2 ms. Memory: 1367040K Free: 520653K (38%)
----------------- Invoking toplevel() on ptolemy.moml.MoMLSimpleApplication@53d21915
----------------- Done invoking toplevel() on ptolemy.moml.MoMLSimpleApplication@53d21915
reloadAllAccessors: .ModifyDate2
----------------- testing Wed May 30 01:21:03 UTC 2018 /home/travis/build/icyphy/ptII/ptolemy/actor/lib/test/auto/MovingAverage.xml
----------------- Instantiating /home/travis/build/icyphy/ptII/ptolemy/actor/lib/test/auto/MovingAverage.xml
2 ms. Memory: 1367040K Free: 502529K (37%)
----------------- Invoking toplevel() on ptolemy.moml.MoMLSimpleApplication@62808b72
----------------- Done invoking toplevel() on ptolemy.moml.MoMLSimpleApplication@62808b72
reloadAllAccessors: .MovingAverage
----------------- testing Wed May 30 01:21:03 UTC 2018 /home/travis/build/icyphy/ptII/ptolemy/actor/lib/test/auto/MovingMaximum.xml
----------------- Instantiating /home/travis/build/icyphy/ptII/ptolemy/actor/lib/test/auto/MovingMaximum.xml
1 ms. Memory: 1367040K Free: 492567K (36%)
----------------- Invoking toplevel() on ptolemy.moml.MoMLSimpleApplication@7e4c957e
----------------- Done invoking toplevel() on ptolemy.moml.MoMLSimpleApplication@7e4c957e
reloadAllAccessors: .MovingMaximum
----------------- testing Wed May 30 01:21:03 UTC 2018 /home/travis/build/icyphy/ptII/ptolemy/actor/lib/test/auto/MultipleLinksToSameRelation.xml
----------------- Instantiating /home/travis/build/icyphy/ptII/ptolemy/actor/lib/test/auto/MultipleLinksToSameRelation.xml
2 ms. Memory: 1367040K Free: 482606K (35%)
----------------- Invoking toplevel() on ptolemy.moml.MoMLSimpleApplication@bc7967c
----------------- Done invoking toplevel() on ptolemy.moml.MoMLSimpleApplication@bc7967c
reloadAllAccessors: .MultipleLinksToSameRelation
----------------- testing Wed May 30 01:21:03 UTC 2018 /home/travis/build/icyphy/ptII/ptolemy/actor/lib/test/auto/MultipleLinksToSameRelationDE.xml
----------------- Instantiating /home/travis/build/icyphy/ptII/ptolemy/actor/lib/test/auto/MultipleLinksToSameRelationDE.xml
1 ms. Memory: 1367040K Free: 464481K (34%)
----------------- Invoking toplevel() on ptolemy.moml.MoMLSimpleApplication@361c17f0
----------------- Done invoking toplevel() on ptolemy.moml.MoMLSimpleApplication@361c17f0
reloadAllAccessors: .MultipleLinksToSameRelationDE
----------------- testing Wed May 30 01:21:04 UTC 2018 /home/travis/build/icyphy/ptII/ptolemy/actor/lib/test/auto/Multiplexor.xml
----------------- Instantiating /home/travis/build/icyphy/ptII/ptolemy/actor/lib/test/auto/Multiplexor.xml
2 ms. Memory: 1367040K Free: 454520K (33%)
----------------- Invoking toplevel() on ptolemy.moml.MoMLSimpleApplication@629bf072
----------------- Done invoking toplevel() on ptolemy.moml.MoMLSimpleApplication@629bf072
reloadAllAccessors: .Multiplexor
----------------- testing Wed May 30 01:21:04 UTC 2018 /home/travis/build/icyphy/ptII/ptolemy/actor/lib/test/auto/Multiplexor1.xml
----------------- Instantiating /home/travis/build/icyphy/ptII/ptolemy/actor/lib/test/auto/Multiplexor1.xml
2 ms. Memory: 1367040K Free: 444558K (33%)
----------------- Invoking toplevel() on ptolemy.moml.MoMLSimpleApplication@1e3fb7ad
----------------- Done invoking toplevel() on ptolemy.moml.MoMLSimpleApplication@1e3fb7ad
reloadAllAccessors: .Multiplexor1
----------------- testing Wed May 30 01:21:04 UTC 2018 /home/travis/build/icyphy/ptII/ptolemy/actor/lib/test/auto/Multiplexor2.xml
----------------- Instantiating /home/travis/build/icyphy/ptII/ptolemy/actor/lib/test/auto/Multiplexor2.xml
2 ms. Memory: 1367040K Free: 434597K (32%)
----------------- Invoking toplevel() on ptolemy.moml.MoMLSimpleApplication@7d786731
----------------- Done invoking toplevel() on ptolemy.moml.MoMLSimpleApplication@7d786731
reloadAllAccessors: .Multiplexor2
----------------- testing Wed May 30 01:21:04 UTC 2018 /home/travis/build/icyphy/ptII/ptolemy/actor/lib/test/auto/Multiplexor3.xml
----------------- Instantiating /home/travis/build/icyphy/ptII/ptolemy/actor/lib/test/auto/Multiplexor3.xml
1 ms. Memory: 1367040K Free: 416472K (30%)
----------------- Invoking toplevel() on ptolemy.moml.MoMLSimpleApplication@60d5f843
----------------- Done invoking toplevel() on ptolemy.moml.MoMLSimpleApplication@60d5f843
reloadAllAccessors: .Multiplexor3
----------------- testing Wed May 30 01:21:04 UTC 2018 /home/travis/build/icyphy/ptII/ptolemy/actor/lib/test/auto/MultiplexorDE.xml
----------------- Instantiating /home/travis/build/icyphy/ptII/ptolemy/actor/lib/test/auto/MultiplexorDE.xml
2 ms. Memory: 1367040K Free: 401514K (29%)
----------------- Invoking toplevel() on ptolemy.moml.MoMLSimpleApplication@722d10d5
----------------- Done invoking toplevel() on ptolemy.moml.MoMLSimpleApplication@722d10d5
reloadAllAccessors: .MultiplexorDE
----------------- testing Wed May 30 01:21:04 UTC 2018 /home/travis/build/icyphy/ptII/ptolemy/actor/lib/test/auto/MultiportBroadcastTest.xml
----------------- Instantiating /home/travis/build/icyphy/ptII/ptolemy/actor/lib/test/auto/MultiportBroadcastTest.xml
92 ms. Memory: 1367040K Free: 391553K (29%)
----------------- Invoking toplevel() on ptolemy.moml.MoMLSimpleApplication@2f6bdea2
----------------- Done invoking toplevel() on ptolemy.moml.MoMLSimpleApplication@2f6bdea2
reloadAllAccessors: .MultiportBroadcastTest
----------------- testing Wed May 30 01:21:04 UTC 2018 /home/travis/build/icyphy/ptII/ptolemy/actor/lib/test/auto/MultiportOutHangDuringGetWidth.xml
----------------- Instantiating /home/travis/build/icyphy/ptII/ptolemy/actor/lib/test/auto/MultiportOutHangDuringGetWidth.xml
4 ms. Memory: 1367040K Free: 363451K (27%)
----------------- Invoking toplevel() on ptolemy.moml.MoMLSimpleApplication@fbdcd64
----------------- Done invoking toplevel() on ptolemy.moml.MoMLSimpleApplication@fbdcd64
reloadAllAccessors: .MultiportOutHangDuringGetWidth
----------------- testing Wed May 30 01:21:04 UTC 2018 /home/travis/build/icyphy/ptII/ptolemy/actor/lib/test/auto/NilToken.xml
----------------- Instantiating /home/travis/build/icyphy/ptII/ptolemy/actor/lib/test/auto/NilToken.xml
1 ms. Memory: 1367040K Free: 353489K (26%)
----------------- Invoking toplevel() on ptolemy.moml.MoMLSimpleApplication@730b68cb
----------------- Done invoking toplevel() on ptolemy.moml.MoMLSimpleApplication@730b68cb
reloadAllAccessors: .NilToken
----------------- testing Wed May 30 01:21:04 UTC 2018 /home/travis/build/icyphy/ptII/ptolemy/actor/lib/test/auto/NilTokenNonStrictTest.xml
----------------- Instantiating /home/travis/build/icyphy/ptII/ptolemy/actor/lib/test/auto/NilTokenNonStrictTest.xml
2 ms. Memory: 1367040K Free: 343528K (25%)
----------------- Invoking toplevel() on ptolemy.moml.MoMLSimpleApplication@6524e8
----------------- Done invoking toplevel() on ptolemy.moml.MoMLSimpleApplication@6524e8
reloadAllAccessors: .NilTokenNonStrictTest
----------------- testing Wed May 30 01:21:04 UTC 2018 /home/travis/build/icyphy/ptII/ptolemy/actor/lib/test/auto/NilTokenRecord.xml
----------------- Instantiating /home/travis/build/icyphy/ptII/ptolemy/actor/lib/test/auto/NilTokenRecord.xml
5 ms. Memory: 1367040K Free: 333566K (24%)
----------------- Invoking toplevel() on ptolemy.moml.MoMLSimpleApplication@180099dc
----------------- Done invoking toplevel() on ptolemy.moml.MoMLSimpleApplication@180099dc
reloadAllAccessors: .NilTokenRecord
----------------- testing Wed May 30 01:21:04 UTC 2018 /home/travis/build/icyphy/ptII/ptolemy/actor/lib/test/auto/NilTokenTypeTest.xml
----------------- Instantiating /home/travis/build/icyphy/ptII/ptolemy/actor/lib/test/auto/NilTokenTypeTest.xml
7 ms. Memory: 1367040K Free: 310445K (23%)
----------------- Invoking toplevel() on ptolemy.moml.MoMLSimpleApplication@791ca6cc
----------------- Done invoking toplevel() on ptolemy.moml.MoMLSimpleApplication@791ca6cc
reloadAllAccessors: .NilTokenTypeTest
----------------- testing Wed May 30 01:21:04 UTC 2018 /home/travis/build/icyphy/ptII/ptolemy/actor/lib/test/auto/ObjectToken1.xml
----------------- Instantiating /home/travis/build/icyphy/ptII/ptolemy/actor/lib/test/auto/ObjectToken1.xml
1 ms. Memory: 1367040K Free: 300484K (22%)
----------------- Invoking toplevel() on ptolemy.moml.MoMLSimpleApplication@460beb9d
----------------- Done invoking toplevel() on ptolemy.moml.MoMLSimpleApplication@460beb9d
reloadAllAccessors: .ObjectToken1
----------------- testing Wed May 30 01:21:04 UTC 2018 /home/travis/build/icyphy/ptII/ptolemy/actor/lib/test/auto/OrderedMerge.xml
----------------- Instantiating /home/travis/build/icyphy/ptII/ptolemy/actor/lib/test/auto/OrderedMerge.xml
10 ms. Memory: 1367040K Free: 270599K (20%)
----------------- Invoking toplevel() on ptolemy.moml.MoMLSimpleApplication@107094e7
----------------- Done invoking toplevel() on ptolemy.moml.MoMLSimpleApplication@107094e7
reloadAllAccessors: .OrderedMerge
----------------- testing Wed May 30 01:21:04 UTC 2018 /home/travis/build/icyphy/ptII/ptolemy/actor/lib/test/auto/OrderedRecordDisassembler.xml
----------------- Instantiating /home/travis/build/icyphy/ptII/ptolemy/actor/lib/test/auto/OrderedRecordDisassembler.xml
2 ms. Memory: 1367040K Free: 252475K (18%)
----------------- Invoking toplevel() on ptolemy.moml.MoMLSimpleApplication@380ce4b
----------------- Done invoking toplevel() on ptolemy.moml.MoMLSimpleApplication@380ce4b
reloadAllAccessors: .OrderedRecordDisassembler
----------------- testing Wed May 30 01:21:04 UTC 2018 /home/travis/build/icyphy/ptII/ptolemy/actor/lib/test/auto/OrderedRecordDisassembler2.xml
----------------- Instantiating /home/travis/build/icyphy/ptII/ptolemy/actor/lib/test/auto/OrderedRecordDisassembler2.xml
3 ms. Memory: 1367040K Free: 237516K (17%)
----------------- Invoking toplevel() on ptolemy.moml.MoMLSimpleApplication@4444bfe1
----------------- Done invoking toplevel() on ptolemy.moml.MoMLSimpleApplication@4444bfe1
reloadAllAccessors: .OrderedRecordDisassembler2
----------------- testing Wed May 30 01:21:04 UTC 2018 /home/travis/build/icyphy/ptII/ptolemy/actor/lib/test/auto/OrderedRecordUpdater.xml
----------------- Instantiating /home/travis/build/icyphy/ptII/ptolemy/actor/lib/test/auto/OrderedRecordUpdater.xml
2 ms. Memory: 1367040K Free: 227555K (17%)
----------------- Invoking toplevel() on ptolemy.moml.MoMLSimpleApplication@4dabdb5c
----------------- Done invoking toplevel() on ptolemy.moml.MoMLSimpleApplication@4dabdb5c
reloadAllAccessors: .RecordUpdater
----------------- testing Wed May 30 01:21:04 UTC 2018 /home/travis/build/icyphy/ptII/ptolemy/actor/lib/test/auto/OrderedRecordUpdater2.xml
----------------- Instantiating /home/travis/build/icyphy/ptII/ptolemy/actor/lib/test/auto/OrderedRecordUpdater2.xml
2 ms. Memory: 1367040K Free: 209431K (15%)
----------------- Invoking toplevel() on ptolemy.moml.MoMLSimpleApplication@38f33ca3
----------------- Done invoking toplevel() on ptolemy.moml.MoMLSimpleApplication@38f33ca3
reloadAllAccessors: .RecordUpdater2
----------------- testing Wed May 30 01:21:04 UTC 2018 /home/travis/build/icyphy/ptII/ptolemy/actor/lib/test/auto/PhaseUnwrap.xml
----------------- Instantiating /home/travis/build/icyphy/ptII/ptolemy/actor/lib/test/auto/PhaseUnwrap.xml
1 ms. Memory: 1367040K Free: 199469K (15%)
----------------- Invoking toplevel() on ptolemy.moml.MoMLSimpleApplication@5353428
----------------- Done invoking toplevel() on ptolemy.moml.MoMLSimpleApplication@5353428
reloadAllAccessors: .PhaseUnwrap
----------------- testing Wed May 30 01:21:04 UTC 2018 /home/travis/build/icyphy/ptII/ptolemy/actor/lib/test/auto/PoissonClock.xml
----------------- Instantiating /home/travis/build/icyphy/ptII/ptolemy/actor/lib/test/auto/PoissonClock.xml
1 ms. Memory: 1367040K Free: 189508K (14%)
----------------- Invoking toplevel() on ptolemy.moml.MoMLSimpleApplication@447de140
----------------- Done invoking toplevel() on ptolemy.moml.MoMLSimpleApplication@447de140
reloadAllAccessors: .PoissonClock
----------------- testing Wed May 30 01:21:04 UTC 2018 /home/travis/build/icyphy/ptII/ptolemy/actor/lib/test/auto/PoissonClock2.xml
----------------- Instantiating /home/travis/build/icyphy/ptII/ptolemy/actor/lib/test/auto/PoissonClock2.xml
2 ms. Memory: 1367040K Free: 179546K (13%)
----------------- Invoking toplevel() on ptolemy.moml.MoMLSimpleApplication@28e23ff
----------------- Done invoking toplevel() on ptolemy.moml.MoMLSimpleApplication@28e23ff
reloadAllAccessors: .PoissonClock2
----------------- testing Wed May 30 01:21:04 UTC 2018 /home/travis/build/icyphy/ptII/ptolemy/actor/lib/test/auto/PoissonClock3.xml
----------------- Instantiating /home/travis/build/icyphy/ptII/ptolemy/actor/lib/test/auto/PoissonClock3.xml
1 ms. Memory: 1367040K Free: 161422K (12%)
----------------- Invoking toplevel() on ptolemy.moml.MoMLSimpleApplication@3df5ca37
----------------- Done invoking toplevel() on ptolemy.moml.MoMLSimpleApplication@3df5ca37
reloadAllAccessors: .PoissonClock3
----------------- testing Wed May 30 01:21:04 UTC 2018 /home/travis/build/icyphy/ptII/ptolemy/actor/lib/test/auto/PubSubWithInitialTokens.xml
----------------- Instantiating /home/travis/build/icyphy/ptII/ptolemy/actor/lib/test/auto/PubSubWithInitialTokens.xml
5 ms. Memory: 1367040K Free: 151460K (11%)
----------------- Invoking toplevel() on ptolemy.moml.MoMLSimpleApplication@6d18d050
----------------- Done invoking toplevel() on ptolemy.moml.MoMLSimpleApplication@6d18d050
reloadAllAccessors: .PubSubWithInitialTokens
----------------- testing Wed May 30 01:21:04 UTC 2018 /home/travis/build/icyphy/ptII/ptolemy/actor/lib/test/auto/PubSubWithInitialTokens2.xml
----------------- Instantiating /home/travis/build/icyphy/ptII/ptolemy/actor/lib/test/auto/PubSubWithInitialTokens2.xml
3 ms. Memory: 1367040K Free: 141499K (10%)
----------------- Invoking toplevel() on ptolemy.moml.MoMLSimpleApplication@680813c7
----------------- Done invoking toplevel() on ptolemy.moml.MoMLSimpleApplication@680813c7
reloadAllAccessors: .PubSubWithInitialTokens2
----------------- testing Wed May 30 01:21:04 UTC 2018 /home/travis/build/icyphy/ptII/ptolemy/actor/lib/test/auto/PublisherClassNoParameter.xml
----------------- Instantiating /home/travis/build/icyphy/ptII/ptolemy/actor/lib/test/auto/PublisherClassNoParameter.xml
2 ms. Memory: 1367040K Free: 118378K (9%)
----------------- Invoking toplevel() on ptolemy.moml.MoMLSimpleApplication@50d107a8
----------------- Done invoking toplevel() on ptolemy.moml.MoMLSimpleApplication@50d107a8
reloadAllAccessors: .PublisherClassNoParameter
----------------- testing Wed May 30 01:21:04 UTC 2018 /home/travis/build/icyphy/ptII/ptolemy/actor/lib/test/auto/PublisherClassParameter.xml
----------------- Instantiating /home/travis/build/icyphy/ptII/ptolemy/actor/lib/test/auto/PublisherClassParameter.xml
2 ms. Memory: 1367040K Free: 103435K (8%)
----------------- Invoking toplevel() on ptolemy.moml.MoMLSimpleApplication@4d4b7f9f
----------------- Done invoking toplevel() on ptolemy.moml.MoMLSimpleApplication@4d4b7f9f
reloadAllAccessors: .PublisherClassParameter
----------------- testing Wed May 30 01:21:04 UTC 2018 /home/travis/build/icyphy/ptII/ptolemy/actor/lib/test/auto/PublisherNonStrictTest.xml
----------------- Instantiating /home/travis/build/icyphy/ptII/ptolemy/actor/lib/test/auto/PublisherNonStrictTest.xml
2 ms. Memory: 1367040K Free: 93474K (7%)
----------------- Invoking toplevel() on ptolemy.moml.MoMLSimpleApplication@31efd9ff
----------------- Done invoking toplevel() on ptolemy.moml.MoMLSimpleApplication@31efd9ff
reloadAllAccessors: .PublisherNonStrictTest
----------------- testing Wed May 30 01:21:04 UTC 2018 /home/travis/build/icyphy/ptII/ptolemy/actor/lib/test/auto/PublisherPort1.xml
----------------- Instantiating /home/travis/build/icyphy/ptII/ptolemy/actor/lib/test/auto/PublisherPort1.xml
10 ms. Memory: 1367040K Free: 83512K (6%)
----------------- Invoking toplevel() on ptolemy.moml.MoMLSimpleApplication@526cda93
----------------- Done invoking toplevel() on ptolemy.moml.MoMLSimpleApplication@526cda93
reloadAllAccessors: .PublisherPort1
----------------- testing Wed May 30 01:21:04 UTC 2018 /home/travis/build/icyphy/ptII/ptolemy/actor/lib/test/auto/PublisherPort2.xml
----------------- Instantiating /home/travis/build/icyphy/ptII/ptolemy/actor/lib/test/auto/PublisherPort2.xml
1 ms. Memory: 1500160K Free: 1439434K (96%)
----------------- Invoking toplevel() on ptolemy.moml.MoMLSimpleApplication@3a261747
----------------- Done invoking toplevel() on ptolemy.moml.MoMLSimpleApplication@3a261747
reloadAllAccessors: .PublisherPort2
----------------- testing Wed May 30 01:21:04 UTC 2018 /home/travis/build/icyphy/ptII/ptolemy/actor/lib/test/auto/PublisherPort3.xml
----------------- Instantiating /home/travis/build/icyphy/ptII/ptolemy/actor/lib/test/auto/PublisherPort3.xml
4 ms. Memory: 1500160K Free: 1425457K (95%)
----------------- Invoking toplevel() on ptolemy.moml.MoMLSimpleApplication@6de9e434
----------------- Done invoking toplevel() on ptolemy.moml.MoMLSimpleApplication@6de9e434
reloadAllAccessors: .PublisherPort3
----------------- testing Wed May 30 01:21:04 UTC 2018 /home/travis/build/icyphy/ptII/ptolemy/actor/lib/test/auto/PublisherPort4.xml
----------------- Instantiating /home/travis/build/icyphy/ptII/ptolemy/actor/lib/test/auto/PublisherPort4.xml
3 ms. Memory: 1500160K Free: 1411479K (94%)
----------------- Invoking toplevel() on ptolemy.moml.MoMLSimpleApplication@5a4fcab9
----------------- Done invoking toplevel() on ptolemy.moml.MoMLSimpleApplication@5a4fcab9
reloadAllAccessors: .PublisherPort4
----------------- testing Wed May 30 01:21:04 UTC 2018 /home/travis/build/icyphy/ptII/ptolemy/actor/lib/test/auto/PublisherPort5.xml
----------------- Instantiating /home/travis/build/icyphy/ptII/ptolemy/actor/lib/test/auto/PublisherPort5.xml
3 ms. Memory: 1500160K Free: 1389901K (93%)
----------------- Invoking toplevel() on ptolemy.moml.MoMLSimpleApplication@518a3edc
----------------- Done invoking toplevel() on ptolemy.moml.MoMLSimpleApplication@518a3edc
reloadAllAccessors: .PublisherPort5
----------------- testing Wed May 30 01:21:04 UTC 2018 /home/travis/build/icyphy/ptII/ptolemy/actor/lib/test/auto/PublisherPort5LookAlike.xml
----------------- Instantiating /home/travis/build/icyphy/ptII/ptolemy/actor/lib/test/auto/PublisherPort5LookAlike.xml
6 ms. Memory: 1500160K Free: 1375844K (92%)
----------------- Invoking toplevel() on ptolemy.moml.MoMLSimpleApplication@1d9b9739
----------------- Done invoking toplevel() on ptolemy.moml.MoMLSimpleApplication@1d9b9739
reloadAllAccessors: .PublisherPort5LookAlike
----------------- testing Wed May 30 01:21:04 UTC 2018 /home/travis/build/icyphy/ptII/ptolemy/actor/lib/test/auto/PublisherPort6.xml
----------------- Instantiating /home/travis/build/icyphy/ptII/ptolemy/actor/lib/test/auto/PublisherPort6.xml
2 ms. Memory: 1500160K Free: 1361866K (91%)
----------------- Invoking toplevel() on ptolemy.moml.MoMLSimpleApplication@a15c17a
----------------- Done invoking toplevel() on ptolemy.moml.MoMLSimpleApplication@a15c17a
reloadAllAccessors: .PublisherPort6
----------------- testing Wed May 30 01:21:04 UTC 2018 /home/travis/build/icyphy/ptII/ptolemy/actor/lib/test/auto/PublisherPort7.xml
----------------- Instantiating /home/travis/build/icyphy/ptII/ptolemy/actor/lib/test/auto/PublisherPort7.xml
4 ms. Memory: 1500160K Free: 1340289K (89%)
----------------- Invoking toplevel() on ptolemy.moml.MoMLSimpleApplication@4a075020
----------------- Done invoking toplevel() on ptolemy.moml.MoMLSimpleApplication@4a075020
reloadAllAccessors: .PublisherPort7
----------------- testing Wed May 30 01:21:04 UTC 2018 /home/travis/build/icyphy/ptII/ptolemy/actor/lib/test/auto/PublisherPort8.xml
----------------- Instantiating /home/travis/build/icyphy/ptII/ptolemy/actor/lib/test/auto/PublisherPort8.xml
4 ms. Memory: 1500160K Free: 1326311K (88%)
----------------- Invoking toplevel() on ptolemy.moml.MoMLSimpleApplication@705544f4
----------------- Done invoking toplevel() on ptolemy.moml.MoMLSimpleApplication@705544f4
reloadAllAccessors: .PublisherPort8
----------------- testing Wed May 30 01:21:04 UTC 2018 /home/travis/build/icyphy/ptII/ptolemy/actor/lib/test/auto/PublisherPortSubscriberChannelVariablesAOC2.xml
----------------- Instantiating /home/travis/build/icyphy/ptII/ptolemy/actor/lib/test/auto/PublisherPortSubscriberChannelVariablesAOC2.xml
3 ms. Memory: 1500160K Free: 1298340K (87%)
----------------- Invoking toplevel() on ptolemy.moml.MoMLSimpleApplication@332ee32a
----------------- Done invoking toplevel() on ptolemy.moml.MoMLSimpleApplication@332ee32a
reloadAllAccessors: .PublisherPortSubscriberChannelVariablesAOC2
----------------- testing Wed May 30 01:21:04 UTC 2018 /home/travis/build/icyphy/ptII/ptolemy/actor/lib/test/auto/PublisherPortSubscriberOpaqueWidthInference.xml
----------------- Instantiating /home/travis/build/icyphy/ptII/ptolemy/actor/lib/test/auto/PublisherPortSubscriberOpaqueWidthInference.xml
3 ms. Memory: 1500160K Free: 1276762K (85%)
----------------- Invoking toplevel() on ptolemy.moml.MoMLSimpleApplication@71d3633c
----------------- Done invoking toplevel() on ptolemy.moml.MoMLSimpleApplication@71d3633c
reloadAllAccessors: .PublisherPortSubscriberOpaqueWidthInference
----------------- testing Wed May 30 01:21:04 UTC 2018 /home/travis/build/icyphy/ptII/ptolemy/actor/lib/test/auto/PublisherPortSubscriberPortAdjacent.xml
----------------- Instantiating /home/travis/build/icyphy/ptII/ptolemy/actor/lib/test/auto/PublisherPortSubscriberPortAdjacent.xml
2 ms. Memory: 1500160K Free: 1262784K (84%)
----------------- Invoking toplevel() on ptolemy.moml.MoMLSimpleApplication@50c5f88b
----------------- Done invoking toplevel() on ptolemy.moml.MoMLSimpleApplication@50c5f88b
reloadAllAccessors: .PublisherPortSubscriberPortAdjacent
----------------- testing Wed May 30 01:21:04 UTC 2018 /home/travis/build/icyphy/ptII/ptolemy/actor/lib/test/auto/PublisherPortSubscriberPortExpression.xml
----------------- Instantiating /home/travis/build/icyphy/ptII/ptolemy/actor/lib/test/auto/PublisherPortSubscriberPortExpression.xml
4 ms. Memory: 1500160K Free: 1248807K (83%)
----------------- Invoking toplevel() on ptolemy.moml.MoMLSimpleApplication@718bf16
----------------- Done invoking toplevel() on ptolemy.moml.MoMLSimpleApplication@718bf16
reloadAllAccessors: .PublisherPortSubscriberPortExpression
----------------- testing Wed May 30 01:21:04 UTC 2018 /home/travis/build/icyphy/ptII/ptolemy/actor/lib/test/auto/PublisherPortSubscriberPortOpaqueD3Reverse.xml
----------------- Instantiating /home/travis/build/icyphy/ptII/ptolemy/actor/lib/test/auto/PublisherPortSubscriberPortOpaqueD3Reverse.xml
11 ms. Memory: 1500160K Free: 1227229K (82%)
----------------- Invoking toplevel() on ptolemy.moml.MoMLSimpleApplication@27ea143
----------------- Done invoking toplevel() on ptolemy.moml.MoMLSimpleApplication@27ea143
reloadAllAccessors: .PublisherPortSubscriberPortOpaqueD3Reverse
----------------- testing Wed May 30 01:21:04 UTC 2018 /home/travis/build/icyphy/ptII/ptolemy/actor/lib/test/auto/PublisherPortSubscriberPortOpaqueWidthInference.xml
----------------- Instantiating /home/travis/build/icyphy/ptII/ptolemy/actor/lib/test/auto/PublisherPortSubscriberPortOpaqueWidthInference.xml
3 ms. Memory: 1500160K Free: 1213251K (81%)
----------------- Invoking toplevel() on ptolemy.moml.MoMLSimpleApplication@29d1281d
----------------- Done invoking toplevel() on ptolemy.moml.MoMLSimpleApplication@29d1281d
reloadAllAccessors: .PublisherPortSubscriberPortOpaqueWidthInference
----------------- testing Wed May 30 01:21:05 UTC 2018 /home/travis/build/icyphy/ptII/ptolemy/actor/lib/test/auto/PublisherPortToplevelSubscriberPortAOC.xml
----------------- Instantiating /home/travis/build/icyphy/ptII/ptolemy/actor/lib/test/auto/PublisherPortToplevelSubscriberPortAOC.xml
.PublisherPortToplevelSubscriberPortAOC.TestExceptionAttribute: initialize() was not invoked, but wrapup() was.  This is unusual, but not always a problem.  For example, exporting JNLP will do this.
0 ms. Memory: 1500160K Free: 1199274K (80%)
----------------- Invoking toplevel() on ptolemy.moml.MoMLSimpleApplication@1c46ce0e
----------------- Done invoking toplevel() on ptolemy.moml.MoMLSimpleApplication@1c46ce0e
reloadAllAccessors: .PublisherPortToplevelSubscriberPortAOC
----------------- testing Wed May 30 01:21:05 UTC 2018 /home/travis/build/icyphy/ptII/ptolemy/actor/lib/test/auto/PublisherSubscriber.xml
----------------- Instantiating /home/travis/build/icyphy/ptII/ptolemy/actor/lib/test/auto/PublisherSubscriber.xml
3 ms. Memory: 1500160K Free: 1185296K (79%)
----------------- Invoking toplevel() on ptolemy.moml.MoMLSimpleApplication@5b4b11d0
----------------- Done invoking toplevel() on ptolemy.moml.MoMLSimpleApplication@5b4b11d0
reloadAllAccessors: .PublisherSubscriber
----------------- testing Wed May 30 01:21:05 UTC 2018 /home/travis/build/icyphy/ptII/ptolemy/actor/lib/test/auto/PublisherSubscriber10.xml
----------------- Instantiating /home/travis/build/icyphy/ptII/ptolemy/actor/lib/test/auto/PublisherSubscriber10.xml
6 ms. Memory: 1500160K Free: 1163719K (78%)
----------------- Invoking toplevel() on ptolemy.moml.MoMLSimpleApplication@28433d8
----------------- Done invoking toplevel() on ptolemy.moml.MoMLSimpleApplication@28433d8
reloadAllAccessors: .PublisherSubscriber10
----------------- testing Wed May 30 01:21:05 UTC 2018 /home/travis/build/icyphy/ptII/ptolemy/actor/lib/test/auto/PublisherSubscriber10InitialOutputs.xml
----------------- Instantiating /home/travis/build/icyphy/ptII/ptolemy/actor/lib/test/auto/PublisherSubscriber10InitialOutputs.xml
7 ms. Memory: 1500160K Free: 1149741K (77%)
----------------- Invoking toplevel() on ptolemy.moml.MoMLSimpleApplication@5a765ea5
----------------- Done invoking toplevel() on ptolemy.moml.MoMLSimpleApplication@5a765ea5
reloadAllAccessors: .PublisherSubscriber10InitialOutputs
----------------- testing Wed May 30 01:21:05 UTC 2018 /home/travis/build/icyphy/ptII/ptolemy/actor/lib/test/auto/PublisherSubscriber11.xml
----------------- Instantiating /home/travis/build/icyphy/ptII/ptolemy/actor/lib/test/auto/PublisherSubscriber11.xml
6 ms. Memory: 1500160K Free: 1135763K (76%)
----------------- Invoking toplevel() on ptolemy.moml.MoMLSimpleApplication@15c77926
----------------- Done invoking toplevel() on ptolemy.moml.MoMLSimpleApplication@15c77926
reloadAllAccessors: .PublisherSubscriber11
----------------- testing Wed May 30 01:21:05 UTC 2018 /home/travis/build/icyphy/ptII/ptolemy/actor/lib/test/auto/PublisherSubscriber12.xml
----------------- Instantiating /home/travis/build/icyphy/ptII/ptolemy/actor/lib/test/auto/PublisherSubscriber12.xml
5 ms. Memory: 1500160K Free: 1114186K (74%)
----------------- Invoking toplevel() on ptolemy.moml.MoMLSimpleApplication@6c70ef30
----------------- Done invoking toplevel() on ptolemy.moml.MoMLSimpleApplication@6c70ef30
reloadAllAccessors: .PublisherSubscriber12
----------------- testing Wed May 30 01:21:05 UTC 2018 /home/travis/build/icyphy/ptII/ptolemy/actor/lib/test/auto/PublisherSubscriber13.xml
----------------- Instantiating /home/travis/build/icyphy/ptII/ptolemy/actor/lib/test/auto/PublisherSubscriber13.xml
2 ms. Memory: 1500160K Free: 1100208K (73%)
----------------- Invoking toplevel() on ptolemy.moml.MoMLSimpleApplication@309cac07
----------------- Done invoking toplevel() on ptolemy.moml.MoMLSimpleApplication@309cac07
reloadAllAccessors: .PublisherSubscriber13
----------------- testing Wed May 30 01:21:05 UTC 2018 /home/travis/build/icyphy/ptII/ptolemy/actor/lib/test/auto/PublisherSubscriber14.xml
----------------- Instantiating /home/travis/build/icyphy/ptII/ptolemy/actor/lib/test/auto/PublisherSubscriber14.xml
2 ms. Memory: 1500160K Free: 1086230K (72%)
----------------- Invoking toplevel() on ptolemy.moml.MoMLSimpleApplication@6862f6b2
----------------- Done invoking toplevel() on ptolemy.moml.MoMLSimpleApplication@6862f6b2
reloadAllAccessors: .PublisherSubscriber14
----------------- testing Wed May 30 01:21:05 UTC 2018 /home/travis/build/icyphy/ptII/ptolemy/actor/lib/test/auto/PublisherSubscriber2.xml
----------------- Instantiating /home/travis/build/icyphy/ptII/ptolemy/actor/lib/test/auto/PublisherSubscriber2.xml
3 ms. Memory: 1500160K Free: 1064653K (71%)
----------------- Invoking toplevel() on ptolemy.moml.MoMLSimpleApplication@5ba0d8e9
----------------- Done invoking toplevel() on ptolemy.moml.MoMLSimpleApplication@5ba0d8e9
reloadAllAccessors: .PublisherSubscriber2
----------------- testing Wed May 30 01:21:05 UTC 2018 /home/travis/build/icyphy/ptII/ptolemy/actor/lib/test/auto/PublisherSubscriber3.xml
----------------- Instantiating /home/travis/build/icyphy/ptII/ptolemy/actor/lib/test/auto/PublisherSubscriber3.xml
1 ms. Memory: 1500160K Free: 1050675K (70%)
----------------- Invoking toplevel() on ptolemy.moml.MoMLSimpleApplication@685eb6f7
----------------- Done invoking toplevel() on ptolemy.moml.MoMLSimpleApplication@685eb6f7
reloadAllAccessors: .PublisherSubscriber3
----------------- testing Wed May 30 01:21:05 UTC 2018 /home/travis/build/icyphy/ptII/ptolemy/actor/lib/test/auto/PublisherSubscriber4.xml
----------------- Instantiating /home/travis/build/icyphy/ptII/ptolemy/actor/lib/test/auto/PublisherSubscriber4.xml
1 ms. Memory: 1500160K Free: 1036697K (69%)
----------------- Invoking toplevel() on ptolemy.moml.MoMLSimpleApplication@4d9ac0e6
----------------- Done invoking toplevel() on ptolemy.moml.MoMLSimpleApplication@4d9ac0e6
reloadAllAccessors: .PublisherSubscriber4
----------------- testing Wed May 30 01:21:05 UTC 2018 /home/travis/build/icyphy/ptII/ptolemy/actor/lib/test/auto/PublisherSubscriber5.xml
----------------- Instantiating /home/travis/build/icyphy/ptII/ptolemy/actor/lib/test/auto/PublisherSubscriber5.xml
2 ms. Memory: 1500160K Free: 1015119K (68%)
----------------- Invoking toplevel() on ptolemy.moml.MoMLSimpleApplication@384e5d5a
----------------- Done invoking toplevel() on ptolemy.moml.MoMLSimpleApplication@384e5d5a
reloadAllAccessors: .PublisherSubscriber5
----------------- testing Wed May 30 01:21:05 UTC 2018 /home/travis/build/icyphy/ptII/ptolemy/actor/lib/test/auto/PublisherSubscriber6.xml
----------------- Instantiating /home/travis/build/icyphy/ptII/ptolemy/actor/lib/test/auto/PublisherSubscriber6.xml
4 ms. Memory: 1500160K Free: 1001142K (67%)
----------------- Invoking toplevel() on ptolemy.moml.MoMLSimpleApplication@782e7b35
----------------- Done invoking toplevel() on ptolemy.moml.MoMLSimpleApplication@782e7b35
reloadAllAccessors: .PublisherSubscriber6
----------------- testing Wed May 30 01:21:05 UTC 2018 /home/travis/build/icyphy/ptII/ptolemy/actor/lib/test/auto/PublisherSubscriber7.xml
----------------- Instantiating /home/travis/build/icyphy/ptII/ptolemy/actor/lib/test/auto/PublisherSubscriber7.xml
7 ms. Memory: 1500160K Free: 987164K (66%)
----------------- Invoking toplevel() on ptolemy.moml.MoMLSimpleApplication@12a8ccb9
----------------- Done invoking toplevel() on ptolemy.moml.MoMLSimpleApplication@12a8ccb9
reloadAllAccessors: .PublisherSubscriber7
----------------- testing Wed May 30 01:21:05 UTC 2018 /home/travis/build/icyphy/ptII/ptolemy/actor/lib/test/auto/PublisherSubscriber8.xml
----------------- Instantiating /home/travis/build/icyphy/ptII/ptolemy/actor/lib/test/auto/PublisherSubscriber8.xml
11 ms. Memory: 1500160K Free: 895698K (60%)
----------------- Invoking toplevel() on ptolemy.moml.MoMLSimpleApplication@73efcabe
----------------- Done invoking toplevel() on ptolemy.moml.MoMLSimpleApplication@73efcabe
reloadAllAccessors: .PublisherSubscriber8
----------------- testing Wed May 30 01:21:05 UTC 2018 /home/travis/build/icyphy/ptII/ptolemy/actor/lib/test/auto/PublisherSubscriber9.xml
----------------- Instantiating /home/travis/build/icyphy/ptII/ptolemy/actor/lib/test/auto/PublisherSubscriber9.xml
3 ms. Memory: 1500160K Free: 881720K (59%)
----------------- Invoking toplevel() on ptolemy.moml.MoMLSimpleApplication@38d66130
----------------- Done invoking toplevel() on ptolemy.moml.MoMLSimpleApplication@38d66130
reloadAllAccessors: .PublisherSubscriber9
----------------- testing Wed May 30 01:21:05 UTC 2018 /home/travis/build/icyphy/ptII/ptolemy/actor/lib/test/auto/PublisherSubscriberAdjacent.xml
----------------- Instantiating /home/travis/build/icyphy/ptII/ptolemy/actor/lib/test/auto/PublisherSubscriberAdjacent.xml
2 ms. Memory: 1500160K Free: 867743K (58%)
----------------- Invoking toplevel() on ptolemy.moml.MoMLSimpleApplication@2b5f9fdd
----------------- Done invoking toplevel() on ptolemy.moml.MoMLSimpleApplication@2b5f9fdd
reloadAllAccessors: .PublisherSubscriberAdjacent
----------------- testing Wed May 30 01:21:05 UTC 2018 /home/travis/build/icyphy/ptII/ptolemy/actor/lib/test/auto/PublisherSubscriberChannelVariablesAOC2.xml
----------------- Instantiating /home/travis/build/icyphy/ptII/ptolemy/actor/lib/test/auto/PublisherSubscriberChannelVariablesAOC2.xml
3 ms. Memory: 1500160K Free: 839168K (56%)
----------------- Invoking toplevel() on ptolemy.moml.MoMLSimpleApplication@2a57aad0
----------------- Done invoking toplevel() on ptolemy.moml.MoMLSimpleApplication@2a57aad0
reloadAllAccessors: .PublisherSubscriberChannelVariablesAOC2
----------------- testing Wed May 30 01:21:05 UTC 2018 /home/travis/build/icyphy/ptII/ptolemy/actor/lib/test/auto/PublisherSubscriberD3.xml
----------------- Instantiating /home/travis/build/icyphy/ptII/ptolemy/actor/lib/test/auto/PublisherSubscriberD3.xml
1 ms. Memory: 1500160K Free: 825190K (55%)
----------------- Invoking toplevel() on ptolemy.moml.MoMLSimpleApplication@30bf522c
----------------- Done invoking toplevel() on ptolemy.moml.MoMLSimpleApplication@30bf522c
reloadAllAccessors: .PublisherSubscriberD3
----------------- testing Wed May 30 01:21:05 UTC 2018 /home/travis/build/icyphy/ptII/ptolemy/actor/lib/test/auto/PublisherSubscriberD3Reverse.xml
----------------- Instantiating /home/travis/build/icyphy/ptII/ptolemy/actor/lib/test/auto/PublisherSubscriberD3Reverse.xml
1 ms. Memory: 1500160K Free: 811213K (54%)
----------------- Invoking toplevel() on ptolemy.moml.MoMLSimpleApplication@1298991f
----------------- Done invoking toplevel() on ptolemy.moml.MoMLSimpleApplication@1298991f
reloadAllAccessors: .PublisherSubscriberD3Reverse
----------------- testing Wed May 30 01:21:05 UTC 2018 /home/travis/build/icyphy/ptII/ptolemy/actor/lib/test/auto/PublisherSubscriberExpression.xml
----------------- Instantiating /home/travis/build/icyphy/ptII/ptolemy/actor/lib/test/auto/PublisherSubscriberExpression.xml
3 ms. Memory: 1500160K Free: 789635K (53%)
----------------- Invoking toplevel() on ptolemy.moml.MoMLSimpleApplication@5dbba617
----------------- Done invoking toplevel() on ptolemy.moml.MoMLSimpleApplication@5dbba617
reloadAllAccessors: .PublisherSubscriberExpression
----------------- testing Wed May 30 01:21:05 UTC 2018 /home/travis/build/icyphy/ptII/ptolemy/actor/lib/test/auto/PublisherSubscriberOpaque.xml
----------------- Instantiating /home/travis/build/icyphy/ptII/ptolemy/actor/lib/test/auto/PublisherSubscriberOpaque.xml
3 ms. Memory: 1500160K Free: 775658K (52%)
----------------- Invoking toplevel() on ptolemy.moml.MoMLSimpleApplication@75a72933
----------------- Done invoking toplevel() on ptolemy.moml.MoMLSimpleApplication@75a72933
reloadAllAccessors: .PublisherSubscriberOpaque
----------------- testing Wed May 30 01:21:05 UTC 2018 /home/travis/build/icyphy/ptII/ptolemy/actor/lib/test/auto/PublisherSubscriberOpaqueD3.xml
----------------- Instantiating /home/travis/build/icyphy/ptII/ptolemy/actor/lib/test/auto/PublisherSubscriberOpaqueD3.xml
6 ms. Memory: 1500160K Free: 754675K (50%)
----------------- Invoking toplevel() on ptolemy.moml.MoMLSimpleApplication@6c0fb903
----------------- Done invoking toplevel() on ptolemy.moml.MoMLSimpleApplication@6c0fb903
reloadAllAccessors: .PublisherSubscriberOpaqueD3
----------------- testing Wed May 30 01:21:05 UTC 2018 /home/travis/build/icyphy/ptII/ptolemy/actor/lib/test/auto/PublisherSubscriberOpaqueD3Reverse.xml
----------------- Instantiating /home/travis/build/icyphy/ptII/ptolemy/actor/lib/test/auto/PublisherSubscriberOpaqueD3Reverse.xml
11 ms. Memory: 1500160K Free: 733097K (49%)
----------------- Invoking toplevel() on ptolemy.moml.MoMLSimpleApplication@4ec9f849
----------------- Done invoking toplevel() on ptolemy.moml.MoMLSimpleApplication@4ec9f849
reloadAllAccessors: .PublisherSubscriberOpaqueD3Reverse
----------------- testing Wed May 30 01:21:05 UTC 2018 /home/travis/build/icyphy/ptII/ptolemy/actor/lib/test/auto/PublisherSubscriberOpaqueWidthInference.xml
----------------- Instantiating /home/travis/build/icyphy/ptII/ptolemy/actor/lib/test/auto/PublisherSubscriberOpaqueWidthInference.xml
5 ms. Memory: 1500160K Free: 719120K (48%)
----------------- Invoking toplevel() on ptolemy.moml.MoMLSimpleApplication@7905505b
----------------- Done invoking toplevel() on ptolemy.moml.MoMLSimpleApplication@7905505b
reloadAllAccessors: .PublisherSubscriberOpaqueWidthInference
----------------- testing Wed May 30 01:21:05 UTC 2018 /home/travis/build/icyphy/ptII/ptolemy/actor/lib/test/auto/PublisherTestSubscriber.xml
----------------- Instantiating /home/travis/build/icyphy/ptII/ptolemy/actor/lib/test/auto/PublisherTestSubscriber.xml
2 ms. Memory: 1500160K Free: 705142K (47%)
----------------- Invoking toplevel() on ptolemy.moml.MoMLSimpleApplication@64c507a1
----------------- Done invoking toplevel() on ptolemy.moml.MoMLSimpleApplication@64c507a1
reloadAllAccessors: .PublisherTestSubscriber
----------------- testing Wed May 30 01:21:05 UTC 2018 /home/travis/build/icyphy/ptII/ptolemy/actor/lib/test/auto/PublisherToplevelSubscriberPortAOC.xml
----------------- Instantiating /home/travis/build/icyphy/ptII/ptolemy/actor/lib/test/auto/PublisherToplevelSubscriberPortAOC.xml
2 ms. Memory: 1500160K Free: 691165K (46%)
----------------- Invoking toplevel() on ptolemy.moml.MoMLSimpleApplication@35e9e636
----------------- Done invoking toplevel() on ptolemy.moml.MoMLSimpleApplication@35e9e636
reloadAllAccessors: .PublisherToplevelSubscriberPortAOC
----------------- testing Wed May 30 01:21:05 UTC 2018 /home/travis/build/icyphy/ptII/ptolemy/actor/lib/test/auto/PulseFiringLimitDE.xml
----------------- Instantiating /home/travis/build/icyphy/ptII/ptolemy/actor/lib/test/auto/PulseFiringLimitDE.xml
10 ms. Memory: 1500160K Free: 669587K (45%)
----------------- Invoking toplevel() on ptolemy.moml.MoMLSimpleApplication@45af730d
----------------- Done invoking toplevel() on ptolemy.moml.MoMLSimpleApplication@45af730d
reloadAllAccessors: .PulseFiringLimitDE
----------------- testing Wed May 30 01:21:05 UTC 2018 /home/travis/build/icyphy/ptII/ptolemy/actor/lib/test/auto/Ramp1.xml
----------------- Instantiating /home/travis/build/icyphy/ptII/ptolemy/actor/lib/test/auto/Ramp1.xml
1 ms. Memory: 1500160K Free: 655609K (44%)
----------------- Invoking toplevel() on ptolemy.moml.MoMLSimpleApplication@2a984922
----------------- Done invoking toplevel() on ptolemy.moml.MoMLSimpleApplication@2a984922
reloadAllAccessors: .Ramp1
----------------- testing Wed May 30 01:21:05 UTC 2018 /home/travis/build/icyphy/ptII/ptolemy/actor/lib/test/auto/RampFiringLimitDE.xml
----------------- Instantiating /home/travis/build/icyphy/ptII/ptolemy/actor/lib/test/auto/RampFiringLimitDE.xml
2 ms. Memory: 1500160K Free: 641632K (43%)
----------------- Invoking toplevel() on ptolemy.moml.MoMLSimpleApplication@6e413f73
----------------- Done invoking toplevel() on ptolemy.moml.MoMLSimpleApplication@6e413f73
reloadAllAccessors: .RampFiringLimitDE
----------------- testing Wed May 30 01:21:05 UTC 2018 /home/travis/build/icyphy/ptII/ptolemy/actor/lib/test/auto/RampFiringLimitSDF.xml
----------------- Instantiating /home/travis/build/icyphy/ptII/ptolemy/actor/lib/test/auto/RampFiringLimitSDF.xml
2 ms. Memory: 1500160K Free: 620054K (41%)
----------------- Invoking toplevel() on ptolemy.moml.MoMLSimpleApplication@78fcb675
----------------- Done invoking toplevel() on ptolemy.moml.MoMLSimpleApplication@78fcb675
reloadAllAccessors: .RampFiringLimitSDF
----------------- testing Wed May 30 01:21:05 UTC 2018 /home/travis/build/icyphy/ptII/ptolemy/actor/lib/test/auto/RandomInteger.xml
----------------- Instantiating /home/travis/build/icyphy/ptII/ptolemy/actor/lib/test/auto/RandomInteger.xml
2 ms. Memory: 1500160K Free: 606076K (40%)
----------------- Invoking toplevel() on ptolemy.moml.MoMLSimpleApplication@22675dbb
----------------- Done invoking toplevel() on ptolemy.moml.MoMLSimpleApplication@22675dbb
reloadAllAccessors: .RandomInteger
----------------- testing Wed May 30 01:21:05 UTC 2018 /home/travis/build/icyphy/ptII/ptolemy/actor/lib/test/auto/ReadFile1.xml
----------------- Instantiating /home/travis/build/icyphy/ptII/ptolemy/actor/lib/test/auto/ReadFile1.xml
2 ms. Memory: 1500160K Free: 592099K (39%)
----------------- Invoking toplevel() on ptolemy.moml.MoMLSimpleApplication@92183b4
----------------- Done invoking toplevel() on ptolemy.moml.MoMLSimpleApplication@92183b4
reloadAllAccessors: .ReadFile1
----------------- testing Wed May 30 01:21:05 UTC 2018 /home/travis/build/icyphy/ptII/ptolemy/actor/lib/test/auto/ReadFile2.xml
----------------- Instantiating /home/travis/build/icyphy/ptII/ptolemy/actor/lib/test/auto/ReadFile2.xml
1 ms. Memory: 1500160K Free: 570521K (38%)
----------------- Invoking toplevel() on ptolemy.moml.MoMLSimpleApplication@796f2ffd
----------------- Done invoking toplevel() on ptolemy.moml.MoMLSimpleApplication@796f2ffd
reloadAllAccessors: .ReadFile2
----------------- testing Wed May 30 01:21:05 UTC 2018 /home/travis/build/icyphy/ptII/ptolemy/actor/lib/test/auto/Reader.xml
----------------- Instantiating /home/travis/build/icyphy/ptII/ptolemy/actor/lib/test/auto/Reader.xml
actor.lib.Reader is obsolete, use actor.lib.io.ExpressionReader instead
5 ms. Memory: 1500160K Free: 556543K (37%)
----------------- Invoking toplevel() on ptolemy.moml.MoMLSimpleApplication@6c1f651
----------------- Done invoking toplevel() on ptolemy.moml.MoMLSimpleApplication@6c1f651
reloadAllAccessors: .Reader
----------------- testing Wed May 30 01:21:05 UTC 2018 /home/travis/build/icyphy/ptII/ptolemy/actor/lib/test/auto/RecordAssemblerDisplayNameTest.xml
----------------- Instantiating /home/travis/build/icyphy/ptII/ptolemy/actor/lib/test/auto/RecordAssemblerDisplayNameTest.xml
4086 ms. Memory: 1531392K Free: 733244K (48%)
----------------- Invoking toplevel() on ptolemy.moml.MoMLSimpleApplication@3c46663a
----------------- Done invoking toplevel() on ptolemy.moml.MoMLSimpleApplication@3c46663a
reloadAllAccessors: .RecordAssemblerDisplayNameTest
----------------- testing Wed May 30 01:21:09 UTC 2018 /home/travis/build/icyphy/ptII/ptolemy/actor/lib/test/auto/RecordAssemblerTypeError.xml
----------------- Instantiating /home/travis/build/icyphy/ptII/ptolemy/actor/lib/test/auto/RecordAssemblerTypeError.xml
12 ms. Memory: 1531392K Free: 702780K (46%)
----------------- Invoking toplevel() on ptolemy.moml.MoMLSimpleApplication@69db5c35
----------------- Done invoking toplevel() on ptolemy.moml.MoMLSimpleApplication@69db5c35
reloadAllAccessors: .RecordAssemblerTypeError
----------------- testing Wed May 30 01:21:09 UTC 2018 /home/travis/build/icyphy/ptII/ptolemy/actor/lib/test/auto/RecordDisassember.xml
----------------- Instantiating /home/travis/build/icyphy/ptII/ptolemy/actor/lib/test/auto/RecordDisassember.xml
6 ms. Memory: 1531392K Free: 688679K (45%)
----------------- Invoking toplevel() on ptolemy.moml.MoMLSimpleApplication@533eea84
----------------- Done invoking toplevel() on ptolemy.moml.MoMLSimpleApplication@533eea84
reloadAllAccessors: .RecordDisassember
----------------- testing Wed May 30 01:21:10 UTC 2018 /home/travis/build/icyphy/ptII/ptolemy/actor/lib/test/auto/RecordDisassemberDisplayNameTest.xml
----------------- Instantiating /home/travis/build/icyphy/ptII/ptolemy/actor/lib/test/auto/RecordDisassemberDisplayNameTest.xml
8 ms. Memory: 1531392K Free: 668790K (44%)
----------------- Invoking toplevel() on ptolemy.moml.MoMLSimpleApplication@1238c464
----------------- Done invoking toplevel() on ptolemy.moml.MoMLSimpleApplication@1238c464
reloadAllAccessors: .RecordDisassemberDisplayNameTest
----------------- testing Wed May 30 01:21:10 UTC 2018 /home/travis/build/icyphy/ptII/ptolemy/actor/lib/test/auto/RecordDisassembler.xml
----------------- Instantiating /home/travis/build/icyphy/ptII/ptolemy/actor/lib/test/auto/RecordDisassembler.xml
6 ms. Memory: 1531392K Free: 654637K (43%)
----------------- Invoking toplevel() on ptolemy.moml.MoMLSimpleApplication@3821b136
----------------- Done invoking toplevel() on ptolemy.moml.MoMLSimpleApplication@3821b136
reloadAllAccessors: .RecordDisassembler
----------------- testing Wed May 30 01:21:10 UTC 2018 /home/travis/build/icyphy/ptII/ptolemy/actor/lib/test/auto/RecordDisassembler2.xml
----------------- Instantiating /home/travis/build/icyphy/ptII/ptolemy/actor/lib/test/auto/RecordDisassembler2.xml
4 ms. Memory: 1531392K Free: 634748K (41%)
----------------- Invoking toplevel() on ptolemy.moml.MoMLSimpleApplication@234fdfef
----------------- Done invoking toplevel() on ptolemy.moml.MoMLSimpleApplication@234fdfef
reloadAllAccessors: .RecordDisassembler2
----------------- testing Wed May 30 01:21:10 UTC 2018 /home/travis/build/icyphy/ptII/ptolemy/actor/lib/test/auto/RecordUpdater.xml
----------------- Instantiating /home/travis/build/icyphy/ptII/ptolemy/actor/lib/test/auto/RecordUpdater.xml
2 ms. Memory: 1531392K Free: 620647K (41%)
----------------- Invoking toplevel() on ptolemy.moml.MoMLSimpleApplication@6193cf19
----------------- Done invoking toplevel() on ptolemy.moml.MoMLSimpleApplication@6193cf19
reloadAllAccessors: .RecordUpdater
----------------- testing Wed May 30 01:21:10 UTC 2018 /home/travis/build/icyphy/ptII/ptolemy/actor/lib/test/auto/RecordUpdater2.xml
----------------- Instantiating /home/travis/build/icyphy/ptII/ptolemy/actor/lib/test/auto/RecordUpdater2.xml
2 ms. Memory: 1531392K Free: 606547K (40%)
----------------- Invoking toplevel() on ptolemy.moml.MoMLSimpleApplication@3a0a7b0e
----------------- Done invoking toplevel() on ptolemy.moml.MoMLSimpleApplication@3a0a7b0e
reloadAllAccessors: .RecordUpdater2
----------------- testing Wed May 30 01:21:10 UTC 2018 /home/travis/build/icyphy/ptII/ptolemy/actor/lib/test/auto/RecursiveLattice.xml
----------------- Instantiating /home/travis/build/icyphy/ptII/ptolemy/actor/lib/test/auto/RecursiveLattice.xml
2 ms. Memory: 1531392K Free: 586658K (38%)
----------------- Invoking toplevel() on ptolemy.moml.MoMLSimpleApplication@2ea3303
----------------- Done invoking toplevel() on ptolemy.moml.MoMLSimpleApplication@2ea3303
reloadAllAccessors: .RecursiveLattice
----------------- testing Wed May 30 01:21:10 UTC 2018 /home/travis/build/icyphy/ptII/ptolemy/actor/lib/test/auto/Router.xml
----------------- Instantiating /home/travis/build/icyphy/ptII/ptolemy/actor/lib/test/auto/Router.xml
3004 ms. Memory: 1531392K Free: 572557K (37%)
----------------- Invoking toplevel() on ptolemy.moml.MoMLSimpleApplication@5bdc57e9
----------------- Done invoking toplevel() on ptolemy.moml.MoMLSimpleApplication@5bdc57e9
reloadAllAccessors: .Router
----------------- testing Wed May 30 01:21:13 UTC 2018 /home/travis/build/icyphy/ptII/ptolemy/actor/lib/test/auto/Router2.xml
----------------- Instantiating /home/travis/build/icyphy/ptII/ptolemy/actor/lib/test/auto/Router2.xml
3003 ms. Memory: 1531392K Free: 552668K (36%)
----------------- Invoking toplevel() on ptolemy.moml.MoMLSimpleApplication@6b2ad049
----------------- Done invoking toplevel() on ptolemy.moml.MoMLSimpleApplication@6b2ad049
reloadAllAccessors: .Router2
----------------- testing Wed May 30 01:21:16 UTC 2018 /home/travis/build/icyphy/ptII/ptolemy/actor/lib/test/auto/RunningMaximum.xml
----------------- Instantiating /home/travis/build/icyphy/ptII/ptolemy/actor/lib/test/auto/RunningMaximum.xml
1 ms. Memory: 1531392K Free: 538568K (35%)
----------------- Invoking toplevel() on ptolemy.moml.MoMLSimpleApplication@56a1d796
----------------- Done invoking toplevel() on ptolemy.moml.MoMLSimpleApplication@56a1d796
reloadAllAccessors: .RunningMaximum
----------------- testing Wed May 30 01:21:16 UTC 2018 /home/travis/build/icyphy/ptII/ptolemy/actor/lib/test/auto/RunningMinimum.xml
----------------- Instantiating /home/travis/build/icyphy/ptII/ptolemy/actor/lib/test/auto/RunningMinimum.xml
1 ms. Memory: 1531392K Free: 518679K (34%)
----------------- Invoking toplevel() on ptolemy.moml.MoMLSimpleApplication@59d3dbf1
----------------- Done invoking toplevel() on ptolemy.moml.MoMLSimpleApplication@59d3dbf1
reloadAllAccessors: .RunningMinimum
----------------- testing Wed May 30 01:21:16 UTC 2018 /home/travis/build/icyphy/ptII/ptolemy/actor/lib/test/auto/Scale.xml
----------------- Instantiating /home/travis/build/icyphy/ptII/ptolemy/actor/lib/test/auto/Scale.xml
1 ms. Memory: 1531392K Free: 504578K (33%)
----------------- Invoking toplevel() on ptolemy.moml.MoMLSimpleApplication@1dec46b8
----------------- Done invoking toplevel() on ptolemy.moml.MoMLSimpleApplication@1dec46b8
reloadAllAccessors: .Scale
----------------- testing Wed May 30 01:21:16 UTC 2018 /home/travis/build/icyphy/ptII/ptolemy/actor/lib/test/auto/Scale2.xml
----------------- Instantiating /home/travis/build/icyphy/ptII/ptolemy/actor/lib/test/auto/Scale2.xml
2 ms. Memory: 1531392K Free: 490478K (32%)
----------------- Invoking toplevel() on ptolemy.moml.MoMLSimpleApplication@1a4e9498
----------------- Done invoking toplevel() on ptolemy.moml.MoMLSimpleApplication@1a4e9498
reloadAllAccessors: .Scale2
----------------- testing Wed May 30 01:21:16 UTC 2018 /home/travis/build/icyphy/ptII/ptolemy/actor/lib/test/auto/Scale3.xml
----------------- Instantiating /home/travis/build/icyphy/ptII/ptolemy/actor/lib/test/auto/Scale3.xml
2 ms. Memory: 1531392K Free: 470588K (31%)
----------------- Invoking toplevel() on ptolemy.moml.MoMLSimpleApplication@75b9c62c
----------------- Done invoking toplevel() on ptolemy.moml.MoMLSimpleApplication@75b9c62c
reloadAllAccessors: .Scale3
----------------- testing Wed May 30 01:21:16 UTC 2018 /home/travis/build/icyphy/ptII/ptolemy/actor/lib/test/auto/ScaleArray.xml
----------------- Instantiating /home/travis/build/icyphy/ptII/ptolemy/actor/lib/test/auto/ScaleArray.xml
1 ms. Memory: 1531392K Free: 456488K (30%)
----------------- Invoking toplevel() on ptolemy.moml.MoMLSimpleApplication@4f49fe01
----------------- Done invoking toplevel() on ptolemy.moml.MoMLSimpleApplication@4f49fe01
reloadAllAccessors: .ScaleArray
----------------- testing Wed May 30 01:21:16 UTC 2018 /home/travis/build/icyphy/ptII/ptolemy/actor/lib/test/auto/ScaleArray2.xml
----------------- Instantiating /home/travis/build/icyphy/ptII/ptolemy/actor/lib/test/auto/ScaleArray2.xml
1 ms. Memory: 1531392K Free: 436599K (29%)
----------------- Invoking toplevel() on ptolemy.moml.MoMLSimpleApplication@31b78226
----------------- Done invoking toplevel() on ptolemy.moml.MoMLSimpleApplication@31b78226
reloadAllAccessors: .ScaleArray2
----------------- testing Wed May 30 01:21:16 UTC 2018 /home/travis/build/icyphy/ptII/ptolemy/actor/lib/test/auto/ScaleMatrix.xml
----------------- Instantiating /home/travis/build/icyphy/ptII/ptolemy/actor/lib/test/auto/ScaleMatrix.xml
109 ms. Memory: 1531392K Free: 415448K (27%)
----------------- Invoking toplevel() on ptolemy.moml.MoMLSimpleApplication@174d29af
----------------- Done invoking toplevel() on ptolemy.moml.MoMLSimpleApplication@174d29af
reloadAllAccessors: .ScaleMatrix
----------------- testing Wed May 30 01:21:16 UTC 2018 /home/travis/build/icyphy/ptII/ptolemy/actor/lib/test/auto/Select.xml
----------------- Instantiating /home/travis/build/icyphy/ptII/ptolemy/actor/lib/test/auto/Select.xml
2 ms. Memory: 1531392K Free: 395559K (26%)
----------------- Invoking toplevel() on ptolemy.moml.MoMLSimpleApplication@69a600b7
----------------- Done invoking toplevel() on ptolemy.moml.MoMLSimpleApplication@69a600b7
reloadAllAccessors: .Select
----------------- testing Wed May 30 01:21:16 UTC 2018 /home/travis/build/icyphy/ptII/ptolemy/actor/lib/test/auto/Select2.xml
----------------- Instantiating /home/travis/build/icyphy/ptII/ptolemy/actor/lib/test/auto/Select2.xml
1 ms. Memory: 1531392K Free: 381459K (25%)
----------------- Invoking toplevel() on ptolemy.moml.MoMLSimpleApplication@bb920c2
----------------- Done invoking toplevel() on ptolemy.moml.MoMLSimpleApplication@bb920c2
reloadAllAccessors: .Select2
----------------- testing Wed May 30 01:21:16 UTC 2018 /home/travis/build/icyphy/ptII/ptolemy/actor/lib/test/auto/SequenceToArray2.xml
----------------- Instantiating /home/travis/build/icyphy/ptII/ptolemy/actor/lib/test/auto/SequenceToArray2.xml
80 ms. Memory: 1531392K Free: 296839K (19%)
----------------- Invoking toplevel() on ptolemy.moml.MoMLSimpleApplication@7174bd76
----------------- Done invoking toplevel() on ptolemy.moml.MoMLSimpleApplication@7174bd76
reloadAllAccessors: .SequenceToArray2
----------------- testing Wed May 30 01:21:16 UTC 2018 /home/travis/build/icyphy/ptII/ptolemy/actor/lib/test/auto/SequentialClock.xml
----------------- Instantiating /home/travis/build/icyphy/ptII/ptolemy/actor/lib/test/auto/SequentialClock.xml
1 ms. Memory: 1531392K Free: 276950K (18%)
----------------- Invoking toplevel() on ptolemy.moml.MoMLSimpleApplication@1d9eff4d
----------------- Done invoking toplevel() on ptolemy.moml.MoMLSimpleApplication@1d9eff4d
reloadAllAccessors: .SequentialClock
----------------- testing Wed May 30 01:21:16 UTC 2018 /home/travis/build/icyphy/ptII/ptolemy/actor/lib/test/auto/SetVariable.xml
----------------- Instantiating /home/travis/build/icyphy/ptII/ptolemy/actor/lib/test/auto/SetVariable.xml
2 ms. Memory: 1531392K Free: 262850K (17%)
----------------- Invoking toplevel() on ptolemy.moml.MoMLSimpleApplication@2da40871
----------------- Done invoking toplevel() on ptolemy.moml.MoMLSimpleApplication@2da40871
reloadAllAccessors: .SetVariable
----------------- testing Wed May 30 01:21:16 UTC 2018 /home/travis/build/icyphy/ptII/ptolemy/actor/lib/test/auto/SetVariable2.xml
----------------- Instantiating /home/travis/build/icyphy/ptII/ptolemy/actor/lib/test/auto/SetVariable2.xml
2 ms. Memory: 1531392K Free: 242961K (16%)
----------------- Invoking toplevel() on ptolemy.moml.MoMLSimpleApplication@eb6817d
----------------- Done invoking toplevel() on ptolemy.moml.MoMLSimpleApplication@eb6817d
reloadAllAccessors: .SetVariable2
----------------- testing Wed May 30 01:21:16 UTC 2018 /home/travis/build/icyphy/ptII/ptolemy/actor/lib/test/auto/SetVariable3.xml
----------------- Instantiating /home/travis/build/icyphy/ptII/ptolemy/actor/lib/test/auto/SetVariable3.xml
6 ms. Memory: 1531392K Free: 228861K (15%)
----------------- Invoking toplevel() on ptolemy.moml.MoMLSimpleApplication@5509349e
----------------- Done invoking toplevel() on ptolemy.moml.MoMLSimpleApplication@5509349e
reloadAllAccessors: .SetVariable3
----------------- testing Wed May 30 01:21:16 UTC 2018 /home/travis/build/icyphy/ptII/ptolemy/actor/lib/test/auto/SetVariable4.xml
----------------- Instantiating /home/travis/build/icyphy/ptII/ptolemy/actor/lib/test/auto/SetVariable4.xml
17 ms. Memory: 1531392K Free: 159620K (10%)
----------------- Invoking toplevel() on ptolemy.moml.MoMLSimpleApplication@65d01033
----------------- Done invoking toplevel() on ptolemy.moml.MoMLSimpleApplication@65d01033
reloadAllAccessors: .SetVariable4
----------------- testing Wed May 30 01:21:16 UTC 2018 /home/travis/build/icyphy/ptII/ptolemy/actor/lib/test/auto/SetVariable5.xml
----------------- Instantiating /home/travis/build/icyphy/ptII/ptolemy/actor/lib/test/auto/SetVariable5.xml
9 ms. Memory: 1531392K Free: 145519K (10%)
----------------- Invoking toplevel() on ptolemy.moml.MoMLSimpleApplication@52241180
----------------- Done invoking toplevel() on ptolemy.moml.MoMLSimpleApplication@52241180
reloadAllAccessors: .SetVariable5
----------------- testing Wed May 30 01:21:16 UTC 2018 /home/travis/build/icyphy/ptII/ptolemy/actor/lib/test/auto/Sinewave.xml
----------------- Instantiating /home/travis/build/icyphy/ptII/ptolemy/actor/lib/test/auto/Sinewave.xml
8 ms. Memory: 1531392K Free: 118564K (8%)
----------------- Invoking toplevel() on ptolemy.moml.MoMLSimpleApplication@36cb94a8
----------------- Done invoking toplevel() on ptolemy.moml.MoMLSimpleApplication@36cb94a8
reloadAllAccessors: .Sinewave
----------------- testing Wed May 30 01:21:16 UTC 2018 /home/travis/build/icyphy/ptII/ptolemy/actor/lib/test/auto/Sinewave2.xml
----------------- Instantiating /home/travis/build/icyphy/ptII/ptolemy/actor/lib/test/auto/Sinewave2.xml
7 ms. Memory: 1531392K Free: 104464K (7%)
----------------- Invoking toplevel() on ptolemy.moml.MoMLSimpleApplication@61d261b7
----------------- Done invoking toplevel() on ptolemy.moml.MoMLSimpleApplication@61d261b7
reloadAllAccessors: .Sinewave2
----------------- testing Wed May 30 01:21:16 UTC 2018 /home/travis/build/icyphy/ptII/ptolemy/actor/lib/test/auto/Sinewave3.xml
----------------- Instantiating /home/travis/build/icyphy/ptII/ptolemy/actor/lib/test/auto/Sinewave3.xml
6 ms. Memory: 1531392K Free: 90363K (6%)
----------------- Invoking toplevel() on ptolemy.moml.MoMLSimpleApplication@463a49a5
----------------- Done invoking toplevel() on ptolemy.moml.MoMLSimpleApplication@463a49a5
reloadAllAccessors: .Sinewave3
----------------- testing Wed May 30 01:21:16 UTC 2018 /home/travis/build/icyphy/ptII/ptolemy/actor/lib/test/auto/SingleEvent.xml
----------------- Instantiating /home/travis/build/icyphy/ptII/ptolemy/actor/lib/test/auto/SingleEvent.xml
11 ms. Memory: 1627648K Free: 1580372K (97%)
----------------- Invoking toplevel() on ptolemy.moml.MoMLSimpleApplication@228d85d3
----------------- Done invoking toplevel() on ptolemy.moml.MoMLSimpleApplication@228d85d3
reloadAllAccessors: .SingleEvent
----------------- testing Wed May 30 01:21:16 UTC 2018 /home/travis/build/icyphy/ptII/ptolemy/actor/lib/test/auto/Sleep.xml
----------------- Instantiating /home/travis/build/icyphy/ptII/ptolemy/actor/lib/test/auto/Sleep.xml
6003 ms. Memory: 1627648K Free: 1556639K (96%)
----------------- Invoking toplevel() on ptolemy.moml.MoMLSimpleApplication@2399b0d0
----------------- Done invoking toplevel() on ptolemy.moml.MoMLSimpleApplication@2399b0d0
reloadAllAccessors: .Sleep
----------------- testing Wed May 30 01:21:22 UTC 2018 /home/travis/build/icyphy/ptII/ptolemy/actor/lib/test/auto/SleepMultipleFire.xml
----------------- Instantiating /home/travis/build/icyphy/ptII/ptolemy/actor/lib/test/auto/SleepMultipleFire.xml
1006 ms. Memory: 1627648K Free: 1536715K (94%)
----------------- Invoking toplevel() on ptolemy.moml.MoMLSimpleApplication@52a0a6e8
----------------- Done invoking toplevel() on ptolemy.moml.MoMLSimpleApplication@52a0a6e8
reloadAllAccessors: .SleepMultipleFire
----------------- testing Wed May 30 01:21:23 UTC 2018 /home/travis/build/icyphy/ptII/ptolemy/actor/lib/test/auto/StopDE.xml
----------------- Instantiating /home/travis/build/icyphy/ptII/ptolemy/actor/lib/test/auto/StopDE.xml
3 ms. Memory: 1627648K Free: 1521478K (93%)
----------------- Invoking toplevel() on ptolemy.moml.MoMLSimpleApplication@716c73ec
----------------- Done invoking toplevel() on ptolemy.moml.MoMLSimpleApplication@716c73ec
reloadAllAccessors: .StopDE
----------------- testing Wed May 30 01:21:23 UTC 2018 /home/travis/build/icyphy/ptII/ptolemy/actor/lib/test/auto/StopSDF.xml
----------------- Instantiating /home/travis/build/icyphy/ptII/ptolemy/actor/lib/test/auto/StopSDF.xml
2 ms. Memory: 1627648K Free: 1501554K (92%)
----------------- Invoking toplevel() on ptolemy.moml.MoMLSimpleApplication@557e342f
----------------- Done invoking toplevel() on ptolemy.moml.MoMLSimpleApplication@557e342f
reloadAllAccessors: .StopSDF
----------------- testing Wed May 30 01:21:23 UTC 2018 /home/travis/build/icyphy/ptII/ptolemy/actor/lib/test/auto/StringConstant.xml
----------------- Instantiating /home/travis/build/icyphy/ptII/ptolemy/actor/lib/test/auto/StringConstant.xml
1 ms. Memory: 1627648K Free: 1486316K (91%)
----------------- Invoking toplevel() on ptolemy.moml.MoMLSimpleApplication@5a44f7d8
----------------- Done invoking toplevel() on ptolemy.moml.MoMLSimpleApplication@5a44f7d8
reloadAllAccessors: .StringConstant
----------------- testing Wed May 30 01:21:23 UTC 2018 /home/travis/build/icyphy/ptII/ptolemy/actor/lib/test/auto/SubscriberPortInitialValues1.xml
----------------- Instantiating /home/travis/build/icyphy/ptII/ptolemy/actor/lib/test/auto/SubscriberPortInitialValues1.xml
12 ms. Memory: 1627648K Free: 1466393K (90%)
----------------- Invoking toplevel() on ptolemy.moml.MoMLSimpleApplication@14f449b7
----------------- Done invoking toplevel() on ptolemy.moml.MoMLSimpleApplication@14f449b7
reloadAllAccessors: .SubscriberPortInitialValues1
----------------- testing Wed May 30 01:21:23 UTC 2018 /home/travis/build/icyphy/ptII/ptolemy/actor/lib/test/auto/SubscriberPortInitialValues13.xml
----------------- Instantiating /home/travis/build/icyphy/ptII/ptolemy/actor/lib/test/auto/SubscriberPortInitialValues13.xml
4 ms. Memory: 1627648K Free: 1443529K (89%)
----------------- Invoking toplevel() on ptolemy.moml.MoMLSimpleApplication@913d928
----------------- Done invoking toplevel() on ptolemy.moml.MoMLSimpleApplication@913d928
reloadAllAccessors: .SubscriberPortInitialValues13
----------------- testing Wed May 30 01:21:23 UTC 2018 /home/travis/build/icyphy/ptII/ptolemy/actor/lib/test/auto/SubscriberPortInitialValues14.xml
----------------- Instantiating /home/travis/build/icyphy/ptII/ptolemy/actor/lib/test/auto/SubscriberPortInitialValues14.xml
3 ms. Memory: 1627648K Free: 1423605K (87%)
----------------- Invoking toplevel() on ptolemy.moml.MoMLSimpleApplication@59f1f021
----------------- Done invoking toplevel() on ptolemy.moml.MoMLSimpleApplication@59f1f021
reloadAllAccessors: .SubscriberPortInitialValues14
----------------- testing Wed May 30 01:21:23 UTC 2018 /home/travis/build/icyphy/ptII/ptolemy/actor/lib/test/auto/SubscriberPortInitialValues2.xml
----------------- Instantiating /home/travis/build/icyphy/ptII/ptolemy/actor/lib/test/auto/SubscriberPortInitialValues2.xml
3 ms. Memory: 1627648K Free: 1408368K (87%)
----------------- Invoking toplevel() on ptolemy.moml.MoMLSimpleApplication@5737aa77
----------------- Done invoking toplevel() on ptolemy.moml.MoMLSimpleApplication@5737aa77
reloadAllAccessors: .SubscriberPortInitialValues2
----------------- testing Wed May 30 01:21:23 UTC 2018 /home/travis/build/icyphy/ptII/ptolemy/actor/lib/test/auto/SubscriberPortInitialValues3.xml
----------------- Instantiating /home/travis/build/icyphy/ptII/ptolemy/actor/lib/test/auto/SubscriberPortInitialValues3.xml
4 ms. Memory: 1627648K Free: 1380825K (85%)
----------------- Invoking toplevel() on ptolemy.moml.MoMLSimpleApplication@1e0238e7
----------------- Done invoking toplevel() on ptolemy.moml.MoMLSimpleApplication@1e0238e7
reloadAllAccessors: .SubscriberPortInitialValues3
----------------- testing Wed May 30 01:21:24 UTC 2018 /home/travis/build/icyphy/ptII/ptolemy/actor/lib/test/auto/SubscriptionAggregator.xml
----------------- Instantiating /home/travis/build/icyphy/ptII/ptolemy/actor/lib/test/auto/SubscriptionAggregator.xml
3 ms. Memory: 1627648K Free: 1365588K (84%)
----------------- Invoking toplevel() on ptolemy.moml.MoMLSimpleApplication@588a82dd
----------------- Done invoking toplevel() on ptolemy.moml.MoMLSimpleApplication@588a82dd
reloadAllAccessors: .SubscriptionAggregator
----------------- testing Wed May 30 01:21:24 UTC 2018 /home/travis/build/icyphy/ptII/ptolemy/actor/lib/test/auto/SubscriptionAggregator2.xml
----------------- Instantiating /home/travis/build/icyphy/ptII/ptolemy/actor/lib/test/auto/SubscriptionAggregator2.xml
2 ms. Memory: 1627648K Free: 1345664K (83%)
----------------- Invoking toplevel() on ptolemy.moml.MoMLSimpleApplication@7122c932
----------------- Done invoking toplevel() on ptolemy.moml.MoMLSimpleApplication@7122c932
reloadAllAccessors: .SubscriptionAggregator2
----------------- testing Wed May 30 01:21:24 UTC 2018 /home/travis/build/icyphy/ptII/ptolemy/actor/lib/test/auto/SubscriptionAggregator3.xml
----------------- Instantiating /home/travis/build/icyphy/ptII/ptolemy/actor/lib/test/auto/SubscriptionAggregator3.xml
3 ms. Memory: 1627648K Free: 1330427K (82%)
----------------- Invoking toplevel() on ptolemy.moml.MoMLSimpleApplication@5d39e13
----------------- Done invoking toplevel() on ptolemy.moml.MoMLSimpleApplication@5d39e13
reloadAllAccessors: .SubscriptionAggregator3
----------------- testing Wed May 30 01:21:24 UTC 2018 /home/travis/build/icyphy/ptII/ptolemy/actor/lib/test/auto/SubscriptionAggregatorMultiply.xml
----------------- Instantiating /home/travis/build/icyphy/ptII/ptolemy/actor/lib/test/auto/SubscriptionAggregatorMultiply.xml
3 ms. Memory: 1627648K Free: 1310503K (81%)
----------------- Invoking toplevel() on ptolemy.moml.MoMLSimpleApplication@44ca3c66
----------------- Done invoking toplevel() on ptolemy.moml.MoMLSimpleApplication@44ca3c66
reloadAllAccessors: .SubscriptionAggregatorMultiply
----------------- testing Wed May 30 01:21:24 UTC 2018 /home/travis/build/icyphy/ptII/ptolemy/actor/lib/test/auto/SubscriptionAggregatorPortMultiply1.xml
----------------- Instantiating /home/travis/build/icyphy/ptII/ptolemy/actor/lib/test/auto/SubscriptionAggregatorPortMultiply1.xml
4 ms. Memory: 1627648K Free: 1290579K (79%)
----------------- Invoking toplevel() on ptolemy.moml.MoMLSimpleApplication@4843614f
----------------- Done invoking toplevel() on ptolemy.moml.MoMLSimpleApplication@4843614f
reloadAllAccessors: .SubscriptionAggregatorPortMultiply1
----------------- testing Wed May 30 01:21:24 UTC 2018 /home/travis/build/icyphy/ptII/ptolemy/actor/lib/test/auto/Switch.xml
----------------- Instantiating /home/travis/build/icyphy/ptII/ptolemy/actor/lib/test/auto/Switch.xml
4 ms. Memory: 1627648K Free: 1229631K (76%)
----------------- Invoking toplevel() on ptolemy.moml.MoMLSimpleApplication@31c0f859
----------------- Done invoking toplevel() on ptolemy.moml.MoMLSimpleApplication@31c0f859
reloadAllAccessors: .Switch
----------------- testing Wed May 30 01:21:24 UTC 2018 /home/travis/build/icyphy/ptII/ptolemy/actor/lib/test/auto/Switch2.xml
----------------- Instantiating /home/travis/build/icyphy/ptII/ptolemy/actor/lib/test/auto/Switch2.xml
1 ms. Memory: 1627648K Free: 1209670K (74%)
----------------- Invoking toplevel() on ptolemy.moml.MoMLSimpleApplication@50c9de85
----------------- Done invoking toplevel() on ptolemy.moml.MoMLSimpleApplication@50c9de85
reloadAllAccessors: .Switch2
----------------- testing Wed May 30 01:21:24 UTC 2018 /home/travis/build/icyphy/ptII/ptolemy/actor/lib/test/auto/SwitchDE.xml
----------------- Instantiating /home/travis/build/icyphy/ptII/ptolemy/actor/lib/test/auto/SwitchDE.xml
3 ms. Memory: 1627648K Free: 1194433K (73%)
----------------- Invoking toplevel() on ptolemy.moml.MoMLSimpleApplication@361db25a
----------------- Done invoking toplevel() on ptolemy.moml.MoMLSimpleApplication@361db25a
reloadAllAccessors: .SwitchDE
----------------- testing Wed May 30 01:21:24 UTC 2018 /home/travis/build/icyphy/ptII/ptolemy/actor/lib/test/auto/SynchronizerDE.xml
----------------- Instantiating /home/travis/build/icyphy/ptII/ptolemy/actor/lib/test/auto/SynchronizerDE.xml
7 ms. Memory: 1627648K Free: 1174509K (72%)
----------------- Invoking toplevel() on ptolemy.moml.MoMLSimpleApplication@61fcd42a
----------------- Done invoking toplevel() on ptolemy.moml.MoMLSimpleApplication@61fcd42a
reloadAllAccessors: .SynchronizerDE
----------------- testing Wed May 30 01:21:24 UTC 2018 /home/travis/build/icyphy/ptII/ptolemy/actor/lib/test/auto/Test.xml
----------------- Instantiating /home/travis/build/icyphy/ptII/ptolemy/actor/lib/test/auto/Test.xml
3 ms. Memory: 1627648K Free: 1159272K (71%)
----------------- Invoking toplevel() on ptolemy.moml.MoMLSimpleApplication@52f39f65
----------------- Done invoking toplevel() on ptolemy.moml.MoMLSimpleApplication@52f39f65
reloadAllAccessors: .Test
----------------- testing Wed May 30 01:21:24 UTC 2018 /home/travis/build/icyphy/ptII/ptolemy/actor/lib/test/auto/TestExceptionAttribute1.xml
----------------- Instantiating /home/travis/build/icyphy/ptII/ptolemy/actor/lib/test/auto/TestExceptionAttribute1.xml
0 ms. Memory: 1627648K Free: 1139348K (70%)
----------------- Invoking toplevel() on ptolemy.moml.MoMLSimpleApplication@5104213b
----------------- Done invoking toplevel() on ptolemy.moml.MoMLSimpleApplication@5104213b
reloadAllAccessors: .TestExceptionAttribute1
----------------- testing Wed May 30 01:21:24 UTC 2018 /home/travis/build/icyphy/ptII/ptolemy/actor/lib/test/auto/TestExceptionAttribute2.xml
----------------- Instantiating /home/travis/build/icyphy/ptII/ptolemy/actor/lib/test/auto/TestExceptionAttribute2.xml
1 ms. Memory: 1627648K Free: 1124111K (69%)
----------------- Invoking toplevel() on ptolemy.moml.MoMLSimpleApplication@4f0b6996
----------------- Done invoking toplevel() on ptolemy.moml.MoMLSimpleApplication@4f0b6996
reloadAllAccessors: .TestExceptionAttribute2
----------------- testing Wed May 30 01:21:24 UTC 2018 /home/travis/build/icyphy/ptII/ptolemy/actor/lib/test/auto/TestExceptionAttribute3.xml
----------------- Instantiating /home/travis/build/icyphy/ptII/ptolemy/actor/lib/test/auto/TestExceptionAttribute3.xml
.TestExceptionAttribute3.TestExceptionAttribute: initialize() was not invoked, but wrapup() was.  This is unusual, but not always a problem.  For example, exporting JNLP will do this.
1 ms. Memory: 1627648K Free: 1104187K (68%)
----------------- Invoking toplevel() on ptolemy.moml.MoMLSimpleApplication@5d1fdf68
----------------- Done invoking toplevel() on ptolemy.moml.MoMLSimpleApplication@5d1fdf68
reloadAllAccessors: .TestExceptionAttribute3
----------------- testing Wed May 30 01:21:24 UTC 2018 /home/travis/build/icyphy/ptII/ptolemy/actor/lib/test/auto/TestExceptionAttribute4.xml
----------------- Instantiating /home/travis/build/icyphy/ptII/ptolemy/actor/lib/test/auto/TestExceptionAttribute4.xml
.TestExceptionAttribute4.TestExceptionAttribute: initialize() was not invoked, but wrapup() was.  This is unusual, but not always a problem.  For example, exporting JNLP will do this.
.TestExceptionAttribute4.TestExceptionAttribute2: initialize() was not invoked, but wrapup() was.  This is unusual, but not always a problem.  For example, exporting JNLP will do this.
0 ms. Memory: 1627648K Free: 1088950K (67%)
----------------- Invoking toplevel() on ptolemy.moml.MoMLSimpleApplication@511acfd
----------------- Done invoking toplevel() on ptolemy.moml.MoMLSimpleApplication@511acfd
reloadAllAccessors: .TestExceptionAttribute4
----------------- testing Wed May 30 01:21:24 UTC 2018 /home/travis/build/icyphy/ptII/ptolemy/actor/lib/test/auto/TestExceptionHandler1.xml
----------------- Instantiating /home/travis/build/icyphy/ptII/ptolemy/actor/lib/test/auto/TestExceptionHandler1.xml
1 ms. Memory: 1627648K Free: 1069026K (66%)
----------------- Invoking toplevel() on ptolemy.moml.MoMLSimpleApplication@4bb858d2
----------------- Done invoking toplevel() on ptolemy.moml.MoMLSimpleApplication@4bb858d2
reloadAllAccessors: .TestExceptionHandler1
----------------- testing Wed May 30 01:21:24 UTC 2018 /home/travis/build/icyphy/ptII/ptolemy/actor/lib/test/auto/TestExceptionHandler2.xml
----------------- Instantiating /home/travis/build/icyphy/ptII/ptolemy/actor/lib/test/auto/TestExceptionHandler2.xml
1 ms. Memory: 1627648K Free: 1049102K (64%)
----------------- Invoking toplevel() on ptolemy.moml.MoMLSimpleApplication@78be367
----------------- Done invoking toplevel() on ptolemy.moml.MoMLSimpleApplication@78be367
reloadAllAccessors: .TestExceptionHandler2
----------------- testing Wed May 30 01:21:24 UTC 2018 /home/travis/build/icyphy/ptII/ptolemy/actor/lib/test/auto/TestExceptionHandler3.xml
----------------- Instantiating /home/travis/build/icyphy/ptII/ptolemy/actor/lib/test/auto/TestExceptionHandler3.xml
0 ms. Memory: 1627648K Free: 1033865K (64%)
----------------- Invoking toplevel() on ptolemy.moml.MoMLSimpleApplication@2035fd8b
----------------- Done invoking toplevel() on ptolemy.moml.MoMLSimpleApplication@2035fd8b
reloadAllAccessors: .TestExceptionHandler3
----------------- testing Wed May 30 01:21:24 UTC 2018 /home/travis/build/icyphy/ptII/ptolemy/actor/lib/test/auto/TestExceptionHandler4.xml
----------------- Instantiating /home/travis/build/icyphy/ptII/ptolemy/actor/lib/test/auto/TestExceptionHandler4.xml
1 ms. Memory: 1627648K Free: 1013941K (62%)
----------------- Invoking toplevel() on ptolemy.moml.MoMLSimpleApplication@15430463
----------------- Done invoking toplevel() on ptolemy.moml.MoMLSimpleApplication@15430463
reloadAllAccessors: .TestExceptionHandler4
----------------- testing Wed May 30 01:21:24 UTC 2018 /home/travis/build/icyphy/ptII/ptolemy/actor/lib/test/auto/TestRequireCorrectOrder.xml
----------------- Instantiating /home/travis/build/icyphy/ptII/ptolemy/actor/lib/test/auto/TestRequireCorrectOrder.xml
2 ms. Memory: 1627648K Free: 998704K (61%)
----------------- Invoking toplevel() on ptolemy.moml.MoMLSimpleApplication@7d8fae09
----------------- Done invoking toplevel() on ptolemy.moml.MoMLSimpleApplication@7d8fae09
reloadAllAccessors: .TestRequireCorrectOrder
----------------- testing Wed May 30 01:21:24 UTC 2018 /home/travis/build/icyphy/ptII/ptolemy/actor/lib/test/auto/TestSimple.xml
----------------- Instantiating /home/travis/build/icyphy/ptII/ptolemy/actor/lib/test/auto/TestSimple.xml
1 ms. Memory: 1627648K Free: 978780K (60%)
----------------- Invoking toplevel() on ptolemy.moml.MoMLSimpleApplication@407c1295
----------------- Done invoking toplevel() on ptolemy.moml.MoMLSimpleApplication@407c1295
reloadAllAccessors: .TestSimple
----------------- testing Wed May 30 01:21:24 UTC 2018 /home/travis/build/icyphy/ptII/ptolemy/actor/lib/test/auto/ThrowModelError.xml
----------------- Instantiating /home/travis/build/icyphy/ptII/ptolemy/actor/lib/test/auto/ThrowModelError.xml
2 ms. Memory: 1627648K Free: 963543K (59%)
----------------- Invoking toplevel() on ptolemy.moml.MoMLSimpleApplication@bed0940
----------------- Done invoking toplevel() on ptolemy.moml.MoMLSimpleApplication@bed0940
reloadAllAccessors: .ThrowModelError
----------------- testing Wed May 30 01:21:24 UTC 2018 /home/travis/build/icyphy/ptII/ptolemy/actor/lib/test/auto/TimeDelayMicrosteps.xml
----------------- Instantiating /home/travis/build/icyphy/ptII/ptolemy/actor/lib/test/auto/TimeDelayMicrosteps.xml
2 ms. Memory: 1627648K Free: 943619K (58%)
----------------- Invoking toplevel() on ptolemy.moml.MoMLSimpleApplication@5f4c8bc9
----------------- Done invoking toplevel() on ptolemy.moml.MoMLSimpleApplication@5f4c8bc9
reloadAllAccessors: .TimeDelayMicrosteps
----------------- testing Wed May 30 01:21:24 UTC 2018 /home/travis/build/icyphy/ptII/ptolemy/actor/lib/test/auto/TimeDelayMicrosteps2.xml
----------------- Instantiating /home/travis/build/icyphy/ptII/ptolemy/actor/lib/test/auto/TimeDelayMicrosteps2.xml
3 ms. Memory: 1627648K Free: 928382K (57%)
----------------- Invoking toplevel() on ptolemy.moml.MoMLSimpleApplication@4a1def07
----------------- Done invoking toplevel() on ptolemy.moml.MoMLSimpleApplication@4a1def07
reloadAllAccessors: .TimeDelayMicrosteps2
----------------- testing Wed May 30 01:21:24 UTC 2018 /home/travis/build/icyphy/ptII/ptolemy/actor/lib/test/auto/TimeDelayMicrosteps3.xml
----------------- Instantiating /home/travis/build/icyphy/ptII/ptolemy/actor/lib/test/auto/TimeDelayMicrosteps3.xml
3 ms. Memory: 1627648K Free: 908458K (56%)
----------------- Invoking toplevel() on ptolemy.moml.MoMLSimpleApplication@6e8137c3
----------------- Done invoking toplevel() on ptolemy.moml.MoMLSimpleApplication@6e8137c3
reloadAllAccessors: .TimeDelayMicrosteps3
----------------- testing Wed May 30 01:21:24 UTC 2018 /home/travis/build/icyphy/ptII/ptolemy/actor/lib/test/auto/TimeDelayVariableMicrosteps.xml
----------------- Instantiating /home/travis/build/icyphy/ptII/ptolemy/actor/lib/test/auto/TimeDelayVariableMicrosteps.xml
2 ms. Memory: 1627648K Free: 893221K (55%)
----------------- Invoking toplevel() on ptolemy.moml.MoMLSimpleApplication@3c831577
----------------- Done invoking toplevel() on ptolemy.moml.MoMLSimpleApplication@3c831577
reloadAllAccessors: .TimeDelayVariableMicrosteps
----------------- testing Wed May 30 01:21:24 UTC 2018 /home/travis/build/icyphy/ptII/ptolemy/actor/lib/test/auto/TimeGap.xml
----------------- Instantiating /home/travis/build/icyphy/ptII/ptolemy/actor/lib/test/auto/TimeGap.xml
3 ms. Memory: 1627648K Free: 873297K (54%)
----------------- Invoking toplevel() on ptolemy.moml.MoMLSimpleApplication@1bfc1187
----------------- Done invoking toplevel() on ptolemy.moml.MoMLSimpleApplication@1bfc1187
reloadAllAccessors: .TimeGap
----------------- testing Wed May 30 01:21:24 UTC 2018 /home/travis/build/icyphy/ptII/ptolemy/actor/lib/test/auto/TimeGap2.xml
----------------- Instantiating /home/travis/build/icyphy/ptII/ptolemy/actor/lib/test/auto/TimeGap2.xml
1 ms. Memory: 1627648K Free: 858060K (53%)
----------------- Invoking toplevel() on ptolemy.moml.MoMLSimpleApplication@783ea270
----------------- Done invoking toplevel() on ptolemy.moml.MoMLSimpleApplication@783ea270
reloadAllAccessors: .TimeGap2
----------------- testing Wed May 30 01:21:24 UTC 2018 /home/travis/build/icyphy/ptII/ptolemy/actor/lib/test/auto/TimedSinewave.xml
----------------- Instantiating /home/travis/build/icyphy/ptII/ptolemy/actor/lib/test/auto/TimedSinewave.xml
14 ms. Memory: 1627648K Free: 830517K (51%)
----------------- Invoking toplevel() on ptolemy.moml.MoMLSimpleApplication@18b0d21d
----------------- Done invoking toplevel() on ptolemy.moml.MoMLSimpleApplication@18b0d21d
reloadAllAccessors: .TimedSinewave
----------------- testing Wed May 30 01:21:24 UTC 2018 /home/travis/build/icyphy/ptII/ptolemy/actor/lib/test/auto/TimedSinewavePhase.xml
----------------- Instantiating /home/travis/build/icyphy/ptII/ptolemy/actor/lib/test/auto/TimedSinewavePhase.xml
10 ms. Memory: 1627648K Free: 810593K (50%)
----------------- Invoking toplevel() on ptolemy.moml.MoMLSimpleApplication@6d542fef
----------------- Done invoking toplevel() on ptolemy.moml.MoMLSimpleApplication@6d542fef
reloadAllAccessors: .TimedSinewavePhase
----------------- testing Wed May 30 01:21:24 UTC 2018 /home/travis/build/icyphy/ptII/ptolemy/actor/lib/test/auto/Timer.xml
----------------- Instantiating /home/travis/build/icyphy/ptII/ptolemy/actor/lib/test/auto/Timer.xml
2 ms. Memory: 1627648K Free: 795356K (49%)
----------------- Invoking toplevel() on ptolemy.moml.MoMLSimpleApplication@5451b54
----------------- Done invoking toplevel() on ptolemy.moml.MoMLSimpleApplication@5451b54
reloadAllAccessors: .Timer
----------------- testing Wed May 30 01:21:24 UTC 2018 /home/travis/build/icyphy/ptII/ptolemy/actor/lib/test/auto/TriangularDistTestModel.xml
----------------- Instantiating /home/travis/build/icyphy/ptII/ptolemy/actor/lib/test/auto/TriangularDistTestModel.xml
2 ms. Memory: 1627648K Free: 775432K (48%)
----------------- Invoking toplevel() on ptolemy.moml.MoMLSimpleApplication@24dc2494
----------------- Done invoking toplevel() on ptolemy.moml.MoMLSimpleApplication@24dc2494
reloadAllAccessors: .TriangularDistTestModel
----------------- testing Wed May 30 01:21:24 UTC 2018 /home/travis/build/icyphy/ptII/ptolemy/actor/lib/test/auto/TrigFunction.xml
----------------- Instantiating /home/travis/build/icyphy/ptII/ptolemy/actor/lib/test/auto/TrigFunction.xml
2 ms. Memory: 1627648K Free: 760195K (47%)
----------------- Invoking toplevel() on ptolemy.moml.MoMLSimpleApplication@45ac18a7
----------------- Done invoking toplevel() on ptolemy.moml.MoMLSimpleApplication@45ac18a7
reloadAllAccessors: .TrigFunction
----------------- testing Wed May 30 01:21:24 UTC 2018 /home/travis/build/icyphy/ptII/ptolemy/actor/lib/test/auto/TrigFunctionDE.xml
----------------- Instantiating /home/travis/build/icyphy/ptII/ptolemy/actor/lib/test/auto/TrigFunctionDE.xml
2 ms. Memory: 1627648K Free: 740271K (45%)
----------------- Invoking toplevel() on ptolemy.moml.MoMLSimpleApplication@6bab3ec6
----------------- Done invoking toplevel() on ptolemy.moml.MoMLSimpleApplication@6bab3ec6
reloadAllAccessors: .TrigFunctionDE
----------------- testing Wed May 30 01:21:24 UTC 2018 /home/travis/build/icyphy/ptII/ptolemy/actor/lib/test/auto/TrigFunctionInverse.xml
----------------- Instantiating /home/travis/build/icyphy/ptII/ptolemy/actor/lib/test/auto/TrigFunctionInverse.xml
2 ms. Memory: 1627648K Free: 725034K (45%)
----------------- Invoking toplevel() on ptolemy.moml.MoMLSimpleApplication@77a33b4f
----------------- Done invoking toplevel() on ptolemy.moml.MoMLSimpleApplication@77a33b4f
reloadAllAccessors: .TrigFunctionInverse
----------------- testing Wed May 30 01:21:24 UTC 2018 /home/travis/build/icyphy/ptII/ptolemy/actor/lib/test/auto/TrigFunctionTan.xml
----------------- Instantiating /home/travis/build/icyphy/ptII/ptolemy/actor/lib/test/auto/TrigFunctionTan.xml
2 ms. Memory: 1627648K Free: 705110K (43%)
----------------- Invoking toplevel() on ptolemy.moml.MoMLSimpleApplication@311d39de
----------------- Done invoking toplevel() on ptolemy.moml.MoMLSimpleApplication@311d39de
reloadAllAccessors: .TrigFunctionTan
----------------- testing Wed May 30 01:21:24 UTC 2018 /home/travis/build/icyphy/ptII/ptolemy/actor/lib/test/auto/TriggeredClock.xml
----------------- Instantiating /home/travis/build/icyphy/ptII/ptolemy/actor/lib/test/auto/TriggeredClock.xml
1 ms. Memory: 1627648K Free: 689873K (42%)
----------------- Invoking toplevel() on ptolemy.moml.MoMLSimpleApplication@5e3ed8d4
----------------- Done invoking toplevel() on ptolemy.moml.MoMLSimpleApplication@5e3ed8d4
reloadAllAccessors: .TriggeredClock
----------------- testing Wed May 30 01:21:24 UTC 2018 /home/travis/build/icyphy/ptII/ptolemy/actor/lib/test/auto/URLDirectoryReader.xml
----------------- Instantiating /home/travis/build/icyphy/ptII/ptolemy/actor/lib/test/auto/URLDirectoryReader.xml
48 ms. Memory: 1627648K Free: 669949K (41%)
----------------- Invoking toplevel() on ptolemy.moml.MoMLSimpleApplication@d4b0c7
----------------- Done invoking toplevel() on ptolemy.moml.MoMLSimpleApplication@d4b0c7
reloadAllAccessors: .URLDirectoryReader
----------------- testing Wed May 30 01:21:24 UTC 2018 /home/travis/build/icyphy/ptII/ptolemy/actor/lib/test/auto/URLDirectoryReader3.xml
----------------- Instantiating /home/travis/build/icyphy/ptII/ptolemy/actor/lib/test/auto/URLDirectoryReader3.xml
----------------- testing Wed May 30 01:23:32 UTC 2018 /home/travis/build/icyphy/ptII/ptolemy/actor/lib/test/auto/UnaryMathFunction.xml
----------------- Instantiating /home/travis/build/icyphy/ptII/ptolemy/actor/lib/test/auto/UnaryMathFunction.xml
2 ms. Memory: 1627648K Free: 642406K (39%)
----------------- Invoking toplevel() on ptolemy.moml.MoMLSimpleApplication@48d808c9
----------------- Done invoking toplevel() on ptolemy.moml.MoMLSimpleApplication@48d808c9
reloadAllAccessors: .UnaryMathFunction
----------------- testing Wed May 30 01:23:32 UTC 2018 /home/travis/build/icyphy/ptII/ptolemy/actor/lib/test/auto/Uniform.xml
----------------- Instantiating /home/travis/build/icyphy/ptII/ptolemy/actor/lib/test/auto/Uniform.xml
1 ms. Memory: 1627648K Free: 622482K (38%)
----------------- Invoking toplevel() on ptolemy.moml.MoMLSimpleApplication@429721a1
----------------- Done invoking toplevel() on ptolemy.moml.MoMLSimpleApplication@429721a1
reloadAllAccessors: .Uniform
----------------- testing Wed May 30 01:23:32 UTC 2018 /home/travis/build/icyphy/ptII/ptolemy/actor/lib/test/auto/UnionDisassemblerTest.xml
----------------- Instantiating /home/travis/build/icyphy/ptII/ptolemy/actor/lib/test/auto/UnionDisassemblerTest.xml
7 ms. Memory: 1627648K Free: 607245K (37%)
----------------- Invoking toplevel() on ptolemy.moml.MoMLSimpleApplication@6fd37b24
----------------- Done invoking toplevel() on ptolemy.moml.MoMLSimpleApplication@6fd37b24
reloadAllAccessors: .UnionDisassemblerTest
----------------- testing Wed May 30 01:23:32 UTC 2018 /home/travis/build/icyphy/ptII/ptolemy/actor/lib/test/auto/UtilityFunctions.xml
----------------- Instantiating /home/travis/build/icyphy/ptII/ptolemy/actor/lib/test/auto/UtilityFunctions.xml
1 ms. Memory: 1627648K Free: 587321K (36%)
----------------- Invoking toplevel() on ptolemy.moml.MoMLSimpleApplication@297d7832
----------------- Done invoking toplevel() on ptolemy.moml.MoMLSimpleApplication@297d7832
reloadAllAccessors: .UtilityFunctions
----------------- testing Wed May 30 01:23:32 UTC 2018 /home/travis/build/icyphy/ptII/ptolemy/actor/lib/test/auto/VariableSleep.xml
----------------- Instantiating /home/travis/build/icyphy/ptII/ptolemy/actor/lib/test/auto/VariableSleep.xml
502 ms. Memory: 1627648K Free: 572084K (35%)
----------------- Invoking toplevel() on ptolemy.moml.MoMLSimpleApplication@356bad34
----------------- Done invoking toplevel() on ptolemy.moml.MoMLSimpleApplication@356bad34
reloadAllAccessors: .VariableSleep
----------------- testing Wed May 30 01:23:32 UTC 2018 /home/travis/build/icyphy/ptII/ptolemy/actor/lib/test/auto/VectorAssemblerDisassemblerCT.xml
----------------- Instantiating /home/travis/build/icyphy/ptII/ptolemy/actor/lib/test/auto/VectorAssemblerDisassemblerCT.xml
42 ms. Memory: 1627648K Free: 536891K (33%)
----------------- Invoking toplevel() on ptolemy.moml.MoMLSimpleApplication@21959f09
----------------- Done invoking toplevel() on ptolemy.moml.MoMLSimpleApplication@21959f09
reloadAllAccessors: .VectorAssemblerDisassemblerCT
----------------- testing Wed May 30 01:23:32 UTC 2018 /home/travis/build/icyphy/ptII/ptolemy/actor/lib/test/auto/VectorAssemblerDisassemblerDE.xml
----------------- Instantiating /home/travis/build/icyphy/ptII/ptolemy/actor/lib/test/auto/VectorAssemblerDisassemblerDE.xml
2 ms. Memory: 1627648K Free: 521654K (32%)
----------------- Invoking toplevel() on ptolemy.moml.MoMLSimpleApplication@8991448
----------------- Done invoking toplevel() on ptolemy.moml.MoMLSimpleApplication@8991448
reloadAllAccessors: .VectorAssemblerDisassemblerDE
----------------- testing Wed May 30 01:23:32 UTC 2018 /home/travis/build/icyphy/ptII/ptolemy/actor/lib/test/auto/VectorAssemblerDisassemblerSDF.xml
----------------- Instantiating /home/travis/build/icyphy/ptII/ptolemy/actor/lib/test/auto/VectorAssemblerDisassemblerSDF.xml
2 ms. Memory: 1627648K Free: 501730K (31%)
----------------- Invoking toplevel() on ptolemy.moml.MoMLSimpleApplication@2357225
----------------- Done invoking toplevel() on ptolemy.moml.MoMLSimpleApplication@2357225
reloadAllAccessors: .VectorAssemblerDisassemblerSDF
----------------- testing Wed May 30 01:23:32 UTC 2018 /home/travis/build/icyphy/ptII/ptolemy/actor/lib/test/auto/WallClockTime.xml
----------------- Instantiating /home/travis/build/icyphy/ptII/ptolemy/actor/lib/test/auto/WallClockTime.xml
1005 ms. Memory: 1627648K Free: 486493K (30%)
----------------- Invoking toplevel() on ptolemy.moml.MoMLSimpleApplication@3d4396b7
----------------- Done invoking toplevel() on ptolemy.moml.MoMLSimpleApplication@3d4396b7
reloadAllAccessors: .WallClockTime
----------------- testing Wed May 30 01:23:33 UTC 2018 /home/travis/build/icyphy/ptII/ptolemy/actor/lib/test/auto/WidthTestWithSubscriberPublisher.xml
----------------- Instantiating /home/travis/build/icyphy/ptII/ptolemy/actor/lib/test/auto/WidthTestWithSubscriberPublisher.xml
4 ms. Memory: 1627648K Free: 451300K (28%)
----------------- Invoking toplevel() on ptolemy.moml.MoMLSimpleApplication@64ba8830
----------------- Done invoking toplevel() on ptolemy.moml.MoMLSimpleApplication@64ba8830
reloadAllAccessors: .WidthTestWithSubscriberPublisher
----------------- testing Wed May 30 01:23:33 UTC 2018 /home/travis/build/icyphy/ptII/ptolemy/actor/lib/test/auto/WidthTestWithSubscriberPublisher2.xml
----------------- Instantiating /home/travis/build/icyphy/ptII/ptolemy/actor/lib/test/auto/WidthTestWithSubscriberPublisher2.xml
2 ms. Memory: 1627648K Free: 431376K (27%)
----------------- Invoking toplevel() on ptolemy.moml.MoMLSimpleApplication@4a4bb8bf
----------------- Done invoking toplevel() on ptolemy.moml.MoMLSimpleApplication@4a4bb8bf
reloadAllAccessors: .WidthTestWithSubscriberPublisher2
----------------- testing Wed May 30 01:23:33 UTC 2018 /home/travis/build/icyphy/ptII/ptolemy/actor/lib/test/auto/WidthTestWithSubscriberPublisher3.xml
----------------- Instantiating /home/travis/build/icyphy/ptII/ptolemy/actor/lib/test/auto/WidthTestWithSubscriberPublisher3.xml
2 ms. Memory: 1627648K Free: 416139K (26%)
----------------- Invoking toplevel() on ptolemy.moml.MoMLSimpleApplication@65ab60ed
----------------- Done invoking toplevel() on ptolemy.moml.MoMLSimpleApplication@65ab60ed
reloadAllAccessors: .WidthTestWithSubscriberPublisher3
----------------- testing Wed May 30 01:23:33 UTC 2018 /home/travis/build/icyphy/ptII/ptolemy/actor/lib/test/auto/Writer.xml
----------------- Instantiating /home/travis/build/icyphy/ptII/ptolemy/actor/lib/test/auto/Writer.xml
0
1
2
3
4
1 ms. Memory: 1627648K Free: 396215K (24%)
----------------- Invoking toplevel() on ptolemy.moml.MoMLSimpleApplication@5c3035cc
----------------- Done invoking toplevel() on ptolemy.moml.MoMLSimpleApplication@5c3035cc
reloadAllAccessors: .Writer
----------------- testing Wed May 30 01:23:33 UTC 2018 /home/travis/build/icyphy/ptII/ptolemy/actor/lib/test/auto/array.xml
----------------- Instantiating /home/travis/build/icyphy/ptII/ptolemy/actor/lib/test/auto/array.xml
1 ms. Memory: 1627648K Free: 380978K (23%)
----------------- Invoking toplevel() on ptolemy.moml.MoMLSimpleApplication@452ce5c2
----------------- Done invoking toplevel() on ptolemy.moml.MoMLSimpleApplication@452ce5c2
reloadAllAccessors: .array
----------------- testing Wed May 30 01:23:33 UTC 2018 /home/travis/build/icyphy/ptII/ptolemy/actor/lib/test/auto/array2.xml
----------------- Instantiating /home/travis/build/icyphy/ptII/ptolemy/actor/lib/test/auto/array2.xml
1 ms. Memory: 1627648K Free: 361054K (22%)
----------------- Invoking toplevel() on ptolemy.moml.MoMLSimpleApplication@4720fadc
----------------- Done invoking toplevel() on ptolemy.moml.MoMLSimpleApplication@4720fadc
reloadAllAccessors: .array2
----------------- testing Wed May 30 01:23:33 UTC 2018 /home/travis/build/icyphy/ptII/ptolemy/actor/lib/test/auto/arrayType.xml
----------------- Instantiating /home/travis/build/icyphy/ptII/ptolemy/actor/lib/test/auto/arrayType.xml
1 ms. Memory: 1627648K Free: 345817K (21%)
----------------- Invoking toplevel() on ptolemy.moml.MoMLSimpleApplication@724d7209
----------------- Done invoking toplevel() on ptolemy.moml.MoMLSimpleApplication@724d7209
reloadAllAccessors: .arrayType
----------------- testing Wed May 30 01:23:33 UTC 2018 /home/travis/build/icyphy/ptII/ptolemy/actor/lib/test/auto/arrayType10.xml
----------------- Instantiating /home/travis/build/icyphy/ptII/ptolemy/actor/lib/test/auto/arrayType10.xml
1 ms. Memory: 1627648K Free: 325893K (20%)
----------------- Invoking toplevel() on ptolemy.moml.MoMLSimpleApplication@701117de
----------------- Done invoking toplevel() on ptolemy.moml.MoMLSimpleApplication@701117de
reloadAllAccessors: .arrayType10
----------------- testing Wed May 30 01:23:33 UTC 2018 /home/travis/build/icyphy/ptII/ptolemy/actor/lib/test/auto/arrayType11.xml
----------------- Instantiating /home/travis/build/icyphy/ptII/ptolemy/actor/lib/test/auto/arrayType11.xml
1 ms. Memory: 1627648K Free: 310656K (19%)
----------------- Invoking toplevel() on ptolemy.moml.MoMLSimpleApplication@db07008
----------------- Done invoking toplevel() on ptolemy.moml.MoMLSimpleApplication@db07008
reloadAllAccessors: .arrayType11
----------------- testing Wed May 30 01:23:33 UTC 2018 /home/travis/build/icyphy/ptII/ptolemy/actor/lib/test/auto/arrayType12.xml
----------------- Instantiating /home/travis/build/icyphy/ptII/ptolemy/actor/lib/test/auto/arrayType12.xml
1 ms. Memory: 1627648K Free: 290732K (18%)
----------------- Invoking toplevel() on ptolemy.moml.MoMLSimpleApplication@2429aca1
----------------- Done invoking toplevel() on ptolemy.moml.MoMLSimpleApplication@2429aca1
reloadAllAccessors: .arrayType12
----------------- testing Wed May 30 01:23:33 UTC 2018 /home/travis/build/icyphy/ptII/ptolemy/actor/lib/test/auto/arrayType13.xml
----------------- Instantiating /home/travis/build/icyphy/ptII/ptolemy/actor/lib/test/auto/arrayType13.xml
1 ms. Memory: 1627648K Free: 275494K (17%)
----------------- Invoking toplevel() on ptolemy.moml.MoMLSimpleApplication@4579832f
----------------- Done invoking toplevel() on ptolemy.moml.MoMLSimpleApplication@4579832f
reloadAllAccessors: .arrayType13
----------------- testing Wed May 30 01:23:33 UTC 2018 /home/travis/build/icyphy/ptII/ptolemy/actor/lib/test/auto/arrayType14.xml
----------------- Instantiating /home/travis/build/icyphy/ptII/ptolemy/actor/lib/test/auto/arrayType14.xml
2 ms. Memory: 1627648K Free: 255570K (16%)
----------------- Invoking toplevel() on ptolemy.moml.MoMLSimpleApplication@59b3ef10
----------------- Done invoking toplevel() on ptolemy.moml.MoMLSimpleApplication@59b3ef10
reloadAllAccessors: .arrayType14
----------------- testing Wed May 30 01:23:33 UTC 2018 /home/travis/build/icyphy/ptII/ptolemy/actor/lib/test/auto/arrayType15.xml
----------------- Instantiating /home/travis/build/icyphy/ptII/ptolemy/actor/lib/test/auto/arrayType15.xml
1 ms. Memory: 1627648K Free: 235647K (14%)
----------------- Invoking toplevel() on ptolemy.moml.MoMLSimpleApplication@a1357ba
----------------- Done invoking toplevel() on ptolemy.moml.MoMLSimpleApplication@a1357ba
reloadAllAccessors: .arrayType15
----------------- testing Wed May 30 01:23:33 UTC 2018 /home/travis/build/icyphy/ptII/ptolemy/actor/lib/test/auto/arrayType16.xml
----------------- Instantiating /home/travis/build/icyphy/ptII/ptolemy/actor/lib/test/auto/arrayType16.xml
1 ms. Memory: 1627648K Free: 220409K (14%)
----------------- Invoking toplevel() on ptolemy.moml.MoMLSimpleApplication@2bac6041
----------------- Done invoking toplevel() on ptolemy.moml.MoMLSimpleApplication@2bac6041
reloadAllAccessors: .arrayType16
----------------- testing Wed May 30 01:23:33 UTC 2018 /home/travis/build/icyphy/ptII/ptolemy/actor/lib/test/auto/arrayType17.xml
----------------- Instantiating /home/travis/build/icyphy/ptII/ptolemy/actor/lib/test/auto/arrayType17.xml
1 ms. Memory: 1627648K Free: 200486K (12%)
----------------- Invoking toplevel() on ptolemy.moml.MoMLSimpleApplication@aab090e
----------------- Done invoking toplevel() on ptolemy.moml.MoMLSimpleApplication@aab090e
reloadAllAccessors: .arrayType17
----------------- testing Wed May 30 01:23:33 UTC 2018 /home/travis/build/icyphy/ptII/ptolemy/actor/lib/test/auto/arrayType18.xml
----------------- Instantiating /home/travis/build/icyphy/ptII/ptolemy/actor/lib/test/auto/arrayType18.xml
1 ms. Memory: 1627648K Free: 185249K (11%)
----------------- Invoking toplevel() on ptolemy.moml.MoMLSimpleApplication@24d1d929
----------------- Done invoking toplevel() on ptolemy.moml.MoMLSimpleApplication@24d1d929
reloadAllAccessors: .arrayType18
----------------- testing Wed May 30 01:23:33 UTC 2018 /home/travis/build/icyphy/ptII/ptolemy/actor/lib/test/auto/arrayType19.xml
----------------- Instantiating /home/travis/build/icyphy/ptII/ptolemy/actor/lib/test/auto/arrayType19.xml
1 ms. Memory: 1627648K Free: 165324K (10%)
----------------- Invoking toplevel() on ptolemy.moml.MoMLSimpleApplication@52be79a0
----------------- Done invoking toplevel() on ptolemy.moml.MoMLSimpleApplication@52be79a0
reloadAllAccessors: .arrayType19
----------------- testing Wed May 30 01:23:33 UTC 2018 /home/travis/build/icyphy/ptII/ptolemy/actor/lib/test/auto/arrayType2.xml
----------------- Instantiating /home/travis/build/icyphy/ptII/ptolemy/actor/lib/test/auto/arrayType2.xml
2 ms. Memory: 1627648K Free: 150087K (9%)
----------------- Invoking toplevel() on ptolemy.moml.MoMLSimpleApplication@4b59f3a6
----------------- Done invoking toplevel() on ptolemy.moml.MoMLSimpleApplication@4b59f3a6
reloadAllAccessors: .arrayType2
----------------- testing Wed May 30 01:23:33 UTC 2018 /home/travis/build/icyphy/ptII/ptolemy/actor/lib/test/auto/arrayType20.xml
----------------- Instantiating /home/travis/build/icyphy/ptII/ptolemy/actor/lib/test/auto/arrayType20.xml
1 ms. Memory: 1627648K Free: 130163K (8%)
----------------- Invoking toplevel() on ptolemy.moml.MoMLSimpleApplication@337584af
----------------- Done invoking toplevel() on ptolemy.moml.MoMLSimpleApplication@337584af
reloadAllAccessors: .arrayType20
----------------- testing Wed May 30 01:23:33 UTC 2018 /home/travis/build/icyphy/ptII/ptolemy/actor/lib/test/auto/arrayType21.xml
----------------- Instantiating /home/travis/build/icyphy/ptII/ptolemy/actor/lib/test/auto/arrayType21.xml
1 ms. Memory: 1627648K Free: 114926K (7%)
----------------- Invoking toplevel() on ptolemy.moml.MoMLSimpleApplication@937d152
----------------- Done invoking toplevel() on ptolemy.moml.MoMLSimpleApplication@937d152
reloadAllAccessors: .arrayType21
----------------- testing Wed May 30 01:23:33 UTC 2018 /home/travis/build/icyphy/ptII/ptolemy/actor/lib/test/auto/arrayType22.xml
----------------- Instantiating /home/travis/build/icyphy/ptII/ptolemy/actor/lib/test/auto/arrayType22.xml
1 ms. Memory: 1627648K Free: 95002K (6%)
----------------- Invoking toplevel() on ptolemy.moml.MoMLSimpleApplication@7cfc5e2a
----------------- Done invoking toplevel() on ptolemy.moml.MoMLSimpleApplication@7cfc5e2a
reloadAllAccessors: .arrayType22
----------------- testing Wed May 30 01:23:33 UTC 2018 /home/travis/build/icyphy/ptII/ptolemy/actor/lib/test/auto/arrayType23.xml
----------------- Instantiating /home/travis/build/icyphy/ptII/ptolemy/actor/lib/test/auto/arrayType23.xml
2 ms. Memory: 1627648K Free: 79765K (5%)
----------------- Invoking toplevel() on ptolemy.moml.MoMLSimpleApplication@37952ab
----------------- Done invoking toplevel() on ptolemy.moml.MoMLSimpleApplication@37952ab
reloadAllAccessors: .arrayType23
----------------- testing Wed May 30 01:23:33 UTC 2018 /home/travis/build/icyphy/ptII/ptolemy/actor/lib/test/auto/arrayType24.xml
----------------- Instantiating /home/travis/build/icyphy/ptII/ptolemy/actor/lib/test/auto/arrayType24.xml
3 ms. Memory: 1627648K Free: 64278K (4%)
----------------- Invoking toplevel() on ptolemy.moml.MoMLSimpleApplication@5868667e
----------------- Done invoking toplevel() on ptolemy.moml.MoMLSimpleApplication@5868667e
reloadAllAccessors: .arrayType24
----------------- testing Wed May 30 01:23:33 UTC 2018 /home/travis/build/icyphy/ptII/ptolemy/actor/lib/test/auto/arrayType25.xml
----------------- Instantiating /home/travis/build/icyphy/ptII/ptolemy/actor/lib/test/auto/arrayType25.xml
1 ms. Memory: 1643520K Free: 1578519K (96%)
----------------- Invoking toplevel() on ptolemy.moml.MoMLSimpleApplication@796d3aa8
----------------- Done invoking toplevel() on ptolemy.moml.MoMLSimpleApplication@796d3aa8
reloadAllAccessors: .arrayType25
----------------- testing Wed May 30 01:23:33 UTC 2018 /home/travis/build/icyphy/ptII/ptolemy/actor/lib/test/auto/arrayType26.xml
----------------- Instantiating /home/travis/build/icyphy/ptII/ptolemy/actor/lib/test/auto/arrayType26.xml
1 ms. Memory: 1643520K Free: 1558203K (95%)
----------------- Invoking toplevel() on ptolemy.moml.MoMLSimpleApplication@39a17053
----------------- Done invoking toplevel() on ptolemy.moml.MoMLSimpleApplication@39a17053
reloadAllAccessors: .arrayType26
----------------- testing Wed May 30 01:23:34 UTC 2018 /home/travis/build/icyphy/ptII/ptolemy/actor/lib/test/auto/arrayType27.xml
----------------- Instantiating /home/travis/build/icyphy/ptII/ptolemy/actor/lib/test/auto/arrayType27.xml
1 ms. Memory: 1643520K Free: 1533384K (93%)
----------------- Invoking toplevel() on ptolemy.moml.MoMLSimpleApplication@5dfea8e2
----------------- Done invoking toplevel() on ptolemy.moml.MoMLSimpleApplication@5dfea8e2
reloadAllAccessors: .arrayType27
----------------- testing Wed May 30 01:23:34 UTC 2018 /home/travis/build/icyphy/ptII/ptolemy/actor/lib/test/auto/arrayType28.xml
----------------- Instantiating /home/travis/build/icyphy/ptII/ptolemy/actor/lib/test/auto/arrayType28.xml
1 ms. Memory: 1643520K Free: 1513068K (92%)
----------------- Invoking toplevel() on ptolemy.moml.MoMLSimpleApplication@5e1a3e3a
----------------- Done invoking toplevel() on ptolemy.moml.MoMLSimpleApplication@5e1a3e3a
reloadAllAccessors: .arrayType28
----------------- testing Wed May 30 01:23:34 UTC 2018 /home/travis/build/icyphy/ptII/ptolemy/actor/lib/test/auto/arrayType3.xml
----------------- Instantiating /home/travis/build/icyphy/ptII/ptolemy/actor/lib/test/auto/arrayType3.xml
1 ms. Memory: 1643520K Free: 1488248K (91%)
----------------- Invoking toplevel() on ptolemy.moml.MoMLSimpleApplication@7e2b828
----------------- Done invoking toplevel() on ptolemy.moml.MoMLSimpleApplication@7e2b828
reloadAllAccessors: .arrayType3
----------------- testing Wed May 30 01:23:34 UTC 2018 /home/travis/build/icyphy/ptII/ptolemy/actor/lib/test/auto/arrayType4.xml
----------------- Instantiating /home/travis/build/icyphy/ptII/ptolemy/actor/lib/test/auto/arrayType4.xml
1 ms. Memory: 1643520K Free: 1467932K (89%)
----------------- Invoking toplevel() on ptolemy.moml.MoMLSimpleApplication@256384d6
----------------- Done invoking toplevel() on ptolemy.moml.MoMLSimpleApplication@256384d6
reloadAllAccessors: .arrayType4
----------------- testing Wed May 30 01:23:34 UTC 2018 /home/travis/build/icyphy/ptII/ptolemy/actor/lib/test/auto/arrayType5.xml
----------------- Instantiating /home/travis/build/icyphy/ptII/ptolemy/actor/lib/test/auto/arrayType5.xml
1 ms. Memory: 1643520K Free: 1443113K (88%)
----------------- Invoking toplevel() on ptolemy.moml.MoMLSimpleApplication@2b6ceca4
----------------- Done invoking toplevel() on ptolemy.moml.MoMLSimpleApplication@2b6ceca4
reloadAllAccessors: .arrayType5
----------------- testing Wed May 30 01:23:34 UTC 2018 /home/travis/build/icyphy/ptII/ptolemy/actor/lib/test/auto/arrayType6.xml
----------------- Instantiating /home/travis/build/icyphy/ptII/ptolemy/actor/lib/test/auto/arrayType6.xml
1 ms. Memory: 1643520K Free: 1418294K (86%)
----------------- Invoking toplevel() on ptolemy.moml.MoMLSimpleApplication@3f53c289
----------------- Done invoking toplevel() on ptolemy.moml.MoMLSimpleApplication@3f53c289
reloadAllAccessors: .arrayType6
----------------- testing Wed May 30 01:23:34 UTC 2018 /home/travis/build/icyphy/ptII/ptolemy/actor/lib/test/auto/arrayType7.xml
----------------- Instantiating /home/travis/build/icyphy/ptII/ptolemy/actor/lib/test/auto/arrayType7.xml
1 ms. Memory: 1643520K Free: 1397978K (85%)
----------------- Invoking toplevel() on ptolemy.moml.MoMLSimpleApplication@53c42b89
----------------- Done invoking toplevel() on ptolemy.moml.MoMLSimpleApplication@53c42b89
reloadAllAccessors: .arrayType7
----------------- testing Wed May 30 01:23:34 UTC 2018 /home/travis/build/icyphy/ptII/ptolemy/actor/lib/test/auto/arrayType8.xml
----------------- Instantiating /home/travis/build/icyphy/ptII/ptolemy/actor/lib/test/auto/arrayType8.xml
1 ms. Memory: 1643520K Free: 1373159K (84%)
----------------- Invoking toplevel() on ptolemy.moml.MoMLSimpleApplication@5838749a
----------------- Done invoking toplevel() on ptolemy.moml.MoMLSimpleApplication@5838749a
reloadAllAccessors: .arrayType8
----------------- testing Wed May 30 01:23:34 UTC 2018 /home/travis/build/icyphy/ptII/ptolemy/actor/lib/test/auto/arrayType9.xml
----------------- Instantiating /home/travis/build/icyphy/ptII/ptolemy/actor/lib/test/auto/arrayType9.xml
2 ms. Memory: 1643520K Free: 1352843K (82%)
----------------- Invoking toplevel() on ptolemy.moml.MoMLSimpleApplication@603e031c
----------------- Done invoking toplevel() on ptolemy.moml.MoMLSimpleApplication@603e031c
reloadAllAccessors: .arrayType9
----------------- testing Wed May 30 01:23:34 UTC 2018 /home/travis/build/icyphy/ptII/ptolemy/actor/lib/test/auto/cast.xml
----------------- Instantiating /home/travis/build/icyphy/ptII/ptolemy/actor/lib/test/auto/cast.xml
1 ms. Memory: 1643520K Free: 1328024K (81%)
----------------- Invoking toplevel() on ptolemy.moml.MoMLSimpleApplication@12649db0
----------------- Done invoking toplevel() on ptolemy.moml.MoMLSimpleApplication@12649db0
reloadAllAccessors: .cast
----------------- testing Wed May 30 01:23:34 UTC 2018 /home/travis/build/icyphy/ptII/ptolemy/actor/lib/test/auto/compositeMultiPort.xml
----------------- Instantiating /home/travis/build/icyphy/ptII/ptolemy/actor/lib/test/auto/compositeMultiPort.xml
3 ms. Memory: 1643520K Free: 1307708K (80%)
----------------- Invoking toplevel() on ptolemy.moml.MoMLSimpleApplication@498a12e2
----------------- Done invoking toplevel() on ptolemy.moml.MoMLSimpleApplication@498a12e2
reloadAllAccessors: .compositeMultiPort
----------------- testing Wed May 30 01:23:34 UTC 2018 /home/travis/build/icyphy/ptII/ptolemy/actor/lib/test/auto/expressionCastInference.xml
----------------- Instantiating /home/travis/build/icyphy/ptII/ptolemy/actor/lib/test/auto/expressionCastInference.xml
1 ms. Memory: 1643520K Free: 1282889K (78%)
----------------- Invoking toplevel() on ptolemy.moml.MoMLSimpleApplication@7db287cc
----------------- Done invoking toplevel() on ptolemy.moml.MoMLSimpleApplication@7db287cc
reloadAllAccessors: .expressionCastInference
----------------- testing Wed May 30 01:23:34 UTC 2018 /home/travis/build/icyphy/ptII/ptolemy/actor/lib/test/auto/expressionCastInference2.xml
----------------- Instantiating /home/travis/build/icyphy/ptII/ptolemy/actor/lib/test/auto/expressionCastInference2.xml
1 ms. Memory: 1643520K Free: 1258069K (77%)
----------------- Invoking toplevel() on ptolemy.moml.MoMLSimpleApplication@7500e646
----------------- Done invoking toplevel() on ptolemy.moml.MoMLSimpleApplication@7500e646
reloadAllAccessors: .expressionCastInference2
----------------- testing Wed May 30 01:23:34 UTC 2018 /home/travis/build/icyphy/ptII/ptolemy/actor/lib/test/auto/expressionInference.xml
----------------- Instantiating /home/travis/build/icyphy/ptII/ptolemy/actor/lib/test/auto/expressionInference.xml
1 ms. Memory: 1643520K Free: 1237753K (75%)
----------------- Invoking toplevel() on ptolemy.moml.MoMLSimpleApplication@4818abab
----------------- Done invoking toplevel() on ptolemy.moml.MoMLSimpleApplication@4818abab
reloadAllAccessors: .expressionInference
----------------- testing Wed May 30 01:23:34 UTC 2018 /home/travis/build/icyphy/ptII/ptolemy/actor/lib/test/auto/expression_bug.xml
----------------- Instantiating /home/travis/build/icyphy/ptII/ptolemy/actor/lib/test/auto/expression_bug.xml
1 ms. Memory: 1643520K Free: 1212934K (74%)
----------------- Invoking toplevel() on ptolemy.moml.MoMLSimpleApplication@2f40f0d8
----------------- Done invoking toplevel() on ptolemy.moml.MoMLSimpleApplication@2f40f0d8
reloadAllAccessors: .expression_bug
----------------- testing Wed May 30 01:23:34 UTC 2018 /home/travis/build/icyphy/ptII/ptolemy/actor/lib/test/auto/factorial.xml
----------------- Instantiating /home/travis/build/icyphy/ptII/ptolemy/actor/lib/test/auto/factorial.xml
25 ms. Memory: 1643520K Free: 1192618K (73%)
----------------- Invoking toplevel() on ptolemy.moml.MoMLSimpleApplication@822b37
----------------- Done invoking toplevel() on ptolemy.moml.MoMLSimpleApplication@822b37
reloadAllAccessors: .factorial
----------------- testing Wed May 30 01:23:34 UTC 2018 /home/travis/build/icyphy/ptII/ptolemy/actor/lib/test/auto/filterTest1.xml
----------------- Instantiating /home/travis/build/icyphy/ptII/ptolemy/actor/lib/test/auto/filterTest1.xml
2 ms. Memory: 1643520K Free: 1167799K (71%)
----------------- Invoking toplevel() on ptolemy.moml.MoMLSimpleApplication@3cfc0019
----------------- Done invoking toplevel() on ptolemy.moml.MoMLSimpleApplication@3cfc0019
reloadAllAccessors: .filterTest1
----------------- testing Wed May 30 01:23:34 UTC 2018 /home/travis/build/icyphy/ptII/ptolemy/actor/lib/test/auto/funcApplyInConst.xml
----------------- Instantiating /home/travis/build/icyphy/ptII/ptolemy/actor/lib/test/auto/funcApplyInConst.xml
1 ms. Memory: 1643520K Free: 1147483K (70%)
----------------- Invoking toplevel() on ptolemy.moml.MoMLSimpleApplication@41d9d3f1
----------------- Done invoking toplevel() on ptolemy.moml.MoMLSimpleApplication@41d9d3f1
reloadAllAccessors: .funcApplyInConst
----------------- testing Wed May 30 01:23:34 UTC 2018 /home/travis/build/icyphy/ptII/ptolemy/actor/lib/test/auto/funcApplyInExpr.xml
----------------- Instantiating /home/travis/build/icyphy/ptII/ptolemy/actor/lib/test/auto/funcApplyInExpr.xml
1 ms. Memory: 1643520K Free: 1122664K (68%)
----------------- Invoking toplevel() on ptolemy.moml.MoMLSimpleApplication@d1482a2
----------------- Done invoking toplevel() on ptolemy.moml.MoMLSimpleApplication@d1482a2
reloadAllAccessors: .funcApplyInExpr
----------------- testing Wed May 30 01:23:34 UTC 2018 /home/travis/build/icyphy/ptII/ptolemy/actor/lib/test/auto/function.xml
----------------- Instantiating /home/travis/build/icyphy/ptII/ptolemy/actor/lib/test/auto/function.xml
1 ms. Memory: 1643520K Free: 1097845K (67%)
----------------- Invoking toplevel() on ptolemy.moml.MoMLSimpleApplication@17c63dc7
----------------- Done invoking toplevel() on ptolemy.moml.MoMLSimpleApplication@17c63dc7
reloadAllAccessors: .function
----------------- testing Wed May 30 01:23:34 UTC 2018 /home/travis/build/icyphy/ptII/ptolemy/actor/lib/test/auto/function2.xml
----------------- Instantiating /home/travis/build/icyphy/ptII/ptolemy/actor/lib/test/auto/function2.xml
2 ms. Memory: 1643520K Free: 1077529K (66%)
----------------- Invoking toplevel() on ptolemy.moml.MoMLSimpleApplication@683eed31
----------------- Done invoking toplevel() on ptolemy.moml.MoMLSimpleApplication@683eed31
reloadAllAccessors: .function2
----------------- testing Wed May 30 01:23:34 UTC 2018 /home/travis/build/icyphy/ptII/ptolemy/actor/lib/test/auto/function3.xml
----------------- Instantiating /home/travis/build/icyphy/ptII/ptolemy/actor/lib/test/auto/function3.xml
2 ms. Memory: 1643520K Free: 1052710K (64%)
----------------- Invoking toplevel() on ptolemy.moml.MoMLSimpleApplication@74a3dea4
----------------- Done invoking toplevel() on ptolemy.moml.MoMLSimpleApplication@74a3dea4
reloadAllAccessors: .function3
----------------- testing Wed May 30 01:23:34 UTC 2018 /home/travis/build/icyphy/ptII/ptolemy/actor/lib/test/auto/functionClosureTest1.xml
----------------- Instantiating /home/travis/build/icyphy/ptII/ptolemy/actor/lib/test/auto/functionClosureTest1.xml
1 ms. Memory: 1643520K Free: 1032394K (63%)
----------------- Invoking toplevel() on ptolemy.moml.MoMLSimpleApplication@6313506f
----------------- Done invoking toplevel() on ptolemy.moml.MoMLSimpleApplication@6313506f
reloadAllAccessors: .functionClosureTest1
----------------- testing Wed May 30 01:23:34 UTC 2018 /home/travis/build/icyphy/ptII/ptolemy/actor/lib/test/auto/functionClosureTest2.xml
----------------- Instantiating /home/travis/build/icyphy/ptII/ptolemy/actor/lib/test/auto/functionClosureTest2.xml
1 ms. Memory: 1643520K Free: 1007575K (61%)
----------------- Invoking toplevel() on ptolemy.moml.MoMLSimpleApplication@2eda956d
----------------- Done invoking toplevel() on ptolemy.moml.MoMLSimpleApplication@2eda956d
reloadAllAccessors: .functionClosureTest2
----------------- testing Wed May 30 01:23:34 UTC 2018 /home/travis/build/icyphy/ptII/ptolemy/actor/lib/test/auto/functionClosureTest3.xml
----------------- Instantiating /home/travis/build/icyphy/ptII/ptolemy/actor/lib/test/auto/functionClosureTest3.xml
1 ms. Memory: 1643520K Free: 987258K (60%)
----------------- Invoking toplevel() on ptolemy.moml.MoMLSimpleApplication@301fce1f
----------------- Done invoking toplevel() on ptolemy.moml.MoMLSimpleApplication@301fce1f
reloadAllAccessors: .functionClosureTest3
----------------- testing Wed May 30 01:23:34 UTC 2018 /home/travis/build/icyphy/ptII/ptolemy/actor/lib/test/auto/functionClosureTest4.xml
----------------- Instantiating /home/travis/build/icyphy/ptII/ptolemy/actor/lib/test/auto/functionClosureTest4.xml
3 ms. Memory: 1643520K Free: 962439K (59%)
----------------- Invoking toplevel() on ptolemy.moml.MoMLSimpleApplication@26646827
----------------- Done invoking toplevel() on ptolemy.moml.MoMLSimpleApplication@26646827
reloadAllAccessors: .functionClosureTest4
----------------- testing Wed May 30 01:23:34 UTC 2018 /home/travis/build/icyphy/ptII/ptolemy/actor/lib/test/auto/functionClosureTest5.xml
----------------- Instantiating /home/travis/build/icyphy/ptII/ptolemy/actor/lib/test/auto/functionClosureTest5.xml
3 ms. Memory: 1643520K Free: 937620K (57%)
----------------- Invoking toplevel() on ptolemy.moml.MoMLSimpleApplication@16c01a82
----------------- Done invoking toplevel() on ptolemy.moml.MoMLSimpleApplication@16c01a82
reloadAllAccessors: .functionClosureTest5
----------------- testing Wed May 30 01:23:34 UTC 2018 /home/travis/build/icyphy/ptII/ptolemy/actor/lib/test/auto/functionClosureTest6.xml
----------------- Instantiating /home/travis/build/icyphy/ptII/ptolemy/actor/lib/test/auto/functionClosureTest6.xml
1 ms. Memory: 1643520K Free: 917304K (56%)
----------------- Invoking toplevel() on ptolemy.moml.MoMLSimpleApplication@75200475
----------------- Done invoking toplevel() on ptolemy.moml.MoMLSimpleApplication@75200475
reloadAllAccessors: .functionClosureTest6
----------------- testing Wed May 30 01:23:34 UTC 2018 /home/travis/build/icyphy/ptII/ptolemy/actor/lib/test/auto/functionsOnArcs.xml
----------------- Instantiating /home/travis/build/icyphy/ptII/ptolemy/actor/lib/test/auto/functionsOnArcs.xml
3 ms. Memory: 1643520K Free: 892485K (54%)
----------------- Invoking toplevel() on ptolemy.moml.MoMLSimpleApplication@342fee8b
----------------- Done invoking toplevel() on ptolemy.moml.MoMLSimpleApplication@342fee8b
reloadAllAccessors: .functionsOnArcs
----------------- testing Wed May 30 01:23:34 UTC 2018 /home/travis/build/icyphy/ptII/ptolemy/actor/lib/test/auto/functionsOnArcsHOF.xml
----------------- Instantiating /home/travis/build/icyphy/ptII/ptolemy/actor/lib/test/auto/functionsOnArcsHOF.xml
3 ms. Memory: 1643520K Free: 872169K (53%)
----------------- Invoking toplevel() on ptolemy.moml.MoMLSimpleApplication@24f5388a
----------------- Done invoking toplevel() on ptolemy.moml.MoMLSimpleApplication@24f5388a
reloadAllAccessors: .functionsOnArcsHOF
----------------- testing Wed May 30 01:23:34 UTC 2018 /home/travis/build/icyphy/ptII/ptolemy/actor/lib/test/auto/logic.xml
----------------- Instantiating /home/travis/build/icyphy/ptII/ptolemy/actor/lib/test/auto/logic.xml
1 ms. Memory: 1643520K Free: 847350K (52%)
----------------- Invoking toplevel() on ptolemy.moml.MoMLSimpleApplication@41ffd6e0
----------------- Done invoking toplevel() on ptolemy.moml.MoMLSimpleApplication@41ffd6e0
reloadAllAccessors: .logic
----------------- testing Wed May 30 01:23:34 UTC 2018 /home/travis/build/icyphy/ptII/ptolemy/actor/lib/test/auto/matrixType.xml
----------------- Instantiating /home/travis/build/icyphy/ptII/ptolemy/actor/lib/test/auto/matrixType.xml
1 ms. Memory: 1643520K Free: 822531K (50%)
----------------- Invoking toplevel() on ptolemy.moml.MoMLSimpleApplication@36823afe
----------------- Done invoking toplevel() on ptolemy.moml.MoMLSimpleApplication@36823afe
reloadAllAccessors: .matrixType
----------------- testing Wed May 30 01:23:34 UTC 2018 /home/travis/build/icyphy/ptII/ptolemy/actor/lib/test/auto/matrixType10.xml
----------------- Instantiating /home/travis/build/icyphy/ptII/ptolemy/actor/lib/test/auto/matrixType10.xml
1 ms. Memory: 1643520K Free: 802215K (49%)
----------------- Invoking toplevel() on ptolemy.moml.MoMLSimpleApplication@d431bbb
----------------- Done invoking toplevel() on ptolemy.moml.MoMLSimpleApplication@d431bbb
reloadAllAccessors: .matrixType10
----------------- testing Wed May 30 01:23:34 UTC 2018 /home/travis/build/icyphy/ptII/ptolemy/actor/lib/test/auto/matrixType11.xml
----------------- Instantiating /home/travis/build/icyphy/ptII/ptolemy/actor/lib/test/auto/matrixType11.xml
1 ms. Memory: 1643520K Free: 777396K (47%)
----------------- Invoking toplevel() on ptolemy.moml.MoMLSimpleApplication@7b1325c4
----------------- Done invoking toplevel() on ptolemy.moml.MoMLSimpleApplication@7b1325c4
reloadAllAccessors: .matrixType11
----------------- testing Wed May 30 01:23:34 UTC 2018 /home/travis/build/icyphy/ptII/ptolemy/actor/lib/test/auto/matrixType12.xml
----------------- Instantiating /home/travis/build/icyphy/ptII/ptolemy/actor/lib/test/auto/matrixType12.xml
1 ms. Memory: 1643520K Free: 757056K (46%)
----------------- Invoking toplevel() on ptolemy.moml.MoMLSimpleApplication@536f828d
----------------- Done invoking toplevel() on ptolemy.moml.MoMLSimpleApplication@536f828d
reloadAllAccessors: .matrixType12
----------------- testing Wed May 30 01:23:34 UTC 2018 /home/travis/build/icyphy/ptII/ptolemy/actor/lib/test/auto/matrixType13.xml
----------------- Instantiating /home/travis/build/icyphy/ptII/ptolemy/actor/lib/test/auto/matrixType13.xml
1 ms. Memory: 1643520K Free: 732237K (45%)
----------------- Invoking toplevel() on ptolemy.moml.MoMLSimpleApplication@49271ed0
----------------- Done invoking toplevel() on ptolemy.moml.MoMLSimpleApplication@49271ed0
reloadAllAccessors: .matrixType13
----------------- testing Wed May 30 01:23:34 UTC 2018 /home/travis/build/icyphy/ptII/ptolemy/actor/lib/test/auto/matrixType14.xml
----------------- Instantiating /home/travis/build/icyphy/ptII/ptolemy/actor/lib/test/auto/matrixType14.xml
2 ms. Memory: 1643520K Free: 711921K (43%)
----------------- Invoking toplevel() on ptolemy.moml.MoMLSimpleApplication@11b04870
----------------- Done invoking toplevel() on ptolemy.moml.MoMLSimpleApplication@11b04870
reloadAllAccessors: .matrixType14
----------------- testing Wed May 30 01:23:34 UTC 2018 /home/travis/build/icyphy/ptII/ptolemy/actor/lib/test/auto/matrixType2.xml
----------------- Instantiating /home/travis/build/icyphy/ptII/ptolemy/actor/lib/test/auto/matrixType2.xml
1 ms. Memory: 1643520K Free: 687102K (42%)
----------------- Invoking toplevel() on ptolemy.moml.MoMLSimpleApplication@2037d66c
----------------- Done invoking toplevel() on ptolemy.moml.MoMLSimpleApplication@2037d66c
reloadAllAccessors: .matrixType2
----------------- testing Wed May 30 01:23:34 UTC 2018 /home/travis/build/icyphy/ptII/ptolemy/actor/lib/test/auto/matrixType3.xml
----------------- Instantiating /home/travis/build/icyphy/ptII/ptolemy/actor/lib/test/auto/matrixType3.xml
1 ms. Memory: 1643520K Free: 662283K (40%)
----------------- Invoking toplevel() on ptolemy.moml.MoMLSimpleApplication@bf1a78
----------------- Done invoking toplevel() on ptolemy.moml.MoMLSimpleApplication@bf1a78
reloadAllAccessors: .matrixType3
----------------- testing Wed May 30 01:23:34 UTC 2018 /home/travis/build/icyphy/ptII/ptolemy/actor/lib/test/auto/matrixType4.xml
----------------- Instantiating /home/travis/build/icyphy/ptII/ptolemy/actor/lib/test/auto/matrixType4.xml
2 ms. Memory: 1643520K Free: 641967K (39%)
----------------- Invoking toplevel() on ptolemy.moml.MoMLSimpleApplication@6d6cb8b0
----------------- Done invoking toplevel() on ptolemy.moml.MoMLSimpleApplication@6d6cb8b0
reloadAllAccessors: .matrixType4
----------------- testing Wed May 30 01:23:34 UTC 2018 /home/travis/build/icyphy/ptII/ptolemy/actor/lib/test/auto/matrixType5.xml
----------------- Instantiating /home/travis/build/icyphy/ptII/ptolemy/actor/lib/test/auto/matrixType5.xml
1 ms. Memory: 1643520K Free: 617148K (38%)
----------------- Invoking toplevel() on ptolemy.moml.MoMLSimpleApplication@1d97df8d
----------------- Done invoking toplevel() on ptolemy.moml.MoMLSimpleApplication@1d97df8d
reloadAllAccessors: .matrixType5
----------------- testing Wed May 30 01:23:34 UTC 2018 /home/travis/build/icyphy/ptII/ptolemy/actor/lib/test/auto/matrixType6.xml
----------------- Instantiating /home/travis/build/icyphy/ptII/ptolemy/actor/lib/test/auto/matrixType6.xml
1 ms. Memory: 1643520K Free: 596832K (36%)
----------------- Invoking toplevel() on ptolemy.moml.MoMLSimpleApplication@828df5e
----------------- Done invoking toplevel() on ptolemy.moml.MoMLSimpleApplication@828df5e
reloadAllAccessors: .matrixType6
----------------- testing Wed May 30 01:23:34 UTC 2018 /home/travis/build/icyphy/ptII/ptolemy/actor/lib/test/auto/matrixType7.xml
----------------- Instantiating /home/travis/build/icyphy/ptII/ptolemy/actor/lib/test/auto/matrixType7.xml
2 ms. Memory: 1643520K Free: 572013K (35%)
----------------- Invoking toplevel() on ptolemy.moml.MoMLSimpleApplication@457ba546
----------------- Done invoking toplevel() on ptolemy.moml.MoMLSimpleApplication@457ba546
reloadAllAccessors: .matrixType7
----------------- testing Wed May 30 01:23:34 UTC 2018 /home/travis/build/icyphy/ptII/ptolemy/actor/lib/test/auto/matrixType8.xml
----------------- Instantiating /home/travis/build/icyphy/ptII/ptolemy/actor/lib/test/auto/matrixType8.xml
1 ms. Memory: 1643520K Free: 547194K (33%)
----------------- Invoking toplevel() on ptolemy.moml.MoMLSimpleApplication@7b74360a
----------------- Done invoking toplevel() on ptolemy.moml.MoMLSimpleApplication@7b74360a
reloadAllAccessors: .matrixType8
----------------- testing Wed May 30 01:23:34 UTC 2018 /home/travis/build/icyphy/ptII/ptolemy/actor/lib/test/auto/matrixType9.xml
----------------- Instantiating /home/travis/build/icyphy/ptII/ptolemy/actor/lib/test/auto/matrixType9.xml
1 ms. Memory: 1643520K Free: 526877K (32%)
----------------- Invoking toplevel() on ptolemy.moml.MoMLSimpleApplication@4f4b6d84
----------------- Done invoking toplevel() on ptolemy.moml.MoMLSimpleApplication@4f4b6d84
reloadAllAccessors: .matrixType9
----------------- testing Wed May 30 01:23:34 UTC 2018 /home/travis/build/icyphy/ptII/ptolemy/actor/lib/test/auto/paraFunctest.xml
----------------- Instantiating /home/travis/build/icyphy/ptII/ptolemy/actor/lib/test/auto/paraFunctest.xml
2 ms. Memory: 1643520K Free: 502059K (31%)
----------------- Invoking toplevel() on ptolemy.moml.MoMLSimpleApplication@54e8ae73
----------------- Done invoking toplevel() on ptolemy.moml.MoMLSimpleApplication@54e8ae73
reloadAllAccessors: .paraFunctest
----------------- testing Wed May 30 01:23:34 UTC 2018 /home/travis/build/icyphy/ptII/ptolemy/actor/lib/test/auto/paraFunctest2.xml
----------------- Instantiating /home/travis/build/icyphy/ptII/ptolemy/actor/lib/test/auto/paraFunctest2.xml
1 ms. Memory: 1643520K Free: 481742K (29%)
----------------- Invoking toplevel() on ptolemy.moml.MoMLSimpleApplication@38c1b19c
----------------- Done invoking toplevel() on ptolemy.moml.MoMLSimpleApplication@38c1b19c
reloadAllAccessors: .paraFunctest2
----------------- testing Wed May 30 01:23:34 UTC 2018 /home/travis/build/icyphy/ptII/ptolemy/actor/lib/test/auto/parameterPassing.xml
----------------- Instantiating /home/travis/build/icyphy/ptII/ptolemy/actor/lib/test/auto/parameterPassing.xml
1 ms. Memory: 1643520K Free: 456923K (28%)
----------------- Invoking toplevel() on ptolemy.moml.MoMLSimpleApplication@5c294701
----------------- Done invoking toplevel() on ptolemy.moml.MoMLSimpleApplication@5c294701
reloadAllAccessors: .parameterPassing
----------------- testing Wed May 30 01:23:34 UTC 2018 /home/travis/build/icyphy/ptII/ptolemy/actor/lib/test/auto/record.xml
----------------- Instantiating /home/travis/build/icyphy/ptII/ptolemy/actor/lib/test/auto/record.xml
2 ms. Memory: 1643520K Free: 436607K (27%)
----------------- Invoking toplevel() on ptolemy.moml.MoMLSimpleApplication@18d30d92
----------------- Done invoking toplevel() on ptolemy.moml.MoMLSimpleApplication@18d30d92
reloadAllAccessors: .record
----------------- testing Wed May 30 01:23:34 UTC 2018 /home/travis/build/icyphy/ptII/ptolemy/actor/lib/test/auto/sizedarray1.xml
----------------- Instantiating /home/travis/build/icyphy/ptII/ptolemy/actor/lib/test/auto/sizedarray1.xml
1 ms. Memory: 1643520K Free: 411788K (25%)
----------------- Invoking toplevel() on ptolemy.moml.MoMLSimpleApplication@28a3f678
----------------- Done invoking toplevel() on ptolemy.moml.MoMLSimpleApplication@28a3f678
reloadAllAccessors: .sizedarray1
----------------- testing Wed May 30 01:23:34 UTC 2018 /home/travis/build/icyphy/ptII/ptolemy/actor/lib/test/auto/sizedarray2.xml
----------------- Instantiating /home/travis/build/icyphy/ptII/ptolemy/actor/lib/test/auto/sizedarray2.xml
5 ms. Memory: 1643520K Free: 386969K (24%)
----------------- Invoking toplevel() on ptolemy.moml.MoMLSimpleApplication@42dd31ff
----------------- Done invoking toplevel() on ptolemy.moml.MoMLSimpleApplication@42dd31ff
reloadAllAccessors: .sizedarray2
----------------- testing Wed May 30 01:23:34 UTC 2018 /home/travis/build/icyphy/ptII/ptolemy/actor/lib/test/auto/twoPublishers.xml
----------------- Instantiating /home/travis/build/icyphy/ptII/ptolemy/actor/lib/test/auto/twoPublishers.xml
2 ms. Memory: 1643520K Free: 366653K (22%)
----------------- Invoking toplevel() on ptolemy.moml.MoMLSimpleApplication@6ca36965
----------------- Done invoking toplevel() on ptolemy.moml.MoMLSimpleApplication@6ca36965
reloadAllAccessors: .twoPublishers
AutoTests.java: About to close Vertx.
AutoTests.java: Vertx closed.
]]></system-out>
  <system-err><![CDATA[java.lang.RuntimeException: Execution failed
	at ptolemy.moml.MoMLSimpleApplication$UnloadThread.run(MoMLSimpleApplication.java:402)
Caused by: java.lang.RuntimeException: Normally, we would exit here because Manager.exitAfterWrapup() was called.  However, because the ptolemy.ptII.exitAfterWrapup property is set, we throw this exception instead.
	at ptolemy.util.StringUtilities.exit(StringUtilities.java:365)
	at ptolemy.actor.Manager.wrapup(Manager.java:1531)
	at ptolemy.actor.Manager.execute(Manager.java:407)
	at ptolemy.actor.Manager.run(Manager.java:1263)
	at ptolemy.actor.Manager$PtolemyRunThread.run(Manager.java:1915)
Warning: '.top.test' is in training mode, set the trainingMode parameter to false before checking in
Warning: '.top.test' is in training mode, set the trainingMode parameter to false before checking in
Warning: '.top.test' is in training mode, set the trainingMode parameter to false before checking in
Warning: '.BooleanSwitch_RegressionTest_WrongTrainingValues.Test' is in training mode, set the trainingMode parameter to false before checking in
Warning: '.BooleanSwitch_RegressionTest_WrongTrainingValues.Test2' is in training mode, set the trainingMode parameter to false before checking in
Warning: '.BooleanSwitch_RegressionTest_WrongTrainingValues.Test2' The test produced 0 tokens.
Warning: '.top.testExceptionHandler' is in training mode, set the trainingMode parameter to false before checking in
java.lang.RuntimeException: Execution failed
	at ptolemy.moml.MoMLSimpleApplication$UnloadThread.run(MoMLSimpleApplication.java:402)
Caused by: ptolemy.kernel.util.IllegalActionException: PublisherPorts cannot be used at the top level, use a Publisher actor instead.
  in .PublisherPortToplevelSubscriber.PublisherPort
	at ptolemy.actor.PublisherPort.preinitialize(PublisherPort.java:403)
	at ptolemy.actor.CompositeActor.preinitialize(CompositeActor.java:1769)
	at ptolemy.actor.Manager.preinitializeAndResolveTypes(Manager.java:1040)
	at ptolemy.actor.Manager.initialize(Manager.java:710)
	at ptolemy.actor.Manager.execute(Manager.java:356)
	at ptolemy.actor.Manager.run(Manager.java:1263)
	at ptolemy.actor.Manager$PtolemyRunThread.run(Manager.java:1915)
java.lang.reflect.InvocationTargetException
	at sun.reflect.NativeConstructorAccessorImpl.newInstance0(Native Method)
	at sun.reflect.NativeConstructorAccessorImpl.newInstance(NativeConstructorAccessorImpl.java:62)
	at sun.reflect.DelegatingConstructorAccessorImpl.newInstance(DelegatingConstructorAccessorImpl.java:45)
	at java.lang.reflect.Constructor.newInstance(Constructor.java:423)
	at ptolemy.util.test.junit.AutoKnownFailedTests.RunModel(AutoKnownFailedTests.java:107)
	at sun.reflect.NativeMethodAccessorImpl.invoke0(Native Method)
	at sun.reflect.NativeMethodAccessorImpl.invoke(NativeMethodAccessorImpl.java:62)
	at sun.reflect.DelegatingMethodAccessorImpl.invoke(DelegatingMethodAccessorImpl.java:43)
	at java.lang.reflect.Method.invoke(Method.java:498)
	at org.junit.runners.model.FrameworkMethod$1.runReflectiveCall(FrameworkMethod.java:44)
	at org.junit.internal.runners.model.ReflectiveCallable.run(ReflectiveCallable.java:15)
	at org.junit.runners.model.FrameworkMethod.invokeExplosively(FrameworkMethod.java:41)
	at junitparams.internal.InvokeParameterisedMethod.evaluate(InvokeParameterisedMethod.java:102)
	at org.junit.internal.runners.statements.FailOnTimeout$1.run(FailOnTimeout.java:28)
Caused by: ptolemy.kernel.util.IllegalActionException: PublisherPorts cannot be used at the top level, use a Publisher actor instead.
  in .PublisherPortToplevelSubscriber.PublisherPort
	at ptolemy.actor.PublisherPort.preinitialize(PublisherPort.java:403)
	at ptolemy.actor.CompositeActor.preinitialize(CompositeActor.java:1769)
	at ptolemy.actor.Manager.preinitializeAndResolveTypes(Manager.java:1040)
	at ptolemy.actor.Manager.initialize(Manager.java:710)
	at ptolemy.actor.Manager.execute(Manager.java:356)
	at ptolemy.actor.Manager.run(Manager.java:1263)
	at ptolemy.actor.Manager$PtolemyRunThread.run(Manager.java:1915)
java.lang.RuntimeException: Execution failed
	at ptolemy.moml.MoMLSimpleApplication$UnloadThread.run(MoMLSimpleApplication.java:402)
Caused by: ptolemy.kernel.util.IllegalActionException: SubscriberPorts cannot be used at the top level, use a Subscriber actor instead.
  in .PublisherSubscriberPortToplevel.SubscriberPort
	at ptolemy.actor.SubscriberPort.preinitialize(SubscriberPort.java:328)
	at ptolemy.actor.CompositeActor.preinitialize(CompositeActor.java:1769)
	at ptolemy.actor.Manager.preinitializeAndResolveTypes(Manager.java:1040)
	at ptolemy.actor.Manager.initialize(Manager.java:710)
	at ptolemy.actor.Manager.execute(Manager.java:356)
	at ptolemy.actor.Manager.run(Manager.java:1263)
	at ptolemy.actor.Manager$PtolemyRunThread.run(Manager.java:1915)
java.lang.reflect.InvocationTargetException
	at sun.reflect.NativeConstructorAccessorImpl.newInstance0(Native Method)
	at sun.reflect.NativeConstructorAccessorImpl.newInstance(NativeConstructorAccessorImpl.java:62)
	at sun.reflect.DelegatingConstructorAccessorImpl.newInstance(DelegatingConstructorAccessorImpl.java:45)
	at java.lang.reflect.Constructor.newInstance(Constructor.java:423)
	at ptolemy.util.test.junit.AutoKnownFailedTests.RunModel(AutoKnownFailedTests.java:107)
	at sun.reflect.NativeMethodAccessorImpl.invoke0(Native Method)
	at sun.reflect.NativeMethodAccessorImpl.invoke(NativeMethodAccessorImpl.java:62)
	at sun.reflect.DelegatingMethodAccessorImpl.invoke(DelegatingMethodAccessorImpl.java:43)
	at java.lang.reflect.Method.invoke(Method.java:498)
	at org.junit.runners.model.FrameworkMethod$1.runReflectiveCall(FrameworkMethod.java:44)
	at org.junit.internal.runners.model.ReflectiveCallable.run(ReflectiveCallable.java:15)
	at org.junit.runners.model.FrameworkMethod.invokeExplosively(FrameworkMethod.java:41)
	at junitparams.internal.InvokeParameterisedMethod.evaluate(InvokeParameterisedMethod.java:102)
	at org.junit.internal.runners.statements.FailOnTimeout$1.run(FailOnTimeout.java:28)
Caused by: ptolemy.kernel.util.IllegalActionException: SubscriberPorts cannot be used at the top level, use a Subscriber actor instead.
  in .PublisherSubscriberPortToplevel.SubscriberPort
	at ptolemy.actor.SubscriberPort.preinitialize(SubscriberPort.java:328)
	at ptolemy.actor.CompositeActor.preinitialize(CompositeActor.java:1769)
	at ptolemy.actor.Manager.preinitializeAndResolveTypes(Manager.java:1040)
	at ptolemy.actor.Manager.initialize(Manager.java:710)
	at ptolemy.actor.Manager.execute(Manager.java:356)
	at ptolemy.actor.Manager.run(Manager.java:1263)
	at ptolemy.actor.Manager$PtolemyRunThread.run(Manager.java:1915)
java.lang.RuntimeException: Execution failed
	at ptolemy.moml.MoMLSimpleApplication$UnloadThread.run(MoMLSimpleApplication.java:402)
Caused by: ptolemy.kernel.util.IllegalActionException: SubscriptionAggregatorPorts cannot be used at the top level, use a SubscriptionAggregator actor instead.
  in .PublisherSubscriptionAggregatorPort.SubscriptionAggregatorPort
	at ptolemy.actor.SubscriptionAggregatorPort.preinitialize(SubscriptionAggregatorPort.java:353)
	at ptolemy.actor.CompositeActor.preinitialize(CompositeActor.java:1769)
	at ptolemy.actor.Manager.preinitializeAndResolveTypes(Manager.java:1040)
	at ptolemy.actor.Manager.initialize(Manager.java:710)
	at ptolemy.actor.Manager.execute(Manager.java:356)
	at ptolemy.actor.Manager.run(Manager.java:1263)
	at ptolemy.actor.Manager$PtolemyRunThread.run(Manager.java:1915)
java.lang.reflect.InvocationTargetException
	at sun.reflect.NativeConstructorAccessorImpl.newInstance0(Native Method)
	at sun.reflect.NativeConstructorAccessorImpl.newInstance(NativeConstructorAccessorImpl.java:62)
	at sun.reflect.DelegatingConstructorAccessorImpl.newInstance(DelegatingConstructorAccessorImpl.java:45)
	at java.lang.reflect.Constructor.newInstance(Constructor.java:423)
	at ptolemy.util.test.junit.AutoKnownFailedTests.RunModel(AutoKnownFailedTests.java:107)
	at sun.reflect.NativeMethodAccessorImpl.invoke0(Native Method)
	at sun.reflect.NativeMethodAccessorImpl.invoke(NativeMethodAccessorImpl.java:62)
	at sun.reflect.DelegatingMethodAccessorImpl.invoke(DelegatingMethodAccessorImpl.java:43)
	at java.lang.reflect.Method.invoke(Method.java:498)
	at org.junit.runners.model.FrameworkMethod$1.runReflectiveCall(FrameworkMethod.java:44)
	at org.junit.internal.runners.model.ReflectiveCallable.run(ReflectiveCallable.java:15)
	at org.junit.runners.model.FrameworkMethod.invokeExplosively(FrameworkMethod.java:41)
	at junitparams.internal.InvokeParameterisedMethod.evaluate(InvokeParameterisedMethod.java:102)
	at org.junit.internal.runners.statements.FailOnTimeout$1.run(FailOnTimeout.java:28)
Caused by: ptolemy.kernel.util.IllegalActionException: SubscriptionAggregatorPorts cannot be used at the top level, use a SubscriptionAggregator actor instead.
  in .PublisherSubscriptionAggregatorPort.SubscriptionAggregatorPort
	at ptolemy.actor.SubscriptionAggregatorPort.preinitialize(SubscriptionAggregatorPort.java:353)
	at ptolemy.actor.CompositeActor.preinitialize(CompositeActor.java:1769)
	at ptolemy.actor.Manager.preinitializeAndResolveTypes(Manager.java:1040)
	at ptolemy.actor.Manager.initialize(Manager.java:710)
	at ptolemy.actor.Manager.execute(Manager.java:356)
	at ptolemy.actor.Manager.run(Manager.java:1263)
	at ptolemy.actor.Manager$PtolemyRunThread.run(Manager.java:1915)
java.lang.RuntimeException: Execution failed
	at ptolemy.moml.MoMLSimpleApplication$UnloadThread.run(MoMLSimpleApplication.java:402)
Caused by: ptolemy.kernel.util.IllegalActionException: TypeTest actor has no training data.
  in .sizedarray3.TypeTest
	at ptolemy.actor.lib.TypeTest.initialize(TypeTest.java:250)
	at ptolemy.actor.Director.initialize(Director.java:938)
	at ptolemy.actor.Director.initialize(Director.java:907)
	at ptolemy.actor.sched.StaticSchedulingDirector.initialize(StaticSchedulingDirector.java:159)
	at ptolemy.domains.sdf.kernel.SDFDirector.initialize(SDFDirector.java:544)
	at ptolemy.actor.CompositeActor.initialize(CompositeActor.java:935)
	at ptolemy.actor.Manager.initialize(Manager.java:724)
	at ptolemy.actor.Manager.execute(Manager.java:356)
	at ptolemy.actor.Manager.run(Manager.java:1263)
	at ptolemy.actor.Manager$PtolemyRunThread.run(Manager.java:1915)
java.lang.reflect.InvocationTargetException
	at sun.reflect.NativeConstructorAccessorImpl.newInstance0(Native Method)
	at sun.reflect.NativeConstructorAccessorImpl.newInstance(NativeConstructorAccessorImpl.java:62)
	at sun.reflect.DelegatingConstructorAccessorImpl.newInstance(DelegatingConstructorAccessorImpl.java:45)
	at java.lang.reflect.Constructor.newInstance(Constructor.java:423)
	at ptolemy.util.test.junit.AutoKnownFailedTests.RunModel(AutoKnownFailedTests.java:107)
	at sun.reflect.NativeMethodAccessorImpl.invoke0(Native Method)
	at sun.reflect.NativeMethodAccessorImpl.invoke(NativeMethodAccessorImpl.java:62)
	at sun.reflect.DelegatingMethodAccessorImpl.invoke(DelegatingMethodAccessorImpl.java:43)
	at java.lang.reflect.Method.invoke(Method.java:498)
	at org.junit.runners.model.FrameworkMethod$1.runReflectiveCall(FrameworkMethod.java:44)
	at org.junit.internal.runners.model.ReflectiveCallable.run(ReflectiveCallable.java:15)
	at org.junit.runners.model.FrameworkMethod.invokeExplosively(FrameworkMethod.java:41)
	at junitparams.internal.InvokeParameterisedMethod.evaluate(InvokeParameterisedMethod.java:102)
	at org.junit.internal.runners.statements.FailOnTimeout$1.run(FailOnTimeout.java:28)
Caused by: ptolemy.kernel.util.IllegalActionException: TypeTest actor has no training data.
  in .sizedarray3.TypeTest
	at ptolemy.actor.lib.TypeTest.initialize(TypeTest.java:250)
	at ptolemy.actor.Director.initialize(Director.java:938)
	at ptolemy.actor.Director.initialize(Director.java:907)
	at ptolemy.actor.sched.StaticSchedulingDirector.initialize(StaticSchedulingDirector.java:159)
	at ptolemy.domains.sdf.kernel.SDFDirector.initialize(SDFDirector.java:544)
	at ptolemy.actor.CompositeActor.initialize(CompositeActor.java:935)
	at ptolemy.actor.Manager.initialize(Manager.java:724)
	at ptolemy.actor.Manager.execute(Manager.java:356)
	at ptolemy.actor.Manager.run(Manager.java:1263)
	at ptolemy.actor.Manager$PtolemyRunThread.run(Manager.java:1915)
ptolemy.kernel.util.InternalErrorException: Exec Stdout Gobbler-6: Failed while reading from java.lang.UNIXProcess$ProcessPipeInputStream@5b5e51ed. To avoid this, try setting the ignoreIOExceptionReadErrors parameter to true.null
  in .ExecEnvironment.Exec
Because:
Stream closed
	at ptolemy.actor.lib.Exec$_StreamReaderThread._read(Exec.java:762)
	at ptolemy.actor.lib.Exec$_StreamReaderThread.run(Exec.java:706)
Caused by: java.io.IOException: Stream closed
	at sun.nio.cs.StreamDecoder.ensureOpen(StreamDecoder.java:46)
	at sun.nio.cs.StreamDecoder.read(StreamDecoder.java:148)
	at java.io.InputStreamReader.read(InputStreamReader.java:184)
	at ptolemy.actor.lib.Exec$_StreamReaderThread._read(Exec.java:724)
	... 1 more
Caused by: java.io.IOException: Stream closed
	at sun.nio.cs.StreamDecoder.ensureOpen(StreamDecoder.java:46)
	at sun.nio.cs.StreamDecoder.read(StreamDecoder.java:148)
	at java.io.InputStreamReader.read(InputStreamReader.java:184)
	at ptolemy.actor.lib.Exec$_StreamReaderThread._read(Exec.java:724)
	at ptolemy.actor.lib.Exec$_StreamReaderThread.run(Exec.java:706)
java.lang.RuntimeException: Execution failed
	at ptolemy.moml.MoMLSimpleApplication$UnloadThread.run(MoMLSimpleApplication.java:402)
Caused by: ptolemy.kernel.util.IllegalActionException: The test produced only 0 tokens, yet the correctValues parameter was expecting 1 tokens.
  in .ExecutionTimePN.NonStrictTest
	at ptolemy.actor.lib.NonStrictTest.wrapup(NonStrictTest.java:410)
	at ptolemy.actor.process.ProcessThread.wrapup(ProcessThread.java:304)
	at ptolemy.actor.process.ProcessThread.run(ProcessThread.java:231)
]]></system-err>
</testsuite>
