<?xml version="1.0" encoding="UTF-8" ?>
<testsuite errors="0" failures="0" hostname="travis-job-d9500855-c39f-4415-9c71-2240c0d941c6" name="ptolemy.vergil.basic.export.test.junit.ExportModelJUnitTestBatch1" skipped="0" tests="150" time="1776.459" timestamp="2018-06-01T01:30:10">
  <properties>
    <property name="npm.executable" value="npm" />
    <property name="file.encoding.pkg" value="sun.io" />
    <property name="env.PT_TRAVIS_TEST_EXPORT1_XML" value="true" />
    <property name="ptII.mk.exists" value="true" />
    <property name="env.rvm_bin_path" value="/home/travis/.rvm/bin" />
    <property name="java.home" value="/usr/lib/jvm/java-8-oracle/jre" />
    <property name="env.TRAVIS_JOB_NUMBER" value="504.12" />
    <property name="env.DISPLAY" value=":99.0" />
    <property name="java.net.preferIPv4Stack" value="true" />
    <property name="env.SSH_TTY" value="/dev/pts/0" />
    <property name="env.RUN_TESTS" value="false" />
    <property name="timeout.short" value="1000000" />
    <property name="env.TRAVIS_STACK_NODE_ATTRIBUTES" value="/.node-attributes.yml" />
    <property name="junit.formatter" value="xml" />
    <property name="java.endorsed.dirs" value="/usr/lib/jvm/java-8-oracle/jre/lib/endorsed" />
    <property name="env.TRAVIS_SUDO" value="true" />
    <property name="env.LOGNAME" value="travis" />
    <property name="jsdoc.home" value="node_modules/@terraswarm/jsdoc" />
    <property name="debuglevel" value="source,lines,vars" />
    <property name="checkstyle.formatter" value="xml" />
    <property name="bin.vergil.makeable" value="true" />
    <property name="env._system_version" value="14.04" />
    <property name="sun.os.patch.level" value="unknown" />
    <property name="java.vendor.url" value="http://java.oracle.com/" />
    <property name="java.version" value="1.8.0_151" />
    <property name="env.TZ" value="UTC" />
    <property name="env.PT_NO_NET" value="true" />
    <property name="env.TRAVIS_PULL_REQUEST_SHA" value="" />
    <property name="env.TRAVIS_SECURE_ENV_VARS" value="true" />
    <property name="env._system_type" value="Linux" />
    <property name="java.vendor.url.bug" value="http://bugreport.sun.com/bugreport/" />
    <property name="env.SSH_CLIENT" value="10.10.4.8 59400 22" />
    <property name="npmjs-org-is-up" value="true" />
    <property name="env.GEM_HOME" value="/home/travis/.rvm/gems/ruby-2.4.1" />
    <property name="env.HAS_ANTARES_THREE_LITTLE_FRONZIES_BADGE" value="true" />
    <property name="env.PS4" value="+" />
    <property name="ant.project.invoked-targets" value="build,test.export1.xml" />
    <property name="env.TRAVIS_PULL_REQUEST_BRANCH" value="" />
    <property name="env.TRAVIS_REPO_SLUG" value="icyphy/ptII" />
    <property name="node.in.path" value="true" />
    <property name="java.maxmemory" value="1400m" />
    <property name="env.RUBY_VERSION" value="ruby-2.4.1" />
    <property name="user.name" value="travis" />
    <property name="env.LANG" value="en_US.UTF-8" />
    <property name="sun.io.unicode.encoding" value="UnicodeLittle" />
    <property name="sun.jnu.encoding" value="UTF-8" />
    <property name="java.runtime.name" value="Java(TM) SE Runtime Environment" />
    <property name="usefile" value="false" />
    <property name="return.code" value="0" />
    <property name="junit.single.formatter" value="plain" />
    <property name="env.DYLD_LIBRARY_PATH" value="/home/travis/pthla/certi-tools/lib:" />
    <property name="env.DEBIAN_FRONTEND" value="noninteractive" />
    <property name="env.SSH_CONNECTION" value="10.10.4.8 59400 10.20.1.27 22" />
    <property name="env.MYSQL_UNIX_PORT" value="/var/run/mysqld/mysqld.sock" />
    <property name="env.TRAVIS_ALLOW_FAILURE" value="false" />
    <property name="env.LC_ALL" value="en_US.UTF-8" />
    <property name="java.specification.name" value="Java Platform API Specification" />
    <property name="node.works" value="true" />
    <property name="user.timezone" value="" />
    <property name="path.separator" value=":" />
    <property name="env.PYTHON_CFLAGS" value="-g -fstack-protector --param=ssp-buffer-size=4 -Wformat -Werror=format-security" />
    <property name="timeout.long" value="4000000" />
    <property name="env.CERTI_HOME" value="/home/travis/pthla/certi-tools" />
    <property name="file.encoding" value="UTF-8" />
    <property name="ant.file.ptII" value="/home/travis/build/icyphy/ptII/build.xml" />
    <property name="javadoc.packagenames" value="com.*,diva.*,lbnl.*,org.hlacerti.*,org.json.*,org.ptolemy.*,org.terraswarm.*,ptolemy.*,ptserver.*" />
    <property name="env.TRAVIS_PULL_REQUEST_SLUG" value="" />
    <property name="ant.project.default-target" value="build" />
    <property name="env.GIT_ASKPASS" value="echo" />
    <property name="env.HOME" value="/home/travis" />
    <property name="sun.java.command" value="org.apache.tools.ant.taskdefs.optional.junit.JUnitTestRunner ptolemy.vergil.basic.export.test.junit.ExportModelJUnitTestBatch1 skipNonTests=false filtertrace=true haltOnError=false haltOnFailure=false formatter=org.apache.tools.ant.taskdefs.optional.junit.OutErrSummaryJUnitResultFormatter showoutput=true outputtoformatters=true logfailedtests=true threadid=0 logtestlistenerevents=false formatter=org.apache.tools.ant.taskdefs.optional.junit.XMLJUnitResultFormatter,/home/travis/build/icyphy/ptII/reports/junit/TEST-ptolemy.vergil.basic.export.test.junit.ExportModelJUnitTestBatch1.xml crashfile=/home/travis/build/icyphy/ptII/junitvmwatcher339149754598425219.properties propsfile=/home/travis/build/icyphy/ptII/junit7171137826589508591.properties" />
    <property name="env.MANPATH" value="/home/travis/.nvm/versions/node/v7.10.1/share/man:/home/travis/.kiex/elixirs/elixir-1.4.5/man:/home/travis/.rvm/rubies/ruby-2.4.1/share/man:/usr/local/man:/usr/local/cmake-3.9.2/man:/usr/local/clang-5.0.0/share/man:/usr/local/share/man:/usr/share/man:/home/travis/.rvm/man" />
    <property name="env.COMPOSER_NO_INTERACTION" value="1" />
    <property name="env.JDK_SWITCHER_DEFAULT" value="oraclejdk8" />
    <property name="ant.file" value="/home/travis/build/icyphy/ptII/build.xml" />
    <property name="env.TRAVIS_COMMIT_RANGE" value="21e0392e8d0f1ec7d9b7a1b534718116593fb411...5b6fc66734f6da67b5d1a8419b19bc1a56867610" />
    <property name="env._system_name" value="Ubuntu" />
    <property name="timeout" value="2400000" />
    <property name="ptII.classpath.optional.property" value="/home/travis/build/icyphy/ptII/lib/bsh-2.0b4.jar:/home/travis/build/icyphy/ptII/lib/ptCal.jar:/home/travis/build/icyphy/ptII/lib/java_cup.jar:/home/travis/build/icyphy/ptII/lib/saxon8.jar:/home/travis/build/icyphy/ptII/lib/saxon8-dom.jar:/home/travis/build/icyphy/ptII/lib/chic.jar:/home/travis/build/icyphy/ptII/lib/ptcolt.jar:/usr/lib/jvm/java-8-oracle/lib/tools.jar:/usr/lib/eclipse/plugins/org.eclipse.jdt.core_3.8.2.dist.jar:/usr/lib/eclipse/plugins/org.eclipse.core.runtime_3.8.0.dist.jar:/usr/lib/eclipse/plugins/org.eclipse.osgi_3.8.1.dist.jar:/usr/lib/eclipse/plugins/org.eclipse.core.resources_3.8.1.dist.jar:/usr/lib/eclipse/plugins/org.eclipse.equinox.common_3.6.100.dist.jar:/usr/lib/eclipse/plugins/org.eclipse.core.jobs_3.5.200.dist.jar:/usr/lib/eclipse/plugins/org.eclipse.core.contenttype_3.4.200.dist.jar:/usr/lib/eclipse/plugins/org.eclipse.equinox.preferences_3.5.0.dist.jar:/usr/lib/eclipse/plugins/org.eclipse.text_3.5.200.dist.jar:/usr/lib/eclipse/plugins/org.eclipse.ui.workbench_3.8.1.dist.jar:/usr/lib/eclipse/plugins/org.eclipse.jface_3.8.0.dist.jar:/usr/lib/eclipse/plugins/org.eclipse.swt_3.8.2.jar:/usr/lib/eclipse/plugins/org.eclipse.jface.text_3.8.1.dist.jar:/usr/lib/eclipse/plugins/org.eclipse.ui.workbench.texteditor_3.8.0.dist.jar:/usr/lib/eclipse/plugins/org.eclipse.ui.editors_3.8.0.dist.jar:/usr/lib/eclipse/plugins/org.eclipse.core.commands_3.6.1.dist.jar:/usr/lib/eclipse/plugins/org.eclipse.equinox.registry_3.5.200.dist.jar:/usr/lib/eclipse/plugins/org.eclipse.ui.console_3.5.100.dist.jar:/usr/lib/eclipse/plugins/org.eclipse.ui.forms_3.5.200.dist.jar:/usr/lib/eclipse/plugins/org.eclipse.ui.ide_3.8.1.dist.jar:/home/travis/build/icyphy/ptII/vendors/oracle/dbxml.jar:/home/travis/build/icyphy/ptII/vendors/oracle/db.jar:/home/travis/build/icyphy/ptII/vendors/misc/itext/iText.jar:/home/travis/build/icyphy/ptII/lib/g4ltl.jar:/home/travis/build/icyphy/ptII/lib/StructuralCoder.jar:/home/travis/build/icyphy/ptII/lib/org-openide-util.jar:/home/travis/build/icyphy/ptII/lib/org-openide-util-lookup.jar:/home/travis/build/icyphy/ptII/lib/org-netbeans-api-visual.jar:/home/travis/build/icyphy/ptII/vendors/jai-1_1_2_01/lib/jai_core.jar:/home/travis/build/icyphy/ptII/vendors/jai-1_1_2_01/lib/jai_codec.jar:/home/travis/build/icyphy/ptII/lib/jcerti.jar:/home/travis/build/icyphy/ptII/lib/smack.jar:/home/travis/build/icyphy/ptII/lib/smackx.jar:/home/travis/build/icyphy/ptII/lib/jetty-all-8.1.5-v20120716.jar:/home/travis/build/icyphy/ptII/lib/javax.servlet-api-3.0.1.jar:/home/travis/build/icyphy/ptII/lib/javax.mail.jar:/home/travis/build/icyphy/ptII/vendors/JMF-2.1.1e/lib/jmf.jar:/home/travis/build/icyphy/ptII/lib/jna-4.0.0-variadic.jar:/home/travis/build/icyphy/ptII/vendors/misc/joystick/Joystick.jar:/home/travis/build/icyphy/ptII/lib/ptjacl.jar:/home/travis/build/icyphy/ptII/lib/jsoup-1.8.2.jar:/home/travis/build/icyphy/ptII/lib/junit-4.8.2.jar:/home/travis/build/icyphy/ptII/lib/JUnitParams-0.4.0.jar:/home/travis/build/icyphy/ptII/ptolemy/actor/lib/excel/jxl.jar:/home/travis/build/icyphy/ptII/lib/jython.jar:/home/travis/build/icyphy/ptII/lib/kieler.jar:/home/travis/build/icyphy/ptII/vendors/opencv/share/OpenCV/java/opencv-341.jar:/home/travis/build/icyphy/ptII/lib/oscP5.jar:/home/travis/build/icyphy/ptII/lib/nrjavaserial-3.11.0.devel.jar:/usr/share/java/j3dcore.jar:/usr/share/java/j3dutils.jar:/usr/share/java/vecmath.jar:/home/travis/build/icyphy/ptII/ptolemy/distributed/jini/jar/jini-core.jar:/home/travis/build/icyphy/ptII/ptolemy/distributed/jini/jar/jini-ext.jar:/home/travis/build/icyphy/ptII/ptolemy/distributed/jini/jar/sun-util.jar:/home/travis/build/icyphy/ptII/lib/protobuf-java-2.4.1.jar:/home/travis/build/icyphy/ptII/lib/org.eclipse.paho.client.mqttv3.jar:/home/travis/build/icyphy/ptII/ptserver/lib/hessian-4.0.7.jar:/home/travis/build/icyphy/ptII/ptserver/lib/wmqtt.jar:/home/travis/build/icyphy/ptII/lib/mapss.jar:/home/travis/build/icyphy/ptII/ptolemy/actor/ptalon/antlr/antlr.jar:/home/travis/build/icyphy/ptII/lib/JRI.jar:/home/travis/build/icyphy/ptII/lib/commons-lang-2.6.jar:/home/travis/build/icyphy/ptII/lib/commons-logging-1.1.1.jar:/home/travis/build/icyphy/ptII/lib/sootclasses.jar:/home/travis/build/icyphy/ptII/ptolemy/actor/lib/database/mysql-connector-java-5.1.6-bin.jar:/home/travis/build/icyphy/ptII/vendors/misc/sphinx4/sphinx4-data-5prealpha.jar:/home/travis/build/icyphy/ptII/vendors/misc/sphinx4/sphinx4-core-5prealpha.jar:/home/travis/build/icyphy/ptII/lib/PDFRenderer.jar:/home/travis/build/icyphy/ptII/lib/svgSalamander.jar:/home/travis/build/icyphy/ptII/lib/rsyntaxtextarea-2.6.0-SNAPSHOT.jar:/home/travis/build/icyphy/ptII/lib/hazelcast-3.8.2.jar:/home/travis/build/icyphy/ptII/lib/jackson-annotations-2.9.0.jar:/home/travis/build/icyphy/ptII/lib/jackson-core-2.9.3.jar:/home/travis/build/icyphy/ptII/lib/jackson-databind-2.9.3.jar:/home/travis/build/icyphy/ptII/lib/netty-buffer-4.1.19.Final.jar:/home/travis/build/icyphy/ptII/lib/netty-codec-4.1.19.Final.jar:/home/travis/build/icyphy/ptII/lib/netty-codec-dns-4.1.19.Final.jar:/home/travis/build/icyphy/ptII/lib/netty-codec-http-4.1.19.Final.jar:/home/travis/build/icyphy/ptII/lib/netty-codec-http2-4.1.19.Final.jar:/home/travis/build/icyphy/ptII/lib/netty-common-4.1.19.Final.jar:/home/travis/build/icyphy/ptII/lib/netty-handler-4.1.19.Final.jar:/home/travis/build/icyphy/ptII/lib/netty-resolver-4.1.19.Final.jar:/home/travis/build/icyphy/ptII/lib/netty-resolver-dns-4.1.19.Final.jar:/home/travis/build/icyphy/ptII/lib/netty-transport-4.1.19.Final.jar:/home/travis/build/icyphy/ptII/lib/vertx-codegen-3.5.1.jar:/home/travis/build/icyphy/ptII/lib/vertx-core-3.5.2-SNAPSHOT.jar:/home/travis/build/icyphy/ptII/lib/vertx-hazelcast-3.5.1.jar:/home/travis/build/icyphy/ptII/lib/vertx-lang-js-3.5.1.jar:/home/travis/build/icyphy/ptII/lib/vertx-service-proxy-3.5.1.jar:/home/travis/build/icyphy/ptII/lib/vertx-web-3.5.1.jar:/home/travis/build/icyphy/ptII/lib/slf4j-api-1.7.13.jar:/home/travis/build/icyphy/ptII/lib/slf4j-simple-1.7.13.jar:/home/travis/build/icyphy/ptII/lib/webcam-capture-0.3.12.jar:/home/travis/build/icyphy/ptII/lib/bridj-0.7.0.jar:/home/travis/build/icyphy/ptII/lib/xbjlib-1.1.0.nrjavaserial.jar" />
    <property name="test.batch" value="**/junit/*.java" />
    <property name="env._" value="/usr/bin/timeout" />
    <property name="java.io.tmpdir" value="/tmp" />
    <property name="user.language" value="en" />
    <property name="env.HISTCONTROL" value="ignoredups:ignorespace" />
    <property name="env.GOROOT" value="/home/travis/.gimme/versions/go1.7.4.linux.amd64" />
    <property name="line.separator" value="&#xa;" />
    <property name="target" value="1.8" />
    <property name="env.TRAVIS_BUILD_DIR" value="/home/travis/build/icyphy/ptII" />
    <property name="env.ANT_OPTS" value="-Xmx2048m" />
    <property name="ant.file.type" value="file" />
    <property name="ptolemy.ptII.batchMode" value="true" />
    <property name="env.HISTSIZE" value="1000" />
    <property name="env.MERB_ENV" value="test" />
    <property name="java.vm.info" value="mixed mode" />
    <property name="source" value="1.8" />
    <property name="java.vm.specification.name" value="Java Virtual Machine Specification" />
    <property name="env.TRAVIS_TEST_RESULT" value="0" />
    <property name="jsdoc.command" value="node_modules/@terraswarm/jsdoc/jsdoc.js" />
    <property name="npm.works" value="true" />
    <property name="cobertura.dir" value="/home/travis/build/icyphy/ptII/vendors/cobertura-2.0.3" />
    <property name="env.rvm_path" value="/home/travis/.rvm" />
    <property name="env.GEM_PATH" value="/home/travis/.rvm/gems/ruby-2.4.1:/home/travis/.rvm/gems/ruby-2.4.1@global" />
    <property name="env.LC_CTYPE" value="en_US.UTF-8" />
    <property name="java.awt.printerjob" value="sun.print.PSPrinterJob" />
    <property name="env.TRAVIS_STACK_NAME" value="garnet" />
    <property name="ant.version" value="Apache Ant(TM) version 1.10.1 compiled on February 2 2017" />
    <property name="ptII.reports" value="/home/travis/build/icyphy/ptII/reports" />
    <property name="env.TRAVIS_STACK_TIMESTAMP" value="2017-12-05 19:33:09 UTC" />
    <property name="ant.file.type.ptII" value="file" />
    <property name="env.RBENV_SHELL" value="bash" />
    <property name="os.name" value="Linux" />
    <property name="java.specification.vendor" value="Oracle Corporation" />
    <property name="env.rvm_version" value="1.29.3 (latest)" />
    <property name="env.TERM" value="xterm" />
    <property name="java.vm.name" value="Java HotSpot(TM) 64-Bit Server VM" />
    <property name="env.TRAVIS_BUILD_NUMBER" value="504" />
    <property name="env.CI" value="true" />
    <property name="java.library.path" value="/home/travis/pthla/certi-tools/lib:/usr/lib/jni:/usr/local/share/OpenCV/java/:/usr/share/OpenCV/java::/usr/java/packages/lib/amd64:/usr/lib64:/lib64:/lib:/usr/lib" />
    <property name="env.rvm_prefix" value="/home/travis" />
    <property name="env.PATH" value="/home/travis/pthla/certi-tools/share/scripts:/home/travis/.rvm/gems/ruby-2.4.1/bin:/home/travis/.rvm/gems/ruby-2.4.1@global/bin:/home/travis/.rvm/rubies/ruby-2.4.1/bin:/home/travis/.rvm/bin:/home/travis/.nvm/versions/node/v7.10.1/bin:./node_modules/.bin:/home/travis/build/icyphy/ptII/bin:/home/travis/pthla/certi-tools/bin:/home/travis/bin:/home/travis/.local/bin:/opt/pyenv/shims:/home/travis/.phpenv/shims:/home/travis/perl5/perlbrew/bin:/home/travis/.kiex/elixirs/elixir-1.4.5/bin:/home/travis/.kiex/bin:/home/travis/gopath/bin:/home/travis/.gimme/versions/go1.7.4.linux.amd64/bin:/usr/local/phantomjs/bin:/usr/local/phantomjs:/usr/local/neo4j-3.2.7/bin:/usr/local/maven-3.5.2/bin:/usr/local/cmake-3.9.2/bin:/usr/local/clang-5.0.0/bin:/usr/local/sbin:/usr/local/bin:/usr/sbin:/usr/bin:/sbin:/bin:/home/travis/.phpenv/bin:/opt/pyenv/bin:/home/travis/.yarn/bin" />
    <property name="env.TRAVIS_OS_NAME" value="linux" />
    <property name="ant.java.version" value="1.8" />
    <property name="basedir" value="/home/travis/build/icyphy/ptII" />
    <property name="java.class.version" value="52.0" />
    <property name="env.SHLVL" value="3" />
    <property name="env.LD_LIBRARY_PATH" value="/home/travis/pthla/certi-tools/lib:/usr/lib/jni:/usr/local/share/OpenCV/java/:/usr/share/OpenCV/java:" />
    <property name="env.RACK_ENV" value="test" />
    <property name="ant.home" value="/home/travis/build/icyphy/ptII/ant" />
    <property name="env.NVM_DIR" value="/home/travis/.nvm" />
    <property name="env.PERLBREW_BASHRC_VERSION" value="0.80" />
    <property name="env.CERTI_FOM_PATH" value="/home/travis/pthla/certi-tools/share/federations" />
    <property name="env.TRAVIS_BUILD_ID" value="386442506" />
    <property name="env.PYENV_ROOT" value="/opt/pyenv" />
    <property name="env.TRAVIS_UID" value="2000" />
    <property name="env.rvm_pretty_print_flag" value="auto" />
    <property name="env.NVM_BIN" value="/home/travis/.nvm/versions/node/v7.10.1/bin" />
    <property name="env.TRAVIS_COMMIT" value="5b6fc66734f6da67b5d1a8419b19bc1a56867610" />
    <property name="env._system_arch" value="x86_64" />
    <property name="node.executable" value="node" />
    <property name="sun.boot.library.path" value="/usr/lib/jvm/java-8-oracle/jre/lib/amd64" />
    <property name="sun.management.compiler" value="HotSpot 64-Bit Tiered Compilers" />
    <property name="env.GOPATH" value="/home/travis/gopath" />
    <property name="java.awt.graphicsenv" value="sun.awt.X11GraphicsEnvironment" />
    <property name="ptolemy.ptII.dir" value="/home/travis/build/icyphy/ptII" />
    <property name="env.USER" value="travis" />
    <property name="env.HISTFILESIZE" value="2000" />
    <property name="timeout.longest" value="19000000" />
    <property name="env.TRAVIS_STACK_FEATURES" value="basic cassandra chromium couchdb disabled-ipv6 docker docker-compose elasticsearch firefox go-toolchain google-chrome jdk memcached mongodb mysql neo4j nodejs_interpreter perl_interpreter perlbrew phantomjs postgresql python_interpreter rabbitmq redis riak ruby_interpreter sqlite xserver" />
    <property name="env.TRAVIS_PULL_REQUEST" value="false" />
    <property name="env.PYENV_SHELL" value="bash" />
    <property name="ant.project.name" value="ptII" />
    <property name="java.vm.specification.version" value="1.8" />
    <property name="env.CERTI_VERSION" value="4.0.0" />
    <property name="env.NLSPATH" value="/usr/dt/lib/nls/msg/%L/%N.cat" />
    <property name="awt.toolkit" value="sun.awt.X11.XToolkit" />
    <property name="env.CERTI_HOST" value="localhost" />
    <property name="env.MY_RUBY_HOME" value="/home/travis/.rvm/rubies/ruby-2.4.1" />
    <property name="sun.cpu.isalist" value="" />
    <property name="java.ext.dirs" value="/usr/lib/jvm/java-8-oracle/jre/lib/ext:/usr/java/packages/lib/ext" />
    <property name="os.version" value="4.4.0-101-generic" />
    <property name="user.home" value="/home/travis" />
    <property name="env.MIX_ARCHIVES" value="/home/travis/.kiex/mix/elixir-1.4.5" />
    <property name="java.vm.vendor" value="Oracle Corporation" />
    <property name="env.TRAVIS_TAG" value="nightly" />
    <property name="env.TRAVIS_FILTERED" value="redirect_io" />
    <property name="javadoc.excludepackagenames" value="adm.cvs2svn.*,build.*,config.*,doc.coding.templates.*,jni.test.jni.meaningOfLife.*,jni.test.jni.testDeux.*,jni.test.jni.testTrois.*,org.terraswarm.accessor.accessors.web.node_modules.*,org.terraswarm.accessor.accessors.web.hosts.cordova.demo.*,org.terraswarm.accessor.accessors.web.hosts.cordova.plugins.*,org.terraswarm.accessor.accessors-svn.*,pt-modules.*,ptolemy.apps.agilent.*,ptolemy.apps.anytimecontrol.*,ptolemy.apps.apes.*,ptolemy.apps.charon.*,ptolemy.apps.crazyboard.*,ptolemy.apps.eclipse.*,ptolemy.apps.etherealSting.*,ptolemy.apps.fullscreen.*,ptolemy.apps.giotto.*,ptolemy.apps.ia.*,ptolemy.apps.interfaces.*,ptolemy.apps.jmf.*,ptolemy.apps.kurt.*,ptolemy.apps.kvm.*,ptolemy.apps.lego.*,ptolemy.apps.lejos.*,ptolemy.apps.midp.*,ptolemy.apps.mobileCoding.*,ptolemy.apps.pendulum.*,ptolemy.apps.rijndael.*,ptolemy.apps.robot.*,ptolemy.apps.security.*,ptolemy.apps.sobel.*,ptolemy.apps.soot.*,ptolemy.apps.throttle.*,ptolemy.apps.tini.*,ptolemy.apps.transmission.*,ptolemy.apps.vergil.*,ptolemy.apps.waba.*,ptolemy.apps.websensor.*,ptolemy.apps.webstart.*,ptolemy.apps.xsl.*,ptolemy.apps.zaurus.*,ptolemy.backtrack.eclipse.plugin.*,ptolemy.backtrack.test.*,ptolemy.codegen.c.actor.lib.oldJavaFiles.*,ptolemy.codegen.dsp.lib.*,ptolemy.codegen.kernel.newInterfaces.*,ptolemy.codegen.lib.*,ptolemy.copernicus.kernel.fragment.*,ptolemy.copernicus.shallow.cg.*,ptolemy.domains.giotto.demo.Hierarchy.Hierarchy.*,ptolemy.domains.giotto.demo.Multimode.Multimode.*,ptolemy.domains.giotto.demo.Simple.Simple.*,ptolemy.domains.gr.lib.experimental.*,ptolemy.domains.gro.*,ptolemy.domains.pdf.*,ptolemy.domains.ptinyos.demo.Surge.output.*,ptolemy.moml.test.NoPackageActor.java*,ptolemy.plot.adm.*,ptolemy.plot.servlet.*,reports.*,signed.*,src.*,target.*,vendors.*,ptolemy.cg.adapter.generic.program.procedural.c.mbed*,ptolemy.actor.lib.fmi.fmus.omc*,ptolemy.domains.openmodelica*,ptdb.kernel.bl.save.test.*,ptdb.kernel.bl.load.test.*,ptdb.kernel.bl.search.test.*,ptdb.kernel.bl.migration.test.*,ptdb.kernel.database.test.*,ptdb.test.*,ptdb.gui.test.*,org.ptolemy.scala.*,diva.util.java2d.svg.*,ptolemy.domains.ptinyos.*,ptolemy.actor.lib.fmi.fmipp.*,,org.terraswarm.accessor.accessors.web.node_modules.*,org.terraswarm.accessor.accessors-svn,ptolemy.actor.ptalon.demo.ptinyos.SendAndReceiveCnt.output,ptolemy.actor.ptalon.demo.ptinyos.SenseToLeds.output,ptolemy.domains.ptinyos.demo.CntToLedsAndRfm.output,ptolemy.domains.ptinyos.demo.RfmToLeds.output,ptolemy.domains.ptinyos.demo.SendAndReceiveCnt.output,ptolemy.domains.ptinyos.demo.SenseToLeds.output" />
    <property name="env.JAVA_HOME" value="/usr/lib/jvm/java-8-oracle" />
    <property name="env.PTII" value="/home/travis/build/icyphy/ptII" />
    <property name="env.TRAVIS_COMMIT_MESSAGE" value="Reverted TRAVIS bypass, which fails when run on a local machine" />
    <property name="keystore" value="ptKeystore" />
    <property name="env.XDG_SESSION_ID" value="2" />
    <property name="junit.output.dir" value="/home/travis/build/icyphy/ptII/reports/junit" />
    <property name="npm.return.code" value="0" />
    <property name="user.dir" value="/home/travis/build/icyphy/ptII/ptolemy/vergil/basic/export/test" />
    <property name="env.TRAVIS_NODE_VERSION" value="7" />
    <property name="env.XFILESEARCHPATH" value="/usr/dt/app-defaults/%L/Dt" />
    <property name="env.TRAVIS_EVENT_TYPE" value="cron" />
    <property name="env.MAIL" value="/var/mail/travis" />
    <property name="env.PWD" value="/home/travis/build/icyphy/ptII" />
    <property name="env.PERLBREW_ROOT" value="/home/travis/perl5/perlbrew" />
    <property name="timeout.npm" value="45000" />
    <property name="env.PAGER" value="cat" />
    <property name="sun.cpu.endian" value="little" />
    <property name="env.TRAVIS_BUILD_STAGE_NAME" value="Test" />
    <property name="env.PERLBREW_HOME" value="/home/travis/.perlbrew" />
    <property name="env.RAILS_ENV" value="test" />
    <property name="java.vm.version" value="25.151-b12" />
    <property name="java.class.path" value="/home/travis/build/icyphy/ptII:/home/travis/build/icyphy/ptII/lib/bsh-2.0b4.jar:/home/travis/build/icyphy/ptII/lib/ptCal.jar:/home/travis/build/icyphy/ptII/lib/java_cup.jar:/home/travis/build/icyphy/ptII/lib/saxon8.jar:/home/travis/build/icyphy/ptII/lib/saxon8-dom.jar:/home/travis/build/icyphy/ptII/lib/chic.jar:/home/travis/build/icyphy/ptII/lib/ptcolt.jar:/usr/lib/jvm/java-8-oracle/lib/tools.jar:/usr/lib/eclipse/plugins/org.eclipse.jdt.core_3.8.2.dist.jar:/usr/lib/eclipse/plugins/org.eclipse.core.runtime_3.8.0.dist.jar:/usr/lib/eclipse/plugins/org.eclipse.osgi_3.8.1.dist.jar:/usr/lib/eclipse/plugins/org.eclipse.core.resources_3.8.1.dist.jar:/usr/lib/eclipse/plugins/org.eclipse.equinox.common_3.6.100.dist.jar:/usr/lib/eclipse/plugins/org.eclipse.core.jobs_3.5.200.dist.jar:/usr/lib/eclipse/plugins/org.eclipse.core.contenttype_3.4.200.dist.jar:/usr/lib/eclipse/plugins/org.eclipse.equinox.preferences_3.5.0.dist.jar:/usr/lib/eclipse/plugins/org.eclipse.text_3.5.200.dist.jar:/usr/lib/eclipse/plugins/org.eclipse.ui.workbench_3.8.1.dist.jar:/usr/lib/eclipse/plugins/org.eclipse.jface_3.8.0.dist.jar:/usr/lib/eclipse/plugins/org.eclipse.swt_3.8.2.jar:/usr/lib/eclipse/plugins/org.eclipse.jface.text_3.8.1.dist.jar:/usr/lib/eclipse/plugins/org.eclipse.ui.workbench.texteditor_3.8.0.dist.jar:/usr/lib/eclipse/plugins/org.eclipse.ui.editors_3.8.0.dist.jar:/usr/lib/eclipse/plugins/org.eclipse.core.commands_3.6.1.dist.jar:/usr/lib/eclipse/plugins/org.eclipse.equinox.registry_3.5.200.dist.jar:/usr/lib/eclipse/plugins/org.eclipse.ui.console_3.5.100.dist.jar:/usr/lib/eclipse/plugins/org.eclipse.ui.forms_3.5.200.dist.jar:/usr/lib/eclipse/plugins/org.eclipse.ui.ide_3.8.1.dist.jar:/home/travis/build/icyphy/ptII/vendors/oracle/dbxml.jar:/home/travis/build/icyphy/ptII/vendors/oracle/db.jar:/home/travis/build/icyphy/ptII/vendors/misc/itext/iText.jar:/home/travis/build/icyphy/ptII/lib/g4ltl.jar:/home/travis/build/icyphy/ptII/lib/StructuralCoder.jar:/home/travis/build/icyphy/ptII/lib/org-openide-util.jar:/home/travis/build/icyphy/ptII/lib/org-openide-util-lookup.jar:/home/travis/build/icyphy/ptII/lib/org-netbeans-api-visual.jar:/home/travis/build/icyphy/ptII/vendors/jai-1_1_2_01/lib/jai_core.jar:/home/travis/build/icyphy/ptII/vendors/jai-1_1_2_01/lib/jai_codec.jar:/home/travis/build/icyphy/ptII/lib/jcerti.jar:/home/travis/build/icyphy/ptII/lib/smack.jar:/home/travis/build/icyphy/ptII/lib/smackx.jar:/home/travis/build/icyphy/ptII/lib/jetty-all-8.1.5-v20120716.jar:/home/travis/build/icyphy/ptII/lib/javax.servlet-api-3.0.1.jar:/home/travis/build/icyphy/ptII/lib/javax.mail.jar:/home/travis/build/icyphy/ptII/vendors/JMF-2.1.1e/lib/jmf.jar:/home/travis/build/icyphy/ptII/lib/jna-4.0.0-variadic.jar:/home/travis/build/icyphy/ptII/vendors/misc/joystick/Joystick.jar:/home/travis/build/icyphy/ptII/lib/ptjacl.jar:/home/travis/build/icyphy/ptII/lib/jsoup-1.8.2.jar:/home/travis/build/icyphy/ptII/lib/junit-4.8.2.jar:/home/travis/build/icyphy/ptII/lib/JUnitParams-0.4.0.jar:/home/travis/build/icyphy/ptII/ptolemy/actor/lib/excel/jxl.jar:/home/travis/build/icyphy/ptII/lib/jython.jar:/home/travis/build/icyphy/ptII/lib/kieler.jar:/home/travis/build/icyphy/ptII/vendors/opencv/share/OpenCV/java/opencv-341.jar:/home/travis/build/icyphy/ptII/lib/oscP5.jar:/home/travis/build/icyphy/ptII/lib/nrjavaserial-3.11.0.devel.jar:/usr/share/java/j3dcore.jar:/usr/share/java/j3dutils.jar:/usr/share/java/vecmath.jar:/home/travis/build/icyphy/ptII/ptolemy/distributed/jini/jar/jini-core.jar:/home/travis/build/icyphy/ptII/ptolemy/distributed/jini/jar/jini-ext.jar:/home/travis/build/icyphy/ptII/ptolemy/distributed/jini/jar/sun-util.jar:/home/travis/build/icyphy/ptII/lib/protobuf-java-2.4.1.jar:/home/travis/build/icyphy/ptII/lib/org.eclipse.paho.client.mqttv3.jar:/home/travis/build/icyphy/ptII/ptserver/lib/hessian-4.0.7.jar:/home/travis/build/icyphy/ptII/ptserver/lib/wmqtt.jar:/home/travis/build/icyphy/ptII/lib/mapss.jar:/home/travis/build/icyphy/ptII/ptolemy/actor/ptalon/antlr/antlr.jar:/home/travis/build/icyphy/ptII/lib/JRI.jar:/home/travis/build/icyphy/ptII/lib/commons-lang-2.6.jar:/home/travis/build/icyphy/ptII/lib/commons-logging-1.1.1.jar:/home/travis/build/icyphy/ptII/lib/sootclasses.jar:/home/travis/build/icyphy/ptII/ptolemy/actor/lib/database/mysql-connector-java-5.1.6-bin.jar:/home/travis/build/icyphy/ptII/vendors/misc/sphinx4/sphinx4-data-5prealpha.jar:/home/travis/build/icyphy/ptII/vendors/misc/sphinx4/sphinx4-core-5prealpha.jar:/home/travis/build/icyphy/ptII/lib/PDFRenderer.jar:/home/travis/build/icyphy/ptII/lib/svgSalamander.jar:/home/travis/build/icyphy/ptII/lib/rsyntaxtextarea-2.6.0-SNAPSHOT.jar:/home/travis/build/icyphy/ptII/lib/hazelcast-3.8.2.jar:/home/travis/build/icyphy/ptII/lib/jackson-annotations-2.9.0.jar:/home/travis/build/icyphy/ptII/lib/jackson-core-2.9.3.jar:/home/travis/build/icyphy/ptII/lib/jackson-databind-2.9.3.jar:/home/travis/build/icyphy/ptII/lib/netty-buffer-4.1.19.Final.jar:/home/travis/build/icyphy/ptII/lib/netty-codec-4.1.19.Final.jar:/home/travis/build/icyphy/ptII/lib/netty-codec-dns-4.1.19.Final.jar:/home/travis/build/icyphy/ptII/lib/netty-codec-http-4.1.19.Final.jar:/home/travis/build/icyphy/ptII/lib/netty-codec-http2-4.1.19.Final.jar:/home/travis/build/icyphy/ptII/lib/netty-common-4.1.19.Final.jar:/home/travis/build/icyphy/ptII/lib/netty-handler-4.1.19.Final.jar:/home/travis/build/icyphy/ptII/lib/netty-resolver-4.1.19.Final.jar:/home/travis/build/icyphy/ptII/lib/netty-resolver-dns-4.1.19.Final.jar:/home/travis/build/icyphy/ptII/lib/netty-transport-4.1.19.Final.jar:/home/travis/build/icyphy/ptII/lib/vertx-codegen-3.5.1.jar:/home/travis/build/icyphy/ptII/lib/vertx-core-3.5.2-SNAPSHOT.jar:/home/travis/build/icyphy/ptII/lib/vertx-hazelcast-3.5.1.jar:/home/travis/build/icyphy/ptII/lib/vertx-lang-js-3.5.1.jar:/home/travis/build/icyphy/ptII/lib/vertx-service-proxy-3.5.1.jar:/home/travis/build/icyphy/ptII/lib/vertx-web-3.5.1.jar:/home/travis/build/icyphy/ptII/lib/slf4j-api-1.7.13.jar:/home/travis/build/icyphy/ptII/lib/slf4j-simple-1.7.13.jar:/home/travis/build/icyphy/ptII/lib/webcam-capture-0.3.12.jar:/home/travis/build/icyphy/ptII/lib/bridj-0.7.0.jar:/home/travis/build/icyphy/ptII/lib/xbjlib-1.1.0.nrjavaserial.jar:/home/travis/build/icyphy/ptII/ptolemy/moml/test:/home/travis/build/icyphy/ptII/ant/lib/ant-launcher.jar:/home/travis/build/icyphy/ptII/ant/lib/ant.jar:/home/travis/build/icyphy/ptII/ant/lib/ant-junit.jar:/home/travis/build/icyphy/ptII/ant/lib/ant-junit4.jar" />
    <property name="ant.library.dir" value="/home/travis/build/icyphy/ptII/ant/lib" />
    <property name="os.arch" value="amd64" />
    <property name="env.TRAVIS_LANGUAGE" value="node_js" />
    <property name="env.CONTINUOUS_INTEGRATION" value="true" />
    <property name="env.TRAVIS_STACK_LANGUAGES" value="__garnet__ c c++ clojure cplusplus cpp default go groovy java node_js php pure_java python ruby scala" />
    <property name="test.name" value="ptolemy.actor.lib.test.junit.JUnitTclTest" />
    <property name="sun.java.launcher" value="SUN_STANDARD" />
    <property name="env.PYTHON_CONFIGURE_OPTS" value="--enable-unicode=ucs4 --with-wide-unicode --enable-shared --enable-ipv6 --enable-loadable-sqlite-extensions --with-computed-gotos" />
    <property name="ant.core.lib" value="/home/travis/build/icyphy/ptII/ant/lib/ant.jar" />
    <property name="java.vm.specification.vendor" value="Oracle Corporation" />
    <property name="env.BCVTB_HOME" value="/home/travis/build/icyphy/ptII/lbnl" />
    <property name="file.separator" value="/" />
    <property name="java.runtime.version" value="1.8.0_151-b12" />
    <property name="spotbugs.home" value="/home/travis/build/icyphy/ptII/vendors/spotbugs-3.1.1" />
    <property name="sun.boot.class.path" value="/usr/lib/jvm/java-8-oracle/jre/lib/resources.jar:/usr/lib/jvm/java-8-oracle/jre/lib/rt.jar:/usr/lib/jvm/java-8-oracle/jre/lib/sunrsasign.jar:/usr/lib/jvm/java-8-oracle/jre/lib/jsse.jar:/usr/lib/jvm/java-8-oracle/jre/lib/jce.jar:/usr/lib/jvm/java-8-oracle/jre/lib/charsets.jar:/usr/lib/jvm/java-8-oracle/jre/lib/jfr.jar:/usr/lib/jvm/java-8-oracle/jre/classes" />
    <property name="env.HAS_JOSH_K_SEAL_OF_APPROVAL" value="true" />
    <property name="env.TRAVIS_OSX_IMAGE" value="" />
    <property name="env.XDG_RUNTIME_DIR" value="/run/user/2000" />
    <property name="env.TRAVIS_BRANCH" value="master" />
    <property name="env.TRAVIS_JOB_ID" value="386442518" />
    <property name="env.CERTI_HOME_TRAVIS" value="/home/travis/pthla/certi-tools" />
    <property name="user.country" value="US" />
    <property name="env.SHELL" value="/bin/bash" />
    <property name="java.maxmemory.large" value="5000m" />
    <property name="model" value="" />
    <property name="env.CASHER_DIR" value="/home/travis/.casher" />
    <property name="env.NVM_CD_FLAGS" value="" />
    <property name="jshint.executable" value="/home/travis/node_modules/jshint/bin/jshint" />
    <property name="java.vendor" value="Oracle Corporation" />
    <property name="env.JRUBY_OPTS" value=" --client -J-XX:+TieredCompilation -J-XX:TieredStopAtLevel=1 -J-Xss2m -Xcompile.invokedynamic=false" />
    <property name="env.TRAVIS_PRE_CHEF_BOOTSTRAP_TIME" value="2017-12-05T19:32:55" />
    <property name="env.TRAVIS_STACK_JOB_BOARD_REGISTER" value="/.job-board-register.yml" />
    <property name="env.ELIXIR_VERSION" value="1.4.5" />
    <property name="java.specification.version" value="1.8" />
    <property name="env.IRBRC" value="/home/travis/.rvm/rubies/ruby-2.4.1/.irbrc" />
    <property name="env.TRAVIS" value="true" />
    <property name="sun.arch.data.model" value="64" />
  </properties>
  <testcase classname="ptolemy.vergil.basic.export.test.junit.ExportModelJUnitTestBatch1" name="[0] lbnl/demo/MatlabRoom/MatlabRoom.xml (RunExportModel)" time="6.764" />
  <testcase classname="ptolemy.vergil.basic.export.test.junit.ExportModelJUnitTestBatch1" name="[1] lbnl/demo/SystemCommand/SystemCommand.xml (RunExportModel)" time="3.839" />
  <testcase classname="ptolemy.vergil.basic.export.test.junit.ExportModelJUnitTestBatch1" name="[2] org/hlacerti/demo/Billard/2Billes1Fed/2Billes1Fed.xml (RunExportModel)" time="8.369" />
  <testcase classname="ptolemy.vergil.basic.export.test.junit.ExportModelJUnitTestBatch1" name="[3] org/hlacerti/demo/Billard/2Billes1Fed/PoolTable2.xml (RunExportModel)" time="8.514" />
  <testcase classname="ptolemy.vergil.basic.export.test.junit.ExportModelJUnitTestBatch1" name="[4] org/hlacerti/demo/Billard/2Billes1Fed/TwoBilliardBalls.xml (RunExportModel)" time="8.612" />
  <testcase classname="ptolemy.vergil.basic.export.test.junit.ExportModelJUnitTestBatch1" name="[5] org/hlacerti/demo/Billard/2Billes2Fed/2Billes2Fed.xml (RunExportModel)" time="8.314" />
  <testcase classname="ptolemy.vergil.basic.export.test.junit.ExportModelJUnitTestBatch1" name="[6] org/hlacerti/demo/Billard/2Billes2Fed/BillardBall1.xml (RunExportModel)" time="8.283" />
  <testcase classname="ptolemy.vergil.basic.export.test.junit.ExportModelJUnitTestBatch1" name="[7] org/hlacerti/demo/Billard/2Billes2Fed/BillardBall2.xml (RunExportModel)" time="8.28" />
  <testcase classname="ptolemy.vergil.basic.export.test.junit.ExportModelJUnitTestBatch1" name="[8] org/hlacerti/demo/Billard/2Billes2Fed/BillardTable.xml (RunExportModel)" time="8.207" />
  <testcase classname="ptolemy.vergil.basic.export.test.junit.ExportModelJUnitTestBatch1" name="[9] org/hlacerti/demo/Billard/Billard.xml (RunExportModel)" time="8.144" />
  <testcase classname="ptolemy.vergil.basic.export.test.junit.ExportModelJUnitTestBatch1" name="[10] org/hlacerti/demo/f14HLA/f14HLA.xml (RunExportModel)" time="8.152" />
  <testcase classname="ptolemy.vergil.basic.export.test.junit.ExportModelJUnitTestBatch1" name="[11] org/hlacerti/demo/IntegrationTests/IntegrationTests.xml (RunExportModel)" time="8.184" />
  <testcase classname="ptolemy.vergil.basic.export.test.junit.ExportModelJUnitTestBatch1" name="[12] org/hlacerti/demo/IntegrationTests/TimeAdvancing1Federate/TimeAdvancing1Federate.xml (RunExportModel)" time="8.144" />
  <testcase classname="ptolemy.vergil.basic.export.test.junit.ExportModelJUnitTestBatch1" name="[13] org/hlacerti/demo/IntegrationTests/TimeAdvancing2Federates/testTimeAdvancingF1.xml (RunExportModel)" time="8.148" />
  <testcase classname="ptolemy.vergil.basic.export.test.junit.ExportModelJUnitTestBatch1" name="[14] org/hlacerti/demo/IntegrationTests/TimeAdvancing2Federates/testTimeAdvancingF2.xml (RunExportModel)" time="8.172" />
  <testcase classname="ptolemy.vergil.basic.export.test.junit.ExportModelJUnitTestBatch1" name="[15] org/hlacerti/demo/IntegrationTests/TimeAdvancing2Federates/TimeAdvancing2Federates.xml (RunExportModel)" time="8.154" />
  <testcase classname="ptolemy.vergil.basic.export.test.junit.ExportModelJUnitTestBatch1" name="[16] org/hlacerti/demo/IntegrationTests/TimeAdvancing2FederatesIntervalEvents/testTimeAdvancingF1.xml (RunExportModel)" time="8.166" />
  <testcase classname="ptolemy.vergil.basic.export.test.junit.ExportModelJUnitTestBatch1" name="[17] org/hlacerti/demo/IntegrationTests/TimeAdvancing2FederatesIntervalEvents/testTimeAdvancingF2InternalEvent.xml (RunExportModel)" time="8.133" />
  <testcase classname="ptolemy.vergil.basic.export.test.junit.ExportModelJUnitTestBatch1" name="[18] org/hlacerti/demo/IntegrationTests/TimeAdvancing2FederatesIntervalEvents/TimeAdvancing2FederatesIntervalEvents.xml (RunExportModel)" time="8.188" />
  <testcase classname="ptolemy.vergil.basic.export.test.junit.ExportModelJUnitTestBatch1" name="[19] org/hlacerti/demo/SynchronizeToRealTime/SynchronizeToRealTime.xml (RunExportModel)" time="8.24" />
  <testcase classname="ptolemy.vergil.basic.export.test.junit.ExportModelJUnitTestBatch1" name="[20] org/ptolemy/machineImprovisation/demo/JazzImprovisation/JazzImprovisation.xml (RunExportModel)" time="27.152" />
  <testcase classname="ptolemy.vergil.basic.export.test.junit.ExportModelJUnitTestBatch1" name="[21] org/ptolemy/machineLearning/clustering/demo/KMeans/KMeans.xml (RunExportModel)" time="4.578" />
  <testcase classname="ptolemy.vergil.basic.export.test.junit.ExportModelJUnitTestBatch1" name="[22] org/ptolemy/machineLearning/hmm/demo/CommunicationAnomalyDetectionAOM/CommunicationAnomalyDetectionAOM.xml (RunExportModel)" time="39.46" />
  <testcase classname="ptolemy.vergil.basic.export.test.junit.ExportModelJUnitTestBatch1" name="[23] org/ptolemy/machineLearning/hmm/demo/CommunicationAnomalyDetectionCQM/CommunicationAnomalyDetectionCQM.xml (RunExportModel)" time="15.226" />
  <testcase classname="ptolemy.vergil.basic.export.test.junit.ExportModelJUnitTestBatch1" name="[24] org/ptolemy/machineLearning/particleFilter/demo/MultiRobotIntruderTracking/MultiRobotIntruderTracking.xml (RunExportModel)" time="40.253" />
  <testcase classname="ptolemy.vergil.basic.export.test.junit.ExportModelJUnitTestBatch1" name="[25] org/ptolemy/machineLearning/particleFilter/demo/OnlineTrajectoryOptimization/DistributedOnlineTrajectoryOptimization.xml (RunExportModel)" time="41.397" />
  <testcase classname="ptolemy.vergil.basic.export.test.junit.ExportModelJUnitTestBatch1" name="[26] org/ptolemy/machineLearning/particleFilter/demo/OnlineTrajectoryOptimization/OnlineTrajectoryOptimization.xml (RunExportModel)" time="38.242" />
  <testcase classname="ptolemy.vergil.basic.export.test.junit.ExportModelJUnitTestBatch1" name="[27] org/ptolemy/machineLearning/particleFilter/demo/OpenLoopSingleRobotTargetLocalization/OpenLoopSingleRobotTargetLocalization.xml (RunExportModel)" time="13.305" />
  <testcase classname="ptolemy.vergil.basic.export.test.junit.ExportModelJUnitTestBatch1" name="[28] org/ptolemy/machineLearning/particleFilter/demo/OpenLoopTwoRobotTargetLocalization/JointParticleFilter.xml (RunExportModel)" time="8.193" />
  <testcase classname="ptolemy.vergil.basic.export.test.junit.ExportModelJUnitTestBatch1" name="[29] org/ptolemy/machineLearning/particleFilter/demo/OpenLoopTwoRobotTargetLocalization/OpenLoopTwoRobotTargetLocalization.xml (RunExportModel)" time="34.81" />
  <testcase classname="ptolemy.vergil.basic.export.test.junit.ExportModelJUnitTestBatch1" name="[30] org/ptolemy/machineLearning/particleFilter/demo/ParticleFilterRange/ParticleFilterRange.xml (RunExportModel)" time="14.447" />
  <testcase classname="ptolemy.vergil.basic.export.test.junit.ExportModelJUnitTestBatch1" name="[31] org/ptolemy/optimization/demo/LeastSquaresNodeLocalization/LeastSquaresNodeLocalization.xml (RunExportModel)" time="4.62" />
  <testcase classname="ptolemy.vergil.basic.export.test.junit.ExportModelJUnitTestBatch1" name="[32] org/ptolemy/optimization/demo/LinearRegression/LinearRegression.xml (RunExportModel)" time="6.447" />
  <testcase classname="ptolemy.vergil.basic.export.test.junit.ExportModelJUnitTestBatch1" name="[33] org/ptolemy/optimization/demo/SimpleOptimization/SimpleOptimization.xml (RunExportModel)" time="4.236" />
  <testcase classname="ptolemy.vergil.basic.export.test.junit.ExportModelJUnitTestBatch1" name="[34] org/ptolemy/osc/demo/OscSendReceive/OscSendReceive.xml (RunExportModel)" time="18.214" />
  <testcase classname="ptolemy.vergil.basic.export.test.junit.ExportModelJUnitTestBatch1" name="[35] org/ptolemy/ptango/demo/BlinkyLight/BlinkyLight.xml (RunExportModel)" time="3.792" />
  <testcase classname="ptolemy.vergil.basic.export.test.junit.ExportModelJUnitTestBatch1" name="[36] org/ptolemy/ptango/demo/Chat/Chat.xml (RunExportModel)" time="3.166" />
  <testcase classname="ptolemy.vergil.basic.export.test.junit.ExportModelJUnitTestBatch1" name="[37] org/ptolemy/ptango/demo/Chat/ChatClient.xml (RunExportModel)" time="3.193" />
  <testcase classname="ptolemy.vergil.basic.export.test.junit.ExportModelJUnitTestBatch1" name="[38] org/ptolemy/ptango/demo/Chat/ChatClient2.xml (RunExportModel)" time="3.185" />
  <testcase classname="ptolemy.vergil.basic.export.test.junit.ExportModelJUnitTestBatch1" name="[39] org/ptolemy/ptango/demo/Chat/ChatServer.xml (RunExportModel)" time="3.273" />
  <testcase classname="ptolemy.vergil.basic.export.test.junit.ExportModelJUnitTestBatch1" name="[40] org/ptolemy/ptango/demo/Cookies/Cookies.xml (RunExportModel)" time="3.215" />
  <testcase classname="ptolemy.vergil.basic.export.test.junit.ExportModelJUnitTestBatch1" name="[41] org/ptolemy/ptango/demo/DOPpresence/DOPpresence.xml (RunExportModel)" time="5.026" />
  <testcase classname="ptolemy.vergil.basic.export.test.junit.ExportModelJUnitTestBatch1" name="[42] org/ptolemy/ptango/demo/EPlus70Actuator/EPlus70Actuator.xml (RunExportModel)" time="4.284" />
  <testcase classname="ptolemy.vergil.basic.export.test.junit.ExportModelJUnitTestBatch1" name="[43] org/ptolemy/ptango/demo/ErrorHandler/ErrorHandler.xml (RunExportModel)" time="3.489" />
  <testcase classname="ptolemy.vergil.basic.export.test.junit.ExportModelJUnitTestBatch1" name="[44] org/ptolemy/ptango/demo/Exception/Exception.xml (RunExportModel)" time="6.78" />
  <testcase classname="ptolemy.vergil.basic.export.test.junit.ExportModelJUnitTestBatch1" name="[45] org/ptolemy/ptango/demo/Guidance/Guidance.xml (RunExportModel)" time="3.722" />
  <testcase classname="ptolemy.vergil.basic.export.test.junit.ExportModelJUnitTestBatch1" name="[46] org/ptolemy/ptango/demo/Guidance/GuidanceSingleUserWithName.xml (RunExportModel)" time="3.286" />
  <testcase classname="ptolemy.vergil.basic.export.test.junit.ExportModelJUnitTestBatch1" name="[47] org/ptolemy/ptango/demo/OccupancyAlert/OccupancyAlert.xml (RunExportModel)" time="3.984" />
  <testcase classname="ptolemy.vergil.basic.export.test.junit.ExportModelJUnitTestBatch1" name="[48] org/ptolemy/ptango/demo/OptimizationAdvisor/OptimizationAdvisor.xml (RunExportModel)" time="13.763" />
  <testcase classname="ptolemy.vergil.basic.export.test.junit.ExportModelJUnitTestBatch1" name="[49] org/ptolemy/ptango/demo/SensorAndrew/SensorAndrew.xml (RunExportModel)" time="3.715" />
  <testcase classname="ptolemy.vergil.basic.export.test.junit.ExportModelJUnitTestBatch1" name="[50] org/ptolemy/ptango/demo/SmartRoom/SmartRoom.xml (RunExportModel)" time="4.049" />
  <testcase classname="ptolemy.vergil.basic.export.test.junit.ExportModelJUnitTestBatch1" name="[51] org/ptolemy/ptango/demo/TemperatureSimulation/TemperatureSimulation.xml (RunExportModel)" time="4.21" />
  <testcase classname="ptolemy.vergil.basic.export.test.junit.ExportModelJUnitTestBatch1" name="[52] org/ptolemy/ptango/demo/UCBPower/UCBPower.xml (RunExportModel)" time="3.544" />
  <testcase classname="ptolemy.vergil.basic.export.test.junit.ExportModelJUnitTestBatch1" name="[53] org/ptolemy/ptango/demo/UCBPower/UCBPowerAnalyzerServer.xml (RunExportModel)" time="3.475" />
  <testcase classname="ptolemy.vergil.basic.export.test.junit.ExportModelJUnitTestBatch1" name="[54] org/ptolemy/ptango/demo/UCBPowerPtera/UCBPowerPtera.xml (RunExportModel)" time="6.193" />
  <testcase classname="ptolemy.vergil.basic.export.test.junit.ExportModelJUnitTestBatch1" name="[55] org/ptolemy/ptango/demo/WebServerDE/WebServerDE.xml (RunExportModel)" time="7.457" />
  <testcase classname="ptolemy.vergil.basic.export.test.junit.ExportModelJUnitTestBatch1" name="[56] org/ptolemy/qss/demo/RLC/RLC.xml (RunExportModel)" time="4.342" />
  <testcase classname="ptolemy.vergil.basic.export.test.junit.ExportModelJUnitTestBatch1" name="[57] org/ptolemy/ssm/demo/RangeLocalizationOnMap/RangeLocalizationOnMap.xml (RunExportModel)" time="36.644" />
  <testcase classname="ptolemy.vergil.basic.export.test.junit.ExportModelJUnitTestBatch1" name="[58] org/ptolemy/ssm/demo/SingleRobotTargetLocalization/SingleRobotTargetLocalization.xml (RunExportModel)" time="12.348" />
  <testcase classname="ptolemy.vergil.basic.export.test.junit.ExportModelJUnitTestBatch1" name="[59] org/ptolemy/ssm/demo/StatePrediction/StatePrediction.xml (RunExportModel)" time="11.467" />
  <testcase classname="ptolemy.vergil.basic.export.test.junit.ExportModelJUnitTestBatch1" name="[60] org/terraswarm/accessor/demo/AugmentedReality/AugmentedReality.xml (RunExportModel)" time="3.152" />
  <testcase classname="ptolemy.vergil.basic.export.test.junit.ExportModelJUnitTestBatch1" name="[61] org/terraswarm/accessor/demo/AugmentedReality/AugmentedRealityFeedback.xml (RunExportModel)" time="86.002" />
  <testcase classname="ptolemy.vergil.basic.export.test.junit.ExportModelJUnitTestBatch1" name="[62] org/terraswarm/accessor/demo/AugmentedReality/AugmentedRealityFeedbackBlee.xml (RunExportModel)" time="39.766" />
  <testcase classname="ptolemy.vergil.basic.export.test.junit.ExportModelJUnitTestBatch1" name="[63] org/terraswarm/accessor/demo/AugmentedReality/AugmentedRealityKeyValueStore.xml (RunExportModel)" time="39.501" />
  <testcase classname="ptolemy.vergil.basic.export.test.junit.ExportModelJUnitTestBatch1" name="[64] org/terraswarm/accessor/demo/AugmentedReality/AugmentedRealityVideo.xml (RunExportModel)" time="42.138" />
  <testcase classname="ptolemy.vergil.basic.export.test.junit.ExportModelJUnitTestBatch1" name="[65] org/terraswarm/accessor/demo/AugmentedRealityVideoSOHO/AugmentedRealityVideoSOHO.xml (RunExportModel)" time="39.549" />
  <testcase classname="ptolemy.vergil.basic.export.test.junit.ExportModelJUnitTestBatch1" name="[66] org/terraswarm/accessor/demo/AugmentedRealityVideoSOHO/GenerateHueAccessors.xml (RunExportModel)" time="14.184" />
  <testcase classname="ptolemy.vergil.basic.export.test.junit.ExportModelJUnitTestBatch1" name="[67] org/terraswarm/accessor/demo/AugmentedRealityVideoSOHO/GenerateLifxAccessors.xml (RunExportModel)" time="14.933" />
  <testcase classname="ptolemy.vergil.basic.export.test.junit.ExportModelJUnitTestBatch1" name="[68] org/terraswarm/accessor/demo/AugmentedRealityVideoSOHO/GenerateMQTTAccessors.xml (RunExportModel)" time="16.212" />
  <testcase classname="ptolemy.vergil.basic.export.test.junit.ExportModelJUnitTestBatch1" name="[69] org/terraswarm/accessor/demo/AugmentedRealityVideoSOHO/KeyValueStoreServerSOHO.xml (RunExportModel)" time="38.445" />
  <testcase classname="ptolemy.vergil.basic.export.test.junit.ExportModelJUnitTestBatch1" name="[70] org/terraswarm/accessor/demo/AugmentedRealityVideoSOHO/SoundServerSOHO.xml (RunExportModel)" time="37.97" />
  <testcase classname="ptolemy.vergil.basic.export.test.junit.ExportModelJUnitTestBatch1" name="[71] org/terraswarm/accessor/demo/AugmentedRealityVideoTerra/AugmentedRealityVideoTerra.xml (RunExportModel)" time="42.859" />
  <testcase classname="ptolemy.vergil.basic.export.test.junit.ExportModelJUnitTestBatch1" name="[72] org/terraswarm/accessor/demo/AugmentedRealityVideoTerra/SoundServerTerra.xml (RunExportModel)" time="38.583" />
  <testcase classname="ptolemy.vergil.basic.export.test.junit.ExportModelJUnitTestBatch1" name="[73] org/terraswarm/accessor/demo/Hue/Hue.xml (RunExportModel)" time="3.129" />
  <testcase classname="ptolemy.vergil.basic.export.test.junit.ExportModelJUnitTestBatch1" name="[74] org/terraswarm/accessor/demo/Hue/HueToggle.xml (RunExportModel)" time="38.407" />
  <testcase classname="ptolemy.vergil.basic.export.test.junit.ExportModelJUnitTestBatch1" name="[75] org/terraswarm/accessor/demo/Hue/MotionLights.xml (RunExportModel)" time="37.089" />
  <testcase classname="ptolemy.vergil.basic.export.test.junit.ExportModelJUnitTestBatch1" name="[76] org/terraswarm/accessor/demo/Hue/OccupancyLights.xml (RunExportModel)" time="67.937" />
  <testcase classname="ptolemy.vergil.basic.export.test.junit.ExportModelJUnitTestBatch1" name="[77] org/terraswarm/accessor/demo/Lifx/Lifx.xml (RunExportModel)" time="28.134" />
  <testcase classname="ptolemy.vergil.basic.export.test.junit.ExportModelJUnitTestBatch1" name="[78] org/terraswarm/accessor/demo/NaturalLanguage/NaturalLanguage.xml (RunExportModel)" time="20.37" />
  <testcase classname="ptolemy.vergil.basic.export.test.junit.ExportModelJUnitTestBatch1" name="[79] org/terraswarm/accessor/demo/Scarab/Scarab.xml (RunExportModel)" time="38.288" />
  <testcase classname="ptolemy.vergil.basic.export.test.junit.ExportModelJUnitTestBatch1" name="[80] org/terraswarm/accessor/demo/WatchHandRaisingLight/WatchHandRaisingLight.xml (RunExportModel)" time="37.623" />
  <testcase classname="ptolemy.vergil.basic.export.test.junit.ExportModelJUnitTestBatch1" name="[81] org/terraswarm/ros/demo/Ros/Ros.xml (RunExportModel)" time="3.159" />
  <testcase classname="ptolemy.vergil.basic.export.test.junit.ExportModelJUnitTestBatch1" name="[82] org/terraswarm/ros/demo/Ros/RosPublisher.xml (RunExportModel)" time="4.564" />
  <testcase classname="ptolemy.vergil.basic.export.test.junit.ExportModelJUnitTestBatch1" name="[83] org/terraswarm/ros/demo/Ros/RosSubscriber.xml (RunExportModel)" time="4.292" />
  <testcase classname="ptolemy.vergil.basic.export.test.junit.ExportModelJUnitTestBatch1" name="[84] org/terraswarm/ros/demo/Ros/ScarabArrowKeyController.xml (RunExportModel)" time="7.124" />
  <testcase classname="ptolemy.vergil.basic.export.test.junit.ExportModelJUnitTestBatch1" name="[85] org/terraswarm/ros/demo/Ros/ScarabGoalPublisher.xml (RunExportModel)" time="4.441" />
  <testcase classname="ptolemy.vergil.basic.export.test.junit.ExportModelJUnitTestBatch1" name="[86] org/terraswarm/ros/demo/Ros/ScarabHueController.xml (RunExportModel)" time="7.008" />
  <testcase classname="ptolemy.vergil.basic.export.test.junit.ExportModelJUnitTestBatch1" name="[87] ptolemy/actor/gt/demo/BouncingBallX2/BouncingBallX2.xml (RunExportModel)" time="34.876" />
  <testcase classname="ptolemy.vergil.basic.export.test.junit.ExportModelJUnitTestBatch1" name="[88] ptolemy/actor/gt/demo/ConstOptimization/ConstOptimization.xml (RunExportModel)" time="10.894" />
  <testcase classname="ptolemy.vergil.basic.export.test.junit.ExportModelJUnitTestBatch1" name="[89] ptolemy/actor/gt/demo/ConstOptimization/ConstOptimizationDDF.xml (RunExportModel)" time="11.257" />
  <testcase classname="ptolemy.vergil.basic.export.test.junit.ExportModelJUnitTestBatch1" name="[90] ptolemy/actor/gt/demo/ConstOptimization/ConstOptimizationDE.xml (RunExportModel)" time="11.107" />
  <testcase classname="ptolemy.vergil.basic.export.test.junit.ExportModelJUnitTestBatch1" name="[91] ptolemy/actor/gt/demo/DiningPhilosophers/DiningPhilosophers.xml (RunExportModel)" time="5.193" />
  <testcase classname="ptolemy.vergil.basic.export.test.junit.ExportModelJUnitTestBatch1" name="[92] ptolemy/actor/gt/demo/GameOfLife/GameOfLife.xml (RunExportModel)" time="7.778" />
  <testcase classname="ptolemy.vergil.basic.export.test.junit.ExportModelJUnitTestBatch1" name="[93] ptolemy/actor/gt/demo/HierarchyFlattening/HierarchyFlattening.xml (RunExportModel)" time="3.298" />
  <testcase classname="ptolemy.vergil.basic.export.test.junit.ExportModelJUnitTestBatch1" name="[94] ptolemy/actor/gt/demo/MapReduce/MapReduce.xml (RunExportModel)" time="5.522" />
  <testcase classname="ptolemy.vergil.basic.export.test.junit.ExportModelJUnitTestBatch1" name="[95] ptolemy/actor/gt/demo/MapReduce/MapReduceDDF.xml (RunExportModel)" time="9.083" />
  <testcase classname="ptolemy.vergil.basic.export.test.junit.ExportModelJUnitTestBatch1" name="[96] ptolemy/actor/gt/demo/ModelExecution/ModelExecution.xml (RunExportModel)" time="13.442" />
  <testcase classname="ptolemy.vergil.basic.export.test.junit.ExportModelJUnitTestBatch1" name="[97] ptolemy/actor/gt/demo/ModelGeneration/ModelGeneration.xml (RunExportModel)" time="4.637" />
  <testcase classname="ptolemy.vergil.basic.export.test.junit.ExportModelJUnitTestBatch1" name="[98] ptolemy/actor/gt/demo/ModelGeneration/ModelGenerationDE.xml (RunExportModel)" time="4.44" />
  <testcase classname="ptolemy.vergil.basic.export.test.junit.ExportModelJUnitTestBatch1" name="[99] ptolemy/actor/gt/demo/PublisherTest/PublisherTest.xml (RunExportModel)" time="3.366" />
  <testcase classname="ptolemy.vergil.basic.export.test.junit.ExportModelJUnitTestBatch1" name="[100] ptolemy/actor/gt/demo/RegressionTest/RegressionTest.xml (RunExportModel)" time="4.403" />
  <testcase classname="ptolemy.vergil.basic.export.test.junit.ExportModelJUnitTestBatch1" name="[101] ptolemy/actor/gt/demo/SinewaveOptimization/Sinewave.xml (RunExportModel)" time="4.153" />
  <testcase classname="ptolemy.vergil.basic.export.test.junit.ExportModelJUnitTestBatch1" name="[102] ptolemy/actor/gt/demo/SinewaveOptimization/SinewaveOptimization.xml (RunExportModel)" time="6.871" />
  <testcase classname="ptolemy.vergil.basic.export.test.junit.ExportModelJUnitTestBatch1" name="[103] ptolemy/actor/lib/aspect/demo/CanBus/CanBus.xml (RunExportModel)" time="4.261" />
  <testcase classname="ptolemy.vergil.basic.export.test.junit.ExportModelJUnitTestBatch1" name="[104] ptolemy/actor/lib/aspect/demo/CarTrackingAttackModeling/CarTrackingAttackModeling.xml (RunExportModel)" time="8.622" />
  <testcase classname="ptolemy.vergil.basic.export.test.junit.ExportModelJUnitTestBatch1" name="[105] ptolemy/actor/lib/aspect/demo/CompositeQM/CompositeQM.xml (RunExportModel)" time="4.291" />
  <testcase classname="ptolemy.vergil.basic.export.test.junit.ExportModelJUnitTestBatch1" name="[106] ptolemy/actor/lib/aspect/demo/DE/DE.xml (RunExportModel)" time="4.218" />
  <testcase classname="ptolemy.vergil.basic.export.test.junit.ExportModelJUnitTestBatch1" name="[107] ptolemy/actor/lib/aspect/demo/DE/DE2.xml (RunExportModel)" time="4.776" />
  <testcase classname="ptolemy.vergil.basic.export.test.junit.ExportModelJUnitTestBatch1" name="[108] ptolemy/actor/lib/aspect/demo/MonitorExecutionTimes/MonitorExecutionTimes.xml (RunExportModel)" time="4.234" />
  <testcase classname="ptolemy.vergil.basic.export.test.junit.ExportModelJUnitTestBatch1" name="[109] ptolemy/actor/lib/colt/demo/ColtRandom/ColtRandom.xml (RunExportModel)" time="4.468" />
  <testcase classname="ptolemy.vergil.basic.export.test.junit.ExportModelJUnitTestBatch1" name="[110] ptolemy/actor/lib/comm/demo/ConvolutionalCoder/ConvolutionalCoder.xml (RunExportModel)" time="4.448" />
  <testcase classname="ptolemy.vergil.basic.export.test.junit.ExportModelJUnitTestBatch1" name="[111] ptolemy/actor/lib/comm/demo/HuffmanDecoder/HuffmanDecoder.xml (RunExportModel)" time="4.362" />
  <testcase classname="ptolemy.vergil.basic.export.test.junit.ExportModelJUnitTestBatch1" name="[112] ptolemy/actor/lib/comm/demo/Scrambler/Scrambler.xml (RunExportModel)" time="4.296" />
  <testcase classname="ptolemy.vergil.basic.export.test.junit.ExportModelJUnitTestBatch1" name="[113] ptolemy/actor/lib/comm/demo/TrellisDecoder/TrellisDecoder.xml (RunExportModel)" time="4.521" />
  <testcase classname="ptolemy.vergil.basic.export.test.junit.ExportModelJUnitTestBatch1" name="[114] ptolemy/actor/lib/comm/demo/ViterbiDecoder/ViterbiDecoder.xml (RunExportModel)" time="4.352" />
  <testcase classname="ptolemy.vergil.basic.export.test.junit.ExportModelJUnitTestBatch1" name="[115] ptolemy/actor/lib/database/demo/InteractiveQuery/InteractiveQuery.xml (RunExportModel)" time="3.128" />
  <testcase classname="ptolemy.vergil.basic.export.test.junit.ExportModelJUnitTestBatch1" name="[116] ptolemy/actor/lib/fmi/demo/FMUBouncingBall/FMUBouncingBall.xml (RunExportModel)" time="4.283" />
  <testcase classname="ptolemy.vergil.basic.export.test.junit.ExportModelJUnitTestBatch1" name="[117] ptolemy/actor/lib/fmi/demo/FMULevelStairs/FMULevelStairs.xml (RunExportModel)" time="4.164" />
  <testcase classname="ptolemy.vergil.basic.export.test.junit.ExportModelJUnitTestBatch1" name="[118] ptolemy/actor/lib/fmi/demo/FMUSimulationX/FMUSimulationX.xml (RunExportModel)" time="3.235" />
  <testcase classname="ptolemy.vergil.basic.export.test.junit.ExportModelJUnitTestBatch1" name="[119] ptolemy/actor/lib/fmi/demo/FMUSimulationX/FMUSimulationXPIController.xml (RunExportModel)" time="3.16" />
  <testcase classname="ptolemy.vergil.basic.export.test.junit.ExportModelJUnitTestBatch1" name="[120] ptolemy/actor/lib/fmi/demo/FMUStairs/FMUStairs.xml (RunExportModel)" time="4.179" />
  <testcase classname="ptolemy.vergil.basic.export.test.junit.ExportModelJUnitTestBatch1" name="[121] ptolemy/actor/lib/fmi/demo/FMUTwoBallCollision/FMUTwoBallCollision.xml (RunExportModel)" time="4.343" />
  <testcase classname="ptolemy.vergil.basic.export.test.junit.ExportModelJUnitTestBatch1" name="[122] ptolemy/actor/lib/fmi/jni/demo/FourInFourOutsDymola/FourInFourOutsDymola.xml (RunExportModel)" time="3.334" />
  <testcase classname="ptolemy.vergil.basic.export.test.junit.ExportModelJUnitTestBatch1" name="[123] ptolemy/actor/lib/fmi/jni/demo/FourInFourOutsDymola/FourInFourOutsDymolaJNI.xml (RunExportModel)" time="3.266" />
  <testcase classname="ptolemy.vergil.basic.export.test.junit.ExportModelJUnitTestBatch1" name="[124] ptolemy/actor/lib/fmi/jni/demo/FourInFourOutsDymola/FourInFourOutsDymolaWindows.xml (RunExportModel)" time="3.167" />
  <testcase classname="ptolemy.vergil.basic.export.test.junit.ExportModelJUnitTestBatch1" name="[125] ptolemy/actor/lib/gem5/demo/DramThermalModel/DramThermalModel.xml (RunExportModel)" time="5.945" />
  <testcase classname="ptolemy.vergil.basic.export.test.junit.ExportModelJUnitTestBatch1" name="[126] ptolemy/actor/lib/hoc/demo/ApplyFFT/ApplyFFT.xml (RunExportModel)" time="4.284" />
  <testcase classname="ptolemy.vergil.basic.export.test.junit.ExportModelJUnitTestBatch1" name="[127] ptolemy/actor/lib/hoc/demo/Case/Case.xml (RunExportModel)" time="4.325" />
  <testcase classname="ptolemy.vergil.basic.export.test.junit.ExportModelJUnitTestBatch1" name="[128] ptolemy/actor/lib/hoc/demo/DFTSubSet/DFTSubSet.xml (RunExportModel)" time="5.058" />
  <testcase classname="ptolemy.vergil.basic.export.test.junit.ExportModelJUnitTestBatch1" name="[129] ptolemy/actor/lib/hoc/demo/HocDE/HocDE.xml (RunExportModel)" time="4.697" />
  <testcase classname="ptolemy.vergil.basic.export.test.junit.ExportModelJUnitTestBatch1" name="[130] ptolemy/actor/lib/hoc/demo/IterateOverArray/IterateOverArray.xml (RunExportModel)" time="4.854" />
  <testcase classname="ptolemy.vergil.basic.export.test.junit.ExportModelJUnitTestBatch1" name="[131] ptolemy/actor/lib/hoc/demo/MobileFunction/MobileFunction.xml (RunExportModel)" time="4.17" />
  <testcase classname="ptolemy.vergil.basic.export.test.junit.ExportModelJUnitTestBatch1" name="[132] ptolemy/actor/lib/hoc/demo/ModelReference/ModelReference.xml (RunExportModel)" time="34.183" />
  <testcase classname="ptolemy.vergil.basic.export.test.junit.ExportModelJUnitTestBatch1" name="[133] ptolemy/actor/lib/hoc/demo/ThreadedComposite/BackgroundExecution.xml (RunExportModel)" time="13.163" />
  <testcase classname="ptolemy.vergil.basic.export.test.junit.ExportModelJUnitTestBatch1" name="[134] ptolemy/actor/lib/hoc/demo/ThreadedComposite/ConcurrentChat.xml (RunExportModel)" time="3.158" />
  <testcase classname="ptolemy.vergil.basic.export.test.junit.ExportModelJUnitTestBatch1" name="[135] ptolemy/actor/lib/hoc/demo/ThreadedComposite/MulticoreExecution.xml (RunExportModel)" time="14.197" />
  <testcase classname="ptolemy.vergil.basic.export.test.junit.ExportModelJUnitTestBatch1" name="[136] ptolemy/actor/lib/hoc/demo/ThreadedComposite/ParallelExecution.xml (RunExportModel)" time="13.204" />
  <testcase classname="ptolemy.vergil.basic.export.test.junit.ExportModelJUnitTestBatch1" name="[137] ptolemy/actor/lib/hoc/demo/ThreadedComposite/SpontaneousSources.xml (RunExportModel)" time="3.151" />
  <testcase classname="ptolemy.vergil.basic.export.test.junit.ExportModelJUnitTestBatch1" name="[138] ptolemy/actor/lib/hoc/demo/ThreadedComposite/ThreadedComposite.xml (RunExportModel)" time="3.138" />
  <testcase classname="ptolemy.vergil.basic.export.test.junit.ExportModelJUnitTestBatch1" name="[139] ptolemy/actor/lib/io/comm/demo/SerialConsole/SerialConsole.xml (RunExportModel)" time="3.178" />
  <testcase classname="ptolemy.vergil.basic.export.test.junit.ExportModelJUnitTestBatch1" name="[140] ptolemy/actor/lib/io/comm/demo/SerialPort/SerialPort.xml (RunExportModel)" time="3.129" />
  <testcase classname="ptolemy.vergil.basic.export.test.junit.ExportModelJUnitTestBatch1" name="[141] ptolemy/actor/lib/io/comm/demo/XBee/XBee.xml (RunExportModel)" time="3.131" />
  <testcase classname="ptolemy.vergil.basic.export.test.junit.ExportModelJUnitTestBatch1" name="[142] ptolemy/actor/lib/io/demo/AppendToFile/AppendToFile.xml (RunExportModel)" time="3.112" />
  <testcase classname="ptolemy.vergil.basic.export.test.junit.ExportModelJUnitTestBatch1" name="[143] ptolemy/actor/lib/io/demo/CopyFile/CopyFile.xml (RunExportModel)" time="3.15" />
  <testcase classname="ptolemy.vergil.basic.export.test.junit.ExportModelJUnitTestBatch1" name="[144] ptolemy/actor/lib/io/demo/FilePortParameter/FilePortParameter.xml (RunExportModel)" time="3.159" />
  <testcase classname="ptolemy.vergil.basic.export.test.junit.ExportModelJUnitTestBatch1" name="[145] ptolemy/actor/lib/io/demo/ReadExpressionsCommandLine/ReadExpressionsCommandLine.xml (RunExportModel)" time="3.116" />
  <testcase classname="ptolemy.vergil.basic.export.test.junit.ExportModelJUnitTestBatch1" name="[146] ptolemy/actor/lib/io/demo/ReadStdIn/ReadStdIn.xml (RunExportModel)" time="3.117" />
  <testcase classname="ptolemy.vergil.basic.export.test.junit.ExportModelJUnitTestBatch1" name="[147] ptolemy/actor/lib/jai/demo/AdaptiveMedian/AdaptiveMedian.xml (RunExportModel)" time="4.834" />
  <testcase classname="ptolemy.vergil.basic.export.test.junit.ExportModelJUnitTestBatch1" name="[148] ptolemy/actor/lib/jai/demo/ImageReconstruction/ImageReconstruction.xml (RunExportModel)" time="4.254" />
  <testcase classname="ptolemy.vergil.basic.export.test.junit.ExportModelJUnitTestBatch1" name="[149] ptolemy/actor/lib/jai/demo/VQSequenceDisplay/VQSequenceDisplay.xml (RunExportModel)" time="4.735" />
  <system-out><![CDATA[ExportModeJUnitTestBatch: There are 746 demos. Exporting demos: 1 to 150.
####### 1 Fri Jun 01 01:30:10 UTC 2018 $PTII/bin/ptinvoke ptolemy.vergil.basic.export.ExportModel -force htm  -openComposites -timeOut 30000 -whiteBackground lbnl/demo/MatlabRoom/MatlabRoom.xml $PTII/lbnl/demo/MatlabRoom/MatlabRoom
Warning: not running lbnl/demo/MatlabRoom/MatlabRoom.xml. See ptolemy/vergil/basic/export/test/junit/ExportModelJUnitTest.java
Exported /home/travis/build/icyphy/ptII/lbnl/demo/MatlabRoom/MatlabRoom/index.html
6754 ms. Memory: 178688K Free: 150831K (84%)
####### 2 Fri Jun 01 01:30:17 UTC 2018 $PTII/bin/ptinvoke ptolemy.vergil.basic.export.ExportModel -force htm  -openComposites -timeOut 30000 -whiteBackground lbnl/demo/SystemCommand/SystemCommand.xml $PTII/lbnl/demo/SystemCommand/SystemCommand
Warning: not running lbnl/demo/SystemCommand/SystemCommand.xml. See ptolemy/vergil/basic/export/test/junit/ExportModelJUnitTest.java
Exported /home/travis/build/icyphy/ptII/lbnl/demo/SystemCommand/SystemCommand/index.html
3839 ms. Memory: 236032K Free: 107190K (45%)
####### 3 Fri Jun 01 01:30:21 UTC 2018 $PTII/bin/ptinvoke ptolemy.vergil.basic.export.ExportModel -force htm  -openComposites -timeOut 30000 -whiteBackground org/hlacerti/demo/Billard/2Billes1Fed/2Billes1Fed.xml $PTII/org/hlacerti/demo/Billard/2Billes1Fed/2Billes1Fed
Warning: not running org/hlacerti/demo/Billard/2Billes1Fed/2Billes1Fed.xml. See ptolemy/vergil/basic/export/test/junit/ExportModelJUnitTest.java
----------------- Fri Jun 01 01:30:21 UTC 2018 About to sleep for 5.0 seconds before running or rerunning.  Test is: /home/travis/build/icyphy/ptII/org/hlacerti/demo/Billard/2Billes1Fed/2Billes1Fed.xml
Done sleeping
Exported /home/travis/build/icyphy/ptII/org/hlacerti/demo/Billard/2Billes1Fed/2Billes1Fed/index.html
3369 ms. Memory: 240128K Free: 155043K (65%)
####### 4 Fri Jun 01 01:30:29 UTC 2018 $PTII/bin/ptinvoke ptolemy.vergil.basic.export.ExportModel -force htm  -openComposites -timeOut 30000 -whiteBackground org/hlacerti/demo/Billard/2Billes1Fed/PoolTable2.xml $PTII/org/hlacerti/demo/Billard/2Billes1Fed/PoolTable2
Warning: not running org/hlacerti/demo/Billard/2Billes1Fed/PoolTable2.xml. See ptolemy/vergil/basic/export/test/junit/ExportModelJUnitTest.java
----------------- Fri Jun 01 01:30:29 UTC 2018 About to sleep for 5.0 seconds before running or rerunning.  Test is: /home/travis/build/icyphy/ptII/org/hlacerti/demo/Billard/2Billes1Fed/PoolTable2.xml
Done sleeping
Exported /home/travis/build/icyphy/ptII/org/hlacerti/demo/Billard/2Billes1Fed/PoolTable2/index.html
3514 ms. Memory: 304128K Free: 223588K (74%)
####### 5 Fri Jun 01 01:30:38 UTC 2018 $PTII/bin/ptinvoke ptolemy.vergil.basic.export.ExportModel -force htm  -openComposites -timeOut 30000 -whiteBackground org/hlacerti/demo/Billard/2Billes1Fed/TwoBilliardBalls.xml $PTII/org/hlacerti/demo/Billard/2Billes1Fed/TwoBilliardBalls
Warning: not running org/hlacerti/demo/Billard/2Billes1Fed/TwoBilliardBalls.xml. See ptolemy/vergil/basic/export/test/junit/ExportModelJUnitTest.java
----------------- Fri Jun 01 01:30:38 UTC 2018 About to sleep for 5.0 seconds before running or rerunning.  Test is: /home/travis/build/icyphy/ptII/org/hlacerti/demo/Billard/2Billes1Fed/TwoBilliardBalls.xml
Done sleeping
Exported /home/travis/build/icyphy/ptII/org/hlacerti/demo/Billard/2Billes1Fed/TwoBilliardBalls/index.html
3612 ms. Memory: 306688K Free: 159221K (52%)
####### 6 Fri Jun 01 01:30:46 UTC 2018 $PTII/bin/ptinvoke ptolemy.vergil.basic.export.ExportModel -force htm  -openComposites -timeOut 30000 -whiteBackground org/hlacerti/demo/Billard/2Billes2Fed/2Billes2Fed.xml $PTII/org/hlacerti/demo/Billard/2Billes2Fed/2Billes2Fed
Warning: not running org/hlacerti/demo/Billard/2Billes2Fed/2Billes2Fed.xml. See ptolemy/vergil/basic/export/test/junit/ExportModelJUnitTest.java
----------------- Fri Jun 01 01:30:46 UTC 2018 About to sleep for 5.0 seconds before running or rerunning.  Test is: /home/travis/build/icyphy/ptII/org/hlacerti/demo/Billard/2Billes2Fed/2Billes2Fed.xml
Done sleeping
Exported /home/travis/build/icyphy/ptII/org/hlacerti/demo/Billard/2Billes2Fed/2Billes2Fed/index.html
3314 ms. Memory: 347648K Free: 301598K (87%)
####### 7 Fri Jun 01 01:30:55 UTC 2018 $PTII/bin/ptinvoke ptolemy.vergil.basic.export.ExportModel -force htm  -openComposites -timeOut 30000 -whiteBackground org/hlacerti/demo/Billard/2Billes2Fed/BillardBall1.xml $PTII/org/hlacerti/demo/Billard/2Billes2Fed/BillardBall1
Warning: not running org/hlacerti/demo/Billard/2Billes2Fed/BillardBall1.xml. See ptolemy/vergil/basic/export/test/junit/ExportModelJUnitTest.java
----------------- Fri Jun 01 01:30:55 UTC 2018 About to sleep for 5.0 seconds before running or rerunning.  Test is: /home/travis/build/icyphy/ptII/org/hlacerti/demo/Billard/2Billes2Fed/BillardBall1.xml
Done sleeping
Exported /home/travis/build/icyphy/ptII/org/hlacerti/demo/Billard/2Billes2Fed/BillardBall1/index.html
3282 ms. Memory: 347648K Free: 90379K (26%)
####### 8 Fri Jun 01 01:31:03 UTC 2018 $PTII/bin/ptinvoke ptolemy.vergil.basic.export.ExportModel -force htm  -openComposites -timeOut 30000 -whiteBackground org/hlacerti/demo/Billard/2Billes2Fed/BillardBall2.xml $PTII/org/hlacerti/demo/Billard/2Billes2Fed/BillardBall2
Warning: not running org/hlacerti/demo/Billard/2Billes2Fed/BillardBall2.xml. See ptolemy/vergil/basic/export/test/junit/ExportModelJUnitTest.java
----------------- Fri Jun 01 01:31:03 UTC 2018 About to sleep for 5.0 seconds before running or rerunning.  Test is: /home/travis/build/icyphy/ptII/org/hlacerti/demo/Billard/2Billes2Fed/BillardBall2.xml
Done sleeping
Exported /home/travis/build/icyphy/ptII/org/hlacerti/demo/Billard/2Billes2Fed/BillardBall2/index.html
3279 ms. Memory: 351232K Free: 166263K (47%)
####### 9 Fri Jun 01 01:31:11 UTC 2018 $PTII/bin/ptinvoke ptolemy.vergil.basic.export.ExportModel -force htm  -openComposites -timeOut 30000 -whiteBackground org/hlacerti/demo/Billard/2Billes2Fed/BillardTable.xml $PTII/org/hlacerti/demo/Billard/2Billes2Fed/BillardTable
Warning: not running org/hlacerti/demo/Billard/2Billes2Fed/BillardTable.xml. See ptolemy/vergil/basic/export/test/junit/ExportModelJUnitTest.java
----------------- Fri Jun 01 01:31:11 UTC 2018 About to sleep for 5.0 seconds before running or rerunning.  Test is: /home/travis/build/icyphy/ptII/org/hlacerti/demo/Billard/2Billes2Fed/BillardTable.xml
Done sleeping
Exported /home/travis/build/icyphy/ptII/org/hlacerti/demo/Billard/2Billes2Fed/BillardTable/index.html
3207 ms. Memory: 386560K Free: 322461K (83%)
####### 10 Fri Jun 01 01:31:20 UTC 2018 $PTII/bin/ptinvoke ptolemy.vergil.basic.export.ExportModel -force htm  -openComposites -timeOut 30000 -whiteBackground org/hlacerti/demo/Billard/Billard.xml $PTII/org/hlacerti/demo/Billard/Billard
Warning: not running org/hlacerti/demo/Billard/Billard.xml. See ptolemy/vergil/basic/export/test/junit/ExportModelJUnitTest.java
----------------- Fri Jun 01 01:31:20 UTC 2018 About to sleep for 5.0 seconds before running or rerunning.  Test is: /home/travis/build/icyphy/ptII/org/hlacerti/demo/Billard/Billard.xml
Done sleeping
Exported /home/travis/build/icyphy/ptII/org/hlacerti/demo/Billard/Billard/index.html
3144 ms. Memory: 386560K Free: 204236K (53%)
####### 11 Fri Jun 01 01:31:28 UTC 2018 $PTII/bin/ptinvoke ptolemy.vergil.basic.export.ExportModel -force htm  -openComposites -timeOut 30000 -whiteBackground org/hlacerti/demo/f14HLA/f14HLA.xml $PTII/org/hlacerti/demo/f14HLA/f14HLA
Warning: not running org/hlacerti/demo/f14HLA/f14HLA.xml. See ptolemy/vergil/basic/export/test/junit/ExportModelJUnitTest.java
----------------- Fri Jun 01 01:31:28 UTC 2018 About to sleep for 5.0 seconds before running or rerunning.  Test is: /home/travis/build/icyphy/ptII/org/hlacerti/demo/f14HLA/f14HLA.xml
Done sleeping
Exported /home/travis/build/icyphy/ptII/org/hlacerti/demo/f14HLA/f14HLA/index.html
3152 ms. Memory: 386560K Free: 84043K (22%)
####### 12 Fri Jun 01 01:31:36 UTC 2018 $PTII/bin/ptinvoke ptolemy.vergil.basic.export.ExportModel -force htm  -openComposites -timeOut 30000 -whiteBackground org/hlacerti/demo/IntegrationTests/IntegrationTests.xml $PTII/org/hlacerti/demo/IntegrationTests/IntegrationTests
Warning: not running org/hlacerti/demo/IntegrationTests/IntegrationTests.xml. See ptolemy/vergil/basic/export/test/junit/ExportModelJUnitTest.java
----------------- Fri Jun 01 01:31:36 UTC 2018 About to sleep for 5.0 seconds before running or rerunning.  Test is: /home/travis/build/icyphy/ptII/org/hlacerti/demo/IntegrationTests/IntegrationTests.xml
Done sleeping
Exported /home/travis/build/icyphy/ptII/org/hlacerti/demo/IntegrationTests/IntegrationTests/index.html
3184 ms. Memory: 369152K Free: 274068K (74%)
####### 13 Fri Jun 01 01:31:44 UTC 2018 $PTII/bin/ptinvoke ptolemy.vergil.basic.export.ExportModel -force htm  -openComposites -timeOut 30000 -whiteBackground org/hlacerti/demo/IntegrationTests/TimeAdvancing1Federate/TimeAdvancing1Federate.xml $PTII/org/hlacerti/demo/IntegrationTests/TimeAdvancing1Federate/TimeAdvancing1Federate
Warning: not running org/hlacerti/demo/IntegrationTests/TimeAdvancing1Federate/TimeAdvancing1Federate.xml. See ptolemy/vergil/basic/export/test/junit/ExportModelJUnitTest.java
----------------- Fri Jun 01 01:31:44 UTC 2018 About to sleep for 5.0 seconds before running or rerunning.  Test is: /home/travis/build/icyphy/ptII/org/hlacerti/demo/IntegrationTests/TimeAdvancing1Federate/TimeAdvancing1Federate.xml
Done sleeping
Exported /home/travis/build/icyphy/ptII/org/hlacerti/demo/IntegrationTests/TimeAdvancing1Federate/TimeAdvancing1Federate/index.html
3143 ms. Memory: 369152K Free: 148420K (40%)
####### 14 Fri Jun 01 01:31:52 UTC 2018 $PTII/bin/ptinvoke ptolemy.vergil.basic.export.ExportModel -force htm  -openComposites -timeOut 30000 -whiteBackground org/hlacerti/demo/IntegrationTests/TimeAdvancing2Federates/testTimeAdvancingF1.xml $PTII/org/hlacerti/demo/IntegrationTests/TimeAdvancing2Federates/testTimeAdvancingF1
Warning: not running org/hlacerti/demo/IntegrationTests/TimeAdvancing2Federates/testTimeAdvancingF1.xml. See ptolemy/vergil/basic/export/test/junit/ExportModelJUnitTest.java
----------------- Fri Jun 01 01:31:52 UTC 2018 About to sleep for 5.0 seconds before running or rerunning.  Test is: /home/travis/build/icyphy/ptII/org/hlacerti/demo/IntegrationTests/TimeAdvancing2Federates/testTimeAdvancingF1.xml
Done sleeping
Exported /home/travis/build/icyphy/ptII/org/hlacerti/demo/IntegrationTests/TimeAdvancing2Federates/testTimeAdvancingF1/index.html
3148 ms. Memory: 353792K Free: 311178K (88%)
####### 15 Fri Jun 01 01:32:00 UTC 2018 $PTII/bin/ptinvoke ptolemy.vergil.basic.export.ExportModel -force htm  -openComposites -timeOut 30000 -whiteBackground org/hlacerti/demo/IntegrationTests/TimeAdvancing2Federates/testTimeAdvancingF2.xml $PTII/org/hlacerti/demo/IntegrationTests/TimeAdvancing2Federates/testTimeAdvancingF2
Warning: not running org/hlacerti/demo/IntegrationTests/TimeAdvancing2Federates/testTimeAdvancingF2.xml. See ptolemy/vergil/basic/export/test/junit/ExportModelJUnitTest.java
----------------- Fri Jun 01 01:32:00 UTC 2018 About to sleep for 5.0 seconds before running or rerunning.  Test is: /home/travis/build/icyphy/ptII/org/hlacerti/demo/IntegrationTests/TimeAdvancing2Federates/testTimeAdvancingF2.xml
Done sleeping
Exported /home/travis/build/icyphy/ptII/org/hlacerti/demo/IntegrationTests/TimeAdvancing2Federates/testTimeAdvancingF2/index.html
3172 ms. Memory: 353792K Free: 189041K (53%)
####### 16 Fri Jun 01 01:32:08 UTC 2018 $PTII/bin/ptinvoke ptolemy.vergil.basic.export.ExportModel -force htm  -openComposites -timeOut 30000 -whiteBackground org/hlacerti/demo/IntegrationTests/TimeAdvancing2Federates/TimeAdvancing2Federates.xml $PTII/org/hlacerti/demo/IntegrationTests/TimeAdvancing2Federates/TimeAdvancing2Federates
Warning: not running org/hlacerti/demo/IntegrationTests/TimeAdvancing2Federates/TimeAdvancing2Federates.xml. See ptolemy/vergil/basic/export/test/junit/ExportModelJUnitTest.java
----------------- Fri Jun 01 01:32:08 UTC 2018 About to sleep for 5.0 seconds before running or rerunning.  Test is: /home/travis/build/icyphy/ptII/org/hlacerti/demo/IntegrationTests/TimeAdvancing2Federates/TimeAdvancing2Federates.xml
Done sleeping
Exported /home/travis/build/icyphy/ptII/org/hlacerti/demo/IntegrationTests/TimeAdvancing2Federates/TimeAdvancing2Federates/index.html
3152 ms. Memory: 353792K Free: 68476K (19%)
####### 17 Fri Jun 01 01:32:17 UTC 2018 $PTII/bin/ptinvoke ptolemy.vergil.basic.export.ExportModel -force htm  -openComposites -timeOut 30000 -whiteBackground org/hlacerti/demo/IntegrationTests/TimeAdvancing2FederatesIntervalEvents/testTimeAdvancingF1.xml $PTII/org/hlacerti/demo/IntegrationTests/TimeAdvancing2FederatesIntervalEvents/testTimeAdvancingF1
Warning: not running org/hlacerti/demo/IntegrationTests/TimeAdvancing2FederatesIntervalEvents/testTimeAdvancingF1.xml. See ptolemy/vergil/basic/export/test/junit/ExportModelJUnitTest.java
----------------- Fri Jun 01 01:32:17 UTC 2018 About to sleep for 5.0 seconds before running or rerunning.  Test is: /home/travis/build/icyphy/ptII/org/hlacerti/demo/IntegrationTests/TimeAdvancing2FederatesIntervalEvents/testTimeAdvancingF1.xml
Done sleeping
Exported /home/travis/build/icyphy/ptII/org/hlacerti/demo/IntegrationTests/TimeAdvancing2FederatesIntervalEvents/testTimeAdvancingF1/index.html
3165 ms. Memory: 344064K Free: 225319K (65%)
####### 18 Fri Jun 01 01:32:25 UTC 2018 $PTII/bin/ptinvoke ptolemy.vergil.basic.export.ExportModel -force htm  -openComposites -timeOut 30000 -whiteBackground org/hlacerti/demo/IntegrationTests/TimeAdvancing2FederatesIntervalEvents/testTimeAdvancingF2InternalEvent.xml $PTII/org/hlacerti/demo/IntegrationTests/TimeAdvancing2FederatesIntervalEvents/testTimeAdvancingF2InternalEvent
Warning: not running org/hlacerti/demo/IntegrationTests/TimeAdvancing2FederatesIntervalEvents/testTimeAdvancingF2InternalEvent.xml. See ptolemy/vergil/basic/export/test/junit/ExportModelJUnitTest.java
----------------- Fri Jun 01 01:32:25 UTC 2018 About to sleep for 5.0 seconds before running or rerunning.  Test is: /home/travis/build/icyphy/ptII/org/hlacerti/demo/IntegrationTests/TimeAdvancing2FederatesIntervalEvents/testTimeAdvancingF2InternalEvent.xml
Done sleeping
Exported /home/travis/build/icyphy/ptII/org/hlacerti/demo/IntegrationTests/TimeAdvancing2FederatesIntervalEvents/testTimeAdvancingF2InternalEvent/index.html
3132 ms. Memory: 344064K Free: 100865K (29%)
####### 19 Fri Jun 01 01:32:33 UTC 2018 $PTII/bin/ptinvoke ptolemy.vergil.basic.export.ExportModel -force htm  -openComposites -timeOut 30000 -whiteBackground org/hlacerti/demo/IntegrationTests/TimeAdvancing2FederatesIntervalEvents/TimeAdvancing2FederatesIntervalEvents.xml $PTII/org/hlacerti/demo/IntegrationTests/TimeAdvancing2FederatesIntervalEvents/TimeAdvancing2FederatesIntervalEvents
Warning: not running org/hlacerti/demo/IntegrationTests/TimeAdvancing2FederatesIntervalEvents/TimeAdvancing2FederatesIntervalEvents.xml. See ptolemy/vergil/basic/export/test/junit/ExportModelJUnitTest.java
----------------- Fri Jun 01 01:32:33 UTC 2018 About to sleep for 5.0 seconds before running or rerunning.  Test is: /home/travis/build/icyphy/ptII/org/hlacerti/demo/IntegrationTests/TimeAdvancing2FederatesIntervalEvents/TimeAdvancing2FederatesIntervalEvents.xml
Done sleeping
Exported /home/travis/build/icyphy/ptII/org/hlacerti/demo/IntegrationTests/TimeAdvancing2FederatesIntervalEvents/TimeAdvancing2FederatesIntervalEvents/index.html
3187 ms. Memory: 332800K Free: 243458K (73%)
####### 20 Fri Jun 01 01:32:41 UTC 2018 $PTII/bin/ptinvoke ptolemy.vergil.basic.export.ExportModel -force htm  -openComposites -timeOut 30000 -whiteBackground org/hlacerti/demo/SynchronizeToRealTime/SynchronizeToRealTime.xml $PTII/org/hlacerti/demo/SynchronizeToRealTime/SynchronizeToRealTime
Warning: not running org/hlacerti/demo/SynchronizeToRealTime/SynchronizeToRealTime.xml. See ptolemy/vergil/basic/export/test/junit/ExportModelJUnitTest.java
----------------- Fri Jun 01 01:32:41 UTC 2018 About to sleep for 5.0 seconds before running or rerunning.  Test is: /home/travis/build/icyphy/ptII/org/hlacerti/demo/SynchronizeToRealTime/SynchronizeToRealTime.xml
Done sleeping
Exported /home/travis/build/icyphy/ptII/org/hlacerti/demo/SynchronizeToRealTime/SynchronizeToRealTime/index.html
3239 ms. Memory: 325632K Free: 269776K (83%)
####### 21 Fri Jun 01 01:32:49 UTC 2018 $PTII/bin/ptinvoke ptolemy.vergil.basic.export.ExportModel -force htm -run -openComposites -timeOut 30000 -whiteBackground org/ptolemy/machineImprovisation/demo/JazzImprovisation/JazzImprovisation.xml $PTII/org/ptolemy/machineImprovisation/demo/JazzImprovisation/JazzImprovisation
Running .JazzImprovisation
Chord: E7 Tones:[E, F#, G#, B, C#, D] Note being tested: E4
Accepted Note: E4
Chord: E7 Tones:[E, F#, G#, B, C#, D] Note being tested: G4
Chord: E7 Tones:[E, F#, G#, B, C#, D] Note being tested: G#4
Accepted Note: G#4
Chord: E7 Tones:[E, F#, G#, B, C#, D] Note being tested: B4
Accepted Note: B4
Chord: E7 Tones:[E, F#, G#, B, C#, D] Note being tested: D5
Accepted Note: D5
Chord: E7 Tones:[E, F#, G#, B, C#, D] Note being tested: F5
Chord: E7 Tones:[E, F#, G#, B, C#, D] Note being tested: G#5
Accepted Note: G#5
Chord: E7 Tones:[E, F#, G#, B, C#, D] Note being tested: E5
Accepted Note: E5
Chord: E7 Tones:[E, F#, G#, B, C#, D] Note being tested: G5
Chord: E7 Tones:[E, F#, G#, B, C#, D] Note being tested: C#5
Accepted Note: C#5
Chord: E7 Tones:[E, F#, G#, B, C#, D] Note being tested: F#4
Accepted Note: F#4
Chord: E7 Tones:[E, F#, G#, B, C#, D] Note being tested: D#5
Chord: E7 Tones:[E, F#, G#, B, C#, D] Note being tested: A4
Chord: E7 Tones:[E, F#, G#, B, C#, D] Note being tested: G4
Chord: E7 Tones:[E, F#, G#, B, C#, D] Note being tested: E4
Accepted Note: E4
Chord: E7 Tones:[E, F#, G#, B, C#, D] Note being tested: G4
Chord: E7 Tones:[E, F#, G#, B, C#, D] Note being tested: G#4
Accepted Note: G#4
Chord: E7 Tones:[E, F#, G#, B, C#, D] Note being tested: B4
Accepted Note: B4
Chord: E7 Tones:[E, F#, G#, B, C#, D] Note being tested: D5
Accepted Note: D5
Chord: E7 Tones:[E, F#, G#, B, C#, D] Note being tested: F5
Chord: E7 Tones:[E, F#, G#, B, C#, D] Note being tested: G#5
Accepted Note: G#5
Chord: E7 Tones:[E, F#, G#, B, C#, D] Note being tested: E5
Accepted Note: E5
Chord: E7 Tones:[E, F#, G#, B, C#, D] Note being tested: G5
Chord: E7 Tones:[E, F#, G#, B, C#, D] Note being tested: C#5
Accepted Note: C#5
Chord: E7 Tones:[E, F#, G#, B, C#, D] Note being tested: F#4
Accepted Note: F#4
Chord: E7 Tones:[E, F#, G#, B, C#, D] Note being tested: D#5
Chord: E7 Tones:[E, F#, G#, B, C#, D] Note being tested: A4
Chord: E7 Tones:[E, F#, G#, B, C#, D] Note being tested: B4
Accepted Note: B4
Chord: E7 Tones:[E, F#, G#, B, C#, D] Note being tested: A#4
Chord: E7 Tones:[E, F#, G#, B, C#, D] Note being tested: G#4
Accepted Note: G#4
Chord: E7 Tones:[E, F#, G#, B, C#, D] Note being tested: G4
Chord: E7 Tones:[E, F#, G#, B, C#, D] Note being tested: F#4
Accepted Note: F#4
Chord: E7 Tones:[E, F#, G#, B, C#, D] Note being tested: F4
Chord: E7 Tones:[E, F#, G#, B, C#, D] Note being tested: E4
Accepted Note: E4
Chord: E7 Tones:[E, F#, G#, B, C#, D] Note being tested: D4
Accepted Note: D4
Chord: E7 Tones:[E, F#, G#, B, C#, D] Note being tested: D#4
Chord: E7 Tones:[E, F#, G#, B, C#, D] Note being tested: G4
Chord: E7 Tones:[E, F#, G#, B, C#, D] Note being tested: A4
Chord: E7 Tones:[E, F#, G#, B, C#, D] Note being tested: C#5
Accepted Note: C#5
Chord: E7 Tones:[E, F#, G#, B, C#, D] Note being tested: F5
Chord: E7 Tones:[E, F#, G#, B, C#, D] Note being tested: A5
Chord: E7 Tones:[E, F#, G#, B, C#, D] Note being tested: G4
Chord: E7 Tones:[E, F#, G#, B, C#, D] Note being tested: A4
Chord: E7 Tones:[E, F#, G#, B, C#, D] Note being tested: C#5
Accepted Note: C#5
Chord: E7 Tones:[E, F#, G#, B, C#, D] Note being tested: F5
Chord: E7 Tones:[E, F#, G#, B, C#, D] Note being tested: A5
Chord: E7 Tones:[E, F#, G#, B, C#, D] Note being tested: G4
Chord: E7 Tones:[E, F#, G#, B, C#, D] Note being tested: A4
Chord: E7 Tones:[E, F#, G#, B, C#, D] Note being tested: C#5
Accepted Note: C#5
Chord: E7 Tones:[E, F#, G#, B, C#, D] Note being tested: F5
Chord: E7 Tones:[E, F#, G#, B, C#, D] Note being tested: A5
Chord: E7 Tones:[E, F#, G#, B, C#, D] Note being tested: G4
Chord: E7 Tones:[E, F#, G#, B, C#, D] Note being tested: A4
Chord: E7 Tones:[E, F#, G#, B, C#, D] Note being tested: C#5
Accepted Note: C#5
Chord: E7 Tones:[E, F#, G#, B, C#, D] Note being tested: F5
Chord: E7 Tones:[E, F#, G#, B, C#, D] Note being tested: A5
Chord: E7 Tones:[E, F#, G#, B, C#, D] Note being tested: G4
Chord: E7 Tones:[E, F#, G#, B, C#, D] Note being tested: A4
Chord: E7 Tones:[E, F#, G#, B, C#, D] Note being tested: C#5
Accepted Note: C#5
Chord: E7 Tones:[E, F#, G#, B, C#, D] Note being tested: F5
Chord: E7 Tones:[E, F#, G#, B, C#, D] Note being tested: A5
Chord: E7 Tones:[E, F#, G#, B, C#, D] Note being tested: G4
Chord: E7 Tones:[E, F#, G#, B, C#, D] Note being tested: A4
Chord: E7 Tones:[E, F#, G#, B, C#, D] Note being tested: C#5
Accepted Note: C#5
Chord: E7 Tones:[E, F#, G#, B, C#, D] Note being tested: F5
Chord: E7 Tones:[E, F#, G#, B, C#, D] Note being tested: A5
Chord: E7 Tones:[E, F#, G#, B, C#, D] Note being tested: A#4
Chord: E7 Tones:[E, F#, G#, B, C#, D] Note being tested: B4
Accepted Note: B4
Chord: E7 Tones:[E, F#, G#, B, C#, D] Note being tested: A#4
Chord: E7 Tones:[E, F#, G#, B, C#, D] Note being tested: G#4
Accepted Note: G#4
Chord: E7 Tones:[E, F#, G#, B, C#, D] Note being tested: G4
Chord: E7 Tones:[E, F#, G#, B, C#, D] Note being tested: F#4
Accepted Note: F#4
Chord: E7 Tones:[E, F#, G#, B, C#, D] Note being tested: F4
Chord: E7 Tones:[E, F#, G#, B, C#, D] Note being tested: E4
Accepted Note: E4
Chord: E7 Tones:[E, F#, G#, B, C#, D] Note being tested: D4
Accepted Note: D4
Chord: E7 Tones:[E, F#, G#, B, C#, D] Note being tested: D#4
Chord: E7 Tones:[E, F#, G#, B, C#, D] Note being tested: B4
Accepted Note: B4
Chord: E7 Tones:[E, F#, G#, B, C#, D] Note being tested: A#4
Chord: E7 Tones:[E, F#, G#, B, C#, D] Note being tested: G#4
Accepted Note: G#4
Chord: E7 Tones:[E, F#, G#, B, C#, D] Note being tested: G4
Chord: E7 Tones:[E, F#, G#, B, C#, D] Note being tested: F#4
Accepted Note: F#4
Chord: E7 Tones:[E, F#, G#, B, C#, D] Note being tested: F4
Chord: E7 Tones:[E, F#, G#, B, C#, D] Note being tested: E4
Accepted Note: E4
Chord: E7 Tones:[E, F#, G#, B, C#, D] Note being tested: D4
Accepted Note: D4
Chord: E7 Tones:[E, F#, G#, B, C#, D] Note being tested: D#4
Chord: E7 Tones:[E, F#, G#, B, C#, D] Note being tested: B4
Accepted Note: B4
Chord: E7 Tones:[E, F#, G#, B, C#, D] Note being tested: A#4
Chord: E7 Tones:[E, F#, G#, B, C#, D] Note being tested: G#4
Accepted Note: G#4
Chord: E7 Tones:[E, F#, G#, B, C#, D] Note being tested: G4
Chord: E7 Tones:[E, F#, G#, B, C#, D] Note being tested: F#4
Accepted Note: F#4
Chord: E7 Tones:[E, F#, G#, B, C#, D] Note being tested: F4
Chord: E7 Tones:[E, F#, G#, B, C#, D] Note being tested: E4
Accepted Note: E4
Chord: E7 Tones:[E, F#, G#, B, C#, D] Note being tested: D4
Accepted Note: D4
Chord: E7 Tones:[E, F#, G#, B, C#, D] Note being tested: D#4
Chord: E7 Tones:[E, F#, G#, B, C#, D] Note being tested: G4
Chord: E7 Tones:[E, F#, G#, B, C#, D] Note being tested: A4
Chord: E7 Tones:[E, F#, G#, B, C#, D] Note being tested: C#5
Accepted Note: C#5
Chord: E7 Tones:[E, F#, G#, B, C#, D] Note being tested: F5
Chord: E7 Tones:[E, F#, G#, B, C#, D] Note being tested: A5
Chord: E7 Tones:[E, F#, G#, B, C#, D] Note being tested: F5
Chord: E7 Tones:[E, F#, G#, B, C#, D] Note being tested: G4
Chord: E7 Tones:[E, F#, G#, B, C#, D] Note being tested: A4
Chord: E7 Tones:[E, F#, G#, B, C#, D] Note being tested: C#5
Accepted Note: C#5
Chord: E7 Tones:[E, F#, G#, B, C#, D] Note being tested: F5
Chord: E7 Tones:[E, F#, G#, B, C#, D] Note being tested: A5
Chord: E7 Tones:[E, F#, G#, B, C#, D] Note being tested: G4
Chord: E7 Tones:[E, F#, G#, B, C#, D] Note being tested: A4
Chord: E7 Tones:[E, F#, G#, B, C#, D] Note being tested: C#5
Accepted Note: C#5
Chord: E7 Tones:[E, F#, G#, B, C#, D] Note being tested: F5
Chord: E7 Tones:[E, F#, G#, B, C#, D] Note being tested: A5
Chord: E7 Tones:[E, F#, G#, B, C#, D] Note being tested: G4
Chord: E7 Tones:[E, F#, G#, B, C#, D] Note being tested: A4
Chord: E7 Tones:[E, F#, G#, B, C#, D] Note being tested: C#5
Accepted Note: C#5
Chord: E7 Tones:[E, F#, G#, B, C#, D] Note being tested: F5
Chord: E7 Tones:[E, F#, G#, B, C#, D] Note being tested: A5
Chord: E7 Tones:[E, F#, G#, B, C#, D] Note being tested: G4
Chord: E7 Tones:[E, F#, G#, B, C#, D] Note being tested: A4
Chord: E7 Tones:[E, F#, G#, B, C#, D] Note being tested: C#5
Accepted Note: C#5
Chord: E7 Tones:[E, F#, G#, B, C#, D] Note being tested: F5
Chord: E7 Tones:[E, F#, G#, B, C#, D] Note being tested: A5
Chord: E7 Tones:[E, F#, G#, B, C#, D] Note being tested: G4
Chord: E7 Tones:[E, F#, G#, B, C#, D] Note being tested: A4
Chord: E7 Tones:[E, F#, G#, B, C#, D] Note being tested: C#5
Accepted Note: C#5
Chord: E7 Tones:[E, F#, G#, B, C#, D] Note being tested: F5
Chord: E7 Tones:[E, F#, G#, B, C#, D] Note being tested: A5
Chord: E7 Tones:[E, F#, G#, B, C#, D] Note being tested: G4
Chord: E7 Tones:[E, F#, G#, B, C#, D] Note being tested: A4
Chord: E7 Tones:[E, F#, G#, B, C#, D] Note being tested: C#5
Accepted Note: C#5
Chord: E7 Tones:[E, F#, G#, B, C#, D] Note being tested: F5
Chord: E7 Tones:[E, F#, G#, B, C#, D] Note being tested: A5
Chord: E7 Tones:[E, F#, G#, B, C#, D] Note being tested: B4
Accepted Note: B4
Chord: E7 Tones:[E, F#, G#, B, C#, D] Note being tested: A#4
Chord: E7 Tones:[E, F#, G#, B, C#, D] Note being tested: G#4
Accepted Note: G#4
Chord: E7 Tones:[E, F#, G#, B, C#, D] Note being tested: G4
Chord: E7 Tones:[E, F#, G#, B, C#, D] Note being tested: F#4
Accepted Note: F#4
Chord: E7 Tones:[E, F#, G#, B, C#, D] Note being tested: F4
Chord: E7 Tones:[E, F#, G#, B, C#, D] Note being tested: E4
Accepted Note: E4
Chord: E7 Tones:[E, F#, G#, B, C#, D] Note being tested: D4
Accepted Note: D4
Chord: E7 Tones:[E, F#, G#, B, C#, D] Note being tested: D#4
Chord: E7 Tones:[E, F#, G#, B, C#, D] Note being tested: B4
Accepted Note: B4
Chord: E7 Tones:[E, F#, G#, B, C#, D] Note being tested: A#4
Chord: E7 Tones:[E, F#, G#, B, C#, D] Note being tested: G#4
Accepted Note: G#4
Chord: E7 Tones:[E, F#, G#, B, C#, D] Note being tested: G4
Chord: E7 Tones:[E, F#, G#, B, C#, D] Note being tested: F#4
Accepted Note: F#4
Chord: E7 Tones:[E, F#, G#, B, C#, D] Note being tested: F4
Chord: E7 Tones:[E, F#, G#, B, C#, D] Note being tested: E4
Accepted Note: E4
Chord: E7 Tones:[E, F#, G#, B, C#, D] Note being tested: D4
Accepted Note: D4
Chord: E7 Tones:[E, F#, G#, B, C#, D] Note being tested: D#4
Chord: E7 Tones:[E, F#, G#, B, C#, D] Note being tested: B4
Accepted Note: B4
Chord: E7 Tones:[E, F#, G#, B, C#, D] Note being tested: A#4
Chord: E7 Tones:[E, F#, G#, B, C#, D] Note being tested: G#4
Accepted Note: G#4
Chord: E7 Tones:[E, F#, G#, B, C#, D] Note being tested: G4
Chord: E7 Tones:[E, F#, G#, B, C#, D] Note being tested: F#4
Accepted Note: F#4
Chord: E7 Tones:[E, F#, G#, B, C#, D] Note being tested: F4
Chord: E7 Tones:[E, F#, G#, B, C#, D] Note being tested: E4
Accepted Note: E4
Chord: E7 Tones:[E, F#, G#, B, C#, D] Note being tested: D4
Accepted Note: D4
Chord: E7 Tones:[E, F#, G#, B, C#, D] Note being tested: D#4
Chord: E7 Tones:[E, F#, G#, B, C#, D] Note being tested: G4
Chord: E7 Tones:[E, F#, G#, B, C#, D] Note being tested: A4
Chord: E7 Tones:[E, F#, G#, B, C#, D] Note being tested: C#5
Accepted Note: C#5
Chord: E7 Tones:[E, F#, G#, B, C#, D] Note being tested: F5
Chord: E7 Tones:[E, F#, G#, B, C#, D] Note being tested: A5
Chord: E7 Tones:[E, F#, G#, B, C#, D] Note being tested: G4
Chord: E7 Tones:[E, F#, G#, B, C#, D] Note being tested: A4
Chord: E7 Tones:[E, F#, G#, B, C#, D] Note being tested: C#5
Accepted Note: C#5
Chord: E7 Tones:[E, F#, G#, B, C#, D] Note being tested: F5
Chord: E7 Tones:[E, F#, G#, B, C#, D] Note being tested: A5
Chord: E7 Tones:[E, F#, G#, B, C#, D] Note being tested: G4
Chord: E7 Tones:[E, F#, G#, B, C#, D] Note being tested: A4
Chord: E7 Tones:[E, F#, G#, B, C#, D] Note being tested: C#5
Accepted Note: C#5
Chord: E7 Tones:[E, F#, G#, B, C#, D] Note being tested: F5
Chord: E7 Tones:[E, F#, G#, B, C#, D] Note being tested: A5
Chord: E7 Tones:[E, F#, G#, B, C#, D] Note being tested: B4
Accepted Note: B4
Chord: E7 Tones:[E, F#, G#, B, C#, D] Note being tested: A#4
Chord: E7 Tones:[E, F#, G#, B, C#, D] Note being tested: G#4
Accepted Note: G#4
Chord: E7 Tones:[E, F#, G#, B, C#, D] Note being tested: G4
Chord: E7 Tones:[E, F#, G#, B, C#, D] Note being tested: F#4
Accepted Note: F#4
Chord: E7 Tones:[E, F#, G#, B, C#, D] Note being tested: F4
Chord: E7 Tones:[E, F#, G#, B, C#, D] Note being tested: E4
Accepted Note: E4
Chord: E7 Tones:[E, F#, G#, B, C#, D] Note being tested: D4
Accepted Note: D4
Chord: E7 Tones:[E, F#, G#, B, C#, D] Note being tested: D#4
Chord: E7 Tones:[E, F#, G#, B, C#, D] Note being tested: G4
Chord: E7 Tones:[E, F#, G#, B, C#, D] Note being tested: A4
Chord: E7 Tones:[E, F#, G#, B, C#, D] Note being tested: C#5
Accepted Note: C#5
Chord: E7 Tones:[E, F#, G#, B, C#, D] Note being tested: F5
Chord: E7 Tones:[E, F#, G#, B, C#, D] Note being tested: A5
Chord: E7 Tones:[E, F#, G#, B, C#, D] Note being tested: G4
Chord: E7 Tones:[E, F#, G#, B, C#, D] Note being tested: A4
Chord: E7 Tones:[E, F#, G#, B, C#, D] Note being tested: C#5
Accepted Note: C#5
Chord: E7 Tones:[E, F#, G#, B, C#, D] Note being tested: F5
Chord: E7 Tones:[E, F#, G#, B, C#, D] Note being tested: A5
Chord: E7 Tones:[E, F#, G#, B, C#, D] Note being tested: G4
Chord: E7 Tones:[E, F#, G#, B, C#, D] Note being tested: A4
Chord: E7 Tones:[E, F#, G#, B, C#, D] Note being tested: C#5
Accepted Note: C#5
Chord: E7 Tones:[E, F#, G#, B, C#, D] Note being tested: F5
Chord: E7 Tones:[E, F#, G#, B, C#, D] Note being tested: A5
Chord: E7 Tones:[E, F#, G#, B, C#, D] Note being tested: G4
Chord: E7 Tones:[E, F#, G#, B, C#, D] Note being tested: G4
Chord: E7 Tones:[E, F#, G#, B, C#, D] Note being tested: A4
Chord: E7 Tones:[E, F#, G#, B, C#, D] Note being tested: C#5
Accepted Note: C#5
Chord: E7 Tones:[E, F#, G#, B, C#, D] Note being tested: F5
Chord: E7 Tones:[E, F#, G#, B, C#, D] Note being tested: A5
Chord: E7 Tones:[E, F#, G#, B, C#, D] Note being tested: G4
Chord: E7 Tones:[E, F#, G#, B, C#, D] Note being tested: A4
Chord: E7 Tones:[E, F#, G#, B, C#, D] Note being tested: C#5
Accepted Note: C#5
Chord: E7 Tones:[E, F#, G#, B, C#, D] Note being tested: F5
Chord: E7 Tones:[E, F#, G#, B, C#, D] Note being tested: A5
Chord: E7 Tones:[E, F#, G#, B, C#, D] Note being tested: G4
Chord: E7 Tones:[E, F#, G#, B, C#, D] Note being tested: A4
Chord: E7 Tones:[E, F#, G#, B, C#, D] Note being tested: C#5
Accepted Note: C#5
Chord: E7 Tones:[E, F#, G#, B, C#, D] Note being tested: F5
Chord: E7 Tones:[E, F#, G#, B, C#, D] Note being tested: A5
Chord: E7 Tones:[E, F#, G#, B, C#, D] Note being tested: G4
Chord: E7 Tones:[E, F#, G#, B, C#, D] Note being tested: A4
Chord: E7 Tones:[E, F#, G#, B, C#, D] Note being tested: C#5
Accepted Note: C#5
Chord: E7 Tones:[E, F#, G#, B, C#, D] Note being tested: F5
Chord: E7 Tones:[E, F#, G#, B, C#, D] Note being tested: A5
Chord: E7 Tones:[E, F#, G#, B, C#, D] Note being tested: G4
Chord: E7 Tones:[E, F#, G#, B, C#, D] Note being tested: A4
Chord: E7 Tones:[E, F#, G#, B, C#, D] Note being tested: C#5
Accepted Note: C#5
Chord: E7 Tones:[E, F#, G#, B, C#, D] Note being tested: F5
Chord: E7 Tones:[E, F#, G#, B, C#, D] Note being tested: A5
Chord: E7 Tones:[E, F#, G#, B, C#, D] Note being tested: G4
Chord: E7 Tones:[E, F#, G#, B, C#, D] Note being tested: A4
Chord: E7 Tones:[E, F#, G#, B, C#, D] Note being tested: C#5
Accepted Note: C#5
Chord: E7 Tones:[E, F#, G#, B, C#, D] Note being tested: F5
Chord: E7 Tones:[E, F#, G#, B, C#, D] Note being tested: A5
Chord: E7 Tones:[E, F#, G#, B, C#, D] Note being tested: A#4
Chord: E7 Tones:[E, F#, G#, B, C#, D] Note being tested: B4
Accepted Note: B4
Chord: E7 Tones:[E, F#, G#, B, C#, D] Note being tested: A#4
Chord: E7 Tones:[E, F#, G#, B, C#, D] Note being tested: G#4
Accepted Note: G#4
Chord: E7 Tones:[E, F#, G#, B, C#, D] Note being tested: G4
Chord: E7 Tones:[E, F#, G#, B, C#, D] Note being tested: F#4
Accepted Note: F#4
Chord: E7 Tones:[E, F#, G#, B, C#, D] Note being tested: F4
Chord: E7 Tones:[E, F#, G#, B, C#, D] Note being tested: E4
Accepted Note: E4
Chord: E7 Tones:[E, F#, G#, B, C#, D] Note being tested: D4
Accepted Note: D4
Chord: E7 Tones:[E, F#, G#, B, C#, D] Note being tested: D#4
Chord: E7 Tones:[E, F#, G#, B, C#, D] Note being tested: G4
Chord: E7 Tones:[E, F#, G#, B, C#, D] Note being tested: A4
Chord: E7 Tones:[E, F#, G#, B, C#, D] Note being tested: C#5
Accepted Note: C#5
Chord: E7 Tones:[E, F#, G#, B, C#, D] Note being tested: F5
Chord: E7 Tones:[E, F#, G#, B, C#, D] Note being tested: A5
Chord: E7 Tones:[E, F#, G#, B, C#, D] Note being tested: G4
Chord: E7 Tones:[E, F#, G#, B, C#, D] Note being tested: A4
Chord: E7 Tones:[E, F#, G#, B, C#, D] Note being tested: C#5
Accepted Note: C#5
Chord: E7 Tones:[E, F#, G#, B, C#, D] Note being tested: F5
Chord: E7 Tones:[E, F#, G#, B, C#, D] Note being tested: A5
Chord: E7 Tones:[E, F#, G#, B, C#, D] Note being tested: G4
Chord: E7 Tones:[E, F#, G#, B, C#, D] Note being tested: A4
Chord: E7 Tones:[E, F#, G#, B, C#, D] Note being tested: C#5
Accepted Note: C#5
Chord: E7 Tones:[E, F#, G#, B, C#, D] Note being tested: F5
Chord: E7 Tones:[E, F#, G#, B, C#, D] Note being tested: A5
Chord: E7 Tones:[E, F#, G#, B, C#, D] Note being tested: A#4
Chord: E7 Tones:[E, F#, G#, B, C#, D] Note being tested: B4
Accepted Note: B4
Chord: E7 Tones:[E, F#, G#, B, C#, D] Note being tested: A#4
Chord: E7 Tones:[E, F#, G#, B, C#, D] Note being tested: G#4
Accepted Note: G#4
Chord: E7 Tones:[E, F#, G#, B, C#, D] Note being tested: G4
Chord: E7 Tones:[E, F#, G#, B, C#, D] Note being tested: F#4
Accepted Note: F#4
Chord: E7 Tones:[E, F#, G#, B, C#, D] Note being tested: F4
Chord: E7 Tones:[E, F#, G#, B, C#, D] Note being tested: E4
Accepted Note: E4
Chord: E7 Tones:[E, F#, G#, B, C#, D] Note being tested: D4
Accepted Note: D4
Chord: E7 Tones:[E, F#, G#, B, C#, D] Note being tested: D#4
Chord: E7 Tones:[E, F#, G#, B, C#, D] Note being tested: A#4
Chord: E7 Tones:[E, F#, G#, B, C#, D] Note being tested: G4
Chord: E7 Tones:[E, F#, G#, B, C#, D] Note being tested: A4
Chord: E7 Tones:[E, F#, G#, B, C#, D] Note being tested: C#5
Accepted Note: C#5
Chord: E7 Tones:[E, F#, G#, B, C#, D] Note being tested: F5
Chord: E7 Tones:[E, F#, G#, B, C#, D] Note being tested: A5
Chord: E7 Tones:[E, F#, G#, B, C#, D] Note being tested: G4
Chord: E7 Tones:[E, F#, G#, B, C#, D] Note being tested: A4
Chord: E7 Tones:[E, F#, G#, B, C#, D] Note being tested: C#5
Accepted Note: C#5
Chord: E7 Tones:[E, F#, G#, B, C#, D] Note being tested: F5
Chord: E7 Tones:[E, F#, G#, B, C#, D] Note being tested: A5
Chord: E7 Tones:[E, F#, G#, B, C#, D] Note being tested: G4
Chord: E7 Tones:[E, F#, G#, B, C#, D] Note being tested: A4
Chord: E7 Tones:[E, F#, G#, B, C#, D] Note being tested: C#5
Accepted Note: C#5
Chord: E7 Tones:[E, F#, G#, B, C#, D] Note being tested: F5
Chord: E7 Tones:[E, F#, G#, B, C#, D] Note being tested: A5
Chord: E7 Tones:[E, F#, G#, B, C#, D] Note being tested: G4
Chord: E7 Tones:[E, F#, G#, B, C#, D] Note being tested: A4
Chord: E7 Tones:[E, F#, G#, B, C#, D] Note being tested: C#5
Accepted Note: C#5
Chord: E7 Tones:[E, F#, G#, B, C#, D] Note being tested: F5
Chord: E7 Tones:[E, F#, G#, B, C#, D] Note being tested: A5
Chord: E7 Tones:[E, F#, G#, B, C#, D] Note being tested: G4
Chord: E7 Tones:[E, F#, G#, B, C#, D] Note being tested: A4
Chord: E7 Tones:[E, F#, G#, B, C#, D] Note being tested: C#5
Accepted Note: C#5
Chord: E7 Tones:[E, F#, G#, B, C#, D] Note being tested: F5
Chord: E7 Tones:[E, F#, G#, B, C#, D] Note being tested: A5
Chord: E7 Tones:[E, F#, G#, B, C#, D] Note being tested: G4
Chord: E7 Tones:[E, F#, G#, B, C#, D] Note being tested: A4
Chord: E7 Tones:[E, F#, G#, B, C#, D] Note being tested: C#5
Accepted Note: C#5
Chord: E7 Tones:[E, F#, G#, B, C#, D] Note being tested: F5
Chord: E7 Tones:[E, F#, G#, B, C#, D] Note being tested: A5
Chord: E7 Tones:[E, F#, G#, B, C#, D] Note being tested: G4
Chord: E7 Tones:[E, F#, G#, B, C#, D] Note being tested: A4
Chord: E7 Tones:[E, F#, G#, B, C#, D] Note being tested: C#5
Accepted Note: C#5
Chord: E7 Tones:[E, F#, G#, B, C#, D] Note being tested: F5
Chord: E7 Tones:[E, F#, G#, B, C#, D] Note being tested: A5
Chord: E7 Tones:[E, F#, G#, B, C#, D] Note being tested: G4
Chord: E7 Tones:[E, F#, G#, B, C#, D] Note being tested: A4
Chord: E7 Tones:[E, F#, G#, B, C#, D] Note being tested: C#5
Accepted Note: C#5
Chord: E7 Tones:[E, F#, G#, B, C#, D] Note being tested: F5
Chord: E7 Tones:[E, F#, G#, B, C#, D] Note being tested: A5
Chord: E7 Tones:[E, F#, G#, B, C#, D] Note being tested: G4
Chord: E7 Tones:[E, F#, G#, B, C#, D] Note being tested: A4
Chord: E7 Tones:[E, F#, G#, B, C#, D] Note being tested: C#5
Accepted Note: C#5
Chord: E7 Tones:[E, F#, G#, B, C#, D] Note being tested: F5
Chord: E7 Tones:[E, F#, G#, B, C#, D] Note being tested: A5
Chord: E7 Tones:[E, F#, G#, B, C#, D] Note being tested: G4
Chord: E7 Tones:[E, F#, G#, B, C#, D] Note being tested: A4
Chord: E7 Tones:[E, F#, G#, B, C#, D] Note being tested: C#5
Accepted Note: C#5
Chord: E7 Tones:[E, F#, G#, B, C#, D] Note being tested: F5
Chord: E7 Tones:[E, F#, G#, B, C#, D] Note being tested: A5
Chord: E7 Tones:[E, F#, G#, B, C#, D] Note being tested: G4
Chord: E7 Tones:[E, F#, G#, B, C#, D] Note being tested: A4
Chord: E7 Tones:[E, F#, G#, B, C#, D] Note being tested: C#5
Accepted Note: C#5
Chord: E7 Tones:[E, F#, G#, B, C#, D] Note being tested: F5
Chord: E7 Tones:[E, F#, G#, B, C#, D] Note being tested: A5
Chord: E7 Tones:[E, F#, G#, B, C#, D] Note being tested: G4
Chord: E7 Tones:[E, F#, G#, B, C#, D] Note being tested: A4
Chord: E7 Tones:[E, F#, G#, B, C#, D] Note being tested: C#5
Accepted Note: C#5
Chord: E7 Tones:[E, F#, G#, B, C#, D] Note being tested: F5
Chord: E7 Tones:[E, F#, G#, B, C#, D] Note being tested: A5
Chord: E7 Tones:[E, F#, G#, B, C#, D] Note being tested: G4
Chord: E7 Tones:[E, F#, G#, B, C#, D] Note being tested: A4
Chord: E7 Tones:[E, F#, G#, B, C#, D] Note being tested: C#5
Accepted Note: C#5
Chord: E7 Tones:[E, F#, G#, B, C#, D] Note being tested: F5
Chord: E7 Tones:[E, F#, G#, B, C#, D] Note being tested: A5
Chord: E7 Tones:[E, F#, G#, B, C#, D] Note being tested: G4
Chord: E7 Tones:[E, F#, G#, B, C#, D] Note being tested: A4
Chord: E7 Tones:[E, F#, G#, B, C#, D] Note being tested: C#5
Accepted Note: C#5
Chord: E7 Tones:[E, F#, G#, B, C#, D] Note being tested: F5
Chord: E7 Tones:[E, F#, G#, B, C#, D] Note being tested: A5
Chord: E7 Tones:[E, F#, G#, B, C#, D] Note being tested: G4
Chord: E7 Tones:[E, F#, G#, B, C#, D] Note being tested: A4
Chord: E7 Tones:[E, F#, G#, B, C#, D] Note being tested: C#5
Accepted Note: C#5
Chord: E7 Tones:[E, F#, G#, B, C#, D] Note being tested: F5
Chord: E7 Tones:[E, F#, G#, B, C#, D] Note being tested: A5
Chord: E7 Tones:[E, F#, G#, B, C#, D] Note being tested: G4
Chord: E7 Tones:[E, F#, G#, B, C#, D] Note being tested: A4
Chord: E7 Tones:[E, F#, G#, B, C#, D] Note being tested: C#5
Accepted Note: C#5
Chord: E7 Tones:[E, F#, G#, B, C#, D] Note being tested: F5
Chord: E7 Tones:[E, F#, G#, B, C#, D] Note being tested: A5
Chord: E7 Tones:[E, F#, G#, B, C#, D] Note being tested: G4
Chord: E7 Tones:[E, F#, G#, B, C#, D] Note being tested: A4
Chord: E7 Tones:[E, F#, G#, B, C#, D] Note being tested: C#5
Accepted Note: C#5
Chord: E7 Tones:[E, F#, G#, B, C#, D] Note being tested: F5
Chord: E7 Tones:[E, F#, G#, B, C#, D] Note being tested: A5
Chord: E7 Tones:[E, F#, G#, B, C#, D] Note being tested: G4
Chord: E7 Tones:[E, F#, G#, B, C#, D] Note being tested: A4
Chord: E7 Tones:[E, F#, G#, B, C#, D] Note being tested: C#5
Accepted Note: C#5
Chord: E7 Tones:[E, F#, G#, B, C#, D] Note being tested: F5
Chord: E7 Tones:[E, F#, G#, B, C#, D] Note being tested: A5
Chord: E7 Tones:[E, F#, G#, B, C#, D] Note being tested: B4
Accepted Note: B4
Chord: E7 Tones:[E, F#, G#, B, C#, D] Note being tested: A#4
Chord: E7 Tones:[E, F#, G#, B, C#, D] Note being tested: G#4
Accepted Note: G#4
Chord: E7 Tones:[E, F#, G#, B, C#, D] Note being tested: G4
Chord: E7 Tones:[E, F#, G#, B, C#, D] Note being tested: F#4
Accepted Note: F#4
Chord: E7 Tones:[E, F#, G#, B, C#, D] Note being tested: F4
Chord: E7 Tones:[E, F#, G#, B, C#, D] Note being tested: E4
Accepted Note: E4
Chord: E7 Tones:[E, F#, G#, B, C#, D] Note being tested: D4
Accepted Note: D4
Chord: E7 Tones:[E, F#, G#, B, C#, D] Note being tested: D#4
Chord: E7 Tones:[E, F#, G#, B, C#, D] Note being tested: G4
Chord: E7 Tones:[E, F#, G#, B, C#, D] Note being tested: A4
Chord: E7 Tones:[E, F#, G#, B, C#, D] Note being tested: C#5
Accepted Note: C#5
Chord: E7 Tones:[E, F#, G#, B, C#, D] Note being tested: F5
Chord: E7 Tones:[E, F#, G#, B, C#, D] Note being tested: A5
Chord: E7 Tones:[E, F#, G#, B, C#, D] Note being tested: G4
Chord: E7 Tones:[E, F#, G#, B, C#, D] Note being tested: A4
Chord: E7 Tones:[E, F#, G#, B, C#, D] Note being tested: C#5
Accepted Note: C#5
Chord: E7 Tones:[E, F#, G#, B, C#, D] Note being tested: F5
Chord: E7 Tones:[E, F#, G#, B, C#, D] Note being tested: A5
Chord: E7 Tones:[E, F#, G#, B, C#, D] Note being tested: G4
Chord: E7 Tones:[E, F#, G#, B, C#, D] Note being tested: A4
Chord: E7 Tones:[E, F#, G#, B, C#, D] Note being tested: C#5
Accepted Note: C#5
Chord: E7 Tones:[E, F#, G#, B, C#, D] Note being tested: F5
Chord: E7 Tones:[E, F#, G#, B, C#, D] Note being tested: A5
Chord: E7 Tones:[E, F#, G#, B, C#, D] Note being tested: E4
Accepted Note: E4
Chord: E7 Tones:[E, F#, G#, B, C#, D] Note being tested: G4
Chord: E7 Tones:[E, F#, G#, B, C#, D] Note being tested: G#4
Accepted Note: G#4
Chord: E7 Tones:[E, F#, G#, B, C#, D] Note being tested: B4
Accepted Note: B4
Chord: E7 Tones:[E, F#, G#, B, C#, D] Note being tested: D5
Accepted Note: D5
Chord: E7 Tones:[E, F#, G#, B, C#, D] Note being tested: F5
Chord: E7 Tones:[E, F#, G#, B, C#, D] Note being tested: G#5
Accepted Note: G#5
Chord: E7 Tones:[E, F#, G#, B, C#, D] Note being tested: E5
Accepted Note: E5
Chord: E7 Tones:[E, F#, G#, B, C#, D] Note being tested: G5
Chord: E7 Tones:[E, F#, G#, B, C#, D] Note being tested: C#5
Accepted Note: C#5
Chord: E7 Tones:[E, F#, G#, B, C#, D] Note being tested: F#4
Accepted Note: F#4
Chord: E7 Tones:[E, F#, G#, B, C#, D] Note being tested: D#5
Chord: E7 Tones:[E, F#, G#, B, C#, D] Note being tested: A4
Chord: E7 Tones:[E, F#, G#, B, C#, D] Note being tested: G4
Chord: E7 Tones:[E, F#, G#, B, C#, D] Note being tested: A4
Chord: E7 Tones:[E, F#, G#, B, C#, D] Note being tested: C#5
Accepted Note: C#5
Chord: E7 Tones:[E, F#, G#, B, C#, D] Note being tested: F5
Chord: E7 Tones:[E, F#, G#, B, C#, D] Note being tested: A5
Chord: E7 Tones:[E, F#, G#, B, C#, D] Note being tested: G4
Chord: E7 Tones:[E, F#, G#, B, C#, D] Note being tested: A4
Chord: E7 Tones:[E, F#, G#, B, C#, D] Note being tested: C#5
Accepted Note: C#5
Chord: E7 Tones:[E, F#, G#, B, C#, D] Note being tested: F5
Chord: E7 Tones:[E, F#, G#, B, C#, D] Note being tested: A5
Chord: E7 Tones:[E, F#, G#, B, C#, D] Note being tested: G4
Chord: E7 Tones:[E, F#, G#, B, C#, D] Note being tested: A4
Chord: E7 Tones:[E, F#, G#, B, C#, D] Note being tested: C#5
Accepted Note: C#5
Chord: E7 Tones:[E, F#, G#, B, C#, D] Note being tested: F5
Chord: E7 Tones:[E, F#, G#, B, C#, D] Note being tested: A5
Chord: E7 Tones:[E, F#, G#, B, C#, D] Note being tested: A#4
Chord: E7 Tones:[E, F#, G#, B, C#, D] Note being tested: B4
Accepted Note: B4
Chord: E7 Tones:[E, F#, G#, B, C#, D] Note being tested: A#4
Chord: E7 Tones:[E, F#, G#, B, C#, D] Note being tested: G#4
Accepted Note: G#4
Chord: E7 Tones:[E, F#, G#, B, C#, D] Note being tested: G4
Chord: E7 Tones:[E, F#, G#, B, C#, D] Note being tested: F#4
Accepted Note: F#4
Chord: E7 Tones:[E, F#, G#, B, C#, D] Note being tested: F4
Chord: E7 Tones:[E, F#, G#, B, C#, D] Note being tested: E4
Accepted Note: E4
Chord: E7 Tones:[E, F#, G#, B, C#, D] Note being tested: D4
Accepted Note: D4
Chord: E7 Tones:[E, F#, G#, B, C#, D] Note being tested: D#4
Chord: E7 Tones:[E, F#, G#, B, C#, D] Note being tested: A#4
Chord: E7 Tones:[E, F#, G#, B, C#, D] Note being tested: G4
Chord: E7 Tones:[E, F#, G#, B, C#, D] Note being tested: A4
Chord: E7 Tones:[E, F#, G#, B, C#, D] Note being tested: C#5
Accepted Note: C#5
Chord: E7 Tones:[E, F#, G#, B, C#, D] Note being tested: F5
Chord: E7 Tones:[E, F#, G#, B, C#, D] Note being tested: A5
Chord: E7 Tones:[E, F#, G#, B, C#, D] Note being tested: G4
Chord: E7 Tones:[E, F#, G#, B, C#, D] Note being tested: A4
Chord: E7 Tones:[E, F#, G#, B, C#, D] Note being tested: C#5
Accepted Note: C#5
Chord: E7 Tones:[E, F#, G#, B, C#, D] Note being tested: F5
Chord: E7 Tones:[E, F#, G#, B, C#, D] Note being tested: A5
Chord: E7 Tones:[E, F#, G#, B, C#, D] Note being tested: G4
Chord: E7 Tones:[E, F#, G#, B, C#, D] Note being tested: A4
Chord: E7 Tones:[E, F#, G#, B, C#, D] Note being tested: C#5
Accepted Note: C#5
Chord: E7 Tones:[E, F#, G#, B, C#, D] Note being tested: F5
Chord: E7 Tones:[E, F#, G#, B, C#, D] Note being tested: A5
Chord: E7 Tones:[E, F#, G#, B, C#, D] Note being tested: B4
Accepted Note: B4
Chord: E7 Tones:[E, F#, G#, B, C#, D] Note being tested: A#4
Chord: E7 Tones:[E, F#, G#, B, C#, D] Note being tested: G#4
Accepted Note: G#4
Chord: E7 Tones:[E, F#, G#, B, C#, D] Note being tested: G4
Chord: E7 Tones:[E, F#, G#, B, C#, D] Note being tested: F#4
Accepted Note: F#4
Chord: E7 Tones:[E, F#, G#, B, C#, D] Note being tested: F4
Chord: E7 Tones:[E, F#, G#, B, C#, D] Note being tested: E4
Accepted Note: E4
Chord: E7 Tones:[E, F#, G#, B, C#, D] Note being tested: D4
Accepted Note: D4
Chord: E7 Tones:[E, F#, G#, B, C#, D] Note being tested: D#4
Chord: E7 Tones:[E, F#, G#, B, C#, D] Note being tested: G4
Chord: E7 Tones:[E, F#, G#, B, C#, D] Note being tested: A4
Chord: E7 Tones:[E, F#, G#, B, C#, D] Note being tested: C#5
Accepted Note: C#5
Chord: E7 Tones:[E, F#, G#, B, C#, D] Note being tested: F5
Chord: E7 Tones:[E, F#, G#, B, C#, D] Note being tested: A5
Chord: E7 Tones:[E, F#, G#, B, C#, D] Note being tested: G4
Chord: E7 Tones:[E, F#, G#, B, C#, D] Note being tested: A4
Chord: E7 Tones:[E, F#, G#, B, C#, D] Note being tested: C#5
Accepted Note: C#5
Chord: E7 Tones:[E, F#, G#, B, C#, D] Note being tested: F5
Chord: E7 Tones:[E, F#, G#, B, C#, D] Note being tested: A5
Chord: E7 Tones:[E, F#, G#, B, C#, D] Note being tested: G4
Chord: E7 Tones:[E, F#, G#, B, C#, D] Note being tested: A4
Chord: E7 Tones:[E, F#, G#, B, C#, D] Note being tested: C#5
Accepted Note: C#5
Chord: E7 Tones:[E, F#, G#, B, C#, D] Note being tested: F5
Chord: E7 Tones:[E, F#, G#, B, C#, D] Note being tested: A5
Chord: E7 Tones:[E, F#, G#, B, C#, D] Note being tested: G4
Chord: E7 Tones:[E, F#, G#, B, C#, D] Note being tested: A4
Chord: E7 Tones:[E, F#, G#, B, C#, D] Note being tested: C#5
Accepted Note: C#5
Chord: E7 Tones:[E, F#, G#, B, C#, D] Note being tested: F5
Chord: E7 Tones:[E, F#, G#, B, C#, D] Note being tested: A5
Chord: E7 Tones:[E, F#, G#, B, C#, D] Note being tested: G4
Chord: E7 Tones:[E, F#, G#, B, C#, D] Note being tested: A4
Chord: E7 Tones:[E, F#, G#, B, C#, D] Note being tested: C#5
Accepted Note: C#5
Chord: E7 Tones:[E, F#, G#, B, C#, D] Note being tested: F5
Chord: E7 Tones:[E, F#, G#, B, C#, D] Note being tested: A5
Chord: E7 Tones:[E, F#, G#, B, C#, D] Note being tested: G4
Chord: E7 Tones:[E, F#, G#, B, C#, D] Note being tested: A4
Chord: E7 Tones:[E, F#, G#, B, C#, D] Note being tested: C#5
Accepted Note: C#5
Chord: E7 Tones:[E, F#, G#, B, C#, D] Note being tested: F5
Chord: E7 Tones:[E, F#, G#, B, C#, D] Note being tested: A5
Chord: E7 Tones:[E, F#, G#, B, C#, D] Note being tested: A#4
Chord: E7 Tones:[E, F#, G#, B, C#, D] Note being tested: G4
Chord: E7 Tones:[E, F#, G#, B, C#, D] Note being tested: A4
Chord: E7 Tones:[E, F#, G#, B, C#, D] Note being tested: C#5
Accepted Note: C#5
Chord: E7 Tones:[E, F#, G#, B, C#, D] Note being tested: F5
Chord: E7 Tones:[E, F#, G#, B, C#, D] Note being tested: A5
Chord: E7 Tones:[E, F#, G#, B, C#, D] Note being tested: G4
Chord: E7 Tones:[E, F#, G#, B, C#, D] Note being tested: A4
Chord: E7 Tones:[E, F#, G#, B, C#, D] Note being tested: C#5
Accepted Note: C#5
Chord: E7 Tones:[E, F#, G#, B, C#, D] Note being tested: F5
Chord: E7 Tones:[E, F#, G#, B, C#, D] Note being tested: A5
Chord: E7 Tones:[E, F#, G#, B, C#, D] Note being tested: G4
Chord: E7 Tones:[E, F#, G#, B, C#, D] Note being tested: A4
Chord: E7 Tones:[E, F#, G#, B, C#, D] Note being tested: C#5
Accepted Note: C#5
Chord: E7 Tones:[E, F#, G#, B, C#, D] Note being tested: F5
Chord: E7 Tones:[E, F#, G#, B, C#, D] Note being tested: A5
Chord: E7 Tones:[E, F#, G#, B, C#, D] Note being tested: G4
Chord: E7 Tones:[E, F#, G#, B, C#, D] Note being tested: A4
Chord: E7 Tones:[E, F#, G#, B, C#, D] Note being tested: C#5
Accepted Note: C#5
Chord: E7 Tones:[E, F#, G#, B, C#, D] Note being tested: F5
Chord: E7 Tones:[E, F#, G#, B, C#, D] Note being tested: A5
Chord: E7 Tones:[E, F#, G#, B, C#, D] Note being tested: G4
Chord: E7 Tones:[E, F#, G#, B, C#, D] Note being tested: A4
Chord: E7 Tones:[E, F#, G#, B, C#, D] Note being tested: C#5
Accepted Note: C#5
Chord: E7 Tones:[E, F#, G#, B, C#, D] Note being tested: F5
Chord: E7 Tones:[E, F#, G#, B, C#, D] Note being tested: A5
Chord: E7 Tones:[E, F#, G#, B, C#, D] Note being tested: G4
Chord: E7 Tones:[E, F#, G#, B, C#, D] Note being tested: A4
Chord: E7 Tones:[E, F#, G#, B, C#, D] Note being tested: C#5
Accepted Note: C#5
Chord: E7 Tones:[E, F#, G#, B, C#, D] Note being tested: F5
Chord: E7 Tones:[E, F#, G#, B, C#, D] Note being tested: A5
Chord: E7 Tones:[E, F#, G#, B, C#, D] Note being tested: B4
Accepted Note: B4
Chord: E7 Tones:[E, F#, G#, B, C#, D] Note being tested: A#4
Chord: E7 Tones:[E, F#, G#, B, C#, D] Note being tested: G#4
Accepted Note: G#4
Chord: E7 Tones:[E, F#, G#, B, C#, D] Note being tested: G4
Chord: E7 Tones:[E, F#, G#, B, C#, D] Note being tested: F#4
Accepted Note: F#4
Chord: E7 Tones:[E, F#, G#, B, C#, D] Note being tested: F4
Chord: E7 Tones:[E, F#, G#, B, C#, D] Note being tested: E4
Accepted Note: E4
Chord: E7 Tones:[E, F#, G#, B, C#, D] Note being tested: D4
Accepted Note: D4
Chord: E7 Tones:[E, F#, G#, B, C#, D] Note being tested: D#4
Chord: E7 Tones:[E, F#, G#, B, C#, D] Note being tested: G4
Chord: E7 Tones:[E, F#, G#, B, C#, D] Note being tested: E4
Accepted Note: E4
Chord: E7 Tones:[E, F#, G#, B, C#, D] Note being tested: G4
Chord: E7 Tones:[E, F#, G#, B, C#, D] Note being tested: G#4
Accepted Note: G#4
Chord: E7 Tones:[E, F#, G#, B, C#, D] Note being tested: B4
Accepted Note: B4
Chord: E7 Tones:[E, F#, G#, B, C#, D] Note being tested: D5
Accepted Note: D5
Chord: E7 Tones:[E, F#, G#, B, C#, D] Note being tested: F5
Chord: E7 Tones:[E, F#, G#, B, C#, D] Note being tested: G#5
Accepted Note: G#5
Chord: E7 Tones:[E, F#, G#, B, C#, D] Note being tested: E5
Accepted Note: E5
Chord: E7 Tones:[E, F#, G#, B, C#, D] Note being tested: G5
Chord: E7 Tones:[E, F#, G#, B, C#, D] Note being tested: C#5
Accepted Note: C#5
Chord: E7 Tones:[E, F#, G#, B, C#, D] Note being tested: F#4
Accepted Note: F#4
Chord: E7 Tones:[E, F#, G#, B, C#, D] Note being tested: D#5
Chord: E7 Tones:[E, F#, G#, B, C#, D] Note being tested: A4
Chord: E7 Tones:[E, F#, G#, B, C#, D] Note being tested: A#4
Chord: E7 Tones:[E, F#, G#, B, C#, D] Note being tested: G4
Chord: E7 Tones:[E, F#, G#, B, C#, D] Note being tested: E4
Accepted Note: E4
Chord: E7 Tones:[E, F#, G#, B, C#, D] Note being tested: G4
Chord: E7 Tones:[E, F#, G#, B, C#, D] Note being tested: G#4
Accepted Note: G#4
Chord: E7 Tones:[E, F#, G#, B, C#, D] Note being tested: B4
Accepted Note: B4
Chord: E7 Tones:[E, F#, G#, B, C#, D] Note being tested: D5
Accepted Note: D5
Chord: E7 Tones:[E, F#, G#, B, C#, D] Note being tested: F5
Chord: E7 Tones:[E, F#, G#, B, C#, D] Note being tested: G#5
Accepted Note: G#5
Chord: E7 Tones:[E, F#, G#, B, C#, D] Note being tested: E5
Accepted Note: E5
Chord: E7 Tones:[E, F#, G#, B, C#, D] Note being tested: G5
Chord: E7 Tones:[E, F#, G#, B, C#, D] Note being tested: C#5
Accepted Note: C#5
Chord: E7 Tones:[E, F#, G#, B, C#, D] Note being tested: F#4
Accepted Note: F#4
Chord: E7 Tones:[E, F#, G#, B, C#, D] Note being tested: D#5
Chord: E7 Tones:[E, F#, G#, B, C#, D] Note being tested: A4
Chord: E7 Tones:[E, F#, G#, B, C#, D] Note being tested: G4
Chord: E7 Tones:[E, F#, G#, B, C#, D] Note being tested: A4
Chord: E7 Tones:[E, F#, G#, B, C#, D] Note being tested: C#5
Accepted Note: C#5
Chord: E7 Tones:[E, F#, G#, B, C#, D] Note being tested: F5
Chord: E7 Tones:[E, F#, G#, B, C#, D] Note being tested: A5
Chord: E7 Tones:[E, F#, G#, B, C#, D] Note being tested: G4
Chord: E7 Tones:[E, F#, G#, B, C#, D] Note being tested: A4
Chord: E7 Tones:[E, F#, G#, B, C#, D] Note being tested: C#5
Accepted Note: C#5
Chord: E7 Tones:[E, F#, G#, B, C#, D] Note being tested: F5
Chord: E7 Tones:[E, F#, G#, B, C#, D] Note being tested: A5
Chord: E7 Tones:[E, F#, G#, B, C#, D] Note being tested: G4
Chord: E7 Tones:[E, F#, G#, B, C#, D] Note being tested: A4
Chord: E7 Tones:[E, F#, G#, B, C#, D] Note being tested: C#5
Accepted Note: C#5
Chord: E7 Tones:[E, F#, G#, B, C#, D] Note being tested: F5
Chord: E7 Tones:[E, F#, G#, B, C#, D] Note being tested: A5
Chord: E7 Tones:[E, F#, G#, B, C#, D] Note being tested: G4
Chord: E7 Tones:[E, F#, G#, B, C#, D] Note being tested: A4
Chord: E7 Tones:[E, F#, G#, B, C#, D] Note being tested: C#5
Accepted Note: C#5
Chord: E7 Tones:[E, F#, G#, B, C#, D] Note being tested: F5
Chord: E7 Tones:[E, F#, G#, B, C#, D] Note being tested: A5
Chord: E7 Tones:[E, F#, G#, B, C#, D] Note being tested: G4
Chord: E7 Tones:[E, F#, G#, B, C#, D] Note being tested: A4
Chord: E7 Tones:[E, F#, G#, B, C#, D] Note being tested: C#5
Accepted Note: C#5
Chord: E7 Tones:[E, F#, G#, B, C#, D] Note being tested: F5
Chord: E7 Tones:[E, F#, G#, B, C#, D] Note being tested: A5
Chord: E7 Tones:[E, F#, G#, B, C#, D] Note being tested: G4
Chord: E7 Tones:[E, F#, G#, B, C#, D] Note being tested: A4
Chord: E7 Tones:[E, F#, G#, B, C#, D] Note being tested: C#5
Accepted Note: C#5
Chord: E7 Tones:[E, F#, G#, B, C#, D] Note being tested: F5
Chord: E7 Tones:[E, F#, G#, B, C#, D] Note being tested: A5
Chord: E7 Tones:[E, F#, G#, B, C#, D] Note being tested: G4
Chord: E7 Tones:[E, F#, G#, B, C#, D] Note being tested: A4
Chord: E7 Tones:[E, F#, G#, B, C#, D] Note being tested: C#5
Accepted Note: C#5
Chord: E7 Tones:[E, F#, G#, B, C#, D] Note being tested: F5
Chord: E7 Tones:[E, F#, G#, B, C#, D] Note being tested: A5
Chord: E7 Tones:[E, F#, G#, B, C#, D] Note being tested: G4
Chord: E7 Tones:[E, F#, G#, B, C#, D] Note being tested: A4
Chord: E7 Tones:[E, F#, G#, B, C#, D] Note being tested: C#5
Accepted Note: C#5
Chord: E7 Tones:[E, F#, G#, B, C#, D] Note being tested: F5
Chord: E7 Tones:[E, F#, G#, B, C#, D] Note being tested: A5
Chord: E7 Tones:[E, F#, G#, B, C#, D] Note being tested: G4
Chord: E7 Tones:[E, F#, G#, B, C#, D] Note being tested: A4
Chord: E7 Tones:[E, F#, G#, B, C#, D] Note being tested: C#5
Accepted Note: C#5
Chord: E7 Tones:[E, F#, G#, B, C#, D] Note being tested: F5
Chord: E7 Tones:[E, F#, G#, B, C#, D] Note being tested: A5
Chord: E7 Tones:[E, F#, G#, B, C#, D] Note being tested: G4
Chord: E7 Tones:[E, F#, G#, B, C#, D] Note being tested: A4
Chord: E7 Tones:[E, F#, G#, B, C#, D] Note being tested: C#5
Accepted Note: C#5
Chord: E7 Tones:[E, F#, G#, B, C#, D] Note being tested: F5
Chord: E7 Tones:[E, F#, G#, B, C#, D] Note being tested: A5
Chord: E7 Tones:[E, F#, G#, B, C#, D] Note being tested: G4
Chord: E7 Tones:[E, F#, G#, B, C#, D] Note being tested: A4
Chord: E7 Tones:[E, F#, G#, B, C#, D] Note being tested: C#5
Accepted Note: C#5
Chord: E7 Tones:[E, F#, G#, B, C#, D] Note being tested: F5
Chord: E7 Tones:[E, F#, G#, B, C#, D] Note being tested: A5
Chord: E7 Tones:[E, F#, G#, B, C#, D] Note being tested: G4
Chord: E7 Tones:[E, F#, G#, B, C#, D] Note being tested: A4
Chord: E7 Tones:[E, F#, G#, B, C#, D] Note being tested: C#5
Accepted Note: C#5
Chord: E7 Tones:[E, F#, G#, B, C#, D] Note being tested: F5
Chord: E7 Tones:[E, F#, G#, B, C#, D] Note being tested: A5
Chord: E7 Tones:[E, F#, G#, B, C#, D] Note being tested: G4
Chord: E7 Tones:[E, F#, G#, B, C#, D] Note being tested: A4
Chord: E7 Tones:[E, F#, G#, B, C#, D] Note being tested: C#5
Accepted Note: C#5
Chord: E7 Tones:[E, F#, G#, B, C#, D] Note being tested: F5
Chord: E7 Tones:[E, F#, G#, B, C#, D] Note being tested: A5
Chord: E7 Tones:[E, F#, G#, B, C#, D] Note being tested: G4
Chord: E7 Tones:[E, F#, G#, B, C#, D] Note being tested: A4
Chord: E7 Tones:[E, F#, G#, B, C#, D] Note being tested: C#5
Accepted Note: C#5
Chord: E7 Tones:[E, F#, G#, B, C#, D] Note being tested: F5
Chord: E7 Tones:[E, F#, G#, B, C#, D] Note being tested: A5
Chord: E7 Tones:[E, F#, G#, B, C#, D] Note being tested: G4
Chord: E7 Tones:[E, F#, G#, B, C#, D] Note being tested: A4
Chord: E7 Tones:[E, F#, G#, B, C#, D] Note being tested: C#5
Accepted Note: C#5
Chord: E7 Tones:[E, F#, G#, B, C#, D] Note being tested: F5
Chord: E7 Tones:[E, F#, G#, B, C#, D] Note being tested: A5
Chord: E7 Tones:[E, F#, G#, B, C#, D] Note being tested: B4
Accepted Note: B4
Chord: E7 Tones:[E, F#, G#, B, C#, D] Note being tested: A#4
Chord: E7 Tones:[E, F#, G#, B, C#, D] Note being tested: G#4
Accepted Note: G#4
Chord: E7 Tones:[E, F#, G#, B, C#, D] Note being tested: G4
Chord: E7 Tones:[E, F#, G#, B, C#, D] Note being tested: F#4
Accepted Note: F#4
Chord: E7 Tones:[E, F#, G#, B, C#, D] Note being tested: F4
Chord: E7 Tones:[E, F#, G#, B, C#, D] Note being tested: E4
Accepted Note: E4
Chord: E7 Tones:[E, F#, G#, B, C#, D] Note being tested: D4
Accepted Note: D4
Chord: E7 Tones:[E, F#, G#, B, C#, D] Note being tested: D#4
Chord: E7 Tones:[E, F#, G#, B, C#, D] Note being tested: B4
Accepted Note: B4
Chord: E7 Tones:[E, F#, G#, B, C#, D] Note being tested: A#4
Chord: E7 Tones:[E, F#, G#, B, C#, D] Note being tested: G#4
Accepted Note: G#4
Chord: E7 Tones:[E, F#, G#, B, C#, D] Note being tested: G4
Chord: E7 Tones:[E, F#, G#, B, C#, D] Note being tested: F#4
Accepted Note: F#4
Chord: E7 Tones:[E, F#, G#, B, C#, D] Note being tested: F4
Chord: E7 Tones:[E, F#, G#, B, C#, D] Note being tested: E4
Accepted Note: E4
Chord: E7 Tones:[E, F#, G#, B, C#, D] Note being tested: D4
Accepted Note: D4
Chord: E7 Tones:[E, F#, G#, B, C#, D] Note being tested: D#4
Chord: E7 Tones:[E, F#, G#, B, C#, D] Note being tested: B4
Accepted Note: B4
Chord: E7 Tones:[E, F#, G#, B, C#, D] Note being tested: A#4
Chord: E7 Tones:[E, F#, G#, B, C#, D] Note being tested: G#4
Accepted Note: G#4
Chord: E7 Tones:[E, F#, G#, B, C#, D] Note being tested: G4
Chord: E7 Tones:[E, F#, G#, B, C#, D] Note being tested: F#4
Accepted Note: F#4
Chord: E7 Tones:[E, F#, G#, B, C#, D] Note being tested: F4
Chord: E7 Tones:[E, F#, G#, B, C#, D] Note being tested: E4
Accepted Note: E4
Chord: E7 Tones:[E, F#, G#, B, C#, D] Note being tested: D4
Accepted Note: D4
Chord: E7 Tones:[E, F#, G#, B, C#, D] Note being tested: D#4
Chord: E7 Tones:[E, F#, G#, B, C#, D] Note being tested: G4
Chord: E7 Tones:[E, F#, G#, B, C#, D] Note being tested: A4
Chord: E7 Tones:[E, F#, G#, B, C#, D] Note being tested: C#5
Accepted Note: C#5
Chord: E7 Tones:[E, F#, G#, B, C#, D] Note being tested: F5
Chord: E7 Tones:[E, F#, G#, B, C#, D] Note being tested: A5
Chord: E7 Tones:[E, F#, G#, B, C#, D] Note being tested: G4
Chord: E7 Tones:[E, F#, G#, B, C#, D] Note being tested: A4
Chord: E7 Tones:[E, F#, G#, B, C#, D] Note being tested: C#5
Accepted Note: C#5
Chord: E7 Tones:[E, F#, G#, B, C#, D] Note being tested: F5
Chord: E7 Tones:[E, F#, G#, B, C#, D] Note being tested: A5
Chord: E7 Tones:[E, F#, G#, B, C#, D] Note being tested: G4
Chord: E7 Tones:[E, F#, G#, B, C#, D] Note being tested: A4
Chord: E7 Tones:[E, F#, G#, B, C#, D] Note being tested: C#5
Accepted Note: C#5
Chord: E7 Tones:[E, F#, G#, B, C#, D] Note being tested: F5
Chord: E7 Tones:[E, F#, G#, B, C#, D] Note being tested: A5
Chord: E7 Tones:[E, F#, G#, B, C#, D] Note being tested: B4
Accepted Note: B4
Chord: E7 Tones:[E, F#, G#, B, C#, D] Note being tested: C#5
Accepted Note: C#5
Chord: E7 Tones:[E, F#, G#, B, C#, D] Note being tested: G4
Chord: E7 Tones:[E, F#, G#, B, C#, D] Note being tested: A4
Chord: E7 Tones:[E, F#, G#, B, C#, D] Note being tested: C#5
Accepted Note: C#5
Chord: E7 Tones:[E, F#, G#, B, C#, D] Note being tested: F5
Chord: E7 Tones:[E, F#, G#, B, C#, D] Note being tested: A5
Chord: E7 Tones:[E, F#, G#, B, C#, D] Note being tested: G4
Chord: E7 Tones:[E, F#, G#, B, C#, D] Note being tested: A4
Chord: E7 Tones:[E, F#, G#, B, C#, D] Note being tested: C#5
Accepted Note: C#5
Chord: E7 Tones:[E, F#, G#, B, C#, D] Note being tested: F5
Chord: E7 Tones:[E, F#, G#, B, C#, D] Note being tested: A5
Chord: E7 Tones:[E, F#, G#, B, C#, D] Note being tested: G4
Chord: E7 Tones:[E, F#, G#, B, C#, D] Note being tested: A4
Chord: E7 Tones:[E, F#, G#, B, C#, D] Note being tested: C#5
Accepted Note: C#5
Chord: E7 Tones:[E, F#, G#, B, C#, D] Note being tested: F5
Chord: E7 Tones:[E, F#, G#, B, C#, D] Note being tested: A5
Chord: E7 Tones:[E, F#, G#, B, C#, D] Note being tested: B4
Accepted Note: B4
Chord: E7 Tones:[E, F#, G#, B, C#, D] Note being tested: A#4
Chord: E7 Tones:[E, F#, G#, B, C#, D] Note being tested: G#4
Accepted Note: G#4
Chord: E7 Tones:[E, F#, G#, B, C#, D] Note being tested: G4
Chord: E7 Tones:[E, F#, G#, B, C#, D] Note being tested: F#4
Accepted Note: F#4
Chord: E7 Tones:[E, F#, G#, B, C#, D] Note being tested: F4
Chord: E7 Tones:[E, F#, G#, B, C#, D] Note being tested: E4
Accepted Note: E4
Chord: E7 Tones:[E, F#, G#, B, C#, D] Note being tested: D4
Accepted Note: D4
Chord: E7 Tones:[E, F#, G#, B, C#, D] Note being tested: D#4
Chord: E7 Tones:[E, F#, G#, B, C#, D] Note being tested: A#4
Chord: E7 Tones:[E, F#, G#, B, C#, D] Note being tested: B4
Accepted Note: B4
Chord: E7 Tones:[E, F#, G#, B, C#, D] Note being tested: A#4
Chord: E7 Tones:[E, F#, G#, B, C#, D] Note being tested: G#4
Accepted Note: G#4
Chord: E7 Tones:[E, F#, G#, B, C#, D] Note being tested: G4
Chord: E7 Tones:[E, F#, G#, B, C#, D] Note being tested: F#4
Accepted Note: F#4
Chord: E7 Tones:[E, F#, G#, B, C#, D] Note being tested: F4
Chord: E7 Tones:[E, F#, G#, B, C#, D] Note being tested: E4
Accepted Note: E4
Chord: E7 Tones:[E, F#, G#, B, C#, D] Note being tested: D4
Accepted Note: D4
Chord: E7 Tones:[E, F#, G#, B, C#, D] Note being tested: D#4
Chord: E7 Tones:[E, F#, G#, B, C#, D] Note being tested: A#4
Chord: E7 Tones:[E, F#, G#, B, C#, D] Note being tested: G4
Chord: E7 Tones:[E, F#, G#, B, C#, D] Note being tested: A4
Chord: E7 Tones:[E, F#, G#, B, C#, D] Note being tested: C#5
Accepted Note: C#5
Chord: E7 Tones:[E, F#, G#, B, C#, D] Note being tested: F5
Chord: E7 Tones:[E, F#, G#, B, C#, D] Note being tested: A5
Chord: E7 Tones:[E, F#, G#, B, C#, D] Note being tested: G4
Chord: E7 Tones:[E, F#, G#, B, C#, D] Note being tested: A4
Chord: E7 Tones:[E, F#, G#, B, C#, D] Note being tested: C#5
Accepted Note: C#5
Chord: E7 Tones:[E, F#, G#, B, C#, D] Note being tested: F5
Chord: E7 Tones:[E, F#, G#, B, C#, D] Note being tested: A5
Chord: E7 Tones:[E, F#, G#, B, C#, D] Note being tested: G4
Chord: E7 Tones:[E, F#, G#, B, C#, D] Note being tested: A4
Chord: E7 Tones:[E, F#, G#, B, C#, D] Note being tested: C#5
Accepted Note: C#5
Chord: E7 Tones:[E, F#, G#, B, C#, D] Note being tested: F5
Chord: E7 Tones:[E, F#, G#, B, C#, D] Note being tested: A5
Chord: E7 Tones:[E, F#, G#, B, C#, D] Note being tested: B4
Accepted Note: B4
Chord: E7 Tones:[E, F#, G#, B, C#, D] Note being tested: A#4
Chord: E7 Tones:[E, F#, G#, B, C#, D] Note being tested: G#4
Accepted Note: G#4
Chord: E7 Tones:[E, F#, G#, B, C#, D] Note being tested: G4
Chord: E7 Tones:[E, F#, G#, B, C#, D] Note being tested: F#4
Accepted Note: F#4
Chord: E7 Tones:[E, F#, G#, B, C#, D] Note being tested: F4
Chord: E7 Tones:[E, F#, G#, B, C#, D] Note being tested: E4
Accepted Note: E4
Chord: E7 Tones:[E, F#, G#, B, C#, D] Note being tested: D4
Accepted Note: D4
Chord: E7 Tones:[E, F#, G#, B, C#, D] Note being tested: D#4
Chord: E7 Tones:[E, F#, G#, B, C#, D] Note being tested: A#4
Chord: E7 Tones:[E, F#, G#, B, C#, D] Note being tested: G4
Chord: E7 Tones:[E, F#, G#, B, C#, D] Note being tested: A4
Chord: E7 Tones:[E, F#, G#, B, C#, D] Note being tested: C#5
Accepted Note: C#5
Chord: E7 Tones:[E, F#, G#, B, C#, D] Note being tested: F5
Chord: E7 Tones:[E, F#, G#, B, C#, D] Note being tested: A5
Chord: E7 Tones:[E, F#, G#, B, C#, D] Note being tested: G4
Chord: E7 Tones:[E, F#, G#, B, C#, D] Note being tested: A4
Chord: E7 Tones:[E, F#, G#, B, C#, D] Note being tested: C#5
Accepted Note: C#5
Chord: E7 Tones:[E, F#, G#, B, C#, D] Note being tested: F5
Chord: E7 Tones:[E, F#, G#, B, C#, D] Note being tested: A5
Chord: E7 Tones:[E, F#, G#, B, C#, D] Note being tested: G4
Chord: E7 Tones:[E, F#, G#, B, C#, D] Note being tested: A4
Chord: E7 Tones:[E, F#, G#, B, C#, D] Note being tested: C#5
Accepted Note: C#5
Chord: E7 Tones:[E, F#, G#, B, C#, D] Note being tested: F5
Chord: E7 Tones:[E, F#, G#, B, C#, D] Note being tested: A5
Chord: E7 Tones:[E, F#, G#, B, C#, D] Note being tested: B4
Accepted Note: B4
Chord: E7 Tones:[E, F#, G#, B, C#, D] Note being tested: A#4
Chord: E7 Tones:[E, F#, G#, B, C#, D] Note being tested: G#4
Accepted Note: G#4
Chord: E7 Tones:[E, F#, G#, B, C#, D] Note being tested: G4
Chord: E7 Tones:[E, F#, G#, B, C#, D] Note being tested: F#4
Accepted Note: F#4
Chord: E7 Tones:[E, F#, G#, B, C#, D] Note being tested: F4
Chord: E7 Tones:[E, F#, G#, B, C#, D] Note being tested: E4
Accepted Note: E4
Chord: E7 Tones:[E, F#, G#, B, C#, D] Note being tested: D4
Accepted Note: D4
Chord: E7 Tones:[E, F#, G#, B, C#, D] Note being tested: D#4
Chord: A7 Tones:[A, B, C#, E, F#, G] Note being tested: A#4
Chord: A7 Tones:[A, B, C#, E, F#, G] Note being tested: B4
Accepted Note: B4
Chord: A7 Tones:[A, B, C#, E, F#, G] Note being tested: A#4
Chord: A7 Tones:[A, B, C#, E, F#, G] Note being tested: G#4
Chord: A7 Tones:[A, B, C#, E, F#, G] Note being tested: G4
Accepted Note: G4
Chord: A7 Tones:[A, B, C#, E, F#, G] Note being tested: F#4
Accepted Note: F#4
Chord: A7 Tones:[A, B, C#, E, F#, G] Note being tested: F4
Chord: A7 Tones:[A, B, C#, E, F#, G] Note being tested: E4
Accepted Note: E4
Chord: A7 Tones:[A, B, C#, E, F#, G] Note being tested: D4
Chord: A7 Tones:[A, B, C#, E, F#, G] Note being tested: D#4
Chord: A7 Tones:[A, B, C#, E, F#, G] Note being tested: A#4
Chord: A7 Tones:[A, B, C#, E, F#, G] Note being tested: G4
Accepted Note: G4
Chord: A7 Tones:[A, B, C#, E, F#, G] Note being tested: A4
Accepted Note: A4
Chord: A7 Tones:[A, B, C#, E, F#, G] Note being tested: C#5
Accepted Note: C#5
Chord: A7 Tones:[A, B, C#, E, F#, G] Note being tested: F5
Chord: A7 Tones:[A, B, C#, E, F#, G] Note being tested: A5
Accepted Note: A5
Chord: A7 Tones:[A, B, C#, E, F#, G] Note being tested: B4
Accepted Note: B4
Chord: A7 Tones:[A, B, C#, E, F#, G] Note being tested: A#4
Chord: A7 Tones:[A, B, C#, E, F#, G] Note being tested: G#4
Chord: A7 Tones:[A, B, C#, E, F#, G] Note being tested: G4
Accepted Note: G4
Chord: A7 Tones:[A, B, C#, E, F#, G] Note being tested: F#4
Accepted Note: F#4
Chord: A7 Tones:[A, B, C#, E, F#, G] Note being tested: F4
Chord: A7 Tones:[A, B, C#, E, F#, G] Note being tested: E4
Accepted Note: E4
Chord: A7 Tones:[A, B, C#, E, F#, G] Note being tested: D4
Chord: A7 Tones:[A, B, C#, E, F#, G] Note being tested: D#4
Chord: A7 Tones:[A, B, C#, E, F#, G] Note being tested: G#4
Chord: A7 Tones:[A, B, C#, E, F#, G] Note being tested: D5
Chord: A7 Tones:[A, B, C#, E, F#, G] Note being tested: F#4
Accepted Note: F#4
Chord: A7 Tones:[A, B, C#, E, F#, G] Note being tested: A4
Accepted Note: A4
Chord: A7 Tones:[A, B, C#, E, F#, G] Note being tested: A#4
Chord: A7 Tones:[A, B, C#, E, F#, G] Note being tested: C#5
Accepted Note: C#5
Chord: A7 Tones:[A, B, C#, E, F#, G] Note being tested: F5
Chord: A7 Tones:[A, B, C#, E, F#, G] Note being tested: B4
Accepted Note: B4
Chord: A7 Tones:[A, B, C#, E, F#, G] Note being tested: A#4
Chord: A7 Tones:[A, B, C#, E, F#, G] Note being tested: G#4
Chord: A7 Tones:[A, B, C#, E, F#, G] Note being tested: G4
Accepted Note: G4
Chord: A7 Tones:[A, B, C#, E, F#, G] Note being tested: F#4
Accepted Note: F#4
Chord: A7 Tones:[A, B, C#, E, F#, G] Note being tested: F4
Chord: A7 Tones:[A, B, C#, E, F#, G] Note being tested: E4
Accepted Note: E4
Chord: A7 Tones:[A, B, C#, E, F#, G] Note being tested: D4
Chord: A7 Tones:[A, B, C#, E, F#, G] Note being tested: D#4
Chord: A7 Tones:[A, B, C#, E, F#, G] Note being tested: A#4
Chord: A7 Tones:[A, B, C#, E, F#, G] Note being tested: B4
Accepted Note: B4
Chord: A7 Tones:[A, B, C#, E, F#, G] Note being tested: A#4
Chord: A7 Tones:[A, B, C#, E, F#, G] Note being tested: G#4
Chord: A7 Tones:[A, B, C#, E, F#, G] Note being tested: G4
Accepted Note: G4
Chord: A7 Tones:[A, B, C#, E, F#, G] Note being tested: F#4
Accepted Note: F#4
Chord: A7 Tones:[A, B, C#, E, F#, G] Note being tested: F4
Chord: A7 Tones:[A, B, C#, E, F#, G] Note being tested: E4
Accepted Note: E4
Chord: A7 Tones:[A, B, C#, E, F#, G] Note being tested: D4
Chord: A7 Tones:[A, B, C#, E, F#, G] Note being tested: D#4
Chord: A7 Tones:[A, B, C#, E, F#, G] Note being tested: G4
Accepted Note: G4
Chord: A7 Tones:[A, B, C#, E, F#, G] Note being tested: A4
Accepted Note: A4
Chord: A7 Tones:[A, B, C#, E, F#, G] Note being tested: C#5
Accepted Note: C#5
Chord: A7 Tones:[A, B, C#, E, F#, G] Note being tested: F5
Chord: A7 Tones:[A, B, C#, E, F#, G] Note being tested: A5
Accepted Note: A5
Chord: A7 Tones:[A, B, C#, E, F#, G] Note being tested: E4
Accepted Note: E4
Chord: A7 Tones:[A, B, C#, E, F#, G] Note being tested: G4
Accepted Note: G4
Chord: A7 Tones:[A, B, C#, E, F#, G] Note being tested: G#4
Chord: A7 Tones:[A, B, C#, E, F#, G] Note being tested: B4
Accepted Note: B4
Chord: A7 Tones:[A, B, C#, E, F#, G] Note being tested: D5
Chord: A7 Tones:[A, B, C#, E, F#, G] Note being tested: F5
Chord: A7 Tones:[A, B, C#, E, F#, G] Note being tested: G#5
Chord: A7 Tones:[A, B, C#, E, F#, G] Note being tested: E5
Accepted Note: E5
Chord: A7 Tones:[A, B, C#, E, F#, G] Note being tested: G5
Accepted Note: G5
Chord: A7 Tones:[A, B, C#, E, F#, G] Note being tested: C#5
Accepted Note: C#5
Chord: A7 Tones:[A, B, C#, E, F#, G] Note being tested: F#4
Accepted Note: F#4
Chord: A7 Tones:[A, B, C#, E, F#, G] Note being tested: D#5
Chord: A7 Tones:[A, B, C#, E, F#, G] Note being tested: A4
Accepted Note: A4
Chord: A7 Tones:[A, B, C#, E, F#, G] Note being tested: A#4
Chord: A7 Tones:[A, B, C#, E, F#, G] Note being tested: B4
Accepted Note: B4
Chord: A7 Tones:[A, B, C#, E, F#, G] Note being tested: A#4
Chord: A7 Tones:[A, B, C#, E, F#, G] Note being tested: G#4
Chord: A7 Tones:[A, B, C#, E, F#, G] Note being tested: G4
Accepted Note: G4
Chord: A7 Tones:[A, B, C#, E, F#, G] Note being tested: F#4
Accepted Note: F#4
Chord: A7 Tones:[A, B, C#, E, F#, G] Note being tested: F4
Chord: A7 Tones:[A, B, C#, E, F#, G] Note being tested: E4
Accepted Note: E4
Chord: A7 Tones:[A, B, C#, E, F#, G] Note being tested: D4
Chord: A7 Tones:[A, B, C#, E, F#, G] Note being tested: D#4
Chord: A7 Tones:[A, B, C#, E, F#, G] Note being tested: A4
Accepted Note: A4
Chord: A7 Tones:[A, B, C#, E, F#, G] Note being tested: A#4
Chord: A7 Tones:[A, B, C#, E, F#, G] Note being tested: B4
Accepted Note: B4
Chord: A7 Tones:[A, B, C#, E, F#, G] Note being tested: A#4
Chord: A7 Tones:[A, B, C#, E, F#, G] Note being tested: G#4
Chord: A7 Tones:[A, B, C#, E, F#, G] Note being tested: G4
Accepted Note: G4
Chord: A7 Tones:[A, B, C#, E, F#, G] Note being tested: F#4
Accepted Note: F#4
Chord: A7 Tones:[A, B, C#, E, F#, G] Note being tested: F4
Chord: A7 Tones:[A, B, C#, E, F#, G] Note being tested: E4
Accepted Note: E4
Chord: A7 Tones:[A, B, C#, E, F#, G] Note being tested: D4
Chord: A7 Tones:[A, B, C#, E, F#, G] Note being tested: D#4
Chord: E7 Tones:[E, F#, G#, B, C#, D] Note being tested: C#5
Accepted Note: C#5
Chord: E7 Tones:[E, F#, G#, B, C#, D] Note being tested: A#4
Chord: E7 Tones:[E, F#, G#, B, C#, D] Note being tested: B4
Accepted Note: B4
Chord: E7 Tones:[E, F#, G#, B, C#, D] Note being tested: A#4
Chord: E7 Tones:[E, F#, G#, B, C#, D] Note being tested: G#4
Accepted Note: G#4
Chord: E7 Tones:[E, F#, G#, B, C#, D] Note being tested: G4
Chord: E7 Tones:[E, F#, G#, B, C#, D] Note being tested: F#4
Accepted Note: F#4
Chord: E7 Tones:[E, F#, G#, B, C#, D] Note being tested: F4
Chord: E7 Tones:[E, F#, G#, B, C#, D] Note being tested: E4
Accepted Note: E4
Chord: E7 Tones:[E, F#, G#, B, C#, D] Note being tested: D4
Accepted Note: D4
Chord: E7 Tones:[E, F#, G#, B, C#, D] Note being tested: D#4
Chord: E7 Tones:[E, F#, G#, B, C#, D] Note being tested: B4
Accepted Note: B4
Chord: E7 Tones:[E, F#, G#, B, C#, D] Note being tested: A#4
Chord: E7 Tones:[E, F#, G#, B, C#, D] Note being tested: G#4
Accepted Note: G#4
Chord: E7 Tones:[E, F#, G#, B, C#, D] Note being tested: G4
Chord: E7 Tones:[E, F#, G#, B, C#, D] Note being tested: F#4
Accepted Note: F#4
Chord: E7 Tones:[E, F#, G#, B, C#, D] Note being tested: F4
Chord: E7 Tones:[E, F#, G#, B, C#, D] Note being tested: E4
Accepted Note: E4
Chord: E7 Tones:[E, F#, G#, B, C#, D] Note being tested: D4
Accepted Note: D4
Chord: E7 Tones:[E, F#, G#, B, C#, D] Note being tested: D#4
Chord: E7 Tones:[E, F#, G#, B, C#, D] Note being tested: B4
Accepted Note: B4
Chord: E7 Tones:[E, F#, G#, B, C#, D] Note being tested: A#4
Chord: E7 Tones:[E, F#, G#, B, C#, D] Note being tested: G#4
Accepted Note: G#4
Chord: E7 Tones:[E, F#, G#, B, C#, D] Note being tested: G4
Chord: E7 Tones:[E, F#, G#, B, C#, D] Note being tested: F#4
Accepted Note: F#4
Chord: E7 Tones:[E, F#, G#, B, C#, D] Note being tested: F4
Chord: E7 Tones:[E, F#, G#, B, C#, D] Note being tested: E4
Accepted Note: E4
Chord: E7 Tones:[E, F#, G#, B, C#, D] Note being tested: D4
Accepted Note: D4
Chord: E7 Tones:[E, F#, G#, B, C#, D] Note being tested: D#4
Chord: E7 Tones:[E, F#, G#, B, C#, D] Note being tested: B4
Accepted Note: B4
Chord: E7 Tones:[E, F#, G#, B, C#, D] Note being tested: A#4
Chord: E7 Tones:[E, F#, G#, B, C#, D] Note being tested: G#4
Accepted Note: G#4
Chord: E7 Tones:[E, F#, G#, B, C#, D] Note being tested: G4
Chord: E7 Tones:[E, F#, G#, B, C#, D] Note being tested: F#4
Accepted Note: F#4
Chord: E7 Tones:[E, F#, G#, B, C#, D] Note being tested: F4
Chord: E7 Tones:[E, F#, G#, B, C#, D] Note being tested: E4
Accepted Note: E4
Chord: E7 Tones:[E, F#, G#, B, C#, D] Note being tested: D4
Accepted Note: D4
Chord: E7 Tones:[E, F#, G#, B, C#, D] Note being tested: D#4
Chord: E7 Tones:[E, F#, G#, B, C#, D] Note being tested: A#4
Chord: E7 Tones:[E, F#, G#, B, C#, D] Note being tested: B4
Accepted Note: B4
Chord: E7 Tones:[E, F#, G#, B, C#, D] Note being tested: A#4
Chord: E7 Tones:[E, F#, G#, B, C#, D] Note being tested: G#4
Accepted Note: G#4
Chord: E7 Tones:[E, F#, G#, B, C#, D] Note being tested: G4
Chord: E7 Tones:[E, F#, G#, B, C#, D] Note being tested: F#4
Accepted Note: F#4
Chord: E7 Tones:[E, F#, G#, B, C#, D] Note being tested: F4
Chord: E7 Tones:[E, F#, G#, B, C#, D] Note being tested: E4
Accepted Note: E4
Chord: E7 Tones:[E, F#, G#, B, C#, D] Note being tested: D4
Accepted Note: D4
Chord: E7 Tones:[E, F#, G#, B, C#, D] Note being tested: D#4
Chord: E7 Tones:[E, F#, G#, B, C#, D] Note being tested: A#4
Chord: E7 Tones:[E, F#, G#, B, C#, D] Note being tested: G4
Chord: E7 Tones:[E, F#, G#, B, C#, D] Note being tested: A4
Chord: E7 Tones:[E, F#, G#, B, C#, D] Note being tested: C#5
Accepted Note: C#5
Chord: E7 Tones:[E, F#, G#, B, C#, D] Note being tested: F5
Chord: E7 Tones:[E, F#, G#, B, C#, D] Note being tested: A5
Chord: E7 Tones:[E, F#, G#, B, C#, D] Note being tested: G4
Chord: E7 Tones:[E, F#, G#, B, C#, D] Note being tested: A4
Chord: E7 Tones:[E, F#, G#, B, C#, D] Note being tested: C#5
Accepted Note: C#5
Chord: E7 Tones:[E, F#, G#, B, C#, D] Note being tested: F5
Chord: E7 Tones:[E, F#, G#, B, C#, D] Note being tested: A5
Chord: E7 Tones:[E, F#, G#, B, C#, D] Note being tested: G4
Chord: E7 Tones:[E, F#, G#, B, C#, D] Note being tested: A4
Chord: E7 Tones:[E, F#, G#, B, C#, D] Note being tested: C#5
Accepted Note: C#5
Chord: E7 Tones:[E, F#, G#, B, C#, D] Note being tested: F5
Chord: E7 Tones:[E, F#, G#, B, C#, D] Note being tested: A5
Chord: E7 Tones:[E, F#, G#, B, C#, D] Note being tested: G4
Chord: E7 Tones:[E, F#, G#, B, C#, D] Note being tested: B4
Accepted Note: B4
Chord: E7 Tones:[E, F#, G#, B, C#, D] Note being tested: A#4
Chord: E7 Tones:[E, F#, G#, B, C#, D] Note being tested: G#4
Accepted Note: G#4
Chord: E7 Tones:[E, F#, G#, B, C#, D] Note being tested: G4
Chord: E7 Tones:[E, F#, G#, B, C#, D] Note being tested: F#4
Accepted Note: F#4
Chord: E7 Tones:[E, F#, G#, B, C#, D] Note being tested: F4
Chord: E7 Tones:[E, F#, G#, B, C#, D] Note being tested: E4
Accepted Note: E4
Chord: E7 Tones:[E, F#, G#, B, C#, D] Note being tested: D4
Accepted Note: D4
Chord: E7 Tones:[E, F#, G#, B, C#, D] Note being tested: D#4
Chord: E7 Tones:[E, F#, G#, B, C#, D] Note being tested: A#4
Chord: E7 Tones:[E, F#, G#, B, C#, D] Note being tested: B4
Accepted Note: B4
Chord: E7 Tones:[E, F#, G#, B, C#, D] Note being tested: A#4
Chord: E7 Tones:[E, F#, G#, B, C#, D] Note being tested: G#4
Accepted Note: G#4
Chord: E7 Tones:[E, F#, G#, B, C#, D] Note being tested: G4
Chord: E7 Tones:[E, F#, G#, B, C#, D] Note being tested: F#4
Accepted Note: F#4
Chord: E7 Tones:[E, F#, G#, B, C#, D] Note being tested: F4
Chord: E7 Tones:[E, F#, G#, B, C#, D] Note being tested: E4
Accepted Note: E4
Chord: E7 Tones:[E, F#, G#, B, C#, D] Note being tested: D4
Accepted Note: D4
Chord: E7 Tones:[E, F#, G#, B, C#, D] Note being tested: D#4
Chord: E7 Tones:[E, F#, G#, B, C#, D] Note being tested: G4
Chord: E7 Tones:[E, F#, G#, B, C#, D] Note being tested: A4
Chord: E7 Tones:[E, F#, G#, B, C#, D] Note being tested: C#5
Accepted Note: C#5
Chord: E7 Tones:[E, F#, G#, B, C#, D] Note being tested: F5
Chord: E7 Tones:[E, F#, G#, B, C#, D] Note being tested: A5
Chord: E7 Tones:[E, F#, G#, B, C#, D] Note being tested: G4
Chord: E7 Tones:[E, F#, G#, B, C#, D] Note being tested: A4
Chord: E7 Tones:[E, F#, G#, B, C#, D] Note being tested: C#5
Accepted Note: C#5
Chord: E7 Tones:[E, F#, G#, B, C#, D] Note being tested: F5
Chord: E7 Tones:[E, F#, G#, B, C#, D] Note being tested: A5
Chord: E7 Tones:[E, F#, G#, B, C#, D] Note being tested: G4
Chord: E7 Tones:[E, F#, G#, B, C#, D] Note being tested: A4
Chord: E7 Tones:[E, F#, G#, B, C#, D] Note being tested: C#5
Accepted Note: C#5
Chord: E7 Tones:[E, F#, G#, B, C#, D] Note being tested: F5
Chord: E7 Tones:[E, F#, G#, B, C#, D] Note being tested: A5
Chord: E7 Tones:[E, F#, G#, B, C#, D] Note being tested: A#4
Chord: E7 Tones:[E, F#, G#, B, C#, D] Note being tested: B4
Accepted Note: B4
Chord: E7 Tones:[E, F#, G#, B, C#, D] Note being tested: A#4
Chord: E7 Tones:[E, F#, G#, B, C#, D] Note being tested: G#4
Accepted Note: G#4
Chord: E7 Tones:[E, F#, G#, B, C#, D] Note being tested: G4
Chord: E7 Tones:[E, F#, G#, B, C#, D] Note being tested: F#4
Accepted Note: F#4
Chord: E7 Tones:[E, F#, G#, B, C#, D] Note being tested: F4
Chord: E7 Tones:[E, F#, G#, B, C#, D] Note being tested: E4
Accepted Note: E4
Chord: E7 Tones:[E, F#, G#, B, C#, D] Note being tested: D4
Accepted Note: D4
Chord: E7 Tones:[E, F#, G#, B, C#, D] Note being tested: D#4
Chord: E7 Tones:[E, F#, G#, B, C#, D] Note being tested: G4
Chord: E7 Tones:[E, F#, G#, B, C#, D] Note being tested: A4
Chord: E7 Tones:[E, F#, G#, B, C#, D] Note being tested: C#5
Accepted Note: C#5
Chord: E7 Tones:[E, F#, G#, B, C#, D] Note being tested: F5
Chord: E7 Tones:[E, F#, G#, B, C#, D] Note being tested: A5
Chord: E7 Tones:[E, F#, G#, B, C#, D] Note being tested: G4
Chord: E7 Tones:[E, F#, G#, B, C#, D] Note being tested: A4
Chord: E7 Tones:[E, F#, G#, B, C#, D] Note being tested: C#5
Accepted Note: C#5
Chord: E7 Tones:[E, F#, G#, B, C#, D] Note being tested: F5
Chord: E7 Tones:[E, F#, G#, B, C#, D] Note being tested: A5
Chord: E7 Tones:[E, F#, G#, B, C#, D] Note being tested: G4
Chord: E7 Tones:[E, F#, G#, B, C#, D] Note being tested: A4
Chord: E7 Tones:[E, F#, G#, B, C#, D] Note being tested: C#5
Accepted Note: C#5
Chord: E7 Tones:[E, F#, G#, B, C#, D] Note being tested: F5
Chord: E7 Tones:[E, F#, G#, B, C#, D] Note being tested: A5
Chord: E7 Tones:[E, F#, G#, B, C#, D] Note being tested: A#4
Chord: E7 Tones:[E, F#, G#, B, C#, D] Note being tested: B4
Accepted Note: B4
Chord: E7 Tones:[E, F#, G#, B, C#, D] Note being tested: A#4
Chord: E7 Tones:[E, F#, G#, B, C#, D] Note being tested: G#4
Accepted Note: G#4
Chord: E7 Tones:[E, F#, G#, B, C#, D] Note being tested: G4
Chord: E7 Tones:[E, F#, G#, B, C#, D] Note being tested: F#4
Accepted Note: F#4
Chord: E7 Tones:[E, F#, G#, B, C#, D] Note being tested: F4
Chord: E7 Tones:[E, F#, G#, B, C#, D] Note being tested: E4
Accepted Note: E4
Chord: E7 Tones:[E, F#, G#, B, C#, D] Note being tested: D4
Accepted Note: D4
Chord: E7 Tones:[E, F#, G#, B, C#, D] Note being tested: D#4
Chord: E7 Tones:[E, F#, G#, B, C#, D] Note being tested: A#4
Chord: E7 Tones:[E, F#, G#, B, C#, D] Note being tested: G4
Chord: E7 Tones:[E, F#, G#, B, C#, D] Note being tested: A4
Chord: E7 Tones:[E, F#, G#, B, C#, D] Note being tested: C#5
Accepted Note: C#5
Chord: E7 Tones:[E, F#, G#, B, C#, D] Note being tested: F5
Chord: E7 Tones:[E, F#, G#, B, C#, D] Note being tested: A5
Chord: E7 Tones:[E, F#, G#, B, C#, D] Note being tested: G4
Chord: E7 Tones:[E, F#, G#, B, C#, D] Note being tested: A4
Chord: E7 Tones:[E, F#, G#, B, C#, D] Note being tested: C#5
Accepted Note: C#5
Chord: E7 Tones:[E, F#, G#, B, C#, D] Note being tested: F5
Chord: E7 Tones:[E, F#, G#, B, C#, D] Note being tested: A5
Chord: E7 Tones:[E, F#, G#, B, C#, D] Note being tested: G4
Chord: E7 Tones:[E, F#, G#, B, C#, D] Note being tested: A4
Chord: E7 Tones:[E, F#, G#, B, C#, D] Note being tested: C#5
Accepted Note: C#5
Chord: E7 Tones:[E, F#, G#, B, C#, D] Note being tested: F5
Chord: E7 Tones:[E, F#, G#, B, C#, D] Note being tested: A5
Chord: E7 Tones:[E, F#, G#, B, C#, D] Note being tested: B4
Accepted Note: B4
Chord: E7 Tones:[E, F#, G#, B, C#, D] Note being tested: A#4
Chord: E7 Tones:[E, F#, G#, B, C#, D] Note being tested: G#4
Accepted Note: G#4
Chord: E7 Tones:[E, F#, G#, B, C#, D] Note being tested: G4
Chord: E7 Tones:[E, F#, G#, B, C#, D] Note being tested: F#4
Accepted Note: F#4
Chord: E7 Tones:[E, F#, G#, B, C#, D] Note being tested: F4
Chord: E7 Tones:[E, F#, G#, B, C#, D] Note being tested: E4
Accepted Note: E4
Chord: E7 Tones:[E, F#, G#, B, C#, D] Note being tested: D4
Accepted Note: D4
Chord: E7 Tones:[E, F#, G#, B, C#, D] Note being tested: D#4
Chord: E7 Tones:[E, F#, G#, B, C#, D] Note being tested: D4
Accepted Note: D4
Chord: E7 Tones:[E, F#, G#, B, C#, D] Note being tested: F4
Chord: E7 Tones:[E, F#, G#, B, C#, D] Note being tested: D#4
Chord: E7 Tones:[E, F#, G#, B, C#, D] Note being tested: G4
Chord: E7 Tones:[E, F#, G#, B, C#, D] Note being tested: A4
Chord: E7 Tones:[E, F#, G#, B, C#, D] Note being tested: C#5
Accepted Note: C#5
Chord: E7 Tones:[E, F#, G#, B, C#, D] Note being tested: F5
Chord: E7 Tones:[E, F#, G#, B, C#, D] Note being tested: A5
Chord: E7 Tones:[E, F#, G#, B, C#, D] Note being tested: G4
Chord: E7 Tones:[E, F#, G#, B, C#, D] Note being tested: A4
Chord: E7 Tones:[E, F#, G#, B, C#, D] Note being tested: C#5
Accepted Note: C#5
Chord: E7 Tones:[E, F#, G#, B, C#, D] Note being tested: F5
Chord: E7 Tones:[E, F#, G#, B, C#, D] Note being tested: A5
Chord: E7 Tones:[E, F#, G#, B, C#, D] Note being tested: G4
Chord: E7 Tones:[E, F#, G#, B, C#, D] Note being tested: A4
Chord: E7 Tones:[E, F#, G#, B, C#, D] Note being tested: C#5
Accepted Note: C#5
Chord: E7 Tones:[E, F#, G#, B, C#, D] Note being tested: F5
Chord: E7 Tones:[E, F#, G#, B, C#, D] Note being tested: A5
Chord: E7 Tones:[E, F#, G#, B, C#, D] Note being tested: B4
Accepted Note: B4
Chord: E7 Tones:[E, F#, G#, B, C#, D] Note being tested: A#4
Chord: E7 Tones:[E, F#, G#, B, C#, D] Note being tested: G#4
Accepted Note: G#4
Chord: E7 Tones:[E, F#, G#, B, C#, D] Note being tested: G4
Chord: E7 Tones:[E, F#, G#, B, C#, D] Note being tested: F#4
Accepted Note: F#4
Chord: E7 Tones:[E, F#, G#, B, C#, D] Note being tested: F4
Chord: E7 Tones:[E, F#, G#, B, C#, D] Note being tested: E4
Accepted Note: E4
Chord: E7 Tones:[E, F#, G#, B, C#, D] Note being tested: D4
Accepted Note: D4
Chord: E7 Tones:[E, F#, G#, B, C#, D] Note being tested: D#4
Chord: E7 Tones:[E, F#, G#, B, C#, D] Note being tested: F4
Chord: E7 Tones:[E, F#, G#, B, C#, D] Note being tested: G4
Chord: E7 Tones:[E, F#, G#, B, C#, D] Note being tested: A4
Chord: E7 Tones:[E, F#, G#, B, C#, D] Note being tested: C#5
Accepted Note: C#5
Chord: E7 Tones:[E, F#, G#, B, C#, D] Note being tested: F5
Chord: E7 Tones:[E, F#, G#, B, C#, D] Note being tested: A5
Chord: E7 Tones:[E, F#, G#, B, C#, D] Note being tested: G4
Chord: E7 Tones:[E, F#, G#, B, C#, D] Note being tested: A4
Chord: E7 Tones:[E, F#, G#, B, C#, D] Note being tested: C#5
Accepted Note: C#5
Chord: E7 Tones:[E, F#, G#, B, C#, D] Note being tested: F5
Chord: E7 Tones:[E, F#, G#, B, C#, D] Note being tested: A5
Chord: E7 Tones:[E, F#, G#, B, C#, D] Note being tested: G4
Chord: E7 Tones:[E, F#, G#, B, C#, D] Note being tested: A4
Chord: E7 Tones:[E, F#, G#, B, C#, D] Note being tested: C#5
Accepted Note: C#5
Chord: E7 Tones:[E, F#, G#, B, C#, D] Note being tested: F5
Chord: E7 Tones:[E, F#, G#, B, C#, D] Note being tested: A5
Chord: E7 Tones:[E, F#, G#, B, C#, D] Note being tested: B4
Accepted Note: B4
Chord: E7 Tones:[E, F#, G#, B, C#, D] Note being tested: A#4
Chord: E7 Tones:[E, F#, G#, B, C#, D] Note being tested: G#4
Accepted Note: G#4
Chord: E7 Tones:[E, F#, G#, B, C#, D] Note being tested: G4
Chord: E7 Tones:[E, F#, G#, B, C#, D] Note being tested: F#4
Accepted Note: F#4
Chord: E7 Tones:[E, F#, G#, B, C#, D] Note being tested: F4
Chord: E7 Tones:[E, F#, G#, B, C#, D] Note being tested: E4
Accepted Note: E4
Chord: E7 Tones:[E, F#, G#, B, C#, D] Note being tested: D4
Accepted Note: D4
Chord: E7 Tones:[E, F#, G#, B, C#, D] Note being tested: D#4
Chord: E7 Tones:[E, F#, G#, B, C#, D] Note being tested: G4
Chord: E7 Tones:[E, F#, G#, B, C#, D] Note being tested: A4
Chord: E7 Tones:[E, F#, G#, B, C#, D] Note being tested: C#5
Accepted Note: C#5
Chord: E7 Tones:[E, F#, G#, B, C#, D] Note being tested: F5
Chord: E7 Tones:[E, F#, G#, B, C#, D] Note being tested: A5
Chord: E7 Tones:[E, F#, G#, B, C#, D] Note being tested: G4
Chord: E7 Tones:[E, F#, G#, B, C#, D] Note being tested: A4
Chord: E7 Tones:[E, F#, G#, B, C#, D] Note being tested: C#5
Accepted Note: C#5
Chord: E7 Tones:[E, F#, G#, B, C#, D] Note being tested: F5
Chord: E7 Tones:[E, F#, G#, B, C#, D] Note being tested: A5
Chord: E7 Tones:[E, F#, G#, B, C#, D] Note being tested: G4
Chord: E7 Tones:[E, F#, G#, B, C#, D] Note being tested: A4
Chord: E7 Tones:[E, F#, G#, B, C#, D] Note being tested: C#5
Accepted Note: C#5
Chord: E7 Tones:[E, F#, G#, B, C#, D] Note being tested: F5
Chord: E7 Tones:[E, F#, G#, B, C#, D] Note being tested: A5
Chord: E7 Tones:[E, F#, G#, B, C#, D] Note being tested: D#4
Chord: E7 Tones:[E, F#, G#, B, C#, D] Note being tested: E4
Accepted Note: E4
Chord: E7 Tones:[E, F#, G#, B, C#, D] Note being tested: G4
Chord: E7 Tones:[E, F#, G#, B, C#, D] Note being tested: G#4
Accepted Note: G#4
Chord: E7 Tones:[E, F#, G#, B, C#, D] Note being tested: B4
Accepted Note: B4
Chord: E7 Tones:[E, F#, G#, B, C#, D] Note being tested: D5
Accepted Note: D5
Chord: E7 Tones:[E, F#, G#, B, C#, D] Note being tested: F5
Chord: E7 Tones:[E, F#, G#, B, C#, D] Note being tested: G#5
Accepted Note: G#5
Chord: E7 Tones:[E, F#, G#, B, C#, D] Note being tested: E5
Accepted Note: E5
Chord: E7 Tones:[E, F#, G#, B, C#, D] Note being tested: G5
Chord: E7 Tones:[E, F#, G#, B, C#, D] Note being tested: C#5
Accepted Note: C#5
Chord: E7 Tones:[E, F#, G#, B, C#, D] Note being tested: F#4
Accepted Note: F#4
Chord: E7 Tones:[E, F#, G#, B, C#, D] Note being tested: D#5
Chord: E7 Tones:[E, F#, G#, B, C#, D] Note being tested: A4
Chord: E7 Tones:[E, F#, G#, B, C#, D] Note being tested: B4
Accepted Note: B4
Chord: E7 Tones:[E, F#, G#, B, C#, D] Note being tested: A#4
Chord: E7 Tones:[E, F#, G#, B, C#, D] Note being tested: G#4
Accepted Note: G#4
Chord: E7 Tones:[E, F#, G#, B, C#, D] Note being tested: G4
Chord: E7 Tones:[E, F#, G#, B, C#, D] Note being tested: F#4
Accepted Note: F#4
Chord: E7 Tones:[E, F#, G#, B, C#, D] Note being tested: F4
Chord: E7 Tones:[E, F#, G#, B, C#, D] Note being tested: E4
Accepted Note: E4
Chord: E7 Tones:[E, F#, G#, B, C#, D] Note being tested: D4
Accepted Note: D4
Chord: E7 Tones:[E, F#, G#, B, C#, D] Note being tested: D#4
Chord: E7 Tones:[E, F#, G#, B, C#, D] Note being tested: A#4
Chord: E7 Tones:[E, F#, G#, B, C#, D] Note being tested: B4
Accepted Note: B4
Chord: E7 Tones:[E, F#, G#, B, C#, D] Note being tested: A#4
Chord: E7 Tones:[E, F#, G#, B, C#, D] Note being tested: G#4
Accepted Note: G#4
Chord: E7 Tones:[E, F#, G#, B, C#, D] Note being tested: G4
Chord: E7 Tones:[E, F#, G#, B, C#, D] Note being tested: F#4
Accepted Note: F#4
Chord: E7 Tones:[E, F#, G#, B, C#, D] Note being tested: F4
Chord: E7 Tones:[E, F#, G#, B, C#, D] Note being tested: E4
Accepted Note: E4
Chord: E7 Tones:[E, F#, G#, B, C#, D] Note being tested: D4
Accepted Note: D4
Chord: E7 Tones:[E, F#, G#, B, C#, D] Note being tested: D#4
Chord: B7 Tones:[B, C#, D#, F#, G#, A] Note being tested: G4
Chord: B7 Tones:[B, C#, D#, F#, G#, A] Note being tested: A4
Accepted Note: A4
Chord: B7 Tones:[B, C#, D#, F#, G#, A] Note being tested: C#5
Accepted Note: C#5
Chord: B7 Tones:[B, C#, D#, F#, G#, A] Note being tested: F5
Chord: B7 Tones:[B, C#, D#, F#, G#, A] Note being tested: A5
Accepted Note: A5
Chord: B7 Tones:[B, C#, D#, F#, G#, A] Note being tested: G4
Chord: B7 Tones:[B, C#, D#, F#, G#, A] Note being tested: A4
Accepted Note: A4
Chord: B7 Tones:[B, C#, D#, F#, G#, A] Note being tested: C#5
Accepted Note: C#5
Chord: B7 Tones:[B, C#, D#, F#, G#, A] Note being tested: F5
Chord: B7 Tones:[B, C#, D#, F#, G#, A] Note being tested: A5
Accepted Note: A5
Chord: B7 Tones:[B, C#, D#, F#, G#, A] Note being tested: G4
Chord: B7 Tones:[B, C#, D#, F#, G#, A] Note being tested: A4
Accepted Note: A4
Chord: B7 Tones:[B, C#, D#, F#, G#, A] Note being tested: C#5
Accepted Note: C#5
Chord: B7 Tones:[B, C#, D#, F#, G#, A] Note being tested: F5
Chord: B7 Tones:[B, C#, D#, F#, G#, A] Note being tested: A5
Accepted Note: A5
Chord: B7 Tones:[B, C#, D#, F#, G#, A] Note being tested: D4
Chord: B7 Tones:[B, C#, D#, F#, G#, A] Note being tested: F4
Chord: B7 Tones:[B, C#, D#, F#, G#, A] Note being tested: G4
Chord: B7 Tones:[B, C#, D#, F#, G#, A] Note being tested: A4
Accepted Note: A4
Chord: B7 Tones:[B, C#, D#, F#, G#, A] Note being tested: C#5
Accepted Note: C#5
Chord: B7 Tones:[B, C#, D#, F#, G#, A] Note being tested: F5
Chord: B7 Tones:[B, C#, D#, F#, G#, A] Note being tested: A5
Accepted Note: A5
Chord: B7 Tones:[B, C#, D#, F#, G#, A] Note being tested: G4
Chord: B7 Tones:[B, C#, D#, F#, G#, A] Note being tested: A4
Accepted Note: A4
Chord: B7 Tones:[B, C#, D#, F#, G#, A] Note being tested: C#5
Accepted Note: C#5
Chord: B7 Tones:[B, C#, D#, F#, G#, A] Note being tested: F5
Chord: B7 Tones:[B, C#, D#, F#, G#, A] Note being tested: A5
Accepted Note: A5
Chord: B7 Tones:[B, C#, D#, F#, G#, A] Note being tested: G4
Chord: B7 Tones:[B, C#, D#, F#, G#, A] Note being tested: A4
Accepted Note: A4
Chord: B7 Tones:[B, C#, D#, F#, G#, A] Note being tested: C#5
Accepted Note: C#5
Chord: B7 Tones:[B, C#, D#, F#, G#, A] Note being tested: F5
Chord: B7 Tones:[B, C#, D#, F#, G#, A] Note being tested: A5
Accepted Note: A5
Chord: B7 Tones:[B, C#, D#, F#, G#, A] Note being tested: G4
Chord: B7 Tones:[B, C#, D#, F#, G#, A] Note being tested: A4
Accepted Note: A4
Chord: B7 Tones:[B, C#, D#, F#, G#, A] Note being tested: C#5
Accepted Note: C#5
Chord: B7 Tones:[B, C#, D#, F#, G#, A] Note being tested: F5
Chord: B7 Tones:[B, C#, D#, F#, G#, A] Note being tested: A5
Accepted Note: A5
Chord: B7 Tones:[B, C#, D#, F#, G#, A] Note being tested: F5
Chord: B7 Tones:[B, C#, D#, F#, G#, A] Note being tested: G4
Chord: B7 Tones:[B, C#, D#, F#, G#, A] Note being tested: B4
Accepted Note: B4
Chord: B7 Tones:[B, C#, D#, F#, G#, A] Note being tested: A#4
Chord: B7 Tones:[B, C#, D#, F#, G#, A] Note being tested: G#4
Accepted Note: G#4
Chord: B7 Tones:[B, C#, D#, F#, G#, A] Note being tested: G4
Chord: B7 Tones:[B, C#, D#, F#, G#, A] Note being tested: F#4
Accepted Note: F#4
Chord: B7 Tones:[B, C#, D#, F#, G#, A] Note being tested: F4
Chord: B7 Tones:[B, C#, D#, F#, G#, A] Note being tested: E4
Chord: B7 Tones:[B, C#, D#, F#, G#, A] Note being tested: D4
Chord: B7 Tones:[B, C#, D#, F#, G#, A] Note being tested: D#4
Accepted Note: D#4
Chord: B7 Tones:[B, C#, D#, F#, G#, A] Note being tested: G4
Chord: B7 Tones:[B, C#, D#, F#, G#, A] Note being tested: A4
Accepted Note: A4
Chord: B7 Tones:[B, C#, D#, F#, G#, A] Note being tested: C#5
Accepted Note: C#5
Chord: B7 Tones:[B, C#, D#, F#, G#, A] Note being tested: F5
Chord: B7 Tones:[B, C#, D#, F#, G#, A] Note being tested: A5
Accepted Note: A5
Chord: B7 Tones:[B, C#, D#, F#, G#, A] Note being tested: G4
Chord: B7 Tones:[B, C#, D#, F#, G#, A] Note being tested: A4
Accepted Note: A4
Chord: B7 Tones:[B, C#, D#, F#, G#, A] Note being tested: C#5
Accepted Note: C#5
Chord: B7 Tones:[B, C#, D#, F#, G#, A] Note being tested: F5
Chord: B7 Tones:[B, C#, D#, F#, G#, A] Note being tested: A5
Accepted Note: A5
Chord: B7 Tones:[B, C#, D#, F#, G#, A] Note being tested: G4
Chord: B7 Tones:[B, C#, D#, F#, G#, A] Note being tested: A4
Accepted Note: A4
Chord: B7 Tones:[B, C#, D#, F#, G#, A] Note being tested: C#5
Accepted Note: C#5
Chord: B7 Tones:[B, C#, D#, F#, G#, A] Note being tested: F5
Chord: B7 Tones:[B, C#, D#, F#, G#, A] Note being tested: A5
Accepted Note: A5
Chord: B7 Tones:[B, C#, D#, F#, G#, A] Note being tested: A#4
Chord: B7 Tones:[B, C#, D#, F#, G#, A] Note being tested: G4
Chord: B7 Tones:[B, C#, D#, F#, G#, A] Note being tested: A4
Accepted Note: A4
Chord: B7 Tones:[B, C#, D#, F#, G#, A] Note being tested: C#5
Accepted Note: C#5
Chord: B7 Tones:[B, C#, D#, F#, G#, A] Note being tested: F5
Chord: B7 Tones:[B, C#, D#, F#, G#, A] Note being tested: A5
Accepted Note: A5
Chord: B7 Tones:[B, C#, D#, F#, G#, A] Note being tested: G4
Chord: B7 Tones:[B, C#, D#, F#, G#, A] Note being tested: A4
Accepted Note: A4
Chord: B7 Tones:[B, C#, D#, F#, G#, A] Note being tested: C#5
Accepted Note: C#5
Chord: B7 Tones:[B, C#, D#, F#, G#, A] Note being tested: F5
Chord: B7 Tones:[B, C#, D#, F#, G#, A] Note being tested: A5
Accepted Note: A5
Chord: B7 Tones:[B, C#, D#, F#, G#, A] Note being tested: G4
Chord: B7 Tones:[B, C#, D#, F#, G#, A] Note being tested: A4
Accepted Note: A4
Chord: B7 Tones:[B, C#, D#, F#, G#, A] Note being tested: C#5
Accepted Note: C#5
Chord: B7 Tones:[B, C#, D#, F#, G#, A] Note being tested: F5
Chord: B7 Tones:[B, C#, D#, F#, G#, A] Note being tested: A5
Accepted Note: A5
Chord: B7 Tones:[B, C#, D#, F#, G#, A] Note being tested: B4
Accepted Note: B4
Chord: B7 Tones:[B, C#, D#, F#, G#, A] Note being tested: A#4
Chord: B7 Tones:[B, C#, D#, F#, G#, A] Note being tested: G#4
Accepted Note: G#4
Chord: B7 Tones:[B, C#, D#, F#, G#, A] Note being tested: G4
Chord: B7 Tones:[B, C#, D#, F#, G#, A] Note being tested: F#4
Accepted Note: F#4
Chord: B7 Tones:[B, C#, D#, F#, G#, A] Note being tested: F4
Chord: B7 Tones:[B, C#, D#, F#, G#, A] Note being tested: E4
Chord: B7 Tones:[B, C#, D#, F#, G#, A] Note being tested: D4
Chord: B7 Tones:[B, C#, D#, F#, G#, A] Note being tested: D#4
Accepted Note: D#4
Chord: B7 Tones:[B, C#, D#, F#, G#, A] Note being tested: G4
Chord: B7 Tones:[B, C#, D#, F#, G#, A] Note being tested: A4
Accepted Note: A4
Chord: B7 Tones:[B, C#, D#, F#, G#, A] Note being tested: C#5
Accepted Note: C#5
Chord: B7 Tones:[B, C#, D#, F#, G#, A] Note being tested: F5
Chord: B7 Tones:[B, C#, D#, F#, G#, A] Note being tested: A5
Accepted Note: A5
Chord: B7 Tones:[B, C#, D#, F#, G#, A] Note being tested: E4
Chord: B7 Tones:[B, C#, D#, F#, G#, A] Note being tested: G4
Chord: B7 Tones:[B, C#, D#, F#, G#, A] Note being tested: G#4
Accepted Note: G#4
Chord: B7 Tones:[B, C#, D#, F#, G#, A] Note being tested: B4
Accepted Note: B4
Chord: B7 Tones:[B, C#, D#, F#, G#, A] Note being tested: D5
Chord: B7 Tones:[B, C#, D#, F#, G#, A] Note being tested: F5
Chord: B7 Tones:[B, C#, D#, F#, G#, A] Note being tested: G#5
Accepted Note: G#5
Chord: B7 Tones:[B, C#, D#, F#, G#, A] Note being tested: E5
Chord: B7 Tones:[B, C#, D#, F#, G#, A] Note being tested: G5
Chord: B7 Tones:[B, C#, D#, F#, G#, A] Note being tested: C#5
Accepted Note: C#5
Chord: B7 Tones:[B, C#, D#, F#, G#, A] Note being tested: F#4
Accepted Note: F#4
Chord: B7 Tones:[B, C#, D#, F#, G#, A] Note being tested: D#5
Accepted Note: D#5
Chord: B7 Tones:[B, C#, D#, F#, G#, A] Note being tested: A4
Accepted Note: A4
Chord: B7 Tones:[B, C#, D#, F#, G#, A] Note being tested: E4
Chord: B7 Tones:[B, C#, D#, F#, G#, A] Note being tested: G4
Chord: B7 Tones:[B, C#, D#, F#, G#, A] Note being tested: G#4
Accepted Note: G#4
Chord: B7 Tones:[B, C#, D#, F#, G#, A] Note being tested: B4
Accepted Note: B4
Chord: B7 Tones:[B, C#, D#, F#, G#, A] Note being tested: D5
Chord: B7 Tones:[B, C#, D#, F#, G#, A] Note being tested: F5
Chord: B7 Tones:[B, C#, D#, F#, G#, A] Note being tested: G#5
Accepted Note: G#5
Chord: B7 Tones:[B, C#, D#, F#, G#, A] Note being tested: E5
Chord: B7 Tones:[B, C#, D#, F#, G#, A] Note being tested: G5
Chord: B7 Tones:[B, C#, D#, F#, G#, A] Note being tested: C#5
Accepted Note: C#5
Chord: B7 Tones:[B, C#, D#, F#, G#, A] Note being tested: F#4
Accepted Note: F#4
Chord: B7 Tones:[B, C#, D#, F#, G#, A] Note being tested: D#5
Accepted Note: D#5
Chord: B7 Tones:[B, C#, D#, F#, G#, A] Note being tested: A4
Accepted Note: A4
Chord: B7 Tones:[B, C#, D#, F#, G#, A] Note being tested: E4
Chord: B7 Tones:[B, C#, D#, F#, G#, A] Note being tested: G4
Chord: B7 Tones:[B, C#, D#, F#, G#, A] Note being tested: G#4
Accepted Note: G#4
Chord: B7 Tones:[B, C#, D#, F#, G#, A] Note being tested: B4
Accepted Note: B4
Chord: B7 Tones:[B, C#, D#, F#, G#, A] Note being tested: D5
Chord: B7 Tones:[B, C#, D#, F#, G#, A] Note being tested: F5
Chord: B7 Tones:[B, C#, D#, F#, G#, A] Note being tested: G#5
Accepted Note: G#5
Chord: B7 Tones:[B, C#, D#, F#, G#, A] Note being tested: E5
Chord: B7 Tones:[B, C#, D#, F#, G#, A] Note being tested: G5
Chord: B7 Tones:[B, C#, D#, F#, G#, A] Note being tested: C#5
Accepted Note: C#5
Chord: B7 Tones:[B, C#, D#, F#, G#, A] Note being tested: F#4
Accepted Note: F#4
Chord: B7 Tones:[B, C#, D#, F#, G#, A] Note being tested: D#5
Accepted Note: D#5
Chord: B7 Tones:[B, C#, D#, F#, G#, A] Note being tested: A4
Accepted Note: A4
Chord: B7 Tones:[B, C#, D#, F#, G#, A] Note being tested: E4
Chord: B7 Tones:[B, C#, D#, F#, G#, A] Note being tested: G4
Chord: B7 Tones:[B, C#, D#, F#, G#, A] Note being tested: G#4
Accepted Note: G#4
Chord: B7 Tones:[B, C#, D#, F#, G#, A] Note being tested: B4
Accepted Note: B4
Chord: B7 Tones:[B, C#, D#, F#, G#, A] Note being tested: D5
Chord: B7 Tones:[B, C#, D#, F#, G#, A] Note being tested: F5
Chord: B7 Tones:[B, C#, D#, F#, G#, A] Note being tested: G#5
Accepted Note: G#5
Chord: B7 Tones:[B, C#, D#, F#, G#, A] Note being tested: E5
Chord: B7 Tones:[B, C#, D#, F#, G#, A] Note being tested: G5
Chord: B7 Tones:[B, C#, D#, F#, G#, A] Note being tested: C#5
Accepted Note: C#5
Chord: B7 Tones:[B, C#, D#, F#, G#, A] Note being tested: F#4
Accepted Note: F#4
Chord: B7 Tones:[B, C#, D#, F#, G#, A] Note being tested: D#5
Accepted Note: D#5
Chord: B7 Tones:[B, C#, D#, F#, G#, A] Note being tested: A4
Accepted Note: A4
Chord: B7 Tones:[B, C#, D#, F#, G#, A] Note being tested: E4
Chord: B7 Tones:[B, C#, D#, F#, G#, A] Note being tested: G4
Chord: B7 Tones:[B, C#, D#, F#, G#, A] Note being tested: G#4
Accepted Note: G#4
Chord: B7 Tones:[B, C#, D#, F#, G#, A] Note being tested: B4
Accepted Note: B4
Chord: B7 Tones:[B, C#, D#, F#, G#, A] Note being tested: D5
Chord: B7 Tones:[B, C#, D#, F#, G#, A] Note being tested: F5
Chord: B7 Tones:[B, C#, D#, F#, G#, A] Note being tested: G#5
Accepted Note: G#5
Chord: B7 Tones:[B, C#, D#, F#, G#, A] Note being tested: E5
Chord: B7 Tones:[B, C#, D#, F#, G#, A] Note being tested: G5
Chord: B7 Tones:[B, C#, D#, F#, G#, A] Note being tested: C#5
Accepted Note: C#5
Chord: B7 Tones:[B, C#, D#, F#, G#, A] Note being tested: F#4
Accepted Note: F#4
Chord: B7 Tones:[B, C#, D#, F#, G#, A] Note being tested: D#5
Accepted Note: D#5
Chord: B7 Tones:[B, C#, D#, F#, G#, A] Note being tested: A4
Accepted Note: A4
Chord: B7 Tones:[B, C#, D#, F#, G#, A] Note being tested: E4
Chord: B7 Tones:[B, C#, D#, F#, G#, A] Note being tested: G4
Chord: B7 Tones:[B, C#, D#, F#, G#, A] Note being tested: G#4
Accepted Note: G#4
Chord: B7 Tones:[B, C#, D#, F#, G#, A] Note being tested: B4
Accepted Note: B4
Chord: B7 Tones:[B, C#, D#, F#, G#, A] Note being tested: D5
Chord: B7 Tones:[B, C#, D#, F#, G#, A] Note being tested: F5
Chord: B7 Tones:[B, C#, D#, F#, G#, A] Note being tested: G#5
Accepted Note: G#5
Chord: B7 Tones:[B, C#, D#, F#, G#, A] Note being tested: E5
Chord: B7 Tones:[B, C#, D#, F#, G#, A] Note being tested: G5
Chord: B7 Tones:[B, C#, D#, F#, G#, A] Note being tested: C#5
Accepted Note: C#5
Chord: B7 Tones:[B, C#, D#, F#, G#, A] Note being tested: F#4
Accepted Note: F#4
Chord: B7 Tones:[B, C#, D#, F#, G#, A] Note being tested: D#5
Accepted Note: D#5
Chord: B7 Tones:[B, C#, D#, F#, G#, A] Note being tested: A4
Accepted Note: A4
Chord: B7 Tones:[B, C#, D#, F#, G#, A] Note being tested: A#4
Chord: B7 Tones:[B, C#, D#, F#, G#, A] Note being tested: C#5
Accepted Note: C#5
Chord: B7 Tones:[B, C#, D#, F#, G#, A] Note being tested: B4
Accepted Note: B4
Chord: B7 Tones:[B, C#, D#, F#, G#, A] Note being tested: A#4
Chord: B7 Tones:[B, C#, D#, F#, G#, A] Note being tested: G#4
Accepted Note: G#4
Chord: B7 Tones:[B, C#, D#, F#, G#, A] Note being tested: G4
Chord: B7 Tones:[B, C#, D#, F#, G#, A] Note being tested: F#4
Accepted Note: F#4
Chord: B7 Tones:[B, C#, D#, F#, G#, A] Note being tested: F4
Chord: B7 Tones:[B, C#, D#, F#, G#, A] Note being tested: E4
Chord: B7 Tones:[B, C#, D#, F#, G#, A] Note being tested: D4
Chord: B7 Tones:[B, C#, D#, F#, G#, A] Note being tested: D#4
Accepted Note: D#4
Chord: B7 Tones:[B, C#, D#, F#, G#, A] Note being tested: A#4
Chord: B7 Tones:[B, C#, D#, F#, G#, A] Note being tested: E4
Chord: B7 Tones:[B, C#, D#, F#, G#, A] Note being tested: G4
Chord: B7 Tones:[B, C#, D#, F#, G#, A] Note being tested: G#4
Accepted Note: G#4
Chord: B7 Tones:[B, C#, D#, F#, G#, A] Note being tested: B4
Accepted Note: B4
Chord: B7 Tones:[B, C#, D#, F#, G#, A] Note being tested: D5
Chord: B7 Tones:[B, C#, D#, F#, G#, A] Note being tested: F5
Chord: B7 Tones:[B, C#, D#, F#, G#, A] Note being tested: G#5
Accepted Note: G#5
Chord: B7 Tones:[B, C#, D#, F#, G#, A] Note being tested: E5
Chord: B7 Tones:[B, C#, D#, F#, G#, A] Note being tested: G5
Chord: B7 Tones:[B, C#, D#, F#, G#, A] Note being tested: C#5
Accepted Note: C#5
Chord: B7 Tones:[B, C#, D#, F#, G#, A] Note being tested: F#4
Accepted Note: F#4
Chord: B7 Tones:[B, C#, D#, F#, G#, A] Note being tested: D#5
Accepted Note: D#5
Chord: B7 Tones:[B, C#, D#, F#, G#, A] Note being tested: A4
Accepted Note: A4
Chord: B7 Tones:[B, C#, D#, F#, G#, A] Note being tested: G4
Chord: B7 Tones:[B, C#, D#, F#, G#, A] Note being tested: A4
Accepted Note: A4
Chord: B7 Tones:[B, C#, D#, F#, G#, A] Note being tested: C#5
Accepted Note: C#5
Chord: B7 Tones:[B, C#, D#, F#, G#, A] Note being tested: F5
Chord: B7 Tones:[B, C#, D#, F#, G#, A] Note being tested: A5
Accepted Note: A5
Chord: B7 Tones:[B, C#, D#, F#, G#, A] Note being tested: G4
Chord: B7 Tones:[B, C#, D#, F#, G#, A] Note being tested: A4
Accepted Note: A4
Chord: B7 Tones:[B, C#, D#, F#, G#, A] Note being tested: C#5
Accepted Note: C#5
Chord: B7 Tones:[B, C#, D#, F#, G#, A] Note being tested: F5
Chord: B7 Tones:[B, C#, D#, F#, G#, A] Note being tested: A5
Accepted Note: A5
Chord: B7 Tones:[B, C#, D#, F#, G#, A] Note being tested: G4
Chord: B7 Tones:[B, C#, D#, F#, G#, A] Note being tested: A4
Accepted Note: A4
Chord: B7 Tones:[B, C#, D#, F#, G#, A] Note being tested: C#5
Accepted Note: C#5
Chord: B7 Tones:[B, C#, D#, F#, G#, A] Note being tested: F5
Chord: B7 Tones:[B, C#, D#, F#, G#, A] Note being tested: A5
Accepted Note: A5
Chord: B7 Tones:[B, C#, D#, F#, G#, A] Note being tested: B4
Accepted Note: B4
Chord: B7 Tones:[B, C#, D#, F#, G#, A] Note being tested: A#4
Chord: B7 Tones:[B, C#, D#, F#, G#, A] Note being tested: G#4
Accepted Note: G#4
Chord: B7 Tones:[B, C#, D#, F#, G#, A] Note being tested: G4
Chord: B7 Tones:[B, C#, D#, F#, G#, A] Note being tested: F#4
Accepted Note: F#4
Chord: B7 Tones:[B, C#, D#, F#, G#, A] Note being tested: F4
Chord: B7 Tones:[B, C#, D#, F#, G#, A] Note being tested: E4
Chord: B7 Tones:[B, C#, D#, F#, G#, A] Note being tested: D4
Chord: B7 Tones:[B, C#, D#, F#, G#, A] Note being tested: D#4
Accepted Note: D#4
Chord: B7 Tones:[B, C#, D#, F#, G#, A] Note being tested: G4
Chord: B7 Tones:[B, C#, D#, F#, G#, A] Note being tested: A4
Accepted Note: A4
Chord: B7 Tones:[B, C#, D#, F#, G#, A] Note being tested: C#5
Accepted Note: C#5
Chord: B7 Tones:[B, C#, D#, F#, G#, A] Note being tested: F5
Chord: B7 Tones:[B, C#, D#, F#, G#, A] Note being tested: A5
Accepted Note: A5
Chord: B7 Tones:[B, C#, D#, F#, G#, A] Note being tested: G4
Chord: B7 Tones:[B, C#, D#, F#, G#, A] Note being tested: A4
Accepted Note: A4
Chord: B7 Tones:[B, C#, D#, F#, G#, A] Note being tested: C#5
Accepted Note: C#5
Chord: B7 Tones:[B, C#, D#, F#, G#, A] Note being tested: F5
Chord: B7 Tones:[B, C#, D#, F#, G#, A] Note being tested: A5
Accepted Note: A5
Chord: B7 Tones:[B, C#, D#, F#, G#, A] Note being tested: G4
Chord: B7 Tones:[B, C#, D#, F#, G#, A] Note being tested: A4
Accepted Note: A4
Chord: B7 Tones:[B, C#, D#, F#, G#, A] Note being tested: C#5
Accepted Note: C#5
Chord: B7 Tones:[B, C#, D#, F#, G#, A] Note being tested: F5
Chord: B7 Tones:[B, C#, D#, F#, G#, A] Note being tested: A5
Accepted Note: A5
Chord: B7 Tones:[B, C#, D#, F#, G#, A] Note being tested: G4
Chord: B7 Tones:[B, C#, D#, F#, G#, A] Note being tested: F#4
Accepted Note: F#4
Chord: B7 Tones:[B, C#, D#, F#, G#, A] Note being tested: B4
Accepted Note: B4
Chord: B7 Tones:[B, C#, D#, F#, G#, A] Note being tested: A#4
Chord: B7 Tones:[B, C#, D#, F#, G#, A] Note being tested: G#4
Accepted Note: G#4
Chord: B7 Tones:[B, C#, D#, F#, G#, A] Note being tested: G4
Chord: B7 Tones:[B, C#, D#, F#, G#, A] Note being tested: F#4
Accepted Note: F#4
Chord: B7 Tones:[B, C#, D#, F#, G#, A] Note being tested: F4
Chord: B7 Tones:[B, C#, D#, F#, G#, A] Note being tested: E4
Chord: B7 Tones:[B, C#, D#, F#, G#, A] Note being tested: D4
Chord: B7 Tones:[B, C#, D#, F#, G#, A] Note being tested: D#4
Accepted Note: D#4
Chord: A7 Tones:[A, B, C#, E, F#, G] Note being tested: G4
Accepted Note: G4
Chord: A7 Tones:[A, B, C#, E, F#, G] Note being tested: A4
Accepted Note: A4
Chord: A7 Tones:[A, B, C#, E, F#, G] Note being tested: C#5
Accepted Note: C#5
Chord: A7 Tones:[A, B, C#, E, F#, G] Note being tested: F5
Chord: A7 Tones:[A, B, C#, E, F#, G] Note being tested: A5
Accepted Note: A5
Chord: A7 Tones:[A, B, C#, E, F#, G] Note being tested: A#4
Chord: A7 Tones:[A, B, C#, E, F#, G] Note being tested: B4
Accepted Note: B4
Chord: A7 Tones:[A, B, C#, E, F#, G] Note being tested: A#4
Chord: A7 Tones:[A, B, C#, E, F#, G] Note being tested: G#4
Chord: A7 Tones:[A, B, C#, E, F#, G] Note being tested: G4
Accepted Note: G4
Chord: A7 Tones:[A, B, C#, E, F#, G] Note being tested: F#4
Accepted Note: F#4
Chord: A7 Tones:[A, B, C#, E, F#, G] Note being tested: F4
Chord: A7 Tones:[A, B, C#, E, F#, G] Note being tested: E4
Accepted Note: E4
Chord: A7 Tones:[A, B, C#, E, F#, G] Note being tested: D4
Chord: A7 Tones:[A, B, C#, E, F#, G] Note being tested: D#4
Chord: A7 Tones:[A, B, C#, E, F#, G] Note being tested: A4
Accepted Note: A4
Chord: A7 Tones:[A, B, C#, E, F#, G] Note being tested: G4
Accepted Note: G4
Chord: A7 Tones:[A, B, C#, E, F#, G] Note being tested: A4
Accepted Note: A4
Chord: A7 Tones:[A, B, C#, E, F#, G] Note being tested: C#5
Accepted Note: C#5
Chord: A7 Tones:[A, B, C#, E, F#, G] Note being tested: F5
Chord: A7 Tones:[A, B, C#, E, F#, G] Note being tested: A5
Accepted Note: A5
Chord: A7 Tones:[A, B, C#, E, F#, G] Note being tested: A4
Accepted Note: A4
Chord: A7 Tones:[A, B, C#, E, F#, G] Note being tested: C#5
Accepted Note: C#5
Chord: E7 Tones:[E, F#, G#, B, C#, D] Note being tested: A#4
Chord: E7 Tones:[E, F#, G#, B, C#, D] Note being tested: F5
Chord: E7 Tones:[E, F#, G#, B, C#, D] Note being tested: B4
Accepted Note: B4
Chord: E7 Tones:[E, F#, G#, B, C#, D] Note being tested: C#5
Accepted Note: C#5
Chord: E7 Tones:[E, F#, G#, B, C#, D] Note being tested: G4
Chord: E7 Tones:[E, F#, G#, B, C#, D] Note being tested: A4
Chord: E7 Tones:[E, F#, G#, B, C#, D] Note being tested: C#5
Accepted Note: C#5
Chord: E7 Tones:[E, F#, G#, B, C#, D] Note being tested: F5
Chord: E7 Tones:[E, F#, G#, B, C#, D] Note being tested: A5
Chord: E7 Tones:[E, F#, G#, B, C#, D] Note being tested: B4
Accepted Note: B4
Chord: E7 Tones:[E, F#, G#, B, C#, D] Note being tested: A#4
Chord: E7 Tones:[E, F#, G#, B, C#, D] Note being tested: G#4
Accepted Note: G#4
Chord: E7 Tones:[E, F#, G#, B, C#, D] Note being tested: G4
Chord: E7 Tones:[E, F#, G#, B, C#, D] Note being tested: F#4
Accepted Note: F#4
Chord: E7 Tones:[E, F#, G#, B, C#, D] Note being tested: F4
Chord: E7 Tones:[E, F#, G#, B, C#, D] Note being tested: E4
Accepted Note: E4
Chord: E7 Tones:[E, F#, G#, B, C#, D] Note being tested: D4
Accepted Note: D4
Chord: E7 Tones:[E, F#, G#, B, C#, D] Note being tested: D#4
Chord: E7 Tones:[E, F#, G#, B, C#, D] Note being tested: A#4
Chord: E7 Tones:[E, F#, G#, B, C#, D] Note being tested: G#4
Accepted Note: G#4
Chord: E7 Tones:[E, F#, G#, B, C#, D] Note being tested: D5
Accepted Note: D5
Chord: E7 Tones:[E, F#, G#, B, C#, D] Note being tested: F#4
Accepted Note: F#4
Chord: E7 Tones:[E, F#, G#, B, C#, D] Note being tested: E4
Accepted Note: E4
Chord: E7 Tones:[E, F#, G#, B, C#, D] Note being tested: G4
Chord: E7 Tones:[E, F#, G#, B, C#, D] Note being tested: G#4
Accepted Note: G#4
Chord: E7 Tones:[E, F#, G#, B, C#, D] Note being tested: B4
Accepted Note: B4
Chord: E7 Tones:[E, F#, G#, B, C#, D] Note being tested: D5
Accepted Note: D5
Chord: E7 Tones:[E, F#, G#, B, C#, D] Note being tested: F5
Chord: E7 Tones:[E, F#, G#, B, C#, D] Note being tested: G#5
Accepted Note: G#5
Chord: E7 Tones:[E, F#, G#, B, C#, D] Note being tested: E5
Accepted Note: E5
Chord: E7 Tones:[E, F#, G#, B, C#, D] Note being tested: G5
Chord: E7 Tones:[E, F#, G#, B, C#, D] Note being tested: C#5
Accepted Note: C#5
Chord: E7 Tones:[E, F#, G#, B, C#, D] Note being tested: F#4
Accepted Note: F#4
Chord: E7 Tones:[E, F#, G#, B, C#, D] Note being tested: D#5
Chord: E7 Tones:[E, F#, G#, B, C#, D] Note being tested: A4
Chord: E7 Tones:[E, F#, G#, B, C#, D] Note being tested: F5
Chord: E7 Tones:[E, F#, G#, B, C#, D] Note being tested: G4
Chord: E7 Tones:[E, F#, G#, B, C#, D] Note being tested: A4
Chord: E7 Tones:[E, F#, G#, B, C#, D] Note being tested: C#5
Accepted Note: C#5
Chord: E7 Tones:[E, F#, G#, B, C#, D] Note being tested: F5
Chord: E7 Tones:[E, F#, G#, B, C#, D] Note being tested: A5
Chord: E7 Tones:[E, F#, G#, B, C#, D] Note being tested: G4
Chord: E7 Tones:[E, F#, G#, B, C#, D] Note being tested: A4
Chord: E7 Tones:[E, F#, G#, B, C#, D] Note being tested: C#5
Accepted Note: C#5
Chord: E7 Tones:[E, F#, G#, B, C#, D] Note being tested: F5
Chord: E7 Tones:[E, F#, G#, B, C#, D] Note being tested: A5
Chord: E7 Tones:[E, F#, G#, B, C#, D] Note being tested: G4
Chord: E7 Tones:[E, F#, G#, B, C#, D] Note being tested: A4
Chord: E7 Tones:[E, F#, G#, B, C#, D] Note being tested: C#5
Accepted Note: C#5
Chord: E7 Tones:[E, F#, G#, B, C#, D] Note being tested: F5
Chord: E7 Tones:[E, F#, G#, B, C#, D] Note being tested: A5
Chord: E7 Tones:[E, F#, G#, B, C#, D] Note being tested: B4
Accepted Note: B4
Chord: E7 Tones:[E, F#, G#, B, C#, D] Note being tested: A#4
Chord: E7 Tones:[E, F#, G#, B, C#, D] Note being tested: G#4
Accepted Note: G#4
Chord: E7 Tones:[E, F#, G#, B, C#, D] Note being tested: G4
Chord: E7 Tones:[E, F#, G#, B, C#, D] Note being tested: F#4
Accepted Note: F#4
Chord: E7 Tones:[E, F#, G#, B, C#, D] Note being tested: F4
Chord: E7 Tones:[E, F#, G#, B, C#, D] Note being tested: E4
Accepted Note: E4
Chord: E7 Tones:[E, F#, G#, B, C#, D] Note being tested: D4
Accepted Note: D4
Chord: E7 Tones:[E, F#, G#, B, C#, D] Note being tested: D#4
Chord: E7 Tones:[E, F#, G#, B, C#, D] Note being tested: G4
Chord: E7 Tones:[E, F#, G#, B, C#, D] Note being tested: G4
Chord: E7 Tones:[E, F#, G#, B, C#, D] Note being tested: A4
Chord: E7 Tones:[E, F#, G#, B, C#, D] Note being tested: C#5
Accepted Note: C#5
Chord: E7 Tones:[E, F#, G#, B, C#, D] Note being tested: F5
Chord: E7 Tones:[E, F#, G#, B, C#, D] Note being tested: A5
Chord: E7 Tones:[E, F#, G#, B, C#, D] Note being tested: G4
Chord: E7 Tones:[E, F#, G#, B, C#, D] Note being tested: A4
Chord: E7 Tones:[E, F#, G#, B, C#, D] Note being tested: C#5
Accepted Note: C#5
Chord: E7 Tones:[E, F#, G#, B, C#, D] Note being tested: F5
Chord: E7 Tones:[E, F#, G#, B, C#, D] Note being tested: A5
Chord: E7 Tones:[E, F#, G#, B, C#, D] Note being tested: G4
Chord: E7 Tones:[E, F#, G#, B, C#, D] Note being tested: A4
Chord: E7 Tones:[E, F#, G#, B, C#, D] Note being tested: C#5
Accepted Note: C#5
Chord: E7 Tones:[E, F#, G#, B, C#, D] Note being tested: F5
Chord: E7 Tones:[E, F#, G#, B, C#, D] Note being tested: A5
Chord: E7 Tones:[E, F#, G#, B, C#, D] Note being tested: G4
Chord: E7 Tones:[E, F#, G#, B, C#, D] Note being tested: A4
Chord: E7 Tones:[E, F#, G#, B, C#, D] Note being tested: C#5
Accepted Note: C#5
Chord: E7 Tones:[E, F#, G#, B, C#, D] Note being tested: F5
Chord: E7 Tones:[E, F#, G#, B, C#, D] Note being tested: A5
Chord: E7 Tones:[E, F#, G#, B, C#, D] Note being tested: G4
Chord: E7 Tones:[E, F#, G#, B, C#, D] Note being tested: A4
Chord: E7 Tones:[E, F#, G#, B, C#, D] Note being tested: C#5
Accepted Note: C#5
Chord: E7 Tones:[E, F#, G#, B, C#, D] Note being tested: F5
Chord: E7 Tones:[E, F#, G#, B, C#, D] Note being tested: A5
Chord: E7 Tones:[E, F#, G#, B, C#, D] Note being tested: G4
Chord: E7 Tones:[E, F#, G#, B, C#, D] Note being tested: A4
Chord: E7 Tones:[E, F#, G#, B, C#, D] Note being tested: C#5
Accepted Note: C#5
Chord: E7 Tones:[E, F#, G#, B, C#, D] Note being tested: F5
Chord: E7 Tones:[E, F#, G#, B, C#, D] Note being tested: A5
Chord: E7 Tones:[E, F#, G#, B, C#, D] Note being tested: G4
Chord: E7 Tones:[E, F#, G#, B, C#, D] Note being tested: A4
Chord: E7 Tones:[E, F#, G#, B, C#, D] Note being tested: C#5
Accepted Note: C#5
Chord: E7 Tones:[E, F#, G#, B, C#, D] Note being tested: F5
Chord: E7 Tones:[E, F#, G#, B, C#, D] Note being tested: A5
Chord: E7 Tones:[E, F#, G#, B, C#, D] Note being tested: G4
Chord: E7 Tones:[E, F#, G#, B, C#, D] Note being tested: A4
Chord: E7 Tones:[E, F#, G#, B, C#, D] Note being tested: C#5
Accepted Note: C#5
Chord: E7 Tones:[E, F#, G#, B, C#, D] Note being tested: F5
Chord: E7 Tones:[E, F#, G#, B, C#, D] Note being tested: A5
Chord: E7 Tones:[E, F#, G#, B, C#, D] Note being tested: G4
Chord: E7 Tones:[E, F#, G#, B, C#, D] Note being tested: A4
Chord: E7 Tones:[E, F#, G#, B, C#, D] Note being tested: C#5
Accepted Note: C#5
Chord: E7 Tones:[E, F#, G#, B, C#, D] Note being tested: F5
Chord: E7 Tones:[E, F#, G#, B, C#, D] Note being tested: A5
Chord: E7 Tones:[E, F#, G#, B, C#, D] Note being tested: E4
Accepted Note: E4
Chord: E7 Tones:[E, F#, G#, B, C#, D] Note being tested: G4
Chord: E7 Tones:[E, F#, G#, B, C#, D] Note being tested: G#4
Accepted Note: G#4
Chord: E7 Tones:[E, F#, G#, B, C#, D] Note being tested: B4
Accepted Note: B4
Chord: E7 Tones:[E, F#, G#, B, C#, D] Note being tested: D5
Accepted Note: D5
Chord: E7 Tones:[E, F#, G#, B, C#, D] Note being tested: F5
Chord: E7 Tones:[E, F#, G#, B, C#, D] Note being tested: G#5
Accepted Note: G#5
Chord: E7 Tones:[E, F#, G#, B, C#, D] Note being tested: E5
Accepted Note: E5
Chord: E7 Tones:[E, F#, G#, B, C#, D] Note being tested: G5
Chord: E7 Tones:[E, F#, G#, B, C#, D] Note being tested: C#5
Accepted Note: C#5
Chord: E7 Tones:[E, F#, G#, B, C#, D] Note being tested: F#4
Accepted Note: F#4
Chord: E7 Tones:[E, F#, G#, B, C#, D] Note being tested: D#5
Chord: E7 Tones:[E, F#, G#, B, C#, D] Note being tested: A4
Chord: E7 Tones:[E, F#, G#, B, C#, D] Note being tested: G4
Chord: E7 Tones:[E, F#, G#, B, C#, D] Note being tested: A#4
Chord: E7 Tones:[E, F#, G#, B, C#, D] Note being tested: E4
Accepted Note: E4
Chord: E7 Tones:[E, F#, G#, B, C#, D] Note being tested: G4
Chord: E7 Tones:[E, F#, G#, B, C#, D] Note being tested: G#4
Accepted Note: G#4
Chord: E7 Tones:[E, F#, G#, B, C#, D] Note being tested: B4
Accepted Note: B4
Chord: E7 Tones:[E, F#, G#, B, C#, D] Note being tested: D5
Accepted Note: D5
Chord: E7 Tones:[E, F#, G#, B, C#, D] Note being tested: F5
Chord: E7 Tones:[E, F#, G#, B, C#, D] Note being tested: G#5
Accepted Note: G#5
Chord: E7 Tones:[E, F#, G#, B, C#, D] Note being tested: E5
Accepted Note: E5
Chord: E7 Tones:[E, F#, G#, B, C#, D] Note being tested: G5
Chord: E7 Tones:[E, F#, G#, B, C#, D] Note being tested: C#5
Accepted Note: C#5
Chord: E7 Tones:[E, F#, G#, B, C#, D] Note being tested: F#4
Accepted Note: F#4
Chord: E7 Tones:[E, F#, G#, B, C#, D] Note being tested: D#5
Chord: E7 Tones:[E, F#, G#, B, C#, D] Note being tested: A4
Chord: E7 Tones:[E, F#, G#, B, C#, D] Note being tested: G4
Chord: E7 Tones:[E, F#, G#, B, C#, D] Note being tested: E4
Accepted Note: E4
Chord: E7 Tones:[E, F#, G#, B, C#, D] Note being tested: G4
Chord: E7 Tones:[E, F#, G#, B, C#, D] Note being tested: G#4
Accepted Note: G#4
Chord: E7 Tones:[E, F#, G#, B, C#, D] Note being tested: B4
Accepted Note: B4
Chord: E7 Tones:[E, F#, G#, B, C#, D] Note being tested: D5
Accepted Note: D5
Chord: E7 Tones:[E, F#, G#, B, C#, D] Note being tested: F5
Chord: E7 Tones:[E, F#, G#, B, C#, D] Note being tested: G#5
Accepted Note: G#5
Chord: E7 Tones:[E, F#, G#, B, C#, D] Note being tested: E5
Accepted Note: E5
Chord: E7 Tones:[E, F#, G#, B, C#, D] Note being tested: G5
Chord: E7 Tones:[E, F#, G#, B, C#, D] Note being tested: C#5
Accepted Note: C#5
Chord: E7 Tones:[E, F#, G#, B, C#, D] Note being tested: F#4
Accepted Note: F#4
Chord: E7 Tones:[E, F#, G#, B, C#, D] Note being tested: D#5
Chord: E7 Tones:[E, F#, G#, B, C#, D] Note being tested: A4
Chord: B7 Tones:[B, C#, D#, F#, G#, A] Note being tested: G4
Chord: B7 Tones:[B, C#, D#, F#, G#, A] Note being tested: A4
Accepted Note: A4
Chord: B7 Tones:[B, C#, D#, F#, G#, A] Note being tested: C#5
Accepted Note: C#5
Chord: B7 Tones:[B, C#, D#, F#, G#, A] Note being tested: F5
Chord: B7 Tones:[B, C#, D#, F#, G#, A] Note being tested: A5
Accepted Note: A5
Chord: B7 Tones:[B, C#, D#, F#, G#, A] Note being tested: G4
Chord: B7 Tones:[B, C#, D#, F#, G#, A] Note being tested: A4
Accepted Note: A4
Chord: B7 Tones:[B, C#, D#, F#, G#, A] Note being tested: C#5
Accepted Note: C#5
Chord: B7 Tones:[B, C#, D#, F#, G#, A] Note being tested: F5
Chord: B7 Tones:[B, C#, D#, F#, G#, A] Note being tested: A5
Accepted Note: A5
Chord: B7 Tones:[B, C#, D#, F#, G#, A] Note being tested: G4
Chord: B7 Tones:[B, C#, D#, F#, G#, A] Note being tested: A4
Accepted Note: A4
Chord: B7 Tones:[B, C#, D#, F#, G#, A] Note being tested: C#5
Accepted Note: C#5
Chord: B7 Tones:[B, C#, D#, F#, G#, A] Note being tested: F5
Chord: B7 Tones:[B, C#, D#, F#, G#, A] Note being tested: A5
Accepted Note: A5
Chord: B7 Tones:[B, C#, D#, F#, G#, A] Note being tested: B4
Accepted Note: B4
Chord: B7 Tones:[B, C#, D#, F#, G#, A] Note being tested: A#4
Chord: B7 Tones:[B, C#, D#, F#, G#, A] Note being tested: G#4
Accepted Note: G#4
Chord: B7 Tones:[B, C#, D#, F#, G#, A] Note being tested: G4
Chord: B7 Tones:[B, C#, D#, F#, G#, A] Note being tested: F#4
Accepted Note: F#4
Chord: B7 Tones:[B, C#, D#, F#, G#, A] Note being tested: F4
Chord: B7 Tones:[B, C#, D#, F#, G#, A] Note being tested: E4
Chord: B7 Tones:[B, C#, D#, F#, G#, A] Note being tested: D4
Chord: B7 Tones:[B, C#, D#, F#, G#, A] Note being tested: D#4
Accepted Note: D#4
Chord: B7 Tones:[B, C#, D#, F#, G#, A] Note being tested: A#4
Chord: B7 Tones:[B, C#, D#, F#, G#, A] Note being tested: G4
Chord: B7 Tones:[B, C#, D#, F#, G#, A] Note being tested: A4
Accepted Note: A4
Chord: B7 Tones:[B, C#, D#, F#, G#, A] Note being tested: C#5
Accepted Note: C#5
Chord: B7 Tones:[B, C#, D#, F#, G#, A] Note being tested: F5
Chord: B7 Tones:[B, C#, D#, F#, G#, A] Note being tested: A5
Accepted Note: A5
Chord: B7 Tones:[B, C#, D#, F#, G#, A] Note being tested: F5
Chord: B7 Tones:[B, C#, D#, F#, G#, A] Note being tested: B4
Accepted Note: B4
Chord: B7 Tones:[B, C#, D#, F#, G#, A] Note being tested: A#4
Chord: B7 Tones:[B, C#, D#, F#, G#, A] Note being tested: G#4
Accepted Note: G#4
Chord: B7 Tones:[B, C#, D#, F#, G#, A] Note being tested: G4
Chord: B7 Tones:[B, C#, D#, F#, G#, A] Note being tested: F#4
Accepted Note: F#4
Chord: B7 Tones:[B, C#, D#, F#, G#, A] Note being tested: F4
Chord: B7 Tones:[B, C#, D#, F#, G#, A] Note being tested: E4
Chord: B7 Tones:[B, C#, D#, F#, G#, A] Note being tested: D4
Chord: B7 Tones:[B, C#, D#, F#, G#, A] Note being tested: D#4
Accepted Note: D#4
Chord: B7 Tones:[B, C#, D#, F#, G#, A] Note being tested: B4
Accepted Note: B4
Chord: B7 Tones:[B, C#, D#, F#, G#, A] Note being tested: A#4
Chord: B7 Tones:[B, C#, D#, F#, G#, A] Note being tested: G#4
Accepted Note: G#4
Chord: B7 Tones:[B, C#, D#, F#, G#, A] Note being tested: G4
Chord: B7 Tones:[B, C#, D#, F#, G#, A] Note being tested: F#4
Accepted Note: F#4
Chord: B7 Tones:[B, C#, D#, F#, G#, A] Note being tested: F4
Chord: B7 Tones:[B, C#, D#, F#, G#, A] Note being tested: E4
Chord: B7 Tones:[B, C#, D#, F#, G#, A] Note being tested: D4
Chord: B7 Tones:[B, C#, D#, F#, G#, A] Note being tested: D#4
Accepted Note: D#4
Chord: B7 Tones:[B, C#, D#, F#, G#, A] Note being tested: B4
Accepted Note: B4
Chord: B7 Tones:[B, C#, D#, F#, G#, A] Note being tested: A#4
Chord: B7 Tones:[B, C#, D#, F#, G#, A] Note being tested: G#4
Accepted Note: G#4
Chord: B7 Tones:[B, C#, D#, F#, G#, A] Note being tested: G4
Chord: B7 Tones:[B, C#, D#, F#, G#, A] Note being tested: F#4
Accepted Note: F#4
Chord: B7 Tones:[B, C#, D#, F#, G#, A] Note being tested: F4
Chord: B7 Tones:[B, C#, D#, F#, G#, A] Note being tested: E4
Chord: B7 Tones:[B, C#, D#, F#, G#, A] Note being tested: D4
Chord: B7 Tones:[B, C#, D#, F#, G#, A] Note being tested: D#4
Accepted Note: D#4
Chord: B7 Tones:[B, C#, D#, F#, G#, A] Note being tested: G4
Chord: B7 Tones:[B, C#, D#, F#, G#, A] Note being tested: A4
Accepted Note: A4
Chord: B7 Tones:[B, C#, D#, F#, G#, A] Note being tested: C#5
Accepted Note: C#5
Chord: B7 Tones:[B, C#, D#, F#, G#, A] Note being tested: F5
Chord: B7 Tones:[B, C#, D#, F#, G#, A] Note being tested: A5
Accepted Note: A5
Chord: B7 Tones:[B, C#, D#, F#, G#, A] Note being tested: G4
Chord: B7 Tones:[B, C#, D#, F#, G#, A] Note being tested: A4
Accepted Note: A4
Chord: B7 Tones:[B, C#, D#, F#, G#, A] Note being tested: C#5
Accepted Note: C#5
Chord: B7 Tones:[B, C#, D#, F#, G#, A] Note being tested: F5
Chord: B7 Tones:[B, C#, D#, F#, G#, A] Note being tested: A5
Accepted Note: A5
Chord: B7 Tones:[B, C#, D#, F#, G#, A] Note being tested: G4
Chord: B7 Tones:[B, C#, D#, F#, G#, A] Note being tested: A4
Accepted Note: A4
Chord: B7 Tones:[B, C#, D#, F#, G#, A] Note being tested: C#5
Accepted Note: C#5
Chord: B7 Tones:[B, C#, D#, F#, G#, A] Note being tested: F5
Chord: B7 Tones:[B, C#, D#, F#, G#, A] Note being tested: A5
Accepted Note: A5
Chord: B7 Tones:[B, C#, D#, F#, G#, A] Note being tested: G4
Chord: B7 Tones:[B, C#, D#, F#, G#, A] Note being tested: A4
Accepted Note: A4
Chord: B7 Tones:[B, C#, D#, F#, G#, A] Note being tested: C#5
Accepted Note: C#5
Chord: B7 Tones:[B, C#, D#, F#, G#, A] Note being tested: F5
Chord: B7 Tones:[B, C#, D#, F#, G#, A] Note being tested: A5
Accepted Note: A5
Chord: B7 Tones:[B, C#, D#, F#, G#, A] Note being tested: G4
Chord: B7 Tones:[B, C#, D#, F#, G#, A] Note being tested: A4
Accepted Note: A4
Chord: B7 Tones:[B, C#, D#, F#, G#, A] Note being tested: C#5
Accepted Note: C#5
Chord: B7 Tones:[B, C#, D#, F#, G#, A] Note being tested: F5
Chord: B7 Tones:[B, C#, D#, F#, G#, A] Note being tested: A5
Accepted Note: A5
Chord: B7 Tones:[B, C#, D#, F#, G#, A] Note being tested: G4
Chord: B7 Tones:[B, C#, D#, F#, G#, A] Note being tested: A4
Accepted Note: A4
Chord: B7 Tones:[B, C#, D#, F#, G#, A] Note being tested: C#5
Accepted Note: C#5
Chord: B7 Tones:[B, C#, D#, F#, G#, A] Note being tested: F5
Chord: B7 Tones:[B, C#, D#, F#, G#, A] Note being tested: A5
Accepted Note: A5
Chord: B7 Tones:[B, C#, D#, F#, G#, A] Note being tested: G4
Chord: B7 Tones:[B, C#, D#, F#, G#, A] Note being tested: A4
Accepted Note: A4
Chord: B7 Tones:[B, C#, D#, F#, G#, A] Note being tested: C#5
Accepted Note: C#5
Chord: B7 Tones:[B, C#, D#, F#, G#, A] Note being tested: F5
Chord: B7 Tones:[B, C#, D#, F#, G#, A] Note being tested: A5
Accepted Note: A5
Chord: B7 Tones:[B, C#, D#, F#, G#, A] Note being tested: G4
Chord: B7 Tones:[B, C#, D#, F#, G#, A] Note being tested: A4
Accepted Note: A4
Chord: B7 Tones:[B, C#, D#, F#, G#, A] Note being tested: C#5
Accepted Note: C#5
Chord: B7 Tones:[B, C#, D#, F#, G#, A] Note being tested: F5
Chord: B7 Tones:[B, C#, D#, F#, G#, A] Note being tested: A5
Accepted Note: A5
Chord: B7 Tones:[B, C#, D#, F#, G#, A] Note being tested: G4
Chord: B7 Tones:[B, C#, D#, F#, G#, A] Note being tested: A4
Accepted Note: A4
Chord: B7 Tones:[B, C#, D#, F#, G#, A] Note being tested: C#5
Accepted Note: C#5
Chord: B7 Tones:[B, C#, D#, F#, G#, A] Note being tested: F5
Chord: B7 Tones:[B, C#, D#, F#, G#, A] Note being tested: A5
Accepted Note: A5
Chord: B7 Tones:[B, C#, D#, F#, G#, A] Note being tested: G4
Chord: B7 Tones:[B, C#, D#, F#, G#, A] Note being tested: A4
Accepted Note: A4
Chord: B7 Tones:[B, C#, D#, F#, G#, A] Note being tested: C#5
Accepted Note: C#5
Chord: B7 Tones:[B, C#, D#, F#, G#, A] Note being tested: F5
Chord: B7 Tones:[B, C#, D#, F#, G#, A] Note being tested: A5
Accepted Note: A5
Chord: B7 Tones:[B, C#, D#, F#, G#, A] Note being tested: G4
Chord: B7 Tones:[B, C#, D#, F#, G#, A] Note being tested: A4
Accepted Note: A4
Chord: B7 Tones:[B, C#, D#, F#, G#, A] Note being tested: C#5
Accepted Note: C#5
Chord: B7 Tones:[B, C#, D#, F#, G#, A] Note being tested: F5
Chord: B7 Tones:[B, C#, D#, F#, G#, A] Note being tested: A5
Accepted Note: A5
Chord: B7 Tones:[B, C#, D#, F#, G#, A] Note being tested: G4
Chord: B7 Tones:[B, C#, D#, F#, G#, A] Note being tested: A4
Accepted Note: A4
Chord: B7 Tones:[B, C#, D#, F#, G#, A] Note being tested: C#5
Accepted Note: C#5
Chord: B7 Tones:[B, C#, D#, F#, G#, A] Note being tested: F5
Chord: B7 Tones:[B, C#, D#, F#, G#, A] Note being tested: A5
Accepted Note: A5
Chord: B7 Tones:[B, C#, D#, F#, G#, A] Note being tested: B4
Accepted Note: B4
Chord: B7 Tones:[B, C#, D#, F#, G#, A] Note being tested: A#4
Chord: B7 Tones:[B, C#, D#, F#, G#, A] Note being tested: G#4
Accepted Note: G#4
Chord: B7 Tones:[B, C#, D#, F#, G#, A] Note being tested: G4
Chord: B7 Tones:[B, C#, D#, F#, G#, A] Note being tested: F#4
Accepted Note: F#4
Chord: B7 Tones:[B, C#, D#, F#, G#, A] Note being tested: F4
Chord: B7 Tones:[B, C#, D#, F#, G#, A] Note being tested: E4
Chord: B7 Tones:[B, C#, D#, F#, G#, A] Note being tested: D4
Chord: B7 Tones:[B, C#, D#, F#, G#, A] Note being tested: D#4
Accepted Note: D#4
Chord: B7 Tones:[B, C#, D#, F#, G#, A] Note being tested: G4
Chord: B7 Tones:[B, C#, D#, F#, G#, A] Note being tested: A4
Accepted Note: A4
Chord: B7 Tones:[B, C#, D#, F#, G#, A] Note being tested: C#5
Accepted Note: C#5
Chord: B7 Tones:[B, C#, D#, F#, G#, A] Note being tested: F5
Chord: B7 Tones:[B, C#, D#, F#, G#, A] Note being tested: A5
Accepted Note: A5
Chord: B7 Tones:[B, C#, D#, F#, G#, A] Note being tested: G4
Chord: B7 Tones:[B, C#, D#, F#, G#, A] Note being tested: A4
Accepted Note: A4
Chord: B7 Tones:[B, C#, D#, F#, G#, A] Note being tested: C#5
Accepted Note: C#5
Chord: B7 Tones:[B, C#, D#, F#, G#, A] Note being tested: F5
Chord: B7 Tones:[B, C#, D#, F#, G#, A] Note being tested: A5
Accepted Note: A5
Chord: B7 Tones:[B, C#, D#, F#, G#, A] Note being tested: G4
Chord: B7 Tones:[B, C#, D#, F#, G#, A] Note being tested: A4
Accepted Note: A4
Chord: B7 Tones:[B, C#, D#, F#, G#, A] Note being tested: C#5
Accepted Note: C#5
Chord: B7 Tones:[B, C#, D#, F#, G#, A] Note being tested: F5
Chord: B7 Tones:[B, C#, D#, F#, G#, A] Note being tested: A5
Accepted Note: A5
Chord: B7 Tones:[B, C#, D#, F#, G#, A] Note being tested: A#4
Chord: B7 Tones:[B, C#, D#, F#, G#, A] Note being tested: B4
Accepted Note: B4
Chord: B7 Tones:[B, C#, D#, F#, G#, A] Note being tested: A#4
Chord: B7 Tones:[B, C#, D#, F#, G#, A] Note being tested: G#4
Accepted Note: G#4
Chord: B7 Tones:[B, C#, D#, F#, G#, A] Note being tested: G4
Chord: B7 Tones:[B, C#, D#, F#, G#, A] Note being tested: F#4
Accepted Note: F#4
Chord: B7 Tones:[B, C#, D#, F#, G#, A] Note being tested: F4
Chord: B7 Tones:[B, C#, D#, F#, G#, A] Note being tested: E4
Chord: B7 Tones:[B, C#, D#, F#, G#, A] Note being tested: D4
Chord: B7 Tones:[B, C#, D#, F#, G#, A] Note being tested: D#4
Accepted Note: D#4
Chord: B7 Tones:[B, C#, D#, F#, G#, A] Note being tested: G4
Chord: B7 Tones:[B, C#, D#, F#, G#, A] Note being tested: A4
Accepted Note: A4
Chord: B7 Tones:[B, C#, D#, F#, G#, A] Note being tested: C#5
Accepted Note: C#5
Chord: B7 Tones:[B, C#, D#, F#, G#, A] Note being tested: F5
Chord: B7 Tones:[B, C#, D#, F#, G#, A] Note being tested: A5
Accepted Note: A5
Chord: B7 Tones:[B, C#, D#, F#, G#, A] Note being tested: G4
Chord: B7 Tones:[B, C#, D#, F#, G#, A] Note being tested: A4
Accepted Note: A4
Chord: B7 Tones:[B, C#, D#, F#, G#, A] Note being tested: C#5
Accepted Note: C#5
Chord: B7 Tones:[B, C#, D#, F#, G#, A] Note being tested: F5
Chord: B7 Tones:[B, C#, D#, F#, G#, A] Note being tested: A5
Accepted Note: A5
Chord: B7 Tones:[B, C#, D#, F#, G#, A] Note being tested: G4
Chord: B7 Tones:[B, C#, D#, F#, G#, A] Note being tested: A4
Accepted Note: A4
Chord: B7 Tones:[B, C#, D#, F#, G#, A] Note being tested: C#5
Accepted Note: C#5
Chord: B7 Tones:[B, C#, D#, F#, G#, A] Note being tested: F5
Chord: B7 Tones:[B, C#, D#, F#, G#, A] Note being tested: A5
Accepted Note: A5
Chord: B7 Tones:[B, C#, D#, F#, G#, A] Note being tested: A#4
Chord: B7 Tones:[B, C#, D#, F#, G#, A] Note being tested: G4
Chord: B7 Tones:[B, C#, D#, F#, G#, A] Note being tested: A4
Accepted Note: A4
Chord: B7 Tones:[B, C#, D#, F#, G#, A] Note being tested: C#5
Accepted Note: C#5
Chord: B7 Tones:[B, C#, D#, F#, G#, A] Note being tested: F5
Chord: B7 Tones:[B, C#, D#, F#, G#, A] Note being tested: A5
Accepted Note: A5
Chord: B7 Tones:[B, C#, D#, F#, G#, A] Note being tested: G4
Chord: B7 Tones:[B, C#, D#, F#, G#, A] Note being tested: A4
Accepted Note: A4
Chord: B7 Tones:[B, C#, D#, F#, G#, A] Note being tested: C#5
Accepted Note: C#5
Chord: B7 Tones:[B, C#, D#, F#, G#, A] Note being tested: F5
Chord: B7 Tones:[B, C#, D#, F#, G#, A] Note being tested: A5
Accepted Note: A5
Chord: B7 Tones:[B, C#, D#, F#, G#, A] Note being tested: G4
Chord: B7 Tones:[B, C#, D#, F#, G#, A] Note being tested: A4
Accepted Note: A4
Chord: B7 Tones:[B, C#, D#, F#, G#, A] Note being tested: C#5
Accepted Note: C#5
Chord: B7 Tones:[B, C#, D#, F#, G#, A] Note being tested: F5
Chord: B7 Tones:[B, C#, D#, F#, G#, A] Note being tested: A5
Accepted Note: A5
Chord: B7 Tones:[B, C#, D#, F#, G#, A] Note being tested: B4
Accepted Note: B4
Chord: B7 Tones:[B, C#, D#, F#, G#, A] Note being tested: A#4
Chord: B7 Tones:[B, C#, D#, F#, G#, A] Note being tested: G#4
Accepted Note: G#4
Chord: B7 Tones:[B, C#, D#, F#, G#, A] Note being tested: G4
Chord: B7 Tones:[B, C#, D#, F#, G#, A] Note being tested: F#4
Accepted Note: F#4
Chord: B7 Tones:[B, C#, D#, F#, G#, A] Note being tested: F4
Chord: B7 Tones:[B, C#, D#, F#, G#, A] Note being tested: E4
Chord: B7 Tones:[B, C#, D#, F#, G#, A] Note being tested: D4
Chord: B7 Tones:[B, C#, D#, F#, G#, A] Note being tested: D#4
Accepted Note: D#4
Chord: B7 Tones:[B, C#, D#, F#, G#, A] Note being tested: B4
Accepted Note: B4
Chord: B7 Tones:[B, C#, D#, F#, G#, A] Note being tested: A#4
Chord: B7 Tones:[B, C#, D#, F#, G#, A] Note being tested: G#4
Accepted Note: G#4
Chord: B7 Tones:[B, C#, D#, F#, G#, A] Note being tested: G4
Chord: B7 Tones:[B, C#, D#, F#, G#, A] Note being tested: F#4
Accepted Note: F#4
Chord: B7 Tones:[B, C#, D#, F#, G#, A] Note being tested: F4
Chord: B7 Tones:[B, C#, D#, F#, G#, A] Note being tested: E4
Chord: B7 Tones:[B, C#, D#, F#, G#, A] Note being tested: D4
Chord: B7 Tones:[B, C#, D#, F#, G#, A] Note being tested: D#4
Accepted Note: D#4
Chord: B7 Tones:[B, C#, D#, F#, G#, A] Note being tested: B4
Accepted Note: B4
Chord: B7 Tones:[B, C#, D#, F#, G#, A] Note being tested: A#4
Chord: B7 Tones:[B, C#, D#, F#, G#, A] Note being tested: G#4
Accepted Note: G#4
Chord: B7 Tones:[B, C#, D#, F#, G#, A] Note being tested: G4
Chord: B7 Tones:[B, C#, D#, F#, G#, A] Note being tested: F#4
Accepted Note: F#4
Chord: B7 Tones:[B, C#, D#, F#, G#, A] Note being tested: F4
Chord: B7 Tones:[B, C#, D#, F#, G#, A] Note being tested: E4
Chord: B7 Tones:[B, C#, D#, F#, G#, A] Note being tested: D4
Chord: B7 Tones:[B, C#, D#, F#, G#, A] Note being tested: D#4
Accepted Note: D#4
Chord: B7 Tones:[B, C#, D#, F#, G#, A] Note being tested: B4
Accepted Note: B4
Chord: B7 Tones:[B, C#, D#, F#, G#, A] Note being tested: A#4
Chord: B7 Tones:[B, C#, D#, F#, G#, A] Note being tested: G#4
Accepted Note: G#4
Chord: B7 Tones:[B, C#, D#, F#, G#, A] Note being tested: G4
Chord: B7 Tones:[B, C#, D#, F#, G#, A] Note being tested: F#4
Accepted Note: F#4
Chord: B7 Tones:[B, C#, D#, F#, G#, A] Note being tested: F4
Chord: B7 Tones:[B, C#, D#, F#, G#, A] Note being tested: E4
Chord: B7 Tones:[B, C#, D#, F#, G#, A] Note being tested: D4
Chord: B7 Tones:[B, C#, D#, F#, G#, A] Note being tested: D#4
Accepted Note: D#4
21780 ms. Memory: 1226240K Free: 192349K (16%)
Exported /home/travis/build/icyphy/ptII/org/ptolemy/machineImprovisation/demo/JazzImprovisation/JazzImprovisation/index.html
27151 ms. Memory: 1282560K Free: 734234K (57%)
####### 22 Fri Jun 01 01:33:17 UTC 2018 $PTII/bin/ptinvoke ptolemy.vergil.basic.export.ExportModel -force htm -run -openComposites -timeOut 30000 -whiteBackground org/ptolemy/machineLearning/clustering/demo/KMeans/KMeans.xml $PTII/org/ptolemy/machineLearning/clustering/demo/KMeans/KMeans
Running .KMeans
K-Means Converged in 3 iterations.
87 ms. Memory: 1282560K Free: 536107K (42%)
Exported /home/travis/build/icyphy/ptII/org/ptolemy/machineLearning/clustering/demo/KMeans/KMeans/index.html
4578 ms. Memory: 1282560K Free: 365099K (28%)
####### 23 Fri Jun 01 01:33:21 UTC 2018 $PTII/bin/ptinvoke ptolemy.vergil.basic.export.ExportModel -force htm -run -openComposites -timeOut 30000 -whiteBackground org/ptolemy/machineLearning/hmm/demo/CommunicationAnomalyDetectionAOM/CommunicationAnomalyDetectionAOM.xml $PTII/org/ptolemy/machineLearning/hmm/demo/CommunicationAnomalyDetectionAOM/CommunicationAnomalyDetectionAOM
Running .CommunicationAnomalyDetectionAOM
17.084439936876432
175.55341292995948
204.74164048315495
230.8828541497251
243.03461411403885
252.08003013252033
255.18099320346545
246.07273439156793
232.36468634540748
219.35562871567538
=======
-6.074955657044931
122.30401933045347
177.90462602541436
188.52410016524917
184.4263673755914
178.02633962941547
174.04096021251272
171.08939671152115
168.5622019351634
167.012858965864
=======
-4.216631325185604
146.99415499527242
167.57454251701986
161.752522068383
155.40623742513594
151.93479319557693
149.29822214586454
146.64163658537794
143.73258889261842
140.54675025737467
=======
27.3849994932389
180.35010059192317
211.81191480476596
257.4270598188343
289.00910456170254
289.6515459011473
285.45171452577944
279.6417965593336
272.34952042888204
270.52419840211724
=======
6.905161499950664
146.26451675752492
159.16872892983196
154.4863968815262
157.49195489369555
161.92414420981873
169.3498402673854
179.75897764504444
186.41442311168478
190.74221736525826
=======
13.684859183986898
142.85707789618945
141.02671016293354
140.2012952860961
139.89091699166607
139.29534713431454
136.97369280103055
134.11135809771
130.7079263492043
125.83198544999654
=======
ExportHTMLTimer went off after 30000 ms., calling getDirector().finish and getDirector().stopFire()
30009 ms. Memory: 1791488K Free: 1510253K (84%)
Exported /home/travis/build/icyphy/ptII/org/ptolemy/machineLearning/hmm/demo/CommunicationAnomalyDetectionAOM/CommunicationAnomalyDetectionAOM/index.html
39460 ms. Memory: 1791488K Free: 203100K (11%)
####### 24 Fri Jun 01 01:34:01 UTC 2018 $PTII/bin/ptinvoke ptolemy.vergil.basic.export.ExportModel -force htm -run -openComposites -timeOut 30000 -whiteBackground org/ptolemy/machineLearning/hmm/demo/CommunicationAnomalyDetectionCQM/CommunicationAnomalyDetectionCQM.xml $PTII/org/ptolemy/machineLearning/hmm/demo/CommunicationAnomalyDetectionCQM/CommunicationAnomalyDetectionCQM
Running .CommunicationAnomalyDetectionCQM
21.904655471263183
152.4425924799284
160.39759195795082
162.5749583655027
=======
41.649441715665084
220.33195055833693
271.6942767542491
275.716527424677
277.82843727754147
280.4073294552569
283.02164581125203
285.4489127654249
288.1249464902673
290.61811694792465
=======
9112 ms. Memory: 1789952K Free: 274093K (15%)
Exported /home/travis/build/icyphy/ptII/org/ptolemy/machineLearning/hmm/demo/CommunicationAnomalyDetectionCQM/CommunicationAnomalyDetectionCQM/index.html
15226 ms. Memory: 1788928K Free: 1110559K (62%)
####### 25 Fri Jun 01 01:34:16 UTC 2018 $PTII/bin/ptinvoke ptolemy.vergil.basic.export.ExportModel -force htm -run -openComposites -timeOut 30000 -whiteBackground org/ptolemy/machineLearning/particleFilter/demo/MultiRobotIntruderTracking/MultiRobotIntruderTracking.xml $PTII/org/ptolemy/machineLearning/particleFilter/demo/MultiRobotIntruderTracking/MultiRobotIntruderTracking
Running .MultiRobotIntruderTracking
ExportHTMLTimer went off after 30000 ms., calling getDirector().finish and getDirector().stopFire()
30114 ms. Memory: 1826304K Free: 619167K (34%)
Exported /home/travis/build/icyphy/ptII/org/ptolemy/machineLearning/particleFilter/demo/MultiRobotIntruderTracking/MultiRobotIntruderTracking/index.html
40253 ms. Memory: 1827840K Free: 1128783K (62%)
####### 26 Fri Jun 01 01:34:56 UTC 2018 $PTII/bin/ptinvoke ptolemy.vergil.basic.export.ExportModel -force htm -run -openComposites -timeOut 30000 -whiteBackground org/ptolemy/machineLearning/particleFilter/demo/OnlineTrajectoryOptimization/DistributedOnlineTrajectoryOptimization.xml $PTII/org/ptolemy/machineLearning/particleFilter/demo/OnlineTrajectoryOptimization/DistributedOnlineTrajectoryOptimization
Running .DistributedOnlineTrajectoryOptimization
ExportHTMLTimer went off after 30000 ms., calling getDirector().finish and getDirector().stopFire()
32204 ms. Memory: 1788928K Free: 1544097K (86%)
Exported /home/travis/build/icyphy/ptII/org/ptolemy/machineLearning/particleFilter/demo/OnlineTrajectoryOptimization/DistributedOnlineTrajectoryOptimization/index.html
41397 ms. Memory: 1788928K Free: 493479K (28%)
####### 27 Fri Jun 01 01:35:37 UTC 2018 $PTII/bin/ptinvoke ptolemy.vergil.basic.export.ExportModel -force htm -run -openComposites -timeOut 30000 -whiteBackground org/ptolemy/machineLearning/particleFilter/demo/OnlineTrajectoryOptimization/OnlineTrajectoryOptimization.xml $PTII/org/ptolemy/machineLearning/particleFilter/demo/OnlineTrajectoryOptimization/OnlineTrajectoryOptimization
Running .OnlineTrajectoryOptimization
ExportHTMLTimer went off after 30000 ms., calling getDirector().finish and getDirector().stopFire()
30393 ms. Memory: 1683968K Free: 691039K (41%)
Exported /home/travis/build/icyphy/ptII/org/ptolemy/machineLearning/particleFilter/demo/OnlineTrajectoryOptimization/OnlineTrajectoryOptimization/index.html
38242 ms. Memory: 1750528K Free: 1053682K (60%)
####### 28 Fri Jun 01 01:36:16 UTC 2018 $PTII/bin/ptinvoke ptolemy.vergil.basic.export.ExportModel -force htm -run -openComposites -timeOut 30000 -whiteBackground org/ptolemy/machineLearning/particleFilter/demo/OpenLoopSingleRobotTargetLocalization/OpenLoopSingleRobotTargetLocalization.xml $PTII/org/ptolemy/machineLearning/particleFilter/demo/OpenLoopSingleRobotTargetLocalization/OpenLoopSingleRobotTargetLocalization
Running .OpenLoopSingleRobotTargetLocalization
8921 ms. Memory: 1755648K Free: 1318552K (75%)
Exported /home/travis/build/icyphy/ptII/org/ptolemy/machineLearning/particleFilter/demo/OpenLoopSingleRobotTargetLocalization/OpenLoopSingleRobotTargetLocalization/index.html
13304 ms. Memory: 1755648K Free: 1096932K (62%)
####### 29 Fri Jun 01 01:36:29 UTC 2018 $PTII/bin/ptinvoke ptolemy.vergil.basic.export.ExportModel -force htm -run -openComposites -timeOut 30000 -whiteBackground org/ptolemy/machineLearning/particleFilter/demo/OpenLoopTwoRobotTargetLocalization/JointParticleFilter.xml $PTII/org/ptolemy/machineLearning/particleFilter/demo/OpenLoopTwoRobotTargetLocalization/JointParticleFilter
Running .JointParticleFilter
3119 ms. Memory: 1753600K Free: 1556030K (89%)
Exported /home/travis/build/icyphy/ptII/org/ptolemy/machineLearning/particleFilter/demo/OpenLoopTwoRobotTargetLocalization/JointParticleFilter/index.html
8193 ms. Memory: 1753600K Free: 938852K (54%)
####### 30 Fri Jun 01 01:36:37 UTC 2018 $PTII/bin/ptinvoke ptolemy.vergil.basic.export.ExportModel -force htm -run -openComposites -timeOut 30000 -whiteBackground org/ptolemy/machineLearning/particleFilter/demo/OpenLoopTwoRobotTargetLocalization/OpenLoopTwoRobotTargetLocalization.xml $PTII/org/ptolemy/machineLearning/particleFilter/demo/OpenLoopTwoRobotTargetLocalization/OpenLoopTwoRobotTargetLocalization
Running .OpenLoopTwoRobotTargetLocalization
ExportHTMLTimer went off after 30000 ms., calling getDirector().finish and getDirector().stopFire()
30018 ms. Memory: 1884672K Free: 1378794K (73%)
Exported /home/travis/build/icyphy/ptII/org/ptolemy/machineLearning/particleFilter/demo/OpenLoopTwoRobotTargetLocalization/OpenLoopTwoRobotTargetLocalization/index.html
34809 ms. Memory: 1884672K Free: 913078K (48%)
####### 31 Fri Jun 01 01:37:12 UTC 2018 $PTII/bin/ptinvoke ptolemy.vergil.basic.export.ExportModel -force htm -run -openComposites -timeOut 30000 -whiteBackground org/ptolemy/machineLearning/particleFilter/demo/ParticleFilterRange/ParticleFilterRange.xml $PTII/org/ptolemy/machineLearning/particleFilter/demo/ParticleFilterRange/ParticleFilterRange
Running .ParticleFilterRange
10124 ms. Memory: 1888768K Free: 1566481K (83%)
Exported /home/travis/build/icyphy/ptII/org/ptolemy/machineLearning/particleFilter/demo/ParticleFilterRange/ParticleFilterRange/index.html
14446 ms. Memory: 1888768K Free: 1271237K (67%)
####### 32 Fri Jun 01 01:37:26 UTC 2018 $PTII/bin/ptinvoke ptolemy.vergil.basic.export.ExportModel -force htm -run -openComposites -timeOut 30000 -whiteBackground org/ptolemy/optimization/demo/LeastSquaresNodeLocalization/LeastSquaresNodeLocalization.xml $PTII/org/ptolemy/optimization/demo/LeastSquaresNodeLocalization/LeastSquaresNodeLocalization
Running .LeastSquaresNodeLocalization
263 ms. Memory: 1888768K Free: 878266K (46%)
Exported /home/travis/build/icyphy/ptII/org/ptolemy/optimization/demo/LeastSquaresNodeLocalization/LeastSquaresNodeLocalization/index.html
4620 ms. Memory: 1888768K Free: 712995K (38%)
####### 33 Fri Jun 01 01:37:31 UTC 2018 $PTII/bin/ptinvoke ptolemy.vergil.basic.export.ExportModel -force htm -run -openComposites -timeOut 30000 -whiteBackground org/ptolemy/optimization/demo/LinearRegression/LinearRegression.xml $PTII/org/ptolemy/optimization/demo/LinearRegression/LinearRegression
Running .LinearRegression
1926 ms. Memory: 1827840K Free: 1619324K (89%)
Exported /home/travis/build/icyphy/ptII/org/ptolemy/optimization/demo/LinearRegression/LinearRegression/index.html
6447 ms. Memory: 1827840K Free: 1333708K (73%)
####### 34 Fri Jun 01 01:37:38 UTC 2018 $PTII/bin/ptinvoke ptolemy.vergil.basic.export.ExportModel -force htm -run -openComposites -timeOut 30000 -whiteBackground org/ptolemy/optimization/demo/SimpleOptimization/SimpleOptimization.xml $PTII/org/ptolemy/optimization/demo/SimpleOptimization/SimpleOptimization
Running .SimpleOptimization
51 ms. Memory: 1827840K Free: 1213234K (66%)
Exported /home/travis/build/icyphy/ptII/org/ptolemy/optimization/demo/SimpleOptimization/SimpleOptimization/index.html
4236 ms. Memory: 1827840K Free: 1155110K (63%)
####### 35 Fri Jun 01 01:37:42 UTC 2018 $PTII/bin/ptinvoke ptolemy.vergil.basic.export.ExportModel -force htm -run -openComposites -timeOut 30000 -whiteBackground org/ptolemy/osc/demo/OscSendReceive/OscSendReceive.xml $PTII/org/ptolemy/osc/demo/OscSendReceive/OscSendReceive
Running .OscSendReceive
OscP5 0.9.9 infos, comments, questions at http://www.sojamo.de/oscP5


### [2018/6/1 1:37:43] PROCESS @ OscP5 stopped.
### [2018/6/1 1:37:43] PROCESS @ UdpClient.openSocket udp socket initialized.
### [2018/6/1 1:37:44] PROCESS @ UdpServer.start() new Unicast DatagramSocket created @ port 2224
### [2018/6/1 1:37:44] PROCESS @ UdpServer.run() UdpServer is running @ 2224
### [2018/6/1 1:37:44] INFO @ OscP5 is running. you (127.0.1.1) are listening @ port 2224
OscP5 0.9.9 infos, comments, questions at http://www.sojamo.de/oscP5


### [2018/6/1 1:37:44] PROCESS @ OscP5 stopped.
### [2018/6/1 1:37:44] PROCESS @ UdpClient.openSocket udp socket initialized.
### [2018/6/1 1:37:45] PROCESS @ UdpServer.start() new Unicast DatagramSocket created @ port 2225
### [2018/6/1 1:37:45] INFO @ OscP5 is running. you (127.0.1.1) are listening @ port 2225
OscP5 0.9.9 infos, comments, questions at http://www.sojamo.de/oscP5


### [2018/6/1 1:37:45] PROCESS @ OscP5 stopped.
### [2018/6/1 1:37:45] PROCESS @ UdpClient.openSocket udp socket initialized.
### [2018/6/1 1:37:45] PROCESS @ UdpServer.run() UdpServer is running @ 2225
### [2018/6/1 1:37:46] PROCESS @ UdpServer.start() new Unicast DatagramSocket created @ port 2227
### [2018/6/1 1:37:46] PROCESS @ UdpServer.run() UdpServer is running @ 2227
### [2018/6/1 1:37:46] INFO @ OscP5 is running. you (127.0.1.1) are listening @ port 2227
### [2018/6/1 1:37:57] PROCESS @ OscP5 stopped.
### [2018/6/1 1:37:57] PROCESS @ UdpServer.run()  socket closed.
### [2018/6/1 1:37:57] PROCESS @ UdpServer.run()  socket closed.
### [2018/6/1 1:37:57] PROCESS @ OscP5 stopped.
### [2018/6/1 1:37:57] PROCESS @ OscP5 stopped.
### [2018/6/1 1:37:57] PROCESS @ UdpServer.run()  socket closed.
14028 ms. Memory: 1827840K Free: 1024290K (56%)
Exported /home/travis/build/icyphy/ptII/org/ptolemy/osc/demo/OscSendReceive/OscSendReceive/index.html
18214 ms. Memory: 1827840K Free: 980352K (54%)
####### 36 Fri Jun 01 01:38:00 UTC 2018 $PTII/bin/ptinvoke ptolemy.vergil.basic.export.ExportModel -force htm  -openComposites -timeOut 30000 -whiteBackground org/ptolemy/ptango/demo/BlinkyLight/BlinkyLight.xml $PTII/org/ptolemy/ptango/demo/BlinkyLight/BlinkyLight
Warning: not running org/ptolemy/ptango/demo/BlinkyLight/BlinkyLight.xml. See ptolemy/vergil/basic/export/test/junit/ExportModelJUnitTest.java
Exported /home/travis/build/icyphy/ptII/org/ptolemy/ptango/demo/BlinkyLight/BlinkyLight/index.html
3792 ms. Memory: 1827840K Free: 174551K (10%)
####### 37 Fri Jun 01 01:38:04 UTC 2018 $PTII/bin/ptinvoke ptolemy.vergil.basic.export.ExportModel -force htm  -openComposites -timeOut 30000 -whiteBackground org/ptolemy/ptango/demo/Chat/Chat.xml $PTII/org/ptolemy/ptango/demo/Chat/Chat
Warning: not running org/ptolemy/ptango/demo/Chat/Chat.xml. See ptolemy/vergil/basic/export/test/junit/ExportModelJUnitTest.java
Exported /home/travis/build/icyphy/ptII/org/ptolemy/ptango/demo/Chat/Chat/index.html
3166 ms. Memory: 1888768K Free: 1649316K (87%)
####### 38 Fri Jun 01 01:38:07 UTC 2018 $PTII/bin/ptinvoke ptolemy.vergil.basic.export.ExportModel -force htm  -openComposites -timeOut 30000 -whiteBackground org/ptolemy/ptango/demo/Chat/ChatClient.xml $PTII/org/ptolemy/ptango/demo/Chat/ChatClient
Warning: not running org/ptolemy/ptango/demo/Chat/ChatClient.xml. See ptolemy/vergil/basic/export/test/junit/ExportModelJUnitTest.java
Exported /home/travis/build/icyphy/ptII/org/ptolemy/ptango/demo/Chat/ChatClient/index.html
3193 ms. Memory: 1888768K Free: 1467905K (78%)
####### 39 Fri Jun 01 01:38:10 UTC 2018 $PTII/bin/ptinvoke ptolemy.vergil.basic.export.ExportModel -force htm  -openComposites -timeOut 30000 -whiteBackground org/ptolemy/ptango/demo/Chat/ChatClient2.xml $PTII/org/ptolemy/ptango/demo/Chat/ChatClient2
Warning: not running org/ptolemy/ptango/demo/Chat/ChatClient2.xml. See ptolemy/vergil/basic/export/test/junit/ExportModelJUnitTest.java
Exported /home/travis/build/icyphy/ptII/org/ptolemy/ptango/demo/Chat/ChatClient2/index.html
3185 ms. Memory: 1888768K Free: 1293028K (68%)
####### 40 Fri Jun 01 01:38:13 UTC 2018 $PTII/bin/ptinvoke ptolemy.vergil.basic.export.ExportModel -force htm  -openComposites -timeOut 30000 -whiteBackground org/ptolemy/ptango/demo/Chat/ChatServer.xml $PTII/org/ptolemy/ptango/demo/Chat/ChatServer
Warning: not running org/ptolemy/ptango/demo/Chat/ChatServer.xml. See ptolemy/vergil/basic/export/test/junit/ExportModelJUnitTest.java
Exported /home/travis/build/icyphy/ptII/org/ptolemy/ptango/demo/Chat/ChatServer/index.html
3272 ms. Memory: 1888768K Free: 959644K (51%)
####### 41 Fri Jun 01 01:38:17 UTC 2018 $PTII/bin/ptinvoke ptolemy.vergil.basic.export.ExportModel -force htm  -openComposites -timeOut 30000 -whiteBackground org/ptolemy/ptango/demo/Cookies/Cookies.xml $PTII/org/ptolemy/ptango/demo/Cookies/Cookies
Warning: not running org/ptolemy/ptango/demo/Cookies/Cookies.xml. See ptolemy/vergil/basic/export/test/junit/ExportModelJUnitTest.java
Exported /home/travis/build/icyphy/ptII/org/ptolemy/ptango/demo/Cookies/Cookies/index.html
3215 ms. Memory: 1888768K Free: 677484K (36%)
####### 42 Fri Jun 01 01:38:20 UTC 2018 $PTII/bin/ptinvoke ptolemy.vergil.basic.export.ExportModel -force htm  -openComposites -timeOut 30000 -whiteBackground org/ptolemy/ptango/demo/DOPpresence/DOPpresence.xml $PTII/org/ptolemy/ptango/demo/DOPpresence/DOPpresence
Warning: not running org/ptolemy/ptango/demo/DOPpresence/DOPpresence.xml. See ptolemy/vergil/basic/export/test/junit/ExportModelJUnitTest.java
Exported /home/travis/build/icyphy/ptII/org/ptolemy/ptango/demo/DOPpresence/DOPpresence/index.html
5025 ms. Memory: 1884672K Free: 1234885K (66%)
####### 43 Fri Jun 01 01:38:25 UTC 2018 $PTII/bin/ptinvoke ptolemy.vergil.basic.export.ExportModel -force htm  -openComposites -timeOut 30000 -whiteBackground org/ptolemy/ptango/demo/EPlus70Actuator/EPlus70Actuator.xml $PTII/org/ptolemy/ptango/demo/EPlus70Actuator/EPlus70Actuator
Warning: not running org/ptolemy/ptango/demo/EPlus70Actuator/EPlus70Actuator.xml. See ptolemy/vergil/basic/export/test/junit/ExportModelJUnitTest.java
Exported /home/travis/build/icyphy/ptII/org/ptolemy/ptango/demo/EPlus70Actuator/EPlus70Actuator/index.html
4283 ms. Memory: 1884672K Free: 352337K (19%)
####### 44 Fri Jun 01 01:38:29 UTC 2018 $PTII/bin/ptinvoke ptolemy.vergil.basic.export.ExportModel -force htm  -openComposites -timeOut 30000 -whiteBackground org/ptolemy/ptango/demo/ErrorHandler/ErrorHandler.xml $PTII/org/ptolemy/ptango/demo/ErrorHandler/ErrorHandler
Warning: not running org/ptolemy/ptango/demo/ErrorHandler/ErrorHandler.xml. See ptolemy/vergil/basic/export/test/junit/ExportModelJUnitTest.java
Exported /home/travis/build/icyphy/ptII/org/ptolemy/ptango/demo/ErrorHandler/ErrorHandler/index.html
3489 ms. Memory: 1892352K Free: 1518334K (80%)
####### 45 Fri Jun 01 01:38:33 UTC 2018 $PTII/bin/ptinvoke ptolemy.vergil.basic.export.ExportModel -force htm  -openComposites -timeOut 30000 -whiteBackground org/ptolemy/ptango/demo/Exception/Exception.xml $PTII/org/ptolemy/ptango/demo/Exception/Exception
Warning: not running org/ptolemy/ptango/demo/Exception/Exception.xml. See ptolemy/vergil/basic/export/test/junit/ExportModelJUnitTest.java
Exported /home/travis/build/icyphy/ptII/org/ptolemy/ptango/demo/Exception/Exception/index.html
6779 ms. Memory: 1892352K Free: 1216418K (64%)
####### 46 Fri Jun 01 01:38:39 UTC 2018 $PTII/bin/ptinvoke ptolemy.vergil.basic.export.ExportModel -force htm  -openComposites -timeOut 30000 -whiteBackground org/ptolemy/ptango/demo/Guidance/Guidance.xml $PTII/org/ptolemy/ptango/demo/Guidance/Guidance
Warning: not running org/ptolemy/ptango/demo/Guidance/Guidance.xml. See ptolemy/vergil/basic/export/test/junit/ExportModelJUnitTest.java
Exported /home/travis/build/icyphy/ptII/org/ptolemy/ptango/demo/Guidance/Guidance/index.html
3722 ms. Memory: 1892352K Free: 644334K (34%)
####### 47 Fri Jun 01 01:38:43 UTC 2018 $PTII/bin/ptinvoke ptolemy.vergil.basic.export.ExportModel -force htm  -openComposites -timeOut 30000 -whiteBackground org/ptolemy/ptango/demo/Guidance/GuidanceSingleUserWithName.xml $PTII/org/ptolemy/ptango/demo/Guidance/GuidanceSingleUserWithName
Warning: not running org/ptolemy/ptango/demo/Guidance/GuidanceSingleUserWithName.xml. See ptolemy/vergil/basic/export/test/junit/ExportModelJUnitTest.java
Exported /home/travis/build/icyphy/ptII/org/ptolemy/ptango/demo/Guidance/GuidanceSingleUserWithName/index.html
3286 ms. Memory: 1892352K Free: 376813K (20%)
####### 48 Fri Jun 01 01:38:46 UTC 2018 $PTII/bin/ptinvoke ptolemy.vergil.basic.export.ExportModel -force htm  -openComposites -timeOut 30000 -whiteBackground org/ptolemy/ptango/demo/OccupancyAlert/OccupancyAlert.xml $PTII/org/ptolemy/ptango/demo/OccupancyAlert/OccupancyAlert
Warning: not running org/ptolemy/ptango/demo/OccupancyAlert/OccupancyAlert.xml. See ptolemy/vergil/basic/export/test/junit/ExportModelJUnitTest.java
Exported /home/travis/build/icyphy/ptII/org/ptolemy/ptango/demo/OccupancyAlert/OccupancyAlert/index.html
3984 ms. Memory: 1891328K Free: 1077406K (57%)
####### 49 Fri Jun 01 01:38:50 UTC 2018 $PTII/bin/ptinvoke ptolemy.vergil.basic.export.ExportModel -force htm  -openComposites -timeOut 30000 -whiteBackground org/ptolemy/ptango/demo/OptimizationAdvisor/OptimizationAdvisor.xml $PTII/org/ptolemy/ptango/demo/OptimizationAdvisor/OptimizationAdvisor
Warning: not running org/ptolemy/ptango/demo/OptimizationAdvisor/OptimizationAdvisor.xml. See ptolemy/vergil/basic/export/test/junit/ExportModelJUnitTest.java
Exported /home/travis/build/icyphy/ptII/org/ptolemy/ptango/demo/OptimizationAdvisor/OptimizationAdvisor/index.html
13763 ms. Memory: 1902592K Free: 204035K (11%)
####### 50 Fri Jun 01 01:39:04 UTC 2018 $PTII/bin/ptinvoke ptolemy.vergil.basic.export.ExportModel -force htm  -openComposites -timeOut 30000 -whiteBackground org/ptolemy/ptango/demo/SensorAndrew/SensorAndrew.xml $PTII/org/ptolemy/ptango/demo/SensorAndrew/SensorAndrew
Warning: not running org/ptolemy/ptango/demo/SensorAndrew/SensorAndrew.xml. See ptolemy/vergil/basic/export/test/junit/ExportModelJUnitTest.java
Exported /home/travis/build/icyphy/ptII/org/ptolemy/ptango/demo/SensorAndrew/SensorAndrew/index.html
3715 ms. Memory: 1904640K Free: 796640K (42%)
####### 51 Fri Jun 01 01:39:08 UTC 2018 $PTII/bin/ptinvoke ptolemy.vergil.basic.export.ExportModel -force htm  -openComposites -timeOut 30000 -whiteBackground org/ptolemy/ptango/demo/SmartRoom/SmartRoom.xml $PTII/org/ptolemy/ptango/demo/SmartRoom/SmartRoom
Warning: not running org/ptolemy/ptango/demo/SmartRoom/SmartRoom.xml. See ptolemy/vergil/basic/export/test/junit/ExportModelJUnitTest.java
Exported /home/travis/build/icyphy/ptII/org/ptolemy/ptango/demo/SmartRoom/SmartRoom/index.html
4049 ms. Memory: 1911808K Free: 1540046K (81%)
####### 52 Fri Jun 01 01:39:12 UTC 2018 $PTII/bin/ptinvoke ptolemy.vergil.basic.export.ExportModel -force htm  -openComposites -timeOut 30000 -whiteBackground org/ptolemy/ptango/demo/TemperatureSimulation/TemperatureSimulation.xml $PTII/org/ptolemy/ptango/demo/TemperatureSimulation/TemperatureSimulation
Warning: not running org/ptolemy/ptango/demo/TemperatureSimulation/TemperatureSimulation.xml. See ptolemy/vergil/basic/export/test/junit/ExportModelJUnitTest.java
Exported /home/travis/build/icyphy/ptII/org/ptolemy/ptango/demo/TemperatureSimulation/TemperatureSimulation/index.html
4210 ms. Memory: 1911808K Free: 581882K (30%)
####### 53 Fri Jun 01 01:39:16 UTC 2018 $PTII/bin/ptinvoke ptolemy.vergil.basic.export.ExportModel -force htm  -openComposites -timeOut 30000 -whiteBackground org/ptolemy/ptango/demo/UCBPower/UCBPower.xml $PTII/org/ptolemy/ptango/demo/UCBPower/UCBPower
Warning: not running org/ptolemy/ptango/demo/UCBPower/UCBPower.xml. See ptolemy/vergil/basic/export/test/junit/ExportModelJUnitTest.java
Exported /home/travis/build/icyphy/ptII/org/ptolemy/ptango/demo/UCBPower/UCBPower/index.html
3544 ms. Memory: 1912320K Free: 1659881K (87%)
####### 54 Fri Jun 01 01:39:20 UTC 2018 $PTII/bin/ptinvoke ptolemy.vergil.basic.export.ExportModel -force htm  -openComposites -timeOut 30000 -whiteBackground org/ptolemy/ptango/demo/UCBPower/UCBPowerAnalyzerServer.xml $PTII/org/ptolemy/ptango/demo/UCBPower/UCBPowerAnalyzerServer
Warning: not running org/ptolemy/ptango/demo/UCBPower/UCBPowerAnalyzerServer.xml. See ptolemy/vergil/basic/export/test/junit/ExportModelJUnitTest.java
Exported /home/travis/build/icyphy/ptII/org/ptolemy/ptango/demo/UCBPower/UCBPowerAnalyzerServer/index.html
3474 ms. Memory: 1912320K Free: 1286016K (67%)
####### 55 Fri Jun 01 01:39:23 UTC 2018 $PTII/bin/ptinvoke ptolemy.vergil.basic.export.ExportModel -force htm  -openComposites -timeOut 30000 -whiteBackground org/ptolemy/ptango/demo/UCBPowerPtera/UCBPowerPtera.xml $PTII/org/ptolemy/ptango/demo/UCBPowerPtera/UCBPowerPtera
Warning: not running org/ptolemy/ptango/demo/UCBPowerPtera/UCBPowerPtera.xml. See ptolemy/vergil/basic/export/test/junit/ExportModelJUnitTest.java
Exported /home/travis/build/icyphy/ptII/org/ptolemy/ptango/demo/UCBPowerPtera/UCBPowerPtera/index.html
6193 ms. Memory: 1905152K Free: 637694K (33%)
####### 56 Fri Jun 01 01:39:29 UTC 2018 $PTII/bin/ptinvoke ptolemy.vergil.basic.export.ExportModel -force htm  -openComposites -timeOut 30000 -whiteBackground org/ptolemy/ptango/demo/WebServerDE/WebServerDE.xml $PTII/org/ptolemy/ptango/demo/WebServerDE/WebServerDE
Warning: not running org/ptolemy/ptango/demo/WebServerDE/WebServerDE.xml. See ptolemy/vergil/basic/export/test/junit/ExportModelJUnitTest.java
Exported /home/travis/build/icyphy/ptII/org/ptolemy/ptango/demo/WebServerDE/WebServerDE/index.html
7456 ms. Memory: 1979904K Free: 1374866K (69%)
####### 57 Fri Jun 01 01:39:37 UTC 2018 $PTII/bin/ptinvoke ptolemy.vergil.basic.export.ExportModel -force htm -run -openComposites -timeOut 30000 -whiteBackground org/ptolemy/qss/demo/RLC/RLC.xml $PTII/org/ptolemy/qss/demo/RLC/RLC
Running .RLC
86 ms. Memory: 1979904K Free: 1246423K (63%)
Exported /home/travis/build/icyphy/ptII/org/ptolemy/qss/demo/RLC/RLC/index.html
4340 ms. Memory: 1979904K Free: 1104011K (56%)
####### 58 Fri Jun 01 01:39:41 UTC 2018 $PTII/bin/ptinvoke ptolemy.vergil.basic.export.ExportModel -force htm -run -openComposites -timeOut 30000 -whiteBackground org/ptolemy/ssm/demo/RangeLocalizationOnMap/RangeLocalizationOnMap.xml $PTII/org/ptolemy/ssm/demo/RangeLocalizationOnMap/RangeLocalizationOnMap
Running .RangeLocalizationOnMap
ExportHTMLTimer went off after 30000 ms., calling getDirector().finish and getDirector().stopFire()
30400 ms. Memory: 1905152K Free: 139085K (7%)
Exported /home/travis/build/icyphy/ptII/org/ptolemy/ssm/demo/RangeLocalizationOnMap/RangeLocalizationOnMap/index.html
36644 ms. Memory: 1909248K Free: 1287771K (67%)
####### 59 Fri Jun 01 01:40:18 UTC 2018 $PTII/bin/ptinvoke ptolemy.vergil.basic.export.ExportModel -force htm -run -openComposites -timeOut 30000 -whiteBackground org/ptolemy/ssm/demo/SingleRobotTargetLocalization/SingleRobotTargetLocalization.xml $PTII/org/ptolemy/ssm/demo/SingleRobotTargetLocalization/SingleRobotTargetLocalization
Running .SingleRobotTargetLocalization
7842 ms. Memory: 1780736K Free: 536135K (30%)
Exported /home/travis/build/icyphy/ptII/org/ptolemy/ssm/demo/SingleRobotTargetLocalization/SingleRobotTargetLocalization/index.html
12348 ms. Memory: 1780736K Free: 223289K (13%)
####### 60 Fri Jun 01 01:40:30 UTC 2018 $PTII/bin/ptinvoke ptolemy.vergil.basic.export.ExportModel -force htm -run -openComposites -timeOut 30000 -whiteBackground org/ptolemy/ssm/demo/StatePrediction/StatePrediction.xml $PTII/org/ptolemy/ssm/demo/StatePrediction/StatePrediction
Running .StatePrediction
6582 ms. Memory: 1903104K Free: 1007809K (53%)
Exported /home/travis/build/icyphy/ptII/org/ptolemy/ssm/demo/StatePrediction/StatePrediction/index.html
11465 ms. Memory: 1903104K Free: 664854K (35%)
####### 61 Fri Jun 01 01:40:42 UTC 2018 $PTII/bin/ptinvoke ptolemy.vergil.basic.export.ExportModel -force htm  -openComposites -timeOut 30000 -whiteBackground org/terraswarm/accessor/demo/AugmentedReality/AugmentedReality.xml $PTII/org/terraswarm/accessor/demo/AugmentedReality/AugmentedReality
Warning: not running org/terraswarm/accessor/demo/AugmentedReality/AugmentedReality.xml. See ptolemy/vergil/basic/export/test/junit/ExportModelJUnitTest.java
Exported /home/travis/build/icyphy/ptII/org/terraswarm/accessor/demo/AugmentedReality/AugmentedReality/index.html
3152 ms. Memory: 1903104K Free: 522296K (27%)
####### 62 Fri Jun 01 01:40:45 UTC 2018 $PTII/bin/ptinvoke ptolemy.vergil.basic.export.ExportModel -force htm -run -openComposites -timeOut 30000 -whiteBackground org/terraswarm/accessor/demo/AugmentedReality/AugmentedRealityFeedback.xml $PTII/org/terraswarm/accessor/demo/AugmentedReality/AugmentedRealityFeedback
JSAccessor: PT_NO_NET environment variable is set, so git pull and ptdoc are not being run.
Running .AugmentedRealityFeedback
Manager.initialize() finished: 10773 ms. Memory: 1882112K Free: 1216628K (65%)
BrowserLauncher: UnsupportedOperation: http://localhost:8089: java.lang.UnsupportedOperationException: The BROWSE action is not supported on the current platform!
ExportHTMLTimer went off after 30000 ms., calling getDirector().finish and getDirector().stopFire()
ExportHTMLTimer went off after 60000 ms., calling manager.stop().
75275 ms. Memory: 1882112K Free: 1064126K (57%)
Exported /home/travis/build/icyphy/ptII/org/terraswarm/accessor/demo/AugmentedReality/AugmentedRealityFeedback/index.html
86001 ms. Memory: 1882112K Free: 1023274K (54%)
####### 63 Fri Jun 01 01:42:11 UTC 2018 $PTII/bin/ptinvoke ptolemy.vergil.basic.export.ExportModel -force htm -run -openComposites -timeOut 30000 -whiteBackground org/terraswarm/accessor/demo/AugmentedReality/AugmentedRealityFeedbackBlee.xml $PTII/org/terraswarm/accessor/demo/AugmentedReality/AugmentedRealityFeedbackBlee
Running .AugmentedRealityFeedbackBlee
Mutable: BleeSensorr.js: Could not get $KEYSTORE/brokerHostFile:  ptolemy.kernel.util.IllegalActionException: Failed to read URI: /home/travis/.ptKeystore/brokerHostFile
  in .AugmentedRealityFeedbackBlee.Mutable
Because:
Cannot read file '/home/travis/.ptKeystore/brokerHostFile' or '/home/travis/.ptKeystore/brokerHostFile' (Thread[AWT-EventQueue-0,6,main])
BrowserLauncher: UnsupportedOperation: http://localhost:8089: java.lang.UnsupportedOperationException: The BROWSE action is not supported on the current platform!
ExportHTMLTimer went off after 30000 ms., calling getDirector().finish and getDirector().stopFire()
UserInterface: Connection closed because model is no longer running. (Thread[AWT-EventQueue-0,6,main])
30070 ms. Memory: 1826816K Free: 571749K (31%)
Exported /home/travis/build/icyphy/ptII/org/terraswarm/accessor/demo/AugmentedReality/AugmentedRealityFeedbackBlee/index.html
39766 ms. Memory: 1826816K Free: 526081K (29%)
####### 64 Fri Jun 01 01:42:51 UTC 2018 $PTII/bin/ptinvoke ptolemy.vergil.basic.export.ExportModel -force htm -run -openComposites -timeOut 30000 -whiteBackground org/terraswarm/accessor/demo/AugmentedReality/AugmentedRealityKeyValueStore.xml $PTII/org/terraswarm/accessor/demo/AugmentedReality/AugmentedRealityKeyValueStore
Running .AugmentedRealityKeyValueStore
KeyValueStore: Making an HTTP request. (Thread[AWT-EventQueue-0,6,main])
BrowserLauncher: UnsupportedOperation: http://localhost:8089: java.lang.UnsupportedOperationException: The BROWSE action is not supported on the current platform!
ExportHTMLTimer went off after 30000 ms., calling getDirector().finish and getDirector().stopFire()
UserInterface: Connection closed because model is no longer running. (Thread[AWT-EventQueue-0,6,main])
30074 ms. Memory: 2072576K Free: 1531005K (74%)
Exported /home/travis/build/icyphy/ptII/org/terraswarm/accessor/demo/AugmentedReality/AugmentedRealityKeyValueStore/index.html
39501 ms. Memory: 2072576K Free: 1468621K (71%)
####### 65 Fri Jun 01 01:43:30 UTC 2018 $PTII/bin/ptinvoke ptolemy.vergil.basic.export.ExportModel -force htm -run -openComposites -timeOut 30000 -whiteBackground org/terraswarm/accessor/demo/AugmentedReality/AugmentedRealityVideo.xml $PTII/org/terraswarm/accessor/demo/AugmentedReality/AugmentedRealityVideo
No physical cameras found, using WebcamDummyDriver.
Running .AugmentedRealityVideo
BrowserLauncher: UnsupportedOperation: http://localhost:8089: java.lang.UnsupportedOperationException: The BROWSE action is not supported on the current platform!
ExportHTMLTimer went off after 30000 ms., calling getDirector().finish and getDirector().stopFire()
UserInterface: Connection closed because model is no longer running. (Thread[AWT-EventQueue-0,6,main])
30109 ms. Memory: 2225152K Free: 694149K (31%)
Exported /home/travis/build/icyphy/ptII/org/terraswarm/accessor/demo/AugmentedReality/AugmentedRealityVideo/index.html
42137 ms. Memory: 2225152K Free: 622587K (28%)
####### 66 Fri Jun 01 01:44:12 UTC 2018 $PTII/bin/ptinvoke ptolemy.vergil.basic.export.ExportModel -force htm -run -openComposites -timeOut 30000 -whiteBackground org/terraswarm/accessor/demo/AugmentedRealityVideoSOHO/AugmentedRealityVideoSOHO.xml $PTII/org/terraswarm/accessor/demo/AugmentedRealityVideoSOHO/AugmentedRealityVideoSOHO
Running .AugmentedRealityVideoSOHO
Manager.initialize() finished: 10345 ms. Memory: 2148352K Free: 953916K (44%)
BrowserLauncher: UnsupportedOperation: http://localhost:8089: java.lang.UnsupportedOperationException: The BROWSE action is not supported on the current platform!
ExportHTMLTimer went off after 30000 ms., calling getDirector().finish and getDirector().stopFire()
UserInterface: Connection closed because model is no longer running. (Thread[AWT-EventQueue-0,6,main])
30139 ms. Memory: 2333696K Free: 1570630K (67%)
Exported /home/travis/build/icyphy/ptII/org/terraswarm/accessor/demo/AugmentedRealityVideoSOHO/AugmentedRealityVideoSOHO/index.html
39548 ms. Memory: 2333696K Free: 1474910K (63%)
####### 67 Fri Jun 01 01:44:52 UTC 2018 $PTII/bin/ptinvoke ptolemy.vergil.basic.export.ExportModel -force htm -run -openComposites -timeOut 30000 -whiteBackground org/terraswarm/accessor/demo/AugmentedRealityVideoSOHO/GenerateHueAccessors.xml $PTII/org/terraswarm/accessor/demo/AugmentedRealityVideoSOHO/GenerateHueAccessors
Running .GenerateHueAccessors
GenerateHueAccessors: GenerateHueAccessors: // Copyright (c) 2017 The Regents of the University of California.
// All rights reserved.
//
// Permission is hereby granted, without written agreement and without
// license or royalty fees, to use, copy, modify, and distribute this
// software and its documentation for any purpose, provided that the above
// copyright notice and the following two paragraphs appear in all copies
// of this software.
//
// IN NO EVENT SHALL THE UNIVERSITY OF CALIFORNIA BE LIABLE TO ANY PARTY
// FOR DIRECT, INDIRECT, SPECIAL, INCIDENTAL, OR CONSEQUENTIAL DAMAGES
// ARISING OUT OF THE USE OF THIS SOFTWARE AND ITS DOCUMENTATION, EVEN IF
// THE UNIVERSITY OF CALIFORNIA HAS BEEN ADVISED OF THE POSSIBILITY OF
// SUCH DAMAGE.
//
// THE UNIVERSITY OF CALIFORNIA SPECIFICALLY DISCLAIMS ANY WARRANTIES,
// INCLUDING, BUT NOT LIMITED TO, THE IMPLIED WARRANTIES OF
// MERCHANTABILITY AND FITNESS FOR A PARTICULAR PURPOSE. THE SOFTWARE
// PROVIDED HEREUNDER IS ON AN "AS IS" BASIS, AND THE UNIVERSITY OF
// CALIFORNIA HAS NO OBLIGATION TO PROVIDE MAINTENANCE, SUPPORT, UPDATES,
// ENHANCEMENTS, OR MODIFICATIONS.
//

/** Control a Philips Hue light bulb.
 *
 *  @accessor HueAccessorTemplate
 *  @author Christopher Brooks, based on TemperatureSensor by Edward A. Lee
 *  @input {JSON} commands JSON commands for the Hue, for example,
 *                {"id" : 1, "on" : true, "hue" : 120}
 *  @output data A JSON object.
 *  @version $$Id$$
 */
// Stop extra messages from jslint.  Note that there should be no
// space between the / and the * and global.
/*globals console, error, exports, require */
/*jshint globalstrict: true*/

"use strict";

var handle = null;
exports.setup = function() {       
    this.implement('ControllableSensor');

    this.output('data', {'type' : 'JSON'});
    
    var Hue = this.instantiate('Hue', 'devices/Hue'); 

    /* The GenerateHueAccessors.xml model substitutes in the bridgeIP here.*/
    Hue.setParameter('bridgeIP','192.168.1.221');

    /* The GenerateHueAccessors.xml model substitutes in the userName here.*/
    Hue.setParameter('userName', 'SVmAJELYPPsCJjRqbKMjg0dLgesa6ZmiKt4Bdwaq');

    var codeIn = "\
        exports.setup = function() {\n\
           this.input('in');\n\
           this.output('out');\n\
        }\n\
        exports.initialize = function() {\n\
           var thiz = this;\n\
           this.addInputHandler('in', function() {\n\
               var inValue = thiz.get('in');\n\
               console.log('HueAccessorTemplate.JavaScriptIn: value of in: ' + inValue);\n\
               var util = require('util');\n\
               console.log(util.inspect(inValue));\n\
               console.log('HueAccessorTemplate.JavaScriptIn: inValue.on: ' + inValue.on);\n\
               var on = true;\n\
               if (inValue.on !== 'on') {;\n\
                   on = false; \n\
               };\n\
               inValue = '{ \"id\": \"8\", \"on\": ' + on + '}';\n\
               thiz.send('out', JSON.parse(inValue));\n\
           });\n\
        }";
    var JavaScriptIn = this.instantiateFromCode('JavaScriptIn', codeIn, false);

    var codeOut = "\
        exports.setup = function() {\n\
           this.input('in');\n\
           this.output('out');\n\
        }\n\
        exports.initialize = function() {\n\
           var thiz = this;\n\
           this.addInputHandler('in', function() {\n\
               /* var inValue = thiz.get('in'); */\n\
               /* FIXME: Need to get real data from the Hue. */\n\
               /* var inValue = '{ \"bridgeIP\": \"192.168.1.221\", \"id\": \"8\", \"userName\": \"SVmAJELYPPsCJjRqbKMjg0dLgesa6ZmiKt4Bdwaq\" }';*/\n\
               var inValue = thiz.get('in');\n\
               var idLight = inValue['8'];\n\
               console.log('HueAccessorTemplate.JavaScriptIn: inValue: ' + inValue);\n\
               var util = require('util');\n\
               console.log(util.inspect(inValue));\n\
               console.log('HueAccessorTemplate.JavaScriptIn: idLight: ' + idLight);\n\
               console.log(util.inspect(idLight));\n\
               thiz.send('out', idLight);\n\
           });\n\
        }";

    var JavaScriptOut = this.instantiateFromCode('JavaScriptOut', codeOut, false);
    
    this.connect('control', JavaScriptIn, 'in');
    this.connect(JavaScriptIn, 'out', Hue, 'commands');
    this.connect(Hue, 'lights', JavaScriptOut, 'in');
    this.connect(JavaScriptOut, 'out', 'data');

};

exports.initialize = function() {	
    // At initialize, send the schema;
    this.send('schema', schema);
    // Also send null data.
    this.send('data', null);
};


function sendData() {
    this.send('data', {
	"id": 8,
        "on": onValue,
    });
}

var schema = {
  "type": "object",
  "properties": {
    "on": {
      	"type": "string",
      	"title": "Turn the light on or off",
      	"description": "Turn the light on or off",
      	"choices": ["on", "off"]
    }
  }
};
 (Thread[AWT-EventQueue-0,6,main])
KeyValueStore: Making an HTTP request. (Thread[AWT-EventQueue-0,6,main])
GenerateHueAccessors: GenerateHueAccessors: // Copyright (c) 2017 The Regents of the University of California.
// All rights reserved.
//
// Permission is hereby granted, without written agreement and without
// license or royalty fees, to use, copy, modify, and distribute this
// software and its documentation for any purpose, provided that the above
// copyright notice and the following two paragraphs appear in all copies
// of this software.
//
// IN NO EVENT SHALL THE UNIVERSITY OF CALIFORNIA BE LIABLE TO ANY PARTY
// FOR DIRECT, INDIRECT, SPECIAL, INCIDENTAL, OR CONSEQUENTIAL DAMAGES
// ARISING OUT OF THE USE OF THIS SOFTWARE AND ITS DOCUMENTATION, EVEN IF
// THE UNIVERSITY OF CALIFORNIA HAS BEEN ADVISED OF THE POSSIBILITY OF
// SUCH DAMAGE.
//
// THE UNIVERSITY OF CALIFORNIA SPECIFICALLY DISCLAIMS ANY WARRANTIES,
// INCLUDING, BUT NOT LIMITED TO, THE IMPLIED WARRANTIES OF
// MERCHANTABILITY AND FITNESS FOR A PARTICULAR PURPOSE. THE SOFTWARE
// PROVIDED HEREUNDER IS ON AN "AS IS" BASIS, AND THE UNIVERSITY OF
// CALIFORNIA HAS NO OBLIGATION TO PROVIDE MAINTENANCE, SUPPORT, UPDATES,
// ENHANCEMENTS, OR MODIFICATIONS.
//

/** Control a Philips Hue light bulb.
 *
 *  @accessor HueAccessorTemplate
 *  @author Christopher Brooks, based on TemperatureSensor by Edward A. Lee
 *  @input {JSON} commands JSON commands for the Hue, for example,
 *                {"id" : 1, "on" : true, "hue" : 120}
 *  @output data A JSON object.
 *  @version $$Id$$
 */
// Stop extra messages from jslint.  Note that there should be no
// space between the / and the * and global.
/*globals console, error, exports, require */
/*jshint globalstrict: true*/

"use strict";

var handle = null;
exports.setup = function() {       
    this.implement('ControllableSensor');

    this.output('data', {'type' : 'JSON'});
    
    var Hue = this.instantiate('Hue', 'devices/Hue'); 

    /* The GenerateHueAccessors.xml model substitutes in the bridgeIP here.*/
    Hue.setParameter('bridgeIP','192.168.1.221');

    /* The GenerateHueAccessors.xml model substitutes in the userName here.*/
    Hue.setParameter('userName', 'SVmAJELYPPsCJjRqbKMjg0dLgesa6ZmiKt4Bdwaq');

    var codeIn = "\
        exports.setup = function() {\n\
           this.input('in');\n\
           this.output('out');\n\
        }\n\
        exports.initialize = function() {\n\
           var thiz = this;\n\
           this.addInputHandler('in', function() {\n\
               var inValue = thiz.get('in');\n\
               console.log('HueAccessorTemplate.JavaScriptIn: value of in: ' + inValue);\n\
               var util = require('util');\n\
               console.log(util.inspect(inValue));\n\
               console.log('HueAccessorTemplate.JavaScriptIn: inValue.on: ' + inValue.on);\n\
               var on = true;\n\
               if (inValue.on !== 'on') {;\n\
                   on = false; \n\
               };\n\
               inValue = '{ \"id\": \"4\", \"on\": ' + on + '}';\n\
               thiz.send('out', JSON.parse(inValue));\n\
           });\n\
        }";
    var JavaScriptIn = this.instantiateFromCode('JavaScriptIn', codeIn, false);

    var codeOut = "\
        exports.setup = function() {\n\
           this.input('in');\n\
           this.output('out');\n\
        }\n\
        exports.initialize = function() {\n\
           var thiz = this;\n\
           this.addInputHandler('in', function() {\n\
               /* var inValue = thiz.get('in'); */\n\
               /* FIXME: Need to get real data from the Hue. */\n\
               /* var inValue = '{ \"bridgeIP\": \"192.168.1.221\", \"id\": \"4\", \"userName\": \"SVmAJELYPPsCJjRqbKMjg0dLgesa6ZmiKt4Bdwaq\" }';*/\n\
               var inValue = thiz.get('in');\n\
               var idLight = inValue['4'];\n\
               console.log('HueAccessorTemplate.JavaScriptIn: inValue: ' + inValue);\n\
               var util = require('util');\n\
               console.log(util.inspect(inValue));\n\
               console.log('HueAccessorTemplate.JavaScriptIn: idLight: ' + idLight);\n\
               console.log(util.inspect(idLight));\n\
               thiz.send('out', idLight);\n\
           });\n\
        }";

    var JavaScriptOut = this.instantiateFromCode('JavaScriptOut', codeOut, false);
    
    this.connect('control', JavaScriptIn, 'in');
    this.connect(JavaScriptIn, 'out', Hue, 'commands');
    this.connect(Hue, 'lights', JavaScriptOut, 'in');
    this.connect(JavaScriptOut, 'out', 'data');

};

exports.initialize = function() {	
    // At initialize, send the schema;
    this.send('schema', schema);
    // Also send null data.
    this.send('data', null);
};


function sendData() {
    this.send('data', {
	"id": 4,
        "on": onValue,
    });
}

var schema = {
  "type": "object",
  "properties": {
    "on": {
      	"type": "string",
      	"title": "Turn the light on or off",
      	"description": "Turn the light on or off",
      	"choices": ["on", "off"]
    }
  }
};
 (Thread[AWT-EventQueue-0,6,main])
KeyValueStore: Making an HTTP request. (Thread[AWT-EventQueue-0,6,main])
GenerateHueAccessors: GenerateHueAccessors: // Copyright (c) 2017 The Regents of the University of California.
// All rights reserved.
//
// Permission is hereby granted, without written agreement and without
// license or royalty fees, to use, copy, modify, and distribute this
// software and its documentation for any purpose, provided that the above
// copyright notice and the following two paragraphs appear in all copies
// of this software.
//
// IN NO EVENT SHALL THE UNIVERSITY OF CALIFORNIA BE LIABLE TO ANY PARTY
// FOR DIRECT, INDIRECT, SPECIAL, INCIDENTAL, OR CONSEQUENTIAL DAMAGES
// ARISING OUT OF THE USE OF THIS SOFTWARE AND ITS DOCUMENTATION, EVEN IF
// THE UNIVERSITY OF CALIFORNIA HAS BEEN ADVISED OF THE POSSIBILITY OF
// SUCH DAMAGE.
//
// THE UNIVERSITY OF CALIFORNIA SPECIFICALLY DISCLAIMS ANY WARRANTIES,
// INCLUDING, BUT NOT LIMITED TO, THE IMPLIED WARRANTIES OF
// MERCHANTABILITY AND FITNESS FOR A PARTICULAR PURPOSE. THE SOFTWARE
// PROVIDED HEREUNDER IS ON AN "AS IS" BASIS, AND THE UNIVERSITY OF
// CALIFORNIA HAS NO OBLIGATION TO PROVIDE MAINTENANCE, SUPPORT, UPDATES,
// ENHANCEMENTS, OR MODIFICATIONS.
//

/** Control a Philips Hue light bulb.
 *
 *  @accessor HueAccessorTemplate
 *  @author Christopher Brooks, based on TemperatureSensor by Edward A. Lee
 *  @input {JSON} commands JSON commands for the Hue, for example,
 *                {"id" : 1, "on" : true, "hue" : 120}
 *  @output data A JSON object.
 *  @version $$Id$$
 */
// Stop extra messages from jslint.  Note that there should be no
// space between the / and the * and global.
/*globals console, error, exports, require */
/*jshint globalstrict: true*/

"use strict";

var handle = null;
exports.setup = function() {       
    this.implement('ControllableSensor');

    this.output('data', {'type' : 'JSON'});
    
    var Hue = this.instantiate('Hue', 'devices/Hue'); 

    /* The GenerateHueAccessors.xml model substitutes in the bridgeIP here.*/
    Hue.setParameter('bridgeIP','192.168.1.221');

    /* The GenerateHueAccessors.xml model substitutes in the userName here.*/
    Hue.setParameter('userName', 'SVmAJELYPPsCJjRqbKMjg0dLgesa6ZmiKt4Bdwaq');

    var codeIn = "\
        exports.setup = function() {\n\
           this.input('in');\n\
           this.output('out');\n\
        }\n\
        exports.initialize = function() {\n\
           var thiz = this;\n\
           this.addInputHandler('in', function() {\n\
               var inValue = thiz.get('in');\n\
               console.log('HueAccessorTemplate.JavaScriptIn: value of in: ' + inValue);\n\
               var util = require('util');\n\
               console.log(util.inspect(inValue));\n\
               console.log('HueAccessorTemplate.JavaScriptIn: inValue.on: ' + inValue.on);\n\
               var on = true;\n\
               if (inValue.on !== 'on') {;\n\
                   on = false; \n\
               };\n\
               inValue = '{ \"id\": \"5\", \"on\": ' + on + '}';\n\
               thiz.send('out', JSON.parse(inValue));\n\
           });\n\
        }";
    var JavaScriptIn = this.instantiateFromCode('JavaScriptIn', codeIn, false);

    var codeOut = "\
        exports.setup = function() {\n\
           this.input('in');\n\
           this.output('out');\n\
        }\n\
        exports.initialize = function() {\n\
           var thiz = this;\n\
           this.addInputHandler('in', function() {\n\
               /* var inValue = thiz.get('in'); */\n\
               /* FIXME: Need to get real data from the Hue. */\n\
               /* var inValue = '{ \"bridgeIP\": \"192.168.1.221\", \"id\": \"5\", \"userName\": \"SVmAJELYPPsCJjRqbKMjg0dLgesa6ZmiKt4Bdwaq\" }';*/\n\
               var inValue = thiz.get('in');\n\
               var idLight = inValue['5'];\n\
               console.log('HueAccessorTemplate.JavaScriptIn: inValue: ' + inValue);\n\
               var util = require('util');\n\
               console.log(util.inspect(inValue));\n\
               console.log('HueAccessorTemplate.JavaScriptIn: idLight: ' + idLight);\n\
               console.log(util.inspect(idLight));\n\
               thiz.send('out', idLight);\n\
           });\n\
        }";

    var JavaScriptOut = this.instantiateFromCode('JavaScriptOut', codeOut, false);
    
    this.connect('control', JavaScriptIn, 'in');
    this.connect(JavaScriptIn, 'out', Hue, 'commands');
    this.connect(Hue, 'lights', JavaScriptOut, 'in');
    this.connect(JavaScriptOut, 'out', 'data');

};

exports.initialize = function() {	
    // At initialize, send the schema;
    this.send('schema', schema);
    // Also send null data.
    this.send('data', null);
};


function sendData() {
    this.send('data', {
	"id": 5,
        "on": onValue,
    });
}

var schema = {
  "type": "object",
  "properties": {
    "on": {
      	"type": "string",
      	"title": "Turn the light on or off",
      	"description": "Turn the light on or off",
      	"choices": ["on", "off"]
    }
  }
};
 (Thread[AWT-EventQueue-0,6,main])
KeyValueStore: Making an HTTP request. (Thread[AWT-EventQueue-0,6,main])
GenerateHueAccessors: GenerateHueAccessors: // Copyright (c) 2017 The Regents of the University of California.
// All rights reserved.
//
// Permission is hereby granted, without written agreement and without
// license or royalty fees, to use, copy, modify, and distribute this
// software and its documentation for any purpose, provided that the above
// copyright notice and the following two paragraphs appear in all copies
// of this software.
//
// IN NO EVENT SHALL THE UNIVERSITY OF CALIFORNIA BE LIABLE TO ANY PARTY
// FOR DIRECT, INDIRECT, SPECIAL, INCIDENTAL, OR CONSEQUENTIAL DAMAGES
// ARISING OUT OF THE USE OF THIS SOFTWARE AND ITS DOCUMENTATION, EVEN IF
// THE UNIVERSITY OF CALIFORNIA HAS BEEN ADVISED OF THE POSSIBILITY OF
// SUCH DAMAGE.
//
// THE UNIVERSITY OF CALIFORNIA SPECIFICALLY DISCLAIMS ANY WARRANTIES,
// INCLUDING, BUT NOT LIMITED TO, THE IMPLIED WARRANTIES OF
// MERCHANTABILITY AND FITNESS FOR A PARTICULAR PURPOSE. THE SOFTWARE
// PROVIDED HEREUNDER IS ON AN "AS IS" BASIS, AND THE UNIVERSITY OF
// CALIFORNIA HAS NO OBLIGATION TO PROVIDE MAINTENANCE, SUPPORT, UPDATES,
// ENHANCEMENTS, OR MODIFICATIONS.
//

/** Control a Philips Hue light bulb.
 *
 *  @accessor HueAccessorTemplate
 *  @author Christopher Brooks, based on TemperatureSensor by Edward A. Lee
 *  @input {JSON} commands JSON commands for the Hue, for example,
 *                {"id" : 1, "on" : true, "hue" : 120}
 *  @output data A JSON object.
 *  @version $$Id$$
 */
// Stop extra messages from jslint.  Note that there should be no
// space between the / and the * and global.
/*globals console, error, exports, require */
/*jshint globalstrict: true*/

"use strict";

var handle = null;
exports.setup = function() {       
    this.implement('ControllableSensor');

    this.output('data', {'type' : 'JSON'});
    
    var Hue = this.instantiate('Hue', 'devices/Hue'); 

    /* The GenerateHueAccessors.xml model substitutes in the bridgeIP here.*/
    Hue.setParameter('bridgeIP','192.168.1.221');

    /* The GenerateHueAccessors.xml model substitutes in the userName here.*/
    Hue.setParameter('userName', 'SVmAJELYPPsCJjRqbKMjg0dLgesa6ZmiKt4Bdwaq');

    var codeIn = "\
        exports.setup = function() {\n\
           this.input('in');\n\
           this.output('out');\n\
        }\n\
        exports.initialize = function() {\n\
           var thiz = this;\n\
           this.addInputHandler('in', function() {\n\
               var inValue = thiz.get('in');\n\
               console.log('HueAccessorTemplate.JavaScriptIn: value of in: ' + inValue);\n\
               var util = require('util');\n\
               console.log(util.inspect(inValue));\n\
               console.log('HueAccessorTemplate.JavaScriptIn: inValue.on: ' + inValue.on);\n\
               var on = true;\n\
               if (inValue.on !== 'on') {;\n\
                   on = false; \n\
               };\n\
               inValue = '{ \"id\": \"6\", \"on\": ' + on + '}';\n\
               thiz.send('out', JSON.parse(inValue));\n\
           });\n\
        }";
    var JavaScriptIn = this.instantiateFromCode('JavaScriptIn', codeIn, false);

    var codeOut = "\
        exports.setup = function() {\n\
           this.input('in');\n\
           this.output('out');\n\
        }\n\
        exports.initialize = function() {\n\
           var thiz = this;\n\
           this.addInputHandler('in', function() {\n\
               /* var inValue = thiz.get('in'); */\n\
               /* FIXME: Need to get real data from the Hue. */\n\
               /* var inValue = '{ \"bridgeIP\": \"192.168.1.221\", \"id\": \"6\", \"userName\": \"SVmAJELYPPsCJjRqbKMjg0dLgesa6ZmiKt4Bdwaq\" }';*/\n\
               var inValue = thiz.get('in');\n\
               var idLight = inValue['6'];\n\
               console.log('HueAccessorTemplate.JavaScriptIn: inValue: ' + inValue);\n\
               var util = require('util');\n\
               console.log(util.inspect(inValue));\n\
               console.log('HueAccessorTemplate.JavaScriptIn: idLight: ' + idLight);\n\
               console.log(util.inspect(idLight));\n\
               thiz.send('out', idLight);\n\
           });\n\
        }";

    var JavaScriptOut = this.instantiateFromCode('JavaScriptOut', codeOut, false);
    
    this.connect('control', JavaScriptIn, 'in');
    this.connect(JavaScriptIn, 'out', Hue, 'commands');
    this.connect(Hue, 'lights', JavaScriptOut, 'in');
    this.connect(JavaScriptOut, 'out', 'data');

};

exports.initialize = function() {	
    // At initialize, send the schema;
    this.send('schema', schema);
    // Also send null data.
    this.send('data', null);
};


function sendData() {
    this.send('data', {
	"id": 6,
        "on": onValue,
    });
}

var schema = {
  "type": "object",
  "properties": {
    "on": {
      	"type": "string",
      	"title": "Turn the light on or off",
      	"description": "Turn the light on or off",
      	"choices": ["on", "off"]
    }
  }
};
 (Thread[AWT-EventQueue-0,6,main])
KeyValueStore: Making an HTTP request. (Thread[AWT-EventQueue-0,6,main])
GenerateHueAccessors: GenerateHueAccessors: // Copyright (c) 2017 The Regents of the University of California.
// All rights reserved.
//
// Permission is hereby granted, without written agreement and without
// license or royalty fees, to use, copy, modify, and distribute this
// software and its documentation for any purpose, provided that the above
// copyright notice and the following two paragraphs appear in all copies
// of this software.
//
// IN NO EVENT SHALL THE UNIVERSITY OF CALIFORNIA BE LIABLE TO ANY PARTY
// FOR DIRECT, INDIRECT, SPECIAL, INCIDENTAL, OR CONSEQUENTIAL DAMAGES
// ARISING OUT OF THE USE OF THIS SOFTWARE AND ITS DOCUMENTATION, EVEN IF
// THE UNIVERSITY OF CALIFORNIA HAS BEEN ADVISED OF THE POSSIBILITY OF
// SUCH DAMAGE.
//
// THE UNIVERSITY OF CALIFORNIA SPECIFICALLY DISCLAIMS ANY WARRANTIES,
// INCLUDING, BUT NOT LIMITED TO, THE IMPLIED WARRANTIES OF
// MERCHANTABILITY AND FITNESS FOR A PARTICULAR PURPOSE. THE SOFTWARE
// PROVIDED HEREUNDER IS ON AN "AS IS" BASIS, AND THE UNIVERSITY OF
// CALIFORNIA HAS NO OBLIGATION TO PROVIDE MAINTENANCE, SUPPORT, UPDATES,
// ENHANCEMENTS, OR MODIFICATIONS.
//

/** Control a Philips Hue light bulb.
 *
 *  @accessor HueAccessorTemplate
 *  @author Christopher Brooks, based on TemperatureSensor by Edward A. Lee
 *  @input {JSON} commands JSON commands for the Hue, for example,
 *                {"id" : 1, "on" : true, "hue" : 120}
 *  @output data A JSON object.
 *  @version $$Id$$
 */
// Stop extra messages from jslint.  Note that there should be no
// space between the / and the * and global.
/*globals console, error, exports, require */
/*jshint globalstrict: true*/

"use strict";

var handle = null;
exports.setup = function() {       
    this.implement('ControllableSensor');

    this.output('data', {'type' : 'JSON'});
    
    var Hue = this.instantiate('Hue', 'devices/Hue'); 

    /* The GenerateHueAccessors.xml model substitutes in the bridgeIP here.*/
    Hue.setParameter('bridgeIP','192.168.1.221');

    /* The GenerateHueAccessors.xml model substitutes in the userName here.*/
    Hue.setParameter('userName', 'SVmAJELYPPsCJjRqbKMjg0dLgesa6ZmiKt4Bdwaq');

    var codeIn = "\
        exports.setup = function() {\n\
           this.input('in');\n\
           this.output('out');\n\
        }\n\
        exports.initialize = function() {\n\
           var thiz = this;\n\
           this.addInputHandler('in', function() {\n\
               var inValue = thiz.get('in');\n\
               console.log('HueAccessorTemplate.JavaScriptIn: value of in: ' + inValue);\n\
               var util = require('util');\n\
               console.log(util.inspect(inValue));\n\
               console.log('HueAccessorTemplate.JavaScriptIn: inValue.on: ' + inValue.on);\n\
               var on = true;\n\
               if (inValue.on !== 'on') {;\n\
                   on = false; \n\
               };\n\
               inValue = '{ \"id\": \"7\", \"on\": ' + on + '}';\n\
               thiz.send('out', JSON.parse(inValue));\n\
           });\n\
        }";
    var JavaScriptIn = this.instantiateFromCode('JavaScriptIn', codeIn, false);

    var codeOut = "\
        exports.setup = function() {\n\
           this.input('in');\n\
           this.output('out');\n\
        }\n\
        exports.initialize = function() {\n\
           var thiz = this;\n\
           this.addInputHandler('in', function() {\n\
               /* var inValue = thiz.get('in'); */\n\
               /* FIXME: Need to get real data from the Hue. */\n\
               /* var inValue = '{ \"bridgeIP\": \"192.168.1.221\", \"id\": \"7\", \"userName\": \"SVmAJELYPPsCJjRqbKMjg0dLgesa6ZmiKt4Bdwaq\" }';*/\n\
               var inValue = thiz.get('in');\n\
               var idLight = inValue['7'];\n\
               console.log('HueAccessorTemplate.JavaScriptIn: inValue: ' + inValue);\n\
               var util = require('util');\n\
               console.log(util.inspect(inValue));\n\
               console.log('HueAccessorTemplate.JavaScriptIn: idLight: ' + idLight);\n\
               console.log(util.inspect(idLight));\n\
               thiz.send('out', idLight);\n\
           });\n\
        }";

    var JavaScriptOut = this.instantiateFromCode('JavaScriptOut', codeOut, false);
    
    this.connect('control', JavaScriptIn, 'in');
    this.connect(JavaScriptIn, 'out', Hue, 'commands');
    this.connect(Hue, 'lights', JavaScriptOut, 'in');
    this.connect(JavaScriptOut, 'out', 'data');

};

exports.initialize = function() {	
    // At initialize, send the schema;
    this.send('schema', schema);
    // Also send null data.
    this.send('data', null);
};


function sendData() {
    this.send('data', {
	"id": 7,
        "on": onValue,
    });
}

var schema = {
  "type": "object",
  "properties": {
    "on": {
      	"type": "string",
      	"title": "Turn the light on or off",
      	"description": "Turn the light on or off",
      	"choices": ["on", "off"]
    }
  }
};
 (Thread[AWT-EventQueue-0,6,main])
KeyValueStore: Making an HTTP request. (Thread[AWT-EventQueue-0,6,main])
8522 ms. Memory: 2333696K Free: 662896K (28%)
Exported /home/travis/build/icyphy/ptII/org/terraswarm/accessor/demo/AugmentedRealityVideoSOHO/GenerateHueAccessors/index.html
14184 ms. Memory: 2333696K Free: 621703K (27%)
####### 68 Fri Jun 01 01:45:06 UTC 2018 $PTII/bin/ptinvoke ptolemy.vergil.basic.export.ExportModel -force htm -run -openComposites -timeOut 30000 -whiteBackground org/terraswarm/accessor/demo/AugmentedRealityVideoSOHO/GenerateLifxAccessors.xml $PTII/org/terraswarm/accessor/demo/AugmentedRealityVideoSOHO/GenerateLifxAccessors
Running .GenerateLifxAccessors
GenerateLifxAccessors: Start discovery: Broadcast at 255.255.255.255:56700... undefined (Thread[vert.x-eventloop-thread-1,6,main])
GenerateLifxAccessors: bind success (Thread[AWT-EventQueue-0,6,main])
GenerateLifxAccessors: listening: true (Thread[AWT-EventQueue-0,6,main])
8788 ms. Memory: 2336256K Free: 834307K (36%)
Exported /home/travis/build/icyphy/ptII/org/terraswarm/accessor/demo/AugmentedRealityVideoSOHO/GenerateLifxAccessors/index.html
14933 ms. Memory: 2336256K Free: 782748K (34%)
####### 69 Fri Jun 01 01:45:21 UTC 2018 $PTII/bin/ptinvoke ptolemy.vergil.basic.export.ExportModel -force htm -run -openComposites -timeOut 30000 -whiteBackground org/terraswarm/accessor/demo/AugmentedRealityVideoSOHO/GenerateMQTTAccessors.xml $PTII/org/terraswarm/accessor/demo/AugmentedRealityVideoSOHO/GenerateMQTTAccessors
Running .GenerateMQTTAccessors
GenerateBleeAccessors: GenerateBleeAccessors: "use strict";

exports.setup = function() {	
    this.output('data', {'type' : 'JSON'});
    
    var MQTTSubscriber = this.instantiate('MQTTSubscriber', 'net/MQTTSubscriber'); 
    MQTTSubscriber.input('subscribe', {
	/* 'value':'#'*/
    /* The GenerateBleeAccessors.xml model substitutes in the topic here.*/
        'value': 'device/BLEES/c098e53000b4'
    });
    
    /* The GenerateBleeAccessors.xml model substitutes in the BrokerHost here.*/
    var brokerHost = '192.168.1.200';

    /* Hint: Use the lab11 Summon app to find local SwarmBoxes with BLE. */
    MQTTSubscriber.setParameter('brokerHost', brokerHost);

    var code = "\
	exports.setup = function() {\n\
	    this.input('in');\n\
	    this.output('out');\n\
    }\n\
    exports.initialize = function() {\n\
	    var thiz = this;\n\
	    this.addInputHandler('in', function() {\n\
	    	var inValue = thiz.get('in');\n\
	        console.log('MQTTAccessor:' + inValue);\n\
		    thiz.send('out', JSON.parse(inValue));\n\
	    });\n\
    }";
    var JavaScript = this.instantiateFromCode('JavaScript', code, false);

    this.connect(JavaScript, 'out', 'data');
    this.connect(MQTTSubscriber, 'received', JavaScript, 'in');
};
 (Thread[AWT-EventQueue-0,6,main])
KeyValueStore: Making an HTTP request. (Thread[AWT-EventQueue-0,6,main])
GenerateBleeAccessors: GenerateBleeAccessors: "use strict";

exports.setup = function() {	
    this.output('data', {'type' : 'JSON'});
    
    var MQTTSubscriber = this.instantiate('MQTTSubscriber', 'net/MQTTSubscriber'); 
    MQTTSubscriber.input('subscribe', {
	/* 'value':'#'*/
    /* The GenerateBleeAccessors.xml model substitutes in the topic here.*/
        'value': 'device/BLEES/c098e530005b'
    });
    
    /* The GenerateBleeAccessors.xml model substitutes in the BrokerHost here.*/
    var brokerHost = '192.168.1.200';

    /* Hint: Use the lab11 Summon app to find local SwarmBoxes with BLE. */
    MQTTSubscriber.setParameter('brokerHost', brokerHost);

    var code = "\
	exports.setup = function() {\n\
	    this.input('in');\n\
	    this.output('out');\n\
    }\n\
    exports.initialize = function() {\n\
	    var thiz = this;\n\
	    this.addInputHandler('in', function() {\n\
	    	var inValue = thiz.get('in');\n\
	        console.log('MQTTAccessor:' + inValue);\n\
		    thiz.send('out', JSON.parse(inValue));\n\
	    });\n\
    }";
    var JavaScript = this.instantiateFromCode('JavaScript', code, false);

    this.connect(JavaScript, 'out', 'data');
    this.connect(MQTTSubscriber, 'received', JavaScript, 'in');
};
 (Thread[AWT-EventQueue-0,6,main])
KeyValueStore: Making an HTTP request. (Thread[AWT-EventQueue-0,6,main])
GenerateBleeAccessors: GenerateBleeAccessors: "use strict";

exports.setup = function() {	
    this.output('data', {'type' : 'JSON'});
    
    var MQTTSubscriber = this.instantiate('MQTTSubscriber', 'net/MQTTSubscriber'); 
    MQTTSubscriber.input('subscribe', {
	/* 'value':'#'*/
    /* The GenerateBleeAccessors.xml model substitutes in the topic here.*/
        'value': 'device/PowerBlade/c098e570021e'
    });
    
    /* The GenerateBleeAccessors.xml model substitutes in the BrokerHost here.*/
    var brokerHost = '192.168.1.200';

    /* Hint: Use the lab11 Summon app to find local SwarmBoxes with BLE. */
    MQTTSubscriber.setParameter('brokerHost', brokerHost);

    var code = "\
	exports.setup = function() {\n\
	    this.input('in');\n\
	    this.output('out');\n\
    }\n\
    exports.initialize = function() {\n\
	    var thiz = this;\n\
	    this.addInputHandler('in', function() {\n\
	    	var inValue = thiz.get('in');\n\
	        console.log('MQTTAccessor:' + inValue);\n\
		    thiz.send('out', JSON.parse(inValue));\n\
	    });\n\
    }";
    var JavaScript = this.instantiateFromCode('JavaScript', code, false);

    this.connect(JavaScript, 'out', 'data');
    this.connect(MQTTSubscriber, 'received', JavaScript, 'in');
};
 (Thread[AWT-EventQueue-0,6,main])
KeyValueStore: Making an HTTP request. (Thread[AWT-EventQueue-0,6,main])
GenerateBleeAccessors: GenerateBleeAccessors: "use strict";

exports.setup = function() {	
    this.output('data', {'type' : 'JSON'});
    
    var MQTTSubscriber = this.instantiate('MQTTSubscriber', 'net/MQTTSubscriber'); 
    MQTTSubscriber.input('subscribe', {
	/* 'value':'#'*/
    /* The GenerateBleeAccessors.xml model substitutes in the topic here.*/
        'value': 'device/PowerBlade/c098e570020b'
    });
    
    /* The GenerateBleeAccessors.xml model substitutes in the BrokerHost here.*/
    var brokerHost = '192.168.1.200';

    /* Hint: Use the lab11 Summon app to find local SwarmBoxes with BLE. */
    MQTTSubscriber.setParameter('brokerHost', brokerHost);

    var code = "\
	exports.setup = function() {\n\
	    this.input('in');\n\
	    this.output('out');\n\
    }\n\
    exports.initialize = function() {\n\
	    var thiz = this;\n\
	    this.addInputHandler('in', function() {\n\
	    	var inValue = thiz.get('in');\n\
	        console.log('MQTTAccessor:' + inValue);\n\
		    thiz.send('out', JSON.parse(inValue));\n\
	    });\n\
    }";
    var JavaScript = this.instantiateFromCode('JavaScript', code, false);

    this.connect(JavaScript, 'out', 'data');
    this.connect(MQTTSubscriber, 'received', JavaScript, 'in');
};
 (Thread[AWT-EventQueue-0,6,main])
KeyValueStore: Making an HTTP request. (Thread[AWT-EventQueue-0,6,main])
GenerateBleeAccessors: GenerateBleeAccessors: "use strict";

exports.setup = function() {	
    this.output('data', {'type' : 'JSON'});
    
    var MQTTSubscriber = this.instantiate('MQTTSubscriber', 'net/MQTTSubscriber'); 
    MQTTSubscriber.input('subscribe', {
	/* 'value':'#'*/
    /* The GenerateBleeAccessors.xml model substitutes in the topic here.*/
        'value': 'device/PowerBlade/c098e570023e'
    });
    
    /* The GenerateBleeAccessors.xml model substitutes in the BrokerHost here.*/
    var brokerHost = '192.168.1.200';

    /* Hint: Use the lab11 Summon app to find local SwarmBoxes with BLE. */
    MQTTSubscriber.setParameter('brokerHost', brokerHost);

    var code = "\
	exports.setup = function() {\n\
	    this.input('in');\n\
	    this.output('out');\n\
    }\n\
    exports.initialize = function() {\n\
	    var thiz = this;\n\
	    this.addInputHandler('in', function() {\n\
	    	var inValue = thiz.get('in');\n\
	        console.log('MQTTAccessor:' + inValue);\n\
		    thiz.send('out', JSON.parse(inValue));\n\
	    });\n\
    }";
    var JavaScript = this.instantiateFromCode('JavaScript', code, false);

    this.connect(JavaScript, 'out', 'data');
    this.connect(MQTTSubscriber, 'received', JavaScript, 'in');
};
 (Thread[AWT-EventQueue-0,6,main])
KeyValueStore: Making an HTTP request. (Thread[AWT-EventQueue-0,6,main])
GenerateBleeAccessors: GenerateBleeAccessors: "use strict";

exports.setup = function() {	
    this.output('data', {'type' : 'JSON'});
    
    var MQTTSubscriber = this.instantiate('MQTTSubscriber', 'net/MQTTSubscriber'); 
    MQTTSubscriber.input('subscribe', {
	/* 'value':'#'*/
    /* The GenerateBleeAccessors.xml model substitutes in the topic here.*/
        'value': 'device/PowerBlade/c098e570023a'
    });
    
    /* The GenerateBleeAccessors.xml model substitutes in the BrokerHost here.*/
    var brokerHost = '192.168.1.200';

    /* Hint: Use the lab11 Summon app to find local SwarmBoxes with BLE. */
    MQTTSubscriber.setParameter('brokerHost', brokerHost);

    var code = "\
	exports.setup = function() {\n\
	    this.input('in');\n\
	    this.output('out');\n\
    }\n\
    exports.initialize = function() {\n\
	    var thiz = this;\n\
	    this.addInputHandler('in', function() {\n\
	    	var inValue = thiz.get('in');\n\
	        console.log('MQTTAccessor:' + inValue);\n\
		    thiz.send('out', JSON.parse(inValue));\n\
	    });\n\
    }";
    var JavaScript = this.instantiateFromCode('JavaScript', code, false);

    this.connect(JavaScript, 'out', 'data');
    this.connect(MQTTSubscriber, 'received', JavaScript, 'in');
};
 (Thread[AWT-EventQueue-0,6,main])
KeyValueStore: Making an HTTP request. (Thread[AWT-EventQueue-0,6,main])
10506 ms. Memory: 2302976K Free: 1225514K (53%)
Exported /home/travis/build/icyphy/ptII/org/terraswarm/accessor/demo/AugmentedRealityVideoSOHO/GenerateMQTTAccessors/index.html
16212 ms. Memory: 2302976K Free: 1181864K (51%)
####### 70 Fri Jun 01 01:45:37 UTC 2018 $PTII/bin/ptinvoke ptolemy.vergil.basic.export.ExportModel -force htm -run -openComposites -timeOut 30000 -whiteBackground org/terraswarm/accessor/demo/AugmentedRealityVideoSOHO/KeyValueStoreServerSOHO.xml $PTII/org/terraswarm/accessor/demo/AugmentedRealityVideoSOHO/KeyValueStoreServerSOHO
Running .KeyValueStoreServerSOHO
WebServer: WebServer: Creating new server. (Thread[AWT-EventQueue-0,6,main])
WebServer: WebServer: Listening for requests. (Thread[vert.x-eventloop-thread-1,6,main])
ExportHTMLTimer went off after 30000 ms., calling getDirector().finish and getDirector().stopFire()
WebServer: WebServer: Stopping the server. (Thread[AWT-EventQueue-0,6,main])
30071 ms. Memory: 2105344K Free: 1173129K (56%)
Exported /home/travis/build/icyphy/ptII/org/terraswarm/accessor/demo/AugmentedRealityVideoSOHO/KeyValueStoreServerSOHO/index.html
38445 ms. Memory: 2105344K Free: 1133692K (54%)
####### 71 Fri Jun 01 01:46:16 UTC 2018 $PTII/bin/ptinvoke ptolemy.vergil.basic.export.ExportModel -force htm -run -openComposites -timeOut 30000 -whiteBackground org/terraswarm/accessor/demo/AugmentedRealityVideoSOHO/SoundServerSOHO.xml $PTII/org/terraswarm/accessor/demo/AugmentedRealityVideoSOHO/SoundServerSOHO
Running .SoundServerSOHO
KeyValueStore: Making an HTTP request. (Thread[AWT-EventQueue-0,6,main])
ExportHTMLTimer went off after 30000 ms., calling getDirector().finish and getDirector().stopFire()
30059 ms. Memory: 2120192K Free: 1124127K (53%)
Exported /home/travis/build/icyphy/ptII/org/terraswarm/accessor/demo/AugmentedRealityVideoSOHO/SoundServerSOHO/index.html
37970 ms. Memory: 2120192K Free: 1084421K (51%)
####### 72 Fri Jun 01 01:46:54 UTC 2018 $PTII/bin/ptinvoke ptolemy.vergil.basic.export.ExportModel -force htm -run -openComposites -timeOut 30000 -whiteBackground org/terraswarm/accessor/demo/AugmentedRealityVideoTerra/AugmentedRealityVideoTerra.xml $PTII/org/terraswarm/accessor/demo/AugmentedRealityVideoTerra/AugmentedRealityVideoTerra
Running .AugmentedRealityVideoTerra
Manager.initialize() finished: 11517 ms. Memory: 2001920K Free: 736738K (37%)
BrowserLauncher: UnsupportedOperation: http://localhost:8089: java.lang.UnsupportedOperationException: The BROWSE action is not supported on the current platform!
ExportHTMLTimer went off after 30000 ms., calling getDirector().finish and getDirector().stopFire()
UserInterface: Connection closed because model is no longer running. (Thread[AWT-EventQueue-0,6,main])
30139 ms. Memory: 2259968K Free: 1152442K (51%)
Exported /home/travis/build/icyphy/ptII/org/terraswarm/accessor/demo/AugmentedRealityVideoTerra/AugmentedRealityVideoTerra/index.html
42858 ms. Memory: 2259968K Free: 1067487K (47%)
####### 73 Fri Jun 01 01:47:36 UTC 2018 $PTII/bin/ptinvoke ptolemy.vergil.basic.export.ExportModel -force htm -run -openComposites -timeOut 30000 -whiteBackground org/terraswarm/accessor/demo/AugmentedRealityVideoTerra/SoundServerTerra.xml $PTII/org/terraswarm/accessor/demo/AugmentedRealityVideoTerra/SoundServerTerra
Running .SoundServerTerra
KeyValueStore: Making an HTTP request. (Thread[AWT-EventQueue-0,6,main])
ExportHTMLTimer went off after 30000 ms., calling getDirector().finish and getDirector().stopFire()
30074 ms. Memory: 2260992K Free: 891004K (39%)
Exported /home/travis/build/icyphy/ptII/org/terraswarm/accessor/demo/AugmentedRealityVideoTerra/SoundServerTerra/index.html
38583 ms. Memory: 2260992K Free: 842537K (37%)
####### 74 Fri Jun 01 01:48:15 UTC 2018 $PTII/bin/ptinvoke ptolemy.vergil.basic.export.ExportModel -force htm  -openComposites -timeOut 30000 -whiteBackground org/terraswarm/accessor/demo/Hue/Hue.xml $PTII/org/terraswarm/accessor/demo/Hue/Hue
Warning: not running org/terraswarm/accessor/demo/Hue/Hue.xml. See ptolemy/vergil/basic/export/test/junit/ExportModelJUnitTest.java
Exported /home/travis/build/icyphy/ptII/org/terraswarm/accessor/demo/Hue/Hue/index.html
3129 ms. Memory: 2260992K Free: 719081K (32%)
####### 75 Fri Jun 01 01:48:18 UTC 2018 $PTII/bin/ptinvoke ptolemy.vergil.basic.export.ExportModel -force htm -run -openComposites -timeOut 30000 -whiteBackground org/terraswarm/accessor/demo/Hue/HueToggle.xml $PTII/org/terraswarm/accessor/demo/Hue/HueToggle
Running .HueToggle
Hue: Attempting to connect to: http://192.168.1.221/api/SVmAJELYPPsCJjRqbKMjg0dLgesa6ZmiKt4Bdwaq/lights/ (Thread[AWT-EventQueue-0,6,main])
Hue: Making an HTTP request. (Thread[AWT-EventQueue-0,6,main])
Hue: Hue.js: issueCommand(): '[{"id":8,"on":true,"hue":25834.800531442197}]' (Thread[AWT-EventQueue-0,6,main])
Hue: Not authenticated; queueing command. (Thread[AWT-EventQueue-0,6,main])
Hue: Hue.js: issueCommand(): '[{"id":8,"on":false,"hue":3985.9786015711766}]' (Thread[AWT-EventQueue-0,6,main])
Hue: Not authenticated; queueing command. (Thread[AWT-EventQueue-0,6,main])
Hue: Hue.js: issueCommand(): '[{"id":8,"on":true,"hue":54927.5651565037}]' (Thread[AWT-EventQueue-0,6,main])
Hue: Not authenticated; queueing command. (Thread[AWT-EventQueue-0,6,main])
Hue: Hue.js: issueCommand(): '[{"id":8,"on":false,"hue":60336.43020393195}]' (Thread[AWT-EventQueue-0,6,main])
Hue: Not authenticated; queueing command. (Thread[AWT-EventQueue-0,6,main])
Hue: Hue.js: issueCommand(): '[{"id":8,"on":true,"hue":40388.50256880552}]' (Thread[AWT-EventQueue-0,6,main])
Hue: Not authenticated; queueing command. (Thread[AWT-EventQueue-0,6,main])
Hue: Hue.js: issueCommand(): '[{"id":8,"on":false,"hue":39750.774582220794}]' (Thread[AWT-EventQueue-0,6,main])
Hue: Not authenticated; queueing command. (Thread[AWT-EventQueue-0,6,main])
Hue: Hue.js: issueCommand(): '[{"id":8,"on":true,"hue":37913.54878228632}]' (Thread[AWT-EventQueue-0,6,main])
Hue: Not authenticated; queueing command. (Thread[AWT-EventQueue-0,6,main])
Hue: Hue.js: issueCommand(): '[{"id":8,"on":false,"hue":255.47843865986948}]' (Thread[AWT-EventQueue-0,6,main])
Hue: Not authenticated; queueing command. (Thread[AWT-EventQueue-0,6,main])
Hue: Hue.js: issueCommand(): '[{"id":8,"on":true,"hue":63476.300286477745}]' (Thread[AWT-EventQueue-0,6,main])
Hue: Not authenticated; queueing command. (Thread[AWT-EventQueue-0,6,main])
ExportHTMLTimer went off after 30000 ms., calling getDirector().finish and getDirector().stopFire()
30043 ms. Memory: 2366464K Free: 1573627K (66%)
Exported /home/travis/build/icyphy/ptII/org/terraswarm/accessor/demo/Hue/HueToggle/index.html
38407 ms. Memory: 2366464K Free: 1532034K (65%)
####### 76 Fri Jun 01 01:48:57 UTC 2018 $PTII/bin/ptinvoke ptolemy.vergil.basic.export.ExportModel -force htm -run -openComposites -timeOut 30000 -whiteBackground org/terraswarm/accessor/demo/Hue/MotionLights.xml $PTII/org/terraswarm/accessor/demo/Hue/MotionLights
Running .MotionLights
Hue: Attempting to connect to: http://192.168.2.2/api/ptolemyuser/lights/ (Thread[AWT-EventQueue-0,6,main])
Hue: Making an HTTP request. (Thread[AWT-EventQueue-0,6,main])
Hue: Hue.js: issueCommand(): '[{"id":7,"on":true,"hue":29529,"sat":172,"bri":270,"reactiontime":0},{"id":8,"on":true,"hue":29529,"sat":172,"bri":270,"reactiontime":0},{"id":9,"on":true,"hue":29529,"sat":172,"bri":270,"reactiontime":0}]' (Thread[AWT-EventQueue-0,6,main])
Hue: Not authenticated; queueing command. (Thread[AWT-EventQueue-0,6,main])
Hue: Hue.js: issueCommand(): '[{"id":7,"on":true,"hue":28845,"sat":94,"bri":190,"reactiontime":0},{"id":8,"on":true,"hue":28845,"sat":94,"bri":190,"reactiontime":0},{"id":9,"on":true,"hue":28845,"sat":94,"bri":190,"reactiontime":0}]' (Thread[AWT-EventQueue-0,6,main])
Hue: Not authenticated; queueing command. (Thread[AWT-EventQueue-0,6,main])
Hue: Hue.js: issueCommand(): '[{"id":7,"on":true,"hue":29138,"sat":166,"bri":215,"reactiontime":0},{"id":8,"on":true,"hue":29138,"sat":166,"bri":215,"reactiontime":0},{"id":9,"on":true,"hue":29138,"sat":166,"bri":215,"reactiontime":0}]' (Thread[AWT-EventQueue-0,6,main])
Hue: Not authenticated; queueing command. (Thread[AWT-EventQueue-0,6,main])
Hue: Hue.js: issueCommand(): '[{"id":7,"on":true,"hue":32463,"sat":188,"bri":225,"reactiontime":0},{"id":8,"on":true,"hue":32463,"sat":188,"bri":225,"reactiontime":0},{"id":9,"on":true,"hue":32463,"sat":188,"bri":225,"reactiontime":0}]' (Thread[AWT-EventQueue-0,6,main])
Hue: Not authenticated; queueing command. (Thread[AWT-EventQueue-0,6,main])
Hue: Hue.js: issueCommand(): '[{"id":7,"on":true,"hue":30703,"sat":122,"bri":213,"reactiontime":0},{"id":8,"on":true,"hue":30703,"sat":122,"bri":213,"reactiontime":0},{"id":9,"on":true,"hue":30703,"sat":122,"bri":213,"reactiontime":0}]' (Thread[AWT-EventQueue-0,6,main])
Hue: Not authenticated; queueing command. (Thread[AWT-EventQueue-0,6,main])
Hue: Hue.js: issueCommand(): '[{"id":7,"on":true,"hue":38916,"sat":149,"bri":265,"reactiontime":0},{"id":8,"on":true,"hue":38916,"sat":149,"bri":265,"reactiontime":0},{"id":9,"on":true,"hue":38916,"sat":149,"bri":265,"reactiontime":0}]' (Thread[AWT-EventQueue-0,6,main])
Hue: Not authenticated; queueing command. (Thread[AWT-EventQueue-0,6,main])
Hue: Hue.js: issueCommand(): '[{"id":7,"on":true,"hue":29529,"sat":131,"bri":303,"reactiontime":0},{"id":8,"on":true,"hue":29529,"sat":131,"bri":303,"reactiontime":0},{"id":9,"on":true,"hue":29529,"sat":131,"bri":303,"reactiontime":0}]' (Thread[AWT-EventQueue-0,6,main])
Hue: Not authenticated; queueing command. (Thread[AWT-EventQueue-0,6,main])
Hue: Hue.js: issueCommand(): '[{"id":7,"on":true,"hue":41752,"sat":157,"bri":207,"reactiontime":0},{"id":8,"on":true,"hue":41752,"sat":157,"bri":207,"reactiontime":0},{"id":9,"on":true,"hue":41752,"sat":157,"bri":207,"reactiontime":0}]' (Thread[AWT-EventQueue-0,6,main])
Hue: Not authenticated; queueing command. (Thread[AWT-EventQueue-0,6,main])
Hue: Hue.js: issueCommand(): '[{"id":7,"on":true,"hue":41165,"sat":150,"bri":216,"reactiontime":0},{"id":8,"on":true,"hue":41165,"sat":150,"bri":216,"reactiontime":0},{"id":9,"on":true,"hue":41165,"sat":150,"bri":216,"reactiontime":0}]' (Thread[AWT-EventQueue-0,6,main])
Hue: Not authenticated; queueing command. (Thread[AWT-EventQueue-0,6,main])
Hue: Hue.js: issueCommand(): '[{"id":7,"on":true,"hue":29334,"sat":135,"bri":223,"reactiontime":0},{"id":8,"on":true,"hue":29334,"sat":135,"bri":223,"reactiontime":0},{"id":9,"on":true,"hue":29334,"sat":135,"bri":223,"reactiontime":0}]' (Thread[AWT-EventQueue-0,6,main])
Hue: Not authenticated; queueing command. (Thread[AWT-EventQueue-0,6,main])
Hue: Hue.js: issueCommand(): '[{"id":7,"on":true,"hue":34223,"sat":116,"bri":210,"reactiontime":0},{"id":8,"on":true,"hue":34223,"sat":116,"bri":210,"reactiontime":0},{"id":9,"on":true,"hue":34223,"sat":116,"bri":210,"reactiontime":0}]' (Thread[AWT-EventQueue-0,6,main])
Hue: Not authenticated; queueing command. (Thread[AWT-EventQueue-0,6,main])
Hue: Hue.js: issueCommand(): '[{"id":7,"on":true,"hue":31974,"sat":146,"bri":179,"reactiontime":0},{"id":8,"on":true,"hue":31974,"sat":146,"bri":179,"reactiontime":0},{"id":9,"on":true,"hue":31974,"sat":146,"bri":179,"reactiontime":0}]' (Thread[AWT-EventQueue-0,6,main])
Hue: Not authenticated; queueing command. (Thread[AWT-EventQueue-0,6,main])
Hue: Hue.js: issueCommand(): '[{"id":7,"on":true,"hue":39210,"sat":115,"bri":315,"reactiontime":0},{"id":8,"on":true,"hue":39210,"sat":115,"bri":315,"reactiontime":0},{"id":9,"on":true,"hue":39210,"sat":115,"bri":315,"reactiontime":0}]' (Thread[AWT-EventQueue-0,6,main])
Hue: Not authenticated; queueing command. (Thread[AWT-EventQueue-0,6,main])
Hue: Hue.js: issueCommand(): '[{"id":7,"on":true,"hue":40872,"sat":145,"bri":58,"reactiontime":0},{"id":8,"on":true,"hue":40872,"sat":145,"bri":58,"reactiontime":0},{"id":9,"on":true,"hue":40872,"sat":145,"bri":58,"reactiontime":0}]' (Thread[AWT-EventQueue-0,6,main])
Hue: Not authenticated; queueing command. (Thread[AWT-EventQueue-0,6,main])
Hue: Hue.js: issueCommand(): '[{"id":7,"on":true,"hue":29138,"sat":136,"bri":259,"reactiontime":0},{"id":8,"on":true,"hue":29138,"sat":136,"bri":259,"reactiontime":0},{"id":9,"on":true,"hue":29138,"sat":136,"bri":259,"reactiontime":0}]' (Thread[AWT-EventQueue-0,6,main])
Hue: Not authenticated; queueing command. (Thread[AWT-EventQueue-0,6,main])
Hue: Hue.js: issueCommand(): '[{"id":7,"on":true,"hue":24249,"sat":151,"bri":166,"reactiontime":0},{"id":8,"on":true,"hue":24249,"sat":151,"bri":166,"reactiontime":0},{"id":9,"on":true,"hue":24249,"sat":151,"bri":166,"reactiontime":0}]' (Thread[AWT-EventQueue-0,6,main])
Hue: Not authenticated; queueing command. (Thread[AWT-EventQueue-0,6,main])
Hue: Hue.js: issueCommand(): '[{"id":7,"on":true,"hue":33441,"sat":176,"bri":231,"reactiontime":0},{"id":8,"on":true,"hue":33441,"sat":176,"bri":231,"reactiontime":0},{"id":9,"on":true,"hue":33441,"sat":176,"bri":231,"reactiontime":0}]' (Thread[AWT-EventQueue-0,6,main])
Hue: Not authenticated; queueing command. (Thread[AWT-EventQueue-0,6,main])
Hue: Hue.js: issueCommand(): '[{"id":7,"on":true,"hue":35592,"sat":127,"bri":314,"reactiontime":0},{"id":8,"on":true,"hue":35592,"sat":127,"bri":314,"reactiontime":0},{"id":9,"on":true,"hue":35592,"sat":127,"bri":314,"reactiontime":0}]' (Thread[AWT-EventQueue-0,6,main])
Hue: Not authenticated; queueing command. (Thread[AWT-EventQueue-0,6,main])
Hue: Hue.js: issueCommand(): '[{"id":7,"on":true,"hue":35494,"sat":133,"bri":288,"reactiontime":0},{"id":8,"on":true,"hue":35494,"sat":133,"bri":288,"reactiontime":0},{"id":9,"on":true,"hue":35494,"sat":133,"bri":288,"reactiontime":0}]' (Thread[AWT-EventQueue-0,6,main])
Hue: Not authenticated; queueing command. (Thread[AWT-EventQueue-0,6,main])
Hue: Hue.js: issueCommand(): '[{"id":7,"on":true,"hue":34810,"sat":124,"bri":210,"reactiontime":0},{"id":8,"on":true,"hue":34810,"sat":124,"bri":210,"reactiontime":0},{"id":9,"on":true,"hue":34810,"sat":124,"bri":210,"reactiontime":0}]' (Thread[AWT-EventQueue-0,6,main])
Hue: Not authenticated; queueing command. (Thread[AWT-EventQueue-0,6,main])
Hue: Hue.js: issueCommand(): '[{"id":7,"on":true,"hue":45174,"sat":126,"bri":193,"reactiontime":0},{"id":8,"on":true,"hue":45174,"sat":126,"bri":193,"reactiontime":0},{"id":9,"on":true,"hue":45174,"sat":126,"bri":193,"reactiontime":0}]' (Thread[AWT-EventQueue-0,6,main])
Hue: Not authenticated; queueing command. (Thread[AWT-EventQueue-0,6,main])
Hue: Hue.js: issueCommand(): '[{"id":7,"on":true,"hue":43219,"sat":191,"bri":137,"reactiontime":0},{"id":8,"on":true,"hue":43219,"sat":191,"bri":137,"reactiontime":0},{"id":9,"on":true,"hue":43219,"sat":191,"bri":137,"reactiontime":0}]' (Thread[AWT-EventQueue-0,6,main])
Hue: Not authenticated; queueing command. (Thread[AWT-EventQueue-0,6,main])
Hue: Hue.js: issueCommand(): '[{"id":7,"on":true,"hue":28649,"sat":121,"bri":174,"reactiontime":0},{"id":8,"on":true,"hue":28649,"sat":121,"bri":174,"reactiontime":0},{"id":9,"on":true,"hue":28649,"sat":121,"bri":174,"reactiontime":0}]' (Thread[AWT-EventQueue-0,6,main])
Hue: Not authenticated; queueing command. (Thread[AWT-EventQueue-0,6,main])
Hue: Hue.js: issueCommand(): '[{"id":7,"on":true,"hue":40188,"sat":132,"bri":212,"reactiontime":0},{"id":8,"on":true,"hue":40188,"sat":132,"bri":212,"reactiontime":0},{"id":9,"on":true,"hue":40188,"sat":132,"bri":212,"reactiontime":0}]' (Thread[AWT-EventQueue-0,6,main])
Hue: Not authenticated; queueing command. (Thread[AWT-EventQueue-0,6,main])
Hue: Hue.js: issueCommand(): '[{"id":7,"on":true,"hue":32365,"sat":109,"bri":233,"reactiontime":0},{"id":8,"on":true,"hue":32365,"sat":109,"bri":233,"reactiontime":0},{"id":9,"on":true,"hue":32365,"sat":109,"bri":233,"reactiontime":0}]' (Thread[AWT-EventQueue-0,6,main])
Hue: Not authenticated; queueing command. (Thread[AWT-EventQueue-0,6,main])
Hue: Hue.js: issueCommand(): '[{"id":7,"on":true,"hue":41068,"sat":157,"bri":121,"reactiontime":0},{"id":8,"on":true,"hue":41068,"sat":157,"bri":121,"reactiontime":0},{"id":9,"on":true,"hue":41068,"sat":157,"bri":121,"reactiontime":0}]' (Thread[AWT-EventQueue-0,6,main])
Hue: Not authenticated; queueing command. (Thread[AWT-EventQueue-0,6,main])
Hue: Hue.js: issueCommand(): '[{"id":7,"on":true,"hue":18676,"sat":148,"bri":146,"reactiontime":0},{"id":8,"on":true,"hue":18676,"sat":148,"bri":146,"reactiontime":0},{"id":9,"on":true,"hue":18676,"sat":148,"bri":146,"reactiontime":0}]' (Thread[AWT-EventQueue-0,6,main])
Hue: Not authenticated; queueing command. (Thread[AWT-EventQueue-0,6,main])
Hue: Hue.js: issueCommand(): '[{"id":7,"on":true,"hue":31290,"sat":148,"bri":220,"reactiontime":0},{"id":8,"on":true,"hue":31290,"sat":148,"bri":220,"reactiontime":0},{"id":9,"on":true,"hue":31290,"sat":148,"bri":220,"reactiontime":0}]' (Thread[AWT-EventQueue-0,6,main])
Hue: Not authenticated; queueing command. (Thread[AWT-EventQueue-0,6,main])
Hue: Hue.js: issueCommand(): '[{"id":7,"on":true,"hue":36472,"sat":130,"bri":331,"reactiontime":0},{"id":8,"on":true,"hue":36472,"sat":130,"bri":331,"reactiontime":0},{"id":9,"on":true,"hue":36472,"sat":130,"bri":331,"reactiontime":0}]' (Thread[AWT-EventQueue-0,6,main])
Hue: Not authenticated; queueing command. (Thread[AWT-EventQueue-0,6,main])
Hue: Hue.js: issueCommand(): '[{"id":7,"on":true,"hue":34712,"sat":153,"bri":298,"reactiontime":0},{"id":8,"on":true,"hue":34712,"sat":153,"bri":298,"reactiontime":0},{"id":9,"on":true,"hue":34712,"sat":153,"bri":298,"reactiontime":0}]' (Thread[AWT-EventQueue-0,6,main])
Hue: Not authenticated; queueing command. (Thread[AWT-EventQueue-0,6,main])
Hue: Hue.js: issueCommand(): '[{"id":7,"on":true,"hue":35396,"sat":126,"bri":265,"reactiontime":0},{"id":8,"on":true,"hue":35396,"sat":126,"bri":265,"reactiontime":0},{"id":9,"on":true,"hue":35396,"sat":126,"bri":265,"reactiontime":0}]' (Thread[AWT-EventQueue-0,6,main])
Hue: Not authenticated; queueing command. (Thread[AWT-EventQueue-0,6,main])
Hue: Hue.js: issueCommand(): '[{"id":7,"on":true,"hue":22783,"sat":140,"bri":226,"reactiontime":0},{"id":8,"on":true,"hue":22783,"sat":140,"bri":226,"reactiontime":0},{"id":9,"on":true,"hue":22783,"sat":140,"bri":226,"reactiontime":0}]' (Thread[AWT-EventQueue-0,6,main])
Hue: Not authenticated; queueing command. (Thread[AWT-EventQueue-0,6,main])
Hue: Hue.js: issueCommand(): '[{"id":7,"on":true,"hue":13884,"sat":120,"bri":134,"reactiontime":0},{"id":8,"on":true,"hue":13884,"sat":120,"bri":134,"reactiontime":0},{"id":9,"on":true,"hue":13884,"sat":120,"bri":134,"reactiontime":0}]' (Thread[AWT-EventQueue-0,6,main])
Hue: Not authenticated; queueing command. (Thread[AWT-EventQueue-0,6,main])
Hue: Hue.js: issueCommand(): '[{"id":7,"on":true,"hue":29823,"sat":152,"bri":194,"reactiontime":0},{"id":8,"on":true,"hue":29823,"sat":152,"bri":194,"reactiontime":0},{"id":9,"on":true,"hue":29823,"sat":152,"bri":194,"reactiontime":0}]' (Thread[AWT-EventQueue-0,6,main])
Hue: Not authenticated; queueing command. (Thread[AWT-EventQueue-0,6,main])
Hue: Hue.js: issueCommand(): '[{"id":7,"on":true,"hue":33930,"sat":123,"bri":256,"reactiontime":0},{"id":8,"on":true,"hue":33930,"sat":123,"bri":256,"reactiontime":0},{"id":9,"on":true,"hue":33930,"sat":123,"bri":256,"reactiontime":0}]' (Thread[AWT-EventQueue-0,6,main])
Hue: Not authenticated; queueing command. (Thread[AWT-EventQueue-0,6,main])
Hue: Hue.js: issueCommand(): '[{"id":7,"on":true,"hue":37352,"sat":91,"bri":128,"reactiontime":0},{"id":8,"on":true,"hue":37352,"sat":91,"bri":128,"reactiontime":0},{"id":9,"on":true,"hue":37352,"sat":91,"bri":128,"reactiontime":0}]' (Thread[AWT-EventQueue-0,6,main])
Hue: Not authenticated; queueing command. (Thread[AWT-EventQueue-0,6,main])
Hue: Hue.js: issueCommand(): '[{"id":7,"on":true,"hue":37450,"sat":153,"bri":190,"reactiontime":0},{"id":8,"on":true,"hue":37450,"sat":153,"bri":190,"reactiontime":0},{"id":9,"on":true,"hue":37450,"sat":153,"bri":190,"reactiontime":0}]' (Thread[AWT-EventQueue-0,6,main])
Hue: Not authenticated; queueing command. (Thread[AWT-EventQueue-0,6,main])
Hue: Hue.js: issueCommand(): '[{"id":7,"on":true,"hue":33832,"sat":143,"bri":291,"reactiontime":0},{"id":8,"on":true,"hue":33832,"sat":143,"bri":291,"reactiontime":0},{"id":9,"on":true,"hue":33832,"sat":143,"bri":291,"reactiontime":0}]' (Thread[AWT-EventQueue-0,6,main])
Hue: Not authenticated; queueing command. (Thread[AWT-EventQueue-0,6,main])
Hue: Hue.js: issueCommand(): '[{"id":7,"on":true,"hue":35690,"sat":134,"bri":340,"reactiontime":0},{"id":8,"on":true,"hue":35690,"sat":134,"bri":340,"reactiontime":0},{"id":9,"on":true,"hue":35690,"sat":134,"bri":340,"reactiontime":0}]' (Thread[AWT-EventQueue-0,6,main])
Hue: Not authenticated; queueing command. (Thread[AWT-EventQueue-0,6,main])
Hue: Hue.js: issueCommand(): '[{"id":7,"on":true,"hue":43023,"sat":119,"bri":200,"reactiontime":0},{"id":8,"on":true,"hue":43023,"sat":119,"bri":200,"reactiontime":0},{"id":9,"on":true,"hue":43023,"sat":119,"bri":200,"reactiontime":0}]' (Thread[AWT-EventQueue-0,6,main])
Hue: Not authenticated; queueing command. (Thread[AWT-EventQueue-0,6,main])
Hue: Hue.js: issueCommand(): '[{"id":7,"on":true,"hue":36276,"sat":161,"bri":173,"reactiontime":0},{"id":8,"on":true,"hue":36276,"sat":161,"bri":173,"reactiontime":0},{"id":9,"on":true,"hue":36276,"sat":161,"bri":173,"reactiontime":0}]' (Thread[AWT-EventQueue-0,6,main])
Hue: Not authenticated; queueing command. (Thread[AWT-EventQueue-0,6,main])
Hue: Hue.js: issueCommand(): '[{"id":7,"on":true,"hue":35592,"sat":136,"bri":351,"reactiontime":0},{"id":8,"on":true,"hue":35592,"sat":136,"bri":351,"reactiontime":0},{"id":9,"on":true,"hue":35592,"sat":136,"bri":351,"reactiontime":0}]' (Thread[AWT-EventQueue-0,6,main])
Hue: Not authenticated; queueing command. (Thread[AWT-EventQueue-0,6,main])
Hue: Hue.js: issueCommand(): '[{"id":7,"on":true,"hue":27378,"sat":148,"bri":253,"reactiontime":0},{"id":8,"on":true,"hue":27378,"sat":148,"bri":253,"reactiontime":0},{"id":9,"on":true,"hue":27378,"sat":148,"bri":253,"reactiontime":0}]' (Thread[AWT-EventQueue-0,6,main])
Hue: Not authenticated; queueing command. (Thread[AWT-EventQueue-0,6,main])
Hue: Hue.js: issueCommand(): '[{"id":7,"on":true,"hue":30801,"sat":121,"bri":318,"reactiontime":0},{"id":8,"on":true,"hue":30801,"sat":121,"bri":318,"reactiontime":0},{"id":9,"on":true,"hue":30801,"sat":121,"bri":318,"reactiontime":0}]' (Thread[AWT-EventQueue-0,6,main])
Hue: Not authenticated; queueing command. (Thread[AWT-EventQueue-0,6,main])
Hue: Hue.js: issueCommand(): '[{"id":7,"on":true,"hue":36276,"sat":177,"bri":130,"reactiontime":0},{"id":8,"on":true,"hue":36276,"sat":177,"bri":130,"reactiontime":0},{"id":9,"on":true,"hue":36276,"sat":177,"bri":130,"reactiontime":0}]' (Thread[AWT-EventQueue-0,6,main])
Hue: Not authenticated; queueing command. (Thread[AWT-EventQueue-0,6,main])
Hue: Hue.js: issueCommand(): '[{"id":7,"on":true,"hue":36081,"sat":131,"bri":232,"reactiontime":0},{"id":8,"on":true,"hue":36081,"sat":131,"bri":232,"reactiontime":0},{"id":9,"on":true,"hue":36081,"sat":131,"bri":232,"reactiontime":0}]' (Thread[AWT-EventQueue-0,6,main])
Hue: Not authenticated; queueing command. (Thread[AWT-EventQueue-0,6,main])
Hue: Hue.js: issueCommand(): '[{"id":7,"on":true,"hue":30018,"sat":184,"bri":46,"reactiontime":0},{"id":8,"on":true,"hue":30018,"sat":184,"bri":46,"reactiontime":0},{"id":9,"on":true,"hue":30018,"sat":184,"bri":46,"reactiontime":0}]' (Thread[AWT-EventQueue-0,6,main])
Hue: Not authenticated; queueing command. (Thread[AWT-EventQueue-0,6,main])
Hue: Hue.js: issueCommand(): '[{"id":7,"on":true,"hue":29921,"sat":165,"bri":191,"reactiontime":0},{"id":8,"on":true,"hue":29921,"sat":165,"bri":191,"reactiontime":0},{"id":9,"on":true,"hue":29921,"sat":165,"bri":191,"reactiontime":0}]' (Thread[AWT-EventQueue-0,6,main])
Hue: Not authenticated; queueing command. (Thread[AWT-EventQueue-0,6,main])
Hue: Hue.js: issueCommand(): '[{"id":7,"on":true,"hue":27183,"sat":165,"bri":282,"reactiontime":0},{"id":8,"on":true,"hue":27183,"sat":165,"bri":282,"reactiontime":0},{"id":9,"on":true,"hue":27183,"sat":165,"bri":282,"reactiontime":0}]' (Thread[AWT-EventQueue-0,6,main])
Hue: Not authenticated; queueing command. (Thread[AWT-EventQueue-0,6,main])
Hue: Hue.js: issueCommand(): '[{"id":7,"on":true,"hue":30409,"sat":149,"bri":269,"reactiontime":0},{"id":8,"on":true,"hue":30409,"sat":149,"bri":269,"reactiontime":0},{"id":9,"on":true,"hue":30409,"sat":149,"bri":269,"reactiontime":0}]' (Thread[AWT-EventQueue-0,6,main])
Hue: Not authenticated; queueing command. (Thread[AWT-EventQueue-0,6,main])
Hue: Hue.js: issueCommand(): '[{"id":7,"on":true,"hue":18774,"sat":189,"bri":136,"reactiontime":0},{"id":8,"on":true,"hue":18774,"sat":189,"bri":136,"reactiontime":0},{"id":9,"on":true,"hue":18774,"sat":189,"bri":136,"reactiontime":0}]' (Thread[AWT-EventQueue-0,6,main])
Hue: Not authenticated; queueing command. (Thread[AWT-EventQueue-0,6,main])
Hue: Hue.js: issueCommand(): '[{"id":7,"on":true,"hue":32756,"sat":155,"bri":183,"reactiontime":0},{"id":8,"on":true,"hue":32756,"sat":155,"bri":183,"reactiontime":0},{"id":9,"on":true,"hue":32756,"sat":155,"bri":183,"reactiontime":0}]' (Thread[AWT-EventQueue-0,6,main])
Hue: Not authenticated; queueing command. (Thread[AWT-EventQueue-0,6,main])
Hue: Hue.js: issueCommand(): '[{"id":7,"on":true,"hue":25129,"sat":119,"bri":177,"reactiontime":0},{"id":8,"on":true,"hue":25129,"sat":119,"bri":177,"reactiontime":0},{"id":9,"on":true,"hue":25129,"sat":119,"bri":177,"reactiontime":0}]' (Thread[AWT-EventQueue-0,6,main])
Hue: Not authenticated; queueing command. (Thread[AWT-EventQueue-0,6,main])
Hue: Hue.js: issueCommand(): '[{"id":7,"on":true,"hue":35787,"sat":115,"bri":186,"reactiontime":0},{"id":8,"on":true,"hue":35787,"sat":115,"bri":186,"reactiontime":0},{"id":9,"on":true,"hue":35787,"sat":115,"bri":186,"reactiontime":0}]' (Thread[AWT-EventQueue-0,6,main])
Hue: Not authenticated; queueing command. (Thread[AWT-EventQueue-0,6,main])
Hue: Hue.js: issueCommand(): '[{"id":7,"on":true,"hue":24347,"sat":170,"bri":190,"reactiontime":0},{"id":8,"on":true,"hue":24347,"sat":170,"bri":190,"reactiontime":0},{"id":9,"on":true,"hue":24347,"sat":170,"bri":190,"reactiontime":0}]' (Thread[AWT-EventQueue-0,6,main])
Hue: Not authenticated; queueing command. (Thread[AWT-EventQueue-0,6,main])
Hue: Hue.js: issueCommand(): '[{"id":7,"on":true,"hue":29138,"sat":115,"bri":135,"reactiontime":0},{"id":8,"on":true,"hue":29138,"sat":115,"bri":135,"reactiontime":0},{"id":9,"on":true,"hue":29138,"sat":115,"bri":135,"reactiontime":0}]' (Thread[AWT-EventQueue-0,6,main])
Hue: Not authenticated; queueing command. (Thread[AWT-EventQueue-0,6,main])
Hue: Hue.js: issueCommand(): '[{"id":7,"on":true,"hue":23174,"sat":164,"bri":190,"reactiontime":0},{"id":8,"on":true,"hue":23174,"sat":164,"bri":190,"reactiontime":0},{"id":9,"on":true,"hue":23174,"sat":164,"bri":190,"reactiontime":0}]' (Thread[AWT-EventQueue-0,6,main])
Hue: Not authenticated; queueing command. (Thread[AWT-EventQueue-0,6,main])
Hue: Hue.js: issueCommand(): '[{"id":7,"on":true,"hue":28161,"sat":192,"bri":209,"reactiontime":0},{"id":8,"on":true,"hue":28161,"sat":192,"bri":209,"reactiontime":0},{"id":9,"on":true,"hue":28161,"sat":192,"bri":209,"reactiontime":0}]' (Thread[AWT-EventQueue-0,6,main])
Hue: Not authenticated; queueing command. (Thread[AWT-EventQueue-0,6,main])
Hue: Hue.js: issueCommand(): '[{"id":7,"on":true,"hue":40579,"sat":192,"bri":72,"reactiontime":0},{"id":8,"on":true,"hue":40579,"sat":192,"bri":72,"reactiontime":0},{"id":9,"on":true,"hue":40579,"sat":192,"bri":72,"reactiontime":0}]' (Thread[AWT-EventQueue-0,6,main])
Hue: Not authenticated; queueing command. (Thread[AWT-EventQueue-0,6,main])
Hue: Hue.js: issueCommand(): '[{"id":7,"on":true,"hue":37548,"sat":168,"bri":258,"reactiontime":0},{"id":8,"on":true,"hue":37548,"sat":168,"bri":258,"reactiontime":0},{"id":9,"on":true,"hue":37548,"sat":168,"bri":258,"reactiontime":0}]' (Thread[AWT-EventQueue-0,6,main])
Hue: Not authenticated; queueing command. (Thread[AWT-EventQueue-0,6,main])
Hue: Hue.js: issueCommand(): '[{"id":7,"on":true,"hue":26889,"sat":163,"bri":250,"reactiontime":0},{"id":8,"on":true,"hue":26889,"sat":163,"bri":250,"reactiontime":0},{"id":9,"on":true,"hue":26889,"sat":163,"bri":250,"reactiontime":0}]' (Thread[AWT-EventQueue-0,6,main])
Hue: Not authenticated; queueing command. (Thread[AWT-EventQueue-0,6,main])
Hue: Hue.js: issueCommand(): '[{"id":7,"on":true,"hue":34516,"sat":159,"bri":215,"reactiontime":0},{"id":8,"on":true,"hue":34516,"sat":159,"bri":215,"reactiontime":0},{"id":9,"on":true,"hue":34516,"sat":159,"bri":215,"reactiontime":0}]' (Thread[AWT-EventQueue-0,6,main])
Hue: Not authenticated; queueing command. (Thread[AWT-EventQueue-0,6,main])
Hue: Hue.js: issueCommand(): '[{"id":7,"on":true,"hue":33538,"sat":174,"bri":218,"reactiontime":0},{"id":8,"on":true,"hue":33538,"sat":174,"bri":218,"reactiontime":0},{"id":9,"on":true,"hue":33538,"sat":174,"bri":218,"reactiontime":0}]' (Thread[AWT-EventQueue-0,6,main])
Hue: Not authenticated; queueing command. (Thread[AWT-EventQueue-0,6,main])
Hue: Hue.js: issueCommand(): '[{"id":7,"on":true,"hue":41459,"sat":160,"bri":176,"reactiontime":0},{"id":8,"on":true,"hue":41459,"sat":160,"bri":176,"reactiontime":0},{"id":9,"on":true,"hue":41459,"sat":160,"bri":176,"reactiontime":0}]' (Thread[AWT-EventQueue-0,6,main])
Hue: Not authenticated; queueing command. (Thread[AWT-EventQueue-0,6,main])
Hue: Hue.js: issueCommand(): '[{"id":7,"on":true,"hue":36667,"sat":165,"bri":83,"reactiontime":0},{"id":8,"on":true,"hue":36667,"sat":165,"bri":83,"reactiontime":0},{"id":9,"on":true,"hue":36667,"sat":165,"bri":83,"reactiontime":0}]' (Thread[AWT-EventQueue-0,6,main])
Hue: Not authenticated; queueing command. (Thread[AWT-EventQueue-0,6,main])
Hue: Hue.js: issueCommand(): '[{"id":7,"on":true,"hue":37548,"sat":116,"bri":194,"reactiontime":0},{"id":8,"on":true,"hue":37548,"sat":116,"bri":194,"reactiontime":0},{"id":9,"on":true,"hue":37548,"sat":116,"bri":194,"reactiontime":0}]' (Thread[AWT-EventQueue-0,6,main])
Hue: Not authenticated; queueing command. (Thread[AWT-EventQueue-0,6,main])
Hue: Hue.js: issueCommand(): '[{"id":7,"on":true,"hue":38721,"sat":163,"bri":261,"reactiontime":0},{"id":8,"on":true,"hue":38721,"sat":163,"bri":261,"reactiontime":0},{"id":9,"on":true,"hue":38721,"sat":163,"bri":261,"reactiontime":0}]' (Thread[AWT-EventQueue-0,6,main])
Hue: Not authenticated; queueing command. (Thread[AWT-EventQueue-0,6,main])
Hue: Hue.js: issueCommand(): '[{"id":7,"on":true,"hue":26792,"sat":108,"bri":175,"reactiontime":0},{"id":8,"on":true,"hue":26792,"sat":108,"bri":175,"reactiontime":0},{"id":9,"on":true,"hue":26792,"sat":108,"bri":175,"reactiontime":0}]' (Thread[AWT-EventQueue-0,6,main])
Hue: Not authenticated; queueing command. (Thread[AWT-EventQueue-0,6,main])
Hue: Hue.js: issueCommand(): '[{"id":7,"on":true,"hue":36765,"sat":96,"bri":141,"reactiontime":0},{"id":8,"on":true,"hue":36765,"sat":96,"bri":141,"reactiontime":0},{"id":9,"on":true,"hue":36765,"sat":96,"bri":141,"reactiontime":0}]' (Thread[AWT-EventQueue-0,6,main])
Hue: Not authenticated; queueing command. (Thread[AWT-EventQueue-0,6,main])
Hue: Hue.js: issueCommand(): '[{"id":7,"on":true,"hue":29236,"sat":160,"bri":215,"reactiontime":0},{"id":8,"on":true,"hue":29236,"sat":160,"bri":215,"reactiontime":0},{"id":9,"on":true,"hue":29236,"sat":160,"bri":215,"reactiontime":0}]' (Thread[AWT-EventQueue-0,6,main])
Hue: Not authenticated; queueing command. (Thread[AWT-EventQueue-0,6,main])
Hue: Hue.js: issueCommand(): '[{"id":7,"on":true,"hue":38330,"sat":141,"bri":261,"reactiontime":0},{"id":8,"on":true,"hue":38330,"sat":141,"bri":261,"reactiontime":0},{"id":9,"on":true,"hue":38330,"sat":141,"bri":261,"reactiontime":0}]' (Thread[AWT-EventQueue-0,6,main])
Hue: Not authenticated; queueing command. (Thread[AWT-EventQueue-0,6,main])
Hue: Hue.js: issueCommand(): '[{"id":7,"on":true,"hue":25814,"sat":128,"bri":189,"reactiontime":0},{"id":8,"on":true,"hue":25814,"sat":128,"bri":189,"reactiontime":0},{"id":9,"on":true,"hue":25814,"sat":128,"bri":189,"reactiontime":0}]' (Thread[AWT-EventQueue-0,6,main])
Hue: Not authenticated; queueing command. (Thread[AWT-EventQueue-0,6,main])
Hue: Hue.js: issueCommand(): '[{"id":7,"on":true,"hue":43512,"sat":112,"bri":213,"reactiontime":0},{"id":8,"on":true,"hue":43512,"sat":112,"bri":213,"reactiontime":0},{"id":9,"on":true,"hue":43512,"sat":112,"bri":213,"reactiontime":0}]' (Thread[AWT-EventQueue-0,6,main])
Hue: Not authenticated; queueing command. (Thread[AWT-EventQueue-0,6,main])
Hue: Hue.js: issueCommand(): '[{"id":7,"on":true,"hue":29432,"sat":143,"bri":284,"reactiontime":0},{"id":8,"on":true,"hue":29432,"sat":143,"bri":284,"reactiontime":0},{"id":9,"on":true,"hue":29432,"sat":143,"bri":284,"reactiontime":0}]' (Thread[AWT-EventQueue-0,6,main])
Hue: Not authenticated; queueing command. (Thread[AWT-EventQueue-0,6,main])
Hue: Hue.js: issueCommand(): '[{"id":7,"on":true,"hue":26792,"sat":92,"bri":241,"reactiontime":0},{"id":8,"on":true,"hue":26792,"sat":92,"bri":241,"reactiontime":0},{"id":9,"on":true,"hue":26792,"sat":92,"bri":241,"reactiontime":0}]' (Thread[AWT-EventQueue-0,6,main])
Hue: Not authenticated; queueing command. (Thread[AWT-EventQueue-0,6,main])
Hue: Hue.js: issueCommand(): '[{"id":7,"on":true,"hue":26987,"sat":139,"bri":264,"reactiontime":0},{"id":8,"on":true,"hue":26987,"sat":139,"bri":264,"reactiontime":0},{"id":9,"on":true,"hue":26987,"sat":139,"bri":264,"reactiontime":0}]' (Thread[AWT-EventQueue-0,6,main])
Hue: Not authenticated; queueing command. (Thread[AWT-EventQueue-0,6,main])
Hue: Hue.js: issueCommand(): '[{"id":7,"on":true,"hue":32561,"sat":138,"bri":224,"reactiontime":0},{"id":8,"on":true,"hue":32561,"sat":138,"bri":224,"reactiontime":0},{"id":9,"on":true,"hue":32561,"sat":138,"bri":224,"reactiontime":0}]' (Thread[AWT-EventQueue-0,6,main])
Hue: Not authenticated; queueing command. (Thread[AWT-EventQueue-0,6,main])
Hue: Hue.js: issueCommand(): '[{"id":7,"on":true,"hue":32365,"sat":119,"bri":359,"reactiontime":0},{"id":8,"on":true,"hue":32365,"sat":119,"bri":359,"reactiontime":0},{"id":9,"on":true,"hue":32365,"sat":119,"bri":359,"reactiontime":0}]' (Thread[AWT-EventQueue-0,6,main])
Hue: Not authenticated; queueing command. (Thread[AWT-EventQueue-0,6,main])
Hue: Hue.js: issueCommand(): '[{"id":7,"on":true,"hue":27085,"sat":157,"bri":290,"reactiontime":0},{"id":8,"on":true,"hue":27085,"sat":157,"bri":290,"reactiontime":0},{"id":9,"on":true,"hue":27085,"sat":157,"bri":290,"reactiontime":0}]' (Thread[AWT-EventQueue-0,6,main])
Hue: Not authenticated; queueing command. (Thread[AWT-EventQueue-0,6,main])
Hue: Hue.js: issueCommand(): '[{"id":7,"on":true,"hue":31192,"sat":124,"bri":234,"reactiontime":0},{"id":8,"on":true,"hue":31192,"sat":124,"bri":234,"reactiontime":0},{"id":9,"on":true,"hue":31192,"sat":124,"bri":234,"reactiontime":0}]' (Thread[AWT-EventQueue-0,6,main])
Hue: Not authenticated; queueing command. (Thread[AWT-EventQueue-0,6,main])
Hue: Hue.js: issueCommand(): '[{"id":7,"on":true,"hue":37743,"sat":139,"bri":271,"reactiontime":0},{"id":8,"on":true,"hue":37743,"sat":139,"bri":271,"reactiontime":0},{"id":9,"on":true,"hue":37743,"sat":139,"bri":271,"reactiontime":0}]' (Thread[AWT-EventQueue-0,6,main])
Hue: Not authenticated; queueing command. (Thread[AWT-EventQueue-0,6,main])
Hue: Hue.js: issueCommand(): '[{"id":7,"on":true,"hue":30507,"sat":126,"bri":345,"reactiontime":0},{"id":8,"on":true,"hue":30507,"sat":126,"bri":345,"reactiontime":0},{"id":9,"on":true,"hue":30507,"sat":126,"bri":345,"reactiontime":0}]' (Thread[AWT-EventQueue-0,6,main])
Hue: Not authenticated; queueing command. (Thread[AWT-EventQueue-0,6,main])
Hue: Hue.js: issueCommand(): '[{"id":7,"on":true,"hue":33930,"sat":132,"bri":284,"reactiontime":0},{"id":8,"on":true,"hue":33930,"sat":132,"bri":284,"reactiontime":0},{"id":9,"on":true,"hue":33930,"sat":132,"bri":284,"reactiontime":0}]' (Thread[AWT-EventQueue-0,6,main])
Hue: Not authenticated; queueing command. (Thread[AWT-EventQueue-0,6,main])
Hue: Hue.js: issueCommand(): '[{"id":7,"on":true,"hue":34027,"sat":137,"bri":161,"reactiontime":0},{"id":8,"on":true,"hue":34027,"sat":137,"bri":161,"reactiontime":0},{"id":9,"on":true,"hue":34027,"sat":137,"bri":161,"reactiontime":0}]' (Thread[AWT-EventQueue-0,6,main])
Hue: Not authenticated; queueing command. (Thread[AWT-EventQueue-0,6,main])
Hue: Hue.js: issueCommand(): '[{"id":7,"on":true,"hue":31387,"sat":154,"bri":311,"reactiontime":0},{"id":8,"on":true,"hue":31387,"sat":154,"bri":311,"reactiontime":0},{"id":9,"on":true,"hue":31387,"sat":154,"bri":311,"reactiontime":0}]' (Thread[AWT-EventQueue-0,6,main])
Hue: Not authenticated; queueing command. (Thread[AWT-EventQueue-0,6,main])
Hue: Hue.js: issueCommand(): '[{"id":7,"on":true,"hue":36961,"sat":158,"bri":207,"reactiontime":0},{"id":8,"on":true,"hue":36961,"sat":158,"bri":207,"reactiontime":0},{"id":9,"on":true,"hue":36961,"sat":158,"bri":207,"reactiontime":0}]' (Thread[AWT-EventQueue-0,6,main])
Hue: Not authenticated; queueing command. (Thread[AWT-EventQueue-0,6,main])
Hue: Hue.js: issueCommand(): '[{"id":7,"on":true,"hue":42925,"sat":125,"bri":173,"reactiontime":0},{"id":8,"on":true,"hue":42925,"sat":125,"bri":173,"reactiontime":0},{"id":9,"on":true,"hue":42925,"sat":125,"bri":173,"reactiontime":0}]' (Thread[AWT-EventQueue-0,6,main])
Hue: Not authenticated; queueing command. (Thread[AWT-EventQueue-0,6,main])
Hue: Hue.js: issueCommand(): '[{"id":7,"on":true,"hue":29236,"sat":150,"bri":256,"reactiontime":0},{"id":8,"on":true,"hue":29236,"sat":150,"bri":256,"reactiontime":0},{"id":9,"on":true,"hue":29236,"sat":150,"bri":256,"reactiontime":0}]' (Thread[AWT-EventQueue-0,6,main])
Hue: Not authenticated; queueing command. (Thread[AWT-EventQueue-0,6,main])
Hue: Hue.js: issueCommand(): '[{"id":7,"on":true,"hue":37059,"sat":140,"bri":107,"reactiontime":0},{"id":8,"on":true,"hue":37059,"sat":140,"bri":107,"reactiontime":0},{"id":9,"on":true,"hue":37059,"sat":140,"bri":107,"reactiontime":0}]' (Thread[AWT-EventQueue-0,6,main])
Hue: Not authenticated; queueing command. (Thread[AWT-EventQueue-0,6,main])
Hue: Hue.js: issueCommand(): '[{"id":7,"on":true,"hue":29725,"sat":115,"bri":247,"reactiontime":0},{"id":8,"on":true,"hue":29725,"sat":115,"bri":247,"reactiontime":0},{"id":9,"on":true,"hue":29725,"sat":115,"bri":247,"reactiontime":0}]' (Thread[AWT-EventQueue-0,6,main])
Hue: Not authenticated; queueing command. (Thread[AWT-EventQueue-0,6,main])
Hue: Hue.js: issueCommand(): '[{"id":7,"on":true,"hue":18969,"sat":130,"bri":157,"reactiontime":0},{"id":8,"on":true,"hue":18969,"sat":130,"bri":157,"reactiontime":0},{"id":9,"on":true,"hue":18969,"sat":130,"bri":157,"reactiontime":0}]' (Thread[AWT-EventQueue-0,6,main])
Hue: Not authenticated; queueing command. (Thread[AWT-EventQueue-0,6,main])
Hue: Hue.js: issueCommand(): '[{"id":7,"on":true,"hue":35690,"sat":118,"bri":241,"reactiontime":0},{"id":8,"on":true,"hue":35690,"sat":118,"bri":241,"reactiontime":0},{"id":9,"on":true,"hue":35690,"sat":118,"bri":241,"reactiontime":0}]' (Thread[AWT-EventQueue-0,6,main])
Hue: Not authenticated; queueing command. (Thread[AWT-EventQueue-0,6,main])
Hue: Hue.js: issueCommand(): '[{"id":7,"on":true,"hue":17307,"sat":61,"bri":40,"reactiontime":0},{"id":8,"on":true,"hue":17307,"sat":61,"bri":40,"reactiontime":0},{"id":9,"on":true,"hue":17307,"sat":61,"bri":40,"reactiontime":0}]' (Thread[AWT-EventQueue-0,6,main])
Hue: Not authenticated; queueing command. (Thread[AWT-EventQueue-0,6,main])
Hue: Hue.js: issueCommand(): '[{"id":7,"on":true,"hue":39210,"sat":150,"bri":219,"reactiontime":0},{"id":8,"on":true,"hue":39210,"sat":150,"bri":219,"reactiontime":0},{"id":9,"on":true,"hue":39210,"sat":150,"bri":219,"reactiontime":0}]' (Thread[AWT-EventQueue-0,6,main])
Hue: Not authenticated; queueing command. (Thread[AWT-EventQueue-0,6,main])
Hue: Hue.js: issueCommand(): '[{"id":7,"on":true,"hue":26303,"sat":130,"bri":240,"reactiontime":0},{"id":8,"on":true,"hue":26303,"sat":130,"bri":240,"reactiontime":0},{"id":9,"on":true,"hue":26303,"sat":130,"bri":240,"reactiontime":0}]' (Thread[AWT-EventQueue-0,6,main])
Hue: Not authenticated; queueing command. (Thread[AWT-EventQueue-0,6,main])
Hue: Hue.js: issueCommand(): '[{"id":7,"on":true,"hue":44392,"sat":160,"bri":152,"reactiontime":0},{"id":8,"on":true,"hue":44392,"sat":160,"bri":152,"reactiontime":0},{"id":9,"on":true,"hue":44392,"sat":160,"bri":152,"reactiontime":0}]' (Thread[AWT-EventQueue-0,6,main])
Hue: Not authenticated; queueing command. (Thread[AWT-EventQueue-0,6,main])
Hue: Hue.js: issueCommand(): '[{"id":7,"on":true,"hue":38134,"sat":151,"bri":208,"reactiontime":0},{"id":8,"on":true,"hue":38134,"sat":151,"bri":208,"reactiontime":0},{"id":9,"on":true,"hue":38134,"sat":151,"bri":208,"reactiontime":0}]' (Thread[AWT-EventQueue-0,6,main])
Hue: Not authenticated; queueing command. (Thread[AWT-EventQueue-0,6,main])
Hue: Hue.js: issueCommand(): '[{"id":7,"on":true,"hue":29334,"sat":125,"bri":269,"reactiontime":0},{"id":8,"on":true,"hue":29334,"sat":125,"bri":269,"reactiontime":0},{"id":9,"on":true,"hue":29334,"sat":125,"bri":269,"reactiontime":0}]' (Thread[AWT-EventQueue-0,6,main])
Hue: Not authenticated; queueing command. (Thread[AWT-EventQueue-0,6,main])
Hue: Hue.js: issueCommand(): '[{"id":7,"on":true,"hue":42534,"sat":106,"bri":163,"reactiontime":0},{"id":8,"on":true,"hue":42534,"sat":106,"bri":163,"reactiontime":0},{"id":9,"on":true,"hue":42534,"sat":106,"bri":163,"reactiontime":0}]' (Thread[AWT-EventQueue-0,6,main])
Hue: Not authenticated; queueing command. (Thread[AWT-EventQueue-0,6,main])
Hue: Hue.js: issueCommand(): '[{"id":7,"on":true,"hue":40872,"sat":133,"bri":297,"reactiontime":0},{"id":8,"on":true,"hue":40872,"sat":133,"bri":297,"reactiontime":0},{"id":9,"on":true,"hue":40872,"sat":133,"bri":297,"reactiontime":0}]' (Thread[AWT-EventQueue-0,6,main])
Hue: Not authenticated; queueing command. (Thread[AWT-EventQueue-0,6,main])
Hue: Hue.js: issueCommand(): '[{"id":7,"on":true,"hue":37059,"sat":125,"bri":112,"reactiontime":0},{"id":8,"on":true,"hue":37059,"sat":125,"bri":112,"reactiontime":0},{"id":9,"on":true,"hue":37059,"sat":125,"bri":112,"reactiontime":0}]' (Thread[AWT-EventQueue-0,6,main])
Hue: Not authenticated; queueing command. (Thread[AWT-EventQueue-0,6,main])
Hue: Hue.js: issueCommand(): '[{"id":7,"on":true,"hue":30898,"sat":108,"bri":22,"reactiontime":0},{"id":8,"on":true,"hue":30898,"sat":108,"bri":22,"reactiontime":0},{"id":9,"on":true,"hue":30898,"sat":108,"bri":22,"reactiontime":0}]' (Thread[AWT-EventQueue-0,6,main])
Hue: Not authenticated; queueing command. (Thread[AWT-EventQueue-0,6,main])
Hue: Hue.js: issueCommand(): '[{"id":7,"on":true,"hue":34712,"sat":139,"bri":290,"reactiontime":0},{"id":8,"on":true,"hue":34712,"sat":139,"bri":290,"reactiontime":0},{"id":9,"on":true,"hue":34712,"sat":139,"bri":290,"reactiontime":0}]' (Thread[AWT-EventQueue-0,6,main])
Hue: Not authenticated; queueing command. (Thread[AWT-EventQueue-0,6,main])
Hue: Hue.js: issueCommand(): '[{"id":7,"on":true,"hue":45174,"sat":134,"bri":182,"reactiontime":0},{"id":8,"on":true,"hue":45174,"sat":134,"bri":182,"reactiontime":0},{"id":9,"on":true,"hue":45174,"sat":134,"bri":182,"reactiontime":0}]' (Thread[AWT-EventQueue-0,6,main])
Hue: Not authenticated; queueing command. (Thread[AWT-EventQueue-0,6,main])
Hue: Hue.js: issueCommand(): '[{"id":7,"on":true,"hue":35494,"sat":124,"bri":125,"reactiontime":0},{"id":8,"on":true,"hue":35494,"sat":124,"bri":125,"reactiontime":0},{"id":9,"on":true,"hue":35494,"sat":124,"bri":125,"reactiontime":0}]' (Thread[AWT-EventQueue-0,6,main])
Hue: Not authenticated; queueing command. (Thread[AWT-EventQueue-0,6,main])
Hue: Hue.js: issueCommand(): '[{"id":7,"on":true,"hue":28845,"sat":125,"bri":177,"reactiontime":0},{"id":8,"on":true,"hue":28845,"sat":125,"bri":177,"reactiontime":0},{"id":9,"on":true,"hue":28845,"sat":125,"bri":177,"reactiontime":0}]' (Thread[AWT-EventQueue-0,6,main])
Hue: Not authenticated; queueing command. (Thread[AWT-EventQueue-0,6,main])
Hue: Hue.js: issueCommand(): '[{"id":7,"on":true,"hue":30507,"sat":167,"bri":233,"reactiontime":0},{"id":8,"on":true,"hue":30507,"sat":167,"bri":233,"reactiontime":0},{"id":9,"on":true,"hue":30507,"sat":167,"bri":233,"reactiontime":0}]' (Thread[AWT-EventQueue-0,6,main])
Hue: Not authenticated; queueing command. (Thread[AWT-EventQueue-0,6,main])
Hue: Hue.js: issueCommand(): '[{"id":7,"on":true,"hue":27476,"sat":127,"bri":234,"reactiontime":0},{"id":8,"on":true,"hue":27476,"sat":127,"bri":234,"reactiontime":0},{"id":9,"on":true,"hue":27476,"sat":127,"bri":234,"reactiontime":0}]' (Thread[AWT-EventQueue-0,6,main])
Hue: Not authenticated; queueing command. (Thread[AWT-EventQueue-0,6,main])
Hue: Hue.js: issueCommand(): '[{"id":7,"on":true,"hue":30605,"sat":131,"bri":268,"reactiontime":0},{"id":8,"on":true,"hue":30605,"sat":131,"bri":268,"reactiontime":0},{"id":9,"on":true,"hue":30605,"sat":131,"bri":268,"reactiontime":0}]' (Thread[AWT-EventQueue-0,6,main])
Hue: Not authenticated; queueing command. (Thread[AWT-EventQueue-0,6,main])
Hue: Hue.js: issueCommand(): '[{"id":7,"on":true,"hue":38428,"sat":136,"bri":150,"reactiontime":0},{"id":8,"on":true,"hue":38428,"sat":136,"bri":150,"reactiontime":0},{"id":9,"on":true,"hue":38428,"sat":136,"bri":150,"reactiontime":0}]' (Thread[AWT-EventQueue-0,6,main])
Hue: Not authenticated; queueing command. (Thread[AWT-EventQueue-0,6,main])
Hue: Hue.js: issueCommand(): '[{"id":7,"on":true,"hue":36961,"sat":131,"bri":338,"reactiontime":0},{"id":8,"on":true,"hue":36961,"sat":131,"bri":338,"reactiontime":0},{"id":9,"on":true,"hue":36961,"sat":131,"bri":338,"reactiontime":0}]' (Thread[AWT-EventQueue-0,6,main])
Hue: Not authenticated; queueing command. (Thread[AWT-EventQueue-0,6,main])
Hue: Hue.js: issueCommand(): '[{"id":7,"on":true,"hue":30996,"sat":148,"bri":253,"reactiontime":0},{"id":8,"on":true,"hue":30996,"sat":148,"bri":253,"reactiontime":0},{"id":9,"on":true,"hue":30996,"sat":148,"bri":253,"reactiontime":0}]' (Thread[AWT-EventQueue-0,6,main])
Hue: Not authenticated; queueing command. (Thread[AWT-EventQueue-0,6,main])
Hue: Hue.js: issueCommand(): '[{"id":7,"on":true,"hue":32756,"sat":104,"bri":199,"reactiontime":0},{"id":8,"on":true,"hue":32756,"sat":104,"bri":199,"reactiontime":0},{"id":9,"on":true,"hue":32756,"sat":104,"bri":199,"reactiontime":0}]' (Thread[AWT-EventQueue-0,6,main])
Hue: Not authenticated; queueing command. (Thread[AWT-EventQueue-0,6,main])
Hue: Hue.js: issueCommand(): '[{"id":7,"on":true,"hue":24543,"sat":132,"bri":249,"reactiontime":0},{"id":8,"on":true,"hue":24543,"sat":132,"bri":249,"reactiontime":0},{"id":9,"on":true,"hue":24543,"sat":132,"bri":249,"reactiontime":0}]' (Thread[AWT-EventQueue-0,6,main])
Hue: Not authenticated; queueing command. (Thread[AWT-EventQueue-0,6,main])
Hue: Hue.js: issueCommand(): '[{"id":7,"on":true,"hue":39405,"sat":156,"bri":164,"reactiontime":0},{"id":8,"on":true,"hue":39405,"sat":156,"bri":164,"reactiontime":0},{"id":9,"on":true,"hue":39405,"sat":156,"bri":164,"reactiontime":0}]' (Thread[AWT-EventQueue-0,6,main])
Hue: Not authenticated; queueing command. (Thread[AWT-EventQueue-0,6,main])
Hue: Hue.js: issueCommand(): '[{"id":7,"on":true,"hue":32072,"sat":79,"bri":183,"reactiontime":0},{"id":8,"on":true,"hue":32072,"sat":79,"bri":183,"reactiontime":0},{"id":9,"on":true,"hue":32072,"sat":79,"bri":183,"reactiontime":0}]' (Thread[AWT-EventQueue-0,6,main])
Hue: Not authenticated; queueing command. (Thread[AWT-EventQueue-0,6,main])
Hue: Hue.js: issueCommand(): '[{"id":7,"on":true,"hue":28161,"sat":140,"bri":299,"reactiontime":0},{"id":8,"on":true,"hue":28161,"sat":140,"bri":299,"reactiontime":0},{"id":9,"on":true,"hue":28161,"sat":140,"bri":299,"reactiontime":0}]' (Thread[AWT-EventQueue-0,6,main])
Hue: Not authenticated; queueing command. (Thread[AWT-EventQueue-0,6,main])
Hue: Hue.js: issueCommand(): '[{"id":7,"on":true,"hue":25912,"sat":121,"bri":245,"reactiontime":0},{"id":8,"on":true,"hue":25912,"sat":121,"bri":245,"reactiontime":0},{"id":9,"on":true,"hue":25912,"sat":121,"bri":245,"reactiontime":0}]' (Thread[AWT-EventQueue-0,6,main])
Hue: Not authenticated; queueing command. (Thread[AWT-EventQueue-0,6,main])
Hue: Hue.js: issueCommand(): '[{"id":7,"on":true,"hue":29725,"sat":132,"bri":320,"reactiontime":0},{"id":8,"on":true,"hue":29725,"sat":132,"bri":320,"reactiontime":0},{"id":9,"on":true,"hue":29725,"sat":132,"bri":320,"reactiontime":0}]' (Thread[AWT-EventQueue-0,6,main])
Hue: Not authenticated; queueing command. (Thread[AWT-EventQueue-0,6,main])
Hue: Hue.js: issueCommand(): '[{"id":7,"on":true,"hue":31387,"sat":120,"bri":233,"reactiontime":0},{"id":8,"on":true,"hue":31387,"sat":120,"bri":233,"reactiontime":0},{"id":9,"on":true,"hue":31387,"sat":120,"bri":233,"reactiontime":0}]' (Thread[AWT-EventQueue-0,6,main])
Hue: Not authenticated; queueing command. (Thread[AWT-EventQueue-0,6,main])
Hue: Hue.js: issueCommand(): '[{"id":7,"on":true,"hue":36276,"sat":143,"bri":231,"reactiontime":0},{"id":8,"on":true,"hue":36276,"sat":143,"bri":231,"reactiontime":0},{"id":9,"on":true,"hue":36276,"sat":143,"bri":231,"reactiontime":0}]' (Thread[AWT-EventQueue-0,6,main])
Hue: Not authenticated; queueing command. (Thread[AWT-EventQueue-0,6,main])
Hue: Hue.js: issueCommand(): '[{"id":7,"on":true,"hue":31681,"sat":175,"bri":170,"reactiontime":0},{"id":8,"on":true,"hue":31681,"sat":175,"bri":170,"reactiontime":0},{"id":9,"on":true,"hue":31681,"sat":175,"bri":170,"reactiontime":0}]' (Thread[AWT-EventQueue-0,6,main])
Hue: Not authenticated; queueing command. (Thread[AWT-EventQueue-0,6,main])
ExportHTMLTimer went off after 30000 ms., calling getDirector().finish and getDirector().stopFire()
30086 ms. Memory: 2217472K Free: 613397K (28%)
Exported /home/travis/build/icyphy/ptII/org/terraswarm/accessor/demo/Hue/MotionLights/index.html
37089 ms. Memory: 2217472K Free: 570779K (26%)
####### 77 Fri Jun 01 01:49:34 UTC 2018 $PTII/bin/ptinvoke ptolemy.vergil.basic.export.ExportModel -force htm -run -openComposites -timeOut 30000 -whiteBackground org/terraswarm/accessor/demo/Hue/OccupancyLights.xml $PTII/org/terraswarm/accessor/demo/Hue/OccupancyLights
Running .OccupancyLights
Hue2: Attempting to connect to: http://10.0.0.235/api/ZAjh9AYL6s795RlqgaW0CzupRXrdpSQIqfyOnVyk/lights/ (Thread[AWT-EventQueue-0,6,main])
Hue2: Making an HTTP request. (Thread[AWT-EventQueue-0,6,main])
Hue2: Hue.js: issueCommand(): '[{"id":"2","on":false}]' (Thread[AWT-EventQueue-0,6,main])
Hue2: Not authenticated; queueing command. (Thread[AWT-EventQueue-0,6,main])
Hue2: Hue.js: issueCommand(): '[{"id":"2","on":false}]' (Thread[AWT-EventQueue-0,6,main])
Hue2: Not authenticated; queueing command. (Thread[AWT-EventQueue-0,6,main])
Hue2: Hue.js: issueCommand(): '[{"id":"2","on":false}]' (Thread[AWT-EventQueue-0,6,main])
Hue2: Not authenticated; queueing command. (Thread[AWT-EventQueue-0,6,main])
Hue2: Hue.js: issueCommand(): '[{"id":"2","on":false}]' (Thread[AWT-EventQueue-0,6,main])
Hue2: Not authenticated; queueing command. (Thread[AWT-EventQueue-0,6,main])
Hue2: Hue.js: issueCommand(): '[{"id":"2","on":false}]' (Thread[AWT-EventQueue-0,6,main])
Hue2: Not authenticated; queueing command. (Thread[AWT-EventQueue-0,6,main])
Hue2: Hue.js: issueCommand(): '[{"id":"2","on":false}]' (Thread[AWT-EventQueue-0,6,main])
Hue2: Not authenticated; queueing command. (Thread[AWT-EventQueue-0,6,main])
Hue2: Hue.js: issueCommand(): '[{"id":"2","on":false}]' (Thread[AWT-EventQueue-0,6,main])
Hue2: Not authenticated; queueing command. (Thread[AWT-EventQueue-0,6,main])
ExportHTMLTimer went off after 30000 ms., calling getDirector().finish and getDirector().stopFire()
ExportHTMLTimer went off after 60000 ms., calling manager.stop().
60104 ms. Memory: 2388992K Free: 1270386K (53%)
Exported /home/travis/build/icyphy/ptII/org/terraswarm/accessor/demo/Hue/OccupancyLights/index.html
67936 ms. Memory: 2388992K Free: 1237878K (52%)
####### 78 Fri Jun 01 01:50:42 UTC 2018 $PTII/bin/ptinvoke ptolemy.vergil.basic.export.ExportModel -force htm -run -openComposites -timeOut 30000 -whiteBackground org/terraswarm/accessor/demo/Lifx/Lifx.xml $PTII/org/terraswarm/accessor/demo/Lifx/Lifx
Running .Lifx
Lifx: Start discovery: Broadcast at 255.255.255.255:56700... undefined (Thread[vert.x-eventloop-thread-2,6,main])
Lifx: Start discovery: Broadcast at 255.255.255.255:56700... undefined (Thread[vert.x-eventloop-thread-2,6,main])
Lifx: Start discovery: Broadcast at 255.255.255.255:56700... undefined (Thread[vert.x-eventloop-thread-2,6,main])
Lifx: Start discovery: Broadcast at 255.255.255.255:56700... undefined (Thread[vert.x-eventloop-thread-2,6,main])
19923 ms. Memory: 2408448K Free: 594368K (25%)
Exported /home/travis/build/icyphy/ptII/org/terraswarm/accessor/demo/Lifx/Lifx/index.html
28134 ms. Memory: 2408448K Free: 547430K (23%)
####### 79 Fri Jun 01 01:51:10 UTC 2018 $PTII/bin/ptinvoke ptolemy.vergil.basic.export.ExportModel -force htm -run -openComposites -timeOut 30000 -whiteBackground org/terraswarm/accessor/demo/NaturalLanguage/NaturalLanguage.xml $PTII/org/terraswarm/accessor/demo/NaturalLanguage/NaturalLanguage
Running .NaturalLanguage
NaturalLanguage: Making an HTTP request. (Thread[AWT-EventQueue-0,6,main])
NaturalLanguage: Making an HTTP request. (Thread[AWT-EventQueue-0,6,main])
NaturalLanguage: Making an HTTP request. (Thread[AWT-EventQueue-0,6,main])
12485 ms. Memory: 2382848K Free: 909950K (38%)
Exported /home/travis/build/icyphy/ptII/org/terraswarm/accessor/demo/NaturalLanguage/NaturalLanguage/index.html
20370 ms. Memory: 2382848K Free: 875951K (37%)
####### 80 Fri Jun 01 01:51:30 UTC 2018 $PTII/bin/ptinvoke ptolemy.vergil.basic.export.ExportModel -force htm -run -openComposites -timeOut 30000 -whiteBackground org/terraswarm/accessor/demo/Scarab/Scarab.xml $PTII/org/terraswarm/accessor/demo/Scarab/Scarab
Running .Scarab
Scarab: Connection failed. Will try again: connection timed out: /192.168.0.111:9090 (Thread[vert.x-eventloop-thread-2,6,main])
Scarab: Connection failed. Will try again: connection timed out: /192.168.0.111:9090 (Thread[vert.x-eventloop-thread-2,6,main])
Scarab: Connection failed. Will try again: connection timed out: /192.168.0.111:9090 (Thread[vert.x-eventloop-thread-2,6,main])
Scarab: Connection failed. Will try again: connection timed out: /192.168.0.111:9090 (Thread[vert.x-eventloop-thread-2,6,main])
Scarab: Connection failed. Will try again: connection timed out: /192.168.0.111:9090 (Thread[vert.x-eventloop-thread-2,6,main])
Scarab: Connection failed. Will try again: connection timed out: /192.168.0.111:9090 (Thread[vert.x-eventloop-thread-2,6,main])
Scarab: Connection failed. Will try again: connection timed out: /192.168.0.111:9090 (Thread[vert.x-eventloop-thread-2,6,main])
Scarab: Connection failed. Will try again: connection timed out: /192.168.0.111:9090 (Thread[vert.x-eventloop-thread-2,6,main])
Scarab: Connection failed. Will try again: connection timed out: /192.168.0.111:9090 (Thread[vert.x-eventloop-thread-2,6,main])
Scarab: Connection failed. Will try again: connection timed out: /192.168.0.111:9090 (Thread[vert.x-eventloop-thread-2,6,main])
Scarab: Connection failed. Will try again: connection timed out: /192.168.0.111:9090 (Thread[vert.x-eventloop-thread-2,6,main])
Scarab: Connection failed. Will try again: connection timed out: /192.168.0.111:9090 (Thread[vert.x-eventloop-thread-2,6,main])
Scarab: Sending over socket: {"op":"publish","topic":"/scarab/lucy/cmd_vel","msg":{"angular":{"x":0,"y":0,"z":0},"linear":{"x":0,"y":0,"z":0}}} (Thread[AWT-EventQueue-0,6,main])
Scarab: Sending over socket: {"op":"publish","topic":"/scarab/lucy/cmd_vel","msg":{"angular":{"x":0,"y":0,"z":1.45989990234375},"linear":{"x":0,"y":0,"z":0}}} (Thread[AWT-EventQueue-0,6,main])
Scarab: Sending over socket: {"op":"publish","topic":"/scarab/lucy/cmd_vel","msg":{"angular":{"x":0,"y":0,"z":1.4396575927734374},"linear":{"x":0,"y":0,"z":0}}} (Thread[AWT-EventQueue-0,6,main])
Scarab: Sending over socket: {"op":"publish","topic":"/scarab/lucy/cmd_vel","msg":{"angular":{"x":0,"y":0,"z":-3.7740004475911464},"linear":{"x":0,"y":0,"z":0}}} (Thread[AWT-EventQueue-0,6,main])
Scarab: Sending over socket: {"op":"publish","topic":"/scarab/lucy/cmd_vel","msg":{"angular":{"x":0,"y":0,"z":-1.74509765625},"linear":{"x":0,"y":0,"z":0}}} (Thread[AWT-EventQueue-0,6,main])
Scarab: Sending over socket: {"op":"publish","topic":"/scarab/lucy/cmd_vel","msg":{"angular":{"x":0,"y":0,"z":0.09761962890625},"linear":{"x":0,"y":0,"z":0}}} (Thread[AWT-EventQueue-0,6,main])
Scarab: Sending over socket: {"op":"publish","topic":"/scarab/lucy/cmd_vel","msg":{"angular":{"x":0,"y":0,"z":1.7650164794921879},"linear":{"x":0,"y":0,"z":0}}} (Thread[AWT-EventQueue-0,6,main])
Scarab: Sending over socket: {"op":"publish","topic":"/scarab/lucy/cmd_vel","msg":{"angular":{"x":0,"y":0,"z":1.3671732584635419},"linear":{"x":0,"y":0,"z":0}}} (Thread[AWT-EventQueue-0,6,main])
Scarab: Sending over socket: {"op":"publish","topic":"/scarab/lucy/cmd_vel","msg":{"angular":{"x":0,"y":0,"z":2.531015625},"linear":{"x":0,"y":0,"z":0}}} (Thread[AWT-EventQueue-0,6,main])
Scarab: Sending over socket: {"op":"publish","topic":"/scarab/lucy/cmd_vel","msg":{"angular":{"x":0,"y":0,"z":1.335032958984375},"linear":{"x":0,"y":0,"z":0}}} (Thread[AWT-EventQueue-0,6,main])
Scarab: Sending over socket: {"op":"publish","topic":"/scarab/lucy/cmd_vel","msg":{"angular":{"x":0,"y":0,"z":0.5033825683593751},"linear":{"x":0,"y":0,"z":0}}} (Thread[AWT-EventQueue-0,6,main])
Scarab: Sending over socket: {"op":"publish","topic":"/scarab/lucy/cmd_vel","msg":{"angular":{"x":0,"y":0,"z":-0.38580729166666666},"linear":{"x":0,"y":0,"z":0}}} (Thread[AWT-EventQueue-0,6,main])
Scarab: Sending over socket: {"op":"publish","topic":"/scarab/lucy/cmd_vel","msg":{"angular":{"x":0,"y":0,"z":2.0091412353515627},"linear":{"x":0,"y":0,"z":0}}} (Thread[AWT-EventQueue-0,6,main])
Scarab: Sending over socket: {"op":"publish","topic":"/scarab/lucy/cmd_vel","msg":{"angular":{"x":0,"y":0,"z":0.7046614583333334},"linear":{"x":0,"y":0,"z":0}}} (Thread[AWT-EventQueue-0,6,main])
Scarab: Sending over socket: {"op":"publish","topic":"/scarab/lucy/cmd_vel","msg":{"angular":{"x":0,"y":0,"z":-2.0803306070963545},"linear":{"x":0,"y":0,"z":0}}} (Thread[AWT-EventQueue-0,6,main])
Scarab: Sending over socket: {"op":"publish","topic":"/scarab/lucy/cmd_vel","msg":{"angular":{"x":0,"y":0,"z":-0.5606931559244792},"linear":{"x":0,"y":0,"z":0}}} (Thread[AWT-EventQueue-0,6,main])
Scarab: Sending over socket: {"op":"publish","topic":"/scarab/lucy/cmd_vel","msg":{"angular":{"x":0,"y":0,"z":-0.45759195963541666},"linear":{"x":0,"y":0,"z":0}}} (Thread[AWT-EventQueue-0,6,main])
Scarab: Sending over socket: {"op":"publish","topic":"/scarab/lucy/cmd_vel","msg":{"angular":{"x":0,"y":0,"z":-0.13429768880208334},"linear":{"x":0,"y":0,"z":0}}} (Thread[AWT-EventQueue-0,6,main])
Scarab: Sending over socket: {"op":"publish","topic":"/scarab/lucy/cmd_vel","msg":{"angular":{"x":0,"y":0,"z":-0.46932942708333336},"linear":{"x":0,"y":0,"z":0}}} (Thread[AWT-EventQueue-0,6,main])
Scarab: Sending over socket: {"op":"publish","topic":"/scarab/lucy/cmd_vel","msg":{"angular":{"x":0,"y":0,"z":1.5915222167968752},"linear":{"x":0,"y":0,"z":0}}} (Thread[AWT-EventQueue-0,6,main])
Scarab: Sending over socket: {"op":"publish","topic":"/scarab/lucy/cmd_vel","msg":{"angular":{"x":0,"y":0,"z":1.5406408691406253},"linear":{"x":0,"y":0,"z":0}}} (Thread[AWT-EventQueue-0,6,main])
Scarab: Sending over socket: {"op":"publish","topic":"/scarab/lucy/cmd_vel","msg":{"angular":{"x":0,"y":0,"z":-2.3594283040364585},"linear":{"x":0,"y":0,"z":0}}} (Thread[AWT-EventQueue-0,6,main])
Scarab: Connection failed. Will try again: connection timed out: /192.168.0.111:9090 (Thread[vert.x-eventloop-thread-2,6,main])
Scarab: Connection failed. Will try again: connection timed out: /192.168.0.111:9090 (Thread[vert.x-eventloop-thread-2,6,main])
Scarab: Connection failed. Will try again: connection timed out: /192.168.0.111:9090 (Thread[vert.x-eventloop-thread-2,6,main])
Scarab: Connection failed. Will try again: connection timed out: /192.168.0.111:9090 (Thread[vert.x-eventloop-thread-2,6,main])
Scarab: Connection failed. Will try again: connection timed out: /192.168.0.111:9090 (Thread[vert.x-eventloop-thread-2,6,main])
Scarab: Connection failed. Will try again: connection timed out: /192.168.0.111:9090 (Thread[vert.x-eventloop-thread-2,6,main])
Scarab: Sending over socket: {"op":"publish","topic":"/scarab/lucy/cmd_vel","msg":{"angular":{"x":0,"y":0,"z":-0.7020475260416668},"linear":{"x":0,"y":0,"z":0}}} (Thread[AWT-EventQueue-0,6,main])
Scarab: Sending over socket: {"op":"publish","topic":"/scarab/lucy/cmd_vel","msg":{"angular":{"x":0,"y":0,"z":2.221520182291667},"linear":{"x":0,"y":0,"z":0}}} (Thread[AWT-EventQueue-0,6,main])
Scarab: Sending over socket: {"op":"publish","topic":"/scarab/lucy/cmd_vel","msg":{"angular":{"x":0,"y":0,"z":0.75208740234375},"linear":{"x":0,"y":0,"z":0}}} (Thread[AWT-EventQueue-0,6,main])
Scarab: Sending over socket: {"op":"publish","topic":"/scarab/lucy/cmd_vel","msg":{"angular":{"x":0,"y":0,"z":1.1296785481770835},"linear":{"x":0,"y":0,"z":0}}} (Thread[AWT-EventQueue-0,6,main])
Scarab: Sending over socket: {"op":"publish","topic":"/scarab/lucy/cmd_vel","msg":{"angular":{"x":0,"y":0,"z":2.1000014241536458},"linear":{"x":0,"y":0,"z":0}}} (Thread[AWT-EventQueue-0,6,main])
Scarab: Sending over socket: {"op":"publish","topic":"/scarab/lucy/cmd_vel","msg":{"angular":{"x":0,"y":0,"z":1.3489910888671877},"linear":{"x":0,"y":0,"z":0}}} (Thread[AWT-EventQueue-0,6,main])
Scarab: Sending over socket: {"op":"publish","topic":"/scarab/lucy/cmd_vel","msg":{"angular":{"x":0,"y":0,"z":0.656531982421875},"linear":{"x":0,"y":0,"z":0}}} (Thread[AWT-EventQueue-0,6,main])
Scarab: Sending over socket: {"op":"publish","topic":"/scarab/lucy/cmd_vel","msg":{"angular":{"x":0,"y":0,"z":1.6566111246744792},"linear":{"x":0,"y":0,"z":0}}} (Thread[AWT-EventQueue-0,6,main])
Scarab: Sending over socket: {"op":"publish","topic":"/scarab/lucy/cmd_vel","msg":{"angular":{"x":0,"y":0,"z":3.023372802734375},"linear":{"x":0,"y":0,"z":0}}} (Thread[AWT-EventQueue-0,6,main])
Scarab: Sending over socket: {"op":"publish","topic":"/scarab/lucy/cmd_vel","msg":{"angular":{"x":0,"y":0,"z":3.165364583333334},"linear":{"x":0,"y":0,"z":0}}} (Thread[AWT-EventQueue-0,6,main])
Scarab: Sending over socket: {"op":"publish","topic":"/scarab/lucy/cmd_vel","msg":{"angular":{"x":0,"y":0,"z":0.9729718017578126},"linear":{"x":0,"y":0,"z":0}}} (Thread[AWT-EventQueue-0,6,main])
Scarab: Sending over socket: {"op":"publish","topic":"/scarab/lucy/cmd_vel","msg":{"angular":{"x":0,"y":0,"z":3.185947062174479},"linear":{"x":0,"y":0,"z":0}}} (Thread[AWT-EventQueue-0,6,main])
Scarab: Sending over socket: {"op":"publish","topic":"/scarab/lucy/cmd_vel","msg":{"angular":{"x":0,"y":0,"z":-0.025336710611979167},"linear":{"x":0,"y":0,"z":0}}} (Thread[AWT-EventQueue-0,6,main])
Scarab: Sending over socket: {"op":"publish","topic":"/scarab/lucy/cmd_vel","msg":{"angular":{"x":0,"y":0,"z":3.39052734375},"linear":{"x":0,"y":0,"z":0}}} (Thread[AWT-EventQueue-0,6,main])
Scarab: Connection failed. Will try again: connection timed out: /192.168.0.111:9090 (Thread[vert.x-eventloop-thread-2,6,main])
Scarab: Connection failed. Will try again: connection timed out: /192.168.0.111:9090 (Thread[vert.x-eventloop-thread-2,6,main])
Scarab: Connection failed. Will try again: connection timed out: /192.168.0.111:9090 (Thread[vert.x-eventloop-thread-2,6,main])
Scarab: Sending over socket: {"op":"publish","topic":"/scarab/lucy/cmd_vel","msg":{"angular":{"x":0,"y":0,"z":-0.9996630859375001},"linear":{"x":0,"y":0,"z":0}}} (Thread[AWT-EventQueue-0,6,main])
Scarab: Connection failed. Will try again: connection timed out: /192.168.0.111:9090 (Thread[vert.x-eventloop-thread-2,6,main])
Scarab: Connection failed. Will try again: connection timed out: /192.168.0.111:9090 (Thread[vert.x-eventloop-thread-2,6,main])
Scarab: Connection failed. Will try again: connection timed out: /192.168.0.111:9090 (Thread[vert.x-eventloop-thread-2,6,main])
Scarab: Sending over socket: {"op":"publish","topic":"/scarab/lucy/cmd_vel","msg":{"angular":{"x":0,"y":0,"z":-1.6004882812500003},"linear":{"x":0,"y":0,"z":0}}} (Thread[AWT-EventQueue-0,6,main])
Scarab: Sending over socket: {"op":"publish","topic":"/scarab/lucy/cmd_vel","msg":{"angular":{"x":0,"y":0,"z":0.6368204752604167},"linear":{"x":0,"y":0,"z":0}}} (Thread[AWT-EventQueue-0,6,main])
Scarab: Sending over socket: {"op":"publish","topic":"/scarab/lucy/cmd_vel","msg":{"angular":{"x":0,"y":0,"z":1.90666015625},"linear":{"x":0,"y":0,"z":0}}} (Thread[AWT-EventQueue-0,6,main])
Scarab: Sending over socket: {"op":"publish","topic":"/scarab/lucy/cmd_vel","msg":{"angular":{"x":0,"y":0,"z":-1.3313242594401042},"linear":{"x":0,"y":0,"z":0}}} (Thread[AWT-EventQueue-0,6,main])
Scarab: Sending over socket: {"op":"publish","topic":"/scarab/lucy/cmd_vel","msg":{"angular":{"x":0,"y":0,"z":-1.6557824707031252},"linear":{"x":0,"y":0,"z":0}}} (Thread[AWT-EventQueue-0,6,main])
Scarab: Sending over socket: {"op":"publish","topic":"/scarab/lucy/cmd_vel","msg":{"angular":{"x":0,"y":0,"z":-1.267633056640625},"linear":{"x":0,"y":0,"z":0}}} (Thread[AWT-EventQueue-0,6,main])
Scarab: Sending over socket: {"op":"publish","topic":"/scarab/lucy/cmd_vel","msg":{"angular":{"x":0,"y":0,"z":0.3951171875},"linear":{"x":0,"y":0,"z":0}}} (Thread[AWT-EventQueue-0,6,main])
Scarab: Sending over socket: {"op":"publish","topic":"/scarab/lucy/cmd_vel","msg":{"angular":{"x":0,"y":0,"z":-0.3851806640625},"linear":{"x":0,"y":0,"z":0}}} (Thread[AWT-EventQueue-0,6,main])
Scarab: Sending over socket: {"op":"publish","topic":"/scarab/lucy/cmd_vel","msg":{"angular":{"x":0,"y":0,"z":-0.111636962890625},"linear":{"x":0,"y":0,"z":0}}} (Thread[AWT-EventQueue-0,6,main])
Scarab: Sending over socket: {"op":"publish","topic":"/scarab/lucy/cmd_vel","msg":{"angular":{"x":0,"y":0,"z":-0.25493896484375},"linear":{"x":0,"y":0,"z":0}}} (Thread[AWT-EventQueue-0,6,main])
Scarab: Sending over socket: {"op":"publish","topic":"/scarab/lucy/cmd_vel","msg":{"angular":{"x":0,"y":0,"z":-1.855126953125},"linear":{"x":0,"y":0,"z":0}}} (Thread[AWT-EventQueue-0,6,main])
Scarab: Sending over socket: {"op":"publish","topic":"/scarab/lucy/cmd_vel","msg":{"angular":{"x":0,"y":0,"z":-1.779331461588542},"linear":{"x":0,"y":0,"z":0}}} (Thread[AWT-EventQueue-0,6,main])
Scarab: Sending over socket: {"op":"publish","topic":"/scarab/lucy/cmd_vel","msg":{"angular":{"x":0,"y":0,"z":-0.06163167317708333},"linear":{"x":0,"y":0,"z":0}}} (Thread[AWT-EventQueue-0,6,main])
Scarab: Sending over socket: {"op":"publish","topic":"/scarab/lucy/cmd_vel","msg":{"angular":{"x":0,"y":0,"z":0.31923421223958337},"linear":{"x":0,"y":0,"z":0}}} (Thread[AWT-EventQueue-0,6,main])
Scarab: Connection failed. Will try again: connection timed out: /192.168.0.111:9090 (Thread[vert.x-eventloop-thread-2,6,main])
Scarab: Connection failed. Will try again: connection timed out: /192.168.0.111:9090 (Thread[vert.x-eventloop-thread-2,6,main])
Scarab: Connection failed. Will try again: connection timed out: /192.168.0.111:9090 (Thread[vert.x-eventloop-thread-2,6,main])
Scarab: Connection failed. Will try again: connection timed out: /192.168.0.111:9090 (Thread[vert.x-eventloop-thread-2,6,main])
Scarab: Connection failed. Will try again: connection timed out: /192.168.0.111:9090 (Thread[vert.x-eventloop-thread-2,6,main])
Scarab: Connection failed. Will try again: connection timed out: /192.168.0.111:9090 (Thread[vert.x-eventloop-thread-2,6,main])
Scarab: Sending over socket: {"op":"publish","topic":"/scarab/lucy/cmd_vel","msg":{"angular":{"x":0,"y":0,"z":1.6006601969401042},"linear":{"x":0,"y":0,"z":0}}} (Thread[AWT-EventQueue-0,6,main])
Scarab: Sending over socket: {"op":"publish","topic":"/scarab/lucy/cmd_vel","msg":{"angular":{"x":0,"y":0,"z":1.00615234375},"linear":{"x":0,"y":0,"z":0}}} (Thread[AWT-EventQueue-0,6,main])
Scarab: Sending over socket: {"op":"publish","topic":"/scarab/lucy/cmd_vel","msg":{"angular":{"x":0,"y":0,"z":0.2904899088541667},"linear":{"x":0,"y":0,"z":0}}} (Thread[AWT-EventQueue-0,6,main])
Scarab: Sending over socket: {"op":"publish","topic":"/scarab/lucy/cmd_vel","msg":{"angular":{"x":0,"y":0,"z":0.3927065022786458},"linear":{"x":0,"y":0,"z":0}}} (Thread[AWT-EventQueue-0,6,main])
Scarab: Sending over socket: {"op":"publish","topic":"/scarab/lucy/cmd_vel","msg":{"angular":{"x":0,"y":0,"z":-0.9218330891927085},"linear":{"x":0,"y":0,"z":0}}} (Thread[AWT-EventQueue-0,6,main])
Scarab: Sending over socket: {"op":"publish","topic":"/scarab/lucy/cmd_vel","msg":{"angular":{"x":0,"y":0,"z":-0.83460205078125},"linear":{"x":0,"y":0,"z":0}}} (Thread[AWT-EventQueue-0,6,main])
Scarab: Sending over socket: {"op":"publish","topic":"/scarab/lucy/cmd_vel","msg":{"angular":{"x":0,"y":0,"z":-0.2705436197916667},"linear":{"x":0,"y":0,"z":0}}} (Thread[AWT-EventQueue-0,6,main])
Scarab: Sending over socket: {"op":"publish","topic":"/scarab/lucy/cmd_vel","msg":{"angular":{"x":0,"y":0,"z":-0.1530649820963542},"linear":{"x":0,"y":0,"z":0}}} (Thread[AWT-EventQueue-0,6,main])
Scarab: Sending over socket: {"op":"publish","topic":"/scarab/lucy/cmd_vel","msg":{"angular":{"x":0,"y":0,"z":0.6958866373697917},"linear":{"x":0,"y":0,"z":0}}} (Thread[AWT-EventQueue-0,6,main])
Scarab: Sending over socket: {"op":"publish","topic":"/scarab/lucy/cmd_vel","msg":{"angular":{"x":0,"y":0,"z":-1.073419189453125},"linear":{"x":0,"y":0,"z":0}}} (Thread[AWT-EventQueue-0,6,main])
Scarab: Sending over socket: {"op":"publish","topic":"/scarab/lucy/cmd_vel","msg":{"angular":{"x":0,"y":0,"z":-2.3010931396484375},"linear":{"x":0,"y":0,"z":0}}} (Thread[AWT-EventQueue-0,6,main])
Scarab: Sending over socket: {"op":"publish","topic":"/scarab/lucy/cmd_vel","msg":{"angular":{"x":0,"y":0,"z":-1.8303131103515624},"linear":{"x":0,"y":0,"z":0}}} (Thread[AWT-EventQueue-0,6,main])
Scarab: Sending over socket: {"op":"publish","topic":"/scarab/lucy/cmd_vel","msg":{"angular":{"x":0,"y":0,"z":0.050104980468750004},"linear":{"x":0,"y":0,"z":0}}} (Thread[AWT-EventQueue-0,6,main])
Scarab: Sending over socket: {"op":"publish","topic":"/scarab/lucy/cmd_vel","msg":{"angular":{"x":0,"y":0,"z":3.190568033854167},"linear":{"x":0,"y":0,"z":0}}} (Thread[AWT-EventQueue-0,6,main])
Scarab: Sending over socket: {"op":"publish","topic":"/scarab/lucy/cmd_vel","msg":{"angular":{"x":0,"y":0,"z":0.5912687174479166},"linear":{"x":0,"y":0,"z":0}}} (Thread[AWT-EventQueue-0,6,main])
Scarab: Connection failed. Will try again: connection timed out: /192.168.0.111:9090 (Thread[vert.x-eventloop-thread-2,6,main])
Scarab: Connection failed. Will try again: connection timed out: /192.168.0.111:9090 (Thread[vert.x-eventloop-thread-2,6,main])
Scarab: Connection failed. Will try again: connection timed out: /192.168.0.111:9090 (Thread[vert.x-eventloop-thread-2,6,main])
Scarab: Connection failed. Will try again: connection timed out: /192.168.0.111:9090 (Thread[vert.x-eventloop-thread-2,6,main])
Scarab: Connection failed. Will try again: connection timed out: /192.168.0.111:9090 (Thread[vert.x-eventloop-thread-2,6,main])
Scarab: Connection failed. Will try again: connection timed out: /192.168.0.111:9090 (Thread[vert.x-eventloop-thread-2,6,main])
Scarab: Sending over socket: {"op":"publish","topic":"/scarab/lucy/cmd_vel","msg":{"angular":{"x":0,"y":0,"z":2.8552537027994793},"linear":{"x":0,"y":0,"z":0}}} (Thread[AWT-EventQueue-0,6,main])
Scarab: Sending over socket: {"op":"publish","topic":"/scarab/lucy/cmd_vel","msg":{"angular":{"x":0,"y":0,"z":0.2542236328125},"linear":{"x":0,"y":0,"z":0}}} (Thread[AWT-EventQueue-0,6,main])
Scarab: Sending over socket: {"op":"publish","topic":"/scarab/lucy/cmd_vel","msg":{"angular":{"x":0,"y":0,"z":0.8799560546875},"linear":{"x":0,"y":0,"z":0}}} (Thread[AWT-EventQueue-0,6,main])
Scarab: Sending over socket: {"op":"publish","topic":"/scarab/lucy/cmd_vel","msg":{"angular":{"x":0,"y":0,"z":1.9127001953125002},"linear":{"x":0,"y":0,"z":0}}} (Thread[AWT-EventQueue-0,6,main])
Scarab: Sending over socket: {"op":"publish","topic":"/scarab/lucy/cmd_vel","msg":{"angular":{"x":0,"y":0,"z":0.7256396484375001},"linear":{"x":0,"y":0,"z":0}}} (Thread[AWT-EventQueue-0,6,main])
Scarab: Sending over socket: {"op":"publish","topic":"/scarab/lucy/cmd_vel","msg":{"angular":{"x":0,"y":0,"z":1.8483007812499999},"linear":{"x":0,"y":0,"z":0}}} (Thread[AWT-EventQueue-0,6,main])
Scarab: Sending over socket: {"op":"publish","topic":"/scarab/lucy/cmd_vel","msg":{"angular":{"x":0,"y":0,"z":1.9093988037109377},"linear":{"x":0,"y":0,"z":0}}} (Thread[AWT-EventQueue-0,6,main])
Scarab: Sending over socket: {"op":"publish","topic":"/scarab/lucy/cmd_vel","msg":{"angular":{"x":0,"y":0,"z":0.6030293782552084},"linear":{"x":0,"y":0,"z":0}}} (Thread[AWT-EventQueue-0,6,main])
Scarab: Sending over socket: {"op":"publish","topic":"/scarab/lucy/cmd_vel","msg":{"angular":{"x":0,"y":0,"z":-0.7112628173828125},"linear":{"x":0,"y":0,"z":0}}} (Thread[AWT-EventQueue-0,6,main])
Scarab: Sending over socket: {"op":"publish","topic":"/scarab/lucy/cmd_vel","msg":{"angular":{"x":0,"y":0,"z":-0.10514587402343752},"linear":{"x":0,"y":0,"z":0}}} (Thread[AWT-EventQueue-0,6,main])
Scarab: Sending over socket: {"op":"publish","topic":"/scarab/lucy/cmd_vel","msg":{"angular":{"x":0,"y":0,"z":-0.11828287760416667},"linear":{"x":0,"y":0,"z":0}}} (Thread[AWT-EventQueue-0,6,main])
Scarab: Sending over socket: {"op":"publish","topic":"/scarab/lucy/cmd_vel","msg":{"angular":{"x":0,"y":0,"z":0.58669189453125},"linear":{"x":0,"y":0,"z":0}}} (Thread[AWT-EventQueue-0,6,main])
Scarab: Sending over socket: {"op":"publish","topic":"/scarab/lucy/cmd_vel","msg":{"angular":{"x":0,"y":0,"z":-0.5242635091145834},"linear":{"x":0,"y":0,"z":0}}} (Thread[AWT-EventQueue-0,6,main])
Scarab: Sending over socket: {"op":"publish","topic":"/scarab/lucy/cmd_vel","msg":{"angular":{"x":0,"y":0,"z":1.7589040120442707},"linear":{"x":0,"y":0,"z":0}}} (Thread[AWT-EventQueue-0,6,main])
Scarab: Connection failed. Will try again: connection timed out: /192.168.0.111:9090 (Thread[vert.x-eventloop-thread-2,6,main])
Scarab: Connection failed. Will try again: connection timed out: /192.168.0.111:9090 (Thread[vert.x-eventloop-thread-2,6,main])
Scarab: Connection failed. Will try again: connection timed out: /192.168.0.111:9090 (Thread[vert.x-eventloop-thread-2,6,main])
Scarab: Connection failed. Will try again: connection timed out: /192.168.0.111:9090 (Thread[vert.x-eventloop-thread-2,6,main])
Scarab: Sending over socket: {"op":"publish","topic":"/scarab/lucy/cmd_vel","msg":{"angular":{"x":0,"y":0,"z":1.9127551269531253},"linear":{"x":0,"y":0,"z":0}}} (Thread[AWT-EventQueue-0,6,main])
Scarab: Connection failed. Will try again: connection timed out: /192.168.0.111:9090 (Thread[vert.x-eventloop-thread-2,6,main])
Scarab: Connection failed. Will try again: connection timed out: /192.168.0.111:9090 (Thread[vert.x-eventloop-thread-2,6,main])
Scarab: Sending over socket: {"op":"publish","topic":"/scarab/lucy/cmd_vel","msg":{"angular":{"x":0,"y":0,"z":1.2302921549479167},"linear":{"x":0,"y":0,"z":0}}} (Thread[AWT-EventQueue-0,6,main])
Scarab: Sending over socket: {"op":"publish","topic":"/scarab/lucy/cmd_vel","msg":{"angular":{"x":0,"y":0,"z":2.3758260091145837},"linear":{"x":0,"y":0,"z":0}}} (Thread[AWT-EventQueue-0,6,main])
Scarab: Sending over socket: {"op":"publish","topic":"/scarab/lucy/cmd_vel","msg":{"angular":{"x":0,"y":0,"z":1.8788020833333334},"linear":{"x":0,"y":0,"z":0}}} (Thread[AWT-EventQueue-0,6,main])
Scarab: Sending over socket: {"op":"publish","topic":"/scarab/lucy/cmd_vel","msg":{"angular":{"x":0,"y":0,"z":-1.0101082356770834},"linear":{"x":0,"y":0,"z":0}}} (Thread[AWT-EventQueue-0,6,main])
Scarab: Sending over socket: {"op":"publish","topic":"/scarab/lucy/cmd_vel","msg":{"angular":{"x":0,"y":0,"z":-0.58294921875},"linear":{"x":0,"y":0,"z":0}}} (Thread[AWT-EventQueue-0,6,main])
Scarab: Sending over socket: {"op":"publish","topic":"/scarab/lucy/cmd_vel","msg":{"angular":{"x":0,"y":0,"z":-1.160784912109375},"linear":{"x":0,"y":0,"z":0}}} (Thread[AWT-EventQueue-0,6,main])
Scarab: Sending over socket: {"op":"publish","topic":"/scarab/lucy/cmd_vel","msg":{"angular":{"x":0,"y":0,"z":-1.5843750000000003},"linear":{"x":0,"y":0,"z":0}}} (Thread[AWT-EventQueue-0,6,main])
Scarab: Sending over socket: {"op":"publish","topic":"/scarab/lucy/cmd_vel","msg":{"angular":{"x":0,"y":0,"z":-0.09899475097656252},"linear":{"x":0,"y":0,"z":0}}} (Thread[AWT-EventQueue-0,6,main])
Scarab: Sending over socket: {"op":"publish","topic":"/scarab/lucy/cmd_vel","msg":{"angular":{"x":0,"y":0,"z":0.9944551595052085},"linear":{"x":0,"y":0,"z":0}}} (Thread[AWT-EventQueue-0,6,main])
Scarab: Sending over socket: {"op":"publish","topic":"/scarab/lucy/cmd_vel","msg":{"angular":{"x":0,"y":0,"z":0.6141510009765625},"linear":{"x":0,"y":0,"z":0}}} (Thread[AWT-EventQueue-0,6,main])
Scarab: Sending over socket: {"op":"publish","topic":"/scarab/lucy/cmd_vel","msg":{"angular":{"x":0,"y":0,"z":-1.3632800292968752},"linear":{"x":0,"y":0,"z":0}}} (Thread[AWT-EventQueue-0,6,main])
Scarab: Sending over socket: {"op":"publish","topic":"/scarab/lucy/cmd_vel","msg":{"angular":{"x":0,"y":0,"z":3.2508138020833344},"linear":{"x":0,"y":0,"z":0}}} (Thread[AWT-EventQueue-0,6,main])
Scarab: Sending over socket: {"op":"publish","topic":"/scarab/lucy/cmd_vel","msg":{"angular":{"x":0,"y":0,"z":1.3741554768880209},"linear":{"x":0,"y":0,"z":0}}} (Thread[AWT-EventQueue-0,6,main])
Scarab: Sending over socket: {"op":"publish","topic":"/scarab/lucy/cmd_vel","msg":{"angular":{"x":0,"y":0,"z":-2.4622395833333335},"linear":{"x":0,"y":0,"z":0}}} (Thread[AWT-EventQueue-0,6,main])
Scarab: Connection failed. Will try again: connection timed out: /192.168.0.111:9090 (Thread[vert.x-eventloop-thread-2,6,main])
Scarab: Connection failed. Will try again: connection timed out: /192.168.0.111:9090 (Thread[vert.x-eventloop-thread-2,6,main])
Scarab: Connection failed. Will try again: connection timed out: /192.168.0.111:9090 (Thread[vert.x-eventloop-thread-2,6,main])
Scarab: Connection failed. Will try again: connection timed out: /192.168.0.111:9090 (Thread[vert.x-eventloop-thread-2,6,main])
Scarab: Connection failed. Will try again: connection timed out: /192.168.0.111:9090 (Thread[vert.x-eventloop-thread-2,6,main])
Scarab: Connection failed. Will try again: connection timed out: /192.168.0.111:9090 (Thread[vert.x-eventloop-thread-2,6,main])
Scarab: Sending over socket: {"op":"publish","topic":"/scarab/lucy/cmd_vel","msg":{"angular":{"x":0,"y":0,"z":-1.4363360595703125},"linear":{"x":0,"y":0,"z":0}}} (Thread[AWT-EventQueue-0,6,main])
Scarab: Sending over socket: {"op":"publish","topic":"/scarab/lucy/cmd_vel","msg":{"angular":{"x":0,"y":0,"z":1.220758056640625},"linear":{"x":0,"y":0,"z":0}}} (Thread[AWT-EventQueue-0,6,main])
Scarab: Sending over socket: {"op":"publish","topic":"/scarab/lucy/cmd_vel","msg":{"angular":{"x":0,"y":0,"z":2.18262939453125},"linear":{"x":0,"y":0,"z":0}}} (Thread[AWT-EventQueue-0,6,main])
Scarab: Sending over socket: {"op":"publish","topic":"/scarab/lucy/cmd_vel","msg":{"angular":{"x":0,"y":0,"z":1.0871826171875},"linear":{"x":0,"y":0,"z":0}}} (Thread[AWT-EventQueue-0,6,main])
Scarab: Sending over socket: {"op":"publish","topic":"/scarab/lucy/cmd_vel","msg":{"angular":{"x":0,"y":0,"z":-0.45004516601562505},"linear":{"x":0,"y":0,"z":0}}} (Thread[AWT-EventQueue-0,6,main])
Scarab: Sending over socket: {"op":"publish","topic":"/scarab/lucy/cmd_vel","msg":{"angular":{"x":0,"y":0,"z":1.393634033203125},"linear":{"x":0,"y":0,"z":0}}} (Thread[AWT-EventQueue-0,6,main])
Scarab: Sending over socket: {"op":"publish","topic":"/scarab/lucy/cmd_vel","msg":{"angular":{"x":0,"y":0,"z":0.1992472330729167},"linear":{"x":0,"y":0,"z":0}}} (Thread[AWT-EventQueue-0,6,main])
Scarab: Sending over socket: {"op":"publish","topic":"/scarab/lucy/cmd_vel","msg":{"angular":{"x":0,"y":0,"z":1.715087890625},"linear":{"x":0,"y":0,"z":0}}} (Thread[AWT-EventQueue-0,6,main])
Scarab: Sending over socket: {"op":"publish","topic":"/scarab/lucy/cmd_vel","msg":{"angular":{"x":0,"y":0,"z":1.1070587158203125},"linear":{"x":0,"y":0,"z":0}}} (Thread[AWT-EventQueue-0,6,main])
Scarab: Sending over socket: {"op":"publish","topic":"/scarab/lucy/cmd_vel","msg":{"angular":{"x":0,"y":0,"z":0.3379459635416667},"linear":{"x":0,"y":0,"z":0}}} (Thread[AWT-EventQueue-0,6,main])
Scarab: Sending over socket: {"op":"publish","topic":"/scarab/lucy/cmd_vel","msg":{"angular":{"x":0,"y":0,"z":-0.019493204752604167},"linear":{"x":0,"y":0,"z":0}}} (Thread[AWT-EventQueue-0,6,main])
Scarab: Sending over socket: {"op":"publish","topic":"/scarab/lucy/cmd_vel","msg":{"angular":{"x":0,"y":0,"z":-0.28458251953125},"linear":{"x":0,"y":0,"z":0}}} (Thread[AWT-EventQueue-0,6,main])
Scarab: Sending over socket: {"op":"publish","topic":"/scarab/lucy/cmd_vel","msg":{"angular":{"x":0,"y":0,"z":-0.5767862955729167},"linear":{"x":0,"y":0,"z":0}}} (Thread[AWT-EventQueue-0,6,main])
Scarab: Sending over socket: {"op":"publish","topic":"/scarab/lucy/cmd_vel","msg":{"angular":{"x":0,"y":0,"z":3.4903749593098956},"linear":{"x":0,"y":0,"z":0}}} (Thread[AWT-EventQueue-0,6,main])
Scarab: Connection failed. Will try again: connection timed out: /192.168.0.111:9090 (Thread[vert.x-eventloop-thread-2,6,main])
Scarab: Connection failed. Will try again: connection timed out: /192.168.0.111:9090 (Thread[vert.x-eventloop-thread-2,6,main])
Scarab: Connection failed. Will try again: connection timed out: /192.168.0.111:9090 (Thread[vert.x-eventloop-thread-2,6,main])
Scarab: Connection failed. Will try again: connection timed out: /192.168.0.111:9090 (Thread[vert.x-eventloop-thread-2,6,main])
Scarab: Connection failed. Will try again: connection timed out: /192.168.0.111:9090 (Thread[vert.x-eventloop-thread-2,6,main])
Scarab: Connection failed. Will try again: connection timed out: /192.168.0.111:9090 (Thread[vert.x-eventloop-thread-2,6,main])
Scarab: Sending over socket: {"op":"publish","topic":"/scarab/lucy/cmd_vel","msg":{"angular":{"x":0,"y":0,"z":2.0010825602213544},"linear":{"x":0,"y":0,"z":0}}} (Thread[AWT-EventQueue-0,6,main])
Scarab: Sending over socket: {"op":"publish","topic":"/scarab/lucy/cmd_vel","msg":{"angular":{"x":0,"y":0,"z":0.6008166503906249},"linear":{"x":0,"y":0,"z":0}}} (Thread[AWT-EventQueue-0,6,main])
Scarab: Sending over socket: {"op":"publish","topic":"/scarab/lucy/cmd_vel","msg":{"angular":{"x":0,"y":0,"z":0.4643035888671876},"linear":{"x":0,"y":0,"z":0}}} (Thread[AWT-EventQueue-0,6,main])
Scarab: Sending over socket: {"op":"publish","topic":"/scarab/lucy/cmd_vel","msg":{"angular":{"x":0,"y":0,"z":1.9751481119791667},"linear":{"x":0,"y":0,"z":0}}} (Thread[AWT-EventQueue-0,6,main])
Scarab: Sending over socket: {"op":"publish","topic":"/scarab/lucy/cmd_vel","msg":{"angular":{"x":0,"y":0,"z":2.283840535481771},"linear":{"x":0,"y":0,"z":0}}} (Thread[AWT-EventQueue-0,6,main])
Scarab: Sending over socket: {"op":"publish","topic":"/scarab/lucy/cmd_vel","msg":{"angular":{"x":0,"y":0,"z":1.4081964111328127},"linear":{"x":0,"y":0,"z":0}}} (Thread[AWT-EventQueue-0,6,main])
Scarab: Sending over socket: {"op":"publish","topic":"/scarab/lucy/cmd_vel","msg":{"angular":{"x":0,"y":0,"z":0.3582977294921875},"linear":{"x":0,"y":0,"z":0}}} (Thread[AWT-EventQueue-0,6,main])
Scarab: Sending over socket: {"op":"publish","topic":"/scarab/lucy/cmd_vel","msg":{"angular":{"x":0,"y":0,"z":-0.9791878255208335},"linear":{"x":0,"y":0,"z":0}}} (Thread[AWT-EventQueue-0,6,main])
Scarab: Sending over socket: {"op":"publish","topic":"/scarab/lucy/cmd_vel","msg":{"angular":{"x":0,"y":0,"z":-1.8808522542317712},"linear":{"x":0,"y":0,"z":0}}} (Thread[AWT-EventQueue-0,6,main])
Scarab: Sending over socket: {"op":"publish","topic":"/scarab/lucy/cmd_vel","msg":{"angular":{"x":0,"y":0,"z":0.15067036946614584},"linear":{"x":0,"y":0,"z":0}}} (Thread[AWT-EventQueue-0,6,main])
Scarab: Sending over socket: {"op":"publish","topic":"/scarab/lucy/cmd_vel","msg":{"angular":{"x":0,"y":0,"z":2.515018310546875},"linear":{"x":0,"y":0,"z":0}}} (Thread[AWT-EventQueue-0,6,main])
Scarab: Sending over socket: {"op":"publish","topic":"/scarab/lucy/cmd_vel","msg":{"angular":{"x":0,"y":0,"z":2.903214518229167},"linear":{"x":0,"y":0,"z":0}}} (Thread[AWT-EventQueue-0,6,main])
Scarab: Sending over socket: {"op":"publish","topic":"/scarab/lucy/cmd_vel","msg":{"angular":{"x":0,"y":0,"z":0.5462725830078125},"linear":{"x":0,"y":0,"z":0}}} (Thread[AWT-EventQueue-0,6,main])
Scarab: Sending over socket: {"op":"publish","topic":"/scarab/lucy/cmd_vel","msg":{"angular":{"x":0,"y":0,"z":0.6307596842447917},"linear":{"x":0,"y":0,"z":0}}} (Thread[AWT-EventQueue-0,6,main])
Scarab: Sending over socket: {"op":"publish","topic":"/scarab/lucy/cmd_vel","msg":{"angular":{"x":0,"y":0,"z":0.146710205078125},"linear":{"x":0,"y":0,"z":0}}} (Thread[AWT-EventQueue-0,6,main])
Scarab: Sending over socket: {"op":"publish","topic":"/scarab/lucy/cmd_vel","msg":{"angular":{"x":0,"y":0,"z":1.3778365071614584},"linear":{"x":0,"y":0,"z":0}}} (Thread[AWT-EventQueue-0,6,main])
Scarab: Connection failed. Will try again: connection timed out: /192.168.0.111:9090 (Thread[vert.x-eventloop-thread-2,6,main])
Scarab: Connection failed. Will try again: connection timed out: /192.168.0.111:9090 (Thread[vert.x-eventloop-thread-2,6,main])
Scarab: Connection failed. Will try again: connection timed out: /192.168.0.111:9090 (Thread[vert.x-eventloop-thread-2,6,main])
Scarab: Connection failed. Will try again: connection timed out: /192.168.0.111:9090 (Thread[vert.x-eventloop-thread-2,6,main])
Scarab: Connection failed. Will try again: connection timed out: /192.168.0.111:9090 (Thread[vert.x-eventloop-thread-2,6,main])
Scarab: Connection failed. Will try again: connection timed out: /192.168.0.111:9090 (Thread[vert.x-eventloop-thread-2,6,main])
Scarab: Sending over socket: {"op":"publish","topic":"/scarab/lucy/cmd_vel","msg":{"angular":{"x":0,"y":0,"z":1.2207438151041667},"linear":{"x":0,"y":0,"z":0}}} (Thread[AWT-EventQueue-0,6,main])
Scarab: Sending over socket: {"op":"publish","topic":"/scarab/lucy/cmd_vel","msg":{"angular":{"x":0,"y":0,"z":-1.6144319661458333},"linear":{"x":0,"y":0,"z":0}}} (Thread[AWT-EventQueue-0,6,main])
Scarab: Sending over socket: {"op":"publish","topic":"/scarab/lucy/cmd_vel","msg":{"angular":{"x":0,"y":0,"z":-1.9317700195312504},"linear":{"x":0,"y":0,"z":0}}} (Thread[AWT-EventQueue-0,6,main])
Scarab: Sending over socket: {"op":"publish","topic":"/scarab/lucy/cmd_vel","msg":{"angular":{"x":0,"y":0,"z":0.06224324544270834},"linear":{"x":0,"y":0,"z":0}}} (Thread[AWT-EventQueue-0,6,main])
Scarab: Sending over socket: {"op":"publish","topic":"/scarab/lucy/cmd_vel","msg":{"angular":{"x":0,"y":0,"z":0.25285970052083334},"linear":{"x":0,"y":0,"z":0}}} (Thread[AWT-EventQueue-0,6,main])
Scarab: Sending over socket: {"op":"publish","topic":"/scarab/lucy/cmd_vel","msg":{"angular":{"x":0,"y":0,"z":-2.6778603108723957},"linear":{"x":0,"y":0,"z":0}}} (Thread[AWT-EventQueue-0,6,main])
Scarab: Sending over socket: {"op":"publish","topic":"/scarab/lucy/cmd_vel","msg":{"angular":{"x":0,"y":0,"z":-1.9244946289062501},"linear":{"x":0,"y":0,"z":0}}} (Thread[AWT-EventQueue-0,6,main])
Scarab: Sending over socket: {"op":"publish","topic":"/scarab/lucy/cmd_vel","msg":{"angular":{"x":0,"y":0,"z":-1.2628938802083334},"linear":{"x":0,"y":0,"z":0}}} (Thread[AWT-EventQueue-0,6,main])
Scarab: Sending over socket: {"op":"publish","topic":"/scarab/lucy/cmd_vel","msg":{"angular":{"x":0,"y":0,"z":-1.1122796630859377},"linear":{"x":0,"y":0,"z":0}}} (Thread[AWT-EventQueue-0,6,main])
Scarab: Sending over socket: {"op":"publish","topic":"/scarab/lucy/cmd_vel","msg":{"angular":{"x":0,"y":0,"z":2.11297607421875},"linear":{"x":0,"y":0,"z":0}}} (Thread[AWT-EventQueue-0,6,main])
Scarab: Sending over socket: {"op":"publish","topic":"/scarab/lucy/cmd_vel","msg":{"angular":{"x":0,"y":0,"z":2.158237915039063},"linear":{"x":0,"y":0,"z":0}}} (Thread[AWT-EventQueue-0,6,main])
Scarab: Sending over socket: {"op":"publish","topic":"/scarab/lucy/cmd_vel","msg":{"angular":{"x":0,"y":0,"z":0.527777099609375},"linear":{"x":0,"y":0,"z":0}}} (Thread[AWT-EventQueue-0,6,main])
Scarab: Sending over socket: {"op":"publish","topic":"/scarab/lucy/cmd_vel","msg":{"angular":{"x":0,"y":0,"z":-0.6347281901041667},"linear":{"x":0,"y":0,"z":0}}} (Thread[AWT-EventQueue-0,6,main])
Scarab: Sending over socket: {"op":"publish","topic":"/scarab/lucy/cmd_vel","msg":{"angular":{"x":0,"y":0,"z":-0.6734958902994792},"linear":{"x":0,"y":0,"z":0}}} (Thread[AWT-EventQueue-0,6,main])
Scarab: Sending over socket: {"op":"publish","topic":"/scarab/lucy/cmd_vel","msg":{"angular":{"x":0,"y":0,"z":-0.13680094401041668},"linear":{"x":0,"y":0,"z":0}}} (Thread[AWT-EventQueue-0,6,main])
Scarab: Sending over socket: {"op":"publish","topic":"/scarab/lucy/cmd_vel","msg":{"angular":{"x":0,"y":0,"z":-1.68240966796875},"linear":{"x":0,"y":0,"z":0}}} (Thread[AWT-EventQueue-0,6,main])
Scarab: Sending over socket: {"op":"publish","topic":"/scarab/lucy/cmd_vel","msg":{"angular":{"x":0,"y":0,"z":-1.5621968587239585},"linear":{"x":0,"y":0,"z":0}}} (Thread[AWT-EventQueue-0,6,main])
Scarab: Sending over socket: {"op":"publish","topic":"/scarab/lucy/cmd_vel","msg":{"angular":{"x":0,"y":0,"z":-0.9796386718750002},"linear":{"x":0,"y":0,"z":0}}} (Thread[AWT-EventQueue-0,6,main])
Scarab: Sending over socket: {"op":"publish","topic":"/scarab/lucy/cmd_vel","msg":{"angular":{"x":0,"y":0,"z":1.285615234375},"linear":{"x":0,"y":0,"z":0}}} (Thread[AWT-EventQueue-0,6,main])
Scarab: Sending over socket: {"op":"publish","topic":"/scarab/lucy/cmd_vel","msg":{"angular":{"x":0,"y":0,"z":-0.6444140625},"linear":{"x":0,"y":0,"z":0}}} (Thread[AWT-EventQueue-0,6,main])
Scarab: Sending over socket: {"op":"publish","topic":"/scarab/lucy/cmd_vel","msg":{"angular":{"x":0,"y":0,"z":-1.7694661458333336},"linear":{"x":0,"y":0,"z":0}}} (Thread[AWT-EventQueue-0,6,main])
Scarab: Sending over socket: {"op":"publish","topic":"/scarab/lucy/cmd_vel","msg":{"angular":{"x":0,"y":0,"z":1.293382771809896},"linear":{"x":0,"y":0,"z":0}}} (Thread[AWT-EventQueue-0,6,main])
Scarab: Sending over socket: {"op":"publish","topic":"/scarab/lucy/cmd_vel","msg":{"angular":{"x":0,"y":0,"z":3.330792236328125},"linear":{"x":0,"y":0,"z":0}}} (Thread[AWT-EventQueue-0,6,main])
Scarab: Sending over socket: {"op":"publish","topic":"/scarab/lucy/cmd_vel","msg":{"angular":{"x":0,"y":0,"z":-1.70489501953125},"linear":{"x":0,"y":0,"z":0}}} (Thread[AWT-EventQueue-0,6,main])
Scarab: Sending over socket: {"op":"publish","topic":"/scarab/lucy/cmd_vel","msg":{"angular":{"x":0,"y":0,"z":0.3773081461588542},"linear":{"x":0,"y":0,"z":0}}} (Thread[AWT-EventQueue-0,6,main])
Scarab: Sending over socket: {"op":"publish","topic":"/scarab/lucy/cmd_vel","msg":{"angular":{"x":0,"y":0,"z":0.9908121744791668},"linear":{"x":0,"y":0,"z":0}}} (Thread[AWT-EventQueue-0,6,main])
Scarab: Sending over socket: {"op":"publish","topic":"/scarab/lucy/cmd_vel","msg":{"angular":{"x":0,"y":0,"z":0.3723095703125},"linear":{"x":0,"y":0,"z":0}}} (Thread[AWT-EventQueue-0,6,main])
Scarab: Sending over socket: {"op":"publish","topic":"/scarab/lucy/cmd_vel","msg":{"angular":{"x":0,"y":0,"z":1.5697998046875},"linear":{"x":0,"y":0,"z":0}}} (Thread[AWT-EventQueue-0,6,main])
Scarab: Sending over socket: {"op":"publish","topic":"/scarab/lucy/cmd_vel","msg":{"angular":{"x":0,"y":0,"z":1.8157415771484378},"linear":{"x":0,"y":0,"z":0}}} (Thread[AWT-EventQueue-0,6,main])
Scarab: Sending over socket: {"op":"publish","topic":"/scarab/lucy/cmd_vel","msg":{"angular":{"x":0,"y":0,"z":-0.16895385742187502},"linear":{"x":0,"y":0,"z":0}}} (Thread[AWT-EventQueue-0,6,main])
Scarab: Sending over socket: {"op":"publish","topic":"/scarab/lucy/cmd_vel","msg":{"angular":{"x":0,"y":0,"z":-1.9419323730468752},"linear":{"x":0,"y":0,"z":0}}} (Thread[AWT-EventQueue-0,6,main])
Scarab: Sending over socket: {"op":"publish","topic":"/scarab/lucy/cmd_vel","msg":{"angular":{"x":0,"y":0,"z":-2.5554443359375005},"linear":{"x":0,"y":0,"z":0}}} (Thread[AWT-EventQueue-0,6,main])
Scarab: Sending over socket: {"op":"publish","topic":"/scarab/lucy/cmd_vel","msg":{"angular":{"x":0,"y":0,"z":-1.8608959960937501},"linear":{"x":0,"y":0,"z":0}}} (Thread[AWT-EventQueue-0,6,main])
Scarab: Sending over socket: {"op":"publish","topic":"/scarab/lucy/cmd_vel","msg":{"angular":{"x":0,"y":0,"z":0.4523282877604167},"linear":{"x":0,"y":0,"z":0}}} (Thread[AWT-EventQueue-0,6,main])
Scarab: Sending over socket: {"op":"publish","topic":"/scarab/lucy/cmd_vel","msg":{"angular":{"x":0,"y":0,"z":0.94273681640625},"linear":{"x":0,"y":0,"z":0}}} (Thread[AWT-EventQueue-0,6,main])
Scarab: Sending over socket: {"op":"publish","topic":"/scarab/lucy/cmd_vel","msg":{"angular":{"x":0,"y":0,"z":2.8955611165364585},"linear":{"x":0,"y":0,"z":0}}} (Thread[AWT-EventQueue-0,6,main])
Scarab: Sending over socket: {"op":"publish","topic":"/scarab/lucy/cmd_vel","msg":{"angular":{"x":0,"y":0,"z":0.23129170735677085},"linear":{"x":0,"y":0,"z":0}}} (Thread[AWT-EventQueue-0,6,main])
Scarab: Sending over socket: {"op":"publish","topic":"/scarab/lucy/cmd_vel","msg":{"angular":{"x":0,"y":0,"z":-1.4791680908203126},"linear":{"x":0,"y":0,"z":0}}} (Thread[AWT-EventQueue-0,6,main])
Scarab: Sending over socket: {"op":"publish","topic":"/scarab/lucy/cmd_vel","msg":{"angular":{"x":0,"y":0,"z":1.3500189208984374},"linear":{"x":0,"y":0,"z":0}}} (Thread[AWT-EventQueue-0,6,main])
Scarab: Sending over socket: {"op":"publish","topic":"/scarab/lucy/cmd_vel","msg":{"angular":{"x":0,"y":0,"z":1.0740311686197916},"linear":{"x":0,"y":0,"z":0}}} (Thread[AWT-EventQueue-0,6,main])
Scarab: Sending over socket: {"op":"publish","topic":"/scarab/lucy/cmd_vel","msg":{"angular":{"x":0,"y":0,"z":-0.44895385742187505},"linear":{"x":0,"y":0,"z":0}}} (Thread[AWT-EventQueue-0,6,main])
Scarab: Sending over socket: {"op":"publish","topic":"/scarab/lucy/cmd_vel","msg":{"angular":{"x":0,"y":0,"z":-0.4293977864583334},"linear":{"x":0,"y":0,"z":0}}} (Thread[AWT-EventQueue-0,6,main])
Scarab: Sending over socket: {"op":"publish","topic":"/scarab/lucy/cmd_vel","msg":{"angular":{"x":0,"y":0,"z":4.299730631510416},"linear":{"x":0,"y":0,"z":0}}} (Thread[AWT-EventQueue-0,6,main])
Scarab: Sending over socket: {"op":"publish","topic":"/scarab/lucy/cmd_vel","msg":{"angular":{"x":0,"y":0,"z":3.0313739013671883},"linear":{"x":0,"y":0,"z":0}}} (Thread[AWT-EventQueue-0,6,main])
Scarab: Sending over socket: {"op":"publish","topic":"/scarab/lucy/cmd_vel","msg":{"angular":{"x":0,"y":0,"z":0.9670442708333334},"linear":{"x":0,"y":0,"z":0}}} (Thread[AWT-EventQueue-0,6,main])
Scarab: Sending over socket: {"op":"publish","topic":"/scarab/lucy/cmd_vel","msg":{"angular":{"x":0,"y":0,"z":0.11639160156250002},"linear":{"x":0,"y":0,"z":0}}} (Thread[AWT-EventQueue-0,6,main])
Scarab: Sending over socket: {"op":"publish","topic":"/scarab/lucy/cmd_vel","msg":{"angular":{"x":0,"y":0,"z":1.2533843994140625},"linear":{"x":0,"y":0,"z":0}}} (Thread[AWT-EventQueue-0,6,main])
Scarab: Sending over socket: {"op":"publish","topic":"/scarab/lucy/cmd_vel","msg":{"angular":{"x":0,"y":0,"z":0.07982096354166668},"linear":{"x":0,"y":0,"z":0}}} (Thread[AWT-EventQueue-0,6,main])
Scarab: Sending over socket: {"op":"publish","topic":"/scarab/lucy/cmd_vel","msg":{"angular":{"x":0,"y":0,"z":2.4710449218750004},"linear":{"x":0,"y":0,"z":0}}} (Thread[AWT-EventQueue-0,6,main])
Scarab: Sending over socket: {"op":"publish","topic":"/scarab/lucy/cmd_vel","msg":{"angular":{"x":0,"y":0,"z":3.3285449218750003},"linear":{"x":0,"y":0,"z":0}}} (Thread[AWT-EventQueue-0,6,main])
Scarab: Sending over socket: {"op":"publish","topic":"/scarab/lucy/cmd_vel","msg":{"angular":{"x":0,"y":0,"z":1.494969482421875},"linear":{"x":0,"y":0,"z":0}}} (Thread[AWT-EventQueue-0,6,main])
Scarab: Sending over socket: {"op":"publish","topic":"/scarab/lucy/cmd_vel","msg":{"angular":{"x":0,"y":0,"z":-1.2336238606770833},"linear":{"x":0,"y":0,"z":0}}} (Thread[AWT-EventQueue-0,6,main])
Scarab: Sending over socket: {"op":"publish","topic":"/scarab/lucy/cmd_vel","msg":{"angular":{"x":0,"y":0,"z":-0.623125},"linear":{"x":0,"y":0,"z":0}}} (Thread[AWT-EventQueue-0,6,main])
Scarab: Sending over socket: {"op":"publish","topic":"/scarab/lucy/cmd_vel","msg":{"angular":{"x":0,"y":0,"z":2.7105869547526042},"linear":{"x":0,"y":0,"z":0}}} (Thread[AWT-EventQueue-0,6,main])
Scarab: Sending over socket: {"op":"publish","topic":"/scarab/lucy/cmd_vel","msg":{"angular":{"x":0,"y":0,"z":1.90421875},"linear":{"x":0,"y":0,"z":0}}} (Thread[AWT-EventQueue-0,6,main])
Scarab: Sending over socket: {"op":"publish","topic":"/scarab/lucy/cmd_vel","msg":{"angular":{"x":0,"y":0,"z":1.7178910319010416},"linear":{"x":0,"y":0,"z":0}}} (Thread[AWT-EventQueue-0,6,main])
Scarab: Sending over socket: {"op":"publish","topic":"/scarab/lucy/cmd_vel","msg":{"angular":{"x":0,"y":0,"z":2.1532763671875},"linear":{"x":0,"y":0,"z":0}}} (Thread[AWT-EventQueue-0,6,main])
Scarab: Sending over socket: {"op":"publish","topic":"/scarab/lucy/cmd_vel","msg":{"angular":{"x":0,"y":0,"z":-0.6569612630208334},"linear":{"x":0,"y":0,"z":0}}} (Thread[AWT-EventQueue-0,6,main])
Scarab: Sending over socket: {"op":"publish","topic":"/scarab/lucy/cmd_vel","msg":{"angular":{"x":0,"y":0,"z":0},"linear":{"x":0,"y":0,"z":0}}} (Thread[AWT-EventQueue-0,6,main])
Scarab: Sending over socket: {"op":"publish","topic":"/scarab/lucy/cmd_vel","msg":{"angular":{"x":0,"y":0,"z":2.415421142578125},"linear":{"x":0,"y":0,"z":0}}} (Thread[AWT-EventQueue-0,6,main])
Scarab: Sending over socket: {"op":"publish","topic":"/scarab/lucy/cmd_vel","msg":{"angular":{"x":0,"y":0,"z":3.1107137044270834},"linear":{"x":0,"y":0,"z":0}}} (Thread[AWT-EventQueue-0,6,main])
Scarab: Sending over socket: {"op":"publish","topic":"/scarab/lucy/cmd_vel","msg":{"angular":{"x":0,"y":0,"z":1.7747613525390626},"linear":{"x":0,"y":0,"z":0}}} (Thread[AWT-EventQueue-0,6,main])
Scarab: Sending over socket: {"op":"publish","topic":"/scarab/lucy/cmd_vel","msg":{"angular":{"x":0,"y":0,"z":1.2264957682291668},"linear":{"x":0,"y":0,"z":0}}} (Thread[AWT-EventQueue-0,6,main])
Scarab: Sending over socket: {"op":"publish","topic":"/scarab/lucy/cmd_vel","msg":{"angular":{"x":0,"y":0,"z":0.7812915039062501},"linear":{"x":0,"y":0,"z":0}}} (Thread[AWT-EventQueue-0,6,main])
Scarab: Sending over socket: {"op":"publish","topic":"/scarab/lucy/cmd_vel","msg":{"angular":{"x":0,"y":0,"z":-0.5009307861328125},"linear":{"x":0,"y":0,"z":0}}} (Thread[AWT-EventQueue-0,6,main])
Scarab: Sending over socket: {"op":"publish","topic":"/scarab/lucy/cmd_vel","msg":{"angular":{"x":0,"y":0,"z":-0.3779398600260417},"linear":{"x":0,"y":0,"z":0}}} (Thread[AWT-EventQueue-0,6,main])
Scarab: Sending over socket: {"op":"publish","topic":"/scarab/lucy/cmd_vel","msg":{"angular":{"x":0,"y":0,"z":0.033789265950520835},"linear":{"x":0,"y":0,"z":0}}} (Thread[AWT-EventQueue-0,6,main])
Scarab: Sending over socket: {"op":"publish","topic":"/scarab/lucy/cmd_vel","msg":{"angular":{"x":0,"y":0,"z":-0.6611407470703126},"linear":{"x":0,"y":0,"z":0}}} (Thread[AWT-EventQueue-0,6,main])
Scarab: Sending over socket: {"op":"publish","topic":"/scarab/lucy/cmd_vel","msg":{"angular":{"x":0,"y":0,"z":-3.0331038411458335},"linear":{"x":0,"y":0,"z":0}}} (Thread[AWT-EventQueue-0,6,main])
Scarab: Sending over socket: {"op":"publish","topic":"/scarab/lucy/cmd_vel","msg":{"angular":{"x":0,"y":0,"z":0.8225683593750001},"linear":{"x":0,"y":0,"z":0}}} (Thread[AWT-EventQueue-0,6,main])
Scarab: Sending over socket: {"op":"publish","topic":"/scarab/lucy/cmd_vel","msg":{"angular":{"x":0,"y":0,"z":-0.47158203125},"linear":{"x":0,"y":0,"z":0}}} (Thread[AWT-EventQueue-0,6,main])
Scarab: Sending over socket: {"op":"publish","topic":"/scarab/lucy/cmd_vel","msg":{"angular":{"x":0,"y":0,"z":-1.1499847412109374},"linear":{"x":0,"y":0,"z":0}}} (Thread[AWT-EventQueue-0,6,main])
Scarab: Sending over socket: {"op":"publish","topic":"/scarab/lucy/cmd_vel","msg":{"angular":{"x":0,"y":0,"z":1.1031958007812501},"linear":{"x":0,"y":0,"z":0}}} (Thread[AWT-EventQueue-0,6,main])
Scarab: Sending over socket: {"op":"publish","topic":"/scarab/lucy/cmd_vel","msg":{"angular":{"x":0,"y":0,"z":0.16857401529947919},"linear":{"x":0,"y":0,"z":0}}} (Thread[AWT-EventQueue-0,6,main])
Scarab: Sending over socket: {"op":"publish","topic":"/scarab/lucy/cmd_vel","msg":{"angular":{"x":0,"y":0,"z":1.3382763671875},"linear":{"x":0,"y":0,"z":0}}} (Thread[AWT-EventQueue-0,6,main])
Scarab: Sending over socket: {"op":"publish","topic":"/scarab/lucy/cmd_vel","msg":{"angular":{"x":0,"y":0,"z":1.1535902913411458},"linear":{"x":0,"y":0,"z":0}}} (Thread[AWT-EventQueue-0,6,main])
Scarab: Sending over socket: {"op":"publish","topic":"/scarab/lucy/cmd_vel","msg":{"angular":{"x":0,"y":0,"z":0.32985595703125},"linear":{"x":0,"y":0,"z":0}}} (Thread[AWT-EventQueue-0,6,main])
Scarab: Sending over socket: {"op":"publish","topic":"/scarab/lucy/cmd_vel","msg":{"angular":{"x":0,"y":0,"z":1.457022705078125},"linear":{"x":0,"y":0,"z":0}}} (Thread[AWT-EventQueue-0,6,main])
Scarab: Sending over socket: {"op":"publish","topic":"/scarab/lucy/cmd_vel","msg":{"angular":{"x":0,"y":0,"z":-2.1529073079427086},"linear":{"x":0,"y":0,"z":0}}} (Thread[AWT-EventQueue-0,6,main])
Scarab: Sending over socket: {"op":"publish","topic":"/scarab/lucy/cmd_vel","msg":{"angular":{"x":0,"y":0,"z":-2.9626464843750004},"linear":{"x":0,"y":0,"z":0}}} (Thread[AWT-EventQueue-0,6,main])
Scarab: Sending over socket: {"op":"publish","topic":"/scarab/lucy/cmd_vel","msg":{"angular":{"x":0,"y":0,"z":-1.6059895833333333},"linear":{"x":0,"y":0,"z":0}}} (Thread[AWT-EventQueue-0,6,main])
Scarab: Sending over socket: {"op":"publish","topic":"/scarab/lucy/cmd_vel","msg":{"angular":{"x":0,"y":0,"z":-1.4866634114583335},"linear":{"x":0,"y":0,"z":0}}} (Thread[AWT-EventQueue-0,6,main])
Scarab: Sending over socket: {"op":"publish","topic":"/scarab/lucy/cmd_vel","msg":{"angular":{"x":0,"y":0,"z":-1.68461669921875},"linear":{"x":0,"y":0,"z":0}}} (Thread[AWT-EventQueue-0,6,main])
Scarab: Sending over socket: {"op":"publish","topic":"/scarab/lucy/cmd_vel","msg":{"angular":{"x":0,"y":0,"z":-1.2194777425130208},"linear":{"x":0,"y":0,"z":0}}} (Thread[AWT-EventQueue-0,6,main])
Scarab: Sending over socket: {"op":"publish","topic":"/scarab/lucy/cmd_vel","msg":{"angular":{"x":0,"y":0,"z":-0.9821207682291666},"linear":{"x":0,"y":0,"z":0}}} (Thread[AWT-EventQueue-0,6,main])
Scarab: Sending over socket: {"op":"publish","topic":"/scarab/lucy/cmd_vel","msg":{"angular":{"x":0,"y":0,"z":0.5432065836588542},"linear":{"x":0,"y":0,"z":0}}} (Thread[AWT-EventQueue-0,6,main])
ExportHTMLTimer went off after 30000 ms., calling getDirector().finish and getDirector().stopFire()
Scarab: Connection closed because model is no longer running. (Thread[AWT-EventQueue-0,6,main])
Scarab: Connection closed because model is no longer running. (Thread[AWT-EventQueue-0,6,main])
Scarab: Connection closed because model is no longer running. (Thread[AWT-EventQueue-0,6,main])
Scarab: Connection closed because model is no longer running. (Thread[AWT-EventQueue-0,6,main])
Scarab: Connection closed because model is no longer running. (Thread[AWT-EventQueue-0,6,main])
Scarab: Connection closed because model is no longer running. (Thread[AWT-EventQueue-0,6,main])
30220 ms. Memory: 2476544K Free: 1363376K (55%)
Exported /home/travis/build/icyphy/ptII/org/terraswarm/accessor/demo/Scarab/Scarab/index.html
38287 ms. Memory: 2476544K Free: 1329798K (54%)
####### 81 Fri Jun 01 01:52:08 UTC 2018 $PTII/bin/ptinvoke ptolemy.vergil.basic.export.ExportModel -force htm -run -openComposites -timeOut 30000 -whiteBackground org/terraswarm/accessor/demo/WatchHandRaisingLight/WatchHandRaisingLight.xml $PTII/org/terraswarm/accessor/demo/WatchHandRaisingLight/WatchHandRaisingLight
Running .WatchHandRaisingLight
Hue: Attempting to connect to: http://10.0.0.234/api/EJjyWWrE5qDOqs301OarqVSqp3jfJvaOqiObxMYR/lights/ (Thread[AWT-EventQueue-0,6,main])
Hue: Making an HTTP request. (Thread[AWT-EventQueue-0,6,main])
ExportHTMLTimer went off after 30000 ms., calling getDirector().finish and getDirector().stopFire()
30067 ms. Memory: 2486272K Free: 938505K (38%)
Exported /home/travis/build/icyphy/ptII/org/terraswarm/accessor/demo/WatchHandRaisingLight/WatchHandRaisingLight/index.html
37621 ms. Memory: 2486272K Free: 890890K (36%)
####### 82 Fri Jun 01 01:52:46 UTC 2018 $PTII/bin/ptinvoke ptolemy.vergil.basic.export.ExportModel -force htm  -openComposites -timeOut 30000 -whiteBackground org/terraswarm/ros/demo/Ros/Ros.xml $PTII/org/terraswarm/ros/demo/Ros/Ros
Warning: not running org/terraswarm/ros/demo/Ros/Ros.xml. See ptolemy/vergil/basic/export/test/junit/ExportModelJUnitTest.java
Exported /home/travis/build/icyphy/ptII/org/terraswarm/ros/demo/Ros/Ros/index.html
3158 ms. Memory: 2214400K Free: 1271096K (57%)
####### 83 Fri Jun 01 01:52:49 UTC 2018 $PTII/bin/ptinvoke ptolemy.vergil.basic.export.ExportModel -force htm  -openComposites -timeOut 30000 -whiteBackground org/terraswarm/ros/demo/Ros/RosPublisher.xml $PTII/org/terraswarm/ros/demo/Ros/RosPublisher
Warning: not running org/terraswarm/ros/demo/Ros/RosPublisher.xml. See ptolemy/vergil/basic/export/test/junit/ExportModelJUnitTest.java
Exported /home/travis/build/icyphy/ptII/org/terraswarm/ros/demo/Ros/RosPublisher/index.html
4564 ms. Memory: 2214400K Free: 1002058K (45%)
####### 84 Fri Jun 01 01:52:54 UTC 2018 $PTII/bin/ptinvoke ptolemy.vergil.basic.export.ExportModel -force htm  -openComposites -timeOut 30000 -whiteBackground org/terraswarm/ros/demo/Ros/RosSubscriber.xml $PTII/org/terraswarm/ros/demo/Ros/RosSubscriber
Warning: not running org/terraswarm/ros/demo/Ros/RosSubscriber.xml. See ptolemy/vergil/basic/export/test/junit/ExportModelJUnitTest.java
Exported /home/travis/build/icyphy/ptII/org/terraswarm/ros/demo/Ros/RosSubscriber/index.html
4292 ms. Memory: 2214400K Free: 715140K (32%)
####### 85 Fri Jun 01 01:52:58 UTC 2018 $PTII/bin/ptinvoke ptolemy.vergil.basic.export.ExportModel -force htm  -openComposites -timeOut 30000 -whiteBackground org/terraswarm/ros/demo/Ros/ScarabArrowKeyController.xml $PTII/org/terraswarm/ros/demo/Ros/ScarabArrowKeyController
Warning: not running org/terraswarm/ros/demo/Ros/ScarabArrowKeyController.xml. See ptolemy/vergil/basic/export/test/junit/ExportModelJUnitTest.java
Exported /home/travis/build/icyphy/ptII/org/terraswarm/ros/demo/Ros/ScarabArrowKeyController/index.html
7124 ms. Memory: 2482688K Free: 1265818K (51%)
####### 86 Fri Jun 01 01:53:05 UTC 2018 $PTII/bin/ptinvoke ptolemy.vergil.basic.export.ExportModel -force htm  -openComposites -timeOut 30000 -whiteBackground org/terraswarm/ros/demo/Ros/ScarabGoalPublisher.xml $PTII/org/terraswarm/ros/demo/Ros/ScarabGoalPublisher
Warning: not running org/terraswarm/ros/demo/Ros/ScarabGoalPublisher.xml. See ptolemy/vergil/basic/export/test/junit/ExportModelJUnitTest.java
Exported /home/travis/build/icyphy/ptII/org/terraswarm/ros/demo/Ros/ScarabGoalPublisher/index.html
4441 ms. Memory: 2482688K Free: 964300K (39%)
####### 87 Fri Jun 01 01:53:10 UTC 2018 $PTII/bin/ptinvoke ptolemy.vergil.basic.export.ExportModel -force htm  -openComposites -timeOut 30000 -whiteBackground org/terraswarm/ros/demo/Ros/ScarabHueController.xml $PTII/org/terraswarm/ros/demo/Ros/ScarabHueController
Warning: not running org/terraswarm/ros/demo/Ros/ScarabHueController.xml. See ptolemy/vergil/basic/export/test/junit/ExportModelJUnitTest.java
Exported /home/travis/build/icyphy/ptII/org/terraswarm/ros/demo/Ros/ScarabHueController/index.html
7008 ms. Memory: 2462208K Free: 1239943K (50%)
####### 88 Fri Jun 01 01:53:17 UTC 2018 $PTII/bin/ptinvoke ptolemy.vergil.basic.export.ExportModel -force htm -run -openComposites -timeOut 30000 -whiteBackground ptolemy/actor/gt/demo/BouncingBallX2/BouncingBallX2.xml $PTII/ptolemy/actor/gt/demo/BouncingBallX2/BouncingBallX2
Running .BouncingBallX2
ExportHTMLTimer went off after 30000 ms., calling getDirector().finish and getDirector().stopFire()
29683 ms. Memory: 2501120K Free: 1460246K (58%)
29452 ms. Memory: 2501120K Free: 1460246K (58%)
30006 ms. Memory: 2501120K Free: 1460246K (58%)
Exported /home/travis/build/icyphy/ptII/ptolemy/actor/gt/demo/BouncingBallX2/BouncingBallX2/index.html
34876 ms. Memory: 2501120K Free: 1161336K (46%)
####### 89 Fri Jun 01 01:53:51 UTC 2018 $PTII/bin/ptinvoke ptolemy.vergil.basic.export.ExportModel -force htm -run -openComposites -timeOut 30000 -whiteBackground ptolemy/actor/gt/demo/ConstOptimization/ConstOptimization.xml $PTII/ptolemy/actor/gt/demo/ConstOptimization/ConstOptimization
Running .ConstOptimization
6409 ms. Memory: 2501120K Free: 894004K (36%)
Exported /home/travis/build/icyphy/ptII/ptolemy/actor/gt/demo/ConstOptimization/ConstOptimization/index.html
10893 ms. Memory: 2501120K Free: 763913K (31%)
####### 90 Fri Jun 01 01:54:02 UTC 2018 $PTII/bin/ptinvoke ptolemy.vergil.basic.export.ExportModel -force htm -run -openComposites -timeOut 30000 -whiteBackground ptolemy/actor/gt/demo/ConstOptimization/ConstOptimizationDDF.xml $PTII/ptolemy/actor/gt/demo/ConstOptimization/ConstOptimizationDDF
Running .ConstOptimizationDDF
6870 ms. Memory: 2491392K Free: 1402029K (56%)
Exported /home/travis/build/icyphy/ptII/ptolemy/actor/gt/demo/ConstOptimization/ConstOptimizationDDF/index.html
11257 ms. Memory: 2491392K Free: 1264164K (51%)
####### 91 Fri Jun 01 01:54:14 UTC 2018 $PTII/bin/ptinvoke ptolemy.vergil.basic.export.ExportModel -force htm -run -openComposites -timeOut 30000 -whiteBackground ptolemy/actor/gt/demo/ConstOptimization/ConstOptimizationDE.xml $PTII/ptolemy/actor/gt/demo/ConstOptimization/ConstOptimizationDE
Running .ConstOptimizationDE
6412 ms. Memory: 2491392K Free: 958278K (38%)
Exported /home/travis/build/icyphy/ptII/ptolemy/actor/gt/demo/ConstOptimization/ConstOptimizationDE/index.html
11107 ms. Memory: 2491392K Free: 739865K (30%)
####### 92 Fri Jun 01 01:54:25 UTC 2018 $PTII/bin/ptinvoke ptolemy.vergil.basic.export.ExportModel -force htm -run -openComposites -timeOut 30000 -whiteBackground ptolemy/actor/gt/demo/DiningPhilosophers/DiningPhilosophers.xml $PTII/ptolemy/actor/gt/demo/DiningPhilosophers/DiningPhilosophers
Running .DiningPhilosophers
622 ms. Memory: 2507264K Free: 1461960K (58%)
Exported /home/travis/build/icyphy/ptII/ptolemy/actor/gt/demo/DiningPhilosophers/DiningPhilosophers/index.html
5193 ms. Memory: 2507264K Free: 1149203K (46%)
####### 93 Fri Jun 01 01:54:30 UTC 2018 $PTII/bin/ptinvoke ptolemy.vergil.basic.export.ExportModel -force htm -run -openComposites -timeOut 30000 -whiteBackground ptolemy/actor/gt/demo/GameOfLife/GameOfLife.xml $PTII/ptolemy/actor/gt/demo/GameOfLife/GameOfLife
Running .GameOfLife
994 ms. Memory: 2517504K Free: 1446348K (57%)
Exported /home/travis/build/icyphy/ptII/ptolemy/actor/gt/demo/GameOfLife/GameOfLife/index.html
7778 ms. Memory: 2517504K Free: 909612K (36%)
####### 94 Fri Jun 01 01:54:38 UTC 2018 $PTII/bin/ptinvoke ptolemy.vergil.basic.export.ExportModel -force htm  -openComposites -timeOut 30000 -whiteBackground ptolemy/actor/gt/demo/HierarchyFlattening/HierarchyFlattening.xml $PTII/ptolemy/actor/gt/demo/HierarchyFlattening/HierarchyFlattening
Warning: not running ptolemy/actor/gt/demo/HierarchyFlattening/HierarchyFlattening.xml. See ptolemy/vergil/basic/export/test/junit/ExportModelJUnitTest.java
Exported /home/travis/build/icyphy/ptII/ptolemy/actor/gt/demo/HierarchyFlattening/HierarchyFlattening/index.html
3298 ms. Memory: 2517504K Free: 493941K (20%)
####### 95 Fri Jun 01 01:54:41 UTC 2018 $PTII/bin/ptinvoke ptolemy.vergil.basic.export.ExportModel -force htm -run -openComposites -timeOut 30000 -whiteBackground ptolemy/actor/gt/demo/MapReduce/MapReduce.xml $PTII/ptolemy/actor/gt/demo/MapReduce/MapReduce
Running .MapReduce
128 ms. Memory: 2529280K Free: 919525K (36%)
Exported /home/travis/build/icyphy/ptII/ptolemy/actor/gt/demo/MapReduce/MapReduce/index.html
5521 ms. Memory: 2529280K Free: 715490K (28%)
####### 96 Fri Jun 01 01:54:47 UTC 2018 $PTII/bin/ptinvoke ptolemy.vergil.basic.export.ExportModel -force htm  -openComposites -timeOut 30000 -whiteBackground ptolemy/actor/gt/demo/MapReduce/MapReduceDDF.xml $PTII/ptolemy/actor/gt/demo/MapReduce/MapReduceDDF
Warning: not running ptolemy/actor/gt/demo/MapReduce/MapReduceDDF.xml. See ptolemy/vergil/basic/export/test/junit/ExportModelJUnitTest.java
Exported /home/travis/build/icyphy/ptII/ptolemy/actor/gt/demo/MapReduce/MapReduceDDF/index.html
9083 ms. Memory: 2560512K Free: 881026K (34%)
####### 97 Fri Jun 01 01:54:56 UTC 2018 $PTII/bin/ptinvoke ptolemy.vergil.basic.export.ExportModel -force htm -run -openComposites -timeOut 30000 -whiteBackground ptolemy/actor/gt/demo/ModelExecution/ModelExecution.xml $PTII/ptolemy/actor/gt/demo/ModelExecution/ModelExecution
Running .ModelExecution
10 ms. Memory: 2560512K Free: 690296K (27%)
2 ms. Memory: 2560512K Free: 690281K (27%)
1 ms. Memory: 2560512K Free: 690269K (27%)
1 ms. Memory: 2560512K Free: 690254K (27%)
2 ms. Memory: 2560512K Free: 690242K (27%)
1 ms. Memory: 2560512K Free: 690225K (27%)
2 ms. Memory: 2560512K Free: 671285K (26%)
1 ms. Memory: 2560512K Free: 671271K (26%)
1 ms. Memory: 2560512K Free: 671263K (26%)
1 ms. Memory: 2560512K Free: 671252K (26%)
9005 ms. Memory: 2560512K Free: 671252K (26%)
Exported /home/travis/build/icyphy/ptII/ptolemy/actor/gt/demo/ModelExecution/ModelExecution/index.html
Warning: LinkToOpenTableaux._provideEachAttribute() .ModelExecution._Controller.InitModel, an open effigy was null?
Warning: LinkToOpenTableaux._provideEachAttribute() .ModelExecution._Controller.Execute, an open effigy was null?
Warning: LinkToOpenTableaux._provideEachAttribute() .ModelExecution._Controller.SetConstValue, an open effigy was null?
Warning: LinkToOpenTableaux._provideEachAttribute() .ModelExecution._Controller.View, an open effigy was null?
Warning: LinkToOpenTableaux._provideEachAttribute() .ModelExecution._Controller.CreateModel, an open effigy was null?
13442 ms. Memory: 2560512K Free: 460348K (18%)
####### 98 Fri Jun 01 01:55:09 UTC 2018 $PTII/bin/ptinvoke ptolemy.vergil.basic.export.ExportModel -force htm -run -openComposites -timeOut 30000 -whiteBackground ptolemy/actor/gt/demo/ModelGeneration/ModelGeneration.xml $PTII/ptolemy/actor/gt/demo/ModelGeneration/ModelGeneration
Running .ModelGeneration
92 ms. Memory: 2560512K Free: 1297889K (51%)
Exported /home/travis/build/icyphy/ptII/ptolemy/actor/gt/demo/ModelGeneration/ModelGeneration/index.html
4637 ms. Memory: 2560512K Free: 1042112K (41%)
####### 99 Fri Jun 01 01:55:14 UTC 2018 $PTII/bin/ptinvoke ptolemy.vergil.basic.export.ExportModel -force htm -run -openComposites -timeOut 30000 -whiteBackground ptolemy/actor/gt/demo/ModelGeneration/ModelGenerationDE.xml $PTII/ptolemy/actor/gt/demo/ModelGeneration/ModelGenerationDE
Running .ModelGenerationDE
83 ms. Memory: 2560512K Free: 846891K (33%)
Exported /home/travis/build/icyphy/ptII/ptolemy/actor/gt/demo/ModelGeneration/ModelGenerationDE/index.html
4440 ms. Memory: 2560512K Free: 592632K (23%)
####### 100 Fri Jun 01 01:55:18 UTC 2018 $PTII/bin/ptinvoke ptolemy.vergil.basic.export.ExportModel -force htm  -openComposites -timeOut 30000 -whiteBackground ptolemy/actor/gt/demo/PublisherTest/PublisherTest.xml $PTII/ptolemy/actor/gt/demo/PublisherTest/PublisherTest
Warning: not running ptolemy/actor/gt/demo/PublisherTest/PublisherTest.xml. See ptolemy/vergil/basic/export/test/junit/ExportModelJUnitTest.java
Exported /home/travis/build/icyphy/ptII/ptolemy/actor/gt/demo/PublisherTest/PublisherTest/index.html
3365 ms. Memory: 2288640K Free: 1085254K (47%)
####### 101 Fri Jun 01 01:55:21 UTC 2018 $PTII/bin/ptinvoke ptolemy.vergil.basic.export.ExportModel -force htm -run -openComposites -timeOut 30000 -whiteBackground ptolemy/actor/gt/demo/RegressionTest/RegressionTest.xml $PTII/ptolemy/actor/gt/demo/RegressionTest/RegressionTest
Running .RegressionTest
15 ms. Memory: 2288640K Free: 806596K (35%)
Exported /home/travis/build/icyphy/ptII/ptolemy/actor/gt/demo/RegressionTest/RegressionTest/index.html
4401 ms. Memory: 2288640K Free: 785547K (34%)
####### 102 Fri Jun 01 01:55:26 UTC 2018 $PTII/bin/ptinvoke ptolemy.vergil.basic.export.ExportModel -force htm -run -openComposites -timeOut 30000 -whiteBackground ptolemy/actor/gt/demo/SinewaveOptimization/Sinewave.xml $PTII/ptolemy/actor/gt/demo/SinewaveOptimization/Sinewave
Running .Sinewave
20 ms. Memory: 2288640K Free: 666433K (29%)
Exported /home/travis/build/icyphy/ptII/ptolemy/actor/gt/demo/SinewaveOptimization/Sinewave/index.html
4153 ms. Memory: 2288640K Free: 625620K (27%)
####### 103 Fri Jun 01 01:55:30 UTC 2018 $PTII/bin/ptinvoke ptolemy.vergil.basic.export.ExportModel -force htm -run -openComposites -timeOut 30000 -whiteBackground ptolemy/actor/gt/demo/SinewaveOptimization/SinewaveOptimization.xml $PTII/ptolemy/actor/gt/demo/SinewaveOptimization/SinewaveOptimization
Running .SinewaveOptimization
2414 ms. Memory: 2288640K Free: 347354K (15%)
Exported /home/travis/build/icyphy/ptII/ptolemy/actor/gt/demo/SinewaveOptimization/SinewaveOptimization/index.html
6871 ms. Memory: 2554880K Free: 1420570K (56%)
####### 104 Fri Jun 01 01:55:37 UTC 2018 $PTII/bin/ptinvoke ptolemy.vergil.basic.export.ExportModel -force htm -run -openComposites -timeOut 30000 -whiteBackground ptolemy/actor/lib/aspect/demo/CanBus/CanBus.xml $PTII/ptolemy/actor/lib/aspect/demo/CanBus/CanBus
Running .CanBus
15 ms. Memory: 2554880K Free: 1300828K (51%)
Exported /home/travis/build/icyphy/ptII/ptolemy/actor/lib/aspect/demo/CanBus/CanBus/index.html
4261 ms. Memory: 2554880K Free: 1198925K (47%)
####### 105 Fri Jun 01 01:55:41 UTC 2018 $PTII/bin/ptinvoke ptolemy.vergil.basic.export.ExportModel -force htm -run -openComposites -timeOut 30000 -whiteBackground ptolemy/actor/lib/aspect/demo/CarTrackingAttackModeling/CarTrackingAttackModeling.xml $PTII/ptolemy/actor/lib/aspect/demo/CarTrackingAttackModeling/CarTrackingAttackModeling
Running .CarTrackingAttackModeling
1237 ms. Memory: 2554880K Free: 725945K (28%)
Exported /home/travis/build/icyphy/ptII/ptolemy/actor/lib/aspect/demo/CarTrackingAttackModeling/CarTrackingAttackModeling/index.html
8622 ms. Memory: 2244608K Free: 589539K (26%)
####### 106 Fri Jun 01 01:55:50 UTC 2018 $PTII/bin/ptinvoke ptolemy.vergil.basic.export.ExportModel -force htm -run -openComposites -timeOut 30000 -whiteBackground ptolemy/actor/lib/aspect/demo/CompositeQM/CompositeQM.xml $PTII/ptolemy/actor/lib/aspect/demo/CompositeQM/CompositeQM
Running .CompositeQM
19 ms. Memory: 2244608K Free: 448139K (20%)
Exported /home/travis/build/icyphy/ptII/ptolemy/actor/lib/aspect/demo/CompositeQM/CompositeQM/index.html
4290 ms. Memory: 2244608K Free: 325721K (15%)
####### 107 Fri Jun 01 01:55:54 UTC 2018 $PTII/bin/ptinvoke ptolemy.vergil.basic.export.ExportModel -force htm -run -openComposites -timeOut 30000 -whiteBackground ptolemy/actor/lib/aspect/demo/DE/DE.xml $PTII/ptolemy/actor/lib/aspect/demo/DE/DE
Running .DE
WARNING: The execution aspects in this model can influence the timing of actors by delaying the 
execution, potentially changing the behavior. There is no guarantee that actors fire at the 
time they request to be fired. 
Use Ptides for deterministic DE behavior that is not influenced by execution aspects. 

23 ms. Memory: 2244608K Free: 225275K (10%)
Exported /home/travis/build/icyphy/ptII/ptolemy/actor/lib/aspect/demo/DE/DE/index.html
4218 ms. Memory: 2557440K Free: 1439368K (56%)
####### 108 Fri Jun 01 01:55:58 UTC 2018 $PTII/bin/ptinvoke ptolemy.vergil.basic.export.ExportModel -force htm -run -openComposites -timeOut 30000 -whiteBackground ptolemy/actor/lib/aspect/demo/DE/DE2.xml $PTII/ptolemy/actor/lib/aspect/demo/DE/DE2
Running .DE2
WARNING: The execution aspects in this model can influence the timing of actors by delaying the 
execution, potentially changing the behavior. There is no guarantee that actors fire at the 
time they request to be fired. 
Use Ptides for deterministic DE behavior that is not influenced by execution aspects. 

113 ms. Memory: 2557440K Free: 1118752K (44%)
Exported /home/travis/build/icyphy/ptII/ptolemy/actor/lib/aspect/demo/DE/DE2/index.html
4776 ms. Memory: 2557440K Free: 875141K (34%)
####### 109 Fri Jun 01 01:56:03 UTC 2018 $PTII/bin/ptinvoke ptolemy.vergil.basic.export.ExportModel -force htm -run -openComposites -timeOut 30000 -whiteBackground ptolemy/actor/lib/aspect/demo/MonitorExecutionTimes/MonitorExecutionTimes.xml $PTII/ptolemy/actor/lib/aspect/demo/MonitorExecutionTimes/MonitorExecutionTimes
Running .MonitorExecutionTimes
WARNING: The execution aspects in this model can influence the timing of actors by delaying the 
execution, potentially changing the behavior. There is no guarantee that actors fire at the 
time they request to be fired. 
Use Ptides for deterministic DE behavior that is not influenced by execution aspects. 

21 ms. Memory: 2557440K Free: 713341K (28%)
Exported /home/travis/build/icyphy/ptII/ptolemy/actor/lib/aspect/demo/MonitorExecutionTimes/MonitorExecutionTimes/index.html
4234 ms. Memory: 2557440K Free: 629158K (25%)
####### 110 Fri Jun 01 01:56:07 UTC 2018 $PTII/bin/ptinvoke ptolemy.vergil.basic.export.ExportModel -force htm -run -openComposites -timeOut 30000 -whiteBackground ptolemy/actor/lib/colt/demo/ColtRandom/ColtRandom.xml $PTII/ptolemy/actor/lib/colt/demo/ColtRandom/ColtRandom
Running .ColtRandom
229 ms. Memory: 2220544K Free: 980023K (44%)
Exported /home/travis/build/icyphy/ptII/ptolemy/actor/lib/colt/demo/ColtRandom/ColtRandom/index.html
4468 ms. Memory: 2220544K Free: 875222K (39%)
####### 111 Fri Jun 01 01:56:12 UTC 2018 $PTII/bin/ptinvoke ptolemy.vergil.basic.export.ExportModel -force htm -run -openComposites -timeOut 30000 -whiteBackground ptolemy/actor/lib/comm/demo/ConvolutionalCoder/ConvolutionalCoder.xml $PTII/ptolemy/actor/lib/comm/demo/ConvolutionalCoder/ConvolutionalCoder
Running .ConvolutionalCoder
186 ms. Memory: 2220544K Free: 711910K (32%)
Exported /home/travis/build/icyphy/ptII/ptolemy/actor/lib/comm/demo/ConvolutionalCoder/ConvolutionalCoder/index.html
4448 ms. Memory: 2220544K Free: 590012K (27%)
####### 112 Fri Jun 01 01:56:16 UTC 2018 $PTII/bin/ptinvoke ptolemy.vergil.basic.export.ExportModel -force htm -run -openComposites -timeOut 30000 -whiteBackground ptolemy/actor/lib/comm/demo/HuffmanDecoder/HuffmanDecoder.xml $PTII/ptolemy/actor/lib/comm/demo/HuffmanDecoder/HuffmanDecoder
Running .HuffmanDecoder
141 ms. Memory: 2220544K Free: 468616K (21%)
Exported /home/travis/build/icyphy/ptII/ptolemy/actor/lib/comm/demo/HuffmanDecoder/HuffmanDecoder/index.html
4362 ms. Memory: 2220544K Free: 427170K (19%)
####### 113 Fri Jun 01 01:56:21 UTC 2018 $PTII/bin/ptinvoke ptolemy.vergil.basic.export.ExportModel -force htm -run -openComposites -timeOut 30000 -whiteBackground ptolemy/actor/lib/comm/demo/Scrambler/Scrambler.xml $PTII/ptolemy/actor/lib/comm/demo/Scrambler/Scrambler
Running .Scrambler
142 ms. Memory: 2220544K Free: 305361K (14%)
Exported /home/travis/build/icyphy/ptII/ptolemy/actor/lib/comm/demo/Scrambler/Scrambler/index.html
4295 ms. Memory: 2220544K Free: 243793K (11%)
####### 114 Fri Jun 01 01:56:25 UTC 2018 $PTII/bin/ptinvoke ptolemy.vergil.basic.export.ExportModel -force htm -run -openComposites -timeOut 30000 -whiteBackground ptolemy/actor/lib/comm/demo/TrellisDecoder/TrellisDecoder.xml $PTII/ptolemy/actor/lib/comm/demo/TrellisDecoder/TrellisDecoder
Running .TrellisDecoder
240 ms. Memory: 2560000K Free: 1421819K (56%)
Exported /home/travis/build/icyphy/ptII/ptolemy/actor/lib/comm/demo/TrellisDecoder/TrellisDecoder/index.html
4521 ms. Memory: 2560000K Free: 1253741K (49%)
####### 115 Fri Jun 01 01:56:29 UTC 2018 $PTII/bin/ptinvoke ptolemy.vergil.basic.export.ExportModel -force htm -run -openComposites -timeOut 30000 -whiteBackground ptolemy/actor/lib/comm/demo/ViterbiDecoder/ViterbiDecoder.xml $PTII/ptolemy/actor/lib/comm/demo/ViterbiDecoder/ViterbiDecoder
Running .ViterbiDecoder
118 ms. Memory: 2560000K Free: 1090074K (43%)
Exported /home/travis/build/icyphy/ptII/ptolemy/actor/lib/comm/demo/ViterbiDecoder/ViterbiDecoder/index.html
4351 ms. Memory: 2560000K Free: 987735K (39%)
####### 116 Fri Jun 01 01:56:34 UTC 2018 $PTII/bin/ptinvoke ptolemy.vergil.basic.export.ExportModel -force htm -run -openComposites -timeOut 30000 -whiteBackground ptolemy/actor/lib/database/demo/InteractiveQuery/InteractiveQuery.xml $PTII/ptolemy/actor/lib/database/demo/InteractiveQuery/InteractiveQuery
.InteractiveQuery.InteractiveShell invoked SwingUtilities.invokeAndWait()
Model ".InteractiveQuery" contains actors such cannot be run  as part of the export process from ExportModel or it has a WebExportParameters value that runBeforeExport set to false. To export run this model and export it, use vergil.
Exported /home/travis/build/icyphy/ptII/ptolemy/actor/lib/database/demo/InteractiveQuery/InteractiveQuery/index.html
3128 ms. Memory: 2560000K Free: 864144K (34%)
####### 117 Fri Jun 01 01:56:37 UTC 2018 $PTII/bin/ptinvoke ptolemy.vergil.basic.export.ExportModel -force htm -run -openComposites -timeOut 30000 -whiteBackground ptolemy/actor/lib/fmi/demo/FMUBouncingBall/FMUBouncingBall.xml $PTII/ptolemy/actor/lib/fmi/demo/FMUBouncingBall/FMUBouncingBall
Running .FMUBouncingBall
104 ms. Memory: 2560000K Free: 762266K (30%)
Exported /home/travis/build/icyphy/ptII/ptolemy/actor/lib/fmi/demo/FMUBouncingBall/FMUBouncingBall/index.html
4283 ms. Memory: 2560000K Free: 740804K (29%)
####### 118 Fri Jun 01 01:56:41 UTC 2018 $PTII/bin/ptinvoke ptolemy.vergil.basic.export.ExportModel -force htm -run -openComposites -timeOut 30000 -whiteBackground ptolemy/actor/lib/fmi/demo/FMULevelStairs/FMULevelStairs.xml $PTII/ptolemy/actor/lib/fmi/demo/FMULevelStairs/FMULevelStairs
Running .FMULevelStairs
39 ms. Memory: 2560000K Free: 638621K (25%)
Exported /home/travis/build/icyphy/ptII/ptolemy/actor/lib/fmi/demo/FMULevelStairs/FMULevelStairs/index.html
4164 ms. Memory: 2560000K Free: 576740K (23%)
####### 119 Fri Jun 01 01:56:45 UTC 2018 $PTII/bin/ptinvoke ptolemy.vergil.basic.export.ExportModel -force htm  -openComposites -timeOut 30000 -whiteBackground ptolemy/actor/lib/fmi/demo/FMUSimulationX/FMUSimulationX.xml $PTII/ptolemy/actor/lib/fmi/demo/FMUSimulationX/FMUSimulationX
Warning: not running ptolemy/actor/lib/fmi/demo/FMUSimulationX/FMUSimulationX.xml. See ptolemy/vergil/basic/export/test/junit/ExportModelJUnitTest.java
Exported /home/travis/build/icyphy/ptII/ptolemy/actor/lib/fmi/demo/FMUSimulationX/FMUSimulationX/index.html
3235 ms. Memory: 2227200K Free: 1064014K (48%)
####### 120 Fri Jun 01 01:56:49 UTC 2018 $PTII/bin/ptinvoke ptolemy.vergil.basic.export.ExportModel -force htm  -openComposites -timeOut 30000 -whiteBackground ptolemy/actor/lib/fmi/demo/FMUSimulationX/FMUSimulationXPIController.xml $PTII/ptolemy/actor/lib/fmi/demo/FMUSimulationX/FMUSimulationXPIController
Warning: not running ptolemy/actor/lib/fmi/demo/FMUSimulationX/FMUSimulationXPIController.xml. See ptolemy/vergil/basic/export/test/junit/ExportModelJUnitTest.java
Exported /home/travis/build/icyphy/ptII/ptolemy/actor/lib/fmi/demo/FMUSimulationX/FMUSimulationXPIController/index.html
3158 ms. Memory: 2227200K Free: 879429K (39%)
####### 121 Fri Jun 01 01:56:52 UTC 2018 $PTII/bin/ptinvoke ptolemy.vergil.basic.export.ExportModel -force htm -run -openComposites -timeOut 30000 -whiteBackground ptolemy/actor/lib/fmi/demo/FMUStairs/FMUStairs.xml $PTII/ptolemy/actor/lib/fmi/demo/FMUStairs/FMUStairs
Running .FMUStairs
46 ms. Memory: 2227200K Free: 777273K (35%)
Exported /home/travis/build/icyphy/ptII/ptolemy/actor/lib/fmi/demo/FMUStairs/FMUStairs/index.html
4179 ms. Memory: 2227200K Free: 695174K (31%)
####### 122 Fri Jun 01 01:56:56 UTC 2018 $PTII/bin/ptinvoke ptolemy.vergil.basic.export.ExportModel -force htm -run -openComposites -timeOut 30000 -whiteBackground ptolemy/actor/lib/fmi/demo/FMUTwoBallCollision/FMUTwoBallCollision.xml $PTII/ptolemy/actor/lib/fmi/demo/FMUTwoBallCollision/FMUTwoBallCollision
Running .FMUTwoBallCollision
73 ms. Memory: 2227200K Free: 491443K (22%)
Exported /home/travis/build/icyphy/ptII/ptolemy/actor/lib/fmi/demo/FMUTwoBallCollision/FMUTwoBallCollision/index.html
4343 ms. Memory: 2227200K Free: 367671K (17%)
####### 123 Fri Jun 01 01:57:00 UTC 2018 $PTII/bin/ptinvoke ptolemy.vergil.basic.export.ExportModel -force htm  -openComposites -timeOut 30000 -whiteBackground ptolemy/actor/lib/fmi/jni/demo/FourInFourOutsDymola/FourInFourOutsDymola.xml $PTII/ptolemy/actor/lib/fmi/jni/demo/FourInFourOutsDymola/FourInFourOutsDymola
Warning: not running ptolemy/actor/lib/fmi/jni/demo/FourInFourOutsDymola/FourInFourOutsDymola.xml. See ptolemy/vergil/basic/export/test/junit/ExportModelJUnitTest.java
Exported /home/travis/build/icyphy/ptII/ptolemy/actor/lib/fmi/jni/demo/FourInFourOutsDymola/FourInFourOutsDymola/index.html
3334 ms. Memory: 2562560K Free: 1317657K (51%)
####### 124 Fri Jun 01 01:57:04 UTC 2018 $PTII/bin/ptinvoke ptolemy.vergil.basic.export.ExportModel -force htm  -openComposites -timeOut 30000 -whiteBackground ptolemy/actor/lib/fmi/jni/demo/FourInFourOutsDymola/FourInFourOutsDymolaJNI.xml $PTII/ptolemy/actor/lib/fmi/jni/demo/FourInFourOutsDymola/FourInFourOutsDymolaJNI
Warning: not running ptolemy/actor/lib/fmi/jni/demo/FourInFourOutsDymola/FourInFourOutsDymolaJNI.xml. See ptolemy/vergil/basic/export/test/junit/ExportModelJUnitTest.java
Exported /home/travis/build/icyphy/ptII/ptolemy/actor/lib/fmi/jni/demo/FourInFourOutsDymola/FourInFourOutsDymolaJNI/index.html
3266 ms. Memory: 2562560K Free: 941311K (37%)
####### 125 Fri Jun 01 01:57:07 UTC 2018 $PTII/bin/ptinvoke ptolemy.vergil.basic.export.ExportModel -force htm  -openComposites -timeOut 30000 -whiteBackground ptolemy/actor/lib/fmi/jni/demo/FourInFourOutsDymola/FourInFourOutsDymolaWindows.xml $PTII/ptolemy/actor/lib/fmi/jni/demo/FourInFourOutsDymola/FourInFourOutsDymolaWindows
Warning: not running ptolemy/actor/lib/fmi/jni/demo/FourInFourOutsDymola/FourInFourOutsDymolaWindows.xml. See ptolemy/vergil/basic/export/test/junit/ExportModelJUnitTest.java
Exported /home/travis/build/icyphy/ptII/ptolemy/actor/lib/fmi/jni/demo/FourInFourOutsDymola/FourInFourOutsDymolaWindows/index.html
3167 ms. Memory: 2562560K Free: 771492K (30%)
####### 126 Fri Jun 01 01:57:10 UTC 2018 $PTII/bin/ptinvoke ptolemy.vergil.basic.export.ExportModel -force htm -run -openComposites -timeOut 30000 -whiteBackground ptolemy/actor/lib/gem5/demo/DramThermalModel/DramThermalModel.xml $PTII/ptolemy/actor/lib/gem5/demo/DramThermalModel/DramThermalModel
Model ".DramThermalModel" contains actors such cannot be run  as part of the export process from ExportModel or it has a WebExportParameters value that runBeforeExport set to false. To export run this model and export it, use vergil.
Exported /home/travis/build/icyphy/ptII/ptolemy/actor/lib/gem5/demo/DramThermalModel/DramThermalModel/index.html
5945 ms. Memory: 2568704K Free: 1284154K (50%)
####### 127 Fri Jun 01 01:57:16 UTC 2018 $PTII/bin/ptinvoke ptolemy.vergil.basic.export.ExportModel -force htm -run -openComposites -timeOut 30000 -whiteBackground ptolemy/actor/lib/hoc/demo/ApplyFFT/ApplyFFT.xml $PTII/ptolemy/actor/lib/hoc/demo/ApplyFFT/ApplyFFT
Running .ApplyFFT
75 ms. Memory: 2568704K Free: 1131709K (44%)
Exported /home/travis/build/icyphy/ptII/ptolemy/actor/lib/hoc/demo/ApplyFFT/ApplyFFT/index.html
4284 ms. Memory: 2568704K Free: 1045192K (41%)
####### 128 Fri Jun 01 01:57:20 UTC 2018 $PTII/bin/ptinvoke ptolemy.vergil.basic.export.ExportModel -force htm -run -openComposites -timeOut 30000 -whiteBackground ptolemy/actor/lib/hoc/demo/Case/Case.xml $PTII/ptolemy/actor/lib/hoc/demo/Case/Case
Running .Case
44 ms. Memory: 2568704K Free: 916788K (36%)
Exported /home/travis/build/icyphy/ptII/ptolemy/actor/lib/hoc/demo/Case/Case/index.html
4325 ms. Memory: 2568704K Free: 766462K (30%)
####### 129 Fri Jun 01 01:57:25 UTC 2018 $PTII/bin/ptinvoke ptolemy.vergil.basic.export.ExportModel -force htm -run -openComposites -timeOut 30000 -whiteBackground ptolemy/actor/lib/hoc/demo/DFTSubSet/DFTSubSet.xml $PTII/ptolemy/actor/lib/hoc/demo/DFTSubSet/DFTSubSet
Running .DFTSubSet
141 ms. Memory: 2568704K Free: 552883K (22%)
Exported /home/travis/build/icyphy/ptII/ptolemy/actor/lib/hoc/demo/DFTSubSet/DFTSubSet/index.html
5058 ms. Memory: 2560512K Free: 990541K (39%)
####### 130 Fri Jun 01 01:57:30 UTC 2018 $PTII/bin/ptinvoke ptolemy.vergil.basic.export.ExportModel -force htm -run -openComposites -timeOut 30000 -whiteBackground ptolemy/actor/lib/hoc/demo/HocDE/HocDE.xml $PTII/ptolemy/actor/lib/hoc/demo/HocDE/HocDE
Running .HocDE
177 ms. Memory: 2560512K Free: 798250K (31%)
Exported /home/travis/build/icyphy/ptII/ptolemy/actor/lib/hoc/demo/HocDE/HocDE/index.html
4697 ms. Memory: 2560512K Free: 395346K (15%)
####### 131 Fri Jun 01 01:57:34 UTC 2018 $PTII/bin/ptinvoke ptolemy.vergil.basic.export.ExportModel -force htm -run -openComposites -timeOut 30000 -whiteBackground ptolemy/actor/lib/hoc/demo/IterateOverArray/IterateOverArray.xml $PTII/ptolemy/actor/lib/hoc/demo/IterateOverArray/IterateOverArray
Running .IterateOverArray
562 ms. Memory: 2587648K Free: 1282858K (50%)
Exported /home/travis/build/icyphy/ptII/ptolemy/actor/lib/hoc/demo/IterateOverArray/IterateOverArray/index.html
4854 ms. Memory: 2587648K Free: 1170358K (45%)
####### 132 Fri Jun 01 01:57:39 UTC 2018 $PTII/bin/ptinvoke ptolemy.vergil.basic.export.ExportModel -force htm -run -openComposites -timeOut 30000 -whiteBackground ptolemy/actor/lib/hoc/demo/MobileFunction/MobileFunction.xml $PTII/ptolemy/actor/lib/hoc/demo/MobileFunction/MobileFunction
Running .MobileFunction
20 ms. Memory: 2587648K Free: 1080722K (42%)
Exported /home/travis/build/icyphy/ptII/ptolemy/actor/lib/hoc/demo/MobileFunction/MobileFunction/index.html
4169 ms. Memory: 2587648K Free: 1033703K (40%)
####### 133 Fri Jun 01 01:57:43 UTC 2018 $PTII/bin/ptinvoke ptolemy.vergil.basic.export.ExportModel -force htm -run -openComposites -timeOut 30000 -whiteBackground ptolemy/actor/lib/hoc/demo/ModelReference/ModelReference.xml $PTII/ptolemy/actor/lib/hoc/demo/ModelReference/ModelReference
Running .ModelReference
165 ms. Memory: 2587648K Free: 854678K (33%)
11 ms. Memory: 2587648K Free: 854528K (33%)
ExportHTMLTimer went off after 30000 ms., calling getDirector().finish and getDirector().stopFire()
30001 ms. Memory: 2587648K Free: 852925K (33%)
Exported /home/travis/build/icyphy/ptII/ptolemy/actor/lib/hoc/demo/ModelReference/ModelReference/index.html
34182 ms. Memory: 2587648K Free: 829256K (32%)
####### 134 Fri Jun 01 01:58:18 UTC 2018 $PTII/bin/ptinvoke ptolemy.vergil.basic.export.ExportModel -force htm -run -openComposites -timeOut 30000 -whiteBackground ptolemy/actor/lib/hoc/demo/ThreadedComposite/BackgroundExecution.xml $PTII/ptolemy/actor/lib/hoc/demo/ThreadedComposite/BackgroundExecution
Running .BackgroundExecution
9006 ms. Memory: 2587648K Free: 692136K (27%)
Exported /home/travis/build/icyphy/ptII/ptolemy/actor/lib/hoc/demo/ThreadedComposite/BackgroundExecution/index.html
13163 ms. Memory: 2587648K Free: 646263K (25%)
####### 135 Fri Jun 01 01:58:31 UTC 2018 $PTII/bin/ptinvoke ptolemy.vergil.basic.export.ExportModel -force htm -run -openComposites -timeOut 30000 -whiteBackground ptolemy/actor/lib/hoc/demo/ThreadedComposite/ConcurrentChat.xml $PTII/ptolemy/actor/lib/hoc/demo/ThreadedComposite/ConcurrentChat
.ConcurrentChat.ThreadedComposite.InteractiveShell invoked SwingUtilities.invokeAndWait()
Model ".ConcurrentChat" contains actors such cannot be run  as part of the export process from ExportModel or it has a WebExportParameters value that runBeforeExport set to false. To export run this model and export it, use vergil.
Exported /home/travis/build/icyphy/ptII/ptolemy/actor/lib/hoc/demo/ThreadedComposite/ConcurrentChat/index.html
3158 ms. Memory: 2587648K Free: 509278K (20%)
####### 136 Fri Jun 01 01:58:34 UTC 2018 $PTII/bin/ptinvoke ptolemy.vergil.basic.export.ExportModel -force htm -run -openComposites -timeOut 30000 -whiteBackground ptolemy/actor/lib/hoc/demo/ThreadedComposite/MulticoreExecution.xml $PTII/ptolemy/actor/lib/hoc/demo/ThreadedComposite/MulticoreExecution
Running .MulticoreExecution
10023 ms. Memory: 2586112K Free: 1465132K (57%)
Exported /home/travis/build/icyphy/ptII/ptolemy/actor/lib/hoc/demo/ThreadedComposite/MulticoreExecution/index.html
14197 ms. Memory: 2586112K Free: 1375414K (53%)
####### 137 Fri Jun 01 01:58:48 UTC 2018 $PTII/bin/ptinvoke ptolemy.vergil.basic.export.ExportModel -force htm -run -openComposites -timeOut 30000 -whiteBackground ptolemy/actor/lib/hoc/demo/ThreadedComposite/ParallelExecution.xml $PTII/ptolemy/actor/lib/hoc/demo/ThreadedComposite/ParallelExecution
Running .ParallelExecution
9027 ms. Memory: 2586112K Free: 1238192K (48%)
Exported /home/travis/build/icyphy/ptII/ptolemy/actor/lib/hoc/demo/ThreadedComposite/ParallelExecution/index.html
13204 ms. Memory: 2586112K Free: 1214292K (47%)
####### 138 Fri Jun 01 01:59:01 UTC 2018 $PTII/bin/ptinvoke ptolemy.vergil.basic.export.ExportModel -force htm -run -openComposites -timeOut 30000 -whiteBackground ptolemy/actor/lib/hoc/demo/ThreadedComposite/SpontaneousSources.xml $PTII/ptolemy/actor/lib/hoc/demo/ThreadedComposite/SpontaneousSources
.SpontaneousSources.ThreadedComposite.InteractiveShell invoked SwingUtilities.invokeAndWait()
Model ".SpontaneousSources" contains actors such cannot be run  as part of the export process from ExportModel or it has a WebExportParameters value that runBeforeExport set to false. To export run this model and export it, use vergil.
Exported /home/travis/build/icyphy/ptII/ptolemy/actor/lib/hoc/demo/ThreadedComposite/SpontaneousSources/index.html
3151 ms. Memory: 2586112K Free: 1056297K (41%)
####### 139 Fri Jun 01 01:59:05 UTC 2018 $PTII/bin/ptinvoke ptolemy.vergil.basic.export.ExportModel -force htm  -openComposites -timeOut 30000 -whiteBackground ptolemy/actor/lib/hoc/demo/ThreadedComposite/ThreadedComposite.xml $PTII/ptolemy/actor/lib/hoc/demo/ThreadedComposite/ThreadedComposite
Warning: not running ptolemy/actor/lib/hoc/demo/ThreadedComposite/ThreadedComposite.xml. See ptolemy/vergil/basic/export/test/junit/ExportModelJUnitTest.java
Exported /home/travis/build/icyphy/ptII/ptolemy/actor/lib/hoc/demo/ThreadedComposite/ThreadedComposite/index.html
3137 ms. Memory: 2586112K Free: 943820K (36%)
####### 140 Fri Jun 01 01:59:08 UTC 2018 $PTII/bin/ptinvoke ptolemy.vergil.basic.export.ExportModel -force htm  -openComposites -timeOut 30000 -whiteBackground ptolemy/actor/lib/io/comm/demo/SerialConsole/SerialConsole.xml $PTII/ptolemy/actor/lib/io/comm/demo/SerialConsole/SerialConsole
Warning: not running ptolemy/actor/lib/io/comm/demo/SerialConsole/SerialConsole.xml. See ptolemy/vergil/basic/export/test/junit/ExportModelJUnitTest.java
Exported /home/travis/build/icyphy/ptII/ptolemy/actor/lib/io/comm/demo/SerialConsole/SerialConsole/index.html
3178 ms. Memory: 2586112K Free: 809322K (31%)
####### 141 Fri Jun 01 01:59:11 UTC 2018 $PTII/bin/ptinvoke ptolemy.vergil.basic.export.ExportModel -force htm  -openComposites -timeOut 30000 -whiteBackground ptolemy/actor/lib/io/comm/demo/SerialPort/SerialPort.xml $PTII/ptolemy/actor/lib/io/comm/demo/SerialPort/SerialPort
Warning: not running ptolemy/actor/lib/io/comm/demo/SerialPort/SerialPort.xml. See ptolemy/vergil/basic/export/test/junit/ExportModelJUnitTest.java
Exported /home/travis/build/icyphy/ptII/ptolemy/actor/lib/io/comm/demo/SerialPort/SerialPort/index.html
3129 ms. Memory: 2586112K Free: 696879K (27%)
####### 142 Fri Jun 01 01:59:14 UTC 2018 $PTII/bin/ptinvoke ptolemy.vergil.basic.export.ExportModel -force htm  -openComposites -timeOut 30000 -whiteBackground ptolemy/actor/lib/io/comm/demo/XBee/XBee.xml $PTII/ptolemy/actor/lib/io/comm/demo/XBee/XBee
Warning: not running ptolemy/actor/lib/io/comm/demo/XBee/XBee.xml. See ptolemy/vergil/basic/export/test/junit/ExportModelJUnitTest.java
Exported /home/travis/build/icyphy/ptII/ptolemy/actor/lib/io/comm/demo/XBee/XBee/index.html
3131 ms. Memory: 2586112K Free: 558915K (22%)
####### 143 Fri Jun 01 01:59:17 UTC 2018 $PTII/bin/ptinvoke ptolemy.vergil.basic.export.ExportModel -force htm  -openComposites -timeOut 30000 -whiteBackground ptolemy/actor/lib/io/demo/AppendToFile/AppendToFile.xml $PTII/ptolemy/actor/lib/io/demo/AppendToFile/AppendToFile
Warning: not running ptolemy/actor/lib/io/demo/AppendToFile/AppendToFile.xml. See ptolemy/vergil/basic/export/test/junit/ExportModelJUnitTest.java
Exported /home/travis/build/icyphy/ptII/ptolemy/actor/lib/io/demo/AppendToFile/AppendToFile/index.html
3112 ms. Memory: 2586112K Free: 445156K (17%)
####### 144 Fri Jun 01 01:59:20 UTC 2018 $PTII/bin/ptinvoke ptolemy.vergil.basic.export.ExportModel -force htm  -openComposites -timeOut 30000 -whiteBackground ptolemy/actor/lib/io/demo/CopyFile/CopyFile.xml $PTII/ptolemy/actor/lib/io/demo/CopyFile/CopyFile
Warning: not running ptolemy/actor/lib/io/demo/CopyFile/CopyFile.xml. See ptolemy/vergil/basic/export/test/junit/ExportModelJUnitTest.java
Exported /home/travis/build/icyphy/ptII/ptolemy/actor/lib/io/demo/CopyFile/CopyFile/index.html
3148 ms. Memory: 2579456K Free: 1432798K (56%)
####### 145 Fri Jun 01 01:59:23 UTC 2018 $PTII/bin/ptinvoke ptolemy.vergil.basic.export.ExportModel -force htm  -openComposites -timeOut 30000 -whiteBackground ptolemy/actor/lib/io/demo/FilePortParameter/FilePortParameter.xml $PTII/ptolemy/actor/lib/io/demo/FilePortParameter/FilePortParameter
Warning: not running ptolemy/actor/lib/io/demo/FilePortParameter/FilePortParameter.xml. See ptolemy/vergil/basic/export/test/junit/ExportModelJUnitTest.java
Exported /home/travis/build/icyphy/ptII/ptolemy/actor/lib/io/demo/FilePortParameter/FilePortParameter/index.html
3159 ms. Memory: 2579456K Free: 1272075K (49%)
####### 146 Fri Jun 01 01:59:27 UTC 2018 $PTII/bin/ptinvoke ptolemy.vergil.basic.export.ExportModel -force htm  -openComposites -timeOut 30000 -whiteBackground ptolemy/actor/lib/io/demo/ReadExpressionsCommandLine/ReadExpressionsCommandLine.xml $PTII/ptolemy/actor/lib/io/demo/ReadExpressionsCommandLine/ReadExpressionsCommandLine
Warning: not running ptolemy/actor/lib/io/demo/ReadExpressionsCommandLine/ReadExpressionsCommandLine.xml. See ptolemy/vergil/basic/export/test/junit/ExportModelJUnitTest.java
Exported /home/travis/build/icyphy/ptII/ptolemy/actor/lib/io/demo/ReadExpressionsCommandLine/ReadExpressionsCommandLine/index.html
3116 ms. Memory: 2579456K Free: 1156524K (45%)
####### 147 Fri Jun 01 01:59:30 UTC 2018 $PTII/bin/ptinvoke ptolemy.vergil.basic.export.ExportModel -force htm  -openComposites -timeOut 30000 -whiteBackground ptolemy/actor/lib/io/demo/ReadStdIn/ReadStdIn.xml $PTII/ptolemy/actor/lib/io/demo/ReadStdIn/ReadStdIn
Warning: not running ptolemy/actor/lib/io/demo/ReadStdIn/ReadStdIn.xml. See ptolemy/vergil/basic/export/test/junit/ExportModelJUnitTest.java
Exported /home/travis/build/icyphy/ptII/ptolemy/actor/lib/io/demo/ReadStdIn/ReadStdIn/index.html
3117 ms. Memory: 2579456K Free: 1041111K (40%)
####### 148 Fri Jun 01 01:59:33 UTC 2018 $PTII/bin/ptinvoke ptolemy.vergil.basic.export.ExportModel -force htm -run -openComposites -timeOut 30000 -whiteBackground ptolemy/actor/lib/jai/demo/AdaptiveMedian/AdaptiveMedian.xml $PTII/ptolemy/actor/lib/jai/demo/AdaptiveMedian/AdaptiveMedian
Running .AdaptiveMedian
672 ms. Memory: 2579456K Free: 812644K (32%)
Exported /home/travis/build/icyphy/ptII/ptolemy/actor/lib/jai/demo/AdaptiveMedian/AdaptiveMedian/index.html
4834 ms. Memory: 2579456K Free: 788472K (31%)
####### 149 Fri Jun 01 01:59:38 UTC 2018 $PTII/bin/ptinvoke ptolemy.vergil.basic.export.ExportModel -force htm -run -openComposites -timeOut 30000 -whiteBackground ptolemy/actor/lib/jai/demo/ImageReconstruction/ImageReconstruction.xml $PTII/ptolemy/actor/lib/jai/demo/ImageReconstruction/ImageReconstruction
Running .ImageReconstruction
72 ms. Memory: 2579456K Free: 651906K (25%)
Exported /home/travis/build/icyphy/ptII/ptolemy/actor/lib/jai/demo/ImageReconstruction/ImageReconstruction/index.html
4254 ms. Memory: 2579456K Free: 627634K (24%)
####### 150 Fri Jun 01 01:59:42 UTC 2018 $PTII/bin/ptinvoke ptolemy.vergil.basic.export.ExportModel -force htm -run -openComposites -timeOut 30000 -whiteBackground ptolemy/actor/lib/jai/demo/VQSequenceDisplay/VQSequenceDisplay.xml $PTII/ptolemy/actor/lib/jai/demo/VQSequenceDisplay/VQSequenceDisplay
Running .VQSequenceDisplay
595 ms. Memory: 2579456K Free: 467853K (18%)
Exported /home/travis/build/icyphy/ptII/ptolemy/actor/lib/jai/demo/VQSequenceDisplay/VQSequenceDisplay/index.html
4735 ms. Memory: 2579456K Free: 420911K (16%)
]]></system-out>
  <system-err><![CDATA[Register Dispose
java.lang.NullPointerException
Register Dispose
java.lang.NullPointerException
Register Dispose
java.lang.NullPointerException
WARNING: Clock: Model stopped before executing actions (e.g. producing outputs) scheduled for execution at times [1.0]
WARNING: Mutable: Model stopped before executing actions (e.g. producing outputs) scheduled for execution at times [1.0]
Mutable: Connection refused.
ptolemy.kernel.util.IllegalActionException: Connection refused.
  in .AugmentedRealityFeedbackBlee.Mutable
Because:
MqttException
	at ptolemy.actor.lib.jjs.HelperBase$2.run(HelperBase.java:213)
	at ptolemy.actor.lib.jjs.JavaScript.fire(JavaScript.java:1060)
	at ptolemy.domains.de.kernel.DEDirector._fire(DEDirector.java:1948)
	at ptolemy.domains.de.kernel.DEDirector.fire(DEDirector.java:502)
	at ptolemy.actor.CompositeActor.fire(CompositeActor.java:455)
	at ptolemy.actor.Manager.iterate(Manager.java:851)
	at ptolemy.actor.Manager.execute(Manager.java:369)
	at ptolemy.vergil.basic.export.ExportModel$2.run(ExportModel.java:390)
	at java.awt.event.InvocationEvent.dispatch(InvocationEvent.java:301)
	at java.awt.EventQueue.dispatchEventImpl(EventQueue.java:756)
	at java.awt.EventQueue.access$500(EventQueue.java:97)
	at java.awt.EventQueue$3.run(EventQueue.java:709)
	at java.awt.EventQueue$3.run(EventQueue.java:703)
	at java.security.AccessController.doPrivileged(Native Method)
	at java.security.ProtectionDomain$JavaSecurityAccessImpl.doIntersectionPrivilege(ProtectionDomain.java:80)
	at java.awt.EventQueue.dispatchEvent(EventQueue.java:726)
	at java.awt.EventDispatchThread.pumpOneEventForFilters(EventDispatchThread.java:201)
	at java.awt.EventDispatchThread.pumpEventsForFilter(EventDispatchThread.java:116)
	at java.awt.EventDispatchThread.pumpEventsForHierarchy(EventDispatchThread.java:105)
	at java.awt.EventDispatchThread.pumpEvents(EventDispatchThread.java:101)
	at java.awt.EventDispatchThread.pumpEvents(EventDispatchThread.java:93)
	at java.awt.EventDispatchThread.run(EventDispatchThread.java:82)
Caused by: MqttException (0) - java.net.UnknownHostException: ThisIsNotAPipeNorIsITheBrokerHostIPAddress.UseSummonToFindALocalBroker
	at org.eclipse.paho.client.mqttv3.internal.ExceptionHelper.createMqttException(ExceptionHelper.java:38)
	at org.eclipse.paho.client.mqttv3.internal.ClientComms$ConnectBG.run(ClientComms.java:715)
	at java.util.concurrent.Executors$RunnableAdapter.call(Executors.java:511)
	at java.util.concurrent.FutureTask.run(FutureTask.java:266)
	at java.util.concurrent.ScheduledThreadPoolExecutor$ScheduledFutureTask.access$201(ScheduledThreadPoolExecutor.java:180)
	at java.util.concurrent.ScheduledThreadPoolExecutor$ScheduledFutureTask.run(ScheduledThreadPoolExecutor.java:293)
	at java.util.concurrent.ThreadPoolExecutor.runWorker(ThreadPoolExecutor.java:1149)
	at java.util.concurrent.ThreadPoolExecutor$Worker.run(ThreadPoolExecutor.java:624)
	at java.lang.Thread.run(Thread.java:748)
Caused by: java.net.UnknownHostException: ThisIsNotAPipeNorIsITheBrokerHostIPAddress.UseSummonToFindALocalBroker
	at java.net.AbstractPlainSocketImpl.connect(AbstractPlainSocketImpl.java:184)
	at java.net.SocksSocketImpl.connect(SocksSocketImpl.java:392)
	at java.net.Socket.connect(Socket.java:589)
	at org.eclipse.paho.client.mqttv3.internal.TCPNetworkModule.start(TCPNetworkModule.java:84)
	at org.eclipse.paho.client.mqttv3.internal.ClientComms$ConnectBG.run(ClientComms.java:701)
	... 7 more
Caused by: MqttException (0) - java.net.UnknownHostException: ThisIsNotAPipeNorIsITheBrokerHostIPAddress.UseSummonToFindALocalBroker
	at org.eclipse.paho.client.mqttv3.internal.ExceptionHelper.createMqttException(ExceptionHelper.java:38)
	at org.eclipse.paho.client.mqttv3.internal.ClientComms$ConnectBG.run(ClientComms.java:715)
	at java.util.concurrent.Executors$RunnableAdapter.call(Executors.java:511)
	at java.util.concurrent.FutureTask.run(FutureTask.java:266)
	at java.util.concurrent.ScheduledThreadPoolExecutor$ScheduledFutureTask.access$201(ScheduledThreadPoolExecutor.java:180)
	at java.util.concurrent.ScheduledThreadPoolExecutor$ScheduledFutureTask.run(ScheduledThreadPoolExecutor.java:293)
	at java.util.concurrent.ThreadPoolExecutor.runWorker(ThreadPoolExecutor.java:1149)
	at java.util.concurrent.ThreadPoolExecutor$Worker.run(ThreadPoolExecutor.java:624)
	at java.lang.Thread.run(Thread.java:748)
Caused by: java.net.UnknownHostException: ThisIsNotAPipeNorIsITheBrokerHostIPAddress.UseSummonToFindALocalBroker
	at java.net.AbstractPlainSocketImpl.connect(AbstractPlainSocketImpl.java:184)
	at java.net.SocksSocketImpl.connect(SocksSocketImpl.java:392)
	at java.net.Socket.connect(Socket.java:589)
	at org.eclipse.paho.client.mqttv3.internal.TCPNetworkModule.start(TCPNetworkModule.java:84)
	at org.eclipse.paho.client.mqttv3.internal.ClientComms$ConnectBG.run(ClientComms.java:701)
	... 7 more
WARNING: Clock: Model stopped before executing actions (e.g. producing outputs) scheduled for execution at times [23.0]
WARNING: Clock: Model stopped before executing actions (e.g. producing outputs) scheduled for execution at times [22.0]
[AWT-EventQueue-0] INFO com.github.sarxos.webcam.Webcam - WebcamDefaultDriver capture driver will be used
[atomic-processor-1] INFO com.github.sarxos.webcam.ds.cgt.WebcamOpenTask - Opening webcam Dummy Webcam 0
[atomic-processor-1] INFO com.github.sarxos.webcam.ds.cgt.WebcamCloseTask - Closing Dummy Webcam 0
[atomic-processor-1] INFO com.github.sarxos.webcam.ds.cgt.WebcamOpenTask - Opening webcam Dummy Webcam 0
[atomic-processor-1] INFO com.github.sarxos.webcam.ds.cgt.WebcamCloseTask - Closing Dummy Webcam 0
WARNING: Camera: Model stopped before executing actions (e.g. producing outputs) scheduled for execution at times [19.755]
HttpClientHelper.java: Received an error for request 0: io.netty.channel.ConnectTimeoutException: connection timed out: /192.168.1.217:8099
io.netty.channel.ConnectTimeoutException: connection timed out: /192.168.1.217:8099
	at io.netty.channel.nio.AbstractNioChannel$AbstractNioUnsafe$1.run(AbstractNioChannel.java:267)
	at io.netty.util.concurrent.PromiseTask$RunnableAdapter.call(PromiseTask.java:38)
	at io.netty.util.concurrent.ScheduledFutureTask.run(ScheduledFutureTask.java:125)
	at io.netty.util.concurrent.AbstractEventExecutor.safeExecute(AbstractEventExecutor.java:163)
	at io.netty.util.concurrent.SingleThreadEventExecutor.runAllTasks(SingleThreadEventExecutor.java:404)
	at io.netty.channel.nio.NioEventLoop.run(NioEventLoop.java:463)
	at io.netty.util.concurrent.SingleThreadEventExecutor$5.run(SingleThreadEventExecutor.java:886)
	at io.netty.util.concurrent.FastThreadLocalRunnable.run(FastThreadLocalRunnable.java:30)
	at java.lang.Thread.run(Thread.java:748)
HttpClientHelper.java: Received an error for request 1: io.netty.channel.ConnectTimeoutException: connection timed out: /192.168.1.217:8099
io.netty.channel.ConnectTimeoutException: connection timed out: /192.168.1.217:8099
	at io.netty.channel.nio.AbstractNioChannel$AbstractNioUnsafe$1.run(AbstractNioChannel.java:267)
	at io.netty.util.concurrent.PromiseTask$RunnableAdapter.call(PromiseTask.java:38)
	at io.netty.util.concurrent.ScheduledFutureTask.run(ScheduledFutureTask.java:125)
	at io.netty.util.concurrent.AbstractEventExecutor.safeExecute(AbstractEventExecutor.java:163)
	at io.netty.util.concurrent.SingleThreadEventExecutor.runAllTasks(SingleThreadEventExecutor.java:404)
	at io.netty.channel.nio.NioEventLoop.run(NioEventLoop.java:463)
	at io.netty.util.concurrent.SingleThreadEventExecutor$5.run(SingleThreadEventExecutor.java:886)
	at io.netty.util.concurrent.FastThreadLocalRunnable.run(FastThreadLocalRunnable.java:30)
	at java.lang.Thread.run(Thread.java:748)
HttpClientHelper.java: Received an error for request 2: io.netty.channel.ConnectTimeoutException: connection timed out: /192.168.1.217:8099
io.netty.channel.ConnectTimeoutException: connection timed out: /192.168.1.217:8099
	at io.netty.channel.nio.AbstractNioChannel$AbstractNioUnsafe$1.run(AbstractNioChannel.java:267)
	at io.netty.util.concurrent.PromiseTask$RunnableAdapter.call(PromiseTask.java:38)
	at io.netty.util.concurrent.ScheduledFutureTask.run(ScheduledFutureTask.java:125)
	at io.netty.util.concurrent.AbstractEventExecutor.safeExecute(AbstractEventExecutor.java:163)
	at io.netty.util.concurrent.SingleThreadEventExecutor.runAllTasks(SingleThreadEventExecutor.java:404)
	at io.netty.channel.nio.NioEventLoop.run(NioEventLoop.java:463)
	at io.netty.util.concurrent.SingleThreadEventExecutor$5.run(SingleThreadEventExecutor.java:886)
	at io.netty.util.concurrent.FastThreadLocalRunnable.run(FastThreadLocalRunnable.java:30)
	at java.lang.Thread.run(Thread.java:748)
HttpClientHelper.java: Received an error for request 3: io.netty.channel.ConnectTimeoutException: connection timed out: /192.168.1.217:8099
io.netty.channel.ConnectTimeoutException: connection timed out: /192.168.1.217:8099
	at io.netty.channel.nio.AbstractNioChannel$AbstractNioUnsafe$1.run(AbstractNioChannel.java:267)
	at io.netty.util.concurrent.PromiseTask$RunnableAdapter.call(PromiseTask.java:38)
	at io.netty.util.concurrent.ScheduledFutureTask.run(ScheduledFutureTask.java:125)
	at io.netty.util.concurrent.AbstractEventExecutor.safeExecute(AbstractEventExecutor.java:163)
	at io.netty.util.concurrent.SingleThreadEventExecutor.runAllTasks(SingleThreadEventExecutor.java:404)
	at io.netty.channel.nio.NioEventLoop.run(NioEventLoop.java:463)
	at io.netty.util.concurrent.SingleThreadEventExecutor$5.run(SingleThreadEventExecutor.java:886)
	at io.netty.util.concurrent.FastThreadLocalRunnable.run(FastThreadLocalRunnable.java:30)
	at java.lang.Thread.run(Thread.java:748)
HttpClientHelper.java: Received an error for request 4: io.netty.channel.ConnectTimeoutException: connection timed out: /192.168.1.217:8099
io.netty.channel.ConnectTimeoutException: connection timed out: /192.168.1.217:8099
	at io.netty.channel.nio.AbstractNioChannel$AbstractNioUnsafe$1.run(AbstractNioChannel.java:267)
	at io.netty.util.concurrent.PromiseTask$RunnableAdapter.call(PromiseTask.java:38)
	at io.netty.util.concurrent.ScheduledFutureTask.run(ScheduledFutureTask.java:125)
	at io.netty.util.concurrent.AbstractEventExecutor.safeExecute(AbstractEventExecutor.java:163)
	at io.netty.util.concurrent.SingleThreadEventExecutor.runAllTasks(SingleThreadEventExecutor.java:404)
	at io.netty.channel.nio.NioEventLoop.run(NioEventLoop.java:463)
	at io.netty.util.concurrent.SingleThreadEventExecutor$5.run(SingleThreadEventExecutor.java:886)
	at io.netty.util.concurrent.FastThreadLocalRunnable.run(FastThreadLocalRunnable.java:30)
	at java.lang.Thread.run(Thread.java:748)
WARNING: GenerateLifxAccessors: Model stopped before executing actions (e.g. producing outputs) scheduled for execution at times [7.0, 11.0]
HttpClientHelper.java: Received an error for request 0: io.netty.channel.ConnectTimeoutException: connection timed out: /192.168.1.217:8099
io.netty.channel.ConnectTimeoutException: connection timed out: /192.168.1.217:8099
	at io.netty.channel.nio.AbstractNioChannel$AbstractNioUnsafe$1.run(AbstractNioChannel.java:267)
	at io.netty.util.concurrent.PromiseTask$RunnableAdapter.call(PromiseTask.java:38)
	at io.netty.util.concurrent.ScheduledFutureTask.run(ScheduledFutureTask.java:125)
	at io.netty.util.concurrent.AbstractEventExecutor.safeExecute(AbstractEventExecutor.java:163)
	at io.netty.util.concurrent.SingleThreadEventExecutor.runAllTasks(SingleThreadEventExecutor.java:404)
	at io.netty.channel.nio.NioEventLoop.run(NioEventLoop.java:463)
	at io.netty.util.concurrent.SingleThreadEventExecutor$5.run(SingleThreadEventExecutor.java:886)
	at io.netty.util.concurrent.FastThreadLocalRunnable.run(FastThreadLocalRunnable.java:30)
	at java.lang.Thread.run(Thread.java:748)
HttpClientHelper.java: Received an error for request 1: io.netty.channel.ConnectTimeoutException: connection timed out: /192.168.1.217:8099
io.netty.channel.ConnectTimeoutException: connection timed out: /192.168.1.217:8099
	at io.netty.channel.nio.AbstractNioChannel$AbstractNioUnsafe$1.run(AbstractNioChannel.java:267)
	at io.netty.util.concurrent.PromiseTask$RunnableAdapter.call(PromiseTask.java:38)
	at io.netty.util.concurrent.ScheduledFutureTask.run(ScheduledFutureTask.java:125)
	at io.netty.util.concurrent.AbstractEventExecutor.safeExecute(AbstractEventExecutor.java:163)
	at io.netty.util.concurrent.SingleThreadEventExecutor.runAllTasks(SingleThreadEventExecutor.java:404)
	at io.netty.channel.nio.NioEventLoop.run(NioEventLoop.java:463)
	at io.netty.util.concurrent.SingleThreadEventExecutor$5.run(SingleThreadEventExecutor.java:886)
	at io.netty.util.concurrent.FastThreadLocalRunnable.run(FastThreadLocalRunnable.java:30)
	at java.lang.Thread.run(Thread.java:748)
HttpClientHelper.java: Received an error for request 2: io.netty.channel.ConnectTimeoutException: connection timed out: /192.168.1.217:8099
io.netty.channel.ConnectTimeoutException: connection timed out: /192.168.1.217:8099
	at io.netty.channel.nio.AbstractNioChannel$AbstractNioUnsafe$1.run(AbstractNioChannel.java:267)
	at io.netty.util.concurrent.PromiseTask$RunnableAdapter.call(PromiseTask.java:38)
	at io.netty.util.concurrent.ScheduledFutureTask.run(ScheduledFutureTask.java:125)
	at io.netty.util.concurrent.AbstractEventExecutor.safeExecute(AbstractEventExecutor.java:163)
	at io.netty.util.concurrent.SingleThreadEventExecutor.runAllTasks(SingleThreadEventExecutor.java:404)
	at io.netty.channel.nio.NioEventLoop.run(NioEventLoop.java:463)
	at io.netty.util.concurrent.SingleThreadEventExecutor$5.run(SingleThreadEventExecutor.java:886)
	at io.netty.util.concurrent.FastThreadLocalRunnable.run(FastThreadLocalRunnable.java:30)
	at java.lang.Thread.run(Thread.java:748)
HttpClientHelper.java: Received an error for request 3: io.netty.channel.ConnectTimeoutException: connection timed out: /192.168.1.217:8099
io.netty.channel.ConnectTimeoutException: connection timed out: /192.168.1.217:8099
	at io.netty.channel.nio.AbstractNioChannel$AbstractNioUnsafe$1.run(AbstractNioChannel.java:267)
	at io.netty.util.concurrent.PromiseTask$RunnableAdapter.call(PromiseTask.java:38)
	at io.netty.util.concurrent.ScheduledFutureTask.run(ScheduledFutureTask.java:125)
	at io.netty.util.concurrent.AbstractEventExecutor.safeExecute(AbstractEventExecutor.java:163)
	at io.netty.util.concurrent.SingleThreadEventExecutor.runAllTasks(SingleThreadEventExecutor.java:404)
	at io.netty.channel.nio.NioEventLoop.run(NioEventLoop.java:463)
	at io.netty.util.concurrent.SingleThreadEventExecutor$5.run(SingleThreadEventExecutor.java:886)
	at io.netty.util.concurrent.FastThreadLocalRunnable.run(FastThreadLocalRunnable.java:30)
	at java.lang.Thread.run(Thread.java:748)
HttpClientHelper.java: Received an error for request 4: io.netty.channel.ConnectTimeoutException: connection timed out: /192.168.1.217:8099
io.netty.channel.ConnectTimeoutException: connection timed out: /192.168.1.217:8099
	at io.netty.channel.nio.AbstractNioChannel$AbstractNioUnsafe$1.run(AbstractNioChannel.java:267)
	at io.netty.util.concurrent.PromiseTask$RunnableAdapter.call(PromiseTask.java:38)
	at io.netty.util.concurrent.ScheduledFutureTask.run(ScheduledFutureTask.java:125)
	at io.netty.util.concurrent.AbstractEventExecutor.safeExecute(AbstractEventExecutor.java:163)
	at io.netty.util.concurrent.SingleThreadEventExecutor.runAllTasks(SingleThreadEventExecutor.java:404)
	at io.netty.channel.nio.NioEventLoop.run(NioEventLoop.java:463)
	at io.netty.util.concurrent.SingleThreadEventExecutor$5.run(SingleThreadEventExecutor.java:886)
	at io.netty.util.concurrent.FastThreadLocalRunnable.run(FastThreadLocalRunnable.java:30)
	at java.lang.Thread.run(Thread.java:748)
HttpClientHelper.java: Received an error for request 5: io.netty.channel.ConnectTimeoutException: connection timed out: /192.168.1.217:8099
io.netty.channel.ConnectTimeoutException: connection timed out: /192.168.1.217:8099
	at io.netty.channel.nio.AbstractNioChannel$AbstractNioUnsafe$1.run(AbstractNioChannel.java:267)
	at io.netty.util.concurrent.PromiseTask$RunnableAdapter.call(PromiseTask.java:38)
	at io.netty.util.concurrent.ScheduledFutureTask.run(ScheduledFutureTask.java:125)
	at io.netty.util.concurrent.AbstractEventExecutor.safeExecute(AbstractEventExecutor.java:163)
	at io.netty.util.concurrent.SingleThreadEventExecutor.runAllTasks(SingleThreadEventExecutor.java:404)
	at io.netty.channel.nio.NioEventLoop.run(NioEventLoop.java:463)
	at io.netty.util.concurrent.SingleThreadEventExecutor$5.run(SingleThreadEventExecutor.java:886)
	at io.netty.util.concurrent.FastThreadLocalRunnable.run(FastThreadLocalRunnable.java:30)
	at java.lang.Thread.run(Thread.java:748)
HttpClientHelper.java: Received an error for request 0: io.netty.channel.ConnectTimeoutException: connection timed out: /192.168.1.217:8099
io.netty.channel.ConnectTimeoutException: connection timed out: /192.168.1.217:8099
	at io.netty.channel.nio.AbstractNioChannel$AbstractNioUnsafe$1.run(AbstractNioChannel.java:267)
	at io.netty.util.concurrent.PromiseTask$RunnableAdapter.call(PromiseTask.java:38)
	at io.netty.util.concurrent.ScheduledFutureTask.run(ScheduledFutureTask.java:125)
	at io.netty.util.concurrent.AbstractEventExecutor.safeExecute(AbstractEventExecutor.java:163)
	at io.netty.util.concurrent.SingleThreadEventExecutor.runAllTasks(SingleThreadEventExecutor.java:404)
	at io.netty.channel.nio.NioEventLoop.run(NioEventLoop.java:463)
	at io.netty.util.concurrent.SingleThreadEventExecutor$5.run(SingleThreadEventExecutor.java:886)
	at io.netty.util.concurrent.FastThreadLocalRunnable.run(FastThreadLocalRunnable.java:30)
	at java.lang.Thread.run(Thread.java:748)
[atomic-processor-1] INFO com.github.sarxos.webcam.ds.cgt.WebcamOpenTask - Opening webcam Dummy Webcam 0
[atomic-processor-1] INFO com.github.sarxos.webcam.ds.cgt.WebcamCloseTask - Closing Dummy Webcam 0
Jun 01, 2018 1:48:14 AM sun.awt.X11.XToolkit processException
WARNING: Exception on Toolkit thread
java.lang.NullPointerException
	at java.awt.Component$BltBufferStrategy.contentsLost(Component.java:4479)
	at java.awt.Component$BltSubRegionBufferStrategy.showIfNotLost(Component.java:4542)
	at javax.swing.BufferStrategyPaintManager.show(BufferStrategyPaintManager.java:252)
	at javax.swing.RepaintManager.show(RepaintManager.java:1379)
	at javax.swing.SwingPaintEventDispatcher.createPaintEvent(SwingPaintEventDispatcher.java:61)
	at sun.awt.X11.XWindow.postPaintEvent(XWindow.java:564)
	at sun.awt.X11.XContentWindow.postPaintEvent(XContentWindow.java:163)
	at sun.awt.X11.XWindow.handleExposeEvent(XWindow.java:558)
	at sun.awt.X11.XContentWindow.handleExposeEvent(XContentWindow.java:45)
	at sun.awt.X11.XBaseWindow.dispatchEvent(XBaseWindow.java:1110)
	at sun.awt.X11.XBaseWindow.dispatchToWindow(XBaseWindow.java:1086)
	at sun.awt.X11.XToolkit.dispatchEvent(XToolkit.java:502)
	at sun.awt.X11.XToolkit.run(XToolkit.java:616)
	at sun.awt.X11.XToolkit.run(XToolkit.java:532)
	at java.lang.Thread.run(Thread.java:748)

HttpClientHelper.java: Received an error for request 0: io.netty.channel.ConnectTimeoutException: connection timed out: /192.168.1.221:80
io.netty.channel.ConnectTimeoutException: connection timed out: /192.168.1.221:80
	at io.netty.channel.nio.AbstractNioChannel$AbstractNioUnsafe$1.run(AbstractNioChannel.java:267)
	at io.netty.util.concurrent.PromiseTask$RunnableAdapter.call(PromiseTask.java:38)
	at io.netty.util.concurrent.ScheduledFutureTask.run(ScheduledFutureTask.java:125)
	at io.netty.util.concurrent.AbstractEventExecutor.safeExecute(AbstractEventExecutor.java:163)
	at io.netty.util.concurrent.SingleThreadEventExecutor.runAllTasks(SingleThreadEventExecutor.java:404)
	at io.netty.channel.nio.NioEventLoop.run(NioEventLoop.java:463)
	at io.netty.util.concurrent.SingleThreadEventExecutor$5.run(SingleThreadEventExecutor.java:886)
	at io.netty.util.concurrent.FastThreadLocalRunnable.run(FastThreadLocalRunnable.java:30)
	at java.lang.Thread.run(Thread.java:748)
Hue: connection timed out: /192.168.1.221:80
[atomic-processor-1] INFO com.github.sarxos.webcam.ds.cgt.WebcamOpenTask - Opening webcam Dummy Webcam 0
HttpClientHelper.java: Received an error for request 0: io.netty.channel.ConnectTimeoutException: connection timed out: /192.168.2.2:80
io.netty.channel.ConnectTimeoutException: connection timed out: /192.168.2.2:80
	at io.netty.channel.nio.AbstractNioChannel$AbstractNioUnsafe$1.run(AbstractNioChannel.java:267)
	at io.netty.util.concurrent.PromiseTask$RunnableAdapter.call(PromiseTask.java:38)
	at io.netty.util.concurrent.ScheduledFutureTask.run(ScheduledFutureTask.java:125)
	at io.netty.util.concurrent.AbstractEventExecutor.safeExecute(AbstractEventExecutor.java:163)
	at io.netty.util.concurrent.SingleThreadEventExecutor.runAllTasks(SingleThreadEventExecutor.java:404)
	at io.netty.channel.nio.NioEventLoop.run(NioEventLoop.java:463)
	at io.netty.util.concurrent.SingleThreadEventExecutor$5.run(SingleThreadEventExecutor.java:886)
	at io.netty.util.concurrent.FastThreadLocalRunnable.run(FastThreadLocalRunnable.java:30)
	at java.lang.Thread.run(Thread.java:748)
Hue: connection timed out: /192.168.2.2:80
[atomic-processor-1] INFO com.github.sarxos.webcam.ds.cgt.WebcamCloseTask - Closing Dummy Webcam 0
[atomic-processor-1] INFO com.github.sarxos.webcam.ds.cgt.WebcamOpenTask - Opening webcam Dummy Webcam 0
HttpClientHelper.java: Received an error for request 0: io.netty.channel.ConnectTimeoutException: connection timed out: /10.0.0.235:80
io.netty.channel.ConnectTimeoutException: connection timed out: /10.0.0.235:80
	at io.netty.channel.nio.AbstractNioChannel$AbstractNioUnsafe$1.run(AbstractNioChannel.java:267)
	at io.netty.util.concurrent.PromiseTask$RunnableAdapter.call(PromiseTask.java:38)
	at io.netty.util.concurrent.ScheduledFutureTask.run(ScheduledFutureTask.java:125)
	at io.netty.util.concurrent.AbstractEventExecutor.safeExecute(AbstractEventExecutor.java:163)
	at io.netty.util.concurrent.SingleThreadEventExecutor.runAllTasks(SingleThreadEventExecutor.java:404)
	at io.netty.channel.nio.NioEventLoop.run(NioEventLoop.java:463)
	at io.netty.util.concurrent.SingleThreadEventExecutor$5.run(SingleThreadEventExecutor.java:886)
	at io.netty.util.concurrent.FastThreadLocalRunnable.run(FastThreadLocalRunnable.java:30)
	at java.lang.Thread.run(Thread.java:748)
WARNING: Invoking send() too late (probably in a callback), so Camera is not able to send the token {type="class ptolemy.data.AWTImageToken", width="640", height="480"} to the output image. Token is discarded.
[atomic-processor-1] INFO com.github.sarxos.webcam.ds.cgt.WebcamCloseTask - Closing Dummy Webcam 0
WARNING: Camera: Model stopped before executing actions (e.g. producing outputs) scheduled for execution at times [37.550000000000004, 39.597, 21.114, 32.446, 10.938, 33.464, 19.078, 29.316000000000003, 43.705, 18.060000000000002, 5.828, 44.734, 27.252000000000002, 23.158, 24.177, 38.568000000000005, 42.671, 22.132, 9.918000000000001, 34.484, 35.512, 49.832, 13.983, 47.798, 7.882000000000001, 36.531, 40.616, 6.861000000000001, 15.008000000000001, 12.955, 45.759, 51.893, 4.823, 48.815000000000005, 17.039, 41.642, 26.225, 20.096, 30.34, 11.955, 16.021, 25.196, 8.9, 28.282, 31.424, 46.776, 50.863]
Jun 01, 2018 1:50:41 AM sun.awt.X11.XToolkit processException
WARNING: Exception on Toolkit thread
java.lang.NullPointerException
	at java.awt.Component$BltBufferStrategy.contentsLost(Component.java:4479)
	at java.awt.Component$BltSubRegionBufferStrategy.showIfNotLost(Component.java:4542)
	at javax.swing.BufferStrategyPaintManager.show(BufferStrategyPaintManager.java:252)
	at javax.swing.RepaintManager.show(RepaintManager.java:1379)
	at javax.swing.SwingPaintEventDispatcher.createPaintEvent(SwingPaintEventDispatcher.java:61)
	at sun.awt.X11.XWindow.postPaintEvent(XWindow.java:564)
	at sun.awt.X11.XContentWindow.postPaintEvent(XContentWindow.java:163)
	at sun.awt.X11.XWindow.handleExposeEvent(XWindow.java:558)
	at sun.awt.X11.XContentWindow.handleExposeEvent(XContentWindow.java:45)
	at sun.awt.X11.XBaseWindow.dispatchEvent(XBaseWindow.java:1110)
	at sun.awt.X11.XBaseWindow.dispatchToWindow(XBaseWindow.java:1086)
	at sun.awt.X11.XToolkit.dispatchEvent(XToolkit.java:502)
	at sun.awt.X11.XToolkit.run(XToolkit.java:616)
	at sun.awt.X11.XToolkit.run(XToolkit.java:532)
	at java.lang.Thread.run(Thread.java:748)

Lifx: Bind failed: java.net.BindException: Address already in use
WARNING: Lifx: Model stopped before executing actions (e.g. producing outputs) scheduled for execution at times [14.1]
WARNING: GenerateQueries: Model stopped before executing actions (e.g. producing outputs) scheduled for execution at times [7.73]
[atomic-processor-1] INFO com.github.sarxos.webcam.ds.cgt.WebcamOpenTask - Opening webcam Dummy Webcam 0
Scarab: Connection failed after 11 tries: connection timed out: /192.168.0.111:9090
Scarab: Connection failed after 11 tries: connection timed out: /192.168.0.111:9090
Scarab: Connection failed after 11 tries: connection timed out: /192.168.0.111:9090
Scarab: Connection failed after 11 tries: connection timed out: /192.168.0.111:9090
Scarab: Connection failed after 11 tries: connection timed out: /192.168.0.111:9090
Scarab: Connection failed after 11 tries: connection timed out: /192.168.0.111:9090
Scarab: Unsent messages remain that were queued before the socket opened: [{"op":"unadvertise","topic":"/scarab/lucy/goal"}]
Scarab: Unsent messages remain that were queued before the socket opened: [{"op":"publish","topic":"/scarab/lucy/cmd_vel","msg":{"angular":{"x":0,"y":0,"z":0},"linear":{"x":0,"y":0,"z":0}}}, {"op":"publish","topic":"/scarab/lucy/cmd_vel","msg":{"angular":{"x":0,"y":0,"z":1.45989990234375},"linear":{"x":0,"y":0,"z":0}}}, {"op":"publish","topic":"/scarab/lucy/cmd_vel","msg":{"angular":{"x":0,"y":0,"z":1.4396575927734374},"linear":{"x":0,"y":0,"z":0}}}, {"op":"publish","topic":"/scarab/lucy/cmd_vel","msg":{"angular":{"x":0,"y":0,"z":-3.7740004475911464},"linear":{"x":0,"y":0,"z":0}}}, {"op":"publish","topic":"/scarab/lucy/cmd_vel","msg":{"angular":{"x":0,"y":0,"z":-1.74509765625},"linear":{"x":0,"y":0,"z":0}}}, {"op":"publish","topic":"/scarab/lucy/cmd_vel","msg":{"angular":{"x":0,"y":0,"z":0.09761962890625},"linear":{"x":0,"y":0,"z":0}}}, {"op":"publish","topic":"/scarab/lucy/cmd_vel","msg":{"angular":{"x":0,"y":0,"z":1.7650164794921879},"linear":{"x":0,"y":0,"z":0}}}, {"op":"publish","topic":"/scarab/lucy/cmd_vel","msg":{"angular":{"x":0,"y":0,"z":1.3671732584635419},"linear":{"x":0,"y":0,"z":0}}}, {"op":"publish","topic":"/scarab/lucy/cmd_vel","msg":{"angular":{"x":0,"y":0,"z":2.531015625},"linear":{"x":0,"y":0,"z":0}}}, {"op":"publish","topic":"/scarab/lucy/cmd_vel","msg":{"angular":{"x":0,"y":0,"z":1.335032958984375},"linear":{"x":0,"y":0,"z":0}}}, {"op":"publish","topic":"/scarab/lucy/cmd_vel","msg":{"angular":{"x":0,"y":0,"z":0.5033825683593751},"linear":{"x":0,"y":0,"z":0}}}, {"op":"publish","topic":"/scarab/lucy/cmd_vel","msg":{"angular":{"x":0,"y":0,"z":-0.38580729166666666},"linear":{"x":0,"y":0,"z":0}}}, {"op":"publish","topic":"/scarab/lucy/cmd_vel","msg":{"angular":{"x":0,"y":0,"z":2.0091412353515627},"linear":{"x":0,"y":0,"z":0}}}, {"op":"publish","topic":"/scarab/lucy/cmd_vel","msg":{"angular":{"x":0,"y":0,"z":0.7046614583333334},"linear":{"x":0,"y":0,"z":0}}}, {"op":"publish","topic":"/scarab/lucy/cmd_vel","msg":{"angular":{"x":0,"y":0,"z":-2.0803306070963545},"linear":{"x":0,"y":0,"z":0}}}, {"op":"publish","topic":"/scarab/lucy/cmd_vel","msg":{"angular":{"x":0,"y":0,"z":-0.5606931559244792},"linear":{"x":0,"y":0,"z":0}}}, {"op":"publish","topic":"/scarab/lucy/cmd_vel","msg":{"angular":{"x":0,"y":0,"z":-0.45759195963541666},"linear":{"x":0,"y":0,"z":0}}}, {"op":"publish","topic":"/scarab/lucy/cmd_vel","msg":{"angular":{"x":0,"y":0,"z":-0.13429768880208334},"linear":{"x":0,"y":0,"z":0}}}, {"op":"publish","topic":"/scarab/lucy/cmd_vel","msg":{"angular":{"x":0,"y":0,"z":-0.46932942708333336},"linear":{"x":0,"y":0,"z":0}}}, {"op":"publish","topic":"/scarab/lucy/cmd_vel","msg":{"angular":{"x":0,"y":0,"z":1.5915222167968752},"linear":{"x":0,"y":0,"z":0}}}, {"op":"publish","topic":"/scarab/lucy/cmd_vel","msg":{"angular":{"x":0,"y":0,"z":1.5406408691406253},"linear":{"x":0,"y":0,"z":0}}}, {"op":"publish","topic":"/scarab/lucy/cmd_vel","msg":{"angular":{"x":0,"y":0,"z":-2.3594283040364585},"linear":{"x":0,"y":0,"z":0}}}, {"op":"publish","topic":"/scarab/lucy/cmd_vel","msg":{"angular":{"x":0,"y":0,"z":-0.7020475260416668},"linear":{"x":0,"y":0,"z":0}}}, {"op":"publish","topic":"/scarab/lucy/cmd_vel","msg":{"angular":{"x":0,"y":0,"z":2.221520182291667},"linear":{"x":0,"y":0,"z":0}}}, {"op":"publish","topic":"/scarab/lucy/cmd_vel","msg":{"angular":{"x":0,"y":0,"z":0.75208740234375},"linear":{"x":0,"y":0,"z":0}}}, {"op":"publish","topic":"/scarab/lucy/cmd_vel","msg":{"angular":{"x":0,"y":0,"z":1.1296785481770835},"linear":{"x":0,"y":0,"z":0}}}, {"op":"publish","topic":"/scarab/lucy/cmd_vel","msg":{"angular":{"x":0,"y":0,"z":2.1000014241536458},"linear":{"x":0,"y":0,"z":0}}}, {"op":"publish","topic":"/scarab/lucy/cmd_vel","msg":{"angular":{"x":0,"y":0,"z":1.3489910888671877},"linear":{"x":0,"y":0,"z":0}}}, {"op":"publish","topic":"/scarab/lucy/cmd_vel","msg":{"angular":{"x":0,"y":0,"z":0.656531982421875},"linear":{"x":0,"y":0,"z":0}}}, {"op":"publish","topic":"/scarab/lucy/cmd_vel","msg":{"angular":{"x":0,"y":0,"z":1.6566111246744792},"linear":{"x":0,"y":0,"z":0}}}, {"op":"publish","topic":"/scarab/lucy/cmd_vel","msg":{"angular":{"x":0,"y":0,"z":3.023372802734375},"linear":{"x":0,"y":0,"z":0}}}, {"op":"publish","topic":"/scarab/lucy/cmd_vel","msg":{"angular":{"x":0,"y":0,"z":3.165364583333334},"linear":{"x":0,"y":0,"z":0}}}, {"op":"publish","topic":"/scarab/lucy/cmd_vel","msg":{"angular":{"x":0,"y":0,"z":0.9729718017578126},"linear":{"x":0,"y":0,"z":0}}}, {"op":"publish","topic":"/scarab/lucy/cmd_vel","msg":{"angular":{"x":0,"y":0,"z":3.185947062174479},"linear":{"x":0,"y":0,"z":0}}}, {"op":"publish","topic":"/scarab/lucy/cmd_vel","msg":{"angular":{"x":0,"y":0,"z":-0.025336710611979167},"linear":{"x":0,"y":0,"z":0}}}, {"op":"publish","topic":"/scarab/lucy/cmd_vel","msg":{"angular":{"x":0,"y":0,"z":3.39052734375},"linear":{"x":0,"y":0,"z":0}}}, {"op":"publish","topic":"/scarab/lucy/cmd_vel","msg":{"angular":{"x":0,"y":0,"z":-0.9996630859375001},"linear":{"x":0,"y":0,"z":0}}}, {"op":"publish","topic":"/scarab/lucy/cmd_vel","msg":{"angular":{"x":0,"y":0,"z":-1.6004882812500003},"linear":{"x":0,"y":0,"z":0}}}, {"op":"publish","topic":"/scarab/lucy/cmd_vel","msg":{"angular":{"x":0,"y":0,"z":0.6368204752604167},"linear":{"x":0,"y":0,"z":0}}}, {"op":"publish","topic":"/scarab/lucy/cmd_vel","msg":{"angular":{"x":0,"y":0,"z":1.90666015625},"linear":{"x":0,"y":0,"z":0}}}, {"op":"publish","topic":"/scarab/lucy/cmd_vel","msg":{"angular":{"x":0,"y":0,"z":-1.3313242594401042},"linear":{"x":0,"y":0,"z":0}}}, {"op":"publish","topic":"/scarab/lucy/cmd_vel","msg":{"angular":{"x":0,"y":0,"z":-1.6557824707031252},"linear":{"x":0,"y":0,"z":0}}}, {"op":"publish","topic":"/scarab/lucy/cmd_vel","msg":{"angular":{"x":0,"y":0,"z":-1.267633056640625},"linear":{"x":0,"y":0,"z":0}}}, {"op":"publish","topic":"/scarab/lucy/cmd_vel","msg":{"angular":{"x":0,"y":0,"z":0.3951171875},"linear":{"x":0,"y":0,"z":0}}}, {"op":"publish","topic":"/scarab/lucy/cmd_vel","msg":{"angular":{"x":0,"y":0,"z":-0.3851806640625},"linear":{"x":0,"y":0,"z":0}}}, {"op":"publish","topic":"/scarab/lucy/cmd_vel","msg":{"angular":{"x":0,"y":0,"z":-0.111636962890625},"linear":{"x":0,"y":0,"z":0}}}, {"op":"publish","topic":"/scarab/lucy/cmd_vel","msg":{"angular":{"x":0,"y":0,"z":-0.25493896484375},"linear":{"x":0,"y":0,"z":0}}}, {"op":"publish","topic":"/scarab/lucy/cmd_vel","msg":{"angular":{"x":0,"y":0,"z":-1.855126953125},"linear":{"x":0,"y":0,"z":0}}}, {"op":"publish","topic":"/scarab/lucy/cmd_vel","msg":{"angular":{"x":0,"y":0,"z":-1.779331461588542},"linear":{"x":0,"y":0,"z":0}}}, {"op":"publish","topic":"/scarab/lucy/cmd_vel","msg":{"angular":{"x":0,"y":0,"z":-0.06163167317708333},"linear":{"x":0,"y":0,"z":0}}}, {"op":"publish","topic":"/scarab/lucy/cmd_vel","msg":{"angular":{"x":0,"y":0,"z":0.31923421223958337},"linear":{"x":0,"y":0,"z":0}}}, {"op":"publish","topic":"/scarab/lucy/cmd_vel","msg":{"angular":{"x":0,"y":0,"z":1.6006601969401042},"linear":{"x":0,"y":0,"z":0}}}, {"op":"publish","topic":"/scarab/lucy/cmd_vel","msg":{"angular":{"x":0,"y":0,"z":1.00615234375},"linear":{"x":0,"y":0,"z":0}}}, {"op":"publish","topic":"/scarab/lucy/cmd_vel","msg":{"angular":{"x":0,"y":0,"z":0.2904899088541667},"linear":{"x":0,"y":0,"z":0}}}, {"op":"publish","topic":"/scarab/lucy/cmd_vel","msg":{"angular":{"x":0,"y":0,"z":0.3927065022786458},"linear":{"x":0,"y":0,"z":0}}}, {"op":"publish","topic":"/scarab/lucy/cmd_vel","msg":{"angular":{"x":0,"y":0,"z":-0.9218330891927085},"linear":{"x":0,"y":0,"z":0}}}, {"op":"publish","topic":"/scarab/lucy/cmd_vel","msg":{"angular":{"x":0,"y":0,"z":-0.83460205078125},"linear":{"x":0,"y":0,"z":0}}}, {"op":"publish","topic":"/scarab/lucy/cmd_vel","msg":{"angular":{"x":0,"y":0,"z":-0.2705436197916667},"linear":{"x":0,"y":0,"z":0}}}, {"op":"publish","topic":"/scarab/lucy/cmd_vel","msg":{"angular":{"x":0,"y":0,"z":-0.1530649820963542},"linear":{"x":0,"y":0,"z":0}}}, {"op":"publish","topic":"/scarab/lucy/cmd_vel","msg":{"angular":{"x":0,"y":0,"z":0.6958866373697917},"linear":{"x":0,"y":0,"z":0}}}, {"op":"publish","topic":"/scarab/lucy/cmd_vel","msg":{"angular":{"x":0,"y":0,"z":-1.073419189453125},"linear":{"x":0,"y":0,"z":0}}}, {"op":"publish","topic":"/scarab/lucy/cmd_vel","msg":{"angular":{"x":0,"y":0,"z":-2.3010931396484375},"linear":{"x":0,"y":0,"z":0}}}, {"op":"publish","topic":"/scarab/lucy/cmd_vel","msg":{"angular":{"x":0,"y":0,"z":-1.8303131103515624},"linear":{"x":0,"y":0,"z":0}}}, {"op":"publish","topic":"/scarab/lucy/cmd_vel","msg":{"angular":{"x":0,"y":0,"z":0.050104980468750004},"linear":{"x":0,"y":0,"z":0}}}, {"op":"publish","topic":"/scarab/lucy/cmd_vel","msg":{"angular":{"x":0,"y":0,"z":3.190568033854167},"linear":{"x":0,"y":0,"z":0}}}, {"op":"publish","topic":"/scarab/lucy/cmd_vel","msg":{"angular":{"x":0,"y":0,"z":0.5912687174479166},"linear":{"x":0,"y":0,"z":0}}}, {"op":"publish","topic":"/scarab/lucy/cmd_vel","msg":{"angular":{"x":0,"y":0,"z":2.8552537027994793},"linear":{"x":0,"y":0,"z":0}}}, {"op":"publish","topic":"/scarab/lucy/cmd_vel","msg":{"angular":{"x":0,"y":0,"z":0.2542236328125},"linear":{"x":0,"y":0,"z":0}}}, {"op":"publish","topic":"/scarab/lucy/cmd_vel","msg":{"angular":{"x":0,"y":0,"z":0.8799560546875},"linear":{"x":0,"y":0,"z":0}}}, {"op":"publish","topic":"/scarab/lucy/cmd_vel","msg":{"angular":{"x":0,"y":0,"z":1.9127001953125002},"linear":{"x":0,"y":0,"z":0}}}, {"op":"publish","topic":"/scarab/lucy/cmd_vel","msg":{"angular":{"x":0,"y":0,"z":0.7256396484375001},"linear":{"x":0,"y":0,"z":0}}}, {"op":"publish","topic":"/scarab/lucy/cmd_vel","msg":{"angular":{"x":0,"y":0,"z":1.8483007812499999},"linear":{"x":0,"y":0,"z":0}}}, {"op":"publish","topic":"/scarab/lucy/cmd_vel","msg":{"angular":{"x":0,"y":0,"z":1.9093988037109377},"linear":{"x":0,"y":0,"z":0}}}, {"op":"publish","topic":"/scarab/lucy/cmd_vel","msg":{"angular":{"x":0,"y":0,"z":0.6030293782552084},"linear":{"x":0,"y":0,"z":0}}}, {"op":"publish","topic":"/scarab/lucy/cmd_vel","msg":{"angular":{"x":0,"y":0,"z":-0.7112628173828125},"linear":{"x":0,"y":0,"z":0}}}, {"op":"publish","topic":"/scarab/lucy/cmd_vel","msg":{"angular":{"x":0,"y":0,"z":-0.10514587402343752},"linear":{"x":0,"y":0,"z":0}}}, {"op":"publish","topic":"/scarab/lucy/cmd_vel","msg":{"angular":{"x":0,"y":0,"z":-0.11828287760416667},"linear":{"x":0,"y":0,"z":0}}}, {"op":"publish","topic":"/scarab/lucy/cmd_vel","msg":{"angular":{"x":0,"y":0,"z":0.58669189453125},"linear":{"x":0,"y":0,"z":0}}}, {"op":"publish","topic":"/scarab/lucy/cmd_vel","msg":{"angular":{"x":0,"y":0,"z":-0.5242635091145834},"linear":{"x":0,"y":0,"z":0}}}, {"op":"publish","topic":"/scarab/lucy/cmd_vel","msg":{"angular":{"x":0,"y":0,"z":1.7589040120442707},"linear":{"x":0,"y":0,"z":0}}}, {"op":"publish","topic":"/scarab/lucy/cmd_vel","msg":{"angular":{"x":0,"y":0,"z":1.9127551269531253},"linear":{"x":0,"y":0,"z":0}}}, {"op":"publish","topic":"/scarab/lucy/cmd_vel","msg":{"angular":{"x":0,"y":0,"z":1.2302921549479167},"linear":{"x":0,"y":0,"z":0}}}, {"op":"publish","topic":"/scarab/lucy/cmd_vel","msg":{"angular":{"x":0,"y":0,"z":2.3758260091145837},"linear":{"x":0,"y":0,"z":0}}}, {"op":"publish","topic":"/scarab/lucy/cmd_vel","msg":{"angular":{"x":0,"y":0,"z":1.8788020833333334},"linear":{"x":0,"y":0,"z":0}}}, {"op":"publish","topic":"/scarab/lucy/cmd_vel","msg":{"angular":{"x":0,"y":0,"z":-1.0101082356770834},"linear":{"x":0,"y":0,"z":0}}}, {"op":"publish","topic":"/scarab/lucy/cmd_vel","msg":{"angular":{"x":0,"y":0,"z":-0.58294921875},"linear":{"x":0,"y":0,"z":0}}}, {"op":"publish","topic":"/scarab/lucy/cmd_vel","msg":{"angular":{"x":0,"y":0,"z":-1.160784912109375},"linear":{"x":0,"y":0,"z":0}}}, {"op":"publish","topic":"/scarab/lucy/cmd_vel","msg":{"angular":{"x":0,"y":0,"z":-1.5843750000000003},"linear":{"x":0,"y":0,"z":0}}}, {"op":"publish","topic":"/scarab/lucy/cmd_vel","msg":{"angular":{"x":0,"y":0,"z":-0.09899475097656252},"linear":{"x":0,"y":0,"z":0}}}, {"op":"publish","topic":"/scarab/lucy/cmd_vel","msg":{"angular":{"x":0,"y":0,"z":0.9944551595052085},"linear":{"x":0,"y":0,"z":0}}}, {"op":"publish","topic":"/scarab/lucy/cmd_vel","msg":{"angular":{"x":0,"y":0,"z":0.6141510009765625},"linear":{"x":0,"y":0,"z":0}}}, {"op":"publish","topic":"/scarab/lucy/cmd_vel","msg":{"angular":{"x":0,"y":0,"z":-1.3632800292968752},"linear":{"x":0,"y":0,"z":0}}}, {"op":"publish","topic":"/scarab/lucy/cmd_vel","msg":{"angular":{"x":0,"y":0,"z":3.2508138020833344},"linear":{"x":0,"y":0,"z":0}}}, {"op":"publish","topic":"/scarab/lucy/cmd_vel","msg":{"angular":{"x":0,"y":0,"z":1.3741554768880209},"linear":{"x":0,"y":0,"z":0}}}, {"op":"publish","topic":"/scarab/lucy/cmd_vel","msg":{"angular":{"x":0,"y":0,"z":-2.4622395833333335},"linear":{"x":0,"y":0,"z":0}}}, {"op":"publish","topic":"/scarab/lucy/cmd_vel","msg":{"angular":{"x":0,"y":0,"z":-1.4363360595703125},"linear":{"x":0,"y":0,"z":0}}}, {"op":"publish","topic":"/scarab/lucy/cmd_vel","msg":{"angular":{"x":0,"y":0,"z":1.220758056640625},"linear":{"x":0,"y":0,"z":0}}}, {"op":"publish","topic":"/scarab/lucy/cmd_vel","msg":{"angular":{"x":0,"y":0,"z":2.18262939453125},"linear":{"x":0,"y":0,"z":0}}}, {"op":"publish","topic":"/scarab/lucy/cmd_vel","msg":{"angular":{"x":0,"y":0,"z":1.0871826171875},"linear":{"x":0,"y":0,"z":0}}}, {"op":"publish","topic":"/scarab/lucy/cmd_vel","msg":{"angular":{"x":0,"y":0,"z":-0.45004516601562505},"linear":{"x":0,"y":0,"z":0}}}, {"op":"publish","topic":"/scarab/lucy/cmd_vel","msg":{"angular":{"x":0,"y":0,"z":1.393634033203125},"linear":{"x":0,"y":0,"z":0}}}, {"op":"publish","topic":"/scarab/lucy/cmd_vel","msg":{"angular":{"x":0,"y":0,"z":0.1992472330729167},"linear":{"x":0,"y":0,"z":0}}}, {"op":"publish","topic":"/scarab/lucy/cmd_vel","msg":{"angular":{"x":0,"y":0,"z":1.715087890625},"linear":{"x":0,"y":0,"z":0}}}, {"op":"publish","topic":"/scarab/lucy/cmd_vel","msg":{"angular":{"x":0,"y":0,"z":1.1070587158203125},"linear":{"x":0,"y":0,"z":0}}}, {"op":"publish","topic":"/scarab/lucy/cmd_vel","msg":{"angular":{"x":0,"y":0,"z":0.3379459635416667},"linear":{"x":0,"y":0,"z":0}}}, {"op":"publish","topic":"/scarab/lucy/cmd_vel","msg":{"angular":{"x":0,"y":0,"z":-0.019493204752604167},"linear":{"x":0,"y":0,"z":0}}}, {"op":"publish","topic":"/scarab/lucy/cmd_vel","msg":{"angular":{"x":0,"y":0,"z":-0.28458251953125},"linear":{"x":0,"y":0,"z":0}}}, {"op":"publish","topic":"/scarab/lucy/cmd_vel","msg":{"angular":{"x":0,"y":0,"z":-0.5767862955729167},"linear":{"x":0,"y":0,"z":0}}}, {"op":"publish","topic":"/scarab/lucy/cmd_vel","msg":{"angular":{"x":0,"y":0,"z":3.4903749593098956},"linear":{"x":0,"y":0,"z":0}}}, {"op":"publish","topic":"/scarab/lucy/cmd_vel","msg":{"angular":{"x":0,"y":0,"z":2.0010825602213544},"linear":{"x":0,"y":0,"z":0}}}, {"op":"publish","topic":"/scarab/lucy/cmd_vel","msg":{"angular":{"x":0,"y":0,"z":0.6008166503906249},"linear":{"x":0,"y":0,"z":0}}}, {"op":"publish","topic":"/scarab/lucy/cmd_vel","msg":{"angular":{"x":0,"y":0,"z":0.4643035888671876},"linear":{"x":0,"y":0,"z":0}}}, {"op":"publish","topic":"/scarab/lucy/cmd_vel","msg":{"angular":{"x":0,"y":0,"z":1.9751481119791667},"linear":{"x":0,"y":0,"z":0}}}, {"op":"publish","topic":"/scarab/lucy/cmd_vel","msg":{"angular":{"x":0,"y":0,"z":2.283840535481771},"linear":{"x":0,"y":0,"z":0}}}, {"op":"publish","topic":"/scarab/lucy/cmd_vel","msg":{"angular":{"x":0,"y":0,"z":1.4081964111328127},"linear":{"x":0,"y":0,"z":0}}}, {"op":"publish","topic":"/scarab/lucy/cmd_vel","msg":{"angular":{"x":0,"y":0,"z":0.3582977294921875},"linear":{"x":0,"y":0,"z":0}}}, {"op":"publish","topic":"/scarab/lucy/cmd_vel","msg":{"angular":{"x":0,"y":0,"z":-0.9791878255208335},"linear":{"x":0,"y":0,"z":0}}}, {"op":"publish","topic":"/scarab/lucy/cmd_vel","msg":{"angular":{"x":0,"y":0,"z":-1.8808522542317712},"linear":{"x":0,"y":0,"z":0}}}, {"op":"publish","topic":"/scarab/lucy/cmd_vel","msg":{"angular":{"x":0,"y":0,"z":0.15067036946614584},"linear":{"x":0,"y":0,"z":0}}}, {"op":"publish","topic":"/scarab/lucy/cmd_vel","msg":{"angular":{"x":0,"y":0,"z":2.515018310546875},"linear":{"x":0,"y":0,"z":0}}}, {"op":"publish","topic":"/scarab/lucy/cmd_vel","msg":{"angular":{"x":0,"y":0,"z":2.903214518229167},"linear":{"x":0,"y":0,"z":0}}}, {"op":"publish","topic":"/scarab/lucy/cmd_vel","msg":{"angular":{"x":0,"y":0,"z":0.5462725830078125},"linear":{"x":0,"y":0,"z":0}}}, {"op":"publish","topic":"/scarab/lucy/cmd_vel","msg":{"angular":{"x":0,"y":0,"z":0.6307596842447917},"linear":{"x":0,"y":0,"z":0}}}, {"op":"publish","topic":"/scarab/lucy/cmd_vel","msg":{"angular":{"x":0,"y":0,"z":0.146710205078125},"linear":{"x":0,"y":0,"z":0}}}, {"op":"publish","topic":"/scarab/lucy/cmd_vel","msg":{"angular":{"x":0,"y":0,"z":1.3778365071614584},"linear":{"x":0,"y":0,"z":0}}}, {"op":"publish","topic":"/scarab/lucy/cmd_vel","msg":{"angular":{"x":0,"y":0,"z":1.2207438151041667},"linear":{"x":0,"y":0,"z":0}}}, {"op":"publish","topic":"/scarab/lucy/cmd_vel","msg":{"angular":{"x":0,"y":0,"z":-1.6144319661458333},"linear":{"x":0,"y":0,"z":0}}}, {"op":"publish","topic":"/scarab/lucy/cmd_vel","msg":{"angular":{"x":0,"y":0,"z":-1.9317700195312504},"linear":{"x":0,"y":0,"z":0}}}, {"op":"publish","topic":"/scarab/lucy/cmd_vel","msg":{"angular":{"x":0,"y":0,"z":0.06224324544270834},"linear":{"x":0,"y":0,"z":0}}}, {"op":"publish","topic":"/scarab/lucy/cmd_vel","msg":{"angular":{"x":0,"y":0,"z":0.25285970052083334},"linear":{"x":0,"y":0,"z":0}}}, {"op":"publish","topic":"/scarab/lucy/cmd_vel","msg":{"angular":{"x":0,"y":0,"z":-2.6778603108723957},"linear":{"x":0,"y":0,"z":0}}}, {"op":"publish","topic":"/scarab/lucy/cmd_vel","msg":{"angular":{"x":0,"y":0,"z":-1.9244946289062501},"linear":{"x":0,"y":0,"z":0}}}, {"op":"publish","topic":"/scarab/lucy/cmd_vel","msg":{"angular":{"x":0,"y":0,"z":-1.2628938802083334},"linear":{"x":0,"y":0,"z":0}}}, {"op":"publish","topic":"/scarab/lucy/cmd_vel","msg":{"angular":{"x":0,"y":0,"z":-1.1122796630859377},"linear":{"x":0,"y":0,"z":0}}}, {"op":"publish","topic":"/scarab/lucy/cmd_vel","msg":{"angular":{"x":0,"y":0,"z":2.11297607421875},"linear":{"x":0,"y":0,"z":0}}}, {"op":"publish","topic":"/scarab/lucy/cmd_vel","msg":{"angular":{"x":0,"y":0,"z":2.158237915039063},"linear":{"x":0,"y":0,"z":0}}}, {"op":"publish","topic":"/scarab/lucy/cmd_vel","msg":{"angular":{"x":0,"y":0,"z":0.527777099609375},"linear":{"x":0,"y":0,"z":0}}}, {"op":"publish","topic":"/scarab/lucy/cmd_vel","msg":{"angular":{"x":0,"y":0,"z":-0.6347281901041667},"linear":{"x":0,"y":0,"z":0}}}, {"op":"publish","topic":"/scarab/lucy/cmd_vel","msg":{"angular":{"x":0,"y":0,"z":-0.6734958902994792},"linear":{"x":0,"y":0,"z":0}}}, {"op":"publish","topic":"/scarab/lucy/cmd_vel","msg":{"angular":{"x":0,"y":0,"z":-0.13680094401041668},"linear":{"x":0,"y":0,"z":0}}}, {"op":"publish","topic":"/scarab/lucy/cmd_vel","msg":{"angular":{"x":0,"y":0,"z":-1.68240966796875},"linear":{"x":0,"y":0,"z":0}}}, {"op":"publish","topic":"/scarab/lucy/cmd_vel","msg":{"angular":{"x":0,"y":0,"z":-1.5621968587239585},"linear":{"x":0,"y":0,"z":0}}}, {"op":"publish","topic":"/scarab/lucy/cmd_vel","msg":{"angular":{"x":0,"y":0,"z":-0.9796386718750002},"linear":{"x":0,"y":0,"z":0}}}, {"op":"publish","topic":"/scarab/lucy/cmd_vel","msg":{"angular":{"x":0,"y":0,"z":1.285615234375},"linear":{"x":0,"y":0,"z":0}}}, {"op":"publish","topic":"/scarab/lucy/cmd_vel","msg":{"angular":{"x":0,"y":0,"z":-0.6444140625},"linear":{"x":0,"y":0,"z":0}}}, {"op":"publish","topic":"/scarab/lucy/cmd_vel","msg":{"angular":{"x":0,"y":0,"z":-1.7694661458333336},"linear":{"x":0,"y":0,"z":0}}}, {"op":"publish","topic":"/scarab/lucy/cmd_vel","msg":{"angular":{"x":0,"y":0,"z":1.293382771809896},"linear":{"x":0,"y":0,"z":0}}}, {"op":"publish","topic":"/scarab/lucy/cmd_vel","msg":{"angular":{"x":0,"y":0,"z":3.330792236328125},"linear":{"x":0,"y":0,"z":0}}}, {"op":"publish","topic":"/scarab/lucy/cmd_vel","msg":{"angular":{"x":0,"y":0,"z":-1.70489501953125},"linear":{"x":0,"y":0,"z":0}}}, {"op":"publish","topic":"/scarab/lucy/cmd_vel","msg":{"angular":{"x":0,"y":0,"z":0.3773081461588542},"linear":{"x":0,"y":0,"z":0}}}, {"op":"publish","topic":"/scarab/lucy/cmd_vel","msg":{"angular":{"x":0,"y":0,"z":0.9908121744791668},"linear":{"x":0,"y":0,"z":0}}}, {"op":"publish","topic":"/scarab/lucy/cmd_vel","msg":{"angular":{"x":0,"y":0,"z":0.3723095703125},"linear":{"x":0,"y":0,"z":0}}}, {"op":"publish","topic":"/scarab/lucy/cmd_vel","msg":{"angular":{"x":0,"y":0,"z":1.5697998046875},"linear":{"x":0,"y":0,"z":0}}}, {"op":"publish","topic":"/scarab/lucy/cmd_vel","msg":{"angular":{"x":0,"y":0,"z":1.8157415771484378},"linear":{"x":0,"y":0,"z":0}}}, {"op":"publish","topic":"/scarab/lucy/cmd_vel","msg":{"angular":{"x":0,"y":0,"z":-0.16895385742187502},"linear":{"x":0,"y":0,"z":0}}}, {"op":"publish","topic":"/scarab/lucy/cmd_vel","msg":{"angular":{"x":0,"y":0,"z":-1.9419323730468752},"linear":{"x":0,"y":0,"z":0}}}, {"op":"publish","topic":"/scarab/lucy/cmd_vel","msg":{"angular":{"x":0,"y":0,"z":-2.5554443359375005},"linear":{"x":0,"y":0,"z":0}}}, {"op":"publish","topic":"/scarab/lucy/cmd_vel","msg":{"angular":{"x":0,"y":0,"z":-1.8608959960937501},"linear":{"x":0,"y":0,"z":0}}}, {"op":"publish","topic":"/scarab/lucy/cmd_vel","msg":{"angular":{"x":0,"y":0,"z":0.4523282877604167},"linear":{"x":0,"y":0,"z":0}}}, {"op":"publish","topic":"/scarab/lucy/cmd_vel","msg":{"angular":{"x":0,"y":0,"z":0.94273681640625},"linear":{"x":0,"y":0,"z":0}}}, {"op":"publish","topic":"/scarab/lucy/cmd_vel","msg":{"angular":{"x":0,"y":0,"z":2.8955611165364585},"linear":{"x":0,"y":0,"z":0}}}, {"op":"publish","topic":"/scarab/lucy/cmd_vel","msg":{"angular":{"x":0,"y":0,"z":0.23129170735677085},"linear":{"x":0,"y":0,"z":0}}}, {"op":"publish","topic":"/scarab/lucy/cmd_vel","msg":{"angular":{"x":0,"y":0,"z":-1.4791680908203126},"linear":{"x":0,"y":0,"z":0}}}, {"op":"publish","topic":"/scarab/lucy/cmd_vel","msg":{"angular":{"x":0,"y":0,"z":1.3500189208984374},"linear":{"x":0,"y":0,"z":0}}}, {"op":"publish","topic":"/scarab/lucy/cmd_vel","msg":{"angular":{"x":0,"y":0,"z":1.0740311686197916},"linear":{"x":0,"y":0,"z":0}}}, {"op":"publish","topic":"/scarab/lucy/cmd_vel","msg":{"angular":{"x":0,"y":0,"z":-0.44895385742187505},"linear":{"x":0,"y":0,"z":0}}}, {"op":"publish","topic":"/scarab/lucy/cmd_vel","msg":{"angular":{"x":0,"y":0,"z":-0.4293977864583334},"linear":{"x":0,"y":0,"z":0}}}, {"op":"publish","topic":"/scarab/lucy/cmd_vel","msg":{"angular":{"x":0,"y":0,"z":4.299730631510416},"linear":{"x":0,"y":0,"z":0}}}, {"op":"publish","topic":"/scarab/lucy/cmd_vel","msg":{"angular":{"x":0,"y":0,"z":3.0313739013671883},"linear":{"x":0,"y":0,"z":0}}}, {"op":"publish","topic":"/scarab/lucy/cmd_vel","msg":{"angular":{"x":0,"y":0,"z":0.9670442708333334},"linear":{"x":0,"y":0,"z":0}}}, {"op":"publish","topic":"/scarab/lucy/cmd_vel","msg":{"angular":{"x":0,"y":0,"z":0.11639160156250002},"linear":{"x":0,"y":0,"z":0}}}, {"op":"publish","topic":"/scarab/lucy/cmd_vel","msg":{"angular":{"x":0,"y":0,"z":1.2533843994140625},"linear":{"x":0,"y":0,"z":0}}}, {"op":"publish","topic":"/scarab/lucy/cmd_vel","msg":{"angular":{"x":0,"y":0,"z":0.07982096354166668},"linear":{"x":0,"y":0,"z":0}}}, {"op":"publish","topic":"/scarab/lucy/cmd_vel","msg":{"angular":{"x":0,"y":0,"z":2.4710449218750004},"linear":{"x":0,"y":0,"z":0}}}, {"op":"publish","topic":"/scarab/lucy/cmd_vel","msg":{"angular":{"x":0,"y":0,"z":3.3285449218750003},"linear":{"x":0,"y":0,"z":0}}}, {"op":"publish","topic":"/scarab/lucy/cmd_vel","msg":{"angular":{"x":0,"y":0,"z":1.494969482421875},"linear":{"x":0,"y":0,"z":0}}}, {"op":"publish","topic":"/scarab/lucy/cmd_vel","msg":{"angular":{"x":0,"y":0,"z":-1.2336238606770833},"linear":{"x":0,"y":0,"z":0}}}, {"op":"publish","topic":"/scarab/lucy/cmd_vel","msg":{"angular":{"x":0,"y":0,"z":-0.623125},"linear":{"x":0,"y":0,"z":0}}}, {"op":"publish","topic":"/scarab/lucy/cmd_vel","msg":{"angular":{"x":0,"y":0,"z":2.7105869547526042},"linear":{"x":0,"y":0,"z":0}}}, {"op":"publish","topic":"/scarab/lucy/cmd_vel","msg":{"angular":{"x":0,"y":0,"z":1.90421875},"linear":{"x":0,"y":0,"z":0}}}, {"op":"publish","topic":"/scarab/lucy/cmd_vel","msg":{"angular":{"x":0,"y":0,"z":1.7178910319010416},"linear":{"x":0,"y":0,"z":0}}}, {"op":"publish","topic":"/scarab/lucy/cmd_vel","msg":{"angular":{"x":0,"y":0,"z":2.1532763671875},"linear":{"x":0,"y":0,"z":0}}}, {"op":"publish","topic":"/scarab/lucy/cmd_vel","msg":{"angular":{"x":0,"y":0,"z":-0.6569612630208334},"linear":{"x":0,"y":0,"z":0}}}, {"op":"publish","topic":"/scarab/lucy/cmd_vel","msg":{"angular":{"x":0,"y":0,"z":0},"linear":{"x":0,"y":0,"z":0}}}, {"op":"publish","topic":"/scarab/lucy/cmd_vel","msg":{"angular":{"x":0,"y":0,"z":2.415421142578125},"linear":{"x":0,"y":0,"z":0}}}, {"op":"publish","topic":"/scarab/lucy/cmd_vel","msg":{"angular":{"x":0,"y":0,"z":3.1107137044270834},"linear":{"x":0,"y":0,"z":0}}}, {"op":"publish","topic":"/scarab/lucy/cmd_vel","msg":{"angular":{"x":0,"y":0,"z":1.7747613525390626},"linear":{"x":0,"y":0,"z":0}}}, {"op":"publish","topic":"/scarab/lucy/cmd_vel","msg":{"angular":{"x":0,"y":0,"z":1.2264957682291668},"linear":{"x":0,"y":0,"z":0}}}, {"op":"publish","topic":"/scarab/lucy/cmd_vel","msg":{"angular":{"x":0,"y":0,"z":0.7812915039062501},"linear":{"x":0,"y":0,"z":0}}}, {"op":"publish","topic":"/scarab/lucy/cmd_vel","msg":{"angular":{"x":0,"y":0,"z":-0.5009307861328125},"linear":{"x":0,"y":0,"z":0}}}, {"op":"publish","topic":"/scarab/lucy/cmd_vel","msg":{"angular":{"x":0,"y":0,"z":-0.3779398600260417},"linear":{"x":0,"y":0,"z":0}}}, {"op":"publish","topic":"/scarab/lucy/cmd_vel","msg":{"angular":{"x":0,"y":0,"z":0.033789265950520835},"linear":{"x":0,"y":0,"z":0}}}, {"op":"publish","topic":"/scarab/lucy/cmd_vel","msg":{"angular":{"x":0,"y":0,"z":-0.6611407470703126},"linear":{"x":0,"y":0,"z":0}}}, {"op":"publish","topic":"/scarab/lucy/cmd_vel","msg":{"angular":{"x":0,"y":0,"z":-3.0331038411458335},"linear":{"x":0,"y":0,"z":0}}}, {"op":"publish","topic":"/scarab/lucy/cmd_vel","msg":{"angular":{"x":0,"y":0,"z":0.8225683593750001},"linear":{"x":0,"y":0,"z":0}}}, {"op":"publish","topic":"/scarab/lucy/cmd_vel","msg":{"angular":{"x":0,"y":0,"z":-0.47158203125},"linear":{"x":0,"y":0,"z":0}}}, {"op":"publish","topic":"/scarab/lucy/cmd_vel","msg":{"angular":{"x":0,"y":0,"z":-1.1499847412109374},"linear":{"x":0,"y":0,"z":0}}}, {"op":"publish","topic":"/scarab/lucy/cmd_vel","msg":{"angular":{"x":0,"y":0,"z":1.1031958007812501},"linear":{"x":0,"y":0,"z":0}}}, {"op":"publish","topic":"/scarab/lucy/cmd_vel","msg":{"angular":{"x":0,"y":0,"z":0.16857401529947919},"linear":{"x":0,"y":0,"z":0}}}, {"op":"publish","topic":"/scarab/lucy/cmd_vel","msg":{"angular":{"x":0,"y":0,"z":1.3382763671875},"linear":{"x":0,"y":0,"z":0}}}, {"op":"publish","topic":"/scarab/lucy/cmd_vel","msg":{"angular":{"x":0,"y":0,"z":1.1535902913411458},"linear":{"x":0,"y":0,"z":0}}}, {"op":"publish","topic":"/scarab/lucy/cmd_vel","msg":{"angular":{"x":0,"y":0,"z":0.32985595703125},"linear":{"x":0,"y":0,"z":0}}}, {"op":"publish","topic":"/scarab/lucy/cmd_vel","msg":{"angular":{"x":0,"y":0,"z":1.457022705078125},"linear":{"x":0,"y":0,"z":0}}}, {"op":"publish","topic":"/scarab/lucy/cmd_vel","msg":{"angular":{"x":0,"y":0,"z":-2.1529073079427086},"linear":{"x":0,"y":0,"z":0}}}, {"op":"publish","topic":"/scarab/lucy/cmd_vel","msg":{"angular":{"x":0,"y":0,"z":-2.9626464843750004},"linear":{"x":0,"y":0,"z":0}}}, {"op":"publish","topic":"/scarab/lucy/cmd_vel","msg":{"angular":{"x":0,"y":0,"z":-1.6059895833333333},"linear":{"x":0,"y":0,"z":0}}}, {"op":"publish","topic":"/scarab/lucy/cmd_vel","msg":{"angular":{"x":0,"y":0,"z":-1.4866634114583335},"linear":{"x":0,"y":0,"z":0}}}, {"op":"publish","topic":"/scarab/lucy/cmd_vel","msg":{"angular":{"x":0,"y":0,"z":-1.68461669921875},"linear":{"x":0,"y":0,"z":0}}}, {"op":"publish","topic":"/scarab/lucy/cmd_vel","msg":{"angular":{"x":0,"y":0,"z":-1.2194777425130208},"linear":{"x":0,"y":0,"z":0}}}, {"op":"publish","topic":"/scarab/lucy/cmd_vel","msg":{"angular":{"x":0,"y":0,"z":-0.9821207682291666},"linear":{"x":0,"y":0,"z":0}}}, {"op":"publish","topic":"/scarab/lucy/cmd_vel","msg":{"angular":{"x":0,"y":0,"z":0.5432065836588542},"linear":{"x":0,"y":0,"z":0}}}, {"op":"publish","topic":"/scarab/lucy/cmd_vel","msg":{"linear":{"x":0,"y":0,"z":0},"angular":{"x":0,"y":0,"z":0}}}, {"op":"unadvertise","topic":"/scarab/lucy/cmd_vel"}]
Scarab: Unsent messages remain that were queued before the socket opened: [{"op":"unadvertise","topic":"/scarab/lucy/cancel"}]
[atomic-processor-1] INFO com.github.sarxos.webcam.ds.cgt.WebcamCloseTask - Closing Dummy Webcam 0
WARNING: Camera: Model stopped before executing actions (e.g. producing outputs) scheduled for execution at times [21.371000000000002]
HttpClientHelper.java: Received an error for request 0: io.netty.channel.ConnectTimeoutException: connection timed out: /10.0.0.234:80
io.netty.channel.ConnectTimeoutException: connection timed out: /10.0.0.234:80
	at io.netty.channel.nio.AbstractNioChannel$AbstractNioUnsafe$1.run(AbstractNioChannel.java:267)
	at io.netty.util.concurrent.PromiseTask$RunnableAdapter.call(PromiseTask.java:38)
	at io.netty.util.concurrent.ScheduledFutureTask.run(ScheduledFutureTask.java:125)
	at io.netty.util.concurrent.AbstractEventExecutor.safeExecute(AbstractEventExecutor.java:163)
	at io.netty.util.concurrent.SingleThreadEventExecutor.runAllTasks(SingleThreadEventExecutor.java:404)
	at io.netty.channel.nio.NioEventLoop.run(NioEventLoop.java:463)
	at io.netty.util.concurrent.SingleThreadEventExecutor$5.run(SingleThreadEventExecutor.java:886)
	at io.netty.util.concurrent.FastThreadLocalRunnable.run(FastThreadLocalRunnable.java:30)
	at java.lang.Thread.run(Thread.java:748)
Hue: connection timed out: /10.0.0.234:80
TransformationEditor: Ignoring clone of .Utilities beause we don't known how to import it. Exception was: ptolemy.kernel.util.NameDuplicationException: Attempt to insert object named "Utilities" into container named ".library", which already contains an object with that name.
TransformationEditor: Ignoring clone of .Directors beause we don't known how to import it. Exception was: ptolemy.kernel.util.NameDuplicationException: Attempt to insert object named "Directors" into container named ".library", which already contains an object with that name.
TransformationEditor: Ignoring clone of .Actors beause we don't known how to import it. Exception was: ptolemy.kernel.util.NameDuplicationException: Attempt to insert object named "Actors" into container named ".library", which already contains an object with that name.
TransformationEditor: Ignoring clone of .MoreLibraries beause we don't known how to import it. Exception was: ptolemy.kernel.util.NameDuplicationException: Attempt to insert object named "MoreLibraries" into container named ".library", which already contains an object with that name.
TransformationEditor: Ignoring clone of .Utilities beause we don't known how to import it. Exception was: ptolemy.kernel.util.NameDuplicationException: Attempt to insert object named "Utilities" into container named ".library", which already contains an object with that name.
TransformationEditor: Ignoring clone of .Directors beause we don't known how to import it. Exception was: ptolemy.kernel.util.NameDuplicationException: Attempt to insert object named "Directors" into container named ".library", which already contains an object with that name.
TransformationEditor: Ignoring clone of .Actors beause we don't known how to import it. Exception was: ptolemy.kernel.util.NameDuplicationException: Attempt to insert object named "Actors" into container named ".library", which already contains an object with that name.
TransformationEditor: Ignoring clone of .MoreLibraries beause we don't known how to import it. Exception was: ptolemy.kernel.util.NameDuplicationException: Attempt to insert object named "MoreLibraries" into container named ".library", which already contains an object with that name.
TransformationEditor: Ignoring clone of .Utilities beause we don't known how to import it. Exception was: ptolemy.kernel.util.NameDuplicationException: Attempt to insert object named "Utilities" into container named ".library", which already contains an object with that name.
TransformationEditor: Ignoring clone of .Directors beause we don't known how to import it. Exception was: ptolemy.kernel.util.NameDuplicationException: Attempt to insert object named "Directors" into container named ".library", which already contains an object with that name.
TransformationEditor: Ignoring clone of .Actors beause we don't known how to import it. Exception was: ptolemy.kernel.util.NameDuplicationException: Attempt to insert object named "Actors" into container named ".library", which already contains an object with that name.
TransformationEditor: Ignoring clone of .MoreLibraries beause we don't known how to import it. Exception was: ptolemy.kernel.util.NameDuplicationException: Attempt to insert object named "MoreLibraries" into container named ".library", which already contains an object with that name.
TransformationEditor: Ignoring clone of .Utilities beause we don't known how to import it. Exception was: ptolemy.kernel.util.NameDuplicationException: Attempt to insert object named "Utilities" into container named ".library", which already contains an object with that name.
TransformationEditor: Ignoring clone of .Directors beause we don't known how to import it. Exception was: ptolemy.kernel.util.NameDuplicationException: Attempt to insert object named "Directors" into container named ".library", which already contains an object with that name.
TransformationEditor: Ignoring clone of .Actors beause we don't known how to import it. Exception was: ptolemy.kernel.util.NameDuplicationException: Attempt to insert object named "Actors" into container named ".library", which already contains an object with that name.
TransformationEditor: Ignoring clone of .MoreLibraries beause we don't known how to import it. Exception was: ptolemy.kernel.util.NameDuplicationException: Attempt to insert object named "MoreLibraries" into container named ".library", which already contains an object with that name.
TransformationEditor: Ignoring clone of .Utilities beause we don't known how to import it. Exception was: ptolemy.kernel.util.NameDuplicationException: Attempt to insert object named "Utilities" into container named ".library", which already contains an object with that name.
TransformationEditor: Ignoring clone of .Directors beause we don't known how to import it. Exception was: ptolemy.kernel.util.NameDuplicationException: Attempt to insert object named "Directors" into container named ".library", which already contains an object with that name.
TransformationEditor: Ignoring clone of .Actors beause we don't known how to import it. Exception was: ptolemy.kernel.util.NameDuplicationException: Attempt to insert object named "Actors" into container named ".library", which already contains an object with that name.
TransformationEditor: Ignoring clone of .MoreLibraries beause we don't known how to import it. Exception was: ptolemy.kernel.util.NameDuplicationException: Attempt to insert object named "MoreLibraries" into container named ".library", which already contains an object with that name.
TransformationEditor: Ignoring clone of .Utilities beause we don't known how to import it. Exception was: ptolemy.kernel.util.NameDuplicationException: Attempt to insert object named "Utilities" into container named ".library", which already contains an object with that name.
TransformationEditor: Ignoring clone of .Directors beause we don't known how to import it. Exception was: ptolemy.kernel.util.NameDuplicationException: Attempt to insert object named "Directors" into container named ".library", which already contains an object with that name.
TransformationEditor: Ignoring clone of .Actors beause we don't known how to import it. Exception was: ptolemy.kernel.util.NameDuplicationException: Attempt to insert object named "Actors" into container named ".library", which already contains an object with that name.
TransformationEditor: Ignoring clone of .MoreLibraries beause we don't known how to import it. Exception was: ptolemy.kernel.util.NameDuplicationException: Attempt to insert object named "MoreLibraries" into container named ".library", which already contains an object with that name.
TransformationEditor: Ignoring clone of .Utilities beause we don't known how to import it. Exception was: ptolemy.kernel.util.NameDuplicationException: Attempt to insert object named "Utilities" into container named ".library", which already contains an object with that name.
TransformationEditor: Ignoring clone of .Directors beause we don't known how to import it. Exception was: ptolemy.kernel.util.NameDuplicationException: Attempt to insert object named "Directors" into container named ".library", which already contains an object with that name.
TransformationEditor: Ignoring clone of .Actors beause we don't known how to import it. Exception was: ptolemy.kernel.util.NameDuplicationException: Attempt to insert object named "Actors" into container named ".library", which already contains an object with that name.
TransformationEditor: Ignoring clone of .MoreLibraries beause we don't known how to import it. Exception was: ptolemy.kernel.util.NameDuplicationException: Attempt to insert object named "MoreLibraries" into container named ".library", which already contains an object with that name.
TransformationEditor: Ignoring clone of .Utilities beause we don't known how to import it. Exception was: ptolemy.kernel.util.NameDuplicationException: Attempt to insert object named "Utilities" into container named ".library", which already contains an object with that name.
TransformationEditor: Ignoring clone of .Directors beause we don't known how to import it. Exception was: ptolemy.kernel.util.NameDuplicationException: Attempt to insert object named "Directors" into container named ".library", which already contains an object with that name.
TransformationEditor: Ignoring clone of .Actors beause we don't known how to import it. Exception was: ptolemy.kernel.util.NameDuplicationException: Attempt to insert object named "Actors" into container named ".library", which already contains an object with that name.
TransformationEditor: Ignoring clone of .MoreLibraries beause we don't known how to import it. Exception was: ptolemy.kernel.util.NameDuplicationException: Attempt to insert object named "MoreLibraries" into container named ".library", which already contains an object with that name.
TransformationEditor: Ignoring clone of .Utilities beause we don't known how to import it. Exception was: ptolemy.kernel.util.NameDuplicationException: Attempt to insert object named "Utilities" into container named ".library", which already contains an object with that name.
TransformationEditor: Ignoring clone of .Directors beause we don't known how to import it. Exception was: ptolemy.kernel.util.NameDuplicationException: Attempt to insert object named "Directors" into container named ".library", which already contains an object with that name.
TransformationEditor: Ignoring clone of .Actors beause we don't known how to import it. Exception was: ptolemy.kernel.util.NameDuplicationException: Attempt to insert object named "Actors" into container named ".library", which already contains an object with that name.
TransformationEditor: Ignoring clone of .MoreLibraries beause we don't known how to import it. Exception was: ptolemy.kernel.util.NameDuplicationException: Attempt to insert object named "MoreLibraries" into container named ".library", which already contains an object with that name.
TransformationEditor: Ignoring clone of .Utilities beause we don't known how to import it. Exception was: ptolemy.kernel.util.NameDuplicationException: Attempt to insert object named "Utilities" into container named ".library", which already contains an object with that name.
TransformationEditor: Ignoring clone of .Directors beause we don't known how to import it. Exception was: ptolemy.kernel.util.NameDuplicationException: Attempt to insert object named "Directors" into container named ".library", which already contains an object with that name.
TransformationEditor: Ignoring clone of .Actors beause we don't known how to import it. Exception was: ptolemy.kernel.util.NameDuplicationException: Attempt to insert object named "Actors" into container named ".library", which already contains an object with that name.
TransformationEditor: Ignoring clone of .MoreLibraries beause we don't known how to import it. Exception was: ptolemy.kernel.util.NameDuplicationException: Attempt to insert object named "MoreLibraries" into container named ".library", which already contains an object with that name.
TransformationEditor: Ignoring clone of .Utilities beause we don't known how to import it. Exception was: ptolemy.kernel.util.NameDuplicationException: Attempt to insert object named "Utilities" into container named ".library", which already contains an object with that name.
TransformationEditor: Ignoring clone of .Directors beause we don't known how to import it. Exception was: ptolemy.kernel.util.NameDuplicationException: Attempt to insert object named "Directors" into container named ".library", which already contains an object with that name.
TransformationEditor: Ignoring clone of .Actors beause we don't known how to import it. Exception was: ptolemy.kernel.util.NameDuplicationException: Attempt to insert object named "Actors" into container named ".library", which already contains an object with that name.
TransformationEditor: Ignoring clone of .MoreLibraries beause we don't known how to import it. Exception was: ptolemy.kernel.util.NameDuplicationException: Attempt to insert object named "MoreLibraries" into container named ".library", which already contains an object with that name.
TransformationEditor: Ignoring clone of .Utilities beause we don't known how to import it. Exception was: ptolemy.kernel.util.NameDuplicationException: Attempt to insert object named "Utilities" into container named ".library", which already contains an object with that name.
TransformationEditor: Ignoring clone of .Directors beause we don't known how to import it. Exception was: ptolemy.kernel.util.NameDuplicationException: Attempt to insert object named "Directors" into container named ".library", which already contains an object with that name.
TransformationEditor: Ignoring clone of .Actors beause we don't known how to import it. Exception was: ptolemy.kernel.util.NameDuplicationException: Attempt to insert object named "Actors" into container named ".library", which already contains an object with that name.
TransformationEditor: Ignoring clone of .MoreLibraries beause we don't known how to import it. Exception was: ptolemy.kernel.util.NameDuplicationException: Attempt to insert object named "MoreLibraries" into container named ".library", which already contains an object with that name.
TransformationEditor: Ignoring clone of .Utilities beause we don't known how to import it. Exception was: ptolemy.kernel.util.NameDuplicationException: Attempt to insert object named "Utilities" into container named ".library", which already contains an object with that name.
TransformationEditor: Ignoring clone of .Directors beause we don't known how to import it. Exception was: ptolemy.kernel.util.NameDuplicationException: Attempt to insert object named "Directors" into container named ".library", which already contains an object with that name.
TransformationEditor: Ignoring clone of .Actors beause we don't known how to import it. Exception was: ptolemy.kernel.util.NameDuplicationException: Attempt to insert object named "Actors" into container named ".library", which already contains an object with that name.
TransformationEditor: Ignoring clone of .MoreLibraries beause we don't known how to import it. Exception was: ptolemy.kernel.util.NameDuplicationException: Attempt to insert object named "MoreLibraries" into container named ".library", which already contains an object with that name.
TransformationEditor: Ignoring clone of .Utilities beause we don't known how to import it. Exception was: ptolemy.kernel.util.NameDuplicationException: Attempt to insert object named "Utilities" into container named ".library", which already contains an object with that name.
TransformationEditor: Ignoring clone of .Directors beause we don't known how to import it. Exception was: ptolemy.kernel.util.NameDuplicationException: Attempt to insert object named "Directors" into container named ".library", which already contains an object with that name.
TransformationEditor: Ignoring clone of .Actors beause we don't known how to import it. Exception was: ptolemy.kernel.util.NameDuplicationException: Attempt to insert object named "Actors" into container named ".library", which already contains an object with that name.
TransformationEditor: Ignoring clone of .MoreLibraries beause we don't known how to import it. Exception was: ptolemy.kernel.util.NameDuplicationException: Attempt to insert object named "MoreLibraries" into container named ".library", which already contains an object with that name.
TransformationEditor: Ignoring clone of .Utilities beause we don't known how to import it. Exception was: ptolemy.kernel.util.NameDuplicationException: Attempt to insert object named "Utilities" into container named ".library", which already contains an object with that name.
TransformationEditor: Ignoring clone of .Directors beause we don't known how to import it. Exception was: ptolemy.kernel.util.NameDuplicationException: Attempt to insert object named "Directors" into container named ".library", which already contains an object with that name.
TransformationEditor: Ignoring clone of .Actors beause we don't known how to import it. Exception was: ptolemy.kernel.util.NameDuplicationException: Attempt to insert object named "Actors" into container named ".library", which already contains an object with that name.
TransformationEditor: Ignoring clone of .MoreLibraries beause we don't known how to import it. Exception was: ptolemy.kernel.util.NameDuplicationException: Attempt to insert object named "MoreLibraries" into container named ".library", which already contains an object with that name.
TransformationEditor: Ignoring clone of .Utilities beause we don't known how to import it. Exception was: ptolemy.kernel.util.NameDuplicationException: Attempt to insert object named "Utilities" into container named ".library", which already contains an object with that name.
TransformationEditor: Ignoring clone of .Directors beause we don't known how to import it. Exception was: ptolemy.kernel.util.NameDuplicationException: Attempt to insert object named "Directors" into container named ".library", which already contains an object with that name.
TransformationEditor: Ignoring clone of .Actors beause we don't known how to import it. Exception was: ptolemy.kernel.util.NameDuplicationException: Attempt to insert object named "Actors" into container named ".library", which already contains an object with that name.
TransformationEditor: Ignoring clone of .MoreLibraries beause we don't known how to import it. Exception was: ptolemy.kernel.util.NameDuplicationException: Attempt to insert object named "MoreLibraries" into container named ".library", which already contains an object with that name.
TransformationEditor: Ignoring clone of .Utilities beause we don't known how to import it. Exception was: ptolemy.kernel.util.NameDuplicationException: Attempt to insert object named "Utilities" into container named ".library", which already contains an object with that name.
TransformationEditor: Ignoring clone of .Directors beause we don't known how to import it. Exception was: ptolemy.kernel.util.NameDuplicationException: Attempt to insert object named "Directors" into container named ".library", which already contains an object with that name.
TransformationEditor: Ignoring clone of .Actors beause we don't known how to import it. Exception was: ptolemy.kernel.util.NameDuplicationException: Attempt to insert object named "Actors" into container named ".library", which already contains an object with that name.
TransformationEditor: Ignoring clone of .MoreLibraries beause we don't known how to import it. Exception was: ptolemy.kernel.util.NameDuplicationException: Attempt to insert object named "MoreLibraries" into container named ".library", which already contains an object with that name.
TransformationEditor: Ignoring clone of .Utilities beause we don't known how to import it. Exception was: ptolemy.kernel.util.NameDuplicationException: Attempt to insert object named "Utilities" into container named ".library", which already contains an object with that name.
TransformationEditor: Ignoring clone of .Directors beause we don't known how to import it. Exception was: ptolemy.kernel.util.NameDuplicationException: Attempt to insert object named "Directors" into container named ".library", which already contains an object with that name.
TransformationEditor: Ignoring clone of .Actors beause we don't known how to import it. Exception was: ptolemy.kernel.util.NameDuplicationException: Attempt to insert object named "Actors" into container named ".library", which already contains an object with that name.
TransformationEditor: Ignoring clone of .MoreLibraries beause we don't known how to import it. Exception was: ptolemy.kernel.util.NameDuplicationException: Attempt to insert object named "MoreLibraries" into container named ".library", which already contains an object with that name.
TransformationEditor: Ignoring clone of .Utilities beause we don't known how to import it. Exception was: ptolemy.kernel.util.NameDuplicationException: Attempt to insert object named "Utilities" into container named ".library", which already contains an object with that name.
TransformationEditor: Ignoring clone of .Directors beause we don't known how to import it. Exception was: ptolemy.kernel.util.NameDuplicationException: Attempt to insert object named "Directors" into container named ".library", which already contains an object with that name.
TransformationEditor: Ignoring clone of .Actors beause we don't known how to import it. Exception was: ptolemy.kernel.util.NameDuplicationException: Attempt to insert object named "Actors" into container named ".library", which already contains an object with that name.
TransformationEditor: Ignoring clone of .MoreLibraries beause we don't known how to import it. Exception was: ptolemy.kernel.util.NameDuplicationException: Attempt to insert object named "MoreLibraries" into container named ".library", which already contains an object with that name.
TransformationEditor: Ignoring clone of .Utilities beause we don't known how to import it. Exception was: ptolemy.kernel.util.NameDuplicationException: Attempt to insert object named "Utilities" into container named ".library", which already contains an object with that name.
TransformationEditor: Ignoring clone of .Directors beause we don't known how to import it. Exception was: ptolemy.kernel.util.NameDuplicationException: Attempt to insert object named "Directors" into container named ".library", which already contains an object with that name.
TransformationEditor: Ignoring clone of .Actors beause we don't known how to import it. Exception was: ptolemy.kernel.util.NameDuplicationException: Attempt to insert object named "Actors" into container named ".library", which already contains an object with that name.
TransformationEditor: Ignoring clone of .MoreLibraries beause we don't known how to import it. Exception was: ptolemy.kernel.util.NameDuplicationException: Attempt to insert object named "MoreLibraries" into container named ".library", which already contains an object with that name.
TransformationEditor: Ignoring clone of .Utilities beause we don't known how to import it. Exception was: ptolemy.kernel.util.NameDuplicationException: Attempt to insert object named "Utilities" into container named ".library", which already contains an object with that name.
TransformationEditor: Ignoring clone of .Directors beause we don't known how to import it. Exception was: ptolemy.kernel.util.NameDuplicationException: Attempt to insert object named "Directors" into container named ".library", which already contains an object with that name.
TransformationEditor: Ignoring clone of .Actors beause we don't known how to import it. Exception was: ptolemy.kernel.util.NameDuplicationException: Attempt to insert object named "Actors" into container named ".library", which already contains an object with that name.
TransformationEditor: Ignoring clone of .MoreLibraries beause we don't known how to import it. Exception was: ptolemy.kernel.util.NameDuplicationException: Attempt to insert object named "MoreLibraries" into container named ".library", which already contains an object with that name.
TransformationEditor: Ignoring clone of .Utilities beause we don't known how to import it. Exception was: ptolemy.kernel.util.NameDuplicationException: Attempt to insert object named "Utilities" into container named ".library", which already contains an object with that name.
TransformationEditor: Ignoring clone of .Directors beause we don't known how to import it. Exception was: ptolemy.kernel.util.NameDuplicationException: Attempt to insert object named "Directors" into container named ".library", which already contains an object with that name.
TransformationEditor: Ignoring clone of .Actors beause we don't known how to import it. Exception was: ptolemy.kernel.util.NameDuplicationException: Attempt to insert object named "Actors" into container named ".library", which already contains an object with that name.
TransformationEditor: Ignoring clone of .MoreLibraries beause we don't known how to import it. Exception was: ptolemy.kernel.util.NameDuplicationException: Attempt to insert object named "MoreLibraries" into container named ".library", which already contains an object with that name.
TransformationEditor: Ignoring clone of .Utilities beause we don't known how to import it. Exception was: ptolemy.kernel.util.NameDuplicationException: Attempt to insert object named "Utilities" into container named ".library", which already contains an object with that name.
TransformationEditor: Ignoring clone of .Directors beause we don't known how to import it. Exception was: ptolemy.kernel.util.NameDuplicationException: Attempt to insert object named "Directors" into container named ".library", which already contains an object with that name.
TransformationEditor: Ignoring clone of .Actors beause we don't known how to import it. Exception was: ptolemy.kernel.util.NameDuplicationException: Attempt to insert object named "Actors" into container named ".library", which already contains an object with that name.
TransformationEditor: Ignoring clone of .MoreLibraries beause we don't known how to import it. Exception was: ptolemy.kernel.util.NameDuplicationException: Attempt to insert object named "MoreLibraries" into container named ".library", which already contains an object with that name.
TransformationEditor: Ignoring clone of .Utilities beause we don't known how to import it. Exception was: ptolemy.kernel.util.NameDuplicationException: Attempt to insert object named "Utilities" into container named ".library", which already contains an object with that name.
TransformationEditor: Ignoring clone of .Directors beause we don't known how to import it. Exception was: ptolemy.kernel.util.NameDuplicationException: Attempt to insert object named "Directors" into container named ".library", which already contains an object with that name.
TransformationEditor: Ignoring clone of .Actors beause we don't known how to import it. Exception was: ptolemy.kernel.util.NameDuplicationException: Attempt to insert object named "Actors" into container named ".library", which already contains an object with that name.
TransformationEditor: Ignoring clone of .MoreLibraries beause we don't known how to import it. Exception was: ptolemy.kernel.util.NameDuplicationException: Attempt to insert object named "MoreLibraries" into container named ".library", which already contains an object with that name.
TransformationEditor: Ignoring clone of .Utilities beause we don't known how to import it. Exception was: ptolemy.kernel.util.NameDuplicationException: Attempt to insert object named "Utilities" into container named ".library", which already contains an object with that name.
TransformationEditor: Ignoring clone of .Directors beause we don't known how to import it. Exception was: ptolemy.kernel.util.NameDuplicationException: Attempt to insert object named "Directors" into container named ".library", which already contains an object with that name.
TransformationEditor: Ignoring clone of .Actors beause we don't known how to import it. Exception was: ptolemy.kernel.util.NameDuplicationException: Attempt to insert object named "Actors" into container named ".library", which already contains an object with that name.
TransformationEditor: Ignoring clone of .MoreLibraries beause we don't known how to import it. Exception was: ptolemy.kernel.util.NameDuplicationException: Attempt to insert object named "MoreLibraries" into container named ".library", which already contains an object with that name.
TransformationEditor: Ignoring clone of .Utilities beause we don't known how to import it. Exception was: ptolemy.kernel.util.NameDuplicationException: Attempt to insert object named "Utilities" into container named ".library", which already contains an object with that name.
TransformationEditor: Ignoring clone of .Directors beause we don't known how to import it. Exception was: ptolemy.kernel.util.NameDuplicationException: Attempt to insert object named "Directors" into container named ".library", which already contains an object with that name.
TransformationEditor: Ignoring clone of .Actors beause we don't known how to import it. Exception was: ptolemy.kernel.util.NameDuplicationException: Attempt to insert object named "Actors" into container named ".library", which already contains an object with that name.
TransformationEditor: Ignoring clone of .MoreLibraries beause we don't known how to import it. Exception was: ptolemy.kernel.util.NameDuplicationException: Attempt to insert object named "MoreLibraries" into container named ".library", which already contains an object with that name.
TransformationEditor: Ignoring clone of .Utilities beause we don't known how to import it. Exception was: ptolemy.kernel.util.NameDuplicationException: Attempt to insert object named "Utilities" into container named ".library", which already contains an object with that name.
TransformationEditor: Ignoring clone of .Directors beause we don't known how to import it. Exception was: ptolemy.kernel.util.NameDuplicationException: Attempt to insert object named "Directors" into container named ".library", which already contains an object with that name.
TransformationEditor: Ignoring clone of .Actors beause we don't known how to import it. Exception was: ptolemy.kernel.util.NameDuplicationException: Attempt to insert object named "Actors" into container named ".library", which already contains an object with that name.
TransformationEditor: Ignoring clone of .MoreLibraries beause we don't known how to import it. Exception was: ptolemy.kernel.util.NameDuplicationException: Attempt to insert object named "MoreLibraries" into container named ".library", which already contains an object with that name.
TransformationEditor: Ignoring clone of .Utilities beause we don't known how to import it. Exception was: ptolemy.kernel.util.NameDuplicationException: Attempt to insert object named "Utilities" into container named ".library", which already contains an object with that name.
TransformationEditor: Ignoring clone of .Directors beause we don't known how to import it. Exception was: ptolemy.kernel.util.NameDuplicationException: Attempt to insert object named "Directors" into container named ".library", which already contains an object with that name.
TransformationEditor: Ignoring clone of .Actors beause we don't known how to import it. Exception was: ptolemy.kernel.util.NameDuplicationException: Attempt to insert object named "Actors" into container named ".library", which already contains an object with that name.
TransformationEditor: Ignoring clone of .MoreLibraries beause we don't known how to import it. Exception was: ptolemy.kernel.util.NameDuplicationException: Attempt to insert object named "MoreLibraries" into container named ".library", which already contains an object with that name.
TransformationEditor: Ignoring clone of .Utilities beause we don't known how to import it. Exception was: ptolemy.kernel.util.NameDuplicationException: Attempt to insert object named "Utilities" into container named ".library", which already contains an object with that name.
TransformationEditor: Ignoring clone of .Directors beause we don't known how to import it. Exception was: ptolemy.kernel.util.NameDuplicationException: Attempt to insert object named "Directors" into container named ".library", which already contains an object with that name.
TransformationEditor: Ignoring clone of .Actors beause we don't known how to import it. Exception was: ptolemy.kernel.util.NameDuplicationException: Attempt to insert object named "Actors" into container named ".library", which already contains an object with that name.
TransformationEditor: Ignoring clone of .MoreLibraries beause we don't known how to import it. Exception was: ptolemy.kernel.util.NameDuplicationException: Attempt to insert object named "MoreLibraries" into container named ".library", which already contains an object with that name.
TransformationEditor: Ignoring clone of .Utilities beause we don't known how to import it. Exception was: ptolemy.kernel.util.NameDuplicationException: Attempt to insert object named "Utilities" into container named ".library", which already contains an object with that name.
TransformationEditor: Ignoring clone of .Directors beause we don't known how to import it. Exception was: ptolemy.kernel.util.NameDuplicationException: Attempt to insert object named "Directors" into container named ".library", which already contains an object with that name.
TransformationEditor: Ignoring clone of .Actors beause we don't known how to import it. Exception was: ptolemy.kernel.util.NameDuplicationException: Attempt to insert object named "Actors" into container named ".library", which already contains an object with that name.
TransformationEditor: Ignoring clone of .MoreLibraries beause we don't known how to import it. Exception was: ptolemy.kernel.util.NameDuplicationException: Attempt to insert object named "MoreLibraries" into container named ".library", which already contains an object with that name.
TransformationEditor: Ignoring clone of .Utilities beause we don't known how to import it. Exception was: ptolemy.kernel.util.NameDuplicationException: Attempt to insert object named "Utilities" into container named ".library", which already contains an object with that name.
TransformationEditor: Ignoring clone of .Directors beause we don't known how to import it. Exception was: ptolemy.kernel.util.NameDuplicationException: Attempt to insert object named "Directors" into container named ".library", which already contains an object with that name.
TransformationEditor: Ignoring clone of .Actors beause we don't known how to import it. Exception was: ptolemy.kernel.util.NameDuplicationException: Attempt to insert object named "Actors" into container named ".library", which already contains an object with that name.
TransformationEditor: Ignoring clone of .MoreLibraries beause we don't known how to import it. Exception was: ptolemy.kernel.util.NameDuplicationException: Attempt to insert object named "MoreLibraries" into container named ".library", which already contains an object with that name.
TransformationEditor: Ignoring clone of .Utilities beause we don't known how to import it. Exception was: ptolemy.kernel.util.NameDuplicationException: Attempt to insert object named "Utilities" into container named ".library", which already contains an object with that name.
TransformationEditor: Ignoring clone of .Directors beause we don't known how to import it. Exception was: ptolemy.kernel.util.NameDuplicationException: Attempt to insert object named "Directors" into container named ".library", which already contains an object with that name.
TransformationEditor: Ignoring clone of .Actors beause we don't known how to import it. Exception was: ptolemy.kernel.util.NameDuplicationException: Attempt to insert object named "Actors" into container named ".library", which already contains an object with that name.
TransformationEditor: Ignoring clone of .MoreLibraries beause we don't known how to import it. Exception was: ptolemy.kernel.util.NameDuplicationException: Attempt to insert object named "MoreLibraries" into container named ".library", which already contains an object with that name.
TransformationEditor: Ignoring clone of .Utilities beause we don't known how to import it. Exception was: ptolemy.kernel.util.NameDuplicationException: Attempt to insert object named "Utilities" into container named ".library", which already contains an object with that name.
TransformationEditor: Ignoring clone of .Directors beause we don't known how to import it. Exception was: ptolemy.kernel.util.NameDuplicationException: Attempt to insert object named "Directors" into container named ".library", which already contains an object with that name.
TransformationEditor: Ignoring clone of .Actors beause we don't known how to import it. Exception was: ptolemy.kernel.util.NameDuplicationException: Attempt to insert object named "Actors" into container named ".library", which already contains an object with that name.
TransformationEditor: Ignoring clone of .MoreLibraries beause we don't known how to import it. Exception was: ptolemy.kernel.util.NameDuplicationException: Attempt to insert object named "MoreLibraries" into container named ".library", which already contains an object with that name.
TransformationEditor: Ignoring clone of .Utilities beause we don't known how to import it. Exception was: ptolemy.kernel.util.NameDuplicationException: Attempt to insert object named "Utilities" into container named ".library", which already contains an object with that name.
TransformationEditor: Ignoring clone of .Directors beause we don't known how to import it. Exception was: ptolemy.kernel.util.NameDuplicationException: Attempt to insert object named "Directors" into container named ".library", which already contains an object with that name.
TransformationEditor: Ignoring clone of .Actors beause we don't known how to import it. Exception was: ptolemy.kernel.util.NameDuplicationException: Attempt to insert object named "Actors" into container named ".library", which already contains an object with that name.
TransformationEditor: Ignoring clone of .MoreLibraries beause we don't known how to import it. Exception was: ptolemy.kernel.util.NameDuplicationException: Attempt to insert object named "MoreLibraries" into container named ".library", which already contains an object with that name.
TransformationEditor: Ignoring clone of .Utilities beause we don't known how to import it. Exception was: ptolemy.kernel.util.NameDuplicationException: Attempt to insert object named "Utilities" into container named ".library", which already contains an object with that name.
TransformationEditor: Ignoring clone of .Directors beause we don't known how to import it. Exception was: ptolemy.kernel.util.NameDuplicationException: Attempt to insert object named "Directors" into container named ".library", which already contains an object with that name.
TransformationEditor: Ignoring clone of .Actors beause we don't known how to import it. Exception was: ptolemy.kernel.util.NameDuplicationException: Attempt to insert object named "Actors" into container named ".library", which already contains an object with that name.
TransformationEditor: Ignoring clone of .MoreLibraries beause we don't known how to import it. Exception was: ptolemy.kernel.util.NameDuplicationException: Attempt to insert object named "MoreLibraries" into container named ".library", which already contains an object with that name.
TransformationEditor: Ignoring clone of .Utilities beause we don't known how to import it. Exception was: ptolemy.kernel.util.NameDuplicationException: Attempt to insert object named "Utilities" into container named ".library", which already contains an object with that name.
TransformationEditor: Ignoring clone of .Directors beause we don't known how to import it. Exception was: ptolemy.kernel.util.NameDuplicationException: Attempt to insert object named "Directors" into container named ".library", which already contains an object with that name.
TransformationEditor: Ignoring clone of .Actors beause we don't known how to import it. Exception was: ptolemy.kernel.util.NameDuplicationException: Attempt to insert object named "Actors" into container named ".library", which already contains an object with that name.
TransformationEditor: Ignoring clone of .MoreLibraries beause we don't known how to import it. Exception was: ptolemy.kernel.util.NameDuplicationException: Attempt to insert object named "MoreLibraries" into container named ".library", which already contains an object with that name.
TransformationEditor: Ignoring clone of .Utilities beause we don't known how to import it. Exception was: ptolemy.kernel.util.NameDuplicationException: Attempt to insert object named "Utilities" into container named ".library", which already contains an object with that name.
TransformationEditor: Ignoring clone of .Directors beause we don't known how to import it. Exception was: ptolemy.kernel.util.NameDuplicationException: Attempt to insert object named "Directors" into container named ".library", which already contains an object with that name.
TransformationEditor: Ignoring clone of .Actors beause we don't known how to import it. Exception was: ptolemy.kernel.util.NameDuplicationException: Attempt to insert object named "Actors" into container named ".library", which already contains an object with that name.
TransformationEditor: Ignoring clone of .MoreLibraries beause we don't known how to import it. Exception was: ptolemy.kernel.util.NameDuplicationException: Attempt to insert object named "MoreLibraries" into container named ".library", which already contains an object with that name.
TransformationEditor: Ignoring clone of .Utilities beause we don't known how to import it. Exception was: ptolemy.kernel.util.NameDuplicationException: Attempt to insert object named "Utilities" into container named ".library", which already contains an object with that name.
TransformationEditor: Ignoring clone of .Directors beause we don't known how to import it. Exception was: ptolemy.kernel.util.NameDuplicationException: Attempt to insert object named "Directors" into container named ".library", which already contains an object with that name.
TransformationEditor: Ignoring clone of .Actors beause we don't known how to import it. Exception was: ptolemy.kernel.util.NameDuplicationException: Attempt to insert object named "Actors" into container named ".library", which already contains an object with that name.
TransformationEditor: Ignoring clone of .MoreLibraries beause we don't known how to import it. Exception was: ptolemy.kernel.util.NameDuplicationException: Attempt to insert object named "MoreLibraries" into container named ".library", which already contains an object with that name.
TransformationEditor: Ignoring clone of .Utilities beause we don't known how to import it. Exception was: ptolemy.kernel.util.NameDuplicationException: Attempt to insert object named "Utilities" into container named ".library", which already contains an object with that name.
TransformationEditor: Ignoring clone of .Directors beause we don't known how to import it. Exception was: ptolemy.kernel.util.NameDuplicationException: Attempt to insert object named "Directors" into container named ".library", which already contains an object with that name.
TransformationEditor: Ignoring clone of .Actors beause we don't known how to import it. Exception was: ptolemy.kernel.util.NameDuplicationException: Attempt to insert object named "Actors" into container named ".library", which already contains an object with that name.
TransformationEditor: Ignoring clone of .MoreLibraries beause we don't known how to import it. Exception was: ptolemy.kernel.util.NameDuplicationException: Attempt to insert object named "MoreLibraries" into container named ".library", which already contains an object with that name.
TransformationEditor: Ignoring clone of .Utilities beause we don't known how to import it. Exception was: ptolemy.kernel.util.NameDuplicationException: Attempt to insert object named "Utilities" into container named ".library", which already contains an object with that name.
TransformationEditor: Ignoring clone of .Directors beause we don't known how to import it. Exception was: ptolemy.kernel.util.NameDuplicationException: Attempt to insert object named "Directors" into container named ".library", which already contains an object with that name.
TransformationEditor: Ignoring clone of .Actors beause we don't known how to import it. Exception was: ptolemy.kernel.util.NameDuplicationException: Attempt to insert object named "Actors" into container named ".library", which already contains an object with that name.
TransformationEditor: Ignoring clone of .MoreLibraries beause we don't known how to import it. Exception was: ptolemy.kernel.util.NameDuplicationException: Attempt to insert object named "MoreLibraries" into container named ".library", which already contains an object with that name.
TransformationEditor: Ignoring clone of .Utilities beause we don't known how to import it. Exception was: ptolemy.kernel.util.NameDuplicationException: Attempt to insert object named "Utilities" into container named ".library", which already contains an object with that name.
TransformationEditor: Ignoring clone of .Directors beause we don't known how to import it. Exception was: ptolemy.kernel.util.NameDuplicationException: Attempt to insert object named "Directors" into container named ".library", which already contains an object with that name.
TransformationEditor: Ignoring clone of .Actors beause we don't known how to import it. Exception was: ptolemy.kernel.util.NameDuplicationException: Attempt to insert object named "Actors" into container named ".library", which already contains an object with that name.
TransformationEditor: Ignoring clone of .MoreLibraries beause we don't known how to import it. Exception was: ptolemy.kernel.util.NameDuplicationException: Attempt to insert object named "MoreLibraries" into container named ".library", which already contains an object with that name.
TransformationEditor: Ignoring clone of .Utilities beause we don't known how to import it. Exception was: ptolemy.kernel.util.NameDuplicationException: Attempt to insert object named "Utilities" into container named ".library", which already contains an object with that name.
TransformationEditor: Ignoring clone of .Directors beause we don't known how to import it. Exception was: ptolemy.kernel.util.NameDuplicationException: Attempt to insert object named "Directors" into container named ".library", which already contains an object with that name.
TransformationEditor: Ignoring clone of .Actors beause we don't known how to import it. Exception was: ptolemy.kernel.util.NameDuplicationException: Attempt to insert object named "Actors" into container named ".library", which already contains an object with that name.
TransformationEditor: Ignoring clone of .MoreLibraries beause we don't known how to import it. Exception was: ptolemy.kernel.util.NameDuplicationException: Attempt to insert object named "MoreLibraries" into container named ".library", which already contains an object with that name.
TransformationEditor: Ignoring clone of .Utilities beause we don't known how to import it. Exception was: ptolemy.kernel.util.NameDuplicationException: Attempt to insert object named "Utilities" into container named ".library", which already contains an object with that name.
TransformationEditor: Ignoring clone of .Directors beause we don't known how to import it. Exception was: ptolemy.kernel.util.NameDuplicationException: Attempt to insert object named "Directors" into container named ".library", which already contains an object with that name.
TransformationEditor: Ignoring clone of .Actors beause we don't known how to import it. Exception was: ptolemy.kernel.util.NameDuplicationException: Attempt to insert object named "Actors" into container named ".library", which already contains an object with that name.
TransformationEditor: Ignoring clone of .MoreLibraries beause we don't known how to import it. Exception was: ptolemy.kernel.util.NameDuplicationException: Attempt to insert object named "MoreLibraries" into container named ".library", which already contains an object with that name.
TransformationEditor: Ignoring clone of .Utilities beause we don't known how to import it. Exception was: ptolemy.kernel.util.NameDuplicationException: Attempt to insert object named "Utilities" into container named ".library", which already contains an object with that name.
TransformationEditor: Ignoring clone of .Directors beause we don't known how to import it. Exception was: ptolemy.kernel.util.NameDuplicationException: Attempt to insert object named "Directors" into container named ".library", which already contains an object with that name.
TransformationEditor: Ignoring clone of .Actors beause we don't known how to import it. Exception was: ptolemy.kernel.util.NameDuplicationException: Attempt to insert object named "Actors" into container named ".library", which already contains an object with that name.
TransformationEditor: Ignoring clone of .MoreLibraries beause we don't known how to import it. Exception was: ptolemy.kernel.util.NameDuplicationException: Attempt to insert object named "MoreLibraries" into container named ".library", which already contains an object with that name.
TransformationEditor: Ignoring clone of .Utilities beause we don't known how to import it. Exception was: ptolemy.kernel.util.NameDuplicationException: Attempt to insert object named "Utilities" into container named ".library", which already contains an object with that name.
TransformationEditor: Ignoring clone of .Directors beause we don't known how to import it. Exception was: ptolemy.kernel.util.NameDuplicationException: Attempt to insert object named "Directors" into container named ".library", which already contains an object with that name.
TransformationEditor: Ignoring clone of .Actors beause we don't known how to import it. Exception was: ptolemy.kernel.util.NameDuplicationException: Attempt to insert object named "Actors" into container named ".library", which already contains an object with that name.
TransformationEditor: Ignoring clone of .MoreLibraries beause we don't known how to import it. Exception was: ptolemy.kernel.util.NameDuplicationException: Attempt to insert object named "MoreLibraries" into container named ".library", which already contains an object with that name.
TransformationEditor: Ignoring clone of .Utilities beause we don't known how to import it. Exception was: ptolemy.kernel.util.NameDuplicationException: Attempt to insert object named "Utilities" into container named ".library", which already contains an object with that name.
TransformationEditor: Ignoring clone of .Directors beause we don't known how to import it. Exception was: ptolemy.kernel.util.NameDuplicationException: Attempt to insert object named "Directors" into container named ".library", which already contains an object with that name.
TransformationEditor: Ignoring clone of .Actors beause we don't known how to import it. Exception was: ptolemy.kernel.util.NameDuplicationException: Attempt to insert object named "Actors" into container named ".library", which already contains an object with that name.
TransformationEditor: Ignoring clone of .MoreLibraries beause we don't known how to import it. Exception was: ptolemy.kernel.util.NameDuplicationException: Attempt to insert object named "MoreLibraries" into container named ".library", which already contains an object with that name.
TransformationEditor: Ignoring clone of .Utilities beause we don't known how to import it. Exception was: ptolemy.kernel.util.NameDuplicationException: Attempt to insert object named "Utilities" into container named ".library", which already contains an object with that name.
TransformationEditor: Ignoring clone of .Directors beause we don't known how to import it. Exception was: ptolemy.kernel.util.NameDuplicationException: Attempt to insert object named "Directors" into container named ".library", which already contains an object with that name.
TransformationEditor: Ignoring clone of .Actors beause we don't known how to import it. Exception was: ptolemy.kernel.util.NameDuplicationException: Attempt to insert object named "Actors" into container named ".library", which already contains an object with that name.
TransformationEditor: Ignoring clone of .MoreLibraries beause we don't known how to import it. Exception was: ptolemy.kernel.util.NameDuplicationException: Attempt to insert object named "MoreLibraries" into container named ".library", which already contains an object with that name.
TransformationEditor: Ignoring clone of .Utilities beause we don't known how to import it. Exception was: ptolemy.kernel.util.NameDuplicationException: Attempt to insert object named "Utilities" into container named ".library", which already contains an object with that name.
TransformationEditor: Ignoring clone of .Directors beause we don't known how to import it. Exception was: ptolemy.kernel.util.NameDuplicationException: Attempt to insert object named "Directors" into container named ".library", which already contains an object with that name.
TransformationEditor: Ignoring clone of .Actors beause we don't known how to import it. Exception was: ptolemy.kernel.util.NameDuplicationException: Attempt to insert object named "Actors" into container named ".library", which already contains an object with that name.
TransformationEditor: Ignoring clone of .MoreLibraries beause we don't known how to import it. Exception was: ptolemy.kernel.util.NameDuplicationException: Attempt to insert object named "MoreLibraries" into container named ".library", which already contains an object with that name.
TransformationEditor: Ignoring clone of .Utilities beause we don't known how to import it. Exception was: ptolemy.kernel.util.NameDuplicationException: Attempt to insert object named "Utilities" into container named ".library", which already contains an object with that name.
TransformationEditor: Ignoring clone of .Directors beause we don't known how to import it. Exception was: ptolemy.kernel.util.NameDuplicationException: Attempt to insert object named "Directors" into container named ".library", which already contains an object with that name.
TransformationEditor: Ignoring clone of .Actors beause we don't known how to import it. Exception was: ptolemy.kernel.util.NameDuplicationException: Attempt to insert object named "Actors" into container named ".library", which already contains an object with that name.
TransformationEditor: Ignoring clone of .MoreLibraries beause we don't known how to import it. Exception was: ptolemy.kernel.util.NameDuplicationException: Attempt to insert object named "MoreLibraries" into container named ".library", which already contains an object with that name.
TransformationEditor: Ignoring clone of .Utilities beause we don't known how to import it. Exception was: ptolemy.kernel.util.NameDuplicationException: Attempt to insert object named "Utilities" into container named ".library", which already contains an object with that name.
TransformationEditor: Ignoring clone of .Directors beause we don't known how to import it. Exception was: ptolemy.kernel.util.NameDuplicationException: Attempt to insert object named "Directors" into container named ".library", which already contains an object with that name.
TransformationEditor: Ignoring clone of .Actors beause we don't known how to import it. Exception was: ptolemy.kernel.util.NameDuplicationException: Attempt to insert object named "Actors" into container named ".library", which already contains an object with that name.
TransformationEditor: Ignoring clone of .MoreLibraries beause we don't known how to import it. Exception was: ptolemy.kernel.util.NameDuplicationException: Attempt to insert object named "MoreLibraries" into container named ".library", which already contains an object with that name.
TransformationEditor: Ignoring clone of .Utilities beause we don't known how to import it. Exception was: ptolemy.kernel.util.NameDuplicationException: Attempt to insert object named "Utilities" into container named ".library", which already contains an object with that name.
TransformationEditor: Ignoring clone of .Directors beause we don't known how to import it. Exception was: ptolemy.kernel.util.NameDuplicationException: Attempt to insert object named "Directors" into container named ".library", which already contains an object with that name.
TransformationEditor: Ignoring clone of .Actors beause we don't known how to import it. Exception was: ptolemy.kernel.util.NameDuplicationException: Attempt to insert object named "Actors" into container named ".library", which already contains an object with that name.
TransformationEditor: Ignoring clone of .MoreLibraries beause we don't known how to import it. Exception was: ptolemy.kernel.util.NameDuplicationException: Attempt to insert object named "MoreLibraries" into container named ".library", which already contains an object with that name.
TransformationEditor: Ignoring clone of .Utilities beause we don't known how to import it. Exception was: ptolemy.kernel.util.NameDuplicationException: Attempt to insert object named "Utilities" into container named ".library", which already contains an object with that name.
TransformationEditor: Ignoring clone of .Directors beause we don't known how to import it. Exception was: ptolemy.kernel.util.NameDuplicationException: Attempt to insert object named "Directors" into container named ".library", which already contains an object with that name.
TransformationEditor: Ignoring clone of .Actors beause we don't known how to import it. Exception was: ptolemy.kernel.util.NameDuplicationException: Attempt to insert object named "Actors" into container named ".library", which already contains an object with that name.
TransformationEditor: Ignoring clone of .MoreLibraries beause we don't known how to import it. Exception was: ptolemy.kernel.util.NameDuplicationException: Attempt to insert object named "MoreLibraries" into container named ".library", which already contains an object with that name.
TransformationEditor: Ignoring clone of .Utilities beause we don't known how to import it. Exception was: ptolemy.kernel.util.NameDuplicationException: Attempt to insert object named "Utilities" into container named ".library", which already contains an object with that name.
TransformationEditor: Ignoring clone of .Directors beause we don't known how to import it. Exception was: ptolemy.kernel.util.NameDuplicationException: Attempt to insert object named "Directors" into container named ".library", which already contains an object with that name.
TransformationEditor: Ignoring clone of .Actors beause we don't known how to import it. Exception was: ptolemy.kernel.util.NameDuplicationException: Attempt to insert object named "Actors" into container named ".library", which already contains an object with that name.
TransformationEditor: Ignoring clone of .MoreLibraries beause we don't known how to import it. Exception was: ptolemy.kernel.util.NameDuplicationException: Attempt to insert object named "MoreLibraries" into container named ".library", which already contains an object with that name.
TransformationEditor: Ignoring clone of .Utilities beause we don't known how to import it. Exception was: ptolemy.kernel.util.NameDuplicationException: Attempt to insert object named "Utilities" into container named ".library", which already contains an object with that name.
TransformationEditor: Ignoring clone of .Directors beause we don't known how to import it. Exception was: ptolemy.kernel.util.NameDuplicationException: Attempt to insert object named "Directors" into container named ".library", which already contains an object with that name.
TransformationEditor: Ignoring clone of .Actors beause we don't known how to import it. Exception was: ptolemy.kernel.util.NameDuplicationException: Attempt to insert object named "Actors" into container named ".library", which already contains an object with that name.
TransformationEditor: Ignoring clone of .MoreLibraries beause we don't known how to import it. Exception was: ptolemy.kernel.util.NameDuplicationException: Attempt to insert object named "MoreLibraries" into container named ".library", which already contains an object with that name.
TransformationEditor: Ignoring clone of .Utilities beause we don't known how to import it. Exception was: ptolemy.kernel.util.NameDuplicationException: Attempt to insert object named "Utilities" into container named ".library", which already contains an object with that name.
TransformationEditor: Ignoring clone of .Directors beause we don't known how to import it. Exception was: ptolemy.kernel.util.NameDuplicationException: Attempt to insert object named "Directors" into container named ".library", which already contains an object with that name.
TransformationEditor: Ignoring clone of .Actors beause we don't known how to import it. Exception was: ptolemy.kernel.util.NameDuplicationException: Attempt to insert object named "Actors" into container named ".library", which already contains an object with that name.
TransformationEditor: Ignoring clone of .MoreLibraries beause we don't known how to import it. Exception was: ptolemy.kernel.util.NameDuplicationException: Attempt to insert object named "MoreLibraries" into container named ".library", which already contains an object with that name.
TransformationEditor: Ignoring clone of .Utilities beause we don't known how to import it. Exception was: ptolemy.kernel.util.NameDuplicationException: Attempt to insert object named "Utilities" into container named ".library", which already contains an object with that name.
TransformationEditor: Ignoring clone of .Directors beause we don't known how to import it. Exception was: ptolemy.kernel.util.NameDuplicationException: Attempt to insert object named "Directors" into container named ".library", which already contains an object with that name.
TransformationEditor: Ignoring clone of .Actors beause we don't known how to import it. Exception was: ptolemy.kernel.util.NameDuplicationException: Attempt to insert object named "Actors" into container named ".library", which already contains an object with that name.
TransformationEditor: Ignoring clone of .MoreLibraries beause we don't known how to import it. Exception was: ptolemy.kernel.util.NameDuplicationException: Attempt to insert object named "MoreLibraries" into container named ".library", which already contains an object with that name.
TransformationEditor: Ignoring clone of .Utilities beause we don't known how to import it. Exception was: ptolemy.kernel.util.NameDuplicationException: Attempt to insert object named "Utilities" into container named ".library", which already contains an object with that name.
TransformationEditor: Ignoring clone of .Directors beause we don't known how to import it. Exception was: ptolemy.kernel.util.NameDuplicationException: Attempt to insert object named "Directors" into container named ".library", which already contains an object with that name.
TransformationEditor: Ignoring clone of .Actors beause we don't known how to import it. Exception was: ptolemy.kernel.util.NameDuplicationException: Attempt to insert object named "Actors" into container named ".library", which already contains an object with that name.
TransformationEditor: Ignoring clone of .MoreLibraries beause we don't known how to import it. Exception was: ptolemy.kernel.util.NameDuplicationException: Attempt to insert object named "MoreLibraries" into container named ".library", which already contains an object with that name.
TransformationEditor: Ignoring clone of .Utilities beause we don't known how to import it. Exception was: ptolemy.kernel.util.NameDuplicationException: Attempt to insert object named "Utilities" into container named ".library", which already contains an object with that name.
TransformationEditor: Ignoring clone of .Directors beause we don't known how to import it. Exception was: ptolemy.kernel.util.NameDuplicationException: Attempt to insert object named "Directors" into container named ".library", which already contains an object with that name.
TransformationEditor: Ignoring clone of .Actors beause we don't known how to import it. Exception was: ptolemy.kernel.util.NameDuplicationException: Attempt to insert object named "Actors" into container named ".library", which already contains an object with that name.
TransformationEditor: Ignoring clone of .MoreLibraries beause we don't known how to import it. Exception was: ptolemy.kernel.util.NameDuplicationException: Attempt to insert object named "MoreLibraries" into container named ".library", which already contains an object with that name.
TransformationEditor: Ignoring clone of .Utilities beause we don't known how to import it. Exception was: ptolemy.kernel.util.NameDuplicationException: Attempt to insert object named "Utilities" into container named ".library", which already contains an object with that name.
TransformationEditor: Ignoring clone of .Directors beause we don't known how to import it. Exception was: ptolemy.kernel.util.NameDuplicationException: Attempt to insert object named "Directors" into container named ".library", which already contains an object with that name.
TransformationEditor: Ignoring clone of .Actors beause we don't known how to import it. Exception was: ptolemy.kernel.util.NameDuplicationException: Attempt to insert object named "Actors" into container named ".library", which already contains an object with that name.
TransformationEditor: Ignoring clone of .MoreLibraries beause we don't known how to import it. Exception was: ptolemy.kernel.util.NameDuplicationException: Attempt to insert object named "MoreLibraries" into container named ".library", which already contains an object with that name.
TransformationEditor: Ignoring clone of .Utilities beause we don't known how to import it. Exception was: ptolemy.kernel.util.NameDuplicationException: Attempt to insert object named "Utilities" into container named ".library", which already contains an object with that name.
TransformationEditor: Ignoring clone of .Directors beause we don't known how to import it. Exception was: ptolemy.kernel.util.NameDuplicationException: Attempt to insert object named "Directors" into container named ".library", which already contains an object with that name.
TransformationEditor: Ignoring clone of .Actors beause we don't known how to import it. Exception was: ptolemy.kernel.util.NameDuplicationException: Attempt to insert object named "Actors" into container named ".library", which already contains an object with that name.
TransformationEditor: Ignoring clone of .MoreLibraries beause we don't known how to import it. Exception was: ptolemy.kernel.util.NameDuplicationException: Attempt to insert object named "MoreLibraries" into container named ".library", which already contains an object with that name.
TransformationEditor: Ignoring clone of .Utilities beause we don't known how to import it. Exception was: ptolemy.kernel.util.NameDuplicationException: Attempt to insert object named "Utilities" into container named ".library", which already contains an object with that name.
TransformationEditor: Ignoring clone of .Directors beause we don't known how to import it. Exception was: ptolemy.kernel.util.NameDuplicationException: Attempt to insert object named "Directors" into container named ".library", which already contains an object with that name.
TransformationEditor: Ignoring clone of .Actors beause we don't known how to import it. Exception was: ptolemy.kernel.util.NameDuplicationException: Attempt to insert object named "Actors" into container named ".library", which already contains an object with that name.
TransformationEditor: Ignoring clone of .MoreLibraries beause we don't known how to import it. Exception was: ptolemy.kernel.util.NameDuplicationException: Attempt to insert object named "MoreLibraries" into container named ".library", which already contains an object with that name.
TransformationEditor: Ignoring clone of .Utilities beause we don't known how to import it. Exception was: ptolemy.kernel.util.NameDuplicationException: Attempt to insert object named "Utilities" into container named ".library", which already contains an object with that name.
TransformationEditor: Ignoring clone of .Directors beause we don't known how to import it. Exception was: ptolemy.kernel.util.NameDuplicationException: Attempt to insert object named "Directors" into container named ".library", which already contains an object with that name.
TransformationEditor: Ignoring clone of .Actors beause we don't known how to import it. Exception was: ptolemy.kernel.util.NameDuplicationException: Attempt to insert object named "Actors" into container named ".library", which already contains an object with that name.
TransformationEditor: Ignoring clone of .MoreLibraries beause we don't known how to import it. Exception was: ptolemy.kernel.util.NameDuplicationException: Attempt to insert object named "MoreLibraries" into container named ".library", which already contains an object with that name.
TransformationEditor: Ignoring clone of .Utilities beause we don't known how to import it. Exception was: ptolemy.kernel.util.NameDuplicationException: Attempt to insert object named "Utilities" into container named ".library", which already contains an object with that name.
TransformationEditor: Ignoring clone of .Directors beause we don't known how to import it. Exception was: ptolemy.kernel.util.NameDuplicationException: Attempt to insert object named "Directors" into container named ".library", which already contains an object with that name.
TransformationEditor: Ignoring clone of .Actors beause we don't known how to import it. Exception was: ptolemy.kernel.util.NameDuplicationException: Attempt to insert object named "Actors" into container named ".library", which already contains an object with that name.
TransformationEditor: Ignoring clone of .MoreLibraries beause we don't known how to import it. Exception was: ptolemy.kernel.util.NameDuplicationException: Attempt to insert object named "MoreLibraries" into container named ".library", which already contains an object with that name.
TransformationEditor: Ignoring clone of .Utilities beause we don't known how to import it. Exception was: ptolemy.kernel.util.NameDuplicationException: Attempt to insert object named "Utilities" into container named ".library", which already contains an object with that name.
TransformationEditor: Ignoring clone of .Directors beause we don't known how to import it. Exception was: ptolemy.kernel.util.NameDuplicationException: Attempt to insert object named "Directors" into container named ".library", which already contains an object with that name.
TransformationEditor: Ignoring clone of .Actors beause we don't known how to import it. Exception was: ptolemy.kernel.util.NameDuplicationException: Attempt to insert object named "Actors" into container named ".library", which already contains an object with that name.
TransformationEditor: Ignoring clone of .MoreLibraries beause we don't known how to import it. Exception was: ptolemy.kernel.util.NameDuplicationException: Attempt to insert object named "MoreLibraries" into container named ".library", which already contains an object with that name.
TransformationEditor: Ignoring clone of .Utilities beause we don't known how to import it. Exception was: ptolemy.kernel.util.NameDuplicationException: Attempt to insert object named "Utilities" into container named ".library", which already contains an object with that name.
TransformationEditor: Ignoring clone of .Directors beause we don't known how to import it. Exception was: ptolemy.kernel.util.NameDuplicationException: Attempt to insert object named "Directors" into container named ".library", which already contains an object with that name.
TransformationEditor: Ignoring clone of .Actors beause we don't known how to import it. Exception was: ptolemy.kernel.util.NameDuplicationException: Attempt to insert object named "Actors" into container named ".library", which already contains an object with that name.
TransformationEditor: Ignoring clone of .MoreLibraries beause we don't known how to import it. Exception was: ptolemy.kernel.util.NameDuplicationException: Attempt to insert object named "MoreLibraries" into container named ".library", which already contains an object with that name.
TransformationEditor: Ignoring clone of .Utilities beause we don't known how to import it. Exception was: ptolemy.kernel.util.NameDuplicationException: Attempt to insert object named "Utilities" into container named ".library", which already contains an object with that name.
TransformationEditor: Ignoring clone of .Directors beause we don't known how to import it. Exception was: ptolemy.kernel.util.NameDuplicationException: Attempt to insert object named "Directors" into container named ".library", which already contains an object with that name.
TransformationEditor: Ignoring clone of .Actors beause we don't known how to import it. Exception was: ptolemy.kernel.util.NameDuplicationException: Attempt to insert object named "Actors" into container named ".library", which already contains an object with that name.
TransformationEditor: Ignoring clone of .MoreLibraries beause we don't known how to import it. Exception was: ptolemy.kernel.util.NameDuplicationException: Attempt to insert object named "MoreLibraries" into container named ".library", which already contains an object with that name.
TransformationEditor: Ignoring clone of .Utilities beause we don't known how to import it. Exception was: ptolemy.kernel.util.NameDuplicationException: Attempt to insert object named "Utilities" into container named ".library", which already contains an object with that name.
TransformationEditor: Ignoring clone of .Directors beause we don't known how to import it. Exception was: ptolemy.kernel.util.NameDuplicationException: Attempt to insert object named "Directors" into container named ".library", which already contains an object with that name.
TransformationEditor: Ignoring clone of .Actors beause we don't known how to import it. Exception was: ptolemy.kernel.util.NameDuplicationException: Attempt to insert object named "Actors" into container named ".library", which already contains an object with that name.
TransformationEditor: Ignoring clone of .MoreLibraries beause we don't known how to import it. Exception was: ptolemy.kernel.util.NameDuplicationException: Attempt to insert object named "MoreLibraries" into container named ".library", which already contains an object with that name.
TransformationEditor: Ignoring clone of .Utilities beause we don't known how to import it. Exception was: ptolemy.kernel.util.NameDuplicationException: Attempt to insert object named "Utilities" into container named ".library", which already contains an object with that name.
TransformationEditor: Ignoring clone of .Directors beause we don't known how to import it. Exception was: ptolemy.kernel.util.NameDuplicationException: Attempt to insert object named "Directors" into container named ".library", which already contains an object with that name.
TransformationEditor: Ignoring clone of .Actors beause we don't known how to import it. Exception was: ptolemy.kernel.util.NameDuplicationException: Attempt to insert object named "Actors" into container named ".library", which already contains an object with that name.
TransformationEditor: Ignoring clone of .MoreLibraries beause we don't known how to import it. Exception was: ptolemy.kernel.util.NameDuplicationException: Attempt to insert object named "MoreLibraries" into container named ".library", which already contains an object with that name.
TransformationEditor: Ignoring clone of .Utilities beause we don't known how to import it. Exception was: ptolemy.kernel.util.NameDuplicationException: Attempt to insert object named "Utilities" into container named ".library", which already contains an object with that name.
TransformationEditor: Ignoring clone of .Directors beause we don't known how to import it. Exception was: ptolemy.kernel.util.NameDuplicationException: Attempt to insert object named "Directors" into container named ".library", which already contains an object with that name.
TransformationEditor: Ignoring clone of .Actors beause we don't known how to import it. Exception was: ptolemy.kernel.util.NameDuplicationException: Attempt to insert object named "Actors" into container named ".library", which already contains an object with that name.
TransformationEditor: Ignoring clone of .MoreLibraries beause we don't known how to import it. Exception was: ptolemy.kernel.util.NameDuplicationException: Attempt to insert object named "MoreLibraries" into container named ".library", which already contains an object with that name.
TransformationEditor: Ignoring clone of .Utilities beause we don't known how to import it. Exception was: ptolemy.kernel.util.NameDuplicationException: Attempt to insert object named "Utilities" into container named ".library", which already contains an object with that name.
TransformationEditor: Ignoring clone of .Directors beause we don't known how to import it. Exception was: ptolemy.kernel.util.NameDuplicationException: Attempt to insert object named "Directors" into container named ".library", which already contains an object with that name.
TransformationEditor: Ignoring clone of .Actors beause we don't known how to import it. Exception was: ptolemy.kernel.util.NameDuplicationException: Attempt to insert object named "Actors" into container named ".library", which already contains an object with that name.
TransformationEditor: Ignoring clone of .MoreLibraries beause we don't known how to import it. Exception was: ptolemy.kernel.util.NameDuplicationException: Attempt to insert object named "MoreLibraries" into container named ".library", which already contains an object with that name.
TransformationEditor: Ignoring clone of .Utilities beause we don't known how to import it. Exception was: ptolemy.kernel.util.NameDuplicationException: Attempt to insert object named "Utilities" into container named ".library", which already contains an object with that name.
TransformationEditor: Ignoring clone of .Directors beause we don't known how to import it. Exception was: ptolemy.kernel.util.NameDuplicationException: Attempt to insert object named "Directors" into container named ".library", which already contains an object with that name.
TransformationEditor: Ignoring clone of .Actors beause we don't known how to import it. Exception was: ptolemy.kernel.util.NameDuplicationException: Attempt to insert object named "Actors" into container named ".library", which already contains an object with that name.
TransformationEditor: Ignoring clone of .MoreLibraries beause we don't known how to import it. Exception was: ptolemy.kernel.util.NameDuplicationException: Attempt to insert object named "MoreLibraries" into container named ".library", which already contains an object with that name.
TransformationEditor: Ignoring clone of .Utilities beause we don't known how to import it. Exception was: ptolemy.kernel.util.NameDuplicationException: Attempt to insert object named "Utilities" into container named ".library", which already contains an object with that name.
TransformationEditor: Ignoring clone of .Directors beause we don't known how to import it. Exception was: ptolemy.kernel.util.NameDuplicationException: Attempt to insert object named "Directors" into container named ".library", which already contains an object with that name.
TransformationEditor: Ignoring clone of .Actors beause we don't known how to import it. Exception was: ptolemy.kernel.util.NameDuplicationException: Attempt to insert object named "Actors" into container named ".library", which already contains an object with that name.
TransformationEditor: Ignoring clone of .MoreLibraries beause we don't known how to import it. Exception was: ptolemy.kernel.util.NameDuplicationException: Attempt to insert object named "MoreLibraries" into container named ".library", which already contains an object with that name.
TransformationEditor: Ignoring clone of .Utilities beause we don't known how to import it. Exception was: ptolemy.kernel.util.NameDuplicationException: Attempt to insert object named "Utilities" into container named ".library", which already contains an object with that name.
TransformationEditor: Ignoring clone of .Directors beause we don't known how to import it. Exception was: ptolemy.kernel.util.NameDuplicationException: Attempt to insert object named "Directors" into container named ".library", which already contains an object with that name.
TransformationEditor: Ignoring clone of .Actors beause we don't known how to import it. Exception was: ptolemy.kernel.util.NameDuplicationException: Attempt to insert object named "Actors" into container named ".library", which already contains an object with that name.
TransformationEditor: Ignoring clone of .MoreLibraries beause we don't known how to import it. Exception was: ptolemy.kernel.util.NameDuplicationException: Attempt to insert object named "MoreLibraries" into container named ".library", which already contains an object with that name.
TransformationEditor: Ignoring clone of .Utilities beause we don't known how to import it. Exception was: ptolemy.kernel.util.NameDuplicationException: Attempt to insert object named "Utilities" into container named ".library", which already contains an object with that name.
TransformationEditor: Ignoring clone of .Directors beause we don't known how to import it. Exception was: ptolemy.kernel.util.NameDuplicationException: Attempt to insert object named "Directors" into container named ".library", which already contains an object with that name.
TransformationEditor: Ignoring clone of .Actors beause we don't known how to import it. Exception was: ptolemy.kernel.util.NameDuplicationException: Attempt to insert object named "Actors" into container named ".library", which already contains an object with that name.
TransformationEditor: Ignoring clone of .MoreLibraries beause we don't known how to import it. Exception was: ptolemy.kernel.util.NameDuplicationException: Attempt to insert object named "MoreLibraries" into container named ".library", which already contains an object with that name.
TransformationEditor: Ignoring clone of .Utilities beause we don't known how to import it. Exception was: ptolemy.kernel.util.NameDuplicationException: Attempt to insert object named "Utilities" into container named ".library", which already contains an object with that name.
TransformationEditor: Ignoring clone of .Directors beause we don't known how to import it. Exception was: ptolemy.kernel.util.NameDuplicationException: Attempt to insert object named "Directors" into container named ".library", which already contains an object with that name.
TransformationEditor: Ignoring clone of .Actors beause we don't known how to import it. Exception was: ptolemy.kernel.util.NameDuplicationException: Attempt to insert object named "Actors" into container named ".library", which already contains an object with that name.
TransformationEditor: Ignoring clone of .MoreLibraries beause we don't known how to import it. Exception was: ptolemy.kernel.util.NameDuplicationException: Attempt to insert object named "MoreLibraries" into container named ".library", which already contains an object with that name.
TransformationEditor: Ignoring clone of .Utilities beause we don't known how to import it. Exception was: ptolemy.kernel.util.NameDuplicationException: Attempt to insert object named "Utilities" into container named ".library", which already contains an object with that name.
TransformationEditor: Ignoring clone of .Directors beause we don't known how to import it. Exception was: ptolemy.kernel.util.NameDuplicationException: Attempt to insert object named "Directors" into container named ".library", which already contains an object with that name.
TransformationEditor: Ignoring clone of .Actors beause we don't known how to import it. Exception was: ptolemy.kernel.util.NameDuplicationException: Attempt to insert object named "Actors" into container named ".library", which already contains an object with that name.
TransformationEditor: Ignoring clone of .MoreLibraries beause we don't known how to import it. Exception was: ptolemy.kernel.util.NameDuplicationException: Attempt to insert object named "MoreLibraries" into container named ".library", which already contains an object with that name.
TransformationEditor: Ignoring clone of .Utilities beause we don't known how to import it. Exception was: ptolemy.kernel.util.NameDuplicationException: Attempt to insert object named "Utilities" into container named ".library", which already contains an object with that name.
TransformationEditor: Ignoring clone of .Directors beause we don't known how to import it. Exception was: ptolemy.kernel.util.NameDuplicationException: Attempt to insert object named "Directors" into container named ".library", which already contains an object with that name.
TransformationEditor: Ignoring clone of .Actors beause we don't known how to import it. Exception was: ptolemy.kernel.util.NameDuplicationException: Attempt to insert object named "Actors" into container named ".library", which already contains an object with that name.
TransformationEditor: Ignoring clone of .MoreLibraries beause we don't known how to import it. Exception was: ptolemy.kernel.util.NameDuplicationException: Attempt to insert object named "MoreLibraries" into container named ".library", which already contains an object with that name.
TransformationEditor: Ignoring clone of .Utilities beause we don't known how to import it. Exception was: ptolemy.kernel.util.NameDuplicationException: Attempt to insert object named "Utilities" into container named ".library", which already contains an object with that name.
TransformationEditor: Ignoring clone of .Directors beause we don't known how to import it. Exception was: ptolemy.kernel.util.NameDuplicationException: Attempt to insert object named "Directors" into container named ".library", which already contains an object with that name.
TransformationEditor: Ignoring clone of .Actors beause we don't known how to import it. Exception was: ptolemy.kernel.util.NameDuplicationException: Attempt to insert object named "Actors" into container named ".library", which already contains an object with that name.
TransformationEditor: Ignoring clone of .MoreLibraries beause we don't known how to import it. Exception was: ptolemy.kernel.util.NameDuplicationException: Attempt to insert object named "MoreLibraries" into container named ".library", which already contains an object with that name.
TransformationEditor: Ignoring clone of .Utilities beause we don't known how to import it. Exception was: ptolemy.kernel.util.NameDuplicationException: Attempt to insert object named "Utilities" into container named ".library", which already contains an object with that name.
TransformationEditor: Ignoring clone of .Directors beause we don't known how to import it. Exception was: ptolemy.kernel.util.NameDuplicationException: Attempt to insert object named "Directors" into container named ".library", which already contains an object with that name.
TransformationEditor: Ignoring clone of .Actors beause we don't known how to import it. Exception was: ptolemy.kernel.util.NameDuplicationException: Attempt to insert object named "Actors" into container named ".library", which already contains an object with that name.
TransformationEditor: Ignoring clone of .MoreLibraries beause we don't known how to import it. Exception was: ptolemy.kernel.util.NameDuplicationException: Attempt to insert object named "MoreLibraries" into container named ".library", which already contains an object with that name.
TransformationEditor: Ignoring clone of .Utilities beause we don't known how to import it. Exception was: ptolemy.kernel.util.NameDuplicationException: Attempt to insert object named "Utilities" into container named ".library", which already contains an object with that name.
TransformationEditor: Ignoring clone of .Directors beause we don't known how to import it. Exception was: ptolemy.kernel.util.NameDuplicationException: Attempt to insert object named "Directors" into container named ".library", which already contains an object with that name.
TransformationEditor: Ignoring clone of .Actors beause we don't known how to import it. Exception was: ptolemy.kernel.util.NameDuplicationException: Attempt to insert object named "Actors" into container named ".library", which already contains an object with that name.
TransformationEditor: Ignoring clone of .MoreLibraries beause we don't known how to import it. Exception was: ptolemy.kernel.util.NameDuplicationException: Attempt to insert object named "MoreLibraries" into container named ".library", which already contains an object with that name.
TransformationEditor: Ignoring clone of .Utilities beause we don't known how to import it. Exception was: ptolemy.kernel.util.NameDuplicationException: Attempt to insert object named "Utilities" into container named ".library", which already contains an object with that name.
TransformationEditor: Ignoring clone of .Directors beause we don't known how to import it. Exception was: ptolemy.kernel.util.NameDuplicationException: Attempt to insert object named "Directors" into container named ".library", which already contains an object with that name.
TransformationEditor: Ignoring clone of .Actors beause we don't known how to import it. Exception was: ptolemy.kernel.util.NameDuplicationException: Attempt to insert object named "Actors" into container named ".library", which already contains an object with that name.
TransformationEditor: Ignoring clone of .MoreLibraries beause we don't known how to import it. Exception was: ptolemy.kernel.util.NameDuplicationException: Attempt to insert object named "MoreLibraries" into container named ".library", which already contains an object with that name.
TransformationEditor: Ignoring clone of .Utilities beause we don't known how to import it. Exception was: ptolemy.kernel.util.NameDuplicationException: Attempt to insert object named "Utilities" into container named ".library", which already contains an object with that name.
TransformationEditor: Ignoring clone of .Directors beause we don't known how to import it. Exception was: ptolemy.kernel.util.NameDuplicationException: Attempt to insert object named "Directors" into container named ".library", which already contains an object with that name.
TransformationEditor: Ignoring clone of .Actors beause we don't known how to import it. Exception was: ptolemy.kernel.util.NameDuplicationException: Attempt to insert object named "Actors" into container named ".library", which already contains an object with that name.
TransformationEditor: Ignoring clone of .MoreLibraries beause we don't known how to import it. Exception was: ptolemy.kernel.util.NameDuplicationException: Attempt to insert object named "MoreLibraries" into container named ".library", which already contains an object with that name.
TransformationEditor: Ignoring clone of .Utilities beause we don't known how to import it. Exception was: ptolemy.kernel.util.NameDuplicationException: Attempt to insert object named "Utilities" into container named ".library", which already contains an object with that name.
TransformationEditor: Ignoring clone of .Directors beause we don't known how to import it. Exception was: ptolemy.kernel.util.NameDuplicationException: Attempt to insert object named "Directors" into container named ".library", which already contains an object with that name.
TransformationEditor: Ignoring clone of .Actors beause we don't known how to import it. Exception was: ptolemy.kernel.util.NameDuplicationException: Attempt to insert object named "Actors" into container named ".library", which already contains an object with that name.
TransformationEditor: Ignoring clone of .MoreLibraries beause we don't known how to import it. Exception was: ptolemy.kernel.util.NameDuplicationException: Attempt to insert object named "MoreLibraries" into container named ".library", which already contains an object with that name.
TransformationEditor: Ignoring clone of .Utilities beause we don't known how to import it. Exception was: ptolemy.kernel.util.NameDuplicationException: Attempt to insert object named "Utilities" into container named ".library", which already contains an object with that name.
TransformationEditor: Ignoring clone of .Directors beause we don't known how to import it. Exception was: ptolemy.kernel.util.NameDuplicationException: Attempt to insert object named "Directors" into container named ".library", which already contains an object with that name.
TransformationEditor: Ignoring clone of .Actors beause we don't known how to import it. Exception was: ptolemy.kernel.util.NameDuplicationException: Attempt to insert object named "Actors" into container named ".library", which already contains an object with that name.
TransformationEditor: Ignoring clone of .MoreLibraries beause we don't known how to import it. Exception was: ptolemy.kernel.util.NameDuplicationException: Attempt to insert object named "MoreLibraries" into container named ".library", which already contains an object with that name.
TransformationEditor: Ignoring clone of .Utilities beause we don't known how to import it. Exception was: ptolemy.kernel.util.NameDuplicationException: Attempt to insert object named "Utilities" into container named ".library", which already contains an object with that name.
TransformationEditor: Ignoring clone of .Directors beause we don't known how to import it. Exception was: ptolemy.kernel.util.NameDuplicationException: Attempt to insert object named "Directors" into container named ".library", which already contains an object with that name.
TransformationEditor: Ignoring clone of .Actors beause we don't known how to import it. Exception was: ptolemy.kernel.util.NameDuplicationException: Attempt to insert object named "Actors" into container named ".library", which already contains an object with that name.
TransformationEditor: Ignoring clone of .MoreLibraries beause we don't known how to import it. Exception was: ptolemy.kernel.util.NameDuplicationException: Attempt to insert object named "MoreLibraries" into container named ".library", which already contains an object with that name.
TransformationEditor: Ignoring clone of .Utilities beause we don't known how to import it. Exception was: ptolemy.kernel.util.NameDuplicationException: Attempt to insert object named "Utilities" into container named ".library", which already contains an object with that name.
TransformationEditor: Ignoring clone of .Directors beause we don't known how to import it. Exception was: ptolemy.kernel.util.NameDuplicationException: Attempt to insert object named "Directors" into container named ".library", which already contains an object with that name.
TransformationEditor: Ignoring clone of .Actors beause we don't known how to import it. Exception was: ptolemy.kernel.util.NameDuplicationException: Attempt to insert object named "Actors" into container named ".library", which already contains an object with that name.
TransformationEditor: Ignoring clone of .MoreLibraries beause we don't known how to import it. Exception was: ptolemy.kernel.util.NameDuplicationException: Attempt to insert object named "MoreLibraries" into container named ".library", which already contains an object with that name.
TransformationEditor: Ignoring clone of .Utilities beause we don't known how to import it. Exception was: ptolemy.kernel.util.NameDuplicationException: Attempt to insert object named "Utilities" into container named ".library", which already contains an object with that name.
TransformationEditor: Ignoring clone of .Directors beause we don't known how to import it. Exception was: ptolemy.kernel.util.NameDuplicationException: Attempt to insert object named "Directors" into container named ".library", which already contains an object with that name.
TransformationEditor: Ignoring clone of .Actors beause we don't known how to import it. Exception was: ptolemy.kernel.util.NameDuplicationException: Attempt to insert object named "Actors" into container named ".library", which already contains an object with that name.
TransformationEditor: Ignoring clone of .MoreLibraries beause we don't known how to import it. Exception was: ptolemy.kernel.util.NameDuplicationException: Attempt to insert object named "MoreLibraries" into container named ".library", which already contains an object with that name.
TransformationEditor: Ignoring clone of .Utilities beause we don't known how to import it. Exception was: ptolemy.kernel.util.NameDuplicationException: Attempt to insert object named "Utilities" into container named ".library", which already contains an object with that name.
TransformationEditor: Ignoring clone of .Directors beause we don't known how to import it. Exception was: ptolemy.kernel.util.NameDuplicationException: Attempt to insert object named "Directors" into container named ".library", which already contains an object with that name.
TransformationEditor: Ignoring clone of .Actors beause we don't known how to import it. Exception was: ptolemy.kernel.util.NameDuplicationException: Attempt to insert object named "Actors" into container named ".library", which already contains an object with that name.
TransformationEditor: Ignoring clone of .MoreLibraries beause we don't known how to import it. Exception was: ptolemy.kernel.util.NameDuplicationException: Attempt to insert object named "MoreLibraries" into container named ".library", which already contains an object with that name.
TransformationEditor: Ignoring clone of .Utilities beause we don't known how to import it. Exception was: ptolemy.kernel.util.NameDuplicationException: Attempt to insert object named "Utilities" into container named ".library", which already contains an object with that name.
TransformationEditor: Ignoring clone of .Directors beause we don't known how to import it. Exception was: ptolemy.kernel.util.NameDuplicationException: Attempt to insert object named "Directors" into container named ".library", which already contains an object with that name.
TransformationEditor: Ignoring clone of .Actors beause we don't known how to import it. Exception was: ptolemy.kernel.util.NameDuplicationException: Attempt to insert object named "Actors" into container named ".library", which already contains an object with that name.
TransformationEditor: Ignoring clone of .MoreLibraries beause we don't known how to import it. Exception was: ptolemy.kernel.util.NameDuplicationException: Attempt to insert object named "MoreLibraries" into container named ".library", which already contains an object with that name.
TransformationEditor: Ignoring clone of .Utilities beause we don't known how to import it. Exception was: ptolemy.kernel.util.NameDuplicationException: Attempt to insert object named "Utilities" into container named ".library", which already contains an object with that name.
TransformationEditor: Ignoring clone of .Directors beause we don't known how to import it. Exception was: ptolemy.kernel.util.NameDuplicationException: Attempt to insert object named "Directors" into container named ".library", which already contains an object with that name.
TransformationEditor: Ignoring clone of .Actors beause we don't known how to import it. Exception was: ptolemy.kernel.util.NameDuplicationException: Attempt to insert object named "Actors" into container named ".library", which already contains an object with that name.
TransformationEditor: Ignoring clone of .MoreLibraries beause we don't known how to import it. Exception was: ptolemy.kernel.util.NameDuplicationException: Attempt to insert object named "MoreLibraries" into container named ".library", which already contains an object with that name.
TransformationEditor: Ignoring clone of .Utilities beause we don't known how to import it. Exception was: ptolemy.kernel.util.NameDuplicationException: Attempt to insert object named "Utilities" into container named ".library", which already contains an object with that name.
TransformationEditor: Ignoring clone of .Directors beause we don't known how to import it. Exception was: ptolemy.kernel.util.NameDuplicationException: Attempt to insert object named "Directors" into container named ".library", which already contains an object with that name.
TransformationEditor: Ignoring clone of .Actors beause we don't known how to import it. Exception was: ptolemy.kernel.util.NameDuplicationException: Attempt to insert object named "Actors" into container named ".library", which already contains an object with that name.
TransformationEditor: Ignoring clone of .MoreLibraries beause we don't known how to import it. Exception was: ptolemy.kernel.util.NameDuplicationException: Attempt to insert object named "MoreLibraries" into container named ".library", which already contains an object with that name.
TransformationEditor: Ignoring clone of .Utilities beause we don't known how to import it. Exception was: ptolemy.kernel.util.NameDuplicationException: Attempt to insert object named "Utilities" into container named ".library", which already contains an object with that name.
TransformationEditor: Ignoring clone of .Directors beause we don't known how to import it. Exception was: ptolemy.kernel.util.NameDuplicationException: Attempt to insert object named "Directors" into container named ".library", which already contains an object with that name.
TransformationEditor: Ignoring clone of .Actors beause we don't known how to import it. Exception was: ptolemy.kernel.util.NameDuplicationException: Attempt to insert object named "Actors" into container named ".library", which already contains an object with that name.
TransformationEditor: Ignoring clone of .MoreLibraries beause we don't known how to import it. Exception was: ptolemy.kernel.util.NameDuplicationException: Attempt to insert object named "MoreLibraries" into container named ".library", which already contains an object with that name.
TransformationEditor: Ignoring clone of .Utilities beause we don't known how to import it. Exception was: ptolemy.kernel.util.NameDuplicationException: Attempt to insert object named "Utilities" into container named ".library", which already contains an object with that name.
TransformationEditor: Ignoring clone of .Directors beause we don't known how to import it. Exception was: ptolemy.kernel.util.NameDuplicationException: Attempt to insert object named "Directors" into container named ".library", which already contains an object with that name.
TransformationEditor: Ignoring clone of .Actors beause we don't known how to import it. Exception was: ptolemy.kernel.util.NameDuplicationException: Attempt to insert object named "Actors" into container named ".library", which already contains an object with that name.
TransformationEditor: Ignoring clone of .MoreLibraries beause we don't known how to import it. Exception was: ptolemy.kernel.util.NameDuplicationException: Attempt to insert object named "MoreLibraries" into container named ".library", which already contains an object with that name.
TransformationEditor: Ignoring clone of .Utilities beause we don't known how to import it. Exception was: ptolemy.kernel.util.NameDuplicationException: Attempt to insert object named "Utilities" into container named ".library", which already contains an object with that name.
TransformationEditor: Ignoring clone of .Directors beause we don't known how to import it. Exception was: ptolemy.kernel.util.NameDuplicationException: Attempt to insert object named "Directors" into container named ".library", which already contains an object with that name.
TransformationEditor: Ignoring clone of .Actors beause we don't known how to import it. Exception was: ptolemy.kernel.util.NameDuplicationException: Attempt to insert object named "Actors" into container named ".library", which already contains an object with that name.
TransformationEditor: Ignoring clone of .MoreLibraries beause we don't known how to import it. Exception was: ptolemy.kernel.util.NameDuplicationException: Attempt to insert object named "MoreLibraries" into container named ".library", which already contains an object with that name.
TransformationEditor: Ignoring clone of .Utilities beause we don't known how to import it. Exception was: ptolemy.kernel.util.NameDuplicationException: Attempt to insert object named "Utilities" into container named ".library", which already contains an object with that name.
TransformationEditor: Ignoring clone of .Directors beause we don't known how to import it. Exception was: ptolemy.kernel.util.NameDuplicationException: Attempt to insert object named "Directors" into container named ".library", which already contains an object with that name.
TransformationEditor: Ignoring clone of .Actors beause we don't known how to import it. Exception was: ptolemy.kernel.util.NameDuplicationException: Attempt to insert object named "Actors" into container named ".library", which already contains an object with that name.
TransformationEditor: Ignoring clone of .MoreLibraries beause we don't known how to import it. Exception was: ptolemy.kernel.util.NameDuplicationException: Attempt to insert object named "MoreLibraries" into container named ".library", which already contains an object with that name.
TransformationEditor: Ignoring clone of .Utilities beause we don't known how to import it. Exception was: ptolemy.kernel.util.NameDuplicationException: Attempt to insert object named "Utilities" into container named ".library", which already contains an object with that name.
TransformationEditor: Ignoring clone of .Directors beause we don't known how to import it. Exception was: ptolemy.kernel.util.NameDuplicationException: Attempt to insert object named "Directors" into container named ".library", which already contains an object with that name.
TransformationEditor: Ignoring clone of .Actors beause we don't known how to import it. Exception was: ptolemy.kernel.util.NameDuplicationException: Attempt to insert object named "Actors" into container named ".library", which already contains an object with that name.
TransformationEditor: Ignoring clone of .MoreLibraries beause we don't known how to import it. Exception was: ptolemy.kernel.util.NameDuplicationException: Attempt to insert object named "MoreLibraries" into container named ".library", which already contains an object with that name.
TransformationEditor: Ignoring clone of .Utilities beause we don't known how to import it. Exception was: ptolemy.kernel.util.NameDuplicationException: Attempt to insert object named "Utilities" into container named ".library", which already contains an object with that name.
TransformationEditor: Ignoring clone of .Directors beause we don't known how to import it. Exception was: ptolemy.kernel.util.NameDuplicationException: Attempt to insert object named "Directors" into container named ".library", which already contains an object with that name.
TransformationEditor: Ignoring clone of .Actors beause we don't known how to import it. Exception was: ptolemy.kernel.util.NameDuplicationException: Attempt to insert object named "Actors" into container named ".library", which already contains an object with that name.
TransformationEditor: Ignoring clone of .MoreLibraries beause we don't known how to import it. Exception was: ptolemy.kernel.util.NameDuplicationException: Attempt to insert object named "MoreLibraries" into container named ".library", which already contains an object with that name.
TransformationEditor: Ignoring clone of .Utilities beause we don't known how to import it. Exception was: ptolemy.kernel.util.NameDuplicationException: Attempt to insert object named "Utilities" into container named ".library", which already contains an object with that name.
TransformationEditor: Ignoring clone of .Directors beause we don't known how to import it. Exception was: ptolemy.kernel.util.NameDuplicationException: Attempt to insert object named "Directors" into container named ".library", which already contains an object with that name.
TransformationEditor: Ignoring clone of .Actors beause we don't known how to import it. Exception was: ptolemy.kernel.util.NameDuplicationException: Attempt to insert object named "Actors" into container named ".library", which already contains an object with that name.
TransformationEditor: Ignoring clone of .MoreLibraries beause we don't known how to import it. Exception was: ptolemy.kernel.util.NameDuplicationException: Attempt to insert object named "MoreLibraries" into container named ".library", which already contains an object with that name.
TransformationEditor: Ignoring clone of .Utilities beause we don't known how to import it. Exception was: ptolemy.kernel.util.NameDuplicationException: Attempt to insert object named "Utilities" into container named ".library", which already contains an object with that name.
TransformationEditor: Ignoring clone of .Directors beause we don't known how to import it. Exception was: ptolemy.kernel.util.NameDuplicationException: Attempt to insert object named "Directors" into container named ".library", which already contains an object with that name.
TransformationEditor: Ignoring clone of .Actors beause we don't known how to import it. Exception was: ptolemy.kernel.util.NameDuplicationException: Attempt to insert object named "Actors" into container named ".library", which already contains an object with that name.
TransformationEditor: Ignoring clone of .MoreLibraries beause we don't known how to import it. Exception was: ptolemy.kernel.util.NameDuplicationException: Attempt to insert object named "MoreLibraries" into container named ".library", which already contains an object with that name.
TransformationEditor: Ignoring clone of .Utilities beause we don't known how to import it. Exception was: ptolemy.kernel.util.NameDuplicationException: Attempt to insert object named "Utilities" into container named ".library", which already contains an object with that name.
TransformationEditor: Ignoring clone of .Directors beause we don't known how to import it. Exception was: ptolemy.kernel.util.NameDuplicationException: Attempt to insert object named "Directors" into container named ".library", which already contains an object with that name.
TransformationEditor: Ignoring clone of .Actors beause we don't known how to import it. Exception was: ptolemy.kernel.util.NameDuplicationException: Attempt to insert object named "Actors" into container named ".library", which already contains an object with that name.
TransformationEditor: Ignoring clone of .MoreLibraries beause we don't known how to import it. Exception was: ptolemy.kernel.util.NameDuplicationException: Attempt to insert object named "MoreLibraries" into container named ".library", which already contains an object with that name.
TransformationEditor: Ignoring clone of .Utilities beause we don't known how to import it. Exception was: ptolemy.kernel.util.NameDuplicationException: Attempt to insert object named "Utilities" into container named ".library", which already contains an object with that name.
TransformationEditor: Ignoring clone of .Directors beause we don't known how to import it. Exception was: ptolemy.kernel.util.NameDuplicationException: Attempt to insert object named "Directors" into container named ".library", which already contains an object with that name.
TransformationEditor: Ignoring clone of .Actors beause we don't known how to import it. Exception was: ptolemy.kernel.util.NameDuplicationException: Attempt to insert object named "Actors" into container named ".library", which already contains an object with that name.
TransformationEditor: Ignoring clone of .MoreLibraries beause we don't known how to import it. Exception was: ptolemy.kernel.util.NameDuplicationException: Attempt to insert object named "MoreLibraries" into container named ".library", which already contains an object with that name.
TransformationEditor: Ignoring clone of .Utilities beause we don't known how to import it. Exception was: ptolemy.kernel.util.NameDuplicationException: Attempt to insert object named "Utilities" into container named ".library", which already contains an object with that name.
TransformationEditor: Ignoring clone of .Directors beause we don't known how to import it. Exception was: ptolemy.kernel.util.NameDuplicationException: Attempt to insert object named "Directors" into container named ".library", which already contains an object with that name.
TransformationEditor: Ignoring clone of .Actors beause we don't known how to import it. Exception was: ptolemy.kernel.util.NameDuplicationException: Attempt to insert object named "Actors" into container named ".library", which already contains an object with that name.
TransformationEditor: Ignoring clone of .MoreLibraries beause we don't known how to import it. Exception was: ptolemy.kernel.util.NameDuplicationException: Attempt to insert object named "MoreLibraries" into container named ".library", which already contains an object with that name.
Could not find mediaLib accelerator wrapper classes. Continuing in pure Java mode.
Jun 01, 2018 1:59:41 AM sun.awt.X11.XToolkit processException
WARNING: Exception on Toolkit thread
java.lang.NullPointerException
	at java.awt.Component$BltBufferStrategy.contentsLost(Component.java:4479)
	at java.awt.Component$BltSubRegionBufferStrategy.showIfNotLost(Component.java:4542)
	at javax.swing.BufferStrategyPaintManager.show(BufferStrategyPaintManager.java:252)
	at javax.swing.RepaintManager.show(RepaintManager.java:1379)
	at javax.swing.SwingPaintEventDispatcher.createPaintEvent(SwingPaintEventDispatcher.java:61)
	at sun.awt.X11.XWindow.postPaintEvent(XWindow.java:564)
	at sun.awt.X11.XContentWindow.postPaintEvent(XContentWindow.java:163)
	at sun.awt.X11.XWindow.handleExposeEvent(XWindow.java:558)
	at sun.awt.X11.XContentWindow.handleExposeEvent(XContentWindow.java:45)
	at sun.awt.X11.XBaseWindow.dispatchEvent(XBaseWindow.java:1110)
	at sun.awt.X11.XBaseWindow.dispatchToWindow(XBaseWindow.java:1086)
	at sun.awt.X11.XToolkit.dispatchEvent(XToolkit.java:502)
	at sun.awt.X11.XToolkit.run(XToolkit.java:616)
	at sun.awt.X11.XToolkit.run(XToolkit.java:532)
	at java.lang.Thread.run(Thread.java:748)

Jun 01, 2018 1:59:41 AM sun.awt.X11.XToolkit processException
WARNING: Exception on Toolkit thread
java.lang.NullPointerException
	at java.awt.Component$BltBufferStrategy.contentsLost(Component.java:4479)
	at java.awt.Component$BltSubRegionBufferStrategy.showIfNotLost(Component.java:4542)
	at javax.swing.BufferStrategyPaintManager.show(BufferStrategyPaintManager.java:252)
	at javax.swing.RepaintManager.show(RepaintManager.java:1379)
	at javax.swing.SwingPaintEventDispatcher.createPaintEvent(SwingPaintEventDispatcher.java:61)
	at sun.awt.X11.XWindow.postPaintEvent(XWindow.java:564)
	at sun.awt.X11.XContentWindow.postPaintEvent(XContentWindow.java:163)
	at sun.awt.X11.XWindow.handleExposeEvent(XWindow.java:558)
	at sun.awt.X11.XContentWindow.handleExposeEvent(XContentWindow.java:45)
	at sun.awt.X11.XBaseWindow.dispatchEvent(XBaseWindow.java:1110)
	at sun.awt.X11.XBaseWindow.dispatchToWindow(XBaseWindow.java:1086)
	at sun.awt.X11.XToolkit.dispatchEvent(XToolkit.java:502)
	at sun.awt.X11.XToolkit.run(XToolkit.java:616)
	at sun.awt.X11.XToolkit.run(XToolkit.java:532)
	at java.lang.Thread.run(Thread.java:748)

]]></system-err>
</testsuite>
