<?xml version="1.0" encoding="UTF-8" ?>
<testsuite errors="0" failures="1" hostname="travis-job-118ddb38-c173-42ba-8ef5-caadb81cf04a" name="ptolemy.actor.lib.test.junit.JUnitTclTest" skipped="0" tests="518" time="73.386" timestamp="2018-05-10T16:12:32">
  <properties>
    <property name="npm.executable" value="npm" />
    <property name="file.encoding.pkg" value="sun.io" />
    <property name="ptII.mk.exists" value="true" />
    <property name="env.rvm_bin_path" value="/home/travis/.rvm/bin" />
    <property name="java.home" value="/usr/lib/jvm/java-8-oracle/jre" />
    <property name="env.TRAVIS_JOB_NUMBER" value="417.6" />
    <property name="env.DISPLAY" value=":99.0" />
    <property name="java.net.preferIPv4Stack" value="true" />
    <property name="env.SSH_TTY" value="/dev/pts/0" />
    <property name="env.RUN_TESTS" value="true" />
    <property name="timeout.short" value="1000000" />
    <property name="env.TRAVIS_STACK_NODE_ATTRIBUTES" value="/.node-attributes.yml" />
    <property name="junit.formatter" value="xml" />
    <property name="java.endorsed.dirs" value="/usr/lib/jvm/java-8-oracle/jre/lib/endorsed" />
    <property name="env.TRAVIS_SUDO" value="true" />
    <property name="env.LOGNAME" value="travis" />
    <property name="env.PT_TRAVIS_TEST_CORE1_XML" value="true" />
    <property name="jsdoc.home" value="node_modules/@terraswarm/jsdoc" />
    <property name="debuglevel" value="source,lines,vars" />
    <property name="checkstyle.formatter" value="xml" />
    <property name="bin.vergil.makeable" value="true" />
    <property name="env._system_version" value="14.04" />
    <property name="sun.os.patch.level" value="unknown" />
    <property name="java.vendor.url" value="http://java.oracle.com/" />
    <property name="java.version" value="1.8.0_151" />
    <property name="env.TZ" value="UTC" />
    <property name="env.PT_NO_NET" value="true" />
    <property name="env.TRAVIS_PULL_REQUEST_SHA" value="" />
    <property name="env.TRAVIS_SECURE_ENV_VARS" value="true" />
    <property name="env._system_type" value="Linux" />
    <property name="java.vendor.url.bug" value="http://bugreport.sun.com/bugreport/" />
    <property name="env.SSH_CLIENT" value="10.10.4.26 43286 22" />
    <property name="env.GEM_HOME" value="/home/travis/.rvm/gems/ruby-2.4.1" />
    <property name="env.HAS_ANTARES_THREE_LITTLE_FRONZIES_BADGE" value="true" />
    <property name="env.PS4" value="+" />
    <property name="ant.project.invoked-targets" value="build,test.core1.xml" />
    <property name="env.TRAVIS_PULL_REQUEST_BRANCH" value="" />
    <property name="env.TRAVIS_REPO_SLUG" value="icyphy/ptII" />
    <property name="node.in.path" value="true" />
    <property name="java.maxmemory" value="1400m" />
    <property name="env.RUBY_VERSION" value="ruby-2.4.1" />
    <property name="user.name" value="travis" />
    <property name="env.LANG" value="en_US.UTF-8" />
    <property name="sun.io.unicode.encoding" value="UnicodeLittle" />
    <property name="sun.jnu.encoding" value="UTF-8" />
    <property name="java.runtime.name" value="Java(TM) SE Runtime Environment" />
    <property name="usefile" value="false" />
    <property name="return.code" value="0" />
    <property name="junit.single.formatter" value="plain" />
    <property name="env.DYLD_LIBRARY_PATH" value="/home/travis/pthla/certi-tools/lib:" />
    <property name="env.DEBIAN_FRONTEND" value="noninteractive" />
    <property name="env.SSH_CONNECTION" value="10.10.4.26 43286 10.20.1.209 22" />
    <property name="env.MYSQL_UNIX_PORT" value="/var/run/mysqld/mysqld.sock" />
    <property name="env.TRAVIS_ALLOW_FAILURE" value="false" />
    <property name="env.LC_ALL" value="en_US.UTF-8" />
    <property name="java.specification.name" value="Java Platform API Specification" />
    <property name="node.works" value="true" />
    <property name="user.timezone" value="" />
    <property name="path.separator" value=":" />
    <property name="env.PYTHON_CFLAGS" value="-g -fstack-protector --param=ssp-buffer-size=4 -Wformat -Werror=format-security" />
    <property name="timeout.long" value="4000000" />
    <property name="env.CERTI_HOME" value="/home/travis/pthla/certi-tools" />
    <property name="file.encoding" value="UTF-8" />
    <property name="ant.file.ptII" value="/home/travis/build/icyphy/ptII/build.xml" />
    <property name="javadoc.packagenames" value="com.*,diva.*,lbnl.*,org.hlacerti.*,org.json.*,org.ptolemy.*,org.terraswarm.*,ptolemy.*,ptserver.*" />
    <property name="env.TRAVIS_PULL_REQUEST_SLUG" value="" />
    <property name="ant.project.default-target" value="build" />
    <property name="env.GIT_ASKPASS" value="echo" />
    <property name="env.HOME" value="/home/travis" />
    <property name="sun.java.command" value="org.apache.tools.ant.taskdefs.optional.junit.JUnitTestRunner ptolemy.actor.lib.test.junit.JUnitTclTest skipNonTests=false filtertrace=true haltOnError=false haltOnFailure=false formatter=org.apache.tools.ant.taskdefs.optional.junit.OutErrSummaryJUnitResultFormatter showoutput=true outputtoformatters=true logfailedtests=true threadid=0 logtestlistenerevents=false formatter=org.apache.tools.ant.taskdefs.optional.junit.XMLJUnitResultFormatter,/home/travis/build/icyphy/ptII/reports/junit/TEST-ptolemy.actor.lib.test.junit.JUnitTclTest.xml crashfile=/home/travis/build/icyphy/ptII/junitvmwatcher7483066484929741070.properties propsfile=/home/travis/build/icyphy/ptII/junit8354975002326706146.properties" />
    <property name="env.MANPATH" value="/home/travis/.nvm/versions/node/v7.10.1/share/man:/home/travis/.kiex/elixirs/elixir-1.4.5/man:/home/travis/.rvm/rubies/ruby-2.4.1/share/man:/usr/local/man:/usr/local/cmake-3.9.2/man:/usr/local/clang-5.0.0/share/man:/usr/local/share/man:/usr/share/man:/home/travis/.rvm/man" />
    <property name="env.COMPOSER_NO_INTERACTION" value="1" />
    <property name="env.JDK_SWITCHER_DEFAULT" value="oraclejdk8" />
    <property name="ant.file" value="/home/travis/build/icyphy/ptII/build.xml" />
    <property name="env.TRAVIS_COMMIT_RANGE" value="7f7223a67197...947fdda34b7e" />
    <property name="env._system_name" value="Ubuntu" />
    <property name="timeout" value="2400000" />
    <property name="ptII.classpath.optional.property" value="/home/travis/build/icyphy/ptII/lib/bsh-2.0b4.jar:/home/travis/build/icyphy/ptII/lib/ptCal.jar:/home/travis/build/icyphy/ptII/lib/java_cup.jar:/home/travis/build/icyphy/ptII/lib/saxon8.jar:/home/travis/build/icyphy/ptII/lib/saxon8-dom.jar:/home/travis/build/icyphy/ptII/lib/chic.jar:/home/travis/build/icyphy/ptII/lib/ptcolt.jar:/usr/lib/jvm/java-8-oracle/lib/tools.jar:/usr/lib/eclipse/plugins/org.eclipse.jdt.core_3.8.2.dist.jar:/usr/lib/eclipse/plugins/org.eclipse.core.runtime_3.8.0.dist.jar:/usr/lib/eclipse/plugins/org.eclipse.osgi_3.8.1.dist.jar:/usr/lib/eclipse/plugins/org.eclipse.core.resources_3.8.1.dist.jar:/usr/lib/eclipse/plugins/org.eclipse.equinox.common_3.6.100.dist.jar:/usr/lib/eclipse/plugins/org.eclipse.core.jobs_3.5.200.dist.jar:/usr/lib/eclipse/plugins/org.eclipse.core.contenttype_3.4.200.dist.jar:/usr/lib/eclipse/plugins/org.eclipse.equinox.preferences_3.5.0.dist.jar:/usr/lib/eclipse/plugins/org.eclipse.text_3.5.200.dist.jar:/usr/lib/eclipse/plugins/org.eclipse.ui.workbench_3.8.1.dist.jar:/usr/lib/eclipse/plugins/org.eclipse.jface_3.8.0.dist.jar:/usr/lib/eclipse/plugins/org.eclipse.swt_3.8.2.jar:/usr/lib/eclipse/plugins/org.eclipse.jface.text_3.8.1.dist.jar:/usr/lib/eclipse/plugins/org.eclipse.ui.workbench.texteditor_3.8.0.dist.jar:/usr/lib/eclipse/plugins/org.eclipse.ui.editors_3.8.0.dist.jar:/usr/lib/eclipse/plugins/org.eclipse.core.commands_3.6.1.dist.jar:/usr/lib/eclipse/plugins/org.eclipse.equinox.registry_3.5.200.dist.jar:/usr/lib/eclipse/plugins/org.eclipse.ui.console_3.5.100.dist.jar:/usr/lib/eclipse/plugins/org.eclipse.ui.forms_3.5.200.dist.jar:/usr/lib/eclipse/plugins/org.eclipse.ui.ide_3.8.1.dist.jar:/home/travis/build/icyphy/ptII/vendors/oracle/dbxml.jar:/home/travis/build/icyphy/ptII/vendors/oracle/db.jar:/home/travis/build/icyphy/ptII/vendors/misc/itext/iText.jar:/home/travis/build/icyphy/ptII/lib/g4ltl.jar:/home/travis/build/icyphy/ptII/lib/StructuralCoder.jar:/home/travis/build/icyphy/ptII/lib/org-openide-util.jar:/home/travis/build/icyphy/ptII/lib/org-openide-util-lookup.jar:/home/travis/build/icyphy/ptII/lib/org-netbeans-api-visual.jar:/home/travis/build/icyphy/ptII/vendors/jai-1_1_2_01/lib/jai_core.jar:/home/travis/build/icyphy/ptII/vendors/jai-1_1_2_01/lib/jai_codec.jar:/home/travis/build/icyphy/ptII/lib/jcerti.jar:/home/travis/build/icyphy/ptII/lib/smack.jar:/home/travis/build/icyphy/ptII/lib/smackx.jar:/home/travis/build/icyphy/ptII/lib/jetty-all-8.1.5-v20120716.jar:/home/travis/build/icyphy/ptII/lib/javax.servlet-api-3.0.1.jar:/home/travis/build/icyphy/ptII/lib/javax.mail.jar:/home/travis/build/icyphy/ptII/vendors/JMF-2.1.1e/lib/jmf.jar:/home/travis/build/icyphy/ptII/lib/jna-4.0.0-variadic.jar:/home/travis/build/icyphy/ptII/vendors/misc/joystick/Joystick.jar:/home/travis/build/icyphy/ptII/lib/ptjacl.jar:/home/travis/build/icyphy/ptII/lib/jsoup-1.8.2.jar:/home/travis/build/icyphy/ptII/lib/junit-4.8.2.jar:/home/travis/build/icyphy/ptII/lib/JUnitParams-0.4.0.jar:/home/travis/build/icyphy/ptII/ptolemy/actor/lib/excel/jxl.jar:/home/travis/build/icyphy/ptII/lib/jython.jar:/home/travis/build/icyphy/ptII/lib/kieler.jar:/home/travis/build/icyphy/ptII/vendors/opencv/share/OpenCV/java/opencv-341.jar:/home/travis/build/icyphy/ptII/lib/oscP5.jar:/home/travis/build/icyphy/ptII/lib/nrjavaserial-3.11.0.devel.jar:/usr/share/java/j3dcore.jar:/usr/share/java/j3dutils.jar:/usr/share/java/vecmath.jar:/home/travis/build/icyphy/ptII/ptolemy/distributed/jini/jar/jini-core.jar:/home/travis/build/icyphy/ptII/ptolemy/distributed/jini/jar/jini-ext.jar:/home/travis/build/icyphy/ptII/ptolemy/distributed/jini/jar/sun-util.jar:/home/travis/build/icyphy/ptII/lib/protobuf-java-2.4.1.jar:/home/travis/build/icyphy/ptII/lib/org.eclipse.paho.client.mqttv3.jar:/home/travis/build/icyphy/ptII/ptserver/lib/hessian-4.0.7.jar:/home/travis/build/icyphy/ptII/ptserver/lib/wmqtt.jar:/home/travis/build/icyphy/ptII/lib/mapss.jar:/home/travis/build/icyphy/ptII/ptolemy/actor/ptalon/antlr/antlr.jar:/home/travis/build/icyphy/ptII/lib/JRI.jar:/home/travis/build/icyphy/ptII/lib/commons-lang-2.6.jar:/home/travis/build/icyphy/ptII/lib/commons-logging-1.1.1.jar:/home/travis/build/icyphy/ptII/lib/sootclasses.jar:/home/travis/build/icyphy/ptII/ptolemy/actor/lib/database/mysql-connector-java-5.1.6-bin.jar:/home/travis/build/icyphy/ptII/vendors/misc/sphinx4/sphinx4-data-5prealpha.jar:/home/travis/build/icyphy/ptII/vendors/misc/sphinx4/sphinx4-core-5prealpha.jar:/home/travis/build/icyphy/ptII/lib/PDFRenderer.jar:/home/travis/build/icyphy/ptII/lib/svgSalamander.jar:/home/travis/build/icyphy/ptII/lib/rsyntaxtextarea-2.6.0-SNAPSHOT.jar:/home/travis/build/icyphy/ptII/lib/hazelcast-3.8.2.jar:/home/travis/build/icyphy/ptII/lib/jackson-annotations-2.9.0.jar:/home/travis/build/icyphy/ptII/lib/jackson-core-2.9.3.jar:/home/travis/build/icyphy/ptII/lib/jackson-databind-2.9.3.jar:/home/travis/build/icyphy/ptII/lib/netty-buffer-4.1.19.Final.jar:/home/travis/build/icyphy/ptII/lib/netty-codec-4.1.19.Final.jar:/home/travis/build/icyphy/ptII/lib/netty-codec-dns-4.1.19.Final.jar:/home/travis/build/icyphy/ptII/lib/netty-codec-http-4.1.19.Final.jar:/home/travis/build/icyphy/ptII/lib/netty-codec-http2-4.1.19.Final.jar:/home/travis/build/icyphy/ptII/lib/netty-common-4.1.19.Final.jar:/home/travis/build/icyphy/ptII/lib/netty-handler-4.1.19.Final.jar:/home/travis/build/icyphy/ptII/lib/netty-resolver-4.1.19.Final.jar:/home/travis/build/icyphy/ptII/lib/netty-resolver-dns-4.1.19.Final.jar:/home/travis/build/icyphy/ptII/lib/netty-transport-4.1.19.Final.jar:/home/travis/build/icyphy/ptII/lib/vertx-codegen-3.5.1.jar:/home/travis/build/icyphy/ptII/lib/vertx-core-3.5.2-SNAPSHOT.jar:/home/travis/build/icyphy/ptII/lib/vertx-hazelcast-3.5.1.jar:/home/travis/build/icyphy/ptII/lib/vertx-lang-js-3.5.1.jar:/home/travis/build/icyphy/ptII/lib/vertx-service-proxy-3.5.1.jar:/home/travis/build/icyphy/ptII/lib/vertx-web-3.5.1.jar:/home/travis/build/icyphy/ptII/lib/slf4j-api-1.7.13.jar:/home/travis/build/icyphy/ptII/lib/slf4j-simple-1.7.13.jar:/home/travis/build/icyphy/ptII/lib/webcam-capture-0.3.12.jar:/home/travis/build/icyphy/ptII/lib/bridj-0.7.0.jar:/home/travis/build/icyphy/ptII/lib/xbjlib-1.1.0.nrjavaserial.jar" />
    <property name="test.batch" value="**/junit/*.java" />
    <property name="env._" value="/usr/bin/timeout" />
    <property name="java.io.tmpdir" value="/tmp" />
    <property name="user.language" value="en" />
    <property name="env.HISTCONTROL" value="ignoredups:ignorespace" />
    <property name="env.GOROOT" value="/home/travis/.gimme/versions/go1.7.4.linux.amd64" />
    <property name="line.separator" value="&#xa;" />
    <property name="target" value="1.8" />
    <property name="env.TRAVIS_BUILD_DIR" value="/home/travis/build/icyphy/ptII" />
    <property name="env.ANT_OPTS" value="-Xmx2048m" />
    <property name="ant.file.type" value="file" />
    <property name="ptolemy.ptII.batchMode" value="true" />
    <property name="env.HISTSIZE" value="1000" />
    <property name="env.MERB_ENV" value="test" />
    <property name="java.vm.info" value="mixed mode" />
    <property name="source" value="1.8" />
    <property name="java.vm.specification.name" value="Java Virtual Machine Specification" />
    <property name="env.TRAVIS_TEST_RESULT" value="0" />
    <property name="jsdoc.command" value="node_modules/@terraswarm/jsdoc/jsdoc.js" />
    <property name="npm.works" value="true" />
    <property name="cobertura.dir" value="/home/travis/build/icyphy/ptII/vendors/cobertura-2.0.3" />
    <property name="env.rvm_path" value="/home/travis/.rvm" />
    <property name="env.GEM_PATH" value="/home/travis/.rvm/gems/ruby-2.4.1:/home/travis/.rvm/gems/ruby-2.4.1@global" />
    <property name="env.LC_CTYPE" value="en_US.UTF-8" />
    <property name="java.awt.printerjob" value="sun.print.PSPrinterJob" />
    <property name="env.TRAVIS_STACK_NAME" value="garnet" />
    <property name="ant.version" value="Apache Ant(TM) version 1.10.1 compiled on February 2 2017" />
    <property name="ptII.reports" value="/home/travis/build/icyphy/ptII/reports" />
    <property name="env.TRAVIS_STACK_TIMESTAMP" value="2017-12-05 19:33:09 UTC" />
    <property name="ant.file.type.ptII" value="file" />
    <property name="env.RBENV_SHELL" value="bash" />
    <property name="os.name" value="Linux" />
    <property name="java.specification.vendor" value="Oracle Corporation" />
    <property name="env.rvm_version" value="1.29.3 (latest)" />
    <property name="env.TERM" value="xterm" />
    <property name="java.vm.name" value="Java HotSpot(TM) 64-Bit Server VM" />
    <property name="env.TRAVIS_BUILD_NUMBER" value="417" />
    <property name="env.CI" value="true" />
    <property name="java.library.path" value="/home/travis/pthla/certi-tools/lib:/usr/lib/jni:/usr/local/share/OpenCV/java/:/usr/share/OpenCV/java::/usr/java/packages/lib/amd64:/usr/lib64:/lib64:/lib:/usr/lib" />
    <property name="env.rvm_prefix" value="/home/travis" />
    <property name="env.PATH" value="/home/travis/pthla/certi-tools/share/scripts:/home/travis/.rvm/gems/ruby-2.4.1/bin:/home/travis/.rvm/gems/ruby-2.4.1@global/bin:/home/travis/.rvm/rubies/ruby-2.4.1/bin:/home/travis/.rvm/bin:/home/travis/.nvm/versions/node/v7.10.1/bin:./node_modules/.bin:/home/travis/build/icyphy/ptII/bin:/home/travis/pthla/certi-tools/bin:/home/travis/bin:/home/travis/.local/bin:/opt/pyenv/shims:/home/travis/.phpenv/shims:/home/travis/perl5/perlbrew/bin:/home/travis/.kiex/elixirs/elixir-1.4.5/bin:/home/travis/.kiex/bin:/home/travis/gopath/bin:/home/travis/.gimme/versions/go1.7.4.linux.amd64/bin:/usr/local/phantomjs/bin:/usr/local/phantomjs:/usr/local/neo4j-3.2.7/bin:/usr/local/maven-3.5.2/bin:/usr/local/cmake-3.9.2/bin:/usr/local/clang-5.0.0/bin:/usr/local/sbin:/usr/local/bin:/usr/sbin:/usr/bin:/sbin:/bin:/home/travis/.phpenv/bin:/opt/pyenv/bin:/home/travis/.yarn/bin" />
    <property name="env.TRAVIS_OS_NAME" value="linux" />
    <property name="ant.java.version" value="1.8" />
    <property name="basedir" value="/home/travis/build/icyphy/ptII" />
    <property name="java.class.version" value="52.0" />
    <property name="env.SHLVL" value="3" />
    <property name="env.LD_LIBRARY_PATH" value="/home/travis/pthla/certi-tools/lib:/usr/lib/jni:/usr/local/share/OpenCV/java/:/usr/share/OpenCV/java:" />
    <property name="env.RACK_ENV" value="test" />
    <property name="ant.home" value="/home/travis/build/icyphy/ptII/ant" />
    <property name="env.NVM_DIR" value="/home/travis/.nvm" />
    <property name="env.PERLBREW_BASHRC_VERSION" value="0.80" />
    <property name="env.CERTI_FOM_PATH" value="/home/travis/pthla/certi-tools/share/federations" />
    <property name="env.TRAVIS_BUILD_ID" value="377329697" />
    <property name="env.PYENV_ROOT" value="/opt/pyenv" />
    <property name="env.TRAVIS_UID" value="2000" />
    <property name="env.rvm_pretty_print_flag" value="auto" />
    <property name="env.NVM_BIN" value="/home/travis/.nvm/versions/node/v7.10.1/bin" />
    <property name="env.TRAVIS_COMMIT" value="947fdda34b7ead6c5df0365b1b125d73a534f69a" />
    <property name="env._system_arch" value="x86_64" />
    <property name="node.executable" value="node" />
    <property name="sun.boot.library.path" value="/usr/lib/jvm/java-8-oracle/jre/lib/amd64" />
    <property name="sun.management.compiler" value="HotSpot 64-Bit Tiered Compilers" />
    <property name="env.GOPATH" value="/home/travis/gopath" />
    <property name="java.awt.graphicsenv" value="sun.awt.X11GraphicsEnvironment" />
    <property name="ptolemy.ptII.dir" value="/home/travis/build/icyphy/ptII" />
    <property name="env.USER" value="travis" />
    <property name="env.HISTFILESIZE" value="2000" />
    <property name="timeout.longest" value="19000000" />
    <property name="env.TRAVIS_STACK_FEATURES" value="basic cassandra chromium couchdb disabled-ipv6 docker docker-compose elasticsearch firefox go-toolchain google-chrome jdk memcached mongodb mysql neo4j nodejs_interpreter perl_interpreter perlbrew phantomjs postgresql python_interpreter rabbitmq redis riak ruby_interpreter sqlite xserver" />
    <property name="env.TRAVIS_PULL_REQUEST" value="false" />
    <property name="env.PYENV_SHELL" value="bash" />
    <property name="ant.project.name" value="ptII" />
    <property name="java.vm.specification.version" value="1.8" />
    <property name="env.CERTI_VERSION" value="4.0.0" />
    <property name="env.NLSPATH" value="/usr/dt/lib/nls/msg/%L/%N.cat" />
    <property name="awt.toolkit" value="sun.awt.X11.XToolkit" />
    <property name="env.CERTI_HOST" value="localhost" />
    <property name="env.MY_RUBY_HOME" value="/home/travis/.rvm/rubies/ruby-2.4.1" />
    <property name="sun.cpu.isalist" value="" />
    <property name="java.ext.dirs" value="/usr/lib/jvm/java-8-oracle/jre/lib/ext:/usr/java/packages/lib/ext" />
    <property name="os.version" value="4.4.0-101-generic" />
    <property name="user.home" value="/home/travis" />
    <property name="env.MIX_ARCHIVES" value="/home/travis/.kiex/mix/elixir-1.4.5" />
    <property name="java.vm.vendor" value="Oracle Corporation" />
    <property name="env.TRAVIS_TAG" value="nightly" />
    <property name="env.TRAVIS_FILTERED" value="pty" />
    <property name="env.PTII" value="/home/travis/build/icyphy/ptII" />
    <property name="env.JAVA_HOME" value="/usr/lib/jvm/java-8-oracle" />
    <property name="javadoc.excludepackagenames" value="adm.cvs2svn.*,build.*,config.*,doc.coding.templates.*,jni.test.jni.meaningOfLife.*,jni.test.jni.testDeux.*,jni.test.jni.testTrois.*,org.terraswarm.accessor.accessors.web.node_modules.*,org.terraswarm.accessor.accessors.web.hosts.cordova.demo.*,org.terraswarm.accessor.accessors.web.hosts.cordova.plugins.*,org.terraswarm.accessor.accessors-svn.*,pt-modules.*,ptolemy.apps.agilent.*,ptolemy.apps.anytimecontrol.*,ptolemy.apps.apes.*,ptolemy.apps.charon.*,ptolemy.apps.crazyboard.*,ptolemy.apps.eclipse.*,ptolemy.apps.etherealSting.*,ptolemy.apps.fullscreen.*,ptolemy.apps.giotto.*,ptolemy.apps.ia.*,ptolemy.apps.interfaces.*,ptolemy.apps.jmf.*,ptolemy.apps.kurt.*,ptolemy.apps.kvm.*,ptolemy.apps.lego.*,ptolemy.apps.lejos.*,ptolemy.apps.midp.*,ptolemy.apps.mobileCoding.*,ptolemy.apps.pendulum.*,ptolemy.apps.rijndael.*,ptolemy.apps.robot.*,ptolemy.apps.security.*,ptolemy.apps.sobel.*,ptolemy.apps.soot.*,ptolemy.apps.throttle.*,ptolemy.apps.tini.*,ptolemy.apps.transmission.*,ptolemy.apps.vergil.*,ptolemy.apps.waba.*,ptolemy.apps.websensor.*,ptolemy.apps.webstart.*,ptolemy.apps.xsl.*,ptolemy.apps.zaurus.*,ptolemy.backtrack.eclipse.plugin.*,ptolemy.backtrack.test.*,ptolemy.codegen.c.actor.lib.oldJavaFiles.*,ptolemy.codegen.dsp.lib.*,ptolemy.codegen.kernel.newInterfaces.*,ptolemy.codegen.lib.*,ptolemy.copernicus.kernel.fragment.*,ptolemy.copernicus.shallow.cg.*,ptolemy.domains.giotto.demo.Hierarchy.Hierarchy.*,ptolemy.domains.giotto.demo.Multimode.Multimode.*,ptolemy.domains.giotto.demo.Simple.Simple.*,ptolemy.domains.gr.lib.experimental.*,ptolemy.domains.gro.*,ptolemy.domains.pdf.*,ptolemy.domains.ptinyos.demo.Surge.output.*,ptolemy.moml.test.NoPackageActor.java*,ptolemy.plot.adm.*,ptolemy.plot.servlet.*,reports.*,signed.*,src.*,target.*,vendors.*,ptolemy.copernicus.applet.*,ptolemy.media.viewer.*,ptolemy.cg.adapter.generic.program.procedural.c.mbed*,ptolemy.actor.lib.fmi.fmus.omc*,ptolemy.domains.openmodelica*,ptdb.kernel.bl.save.test.*,ptdb.kernel.bl.load.test.*,ptdb.kernel.bl.search.test.*,ptdb.kernel.bl.migration.test.*,ptdb.kernel.database.test.*,ptdb.test.*,ptdb.gui.test.*,org.ptolemy.scala.*,diva.util.java2d.svg.*,ptolemy.domains.ptinyos.*,ptolemy.actor.lib.fmi.fmipp.*,,org.terraswarm.accessor.accessors.web.node_modules.*,org.terraswarm.accessor.accessors-svn,ptolemy.actor.ptalon.demo.ptinyos.SendAndReceiveCnt.output,ptolemy.actor.ptalon.demo.ptinyos.SenseToLeds.output,ptolemy.domains.ptinyos.demo.CntToLedsAndRfm.output,ptolemy.domains.ptinyos.demo.RfmToLeds.output,ptolemy.domains.ptinyos.demo.SendAndReceiveCnt.output,ptolemy.domains.ptinyos.demo.SenseToLeds.output" />
    <property name="env.TRAVIS_COMMIT_MESSAGE" value="Updating manual." />
    <property name="keystore" value="ptKeystore" />
    <property name="env.XDG_SESSION_ID" value="2" />
    <property name="junit.output.dir" value="/home/travis/build/icyphy/ptII/reports/junit" />
    <property name="npm.return.code" value="0" />
    <property name="user.dir" value="/home/travis/build/icyphy/ptII/ptolemy/actor/lib/test" />
    <property name="env.XFILESEARCHPATH" value="/usr/dt/app-defaults/%L/Dt" />
    <property name="env.TRAVIS_NODE_VERSION" value="7" />
    <property name="env.TRAVIS_EVENT_TYPE" value="push" />
    <property name="env.MAIL" value="/var/mail/travis" />
    <property name="env.PWD" value="/home/travis/build/icyphy/ptII" />
    <property name="env.PERLBREW_ROOT" value="/home/travis/perl5/perlbrew" />
    <property name="timeout.npm" value="45000" />
    <property name="env.PAGER" value="cat" />
    <property name="sun.cpu.endian" value="little" />
    <property name="env.TRAVIS_BUILD_STAGE_NAME" value="Test" />
    <property name="env.PERLBREW_HOME" value="/home/travis/.perlbrew" />
    <property name="java.vm.version" value="25.151-b12" />
    <property name="env.RAILS_ENV" value="test" />
    <property name="java.class.path" value="/home/travis/.ptolemyII:/home/travis/.ptolemyII/*:/home/travis/build/icyphy/ptII:/home/travis/build/icyphy/ptII/lib/bsh-2.0b4.jar:/home/travis/build/icyphy/ptII/lib/ptCal.jar:/home/travis/build/icyphy/ptII/lib/java_cup.jar:/home/travis/build/icyphy/ptII/lib/saxon8.jar:/home/travis/build/icyphy/ptII/lib/saxon8-dom.jar:/home/travis/build/icyphy/ptII/lib/chic.jar:/home/travis/build/icyphy/ptII/lib/ptcolt.jar:/usr/lib/jvm/java-8-oracle/lib/tools.jar:/usr/lib/eclipse/plugins/org.eclipse.jdt.core_3.8.2.dist.jar:/usr/lib/eclipse/plugins/org.eclipse.core.runtime_3.8.0.dist.jar:/usr/lib/eclipse/plugins/org.eclipse.osgi_3.8.1.dist.jar:/usr/lib/eclipse/plugins/org.eclipse.core.resources_3.8.1.dist.jar:/usr/lib/eclipse/plugins/org.eclipse.equinox.common_3.6.100.dist.jar:/usr/lib/eclipse/plugins/org.eclipse.core.jobs_3.5.200.dist.jar:/usr/lib/eclipse/plugins/org.eclipse.core.contenttype_3.4.200.dist.jar:/usr/lib/eclipse/plugins/org.eclipse.equinox.preferences_3.5.0.dist.jar:/usr/lib/eclipse/plugins/org.eclipse.text_3.5.200.dist.jar:/usr/lib/eclipse/plugins/org.eclipse.ui.workbench_3.8.1.dist.jar:/usr/lib/eclipse/plugins/org.eclipse.jface_3.8.0.dist.jar:/usr/lib/eclipse/plugins/org.eclipse.swt_3.8.2.jar:/usr/lib/eclipse/plugins/org.eclipse.jface.text_3.8.1.dist.jar:/usr/lib/eclipse/plugins/org.eclipse.ui.workbench.texteditor_3.8.0.dist.jar:/usr/lib/eclipse/plugins/org.eclipse.ui.editors_3.8.0.dist.jar:/usr/lib/eclipse/plugins/org.eclipse.core.commands_3.6.1.dist.jar:/usr/lib/eclipse/plugins/org.eclipse.equinox.registry_3.5.200.dist.jar:/usr/lib/eclipse/plugins/org.eclipse.ui.console_3.5.100.dist.jar:/usr/lib/eclipse/plugins/org.eclipse.ui.forms_3.5.200.dist.jar:/usr/lib/eclipse/plugins/org.eclipse.ui.ide_3.8.1.dist.jar:/home/travis/build/icyphy/ptII/vendors/oracle/dbxml.jar:/home/travis/build/icyphy/ptII/vendors/oracle/db.jar:/home/travis/build/icyphy/ptII/vendors/misc/itext/iText.jar:/home/travis/build/icyphy/ptII/lib/g4ltl.jar:/home/travis/build/icyphy/ptII/lib/StructuralCoder.jar:/home/travis/build/icyphy/ptII/lib/org-openide-util.jar:/home/travis/build/icyphy/ptII/lib/org-openide-util-lookup.jar:/home/travis/build/icyphy/ptII/lib/org-netbeans-api-visual.jar:/home/travis/build/icyphy/ptII/vendors/jai-1_1_2_01/lib/jai_core.jar:/home/travis/build/icyphy/ptII/vendors/jai-1_1_2_01/lib/jai_codec.jar:/home/travis/build/icyphy/ptII/lib/jcerti.jar:/home/travis/build/icyphy/ptII/lib/smack.jar:/home/travis/build/icyphy/ptII/lib/smackx.jar:/home/travis/build/icyphy/ptII/lib/jetty-all-8.1.5-v20120716.jar:/home/travis/build/icyphy/ptII/lib/javax.servlet-api-3.0.1.jar:/home/travis/build/icyphy/ptII/lib/javax.mail.jar:/home/travis/build/icyphy/ptII/vendors/JMF-2.1.1e/lib/jmf.jar:/home/travis/build/icyphy/ptII/lib/jna-4.0.0-variadic.jar:/home/travis/build/icyphy/ptII/vendors/misc/joystick/Joystick.jar:/home/travis/build/icyphy/ptII/lib/ptjacl.jar:/home/travis/build/icyphy/ptII/lib/jsoup-1.8.2.jar:/home/travis/build/icyphy/ptII/lib/junit-4.8.2.jar:/home/travis/build/icyphy/ptII/lib/JUnitParams-0.4.0.jar:/home/travis/build/icyphy/ptII/ptolemy/actor/lib/excel/jxl.jar:/home/travis/build/icyphy/ptII/lib/jython.jar:/home/travis/build/icyphy/ptII/lib/kieler.jar:/home/travis/build/icyphy/ptII/vendors/opencv/share/OpenCV/java/opencv-341.jar:/home/travis/build/icyphy/ptII/lib/oscP5.jar:/home/travis/build/icyphy/ptII/lib/nrjavaserial-3.11.0.devel.jar:/usr/share/java/j3dcore.jar:/usr/share/java/j3dutils.jar:/usr/share/java/vecmath.jar:/home/travis/build/icyphy/ptII/ptolemy/distributed/jini/jar/jini-core.jar:/home/travis/build/icyphy/ptII/ptolemy/distributed/jini/jar/jini-ext.jar:/home/travis/build/icyphy/ptII/ptolemy/distributed/jini/jar/sun-util.jar:/home/travis/build/icyphy/ptII/lib/protobuf-java-2.4.1.jar:/home/travis/build/icyphy/ptII/lib/org.eclipse.paho.client.mqttv3.jar:/home/travis/build/icyphy/ptII/ptserver/lib/hessian-4.0.7.jar:/home/travis/build/icyphy/ptII/ptserver/lib/wmqtt.jar:/home/travis/build/icyphy/ptII/lib/mapss.jar:/home/travis/build/icyphy/ptII/ptolemy/actor/ptalon/antlr/antlr.jar:/home/travis/build/icyphy/ptII/lib/JRI.jar:/home/travis/build/icyphy/ptII/lib/commons-lang-2.6.jar:/home/travis/build/icyphy/ptII/lib/commons-logging-1.1.1.jar:/home/travis/build/icyphy/ptII/lib/sootclasses.jar:/home/travis/build/icyphy/ptII/ptolemy/actor/lib/database/mysql-connector-java-5.1.6-bin.jar:/home/travis/build/icyphy/ptII/vendors/misc/sphinx4/sphinx4-data-5prealpha.jar:/home/travis/build/icyphy/ptII/vendors/misc/sphinx4/sphinx4-core-5prealpha.jar:/home/travis/build/icyphy/ptII/lib/PDFRenderer.jar:/home/travis/build/icyphy/ptII/lib/svgSalamander.jar:/home/travis/build/icyphy/ptII/lib/rsyntaxtextarea-2.6.0-SNAPSHOT.jar:/home/travis/build/icyphy/ptII/lib/hazelcast-3.8.2.jar:/home/travis/build/icyphy/ptII/lib/jackson-annotations-2.9.0.jar:/home/travis/build/icyphy/ptII/lib/jackson-core-2.9.3.jar:/home/travis/build/icyphy/ptII/lib/jackson-databind-2.9.3.jar:/home/travis/build/icyphy/ptII/lib/netty-buffer-4.1.19.Final.jar:/home/travis/build/icyphy/ptII/lib/netty-codec-4.1.19.Final.jar:/home/travis/build/icyphy/ptII/lib/netty-codec-dns-4.1.19.Final.jar:/home/travis/build/icyphy/ptII/lib/netty-codec-http-4.1.19.Final.jar:/home/travis/build/icyphy/ptII/lib/netty-codec-http2-4.1.19.Final.jar:/home/travis/build/icyphy/ptII/lib/netty-common-4.1.19.Final.jar:/home/travis/build/icyphy/ptII/lib/netty-handler-4.1.19.Final.jar:/home/travis/build/icyphy/ptII/lib/netty-resolver-4.1.19.Final.jar:/home/travis/build/icyphy/ptII/lib/netty-resolver-dns-4.1.19.Final.jar:/home/travis/build/icyphy/ptII/lib/netty-transport-4.1.19.Final.jar:/home/travis/build/icyphy/ptII/lib/vertx-codegen-3.5.1.jar:/home/travis/build/icyphy/ptII/lib/vertx-core-3.5.2-SNAPSHOT.jar:/home/travis/build/icyphy/ptII/lib/vertx-hazelcast-3.5.1.jar:/home/travis/build/icyphy/ptII/lib/vertx-lang-js-3.5.1.jar:/home/travis/build/icyphy/ptII/lib/vertx-service-proxy-3.5.1.jar:/home/travis/build/icyphy/ptII/lib/vertx-web-3.5.1.jar:/home/travis/build/icyphy/ptII/lib/slf4j-api-1.7.13.jar:/home/travis/build/icyphy/ptII/lib/slf4j-simple-1.7.13.jar:/home/travis/build/icyphy/ptII/lib/webcam-capture-0.3.12.jar:/home/travis/build/icyphy/ptII/lib/bridj-0.7.0.jar:/home/travis/build/icyphy/ptII/lib/xbjlib-1.1.0.nrjavaserial.jar:/home/travis/build/icyphy/ptII/ptolemy/moml/test:/home/travis/build/icyphy/ptII/ant/lib/ant-launcher.jar:/home/travis/build/icyphy/ptII/ant/lib/ant.jar:/home/travis/build/icyphy/ptII/ant/lib/ant-junit.jar:/home/travis/build/icyphy/ptII/ant/lib/ant-junit4.jar" />
    <property name="ant.library.dir" value="/home/travis/build/icyphy/ptII/ant/lib" />
    <property name="os.arch" value="amd64" />
    <property name="env.TRAVIS_LANGUAGE" value="node_js" />
    <property name="env.CONTINUOUS_INTEGRATION" value="true" />
    <property name="env.TRAVIS_STACK_LANGUAGES" value="__garnet__ c c++ clojure cplusplus cpp default go groovy java node_js php pure_java python ruby scala" />
    <property name="test.name" value="ptolemy.actor.lib.test.junit.JUnitTclTest" />
    <property name="sun.java.launcher" value="SUN_STANDARD" />
    <property name="env.PYTHON_CONFIGURE_OPTS" value="--enable-unicode=ucs4 --with-wide-unicode --enable-shared --enable-ipv6 --enable-loadable-sqlite-extensions --with-computed-gotos" />
    <property name="ant.core.lib" value="/home/travis/build/icyphy/ptII/ant/lib/ant.jar" />
    <property name="java.vm.specification.vendor" value="Oracle Corporation" />
    <property name="env.BCVTB_HOME" value="/home/travis/build/icyphy/ptII/lbnl" />
    <property name="file.separator" value="/" />
    <property name="spotbugs.home" value="/home/travis/build/icyphy/ptII/vendors/spotbugs-3.1.1" />
    <property name="java.runtime.version" value="1.8.0_151-b12" />
    <property name="sun.boot.class.path" value="/usr/lib/jvm/java-8-oracle/jre/lib/resources.jar:/usr/lib/jvm/java-8-oracle/jre/lib/rt.jar:/usr/lib/jvm/java-8-oracle/jre/lib/sunrsasign.jar:/usr/lib/jvm/java-8-oracle/jre/lib/jsse.jar:/usr/lib/jvm/java-8-oracle/jre/lib/jce.jar:/usr/lib/jvm/java-8-oracle/jre/lib/charsets.jar:/usr/lib/jvm/java-8-oracle/jre/lib/jfr.jar:/usr/lib/jvm/java-8-oracle/jre/classes" />
    <property name="env.HAS_JOSH_K_SEAL_OF_APPROVAL" value="true" />
    <property name="env.TRAVIS_OSX_IMAGE" value="" />
    <property name="env.XDG_RUNTIME_DIR" value="/run/user/2000" />
    <property name="env.TRAVIS_BRANCH" value="master" />
    <property name="env.TRAVIS_JOB_ID" value="377329703" />
    <property name="user.country" value="US" />
    <property name="env.CERTI_HOME_TRAVIS" value="/home/travis/pthla/certi-tools" />
    <property name="env.SHELL" value="/bin/bash" />
    <property name="java.maxmemory.large" value="5000m" />
    <property name="model" value="" />
    <property name="env.CASHER_DIR" value="/home/travis/.casher" />
    <property name="env.NVM_CD_FLAGS" value="" />
    <property name="jshint.executable" value="/home/travis/node_modules/jshint/bin/jshint" />
    <property name="java.vendor" value="Oracle Corporation" />
    <property name="env.JRUBY_OPTS" value=" --client -J-XX:+TieredCompilation -J-XX:TieredStopAtLevel=1 -J-Xss2m -Xcompile.invokedynamic=false" />
    <property name="env.TRAVIS_PRE_CHEF_BOOTSTRAP_TIME" value="2017-12-05T19:32:55" />
    <property name="env.ELIXIR_VERSION" value="1.4.5" />
    <property name="env.TRAVIS_STACK_JOB_BOARD_REGISTER" value="/.job-board-register.yml" />
    <property name="java.specification.version" value="1.8" />
    <property name="env.IRBRC" value="/home/travis/.rvm/rubies/ruby-2.4.1/.irbrc" />
    <property name="env.TRAVIS" value="true" />
    <property name="sun.arch.data.model" value="64" />
  </properties>
  <testcase classname="ptolemy.util.test.junit.TclTests" name="[0] /home/travis/build/icyphy/ptII/ptolemy/actor/lib/test/AbsoluteValue.tcl (RunTclFile)" time="0.591" />
  <testcase classname="ptolemy.util.test.junit.TclTests" name="[1] /home/travis/build/icyphy/ptII/ptolemy/actor/lib/test/AddSubtract.tcl (RunTclFile)" time="0.12" />
  <testcase classname="ptolemy.util.test.junit.TclTests" name="[2] /home/travis/build/icyphy/ptII/ptolemy/actor/lib/test/Average.tcl (RunTclFile)" time="0.039" />
  <testcase classname="ptolemy.util.test.junit.TclTests" name="[3] /home/travis/build/icyphy/ptII/ptolemy/actor/lib/test/Bernoulli.tcl (RunTclFile)" time="0.05" />
  <testcase classname="ptolemy.util.test.junit.TclTests" name="[4] /home/travis/build/icyphy/ptII/ptolemy/actor/lib/test/Clock.tcl (RunTclFile)" time="0.117" />
  <testcase classname="ptolemy.util.test.junit.TclTests" name="[5] /home/travis/build/icyphy/ptII/ptolemy/actor/lib/test/Commutator.tcl (RunTclFile)" time="0.136" />
  <testcase classname="ptolemy.util.test.junit.TclTests" name="[6] /home/travis/build/icyphy/ptII/ptolemy/actor/lib/test/Const.tcl (RunTclFile)" time="0.131" />
  <testcase classname="ptolemy.util.test.junit.TclTests" name="[7] /home/travis/build/icyphy/ptII/ptolemy/actor/lib/test/CurrentTime.tcl (RunTclFile)" time="0.059" />
  <testcase classname="ptolemy.util.test.junit.TclTests" name="[8] /home/travis/build/icyphy/ptII/ptolemy/actor/lib/test/DB.tcl (RunTclFile)" time="0.04" />
  <testcase classname="ptolemy.util.test.junit.TclTests" name="[9] /home/travis/build/icyphy/ptII/ptolemy/actor/lib/test/DiscreteRandomSource.tcl (RunTclFile)" time="0.028" />
  <testcase classname="ptolemy.util.test.junit.TclTests" name="[10] /home/travis/build/icyphy/ptII/ptolemy/actor/lib/test/Distributor.tcl (RunTclFile)" time="0.058" />
  <testcase classname="ptolemy.util.test.junit.TclTests" name="[11] /home/travis/build/icyphy/ptII/ptolemy/actor/lib/test/Exit.tcl (RunTclFile)" time="0.06" />
  <testcase classname="ptolemy.util.test.junit.TclTests" name="[12] /home/travis/build/icyphy/ptII/ptolemy/actor/lib/test/Expression.tcl (RunTclFile)" time="0.108" />
  <testcase classname="ptolemy.util.test.junit.TclTests" name="[13] /home/travis/build/icyphy/ptII/ptolemy/actor/lib/test/Gaussian.tcl (RunTclFile)" time="0.751" />
  <testcase classname="ptolemy.util.test.junit.TclTests" name="[14] /home/travis/build/icyphy/ptII/ptolemy/actor/lib/test/IIR.tcl (RunTclFile)" time="0.03" />
  <testcase classname="ptolemy.util.test.junit.TclTests" name="[15] /home/travis/build/icyphy/ptII/ptolemy/actor/lib/test/Interpolator.tcl (RunTclFile)" time="0.082" />
  <testcase classname="ptolemy.util.test.junit.TclTests" name="[16] /home/travis/build/icyphy/ptII/ptolemy/actor/lib/test/MathFunction.tcl (RunTclFile)" time="0.113" />
  <testcase classname="ptolemy.util.test.junit.TclTests" name="[17] /home/travis/build/icyphy/ptII/ptolemy/actor/lib/test/Maximum.tcl (RunTclFile)" time="0.057" />
  <testcase classname="ptolemy.util.test.junit.TclTests" name="[18] /home/travis/build/icyphy/ptII/ptolemy/actor/lib/test/Minimum.tcl (RunTclFile)" time="0.063" />
  <testcase classname="ptolemy.util.test.junit.TclTests" name="[19] /home/travis/build/icyphy/ptII/ptolemy/actor/lib/test/MultiplyDivide.tcl (RunTclFile)" time="0.057" />
  <testcase classname="ptolemy.util.test.junit.TclTests" name="[20] /home/travis/build/icyphy/ptII/ptolemy/actor/lib/test/OrderedMerge.tcl (RunTclFile)" time="0.151" />
  <testcase classname="ptolemy.util.test.junit.TclTests" name="[21] /home/travis/build/icyphy/ptII/ptolemy/actor/lib/test/Publisher.tcl (RunTclFile)" time="0.948" />
  <testcase classname="ptolemy.util.test.junit.TclTests" name="[22] /home/travis/build/icyphy/ptII/ptolemy/actor/lib/test/Pulse.tcl (RunTclFile)" time="0.049" />
  <testcase classname="ptolemy.util.test.junit.TclTests" name="[23] /home/travis/build/icyphy/ptII/ptolemy/actor/lib/test/Ramp.tcl (RunTclFile)" time="2.367" />
  <testcase classname="ptolemy.util.test.junit.TclTests" name="[24] /home/travis/build/icyphy/ptII/ptolemy/actor/lib/test/RampContinuous.tcl (RunTclFile)" time="0.023" />
  <testcase classname="ptolemy.util.test.junit.TclTests" name="[25] /home/travis/build/icyphy/ptII/ptolemy/actor/lib/test/RecordAssembler.tcl (RunTclFile)" time="0.02" />
  <testcase classname="ptolemy.util.test.junit.TclTests" name="[26] /home/travis/build/icyphy/ptII/ptolemy/actor/lib/test/RecordDisassembler.tcl (RunTclFile)" time="0.024" />
  <testcase classname="ptolemy.util.test.junit.TclTests" name="[27] /home/travis/build/icyphy/ptII/ptolemy/actor/lib/test/Scale.tcl (RunTclFile)" time="0.025" />
  <testcase classname="ptolemy.util.test.junit.TclTests" name="[28] /home/travis/build/icyphy/ptII/ptolemy/actor/lib/test/SequentialClock.tcl (RunTclFile)" time="0.016" />
  <testcase classname="ptolemy.util.test.junit.TclTests" name="[29] /home/travis/build/icyphy/ptII/ptolemy/actor/lib/test/SetVariable.tcl (RunTclFile)" time="0.018" />
  <testcase classname="ptolemy.util.test.junit.TclTests" name="[30] /home/travis/build/icyphy/ptII/ptolemy/actor/lib/test/Sinewave.tcl (RunTclFile)" time="0.055" />
  <testcase classname="ptolemy.util.test.junit.TclTests" name="[31] /home/travis/build/icyphy/ptII/ptolemy/actor/lib/test/SubscriptionAggregator.tcl (RunTclFile)" time="2.654" />
  <testcase classname="ptolemy.util.test.junit.TclTests" name="[32] /home/travis/build/icyphy/ptII/ptolemy/actor/lib/test/Test.tcl (RunTclFile)" time="0.251">
    <failure message="Number of failed tests is has increased. expected:&lt;0&gt; but was:&lt;1&gt;" type="junit.framework.AssertionFailedError">junit.framework.AssertionFailedError: Number of failed tests is has increased. expected:&lt;0&gt; but was:&lt;1&gt;
	at ptolemy.util.test.junit.TclTests.RunTclFile(TclTests.java:286)
	at junitparams.internal.InvokeParameterisedMethod.evaluate(InvokeParameterisedMethod.java:102)
	at junitparams.internal.ParameterisedTestMethodRunner.runMethodInvoker(ParameterisedTestMethodRunner.java:47)
	at junitparams.internal.ParameterisedTestMethodRunner.runTestMethod(ParameterisedTestMethodRunner.java:41)
	at junitparams.internal.ParameterisedTestClassRunner.runParameterisedTest(ParameterisedTestClassRunner.java:143)
	at junitparams.JUnitParamsRunner.runChild(JUnitParamsRunner.java:237)
	at junitparams.JUnitParamsRunner.runChild(JUnitParamsRunner.java:215)
</failure>
  </testcase>
  <testcase classname="ptolemy.util.test.junit.TclTests" name="[33] /home/travis/build/icyphy/ptII/ptolemy/actor/lib/test/TestExceptionHandler.tcl (RunTclFile)" time="0.019" />
  <testcase classname="ptolemy.util.test.junit.TclTests" name="[34] /home/travis/build/icyphy/ptII/ptolemy/actor/lib/test/UnionDisassembler.tcl (RunTclFile)" time="0.107" />
  <testcase classname="ptolemy.util.test.junit.TclTests" name="[35] /home/travis/build/icyphy/ptII/ptolemy/actor/lib/test/VariableClock.tcl (RunTclFile)" time="0.041" />
  <testcase classname="ptolemy.util.test.junit.AutoKnownFailedTests" name="[0] /home/travis/build/icyphy/ptII/ptolemy/actor/lib/test/auto/knownFailedTests/PublisherPortToplevelSubscriber.xml (RunModel)" time="0.028" />
  <testcase classname="ptolemy.util.test.junit.AutoKnownFailedTests" name="[1] /home/travis/build/icyphy/ptII/ptolemy/actor/lib/test/auto/knownFailedTests/PublisherSubscriberPortToplevel.xml (RunModel)" time="0.03" />
  <testcase classname="ptolemy.util.test.junit.AutoKnownFailedTests" name="[2] /home/travis/build/icyphy/ptII/ptolemy/actor/lib/test/auto/knownFailedTests/PublisherSubscriptionAggregatorPort.xml (RunModel)" time="0.023" />
  <testcase classname="ptolemy.util.test.junit.AutoKnownFailedTests" name="[3] /home/travis/build/icyphy/ptII/ptolemy/actor/lib/test/auto/knownFailedTests/sizedarray3.xml (RunModel)" time="0.033" />
  <testcase classname="ptolemy.util.test.junit.AutoNameArchTests" name="[0] ThereAreNoAutoTests (RunModel)" time="0.002" />
  <testcase classname="ptolemy.util.test.junit.AutoTests" name="[0] /home/travis/build/icyphy/ptII/ptolemy/actor/lib/test/auto/AbsoluteValue.xml (RunModel)" time="0.122" />
  <testcase classname="ptolemy.util.test.junit.AutoTests" name="[1] /home/travis/build/icyphy/ptII/ptolemy/actor/lib/test/auto/AbsoluteValue2.xml (RunModel)" time="0.038" />
  <testcase classname="ptolemy.util.test.junit.AutoTests" name="[2] /home/travis/build/icyphy/ptII/ptolemy/actor/lib/test/auto/Accumulator.xml (RunModel)" time="0.038" />
  <testcase classname="ptolemy.util.test.junit.AutoTests" name="[3] /home/travis/build/icyphy/ptII/ptolemy/actor/lib/test/auto/Accumulator2.xml (RunModel)" time="0.024" />
  <testcase classname="ptolemy.util.test.junit.AutoTests" name="[4] /home/travis/build/icyphy/ptII/ptolemy/actor/lib/test/auto/Accumulator3.xml (RunModel)" time="0.058" />
  <testcase classname="ptolemy.util.test.junit.AutoTests" name="[5] /home/travis/build/icyphy/ptII/ptolemy/actor/lib/test/auto/ArrayAppend.xml (RunModel)" time="0.092" />
  <testcase classname="ptolemy.util.test.junit.AutoTests" name="[6] /home/travis/build/icyphy/ptII/ptolemy/actor/lib/test/auto/ArrayAppend2.xml (RunModel)" time="0.568" />
  <testcase classname="ptolemy.util.test.junit.AutoTests" name="[7] /home/travis/build/icyphy/ptII/ptolemy/actor/lib/test/auto/ArrayAppend3.xml (RunModel)" time="0.029" />
  <testcase classname="ptolemy.util.test.junit.AutoTests" name="[8] /home/travis/build/icyphy/ptII/ptolemy/actor/lib/test/auto/ArrayAppend4.xml (RunModel)" time="0.023" />
  <testcase classname="ptolemy.util.test.junit.AutoTests" name="[9] /home/travis/build/icyphy/ptII/ptolemy/actor/lib/test/auto/ArrayAppend5.xml (RunModel)" time="0.022" />
  <testcase classname="ptolemy.util.test.junit.AutoTests" name="[10] /home/travis/build/icyphy/ptII/ptolemy/actor/lib/test/auto/ArrayAppend6.xml (RunModel)" time="0.03" />
  <testcase classname="ptolemy.util.test.junit.AutoTests" name="[11] /home/travis/build/icyphy/ptII/ptolemy/actor/lib/test/auto/ArrayAppendPerformanceTest.xml (RunModel)" time="0.071" />
  <testcase classname="ptolemy.util.test.junit.AutoTests" name="[12] /home/travis/build/icyphy/ptII/ptolemy/actor/lib/test/auto/ArrayAppendWithEmptyInput.xml (RunModel)" time="0.089" />
  <testcase classname="ptolemy.util.test.junit.AutoTests" name="[13] /home/travis/build/icyphy/ptII/ptolemy/actor/lib/test/auto/ArrayAverage.xml (RunModel)" time="0.039" />
  <testcase classname="ptolemy.util.test.junit.AutoTests" name="[14] /home/travis/build/icyphy/ptII/ptolemy/actor/lib/test/auto/ArrayContains.xml (RunModel)" time="0.045" />
  <testcase classname="ptolemy.util.test.junit.AutoTests" name="[15] /home/travis/build/icyphy/ptII/ptolemy/actor/lib/test/auto/ArrayElement.xml (RunModel)" time="0.048" />
  <testcase classname="ptolemy.util.test.junit.AutoTests" name="[16] /home/travis/build/icyphy/ptII/ptolemy/actor/lib/test/auto/ArrayElementAsMatrix.xml (RunModel)" time="0.098" />
  <testcase classname="ptolemy.util.test.junit.AutoTests" name="[17] /home/travis/build/icyphy/ptII/ptolemy/actor/lib/test/auto/ArrayElementI.xml (RunModel)" time="0.045" />
  <testcase classname="ptolemy.util.test.junit.AutoTests" name="[18] /home/travis/build/icyphy/ptII/ptolemy/actor/lib/test/auto/ArrayExtract.xml (RunModel)" time="0.042" />
  <testcase classname="ptolemy.util.test.junit.AutoTests" name="[19] /home/travis/build/icyphy/ptII/ptolemy/actor/lib/test/auto/ArrayExtract2.xml (RunModel)" time="0.029" />
  <testcase classname="ptolemy.util.test.junit.AutoTests" name="[20] /home/travis/build/icyphy/ptII/ptolemy/actor/lib/test/auto/ArrayLength.xml (RunModel)" time="0.026" />
  <testcase classname="ptolemy.util.test.junit.AutoTests" name="[21] /home/travis/build/icyphy/ptII/ptolemy/actor/lib/test/auto/ArrayLevelCrossing.xml (RunModel)" time="0.047" />
  <testcase classname="ptolemy.util.test.junit.AutoTests" name="[22] /home/travis/build/icyphy/ptII/ptolemy/actor/lib/test/auto/ArrayLevelCrossing2.xml (RunModel)" time="0.031" />
  <testcase classname="ptolemy.util.test.junit.AutoTests" name="[23] /home/travis/build/icyphy/ptII/ptolemy/actor/lib/test/auto/ArrayPeakSearch.xml (RunModel)" time="0.566" />
  <testcase classname="ptolemy.util.test.junit.AutoTests" name="[24] /home/travis/build/icyphy/ptII/ptolemy/actor/lib/test/auto/ArrayPeakSearch2.xml (RunModel)" time="0.057" />
  <testcase classname="ptolemy.util.test.junit.AutoTests" name="[25] /home/travis/build/icyphy/ptII/ptolemy/actor/lib/test/auto/ArrayPeakSearch3.xml (RunModel)" time="0.05" />
  <testcase classname="ptolemy.util.test.junit.AutoTests" name="[26] /home/travis/build/icyphy/ptII/ptolemy/actor/lib/test/auto/ArrayRemoveElement.xml (RunModel)" time="0.042" />
  <testcase classname="ptolemy.util.test.junit.AutoTests" name="[27] /home/travis/build/icyphy/ptII/ptolemy/actor/lib/test/auto/ArraySort.xml (RunModel)" time="0.049" />
  <testcase classname="ptolemy.util.test.junit.AutoTests" name="[28] /home/travis/build/icyphy/ptII/ptolemy/actor/lib/test/auto/ArraySum.xml (RunModel)" time="0.03" />
  <testcase classname="ptolemy.util.test.junit.AutoTests" name="[29] /home/travis/build/icyphy/ptII/ptolemy/actor/lib/test/auto/ArrayToElements.xml (RunModel)" time="0.029" />
  <testcase classname="ptolemy.util.test.junit.AutoTests" name="[30] /home/travis/build/icyphy/ptII/ptolemy/actor/lib/test/auto/ArrayToMatrix.xml (RunModel)" time="0.072" />
  <testcase classname="ptolemy.util.test.junit.AutoTests" name="[31] /home/travis/build/icyphy/ptII/ptolemy/actor/lib/test/auto/ArrayUpdate1.xml (RunModel)" time="0.021" />
  <testcase classname="ptolemy.util.test.junit.AutoTests" name="[32] /home/travis/build/icyphy/ptII/ptolemy/actor/lib/test/auto/ArrayUpdate2.xml (RunModel)" time="0.032" />
  <testcase classname="ptolemy.util.test.junit.AutoTests" name="[33] /home/travis/build/icyphy/ptII/ptolemy/actor/lib/test/auto/ArrayUpdate3.xml (RunModel)" time="0.04" />
  <testcase classname="ptolemy.util.test.junit.AutoTests" name="[34] /home/travis/build/icyphy/ptII/ptolemy/actor/lib/test/auto/Assert1.xml (RunModel)" time="0.023" />
  <testcase classname="ptolemy.util.test.junit.AutoTests" name="[35] /home/travis/build/icyphy/ptII/ptolemy/actor/lib/test/auto/Assert2.xml (RunModel)" time="0.019" />
  <testcase classname="ptolemy.util.test.junit.AutoTests" name="[36] /home/travis/build/icyphy/ptII/ptolemy/actor/lib/test/auto/BooleanMultiplexor.xml (RunModel)" time="0.022" />
  <testcase classname="ptolemy.util.test.junit.AutoTests" name="[37] /home/travis/build/icyphy/ptII/ptolemy/actor/lib/test/auto/BooleanMultiplexor2.xml (RunModel)" time="0.03" />
  <testcase classname="ptolemy.util.test.junit.AutoTests" name="[38] /home/travis/build/icyphy/ptII/ptolemy/actor/lib/test/auto/BooleanMultiplexor3.xml (RunModel)" time="0.032" />
  <testcase classname="ptolemy.util.test.junit.AutoTests" name="[39] /home/travis/build/icyphy/ptII/ptolemy/actor/lib/test/auto/BooleanSelect.xml (RunModel)" time="0.038" />
  <testcase classname="ptolemy.util.test.junit.AutoTests" name="[40] /home/travis/build/icyphy/ptII/ptolemy/actor/lib/test/auto/BooleanSelect2.xml (RunModel)" time="0.021" />
  <testcase classname="ptolemy.util.test.junit.AutoTests" name="[41] /home/travis/build/icyphy/ptII/ptolemy/actor/lib/test/auto/BooleanSwitch.xml (RunModel)" time="0.03" />
  <testcase classname="ptolemy.util.test.junit.AutoTests" name="[42] /home/travis/build/icyphy/ptII/ptolemy/actor/lib/test/auto/BooleanSwitch2.xml (RunModel)" time="0.021" />
  <testcase classname="ptolemy.util.test.junit.AutoTests" name="[43] /home/travis/build/icyphy/ptII/ptolemy/actor/lib/test/auto/BooleanSwitchCloningBugWithClassRelationGroup.xml (RunModel)" time="0.044" />
  <testcase classname="ptolemy.util.test.junit.AutoTests" name="[44] /home/travis/build/icyphy/ptII/ptolemy/actor/lib/test/auto/BusActors.xml (RunModel)" time="0.048" />
  <testcase classname="ptolemy.util.test.junit.AutoTests" name="[45] /home/travis/build/icyphy/ptII/ptolemy/actor/lib/test/auto/ClassWrapper.xml (RunModel)" time="0.013" />
  <testcase classname="ptolemy.util.test.junit.AutoTests" name="[46] /home/travis/build/icyphy/ptII/ptolemy/actor/lib/test/auto/Clock.xml (RunModel)" time="0.015" />
  <testcase classname="ptolemy.util.test.junit.AutoTests" name="[47] /home/travis/build/icyphy/ptII/ptolemy/actor/lib/test/auto/Clock10.xml (RunModel)" time="0.028" />
  <testcase classname="ptolemy.util.test.junit.AutoTests" name="[48] /home/travis/build/icyphy/ptII/ptolemy/actor/lib/test/auto/Clock11.xml (RunModel)" time="0.03" />
  <testcase classname="ptolemy.util.test.junit.AutoTests" name="[49] /home/travis/build/icyphy/ptII/ptolemy/actor/lib/test/auto/Clock12.xml (RunModel)" time="0.032" />
  <testcase classname="ptolemy.util.test.junit.AutoTests" name="[50] /home/travis/build/icyphy/ptII/ptolemy/actor/lib/test/auto/Clock13.xml (RunModel)" time="0.024" />
  <testcase classname="ptolemy.util.test.junit.AutoTests" name="[51] /home/travis/build/icyphy/ptII/ptolemy/actor/lib/test/auto/Clock14.xml (RunModel)" time="0.021" />
  <testcase classname="ptolemy.util.test.junit.AutoTests" name="[52] /home/travis/build/icyphy/ptII/ptolemy/actor/lib/test/auto/Clock15.xml (RunModel)" time="0.02" />
  <testcase classname="ptolemy.util.test.junit.AutoTests" name="[53] /home/travis/build/icyphy/ptII/ptolemy/actor/lib/test/auto/Clock16.xml (RunModel)" time="0.118" />
  <testcase classname="ptolemy.util.test.junit.AutoTests" name="[54] /home/travis/build/icyphy/ptII/ptolemy/actor/lib/test/auto/Clock17.xml (RunModel)" time="0.098" />
  <testcase classname="ptolemy.util.test.junit.AutoTests" name="[55] /home/travis/build/icyphy/ptII/ptolemy/actor/lib/test/auto/Clock18.xml (RunModel)" time="0.072" />
  <testcase classname="ptolemy.util.test.junit.AutoTests" name="[56] /home/travis/build/icyphy/ptII/ptolemy/actor/lib/test/auto/Clock19.xml (RunModel)" time="0.06" />
  <testcase classname="ptolemy.util.test.junit.AutoTests" name="[57] /home/travis/build/icyphy/ptII/ptolemy/actor/lib/test/auto/Clock2.xml (RunModel)" time="0.016" />
  <testcase classname="ptolemy.util.test.junit.AutoTests" name="[58] /home/travis/build/icyphy/ptII/ptolemy/actor/lib/test/auto/Clock20.xml (RunModel)" time="0.034" />
  <testcase classname="ptolemy.util.test.junit.AutoTests" name="[59] /home/travis/build/icyphy/ptII/ptolemy/actor/lib/test/auto/Clock21.xml (RunModel)" time="0.026" />
  <testcase classname="ptolemy.util.test.junit.AutoTests" name="[60] /home/travis/build/icyphy/ptII/ptolemy/actor/lib/test/auto/Clock22.xml (RunModel)" time="0.026" />
  <testcase classname="ptolemy.util.test.junit.AutoTests" name="[61] /home/travis/build/icyphy/ptII/ptolemy/actor/lib/test/auto/Clock23.xml (RunModel)" time="0.026" />
  <testcase classname="ptolemy.util.test.junit.AutoTests" name="[62] /home/travis/build/icyphy/ptII/ptolemy/actor/lib/test/auto/Clock24.xml (RunModel)" time="0.024" />
  <testcase classname="ptolemy.util.test.junit.AutoTests" name="[63] /home/travis/build/icyphy/ptII/ptolemy/actor/lib/test/auto/Clock4.xml (RunModel)" time="0.019" />
  <testcase classname="ptolemy.util.test.junit.AutoTests" name="[64] /home/travis/build/icyphy/ptII/ptolemy/actor/lib/test/auto/Clock5.xml (RunModel)" time="0.024" />
  <testcase classname="ptolemy.util.test.junit.AutoTests" name="[65] /home/travis/build/icyphy/ptII/ptolemy/actor/lib/test/auto/Clock6.xml (RunModel)" time="0.013" />
  <testcase classname="ptolemy.util.test.junit.AutoTests" name="[66] /home/travis/build/icyphy/ptII/ptolemy/actor/lib/test/auto/Clock7.xml (RunModel)" time="0.015" />
  <testcase classname="ptolemy.util.test.junit.AutoTests" name="[67] /home/travis/build/icyphy/ptII/ptolemy/actor/lib/test/auto/Clock8.xml (RunModel)" time="0.022" />
  <testcase classname="ptolemy.util.test.junit.AutoTests" name="[68] /home/travis/build/icyphy/ptII/ptolemy/actor/lib/test/auto/Clock9.xml (RunModel)" time="0.023" />
  <testcase classname="ptolemy.util.test.junit.AutoTests" name="[69] /home/travis/build/icyphy/ptII/ptolemy/actor/lib/test/auto/CommDistDiscard.xml (RunModel)" time="0.035" />
  <testcase classname="ptolemy.util.test.junit.AutoTests" name="[70] /home/travis/build/icyphy/ptII/ptolemy/actor/lib/test/auto/Commutator.xml (RunModel)" time="0.018" />
  <testcase classname="ptolemy.util.test.junit.AutoTests" name="[71] /home/travis/build/icyphy/ptII/ptolemy/actor/lib/test/auto/Commutator2.xml (RunModel)" time="0.016" />
  <testcase classname="ptolemy.util.test.junit.AutoTests" name="[72] /home/travis/build/icyphy/ptII/ptolemy/actor/lib/test/auto/Commutator3.xml (RunModel)" time="0.017" />
  <testcase classname="ptolemy.util.test.junit.AutoTests" name="[73] /home/travis/build/icyphy/ptII/ptolemy/actor/lib/test/auto/Compare.xml (RunModel)" time="0.027" />
  <testcase classname="ptolemy.util.test.junit.AutoTests" name="[74] /home/travis/build/icyphy/ptII/ptolemy/actor/lib/test/auto/CompareDE.xml (RunModel)" time="0.026" />
  <testcase classname="ptolemy.util.test.junit.AutoTests" name="[75] /home/travis/build/icyphy/ptII/ptolemy/actor/lib/test/auto/ComplexDivide.xml (RunModel)" time="0.011" />
  <testcase classname="ptolemy.util.test.junit.AutoTests" name="[76] /home/travis/build/icyphy/ptII/ptolemy/actor/lib/test/auto/ComputeHistogram.xml (RunModel)" time="0.109" />
  <testcase classname="ptolemy.util.test.junit.AutoTests" name="[77] /home/travis/build/icyphy/ptII/ptolemy/actor/lib/test/auto/ConfigurationSelect.xml (RunModel)" time="0.03" />
  <testcase classname="ptolemy.util.test.junit.AutoTests" name="[78] /home/travis/build/icyphy/ptII/ptolemy/actor/lib/test/auto/ConfigurationSelect2.xml (RunModel)" time="0.02" />
  <testcase classname="ptolemy.util.test.junit.AutoTests" name="[79] /home/travis/build/icyphy/ptII/ptolemy/actor/lib/test/auto/ConfigurationSwitch.xml (RunModel)" time="0.034" />
  <testcase classname="ptolemy.util.test.junit.AutoTests" name="[80] /home/travis/build/icyphy/ptII/ptolemy/actor/lib/test/auto/ConfigurationSwitch2.xml (RunModel)" time="0.024" />
  <testcase classname="ptolemy.util.test.junit.AutoTests" name="[81] /home/travis/build/icyphy/ptII/ptolemy/actor/lib/test/auto/ConfigurationSwitchCloningBugWithClassRelationGroup.xml (RunModel)" time="0.027" />
  <testcase classname="ptolemy.util.test.junit.AutoTests" name="[82] /home/travis/build/icyphy/ptII/ptolemy/actor/lib/test/auto/ConfigurationSwitchSelectSDF.xml (RunModel)" time="0.024" />
  <testcase classname="ptolemy.util.test.junit.AutoTests" name="[83] /home/travis/build/icyphy/ptII/ptolemy/actor/lib/test/auto/ConfigurationSwitchSelectSDF2.xml (RunModel)" time="0.019" />
  <testcase classname="ptolemy.util.test.junit.AutoTests" name="[84] /home/travis/build/icyphy/ptII/ptolemy/actor/lib/test/auto/Const.xml (RunModel)" time="0.01" />
  <testcase classname="ptolemy.util.test.junit.AutoTests" name="[85] /home/travis/build/icyphy/ptII/ptolemy/actor/lib/test/auto/Const2.xml (RunModel)" time="0.015" />
  <testcase classname="ptolemy.util.test.junit.AutoTests" name="[86] /home/travis/build/icyphy/ptII/ptolemy/actor/lib/test/auto/Const3.xml (RunModel)" time="0.008" />
  <testcase classname="ptolemy.util.test.junit.AutoTests" name="[87] /home/travis/build/icyphy/ptII/ptolemy/actor/lib/test/auto/ConstantPublisherPort1.xml (RunModel)" time="0.035" />
  <testcase classname="ptolemy.util.test.junit.AutoTests" name="[88] /home/travis/build/icyphy/ptII/ptolemy/actor/lib/test/auto/ConstantPublisherPort2.xml (RunModel)" time="0.04" />
  <testcase classname="ptolemy.util.test.junit.AutoTests" name="[89] /home/travis/build/icyphy/ptII/ptolemy/actor/lib/test/auto/ConstantPublisherPort3.xml (RunModel)" time="0.035" />
  <testcase classname="ptolemy.util.test.junit.AutoTests" name="[90] /home/travis/build/icyphy/ptII/ptolemy/actor/lib/test/auto/ConstantPublisherPort4.xml (RunModel)" time="0.026" />
  <testcase classname="ptolemy.util.test.junit.AutoTests" name="[91] /home/travis/build/icyphy/ptII/ptolemy/actor/lib/test/auto/ConstantPublisherPort5.xml (RunModel)" time="0.038" />
  <testcase classname="ptolemy.util.test.junit.AutoTests" name="[92] /home/travis/build/icyphy/ptII/ptolemy/actor/lib/test/auto/ConstantPublisherPort6.xml (RunModel)" time="0.042" />
  <testcase classname="ptolemy.util.test.junit.AutoTests" name="[93] /home/travis/build/icyphy/ptII/ptolemy/actor/lib/test/auto/ConstantPublisherPort7.xml (RunModel)" time="0.039" />
  <testcase classname="ptolemy.util.test.junit.AutoTests" name="[94] /home/travis/build/icyphy/ptII/ptolemy/actor/lib/test/auto/ConstraintMonitor1.xml (RunModel)" time="0.027" />
  <testcase classname="ptolemy.util.test.junit.AutoTests" name="[95] /home/travis/build/icyphy/ptII/ptolemy/actor/lib/test/auto/ConstraintMonitor2.xml (RunModel)" time="0.021" />
  <testcase classname="ptolemy.util.test.junit.AutoTests" name="[96] /home/travis/build/icyphy/ptII/ptolemy/actor/lib/test/auto/ConstraintMonitor3.xml (RunModel)" time="0.029" />
  <testcase classname="ptolemy.util.test.junit.AutoTests" name="[97] /home/travis/build/icyphy/ptII/ptolemy/actor/lib/test/auto/ConstraintMonitor4.xml (RunModel)" time="0.022" />
  <testcase classname="ptolemy.util.test.junit.AutoTests" name="[98] /home/travis/build/icyphy/ptII/ptolemy/actor/lib/test/auto/ConstraintMonitor5.xml (RunModel)" time="0.016" />
  <testcase classname="ptolemy.util.test.junit.AutoTests" name="[99] /home/travis/build/icyphy/ptII/ptolemy/actor/lib/test/auto/ConstraintMonitor6.xml (RunModel)" time="0.023" />
  <testcase classname="ptolemy.util.test.junit.AutoTests" name="[100] /home/travis/build/icyphy/ptII/ptolemy/actor/lib/test/auto/ConstraintMonitor7.xml (RunModel)" time="0.023" />
  <testcase classname="ptolemy.util.test.junit.AutoTests" name="[101] /home/travis/build/icyphy/ptII/ptolemy/actor/lib/test/auto/ConstraintMonitor8.xml (RunModel)" time="0.029" />
  <testcase classname="ptolemy.util.test.junit.AutoTests" name="[102] /home/travis/build/icyphy/ptII/ptolemy/actor/lib/test/auto/Counter.xml (RunModel)" time="0.017" />
  <testcase classname="ptolemy.util.test.junit.AutoTests" name="[103] /home/travis/build/icyphy/ptII/ptolemy/actor/lib/test/auto/CurrentTimeSDF.xml (RunModel)" time="0.013" />
  <testcase classname="ptolemy.util.test.junit.AutoTests" name="[104] /home/travis/build/icyphy/ptII/ptolemy/actor/lib/test/auto/DB.xml (RunModel)" time="0.017" />
  <testcase classname="ptolemy.util.test.junit.AutoTests" name="[105] /home/travis/build/icyphy/ptII/ptolemy/actor/lib/test/auto/DBDE.xml (RunModel)" time="0.018" />
  <testcase classname="ptolemy.util.test.junit.AutoTests" name="[106] /home/travis/build/icyphy/ptII/ptolemy/actor/lib/test/auto/DateConstructor.xml (RunModel)" time="0.076" />
  <testcase classname="ptolemy.util.test.junit.AutoTests" name="[107] /home/travis/build/icyphy/ptII/ptolemy/actor/lib/test/auto/DelayTime.xml (RunModel)" time="0.022" />
  <testcase classname="ptolemy.util.test.junit.AutoTests" name="[108] /home/travis/build/icyphy/ptII/ptolemy/actor/lib/test/auto/Dictionary1.xml (RunModel)" time="0.021" />
  <testcase classname="ptolemy.util.test.junit.AutoTests" name="[109] /home/travis/build/icyphy/ptII/ptolemy/actor/lib/test/auto/Dictionary2.xml (RunModel)" time="0.018" />
  <testcase classname="ptolemy.util.test.junit.AutoTests" name="[110] /home/travis/build/icyphy/ptII/ptolemy/actor/lib/test/auto/Dictionary3.xml (RunModel)" time="0.019" />
  <testcase classname="ptolemy.util.test.junit.AutoTests" name="[111] /home/travis/build/icyphy/ptII/ptolemy/actor/lib/test/auto/Dictionary4.xml (RunModel)" time="0.027" />
  <testcase classname="ptolemy.util.test.junit.AutoTests" name="[112] /home/travis/build/icyphy/ptII/ptolemy/actor/lib/test/auto/Differential.xml (RunModel)" time="0.016" />
  <testcase classname="ptolemy.util.test.junit.AutoTests" name="[113] /home/travis/build/icyphy/ptII/ptolemy/actor/lib/test/auto/Director.xml (RunModel)" time="0.014" />
  <testcase classname="ptolemy.util.test.junit.AutoTests" name="[114] /home/travis/build/icyphy/ptII/ptolemy/actor/lib/test/auto/DiscreteClock.xml (RunModel)" time="0.011" />
  <testcase classname="ptolemy.util.test.junit.AutoTests" name="[115] /home/travis/build/icyphy/ptII/ptolemy/actor/lib/test/auto/DiscreteClock10.xml (RunModel)" time="0.018" />
  <testcase classname="ptolemy.util.test.junit.AutoTests" name="[116] /home/travis/build/icyphy/ptII/ptolemy/actor/lib/test/auto/DiscreteClock11.xml (RunModel)" time="0.018" />
  <testcase classname="ptolemy.util.test.junit.AutoTests" name="[117] /home/travis/build/icyphy/ptII/ptolemy/actor/lib/test/auto/DiscreteClock12.xml (RunModel)" time="0.019" />
  <testcase classname="ptolemy.util.test.junit.AutoTests" name="[118] /home/travis/build/icyphy/ptII/ptolemy/actor/lib/test/auto/DiscreteClock13.xml (RunModel)" time="0.016" />
  <testcase classname="ptolemy.util.test.junit.AutoTests" name="[119] /home/travis/build/icyphy/ptII/ptolemy/actor/lib/test/auto/DiscreteClock14.xml (RunModel)" time="0.026" />
  <testcase classname="ptolemy.util.test.junit.AutoTests" name="[120] /home/travis/build/icyphy/ptII/ptolemy/actor/lib/test/auto/DiscreteClock15.xml (RunModel)" time="0.018" />
  <testcase classname="ptolemy.util.test.junit.AutoTests" name="[121] /home/travis/build/icyphy/ptII/ptolemy/actor/lib/test/auto/DiscreteClock16.xml (RunModel)" time="0.069" />
  <testcase classname="ptolemy.util.test.junit.AutoTests" name="[122] /home/travis/build/icyphy/ptII/ptolemy/actor/lib/test/auto/DiscreteClock17.xml (RunModel)" time="0.081" />
  <testcase classname="ptolemy.util.test.junit.AutoTests" name="[123] /home/travis/build/icyphy/ptII/ptolemy/actor/lib/test/auto/DiscreteClock18.xml (RunModel)" time="0.053" />
  <testcase classname="ptolemy.util.test.junit.AutoTests" name="[124] /home/travis/build/icyphy/ptII/ptolemy/actor/lib/test/auto/DiscreteClock19.xml (RunModel)" time="0.049" />
  <testcase classname="ptolemy.util.test.junit.AutoTests" name="[125] /home/travis/build/icyphy/ptII/ptolemy/actor/lib/test/auto/DiscreteClock2.xml (RunModel)" time="0.016" />
  <testcase classname="ptolemy.util.test.junit.AutoTests" name="[126] /home/travis/build/icyphy/ptII/ptolemy/actor/lib/test/auto/DiscreteClock20.xml (RunModel)" time="0.03" />
  <testcase classname="ptolemy.util.test.junit.AutoTests" name="[127] /home/travis/build/icyphy/ptII/ptolemy/actor/lib/test/auto/DiscreteClock21.xml (RunModel)" time="0.028" />
  <testcase classname="ptolemy.util.test.junit.AutoTests" name="[128] /home/travis/build/icyphy/ptII/ptolemy/actor/lib/test/auto/DiscreteClock22.xml (RunModel)" time="0.023" />
  <testcase classname="ptolemy.util.test.junit.AutoTests" name="[129] /home/travis/build/icyphy/ptII/ptolemy/actor/lib/test/auto/DiscreteClock23.xml (RunModel)" time="0.026" />
  <testcase classname="ptolemy.util.test.junit.AutoTests" name="[130] /home/travis/build/icyphy/ptII/ptolemy/actor/lib/test/auto/DiscreteClock24.xml (RunModel)" time="0.021" />
  <testcase classname="ptolemy.util.test.junit.AutoTests" name="[131] /home/travis/build/icyphy/ptII/ptolemy/actor/lib/test/auto/DiscreteClock4.xml (RunModel)" time="0.014" />
  <testcase classname="ptolemy.util.test.junit.AutoTests" name="[132] /home/travis/build/icyphy/ptII/ptolemy/actor/lib/test/auto/DiscreteClock5.xml (RunModel)" time="0.014" />
  <testcase classname="ptolemy.util.test.junit.AutoTests" name="[133] /home/travis/build/icyphy/ptII/ptolemy/actor/lib/test/auto/DiscreteClock6.xml (RunModel)" time="0.012" />
  <testcase classname="ptolemy.util.test.junit.AutoTests" name="[134] /home/travis/build/icyphy/ptII/ptolemy/actor/lib/test/auto/DiscreteClock7.xml (RunModel)" time="0.016" />
  <testcase classname="ptolemy.util.test.junit.AutoTests" name="[135] /home/travis/build/icyphy/ptII/ptolemy/actor/lib/test/auto/DiscreteClock8.xml (RunModel)" time="0.021" />
  <testcase classname="ptolemy.util.test.junit.AutoTests" name="[136] /home/travis/build/icyphy/ptII/ptolemy/actor/lib/test/auto/DiscreteClock9.xml (RunModel)" time="0.019" />
  <testcase classname="ptolemy.util.test.junit.AutoTests" name="[137] /home/travis/build/icyphy/ptII/ptolemy/actor/lib/test/auto/DisplayArray.xml (RunModel)" time="0.023" />
  <testcase classname="ptolemy.util.test.junit.AutoTests" name="[138] /home/travis/build/icyphy/ptII/ptolemy/actor/lib/test/auto/Distributor.xml (RunModel)" time="0.012" />
  <testcase classname="ptolemy.util.test.junit.AutoTests" name="[139] /home/travis/build/icyphy/ptII/ptolemy/actor/lib/test/auto/Distributor2.xml (RunModel)" time="0.02" />
  <testcase classname="ptolemy.util.test.junit.AutoTests" name="[140] /home/travis/build/icyphy/ptII/ptolemy/actor/lib/test/auto/DownSample.xml (RunModel)" time="0.013" />
  <testcase classname="ptolemy.util.test.junit.AutoTests" name="[141] /home/travis/build/icyphy/ptII/ptolemy/actor/lib/test/auto/ElectronicUnitBase1.xml (RunModel)" time="0.103" />
  <testcase classname="ptolemy.util.test.junit.AutoTests" name="[142] /home/travis/build/icyphy/ptII/ptolemy/actor/lib/test/auto/ElementsToArray.xml (RunModel)" time="0.017" />
  <testcase classname="ptolemy.util.test.junit.AutoTests" name="[143] /home/travis/build/icyphy/ptII/ptolemy/actor/lib/test/auto/Equals.xml (RunModel)" time="0.018" />
  <testcase classname="ptolemy.util.test.junit.AutoTests" name="[144] /home/travis/build/icyphy/ptII/ptolemy/actor/lib/test/auto/Exec.xml (RunModel)" time="0.03" />
  <testcase classname="ptolemy.util.test.junit.AutoTests" name="[145] /home/travis/build/icyphy/ptII/ptolemy/actor/lib/test/auto/ExecEnvironment.xml (RunModel)" time="0.038" />
  <testcase classname="ptolemy.util.test.junit.AutoTests" name="[146] /home/travis/build/icyphy/ptII/ptolemy/actor/lib/test/auto/ExecNonZeroReturnOutput.xml (RunModel)" time="0.177" />
  <testcase classname="ptolemy.util.test.junit.AutoTests" name="[147] /home/travis/build/icyphy/ptII/ptolemy/actor/lib/test/auto/ExecRunDemos.xml (RunModel)" time="10.326" />
  <testcase classname="ptolemy.util.test.junit.AutoTests" name="[148] /home/travis/build/icyphy/ptII/ptolemy/actor/lib/test/auto/ExecStop.xml (RunModel)" time="5.036" />
  <testcase classname="ptolemy.util.test.junit.AutoTests" name="[149] /home/travis/build/icyphy/ptII/ptolemy/actor/lib/test/auto/ExecutionTimePN.xml (RunModel)" time="2.043" />
  <testcase classname="ptolemy.util.test.junit.AutoTests" name="[150] /home/travis/build/icyphy/ptII/ptolemy/actor/lib/test/auto/ExecutionTimeSDF.xml (RunModel)" time="6.039" />
  <testcase classname="ptolemy.util.test.junit.AutoTests" name="[151] /home/travis/build/icyphy/ptII/ptolemy/actor/lib/test/auto/Expression1.xml (RunModel)" time="0.021" />
  <testcase classname="ptolemy.util.test.junit.AutoTests" name="[152] /home/travis/build/icyphy/ptII/ptolemy/actor/lib/test/auto/Expression10.xml (RunModel)" time="0.021" />
  <testcase classname="ptolemy.util.test.junit.AutoTests" name="[153] /home/travis/build/icyphy/ptII/ptolemy/actor/lib/test/auto/Expression11.xml (RunModel)" time="0.016" />
  <testcase classname="ptolemy.util.test.junit.AutoTests" name="[154] /home/travis/build/icyphy/ptII/ptolemy/actor/lib/test/auto/Expression12.xml (RunModel)" time="0.018" />
  <testcase classname="ptolemy.util.test.junit.AutoTests" name="[155] /home/travis/build/icyphy/ptII/ptolemy/actor/lib/test/auto/Expression13.xml (RunModel)" time="0.051" />
  <testcase classname="ptolemy.util.test.junit.AutoTests" name="[156] /home/travis/build/icyphy/ptII/ptolemy/actor/lib/test/auto/Expression14.xml (RunModel)" time="0.021" />
  <testcase classname="ptolemy.util.test.junit.AutoTests" name="[157] /home/travis/build/icyphy/ptII/ptolemy/actor/lib/test/auto/Expression15.xml (RunModel)" time="0.01" />
  <testcase classname="ptolemy.util.test.junit.AutoTests" name="[158] /home/travis/build/icyphy/ptII/ptolemy/actor/lib/test/auto/Expression16.xml (RunModel)" time="0.014" />
  <testcase classname="ptolemy.util.test.junit.AutoTests" name="[159] /home/travis/build/icyphy/ptII/ptolemy/actor/lib/test/auto/Expression17.xml (RunModel)" time="0.017" />
  <testcase classname="ptolemy.util.test.junit.AutoTests" name="[160] /home/travis/build/icyphy/ptII/ptolemy/actor/lib/test/auto/Expression18.xml (RunModel)" time="0.02" />
  <testcase classname="ptolemy.util.test.junit.AutoTests" name="[161] /home/travis/build/icyphy/ptII/ptolemy/actor/lib/test/auto/Expression2.xml (RunModel)" time="0.022" />
  <testcase classname="ptolemy.util.test.junit.AutoTests" name="[162] /home/travis/build/icyphy/ptII/ptolemy/actor/lib/test/auto/Expression3.xml (RunModel)" time="0.02" />
  <testcase classname="ptolemy.util.test.junit.AutoTests" name="[163] /home/travis/build/icyphy/ptII/ptolemy/actor/lib/test/auto/Expression4.xml (RunModel)" time="0.029" />
  <testcase classname="ptolemy.util.test.junit.AutoTests" name="[164] /home/travis/build/icyphy/ptII/ptolemy/actor/lib/test/auto/Expression5.xml (RunModel)" time="0.02" />
  <testcase classname="ptolemy.util.test.junit.AutoTests" name="[165] /home/travis/build/icyphy/ptII/ptolemy/actor/lib/test/auto/Expression6.xml (RunModel)" time="0.027" />
  <testcase classname="ptolemy.util.test.junit.AutoTests" name="[166] /home/travis/build/icyphy/ptII/ptolemy/actor/lib/test/auto/Expression7.xml (RunModel)" time="0.016" />
  <testcase classname="ptolemy.util.test.junit.AutoTests" name="[167] /home/travis/build/icyphy/ptII/ptolemy/actor/lib/test/auto/Expression8.xml (RunModel)" time="0.023" />
  <testcase classname="ptolemy.util.test.junit.AutoTests" name="[168] /home/travis/build/icyphy/ptII/ptolemy/actor/lib/test/auto/Expression9.xml (RunModel)" time="0.011" />
  <testcase classname="ptolemy.util.test.junit.AutoTests" name="[169] /home/travis/build/icyphy/ptII/ptolemy/actor/lib/test/auto/ExpressionConcatenateArrayType.xml (RunModel)" time="0.056" />
  <testcase classname="ptolemy.util.test.junit.AutoTests" name="[170] /home/travis/build/icyphy/ptII/ptolemy/actor/lib/test/auto/ExpressionConcatenateArrayType2.xml (RunModel)" time="0.031" />
  <testcase classname="ptolemy.util.test.junit.AutoTests" name="[171] /home/travis/build/icyphy/ptII/ptolemy/actor/lib/test/auto/ExpressionFix.xml (RunModel)" time="0.053" />
  <testcase classname="ptolemy.util.test.junit.AutoTests" name="[172] /home/travis/build/icyphy/ptII/ptolemy/actor/lib/test/auto/ExpressionFix2.xml (RunModel)" time="0.012" />
  <testcase classname="ptolemy.util.test.junit.AutoTests" name="[173] /home/travis/build/icyphy/ptII/ptolemy/actor/lib/test/auto/ExpressionFix3.xml (RunModel)" time="0.014" />
  <testcase classname="ptolemy.util.test.junit.AutoTests" name="[174] /home/travis/build/icyphy/ptII/ptolemy/actor/lib/test/auto/FileWriter1.xml (RunModel)" time="0.012" />
  <testcase classname="ptolemy.util.test.junit.AutoTests" name="[175] /home/travis/build/icyphy/ptII/ptolemy/actor/lib/test/auto/FileWriter2.xml (RunModel)" time="0.012" />
  <testcase classname="ptolemy.util.test.junit.AutoTests" name="[176] /home/travis/build/icyphy/ptII/ptolemy/actor/lib/test/auto/FileWriter3.xml (RunModel)" time="0.018" />
  <testcase classname="ptolemy.util.test.junit.AutoTests" name="[177] /home/travis/build/icyphy/ptII/ptolemy/actor/lib/test/auto/Gaussian.xml (RunModel)" time="0.014" />
  <testcase classname="ptolemy.util.test.junit.AutoTests" name="[178] /home/travis/build/icyphy/ptII/ptolemy/actor/lib/test/auto/Gaussian1.xml (RunModel)" time="0.024" />
  <testcase classname="ptolemy.util.test.junit.AutoTests" name="[179] /home/travis/build/icyphy/ptII/ptolemy/actor/lib/test/auto/Gaussian2.xml (RunModel)" time="0.028" />
  <testcase classname="ptolemy.util.test.junit.AutoTests" name="[180] /home/travis/build/icyphy/ptII/ptolemy/actor/lib/test/auto/GradientAdaptiveLattice.xml (RunModel)" time="0.027" />
  <testcase classname="ptolemy.util.test.junit.AutoTests" name="[181] /home/travis/build/icyphy/ptII/ptolemy/actor/lib/test/auto/IIR.xml (RunModel)" time="0.013" />
  <testcase classname="ptolemy.util.test.junit.AutoTests" name="[182] /home/travis/build/icyphy/ptII/ptolemy/actor/lib/test/auto/InputOutputTransparentPorts.xml (RunModel)" time="0.025" />
  <testcase classname="ptolemy.util.test.junit.AutoTests" name="[183] /home/travis/build/icyphy/ptII/ptolemy/actor/lib/test/auto/Interpolator.xml (RunModel)" time="0.016" />
  <testcase classname="ptolemy.util.test.junit.AutoTests" name="[184] /home/travis/build/icyphy/ptII/ptolemy/actor/lib/test/auto/InterpolatorFiringLimitDE.xml (RunModel)" time="0.021" />
  <testcase classname="ptolemy.util.test.junit.AutoTests" name="[185] /home/travis/build/icyphy/ptII/ptolemy/actor/lib/test/auto/Lattice.xml (RunModel)" time="0.011" />
  <testcase classname="ptolemy.util.test.junit.AutoTests" name="[186] /home/travis/build/icyphy/ptII/ptolemy/actor/lib/test/auto/LazyAOCTestLazy.xml (RunModel)" time="0.032" />
  <testcase classname="ptolemy.util.test.junit.AutoTests" name="[187] /home/travis/build/icyphy/ptII/ptolemy/actor/lib/test/auto/LazyAOCTestNonLazy.xml (RunModel)" time="0.061" />
  <testcase classname="ptolemy.util.test.junit.AutoTests" name="[188] /home/travis/build/icyphy/ptII/ptolemy/actor/lib/test/auto/LazyInnerClass.xml (RunModel)" time="0.06" />
  <testcase classname="ptolemy.util.test.junit.AutoTests" name="[189] /home/travis/build/icyphy/ptII/ptolemy/actor/lib/test/auto/LazyPubSub.xml (RunModel)" time="0.088" />
  <testcase classname="ptolemy.util.test.junit.AutoTests" name="[190] /home/travis/build/icyphy/ptII/ptolemy/actor/lib/test/auto/LazyPubSub2.xml (RunModel)" time="0.08" />
  <testcase classname="ptolemy.util.test.junit.AutoTests" name="[191] /home/travis/build/icyphy/ptII/ptolemy/actor/lib/test/auto/LazyPubSub3.xml (RunModel)" time="0.036" />
  <testcase classname="ptolemy.util.test.junit.AutoTests" name="[192] /home/travis/build/icyphy/ptII/ptolemy/actor/lib/test/auto/LazySubClassModel.xml (RunModel)" time="0.035" />
  <testcase classname="ptolemy.util.test.junit.AutoTests" name="[193] /home/travis/build/icyphy/ptII/ptolemy/actor/lib/test/auto/LevelCrossTest1.xml (RunModel)" time="0.017" />
  <testcase classname="ptolemy.util.test.junit.AutoTests" name="[194] /home/travis/build/icyphy/ptII/ptolemy/actor/lib/test/auto/LevelCrossTest10.xml (RunModel)" time="0.02" />
  <testcase classname="ptolemy.util.test.junit.AutoTests" name="[195] /home/travis/build/icyphy/ptII/ptolemy/actor/lib/test/auto/LevelCrossTest11.xml (RunModel)" time="0.023" />
  <testcase classname="ptolemy.util.test.junit.AutoTests" name="[196] /home/travis/build/icyphy/ptII/ptolemy/actor/lib/test/auto/LevelCrossTest12.xml (RunModel)" time="0.018" />
  <testcase classname="ptolemy.util.test.junit.AutoTests" name="[197] /home/travis/build/icyphy/ptII/ptolemy/actor/lib/test/auto/LevelCrossTest13.xml (RunModel)" time="0.018" />
  <testcase classname="ptolemy.util.test.junit.AutoTests" name="[198] /home/travis/build/icyphy/ptII/ptolemy/actor/lib/test/auto/LevelCrossTest2.xml (RunModel)" time="0.023" />
  <testcase classname="ptolemy.util.test.junit.AutoTests" name="[199] /home/travis/build/icyphy/ptII/ptolemy/actor/lib/test/auto/LevelCrossTest3.xml (RunModel)" time="0.018" />
  <testcase classname="ptolemy.util.test.junit.AutoTests" name="[200] /home/travis/build/icyphy/ptII/ptolemy/actor/lib/test/auto/LevelCrossTest4.xml (RunModel)" time="0.015" />
  <testcase classname="ptolemy.util.test.junit.AutoTests" name="[201] /home/travis/build/icyphy/ptII/ptolemy/actor/lib/test/auto/LevelCrossTest5.xml (RunModel)" time="0.019" />
  <testcase classname="ptolemy.util.test.junit.AutoTests" name="[202] /home/travis/build/icyphy/ptII/ptolemy/actor/lib/test/auto/LevelCrossTest6.xml (RunModel)" time="0.025" />
  <testcase classname="ptolemy.util.test.junit.AutoTests" name="[203] /home/travis/build/icyphy/ptII/ptolemy/actor/lib/test/auto/LevelCrossTest7.xml (RunModel)" time="0.023" />
  <testcase classname="ptolemy.util.test.junit.AutoTests" name="[204] /home/travis/build/icyphy/ptII/ptolemy/actor/lib/test/auto/LevelCrossTest8.xml (RunModel)" time="0.02" />
  <testcase classname="ptolemy.util.test.junit.AutoTests" name="[205] /home/travis/build/icyphy/ptII/ptolemy/actor/lib/test/auto/LevelCrossTest9.xml (RunModel)" time="0.029" />
  <testcase classname="ptolemy.util.test.junit.AutoTests" name="[206] /home/travis/build/icyphy/ptII/ptolemy/actor/lib/test/auto/LevinsonDurbin.xml (RunModel)" time="0.015" />
  <testcase classname="ptolemy.util.test.junit.AutoTests" name="[207] /home/travis/build/icyphy/ptII/ptolemy/actor/lib/test/auto/LevinsonDurbin2.xml (RunModel)" time="0.011" />
  <testcase classname="ptolemy.util.test.junit.AutoTests" name="[208] /home/travis/build/icyphy/ptII/ptolemy/actor/lib/test/auto/LevinsonDurbin3.xml (RunModel)" time="0.02" />
  <testcase classname="ptolemy.util.test.junit.AutoTests" name="[209] /home/travis/build/icyphy/ptII/ptolemy/actor/lib/test/auto/Limiter.xml (RunModel)" time="0.044" />
  <testcase classname="ptolemy.util.test.junit.AutoTests" name="[210] /home/travis/build/icyphy/ptII/ptolemy/actor/lib/test/auto/LinearDifferenceEquationSystem.xml (RunModel)" time="0.033" />
  <testcase classname="ptolemy.util.test.junit.AutoTests" name="[211] /home/travis/build/icyphy/ptII/ptolemy/actor/lib/test/auto/LookupTable.xml (RunModel)" time="0.024" />
  <testcase classname="ptolemy.util.test.junit.AutoTests" name="[212] /home/travis/build/icyphy/ptII/ptolemy/actor/lib/test/auto/MathFunction.xml (RunModel)" time="0.031" />
  <testcase classname="ptolemy.util.test.junit.AutoTests" name="[213] /home/travis/build/icyphy/ptII/ptolemy/actor/lib/test/auto/MathFunction2.xml (RunModel)" time="0.012" />
  <testcase classname="ptolemy.util.test.junit.AutoTests" name="[214] /home/travis/build/icyphy/ptII/ptolemy/actor/lib/test/auto/MathFunction3.xml (RunModel)" time="0.023" />
  <testcase classname="ptolemy.util.test.junit.AutoTests" name="[215] /home/travis/build/icyphy/ptII/ptolemy/actor/lib/test/auto/MatrixCropBoolean.xml (RunModel)" time="0.013" />
  <testcase classname="ptolemy.util.test.junit.AutoTests" name="[216] /home/travis/build/icyphy/ptII/ptolemy/actor/lib/test/auto/MatrixCropComplex.xml (RunModel)" time="0.016" />
  <testcase classname="ptolemy.util.test.junit.AutoTests" name="[217] /home/travis/build/icyphy/ptII/ptolemy/actor/lib/test/auto/MatrixCropDouble.xml (RunModel)" time="0.012" />
  <testcase classname="ptolemy.util.test.junit.AutoTests" name="[218] /home/travis/build/icyphy/ptII/ptolemy/actor/lib/test/auto/MatrixCropFix.xml (RunModel)" time="0.013" />
  <testcase classname="ptolemy.util.test.junit.AutoTests" name="[219] /home/travis/build/icyphy/ptII/ptolemy/actor/lib/test/auto/MatrixCropInt.xml (RunModel)" time="0.012" />
  <testcase classname="ptolemy.util.test.junit.AutoTests" name="[220] /home/travis/build/icyphy/ptII/ptolemy/actor/lib/test/auto/MatrixCropLong.xml (RunModel)" time="0.013" />
  <testcase classname="ptolemy.util.test.junit.AutoTests" name="[221] /home/travis/build/icyphy/ptII/ptolemy/actor/lib/test/auto/MatrixToArray.xml (RunModel)" time="0.065" />
  <testcase classname="ptolemy.util.test.junit.AutoTests" name="[222] /home/travis/build/icyphy/ptII/ptolemy/actor/lib/test/auto/MaxIndex.xml (RunModel)" time="0.017" />
  <testcase classname="ptolemy.util.test.junit.AutoTests" name="[223] /home/travis/build/icyphy/ptII/ptolemy/actor/lib/test/auto/Maximum.xml (RunModel)" time="0.018" />
  <testcase classname="ptolemy.util.test.junit.AutoTests" name="[224] /home/travis/build/icyphy/ptII/ptolemy/actor/lib/test/auto/MaximumComplex.xml (RunModel)" time="0.019" />
  <testcase classname="ptolemy.util.test.junit.AutoTests" name="[225] /home/travis/build/icyphy/ptII/ptolemy/actor/lib/test/auto/MethodCallTest.xml (RunModel)" time="0.026" />
  <testcase classname="ptolemy.util.test.junit.AutoTests" name="[226] /home/travis/build/icyphy/ptII/ptolemy/actor/lib/test/auto/Minimum.xml (RunModel)" time="0.017" />
  <testcase classname="ptolemy.util.test.junit.AutoTests" name="[227] /home/travis/build/icyphy/ptII/ptolemy/actor/lib/test/auto/MinimumComplex.xml (RunModel)" time="0.017" />
  <testcase classname="ptolemy.util.test.junit.AutoTests" name="[228] /home/travis/build/icyphy/ptII/ptolemy/actor/lib/test/auto/MinimumMultiports.xml (RunModel)" time="0.025" />
  <testcase classname="ptolemy.util.test.junit.AutoTests" name="[229] /home/travis/build/icyphy/ptII/ptolemy/actor/lib/test/auto/ModifyDate.xml (RunModel)" time="0.052" />
  <testcase classname="ptolemy.util.test.junit.AutoTests" name="[230] /home/travis/build/icyphy/ptII/ptolemy/actor/lib/test/auto/ModifyDate2.xml (RunModel)" time="0.04" />
  <testcase classname="ptolemy.util.test.junit.AutoTests" name="[231] /home/travis/build/icyphy/ptII/ptolemy/actor/lib/test/auto/MovingAverage.xml (RunModel)" time="0.015" />
  <testcase classname="ptolemy.util.test.junit.AutoTests" name="[232] /home/travis/build/icyphy/ptII/ptolemy/actor/lib/test/auto/MovingMaximum.xml (RunModel)" time="0.013" />
  <testcase classname="ptolemy.util.test.junit.AutoTests" name="[233] /home/travis/build/icyphy/ptII/ptolemy/actor/lib/test/auto/MultipleLinksToSameRelation.xml (RunModel)" time="0.009" />
  <testcase classname="ptolemy.util.test.junit.AutoTests" name="[234] /home/travis/build/icyphy/ptII/ptolemy/actor/lib/test/auto/MultipleLinksToSameRelationDE.xml (RunModel)" time="0.011" />
  <testcase classname="ptolemy.util.test.junit.AutoTests" name="[235] /home/travis/build/icyphy/ptII/ptolemy/actor/lib/test/auto/Multiplexor.xml (RunModel)" time="0.015" />
  <testcase classname="ptolemy.util.test.junit.AutoTests" name="[236] /home/travis/build/icyphy/ptII/ptolemy/actor/lib/test/auto/Multiplexor1.xml (RunModel)" time="0.015" />
  <testcase classname="ptolemy.util.test.junit.AutoTests" name="[237] /home/travis/build/icyphy/ptII/ptolemy/actor/lib/test/auto/Multiplexor2.xml (RunModel)" time="0.017" />
  <testcase classname="ptolemy.util.test.junit.AutoTests" name="[238] /home/travis/build/icyphy/ptII/ptolemy/actor/lib/test/auto/Multiplexor3.xml (RunModel)" time="0.013" />
  <testcase classname="ptolemy.util.test.junit.AutoTests" name="[239] /home/travis/build/icyphy/ptII/ptolemy/actor/lib/test/auto/MultiplexorDE.xml (RunModel)" time="0.025" />
  <testcase classname="ptolemy.util.test.junit.AutoTests" name="[240] /home/travis/build/icyphy/ptII/ptolemy/actor/lib/test/auto/MultiportBroadcastTest.xml (RunModel)" time="0.114" />
  <testcase classname="ptolemy.util.test.junit.AutoTests" name="[241] /home/travis/build/icyphy/ptII/ptolemy/actor/lib/test/auto/MultiportOutHangDuringGetWidth.xml (RunModel)" time="0.052" />
  <testcase classname="ptolemy.util.test.junit.AutoTests" name="[242] /home/travis/build/icyphy/ptII/ptolemy/actor/lib/test/auto/NilToken.xml (RunModel)" time="0.01" />
  <testcase classname="ptolemy.util.test.junit.AutoTests" name="[243] /home/travis/build/icyphy/ptII/ptolemy/actor/lib/test/auto/NilTokenNonStrictTest.xml (RunModel)" time="0.026" />
  <testcase classname="ptolemy.util.test.junit.AutoTests" name="[244] /home/travis/build/icyphy/ptII/ptolemy/actor/lib/test/auto/NilTokenRecord.xml (RunModel)" time="0.028" />
  <testcase classname="ptolemy.util.test.junit.AutoTests" name="[245] /home/travis/build/icyphy/ptII/ptolemy/actor/lib/test/auto/NilTokenTypeTest.xml (RunModel)" time="0.042" />
  <testcase classname="ptolemy.util.test.junit.AutoTests" name="[246] /home/travis/build/icyphy/ptII/ptolemy/actor/lib/test/auto/ObjectToken1.xml (RunModel)" time="0.012" />
  <testcase classname="ptolemy.util.test.junit.AutoTests" name="[247] /home/travis/build/icyphy/ptII/ptolemy/actor/lib/test/auto/OrderedMerge.xml (RunModel)" time="0.016" />
  <testcase classname="ptolemy.util.test.junit.AutoTests" name="[248] /home/travis/build/icyphy/ptII/ptolemy/actor/lib/test/auto/OrderedRecordDisassembler.xml (RunModel)" time="0.023" />
  <testcase classname="ptolemy.util.test.junit.AutoTests" name="[249] /home/travis/build/icyphy/ptII/ptolemy/actor/lib/test/auto/OrderedRecordDisassembler2.xml (RunModel)" time="0.024" />
  <testcase classname="ptolemy.util.test.junit.AutoTests" name="[250] /home/travis/build/icyphy/ptII/ptolemy/actor/lib/test/auto/OrderedRecordUpdater.xml (RunModel)" time="0.015" />
  <testcase classname="ptolemy.util.test.junit.AutoTests" name="[251] /home/travis/build/icyphy/ptII/ptolemy/actor/lib/test/auto/OrderedRecordUpdater2.xml (RunModel)" time="0.013" />
  <testcase classname="ptolemy.util.test.junit.AutoTests" name="[252] /home/travis/build/icyphy/ptII/ptolemy/actor/lib/test/auto/PhaseUnwrap.xml (RunModel)" time="0.016" />
  <testcase classname="ptolemy.util.test.junit.AutoTests" name="[253] /home/travis/build/icyphy/ptII/ptolemy/actor/lib/test/auto/PoissonClock.xml (RunModel)" time="0.012" />
  <testcase classname="ptolemy.util.test.junit.AutoTests" name="[254] /home/travis/build/icyphy/ptII/ptolemy/actor/lib/test/auto/PoissonClock2.xml (RunModel)" time="0.015" />
  <testcase classname="ptolemy.util.test.junit.AutoTests" name="[255] /home/travis/build/icyphy/ptII/ptolemy/actor/lib/test/auto/PoissonClock3.xml (RunModel)" time="0.018" />
  <testcase classname="ptolemy.util.test.junit.AutoTests" name="[256] /home/travis/build/icyphy/ptII/ptolemy/actor/lib/test/auto/PubSubWithInitialTokens.xml (RunModel)" time="0.015" />
  <testcase classname="ptolemy.util.test.junit.AutoTests" name="[257] /home/travis/build/icyphy/ptII/ptolemy/actor/lib/test/auto/PubSubWithInitialTokens2.xml (RunModel)" time="0.015" />
  <testcase classname="ptolemy.util.test.junit.AutoTests" name="[258] /home/travis/build/icyphy/ptII/ptolemy/actor/lib/test/auto/PublisherClassNoParameter.xml (RunModel)" time="0.032" />
  <testcase classname="ptolemy.util.test.junit.AutoTests" name="[259] /home/travis/build/icyphy/ptII/ptolemy/actor/lib/test/auto/PublisherClassParameter.xml (RunModel)" time="0.033" />
  <testcase classname="ptolemy.util.test.junit.AutoTests" name="[260] /home/travis/build/icyphy/ptII/ptolemy/actor/lib/test/auto/PublisherNonStrictTest.xml (RunModel)" time="0.021" />
  <testcase classname="ptolemy.util.test.junit.AutoTests" name="[261] /home/travis/build/icyphy/ptII/ptolemy/actor/lib/test/auto/PublisherPort1.xml (RunModel)" time="0.014" />
  <testcase classname="ptolemy.util.test.junit.AutoTests" name="[262] /home/travis/build/icyphy/ptII/ptolemy/actor/lib/test/auto/PublisherPort2.xml (RunModel)" time="0.019" />
  <testcase classname="ptolemy.util.test.junit.AutoTests" name="[263] /home/travis/build/icyphy/ptII/ptolemy/actor/lib/test/auto/PublisherPort3.xml (RunModel)" time="0.025" />
  <testcase classname="ptolemy.util.test.junit.AutoTests" name="[264] /home/travis/build/icyphy/ptII/ptolemy/actor/lib/test/auto/PublisherPort4.xml (RunModel)" time="0.015" />
  <testcase classname="ptolemy.util.test.junit.AutoTests" name="[265] /home/travis/build/icyphy/ptII/ptolemy/actor/lib/test/auto/PublisherPort5.xml (RunModel)" time="0.022" />
  <testcase classname="ptolemy.util.test.junit.AutoTests" name="[266] /home/travis/build/icyphy/ptII/ptolemy/actor/lib/test/auto/PublisherPort5LookAlike.xml (RunModel)" time="0.028" />
  <testcase classname="ptolemy.util.test.junit.AutoTests" name="[267] /home/travis/build/icyphy/ptII/ptolemy/actor/lib/test/auto/PublisherPort6.xml (RunModel)" time="0.019" />
  <testcase classname="ptolemy.util.test.junit.AutoTests" name="[268] /home/travis/build/icyphy/ptII/ptolemy/actor/lib/test/auto/PublisherPort7.xml (RunModel)" time="0.023" />
  <testcase classname="ptolemy.util.test.junit.AutoTests" name="[269] /home/travis/build/icyphy/ptII/ptolemy/actor/lib/test/auto/PublisherPort8.xml (RunModel)" time="0.025" />
  <testcase classname="ptolemy.util.test.junit.AutoTests" name="[270] /home/travis/build/icyphy/ptII/ptolemy/actor/lib/test/auto/PublisherPortSubscriberChannelVariablesAOC2.xml (RunModel)" time="0.07" />
  <testcase classname="ptolemy.util.test.junit.AutoTests" name="[271] /home/travis/build/icyphy/ptII/ptolemy/actor/lib/test/auto/PublisherPortSubscriberOpaqueWidthInference.xml (RunModel)" time="0.026" />
  <testcase classname="ptolemy.util.test.junit.AutoTests" name="[272] /home/travis/build/icyphy/ptII/ptolemy/actor/lib/test/auto/PublisherPortSubscriberPortAdjacent.xml (RunModel)" time="0.028" />
  <testcase classname="ptolemy.util.test.junit.AutoTests" name="[273] /home/travis/build/icyphy/ptII/ptolemy/actor/lib/test/auto/PublisherPortSubscriberPortExpression.xml (RunModel)" time="0.025" />
  <testcase classname="ptolemy.util.test.junit.AutoTests" name="[274] /home/travis/build/icyphy/ptII/ptolemy/actor/lib/test/auto/PublisherPortSubscriberPortOpaqueD3Reverse.xml (RunModel)" time="0.051" />
  <testcase classname="ptolemy.util.test.junit.AutoTests" name="[275] /home/travis/build/icyphy/ptII/ptolemy/actor/lib/test/auto/PublisherPortSubscriberPortOpaqueWidthInference.xml (RunModel)" time="0.024" />
  <testcase classname="ptolemy.util.test.junit.AutoTests" name="[276] /home/travis/build/icyphy/ptII/ptolemy/actor/lib/test/auto/PublisherPortToplevelSubscriberPortAOC.xml (RunModel)" time="0.016" />
  <testcase classname="ptolemy.util.test.junit.AutoTests" name="[277] /home/travis/build/icyphy/ptII/ptolemy/actor/lib/test/auto/PublisherSubscriber.xml (RunModel)" time="0.02" />
  <testcase classname="ptolemy.util.test.junit.AutoTests" name="[278] /home/travis/build/icyphy/ptII/ptolemy/actor/lib/test/auto/PublisherSubscriber10.xml (RunModel)" time="0.029" />
  <testcase classname="ptolemy.util.test.junit.AutoTests" name="[279] /home/travis/build/icyphy/ptII/ptolemy/actor/lib/test/auto/PublisherSubscriber10InitialOutputs.xml (RunModel)" time="0.044" />
  <testcase classname="ptolemy.util.test.junit.AutoTests" name="[280] /home/travis/build/icyphy/ptII/ptolemy/actor/lib/test/auto/PublisherSubscriber11.xml (RunModel)" time="0.021" />
  <testcase classname="ptolemy.util.test.junit.AutoTests" name="[281] /home/travis/build/icyphy/ptII/ptolemy/actor/lib/test/auto/PublisherSubscriber12.xml (RunModel)" time="0.027" />
  <testcase classname="ptolemy.util.test.junit.AutoTests" name="[282] /home/travis/build/icyphy/ptII/ptolemy/actor/lib/test/auto/PublisherSubscriber13.xml (RunModel)" time="0.015" />
  <testcase classname="ptolemy.util.test.junit.AutoTests" name="[283] /home/travis/build/icyphy/ptII/ptolemy/actor/lib/test/auto/PublisherSubscriber14.xml (RunModel)" time="0.024" />
  <testcase classname="ptolemy.util.test.junit.AutoTests" name="[284] /home/travis/build/icyphy/ptII/ptolemy/actor/lib/test/auto/PublisherSubscriber2.xml (RunModel)" time="0.016" />
  <testcase classname="ptolemy.util.test.junit.AutoTests" name="[285] /home/travis/build/icyphy/ptII/ptolemy/actor/lib/test/auto/PublisherSubscriber3.xml (RunModel)" time="0.016" />
  <testcase classname="ptolemy.util.test.junit.AutoTests" name="[286] /home/travis/build/icyphy/ptII/ptolemy/actor/lib/test/auto/PublisherSubscriber4.xml (RunModel)" time="0.013" />
  <testcase classname="ptolemy.util.test.junit.AutoTests" name="[287] /home/travis/build/icyphy/ptII/ptolemy/actor/lib/test/auto/PublisherSubscriber5.xml (RunModel)" time="0.02" />
  <testcase classname="ptolemy.util.test.junit.AutoTests" name="[288] /home/travis/build/icyphy/ptII/ptolemy/actor/lib/test/auto/PublisherSubscriber6.xml (RunModel)" time="0.021" />
  <testcase classname="ptolemy.util.test.junit.AutoTests" name="[289] /home/travis/build/icyphy/ptII/ptolemy/actor/lib/test/auto/PublisherSubscriber7.xml (RunModel)" time="0.03" />
  <testcase classname="ptolemy.util.test.junit.AutoTests" name="[290] /home/travis/build/icyphy/ptII/ptolemy/actor/lib/test/auto/PublisherSubscriber8.xml (RunModel)" time="0.047" />
  <testcase classname="ptolemy.util.test.junit.AutoTests" name="[291] /home/travis/build/icyphy/ptII/ptolemy/actor/lib/test/auto/PublisherSubscriber9.xml (RunModel)" time="0.026" />
  <testcase classname="ptolemy.util.test.junit.AutoTests" name="[292] /home/travis/build/icyphy/ptII/ptolemy/actor/lib/test/auto/PublisherSubscriberAdjacent.xml (RunModel)" time="0.026" />
  <testcase classname="ptolemy.util.test.junit.AutoTests" name="[293] /home/travis/build/icyphy/ptII/ptolemy/actor/lib/test/auto/PublisherSubscriberChannelVariablesAOC2.xml (RunModel)" time="0.047" />
  <testcase classname="ptolemy.util.test.junit.AutoTests" name="[294] /home/travis/build/icyphy/ptII/ptolemy/actor/lib/test/auto/PublisherSubscriberD3.xml (RunModel)" time="0.02" />
  <testcase classname="ptolemy.util.test.junit.AutoTests" name="[295] /home/travis/build/icyphy/ptII/ptolemy/actor/lib/test/auto/PublisherSubscriberD3Reverse.xml (RunModel)" time="0.017" />
  <testcase classname="ptolemy.util.test.junit.AutoTests" name="[296] /home/travis/build/icyphy/ptII/ptolemy/actor/lib/test/auto/PublisherSubscriberExpression.xml (RunModel)" time="0.026" />
  <testcase classname="ptolemy.util.test.junit.AutoTests" name="[297] /home/travis/build/icyphy/ptII/ptolemy/actor/lib/test/auto/PublisherSubscriberOpaque.xml (RunModel)" time="0.025" />
  <testcase classname="ptolemy.util.test.junit.AutoTests" name="[298] /home/travis/build/icyphy/ptII/ptolemy/actor/lib/test/auto/PublisherSubscriberOpaqueD3.xml (RunModel)" time="0.032" />
  <testcase classname="ptolemy.util.test.junit.AutoTests" name="[299] /home/travis/build/icyphy/ptII/ptolemy/actor/lib/test/auto/PublisherSubscriberOpaqueD3Reverse.xml (RunModel)" time="0.03" />
  <testcase classname="ptolemy.util.test.junit.AutoTests" name="[300] /home/travis/build/icyphy/ptII/ptolemy/actor/lib/test/auto/PublisherSubscriberOpaqueWidthInference.xml (RunModel)" time="0.026" />
  <testcase classname="ptolemy.util.test.junit.AutoTests" name="[301] /home/travis/build/icyphy/ptII/ptolemy/actor/lib/test/auto/PublisherTestSubscriber.xml (RunModel)" time="0.022" />
  <testcase classname="ptolemy.util.test.junit.AutoTests" name="[302] /home/travis/build/icyphy/ptII/ptolemy/actor/lib/test/auto/PublisherToplevelSubscriberPortAOC.xml (RunModel)" time="0.015" />
  <testcase classname="ptolemy.util.test.junit.AutoTests" name="[303] /home/travis/build/icyphy/ptII/ptolemy/actor/lib/test/auto/PulseFiringLimitDE.xml (RunModel)" time="0.022" />
  <testcase classname="ptolemy.util.test.junit.AutoTests" name="[304] /home/travis/build/icyphy/ptII/ptolemy/actor/lib/test/auto/Ramp1.xml (RunModel)" time="0.008" />
  <testcase classname="ptolemy.util.test.junit.AutoTests" name="[305] /home/travis/build/icyphy/ptII/ptolemy/actor/lib/test/auto/RampFiringLimitDE.xml (RunModel)" time="0.016" />
  <testcase classname="ptolemy.util.test.junit.AutoTests" name="[306] /home/travis/build/icyphy/ptII/ptolemy/actor/lib/test/auto/RampFiringLimitSDF.xml (RunModel)" time="0.014" />
  <testcase classname="ptolemy.util.test.junit.AutoTests" name="[307] /home/travis/build/icyphy/ptII/ptolemy/actor/lib/test/auto/RandomInteger.xml (RunModel)" time="0.012" />
  <testcase classname="ptolemy.util.test.junit.AutoTests" name="[308] /home/travis/build/icyphy/ptII/ptolemy/actor/lib/test/auto/ReadFile1.xml (RunModel)" time="0.012" />
  <testcase classname="ptolemy.util.test.junit.AutoTests" name="[309] /home/travis/build/icyphy/ptII/ptolemy/actor/lib/test/auto/ReadFile2.xml (RunModel)" time="0.011" />
  <testcase classname="ptolemy.util.test.junit.AutoTests" name="[310] /home/travis/build/icyphy/ptII/ptolemy/actor/lib/test/auto/Reader.xml (RunModel)" time="0.012" />
  <testcase classname="ptolemy.util.test.junit.AutoTests" name="[311] /home/travis/build/icyphy/ptII/ptolemy/actor/lib/test/auto/RecordAssemblerDisplayNameTest.xml (RunModel)" time="6.108" />
  <testcase classname="ptolemy.util.test.junit.AutoTests" name="[312] /home/travis/build/icyphy/ptII/ptolemy/actor/lib/test/auto/RecordAssemblerTypeError.xml (RunModel)" time="0.051" />
  <testcase classname="ptolemy.util.test.junit.AutoTests" name="[313] /home/travis/build/icyphy/ptII/ptolemy/actor/lib/test/auto/RecordDisassember.xml (RunModel)" time="0.022" />
  <testcase classname="ptolemy.util.test.junit.AutoTests" name="[314] /home/travis/build/icyphy/ptII/ptolemy/actor/lib/test/auto/RecordDisassemberDisplayNameTest.xml (RunModel)" time="0.03" />
  <testcase classname="ptolemy.util.test.junit.AutoTests" name="[315] /home/travis/build/icyphy/ptII/ptolemy/actor/lib/test/auto/RecordDisassembler.xml (RunModel)" time="0.019" />
  <testcase classname="ptolemy.util.test.junit.AutoTests" name="[316] /home/travis/build/icyphy/ptII/ptolemy/actor/lib/test/auto/RecordDisassembler2.xml (RunModel)" time="0.015" />
  <testcase classname="ptolemy.util.test.junit.AutoTests" name="[317] /home/travis/build/icyphy/ptII/ptolemy/actor/lib/test/auto/RecordUpdater.xml (RunModel)" time="0.014" />
  <testcase classname="ptolemy.util.test.junit.AutoTests" name="[318] /home/travis/build/icyphy/ptII/ptolemy/actor/lib/test/auto/RecordUpdater2.xml (RunModel)" time="0.012" />
  <testcase classname="ptolemy.util.test.junit.AutoTests" name="[319] /home/travis/build/icyphy/ptII/ptolemy/actor/lib/test/auto/RecursiveLattice.xml (RunModel)" time="0.011" />
  <testcase classname="ptolemy.util.test.junit.AutoTests" name="[320] /home/travis/build/icyphy/ptII/ptolemy/actor/lib/test/auto/Router.xml (RunModel)" time="3.035" />
  <testcase classname="ptolemy.util.test.junit.AutoTests" name="[321] /home/travis/build/icyphy/ptII/ptolemy/actor/lib/test/auto/Router2.xml (RunModel)" time="3.029" />
  <testcase classname="ptolemy.util.test.junit.AutoTests" name="[322] /home/travis/build/icyphy/ptII/ptolemy/actor/lib/test/auto/RunningMaximum.xml (RunModel)" time="0.014" />
  <testcase classname="ptolemy.util.test.junit.AutoTests" name="[323] /home/travis/build/icyphy/ptII/ptolemy/actor/lib/test/auto/RunningMinimum.xml (RunModel)" time="0.013" />
  <testcase classname="ptolemy.util.test.junit.AutoTests" name="[324] /home/travis/build/icyphy/ptII/ptolemy/actor/lib/test/auto/Scale.xml (RunModel)" time="0.01" />
  <testcase classname="ptolemy.util.test.junit.AutoTests" name="[325] /home/travis/build/icyphy/ptII/ptolemy/actor/lib/test/auto/Scale2.xml (RunModel)" time="0.014" />
  <testcase classname="ptolemy.util.test.junit.AutoTests" name="[326] /home/travis/build/icyphy/ptII/ptolemy/actor/lib/test/auto/Scale3.xml (RunModel)" time="0.018" />
  <testcase classname="ptolemy.util.test.junit.AutoTests" name="[327] /home/travis/build/icyphy/ptII/ptolemy/actor/lib/test/auto/ScaleArray.xml (RunModel)" time="0.01" />
  <testcase classname="ptolemy.util.test.junit.AutoTests" name="[328] /home/travis/build/icyphy/ptII/ptolemy/actor/lib/test/auto/ScaleArray2.xml (RunModel)" time="0.01" />
  <testcase classname="ptolemy.util.test.junit.AutoTests" name="[329] /home/travis/build/icyphy/ptII/ptolemy/actor/lib/test/auto/ScaleMatrix.xml (RunModel)" time="0.2" />
  <testcase classname="ptolemy.util.test.junit.AutoTests" name="[330] /home/travis/build/icyphy/ptII/ptolemy/actor/lib/test/auto/Select.xml (RunModel)" time="0.022" />
  <testcase classname="ptolemy.util.test.junit.AutoTests" name="[331] /home/travis/build/icyphy/ptII/ptolemy/actor/lib/test/auto/Select2.xml (RunModel)" time="0.012" />
  <testcase classname="ptolemy.util.test.junit.AutoTests" name="[332] /home/travis/build/icyphy/ptII/ptolemy/actor/lib/test/auto/SequenceToArray2.xml (RunModel)" time="0.16" />
  <testcase classname="ptolemy.util.test.junit.AutoTests" name="[333] /home/travis/build/icyphy/ptII/ptolemy/actor/lib/test/auto/SequentialClock.xml (RunModel)" time="0.018" />
  <testcase classname="ptolemy.util.test.junit.AutoTests" name="[334] /home/travis/build/icyphy/ptII/ptolemy/actor/lib/test/auto/SetVariable.xml (RunModel)" time="0.015" />
  <testcase classname="ptolemy.util.test.junit.AutoTests" name="[335] /home/travis/build/icyphy/ptII/ptolemy/actor/lib/test/auto/SetVariable2.xml (RunModel)" time="0.017" />
  <testcase classname="ptolemy.util.test.junit.AutoTests" name="[336] /home/travis/build/icyphy/ptII/ptolemy/actor/lib/test/auto/SetVariable3.xml (RunModel)" time="0.024" />
  <testcase classname="ptolemy.util.test.junit.AutoTests" name="[337] /home/travis/build/icyphy/ptII/ptolemy/actor/lib/test/auto/SetVariable4.xml (RunModel)" time="0.035" />
  <testcase classname="ptolemy.util.test.junit.AutoTests" name="[338] /home/travis/build/icyphy/ptII/ptolemy/actor/lib/test/auto/SetVariable5.xml (RunModel)" time="0.052" />
  <testcase classname="ptolemy.util.test.junit.AutoTests" name="[339] /home/travis/build/icyphy/ptII/ptolemy/actor/lib/test/auto/Sinewave.xml (RunModel)" time="0.073" />
  <testcase classname="ptolemy.util.test.junit.AutoTests" name="[340] /home/travis/build/icyphy/ptII/ptolemy/actor/lib/test/auto/Sinewave2.xml (RunModel)" time="0.022" />
  <testcase classname="ptolemy.util.test.junit.AutoTests" name="[341] /home/travis/build/icyphy/ptII/ptolemy/actor/lib/test/auto/Sinewave3.xml (RunModel)" time="0.024" />
  <testcase classname="ptolemy.util.test.junit.AutoTests" name="[342] /home/travis/build/icyphy/ptII/ptolemy/actor/lib/test/auto/SingleEvent.xml (RunModel)" time="0.012" />
  <testcase classname="ptolemy.util.test.junit.AutoTests" name="[343] /home/travis/build/icyphy/ptII/ptolemy/actor/lib/test/auto/Sleep.xml (RunModel)" time="6.025" />
  <testcase classname="ptolemy.util.test.junit.AutoTests" name="[344] /home/travis/build/icyphy/ptII/ptolemy/actor/lib/test/auto/SleepMultipleFire.xml (RunModel)" time="1.029" />
  <testcase classname="ptolemy.util.test.junit.AutoTests" name="[345] /home/travis/build/icyphy/ptII/ptolemy/actor/lib/test/auto/StopDE.xml (RunModel)" time="0.019" />
  <testcase classname="ptolemy.util.test.junit.AutoTests" name="[346] /home/travis/build/icyphy/ptII/ptolemy/actor/lib/test/auto/StopSDF.xml (RunModel)" time="0.018" />
  <testcase classname="ptolemy.util.test.junit.AutoTests" name="[347] /home/travis/build/icyphy/ptII/ptolemy/actor/lib/test/auto/StringConstant.xml (RunModel)" time="0.012" />
  <testcase classname="ptolemy.util.test.junit.AutoTests" name="[348] /home/travis/build/icyphy/ptII/ptolemy/actor/lib/test/auto/SubscriberPortInitialValues1.xml (RunModel)" time="0.024" />
  <testcase classname="ptolemy.util.test.junit.AutoTests" name="[349] /home/travis/build/icyphy/ptII/ptolemy/actor/lib/test/auto/SubscriberPortInitialValues13.xml (RunModel)" time="0.034" />
  <testcase classname="ptolemy.util.test.junit.AutoTests" name="[350] /home/travis/build/icyphy/ptII/ptolemy/actor/lib/test/auto/SubscriberPortInitialValues14.xml (RunModel)" time="0.021" />
  <testcase classname="ptolemy.util.test.junit.AutoTests" name="[351] /home/travis/build/icyphy/ptII/ptolemy/actor/lib/test/auto/SubscriberPortInitialValues2.xml (RunModel)" time="0.022" />
  <testcase classname="ptolemy.util.test.junit.AutoTests" name="[352] /home/travis/build/icyphy/ptII/ptolemy/actor/lib/test/auto/SubscriberPortInitialValues3.xml (RunModel)" time="0.026" />
  <testcase classname="ptolemy.util.test.junit.AutoTests" name="[353] /home/travis/build/icyphy/ptII/ptolemy/actor/lib/test/auto/SubscriptionAggregator.xml (RunModel)" time="0.026" />
  <testcase classname="ptolemy.util.test.junit.AutoTests" name="[354] /home/travis/build/icyphy/ptII/ptolemy/actor/lib/test/auto/SubscriptionAggregator2.xml (RunModel)" time="0.015" />
  <testcase classname="ptolemy.util.test.junit.AutoTests" name="[355] /home/travis/build/icyphy/ptII/ptolemy/actor/lib/test/auto/SubscriptionAggregator3.xml (RunModel)" time="0.022" />
  <testcase classname="ptolemy.util.test.junit.AutoTests" name="[356] /home/travis/build/icyphy/ptII/ptolemy/actor/lib/test/auto/SubscriptionAggregatorMultiply.xml (RunModel)" time="0.021" />
  <testcase classname="ptolemy.util.test.junit.AutoTests" name="[357] /home/travis/build/icyphy/ptII/ptolemy/actor/lib/test/auto/SubscriptionAggregatorPortMultiply1.xml (RunModel)" time="0.02" />
  <testcase classname="ptolemy.util.test.junit.AutoTests" name="[358] /home/travis/build/icyphy/ptII/ptolemy/actor/lib/test/auto/Switch.xml (RunModel)" time="0.019" />
  <testcase classname="ptolemy.util.test.junit.AutoTests" name="[359] /home/travis/build/icyphy/ptII/ptolemy/actor/lib/test/auto/Switch2.xml (RunModel)" time="0.013" />
  <testcase classname="ptolemy.util.test.junit.AutoTests" name="[360] /home/travis/build/icyphy/ptII/ptolemy/actor/lib/test/auto/SwitchDE.xml (RunModel)" time="0.017" />
  <testcase classname="ptolemy.util.test.junit.AutoTests" name="[361] /home/travis/build/icyphy/ptII/ptolemy/actor/lib/test/auto/SynchronizerDE.xml (RunModel)" time="0.027" />
  <testcase classname="ptolemy.util.test.junit.AutoTests" name="[362] /home/travis/build/icyphy/ptII/ptolemy/actor/lib/test/auto/Test.xml (RunModel)" time="0.012" />
  <testcase classname="ptolemy.util.test.junit.AutoTests" name="[363] /home/travis/build/icyphy/ptII/ptolemy/actor/lib/test/auto/TestExceptionAttribute1.xml (RunModel)" time="0.007" />
  <testcase classname="ptolemy.util.test.junit.AutoTests" name="[364] /home/travis/build/icyphy/ptII/ptolemy/actor/lib/test/auto/TestExceptionAttribute2.xml (RunModel)" time="0.007" />
  <testcase classname="ptolemy.util.test.junit.AutoTests" name="[365] /home/travis/build/icyphy/ptII/ptolemy/actor/lib/test/auto/TestExceptionAttribute3.xml (RunModel)" time="0.007" />
  <testcase classname="ptolemy.util.test.junit.AutoTests" name="[366] /home/travis/build/icyphy/ptII/ptolemy/actor/lib/test/auto/TestExceptionAttribute4.xml (RunModel)" time="0.008" />
  <testcase classname="ptolemy.util.test.junit.AutoTests" name="[367] /home/travis/build/icyphy/ptII/ptolemy/actor/lib/test/auto/TestExceptionHandler1.xml (RunModel)" time="0.007" />
  <testcase classname="ptolemy.util.test.junit.AutoTests" name="[368] /home/travis/build/icyphy/ptII/ptolemy/actor/lib/test/auto/TestExceptionHandler2.xml (RunModel)" time="0.009" />
  <testcase classname="ptolemy.util.test.junit.AutoTests" name="[369] /home/travis/build/icyphy/ptII/ptolemy/actor/lib/test/auto/TestExceptionHandler3.xml (RunModel)" time="0.008" />
  <testcase classname="ptolemy.util.test.junit.AutoTests" name="[370] /home/travis/build/icyphy/ptII/ptolemy/actor/lib/test/auto/TestExceptionHandler4.xml (RunModel)" time="0.01" />
  <testcase classname="ptolemy.util.test.junit.AutoTests" name="[371] /home/travis/build/icyphy/ptII/ptolemy/actor/lib/test/auto/TestRequireCorrectOrder.xml (RunModel)" time="0.015" />
  <testcase classname="ptolemy.util.test.junit.AutoTests" name="[372] /home/travis/build/icyphy/ptII/ptolemy/actor/lib/test/auto/TestSimple.xml (RunModel)" time="0.008" />
  <testcase classname="ptolemy.util.test.junit.AutoTests" name="[373] /home/travis/build/icyphy/ptII/ptolemy/actor/lib/test/auto/ThrowModelError.xml (RunModel)" time="0.014" />
  <testcase classname="ptolemy.util.test.junit.AutoTests" name="[374] /home/travis/build/icyphy/ptII/ptolemy/actor/lib/test/auto/TimeDelayMicrosteps.xml (RunModel)" time="0.02" />
  <testcase classname="ptolemy.util.test.junit.AutoTests" name="[375] /home/travis/build/icyphy/ptII/ptolemy/actor/lib/test/auto/TimeDelayMicrosteps2.xml (RunModel)" time="0.023" />
  <testcase classname="ptolemy.util.test.junit.AutoTests" name="[376] /home/travis/build/icyphy/ptII/ptolemy/actor/lib/test/auto/TimeDelayMicrosteps3.xml (RunModel)" time="0.019" />
  <testcase classname="ptolemy.util.test.junit.AutoTests" name="[377] /home/travis/build/icyphy/ptII/ptolemy/actor/lib/test/auto/TimeDelayVariableMicrosteps.xml (RunModel)" time="0.017" />
  <testcase classname="ptolemy.util.test.junit.AutoTests" name="[378] /home/travis/build/icyphy/ptII/ptolemy/actor/lib/test/auto/TimeGap.xml (RunModel)" time="0.017" />
  <testcase classname="ptolemy.util.test.junit.AutoTests" name="[379] /home/travis/build/icyphy/ptII/ptolemy/actor/lib/test/auto/TimeGap2.xml (RunModel)" time="0.015" />
  <testcase classname="ptolemy.util.test.junit.AutoTests" name="[380] /home/travis/build/icyphy/ptII/ptolemy/actor/lib/test/auto/TimedSinewave.xml (RunModel)" time="0.063" />
  <testcase classname="ptolemy.util.test.junit.AutoTests" name="[381] /home/travis/build/icyphy/ptII/ptolemy/actor/lib/test/auto/TimedSinewavePhase.xml (RunModel)" time="0.057" />
  <testcase classname="ptolemy.util.test.junit.AutoTests" name="[382] /home/travis/build/icyphy/ptII/ptolemy/actor/lib/test/auto/Timer.xml (RunModel)" time="0.016" />
  <testcase classname="ptolemy.util.test.junit.AutoTests" name="[383] /home/travis/build/icyphy/ptII/ptolemy/actor/lib/test/auto/TriangularDistTestModel.xml (RunModel)" time="0.02" />
  <testcase classname="ptolemy.util.test.junit.AutoTests" name="[384] /home/travis/build/icyphy/ptII/ptolemy/actor/lib/test/auto/TrigFunction.xml (RunModel)" time="0.011" />
  <testcase classname="ptolemy.util.test.junit.AutoTests" name="[385] /home/travis/build/icyphy/ptII/ptolemy/actor/lib/test/auto/TrigFunctionDE.xml (RunModel)" time="0.016" />
  <testcase classname="ptolemy.util.test.junit.AutoTests" name="[386] /home/travis/build/icyphy/ptII/ptolemy/actor/lib/test/auto/TrigFunctionInverse.xml (RunModel)" time="0.013" />
  <testcase classname="ptolemy.util.test.junit.AutoTests" name="[387] /home/travis/build/icyphy/ptII/ptolemy/actor/lib/test/auto/TrigFunctionTan.xml (RunModel)" time="0.009" />
  <testcase classname="ptolemy.util.test.junit.AutoTests" name="[388] /home/travis/build/icyphy/ptII/ptolemy/actor/lib/test/auto/TriggeredClock.xml (RunModel)" time="0.013" />
  <testcase classname="ptolemy.util.test.junit.AutoTests" name="[389] /home/travis/build/icyphy/ptII/ptolemy/actor/lib/test/auto/URLDirectoryReader.xml (RunModel)" time="0.097" />
  <testcase classname="ptolemy.util.test.junit.AutoTests" name="[390] /home/travis/build/icyphy/ptII/ptolemy/actor/lib/test/auto/URLDirectoryReader3.xml (RunModel)" time="1.466" />
  <testcase classname="ptolemy.util.test.junit.AutoTests" name="[391] /home/travis/build/icyphy/ptII/ptolemy/actor/lib/test/auto/UnaryMathFunction.xml (RunModel)" time="0.063" />
  <testcase classname="ptolemy.util.test.junit.AutoTests" name="[392] /home/travis/build/icyphy/ptII/ptolemy/actor/lib/test/auto/Uniform.xml (RunModel)" time="0.045" />
  <testcase classname="ptolemy.util.test.junit.AutoTests" name="[393] /home/travis/build/icyphy/ptII/ptolemy/actor/lib/test/auto/UnionDisassemblerTest.xml (RunModel)" time="0.039" />
  <testcase classname="ptolemy.util.test.junit.AutoTests" name="[394] /home/travis/build/icyphy/ptII/ptolemy/actor/lib/test/auto/UtilityFunctions.xml (RunModel)" time="0.033" />
  <testcase classname="ptolemy.util.test.junit.AutoTests" name="[395] /home/travis/build/icyphy/ptII/ptolemy/actor/lib/test/auto/VariableSleep.xml (RunModel)" time="0.548" />
  <testcase classname="ptolemy.util.test.junit.AutoTests" name="[396] /home/travis/build/icyphy/ptII/ptolemy/actor/lib/test/auto/VectorAssemblerDisassemblerCT.xml (RunModel)" time="0.196" />
  <testcase classname="ptolemy.util.test.junit.AutoTests" name="[397] /home/travis/build/icyphy/ptII/ptolemy/actor/lib/test/auto/VectorAssemblerDisassemblerDE.xml (RunModel)" time="0.03" />
  <testcase classname="ptolemy.util.test.junit.AutoTests" name="[398] /home/travis/build/icyphy/ptII/ptolemy/actor/lib/test/auto/VectorAssemblerDisassemblerSDF.xml (RunModel)" time="0.022" />
  <testcase classname="ptolemy.util.test.junit.AutoTests" name="[399] /home/travis/build/icyphy/ptII/ptolemy/actor/lib/test/auto/WallClockTime.xml (RunModel)" time="1.018" />
  <testcase classname="ptolemy.util.test.junit.AutoTests" name="[400] /home/travis/build/icyphy/ptII/ptolemy/actor/lib/test/auto/WidthTestWithSubscriberPublisher.xml (RunModel)" time="0.06" />
  <testcase classname="ptolemy.util.test.junit.AutoTests" name="[401] /home/travis/build/icyphy/ptII/ptolemy/actor/lib/test/auto/WidthTestWithSubscriberPublisher2.xml (RunModel)" time="0.019" />
  <testcase classname="ptolemy.util.test.junit.AutoTests" name="[402] /home/travis/build/icyphy/ptII/ptolemy/actor/lib/test/auto/WidthTestWithSubscriberPublisher3.xml (RunModel)" time="0.015" />
  <testcase classname="ptolemy.util.test.junit.AutoTests" name="[403] /home/travis/build/icyphy/ptII/ptolemy/actor/lib/test/auto/Writer.xml (RunModel)" time="0.009" />
  <testcase classname="ptolemy.util.test.junit.AutoTests" name="[404] /home/travis/build/icyphy/ptII/ptolemy/actor/lib/test/auto/array.xml (RunModel)" time="0.017" />
  <testcase classname="ptolemy.util.test.junit.AutoTests" name="[405] /home/travis/build/icyphy/ptII/ptolemy/actor/lib/test/auto/array2.xml (RunModel)" time="0.017" />
  <testcase classname="ptolemy.util.test.junit.AutoTests" name="[406] /home/travis/build/icyphy/ptII/ptolemy/actor/lib/test/auto/arrayType.xml (RunModel)" time="0.042" />
  <testcase classname="ptolemy.util.test.junit.AutoTests" name="[407] /home/travis/build/icyphy/ptII/ptolemy/actor/lib/test/auto/arrayType10.xml (RunModel)" time="0.014" />
  <testcase classname="ptolemy.util.test.junit.AutoTests" name="[408] /home/travis/build/icyphy/ptII/ptolemy/actor/lib/test/auto/arrayType11.xml (RunModel)" time="0.012" />
  <testcase classname="ptolemy.util.test.junit.AutoTests" name="[409] /home/travis/build/icyphy/ptII/ptolemy/actor/lib/test/auto/arrayType12.xml (RunModel)" time="0.014" />
  <testcase classname="ptolemy.util.test.junit.AutoTests" name="[410] /home/travis/build/icyphy/ptII/ptolemy/actor/lib/test/auto/arrayType13.xml (RunModel)" time="0.013" />
  <testcase classname="ptolemy.util.test.junit.AutoTests" name="[411] /home/travis/build/icyphy/ptII/ptolemy/actor/lib/test/auto/arrayType14.xml (RunModel)" time="0.015" />
  <testcase classname="ptolemy.util.test.junit.AutoTests" name="[412] /home/travis/build/icyphy/ptII/ptolemy/actor/lib/test/auto/arrayType15.xml (RunModel)" time="0.017" />
  <testcase classname="ptolemy.util.test.junit.AutoTests" name="[413] /home/travis/build/icyphy/ptII/ptolemy/actor/lib/test/auto/arrayType16.xml (RunModel)" time="0.015" />
  <testcase classname="ptolemy.util.test.junit.AutoTests" name="[414] /home/travis/build/icyphy/ptII/ptolemy/actor/lib/test/auto/arrayType17.xml (RunModel)" time="0.012" />
  <testcase classname="ptolemy.util.test.junit.AutoTests" name="[415] /home/travis/build/icyphy/ptII/ptolemy/actor/lib/test/auto/arrayType18.xml (RunModel)" time="0.011" />
  <testcase classname="ptolemy.util.test.junit.AutoTests" name="[416] /home/travis/build/icyphy/ptII/ptolemy/actor/lib/test/auto/arrayType19.xml (RunModel)" time="0.012" />
  <testcase classname="ptolemy.util.test.junit.AutoTests" name="[417] /home/travis/build/icyphy/ptII/ptolemy/actor/lib/test/auto/arrayType2.xml (RunModel)" time="0.016" />
  <testcase classname="ptolemy.util.test.junit.AutoTests" name="[418] /home/travis/build/icyphy/ptII/ptolemy/actor/lib/test/auto/arrayType20.xml (RunModel)" time="0.012" />
  <testcase classname="ptolemy.util.test.junit.AutoTests" name="[419] /home/travis/build/icyphy/ptII/ptolemy/actor/lib/test/auto/arrayType21.xml (RunModel)" time="0.012" />
  <testcase classname="ptolemy.util.test.junit.AutoTests" name="[420] /home/travis/build/icyphy/ptII/ptolemy/actor/lib/test/auto/arrayType22.xml (RunModel)" time="0.013" />
  <testcase classname="ptolemy.util.test.junit.AutoTests" name="[421] /home/travis/build/icyphy/ptII/ptolemy/actor/lib/test/auto/arrayType23.xml (RunModel)" time="0.011" />
  <testcase classname="ptolemy.util.test.junit.AutoTests" name="[422] /home/travis/build/icyphy/ptII/ptolemy/actor/lib/test/auto/arrayType24.xml (RunModel)" time="0.012" />
  <testcase classname="ptolemy.util.test.junit.AutoTests" name="[423] /home/travis/build/icyphy/ptII/ptolemy/actor/lib/test/auto/arrayType25.xml (RunModel)" time="0.012" />
  <testcase classname="ptolemy.util.test.junit.AutoTests" name="[424] /home/travis/build/icyphy/ptII/ptolemy/actor/lib/test/auto/arrayType26.xml (RunModel)" time="0.013" />
  <testcase classname="ptolemy.util.test.junit.AutoTests" name="[425] /home/travis/build/icyphy/ptII/ptolemy/actor/lib/test/auto/arrayType27.xml (RunModel)" time="0.012" />
  <testcase classname="ptolemy.util.test.junit.AutoTests" name="[426] /home/travis/build/icyphy/ptII/ptolemy/actor/lib/test/auto/arrayType28.xml (RunModel)" time="0.012" />
  <testcase classname="ptolemy.util.test.junit.AutoTests" name="[427] /home/travis/build/icyphy/ptII/ptolemy/actor/lib/test/auto/arrayType3.xml (RunModel)" time="0.012" />
  <testcase classname="ptolemy.util.test.junit.AutoTests" name="[428] /home/travis/build/icyphy/ptII/ptolemy/actor/lib/test/auto/arrayType4.xml (RunModel)" time="0.013" />
  <testcase classname="ptolemy.util.test.junit.AutoTests" name="[429] /home/travis/build/icyphy/ptII/ptolemy/actor/lib/test/auto/arrayType5.xml (RunModel)" time="0.012" />
  <testcase classname="ptolemy.util.test.junit.AutoTests" name="[430] /home/travis/build/icyphy/ptII/ptolemy/actor/lib/test/auto/arrayType6.xml (RunModel)" time="0.011" />
  <testcase classname="ptolemy.util.test.junit.AutoTests" name="[431] /home/travis/build/icyphy/ptII/ptolemy/actor/lib/test/auto/arrayType7.xml (RunModel)" time="0.027" />
  <testcase classname="ptolemy.util.test.junit.AutoTests" name="[432] /home/travis/build/icyphy/ptII/ptolemy/actor/lib/test/auto/arrayType8.xml (RunModel)" time="0.014" />
  <testcase classname="ptolemy.util.test.junit.AutoTests" name="[433] /home/travis/build/icyphy/ptII/ptolemy/actor/lib/test/auto/arrayType9.xml (RunModel)" time="0.011" />
  <testcase classname="ptolemy.util.test.junit.AutoTests" name="[434] /home/travis/build/icyphy/ptII/ptolemy/actor/lib/test/auto/cast.xml (RunModel)" time="0.011" />
  <testcase classname="ptolemy.util.test.junit.AutoTests" name="[435] /home/travis/build/icyphy/ptII/ptolemy/actor/lib/test/auto/compositeMultiPort.xml (RunModel)" time="0.024" />
  <testcase classname="ptolemy.util.test.junit.AutoTests" name="[436] /home/travis/build/icyphy/ptII/ptolemy/actor/lib/test/auto/expressionCastInference.xml (RunModel)" time="0.011" />
  <testcase classname="ptolemy.util.test.junit.AutoTests" name="[437] /home/travis/build/icyphy/ptII/ptolemy/actor/lib/test/auto/expressionCastInference2.xml (RunModel)" time="0.011" />
  <testcase classname="ptolemy.util.test.junit.AutoTests" name="[438] /home/travis/build/icyphy/ptII/ptolemy/actor/lib/test/auto/expressionInference.xml (RunModel)" time="0.01" />
  <testcase classname="ptolemy.util.test.junit.AutoTests" name="[439] /home/travis/build/icyphy/ptII/ptolemy/actor/lib/test/auto/expression_bug.xml (RunModel)" time="0.01" />
  <testcase classname="ptolemy.util.test.junit.AutoTests" name="[440] /home/travis/build/icyphy/ptII/ptolemy/actor/lib/test/auto/factorial.xml (RunModel)" time="0.077" />
  <testcase classname="ptolemy.util.test.junit.AutoTests" name="[441] /home/travis/build/icyphy/ptII/ptolemy/actor/lib/test/auto/filterTest1.xml (RunModel)" time="0.04" />
  <testcase classname="ptolemy.util.test.junit.AutoTests" name="[442] /home/travis/build/icyphy/ptII/ptolemy/actor/lib/test/auto/funcApplyInConst.xml (RunModel)" time="0.01" />
  <testcase classname="ptolemy.util.test.junit.AutoTests" name="[443] /home/travis/build/icyphy/ptII/ptolemy/actor/lib/test/auto/funcApplyInExpr.xml (RunModel)" time="0.008" />
  <testcase classname="ptolemy.util.test.junit.AutoTests" name="[444] /home/travis/build/icyphy/ptII/ptolemy/actor/lib/test/auto/function.xml (RunModel)" time="0.011" />
  <testcase classname="ptolemy.util.test.junit.AutoTests" name="[445] /home/travis/build/icyphy/ptII/ptolemy/actor/lib/test/auto/function2.xml (RunModel)" time="0.013" />
  <testcase classname="ptolemy.util.test.junit.AutoTests" name="[446] /home/travis/build/icyphy/ptII/ptolemy/actor/lib/test/auto/function3.xml (RunModel)" time="0.011" />
  <testcase classname="ptolemy.util.test.junit.AutoTests" name="[447] /home/travis/build/icyphy/ptII/ptolemy/actor/lib/test/auto/functionClosureTest1.xml (RunModel)" time="0.016" />
  <testcase classname="ptolemy.util.test.junit.AutoTests" name="[448] /home/travis/build/icyphy/ptII/ptolemy/actor/lib/test/auto/functionClosureTest2.xml (RunModel)" time="0.009" />
  <testcase classname="ptolemy.util.test.junit.AutoTests" name="[449] /home/travis/build/icyphy/ptII/ptolemy/actor/lib/test/auto/functionClosureTest3.xml (RunModel)" time="0.014" />
  <testcase classname="ptolemy.util.test.junit.AutoTests" name="[450] /home/travis/build/icyphy/ptII/ptolemy/actor/lib/test/auto/functionClosureTest4.xml (RunModel)" time="0.018" />
  <testcase classname="ptolemy.util.test.junit.AutoTests" name="[451] /home/travis/build/icyphy/ptII/ptolemy/actor/lib/test/auto/functionClosureTest5.xml (RunModel)" time="0.016" />
  <testcase classname="ptolemy.util.test.junit.AutoTests" name="[452] /home/travis/build/icyphy/ptII/ptolemy/actor/lib/test/auto/functionClosureTest6.xml (RunModel)" time="0.011" />
  <testcase classname="ptolemy.util.test.junit.AutoTests" name="[453] /home/travis/build/icyphy/ptII/ptolemy/actor/lib/test/auto/functionsOnArcs.xml (RunModel)" time="0.013" />
  <testcase classname="ptolemy.util.test.junit.AutoTests" name="[454] /home/travis/build/icyphy/ptII/ptolemy/actor/lib/test/auto/functionsOnArcsHOF.xml (RunModel)" time="0.023" />
  <testcase classname="ptolemy.util.test.junit.AutoTests" name="[455] /home/travis/build/icyphy/ptII/ptolemy/actor/lib/test/auto/logic.xml (RunModel)" time="0.024" />
  <testcase classname="ptolemy.util.test.junit.AutoTests" name="[456] /home/travis/build/icyphy/ptII/ptolemy/actor/lib/test/auto/matrixType.xml (RunModel)" time="0.013" />
  <testcase classname="ptolemy.util.test.junit.AutoTests" name="[457] /home/travis/build/icyphy/ptII/ptolemy/actor/lib/test/auto/matrixType10.xml (RunModel)" time="0.012" />
  <testcase classname="ptolemy.util.test.junit.AutoTests" name="[458] /home/travis/build/icyphy/ptII/ptolemy/actor/lib/test/auto/matrixType11.xml (RunModel)" time="0.012" />
  <testcase classname="ptolemy.util.test.junit.AutoTests" name="[459] /home/travis/build/icyphy/ptII/ptolemy/actor/lib/test/auto/matrixType12.xml (RunModel)" time="0.012" />
  <testcase classname="ptolemy.util.test.junit.AutoTests" name="[460] /home/travis/build/icyphy/ptII/ptolemy/actor/lib/test/auto/matrixType13.xml (RunModel)" time="0.013" />
  <testcase classname="ptolemy.util.test.junit.AutoTests" name="[461] /home/travis/build/icyphy/ptII/ptolemy/actor/lib/test/auto/matrixType14.xml (RunModel)" time="0.012" />
  <testcase classname="ptolemy.util.test.junit.AutoTests" name="[462] /home/travis/build/icyphy/ptII/ptolemy/actor/lib/test/auto/matrixType2.xml (RunModel)" time="0.012" />
  <testcase classname="ptolemy.util.test.junit.AutoTests" name="[463] /home/travis/build/icyphy/ptII/ptolemy/actor/lib/test/auto/matrixType3.xml (RunModel)" time="0.011" />
  <testcase classname="ptolemy.util.test.junit.AutoTests" name="[464] /home/travis/build/icyphy/ptII/ptolemy/actor/lib/test/auto/matrixType4.xml (RunModel)" time="0.013" />
  <testcase classname="ptolemy.util.test.junit.AutoTests" name="[465] /home/travis/build/icyphy/ptII/ptolemy/actor/lib/test/auto/matrixType5.xml (RunModel)" time="0.011" />
  <testcase classname="ptolemy.util.test.junit.AutoTests" name="[466] /home/travis/build/icyphy/ptII/ptolemy/actor/lib/test/auto/matrixType6.xml (RunModel)" time="0.012" />
  <testcase classname="ptolemy.util.test.junit.AutoTests" name="[467] /home/travis/build/icyphy/ptII/ptolemy/actor/lib/test/auto/matrixType7.xml (RunModel)" time="0.011" />
  <testcase classname="ptolemy.util.test.junit.AutoTests" name="[468] /home/travis/build/icyphy/ptII/ptolemy/actor/lib/test/auto/matrixType8.xml (RunModel)" time="0.013" />
  <testcase classname="ptolemy.util.test.junit.AutoTests" name="[469] /home/travis/build/icyphy/ptII/ptolemy/actor/lib/test/auto/matrixType9.xml (RunModel)" time="0.011" />
  <testcase classname="ptolemy.util.test.junit.AutoTests" name="[470] /home/travis/build/icyphy/ptII/ptolemy/actor/lib/test/auto/paraFunctest.xml (RunModel)" time="0.01" />
  <testcase classname="ptolemy.util.test.junit.AutoTests" name="[471] /home/travis/build/icyphy/ptII/ptolemy/actor/lib/test/auto/paraFunctest2.xml (RunModel)" time="0.009" />
  <testcase classname="ptolemy.util.test.junit.AutoTests" name="[472] /home/travis/build/icyphy/ptII/ptolemy/actor/lib/test/auto/parameterPassing.xml (RunModel)" time="0.01" />
  <testcase classname="ptolemy.util.test.junit.AutoTests" name="[473] /home/travis/build/icyphy/ptII/ptolemy/actor/lib/test/auto/record.xml (RunModel)" time="0.011" />
  <testcase classname="ptolemy.util.test.junit.AutoTests" name="[474] /home/travis/build/icyphy/ptII/ptolemy/actor/lib/test/auto/sizedarray1.xml (RunModel)" time="0.013" />
  <testcase classname="ptolemy.util.test.junit.AutoTests" name="[475] /home/travis/build/icyphy/ptII/ptolemy/actor/lib/test/auto/sizedarray2.xml (RunModel)" time="0.014" />
  <testcase classname="ptolemy.util.test.junit.AutoTests" name="[476] /home/travis/build/icyphy/ptII/ptolemy/actor/lib/test/auto/twoPublishers.xml (RunModel)" time="0.028" />
  <system-out><![CDATA[/home/travis/build/icyphy/ptII/ptolemy/actor/lib/test/AbsoluteValue.tcl
testDefs.tcl: setting time out to 9000 seconds at Thu May 10 16:12:32 UTC 2018
93 ms. Memory: 116224K Free: 107846K (93%)
5 ms. Memory: 116224K Free: 106612K (92%)
12 ms. Memory: 116224K Free: 105976K (91%)
14 ms. Memory: 116224K Free: 105371K (91%)
/home/travis/build/icyphy/ptII/ptolemy/actor/lib/test/AddSubtract.tcl
18 ms. Memory: 116224K Free: 102975K (89%)
6 ms. Memory: 116224K Free: 102379K (88%)
8 ms. Memory: 116224K Free: 101742K (88%)
7 ms. Memory: 116224K Free: 100549K (87%)
6 ms. Memory: 116224K Free: 99952K (86%)
5 ms. Memory: 116224K Free: 99339K (85%)
/home/travis/build/icyphy/ptII/ptolemy/actor/lib/test/Average.tcl
8 ms. Memory: 116224K Free: 97533K (84%)
8 ms. Memory: 116224K Free: 96324K (83%)
/home/travis/build/icyphy/ptII/ptolemy/actor/lib/test/Bernoulli.tcl
17 ms. Memory: 116224K Free: 94501K (81%)
2 ms. Memory: 116224K Free: 93905K (81%)
/home/travis/build/icyphy/ptII/ptolemy/actor/lib/test/Clock.tcl
preinitializing
resolving types
initializing
executing number 1
wrapping up
idle
30 ms. Memory: 116224K Free: 92099K (79%)
Completed execution with 5 iterations
preinitializing
resolving types
initializing
executing number 1
wrapping up
idle
6 ms. Memory: 116224K Free: 90890K (78%)
Completed execution with 5 iterations
preinitializing
resolving types
initializing
executing number 1
wrapping up
idle
4 ms. Memory: 116224K Free: 90277K (78%)
Completed execution with 5 iterations
/home/travis/build/icyphy/ptII/ptolemy/actor/lib/test/Commutator.tcl
7 ms. Memory: 116224K Free: 88471K (76%)
7 ms. Memory: 116224K Free: 87270K (75%)
24 ms. Memory: 116224K Free: 83013K (71%)
/home/travis/build/icyphy/ptII/ptolemy/actor/lib/test/Const.tcl
18 ms. Memory: 116224K Free: 81215K (70%)
14 ms. Memory: 116224K Free: 110813K (95%)
2 ms. Memory: 116224K Free: 110196K (95%)
3 ms. Memory: 116224K Free: 109587K (94%)
2 ms. Memory: 116224K Free: 108970K (94%)
22 ms. Memory: 116224K Free: 107097K (92%)
5 ms. Memory: 116224K Free: 105695K (91%)
3 ms. Memory: 116224K Free: 104477K (90%)
/home/travis/build/icyphy/ptII/ptolemy/actor/lib/test/CurrentTime.tcl
preinitializing
resolving types
initializing
executing number 1
wrapping up
idle
22 ms. Memory: 116224K Free: 102649K (88%)
Completed execution with 11 iterations
/home/travis/build/icyphy/ptII/ptolemy/actor/lib/test/DB.tcl
12 ms. Memory: 116224K Free: 100830K (87%)
3 ms. Memory: 116224K Free: 100229K (86%)
2 ms. Memory: 116224K Free: 100229K (86%)
/home/travis/build/icyphy/ptII/ptolemy/actor/lib/test/DiscreteRandomSource.tcl
preinitializing
resolving types
initializing
executing number 1
wrapping up
idle
5 ms. Memory: 116224K Free: 98402K (85%)
Completed execution with 4 iterations
preinitializing
resolving types
initializing
executing number 1
wrapping up
idle
3 ms. Memory: 116224K Free: 97801K (84%)
Completed execution with 4 iterations
preinitializing
resolving types
initializing
executing number 1
wrapping up
idle
3 ms. Memory: 116224K Free: 97801K (84%)
Completed execution with 4 iterations
preinitializing
resolving types
initializing
executing number 1
wrapping up
idle
3 ms. Memory: 116224K Free: 97196K (84%)
Completed execution with 4 iterations
preinitializing
resolving types
initializing
executing number 1
wrapping up
idle
4 ms. Memory: 116224K Free: 96579K (83%)
Completed execution with 4 iterations
/home/travis/build/icyphy/ptII/ptolemy/actor/lib/test/Distributor.tcl
6 ms. Memory: 116224K Free: 94768K (82%)
4 ms. Memory: 116224K Free: 94127K (81%)
StreamChangeRequest.changeExecuted(): <deleteEntity name="rec2"/> succeeded
StreamChangeRequest.changeExecuted(): <deleteRelation name="r2"/> succeeded
StreamChangeRequest.changeExecuted(): Record firings per iteration succeeded
11 ms. Memory: 116224K Free: 91674K (79%)
/home/travis/build/icyphy/ptII/ptolemy/actor/lib/test/Exit.tcl
Exit.tcl: this will print a message about Manager.exitAfterWrapup, which can be ignored.
6 ms. Memory: 116224K Free: 88607K (76%)
/home/travis/build/icyphy/ptII/ptolemy/actor/lib/test/Expression.tcl
7 ms. Memory: 116224K Free: 85548K (74%)
4 ms. Memory: 116224K Free: 84931K (73%)
3 ms. Memory: 116224K Free: 84322K (73%)
preinitializing
resolving types
initializing
executing number 1
wrapping up
idle
7 ms. Memory: 116224K Free: 83119K (72%)
Completed execution with 6 iterations
5 ms. Memory: 116224K Free: 81917K (70%)
3 ms. Memory: 116224K Free: 81316K (70%)
15 ms. Memory: 116224K Free: 110112K (95%)
5 ms. Memory: 116224K Free: 108769K (94%)
12 ms. Memory: 116224K Free: 107572K (93%)
/home/travis/build/icyphy/ptII/ptolemy/actor/lib/test/Gaussian.tcl
9 ms. Memory: 116224K Free: 105769K (91%)
sleeping 1 seconds: .......................................................................................................................................................................................................................................................................................................................................................................................................................................................................................................................................................................................................................................................................................................................................................................................................................................................................................................................................................................................................................................................................................................................................................................................................................................................................................................................................................................................................................................................................................................................................................................................................................................................................................................................................................................................................................................................................................................................................................................................................................................................................................................................................................................................................................................................................................................................................................................................................................................................................................................................................................................................................................................................................................................................................................................................................................................................................................................................................................................................................................................................................................................................................................................................................................................................................................................................................................................................................................................................................................................................................................................................................................................................................................................................................................................................................................................................................................................................................................................................................................................................................................................................................................................................................................................................................................................................................................................................................................................................................................................................................................................................................................................................................................................................................................................................................................................................................................................................................................................................................................................................................................................................................................................................................................................................................................................................................................................................................................................................................................................................................................................................................................................................................................................................................................................................................................................................................................................................................................................................................................................................................................................................................................................................................................................................................................................................................................................................................................................................................................................................................................................................................................................................................................................................................................................................................................................................................................................................................................................................................................................................................................................................................................................................................................................................................................................................................................................................................................................................................................................................................................................................................................................................................................................................................................................................................................................................................................................................................................................................................................................................................................................................................................................................................................................................................................................................................................................................................................................................................................................................................................................................................................................................................................................................................................................................................................................................................................................................................................................................................................................................................................................................................................................................................................................................................................................................................................................................................................................................................................................................................................................................................................................................................................................................................................................................................................................................................................................................................................................................................................................................................................................................................................................................................................................................................................................................................................................................................................................................................................................................................................................................................................................................................................................................................................................................................................................................................................................................................................................................................................................................................................................................................................................................................................................................................................................................................................................................................................................................................................................................................................................................................................................................................................................................................................................................................................................................................................................................................................................................................................................................................................................................................................................................................................................................................................................................................................................................................................................................................................................................................................................................................................................................................................................................................................................................................................................................................................................................................................................................................................................................................................................................................................................................................................................................................................................................................................................................................................................................................................................................................................................................................................................................................................................................................................................................................................................................................................................................................................................................................................................................................................................................................................................................................................................................................................................................................................................................................................................................................................................................................................................................................................................................................................................................................................................................................................................................................................................................................................................................................................................................................................................................................................................................................................................................................................................................................................................................................................................................................................................................................................................................................................................................................................................................................................................................................................................................................................................................................................................................................................................................................................................................................................................................................................................................................................................................................................................................................................................................................................................................................................................................................................................................................................................................................................................................................................................................................................................................................................................................................................................................................................................................................................................................................................................................................................................................................................................................................................................................................................................................................................................................................................................................................................................................................................................................................................................................................................................................................................................................................................................................................................................................................................................................................................................................................................................................................................................................................................................................................................................................................................................................................................................................................................................................................................................................................................................................................................................................................................................................................................................................................................................................................................................................................................................................................................................................................................................................................................................................................................................................................................................................................................................................................................................................................................................................................................................................................................................................................................................................................................................................................................................................................................................................................................................................................................................................................................................................................................................................................................................................................................................................................................................................................................................................................................................................................................................................................................................................................................................................................................................................................................................................................................................................................................................................................................................................................................................................................................................................................................................................................................................................................................................................................................................................................................................................................................................................................................................................................................................................................................................................................................................................................................................................................................................................................................................................................................................................................................................................................................................................................................................................................................................................................................................................................................................................................................................................................................................................................................................................................................................................................................................................................................................................................................................................................................................................................................................................................................................................................................................................................................................................................................................................................................................................................................................................................................................................................................................................................................................................................................................................................................................................................................................................................................................................................................................................................................................................................................................................................................................................................................................................................................................................................................................................................................................................................................................................................................................................................................................................................................................................................................................................................................................................................................................................................................................................................................................................................................................................................................................................................................................................................................................................................................................................................................................................................................................................................................................................................................................................................................................................................................................................................................................................................................................................................................................................................................................................................................................................................................................................................................................................................................................................................................................................................................................................................................................................................................................................................................................5 ms. Memory: 146944K Free: 120158K (82%)
3 ms. Memory: 146944K Free: 118951K (81%)
3 ms. Memory: 146944K Free: 118951K (81%)
3 ms. Memory: 146944K Free: 117575K (80%)
2 ms. Memory: 146944K Free: 117575K (80%)
/home/travis/build/icyphy/ptII/ptolemy/actor/lib/test/IIR.tcl
/home/travis/build/icyphy/ptII/ptolemy/actor/lib/test/Interpolator.tcl
4 ms. Memory: 146944K Free: 112746K (77%)
3 ms. Memory: 146944K Free: 112746K (77%)
2 ms. Memory: 146944K Free: 111538K (76%)
2 ms. Memory: 146944K Free: 111538K (76%)
3 ms. Memory: 146944K Free: 110331K (75%)
4 ms. Memory: 146944K Free: 110331K (75%)
4 ms. Memory: 146944K Free: 109124K (74%)
3 ms. Memory: 146944K Free: 107916K (73%)
3 ms. Memory: 146944K Free: 106709K (73%)
3 ms. Memory: 146944K Free: 106709K (73%)
/home/travis/build/icyphy/ptII/ptolemy/actor/lib/test/MathFunction.tcl
14 ms. Memory: 146944K Free: 104295K (71%)
3 ms. Memory: 146944K Free: 103087K (70%)
8 ms. Memory: 146944K Free: 101880K (69%)
6 ms. Memory: 146944K Free: 100673K (69%)
10 ms. Memory: 146944K Free: 99466K (68%)
11 ms. Memory: 146944K Free: 98258K (67%)
/home/travis/build/icyphy/ptII/ptolemy/actor/lib/test/Maximum.tcl
9 ms. Memory: 146944K Free: 95839K (65%)
9 ms. Memory: 146944K Free: 94632K (64%)
3 ms. Memory: 146944K Free: 94632K (64%)
11 ms. Memory: 146944K Free: 93424K (64%)
/home/travis/build/icyphy/ptII/ptolemy/actor/lib/test/Minimum.tcl
10 ms. Memory: 146944K Free: 92217K (63%)
6 ms. Memory: 146944K Free: 91010K (62%)
3 ms. Memory: 146944K Free: 91010K (62%)
9 ms. Memory: 146944K Free: 89802K (61%)
/home/travis/build/icyphy/ptII/ptolemy/actor/lib/test/MultiplyDivide.tcl
16 ms. Memory: 146944K Free: 88595K (60%)
4 ms. Memory: 146944K Free: 87388K (59%)
2 ms. Memory: 146944K Free: 86181K (59%)
4 ms. Memory: 146944K Free: 86181K (59%)
3 ms. Memory: 146944K Free: 84973K (58%)
/home/travis/build/icyphy/ptII/ptolemy/actor/lib/test/OrderedMerge.tcl
Connections changed on port: inputA
Connections changed on port: inputB
Connections changed on port: output
Connections changed on port: output
Connections changed on port: output
Connections changed on port: input
.top. Preinitializing ...
Invoking preinitialize():  .top.OrderedMerge
Called preinitialize()
Invoking preinitialize():  .top.Ramp
Called preinitialize()
Invoking preinitialize():  .top.Ramp2
Called preinitialize()
Invoking preinitialize():  .top.Test
Called preinitialize()
Connections changed on port: inputA
Connections changed on port: output
Connections changed on port: inputB
Connections changed on port: output
Connections changed on port: output
Connections changed on port: input
.top. Finished preinitialize().
Called initialize().
Invoking initialize():  .top.OrderedMerge
Initializing actor: .top.OrderedMerge
Adding a thread: .top.OrderedMerge
Invoking initialize():  .top.Ramp
Initializing actor: .top.Ramp
Adding a thread: .top.Ramp
Invoking initialize():  .top.Ramp2
Initializing actor: .top.Ramp2
Adding a thread: .top.Ramp2
Invoking initialize():  .top.Test
Initializing actor: .top.Test
Adding a thread: .top.Test
-- Starting thread.
Called initialize()
Called prefire()
Called fire()
-- Starting thread.
Called initialize()
Called prefire()
Called fire()
Called postfire()
Called prefire()
Called fire()
-- Starting thread.
Called initialize()
Called prefire()
Called fire()
Called postfire()
Called prefire()
Called fire()
Called fire().
Checking for deadlock:
There are 3 Blocked actors, 0 Stopped actors, and 4 active threads.
Waiting for actors to stop.
-- Starting thread.
Called initialize()
Called prefire()
Called fire()
Checking for deadlock:
There are 2 Blocked actors, 0 Stopped actors, and 4 active threads.
Waiting for actors to stop.
Called postfire()
Called prefire()
Called fire()
Checking for deadlock:
There are 3 Blocked actors, 0 Stopped actors, and 4 active threads.
Waiting for actors to stop.
Read input token from inputA with value 0.0
Next port to read input from is inputB
Called postfire()
Called prefire()
Called fire()
Checking for deadlock:
There are 2 Blocked actors, 0 Stopped actors, and 4 active threads.
Waiting for actors to stop.
Called postfire()
Called prefire()
Called fire()
Checking for deadlock:
There are 3 Blocked actors, 0 Stopped actors, and 4 active threads.
Waiting for actors to stop.
Read input token from inputB with value 0.0
Checking for deadlock:
There are 2 Blocked actors, 0 Stopped actors, and 4 active threads.
Waiting for actors to stop.
-- Read input: 0.0, which is expected to match: 0.0
Called prefire()
Called fire()
Checking for deadlock:
There are 3 Blocked actors, 0 Stopped actors, and 4 active threads.
Waiting for actors to stop.
Sent output token with value 0.0
Next port to read input from is inputA
Called postfire()
Called prefire()
Called fire()
Checking for deadlock:
There are 2 Blocked actors, 0 Stopped actors, and 4 active threads.
Waiting for actors to stop.
Called postfire()
Called prefire()
Called fire()
Checking for deadlock:
There are 3 Blocked actors, 0 Stopped actors, and 4 active threads.
Waiting for actors to stop.
Read input token from inputA with value 1.0
Checking for deadlock:
There are 2 Blocked actors, 0 Stopped actors, and 4 active threads.
Waiting for actors to stop.
-- Read input: 0.0, which is expected to match: 0.0
Called prefire()
Called fire()
Checking for deadlock:
There are 3 Blocked actors, 0 Stopped actors, and 4 active threads.
Waiting for actors to stop.
Sent output token with value 0.0
Next port to read input from is inputB
Called postfire()
Called prefire()
Called fire()
Checking for deadlock:
There are 2 Blocked actors, 0 Stopped actors, and 4 active threads.
Waiting for actors to stop.
Called postfire()
Called prefire()
Called fire()
Checking for deadlock:
There are 3 Blocked actors, 0 Stopped actors, and 4 active threads.
Waiting for actors to stop.
Read input token from inputB with value 1.5
Checking for deadlock:
There are 2 Blocked actors, 0 Stopped actors, and 4 active threads.
Waiting for actors to stop.
-- Read input: 1.0, which is expected to match: 1.0
Called prefire()
Called fire()
Checking for deadlock:
There are 3 Blocked actors, 0 Stopped actors, and 4 active threads.
Waiting for actors to stop.
Sent output token with value 1.0
Next port to read input from is inputA
Called postfire()
Called prefire()
Called fire()
Checking for deadlock:
There are 2 Blocked actors, 0 Stopped actors, and 4 active threads.
Waiting for actors to stop.
Called postfire()
Called prefire()
Called fire()
Checking for deadlock:
There are 3 Blocked actors, 0 Stopped actors, and 4 active threads.
Waiting for actors to stop.
Read input token from inputA with value 2.0
Checking for deadlock:
There are 2 Blocked actors, 0 Stopped actors, and 4 active threads.
Waiting for actors to stop.
-- Read input: 1.5, which is expected to match: 1.5
Called prefire()
Called fire()
Checking for deadlock:
There are 3 Blocked actors, 0 Stopped actors, and 4 active threads.
Waiting for actors to stop.
Sent output token with value 1.5
Next port to read input from is inputB
Called postfire()
Called prefire()
Called fire()
Checking for deadlock:
There are 2 Blocked actors, 0 Stopped actors, and 4 active threads.
Waiting for actors to stop.
Called postfire()
Called prefire()
Called fire()
Checking for deadlock:
There are 3 Blocked actors, 0 Stopped actors, and 4 active threads.
Waiting for actors to stop.
Read input token from inputB with value 3.0
Checking for deadlock:
There are 2 Blocked actors, 0 Stopped actors, and 4 active threads.
Waiting for actors to stop.
-- Read input: 2.0, which is expected to match: 2.0
Called prefire()
Called fire()
Checking for deadlock:
There are 3 Blocked actors, 0 Stopped actors, and 4 active threads.
Waiting for actors to stop.
Sent output token with value 2.0
Next port to read input from is inputA
Called postfire()
Called prefire()
Called fire()
Checking for deadlock:
There are 2 Blocked actors, 0 Stopped actors, and 4 active threads.
Waiting for actors to stop.
Called postfire()
Called prefire()
Called fire()
Checking for deadlock:
There are 3 Blocked actors, 0 Stopped actors, and 4 active threads.
Waiting for actors to stop.
Read input token from inputA with value 3.0
Checking for deadlock:
There are 2 Blocked actors, 0 Stopped actors, and 4 active threads.
Waiting for actors to stop.
-- Read input: 3.0, which is expected to match: 3.0
Called prefire()
Called fire()
Checking for deadlock:
There are 3 Blocked actors, 0 Stopped actors, and 4 active threads.
Waiting for actors to stop.
Sent output token with value 3.0
Next port to read input from is inputB
Called postfire()
Called prefire()
Called fire()
Checking for deadlock:
There are 2 Blocked actors, 0 Stopped actors, and 4 active threads.
Waiting for actors to stop.
Called postfire()
Called prefire()
Called fire()
Checking for deadlock:
There are 3 Blocked actors, 0 Stopped actors, and 4 active threads.
Waiting for actors to stop.
Read input token from inputB with value 4.5
Checking for deadlock:
There are 2 Blocked actors, 0 Stopped actors, and 4 active threads.
Waiting for actors to stop.
-- Read input: 3.0, which is expected to match: 3.0
Called prefire()
Called fire()
Checking for deadlock:
There are 3 Blocked actors, 0 Stopped actors, and 4 active threads.
Waiting for actors to stop.
Sent output token with value 3.0
Next port to read input from is inputA
Called postfire()
Called prefire()
Called fire()
Checking for deadlock:
There are 2 Blocked actors, 0 Stopped actors, and 4 active threads.
Waiting for actors to stop.
Called postfire()
Called prefire()
Called fire()
Checking for deadlock:
There are 3 Blocked actors, 0 Stopped actors, and 4 active threads.
Waiting for actors to stop.
Read input token from inputA with value 4.0
Checking for deadlock:
There are 2 Blocked actors, 0 Stopped actors, and 4 active threads.
Waiting for actors to stop.
-- Read input: 4.0, which is expected to match: 4.0
Called prefire()
Called fire()
Past the end of training data. Read and discard all inputs.
Checking for deadlock:
There are 3 Blocked actors, 0 Stopped actors, and 4 active threads.
Waiting for actors to stop.
Sent output token with value 4.0
Next port to read input from is inputA
Called postfire()
Called prefire()
Called fire()
Checking for deadlock:
There are 2 Blocked actors, 0 Stopped actors, and 4 active threads.
Waiting for actors to stop.
Called postfire()
Called prefire()
Called fire()
Checking for deadlock:
There are 3 Blocked actors, 0 Stopped actors, and 4 active threads.
Waiting for actors to stop.
Read input token from inputA with value 5.0
Checking for deadlock:
There are 2 Blocked actors, 0 Stopped actors, and 4 active threads.
Waiting for actors to stop.
Called prefire()
Called fire()
Past the end of training data. Read and discard all inputs.
Checking for deadlock:
There are 3 Blocked actors, 0 Stopped actors, and 4 active threads.
Waiting for actors to stop.
Sent output token with value 4.5
Next port to read input from is inputB
Called postfire()
Called prefire()
Called fire()
Checking for deadlock:
There are 2 Blocked actors, 0 Stopped actors, and 4 active threads.
Waiting for actors to stop.
Called postfire()
Called prefire()
Called fire()
Checking for deadlock:
There are 3 Blocked actors, 0 Stopped actors, and 4 active threads.
Waiting for actors to stop.
Read input token from inputB with value 6.0
Checking for deadlock:
There are 2 Blocked actors, 0 Stopped actors, and 4 active threads.
Waiting for actors to stop.
Called prefire()
Called fire()
Past the end of training data. Read and discard all inputs.
Checking for deadlock:
There are 3 Blocked actors, 0 Stopped actors, and 4 active threads.
Waiting for actors to stop.
Sent output token with value 5.0
Next port to read input from is inputA
Called postfire()
Called prefire()
Called fire()
Checking for deadlock:
There are 2 Blocked actors, 0 Stopped actors, and 4 active threads.
Waiting for actors to stop.
Called postfire()
Called prefire()
Called fire()
Checking for deadlock:
There are 3 Blocked actors, 0 Stopped actors, and 4 active threads.
Waiting for actors to stop.
Read input token from inputA with value 6.0
Checking for deadlock:
There are 2 Blocked actors, 0 Stopped actors, and 4 active threads.
Waiting for actors to stop.
Called prefire()
Called fire()
Past the end of training data. Read and discard all inputs.
Checking for deadlock:
There are 3 Blocked actors, 0 Stopped actors, and 4 active threads.
Waiting for actors to stop.
Sent output token with value 6.0
Next port to read input from is inputB
Called postfire()
Called prefire()
Called fire()
Checking for deadlock:
There are 2 Blocked actors, 0 Stopped actors, and 4 active threads.
Waiting for actors to stop.
Called postfire()
Called prefire()
Called fire()
Checking for deadlock:
There are 3 Blocked actors, 0 Stopped actors, and 4 active threads.
Waiting for actors to stop.
Read input token from inputB with value 7.5
Checking for deadlock:
There are 2 Blocked actors, 0 Stopped actors, and 4 active threads.
Waiting for actors to stop.
Called prefire()
Called fire()
Past the end of training data. Read and discard all inputs.
Checking for deadlock:
There are 3 Blocked actors, 0 Stopped actors, and 4 active threads.
Waiting for actors to stop.
Sent output token with value 6.0
Next port to read input from is inputA
Called postfire()
Called prefire()
Called fire()
Checking for deadlock:
There are 2 Blocked actors, 0 Stopped actors, and 4 active threads.
Waiting for actors to stop.
Called postfire()
Called prefire()
Called fire()
Checking for deadlock:
There are 3 Blocked actors, 0 Stopped actors, and 4 active threads.
Waiting for actors to stop.
Read input token from inputA with value 7.0
Checking for deadlock:
There are 2 Blocked actors, 0 Stopped actors, and 4 active threads.
Waiting for actors to stop.
Called prefire()
Called fire()
Past the end of training data. Read and discard all inputs.
Checking for deadlock:
There are 3 Blocked actors, 0 Stopped actors, and 4 active threads.
Waiting for actors to stop.
Sent output token with value 7.0
Next port to read input from is inputA
Called postfire()
Called prefire()
Called fire()
Checking for deadlock:
There are 2 Blocked actors, 0 Stopped actors, and 4 active threads.
Waiting for actors to stop.
-- Thread wrapup() called.
Called wrapup()
Thread .top.Ramp is exiting.
-- Thread stopped.
Checking for deadlock:
There are 2 Blocked actors, 0 Stopped actors, and 3 active threads.
Waiting for actors to stop.
Read input token from inputA with value 8.0
Checking for deadlock:
There are 1 Blocked actors, 0 Stopped actors, and 3 active threads.
Waiting for actors to stop.
Called prefire()
Called fire()
Past the end of training data. Read and discard all inputs.
Checking for deadlock:
There are 2 Blocked actors, 0 Stopped actors, and 3 active threads.
Waiting for actors to stop.
Sent output token with value 7.5
Next port to read input from is inputB
Called postfire()
Called prefire()
Called fire()
Checking for deadlock:
There are 1 Blocked actors, 0 Stopped actors, and 3 active threads.
Waiting for actors to stop.
Called postfire()
Called prefire()
Called fire()
Checking for deadlock:
There are 2 Blocked actors, 0 Stopped actors, and 3 active threads.
Waiting for actors to stop.
Read input token from inputB with value 9.0
Checking for deadlock:
There are 1 Blocked actors, 0 Stopped actors, and 3 active threads.
Waiting for actors to stop.
Called prefire()
Called fire()
Past the end of training data. Read and discard all inputs.
Checking for deadlock:
There are 2 Blocked actors, 0 Stopped actors, and 3 active threads.
Waiting for actors to stop.
Sent output token with value 8.0
Next port to read input from is inputA
Called postfire()
Called prefire()
Called fire()
Read input token from inputA with value 9.0
Checking for deadlock:
There are 1 Blocked actors, 0 Stopped actors, and 3 active threads.
Waiting for actors to stop.
Called prefire()
Called fire()
Past the end of training data. Read and discard all inputs.
Checking for deadlock:
There are 2 Blocked actors, 0 Stopped actors, and 3 active threads.
Waiting for actors to stop.
Sent output token with value 9.0
Next port to read input from is inputB
Called postfire()
Called prefire()
Called fire()
Checking for deadlock:
There are 1 Blocked actors, 0 Stopped actors, and 3 active threads.
Waiting for actors to stop.
Called postfire()
Called prefire()
Called fire()
Checking for deadlock:
There are 2 Blocked actors, 0 Stopped actors, and 3 active threads.
Waiting for actors to stop.
Read input token from inputB with value 10.5
Checking for deadlock:
There are 1 Blocked actors, 0 Stopped actors, and 3 active threads.
Waiting for actors to stop.
Called prefire()
Called fire()
Past the end of training data. Read and discard all inputs.
Checking for deadlock:
There are 2 Blocked actors, 0 Stopped actors, and 3 active threads.
Waiting for actors to stop.
Sent output token with value 9.0
Next port to read input from is inputA
Called postfire()
Called prefire()
Called fire()
Checking for deadlock:
There are 3 Blocked actors, 0 Stopped actors, and 3 active threads.
Actors have stopped.
Checking for deadlock:
There are 3 Blocked actors, 0 Stopped actors, and 3 active threads.
Deadlock detected.
Resolving Deadlock
Checking for deadlock:
There are 3 Blocked actors, 0 Stopped actors, and 3 active threads.
Artificial Deadlock - increasing queue capacity.
increasing the capacity of receiver ptolemy.actor.TypedIOPort {.top.OrderedMerge.inputB} to 2
Director: Called postfire().
Called postfire().
_stopRequested = false
_stopFireRequested = false
Returning from postfire(): true
Called fire().
Checking for deadlock:
There are 2 Blocked actors, 0 Stopped actors, and 3 active threads.
Waiting for actors to stop.
-- Thread wrapup() called.
Called wrapup()
Thread .top.Ramp2 is exiting.
-- Thread stopped.
Checking for deadlock:
There are 2 Blocked actors, 0 Stopped actors, and 2 active threads.
Actors have stopped.
Checking for deadlock:
There are 2 Blocked actors, 0 Stopped actors, and 2 active threads.
Deadlock detected.
Resolving Deadlock
Checking for deadlock:
There are 2 Blocked actors, 0 Stopped actors, and 2 active threads.
Deadlock detected: no processes blocked on write, but some are blocked on read.
Called postfire().
_stopRequested = false
_stopFireRequested = false
Returning from postfire(): false
Finished deactivating branches.
Called wrapup().
-- Thread wrapup() called.
Called wrapup()
Thread .top.Test is exiting.
-- Thread stopped.
-- Blocked Receiver call threw TerminateProcessException.
-- Thread wrapup() called.
Called wrapup()
Thread .top.OrderedMerge is exiting.
-- Thread stopped.
-- Blocked Receiver call threw TerminateProcessException.
58 ms. Memory: 146944K Free: 80450K (55%)
.top. Preinitializing ...
Invoking preinitialize():  .top.OrderedMerge
Called preinitialize()
Invoking preinitialize():  .top.Ramp
Called preinitialize()
Invoking preinitialize():  .top.Ramp2
Called preinitialize()
Invoking preinitialize():  .top.Test
Called preinitialize()
.top. Finished preinitialize().
Called initialize().
Invoking initialize():  .top.OrderedMerge
Initializing actor: .top.OrderedMerge
Adding a thread: .top.OrderedMerge
Invoking initialize():  .top.Ramp
Initializing actor: .top.Ramp
Adding a thread: .top.Ramp
Invoking initialize():  .top.Ramp2
Initializing actor: .top.Ramp2
Adding a thread: .top.Ramp2
Invoking initialize():  .top.Test
Initializing actor: .top.Test
Adding a thread: .top.Test
Called fire().
Checking for deadlock:
There are 0 Blocked actors, 0 Stopped actors, and 4 active threads.
Waiting for actors to stop.
-- Starting thread.
Called initialize()
Called prefire()
Called fire()
-- Starting thread.
Called initialize()
Called prefire()
Called fire()
Called postfire()
Called prefire()
Called fire()
Checking for deadlock:
There are 2 Blocked actors, 0 Stopped actors, and 4 active threads.
Waiting for actors to stop.
-- Starting thread.
Called initialize()
Called prefire()
Called fire()
Called postfire()
Called prefire()
Called fire()
Checking for deadlock:
There are 3 Blocked actors, 0 Stopped actors, and 4 active threads.
Waiting for actors to stop.
-- Starting thread.
Called initialize()
Called prefire()
Called fire()
Read input token from inputA with value 0.0
Next port to read input from is inputB
Called postfire()
Called prefire()
Called fire()
Read input token from inputB with value 0.0
Sent output token with value 0.0
Next port to read input from is inputA
Called postfire()
Called prefire()
Called fire()
Called postfire()
Called prefire()
Called fire()
Checking for deadlock:
There are 1 Blocked actors, 0 Stopped actors, and 4 active threads.
Waiting for actors to stop.
-- Read input: 0.0, which is expected to match: 0.0
Called prefire()
Called fire()
Called postfire()
Called prefire()
Called fire()
Checking for deadlock:
There are 3 Blocked actors, 0 Stopped actors, and 4 active threads.
Waiting for actors to stop.
Read input token from inputA with value 1.0
Sent output token with value 0.0
Next port to read input from is inputB
Called postfire()
Called prefire()
Called fire()
Read input token from inputB with value 1.5
-- Read input: 0.0, which is expected to match: 0.0
Called prefire()
Called fire()
Called postfire()
Called prefire()
Called fire()
Checking for deadlock:
There are 2 Blocked actors, 0 Stopped actors, and 4 active threads.
Waiting for actors to stop.
Called postfire()
Called prefire()
Called fire()
Sent output token with value 1.0
Next port to read input from is inputA
Called postfire()
Called prefire()
Called fire()
Read input token from inputA with value 2.0
Checking for deadlock:
There are 2 Blocked actors, 0 Stopped actors, and 4 active threads.
Waiting for actors to stop.
Called postfire()
Called prefire()
Called fire()
-- Read input: 1.0, which is expected to match: 1.0
Called prefire()
Called fire()
Checking for deadlock:
There are 3 Blocked actors, 0 Stopped actors, and 4 active threads.
Waiting for actors to stop.
Sent output token with value 1.5
Next port to read input from is inputB
Called postfire()
Called prefire()
Called fire()
Read input token from inputB with value 3.0
Checking for deadlock:
There are 2 Blocked actors, 0 Stopped actors, and 4 active threads.
Waiting for actors to stop.
Called postfire()
Called prefire()
Called fire()
-- Read input: 1.5, which is expected to match: 1.5
Checking for deadlock:
There are 2 Blocked actors, 0 Stopped actors, and 4 active threads.
Waiting for actors to stop.
Called prefire()
Called fire()
Sent output token with value 2.0
Next port to read input from is inputA
Called postfire()
Called prefire()
Called fire()
Read input token from inputA with value 3.0
Checking for deadlock:
There are 2 Blocked actors, 0 Stopped actors, and 4 active threads.
Waiting for actors to stop.
Called postfire()
Called prefire()
Called fire()
-- Read input: 2.0, which is expected to match: 2.0
Called prefire()
Called fire()
Checking for deadlock:
There are 3 Blocked actors, 0 Stopped actors, and 4 active threads.
Waiting for actors to stop.
Sent output token with value 3.0
Next port to read input from is inputB
Called postfire()
Called prefire()
Called fire()
Read input token from inputB with value 4.5
Checking for deadlock:
There are 2 Blocked actors, 0 Stopped actors, and 4 active threads.
Waiting for actors to stop.
Called postfire()
Called prefire()
Called fire()
-- Read input: 3.0, which is expected to match: 3.0
Called prefire()
Called fire()
Checking for deadlock:
There are 3 Blocked actors, 0 Stopped actors, and 4 active threads.
Waiting for actors to stop.
Sent output token with value 3.0
Next port to read input from is inputA
Called postfire()
Called prefire()
Called fire()
Read input token from inputA with value 4.0
Called postfire()
Called prefire()
Called fire()
Checking for deadlock:
There are 3 Blocked actors, 0 Stopped actors, and 4 active threads.
Waiting for actors to stop.
-- Read input: 3.0, which is expected to match: 3.0
Called prefire()
Called fire()
Sent output token with value 4.0
Next port to read input from is inputA
Called postfire()
Called prefire()
Called fire()
Read input token from inputA with value 5.0
Checking for deadlock:
There are 2 Blocked actors, 0 Stopped actors, and 4 active threads.
Waiting for actors to stop.
Called postfire()
Called prefire()
Called fire()
-- Read input: 4.0, which is expected to match: 4.0
Called prefire()
Called fire()
Past the end of training data. Read and discard all inputs.
Checking for deadlock:
There are 3 Blocked actors, 0 Stopped actors, and 4 active threads.
Waiting for actors to stop.
Sent output token with value 4.5
Next port to read input from is inputB
Called postfire()
Called prefire()
Called fire()
Read input token from inputB with value 6.0
Called postfire()
Called prefire()
Called fire()
Checking for deadlock:
There are 3 Blocked actors, 0 Stopped actors, and 4 active threads.
Waiting for actors to stop.
Called prefire()
Called fire()
Past the end of training data. Read and discard all inputs.
Checking for deadlock:
There are 3 Blocked actors, 0 Stopped actors, and 4 active threads.
Waiting for actors to stop.
Sent output token with value 5.0
Next port to read input from is inputA
Called postfire()
Called prefire()
Called fire()
Read input token from inputA with value 6.0
Called postfire()
Called prefire()
Called fire()
Checking for deadlock:
There are 3 Blocked actors, 0 Stopped actors, and 4 active threads.
Waiting for actors to stop.
Called prefire()
Called fire()
Past the end of training data. Read and discard all inputs.
Checking for deadlock:
There are 3 Blocked actors, 0 Stopped actors, and 4 active threads.
Waiting for actors to stop.
Sent output token with value 6.0
Next port to read input from is inputB
Called postfire()
Called prefire()
Called fire()
Read input token from inputB with value 7.5
Called postfire()
Called prefire()
Called fire()
Checking for deadlock:
There are 3 Blocked actors, 0 Stopped actors, and 4 active threads.
Waiting for actors to stop.
Called prefire()
Called fire()
Past the end of training data. Read and discard all inputs.
Checking for deadlock:
There are 3 Blocked actors, 0 Stopped actors, and 4 active threads.
Waiting for actors to stop.
Sent output token with value 6.0
Next port to read input from is inputA
Called postfire()
Called prefire()
Called fire()
Read input token from inputA with value 7.0
Called postfire()
Called prefire()
Called fire()
Checking for deadlock:
There are 3 Blocked actors, 0 Stopped actors, and 4 active threads.
Waiting for actors to stop.
Called prefire()
Called fire()
Past the end of training data. Read and discard all inputs.
Checking for deadlock:
There are 3 Blocked actors, 0 Stopped actors, and 4 active threads.
Waiting for actors to stop.
Sent output token with value 7.0
Next port to read input from is inputA
Called postfire()
Called prefire()
Called fire()
Read input token from inputA with value 8.0
-- Thread wrapup() called.
Called wrapup()
Thread .top.Ramp is exiting.
-- Thread stopped.
Checking for deadlock:
There are 2 Blocked actors, 0 Stopped actors, and 3 active threads.
Waiting for actors to stop.
Called prefire()
Called fire()
Past the end of training data. Read and discard all inputs.
Checking for deadlock:
There are 2 Blocked actors, 0 Stopped actors, and 3 active threads.
Waiting for actors to stop.
Checking for deadlock:
There are 1 Blocked actors, 0 Stopped actors, and 3 active threads.
Waiting for actors to stop.
Called prefire()
Called fire()
Past the end of training data. Read and discard all inputs.
Checking for deadlock:
There are 2 Blocked actors, 0 Stopped actors, and 3 active threads.
Waiting for actors to stop.
Sent output token with value 7.5
Next port to read input from is inputB
Called postfire()
Called prefire()
Called fire()
Checking for deadlock:
There are 1 Blocked actors, 0 Stopped actors, and 3 active threads.
Waiting for actors to stop.
Called postfire()
Called prefire()
Called fire()
Checking for deadlock:
There are 2 Blocked actors, 0 Stopped actors, and 3 active threads.
Waiting for actors to stop.
Read input token from inputB with value 9.0
Checking for deadlock:
There are 1 Blocked actors, 0 Stopped actors, and 3 active threads.
Waiting for actors to stop.
Called prefire()
Called fire()
Past the end of training data. Read and discard all inputs.
Checking for deadlock:
There are 2 Blocked actors, 0 Stopped actors, and 3 active threads.
Waiting for actors to stop.
Sent output token with value 8.0
Next port to read input from is inputA
Called postfire()
Called prefire()
Called fire()
Read input token from inputA with value 9.0
Checking for deadlock:
There are 1 Blocked actors, 0 Stopped actors, and 3 active threads.
Waiting for actors to stop.
Called prefire()
Called fire()
Past the end of training data. Read and discard all inputs.
Checking for deadlock:
There are 2 Blocked actors, 0 Stopped actors, and 3 active threads.
Waiting for actors to stop.
Sent output token with value 9.0
Next port to read input from is inputB
Called postfire()
Called prefire()
Called fire()
Checking for deadlock:
There are 1 Blocked actors, 0 Stopped actors, and 3 active threads.
Waiting for actors to stop.
Called postfire()
Called prefire()
Called fire()
Checking for deadlock:
There are 2 Blocked actors, 0 Stopped actors, and 3 active threads.
Waiting for actors to stop.
Read input token from inputB with value 10.5
Checking for deadlock:
There are 1 Blocked actors, 0 Stopped actors, and 3 active threads.
Waiting for actors to stop.
Called prefire()
Called fire()
Past the end of training data. Read and discard all inputs.
Checking for deadlock:
There are 2 Blocked actors, 0 Stopped actors, and 3 active threads.
Waiting for actors to stop.
Sent output token with value 9.0
Next port to read input from is inputA
Called postfire()
Called prefire()
Called fire()
Checking for deadlock:
There are 3 Blocked actors, 0 Stopped actors, and 3 active threads.
Actors have stopped.
Checking for deadlock:
There are 3 Blocked actors, 0 Stopped actors, and 3 active threads.
Deadlock detected.
Resolving Deadlock
Checking for deadlock:
There are 3 Blocked actors, 0 Stopped actors, and 3 active threads.
Artificial Deadlock - increasing queue capacity.
increasing the capacity of receiver ptolemy.actor.TypedIOPort {.top.OrderedMerge.inputB} to 2
Director: Called postfire().
Called postfire().
_stopRequested = false
_stopFireRequested = false
Returning from postfire(): true
Called fire().
Checking for deadlock:
There are 2 Blocked actors, 0 Stopped actors, and 3 active threads.
Waiting for actors to stop.
-- Thread wrapup() called.
Called wrapup()
Thread .top.Ramp2 is exiting.
-- Thread stopped.
Checking for deadlock:
There are 2 Blocked actors, 0 Stopped actors, and 2 active threads.
Actors have stopped.
Checking for deadlock:
There are 2 Blocked actors, 0 Stopped actors, and 2 active threads.
Deadlock detected.
Resolving Deadlock
Checking for deadlock:
There are 2 Blocked actors, 0 Stopped actors, and 2 active threads.
Deadlock detected: no processes blocked on write, but some are blocked on read.
Called postfire().
_stopRequested = false
_stopFireRequested = false
Returning from postfire(): false
Finished deactivating branches.
Called wrapup().
-- Thread wrapup() called.
Called wrapup()
Thread .top.OrderedMerge is exiting.
-- Thread stopped.
-- Blocked Receiver call threw TerminateProcessException.
-- Thread wrapup() called.
Called wrapup()
Thread .top.Test is exiting.
-- Thread stopped.
-- Blocked Receiver call threw TerminateProcessException.
54 ms. Memory: 208384K Free: 194979K (94%)
/home/travis/build/icyphy/ptII/ptolemy/actor/lib/test/Publisher.tcl
8 ms. Memory: 208384K Free: 190240K (91%)
6 ms. Memory: 208384K Free: 183131K (88%)
3 ms. Memory: 208384K Free: 180762K (87%)
4 ms. Memory: 208384K Free: 178376K (86%)
4 ms. Memory: 208384K Free: 178376K (86%)
4 ms. Memory: 208384K Free: 176007K (84%)
3 ms. Memory: 208384K Free: 176007K (84%)
4 ms. Memory: 208384K Free: 176007K (84%)
9 ms. Memory: 208384K Free: 166528K (80%)
13 ms. Memory: 208384K Free: 161789K (78%)
7 ms. Memory: 208384K Free: 161789K (78%)
7 ms. Memory: 208384K Free: 159420K (77%)
9 ms. Memory: 208384K Free: 152311K (73%)
8 ms. Memory: 208384K Free: 140463K (67%)
13 ms. Memory: 208384K Free: 128615K (62%)
/home/travis/build/icyphy/ptII/ptolemy/actor/lib/test/Pulse.tcl
4 ms. Memory: 208384K Free: 85875K (41%)
2 ms. Memory: 208384K Free: 85875K (41%)
2 ms. Memory: 208384K Free: 85875K (41%)
2 ms. Memory: 208384K Free: 85875K (41%)
1 ms. Memory: 208384K Free: 83489K (40%)
2 ms. Memory: 208384K Free: 83489K (40%)
4 ms. Memory: 208384K Free: 83489K (40%)
3 ms. Memory: 208384K Free: 81104K (39%)
3 ms. Memory: 208384K Free: 81104K (39%)
/home/travis/build/icyphy/ptII/ptolemy/actor/lib/test/Ramp.tcl
4 ms. Memory: 208384K Free: 80094K (38%)
37 ms. Memory: 208896K Free: 198954K (95%)
2 ms. Memory: 208896K Free: 198954K (95%)
4 ms. Memory: 208896K Free: 198954K (95%)
12 ms. Memory: 208896K Free: 196583K (94%)
10 ms. Memory: 208896K Free: 196583K (94%)
8 ms. Memory: 208896K Free: 196583K (94%)
5 actors
12000 microseconds per iteration to create
8 ms. Memory: 208896K Free: 191857K (92%)
3 ms. Memory: 208896K Free: 191857K (92%)
2 ms. Memory: 208896K Free: 191857K (92%)
3 ms. Memory: 208896K Free: 191857K (92%)
50 actors
41000 microseconds per iteration to create
39 ms. Memory: 208896K Free: 175260K (84%)
7 ms. Memory: 208896K Free: 175260K (84%)
10 ms. Memory: 208896K Free: 172881K (83%)
7 ms. Memory: 208896K Free: 172881K (83%)
500 actors
1547000 microseconds per iteration to create
357 ms. Memory: 330240K Free: 242730K (74%)
78 ms. Memory: 330240K Free: 237965K (72%)
63 ms. Memory: 330240K Free: 233200K (71%)
64 ms. Memory: 330240K Free: 228435K (69%)
/home/travis/build/icyphy/ptII/ptolemy/actor/lib/test/RampContinuous.tcl
8 ms. Memory: 330240K Free: 228435K (69%)
/home/travis/build/icyphy/ptII/ptolemy/actor/lib/test/RecordAssembler.tcl
7 ms. Memory: 330240K Free: 223654K (68%)
3 ms. Memory: 330240K Free: 223654K (68%)
/home/travis/build/icyphy/ptII/ptolemy/actor/lib/test/RecordDisassembler.tcl
6 ms. Memory: 330240K Free: 223654K (68%)
3 ms. Memory: 330240K Free: 223654K (68%)
4 ms. Memory: 330240K Free: 218889K (66%)
/home/travis/build/icyphy/ptII/ptolemy/actor/lib/test/Scale.tcl
4 ms. Memory: 330240K Free: 218889K (66%)
2 ms. Memory: 330240K Free: 218889K (66%)
2 ms. Memory: 330240K Free: 218889K (66%)
3 ms. Memory: 330240K Free: 218889K (66%)
4 ms. Memory: 330240K Free: 214108K (65%)
/home/travis/build/icyphy/ptII/ptolemy/actor/lib/test/SequentialClock.tcl
preinitializing
resolving types
initializing
executing number 1
wrapping up
idle
3 ms. Memory: 330240K Free: 214108K (65%)
Completed execution with 5 iterations
preinitializing
resolving types
initializing
executing number 1
wrapping up
idle
2 ms. Memory: 330240K Free: 214108K (65%)
Completed execution with 5 iterations
preinitializing
resolving types
initializing
executing number 1
wrapping up
idle
2 ms. Memory: 330240K Free: 214108K (65%)
Completed execution with 5 iterations
/home/travis/build/icyphy/ptII/ptolemy/actor/lib/test/SetVariable.tcl
6 ms. Memory: 330240K Free: 209343K (63%)
/home/travis/build/icyphy/ptII/ptolemy/actor/lib/test/Sinewave.tcl
/home/travis/build/icyphy/ptII/ptolemy/actor/lib/test/SubscriptionAggregator.tcl
10 ms. Memory: 330240K Free: 199805K (61%)
6 ms. Memory: 330240K Free: 195040K (59%)
0 ms. Memory: 330240K Free: 195040K (59%)
1 ms. Memory: 330240K Free: 195040K (59%)
1 ms. Memory: 330240K Free: 190259K (58%)
6 ms. Memory: 330240K Free: 190259K (58%)
...............................................................1086 ms. Memory: 481280K Free: 219303K (46%)
/home/travis/build/icyphy/ptII/ptolemy/actor/lib/test/Test.tcl
 The next command will produce a warning about training mode,
   which may be ignored.
5 ms. Memory: 481280K Free: 219303K (46%)
82 ms. Memory: 481280K Free: 219303K (46%)
2 ms. Memory: 481280K Free: 219303K (46%)
3 ms. Memory: 481280K Free: 215402K (45%)
4 ms. Memory: 481280K Free: 215402K (45%)
3 ms. Memory: 481280K Free: 215402K (45%)
5 ms. Memory: 481280K Free: 207668K (43%)
 The next command will produce a warning about training mode,
   which may be ignored.
13 ms. Memory: 481280K Free: 207668K (43%)
 The next command will produce a warning about training mode,
   which may be ignored.
4 ms. Memory: 481280K Free: 207668K (43%)
2 ms. Memory: 481280K Free: 207668K (43%)
1 ms. Memory: 481280K Free: 207668K (43%)
7 ms. Memory: 481280K Free: 207668K (43%)


==== $PTII/ptolemy/actor/lib/test/Test.tcl: Test-2.2.3 Fail the array test with insufficient data
==== Contents of test case:

    # Uses 2.2 above
    set value [getParameter $const value]
    $value setToken [java::new ptolemy.data.ArrayToken "{1.0, 2.0, 3.0}"]
   
    set correctValues [getParameter $test correctValues]
    $correctValues setExpression "{{{1.0, 2.0, 3.0}}, {{1.0, 2.0, 3.0}}, {{1.0, 2.0, 3.0}}}"
    set requireAllCorrectValues [getParameter $test requireAllCorrectValues]
    $requireAllCorrectValues setExpression "true" 
    #puts [$e22 exportMoML]
    catch {[$e22 getManager] execute} errMsg
    list $errMsg

==== Result was:
{ptolemy.kernel.util.IllegalActionException: Exceptions occurred during wrapup:
ptolemy.kernel.util.IllegalActionException: The test produced only 2 tokens, yet the correctValues parameter was expecting 3 tokens.
Threads:
Threads: 8
Current Thread (*) _is not_ the Swing Event Dispatch Thread
Name                                Group                Pri Daemon Alive Curr
Reference Handler                   system               10  true   true   
Finalizer                           system               8   true   true   
Signal Dispatcher                   system               9   true   true   
process reaper                      system               10  true   true   
Java2D Disposer                     system               10  true   true   
AWT-XAWT                            system               6   true   true   
main                                main                 5   false  true  *
Timer-0                             main                 5   true   true   

  in .top.test

  in .top.<Unnamed Object>
Because:
The test produced only 2 tokens, yet the correctValues parameter was expecting 3 tokens.
Threads:
Threads: 8
Current Thread (*) _is not_ the Swing Event Dispatch Thread
Name                                Group                Pri Daemon Alive Curr
Reference Handler                   system               10  true   true   
Finalizer                           system               8   true   true   
Signal Dispatcher                   system               9   true   true   
process reaper                      system               10  true   true   
Java2D Disposer                     system               10  true   true   
AWT-XAWT                            system               6   true   true   
main                                main                 5   false  true  *
Timer-0                             main                 5   true   true   

  in .top.test}
---- Result should have been:
{ptolemy.kernel.util.IllegalActionException: Exceptions occurred during wrapup:
ptolemy.kernel.util.IllegalActionException: The test produced only 2 tokens, yet the correctValues parameter was expecting 3 tokens.
  in .top.test

  in .top.<Unnamed Object>
Because:
The test produced only 2 tokens, yet the correctValues parameter was expecting 3 tokens.
  in .top.test}
@@@@@ known results is more than 7 lines long, so we run diff
2a3,15
> Threads:
> Threads: 8
> Current Thread (*) _is not_ the Swing Event Dispatch Thread
> Name                                Group                Pri Daemon Alive Curr
> Reference Handler                   system               10  true   true   
> Finalizer                           system               8   true   true   
> Signal Dispatcher                   system               9   true   true   
> process reaper                      system               10  true   true   
> Java2D Disposer                     system               10  true   true   
> AWT-XAWT                            system               6   true   true   
> main                                main                 5   false  true  *
> Timer-0                             main                 5   true   true   
> 
7a21,33
> Threads:
> Threads: 8
> Current Thread (*) _is not_ the Swing Event Dispatch Thread
> Name                                Group                Pri Daemon Alive Curr
> Reference Handler                   system               10  true   true   
> Finalizer                           system               8   true   true   
> Signal Dispatcher                   system               9   true   true   
> process reaper                      system               10  true   true   
> Java2D Disposer                     system               10  true   true   
> AWT-XAWT                            system               6   true   true   
> main                                main                 5   false  true  *
> Timer-0                             main                 5   true   true   
> 
@@@@@ Done running diffText
---- Test-2.2.3 FAILED
4 ms. Memory: 481280K Free: 195947K (41%)
6 ms. Memory: 481280K Free: 188221K (39%)
/home/travis/build/icyphy/ptII/ptolemy/actor/lib/test/TestExceptionHandler.tcl
 The next command will produce a warning about training mode,
   which may be ignored.
3 ms. Memory: 481280K Free: 188221K (39%)
3 ms. Memory: 481280K Free: 188221K (39%)
1 ms. Memory: 481280K Free: 188221K (39%)
/home/travis/build/icyphy/ptII/ptolemy/actor/lib/test/UnionDisassembler.tcl
38 ms. Memory: 481280K Free: 180495K (38%)
/home/travis/build/icyphy/ptII/ptolemy/actor/lib/test/VariableClock.tcl
preinitializing
resolving types
initializing
executing number 1
wrapping up
idle
13 ms. Memory: 481280K Free: 172752K (36%)
Completed execution with 11 iterations
preinitializing
resolving types
initializing
executing number 1
wrapping up
idle
13 ms. Memory: 481280K Free: 172752K (36%)
Completed execution with 10 iterations
05/10/18 04:12:42
Failed: 1  Total Tests: 234  ((Passed: 233, Newly Passed: 0)  Known Failed: 0) /home/travis/build/icyphy/ptII/ptolemy/actor/lib/test
----------------- testing (KnownFailure) /home/travis/build/icyphy/ptII/ptolemy/actor/lib/test/auto/knownFailedTests/PublisherPortToplevelSubscriber.xml
1 ms. Memory: 481280K Free: 164949K (34%)
Known Failure: java.lang.reflect.InvocationTargetException
----------------- testing (KnownFailure) /home/travis/build/icyphy/ptII/ptolemy/actor/lib/test/auto/knownFailedTests/PublisherSubscriberPortToplevel.xml
1 ms. Memory: 481280K Free: 149343K (31%)
Known Failure: java.lang.reflect.InvocationTargetException
----------------- testing (KnownFailure) /home/travis/build/icyphy/ptII/ptolemy/actor/lib/test/auto/knownFailedTests/PublisherSubscriptionAggregatorPort.xml
0 ms. Memory: 481280K Free: 133737K (28%)
Known Failure: java.lang.reflect.InvocationTargetException
----------------- testing (KnownFailure) /home/travis/build/icyphy/ptII/ptolemy/actor/lib/test/auto/knownFailedTests/sizedarray3.xml
7 ms. Memory: 481280K Free: 118131K (25%)
Known Failure: java.lang.reflect.InvocationTargetException
No auto/*.xml tests in /home/travis/build/icyphy/ptII/ptolemy/actor/lib/test
AutoTests.java: About to close Vertx.
AutoTests.java: Vertx closed.
----------------- testing Thu May 10 16:12:42 UTC 2018 /home/travis/build/icyphy/ptII/ptolemy/actor/lib/test/auto/AbsoluteValue.xml
----------------- Instantiating /home/travis/build/icyphy/ptII/ptolemy/actor/lib/test/auto/AbsoluteValue.xml
10 ms. Memory: 481280K Free: 423788K (88%)
----------------- Invoking toplevel() on ptolemy.moml.MoMLSimpleApplication@63973627
----------------- Done invoking toplevel() on ptolemy.moml.MoMLSimpleApplication@63973627
reloadAllAccessors: .AbsoluteValue
----------------- testing Thu May 10 16:12:42 UTC 2018 /home/travis/build/icyphy/ptII/ptolemy/actor/lib/test/auto/AbsoluteValue2.xml
----------------- Instantiating /home/travis/build/icyphy/ptII/ptolemy/actor/lib/test/auto/AbsoluteValue2.xml
6 ms. Memory: 481280K Free: 408954K (85%)
----------------- Invoking toplevel() on ptolemy.moml.MoMLSimpleApplication@3548672e
----------------- Done invoking toplevel() on ptolemy.moml.MoMLSimpleApplication@3548672e
reloadAllAccessors: .AbsoluteValue2
----------------- testing Thu May 10 16:12:43 UTC 2018 /home/travis/build/icyphy/ptII/ptolemy/actor/lib/test/auto/Accumulator.xml
----------------- Instantiating /home/travis/build/icyphy/ptII/ptolemy/actor/lib/test/auto/Accumulator.xml
9 ms. Memory: 481280K Free: 401135K (83%)
----------------- Invoking toplevel() on ptolemy.moml.MoMLSimpleApplication@1a26474c
----------------- Done invoking toplevel() on ptolemy.moml.MoMLSimpleApplication@1a26474c
reloadAllAccessors: .Accumulator
----------------- testing Thu May 10 16:12:43 UTC 2018 /home/travis/build/icyphy/ptII/ptolemy/actor/lib/test/auto/Accumulator2.xml
----------------- Instantiating /home/travis/build/icyphy/ptII/ptolemy/actor/lib/test/auto/Accumulator2.xml
4 ms. Memory: 481280K Free: 393324K (82%)
----------------- Invoking toplevel() on ptolemy.moml.MoMLSimpleApplication@5e8848ff
----------------- Done invoking toplevel() on ptolemy.moml.MoMLSimpleApplication@5e8848ff
reloadAllAccessors: .Accumulator2
----------------- testing Thu May 10 16:12:43 UTC 2018 /home/travis/build/icyphy/ptII/ptolemy/actor/lib/test/auto/Accumulator3.xml
----------------- Instantiating /home/travis/build/icyphy/ptII/ptolemy/actor/lib/test/auto/Accumulator3.xml
11 ms. Memory: 481280K Free: 381098K (79%)
----------------- Invoking toplevel() on ptolemy.moml.MoMLSimpleApplication@2fc6d6ab
----------------- Done invoking toplevel() on ptolemy.moml.MoMLSimpleApplication@2fc6d6ab
reloadAllAccessors: .Accumulator3
----------------- testing Thu May 10 16:12:43 UTC 2018 /home/travis/build/icyphy/ptII/ptolemy/actor/lib/test/auto/ArrayAppend.xml
----------------- Instantiating /home/travis/build/icyphy/ptII/ptolemy/actor/lib/test/auto/ArrayAppend.xml
18 ms. Memory: 481280K Free: 373287K (78%)
----------------- Invoking toplevel() on ptolemy.moml.MoMLSimpleApplication@58de3f43
----------------- Done invoking toplevel() on ptolemy.moml.MoMLSimpleApplication@58de3f43
reloadAllAccessors: .ArrayAppend
----------------- testing Thu May 10 16:12:43 UTC 2018 /home/travis/build/icyphy/ptII/ptolemy/actor/lib/test/auto/ArrayAppend2.xml
----------------- Instantiating /home/travis/build/icyphy/ptII/ptolemy/actor/lib/test/auto/ArrayAppend2.xml
511 ms. Memory: 481280K Free: 287439K (60%)
----------------- Invoking toplevel() on ptolemy.moml.MoMLSimpleApplication@396b1b3
----------------- Done invoking toplevel() on ptolemy.moml.MoMLSimpleApplication@396b1b3
reloadAllAccessors: .ArrayAppend2
----------------- testing Thu May 10 16:12:43 UTC 2018 /home/travis/build/icyphy/ptII/ptolemy/actor/lib/test/auto/ArrayAppend3.xml
----------------- Instantiating /home/travis/build/icyphy/ptII/ptolemy/actor/lib/test/auto/ArrayAppend3.xml
5 ms. Memory: 481280K Free: 272596K (57%)
----------------- Invoking toplevel() on ptolemy.moml.MoMLSimpleApplication@8aa0a10
----------------- Done invoking toplevel() on ptolemy.moml.MoMLSimpleApplication@8aa0a10
reloadAllAccessors: .ArrayAppend3
----------------- testing Thu May 10 16:12:43 UTC 2018 /home/travis/build/icyphy/ptII/ptolemy/actor/lib/test/auto/ArrayAppend4.xml
----------------- Instantiating /home/travis/build/icyphy/ptII/ptolemy/actor/lib/test/auto/ArrayAppend4.xml
2 ms. Memory: 481280K Free: 264777K (55%)
----------------- Invoking toplevel() on ptolemy.moml.MoMLSimpleApplication@29481349
----------------- Done invoking toplevel() on ptolemy.moml.MoMLSimpleApplication@29481349
reloadAllAccessors: .ArrayAppend4
----------------- testing Thu May 10 16:12:44 UTC 2018 /home/travis/build/icyphy/ptII/ptolemy/actor/lib/test/auto/ArrayAppend5.xml
----------------- Instantiating /home/travis/build/icyphy/ptII/ptolemy/actor/lib/test/auto/ArrayAppend5.xml
3 ms. Memory: 481280K Free: 256958K (53%)
----------------- Invoking toplevel() on ptolemy.moml.MoMLSimpleApplication@1e60a4a1
----------------- Done invoking toplevel() on ptolemy.moml.MoMLSimpleApplication@1e60a4a1
reloadAllAccessors: .ArrayAppend5
----------------- testing Thu May 10 16:12:44 UTC 2018 /home/travis/build/icyphy/ptII/ptolemy/actor/lib/test/auto/ArrayAppend6.xml
----------------- Instantiating /home/travis/build/icyphy/ptII/ptolemy/actor/lib/test/auto/ArrayAppend6.xml
8 ms. Memory: 481280K Free: 242116K (50%)
----------------- Invoking toplevel() on ptolemy.moml.MoMLSimpleApplication@935ab96
----------------- Done invoking toplevel() on ptolemy.moml.MoMLSimpleApplication@935ab96
reloadAllAccessors: .ArrayAppend6
----------------- testing Thu May 10 16:12:44 UTC 2018 /home/travis/build/icyphy/ptII/ptolemy/actor/lib/test/auto/ArrayAppendPerformanceTest.xml
----------------- Instantiating /home/travis/build/icyphy/ptII/ptolemy/actor/lib/test/auto/ArrayAppendPerformanceTest.xml
30 ms. Memory: 481280K Free: 231696K (48%)
----------------- Invoking toplevel() on ptolemy.moml.MoMLSimpleApplication@7b382b25
----------------- Done invoking toplevel() on ptolemy.moml.MoMLSimpleApplication@7b382b25
reloadAllAccessors: .ArrayAppendPerformanceTest
----------------- testing Thu May 10 16:12:44 UTC 2018 /home/travis/build/icyphy/ptII/ptolemy/actor/lib/test/auto/ArrayAppendWithEmptyInput.xml
----------------- Instantiating /home/travis/build/icyphy/ptII/ptolemy/actor/lib/test/auto/ArrayAppendWithEmptyInput.xml
16 ms. Memory: 481280K Free: 221260K (46%)
----------------- Invoking toplevel() on ptolemy.moml.MoMLSimpleApplication@7b098167
----------------- Done invoking toplevel() on ptolemy.moml.MoMLSimpleApplication@7b098167
reloadAllAccessors: .ArrayAppendWithEmptyInput
----------------- testing Thu May 10 16:12:44 UTC 2018 /home/travis/build/icyphy/ptII/ptolemy/actor/lib/test/auto/ArrayAverage.xml
----------------- Instantiating /home/travis/build/icyphy/ptII/ptolemy/actor/lib/test/auto/ArrayAverage.xml
8 ms. Memory: 481280K Free: 203817K (42%)
----------------- Invoking toplevel() on ptolemy.moml.MoMLSimpleApplication@7ac08c93
----------------- Done invoking toplevel() on ptolemy.moml.MoMLSimpleApplication@7ac08c93
reloadAllAccessors: .ArrayAverage
----------------- testing Thu May 10 16:12:44 UTC 2018 /home/travis/build/icyphy/ptII/ptolemy/actor/lib/test/auto/ArrayContains.xml
----------------- Instantiating /home/travis/build/icyphy/ptII/ptolemy/actor/lib/test/auto/ArrayContains.xml
11 ms. Memory: 481280K Free: 195998K (41%)
----------------- Invoking toplevel() on ptolemy.moml.MoMLSimpleApplication@12fc3ddc
----------------- Done invoking toplevel() on ptolemy.moml.MoMLSimpleApplication@12fc3ddc
reloadAllAccessors: .ArrayContains
----------------- testing Thu May 10 16:12:44 UTC 2018 /home/travis/build/icyphy/ptII/ptolemy/actor/lib/test/auto/ArrayElement.xml
----------------- Instantiating /home/travis/build/icyphy/ptII/ptolemy/actor/lib/test/auto/ArrayElement.xml
14 ms. Memory: 481280K Free: 188195K (39%)
----------------- Invoking toplevel() on ptolemy.moml.MoMLSimpleApplication@4bc7507f
----------------- Done invoking toplevel() on ptolemy.moml.MoMLSimpleApplication@4bc7507f
reloadAllAccessors: .ArrayElement
----------------- testing Thu May 10 16:12:44 UTC 2018 /home/travis/build/icyphy/ptII/ptolemy/actor/lib/test/auto/ArrayElementAsMatrix.xml
----------------- Instantiating /home/travis/build/icyphy/ptII/ptolemy/actor/lib/test/auto/ArrayElementAsMatrix.xml
29 ms. Memory: 481280K Free: 177775K (37%)
----------------- Invoking toplevel() on ptolemy.moml.MoMLSimpleApplication@7b8d0b72
----------------- Done invoking toplevel() on ptolemy.moml.MoMLSimpleApplication@7b8d0b72
reloadAllAccessors: .ArrayElementAsMatrix
----------------- testing Thu May 10 16:12:44 UTC 2018 /home/travis/build/icyphy/ptII/ptolemy/actor/lib/test/auto/ArrayElementI.xml
----------------- Instantiating /home/travis/build/icyphy/ptII/ptolemy/actor/lib/test/auto/ArrayElementI.xml
5 ms. Memory: 481280K Free: 162940K (34%)
----------------- Invoking toplevel() on ptolemy.moml.MoMLSimpleApplication@5c89d19c
----------------- Done invoking toplevel() on ptolemy.moml.MoMLSimpleApplication@5c89d19c
reloadAllAccessors: .ArrayElementI
----------------- testing Thu May 10 16:12:44 UTC 2018 /home/travis/build/icyphy/ptII/ptolemy/actor/lib/test/auto/ArrayExtract.xml
----------------- Instantiating /home/travis/build/icyphy/ptII/ptolemy/actor/lib/test/auto/ArrayExtract.xml
6 ms. Memory: 481280K Free: 155121K (32%)
----------------- Invoking toplevel() on ptolemy.moml.MoMLSimpleApplication@63ccc0eb
----------------- Done invoking toplevel() on ptolemy.moml.MoMLSimpleApplication@63ccc0eb
reloadAllAccessors: .ArrayExtract
----------------- testing Thu May 10 16:12:44 UTC 2018 /home/travis/build/icyphy/ptII/ptolemy/actor/lib/test/auto/ArrayExtract2.xml
----------------- Instantiating /home/travis/build/icyphy/ptII/ptolemy/actor/lib/test/auto/ArrayExtract2.xml
4 ms. Memory: 481280K Free: 147302K (31%)
----------------- Invoking toplevel() on ptolemy.moml.MoMLSimpleApplication@7948c781
----------------- Done invoking toplevel() on ptolemy.moml.MoMLSimpleApplication@7948c781
reloadAllAccessors: .ArrayExtract2
----------------- testing Thu May 10 16:12:44 UTC 2018 /home/travis/build/icyphy/ptII/ptolemy/actor/lib/test/auto/ArrayLength.xml
----------------- Instantiating /home/travis/build/icyphy/ptII/ptolemy/actor/lib/test/auto/ArrayLength.xml
2 ms. Memory: 481280K Free: 135076K (28%)
----------------- Invoking toplevel() on ptolemy.moml.MoMLSimpleApplication@4b23ac7a
----------------- Done invoking toplevel() on ptolemy.moml.MoMLSimpleApplication@4b23ac7a
reloadAllAccessors: .ArrayLength
----------------- testing Thu May 10 16:12:44 UTC 2018 /home/travis/build/icyphy/ptII/ptolemy/actor/lib/test/auto/ArrayLevelCrossing.xml
----------------- Instantiating /home/travis/build/icyphy/ptII/ptolemy/actor/lib/test/auto/ArrayLevelCrossing.xml
5 ms. Memory: 481280K Free: 124625K (26%)
----------------- Invoking toplevel() on ptolemy.moml.MoMLSimpleApplication@3a559878
----------------- Done invoking toplevel() on ptolemy.moml.MoMLSimpleApplication@3a559878
reloadAllAccessors: .ArrayLevelCrossing
----------------- testing Thu May 10 16:12:44 UTC 2018 /home/travis/build/icyphy/ptII/ptolemy/actor/lib/test/auto/ArrayLevelCrossing2.xml
----------------- Instantiating /home/travis/build/icyphy/ptII/ptolemy/actor/lib/test/auto/ArrayLevelCrossing2.xml
4 ms. Memory: 481280K Free: 116806K (24%)
----------------- Invoking toplevel() on ptolemy.moml.MoMLSimpleApplication@37f44649
----------------- Done invoking toplevel() on ptolemy.moml.MoMLSimpleApplication@37f44649
reloadAllAccessors: .ArrayLevelCrossing2
----------------- testing Thu May 10 16:12:44 UTC 2018 /home/travis/build/icyphy/ptII/ptolemy/actor/lib/test/auto/ArrayPeakSearch.xml
----------------- Instantiating /home/travis/build/icyphy/ptII/ptolemy/actor/lib/test/auto/ArrayPeakSearch.xml
5 ms. Memory: 739840K Free: 682683K (92%)
----------------- Invoking toplevel() on ptolemy.moml.MoMLSimpleApplication@5e1ecbba
----------------- Done invoking toplevel() on ptolemy.moml.MoMLSimpleApplication@5e1ecbba
reloadAllAccessors: .ArrayPeakSearch
----------------- testing Thu May 10 16:12:45 UTC 2018 /home/travis/build/icyphy/ptII/ptolemy/actor/lib/test/auto/ArrayPeakSearch2.xml
----------------- Instantiating /home/travis/build/icyphy/ptII/ptolemy/actor/lib/test/auto/ArrayPeakSearch2.xml
7 ms. Memory: 739840K Free: 662027K (89%)
----------------- Invoking toplevel() on ptolemy.moml.MoMLSimpleApplication@36bb6d60
----------------- Done invoking toplevel() on ptolemy.moml.MoMLSimpleApplication@36bb6d60
reloadAllAccessors: .ArrayPeakSearch2
----------------- testing Thu May 10 16:12:45 UTC 2018 /home/travis/build/icyphy/ptII/ptolemy/actor/lib/test/auto/ArrayPeakSearch3.xml
----------------- Instantiating /home/travis/build/icyphy/ptII/ptolemy/actor/lib/test/auto/ArrayPeakSearch3.xml
8 ms. Memory: 739840K Free: 649529K (88%)
----------------- Invoking toplevel() on ptolemy.moml.MoMLSimpleApplication@77ee0a86
----------------- Done invoking toplevel() on ptolemy.moml.MoMLSimpleApplication@77ee0a86
reloadAllAccessors: .ArrayPeakSearch3
----------------- testing Thu May 10 16:12:45 UTC 2018 /home/travis/build/icyphy/ptII/ptolemy/actor/lib/test/auto/ArrayRemoveElement.xml
----------------- Instantiating /home/travis/build/icyphy/ptII/ptolemy/actor/lib/test/auto/ArrayRemoveElement.xml
8 ms. Memory: 739840K Free: 637046K (86%)
----------------- Invoking toplevel() on ptolemy.moml.MoMLSimpleApplication@7cacdea
----------------- Done invoking toplevel() on ptolemy.moml.MoMLSimpleApplication@7cacdea
reloadAllAccessors: .ArrayRemoveElement
----------------- testing Thu May 10 16:12:45 UTC 2018 /home/travis/build/icyphy/ptII/ptolemy/actor/lib/test/auto/ArraySort.xml
----------------- Instantiating /home/travis/build/icyphy/ptII/ptolemy/actor/lib/test/auto/ArraySort.xml
7 ms. Memory: 739840K Free: 616520K (83%)
----------------- Invoking toplevel() on ptolemy.moml.MoMLSimpleApplication@6f5a7447
----------------- Done invoking toplevel() on ptolemy.moml.MoMLSimpleApplication@6f5a7447
reloadAllAccessors: .ArraySort
----------------- testing Thu May 10 16:12:45 UTC 2018 /home/travis/build/icyphy/ptII/ptolemy/actor/lib/test/auto/ArraySum.xml
----------------- Instantiating /home/travis/build/icyphy/ptII/ptolemy/actor/lib/test/auto/ArraySum.xml
10 ms. Memory: 739840K Free: 608199K (82%)
----------------- Invoking toplevel() on ptolemy.moml.MoMLSimpleApplication@7ec4de2d
----------------- Done invoking toplevel() on ptolemy.moml.MoMLSimpleApplication@7ec4de2d
reloadAllAccessors: .ArraySum
----------------- testing Thu May 10 16:12:45 UTC 2018 /home/travis/build/icyphy/ptII/ptolemy/actor/lib/test/auto/ArrayToElements.xml
----------------- Instantiating /home/travis/build/icyphy/ptII/ptolemy/actor/lib/test/auto/ArrayToElements.xml
6 ms. Memory: 739840K Free: 599877K (81%)
----------------- Invoking toplevel() on ptolemy.moml.MoMLSimpleApplication@3fa0b376
----------------- Done invoking toplevel() on ptolemy.moml.MoMLSimpleApplication@3fa0b376
reloadAllAccessors: .ArrayToElements
----------------- testing Thu May 10 16:12:45 UTC 2018 /home/travis/build/icyphy/ptII/ptolemy/actor/lib/test/auto/ArrayToMatrix.xml
----------------- Instantiating /home/travis/build/icyphy/ptII/ptolemy/actor/lib/test/auto/ArrayToMatrix.xml
9 ms. Memory: 739840K Free: 579048K (78%)
----------------- Invoking toplevel() on ptolemy.moml.MoMLSimpleApplication@6b55d977
----------------- Done invoking toplevel() on ptolemy.moml.MoMLSimpleApplication@6b55d977
reloadAllAccessors: .ArrayToMatrix
----------------- testing Thu May 10 16:12:45 UTC 2018 /home/travis/build/icyphy/ptII/ptolemy/actor/lib/test/auto/ArrayUpdate1.xml
----------------- Instantiating /home/travis/build/icyphy/ptII/ptolemy/actor/lib/test/auto/ArrayUpdate1.xml
3 ms. Memory: 739840K Free: 562700K (76%)
----------------- Invoking toplevel() on ptolemy.moml.MoMLSimpleApplication@7d4a1884
----------------- Done invoking toplevel() on ptolemy.moml.MoMLSimpleApplication@7d4a1884
reloadAllAccessors: .ArrayUpdate1
----------------- testing Thu May 10 16:12:45 UTC 2018 /home/travis/build/icyphy/ptII/ptolemy/actor/lib/test/auto/ArrayUpdate2.xml
----------------- Instantiating /home/travis/build/icyphy/ptII/ptolemy/actor/lib/test/auto/ArrayUpdate2.xml
6 ms. Memory: 739840K Free: 554378K (75%)
----------------- Invoking toplevel() on ptolemy.moml.MoMLSimpleApplication@6837df7e
----------------- Done invoking toplevel() on ptolemy.moml.MoMLSimpleApplication@6837df7e
reloadAllAccessors: .ArrayUpdate2
----------------- testing Thu May 10 16:12:45 UTC 2018 /home/travis/build/icyphy/ptII/ptolemy/actor/lib/test/auto/ArrayUpdate3.xml
----------------- Instantiating /home/travis/build/icyphy/ptII/ptolemy/actor/lib/test/auto/ArrayUpdate3.xml
7 ms. Memory: 739840K Free: 546056K (74%)
----------------- Invoking toplevel() on ptolemy.moml.MoMLSimpleApplication@19351f20
----------------- Done invoking toplevel() on ptolemy.moml.MoMLSimpleApplication@19351f20
reloadAllAccessors: .ArrayUpdate3
----------------- testing Thu May 10 16:12:46 UTC 2018 /home/travis/build/icyphy/ptII/ptolemy/actor/lib/test/auto/Assert1.xml
----------------- Instantiating /home/travis/build/icyphy/ptII/ptolemy/actor/lib/test/auto/Assert1.xml
4 ms. Memory: 739840K Free: 529707K (72%)
----------------- Invoking toplevel() on ptolemy.moml.MoMLSimpleApplication@4e6ed41b
----------------- Done invoking toplevel() on ptolemy.moml.MoMLSimpleApplication@4e6ed41b
reloadAllAccessors: .Assert1
----------------- testing Thu May 10 16:12:46 UTC 2018 /home/travis/build/icyphy/ptII/ptolemy/actor/lib/test/auto/Assert2.xml
----------------- Instantiating /home/travis/build/icyphy/ptII/ptolemy/actor/lib/test/auto/Assert2.xml
7 ms. Memory: 739840K Free: 521385K (70%)
----------------- Invoking toplevel() on ptolemy.moml.MoMLSimpleApplication@2363b54c
----------------- Done invoking toplevel() on ptolemy.moml.MoMLSimpleApplication@2363b54c
reloadAllAccessors: .Assert2
----------------- testing Thu May 10 16:12:46 UTC 2018 /home/travis/build/icyphy/ptII/ptolemy/actor/lib/test/auto/BooleanMultiplexor.xml
----------------- Instantiating /home/travis/build/icyphy/ptII/ptolemy/actor/lib/test/auto/BooleanMultiplexor.xml
3 ms. Memory: 739840K Free: 513063K (69%)
----------------- Invoking toplevel() on ptolemy.moml.MoMLSimpleApplication@7096437f
----------------- Done invoking toplevel() on ptolemy.moml.MoMLSimpleApplication@7096437f
reloadAllAccessors: .BooleanMultiplexor
----------------- testing Thu May 10 16:12:46 UTC 2018 /home/travis/build/icyphy/ptII/ptolemy/actor/lib/test/auto/BooleanMultiplexor2.xml
----------------- Instantiating /home/travis/build/icyphy/ptII/ptolemy/actor/lib/test/auto/BooleanMultiplexor2.xml
12 ms. Memory: 739840K Free: 500565K (68%)
----------------- Invoking toplevel() on ptolemy.moml.MoMLSimpleApplication@1c003ea3
----------------- Done invoking toplevel() on ptolemy.moml.MoMLSimpleApplication@1c003ea3
reloadAllAccessors: .BooleanMultiplexor2
----------------- testing Thu May 10 16:12:46 UTC 2018 /home/travis/build/icyphy/ptII/ptolemy/actor/lib/test/auto/BooleanMultiplexor3.xml
----------------- Instantiating /home/travis/build/icyphy/ptII/ptolemy/actor/lib/test/auto/BooleanMultiplexor3.xml
11 ms. Memory: 739840K Free: 484216K (65%)
----------------- Invoking toplevel() on ptolemy.moml.MoMLSimpleApplication@5830756a
----------------- Done invoking toplevel() on ptolemy.moml.MoMLSimpleApplication@5830756a
reloadAllAccessors: .BooleanMultiplexor3
----------------- testing Thu May 10 16:12:46 UTC 2018 /home/travis/build/icyphy/ptII/ptolemy/actor/lib/test/auto/BooleanSelect.xml
----------------- Instantiating /home/travis/build/icyphy/ptII/ptolemy/actor/lib/test/auto/BooleanSelect.xml
11 ms. Memory: 739840K Free: 475894K (64%)
----------------- Invoking toplevel() on ptolemy.moml.MoMLSimpleApplication@60712fb2
----------------- Done invoking toplevel() on ptolemy.moml.MoMLSimpleApplication@60712fb2
reloadAllAccessors: .BooleanSelect
----------------- testing Thu May 10 16:12:46 UTC 2018 /home/travis/build/icyphy/ptII/ptolemy/actor/lib/test/auto/BooleanSelect2.xml
----------------- Instantiating /home/travis/build/icyphy/ptII/ptolemy/actor/lib/test/auto/BooleanSelect2.xml
2 ms. Memory: 739840K Free: 467572K (63%)
----------------- Invoking toplevel() on ptolemy.moml.MoMLSimpleApplication@66a1f8e6
----------------- Done invoking toplevel() on ptolemy.moml.MoMLSimpleApplication@66a1f8e6
reloadAllAccessors: .BooleanSelect2
----------------- testing Thu May 10 16:12:46 UTC 2018 /home/travis/build/icyphy/ptII/ptolemy/actor/lib/test/auto/BooleanSwitch.xml
----------------- Instantiating /home/travis/build/icyphy/ptII/ptolemy/actor/lib/test/auto/BooleanSwitch.xml
6 ms. Memory: 739840K Free: 459251K (62%)
----------------- Invoking toplevel() on ptolemy.moml.MoMLSimpleApplication@dcba62e
----------------- Done invoking toplevel() on ptolemy.moml.MoMLSimpleApplication@dcba62e
reloadAllAccessors: .BooleanSwitch
----------------- testing Thu May 10 16:12:46 UTC 2018 /home/travis/build/icyphy/ptII/ptolemy/actor/lib/test/auto/BooleanSwitch2.xml
----------------- Instantiating /home/travis/build/icyphy/ptII/ptolemy/actor/lib/test/auto/BooleanSwitch2.xml
1 ms. Memory: 739840K Free: 442902K (60%)
----------------- Invoking toplevel() on ptolemy.moml.MoMLSimpleApplication@28323f72
----------------- Done invoking toplevel() on ptolemy.moml.MoMLSimpleApplication@28323f72
reloadAllAccessors: .BooleanSwitch2
----------------- testing Thu May 10 16:12:46 UTC 2018 /home/travis/build/icyphy/ptII/ptolemy/actor/lib/test/auto/BooleanSwitchCloningBugWithClassRelationGroup.xml
----------------- Instantiating /home/travis/build/icyphy/ptII/ptolemy/actor/lib/test/auto/BooleanSwitchCloningBugWithClassRelationGroup.xml
5 ms. Memory: 739840K Free: 430403K (58%)
----------------- Invoking toplevel() on ptolemy.moml.MoMLSimpleApplication@1c5e71a6
----------------- Done invoking toplevel() on ptolemy.moml.MoMLSimpleApplication@1c5e71a6
reloadAllAccessors: .BooleanSwitchCloningBugWithClassRelationGroup
----------------- testing Thu May 10 16:12:46 UTC 2018 /home/travis/build/icyphy/ptII/ptolemy/actor/lib/test/auto/BusActors.xml
----------------- Instantiating /home/travis/build/icyphy/ptII/ptolemy/actor/lib/test/auto/BusActors.xml
6 ms. Memory: 739840K Free: 417905K (56%)
----------------- Invoking toplevel() on ptolemy.moml.MoMLSimpleApplication@3d614e7c
----------------- Done invoking toplevel() on ptolemy.moml.MoMLSimpleApplication@3d614e7c
reloadAllAccessors: .BusActors
----------------- testing Thu May 10 16:12:46 UTC 2018 /home/travis/build/icyphy/ptII/ptolemy/actor/lib/test/auto/ClassWrapper.xml
----------------- Instantiating /home/travis/build/icyphy/ptII/ptolemy/actor/lib/test/auto/ClassWrapper.xml
4 ms. Memory: 739840K Free: 401556K (54%)
----------------- Invoking toplevel() on ptolemy.moml.MoMLSimpleApplication@4139249c
----------------- Done invoking toplevel() on ptolemy.moml.MoMLSimpleApplication@4139249c
reloadAllAccessors: .ClassWrapper
----------------- testing Thu May 10 16:12:46 UTC 2018 /home/travis/build/icyphy/ptII/ptolemy/actor/lib/test/auto/Clock.xml
----------------- Instantiating /home/travis/build/icyphy/ptII/ptolemy/actor/lib/test/auto/Clock.xml
4 ms. Memory: 739840K Free: 393234K (53%)
----------------- Invoking toplevel() on ptolemy.moml.MoMLSimpleApplication@4bb393d3
----------------- Done invoking toplevel() on ptolemy.moml.MoMLSimpleApplication@4bb393d3
reloadAllAccessors: .Clock
----------------- testing Thu May 10 16:12:46 UTC 2018 /home/travis/build/icyphy/ptII/ptolemy/actor/lib/test/auto/Clock10.xml
----------------- Instantiating /home/travis/build/icyphy/ptII/ptolemy/actor/lib/test/auto/Clock10.xml
5 ms. Memory: 739840K Free: 384912K (52%)
----------------- Invoking toplevel() on ptolemy.moml.MoMLSimpleApplication@345296d6
----------------- Done invoking toplevel() on ptolemy.moml.MoMLSimpleApplication@345296d6
reloadAllAccessors: .Clock10
----------------- testing Thu May 10 16:12:46 UTC 2018 /home/travis/build/icyphy/ptII/ptolemy/actor/lib/test/auto/Clock11.xml
----------------- Instantiating /home/travis/build/icyphy/ptII/ptolemy/actor/lib/test/auto/Clock11.xml
9 ms. Memory: 739840K Free: 376590K (51%)
----------------- Invoking toplevel() on ptolemy.moml.MoMLSimpleApplication@612040a1
----------------- Done invoking toplevel() on ptolemy.moml.MoMLSimpleApplication@612040a1
reloadAllAccessors: .Clock11
----------------- testing Thu May 10 16:12:46 UTC 2018 /home/travis/build/icyphy/ptII/ptolemy/actor/lib/test/auto/Clock12.xml
----------------- Instantiating /home/travis/build/icyphy/ptII/ptolemy/actor/lib/test/auto/Clock12.xml
6 ms. Memory: 739840K Free: 360241K (49%)
----------------- Invoking toplevel() on ptolemy.moml.MoMLSimpleApplication@2d9a640c
----------------- Done invoking toplevel() on ptolemy.moml.MoMLSimpleApplication@2d9a640c
reloadAllAccessors: .Clock12
----------------- testing Thu May 10 16:12:46 UTC 2018 /home/travis/build/icyphy/ptII/ptolemy/actor/lib/test/auto/Clock13.xml
----------------- Instantiating /home/travis/build/icyphy/ptII/ptolemy/actor/lib/test/auto/Clock13.xml
6 ms. Memory: 739840K Free: 351920K (48%)
----------------- Invoking toplevel() on ptolemy.moml.MoMLSimpleApplication@4d72deee
----------------- Done invoking toplevel() on ptolemy.moml.MoMLSimpleApplication@4d72deee
reloadAllAccessors: .Clock13
----------------- testing Thu May 10 16:12:46 UTC 2018 /home/travis/build/icyphy/ptII/ptolemy/actor/lib/test/auto/Clock14.xml
----------------- Instantiating /home/travis/build/icyphy/ptII/ptolemy/actor/lib/test/auto/Clock14.xml
3 ms. Memory: 739840K Free: 343598K (46%)
----------------- Invoking toplevel() on ptolemy.moml.MoMLSimpleApplication@10df98b7
----------------- Done invoking toplevel() on ptolemy.moml.MoMLSimpleApplication@10df98b7
reloadAllAccessors: .Clock14
----------------- testing Thu May 10 16:12:46 UTC 2018 /home/travis/build/icyphy/ptII/ptolemy/actor/lib/test/auto/Clock15.xml
----------------- Instantiating /home/travis/build/icyphy/ptII/ptolemy/actor/lib/test/auto/Clock15.xml
4 ms. Memory: 739840K Free: 327249K (44%)
----------------- Invoking toplevel() on ptolemy.moml.MoMLSimpleApplication@1a72bd87
----------------- Done invoking toplevel() on ptolemy.moml.MoMLSimpleApplication@1a72bd87
reloadAllAccessors: .Clock15
----------------- testing Thu May 10 16:12:46 UTC 2018 /home/travis/build/icyphy/ptII/ptolemy/actor/lib/test/auto/Clock16.xml
----------------- Instantiating /home/travis/build/icyphy/ptII/ptolemy/actor/lib/test/auto/Clock16.xml
34 ms. Memory: 739840K Free: 310589K (42%)
----------------- Invoking toplevel() on ptolemy.moml.MoMLSimpleApplication@640d03a0
----------------- Done invoking toplevel() on ptolemy.moml.MoMLSimpleApplication@640d03a0
reloadAllAccessors: .Clock16
----------------- testing Thu May 10 16:12:46 UTC 2018 /home/travis/build/icyphy/ptII/ptolemy/actor/lib/test/auto/Clock17.xml
----------------- Instantiating /home/travis/build/icyphy/ptII/ptolemy/actor/lib/test/auto/Clock17.xml
36 ms. Memory: 739840K Free: 293938K (40%)
----------------- Invoking toplevel() on ptolemy.moml.MoMLSimpleApplication@2b56d451
----------------- Done invoking toplevel() on ptolemy.moml.MoMLSimpleApplication@2b56d451
reloadAllAccessors: .Clock17
----------------- testing Thu May 10 16:12:47 UTC 2018 /home/travis/build/icyphy/ptII/ptolemy/actor/lib/test/auto/Clock18.xml
----------------- Instantiating /home/travis/build/icyphy/ptII/ptolemy/actor/lib/test/auto/Clock18.xml
21 ms. Memory: 739840K Free: 277286K (37%)
----------------- Invoking toplevel() on ptolemy.moml.MoMLSimpleApplication@b704bbe
----------------- Done invoking toplevel() on ptolemy.moml.MoMLSimpleApplication@b704bbe
reloadAllAccessors: .Clock18
----------------- testing Thu May 10 16:12:47 UTC 2018 /home/travis/build/icyphy/ptII/ptolemy/actor/lib/test/auto/Clock19.xml
----------------- Instantiating /home/travis/build/icyphy/ptII/ptolemy/actor/lib/test/auto/Clock19.xml
19 ms. Memory: 739840K Free: 252584K (34%)
----------------- Invoking toplevel() on ptolemy.moml.MoMLSimpleApplication@48f27f03
----------------- Done invoking toplevel() on ptolemy.moml.MoMLSimpleApplication@48f27f03
reloadAllAccessors: .Clock19
----------------- testing Thu May 10 16:12:47 UTC 2018 /home/travis/build/icyphy/ptII/ptolemy/actor/lib/test/auto/Clock2.xml
----------------- Instantiating /home/travis/build/icyphy/ptII/ptolemy/actor/lib/test/auto/Clock2.xml
2 ms. Memory: 739840K Free: 244262K (33%)
----------------- Invoking toplevel() on ptolemy.moml.MoMLSimpleApplication@121edb52
----------------- Done invoking toplevel() on ptolemy.moml.MoMLSimpleApplication@121edb52
reloadAllAccessors: .Clock2
----------------- testing Thu May 10 16:12:47 UTC 2018 /home/travis/build/icyphy/ptII/ptolemy/actor/lib/test/auto/Clock20.xml
----------------- Instantiating /home/travis/build/icyphy/ptII/ptolemy/actor/lib/test/auto/Clock20.xml
11 ms. Memory: 739840K Free: 235940K (32%)
----------------- Invoking toplevel() on ptolemy.moml.MoMLSimpleApplication@79d05aea
----------------- Done invoking toplevel() on ptolemy.moml.MoMLSimpleApplication@79d05aea
reloadAllAccessors: .Clock20
----------------- testing Thu May 10 16:12:47 UTC 2018 /home/travis/build/icyphy/ptII/ptolemy/actor/lib/test/auto/Clock21.xml
----------------- Instantiating /home/travis/build/icyphy/ptII/ptolemy/actor/lib/test/auto/Clock21.xml
9 ms. Memory: 739840K Free: 219592K (30%)
----------------- Invoking toplevel() on ptolemy.moml.MoMLSimpleApplication@612718a2
----------------- Done invoking toplevel() on ptolemy.moml.MoMLSimpleApplication@612718a2
reloadAllAccessors: .Clock21
----------------- testing Thu May 10 16:12:47 UTC 2018 /home/travis/build/icyphy/ptII/ptolemy/actor/lib/test/auto/Clock22.xml
----------------- Instantiating /home/travis/build/icyphy/ptII/ptolemy/actor/lib/test/auto/Clock22.xml
9 ms. Memory: 739840K Free: 211270K (29%)
----------------- Invoking toplevel() on ptolemy.moml.MoMLSimpleApplication@69327736
----------------- Done invoking toplevel() on ptolemy.moml.MoMLSimpleApplication@69327736
reloadAllAccessors: .Clock22
----------------- testing Thu May 10 16:12:47 UTC 2018 /home/travis/build/icyphy/ptII/ptolemy/actor/lib/test/auto/Clock23.xml
----------------- Instantiating /home/travis/build/icyphy/ptII/ptolemy/actor/lib/test/auto/Clock23.xml
9 ms. Memory: 739840K Free: 202948K (27%)
----------------- Invoking toplevel() on ptolemy.moml.MoMLSimpleApplication@7695b9ff
----------------- Done invoking toplevel() on ptolemy.moml.MoMLSimpleApplication@7695b9ff
reloadAllAccessors: .Clock23
----------------- testing Thu May 10 16:12:47 UTC 2018 /home/travis/build/icyphy/ptII/ptolemy/actor/lib/test/auto/Clock24.xml
----------------- Instantiating /home/travis/build/icyphy/ptII/ptolemy/actor/lib/test/auto/Clock24.xml
8 ms. Memory: 739840K Free: 194626K (26%)
----------------- Invoking toplevel() on ptolemy.moml.MoMLSimpleApplication@1a30f875
----------------- Done invoking toplevel() on ptolemy.moml.MoMLSimpleApplication@1a30f875
reloadAllAccessors: .Clock24
----------------- testing Thu May 10 16:12:47 UTC 2018 /home/travis/build/icyphy/ptII/ptolemy/actor/lib/test/auto/Clock4.xml
----------------- Instantiating /home/travis/build/icyphy/ptII/ptolemy/actor/lib/test/auto/Clock4.xml
7 ms. Memory: 739840K Free: 178278K (24%)
----------------- Invoking toplevel() on ptolemy.moml.MoMLSimpleApplication@5bc63f8b
----------------- Done invoking toplevel() on ptolemy.moml.MoMLSimpleApplication@5bc63f8b
reloadAllAccessors: .Clock4
----------------- testing Thu May 10 16:12:47 UTC 2018 /home/travis/build/icyphy/ptII/ptolemy/actor/lib/test/auto/Clock5.xml
----------------- Instantiating /home/travis/build/icyphy/ptII/ptolemy/actor/lib/test/auto/Clock5.xml
2 ms. Memory: 739840K Free: 169956K (23%)
----------------- Invoking toplevel() on ptolemy.moml.MoMLSimpleApplication@51899269
----------------- Done invoking toplevel() on ptolemy.moml.MoMLSimpleApplication@51899269
reloadAllAccessors: .Clock5
----------------- testing Thu May 10 16:12:47 UTC 2018 /home/travis/build/icyphy/ptII/ptolemy/actor/lib/test/auto/Clock6.xml
----------------- Instantiating /home/travis/build/icyphy/ptII/ptolemy/actor/lib/test/auto/Clock6.xml
2 ms. Memory: 739840K Free: 161634K (22%)
----------------- Invoking toplevel() on ptolemy.moml.MoMLSimpleApplication@5f2cf14b
----------------- Done invoking toplevel() on ptolemy.moml.MoMLSimpleApplication@5f2cf14b
reloadAllAccessors: .Clock6
----------------- testing Thu May 10 16:12:47 UTC 2018 /home/travis/build/icyphy/ptII/ptolemy/actor/lib/test/auto/Clock7.xml
----------------- Instantiating /home/travis/build/icyphy/ptII/ptolemy/actor/lib/test/auto/Clock7.xml
2 ms. Memory: 739840K Free: 153312K (21%)
----------------- Invoking toplevel() on ptolemy.moml.MoMLSimpleApplication@2f74155c
----------------- Done invoking toplevel() on ptolemy.moml.MoMLSimpleApplication@2f74155c
reloadAllAccessors: .Clock7
----------------- testing Thu May 10 16:12:47 UTC 2018 /home/travis/build/icyphy/ptII/ptolemy/actor/lib/test/auto/Clock8.xml
----------------- Instantiating /home/travis/build/icyphy/ptII/ptolemy/actor/lib/test/auto/Clock8.xml
9 ms. Memory: 739840K Free: 136964K (19%)
----------------- Invoking toplevel() on ptolemy.moml.MoMLSimpleApplication@165cdf0f
----------------- Done invoking toplevel() on ptolemy.moml.MoMLSimpleApplication@165cdf0f
reloadAllAccessors: .Clock8
----------------- testing Thu May 10 16:12:47 UTC 2018 /home/travis/build/icyphy/ptII/ptolemy/actor/lib/test/auto/Clock9.xml
----------------- Instantiating /home/travis/build/icyphy/ptII/ptolemy/actor/lib/test/auto/Clock9.xml
9 ms. Memory: 739840K Free: 128642K (17%)
----------------- Invoking toplevel() on ptolemy.moml.MoMLSimpleApplication@69bd776b
----------------- Done invoking toplevel() on ptolemy.moml.MoMLSimpleApplication@69bd776b
reloadAllAccessors: .Clock9
----------------- testing Thu May 10 16:12:47 UTC 2018 /home/travis/build/icyphy/ptII/ptolemy/actor/lib/test/auto/CommDistDiscard.xml
----------------- Instantiating /home/travis/build/icyphy/ptII/ptolemy/actor/lib/test/auto/CommDistDiscard.xml
6 ms. Memory: 739840K Free: 120320K (16%)
----------------- Invoking toplevel() on ptolemy.moml.MoMLSimpleApplication@38175790
----------------- Done invoking toplevel() on ptolemy.moml.MoMLSimpleApplication@38175790
reloadAllAccessors: .CommDistDiscard
----------------- testing Thu May 10 16:12:47 UTC 2018 /home/travis/build/icyphy/ptII/ptolemy/actor/lib/test/auto/Commutator.xml
----------------- Instantiating /home/travis/build/icyphy/ptII/ptolemy/actor/lib/test/auto/Commutator.xml
3 ms. Memory: 739840K Free: 103971K (14%)
----------------- Invoking toplevel() on ptolemy.moml.MoMLSimpleApplication@6cfaa83c
----------------- Done invoking toplevel() on ptolemy.moml.MoMLSimpleApplication@6cfaa83c
reloadAllAccessors: .Commutator
----------------- testing Thu May 10 16:12:47 UTC 2018 /home/travis/build/icyphy/ptII/ptolemy/actor/lib/test/auto/Commutator2.xml
----------------- Instantiating /home/travis/build/icyphy/ptII/ptolemy/actor/lib/test/auto/Commutator2.xml
3 ms. Memory: 739840K Free: 95649K (13%)
----------------- Invoking toplevel() on ptolemy.moml.MoMLSimpleApplication@2419c49b
----------------- Done invoking toplevel() on ptolemy.moml.MoMLSimpleApplication@2419c49b
reloadAllAccessors: .Commutator2
----------------- testing Thu May 10 16:12:47 UTC 2018 /home/travis/build/icyphy/ptII/ptolemy/actor/lib/test/auto/Commutator3.xml
----------------- Instantiating /home/travis/build/icyphy/ptII/ptolemy/actor/lib/test/auto/Commutator3.xml
3 ms. Memory: 739840K Free: 87328K (12%)
----------------- Invoking toplevel() on ptolemy.moml.MoMLSimpleApplication@76ad06a7
----------------- Done invoking toplevel() on ptolemy.moml.MoMLSimpleApplication@76ad06a7
reloadAllAccessors: .Commutator3
----------------- testing Thu May 10 16:12:47 UTC 2018 /home/travis/build/icyphy/ptII/ptolemy/actor/lib/test/auto/Compare.xml
----------------- Instantiating /home/travis/build/icyphy/ptII/ptolemy/actor/lib/test/auto/Compare.xml
3 ms. Memory: 739840K Free: 77311K (10%)
----------------- Invoking toplevel() on ptolemy.moml.MoMLSimpleApplication@20431162
----------------- Done invoking toplevel() on ptolemy.moml.MoMLSimpleApplication@20431162
reloadAllAccessors: .Compare
----------------- testing Thu May 10 16:12:47 UTC 2018 /home/travis/build/icyphy/ptII/ptolemy/actor/lib/test/auto/CompareDE.xml
----------------- Instantiating /home/travis/build/icyphy/ptII/ptolemy/actor/lib/test/auto/CompareDE.xml
6 ms. Memory: 740352K Free: 682720K (92%)
----------------- Invoking toplevel() on ptolemy.moml.MoMLSimpleApplication@76eca7db
----------------- Done invoking toplevel() on ptolemy.moml.MoMLSimpleApplication@76eca7db
reloadAllAccessors: .CompareDE
----------------- testing Thu May 10 16:12:47 UTC 2018 /home/travis/build/icyphy/ptII/ptolemy/actor/lib/test/auto/ComplexDivide.xml
----------------- Instantiating /home/travis/build/icyphy/ptII/ptolemy/actor/lib/test/auto/ComplexDivide.xml
2 ms. Memory: 740352K Free: 674398K (91%)
----------------- Invoking toplevel() on ptolemy.moml.MoMLSimpleApplication@3a851018
----------------- Done invoking toplevel() on ptolemy.moml.MoMLSimpleApplication@3a851018
reloadAllAccessors: .ComplexDivide
----------------- testing Thu May 10 16:12:47 UTC 2018 /home/travis/build/icyphy/ptII/ptolemy/actor/lib/test/auto/ComputeHistogram.xml
----------------- Instantiating /home/travis/build/icyphy/ptII/ptolemy/actor/lib/test/auto/ComputeHistogram.xml
63 ms. Memory: 740352K Free: 651650K (88%)
----------------- Invoking toplevel() on ptolemy.moml.MoMLSimpleApplication@6577b682
----------------- Done invoking toplevel() on ptolemy.moml.MoMLSimpleApplication@6577b682
reloadAllAccessors: .ComputeHistogram
----------------- testing Thu May 10 16:12:48 UTC 2018 /home/travis/build/icyphy/ptII/ptolemy/actor/lib/test/auto/ConfigurationSelect.xml
----------------- Instantiating /home/travis/build/icyphy/ptII/ptolemy/actor/lib/test/auto/ConfigurationSelect.xml
5 ms. Memory: 740352K Free: 643328K (87%)
----------------- Invoking toplevel() on ptolemy.moml.MoMLSimpleApplication@5905973b
----------------- Done invoking toplevel() on ptolemy.moml.MoMLSimpleApplication@5905973b
reloadAllAccessors: .ConfigurationSelect
----------------- testing Thu May 10 16:12:48 UTC 2018 /home/travis/build/icyphy/ptII/ptolemy/actor/lib/test/auto/ConfigurationSelect2.xml
----------------- Instantiating /home/travis/build/icyphy/ptII/ptolemy/actor/lib/test/auto/ConfigurationSelect2.xml
2 ms. Memory: 740352K Free: 628765K (85%)
----------------- Invoking toplevel() on ptolemy.moml.MoMLSimpleApplication@5c5126ad
----------------- Done invoking toplevel() on ptolemy.moml.MoMLSimpleApplication@5c5126ad
reloadAllAccessors: .ConfigurationSelect2
----------------- testing Thu May 10 16:12:48 UTC 2018 /home/travis/build/icyphy/ptII/ptolemy/actor/lib/test/auto/ConfigurationSwitch.xml
----------------- Instantiating /home/travis/build/icyphy/ptII/ptolemy/actor/lib/test/auto/ConfigurationSwitch.xml
3 ms. Memory: 740352K Free: 614439K (83%)
----------------- Invoking toplevel() on ptolemy.moml.MoMLSimpleApplication@5909a008
----------------- Done invoking toplevel() on ptolemy.moml.MoMLSimpleApplication@5909a008
reloadAllAccessors: .ConfigurationSwitch
----------------- testing Thu May 10 16:12:48 UTC 2018 /home/travis/build/icyphy/ptII/ptolemy/actor/lib/test/auto/ConfigurationSwitch2.xml
----------------- Instantiating /home/travis/build/icyphy/ptII/ptolemy/actor/lib/test/auto/ConfigurationSwitch2.xml
4 ms. Memory: 740352K Free: 606117K (82%)
----------------- Invoking toplevel() on ptolemy.moml.MoMLSimpleApplication@22bcfd32
----------------- Done invoking toplevel() on ptolemy.moml.MoMLSimpleApplication@22bcfd32
reloadAllAccessors: .ConfigurationSwitch2
----------------- testing Thu May 10 16:12:48 UTC 2018 /home/travis/build/icyphy/ptII/ptolemy/actor/lib/test/auto/ConfigurationSwitchCloningBugWithClassRelationGroup.xml
----------------- Instantiating /home/travis/build/icyphy/ptII/ptolemy/actor/lib/test/auto/ConfigurationSwitchCloningBugWithClassRelationGroup.xml
1 ms. Memory: 740352K Free: 593619K (80%)
----------------- Invoking toplevel() on ptolemy.moml.MoMLSimpleApplication@4778fa3c
----------------- Done invoking toplevel() on ptolemy.moml.MoMLSimpleApplication@4778fa3c
reloadAllAccessors: .ConfigurationSwitchCloningBugWithClassRelationGroup
----------------- testing Thu May 10 16:12:48 UTC 2018 /home/travis/build/icyphy/ptII/ptolemy/actor/lib/test/auto/ConfigurationSwitchSelectSDF.xml
----------------- Instantiating /home/travis/build/icyphy/ptII/ptolemy/actor/lib/test/auto/ConfigurationSwitchSelectSDF.xml
4 ms. Memory: 740352K Free: 579293K (78%)
----------------- Invoking toplevel() on ptolemy.moml.MoMLSimpleApplication@660c3771
----------------- Done invoking toplevel() on ptolemy.moml.MoMLSimpleApplication@660c3771
reloadAllAccessors: .ConfigurationSwitchSelectSDF
----------------- testing Thu May 10 16:12:48 UTC 2018 /home/travis/build/icyphy/ptII/ptolemy/actor/lib/test/auto/ConfigurationSwitchSelectSDF2.xml
----------------- Instantiating /home/travis/build/icyphy/ptII/ptolemy/actor/lib/test/auto/ConfigurationSwitchSelectSDF2.xml
3 ms. Memory: 740352K Free: 570971K (77%)
----------------- Invoking toplevel() on ptolemy.moml.MoMLSimpleApplication@79fe5ea5
----------------- Done invoking toplevel() on ptolemy.moml.MoMLSimpleApplication@79fe5ea5
reloadAllAccessors: .ConfigurationSwitchSelectSDF2
----------------- testing Thu May 10 16:12:48 UTC 2018 /home/travis/build/icyphy/ptII/ptolemy/actor/lib/test/auto/Const.xml
----------------- Instantiating /home/travis/build/icyphy/ptII/ptolemy/actor/lib/test/auto/Const.xml
2 ms. Memory: 740352K Free: 556645K (75%)
----------------- Invoking toplevel() on ptolemy.moml.MoMLSimpleApplication@44a78ab8
----------------- Done invoking toplevel() on ptolemy.moml.MoMLSimpleApplication@44a78ab8
reloadAllAccessors: .Const
----------------- testing Thu May 10 16:12:48 UTC 2018 /home/travis/build/icyphy/ptII/ptolemy/actor/lib/test/auto/Const2.xml
----------------- Instantiating /home/travis/build/icyphy/ptII/ptolemy/actor/lib/test/auto/Const2.xml
2 ms. Memory: 740352K Free: 548323K (74%)
----------------- Invoking toplevel() on ptolemy.moml.MoMLSimpleApplication@670b7c37
----------------- Done invoking toplevel() on ptolemy.moml.MoMLSimpleApplication@670b7c37
reloadAllAccessors: .Const2
----------------- testing Thu May 10 16:12:48 UTC 2018 /home/travis/build/icyphy/ptII/ptolemy/actor/lib/test/auto/Const3.xml
----------------- Instantiating /home/travis/build/icyphy/ptII/ptolemy/actor/lib/test/auto/Const3.xml
1 ms. Memory: 740352K Free: 540002K (73%)
----------------- Invoking toplevel() on ptolemy.moml.MoMLSimpleApplication@564744fd
----------------- Done invoking toplevel() on ptolemy.moml.MoMLSimpleApplication@564744fd
reloadAllAccessors: .Const3
----------------- testing Thu May 10 16:12:48 UTC 2018 /home/travis/build/icyphy/ptII/ptolemy/actor/lib/test/auto/ConstantPublisherPort1.xml
----------------- Instantiating /home/travis/build/icyphy/ptII/ptolemy/actor/lib/test/auto/ConstantPublisherPort1.xml
9 ms. Memory: 740352K Free: 521499K (70%)
----------------- Invoking toplevel() on ptolemy.moml.MoMLSimpleApplication@5de0ec5a
----------------- Done invoking toplevel() on ptolemy.moml.MoMLSimpleApplication@5de0ec5a
reloadAllAccessors: .ConstantPublisherPort1
----------------- testing Thu May 10 16:12:48 UTC 2018 /home/travis/build/icyphy/ptII/ptolemy/actor/lib/test/auto/ConstantPublisherPort2.xml
----------------- Instantiating /home/travis/build/icyphy/ptII/ptolemy/actor/lib/test/auto/ConstantPublisherPort2.xml
15 ms. Memory: 740352K Free: 509015K (69%)
----------------- Invoking toplevel() on ptolemy.moml.MoMLSimpleApplication@697e160c
----------------- Done invoking toplevel() on ptolemy.moml.MoMLSimpleApplication@697e160c
reloadAllAccessors: .ConstantPublisherPort2
----------------- testing Thu May 10 16:12:48 UTC 2018 /home/travis/build/icyphy/ptII/ptolemy/actor/lib/test/auto/ConstantPublisherPort3.xml
----------------- Instantiating /home/travis/build/icyphy/ptII/ptolemy/actor/lib/test/auto/ConstantPublisherPort3.xml
9 ms. Memory: 740352K Free: 490513K (66%)
----------------- Invoking toplevel() on ptolemy.moml.MoMLSimpleApplication@31c1bd07
----------------- Done invoking toplevel() on ptolemy.moml.MoMLSimpleApplication@31c1bd07
reloadAllAccessors: .ConstantPublisherPort3
----------------- testing Thu May 10 16:12:48 UTC 2018 /home/travis/build/icyphy/ptII/ptolemy/actor/lib/test/auto/ConstantPublisherPort4.xml
----------------- Instantiating /home/travis/build/icyphy/ptII/ptolemy/actor/lib/test/auto/ConstantPublisherPort4.xml
6 ms. Memory: 740352K Free: 478030K (65%)
----------------- Invoking toplevel() on ptolemy.moml.MoMLSimpleApplication@2e643d05
----------------- Done invoking toplevel() on ptolemy.moml.MoMLSimpleApplication@2e643d05
reloadAllAccessors: .ConstantPublisherPort4
----------------- testing Thu May 10 16:12:48 UTC 2018 /home/travis/build/icyphy/ptII/ptolemy/actor/lib/test/auto/ConstantPublisherPort5.xml
----------------- Instantiating /home/travis/build/icyphy/ptII/ptolemy/actor/lib/test/auto/ConstantPublisherPort5.xml
15 ms. Memory: 740352K Free: 457209K (62%)
----------------- Invoking toplevel() on ptolemy.moml.MoMLSimpleApplication@27fede25
----------------- Done invoking toplevel() on ptolemy.moml.MoMLSimpleApplication@27fede25
reloadAllAccessors: .ConstantPublisherPort5
----------------- testing Thu May 10 16:12:48 UTC 2018 /home/travis/build/icyphy/ptII/ptolemy/actor/lib/test/auto/ConstantPublisherPort6.xml
----------------- Instantiating /home/travis/build/icyphy/ptII/ptolemy/actor/lib/test/auto/ConstantPublisherPort6.xml
23 ms. Memory: 740352K Free: 426224K (58%)
----------------- Invoking toplevel() on ptolemy.moml.MoMLSimpleApplication@5c8305b9
----------------- Done invoking toplevel() on ptolemy.moml.MoMLSimpleApplication@5c8305b9
reloadAllAccessors: .ConstantPublisherPort6
----------------- testing Thu May 10 16:12:48 UTC 2018 /home/travis/build/icyphy/ptII/ptolemy/actor/lib/test/auto/ConstantPublisherPort7.xml
----------------- Instantiating /home/travis/build/icyphy/ptII/ptolemy/actor/lib/test/auto/ConstantPublisherPort7.xml
18 ms. Memory: 740352K Free: 401243K (54%)
----------------- Invoking toplevel() on ptolemy.moml.MoMLSimpleApplication@4aad41ca
----------------- Done invoking toplevel() on ptolemy.moml.MoMLSimpleApplication@4aad41ca
reloadAllAccessors: .ConstantPublisherPort7
----------------- testing Thu May 10 16:12:48 UTC 2018 /home/travis/build/icyphy/ptII/ptolemy/actor/lib/test/auto/ConstraintMonitor1.xml
----------------- Instantiating /home/travis/build/icyphy/ptII/ptolemy/actor/lib/test/auto/ConstraintMonitor1.xml
4 ms. Memory: 740352K Free: 392921K (53%)
----------------- Invoking toplevel() on ptolemy.moml.MoMLSimpleApplication@69242cbc
----------------- Done invoking toplevel() on ptolemy.moml.MoMLSimpleApplication@69242cbc
reloadAllAccessors: .ConstraintMonitor1
----------------- testing Thu May 10 16:12:48 UTC 2018 /home/travis/build/icyphy/ptII/ptolemy/actor/lib/test/auto/ConstraintMonitor2.xml
----------------- Instantiating /home/travis/build/icyphy/ptII/ptolemy/actor/lib/test/auto/ConstraintMonitor2.xml
8 ms. Memory: 740352K Free: 378595K (51%)
----------------- Invoking toplevel() on ptolemy.moml.MoMLSimpleApplication@2f444ef9
----------------- Done invoking toplevel() on ptolemy.moml.MoMLSimpleApplication@2f444ef9
reloadAllAccessors: .ConstraintMonitor2
----------------- testing Thu May 10 16:12:48 UTC 2018 /home/travis/build/icyphy/ptII/ptolemy/actor/lib/test/auto/ConstraintMonitor3.xml
----------------- Instantiating /home/travis/build/icyphy/ptII/ptolemy/actor/lib/test/auto/ConstraintMonitor3.xml
6 ms. Memory: 740352K Free: 370273K (50%)
----------------- Invoking toplevel() on ptolemy.moml.MoMLSimpleApplication@5725b0bf
----------------- Done invoking toplevel() on ptolemy.moml.MoMLSimpleApplication@5725b0bf
reloadAllAccessors: .ConstraintMonitor3
----------------- testing Thu May 10 16:12:48 UTC 2018 /home/travis/build/icyphy/ptII/ptolemy/actor/lib/test/auto/ConstraintMonitor4.xml
----------------- Instantiating /home/travis/build/icyphy/ptII/ptolemy/actor/lib/test/auto/ConstraintMonitor4.xml
6 ms. Memory: 740352K Free: 355947K (48%)
----------------- Invoking toplevel() on ptolemy.moml.MoMLSimpleApplication@5d08b7e1
----------------- Done invoking toplevel() on ptolemy.moml.MoMLSimpleApplication@5d08b7e1
reloadAllAccessors: .ConstraintMonitor4
----------------- testing Thu May 10 16:12:48 UTC 2018 /home/travis/build/icyphy/ptII/ptolemy/actor/lib/test/auto/ConstraintMonitor5.xml
----------------- Instantiating /home/travis/build/icyphy/ptII/ptolemy/actor/lib/test/auto/ConstraintMonitor5.xml
3 ms. Memory: 740352K Free: 347625K (47%)
----------------- Invoking toplevel() on ptolemy.moml.MoMLSimpleApplication@39aa9b13
----------------- Done invoking toplevel() on ptolemy.moml.MoMLSimpleApplication@39aa9b13
reloadAllAccessors: .ConstraintMonitor5
----------------- testing Thu May 10 16:12:48 UTC 2018 /home/travis/build/icyphy/ptII/ptolemy/actor/lib/test/auto/ConstraintMonitor6.xml
----------------- Instantiating /home/travis/build/icyphy/ptII/ptolemy/actor/lib/test/auto/ConstraintMonitor6.xml
9 ms. Memory: 740352K Free: 339303K (46%)
----------------- Invoking toplevel() on ptolemy.moml.MoMLSimpleApplication@5d45c742
----------------- Done invoking toplevel() on ptolemy.moml.MoMLSimpleApplication@5d45c742
reloadAllAccessors: .ConstraintMonitor6
----------------- testing Thu May 10 16:12:48 UTC 2018 /home/travis/build/icyphy/ptII/ptolemy/actor/lib/test/auto/ConstraintMonitor7.xml
----------------- Instantiating /home/travis/build/icyphy/ptII/ptolemy/actor/lib/test/auto/ConstraintMonitor7.xml
8 ms. Memory: 740352K Free: 320800K (43%)
----------------- Invoking toplevel() on ptolemy.moml.MoMLSimpleApplication@fcd5238
----------------- Done invoking toplevel() on ptolemy.moml.MoMLSimpleApplication@fcd5238
reloadAllAccessors: .ConstraintMonitor7
----------------- testing Thu May 10 16:12:48 UTC 2018 /home/travis/build/icyphy/ptII/ptolemy/actor/lib/test/auto/ConstraintMonitor8.xml
----------------- Instantiating /home/travis/build/icyphy/ptII/ptolemy/actor/lib/test/auto/ConstraintMonitor8.xml
11 ms. Memory: 740352K Free: 308310K (42%)
----------------- Invoking toplevel() on ptolemy.moml.MoMLSimpleApplication@1c2100eb
----------------- Done invoking toplevel() on ptolemy.moml.MoMLSimpleApplication@1c2100eb
reloadAllAccessors: .ConstraintMonitor8
----------------- testing Thu May 10 16:12:48 UTC 2018 /home/travis/build/icyphy/ptII/ptolemy/actor/lib/test/auto/Counter.xml
----------------- Instantiating /home/travis/build/icyphy/ptII/ptolemy/actor/lib/test/auto/Counter.xml
4 ms. Memory: 740352K Free: 293984K (40%)
----------------- Invoking toplevel() on ptolemy.moml.MoMLSimpleApplication@61b3f281
----------------- Done invoking toplevel() on ptolemy.moml.MoMLSimpleApplication@61b3f281
reloadAllAccessors: .Counter
----------------- testing Thu May 10 16:12:48 UTC 2018 /home/travis/build/icyphy/ptII/ptolemy/actor/lib/test/auto/CurrentTimeSDF.xml
----------------- Instantiating /home/travis/build/icyphy/ptII/ptolemy/actor/lib/test/auto/CurrentTimeSDF.xml
2 ms. Memory: 740352K Free: 285662K (39%)
----------------- Invoking toplevel() on ptolemy.moml.MoMLSimpleApplication@3c1f76ed
----------------- Done invoking toplevel() on ptolemy.moml.MoMLSimpleApplication@3c1f76ed
reloadAllAccessors: .CurrentTimeSDF
----------------- testing Thu May 10 16:12:49 UTC 2018 /home/travis/build/icyphy/ptII/ptolemy/actor/lib/test/auto/DB.xml
----------------- Instantiating /home/travis/build/icyphy/ptII/ptolemy/actor/lib/test/auto/DB.xml
3 ms. Memory: 740352K Free: 277340K (37%)
----------------- Invoking toplevel() on ptolemy.moml.MoMLSimpleApplication@205c9f42
----------------- Done invoking toplevel() on ptolemy.moml.MoMLSimpleApplication@205c9f42
reloadAllAccessors: .DB
----------------- testing Thu May 10 16:12:49 UTC 2018 /home/travis/build/icyphy/ptII/ptolemy/actor/lib/test/auto/DBDE.xml
----------------- Instantiating /home/travis/build/icyphy/ptII/ptolemy/actor/lib/test/auto/DBDE.xml
3 ms. Memory: 740352K Free: 263015K (36%)
----------------- Invoking toplevel() on ptolemy.moml.MoMLSimpleApplication@29e30a33
----------------- Done invoking toplevel() on ptolemy.moml.MoMLSimpleApplication@29e30a33
reloadAllAccessors: .DBDE
----------------- testing Thu May 10 16:12:49 UTC 2018 /home/travis/build/icyphy/ptII/ptolemy/actor/lib/test/auto/DateConstructor.xml
----------------- Instantiating /home/travis/build/icyphy/ptII/ptolemy/actor/lib/test/auto/DateConstructor.xml
21 ms. Memory: 740352K Free: 242170K (33%)
----------------- Invoking toplevel() on ptolemy.moml.MoMLSimpleApplication@3a88e3a6
----------------- Done invoking toplevel() on ptolemy.moml.MoMLSimpleApplication@3a88e3a6
reloadAllAccessors: .DateConstructor
----------------- testing Thu May 10 16:12:49 UTC 2018 /home/travis/build/icyphy/ptII/ptolemy/actor/lib/test/auto/DelayTime.xml
----------------- Instantiating /home/travis/build/icyphy/ptII/ptolemy/actor/lib/test/auto/DelayTime.xml
4 ms. Memory: 740352K Free: 233848K (32%)
----------------- Invoking toplevel() on ptolemy.moml.MoMLSimpleApplication@649c677c
----------------- Done invoking toplevel() on ptolemy.moml.MoMLSimpleApplication@649c677c
reloadAllAccessors: .DelayTime
----------------- testing Thu May 10 16:12:49 UTC 2018 /home/travis/build/icyphy/ptII/ptolemy/actor/lib/test/auto/Dictionary1.xml
----------------- Instantiating /home/travis/build/icyphy/ptII/ptolemy/actor/lib/test/auto/Dictionary1.xml
2 ms. Memory: 740352K Free: 219522K (30%)
----------------- Invoking toplevel() on ptolemy.moml.MoMLSimpleApplication@43396db4
----------------- Done invoking toplevel() on ptolemy.moml.MoMLSimpleApplication@43396db4
reloadAllAccessors: .Dictionary1
----------------- testing Thu May 10 16:12:49 UTC 2018 /home/travis/build/icyphy/ptII/ptolemy/actor/lib/test/auto/Dictionary2.xml
----------------- Instantiating /home/travis/build/icyphy/ptII/ptolemy/actor/lib/test/auto/Dictionary2.xml
2 ms. Memory: 740352K Free: 211200K (29%)
----------------- Invoking toplevel() on ptolemy.moml.MoMLSimpleApplication@2d6c8331
----------------- Done invoking toplevel() on ptolemy.moml.MoMLSimpleApplication@2d6c8331
reloadAllAccessors: .Dictionary2
----------------- testing Thu May 10 16:12:49 UTC 2018 /home/travis/build/icyphy/ptII/ptolemy/actor/lib/test/auto/Dictionary3.xml
----------------- Instantiating /home/travis/build/icyphy/ptII/ptolemy/actor/lib/test/auto/Dictionary3.xml
3 ms. Memory: 740352K Free: 196875K (27%)
----------------- Invoking toplevel() on ptolemy.moml.MoMLSimpleApplication@6055f5a
----------------- Done invoking toplevel() on ptolemy.moml.MoMLSimpleApplication@6055f5a
reloadAllAccessors: .Dictionary3
----------------- testing Thu May 10 16:12:49 UTC 2018 /home/travis/build/icyphy/ptII/ptolemy/actor/lib/test/auto/Dictionary4.xml
----------------- Instantiating /home/travis/build/icyphy/ptII/ptolemy/actor/lib/test/auto/Dictionary4.xml
4 ms. Memory: 740352K Free: 184384K (25%)
----------------- Invoking toplevel() on ptolemy.moml.MoMLSimpleApplication@6e027570
----------------- Done invoking toplevel() on ptolemy.moml.MoMLSimpleApplication@6e027570
reloadAllAccessors: .Dictionary4
----------------- testing Thu May 10 16:12:49 UTC 2018 /home/travis/build/icyphy/ptII/ptolemy/actor/lib/test/auto/Differential.xml
----------------- Instantiating /home/travis/build/icyphy/ptII/ptolemy/actor/lib/test/auto/Differential.xml
3 ms. Memory: 740352K Free: 176062K (24%)
----------------- Invoking toplevel() on ptolemy.moml.MoMLSimpleApplication@4ece6e38
----------------- Done invoking toplevel() on ptolemy.moml.MoMLSimpleApplication@4ece6e38
reloadAllAccessors: .Differential
----------------- testing Thu May 10 16:12:49 UTC 2018 /home/travis/build/icyphy/ptII/ptolemy/actor/lib/test/auto/Director.xml
----------------- Instantiating /home/travis/build/icyphy/ptII/ptolemy/actor/lib/test/auto/Director.xml
2 ms. Memory: 740352K Free: 161736K (22%)
----------------- Invoking toplevel() on ptolemy.moml.MoMLSimpleApplication@1e9caea5
----------------- Done invoking toplevel() on ptolemy.moml.MoMLSimpleApplication@1e9caea5
reloadAllAccessors: .Director
----------------- testing Thu May 10 16:12:49 UTC 2018 /home/travis/build/icyphy/ptII/ptolemy/actor/lib/test/auto/DiscreteClock.xml
----------------- Instantiating /home/travis/build/icyphy/ptII/ptolemy/actor/lib/test/auto/DiscreteClock.xml
2 ms. Memory: 740352K Free: 153414K (21%)
----------------- Invoking toplevel() on ptolemy.moml.MoMLSimpleApplication@242359a
----------------- Done invoking toplevel() on ptolemy.moml.MoMLSimpleApplication@242359a
reloadAllAccessors: .DiscreteClock
----------------- testing Thu May 10 16:12:49 UTC 2018 /home/travis/build/icyphy/ptII/ptolemy/actor/lib/test/auto/DiscreteClock10.xml
----------------- Instantiating /home/travis/build/icyphy/ptII/ptolemy/actor/lib/test/auto/DiscreteClock10.xml
3 ms. Memory: 740352K Free: 139088K (19%)
----------------- Invoking toplevel() on ptolemy.moml.MoMLSimpleApplication@2de9b400
----------------- Done invoking toplevel() on ptolemy.moml.MoMLSimpleApplication@2de9b400
reloadAllAccessors: .DiscreteClock10
----------------- testing Thu May 10 16:12:49 UTC 2018 /home/travis/build/icyphy/ptII/ptolemy/actor/lib/test/auto/DiscreteClock11.xml
----------------- Instantiating /home/travis/build/icyphy/ptII/ptolemy/actor/lib/test/auto/DiscreteClock11.xml
3 ms. Memory: 740352K Free: 130766K (18%)
----------------- Invoking toplevel() on ptolemy.moml.MoMLSimpleApplication@1c6a5f71
----------------- Done invoking toplevel() on ptolemy.moml.MoMLSimpleApplication@1c6a5f71
reloadAllAccessors: .DiscreteClock11
----------------- testing Thu May 10 16:12:49 UTC 2018 /home/travis/build/icyphy/ptII/ptolemy/actor/lib/test/auto/DiscreteClock12.xml
----------------- Instantiating /home/travis/build/icyphy/ptII/ptolemy/actor/lib/test/auto/DiscreteClock12.xml
3 ms. Memory: 740352K Free: 122445K (17%)
----------------- Invoking toplevel() on ptolemy.moml.MoMLSimpleApplication@7b8347e7
----------------- Done invoking toplevel() on ptolemy.moml.MoMLSimpleApplication@7b8347e7
reloadAllAccessors: .DiscreteClock12
----------------- testing Thu May 10 16:12:49 UTC 2018 /home/travis/build/icyphy/ptII/ptolemy/actor/lib/test/auto/DiscreteClock13.xml
----------------- Instantiating /home/travis/build/icyphy/ptII/ptolemy/actor/lib/test/auto/DiscreteClock13.xml
2 ms. Memory: 740352K Free: 108119K (15%)
----------------- Invoking toplevel() on ptolemy.moml.MoMLSimpleApplication@48ff150
----------------- Done invoking toplevel() on ptolemy.moml.MoMLSimpleApplication@48ff150
reloadAllAccessors: .DiscreteClock13
----------------- testing Thu May 10 16:12:49 UTC 2018 /home/travis/build/icyphy/ptII/ptolemy/actor/lib/test/auto/DiscreteClock14.xml
----------------- Instantiating /home/travis/build/icyphy/ptII/ptolemy/actor/lib/test/auto/DiscreteClock14.xml
9 ms. Memory: 740352K Free: 99797K (13%)
----------------- Invoking toplevel() on ptolemy.moml.MoMLSimpleApplication@7c2b0cd8
----------------- Done invoking toplevel() on ptolemy.moml.MoMLSimpleApplication@7c2b0cd8
reloadAllAccessors: .DiscreteClock14
----------------- testing Thu May 10 16:12:49 UTC 2018 /home/travis/build/icyphy/ptII/ptolemy/actor/lib/test/auto/DiscreteClock15.xml
----------------- Instantiating /home/travis/build/icyphy/ptII/ptolemy/actor/lib/test/auto/DiscreteClock15.xml
3 ms. Memory: 740352K Free: 91475K (12%)
----------------- Invoking toplevel() on ptolemy.moml.MoMLSimpleApplication@326e187a
----------------- Done invoking toplevel() on ptolemy.moml.MoMLSimpleApplication@326e187a
reloadAllAccessors: .DiscreteClock15
----------------- testing Thu May 10 16:12:49 UTC 2018 /home/travis/build/icyphy/ptII/ptolemy/actor/lib/test/auto/DiscreteClock16.xml
----------------- Instantiating /home/travis/build/icyphy/ptII/ptolemy/actor/lib/test/auto/DiscreteClock16.xml
21 ms. Memory: 837632K Free: 790158K (94%)
----------------- Invoking toplevel() on ptolemy.moml.MoMLSimpleApplication@705932e1
----------------- Done invoking toplevel() on ptolemy.moml.MoMLSimpleApplication@705932e1
reloadAllAccessors: .DiscreteClock16
----------------- testing Thu May 10 16:12:49 UTC 2018 /home/travis/build/icyphy/ptII/ptolemy/actor/lib/test/auto/DiscreteClock17.xml
----------------- Instantiating /home/travis/build/icyphy/ptII/ptolemy/actor/lib/test/auto/DiscreteClock17.xml
21 ms. Memory: 837632K Free: 764961K (91%)
----------------- Invoking toplevel() on ptolemy.moml.MoMLSimpleApplication@5786a59d
----------------- Done invoking toplevel() on ptolemy.moml.MoMLSimpleApplication@5786a59d
reloadAllAccessors: .DiscreteClock17
----------------- testing Thu May 10 16:12:49 UTC 2018 /home/travis/build/icyphy/ptII/ptolemy/actor/lib/test/auto/DiscreteClock18.xml
----------------- Instantiating /home/travis/build/icyphy/ptII/ptolemy/actor/lib/test/auto/DiscreteClock18.xml
19 ms. Memory: 837632K Free: 745284K (89%)
----------------- Invoking toplevel() on ptolemy.moml.MoMLSimpleApplication@9bd6f8a
----------------- Done invoking toplevel() on ptolemy.moml.MoMLSimpleApplication@9bd6f8a
reloadAllAccessors: .DiscreteClock18
----------------- testing Thu May 10 16:12:49 UTC 2018 /home/travis/build/icyphy/ptII/ptolemy/actor/lib/test/auto/DiscreteClock19.xml
----------------- Instantiating /home/travis/build/icyphy/ptII/ptolemy/actor/lib/test/auto/DiscreteClock19.xml
12 ms. Memory: 837632K Free: 720095K (86%)
----------------- Invoking toplevel() on ptolemy.moml.MoMLSimpleApplication@325e8a9f
----------------- Done invoking toplevel() on ptolemy.moml.MoMLSimpleApplication@325e8a9f
reloadAllAccessors: .DiscreteClock19
----------------- testing Thu May 10 16:12:49 UTC 2018 /home/travis/build/icyphy/ptII/ptolemy/actor/lib/test/auto/DiscreteClock2.xml
----------------- Instantiating /home/travis/build/icyphy/ptII/ptolemy/actor/lib/test/auto/DiscreteClock2.xml
7 ms. Memory: 837632K Free: 710265K (85%)
----------------- Invoking toplevel() on ptolemy.moml.MoMLSimpleApplication@63ab8d82
----------------- Done invoking toplevel() on ptolemy.moml.MoMLSimpleApplication@63ab8d82
reloadAllAccessors: .DiscreteClock2
----------------- testing Thu May 10 16:12:49 UTC 2018 /home/travis/build/icyphy/ptII/ptolemy/actor/lib/test/auto/DiscreteClock20.xml
----------------- Instantiating /home/travis/build/icyphy/ptII/ptolemy/actor/lib/test/auto/DiscreteClock20.xml
11 ms. Memory: 837632K Free: 694931K (83%)
----------------- Invoking toplevel() on ptolemy.moml.MoMLSimpleApplication@4725ae03
----------------- Done invoking toplevel() on ptolemy.moml.MoMLSimpleApplication@4725ae03
reloadAllAccessors: .DiscreteClock20
----------------- testing Thu May 10 16:12:49 UTC 2018 /home/travis/build/icyphy/ptII/ptolemy/actor/lib/test/auto/DiscreteClock21.xml
----------------- Instantiating /home/travis/build/icyphy/ptII/ptolemy/actor/lib/test/auto/DiscreteClock21.xml
10 ms. Memory: 837632K Free: 685100K (82%)
----------------- Invoking toplevel() on ptolemy.moml.MoMLSimpleApplication@e697aeb
----------------- Done invoking toplevel() on ptolemy.moml.MoMLSimpleApplication@e697aeb
reloadAllAccessors: .DiscreteClock21
----------------- testing Thu May 10 16:12:49 UTC 2018 /home/travis/build/icyphy/ptII/ptolemy/actor/lib/test/auto/DiscreteClock22.xml
----------------- Instantiating /home/travis/build/icyphy/ptII/ptolemy/actor/lib/test/auto/DiscreteClock22.xml
8 ms. Memory: 837632K Free: 675270K (81%)
----------------- Invoking toplevel() on ptolemy.moml.MoMLSimpleApplication@6db085fd
----------------- Done invoking toplevel() on ptolemy.moml.MoMLSimpleApplication@6db085fd
reloadAllAccessors: .DiscreteClock22
----------------- testing Thu May 10 16:12:49 UTC 2018 /home/travis/build/icyphy/ptII/ptolemy/actor/lib/test/auto/DiscreteClock23.xml
----------------- Instantiating /home/travis/build/icyphy/ptII/ptolemy/actor/lib/test/auto/DiscreteClock23.xml
3 ms. Memory: 837632K Free: 659935K (79%)
----------------- Invoking toplevel() on ptolemy.moml.MoMLSimpleApplication@75335062
----------------- Done invoking toplevel() on ptolemy.moml.MoMLSimpleApplication@75335062
reloadAllAccessors: .DiscreteClock23
----------------- testing Thu May 10 16:12:50 UTC 2018 /home/travis/build/icyphy/ptII/ptolemy/actor/lib/test/auto/DiscreteClock24.xml
----------------- Instantiating /home/travis/build/icyphy/ptII/ptolemy/actor/lib/test/auto/DiscreteClock24.xml
7 ms. Memory: 837632K Free: 650105K (78%)
----------------- Invoking toplevel() on ptolemy.moml.MoMLSimpleApplication@4cbf6f9c
----------------- Done invoking toplevel() on ptolemy.moml.MoMLSimpleApplication@4cbf6f9c
reloadAllAccessors: .DiscreteClock24
----------------- testing Thu May 10 16:12:50 UTC 2018 /home/travis/build/icyphy/ptII/ptolemy/actor/lib/test/auto/DiscreteClock4.xml
----------------- Instantiating /home/travis/build/icyphy/ptII/ptolemy/actor/lib/test/auto/DiscreteClock4.xml
2 ms. Memory: 837632K Free: 634770K (76%)
----------------- Invoking toplevel() on ptolemy.moml.MoMLSimpleApplication@61e96960
----------------- Done invoking toplevel() on ptolemy.moml.MoMLSimpleApplication@61e96960
reloadAllAccessors: .DiscreteClock4
----------------- testing Thu May 10 16:12:50 UTC 2018 /home/travis/build/icyphy/ptII/ptolemy/actor/lib/test/auto/DiscreteClock5.xml
----------------- Instantiating /home/travis/build/icyphy/ptII/ptolemy/actor/lib/test/auto/DiscreteClock5.xml
2 ms. Memory: 837632K Free: 624940K (75%)
----------------- Invoking toplevel() on ptolemy.moml.MoMLSimpleApplication@2018b89
----------------- Done invoking toplevel() on ptolemy.moml.MoMLSimpleApplication@2018b89
reloadAllAccessors: .DiscreteClock5
----------------- testing Thu May 10 16:12:50 UTC 2018 /home/travis/build/icyphy/ptII/ptolemy/actor/lib/test/auto/DiscreteClock6.xml
----------------- Instantiating /home/travis/build/icyphy/ptII/ptolemy/actor/lib/test/auto/DiscreteClock6.xml
2 ms. Memory: 837632K Free: 609606K (73%)
----------------- Invoking toplevel() on ptolemy.moml.MoMLSimpleApplication@6236d3d
----------------- Done invoking toplevel() on ptolemy.moml.MoMLSimpleApplication@6236d3d
reloadAllAccessors: .DiscreteClock6
----------------- testing Thu May 10 16:12:50 UTC 2018 /home/travis/build/icyphy/ptII/ptolemy/actor/lib/test/auto/DiscreteClock7.xml
----------------- Instantiating /home/travis/build/icyphy/ptII/ptolemy/actor/lib/test/auto/DiscreteClock7.xml
2 ms. Memory: 837632K Free: 599775K (72%)
----------------- Invoking toplevel() on ptolemy.moml.MoMLSimpleApplication@2a6fab17
----------------- Done invoking toplevel() on ptolemy.moml.MoMLSimpleApplication@2a6fab17
reloadAllAccessors: .DiscreteClock7
----------------- testing Thu May 10 16:12:50 UTC 2018 /home/travis/build/icyphy/ptII/ptolemy/actor/lib/test/auto/DiscreteClock8.xml
----------------- Instantiating /home/travis/build/icyphy/ptII/ptolemy/actor/lib/test/auto/DiscreteClock8.xml
8 ms. Memory: 837632K Free: 589945K (70%)
----------------- Invoking toplevel() on ptolemy.moml.MoMLSimpleApplication@10a910cc
----------------- Done invoking toplevel() on ptolemy.moml.MoMLSimpleApplication@10a910cc
reloadAllAccessors: .DiscreteClock8
----------------- testing Thu May 10 16:12:50 UTC 2018 /home/travis/build/icyphy/ptII/ptolemy/actor/lib/test/auto/DiscreteClock9.xml
----------------- Instantiating /home/travis/build/icyphy/ptII/ptolemy/actor/lib/test/auto/DiscreteClock9.xml
4 ms. Memory: 837632K Free: 574610K (69%)
----------------- Invoking toplevel() on ptolemy.moml.MoMLSimpleApplication@610d7758
----------------- Done invoking toplevel() on ptolemy.moml.MoMLSimpleApplication@610d7758
reloadAllAccessors: .DiscreteClock9
----------------- testing Thu May 10 16:12:50 UTC 2018 /home/travis/build/icyphy/ptII/ptolemy/actor/lib/test/auto/DisplayArray.xml
----------------- Instantiating /home/travis/build/icyphy/ptII/ptolemy/actor/lib/test/auto/DisplayArray.xml
3 ms. Memory: 837632K Free: 564780K (67%)
----------------- Invoking toplevel() on ptolemy.moml.MoMLSimpleApplication@2dccd639
----------------- Done invoking toplevel() on ptolemy.moml.MoMLSimpleApplication@2dccd639
reloadAllAccessors: .DisplayArray
----------------- testing Thu May 10 16:12:50 UTC 2018 /home/travis/build/icyphy/ptII/ptolemy/actor/lib/test/auto/Distributor.xml
----------------- Instantiating /home/travis/build/icyphy/ptII/ptolemy/actor/lib/test/auto/Distributor.xml
2 ms. Memory: 837632K Free: 549445K (66%)
----------------- Invoking toplevel() on ptolemy.moml.MoMLSimpleApplication@39a86cb8
----------------- Done invoking toplevel() on ptolemy.moml.MoMLSimpleApplication@39a86cb8
reloadAllAccessors: .Distributor
----------------- testing Thu May 10 16:12:50 UTC 2018 /home/travis/build/icyphy/ptII/ptolemy/actor/lib/test/auto/Distributor2.xml
----------------- Instantiating /home/travis/build/icyphy/ptII/ptolemy/actor/lib/test/auto/Distributor2.xml
2 ms. Memory: 837632K Free: 539615K (64%)
----------------- Invoking toplevel() on ptolemy.moml.MoMLSimpleApplication@126a3a17
----------------- Done invoking toplevel() on ptolemy.moml.MoMLSimpleApplication@126a3a17
reloadAllAccessors: .Distributor2
----------------- testing Thu May 10 16:12:50 UTC 2018 /home/travis/build/icyphy/ptII/ptolemy/actor/lib/test/auto/DownSample.xml
----------------- Instantiating /home/travis/build/icyphy/ptII/ptolemy/actor/lib/test/auto/DownSample.xml
2 ms. Memory: 837632K Free: 524281K (63%)
----------------- Invoking toplevel() on ptolemy.moml.MoMLSimpleApplication@694729c2
----------------- Done invoking toplevel() on ptolemy.moml.MoMLSimpleApplication@694729c2
reloadAllAccessors: .DownSample
----------------- testing Thu May 10 16:12:50 UTC 2018 /home/travis/build/icyphy/ptII/ptolemy/actor/lib/test/auto/ElectronicUnitBase1.xml
----------------- Instantiating /home/travis/build/icyphy/ptII/ptolemy/actor/lib/test/auto/ElectronicUnitBase1.xml
31 ms. Memory: 837632K Free: 504604K (60%)
----------------- Invoking toplevel() on ptolemy.moml.MoMLSimpleApplication@5dcc429d
----------------- Done invoking toplevel() on ptolemy.moml.MoMLSimpleApplication@5dcc429d
reloadAllAccessors: .ElectronicUnitBase1
----------------- testing Thu May 10 16:12:50 UTC 2018 /home/travis/build/icyphy/ptII/ptolemy/actor/lib/test/auto/ElementsToArray.xml
----------------- Instantiating /home/travis/build/icyphy/ptII/ptolemy/actor/lib/test/auto/ElementsToArray.xml
4 ms. Memory: 837632K Free: 494773K (59%)
----------------- Invoking toplevel() on ptolemy.moml.MoMLSimpleApplication@73dd58a2
----------------- Done invoking toplevel() on ptolemy.moml.MoMLSimpleApplication@73dd58a2
reloadAllAccessors: .ElementsToArray
----------------- testing Thu May 10 16:12:50 UTC 2018 /home/travis/build/icyphy/ptII/ptolemy/actor/lib/test/auto/Equals.xml
----------------- Instantiating /home/travis/build/icyphy/ptII/ptolemy/actor/lib/test/auto/Equals.xml
4 ms. Memory: 837632K Free: 479438K (57%)
----------------- Invoking toplevel() on ptolemy.moml.MoMLSimpleApplication@6ae06154
----------------- Done invoking toplevel() on ptolemy.moml.MoMLSimpleApplication@6ae06154
reloadAllAccessors: .Equals
----------------- testing Thu May 10 16:12:50 UTC 2018 /home/travis/build/icyphy/ptII/ptolemy/actor/lib/test/auto/Exec.xml
----------------- Instantiating /home/travis/build/icyphy/ptII/ptolemy/actor/lib/test/auto/Exec.xml
16 ms. Memory: 837632K Free: 459900K (55%)
----------------- Invoking toplevel() on ptolemy.moml.MoMLSimpleApplication@4aeeec3e
----------------- Done invoking toplevel() on ptolemy.moml.MoMLSimpleApplication@4aeeec3e
reloadAllAccessors: .Exec
----------------- testing Thu May 10 16:12:50 UTC 2018 /home/travis/build/icyphy/ptII/ptolemy/actor/lib/test/auto/ExecEnvironment.xml
----------------- Instantiating /home/travis/build/icyphy/ptII/ptolemy/actor/lib/test/auto/ExecEnvironment.xml
23 ms. Memory: 837632K Free: 444566K (53%)
----------------- Invoking toplevel() on ptolemy.moml.MoMLSimpleApplication@5a8ca4de
----------------- Done invoking toplevel() on ptolemy.moml.MoMLSimpleApplication@5a8ca4de
reloadAllAccessors: .ExecEnvironment
----------------- testing Thu May 10 16:12:50 UTC 2018 /home/travis/build/icyphy/ptII/ptolemy/actor/lib/test/auto/ExecNonZeroReturnOutput.xml
----------------- Instantiating /home/travis/build/icyphy/ptII/ptolemy/actor/lib/test/auto/ExecNonZeroReturnOutput.xml
153 ms. Memory: 837632K Free: 370837K (44%)
----------------- Invoking toplevel() on ptolemy.moml.MoMLSimpleApplication@17e65473
----------------- Done invoking toplevel() on ptolemy.moml.MoMLSimpleApplication@17e65473
reloadAllAccessors: .ExecNonZeroReturnOutput
----------------- testing Thu May 10 16:12:50 UTC 2018 /home/travis/build/icyphy/ptII/ptolemy/actor/lib/test/auto/ExecRunDemos.xml
----------------- Instantiating /home/travis/build/icyphy/ptII/ptolemy/actor/lib/test/auto/ExecRunDemos.xml
Finished: 69 ms. Memory: 116224K Free: 100789K (87%)

Finished: 70 ms. Memory: 116224K Free: 98301K (85%)

Finished: 55 ms. Memory: 116224K Free: 98206K (84%)

Finished: 47 ms. Memory: 116224K Free: 99536K (86%)

Finished: 46 ms. Memory: 116224K Free: 100823K (87%)

10267 ms. Memory: 837632K Free: 296503K (35%)
----------------- Invoking toplevel() on ptolemy.moml.MoMLSimpleApplication@4456952a
----------------- Done invoking toplevel() on ptolemy.moml.MoMLSimpleApplication@4456952a
reloadAllAccessors: .ExecRunDemos
----------------- testing Thu May 10 16:13:01 UTC 2018 /home/travis/build/icyphy/ptII/ptolemy/actor/lib/test/auto/ExecStop.xml
----------------- Instantiating /home/travis/build/icyphy/ptII/ptolemy/actor/lib/test/auto/ExecStop.xml
5014 ms. Memory: 837632K Free: 183452K (22%)
----------------- Invoking toplevel() on ptolemy.moml.MoMLSimpleApplication@42af34ff
----------------- Done invoking toplevel() on ptolemy.moml.MoMLSimpleApplication@42af34ff
reloadAllAccessors: .ExecStop
----------------- testing Thu May 10 16:13:06 UTC 2018 /home/travis/build/icyphy/ptII/ptolemy/actor/lib/test/auto/ExecutionTimePN.xml
----------------- Instantiating /home/travis/build/icyphy/ptII/ptolemy/actor/lib/test/auto/ExecutionTimePN.xml
2011 ms. Memory: 837632K Free: 134284K (16%)
----------------- Invoking toplevel() on ptolemy.moml.MoMLSimpleApplication@35b8262a
----------------- Done invoking toplevel() on ptolemy.moml.MoMLSimpleApplication@35b8262a
reloadAllAccessors: .ExecutionTimePN
----------------- testing Thu May 10 16:13:08 UTC 2018 /home/travis/build/icyphy/ptII/ptolemy/actor/lib/test/auto/ExecutionTimeSDF.xml
----------------- Instantiating /home/travis/build/icyphy/ptII/ptolemy/actor/lib/test/auto/ExecutionTimeSDF.xml
6005 ms. Memory: 837632K Free: 109095K (13%)
----------------- Invoking toplevel() on ptolemy.moml.MoMLSimpleApplication@38f11229
----------------- Done invoking toplevel() on ptolemy.moml.MoMLSimpleApplication@38f11229
reloadAllAccessors: .ExecutionTimeSDF
----------------- testing Thu May 10 16:13:14 UTC 2018 /home/travis/build/icyphy/ptII/ptolemy/actor/lib/test/auto/Expression1.xml
----------------- Instantiating /home/travis/build/icyphy/ptII/ptolemy/actor/lib/test/auto/Expression1.xml
3 ms. Memory: 837632K Free: 99265K (12%)
----------------- Invoking toplevel() on ptolemy.moml.MoMLSimpleApplication@c087fe5
----------------- Done invoking toplevel() on ptolemy.moml.MoMLSimpleApplication@c087fe5
reloadAllAccessors: .Expression1
----------------- testing Thu May 10 16:13:14 UTC 2018 /home/travis/build/icyphy/ptII/ptolemy/actor/lib/test/auto/Expression10.xml
----------------- Instantiating /home/travis/build/icyphy/ptII/ptolemy/actor/lib/test/auto/Expression10.xml
6 ms. Memory: 837632K Free: 83930K (10%)
----------------- Invoking toplevel() on ptolemy.moml.MoMLSimpleApplication@1424457d
----------------- Done invoking toplevel() on ptolemy.moml.MoMLSimpleApplication@1424457d
reloadAllAccessors: .Expression10
----------------- testing Thu May 10 16:13:14 UTC 2018 /home/travis/build/icyphy/ptII/ptolemy/actor/lib/test/auto/Expression11.xml
----------------- Instantiating /home/travis/build/icyphy/ptII/ptolemy/actor/lib/test/auto/Expression11.xml
3 ms. Memory: 837632K Free: 74100K (9%)
----------------- Invoking toplevel() on ptolemy.moml.MoMLSimpleApplication@39baf4a2
----------------- Done invoking toplevel() on ptolemy.moml.MoMLSimpleApplication@39baf4a2
reloadAllAccessors: .Expression11
----------------- testing Thu May 10 16:13:14 UTC 2018 /home/travis/build/icyphy/ptII/ptolemy/actor/lib/test/auto/Expression12.xml
----------------- Instantiating /home/travis/build/icyphy/ptII/ptolemy/actor/lib/test/auto/Expression12.xml
3 ms. Memory: 837632K Free: 60431K (7%)
----------------- Invoking toplevel() on ptolemy.moml.MoMLSimpleApplication@43714f0a
----------------- Done invoking toplevel() on ptolemy.moml.MoMLSimpleApplication@43714f0a
reloadAllAccessors: .Expression12
----------------- testing Thu May 10 16:13:14 UTC 2018 /home/travis/build/icyphy/ptII/ptolemy/actor/lib/test/auto/Expression13.xml
----------------- Instantiating /home/travis/build/icyphy/ptII/ptolemy/actor/lib/test/auto/Expression13.xml
13 ms. Memory: 857088K Free: 807180K (94%)
----------------- Invoking toplevel() on ptolemy.moml.MoMLSimpleApplication@301009c2
----------------- Done invoking toplevel() on ptolemy.moml.MoMLSimpleApplication@301009c2
reloadAllAccessors: .Expression13
----------------- testing Thu May 10 16:13:14 UTC 2018 /home/travis/build/icyphy/ptII/ptolemy/actor/lib/test/auto/Expression14.xml
----------------- Instantiating /home/travis/build/icyphy/ptII/ptolemy/actor/lib/test/auto/Expression14.xml
5 ms. Memory: 857088K Free: 793150K (93%)
----------------- Invoking toplevel() on ptolemy.moml.MoMLSimpleApplication@1ff97307
----------------- Done invoking toplevel() on ptolemy.moml.MoMLSimpleApplication@1ff97307
reloadAllAccessors: .Expression14
----------------- testing Thu May 10 16:13:14 UTC 2018 /home/travis/build/icyphy/ptII/ptolemy/actor/lib/test/auto/Expression15.xml
----------------- Instantiating /home/travis/build/icyphy/ptII/ptolemy/actor/lib/test/auto/Expression15.xml
2 ms. Memory: 857088K Free: 779120K (91%)
----------------- Invoking toplevel() on ptolemy.moml.MoMLSimpleApplication@747f5ae8
----------------- Done invoking toplevel() on ptolemy.moml.MoMLSimpleApplication@747f5ae8
reloadAllAccessors: .Expression15
----------------- testing Thu May 10 16:13:14 UTC 2018 /home/travis/build/icyphy/ptII/ptolemy/actor/lib/test/auto/Expression16.xml
----------------- Instantiating /home/travis/build/icyphy/ptII/ptolemy/actor/lib/test/auto/Expression16.xml
3 ms. Memory: 857088K Free: 769241K (90%)
----------------- Invoking toplevel() on ptolemy.moml.MoMLSimpleApplication@5427c9
----------------- Done invoking toplevel() on ptolemy.moml.MoMLSimpleApplication@5427c9
reloadAllAccessors: .Expression16
----------------- testing Thu May 10 16:13:14 UTC 2018 /home/travis/build/icyphy/ptII/ptolemy/actor/lib/test/auto/Expression17.xml
----------------- Instantiating /home/travis/build/icyphy/ptII/ptolemy/actor/lib/test/auto/Expression17.xml
3 ms. Memory: 857088K Free: 755211K (88%)
----------------- Invoking toplevel() on ptolemy.moml.MoMLSimpleApplication@e775d0a
----------------- Done invoking toplevel() on ptolemy.moml.MoMLSimpleApplication@e775d0a
reloadAllAccessors: .Expression17
----------------- testing Thu May 10 16:13:14 UTC 2018 /home/travis/build/icyphy/ptII/ptolemy/actor/lib/test/auto/Expression18.xml
----------------- Instantiating /home/travis/build/icyphy/ptII/ptolemy/actor/lib/test/auto/Expression18.xml
4 ms. Memory: 857088K Free: 745333K (87%)
----------------- Invoking toplevel() on ptolemy.moml.MoMLSimpleApplication@2796b263
----------------- Done invoking toplevel() on ptolemy.moml.MoMLSimpleApplication@2796b263
reloadAllAccessors: .Expression18
----------------- testing Thu May 10 16:13:14 UTC 2018 /home/travis/build/icyphy/ptII/ptolemy/actor/lib/test/auto/Expression2.xml
----------------- Instantiating /home/travis/build/icyphy/ptII/ptolemy/actor/lib/test/auto/Expression2.xml
4 ms. Memory: 857088K Free: 726487K (85%)
----------------- Invoking toplevel() on ptolemy.moml.MoMLSimpleApplication@5aded959
----------------- Done invoking toplevel() on ptolemy.moml.MoMLSimpleApplication@5aded959
reloadAllAccessors: .Expression2
----------------- testing Thu May 10 16:13:14 UTC 2018 /home/travis/build/icyphy/ptII/ptolemy/actor/lib/test/auto/Expression3.xml
----------------- Instantiating /home/travis/build/icyphy/ptII/ptolemy/actor/lib/test/auto/Expression3.xml
7 ms. Memory: 857088K Free: 712457K (83%)
----------------- Invoking toplevel() on ptolemy.moml.MoMLSimpleApplication@502d8fd9
----------------- Done invoking toplevel() on ptolemy.moml.MoMLSimpleApplication@502d8fd9
reloadAllAccessors: .Expression3
----------------- testing Thu May 10 16:13:14 UTC 2018 /home/travis/build/icyphy/ptII/ptolemy/actor/lib/test/auto/Expression4.xml
----------------- Instantiating /home/travis/build/icyphy/ptII/ptolemy/actor/lib/test/auto/Expression4.xml
6 ms. Memory: 857088K Free: 697639K (81%)
----------------- Invoking toplevel() on ptolemy.moml.MoMLSimpleApplication@436e42ff
----------------- Done invoking toplevel() on ptolemy.moml.MoMLSimpleApplication@436e42ff
reloadAllAccessors: .Expression4
----------------- testing Thu May 10 16:13:14 UTC 2018 /home/travis/build/icyphy/ptII/ptolemy/actor/lib/test/auto/Expression5.xml
----------------- Instantiating /home/travis/build/icyphy/ptII/ptolemy/actor/lib/test/auto/Expression5.xml
7 ms. Memory: 857088K Free: 683609K (80%)
----------------- Invoking toplevel() on ptolemy.moml.MoMLSimpleApplication@43cd68ad
----------------- Done invoking toplevel() on ptolemy.moml.MoMLSimpleApplication@43cd68ad
reloadAllAccessors: .Expression5
----------------- testing Thu May 10 16:13:14 UTC 2018 /home/travis/build/icyphy/ptII/ptolemy/actor/lib/test/auto/Expression6.xml
----------------- Instantiating /home/travis/build/icyphy/ptII/ptolemy/actor/lib/test/auto/Expression6.xml
3 ms. Memory: 857088K Free: 673730K (79%)
----------------- Invoking toplevel() on ptolemy.moml.MoMLSimpleApplication@3fc942a8
----------------- Done invoking toplevel() on ptolemy.moml.MoMLSimpleApplication@3fc942a8
reloadAllAccessors: .Expression6
----------------- testing Thu May 10 16:13:14 UTC 2018 /home/travis/build/icyphy/ptII/ptolemy/actor/lib/test/auto/Expression7.xml
----------------- Instantiating /home/travis/build/icyphy/ptII/ptolemy/actor/lib/test/auto/Expression7.xml
3 ms. Memory: 857088K Free: 659700K (77%)
----------------- Invoking toplevel() on ptolemy.moml.MoMLSimpleApplication@7ae01fb
----------------- Done invoking toplevel() on ptolemy.moml.MoMLSimpleApplication@7ae01fb
reloadAllAccessors: .Expression7
----------------- testing Thu May 10 16:13:14 UTC 2018 /home/travis/build/icyphy/ptII/ptolemy/actor/lib/test/auto/Expression8.xml
----------------- Instantiating /home/travis/build/icyphy/ptII/ptolemy/actor/lib/test/auto/Expression8.xml
10 ms. Memory: 857088K Free: 649822K (76%)
----------------- Invoking toplevel() on ptolemy.moml.MoMLSimpleApplication@7c0b26cd
----------------- Done invoking toplevel() on ptolemy.moml.MoMLSimpleApplication@7c0b26cd
reloadAllAccessors: .Expression8
----------------- testing Thu May 10 16:13:14 UTC 2018 /home/travis/build/icyphy/ptII/ptolemy/actor/lib/test/auto/Expression9.xml
----------------- Instantiating /home/travis/build/icyphy/ptII/ptolemy/actor/lib/test/auto/Expression9.xml
2 ms. Memory: 857088K Free: 635791K (74%)
----------------- Invoking toplevel() on ptolemy.moml.MoMLSimpleApplication@75939121
----------------- Done invoking toplevel() on ptolemy.moml.MoMLSimpleApplication@75939121
reloadAllAccessors: .Expression9
----------------- testing Thu May 10 16:13:14 UTC 2018 /home/travis/build/icyphy/ptII/ptolemy/actor/lib/test/auto/ExpressionConcatenateArrayType.xml
----------------- Instantiating /home/travis/build/icyphy/ptII/ptolemy/actor/lib/test/auto/ExpressionConcatenateArrayType.xml
3 ms. Memory: 857088K Free: 616806K (72%)
----------------- Invoking toplevel() on ptolemy.moml.MoMLSimpleApplication@16fdd6ce
----------------- Done invoking toplevel() on ptolemy.moml.MoMLSimpleApplication@16fdd6ce
reloadAllAccessors: .ExpressionConcatenateArrayType
----------------- testing Thu May 10 16:13:14 UTC 2018 /home/travis/build/icyphy/ptII/ptolemy/actor/lib/test/auto/ExpressionConcatenateArrayType2.xml
----------------- Instantiating /home/travis/build/icyphy/ptII/ptolemy/actor/lib/test/auto/ExpressionConcatenateArrayType2.xml
2 ms. Memory: 857088K Free: 606885K (71%)
----------------- Invoking toplevel() on ptolemy.moml.MoMLSimpleApplication@5bf333b2
----------------- Done invoking toplevel() on ptolemy.moml.MoMLSimpleApplication@5bf333b2
reloadAllAccessors: .ExpressionConcatenateArrayType2
----------------- testing Thu May 10 16:13:14 UTC 2018 /home/travis/build/icyphy/ptII/ptolemy/actor/lib/test/auto/ExpressionFix.xml
----------------- Instantiating /home/travis/build/icyphy/ptII/ptolemy/actor/lib/test/auto/ExpressionFix.xml
21 ms. Memory: 857088K Free: 592855K (69%)
----------------- Invoking toplevel() on ptolemy.moml.MoMLSimpleApplication@50feb214
----------------- Done invoking toplevel() on ptolemy.moml.MoMLSimpleApplication@50feb214
reloadAllAccessors: .ExpressionFix
----------------- testing Thu May 10 16:13:14 UTC 2018 /home/travis/build/icyphy/ptII/ptolemy/actor/lib/test/auto/ExpressionFix2.xml
----------------- Instantiating /home/travis/build/icyphy/ptII/ptolemy/actor/lib/test/auto/ExpressionFix2.xml
3 ms. Memory: 857088K Free: 582977K (68%)
----------------- Invoking toplevel() on ptolemy.moml.MoMLSimpleApplication@31a11495
----------------- Done invoking toplevel() on ptolemy.moml.MoMLSimpleApplication@31a11495
reloadAllAccessors: .ExpressionFix2
----------------- testing Thu May 10 16:13:14 UTC 2018 /home/travis/build/icyphy/ptII/ptolemy/actor/lib/test/auto/ExpressionFix3.xml
----------------- Instantiating /home/travis/build/icyphy/ptII/ptolemy/actor/lib/test/auto/ExpressionFix3.xml
3 ms. Memory: 857088K Free: 568946K (66%)
----------------- Invoking toplevel() on ptolemy.moml.MoMLSimpleApplication@2e364210
----------------- Done invoking toplevel() on ptolemy.moml.MoMLSimpleApplication@2e364210
reloadAllAccessors: .ExpressionFix3
----------------- testing Thu May 10 16:13:14 UTC 2018 /home/travis/build/icyphy/ptII/ptolemy/actor/lib/test/auto/FileWriter1.xml
----------------- Instantiating /home/travis/build/icyphy/ptII/ptolemy/actor/lib/test/auto/FileWriter1.xml
2 ms. Memory: 857088K Free: 559068K (65%)
----------------- Invoking toplevel() on ptolemy.moml.MoMLSimpleApplication@5e8c9a12
----------------- Done invoking toplevel() on ptolemy.moml.MoMLSimpleApplication@5e8c9a12
reloadAllAccessors: .FileWriter1
----------------- testing Thu May 10 16:13:14 UTC 2018 /home/travis/build/icyphy/ptII/ptolemy/actor/lib/test/auto/FileWriter2.xml
----------------- Instantiating /home/travis/build/icyphy/ptII/ptolemy/actor/lib/test/auto/FileWriter2.xml
2 ms. Memory: 857088K Free: 545038K (64%)
----------------- Invoking toplevel() on ptolemy.moml.MoMLSimpleApplication@18bda69e
----------------- Done invoking toplevel() on ptolemy.moml.MoMLSimpleApplication@18bda69e
reloadAllAccessors: .FileWriter2
----------------- testing Thu May 10 16:13:14 UTC 2018 /home/travis/build/icyphy/ptII/ptolemy/actor/lib/test/auto/FileWriter3.xml
----------------- Instantiating /home/travis/build/icyphy/ptII/ptolemy/actor/lib/test/auto/FileWriter3.xml
7 ms. Memory: 857088K Free: 531007K (62%)
----------------- Invoking toplevel() on ptolemy.moml.MoMLSimpleApplication@3f88f379
----------------- Done invoking toplevel() on ptolemy.moml.MoMLSimpleApplication@3f88f379
reloadAllAccessors: .FileWriter3
----------------- testing Thu May 10 16:13:15 UTC 2018 /home/travis/build/icyphy/ptII/ptolemy/actor/lib/test/auto/Gaussian.xml
----------------- Instantiating /home/travis/build/icyphy/ptII/ptolemy/actor/lib/test/auto/Gaussian.xml
3 ms. Memory: 857088K Free: 521129K (61%)
----------------- Invoking toplevel() on ptolemy.moml.MoMLSimpleApplication@4739ccfa
----------------- Done invoking toplevel() on ptolemy.moml.MoMLSimpleApplication@4739ccfa
reloadAllAccessors: .Gaussian
----------------- testing Thu May 10 16:13:15 UTC 2018 /home/travis/build/icyphy/ptII/ptolemy/actor/lib/test/auto/Gaussian1.xml
----------------- Instantiating /home/travis/build/icyphy/ptII/ptolemy/actor/lib/test/auto/Gaussian1.xml
10 ms. Memory: 857088K Free: 507099K (59%)
----------------- Invoking toplevel() on ptolemy.moml.MoMLSimpleApplication@7b7a2a47
----------------- Done invoking toplevel() on ptolemy.moml.MoMLSimpleApplication@7b7a2a47
reloadAllAccessors: .Gaussian1
----------------- testing Thu May 10 16:13:15 UTC 2018 /home/travis/build/icyphy/ptII/ptolemy/actor/lib/test/auto/Gaussian2.xml
----------------- Instantiating /home/travis/build/icyphy/ptII/ptolemy/actor/lib/test/auto/Gaussian2.xml
5 ms. Memory: 857088K Free: 497220K (58%)
----------------- Invoking toplevel() on ptolemy.moml.MoMLSimpleApplication@79c85540
----------------- Done invoking toplevel() on ptolemy.moml.MoMLSimpleApplication@79c85540
reloadAllAccessors: .Gaussian2
----------------- testing Thu May 10 16:13:15 UTC 2018 /home/travis/build/icyphy/ptII/ptolemy/actor/lib/test/auto/GradientAdaptiveLattice.xml
----------------- Instantiating /home/travis/build/icyphy/ptII/ptolemy/actor/lib/test/auto/GradientAdaptiveLattice.xml
9 ms. Memory: 857088K Free: 483190K (56%)
----------------- Invoking toplevel() on ptolemy.moml.MoMLSimpleApplication@191df7b6
----------------- Done invoking toplevel() on ptolemy.moml.MoMLSimpleApplication@191df7b6
reloadAllAccessors: .GradientAdaptiveLattice
----------------- testing Thu May 10 16:13:15 UTC 2018 /home/travis/build/icyphy/ptII/ptolemy/actor/lib/test/auto/IIR.xml
----------------- Instantiating /home/travis/build/icyphy/ptII/ptolemy/actor/lib/test/auto/IIR.xml
1 ms. Memory: 857088K Free: 473311K (55%)
----------------- Invoking toplevel() on ptolemy.moml.MoMLSimpleApplication@727da7f
----------------- Done invoking toplevel() on ptolemy.moml.MoMLSimpleApplication@727da7f
reloadAllAccessors: .IIR
----------------- testing Thu May 10 16:13:15 UTC 2018 /home/travis/build/icyphy/ptII/ptolemy/actor/lib/test/auto/InputOutputTransparentPorts.xml
----------------- Instantiating /home/travis/build/icyphy/ptII/ptolemy/actor/lib/test/auto/InputOutputTransparentPorts.xml
3 ms. Memory: 857088K Free: 454342K (53%)
----------------- Invoking toplevel() on ptolemy.moml.MoMLSimpleApplication@1929d51c
----------------- Done invoking toplevel() on ptolemy.moml.MoMLSimpleApplication@1929d51c
reloadAllAccessors: .InputOutputTransparentPorts
----------------- testing Thu May 10 16:13:15 UTC 2018 /home/travis/build/icyphy/ptII/ptolemy/actor/lib/test/auto/Interpolator.xml
----------------- Instantiating /home/travis/build/icyphy/ptII/ptolemy/actor/lib/test/auto/Interpolator.xml
5 ms. Memory: 857088K Free: 440312K (51%)
----------------- Invoking toplevel() on ptolemy.moml.MoMLSimpleApplication@53b02961
----------------- Done invoking toplevel() on ptolemy.moml.MoMLSimpleApplication@53b02961
reloadAllAccessors: .Interpolator
----------------- testing Thu May 10 16:13:15 UTC 2018 /home/travis/build/icyphy/ptII/ptolemy/actor/lib/test/auto/InterpolatorFiringLimitDE.xml
----------------- Instantiating /home/travis/build/icyphy/ptII/ptolemy/actor/lib/test/auto/InterpolatorFiringLimitDE.xml
2 ms. Memory: 857088K Free: 430433K (50%)
----------------- Invoking toplevel() on ptolemy.moml.MoMLSimpleApplication@f234a90
----------------- Done invoking toplevel() on ptolemy.moml.MoMLSimpleApplication@f234a90
reloadAllAccessors: .InterpolatorFiringLimitDE
----------------- testing Thu May 10 16:13:15 UTC 2018 /home/travis/build/icyphy/ptII/ptolemy/actor/lib/test/auto/Lattice.xml
----------------- Instantiating /home/travis/build/icyphy/ptII/ptolemy/actor/lib/test/auto/Lattice.xml
2 ms. Memory: 857088K Free: 416403K (49%)
----------------- Invoking toplevel() on ptolemy.moml.MoMLSimpleApplication@1c1e6424
----------------- Done invoking toplevel() on ptolemy.moml.MoMLSimpleApplication@1c1e6424
reloadAllAccessors: .Lattice
----------------- testing Thu May 10 16:13:15 UTC 2018 /home/travis/build/icyphy/ptII/ptolemy/actor/lib/test/auto/LazyAOCTestLazy.xml
----------------- Instantiating /home/travis/build/icyphy/ptII/ptolemy/actor/lib/test/auto/LazyAOCTestLazy.xml
13 ms. Memory: 857088K Free: 406525K (47%)
----------------- Invoking toplevel() on ptolemy.moml.MoMLSimpleApplication@70e2c62b
----------------- Done invoking toplevel() on ptolemy.moml.MoMLSimpleApplication@70e2c62b
reloadAllAccessors: .LazyAOCTestLazy
----------------- testing Thu May 10 16:13:15 UTC 2018 /home/travis/build/icyphy/ptII/ptolemy/actor/lib/test/auto/LazyAOCTestNonLazy.xml
----------------- Instantiating /home/travis/build/icyphy/ptII/ptolemy/actor/lib/test/auto/LazyAOCTestNonLazy.xml
7 ms. Memory: 857088K Free: 392494K (46%)
----------------- Invoking toplevel() on ptolemy.moml.MoMLSimpleApplication@e590670
----------------- Done invoking toplevel() on ptolemy.moml.MoMLSimpleApplication@e590670
reloadAllAccessors: .LazyAOCTestNonLazy
----------------- testing Thu May 10 16:13:15 UTC 2018 /home/travis/build/icyphy/ptII/ptolemy/actor/lib/test/auto/LazyInnerClass.xml
----------------- Instantiating /home/travis/build/icyphy/ptII/ptolemy/actor/lib/test/auto/LazyInnerClass.xml
29 ms. Memory: 857088K Free: 378464K (44%)
----------------- Invoking toplevel() on ptolemy.moml.MoMLSimpleApplication@2fcb4914
----------------- Done invoking toplevel() on ptolemy.moml.MoMLSimpleApplication@2fcb4914
reloadAllAccessors: .LazyInnerClass
----------------- testing Thu May 10 16:13:15 UTC 2018 /home/travis/build/icyphy/ptII/ptolemy/actor/lib/test/auto/LazyPubSub.xml
----------------- Instantiating /home/travis/build/icyphy/ptII/ptolemy/actor/lib/test/auto/LazyPubSub.xml
35 ms. Memory: 857088K Free: 363631K (42%)
----------------- Invoking toplevel() on ptolemy.moml.MoMLSimpleApplication@1c2a206e
----------------- Done invoking toplevel() on ptolemy.moml.MoMLSimpleApplication@1c2a206e
reloadAllAccessors: .LazyPubSub
----------------- testing Thu May 10 16:13:15 UTC 2018 /home/travis/build/icyphy/ptII/ptolemy/actor/lib/test/auto/LazyPubSub2.xml
----------------- Instantiating /home/travis/build/icyphy/ptII/ptolemy/actor/lib/test/auto/LazyPubSub2.xml
29 ms. Memory: 857088K Free: 344645K (40%)
----------------- Invoking toplevel() on ptolemy.moml.MoMLSimpleApplication@6789395b
----------------- Done invoking toplevel() on ptolemy.moml.MoMLSimpleApplication@6789395b
reloadAllAccessors: .LazyPubSub2
----------------- testing Thu May 10 16:13:15 UTC 2018 /home/travis/build/icyphy/ptII/ptolemy/actor/lib/test/auto/LazyPubSub3.xml
----------------- Instantiating /home/travis/build/icyphy/ptII/ptolemy/actor/lib/test/auto/LazyPubSub3.xml
18 ms. Memory: 857088K Free: 329820K (38%)
----------------- Invoking toplevel() on ptolemy.moml.MoMLSimpleApplication@3df5be6d
----------------- Done invoking toplevel() on ptolemy.moml.MoMLSimpleApplication@3df5be6d
reloadAllAccessors: .LazyPubSub3
----------------- testing Thu May 10 16:13:15 UTC 2018 /home/travis/build/icyphy/ptII/ptolemy/actor/lib/test/auto/LazySubClassModel.xml
----------------- Instantiating /home/travis/build/icyphy/ptII/ptolemy/actor/lib/test/auto/LazySubClassModel.xml
2 ms. Memory: 857088K Free: 310851K (36%)
----------------- Invoking toplevel() on ptolemy.moml.MoMLSimpleApplication@1ba3c46f
----------------- Done invoking toplevel() on ptolemy.moml.MoMLSimpleApplication@1ba3c46f
reloadAllAccessors: .LazySubClassModel
----------------- testing Thu May 10 16:13:15 UTC 2018 /home/travis/build/icyphy/ptII/ptolemy/actor/lib/test/auto/LevelCrossTest1.xml
----------------- Instantiating /home/travis/build/icyphy/ptII/ptolemy/actor/lib/test/auto/LevelCrossTest1.xml
2 ms. Memory: 857088K Free: 300973K (35%)
----------------- Invoking toplevel() on ptolemy.moml.MoMLSimpleApplication@246d0254
----------------- Done invoking toplevel() on ptolemy.moml.MoMLSimpleApplication@246d0254
reloadAllAccessors: .broken
----------------- testing Thu May 10 16:13:15 UTC 2018 /home/travis/build/icyphy/ptII/ptolemy/actor/lib/test/auto/LevelCrossTest10.xml
----------------- Instantiating /home/travis/build/icyphy/ptII/ptolemy/actor/lib/test/auto/LevelCrossTest10.xml
2 ms. Memory: 857088K Free: 281987K (33%)
----------------- Invoking toplevel() on ptolemy.moml.MoMLSimpleApplication@4bc6bb1
----------------- Done invoking toplevel() on ptolemy.moml.MoMLSimpleApplication@4bc6bb1
reloadAllAccessors: .LevelCrossTest10
----------------- testing Thu May 10 16:13:15 UTC 2018 /home/travis/build/icyphy/ptII/ptolemy/actor/lib/test/auto/LevelCrossTest11.xml
----------------- Instantiating /home/travis/build/icyphy/ptII/ptolemy/actor/lib/test/auto/LevelCrossTest11.xml
5 ms. Memory: 857088K Free: 263010K (31%)
----------------- Invoking toplevel() on ptolemy.moml.MoMLSimpleApplication@3d40db5d
----------------- Done invoking toplevel() on ptolemy.moml.MoMLSimpleApplication@3d40db5d
reloadAllAccessors: .LevelCrossTest11
----------------- testing Thu May 10 16:13:15 UTC 2018 /home/travis/build/icyphy/ptII/ptolemy/actor/lib/test/auto/LevelCrossTest12.xml
----------------- Instantiating /home/travis/build/icyphy/ptII/ptolemy/actor/lib/test/auto/LevelCrossTest12.xml
2 ms. Memory: 857088K Free: 248184K (29%)
----------------- Invoking toplevel() on ptolemy.moml.MoMLSimpleApplication@1e2801bc
----------------- Done invoking toplevel() on ptolemy.moml.MoMLSimpleApplication@1e2801bc
reloadAllAccessors: .LevelCrossTest12
----------------- testing Thu May 10 16:13:15 UTC 2018 /home/travis/build/icyphy/ptII/ptolemy/actor/lib/test/auto/LevelCrossTest13.xml
----------------- Instantiating /home/travis/build/icyphy/ptII/ptolemy/actor/lib/test/auto/LevelCrossTest13.xml
1 ms. Memory: 857088K Free: 229199K (27%)
----------------- Invoking toplevel() on ptolemy.moml.MoMLSimpleApplication@32d81326
----------------- Done invoking toplevel() on ptolemy.moml.MoMLSimpleApplication@32d81326
reloadAllAccessors: .LevelCrossTest13
----------------- testing Thu May 10 16:13:15 UTC 2018 /home/travis/build/icyphy/ptII/ptolemy/actor/lib/test/auto/LevelCrossTest2.xml
----------------- Instantiating /home/travis/build/icyphy/ptII/ptolemy/actor/lib/test/auto/LevelCrossTest2.xml
5 ms. Memory: 857088K Free: 219321K (26%)
----------------- Invoking toplevel() on ptolemy.moml.MoMLSimpleApplication@3e156766
----------------- Done invoking toplevel() on ptolemy.moml.MoMLSimpleApplication@3e156766
reloadAllAccessors: .broken
----------------- testing Thu May 10 16:13:15 UTC 2018 /home/travis/build/icyphy/ptII/ptolemy/actor/lib/test/auto/LevelCrossTest3.xml
----------------- Instantiating /home/travis/build/icyphy/ptII/ptolemy/actor/lib/test/auto/LevelCrossTest3.xml
2 ms. Memory: 857088K Free: 205291K (24%)
----------------- Invoking toplevel() on ptolemy.moml.MoMLSimpleApplication@40e8e47e
----------------- Done invoking toplevel() on ptolemy.moml.MoMLSimpleApplication@40e8e47e
reloadAllAccessors: .LevelCrossTest3
----------------- testing Thu May 10 16:13:15 UTC 2018 /home/travis/build/icyphy/ptII/ptolemy/actor/lib/test/auto/LevelCrossTest4.xml
----------------- Instantiating /home/travis/build/icyphy/ptII/ptolemy/actor/lib/test/auto/LevelCrossTest4.xml
1 ms. Memory: 857088K Free: 191261K (22%)
----------------- Invoking toplevel() on ptolemy.moml.MoMLSimpleApplication@6f8bd05b
----------------- Done invoking toplevel() on ptolemy.moml.MoMLSimpleApplication@6f8bd05b
reloadAllAccessors: .broken
----------------- testing Thu May 10 16:13:15 UTC 2018 /home/travis/build/icyphy/ptII/ptolemy/actor/lib/test/auto/LevelCrossTest5.xml
----------------- Instantiating /home/travis/build/icyphy/ptII/ptolemy/actor/lib/test/auto/LevelCrossTest5.xml
2 ms. Memory: 857088K Free: 176427K (21%)
----------------- Invoking toplevel() on ptolemy.moml.MoMLSimpleApplication@2f75e542
----------------- Done invoking toplevel() on ptolemy.moml.MoMLSimpleApplication@2f75e542
reloadAllAccessors: .LevelCrossTest5
----------------- testing Thu May 10 16:13:15 UTC 2018 /home/travis/build/icyphy/ptII/ptolemy/actor/lib/test/auto/LevelCrossTest6.xml
----------------- Instantiating /home/travis/build/icyphy/ptII/ptolemy/actor/lib/test/auto/LevelCrossTest6.xml
2 ms. Memory: 857088K Free: 157442K (18%)
----------------- Invoking toplevel() on ptolemy.moml.MoMLSimpleApplication@f0c3e68
----------------- Done invoking toplevel() on ptolemy.moml.MoMLSimpleApplication@f0c3e68
reloadAllAccessors: .LevelCrossTest6
----------------- testing Thu May 10 16:13:15 UTC 2018 /home/travis/build/icyphy/ptII/ptolemy/actor/lib/test/auto/LevelCrossTest7.xml
----------------- Instantiating /home/travis/build/icyphy/ptII/ptolemy/actor/lib/test/auto/LevelCrossTest7.xml
3 ms. Memory: 857088K Free: 142624K (17%)
----------------- Invoking toplevel() on ptolemy.moml.MoMLSimpleApplication@c4e7de1
----------------- Done invoking toplevel() on ptolemy.moml.MoMLSimpleApplication@c4e7de1
reloadAllAccessors: .LevelCrossTest7
----------------- testing Thu May 10 16:13:16 UTC 2018 /home/travis/build/icyphy/ptII/ptolemy/actor/lib/test/auto/LevelCrossTest8.xml
----------------- Instantiating /home/travis/build/icyphy/ptII/ptolemy/actor/lib/test/auto/LevelCrossTest8.xml
1 ms. Memory: 857088K Free: 123638K (14%)
----------------- Invoking toplevel() on ptolemy.moml.MoMLSimpleApplication@31a646ef
----------------- Done invoking toplevel() on ptolemy.moml.MoMLSimpleApplication@31a646ef
reloadAllAccessors: .LevelCrossTest8
----------------- testing Thu May 10 16:13:16 UTC 2018 /home/travis/build/icyphy/ptII/ptolemy/actor/lib/test/auto/LevelCrossTest9.xml
----------------- Instantiating /home/travis/build/icyphy/ptII/ptolemy/actor/lib/test/auto/LevelCrossTest9.xml
6 ms. Memory: 857088K Free: 108805K (13%)
----------------- Invoking toplevel() on ptolemy.moml.MoMLSimpleApplication@5c9e12f7
----------------- Done invoking toplevel() on ptolemy.moml.MoMLSimpleApplication@5c9e12f7
reloadAllAccessors: .LevelCrossTest9
----------------- testing Thu May 10 16:13:16 UTC 2018 /home/travis/build/icyphy/ptII/ptolemy/actor/lib/test/auto/LevinsonDurbin.xml
----------------- Instantiating /home/travis/build/icyphy/ptII/ptolemy/actor/lib/test/auto/LevinsonDurbin.xml
2 ms. Memory: 857088K Free: 94775K (11%)
----------------- Invoking toplevel() on ptolemy.moml.MoMLSimpleApplication@1bbf4064
----------------- Done invoking toplevel() on ptolemy.moml.MoMLSimpleApplication@1bbf4064
reloadAllAccessors: .LevinsonDurbin
----------------- testing Thu May 10 16:13:16 UTC 2018 /home/travis/build/icyphy/ptII/ptolemy/actor/lib/test/auto/LevinsonDurbin2.xml
----------------- Instantiating /home/travis/build/icyphy/ptII/ptolemy/actor/lib/test/auto/LevinsonDurbin2.xml
2 ms. Memory: 857088K Free: 80744K (9%)
----------------- Invoking toplevel() on ptolemy.moml.MoMLSimpleApplication@78ec9357
----------------- Done invoking toplevel() on ptolemy.moml.MoMLSimpleApplication@78ec9357
reloadAllAccessors: .LevinsonDurbin2
----------------- testing Thu May 10 16:13:16 UTC 2018 /home/travis/build/icyphy/ptII/ptolemy/actor/lib/test/auto/LevinsonDurbin3.xml
----------------- Instantiating /home/travis/build/icyphy/ptII/ptolemy/actor/lib/test/auto/LevinsonDurbin3.xml
11 ms. Memory: 935936K Free: 890070K (95%)
----------------- Invoking toplevel() on ptolemy.moml.MoMLSimpleApplication@32f4a871
----------------- Done invoking toplevel() on ptolemy.moml.MoMLSimpleApplication@32f4a871
reloadAllAccessors: .LevinsonDurbin3
----------------- testing Thu May 10 16:13:16 UTC 2018 /home/travis/build/icyphy/ptII/ptolemy/actor/lib/test/auto/Limiter.xml
----------------- Instantiating /home/travis/build/icyphy/ptII/ptolemy/actor/lib/test/auto/Limiter.xml
5 ms. Memory: 935936K Free: 870732K (93%)
----------------- Invoking toplevel() on ptolemy.moml.MoMLSimpleApplication@6c5356a4
----------------- Done invoking toplevel() on ptolemy.moml.MoMLSimpleApplication@6c5356a4
reloadAllAccessors: .Limiter
----------------- testing Thu May 10 16:13:16 UTC 2018 /home/travis/build/icyphy/ptII/ptolemy/actor/lib/test/auto/LinearDifferenceEquationSystem.xml
----------------- Instantiating /home/travis/build/icyphy/ptII/ptolemy/actor/lib/test/auto/LinearDifferenceEquationSystem.xml
11 ms. Memory: 935936K Free: 854174K (91%)
----------------- Invoking toplevel() on ptolemy.moml.MoMLSimpleApplication@4429e9b
----------------- Done invoking toplevel() on ptolemy.moml.MoMLSimpleApplication@4429e9b
reloadAllAccessors: .LinearDifferenceEquationSystem
----------------- testing Thu May 10 16:13:16 UTC 2018 /home/travis/build/icyphy/ptII/ptolemy/actor/lib/test/auto/LookupTable.xml
----------------- Instantiating /home/travis/build/icyphy/ptII/ptolemy/actor/lib/test/auto/LookupTable.xml
2 ms. Memory: 935936K Free: 845838K (90%)
----------------- Invoking toplevel() on ptolemy.moml.MoMLSimpleApplication@3469ff24
----------------- Done invoking toplevel() on ptolemy.moml.MoMLSimpleApplication@3469ff24
reloadAllAccessors: .LookupTable
----------------- testing Thu May 10 16:13:16 UTC 2018 /home/travis/build/icyphy/ptII/ptolemy/actor/lib/test/auto/MathFunction.xml
----------------- Instantiating /home/travis/build/icyphy/ptII/ptolemy/actor/lib/test/auto/MathFunction.xml
3 ms. Memory: 935936K Free: 829279K (89%)
----------------- Invoking toplevel() on ptolemy.moml.MoMLSimpleApplication@71793cc0
----------------- Done invoking toplevel() on ptolemy.moml.MoMLSimpleApplication@71793cc0
reloadAllAccessors: .MathFunction
----------------- testing Thu May 10 16:13:16 UTC 2018 /home/travis/build/icyphy/ptII/ptolemy/actor/lib/test/auto/MathFunction2.xml
----------------- Instantiating /home/travis/build/icyphy/ptII/ptolemy/actor/lib/test/auto/MathFunction2.xml
2 ms. Memory: 935936K Free: 816904K (87%)
----------------- Invoking toplevel() on ptolemy.moml.MoMLSimpleApplication@15689298
----------------- Done invoking toplevel() on ptolemy.moml.MoMLSimpleApplication@15689298
reloadAllAccessors: .MathFunction2
----------------- testing Thu May 10 16:13:16 UTC 2018 /home/travis/build/icyphy/ptII/ptolemy/actor/lib/test/auto/MathFunction3.xml
----------------- Instantiating /home/travis/build/icyphy/ptII/ptolemy/actor/lib/test/auto/MathFunction3.xml
3 ms. Memory: 935936K Free: 804401K (86%)
----------------- Invoking toplevel() on ptolemy.moml.MoMLSimpleApplication@514c8064
----------------- Done invoking toplevel() on ptolemy.moml.MoMLSimpleApplication@514c8064
reloadAllAccessors: .MathFunction3
----------------- testing Thu May 10 16:13:16 UTC 2018 /home/travis/build/icyphy/ptII/ptolemy/actor/lib/test/auto/MatrixCropBoolean.xml
----------------- Instantiating /home/travis/build/icyphy/ptII/ptolemy/actor/lib/test/auto/MatrixCropBoolean.xml
2 ms. Memory: 935936K Free: 792026K (85%)
----------------- Invoking toplevel() on ptolemy.moml.MoMLSimpleApplication@65ed4093
----------------- Done invoking toplevel() on ptolemy.moml.MoMLSimpleApplication@65ed4093
reloadAllAccessors: .MatrixCropBoolean
----------------- testing Thu May 10 16:13:16 UTC 2018 /home/travis/build/icyphy/ptII/ptolemy/actor/lib/test/auto/MatrixCropComplex.xml
----------------- Instantiating /home/travis/build/icyphy/ptII/ptolemy/actor/lib/test/auto/MatrixCropComplex.xml
4 ms. Memory: 935936K Free: 783691K (84%)
----------------- Invoking toplevel() on ptolemy.moml.MoMLSimpleApplication@34a65b57
----------------- Done invoking toplevel() on ptolemy.moml.MoMLSimpleApplication@34a65b57
reloadAllAccessors: .MatrixCropComplex
----------------- testing Thu May 10 16:13:16 UTC 2018 /home/travis/build/icyphy/ptII/ptolemy/actor/lib/test/auto/MatrixCropDouble.xml
----------------- Instantiating /home/travis/build/icyphy/ptII/ptolemy/actor/lib/test/auto/MatrixCropDouble.xml
2 ms. Memory: 935936K Free: 771316K (82%)
----------------- Invoking toplevel() on ptolemy.moml.MoMLSimpleApplication@7ee0e2af
----------------- Done invoking toplevel() on ptolemy.moml.MoMLSimpleApplication@7ee0e2af
reloadAllAccessors: .MatrixCropDouble
----------------- testing Thu May 10 16:13:16 UTC 2018 /home/travis/build/icyphy/ptII/ptolemy/actor/lib/test/auto/MatrixCropFix.xml
----------------- Instantiating /home/travis/build/icyphy/ptII/ptolemy/actor/lib/test/auto/MatrixCropFix.xml
3 ms. Memory: 935936K Free: 758941K (81%)
----------------- Invoking toplevel() on ptolemy.moml.MoMLSimpleApplication@45ddbcda
----------------- Done invoking toplevel() on ptolemy.moml.MoMLSimpleApplication@45ddbcda
reloadAllAccessors: .MatrixCropFix
----------------- testing Thu May 10 16:13:16 UTC 2018 /home/travis/build/icyphy/ptII/ptolemy/actor/lib/test/auto/MatrixCropInt.xml
----------------- Instantiating /home/travis/build/icyphy/ptII/ptolemy/actor/lib/test/auto/MatrixCropInt.xml
2 ms. Memory: 935936K Free: 750605K (80%)
----------------- Invoking toplevel() on ptolemy.moml.MoMLSimpleApplication@17adef71
----------------- Done invoking toplevel() on ptolemy.moml.MoMLSimpleApplication@17adef71
reloadAllAccessors: .MatrixCropInt
----------------- testing Thu May 10 16:13:16 UTC 2018 /home/travis/build/icyphy/ptII/ptolemy/actor/lib/test/auto/MatrixCropLong.xml
----------------- Instantiating /home/travis/build/icyphy/ptII/ptolemy/actor/lib/test/auto/MatrixCropLong.xml
2 ms. Memory: 935936K Free: 738230K (79%)
----------------- Invoking toplevel() on ptolemy.moml.MoMLSimpleApplication@dc8d5d0
----------------- Done invoking toplevel() on ptolemy.moml.MoMLSimpleApplication@dc8d5d0
reloadAllAccessors: .MatrixCropLong
----------------- testing Thu May 10 16:13:16 UTC 2018 /home/travis/build/icyphy/ptII/ptolemy/actor/lib/test/auto/MatrixToArray.xml
----------------- Instantiating /home/travis/build/icyphy/ptII/ptolemy/actor/lib/test/auto/MatrixToArray.xml
7 ms. Memory: 935936K Free: 717336K (77%)
----------------- Invoking toplevel() on ptolemy.moml.MoMLSimpleApplication@52dafbd5
----------------- Done invoking toplevel() on ptolemy.moml.MoMLSimpleApplication@52dafbd5
reloadAllAccessors: .MatrixToArray
----------------- testing Thu May 10 16:13:16 UTC 2018 /home/travis/build/icyphy/ptII/ptolemy/actor/lib/test/auto/MaxIndex.xml
----------------- Instantiating /home/travis/build/icyphy/ptII/ptolemy/actor/lib/test/auto/MaxIndex.xml
3 ms. Memory: 935936K Free: 704961K (75%)
----------------- Invoking toplevel() on ptolemy.moml.MoMLSimpleApplication@630c6591
----------------- Done invoking toplevel() on ptolemy.moml.MoMLSimpleApplication@630c6591
reloadAllAccessors: .MaxIndex
----------------- testing Thu May 10 16:13:16 UTC 2018 /home/travis/build/icyphy/ptII/ptolemy/actor/lib/test/auto/Maximum.xml
----------------- Instantiating /home/travis/build/icyphy/ptII/ptolemy/actor/lib/test/auto/Maximum.xml
3 ms. Memory: 935936K Free: 692586K (74%)
----------------- Invoking toplevel() on ptolemy.moml.MoMLSimpleApplication@6f4dfeaf
----------------- Done invoking toplevel() on ptolemy.moml.MoMLSimpleApplication@6f4dfeaf
reloadAllAccessors: .Maximum
----------------- testing Thu May 10 16:13:16 UTC 2018 /home/travis/build/icyphy/ptII/ptolemy/actor/lib/test/auto/MaximumComplex.xml
----------------- Instantiating /home/travis/build/icyphy/ptII/ptolemy/actor/lib/test/auto/MaximumComplex.xml
4 ms. Memory: 935936K Free: 684251K (73%)
----------------- Invoking toplevel() on ptolemy.moml.MoMLSimpleApplication@172f0df4
----------------- Done invoking toplevel() on ptolemy.moml.MoMLSimpleApplication@172f0df4
reloadAllAccessors: .MaximumComplex
----------------- testing Thu May 10 16:13:16 UTC 2018 /home/travis/build/icyphy/ptII/ptolemy/actor/lib/test/auto/MethodCallTest.xml
----------------- Instantiating /home/travis/build/icyphy/ptII/ptolemy/actor/lib/test/auto/MethodCallTest.xml
3 ms. Memory: 935936K Free: 667692K (71%)
----------------- Invoking toplevel() on ptolemy.moml.MoMLSimpleApplication@5dc6a15b
----------------- Done invoking toplevel() on ptolemy.moml.MoMLSimpleApplication@5dc6a15b
reloadAllAccessors: .MethodCallTest
----------------- testing Thu May 10 16:13:16 UTC 2018 /home/travis/build/icyphy/ptII/ptolemy/actor/lib/test/auto/Minimum.xml
----------------- Instantiating /home/travis/build/icyphy/ptII/ptolemy/actor/lib/test/auto/Minimum.xml
3 ms. Memory: 935936K Free: 659357K (70%)
----------------- Invoking toplevel() on ptolemy.moml.MoMLSimpleApplication@6523da8b
----------------- Done invoking toplevel() on ptolemy.moml.MoMLSimpleApplication@6523da8b
reloadAllAccessors: .Minimum
----------------- testing Thu May 10 16:13:16 UTC 2018 /home/travis/build/icyphy/ptII/ptolemy/actor/lib/test/auto/MinimumComplex.xml
----------------- Instantiating /home/travis/build/icyphy/ptII/ptolemy/actor/lib/test/auto/MinimumComplex.xml
4 ms. Memory: 935936K Free: 646982K (69%)
----------------- Invoking toplevel() on ptolemy.moml.MoMLSimpleApplication@7feb702f
----------------- Done invoking toplevel() on ptolemy.moml.MoMLSimpleApplication@7feb702f
reloadAllAccessors: .MinimumComplex
----------------- testing Thu May 10 16:13:16 UTC 2018 /home/travis/build/icyphy/ptII/ptolemy/actor/lib/test/auto/MinimumMultiports.xml
----------------- Instantiating /home/travis/build/icyphy/ptII/ptolemy/actor/lib/test/auto/MinimumMultiports.xml
4 ms. Memory: 935936K Free: 630431K (67%)
----------------- Invoking toplevel() on ptolemy.moml.MoMLSimpleApplication@7d0a80d0
----------------- Done invoking toplevel() on ptolemy.moml.MoMLSimpleApplication@7d0a80d0
reloadAllAccessors: .MinimumMultiports
----------------- testing Thu May 10 16:13:16 UTC 2018 /home/travis/build/icyphy/ptII/ptolemy/actor/lib/test/auto/ModifyDate.xml
----------------- Instantiating /home/travis/build/icyphy/ptII/ptolemy/actor/lib/test/auto/ModifyDate.xml
6 ms. Memory: 935936K Free: 613760K (66%)
----------------- Invoking toplevel() on ptolemy.moml.MoMLSimpleApplication@1ea354cb
----------------- Done invoking toplevel() on ptolemy.moml.MoMLSimpleApplication@1ea354cb
reloadAllAccessors: .ModifyDate
----------------- testing Thu May 10 16:13:16 UTC 2018 /home/travis/build/icyphy/ptII/ptolemy/actor/lib/test/auto/ModifyDate2.xml
----------------- Instantiating /home/travis/build/icyphy/ptII/ptolemy/actor/lib/test/auto/ModifyDate2.xml
3 ms. Memory: 935936K Free: 593041K (63%)
----------------- Invoking toplevel() on ptolemy.moml.MoMLSimpleApplication@3d0cd9c5
----------------- Done invoking toplevel() on ptolemy.moml.MoMLSimpleApplication@3d0cd9c5
reloadAllAccessors: .ModifyDate2
----------------- testing Thu May 10 16:13:16 UTC 2018 /home/travis/build/icyphy/ptII/ptolemy/actor/lib/test/auto/MovingAverage.xml
----------------- Instantiating /home/travis/build/icyphy/ptII/ptolemy/actor/lib/test/auto/MovingAverage.xml
2 ms. Memory: 935936K Free: 584706K (62%)
----------------- Invoking toplevel() on ptolemy.moml.MoMLSimpleApplication@6446bda3
----------------- Done invoking toplevel() on ptolemy.moml.MoMLSimpleApplication@6446bda3
reloadAllAccessors: .MovingAverage
----------------- testing Thu May 10 16:13:16 UTC 2018 /home/travis/build/icyphy/ptII/ptolemy/actor/lib/test/auto/MovingMaximum.xml
----------------- Instantiating /home/travis/build/icyphy/ptII/ptolemy/actor/lib/test/auto/MovingMaximum.xml
2 ms. Memory: 935936K Free: 572331K (61%)
----------------- Invoking toplevel() on ptolemy.moml.MoMLSimpleApplication@3ce166b
----------------- Done invoking toplevel() on ptolemy.moml.MoMLSimpleApplication@3ce166b
reloadAllAccessors: .MovingMaximum
----------------- testing Thu May 10 16:13:16 UTC 2018 /home/travis/build/icyphy/ptII/ptolemy/actor/lib/test/auto/MultipleLinksToSameRelation.xml
----------------- Instantiating /home/travis/build/icyphy/ptII/ptolemy/actor/lib/test/auto/MultipleLinksToSameRelation.xml
2 ms. Memory: 935936K Free: 559955K (60%)
----------------- Invoking toplevel() on ptolemy.moml.MoMLSimpleApplication@4e4bb5a0
----------------- Done invoking toplevel() on ptolemy.moml.MoMLSimpleApplication@4e4bb5a0
reloadAllAccessors: .MultipleLinksToSameRelation
----------------- testing Thu May 10 16:13:16 UTC 2018 /home/travis/build/icyphy/ptII/ptolemy/actor/lib/test/auto/MultipleLinksToSameRelationDE.xml
----------------- Instantiating /home/travis/build/icyphy/ptII/ptolemy/actor/lib/test/auto/MultipleLinksToSameRelationDE.xml
2 ms. Memory: 935936K Free: 551620K (59%)
----------------- Invoking toplevel() on ptolemy.moml.MoMLSimpleApplication@402d4fe0
----------------- Done invoking toplevel() on ptolemy.moml.MoMLSimpleApplication@402d4fe0
reloadAllAccessors: .MultipleLinksToSameRelationDE
----------------- testing Thu May 10 16:13:16 UTC 2018 /home/travis/build/icyphy/ptII/ptolemy/actor/lib/test/auto/Multiplexor.xml
----------------- Instantiating /home/travis/build/icyphy/ptII/ptolemy/actor/lib/test/auto/Multiplexor.xml
2 ms. Memory: 935936K Free: 539245K (58%)
----------------- Invoking toplevel() on ptolemy.moml.MoMLSimpleApplication@3a07c038
----------------- Done invoking toplevel() on ptolemy.moml.MoMLSimpleApplication@3a07c038
reloadAllAccessors: .Multiplexor
----------------- testing Thu May 10 16:13:16 UTC 2018 /home/travis/build/icyphy/ptII/ptolemy/actor/lib/test/auto/Multiplexor1.xml
----------------- Instantiating /home/travis/build/icyphy/ptII/ptolemy/actor/lib/test/auto/Multiplexor1.xml
3 ms. Memory: 935936K Free: 526870K (56%)
----------------- Invoking toplevel() on ptolemy.moml.MoMLSimpleApplication@436b9580
----------------- Done invoking toplevel() on ptolemy.moml.MoMLSimpleApplication@436b9580
reloadAllAccessors: .Multiplexor1
----------------- testing Thu May 10 16:13:16 UTC 2018 /home/travis/build/icyphy/ptII/ptolemy/actor/lib/test/auto/Multiplexor2.xml
----------------- Instantiating /home/travis/build/icyphy/ptII/ptolemy/actor/lib/test/auto/Multiplexor2.xml
4 ms. Memory: 935936K Free: 514351K (55%)
----------------- Invoking toplevel() on ptolemy.moml.MoMLSimpleApplication@1add7495
----------------- Done invoking toplevel() on ptolemy.moml.MoMLSimpleApplication@1add7495
reloadAllAccessors: .Multiplexor2
----------------- testing Thu May 10 16:13:16 UTC 2018 /home/travis/build/icyphy/ptII/ptolemy/actor/lib/test/auto/Multiplexor3.xml
----------------- Instantiating /home/travis/build/icyphy/ptII/ptolemy/actor/lib/test/auto/Multiplexor3.xml
2 ms. Memory: 935936K Free: 501976K (54%)
----------------- Invoking toplevel() on ptolemy.moml.MoMLSimpleApplication@3d3b99b
----------------- Done invoking toplevel() on ptolemy.moml.MoMLSimpleApplication@3d3b99b
reloadAllAccessors: .Multiplexor3
----------------- testing Thu May 10 16:13:16 UTC 2018 /home/travis/build/icyphy/ptII/ptolemy/actor/lib/test/auto/MultiplexorDE.xml
----------------- Instantiating /home/travis/build/icyphy/ptII/ptolemy/actor/lib/test/auto/MultiplexorDE.xml
3 ms. Memory: 935936K Free: 489457K (52%)
----------------- Invoking toplevel() on ptolemy.moml.MoMLSimpleApplication@36b8ba95
----------------- Done invoking toplevel() on ptolemy.moml.MoMLSimpleApplication@36b8ba95
reloadAllAccessors: .MultiplexorDE
----------------- testing Thu May 10 16:13:17 UTC 2018 /home/travis/build/icyphy/ptII/ptolemy/actor/lib/test/auto/MultiportBroadcastTest.xml
----------------- Instantiating /home/travis/build/icyphy/ptII/ptolemy/actor/lib/test/auto/MultiportBroadcastTest.xml
93 ms. Memory: 935936K Free: 477081K (51%)
----------------- Invoking toplevel() on ptolemy.moml.MoMLSimpleApplication@3ab4ca15
----------------- Done invoking toplevel() on ptolemy.moml.MoMLSimpleApplication@3ab4ca15
reloadAllAccessors: .MultiportBroadcastTest
----------------- testing Thu May 10 16:13:17 UTC 2018 /home/travis/build/icyphy/ptII/ptolemy/actor/lib/test/auto/MultiportOutHangDuringGetWidth.xml
----------------- Instantiating /home/travis/build/icyphy/ptII/ptolemy/actor/lib/test/auto/MultiportOutHangDuringGetWidth.xml
6 ms. Memory: 935936K Free: 456347K (49%)
----------------- Invoking toplevel() on ptolemy.moml.MoMLSimpleApplication@4ca60eca
----------------- Done invoking toplevel() on ptolemy.moml.MoMLSimpleApplication@4ca60eca
reloadAllAccessors: .MultiportOutHangDuringGetWidth
----------------- testing Thu May 10 16:13:17 UTC 2018 /home/travis/build/icyphy/ptII/ptolemy/actor/lib/test/auto/NilToken.xml
----------------- Instantiating /home/travis/build/icyphy/ptII/ptolemy/actor/lib/test/auto/NilToken.xml
2 ms. Memory: 935936K Free: 448012K (48%)
----------------- Invoking toplevel() on ptolemy.moml.MoMLSimpleApplication@4968ff9a
----------------- Done invoking toplevel() on ptolemy.moml.MoMLSimpleApplication@4968ff9a
reloadAllAccessors: .NilToken
----------------- testing Thu May 10 16:13:17 UTC 2018 /home/travis/build/icyphy/ptII/ptolemy/actor/lib/test/auto/NilTokenNonStrictTest.xml
----------------- Instantiating /home/travis/build/icyphy/ptII/ptolemy/actor/lib/test/auto/NilTokenNonStrictTest.xml
2 ms. Memory: 935936K Free: 435636K (47%)
----------------- Invoking toplevel() on ptolemy.moml.MoMLSimpleApplication@6a35d0e4
----------------- Done invoking toplevel() on ptolemy.moml.MoMLSimpleApplication@6a35d0e4
reloadAllAccessors: .NilTokenNonStrictTest
----------------- testing Thu May 10 16:13:17 UTC 2018 /home/travis/build/icyphy/ptII/ptolemy/actor/lib/test/auto/NilTokenRecord.xml
----------------- Instantiating /home/travis/build/icyphy/ptII/ptolemy/actor/lib/test/auto/NilTokenRecord.xml
6 ms. Memory: 935936K Free: 423117K (45%)
----------------- Invoking toplevel() on ptolemy.moml.MoMLSimpleApplication@4b92fe4
----------------- Done invoking toplevel() on ptolemy.moml.MoMLSimpleApplication@4b92fe4
reloadAllAccessors: .NilTokenRecord
----------------- testing Thu May 10 16:13:17 UTC 2018 /home/travis/build/icyphy/ptII/ptolemy/actor/lib/test/auto/NilTokenTypeTest.xml
----------------- Instantiating /home/travis/build/icyphy/ptII/ptolemy/actor/lib/test/auto/NilTokenTypeTest.xml
8 ms. Memory: 935936K Free: 402399K (43%)
----------------- Invoking toplevel() on ptolemy.moml.MoMLSimpleApplication@47b30b64
----------------- Done invoking toplevel() on ptolemy.moml.MoMLSimpleApplication@47b30b64
reloadAllAccessors: .NilTokenTypeTest
----------------- testing Thu May 10 16:13:17 UTC 2018 /home/travis/build/icyphy/ptII/ptolemy/actor/lib/test/auto/ObjectToken1.xml
----------------- Instantiating /home/travis/build/icyphy/ptII/ptolemy/actor/lib/test/auto/ObjectToken1.xml
2 ms. Memory: 935936K Free: 390024K (42%)
----------------- Invoking toplevel() on ptolemy.moml.MoMLSimpleApplication@44fe388b
----------------- Done invoking toplevel() on ptolemy.moml.MoMLSimpleApplication@44fe388b
reloadAllAccessors: .ObjectToken1
----------------- testing Thu May 10 16:13:17 UTC 2018 /home/travis/build/icyphy/ptII/ptolemy/actor/lib/test/auto/OrderedMerge.xml
----------------- Instantiating /home/travis/build/icyphy/ptII/ptolemy/actor/lib/test/auto/OrderedMerge.xml
8 ms. Memory: 935936K Free: 365017K (39%)
----------------- Invoking toplevel() on ptolemy.moml.MoMLSimpleApplication@6b47f2e8
----------------- Done invoking toplevel() on ptolemy.moml.MoMLSimpleApplication@6b47f2e8
reloadAllAccessors: .OrderedMerge
----------------- testing Thu May 10 16:13:17 UTC 2018 /home/travis/build/icyphy/ptII/ptolemy/actor/lib/test/auto/OrderedRecordDisassembler.xml
----------------- Instantiating /home/travis/build/icyphy/ptII/ptolemy/actor/lib/test/auto/OrderedRecordDisassembler.xml
3 ms. Memory: 935936K Free: 352642K (38%)
----------------- Invoking toplevel() on ptolemy.moml.MoMLSimpleApplication@13d5371b
----------------- Done invoking toplevel() on ptolemy.moml.MoMLSimpleApplication@13d5371b
reloadAllAccessors: .OrderedRecordDisassembler
----------------- testing Thu May 10 16:13:17 UTC 2018 /home/travis/build/icyphy/ptII/ptolemy/actor/lib/test/auto/OrderedRecordDisassembler2.xml
----------------- Instantiating /home/travis/build/icyphy/ptII/ptolemy/actor/lib/test/auto/OrderedRecordDisassembler2.xml
4 ms. Memory: 935936K Free: 336100K (36%)
----------------- Invoking toplevel() on ptolemy.moml.MoMLSimpleApplication@20aa22bf
----------------- Done invoking toplevel() on ptolemy.moml.MoMLSimpleApplication@20aa22bf
reloadAllAccessors: .OrderedRecordDisassembler2
----------------- testing Thu May 10 16:13:17 UTC 2018 /home/travis/build/icyphy/ptII/ptolemy/actor/lib/test/auto/OrderedRecordUpdater.xml
----------------- Instantiating /home/travis/build/icyphy/ptII/ptolemy/actor/lib/test/auto/OrderedRecordUpdater.xml
2 ms. Memory: 935936K Free: 327764K (35%)
----------------- Invoking toplevel() on ptolemy.moml.MoMLSimpleApplication@5a409b3b
----------------- Done invoking toplevel() on ptolemy.moml.MoMLSimpleApplication@5a409b3b
reloadAllAccessors: .RecordUpdater
----------------- testing Thu May 10 16:13:17 UTC 2018 /home/travis/build/icyphy/ptII/ptolemy/actor/lib/test/auto/OrderedRecordUpdater2.xml
----------------- Instantiating /home/travis/build/icyphy/ptII/ptolemy/actor/lib/test/auto/OrderedRecordUpdater2.xml
2 ms. Memory: 935936K Free: 315389K (34%)
----------------- Invoking toplevel() on ptolemy.moml.MoMLSimpleApplication@22cd8364
----------------- Done invoking toplevel() on ptolemy.moml.MoMLSimpleApplication@22cd8364
reloadAllAccessors: .RecordUpdater2
----------------- testing Thu May 10 16:13:17 UTC 2018 /home/travis/build/icyphy/ptII/ptolemy/actor/lib/test/auto/PhaseUnwrap.xml
----------------- Instantiating /home/travis/build/icyphy/ptII/ptolemy/actor/lib/test/auto/PhaseUnwrap.xml
2 ms. Memory: 935936K Free: 307054K (33%)
----------------- Invoking toplevel() on ptolemy.moml.MoMLSimpleApplication@5aea9ea5
----------------- Done invoking toplevel() on ptolemy.moml.MoMLSimpleApplication@5aea9ea5
reloadAllAccessors: .PhaseUnwrap
----------------- testing Thu May 10 16:13:17 UTC 2018 /home/travis/build/icyphy/ptII/ptolemy/actor/lib/test/auto/PoissonClock.xml
----------------- Instantiating /home/travis/build/icyphy/ptII/ptolemy/actor/lib/test/auto/PoissonClock.xml
2 ms. Memory: 935936K Free: 294678K (31%)
----------------- Invoking toplevel() on ptolemy.moml.MoMLSimpleApplication@48435a9d
----------------- Done invoking toplevel() on ptolemy.moml.MoMLSimpleApplication@48435a9d
reloadAllAccessors: .PoissonClock
----------------- testing Thu May 10 16:13:17 UTC 2018 /home/travis/build/icyphy/ptII/ptolemy/actor/lib/test/auto/PoissonClock2.xml
----------------- Instantiating /home/travis/build/icyphy/ptII/ptolemy/actor/lib/test/auto/PoissonClock2.xml
2 ms. Memory: 935936K Free: 282303K (30%)
----------------- Invoking toplevel() on ptolemy.moml.MoMLSimpleApplication@6f08d399
----------------- Done invoking toplevel() on ptolemy.moml.MoMLSimpleApplication@6f08d399
reloadAllAccessors: .PoissonClock2
----------------- testing Thu May 10 16:13:17 UTC 2018 /home/travis/build/icyphy/ptII/ptolemy/actor/lib/test/auto/PoissonClock3.xml
----------------- Instantiating /home/travis/build/icyphy/ptII/ptolemy/actor/lib/test/auto/PoissonClock3.xml
2 ms. Memory: 935936K Free: 273968K (29%)
----------------- Invoking toplevel() on ptolemy.moml.MoMLSimpleApplication@2524ef95
----------------- Done invoking toplevel() on ptolemy.moml.MoMLSimpleApplication@2524ef95
reloadAllAccessors: .PoissonClock3
----------------- testing Thu May 10 16:13:17 UTC 2018 /home/travis/build/icyphy/ptII/ptolemy/actor/lib/test/auto/PubSubWithInitialTokens.xml
----------------- Instantiating /home/travis/build/icyphy/ptII/ptolemy/actor/lib/test/auto/PubSubWithInitialTokens.xml
3 ms. Memory: 935936K Free: 261593K (28%)
----------------- Invoking toplevel() on ptolemy.moml.MoMLSimpleApplication@3dde7e42
----------------- Done invoking toplevel() on ptolemy.moml.MoMLSimpleApplication@3dde7e42
reloadAllAccessors: .PubSubWithInitialTokens
----------------- testing Thu May 10 16:13:17 UTC 2018 /home/travis/build/icyphy/ptII/ptolemy/actor/lib/test/auto/PubSubWithInitialTokens2.xml
----------------- Instantiating /home/travis/build/icyphy/ptII/ptolemy/actor/lib/test/auto/PubSubWithInitialTokens2.xml
3 ms. Memory: 935936K Free: 249218K (27%)
----------------- Invoking toplevel() on ptolemy.moml.MoMLSimpleApplication@16cb74ce
----------------- Done invoking toplevel() on ptolemy.moml.MoMLSimpleApplication@16cb74ce
reloadAllAccessors: .PubSubWithInitialTokens2
----------------- testing Thu May 10 16:13:17 UTC 2018 /home/travis/build/icyphy/ptII/ptolemy/actor/lib/test/auto/PublisherClassNoParameter.xml
----------------- Instantiating /home/travis/build/icyphy/ptII/ptolemy/actor/lib/test/auto/PublisherClassNoParameter.xml
3 ms. Memory: 935936K Free: 236715K (25%)
----------------- Invoking toplevel() on ptolemy.moml.MoMLSimpleApplication@1c747b12
----------------- Done invoking toplevel() on ptolemy.moml.MoMLSimpleApplication@1c747b12
reloadAllAccessors: .PublisherClassNoParameter
----------------- testing Thu May 10 16:13:17 UTC 2018 /home/travis/build/icyphy/ptII/ptolemy/actor/lib/test/auto/PublisherClassParameter.xml
----------------- Instantiating /home/travis/build/icyphy/ptII/ptolemy/actor/lib/test/auto/PublisherClassParameter.xml
4 ms. Memory: 935936K Free: 215972K (23%)
----------------- Invoking toplevel() on ptolemy.moml.MoMLSimpleApplication@12deb848
----------------- Done invoking toplevel() on ptolemy.moml.MoMLSimpleApplication@12deb848
reloadAllAccessors: .PublisherClassParameter
----------------- testing Thu May 10 16:13:17 UTC 2018 /home/travis/build/icyphy/ptII/ptolemy/actor/lib/test/auto/PublisherNonStrictTest.xml
----------------- Instantiating /home/travis/build/icyphy/ptII/ptolemy/actor/lib/test/auto/PublisherNonStrictTest.xml
4 ms. Memory: 935936K Free: 203453K (22%)
----------------- Invoking toplevel() on ptolemy.moml.MoMLSimpleApplication@7204cc2
----------------- Done invoking toplevel() on ptolemy.moml.MoMLSimpleApplication@7204cc2
reloadAllAccessors: .PublisherNonStrictTest
----------------- testing Thu May 10 16:13:17 UTC 2018 /home/travis/build/icyphy/ptII/ptolemy/actor/lib/test/auto/PublisherPort1.xml
----------------- Instantiating /home/travis/build/icyphy/ptII/ptolemy/actor/lib/test/auto/PublisherPort1.xml
3 ms. Memory: 935936K Free: 191078K (20%)
----------------- Invoking toplevel() on ptolemy.moml.MoMLSimpleApplication@4573fafa
----------------- Done invoking toplevel() on ptolemy.moml.MoMLSimpleApplication@4573fafa
reloadAllAccessors: .PublisherPort1
----------------- testing Thu May 10 16:13:17 UTC 2018 /home/travis/build/icyphy/ptII/ptolemy/actor/lib/test/auto/PublisherPort2.xml
----------------- Instantiating /home/travis/build/icyphy/ptII/ptolemy/actor/lib/test/auto/PublisherPort2.xml
10 ms. Memory: 935936K Free: 178703K (19%)
----------------- Invoking toplevel() on ptolemy.moml.MoMLSimpleApplication@2c04ee0c
----------------- Done invoking toplevel() on ptolemy.moml.MoMLSimpleApplication@2c04ee0c
reloadAllAccessors: .PublisherPort2
----------------- testing Thu May 10 16:13:17 UTC 2018 /home/travis/build/icyphy/ptII/ptolemy/actor/lib/test/auto/PublisherPort3.xml
----------------- Instantiating /home/travis/build/icyphy/ptII/ptolemy/actor/lib/test/auto/PublisherPort3.xml
4 ms. Memory: 935936K Free: 170367K (18%)
----------------- Invoking toplevel() on ptolemy.moml.MoMLSimpleApplication@47fdcda5
----------------- Done invoking toplevel() on ptolemy.moml.MoMLSimpleApplication@47fdcda5
reloadAllAccessors: .PublisherPort3
----------------- testing Thu May 10 16:13:17 UTC 2018 /home/travis/build/icyphy/ptII/ptolemy/actor/lib/test/auto/PublisherPort4.xml
----------------- Instantiating /home/travis/build/icyphy/ptII/ptolemy/actor/lib/test/auto/PublisherPort4.xml
3 ms. Memory: 935936K Free: 157992K (17%)
----------------- Invoking toplevel() on ptolemy.moml.MoMLSimpleApplication@560eb461
----------------- Done invoking toplevel() on ptolemy.moml.MoMLSimpleApplication@560eb461
reloadAllAccessors: .PublisherPort4
----------------- testing Thu May 10 16:13:17 UTC 2018 /home/travis/build/icyphy/ptII/ptolemy/actor/lib/test/auto/PublisherPort5.xml
----------------- Instantiating /home/travis/build/icyphy/ptII/ptolemy/actor/lib/test/auto/PublisherPort5.xml
6 ms. Memory: 935936K Free: 141433K (15%)
----------------- Invoking toplevel() on ptolemy.moml.MoMLSimpleApplication@44d6e9d0
----------------- Done invoking toplevel() on ptolemy.moml.MoMLSimpleApplication@44d6e9d0
reloadAllAccessors: .PublisherPort5
----------------- testing Thu May 10 16:13:17 UTC 2018 /home/travis/build/icyphy/ptII/ptolemy/actor/lib/test/auto/PublisherPort5LookAlike.xml
----------------- Instantiating /home/travis/build/icyphy/ptII/ptolemy/actor/lib/test/auto/PublisherPort5LookAlike.xml
9 ms. Memory: 935936K Free: 128914K (14%)
----------------- Invoking toplevel() on ptolemy.moml.MoMLSimpleApplication@7458dff3
----------------- Done invoking toplevel() on ptolemy.moml.MoMLSimpleApplication@7458dff3
reloadAllAccessors: .PublisherPort5LookAlike
----------------- testing Thu May 10 16:13:17 UTC 2018 /home/travis/build/icyphy/ptII/ptolemy/actor/lib/test/auto/PublisherPort6.xml
----------------- Instantiating /home/travis/build/icyphy/ptII/ptolemy/actor/lib/test/auto/PublisherPort6.xml
3 ms. Memory: 935936K Free: 112363K (12%)
----------------- Invoking toplevel() on ptolemy.moml.MoMLSimpleApplication@709b2e8c
----------------- Done invoking toplevel() on ptolemy.moml.MoMLSimpleApplication@709b2e8c
reloadAllAccessors: .PublisherPort6
----------------- testing Thu May 10 16:13:17 UTC 2018 /home/travis/build/icyphy/ptII/ptolemy/actor/lib/test/auto/PublisherPort7.xml
----------------- Instantiating /home/travis/build/icyphy/ptII/ptolemy/actor/lib/test/auto/PublisherPort7.xml
5 ms. Memory: 935936K Free: 99852K (11%)
----------------- Invoking toplevel() on ptolemy.moml.MoMLSimpleApplication@438c631b
----------------- Done invoking toplevel() on ptolemy.moml.MoMLSimpleApplication@438c631b
reloadAllAccessors: .PublisherPort7
----------------- testing Thu May 10 16:13:17 UTC 2018 /home/travis/build/icyphy/ptII/ptolemy/actor/lib/test/auto/PublisherPort8.xml
----------------- Instantiating /home/travis/build/icyphy/ptII/ptolemy/actor/lib/test/auto/PublisherPort8.xml
6 ms. Memory: 935936K Free: 83293K (9%)
----------------- Invoking toplevel() on ptolemy.moml.MoMLSimpleApplication@d888e60
----------------- Done invoking toplevel() on ptolemy.moml.MoMLSimpleApplication@d888e60
reloadAllAccessors: .PublisherPort8
----------------- testing Thu May 10 16:13:17 UTC 2018 /home/travis/build/icyphy/ptII/ptolemy/actor/lib/test/auto/PublisherPortSubscriberChannelVariablesAOC2.xml
----------------- Instantiating /home/travis/build/icyphy/ptII/ptolemy/actor/lib/test/auto/PublisherPortSubscriberChannelVariablesAOC2.xml
21 ms. Memory: 948736K Free: 905650K (95%)
----------------- Invoking toplevel() on ptolemy.moml.MoMLSimpleApplication@252d0220
----------------- Done invoking toplevel() on ptolemy.moml.MoMLSimpleApplication@252d0220
reloadAllAccessors: .PublisherPortSubscriberChannelVariablesAOC2
----------------- testing Thu May 10 16:13:18 UTC 2018 /home/travis/build/icyphy/ptII/ptolemy/actor/lib/test/auto/PublisherPortSubscriberOpaqueWidthInference.xml
----------------- Instantiating /home/travis/build/icyphy/ptII/ptolemy/actor/lib/test/auto/PublisherPortSubscriberOpaqueWidthInference.xml
5 ms. Memory: 948736K Free: 887201K (94%)
----------------- Invoking toplevel() on ptolemy.moml.MoMLSimpleApplication@3e01c95d
----------------- Done invoking toplevel() on ptolemy.moml.MoMLSimpleApplication@3e01c95d
reloadAllAccessors: .PublisherPortSubscriberOpaqueWidthInference
----------------- testing Thu May 10 16:13:18 UTC 2018 /home/travis/build/icyphy/ptII/ptolemy/actor/lib/test/auto/PublisherPortSubscriberPortAdjacent.xml
----------------- Instantiating /home/travis/build/icyphy/ptII/ptolemy/actor/lib/test/auto/PublisherPortSubscriberPortAdjacent.xml
3 ms. Memory: 948736K Free: 870976K (92%)
----------------- Invoking toplevel() on ptolemy.moml.MoMLSimpleApplication@2d770bc1
----------------- Done invoking toplevel() on ptolemy.moml.MoMLSimpleApplication@2d770bc1
reloadAllAccessors: .PublisherPortSubscriberPortAdjacent
----------------- testing Thu May 10 16:13:18 UTC 2018 /home/travis/build/icyphy/ptII/ptolemy/actor/lib/test/auto/PublisherPortSubscriberPortExpression.xml
----------------- Instantiating /home/travis/build/icyphy/ptII/ptolemy/actor/lib/test/auto/PublisherPortSubscriberPortExpression.xml
7 ms. Memory: 948736K Free: 854735K (90%)
----------------- Invoking toplevel() on ptolemy.moml.MoMLSimpleApplication@7e7b617e
----------------- Done invoking toplevel() on ptolemy.moml.MoMLSimpleApplication@7e7b617e
reloadAllAccessors: .PublisherPortSubscriberPortExpression
----------------- testing Thu May 10 16:13:18 UTC 2018 /home/travis/build/icyphy/ptII/ptolemy/actor/lib/test/auto/PublisherPortSubscriberPortOpaqueD3Reverse.xml
----------------- Instantiating /home/travis/build/icyphy/ptII/ptolemy/actor/lib/test/auto/PublisherPortSubscriberPortOpaqueD3Reverse.xml
10 ms. Memory: 948736K Free: 842232K (89%)
----------------- Invoking toplevel() on ptolemy.moml.MoMLSimpleApplication@68ffc12b
----------------- Done invoking toplevel() on ptolemy.moml.MoMLSimpleApplication@68ffc12b
reloadAllAccessors: .PublisherPortSubscriberPortOpaqueD3Reverse
----------------- testing Thu May 10 16:13:18 UTC 2018 /home/travis/build/icyphy/ptII/ptolemy/actor/lib/test/auto/PublisherPortSubscriberPortOpaqueWidthInference.xml
----------------- Instantiating /home/travis/build/icyphy/ptII/ptolemy/actor/lib/test/auto/PublisherPortSubscriberPortOpaqueWidthInference.xml
6 ms. Memory: 948736K Free: 826007K (87%)
----------------- Invoking toplevel() on ptolemy.moml.MoMLSimpleApplication@1a2b9814
----------------- Done invoking toplevel() on ptolemy.moml.MoMLSimpleApplication@1a2b9814
reloadAllAccessors: .PublisherPortSubscriberPortOpaqueWidthInference
----------------- testing Thu May 10 16:13:18 UTC 2018 /home/travis/build/icyphy/ptII/ptolemy/actor/lib/test/auto/PublisherPortToplevelSubscriberPortAOC.xml
----------------- Instantiating /home/travis/build/icyphy/ptII/ptolemy/actor/lib/test/auto/PublisherPortToplevelSubscriberPortAOC.xml
.PublisherPortToplevelSubscriberPortAOC.TestExceptionAttribute: initialize() was not invoked, but wrapup() was.  This is unusual, but not always a problem.  For example, exporting JNLP will do this.
0 ms. Memory: 948736K Free: 813950K (86%)
----------------- Invoking toplevel() on ptolemy.moml.MoMLSimpleApplication@59b06924
----------------- Done invoking toplevel() on ptolemy.moml.MoMLSimpleApplication@59b06924
reloadAllAccessors: .PublisherPortToplevelSubscriberPortAOC
----------------- testing Thu May 10 16:13:18 UTC 2018 /home/travis/build/icyphy/ptII/ptolemy/actor/lib/test/auto/PublisherSubscriber.xml
----------------- Instantiating /home/travis/build/icyphy/ptII/ptolemy/actor/lib/test/auto/PublisherSubscriber.xml
4 ms. Memory: 948736K Free: 801431K (84%)
----------------- Invoking toplevel() on ptolemy.moml.MoMLSimpleApplication@521cdc2a
----------------- Done invoking toplevel() on ptolemy.moml.MoMLSimpleApplication@521cdc2a
reloadAllAccessors: .PublisherSubscriber
----------------- testing Thu May 10 16:13:18 UTC 2018 /home/travis/build/icyphy/ptII/ptolemy/actor/lib/test/auto/PublisherSubscriber10.xml
----------------- Instantiating /home/travis/build/icyphy/ptII/ptolemy/actor/lib/test/auto/PublisherSubscriber10.xml
9 ms. Memory: 948736K Free: 785190K (83%)
----------------- Invoking toplevel() on ptolemy.moml.MoMLSimpleApplication@59fd5e22
----------------- Done invoking toplevel() on ptolemy.moml.MoMLSimpleApplication@59fd5e22
reloadAllAccessors: .PublisherSubscriber10
----------------- testing Thu May 10 16:13:18 UTC 2018 /home/travis/build/icyphy/ptII/ptolemy/actor/lib/test/auto/PublisherSubscriber10InitialOutputs.xml
----------------- Instantiating /home/travis/build/icyphy/ptII/ptolemy/actor/lib/test/auto/PublisherSubscriber10InitialOutputs.xml
13 ms. Memory: 948736K Free: 768949K (81%)
----------------- Invoking toplevel() on ptolemy.moml.MoMLSimpleApplication@399314dd
----------------- Done invoking toplevel() on ptolemy.moml.MoMLSimpleApplication@399314dd
reloadAllAccessors: .PublisherSubscriber10InitialOutputs
----------------- testing Thu May 10 16:13:18 UTC 2018 /home/travis/build/icyphy/ptII/ptolemy/actor/lib/test/auto/PublisherSubscriber11.xml
----------------- Instantiating /home/travis/build/icyphy/ptII/ptolemy/actor/lib/test/auto/PublisherSubscriber11.xml
4 ms. Memory: 948736K Free: 760614K (80%)
----------------- Invoking toplevel() on ptolemy.moml.MoMLSimpleApplication@5df5697
----------------- Done invoking toplevel() on ptolemy.moml.MoMLSimpleApplication@5df5697
reloadAllAccessors: .PublisherSubscriber11
----------------- testing Thu May 10 16:13:18 UTC 2018 /home/travis/build/icyphy/ptII/ptolemy/actor/lib/test/auto/PublisherSubscriber12.xml
----------------- Instantiating /home/travis/build/icyphy/ptII/ptolemy/actor/lib/test/auto/PublisherSubscriber12.xml
11 ms. Memory: 948736K Free: 748556K (79%)
----------------- Invoking toplevel() on ptolemy.moml.MoMLSimpleApplication@6b08a306
----------------- Done invoking toplevel() on ptolemy.moml.MoMLSimpleApplication@6b08a306
reloadAllAccessors: .PublisherSubscriber12
----------------- testing Thu May 10 16:13:18 UTC 2018 /home/travis/build/icyphy/ptII/ptolemy/actor/lib/test/auto/PublisherSubscriber13.xml
----------------- Instantiating /home/travis/build/icyphy/ptII/ptolemy/actor/lib/test/auto/PublisherSubscriber13.xml
3 ms. Memory: 948736K Free: 736499K (78%)
----------------- Invoking toplevel() on ptolemy.moml.MoMLSimpleApplication@672064f9
----------------- Done invoking toplevel() on ptolemy.moml.MoMLSimpleApplication@672064f9
reloadAllAccessors: .PublisherSubscriber13
----------------- testing Thu May 10 16:13:18 UTC 2018 /home/travis/build/icyphy/ptII/ptolemy/actor/lib/test/auto/PublisherSubscriber14.xml
----------------- Instantiating /home/travis/build/icyphy/ptII/ptolemy/actor/lib/test/auto/PublisherSubscriber14.xml
3 ms. Memory: 948736K Free: 723996K (76%)
----------------- Invoking toplevel() on ptolemy.moml.MoMLSimpleApplication@34194a09
----------------- Done invoking toplevel() on ptolemy.moml.MoMLSimpleApplication@34194a09
reloadAllAccessors: .PublisherSubscriber14
----------------- testing Thu May 10 16:13:18 UTC 2018 /home/travis/build/icyphy/ptII/ptolemy/actor/lib/test/auto/PublisherSubscriber2.xml
----------------- Instantiating /home/travis/build/icyphy/ptII/ptolemy/actor/lib/test/auto/PublisherSubscriber2.xml
5 ms. Memory: 948736K Free: 711918K (75%)
----------------- Invoking toplevel() on ptolemy.moml.MoMLSimpleApplication@44488dd3
----------------- Done invoking toplevel() on ptolemy.moml.MoMLSimpleApplication@44488dd3
reloadAllAccessors: .PublisherSubscriber2
----------------- testing Thu May 10 16:13:18 UTC 2018 /home/travis/build/icyphy/ptII/ptolemy/actor/lib/test/auto/PublisherSubscriber3.xml
----------------- Instantiating /home/travis/build/icyphy/ptII/ptolemy/actor/lib/test/auto/PublisherSubscriber3.xml
3 ms. Memory: 948736K Free: 699861K (74%)
----------------- Invoking toplevel() on ptolemy.moml.MoMLSimpleApplication@37299fd0
----------------- Done invoking toplevel() on ptolemy.moml.MoMLSimpleApplication@37299fd0
reloadAllAccessors: .PublisherSubscriber3
----------------- testing Thu May 10 16:13:18 UTC 2018 /home/travis/build/icyphy/ptII/ptolemy/actor/lib/test/auto/PublisherSubscriber4.xml
----------------- Instantiating /home/travis/build/icyphy/ptII/ptolemy/actor/lib/test/auto/PublisherSubscriber4.xml
2 ms. Memory: 948736K Free: 691526K (73%)
----------------- Invoking toplevel() on ptolemy.moml.MoMLSimpleApplication@3c00e83f
----------------- Done invoking toplevel() on ptolemy.moml.MoMLSimpleApplication@3c00e83f
reloadAllAccessors: .PublisherSubscriber4
----------------- testing Thu May 10 16:13:18 UTC 2018 /home/travis/build/icyphy/ptII/ptolemy/actor/lib/test/auto/PublisherSubscriber5.xml
----------------- Instantiating /home/travis/build/icyphy/ptII/ptolemy/actor/lib/test/auto/PublisherSubscriber5.xml
3 ms. Memory: 948736K Free: 675301K (71%)
----------------- Invoking toplevel() on ptolemy.moml.MoMLSimpleApplication@4a9e94c3
----------------- Done invoking toplevel() on ptolemy.moml.MoMLSimpleApplication@4a9e94c3
reloadAllAccessors: .PublisherSubscriber5
----------------- testing Thu May 10 16:13:18 UTC 2018 /home/travis/build/icyphy/ptII/ptolemy/actor/lib/test/auto/PublisherSubscriber6.xml
----------------- Instantiating /home/travis/build/icyphy/ptII/ptolemy/actor/lib/test/auto/PublisherSubscriber6.xml
5 ms. Memory: 948736K Free: 659076K (69%)
----------------- Invoking toplevel() on ptolemy.moml.MoMLSimpleApplication@3bbebaf8
----------------- Done invoking toplevel() on ptolemy.moml.MoMLSimpleApplication@3bbebaf8
reloadAllAccessors: .PublisherSubscriber6
----------------- testing Thu May 10 16:13:18 UTC 2018 /home/travis/build/icyphy/ptII/ptolemy/actor/lib/test/auto/PublisherSubscriber7.xml
----------------- Instantiating /home/travis/build/icyphy/ptII/ptolemy/actor/lib/test/auto/PublisherSubscriber7.xml
7 ms. Memory: 948736K Free: 646573K (68%)
----------------- Invoking toplevel() on ptolemy.moml.MoMLSimpleApplication@1a7d6b2e
----------------- Done invoking toplevel() on ptolemy.moml.MoMLSimpleApplication@1a7d6b2e
reloadAllAccessors: .PublisherSubscriber7
----------------- testing Thu May 10 16:13:18 UTC 2018 /home/travis/build/icyphy/ptII/ptolemy/actor/lib/test/auto/PublisherSubscriber8.xml
----------------- Instantiating /home/travis/build/icyphy/ptII/ptolemy/actor/lib/test/auto/PublisherSubscriber8.xml
28 ms. Memory: 948736K Free: 588664K (62%)
----------------- Invoking toplevel() on ptolemy.moml.MoMLSimpleApplication@32b6f834
----------------- Done invoking toplevel() on ptolemy.moml.MoMLSimpleApplication@32b6f834
reloadAllAccessors: .PublisherSubscriber8
----------------- testing Thu May 10 16:13:18 UTC 2018 /home/travis/build/icyphy/ptII/ptolemy/actor/lib/test/auto/PublisherSubscriber9.xml
----------------- Instantiating /home/travis/build/icyphy/ptII/ptolemy/actor/lib/test/auto/PublisherSubscriber9.xml
5 ms. Memory: 948736K Free: 572423K (60%)
----------------- Invoking toplevel() on ptolemy.moml.MoMLSimpleApplication@609b5027
----------------- Done invoking toplevel() on ptolemy.moml.MoMLSimpleApplication@609b5027
reloadAllAccessors: .PublisherSubscriber9
----------------- testing Thu May 10 16:13:18 UTC 2018 /home/travis/build/icyphy/ptII/ptolemy/actor/lib/test/auto/PublisherSubscriberAdjacent.xml
----------------- Instantiating /home/travis/build/icyphy/ptII/ptolemy/actor/lib/test/auto/PublisherSubscriberAdjacent.xml
2 ms. Memory: 948736K Free: 556182K (59%)
----------------- Invoking toplevel() on ptolemy.moml.MoMLSimpleApplication@202ea9ae
----------------- Done invoking toplevel() on ptolemy.moml.MoMLSimpleApplication@202ea9ae
reloadAllAccessors: .PublisherSubscriberAdjacent
----------------- testing Thu May 10 16:13:18 UTC 2018 /home/travis/build/icyphy/ptII/ptolemy/actor/lib/test/auto/PublisherSubscriberChannelVariablesAOC2.xml
----------------- Instantiating /home/travis/build/icyphy/ptII/ptolemy/actor/lib/test/auto/PublisherSubscriberChannelVariablesAOC2.xml
4 ms. Memory: 948736K Free: 535312K (56%)
----------------- Invoking toplevel() on ptolemy.moml.MoMLSimpleApplication@3e78f4dc
----------------- Done invoking toplevel() on ptolemy.moml.MoMLSimpleApplication@3e78f4dc
reloadAllAccessors: .PublisherSubscriberChannelVariablesAOC2
----------------- testing Thu May 10 16:13:18 UTC 2018 /home/travis/build/icyphy/ptII/ptolemy/actor/lib/test/auto/PublisherSubscriberD3.xml
----------------- Instantiating /home/travis/build/icyphy/ptII/ptolemy/actor/lib/test/auto/PublisherSubscriberD3.xml
2 ms. Memory: 948736K Free: 519071K (55%)
----------------- Invoking toplevel() on ptolemy.moml.MoMLSimpleApplication@62b71187
----------------- Done invoking toplevel() on ptolemy.moml.MoMLSimpleApplication@62b71187
reloadAllAccessors: .PublisherSubscriberD3
----------------- testing Thu May 10 16:13:18 UTC 2018 /home/travis/build/icyphy/ptII/ptolemy/actor/lib/test/auto/PublisherSubscriberD3Reverse.xml
----------------- Instantiating /home/travis/build/icyphy/ptII/ptolemy/actor/lib/test/auto/PublisherSubscriberD3Reverse.xml
2 ms. Memory: 948736K Free: 502846K (53%)
----------------- Invoking toplevel() on ptolemy.moml.MoMLSimpleApplication@14ccc750
----------------- Done invoking toplevel() on ptolemy.moml.MoMLSimpleApplication@14ccc750
reloadAllAccessors: .PublisherSubscriberD3Reverse
----------------- testing Thu May 10 16:13:18 UTC 2018 /home/travis/build/icyphy/ptII/ptolemy/actor/lib/test/auto/PublisherSubscriberExpression.xml
----------------- Instantiating /home/travis/build/icyphy/ptII/ptolemy/actor/lib/test/auto/PublisherSubscriberExpression.xml
4 ms. Memory: 948736K Free: 490327K (52%)
----------------- Invoking toplevel() on ptolemy.moml.MoMLSimpleApplication@18c4b734
----------------- Done invoking toplevel() on ptolemy.moml.MoMLSimpleApplication@18c4b734
reloadAllAccessors: .PublisherSubscriberExpression
----------------- testing Thu May 10 16:13:18 UTC 2018 /home/travis/build/icyphy/ptII/ptolemy/actor/lib/test/auto/PublisherSubscriberOpaque.xml
----------------- Instantiating /home/travis/build/icyphy/ptII/ptolemy/actor/lib/test/auto/PublisherSubscriberOpaque.xml
6 ms. Memory: 948736K Free: 474086K (50%)
----------------- Invoking toplevel() on ptolemy.moml.MoMLSimpleApplication@50a3c8ab
----------------- Done invoking toplevel() on ptolemy.moml.MoMLSimpleApplication@50a3c8ab
reloadAllAccessors: .PublisherSubscriberOpaque
----------------- testing Thu May 10 16:13:18 UTC 2018 /home/travis/build/icyphy/ptII/ptolemy/actor/lib/test/auto/PublisherSubscriberOpaqueD3.xml
----------------- Instantiating /home/travis/build/icyphy/ptII/ptolemy/actor/lib/test/auto/PublisherSubscriberOpaqueD3.xml
7 ms. Memory: 948736K Free: 457845K (48%)
----------------- Invoking toplevel() on ptolemy.moml.MoMLSimpleApplication@393b43d
----------------- Done invoking toplevel() on ptolemy.moml.MoMLSimpleApplication@393b43d
reloadAllAccessors: .PublisherSubscriberOpaqueD3
----------------- testing Thu May 10 16:13:18 UTC 2018 /home/travis/build/icyphy/ptII/ptolemy/actor/lib/test/auto/PublisherSubscriberOpaqueD3Reverse.xml
----------------- Instantiating /home/travis/build/icyphy/ptII/ptolemy/actor/lib/test/auto/PublisherSubscriberOpaqueD3Reverse.xml
9 ms. Memory: 948736K Free: 445326K (47%)
----------------- Invoking toplevel() on ptolemy.moml.MoMLSimpleApplication@5e175b09
----------------- Done invoking toplevel() on ptolemy.moml.MoMLSimpleApplication@5e175b09
reloadAllAccessors: .PublisherSubscriberOpaqueD3Reverse
----------------- testing Thu May 10 16:13:18 UTC 2018 /home/travis/build/icyphy/ptII/ptolemy/actor/lib/test/auto/PublisherSubscriberOpaqueWidthInference.xml
----------------- Instantiating /home/travis/build/icyphy/ptII/ptolemy/actor/lib/test/auto/PublisherSubscriberOpaqueWidthInference.xml
7 ms. Memory: 948736K Free: 429086K (45%)
----------------- Invoking toplevel() on ptolemy.moml.MoMLSimpleApplication@4039529b
----------------- Done invoking toplevel() on ptolemy.moml.MoMLSimpleApplication@4039529b
reloadAllAccessors: .PublisherSubscriberOpaqueWidthInference
----------------- testing Thu May 10 16:13:18 UTC 2018 /home/travis/build/icyphy/ptII/ptolemy/actor/lib/test/auto/PublisherTestSubscriber.xml
----------------- Instantiating /home/travis/build/icyphy/ptII/ptolemy/actor/lib/test/auto/PublisherTestSubscriber.xml
3 ms. Memory: 948736K Free: 412845K (44%)
----------------- Invoking toplevel() on ptolemy.moml.MoMLSimpleApplication@207ba5d3
----------------- Done invoking toplevel() on ptolemy.moml.MoMLSimpleApplication@207ba5d3
reloadAllAccessors: .PublisherTestSubscriber
----------------- testing Thu May 10 16:13:19 UTC 2018 /home/travis/build/icyphy/ptII/ptolemy/actor/lib/test/auto/PublisherToplevelSubscriberPortAOC.xml
----------------- Instantiating /home/travis/build/icyphy/ptII/ptolemy/actor/lib/test/auto/PublisherToplevelSubscriberPortAOC.xml
2 ms. Memory: 948736K Free: 404509K (43%)
----------------- Invoking toplevel() on ptolemy.moml.MoMLSimpleApplication@504b1a17
----------------- Done invoking toplevel() on ptolemy.moml.MoMLSimpleApplication@504b1a17
reloadAllAccessors: .PublisherToplevelSubscriberPortAOC
----------------- testing Thu May 10 16:13:19 UTC 2018 /home/travis/build/icyphy/ptII/ptolemy/actor/lib/test/auto/PulseFiringLimitDE.xml
----------------- Instantiating /home/travis/build/icyphy/ptII/ptolemy/actor/lib/test/auto/PulseFiringLimitDE.xml
3 ms. Memory: 948736K Free: 392452K (41%)
----------------- Invoking toplevel() on ptolemy.moml.MoMLSimpleApplication@66d5d876
----------------- Done invoking toplevel() on ptolemy.moml.MoMLSimpleApplication@66d5d876
reloadAllAccessors: .PulseFiringLimitDE
----------------- testing Thu May 10 16:13:19 UTC 2018 /home/travis/build/icyphy/ptII/ptolemy/actor/lib/test/auto/Ramp1.xml
----------------- Instantiating /home/travis/build/icyphy/ptII/ptolemy/actor/lib/test/auto/Ramp1.xml
2 ms. Memory: 948736K Free: 380395K (40%)
----------------- Invoking toplevel() on ptolemy.moml.MoMLSimpleApplication@5947bdc9
----------------- Done invoking toplevel() on ptolemy.moml.MoMLSimpleApplication@5947bdc9
reloadAllAccessors: .Ramp1
----------------- testing Thu May 10 16:13:19 UTC 2018 /home/travis/build/icyphy/ptII/ptolemy/actor/lib/test/auto/RampFiringLimitDE.xml
----------------- Instantiating /home/travis/build/icyphy/ptII/ptolemy/actor/lib/test/auto/RampFiringLimitDE.xml
4 ms. Memory: 948736K Free: 372060K (39%)
----------------- Invoking toplevel() on ptolemy.moml.MoMLSimpleApplication@73af6576
----------------- Done invoking toplevel() on ptolemy.moml.MoMLSimpleApplication@73af6576
reloadAllAccessors: .RampFiringLimitDE
----------------- testing Thu May 10 16:13:19 UTC 2018 /home/travis/build/icyphy/ptII/ptolemy/actor/lib/test/auto/RampFiringLimitSDF.xml
----------------- Instantiating /home/travis/build/icyphy/ptII/ptolemy/actor/lib/test/auto/RampFiringLimitSDF.xml
3 ms. Memory: 948736K Free: 360002K (38%)
----------------- Invoking toplevel() on ptolemy.moml.MoMLSimpleApplication@31916847
----------------- Done invoking toplevel() on ptolemy.moml.MoMLSimpleApplication@31916847
reloadAllAccessors: .RampFiringLimitSDF
----------------- testing Thu May 10 16:13:19 UTC 2018 /home/travis/build/icyphy/ptII/ptolemy/actor/lib/test/auto/RandomInteger.xml
----------------- Instantiating /home/travis/build/icyphy/ptII/ptolemy/actor/lib/test/auto/RandomInteger.xml
2 ms. Memory: 948736K Free: 347945K (37%)
----------------- Invoking toplevel() on ptolemy.moml.MoMLSimpleApplication@9a49f2d
----------------- Done invoking toplevel() on ptolemy.moml.MoMLSimpleApplication@9a49f2d
reloadAllAccessors: .RandomInteger
----------------- testing Thu May 10 16:13:19 UTC 2018 /home/travis/build/icyphy/ptII/ptolemy/actor/lib/test/auto/ReadFile1.xml
----------------- Instantiating /home/travis/build/icyphy/ptII/ptolemy/actor/lib/test/auto/ReadFile1.xml
2 ms. Memory: 948736K Free: 335888K (35%)
----------------- Invoking toplevel() on ptolemy.moml.MoMLSimpleApplication@374267f8
----------------- Done invoking toplevel() on ptolemy.moml.MoMLSimpleApplication@374267f8
reloadAllAccessors: .ReadFile1
----------------- testing Thu May 10 16:13:19 UTC 2018 /home/travis/build/icyphy/ptII/ptolemy/actor/lib/test/auto/ReadFile2.xml
----------------- Instantiating /home/travis/build/icyphy/ptII/ptolemy/actor/lib/test/auto/ReadFile2.xml
2 ms. Memory: 948736K Free: 327553K (35%)
----------------- Invoking toplevel() on ptolemy.moml.MoMLSimpleApplication@1043e8a7
----------------- Done invoking toplevel() on ptolemy.moml.MoMLSimpleApplication@1043e8a7
reloadAllAccessors: .ReadFile2
----------------- testing Thu May 10 16:13:19 UTC 2018 /home/travis/build/icyphy/ptII/ptolemy/actor/lib/test/auto/Reader.xml
----------------- Instantiating /home/travis/build/icyphy/ptII/ptolemy/actor/lib/test/auto/Reader.xml
actor.lib.Reader is obsolete, use actor.lib.io.ExpressionReader instead
2 ms. Memory: 948736K Free: 315496K (33%)
----------------- Invoking toplevel() on ptolemy.moml.MoMLSimpleApplication@3a6b96f9
----------------- Done invoking toplevel() on ptolemy.moml.MoMLSimpleApplication@3a6b96f9
reloadAllAccessors: .Reader
----------------- testing Thu May 10 16:13:19 UTC 2018 /home/travis/build/icyphy/ptII/ptolemy/actor/lib/test/auto/RecordAssemblerDisplayNameTest.xml
----------------- Instantiating /home/travis/build/icyphy/ptII/ptolemy/actor/lib/test/auto/RecordAssemblerDisplayNameTest.xml
6093 ms. Memory: 1003520K Free: 820840K (82%)
----------------- Invoking toplevel() on ptolemy.moml.MoMLSimpleApplication@3b1efaa0
----------------- Done invoking toplevel() on ptolemy.moml.MoMLSimpleApplication@3b1efaa0
reloadAllAccessors: .RecordAssemblerDisplayNameTest
----------------- testing Thu May 10 16:13:25 UTC 2018 /home/travis/build/icyphy/ptII/ptolemy/actor/lib/test/auto/RecordAssemblerTypeError.xml
----------------- Instantiating /home/travis/build/icyphy/ptII/ptolemy/actor/lib/test/auto/RecordAssemblerTypeError.xml
9 ms. Memory: 1003520K Free: 797466K (79%)
----------------- Invoking toplevel() on ptolemy.moml.MoMLSimpleApplication@2e0d704e
----------------- Done invoking toplevel() on ptolemy.moml.MoMLSimpleApplication@2e0d704e
reloadAllAccessors: .RecordAssemblerTypeError
----------------- testing Thu May 10 16:13:25 UTC 2018 /home/travis/build/icyphy/ptII/ptolemy/actor/lib/test/auto/RecordDisassember.xml
----------------- Instantiating /home/travis/build/icyphy/ptII/ptolemy/actor/lib/test/auto/RecordDisassember.xml
8 ms. Memory: 1003520K Free: 782245K (78%)
----------------- Invoking toplevel() on ptolemy.moml.MoMLSimpleApplication@28b3c3fb
----------------- Done invoking toplevel() on ptolemy.moml.MoMLSimpleApplication@28b3c3fb
reloadAllAccessors: .RecordDisassember
----------------- testing Thu May 10 16:13:25 UTC 2018 /home/travis/build/icyphy/ptII/ptolemy/actor/lib/test/auto/RecordDisassemberDisplayNameTest.xml
----------------- Instantiating /home/travis/build/icyphy/ptII/ptolemy/actor/lib/test/auto/RecordDisassemberDisplayNameTest.xml
8 ms. Memory: 1003520K Free: 767023K (76%)
----------------- Invoking toplevel() on ptolemy.moml.MoMLSimpleApplication@a1af356
----------------- Done invoking toplevel() on ptolemy.moml.MoMLSimpleApplication@a1af356
reloadAllAccessors: .RecordDisassemberDisplayNameTest
----------------- testing Thu May 10 16:13:25 UTC 2018 /home/travis/build/icyphy/ptII/ptolemy/actor/lib/test/auto/RecordDisassembler.xml
----------------- Instantiating /home/travis/build/icyphy/ptII/ptolemy/actor/lib/test/auto/RecordDisassembler.xml
3 ms. Memory: 1003520K Free: 751802K (75%)
----------------- Invoking toplevel() on ptolemy.moml.MoMLSimpleApplication@2ca4dfc0
----------------- Done invoking toplevel() on ptolemy.moml.MoMLSimpleApplication@2ca4dfc0
reloadAllAccessors: .RecordDisassembler
----------------- testing Thu May 10 16:13:25 UTC 2018 /home/travis/build/icyphy/ptII/ptolemy/actor/lib/test/auto/RecordDisassembler2.xml
----------------- Instantiating /home/travis/build/icyphy/ptII/ptolemy/actor/lib/test/auto/RecordDisassembler2.xml
3 ms. Memory: 1003520K Free: 739944K (74%)
----------------- Invoking toplevel() on ptolemy.moml.MoMLSimpleApplication@62c8daed
----------------- Done invoking toplevel() on ptolemy.moml.MoMLSimpleApplication@62c8daed
reloadAllAccessors: .RecordDisassembler2
----------------- testing Thu May 10 16:13:25 UTC 2018 /home/travis/build/icyphy/ptII/ptolemy/actor/lib/test/auto/RecordUpdater.xml
----------------- Instantiating /home/travis/build/icyphy/ptII/ptolemy/actor/lib/test/auto/RecordUpdater.xml
3 ms. Memory: 1003520K Free: 724723K (72%)
----------------- Invoking toplevel() on ptolemy.moml.MoMLSimpleApplication@1ec5bd76
----------------- Done invoking toplevel() on ptolemy.moml.MoMLSimpleApplication@1ec5bd76
reloadAllAccessors: .RecordUpdater
----------------- testing Thu May 10 16:13:25 UTC 2018 /home/travis/build/icyphy/ptII/ptolemy/actor/lib/test/auto/RecordUpdater2.xml
----------------- Instantiating /home/travis/build/icyphy/ptII/ptolemy/actor/lib/test/auto/RecordUpdater2.xml
2 ms. Memory: 1003520K Free: 709501K (71%)
----------------- Invoking toplevel() on ptolemy.moml.MoMLSimpleApplication@104eaadd
----------------- Done invoking toplevel() on ptolemy.moml.MoMLSimpleApplication@104eaadd
reloadAllAccessors: .RecordUpdater2
----------------- testing Thu May 10 16:13:25 UTC 2018 /home/travis/build/icyphy/ptII/ptolemy/actor/lib/test/auto/RecursiveLattice.xml
----------------- Instantiating /home/travis/build/icyphy/ptII/ptolemy/actor/lib/test/auto/RecursiveLattice.xml
1 ms. Memory: 1003520K Free: 694280K (69%)
----------------- Invoking toplevel() on ptolemy.moml.MoMLSimpleApplication@45fe5bec
----------------- Done invoking toplevel() on ptolemy.moml.MoMLSimpleApplication@45fe5bec
reloadAllAccessors: .RecursiveLattice
----------------- testing Thu May 10 16:13:25 UTC 2018 /home/travis/build/icyphy/ptII/ptolemy/actor/lib/test/auto/Router.xml
----------------- Instantiating /home/travis/build/icyphy/ptII/ptolemy/actor/lib/test/auto/Router.xml
3005 ms. Memory: 1003520K Free: 676477K (67%)
----------------- Invoking toplevel() on ptolemy.moml.MoMLSimpleApplication@1e0a032f
----------------- Done invoking toplevel() on ptolemy.moml.MoMLSimpleApplication@1e0a032f
reloadAllAccessors: .Router
----------------- testing Thu May 10 16:13:28 UTC 2018 /home/travis/build/icyphy/ptII/ptolemy/actor/lib/test/auto/Router2.xml
----------------- Instantiating /home/travis/build/icyphy/ptII/ptolemy/actor/lib/test/auto/Router2.xml
3004 ms. Memory: 1003520K Free: 655327K (65%)
----------------- Invoking toplevel() on ptolemy.moml.MoMLSimpleApplication@69d474b6
----------------- Done invoking toplevel() on ptolemy.moml.MoMLSimpleApplication@69d474b6
reloadAllAccessors: .Router2
----------------- testing Thu May 10 16:13:31 UTC 2018 /home/travis/build/icyphy/ptII/ptolemy/actor/lib/test/auto/RunningMaximum.xml
----------------- Instantiating /home/travis/build/icyphy/ptII/ptolemy/actor/lib/test/auto/RunningMaximum.xml
3 ms. Memory: 1003520K Free: 640105K (64%)
----------------- Invoking toplevel() on ptolemy.moml.MoMLSimpleApplication@3e1cc4bb
----------------- Done invoking toplevel() on ptolemy.moml.MoMLSimpleApplication@3e1cc4bb
reloadAllAccessors: .RunningMaximum
----------------- testing Thu May 10 16:13:31 UTC 2018 /home/travis/build/icyphy/ptII/ptolemy/actor/lib/test/auto/RunningMinimum.xml
----------------- Instantiating /home/travis/build/icyphy/ptII/ptolemy/actor/lib/test/auto/RunningMinimum.xml
2 ms. Memory: 1003520K Free: 624884K (62%)
----------------- Invoking toplevel() on ptolemy.moml.MoMLSimpleApplication@2754d806
----------------- Done invoking toplevel() on ptolemy.moml.MoMLSimpleApplication@2754d806
reloadAllAccessors: .RunningMinimum
----------------- testing Thu May 10 16:13:31 UTC 2018 /home/travis/build/icyphy/ptII/ptolemy/actor/lib/test/auto/Scale.xml
----------------- Instantiating /home/travis/build/icyphy/ptII/ptolemy/actor/lib/test/auto/Scale.xml
2 ms. Memory: 1003520K Free: 613026K (61%)
----------------- Invoking toplevel() on ptolemy.moml.MoMLSimpleApplication@3c00b109
----------------- Done invoking toplevel() on ptolemy.moml.MoMLSimpleApplication@3c00b109
reloadAllAccessors: .Scale
----------------- testing Thu May 10 16:13:31 UTC 2018 /home/travis/build/icyphy/ptII/ptolemy/actor/lib/test/auto/Scale2.xml
----------------- Instantiating /home/travis/build/icyphy/ptII/ptolemy/actor/lib/test/auto/Scale2.xml
3 ms. Memory: 1003520K Free: 597804K (60%)
----------------- Invoking toplevel() on ptolemy.moml.MoMLSimpleApplication@3d626b1b
----------------- Done invoking toplevel() on ptolemy.moml.MoMLSimpleApplication@3d626b1b
reloadAllAccessors: .Scale2
----------------- testing Thu May 10 16:13:31 UTC 2018 /home/travis/build/icyphy/ptII/ptolemy/actor/lib/test/auto/Scale3.xml
----------------- Instantiating /home/travis/build/icyphy/ptII/ptolemy/actor/lib/test/auto/Scale3.xml
4 ms. Memory: 1003520K Free: 582583K (58%)
----------------- Invoking toplevel() on ptolemy.moml.MoMLSimpleApplication@6f02ecf9
----------------- Done invoking toplevel() on ptolemy.moml.MoMLSimpleApplication@6f02ecf9
reloadAllAccessors: .Scale3
----------------- testing Thu May 10 16:13:31 UTC 2018 /home/travis/build/icyphy/ptII/ptolemy/actor/lib/test/auto/ScaleArray.xml
----------------- Instantiating /home/travis/build/icyphy/ptII/ptolemy/actor/lib/test/auto/ScaleArray.xml
2 ms. Memory: 1003520K Free: 567361K (57%)
----------------- Invoking toplevel() on ptolemy.moml.MoMLSimpleApplication@219b478c
----------------- Done invoking toplevel() on ptolemy.moml.MoMLSimpleApplication@219b478c
reloadAllAccessors: .ScaleArray
----------------- testing Thu May 10 16:13:31 UTC 2018 /home/travis/build/icyphy/ptII/ptolemy/actor/lib/test/auto/ScaleArray2.xml
----------------- Instantiating /home/travis/build/icyphy/ptII/ptolemy/actor/lib/test/auto/ScaleArray2.xml
2 ms. Memory: 1003520K Free: 555503K (55%)
----------------- Invoking toplevel() on ptolemy.moml.MoMLSimpleApplication@c67f0a7
----------------- Done invoking toplevel() on ptolemy.moml.MoMLSimpleApplication@c67f0a7
reloadAllAccessors: .ScaleArray2
----------------- testing Thu May 10 16:13:31 UTC 2018 /home/travis/build/icyphy/ptII/ptolemy/actor/lib/test/auto/ScaleMatrix.xml
----------------- Instantiating /home/travis/build/icyphy/ptII/ptolemy/actor/lib/test/auto/ScaleMatrix.xml
192 ms. Memory: 1003520K Free: 534339K (53%)
----------------- Invoking toplevel() on ptolemy.moml.MoMLSimpleApplication@40041b8a
----------------- Done invoking toplevel() on ptolemy.moml.MoMLSimpleApplication@40041b8a
reloadAllAccessors: .ScaleMatrix
----------------- testing Thu May 10 16:13:31 UTC 2018 /home/travis/build/icyphy/ptII/ptolemy/actor/lib/test/auto/Select.xml
----------------- Instantiating /home/travis/build/icyphy/ptII/ptolemy/actor/lib/test/auto/Select.xml
3 ms. Memory: 1003520K Free: 519117K (52%)
----------------- Invoking toplevel() on ptolemy.moml.MoMLSimpleApplication@274bb98a
----------------- Done invoking toplevel() on ptolemy.moml.MoMLSimpleApplication@274bb98a
reloadAllAccessors: .Select
----------------- testing Thu May 10 16:13:31 UTC 2018 /home/travis/build/icyphy/ptII/ptolemy/actor/lib/test/auto/Select2.xml
----------------- Instantiating /home/travis/build/icyphy/ptII/ptolemy/actor/lib/test/auto/Select2.xml
1 ms. Memory: 1003520K Free: 503896K (50%)
----------------- Invoking toplevel() on ptolemy.moml.MoMLSimpleApplication@176028c0
----------------- Done invoking toplevel() on ptolemy.moml.MoMLSimpleApplication@176028c0
reloadAllAccessors: .Select2
----------------- testing Thu May 10 16:13:31 UTC 2018 /home/travis/build/icyphy/ptII/ptolemy/actor/lib/test/auto/SequenceToArray2.xml
----------------- Instantiating /home/travis/build/icyphy/ptII/ptolemy/actor/lib/test/auto/SequenceToArray2.xml
104 ms. Memory: 1003520K Free: 426803K (43%)
----------------- Invoking toplevel() on ptolemy.moml.MoMLSimpleApplication@2a84361b
----------------- Done invoking toplevel() on ptolemy.moml.MoMLSimpleApplication@2a84361b
reloadAllAccessors: .SequenceToArray2
----------------- testing Thu May 10 16:13:32 UTC 2018 /home/travis/build/icyphy/ptII/ptolemy/actor/lib/test/auto/SequentialClock.xml
----------------- Instantiating /home/travis/build/icyphy/ptII/ptolemy/actor/lib/test/auto/SequentialClock.xml
1 ms. Memory: 1003520K Free: 411582K (41%)
----------------- Invoking toplevel() on ptolemy.moml.MoMLSimpleApplication@4c3c924e
----------------- Done invoking toplevel() on ptolemy.moml.MoMLSimpleApplication@4c3c924e
reloadAllAccessors: .SequentialClock
----------------- testing Thu May 10 16:13:32 UTC 2018 /home/travis/build/icyphy/ptII/ptolemy/actor/lib/test/auto/SetVariable.xml
----------------- Instantiating /home/travis/build/icyphy/ptII/ptolemy/actor/lib/test/auto/SetVariable.xml
3 ms. Memory: 1003520K Free: 396360K (39%)
----------------- Invoking toplevel() on ptolemy.moml.MoMLSimpleApplication@5811702
----------------- Done invoking toplevel() on ptolemy.moml.MoMLSimpleApplication@5811702
reloadAllAccessors: .SetVariable
----------------- testing Thu May 10 16:13:32 UTC 2018 /home/travis/build/icyphy/ptII/ptolemy/actor/lib/test/auto/SetVariable2.xml
----------------- Instantiating /home/travis/build/icyphy/ptII/ptolemy/actor/lib/test/auto/SetVariable2.xml
2 ms. Memory: 1003520K Free: 381139K (38%)
----------------- Invoking toplevel() on ptolemy.moml.MoMLSimpleApplication@2b5cdfc5
----------------- Done invoking toplevel() on ptolemy.moml.MoMLSimpleApplication@2b5cdfc5
reloadAllAccessors: .SetVariable2
----------------- testing Thu May 10 16:13:32 UTC 2018 /home/travis/build/icyphy/ptII/ptolemy/actor/lib/test/auto/SetVariable3.xml
----------------- Instantiating /home/travis/build/icyphy/ptII/ptolemy/actor/lib/test/auto/SetVariable3.xml
10 ms. Memory: 1003520K Free: 369281K (37%)
----------------- Invoking toplevel() on ptolemy.moml.MoMLSimpleApplication@1746fb94
----------------- Done invoking toplevel() on ptolemy.moml.MoMLSimpleApplication@1746fb94
reloadAllAccessors: .SetVariable3
----------------- testing Thu May 10 16:13:32 UTC 2018 /home/travis/build/icyphy/ptII/ptolemy/actor/lib/test/auto/SetVariable4.xml
----------------- Instantiating /home/travis/build/icyphy/ptII/ptolemy/actor/lib/test/auto/SetVariable4.xml
18 ms. Memory: 1003520K Free: 312557K (31%)
----------------- Invoking toplevel() on ptolemy.moml.MoMLSimpleApplication@43203366
----------------- Done invoking toplevel() on ptolemy.moml.MoMLSimpleApplication@43203366
reloadAllAccessors: .SetVariable4
----------------- testing Thu May 10 16:13:32 UTC 2018 /home/travis/build/icyphy/ptII/ptolemy/actor/lib/test/auto/SetVariable5.xml
----------------- Instantiating /home/travis/build/icyphy/ptII/ptolemy/actor/lib/test/auto/SetVariable5.xml
24 ms. Memory: 1003520K Free: 291390K (29%)
----------------- Invoking toplevel() on ptolemy.moml.MoMLSimpleApplication@b4df721
----------------- Done invoking toplevel() on ptolemy.moml.MoMLSimpleApplication@b4df721
reloadAllAccessors: .SetVariable5
----------------- testing Thu May 10 16:13:32 UTC 2018 /home/travis/build/icyphy/ptII/ptolemy/actor/lib/test/auto/Sinewave.xml
----------------- Instantiating /home/travis/build/icyphy/ptII/ptolemy/actor/lib/test/auto/Sinewave.xml
13 ms. Memory: 1003520K Free: 270240K (27%)
----------------- Invoking toplevel() on ptolemy.moml.MoMLSimpleApplication@398464da
----------------- Done invoking toplevel() on ptolemy.moml.MoMLSimpleApplication@398464da
reloadAllAccessors: .Sinewave
----------------- testing Thu May 10 16:13:32 UTC 2018 /home/travis/build/icyphy/ptII/ptolemy/actor/lib/test/auto/Sinewave2.xml
----------------- Instantiating /home/travis/build/icyphy/ptII/ptolemy/actor/lib/test/auto/Sinewave2.xml
6 ms. Memory: 1003520K Free: 258382K (26%)
----------------- Invoking toplevel() on ptolemy.moml.MoMLSimpleApplication@12638242
----------------- Done invoking toplevel() on ptolemy.moml.MoMLSimpleApplication@12638242
reloadAllAccessors: .Sinewave2
----------------- testing Thu May 10 16:13:32 UTC 2018 /home/travis/build/icyphy/ptII/ptolemy/actor/lib/test/auto/Sinewave3.xml
----------------- Instantiating /home/travis/build/icyphy/ptII/ptolemy/actor/lib/test/auto/Sinewave3.xml
8 ms. Memory: 1003520K Free: 243160K (24%)
----------------- Invoking toplevel() on ptolemy.moml.MoMLSimpleApplication@36624739
----------------- Done invoking toplevel() on ptolemy.moml.MoMLSimpleApplication@36624739
reloadAllAccessors: .Sinewave3
----------------- testing Thu May 10 16:13:32 UTC 2018 /home/travis/build/icyphy/ptII/ptolemy/actor/lib/test/auto/SingleEvent.xml
----------------- Instantiating /home/travis/build/icyphy/ptII/ptolemy/actor/lib/test/auto/SingleEvent.xml
2 ms. Memory: 1003520K Free: 227939K (23%)
----------------- Invoking toplevel() on ptolemy.moml.MoMLSimpleApplication@6b5ef15
----------------- Done invoking toplevel() on ptolemy.moml.MoMLSimpleApplication@6b5ef15
reloadAllAccessors: .SingleEvent
----------------- testing Thu May 10 16:13:32 UTC 2018 /home/travis/build/icyphy/ptII/ptolemy/actor/lib/test/auto/Sleep.xml
----------------- Instantiating /home/travis/build/icyphy/ptII/ptolemy/actor/lib/test/auto/Sleep.xml
6004 ms. Memory: 1003520K Free: 212717K (21%)
----------------- Invoking toplevel() on ptolemy.moml.MoMLSimpleApplication@1bbb3cc4
----------------- Done invoking toplevel() on ptolemy.moml.MoMLSimpleApplication@1bbb3cc4
reloadAllAccessors: .Sleep
----------------- testing Thu May 10 16:13:38 UTC 2018 /home/travis/build/icyphy/ptII/ptolemy/actor/lib/test/auto/SleepMultipleFire.xml
----------------- Instantiating /home/travis/build/icyphy/ptII/ptolemy/actor/lib/test/auto/SleepMultipleFire.xml
1008 ms. Memory: 1003520K Free: 200859K (20%)
----------------- Invoking toplevel() on ptolemy.moml.MoMLSimpleApplication@3dd2af13
----------------- Done invoking toplevel() on ptolemy.moml.MoMLSimpleApplication@3dd2af13
reloadAllAccessors: .SleepMultipleFire
----------------- testing Thu May 10 16:13:39 UTC 2018 /home/travis/build/icyphy/ptII/ptolemy/actor/lib/test/auto/StopDE.xml
----------------- Instantiating /home/travis/build/icyphy/ptII/ptolemy/actor/lib/test/auto/StopDE.xml
4 ms. Memory: 1003520K Free: 185638K (18%)
----------------- Invoking toplevel() on ptolemy.moml.MoMLSimpleApplication@44f2ad27
----------------- Done invoking toplevel() on ptolemy.moml.MoMLSimpleApplication@44f2ad27
reloadAllAccessors: .StopDE
----------------- testing Thu May 10 16:13:39 UTC 2018 /home/travis/build/icyphy/ptII/ptolemy/actor/lib/test/auto/StopSDF.xml
----------------- Instantiating /home/travis/build/icyphy/ptII/ptolemy/actor/lib/test/auto/StopSDF.xml
3 ms. Memory: 1003520K Free: 170417K (17%)
----------------- Invoking toplevel() on ptolemy.moml.MoMLSimpleApplication@876766f
----------------- Done invoking toplevel() on ptolemy.moml.MoMLSimpleApplication@876766f
reloadAllAccessors: .StopSDF
----------------- testing Thu May 10 16:13:39 UTC 2018 /home/travis/build/icyphy/ptII/ptolemy/actor/lib/test/auto/StringConstant.xml
----------------- Instantiating /home/travis/build/icyphy/ptII/ptolemy/actor/lib/test/auto/StringConstant.xml
2 ms. Memory: 1003520K Free: 155195K (15%)
----------------- Invoking toplevel() on ptolemy.moml.MoMLSimpleApplication@54d55db
----------------- Done invoking toplevel() on ptolemy.moml.MoMLSimpleApplication@54d55db
reloadAllAccessors: .StringConstant
----------------- testing Thu May 10 16:13:39 UTC 2018 /home/travis/build/icyphy/ptII/ptolemy/actor/lib/test/auto/SubscriberPortInitialValues1.xml
----------------- Instantiating /home/travis/build/icyphy/ptII/ptolemy/actor/lib/test/auto/SubscriberPortInitialValues1.xml
6 ms. Memory: 1003520K Free: 139974K (14%)
----------------- Invoking toplevel() on ptolemy.moml.MoMLSimpleApplication@13a436
----------------- Done invoking toplevel() on ptolemy.moml.MoMLSimpleApplication@13a436
reloadAllAccessors: .SubscriberPortInitialValues1
----------------- testing Thu May 10 16:13:39 UTC 2018 /home/travis/build/icyphy/ptII/ptolemy/actor/lib/test/auto/SubscriberPortInitialValues13.xml
----------------- Instantiating /home/travis/build/icyphy/ptII/ptolemy/actor/lib/test/auto/SubscriberPortInitialValues13.xml
5 ms. Memory: 1003520K Free: 122179K (12%)
----------------- Invoking toplevel() on ptolemy.moml.MoMLSimpleApplication@562f4245
----------------- Done invoking toplevel() on ptolemy.moml.MoMLSimpleApplication@562f4245
reloadAllAccessors: .SubscriberPortInitialValues13
----------------- testing Thu May 10 16:13:39 UTC 2018 /home/travis/build/icyphy/ptII/ptolemy/actor/lib/test/auto/SubscriberPortInitialValues14.xml
----------------- Instantiating /home/travis/build/icyphy/ptII/ptolemy/actor/lib/test/auto/SubscriberPortInitialValues14.xml
5 ms. Memory: 1003520K Free: 106957K (11%)
----------------- Invoking toplevel() on ptolemy.moml.MoMLSimpleApplication@1f8c920b
----------------- Done invoking toplevel() on ptolemy.moml.MoMLSimpleApplication@1f8c920b
reloadAllAccessors: .SubscriberPortInitialValues14
----------------- testing Thu May 10 16:13:39 UTC 2018 /home/travis/build/icyphy/ptII/ptolemy/actor/lib/test/auto/SubscriberPortInitialValues2.xml
----------------- Instantiating /home/travis/build/icyphy/ptII/ptolemy/actor/lib/test/auto/SubscriberPortInitialValues2.xml
5 ms. Memory: 1003520K Free: 91736K (9%)
----------------- Invoking toplevel() on ptolemy.moml.MoMLSimpleApplication@412bcd97
----------------- Done invoking toplevel() on ptolemy.moml.MoMLSimpleApplication@412bcd97
reloadAllAccessors: .SubscriberPortInitialValues2
----------------- testing Thu May 10 16:13:39 UTC 2018 /home/travis/build/icyphy/ptII/ptolemy/actor/lib/test/auto/SubscriberPortInitialValues3.xml
----------------- Instantiating /home/travis/build/icyphy/ptII/ptolemy/actor/lib/test/auto/SubscriberPortInitialValues3.xml
5 ms. Memory: 1003520K Free: 73315K (7%)
----------------- Invoking toplevel() on ptolemy.moml.MoMLSimpleApplication@60f0c74f
----------------- Done invoking toplevel() on ptolemy.moml.MoMLSimpleApplication@60f0c74f
reloadAllAccessors: .SubscriberPortInitialValues3
----------------- testing Thu May 10 16:13:39 UTC 2018 /home/travis/build/icyphy/ptII/ptolemy/actor/lib/test/auto/SubscriptionAggregator.xml
----------------- Instantiating /home/travis/build/icyphy/ptII/ptolemy/actor/lib/test/auto/SubscriptionAggregator.xml
4 ms. Memory: 1031168K Free: 977565K (95%)
----------------- Invoking toplevel() on ptolemy.moml.MoMLSimpleApplication@64fd2d0
----------------- Done invoking toplevel() on ptolemy.moml.MoMLSimpleApplication@64fd2d0
reloadAllAccessors: .SubscriptionAggregator
----------------- testing Thu May 10 16:13:39 UTC 2018 /home/travis/build/icyphy/ptII/ptolemy/actor/lib/test/auto/SubscriptionAggregator2.xml
----------------- Instantiating /home/travis/build/icyphy/ptII/ptolemy/actor/lib/test/auto/SubscriptionAggregator2.xml
3 ms. Memory: 1031168K Free: 962136K (93%)
----------------- Invoking toplevel() on ptolemy.moml.MoMLSimpleApplication@3c1eb20d
----------------- Done invoking toplevel() on ptolemy.moml.MoMLSimpleApplication@3c1eb20d
reloadAllAccessors: .SubscriptionAggregator2
----------------- testing Thu May 10 16:13:39 UTC 2018 /home/travis/build/icyphy/ptII/ptolemy/actor/lib/test/auto/SubscriptionAggregator3.xml
----------------- Instantiating /home/travis/build/icyphy/ptII/ptolemy/actor/lib/test/auto/SubscriptionAggregator3.xml
3 ms. Memory: 1031168K Free: 940499K (91%)
----------------- Invoking toplevel() on ptolemy.moml.MoMLSimpleApplication@74263e47
----------------- Done invoking toplevel() on ptolemy.moml.MoMLSimpleApplication@74263e47
reloadAllAccessors: .SubscriptionAggregator3
----------------- testing Thu May 10 16:13:39 UTC 2018 /home/travis/build/icyphy/ptII/ptolemy/actor/lib/test/auto/SubscriptionAggregatorMultiply.xml
----------------- Instantiating /home/travis/build/icyphy/ptII/ptolemy/actor/lib/test/auto/SubscriptionAggregatorMultiply.xml
3 ms. Memory: 1031168K Free: 925070K (90%)
----------------- Invoking toplevel() on ptolemy.moml.MoMLSimpleApplication@2d03f10c
----------------- Done invoking toplevel() on ptolemy.moml.MoMLSimpleApplication@2d03f10c
reloadAllAccessors: .SubscriptionAggregatorMultiply
----------------- testing Thu May 10 16:13:39 UTC 2018 /home/travis/build/icyphy/ptII/ptolemy/actor/lib/test/auto/SubscriptionAggregatorPortMultiply1.xml
----------------- Instantiating /home/travis/build/icyphy/ptII/ptolemy/actor/lib/test/auto/SubscriptionAggregatorPortMultiply1.xml
4 ms. Memory: 1031168K Free: 909641K (88%)
----------------- Invoking toplevel() on ptolemy.moml.MoMLSimpleApplication@3c84a19d
----------------- Done invoking toplevel() on ptolemy.moml.MoMLSimpleApplication@3c84a19d
reloadAllAccessors: .SubscriptionAggregatorPortMultiply1
----------------- testing Thu May 10 16:13:39 UTC 2018 /home/travis/build/icyphy/ptII/ptolemy/actor/lib/test/auto/Switch.xml
----------------- Instantiating /home/travis/build/icyphy/ptII/ptolemy/actor/lib/test/auto/Switch.xml
5 ms. Memory: 1031168K Free: 857052K (83%)
----------------- Invoking toplevel() on ptolemy.moml.MoMLSimpleApplication@6775bee7
----------------- Done invoking toplevel() on ptolemy.moml.MoMLSimpleApplication@6775bee7
reloadAllAccessors: .Switch
----------------- testing Thu May 10 16:13:39 UTC 2018 /home/travis/build/icyphy/ptII/ptolemy/actor/lib/test/auto/Switch2.xml
----------------- Instantiating /home/travis/build/icyphy/ptII/ptolemy/actor/lib/test/auto/Switch2.xml
1 ms. Memory: 1031168K Free: 841623K (82%)
----------------- Invoking toplevel() on ptolemy.moml.MoMLSimpleApplication@7ab91863
----------------- Done invoking toplevel() on ptolemy.moml.MoMLSimpleApplication@7ab91863
reloadAllAccessors: .Switch2
----------------- testing Thu May 10 16:13:39 UTC 2018 /home/travis/build/icyphy/ptII/ptolemy/actor/lib/test/auto/SwitchDE.xml
----------------- Instantiating /home/travis/build/icyphy/ptII/ptolemy/actor/lib/test/auto/SwitchDE.xml
2 ms. Memory: 1031168K Free: 829240K (80%)
----------------- Invoking toplevel() on ptolemy.moml.MoMLSimpleApplication@48ae3b9e
----------------- Done invoking toplevel() on ptolemy.moml.MoMLSimpleApplication@48ae3b9e
reloadAllAccessors: .SwitchDE
----------------- testing Thu May 10 16:13:40 UTC 2018 /home/travis/build/icyphy/ptII/ptolemy/actor/lib/test/auto/SynchronizerDE.xml
----------------- Instantiating /home/travis/build/icyphy/ptII/ptolemy/actor/lib/test/auto/SynchronizerDE.xml
5 ms. Memory: 1031168K Free: 807603K (78%)
----------------- Invoking toplevel() on ptolemy.moml.MoMLSimpleApplication@55533244
----------------- Done invoking toplevel() on ptolemy.moml.MoMLSimpleApplication@55533244
reloadAllAccessors: .SynchronizerDE
----------------- testing Thu May 10 16:13:40 UTC 2018 /home/travis/build/icyphy/ptII/ptolemy/actor/lib/test/auto/Test.xml
----------------- Instantiating /home/travis/build/icyphy/ptII/ptolemy/actor/lib/test/auto/Test.xml
2 ms. Memory: 1031168K Free: 792174K (77%)
----------------- Invoking toplevel() on ptolemy.moml.MoMLSimpleApplication@2c25635c
----------------- Done invoking toplevel() on ptolemy.moml.MoMLSimpleApplication@2c25635c
reloadAllAccessors: .Test
----------------- testing Thu May 10 16:13:40 UTC 2018 /home/travis/build/icyphy/ptII/ptolemy/actor/lib/test/auto/TestExceptionAttribute1.xml
----------------- Instantiating /home/travis/build/icyphy/ptII/ptolemy/actor/lib/test/auto/TestExceptionAttribute1.xml
1 ms. Memory: 1031168K Free: 776743K (75%)
----------------- Invoking toplevel() on ptolemy.moml.MoMLSimpleApplication@5443fc03
----------------- Done invoking toplevel() on ptolemy.moml.MoMLSimpleApplication@5443fc03
reloadAllAccessors: .TestExceptionAttribute1
----------------- testing Thu May 10 16:13:40 UTC 2018 /home/travis/build/icyphy/ptII/ptolemy/actor/lib/test/auto/TestExceptionAttribute2.xml
----------------- Instantiating /home/travis/build/icyphy/ptII/ptolemy/actor/lib/test/auto/TestExceptionAttribute2.xml
1 ms. Memory: 1031168K Free: 761314K (74%)
----------------- Invoking toplevel() on ptolemy.moml.MoMLSimpleApplication@5235a6a6
----------------- Done invoking toplevel() on ptolemy.moml.MoMLSimpleApplication@5235a6a6
reloadAllAccessors: .TestExceptionAttribute2
----------------- testing Thu May 10 16:13:40 UTC 2018 /home/travis/build/icyphy/ptII/ptolemy/actor/lib/test/auto/TestExceptionAttribute3.xml
----------------- Instantiating /home/travis/build/icyphy/ptII/ptolemy/actor/lib/test/auto/TestExceptionAttribute3.xml
.TestExceptionAttribute3.TestExceptionAttribute: initialize() was not invoked, but wrapup() was.  This is unusual, but not always a problem.  For example, exporting JNLP will do this.
1 ms. Memory: 1031168K Free: 745885K (72%)
----------------- Invoking toplevel() on ptolemy.moml.MoMLSimpleApplication@41a2538d
----------------- Done invoking toplevel() on ptolemy.moml.MoMLSimpleApplication@41a2538d
reloadAllAccessors: .TestExceptionAttribute3
----------------- testing Thu May 10 16:13:40 UTC 2018 /home/travis/build/icyphy/ptII/ptolemy/actor/lib/test/auto/TestExceptionAttribute4.xml
----------------- Instantiating /home/travis/build/icyphy/ptII/ptolemy/actor/lib/test/auto/TestExceptionAttribute4.xml
.TestExceptionAttribute4.TestExceptionAttribute: initialize() was not invoked, but wrapup() was.  This is unusual, but not always a problem.  For example, exporting JNLP will do this.
.TestExceptionAttribute4.TestExceptionAttribute2: initialize() was not invoked, but wrapup() was.  This is unusual, but not always a problem.  For example, exporting JNLP will do this.
1 ms. Memory: 1031168K Free: 730456K (71%)
----------------- Invoking toplevel() on ptolemy.moml.MoMLSimpleApplication@3d4b8659
----------------- Done invoking toplevel() on ptolemy.moml.MoMLSimpleApplication@3d4b8659
reloadAllAccessors: .TestExceptionAttribute4
----------------- testing Thu May 10 16:13:40 UTC 2018 /home/travis/build/icyphy/ptII/ptolemy/actor/lib/test/auto/TestExceptionHandler1.xml
----------------- Instantiating /home/travis/build/icyphy/ptII/ptolemy/actor/lib/test/auto/TestExceptionHandler1.xml
1 ms. Memory: 1031168K Free: 718073K (70%)
----------------- Invoking toplevel() on ptolemy.moml.MoMLSimpleApplication@7830d407
----------------- Done invoking toplevel() on ptolemy.moml.MoMLSimpleApplication@7830d407
reloadAllAccessors: .TestExceptionHandler1
----------------- testing Thu May 10 16:13:40 UTC 2018 /home/travis/build/icyphy/ptII/ptolemy/actor/lib/test/auto/TestExceptionHandler2.xml
----------------- Instantiating /home/travis/build/icyphy/ptII/ptolemy/actor/lib/test/auto/TestExceptionHandler2.xml
1 ms. Memory: 1031168K Free: 702644K (68%)
----------------- Invoking toplevel() on ptolemy.moml.MoMLSimpleApplication@346373ba
----------------- Done invoking toplevel() on ptolemy.moml.MoMLSimpleApplication@346373ba
reloadAllAccessors: .TestExceptionHandler2
----------------- testing Thu May 10 16:13:40 UTC 2018 /home/travis/build/icyphy/ptII/ptolemy/actor/lib/test/auto/TestExceptionHandler3.xml
----------------- Instantiating /home/travis/build/icyphy/ptII/ptolemy/actor/lib/test/auto/TestExceptionHandler3.xml
1 ms. Memory: 1031168K Free: 687215K (67%)
----------------- Invoking toplevel() on ptolemy.moml.MoMLSimpleApplication@4a82ee33
----------------- Done invoking toplevel() on ptolemy.moml.MoMLSimpleApplication@4a82ee33
reloadAllAccessors: .TestExceptionHandler3
----------------- testing Thu May 10 16:13:40 UTC 2018 /home/travis/build/icyphy/ptII/ptolemy/actor/lib/test/auto/TestExceptionHandler4.xml
----------------- Instantiating /home/travis/build/icyphy/ptII/ptolemy/actor/lib/test/auto/TestExceptionHandler4.xml
1 ms. Memory: 1031168K Free: 671786K (65%)
----------------- Invoking toplevel() on ptolemy.moml.MoMLSimpleApplication@63cf51c7
----------------- Done invoking toplevel() on ptolemy.moml.MoMLSimpleApplication@63cf51c7
reloadAllAccessors: .TestExceptionHandler4
----------------- testing Thu May 10 16:13:40 UTC 2018 /home/travis/build/icyphy/ptII/ptolemy/actor/lib/test/auto/TestRequireCorrectOrder.xml
----------------- Instantiating /home/travis/build/icyphy/ptII/ptolemy/actor/lib/test/auto/TestRequireCorrectOrder.xml
3 ms. Memory: 1031168K Free: 656357K (64%)
----------------- Invoking toplevel() on ptolemy.moml.MoMLSimpleApplication@358b7e3
----------------- Done invoking toplevel() on ptolemy.moml.MoMLSimpleApplication@358b7e3
reloadAllAccessors: .TestRequireCorrectOrder
----------------- testing Thu May 10 16:13:40 UTC 2018 /home/travis/build/icyphy/ptII/ptolemy/actor/lib/test/auto/TestSimple.xml
----------------- Instantiating /home/travis/build/icyphy/ptII/ptolemy/actor/lib/test/auto/TestSimple.xml
2 ms. Memory: 1031168K Free: 640928K (62%)
----------------- Invoking toplevel() on ptolemy.moml.MoMLSimpleApplication@33b6267f
----------------- Done invoking toplevel() on ptolemy.moml.MoMLSimpleApplication@33b6267f
reloadAllAccessors: .TestSimple
----------------- testing Thu May 10 16:13:40 UTC 2018 /home/travis/build/icyphy/ptII/ptolemy/actor/lib/test/auto/ThrowModelError.xml
----------------- Instantiating /home/travis/build/icyphy/ptII/ptolemy/actor/lib/test/auto/ThrowModelError.xml
2 ms. Memory: 1031168K Free: 625499K (61%)
----------------- Invoking toplevel() on ptolemy.moml.MoMLSimpleApplication@5da0fa90
----------------- Done invoking toplevel() on ptolemy.moml.MoMLSimpleApplication@5da0fa90
reloadAllAccessors: .ThrowModelError
----------------- testing Thu May 10 16:13:40 UTC 2018 /home/travis/build/icyphy/ptII/ptolemy/actor/lib/test/auto/TimeDelayMicrosteps.xml
----------------- Instantiating /home/travis/build/icyphy/ptII/ptolemy/actor/lib/test/auto/TimeDelayMicrosteps.xml
4 ms. Memory: 1031168K Free: 613115K (59%)
----------------- Invoking toplevel() on ptolemy.moml.MoMLSimpleApplication@3a1580dd
----------------- Done invoking toplevel() on ptolemy.moml.MoMLSimpleApplication@3a1580dd
reloadAllAccessors: .TimeDelayMicrosteps
----------------- testing Thu May 10 16:13:40 UTC 2018 /home/travis/build/icyphy/ptII/ptolemy/actor/lib/test/auto/TimeDelayMicrosteps2.xml
----------------- Instantiating /home/travis/build/icyphy/ptII/ptolemy/actor/lib/test/auto/TimeDelayMicrosteps2.xml
5 ms. Memory: 1031168K Free: 597686K (58%)
----------------- Invoking toplevel() on ptolemy.moml.MoMLSimpleApplication@2478e18c
----------------- Done invoking toplevel() on ptolemy.moml.MoMLSimpleApplication@2478e18c
reloadAllAccessors: .TimeDelayMicrosteps2
----------------- testing Thu May 10 16:13:40 UTC 2018 /home/travis/build/icyphy/ptII/ptolemy/actor/lib/test/auto/TimeDelayMicrosteps3.xml
----------------- Instantiating /home/travis/build/icyphy/ptII/ptolemy/actor/lib/test/auto/TimeDelayMicrosteps3.xml
4 ms. Memory: 1031168K Free: 582257K (56%)
----------------- Invoking toplevel() on ptolemy.moml.MoMLSimpleApplication@23740a6d
----------------- Done invoking toplevel() on ptolemy.moml.MoMLSimpleApplication@23740a6d
reloadAllAccessors: .TimeDelayMicrosteps3
----------------- testing Thu May 10 16:13:40 UTC 2018 /home/travis/build/icyphy/ptII/ptolemy/actor/lib/test/auto/TimeDelayVariableMicrosteps.xml
----------------- Instantiating /home/travis/build/icyphy/ptII/ptolemy/actor/lib/test/auto/TimeDelayVariableMicrosteps.xml
3 ms. Memory: 1031168K Free: 566828K (55%)
----------------- Invoking toplevel() on ptolemy.moml.MoMLSimpleApplication@3aaf463
----------------- Done invoking toplevel() on ptolemy.moml.MoMLSimpleApplication@3aaf463
reloadAllAccessors: .TimeDelayVariableMicrosteps
----------------- testing Thu May 10 16:13:40 UTC 2018 /home/travis/build/icyphy/ptII/ptolemy/actor/lib/test/auto/TimeGap.xml
----------------- Instantiating /home/travis/build/icyphy/ptII/ptolemy/actor/lib/test/auto/TimeGap.xml
3 ms. Memory: 1031168K Free: 551399K (53%)
----------------- Invoking toplevel() on ptolemy.moml.MoMLSimpleApplication@6df24b94
----------------- Done invoking toplevel() on ptolemy.moml.MoMLSimpleApplication@6df24b94
reloadAllAccessors: .TimeGap
----------------- testing Thu May 10 16:13:40 UTC 2018 /home/travis/build/icyphy/ptII/ptolemy/actor/lib/test/auto/TimeGap2.xml
----------------- Instantiating /home/travis/build/icyphy/ptII/ptolemy/actor/lib/test/auto/TimeGap2.xml
3 ms. Memory: 1031168K Free: 535969K (52%)
----------------- Invoking toplevel() on ptolemy.moml.MoMLSimpleApplication@445c8d01
----------------- Done invoking toplevel() on ptolemy.moml.MoMLSimpleApplication@445c8d01
reloadAllAccessors: .TimeGap2
----------------- testing Thu May 10 16:13:40 UTC 2018 /home/travis/build/icyphy/ptII/ptolemy/actor/lib/test/auto/TimedSinewave.xml
----------------- Instantiating /home/travis/build/icyphy/ptII/ptolemy/actor/lib/test/auto/TimedSinewave.xml
21 ms. Memory: 1031168K Free: 514348K (50%)
----------------- Invoking toplevel() on ptolemy.moml.MoMLSimpleApplication@5b54f25e
----------------- Done invoking toplevel() on ptolemy.moml.MoMLSimpleApplication@5b54f25e
reloadAllAccessors: .TimedSinewave
----------------- testing Thu May 10 16:13:40 UTC 2018 /home/travis/build/icyphy/ptII/ptolemy/actor/lib/test/auto/TimedSinewavePhase.xml
----------------- Instantiating /home/travis/build/icyphy/ptII/ptolemy/actor/lib/test/auto/TimedSinewavePhase.xml
15 ms. Memory: 1031168K Free: 495757K (48%)
----------------- Invoking toplevel() on ptolemy.moml.MoMLSimpleApplication@475aab18
----------------- Done invoking toplevel() on ptolemy.moml.MoMLSimpleApplication@475aab18
reloadAllAccessors: .TimedSinewavePhase
----------------- testing Thu May 10 16:13:40 UTC 2018 /home/travis/build/icyphy/ptII/ptolemy/actor/lib/test/auto/Timer.xml
----------------- Instantiating /home/travis/build/icyphy/ptII/ptolemy/actor/lib/test/auto/Timer.xml
2 ms. Memory: 1031168K Free: 480328K (47%)
----------------- Invoking toplevel() on ptolemy.moml.MoMLSimpleApplication@3d1b5d61
----------------- Done invoking toplevel() on ptolemy.moml.MoMLSimpleApplication@3d1b5d61
reloadAllAccessors: .Timer
----------------- testing Thu May 10 16:13:40 UTC 2018 /home/travis/build/icyphy/ptII/ptolemy/actor/lib/test/auto/TriangularDistTestModel.xml
----------------- Instantiating /home/travis/build/icyphy/ptII/ptolemy/actor/lib/test/auto/TriangularDistTestModel.xml
3 ms. Memory: 1031168K Free: 464899K (45%)
----------------- Invoking toplevel() on ptolemy.moml.MoMLSimpleApplication@494570cc
----------------- Done invoking toplevel() on ptolemy.moml.MoMLSimpleApplication@494570cc
reloadAllAccessors: .TriangularDistTestModel
----------------- testing Thu May 10 16:13:40 UTC 2018 /home/travis/build/icyphy/ptII/ptolemy/actor/lib/test/auto/TrigFunction.xml
----------------- Instantiating /home/travis/build/icyphy/ptII/ptolemy/actor/lib/test/auto/TrigFunction.xml
1 ms. Memory: 1031168K Free: 449470K (44%)
----------------- Invoking toplevel() on ptolemy.moml.MoMLSimpleApplication@7927e20f
----------------- Done invoking toplevel() on ptolemy.moml.MoMLSimpleApplication@7927e20f
reloadAllAccessors: .TrigFunction
----------------- testing Thu May 10 16:13:40 UTC 2018 /home/travis/build/icyphy/ptII/ptolemy/actor/lib/test/auto/TrigFunctionDE.xml
----------------- Instantiating /home/travis/build/icyphy/ptII/ptolemy/actor/lib/test/auto/TrigFunctionDE.xml
3 ms. Memory: 1031168K Free: 434040K (42%)
----------------- Invoking toplevel() on ptolemy.moml.MoMLSimpleApplication@7cd1d75a
----------------- Done invoking toplevel() on ptolemy.moml.MoMLSimpleApplication@7cd1d75a
reloadAllAccessors: .TrigFunctionDE
----------------- testing Thu May 10 16:13:40 UTC 2018 /home/travis/build/icyphy/ptII/ptolemy/actor/lib/test/auto/TrigFunctionInverse.xml
----------------- Instantiating /home/travis/build/icyphy/ptII/ptolemy/actor/lib/test/auto/TrigFunctionInverse.xml
2 ms. Memory: 1031168K Free: 418611K (41%)
----------------- Invoking toplevel() on ptolemy.moml.MoMLSimpleApplication@74b1acc7
----------------- Done invoking toplevel() on ptolemy.moml.MoMLSimpleApplication@74b1acc7
reloadAllAccessors: .TrigFunctionInverse
----------------- testing Thu May 10 16:13:40 UTC 2018 /home/travis/build/icyphy/ptII/ptolemy/actor/lib/test/auto/TrigFunctionTan.xml
----------------- Instantiating /home/travis/build/icyphy/ptII/ptolemy/actor/lib/test/auto/TrigFunctionTan.xml
2 ms. Memory: 1031168K Free: 403182K (39%)
----------------- Invoking toplevel() on ptolemy.moml.MoMLSimpleApplication@7ed25db7
----------------- Done invoking toplevel() on ptolemy.moml.MoMLSimpleApplication@7ed25db7
reloadAllAccessors: .TrigFunctionTan
----------------- testing Thu May 10 16:13:40 UTC 2018 /home/travis/build/icyphy/ptII/ptolemy/actor/lib/test/auto/TriggeredClock.xml
----------------- Instantiating /home/travis/build/icyphy/ptII/ptolemy/actor/lib/test/auto/TriggeredClock.xml
3 ms. Memory: 1031168K Free: 390799K (38%)
----------------- Invoking toplevel() on ptolemy.moml.MoMLSimpleApplication@68a95754
----------------- Done invoking toplevel() on ptolemy.moml.MoMLSimpleApplication@68a95754
reloadAllAccessors: .TriggeredClock
----------------- testing Thu May 10 16:13:40 UTC 2018 /home/travis/build/icyphy/ptII/ptolemy/actor/lib/test/auto/URLDirectoryReader.xml
----------------- Instantiating /home/travis/build/icyphy/ptII/ptolemy/actor/lib/test/auto/URLDirectoryReader.xml
37 ms. Memory: 1031168K Free: 375370K (36%)
----------------- Invoking toplevel() on ptolemy.moml.MoMLSimpleApplication@71df2f3b
----------------- Done invoking toplevel() on ptolemy.moml.MoMLSimpleApplication@71df2f3b
reloadAllAccessors: .URLDirectoryReader
----------------- testing Thu May 10 16:13:40 UTC 2018 /home/travis/build/icyphy/ptII/ptolemy/actor/lib/test/auto/URLDirectoryReader3.xml
----------------- Instantiating /home/travis/build/icyphy/ptII/ptolemy/actor/lib/test/auto/URLDirectoryReader3.xml
1247 ms. Memory: 1031168K Free: 316598K (31%)
----------------- Invoking toplevel() on ptolemy.moml.MoMLSimpleApplication@701e2023
----------------- Done invoking toplevel() on ptolemy.moml.MoMLSimpleApplication@701e2023
reloadAllAccessors: .URLDirectoryReader3
----------------- testing Thu May 10 16:13:42 UTC 2018 /home/travis/build/icyphy/ptII/ptolemy/actor/lib/test/auto/UnaryMathFunction.xml
----------------- Instantiating /home/travis/build/icyphy/ptII/ptolemy/actor/lib/test/auto/UnaryMathFunction.xml
8 ms. Memory: 1031168K Free: 301169K (29%)
----------------- Invoking toplevel() on ptolemy.moml.MoMLSimpleApplication@bc3b723
----------------- Done invoking toplevel() on ptolemy.moml.MoMLSimpleApplication@bc3b723
reloadAllAccessors: .UnaryMathFunction
----------------- testing Thu May 10 16:13:42 UTC 2018 /home/travis/build/icyphy/ptII/ptolemy/actor/lib/test/auto/Uniform.xml
----------------- Instantiating /home/travis/build/icyphy/ptII/ptolemy/actor/lib/test/auto/Uniform.xml
3 ms. Memory: 1031168K Free: 285740K (28%)
----------------- Invoking toplevel() on ptolemy.moml.MoMLSimpleApplication@1d4cc5a4
----------------- Done invoking toplevel() on ptolemy.moml.MoMLSimpleApplication@1d4cc5a4
reloadAllAccessors: .Uniform
----------------- testing Thu May 10 16:13:42 UTC 2018 /home/travis/build/icyphy/ptII/ptolemy/actor/lib/test/auto/UnionDisassemblerTest.xml
----------------- Instantiating /home/travis/build/icyphy/ptII/ptolemy/actor/lib/test/auto/UnionDisassemblerTest.xml
20 ms. Memory: 1031168K Free: 270311K (26%)
----------------- Invoking toplevel() on ptolemy.moml.MoMLSimpleApplication@77647ac
----------------- Done invoking toplevel() on ptolemy.moml.MoMLSimpleApplication@77647ac
reloadAllAccessors: .UnionDisassemblerTest
----------------- testing Thu May 10 16:13:42 UTC 2018 /home/travis/build/icyphy/ptII/ptolemy/actor/lib/test/auto/UtilityFunctions.xml
----------------- Instantiating /home/travis/build/icyphy/ptII/ptolemy/actor/lib/test/auto/UtilityFunctions.xml
2 ms. Memory: 1031168K Free: 254882K (25%)
----------------- Invoking toplevel() on ptolemy.moml.MoMLSimpleApplication@25336138
----------------- Done invoking toplevel() on ptolemy.moml.MoMLSimpleApplication@25336138
reloadAllAccessors: .UtilityFunctions
----------------- testing Thu May 10 16:13:42 UTC 2018 /home/travis/build/icyphy/ptII/ptolemy/actor/lib/test/auto/VariableSleep.xml
----------------- Instantiating /home/travis/build/icyphy/ptII/ptolemy/actor/lib/test/auto/VariableSleep.xml
507 ms. Memory: 1031168K Free: 239443K (23%)
----------------- Invoking toplevel() on ptolemy.moml.MoMLSimpleApplication@25f67540
----------------- Done invoking toplevel() on ptolemy.moml.MoMLSimpleApplication@25f67540
reloadAllAccessors: .VariableSleep
----------------- testing Thu May 10 16:13:43 UTC 2018 /home/travis/build/icyphy/ptII/ptolemy/actor/lib/test/auto/VectorAssemblerDisassemblerCT.xml
----------------- Instantiating /home/travis/build/icyphy/ptII/ptolemy/actor/lib/test/auto/VectorAssemblerDisassemblerCT.xml
116 ms. Memory: 1031168K Free: 214668K (21%)
----------------- Invoking toplevel() on ptolemy.moml.MoMLSimpleApplication@22476d7c
----------------- Done invoking toplevel() on ptolemy.moml.MoMLSimpleApplication@22476d7c
reloadAllAccessors: .VectorAssemblerDisassemblerCT
----------------- testing Thu May 10 16:13:43 UTC 2018 /home/travis/build/icyphy/ptII/ptolemy/actor/lib/test/auto/VectorAssemblerDisassemblerDE.xml
----------------- Instantiating /home/travis/build/icyphy/ptII/ptolemy/actor/lib/test/auto/VectorAssemblerDisassemblerDE.xml
11 ms. Memory: 1031168K Free: 199239K (19%)
----------------- Invoking toplevel() on ptolemy.moml.MoMLSimpleApplication@12c55f58
----------------- Done invoking toplevel() on ptolemy.moml.MoMLSimpleApplication@12c55f58
reloadAllAccessors: .VectorAssemblerDisassemblerDE
----------------- testing Thu May 10 16:13:43 UTC 2018 /home/travis/build/icyphy/ptII/ptolemy/actor/lib/test/auto/VectorAssemblerDisassemblerSDF.xml
----------------- Instantiating /home/travis/build/icyphy/ptII/ptolemy/actor/lib/test/auto/VectorAssemblerDisassemblerSDF.xml
4 ms. Memory: 1031168K Free: 183809K (18%)
----------------- Invoking toplevel() on ptolemy.moml.MoMLSimpleApplication@5aa13db0
----------------- Done invoking toplevel() on ptolemy.moml.MoMLSimpleApplication@5aa13db0
reloadAllAccessors: .VectorAssemblerDisassemblerSDF
----------------- testing Thu May 10 16:13:43 UTC 2018 /home/travis/build/icyphy/ptII/ptolemy/actor/lib/test/auto/WallClockTime.xml
----------------- Instantiating /home/travis/build/icyphy/ptII/ptolemy/actor/lib/test/auto/WallClockTime.xml
1005 ms. Memory: 1031168K Free: 168380K (16%)
----------------- Invoking toplevel() on ptolemy.moml.MoMLSimpleApplication@21e555d2
----------------- Done invoking toplevel() on ptolemy.moml.MoMLSimpleApplication@21e555d2
reloadAllAccessors: .WallClockTime
----------------- testing Thu May 10 16:13:44 UTC 2018 /home/travis/build/icyphy/ptII/ptolemy/actor/lib/test/auto/WidthTestWithSubscriberPublisher.xml
----------------- Instantiating /home/travis/build/icyphy/ptII/ptolemy/actor/lib/test/auto/WidthTestWithSubscriberPublisher.xml
8 ms. Memory: 1031168K Free: 140535K (14%)
----------------- Invoking toplevel() on ptolemy.moml.MoMLSimpleApplication@102abe26
----------------- Done invoking toplevel() on ptolemy.moml.MoMLSimpleApplication@102abe26
reloadAllAccessors: .WidthTestWithSubscriberPublisher
----------------- testing Thu May 10 16:13:44 UTC 2018 /home/travis/build/icyphy/ptII/ptolemy/actor/lib/test/auto/WidthTestWithSubscriberPublisher2.xml
----------------- Instantiating /home/travis/build/icyphy/ptII/ptolemy/actor/lib/test/auto/WidthTestWithSubscriberPublisher2.xml
3 ms. Memory: 1031168K Free: 125106K (12%)
----------------- Invoking toplevel() on ptolemy.moml.MoMLSimpleApplication@57295310
----------------- Done invoking toplevel() on ptolemy.moml.MoMLSimpleApplication@57295310
reloadAllAccessors: .WidthTestWithSubscriberPublisher2
----------------- testing Thu May 10 16:13:44 UTC 2018 /home/travis/build/icyphy/ptII/ptolemy/actor/lib/test/auto/WidthTestWithSubscriberPublisher3.xml
----------------- Instantiating /home/travis/build/icyphy/ptII/ptolemy/actor/lib/test/auto/WidthTestWithSubscriberPublisher3.xml
2 ms. Memory: 1031168K Free: 109677K (11%)
----------------- Invoking toplevel() on ptolemy.moml.MoMLSimpleApplication@2c4370f8
----------------- Done invoking toplevel() on ptolemy.moml.MoMLSimpleApplication@2c4370f8
reloadAllAccessors: .WidthTestWithSubscriberPublisher3
----------------- testing Thu May 10 16:13:44 UTC 2018 /home/travis/build/icyphy/ptII/ptolemy/actor/lib/test/auto/Writer.xml
----------------- Instantiating /home/travis/build/icyphy/ptII/ptolemy/actor/lib/test/auto/Writer.xml
0
1
2
3
4
2 ms. Memory: 1031168K Free: 97294K (9%)
----------------- Invoking toplevel() on ptolemy.moml.MoMLSimpleApplication@f9f90b7
----------------- Done invoking toplevel() on ptolemy.moml.MoMLSimpleApplication@f9f90b7
reloadAllAccessors: .Writer
----------------- testing Thu May 10 16:13:44 UTC 2018 /home/travis/build/icyphy/ptII/ptolemy/actor/lib/test/auto/array.xml
----------------- Instantiating /home/travis/build/icyphy/ptII/ptolemy/actor/lib/test/auto/array.xml
4 ms. Memory: 1031168K Free: 81865K (8%)
----------------- Invoking toplevel() on ptolemy.moml.MoMLSimpleApplication@1b091522
----------------- Done invoking toplevel() on ptolemy.moml.MoMLSimpleApplication@1b091522
reloadAllAccessors: .array
----------------- testing Thu May 10 16:13:44 UTC 2018 /home/travis/build/icyphy/ptII/ptolemy/actor/lib/test/auto/array2.xml
----------------- Instantiating /home/travis/build/icyphy/ptII/ptolemy/actor/lib/test/auto/array2.xml
3 ms. Memory: 1031168K Free: 66436K (6%)
----------------- Invoking toplevel() on ptolemy.moml.MoMLSimpleApplication@2c261b8c
----------------- Done invoking toplevel() on ptolemy.moml.MoMLSimpleApplication@2c261b8c
reloadAllAccessors: .array2
----------------- testing Thu May 10 16:13:44 UTC 2018 /home/travis/build/icyphy/ptII/ptolemy/actor/lib/test/auto/arrayType.xml
----------------- Instantiating /home/travis/build/icyphy/ptII/ptolemy/actor/lib/test/auto/arrayType.xml
9 ms. Memory: 1041408K Free: 982012K (94%)
----------------- Invoking toplevel() on ptolemy.moml.MoMLSimpleApplication@345dadb0
----------------- Done invoking toplevel() on ptolemy.moml.MoMLSimpleApplication@345dadb0
reloadAllAccessors: .arrayType
----------------- testing Thu May 10 16:13:44 UTC 2018 /home/travis/build/icyphy/ptII/ptolemy/actor/lib/test/auto/arrayType10.xml
----------------- Instantiating /home/travis/build/icyphy/ptII/ptolemy/actor/lib/test/auto/arrayType10.xml
1 ms. Memory: 1041408K Free: 969765K (93%)
----------------- Invoking toplevel() on ptolemy.moml.MoMLSimpleApplication@4422d834
----------------- Done invoking toplevel() on ptolemy.moml.MoMLSimpleApplication@4422d834
reloadAllAccessors: .arrayType10
----------------- testing Thu May 10 16:13:44 UTC 2018 /home/travis/build/icyphy/ptII/ptolemy/actor/lib/test/auto/arrayType11.xml
----------------- Instantiating /home/travis/build/icyphy/ptII/ptolemy/actor/lib/test/auto/arrayType11.xml
1 ms. Memory: 1041408K Free: 957517K (92%)
----------------- Invoking toplevel() on ptolemy.moml.MoMLSimpleApplication@457d7072
----------------- Done invoking toplevel() on ptolemy.moml.MoMLSimpleApplication@457d7072
reloadAllAccessors: .arrayType11
----------------- testing Thu May 10 16:13:44 UTC 2018 /home/travis/build/icyphy/ptII/ptolemy/actor/lib/test/auto/arrayType12.xml
----------------- Instantiating /home/travis/build/icyphy/ptII/ptolemy/actor/lib/test/auto/arrayType12.xml
2 ms. Memory: 1041408K Free: 945270K (91%)
----------------- Invoking toplevel() on ptolemy.moml.MoMLSimpleApplication@402d2f93
----------------- Done invoking toplevel() on ptolemy.moml.MoMLSimpleApplication@402d2f93
reloadAllAccessors: .arrayType12
----------------- testing Thu May 10 16:13:44 UTC 2018 /home/travis/build/icyphy/ptII/ptolemy/actor/lib/test/auto/arrayType13.xml
----------------- Instantiating /home/travis/build/icyphy/ptII/ptolemy/actor/lib/test/auto/arrayType13.xml
2 ms. Memory: 1041408K Free: 933022K (90%)
----------------- Invoking toplevel() on ptolemy.moml.MoMLSimpleApplication@284c483d
----------------- Done invoking toplevel() on ptolemy.moml.MoMLSimpleApplication@284c483d
reloadAllAccessors: .arrayType13
----------------- testing Thu May 10 16:13:44 UTC 2018 /home/travis/build/icyphy/ptII/ptolemy/actor/lib/test/auto/arrayType14.xml
----------------- Instantiating /home/travis/build/icyphy/ptII/ptolemy/actor/lib/test/auto/arrayType14.xml
4 ms. Memory: 1041408K Free: 920775K (88%)
----------------- Invoking toplevel() on ptolemy.moml.MoMLSimpleApplication@5b46732d
----------------- Done invoking toplevel() on ptolemy.moml.MoMLSimpleApplication@5b46732d
reloadAllAccessors: .arrayType14
----------------- testing Thu May 10 16:13:44 UTC 2018 /home/travis/build/icyphy/ptII/ptolemy/actor/lib/test/auto/arrayType15.xml
----------------- Instantiating /home/travis/build/icyphy/ptII/ptolemy/actor/lib/test/auto/arrayType15.xml
3 ms. Memory: 1041408K Free: 908527K (87%)
----------------- Invoking toplevel() on ptolemy.moml.MoMLSimpleApplication@536052cc
----------------- Done invoking toplevel() on ptolemy.moml.MoMLSimpleApplication@536052cc
reloadAllAccessors: .arrayType15
----------------- testing Thu May 10 16:13:44 UTC 2018 /home/travis/build/icyphy/ptII/ptolemy/actor/lib/test/auto/arrayType16.xml
----------------- Instantiating /home/travis/build/icyphy/ptII/ptolemy/actor/lib/test/auto/arrayType16.xml
2 ms. Memory: 1041408K Free: 896280K (86%)
----------------- Invoking toplevel() on ptolemy.moml.MoMLSimpleApplication@776ee61
----------------- Done invoking toplevel() on ptolemy.moml.MoMLSimpleApplication@776ee61
reloadAllAccessors: .arrayType16
----------------- testing Thu May 10 16:13:44 UTC 2018 /home/travis/build/icyphy/ptII/ptolemy/actor/lib/test/auto/arrayType17.xml
----------------- Instantiating /home/travis/build/icyphy/ptII/ptolemy/actor/lib/test/auto/arrayType17.xml
2 ms. Memory: 1041408K Free: 884032K (85%)
----------------- Invoking toplevel() on ptolemy.moml.MoMLSimpleApplication@68792a01
----------------- Done invoking toplevel() on ptolemy.moml.MoMLSimpleApplication@68792a01
reloadAllAccessors: .arrayType17
----------------- testing Thu May 10 16:13:44 UTC 2018 /home/travis/build/icyphy/ptII/ptolemy/actor/lib/test/auto/arrayType18.xml
----------------- Instantiating /home/travis/build/icyphy/ptII/ptolemy/actor/lib/test/auto/arrayType18.xml
2 ms. Memory: 1041408K Free: 871784K (84%)
----------------- Invoking toplevel() on ptolemy.moml.MoMLSimpleApplication@38095880
----------------- Done invoking toplevel() on ptolemy.moml.MoMLSimpleApplication@38095880
reloadAllAccessors: .arrayType18
----------------- testing Thu May 10 16:13:44 UTC 2018 /home/travis/build/icyphy/ptII/ptolemy/actor/lib/test/auto/arrayType19.xml
----------------- Instantiating /home/travis/build/icyphy/ptII/ptolemy/actor/lib/test/auto/arrayType19.xml
1 ms. Memory: 1041408K Free: 862497K (83%)
----------------- Invoking toplevel() on ptolemy.moml.MoMLSimpleApplication@5c07e873
----------------- Done invoking toplevel() on ptolemy.moml.MoMLSimpleApplication@5c07e873
reloadAllAccessors: .arrayType19
----------------- testing Thu May 10 16:13:44 UTC 2018 /home/travis/build/icyphy/ptII/ptolemy/actor/lib/test/auto/arrayType2.xml
----------------- Instantiating /home/travis/build/icyphy/ptII/ptolemy/actor/lib/test/auto/arrayType2.xml
2 ms. Memory: 1041408K Free: 850249K (82%)
----------------- Invoking toplevel() on ptolemy.moml.MoMLSimpleApplication@60878f33
----------------- Done invoking toplevel() on ptolemy.moml.MoMLSimpleApplication@60878f33
reloadAllAccessors: .arrayType2
----------------- testing Thu May 10 16:13:44 UTC 2018 /home/travis/build/icyphy/ptII/ptolemy/actor/lib/test/auto/arrayType20.xml
----------------- Instantiating /home/travis/build/icyphy/ptII/ptolemy/actor/lib/test/auto/arrayType20.xml
2 ms. Memory: 1041408K Free: 838001K (80%)
----------------- Invoking toplevel() on ptolemy.moml.MoMLSimpleApplication@2df93047
----------------- Done invoking toplevel() on ptolemy.moml.MoMLSimpleApplication@2df93047
reloadAllAccessors: .arrayType20
----------------- testing Thu May 10 16:13:44 UTC 2018 /home/travis/build/icyphy/ptII/ptolemy/actor/lib/test/auto/arrayType21.xml
----------------- Instantiating /home/travis/build/icyphy/ptII/ptolemy/actor/lib/test/auto/arrayType21.xml
2 ms. Memory: 1041408K Free: 825754K (79%)
----------------- Invoking toplevel() on ptolemy.moml.MoMLSimpleApplication@3297fe40
----------------- Done invoking toplevel() on ptolemy.moml.MoMLSimpleApplication@3297fe40
reloadAllAccessors: .arrayType21
----------------- testing Thu May 10 16:13:44 UTC 2018 /home/travis/build/icyphy/ptII/ptolemy/actor/lib/test/auto/arrayType22.xml
----------------- Instantiating /home/travis/build/icyphy/ptII/ptolemy/actor/lib/test/auto/arrayType22.xml
4 ms. Memory: 1041408K Free: 813500K (78%)
----------------- Invoking toplevel() on ptolemy.moml.MoMLSimpleApplication@35627f5e
----------------- Done invoking toplevel() on ptolemy.moml.MoMLSimpleApplication@35627f5e
reloadAllAccessors: .arrayType22
----------------- testing Thu May 10 16:13:44 UTC 2018 /home/travis/build/icyphy/ptII/ptolemy/actor/lib/test/auto/arrayType23.xml
----------------- Instantiating /home/travis/build/icyphy/ptII/ptolemy/actor/lib/test/auto/arrayType23.xml
2 ms. Memory: 1041408K Free: 801252K (77%)
----------------- Invoking toplevel() on ptolemy.moml.MoMLSimpleApplication@62c3c41d
----------------- Done invoking toplevel() on ptolemy.moml.MoMLSimpleApplication@62c3c41d
reloadAllAccessors: .arrayType23
----------------- testing Thu May 10 16:13:44 UTC 2018 /home/travis/build/icyphy/ptII/ptolemy/actor/lib/test/auto/arrayType24.xml
----------------- Instantiating /home/travis/build/icyphy/ptII/ptolemy/actor/lib/test/auto/arrayType24.xml
2 ms. Memory: 1041408K Free: 789005K (76%)
----------------- Invoking toplevel() on ptolemy.moml.MoMLSimpleApplication@2d5cbdd7
----------------- Done invoking toplevel() on ptolemy.moml.MoMLSimpleApplication@2d5cbdd7
reloadAllAccessors: .arrayType24
----------------- testing Thu May 10 16:13:44 UTC 2018 /home/travis/build/icyphy/ptII/ptolemy/actor/lib/test/auto/arrayType25.xml
----------------- Instantiating /home/travis/build/icyphy/ptII/ptolemy/actor/lib/test/auto/arrayType25.xml
2 ms. Memory: 1041408K Free: 776757K (75%)
----------------- Invoking toplevel() on ptolemy.moml.MoMLSimpleApplication@1a82e8c4
----------------- Done invoking toplevel() on ptolemy.moml.MoMLSimpleApplication@1a82e8c4
reloadAllAccessors: .arrayType25
----------------- testing Thu May 10 16:13:44 UTC 2018 /home/travis/build/icyphy/ptII/ptolemy/actor/lib/test/auto/arrayType26.xml
----------------- Instantiating /home/travis/build/icyphy/ptII/ptolemy/actor/lib/test/auto/arrayType26.xml
2 ms. Memory: 1041408K Free: 764510K (73%)
----------------- Invoking toplevel() on ptolemy.moml.MoMLSimpleApplication@6f712e82
----------------- Done invoking toplevel() on ptolemy.moml.MoMLSimpleApplication@6f712e82
reloadAllAccessors: .arrayType26
----------------- testing Thu May 10 16:13:44 UTC 2018 /home/travis/build/icyphy/ptII/ptolemy/actor/lib/test/auto/arrayType27.xml
----------------- Instantiating /home/travis/build/icyphy/ptII/ptolemy/actor/lib/test/auto/arrayType27.xml
2 ms. Memory: 1041408K Free: 752262K (72%)
----------------- Invoking toplevel() on ptolemy.moml.MoMLSimpleApplication@41713deb
----------------- Done invoking toplevel() on ptolemy.moml.MoMLSimpleApplication@41713deb
reloadAllAccessors: .arrayType27
----------------- testing Thu May 10 16:13:44 UTC 2018 /home/travis/build/icyphy/ptII/ptolemy/actor/lib/test/auto/arrayType28.xml
----------------- Instantiating /home/travis/build/icyphy/ptII/ptolemy/actor/lib/test/auto/arrayType28.xml
2 ms. Memory: 1041408K Free: 740015K (71%)
----------------- Invoking toplevel() on ptolemy.moml.MoMLSimpleApplication@2f6f1417
----------------- Done invoking toplevel() on ptolemy.moml.MoMLSimpleApplication@2f6f1417
reloadAllAccessors: .arrayType28
----------------- testing Thu May 10 16:13:44 UTC 2018 /home/travis/build/icyphy/ptII/ptolemy/actor/lib/test/auto/arrayType3.xml
----------------- Instantiating /home/travis/build/icyphy/ptII/ptolemy/actor/lib/test/auto/arrayType3.xml
2 ms. Memory: 1041408K Free: 730727K (70%)
----------------- Invoking toplevel() on ptolemy.moml.MoMLSimpleApplication@41c86c59
----------------- Done invoking toplevel() on ptolemy.moml.MoMLSimpleApplication@41c86c59
reloadAllAccessors: .arrayType3
----------------- testing Thu May 10 16:13:44 UTC 2018 /home/travis/build/icyphy/ptII/ptolemy/actor/lib/test/auto/arrayType4.xml
----------------- Instantiating /home/travis/build/icyphy/ptII/ptolemy/actor/lib/test/auto/arrayType4.xml
2 ms. Memory: 1041408K Free: 718479K (69%)
----------------- Invoking toplevel() on ptolemy.moml.MoMLSimpleApplication@36116694
----------------- Done invoking toplevel() on ptolemy.moml.MoMLSimpleApplication@36116694
reloadAllAccessors: .arrayType4
----------------- testing Thu May 10 16:13:44 UTC 2018 /home/travis/build/icyphy/ptII/ptolemy/actor/lib/test/auto/arrayType5.xml
----------------- Instantiating /home/travis/build/icyphy/ptII/ptolemy/actor/lib/test/auto/arrayType5.xml
2 ms. Memory: 1041408K Free: 706231K (68%)
----------------- Invoking toplevel() on ptolemy.moml.MoMLSimpleApplication@78663280
----------------- Done invoking toplevel() on ptolemy.moml.MoMLSimpleApplication@78663280
reloadAllAccessors: .arrayType5
----------------- testing Thu May 10 16:13:44 UTC 2018 /home/travis/build/icyphy/ptII/ptolemy/actor/lib/test/auto/arrayType6.xml
----------------- Instantiating /home/travis/build/icyphy/ptII/ptolemy/actor/lib/test/auto/arrayType6.xml
2 ms. Memory: 1041408K Free: 693984K (67%)
----------------- Invoking toplevel() on ptolemy.moml.MoMLSimpleApplication@1737ce4
----------------- Done invoking toplevel() on ptolemy.moml.MoMLSimpleApplication@1737ce4
reloadAllAccessors: .arrayType6
----------------- testing Thu May 10 16:13:44 UTC 2018 /home/travis/build/icyphy/ptII/ptolemy/actor/lib/test/auto/arrayType7.xml
----------------- Instantiating /home/travis/build/icyphy/ptII/ptolemy/actor/lib/test/auto/arrayType7.xml
2 ms. Memory: 1041408K Free: 681735K (65%)
----------------- Invoking toplevel() on ptolemy.moml.MoMLSimpleApplication@61601ed8
----------------- Done invoking toplevel() on ptolemy.moml.MoMLSimpleApplication@61601ed8
reloadAllAccessors: .arrayType7
----------------- testing Thu May 10 16:13:44 UTC 2018 /home/travis/build/icyphy/ptII/ptolemy/actor/lib/test/auto/arrayType8.xml
----------------- Instantiating /home/travis/build/icyphy/ptII/ptolemy/actor/lib/test/auto/arrayType8.xml
3 ms. Memory: 1041408K Free: 669487K (64%)
----------------- Invoking toplevel() on ptolemy.moml.MoMLSimpleApplication@5048d1
----------------- Done invoking toplevel() on ptolemy.moml.MoMLSimpleApplication@5048d1
reloadAllAccessors: .arrayType8
----------------- testing Thu May 10 16:13:45 UTC 2018 /home/travis/build/icyphy/ptII/ptolemy/actor/lib/test/auto/arrayType9.xml
----------------- Instantiating /home/travis/build/icyphy/ptII/ptolemy/actor/lib/test/auto/arrayType9.xml
1 ms. Memory: 1041408K Free: 657239K (63%)
----------------- Invoking toplevel() on ptolemy.moml.MoMLSimpleApplication@713b0dfa
----------------- Done invoking toplevel() on ptolemy.moml.MoMLSimpleApplication@713b0dfa
reloadAllAccessors: .arrayType9
----------------- testing Thu May 10 16:13:45 UTC 2018 /home/travis/build/icyphy/ptII/ptolemy/actor/lib/test/auto/cast.xml
----------------- Instantiating /home/travis/build/icyphy/ptII/ptolemy/actor/lib/test/auto/cast.xml
2 ms. Memory: 1041408K Free: 644992K (62%)
----------------- Invoking toplevel() on ptolemy.moml.MoMLSimpleApplication@316f840d
----------------- Done invoking toplevel() on ptolemy.moml.MoMLSimpleApplication@316f840d
reloadAllAccessors: .cast
----------------- testing Thu May 10 16:13:45 UTC 2018 /home/travis/build/icyphy/ptII/ptolemy/actor/lib/test/auto/compositeMultiPort.xml
----------------- Instantiating /home/travis/build/icyphy/ptII/ptolemy/actor/lib/test/auto/compositeMultiPort.xml
3 ms. Memory: 1041408K Free: 628092K (60%)
----------------- Invoking toplevel() on ptolemy.moml.MoMLSimpleApplication@32cc491b
----------------- Done invoking toplevel() on ptolemy.moml.MoMLSimpleApplication@32cc491b
reloadAllAccessors: .compositeMultiPort
----------------- testing Thu May 10 16:13:45 UTC 2018 /home/travis/build/icyphy/ptII/ptolemy/actor/lib/test/auto/expressionCastInference.xml
----------------- Instantiating /home/travis/build/icyphy/ptII/ptolemy/actor/lib/test/auto/expressionCastInference.xml
2 ms. Memory: 1041408K Free: 615845K (59%)
----------------- Invoking toplevel() on ptolemy.moml.MoMLSimpleApplication@359b84e9
----------------- Done invoking toplevel() on ptolemy.moml.MoMLSimpleApplication@359b84e9
reloadAllAccessors: .expressionCastInference
----------------- testing Thu May 10 16:13:45 UTC 2018 /home/travis/build/icyphy/ptII/ptolemy/actor/lib/test/auto/expressionCastInference2.xml
----------------- Instantiating /home/travis/build/icyphy/ptII/ptolemy/actor/lib/test/auto/expressionCastInference2.xml
2 ms. Memory: 1041408K Free: 606557K (58%)
----------------- Invoking toplevel() on ptolemy.moml.MoMLSimpleApplication@96eadfc
----------------- Done invoking toplevel() on ptolemy.moml.MoMLSimpleApplication@96eadfc
reloadAllAccessors: .expressionCastInference2
----------------- testing Thu May 10 16:13:45 UTC 2018 /home/travis/build/icyphy/ptII/ptolemy/actor/lib/test/auto/expressionInference.xml
----------------- Instantiating /home/travis/build/icyphy/ptII/ptolemy/actor/lib/test/auto/expressionInference.xml
1 ms. Memory: 1041408K Free: 594309K (57%)
----------------- Invoking toplevel() on ptolemy.moml.MoMLSimpleApplication@261efe0c
----------------- Done invoking toplevel() on ptolemy.moml.MoMLSimpleApplication@261efe0c
reloadAllAccessors: .expressionInference
----------------- testing Thu May 10 16:13:45 UTC 2018 /home/travis/build/icyphy/ptII/ptolemy/actor/lib/test/auto/expression_bug.xml
----------------- Instantiating /home/travis/build/icyphy/ptII/ptolemy/actor/lib/test/auto/expression_bug.xml
1 ms. Memory: 1041408K Free: 582062K (56%)
----------------- Invoking toplevel() on ptolemy.moml.MoMLSimpleApplication@f715c3f
----------------- Done invoking toplevel() on ptolemy.moml.MoMLSimpleApplication@f715c3f
reloadAllAccessors: .expression_bug
----------------- testing Thu May 10 16:13:45 UTC 2018 /home/travis/build/icyphy/ptII/ptolemy/actor/lib/test/auto/factorial.xml
----------------- Instantiating /home/travis/build/icyphy/ptII/ptolemy/actor/lib/test/auto/factorial.xml
56 ms. Memory: 1041408K Free: 569814K (55%)
----------------- Invoking toplevel() on ptolemy.moml.MoMLSimpleApplication@580eaaf3
----------------- Done invoking toplevel() on ptolemy.moml.MoMLSimpleApplication@580eaaf3
reloadAllAccessors: .factorial
----------------- testing Thu May 10 16:13:45 UTC 2018 /home/travis/build/icyphy/ptII/ptolemy/actor/lib/test/auto/filterTest1.xml
----------------- Instantiating /home/travis/build/icyphy/ptII/ptolemy/actor/lib/test/auto/filterTest1.xml
6 ms. Memory: 1041408K Free: 557567K (54%)
----------------- Invoking toplevel() on ptolemy.moml.MoMLSimpleApplication@6e9e5b1
----------------- Done invoking toplevel() on ptolemy.moml.MoMLSimpleApplication@6e9e5b1
reloadAllAccessors: .filterTest1
----------------- testing Thu May 10 16:13:45 UTC 2018 /home/travis/build/icyphy/ptII/ptolemy/actor/lib/test/auto/funcApplyInConst.xml
----------------- Instantiating /home/travis/build/icyphy/ptII/ptolemy/actor/lib/test/auto/funcApplyInConst.xml
1 ms. Memory: 1041408K Free: 545319K (52%)
----------------- Invoking toplevel() on ptolemy.moml.MoMLSimpleApplication@81683c4
----------------- Done invoking toplevel() on ptolemy.moml.MoMLSimpleApplication@81683c4
reloadAllAccessors: .funcApplyInConst
----------------- testing Thu May 10 16:13:45 UTC 2018 /home/travis/build/icyphy/ptII/ptolemy/actor/lib/test/auto/funcApplyInExpr.xml
----------------- Instantiating /home/travis/build/icyphy/ptII/ptolemy/actor/lib/test/auto/funcApplyInExpr.xml
1 ms. Memory: 1041408K Free: 533072K (51%)
----------------- Invoking toplevel() on ptolemy.moml.MoMLSimpleApplication@476cccd2
----------------- Done invoking toplevel() on ptolemy.moml.MoMLSimpleApplication@476cccd2
reloadAllAccessors: .funcApplyInExpr
----------------- testing Thu May 10 16:13:45 UTC 2018 /home/travis/build/icyphy/ptII/ptolemy/actor/lib/test/auto/function.xml
----------------- Instantiating /home/travis/build/icyphy/ptII/ptolemy/actor/lib/test/auto/function.xml
2 ms. Memory: 1041408K Free: 520824K (50%)
----------------- Invoking toplevel() on ptolemy.moml.MoMLSimpleApplication@1ed2f874
----------------- Done invoking toplevel() on ptolemy.moml.MoMLSimpleApplication@1ed2f874
reloadAllAccessors: .function
----------------- testing Thu May 10 16:13:45 UTC 2018 /home/travis/build/icyphy/ptII/ptolemy/actor/lib/test/auto/function2.xml
----------------- Instantiating /home/travis/build/icyphy/ptII/ptolemy/actor/lib/test/auto/function2.xml
2 ms. Memory: 1041408K Free: 508577K (49%)
----------------- Invoking toplevel() on ptolemy.moml.MoMLSimpleApplication@5a6bba94
----------------- Done invoking toplevel() on ptolemy.moml.MoMLSimpleApplication@5a6bba94
reloadAllAccessors: .function2
----------------- testing Thu May 10 16:13:45 UTC 2018 /home/travis/build/icyphy/ptII/ptolemy/actor/lib/test/auto/function3.xml
----------------- Instantiating /home/travis/build/icyphy/ptII/ptolemy/actor/lib/test/auto/function3.xml
1 ms. Memory: 1041408K Free: 496329K (48%)
----------------- Invoking toplevel() on ptolemy.moml.MoMLSimpleApplication@476dc0da
----------------- Done invoking toplevel() on ptolemy.moml.MoMLSimpleApplication@476dc0da
reloadAllAccessors: .function3
----------------- testing Thu May 10 16:13:45 UTC 2018 /home/travis/build/icyphy/ptII/ptolemy/actor/lib/test/auto/functionClosureTest1.xml
----------------- Instantiating /home/travis/build/icyphy/ptII/ptolemy/actor/lib/test/auto/functionClosureTest1.xml
2 ms. Memory: 1041408K Free: 484082K (46%)
----------------- Invoking toplevel() on ptolemy.moml.MoMLSimpleApplication@21f03264
----------------- Done invoking toplevel() on ptolemy.moml.MoMLSimpleApplication@21f03264
reloadAllAccessors: .functionClosureTest1
----------------- testing Thu May 10 16:13:45 UTC 2018 /home/travis/build/icyphy/ptII/ptolemy/actor/lib/test/auto/functionClosureTest2.xml
----------------- Instantiating /home/travis/build/icyphy/ptII/ptolemy/actor/lib/test/auto/functionClosureTest2.xml
2 ms. Memory: 1041408K Free: 471834K (45%)
----------------- Invoking toplevel() on ptolemy.moml.MoMLSimpleApplication@41605550
----------------- Done invoking toplevel() on ptolemy.moml.MoMLSimpleApplication@41605550
reloadAllAccessors: .functionClosureTest2
----------------- testing Thu May 10 16:13:45 UTC 2018 /home/travis/build/icyphy/ptII/ptolemy/actor/lib/test/auto/functionClosureTest3.xml
----------------- Instantiating /home/travis/build/icyphy/ptII/ptolemy/actor/lib/test/auto/functionClosureTest3.xml
2 ms. Memory: 1041408K Free: 462546K (44%)
----------------- Invoking toplevel() on ptolemy.moml.MoMLSimpleApplication@5a89d91a
----------------- Done invoking toplevel() on ptolemy.moml.MoMLSimpleApplication@5a89d91a
reloadAllAccessors: .functionClosureTest3
----------------- testing Thu May 10 16:13:45 UTC 2018 /home/travis/build/icyphy/ptII/ptolemy/actor/lib/test/auto/functionClosureTest4.xml
----------------- Instantiating /home/travis/build/icyphy/ptII/ptolemy/actor/lib/test/auto/functionClosureTest4.xml
3 ms. Memory: 1041408K Free: 450299K (43%)
----------------- Invoking toplevel() on ptolemy.moml.MoMLSimpleApplication@1f83b90
----------------- Done invoking toplevel() on ptolemy.moml.MoMLSimpleApplication@1f83b90
reloadAllAccessors: .functionClosureTest4
----------------- testing Thu May 10 16:13:45 UTC 2018 /home/travis/build/icyphy/ptII/ptolemy/actor/lib/test/auto/functionClosureTest5.xml
----------------- Instantiating /home/travis/build/icyphy/ptII/ptolemy/actor/lib/test/auto/functionClosureTest5.xml
5 ms. Memory: 1041408K Free: 438051K (42%)
----------------- Invoking toplevel() on ptolemy.moml.MoMLSimpleApplication@3bc90773
----------------- Done invoking toplevel() on ptolemy.moml.MoMLSimpleApplication@3bc90773
reloadAllAccessors: .functionClosureTest5
----------------- testing Thu May 10 16:13:45 UTC 2018 /home/travis/build/icyphy/ptII/ptolemy/actor/lib/test/auto/functionClosureTest6.xml
----------------- Instantiating /home/travis/build/icyphy/ptII/ptolemy/actor/lib/test/auto/functionClosureTest6.xml
2 ms. Memory: 1041408K Free: 425804K (41%)
----------------- Invoking toplevel() on ptolemy.moml.MoMLSimpleApplication@43faf2ce
----------------- Done invoking toplevel() on ptolemy.moml.MoMLSimpleApplication@43faf2ce
reloadAllAccessors: .functionClosureTest6
----------------- testing Thu May 10 16:13:45 UTC 2018 /home/travis/build/icyphy/ptII/ptolemy/actor/lib/test/auto/functionsOnArcs.xml
----------------- Instantiating /home/travis/build/icyphy/ptII/ptolemy/actor/lib/test/auto/functionsOnArcs.xml
2 ms. Memory: 1041408K Free: 413556K (40%)
----------------- Invoking toplevel() on ptolemy.moml.MoMLSimpleApplication@77e5405e
----------------- Done invoking toplevel() on ptolemy.moml.MoMLSimpleApplication@77e5405e
reloadAllAccessors: .functionsOnArcs
----------------- testing Thu May 10 16:13:45 UTC 2018 /home/travis/build/icyphy/ptII/ptolemy/actor/lib/test/auto/functionsOnArcsHOF.xml
----------------- Instantiating /home/travis/build/icyphy/ptII/ptolemy/actor/lib/test/auto/functionsOnArcsHOF.xml
8 ms. Memory: 1041408K Free: 401309K (39%)
----------------- Invoking toplevel() on ptolemy.moml.MoMLSimpleApplication@76f5f19e
----------------- Done invoking toplevel() on ptolemy.moml.MoMLSimpleApplication@76f5f19e
reloadAllAccessors: .functionsOnArcsHOF
----------------- testing Thu May 10 16:13:45 UTC 2018 /home/travis/build/icyphy/ptII/ptolemy/actor/lib/test/auto/logic.xml
----------------- Instantiating /home/travis/build/icyphy/ptII/ptolemy/actor/lib/test/auto/logic.xml
2 ms. Memory: 1041408K Free: 384409K (37%)
----------------- Invoking toplevel() on ptolemy.moml.MoMLSimpleApplication@609fb8ca
----------------- Done invoking toplevel() on ptolemy.moml.MoMLSimpleApplication@609fb8ca
reloadAllAccessors: .logic
----------------- testing Thu May 10 16:13:45 UTC 2018 /home/travis/build/icyphy/ptII/ptolemy/actor/lib/test/auto/matrixType.xml
----------------- Instantiating /home/travis/build/icyphy/ptII/ptolemy/actor/lib/test/auto/matrixType.xml
2 ms. Memory: 1041408K Free: 372162K (36%)
----------------- Invoking toplevel() on ptolemy.moml.MoMLSimpleApplication@c42e959
----------------- Done invoking toplevel() on ptolemy.moml.MoMLSimpleApplication@c42e959
reloadAllAccessors: .matrixType
----------------- testing Thu May 10 16:13:45 UTC 2018 /home/travis/build/icyphy/ptII/ptolemy/actor/lib/test/auto/matrixType10.xml
----------------- Instantiating /home/travis/build/icyphy/ptII/ptolemy/actor/lib/test/auto/matrixType10.xml
2 ms. Memory: 1041408K Free: 359914K (35%)
----------------- Invoking toplevel() on ptolemy.moml.MoMLSimpleApplication@622ad8ff
----------------- Done invoking toplevel() on ptolemy.moml.MoMLSimpleApplication@622ad8ff
reloadAllAccessors: .matrixType10
----------------- testing Thu May 10 16:13:45 UTC 2018 /home/travis/build/icyphy/ptII/ptolemy/actor/lib/test/auto/matrixType11.xml
----------------- Instantiating /home/travis/build/icyphy/ptII/ptolemy/actor/lib/test/auto/matrixType11.xml
2 ms. Memory: 1041408K Free: 347666K (33%)
----------------- Invoking toplevel() on ptolemy.moml.MoMLSimpleApplication@50e62fe3
----------------- Done invoking toplevel() on ptolemy.moml.MoMLSimpleApplication@50e62fe3
reloadAllAccessors: .matrixType11
----------------- testing Thu May 10 16:13:45 UTC 2018 /home/travis/build/icyphy/ptII/ptolemy/actor/lib/test/auto/matrixType12.xml
----------------- Instantiating /home/travis/build/icyphy/ptII/ptolemy/actor/lib/test/auto/matrixType12.xml
2 ms. Memory: 1041408K Free: 335419K (32%)
----------------- Invoking toplevel() on ptolemy.moml.MoMLSimpleApplication@3d100bd7
----------------- Done invoking toplevel() on ptolemy.moml.MoMLSimpleApplication@3d100bd7
reloadAllAccessors: .matrixType12
----------------- testing Thu May 10 16:13:45 UTC 2018 /home/travis/build/icyphy/ptII/ptolemy/actor/lib/test/auto/matrixType13.xml
----------------- Instantiating /home/travis/build/icyphy/ptII/ptolemy/actor/lib/test/auto/matrixType13.xml
2 ms. Memory: 1041408K Free: 323171K (31%)
----------------- Invoking toplevel() on ptolemy.moml.MoMLSimpleApplication@7708d5bd
----------------- Done invoking toplevel() on ptolemy.moml.MoMLSimpleApplication@7708d5bd
reloadAllAccessors: .matrixType13
----------------- testing Thu May 10 16:13:45 UTC 2018 /home/travis/build/icyphy/ptII/ptolemy/actor/lib/test/auto/matrixType14.xml
----------------- Instantiating /home/travis/build/icyphy/ptII/ptolemy/actor/lib/test/auto/matrixType14.xml
2 ms. Memory: 1041408K Free: 313884K (30%)
----------------- Invoking toplevel() on ptolemy.moml.MoMLSimpleApplication@62d88dc2
----------------- Done invoking toplevel() on ptolemy.moml.MoMLSimpleApplication@62d88dc2
reloadAllAccessors: .matrixType14
----------------- testing Thu May 10 16:13:45 UTC 2018 /home/travis/build/icyphy/ptII/ptolemy/actor/lib/test/auto/matrixType2.xml
----------------- Instantiating /home/travis/build/icyphy/ptII/ptolemy/actor/lib/test/auto/matrixType2.xml
1 ms. Memory: 1041408K Free: 301636K (29%)
----------------- Invoking toplevel() on ptolemy.moml.MoMLSimpleApplication@3c34d5f9
----------------- Done invoking toplevel() on ptolemy.moml.MoMLSimpleApplication@3c34d5f9
reloadAllAccessors: .matrixType2
----------------- testing Thu May 10 16:13:45 UTC 2018 /home/travis/build/icyphy/ptII/ptolemy/actor/lib/test/auto/matrixType3.xml
----------------- Instantiating /home/travis/build/icyphy/ptII/ptolemy/actor/lib/test/auto/matrixType3.xml
1 ms. Memory: 1041408K Free: 289389K (28%)
----------------- Invoking toplevel() on ptolemy.moml.MoMLSimpleApplication@3ca914d5
----------------- Done invoking toplevel() on ptolemy.moml.MoMLSimpleApplication@3ca914d5
reloadAllAccessors: .matrixType3
----------------- testing Thu May 10 16:13:45 UTC 2018 /home/travis/build/icyphy/ptII/ptolemy/actor/lib/test/auto/matrixType4.xml
----------------- Instantiating /home/travis/build/icyphy/ptII/ptolemy/actor/lib/test/auto/matrixType4.xml
2 ms. Memory: 1041408K Free: 277141K (27%)
----------------- Invoking toplevel() on ptolemy.moml.MoMLSimpleApplication@11b3d1fa
----------------- Done invoking toplevel() on ptolemy.moml.MoMLSimpleApplication@11b3d1fa
reloadAllAccessors: .matrixType4
----------------- testing Thu May 10 16:13:45 UTC 2018 /home/travis/build/icyphy/ptII/ptolemy/actor/lib/test/auto/matrixType5.xml
----------------- Instantiating /home/travis/build/icyphy/ptII/ptolemy/actor/lib/test/auto/matrixType5.xml
1 ms. Memory: 1041408K Free: 264893K (25%)
----------------- Invoking toplevel() on ptolemy.moml.MoMLSimpleApplication@1e324b76
----------------- Done invoking toplevel() on ptolemy.moml.MoMLSimpleApplication@1e324b76
reloadAllAccessors: .matrixType5
----------------- testing Thu May 10 16:13:45 UTC 2018 /home/travis/build/icyphy/ptII/ptolemy/actor/lib/test/auto/matrixType6.xml
----------------- Instantiating /home/travis/build/icyphy/ptII/ptolemy/actor/lib/test/auto/matrixType6.xml
1 ms. Memory: 1041408K Free: 252646K (24%)
----------------- Invoking toplevel() on ptolemy.moml.MoMLSimpleApplication@35ba40e6
----------------- Done invoking toplevel() on ptolemy.moml.MoMLSimpleApplication@35ba40e6
reloadAllAccessors: .matrixType6
----------------- testing Thu May 10 16:13:45 UTC 2018 /home/travis/build/icyphy/ptII/ptolemy/actor/lib/test/auto/matrixType7.xml
----------------- Instantiating /home/travis/build/icyphy/ptII/ptolemy/actor/lib/test/auto/matrixType7.xml
2 ms. Memory: 1041408K Free: 240398K (23%)
----------------- Invoking toplevel() on ptolemy.moml.MoMLSimpleApplication@723304ce
----------------- Done invoking toplevel() on ptolemy.moml.MoMLSimpleApplication@723304ce
reloadAllAccessors: .matrixType7
----------------- testing Thu May 10 16:13:45 UTC 2018 /home/travis/build/icyphy/ptII/ptolemy/actor/lib/test/auto/matrixType8.xml
----------------- Instantiating /home/travis/build/icyphy/ptII/ptolemy/actor/lib/test/auto/matrixType8.xml
1 ms. Memory: 1041408K Free: 228151K (22%)
----------------- Invoking toplevel() on ptolemy.moml.MoMLSimpleApplication@2a014c74
----------------- Done invoking toplevel() on ptolemy.moml.MoMLSimpleApplication@2a014c74
reloadAllAccessors: .matrixType8
----------------- testing Thu May 10 16:13:45 UTC 2018 /home/travis/build/icyphy/ptII/ptolemy/actor/lib/test/auto/matrixType9.xml
----------------- Instantiating /home/travis/build/icyphy/ptII/ptolemy/actor/lib/test/auto/matrixType9.xml
1 ms. Memory: 1041408K Free: 215903K (21%)
----------------- Invoking toplevel() on ptolemy.moml.MoMLSimpleApplication@74f5e2c2
----------------- Done invoking toplevel() on ptolemy.moml.MoMLSimpleApplication@74f5e2c2
reloadAllAccessors: .matrixType9
----------------- testing Thu May 10 16:13:45 UTC 2018 /home/travis/build/icyphy/ptII/ptolemy/actor/lib/test/auto/paraFunctest.xml
----------------- Instantiating /home/travis/build/icyphy/ptII/ptolemy/actor/lib/test/auto/paraFunctest.xml
2 ms. Memory: 1041408K Free: 203656K (20%)
----------------- Invoking toplevel() on ptolemy.moml.MoMLSimpleApplication@59beafa3
----------------- Done invoking toplevel() on ptolemy.moml.MoMLSimpleApplication@59beafa3
reloadAllAccessors: .paraFunctest
----------------- testing Thu May 10 16:13:45 UTC 2018 /home/travis/build/icyphy/ptII/ptolemy/actor/lib/test/auto/paraFunctest2.xml
----------------- Instantiating /home/travis/build/icyphy/ptII/ptolemy/actor/lib/test/auto/paraFunctest2.xml
2 ms. Memory: 1041408K Free: 191408K (18%)
----------------- Invoking toplevel() on ptolemy.moml.MoMLSimpleApplication@51573922
----------------- Done invoking toplevel() on ptolemy.moml.MoMLSimpleApplication@51573922
reloadAllAccessors: .paraFunctest2
----------------- testing Thu May 10 16:13:45 UTC 2018 /home/travis/build/icyphy/ptII/ptolemy/actor/lib/test/auto/parameterPassing.xml
----------------- Instantiating /home/travis/build/icyphy/ptII/ptolemy/actor/lib/test/auto/parameterPassing.xml
1 ms. Memory: 1041408K Free: 179161K (17%)
----------------- Invoking toplevel() on ptolemy.moml.MoMLSimpleApplication@47ce4331
----------------- Done invoking toplevel() on ptolemy.moml.MoMLSimpleApplication@47ce4331
reloadAllAccessors: .parameterPassing
----------------- testing Thu May 10 16:13:45 UTC 2018 /home/travis/build/icyphy/ptII/ptolemy/actor/lib/test/auto/record.xml
----------------- Instantiating /home/travis/build/icyphy/ptII/ptolemy/actor/lib/test/auto/record.xml
2 ms. Memory: 1041408K Free: 166913K (16%)
----------------- Invoking toplevel() on ptolemy.moml.MoMLSimpleApplication@7994c182
----------------- Done invoking toplevel() on ptolemy.moml.MoMLSimpleApplication@7994c182
reloadAllAccessors: .record
----------------- testing Thu May 10 16:13:45 UTC 2018 /home/travis/build/icyphy/ptII/ptolemy/actor/lib/test/auto/sizedarray1.xml
----------------- Instantiating /home/travis/build/icyphy/ptII/ptolemy/actor/lib/test/auto/sizedarray1.xml
1 ms. Memory: 1041408K Free: 157625K (15%)
----------------- Invoking toplevel() on ptolemy.moml.MoMLSimpleApplication@67aac1a3
----------------- Done invoking toplevel() on ptolemy.moml.MoMLSimpleApplication@67aac1a3
reloadAllAccessors: .sizedarray1
----------------- testing Thu May 10 16:13:45 UTC 2018 /home/travis/build/icyphy/ptII/ptolemy/actor/lib/test/auto/sizedarray2.xml
----------------- Instantiating /home/travis/build/icyphy/ptII/ptolemy/actor/lib/test/auto/sizedarray2.xml
3 ms. Memory: 1041408K Free: 145378K (14%)
----------------- Invoking toplevel() on ptolemy.moml.MoMLSimpleApplication@651ff717
----------------- Done invoking toplevel() on ptolemy.moml.MoMLSimpleApplication@651ff717
reloadAllAccessors: .sizedarray2
----------------- testing Thu May 10 16:13:45 UTC 2018 /home/travis/build/icyphy/ptII/ptolemy/actor/lib/test/auto/twoPublishers.xml
----------------- Instantiating /home/travis/build/icyphy/ptII/ptolemy/actor/lib/test/auto/twoPublishers.xml
6 ms. Memory: 1041408K Free: 128471K (12%)
----------------- Invoking toplevel() on ptolemy.moml.MoMLSimpleApplication@579519b5
----------------- Done invoking toplevel() on ptolemy.moml.MoMLSimpleApplication@579519b5
reloadAllAccessors: .twoPublishers
AutoTests.java: About to close Vertx.
AutoTests.java: Vertx closed.
]]></system-out>
  <system-err><![CDATA[java.lang.RuntimeException: Execution failed
	at ptolemy.moml.MoMLSimpleApplication$UnloadThread.run(MoMLSimpleApplication.java:402)
Caused by: java.lang.RuntimeException: Normally, we would exit here because Manager.exitAfterWrapup() was called.  However, because the ptolemy.ptII.exitAfterWrapup property is set, we throw this exception instead.
	at ptolemy.util.StringUtilities.exit(StringUtilities.java:365)
	at ptolemy.actor.Manager.wrapup(Manager.java:1531)
	at ptolemy.actor.Manager.execute(Manager.java:407)
	at ptolemy.actor.Manager.run(Manager.java:1263)
	at ptolemy.actor.Manager$PtolemyRunThread.run(Manager.java:1915)
Warning: '.top.test' is in training mode, set the trainingMode parameter to false before checking in
Warning: '.top.test' is in training mode, set the trainingMode parameter to false before checking in
Warning: '.top.test' is in training mode, set the trainingMode parameter to false before checking in
Warning: '.BooleanSwitch_RegressionTest_WrongTrainingValues.Test' is in training mode, set the trainingMode parameter to false before checking in
Warning: '.BooleanSwitch_RegressionTest_WrongTrainingValues.Test2' is in training mode, set the trainingMode parameter to false before checking in
Warning: '.BooleanSwitch_RegressionTest_WrongTrainingValues.Test2' The test produced 0 tokens.
Warning: '.top.testExceptionHandler' is in training mode, set the trainingMode parameter to false before checking in
java.lang.RuntimeException: Execution failed
	at ptolemy.moml.MoMLSimpleApplication$UnloadThread.run(MoMLSimpleApplication.java:402)
Caused by: ptolemy.kernel.util.IllegalActionException: PublisherPorts cannot be used at the top level, use a Publisher actor instead.
  in .PublisherPortToplevelSubscriber.PublisherPort
	at ptolemy.actor.PublisherPort.preinitialize(PublisherPort.java:403)
	at ptolemy.actor.CompositeActor.preinitialize(CompositeActor.java:1769)
	at ptolemy.actor.Manager.preinitializeAndResolveTypes(Manager.java:1040)
	at ptolemy.actor.Manager.initialize(Manager.java:710)
	at ptolemy.actor.Manager.execute(Manager.java:356)
	at ptolemy.actor.Manager.run(Manager.java:1263)
	at ptolemy.actor.Manager$PtolemyRunThread.run(Manager.java:1915)
java.lang.reflect.InvocationTargetException
	at sun.reflect.NativeConstructorAccessorImpl.newInstance0(Native Method)
	at sun.reflect.NativeConstructorAccessorImpl.newInstance(NativeConstructorAccessorImpl.java:62)
	at sun.reflect.DelegatingConstructorAccessorImpl.newInstance(DelegatingConstructorAccessorImpl.java:45)
	at java.lang.reflect.Constructor.newInstance(Constructor.java:423)
	at ptolemy.util.test.junit.AutoKnownFailedTests.RunModel(AutoKnownFailedTests.java:107)
	at sun.reflect.NativeMethodAccessorImpl.invoke0(Native Method)
	at sun.reflect.NativeMethodAccessorImpl.invoke(NativeMethodAccessorImpl.java:62)
	at sun.reflect.DelegatingMethodAccessorImpl.invoke(DelegatingMethodAccessorImpl.java:43)
	at java.lang.reflect.Method.invoke(Method.java:498)
	at org.junit.runners.model.FrameworkMethod$1.runReflectiveCall(FrameworkMethod.java:44)
	at org.junit.internal.runners.model.ReflectiveCallable.run(ReflectiveCallable.java:15)
	at org.junit.runners.model.FrameworkMethod.invokeExplosively(FrameworkMethod.java:41)
	at junitparams.internal.InvokeParameterisedMethod.evaluate(InvokeParameterisedMethod.java:102)
	at org.junit.internal.runners.statements.FailOnTimeout$1.run(FailOnTimeout.java:28)
Caused by: ptolemy.kernel.util.IllegalActionException: PublisherPorts cannot be used at the top level, use a Publisher actor instead.
  in .PublisherPortToplevelSubscriber.PublisherPort
	at ptolemy.actor.PublisherPort.preinitialize(PublisherPort.java:403)
	at ptolemy.actor.CompositeActor.preinitialize(CompositeActor.java:1769)
	at ptolemy.actor.Manager.preinitializeAndResolveTypes(Manager.java:1040)
	at ptolemy.actor.Manager.initialize(Manager.java:710)
	at ptolemy.actor.Manager.execute(Manager.java:356)
	at ptolemy.actor.Manager.run(Manager.java:1263)
	at ptolemy.actor.Manager$PtolemyRunThread.run(Manager.java:1915)
java.lang.RuntimeException: Execution failed
	at ptolemy.moml.MoMLSimpleApplication$UnloadThread.run(MoMLSimpleApplication.java:402)
Caused by: ptolemy.kernel.util.IllegalActionException: SubscriberPorts cannot be used at the top level, use a Subscriber actor instead.
  in .PublisherSubscriberPortToplevel.SubscriberPort
	at ptolemy.actor.SubscriberPort.preinitialize(SubscriberPort.java:328)
	at ptolemy.actor.CompositeActor.preinitialize(CompositeActor.java:1769)
	at ptolemy.actor.Manager.preinitializeAndResolveTypes(Manager.java:1040)
	at ptolemy.actor.Manager.initialize(Manager.java:710)
	at ptolemy.actor.Manager.execute(Manager.java:356)
	at ptolemy.actor.Manager.run(Manager.java:1263)
	at ptolemy.actor.Manager$PtolemyRunThread.run(Manager.java:1915)
java.lang.reflect.InvocationTargetException
	at sun.reflect.NativeConstructorAccessorImpl.newInstance0(Native Method)
	at sun.reflect.NativeConstructorAccessorImpl.newInstance(NativeConstructorAccessorImpl.java:62)
	at sun.reflect.DelegatingConstructorAccessorImpl.newInstance(DelegatingConstructorAccessorImpl.java:45)
	at java.lang.reflect.Constructor.newInstance(Constructor.java:423)
	at ptolemy.util.test.junit.AutoKnownFailedTests.RunModel(AutoKnownFailedTests.java:107)
	at sun.reflect.NativeMethodAccessorImpl.invoke0(Native Method)
	at sun.reflect.NativeMethodAccessorImpl.invoke(NativeMethodAccessorImpl.java:62)
	at sun.reflect.DelegatingMethodAccessorImpl.invoke(DelegatingMethodAccessorImpl.java:43)
	at java.lang.reflect.Method.invoke(Method.java:498)
	at org.junit.runners.model.FrameworkMethod$1.runReflectiveCall(FrameworkMethod.java:44)
	at org.junit.internal.runners.model.ReflectiveCallable.run(ReflectiveCallable.java:15)
	at org.junit.runners.model.FrameworkMethod.invokeExplosively(FrameworkMethod.java:41)
	at junitparams.internal.InvokeParameterisedMethod.evaluate(InvokeParameterisedMethod.java:102)
	at org.junit.internal.runners.statements.FailOnTimeout$1.run(FailOnTimeout.java:28)
Caused by: ptolemy.kernel.util.IllegalActionException: SubscriberPorts cannot be used at the top level, use a Subscriber actor instead.
  in .PublisherSubscriberPortToplevel.SubscriberPort
	at ptolemy.actor.SubscriberPort.preinitialize(SubscriberPort.java:328)
	at ptolemy.actor.CompositeActor.preinitialize(CompositeActor.java:1769)
	at ptolemy.actor.Manager.preinitializeAndResolveTypes(Manager.java:1040)
	at ptolemy.actor.Manager.initialize(Manager.java:710)
	at ptolemy.actor.Manager.execute(Manager.java:356)
	at ptolemy.actor.Manager.run(Manager.java:1263)
	at ptolemy.actor.Manager$PtolemyRunThread.run(Manager.java:1915)
java.lang.RuntimeException: Execution failed
	at ptolemy.moml.MoMLSimpleApplication$UnloadThread.run(MoMLSimpleApplication.java:402)
Caused by: ptolemy.kernel.util.IllegalActionException: SubscriptionAggregatorPorts cannot be used at the top level, use a SubscriptionAggregator actor instead.
  in .PublisherSubscriptionAggregatorPort.SubscriptionAggregatorPort
	at ptolemy.actor.SubscriptionAggregatorPort.preinitialize(SubscriptionAggregatorPort.java:353)
	at ptolemy.actor.CompositeActor.preinitialize(CompositeActor.java:1769)
	at ptolemy.actor.Manager.preinitializeAndResolveTypes(Manager.java:1040)
	at ptolemy.actor.Manager.initialize(Manager.java:710)
	at ptolemy.actor.Manager.execute(Manager.java:356)
	at ptolemy.actor.Manager.run(Manager.java:1263)
	at ptolemy.actor.Manager$PtolemyRunThread.run(Manager.java:1915)
java.lang.reflect.InvocationTargetException
	at sun.reflect.NativeConstructorAccessorImpl.newInstance0(Native Method)
	at sun.reflect.NativeConstructorAccessorImpl.newInstance(NativeConstructorAccessorImpl.java:62)
	at sun.reflect.DelegatingConstructorAccessorImpl.newInstance(DelegatingConstructorAccessorImpl.java:45)
	at java.lang.reflect.Constructor.newInstance(Constructor.java:423)
	at ptolemy.util.test.junit.AutoKnownFailedTests.RunModel(AutoKnownFailedTests.java:107)
	at sun.reflect.NativeMethodAccessorImpl.invoke0(Native Method)
	at sun.reflect.NativeMethodAccessorImpl.invoke(NativeMethodAccessorImpl.java:62)
	at sun.reflect.DelegatingMethodAccessorImpl.invoke(DelegatingMethodAccessorImpl.java:43)
	at java.lang.reflect.Method.invoke(Method.java:498)
	at org.junit.runners.model.FrameworkMethod$1.runReflectiveCall(FrameworkMethod.java:44)
	at org.junit.internal.runners.model.ReflectiveCallable.run(ReflectiveCallable.java:15)
	at org.junit.runners.model.FrameworkMethod.invokeExplosively(FrameworkMethod.java:41)
	at junitparams.internal.InvokeParameterisedMethod.evaluate(InvokeParameterisedMethod.java:102)
	at org.junit.internal.runners.statements.FailOnTimeout$1.run(FailOnTimeout.java:28)
Caused by: ptolemy.kernel.util.IllegalActionException: SubscriptionAggregatorPorts cannot be used at the top level, use a SubscriptionAggregator actor instead.
  in .PublisherSubscriptionAggregatorPort.SubscriptionAggregatorPort
	at ptolemy.actor.SubscriptionAggregatorPort.preinitialize(SubscriptionAggregatorPort.java:353)
	at ptolemy.actor.CompositeActor.preinitialize(CompositeActor.java:1769)
	at ptolemy.actor.Manager.preinitializeAndResolveTypes(Manager.java:1040)
	at ptolemy.actor.Manager.initialize(Manager.java:710)
	at ptolemy.actor.Manager.execute(Manager.java:356)
	at ptolemy.actor.Manager.run(Manager.java:1263)
	at ptolemy.actor.Manager$PtolemyRunThread.run(Manager.java:1915)
java.lang.RuntimeException: Execution failed
	at ptolemy.moml.MoMLSimpleApplication$UnloadThread.run(MoMLSimpleApplication.java:402)
Caused by: ptolemy.kernel.util.IllegalActionException: TypeTest actor has no training data.
  in .sizedarray3.TypeTest
	at ptolemy.actor.lib.TypeTest.initialize(TypeTest.java:250)
	at ptolemy.actor.Director.initialize(Director.java:938)
	at ptolemy.actor.Director.initialize(Director.java:907)
	at ptolemy.actor.sched.StaticSchedulingDirector.initialize(StaticSchedulingDirector.java:159)
	at ptolemy.domains.sdf.kernel.SDFDirector.initialize(SDFDirector.java:544)
	at ptolemy.actor.CompositeActor.initialize(CompositeActor.java:935)
	at ptolemy.actor.Manager.initialize(Manager.java:724)
	at ptolemy.actor.Manager.execute(Manager.java:356)
	at ptolemy.actor.Manager.run(Manager.java:1263)
	at ptolemy.actor.Manager$PtolemyRunThread.run(Manager.java:1915)
java.lang.reflect.InvocationTargetException
	at sun.reflect.NativeConstructorAccessorImpl.newInstance0(Native Method)
	at sun.reflect.NativeConstructorAccessorImpl.newInstance(NativeConstructorAccessorImpl.java:62)
	at sun.reflect.DelegatingConstructorAccessorImpl.newInstance(DelegatingConstructorAccessorImpl.java:45)
	at java.lang.reflect.Constructor.newInstance(Constructor.java:423)
	at ptolemy.util.test.junit.AutoKnownFailedTests.RunModel(AutoKnownFailedTests.java:107)
	at sun.reflect.NativeMethodAccessorImpl.invoke0(Native Method)
	at sun.reflect.NativeMethodAccessorImpl.invoke(NativeMethodAccessorImpl.java:62)
	at sun.reflect.DelegatingMethodAccessorImpl.invoke(DelegatingMethodAccessorImpl.java:43)
	at java.lang.reflect.Method.invoke(Method.java:498)
	at org.junit.runners.model.FrameworkMethod$1.runReflectiveCall(FrameworkMethod.java:44)
	at org.junit.internal.runners.model.ReflectiveCallable.run(ReflectiveCallable.java:15)
	at org.junit.runners.model.FrameworkMethod.invokeExplosively(FrameworkMethod.java:41)
	at junitparams.internal.InvokeParameterisedMethod.evaluate(InvokeParameterisedMethod.java:102)
	at org.junit.internal.runners.statements.FailOnTimeout$1.run(FailOnTimeout.java:28)
Caused by: ptolemy.kernel.util.IllegalActionException: TypeTest actor has no training data.
  in .sizedarray3.TypeTest
	at ptolemy.actor.lib.TypeTest.initialize(TypeTest.java:250)
	at ptolemy.actor.Director.initialize(Director.java:938)
	at ptolemy.actor.Director.initialize(Director.java:907)
	at ptolemy.actor.sched.StaticSchedulingDirector.initialize(StaticSchedulingDirector.java:159)
	at ptolemy.domains.sdf.kernel.SDFDirector.initialize(SDFDirector.java:544)
	at ptolemy.actor.CompositeActor.initialize(CompositeActor.java:935)
	at ptolemy.actor.Manager.initialize(Manager.java:724)
	at ptolemy.actor.Manager.execute(Manager.java:356)
	at ptolemy.actor.Manager.run(Manager.java:1263)
	at ptolemy.actor.Manager$PtolemyRunThread.run(Manager.java:1915)
]]></system-err>
</testsuite>
