<?xml version="1.0" encoding="UTF-8" ?>
<testsuite errors="0" failures="0" hostname="travis-job-b9b12764-7ad0-4309-9ff4-7e2d5a2f94bf" name="ptolemy.domains.de.test.junit.JUnitTclTest" skipped="0" tests="101" time="121.247" timestamp="2018-06-01T21:04:12">
  <properties>
    <property name="npm.executable" value="npm" />
    <property name="file.encoding.pkg" value="sun.io" />
    <property name="ptII.mk.exists" value="true" />
    <property name="env.rvm_bin_path" value="/home/travis/.rvm/bin" />
    <property name="java.home" value="/usr/lib/jvm/java-8-oracle/jre" />
    <property name="env.TRAVIS_JOB_NUMBER" value="508.8" />
    <property name="env.DISPLAY" value=":99.0" />
    <property name="java.net.preferIPv4Stack" value="true" />
    <property name="env.SSH_TTY" value="/dev/pts/0" />
    <property name="env.RUN_TESTS" value="true" />
    <property name="timeout.short" value="1000000" />
    <property name="env.TRAVIS_STACK_NODE_ATTRIBUTES" value="/.node-attributes.yml" />
    <property name="junit.formatter" value="xml" />
    <property name="java.endorsed.dirs" value="/usr/lib/jvm/java-8-oracle/jre/lib/endorsed" />
    <property name="env.TRAVIS_SUDO" value="true" />
    <property name="env.LOGNAME" value="travis" />
    <property name="jsdoc.home" value="node_modules/@terraswarm/jsdoc" />
    <property name="debuglevel" value="source,lines,vars" />
    <property name="checkstyle.formatter" value="xml" />
    <property name="bin.vergil.makeable" value="true" />
    <property name="env._system_version" value="14.04" />
    <property name="sun.os.patch.level" value="unknown" />
    <property name="java.vendor.url" value="http://java.oracle.com/" />
    <property name="java.version" value="1.8.0_151" />
    <property name="env.TZ" value="UTC" />
    <property name="env.PT_NO_NET" value="true" />
    <property name="env.TRAVIS_PULL_REQUEST_SHA" value="" />
    <property name="env.TRAVIS_SECURE_ENV_VARS" value="true" />
    <property name="env._system_type" value="Linux" />
    <property name="java.vendor.url.bug" value="http://bugreport.sun.com/bugreport/" />
    <property name="env.SSH_CLIENT" value="10.10.4.30 57266 22" />
    <property name="npmjs-org-is-up" value="true" />
    <property name="env.GEM_HOME" value="/home/travis/.rvm/gems/ruby-2.4.1" />
    <property name="env.HAS_ANTARES_THREE_LITTLE_FRONZIES_BADGE" value="true" />
    <property name="env.PS4" value="+" />
    <property name="ant.project.invoked-targets" value="build,test.core2.xml" />
    <property name="env.TRAVIS_PULL_REQUEST_BRANCH" value="" />
    <property name="env.TRAVIS_REPO_SLUG" value="icyphy/ptII" />
    <property name="node.in.path" value="true" />
    <property name="java.maxmemory" value="1400m" />
    <property name="env.RUBY_VERSION" value="ruby-2.4.1" />
    <property name="user.name" value="travis" />
    <property name="env.LANG" value="en_US.UTF-8" />
    <property name="sun.io.unicode.encoding" value="UnicodeLittle" />
    <property name="sun.jnu.encoding" value="UTF-8" />
    <property name="java.runtime.name" value="Java(TM) SE Runtime Environment" />
    <property name="usefile" value="false" />
    <property name="return.code" value="0" />
    <property name="junit.single.formatter" value="plain" />
    <property name="env.DYLD_LIBRARY_PATH" value="/home/travis/pthla/certi-tools/lib:" />
    <property name="env.DEBIAN_FRONTEND" value="noninteractive" />
    <property name="env.SSH_CONNECTION" value="10.10.4.30 57266 10.20.1.107 22" />
    <property name="env.MYSQL_UNIX_PORT" value="/var/run/mysqld/mysqld.sock" />
    <property name="env.TRAVIS_ALLOW_FAILURE" value="false" />
    <property name="env.LC_ALL" value="en_US.UTF-8" />
    <property name="java.specification.name" value="Java Platform API Specification" />
    <property name="node.works" value="true" />
    <property name="user.timezone" value="" />
    <property name="path.separator" value=":" />
    <property name="env.PYTHON_CFLAGS" value="-g -fstack-protector --param=ssp-buffer-size=4 -Wformat -Werror=format-security" />
    <property name="timeout.long" value="4000000" />
    <property name="env.CERTI_HOME" value="/home/travis/pthla/certi-tools" />
    <property name="file.encoding" value="UTF-8" />
    <property name="ant.file.ptII" value="/home/travis/build/icyphy/ptII/build.xml" />
    <property name="javadoc.packagenames" value="com.*,diva.*,lbnl.*,org.hlacerti.*,org.json.*,org.ptolemy.*,org.terraswarm.*,ptolemy.*,ptserver.*" />
    <property name="env.TRAVIS_PULL_REQUEST_SLUG" value="" />
    <property name="ant.project.default-target" value="build" />
    <property name="env.GIT_ASKPASS" value="echo" />
    <property name="env.HOME" value="/home/travis" />
    <property name="sun.java.command" value="org.apache.tools.ant.taskdefs.optional.junit.JUnitTestRunner ptolemy.domains.de.test.junit.JUnitTclTest skipNonTests=false filtertrace=true haltOnError=false haltOnFailure=false formatter=org.apache.tools.ant.taskdefs.optional.junit.OutErrSummaryJUnitResultFormatter showoutput=true outputtoformatters=true logfailedtests=true threadid=0 logtestlistenerevents=false formatter=org.apache.tools.ant.taskdefs.optional.junit.XMLJUnitResultFormatter,/home/travis/build/icyphy/ptII/reports/junit/TEST-ptolemy.domains.de.test.junit.JUnitTclTest.xml crashfile=/home/travis/build/icyphy/ptII/junitvmwatcher8065560892654237316.properties propsfile=/home/travis/build/icyphy/ptII/junit663523306012249935.properties" />
    <property name="env.MANPATH" value="/home/travis/.nvm/versions/node/v7.10.1/share/man:/home/travis/.kiex/elixirs/elixir-1.4.5/man:/home/travis/.rvm/rubies/ruby-2.4.1/share/man:/usr/local/man:/usr/local/cmake-3.9.2/man:/usr/local/clang-5.0.0/share/man:/usr/local/share/man:/usr/share/man:/home/travis/.rvm/man" />
    <property name="env.COMPOSER_NO_INTERACTION" value="1" />
    <property name="env.JDK_SWITCHER_DEFAULT" value="oraclejdk8" />
    <property name="ant.file" value="/home/travis/build/icyphy/ptII/build.xml" />
    <property name="env.TRAVIS_COMMIT_RANGE" value="ed6c0b1c2cf3...d1fabf555814" />
    <property name="env._system_name" value="Ubuntu" />
    <property name="timeout" value="2400000" />
    <property name="ptII.classpath.optional.property" value="/home/travis/build/icyphy/ptII/lib/bsh-2.0b4.jar:/home/travis/build/icyphy/ptII/lib/ptCal.jar:/home/travis/build/icyphy/ptII/lib/java_cup.jar:/home/travis/build/icyphy/ptII/lib/saxon8.jar:/home/travis/build/icyphy/ptII/lib/saxon8-dom.jar:/home/travis/build/icyphy/ptII/lib/chic.jar:/home/travis/build/icyphy/ptII/lib/ptcolt.jar:/usr/lib/jvm/java-8-oracle/lib/tools.jar:/usr/lib/eclipse/plugins/org.eclipse.jdt.core_3.8.2.dist.jar:/usr/lib/eclipse/plugins/org.eclipse.core.runtime_3.8.0.dist.jar:/usr/lib/eclipse/plugins/org.eclipse.osgi_3.8.1.dist.jar:/usr/lib/eclipse/plugins/org.eclipse.core.resources_3.8.1.dist.jar:/usr/lib/eclipse/plugins/org.eclipse.equinox.common_3.6.100.dist.jar:/usr/lib/eclipse/plugins/org.eclipse.core.jobs_3.5.200.dist.jar:/usr/lib/eclipse/plugins/org.eclipse.core.contenttype_3.4.200.dist.jar:/usr/lib/eclipse/plugins/org.eclipse.equinox.preferences_3.5.0.dist.jar:/usr/lib/eclipse/plugins/org.eclipse.text_3.5.200.dist.jar:/usr/lib/eclipse/plugins/org.eclipse.ui.workbench_3.8.1.dist.jar:/usr/lib/eclipse/plugins/org.eclipse.jface_3.8.0.dist.jar:/usr/lib/eclipse/plugins/org.eclipse.swt_3.8.2.jar:/usr/lib/eclipse/plugins/org.eclipse.jface.text_3.8.1.dist.jar:/usr/lib/eclipse/plugins/org.eclipse.ui.workbench.texteditor_3.8.0.dist.jar:/usr/lib/eclipse/plugins/org.eclipse.ui.editors_3.8.0.dist.jar:/usr/lib/eclipse/plugins/org.eclipse.core.commands_3.6.1.dist.jar:/usr/lib/eclipse/plugins/org.eclipse.equinox.registry_3.5.200.dist.jar:/usr/lib/eclipse/plugins/org.eclipse.ui.console_3.5.100.dist.jar:/usr/lib/eclipse/plugins/org.eclipse.ui.forms_3.5.200.dist.jar:/usr/lib/eclipse/plugins/org.eclipse.ui.ide_3.8.1.dist.jar:/home/travis/build/icyphy/ptII/vendors/oracle/dbxml.jar:/home/travis/build/icyphy/ptII/vendors/oracle/db.jar:/home/travis/build/icyphy/ptII/vendors/misc/itext/iText.jar:/home/travis/build/icyphy/ptII/lib/g4ltl.jar:/home/travis/build/icyphy/ptII/lib/StructuralCoder.jar:/home/travis/build/icyphy/ptII/lib/org-openide-util.jar:/home/travis/build/icyphy/ptII/lib/org-openide-util-lookup.jar:/home/travis/build/icyphy/ptII/lib/org-netbeans-api-visual.jar:/home/travis/build/icyphy/ptII/vendors/jai-1_1_2_01/lib/jai_core.jar:/home/travis/build/icyphy/ptII/vendors/jai-1_1_2_01/lib/jai_codec.jar:/home/travis/build/icyphy/ptII/lib/jcerti.jar:/home/travis/build/icyphy/ptII/lib/smack.jar:/home/travis/build/icyphy/ptII/lib/smackx.jar:/home/travis/build/icyphy/ptII/lib/jetty-all-8.1.5-v20120716.jar:/home/travis/build/icyphy/ptII/lib/javax.servlet-api-3.0.1.jar:/home/travis/build/icyphy/ptII/lib/javax.mail.jar:/home/travis/build/icyphy/ptII/vendors/JMF-2.1.1e/lib/jmf.jar:/home/travis/build/icyphy/ptII/lib/jna-4.0.0-variadic.jar:/home/travis/build/icyphy/ptII/vendors/misc/joystick/Joystick.jar:/home/travis/build/icyphy/ptII/lib/ptjacl.jar:/home/travis/build/icyphy/ptII/lib/jsoup-1.8.2.jar:/home/travis/build/icyphy/ptII/lib/junit-4.8.2.jar:/home/travis/build/icyphy/ptII/lib/JUnitParams-0.4.0.jar:/home/travis/build/icyphy/ptII/ptolemy/actor/lib/excel/jxl.jar:/home/travis/build/icyphy/ptII/lib/jython.jar:/home/travis/build/icyphy/ptII/lib/kieler.jar:/home/travis/build/icyphy/ptII/vendors/opencv/share/OpenCV/java/opencv-341.jar:/home/travis/build/icyphy/ptII/lib/oscP5.jar:/home/travis/build/icyphy/ptII/lib/nrjavaserial-3.11.0.devel.jar:/usr/share/java/j3dcore.jar:/usr/share/java/j3dutils.jar:/usr/share/java/vecmath.jar:/home/travis/build/icyphy/ptII/ptolemy/distributed/jini/jar/jini-core.jar:/home/travis/build/icyphy/ptII/ptolemy/distributed/jini/jar/jini-ext.jar:/home/travis/build/icyphy/ptII/ptolemy/distributed/jini/jar/sun-util.jar:/home/travis/build/icyphy/ptII/lib/protobuf-java-2.4.1.jar:/home/travis/build/icyphy/ptII/lib/org.eclipse.paho.client.mqttv3.jar:/home/travis/build/icyphy/ptII/ptserver/lib/hessian-4.0.7.jar:/home/travis/build/icyphy/ptII/ptserver/lib/wmqtt.jar:/home/travis/build/icyphy/ptII/lib/mapss.jar:/home/travis/build/icyphy/ptII/ptolemy/actor/ptalon/antlr/antlr.jar:/home/travis/build/icyphy/ptII/lib/JRI.jar:/home/travis/build/icyphy/ptII/lib/commons-lang-2.6.jar:/home/travis/build/icyphy/ptII/lib/commons-logging-1.1.1.jar:/home/travis/build/icyphy/ptII/lib/sootclasses.jar:/home/travis/build/icyphy/ptII/ptolemy/actor/lib/database/mysql-connector-java-5.1.6-bin.jar:/home/travis/build/icyphy/ptII/vendors/misc/sphinx4/sphinx4-data-5prealpha.jar:/home/travis/build/icyphy/ptII/vendors/misc/sphinx4/sphinx4-core-5prealpha.jar:/home/travis/build/icyphy/ptII/lib/PDFRenderer.jar:/home/travis/build/icyphy/ptII/lib/svgSalamander.jar:/home/travis/build/icyphy/ptII/lib/rsyntaxtextarea-2.6.0-SNAPSHOT.jar:/home/travis/build/icyphy/ptII/lib/hazelcast-3.8.2.jar:/home/travis/build/icyphy/ptII/lib/jackson-annotations-2.9.0.jar:/home/travis/build/icyphy/ptII/lib/jackson-core-2.9.3.jar:/home/travis/build/icyphy/ptII/lib/jackson-databind-2.9.3.jar:/home/travis/build/icyphy/ptII/lib/netty-buffer-4.1.19.Final.jar:/home/travis/build/icyphy/ptII/lib/netty-codec-4.1.19.Final.jar:/home/travis/build/icyphy/ptII/lib/netty-codec-dns-4.1.19.Final.jar:/home/travis/build/icyphy/ptII/lib/netty-codec-http-4.1.19.Final.jar:/home/travis/build/icyphy/ptII/lib/netty-codec-http2-4.1.19.Final.jar:/home/travis/build/icyphy/ptII/lib/netty-common-4.1.19.Final.jar:/home/travis/build/icyphy/ptII/lib/netty-handler-4.1.19.Final.jar:/home/travis/build/icyphy/ptII/lib/netty-resolver-4.1.19.Final.jar:/home/travis/build/icyphy/ptII/lib/netty-resolver-dns-4.1.19.Final.jar:/home/travis/build/icyphy/ptII/lib/netty-transport-4.1.19.Final.jar:/home/travis/build/icyphy/ptII/lib/vertx-codegen-3.5.1.jar:/home/travis/build/icyphy/ptII/lib/vertx-core-3.5.2-SNAPSHOT.jar:/home/travis/build/icyphy/ptII/lib/vertx-hazelcast-3.5.1.jar:/home/travis/build/icyphy/ptII/lib/vertx-lang-js-3.5.1.jar:/home/travis/build/icyphy/ptII/lib/vertx-service-proxy-3.5.1.jar:/home/travis/build/icyphy/ptII/lib/vertx-web-3.5.1.jar:/home/travis/build/icyphy/ptII/lib/slf4j-api-1.7.13.jar:/home/travis/build/icyphy/ptII/lib/slf4j-simple-1.7.13.jar:/home/travis/build/icyphy/ptII/lib/webcam-capture-0.3.12.jar:/home/travis/build/icyphy/ptII/lib/bridj-0.7.0.jar:/home/travis/build/icyphy/ptII/lib/xbjlib-1.1.0.nrjavaserial.jar" />
    <property name="test.batch" value="**/junit/*.java" />
    <property name="env._" value="/usr/bin/timeout" />
    <property name="java.io.tmpdir" value="/tmp" />
    <property name="user.language" value="en" />
    <property name="env.HISTCONTROL" value="ignoredups:ignorespace" />
    <property name="env.GOROOT" value="/home/travis/.gimme/versions/go1.7.4.linux.amd64" />
    <property name="line.separator" value="&#xa;" />
    <property name="target" value="1.8" />
    <property name="env.TRAVIS_BUILD_DIR" value="/home/travis/build/icyphy/ptII" />
    <property name="env.ANT_OPTS" value="-Xmx2048m" />
    <property name="ant.file.type" value="file" />
    <property name="ptolemy.ptII.batchMode" value="true" />
    <property name="env.HISTSIZE" value="1000" />
    <property name="env.MERB_ENV" value="test" />
    <property name="java.vm.info" value="mixed mode" />
    <property name="source" value="1.8" />
    <property name="java.vm.specification.name" value="Java Virtual Machine Specification" />
    <property name="env.TRAVIS_TEST_RESULT" value="0" />
    <property name="jsdoc.command" value="node_modules/@terraswarm/jsdoc/jsdoc.js" />
    <property name="npm.works" value="true" />
    <property name="cobertura.dir" value="/home/travis/build/icyphy/ptII/vendors/cobertura-2.0.3" />
    <property name="env.rvm_path" value="/home/travis/.rvm" />
    <property name="env.GEM_PATH" value="/home/travis/.rvm/gems/ruby-2.4.1:/home/travis/.rvm/gems/ruby-2.4.1@global" />
    <property name="env.LC_CTYPE" value="en_US.UTF-8" />
    <property name="java.awt.printerjob" value="sun.print.PSPrinterJob" />
    <property name="env.TRAVIS_STACK_NAME" value="garnet" />
    <property name="ant.version" value="Apache Ant(TM) version 1.10.1 compiled on February 2 2017" />
    <property name="ptII.reports" value="/home/travis/build/icyphy/ptII/reports" />
    <property name="env.TRAVIS_STACK_TIMESTAMP" value="2017-12-05 19:33:09 UTC" />
    <property name="ant.file.type.ptII" value="file" />
    <property name="env.RBENV_SHELL" value="bash" />
    <property name="os.name" value="Linux" />
    <property name="java.specification.vendor" value="Oracle Corporation" />
    <property name="env.rvm_version" value="1.29.3 (latest)" />
    <property name="env.TERM" value="xterm" />
    <property name="java.vm.name" value="Java HotSpot(TM) 64-Bit Server VM" />
    <property name="env.TRAVIS_BUILD_NUMBER" value="508" />
    <property name="env.CI" value="true" />
    <property name="java.library.path" value="/home/travis/pthla/certi-tools/lib:/usr/lib/jni:/usr/local/share/OpenCV/java/:/usr/share/OpenCV/java::/usr/java/packages/lib/amd64:/usr/lib64:/lib64:/lib:/usr/lib" />
    <property name="env.rvm_prefix" value="/home/travis" />
    <property name="env.PATH" value="/home/travis/pthla/certi-tools/share/scripts:/home/travis/.rvm/gems/ruby-2.4.1/bin:/home/travis/.rvm/gems/ruby-2.4.1@global/bin:/home/travis/.rvm/rubies/ruby-2.4.1/bin:/home/travis/.rvm/bin:/home/travis/.nvm/versions/node/v7.10.1/bin:./node_modules/.bin:/home/travis/build/icyphy/ptII/bin:/home/travis/pthla/certi-tools/bin:/home/travis/bin:/home/travis/.local/bin:/opt/pyenv/shims:/home/travis/.phpenv/shims:/home/travis/perl5/perlbrew/bin:/home/travis/.kiex/elixirs/elixir-1.4.5/bin:/home/travis/.kiex/bin:/home/travis/gopath/bin:/home/travis/.gimme/versions/go1.7.4.linux.amd64/bin:/usr/local/phantomjs/bin:/usr/local/phantomjs:/usr/local/neo4j-3.2.7/bin:/usr/local/maven-3.5.2/bin:/usr/local/cmake-3.9.2/bin:/usr/local/clang-5.0.0/bin:/usr/local/sbin:/usr/local/bin:/usr/sbin:/usr/bin:/sbin:/bin:/home/travis/.phpenv/bin:/opt/pyenv/bin:/home/travis/.yarn/bin" />
    <property name="env.TRAVIS_OS_NAME" value="linux" />
    <property name="ant.java.version" value="1.8" />
    <property name="basedir" value="/home/travis/build/icyphy/ptII" />
    <property name="java.class.version" value="52.0" />
    <property name="env.SHLVL" value="3" />
    <property name="env.LD_LIBRARY_PATH" value="/home/travis/pthla/certi-tools/lib:/usr/lib/jni:/usr/local/share/OpenCV/java/:/usr/share/OpenCV/java:" />
    <property name="env.RACK_ENV" value="test" />
    <property name="ant.home" value="/home/travis/build/icyphy/ptII/ant" />
    <property name="env.NVM_DIR" value="/home/travis/.nvm" />
    <property name="env.PERLBREW_BASHRC_VERSION" value="0.80" />
    <property name="env.CERTI_FOM_PATH" value="/home/travis/pthla/certi-tools/share/federations" />
    <property name="env.TRAVIS_BUILD_ID" value="386853202" />
    <property name="env.PYENV_ROOT" value="/opt/pyenv" />
    <property name="env.TRAVIS_UID" value="2000" />
    <property name="env.rvm_pretty_print_flag" value="auto" />
    <property name="env.NVM_BIN" value="/home/travis/.nvm/versions/node/v7.10.1/bin" />
    <property name="env.TRAVIS_COMMIT" value="d1fabf5558142f7196ad6fbc8764a49893126d02" />
    <property name="env._system_arch" value="x86_64" />
    <property name="node.executable" value="node" />
    <property name="sun.boot.library.path" value="/usr/lib/jvm/java-8-oracle/jre/lib/amd64" />
    <property name="sun.management.compiler" value="HotSpot 64-Bit Tiered Compilers" />
    <property name="env.GOPATH" value="/home/travis/gopath" />
    <property name="java.awt.graphicsenv" value="sun.awt.X11GraphicsEnvironment" />
    <property name="ptolemy.ptII.dir" value="/home/travis/build/icyphy/ptII" />
    <property name="env.USER" value="travis" />
    <property name="env.HISTFILESIZE" value="2000" />
    <property name="timeout.longest" value="19000000" />
    <property name="env.TRAVIS_STACK_FEATURES" value="basic cassandra chromium couchdb disabled-ipv6 docker docker-compose elasticsearch firefox go-toolchain google-chrome jdk memcached mongodb mysql neo4j nodejs_interpreter perl_interpreter perlbrew phantomjs postgresql python_interpreter rabbitmq redis riak ruby_interpreter sqlite xserver" />
    <property name="env.TRAVIS_PULL_REQUEST" value="false" />
    <property name="env.PYENV_SHELL" value="bash" />
    <property name="ant.project.name" value="ptII" />
    <property name="java.vm.specification.version" value="1.8" />
    <property name="env.CERTI_VERSION" value="4.0.0" />
    <property name="env.NLSPATH" value="/usr/dt/lib/nls/msg/%L/%N.cat" />
    <property name="awt.toolkit" value="sun.awt.X11.XToolkit" />
    <property name="env.CERTI_HOST" value="localhost" />
    <property name="env.MY_RUBY_HOME" value="/home/travis/.rvm/rubies/ruby-2.4.1" />
    <property name="sun.cpu.isalist" value="" />
    <property name="java.ext.dirs" value="/usr/lib/jvm/java-8-oracle/jre/lib/ext:/usr/java/packages/lib/ext" />
    <property name="os.version" value="4.4.0-101-generic" />
    <property name="user.home" value="/home/travis" />
    <property name="env.MIX_ARCHIVES" value="/home/travis/.kiex/mix/elixir-1.4.5" />
    <property name="java.vm.vendor" value="Oracle Corporation" />
    <property name="env.TRAVIS_TAG" value="nightly" />
    <property name="env.TRAVIS_FILTERED" value="redirect_io" />
    <property name="javadoc.excludepackagenames" value="adm.cvs2svn.*,build.*,config.*,doc.coding.templates.*,jni.test.jni.meaningOfLife.*,jni.test.jni.testDeux.*,jni.test.jni.testTrois.*,org.terraswarm.accessor.accessors.web.node_modules.*,org.terraswarm.accessor.accessors.web.hosts.cordova.demo.*,org.terraswarm.accessor.accessors.web.hosts.cordova.plugins.*,org.terraswarm.accessor.accessors-svn.*,pt-modules.*,ptolemy.apps.agilent.*,ptolemy.apps.anytimecontrol.*,ptolemy.apps.apes.*,ptolemy.apps.charon.*,ptolemy.apps.crazyboard.*,ptolemy.apps.eclipse.*,ptolemy.apps.etherealSting.*,ptolemy.apps.fullscreen.*,ptolemy.apps.giotto.*,ptolemy.apps.ia.*,ptolemy.apps.interfaces.*,ptolemy.apps.jmf.*,ptolemy.apps.kurt.*,ptolemy.apps.kvm.*,ptolemy.apps.lego.*,ptolemy.apps.lejos.*,ptolemy.apps.midp.*,ptolemy.apps.mobileCoding.*,ptolemy.apps.pendulum.*,ptolemy.apps.rijndael.*,ptolemy.apps.robot.*,ptolemy.apps.security.*,ptolemy.apps.sobel.*,ptolemy.apps.soot.*,ptolemy.apps.throttle.*,ptolemy.apps.tini.*,ptolemy.apps.transmission.*,ptolemy.apps.vergil.*,ptolemy.apps.waba.*,ptolemy.apps.websensor.*,ptolemy.apps.webstart.*,ptolemy.apps.xsl.*,ptolemy.apps.zaurus.*,ptolemy.backtrack.eclipse.plugin.*,ptolemy.backtrack.test.*,ptolemy.codegen.c.actor.lib.oldJavaFiles.*,ptolemy.codegen.dsp.lib.*,ptolemy.codegen.kernel.newInterfaces.*,ptolemy.codegen.lib.*,ptolemy.copernicus.kernel.fragment.*,ptolemy.copernicus.shallow.cg.*,ptolemy.domains.giotto.demo.Hierarchy.Hierarchy.*,ptolemy.domains.giotto.demo.Multimode.Multimode.*,ptolemy.domains.giotto.demo.Simple.Simple.*,ptolemy.domains.gr.lib.experimental.*,ptolemy.domains.gro.*,ptolemy.domains.pdf.*,ptolemy.domains.ptinyos.demo.Surge.output.*,ptolemy.moml.test.NoPackageActor.java*,ptolemy.plot.adm.*,ptolemy.plot.servlet.*,reports.*,signed.*,src.*,target.*,vendors.*,ptolemy.cg.adapter.generic.program.procedural.c.mbed*,ptolemy.actor.lib.fmi.fmus.omc*,ptolemy.domains.openmodelica*,ptdb.kernel.bl.save.test.*,ptdb.kernel.bl.load.test.*,ptdb.kernel.bl.search.test.*,ptdb.kernel.bl.migration.test.*,ptdb.kernel.database.test.*,ptdb.test.*,ptdb.gui.test.*,org.ptolemy.scala.*,diva.util.java2d.svg.*,ptolemy.domains.ptinyos.*,ptolemy.actor.lib.fmi.fmipp.*,,org.terraswarm.accessor.accessors.web.node_modules.*,org.terraswarm.accessor.accessors-svn,ptolemy.actor.ptalon.demo.ptinyos.SendAndReceiveCnt.output,ptolemy.actor.ptalon.demo.ptinyos.SenseToLeds.output,ptolemy.domains.ptinyos.demo.CntToLedsAndRfm.output,ptolemy.domains.ptinyos.demo.RfmToLeds.output,ptolemy.domains.ptinyos.demo.SendAndReceiveCnt.output,ptolemy.domains.ptinyos.demo.SenseToLeds.output" />
    <property name="env.JAVA_HOME" value="/usr/lib/jvm/java-8-oracle" />
    <property name="env.PTII" value="/home/travis/build/icyphy/ptII" />
    <property name="env.TRAVIS_COMMIT_MESSAGE" value="Exclude more Accessor tests that fail under Travis." />
    <property name="keystore" value="ptKeystore" />
    <property name="env.XDG_SESSION_ID" value="2" />
    <property name="junit.output.dir" value="/home/travis/build/icyphy/ptII/reports/junit" />
    <property name="npm.return.code" value="0" />
    <property name="user.dir" value="/home/travis/build/icyphy/ptII/ptolemy/domains/de/test" />
    <property name="env.TRAVIS_NODE_VERSION" value="7" />
    <property name="env.XFILESEARCHPATH" value="/usr/dt/app-defaults/%L/Dt" />
    <property name="env.TRAVIS_EVENT_TYPE" value="push" />
    <property name="env.MAIL" value="/var/mail/travis" />
    <property name="env.PWD" value="/home/travis/build/icyphy/ptII" />
    <property name="env.PERLBREW_ROOT" value="/home/travis/perl5/perlbrew" />
    <property name="timeout.npm" value="45000" />
    <property name="env.PT_TRAVIS_TEST_CORE2_XML" value="true" />
    <property name="env.PAGER" value="cat" />
    <property name="sun.cpu.endian" value="little" />
    <property name="env.TRAVIS_BUILD_STAGE_NAME" value="Test" />
    <property name="env.PERLBREW_HOME" value="/home/travis/.perlbrew" />
    <property name="env.RAILS_ENV" value="test" />
    <property name="java.vm.version" value="25.151-b12" />
    <property name="java.class.path" value="/home/travis/build/icyphy/ptII:/home/travis/build/icyphy/ptII/lib/bsh-2.0b4.jar:/home/travis/build/icyphy/ptII/lib/ptCal.jar:/home/travis/build/icyphy/ptII/lib/java_cup.jar:/home/travis/build/icyphy/ptII/lib/saxon8.jar:/home/travis/build/icyphy/ptII/lib/saxon8-dom.jar:/home/travis/build/icyphy/ptII/lib/chic.jar:/home/travis/build/icyphy/ptII/lib/ptcolt.jar:/usr/lib/jvm/java-8-oracle/lib/tools.jar:/usr/lib/eclipse/plugins/org.eclipse.jdt.core_3.8.2.dist.jar:/usr/lib/eclipse/plugins/org.eclipse.core.runtime_3.8.0.dist.jar:/usr/lib/eclipse/plugins/org.eclipse.osgi_3.8.1.dist.jar:/usr/lib/eclipse/plugins/org.eclipse.core.resources_3.8.1.dist.jar:/usr/lib/eclipse/plugins/org.eclipse.equinox.common_3.6.100.dist.jar:/usr/lib/eclipse/plugins/org.eclipse.core.jobs_3.5.200.dist.jar:/usr/lib/eclipse/plugins/org.eclipse.core.contenttype_3.4.200.dist.jar:/usr/lib/eclipse/plugins/org.eclipse.equinox.preferences_3.5.0.dist.jar:/usr/lib/eclipse/plugins/org.eclipse.text_3.5.200.dist.jar:/usr/lib/eclipse/plugins/org.eclipse.ui.workbench_3.8.1.dist.jar:/usr/lib/eclipse/plugins/org.eclipse.jface_3.8.0.dist.jar:/usr/lib/eclipse/plugins/org.eclipse.swt_3.8.2.jar:/usr/lib/eclipse/plugins/org.eclipse.jface.text_3.8.1.dist.jar:/usr/lib/eclipse/plugins/org.eclipse.ui.workbench.texteditor_3.8.0.dist.jar:/usr/lib/eclipse/plugins/org.eclipse.ui.editors_3.8.0.dist.jar:/usr/lib/eclipse/plugins/org.eclipse.core.commands_3.6.1.dist.jar:/usr/lib/eclipse/plugins/org.eclipse.equinox.registry_3.5.200.dist.jar:/usr/lib/eclipse/plugins/org.eclipse.ui.console_3.5.100.dist.jar:/usr/lib/eclipse/plugins/org.eclipse.ui.forms_3.5.200.dist.jar:/usr/lib/eclipse/plugins/org.eclipse.ui.ide_3.8.1.dist.jar:/home/travis/build/icyphy/ptII/vendors/oracle/dbxml.jar:/home/travis/build/icyphy/ptII/vendors/oracle/db.jar:/home/travis/build/icyphy/ptII/vendors/misc/itext/iText.jar:/home/travis/build/icyphy/ptII/lib/g4ltl.jar:/home/travis/build/icyphy/ptII/lib/StructuralCoder.jar:/home/travis/build/icyphy/ptII/lib/org-openide-util.jar:/home/travis/build/icyphy/ptII/lib/org-openide-util-lookup.jar:/home/travis/build/icyphy/ptII/lib/org-netbeans-api-visual.jar:/home/travis/build/icyphy/ptII/vendors/jai-1_1_2_01/lib/jai_core.jar:/home/travis/build/icyphy/ptII/vendors/jai-1_1_2_01/lib/jai_codec.jar:/home/travis/build/icyphy/ptII/lib/jcerti.jar:/home/travis/build/icyphy/ptII/lib/smack.jar:/home/travis/build/icyphy/ptII/lib/smackx.jar:/home/travis/build/icyphy/ptII/lib/jetty-all-8.1.5-v20120716.jar:/home/travis/build/icyphy/ptII/lib/javax.servlet-api-3.0.1.jar:/home/travis/build/icyphy/ptII/lib/javax.mail.jar:/home/travis/build/icyphy/ptII/vendors/JMF-2.1.1e/lib/jmf.jar:/home/travis/build/icyphy/ptII/lib/jna-4.0.0-variadic.jar:/home/travis/build/icyphy/ptII/vendors/misc/joystick/Joystick.jar:/home/travis/build/icyphy/ptII/lib/ptjacl.jar:/home/travis/build/icyphy/ptII/lib/jsoup-1.8.2.jar:/home/travis/build/icyphy/ptII/lib/junit-4.8.2.jar:/home/travis/build/icyphy/ptII/lib/JUnitParams-0.4.0.jar:/home/travis/build/icyphy/ptII/ptolemy/actor/lib/excel/jxl.jar:/home/travis/build/icyphy/ptII/lib/jython.jar:/home/travis/build/icyphy/ptII/lib/kieler.jar:/home/travis/build/icyphy/ptII/vendors/opencv/share/OpenCV/java/opencv-341.jar:/home/travis/build/icyphy/ptII/lib/oscP5.jar:/home/travis/build/icyphy/ptII/lib/nrjavaserial-3.11.0.devel.jar:/usr/share/java/j3dcore.jar:/usr/share/java/j3dutils.jar:/usr/share/java/vecmath.jar:/home/travis/build/icyphy/ptII/ptolemy/distributed/jini/jar/jini-core.jar:/home/travis/build/icyphy/ptII/ptolemy/distributed/jini/jar/jini-ext.jar:/home/travis/build/icyphy/ptII/ptolemy/distributed/jini/jar/sun-util.jar:/home/travis/build/icyphy/ptII/lib/protobuf-java-2.4.1.jar:/home/travis/build/icyphy/ptII/lib/org.eclipse.paho.client.mqttv3.jar:/home/travis/build/icyphy/ptII/ptserver/lib/hessian-4.0.7.jar:/home/travis/build/icyphy/ptII/ptserver/lib/wmqtt.jar:/home/travis/build/icyphy/ptII/lib/mapss.jar:/home/travis/build/icyphy/ptII/ptolemy/actor/ptalon/antlr/antlr.jar:/home/travis/build/icyphy/ptII/lib/JRI.jar:/home/travis/build/icyphy/ptII/lib/commons-lang-2.6.jar:/home/travis/build/icyphy/ptII/lib/commons-logging-1.1.1.jar:/home/travis/build/icyphy/ptII/lib/sootclasses.jar:/home/travis/build/icyphy/ptII/ptolemy/actor/lib/database/mysql-connector-java-5.1.6-bin.jar:/home/travis/build/icyphy/ptII/vendors/misc/sphinx4/sphinx4-data-5prealpha.jar:/home/travis/build/icyphy/ptII/vendors/misc/sphinx4/sphinx4-core-5prealpha.jar:/home/travis/build/icyphy/ptII/lib/PDFRenderer.jar:/home/travis/build/icyphy/ptII/lib/svgSalamander.jar:/home/travis/build/icyphy/ptII/lib/rsyntaxtextarea-2.6.0-SNAPSHOT.jar:/home/travis/build/icyphy/ptII/lib/hazelcast-3.8.2.jar:/home/travis/build/icyphy/ptII/lib/jackson-annotations-2.9.0.jar:/home/travis/build/icyphy/ptII/lib/jackson-core-2.9.3.jar:/home/travis/build/icyphy/ptII/lib/jackson-databind-2.9.3.jar:/home/travis/build/icyphy/ptII/lib/netty-buffer-4.1.19.Final.jar:/home/travis/build/icyphy/ptII/lib/netty-codec-4.1.19.Final.jar:/home/travis/build/icyphy/ptII/lib/netty-codec-dns-4.1.19.Final.jar:/home/travis/build/icyphy/ptII/lib/netty-codec-http-4.1.19.Final.jar:/home/travis/build/icyphy/ptII/lib/netty-codec-http2-4.1.19.Final.jar:/home/travis/build/icyphy/ptII/lib/netty-common-4.1.19.Final.jar:/home/travis/build/icyphy/ptII/lib/netty-handler-4.1.19.Final.jar:/home/travis/build/icyphy/ptII/lib/netty-resolver-4.1.19.Final.jar:/home/travis/build/icyphy/ptII/lib/netty-resolver-dns-4.1.19.Final.jar:/home/travis/build/icyphy/ptII/lib/netty-transport-4.1.19.Final.jar:/home/travis/build/icyphy/ptII/lib/vertx-codegen-3.5.1.jar:/home/travis/build/icyphy/ptII/lib/vertx-core-3.5.2-SNAPSHOT.jar:/home/travis/build/icyphy/ptII/lib/vertx-hazelcast-3.5.1.jar:/home/travis/build/icyphy/ptII/lib/vertx-lang-js-3.5.1.jar:/home/travis/build/icyphy/ptII/lib/vertx-service-proxy-3.5.1.jar:/home/travis/build/icyphy/ptII/lib/vertx-web-3.5.1.jar:/home/travis/build/icyphy/ptII/lib/slf4j-api-1.7.13.jar:/home/travis/build/icyphy/ptII/lib/slf4j-simple-1.7.13.jar:/home/travis/build/icyphy/ptII/lib/webcam-capture-0.3.12.jar:/home/travis/build/icyphy/ptII/lib/bridj-0.7.0.jar:/home/travis/build/icyphy/ptII/lib/xbjlib-1.1.0.nrjavaserial.jar:/home/travis/build/icyphy/ptII/ptolemy/moml/test:/home/travis/build/icyphy/ptII/ant/lib/ant-launcher.jar:/home/travis/build/icyphy/ptII/ant/lib/ant.jar:/home/travis/build/icyphy/ptII/ant/lib/ant-junit.jar:/home/travis/build/icyphy/ptII/ant/lib/ant-junit4.jar" />
    <property name="ant.library.dir" value="/home/travis/build/icyphy/ptII/ant/lib" />
    <property name="os.arch" value="amd64" />
    <property name="env.TRAVIS_LANGUAGE" value="node_js" />
    <property name="env.CONTINUOUS_INTEGRATION" value="true" />
    <property name="env.TRAVIS_STACK_LANGUAGES" value="__garnet__ c c++ clojure cplusplus cpp default go groovy java node_js php pure_java python ruby scala" />
    <property name="test.name" value="ptolemy.actor.lib.test.junit.JUnitTclTest" />
    <property name="sun.java.launcher" value="SUN_STANDARD" />
    <property name="env.PYTHON_CONFIGURE_OPTS" value="--enable-unicode=ucs4 --with-wide-unicode --enable-shared --enable-ipv6 --enable-loadable-sqlite-extensions --with-computed-gotos" />
    <property name="ant.core.lib" value="/home/travis/build/icyphy/ptII/ant/lib/ant.jar" />
    <property name="java.vm.specification.vendor" value="Oracle Corporation" />
    <property name="env.BCVTB_HOME" value="/home/travis/build/icyphy/ptII/lbnl" />
    <property name="file.separator" value="/" />
    <property name="java.runtime.version" value="1.8.0_151-b12" />
    <property name="spotbugs.home" value="/home/travis/build/icyphy/ptII/vendors/spotbugs-3.1.1" />
    <property name="sun.boot.class.path" value="/usr/lib/jvm/java-8-oracle/jre/lib/resources.jar:/usr/lib/jvm/java-8-oracle/jre/lib/rt.jar:/usr/lib/jvm/java-8-oracle/jre/lib/sunrsasign.jar:/usr/lib/jvm/java-8-oracle/jre/lib/jsse.jar:/usr/lib/jvm/java-8-oracle/jre/lib/jce.jar:/usr/lib/jvm/java-8-oracle/jre/lib/charsets.jar:/usr/lib/jvm/java-8-oracle/jre/lib/jfr.jar:/usr/lib/jvm/java-8-oracle/jre/classes" />
    <property name="env.HAS_JOSH_K_SEAL_OF_APPROVAL" value="true" />
    <property name="env.TRAVIS_OSX_IMAGE" value="" />
    <property name="env.XDG_RUNTIME_DIR" value="/run/user/2000" />
    <property name="env.TRAVIS_BRANCH" value="master" />
    <property name="env.TRAVIS_JOB_ID" value="386853210" />
    <property name="env.CERTI_HOME_TRAVIS" value="/home/travis/pthla/certi-tools" />
    <property name="user.country" value="US" />
    <property name="env.SHELL" value="/bin/bash" />
    <property name="java.maxmemory.large" value="5000m" />
    <property name="model" value="" />
    <property name="env.CASHER_DIR" value="/home/travis/.casher" />
    <property name="env.NVM_CD_FLAGS" value="" />
    <property name="jshint.executable" value="/home/travis/node_modules/jshint/bin/jshint" />
    <property name="java.vendor" value="Oracle Corporation" />
    <property name="env.JRUBY_OPTS" value=" --client -J-XX:+TieredCompilation -J-XX:TieredStopAtLevel=1 -J-Xss2m -Xcompile.invokedynamic=false" />
    <property name="env.TRAVIS_PRE_CHEF_BOOTSTRAP_TIME" value="2017-12-05T19:32:55" />
    <property name="env.TRAVIS_STACK_JOB_BOARD_REGISTER" value="/.job-board-register.yml" />
    <property name="env.ELIXIR_VERSION" value="1.4.5" />
    <property name="java.specification.version" value="1.8" />
    <property name="env.IRBRC" value="/home/travis/.rvm/rubies/ruby-2.4.1/.irbrc" />
    <property name="env.TRAVIS" value="true" />
    <property name="sun.arch.data.model" value="64" />
  </properties>
  <testcase classname="ptolemy.util.test.junit.TclTests" name="[0] /home/travis/build/icyphy/ptII/ptolemy/domains/de/test/DependencyLoop.tcl (RunTclFile)" time="0.692" />
  <testcase classname="ptolemy.util.test.junit.TclTests" name="[1] /home/travis/build/icyphy/ptII/ptolemy/domains/de/test/RunDETestsAsQSS.tcl (RunTclFile)" time="83.585" />
  <testcase classname="ptolemy.util.test.junit.AutoKnownFailedTests" name="[0] /home/travis/build/icyphy/ptII/ptolemy/domains/de/test/auto/knownFailedTests/DESDFClockTest.xml (RunModel)" time="2.033" />
  <testcase classname="ptolemy.util.test.junit.AutoKnownFailedTests" name="[1] /home/travis/build/icyphy/ptII/ptolemy/domains/de/test/auto/knownFailedTests/DirectFeedback.xml (RunModel)" time="0.01" />
  <testcase classname="ptolemy.util.test.junit.AutoKnownFailedTests" name="[2] /home/travis/build/icyphy/ptII/ptolemy/domains/de/test/auto/knownFailedTests/FSMSource.xml (RunModel)" time="0.012" />
  <testcase classname="ptolemy.util.test.junit.AutoKnownFailedTests" name="[3] /home/travis/build/icyphy/ptII/ptolemy/domains/de/test/auto/knownFailedTests/HierarchicalModel.xml (RunModel)" time="0.021" />
  <testcase classname="ptolemy.util.test.junit.AutoKnownFailedTests" name="[4] /home/travis/build/icyphy/ptII/ptolemy/domains/de/test/auto/knownFailedTests/dependencyLoop.xml (RunModel)" time="0.025" />
  <testcase classname="ptolemy.util.test.junit.AutoKnownFailedTests" name="[5] /home/travis/build/icyphy/ptII/ptolemy/domains/de/test/auto/knownFailedTests/dependencyLoop2.xml (RunModel)" time="0.025" />
  <testcase classname="ptolemy.util.test.junit.AutoNameArchTests" name="[0] ThereAreNoAutoArchTests (RunModel)" time="0.0" />
  <testcase classname="ptolemy.util.test.junit.AutoTests" name="[0] /home/travis/build/icyphy/ptII/ptolemy/domains/de/test/auto/ActorDepthCalculation_actorWithoutPorts.xml (RunModel)" time="0.008" />
  <testcase classname="ptolemy.util.test.junit.AutoTests" name="[1] /home/travis/build/icyphy/ptII/ptolemy/domains/de/test/auto/AssemblyLine.xml (RunModel)" time="0.009" />
  <testcase classname="ptolemy.util.test.junit.AutoTests" name="[2] /home/travis/build/icyphy/ptII/ptolemy/domains/de/test/auto/CQBug1.xml (RunModel)" time="0.004" />
  <testcase classname="ptolemy.util.test.junit.AutoTests" name="[3] /home/travis/build/icyphy/ptII/ptolemy/domains/de/test/auto/CancelFireAt.xml (RunModel)" time="0.01" />
  <testcase classname="ptolemy.util.test.junit.AutoTests" name="[4] /home/travis/build/icyphy/ptII/ptolemy/domains/de/test/auto/CausalityAndComposabilityAnalysis.xml (RunModel)" time="0.006" />
  <testcase classname="ptolemy.util.test.junit.AutoTests" name="[5] /home/travis/build/icyphy/ptII/ptolemy/domains/de/test/auto/CausalityInterface1.xml (RunModel)" time="0.008" />
  <testcase classname="ptolemy.util.test.junit.AutoTests" name="[6] /home/travis/build/icyphy/ptII/ptolemy/domains/de/test/auto/CausalityInterface15.xml (RunModel)" time="0.011" />
  <testcase classname="ptolemy.util.test.junit.AutoTests" name="[7] /home/travis/build/icyphy/ptII/ptolemy/domains/de/test/auto/CausalityInterface2.xml (RunModel)" time="0.007" />
  <testcase classname="ptolemy.util.test.junit.AutoTests" name="[8] /home/travis/build/icyphy/ptII/ptolemy/domains/de/test/auto/CausalityInterface3.xml (RunModel)" time="0.01" />
  <testcase classname="ptolemy.util.test.junit.AutoTests" name="[9] /home/travis/build/icyphy/ptII/ptolemy/domains/de/test/auto/ClockDrift.xml (RunModel)" time="0.033" />
  <testcase classname="ptolemy.util.test.junit.AutoTests" name="[10] /home/travis/build/icyphy/ptII/ptolemy/domains/de/test/auto/ClockDriftAndValueChange.xml (RunModel)" time="0.02" />
  <testcase classname="ptolemy.util.test.junit.AutoTests" name="[11] /home/travis/build/icyphy/ptII/ptolemy/domains/de/test/auto/ClockDriftChange.xml (RunModel)" time="0.016" />
  <testcase classname="ptolemy.util.test.junit.AutoTests" name="[12] /home/travis/build/icyphy/ptII/ptolemy/domains/de/test/auto/ComposableCausalityAnalysis.xml (RunModel)" time="0.011" />
  <testcase classname="ptolemy.util.test.junit.AutoTests" name="[13] /home/travis/build/icyphy/ptII/ptolemy/domains/de/test/auto/DEFixedPointLimitation.xml (RunModel)" time="0.005" />
  <testcase classname="ptolemy.util.test.junit.AutoTests" name="[14] /home/travis/build/icyphy/ptII/ptolemy/domains/de/test/auto/DEScheduleTest.xml (RunModel)" time="0.023" />
  <testcase classname="ptolemy.util.test.junit.AutoTests" name="[15] /home/travis/build/icyphy/ptII/ptolemy/domains/de/test/auto/DEinDEwithStartTimes.xml (RunModel)" time="0.013" />
  <testcase classname="ptolemy.util.test.junit.AutoTests" name="[16] /home/travis/build/icyphy/ptII/ptolemy/domains/de/test/auto/DEinDEwithStartTimes2.xml (RunModel)" time="0.01" />
  <testcase classname="ptolemy.util.test.junit.AutoTests" name="[17] /home/travis/build/icyphy/ptII/ptolemy/domains/de/test/auto/DateDemo.xml (RunModel)" time="0.026" />
  <testcase classname="ptolemy.util.test.junit.AutoTests" name="[18] /home/travis/build/icyphy/ptII/ptolemy/domains/de/test/auto/DateToEvent.xml (RunModel)" time="2.026" />
  <testcase classname="ptolemy.util.test.junit.AutoTests" name="[19] /home/travis/build/icyphy/ptII/ptolemy/domains/de/test/auto/DepthTest1.xml (RunModel)" time="0.008" />
  <testcase classname="ptolemy.util.test.junit.AutoTests" name="[20] /home/travis/build/icyphy/ptII/ptolemy/domains/de/test/auto/DepthTest2.xml (RunModel)" time="0.009" />
  <testcase classname="ptolemy.util.test.junit.AutoTests" name="[21] /home/travis/build/icyphy/ptII/ptolemy/domains/de/test/auto/DepthTest3.xml (RunModel)" time="0.004" />
  <testcase classname="ptolemy.util.test.junit.AutoTests" name="[22] /home/travis/build/icyphy/ptII/ptolemy/domains/de/test/auto/DepthTest4.xml (RunModel)" time="0.007" />
  <testcase classname="ptolemy.util.test.junit.AutoTests" name="[23] /home/travis/build/icyphy/ptII/ptolemy/domains/de/test/auto/DepthTest5.xml (RunModel)" time="0.007" />
  <testcase classname="ptolemy.util.test.junit.AutoTests" name="[24] /home/travis/build/icyphy/ptII/ptolemy/domains/de/test/auto/DepthTest6.xml (RunModel)" time="0.007" />
  <testcase classname="ptolemy.util.test.junit.AutoTests" name="[25] /home/travis/build/icyphy/ptII/ptolemy/domains/de/test/auto/DepthTest7.xml (RunModel)" time="0.007" />
  <testcase classname="ptolemy.util.test.junit.AutoTests" name="[26] /home/travis/build/icyphy/ptII/ptolemy/domains/de/test/auto/EventToDate.xml (RunModel)" time="3.028" />
  <testcase classname="ptolemy.util.test.junit.AutoTests" name="[27] /home/travis/build/icyphy/ptII/ptolemy/domains/de/test/auto/FSM1.xml (RunModel)" time="0.02" />
  <testcase classname="ptolemy.util.test.junit.AutoTests" name="[28] /home/travis/build/icyphy/ptII/ptolemy/domains/de/test/auto/FSM7.xml (RunModel)" time="0.016" />
  <testcase classname="ptolemy.util.test.junit.AutoTests" name="[29] /home/travis/build/icyphy/ptII/ptolemy/domains/de/test/auto/Inspection.xml (RunModel)" time="0.023" />
  <testcase classname="ptolemy.util.test.junit.AutoTests" name="[30] /home/travis/build/icyphy/ptII/ptolemy/domains/de/test/auto/Iteration.xml (RunModel)" time="0.011" />
  <testcase classname="ptolemy.util.test.junit.AutoTests" name="[31] /home/travis/build/icyphy/ptII/ptolemy/domains/de/test/auto/LineFault.xml (RunModel)" time="0.351" />
  <testcase classname="ptolemy.util.test.junit.AutoTests" name="[32] /home/travis/build/icyphy/ptII/ptolemy/domains/de/test/auto/MergeModel1Add.xml (RunModel)" time="0.023" />
  <testcase classname="ptolemy.util.test.junit.AutoTests" name="[33] /home/travis/build/icyphy/ptII/ptolemy/domains/de/test/auto/MergeModel2Add.xml (RunModel)" time="0.023" />
  <testcase classname="ptolemy.util.test.junit.AutoTests" name="[34] /home/travis/build/icyphy/ptII/ptolemy/domains/de/test/auto/MergeModel3Add.xml (RunModel)" time="0.021" />
  <testcase classname="ptolemy.util.test.junit.AutoTests" name="[35] /home/travis/build/icyphy/ptII/ptolemy/domains/de/test/auto/MergeWithoutDiscard.xml (RunModel)" time="0.005" />
  <testcase classname="ptolemy.util.test.junit.AutoTests" name="[36] /home/travis/build/icyphy/ptII/ptolemy/domains/de/test/auto/Modal1.xml (RunModel)" time="0.015" />
  <testcase classname="ptolemy.util.test.junit.AutoTests" name="[37] /home/travis/build/icyphy/ptII/ptolemy/domains/de/test/auto/Modal2.xml (RunModel)" time="0.014" />
  <testcase classname="ptolemy.util.test.junit.AutoTests" name="[38] /home/travis/build/icyphy/ptII/ptolemy/domains/de/test/auto/Modal3.xml (RunModel)" time="0.015" />
  <testcase classname="ptolemy.util.test.junit.AutoTests" name="[39] /home/travis/build/icyphy/ptII/ptolemy/domains/de/test/auto/Modal4.xml (RunModel)" time="0.016" />
  <testcase classname="ptolemy.util.test.junit.AutoTests" name="[40] /home/travis/build/icyphy/ptII/ptolemy/domains/de/test/auto/Modal5.xml (RunModel)" time="0.015" />
  <testcase classname="ptolemy.util.test.junit.AutoTests" name="[41] /home/travis/build/icyphy/ptII/ptolemy/domains/de/test/auto/Modal6.xml (RunModel)" time="0.015" />
  <testcase classname="ptolemy.util.test.junit.AutoTests" name="[42] /home/travis/build/icyphy/ptII/ptolemy/domains/de/test/auto/Modal7.xml (RunModel)" time="0.016" />
  <testcase classname="ptolemy.util.test.junit.AutoTests" name="[43] /home/travis/build/icyphy/ptII/ptolemy/domains/de/test/auto/ModalModel.xml (RunModel)" time="0.094" />
  <testcase classname="ptolemy.util.test.junit.AutoTests" name="[44] /home/travis/build/icyphy/ptII/ptolemy/domains/de/test/auto/ModalSource.xml (RunModel)" time="0.01" />
  <testcase classname="ptolemy.util.test.junit.AutoTests" name="[45] /home/travis/build/icyphy/ptII/ptolemy/domains/de/test/auto/NonInterruptibleTimerZeroDelay.xml (RunModel)" time="0.006" />
  <testcase classname="ptolemy.util.test.junit.AutoTests" name="[46] /home/travis/build/icyphy/ptII/ptolemy/domains/de/test/auto/OpenQueueingNetwork.xml (RunModel)" time="1.532" />
  <testcase classname="ptolemy.util.test.junit.AutoTests" name="[47] /home/travis/build/icyphy/ptII/ptolemy/domains/de/test/auto/OpenQueuingNetwork.xml (RunModel)" time="0.24" />
  <testcase classname="ptolemy.util.test.junit.AutoTests" name="[48] /home/travis/build/icyphy/ptII/ptolemy/domains/de/test/auto/PeriodicSampler.xml (RunModel)" time="0.013" />
  <testcase classname="ptolemy.util.test.junit.AutoTests" name="[49] /home/travis/build/icyphy/ptII/ptolemy/domains/de/test/auto/PersistentIO.xml (RunModel)" time="0.027" />
  <testcase classname="ptolemy.util.test.junit.AutoTests" name="[50] /home/travis/build/icyphy/ptII/ptolemy/domains/de/test/auto/PortParameterResetOnInitialize.xml (RunModel)" time="0.008" />
  <testcase classname="ptolemy.util.test.junit.AutoTests" name="[51] /home/travis/build/icyphy/ptII/ptolemy/domains/de/test/auto/PortParameterUpdates.xml (RunModel)" time="0.015" />
  <testcase classname="ptolemy.util.test.junit.AutoTests" name="[52] /home/travis/build/icyphy/ptII/ptolemy/domains/de/test/auto/QueueAndServer.xml (RunModel)" time="0.019" />
  <testcase classname="ptolemy.util.test.junit.AutoTests" name="[53] /home/travis/build/icyphy/ptII/ptolemy/domains/de/test/auto/Records.xml (RunModel)" time="0.013" />
  <testcase classname="ptolemy.util.test.junit.AutoTests" name="[54] /home/travis/build/icyphy/ptII/ptolemy/domains/de/test/auto/ResetTransitionWithStartTime1.xml (RunModel)" time="0.014" />
  <testcase classname="ptolemy.util.test.junit.AutoTests" name="[55] /home/travis/build/icyphy/ptII/ptolemy/domains/de/test/auto/ResetTransitionWithStartTime2.xml (RunModel)" time="0.013" />
  <testcase classname="ptolemy.util.test.junit.AutoTests" name="[56] /home/travis/build/icyphy/ptII/ptolemy/domains/de/test/auto/ResetTransitionWithStartTime3.xml (RunModel)" time="0.014" />
  <testcase classname="ptolemy.util.test.junit.AutoTests" name="[57] /home/travis/build/icyphy/ptII/ptolemy/domains/de/test/auto/ResetTransitionWithStartTime4.xml (RunModel)" time="0.013" />
  <testcase classname="ptolemy.util.test.junit.AutoTests" name="[58] /home/travis/build/icyphy/ptII/ptolemy/domains/de/test/auto/ResettableTimer1.xml (RunModel)" time="0.008" />
  <testcase classname="ptolemy.util.test.junit.AutoTests" name="[59] /home/travis/build/icyphy/ptII/ptolemy/domains/de/test/auto/ResettableTimer2.xml (RunModel)" time="0.008" />
  <testcase classname="ptolemy.util.test.junit.AutoTests" name="[60] /home/travis/build/icyphy/ptII/ptolemy/domains/de/test/auto/ResettableTimer3.xml (RunModel)" time="0.006" />
  <testcase classname="ptolemy.util.test.junit.AutoTests" name="[61] /home/travis/build/icyphy/ptII/ptolemy/domains/de/test/auto/ResettableTimer4.xml (RunModel)" time="0.006" />
  <testcase classname="ptolemy.util.test.junit.AutoTests" name="[62] /home/travis/build/icyphy/ptII/ptolemy/domains/de/test/auto/ResettableTimer5.xml (RunModel)" time="0.007" />
  <testcase classname="ptolemy.util.test.junit.AutoTests" name="[63] /home/travis/build/icyphy/ptII/ptolemy/domains/de/test/auto/ResettableTimer6.xml (RunModel)" time="0.008" />
  <testcase classname="ptolemy.util.test.junit.AutoTests" name="[64] /home/travis/build/icyphy/ptII/ptolemy/domains/de/test/auto/ServerZeroDelay.xml (RunModel)" time="0.014" />
  <testcase classname="ptolemy.util.test.junit.AutoTests" name="[65] /home/travis/build/icyphy/ptII/ptolemy/domains/de/test/auto/SmartSender.xml (RunModel)" time="3.007" />
  <testcase classname="ptolemy.util.test.junit.AutoTests" name="[66] /home/travis/build/icyphy/ptII/ptolemy/domains/de/test/auto/ThreadedComposite.xml (RunModel)" time="0.114" />
  <testcase classname="ptolemy.util.test.junit.AutoTests" name="[67] /home/travis/build/icyphy/ptII/ptolemy/domains/de/test/auto/Time.xml (RunModel)" time="0.395" />
  <testcase classname="ptolemy.util.test.junit.AutoTests" name="[68] /home/travis/build/icyphy/ptII/ptolemy/domains/de/test/auto/TimeDelayZeroDelay.xml (RunModel)" time="0.009" />
  <testcase classname="ptolemy.util.test.junit.AutoTests" name="[69] /home/travis/build/icyphy/ptII/ptolemy/domains/de/test/auto/TimerZeroDelay.xml (RunModel)" time="0.008" />
  <testcase classname="ptolemy.util.test.junit.AutoTests" name="[70] /home/travis/build/icyphy/ptII/ptolemy/domains/de/test/auto/TimingParadox.xml (RunModel)" time="0.35" />
  <testcase classname="ptolemy.util.test.junit.AutoTests" name="[71] /home/travis/build/icyphy/ptII/ptolemy/domains/de/test/auto/TransferInputs.xml (RunModel)" time="0.013" />
  <testcase classname="ptolemy.util.test.junit.AutoTests" name="[72] /home/travis/build/icyphy/ptII/ptolemy/domains/de/test/auto/TransferOutputs2.xml (RunModel)" time="0.013" />
  <testcase classname="ptolemy.util.test.junit.AutoTests" name="[73] /home/travis/build/icyphy/ptII/ptolemy/domains/de/test/auto/Trilateration.xml (RunModel)" time="10.509" />
  <testcase classname="ptolemy.util.test.junit.AutoTests" name="[74] /home/travis/build/icyphy/ptII/ptolemy/domains/de/test/auto/TwoSigmaDelta.xml (RunModel)" time="1.966" />
  <testcase classname="ptolemy.util.test.junit.AutoTests" name="[75] /home/travis/build/icyphy/ptII/ptolemy/domains/de/test/auto/VariableDelay.xml (RunModel)" time="0.008" />
  <testcase classname="ptolemy.util.test.junit.AutoTests" name="[76] /home/travis/build/icyphy/ptII/ptolemy/domains/de/test/auto/VariableDelay2.xml (RunModel)" time="0.007" />
  <testcase classname="ptolemy.util.test.junit.AutoTests" name="[77] /home/travis/build/icyphy/ptII/ptolemy/domains/de/test/auto/VariableDelayZeroDelay.xml (RunModel)" time="0.008" />
  <testcase classname="ptolemy.util.test.junit.AutoTests" name="[78] /home/travis/build/icyphy/ptII/ptolemy/domains/de/test/auto/VariableDelayZeroDelay2.xml (RunModel)" time="0.007" />
  <testcase classname="ptolemy.util.test.junit.AutoTests" name="[79] /home/travis/build/icyphy/ptII/ptolemy/domains/de/test/auto/deInCt.xml (RunModel)" time="0.011" />
  <testcase classname="ptolemy.util.test.junit.AutoTests" name="[80] /home/travis/build/icyphy/ptII/ptolemy/domains/de/test/auto/deInCt2.xml (RunModel)" time="0.017" />
  <testcase classname="ptolemy.util.test.junit.AutoTests" name="[81] /home/travis/build/icyphy/ptII/ptolemy/domains/de/test/auto/dynamicCausalityInterface1.xml (RunModel)" time="0.018" />
  <testcase classname="ptolemy.util.test.junit.AutoTests" name="[82] /home/travis/build/icyphy/ptII/ptolemy/domains/de/test/auto/fsm_de_test.xml (RunModel)" time="0.023" />
  <testcase classname="ptolemy.util.test.junit.AutoTests" name="[83] /home/travis/build/icyphy/ptII/ptolemy/domains/de/test/auto/functionDependencyReconstruction.xml (RunModel)" time="0.031" />
  <testcase classname="ptolemy.util.test.junit.AutoTests" name="[84] /home/travis/build/icyphy/ptII/ptolemy/domains/de/test/auto/multirate.xml (RunModel)" time="0.015" />
  <testcase classname="ptolemy.util.test.junit.AutoTests" name="[85] /home/travis/build/icyphy/ptII/ptolemy/domains/de/test/auto/multirate2.xml (RunModel)" time="0.014" />
  <testcase classname="ptolemy.util.test.junit.AutoTests" name="[86] /home/travis/build/icyphy/ptII/ptolemy/domains/de/test/auto/realtime.xml (RunModel)" time="10.008" />
  <testcase classname="ptolemy.util.test.junit.AutoTests" name="[87] /home/travis/build/icyphy/ptII/ptolemy/domains/de/test/auto/relationGroup.xml (RunModel)" time="0.006" />
  <testcase classname="ptolemy.util.test.junit.AutoTests" name="[88] /home/travis/build/icyphy/ptII/ptolemy/domains/de/test/auto/relationGroup2.xml (RunModel)" time="0.005" />
  <testcase classname="ptolemy.util.test.junit.AutoTests" name="[89] /home/travis/build/icyphy/ptII/ptolemy/domains/de/test/auto/sortWithOpaquePorts.xml (RunModel)" time="0.011" />
  <testcase classname="ptolemy.util.test.junit.AutoTests" name="[90] /home/travis/build/icyphy/ptII/ptolemy/domains/de/test/auto/transferInputsandOutputs.xml (RunModel)" time="0.021" />
  <testcase classname="ptolemy.util.test.junit.AutoTests" name="[91] /home/travis/build/icyphy/ptII/ptolemy/domains/de/test/auto/triggerType.xml (RunModel)" time="0.008" />
  <system-out><![CDATA[/home/travis/build/icyphy/ptII/ptolemy/domains/de/test/DependencyLoop.tcl
testDefs.tcl: setting time out to 9000 seconds at Fri Jun 01 21:04:13 UTC 2018
15 ms. Memory: 116224K Free: 95027K (82%)
14 ms. Memory: 146944K Free: 137914K (94%)
/home/travis/build/icyphy/ptII/ptolemy/domains/de/test/RunDETestsAsQSS.tcl
Run the DE tests using ptolemy.domains.qss.test.QSSDirectorTest, which extends QSSDirector and prints a message in the constructors.
------------------ testing $PTII/ptolemy/domains/de/test/auto/knownFailedTests/dependencyLoop.xml (Known Failure) 
10 ms. Memory: 146944K Free: 133647K (91%)


==== $PTIIhome/travis/build/icyphy/ptII/ptolemy/domains/de/test/../../../../: Auto Automatic test in file $PTII/ptolemy/domains/de/test/auto/knownFailedTests/dependencyLoop.xml
==== Contents of test case:

	    # FIXME: we should use $relativeFilename here, but it
	    # might have backslashes under Windows, which causes no end
	    # of trouble.
	    createAndExecute $file
	    list {}
	
.... Test generated KNOWN error:
    while executing
ptolemy.kernel.util.IllegalActionException: Found a zero delay loop containing .dependencyLoop.original
  in .dependencyLoop and .dependencyLoop.original
	at ptolemy.actor.util.CausalityInterfaceForComposites._computeOutputPortDepth(CausalityInterfaceForComposites.java:759)
	at ptolemy.actor.util.CausalityInterfaceForComposites._computeInputDepth(CausalityInterfaceForComposites.java:696)
	at ptolemy.actor.util.CausalityInterfaceForComposites._computeOutputPortDepth(CausalityInterfaceForComposites.java:765)
	at ptolemy.actor.util.CausalityInterfaceForComposites._computeInputDepth(CausalityInterfaceForComposites.java:696)
	at ptolemy.actor.util.CausalityInterfaceForComposites._computeOutputPortDepth(CausalityInterfaceForComposites.java:765)
	at ptolemy.actor.util.CausalityInterfaceForComposites._computeInputDepth(CausalityInterfaceForComposites.java:696)
	at ptolemy.actor.util.CausalityInterfaceForComposites._computeActorDepth(CausalityInterfaceForComposites.java:532)
	at ptolemy.actor.util.CausalityInterfaceForComposites.checkForCycles(CausalityInterfaceForComposites.java:96)
	at ptolemy.domains.de.kernel.DEDirector.preinitialize(DEDirector.java:1337)
	at ptolemy.actor.CompositeActor.preinitialize(CompositeActor.java:1828)
	at ptolemy.actor.Manager.preinitializeAndResolveTypes(Manager.java:1040)
	at ptolemy.actor.Manager.initialize(Manager.java:710)
	at ptolemy.actor.Manager.execute(Manager.java:356)
	at ptolemy.actor.Manager.run(Manager.java:1263)
	at ptolemy.actor.Manager$PtolemyRunThread.run(Manager.java:1915)

    while executing
ptolemy.kernel.util.IllegalActionException: Found a zero delay loop containing .dependencyLoop.original
  in .dependencyLoop and .dependencyLoop.original
    while executing
"java::new ptolemy.moml.MoMLSimpleApplication $file
"
    (procedure "createAndExecute" line 2)
    invoked from within
"createAndExecute $file"
    ("uplevel" body line 5)
    invoked from within
"uplevel $contents_of_test"
------------------ testing $PTII/ptolemy/domains/de/test/auto/knownFailedTests/DESDFClockTest.xml (Known Failure) 
2089 ms. Memory: 146944K Free: 117920K (80%)


==== $PTIIhome/travis/build/icyphy/ptII/ptolemy/domains/de/test/../../../../: Auto Automatic test in file $PTII/ptolemy/domains/de/test/auto/knownFailedTests/DESDFClockTest.xml
==== Contents of test case:

	    # FIXME: we should use $relativeFilename here, but it
	    # might have backslashes under Windows, which causes no end
	    # of trouble.
	    createAndExecute $file
	    list {}
	
.... Test generated KNOWN error:
    while executing
ptolemy.kernel.util.IllegalActionException: Actor is not ready to fire.  Perhaps UpSample.prefire() returned false? Try debugging the actor by selecting "Listen to Actor".  Also, for SDF check moml for tokenConsumptionRate on input.
  in .DESDFClockTest.Play Bell.Copy1:SDF Director and .DESDFClockTest.Play Bell.UpSample
	at ptolemy.actor.sched.StaticSchedulingDirector.fire(StaticSchedulingDirector.java:227)
	at ptolemy.domains.sdf.kernel.SDFDirector.fire(SDFDirector.java:500)
	at ptolemy.actor.CompositeActor.fire(CompositeActor.java:455)
	at ptolemy.domains.de.kernel.DEDirector._fire(DEDirector.java:1948)
	at ptolemy.domains.de.kernel.DEDirector.fire(DEDirector.java:502)
	at ptolemy.actor.CompositeActor.fire(CompositeActor.java:455)
	at ptolemy.actor.Manager.iterate(Manager.java:851)
	at ptolemy.actor.Manager.execute(Manager.java:369)
	at ptolemy.actor.Manager.run(Manager.java:1263)
	at ptolemy.actor.Manager$PtolemyRunThread.run(Manager.java:1915)

    while executing
ptolemy.kernel.util.IllegalActionException: Actor is not ready to fire.  Perhaps UpSample.prefire() returned false? Try debugging the actor by selecting "Listen to Actor".  Also, for SDF check moml for tokenConsumptionRate on input.
  in .DESDFClockTest.Play Bell.Copy1:SDF Director and .DESDFClockTest.Play Bell.UpSample
    while executing
"java::new ptolemy.moml.MoMLSimpleApplication $file
"
    (procedure "createAndExecute" line 2)
    invoked from within
"createAndExecute $file"
    ("uplevel" body line 5)
    invoked from within
"uplevel $contents_of_test"
------------------ testing $PTII/ptolemy/domains/de/test/auto/knownFailedTests/FSMSource.xml (Known Failure) 
20 ms. Memory: 146944K Free: 108971K (74%)
!!!! Auto was marked as failing, but now passes
------------------ testing $PTII/ptolemy/domains/de/test/auto/knownFailedTests/dependencyLoop2.xml (Known Failure) 
9 ms. Memory: 146944K Free: 107088K (73%)


==== $PTIIhome/travis/build/icyphy/ptII/ptolemy/domains/de/test/../../../../: Auto Automatic test in file $PTII/ptolemy/domains/de/test/auto/knownFailedTests/dependencyLoop2.xml
==== Contents of test case:

	    # FIXME: we should use $relativeFilename here, but it
	    # might have backslashes under Windows, which causes no end
	    # of trouble.
	    createAndExecute $file
	    list {}
	
.... Test generated KNOWN error:
    while executing
ptolemy.kernel.util.IllegalActionException: Found a zero delay loop containing .dependencyLoop2.original
  in .dependencyLoop2 and .dependencyLoop2.original
	at ptolemy.actor.util.CausalityInterfaceForComposites._computeOutputPortDepth(CausalityInterfaceForComposites.java:759)
	at ptolemy.actor.util.CausalityInterfaceForComposites._computeInputDepth(CausalityInterfaceForComposites.java:696)
	at ptolemy.actor.util.CausalityInterfaceForComposites._computeOutputPortDepth(CausalityInterfaceForComposites.java:765)
	at ptolemy.actor.util.CausalityInterfaceForComposites._computeInputDepth(CausalityInterfaceForComposites.java:696)
	at ptolemy.actor.util.CausalityInterfaceForComposites._computeOutputPortDepth(CausalityInterfaceForComposites.java:765)
	at ptolemy.actor.util.CausalityInterfaceForComposites._computeInputDepth(CausalityInterfaceForComposites.java:696)
	at ptolemy.actor.util.CausalityInterfaceForComposites._computeActorDepth(CausalityInterfaceForComposites.java:532)
	at ptolemy.actor.util.CausalityInterfaceForComposites.checkForCycles(CausalityInterfaceForComposites.java:96)
	at ptolemy.domains.de.kernel.DEDirector.preinitialize(DEDirector.java:1337)
	at ptolemy.actor.CompositeActor.preinitialize(CompositeActor.java:1828)
	at ptolemy.actor.Manager.preinitializeAndResolveTypes(Manager.java:1040)
	at ptolemy.actor.Manager.initialize(Manager.java:710)
	at ptolemy.actor.Manager.execute(Manager.java:356)
	at ptolemy.actor.Manager.run(Manager.java:1263)
	at ptolemy.actor.Manager$PtolemyRunThread.run(Manager.java:1915)

    while executing
ptolemy.kernel.util.IllegalActionException: Found a zero delay loop containing .dependencyLoop2.original
  in .dependencyLoop2 and .dependencyLoop2.original
    while executing
"java::new ptolemy.moml.MoMLSimpleApplication $file
"
    (procedure "createAndExecute" line 2)
    invoked from within
"createAndExecute $file"
    ("uplevel" body line 5)
    invoked from within
"uplevel $contents_of_test"
------------------ testing $PTII/ptolemy/domains/de/test/auto/knownFailedTests/HierarchicalModel.xml (Known Failure) 
4 ms. Memory: 146944K Free: 86664K (59%)


==== $PTIIhome/travis/build/icyphy/ptII/ptolemy/domains/de/test/../../../../: Auto Automatic test in file $PTII/ptolemy/domains/de/test/auto/knownFailedTests/HierarchicalModel.xml
==== Contents of test case:

	    # FIXME: we should use $relativeFilename here, but it
	    # might have backslashes under Windows, which causes no end
	    # of trouble.
	    createAndExecute $file
	    list {}
	
.... Test generated KNOWN error:
    while executing
ptolemy.kernel.util.IllegalActionException: Found a zero delay loop containing .HierarchicalModel.A
  in .HierarchicalModel and .HierarchicalModel.A
	at ptolemy.actor.util.CausalityInterfaceForComposites._computeOutputPortDepth(CausalityInterfaceForComposites.java:759)
	at ptolemy.actor.util.CausalityInterfaceForComposites._computeInputDepth(CausalityInterfaceForComposites.java:696)
	at ptolemy.actor.util.CausalityInterfaceForComposites._computeOutputPortDepth(CausalityInterfaceForComposites.java:765)
	at ptolemy.actor.util.CausalityInterfaceForComposites._computeInputDepth(CausalityInterfaceForComposites.java:696)
	at ptolemy.actor.util.CausalityInterfaceForComposites._computeOutputPortDepth(CausalityInterfaceForComposites.java:765)
	at ptolemy.actor.util.CausalityInterfaceForComposites._computeInputDepth(CausalityInterfaceForComposites.java:696)
	at ptolemy.actor.util.CausalityInterfaceForComposites._computeActorDepth(CausalityInterfaceForComposites.java:532)
	at ptolemy.actor.util.CausalityInterfaceForComposites.checkForCycles(CausalityInterfaceForComposites.java:96)
	at ptolemy.domains.de.kernel.DEDirector.preinitialize(DEDirector.java:1337)
	at ptolemy.actor.CompositeActor.preinitialize(CompositeActor.java:1828)
	at ptolemy.actor.Manager.preinitializeAndResolveTypes(Manager.java:1040)
	at ptolemy.actor.Manager.initialize(Manager.java:710)
	at ptolemy.actor.Manager.execute(Manager.java:356)
	at ptolemy.actor.Manager.run(Manager.java:1263)
	at ptolemy.actor.Manager$PtolemyRunThread.run(Manager.java:1915)

    while executing
ptolemy.kernel.util.IllegalActionException: Found a zero delay loop containing .HierarchicalModel.A
  in .HierarchicalModel and .HierarchicalModel.A
    while executing
"java::new ptolemy.moml.MoMLSimpleApplication $file
"
    (procedure "createAndExecute" line 2)
    invoked from within
"createAndExecute $file"
    ("uplevel" body line 5)
    invoked from within
"uplevel $contents_of_test"
------------------ testing $PTII/ptolemy/domains/de/test/auto/knownFailedTests/DirectFeedback.xml (Known Failure) 
16 ms. Memory: 146944K Free: 142535K (97%)


==== $PTIIhome/travis/build/icyphy/ptII/ptolemy/domains/de/test/../../../../: Auto Automatic test in file $PTII/ptolemy/domains/de/test/auto/knownFailedTests/DirectFeedback.xml
==== Contents of test case:

	    # FIXME: we should use $relativeFilename here, but it
	    # might have backslashes under Windows, which causes no end
	    # of trouble.
	    createAndExecute $file
	    list {}
	
.... Test generated KNOWN error:
    while executing
ptolemy.kernel.util.IllegalActionException: Test fails in iteration 1.
Value was: 1.0. Should have been: 2.0
  in .DirectFeedback.Test
	at ptolemy.actor.lib.Test.fire(Test.java:268)
	at ptolemy.domains.de.kernel.DEDirector._fire(DEDirector.java:1948)
	at ptolemy.domains.de.kernel.DEDirector.fire(DEDirector.java:502)
	at ptolemy.actor.CompositeActor.fire(CompositeActor.java:455)
	at ptolemy.actor.Manager.iterate(Manager.java:851)
	at ptolemy.actor.Manager.execute(Manager.java:369)
	at ptolemy.actor.Manager.run(Manager.java:1263)
	at ptolemy.actor.Manager$PtolemyRunThread.run(Manager.java:1915)

    while executing
ptolemy.kernel.util.IllegalActionException: Test fails in iteration 1.
Value was: 1.0. Should have been: 2.0
  in .DirectFeedback.Test
    while executing
"java::new ptolemy.moml.MoMLSimpleApplication $file
"
    (procedure "createAndExecute" line 2)
    invoked from within
"createAndExecute $file"
    ("uplevel" body line 5)
    invoked from within
"uplevel $contents_of_test"
------------------ testing $PTII/ptolemy/domains/de/test/auto/ActorDepthCalculation_actorWithoutPorts.xml
auto.tcl: Setting watchdog for 200 seconds at Fri Jun 01 21:04:16 UTC 2018
6 ms. Memory: 146944K Free: 133811K (91%)
ptolemy.util.test.WatchDog.cancel(): canceling Fri Jun 01 21:04:16 UTC 2018
auto.tcl: Setting watchdog for 200 seconds at Fri Jun 01 21:04:16 UTC 2018
4 ms. Memory: 146944K Free: 132783K (90%)
ptolemy.util.test.WatchDog.cancel(): canceling Fri Jun 01 21:04:16 UTC 2018
------------------ testing $PTII/ptolemy/domains/de/test/auto/AssemblyLine.xml
auto.tcl: Setting watchdog for 200 seconds at Fri Jun 01 21:04:16 UTC 2018
11 ms. Memory: 208384K Free: 186161K (89%)
ptolemy.util.test.WatchDog.cancel(): canceling Fri Jun 01 21:04:16 UTC 2018
auto.tcl: Setting watchdog for 200 seconds at Fri Jun 01 21:04:16 UTC 2018
10 ms. Memory: 208384K Free: 186161K (89%)
ptolemy.util.test.WatchDog.cancel(): canceling Fri Jun 01 21:04:16 UTC 2018
------------------ testing $PTII/ptolemy/domains/de/test/auto/CQBug1.xml
auto.tcl: Setting watchdog for 200 seconds at Fri Jun 01 21:04:16 UTC 2018
6 ms. Memory: 208384K Free: 197740K (95%)
ptolemy.util.test.WatchDog.cancel(): canceling Fri Jun 01 21:04:16 UTC 2018
auto.tcl: Setting watchdog for 200 seconds at Fri Jun 01 21:04:16 UTC 2018
2 ms. Memory: 208384K Free: 197740K (95%)
ptolemy.util.test.WatchDog.cancel(): canceling Fri Jun 01 21:04:16 UTC 2018
------------------ testing $PTII/ptolemy/domains/de/test/auto/CancelFireAt.xml
auto.tcl: Setting watchdog for 200 seconds at Fri Jun 01 21:04:16 UTC 2018
4 ms. Memory: 208384K Free: 201450K (97%)
ptolemy.util.test.WatchDog.cancel(): canceling Fri Jun 01 21:04:16 UTC 2018
auto.tcl: Setting watchdog for 200 seconds at Fri Jun 01 21:04:16 UTC 2018
3 ms. Memory: 208384K Free: 199360K (96%)
ptolemy.util.test.WatchDog.cancel(): canceling Fri Jun 01 21:04:16 UTC 2018
------------------ testing $PTII/ptolemy/domains/de/test/auto/CausalityAndComposabilityAnalysis.xml
auto.tcl: Setting watchdog for 200 seconds at Fri Jun 01 21:04:16 UTC 2018
7 ms. Memory: 208384K Free: 196531K (94%)
ptolemy.util.test.WatchDog.cancel(): canceling Fri Jun 01 21:04:17 UTC 2018
auto.tcl: Setting watchdog for 200 seconds at Fri Jun 01 21:04:17 UTC 2018
5 ms. Memory: 208384K Free: 196531K (94%)
ptolemy.util.test.WatchDog.cancel(): canceling Fri Jun 01 21:04:17 UTC 2018
------------------ testing $PTII/ptolemy/domains/de/test/auto/CausalityInterface1.xml
auto.tcl: Setting watchdog for 200 seconds at Fri Jun 01 21:04:17 UTC 2018
16 ms. Memory: 208384K Free: 196469K (94%)
ptolemy.util.test.WatchDog.cancel(): canceling Fri Jun 01 21:04:17 UTC 2018
auto.tcl: Setting watchdog for 200 seconds at Fri Jun 01 21:04:17 UTC 2018
4 ms. Memory: 208384K Free: 196469K (94%)
ptolemy.util.test.WatchDog.cancel(): canceling Fri Jun 01 21:04:17 UTC 2018
------------------ testing $PTII/ptolemy/domains/de/test/auto/CausalityInterface15.xml
auto.tcl: Setting watchdog for 200 seconds at Fri Jun 01 21:04:17 UTC 2018
10 ms. Memory: 208384K Free: 196460K (94%)
ptolemy.util.test.WatchDog.cancel(): canceling Fri Jun 01 21:04:17 UTC 2018
auto.tcl: Setting watchdog for 200 seconds at Fri Jun 01 21:04:17 UTC 2018
7 ms. Memory: 208384K Free: 194370K (93%)
ptolemy.util.test.WatchDog.cancel(): canceling Fri Jun 01 21:04:17 UTC 2018
------------------ testing $PTII/ptolemy/domains/de/test/auto/CausalityInterface2.xml
auto.tcl: Setting watchdog for 200 seconds at Fri Jun 01 21:04:17 UTC 2018
7 ms. Memory: 208384K Free: 196443K (94%)
ptolemy.util.test.WatchDog.cancel(): canceling Fri Jun 01 21:04:17 UTC 2018
auto.tcl: Setting watchdog for 200 seconds at Fri Jun 01 21:04:17 UTC 2018
7 ms. Memory: 208384K Free: 196443K (94%)
ptolemy.util.test.WatchDog.cancel(): canceling Fri Jun 01 21:04:17 UTC 2018
------------------ testing $PTII/ptolemy/domains/de/test/auto/CausalityInterface3.xml
auto.tcl: Setting watchdog for 200 seconds at Fri Jun 01 21:04:17 UTC 2018
6 ms. Memory: 208384K Free: 196456K (94%)
ptolemy.util.test.WatchDog.cancel(): canceling Fri Jun 01 21:04:17 UTC 2018
auto.tcl: Setting watchdog for 200 seconds at Fri Jun 01 21:04:17 UTC 2018
6 ms. Memory: 208384K Free: 196456K (94%)
ptolemy.util.test.WatchDog.cancel(): canceling Fri Jun 01 21:04:17 UTC 2018
------------------ testing $PTII/ptolemy/domains/de/test/auto/ClockDrift.xml
auto.tcl: Setting watchdog for 200 seconds at Fri Jun 01 21:04:17 UTC 2018
52 ms. Memory: 208384K Free: 187719K (90%)
ptolemy.util.test.WatchDog.cancel(): canceling Fri Jun 01 21:04:17 UTC 2018
auto.tcl: Setting watchdog for 200 seconds at Fri Jun 01 21:04:17 UTC 2018
70 ms. Memory: 208384K Free: 185630K (89%)
ptolemy.util.test.WatchDog.cancel(): canceling Fri Jun 01 21:04:17 UTC 2018
------------------ testing $PTII/ptolemy/domains/de/test/auto/ClockDriftAndValueChange.xml
auto.tcl: Setting watchdog for 200 seconds at Fri Jun 01 21:04:17 UTC 2018
51 ms. Memory: 208384K Free: 187555K (90%)
ptolemy.util.test.WatchDog.cancel(): canceling Fri Jun 01 21:04:17 UTC 2018
auto.tcl: Setting watchdog for 200 seconds at Fri Jun 01 21:04:17 UTC 2018
21 ms. Memory: 208384K Free: 185466K (89%)
ptolemy.util.test.WatchDog.cancel(): canceling Fri Jun 01 21:04:17 UTC 2018
------------------ testing $PTII/ptolemy/domains/de/test/auto/ClockDriftChange.xml
auto.tcl: Setting watchdog for 200 seconds at Fri Jun 01 21:04:17 UTC 2018
30 ms. Memory: 208384K Free: 190865K (92%)
ptolemy.util.test.WatchDog.cancel(): canceling Fri Jun 01 21:04:17 UTC 2018
auto.tcl: Setting watchdog for 200 seconds at Fri Jun 01 21:04:17 UTC 2018
21 ms. Memory: 208384K Free: 188775K (91%)
ptolemy.util.test.WatchDog.cancel(): canceling Fri Jun 01 21:04:17 UTC 2018
------------------ testing $PTII/ptolemy/domains/de/test/auto/ComposableCausalityAnalysis.xml
auto.tcl: Setting watchdog for 200 seconds at Fri Jun 01 21:04:17 UTC 2018
2 ms. Memory: 208384K Free: 196310K (94%)
ptolemy.util.test.WatchDog.cancel(): canceling Fri Jun 01 21:04:17 UTC 2018
auto.tcl: Setting watchdog for 200 seconds at Fri Jun 01 21:04:17 UTC 2018
1 ms. Memory: 208384K Free: 194221K (93%)
ptolemy.util.test.WatchDog.cancel(): canceling Fri Jun 01 21:04:17 UTC 2018
------------------ testing $PTII/ptolemy/domains/de/test/auto/DEFixedPointLimitation.xml
auto.tcl: Setting watchdog for 200 seconds at Fri Jun 01 21:04:18 UTC 2018
4 ms. Memory: 208384K Free: 196188K (94%)
ptolemy.util.test.WatchDog.cancel(): canceling Fri Jun 01 21:04:18 UTC 2018
auto.tcl: Setting watchdog for 200 seconds at Fri Jun 01 21:04:18 UTC 2018
2 ms. Memory: 208384K Free: 196188K (94%)
ptolemy.util.test.WatchDog.cancel(): canceling Fri Jun 01 21:04:18 UTC 2018
------------------ testing $PTII/ptolemy/domains/de/test/auto/DEScheduleTest.xml
auto.tcl: Setting watchdog for 200 seconds at Fri Jun 01 21:04:18 UTC 2018
3 ms. Memory: 208384K Free: 198312K (95%)
ptolemy.util.test.WatchDog.cancel(): canceling Fri Jun 01 21:04:18 UTC 2018
auto.tcl: Setting watchdog for 200 seconds at Fri Jun 01 21:04:18 UTC 2018
5 ms. Memory: 208384K Free: 196222K (94%)
ptolemy.util.test.WatchDog.cancel(): canceling Fri Jun 01 21:04:18 UTC 2018
------------------ testing $PTII/ptolemy/domains/de/test/auto/DEinDEwithStartTimes.xml
auto.tcl: Setting watchdog for 200 seconds at Fri Jun 01 21:04:18 UTC 2018
5 ms. Memory: 208384K Free: 196192K (94%)
ptolemy.util.test.WatchDog.cancel(): canceling Fri Jun 01 21:04:18 UTC 2018
auto.tcl: Setting watchdog for 200 seconds at Fri Jun 01 21:04:18 UTC 2018
3 ms. Memory: 208384K Free: 194102K (93%)
ptolemy.util.test.WatchDog.cancel(): canceling Fri Jun 01 21:04:18 UTC 2018
------------------ testing $PTII/ptolemy/domains/de/test/auto/DEinDEwithStartTimes2.xml
auto.tcl: Setting watchdog for 200 seconds at Fri Jun 01 21:04:18 UTC 2018
5 ms. Memory: 208384K Free: 196509K (94%)
ptolemy.util.test.WatchDog.cancel(): canceling Fri Jun 01 21:04:18 UTC 2018
auto.tcl: Setting watchdog for 200 seconds at Fri Jun 01 21:04:18 UTC 2018
4 ms. Memory: 208384K Free: 194082K (93%)
ptolemy.util.test.WatchDog.cancel(): canceling Fri Jun 01 21:04:18 UTC 2018
------------------ testing $PTII/ptolemy/domains/de/test/auto/DateDemo.xml
auto.tcl: Setting watchdog for 200 seconds at Fri Jun 01 21:04:18 UTC 2018
6 ms. Memory: 208384K Free: 188641K (91%)
ptolemy.util.test.WatchDog.cancel(): canceling Fri Jun 01 21:04:18 UTC 2018
auto.tcl: Setting watchdog for 200 seconds at Fri Jun 01 21:04:18 UTC 2018
5 ms. Memory: 208384K Free: 186551K (90%)
ptolemy.util.test.WatchDog.cancel(): canceling Fri Jun 01 21:04:18 UTC 2018
------------------ testing $PTII/ptolemy/domains/de/test/auto/DateToEvent.xml
auto.tcl: Setting watchdog for 200 seconds at Fri Jun 01 21:04:18 UTC 2018
2010 ms. Memory: 208384K Free: 183387K (88%)
ptolemy.util.test.WatchDog.cancel(): canceling Fri Jun 01 21:04:20 UTC 2018
auto.tcl: Setting watchdog for 200 seconds at Fri Jun 01 21:04:20 UTC 2018
2009 ms. Memory: 208384K Free: 180929K (87%)
ptolemy.util.test.WatchDog.cancel(): canceling Fri Jun 01 21:04:22 UTC 2018
------------------ testing $PTII/ptolemy/domains/de/test/auto/DepthTest1.xml
auto.tcl: Setting watchdog for 200 seconds at Fri Jun 01 21:04:22 UTC 2018
4 ms. Memory: 208384K Free: 197840K (95%)
ptolemy.util.test.WatchDog.cancel(): canceling Fri Jun 01 21:04:22 UTC 2018
auto.tcl: Setting watchdog for 200 seconds at Fri Jun 01 21:04:22 UTC 2018
2 ms. Memory: 208384K Free: 197840K (95%)
ptolemy.util.test.WatchDog.cancel(): canceling Fri Jun 01 21:04:22 UTC 2018
------------------ testing $PTII/ptolemy/domains/de/test/auto/DepthTest2.xml
auto.tcl: Setting watchdog for 200 seconds at Fri Jun 01 21:04:22 UTC 2018
7 ms. Memory: 208384K Free: 194063K (93%)
ptolemy.util.test.WatchDog.cancel(): canceling Fri Jun 01 21:04:22 UTC 2018
auto.tcl: Setting watchdog for 200 seconds at Fri Jun 01 21:04:22 UTC 2018
2 ms. Memory: 208384K Free: 194063K (93%)
ptolemy.util.test.WatchDog.cancel(): canceling Fri Jun 01 21:04:22 UTC 2018
------------------ testing $PTII/ptolemy/domains/de/test/auto/DepthTest3.xml
auto.tcl: Setting watchdog for 200 seconds at Fri Jun 01 21:04:22 UTC 2018
2 ms. Memory: 208384K Free: 198175K (95%)
ptolemy.util.test.WatchDog.cancel(): canceling Fri Jun 01 21:04:22 UTC 2018
auto.tcl: Setting watchdog for 200 seconds at Fri Jun 01 21:04:22 UTC 2018
2 ms. Memory: 208384K Free: 198175K (95%)
ptolemy.util.test.WatchDog.cancel(): canceling Fri Jun 01 21:04:22 UTC 2018
------------------ testing $PTII/ptolemy/domains/de/test/auto/DepthTest4.xml
auto.tcl: Setting watchdog for 200 seconds at Fri Jun 01 21:04:22 UTC 2018
3 ms. Memory: 208384K Free: 196174K (94%)
ptolemy.util.test.WatchDog.cancel(): canceling Fri Jun 01 21:04:22 UTC 2018
auto.tcl: Setting watchdog for 200 seconds at Fri Jun 01 21:04:22 UTC 2018
2 ms. Memory: 208384K Free: 196174K (94%)
ptolemy.util.test.WatchDog.cancel(): canceling Fri Jun 01 21:04:22 UTC 2018
------------------ testing $PTII/ptolemy/domains/de/test/auto/DepthTest5.xml
auto.tcl: Setting watchdog for 200 seconds at Fri Jun 01 21:04:22 UTC 2018
3 ms. Memory: 208384K Free: 196459K (94%)
ptolemy.util.test.WatchDog.cancel(): canceling Fri Jun 01 21:04:22 UTC 2018
auto.tcl: Setting watchdog for 200 seconds at Fri Jun 01 21:04:22 UTC 2018
2 ms. Memory: 208384K Free: 196459K (94%)
ptolemy.util.test.WatchDog.cancel(): canceling Fri Jun 01 21:04:22 UTC 2018
------------------ testing $PTII/ptolemy/domains/de/test/auto/DepthTest6.xml
auto.tcl: Setting watchdog for 200 seconds at Fri Jun 01 21:04:22 UTC 2018
8 ms. Memory: 208384K Free: 196436K (94%)
ptolemy.util.test.WatchDog.cancel(): canceling Fri Jun 01 21:04:22 UTC 2018
auto.tcl: Setting watchdog for 200 seconds at Fri Jun 01 21:04:22 UTC 2018
2 ms. Memory: 208384K Free: 196436K (94%)
ptolemy.util.test.WatchDog.cancel(): canceling Fri Jun 01 21:04:22 UTC 2018
------------------ testing $PTII/ptolemy/domains/de/test/auto/DepthTest7.xml
auto.tcl: Setting watchdog for 200 seconds at Fri Jun 01 21:04:22 UTC 2018
2 ms. Memory: 208384K Free: 194850K (94%)
ptolemy.util.test.WatchDog.cancel(): canceling Fri Jun 01 21:04:22 UTC 2018
auto.tcl: Setting watchdog for 200 seconds at Fri Jun 01 21:04:22 UTC 2018
2 ms. Memory: 208384K Free: 194850K (94%)
ptolemy.util.test.WatchDog.cancel(): canceling Fri Jun 01 21:04:22 UTC 2018
------------------ testing $PTII/ptolemy/domains/de/test/auto/EventToDate.xml
auto.tcl: Setting watchdog for 200 seconds at Fri Jun 01 21:04:22 UTC 2018
3005 ms. Memory: 208384K Free: 185653K (89%)
ptolemy.util.test.WatchDog.cancel(): canceling Fri Jun 01 21:04:26 UTC 2018
auto.tcl: Setting watchdog for 200 seconds at Fri Jun 01 21:04:26 UTC 2018
3003 ms. Memory: 208384K Free: 185653K (89%)
ptolemy.util.test.WatchDog.cancel(): canceling Fri Jun 01 21:04:29 UTC 2018
------------------ testing $PTII/ptolemy/domains/de/test/auto/FSM1.xml
auto.tcl: Setting watchdog for 200 seconds at Fri Jun 01 21:04:29 UTC 2018
26 ms. Memory: 208384K Free: 187062K (90%)
ptolemy.util.test.WatchDog.cancel(): canceling Fri Jun 01 21:04:29 UTC 2018
auto.tcl: Setting watchdog for 200 seconds at Fri Jun 01 21:04:29 UTC 2018
12 ms. Memory: 208384K Free: 184973K (89%)
ptolemy.util.test.WatchDog.cancel(): canceling Fri Jun 01 21:04:29 UTC 2018
------------------ testing $PTII/ptolemy/domains/de/test/auto/FSM7.xml
auto.tcl: Setting watchdog for 200 seconds at Fri Jun 01 21:04:29 UTC 2018
22 ms. Memory: 208384K Free: 187266K (90%)
ptolemy.util.test.WatchDog.cancel(): canceling Fri Jun 01 21:04:29 UTC 2018
auto.tcl: Setting watchdog for 200 seconds at Fri Jun 01 21:04:29 UTC 2018
16 ms. Memory: 208384K Free: 185177K (89%)
ptolemy.util.test.WatchDog.cancel(): canceling Fri Jun 01 21:04:29 UTC 2018
------------------ testing $PTII/ptolemy/domains/de/test/auto/Inspection.xml
auto.tcl: Setting watchdog for 200 seconds at Fri Jun 01 21:04:29 UTC 2018
41 ms. Memory: 208384K Free: 188817K (91%)
ptolemy.util.test.WatchDog.cancel(): canceling Fri Jun 01 21:04:29 UTC 2018
auto.tcl: Setting watchdog for 200 seconds at Fri Jun 01 21:04:29 UTC 2018
26 ms. Memory: 208384K Free: 186390K (89%)
ptolemy.util.test.WatchDog.cancel(): canceling Fri Jun 01 21:04:29 UTC 2018
------------------ testing $PTII/ptolemy/domains/de/test/auto/Iteration.xml
auto.tcl: Setting watchdog for 200 seconds at Fri Jun 01 21:04:29 UTC 2018
18 ms. Memory: 208384K Free: 193794K (93%)
ptolemy.util.test.WatchDog.cancel(): canceling Fri Jun 01 21:04:29 UTC 2018
auto.tcl: Setting watchdog for 200 seconds at Fri Jun 01 21:04:29 UTC 2018
6 ms. Memory: 208384K Free: 193794K (93%)
ptolemy.util.test.WatchDog.cancel(): canceling Fri Jun 01 21:04:29 UTC 2018
------------------ testing $PTII/ptolemy/domains/de/test/auto/LineFault.xml
auto.tcl: Setting watchdog for 200 seconds at Fri Jun 01 21:04:29 UTC 2018
504 ms. Memory: 208384K Free: 193908K (93%)
ptolemy.util.test.WatchDog.cancel(): canceling Fri Jun 01 21:04:30 UTC 2018
auto.tcl: Setting watchdog for 200 seconds at Fri Jun 01 21:04:30 UTC 2018
377 ms. Memory: 208384K Free: 136414K (65%)
ptolemy.util.test.WatchDog.cancel(): canceling Fri Jun 01 21:04:30 UTC 2018
------------------ testing $PTII/ptolemy/domains/de/test/auto/MergeModel1Add.xml
auto.tcl: Setting watchdog for 200 seconds at Fri Jun 01 21:04:30 UTC 2018
9 ms. Memory: 331264K Free: 299106K (90%)
ptolemy.util.test.WatchDog.cancel(): canceling Fri Jun 01 21:04:30 UTC 2018
auto.tcl: Setting watchdog for 200 seconds at Fri Jun 01 21:04:30 UTC 2018
4 ms. Memory: 331264K Free: 299106K (90%)
ptolemy.util.test.WatchDog.cancel(): canceling Fri Jun 01 21:04:30 UTC 2018
------------------ testing $PTII/ptolemy/domains/de/test/auto/MergeModel2Add.xml
auto.tcl: Setting watchdog for 200 seconds at Fri Jun 01 21:04:30 UTC 2018
6 ms. Memory: 331264K Free: 304325K (92%)
ptolemy.util.test.WatchDog.cancel(): canceling Fri Jun 01 21:04:30 UTC 2018
auto.tcl: Setting watchdog for 200 seconds at Fri Jun 01 21:04:30 UTC 2018
5 ms. Memory: 331264K Free: 300452K (91%)
ptolemy.util.test.WatchDog.cancel(): canceling Fri Jun 01 21:04:30 UTC 2018
------------------ testing $PTII/ptolemy/domains/de/test/auto/MergeModel3Add.xml
auto.tcl: Setting watchdog for 200 seconds at Fri Jun 01 21:04:30 UTC 2018
7 ms. Memory: 331264K Free: 304304K (92%)
ptolemy.util.test.WatchDog.cancel(): canceling Fri Jun 01 21:04:30 UTC 2018
auto.tcl: Setting watchdog for 200 seconds at Fri Jun 01 21:04:30 UTC 2018
7 ms. Memory: 331264K Free: 300431K (91%)
ptolemy.util.test.WatchDog.cancel(): canceling Fri Jun 01 21:04:31 UTC 2018
------------------ testing $PTII/ptolemy/domains/de/test/auto/MergeWithoutDiscard.xml
auto.tcl: Setting watchdog for 200 seconds at Fri Jun 01 21:04:31 UTC 2018
4 ms. Memory: 331264K Free: 315952K (95%)
ptolemy.util.test.WatchDog.cancel(): canceling Fri Jun 01 21:04:31 UTC 2018
auto.tcl: Setting watchdog for 200 seconds at Fri Jun 01 21:04:31 UTC 2018
1 ms. Memory: 331264K Free: 315952K (95%)
ptolemy.util.test.WatchDog.cancel(): canceling Fri Jun 01 21:04:31 UTC 2018
------------------ testing $PTII/ptolemy/domains/de/test/auto/Modal1.xml
auto.tcl: Setting watchdog for 200 seconds at Fri Jun 01 21:04:31 UTC 2018
14 ms. Memory: 331264K Free: 309935K (94%)
ptolemy.util.test.WatchDog.cancel(): canceling Fri Jun 01 21:04:31 UTC 2018
auto.tcl: Setting watchdog for 200 seconds at Fri Jun 01 21:04:31 UTC 2018
17 ms. Memory: 331264K Free: 306062K (92%)
ptolemy.util.test.WatchDog.cancel(): canceling Fri Jun 01 21:04:31 UTC 2018
------------------ testing $PTII/ptolemy/domains/de/test/auto/Modal2.xml
auto.tcl: Setting watchdog for 200 seconds at Fri Jun 01 21:04:31 UTC 2018
14 ms. Memory: 331264K Free: 309809K (94%)
ptolemy.util.test.WatchDog.cancel(): canceling Fri Jun 01 21:04:31 UTC 2018
auto.tcl: Setting watchdog for 200 seconds at Fri Jun 01 21:04:31 UTC 2018
16 ms. Memory: 331264K Free: 305936K (92%)
ptolemy.util.test.WatchDog.cancel(): canceling Fri Jun 01 21:04:31 UTC 2018
------------------ testing $PTII/ptolemy/domains/de/test/auto/Modal3.xml
auto.tcl: Setting watchdog for 200 seconds at Fri Jun 01 21:04:31 UTC 2018
14 ms. Memory: 331264K Free: 310092K (94%)
ptolemy.util.test.WatchDog.cancel(): canceling Fri Jun 01 21:04:31 UTC 2018
auto.tcl: Setting watchdog for 200 seconds at Fri Jun 01 21:04:31 UTC 2018
10 ms. Memory: 331264K Free: 305934K (92%)
ptolemy.util.test.WatchDog.cancel(): canceling Fri Jun 01 21:04:31 UTC 2018
------------------ testing $PTII/ptolemy/domains/de/test/auto/Modal4.xml
auto.tcl: Setting watchdog for 200 seconds at Fri Jun 01 21:04:31 UTC 2018
21 ms. Memory: 331264K Free: 309804K (94%)
ptolemy.util.test.WatchDog.cancel(): canceling Fri Jun 01 21:04:31 UTC 2018
auto.tcl: Setting watchdog for 200 seconds at Fri Jun 01 21:04:31 UTC 2018
27 ms. Memory: 331264K Free: 305931K (92%)
ptolemy.util.test.WatchDog.cancel(): canceling Fri Jun 01 21:04:31 UTC 2018
------------------ testing $PTII/ptolemy/domains/de/test/auto/Modal5.xml
auto.tcl: Setting watchdog for 200 seconds at Fri Jun 01 21:04:31 UTC 2018
15 ms. Memory: 331264K Free: 309791K (94%)
ptolemy.util.test.WatchDog.cancel(): canceling Fri Jun 01 21:04:31 UTC 2018
auto.tcl: Setting watchdog for 200 seconds at Fri Jun 01 21:04:31 UTC 2018
12 ms. Memory: 331264K Free: 305918K (92%)
ptolemy.util.test.WatchDog.cancel(): canceling Fri Jun 01 21:04:31 UTC 2018
------------------ testing $PTII/ptolemy/domains/de/test/auto/Modal6.xml
auto.tcl: Setting watchdog for 200 seconds at Fri Jun 01 21:04:31 UTC 2018
12 ms. Memory: 331264K Free: 309788K (94%)
ptolemy.util.test.WatchDog.cancel(): canceling Fri Jun 01 21:04:31 UTC 2018
auto.tcl: Setting watchdog for 200 seconds at Fri Jun 01 21:04:31 UTC 2018
14 ms. Memory: 331264K Free: 305915K (92%)
ptolemy.util.test.WatchDog.cancel(): canceling Fri Jun 01 21:04:31 UTC 2018
------------------ testing $PTII/ptolemy/domains/de/test/auto/Modal7.xml
auto.tcl: Setting watchdog for 200 seconds at Fri Jun 01 21:04:31 UTC 2018
15 ms. Memory: 331264K Free: 301000K (91%)
ptolemy.util.test.WatchDog.cancel(): canceling Fri Jun 01 21:04:31 UTC 2018
auto.tcl: Setting watchdog for 200 seconds at Fri Jun 01 21:04:31 UTC 2018
11 ms. Memory: 331264K Free: 301000K (91%)
ptolemy.util.test.WatchDog.cancel(): canceling Fri Jun 01 21:04:31 UTC 2018
------------------ testing $PTII/ptolemy/domains/de/test/auto/ModalModel.xml
auto.tcl: Setting watchdog for 200 seconds at Fri Jun 01 21:04:31 UTC 2018
173 ms. Memory: 331264K Free: 246527K (74%)
ptolemy.util.test.WatchDog.cancel(): canceling Fri Jun 01 21:04:32 UTC 2018
auto.tcl: Setting watchdog for 200 seconds at Fri Jun 01 21:04:32 UTC 2018
158 ms. Memory: 331264K Free: 188432K (57%)
ptolemy.util.test.WatchDog.cancel(): canceling Fri Jun 01 21:04:32 UTC 2018
------------------ testing $PTII/ptolemy/domains/de/test/auto/ModalSource.xml
auto.tcl: Setting watchdog for 200 seconds at Fri Jun 01 21:04:32 UTC 2018
5 ms. Memory: 331264K Free: 316403K (96%)
ptolemy.util.test.WatchDog.cancel(): canceling Fri Jun 01 21:04:32 UTC 2018
auto.tcl: Setting watchdog for 200 seconds at Fri Jun 01 21:04:32 UTC 2018
5 ms. Memory: 331264K Free: 312906K (94%)
ptolemy.util.test.WatchDog.cancel(): canceling Fri Jun 01 21:04:32 UTC 2018
------------------ testing $PTII/ptolemy/domains/de/test/auto/NonInterruptibleTimerZeroDelay.xml
auto.tcl: Setting watchdog for 200 seconds at Fri Jun 01 21:04:32 UTC 2018
3 ms. Memory: 331264K Free: 320738K (97%)
ptolemy.util.test.WatchDog.cancel(): canceling Fri Jun 01 21:04:32 UTC 2018
auto.tcl: Setting watchdog for 200 seconds at Fri Jun 01 21:04:32 UTC 2018
2 ms. Memory: 331264K Free: 317241K (96%)
ptolemy.util.test.WatchDog.cancel(): canceling Fri Jun 01 21:04:32 UTC 2018
------------------ testing $PTII/ptolemy/domains/de/test/auto/OpenQueueingNetwork.xml
auto.tcl: Setting watchdog for 200 seconds at Fri Jun 01 21:04:32 UTC 2018
2532 ms. Memory: 573952K Free: 421656K (73%)
ptolemy.util.test.WatchDog.cancel(): canceling Fri Jun 01 21:04:35 UTC 2018
auto.tcl: Setting watchdog for 200 seconds at Fri Jun 01 21:04:35 UTC 2018
2126 ms. Memory: 550912K Free: 326994K (59%)
ptolemy.util.test.WatchDog.cancel(): canceling Fri Jun 01 21:04:37 UTC 2018
------------------ testing $PTII/ptolemy/domains/de/test/auto/OpenQueuingNetwork.xml
auto.tcl: Setting watchdog for 200 seconds at Fri Jun 01 21:04:37 UTC 2018
218 ms. Memory: 549888K Free: 445445K (81%)
ptolemy.util.test.WatchDog.cancel(): canceling Fri Jun 01 21:04:37 UTC 2018
auto.tcl: Setting watchdog for 200 seconds at Fri Jun 01 21:04:37 UTC 2018
214 ms. Memory: 549888K Free: 385643K (70%)
ptolemy.util.test.WatchDog.cancel(): canceling Fri Jun 01 21:04:37 UTC 2018
------------------ testing $PTII/ptolemy/domains/de/test/auto/PeriodicSampler.xml
auto.tcl: Setting watchdog for 200 seconds at Fri Jun 01 21:04:37 UTC 2018
2 ms. Memory: 551936K Free: 531936K (96%)
ptolemy.util.test.WatchDog.cancel(): canceling Fri Jun 01 21:04:37 UTC 2018
auto.tcl: Setting watchdog for 200 seconds at Fri Jun 01 21:04:37 UTC 2018
2 ms. Memory: 551936K Free: 531936K (96%)
ptolemy.util.test.WatchDog.cancel(): canceling Fri Jun 01 21:04:37 UTC 2018
------------------ testing $PTII/ptolemy/domains/de/test/auto/PersistentIO.xml
auto.tcl: Setting watchdog for 200 seconds at Fri Jun 01 21:04:37 UTC 2018
10 ms. Memory: 549376K Free: 524532K (95%)
ptolemy.util.test.WatchDog.cancel(): canceling Fri Jun 01 21:04:37 UTC 2018
auto.tcl: Setting watchdog for 200 seconds at Fri Jun 01 21:04:37 UTC 2018
3 ms. Memory: 549376K Free: 524532K (95%)
ptolemy.util.test.WatchDog.cancel(): canceling Fri Jun 01 21:04:37 UTC 2018
------------------ testing $PTII/ptolemy/domains/de/test/auto/PortParameterResetOnInitialize.xml
auto.tcl: Setting watchdog for 200 seconds at Fri Jun 01 21:04:37 UTC 2018
2 ms. Memory: 551424K Free: 531885K (96%)
ptolemy.util.test.WatchDog.cancel(): canceling Fri Jun 01 21:04:37 UTC 2018
auto.tcl: Setting watchdog for 200 seconds at Fri Jun 01 21:04:37 UTC 2018
1 ms. Memory: 551424K Free: 531885K (96%)
ptolemy.util.test.WatchDog.cancel(): canceling Fri Jun 01 21:04:37 UTC 2018
------------------ testing $PTII/ptolemy/domains/de/test/auto/PortParameterUpdates.xml
auto.tcl: Setting watchdog for 200 seconds at Fri Jun 01 21:04:38 UTC 2018
4 ms. Memory: 549376K Free: 529970K (96%)
ptolemy.util.test.WatchDog.cancel(): canceling Fri Jun 01 21:04:38 UTC 2018
auto.tcl: Setting watchdog for 200 seconds at Fri Jun 01 21:04:38 UTC 2018
5 ms. Memory: 549376K Free: 524534K (95%)
ptolemy.util.test.WatchDog.cancel(): canceling Fri Jun 01 21:04:38 UTC 2018
------------------ testing $PTII/ptolemy/domains/de/test/auto/QueueAndServer.xml
auto.tcl: Setting watchdog for 200 seconds at Fri Jun 01 21:04:38 UTC 2018
18 ms. Memory: 551424K Free: 526544K (95%)
ptolemy.util.test.WatchDog.cancel(): canceling Fri Jun 01 21:04:38 UTC 2018
auto.tcl: Setting watchdog for 200 seconds at Fri Jun 01 21:04:38 UTC 2018
5 ms. Memory: 551424K Free: 526544K (95%)
ptolemy.util.test.WatchDog.cancel(): canceling Fri Jun 01 21:04:38 UTC 2018
------------------ testing $PTII/ptolemy/domains/de/test/auto/Records.xml
auto.tcl: Setting watchdog for 200 seconds at Fri Jun 01 21:04:38 UTC 2018
10 ms. Memory: 549376K Free: 529646K (96%)
ptolemy.util.test.WatchDog.cancel(): canceling Fri Jun 01 21:04:38 UTC 2018
auto.tcl: Setting watchdog for 200 seconds at Fri Jun 01 21:04:38 UTC 2018
2 ms. Memory: 549376K Free: 524209K (95%)
ptolemy.util.test.WatchDog.cancel(): canceling Fri Jun 01 21:04:38 UTC 2018
------------------ testing $PTII/ptolemy/domains/de/test/auto/ResetTransitionWithStartTime1.xml
auto.tcl: Setting watchdog for 200 seconds at Fri Jun 01 21:04:38 UTC 2018
6 ms. Memory: 551424K Free: 530946K (96%)
ptolemy.util.test.WatchDog.cancel(): canceling Fri Jun 01 21:04:38 UTC 2018
auto.tcl: Setting watchdog for 200 seconds at Fri Jun 01 21:04:38 UTC 2018
6 ms. Memory: 551424K Free: 530946K (96%)
ptolemy.util.test.WatchDog.cancel(): canceling Fri Jun 01 21:04:38 UTC 2018
------------------ testing $PTII/ptolemy/domains/de/test/auto/ResetTransitionWithStartTime2.xml
auto.tcl: Setting watchdog for 200 seconds at Fri Jun 01 21:04:38 UTC 2018
6 ms. Memory: 549376K Free: 529127K (96%)
ptolemy.util.test.WatchDog.cancel(): canceling Fri Jun 01 21:04:38 UTC 2018
auto.tcl: Setting watchdog for 200 seconds at Fri Jun 01 21:04:38 UTC 2018
4 ms. Memory: 549376K Free: 529127K (96%)
ptolemy.util.test.WatchDog.cancel(): canceling Fri Jun 01 21:04:38 UTC 2018
------------------ testing $PTII/ptolemy/domains/de/test/auto/ResetTransitionWithStartTime3.xml
auto.tcl: Setting watchdog for 200 seconds at Fri Jun 01 21:04:38 UTC 2018
6 ms. Memory: 550912K Free: 530432K (96%)
ptolemy.util.test.WatchDog.cancel(): canceling Fri Jun 01 21:04:38 UTC 2018
auto.tcl: Setting watchdog for 200 seconds at Fri Jun 01 21:04:38 UTC 2018
5 ms. Memory: 550912K Free: 530432K (96%)
ptolemy.util.test.WatchDog.cancel(): canceling Fri Jun 01 21:04:38 UTC 2018
------------------ testing $PTII/ptolemy/domains/de/test/auto/ResetTransitionWithStartTime4.xml
auto.tcl: Setting watchdog for 200 seconds at Fri Jun 01 21:04:38 UTC 2018
3 ms. Memory: 549376K Free: 528887K (96%)
ptolemy.util.test.WatchDog.cancel(): canceling Fri Jun 01 21:04:38 UTC 2018
auto.tcl: Setting watchdog for 200 seconds at Fri Jun 01 21:04:38 UTC 2018
3 ms. Memory: 549376K Free: 528887K (96%)
ptolemy.util.test.WatchDog.cancel(): canceling Fri Jun 01 21:04:38 UTC 2018
------------------ testing $PTII/ptolemy/domains/de/test/auto/ResettableTimer1.xml
auto.tcl: Setting watchdog for 200 seconds at Fri Jun 01 21:04:38 UTC 2018
3 ms. Memory: 550912K Free: 535871K (97%)
ptolemy.util.test.WatchDog.cancel(): canceling Fri Jun 01 21:04:38 UTC 2018
auto.tcl: Setting watchdog for 200 seconds at Fri Jun 01 21:04:38 UTC 2018
1 ms. Memory: 550912K Free: 535871K (97%)
ptolemy.util.test.WatchDog.cancel(): canceling Fri Jun 01 21:04:38 UTC 2018
------------------ testing $PTII/ptolemy/domains/de/test/auto/ResettableTimer2.xml
auto.tcl: Setting watchdog for 200 seconds at Fri Jun 01 21:04:38 UTC 2018
2 ms. Memory: 549376K Free: 534623K (97%)
ptolemy.util.test.WatchDog.cancel(): canceling Fri Jun 01 21:04:38 UTC 2018
auto.tcl: Setting watchdog for 200 seconds at Fri Jun 01 21:04:38 UTC 2018
2 ms. Memory: 549376K Free: 534623K (97%)
ptolemy.util.test.WatchDog.cancel(): canceling Fri Jun 01 21:04:38 UTC 2018
------------------ testing $PTII/ptolemy/domains/de/test/auto/ResettableTimer3.xml
auto.tcl: Setting watchdog for 200 seconds at Fri Jun 01 21:04:38 UTC 2018
1 ms. Memory: 550912K Free: 535928K (97%)
ptolemy.util.test.WatchDog.cancel(): canceling Fri Jun 01 21:04:38 UTC 2018
auto.tcl: Setting watchdog for 200 seconds at Fri Jun 01 21:04:38 UTC 2018
1 ms. Memory: 550912K Free: 535928K (97%)
ptolemy.util.test.WatchDog.cancel(): canceling Fri Jun 01 21:04:38 UTC 2018
------------------ testing $PTII/ptolemy/domains/de/test/auto/ResettableTimer4.xml
auto.tcl: Setting watchdog for 200 seconds at Fri Jun 01 21:04:38 UTC 2018
1 ms. Memory: 549376K Free: 534635K (97%)
ptolemy.util.test.WatchDog.cancel(): canceling Fri Jun 01 21:04:38 UTC 2018
auto.tcl: Setting watchdog for 200 seconds at Fri Jun 01 21:04:38 UTC 2018
1 ms. Memory: 549376K Free: 534635K (97%)
ptolemy.util.test.WatchDog.cancel(): canceling Fri Jun 01 21:04:38 UTC 2018
------------------ testing $PTII/ptolemy/domains/de/test/auto/ResettableTimer5.xml
auto.tcl: Setting watchdog for 200 seconds at Fri Jun 01 21:04:38 UTC 2018
1 ms. Memory: 550400K Free: 530978K (96%)
ptolemy.util.test.WatchDog.cancel(): canceling Fri Jun 01 21:04:38 UTC 2018
auto.tcl: Setting watchdog for 200 seconds at Fri Jun 01 21:04:38 UTC 2018
1 ms. Memory: 550400K Free: 530978K (96%)
ptolemy.util.test.WatchDog.cancel(): canceling Fri Jun 01 21:04:38 UTC 2018
------------------ testing $PTII/ptolemy/domains/de/test/auto/ResettableTimer6.xml
auto.tcl: Setting watchdog for 200 seconds at Fri Jun 01 21:04:38 UTC 2018
4 ms. Memory: 549376K Free: 529674K (96%)
ptolemy.util.test.WatchDog.cancel(): canceling Fri Jun 01 21:04:38 UTC 2018
auto.tcl: Setting watchdog for 200 seconds at Fri Jun 01 21:04:38 UTC 2018
1 ms. Memory: 549376K Free: 529674K (96%)
ptolemy.util.test.WatchDog.cancel(): canceling Fri Jun 01 21:04:38 UTC 2018
------------------ testing $PTII/ptolemy/domains/de/test/auto/ServerZeroDelay.xml
auto.tcl: Setting watchdog for 200 seconds at Fri Jun 01 21:04:38 UTC 2018
2 ms. Memory: 550400K Free: 535367K (97%)
ptolemy.util.test.WatchDog.cancel(): canceling Fri Jun 01 21:04:38 UTC 2018
auto.tcl: Setting watchdog for 200 seconds at Fri Jun 01 21:04:38 UTC 2018
2 ms. Memory: 550400K Free: 535367K (97%)
ptolemy.util.test.WatchDog.cancel(): canceling Fri Jun 01 21:04:38 UTC 2018
------------------ testing $PTII/ptolemy/domains/de/test/auto/SmartSender.xml
auto.tcl: Setting watchdog for 200 seconds at Fri Jun 01 21:04:38 UTC 2018
3002 ms. Memory: 549376K Free: 534568K (97%)
ptolemy.util.test.WatchDog.cancel(): canceling Fri Jun 01 21:04:41 UTC 2018
auto.tcl: Setting watchdog for 200 seconds at Fri Jun 01 21:04:41 UTC 2018
3002 ms. Memory: 549376K Free: 534568K (97%)
ptolemy.util.test.WatchDog.cancel(): canceling Fri Jun 01 21:04:44 UTC 2018
------------------ testing $PTII/ptolemy/domains/de/test/auto/ThreadedComposite.xml
auto.tcl: Setting watchdog for 200 seconds at Fri Jun 01 21:04:44 UTC 2018
188 ms. Memory: 550400K Free: 510447K (93%)
ptolemy.util.test.WatchDog.cancel(): canceling Fri Jun 01 21:04:45 UTC 2018
auto.tcl: Setting watchdog for 200 seconds at Fri Jun 01 21:04:45 UTC 2018
133 ms. Memory: 550400K Free: 495652K (90%)
ptolemy.util.test.WatchDog.cancel(): canceling Fri Jun 01 21:04:45 UTC 2018
------------------ testing $PTII/ptolemy/domains/de/test/auto/Time.xml
auto.tcl: Setting watchdog for 200 seconds at Fri Jun 01 21:04:45 UTC 2018
466 ms. Memory: 549376K Free: 482586K (88%)
ptolemy.util.test.WatchDog.cancel(): canceling Fri Jun 01 21:04:45 UTC 2018
auto.tcl: Setting watchdog for 200 seconds at Fri Jun 01 21:04:45 UTC 2018
477 ms. Memory: 549376K Free: 428221K (78%)
ptolemy.util.test.WatchDog.cancel(): canceling Fri Jun 01 21:04:46 UTC 2018
------------------ testing $PTII/ptolemy/domains/de/test/auto/TimeDelayZeroDelay.xml
auto.tcl: Setting watchdog for 200 seconds at Fri Jun 01 21:04:46 UTC 2018
2 ms. Memory: 550400K Free: 535284K (97%)
ptolemy.util.test.WatchDog.cancel(): canceling Fri Jun 01 21:04:46 UTC 2018
auto.tcl: Setting watchdog for 200 seconds at Fri Jun 01 21:04:46 UTC 2018
3 ms. Memory: 550400K Free: 535284K (97%)
ptolemy.util.test.WatchDog.cancel(): canceling Fri Jun 01 21:04:46 UTC 2018
------------------ testing $PTII/ptolemy/domains/de/test/auto/TimerZeroDelay.xml
auto.tcl: Setting watchdog for 200 seconds at Fri Jun 01 21:04:46 UTC 2018
3 ms. Memory: 549376K Free: 534534K (97%)
ptolemy.util.test.WatchDog.cancel(): canceling Fri Jun 01 21:04:46 UTC 2018
auto.tcl: Setting watchdog for 200 seconds at Fri Jun 01 21:04:46 UTC 2018
1 ms. Memory: 549376K Free: 534534K (97%)
ptolemy.util.test.WatchDog.cancel(): canceling Fri Jun 01 21:04:46 UTC 2018
------------------ testing $PTII/ptolemy/domains/de/test/auto/TimingParadox.xml
auto.tcl: Setting watchdog for 200 seconds at Fri Jun 01 21:04:46 UTC 2018
353 ms. Memory: 549888K Free: 469375K (85%)
ptolemy.util.test.WatchDog.cancel(): canceling Fri Jun 01 21:04:46 UTC 2018
auto.tcl: Setting watchdog for 200 seconds at Fri Jun 01 21:04:46 UTC 2018
332 ms. Memory: 549888K Free: 436757K (79%)
ptolemy.util.test.WatchDog.cancel(): canceling Fri Jun 01 21:04:47 UTC 2018
------------------ testing $PTII/ptolemy/domains/de/test/auto/TransferInputs.xml
auto.tcl: Setting watchdog for 200 seconds at Fri Jun 01 21:04:47 UTC 2018
2 ms. Memory: 549888K Free: 533950K (97%)
ptolemy.util.test.WatchDog.cancel(): canceling Fri Jun 01 21:04:47 UTC 2018
auto.tcl: Setting watchdog for 200 seconds at Fri Jun 01 21:04:47 UTC 2018
1 ms. Memory: 549888K Free: 533950K (97%)
ptolemy.util.test.WatchDog.cancel(): canceling Fri Jun 01 21:04:47 UTC 2018
------------------ testing $PTII/ptolemy/domains/de/test/auto/TransferOutputs2.xml
auto.tcl: Setting watchdog for 200 seconds at Fri Jun 01 21:04:47 UTC 2018
2 ms. Memory: 549376K Free: 529085K (96%)
ptolemy.util.test.WatchDog.cancel(): canceling Fri Jun 01 21:04:47 UTC 2018
auto.tcl: Setting watchdog for 200 seconds at Fri Jun 01 21:04:47 UTC 2018
3 ms. Memory: 549376K Free: 529085K (96%)
ptolemy.util.test.WatchDog.cancel(): canceling Fri Jun 01 21:04:47 UTC 2018
------------------ testing $PTII/ptolemy/domains/de/test/auto/Trilateration.xml
auto.tcl: Setting watchdog for 200 seconds at Fri Jun 01 21:04:47 UTC 2018
12688 ms. Memory: 453632K Free: 131971K (29%)
ptolemy.util.test.WatchDog.cancel(): canceling Fri Jun 01 21:05:01 UTC 2018
auto.tcl: Setting watchdog for 200 seconds at Fri Jun 01 21:05:01 UTC 2018
10378 ms. Memory: 331264K Free: 245549K (74%)
ptolemy.util.test.WatchDog.cancel(): canceling Fri Jun 01 21:05:11 UTC 2018
------------------ testing $PTII/ptolemy/domains/de/test/auto/TwoSigmaDelta.xml
auto.tcl: Setting watchdog for 200 seconds at Fri Jun 01 21:05:11 UTC 2018
2530 ms. Memory: 320000K Free: 275334K (86%)
ptolemy.util.test.WatchDog.cancel(): canceling Fri Jun 01 21:05:14 UTC 2018
auto.tcl: Setting watchdog for 200 seconds at Fri Jun 01 21:05:14 UTC 2018
1932 ms. Memory: 307712K Free: 273478K (89%)
ptolemy.util.test.WatchDog.cancel(): canceling Fri Jun 01 21:05:16 UTC 2018
------------------ testing $PTII/ptolemy/domains/de/test/auto/VariableDelay.xml
auto.tcl: Setting watchdog for 200 seconds at Fri Jun 01 21:05:16 UTC 2018
2 ms. Memory: 309760K Free: 293192K (95%)
ptolemy.util.test.WatchDog.cancel(): canceling Fri Jun 01 21:05:16 UTC 2018
auto.tcl: Setting watchdog for 200 seconds at Fri Jun 01 21:05:16 UTC 2018
1 ms. Memory: 309760K Free: 293192K (95%)
ptolemy.util.test.WatchDog.cancel(): canceling Fri Jun 01 21:05:16 UTC 2018
------------------ testing $PTII/ptolemy/domains/de/test/auto/VariableDelay2.xml
auto.tcl: Setting watchdog for 200 seconds at Fri Jun 01 21:05:16 UTC 2018
8 ms. Memory: 307712K Free: 293827K (95%)
ptolemy.util.test.WatchDog.cancel(): canceling Fri Jun 01 21:05:16 UTC 2018
auto.tcl: Setting watchdog for 200 seconds at Fri Jun 01 21:05:16 UTC 2018
2 ms. Memory: 307712K Free: 293827K (95%)
ptolemy.util.test.WatchDog.cancel(): canceling Fri Jun 01 21:05:16 UTC 2018
------------------ testing $PTII/ptolemy/domains/de/test/auto/VariableDelayZeroDelay.xml
auto.tcl: Setting watchdog for 200 seconds at Fri Jun 01 21:05:16 UTC 2018
2 ms. Memory: 309248K Free: 296490K (96%)
ptolemy.util.test.WatchDog.cancel(): canceling Fri Jun 01 21:05:16 UTC 2018
auto.tcl: Setting watchdog for 200 seconds at Fri Jun 01 21:05:16 UTC 2018
1 ms. Memory: 309248K Free: 293099K (95%)
ptolemy.util.test.WatchDog.cancel(): canceling Fri Jun 01 21:05:16 UTC 2018
------------------ testing $PTII/ptolemy/domains/de/test/auto/VariableDelayZeroDelay2.xml
auto.tcl: Setting watchdog for 200 seconds at Fri Jun 01 21:05:16 UTC 2018
2 ms. Memory: 307712K Free: 294952K (96%)
ptolemy.util.test.WatchDog.cancel(): canceling Fri Jun 01 21:05:16 UTC 2018
auto.tcl: Setting watchdog for 200 seconds at Fri Jun 01 21:05:16 UTC 2018
2 ms. Memory: 307712K Free: 291577K (95%)
ptolemy.util.test.WatchDog.cancel(): canceling Fri Jun 01 21:05:16 UTC 2018
------------------ testing $PTII/ptolemy/domains/de/test/auto/deInCt.xml
auto.tcl: Setting watchdog for 200 seconds at Fri Jun 01 21:05:16 UTC 2018
0
1
1
1
0
0
0
0
0
0
0
1
1
1
1
0
0
0
1
1
1
0
0
0
1
1
1
1
1
0
0
0
0
9 ms. Memory: 309248K Free: 293094K (95%)
ptolemy.util.test.WatchDog.cancel(): canceling Fri Jun 01 21:05:16 UTC 2018
auto.tcl: Setting watchdog for 200 seconds at Fri Jun 01 21:05:16 UTC 2018
0
1
1
1
1
1
1
0
0
0
1
1
1
1
0
0
0
1
1
1
0
0
0
1
1
1
0
0
0
1
1
1
1
0
0
0
1
1
1
1
7 ms. Memory: 309248K Free: 293094K (95%)
ptolemy.util.test.WatchDog.cancel(): canceling Fri Jun 01 21:05:16 UTC 2018
------------------ testing $PTII/ptolemy/domains/de/test/auto/deInCt2.xml
auto.tcl: Setting watchdog for 200 seconds at Fri Jun 01 21:05:16 UTC 2018
0
1
1
1
0
0
1
1
1
0
0
1
1
1
0
0
1
1
1
0
0
1
1
1
0
0
1
1
1
0
0
1
1
1
0
0
1
1
1
0
0
0
11 ms. Memory: 307712K Free: 291545K (95%)
ptolemy.util.test.WatchDog.cancel(): canceling Fri Jun 01 21:05:16 UTC 2018
auto.tcl: Setting watchdog for 200 seconds at Fri Jun 01 21:05:16 UTC 2018
0
1
1
1
0
0
1
1
1
0
0
1
1
1
0
0
1
1
1
0
0
1
1
1
0
0
1
1
1
0
0
1
1
1
0
0
1
1
1
0
0
0
4 ms. Memory: 307712K Free: 291545K (95%)
ptolemy.util.test.WatchDog.cancel(): canceling Fri Jun 01 21:05:16 UTC 2018
------------------ testing $PTII/ptolemy/domains/de/test/auto/dynamicCausalityInterface1.xml
auto.tcl: Setting watchdog for 200 seconds at Fri Jun 01 21:05:16 UTC 2018
2 ms. Memory: 308736K Free: 289203K (94%)
ptolemy.util.test.WatchDog.cancel(): canceling Fri Jun 01 21:05:16 UTC 2018
auto.tcl: Setting watchdog for 200 seconds at Fri Jun 01 21:05:16 UTC 2018
1 ms. Memory: 308736K Free: 289203K (94%)
ptolemy.util.test.WatchDog.cancel(): canceling Fri Jun 01 21:05:16 UTC 2018
------------------ testing $PTII/ptolemy/domains/de/test/auto/fsm_de_test.xml
auto.tcl: Setting watchdog for 200 seconds at Fri Jun 01 21:05:16 UTC 2018
7 ms. Memory: 307712K Free: 288082K (94%)
ptolemy.util.test.WatchDog.cancel(): canceling Fri Jun 01 21:05:16 UTC 2018
auto.tcl: Setting watchdog for 200 seconds at Fri Jun 01 21:05:16 UTC 2018
5 ms. Memory: 307712K Free: 288082K (94%)
ptolemy.util.test.WatchDog.cancel(): canceling Fri Jun 01 21:05:16 UTC 2018
------------------ testing $PTII/ptolemy/domains/de/test/auto/functionDependencyReconstruction.xml
auto.tcl: Setting watchdog for 200 seconds at Fri Jun 01 21:05:16 UTC 2018
2 ms. Memory: 308736K Free: 282347K (91%)
ptolemy.util.test.WatchDog.cancel(): canceling Fri Jun 01 21:05:16 UTC 2018
auto.tcl: Setting watchdog for 200 seconds at Fri Jun 01 21:05:16 UTC 2018
2 ms. Memory: 308736K Free: 278971K (90%)
ptolemy.util.test.WatchDog.cancel(): canceling Fri Jun 01 21:05:16 UTC 2018
------------------ testing $PTII/ptolemy/domains/de/test/auto/multirate.xml
auto.tcl: Setting watchdog for 200 seconds at Fri Jun 01 21:05:16 UTC 2018
3 ms. Memory: 307712K Free: 291332K (95%)
ptolemy.util.test.WatchDog.cancel(): canceling Fri Jun 01 21:05:16 UTC 2018
auto.tcl: Setting watchdog for 200 seconds at Fri Jun 01 21:05:16 UTC 2018
4 ms. Memory: 307712K Free: 287941K (94%)
ptolemy.util.test.WatchDog.cancel(): canceling Fri Jun 01 21:05:16 UTC 2018
------------------ testing $PTII/ptolemy/domains/de/test/auto/multirate2.xml
auto.tcl: Setting watchdog for 200 seconds at Fri Jun 01 21:05:16 UTC 2018
3 ms. Memory: 308736K Free: 292536K (95%)
ptolemy.util.test.WatchDog.cancel(): canceling Fri Jun 01 21:05:16 UTC 2018
auto.tcl: Setting watchdog for 200 seconds at Fri Jun 01 21:05:16 UTC 2018
3 ms. Memory: 308736K Free: 289161K (94%)
ptolemy.util.test.WatchDog.cancel(): canceling Fri Jun 01 21:05:16 UTC 2018
------------------ testing $PTII/ptolemy/domains/de/test/auto/realtime.xml
auto.tcl: Setting watchdog for 200 seconds at Fri Jun 01 21:05:16 UTC 2018
10002 ms. Memory: 307712K Free: 291490K (95%)
ptolemy.util.test.WatchDog.cancel(): canceling Fri Jun 01 21:05:26 UTC 2018
auto.tcl: Setting watchdog for 200 seconds at Fri Jun 01 21:05:26 UTC 2018
10001 ms. Memory: 307712K Free: 291490K (95%)
ptolemy.util.test.WatchDog.cancel(): canceling Fri Jun 01 21:05:36 UTC 2018
------------------ testing $PTII/ptolemy/domains/de/test/auto/relationGroup.xml
auto.tcl: Setting watchdog for 200 seconds at Fri Jun 01 21:05:37 UTC 2018
1 ms. Memory: 308224K Free: 295432K (96%)
ptolemy.util.test.WatchDog.cancel(): canceling Fri Jun 01 21:05:37 UTC 2018
auto.tcl: Setting watchdog for 200 seconds at Fri Jun 01 21:05:37 UTC 2018
1 ms. Memory: 308224K Free: 295432K (96%)
ptolemy.util.test.WatchDog.cancel(): canceling Fri Jun 01 21:05:37 UTC 2018
------------------ testing $PTII/ptolemy/domains/de/test/auto/relationGroup2.xml
auto.tcl: Setting watchdog for 200 seconds at Fri Jun 01 21:05:37 UTC 2018
1 ms. Memory: 307712K Free: 294944K (96%)
ptolemy.util.test.WatchDog.cancel(): canceling Fri Jun 01 21:05:37 UTC 2018
auto.tcl: Setting watchdog for 200 seconds at Fri Jun 01 21:05:37 UTC 2018
0 ms. Memory: 307712K Free: 294944K (96%)
ptolemy.util.test.WatchDog.cancel(): canceling Fri Jun 01 21:05:37 UTC 2018
------------------ testing $PTII/ptolemy/domains/de/test/auto/sortWithOpaquePorts.xml
auto.tcl: Setting watchdog for 200 seconds at Fri Jun 01 21:05:37 UTC 2018
1 ms. Memory: 308224K Free: 292067K (95%)
ptolemy.util.test.WatchDog.cancel(): canceling Fri Jun 01 21:05:37 UTC 2018
auto.tcl: Setting watchdog for 200 seconds at Fri Jun 01 21:05:37 UTC 2018
1 ms. Memory: 308224K Free: 292067K (95%)
ptolemy.util.test.WatchDog.cancel(): canceling Fri Jun 01 21:05:37 UTC 2018
------------------ testing $PTII/ptolemy/domains/de/test/auto/transferInputsandOutputs.xml
auto.tcl: Setting watchdog for 200 seconds at Fri Jun 01 21:05:37 UTC 2018
3 ms. Memory: 307712K Free: 291542K (95%)
ptolemy.util.test.WatchDog.cancel(): canceling Fri Jun 01 21:05:37 UTC 2018
auto.tcl: Setting watchdog for 200 seconds at Fri Jun 01 21:05:37 UTC 2018
1 ms. Memory: 307712K Free: 288151K (94%)
ptolemy.util.test.WatchDog.cancel(): canceling Fri Jun 01 21:05:37 UTC 2018
------------------ testing $PTII/ptolemy/domains/de/test/auto/triggerType.xml
auto.tcl: Setting watchdog for 200 seconds at Fri Jun 01 21:05:37 UTC 2018
1 ms. Memory: 308224K Free: 295395K (96%)
ptolemy.util.test.WatchDog.cancel(): canceling Fri Jun 01 21:05:37 UTC 2018
auto.tcl: Setting watchdog for 200 seconds at Fri Jun 01 21:05:37 UTC 2018
1 ms. Memory: 308224K Free: 292012K (95%)
ptolemy.util.test.WatchDog.cancel(): canceling Fri Jun 01 21:05:37 UTC 2018
06/01/18 09:05:37
Failed: 0  Total Tests: 192  ((Passed: 187, Newly Passed: 1)  Known Failed: 5) /home/travis/build/icyphy/ptII/ptolemy/domains/de/test
06/01/18 09:05:37
Failed: 0  Total Tests: 192  ((Passed: 187, Newly Passed: 1)  Known Failed: 5) /home/travis/build/icyphy/ptII/ptolemy/domains/de/test
----------------- testing (KnownFailure) /home/travis/build/icyphy/ptII/ptolemy/domains/de/test/auto/knownFailedTests/DESDFClockTest.xml
2012 ms. Memory: 307712K Free: 285856K (93%)
Known Failure: java.lang.reflect.InvocationTargetException
----------------- testing (KnownFailure) /home/travis/build/icyphy/ptII/ptolemy/domains/de/test/auto/knownFailedTests/DirectFeedback.xml
1 ms. Memory: 307712K Free: 267751K (87%)
Known Failure: java.lang.reflect.InvocationTargetException
----------------- testing (KnownFailure) /home/travis/build/icyphy/ptII/ptolemy/domains/de/test/auto/knownFailedTests/FSMSource.xml
3 ms. Memory: 307712K Free: 245104K (80%)
----------------- testing (KnownFailure) /home/travis/build/icyphy/ptII/ptolemy/domains/de/test/auto/knownFailedTests/HierarchicalModel.xml
2 ms. Memory: 307712K Free: 222442K (72%)
Known Failure: java.lang.reflect.InvocationTargetException
----------------- testing (KnownFailure) /home/travis/build/icyphy/ptII/ptolemy/domains/de/test/auto/knownFailedTests/dependencyLoop.xml
1 ms. Memory: 307712K Free: 190727K (62%)
Known Failure: java.lang.reflect.InvocationTargetException
----------------- testing (KnownFailure) /home/travis/build/icyphy/ptII/ptolemy/domains/de/test/auto/knownFailedTests/dependencyLoop2.xml
2 ms. Memory: 307712K Free: 159020K (52%)
Known Failure: java.lang.reflect.InvocationTargetException
No auto/linux-amd64/*.xml tests in /home/travis/build/icyphy/ptII/ptolemy/domains/de/test
AutoTests.java: About to close Vertx.
AutoTests.java: Vertx closed.

===========================================================================================
----------------- testing Fri Jun 01 21:05:39 UTC 2018 /home/travis/build/icyphy/ptII/ptolemy/domains/de/test/auto/ActorDepthCalculation_actorWithoutPorts.xml
----------------- Instantiating /home/travis/build/icyphy/ptII/ptolemy/domains/de/test/auto/ActorDepthCalculation_actorWithoutPorts.xml
1 ms. Memory: 307712K Free: 131847K (43%)
----------------- Invoking toplevel() on ptolemy.moml.MoMLSimpleApplication@23405691
----------------- Done invoking toplevel() on ptolemy.moml.MoMLSimpleApplication@23405691
reloadAllAccessors: .ActorDepthCalculation_actorWithoutPorts

===========================================================================================
----------------- testing Fri Jun 01 21:05:39 UTC 2018 /home/travis/build/icyphy/ptII/ptolemy/domains/de/test/auto/AssemblyLine.xml
----------------- Instantiating /home/travis/build/icyphy/ptII/ptolemy/domains/de/test/auto/AssemblyLine.xml
1 ms. Memory: 307712K Free: 118269K (38%)
----------------- Invoking toplevel() on ptolemy.moml.MoMLSimpleApplication@399d977c
----------------- Done invoking toplevel() on ptolemy.moml.MoMLSimpleApplication@399d977c
reloadAllAccessors: .AssemblyLine

===========================================================================================
----------------- testing Fri Jun 01 21:05:39 UTC 2018 /home/travis/build/icyphy/ptII/ptolemy/domains/de/test/auto/CQBug1.xml
----------------- Instantiating /home/travis/build/icyphy/ptII/ptolemy/domains/de/test/auto/CQBug1.xml
1 ms. Memory: 307712K Free: 109217K (35%)
----------------- Invoking toplevel() on ptolemy.moml.MoMLSimpleApplication@6590423b
----------------- Done invoking toplevel() on ptolemy.moml.MoMLSimpleApplication@6590423b
reloadAllAccessors: .CQBug1

===========================================================================================
----------------- testing Fri Jun 01 21:05:39 UTC 2018 /home/travis/build/icyphy/ptII/ptolemy/domains/de/test/auto/CancelFireAt.xml
----------------- Instantiating /home/travis/build/icyphy/ptII/ptolemy/domains/de/test/auto/CancelFireAt.xml
0 ms. Memory: 307712K Free: 100164K (33%)
----------------- Invoking toplevel() on ptolemy.moml.MoMLSimpleApplication@7fe19006
----------------- Done invoking toplevel() on ptolemy.moml.MoMLSimpleApplication@7fe19006
reloadAllAccessors: .CancelFireAt

===========================================================================================
----------------- testing Fri Jun 01 21:05:39 UTC 2018 /home/travis/build/icyphy/ptII/ptolemy/domains/de/test/auto/CausalityAndComposabilityAnalysis.xml
----------------- Instantiating /home/travis/build/icyphy/ptII/ptolemy/domains/de/test/auto/CausalityAndComposabilityAnalysis.xml
1 ms. Memory: 307712K Free: 91112K (30%)
----------------- Invoking toplevel() on ptolemy.moml.MoMLSimpleApplication@548a6898
----------------- Done invoking toplevel() on ptolemy.moml.MoMLSimpleApplication@548a6898
reloadAllAccessors: .CausalityAndComposabilityAnalysis

===========================================================================================
----------------- testing Fri Jun 01 21:05:39 UTC 2018 /home/travis/build/icyphy/ptII/ptolemy/domains/de/test/auto/CausalityInterface1.xml
----------------- Instantiating /home/travis/build/icyphy/ptII/ptolemy/domains/de/test/auto/CausalityInterface1.xml
3 ms. Memory: 307712K Free: 78685K (26%)
----------------- Invoking toplevel() on ptolemy.moml.MoMLSimpleApplication@7c472cab
----------------- Done invoking toplevel() on ptolemy.moml.MoMLSimpleApplication@7c472cab
reloadAllAccessors: .CausalityInterface1

===========================================================================================
----------------- testing Fri Jun 01 21:05:39 UTC 2018 /home/travis/build/icyphy/ptII/ptolemy/domains/de/test/auto/CausalityInterface15.xml
----------------- Instantiating /home/travis/build/icyphy/ptII/ptolemy/domains/de/test/auto/CausalityInterface15.xml
1 ms. Memory: 298496K Free: 286442K (96%)
----------------- Invoking toplevel() on ptolemy.moml.MoMLSimpleApplication@42dcfc33
----------------- Done invoking toplevel() on ptolemy.moml.MoMLSimpleApplication@42dcfc33
reloadAllAccessors: .CausalityInterface15

===========================================================================================
----------------- testing Fri Jun 01 21:05:39 UTC 2018 /home/travis/build/icyphy/ptII/ptolemy/domains/de/test/auto/CausalityInterface2.xml
----------------- Instantiating /home/travis/build/icyphy/ptII/ptolemy/domains/de/test/auto/CausalityInterface2.xml
1 ms. Memory: 298496K Free: 277822K (93%)
----------------- Invoking toplevel() on ptolemy.moml.MoMLSimpleApplication@73e61c20
----------------- Done invoking toplevel() on ptolemy.moml.MoMLSimpleApplication@73e61c20
reloadAllAccessors: .CausalityInterface2

===========================================================================================
----------------- testing Fri Jun 01 21:05:39 UTC 2018 /home/travis/build/icyphy/ptII/ptolemy/domains/de/test/auto/CausalityInterface3.xml
----------------- Instantiating /home/travis/build/icyphy/ptII/ptolemy/domains/de/test/auto/CausalityInterface3.xml
1 ms. Memory: 298496K Free: 269135K (90%)
----------------- Invoking toplevel() on ptolemy.moml.MoMLSimpleApplication@198a155f
----------------- Done invoking toplevel() on ptolemy.moml.MoMLSimpleApplication@198a155f
reloadAllAccessors: .CausalityInterface3

===========================================================================================
----------------- testing Fri Jun 01 21:05:39 UTC 2018 /home/travis/build/icyphy/ptII/ptolemy/domains/de/test/auto/ClockDrift.xml
----------------- Instantiating /home/travis/build/icyphy/ptII/ptolemy/domains/de/test/auto/ClockDrift.xml
14 ms. Memory: 298496K Free: 253966K (85%)
----------------- Invoking toplevel() on ptolemy.moml.MoMLSimpleApplication@5fd170e
----------------- Done invoking toplevel() on ptolemy.moml.MoMLSimpleApplication@5fd170e
reloadAllAccessors: .ClockDrift

===========================================================================================
----------------- testing Fri Jun 01 21:05:39 UTC 2018 /home/travis/build/icyphy/ptII/ptolemy/domains/de/test/auto/ClockDriftAndValueChange.xml
----------------- Instantiating /home/travis/build/icyphy/ptII/ptolemy/domains/de/test/auto/ClockDriftAndValueChange.xml
7 ms. Memory: 298496K Free: 238790K (80%)
----------------- Invoking toplevel() on ptolemy.moml.MoMLSimpleApplication@1a215c83
----------------- Done invoking toplevel() on ptolemy.moml.MoMLSimpleApplication@1a215c83
reloadAllAccessors: .ClockDriftAndValueChange

===========================================================================================
----------------- testing Fri Jun 01 21:05:39 UTC 2018 /home/travis/build/icyphy/ptII/ptolemy/domains/de/test/auto/ClockDriftChange.xml
----------------- Instantiating /home/travis/build/icyphy/ptII/ptolemy/domains/de/test/auto/ClockDriftChange.xml
7 ms. Memory: 298496K Free: 223649K (75%)
----------------- Invoking toplevel() on ptolemy.moml.MoMLSimpleApplication@67ae91ca
----------------- Done invoking toplevel() on ptolemy.moml.MoMLSimpleApplication@67ae91ca
reloadAllAccessors: .ClockDriftChange

===========================================================================================
----------------- testing Fri Jun 01 21:05:39 UTC 2018 /home/travis/build/icyphy/ptII/ptolemy/domains/de/test/auto/ComposableCausalityAnalysis.xml
----------------- Instantiating /home/travis/build/icyphy/ptII/ptolemy/domains/de/test/auto/ComposableCausalityAnalysis.xml
2 ms. Memory: 298496K Free: 214978K (72%)
----------------- Invoking toplevel() on ptolemy.moml.MoMLSimpleApplication@4ada1ed7
----------------- Done invoking toplevel() on ptolemy.moml.MoMLSimpleApplication@4ada1ed7
reloadAllAccessors: .ComposableCausalityAnalysis

===========================================================================================
----------------- testing Fri Jun 01 21:05:39 UTC 2018 /home/travis/build/icyphy/ptII/ptolemy/domains/de/test/auto/DEFixedPointLimitation.xml
----------------- Instantiating /home/travis/build/icyphy/ptII/ptolemy/domains/de/test/auto/DEFixedPointLimitation.xml
0 ms. Memory: 298496K Free: 208480K (70%)
----------------- Invoking toplevel() on ptolemy.moml.MoMLSimpleApplication@69bdeb72
----------------- Done invoking toplevel() on ptolemy.moml.MoMLSimpleApplication@69bdeb72
reloadAllAccessors: .DEFixedPointLimitation

===========================================================================================
----------------- testing Fri Jun 01 21:05:39 UTC 2018 /home/travis/build/icyphy/ptII/ptolemy/domains/de/test/auto/DEScheduleTest.xml
----------------- Instantiating /home/travis/build/icyphy/ptII/ptolemy/domains/de/test/auto/DEScheduleTest.xml
1 ms. Memory: 298496K Free: 201983K (68%)
----------------- Invoking toplevel() on ptolemy.moml.MoMLSimpleApplication@3a6b7890
----------------- Done invoking toplevel() on ptolemy.moml.MoMLSimpleApplication@3a6b7890
reloadAllAccessors: .DEScheduleTest

===========================================================================================
----------------- testing Fri Jun 01 21:05:39 UTC 2018 /home/travis/build/icyphy/ptII/ptolemy/domains/de/test/auto/DEinDEwithStartTimes.xml
----------------- Instantiating /home/travis/build/icyphy/ptII/ptolemy/domains/de/test/auto/DEinDEwithStartTimes.xml
1 ms. Memory: 298496K Free: 193296K (65%)
----------------- Invoking toplevel() on ptolemy.moml.MoMLSimpleApplication@4b23658e
----------------- Done invoking toplevel() on ptolemy.moml.MoMLSimpleApplication@4b23658e
reloadAllAccessors: .DEinDEwithStartTimes

===========================================================================================
----------------- testing Fri Jun 01 21:05:39 UTC 2018 /home/travis/build/icyphy/ptII/ptolemy/domains/de/test/auto/DEinDEwithStartTimes2.xml
----------------- Instantiating /home/travis/build/icyphy/ptII/ptolemy/domains/de/test/auto/DEinDEwithStartTimes2.xml
2 ms. Memory: 298496K Free: 182494K (61%)
----------------- Invoking toplevel() on ptolemy.moml.MoMLSimpleApplication@8f4a193
----------------- Done invoking toplevel() on ptolemy.moml.MoMLSimpleApplication@8f4a193
reloadAllAccessors: .DEinDEwithStartTimes2

===========================================================================================
----------------- testing Fri Jun 01 21:05:39 UTC 2018 /home/travis/build/icyphy/ptII/ptolemy/domains/de/test/auto/DateDemo.xml
----------------- Instantiating /home/travis/build/icyphy/ptII/ptolemy/domains/de/test/auto/DateDemo.xml
7 ms. Memory: 298496K Free: 169468K (57%)
----------------- Invoking toplevel() on ptolemy.moml.MoMLSimpleApplication@4a8f02b6
----------------- Done invoking toplevel() on ptolemy.moml.MoMLSimpleApplication@4a8f02b6
reloadAllAccessors: .DateDemo

===========================================================================================
----------------- testing Fri Jun 01 21:05:39 UTC 2018 /home/travis/build/icyphy/ptII/ptolemy/domains/de/test/auto/DateToEvent.xml
----------------- Instantiating /home/travis/build/icyphy/ptII/ptolemy/domains/de/test/auto/DateToEvent.xml
2004 ms. Memory: 298496K Free: 149935K (50%)
----------------- Invoking toplevel() on ptolemy.moml.MoMLSimpleApplication@38d3ce0d
----------------- Done invoking toplevel() on ptolemy.moml.MoMLSimpleApplication@38d3ce0d
reloadAllAccessors: .DateToEvent

===========================================================================================
----------------- testing Fri Jun 01 21:05:41 UTC 2018 /home/travis/build/icyphy/ptII/ptolemy/domains/de/test/auto/DepthTest1.xml
----------------- Instantiating /home/travis/build/icyphy/ptII/ptolemy/domains/de/test/auto/DepthTest1.xml
0 ms. Memory: 298496K Free: 143422K (48%)
----------------- Invoking toplevel() on ptolemy.moml.MoMLSimpleApplication@800d9ca
----------------- Done invoking toplevel() on ptolemy.moml.MoMLSimpleApplication@800d9ca
reloadAllAccessors: .DepthTest1

===========================================================================================
----------------- testing Fri Jun 01 21:05:41 UTC 2018 /home/travis/build/icyphy/ptII/ptolemy/domains/de/test/auto/DepthTest2.xml
----------------- Instantiating /home/travis/build/icyphy/ptII/ptolemy/domains/de/test/auto/DepthTest2.xml
1 ms. Memory: 298496K Free: 132629K (44%)
----------------- Invoking toplevel() on ptolemy.moml.MoMLSimpleApplication@400b326f
----------------- Done invoking toplevel() on ptolemy.moml.MoMLSimpleApplication@400b326f
reloadAllAccessors: .DepthTest2

===========================================================================================
----------------- testing Fri Jun 01 21:05:41 UTC 2018 /home/travis/build/icyphy/ptII/ptolemy/domains/de/test/auto/DepthTest3.xml
----------------- Instantiating /home/travis/build/icyphy/ptII/ptolemy/domains/de/test/auto/DepthTest3.xml
0 ms. Memory: 298496K Free: 126115K (42%)
----------------- Invoking toplevel() on ptolemy.moml.MoMLSimpleApplication@45caaf1d
----------------- Done invoking toplevel() on ptolemy.moml.MoMLSimpleApplication@45caaf1d
reloadAllAccessors: .DepthTest3

===========================================================================================
----------------- testing Fri Jun 01 21:05:41 UTC 2018 /home/travis/build/icyphy/ptII/ptolemy/domains/de/test/auto/DepthTest4.xml
----------------- Instantiating /home/travis/build/icyphy/ptII/ptolemy/domains/de/test/auto/DepthTest4.xml
1 ms. Memory: 298496K Free: 117428K (39%)
----------------- Invoking toplevel() on ptolemy.moml.MoMLSimpleApplication@3e135ce5
----------------- Done invoking toplevel() on ptolemy.moml.MoMLSimpleApplication@3e135ce5
reloadAllAccessors: .DepthTest4

===========================================================================================
----------------- testing Fri Jun 01 21:05:41 UTC 2018 /home/travis/build/icyphy/ptII/ptolemy/domains/de/test/auto/DepthTest5.xml
----------------- Instantiating /home/travis/build/icyphy/ptII/ptolemy/domains/de/test/auto/DepthTest5.xml
1 ms. Memory: 298496K Free: 108749K (36%)
----------------- Invoking toplevel() on ptolemy.moml.MoMLSimpleApplication@73face36
----------------- Done invoking toplevel() on ptolemy.moml.MoMLSimpleApplication@73face36
reloadAllAccessors: .DepthTest5

===========================================================================================
----------------- testing Fri Jun 01 21:05:41 UTC 2018 /home/travis/build/icyphy/ptII/ptolemy/domains/de/test/auto/DepthTest6.xml
----------------- Instantiating /home/travis/build/icyphy/ptII/ptolemy/domains/de/test/auto/DepthTest6.xml
1 ms. Memory: 298496K Free: 100070K (34%)
----------------- Invoking toplevel() on ptolemy.moml.MoMLSimpleApplication@3ca401ad
----------------- Done invoking toplevel() on ptolemy.moml.MoMLSimpleApplication@3ca401ad
reloadAllAccessors: .DepthTest6

===========================================================================================
----------------- testing Fri Jun 01 21:05:41 UTC 2018 /home/travis/build/icyphy/ptII/ptolemy/domains/de/test/auto/DepthTest7.xml
----------------- Instantiating /home/travis/build/icyphy/ptII/ptolemy/domains/de/test/auto/DepthTest7.xml
0 ms. Memory: 298496K Free: 89253K (30%)
----------------- Invoking toplevel() on ptolemy.moml.MoMLSimpleApplication@459aa1a6
----------------- Done invoking toplevel() on ptolemy.moml.MoMLSimpleApplication@459aa1a6
reloadAllAccessors: .DepthTest7

===========================================================================================
----------------- testing Fri Jun 01 21:05:41 UTC 2018 /home/travis/build/icyphy/ptII/ptolemy/domains/de/test/auto/EventToDate.xml
----------------- Instantiating /home/travis/build/icyphy/ptII/ptolemy/domains/de/test/auto/EventToDate.xml
3007 ms. Memory: 289280K Free: 278953K (96%)
----------------- Invoking toplevel() on ptolemy.moml.MoMLSimpleApplication@2889917a
----------------- Done invoking toplevel() on ptolemy.moml.MoMLSimpleApplication@2889917a
reloadAllAccessors: .EventToDate

===========================================================================================
----------------- testing Fri Jun 01 21:05:44 UTC 2018 /home/travis/build/icyphy/ptII/ptolemy/domains/de/test/auto/FSM1.xml
----------------- Instantiating /home/travis/build/icyphy/ptII/ptolemy/domains/de/test/auto/FSM1.xml
4 ms. Memory: 289280K Free: 263039K (91%)
----------------- Invoking toplevel() on ptolemy.moml.MoMLSimpleApplication@3299958
----------------- Done invoking toplevel() on ptolemy.moml.MoMLSimpleApplication@3299958
reloadAllAccessors: .FSM1

===========================================================================================
----------------- testing Fri Jun 01 21:05:44 UTC 2018 /home/travis/build/icyphy/ptII/ptolemy/domains/de/test/auto/FSM7.xml
----------------- Instantiating /home/travis/build/icyphy/ptII/ptolemy/domains/de/test/auto/FSM7.xml
5 ms. Memory: 289280K Free: 248491K (86%)
----------------- Invoking toplevel() on ptolemy.moml.MoMLSimpleApplication@54df3f08
----------------- Done invoking toplevel() on ptolemy.moml.MoMLSimpleApplication@54df3f08
reloadAllAccessors: .FSM7

===========================================================================================
----------------- testing Fri Jun 01 21:05:44 UTC 2018 /home/travis/build/icyphy/ptII/ptolemy/domains/de/test/auto/Inspection.xml
----------------- Instantiating /home/travis/build/icyphy/ptII/ptolemy/domains/de/test/auto/Inspection.xml
7 ms. Memory: 289280K Free: 232554K (80%)
----------------- Invoking toplevel() on ptolemy.moml.MoMLSimpleApplication@4febe4af
----------------- Done invoking toplevel() on ptolemy.moml.MoMLSimpleApplication@4febe4af
reloadAllAccessors: .Inspection

===========================================================================================
----------------- testing Fri Jun 01 21:05:44 UTC 2018 /home/travis/build/icyphy/ptII/ptolemy/domains/de/test/auto/Iteration.xml
----------------- Instantiating /home/travis/build/icyphy/ptII/ptolemy/domains/de/test/auto/Iteration.xml
3 ms. Memory: 289280K Free: 224251K (78%)
----------------- Invoking toplevel() on ptolemy.moml.MoMLSimpleApplication@ccafe4e
----------------- Done invoking toplevel() on ptolemy.moml.MoMLSimpleApplication@ccafe4e
reloadAllAccessors: .Iteration

===========================================================================================
----------------- testing Fri Jun 01 21:05:44 UTC 2018 /home/travis/build/icyphy/ptII/ptolemy/domains/de/test/auto/LineFault.xml
----------------- Instantiating /home/travis/build/icyphy/ptII/ptolemy/domains/de/test/auto/LineFault.xml
276 ms. Memory: 289280K Free: 103732K (36%)
----------------- Invoking toplevel() on ptolemy.moml.MoMLSimpleApplication@5519965
----------------- Done invoking toplevel() on ptolemy.moml.MoMLSimpleApplication@5519965
reloadAllAccessors: .LineFault

===========================================================================================
----------------- testing Fri Jun 01 21:05:45 UTC 2018 /home/travis/build/icyphy/ptII/ptolemy/domains/de/test/auto/MergeModel1Add.xml
----------------- Instantiating /home/travis/build/icyphy/ptII/ptolemy/domains/de/test/auto/MergeModel1Add.xml
4 ms. Memory: 289280K Free: 81541K (28%)
----------------- Invoking toplevel() on ptolemy.moml.MoMLSimpleApplication@3f8929d1
----------------- Done invoking toplevel() on ptolemy.moml.MoMLSimpleApplication@3f8929d1
reloadAllAccessors: .MergeModel1Add

===========================================================================================
----------------- testing Fri Jun 01 21:05:45 UTC 2018 /home/travis/build/icyphy/ptII/ptolemy/domains/de/test/auto/MergeModel2Add.xml
----------------- Instantiating /home/travis/build/icyphy/ptII/ptolemy/domains/de/test/auto/MergeModel2Add.xml
3 ms. Memory: 280576K Free: 260505K (93%)
----------------- Invoking toplevel() on ptolemy.moml.MoMLSimpleApplication@58639ffb
----------------- Done invoking toplevel() on ptolemy.moml.MoMLSimpleApplication@58639ffb
reloadAllAccessors: .MergeModel2Add

===========================================================================================
----------------- testing Fri Jun 01 21:05:45 UTC 2018 /home/travis/build/icyphy/ptII/ptolemy/domains/de/test/auto/MergeModel3Add.xml
----------------- Instantiating /home/travis/build/icyphy/ptII/ptolemy/domains/de/test/auto/MergeModel3Add.xml
3 ms. Memory: 280576K Free: 239683K (85%)
----------------- Invoking toplevel() on ptolemy.moml.MoMLSimpleApplication@2066d6a4
----------------- Done invoking toplevel() on ptolemy.moml.MoMLSimpleApplication@2066d6a4
reloadAllAccessors: .MergeModel3Add

===========================================================================================
----------------- testing Fri Jun 01 21:05:45 UTC 2018 /home/travis/build/icyphy/ptII/ptolemy/domains/de/test/auto/MergeWithoutDiscard.xml
----------------- Instantiating /home/travis/build/icyphy/ptII/ptolemy/domains/de/test/auto/MergeWithoutDiscard.xml
1 ms. Memory: 280576K Free: 232822K (83%)
----------------- Invoking toplevel() on ptolemy.moml.MoMLSimpleApplication@769ea278
----------------- Done invoking toplevel() on ptolemy.moml.MoMLSimpleApplication@769ea278
reloadAllAccessors: .MergeWithoutDiscard

===========================================================================================
----------------- testing Fri Jun 01 21:05:45 UTC 2018 /home/travis/build/icyphy/ptII/ptolemy/domains/de/test/auto/Modal1.xml
----------------- Instantiating /home/travis/build/icyphy/ptII/ptolemy/domains/de/test/auto/Modal1.xml
4 ms. Memory: 280576K Free: 218876K (78%)
----------------- Invoking toplevel() on ptolemy.moml.MoMLSimpleApplication@5a0b0332
----------------- Done invoking toplevel() on ptolemy.moml.MoMLSimpleApplication@5a0b0332
reloadAllAccessors: .Modal1

===========================================================================================
----------------- testing Fri Jun 01 21:05:45 UTC 2018 /home/travis/build/icyphy/ptII/ptolemy/domains/de/test/auto/Modal2.xml
----------------- Instantiating /home/travis/build/icyphy/ptII/ptolemy/domains/de/test/auto/Modal2.xml
4 ms. Memory: 280576K Free: 204045K (73%)
----------------- Invoking toplevel() on ptolemy.moml.MoMLSimpleApplication@207d0faa
----------------- Done invoking toplevel() on ptolemy.moml.MoMLSimpleApplication@207d0faa
reloadAllAccessors: .Modal2

===========================================================================================
----------------- testing Fri Jun 01 21:05:45 UTC 2018 /home/travis/build/icyphy/ptII/ptolemy/domains/de/test/auto/Modal3.xml
----------------- Instantiating /home/travis/build/icyphy/ptII/ptolemy/domains/de/test/auto/Modal3.xml
4 ms. Memory: 280576K Free: 188096K (67%)
----------------- Invoking toplevel() on ptolemy.moml.MoMLSimpleApplication@24f2b298
----------------- Done invoking toplevel() on ptolemy.moml.MoMLSimpleApplication@24f2b298
reloadAllAccessors: .Modal3

===========================================================================================
----------------- testing Fri Jun 01 21:05:45 UTC 2018 /home/travis/build/icyphy/ptII/ptolemy/domains/de/test/auto/Modal4.xml
----------------- Instantiating /home/travis/build/icyphy/ptII/ptolemy/domains/de/test/auto/Modal4.xml
5 ms. Memory: 280576K Free: 171271K (61%)
----------------- Invoking toplevel() on ptolemy.moml.MoMLSimpleApplication@29195c35
----------------- Done invoking toplevel() on ptolemy.moml.MoMLSimpleApplication@29195c35
reloadAllAccessors: .Modal4

===========================================================================================
----------------- testing Fri Jun 01 21:05:45 UTC 2018 /home/travis/build/icyphy/ptII/ptolemy/domains/de/test/auto/Modal5.xml
----------------- Instantiating /home/travis/build/icyphy/ptII/ptolemy/domains/de/test/auto/Modal5.xml
4 ms. Memory: 280576K Free: 155323K (55%)
----------------- Invoking toplevel() on ptolemy.moml.MoMLSimpleApplication@5fb3c380
----------------- Done invoking toplevel() on ptolemy.moml.MoMLSimpleApplication@5fb3c380
reloadAllAccessors: .Modal5

===========================================================================================
----------------- testing Fri Jun 01 21:05:45 UTC 2018 /home/travis/build/icyphy/ptII/ptolemy/domains/de/test/auto/Modal6.xml
----------------- Instantiating /home/travis/build/icyphy/ptII/ptolemy/domains/de/test/auto/Modal6.xml
4 ms. Memory: 280576K Free: 140508K (50%)
----------------- Invoking toplevel() on ptolemy.moml.MoMLSimpleApplication@1e7dcf47
----------------- Done invoking toplevel() on ptolemy.moml.MoMLSimpleApplication@1e7dcf47
reloadAllAccessors: .Modal6

===========================================================================================
----------------- testing Fri Jun 01 21:05:45 UTC 2018 /home/travis/build/icyphy/ptII/ptolemy/domains/de/test/auto/Modal7.xml
----------------- Instantiating /home/travis/build/icyphy/ptII/ptolemy/domains/de/test/auto/Modal7.xml
4 ms. Memory: 280576K Free: 124567K (44%)
----------------- Invoking toplevel() on ptolemy.moml.MoMLSimpleApplication@57b92f2f
----------------- Done invoking toplevel() on ptolemy.moml.MoMLSimpleApplication@57b92f2f
reloadAllAccessors: .Modal7

===========================================================================================
----------------- testing Fri Jun 01 21:05:45 UTC 2018 /home/travis/build/icyphy/ptII/ptolemy/domains/de/test/auto/ModalModel.xml
----------------- Instantiating /home/travis/build/icyphy/ptII/ptolemy/domains/de/test/auto/ModalModel.xml
71 ms. Memory: 271872K Free: 240425K (88%)
----------------- Invoking toplevel() on ptolemy.moml.MoMLSimpleApplication@49b00d89
----------------- Done invoking toplevel() on ptolemy.moml.MoMLSimpleApplication@49b00d89
reloadAllAccessors: .ModalModel

===========================================================================================
----------------- testing Fri Jun 01 21:05:45 UTC 2018 /home/travis/build/icyphy/ptII/ptolemy/domains/de/test/auto/ModalSource.xml
----------------- Instantiating /home/travis/build/icyphy/ptII/ptolemy/domains/de/test/auto/ModalSource.xml
2 ms. Memory: 271872K Free: 229796K (85%)
----------------- Invoking toplevel() on ptolemy.moml.MoMLSimpleApplication@7cc9395f
----------------- Done invoking toplevel() on ptolemy.moml.MoMLSimpleApplication@7cc9395f
reloadAllAccessors: .ModalSource

===========================================================================================
----------------- testing Fri Jun 01 21:05:45 UTC 2018 /home/travis/build/icyphy/ptII/ptolemy/domains/de/test/auto/NonInterruptibleTimerZeroDelay.xml
----------------- Instantiating /home/travis/build/icyphy/ptII/ptolemy/domains/de/test/auto/NonInterruptibleTimerZeroDelay.xml
1 ms. Memory: 271872K Free: 224124K (82%)
----------------- Invoking toplevel() on ptolemy.moml.MoMLSimpleApplication@eb79848
----------------- Done invoking toplevel() on ptolemy.moml.MoMLSimpleApplication@eb79848
reloadAllAccessors: .NonInterruptibleTimerZeroDelay

===========================================================================================
----------------- testing Fri Jun 01 21:05:45 UTC 2018 /home/travis/build/icyphy/ptII/ptolemy/domains/de/test/auto/OpenQueueingNetwork.xml
----------------- Instantiating /home/travis/build/icyphy/ptII/ptolemy/domains/de/test/auto/OpenQueueingNetwork.xml
1484 ms. Memory: 250880K Free: 133604K (53%)
----------------- Invoking toplevel() on ptolemy.moml.MoMLSimpleApplication@22b6b89d
----------------- Done invoking toplevel() on ptolemy.moml.MoMLSimpleApplication@22b6b89d
reloadAllAccessors: .OpenQueueingNetwork

===========================================================================================
----------------- testing Fri Jun 01 21:05:47 UTC 2018 /home/travis/build/icyphy/ptII/ptolemy/domains/de/test/auto/OpenQueuingNetwork.xml
----------------- Instantiating /home/travis/build/icyphy/ptII/ptolemy/domains/de/test/auto/OpenQueuingNetwork.xml
199 ms. Memory: 242688K Free: 199974K (82%)
----------------- Invoking toplevel() on ptolemy.moml.MoMLSimpleApplication@784ba60
----------------- Done invoking toplevel() on ptolemy.moml.MoMLSimpleApplication@784ba60
reloadAllAccessors: .OpenQueuingNetwork

===========================================================================================
----------------- testing Fri Jun 01 21:05:47 UTC 2018 /home/travis/build/icyphy/ptII/ptolemy/domains/de/test/auto/PeriodicSampler.xml
----------------- Instantiating /home/travis/build/icyphy/ptII/ptolemy/domains/de/test/auto/PeriodicSampler.xml
2 ms. Memory: 242688K Free: 193430K (80%)
----------------- Invoking toplevel() on ptolemy.moml.MoMLSimpleApplication@183cf14e
----------------- Done invoking toplevel() on ptolemy.moml.MoMLSimpleApplication@183cf14e
reloadAllAccessors: .PeriodicSampler

===========================================================================================
----------------- testing Fri Jun 01 21:05:47 UTC 2018 /home/travis/build/icyphy/ptII/ptolemy/domains/de/test/auto/PersistentIO.xml
----------------- Instantiating /home/travis/build/icyphy/ptII/ptolemy/domains/de/test/auto/PersistentIO.xml
11 ms. Memory: 242688K Free: 181694K (75%)
----------------- Invoking toplevel() on ptolemy.moml.MoMLSimpleApplication@4eb08d6e
----------------- Done invoking toplevel() on ptolemy.moml.MoMLSimpleApplication@4eb08d6e
reloadAllAccessors: .PersistentIO

===========================================================================================
----------------- testing Fri Jun 01 21:05:47 UTC 2018 /home/travis/build/icyphy/ptII/ptolemy/domains/de/test/auto/PortParameterResetOnInitialize.xml
----------------- Instantiating /home/travis/build/icyphy/ptII/ptolemy/domains/de/test/auto/PortParameterResetOnInitialize.xml
2 ms. Memory: 242688K Free: 174796K (72%)
----------------- Invoking toplevel() on ptolemy.moml.MoMLSimpleApplication@4e85e0a9
----------------- Done invoking toplevel() on ptolemy.moml.MoMLSimpleApplication@4e85e0a9
reloadAllAccessors: .PortParameterResetOnInitialize

===========================================================================================
----------------- testing Fri Jun 01 21:05:47 UTC 2018 /home/travis/build/icyphy/ptII/ptolemy/domains/de/test/auto/PortParameterUpdates.xml
----------------- Instantiating /home/travis/build/icyphy/ptII/ptolemy/domains/de/test/auto/PortParameterUpdates.xml
3 ms. Memory: 242688K Free: 166087K (68%)
----------------- Invoking toplevel() on ptolemy.moml.MoMLSimpleApplication@2b530e70
----------------- Done invoking toplevel() on ptolemy.moml.MoMLSimpleApplication@2b530e70
reloadAllAccessors: .PortParameterUpdates

===========================================================================================
----------------- testing Fri Jun 01 21:05:47 UTC 2018 /home/travis/build/icyphy/ptII/ptolemy/domains/de/test/auto/QueueAndServer.xml
----------------- Instantiating /home/travis/build/icyphy/ptII/ptolemy/domains/de/test/auto/QueueAndServer.xml
4 ms. Memory: 242688K Free: 157581K (65%)
----------------- Invoking toplevel() on ptolemy.moml.MoMLSimpleApplication@5711df4c
----------------- Done invoking toplevel() on ptolemy.moml.MoMLSimpleApplication@5711df4c
reloadAllAccessors: .QueueAndServer

===========================================================================================
----------------- testing Fri Jun 01 21:05:47 UTC 2018 /home/travis/build/icyphy/ptII/ptolemy/domains/de/test/auto/Records.xml
----------------- Instantiating /home/travis/build/icyphy/ptII/ptolemy/domains/de/test/auto/Records.xml
3 ms. Memory: 242688K Free: 150708K (62%)
----------------- Invoking toplevel() on ptolemy.moml.MoMLSimpleApplication@405e861
----------------- Done invoking toplevel() on ptolemy.moml.MoMLSimpleApplication@405e861
reloadAllAccessors: .Records

===========================================================================================
----------------- testing Fri Jun 01 21:05:47 UTC 2018 /home/travis/build/icyphy/ptII/ptolemy/domains/de/test/auto/ResetTransitionWithStartTime1.xml
----------------- Instantiating /home/travis/build/icyphy/ptII/ptolemy/domains/de/test/auto/ResetTransitionWithStartTime1.xml
4 ms. Memory: 242688K Free: 140362K (58%)
----------------- Invoking toplevel() on ptolemy.moml.MoMLSimpleApplication@45bea4af
----------------- Done invoking toplevel() on ptolemy.moml.MoMLSimpleApplication@45bea4af
reloadAllAccessors: .ResetTransitionWithStartTime1

===========================================================================================
----------------- testing Fri Jun 01 21:05:47 UTC 2018 /home/travis/build/icyphy/ptII/ptolemy/domains/de/test/auto/ResetTransitionWithStartTime2.xml
----------------- Instantiating /home/travis/build/icyphy/ptII/ptolemy/domains/de/test/auto/ResetTransitionWithStartTime2.xml
3 ms. Memory: 242688K Free: 130233K (54%)
----------------- Invoking toplevel() on ptolemy.moml.MoMLSimpleApplication@6cc44fa0
----------------- Done invoking toplevel() on ptolemy.moml.MoMLSimpleApplication@6cc44fa0
reloadAllAccessors: .ResetTransitionWithStartTime2

===========================================================================================
----------------- testing Fri Jun 01 21:05:47 UTC 2018 /home/travis/build/icyphy/ptII/ptolemy/domains/de/test/auto/ResetTransitionWithStartTime3.xml
----------------- Instantiating /home/travis/build/icyphy/ptII/ptolemy/domains/de/test/auto/ResetTransitionWithStartTime3.xml
4 ms. Memory: 242688K Free: 119911K (49%)
----------------- Invoking toplevel() on ptolemy.moml.MoMLSimpleApplication@534476f0
----------------- Done invoking toplevel() on ptolemy.moml.MoMLSimpleApplication@534476f0
reloadAllAccessors: .ResetTransitionWithStartTime3

===========================================================================================
----------------- testing Fri Jun 01 21:05:47 UTC 2018 /home/travis/build/icyphy/ptII/ptolemy/domains/de/test/auto/ResetTransitionWithStartTime4.xml
----------------- Instantiating /home/travis/build/icyphy/ptII/ptolemy/domains/de/test/auto/ResetTransitionWithStartTime4.xml
2 ms. Memory: 242688K Free: 111406K (46%)
----------------- Invoking toplevel() on ptolemy.moml.MoMLSimpleApplication@641d603a
----------------- Done invoking toplevel() on ptolemy.moml.MoMLSimpleApplication@641d603a
reloadAllAccessors: .ResetTransitionWithStartTime4

===========================================================================================
----------------- testing Fri Jun 01 21:05:47 UTC 2018 /home/travis/build/icyphy/ptII/ptolemy/domains/de/test/auto/ResettableTimer1.xml
----------------- Instantiating /home/travis/build/icyphy/ptII/ptolemy/domains/de/test/auto/ResettableTimer1.xml
2 ms. Memory: 242688K Free: 106148K (44%)
----------------- Invoking toplevel() on ptolemy.moml.MoMLSimpleApplication@6c78927c
----------------- Done invoking toplevel() on ptolemy.moml.MoMLSimpleApplication@6c78927c
reloadAllAccessors: .ResettableTimer1

===========================================================================================
----------------- testing Fri Jun 01 21:05:47 UTC 2018 /home/travis/build/icyphy/ptII/ptolemy/domains/de/test/auto/ResettableTimer2.xml
----------------- Instantiating /home/travis/build/icyphy/ptII/ptolemy/domains/de/test/auto/ResettableTimer2.xml
1 ms. Memory: 242688K Free: 100673K (41%)
----------------- Invoking toplevel() on ptolemy.moml.MoMLSimpleApplication@33a7355b
----------------- Done invoking toplevel() on ptolemy.moml.MoMLSimpleApplication@33a7355b
reloadAllAccessors: .ResettableTimer2

===========================================================================================
----------------- testing Fri Jun 01 21:05:47 UTC 2018 /home/travis/build/icyphy/ptII/ptolemy/domains/de/test/auto/ResettableTimer3.xml
----------------- Instantiating /home/travis/build/icyphy/ptII/ptolemy/domains/de/test/auto/ResettableTimer3.xml
1 ms. Memory: 242688K Free: 95400K (39%)
----------------- Invoking toplevel() on ptolemy.moml.MoMLSimpleApplication@230e1ea5
----------------- Done invoking toplevel() on ptolemy.moml.MoMLSimpleApplication@230e1ea5
reloadAllAccessors: .ResettableTimer3

===========================================================================================
----------------- testing Fri Jun 01 21:05:47 UTC 2018 /home/travis/build/icyphy/ptII/ptolemy/domains/de/test/auto/ResettableTimer4.xml
----------------- Instantiating /home/travis/build/icyphy/ptII/ptolemy/domains/de/test/auto/ResettableTimer4.xml
1 ms. Memory: 242688K Free: 88518K (36%)
----------------- Invoking toplevel() on ptolemy.moml.MoMLSimpleApplication@ea04d45
----------------- Done invoking toplevel() on ptolemy.moml.MoMLSimpleApplication@ea04d45
reloadAllAccessors: .ResettableTimer4

===========================================================================================
----------------- testing Fri Jun 01 21:05:47 UTC 2018 /home/travis/build/icyphy/ptII/ptolemy/domains/de/test/auto/ResettableTimer5.xml
----------------- Instantiating /home/travis/build/icyphy/ptII/ptolemy/domains/de/test/auto/ResettableTimer5.xml
1 ms. Memory: 242688K Free: 81436K (34%)
----------------- Invoking toplevel() on ptolemy.moml.MoMLSimpleApplication@5c8d6042
----------------- Done invoking toplevel() on ptolemy.moml.MoMLSimpleApplication@5c8d6042
reloadAllAccessors: .ResettableTimer5

===========================================================================================
----------------- testing Fri Jun 01 21:05:47 UTC 2018 /home/travis/build/icyphy/ptII/ptolemy/domains/de/test/auto/ResettableTimer6.xml
----------------- Instantiating /home/travis/build/icyphy/ptII/ptolemy/domains/de/test/auto/ResettableTimer6.xml
1 ms. Memory: 242688K Free: 74570K (31%)
----------------- Invoking toplevel() on ptolemy.moml.MoMLSimpleApplication@4bf35c03
----------------- Done invoking toplevel() on ptolemy.moml.MoMLSimpleApplication@4bf35c03
reloadAllAccessors: .ResettableTimer6

===========================================================================================
----------------- testing Fri Jun 01 21:05:47 UTC 2018 /home/travis/build/icyphy/ptII/ptolemy/domains/de/test/auto/ServerZeroDelay.xml
----------------- Instantiating /home/travis/build/icyphy/ptII/ptolemy/domains/de/test/auto/ServerZeroDelay.xml
8 ms. Memory: 282624K Free: 269541K (95%)
----------------- Invoking toplevel() on ptolemy.moml.MoMLSimpleApplication@40d70121
----------------- Done invoking toplevel() on ptolemy.moml.MoMLSimpleApplication@40d70121
reloadAllAccessors: .ServerZeroDelay

===========================================================================================
----------------- testing Fri Jun 01 21:05:47 UTC 2018 /home/travis/build/icyphy/ptII/ptolemy/domains/de/test/auto/SmartSender.xml
----------------- Instantiating /home/travis/build/icyphy/ptII/ptolemy/domains/de/test/auto/SmartSender.xml
3001 ms. Memory: 282624K Free: 262370K (93%)
----------------- Invoking toplevel() on ptolemy.moml.MoMLSimpleApplication@2b87c4eb
----------------- Done invoking toplevel() on ptolemy.moml.MoMLSimpleApplication@2b87c4eb
reloadAllAccessors: .SmartSender

===========================================================================================
----------------- testing Fri Jun 01 21:05:50 UTC 2018 /home/travis/build/icyphy/ptII/ptolemy/domains/de/test/auto/ThreadedComposite.xml
----------------- Instantiating /home/travis/build/icyphy/ptII/ptolemy/domains/de/test/auto/ThreadedComposite.xml
91 ms. Memory: 282624K Free: 237656K (84%)
----------------- Invoking toplevel() on ptolemy.moml.MoMLSimpleApplication@5f972932
----------------- Done invoking toplevel() on ptolemy.moml.MoMLSimpleApplication@5f972932
reloadAllAccessors: .ThreadedComposite

===========================================================================================
----------------- testing Fri Jun 01 21:05:50 UTC 2018 /home/travis/build/icyphy/ptII/ptolemy/domains/de/test/auto/Time.xml
----------------- Instantiating /home/travis/build/icyphy/ptII/ptolemy/domains/de/test/auto/Time.xml
387 ms. Memory: 282624K Free: 182131K (64%)
----------------- Invoking toplevel() on ptolemy.moml.MoMLSimpleApplication@7ba34415
----------------- Done invoking toplevel() on ptolemy.moml.MoMLSimpleApplication@7ba34415
reloadAllAccessors: .Time

===========================================================================================
----------------- testing Fri Jun 01 21:05:50 UTC 2018 /home/travis/build/icyphy/ptII/ptolemy/domains/de/test/auto/TimeDelayZeroDelay.xml
----------------- Instantiating /home/travis/build/icyphy/ptII/ptolemy/domains/de/test/auto/TimeDelayZeroDelay.xml
1 ms. Memory: 282624K Free: 176257K (62%)
----------------- Invoking toplevel() on ptolemy.moml.MoMLSimpleApplication@3223be65
----------------- Done invoking toplevel() on ptolemy.moml.MoMLSimpleApplication@3223be65
reloadAllAccessors: .TimeDelayZeroDelay

===========================================================================================
----------------- testing Fri Jun 01 21:05:51 UTC 2018 /home/travis/build/icyphy/ptII/ptolemy/domains/de/test/auto/TimerZeroDelay.xml
----------------- Instantiating /home/travis/build/icyphy/ptII/ptolemy/domains/de/test/auto/TimerZeroDelay.xml
1 ms. Memory: 282624K Free: 170367K (60%)
----------------- Invoking toplevel() on ptolemy.moml.MoMLSimpleApplication@17e91b5e
----------------- Done invoking toplevel() on ptolemy.moml.MoMLSimpleApplication@17e91b5e
reloadAllAccessors: .TimerZeroDelay

===========================================================================================
----------------- testing Fri Jun 01 21:05:51 UTC 2018 /home/travis/build/icyphy/ptII/ptolemy/domains/de/test/auto/TimingParadox.xml
----------------- Instantiating /home/travis/build/icyphy/ptII/ptolemy/domains/de/test/auto/TimingParadox.xml
290 ms. Memory: 282624K Free: 99885K (35%)
----------------- Invoking toplevel() on ptolemy.moml.MoMLSimpleApplication@6bf21038
----------------- Done invoking toplevel() on ptolemy.moml.MoMLSimpleApplication@6bf21038
reloadAllAccessors: .TimingParadox

===========================================================================================
----------------- testing Fri Jun 01 21:05:51 UTC 2018 /home/travis/build/icyphy/ptII/ptolemy/domains/de/test/auto/TransferInputs.xml
----------------- Instantiating /home/travis/build/icyphy/ptII/ptolemy/domains/de/test/auto/TransferInputs.xml
1 ms. Memory: 282624K Free: 93994K (33%)
----------------- Invoking toplevel() on ptolemy.moml.MoMLSimpleApplication@153bed6b
----------------- Done invoking toplevel() on ptolemy.moml.MoMLSimpleApplication@153bed6b
reloadAllAccessors: .TransferInputs

===========================================================================================
----------------- testing Fri Jun 01 21:05:51 UTC 2018 /home/travis/build/icyphy/ptII/ptolemy/domains/de/test/auto/TransferOutputs2.xml
----------------- Instantiating /home/travis/build/icyphy/ptII/ptolemy/domains/de/test/auto/TransferOutputs2.xml
2 ms. Memory: 282624K Free: 85420K (30%)
----------------- Invoking toplevel() on ptolemy.moml.MoMLSimpleApplication@3df8f888
----------------- Done invoking toplevel() on ptolemy.moml.MoMLSimpleApplication@3df8f888
reloadAllAccessors: .TransferOutputs2

===========================================================================================
----------------- testing Fri Jun 01 21:05:51 UTC 2018 /home/travis/build/icyphy/ptII/ptolemy/domains/de/test/auto/Trilateration.xml
----------------- Instantiating /home/travis/build/icyphy/ptII/ptolemy/domains/de/test/auto/Trilateration.xml
9891 ms. Memory: 621568K Free: 478779K (77%)
----------------- Invoking toplevel() on ptolemy.moml.MoMLSimpleApplication@3aff15c
----------------- Done invoking toplevel() on ptolemy.moml.MoMLSimpleApplication@3aff15c
reloadAllAccessors: .Trilateration

===========================================================================================
----------------- testing Fri Jun 01 21:06:01 UTC 2018 /home/travis/build/icyphy/ptII/ptolemy/domains/de/test/auto/TwoSigmaDelta.xml
----------------- Instantiating /home/travis/build/icyphy/ptII/ptolemy/domains/de/test/auto/TwoSigmaDelta.xml
1931 ms. Memory: 621568K Free: 183138K (29%)
----------------- Invoking toplevel() on ptolemy.moml.MoMLSimpleApplication@458c664a
----------------- Done invoking toplevel() on ptolemy.moml.MoMLSimpleApplication@458c664a
reloadAllAccessors: .TwoSigmaDelta

===========================================================================================
----------------- testing Fri Jun 01 21:06:03 UTC 2018 /home/travis/build/icyphy/ptII/ptolemy/domains/de/test/auto/VariableDelay.xml
----------------- Instantiating /home/travis/build/icyphy/ptII/ptolemy/domains/de/test/auto/VariableDelay.xml
1 ms. Memory: 621568K Free: 161232K (26%)
----------------- Invoking toplevel() on ptolemy.moml.MoMLSimpleApplication@1a6ca90f
----------------- Done invoking toplevel() on ptolemy.moml.MoMLSimpleApplication@1a6ca90f
reloadAllAccessors: .VariableDelay

===========================================================================================
----------------- testing Fri Jun 01 21:06:03 UTC 2018 /home/travis/build/icyphy/ptII/ptolemy/domains/de/test/auto/VariableDelay2.xml
----------------- Instantiating /home/travis/build/icyphy/ptII/ptolemy/domains/de/test/auto/VariableDelay2.xml
1 ms. Memory: 621568K Free: 139324K (22%)
----------------- Invoking toplevel() on ptolemy.moml.MoMLSimpleApplication@71a3bc2d
----------------- Done invoking toplevel() on ptolemy.moml.MoMLSimpleApplication@71a3bc2d
reloadAllAccessors: .VariableDelay2

===========================================================================================
----------------- testing Fri Jun 01 21:06:03 UTC 2018 /home/travis/build/icyphy/ptII/ptolemy/domains/de/test/auto/VariableDelayZeroDelay.xml
----------------- Instantiating /home/travis/build/icyphy/ptII/ptolemy/domains/de/test/auto/VariableDelayZeroDelay.xml
2 ms. Memory: 621568K Free: 117418K (19%)
----------------- Invoking toplevel() on ptolemy.moml.MoMLSimpleApplication@6e5f0a25
----------------- Done invoking toplevel() on ptolemy.moml.MoMLSimpleApplication@6e5f0a25
reloadAllAccessors: .VariableDelayZeroDelay

===========================================================================================
----------------- testing Fri Jun 01 21:06:03 UTC 2018 /home/travis/build/icyphy/ptII/ptolemy/domains/de/test/auto/VariableDelayZeroDelay2.xml
----------------- Instantiating /home/travis/build/icyphy/ptII/ptolemy/domains/de/test/auto/VariableDelayZeroDelay2.xml
1 ms. Memory: 621568K Free: 95512K (15%)
----------------- Invoking toplevel() on ptolemy.moml.MoMLSimpleApplication@69206172
----------------- Done invoking toplevel() on ptolemy.moml.MoMLSimpleApplication@69206172
reloadAllAccessors: .VariableDelayZeroDelay2

===========================================================================================
----------------- testing Fri Jun 01 21:06:03 UTC 2018 /home/travis/build/icyphy/ptII/ptolemy/domains/de/test/auto/deInCt.xml
----------------- Instantiating /home/travis/build/icyphy/ptII/ptolemy/domains/de/test/auto/deInCt.xml
0
1
1
1
0
0
0
1
1
1
0
0
0
1
1
1
1
0
0
0
1
1
1
0
0
0
0
1
1
1
0
0
0
1
1
1
0
0
0
0
1
1
1
1
4 ms. Memory: 621568K Free: 73606K (12%)
----------------- Invoking toplevel() on ptolemy.moml.MoMLSimpleApplication@20360ae6
----------------- Done invoking toplevel() on ptolemy.moml.MoMLSimpleApplication@20360ae6
reloadAllAccessors: .deInCt

===========================================================================================
----------------- testing Fri Jun 01 21:06:03 UTC 2018 /home/travis/build/icyphy/ptII/ptolemy/domains/de/test/auto/deInCt2.xml
----------------- Instantiating /home/travis/build/icyphy/ptII/ptolemy/domains/de/test/auto/deInCt2.xml
0
1
1
1
0
0
1
1
1
0
0
1
1
1
0
0
1
1
1
0
0
1
1
1
0
0
1
1
1
0
0
1
1
1
0
0
1
1
1
0
0
0
9 ms. Memory: 590848K Free: 560874K (95%)
----------------- Invoking toplevel() on ptolemy.moml.MoMLSimpleApplication@655d4d9e
----------------- Done invoking toplevel() on ptolemy.moml.MoMLSimpleApplication@655d4d9e
reloadAllAccessors: .deInCt2

===========================================================================================
----------------- testing Fri Jun 01 21:06:03 UTC 2018 /home/travis/build/icyphy/ptII/ptolemy/domains/de/test/auto/dynamicCausalityInterface1.xml
----------------- Instantiating /home/travis/build/icyphy/ptII/ptolemy/domains/de/test/auto/dynamicCausalityInterface1.xml
0 ms. Memory: 590848K Free: 539781K (91%)
----------------- Invoking toplevel() on ptolemy.moml.MoMLSimpleApplication@48a164d0
----------------- Done invoking toplevel() on ptolemy.moml.MoMLSimpleApplication@48a164d0
reloadAllAccessors: .dynamicCausalityInterface1

===========================================================================================
----------------- testing Fri Jun 01 21:06:03 UTC 2018 /home/travis/build/icyphy/ptII/ptolemy/domains/de/test/auto/fsm_de_test.xml
----------------- Instantiating /home/travis/build/icyphy/ptII/ptolemy/domains/de/test/auto/fsm_de_test.xml
4 ms. Memory: 590848K Free: 523780K (89%)
----------------- Invoking toplevel() on ptolemy.moml.MoMLSimpleApplication@35269d12
----------------- Done invoking toplevel() on ptolemy.moml.MoMLSimpleApplication@35269d12
reloadAllAccessors: .fsm_de_test

===========================================================================================
----------------- testing Fri Jun 01 21:06:03 UTC 2018 /home/travis/build/icyphy/ptII/ptolemy/domains/de/test/auto/functionDependencyReconstruction.xml
----------------- Instantiating /home/travis/build/icyphy/ptII/ptolemy/domains/de/test/auto/functionDependencyReconstruction.xml
2 ms. Memory: 590848K Free: 503037K (85%)
----------------- Invoking toplevel() on ptolemy.moml.MoMLSimpleApplication@265c55b8
----------------- Done invoking toplevel() on ptolemy.moml.MoMLSimpleApplication@265c55b8
reloadAllAccessors: .functionDependencyReconstruction

===========================================================================================
----------------- testing Fri Jun 01 21:06:04 UTC 2018 /home/travis/build/icyphy/ptII/ptolemy/domains/de/test/auto/multirate.xml
----------------- Instantiating /home/travis/build/icyphy/ptII/ptolemy/domains/de/test/auto/multirate.xml
4 ms. Memory: 590848K Free: 487038K (82%)
----------------- Invoking toplevel() on ptolemy.moml.MoMLSimpleApplication@4558e625
----------------- Done invoking toplevel() on ptolemy.moml.MoMLSimpleApplication@4558e625
reloadAllAccessors: .multirate

===========================================================================================
----------------- testing Fri Jun 01 21:06:04 UTC 2018 /home/travis/build/icyphy/ptII/ptolemy/domains/de/test/auto/multirate2.xml
----------------- Instantiating /home/travis/build/icyphy/ptII/ptolemy/domains/de/test/auto/multirate2.xml
4 ms. Memory: 590848K Free: 471389K (80%)
----------------- Invoking toplevel() on ptolemy.moml.MoMLSimpleApplication@30b5ac9
----------------- Done invoking toplevel() on ptolemy.moml.MoMLSimpleApplication@30b5ac9
reloadAllAccessors: .multirate2

===========================================================================================
----------------- testing Fri Jun 01 21:06:04 UTC 2018 /home/travis/build/icyphy/ptII/ptolemy/domains/de/test/auto/realtime.xml
----------------- Instantiating /home/travis/build/icyphy/ptII/ptolemy/domains/de/test/auto/realtime.xml
10001 ms. Memory: 590848K Free: 460501K (78%)
----------------- Invoking toplevel() on ptolemy.moml.MoMLSimpleApplication@2ef9fbc8
----------------- Done invoking toplevel() on ptolemy.moml.MoMLSimpleApplication@2ef9fbc8
reloadAllAccessors: .realtime

===========================================================================================
----------------- testing Fri Jun 01 21:06:14 UTC 2018 /home/travis/build/icyphy/ptII/ptolemy/domains/de/test/auto/relationGroup.xml
----------------- Instantiating /home/travis/build/icyphy/ptII/ptolemy/domains/de/test/auto/relationGroup.xml
1 ms. Memory: 590848K Free: 449612K (76%)
----------------- Invoking toplevel() on ptolemy.moml.MoMLSimpleApplication@11a8f845
----------------- Done invoking toplevel() on ptolemy.moml.MoMLSimpleApplication@11a8f845
reloadAllAccessors: .relationGroup

===========================================================================================
----------------- testing Fri Jun 01 21:06:14 UTC 2018 /home/travis/build/icyphy/ptII/ptolemy/domains/de/test/auto/relationGroup2.xml
----------------- Instantiating /home/travis/build/icyphy/ptII/ptolemy/domains/de/test/auto/relationGroup2.xml
1 ms. Memory: 590848K Free: 439074K (74%)
----------------- Invoking toplevel() on ptolemy.moml.MoMLSimpleApplication@eccc887
----------------- Done invoking toplevel() on ptolemy.moml.MoMLSimpleApplication@eccc887
reloadAllAccessors: .relationGroup2

===========================================================================================
----------------- testing Fri Jun 01 21:06:14 UTC 2018 /home/travis/build/icyphy/ptII/ptolemy/domains/de/test/auto/sortWithOpaquePorts.xml
----------------- Instantiating /home/travis/build/icyphy/ptII/ptolemy/domains/de/test/auto/sortWithOpaquePorts.xml
1 ms. Memory: 590848K Free: 428186K (72%)
----------------- Invoking toplevel() on ptolemy.moml.MoMLSimpleApplication@60387334
----------------- Done invoking toplevel() on ptolemy.moml.MoMLSimpleApplication@60387334
reloadAllAccessors: .sortWithOpaquePorts

===========================================================================================
----------------- testing Fri Jun 01 21:06:14 UTC 2018 /home/travis/build/icyphy/ptII/ptolemy/domains/de/test/auto/transferInputsandOutputs.xml
----------------- Instantiating /home/travis/build/icyphy/ptII/ptolemy/domains/de/test/auto/transferInputsandOutputs.xml
2 ms. Memory: 590848K Free: 412544K (70%)
----------------- Invoking toplevel() on ptolemy.moml.MoMLSimpleApplication@66a47155
----------------- Done invoking toplevel() on ptolemy.moml.MoMLSimpleApplication@66a47155
reloadAllAccessors: .transferInputsandOutputs

===========================================================================================
----------------- testing Fri Jun 01 21:06:14 UTC 2018 /home/travis/build/icyphy/ptII/ptolemy/domains/de/test/auto/triggerType.xml
----------------- Instantiating /home/travis/build/icyphy/ptII/ptolemy/domains/de/test/auto/triggerType.xml
1 ms. Memory: 590848K Free: 401656K (68%)
----------------- Invoking toplevel() on ptolemy.moml.MoMLSimpleApplication@3078346a
----------------- Done invoking toplevel() on ptolemy.moml.MoMLSimpleApplication@3078346a
reloadAllAccessors: .triggerType
AutoTests.java: About to close Vertx.
AutoTests.java: Vertx closed.
]]></system-out>
  <system-err><![CDATA[java.lang.RuntimeException: Execution failed
	at ptolemy.moml.MoMLSimpleApplication$UnloadThread.run(MoMLSimpleApplication.java:402)
Caused by: ptolemy.kernel.util.IllegalActionException: Found a zero delay loop containing .dependencyLoop.original
  in .dependencyLoop and .dependencyLoop.original
	at ptolemy.actor.util.CausalityInterfaceForComposites._computeOutputPortDepth(CausalityInterfaceForComposites.java:759)
	at ptolemy.actor.util.CausalityInterfaceForComposites._computeInputDepth(CausalityInterfaceForComposites.java:696)
	at ptolemy.actor.util.CausalityInterfaceForComposites._computeOutputPortDepth(CausalityInterfaceForComposites.java:765)
	at ptolemy.actor.util.CausalityInterfaceForComposites._computeInputDepth(CausalityInterfaceForComposites.java:696)
	at ptolemy.actor.util.CausalityInterfaceForComposites._computeOutputPortDepth(CausalityInterfaceForComposites.java:765)
	at ptolemy.actor.util.CausalityInterfaceForComposites._computeInputDepth(CausalityInterfaceForComposites.java:696)
	at ptolemy.actor.util.CausalityInterfaceForComposites._computeActorDepth(CausalityInterfaceForComposites.java:532)
	at ptolemy.actor.util.CausalityInterfaceForComposites.checkForCycles(CausalityInterfaceForComposites.java:96)
	at ptolemy.domains.de.kernel.DEDirector.preinitialize(DEDirector.java:1337)
	at ptolemy.actor.CompositeActor.preinitialize(CompositeActor.java:1828)
	at ptolemy.actor.Manager.preinitializeAndResolveTypes(Manager.java:1040)
	at ptolemy.actor.Manager.initialize(Manager.java:710)
	at ptolemy.actor.Manager.execute(Manager.java:356)
	at ptolemy.actor.Manager.run(Manager.java:1263)
	at ptolemy.actor.Manager$PtolemyRunThread.run(Manager.java:1915)
java.lang.RuntimeException: Execution failed
	at ptolemy.moml.MoMLSimpleApplication$UnloadThread.run(MoMLSimpleApplication.java:402)
Caused by: ptolemy.kernel.util.IllegalActionException: Found a zero delay loop containing .dependencyLoop2.original
  in .dependencyLoop2 and .dependencyLoop2.original
	at ptolemy.actor.util.CausalityInterfaceForComposites._computeOutputPortDepth(CausalityInterfaceForComposites.java:759)
	at ptolemy.actor.util.CausalityInterfaceForComposites._computeInputDepth(CausalityInterfaceForComposites.java:696)
	at ptolemy.actor.util.CausalityInterfaceForComposites._computeOutputPortDepth(CausalityInterfaceForComposites.java:765)
	at ptolemy.actor.util.CausalityInterfaceForComposites._computeInputDepth(CausalityInterfaceForComposites.java:696)
	at ptolemy.actor.util.CausalityInterfaceForComposites._computeOutputPortDepth(CausalityInterfaceForComposites.java:765)
	at ptolemy.actor.util.CausalityInterfaceForComposites._computeInputDepth(CausalityInterfaceForComposites.java:696)
	at ptolemy.actor.util.CausalityInterfaceForComposites._computeActorDepth(CausalityInterfaceForComposites.java:532)
	at ptolemy.actor.util.CausalityInterfaceForComposites.checkForCycles(CausalityInterfaceForComposites.java:96)
	at ptolemy.domains.de.kernel.DEDirector.preinitialize(DEDirector.java:1337)
	at ptolemy.actor.CompositeActor.preinitialize(CompositeActor.java:1828)
	at ptolemy.actor.Manager.preinitializeAndResolveTypes(Manager.java:1040)
	at ptolemy.actor.Manager.initialize(Manager.java:710)
	at ptolemy.actor.Manager.execute(Manager.java:356)
	at ptolemy.actor.Manager.run(Manager.java:1263)
	at ptolemy.actor.Manager$PtolemyRunThread.run(Manager.java:1915)
java.lang.RuntimeException: Execution failed
	at ptolemy.moml.MoMLSimpleApplication$UnloadThread.run(MoMLSimpleApplication.java:402)
Caused by: ptolemy.kernel.util.IllegalActionException: Found a zero delay loop containing .dependencyLoop.original
  in .dependencyLoop and .dependencyLoop.original
	at ptolemy.actor.util.CausalityInterfaceForComposites._computeOutputPortDepth(CausalityInterfaceForComposites.java:759)
	at ptolemy.actor.util.CausalityInterfaceForComposites._computeInputDepth(CausalityInterfaceForComposites.java:696)
	at ptolemy.actor.util.CausalityInterfaceForComposites._computeOutputPortDepth(CausalityInterfaceForComposites.java:765)
	at ptolemy.actor.util.CausalityInterfaceForComposites._computeInputDepth(CausalityInterfaceForComposites.java:696)
	at ptolemy.actor.util.CausalityInterfaceForComposites._computeOutputPortDepth(CausalityInterfaceForComposites.java:765)
	at ptolemy.actor.util.CausalityInterfaceForComposites._computeInputDepth(CausalityInterfaceForComposites.java:696)
	at ptolemy.actor.util.CausalityInterfaceForComposites._computeActorDepth(CausalityInterfaceForComposites.java:532)
	at ptolemy.actor.util.CausalityInterfaceForComposites.checkForCycles(CausalityInterfaceForComposites.java:96)
	at ptolemy.domains.de.kernel.DEDirector.preinitialize(DEDirector.java:1337)
	at ptolemy.actor.CompositeActor.preinitialize(CompositeActor.java:1828)
	at ptolemy.actor.Manager.preinitializeAndResolveTypes(Manager.java:1040)
	at ptolemy.actor.Manager.initialize(Manager.java:710)
	at ptolemy.actor.Manager.execute(Manager.java:356)
	at ptolemy.actor.Manager.run(Manager.java:1263)
	at ptolemy.actor.Manager$PtolemyRunThread.run(Manager.java:1915)
java.lang.RuntimeException: Execution failed
	at ptolemy.moml.MoMLSimpleApplication$UnloadThread.run(MoMLSimpleApplication.java:402)
Caused by: ptolemy.kernel.util.IllegalActionException: Actor is not ready to fire.  Perhaps UpSample.prefire() returned false? Try debugging the actor by selecting "Listen to Actor".  Also, for SDF check moml for tokenConsumptionRate on input.
  in .DESDFClockTest.Play Bell.Copy1:SDF Director and .DESDFClockTest.Play Bell.UpSample
	at ptolemy.actor.sched.StaticSchedulingDirector.fire(StaticSchedulingDirector.java:227)
	at ptolemy.domains.sdf.kernel.SDFDirector.fire(SDFDirector.java:500)
	at ptolemy.actor.CompositeActor.fire(CompositeActor.java:455)
	at ptolemy.domains.de.kernel.DEDirector._fire(DEDirector.java:1948)
	at ptolemy.domains.de.kernel.DEDirector.fire(DEDirector.java:502)
	at ptolemy.actor.CompositeActor.fire(CompositeActor.java:455)
	at ptolemy.actor.Manager.iterate(Manager.java:851)
	at ptolemy.actor.Manager.execute(Manager.java:369)
	at ptolemy.actor.Manager.run(Manager.java:1263)
	at ptolemy.actor.Manager$PtolemyRunThread.run(Manager.java:1915)
java.lang.RuntimeException: Execution failed
	at ptolemy.moml.MoMLSimpleApplication$UnloadThread.run(MoMLSimpleApplication.java:402)
Caused by: ptolemy.kernel.util.IllegalActionException: Found a zero delay loop containing .dependencyLoop2.original
  in .dependencyLoop2 and .dependencyLoop2.original
	at ptolemy.actor.util.CausalityInterfaceForComposites._computeOutputPortDepth(CausalityInterfaceForComposites.java:759)
	at ptolemy.actor.util.CausalityInterfaceForComposites._computeInputDepth(CausalityInterfaceForComposites.java:696)
	at ptolemy.actor.util.CausalityInterfaceForComposites._computeOutputPortDepth(CausalityInterfaceForComposites.java:765)
	at ptolemy.actor.util.CausalityInterfaceForComposites._computeInputDepth(CausalityInterfaceForComposites.java:696)
	at ptolemy.actor.util.CausalityInterfaceForComposites._computeOutputPortDepth(CausalityInterfaceForComposites.java:765)
	at ptolemy.actor.util.CausalityInterfaceForComposites._computeInputDepth(CausalityInterfaceForComposites.java:696)
	at ptolemy.actor.util.CausalityInterfaceForComposites._computeActorDepth(CausalityInterfaceForComposites.java:532)
	at ptolemy.actor.util.CausalityInterfaceForComposites.checkForCycles(CausalityInterfaceForComposites.java:96)
	at ptolemy.domains.de.kernel.DEDirector.preinitialize(DEDirector.java:1337)
	at ptolemy.actor.CompositeActor.preinitialize(CompositeActor.java:1828)
	at ptolemy.actor.Manager.preinitializeAndResolveTypes(Manager.java:1040)
	at ptolemy.actor.Manager.initialize(Manager.java:710)
	at ptolemy.actor.Manager.execute(Manager.java:356)
	at ptolemy.actor.Manager.run(Manager.java:1263)
	at ptolemy.actor.Manager$PtolemyRunThread.run(Manager.java:1915)
java.lang.RuntimeException: Execution failed
	at ptolemy.moml.MoMLSimpleApplication$UnloadThread.run(MoMLSimpleApplication.java:402)
Caused by: ptolemy.kernel.util.IllegalActionException: Found a zero delay loop containing .HierarchicalModel.A
  in .HierarchicalModel and .HierarchicalModel.A
	at ptolemy.actor.util.CausalityInterfaceForComposites._computeOutputPortDepth(CausalityInterfaceForComposites.java:759)
	at ptolemy.actor.util.CausalityInterfaceForComposites._computeInputDepth(CausalityInterfaceForComposites.java:696)
	at ptolemy.actor.util.CausalityInterfaceForComposites._computeOutputPortDepth(CausalityInterfaceForComposites.java:765)
	at ptolemy.actor.util.CausalityInterfaceForComposites._computeInputDepth(CausalityInterfaceForComposites.java:696)
	at ptolemy.actor.util.CausalityInterfaceForComposites._computeOutputPortDepth(CausalityInterfaceForComposites.java:765)
	at ptolemy.actor.util.CausalityInterfaceForComposites._computeInputDepth(CausalityInterfaceForComposites.java:696)
	at ptolemy.actor.util.CausalityInterfaceForComposites._computeActorDepth(CausalityInterfaceForComposites.java:532)
	at ptolemy.actor.util.CausalityInterfaceForComposites.checkForCycles(CausalityInterfaceForComposites.java:96)
	at ptolemy.domains.de.kernel.DEDirector.preinitialize(DEDirector.java:1337)
	at ptolemy.actor.CompositeActor.preinitialize(CompositeActor.java:1828)
	at ptolemy.actor.Manager.preinitializeAndResolveTypes(Manager.java:1040)
	at ptolemy.actor.Manager.initialize(Manager.java:710)
	at ptolemy.actor.Manager.execute(Manager.java:356)
	at ptolemy.actor.Manager.run(Manager.java:1263)
	at ptolemy.actor.Manager$PtolemyRunThread.run(Manager.java:1915)
java.lang.RuntimeException: Execution failed
	at ptolemy.moml.MoMLSimpleApplication$UnloadThread.run(MoMLSimpleApplication.java:402)
Caused by: ptolemy.kernel.util.IllegalActionException: Test fails in iteration 1.
Value was: 1.0. Should have been: 2.0
  in .DirectFeedback.Test
	at ptolemy.actor.lib.Test.fire(Test.java:268)
	at ptolemy.domains.de.kernel.DEDirector._fire(DEDirector.java:1948)
	at ptolemy.domains.de.kernel.DEDirector.fire(DEDirector.java:502)
	at ptolemy.actor.CompositeActor.fire(CompositeActor.java:455)
	at ptolemy.actor.Manager.iterate(Manager.java:851)
	at ptolemy.actor.Manager.execute(Manager.java:369)
	at ptolemy.actor.Manager.run(Manager.java:1263)
	at ptolemy.actor.Manager$PtolemyRunThread.run(Manager.java:1915)
java.lang.RuntimeException: Execution failed
	at ptolemy.moml.MoMLSimpleApplication$UnloadThread.run(MoMLSimpleApplication.java:402)
Caused by: ptolemy.kernel.util.IllegalActionException: Actor is not ready to fire.  Perhaps UpSample.prefire() returned false? Try debugging the actor by selecting "Listen to Actor".  Also, for SDF check moml for tokenConsumptionRate on input.
  in .DESDFClockTest.Play Bell.Copy1:SDF Director and .DESDFClockTest.Play Bell.UpSample
	at ptolemy.actor.sched.StaticSchedulingDirector.fire(StaticSchedulingDirector.java:227)
	at ptolemy.domains.sdf.kernel.SDFDirector.fire(SDFDirector.java:500)
	at ptolemy.actor.CompositeActor.fire(CompositeActor.java:455)
	at ptolemy.domains.de.kernel.DEDirector._fire(DEDirector.java:1948)
	at ptolemy.domains.de.kernel.DEDirector.fire(DEDirector.java:502)
	at ptolemy.actor.CompositeActor.fire(CompositeActor.java:455)
	at ptolemy.actor.Manager.iterate(Manager.java:851)
	at ptolemy.actor.Manager.execute(Manager.java:369)
	at ptolemy.actor.Manager.run(Manager.java:1263)
	at ptolemy.actor.Manager$PtolemyRunThread.run(Manager.java:1915)
java.lang.reflect.InvocationTargetException
	at sun.reflect.NativeConstructorAccessorImpl.newInstance0(Native Method)
	at sun.reflect.NativeConstructorAccessorImpl.newInstance(NativeConstructorAccessorImpl.java:62)
	at sun.reflect.DelegatingConstructorAccessorImpl.newInstance(DelegatingConstructorAccessorImpl.java:45)
	at java.lang.reflect.Constructor.newInstance(Constructor.java:423)
	at ptolemy.util.test.junit.AutoKnownFailedTests.RunModel(AutoKnownFailedTests.java:107)
	at sun.reflect.NativeMethodAccessorImpl.invoke0(Native Method)
	at sun.reflect.NativeMethodAccessorImpl.invoke(NativeMethodAccessorImpl.java:62)
	at sun.reflect.DelegatingMethodAccessorImpl.invoke(DelegatingMethodAccessorImpl.java:43)
	at java.lang.reflect.Method.invoke(Method.java:498)
	at org.junit.runners.model.FrameworkMethod$1.runReflectiveCall(FrameworkMethod.java:44)
	at org.junit.internal.runners.model.ReflectiveCallable.run(ReflectiveCallable.java:15)
	at org.junit.runners.model.FrameworkMethod.invokeExplosively(FrameworkMethod.java:41)
	at junitparams.internal.InvokeParameterisedMethod.evaluate(InvokeParameterisedMethod.java:102)
	at org.junit.internal.runners.statements.FailOnTimeout$1.run(FailOnTimeout.java:28)
Caused by: ptolemy.kernel.util.IllegalActionException: Actor is not ready to fire.  Perhaps UpSample.prefire() returned false? Try debugging the actor by selecting "Listen to Actor".  Also, for SDF check moml for tokenConsumptionRate on input.
  in .DESDFClockTest.Play Bell.Copy1:SDF Director and .DESDFClockTest.Play Bell.UpSample
	at ptolemy.actor.sched.StaticSchedulingDirector.fire(StaticSchedulingDirector.java:227)
	at ptolemy.domains.sdf.kernel.SDFDirector.fire(SDFDirector.java:500)
	at ptolemy.actor.CompositeActor.fire(CompositeActor.java:455)
	at ptolemy.domains.de.kernel.DEDirector._fire(DEDirector.java:1948)
	at ptolemy.domains.de.kernel.DEDirector.fire(DEDirector.java:502)
	at ptolemy.actor.CompositeActor.fire(CompositeActor.java:455)
	at ptolemy.actor.Manager.iterate(Manager.java:851)
	at ptolemy.actor.Manager.execute(Manager.java:369)
	at ptolemy.actor.Manager.run(Manager.java:1263)
	at ptolemy.actor.Manager$PtolemyRunThread.run(Manager.java:1915)
java.lang.RuntimeException: Execution failed
	at ptolemy.moml.MoMLSimpleApplication$UnloadThread.run(MoMLSimpleApplication.java:402)
Caused by: ptolemy.kernel.util.IllegalActionException: Test fails in iteration 1.
Value was: 1.0. Should have been: 2.0
  in .DirectFeedback.Test
	at ptolemy.actor.lib.Test.fire(Test.java:268)
	at ptolemy.domains.de.kernel.DEDirector._fire(DEDirector.java:1948)
	at ptolemy.domains.de.kernel.DEDirector.fire(DEDirector.java:502)
	at ptolemy.actor.CompositeActor.fire(CompositeActor.java:455)
	at ptolemy.actor.Manager.iterate(Manager.java:851)
	at ptolemy.actor.Manager.execute(Manager.java:369)
	at ptolemy.actor.Manager.run(Manager.java:1263)
	at ptolemy.actor.Manager$PtolemyRunThread.run(Manager.java:1915)
java.lang.reflect.InvocationTargetException
	at sun.reflect.NativeConstructorAccessorImpl.newInstance0(Native Method)
	at sun.reflect.NativeConstructorAccessorImpl.newInstance(NativeConstructorAccessorImpl.java:62)
	at sun.reflect.DelegatingConstructorAccessorImpl.newInstance(DelegatingConstructorAccessorImpl.java:45)
	at java.lang.reflect.Constructor.newInstance(Constructor.java:423)
	at ptolemy.util.test.junit.AutoKnownFailedTests.RunModel(AutoKnownFailedTests.java:107)
	at sun.reflect.NativeMethodAccessorImpl.invoke0(Native Method)
	at sun.reflect.NativeMethodAccessorImpl.invoke(NativeMethodAccessorImpl.java:62)
	at sun.reflect.DelegatingMethodAccessorImpl.invoke(DelegatingMethodAccessorImpl.java:43)
	at java.lang.reflect.Method.invoke(Method.java:498)
	at org.junit.runners.model.FrameworkMethod$1.runReflectiveCall(FrameworkMethod.java:44)
	at org.junit.internal.runners.model.ReflectiveCallable.run(ReflectiveCallable.java:15)
	at org.junit.runners.model.FrameworkMethod.invokeExplosively(FrameworkMethod.java:41)
	at junitparams.internal.InvokeParameterisedMethod.evaluate(InvokeParameterisedMethod.java:102)
	at org.junit.internal.runners.statements.FailOnTimeout$1.run(FailOnTimeout.java:28)
Caused by: ptolemy.kernel.util.IllegalActionException: Test fails in iteration 1.
Value was: 1.0. Should have been: 2.0
  in .DirectFeedback.Test
	at ptolemy.actor.lib.Test.fire(Test.java:268)
	at ptolemy.domains.de.kernel.DEDirector._fire(DEDirector.java:1948)
	at ptolemy.domains.de.kernel.DEDirector.fire(DEDirector.java:502)
	at ptolemy.actor.CompositeActor.fire(CompositeActor.java:455)
	at ptolemy.actor.Manager.iterate(Manager.java:851)
	at ptolemy.actor.Manager.execute(Manager.java:369)
	at ptolemy.actor.Manager.run(Manager.java:1263)
	at ptolemy.actor.Manager$PtolemyRunThread.run(Manager.java:1915)
java.lang.RuntimeException: Execution failed
	at ptolemy.moml.MoMLSimpleApplication$UnloadThread.run(MoMLSimpleApplication.java:402)
Caused by: ptolemy.kernel.util.IllegalActionException: Found a zero delay loop containing .HierarchicalModel.A
  in .HierarchicalModel and .HierarchicalModel.A
	at ptolemy.actor.util.CausalityInterfaceForComposites._computeOutputPortDepth(CausalityInterfaceForComposites.java:759)
	at ptolemy.actor.util.CausalityInterfaceForComposites._computeInputDepth(CausalityInterfaceForComposites.java:696)
	at ptolemy.actor.util.CausalityInterfaceForComposites._computeOutputPortDepth(CausalityInterfaceForComposites.java:765)
	at ptolemy.actor.util.CausalityInterfaceForComposites._computeInputDepth(CausalityInterfaceForComposites.java:696)
	at ptolemy.actor.util.CausalityInterfaceForComposites._computeOutputPortDepth(CausalityInterfaceForComposites.java:765)
	at ptolemy.actor.util.CausalityInterfaceForComposites._computeInputDepth(CausalityInterfaceForComposites.java:696)
	at ptolemy.actor.util.CausalityInterfaceForComposites._computeActorDepth(CausalityInterfaceForComposites.java:532)
	at ptolemy.actor.util.CausalityInterfaceForComposites.checkForCycles(CausalityInterfaceForComposites.java:96)
	at ptolemy.domains.de.kernel.DEDirector.preinitialize(DEDirector.java:1337)
	at ptolemy.actor.CompositeActor.preinitialize(CompositeActor.java:1828)
	at ptolemy.actor.Manager.preinitializeAndResolveTypes(Manager.java:1040)
	at ptolemy.actor.Manager.initialize(Manager.java:710)
	at ptolemy.actor.Manager.execute(Manager.java:356)
	at ptolemy.actor.Manager.run(Manager.java:1263)
	at ptolemy.actor.Manager$PtolemyRunThread.run(Manager.java:1915)
java.lang.reflect.InvocationTargetException
	at sun.reflect.NativeConstructorAccessorImpl.newInstance0(Native Method)
	at sun.reflect.NativeConstructorAccessorImpl.newInstance(NativeConstructorAccessorImpl.java:62)
	at sun.reflect.DelegatingConstructorAccessorImpl.newInstance(DelegatingConstructorAccessorImpl.java:45)
	at java.lang.reflect.Constructor.newInstance(Constructor.java:423)
	at ptolemy.util.test.junit.AutoKnownFailedTests.RunModel(AutoKnownFailedTests.java:107)
	at sun.reflect.NativeMethodAccessorImpl.invoke0(Native Method)
	at sun.reflect.NativeMethodAccessorImpl.invoke(NativeMethodAccessorImpl.java:62)
	at sun.reflect.DelegatingMethodAccessorImpl.invoke(DelegatingMethodAccessorImpl.java:43)
	at java.lang.reflect.Method.invoke(Method.java:498)
	at org.junit.runners.model.FrameworkMethod$1.runReflectiveCall(FrameworkMethod.java:44)
	at org.junit.internal.runners.model.ReflectiveCallable.run(ReflectiveCallable.java:15)
	at org.junit.runners.model.FrameworkMethod.invokeExplosively(FrameworkMethod.java:41)
	at junitparams.internal.InvokeParameterisedMethod.evaluate(InvokeParameterisedMethod.java:102)
	at org.junit.internal.runners.statements.FailOnTimeout$1.run(FailOnTimeout.java:28)
Caused by: ptolemy.kernel.util.IllegalActionException: Found a zero delay loop containing .HierarchicalModel.A
  in .HierarchicalModel and .HierarchicalModel.A
	at ptolemy.actor.util.CausalityInterfaceForComposites._computeOutputPortDepth(CausalityInterfaceForComposites.java:759)
	at ptolemy.actor.util.CausalityInterfaceForComposites._computeInputDepth(CausalityInterfaceForComposites.java:696)
	at ptolemy.actor.util.CausalityInterfaceForComposites._computeOutputPortDepth(CausalityInterfaceForComposites.java:765)
	at ptolemy.actor.util.CausalityInterfaceForComposites._computeInputDepth(CausalityInterfaceForComposites.java:696)
	at ptolemy.actor.util.CausalityInterfaceForComposites._computeOutputPortDepth(CausalityInterfaceForComposites.java:765)
	at ptolemy.actor.util.CausalityInterfaceForComposites._computeInputDepth(CausalityInterfaceForComposites.java:696)
	at ptolemy.actor.util.CausalityInterfaceForComposites._computeActorDepth(CausalityInterfaceForComposites.java:532)
	at ptolemy.actor.util.CausalityInterfaceForComposites.checkForCycles(CausalityInterfaceForComposites.java:96)
	at ptolemy.domains.de.kernel.DEDirector.preinitialize(DEDirector.java:1337)
	at ptolemy.actor.CompositeActor.preinitialize(CompositeActor.java:1828)
	at ptolemy.actor.Manager.preinitializeAndResolveTypes(Manager.java:1040)
	at ptolemy.actor.Manager.initialize(Manager.java:710)
	at ptolemy.actor.Manager.execute(Manager.java:356)
	at ptolemy.actor.Manager.run(Manager.java:1263)
	at ptolemy.actor.Manager$PtolemyRunThread.run(Manager.java:1915)
java.lang.RuntimeException: Execution failed
	at ptolemy.moml.MoMLSimpleApplication$UnloadThread.run(MoMLSimpleApplication.java:402)
Caused by: ptolemy.kernel.util.IllegalActionException: Found a zero delay loop containing .dependencyLoop.original
  in .dependencyLoop and .dependencyLoop.original
	at ptolemy.actor.util.CausalityInterfaceForComposites._computeOutputPortDepth(CausalityInterfaceForComposites.java:759)
	at ptolemy.actor.util.CausalityInterfaceForComposites._computeInputDepth(CausalityInterfaceForComposites.java:696)
	at ptolemy.actor.util.CausalityInterfaceForComposites._computeOutputPortDepth(CausalityInterfaceForComposites.java:765)
	at ptolemy.actor.util.CausalityInterfaceForComposites._computeInputDepth(CausalityInterfaceForComposites.java:696)
	at ptolemy.actor.util.CausalityInterfaceForComposites._computeOutputPortDepth(CausalityInterfaceForComposites.java:765)
	at ptolemy.actor.util.CausalityInterfaceForComposites._computeInputDepth(CausalityInterfaceForComposites.java:696)
	at ptolemy.actor.util.CausalityInterfaceForComposites._computeActorDepth(CausalityInterfaceForComposites.java:532)
	at ptolemy.actor.util.CausalityInterfaceForComposites.checkForCycles(CausalityInterfaceForComposites.java:96)
	at ptolemy.domains.de.kernel.DEDirector.preinitialize(DEDirector.java:1337)
	at ptolemy.actor.CompositeActor.preinitialize(CompositeActor.java:1828)
	at ptolemy.actor.Manager.preinitializeAndResolveTypes(Manager.java:1040)
	at ptolemy.actor.Manager.initialize(Manager.java:710)
	at ptolemy.actor.Manager.execute(Manager.java:356)
	at ptolemy.actor.Manager.run(Manager.java:1263)
	at ptolemy.actor.Manager$PtolemyRunThread.run(Manager.java:1915)
java.lang.reflect.InvocationTargetException
	at sun.reflect.NativeConstructorAccessorImpl.newInstance0(Native Method)
	at sun.reflect.NativeConstructorAccessorImpl.newInstance(NativeConstructorAccessorImpl.java:62)
	at sun.reflect.DelegatingConstructorAccessorImpl.newInstance(DelegatingConstructorAccessorImpl.java:45)
	at java.lang.reflect.Constructor.newInstance(Constructor.java:423)
	at ptolemy.util.test.junit.AutoKnownFailedTests.RunModel(AutoKnownFailedTests.java:107)
	at sun.reflect.NativeMethodAccessorImpl.invoke0(Native Method)
	at sun.reflect.NativeMethodAccessorImpl.invoke(NativeMethodAccessorImpl.java:62)
	at sun.reflect.DelegatingMethodAccessorImpl.invoke(DelegatingMethodAccessorImpl.java:43)
	at java.lang.reflect.Method.invoke(Method.java:498)
	at org.junit.runners.model.FrameworkMethod$1.runReflectiveCall(FrameworkMethod.java:44)
	at org.junit.internal.runners.model.ReflectiveCallable.run(ReflectiveCallable.java:15)
	at org.junit.runners.model.FrameworkMethod.invokeExplosively(FrameworkMethod.java:41)
	at junitparams.internal.InvokeParameterisedMethod.evaluate(InvokeParameterisedMethod.java:102)
	at org.junit.internal.runners.statements.FailOnTimeout$1.run(FailOnTimeout.java:28)
Caused by: ptolemy.kernel.util.IllegalActionException: Found a zero delay loop containing .dependencyLoop.original
  in .dependencyLoop and .dependencyLoop.original
	at ptolemy.actor.util.CausalityInterfaceForComposites._computeOutputPortDepth(CausalityInterfaceForComposites.java:759)
	at ptolemy.actor.util.CausalityInterfaceForComposites._computeInputDepth(CausalityInterfaceForComposites.java:696)
	at ptolemy.actor.util.CausalityInterfaceForComposites._computeOutputPortDepth(CausalityInterfaceForComposites.java:765)
	at ptolemy.actor.util.CausalityInterfaceForComposites._computeInputDepth(CausalityInterfaceForComposites.java:696)
	at ptolemy.actor.util.CausalityInterfaceForComposites._computeOutputPortDepth(CausalityInterfaceForComposites.java:765)
	at ptolemy.actor.util.CausalityInterfaceForComposites._computeInputDepth(CausalityInterfaceForComposites.java:696)
	at ptolemy.actor.util.CausalityInterfaceForComposites._computeActorDepth(CausalityInterfaceForComposites.java:532)
	at ptolemy.actor.util.CausalityInterfaceForComposites.checkForCycles(CausalityInterfaceForComposites.java:96)
	at ptolemy.domains.de.kernel.DEDirector.preinitialize(DEDirector.java:1337)
	at ptolemy.actor.CompositeActor.preinitialize(CompositeActor.java:1828)
	at ptolemy.actor.Manager.preinitializeAndResolveTypes(Manager.java:1040)
	at ptolemy.actor.Manager.initialize(Manager.java:710)
	at ptolemy.actor.Manager.execute(Manager.java:356)
	at ptolemy.actor.Manager.run(Manager.java:1263)
	at ptolemy.actor.Manager$PtolemyRunThread.run(Manager.java:1915)
java.lang.RuntimeException: Execution failed
	at ptolemy.moml.MoMLSimpleApplication$UnloadThread.run(MoMLSimpleApplication.java:402)
Caused by: ptolemy.kernel.util.IllegalActionException: Found a zero delay loop containing .dependencyLoop2.original
  in .dependencyLoop2 and .dependencyLoop2.original
	at ptolemy.actor.util.CausalityInterfaceForComposites._computeOutputPortDepth(CausalityInterfaceForComposites.java:759)
	at ptolemy.actor.util.CausalityInterfaceForComposites._computeInputDepth(CausalityInterfaceForComposites.java:696)
	at ptolemy.actor.util.CausalityInterfaceForComposites._computeOutputPortDepth(CausalityInterfaceForComposites.java:765)
	at ptolemy.actor.util.CausalityInterfaceForComposites._computeInputDepth(CausalityInterfaceForComposites.java:696)
	at ptolemy.actor.util.CausalityInterfaceForComposites._computeOutputPortDepth(CausalityInterfaceForComposites.java:765)
	at ptolemy.actor.util.CausalityInterfaceForComposites._computeInputDepth(CausalityInterfaceForComposites.java:696)
	at ptolemy.actor.util.CausalityInterfaceForComposites._computeActorDepth(CausalityInterfaceForComposites.java:532)
	at ptolemy.actor.util.CausalityInterfaceForComposites.checkForCycles(CausalityInterfaceForComposites.java:96)
	at ptolemy.domains.de.kernel.DEDirector.preinitialize(DEDirector.java:1337)
	at ptolemy.actor.CompositeActor.preinitialize(CompositeActor.java:1828)
	at ptolemy.actor.Manager.preinitializeAndResolveTypes(Manager.java:1040)
	at ptolemy.actor.Manager.initialize(Manager.java:710)
	at ptolemy.actor.Manager.execute(Manager.java:356)
	at ptolemy.actor.Manager.run(Manager.java:1263)
	at ptolemy.actor.Manager$PtolemyRunThread.run(Manager.java:1915)
java.lang.reflect.InvocationTargetException
	at sun.reflect.NativeConstructorAccessorImpl.newInstance0(Native Method)
	at sun.reflect.NativeConstructorAccessorImpl.newInstance(NativeConstructorAccessorImpl.java:62)
	at sun.reflect.DelegatingConstructorAccessorImpl.newInstance(DelegatingConstructorAccessorImpl.java:45)
	at java.lang.reflect.Constructor.newInstance(Constructor.java:423)
	at ptolemy.util.test.junit.AutoKnownFailedTests.RunModel(AutoKnownFailedTests.java:107)
	at sun.reflect.NativeMethodAccessorImpl.invoke0(Native Method)
	at sun.reflect.NativeMethodAccessorImpl.invoke(NativeMethodAccessorImpl.java:62)
	at sun.reflect.DelegatingMethodAccessorImpl.invoke(DelegatingMethodAccessorImpl.java:43)
	at java.lang.reflect.Method.invoke(Method.java:498)
	at org.junit.runners.model.FrameworkMethod$1.runReflectiveCall(FrameworkMethod.java:44)
	at org.junit.internal.runners.model.ReflectiveCallable.run(ReflectiveCallable.java:15)
	at org.junit.runners.model.FrameworkMethod.invokeExplosively(FrameworkMethod.java:41)
	at junitparams.internal.InvokeParameterisedMethod.evaluate(InvokeParameterisedMethod.java:102)
	at org.junit.internal.runners.statements.FailOnTimeout$1.run(FailOnTimeout.java:28)
Caused by: ptolemy.kernel.util.IllegalActionException: Found a zero delay loop containing .dependencyLoop2.original
  in .dependencyLoop2 and .dependencyLoop2.original
	at ptolemy.actor.util.CausalityInterfaceForComposites._computeOutputPortDepth(CausalityInterfaceForComposites.java:759)
	at ptolemy.actor.util.CausalityInterfaceForComposites._computeInputDepth(CausalityInterfaceForComposites.java:696)
	at ptolemy.actor.util.CausalityInterfaceForComposites._computeOutputPortDepth(CausalityInterfaceForComposites.java:765)
	at ptolemy.actor.util.CausalityInterfaceForComposites._computeInputDepth(CausalityInterfaceForComposites.java:696)
	at ptolemy.actor.util.CausalityInterfaceForComposites._computeOutputPortDepth(CausalityInterfaceForComposites.java:765)
	at ptolemy.actor.util.CausalityInterfaceForComposites._computeInputDepth(CausalityInterfaceForComposites.java:696)
	at ptolemy.actor.util.CausalityInterfaceForComposites._computeActorDepth(CausalityInterfaceForComposites.java:532)
	at ptolemy.actor.util.CausalityInterfaceForComposites.checkForCycles(CausalityInterfaceForComposites.java:96)
	at ptolemy.domains.de.kernel.DEDirector.preinitialize(DEDirector.java:1337)
	at ptolemy.actor.CompositeActor.preinitialize(CompositeActor.java:1828)
	at ptolemy.actor.Manager.preinitializeAndResolveTypes(Manager.java:1040)
	at ptolemy.actor.Manager.initialize(Manager.java:710)
	at ptolemy.actor.Manager.execute(Manager.java:356)
	at ptolemy.actor.Manager.run(Manager.java:1263)
	at ptolemy.actor.Manager$PtolemyRunThread.run(Manager.java:1915)
]]></system-err>
</testsuite>
