<?xml version="1.0" encoding="UTF-8" ?>
<testsuite errors="0" failures="3" hostname="travis-job-f98f3375-ac92-4587-af1e-0fd7a56a1461" name="ptolemy.vergil.basic.export.test.junit.ExportModelJUnitTestBatch3" skipped="0" tests="70" time="1277.013" timestamp="2018-05-19T01:57:15">
  <properties>
    <property name="npm.executable" value="npm" />
    <property name="file.encoding.pkg" value="sun.io" />
    <property name="ptII.mk.exists" value="true" />
    <property name="env.rvm_bin_path" value="/home/travis/.rvm/bin" />
    <property name="java.home" value="/usr/lib/jvm/java-8-oracle/jre" />
    <property name="env.TRAVIS_JOB_NUMBER" value="455.14" />
    <property name="env.DISPLAY" value=":99.0" />
    <property name="java.net.preferIPv4Stack" value="true" />
    <property name="env.SSH_TTY" value="/dev/pts/0" />
    <property name="env.RUN_TESTS" value="false" />
    <property name="timeout.short" value="1000000" />
    <property name="env.TRAVIS_STACK_NODE_ATTRIBUTES" value="/.node-attributes.yml" />
    <property name="junit.formatter" value="xml" />
    <property name="java.endorsed.dirs" value="/usr/lib/jvm/java-8-oracle/jre/lib/endorsed" />
    <property name="env.TRAVIS_SUDO" value="true" />
    <property name="env.LOGNAME" value="travis" />
    <property name="jsdoc.home" value="node_modules/@terraswarm/jsdoc" />
    <property name="debuglevel" value="source,lines,vars" />
    <property name="checkstyle.formatter" value="xml" />
    <property name="bin.vergil.makeable" value="true" />
    <property name="env._system_version" value="14.04" />
    <property name="sun.os.patch.level" value="unknown" />
    <property name="java.vendor.url" value="http://java.oracle.com/" />
    <property name="java.version" value="1.8.0_151" />
    <property name="env.TZ" value="UTC" />
    <property name="env.PT_NO_NET" value="true" />
    <property name="env.TRAVIS_PULL_REQUEST_SHA" value="" />
    <property name="env.TRAVIS_SECURE_ENV_VARS" value="true" />
    <property name="env._system_type" value="Linux" />
    <property name="java.vendor.url.bug" value="http://bugreport.sun.com/bugreport/" />
    <property name="env.SSH_CLIENT" value="10.10.4.23 56178 22" />
    <property name="npmjs-org-is-up" value="true" />
    <property name="env.GEM_HOME" value="/home/travis/.rvm/gems/ruby-2.4.1" />
    <property name="env.HAS_ANTARES_THREE_LITTLE_FRONZIES_BADGE" value="true" />
    <property name="env.PS4" value="+" />
    <property name="ant.project.invoked-targets" value="build,test.export3.xml" />
    <property name="env.TRAVIS_PULL_REQUEST_BRANCH" value="" />
    <property name="env.TRAVIS_REPO_SLUG" value="icyphy/ptII" />
    <property name="node.in.path" value="true" />
    <property name="java.maxmemory" value="1400m" />
    <property name="env.RUBY_VERSION" value="ruby-2.4.1" />
    <property name="user.name" value="travis" />
    <property name="env.LANG" value="en_US.UTF-8" />
    <property name="sun.io.unicode.encoding" value="UnicodeLittle" />
    <property name="sun.jnu.encoding" value="UTF-8" />
    <property name="java.runtime.name" value="Java(TM) SE Runtime Environment" />
    <property name="usefile" value="false" />
    <property name="return.code" value="0" />
    <property name="junit.single.formatter" value="plain" />
    <property name="env.DYLD_LIBRARY_PATH" value="/home/travis/pthla/certi-tools/lib:" />
    <property name="env.DEBIAN_FRONTEND" value="noninteractive" />
    <property name="env.SSH_CONNECTION" value="10.10.4.23 56178 10.20.0.21 22" />
    <property name="env.MYSQL_UNIX_PORT" value="/var/run/mysqld/mysqld.sock" />
    <property name="env.TRAVIS_ALLOW_FAILURE" value="false" />
    <property name="env.LC_ALL" value="en_US.UTF-8" />
    <property name="java.specification.name" value="Java Platform API Specification" />
    <property name="node.works" value="true" />
    <property name="user.timezone" value="" />
    <property name="path.separator" value=":" />
    <property name="env.PYTHON_CFLAGS" value="-g -fstack-protector --param=ssp-buffer-size=4 -Wformat -Werror=format-security" />
    <property name="timeout.long" value="4000000" />
    <property name="env.CERTI_HOME" value="/home/travis/pthla/certi-tools" />
    <property name="file.encoding" value="UTF-8" />
    <property name="ant.file.ptII" value="/home/travis/build/icyphy/ptII/build.xml" />
    <property name="javadoc.packagenames" value="com.*,diva.*,lbnl.*,org.hlacerti.*,org.json.*,org.ptolemy.*,org.terraswarm.*,ptolemy.*,ptserver.*" />
    <property name="env.TRAVIS_PULL_REQUEST_SLUG" value="" />
    <property name="ant.project.default-target" value="build" />
    <property name="env.GIT_ASKPASS" value="echo" />
    <property name="env.HOME" value="/home/travis" />
    <property name="sun.java.command" value="org.apache.tools.ant.taskdefs.optional.junit.JUnitTestRunner ptolemy.vergil.basic.export.test.junit.ExportModelJUnitTestBatch3 skipNonTests=false filtertrace=true haltOnError=false haltOnFailure=false formatter=org.apache.tools.ant.taskdefs.optional.junit.OutErrSummaryJUnitResultFormatter showoutput=true outputtoformatters=true logfailedtests=true threadid=0 logtestlistenerevents=false formatter=org.apache.tools.ant.taskdefs.optional.junit.XMLJUnitResultFormatter,/home/travis/build/icyphy/ptII/reports/junit/TEST-ptolemy.vergil.basic.export.test.junit.ExportModelJUnitTestBatch3.xml crashfile=/home/travis/build/icyphy/ptII/junitvmwatcher6385510210410655679.properties propsfile=/home/travis/build/icyphy/ptII/junit6592757607581182829.properties" />
    <property name="env.MANPATH" value="/home/travis/.nvm/versions/node/v7.10.1/share/man:/home/travis/.kiex/elixirs/elixir-1.4.5/man:/home/travis/.rvm/rubies/ruby-2.4.1/share/man:/usr/local/man:/usr/local/cmake-3.9.2/man:/usr/local/clang-5.0.0/share/man:/usr/local/share/man:/usr/share/man:/home/travis/.rvm/man" />
    <property name="env.COMPOSER_NO_INTERACTION" value="1" />
    <property name="env.JDK_SWITCHER_DEFAULT" value="oraclejdk8" />
    <property name="ant.file" value="/home/travis/build/icyphy/ptII/build.xml" />
    <property name="env.TRAVIS_COMMIT_RANGE" value="b2bbbe3e7fc70a807eda259f34a799ddeba1e55b...93980f3ef78c2fee0647008b7e508376dac0a93c" />
    <property name="env._system_name" value="Ubuntu" />
    <property name="timeout" value="2400000" />
    <property name="ptII.classpath.optional.property" value="/home/travis/build/icyphy/ptII/lib/bsh-2.0b4.jar:/home/travis/build/icyphy/ptII/lib/ptCal.jar:/home/travis/build/icyphy/ptII/lib/java_cup.jar:/home/travis/build/icyphy/ptII/lib/saxon8.jar:/home/travis/build/icyphy/ptII/lib/saxon8-dom.jar:/home/travis/build/icyphy/ptII/lib/chic.jar:/home/travis/build/icyphy/ptII/lib/ptcolt.jar:/usr/lib/jvm/java-8-oracle/lib/tools.jar:/usr/lib/eclipse/plugins/org.eclipse.jdt.core_3.8.2.dist.jar:/usr/lib/eclipse/plugins/org.eclipse.core.runtime_3.8.0.dist.jar:/usr/lib/eclipse/plugins/org.eclipse.osgi_3.8.1.dist.jar:/usr/lib/eclipse/plugins/org.eclipse.core.resources_3.8.1.dist.jar:/usr/lib/eclipse/plugins/org.eclipse.equinox.common_3.6.100.dist.jar:/usr/lib/eclipse/plugins/org.eclipse.core.jobs_3.5.200.dist.jar:/usr/lib/eclipse/plugins/org.eclipse.core.contenttype_3.4.200.dist.jar:/usr/lib/eclipse/plugins/org.eclipse.equinox.preferences_3.5.0.dist.jar:/usr/lib/eclipse/plugins/org.eclipse.text_3.5.200.dist.jar:/usr/lib/eclipse/plugins/org.eclipse.ui.workbench_3.8.1.dist.jar:/usr/lib/eclipse/plugins/org.eclipse.jface_3.8.0.dist.jar:/usr/lib/eclipse/plugins/org.eclipse.swt_3.8.2.jar:/usr/lib/eclipse/plugins/org.eclipse.jface.text_3.8.1.dist.jar:/usr/lib/eclipse/plugins/org.eclipse.ui.workbench.texteditor_3.8.0.dist.jar:/usr/lib/eclipse/plugins/org.eclipse.ui.editors_3.8.0.dist.jar:/usr/lib/eclipse/plugins/org.eclipse.core.commands_3.6.1.dist.jar:/usr/lib/eclipse/plugins/org.eclipse.equinox.registry_3.5.200.dist.jar:/usr/lib/eclipse/plugins/org.eclipse.ui.console_3.5.100.dist.jar:/usr/lib/eclipse/plugins/org.eclipse.ui.forms_3.5.200.dist.jar:/usr/lib/eclipse/plugins/org.eclipse.ui.ide_3.8.1.dist.jar:/home/travis/build/icyphy/ptII/vendors/oracle/dbxml.jar:/home/travis/build/icyphy/ptII/vendors/oracle/db.jar:/home/travis/build/icyphy/ptII/vendors/misc/itext/iText.jar:/home/travis/build/icyphy/ptII/lib/g4ltl.jar:/home/travis/build/icyphy/ptII/lib/StructuralCoder.jar:/home/travis/build/icyphy/ptII/lib/org-openide-util.jar:/home/travis/build/icyphy/ptII/lib/org-openide-util-lookup.jar:/home/travis/build/icyphy/ptII/lib/org-netbeans-api-visual.jar:/home/travis/build/icyphy/ptII/vendors/jai-1_1_2_01/lib/jai_core.jar:/home/travis/build/icyphy/ptII/vendors/jai-1_1_2_01/lib/jai_codec.jar:/home/travis/build/icyphy/ptII/lib/jcerti.jar:/home/travis/build/icyphy/ptII/lib/smack.jar:/home/travis/build/icyphy/ptII/lib/smackx.jar:/home/travis/build/icyphy/ptII/lib/jetty-all-8.1.5-v20120716.jar:/home/travis/build/icyphy/ptII/lib/javax.servlet-api-3.0.1.jar:/home/travis/build/icyphy/ptII/lib/javax.mail.jar:/home/travis/build/icyphy/ptII/vendors/JMF-2.1.1e/lib/jmf.jar:/home/travis/build/icyphy/ptII/lib/jna-4.0.0-variadic.jar:/home/travis/build/icyphy/ptII/vendors/misc/joystick/Joystick.jar:/home/travis/build/icyphy/ptII/lib/ptjacl.jar:/home/travis/build/icyphy/ptII/lib/jsoup-1.8.2.jar:/home/travis/build/icyphy/ptII/lib/junit-4.8.2.jar:/home/travis/build/icyphy/ptII/lib/JUnitParams-0.4.0.jar:/home/travis/build/icyphy/ptII/ptolemy/actor/lib/excel/jxl.jar:/home/travis/build/icyphy/ptII/lib/jython.jar:/home/travis/build/icyphy/ptII/lib/kieler.jar:/home/travis/build/icyphy/ptII/vendors/opencv/share/OpenCV/java/opencv-341.jar:/home/travis/build/icyphy/ptII/lib/oscP5.jar:/home/travis/build/icyphy/ptII/lib/nrjavaserial-3.11.0.devel.jar:/usr/share/java/j3dcore.jar:/usr/share/java/j3dutils.jar:/usr/share/java/vecmath.jar:/home/travis/build/icyphy/ptII/ptolemy/distributed/jini/jar/jini-core.jar:/home/travis/build/icyphy/ptII/ptolemy/distributed/jini/jar/jini-ext.jar:/home/travis/build/icyphy/ptII/ptolemy/distributed/jini/jar/sun-util.jar:/home/travis/build/icyphy/ptII/lib/protobuf-java-2.4.1.jar:/home/travis/build/icyphy/ptII/lib/org.eclipse.paho.client.mqttv3.jar:/home/travis/build/icyphy/ptII/ptserver/lib/hessian-4.0.7.jar:/home/travis/build/icyphy/ptII/ptserver/lib/wmqtt.jar:/home/travis/build/icyphy/ptII/lib/mapss.jar:/home/travis/build/icyphy/ptII/ptolemy/actor/ptalon/antlr/antlr.jar:/home/travis/build/icyphy/ptII/lib/JRI.jar:/home/travis/build/icyphy/ptII/lib/commons-lang-2.6.jar:/home/travis/build/icyphy/ptII/lib/commons-logging-1.1.1.jar:/home/travis/build/icyphy/ptII/lib/sootclasses.jar:/home/travis/build/icyphy/ptII/ptolemy/actor/lib/database/mysql-connector-java-5.1.6-bin.jar:/home/travis/build/icyphy/ptII/vendors/misc/sphinx4/sphinx4-data-5prealpha.jar:/home/travis/build/icyphy/ptII/vendors/misc/sphinx4/sphinx4-core-5prealpha.jar:/home/travis/build/icyphy/ptII/lib/PDFRenderer.jar:/home/travis/build/icyphy/ptII/lib/svgSalamander.jar:/home/travis/build/icyphy/ptII/lib/rsyntaxtextarea-2.6.0-SNAPSHOT.jar:/home/travis/build/icyphy/ptII/lib/hazelcast-3.8.2.jar:/home/travis/build/icyphy/ptII/lib/jackson-annotations-2.9.0.jar:/home/travis/build/icyphy/ptII/lib/jackson-core-2.9.3.jar:/home/travis/build/icyphy/ptII/lib/jackson-databind-2.9.3.jar:/home/travis/build/icyphy/ptII/lib/netty-buffer-4.1.19.Final.jar:/home/travis/build/icyphy/ptII/lib/netty-codec-4.1.19.Final.jar:/home/travis/build/icyphy/ptII/lib/netty-codec-dns-4.1.19.Final.jar:/home/travis/build/icyphy/ptII/lib/netty-codec-http-4.1.19.Final.jar:/home/travis/build/icyphy/ptII/lib/netty-codec-http2-4.1.19.Final.jar:/home/travis/build/icyphy/ptII/lib/netty-common-4.1.19.Final.jar:/home/travis/build/icyphy/ptII/lib/netty-handler-4.1.19.Final.jar:/home/travis/build/icyphy/ptII/lib/netty-resolver-4.1.19.Final.jar:/home/travis/build/icyphy/ptII/lib/netty-resolver-dns-4.1.19.Final.jar:/home/travis/build/icyphy/ptII/lib/netty-transport-4.1.19.Final.jar:/home/travis/build/icyphy/ptII/lib/vertx-codegen-3.5.1.jar:/home/travis/build/icyphy/ptII/lib/vertx-core-3.5.2-SNAPSHOT.jar:/home/travis/build/icyphy/ptII/lib/vertx-hazelcast-3.5.1.jar:/home/travis/build/icyphy/ptII/lib/vertx-lang-js-3.5.1.jar:/home/travis/build/icyphy/ptII/lib/vertx-service-proxy-3.5.1.jar:/home/travis/build/icyphy/ptII/lib/vertx-web-3.5.1.jar:/home/travis/build/icyphy/ptII/lib/slf4j-api-1.7.13.jar:/home/travis/build/icyphy/ptII/lib/slf4j-simple-1.7.13.jar:/home/travis/build/icyphy/ptII/lib/webcam-capture-0.3.12.jar:/home/travis/build/icyphy/ptII/lib/bridj-0.7.0.jar:/home/travis/build/icyphy/ptII/lib/xbjlib-1.1.0.nrjavaserial.jar" />
    <property name="test.batch" value="**/junit/*.java" />
    <property name="env._" value="/usr/bin/timeout" />
    <property name="java.io.tmpdir" value="/tmp" />
    <property name="user.language" value="en" />
    <property name="env.HISTCONTROL" value="ignoredups:ignorespace" />
    <property name="env.GOROOT" value="/home/travis/.gimme/versions/go1.7.4.linux.amd64" />
    <property name="line.separator" value="&#xa;" />
    <property name="target" value="1.8" />
    <property name="env.TRAVIS_BUILD_DIR" value="/home/travis/build/icyphy/ptII" />
    <property name="env.ANT_OPTS" value="-Xmx2048m" />
    <property name="ant.file.type" value="file" />
    <property name="ptolemy.ptII.batchMode" value="true" />
    <property name="env.HISTSIZE" value="1000" />
    <property name="env.MERB_ENV" value="test" />
    <property name="java.vm.info" value="mixed mode" />
    <property name="source" value="1.8" />
    <property name="java.vm.specification.name" value="Java Virtual Machine Specification" />
    <property name="env.TRAVIS_TEST_RESULT" value="0" />
    <property name="jsdoc.command" value="node_modules/@terraswarm/jsdoc/jsdoc.js" />
    <property name="npm.works" value="true" />
    <property name="cobertura.dir" value="/home/travis/build/icyphy/ptII/vendors/cobertura-2.0.3" />
    <property name="env.rvm_path" value="/home/travis/.rvm" />
    <property name="env.GEM_PATH" value="/home/travis/.rvm/gems/ruby-2.4.1:/home/travis/.rvm/gems/ruby-2.4.1@global" />
    <property name="env.LC_CTYPE" value="en_US.UTF-8" />
    <property name="java.awt.printerjob" value="sun.print.PSPrinterJob" />
    <property name="env.PT_TRAVIS_TEST_EXPORT3_XML" value="true" />
    <property name="env.TRAVIS_STACK_NAME" value="garnet" />
    <property name="ant.version" value="Apache Ant(TM) version 1.10.1 compiled on February 2 2017" />
    <property name="ptII.reports" value="/home/travis/build/icyphy/ptII/reports" />
    <property name="env.TRAVIS_STACK_TIMESTAMP" value="2017-12-05 19:33:09 UTC" />
    <property name="ant.file.type.ptII" value="file" />
    <property name="env.RBENV_SHELL" value="bash" />
    <property name="os.name" value="Linux" />
    <property name="java.specification.vendor" value="Oracle Corporation" />
    <property name="env.rvm_version" value="1.29.3 (latest)" />
    <property name="env.TERM" value="xterm" />
    <property name="java.vm.name" value="Java HotSpot(TM) 64-Bit Server VM" />
    <property name="env.TRAVIS_BUILD_NUMBER" value="455" />
    <property name="env.CI" value="true" />
    <property name="java.library.path" value="/home/travis/pthla/certi-tools/lib:/usr/lib/jni:/usr/local/share/OpenCV/java/:/usr/share/OpenCV/java::/usr/java/packages/lib/amd64:/usr/lib64:/lib64:/lib:/usr/lib" />
    <property name="env.rvm_prefix" value="/home/travis" />
    <property name="env.PATH" value="/home/travis/pthla/certi-tools/share/scripts:/home/travis/.rvm/gems/ruby-2.4.1/bin:/home/travis/.rvm/gems/ruby-2.4.1@global/bin:/home/travis/.rvm/rubies/ruby-2.4.1/bin:/home/travis/.rvm/bin:/home/travis/.nvm/versions/node/v7.10.1/bin:./node_modules/.bin:/home/travis/build/icyphy/ptII/bin:/home/travis/pthla/certi-tools/bin:/home/travis/bin:/home/travis/.local/bin:/opt/pyenv/shims:/home/travis/.phpenv/shims:/home/travis/perl5/perlbrew/bin:/home/travis/.kiex/elixirs/elixir-1.4.5/bin:/home/travis/.kiex/bin:/home/travis/gopath/bin:/home/travis/.gimme/versions/go1.7.4.linux.amd64/bin:/usr/local/phantomjs/bin:/usr/local/phantomjs:/usr/local/neo4j-3.2.7/bin:/usr/local/maven-3.5.2/bin:/usr/local/cmake-3.9.2/bin:/usr/local/clang-5.0.0/bin:/usr/local/sbin:/usr/local/bin:/usr/sbin:/usr/bin:/sbin:/bin:/home/travis/.phpenv/bin:/opt/pyenv/bin:/home/travis/.yarn/bin" />
    <property name="env.TRAVIS_OS_NAME" value="linux" />
    <property name="ant.java.version" value="1.8" />
    <property name="basedir" value="/home/travis/build/icyphy/ptII" />
    <property name="java.class.version" value="52.0" />
    <property name="env.SHLVL" value="3" />
    <property name="env.LD_LIBRARY_PATH" value="/home/travis/pthla/certi-tools/lib:/usr/lib/jni:/usr/local/share/OpenCV/java/:/usr/share/OpenCV/java:" />
    <property name="env.RACK_ENV" value="test" />
    <property name="ant.home" value="/home/travis/build/icyphy/ptII/ant" />
    <property name="env.NVM_DIR" value="/home/travis/.nvm" />
    <property name="env.PERLBREW_BASHRC_VERSION" value="0.80" />
    <property name="env.CERTI_FOM_PATH" value="/home/travis/pthla/certi-tools/share/federations" />
    <property name="env.TRAVIS_BUILD_ID" value="380940149" />
    <property name="env.PYENV_ROOT" value="/opt/pyenv" />
    <property name="env.TRAVIS_UID" value="2000" />
    <property name="env.rvm_pretty_print_flag" value="auto" />
    <property name="env.NVM_BIN" value="/home/travis/.nvm/versions/node/v7.10.1/bin" />
    <property name="env.TRAVIS_COMMIT" value="93980f3ef78c2fee0647008b7e508376dac0a93c" />
    <property name="env._system_arch" value="x86_64" />
    <property name="node.executable" value="node" />
    <property name="sun.boot.library.path" value="/usr/lib/jvm/java-8-oracle/jre/lib/amd64" />
    <property name="sun.management.compiler" value="HotSpot 64-Bit Tiered Compilers" />
    <property name="env.GOPATH" value="/home/travis/gopath" />
    <property name="java.awt.graphicsenv" value="sun.awt.X11GraphicsEnvironment" />
    <property name="ptolemy.ptII.dir" value="/home/travis/build/icyphy/ptII" />
    <property name="env.USER" value="travis" />
    <property name="env.HISTFILESIZE" value="2000" />
    <property name="timeout.longest" value="19000000" />
    <property name="env.TRAVIS_STACK_FEATURES" value="basic cassandra chromium couchdb disabled-ipv6 docker docker-compose elasticsearch firefox go-toolchain google-chrome jdk memcached mongodb mysql neo4j nodejs_interpreter perl_interpreter perlbrew phantomjs postgresql python_interpreter rabbitmq redis riak ruby_interpreter sqlite xserver" />
    <property name="env.TRAVIS_PULL_REQUEST" value="false" />
    <property name="env.PYENV_SHELL" value="bash" />
    <property name="ant.project.name" value="ptII" />
    <property name="java.vm.specification.version" value="1.8" />
    <property name="env.CERTI_VERSION" value="4.0.0" />
    <property name="env.NLSPATH" value="/usr/dt/lib/nls/msg/%L/%N.cat" />
    <property name="awt.toolkit" value="sun.awt.X11.XToolkit" />
    <property name="env.CERTI_HOST" value="localhost" />
    <property name="env.MY_RUBY_HOME" value="/home/travis/.rvm/rubies/ruby-2.4.1" />
    <property name="sun.cpu.isalist" value="" />
    <property name="java.ext.dirs" value="/usr/lib/jvm/java-8-oracle/jre/lib/ext:/usr/java/packages/lib/ext" />
    <property name="os.version" value="4.4.0-101-generic" />
    <property name="user.home" value="/home/travis" />
    <property name="env.MIX_ARCHIVES" value="/home/travis/.kiex/mix/elixir-1.4.5" />
    <property name="java.vm.vendor" value="Oracle Corporation" />
    <property name="env.TRAVIS_TAG" value="nightly" />
    <property name="env.TRAVIS_FILTERED" value="redirect_io" />
    <property name="javadoc.excludepackagenames" value="adm.cvs2svn.*,build.*,config.*,doc.coding.templates.*,jni.test.jni.meaningOfLife.*,jni.test.jni.testDeux.*,jni.test.jni.testTrois.*,org.terraswarm.accessor.accessors.web.node_modules.*,org.terraswarm.accessor.accessors.web.hosts.cordova.demo.*,org.terraswarm.accessor.accessors.web.hosts.cordova.plugins.*,org.terraswarm.accessor.accessors-svn.*,pt-modules.*,ptolemy.apps.agilent.*,ptolemy.apps.anytimecontrol.*,ptolemy.apps.apes.*,ptolemy.apps.charon.*,ptolemy.apps.crazyboard.*,ptolemy.apps.eclipse.*,ptolemy.apps.etherealSting.*,ptolemy.apps.fullscreen.*,ptolemy.apps.giotto.*,ptolemy.apps.ia.*,ptolemy.apps.interfaces.*,ptolemy.apps.jmf.*,ptolemy.apps.kurt.*,ptolemy.apps.kvm.*,ptolemy.apps.lego.*,ptolemy.apps.lejos.*,ptolemy.apps.midp.*,ptolemy.apps.mobileCoding.*,ptolemy.apps.pendulum.*,ptolemy.apps.rijndael.*,ptolemy.apps.robot.*,ptolemy.apps.security.*,ptolemy.apps.sobel.*,ptolemy.apps.soot.*,ptolemy.apps.throttle.*,ptolemy.apps.tini.*,ptolemy.apps.transmission.*,ptolemy.apps.vergil.*,ptolemy.apps.waba.*,ptolemy.apps.websensor.*,ptolemy.apps.webstart.*,ptolemy.apps.xsl.*,ptolemy.apps.zaurus.*,ptolemy.backtrack.eclipse.plugin.*,ptolemy.backtrack.test.*,ptolemy.codegen.c.actor.lib.oldJavaFiles.*,ptolemy.codegen.dsp.lib.*,ptolemy.codegen.kernel.newInterfaces.*,ptolemy.codegen.lib.*,ptolemy.copernicus.kernel.fragment.*,ptolemy.copernicus.shallow.cg.*,ptolemy.domains.giotto.demo.Hierarchy.Hierarchy.*,ptolemy.domains.giotto.demo.Multimode.Multimode.*,ptolemy.domains.giotto.demo.Simple.Simple.*,ptolemy.domains.gr.lib.experimental.*,ptolemy.domains.gro.*,ptolemy.domains.pdf.*,ptolemy.domains.ptinyos.demo.Surge.output.*,ptolemy.moml.test.NoPackageActor.java*,ptolemy.plot.adm.*,ptolemy.plot.servlet.*,reports.*,signed.*,src.*,target.*,vendors.*,ptolemy.cg.adapter.generic.program.procedural.c.mbed*,ptolemy.actor.lib.fmi.fmus.omc*,ptolemy.domains.openmodelica*,ptdb.kernel.bl.save.test.*,ptdb.kernel.bl.load.test.*,ptdb.kernel.bl.search.test.*,ptdb.kernel.bl.migration.test.*,ptdb.kernel.database.test.*,ptdb.test.*,ptdb.gui.test.*,org.ptolemy.scala.*,diva.util.java2d.svg.*,ptolemy.domains.ptinyos.*,ptolemy.actor.lib.fmi.fmipp.*,,org.terraswarm.accessor.accessors.web.node_modules.*,org.terraswarm.accessor.accessors-svn,ptolemy.actor.ptalon.demo.ptinyos.SendAndReceiveCnt.output,ptolemy.actor.ptalon.demo.ptinyos.SenseToLeds.output,ptolemy.domains.ptinyos.demo.CntToLedsAndRfm.output,ptolemy.domains.ptinyos.demo.RfmToLeds.output,ptolemy.domains.ptinyos.demo.SendAndReceiveCnt.output,ptolemy.domains.ptinyos.demo.SenseToLeds.output" />
    <property name="env.JAVA_HOME" value="/usr/lib/jvm/java-8-oracle" />
    <property name="env.PTII" value="/home/travis/build/icyphy/ptII" />
    <property name="env.TRAVIS_COMMIT_MESSAGE" value="Adding folder org/hlacerti/test/auto/testWithException. Test auto/3MultiDataTypes.xml works when&#xa;run by hand but maybe hangs in automatic tests." />
    <property name="keystore" value="ptKeystore" />
    <property name="env.XDG_SESSION_ID" value="2" />
    <property name="junit.output.dir" value="/home/travis/build/icyphy/ptII/reports/junit" />
    <property name="npm.return.code" value="0" />
    <property name="user.dir" value="/home/travis/build/icyphy/ptII/ptolemy/vergil/basic/export/test" />
    <property name="env.TRAVIS_NODE_VERSION" value="7" />
    <property name="env.XFILESEARCHPATH" value="/usr/dt/app-defaults/%L/Dt" />
    <property name="env.TRAVIS_EVENT_TYPE" value="cron" />
    <property name="env.MAIL" value="/var/mail/travis" />
    <property name="env.PWD" value="/home/travis/build/icyphy/ptII" />
    <property name="env.PERLBREW_ROOT" value="/home/travis/perl5/perlbrew" />
    <property name="timeout.npm" value="45000" />
    <property name="env.PAGER" value="cat" />
    <property name="sun.cpu.endian" value="little" />
    <property name="env.TRAVIS_BUILD_STAGE_NAME" value="Test" />
    <property name="env.PERLBREW_HOME" value="/home/travis/.perlbrew" />
    <property name="env.RAILS_ENV" value="test" />
    <property name="java.vm.version" value="25.151-b12" />
    <property name="java.class.path" value="/home/travis/build/icyphy/ptII:/home/travis/build/icyphy/ptII/lib/bsh-2.0b4.jar:/home/travis/build/icyphy/ptII/lib/ptCal.jar:/home/travis/build/icyphy/ptII/lib/java_cup.jar:/home/travis/build/icyphy/ptII/lib/saxon8.jar:/home/travis/build/icyphy/ptII/lib/saxon8-dom.jar:/home/travis/build/icyphy/ptII/lib/chic.jar:/home/travis/build/icyphy/ptII/lib/ptcolt.jar:/usr/lib/jvm/java-8-oracle/lib/tools.jar:/usr/lib/eclipse/plugins/org.eclipse.jdt.core_3.8.2.dist.jar:/usr/lib/eclipse/plugins/org.eclipse.core.runtime_3.8.0.dist.jar:/usr/lib/eclipse/plugins/org.eclipse.osgi_3.8.1.dist.jar:/usr/lib/eclipse/plugins/org.eclipse.core.resources_3.8.1.dist.jar:/usr/lib/eclipse/plugins/org.eclipse.equinox.common_3.6.100.dist.jar:/usr/lib/eclipse/plugins/org.eclipse.core.jobs_3.5.200.dist.jar:/usr/lib/eclipse/plugins/org.eclipse.core.contenttype_3.4.200.dist.jar:/usr/lib/eclipse/plugins/org.eclipse.equinox.preferences_3.5.0.dist.jar:/usr/lib/eclipse/plugins/org.eclipse.text_3.5.200.dist.jar:/usr/lib/eclipse/plugins/org.eclipse.ui.workbench_3.8.1.dist.jar:/usr/lib/eclipse/plugins/org.eclipse.jface_3.8.0.dist.jar:/usr/lib/eclipse/plugins/org.eclipse.swt_3.8.2.jar:/usr/lib/eclipse/plugins/org.eclipse.jface.text_3.8.1.dist.jar:/usr/lib/eclipse/plugins/org.eclipse.ui.workbench.texteditor_3.8.0.dist.jar:/usr/lib/eclipse/plugins/org.eclipse.ui.editors_3.8.0.dist.jar:/usr/lib/eclipse/plugins/org.eclipse.core.commands_3.6.1.dist.jar:/usr/lib/eclipse/plugins/org.eclipse.equinox.registry_3.5.200.dist.jar:/usr/lib/eclipse/plugins/org.eclipse.ui.console_3.5.100.dist.jar:/usr/lib/eclipse/plugins/org.eclipse.ui.forms_3.5.200.dist.jar:/usr/lib/eclipse/plugins/org.eclipse.ui.ide_3.8.1.dist.jar:/home/travis/build/icyphy/ptII/vendors/oracle/dbxml.jar:/home/travis/build/icyphy/ptII/vendors/oracle/db.jar:/home/travis/build/icyphy/ptII/vendors/misc/itext/iText.jar:/home/travis/build/icyphy/ptII/lib/g4ltl.jar:/home/travis/build/icyphy/ptII/lib/StructuralCoder.jar:/home/travis/build/icyphy/ptII/lib/org-openide-util.jar:/home/travis/build/icyphy/ptII/lib/org-openide-util-lookup.jar:/home/travis/build/icyphy/ptII/lib/org-netbeans-api-visual.jar:/home/travis/build/icyphy/ptII/vendors/jai-1_1_2_01/lib/jai_core.jar:/home/travis/build/icyphy/ptII/vendors/jai-1_1_2_01/lib/jai_codec.jar:/home/travis/build/icyphy/ptII/lib/jcerti.jar:/home/travis/build/icyphy/ptII/lib/smack.jar:/home/travis/build/icyphy/ptII/lib/smackx.jar:/home/travis/build/icyphy/ptII/lib/jetty-all-8.1.5-v20120716.jar:/home/travis/build/icyphy/ptII/lib/javax.servlet-api-3.0.1.jar:/home/travis/build/icyphy/ptII/lib/javax.mail.jar:/home/travis/build/icyphy/ptII/vendors/JMF-2.1.1e/lib/jmf.jar:/home/travis/build/icyphy/ptII/lib/jna-4.0.0-variadic.jar:/home/travis/build/icyphy/ptII/vendors/misc/joystick/Joystick.jar:/home/travis/build/icyphy/ptII/lib/ptjacl.jar:/home/travis/build/icyphy/ptII/lib/jsoup-1.8.2.jar:/home/travis/build/icyphy/ptII/lib/junit-4.8.2.jar:/home/travis/build/icyphy/ptII/lib/JUnitParams-0.4.0.jar:/home/travis/build/icyphy/ptII/ptolemy/actor/lib/excel/jxl.jar:/home/travis/build/icyphy/ptII/lib/jython.jar:/home/travis/build/icyphy/ptII/lib/kieler.jar:/home/travis/build/icyphy/ptII/vendors/opencv/share/OpenCV/java/opencv-341.jar:/home/travis/build/icyphy/ptII/lib/oscP5.jar:/home/travis/build/icyphy/ptII/lib/nrjavaserial-3.11.0.devel.jar:/usr/share/java/j3dcore.jar:/usr/share/java/j3dutils.jar:/usr/share/java/vecmath.jar:/home/travis/build/icyphy/ptII/ptolemy/distributed/jini/jar/jini-core.jar:/home/travis/build/icyphy/ptII/ptolemy/distributed/jini/jar/jini-ext.jar:/home/travis/build/icyphy/ptII/ptolemy/distributed/jini/jar/sun-util.jar:/home/travis/build/icyphy/ptII/lib/protobuf-java-2.4.1.jar:/home/travis/build/icyphy/ptII/lib/org.eclipse.paho.client.mqttv3.jar:/home/travis/build/icyphy/ptII/ptserver/lib/hessian-4.0.7.jar:/home/travis/build/icyphy/ptII/ptserver/lib/wmqtt.jar:/home/travis/build/icyphy/ptII/lib/mapss.jar:/home/travis/build/icyphy/ptII/ptolemy/actor/ptalon/antlr/antlr.jar:/home/travis/build/icyphy/ptII/lib/JRI.jar:/home/travis/build/icyphy/ptII/lib/commons-lang-2.6.jar:/home/travis/build/icyphy/ptII/lib/commons-logging-1.1.1.jar:/home/travis/build/icyphy/ptII/lib/sootclasses.jar:/home/travis/build/icyphy/ptII/ptolemy/actor/lib/database/mysql-connector-java-5.1.6-bin.jar:/home/travis/build/icyphy/ptII/vendors/misc/sphinx4/sphinx4-data-5prealpha.jar:/home/travis/build/icyphy/ptII/vendors/misc/sphinx4/sphinx4-core-5prealpha.jar:/home/travis/build/icyphy/ptII/lib/PDFRenderer.jar:/home/travis/build/icyphy/ptII/lib/svgSalamander.jar:/home/travis/build/icyphy/ptII/lib/rsyntaxtextarea-2.6.0-SNAPSHOT.jar:/home/travis/build/icyphy/ptII/lib/hazelcast-3.8.2.jar:/home/travis/build/icyphy/ptII/lib/jackson-annotations-2.9.0.jar:/home/travis/build/icyphy/ptII/lib/jackson-core-2.9.3.jar:/home/travis/build/icyphy/ptII/lib/jackson-databind-2.9.3.jar:/home/travis/build/icyphy/ptII/lib/netty-buffer-4.1.19.Final.jar:/home/travis/build/icyphy/ptII/lib/netty-codec-4.1.19.Final.jar:/home/travis/build/icyphy/ptII/lib/netty-codec-dns-4.1.19.Final.jar:/home/travis/build/icyphy/ptII/lib/netty-codec-http-4.1.19.Final.jar:/home/travis/build/icyphy/ptII/lib/netty-codec-http2-4.1.19.Final.jar:/home/travis/build/icyphy/ptII/lib/netty-common-4.1.19.Final.jar:/home/travis/build/icyphy/ptII/lib/netty-handler-4.1.19.Final.jar:/home/travis/build/icyphy/ptII/lib/netty-resolver-4.1.19.Final.jar:/home/travis/build/icyphy/ptII/lib/netty-resolver-dns-4.1.19.Final.jar:/home/travis/build/icyphy/ptII/lib/netty-transport-4.1.19.Final.jar:/home/travis/build/icyphy/ptII/lib/vertx-codegen-3.5.1.jar:/home/travis/build/icyphy/ptII/lib/vertx-core-3.5.2-SNAPSHOT.jar:/home/travis/build/icyphy/ptII/lib/vertx-hazelcast-3.5.1.jar:/home/travis/build/icyphy/ptII/lib/vertx-lang-js-3.5.1.jar:/home/travis/build/icyphy/ptII/lib/vertx-service-proxy-3.5.1.jar:/home/travis/build/icyphy/ptII/lib/vertx-web-3.5.1.jar:/home/travis/build/icyphy/ptII/lib/slf4j-api-1.7.13.jar:/home/travis/build/icyphy/ptII/lib/slf4j-simple-1.7.13.jar:/home/travis/build/icyphy/ptII/lib/webcam-capture-0.3.12.jar:/home/travis/build/icyphy/ptII/lib/bridj-0.7.0.jar:/home/travis/build/icyphy/ptII/lib/xbjlib-1.1.0.nrjavaserial.jar:/home/travis/build/icyphy/ptII/ptolemy/moml/test:/home/travis/build/icyphy/ptII/ant/lib/ant-launcher.jar:/home/travis/build/icyphy/ptII/ant/lib/ant.jar:/home/travis/build/icyphy/ptII/ant/lib/ant-junit.jar:/home/travis/build/icyphy/ptII/ant/lib/ant-junit4.jar" />
    <property name="ant.library.dir" value="/home/travis/build/icyphy/ptII/ant/lib" />
    <property name="os.arch" value="amd64" />
    <property name="env.TRAVIS_LANGUAGE" value="node_js" />
    <property name="env.CONTINUOUS_INTEGRATION" value="true" />
    <property name="env.TRAVIS_STACK_LANGUAGES" value="__garnet__ c c++ clojure cplusplus cpp default go groovy java node_js php pure_java python ruby scala" />
    <property name="test.name" value="ptolemy.actor.lib.test.junit.JUnitTclTest" />
    <property name="sun.java.launcher" value="SUN_STANDARD" />
    <property name="env.PYTHON_CONFIGURE_OPTS" value="--enable-unicode=ucs4 --with-wide-unicode --enable-shared --enable-ipv6 --enable-loadable-sqlite-extensions --with-computed-gotos" />
    <property name="ant.core.lib" value="/home/travis/build/icyphy/ptII/ant/lib/ant.jar" />
    <property name="java.vm.specification.vendor" value="Oracle Corporation" />
    <property name="env.BCVTB_HOME" value="/home/travis/build/icyphy/ptII/lbnl" />
    <property name="file.separator" value="/" />
    <property name="java.runtime.version" value="1.8.0_151-b12" />
    <property name="spotbugs.home" value="/home/travis/build/icyphy/ptII/vendors/spotbugs-3.1.1" />
    <property name="sun.boot.class.path" value="/usr/lib/jvm/java-8-oracle/jre/lib/resources.jar:/usr/lib/jvm/java-8-oracle/jre/lib/rt.jar:/usr/lib/jvm/java-8-oracle/jre/lib/sunrsasign.jar:/usr/lib/jvm/java-8-oracle/jre/lib/jsse.jar:/usr/lib/jvm/java-8-oracle/jre/lib/jce.jar:/usr/lib/jvm/java-8-oracle/jre/lib/charsets.jar:/usr/lib/jvm/java-8-oracle/jre/lib/jfr.jar:/usr/lib/jvm/java-8-oracle/jre/classes" />
    <property name="env.HAS_JOSH_K_SEAL_OF_APPROVAL" value="true" />
    <property name="env.TRAVIS_OSX_IMAGE" value="" />
    <property name="env.XDG_RUNTIME_DIR" value="/run/user/2000" />
    <property name="env.TRAVIS_BRANCH" value="master" />
    <property name="env.TRAVIS_JOB_ID" value="380940163" />
    <property name="env.CERTI_HOME_TRAVIS" value="/home/travis/pthla/certi-tools" />
    <property name="user.country" value="US" />
    <property name="env.SHELL" value="/bin/bash" />
    <property name="java.maxmemory.large" value="5000m" />
    <property name="model" value="" />
    <property name="env.CASHER_DIR" value="/home/travis/.casher" />
    <property name="env.NVM_CD_FLAGS" value="" />
    <property name="jshint.executable" value="/home/travis/node_modules/jshint/bin/jshint" />
    <property name="java.vendor" value="Oracle Corporation" />
    <property name="env.JRUBY_OPTS" value=" --client -J-XX:+TieredCompilation -J-XX:TieredStopAtLevel=1 -J-Xss2m -Xcompile.invokedynamic=false" />
    <property name="env.TRAVIS_PRE_CHEF_BOOTSTRAP_TIME" value="2017-12-05T19:32:55" />
    <property name="env.TRAVIS_STACK_JOB_BOARD_REGISTER" value="/.job-board-register.yml" />
    <property name="env.ELIXIR_VERSION" value="1.4.5" />
    <property name="java.specification.version" value="1.8" />
    <property name="env.IRBRC" value="/home/travis/.rvm/rubies/ruby-2.4.1/.irbrc" />
    <property name="env.TRAVIS" value="true" />
    <property name="sun.arch.data.model" value="64" />
  </properties>
  <testcase classname="ptolemy.vergil.basic.export.test.junit.ExportModelJUnitTestBatch3" name="[0] ptolemy/actor/lib/jjs/modules/iotAuth/demo/SecurePubSub/SecurePubSub.xml (RunExportModel)" time="31.276" />
  <testcase classname="ptolemy.vergil.basic.export.test.junit.ExportModelJUnitTestBatch3" name="[1] ptolemy/actor/lib/jjs/modules/localStorage/demo/LocalStorage/LocalStorage.xml (RunExportModel)" time="11.259" />
  <testcase classname="ptolemy.vergil.basic.export.test.junit.ExportModelJUnitTestBatch3" name="[2] ptolemy/actor/lib/jjs/modules/mqtt/demo/MQTTPubSub/MQTTPubSub.xml (RunExportModel)" time="23.132" />
  <testcase classname="ptolemy.vergil.basic.export.test.junit.ExportModelJUnitTestBatch3" name="[3] ptolemy/actor/lib/jjs/modules/socket/demo/SecureSocket/SecureSocket.xml (RunExportModel)" time="22.775" />
  <testcase classname="ptolemy.vergil.basic.export.test.junit.ExportModelJUnitTestBatch3" name="[4] ptolemy/actor/lib/jjs/modules/socket/demo/SocketDoubleArrayBatched/SocketDoubleArrayBatched.xml (RunExportModel)" time="14.087" />
  <testcase classname="ptolemy.vergil.basic.export.test.junit.ExportModelJUnitTestBatch3" name="[5] ptolemy/actor/lib/jjs/modules/socket/demo/SocketImage/SocketImage.xml (RunExportModel)" time="37.502" />
  <testcase classname="ptolemy.vergil.basic.export.test.junit.ExportModelJUnitTestBatch3" name="[6] ptolemy/actor/lib/jjs/modules/socket/demo/SocketString/SocketString.xml (RunExportModel)" time="16.787" />
  <testcase classname="ptolemy.vergil.basic.export.test.junit.ExportModelJUnitTestBatch3" name="[7] ptolemy/actor/lib/jjs/modules/socket/demo/SocketUnsignedShort/SocketUnsignedShort.xml (RunExportModel)" time="14.012" />
  <testcase classname="ptolemy.vergil.basic.export.test.junit.ExportModelJUnitTestBatch3" name="[8] ptolemy/actor/lib/jjs/modules/socket/demo/TCPSocket/TCPSocket.xml (RunExportModel)" time="8.22" />
  <testcase classname="ptolemy.vergil.basic.export.test.junit.ExportModelJUnitTestBatch3" name="[9] ptolemy/actor/lib/jjs/modules/socket/demo/TCPSocket/TCPSocketDoubleArrayBatched.xml (RunExportModel)" time="14.821" />
  <testcase classname="ptolemy.vergil.basic.export.test.junit.ExportModelJUnitTestBatch3" name="[10] ptolemy/actor/lib/jjs/modules/socket/demo/TCPSocket/TCPSocketImage.xml (RunExportModel)" time="33.377" />
  <testcase classname="ptolemy.vergil.basic.export.test.junit.ExportModelJUnitTestBatch3" name="[11] ptolemy/actor/lib/jjs/modules/socket/demo/TCPSocket/TCPSocketSecureServerClient.xml (RunExportModel)" time="21.549" />
  <testcase classname="ptolemy.vergil.basic.export.test.junit.ExportModelJUnitTestBatch3" name="[12] ptolemy/actor/lib/jjs/modules/socket/demo/TCPSocket/TCPSocketTwoClients.xml (RunExportModel)" time="34.497" />
  <testcase classname="ptolemy.vergil.basic.export.test.junit.ExportModelJUnitTestBatch3" name="[13] ptolemy/actor/lib/jjs/modules/socket/demo/TCPSocket/TCPSocketUnsignedShort.xml (RunExportModel)" time="14.719" />
  <testcase classname="ptolemy.vergil.basic.export.test.junit.ExportModelJUnitTestBatch3" name="[14] ptolemy/actor/lib/jjs/modules/speechRecognition/demo/SpeechRecognition/SpeechRecognition.xml (RunExportModel)" time="10.249" />
  <testcase classname="ptolemy.vergil.basic.export.test.junit.ExportModelJUnitTestBatch3" name="[15] ptolemy/actor/lib/jjs/modules/speechRecognition/demo/WatchCommandUpdater/WatchCommandUpdater.xml (RunExportModel)" time="13.661" />
  <testcase classname="ptolemy.vergil.basic.export.test.junit.ExportModelJUnitTestBatch3" name="[16] ptolemy/actor/lib/jjs/modules/testing/demo/Testing/Testing.xml (RunExportModel)" time="29.497" />
  <testcase classname="ptolemy.vergil.basic.export.test.junit.ExportModelJUnitTestBatch3" name="[17] ptolemy/actor/lib/jjs/modules/udpSocket/demo/UDPSocket/UDPSocket.xml (RunExportModel)" time="39.772" />
  <testcase classname="ptolemy.vergil.basic.export.test.junit.ExportModelJUnitTestBatch3" name="[18] ptolemy/actor/lib/jjs/modules/udpSocket/demo/WatchEmulator/WatchEmulator.xml (RunExportModel)" time="19.691">
    <failure message="Exporting HTML for ptolemy/actor/lib/jjs/modules/udpSocket/demo/WatchEmulator/WatchEmulator.xml failed: &#xa;java.lang.reflect.InvocationTargetException&#xa;&#x9;at java.awt.EventQueue.invokeAndWait(EventQueue.java:1321)&#xa;&#x9;at java.awt.EventQueue.invokeAndWait(EventQueue.java:1296)&#xa;&#x9;at javax.swing.SwingUtilities.invokeAndWait(SwingUtilities.java:1348)&#xa;&#x9;at ptolemy.vergil.basic.export.ExportModel.exportModel(ExportModel.java:401)&#xa;&#x9;at ptolemy.vergil.basic.export.test.junit.ExportModelJUnitTest.RunExportModel(ExportModelJUnitTest.java:153)&#xa;&#x9;at ptolemy.vergil.basic.export.test.junit.ExportModelJUnitTestBatch.RunExportModel(ExportModelJUnitTestBatch.java:97)&#xa;&#x9;at sun.reflect.GeneratedMethodAccessor18.invoke(Unknown Source)&#xa;&#x9;at sun.reflect.DelegatingMethodAccessorImpl.invoke(DelegatingMethodAccessorImpl.java:43)&#xa;&#x9;at java.lang.reflect.Method.invoke(Method.java:498)&#xa;&#x9;at org.junit.runners.model.FrameworkMethod$1.runReflectiveCall(FrameworkMethod.java:44)&#xa;&#x9;at org.junit.internal.runners.model.ReflectiveCallable.run(ReflectiveCallable.java:15)&#xa;&#x9;at org.junit.runners.model.FrameworkMethod.invokeExplosively(FrameworkMethod.java:41)&#xa;&#x9;at junitparams.internal.InvokeParameterisedMethod.evaluate(InvokeParameterisedMethod.java:102)&#xa;&#x9;at junitparams.internal.ParameterisedTestMethodRunner.runMethodInvoker(ParameterisedTestMethodRunner.java:47)&#xa;&#x9;at junitparams.internal.ParameterisedTestMethodRunner.runTestMethod(ParameterisedTestMethodRunner.java:41)&#xa;&#x9;at junitparams.internal.ParameterisedTestClassRunner.runParameterisedTest(ParameterisedTestClassRunner.java:143)&#xa;&#x9;at junitparams.JUnitParamsRunner.runChild(JUnitParamsRunner.java:237)&#xa;&#x9;at junitparams.JUnitParamsRunner.runChild(JUnitParamsRunner.java:215)&#xa;&#x9;at org.junit.runners.ParentRunner$3.run(ParentRunner.java:193)&#xa;&#x9;at org.junit.runners.ParentRunner$1.schedule(ParentRunner.java:52)&#xa;&#x9;at org.junit.runners.ParentRunner.runChildren(ParentRunner.java:191)&#xa;&#x9;at org.junit.runners.ParentRunner.access$000(ParentRunner.java:42)&#xa;&#x9;at org.junit.runners.ParentRunner$2.evaluate(ParentRunner.java:184)&#xa;&#x9;at org.junit.runners.ParentRunner.run(ParentRunner.java:236)&#xa;&#x9;at junit.framework.JUnit4TestAdapter.run(JUnit4TestAdapter.java:39)&#xa;&#x9;at org.apache.tools.ant.taskdefs.optional.junit.JUnitTestRunner.run(JUnitTestRunner.java:535)&#xa;&#x9;at org.apache.tools.ant.taskdefs.optional.junit.JUnitTestRunner.launch(JUnitTestRunner.java:1182)&#xa;&#x9;at org.apache.tools.ant.taskdefs.optional.junit.JUnitTestRunner.main(JUnitTestRunner.java:1033)&#xa;Caused by: java.lang.RuntimeException: ptolemy.kernel.util.IllegalActionException: Exceptions occurred during wrapup:&#xa;ptolemy.kernel.util.IllegalActionException: Failure executing the wrapup function: Error: TrainableTest2: The input handler of this accessor was never invoked. Usually, this is an error indicating that starvation is occurring. in &lt;function&gt; at line number 393 at column number 16&#xa;  in .WatchEmulator.TrainableTest2&#xa;Because:&#xa;Error: TrainableTest2: The input handler of this accessor was never invoked. Usually, this is an error indicating that starvation is occurring. in &lt;function&gt; at line number 393 at column number 16&#xa;&#xa;  in .WatchEmulator.DE Director&#xa;Because:&#xa;Failure executing the wrapup function: Error: TrainableTest2: The input handler of this accessor was never invoked. Usually, this is an error indicating that starvation is occurring. in &lt;function&gt; at line number 393 at column number 16&#xa;  in .WatchEmulator.TrainableTest2&#xa;Because:&#xa;Error: TrainableTest2: The input handler of this accessor was never invoked. Usually, this is an error indicating that starvation is occurring. in &lt;function&gt; at line number 393 at column number 16&#xa;&#x9;at ptolemy.vergil.basic.export.ExportModel$2.run(ExportModel.java:397)&#xa;&#x9;at java.awt.event.InvocationEvent.dispatch(InvocationEvent.java:301)&#xa;&#x9;at java.awt.EventQueue.dispatchEventImpl(EventQueue.java:756)&#xa;&#x9;at java.awt.EventQueue.access$500(EventQueue.java:97)&#xa;&#x9;at java.awt.EventQueue$3.run(EventQueue.java:709)&#xa;&#x9;at java.awt.EventQueue$3.run(EventQueue.java:703)&#xa;&#x9;at java.security.AccessController.doPrivileged(Native Method)&#xa;&#x9;at java.security.ProtectionDomain$JavaSecurityAccessImpl.doIntersectionPrivilege(ProtectionDomain.java:80)&#xa;&#x9;at java.awt.EventQueue.dispatchEvent(EventQueue.java:726)&#xa;&#x9;at java.awt.EventDispatchThread.pumpOneEventForFilters(EventDispatchThread.java:201)&#xa;&#x9;at java.awt.EventDispatchThread.pumpEventsForFilter(EventDispatchThread.java:116)&#xa;&#x9;at java.awt.EventDispatchThread.pumpEventsForHierarchy(EventDispatchThread.java:105)&#xa;&#x9;at java.awt.EventDispatchThread.pumpEvents(EventDispatchThread.java:101)&#xa;&#x9;at java.awt.EventDispatchThread.pumpEvents(EventDispatchThread.java:93)&#xa;&#x9;at java.awt.EventDispatchThread.run(EventDispatchThread.java:82)&#xa;Caused by: ptolemy.kernel.util.IllegalActionException: Exceptions occurred during wrapup:&#xa;ptolemy.kernel.util.IllegalActionException: Failure executing the wrapup function: Error: TrainableTest2: The input handler of this accessor was never invoked. Usually, this is an error indicating that starvation is occurring. in &lt;function&gt; at line number 393 at column number 16&#xa;  in .WatchEmulator.TrainableTest2&#xa;Because:&#xa;Error: TrainableTest2: The input handler of this accessor was never invoked. Usually, this is an error indicating that starvation is occurring. in &lt;function&gt; at line number 393 at column number 16&#xa;&#xa;  in .WatchEmulator.DE Director&#xa;Because:&#xa;Failure executing the wrapup function: Error: TrainableTest2: The input handler of this accessor was never invoked. Usually, this is an error indicating that starvation is occurring. in &lt;function&gt; at line number 393 at column number 16&#xa;  in .WatchEmulator.TrainableTest2&#xa;Because:&#xa;Error: TrainableTest2: The input handler of this accessor was never invoked. Usually, this is an error indicating that starvation is occurring. in &lt;function&gt; at line number 393 at column number 16&#xa;&#x9;at ptolemy.actor.Director.wrapup(Director.java:1736)&#xa;&#x9;at ptolemy.domains.de.kernel.DEDirector.wrapup(DEDirector.java:1526)&#xa;&#x9;at ptolemy.actor.CompositeActor.wrapup(CompositeActor.java:2735)&#xa;&#x9;at ptolemy.actor.Manager.wrapup(Manager.java:1512)&#xa;&#x9;at ptolemy.actor.Manager.execute(Manager.java:407)&#xa;&#x9;at ptolemy.vergil.basic.export.ExportModel$2.run(ExportModel.java:390)&#xa;&#x9;... 14 more&#xa;Caused by: ptolemy.kernel.util.IllegalActionException: Failure executing the wrapup function: Error: TrainableTest2: The input handler of this accessor was never invoked. Usually, this is an error indicating that starvation is occurring. in &lt;function&gt; at line number 393 at column number 16&#xa;  in .WatchEmulator.TrainableTest2&#xa;Because:&#xa;Error: TrainableTest2: The input handler of this accessor was never invoked. Usually, this is an error indicating that starvation is occurring. in &lt;function&gt; at line number 393 at column number 16&#xa;&#x9;at ptolemy.actor.lib.jjs.JavaScript._invokeMethodInContext(JavaScript.java:2223)&#xa;&#x9;at ptolemy.actor.lib.jjs.JavaScript.wrapup(JavaScript.java:2118)&#xa;&#x9;at ptolemy.actor.Director.wrapup(Director.java:1722)&#xa;&#x9;... 19 more&#xa;Caused by: javax.script.ScriptException: Error: TrainableTest2: The input handler of this accessor was never invoked. Usually, this is an error indicating that starvation is occurring. in &lt;function&gt; at line number 393 at column number 16&#xa;&#x9;at jdk.nashorn.api.scripting.NashornScriptEngine.throwAsScriptException(NashornScriptEngine.java:470)&#xa;&#x9;at jdk.nashorn.api.scripting.NashornScriptEngine.invokeImpl(NashornScriptEngine.java:392)&#xa;&#x9;at jdk.nashorn.api.scripting.NashornScriptEngine.invokeMethod(NashornScriptEngine.java:199)&#xa;&#x9;at ptolemy.actor.lib.jjs.JavaScript._invokeMethodInContext(JavaScript.java:2200)&#xa;&#x9;... 21 more&#xa;Caused by: &lt;function&gt;:393:16 Error: TrainableTest2: The input handler of this accessor was never invoked. Usually, this is an error indicating that starvation is occurring.&#xa;&#x9;at jdk.nashorn.internal.objects.NativeError.initException(NativeError.java:137)&#xa;&#x9;at jdk.nashorn.internal.objects.NativeError.&lt;init&gt;(NativeError.java:102)&#xa;&#x9;at jdk.nashorn.internal.objects.NativeError.&lt;init&gt;(NativeError.java:106)&#xa;&#x9;at jdk.nashorn.internal.objects.NativeError.&lt;init&gt;(NativeError.java:110)&#xa;&#x9;at jdk.nashorn.internal.objects.NativeError.constructor(NativeError.java:129)&#xa;&#x9;at jdk.nashorn.internal.scripts.Script$Recompilation$17688$18524$\^function\_.L:1#wrapup(&lt;function&gt;:393)&#xa;&#x9;at jdk.nashorn.internal.scripts.Script$Recompilation$17686$30384$require.L:1#Accessor#wrapup(/home/travis/build/icyphy/ptII/ptolemy/actor/lib/jjs/external/require.js#401:30&lt;eval&gt;:675)&#xa;&#x9;at jdk.nashorn.internal.runtime.ScriptFunctionData.invoke(ScriptFunctionData.java:637)&#xa;&#x9;at jdk.nashorn.internal.runtime.ScriptFunction.invoke(ScriptFunction.java:494)&#xa;&#x9;at jdk.nashorn.internal.runtime.ScriptRuntime.apply(ScriptRuntime.java:393)&#xa;&#x9;at jdk.nashorn.api.scripting.ScriptObjectMirror.callMember(ScriptObjectMirror.java:199)&#xa;&#x9;at jdk.nashorn.api.scripting.NashornScriptEngine.invokeImpl(NashornScriptEngine.java:386)&#xa;&#x9;... 23 more&#xa;" type="junit.framework.AssertionFailedError">junit.framework.AssertionFailedError: Exporting HTML for ptolemy/actor/lib/jjs/modules/udpSocket/demo/WatchEmulator/WatchEmulator.xml failed: 
java.lang.reflect.InvocationTargetException
	at java.awt.EventQueue.invokeAndWait(EventQueue.java:1321)
	at java.awt.EventQueue.invokeAndWait(EventQueue.java:1296)
	at javax.swing.SwingUtilities.invokeAndWait(SwingUtilities.java:1348)
	at ptolemy.vergil.basic.export.ExportModel.exportModel(ExportModel.java:401)
	at ptolemy.vergil.basic.export.test.junit.ExportModelJUnitTest.RunExportModel(ExportModelJUnitTest.java:153)
	at ptolemy.vergil.basic.export.test.junit.ExportModelJUnitTestBatch.RunExportModel(ExportModelJUnitTestBatch.java:97)
	at junitparams.internal.InvokeParameterisedMethod.evaluate(InvokeParameterisedMethod.java:102)
	at junitparams.internal.ParameterisedTestMethodRunner.runMethodInvoker(ParameterisedTestMethodRunner.java:47)
	at junitparams.internal.ParameterisedTestMethodRunner.runTestMethod(ParameterisedTestMethodRunner.java:41)
	at junitparams.internal.ParameterisedTestClassRunner.runParameterisedTest(ParameterisedTestClassRunner.java:143)
	at junitparams.JUnitParamsRunner.runChild(JUnitParamsRunner.java:237)
	at junitparams.JUnitParamsRunner.runChild(JUnitParamsRunner.java:215)
Caused by: java.lang.RuntimeException: ptolemy.kernel.util.IllegalActionException: Exceptions occurred during wrapup:
ptolemy.kernel.util.IllegalActionException: Failure executing the wrapup function: Error: TrainableTest2: The input handler of this accessor was never invoked. Usually, this is an error indicating that starvation is occurring. in &lt;function&gt; at line number 393 at column number 16
  in .WatchEmulator.TrainableTest2
Because:
Error: TrainableTest2: The input handler of this accessor was never invoked. Usually, this is an error indicating that starvation is occurring. in &lt;function&gt; at line number 393 at column number 16

  in .WatchEmulator.DE Director
Because:
Failure executing the wrapup function: Error: TrainableTest2: The input handler of this accessor was never invoked. Usually, this is an error indicating that starvation is occurring. in &lt;function&gt; at line number 393 at column number 16
  in .WatchEmulator.TrainableTest2
Because:
Error: TrainableTest2: The input handler of this accessor was never invoked. Usually, this is an error indicating that starvation is occurring. in &lt;function&gt; at line number 393 at column number 16
	at ptolemy.vergil.basic.export.ExportModel$2.run(ExportModel.java:397)
	at java.awt.event.InvocationEvent.dispatch(InvocationEvent.java:301)
	at java.awt.EventQueue.dispatchEventImpl(EventQueue.java:756)
	at java.awt.EventQueue.access$500(EventQueue.java:97)
	at java.awt.EventQueue$3.run(EventQueue.java:709)
	at java.awt.EventQueue$3.run(EventQueue.java:703)
	at java.security.AccessController.doPrivileged(Native Method)
	at java.security.ProtectionDomain$JavaSecurityAccessImpl.doIntersectionPrivilege(ProtectionDomain.java:80)
	at java.awt.EventQueue.dispatchEvent(EventQueue.java:726)
	at java.awt.EventDispatchThread.pumpOneEventForFilters(EventDispatchThread.java:201)
	at java.awt.EventDispatchThread.pumpEventsForFilter(EventDispatchThread.java:116)
	at java.awt.EventDispatchThread.pumpEventsForHierarchy(EventDispatchThread.java:105)
	at java.awt.EventDispatchThread.pumpEvents(EventDispatchThread.java:101)
	at java.awt.EventDispatchThread.pumpEvents(EventDispatchThread.java:93)
	at java.awt.EventDispatchThread.run(EventDispatchThread.java:82)
Caused by: ptolemy.kernel.util.IllegalActionException: Exceptions occurred during wrapup:
ptolemy.kernel.util.IllegalActionException: Failure executing the wrapup function: Error: TrainableTest2: The input handler of this accessor was never invoked. Usually, this is an error indicating that starvation is occurring. in &lt;function&gt; at line number 393 at column number 16
  in .WatchEmulator.TrainableTest2
Because:
Error: TrainableTest2: The input handler of this accessor was never invoked. Usually, this is an error indicating that starvation is occurring. in &lt;function&gt; at line number 393 at column number 16

  in .WatchEmulator.DE Director
Because:
Failure executing the wrapup function: Error: TrainableTest2: The input handler of this accessor was never invoked. Usually, this is an error indicating that starvation is occurring. in &lt;function&gt; at line number 393 at column number 16
  in .WatchEmulator.TrainableTest2
Because:
Error: TrainableTest2: The input handler of this accessor was never invoked. Usually, this is an error indicating that starvation is occurring. in &lt;function&gt; at line number 393 at column number 16
	at ptolemy.actor.Director.wrapup(Director.java:1736)
	at ptolemy.domains.de.kernel.DEDirector.wrapup(DEDirector.java:1526)
	at ptolemy.actor.CompositeActor.wrapup(CompositeActor.java:2735)
	at ptolemy.actor.Manager.wrapup(Manager.java:1512)
	at ptolemy.actor.Manager.execute(Manager.java:407)
	at ptolemy.vergil.basic.export.ExportModel$2.run(ExportModel.java:390)
Caused by: ptolemy.kernel.util.IllegalActionException: Failure executing the wrapup function: Error: TrainableTest2: The input handler of this accessor was never invoked. Usually, this is an error indicating that starvation is occurring. in &lt;function&gt; at line number 393 at column number 16
  in .WatchEmulator.TrainableTest2
Because:
Error: TrainableTest2: The input handler of this accessor was never invoked. Usually, this is an error indicating that starvation is occurring. in &lt;function&gt; at line number 393 at column number 16
	at ptolemy.actor.lib.jjs.JavaScript._invokeMethodInContext(JavaScript.java:2223)
	at ptolemy.actor.lib.jjs.JavaScript.wrapup(JavaScript.java:2118)
	at ptolemy.actor.Director.wrapup(Director.java:1722)
Caused by: javax.script.ScriptException: Error: TrainableTest2: The input handler of this accessor was never invoked. Usually, this is an error indicating that starvation is occurring. in &lt;function&gt; at line number 393 at column number 16
	at jdk.nashorn.api.scripting.NashornScriptEngine.throwAsScriptException(NashornScriptEngine.java:470)
	at jdk.nashorn.api.scripting.NashornScriptEngine.invokeImpl(NashornScriptEngine.java:392)
	at jdk.nashorn.api.scripting.NashornScriptEngine.invokeMethod(NashornScriptEngine.java:199)
	at ptolemy.actor.lib.jjs.JavaScript._invokeMethodInContext(JavaScript.java:2200)
Caused by: &lt;function&gt;:393:16 Error: TrainableTest2: The input handler of this accessor was never invoked. Usually, this is an error indicating that starvation is occurring.
	at jdk.nashorn.internal.objects.NativeError.initException(NativeError.java:137)
	at jdk.nashorn.internal.objects.NativeError.&lt;init&gt;(NativeError.java:102)
	at jdk.nashorn.internal.objects.NativeError.&lt;init&gt;(NativeError.java:106)
	at jdk.nashorn.internal.objects.NativeError.&lt;init&gt;(NativeError.java:110)
	at jdk.nashorn.internal.objects.NativeError.constructor(NativeError.java:129)
	at jdk.nashorn.internal.scripts.Script$Recompilation$17688$18524$\^function\_.L:1#wrapup(&lt;function&gt;:393)
	at jdk.nashorn.internal.scripts.Script$Recompilation$17686$30384$require.L:1#Accessor#wrapup(/home/travis/build/icyphy/ptII/ptolemy/actor/lib/jjs/external/require.js#401:30&lt;eval&gt;:675)
	at jdk.nashorn.internal.runtime.ScriptFunctionData.invoke(ScriptFunctionData.java:637)
	at jdk.nashorn.internal.runtime.ScriptFunction.invoke(ScriptFunction.java:494)
	at jdk.nashorn.internal.runtime.ScriptRuntime.apply(ScriptRuntime.java:393)
	at jdk.nashorn.api.scripting.ScriptObjectMirror.callMember(ScriptObjectMirror.java:199)
	at jdk.nashorn.api.scripting.NashornScriptEngine.invokeImpl(NashornScriptEngine.java:386)

	at ptolemy.vergil.basic.export.test.junit.ExportModelJUnitTest.RunExportModel(ExportModelJUnitTest.java:162)
	at ptolemy.vergil.basic.export.test.junit.ExportModelJUnitTestBatch.RunExportModel(ExportModelJUnitTestBatch.java:97)
	at junitparams.internal.InvokeParameterisedMethod.evaluate(InvokeParameterisedMethod.java:102)
	at junitparams.internal.ParameterisedTestMethodRunner.runMethodInvoker(ParameterisedTestMethodRunner.java:47)
	at junitparams.internal.ParameterisedTestMethodRunner.runTestMethod(ParameterisedTestMethodRunner.java:41)
	at junitparams.internal.ParameterisedTestClassRunner.runParameterisedTest(ParameterisedTestClassRunner.java:143)
	at junitparams.JUnitParamsRunner.runChild(JUnitParamsRunner.java:237)
	at junitparams.JUnitParamsRunner.runChild(JUnitParamsRunner.java:215)
</failure>
  </testcase>
  <testcase classname="ptolemy.vergil.basic.export.test.junit.ExportModelJUnitTestBatch3" name="[19] ptolemy/actor/lib/jjs/modules/userInterface/demo/Dots/Dots.xml (RunExportModel)" time="76.89" />
  <testcase classname="ptolemy.vergil.basic.export.test.junit.ExportModelJUnitTestBatch3" name="[20] ptolemy/actor/lib/jjs/modules/userInterface/demo/HelloUserInterface/HelloUserInterface.xml (RunExportModel)" time="22.856" />
  <testcase classname="ptolemy.vergil.basic.export.test.junit.ExportModelJUnitTestBatch3" name="[21] ptolemy/actor/lib/jjs/modules/userInterface/demo/UserInterface/UserInterface.xml (RunExportModel)" time="14.181" />
  <testcase classname="ptolemy.vergil.basic.export.test.junit.ExportModelJUnitTestBatch3" name="[22] ptolemy/actor/lib/jjs/modules/userInterface/demo/UserInterface/UserInterfaceBrowser.xml (RunExportModel)" time="42.377" />
  <testcase classname="ptolemy.vergil.basic.export.test.junit.ExportModelJUnitTestBatch3" name="[23] ptolemy/actor/lib/jjs/modules/userInterface/demo/UserInterface/UserInterfaceFixedPage.xml (RunExportModel)" time="15.749" />
  <testcase classname="ptolemy.vergil.basic.export.test.junit.ExportModelJUnitTestBatch3" name="[24] ptolemy/actor/lib/jjs/modules/userInterface/demo/UserInterface/UserInterfaceInteractive.xml (RunExportModel)" time="40.086" />
  <testcase classname="ptolemy.vergil.basic.export.test.junit.ExportModelJUnitTestBatch3" name="[25] ptolemy/actor/lib/jjs/modules/userInterface/demo/UserInterface/UserInterfaceRamp.xml (RunExportModel)" time="24.175" />
  <testcase classname="ptolemy.vergil.basic.export.test.junit.ExportModelJUnitTestBatch3" name="[26] ptolemy/actor/lib/jjs/modules/userInterface/demo/UserInterface/UserInterfaceUpdate.xml (RunExportModel)" time="25.675" />
  <testcase classname="ptolemy.vergil.basic.export.test.junit.ExportModelJUnitTestBatch3" name="[27] ptolemy/actor/lib/jjs/modules/userInterface/demo/UserInterface/UserInterfaceVideo.xml (RunExportModel)" time="40.864" />
  <testcase classname="ptolemy.vergil.basic.export.test.junit.ExportModelJUnitTestBatch3" name="[28] ptolemy/actor/lib/jjs/modules/webSocket/demo/SpeakingServerListeningClient/SpeakingServerListeningClient.xml (RunExportModel)" time="17.143" />
  <testcase classname="ptolemy.vergil.basic.export.test.junit.ExportModelJUnitTestBatch3" name="[29] ptolemy/actor/lib/jjs/modules/webSocket/demo/TwoWebSockets/TwoWebSockets.xml (RunExportModel)" time="16.195" />
  <testcase classname="ptolemy.vergil.basic.export.test.junit.ExportModelJUnitTestBatch3" name="[30] ptolemy/actor/lib/jjs/modules/webSocket/demo/WebSocketChat/Client.xml (RunExportModel)" time="8.765" />
  <testcase classname="ptolemy.vergil.basic.export.test.junit.ExportModelJUnitTestBatch3" name="[31] ptolemy/actor/lib/jjs/modules/webSocket/demo/WebSocketChat/SecureClient.xml (RunExportModel)" time="9.044" />
  <testcase classname="ptolemy.vergil.basic.export.test.junit.ExportModelJUnitTestBatch3" name="[32] ptolemy/actor/lib/jjs/modules/webSocket/demo/WebSocketChat/SecureServer.xml (RunExportModel)" time="40.033" />
  <testcase classname="ptolemy.vergil.basic.export.test.junit.ExportModelJUnitTestBatch3" name="[33] ptolemy/actor/lib/jjs/modules/webSocket/demo/WebSocketChat/Server.xml (RunExportModel)" time="39.744" />
  <testcase classname="ptolemy.vergil.basic.export.test.junit.ExportModelJUnitTestBatch3" name="[34] ptolemy/actor/lib/jjs/modules/webSocket/demo/WebSocketChat/WebSocketChat.xml (RunExportModel)" time="8.142" />
  <testcase classname="ptolemy.vergil.basic.export.test.junit.ExportModelJUnitTestBatch3" name="[35] ptolemy/actor/lib/jjs/modules/webSocket/demo/WebSocketClient/WebSocketClient.xml (RunExportModel)" time="8.875" />
  <testcase classname="ptolemy.vergil.basic.export.test.junit.ExportModelJUnitTestBatch3" name="[36] ptolemy/actor/lib/jjs/modules/webSocket/demo/WebSocketClient/WebSocketServer.xml (RunExportModel)" time="40.408" />
  <testcase classname="ptolemy.vergil.basic.export.test.junit.ExportModelJUnitTestBatch3" name="[37] ptolemy/actor/lib/jjs/modules/webSocket/demo/WebSocketFullDuplex/WebSocketFullDuplex.xml (RunExportModel)" time="13.434" />
  <testcase classname="ptolemy.vergil.basic.export.test.junit.ExportModelJUnitTestBatch3" name="[38] ptolemy/actor/lib/jjs/modules/webSocket/demo/WebSocketGraph/WebSocketGraph.xml (RunExportModel)" time="44.272" />
  <testcase classname="ptolemy.vergil.basic.export.test.junit.ExportModelJUnitTestBatch3" name="[39] ptolemy/actor/lib/jjs/modules/webSocket/demo/WebSocketImage/WebSocketImage.xml (RunExportModel)" time="41.946" />
  <testcase classname="ptolemy.vergil.basic.export.test.junit.ExportModelJUnitTestBatch3" name="[40] ptolemy/actor/lib/jjs/modules/webSocket/demo/WebSocketLog/WebSocketLog.xml (RunExportModel)" time="25.086" />
  <testcase classname="ptolemy.vergil.basic.export.test.junit.ExportModelJUnitTestBatch3" name="[41] ptolemy/actor/lib/jjs/modules/webSocket/demo/WebSocketsServerClient/WebSocketsServerClient.xml (RunExportModel)" time="22.938" />
  <testcase classname="ptolemy.vergil.basic.export.test.junit.ExportModelJUnitTestBatch3" name="[42] ptolemy/actor/lib/jjs/modules/xbee/demo/XBeeHelloWorld/XBeeDataTypes.xml (RunExportModel)" time="9.541" />
  <testcase classname="ptolemy.vergil.basic.export.test.junit.ExportModelJUnitTestBatch3" name="[43] ptolemy/actor/lib/jjs/modules/xbee/demo/XBeeHelloWorld/XBeeHelloWorld.xml (RunExportModel)" time="9.922" />
  <testcase classname="ptolemy.vergil.basic.export.test.junit.ExportModelJUnitTestBatch3" name="[44] ptolemy/actor/lib/jmf/demo/JMFJAI/JMFJAI.xml (RunExportModel)" time="3.208" />
  <testcase classname="ptolemy.vergil.basic.export.test.junit.ExportModelJUnitTestBatch3" name="[45] ptolemy/actor/lib/jmf/demo/VideoCapture/VideoCapture.xml (RunExportModel)" time="3.178" />
  <testcase classname="ptolemy.vergil.basic.export.test.junit.ExportModelJUnitTestBatch3" name="[46] ptolemy/actor/lib/mail/demo/ExceptionEmailer/ExceptionEmailer.xml (RunExportModel)" time="4.23" />
  <testcase classname="ptolemy.vergil.basic.export.test.junit.ExportModelJUnitTestBatch3" name="[47] ptolemy/actor/lib/mail/demo/SendMail/SendMail.xml (RunExportModel)" time="4.199" />
  <testcase classname="ptolemy.vergil.basic.export.test.junit.ExportModelJUnitTestBatch3" name="[48] ptolemy/actor/lib/python/demo/Ptolemnizer/Ptolemnizer.xml (RunExportModel)" time="6.672" />
  <testcase classname="ptolemy.vergil.basic.export.test.junit.ExportModelJUnitTestBatch3" name="[49] ptolemy/actor/lib/python/demo/PythonScale/PythonScale.xml (RunExportModel)" time="4.471" />
  <testcase classname="ptolemy.vergil.basic.export.test.junit.ExportModelJUnitTestBatch3" name="[50] ptolemy/actor/lib/python/demo/RecordManipulation/RecordManipulation.xml (RunExportModel)" time="3.291" />
  <testcase classname="ptolemy.vergil.basic.export.test.junit.ExportModelJUnitTestBatch3" name="[51] ptolemy/actor/lib/r/demo/R3DPlot/R3DPlot.xml (RunExportModel)" time="3.282" />
  <testcase classname="ptolemy.vergil.basic.export.test.junit.ExportModelJUnitTestBatch3" name="[52] ptolemy/actor/lib/r/demo/RRecordToDataframe/RRecordToDataframe.xml (RunExportModel)" time="3.164" />
  <testcase classname="ptolemy.vergil.basic.export.test.junit.ExportModelJUnitTestBatch3" name="[53] ptolemy/actor/lib/security/demo/Signature/Signature.xml (RunExportModel)" time="3.371" />
  <testcase classname="ptolemy.vergil.basic.export.test.junit.ExportModelJUnitTestBatch3" name="[54] ptolemy/actor/lib/video/demo/DCT2x2dc/DCT2x2dc.xml (RunExportModel)" time="4.254" />
  <testcase classname="ptolemy.vergil.basic.export.test.junit.ExportModelJUnitTestBatch3" name="[55] ptolemy/actor/lib/video/demo/DCT4x4dc/DCT4x4dc.xml (RunExportModel)" time="4.239" />
  <testcase classname="ptolemy.vergil.basic.export.test.junit.ExportModelJUnitTestBatch3" name="[56] ptolemy/actor/lib/video/demo/DCT8x8/DCT8x8.xml (RunExportModel)" time="4.313" />
  <testcase classname="ptolemy.vergil.basic.export.test.junit.ExportModelJUnitTestBatch3" name="[57] ptolemy/actor/lib/xslt/demo/MoMLFileTransformation/MoMLFileTransformation.xml (RunExportModel)" time="4.867" />
  <testcase classname="ptolemy.vergil.basic.export.test.junit.ExportModelJUnitTestBatch3" name="[58] ptolemy/actor/lib/xslt/demo/XMLInclusion/XMLInclusion.xml (RunExportModel)" time="4.223" />
  <testcase classname="ptolemy.vergil.basic.export.test.junit.ExportModelJUnitTestBatch3" name="[59] ptolemy/actor/parameters/demo/Bouncer/Bouncer.xml (RunExportModel)" time="14.317" />
  <testcase classname="ptolemy.vergil.basic.export.test.junit.ExportModelJUnitTestBatch3" name="[60] ptolemy/actor/parameters/demo/SliderParameter/SliderParameter.xml (RunExportModel)" time="34.319" />
  <testcase classname="ptolemy.vergil.basic.export.test.junit.ExportModelJUnitTestBatch3" name="[61] ptolemy/actor/ptalon/demo/CruiseControl/CruiseControl.xml (RunExportModel)" time="4.501" />
  <testcase classname="ptolemy.vergil.basic.export.test.junit.ExportModelJUnitTestBatch3" name="[62] ptolemy/actor/ptalon/demo/EightChannelFFT/EightChannelFFT.xml (RunExportModel)" time="5.212" />
  <testcase classname="ptolemy.vergil.basic.export.test.junit.ExportModelJUnitTestBatch3" name="[63] ptolemy/actor/ptalon/demo/GameOfLife/GameOfLife.xml (RunExportModel)" time="34.757" />
  <testcase classname="ptolemy.vergil.basic.export.test.junit.ExportModelJUnitTestBatch3" name="[64] ptolemy/actor/ptalon/demo/MapReduce/MapReduce.xml (RunExportModel)" time="4.985" />
  <testcase classname="ptolemy.vergil.basic.export.test.junit.ExportModelJUnitTestBatch3" name="[65] ptolemy/actor/ptalon/demo/ModelChange/ModelChange.xml (RunExportModel)" time="4.225" />
  <testcase classname="ptolemy.vergil.basic.export.test.junit.ExportModelJUnitTestBatch3" name="[66] ptolemy/actor/ptalon/demo/ptinyos/SendAndReceiveCnt/SendAndReceiveCnt.xml (RunExportModel)" time="1.508">
    <failure message="Exporting HTML for ptolemy/actor/ptalon/demo/ptinyos/SendAndReceiveCnt/SendAndReceiveCnt.xml failed: &#xa;java.lang.reflect.InvocationTargetException&#xa;&#x9;at java.awt.EventQueue.invokeAndWait(EventQueue.java:1321)&#xa;&#x9;at java.awt.EventQueue.invokeAndWait(EventQueue.java:1296)&#xa;&#x9;at javax.swing.SwingUtilities.invokeAndWait(SwingUtilities.java:1348)&#xa;&#x9;at ptolemy.vergil.basic.export.ExportModel.exportModel(ExportModel.java:227)&#xa;&#x9;at ptolemy.vergil.basic.export.test.junit.ExportModelJUnitTest.RunExportModel(ExportModelJUnitTest.java:153)&#xa;&#x9;at ptolemy.vergil.basic.export.test.junit.ExportModelJUnitTestBatch.RunExportModel(ExportModelJUnitTestBatch.java:97)&#xa;&#x9;at sun.reflect.GeneratedMethodAccessor18.invoke(Unknown Source)&#xa;&#x9;at sun.reflect.DelegatingMethodAccessorImpl.invoke(DelegatingMethodAccessorImpl.java:43)&#xa;&#x9;at java.lang.reflect.Method.invoke(Method.java:498)&#xa;&#x9;at org.junit.runners.model.FrameworkMethod$1.runReflectiveCall(FrameworkMethod.java:44)&#xa;&#x9;at org.junit.internal.runners.model.ReflectiveCallable.run(ReflectiveCallable.java:15)&#xa;&#x9;at org.junit.runners.model.FrameworkMethod.invokeExplosively(FrameworkMethod.java:41)&#xa;&#x9;at junitparams.internal.InvokeParameterisedMethod.evaluate(InvokeParameterisedMethod.java:102)&#xa;&#x9;at junitparams.internal.ParameterisedTestMethodRunner.runMethodInvoker(ParameterisedTestMethodRunner.java:47)&#xa;&#x9;at junitparams.internal.ParameterisedTestMethodRunner.runTestMethod(ParameterisedTestMethodRunner.java:41)&#xa;&#x9;at junitparams.internal.ParameterisedTestClassRunner.runParameterisedTest(ParameterisedTestClassRunner.java:143)&#xa;&#x9;at junitparams.JUnitParamsRunner.runChild(JUnitParamsRunner.java:237)&#xa;&#x9;at junitparams.JUnitParamsRunner.runChild(JUnitParamsRunner.java:215)&#xa;&#x9;at org.junit.runners.ParentRunner$3.run(ParentRunner.java:193)&#xa;&#x9;at org.junit.runners.ParentRunner$1.schedule(ParentRunner.java:52)&#xa;&#x9;at org.junit.runners.ParentRunner.runChildren(ParentRunner.java:191)&#xa;&#x9;at org.junit.runners.ParentRunner.access$000(ParentRunner.java:42)&#xa;&#x9;at org.junit.runners.ParentRunner$2.evaluate(ParentRunner.java:184)&#xa;&#x9;at org.junit.runners.ParentRunner.run(ParentRunner.java:236)&#xa;&#x9;at junit.framework.JUnit4TestAdapter.run(JUnit4TestAdapter.java:39)&#xa;&#x9;at org.apache.tools.ant.taskdefs.optional.junit.JUnitTestRunner.run(JUnitTestRunner.java:535)&#xa;&#x9;at org.apache.tools.ant.taskdefs.optional.junit.JUnitTestRunner.launch(JUnitTestRunner.java:1182)&#xa;&#x9;at org.apache.tools.ant.taskdefs.optional.junit.JUnitTestRunner.main(JUnitTestRunner.java:1033)&#xa;Caused by: java.lang.RuntimeException: ptolemy.kernel.util.InternalErrorException: Failed to get the model directory? This can happen in a headless environment when the model attempts to interact with the graphical display.  It can also happen when the model fails to parse because of a missing class.&#xa;&#x9;at ptolemy.vergil.basic.export.ExportModel$1.run(ExportModel.java:223)&#xa;&#x9;at java.awt.event.InvocationEvent.dispatch(InvocationEvent.java:301)&#xa;&#x9;at java.awt.EventQueue.dispatchEventImpl(EventQueue.java:756)&#xa;&#x9;at java.awt.EventQueue.access$500(EventQueue.java:97)&#xa;&#x9;at java.awt.EventQueue$3.run(EventQueue.java:709)&#xa;&#x9;at java.awt.EventQueue$3.run(EventQueue.java:703)&#xa;&#x9;at java.security.AccessController.doPrivileged(Native Method)&#xa;&#x9;at java.security.ProtectionDomain$JavaSecurityAccessImpl.doIntersectionPrivilege(ProtectionDomain.java:80)&#xa;&#x9;at java.awt.EventQueue.dispatchEvent(EventQueue.java:726)&#xa;&#x9;at java.awt.EventDispatchThread.pumpOneEventForFilters(EventDispatchThread.java:201)&#xa;&#x9;at java.awt.EventDispatchThread.pumpEventsForFilter(EventDispatchThread.java:116)&#xa;&#x9;at java.awt.EventDispatchThread.pumpEventsForHierarchy(EventDispatchThread.java:105)&#xa;&#x9;at java.awt.EventDispatchThread.pumpEvents(EventDispatchThread.java:101)&#xa;&#x9;at java.awt.EventDispatchThread.pumpEvents(EventDispatchThread.java:93)&#xa;&#x9;at java.awt.EventDispatchThread.run(EventDispatchThread.java:82)&#xa;Caused by: ptolemy.kernel.util.InternalErrorException: Failed to get the model directory? This can happen in a headless environment when the model attempts to interact with the graphical display.  It can also happen when the model fails to parse because of a missing class.&#xa;&#x9;at ptolemy.actor.gui.ConfigurationApplication.models(ConfigurationApplication.java:548)&#xa;&#x9;at ptolemy.actor.gui.ConfigurationApplication.openModelOrEntity(ConfigurationApplication.java:698)&#xa;&#x9;at ptolemy.vergil.basic.export.ExportModel$1.run(ExportModel.java:220)&#xa;&#x9;... 14 more&#xa;" type="junit.framework.AssertionFailedError">junit.framework.AssertionFailedError: Exporting HTML for ptolemy/actor/ptalon/demo/ptinyos/SendAndReceiveCnt/SendAndReceiveCnt.xml failed: 
java.lang.reflect.InvocationTargetException
	at java.awt.EventQueue.invokeAndWait(EventQueue.java:1321)
	at java.awt.EventQueue.invokeAndWait(EventQueue.java:1296)
	at javax.swing.SwingUtilities.invokeAndWait(SwingUtilities.java:1348)
	at ptolemy.vergil.basic.export.ExportModel.exportModel(ExportModel.java:227)
	at ptolemy.vergil.basic.export.test.junit.ExportModelJUnitTest.RunExportModel(ExportModelJUnitTest.java:153)
	at ptolemy.vergil.basic.export.test.junit.ExportModelJUnitTestBatch.RunExportModel(ExportModelJUnitTestBatch.java:97)
	at junitparams.internal.InvokeParameterisedMethod.evaluate(InvokeParameterisedMethod.java:102)
	at junitparams.internal.ParameterisedTestMethodRunner.runMethodInvoker(ParameterisedTestMethodRunner.java:47)
	at junitparams.internal.ParameterisedTestMethodRunner.runTestMethod(ParameterisedTestMethodRunner.java:41)
	at junitparams.internal.ParameterisedTestClassRunner.runParameterisedTest(ParameterisedTestClassRunner.java:143)
	at junitparams.JUnitParamsRunner.runChild(JUnitParamsRunner.java:237)
	at junitparams.JUnitParamsRunner.runChild(JUnitParamsRunner.java:215)
Caused by: java.lang.RuntimeException: ptolemy.kernel.util.InternalErrorException: Failed to get the model directory? This can happen in a headless environment when the model attempts to interact with the graphical display.  It can also happen when the model fails to parse because of a missing class.
	at ptolemy.vergil.basic.export.ExportModel$1.run(ExportModel.java:223)
	at java.awt.event.InvocationEvent.dispatch(InvocationEvent.java:301)
	at java.awt.EventQueue.dispatchEventImpl(EventQueue.java:756)
	at java.awt.EventQueue.access$500(EventQueue.java:97)
	at java.awt.EventQueue$3.run(EventQueue.java:709)
	at java.awt.EventQueue$3.run(EventQueue.java:703)
	at java.security.AccessController.doPrivileged(Native Method)
	at java.security.ProtectionDomain$JavaSecurityAccessImpl.doIntersectionPrivilege(ProtectionDomain.java:80)
	at java.awt.EventQueue.dispatchEvent(EventQueue.java:726)
	at java.awt.EventDispatchThread.pumpOneEventForFilters(EventDispatchThread.java:201)
	at java.awt.EventDispatchThread.pumpEventsForFilter(EventDispatchThread.java:116)
	at java.awt.EventDispatchThread.pumpEventsForHierarchy(EventDispatchThread.java:105)
	at java.awt.EventDispatchThread.pumpEvents(EventDispatchThread.java:101)
	at java.awt.EventDispatchThread.pumpEvents(EventDispatchThread.java:93)
	at java.awt.EventDispatchThread.run(EventDispatchThread.java:82)
Caused by: ptolemy.kernel.util.InternalErrorException: Failed to get the model directory? This can happen in a headless environment when the model attempts to interact with the graphical display.  It can also happen when the model fails to parse because of a missing class.
	at ptolemy.actor.gui.ConfigurationApplication.models(ConfigurationApplication.java:548)
	at ptolemy.actor.gui.ConfigurationApplication.openModelOrEntity(ConfigurationApplication.java:698)
	at ptolemy.vergil.basic.export.ExportModel$1.run(ExportModel.java:220)

	at ptolemy.vergil.basic.export.test.junit.ExportModelJUnitTest.RunExportModel(ExportModelJUnitTest.java:162)
	at ptolemy.vergil.basic.export.test.junit.ExportModelJUnitTestBatch.RunExportModel(ExportModelJUnitTestBatch.java:97)
	at junitparams.internal.InvokeParameterisedMethod.evaluate(InvokeParameterisedMethod.java:102)
	at junitparams.internal.ParameterisedTestMethodRunner.runMethodInvoker(ParameterisedTestMethodRunner.java:47)
	at junitparams.internal.ParameterisedTestMethodRunner.runTestMethod(ParameterisedTestMethodRunner.java:41)
	at junitparams.internal.ParameterisedTestClassRunner.runParameterisedTest(ParameterisedTestClassRunner.java:143)
	at junitparams.JUnitParamsRunner.runChild(JUnitParamsRunner.java:237)
	at junitparams.JUnitParamsRunner.runChild(JUnitParamsRunner.java:215)
</failure>
  </testcase>
  <testcase classname="ptolemy.vergil.basic.export.test.junit.ExportModelJUnitTestBatch3" name="[67] ptolemy/actor/ptalon/demo/ptinyos/SenseToLeds/SenseToLeds.xml (RunExportModel)" time="1.15">
    <failure message="Exporting HTML for ptolemy/actor/ptalon/demo/ptinyos/SenseToLeds/SenseToLeds.xml failed: &#xa;java.lang.reflect.InvocationTargetException&#xa;&#x9;at java.awt.EventQueue.invokeAndWait(EventQueue.java:1321)&#xa;&#x9;at java.awt.EventQueue.invokeAndWait(EventQueue.java:1296)&#xa;&#x9;at javax.swing.SwingUtilities.invokeAndWait(SwingUtilities.java:1348)&#xa;&#x9;at ptolemy.vergil.basic.export.ExportModel.exportModel(ExportModel.java:227)&#xa;&#x9;at ptolemy.vergil.basic.export.test.junit.ExportModelJUnitTest.RunExportModel(ExportModelJUnitTest.java:153)&#xa;&#x9;at ptolemy.vergil.basic.export.test.junit.ExportModelJUnitTestBatch.RunExportModel(ExportModelJUnitTestBatch.java:97)&#xa;&#x9;at sun.reflect.GeneratedMethodAccessor18.invoke(Unknown Source)&#xa;&#x9;at sun.reflect.DelegatingMethodAccessorImpl.invoke(DelegatingMethodAccessorImpl.java:43)&#xa;&#x9;at java.lang.reflect.Method.invoke(Method.java:498)&#xa;&#x9;at org.junit.runners.model.FrameworkMethod$1.runReflectiveCall(FrameworkMethod.java:44)&#xa;&#x9;at org.junit.internal.runners.model.ReflectiveCallable.run(ReflectiveCallable.java:15)&#xa;&#x9;at org.junit.runners.model.FrameworkMethod.invokeExplosively(FrameworkMethod.java:41)&#xa;&#x9;at junitparams.internal.InvokeParameterisedMethod.evaluate(InvokeParameterisedMethod.java:102)&#xa;&#x9;at junitparams.internal.ParameterisedTestMethodRunner.runMethodInvoker(ParameterisedTestMethodRunner.java:47)&#xa;&#x9;at junitparams.internal.ParameterisedTestMethodRunner.runTestMethod(ParameterisedTestMethodRunner.java:41)&#xa;&#x9;at junitparams.internal.ParameterisedTestClassRunner.runParameterisedTest(ParameterisedTestClassRunner.java:143)&#xa;&#x9;at junitparams.JUnitParamsRunner.runChild(JUnitParamsRunner.java:237)&#xa;&#x9;at junitparams.JUnitParamsRunner.runChild(JUnitParamsRunner.java:215)&#xa;&#x9;at org.junit.runners.ParentRunner$3.run(ParentRunner.java:193)&#xa;&#x9;at org.junit.runners.ParentRunner$1.schedule(ParentRunner.java:52)&#xa;&#x9;at org.junit.runners.ParentRunner.runChildren(ParentRunner.java:191)&#xa;&#x9;at org.junit.runners.ParentRunner.access$000(ParentRunner.java:42)&#xa;&#x9;at org.junit.runners.ParentRunner$2.evaluate(ParentRunner.java:184)&#xa;&#x9;at org.junit.runners.ParentRunner.run(ParentRunner.java:236)&#xa;&#x9;at junit.framework.JUnit4TestAdapter.run(JUnit4TestAdapter.java:39)&#xa;&#x9;at org.apache.tools.ant.taskdefs.optional.junit.JUnitTestRunner.run(JUnitTestRunner.java:535)&#xa;&#x9;at org.apache.tools.ant.taskdefs.optional.junit.JUnitTestRunner.launch(JUnitTestRunner.java:1182)&#xa;&#x9;at org.apache.tools.ant.taskdefs.optional.junit.JUnitTestRunner.main(JUnitTestRunner.java:1033)&#xa;Caused by: java.lang.RuntimeException: ptolemy.kernel.util.InternalErrorException: Failed to get the model directory? This can happen in a headless environment when the model attempts to interact with the graphical display.  It can also happen when the model fails to parse because of a missing class.&#xa;&#x9;at ptolemy.vergil.basic.export.ExportModel$1.run(ExportModel.java:223)&#xa;&#x9;at java.awt.event.InvocationEvent.dispatch(InvocationEvent.java:301)&#xa;&#x9;at java.awt.EventQueue.dispatchEventImpl(EventQueue.java:756)&#xa;&#x9;at java.awt.EventQueue.access$500(EventQueue.java:97)&#xa;&#x9;at java.awt.EventQueue$3.run(EventQueue.java:709)&#xa;&#x9;at java.awt.EventQueue$3.run(EventQueue.java:703)&#xa;&#x9;at java.security.AccessController.doPrivileged(Native Method)&#xa;&#x9;at java.security.ProtectionDomain$JavaSecurityAccessImpl.doIntersectionPrivilege(ProtectionDomain.java:80)&#xa;&#x9;at java.awt.EventQueue.dispatchEvent(EventQueue.java:726)&#xa;&#x9;at java.awt.EventDispatchThread.pumpOneEventForFilters(EventDispatchThread.java:201)&#xa;&#x9;at java.awt.EventDispatchThread.pumpEventsForFilter(EventDispatchThread.java:116)&#xa;&#x9;at java.awt.EventDispatchThread.pumpEventsForHierarchy(EventDispatchThread.java:105)&#xa;&#x9;at java.awt.EventDispatchThread.pumpEvents(EventDispatchThread.java:101)&#xa;&#x9;at java.awt.EventDispatchThread.pumpEvents(EventDispatchThread.java:93)&#xa;&#x9;at java.awt.EventDispatchThread.run(EventDispatchThread.java:82)&#xa;Caused by: ptolemy.kernel.util.InternalErrorException: Failed to get the model directory? This can happen in a headless environment when the model attempts to interact with the graphical display.  It can also happen when the model fails to parse because of a missing class.&#xa;&#x9;at ptolemy.actor.gui.ConfigurationApplication.models(ConfigurationApplication.java:548)&#xa;&#x9;at ptolemy.actor.gui.ConfigurationApplication.openModelOrEntity(ConfigurationApplication.java:698)&#xa;&#x9;at ptolemy.vergil.basic.export.ExportModel$1.run(ExportModel.java:220)&#xa;&#x9;... 14 more&#xa;" type="junit.framework.AssertionFailedError">junit.framework.AssertionFailedError: Exporting HTML for ptolemy/actor/ptalon/demo/ptinyos/SenseToLeds/SenseToLeds.xml failed: 
java.lang.reflect.InvocationTargetException
	at java.awt.EventQueue.invokeAndWait(EventQueue.java:1321)
	at java.awt.EventQueue.invokeAndWait(EventQueue.java:1296)
	at javax.swing.SwingUtilities.invokeAndWait(SwingUtilities.java:1348)
	at ptolemy.vergil.basic.export.ExportModel.exportModel(ExportModel.java:227)
	at ptolemy.vergil.basic.export.test.junit.ExportModelJUnitTest.RunExportModel(ExportModelJUnitTest.java:153)
	at ptolemy.vergil.basic.export.test.junit.ExportModelJUnitTestBatch.RunExportModel(ExportModelJUnitTestBatch.java:97)
	at junitparams.internal.InvokeParameterisedMethod.evaluate(InvokeParameterisedMethod.java:102)
	at junitparams.internal.ParameterisedTestMethodRunner.runMethodInvoker(ParameterisedTestMethodRunner.java:47)
	at junitparams.internal.ParameterisedTestMethodRunner.runTestMethod(ParameterisedTestMethodRunner.java:41)
	at junitparams.internal.ParameterisedTestClassRunner.runParameterisedTest(ParameterisedTestClassRunner.java:143)
	at junitparams.JUnitParamsRunner.runChild(JUnitParamsRunner.java:237)
	at junitparams.JUnitParamsRunner.runChild(JUnitParamsRunner.java:215)
Caused by: java.lang.RuntimeException: ptolemy.kernel.util.InternalErrorException: Failed to get the model directory? This can happen in a headless environment when the model attempts to interact with the graphical display.  It can also happen when the model fails to parse because of a missing class.
	at ptolemy.vergil.basic.export.ExportModel$1.run(ExportModel.java:223)
	at java.awt.event.InvocationEvent.dispatch(InvocationEvent.java:301)
	at java.awt.EventQueue.dispatchEventImpl(EventQueue.java:756)
	at java.awt.EventQueue.access$500(EventQueue.java:97)
	at java.awt.EventQueue$3.run(EventQueue.java:709)
	at java.awt.EventQueue$3.run(EventQueue.java:703)
	at java.security.AccessController.doPrivileged(Native Method)
	at java.security.ProtectionDomain$JavaSecurityAccessImpl.doIntersectionPrivilege(ProtectionDomain.java:80)
	at java.awt.EventQueue.dispatchEvent(EventQueue.java:726)
	at java.awt.EventDispatchThread.pumpOneEventForFilters(EventDispatchThread.java:201)
	at java.awt.EventDispatchThread.pumpEventsForFilter(EventDispatchThread.java:116)
	at java.awt.EventDispatchThread.pumpEventsForHierarchy(EventDispatchThread.java:105)
	at java.awt.EventDispatchThread.pumpEvents(EventDispatchThread.java:101)
	at java.awt.EventDispatchThread.pumpEvents(EventDispatchThread.java:93)
	at java.awt.EventDispatchThread.run(EventDispatchThread.java:82)
Caused by: ptolemy.kernel.util.InternalErrorException: Failed to get the model directory? This can happen in a headless environment when the model attempts to interact with the graphical display.  It can also happen when the model fails to parse because of a missing class.
	at ptolemy.actor.gui.ConfigurationApplication.models(ConfigurationApplication.java:548)
	at ptolemy.actor.gui.ConfigurationApplication.openModelOrEntity(ConfigurationApplication.java:698)
	at ptolemy.vergil.basic.export.ExportModel$1.run(ExportModel.java:220)

	at ptolemy.vergil.basic.export.test.junit.ExportModelJUnitTest.RunExportModel(ExportModelJUnitTest.java:162)
	at ptolemy.vergil.basic.export.test.junit.ExportModelJUnitTestBatch.RunExportModel(ExportModelJUnitTestBatch.java:97)
	at junitparams.internal.InvokeParameterisedMethod.evaluate(InvokeParameterisedMethod.java:102)
	at junitparams.internal.ParameterisedTestMethodRunner.runMethodInvoker(ParameterisedTestMethodRunner.java:47)
	at junitparams.internal.ParameterisedTestMethodRunner.runTestMethod(ParameterisedTestMethodRunner.java:41)
	at junitparams.internal.ParameterisedTestClassRunner.runParameterisedTest(ParameterisedTestClassRunner.java:143)
	at junitparams.JUnitParamsRunner.runChild(JUnitParamsRunner.java:237)
	at junitparams.JUnitParamsRunner.runChild(JUnitParamsRunner.java:215)
</failure>
  </testcase>
  <testcase classname="ptolemy.vergil.basic.export.test.junit.ExportModelJUnitTestBatch3" name="[68] ptolemy/actor/ptalon/demo/SmallWorld/ParameterSweepSmallWorldFSM.xml (RunExportModel)" time="35.485" />
  <testcase classname="ptolemy.vergil.basic.export.test.junit.ExportModelJUnitTestBatch3" name="[69] ptolemy/actor/ptalon/demo/SmallWorld/ParameterSweepSmallWorldSDF.xml (RunExportModel)" time="6.131" />
  <system-out><![CDATA[ExportModeJUnitTestBatch: There are 754 demos. Exporting demos: 221 to 290.
####### 1 Sat May 19 01:57:15 UTC 2018 $PTII/bin/ptinvoke ptolemy.vergil.basic.export.ExportModel -force htm -run -openComposites -timeOut 30000 -whiteBackground ptolemy/actor/lib/jjs/modules/iotAuth/demo/SecurePubSub/SecurePubSub.xml $PTII/ptolemy/actor/lib/jjs/modules/iotAuth/demo/SecurePubSub/SecurePubSub
----------------- Sat May 19 01:57:15 UTC 2018 About to sleep for 5.0 seconds before running or rerunning.  Test is: /home/travis/build/icyphy/ptII/ptolemy/actor/lib/jjs/modules/iotAuth/demo/SecurePubSub/SecurePubSub.xml
Done sleeping
JSAccessor: PT_NO_NET environment variable is set, so git pull and ptdoc are not being run.
Running .SecurePubSub
13385 ms. Memory: 390656K Free: 170728K (44%)
Exported /home/travis/build/icyphy/ptII/ptolemy/actor/lib/jjs/modules/iotAuth/demo/SecurePubSub/SecurePubSub/index.html
26265 ms. Memory: 390656K Free: 108756K (28%)
####### 2 Sat May 19 01:57:47 UTC 2018 $PTII/bin/ptinvoke ptolemy.vergil.basic.export.ExportModel -force htm -run -openComposites -timeOut 30000 -whiteBackground ptolemy/actor/lib/jjs/modules/localStorage/demo/LocalStorage/LocalStorage.xml $PTII/ptolemy/actor/lib/jjs/modules/localStorage/demo/LocalStorage/LocalStorage
----------------- Sat May 19 01:57:47 UTC 2018 About to sleep for 5.0 seconds before running or rerunning.  Test is: /home/travis/build/icyphy/ptII/ptolemy/actor/lib/jjs/modules/localStorage/demo/LocalStorage/LocalStorage.xml
Done sleeping
Running .LocalStorage
1397 ms. Memory: 508416K Free: 463046K (91%)
Exported /home/travis/build/icyphy/ptII/ptolemy/actor/lib/jjs/modules/localStorage/demo/LocalStorage/LocalStorage/index.html
6258 ms. Memory: 508416K Free: 432100K (85%)
####### 3 Sat May 19 01:57:58 UTC 2018 $PTII/bin/ptinvoke ptolemy.vergil.basic.export.ExportModel -force htm -run -openComposites -timeOut 30000 -whiteBackground ptolemy/actor/lib/jjs/modules/mqtt/demo/MQTTPubSub/MQTTPubSub.xml $PTII/ptolemy/actor/lib/jjs/modules/mqtt/demo/MQTTPubSub/MQTTPubSub
----------------- Sat May 19 01:57:58 UTC 2018 About to sleep for 5.0 seconds before running or rerunning.  Test is: /home/travis/build/icyphy/ptII/ptolemy/actor/lib/jjs/modules/mqtt/demo/MQTTPubSub/MQTTPubSub.xml
Done sleeping
Running .MQTTPubSub
12268 ms. Memory: 638976K Free: 534418K (84%)
Exported /home/travis/build/icyphy/ptII/ptolemy/actor/lib/jjs/modules/mqtt/demo/MQTTPubSub/MQTTPubSub/index.html
18131 ms. Memory: 638976K Free: 503746K (79%)
####### 4 Sat May 19 01:58:21 UTC 2018 $PTII/bin/ptinvoke ptolemy.vergil.basic.export.ExportModel -force htm -run -openComposites -timeOut 30000 -whiteBackground ptolemy/actor/lib/jjs/modules/socket/demo/SecureSocket/SecureSocket.xml $PTII/ptolemy/actor/lib/jjs/modules/socket/demo/SecureSocket/SecureSocket
----------------- Sat May 19 01:58:21 UTC 2018 About to sleep for 5.0 seconds before running or rerunning.  Test is: /home/travis/build/icyphy/ptII/ptolemy/actor/lib/jjs/modules/socket/demo/SecureSocket/SecureSocket.xml
Done sleeping
Running .SecureSocket
12674 ms. Memory: 834560K Free: 375607K (45%)
Exported /home/travis/build/icyphy/ptII/ptolemy/actor/lib/jjs/modules/socket/demo/SecureSocket/SecureSocket/index.html
17774 ms. Memory: 834560K Free: 328745K (39%)
####### 5 Sat May 19 01:58:44 UTC 2018 $PTII/bin/ptinvoke ptolemy.vergil.basic.export.ExportModel -force htm -run -openComposites -timeOut 30000 -whiteBackground ptolemy/actor/lib/jjs/modules/socket/demo/SocketDoubleArrayBatched/SocketDoubleArrayBatched.xml $PTII/ptolemy/actor/lib/jjs/modules/socket/demo/SocketDoubleArrayBatched/SocketDoubleArrayBatched
----------------- Sat May 19 01:58:44 UTC 2018 About to sleep for 5.0 seconds before running or rerunning.  Test is: /home/travis/build/icyphy/ptII/ptolemy/actor/lib/jjs/modules/socket/demo/SocketDoubleArrayBatched/SocketDoubleArrayBatched.xml
Done sleeping
Running .SocketDoubleArrayBatched
3862 ms. Memory: 850432K Free: 160257K (19%)
Exported /home/travis/build/icyphy/ptII/ptolemy/actor/lib/jjs/modules/socket/demo/SocketDoubleArrayBatched/SocketDoubleArrayBatched/index.html
9086 ms. Memory: 850432K Free: 123812K (15%)
####### 6 Sat May 19 01:58:58 UTC 2018 $PTII/bin/ptinvoke ptolemy.vergil.basic.export.ExportModel -force htm -run -openComposites -timeOut 30000 -whiteBackground ptolemy/actor/lib/jjs/modules/socket/demo/SocketImage/SocketImage.xml $PTII/ptolemy/actor/lib/jjs/modules/socket/demo/SocketImage/SocketImage
----------------- Sat May 19 01:58:58 UTC 2018 About to sleep for 5.0 seconds before running or rerunning.  Test is: /home/travis/build/icyphy/ptII/ptolemy/actor/lib/jjs/modules/socket/demo/SocketImage/SocketImage.xml
Done sleeping
No physical cameras found, using WebcamDummyDriver.
Running .SocketImage
23314 ms. Memory: 1204736K Free: 760829K (63%)
Exported /home/travis/build/icyphy/ptII/ptolemy/actor/lib/jjs/modules/socket/demo/SocketImage/SocketImage/index.html
32501 ms. Memory: 1204736K Free: 720329K (60%)
####### 7 Sat May 19 01:59:35 UTC 2018 $PTII/bin/ptinvoke ptolemy.vergil.basic.export.ExportModel -force htm -run -openComposites -timeOut 30000 -whiteBackground ptolemy/actor/lib/jjs/modules/socket/demo/SocketString/SocketString.xml $PTII/ptolemy/actor/lib/jjs/modules/socket/demo/SocketString/SocketString
----------------- Sat May 19 01:59:35 UTC 2018 About to sleep for 5.0 seconds before running or rerunning.  Test is: /home/travis/build/icyphy/ptII/ptolemy/actor/lib/jjs/modules/socket/demo/SocketString/SocketString.xml
Done sleeping
Running .SocketString
6778 ms. Memory: 1214976K Free: 836300K (69%)
Exported /home/travis/build/icyphy/ptII/ptolemy/actor/lib/jjs/modules/socket/demo/SocketString/SocketString/index.html
11786 ms. Memory: 1214976K Free: 808786K (67%)
####### 8 Sat May 19 01:59:52 UTC 2018 $PTII/bin/ptinvoke ptolemy.vergil.basic.export.ExportModel -force htm -run -openComposites -timeOut 30000 -whiteBackground ptolemy/actor/lib/jjs/modules/socket/demo/SocketUnsignedShort/SocketUnsignedShort.xml $PTII/ptolemy/actor/lib/jjs/modules/socket/demo/SocketUnsignedShort/SocketUnsignedShort
----------------- Sat May 19 01:59:52 UTC 2018 About to sleep for 5.0 seconds before running or rerunning.  Test is: /home/travis/build/icyphy/ptII/ptolemy/actor/lib/jjs/modules/socket/demo/SocketUnsignedShort/SocketUnsignedShort.xml
Done sleeping
Running .SocketUnsignedShort
Client: Sending data: -1,0,1,65535,65536 (Thread[AWT-EventQueue-0,6,main])
4063 ms. Memory: 1365504K Free: 1018911K (75%)
Exported /home/travis/build/icyphy/ptII/ptolemy/actor/lib/jjs/modules/socket/demo/SocketUnsignedShort/SocketUnsignedShort/index.html
9011 ms. Memory: 1365504K Free: 990072K (73%)
####### 9 Sat May 19 02:00:06 UTC 2018 $PTII/bin/ptinvoke ptolemy.vergil.basic.export.ExportModel -force htm  -openComposites -timeOut 30000 -whiteBackground ptolemy/actor/lib/jjs/modules/socket/demo/TCPSocket/TCPSocket.xml $PTII/ptolemy/actor/lib/jjs/modules/socket/demo/TCPSocket/TCPSocket
Warning: not running ptolemy/actor/lib/jjs/modules/socket/demo/TCPSocket/TCPSocket.xml. See ptolemy/vergil/basic/export/test/junit/ExportModelJUnitTest.java
----------------- Sat May 19 02:00:06 UTC 2018 About to sleep for 5.0 seconds before running or rerunning.  Test is: /home/travis/build/icyphy/ptII/ptolemy/actor/lib/jjs/modules/socket/demo/TCPSocket/TCPSocket.xml
Done sleeping
Exported /home/travis/build/icyphy/ptII/ptolemy/actor/lib/jjs/modules/socket/demo/TCPSocket/TCPSocket/index.html
3220 ms. Memory: 1365504K Free: 864301K (63%)
####### 10 Sat May 19 02:00:14 UTC 2018 $PTII/bin/ptinvoke ptolemy.vergil.basic.export.ExportModel -force htm -run -openComposites -timeOut 30000 -whiteBackground ptolemy/actor/lib/jjs/modules/socket/demo/TCPSocket/TCPSocketDoubleArrayBatched.xml $PTII/ptolemy/actor/lib/jjs/modules/socket/demo/TCPSocket/TCPSocketDoubleArrayBatched
----------------- Sat May 19 02:00:14 UTC 2018 About to sleep for 5.0 seconds before running or rerunning.  Test is: /home/travis/build/icyphy/ptII/ptolemy/actor/lib/jjs/modules/socket/demo/TCPSocket/TCPSocketDoubleArrayBatched.xml
Done sleeping
Running .TCPSocketDoubleArrayBatched
4736 ms. Memory: 1476096K Free: 1255581K (85%)
Exported /home/travis/build/icyphy/ptII/ptolemy/actor/lib/jjs/modules/socket/demo/TCPSocket/TCPSocketDoubleArrayBatched/index.html
9821 ms. Memory: 1476096K Free: 1212401K (82%)
####### 11 Sat May 19 02:00:29 UTC 2018 $PTII/bin/ptinvoke ptolemy.vergil.basic.export.ExportModel -force htm -run -openComposites -timeOut 30000 -whiteBackground ptolemy/actor/lib/jjs/modules/socket/demo/TCPSocket/TCPSocketImage.xml $PTII/ptolemy/actor/lib/jjs/modules/socket/demo/TCPSocket/TCPSocketImage
----------------- Sat May 19 02:00:29 UTC 2018 About to sleep for 5.0 seconds before running or rerunning.  Test is: /home/travis/build/icyphy/ptII/ptolemy/actor/lib/jjs/modules/socket/demo/TCPSocket/TCPSocketImage.xml
Done sleeping
Running .TCPSocketImage
22763 ms. Memory: 1992192K Free: 1381536K (69%)
Exported /home/travis/build/icyphy/ptII/ptolemy/actor/lib/jjs/modules/socket/demo/TCPSocket/TCPSocketImage/index.html
28377 ms. Memory: 1992192K Free: 1357116K (68%)
####### 12 Sat May 19 02:01:03 UTC 2018 $PTII/bin/ptinvoke ptolemy.vergil.basic.export.ExportModel -force htm -run -openComposites -timeOut 30000 -whiteBackground ptolemy/actor/lib/jjs/modules/socket/demo/TCPSocket/TCPSocketSecureServerClient.xml $PTII/ptolemy/actor/lib/jjs/modules/socket/demo/TCPSocket/TCPSocketSecureServerClient
----------------- Sat May 19 02:01:03 UTC 2018 About to sleep for 5.0 seconds before running or rerunning.  Test is: /home/travis/build/icyphy/ptII/ptolemy/actor/lib/jjs/modules/socket/demo/TCPSocket/TCPSocketSecureServerClient.xml
Done sleeping
Running .TCPSocketSecureServerClient
10203 ms. Memory: 1971200K Free: 1327249K (67%)
Exported /home/travis/build/icyphy/ptII/ptolemy/actor/lib/jjs/modules/socket/demo/TCPSocket/TCPSocketSecureServerClient/index.html
16548 ms. Memory: 1971200K Free: 1299495K (66%)
####### 13 Sat May 19 02:01:24 UTC 2018 $PTII/bin/ptinvoke ptolemy.vergil.basic.export.ExportModel -force htm -run -openComposites -timeOut 30000 -whiteBackground ptolemy/actor/lib/jjs/modules/socket/demo/TCPSocket/TCPSocketTwoClients.xml $PTII/ptolemy/actor/lib/jjs/modules/socket/demo/TCPSocket/TCPSocketTwoClients
----------------- Sat May 19 02:01:24 UTC 2018 About to sleep for 5.0 seconds before running or rerunning.  Test is: /home/travis/build/icyphy/ptII/ptolemy/actor/lib/jjs/modules/socket/demo/TCPSocket/TCPSocketTwoClients.xml
Done sleeping
Running .TCPSocketTwoClients
23522 ms. Memory: 1953280K Free: 1266275K (65%)
Exported /home/travis/build/icyphy/ptII/ptolemy/actor/lib/jjs/modules/socket/demo/TCPSocket/TCPSocketTwoClients/index.html
29497 ms. Memory: 1953280K Free: 1226194K (63%)
####### 14 Sat May 19 02:01:59 UTC 2018 $PTII/bin/ptinvoke ptolemy.vergil.basic.export.ExportModel -force htm -run -openComposites -timeOut 30000 -whiteBackground ptolemy/actor/lib/jjs/modules/socket/demo/TCPSocket/TCPSocketUnsignedShort.xml $PTII/ptolemy/actor/lib/jjs/modules/socket/demo/TCPSocket/TCPSocketUnsignedShort
----------------- Sat May 19 02:01:59 UTC 2018 About to sleep for 5.0 seconds before running or rerunning.  Test is: /home/travis/build/icyphy/ptII/ptolemy/actor/lib/jjs/modules/socket/demo/TCPSocket/TCPSocketUnsignedShort.xml
Done sleeping
Running .TCPSocketUnsignedShort
4309 ms. Memory: 1950208K Free: 1587874K (81%)
Exported /home/travis/build/icyphy/ptII/ptolemy/actor/lib/jjs/modules/socket/demo/TCPSocket/TCPSocketUnsignedShort/index.html
9719 ms. Memory: 1950208K Free: 1542933K (79%)
####### 15 Sat May 19 02:02:13 UTC 2018 $PTII/bin/ptinvoke ptolemy.vergil.basic.export.ExportModel -force htm  -openComposites -timeOut 30000 -whiteBackground ptolemy/actor/lib/jjs/modules/speechRecognition/demo/SpeechRecognition/SpeechRecognition.xml $PTII/ptolemy/actor/lib/jjs/modules/speechRecognition/demo/SpeechRecognition/SpeechRecognition
Warning: not running ptolemy/actor/lib/jjs/modules/speechRecognition/demo/SpeechRecognition/SpeechRecognition.xml. See ptolemy/vergil/basic/export/test/junit/ExportModelJUnitTest.java
----------------- Sat May 19 02:02:13 UTC 2018 About to sleep for 5.0 seconds before running or rerunning.  Test is: /home/travis/build/icyphy/ptII/ptolemy/actor/lib/jjs/modules/speechRecognition/demo/SpeechRecognition/SpeechRecognition.xml
Done sleeping
Exported /home/travis/build/icyphy/ptII/ptolemy/actor/lib/jjs/modules/speechRecognition/demo/SpeechRecognition/SpeechRecognition/index.html
5248 ms. Memory: 1950208K Free: 876842K (45%)
####### 16 Sat May 19 02:02:24 UTC 2018 $PTII/bin/ptinvoke ptolemy.vergil.basic.export.ExportModel -force htm  -openComposites -timeOut 30000 -whiteBackground ptolemy/actor/lib/jjs/modules/speechRecognition/demo/WatchCommandUpdater/WatchCommandUpdater.xml $PTII/ptolemy/actor/lib/jjs/modules/speechRecognition/demo/WatchCommandUpdater/WatchCommandUpdater
Warning: not running ptolemy/actor/lib/jjs/modules/speechRecognition/demo/WatchCommandUpdater/WatchCommandUpdater.xml. See ptolemy/vergil/basic/export/test/junit/ExportModelJUnitTest.java
----------------- Sat May 19 02:02:24 UTC 2018 About to sleep for 5.0 seconds before running or rerunning.  Test is: /home/travis/build/icyphy/ptII/ptolemy/actor/lib/jjs/modules/speechRecognition/demo/WatchCommandUpdater/WatchCommandUpdater.xml
Done sleeping
Exported /home/travis/build/icyphy/ptII/ptolemy/actor/lib/jjs/modules/speechRecognition/demo/WatchCommandUpdater/WatchCommandUpdater/index.html
8658 ms. Memory: 1864192K Free: 787822K (42%)
####### 17 Sat May 19 02:02:37 UTC 2018 $PTII/bin/ptinvoke ptolemy.vergil.basic.export.ExportModel -force htm -run -openComposites -timeOut 30000 -whiteBackground ptolemy/actor/lib/jjs/modules/testing/demo/Testing/Testing.xml $PTII/ptolemy/actor/lib/jjs/modules/testing/demo/Testing/Testing
----------------- Sat May 19 02:02:37 UTC 2018 About to sleep for 5.0 seconds before running or rerunning.  Test is: /home/travis/build/icyphy/ptII/ptolemy/actor/lib/jjs/modules/testing/demo/Testing/Testing.xml
Done sleeping
Running .Testing
MochaTest: Start of Common host: Basic (Thread[AWT-EventQueue-0,6,main])
MochaTest: End of Common host: Basic (Thread[AWT-EventQueue-0,6,main])
MochaTest: Start of Common host: Composite accessors (Thread[AWT-EventQueue-0,6,main])
MochaTest: Start of Common host: Spontaneous accessors (Thread[AWT-EventQueue-0,6,main])
MochaTest: Start of Common host: Spontaneous accessors (Thread[AWT-EventQueue-0,6,main])
MochaTest: Before Spontaneous accessor produces correct outputs after 1 and 2 seconds. (Thread[AWT-EventQueue-0,6,main])
MochaTest: After Spontaneous accessor produces correct outputs after 1 and 2 seconds. (Thread[AWT-EventQueue-0,6,main])
MochaTest: End of Common host: Spontaneous accessors (Thread[AWT-EventQueue-0,6,main])
MochaTest: Start of Common host: Inheritance (Thread[AWT-EventQueue-0,6,main])
MochaTest: End of Common host: Inheritance (Thread[AWT-EventQueue-0,6,main])
MochaTest: Instance of TestAccessor: [Circular]
Tests: (Thread[AWT-EventQueue-0,6,main])
MochaTest: TestAccessor.fire() invoked. (Thread[AWT-EventQueue-0,6,main])
MochaTest: TestAdder: fire(): inputLeft: 10 inputRight: 40 (Thread[AWT-EventQueue-0,6,main])
MochaTest: TestAdder: fire(): inputLeft: 5 inputRight: 20 (Thread[AWT-EventQueue-0,6,main])
MochaTest: TestAdder: fire(): inputLeft: 5 inputRight: 20 (Thread[AWT-EventQueue-0,6,main])
MochaTest: TestAccessor.fire() invoked. (Thread[AWT-EventQueue-0,6,main])
MochaTest: <?xml version="1.0" encoding="UTF-8"?>
 <testsuites>
 <testsuite name="Root Suite" tests="0">
 <testsuite name="Common host: Basic" tests="7">
 <testcase name="this.getParameter() returns default value." > </testcase>
 <testcase name="this.getParameter() returns value set by this.setParameter()." > </testcase>
 <testcase name="this.get() returns default value." > </testcase>
 <testcase name="this.get() returns null if no input yet provided." > </testcase>
 <testcase name="this.get() returns null if no input yet provided but type being boolean." > </testcase>
 <testcase name="this.get() returns value provided by provideInput()." > </testcase>
 <testcase name="latestOutput contains value provided by inputHandlers and send()." > </testcase>
 </testsuite>
 <testsuite name="Common host: Composite accessors" tests="2">
 <testcase name="Composite accessor produces correct output when manually scheduled." > </testcase>
 <testcase name="Composite accessor produces correct output when automatically scheduled." > </testcase>
 </testsuite>
 <testsuite name="Common host: Spontaneous accessors" tests="2">
 <testcase name="Spontaneous accessor produces correct outputs after 1 and 2 seconds." > </testcase>
 <testcase name="Composite spontaneous accessor produces correct outputs after 1 and 2 seconds." > </testcase>
 </testsuite>
 <testsuite name="Common host: Inheritance" tests="4">
 <testcase name="Inheritance, function overriding, and variable visiility should work properly." > </testcase>
 <testcase name="Implementing an interface should work properly." > </testcase>
 <testcase name="Exported fields of base classes can be accessed and initialize() is properly scoped." > </testcase>
 <testcase name="Two-level inheritance should work properly." > </testcase>
 </testsuite>
 </testsuite>
 </testsuites>
 (Thread[AWT-EventQueue-0,6,main])
18336 ms. Memory: 1882624K Free: 922235K (49%)
Exported /home/travis/build/icyphy/ptII/ptolemy/actor/lib/jjs/modules/testing/demo/Testing/Testing/index.html
24496 ms. Memory: 1882624K Free: 894142K (47%)
####### 18 Sat May 19 02:03:07 UTC 2018 $PTII/bin/ptinvoke ptolemy.vergil.basic.export.ExportModel -force htm -run -openComposites -timeOut 30000 -whiteBackground ptolemy/actor/lib/jjs/modules/udpSocket/demo/UDPSocket/UDPSocket.xml $PTII/ptolemy/actor/lib/jjs/modules/udpSocket/demo/UDPSocket/UDPSocket
----------------- Sat May 19 02:03:07 UTC 2018 About to sleep for 5.0 seconds before running or rerunning.  Test is: /home/travis/build/icyphy/ptII/ptolemy/actor/lib/jjs/modules/udpSocket/demo/UDPSocket/UDPSocket.xml
Done sleeping
Running .UDPSocket
ExportHTMLTimer went off after 30000 ms., calling getDirector().finish and getDirector().stopFire()
30012 ms. Memory: 1998848K Free: 1672943K (84%)
Exported /home/travis/build/icyphy/ptII/ptolemy/actor/lib/jjs/modules/udpSocket/demo/UDPSocket/UDPSocket/index.html
34771 ms. Memory: 1998848K Free: 1642784K (82%)
####### 19 Sat May 19 02:03:47 UTC 2018 $PTII/bin/ptinvoke ptolemy.vergil.basic.export.ExportModel -force htm -run -openComposites -timeOut 30000 -whiteBackground ptolemy/actor/lib/jjs/modules/udpSocket/demo/WatchEmulator/WatchEmulator.xml $PTII/ptolemy/actor/lib/jjs/modules/udpSocket/demo/WatchEmulator/WatchEmulator
----------------- Sat May 19 02:03:47 UTC 2018 About to sleep for 5.0 seconds before running or rerunning.  Test is: /home/travis/build/icyphy/ptII/ptolemy/actor/lib/jjs/modules/udpSocket/demo/WatchEmulator/WatchEmulator.xml
Done sleeping
Running .WatchEmulator
9411 ms. Memory: 1932288K Free: 1349667K (70%)
####### 20 Sat May 19 02:04:06 UTC 2018 $PTII/bin/ptinvoke ptolemy.vergil.basic.export.ExportModel -force htm -run -openComposites -timeOut 30000 -whiteBackground ptolemy/actor/lib/jjs/modules/userInterface/demo/Dots/Dots.xml $PTII/ptolemy/actor/lib/jjs/modules/userInterface/demo/Dots/Dots
----------------- Sat May 19 02:04:06 UTC 2018 About to sleep for 5.0 seconds before running or rerunning.  Test is: /home/travis/build/icyphy/ptII/ptolemy/actor/lib/jjs/modules/userInterface/demo/Dots/Dots.xml
Done sleeping
Running .Dots
BrowserLauncher: UnsupportedOperation: http://localhost:8089: java.lang.UnsupportedOperationException: The BROWSE action is not supported on the current platform!
ExportHTMLTimer went off after 30000 ms., calling getDirector().finish and getDirector().stopFire()
ExportHTMLTimer went off after 60000 ms., calling manager.stop().
65919 ms. Memory: 1932288K Free: 336295K (17%)
Exported /home/travis/build/icyphy/ptII/ptolemy/actor/lib/jjs/modules/userInterface/demo/Dots/Dots/index.html
71889 ms. Memory: 1928704K Free: 1353979K (70%)
####### 21 Sat May 19 02:05:23 UTC 2018 $PTII/bin/ptinvoke ptolemy.vergil.basic.export.ExportModel -force htm -run -openComposites -timeOut 30000 -whiteBackground ptolemy/actor/lib/jjs/modules/userInterface/demo/HelloUserInterface/HelloUserInterface.xml $PTII/ptolemy/actor/lib/jjs/modules/userInterface/demo/HelloUserInterface/HelloUserInterface
----------------- Sat May 19 02:05:23 UTC 2018 About to sleep for 5.0 seconds before running or rerunning.  Test is: /home/travis/build/icyphy/ptII/ptolemy/actor/lib/jjs/modules/userInterface/demo/HelloUserInterface/HelloUserInterface.xml
Done sleeping
Running .HelloUserInterface
BrowserLauncher: UnsupportedOperation: http://localhost:8089: java.lang.UnsupportedOperationException: The BROWSE action is not supported on the current platform!
UserInterface: Connection closed because model is no longer running. (Thread[AWT-EventQueue-0,6,main])
12209 ms. Memory: 1928704K Free: 581343K (30%)
Exported /home/travis/build/icyphy/ptII/ptolemy/actor/lib/jjs/modules/userInterface/demo/HelloUserInterface/HelloUserInterface/index.html
17855 ms. Memory: 1928704K Free: 560939K (29%)
####### 22 Sat May 19 02:05:46 UTC 2018 $PTII/bin/ptinvoke ptolemy.vergil.basic.export.ExportModel -force htm -run -openComposites -timeOut 30000 -whiteBackground ptolemy/actor/lib/jjs/modules/userInterface/demo/UserInterface/UserInterface.xml $PTII/ptolemy/actor/lib/jjs/modules/userInterface/demo/UserInterface/UserInterface
----------------- Sat May 19 02:05:46 UTC 2018 About to sleep for 5.0 seconds before running or rerunning.  Test is: /home/travis/build/icyphy/ptII/ptolemy/actor/lib/jjs/modules/userInterface/demo/UserInterface/UserInterface.xml
Done sleeping
Running .UserInterface
5001 ms. Memory: 1928704K Free: 447341K (23%)
Exported /home/travis/build/icyphy/ptII/ptolemy/actor/lib/jjs/modules/userInterface/demo/UserInterface/UserInterface/index.html
9180 ms. Memory: 1928704K Free: 426947K (22%)
####### 23 Sat May 19 02:06:00 UTC 2018 $PTII/bin/ptinvoke ptolemy.vergil.basic.export.ExportModel -force htm -run -openComposites -timeOut 30000 -whiteBackground ptolemy/actor/lib/jjs/modules/userInterface/demo/UserInterface/UserInterfaceBrowser.xml $PTII/ptolemy/actor/lib/jjs/modules/userInterface/demo/UserInterface/UserInterfaceBrowser
----------------- Sat May 19 02:06:00 UTC 2018 About to sleep for 5.0 seconds before running or rerunning.  Test is: /home/travis/build/icyphy/ptII/ptolemy/actor/lib/jjs/modules/userInterface/demo/UserInterface/UserInterfaceBrowser.xml
Done sleeping
Running .UserInterfaceBrowser
BrowserLauncher: UnsupportedOperation: http://localhost:8090: java.lang.UnsupportedOperationException: The BROWSE action is not supported on the current platform!
ExportHTMLTimer went off after 30000 ms., calling getDirector().finish and getDirector().stopFire()
UserInterface: Connection closed because model is no longer running. (Thread[AWT-EventQueue-0,6,main])
30046 ms. Memory: 1808384K Free: 1256305K (69%)
Exported /home/travis/build/icyphy/ptII/ptolemy/actor/lib/jjs/modules/userInterface/demo/UserInterface/UserInterfaceBrowser/index.html
37377 ms. Memory: 1808384K Free: 1234487K (68%)
####### 24 Sat May 19 02:06:43 UTC 2018 $PTII/bin/ptinvoke ptolemy.vergil.basic.export.ExportModel -force htm -run -openComposites -timeOut 30000 -whiteBackground ptolemy/actor/lib/jjs/modules/userInterface/demo/UserInterface/UserInterfaceFixedPage.xml $PTII/ptolemy/actor/lib/jjs/modules/userInterface/demo/UserInterface/UserInterfaceFixedPage
----------------- Sat May 19 02:06:43 UTC 2018 About to sleep for 5.0 seconds before running or rerunning.  Test is: /home/travis/build/icyphy/ptII/ptolemy/actor/lib/jjs/modules/userInterface/demo/UserInterface/UserInterfaceFixedPage.xml
Done sleeping
Running .UserInterfaceFixedPage
6053 ms. Memory: 1808384K Free: 796581K (44%)
Exported /home/travis/build/icyphy/ptII/ptolemy/actor/lib/jjs/modules/userInterface/demo/UserInterface/UserInterfaceFixedPage/index.html
10748 ms. Memory: 1808384K Free: 754989K (42%)
####### 25 Sat May 19 02:06:58 UTC 2018 $PTII/bin/ptinvoke ptolemy.vergil.basic.export.ExportModel -force htm -run -openComposites -timeOut 30000 -whiteBackground ptolemy/actor/lib/jjs/modules/userInterface/demo/UserInterface/UserInterfaceInteractive.xml $PTII/ptolemy/actor/lib/jjs/modules/userInterface/demo/UserInterface/UserInterfaceInteractive
----------------- Sat May 19 02:06:58 UTC 2018 About to sleep for 5.0 seconds before running or rerunning.  Test is: /home/travis/build/icyphy/ptII/ptolemy/actor/lib/jjs/modules/userInterface/demo/UserInterface/UserInterfaceInteractive.xml
Done sleeping
Running .UserInterfaceInteractive
BrowserLauncher: UnsupportedOperation: http://localhost:8090: java.lang.UnsupportedOperationException: The BROWSE action is not supported on the current platform!
ExportHTMLTimer went off after 30000 ms., calling getDirector().finish and getDirector().stopFire()
UserInterface: Connection closed because model is no longer running. (Thread[AWT-EventQueue-0,6,main])
30023 ms. Memory: 2025984K Free: 1267119K (63%)
Exported /home/travis/build/icyphy/ptII/ptolemy/actor/lib/jjs/modules/userInterface/demo/UserInterface/UserInterfaceInteractive/index.html
35085 ms. Memory: 2025984K Free: 1224769K (60%)
####### 26 Sat May 19 02:07:38 UTC 2018 $PTII/bin/ptinvoke ptolemy.vergil.basic.export.ExportModel -force htm -run -openComposites -timeOut 30000 -whiteBackground ptolemy/actor/lib/jjs/modules/userInterface/demo/UserInterface/UserInterfaceRamp.xml $PTII/ptolemy/actor/lib/jjs/modules/userInterface/demo/UserInterface/UserInterfaceRamp
----------------- Sat May 19 02:07:38 UTC 2018 About to sleep for 5.0 seconds before running or rerunning.  Test is: /home/travis/build/icyphy/ptII/ptolemy/actor/lib/jjs/modules/userInterface/demo/UserInterface/UserInterfaceRamp.xml
Done sleeping
Running .UserInterfaceRamp
13495 ms. Memory: 2020864K Free: 1186446K (59%)
Exported /home/travis/build/icyphy/ptII/ptolemy/actor/lib/jjs/modules/userInterface/demo/UserInterface/UserInterfaceRamp/index.html
19175 ms. Memory: 2020864K Free: 1163971K (58%)
####### 27 Sat May 19 02:08:03 UTC 2018 $PTII/bin/ptinvoke ptolemy.vergil.basic.export.ExportModel -force htm -run -openComposites -timeOut 30000 -whiteBackground ptolemy/actor/lib/jjs/modules/userInterface/demo/UserInterface/UserInterfaceUpdate.xml $PTII/ptolemy/actor/lib/jjs/modules/userInterface/demo/UserInterface/UserInterfaceUpdate
----------------- Sat May 19 02:08:03 UTC 2018 About to sleep for 5.0 seconds before running or rerunning.  Test is: /home/travis/build/icyphy/ptII/ptolemy/actor/lib/jjs/modules/userInterface/demo/UserInterface/UserInterfaceUpdate.xml
Done sleeping
Running .UserInterfaceUpdate
14484 ms. Memory: 2082304K Free: 1046639K (50%)
Exported /home/travis/build/icyphy/ptII/ptolemy/actor/lib/jjs/modules/userInterface/demo/UserInterface/UserInterfaceUpdate/index.html
20675 ms. Memory: 2082304K Free: 1022761K (49%)
####### 28 Sat May 19 02:08:28 UTC 2018 $PTII/bin/ptinvoke ptolemy.vergil.basic.export.ExportModel -force htm -run -openComposites -timeOut 30000 -whiteBackground ptolemy/actor/lib/jjs/modules/userInterface/demo/UserInterface/UserInterfaceVideo.xml $PTII/ptolemy/actor/lib/jjs/modules/userInterface/demo/UserInterface/UserInterfaceVideo
----------------- Sat May 19 02:08:28 UTC 2018 About to sleep for 5.0 seconds before running or rerunning.  Test is: /home/travis/build/icyphy/ptII/ptolemy/actor/lib/jjs/modules/userInterface/demo/UserInterface/UserInterfaceVideo.xml
Done sleeping
Running .UserInterfaceVideo
BrowserLauncher: UnsupportedOperation: http://localhost:8090: java.lang.UnsupportedOperationException: The BROWSE action is not supported on the current platform!
ExportHTMLTimer went off after 30000 ms., calling getDirector().finish and getDirector().stopFire()
UserInterface: Connection closed because model is no longer running. (Thread[AWT-EventQueue-0,6,main])
30061 ms. Memory: 2093568K Free: 1250856K (60%)
Exported /home/travis/build/icyphy/ptII/ptolemy/actor/lib/jjs/modules/userInterface/demo/UserInterface/UserInterfaceVideo/index.html
35863 ms. Memory: 2093568K Free: 1230523K (59%)
####### 29 Sat May 19 02:09:09 UTC 2018 $PTII/bin/ptinvoke ptolemy.vergil.basic.export.ExportModel -force htm -run -openComposites -timeOut 30000 -whiteBackground ptolemy/actor/lib/jjs/modules/webSocket/demo/SpeakingServerListeningClient/SpeakingServerListeningClient.xml $PTII/ptolemy/actor/lib/jjs/modules/webSocket/demo/SpeakingServerListeningClient/SpeakingServerListeningClient
----------------- Sat May 19 02:09:09 UTC 2018 About to sleep for 5.0 seconds before running or rerunning.  Test is: /home/travis/build/icyphy/ptII/ptolemy/actor/lib/jjs/modules/webSocket/demo/SpeakingServerListeningClient/SpeakingServerListeningClient.xml
Done sleeping
Running .SpeakingServerListeningClient
WSServer: *** server is listenting. (Thread[vert.x-eventloop-thread-1,6,main])
WSServer: *** server initialized. (Thread[AWT-EventQueue-0,6,main])
WSClient1: --- client 1 initialized. (Thread[AWT-EventQueue-0,6,main])
WSServer: *** server received connection 0 (Thread[vert.x-eventloop-thread-1,6,main])
WSClient1: --- client 1 connection open. Sending message to server. (Thread[vert.x-eventloop-thread-3,6,main])
WSClient2: +++ client 2 initialized. (Thread[AWT-EventQueue-0,6,main])
WSServer: *** server received connection 1 (Thread[vert.x-eventloop-thread-1,6,main])
WSServer: *** server received message: Hello from the client (Thread[AWT-EventQueue-0,6,main])
WSClient2: +++ connection established. Sending message to server. (Thread[vert.x-eventloop-thread-1,6,main])
WSClient1: --- client 1 received message: Hello to client number 1 (Thread[AWT-EventQueue-0,6,main])
WSClient2: +++ client 2 received message: Hello to client number 2 (Thread[AWT-EventQueue-0,6,main])
WSServer: *** server received message: Hello from the client (Thread[AWT-EventQueue-0,6,main])
WSServer: *** server wrapping up. (Thread[AWT-EventQueue-0,6,main])
WSClient1: --- client 1 wrapping up. (Thread[AWT-EventQueue-0,6,main])
WSClient1: Connection closed because model is no longer running. (Thread[AWT-EventQueue-0,6,main])
WSClient2: +++ client 2 wrapping up. (Thread[AWT-EventQueue-0,6,main])
WSClient2: Connection closed because model is no longer running. (Thread[AWT-EventQueue-0,6,main])
6335 ms. Memory: 2113024K Free: 1278790K (61%)
Exported /home/travis/build/icyphy/ptII/ptolemy/actor/lib/jjs/modules/webSocket/demo/SpeakingServerListeningClient/SpeakingServerListeningClient/index.html
12142 ms. Memory: 2113024K Free: 1257360K (60%)
####### 30 Sat May 19 02:09:26 UTC 2018 $PTII/bin/ptinvoke ptolemy.vergil.basic.export.ExportModel -force htm -run -openComposites -timeOut 30000 -whiteBackground ptolemy/actor/lib/jjs/modules/webSocket/demo/TwoWebSockets/TwoWebSockets.xml $PTII/ptolemy/actor/lib/jjs/modules/webSocket/demo/TwoWebSockets/TwoWebSockets
----------------- Sat May 19 02:09:26 UTC 2018 About to sleep for 5.0 seconds before running or rerunning.  Test is: /home/travis/build/icyphy/ptII/ptolemy/actor/lib/jjs/modules/webSocket/demo/TwoWebSockets/TwoWebSockets.xml
Done sleeping
Running .TwoWebSockets
6276 ms. Memory: 2113024K Free: 811157K (38%)
Exported /home/travis/build/icyphy/ptII/ptolemy/actor/lib/jjs/modules/webSocket/demo/TwoWebSockets/TwoWebSockets/index.html
11195 ms. Memory: 2113024K Free: 789759K (37%)
####### 31 Sat May 19 02:09:42 UTC 2018 $PTII/bin/ptinvoke ptolemy.vergil.basic.export.ExportModel -force htm -run -openComposites -timeOut 30000 -whiteBackground ptolemy/actor/lib/jjs/modules/webSocket/demo/WebSocketChat/Client.xml $PTII/ptolemy/actor/lib/jjs/modules/webSocket/demo/WebSocketChat/Client
----------------- Sat May 19 02:09:42 UTC 2018 About to sleep for 5.0 seconds before running or rerunning.  Test is: /home/travis/build/icyphy/ptII/ptolemy/actor/lib/jjs/modules/webSocket/demo/WebSocketChat/Client.xml
Done sleeping
.Client.InteractiveDialog invoked SwingUtilities.invokeAndWait()
Model ".Client" contains actors such cannot be run  as part of the export process from ExportModel or it has a WebExportParameters value that runBeforeExport set to false. To export run this model and export it, use vergil.
Exported /home/travis/build/icyphy/ptII/ptolemy/actor/lib/jjs/modules/webSocket/demo/WebSocketChat/Client/index.html
3765 ms. Memory: 2113024K Free: 535378K (25%)
####### 32 Sat May 19 02:09:51 UTC 2018 $PTII/bin/ptinvoke ptolemy.vergil.basic.export.ExportModel -force htm -run -openComposites -timeOut 30000 -whiteBackground ptolemy/actor/lib/jjs/modules/webSocket/demo/WebSocketChat/SecureClient.xml $PTII/ptolemy/actor/lib/jjs/modules/webSocket/demo/WebSocketChat/SecureClient
----------------- Sat May 19 02:09:51 UTC 2018 About to sleep for 5.0 seconds before running or rerunning.  Test is: /home/travis/build/icyphy/ptII/ptolemy/actor/lib/jjs/modules/webSocket/demo/WebSocketChat/SecureClient.xml
Done sleeping
.SecureClient.InteractiveDialog invoked SwingUtilities.invokeAndWait()
Model ".SecureClient" contains actors such cannot be run  as part of the export process from ExportModel or it has a WebExportParameters value that runBeforeExport set to false. To export run this model and export it, use vergil.
Exported /home/travis/build/icyphy/ptII/ptolemy/actor/lib/jjs/modules/webSocket/demo/WebSocketChat/SecureClient/index.html
4044 ms. Memory: 2110464K Free: 1418421K (67%)
####### 33 Sat May 19 02:10:00 UTC 2018 $PTII/bin/ptinvoke ptolemy.vergil.basic.export.ExportModel -force htm -run -openComposites -timeOut 30000 -whiteBackground ptolemy/actor/lib/jjs/modules/webSocket/demo/WebSocketChat/SecureServer.xml $PTII/ptolemy/actor/lib/jjs/modules/webSocket/demo/WebSocketChat/SecureServer
----------------- Sat May 19 02:10:00 UTC 2018 About to sleep for 5.0 seconds before running or rerunning.  Test is: /home/travis/build/icyphy/ptII/ptolemy/actor/lib/jjs/modules/webSocket/demo/WebSocketChat/SecureServer.xml
Done sleeping
Running .SecureServer
ExportHTMLTimer went off after 30000 ms., calling getDirector().finish and getDirector().stopFire()
30013 ms. Memory: 2110464K Free: 970095K (46%)
Exported /home/travis/build/icyphy/ptII/ptolemy/actor/lib/jjs/modules/webSocket/demo/WebSocketChat/SecureServer/index.html
35033 ms. Memory: 2110464K Free: 947323K (45%)
####### 34 Sat May 19 02:10:40 UTC 2018 $PTII/bin/ptinvoke ptolemy.vergil.basic.export.ExportModel -force htm -run -openComposites -timeOut 30000 -whiteBackground ptolemy/actor/lib/jjs/modules/webSocket/demo/WebSocketChat/Server.xml $PTII/ptolemy/actor/lib/jjs/modules/webSocket/demo/WebSocketChat/Server
----------------- Sat May 19 02:10:40 UTC 2018 About to sleep for 5.0 seconds before running or rerunning.  Test is: /home/travis/build/icyphy/ptII/ptolemy/actor/lib/jjs/modules/webSocket/demo/WebSocketChat/Server.xml
Done sleeping
Running .Server
ExportHTMLTimer went off after 30000 ms., calling getDirector().finish and getDirector().stopFire()
30014 ms. Memory: 2110464K Free: 523628K (25%)
Exported /home/travis/build/icyphy/ptII/ptolemy/actor/lib/jjs/modules/webSocket/demo/WebSocketChat/Server/index.html
34744 ms. Memory: 2110464K Free: 498741K (24%)
####### 35 Sat May 19 02:11:20 UTC 2018 $PTII/bin/ptinvoke ptolemy.vergil.basic.export.ExportModel -force htm  -openComposites -timeOut 30000 -whiteBackground ptolemy/actor/lib/jjs/modules/webSocket/demo/WebSocketChat/WebSocketChat.xml $PTII/ptolemy/actor/lib/jjs/modules/webSocket/demo/WebSocketChat/WebSocketChat
Warning: not running ptolemy/actor/lib/jjs/modules/webSocket/demo/WebSocketChat/WebSocketChat.xml. See ptolemy/vergil/basic/export/test/junit/ExportModelJUnitTest.java
----------------- Sat May 19 02:11:20 UTC 2018 About to sleep for 5.0 seconds before running or rerunning.  Test is: /home/travis/build/icyphy/ptII/ptolemy/actor/lib/jjs/modules/webSocket/demo/WebSocketChat/WebSocketChat.xml
Done sleeping
Exported /home/travis/build/icyphy/ptII/ptolemy/actor/lib/jjs/modules/webSocket/demo/WebSocketChat/WebSocketChat/index.html
3142 ms. Memory: 2110464K Free: 369744K (18%)
####### 36 Sat May 19 02:11:28 UTC 2018 $PTII/bin/ptinvoke ptolemy.vergil.basic.export.ExportModel -force htm  -openComposites -timeOut 30000 -whiteBackground ptolemy/actor/lib/jjs/modules/webSocket/demo/WebSocketClient/WebSocketClient.xml $PTII/ptolemy/actor/lib/jjs/modules/webSocket/demo/WebSocketClient/WebSocketClient
Warning: not running ptolemy/actor/lib/jjs/modules/webSocket/demo/WebSocketClient/WebSocketClient.xml. See ptolemy/vergil/basic/export/test/junit/ExportModelJUnitTest.java
----------------- Sat May 19 02:11:28 UTC 2018 About to sleep for 5.0 seconds before running or rerunning.  Test is: /home/travis/build/icyphy/ptII/ptolemy/actor/lib/jjs/modules/webSocket/demo/WebSocketClient/WebSocketClient.xml
Done sleeping
Exported /home/travis/build/icyphy/ptII/ptolemy/actor/lib/jjs/modules/webSocket/demo/WebSocketClient/WebSocketClient/index.html
3875 ms. Memory: 2118144K Free: 1243250K (59%)
####### 37 Sat May 19 02:11:37 UTC 2018 $PTII/bin/ptinvoke ptolemy.vergil.basic.export.ExportModel -force htm -run -openComposites -timeOut 30000 -whiteBackground ptolemy/actor/lib/jjs/modules/webSocket/demo/WebSocketClient/WebSocketServer.xml $PTII/ptolemy/actor/lib/jjs/modules/webSocket/demo/WebSocketClient/WebSocketServer
----------------- Sat May 19 02:11:37 UTC 2018 About to sleep for 5.0 seconds before running or rerunning.  Test is: /home/travis/build/icyphy/ptII/ptolemy/actor/lib/jjs/modules/webSocket/demo/WebSocketClient/WebSocketServer.xml
Done sleeping
Running .WebSocketServer
ExportHTMLTimer went off after 30000 ms., calling getDirector().finish and getDirector().stopFire()
30023 ms. Memory: 2118144K Free: 486208K (23%)
Exported /home/travis/build/icyphy/ptII/ptolemy/actor/lib/jjs/modules/webSocket/demo/WebSocketClient/WebSocketServer/index.html
35408 ms. Memory: 2118144K Free: 462134K (22%)
####### 38 Sat May 19 02:12:17 UTC 2018 $PTII/bin/ptinvoke ptolemy.vergil.basic.export.ExportModel -force htm -run -openComposites -timeOut 30000 -whiteBackground ptolemy/actor/lib/jjs/modules/webSocket/demo/WebSocketFullDuplex/WebSocketFullDuplex.xml $PTII/ptolemy/actor/lib/jjs/modules/webSocket/demo/WebSocketFullDuplex/WebSocketFullDuplex
----------------- Sat May 19 02:12:17 UTC 2018 About to sleep for 5.0 seconds before running or rerunning.  Test is: /home/travis/build/icyphy/ptII/ptolemy/actor/lib/jjs/modules/webSocket/demo/WebSocketFullDuplex/WebSocketFullDuplex.xml
Done sleeping
Running .WebSocketFullDuplex
WebSocketServer: WebSocketServer message(): 0, typeof message: number (Thread[AWT-EventQueue-0,6,main])
WebSocketServer: WebSocketServer message(): -1, typeof message: number (Thread[AWT-EventQueue-0,6,main])
WebSocketServer: WebSocketServer message(): -2, typeof message: number (Thread[AWT-EventQueue-0,6,main])
WebSocketServer: WebSocketServer message(): -3, typeof message: number (Thread[AWT-EventQueue-0,6,main])
WebSocketServer: WebSocketServer message(): -4, typeof message: number (Thread[AWT-EventQueue-0,6,main])
WebSocketServer: WebSocketServer message(): -5, typeof message: number (Thread[AWT-EventQueue-0,6,main])
WebSocketServer: WebSocketServer message(): -6, typeof message: number (Thread[AWT-EventQueue-0,6,main])
WebSocketServer: WebSocketServer message(): -7, typeof message: number (Thread[AWT-EventQueue-0,6,main])
WebSocketServer: WebSocketServer message(): -8, typeof message: number (Thread[AWT-EventQueue-0,6,main])
WebSocketServer: WebSocketServer message(): -9, typeof message: number (Thread[AWT-EventQueue-0,6,main])
WebSocketServer: WebSocketServer message(): -10, typeof message: number (Thread[AWT-EventQueue-0,6,main])
WebSocketServer: WebSocketServer message(): -11, typeof message: number (Thread[AWT-EventQueue-0,6,main])
WebSocketServer: WebSocketServer message(): -12, typeof message: number (Thread[AWT-EventQueue-0,6,main])
WebSocketServer: WebSocketServer message(): -13, typeof message: number (Thread[AWT-EventQueue-0,6,main])
WebSocketServer: WebSocketServer message(): -14, typeof message: number (Thread[AWT-EventQueue-0,6,main])
WebSocketServer: WebSocketServer message(): -15, typeof message: number (Thread[AWT-EventQueue-0,6,main])
WebSocketServer: WebSocketServer message(): -16, typeof message: number (Thread[AWT-EventQueue-0,6,main])
WebSocketServer: WebSocketServer message(): -17, typeof message: number (Thread[AWT-EventQueue-0,6,main])
WebSocketServer: WebSocketServer message(): -18, typeof message: number (Thread[AWT-EventQueue-0,6,main])
WebSocketServer: WebSocketServer message(): -19, typeof message: number (Thread[AWT-EventQueue-0,6,main])
WebSocketServer: WebSocketServer message(): -20, typeof message: number (Thread[AWT-EventQueue-0,6,main])
WebSocketServer: WebSocketServer message(): -21, typeof message: number (Thread[AWT-EventQueue-0,6,main])
WebSocketServer: WebSocketServer message(): -22, typeof message: number (Thread[AWT-EventQueue-0,6,main])
WebSocketServer: WebSocketServer message(): -23, typeof message: number (Thread[AWT-EventQueue-0,6,main])
WebSocketServer: WebSocketServer message(): -24, typeof message: number (Thread[AWT-EventQueue-0,6,main])
WebSocketServer: WebSocketServer message(): -25, typeof message: number (Thread[AWT-EventQueue-0,6,main])
WebSocketServer: WebSocketServer message(): -26, typeof message: number (Thread[AWT-EventQueue-0,6,main])
WebSocketServer: WebSocketServer message(): -27, typeof message: number (Thread[AWT-EventQueue-0,6,main])
WebSocketServer: WebSocketServer message(): -28, typeof message: number (Thread[AWT-EventQueue-0,6,main])
WebSocketServer: WebSocketServer message(): -29, typeof message: number (Thread[AWT-EventQueue-0,6,main])
WebSocketServer: WebSocketServer message(): -30, typeof message: number (Thread[AWT-EventQueue-0,6,main])
WebSocketServer: WebSocketServer message(): -31, typeof message: number (Thread[AWT-EventQueue-0,6,main])
WebSocketServer: WebSocketServer message(): -32, typeof message: number (Thread[AWT-EventQueue-0,6,main])
WebSocketServer: WebSocketServer message(): -33, typeof message: number (Thread[AWT-EventQueue-0,6,main])
WebSocketServer: WebSocketServer message(): -34, typeof message: number (Thread[AWT-EventQueue-0,6,main])
WebSocketServer: WebSocketServer message(): -35, typeof message: number (Thread[AWT-EventQueue-0,6,main])
WebSocketServer: WebSocketServer message(): -36, typeof message: number (Thread[AWT-EventQueue-0,6,main])
WebSocketServer: WebSocketServer message(): -37, typeof message: number (Thread[AWT-EventQueue-0,6,main])
WebSocketServer: WebSocketServer message(): -38, typeof message: number (Thread[AWT-EventQueue-0,6,main])
WebSocketServer: WebSocketServer message(): -39, typeof message: number (Thread[AWT-EventQueue-0,6,main])
WebSocketServer: WebSocketServer message(): -40, typeof message: number (Thread[AWT-EventQueue-0,6,main])
WebSocketServer: WebSocketServer message(): -41, typeof message: number (Thread[AWT-EventQueue-0,6,main])
WebSocketServer: WebSocketServer message(): -42, typeof message: number (Thread[AWT-EventQueue-0,6,main])
WebSocketServer: WebSocketServer message(): -43, typeof message: number (Thread[AWT-EventQueue-0,6,main])
WebSocketServer: WebSocketServer message(): -44, typeof message: number (Thread[AWT-EventQueue-0,6,main])
WebSocketServer: WebSocketServer message(): -45, typeof message: number (Thread[AWT-EventQueue-0,6,main])
WebSocketServer: WebSocketServer message(): -46, typeof message: number (Thread[AWT-EventQueue-0,6,main])
WebSocketServer: WebSocketServer message(): -47, typeof message: number (Thread[AWT-EventQueue-0,6,main])
WebSocketServer: WebSocketServer message(): -48, typeof message: number (Thread[AWT-EventQueue-0,6,main])
WebSocketServer: WebSocketServer message(): -49, typeof message: number (Thread[AWT-EventQueue-0,6,main])
WebSocketServer: WebSocketServer message(): -50, typeof message: number (Thread[AWT-EventQueue-0,6,main])
WebSocketServer: WebSocketServer message(): -51, typeof message: number (Thread[AWT-EventQueue-0,6,main])
WebSocketServer: WebSocketServer message(): -52, typeof message: number (Thread[AWT-EventQueue-0,6,main])
WebSocketServer: WebSocketServer message(): -53, typeof message: number (Thread[AWT-EventQueue-0,6,main])
WebSocketServer: WebSocketServer message(): -54, typeof message: number (Thread[AWT-EventQueue-0,6,main])
WebSocketServer: WebSocketServer message(): -55, typeof message: number (Thread[AWT-EventQueue-0,6,main])
WebSocketServer: WebSocketServer message(): -56, typeof message: number (Thread[AWT-EventQueue-0,6,main])
WebSocketServer: WebSocketServer message(): -57, typeof message: number (Thread[AWT-EventQueue-0,6,main])
WebSocketServer: WebSocketServer message(): -58, typeof message: number (Thread[AWT-EventQueue-0,6,main])
WebSocketServer: WebSocketServer message(): -59, typeof message: number (Thread[AWT-EventQueue-0,6,main])
WebSocketServer: WebSocketServer message(): -60, typeof message: number (Thread[AWT-EventQueue-0,6,main])
WebSocketServer: WebSocketServer message(): -61, typeof message: number (Thread[AWT-EventQueue-0,6,main])
WebSocketServer: WebSocketServer message(): -62, typeof message: number (Thread[AWT-EventQueue-0,6,main])
WebSocketServer: WebSocketServer message(): -63, typeof message: number (Thread[AWT-EventQueue-0,6,main])
WebSocketServer: WebSocketServer message(): -64, typeof message: number (Thread[AWT-EventQueue-0,6,main])
WebSocketServer: WebSocketServer message(): -65, typeof message: number (Thread[AWT-EventQueue-0,6,main])
WebSocketServer: WebSocketServer message(): -66, typeof message: number (Thread[AWT-EventQueue-0,6,main])
WebSocketServer: WebSocketServer message(): -67, typeof message: number (Thread[AWT-EventQueue-0,6,main])
WebSocketServer: WebSocketServer message(): -68, typeof message: number (Thread[AWT-EventQueue-0,6,main])
WebSocketServer: WebSocketServer message(): -69, typeof message: number (Thread[AWT-EventQueue-0,6,main])
WebSocketServer: WebSocketServer message(): -70, typeof message: number (Thread[AWT-EventQueue-0,6,main])
WebSocketServer: WebSocketServer message(): -71, typeof message: number (Thread[AWT-EventQueue-0,6,main])
WebSocketServer: WebSocketServer message(): -72, typeof message: number (Thread[AWT-EventQueue-0,6,main])
WebSocketServer: WebSocketServer message(): -73, typeof message: number (Thread[AWT-EventQueue-0,6,main])
WebSocketServer: WebSocketServer message(): -74, typeof message: number (Thread[AWT-EventQueue-0,6,main])
WebSocketServer: WebSocketServer message(): -75, typeof message: number (Thread[AWT-EventQueue-0,6,main])
WebSocketServer: WebSocketServer message(): -76, typeof message: number (Thread[AWT-EventQueue-0,6,main])
WebSocketServer: WebSocketServer message(): -77, typeof message: number (Thread[AWT-EventQueue-0,6,main])
WebSocketServer: WebSocketServer message(): -78, typeof message: number (Thread[AWT-EventQueue-0,6,main])
WebSocketServer: WebSocketServer message(): -79, typeof message: number (Thread[AWT-EventQueue-0,6,main])
WebSocketServer: WebSocketServer message(): -80, typeof message: number (Thread[AWT-EventQueue-0,6,main])
WebSocketServer: WebSocketServer message(): -81, typeof message: number (Thread[AWT-EventQueue-0,6,main])
WebSocketServer: WebSocketServer message(): -82, typeof message: number (Thread[AWT-EventQueue-0,6,main])
WebSocketServer: WebSocketServer message(): -83, typeof message: number (Thread[AWT-EventQueue-0,6,main])
WebSocketServer: WebSocketServer message(): -84, typeof message: number (Thread[AWT-EventQueue-0,6,main])
WebSocketServer: WebSocketServer message(): -85, typeof message: number (Thread[AWT-EventQueue-0,6,main])
WebSocketServer: WebSocketServer message(): -86, typeof message: number (Thread[AWT-EventQueue-0,6,main])
WebSocketServer: WebSocketServer message(): -87, typeof message: number (Thread[AWT-EventQueue-0,6,main])
WebSocketServer: WebSocketServer message(): -88, typeof message: number (Thread[AWT-EventQueue-0,6,main])
WebSocketServer: WebSocketServer message(): -89, typeof message: number (Thread[AWT-EventQueue-0,6,main])
WebSocketServer: WebSocketServer message(): -90, typeof message: number (Thread[AWT-EventQueue-0,6,main])
WebSocketServer: WebSocketServer message(): -91, typeof message: number (Thread[AWT-EventQueue-0,6,main])
WebSocketServer: WebSocketServer message(): -92, typeof message: number (Thread[AWT-EventQueue-0,6,main])
WebSocketServer: WebSocketServer message(): -93, typeof message: number (Thread[AWT-EventQueue-0,6,main])
WebSocketServer: WebSocketServer message(): -94, typeof message: number (Thread[AWT-EventQueue-0,6,main])
WebSocketServer: WebSocketServer message(): -95, typeof message: number (Thread[AWT-EventQueue-0,6,main])
WebSocketServer: WebSocketServer message(): -96, typeof message: number (Thread[AWT-EventQueue-0,6,main])
WebSocketServer: WebSocketServer message(): -97, typeof message: number (Thread[AWT-EventQueue-0,6,main])
WebSocketServer: WebSocketServer message(): -98, typeof message: number (Thread[AWT-EventQueue-0,6,main])
WebSocketServer: WebSocketServer message(): -99, typeof message: number (Thread[AWT-EventQueue-0,6,main])
WebSocketServer: WebSocketServer message(): -100, typeof message: number (Thread[AWT-EventQueue-0,6,main])
WebSocketClient: Connection closed because model is no longer running. (Thread[AWT-EventQueue-0,6,main])
2870 ms. Memory: 2131456K Free: 793317K (37%)
Exported /home/travis/build/icyphy/ptII/ptolemy/actor/lib/jjs/modules/webSocket/demo/WebSocketFullDuplex/WebSocketFullDuplex/index.html
8433 ms. Memory: 2131456K Free: 768462K (36%)
####### 39 Sat May 19 02:12:31 UTC 2018 $PTII/bin/ptinvoke ptolemy.vergil.basic.export.ExportModel -force htm -run -openComposites -timeOut 30000 -whiteBackground ptolemy/actor/lib/jjs/modules/webSocket/demo/WebSocketGraph/WebSocketGraph.xml $PTII/ptolemy/actor/lib/jjs/modules/webSocket/demo/WebSocketGraph/WebSocketGraph
----------------- Sat May 19 02:12:31 UTC 2018 About to sleep for 5.0 seconds before running or rerunning.  Test is: /home/travis/build/icyphy/ptII/ptolemy/actor/lib/jjs/modules/webSocket/demo/WebSocketGraph/WebSocketGraph.xml
Done sleeping
Running .WebSocketGraph
BrowserLauncher: UnsupportedOperation: http://localhost:8089: java.lang.UnsupportedOperationException: The BROWSE action is not supported on the current platform!
ExportHTMLTimer went off after 30000 ms., calling getDirector().finish and getDirector().stopFire()
UserInterface: Connection closed because model is no longer running. (Thread[AWT-EventQueue-0,6,main])
30071 ms. Memory: 2207232K Free: 1279593K (58%)
Exported /home/travis/build/icyphy/ptII/ptolemy/actor/lib/jjs/modules/webSocket/demo/WebSocketGraph/WebSocketGraph/index.html
39272 ms. Memory: 2207232K Free: 1255401K (57%)
####### 40 Sat May 19 02:13:15 UTC 2018 $PTII/bin/ptinvoke ptolemy.vergil.basic.export.ExportModel -force htm -run -openComposites -timeOut 30000 -whiteBackground ptolemy/actor/lib/jjs/modules/webSocket/demo/WebSocketImage/WebSocketImage.xml $PTII/ptolemy/actor/lib/jjs/modules/webSocket/demo/WebSocketImage/WebSocketImage
----------------- Sat May 19 02:13:15 UTC 2018 About to sleep for 5.0 seconds before running or rerunning.  Test is: /home/travis/build/icyphy/ptII/ptolemy/actor/lib/jjs/modules/webSocket/demo/WebSocketImage/WebSocketImage.xml
Done sleeping
Running .WebSocketImage
WebSocketClient: WebSocketClient: WebSocketClient.js: connect(): portValue: -1, which is less than 0. This could be a signal to close a previously open socket.  Returning. (Thread[AWT-EventQueue-0,6,main])
WebSocketServer: WebSocketServer message(): {type="class ptolemy.data.AWTImageToken", width="640", height="480"}, typeof message: object (Thread[AWT-EventQueue-0,6,main])
WebSocketServer: WebSocketServer message(): {type="class ptolemy.data.AWTImageToken", width="640", height="480"}, typeof message: object (Thread[AWT-EventQueue-0,6,main])
WebSocketServer: WebSocketServer message(): {type="class ptolemy.data.AWTImageToken", width="640", height="480"}, typeof message: object (Thread[AWT-EventQueue-0,6,main])
WebSocketServer: WebSocketServer message(): {type="class ptolemy.data.AWTImageToken", width="640", height="480"}, typeof message: object (Thread[AWT-EventQueue-0,6,main])
WebSocketServer: WebSocketServer message(): {type="class ptolemy.data.AWTImageToken", width="640", height="480"}, typeof message: object (Thread[AWT-EventQueue-0,6,main])
WebSocketServer: WebSocketServer message(): {type="class ptolemy.data.AWTImageToken", width="640", height="480"}, typeof message: object (Thread[AWT-EventQueue-0,6,main])
WebSocketServer: WebSocketServer message(): {type="class ptolemy.data.AWTImageToken", width="640", height="480"}, typeof message: object (Thread[AWT-EventQueue-0,6,main])
WebSocketServer: WebSocketServer message(): {type="class ptolemy.data.AWTImageToken", width="640", height="480"}, typeof message: object (Thread[AWT-EventQueue-0,6,main])
WebSocketServer: WebSocketServer message(): {type="class ptolemy.data.AWTImageToken", width="640", height="480"}, typeof message: object (Thread[AWT-EventQueue-0,6,main])
WebSocketServer: WebSocketServer message(): {type="class ptolemy.data.AWTImageToken", width="640", height="480"}, typeof message: object (Thread[AWT-EventQueue-0,6,main])
WebSocketServer: WebSocketServer message(): {type="class ptolemy.data.AWTImageToken", width="640", height="480"}, typeof message: object (Thread[AWT-EventQueue-0,6,main])
WebSocketServer: WebSocketServer message(): {type="class ptolemy.data.AWTImageToken", width="640", height="480"}, typeof message: object (Thread[AWT-EventQueue-0,6,main])
WebSocketServer: WebSocketServer message(): {type="class ptolemy.data.AWTImageToken", width="640", height="480"}, typeof message: object (Thread[AWT-EventQueue-0,6,main])
WebSocketServer: WebSocketServer message(): {type="class ptolemy.data.AWTImageToken", width="640", height="480"}, typeof message: object (Thread[AWT-EventQueue-0,6,main])
WebSocketServer: WebSocketServer message(): {type="class ptolemy.data.AWTImageToken", width="640", height="480"}, typeof message: object (Thread[AWT-EventQueue-0,6,main])
WebSocketServer: WebSocketServer message(): {type="class ptolemy.data.AWTImageToken", width="640", height="480"}, typeof message: object (Thread[AWT-EventQueue-0,6,main])
WebSocketServer: WebSocketServer message(): {type="class ptolemy.data.AWTImageToken", width="640", height="480"}, typeof message: object (Thread[AWT-EventQueue-0,6,main])
WebSocketServer: WebSocketServer message(): {type="class ptolemy.data.AWTImageToken", width="640", height="480"}, typeof message: object (Thread[AWT-EventQueue-0,6,main])
WebSocketServer: WebSocketServer message(): {type="class ptolemy.data.AWTImageToken", width="640", height="480"}, typeof message: object (Thread[AWT-EventQueue-0,6,main])
WebSocketServer: WebSocketServer message(): {type="class ptolemy.data.AWTImageToken", width="640", height="480"}, typeof message: object (Thread[AWT-EventQueue-0,6,main])
WebSocketServer: WebSocketServer message(): {type="class ptolemy.data.AWTImageToken", width="640", height="480"}, typeof message: object (Thread[AWT-EventQueue-0,6,main])
WebSocketServer: WebSocketServer message(): {type="class ptolemy.data.AWTImageToken", width="640", height="480"}, typeof message: object (Thread[AWT-EventQueue-0,6,main])
WebSocketServer: WebSocketServer message(): {type="class ptolemy.data.AWTImageToken", width="640", height="480"}, typeof message: object (Thread[AWT-EventQueue-0,6,main])
WebSocketServer: WebSocketServer message(): {type="class ptolemy.data.AWTImageToken", width="640", height="480"}, typeof message: object (Thread[AWT-EventQueue-0,6,main])
WebSocketServer: WebSocketServer message(): {type="class ptolemy.data.AWTImageToken", width="640", height="480"}, typeof message: object (Thread[AWT-EventQueue-0,6,main])
WebSocketServer: WebSocketServer message(): {type="class ptolemy.data.AWTImageToken", width="640", height="480"}, typeof message: object (Thread[AWT-EventQueue-0,6,main])
WebSocketServer: WebSocketServer message(): {type="class ptolemy.data.AWTImageToken", width="640", height="480"}, typeof message: object (Thread[AWT-EventQueue-0,6,main])
WebSocketServer: WebSocketServer message(): {type="class ptolemy.data.AWTImageToken", width="640", height="480"}, typeof message: object (Thread[AWT-EventQueue-0,6,main])
WebSocketServer: WebSocketServer message(): {type="class ptolemy.data.AWTImageToken", width="640", height="480"}, typeof message: object (Thread[AWT-EventQueue-0,6,main])
WebSocketServer: WebSocketServer message(): {type="class ptolemy.data.AWTImageToken", width="640", height="480"}, typeof message: object (Thread[AWT-EventQueue-0,6,main])
WebSocketServer: WebSocketServer message(): {type="class ptolemy.data.AWTImageToken", width="640", height="480"}, typeof message: object (Thread[AWT-EventQueue-0,6,main])
WebSocketServer: WebSocketServer message(): {type="class ptolemy.data.AWTImageToken", width="640", height="480"}, typeof message: object (Thread[AWT-EventQueue-0,6,main])
WebSocketServer: WebSocketServer message(): {type="class ptolemy.data.AWTImageToken", width="640", height="480"}, typeof message: object (Thread[AWT-EventQueue-0,6,main])
WebSocketServer: WebSocketServer message(): {type="class ptolemy.data.AWTImageToken", width="640", height="480"}, typeof message: object (Thread[AWT-EventQueue-0,6,main])
WebSocketServer: WebSocketServer message(): {type="class ptolemy.data.AWTImageToken", width="640", height="480"}, typeof message: object (Thread[AWT-EventQueue-0,6,main])
WebSocketServer: WebSocketServer message(): {type="class ptolemy.data.AWTImageToken", width="640", height="480"}, typeof message: object (Thread[AWT-EventQueue-0,6,main])
WebSocketServer: WebSocketServer message(): {type="class ptolemy.data.AWTImageToken", width="640", height="480"}, typeof message: object (Thread[AWT-EventQueue-0,6,main])
WebSocketServer: WebSocketServer message(): {type="class ptolemy.data.AWTImageToken", width="640", height="480"}, typeof message: object (Thread[AWT-EventQueue-0,6,main])
WebSocketServer: WebSocketServer message(): {type="class ptolemy.data.AWTImageToken", width="640", height="480"}, typeof message: object (Thread[AWT-EventQueue-0,6,main])
WebSocketServer: WebSocketServer message(): {type="class ptolemy.data.AWTImageToken", width="640", height="480"}, typeof message: object (Thread[AWT-EventQueue-0,6,main])
WebSocketServer: WebSocketServer message(): {type="class ptolemy.data.AWTImageToken", width="640", height="480"}, typeof message: object (Thread[AWT-EventQueue-0,6,main])
WebSocketServer: WebSocketServer message(): {type="class ptolemy.data.AWTImageToken", width="640", height="480"}, typeof message: object (Thread[AWT-EventQueue-0,6,main])
WebSocketServer: WebSocketServer message(): {type="class ptolemy.data.AWTImageToken", width="640", height="480"}, typeof message: object (Thread[AWT-EventQueue-0,6,main])
WebSocketServer: WebSocketServer message(): {type="class ptolemy.data.AWTImageToken", width="640", height="480"}, typeof message: object (Thread[AWT-EventQueue-0,6,main])
WebSocketServer: WebSocketServer message(): {type="class ptolemy.data.AWTImageToken", width="640", height="480"}, typeof message: object (Thread[AWT-EventQueue-0,6,main])
WebSocketServer: WebSocketServer message(): {type="class ptolemy.data.AWTImageToken", width="640", height="480"}, typeof message: object (Thread[AWT-EventQueue-0,6,main])
WebSocketServer: WebSocketServer message(): {type="class ptolemy.data.AWTImageToken", width="640", height="480"}, typeof message: object (Thread[AWT-EventQueue-0,6,main])
WebSocketServer: WebSocketServer message(): {type="class ptolemy.data.AWTImageToken", width="640", height="480"}, typeof message: object (Thread[AWT-EventQueue-0,6,main])
WebSocketServer: WebSocketServer message(): {type="class ptolemy.data.AWTImageToken", width="640", height="480"}, typeof message: object (Thread[AWT-EventQueue-0,6,main])
WebSocketServer: WebSocketServer message(): {type="class ptolemy.data.AWTImageToken", width="640", height="480"}, typeof message: object (Thread[AWT-EventQueue-0,6,main])
WebSocketServer: WebSocketServer message(): {type="class ptolemy.data.AWTImageToken", width="640", height="480"}, typeof message: object (Thread[AWT-EventQueue-0,6,main])
WebSocketServer: WebSocketServer message(): {type="class ptolemy.data.AWTImageToken", width="640", height="480"}, typeof message: object (Thread[AWT-EventQueue-0,6,main])
WebSocketServer: WebSocketServer message(): {type="class ptolemy.data.AWTImageToken", width="640", height="480"}, typeof message: object (Thread[AWT-EventQueue-0,6,main])
WebSocketServer: WebSocketServer message(): {type="class ptolemy.data.AWTImageToken", width="640", height="480"}, typeof message: object (Thread[AWT-EventQueue-0,6,main])
WebSocketServer: WebSocketServer message(): {type="class ptolemy.data.AWTImageToken", width="640", height="480"}, typeof message: object (Thread[AWT-EventQueue-0,6,main])
WebSocketServer: WebSocketServer message(): {type="class ptolemy.data.AWTImageToken", width="640", height="480"}, typeof message: object (Thread[AWT-EventQueue-0,6,main])
WebSocketServer: WebSocketServer message(): {type="class ptolemy.data.AWTImageToken", width="640", height="480"}, typeof message: object (Thread[AWT-EventQueue-0,6,main])
WebSocketServer: WebSocketServer message(): {type="class ptolemy.data.AWTImageToken", width="640", height="480"}, typeof message: object (Thread[AWT-EventQueue-0,6,main])
WebSocketServer: WebSocketServer message(): {type="class ptolemy.data.AWTImageToken", width="640", height="480"}, typeof message: object (Thread[AWT-EventQueue-0,6,main])
WebSocketServer: WebSocketServer message(): {type="class ptolemy.data.AWTImageToken", width="640", height="480"}, typeof message: object (Thread[AWT-EventQueue-0,6,main])
WebSocketServer: WebSocketServer message(): {type="class ptolemy.data.AWTImageToken", width="640", height="480"}, typeof message: object (Thread[AWT-EventQueue-0,6,main])
WebSocketServer: WebSocketServer message(): {type="class ptolemy.data.AWTImageToken", width="640", height="480"}, typeof message: object (Thread[AWT-EventQueue-0,6,main])
WebSocketServer: WebSocketServer message(): {type="class ptolemy.data.AWTImageToken", width="640", height="480"}, typeof message: object (Thread[AWT-EventQueue-0,6,main])
WebSocketServer: WebSocketServer message(): {type="class ptolemy.data.AWTImageToken", width="640", height="480"}, typeof message: object (Thread[AWT-EventQueue-0,6,main])
WebSocketServer: WebSocketServer message(): {type="class ptolemy.data.AWTImageToken", width="640", height="480"}, typeof message: object (Thread[AWT-EventQueue-0,6,main])
WebSocketServer: WebSocketServer message(): {type="class ptolemy.data.AWTImageToken", width="640", height="480"}, typeof message: object (Thread[AWT-EventQueue-0,6,main])
WebSocketServer: WebSocketServer message(): {type="class ptolemy.data.AWTImageToken", width="640", height="480"}, typeof message: object (Thread[AWT-EventQueue-0,6,main])
WebSocketServer: WebSocketServer message(): {type="class ptolemy.data.AWTImageToken", width="640", height="480"}, typeof message: object (Thread[AWT-EventQueue-0,6,main])
WebSocketServer: WebSocketServer message(): {type="class ptolemy.data.AWTImageToken", width="640", height="480"}, typeof message: object (Thread[AWT-EventQueue-0,6,main])
WebSocketServer: WebSocketServer message(): {type="class ptolemy.data.AWTImageToken", width="640", height="480"}, typeof message: object (Thread[AWT-EventQueue-0,6,main])
WebSocketServer: WebSocketServer message(): {type="class ptolemy.data.AWTImageToken", width="640", height="480"}, typeof message: object (Thread[AWT-EventQueue-0,6,main])
WebSocketServer: WebSocketServer message(): {type="class ptolemy.data.AWTImageToken", width="640", height="480"}, typeof message: object (Thread[AWT-EventQueue-0,6,main])
WebSocketServer: WebSocketServer message(): {type="class ptolemy.data.AWTImageToken", width="640", height="480"}, typeof message: object (Thread[AWT-EventQueue-0,6,main])
WebSocketServer: WebSocketServer message(): {type="class ptolemy.data.AWTImageToken", width="640", height="480"}, typeof message: object (Thread[AWT-EventQueue-0,6,main])
WebSocketServer: WebSocketServer message(): {type="class ptolemy.data.AWTImageToken", width="640", height="480"}, typeof message: object (Thread[AWT-EventQueue-0,6,main])
WebSocketServer: WebSocketServer message(): {type="class ptolemy.data.AWTImageToken", width="640", height="480"}, typeof message: object (Thread[AWT-EventQueue-0,6,main])
WebSocketServer: WebSocketServer message(): {type="class ptolemy.data.AWTImageToken", width="640", height="480"}, typeof message: object (Thread[AWT-EventQueue-0,6,main])
WebSocketServer: WebSocketServer message(): {type="class ptolemy.data.AWTImageToken", width="640", height="480"}, typeof message: object (Thread[AWT-EventQueue-0,6,main])
WebSocketServer: WebSocketServer message(): {type="class ptolemy.data.AWTImageToken", width="640", height="480"}, typeof message: object (Thread[AWT-EventQueue-0,6,main])
WebSocketServer: WebSocketServer message(): {type="class ptolemy.data.AWTImageToken", width="640", height="480"}, typeof message: object (Thread[AWT-EventQueue-0,6,main])
WebSocketServer: WebSocketServer message(): {type="class ptolemy.data.AWTImageToken", width="640", height="480"}, typeof message: object (Thread[AWT-EventQueue-0,6,main])
WebSocketServer: WebSocketServer message(): {type="class ptolemy.data.AWTImageToken", width="640", height="480"}, typeof message: object (Thread[AWT-EventQueue-0,6,main])
WebSocketServer: WebSocketServer message(): {type="class ptolemy.data.AWTImageToken", width="640", height="480"}, typeof message: object (Thread[AWT-EventQueue-0,6,main])
WebSocketServer: WebSocketServer message(): {type="class ptolemy.data.AWTImageToken", width="640", height="480"}, typeof message: object (Thread[AWT-EventQueue-0,6,main])
WebSocketServer: WebSocketServer message(): {type="class ptolemy.data.AWTImageToken", width="640", height="480"}, typeof message: object (Thread[AWT-EventQueue-0,6,main])
WebSocketServer: WebSocketServer message(): {type="class ptolemy.data.AWTImageToken", width="640", height="480"}, typeof message: object (Thread[AWT-EventQueue-0,6,main])
WebSocketServer: WebSocketServer message(): {type="class ptolemy.data.AWTImageToken", width="640", height="480"}, typeof message: object (Thread[AWT-EventQueue-0,6,main])
WebSocketServer: WebSocketServer message(): {type="class ptolemy.data.AWTImageToken", width="640", height="480"}, typeof message: object (Thread[AWT-EventQueue-0,6,main])
WebSocketServer: WebSocketServer message(): {type="class ptolemy.data.AWTImageToken", width="640", height="480"}, typeof message: object (Thread[AWT-EventQueue-0,6,main])
WebSocketServer: WebSocketServer message(): {type="class ptolemy.data.AWTImageToken", width="640", height="480"}, typeof message: object (Thread[AWT-EventQueue-0,6,main])
WebSocketServer: WebSocketServer message(): {type="class ptolemy.data.AWTImageToken", width="640", height="480"}, typeof message: object (Thread[AWT-EventQueue-0,6,main])
WebSocketServer: WebSocketServer message(): {type="class ptolemy.data.AWTImageToken", width="640", height="480"}, typeof message: object (Thread[AWT-EventQueue-0,6,main])
WebSocketServer: WebSocketServer message(): {type="class ptolemy.data.AWTImageToken", width="640", height="480"}, typeof message: object (Thread[AWT-EventQueue-0,6,main])
WebSocketServer: WebSocketServer message(): {type="class ptolemy.data.AWTImageToken", width="640", height="480"}, typeof message: object (Thread[AWT-EventQueue-0,6,main])
WebSocketServer: WebSocketServer message(): {type="class ptolemy.data.AWTImageToken", width="640", height="480"}, typeof message: object (Thread[AWT-EventQueue-0,6,main])
WebSocketServer: WebSocketServer message(): {type="class ptolemy.data.AWTImageToken", width="640", height="480"}, typeof message: object (Thread[AWT-EventQueue-0,6,main])
WebSocketServer: WebSocketServer message(): {type="class ptolemy.data.AWTImageToken", width="640", height="480"}, typeof message: object (Thread[AWT-EventQueue-0,6,main])
WebSocketServer: WebSocketServer message(): {type="class ptolemy.data.AWTImageToken", width="640", height="480"}, typeof message: object (Thread[AWT-EventQueue-0,6,main])
WebSocketServer: WebSocketServer message(): {type="class ptolemy.data.AWTImageToken", width="640", height="480"}, typeof message: object (Thread[AWT-EventQueue-0,6,main])
WebSocketServer: WebSocketServer message(): {type="class ptolemy.data.AWTImageToken", width="640", height="480"}, typeof message: object (Thread[AWT-EventQueue-0,6,main])
WebSocketServer: WebSocketServer message(): {type="class ptolemy.data.AWTImageToken", width="640", height="480"}, typeof message: object (Thread[AWT-EventQueue-0,6,main])
WebSocketServer: WebSocketServer message(): {type="class ptolemy.data.AWTImageToken", width="640", height="480"}, typeof message: object (Thread[AWT-EventQueue-0,6,main])
WebSocketServer: WebSocketServer message(): {type="class ptolemy.data.AWTImageToken", width="640", height="480"}, typeof message: object (Thread[AWT-EventQueue-0,6,main])
WebSocketServer: WebSocketServer message(): {type="class ptolemy.data.AWTImageToken", width="640", height="480"}, typeof message: object (Thread[AWT-EventQueue-0,6,main])
WebSocketServer: WebSocketServer message(): {type="class ptolemy.data.AWTImageToken", width="640", height="480"}, typeof message: object (Thread[AWT-EventQueue-0,6,main])
WebSocketServer: WebSocketServer message(): {type="class ptolemy.data.AWTImageToken", width="640", height="480"}, typeof message: object (Thread[AWT-EventQueue-0,6,main])
WebSocketServer: WebSocketServer message(): {type="class ptolemy.data.AWTImageToken", width="640", height="480"}, typeof message: object (Thread[AWT-EventQueue-0,6,main])
WebSocketServer: WebSocketServer message(): {type="class ptolemy.data.AWTImageToken", width="640", height="480"}, typeof message: object (Thread[AWT-EventQueue-0,6,main])
WebSocketServer: WebSocketServer message(): {type="class ptolemy.data.AWTImageToken", width="640", height="480"}, typeof message: object (Thread[AWT-EventQueue-0,6,main])
WebSocketServer: WebSocketServer message(): {type="class ptolemy.data.AWTImageToken", width="640", height="480"}, typeof message: object (Thread[AWT-EventQueue-0,6,main])
WebSocketServer: WebSocketServer message(): {type="class ptolemy.data.AWTImageToken", width="640", height="480"}, typeof message: object (Thread[AWT-EventQueue-0,6,main])
WebSocketServer: WebSocketServer message(): {type="class ptolemy.data.AWTImageToken", width="640", height="480"}, typeof message: object (Thread[AWT-EventQueue-0,6,main])
WebSocketServer: WebSocketServer message(): {type="class ptolemy.data.AWTImageToken", width="640", height="480"}, typeof message: object (Thread[AWT-EventQueue-0,6,main])
WebSocketServer: WebSocketServer message(): {type="class ptolemy.data.AWTImageToken", width="640", height="480"}, typeof message: object (Thread[AWT-EventQueue-0,6,main])
WebSocketServer: WebSocketServer message(): {type="class ptolemy.data.AWTImageToken", width="640", height="480"}, typeof message: object (Thread[AWT-EventQueue-0,6,main])
WebSocketServer: WebSocketServer message(): {type="class ptolemy.data.AWTImageToken", width="640", height="480"}, typeof message: object (Thread[AWT-EventQueue-0,6,main])
WebSocketServer: WebSocketServer message(): {type="class ptolemy.data.AWTImageToken", width="640", height="480"}, typeof message: object (Thread[AWT-EventQueue-0,6,main])
WebSocketServer: WebSocketServer message(): {type="class ptolemy.data.AWTImageToken", width="640", height="480"}, typeof message: object (Thread[AWT-EventQueue-0,6,main])
WebSocketServer: WebSocketServer message(): {type="class ptolemy.data.AWTImageToken", width="640", height="480"}, typeof message: object (Thread[AWT-EventQueue-0,6,main])
WebSocketServer: WebSocketServer message(): {type="class ptolemy.data.AWTImageToken", width="640", height="480"}, typeof message: object (Thread[AWT-EventQueue-0,6,main])
WebSocketServer: WebSocketServer message(): {type="class ptolemy.data.AWTImageToken", width="640", height="480"}, typeof message: object (Thread[AWT-EventQueue-0,6,main])
WebSocketServer: WebSocketServer message(): {type="class ptolemy.data.AWTImageToken", width="640", height="480"}, typeof message: object (Thread[AWT-EventQueue-0,6,main])
WebSocketServer: WebSocketServer message(): {type="class ptolemy.data.AWTImageToken", width="640", height="480"}, typeof message: object (Thread[AWT-EventQueue-0,6,main])
WebSocketServer: WebSocketServer message(): {type="class ptolemy.data.AWTImageToken", width="640", height="480"}, typeof message: object (Thread[AWT-EventQueue-0,6,main])
WebSocketServer: WebSocketServer message(): {type="class ptolemy.data.AWTImageToken", width="640", height="480"}, typeof message: object (Thread[AWT-EventQueue-0,6,main])
WebSocketServer: WebSocketServer message(): {type="class ptolemy.data.AWTImageToken", width="640", height="480"}, typeof message: object (Thread[AWT-EventQueue-0,6,main])
WebSocketServer: WebSocketServer message(): {type="class ptolemy.data.AWTImageToken", width="640", height="480"}, typeof message: object (Thread[AWT-EventQueue-0,6,main])
WebSocketServer: WebSocketServer message(): {type="class ptolemy.data.AWTImageToken", width="640", height="480"}, typeof message: object (Thread[AWT-EventQueue-0,6,main])
WebSocketServer: WebSocketServer message(): {type="class ptolemy.data.AWTImageToken", width="640", height="480"}, typeof message: object (Thread[AWT-EventQueue-0,6,main])
WebSocketServer: WebSocketServer message(): {type="class ptolemy.data.AWTImageToken", width="640", height="480"}, typeof message: object (Thread[AWT-EventQueue-0,6,main])
WebSocketServer: WebSocketServer message(): {type="class ptolemy.data.AWTImageToken", width="640", height="480"}, typeof message: object (Thread[AWT-EventQueue-0,6,main])
WebSocketServer: WebSocketServer message(): {type="class ptolemy.data.AWTImageToken", width="640", height="480"}, typeof message: object (Thread[AWT-EventQueue-0,6,main])
WebSocketServer: WebSocketServer message(): {type="class ptolemy.data.AWTImageToken", width="640", height="480"}, typeof message: object (Thread[AWT-EventQueue-0,6,main])
WebSocketServer: WebSocketServer message(): {type="class ptolemy.data.AWTImageToken", width="640", height="480"}, typeof message: object (Thread[AWT-EventQueue-0,6,main])
WebSocketServer: WebSocketServer message(): {type="class ptolemy.data.AWTImageToken", width="640", height="480"}, typeof message: object (Thread[AWT-EventQueue-0,6,main])
WebSocketServer: WebSocketServer message(): {type="class ptolemy.data.AWTImageToken", width="640", height="480"}, typeof message: object (Thread[AWT-EventQueue-0,6,main])
WebSocketServer: WebSocketServer message(): {type="class ptolemy.data.AWTImageToken", width="640", height="480"}, typeof message: object (Thread[AWT-EventQueue-0,6,main])
WebSocketServer: WebSocketServer message(): {type="class ptolemy.data.AWTImageToken", width="640", height="480"}, typeof message: object (Thread[AWT-EventQueue-0,6,main])
WebSocketServer: WebSocketServer message(): {type="class ptolemy.data.AWTImageToken", width="640", height="480"}, typeof message: object (Thread[AWT-EventQueue-0,6,main])
WebSocketServer: WebSocketServer message(): {type="class ptolemy.data.AWTImageToken", width="640", height="480"}, typeof message: object (Thread[AWT-EventQueue-0,6,main])
WebSocketServer: WebSocketServer message(): {type="class ptolemy.data.AWTImageToken", width="640", height="480"}, typeof message: object (Thread[AWT-EventQueue-0,6,main])
WebSocketServer: WebSocketServer message(): {type="class ptolemy.data.AWTImageToken", width="640", height="480"}, typeof message: object (Thread[AWT-EventQueue-0,6,main])
WebSocketServer: WebSocketServer message(): {type="class ptolemy.data.AWTImageToken", width="640", height="480"}, typeof message: object (Thread[AWT-EventQueue-0,6,main])
WebSocketServer: WebSocketServer message(): {type="class ptolemy.data.AWTImageToken", width="640", height="480"}, typeof message: object (Thread[AWT-EventQueue-0,6,main])
WebSocketServer: WebSocketServer message(): {type="class ptolemy.data.AWTImageToken", width="640", height="480"}, typeof message: object (Thread[AWT-EventQueue-0,6,main])
WebSocketServer: WebSocketServer message(): {type="class ptolemy.data.AWTImageToken", width="640", height="480"}, typeof message: object (Thread[AWT-EventQueue-0,6,main])
WebSocketServer: WebSocketServer message(): {type="class ptolemy.data.AWTImageToken", width="640", height="480"}, typeof message: object (Thread[AWT-EventQueue-0,6,main])
WebSocketServer: WebSocketServer message(): {type="class ptolemy.data.AWTImageToken", width="640", height="480"}, typeof message: object (Thread[AWT-EventQueue-0,6,main])
WebSocketServer: WebSocketServer message(): {type="class ptolemy.data.AWTImageToken", width="640", height="480"}, typeof message: object (Thread[AWT-EventQueue-0,6,main])
WebSocketServer: WebSocketServer message(): {type="class ptolemy.data.AWTImageToken", width="640", height="480"}, typeof message: object (Thread[AWT-EventQueue-0,6,main])
WebSocketServer: WebSocketServer message(): {type="class ptolemy.data.AWTImageToken", width="640", height="480"}, typeof message: object (Thread[AWT-EventQueue-0,6,main])
WebSocketServer: WebSocketServer message(): {type="class ptolemy.data.AWTImageToken", width="640", height="480"}, typeof message: object (Thread[AWT-EventQueue-0,6,main])
WebSocketServer: WebSocketServer message(): {type="class ptolemy.data.AWTImageToken", width="640", height="480"}, typeof message: object (Thread[AWT-EventQueue-0,6,main])
WebSocketServer: WebSocketServer message(): {type="class ptolemy.data.AWTImageToken", width="640", height="480"}, typeof message: object (Thread[AWT-EventQueue-0,6,main])
WebSocketServer: WebSocketServer message(): {type="class ptolemy.data.AWTImageToken", width="640", height="480"}, typeof message: object (Thread[AWT-EventQueue-0,6,main])
WebSocketServer: WebSocketServer message(): {type="class ptolemy.data.AWTImageToken", width="640", height="480"}, typeof message: object (Thread[AWT-EventQueue-0,6,main])
WebSocketServer: WebSocketServer message(): {type="class ptolemy.data.AWTImageToken", width="640", height="480"}, typeof message: object (Thread[AWT-EventQueue-0,6,main])
WebSocketServer: WebSocketServer message(): {type="class ptolemy.data.AWTImageToken", width="640", height="480"}, typeof message: object (Thread[AWT-EventQueue-0,6,main])
WebSocketServer: WebSocketServer message(): {type="class ptolemy.data.AWTImageToken", width="640", height="480"}, typeof message: object (Thread[AWT-EventQueue-0,6,main])
WebSocketServer: WebSocketServer message(): {type="class ptolemy.data.AWTImageToken", width="640", height="480"}, typeof message: object (Thread[AWT-EventQueue-0,6,main])
WebSocketServer: WebSocketServer message(): {type="class ptolemy.data.AWTImageToken", width="640", height="480"}, typeof message: object (Thread[AWT-EventQueue-0,6,main])
WebSocketServer: WebSocketServer message(): {type="class ptolemy.data.AWTImageToken", width="640", height="480"}, typeof message: object (Thread[AWT-EventQueue-0,6,main])
WebSocketServer: WebSocketServer message(): {type="class ptolemy.data.AWTImageToken", width="640", height="480"}, typeof message: object (Thread[AWT-EventQueue-0,6,main])
WebSocketServer: WebSocketServer message(): {type="class ptolemy.data.AWTImageToken", width="640", height="480"}, typeof message: object (Thread[AWT-EventQueue-0,6,main])
WebSocketServer: WebSocketServer message(): {type="class ptolemy.data.AWTImageToken", width="640", height="480"}, typeof message: object (Thread[AWT-EventQueue-0,6,main])
WebSocketServer: WebSocketServer message(): {type="class ptolemy.data.AWTImageToken", width="640", height="480"}, typeof message: object (Thread[AWT-EventQueue-0,6,main])
WebSocketServer: WebSocketServer message(): {type="class ptolemy.data.AWTImageToken", width="640", height="480"}, typeof message: object (Thread[AWT-EventQueue-0,6,main])
WebSocketServer: WebSocketServer message(): {type="class ptolemy.data.AWTImageToken", width="640", height="480"}, typeof message: object (Thread[AWT-EventQueue-0,6,main])
WebSocketServer: WebSocketServer message(): {type="class ptolemy.data.AWTImageToken", width="640", height="480"}, typeof message: object (Thread[AWT-EventQueue-0,6,main])
WebSocketServer: WebSocketServer message(): {type="class ptolemy.data.AWTImageToken", width="640", height="480"}, typeof message: object (Thread[AWT-EventQueue-0,6,main])
WebSocketServer: WebSocketServer message(): {type="class ptolemy.data.AWTImageToken", width="640", height="480"}, typeof message: object (Thread[AWT-EventQueue-0,6,main])
WebSocketServer: WebSocketServer message(): {type="class ptolemy.data.AWTImageToken", width="640", height="480"}, typeof message: object (Thread[AWT-EventQueue-0,6,main])
WebSocketServer: WebSocketServer message(): {type="class ptolemy.data.AWTImageToken", width="640", height="480"}, typeof message: object (Thread[AWT-EventQueue-0,6,main])
WebSocketServer: WebSocketServer message(): {type="class ptolemy.data.AWTImageToken", width="640", height="480"}, typeof message: object (Thread[AWT-EventQueue-0,6,main])
WebSocketServer: WebSocketServer message(): {type="class ptolemy.data.AWTImageToken", width="640", height="480"}, typeof message: object (Thread[AWT-EventQueue-0,6,main])
WebSocketServer: WebSocketServer message(): {type="class ptolemy.data.AWTImageToken", width="640", height="480"}, typeof message: object (Thread[AWT-EventQueue-0,6,main])
WebSocketServer: WebSocketServer message(): {type="class ptolemy.data.AWTImageToken", width="640", height="480"}, typeof message: object (Thread[AWT-EventQueue-0,6,main])
WebSocketServer: WebSocketServer message(): {type="class ptolemy.data.AWTImageToken", width="640", height="480"}, typeof message: object (Thread[AWT-EventQueue-0,6,main])
WebSocketServer: WebSocketServer message(): {type="class ptolemy.data.AWTImageToken", width="640", height="480"}, typeof message: object (Thread[AWT-EventQueue-0,6,main])
WebSocketServer: WebSocketServer message(): {type="class ptolemy.data.AWTImageToken", width="640", height="480"}, typeof message: object (Thread[AWT-EventQueue-0,6,main])
WebSocketServer: WebSocketServer message(): {type="class ptolemy.data.AWTImageToken", width="640", height="480"}, typeof message: object (Thread[AWT-EventQueue-0,6,main])
WebSocketServer: WebSocketServer message(): {type="class ptolemy.data.AWTImageToken", width="640", height="480"}, typeof message: object (Thread[AWT-EventQueue-0,6,main])
WebSocketServer: WebSocketServer message(): {type="class ptolemy.data.AWTImageToken", width="640", height="480"}, typeof message: object (Thread[AWT-EventQueue-0,6,main])
WebSocketServer: WebSocketServer message(): {type="class ptolemy.data.AWTImageToken", width="640", height="480"}, typeof message: object (Thread[AWT-EventQueue-0,6,main])
WebSocketServer: WebSocketServer message(): {type="class ptolemy.data.AWTImageToken", width="640", height="480"}, typeof message: object (Thread[AWT-EventQueue-0,6,main])
WebSocketServer: WebSocketServer message(): {type="class ptolemy.data.AWTImageToken", width="640", height="480"}, typeof message: object (Thread[AWT-EventQueue-0,6,main])
WebSocketServer: WebSocketServer message(): {type="class ptolemy.data.AWTImageToken", width="640", height="480"}, typeof message: object (Thread[AWT-EventQueue-0,6,main])
WebSocketServer: WebSocketServer message(): {type="class ptolemy.data.AWTImageToken", width="640", height="480"}, typeof message: object (Thread[AWT-EventQueue-0,6,main])
WebSocketServer: WebSocketServer message(): {type="class ptolemy.data.AWTImageToken", width="640", height="480"}, typeof message: object (Thread[AWT-EventQueue-0,6,main])
WebSocketServer: WebSocketServer message(): {type="class ptolemy.data.AWTImageToken", width="640", height="480"}, typeof message: object (Thread[AWT-EventQueue-0,6,main])
WebSocketServer: WebSocketServer message(): {type="class ptolemy.data.AWTImageToken", width="640", height="480"}, typeof message: object (Thread[AWT-EventQueue-0,6,main])
WebSocketServer: WebSocketServer message(): {type="class ptolemy.data.AWTImageToken", width="640", height="480"}, typeof message: object (Thread[AWT-EventQueue-0,6,main])
WebSocketServer: WebSocketServer message(): {type="class ptolemy.data.AWTImageToken", width="640", height="480"}, typeof message: object (Thread[AWT-EventQueue-0,6,main])
WebSocketServer: WebSocketServer message(): {type="class ptolemy.data.AWTImageToken", width="640", height="480"}, typeof message: object (Thread[AWT-EventQueue-0,6,main])
WebSocketServer: WebSocketServer message(): {type="class ptolemy.data.AWTImageToken", width="640", height="480"}, typeof message: object (Thread[AWT-EventQueue-0,6,main])
WebSocketServer: WebSocketServer message(): {type="class ptolemy.data.AWTImageToken", width="640", height="480"}, typeof message: object (Thread[AWT-EventQueue-0,6,main])
WebSocketServer: WebSocketServer message(): {type="class ptolemy.data.AWTImageToken", width="640", height="480"}, typeof message: object (Thread[AWT-EventQueue-0,6,main])
WebSocketServer: WebSocketServer message(): {type="class ptolemy.data.AWTImageToken", width="640", height="480"}, typeof message: object (Thread[AWT-EventQueue-0,6,main])
WebSocketServer: WebSocketServer message(): {type="class ptolemy.data.AWTImageToken", width="640", height="480"}, typeof message: object (Thread[AWT-EventQueue-0,6,main])
WebSocketServer: WebSocketServer message(): {type="class ptolemy.data.AWTImageToken", width="640", height="480"}, typeof message: object (Thread[AWT-EventQueue-0,6,main])
WebSocketServer: WebSocketServer message(): {type="class ptolemy.data.AWTImageToken", width="640", height="480"}, typeof message: object (Thread[AWT-EventQueue-0,6,main])
WebSocketServer: WebSocketServer message(): {type="class ptolemy.data.AWTImageToken", width="640", height="480"}, typeof message: object (Thread[AWT-EventQueue-0,6,main])
WebSocketServer: WebSocketServer message(): {type="class ptolemy.data.AWTImageToken", width="640", height="480"}, typeof message: object (Thread[AWT-EventQueue-0,6,main])
WebSocketServer: WebSocketServer message(): {type="class ptolemy.data.AWTImageToken", width="640", height="480"}, typeof message: object (Thread[AWT-EventQueue-0,6,main])
WebSocketServer: WebSocketServer message(): {type="class ptolemy.data.AWTImageToken", width="640", height="480"}, typeof message: object (Thread[AWT-EventQueue-0,6,main])
WebSocketServer: WebSocketServer message(): {type="class ptolemy.data.AWTImageToken", width="640", height="480"}, typeof message: object (Thread[AWT-EventQueue-0,6,main])
WebSocketServer: WebSocketServer message(): {type="class ptolemy.data.AWTImageToken", width="640", height="480"}, typeof message: object (Thread[AWT-EventQueue-0,6,main])
WebSocketServer: WebSocketServer message(): {type="class ptolemy.data.AWTImageToken", width="640", height="480"}, typeof message: object (Thread[AWT-EventQueue-0,6,main])
WebSocketServer: WebSocketServer message(): {type="class ptolemy.data.AWTImageToken", width="640", height="480"}, typeof message: object (Thread[AWT-EventQueue-0,6,main])
WebSocketServer: WebSocketServer message(): {type="class ptolemy.data.AWTImageToken", width="640", height="480"}, typeof message: object (Thread[AWT-EventQueue-0,6,main])
WebSocketServer: WebSocketServer message(): {type="class ptolemy.data.AWTImageToken", width="640", height="480"}, typeof message: object (Thread[AWT-EventQueue-0,6,main])
WebSocketServer: WebSocketServer message(): {type="class ptolemy.data.AWTImageToken", width="640", height="480"}, typeof message: object (Thread[AWT-EventQueue-0,6,main])
WebSocketServer: WebSocketServer message(): {type="class ptolemy.data.AWTImageToken", width="640", height="480"}, typeof message: object (Thread[AWT-EventQueue-0,6,main])
WebSocketServer: WebSocketServer message(): {type="class ptolemy.data.AWTImageToken", width="640", height="480"}, typeof message: object (Thread[AWT-EventQueue-0,6,main])
WebSocketServer: WebSocketServer message(): {type="class ptolemy.data.AWTImageToken", width="640", height="480"}, typeof message: object (Thread[AWT-EventQueue-0,6,main])
WebSocketServer: WebSocketServer message(): {type="class ptolemy.data.AWTImageToken", width="640", height="480"}, typeof message: object (Thread[AWT-EventQueue-0,6,main])
WebSocketServer: WebSocketServer message(): {type="class ptolemy.data.AWTImageToken", width="640", height="480"}, typeof message: object (Thread[AWT-EventQueue-0,6,main])
WebSocketServer: WebSocketServer message(): {type="class ptolemy.data.AWTImageToken", width="640", height="480"}, typeof message: object (Thread[AWT-EventQueue-0,6,main])
WebSocketServer: WebSocketServer message(): {type="class ptolemy.data.AWTImageToken", width="640", height="480"}, typeof message: object (Thread[AWT-EventQueue-0,6,main])
WebSocketServer: WebSocketServer message(): {type="class ptolemy.data.AWTImageToken", width="640", height="480"}, typeof message: object (Thread[AWT-EventQueue-0,6,main])
WebSocketServer: WebSocketServer message(): {type="class ptolemy.data.AWTImageToken", width="640", height="480"}, typeof message: object (Thread[AWT-EventQueue-0,6,main])
WebSocketServer: WebSocketServer message(): {type="class ptolemy.data.AWTImageToken", width="640", height="480"}, typeof message: object (Thread[AWT-EventQueue-0,6,main])
WebSocketServer: WebSocketServer message(): {type="class ptolemy.data.AWTImageToken", width="640", height="480"}, typeof message: object (Thread[AWT-EventQueue-0,6,main])
WebSocketServer: WebSocketServer message(): {type="class ptolemy.data.AWTImageToken", width="640", height="480"}, typeof message: object (Thread[AWT-EventQueue-0,6,main])
WebSocketServer: WebSocketServer message(): {type="class ptolemy.data.AWTImageToken", width="640", height="480"}, typeof message: object (Thread[AWT-EventQueue-0,6,main])
WebSocketServer: WebSocketServer message(): {type="class ptolemy.data.AWTImageToken", width="640", height="480"}, typeof message: object (Thread[AWT-EventQueue-0,6,main])
WebSocketServer: WebSocketServer message(): {type="class ptolemy.data.AWTImageToken", width="640", height="480"}, typeof message: object (Thread[AWT-EventQueue-0,6,main])
WebSocketServer: WebSocketServer message(): {type="class ptolemy.data.AWTImageToken", width="640", height="480"}, typeof message: object (Thread[AWT-EventQueue-0,6,main])
WebSocketServer: WebSocketServer message(): {type="class ptolemy.data.AWTImageToken", width="640", height="480"}, typeof message: object (Thread[AWT-EventQueue-0,6,main])
WebSocketServer: WebSocketServer message(): {type="class ptolemy.data.AWTImageToken", width="640", height="480"}, typeof message: object (Thread[AWT-EventQueue-0,6,main])
WebSocketServer: WebSocketServer message(): {type="class ptolemy.data.AWTImageToken", width="640", height="480"}, typeof message: object (Thread[AWT-EventQueue-0,6,main])
WebSocketServer: WebSocketServer message(): {type="class ptolemy.data.AWTImageToken", width="640", height="480"}, typeof message: object (Thread[AWT-EventQueue-0,6,main])
WebSocketServer: WebSocketServer message(): {type="class ptolemy.data.AWTImageToken", width="640", height="480"}, typeof message: object (Thread[AWT-EventQueue-0,6,main])
WebSocketServer: WebSocketServer message(): {type="class ptolemy.data.AWTImageToken", width="640", height="480"}, typeof message: object (Thread[AWT-EventQueue-0,6,main])
WebSocketServer: WebSocketServer message(): {type="class ptolemy.data.AWTImageToken", width="640", height="480"}, typeof message: object (Thread[AWT-EventQueue-0,6,main])
WebSocketServer: WebSocketServer message(): {type="class ptolemy.data.AWTImageToken", width="640", height="480"}, typeof message: object (Thread[AWT-EventQueue-0,6,main])
WebSocketServer: WebSocketServer message(): {type="class ptolemy.data.AWTImageToken", width="640", height="480"}, typeof message: object (Thread[AWT-EventQueue-0,6,main])
WebSocketServer: WebSocketServer message(): {type="class ptolemy.data.AWTImageToken", width="640", height="480"}, typeof message: object (Thread[AWT-EventQueue-0,6,main])
WebSocketServer: WebSocketServer message(): {type="class ptolemy.data.AWTImageToken", width="640", height="480"}, typeof message: object (Thread[AWT-EventQueue-0,6,main])
WebSocketServer: WebSocketServer message(): {type="class ptolemy.data.AWTImageToken", width="640", height="480"}, typeof message: object (Thread[AWT-EventQueue-0,6,main])
WebSocketServer: WebSocketServer message(): {type="class ptolemy.data.AWTImageToken", width="640", height="480"}, typeof message: object (Thread[AWT-EventQueue-0,6,main])
WebSocketServer: WebSocketServer message(): {type="class ptolemy.data.AWTImageToken", width="640", height="480"}, typeof message: object (Thread[AWT-EventQueue-0,6,main])
WebSocketServer: WebSocketServer message(): {type="class ptolemy.data.AWTImageToken", width="640", height="480"}, typeof message: object (Thread[AWT-EventQueue-0,6,main])
WebSocketServer: WebSocketServer message(): {type="class ptolemy.data.AWTImageToken", width="640", height="480"}, typeof message: object (Thread[AWT-EventQueue-0,6,main])
WebSocketServer: WebSocketServer message(): {type="class ptolemy.data.AWTImageToken", width="640", height="480"}, typeof message: object (Thread[AWT-EventQueue-0,6,main])
WebSocketServer: WebSocketServer message(): {type="class ptolemy.data.AWTImageToken", width="640", height="480"}, typeof message: object (Thread[AWT-EventQueue-0,6,main])
WebSocketServer: WebSocketServer message(): {type="class ptolemy.data.AWTImageToken", width="640", height="480"}, typeof message: object (Thread[AWT-EventQueue-0,6,main])
WebSocketServer: WebSocketServer message(): {type="class ptolemy.data.AWTImageToken", width="640", height="480"}, typeof message: object (Thread[AWT-EventQueue-0,6,main])
WebSocketServer: WebSocketServer message(): {type="class ptolemy.data.AWTImageToken", width="640", height="480"}, typeof message: object (Thread[AWT-EventQueue-0,6,main])
ExportHTMLTimer went off after 30000 ms., calling getDirector().finish and getDirector().stopFire()
WebSocketClient: Connection closed because model is no longer running. (Thread[AWT-EventQueue-0,6,main])
30082 ms. Memory: 2392064K Free: 902937K (38%)
Exported /home/travis/build/icyphy/ptII/ptolemy/actor/lib/jjs/modules/webSocket/demo/WebSocketImage/WebSocketImage/index.html
36946 ms. Memory: 2392064K Free: 861407K (36%)
####### 41 Sat May 19 02:13:57 UTC 2018 $PTII/bin/ptinvoke ptolemy.vergil.basic.export.ExportModel -force htm -run -openComposites -timeOut 30000 -whiteBackground ptolemy/actor/lib/jjs/modules/webSocket/demo/WebSocketLog/WebSocketLog.xml $PTII/ptolemy/actor/lib/jjs/modules/webSocket/demo/WebSocketLog/WebSocketLog
----------------- Sat May 19 02:13:57 UTC 2018 About to sleep for 5.0 seconds before running or rerunning.  Test is: /home/travis/build/icyphy/ptII/ptolemy/actor/lib/jjs/modules/webSocket/demo/WebSocketLog/WebSocketLog.xml
Done sleeping
Running .WebSocketLog
13786 ms. Memory: 2405376K Free: 772570K (32%)
Exported /home/travis/build/icyphy/ptII/ptolemy/actor/lib/jjs/modules/webSocket/demo/WebSocketLog/WebSocketLog/index.html
20085 ms. Memory: 2405376K Free: 734477K (31%)
####### 42 Sat May 19 02:14:22 UTC 2018 $PTII/bin/ptinvoke ptolemy.vergil.basic.export.ExportModel -force htm -run -openComposites -timeOut 30000 -whiteBackground ptolemy/actor/lib/jjs/modules/webSocket/demo/WebSocketsServerClient/WebSocketsServerClient.xml $PTII/ptolemy/actor/lib/jjs/modules/webSocket/demo/WebSocketsServerClient/WebSocketsServerClient
----------------- Sat May 19 02:14:22 UTC 2018 About to sleep for 5.0 seconds before running or rerunning.  Test is: /home/travis/build/icyphy/ptII/ptolemy/actor/lib/jjs/modules/webSocket/demo/WebSocketsServerClient/WebSocketsServerClient.xml
Done sleeping
Running .WebSocketsServerClient
WSClient: Connection to socket is open. (Thread[vert.x-eventloop-thread-3,6,main])
WSClient: Connection closed because model is no longer running. (Thread[AWT-EventQueue-0,6,main])
12431 ms. Memory: 2426880K Free: 1093589K (45%)
Exported /home/travis/build/icyphy/ptII/ptolemy/actor/lib/jjs/modules/webSocket/demo/WebSocketsServerClient/WebSocketsServerClient/index.html
17937 ms. Memory: 2426880K Free: 1071086K (44%)
####### 43 Sat May 19 02:14:45 UTC 2018 $PTII/bin/ptinvoke ptolemy.vergil.basic.export.ExportModel -force htm  -openComposites -timeOut 30000 -whiteBackground ptolemy/actor/lib/jjs/modules/xbee/demo/XBeeHelloWorld/XBeeDataTypes.xml $PTII/ptolemy/actor/lib/jjs/modules/xbee/demo/XBeeHelloWorld/XBeeDataTypes
Warning: not running ptolemy/actor/lib/jjs/modules/xbee/demo/XBeeHelloWorld/XBeeDataTypes.xml. See ptolemy/vergil/basic/export/test/junit/ExportModelJUnitTest.java
----------------- Sat May 19 02:14:45 UTC 2018 About to sleep for 5.0 seconds before running or rerunning.  Test is: /home/travis/build/icyphy/ptII/ptolemy/actor/lib/jjs/modules/xbee/demo/XBeeHelloWorld/XBeeDataTypes.xml
Done sleeping
Exported /home/travis/build/icyphy/ptII/ptolemy/actor/lib/jjs/modules/xbee/demo/XBeeHelloWorld/XBeeDataTypes/index.html
4540 ms. Memory: 2426880K Free: 695619K (29%)
####### 44 Sat May 19 02:14:55 UTC 2018 $PTII/bin/ptinvoke ptolemy.vergil.basic.export.ExportModel -force htm  -openComposites -timeOut 30000 -whiteBackground ptolemy/actor/lib/jjs/modules/xbee/demo/XBeeHelloWorld/XBeeHelloWorld.xml $PTII/ptolemy/actor/lib/jjs/modules/xbee/demo/XBeeHelloWorld/XBeeHelloWorld
Warning: not running ptolemy/actor/lib/jjs/modules/xbee/demo/XBeeHelloWorld/XBeeHelloWorld.xml. See ptolemy/vergil/basic/export/test/junit/ExportModelJUnitTest.java
----------------- Sat May 19 02:14:55 UTC 2018 About to sleep for 5.0 seconds before running or rerunning.  Test is: /home/travis/build/icyphy/ptII/ptolemy/actor/lib/jjs/modules/xbee/demo/XBeeHelloWorld/XBeeHelloWorld.xml
Done sleeping
Exported /home/travis/build/icyphy/ptII/ptolemy/actor/lib/jjs/modules/xbee/demo/XBeeHelloWorld/XBeeHelloWorld/index.html
4921 ms. Memory: 2434048K Free: 1412587K (58%)
####### 45 Sat May 19 02:15:05 UTC 2018 $PTII/bin/ptinvoke ptolemy.vergil.basic.export.ExportModel -force htm  -openComposites -timeOut 30000 -whiteBackground ptolemy/actor/lib/jmf/demo/JMFJAI/JMFJAI.xml $PTII/ptolemy/actor/lib/jmf/demo/JMFJAI/JMFJAI
Warning: not running ptolemy/actor/lib/jmf/demo/JMFJAI/JMFJAI.xml. See ptolemy/vergil/basic/export/test/junit/ExportModelJUnitTest.java
Exported /home/travis/build/icyphy/ptII/ptolemy/actor/lib/jmf/demo/JMFJAI/JMFJAI/index.html
3208 ms. Memory: 2434048K Free: 1301201K (53%)
####### 46 Sat May 19 02:15:08 UTC 2018 $PTII/bin/ptinvoke ptolemy.vergil.basic.export.ExportModel -force htm  -openComposites -timeOut 30000 -whiteBackground ptolemy/actor/lib/jmf/demo/VideoCapture/VideoCapture.xml $PTII/ptolemy/actor/lib/jmf/demo/VideoCapture/VideoCapture
Warning: not running ptolemy/actor/lib/jmf/demo/VideoCapture/VideoCapture.xml. See ptolemy/vergil/basic/export/test/junit/ExportModelJUnitTest.java
Exported /home/travis/build/icyphy/ptII/ptolemy/actor/lib/jmf/demo/VideoCapture/VideoCapture/index.html
3178 ms. Memory: 2434048K Free: 1190004K (49%)
####### 47 Sat May 19 02:15:11 UTC 2018 $PTII/bin/ptinvoke ptolemy.vergil.basic.export.ExportModel -force htm -run -openComposites -timeOut 30000 -whiteBackground ptolemy/actor/lib/mail/demo/ExceptionEmailer/ExceptionEmailer.xml $PTII/ptolemy/actor/lib/mail/demo/ExceptionEmailer/ExceptionEmailer
Running .ExceptionEmailer
18 ms. Memory: 2434048K Free: 1080594K (44%)
Exported /home/travis/build/icyphy/ptII/ptolemy/actor/lib/mail/demo/ExceptionEmailer/ExceptionEmailer/index.html
4230 ms. Memory: 2434048K Free: 1035144K (43%)
####### 48 Sat May 19 02:15:15 UTC 2018 $PTII/bin/ptinvoke ptolemy.vergil.basic.export.ExportModel -force htm -run -openComposites -timeOut 30000 -whiteBackground ptolemy/actor/lib/mail/demo/SendMail/SendMail.xml $PTII/ptolemy/actor/lib/mail/demo/SendMail/SendMail
Running .SendMail
29 ms. Memory: 2434048K Free: 925776K (38%)
Exported /home/travis/build/icyphy/ptII/ptolemy/actor/lib/mail/demo/SendMail/SendMail/index.html
4198 ms. Memory: 2434048K Free: 880316K (36%)
####### 49 Sat May 19 02:15:19 UTC 2018 $PTII/bin/ptinvoke ptolemy.vergil.basic.export.ExportModel -force htm -run -openComposites -timeOut 30000 -whiteBackground ptolemy/actor/lib/python/demo/Ptolemnizer/Ptolemnizer.xml $PTII/ptolemy/actor/lib/python/demo/Ptolemnizer/Ptolemnizer
.Ptolemnizer.InteractiveShell invoked SwingUtilities.invokeAndWait()
Model ".Ptolemnizer" contains actors such cannot be run  as part of the export process from ExportModel or it has a WebExportParameters value that runBeforeExport set to false. To export run this model and export it, use vergil.
Exported /home/travis/build/icyphy/ptII/ptolemy/actor/lib/python/demo/Ptolemnizer/Ptolemnizer/index.html
6672 ms. Memory: 2434048K Free: 440519K (18%)
####### 50 Sat May 19 02:15:26 UTC 2018 $PTII/bin/ptinvoke ptolemy.vergil.basic.export.ExportModel -force htm -run -openComposites -timeOut 30000 -whiteBackground ptolemy/actor/lib/python/demo/PythonScale/PythonScale.xml $PTII/ptolemy/actor/lib/python/demo/PythonScale/PythonScale
Running .PythonScale
70 ms. Memory: 2428416K Free: 1493174K (61%)
Exported /home/travis/build/icyphy/ptII/ptolemy/actor/lib/python/demo/PythonScale/PythonScale/index.html
4471 ms. Memory: 2428416K Free: 1468182K (60%)
####### 51 Sat May 19 02:15:31 UTC 2018 $PTII/bin/ptinvoke ptolemy.vergil.basic.export.ExportModel -force htm  -openComposites -timeOut 30000 -whiteBackground ptolemy/actor/lib/python/demo/RecordManipulation/RecordManipulation.xml $PTII/ptolemy/actor/lib/python/demo/RecordManipulation/RecordManipulation
Warning: not running ptolemy/actor/lib/python/demo/RecordManipulation/RecordManipulation.xml. See ptolemy/vergil/basic/export/test/junit/ExportModelJUnitTest.java
Exported /home/travis/build/icyphy/ptII/ptolemy/actor/lib/python/demo/RecordManipulation/RecordManipulation/index.html
3291 ms. Memory: 2428416K Free: 1327442K (55%)
####### 52 Sat May 19 02:15:34 UTC 2018 $PTII/bin/ptinvoke ptolemy.vergil.basic.export.ExportModel -force htm  -openComposites -timeOut 30000 -whiteBackground ptolemy/actor/lib/r/demo/R3DPlot/R3DPlot.xml $PTII/ptolemy/actor/lib/r/demo/R3DPlot/R3DPlot
Warning: not running ptolemy/actor/lib/r/demo/R3DPlot/R3DPlot.xml. See ptolemy/vergil/basic/export/test/junit/ExportModelJUnitTest.java
Exported /home/travis/build/icyphy/ptII/ptolemy/actor/lib/r/demo/R3DPlot/R3DPlot/index.html
3282 ms. Memory: 2428416K Free: 1209724K (50%)
####### 53 Sat May 19 02:15:37 UTC 2018 $PTII/bin/ptinvoke ptolemy.vergil.basic.export.ExportModel -force htm  -openComposites -timeOut 30000 -whiteBackground ptolemy/actor/lib/r/demo/RRecordToDataframe/RRecordToDataframe.xml $PTII/ptolemy/actor/lib/r/demo/RRecordToDataframe/RRecordToDataframe
Warning: not running ptolemy/actor/lib/r/demo/RRecordToDataframe/RRecordToDataframe.xml. See ptolemy/vergil/basic/export/test/junit/ExportModelJUnitTest.java
Exported /home/travis/build/icyphy/ptII/ptolemy/actor/lib/r/demo/RRecordToDataframe/RRecordToDataframe/index.html
3163 ms. Memory: 2428416K Free: 1068943K (44%)
####### 54 Sat May 19 02:15:40 UTC 2018 $PTII/bin/ptinvoke ptolemy.vergil.basic.export.ExportModel -force htm  -openComposites -timeOut 30000 -whiteBackground ptolemy/actor/lib/security/demo/Signature/Signature.xml $PTII/ptolemy/actor/lib/security/demo/Signature/Signature
Warning: not running ptolemy/actor/lib/security/demo/Signature/Signature.xml. See ptolemy/vergil/basic/export/test/junit/ExportModelJUnitTest.java
Exported /home/travis/build/icyphy/ptII/ptolemy/actor/lib/security/demo/Signature/Signature/index.html
3370 ms. Memory: 2428416K Free: 903191K (37%)
####### 55 Sat May 19 02:15:44 UTC 2018 $PTII/bin/ptinvoke ptolemy.vergil.basic.export.ExportModel -force htm -run -openComposites -timeOut 30000 -whiteBackground ptolemy/actor/lib/video/demo/DCT2x2dc/DCT2x2dc.xml $PTII/ptolemy/actor/lib/video/demo/DCT2x2dc/DCT2x2dc
Running .DCT2x2dc
69 ms. Memory: 2428416K Free: 810458K (33%)
Exported /home/travis/build/icyphy/ptII/ptolemy/actor/lib/video/demo/DCT2x2dc/DCT2x2dc/index.html
4254 ms. Memory: 2428416K Free: 785458K (32%)
####### 56 Sat May 19 02:15:48 UTC 2018 $PTII/bin/ptinvoke ptolemy.vergil.basic.export.ExportModel -force htm -run -openComposites -timeOut 30000 -whiteBackground ptolemy/actor/lib/video/demo/DCT4x4dc/DCT4x4dc.xml $PTII/ptolemy/actor/lib/video/demo/DCT4x4dc/DCT4x4dc
Running .DCT4x4dc
39 ms. Memory: 2428416K Free: 692651K (29%)
Exported /home/travis/build/icyphy/ptII/ptolemy/actor/lib/video/demo/DCT4x4dc/DCT4x4dc/index.html
4239 ms. Memory: 2428416K Free: 667649K (27%)
####### 57 Sat May 19 02:15:52 UTC 2018 $PTII/bin/ptinvoke ptolemy.vergil.basic.export.ExportModel -force htm -run -openComposites -timeOut 30000 -whiteBackground ptolemy/actor/lib/video/demo/DCT8x8/DCT8x8.xml $PTII/ptolemy/actor/lib/video/demo/DCT8x8/DCT8x8
Running .DCT8x8
31 ms. Memory: 2428416K Free: 574879K (24%)
Exported /home/travis/build/icyphy/ptII/ptolemy/actor/lib/video/demo/DCT8x8/DCT8x8/index.html
4313 ms. Memory: 2428416K Free: 549878K (23%)
####### 58 Sat May 19 02:15:56 UTC 2018 $PTII/bin/ptinvoke ptolemy.vergil.basic.export.ExportModel -force htm -run -openComposites -timeOut 30000 -whiteBackground ptolemy/actor/lib/xslt/demo/MoMLFileTransformation/MoMLFileTransformation.xml $PTII/ptolemy/actor/lib/xslt/demo/MoMLFileTransformation/MoMLFileTransformation
Running .MOMLFileTransformation
638 ms. Memory: 2428416K Free: 364686K (15%)
Exported /home/travis/build/icyphy/ptII/ptolemy/actor/lib/xslt/demo/MoMLFileTransformation/MoMLFileTransformation/index.html
4866 ms. Memory: 2441728K Free: 1529102K (63%)
####### 59 Sat May 19 02:16:01 UTC 2018 $PTII/bin/ptinvoke ptolemy.vergil.basic.export.ExportModel -force htm -run -openComposites -timeOut 30000 -whiteBackground ptolemy/actor/lib/xslt/demo/XMLInclusion/XMLInclusion.xml $PTII/ptolemy/actor/lib/xslt/demo/XMLInclusion/XMLInclusion
Running .XMLInclusion
31 ms. Memory: 2441728K Free: 1432987K (59%)
Exported /home/travis/build/icyphy/ptII/ptolemy/actor/lib/xslt/demo/XMLInclusion/XMLInclusion/index.html
4223 ms. Memory: 2441728K Free: 1326645K (54%)
####### 60 Sat May 19 02:16:06 UTC 2018 $PTII/bin/ptinvoke ptolemy.vergil.basic.export.ExportModel -force htm -run -openComposites -timeOut 30000 -whiteBackground ptolemy/actor/parameters/demo/Bouncer/Bouncer.xml $PTII/ptolemy/actor/parameters/demo/Bouncer/Bouncer
Running .Bouncer
10025 ms. Memory: 2441728K Free: 1161522K (48%)
Exported /home/travis/build/icyphy/ptII/ptolemy/actor/parameters/demo/Bouncer/Bouncer/index.html
14317 ms. Memory: 2441728K Free: 1087093K (45%)
####### 61 Sat May 19 02:16:20 UTC 2018 $PTII/bin/ptinvoke ptolemy.vergil.basic.export.ExportModel -force htm -run -openComposites -timeOut 30000 -whiteBackground ptolemy/actor/parameters/demo/SliderParameter/SliderParameter.xml $PTII/ptolemy/actor/parameters/demo/SliderParameter/SliderParameter
Running .SliderParameter
ExportHTMLTimer went off after 30000 ms., calling getDirector().finish and getDirector().stopFire()
30004 ms. Memory: 2206208K Free: 1228466K (56%)
Exported /home/travis/build/icyphy/ptII/ptolemy/actor/parameters/demo/SliderParameter/SliderParameter/index.html
34319 ms. Memory: 2206208K Free: 1170185K (53%)
####### 62 Sat May 19 02:16:54 UTC 2018 $PTII/bin/ptinvoke ptolemy.vergil.basic.export.ExportModel -force htm -run -openComposites -timeOut 30000 -whiteBackground ptolemy/actor/ptalon/demo/CruiseControl/CruiseControl.xml $PTII/ptolemy/actor/ptalon/demo/CruiseControl/CruiseControl
Running .CruiseControl
62 ms. Memory: 2206208K Free: 1040545K (47%)
Exported /home/travis/build/icyphy/ptII/ptolemy/actor/ptalon/demo/CruiseControl/CruiseControl/index.html
4501 ms. Memory: 2206208K Free: 959723K (44%)
####### 63 Sat May 19 02:16:59 UTC 2018 $PTII/bin/ptinvoke ptolemy.vergil.basic.export.ExportModel -force htm -run -openComposites -timeOut 30000 -whiteBackground ptolemy/actor/ptalon/demo/EightChannelFFT/EightChannelFFT.xml $PTII/ptolemy/actor/ptalon/demo/EightChannelFFT/EightChannelFFT
Running .EightChannelFFT
41 ms. Memory: 2206208K Free: 800946K (36%)
Exported /home/travis/build/icyphy/ptII/ptolemy/actor/ptalon/demo/EightChannelFFT/EightChannelFFT/index.html
5212 ms. Memory: 2391040K Free: 1869174K (78%)
####### 64 Sat May 19 02:17:04 UTC 2018 $PTII/bin/ptinvoke ptolemy.vergil.basic.export.ExportModel -force htm -run -openComposites -timeOut 30000 -whiteBackground ptolemy/actor/ptalon/demo/GameOfLife/GameOfLife.xml $PTII/ptolemy/actor/ptalon/demo/GameOfLife/GameOfLife
Running .GameOfLife
ExportHTMLTimer went off after 30000 ms., calling getDirector().finish and getDirector().stopFire()
30182 ms. Memory: 2391040K Free: 1661395K (69%)
Exported /home/travis/build/icyphy/ptII/ptolemy/actor/ptalon/demo/GameOfLife/GameOfLife/index.html
34757 ms. Memory: 2391040K Free: 1557762K (65%)
####### 65 Sat May 19 02:17:39 UTC 2018 $PTII/bin/ptinvoke ptolemy.vergil.basic.export.ExportModel -force htm -run -openComposites -timeOut 30000 -whiteBackground ptolemy/actor/ptalon/demo/MapReduce/MapReduce.xml $PTII/ptolemy/actor/ptalon/demo/MapReduce/MapReduce
Running .MapReduce
80 ms. Memory: 2391040K Free: 1238827K (52%)
Exported /home/travis/build/icyphy/ptII/ptolemy/actor/ptalon/demo/MapReduce/MapReduce/index.html
4985 ms. Memory: 2391040K Free: 775756K (32%)
####### 66 Sat May 19 02:17:44 UTC 2018 $PTII/bin/ptinvoke ptolemy.vergil.basic.export.ExportModel -force htm -run -openComposites -timeOut 30000 -whiteBackground ptolemy/actor/ptalon/demo/ModelChange/ModelChange.xml $PTII/ptolemy/actor/ptalon/demo/ModelChange/ModelChange
Running .ModelChange
10 ms. Memory: 2391040K Free: 674278K (28%)
Exported /home/travis/build/icyphy/ptII/ptolemy/actor/ptalon/demo/ModelChange/ModelChange/index.html
4225 ms. Memory: 2391040K Free: 621158K (26%)
####### 67 Sat May 19 02:17:48 UTC 2018 $PTII/bin/ptinvoke ptolemy.vergil.basic.export.ExportModel -force htm   -timeOut 5000 -whiteBackground ptolemy/actor/ptalon/demo/ptinyos/SendAndReceiveCnt/SendAndReceiveCnt.xml $PTII/ptolemy/actor/ptalon/demo/ptinyos/SendAndReceiveCnt/SendAndReceiveCnt
Warning: not opening composites for ptolemy/actor/ptalon/demo/ptinyos/SendAndReceiveCnt/SendAndReceiveCnt.xml. See ptolemy/vergil/basic/export/test/junit/ExportModelJUnitTest.java
Warning: not running ptolemy/actor/ptalon/demo/ptinyos/SendAndReceiveCnt/SendAndReceiveCnt.xml. See ptolemy/vergil/basic/export/test/junit/ExportModelJUnitTest.java
TableauFrame._addMenus: configuration == null?
####### 68 Sat May 19 02:17:49 UTC 2018 $PTII/bin/ptinvoke ptolemy.vergil.basic.export.ExportModel -force htm   -timeOut 30000 -whiteBackground ptolemy/actor/ptalon/demo/ptinyos/SenseToLeds/SenseToLeds.xml $PTII/ptolemy/actor/ptalon/demo/ptinyos/SenseToLeds/SenseToLeds
Warning: not opening composites for ptolemy/actor/ptalon/demo/ptinyos/SenseToLeds/SenseToLeds.xml. See ptolemy/vergil/basic/export/test/junit/ExportModelJUnitTest.java
Warning: not running ptolemy/actor/ptalon/demo/ptinyos/SenseToLeds/SenseToLeds.xml. See ptolemy/vergil/basic/export/test/junit/ExportModelJUnitTest.java
TableauFrame._addMenus: configuration == null?
####### 69 Sat May 19 02:17:51 UTC 2018 $PTII/bin/ptinvoke ptolemy.vergil.basic.export.ExportModel -force htm -run -openComposites -timeOut 30000 -whiteBackground ptolemy/actor/ptalon/demo/SmallWorld/ParameterSweepSmallWorldFSM.xml $PTII/ptolemy/actor/ptalon/demo/SmallWorld/ParameterSweepSmallWorldFSM
Running .ParameterSweepSmallWorldFSM
1
1
1
1
1
1
1
1
1
2
2
2
2
2
2
2
2
3
3
3
3
3
3
3
3
3
3
3
3
3
3
4
4
4
4
4
4
4
4
4
5
5
5
5
5
5
6
6
383 ms. Memory: 2380800K Free: 1835511K (77%)
ExportHTMLTimer went off after 30000 ms., calling getDirector().finish and getDirector().stopFire()
30001 ms. Memory: 2414592K Free: 1249028K (52%)
Exported /home/travis/build/icyphy/ptII/ptolemy/actor/ptalon/demo/SmallWorld/ParameterSweepSmallWorldFSM/index.html
35485 ms. Memory: 2414592K Free: 1190817K (49%)
####### 70 Sat May 19 02:18:26 UTC 2018 $PTII/bin/ptinvoke ptolemy.vergil.basic.export.ExportModel -force htm -run -openComposites -timeOut 30000 -whiteBackground ptolemy/actor/ptalon/demo/SmallWorld/ParameterSweepSmallWorldSDF.xml $PTII/ptolemy/actor/ptalon/demo/SmallWorld/ParameterSweepSmallWorldSDF
Running .ParameterSweepSmallWorldSDF
217 ms. Memory: 2418688K Free: 1449644K (60%)
113 ms. Memory: 2418688K Free: 1342470K (56%)
131 ms. Memory: 2418688K Free: 1208515K (50%)
134 ms. Memory: 2418688K Free: 1101319K (46%)
1016 ms. Memory: 2418688K Free: 1101319K (46%)
Exported /home/travis/build/icyphy/ptII/ptolemy/actor/ptalon/demo/SmallWorld/ParameterSweepSmallWorldSDF/index.html
6131 ms. Memory: 2418688K Free: 1070655K (44%)
]]></system-out>
  <system-err><![CDATA[[AWT-EventQueue-0] INFO com.github.sarxos.webcam.Webcam - WebcamDefaultDriver capture driver will be used
[atomic-processor-1] INFO com.github.sarxos.webcam.ds.cgt.WebcamOpenTask - Opening webcam Dummy Webcam 0
[atomic-processor-1] INFO com.github.sarxos.webcam.ds.cgt.WebcamCloseTask - Closing Dummy Webcam 0
May 19, 2018 2:00:18 AM org.eclipse.paho.client.mqttv3.internal.ClientState checkForActivity
SEVERE: mqttpt_5748703353294820765: Timed out as no activity, keepAlive=60,000 lastOutboundActivity=1,526,695,158,420 lastInboundActivity=1,526,695,094,793 time=1,526,695,218,420 lastPing=1,526,695,158,420
May 19, 2018 2:00:18 AM org.eclipse.paho.client.mqttv3.internal.ClientState checkForActivity
SEVERE: mqttpt_5748703353294820765: Timed out as no activity, keepAlive=60,000 lastOutboundActivity=1,526,695,158,429 lastInboundActivity=1,526,695,097,777 time=1,526,695,218,429 lastPing=1,526,695,158,429
[atomic-processor-1] INFO com.github.sarxos.webcam.ds.cgt.WebcamOpenTask - Opening webcam Dummy Webcam 0
[atomic-processor-1] INFO com.github.sarxos.webcam.ds.cgt.WebcamCloseTask - Closing Dummy Webcam 0
ptolemy.kernel.util.IllegalActionException: Exceptions occurred during wrapup:
ptolemy.kernel.util.IllegalActionException: Failure executing the wrapup function: Error: TrainableTest2: The input handler of this accessor was never invoked. Usually, this is an error indicating that starvation is occurring. in <function> at line number 393 at column number 16
  in .WatchEmulator.TrainableTest2
Because:
Error: TrainableTest2: The input handler of this accessor was never invoked. Usually, this is an error indicating that starvation is occurring. in <function> at line number 393 at column number 16

  in .WatchEmulator.DE Director
Because:
Failure executing the wrapup function: Error: TrainableTest2: The input handler of this accessor was never invoked. Usually, this is an error indicating that starvation is occurring. in <function> at line number 393 at column number 16
  in .WatchEmulator.TrainableTest2
Because:
Error: TrainableTest2: The input handler of this accessor was never invoked. Usually, this is an error indicating that starvation is occurring. in <function> at line number 393 at column number 16
	at ptolemy.actor.Director.wrapup(Director.java:1736)
	at ptolemy.domains.de.kernel.DEDirector.wrapup(DEDirector.java:1526)
	at ptolemy.actor.CompositeActor.wrapup(CompositeActor.java:2735)
	at ptolemy.actor.Manager.wrapup(Manager.java:1512)
	at ptolemy.actor.Manager.execute(Manager.java:407)
	at ptolemy.vergil.basic.export.ExportModel$2.run(ExportModel.java:390)
	at java.awt.event.InvocationEvent.dispatch(InvocationEvent.java:301)
	at java.awt.EventQueue.dispatchEventImpl(EventQueue.java:756)
	at java.awt.EventQueue.access$500(EventQueue.java:97)
	at java.awt.EventQueue$3.run(EventQueue.java:709)
	at java.awt.EventQueue$3.run(EventQueue.java:703)
	at java.security.AccessController.doPrivileged(Native Method)
	at java.security.ProtectionDomain$JavaSecurityAccessImpl.doIntersectionPrivilege(ProtectionDomain.java:80)
	at java.awt.EventQueue.dispatchEvent(EventQueue.java:726)
	at java.awt.EventDispatchThread.pumpOneEventForFilters(EventDispatchThread.java:201)
	at java.awt.EventDispatchThread.pumpEventsForFilter(EventDispatchThread.java:116)
	at java.awt.EventDispatchThread.pumpEventsForHierarchy(EventDispatchThread.java:105)
	at java.awt.EventDispatchThread.pumpEvents(EventDispatchThread.java:101)
	at java.awt.EventDispatchThread.pumpEvents(EventDispatchThread.java:93)
	at java.awt.EventDispatchThread.run(EventDispatchThread.java:82)
Caused by: ptolemy.kernel.util.IllegalActionException: Failure executing the wrapup function: Error: TrainableTest2: The input handler of this accessor was never invoked. Usually, this is an error indicating that starvation is occurring. in <function> at line number 393 at column number 16
  in .WatchEmulator.TrainableTest2
Because:
Error: TrainableTest2: The input handler of this accessor was never invoked. Usually, this is an error indicating that starvation is occurring. in <function> at line number 393 at column number 16
	at ptolemy.actor.lib.jjs.JavaScript._invokeMethodInContext(JavaScript.java:2223)
	at ptolemy.actor.lib.jjs.JavaScript.wrapup(JavaScript.java:2118)
	at ptolemy.actor.Director.wrapup(Director.java:1722)
	... 19 more
Caused by: javax.script.ScriptException: Error: TrainableTest2: The input handler of this accessor was never invoked. Usually, this is an error indicating that starvation is occurring. in <function> at line number 393 at column number 16
	at jdk.nashorn.api.scripting.NashornScriptEngine.throwAsScriptException(NashornScriptEngine.java:470)
	at jdk.nashorn.api.scripting.NashornScriptEngine.invokeImpl(NashornScriptEngine.java:392)
	at jdk.nashorn.api.scripting.NashornScriptEngine.invokeMethod(NashornScriptEngine.java:199)
	at ptolemy.actor.lib.jjs.JavaScript._invokeMethodInContext(JavaScript.java:2200)
	... 21 more
Caused by: <function>:393:16 Error: TrainableTest2: The input handler of this accessor was never invoked. Usually, this is an error indicating that starvation is occurring.
	at jdk.nashorn.internal.objects.NativeError.initException(NativeError.java:137)
	at jdk.nashorn.internal.objects.NativeError.<init>(NativeError.java:102)
	at jdk.nashorn.internal.objects.NativeError.<init>(NativeError.java:106)
	at jdk.nashorn.internal.objects.NativeError.<init>(NativeError.java:110)
	at jdk.nashorn.internal.objects.NativeError.constructor(NativeError.java:129)
	at jdk.nashorn.internal.scripts.Script$Recompilation$17688$18524$\^function\_.L:1#wrapup(<function>:393)
	at jdk.nashorn.internal.scripts.Script$Recompilation$17686$30384$require.L:1#Accessor#wrapup(/home/travis/build/icyphy/ptII/ptolemy/actor/lib/jjs/external/require.js#401:30<eval>:675)
	at jdk.nashorn.internal.runtime.ScriptFunctionData.invoke(ScriptFunctionData.java:637)
	at jdk.nashorn.internal.runtime.ScriptFunction.invoke(ScriptFunction.java:494)
	at jdk.nashorn.internal.runtime.ScriptRuntime.apply(ScriptRuntime.java:393)
	at jdk.nashorn.api.scripting.ScriptObjectMirror.callMember(ScriptObjectMirror.java:199)
	at jdk.nashorn.api.scripting.NashornScriptEngine.invokeImpl(NashornScriptEngine.java:386)
	... 23 more
Caused by: ptolemy.kernel.util.IllegalActionException: Failure executing the wrapup function: Error: TrainableTest2: The input handler of this accessor was never invoked. Usually, this is an error indicating that starvation is occurring. in <function> at line number 393 at column number 16
  in .WatchEmulator.TrainableTest2
Because:
Error: TrainableTest2: The input handler of this accessor was never invoked. Usually, this is an error indicating that starvation is occurring. in <function> at line number 393 at column number 16
	at ptolemy.actor.lib.jjs.JavaScript._invokeMethodInContext(JavaScript.java:2223)
	at ptolemy.actor.lib.jjs.JavaScript.wrapup(JavaScript.java:2118)
	at ptolemy.actor.Director.wrapup(Director.java:1722)
	at ptolemy.domains.de.kernel.DEDirector.wrapup(DEDirector.java:1526)
	at ptolemy.actor.CompositeActor.wrapup(CompositeActor.java:2735)
	at ptolemy.actor.Manager.wrapup(Manager.java:1512)
	at ptolemy.actor.Manager.execute(Manager.java:407)
	at ptolemy.vergil.basic.export.ExportModel$2.run(ExportModel.java:390)
	at java.awt.event.InvocationEvent.dispatch(InvocationEvent.java:301)
	at java.awt.EventQueue.dispatchEventImpl(EventQueue.java:756)
	at java.awt.EventQueue.access$500(EventQueue.java:97)
	at java.awt.EventQueue$3.run(EventQueue.java:709)
	at java.awt.EventQueue$3.run(EventQueue.java:703)
	at java.security.AccessController.doPrivileged(Native Method)
	at java.security.ProtectionDomain$JavaSecurityAccessImpl.doIntersectionPrivilege(ProtectionDomain.java:80)
	at java.awt.EventQueue.dispatchEvent(EventQueue.java:726)
	at java.awt.EventDispatchThread.pumpOneEventForFilters(EventDispatchThread.java:201)
	at java.awt.EventDispatchThread.pumpEventsForFilter(EventDispatchThread.java:116)
	at java.awt.EventDispatchThread.pumpEventsForHierarchy(EventDispatchThread.java:105)
	at java.awt.EventDispatchThread.pumpEvents(EventDispatchThread.java:101)
	at java.awt.EventDispatchThread.pumpEvents(EventDispatchThread.java:93)
	at java.awt.EventDispatchThread.run(EventDispatchThread.java:82)
Caused by: javax.script.ScriptException: Error: TrainableTest2: The input handler of this accessor was never invoked. Usually, this is an error indicating that starvation is occurring. in <function> at line number 393 at column number 16
	at jdk.nashorn.api.scripting.NashornScriptEngine.throwAsScriptException(NashornScriptEngine.java:470)
	at jdk.nashorn.api.scripting.NashornScriptEngine.invokeImpl(NashornScriptEngine.java:392)
	at jdk.nashorn.api.scripting.NashornScriptEngine.invokeMethod(NashornScriptEngine.java:199)
	at ptolemy.actor.lib.jjs.JavaScript._invokeMethodInContext(JavaScript.java:2200)
	... 21 more
Caused by: <function>:393:16 Error: TrainableTest2: The input handler of this accessor was never invoked. Usually, this is an error indicating that starvation is occurring.
	at jdk.nashorn.internal.objects.NativeError.initException(NativeError.java:137)
	at jdk.nashorn.internal.objects.NativeError.<init>(NativeError.java:102)
	at jdk.nashorn.internal.objects.NativeError.<init>(NativeError.java:106)
	at jdk.nashorn.internal.objects.NativeError.<init>(NativeError.java:110)
	at jdk.nashorn.internal.objects.NativeError.constructor(NativeError.java:129)
	at jdk.nashorn.internal.scripts.Script$Recompilation$17688$18524$\^function\_.L:1#wrapup(<function>:393)
	at jdk.nashorn.internal.scripts.Script$Recompilation$17686$30384$require.L:1#Accessor#wrapup(/home/travis/build/icyphy/ptII/ptolemy/actor/lib/jjs/external/require.js#401:30<eval>:675)
	at jdk.nashorn.internal.runtime.ScriptFunctionData.invoke(ScriptFunctionData.java:637)
	at jdk.nashorn.internal.runtime.ScriptFunction.invoke(ScriptFunction.java:494)
	at jdk.nashorn.internal.runtime.ScriptRuntime.apply(ScriptRuntime.java:393)
	at jdk.nashorn.api.scripting.ScriptObjectMirror.callMember(ScriptObjectMirror.java:199)
	at jdk.nashorn.api.scripting.NashornScriptEngine.invokeImpl(NashornScriptEngine.java:386)
	... 23 more
Caused by: javax.script.ScriptException: Error: TrainableTest2: The input handler of this accessor was never invoked. Usually, this is an error indicating that starvation is occurring. in <function> at line number 393 at column number 16
	at jdk.nashorn.api.scripting.NashornScriptEngine.throwAsScriptException(NashornScriptEngine.java:470)
	at jdk.nashorn.api.scripting.NashornScriptEngine.invokeImpl(NashornScriptEngine.java:392)
	at jdk.nashorn.api.scripting.NashornScriptEngine.invokeMethod(NashornScriptEngine.java:199)
	at ptolemy.actor.lib.jjs.JavaScript._invokeMethodInContext(JavaScript.java:2200)
	at ptolemy.actor.lib.jjs.JavaScript.wrapup(JavaScript.java:2118)
	at ptolemy.actor.Director.wrapup(Director.java:1722)
	at ptolemy.domains.de.kernel.DEDirector.wrapup(DEDirector.java:1526)
	at ptolemy.actor.CompositeActor.wrapup(CompositeActor.java:2735)
	at ptolemy.actor.Manager.wrapup(Manager.java:1512)
	at ptolemy.actor.Manager.execute(Manager.java:407)
	at ptolemy.vergil.basic.export.ExportModel$2.run(ExportModel.java:390)
	at java.awt.event.InvocationEvent.dispatch(InvocationEvent.java:301)
	at java.awt.EventQueue.dispatchEventImpl(EventQueue.java:756)
	at java.awt.EventQueue.access$500(EventQueue.java:97)
	at java.awt.EventQueue$3.run(EventQueue.java:709)
	at java.awt.EventQueue$3.run(EventQueue.java:703)
	at java.security.AccessController.doPrivileged(Native Method)
	at java.security.ProtectionDomain$JavaSecurityAccessImpl.doIntersectionPrivilege(ProtectionDomain.java:80)
	at java.awt.EventQueue.dispatchEvent(EventQueue.java:726)
	at java.awt.EventDispatchThread.pumpOneEventForFilters(EventDispatchThread.java:201)
	at java.awt.EventDispatchThread.pumpEventsForFilter(EventDispatchThread.java:116)
	at java.awt.EventDispatchThread.pumpEventsForHierarchy(EventDispatchThread.java:105)
	at java.awt.EventDispatchThread.pumpEvents(EventDispatchThread.java:101)
	at java.awt.EventDispatchThread.pumpEvents(EventDispatchThread.java:93)
	at java.awt.EventDispatchThread.run(EventDispatchThread.java:82)
Caused by: <function>:393:16 Error: TrainableTest2: The input handler of this accessor was never invoked. Usually, this is an error indicating that starvation is occurring.
	at jdk.nashorn.internal.objects.NativeError.initException(NativeError.java:137)
	at jdk.nashorn.internal.objects.NativeError.<init>(NativeError.java:102)
	at jdk.nashorn.internal.objects.NativeError.<init>(NativeError.java:106)
	at jdk.nashorn.internal.objects.NativeError.<init>(NativeError.java:110)
	at jdk.nashorn.internal.objects.NativeError.constructor(NativeError.java:129)
	at jdk.nashorn.internal.scripts.Script$Recompilation$17688$18524$\^function\_.L:1#wrapup(<function>:393)
	at jdk.nashorn.internal.scripts.Script$Recompilation$17686$30384$require.L:1#Accessor#wrapup(/home/travis/build/icyphy/ptII/ptolemy/actor/lib/jjs/external/require.js#401:30<eval>:675)
	at jdk.nashorn.internal.runtime.ScriptFunctionData.invoke(ScriptFunctionData.java:637)
	at jdk.nashorn.internal.runtime.ScriptFunction.invoke(ScriptFunction.java:494)
	at jdk.nashorn.internal.runtime.ScriptRuntime.apply(ScriptRuntime.java:393)
	at jdk.nashorn.api.scripting.ScriptObjectMirror.callMember(ScriptObjectMirror.java:199)
	at jdk.nashorn.api.scripting.NashornScriptEngine.invokeImpl(NashornScriptEngine.java:386)
	... 23 more
java.lang.reflect.InvocationTargetException
	at java.awt.EventQueue.invokeAndWait(EventQueue.java:1321)
	at java.awt.EventQueue.invokeAndWait(EventQueue.java:1296)
	at javax.swing.SwingUtilities.invokeAndWait(SwingUtilities.java:1348)
	at ptolemy.vergil.basic.export.ExportModel.exportModel(ExportModel.java:401)
	at ptolemy.vergil.basic.export.test.junit.ExportModelJUnitTest.RunExportModel(ExportModelJUnitTest.java:153)
	at ptolemy.vergil.basic.export.test.junit.ExportModelJUnitTestBatch.RunExportModel(ExportModelJUnitTestBatch.java:97)
	at sun.reflect.GeneratedMethodAccessor18.invoke(Unknown Source)
	at sun.reflect.DelegatingMethodAccessorImpl.invoke(DelegatingMethodAccessorImpl.java:43)
	at java.lang.reflect.Method.invoke(Method.java:498)
	at org.junit.runners.model.FrameworkMethod$1.runReflectiveCall(FrameworkMethod.java:44)
	at org.junit.internal.runners.model.ReflectiveCallable.run(ReflectiveCallable.java:15)
	at org.junit.runners.model.FrameworkMethod.invokeExplosively(FrameworkMethod.java:41)
	at junitparams.internal.InvokeParameterisedMethod.evaluate(InvokeParameterisedMethod.java:102)
	at junitparams.internal.ParameterisedTestMethodRunner.runMethodInvoker(ParameterisedTestMethodRunner.java:47)
	at junitparams.internal.ParameterisedTestMethodRunner.runTestMethod(ParameterisedTestMethodRunner.java:41)
	at junitparams.internal.ParameterisedTestClassRunner.runParameterisedTest(ParameterisedTestClassRunner.java:143)
	at junitparams.JUnitParamsRunner.runChild(JUnitParamsRunner.java:237)
	at junitparams.JUnitParamsRunner.runChild(JUnitParamsRunner.java:215)
	at org.junit.runners.ParentRunner$3.run(ParentRunner.java:193)
	at org.junit.runners.ParentRunner$1.schedule(ParentRunner.java:52)
	at org.junit.runners.ParentRunner.runChildren(ParentRunner.java:191)
	at org.junit.runners.ParentRunner.access$000(ParentRunner.java:42)
	at org.junit.runners.ParentRunner$2.evaluate(ParentRunner.java:184)
	at org.junit.runners.ParentRunner.run(ParentRunner.java:236)
	at junit.framework.JUnit4TestAdapter.run(JUnit4TestAdapter.java:39)
	at org.apache.tools.ant.taskdefs.optional.junit.JUnitTestRunner.run(JUnitTestRunner.java:535)
	at org.apache.tools.ant.taskdefs.optional.junit.JUnitTestRunner.launch(JUnitTestRunner.java:1182)
	at org.apache.tools.ant.taskdefs.optional.junit.JUnitTestRunner.main(JUnitTestRunner.java:1033)
Caused by: java.lang.RuntimeException: ptolemy.kernel.util.IllegalActionException: Exceptions occurred during wrapup:
ptolemy.kernel.util.IllegalActionException: Failure executing the wrapup function: Error: TrainableTest2: The input handler of this accessor was never invoked. Usually, this is an error indicating that starvation is occurring. in <function> at line number 393 at column number 16
  in .WatchEmulator.TrainableTest2
Because:
Error: TrainableTest2: The input handler of this accessor was never invoked. Usually, this is an error indicating that starvation is occurring. in <function> at line number 393 at column number 16

  in .WatchEmulator.DE Director
Because:
Failure executing the wrapup function: Error: TrainableTest2: The input handler of this accessor was never invoked. Usually, this is an error indicating that starvation is occurring. in <function> at line number 393 at column number 16
  in .WatchEmulator.TrainableTest2
Because:
Error: TrainableTest2: The input handler of this accessor was never invoked. Usually, this is an error indicating that starvation is occurring. in <function> at line number 393 at column number 16
	at ptolemy.vergil.basic.export.ExportModel$2.run(ExportModel.java:397)
	at java.awt.event.InvocationEvent.dispatch(InvocationEvent.java:301)
	at java.awt.EventQueue.dispatchEventImpl(EventQueue.java:756)
	at java.awt.EventQueue.access$500(EventQueue.java:97)
	at java.awt.EventQueue$3.run(EventQueue.java:709)
	at java.awt.EventQueue$3.run(EventQueue.java:703)
	at java.security.AccessController.doPrivileged(Native Method)
	at java.security.ProtectionDomain$JavaSecurityAccessImpl.doIntersectionPrivilege(ProtectionDomain.java:80)
	at java.awt.EventQueue.dispatchEvent(EventQueue.java:726)
	at java.awt.EventDispatchThread.pumpOneEventForFilters(EventDispatchThread.java:201)
	at java.awt.EventDispatchThread.pumpEventsForFilter(EventDispatchThread.java:116)
	at java.awt.EventDispatchThread.pumpEventsForHierarchy(EventDispatchThread.java:105)
	at java.awt.EventDispatchThread.pumpEvents(EventDispatchThread.java:101)
	at java.awt.EventDispatchThread.pumpEvents(EventDispatchThread.java:93)
	at java.awt.EventDispatchThread.run(EventDispatchThread.java:82)
Caused by: ptolemy.kernel.util.IllegalActionException: Exceptions occurred during wrapup:
ptolemy.kernel.util.IllegalActionException: Failure executing the wrapup function: Error: TrainableTest2: The input handler of this accessor was never invoked. Usually, this is an error indicating that starvation is occurring. in <function> at line number 393 at column number 16
  in .WatchEmulator.TrainableTest2
Because:
Error: TrainableTest2: The input handler of this accessor was never invoked. Usually, this is an error indicating that starvation is occurring. in <function> at line number 393 at column number 16

  in .WatchEmulator.DE Director
Because:
Failure executing the wrapup function: Error: TrainableTest2: The input handler of this accessor was never invoked. Usually, this is an error indicating that starvation is occurring. in <function> at line number 393 at column number 16
  in .WatchEmulator.TrainableTest2
Because:
Error: TrainableTest2: The input handler of this accessor was never invoked. Usually, this is an error indicating that starvation is occurring. in <function> at line number 393 at column number 16
	at ptolemy.actor.Director.wrapup(Director.java:1736)
	at ptolemy.domains.de.kernel.DEDirector.wrapup(DEDirector.java:1526)
	at ptolemy.actor.CompositeActor.wrapup(CompositeActor.java:2735)
	at ptolemy.actor.Manager.wrapup(Manager.java:1512)
	at ptolemy.actor.Manager.execute(Manager.java:407)
	at ptolemy.vergil.basic.export.ExportModel$2.run(ExportModel.java:390)
	... 14 more
Caused by: ptolemy.kernel.util.IllegalActionException: Failure executing the wrapup function: Error: TrainableTest2: The input handler of this accessor was never invoked. Usually, this is an error indicating that starvation is occurring. in <function> at line number 393 at column number 16
  in .WatchEmulator.TrainableTest2
Because:
Error: TrainableTest2: The input handler of this accessor was never invoked. Usually, this is an error indicating that starvation is occurring. in <function> at line number 393 at column number 16
	at ptolemy.actor.lib.jjs.JavaScript._invokeMethodInContext(JavaScript.java:2223)
	at ptolemy.actor.lib.jjs.JavaScript.wrapup(JavaScript.java:2118)
	at ptolemy.actor.Director.wrapup(Director.java:1722)
	... 19 more
Caused by: javax.script.ScriptException: Error: TrainableTest2: The input handler of this accessor was never invoked. Usually, this is an error indicating that starvation is occurring. in <function> at line number 393 at column number 16
	at jdk.nashorn.api.scripting.NashornScriptEngine.throwAsScriptException(NashornScriptEngine.java:470)
	at jdk.nashorn.api.scripting.NashornScriptEngine.invokeImpl(NashornScriptEngine.java:392)
	at jdk.nashorn.api.scripting.NashornScriptEngine.invokeMethod(NashornScriptEngine.java:199)
	at ptolemy.actor.lib.jjs.JavaScript._invokeMethodInContext(JavaScript.java:2200)
	... 21 more
Caused by: <function>:393:16 Error: TrainableTest2: The input handler of this accessor was never invoked. Usually, this is an error indicating that starvation is occurring.
	at jdk.nashorn.internal.objects.NativeError.initException(NativeError.java:137)
	at jdk.nashorn.internal.objects.NativeError.<init>(NativeError.java:102)
	at jdk.nashorn.internal.objects.NativeError.<init>(NativeError.java:106)
	at jdk.nashorn.internal.objects.NativeError.<init>(NativeError.java:110)
	at jdk.nashorn.internal.objects.NativeError.constructor(NativeError.java:129)
	at jdk.nashorn.internal.scripts.Script$Recompilation$17688$18524$\^function\_.L:1#wrapup(<function>:393)
	at jdk.nashorn.internal.scripts.Script$Recompilation$17686$30384$require.L:1#Accessor#wrapup(/home/travis/build/icyphy/ptII/ptolemy/actor/lib/jjs/external/require.js#401:30<eval>:675)
	at jdk.nashorn.internal.runtime.ScriptFunctionData.invoke(ScriptFunctionData.java:637)
	at jdk.nashorn.internal.runtime.ScriptFunction.invoke(ScriptFunction.java:494)
	at jdk.nashorn.internal.runtime.ScriptRuntime.apply(ScriptRuntime.java:393)
	at jdk.nashorn.api.scripting.ScriptObjectMirror.callMember(ScriptObjectMirror.java:199)
	at jdk.nashorn.api.scripting.NashornScriptEngine.invokeImpl(NashornScriptEngine.java:386)
	... 23 more
WARNING: Clock: Model stopped before executing actions (e.g. producing outputs) scheduled for execution at times [27.0]
WARNING: Invoking send() too late (probably in a callback), so WebSocketServer is not able to send the token {socketID = 0, status = "closed"} to the output connection. Token is discarded.
WARNING: Invoking send() too late (probably in a callback), so WebSocketServer is not able to send the token {socketID = 0, status = "closed"} to the output connection. Token is discarded.
WARNING: Clock: Model stopped before executing actions (e.g. producing outputs) scheduled for execution at times [11.0]
WARNING: Clock: Model stopped before executing actions (e.g. producing outputs) scheduled for execution at times [11.0]
[atomic-processor-1] INFO com.github.sarxos.webcam.ds.cgt.WebcamOpenTask - Opening webcam Dummy Webcam 0
[atomic-processor-1] INFO com.github.sarxos.webcam.ds.cgt.WebcamCloseTask - Closing Dummy Webcam 0
WARNING: Camera: Model stopped before executing actions (e.g. producing outputs) scheduled for execution at times [27.07]
WARNING: Invoking send() too late (probably in a callback), so WebSocketServer is not able to send the token {socketID = 0, status = "closed"} to the output connection. Token is discarded.
WARNING: Invoking send() too late (probably in a callback), so WebSocketServer is not able to send the token {socketID = 0, status = "closed"} to the output connection. Token is discarded.
WARNING: WebSocketClient: Model stopped before executing actions (e.g. producing outputs) scheduled for execution at times [101.0]
WARNING: TestSpontaneous: Model stopped before executing actions (e.g. producing outputs) scheduled for execution at times [23.0]
WARNING: Invoking send() too late (probably in a callback), so WebSocketServer is not able to send the token {socketID = 0, status = "closed"} to the output connection. Token is discarded.
WARNING: Invoking send() too late (probably in a callback), so WebSocketServer is not able to send the token {socketID = 0, status = "closed"} to the output connection. Token is discarded.
[atomic-processor-1] INFO com.github.sarxos.webcam.ds.cgt.WebcamOpenTask - Opening webcam Dummy Webcam 0
[atomic-processor-1] INFO com.github.sarxos.webcam.ds.cgt.WebcamCloseTask - Closing Dummy Webcam 0
WARNING: Invoking send() too late (probably in a callback), so WebSocketServer is not able to send the token {socketID = 0, status = "closed"} to the output connection. Token is discarded.
WARNING: Invoking send() too late (probably in a callback), so WebSocketServer is not able to send the token {socketID = 0, status = "closed"} to the output connection. Token is discarded.
WARNING: WebSocketClient: Model stopped before executing actions (e.g. producing outputs) scheduled for execution at times [25.61]
WARNING: TestSpontaneous: Model stopped before executing actions (e.g. producing outputs) scheduled for execution at times [12.5]
Warning: Running an XSLT 1.0 stylesheet with an XSLT 2.0 processor
Warning: Running an XSLT 1.0 stylesheet with an XSLT 2.0 processor
Warning: Running an XSLT 1.0 stylesheet with an XSLT 2.0 processor
ptolemy.kernel.util.IllegalActionException: Failed to process attribute change to PtalonParameter, whose value is "ptolemy.actor.ptalon.PtalonExpressionParameter {.SendAndReceiveCnt.SendAndReceiveCnt.channelName} "AtomicWirelessChannel"".
  in .SendAndReceiveCnt.SendAndReceiveCnt
Because:
Unable to add actor null
	at ptolemy.actor.ptalon.PtalonActor.attributeChanged(PtalonActor.java:211)
	at ptolemy.actor.ptalon.PtalonMLHandler.startElement(PtalonMLHandler.java:134)
	at com.microstar.xml.XmlParser.parseElement(XmlParser.java:921)
	at com.microstar.xml.XmlParser.parseContent(XmlParser.java:1104)
	at com.microstar.xml.XmlParser.parseElement(XmlParser.java:924)
	at com.microstar.xml.XmlParser.parseDocument(XmlParser.java:481)
	at com.microstar.xml.XmlParser.doParse(XmlParser.java:159)
	at com.microstar.xml.XmlParser.parse(XmlParser.java:132)
	at ptolemy.actor.ptalon.PtalonActor.configure(PtalonActor.java:240)
	at ptolemy.moml.MoMLParser.endElement(MoMLParser.java:996)
	at com.microstar.xml.XmlParser.parseETag(XmlParser.java:1026)
	at com.microstar.xml.XmlParser.parseContent(XmlParser.java:1098)
	at com.microstar.xml.XmlParser.parseElement(XmlParser.java:924)
	at com.microstar.xml.XmlParser.parseContent(XmlParser.java:1104)
	at com.microstar.xml.XmlParser.parseElement(XmlParser.java:924)
	at com.microstar.xml.XmlParser.parseContent(XmlParser.java:1104)
	at com.microstar.xml.XmlParser.parseElement(XmlParser.java:924)
	at com.microstar.xml.XmlParser.parseDocument(XmlParser.java:481)
	at com.microstar.xml.XmlParser.doParse(XmlParser.java:159)
	at com.microstar.xml.XmlParser.parse(XmlParser.java:132)
	at ptolemy.moml.MoMLParser.parse(MoMLParser.java:1676)
	at ptolemy.moml.MoMLParser.parse(MoMLParser.java:1595)
	at ptolemy.moml.MoMLParser.parse(MoMLParser.java:1537)
	at ptolemy.actor.gui.PtolemyEffigy$Factory.createEffigy(PtolemyEffigy.java:424)
	at ptolemy.actor.gui.EffigyFactory.createEffigy(EffigyFactory.java:234)
	at ptolemy.actor.gui.Configuration.openModel(Configuration.java:1125)
	at ptolemy.actor.gui.Configuration.openModel(Configuration.java:1051)
	at ptolemy.actor.gui.ConfigurationApplication._openModel(ConfigurationApplication.java:1252)
	at ptolemy.actor.gui.ConfigurationApplication._parseArg(ConfigurationApplication.java:1399)
	at ptolemy.actor.gui.ConfigurationApplication._parseArgs(ConfigurationApplication.java:1478)
	at ptolemy.actor.gui.ConfigurationApplication.<init>(ConfigurationApplication.java:277)
	at ptolemy.actor.gui.ConfigurationApplication.<init>(ConfigurationApplication.java:214)
	at ptolemy.actor.gui.ConfigurationApplication.<init>(ConfigurationApplication.java:201)
	at ptolemy.actor.gui.ConfigurationApplication.openModelOrEntity(ConfigurationApplication.java:680)
	at ptolemy.vergil.basic.export.ExportModel$1.run(ExportModel.java:220)
	at java.awt.event.InvocationEvent.dispatch(InvocationEvent.java:301)
	at java.awt.EventQueue.dispatchEventImpl(EventQueue.java:756)
	at java.awt.EventQueue.access$500(EventQueue.java:97)
	at java.awt.EventQueue$3.run(EventQueue.java:709)
	at java.awt.EventQueue$3.run(EventQueue.java:703)
	at java.security.AccessController.doPrivileged(Native Method)
	at java.security.ProtectionDomain$JavaSecurityAccessImpl.doIntersectionPrivilege(ProtectionDomain.java:80)
	at java.awt.EventQueue.dispatchEvent(EventQueue.java:726)
	at java.awt.EventDispatchThread.pumpOneEventForFilters(EventDispatchThread.java:201)
	at java.awt.EventDispatchThread.pumpEventsForFilter(EventDispatchThread.java:116)
	at java.awt.EventDispatchThread.pumpEventsForHierarchy(EventDispatchThread.java:105)
	at java.awt.EventDispatchThread.pumpEvents(EventDispatchThread.java:101)
	at java.awt.EventDispatchThread.pumpEvents(EventDispatchThread.java:93)
	at java.awt.EventDispatchThread.run(EventDispatchThread.java:82)
Caused by: ptolemy.actor.ptalon.PtalonRuntimeException: Unable to add actor null
	at ptolemy.actor.ptalon.PtalonEvaluator.addActor(PtalonEvaluator.java:300)
	at ptolemy.actor.ptalon.PtalonPopulator.actor_declaration(PtalonPopulator.java:1574)
	at ptolemy.actor.ptalon.PtalonPopulator.atomic_statement(PtalonPopulator.java:1638)
	at ptolemy.actor.ptalon.PtalonPopulator.iterative_statement_evaluator(PtalonPopulator.java:2484)
	at ptolemy.actor.ptalon.AbstractPtalonEvaluator$IfTree.evaluateForScope(AbstractPtalonEvaluator.java:1307)
	at ptolemy.actor.ptalon.AbstractPtalonEvaluator.evaluateForScope(AbstractPtalonEvaluator.java:744)
	at ptolemy.actor.ptalon.PtalonPopulator.iterative_statement(PtalonPopulator.java:2363)
	at ptolemy.actor.ptalon.PtalonPopulator.actor_definition(PtalonPopulator.java:2809)
	at ptolemy.actor.ptalon.PtalonActor.attributeChanged(PtalonActor.java:206)
	... 48 more
Caused by: ptolemy.kernel.util.InternalErrorException: Element <entity name="sender1" class="ptolemy.actor.ptalon.demo.ptinyos.SendAndReceiveCnt.CntToLedsAndRfm"> caused an exception to be thrown.
  in .SendAndReceiveCnt.SendAndReceiveCnt
Because:
Cannot find class: ptolemy.actor.ptalon.demo.ptinyos.SendAndReceiveCnt.CntToLedsAndRfm. In Ptolemy, classes are typically Java .class files. Entities like actors may instead be defined within a .xml file.  In any case, the class was not found. If the class uses a third party package, then the class would be present only if the third party package was found at compile time.  It may be necessary to upgrade Java or install the third party package, reconfigure and recompile.
Because:
Element <entity name="MicaLeds" class="ptolemy.domains.ptinyos.lib.MicaLeds"> caused an exception to be thrown.
  in .CntToLedsAndRfm
Because:
Cannot find class: ptolemy.domains.ptinyos.lib.MicaLeds. In Ptolemy, classes are typically Java .class files. Entities like actors may instead be defined within a .xml file.  In any case, the class was not found. If the class uses a third party package, then the class would be present only if the third party package was found at compile time.  It may be necessary to upgrade Java or install the third party package, reconfigure and recompile.
Because:
-- /home/travis/build/icyphy/ptII/ptolemy/actor/ptalon/demo/ptinyos/SendAndReceiveCnt/ptolemy/domains/ptinyos/lib/MicaLeds.xml (No such file or directory)
-- XML file not found relative to classpath.
-- /home/travis/build/icyphy/ptII/ptolemy/vergil/basic/export/test/ptolemy/domains/ptinyos/lib/MicaLeds.xml
/home/travis/build/icyphy/ptII/ptolemy/vergil/basic/export/test/ptolemy/domains/ptinyos/lib/MicaLeds.xml (No such file or directory)
 in file:/home/travis/build/icyphy/ptII/ptolemy/actor/ptalon/demo/ptinyos/SendAndReceiveCnt/CntToLedsAndRfm.xml at line 132 and column 63
	at ptolemy.moml.SimpleErrorHandler.handleError(SimpleErrorHandler.java:75)
	at ptolemy.moml.MoMLParser.startElement(MoMLParser.java:3805)
	at com.microstar.xml.XmlParser.parseElement(XmlParser.java:931)
	at com.microstar.xml.XmlParser.parseDocument(XmlParser.java:481)
	at com.microstar.xml.XmlParser.doParse(XmlParser.java:159)
	at com.microstar.xml.XmlParser.parse(XmlParser.java:132)
	at ptolemy.moml.MoMLParser.parse(MoMLParser.java:1660)
	at ptolemy.moml.MoMLParser.parse(MoMLParser.java:1617)
	at ptolemy.moml.MoMLParser.parse(MoMLParser.java:1792)
	at ptolemy.actor.ptalon.PtalonEvaluator.addActor(PtalonEvaluator.java:241)
	... 56 more
Caused by: ptolemy.kernel.util.IllegalActionException: Cannot find class: ptolemy.actor.ptalon.demo.ptinyos.SendAndReceiveCnt.CntToLedsAndRfm. In Ptolemy, classes are typically Java .class files. Entities like actors may instead be defined within a .xml file.  In any case, the class was not found. If the class uses a third party package, then the class would be present only if the third party package was found at compile time.  It may be necessary to upgrade Java or install the third party package, reconfigure and recompile.
Because:
Element <entity name="MicaLeds" class="ptolemy.domains.ptinyos.lib.MicaLeds"> caused an exception to be thrown.
  in .CntToLedsAndRfm
Because:
Cannot find class: ptolemy.domains.ptinyos.lib.MicaLeds. In Ptolemy, classes are typically Java .class files. Entities like actors may instead be defined within a .xml file.  In any case, the class was not found. If the class uses a third party package, then the class would be present only if the third party package was found at compile time.  It may be necessary to upgrade Java or install the third party package, reconfigure and recompile.
Because:
-- /home/travis/build/icyphy/ptII/ptolemy/actor/ptalon/demo/ptinyos/SendAndReceiveCnt/ptolemy/domains/ptinyos/lib/MicaLeds.xml (No such file or directory)
-- XML file not found relative to classpath.
-- /home/travis/build/icyphy/ptII/ptolemy/vergil/basic/export/test/ptolemy/domains/ptinyos/lib/MicaLeds.xml
/home/travis/build/icyphy/ptII/ptolemy/vergil/basic/export/test/ptolemy/domains/ptinyos/lib/MicaLeds.xml (No such file or directory)
 in file:/home/travis/build/icyphy/ptII/ptolemy/actor/ptalon/demo/ptinyos/SendAndReceiveCnt/CntToLedsAndRfm.xml at line 132 and column 63
	at ptolemy.moml.MoMLParser._createEntity(MoMLParser.java:4330)
	at ptolemy.moml.MoMLParser.startElement(MoMLParser.java:2864)
	... 64 more
Caused by: ptolemy.kernel.util.InternalErrorException: Element <entity name="MicaLeds" class="ptolemy.domains.ptinyos.lib.MicaLeds"> caused an exception to be thrown.
  in .CntToLedsAndRfm
Because:
Cannot find class: ptolemy.domains.ptinyos.lib.MicaLeds. In Ptolemy, classes are typically Java .class files. Entities like actors may instead be defined within a .xml file.  In any case, the class was not found. If the class uses a third party package, then the class would be present only if the third party package was found at compile time.  It may be necessary to upgrade Java or install the third party package, reconfigure and recompile.
Because:
-- /home/travis/build/icyphy/ptII/ptolemy/actor/ptalon/demo/ptinyos/SendAndReceiveCnt/ptolemy/domains/ptinyos/lib/MicaLeds.xml (No such file or directory)
-- XML file not found relative to classpath.
-- /home/travis/build/icyphy/ptII/ptolemy/vergil/basic/export/test/ptolemy/domains/ptinyos/lib/MicaLeds.xml
/home/travis/build/icyphy/ptII/ptolemy/vergil/basic/export/test/ptolemy/domains/ptinyos/lib/MicaLeds.xml (No such file or directory)
 in file:/home/travis/build/icyphy/ptII/ptolemy/actor/ptalon/demo/ptinyos/SendAndReceiveCnt/CntToLedsAndRfm.xml at line 132 and column 63
	at ptolemy.moml.SimpleErrorHandler.handleError(SimpleErrorHandler.java:75)
	at ptolemy.moml.MoMLParser.startElement(MoMLParser.java:3805)
	at com.microstar.xml.XmlParser.parseElement(XmlParser.java:921)
	at com.microstar.xml.XmlParser.parseContent(XmlParser.java:1104)
	at com.microstar.xml.XmlParser.parseElement(XmlParser.java:924)
	at com.microstar.xml.XmlParser.parseDocument(XmlParser.java:481)
	at com.microstar.xml.XmlParser.doParse(XmlParser.java:159)
	at com.microstar.xml.XmlParser.parse(XmlParser.java:132)
	at ptolemy.moml.MoMLParser.parse(MoMLParser.java:1676)
	at ptolemy.moml.MoMLParser.parse(MoMLParser.java:1595)
	at ptolemy.moml.MoMLParser.parse(MoMLParser.java:1537)
	at ptolemy.moml.MoMLParser._findOrParse(MoMLParser.java:5286)
	at ptolemy.moml.MoMLParser._attemptToFindMoMLClass(MoMLParser.java:4075)
	at ptolemy.moml.MoMLParser._createEntity(MoMLParser.java:4323)
	... 65 more
Caused by: ptolemy.kernel.util.IllegalActionException: Cannot find class: ptolemy.domains.ptinyos.lib.MicaLeds. In Ptolemy, classes are typically Java .class files. Entities like actors may instead be defined within a .xml file.  In any case, the class was not found. If the class uses a third party package, then the class would be present only if the third party package was found at compile time.  It may be necessary to upgrade Java or install the third party package, reconfigure and recompile.
Because:
-- /home/travis/build/icyphy/ptII/ptolemy/actor/ptalon/demo/ptinyos/SendAndReceiveCnt/ptolemy/domains/ptinyos/lib/MicaLeds.xml (No such file or directory)
-- XML file not found relative to classpath.
-- /home/travis/build/icyphy/ptII/ptolemy/vergil/basic/export/test/ptolemy/domains/ptinyos/lib/MicaLeds.xml
/home/travis/build/icyphy/ptII/ptolemy/vergil/basic/export/test/ptolemy/domains/ptinyos/lib/MicaLeds.xml (No such file or directory)
 in file:/home/travis/build/icyphy/ptII/ptolemy/actor/ptalon/demo/ptinyos/SendAndReceiveCnt/CntToLedsAndRfm.xml at line 132 and column 63
	at ptolemy.moml.MoMLParser._createEntity(MoMLParser.java:4330)
	at ptolemy.moml.MoMLParser.startElement(MoMLParser.java:2864)
	... 77 more
Caused by: com.microstar.xml.XmlException: -- /home/travis/build/icyphy/ptII/ptolemy/actor/ptalon/demo/ptinyos/SendAndReceiveCnt/ptolemy/domains/ptinyos/lib/MicaLeds.xml (No such file or directory)
-- XML file not found relative to classpath.
-- /home/travis/build/icyphy/ptII/ptolemy/vergil/basic/export/test/ptolemy/domains/ptinyos/lib/MicaLeds.xml
/home/travis/build/icyphy/ptII/ptolemy/vergil/basic/export/test/ptolemy/domains/ptinyos/lib/MicaLeds.xml (No such file or directory)
 in file:/home/travis/build/icyphy/ptII/ptolemy/actor/ptalon/demo/ptinyos/SendAndReceiveCnt/CntToLedsAndRfm.xml at line 132 and column 63
	at ptolemy.moml.MoMLParser.fileNameToURL(MoMLParser.java:1414)
	at ptolemy.moml.MoMLParser._findOrParse(MoMLParser.java:5283)
	at ptolemy.moml.MoMLParser._attemptToFindMoMLClass(MoMLParser.java:4075)
	at ptolemy.moml.MoMLParser._createEntity(MoMLParser.java:4323)
	... 78 more
Caused by: ptolemy.actor.ptalon.PtalonRuntimeException: Unable to add actor null
	at ptolemy.actor.ptalon.PtalonEvaluator.addActor(PtalonEvaluator.java:300)
	at ptolemy.actor.ptalon.PtalonPopulator.actor_declaration(PtalonPopulator.java:1574)
	at ptolemy.actor.ptalon.PtalonPopulator.atomic_statement(PtalonPopulator.java:1638)
	at ptolemy.actor.ptalon.PtalonPopulator.iterative_statement_evaluator(PtalonPopulator.java:2484)
	at ptolemy.actor.ptalon.AbstractPtalonEvaluator$IfTree.evaluateForScope(AbstractPtalonEvaluator.java:1307)
	at ptolemy.actor.ptalon.AbstractPtalonEvaluator.evaluateForScope(AbstractPtalonEvaluator.java:744)
	at ptolemy.actor.ptalon.PtalonPopulator.iterative_statement(PtalonPopulator.java:2363)
	at ptolemy.actor.ptalon.PtalonPopulator.actor_definition(PtalonPopulator.java:2809)
	at ptolemy.actor.ptalon.PtalonActor.attributeChanged(PtalonActor.java:206)
	at ptolemy.actor.ptalon.PtalonMLHandler.startElement(PtalonMLHandler.java:134)
	at com.microstar.xml.XmlParser.parseElement(XmlParser.java:921)
	at com.microstar.xml.XmlParser.parseContent(XmlParser.java:1104)
	at com.microstar.xml.XmlParser.parseElement(XmlParser.java:924)
	at com.microstar.xml.XmlParser.parseDocument(XmlParser.java:481)
	at com.microstar.xml.XmlParser.doParse(XmlParser.java:159)
	at com.microstar.xml.XmlParser.parse(XmlParser.java:132)
	at ptolemy.actor.ptalon.PtalonActor.configure(PtalonActor.java:240)
	at ptolemy.moml.MoMLParser.endElement(MoMLParser.java:996)
	at com.microstar.xml.XmlParser.parseETag(XmlParser.java:1026)
	at com.microstar.xml.XmlParser.parseContent(XmlParser.java:1098)
	at com.microstar.xml.XmlParser.parseElement(XmlParser.java:924)
	at com.microstar.xml.XmlParser.parseContent(XmlParser.java:1104)
	at com.microstar.xml.XmlParser.parseElement(XmlParser.java:924)
	at com.microstar.xml.XmlParser.parseContent(XmlParser.java:1104)
	at com.microstar.xml.XmlParser.parseElement(XmlParser.java:924)
	at com.microstar.xml.XmlParser.parseDocument(XmlParser.java:481)
	at com.microstar.xml.XmlParser.doParse(XmlParser.java:159)
	at com.microstar.xml.XmlParser.parse(XmlParser.java:132)
	at ptolemy.moml.MoMLParser.parse(MoMLParser.java:1676)
	at ptolemy.moml.MoMLParser.parse(MoMLParser.java:1595)
	at ptolemy.moml.MoMLParser.parse(MoMLParser.java:1537)
	at ptolemy.actor.gui.PtolemyEffigy$Factory.createEffigy(PtolemyEffigy.java:424)
	at ptolemy.actor.gui.EffigyFactory.createEffigy(EffigyFactory.java:234)
	at ptolemy.actor.gui.Configuration.openModel(Configuration.java:1125)
	at ptolemy.actor.gui.Configuration.openModel(Configuration.java:1051)
	at ptolemy.actor.gui.ConfigurationApplication._openModel(ConfigurationApplication.java:1252)
	at ptolemy.actor.gui.ConfigurationApplication._parseArg(ConfigurationApplication.java:1399)
	at ptolemy.actor.gui.ConfigurationApplication._parseArgs(ConfigurationApplication.java:1478)
	at ptolemy.actor.gui.ConfigurationApplication.<init>(ConfigurationApplication.java:277)
	at ptolemy.actor.gui.ConfigurationApplication.<init>(ConfigurationApplication.java:214)
	at ptolemy.actor.gui.ConfigurationApplication.<init>(ConfigurationApplication.java:201)
	at ptolemy.actor.gui.ConfigurationApplication.openModelOrEntity(ConfigurationApplication.java:680)
	at ptolemy.vergil.basic.export.ExportModel$1.run(ExportModel.java:220)
	at java.awt.event.InvocationEvent.dispatch(InvocationEvent.java:301)
	at java.awt.EventQueue.dispatchEventImpl(EventQueue.java:756)
	at java.awt.EventQueue.access$500(EventQueue.java:97)
	at java.awt.EventQueue$3.run(EventQueue.java:709)
	at java.awt.EventQueue$3.run(EventQueue.java:703)
	at java.security.AccessController.doPrivileged(Native Method)
	at java.security.ProtectionDomain$JavaSecurityAccessImpl.doIntersectionPrivilege(ProtectionDomain.java:80)
	at java.awt.EventQueue.dispatchEvent(EventQueue.java:726)
	at java.awt.EventDispatchThread.pumpOneEventForFilters(EventDispatchThread.java:201)
	at java.awt.EventDispatchThread.pumpEventsForFilter(EventDispatchThread.java:116)
	at java.awt.EventDispatchThread.pumpEventsForHierarchy(EventDispatchThread.java:105)
	at java.awt.EventDispatchThread.pumpEvents(EventDispatchThread.java:101)
	at java.awt.EventDispatchThread.pumpEvents(EventDispatchThread.java:93)
	at java.awt.EventDispatchThread.run(EventDispatchThread.java:82)
Caused by: ptolemy.kernel.util.InternalErrorException: Element <entity name="sender1" class="ptolemy.actor.ptalon.demo.ptinyos.SendAndReceiveCnt.CntToLedsAndRfm"> caused an exception to be thrown.
  in .SendAndReceiveCnt.SendAndReceiveCnt
Because:
Cannot find class: ptolemy.actor.ptalon.demo.ptinyos.SendAndReceiveCnt.CntToLedsAndRfm. In Ptolemy, classes are typically Java .class files. Entities like actors may instead be defined within a .xml file.  In any case, the class was not found. If the class uses a third party package, then the class would be present only if the third party package was found at compile time.  It may be necessary to upgrade Java or install the third party package, reconfigure and recompile.
Because:
Element <entity name="MicaLeds" class="ptolemy.domains.ptinyos.lib.MicaLeds"> caused an exception to be thrown.
  in .CntToLedsAndRfm
Because:
Cannot find class: ptolemy.domains.ptinyos.lib.MicaLeds. In Ptolemy, classes are typically Java .class files. Entities like actors may instead be defined within a .xml file.  In any case, the class was not found. If the class uses a third party package, then the class would be present only if the third party package was found at compile time.  It may be necessary to upgrade Java or install the third party package, reconfigure and recompile.
Because:
-- /home/travis/build/icyphy/ptII/ptolemy/actor/ptalon/demo/ptinyos/SendAndReceiveCnt/ptolemy/domains/ptinyos/lib/MicaLeds.xml (No such file or directory)
-- XML file not found relative to classpath.
-- /home/travis/build/icyphy/ptII/ptolemy/vergil/basic/export/test/ptolemy/domains/ptinyos/lib/MicaLeds.xml
/home/travis/build/icyphy/ptII/ptolemy/vergil/basic/export/test/ptolemy/domains/ptinyos/lib/MicaLeds.xml (No such file or directory)
 in file:/home/travis/build/icyphy/ptII/ptolemy/actor/ptalon/demo/ptinyos/SendAndReceiveCnt/CntToLedsAndRfm.xml at line 132 and column 63
	at ptolemy.moml.SimpleErrorHandler.handleError(SimpleErrorHandler.java:75)
	at ptolemy.moml.MoMLParser.startElement(MoMLParser.java:3805)
	at com.microstar.xml.XmlParser.parseElement(XmlParser.java:931)
	at com.microstar.xml.XmlParser.parseDocument(XmlParser.java:481)
	at com.microstar.xml.XmlParser.doParse(XmlParser.java:159)
	at com.microstar.xml.XmlParser.parse(XmlParser.java:132)
	at ptolemy.moml.MoMLParser.parse(MoMLParser.java:1660)
	at ptolemy.moml.MoMLParser.parse(MoMLParser.java:1617)
	at ptolemy.moml.MoMLParser.parse(MoMLParser.java:1792)
	at ptolemy.actor.ptalon.PtalonEvaluator.addActor(PtalonEvaluator.java:241)
	... 56 more
Caused by: ptolemy.kernel.util.IllegalActionException: Cannot find class: ptolemy.actor.ptalon.demo.ptinyos.SendAndReceiveCnt.CntToLedsAndRfm. In Ptolemy, classes are typically Java .class files. Entities like actors may instead be defined within a .xml file.  In any case, the class was not found. If the class uses a third party package, then the class would be present only if the third party package was found at compile time.  It may be necessary to upgrade Java or install the third party package, reconfigure and recompile.
Because:
Element <entity name="MicaLeds" class="ptolemy.domains.ptinyos.lib.MicaLeds"> caused an exception to be thrown.
  in .CntToLedsAndRfm
Because:
Cannot find class: ptolemy.domains.ptinyos.lib.MicaLeds. In Ptolemy, classes are typically Java .class files. Entities like actors may instead be defined within a .xml file.  In any case, the class was not found. If the class uses a third party package, then the class would be present only if the third party package was found at compile time.  It may be necessary to upgrade Java or install the third party package, reconfigure and recompile.
Because:
-- /home/travis/build/icyphy/ptII/ptolemy/actor/ptalon/demo/ptinyos/SendAndReceiveCnt/ptolemy/domains/ptinyos/lib/MicaLeds.xml (No such file or directory)
-- XML file not found relative to classpath.
-- /home/travis/build/icyphy/ptII/ptolemy/vergil/basic/export/test/ptolemy/domains/ptinyos/lib/MicaLeds.xml
/home/travis/build/icyphy/ptII/ptolemy/vergil/basic/export/test/ptolemy/domains/ptinyos/lib/MicaLeds.xml (No such file or directory)
 in file:/home/travis/build/icyphy/ptII/ptolemy/actor/ptalon/demo/ptinyos/SendAndReceiveCnt/CntToLedsAndRfm.xml at line 132 and column 63
	at ptolemy.moml.MoMLParser._createEntity(MoMLParser.java:4330)
	at ptolemy.moml.MoMLParser.startElement(MoMLParser.java:2864)
	... 64 more
Caused by: ptolemy.kernel.util.InternalErrorException: Element <entity name="MicaLeds" class="ptolemy.domains.ptinyos.lib.MicaLeds"> caused an exception to be thrown.
  in .CntToLedsAndRfm
Because:
Cannot find class: ptolemy.domains.ptinyos.lib.MicaLeds. In Ptolemy, classes are typically Java .class files. Entities like actors may instead be defined within a .xml file.  In any case, the class was not found. If the class uses a third party package, then the class would be present only if the third party package was found at compile time.  It may be necessary to upgrade Java or install the third party package, reconfigure and recompile.
Because:
-- /home/travis/build/icyphy/ptII/ptolemy/actor/ptalon/demo/ptinyos/SendAndReceiveCnt/ptolemy/domains/ptinyos/lib/MicaLeds.xml (No such file or directory)
-- XML file not found relative to classpath.
-- /home/travis/build/icyphy/ptII/ptolemy/vergil/basic/export/test/ptolemy/domains/ptinyos/lib/MicaLeds.xml
/home/travis/build/icyphy/ptII/ptolemy/vergil/basic/export/test/ptolemy/domains/ptinyos/lib/MicaLeds.xml (No such file or directory)
 in file:/home/travis/build/icyphy/ptII/ptolemy/actor/ptalon/demo/ptinyos/SendAndReceiveCnt/CntToLedsAndRfm.xml at line 132 and column 63
	at ptolemy.moml.SimpleErrorHandler.handleError(SimpleErrorHandler.java:75)
	at ptolemy.moml.MoMLParser.startElement(MoMLParser.java:3805)
	at com.microstar.xml.XmlParser.parseElement(XmlParser.java:921)
	at com.microstar.xml.XmlParser.parseContent(XmlParser.java:1104)
	at com.microstar.xml.XmlParser.parseElement(XmlParser.java:924)
	at com.microstar.xml.XmlParser.parseDocument(XmlParser.java:481)
	at com.microstar.xml.XmlParser.doParse(XmlParser.java:159)
	at com.microstar.xml.XmlParser.parse(XmlParser.java:132)
	at ptolemy.moml.MoMLParser.parse(MoMLParser.java:1676)
	at ptolemy.moml.MoMLParser.parse(MoMLParser.java:1595)
	at ptolemy.moml.MoMLParser.parse(MoMLParser.java:1537)
	at ptolemy.moml.MoMLParser._findOrParse(MoMLParser.java:5286)
	at ptolemy.moml.MoMLParser._attemptToFindMoMLClass(MoMLParser.java:4075)
	at ptolemy.moml.MoMLParser._createEntity(MoMLParser.java:4323)
	... 65 more
Caused by: ptolemy.kernel.util.IllegalActionException: Cannot find class: ptolemy.domains.ptinyos.lib.MicaLeds. In Ptolemy, classes are typically Java .class files. Entities like actors may instead be defined within a .xml file.  In any case, the class was not found. If the class uses a third party package, then the class would be present only if the third party package was found at compile time.  It may be necessary to upgrade Java or install the third party package, reconfigure and recompile.
Because:
-- /home/travis/build/icyphy/ptII/ptolemy/actor/ptalon/demo/ptinyos/SendAndReceiveCnt/ptolemy/domains/ptinyos/lib/MicaLeds.xml (No such file or directory)
-- XML file not found relative to classpath.
-- /home/travis/build/icyphy/ptII/ptolemy/vergil/basic/export/test/ptolemy/domains/ptinyos/lib/MicaLeds.xml
/home/travis/build/icyphy/ptII/ptolemy/vergil/basic/export/test/ptolemy/domains/ptinyos/lib/MicaLeds.xml (No such file or directory)
 in file:/home/travis/build/icyphy/ptII/ptolemy/actor/ptalon/demo/ptinyos/SendAndReceiveCnt/CntToLedsAndRfm.xml at line 132 and column 63
	at ptolemy.moml.MoMLParser._createEntity(MoMLParser.java:4330)
	at ptolemy.moml.MoMLParser.startElement(MoMLParser.java:2864)
	... 77 more
Caused by: com.microstar.xml.XmlException: -- /home/travis/build/icyphy/ptII/ptolemy/actor/ptalon/demo/ptinyos/SendAndReceiveCnt/ptolemy/domains/ptinyos/lib/MicaLeds.xml (No such file or directory)
-- XML file not found relative to classpath.
-- /home/travis/build/icyphy/ptII/ptolemy/vergil/basic/export/test/ptolemy/domains/ptinyos/lib/MicaLeds.xml
/home/travis/build/icyphy/ptII/ptolemy/vergil/basic/export/test/ptolemy/domains/ptinyos/lib/MicaLeds.xml (No such file or directory)
 in file:/home/travis/build/icyphy/ptII/ptolemy/actor/ptalon/demo/ptinyos/SendAndReceiveCnt/CntToLedsAndRfm.xml at line 132 and column 63
	at ptolemy.moml.MoMLParser.fileNameToURL(MoMLParser.java:1414)
	at ptolemy.moml.MoMLParser._findOrParse(MoMLParser.java:5283)
	at ptolemy.moml.MoMLParser._attemptToFindMoMLClass(MoMLParser.java:4075)
	at ptolemy.moml.MoMLParser._createEntity(MoMLParser.java:4323)
	... 78 more
Failed to read file:/home/travis/build/icyphy/ptII/ptolemy/actor/ptalon/demo/ptinyos/SendAndReceiveCnt/SendAndReceiveCnt.xml
ptolemy.kernel.util.IllegalActionException: Failed to process attribute change to PtalonParameter, whose value is "ptolemy.actor.ptalon.PtalonExpressionParameter {.SendAndReceiveCnt.SendAndReceiveCnt.channelName} "AtomicWirelessChannel"".
  in .SendAndReceiveCnt.SendAndReceiveCnt
Because:
Unable to add actor null
	at ptolemy.actor.ptalon.PtalonActor.attributeChanged(PtalonActor.java:211)
	at ptolemy.actor.ptalon.PtalonMLHandler.startElement(PtalonMLHandler.java:134)
	at com.microstar.xml.XmlParser.parseElement(XmlParser.java:921)
	at com.microstar.xml.XmlParser.parseContent(XmlParser.java:1104)
	at com.microstar.xml.XmlParser.parseElement(XmlParser.java:924)
	at com.microstar.xml.XmlParser.parseDocument(XmlParser.java:481)
	at com.microstar.xml.XmlParser.doParse(XmlParser.java:159)
	at com.microstar.xml.XmlParser.parse(XmlParser.java:132)
	at ptolemy.actor.ptalon.PtalonActor.configure(PtalonActor.java:240)
	at ptolemy.moml.MoMLParser.endElement(MoMLParser.java:996)
	at com.microstar.xml.XmlParser.parseETag(XmlParser.java:1026)
	at com.microstar.xml.XmlParser.parseContent(XmlParser.java:1098)
	at com.microstar.xml.XmlParser.parseElement(XmlParser.java:924)
	at com.microstar.xml.XmlParser.parseContent(XmlParser.java:1104)
	at com.microstar.xml.XmlParser.parseElement(XmlParser.java:924)
	at com.microstar.xml.XmlParser.parseContent(XmlParser.java:1104)
	at com.microstar.xml.XmlParser.parseElement(XmlParser.java:924)
	at com.microstar.xml.XmlParser.parseDocument(XmlParser.java:481)
	at com.microstar.xml.XmlParser.doParse(XmlParser.java:159)
	at com.microstar.xml.XmlParser.parse(XmlParser.java:132)
	at ptolemy.moml.MoMLParser.parse(MoMLParser.java:1676)
	at ptolemy.moml.MoMLParser.parse(MoMLParser.java:1595)
	at ptolemy.moml.MoMLParser.parse(MoMLParser.java:1537)
	at ptolemy.actor.gui.PtolemyEffigy$Factory.createEffigy(PtolemyEffigy.java:424)
	at ptolemy.actor.gui.EffigyFactory.createEffigy(EffigyFactory.java:234)
	at ptolemy.actor.gui.Configuration.openModel(Configuration.java:1125)
	at ptolemy.actor.gui.Configuration.openModel(Configuration.java:1051)
	at ptolemy.actor.gui.ConfigurationApplication._openModel(ConfigurationApplication.java:1252)
	at ptolemy.actor.gui.ConfigurationApplication._parseArg(ConfigurationApplication.java:1399)
	at ptolemy.actor.gui.ConfigurationApplication._parseArgs(ConfigurationApplication.java:1478)
	at ptolemy.actor.gui.ConfigurationApplication.<init>(ConfigurationApplication.java:277)
	at ptolemy.actor.gui.ConfigurationApplication.<init>(ConfigurationApplication.java:214)
	at ptolemy.actor.gui.ConfigurationApplication.<init>(ConfigurationApplication.java:201)
	at ptolemy.actor.gui.ConfigurationApplication.openModelOrEntity(ConfigurationApplication.java:680)
	at ptolemy.vergil.basic.export.ExportModel$1.run(ExportModel.java:220)
	at java.awt.event.InvocationEvent.dispatch(InvocationEvent.java:301)
	at java.awt.EventQueue.dispatchEventImpl(EventQueue.java:756)
	at java.awt.EventQueue.access$500(EventQueue.java:97)
	at java.awt.EventQueue$3.run(EventQueue.java:709)
	at java.awt.EventQueue$3.run(EventQueue.java:703)
	at java.security.AccessController.doPrivileged(Native Method)
	at java.security.ProtectionDomain$JavaSecurityAccessImpl.doIntersectionPrivilege(ProtectionDomain.java:80)
	at java.awt.EventQueue.dispatchEvent(EventQueue.java:726)
	at java.awt.EventDispatchThread.pumpOneEventForFilters(EventDispatchThread.java:201)
	at java.awt.EventDispatchThread.pumpEventsForFilter(EventDispatchThread.java:116)
	at java.awt.EventDispatchThread.pumpEventsForHierarchy(EventDispatchThread.java:105)
	at java.awt.EventDispatchThread.pumpEvents(EventDispatchThread.java:101)
	at java.awt.EventDispatchThread.pumpEvents(EventDispatchThread.java:93)
	at java.awt.EventDispatchThread.run(EventDispatchThread.java:82)
Caused by: ptolemy.actor.ptalon.PtalonRuntimeException: Unable to add actor null
	at ptolemy.actor.ptalon.PtalonEvaluator.addActor(PtalonEvaluator.java:300)
	at ptolemy.actor.ptalon.PtalonPopulator.actor_declaration(PtalonPopulator.java:1574)
	at ptolemy.actor.ptalon.PtalonPopulator.atomic_statement(PtalonPopulator.java:1638)
	at ptolemy.actor.ptalon.PtalonPopulator.iterative_statement_evaluator(PtalonPopulator.java:2484)
	at ptolemy.actor.ptalon.AbstractPtalonEvaluator$IfTree.evaluateForScope(AbstractPtalonEvaluator.java:1307)
	at ptolemy.actor.ptalon.AbstractPtalonEvaluator.evaluateForScope(AbstractPtalonEvaluator.java:744)
	at ptolemy.actor.ptalon.PtalonPopulator.iterative_statement(PtalonPopulator.java:2363)
	at ptolemy.actor.ptalon.PtalonPopulator.actor_definition(PtalonPopulator.java:2809)
	at ptolemy.actor.ptalon.PtalonActor.attributeChanged(PtalonActor.java:206)
	... 48 more
Caused by: ptolemy.kernel.util.InternalErrorException: Element <entity name="sender1" class="ptolemy.actor.ptalon.demo.ptinyos.SendAndReceiveCnt.CntToLedsAndRfm"> caused an exception to be thrown.
  in .SendAndReceiveCnt.SendAndReceiveCnt
Because:
Cannot find class: ptolemy.actor.ptalon.demo.ptinyos.SendAndReceiveCnt.CntToLedsAndRfm. In Ptolemy, classes are typically Java .class files. Entities like actors may instead be defined within a .xml file.  In any case, the class was not found. If the class uses a third party package, then the class would be present only if the third party package was found at compile time.  It may be necessary to upgrade Java or install the third party package, reconfigure and recompile.
Because:
Element <entity name="MicaLeds" class="ptolemy.domains.ptinyos.lib.MicaLeds"> caused an exception to be thrown.
  in .CntToLedsAndRfm
Because:
Cannot find class: ptolemy.domains.ptinyos.lib.MicaLeds. In Ptolemy, classes are typically Java .class files. Entities like actors may instead be defined within a .xml file.  In any case, the class was not found. If the class uses a third party package, then the class would be present only if the third party package was found at compile time.  It may be necessary to upgrade Java or install the third party package, reconfigure and recompile.
Because:
-- /home/travis/build/icyphy/ptII/ptolemy/actor/ptalon/demo/ptinyos/SendAndReceiveCnt/ptolemy/domains/ptinyos/lib/MicaLeds.xml (No such file or directory)
-- XML file not found relative to classpath.
-- /home/travis/build/icyphy/ptII/ptolemy/vergil/basic/export/test/ptolemy/domains/ptinyos/lib/MicaLeds.xml
/home/travis/build/icyphy/ptII/ptolemy/vergil/basic/export/test/ptolemy/domains/ptinyos/lib/MicaLeds.xml (No such file or directory)
 in file:/home/travis/build/icyphy/ptII/ptolemy/actor/ptalon/demo/ptinyos/SendAndReceiveCnt/CntToLedsAndRfm.xml at line 132 and column 63
	at ptolemy.moml.SimpleErrorHandler.handleError(SimpleErrorHandler.java:75)
	at ptolemy.moml.MoMLParser.startElement(MoMLParser.java:3805)
	at com.microstar.xml.XmlParser.parseElement(XmlParser.java:931)
	at com.microstar.xml.XmlParser.parseDocument(XmlParser.java:481)
	at com.microstar.xml.XmlParser.doParse(XmlParser.java:159)
	at com.microstar.xml.XmlParser.parse(XmlParser.java:132)
	at ptolemy.moml.MoMLParser.parse(MoMLParser.java:1660)
	at ptolemy.moml.MoMLParser.parse(MoMLParser.java:1617)
	at ptolemy.moml.MoMLParser.parse(MoMLParser.java:1792)
	at ptolemy.actor.ptalon.PtalonEvaluator.addActor(PtalonEvaluator.java:241)
	... 56 more
Caused by: ptolemy.kernel.util.IllegalActionException: Cannot find class: ptolemy.actor.ptalon.demo.ptinyos.SendAndReceiveCnt.CntToLedsAndRfm. In Ptolemy, classes are typically Java .class files. Entities like actors may instead be defined within a .xml file.  In any case, the class was not found. If the class uses a third party package, then the class would be present only if the third party package was found at compile time.  It may be necessary to upgrade Java or install the third party package, reconfigure and recompile.
Because:
Element <entity name="MicaLeds" class="ptolemy.domains.ptinyos.lib.MicaLeds"> caused an exception to be thrown.
  in .CntToLedsAndRfm
Because:
Cannot find class: ptolemy.domains.ptinyos.lib.MicaLeds. In Ptolemy, classes are typically Java .class files. Entities like actors may instead be defined within a .xml file.  In any case, the class was not found. If the class uses a third party package, then the class would be present only if the third party package was found at compile time.  It may be necessary to upgrade Java or install the third party package, reconfigure and recompile.
Because:
-- /home/travis/build/icyphy/ptII/ptolemy/actor/ptalon/demo/ptinyos/SendAndReceiveCnt/ptolemy/domains/ptinyos/lib/MicaLeds.xml (No such file or directory)
-- XML file not found relative to classpath.
-- /home/travis/build/icyphy/ptII/ptolemy/vergil/basic/export/test/ptolemy/domains/ptinyos/lib/MicaLeds.xml
/home/travis/build/icyphy/ptII/ptolemy/vergil/basic/export/test/ptolemy/domains/ptinyos/lib/MicaLeds.xml (No such file or directory)
 in file:/home/travis/build/icyphy/ptII/ptolemy/actor/ptalon/demo/ptinyos/SendAndReceiveCnt/CntToLedsAndRfm.xml at line 132 and column 63
	at ptolemy.moml.MoMLParser._createEntity(MoMLParser.java:4330)
	at ptolemy.moml.MoMLParser.startElement(MoMLParser.java:2864)
	... 64 more
Caused by: ptolemy.kernel.util.InternalErrorException: Element <entity name="MicaLeds" class="ptolemy.domains.ptinyos.lib.MicaLeds"> caused an exception to be thrown.
  in .CntToLedsAndRfm
Because:
Cannot find class: ptolemy.domains.ptinyos.lib.MicaLeds. In Ptolemy, classes are typically Java .class files. Entities like actors may instead be defined within a .xml file.  In any case, the class was not found. If the class uses a third party package, then the class would be present only if the third party package was found at compile time.  It may be necessary to upgrade Java or install the third party package, reconfigure and recompile.
Because:
-- /home/travis/build/icyphy/ptII/ptolemy/actor/ptalon/demo/ptinyos/SendAndReceiveCnt/ptolemy/domains/ptinyos/lib/MicaLeds.xml (No such file or directory)
-- XML file not found relative to classpath.
-- /home/travis/build/icyphy/ptII/ptolemy/vergil/basic/export/test/ptolemy/domains/ptinyos/lib/MicaLeds.xml
/home/travis/build/icyphy/ptII/ptolemy/vergil/basic/export/test/ptolemy/domains/ptinyos/lib/MicaLeds.xml (No such file or directory)
 in file:/home/travis/build/icyphy/ptII/ptolemy/actor/ptalon/demo/ptinyos/SendAndReceiveCnt/CntToLedsAndRfm.xml at line 132 and column 63
	at ptolemy.moml.SimpleErrorHandler.handleError(SimpleErrorHandler.java:75)
	at ptolemy.moml.MoMLParser.startElement(MoMLParser.java:3805)
	at com.microstar.xml.XmlParser.parseElement(XmlParser.java:921)
	at com.microstar.xml.XmlParser.parseContent(XmlParser.java:1104)
	at com.microstar.xml.XmlParser.parseElement(XmlParser.java:924)
	at com.microstar.xml.XmlParser.parseDocument(XmlParser.java:481)
	at com.microstar.xml.XmlParser.doParse(XmlParser.java:159)
	at com.microstar.xml.XmlParser.parse(XmlParser.java:132)
	at ptolemy.moml.MoMLParser.parse(MoMLParser.java:1676)
	at ptolemy.moml.MoMLParser.parse(MoMLParser.java:1595)
	at ptolemy.moml.MoMLParser.parse(MoMLParser.java:1537)
	at ptolemy.moml.MoMLParser._findOrParse(MoMLParser.java:5286)
	at ptolemy.moml.MoMLParser._attemptToFindMoMLClass(MoMLParser.java:4075)
	at ptolemy.moml.MoMLParser._createEntity(MoMLParser.java:4323)
	... 65 more
Caused by: ptolemy.kernel.util.IllegalActionException: Cannot find class: ptolemy.domains.ptinyos.lib.MicaLeds. In Ptolemy, classes are typically Java .class files. Entities like actors may instead be defined within a .xml file.  In any case, the class was not found. If the class uses a third party package, then the class would be present only if the third party package was found at compile time.  It may be necessary to upgrade Java or install the third party package, reconfigure and recompile.
Because:
-- /home/travis/build/icyphy/ptII/ptolemy/actor/ptalon/demo/ptinyos/SendAndReceiveCnt/ptolemy/domains/ptinyos/lib/MicaLeds.xml (No such file or directory)
-- XML file not found relative to classpath.
-- /home/travis/build/icyphy/ptII/ptolemy/vergil/basic/export/test/ptolemy/domains/ptinyos/lib/MicaLeds.xml
/home/travis/build/icyphy/ptII/ptolemy/vergil/basic/export/test/ptolemy/domains/ptinyos/lib/MicaLeds.xml (No such file or directory)
 in file:/home/travis/build/icyphy/ptII/ptolemy/actor/ptalon/demo/ptinyos/SendAndReceiveCnt/CntToLedsAndRfm.xml at line 132 and column 63
	at ptolemy.moml.MoMLParser._createEntity(MoMLParser.java:4330)
	at ptolemy.moml.MoMLParser.startElement(MoMLParser.java:2864)
	... 77 more
Caused by: com.microstar.xml.XmlException: -- /home/travis/build/icyphy/ptII/ptolemy/actor/ptalon/demo/ptinyos/SendAndReceiveCnt/ptolemy/domains/ptinyos/lib/MicaLeds.xml (No such file or directory)
-- XML file not found relative to classpath.
-- /home/travis/build/icyphy/ptII/ptolemy/vergil/basic/export/test/ptolemy/domains/ptinyos/lib/MicaLeds.xml
/home/travis/build/icyphy/ptII/ptolemy/vergil/basic/export/test/ptolemy/domains/ptinyos/lib/MicaLeds.xml (No such file or directory)
 in file:/home/travis/build/icyphy/ptII/ptolemy/actor/ptalon/demo/ptinyos/SendAndReceiveCnt/CntToLedsAndRfm.xml at line 132 and column 63
	at ptolemy.moml.MoMLParser.fileNameToURL(MoMLParser.java:1414)
	at ptolemy.moml.MoMLParser._findOrParse(MoMLParser.java:5283)
	at ptolemy.moml.MoMLParser._attemptToFindMoMLClass(MoMLParser.java:4075)
	at ptolemy.moml.MoMLParser._createEntity(MoMLParser.java:4323)
	... 78 more
Caused by: ptolemy.actor.ptalon.PtalonRuntimeException: Unable to add actor null
	at ptolemy.actor.ptalon.PtalonEvaluator.addActor(PtalonEvaluator.java:300)
	at ptolemy.actor.ptalon.PtalonPopulator.actor_declaration(PtalonPopulator.java:1574)
	at ptolemy.actor.ptalon.PtalonPopulator.atomic_statement(PtalonPopulator.java:1638)
	at ptolemy.actor.ptalon.PtalonPopulator.iterative_statement_evaluator(PtalonPopulator.java:2484)
	at ptolemy.actor.ptalon.AbstractPtalonEvaluator$IfTree.evaluateForScope(AbstractPtalonEvaluator.java:1307)
	at ptolemy.actor.ptalon.AbstractPtalonEvaluator.evaluateForScope(AbstractPtalonEvaluator.java:744)
	at ptolemy.actor.ptalon.PtalonPopulator.iterative_statement(PtalonPopulator.java:2363)
	at ptolemy.actor.ptalon.PtalonPopulator.actor_definition(PtalonPopulator.java:2809)
	at ptolemy.actor.ptalon.PtalonActor.attributeChanged(PtalonActor.java:206)
	at ptolemy.actor.ptalon.PtalonMLHandler.startElement(PtalonMLHandler.java:134)
	at com.microstar.xml.XmlParser.parseElement(XmlParser.java:921)
	at com.microstar.xml.XmlParser.parseContent(XmlParser.java:1104)
	at com.microstar.xml.XmlParser.parseElement(XmlParser.java:924)
	at com.microstar.xml.XmlParser.parseDocument(XmlParser.java:481)
	at com.microstar.xml.XmlParser.doParse(XmlParser.java:159)
	at com.microstar.xml.XmlParser.parse(XmlParser.java:132)
	at ptolemy.actor.ptalon.PtalonActor.configure(PtalonActor.java:240)
	at ptolemy.moml.MoMLParser.endElement(MoMLParser.java:996)
	at com.microstar.xml.XmlParser.parseETag(XmlParser.java:1026)
	at com.microstar.xml.XmlParser.parseContent(XmlParser.java:1098)
	at com.microstar.xml.XmlParser.parseElement(XmlParser.java:924)
	at com.microstar.xml.XmlParser.parseContent(XmlParser.java:1104)
	at com.microstar.xml.XmlParser.parseElement(XmlParser.java:924)
	at com.microstar.xml.XmlParser.parseContent(XmlParser.java:1104)
	at com.microstar.xml.XmlParser.parseElement(XmlParser.java:924)
	at com.microstar.xml.XmlParser.parseDocument(XmlParser.java:481)
	at com.microstar.xml.XmlParser.doParse(XmlParser.java:159)
	at com.microstar.xml.XmlParser.parse(XmlParser.java:132)
	at ptolemy.moml.MoMLParser.parse(MoMLParser.java:1676)
	at ptolemy.moml.MoMLParser.parse(MoMLParser.java:1595)
	at ptolemy.moml.MoMLParser.parse(MoMLParser.java:1537)
	at ptolemy.actor.gui.PtolemyEffigy$Factory.createEffigy(PtolemyEffigy.java:424)
	at ptolemy.actor.gui.EffigyFactory.createEffigy(EffigyFactory.java:234)
	at ptolemy.actor.gui.Configuration.openModel(Configuration.java:1125)
	at ptolemy.actor.gui.Configuration.openModel(Configuration.java:1051)
	at ptolemy.actor.gui.ConfigurationApplication._openModel(ConfigurationApplication.java:1252)
	at ptolemy.actor.gui.ConfigurationApplication._parseArg(ConfigurationApplication.java:1399)
	at ptolemy.actor.gui.ConfigurationApplication._parseArgs(ConfigurationApplication.java:1478)
	at ptolemy.actor.gui.ConfigurationApplication.<init>(ConfigurationApplication.java:277)
	at ptolemy.actor.gui.ConfigurationApplication.<init>(ConfigurationApplication.java:214)
	at ptolemy.actor.gui.ConfigurationApplication.<init>(ConfigurationApplication.java:201)
	at ptolemy.actor.gui.ConfigurationApplication.openModelOrEntity(ConfigurationApplication.java:680)
	at ptolemy.vergil.basic.export.ExportModel$1.run(ExportModel.java:220)
	at java.awt.event.InvocationEvent.dispatch(InvocationEvent.java:301)
	at java.awt.EventQueue.dispatchEventImpl(EventQueue.java:756)
	at java.awt.EventQueue.access$500(EventQueue.java:97)
	at java.awt.EventQueue$3.run(EventQueue.java:709)
	at java.awt.EventQueue$3.run(EventQueue.java:703)
	at java.security.AccessController.doPrivileged(Native Method)
	at java.security.ProtectionDomain$JavaSecurityAccessImpl.doIntersectionPrivilege(ProtectionDomain.java:80)
	at java.awt.EventQueue.dispatchEvent(EventQueue.java:726)
	at java.awt.EventDispatchThread.pumpOneEventForFilters(EventDispatchThread.java:201)
	at java.awt.EventDispatchThread.pumpEventsForFilter(EventDispatchThread.java:116)
	at java.awt.EventDispatchThread.pumpEventsForHierarchy(EventDispatchThread.java:105)
	at java.awt.EventDispatchThread.pumpEvents(EventDispatchThread.java:101)
	at java.awt.EventDispatchThread.pumpEvents(EventDispatchThread.java:93)
	at java.awt.EventDispatchThread.run(EventDispatchThread.java:82)
Caused by: ptolemy.kernel.util.InternalErrorException: Element <entity name="sender1" class="ptolemy.actor.ptalon.demo.ptinyos.SendAndReceiveCnt.CntToLedsAndRfm"> caused an exception to be thrown.
  in .SendAndReceiveCnt.SendAndReceiveCnt
Because:
Cannot find class: ptolemy.actor.ptalon.demo.ptinyos.SendAndReceiveCnt.CntToLedsAndRfm. In Ptolemy, classes are typically Java .class files. Entities like actors may instead be defined within a .xml file.  In any case, the class was not found. If the class uses a third party package, then the class would be present only if the third party package was found at compile time.  It may be necessary to upgrade Java or install the third party package, reconfigure and recompile.
Because:
Element <entity name="MicaLeds" class="ptolemy.domains.ptinyos.lib.MicaLeds"> caused an exception to be thrown.
  in .CntToLedsAndRfm
Because:
Cannot find class: ptolemy.domains.ptinyos.lib.MicaLeds. In Ptolemy, classes are typically Java .class files. Entities like actors may instead be defined within a .xml file.  In any case, the class was not found. If the class uses a third party package, then the class would be present only if the third party package was found at compile time.  It may be necessary to upgrade Java or install the third party package, reconfigure and recompile.
Because:
-- /home/travis/build/icyphy/ptII/ptolemy/actor/ptalon/demo/ptinyos/SendAndReceiveCnt/ptolemy/domains/ptinyos/lib/MicaLeds.xml (No such file or directory)
-- XML file not found relative to classpath.
-- /home/travis/build/icyphy/ptII/ptolemy/vergil/basic/export/test/ptolemy/domains/ptinyos/lib/MicaLeds.xml
/home/travis/build/icyphy/ptII/ptolemy/vergil/basic/export/test/ptolemy/domains/ptinyos/lib/MicaLeds.xml (No such file or directory)
 in file:/home/travis/build/icyphy/ptII/ptolemy/actor/ptalon/demo/ptinyos/SendAndReceiveCnt/CntToLedsAndRfm.xml at line 132 and column 63
	at ptolemy.moml.SimpleErrorHandler.handleError(SimpleErrorHandler.java:75)
	at ptolemy.moml.MoMLParser.startElement(MoMLParser.java:3805)
	at com.microstar.xml.XmlParser.parseElement(XmlParser.java:931)
	at com.microstar.xml.XmlParser.parseDocument(XmlParser.java:481)
	at com.microstar.xml.XmlParser.doParse(XmlParser.java:159)
	at com.microstar.xml.XmlParser.parse(XmlParser.java:132)
	at ptolemy.moml.MoMLParser.parse(MoMLParser.java:1660)
	at ptolemy.moml.MoMLParser.parse(MoMLParser.java:1617)
	at ptolemy.moml.MoMLParser.parse(MoMLParser.java:1792)
	at ptolemy.actor.ptalon.PtalonEvaluator.addActor(PtalonEvaluator.java:241)
	... 56 more
Caused by: ptolemy.kernel.util.IllegalActionException: Cannot find class: ptolemy.actor.ptalon.demo.ptinyos.SendAndReceiveCnt.CntToLedsAndRfm. In Ptolemy, classes are typically Java .class files. Entities like actors may instead be defined within a .xml file.  In any case, the class was not found. If the class uses a third party package, then the class would be present only if the third party package was found at compile time.  It may be necessary to upgrade Java or install the third party package, reconfigure and recompile.
Because:
Element <entity name="MicaLeds" class="ptolemy.domains.ptinyos.lib.MicaLeds"> caused an exception to be thrown.
  in .CntToLedsAndRfm
Because:
Cannot find class: ptolemy.domains.ptinyos.lib.MicaLeds. In Ptolemy, classes are typically Java .class files. Entities like actors may instead be defined within a .xml file.  In any case, the class was not found. If the class uses a third party package, then the class would be present only if the third party package was found at compile time.  It may be necessary to upgrade Java or install the third party package, reconfigure and recompile.
Because:
-- /home/travis/build/icyphy/ptII/ptolemy/actor/ptalon/demo/ptinyos/SendAndReceiveCnt/ptolemy/domains/ptinyos/lib/MicaLeds.xml (No such file or directory)
-- XML file not found relative to classpath.
-- /home/travis/build/icyphy/ptII/ptolemy/vergil/basic/export/test/ptolemy/domains/ptinyos/lib/MicaLeds.xml
/home/travis/build/icyphy/ptII/ptolemy/vergil/basic/export/test/ptolemy/domains/ptinyos/lib/MicaLeds.xml (No such file or directory)
 in file:/home/travis/build/icyphy/ptII/ptolemy/actor/ptalon/demo/ptinyos/SendAndReceiveCnt/CntToLedsAndRfm.xml at line 132 and column 63
	at ptolemy.moml.MoMLParser._createEntity(MoMLParser.java:4330)
	at ptolemy.moml.MoMLParser.startElement(MoMLParser.java:2864)
	... 64 more
Caused by: ptolemy.kernel.util.InternalErrorException: Element <entity name="MicaLeds" class="ptolemy.domains.ptinyos.lib.MicaLeds"> caused an exception to be thrown.
  in .CntToLedsAndRfm
Because:
Cannot find class: ptolemy.domains.ptinyos.lib.MicaLeds. In Ptolemy, classes are typically Java .class files. Entities like actors may instead be defined within a .xml file.  In any case, the class was not found. If the class uses a third party package, then the class would be present only if the third party package was found at compile time.  It may be necessary to upgrade Java or install the third party package, reconfigure and recompile.
Because:
-- /home/travis/build/icyphy/ptII/ptolemy/actor/ptalon/demo/ptinyos/SendAndReceiveCnt/ptolemy/domains/ptinyos/lib/MicaLeds.xml (No such file or directory)
-- XML file not found relative to classpath.
-- /home/travis/build/icyphy/ptII/ptolemy/vergil/basic/export/test/ptolemy/domains/ptinyos/lib/MicaLeds.xml
/home/travis/build/icyphy/ptII/ptolemy/vergil/basic/export/test/ptolemy/domains/ptinyos/lib/MicaLeds.xml (No such file or directory)
 in file:/home/travis/build/icyphy/ptII/ptolemy/actor/ptalon/demo/ptinyos/SendAndReceiveCnt/CntToLedsAndRfm.xml at line 132 and column 63
	at ptolemy.moml.SimpleErrorHandler.handleError(SimpleErrorHandler.java:75)
	at ptolemy.moml.MoMLParser.startElement(MoMLParser.java:3805)
	at com.microstar.xml.XmlParser.parseElement(XmlParser.java:921)
	at com.microstar.xml.XmlParser.parseContent(XmlParser.java:1104)
	at com.microstar.xml.XmlParser.parseElement(XmlParser.java:924)
	at com.microstar.xml.XmlParser.parseDocument(XmlParser.java:481)
	at com.microstar.xml.XmlParser.doParse(XmlParser.java:159)
	at com.microstar.xml.XmlParser.parse(XmlParser.java:132)
	at ptolemy.moml.MoMLParser.parse(MoMLParser.java:1676)
	at ptolemy.moml.MoMLParser.parse(MoMLParser.java:1595)
	at ptolemy.moml.MoMLParser.parse(MoMLParser.java:1537)
	at ptolemy.moml.MoMLParser._findOrParse(MoMLParser.java:5286)
	at ptolemy.moml.MoMLParser._attemptToFindMoMLClass(MoMLParser.java:4075)
	at ptolemy.moml.MoMLParser._createEntity(MoMLParser.java:4323)
	... 65 more
Caused by: ptolemy.kernel.util.IllegalActionException: Cannot find class: ptolemy.domains.ptinyos.lib.MicaLeds. In Ptolemy, classes are typically Java .class files. Entities like actors may instead be defined within a .xml file.  In any case, the class was not found. If the class uses a third party package, then the class would be present only if the third party package was found at compile time.  It may be necessary to upgrade Java or install the third party package, reconfigure and recompile.
Because:
-- /home/travis/build/icyphy/ptII/ptolemy/actor/ptalon/demo/ptinyos/SendAndReceiveCnt/ptolemy/domains/ptinyos/lib/MicaLeds.xml (No such file or directory)
-- XML file not found relative to classpath.
-- /home/travis/build/icyphy/ptII/ptolemy/vergil/basic/export/test/ptolemy/domains/ptinyos/lib/MicaLeds.xml
/home/travis/build/icyphy/ptII/ptolemy/vergil/basic/export/test/ptolemy/domains/ptinyos/lib/MicaLeds.xml (No such file or directory)
 in file:/home/travis/build/icyphy/ptII/ptolemy/actor/ptalon/demo/ptinyos/SendAndReceiveCnt/CntToLedsAndRfm.xml at line 132 and column 63
	at ptolemy.moml.MoMLParser._createEntity(MoMLParser.java:4330)
	at ptolemy.moml.MoMLParser.startElement(MoMLParser.java:2864)
	... 77 more
Caused by: com.microstar.xml.XmlException: -- /home/travis/build/icyphy/ptII/ptolemy/actor/ptalon/demo/ptinyos/SendAndReceiveCnt/ptolemy/domains/ptinyos/lib/MicaLeds.xml (No such file or directory)
-- XML file not found relative to classpath.
-- /home/travis/build/icyphy/ptII/ptolemy/vergil/basic/export/test/ptolemy/domains/ptinyos/lib/MicaLeds.xml
/home/travis/build/icyphy/ptII/ptolemy/vergil/basic/export/test/ptolemy/domains/ptinyos/lib/MicaLeds.xml (No such file or directory)
 in file:/home/travis/build/icyphy/ptII/ptolemy/actor/ptalon/demo/ptinyos/SendAndReceiveCnt/CntToLedsAndRfm.xml at line 132 and column 63
	at ptolemy.moml.MoMLParser.fileNameToURL(MoMLParser.java:1414)
	at ptolemy.moml.MoMLParser._findOrParse(MoMLParser.java:5283)
	at ptolemy.moml.MoMLParser._attemptToFindMoMLClass(MoMLParser.java:4075)
	at ptolemy.moml.MoMLParser._createEntity(MoMLParser.java:4323)
	... 78 more
Failed to read file:/home/travis/build/icyphy/ptII/ptolemy/actor/ptalon/demo/ptinyos/SendAndReceiveCnt/SendAndReceiveCnt.xml
ptolemy.kernel.util.IllegalActionException: Failed to process attribute change to PtalonParameter, whose value is "ptolemy.actor.ptalon.PtalonExpressionParameter {.SendAndReceiveCnt.SendAndReceiveCnt.channelName} "AtomicWirelessChannel"".
  in .SendAndReceiveCnt.SendAndReceiveCnt
Because:
Unable to add actor null
	at ptolemy.actor.ptalon.PtalonActor.attributeChanged(PtalonActor.java:211)
	at ptolemy.actor.ptalon.PtalonMLHandler.startElement(PtalonMLHandler.java:134)
	at com.microstar.xml.XmlParser.parseElement(XmlParser.java:921)
	at com.microstar.xml.XmlParser.parseContent(XmlParser.java:1104)
	at com.microstar.xml.XmlParser.parseElement(XmlParser.java:924)
	at com.microstar.xml.XmlParser.parseDocument(XmlParser.java:481)
	at com.microstar.xml.XmlParser.doParse(XmlParser.java:159)
	at com.microstar.xml.XmlParser.parse(XmlParser.java:132)
	at ptolemy.actor.ptalon.PtalonActor.configure(PtalonActor.java:240)
	at ptolemy.moml.MoMLParser.endElement(MoMLParser.java:996)
	at com.microstar.xml.XmlParser.parseETag(XmlParser.java:1026)
	at com.microstar.xml.XmlParser.parseContent(XmlParser.java:1098)
	at com.microstar.xml.XmlParser.parseElement(XmlParser.java:924)
	at com.microstar.xml.XmlParser.parseContent(XmlParser.java:1104)
	at com.microstar.xml.XmlParser.parseElement(XmlParser.java:924)
	at com.microstar.xml.XmlParser.parseContent(XmlParser.java:1104)
	at com.microstar.xml.XmlParser.parseElement(XmlParser.java:924)
	at com.microstar.xml.XmlParser.parseDocument(XmlParser.java:481)
	at com.microstar.xml.XmlParser.doParse(XmlParser.java:159)
	at com.microstar.xml.XmlParser.parse(XmlParser.java:132)
	at ptolemy.moml.MoMLParser.parse(MoMLParser.java:1676)
	at ptolemy.moml.MoMLParser.parse(MoMLParser.java:1595)
	at ptolemy.moml.MoMLParser.parse(MoMLParser.java:1537)
	at ptolemy.actor.gui.PtolemyEffigy$Factory.createEffigy(PtolemyEffigy.java:424)
	at ptolemy.actor.gui.EffigyFactory.createEffigy(EffigyFactory.java:234)
	at ptolemy.actor.gui.Configuration.openModel(Configuration.java:1125)
	at ptolemy.actor.gui.Configuration.openModel(Configuration.java:1051)
	at ptolemy.actor.gui.ConfigurationApplication._openModel(ConfigurationApplication.java:1252)
	at ptolemy.actor.gui.ConfigurationApplication._parseArg(ConfigurationApplication.java:1399)
	at ptolemy.actor.gui.ConfigurationApplication._parseArgs(ConfigurationApplication.java:1478)
	at ptolemy.actor.gui.ConfigurationApplication.<init>(ConfigurationApplication.java:277)
	at ptolemy.actor.gui.ConfigurationApplication.<init>(ConfigurationApplication.java:214)
	at ptolemy.actor.gui.ConfigurationApplication.<init>(ConfigurationApplication.java:201)
	at ptolemy.actor.gui.ConfigurationApplication.openModelOrEntity(ConfigurationApplication.java:680)
	at ptolemy.vergil.basic.export.ExportModel$1.run(ExportModel.java:220)
	at java.awt.event.InvocationEvent.dispatch(InvocationEvent.java:301)
	at java.awt.EventQueue.dispatchEventImpl(EventQueue.java:756)
	at java.awt.EventQueue.access$500(EventQueue.java:97)
	at java.awt.EventQueue$3.run(EventQueue.java:709)
	at java.awt.EventQueue$3.run(EventQueue.java:703)
	at java.security.AccessController.doPrivileged(Native Method)
	at java.security.ProtectionDomain$JavaSecurityAccessImpl.doIntersectionPrivilege(ProtectionDomain.java:80)
	at java.awt.EventQueue.dispatchEvent(EventQueue.java:726)
	at java.awt.EventDispatchThread.pumpOneEventForFilters(EventDispatchThread.java:201)
	at java.awt.EventDispatchThread.pumpEventsForFilter(EventDispatchThread.java:116)
	at java.awt.EventDispatchThread.pumpEventsForHierarchy(EventDispatchThread.java:105)
	at java.awt.EventDispatchThread.pumpEvents(EventDispatchThread.java:101)
	at java.awt.EventDispatchThread.pumpEvents(EventDispatchThread.java:93)
	at java.awt.EventDispatchThread.run(EventDispatchThread.java:82)
Caused by: ptolemy.actor.ptalon.PtalonRuntimeException: Unable to add actor null
	at ptolemy.actor.ptalon.PtalonEvaluator.addActor(PtalonEvaluator.java:300)
	at ptolemy.actor.ptalon.PtalonPopulator.actor_declaration(PtalonPopulator.java:1574)
	at ptolemy.actor.ptalon.PtalonPopulator.atomic_statement(PtalonPopulator.java:1638)
	at ptolemy.actor.ptalon.PtalonPopulator.iterative_statement_evaluator(PtalonPopulator.java:2484)
	at ptolemy.actor.ptalon.AbstractPtalonEvaluator$IfTree.evaluateForScope(AbstractPtalonEvaluator.java:1307)
	at ptolemy.actor.ptalon.AbstractPtalonEvaluator.evaluateForScope(AbstractPtalonEvaluator.java:744)
	at ptolemy.actor.ptalon.PtalonPopulator.iterative_statement(PtalonPopulator.java:2363)
	at ptolemy.actor.ptalon.PtalonPopulator.actor_definition(PtalonPopulator.java:2809)
	at ptolemy.actor.ptalon.PtalonActor.attributeChanged(PtalonActor.java:206)
	... 48 more
Caused by: ptolemy.kernel.util.InternalErrorException: Element <entity name="sender1" class="ptolemy.actor.ptalon.demo.ptinyos.SendAndReceiveCnt.CntToLedsAndRfm"> caused an exception to be thrown.
  in .SendAndReceiveCnt.SendAndReceiveCnt
Because:
Cannot find class: ptolemy.actor.ptalon.demo.ptinyos.SendAndReceiveCnt.CntToLedsAndRfm. In Ptolemy, classes are typically Java .class files. Entities like actors may instead be defined within a .xml file.  In any case, the class was not found. If the class uses a third party package, then the class would be present only if the third party package was found at compile time.  It may be necessary to upgrade Java or install the third party package, reconfigure and recompile.
Because:
Element <entity name="MicaLeds" class="ptolemy.domains.ptinyos.lib.MicaLeds"> caused an exception to be thrown.
  in .CntToLedsAndRfm
Because:
Cannot find class: ptolemy.domains.ptinyos.lib.MicaLeds. In Ptolemy, classes are typically Java .class files. Entities like actors may instead be defined within a .xml file.  In any case, the class was not found. If the class uses a third party package, then the class would be present only if the third party package was found at compile time.  It may be necessary to upgrade Java or install the third party package, reconfigure and recompile.
Because:
-- /home/travis/build/icyphy/ptII/ptolemy/actor/ptalon/demo/ptinyos/SendAndReceiveCnt/ptolemy/domains/ptinyos/lib/MicaLeds.xml (No such file or directory)
-- XML file not found relative to classpath.
-- /home/travis/build/icyphy/ptII/ptolemy/vergil/basic/export/test/ptolemy/domains/ptinyos/lib/MicaLeds.xml
/home/travis/build/icyphy/ptII/ptolemy/vergil/basic/export/test/ptolemy/domains/ptinyos/lib/MicaLeds.xml (No such file or directory)
 in file:/home/travis/build/icyphy/ptII/ptolemy/actor/ptalon/demo/ptinyos/SendAndReceiveCnt/CntToLedsAndRfm.xml at line 132 and column 63
	at ptolemy.moml.SimpleErrorHandler.handleError(SimpleErrorHandler.java:75)
	at ptolemy.moml.MoMLParser.startElement(MoMLParser.java:3805)
	at com.microstar.xml.XmlParser.parseElement(XmlParser.java:931)
	at com.microstar.xml.XmlParser.parseDocument(XmlParser.java:481)
	at com.microstar.xml.XmlParser.doParse(XmlParser.java:159)
	at com.microstar.xml.XmlParser.parse(XmlParser.java:132)
	at ptolemy.moml.MoMLParser.parse(MoMLParser.java:1660)
	at ptolemy.moml.MoMLParser.parse(MoMLParser.java:1617)
	at ptolemy.moml.MoMLParser.parse(MoMLParser.java:1792)
	at ptolemy.actor.ptalon.PtalonEvaluator.addActor(PtalonEvaluator.java:241)
	... 56 more
Caused by: ptolemy.kernel.util.IllegalActionException: Cannot find class: ptolemy.actor.ptalon.demo.ptinyos.SendAndReceiveCnt.CntToLedsAndRfm. In Ptolemy, classes are typically Java .class files. Entities like actors may instead be defined within a .xml file.  In any case, the class was not found. If the class uses a third party package, then the class would be present only if the third party package was found at compile time.  It may be necessary to upgrade Java or install the third party package, reconfigure and recompile.
Because:
Element <entity name="MicaLeds" class="ptolemy.domains.ptinyos.lib.MicaLeds"> caused an exception to be thrown.
  in .CntToLedsAndRfm
Because:
Cannot find class: ptolemy.domains.ptinyos.lib.MicaLeds. In Ptolemy, classes are typically Java .class files. Entities like actors may instead be defined within a .xml file.  In any case, the class was not found. If the class uses a third party package, then the class would be present only if the third party package was found at compile time.  It may be necessary to upgrade Java or install the third party package, reconfigure and recompile.
Because:
-- /home/travis/build/icyphy/ptII/ptolemy/actor/ptalon/demo/ptinyos/SendAndReceiveCnt/ptolemy/domains/ptinyos/lib/MicaLeds.xml (No such file or directory)
-- XML file not found relative to classpath.
-- /home/travis/build/icyphy/ptII/ptolemy/vergil/basic/export/test/ptolemy/domains/ptinyos/lib/MicaLeds.xml
/home/travis/build/icyphy/ptII/ptolemy/vergil/basic/export/test/ptolemy/domains/ptinyos/lib/MicaLeds.xml (No such file or directory)
 in file:/home/travis/build/icyphy/ptII/ptolemy/actor/ptalon/demo/ptinyos/SendAndReceiveCnt/CntToLedsAndRfm.xml at line 132 and column 63
	at ptolemy.moml.MoMLParser._createEntity(MoMLParser.java:4330)
	at ptolemy.moml.MoMLParser.startElement(MoMLParser.java:2864)
	... 64 more
Caused by: ptolemy.kernel.util.InternalErrorException: Element <entity name="MicaLeds" class="ptolemy.domains.ptinyos.lib.MicaLeds"> caused an exception to be thrown.
  in .CntToLedsAndRfm
Because:
Cannot find class: ptolemy.domains.ptinyos.lib.MicaLeds. In Ptolemy, classes are typically Java .class files. Entities like actors may instead be defined within a .xml file.  In any case, the class was not found. If the class uses a third party package, then the class would be present only if the third party package was found at compile time.  It may be necessary to upgrade Java or install the third party package, reconfigure and recompile.
Because:
-- /home/travis/build/icyphy/ptII/ptolemy/actor/ptalon/demo/ptinyos/SendAndReceiveCnt/ptolemy/domains/ptinyos/lib/MicaLeds.xml (No such file or directory)
-- XML file not found relative to classpath.
-- /home/travis/build/icyphy/ptII/ptolemy/vergil/basic/export/test/ptolemy/domains/ptinyos/lib/MicaLeds.xml
/home/travis/build/icyphy/ptII/ptolemy/vergil/basic/export/test/ptolemy/domains/ptinyos/lib/MicaLeds.xml (No such file or directory)
 in file:/home/travis/build/icyphy/ptII/ptolemy/actor/ptalon/demo/ptinyos/SendAndReceiveCnt/CntToLedsAndRfm.xml at line 132 and column 63
	at ptolemy.moml.SimpleErrorHandler.handleError(SimpleErrorHandler.java:75)
	at ptolemy.moml.MoMLParser.startElement(MoMLParser.java:3805)
	at com.microstar.xml.XmlParser.parseElement(XmlParser.java:921)
	at com.microstar.xml.XmlParser.parseContent(XmlParser.java:1104)
	at com.microstar.xml.XmlParser.parseElement(XmlParser.java:924)
	at com.microstar.xml.XmlParser.parseDocument(XmlParser.java:481)
	at com.microstar.xml.XmlParser.doParse(XmlParser.java:159)
	at com.microstar.xml.XmlParser.parse(XmlParser.java:132)
	at ptolemy.moml.MoMLParser.parse(MoMLParser.java:1676)
	at ptolemy.moml.MoMLParser.parse(MoMLParser.java:1595)
	at ptolemy.moml.MoMLParser.parse(MoMLParser.java:1537)
	at ptolemy.moml.MoMLParser._findOrParse(MoMLParser.java:5286)
	at ptolemy.moml.MoMLParser._attemptToFindMoMLClass(MoMLParser.java:4075)
	at ptolemy.moml.MoMLParser._createEntity(MoMLParser.java:4323)
	... 65 more
Caused by: ptolemy.kernel.util.IllegalActionException: Cannot find class: ptolemy.domains.ptinyos.lib.MicaLeds. In Ptolemy, classes are typically Java .class files. Entities like actors may instead be defined within a .xml file.  In any case, the class was not found. If the class uses a third party package, then the class would be present only if the third party package was found at compile time.  It may be necessary to upgrade Java or install the third party package, reconfigure and recompile.
Because:
-- /home/travis/build/icyphy/ptII/ptolemy/actor/ptalon/demo/ptinyos/SendAndReceiveCnt/ptolemy/domains/ptinyos/lib/MicaLeds.xml (No such file or directory)
-- XML file not found relative to classpath.
-- /home/travis/build/icyphy/ptII/ptolemy/vergil/basic/export/test/ptolemy/domains/ptinyos/lib/MicaLeds.xml
/home/travis/build/icyphy/ptII/ptolemy/vergil/basic/export/test/ptolemy/domains/ptinyos/lib/MicaLeds.xml (No such file or directory)
 in file:/home/travis/build/icyphy/ptII/ptolemy/actor/ptalon/demo/ptinyos/SendAndReceiveCnt/CntToLedsAndRfm.xml at line 132 and column 63
	at ptolemy.moml.MoMLParser._createEntity(MoMLParser.java:4330)
	at ptolemy.moml.MoMLParser.startElement(MoMLParser.java:2864)
	... 77 more
Caused by: com.microstar.xml.XmlException: -- /home/travis/build/icyphy/ptII/ptolemy/actor/ptalon/demo/ptinyos/SendAndReceiveCnt/ptolemy/domains/ptinyos/lib/MicaLeds.xml (No such file or directory)
-- XML file not found relative to classpath.
-- /home/travis/build/icyphy/ptII/ptolemy/vergil/basic/export/test/ptolemy/domains/ptinyos/lib/MicaLeds.xml
/home/travis/build/icyphy/ptII/ptolemy/vergil/basic/export/test/ptolemy/domains/ptinyos/lib/MicaLeds.xml (No such file or directory)
 in file:/home/travis/build/icyphy/ptII/ptolemy/actor/ptalon/demo/ptinyos/SendAndReceiveCnt/CntToLedsAndRfm.xml at line 132 and column 63
	at ptolemy.moml.MoMLParser.fileNameToURL(MoMLParser.java:1414)
	at ptolemy.moml.MoMLParser._findOrParse(MoMLParser.java:5283)
	at ptolemy.moml.MoMLParser._attemptToFindMoMLClass(MoMLParser.java:4075)
	at ptolemy.moml.MoMLParser._createEntity(MoMLParser.java:4323)
	... 78 more
Caused by: ptolemy.actor.ptalon.PtalonRuntimeException: Unable to add actor null
	at ptolemy.actor.ptalon.PtalonEvaluator.addActor(PtalonEvaluator.java:300)
	at ptolemy.actor.ptalon.PtalonPopulator.actor_declaration(PtalonPopulator.java:1574)
	at ptolemy.actor.ptalon.PtalonPopulator.atomic_statement(PtalonPopulator.java:1638)
	at ptolemy.actor.ptalon.PtalonPopulator.iterative_statement_evaluator(PtalonPopulator.java:2484)
	at ptolemy.actor.ptalon.AbstractPtalonEvaluator$IfTree.evaluateForScope(AbstractPtalonEvaluator.java:1307)
	at ptolemy.actor.ptalon.AbstractPtalonEvaluator.evaluateForScope(AbstractPtalonEvaluator.java:744)
	at ptolemy.actor.ptalon.PtalonPopulator.iterative_statement(PtalonPopulator.java:2363)
	at ptolemy.actor.ptalon.PtalonPopulator.actor_definition(PtalonPopulator.java:2809)
	at ptolemy.actor.ptalon.PtalonActor.attributeChanged(PtalonActor.java:206)
	at ptolemy.actor.ptalon.PtalonMLHandler.startElement(PtalonMLHandler.java:134)
	at com.microstar.xml.XmlParser.parseElement(XmlParser.java:921)
	at com.microstar.xml.XmlParser.parseContent(XmlParser.java:1104)
	at com.microstar.xml.XmlParser.parseElement(XmlParser.java:924)
	at com.microstar.xml.XmlParser.parseDocument(XmlParser.java:481)
	at com.microstar.xml.XmlParser.doParse(XmlParser.java:159)
	at com.microstar.xml.XmlParser.parse(XmlParser.java:132)
	at ptolemy.actor.ptalon.PtalonActor.configure(PtalonActor.java:240)
	at ptolemy.moml.MoMLParser.endElement(MoMLParser.java:996)
	at com.microstar.xml.XmlParser.parseETag(XmlParser.java:1026)
	at com.microstar.xml.XmlParser.parseContent(XmlParser.java:1098)
	at com.microstar.xml.XmlParser.parseElement(XmlParser.java:924)
	at com.microstar.xml.XmlParser.parseContent(XmlParser.java:1104)
	at com.microstar.xml.XmlParser.parseElement(XmlParser.java:924)
	at com.microstar.xml.XmlParser.parseContent(XmlParser.java:1104)
	at com.microstar.xml.XmlParser.parseElement(XmlParser.java:924)
	at com.microstar.xml.XmlParser.parseDocument(XmlParser.java:481)
	at com.microstar.xml.XmlParser.doParse(XmlParser.java:159)
	at com.microstar.xml.XmlParser.parse(XmlParser.java:132)
	at ptolemy.moml.MoMLParser.parse(MoMLParser.java:1676)
	at ptolemy.moml.MoMLParser.parse(MoMLParser.java:1595)
	at ptolemy.moml.MoMLParser.parse(MoMLParser.java:1537)
	at ptolemy.actor.gui.PtolemyEffigy$Factory.createEffigy(PtolemyEffigy.java:424)
	at ptolemy.actor.gui.EffigyFactory.createEffigy(EffigyFactory.java:234)
	at ptolemy.actor.gui.Configuration.openModel(Configuration.java:1125)
	at ptolemy.actor.gui.Configuration.openModel(Configuration.java:1051)
	at ptolemy.actor.gui.ConfigurationApplication._openModel(ConfigurationApplication.java:1252)
	at ptolemy.actor.gui.ConfigurationApplication._parseArg(ConfigurationApplication.java:1399)
	at ptolemy.actor.gui.ConfigurationApplication._parseArgs(ConfigurationApplication.java:1478)
	at ptolemy.actor.gui.ConfigurationApplication.<init>(ConfigurationApplication.java:277)
	at ptolemy.actor.gui.ConfigurationApplication.<init>(ConfigurationApplication.java:214)
	at ptolemy.actor.gui.ConfigurationApplication.<init>(ConfigurationApplication.java:201)
	at ptolemy.actor.gui.ConfigurationApplication.openModelOrEntity(ConfigurationApplication.java:680)
	at ptolemy.vergil.basic.export.ExportModel$1.run(ExportModel.java:220)
	at java.awt.event.InvocationEvent.dispatch(InvocationEvent.java:301)
	at java.awt.EventQueue.dispatchEventImpl(EventQueue.java:756)
	at java.awt.EventQueue.access$500(EventQueue.java:97)
	at java.awt.EventQueue$3.run(EventQueue.java:709)
	at java.awt.EventQueue$3.run(EventQueue.java:703)
	at java.security.AccessController.doPrivileged(Native Method)
	at java.security.ProtectionDomain$JavaSecurityAccessImpl.doIntersectionPrivilege(ProtectionDomain.java:80)
	at java.awt.EventQueue.dispatchEvent(EventQueue.java:726)
	at java.awt.EventDispatchThread.pumpOneEventForFilters(EventDispatchThread.java:201)
	at java.awt.EventDispatchThread.pumpEventsForFilter(EventDispatchThread.java:116)
	at java.awt.EventDispatchThread.pumpEventsForHierarchy(EventDispatchThread.java:105)
	at java.awt.EventDispatchThread.pumpEvents(EventDispatchThread.java:101)
	at java.awt.EventDispatchThread.pumpEvents(EventDispatchThread.java:93)
	at java.awt.EventDispatchThread.run(EventDispatchThread.java:82)
Caused by: ptolemy.kernel.util.InternalErrorException: Element <entity name="sender1" class="ptolemy.actor.ptalon.demo.ptinyos.SendAndReceiveCnt.CntToLedsAndRfm"> caused an exception to be thrown.
  in .SendAndReceiveCnt.SendAndReceiveCnt
Because:
Cannot find class: ptolemy.actor.ptalon.demo.ptinyos.SendAndReceiveCnt.CntToLedsAndRfm. In Ptolemy, classes are typically Java .class files. Entities like actors may instead be defined within a .xml file.  In any case, the class was not found. If the class uses a third party package, then the class would be present only if the third party package was found at compile time.  It may be necessary to upgrade Java or install the third party package, reconfigure and recompile.
Because:
Element <entity name="MicaLeds" class="ptolemy.domains.ptinyos.lib.MicaLeds"> caused an exception to be thrown.
  in .CntToLedsAndRfm
Because:
Cannot find class: ptolemy.domains.ptinyos.lib.MicaLeds. In Ptolemy, classes are typically Java .class files. Entities like actors may instead be defined within a .xml file.  In any case, the class was not found. If the class uses a third party package, then the class would be present only if the third party package was found at compile time.  It may be necessary to upgrade Java or install the third party package, reconfigure and recompile.
Because:
-- /home/travis/build/icyphy/ptII/ptolemy/actor/ptalon/demo/ptinyos/SendAndReceiveCnt/ptolemy/domains/ptinyos/lib/MicaLeds.xml (No such file or directory)
-- XML file not found relative to classpath.
-- /home/travis/build/icyphy/ptII/ptolemy/vergil/basic/export/test/ptolemy/domains/ptinyos/lib/MicaLeds.xml
/home/travis/build/icyphy/ptII/ptolemy/vergil/basic/export/test/ptolemy/domains/ptinyos/lib/MicaLeds.xml (No such file or directory)
 in file:/home/travis/build/icyphy/ptII/ptolemy/actor/ptalon/demo/ptinyos/SendAndReceiveCnt/CntToLedsAndRfm.xml at line 132 and column 63
	at ptolemy.moml.SimpleErrorHandler.handleError(SimpleErrorHandler.java:75)
	at ptolemy.moml.MoMLParser.startElement(MoMLParser.java:3805)
	at com.microstar.xml.XmlParser.parseElement(XmlParser.java:931)
	at com.microstar.xml.XmlParser.parseDocument(XmlParser.java:481)
	at com.microstar.xml.XmlParser.doParse(XmlParser.java:159)
	at com.microstar.xml.XmlParser.parse(XmlParser.java:132)
	at ptolemy.moml.MoMLParser.parse(MoMLParser.java:1660)
	at ptolemy.moml.MoMLParser.parse(MoMLParser.java:1617)
	at ptolemy.moml.MoMLParser.parse(MoMLParser.java:1792)
	at ptolemy.actor.ptalon.PtalonEvaluator.addActor(PtalonEvaluator.java:241)
	... 56 more
Caused by: ptolemy.kernel.util.IllegalActionException: Cannot find class: ptolemy.actor.ptalon.demo.ptinyos.SendAndReceiveCnt.CntToLedsAndRfm. In Ptolemy, classes are typically Java .class files. Entities like actors may instead be defined within a .xml file.  In any case, the class was not found. If the class uses a third party package, then the class would be present only if the third party package was found at compile time.  It may be necessary to upgrade Java or install the third party package, reconfigure and recompile.
Because:
Element <entity name="MicaLeds" class="ptolemy.domains.ptinyos.lib.MicaLeds"> caused an exception to be thrown.
  in .CntToLedsAndRfm
Because:
Cannot find class: ptolemy.domains.ptinyos.lib.MicaLeds. In Ptolemy, classes are typically Java .class files. Entities like actors may instead be defined within a .xml file.  In any case, the class was not found. If the class uses a third party package, then the class would be present only if the third party package was found at compile time.  It may be necessary to upgrade Java or install the third party package, reconfigure and recompile.
Because:
-- /home/travis/build/icyphy/ptII/ptolemy/actor/ptalon/demo/ptinyos/SendAndReceiveCnt/ptolemy/domains/ptinyos/lib/MicaLeds.xml (No such file or directory)
-- XML file not found relative to classpath.
-- /home/travis/build/icyphy/ptII/ptolemy/vergil/basic/export/test/ptolemy/domains/ptinyos/lib/MicaLeds.xml
/home/travis/build/icyphy/ptII/ptolemy/vergil/basic/export/test/ptolemy/domains/ptinyos/lib/MicaLeds.xml (No such file or directory)
 in file:/home/travis/build/icyphy/ptII/ptolemy/actor/ptalon/demo/ptinyos/SendAndReceiveCnt/CntToLedsAndRfm.xml at line 132 and column 63
	at ptolemy.moml.MoMLParser._createEntity(MoMLParser.java:4330)
	at ptolemy.moml.MoMLParser.startElement(MoMLParser.java:2864)
	... 64 more
Caused by: ptolemy.kernel.util.InternalErrorException: Element <entity name="MicaLeds" class="ptolemy.domains.ptinyos.lib.MicaLeds"> caused an exception to be thrown.
  in .CntToLedsAndRfm
Because:
Cannot find class: ptolemy.domains.ptinyos.lib.MicaLeds. In Ptolemy, classes are typically Java .class files. Entities like actors may instead be defined within a .xml file.  In any case, the class was not found. If the class uses a third party package, then the class would be present only if the third party package was found at compile time.  It may be necessary to upgrade Java or install the third party package, reconfigure and recompile.
Because:
-- /home/travis/build/icyphy/ptII/ptolemy/actor/ptalon/demo/ptinyos/SendAndReceiveCnt/ptolemy/domains/ptinyos/lib/MicaLeds.xml (No such file or directory)
-- XML file not found relative to classpath.
-- /home/travis/build/icyphy/ptII/ptolemy/vergil/basic/export/test/ptolemy/domains/ptinyos/lib/MicaLeds.xml
/home/travis/build/icyphy/ptII/ptolemy/vergil/basic/export/test/ptolemy/domains/ptinyos/lib/MicaLeds.xml (No such file or directory)
 in file:/home/travis/build/icyphy/ptII/ptolemy/actor/ptalon/demo/ptinyos/SendAndReceiveCnt/CntToLedsAndRfm.xml at line 132 and column 63
	at ptolemy.moml.SimpleErrorHandler.handleError(SimpleErrorHandler.java:75)
	at ptolemy.moml.MoMLParser.startElement(MoMLParser.java:3805)
	at com.microstar.xml.XmlParser.parseElement(XmlParser.java:921)
	at com.microstar.xml.XmlParser.parseContent(XmlParser.java:1104)
	at com.microstar.xml.XmlParser.parseElement(XmlParser.java:924)
	at com.microstar.xml.XmlParser.parseDocument(XmlParser.java:481)
	at com.microstar.xml.XmlParser.doParse(XmlParser.java:159)
	at com.microstar.xml.XmlParser.parse(XmlParser.java:132)
	at ptolemy.moml.MoMLParser.parse(MoMLParser.java:1676)
	at ptolemy.moml.MoMLParser.parse(MoMLParser.java:1595)
	at ptolemy.moml.MoMLParser.parse(MoMLParser.java:1537)
	at ptolemy.moml.MoMLParser._findOrParse(MoMLParser.java:5286)
	at ptolemy.moml.MoMLParser._attemptToFindMoMLClass(MoMLParser.java:4075)
	at ptolemy.moml.MoMLParser._createEntity(MoMLParser.java:4323)
	... 65 more
Caused by: ptolemy.kernel.util.IllegalActionException: Cannot find class: ptolemy.domains.ptinyos.lib.MicaLeds. In Ptolemy, classes are typically Java .class files. Entities like actors may instead be defined within a .xml file.  In any case, the class was not found. If the class uses a third party package, then the class would be present only if the third party package was found at compile time.  It may be necessary to upgrade Java or install the third party package, reconfigure and recompile.
Because:
-- /home/travis/build/icyphy/ptII/ptolemy/actor/ptalon/demo/ptinyos/SendAndReceiveCnt/ptolemy/domains/ptinyos/lib/MicaLeds.xml (No such file or directory)
-- XML file not found relative to classpath.
-- /home/travis/build/icyphy/ptII/ptolemy/vergil/basic/export/test/ptolemy/domains/ptinyos/lib/MicaLeds.xml
/home/travis/build/icyphy/ptII/ptolemy/vergil/basic/export/test/ptolemy/domains/ptinyos/lib/MicaLeds.xml (No such file or directory)
 in file:/home/travis/build/icyphy/ptII/ptolemy/actor/ptalon/demo/ptinyos/SendAndReceiveCnt/CntToLedsAndRfm.xml at line 132 and column 63
	at ptolemy.moml.MoMLParser._createEntity(MoMLParser.java:4330)
	at ptolemy.moml.MoMLParser.startElement(MoMLParser.java:2864)
	... 77 more
Caused by: com.microstar.xml.XmlException: -- /home/travis/build/icyphy/ptII/ptolemy/actor/ptalon/demo/ptinyos/SendAndReceiveCnt/ptolemy/domains/ptinyos/lib/MicaLeds.xml (No such file or directory)
-- XML file not found relative to classpath.
-- /home/travis/build/icyphy/ptII/ptolemy/vergil/basic/export/test/ptolemy/domains/ptinyos/lib/MicaLeds.xml
/home/travis/build/icyphy/ptII/ptolemy/vergil/basic/export/test/ptolemy/domains/ptinyos/lib/MicaLeds.xml (No such file or directory)
 in file:/home/travis/build/icyphy/ptII/ptolemy/actor/ptalon/demo/ptinyos/SendAndReceiveCnt/CntToLedsAndRfm.xml at line 132 and column 63
	at ptolemy.moml.MoMLParser.fileNameToURL(MoMLParser.java:1414)
	at ptolemy.moml.MoMLParser._findOrParse(MoMLParser.java:5283)
	at ptolemy.moml.MoMLParser._attemptToFindMoMLClass(MoMLParser.java:4075)
	at ptolemy.moml.MoMLParser._createEntity(MoMLParser.java:4323)
	... 78 more
ptolemy.kernel.util.IllegalActionException: Failed to process attribute change to PtalonParameter, whose value is "ptolemy.actor.ptalon.PtalonExpressionParameter {.SendAndReceiveCnt.SendAndReceiveCnt.channelName} "AtomicWirelessChannel"".
  in .SendAndReceiveCnt.SendAndReceiveCnt
Because:
Unable to add actor null
	at ptolemy.actor.ptalon.PtalonActor.attributeChanged(PtalonActor.java:211)
	at ptolemy.actor.ptalon.PtalonMLHandler.startElement(PtalonMLHandler.java:134)
	at com.microstar.xml.XmlParser.parseElement(XmlParser.java:921)
	at com.microstar.xml.XmlParser.parseContent(XmlParser.java:1104)
	at com.microstar.xml.XmlParser.parseElement(XmlParser.java:924)
	at com.microstar.xml.XmlParser.parseDocument(XmlParser.java:481)
	at com.microstar.xml.XmlParser.doParse(XmlParser.java:159)
	at com.microstar.xml.XmlParser.parse(XmlParser.java:132)
	at ptolemy.actor.ptalon.PtalonActor.configure(PtalonActor.java:240)
	at ptolemy.moml.MoMLParser.endElement(MoMLParser.java:996)
	at com.microstar.xml.XmlParser.parseETag(XmlParser.java:1026)
	at com.microstar.xml.XmlParser.parseContent(XmlParser.java:1098)
	at com.microstar.xml.XmlParser.parseElement(XmlParser.java:924)
	at com.microstar.xml.XmlParser.parseContent(XmlParser.java:1104)
	at com.microstar.xml.XmlParser.parseElement(XmlParser.java:924)
	at com.microstar.xml.XmlParser.parseContent(XmlParser.java:1104)
	at com.microstar.xml.XmlParser.parseElement(XmlParser.java:924)
	at com.microstar.xml.XmlParser.parseDocument(XmlParser.java:481)
	at com.microstar.xml.XmlParser.doParse(XmlParser.java:159)
	at com.microstar.xml.XmlParser.parse(XmlParser.java:132)
	at ptolemy.moml.MoMLParser.parse(MoMLParser.java:1676)
	at ptolemy.moml.MoMLParser.parse(MoMLParser.java:1595)
	at ptolemy.moml.MoMLParser.parse(MoMLParser.java:1537)
	at ptolemy.actor.gui.PtolemyEffigy$Factory.createEffigy(PtolemyEffigy.java:424)
	at ptolemy.actor.gui.EffigyFactory.createEffigy(EffigyFactory.java:234)
	at ptolemy.actor.gui.Configuration.openModel(Configuration.java:1125)
	at ptolemy.actor.gui.Configuration.openModel(Configuration.java:1051)
	at ptolemy.actor.gui.ConfigurationApplication._openModel(ConfigurationApplication.java:1252)
	at ptolemy.actor.gui.ConfigurationApplication._parseArg(ConfigurationApplication.java:1399)
	at ptolemy.actor.gui.ConfigurationApplication._parseArgs(ConfigurationApplication.java:1478)
	at ptolemy.actor.gui.ConfigurationApplication.<init>(ConfigurationApplication.java:277)
	at ptolemy.actor.gui.ConfigurationApplication.<init>(ConfigurationApplication.java:214)
	at ptolemy.actor.gui.ConfigurationApplication.<init>(ConfigurationApplication.java:201)
	at ptolemy.actor.gui.ConfigurationApplication.openModelOrEntity(ConfigurationApplication.java:680)
	at ptolemy.vergil.basic.export.ExportModel$1.run(ExportModel.java:220)
	at java.awt.event.InvocationEvent.dispatch(InvocationEvent.java:301)
	at java.awt.EventQueue.dispatchEventImpl(EventQueue.java:756)
	at java.awt.EventQueue.access$500(EventQueue.java:97)
	at java.awt.EventQueue$3.run(EventQueue.java:709)
	at java.awt.EventQueue$3.run(EventQueue.java:703)
	at java.security.AccessController.doPrivileged(Native Method)
	at java.security.ProtectionDomain$JavaSecurityAccessImpl.doIntersectionPrivilege(ProtectionDomain.java:80)
	at java.awt.EventQueue.dispatchEvent(EventQueue.java:726)
	at java.awt.EventDispatchThread.pumpOneEventForFilters(EventDispatchThread.java:201)
	at java.awt.EventDispatchThread.pumpEventsForFilter(EventDispatchThread.java:116)
	at java.awt.EventDispatchThread.pumpEventsForHierarchy(EventDispatchThread.java:105)
	at java.awt.EventDispatchThread.pumpEvents(EventDispatchThread.java:101)
	at java.awt.EventDispatchThread.pumpEvents(EventDispatchThread.java:93)
	at java.awt.EventDispatchThread.run(EventDispatchThread.java:82)
Caused by: ptolemy.actor.ptalon.PtalonRuntimeException: Unable to add actor null
	at ptolemy.actor.ptalon.PtalonEvaluator.addActor(PtalonEvaluator.java:300)
	at ptolemy.actor.ptalon.PtalonPopulator.actor_declaration(PtalonPopulator.java:1574)
	at ptolemy.actor.ptalon.PtalonPopulator.atomic_statement(PtalonPopulator.java:1638)
	at ptolemy.actor.ptalon.PtalonPopulator.iterative_statement_evaluator(PtalonPopulator.java:2484)
	at ptolemy.actor.ptalon.AbstractPtalonEvaluator$IfTree.evaluateForScope(AbstractPtalonEvaluator.java:1307)
	at ptolemy.actor.ptalon.AbstractPtalonEvaluator.evaluateForScope(AbstractPtalonEvaluator.java:744)
	at ptolemy.actor.ptalon.PtalonPopulator.iterative_statement(PtalonPopulator.java:2363)
	at ptolemy.actor.ptalon.PtalonPopulator.actor_definition(PtalonPopulator.java:2809)
	at ptolemy.actor.ptalon.PtalonActor.attributeChanged(PtalonActor.java:206)
	... 48 more
Caused by: ptolemy.kernel.util.InternalErrorException: Element <entity name="sender1" class="ptolemy.actor.ptalon.demo.ptinyos.SendAndReceiveCnt.CntToLedsAndRfm"> caused an exception to be thrown.
  in .SendAndReceiveCnt.SendAndReceiveCnt
Because:
Cannot find class: ptolemy.actor.ptalon.demo.ptinyos.SendAndReceiveCnt.CntToLedsAndRfm. In Ptolemy, classes are typically Java .class files. Entities like actors may instead be defined within a .xml file.  In any case, the class was not found. If the class uses a third party package, then the class would be present only if the third party package was found at compile time.  It may be necessary to upgrade Java or install the third party package, reconfigure and recompile.
Because:
Element <entity name="MicaLeds" class="ptolemy.domains.ptinyos.lib.MicaLeds"> caused an exception to be thrown.
  in .CntToLedsAndRfm
Because:
Cannot find class: ptolemy.domains.ptinyos.lib.MicaLeds. In Ptolemy, classes are typically Java .class files. Entities like actors may instead be defined within a .xml file.  In any case, the class was not found. If the class uses a third party package, then the class would be present only if the third party package was found at compile time.  It may be necessary to upgrade Java or install the third party package, reconfigure and recompile.
Because:
-- /home/travis/build/icyphy/ptII/ptolemy/actor/ptalon/demo/ptinyos/SendAndReceiveCnt/ptolemy/domains/ptinyos/lib/MicaLeds.xml (No such file or directory)
-- XML file not found relative to classpath.
-- /home/travis/build/icyphy/ptII/ptolemy/vergil/basic/export/test/ptolemy/domains/ptinyos/lib/MicaLeds.xml
/home/travis/build/icyphy/ptII/ptolemy/vergil/basic/export/test/ptolemy/domains/ptinyos/lib/MicaLeds.xml (No such file or directory)
 in file:/home/travis/build/icyphy/ptII/ptolemy/actor/ptalon/demo/ptinyos/SendAndReceiveCnt/CntToLedsAndRfm.xml at line 132 and column 63
	at ptolemy.moml.SimpleErrorHandler.handleError(SimpleErrorHandler.java:75)
	at ptolemy.moml.MoMLParser.startElement(MoMLParser.java:3805)
	at com.microstar.xml.XmlParser.parseElement(XmlParser.java:931)
	at com.microstar.xml.XmlParser.parseDocument(XmlParser.java:481)
	at com.microstar.xml.XmlParser.doParse(XmlParser.java:159)
	at com.microstar.xml.XmlParser.parse(XmlParser.java:132)
	at ptolemy.moml.MoMLParser.parse(MoMLParser.java:1660)
	at ptolemy.moml.MoMLParser.parse(MoMLParser.java:1617)
	at ptolemy.moml.MoMLParser.parse(MoMLParser.java:1792)
	at ptolemy.actor.ptalon.PtalonEvaluator.addActor(PtalonEvaluator.java:241)
	... 56 more
Caused by: ptolemy.kernel.util.IllegalActionException: Cannot find class: ptolemy.actor.ptalon.demo.ptinyos.SendAndReceiveCnt.CntToLedsAndRfm. In Ptolemy, classes are typically Java .class files. Entities like actors may instead be defined within a .xml file.  In any case, the class was not found. If the class uses a third party package, then the class would be present only if the third party package was found at compile time.  It may be necessary to upgrade Java or install the third party package, reconfigure and recompile.
Because:
Element <entity name="MicaLeds" class="ptolemy.domains.ptinyos.lib.MicaLeds"> caused an exception to be thrown.
  in .CntToLedsAndRfm
Because:
Cannot find class: ptolemy.domains.ptinyos.lib.MicaLeds. In Ptolemy, classes are typically Java .class files. Entities like actors may instead be defined within a .xml file.  In any case, the class was not found. If the class uses a third party package, then the class would be present only if the third party package was found at compile time.  It may be necessary to upgrade Java or install the third party package, reconfigure and recompile.
Because:
-- /home/travis/build/icyphy/ptII/ptolemy/actor/ptalon/demo/ptinyos/SendAndReceiveCnt/ptolemy/domains/ptinyos/lib/MicaLeds.xml (No such file or directory)
-- XML file not found relative to classpath.
-- /home/travis/build/icyphy/ptII/ptolemy/vergil/basic/export/test/ptolemy/domains/ptinyos/lib/MicaLeds.xml
/home/travis/build/icyphy/ptII/ptolemy/vergil/basic/export/test/ptolemy/domains/ptinyos/lib/MicaLeds.xml (No such file or directory)
 in file:/home/travis/build/icyphy/ptII/ptolemy/actor/ptalon/demo/ptinyos/SendAndReceiveCnt/CntToLedsAndRfm.xml at line 132 and column 63
	at ptolemy.moml.MoMLParser._createEntity(MoMLParser.java:4330)
	at ptolemy.moml.MoMLParser.startElement(MoMLParser.java:2864)
	... 64 more
Caused by: ptolemy.kernel.util.InternalErrorException: Element <entity name="MicaLeds" class="ptolemy.domains.ptinyos.lib.MicaLeds"> caused an exception to be thrown.
  in .CntToLedsAndRfm
Because:
Cannot find class: ptolemy.domains.ptinyos.lib.MicaLeds. In Ptolemy, classes are typically Java .class files. Entities like actors may instead be defined within a .xml file.  In any case, the class was not found. If the class uses a third party package, then the class would be present only if the third party package was found at compile time.  It may be necessary to upgrade Java or install the third party package, reconfigure and recompile.
Because:
-- /home/travis/build/icyphy/ptII/ptolemy/actor/ptalon/demo/ptinyos/SendAndReceiveCnt/ptolemy/domains/ptinyos/lib/MicaLeds.xml (No such file or directory)
-- XML file not found relative to classpath.
-- /home/travis/build/icyphy/ptII/ptolemy/vergil/basic/export/test/ptolemy/domains/ptinyos/lib/MicaLeds.xml
/home/travis/build/icyphy/ptII/ptolemy/vergil/basic/export/test/ptolemy/domains/ptinyos/lib/MicaLeds.xml (No such file or directory)
 in file:/home/travis/build/icyphy/ptII/ptolemy/actor/ptalon/demo/ptinyos/SendAndReceiveCnt/CntToLedsAndRfm.xml at line 132 and column 63
	at ptolemy.moml.SimpleErrorHandler.handleError(SimpleErrorHandler.java:75)
	at ptolemy.moml.MoMLParser.startElement(MoMLParser.java:3805)
	at com.microstar.xml.XmlParser.parseElement(XmlParser.java:921)
	at com.microstar.xml.XmlParser.parseContent(XmlParser.java:1104)
	at com.microstar.xml.XmlParser.parseElement(XmlParser.java:924)
	at com.microstar.xml.XmlParser.parseDocument(XmlParser.java:481)
	at com.microstar.xml.XmlParser.doParse(XmlParser.java:159)
	at com.microstar.xml.XmlParser.parse(XmlParser.java:132)
	at ptolemy.moml.MoMLParser.parse(MoMLParser.java:1676)
	at ptolemy.moml.MoMLParser.parse(MoMLParser.java:1595)
	at ptolemy.moml.MoMLParser.parse(MoMLParser.java:1537)
	at ptolemy.moml.MoMLParser._findOrParse(MoMLParser.java:5286)
	at ptolemy.moml.MoMLParser._attemptToFindMoMLClass(MoMLParser.java:4075)
	at ptolemy.moml.MoMLParser._createEntity(MoMLParser.java:4323)
	... 65 more
Caused by: ptolemy.kernel.util.IllegalActionException: Cannot find class: ptolemy.domains.ptinyos.lib.MicaLeds. In Ptolemy, classes are typically Java .class files. Entities like actors may instead be defined within a .xml file.  In any case, the class was not found. If the class uses a third party package, then the class would be present only if the third party package was found at compile time.  It may be necessary to upgrade Java or install the third party package, reconfigure and recompile.
Because:
-- /home/travis/build/icyphy/ptII/ptolemy/actor/ptalon/demo/ptinyos/SendAndReceiveCnt/ptolemy/domains/ptinyos/lib/MicaLeds.xml (No such file or directory)
-- XML file not found relative to classpath.
-- /home/travis/build/icyphy/ptII/ptolemy/vergil/basic/export/test/ptolemy/domains/ptinyos/lib/MicaLeds.xml
/home/travis/build/icyphy/ptII/ptolemy/vergil/basic/export/test/ptolemy/domains/ptinyos/lib/MicaLeds.xml (No such file or directory)
 in file:/home/travis/build/icyphy/ptII/ptolemy/actor/ptalon/demo/ptinyos/SendAndReceiveCnt/CntToLedsAndRfm.xml at line 132 and column 63
	at ptolemy.moml.MoMLParser._createEntity(MoMLParser.java:4330)
	at ptolemy.moml.MoMLParser.startElement(MoMLParser.java:2864)
	... 77 more
Caused by: com.microstar.xml.XmlException: -- /home/travis/build/icyphy/ptII/ptolemy/actor/ptalon/demo/ptinyos/SendAndReceiveCnt/ptolemy/domains/ptinyos/lib/MicaLeds.xml (No such file or directory)
-- XML file not found relative to classpath.
-- /home/travis/build/icyphy/ptII/ptolemy/vergil/basic/export/test/ptolemy/domains/ptinyos/lib/MicaLeds.xml
/home/travis/build/icyphy/ptII/ptolemy/vergil/basic/export/test/ptolemy/domains/ptinyos/lib/MicaLeds.xml (No such file or directory)
 in file:/home/travis/build/icyphy/ptII/ptolemy/actor/ptalon/demo/ptinyos/SendAndReceiveCnt/CntToLedsAndRfm.xml at line 132 and column 63
	at ptolemy.moml.MoMLParser.fileNameToURL(MoMLParser.java:1414)
	at ptolemy.moml.MoMLParser._findOrParse(MoMLParser.java:5283)
	at ptolemy.moml.MoMLParser._attemptToFindMoMLClass(MoMLParser.java:4075)
	at ptolemy.moml.MoMLParser._createEntity(MoMLParser.java:4323)
	... 78 more
Caused by: ptolemy.actor.ptalon.PtalonRuntimeException: Unable to add actor null
	at ptolemy.actor.ptalon.PtalonEvaluator.addActor(PtalonEvaluator.java:300)
	at ptolemy.actor.ptalon.PtalonPopulator.actor_declaration(PtalonPopulator.java:1574)
	at ptolemy.actor.ptalon.PtalonPopulator.atomic_statement(PtalonPopulator.java:1638)
	at ptolemy.actor.ptalon.PtalonPopulator.iterative_statement_evaluator(PtalonPopulator.java:2484)
	at ptolemy.actor.ptalon.AbstractPtalonEvaluator$IfTree.evaluateForScope(AbstractPtalonEvaluator.java:1307)
	at ptolemy.actor.ptalon.AbstractPtalonEvaluator.evaluateForScope(AbstractPtalonEvaluator.java:744)
	at ptolemy.actor.ptalon.PtalonPopulator.iterative_statement(PtalonPopulator.java:2363)
	at ptolemy.actor.ptalon.PtalonPopulator.actor_definition(PtalonPopulator.java:2809)
	at ptolemy.actor.ptalon.PtalonActor.attributeChanged(PtalonActor.java:206)
	at ptolemy.actor.ptalon.PtalonMLHandler.startElement(PtalonMLHandler.java:134)
	at com.microstar.xml.XmlParser.parseElement(XmlParser.java:921)
	at com.microstar.xml.XmlParser.parseContent(XmlParser.java:1104)
	at com.microstar.xml.XmlParser.parseElement(XmlParser.java:924)
	at com.microstar.xml.XmlParser.parseDocument(XmlParser.java:481)
	at com.microstar.xml.XmlParser.doParse(XmlParser.java:159)
	at com.microstar.xml.XmlParser.parse(XmlParser.java:132)
	at ptolemy.actor.ptalon.PtalonActor.configure(PtalonActor.java:240)
	at ptolemy.moml.MoMLParser.endElement(MoMLParser.java:996)
	at com.microstar.xml.XmlParser.parseETag(XmlParser.java:1026)
	at com.microstar.xml.XmlParser.parseContent(XmlParser.java:1098)
	at com.microstar.xml.XmlParser.parseElement(XmlParser.java:924)
	at com.microstar.xml.XmlParser.parseContent(XmlParser.java:1104)
	at com.microstar.xml.XmlParser.parseElement(XmlParser.java:924)
	at com.microstar.xml.XmlParser.parseContent(XmlParser.java:1104)
	at com.microstar.xml.XmlParser.parseElement(XmlParser.java:924)
	at com.microstar.xml.XmlParser.parseDocument(XmlParser.java:481)
	at com.microstar.xml.XmlParser.doParse(XmlParser.java:159)
	at com.microstar.xml.XmlParser.parse(XmlParser.java:132)
	at ptolemy.moml.MoMLParser.parse(MoMLParser.java:1676)
	at ptolemy.moml.MoMLParser.parse(MoMLParser.java:1595)
	at ptolemy.moml.MoMLParser.parse(MoMLParser.java:1537)
	at ptolemy.actor.gui.PtolemyEffigy$Factory.createEffigy(PtolemyEffigy.java:424)
	at ptolemy.actor.gui.EffigyFactory.createEffigy(EffigyFactory.java:234)
	at ptolemy.actor.gui.Configuration.openModel(Configuration.java:1125)
	at ptolemy.actor.gui.Configuration.openModel(Configuration.java:1051)
	at ptolemy.actor.gui.ConfigurationApplication._openModel(ConfigurationApplication.java:1252)
	at ptolemy.actor.gui.ConfigurationApplication._parseArg(ConfigurationApplication.java:1399)
	at ptolemy.actor.gui.ConfigurationApplication._parseArgs(ConfigurationApplication.java:1478)
	at ptolemy.actor.gui.ConfigurationApplication.<init>(ConfigurationApplication.java:277)
	at ptolemy.actor.gui.ConfigurationApplication.<init>(ConfigurationApplication.java:214)
	at ptolemy.actor.gui.ConfigurationApplication.<init>(ConfigurationApplication.java:201)
	at ptolemy.actor.gui.ConfigurationApplication.openModelOrEntity(ConfigurationApplication.java:680)
	at ptolemy.vergil.basic.export.ExportModel$1.run(ExportModel.java:220)
	at java.awt.event.InvocationEvent.dispatch(InvocationEvent.java:301)
	at java.awt.EventQueue.dispatchEventImpl(EventQueue.java:756)
	at java.awt.EventQueue.access$500(EventQueue.java:97)
	at java.awt.EventQueue$3.run(EventQueue.java:709)
	at java.awt.EventQueue$3.run(EventQueue.java:703)
	at java.security.AccessController.doPrivileged(Native Method)
	at java.security.ProtectionDomain$JavaSecurityAccessImpl.doIntersectionPrivilege(ProtectionDomain.java:80)
	at java.awt.EventQueue.dispatchEvent(EventQueue.java:726)
	at java.awt.EventDispatchThread.pumpOneEventForFilters(EventDispatchThread.java:201)
	at java.awt.EventDispatchThread.pumpEventsForFilter(EventDispatchThread.java:116)
	at java.awt.EventDispatchThread.pumpEventsForHierarchy(EventDispatchThread.java:105)
	at java.awt.EventDispatchThread.pumpEvents(EventDispatchThread.java:101)
	at java.awt.EventDispatchThread.pumpEvents(EventDispatchThread.java:93)
	at java.awt.EventDispatchThread.run(EventDispatchThread.java:82)
Caused by: ptolemy.kernel.util.InternalErrorException: Element <entity name="sender1" class="ptolemy.actor.ptalon.demo.ptinyos.SendAndReceiveCnt.CntToLedsAndRfm"> caused an exception to be thrown.
  in .SendAndReceiveCnt.SendAndReceiveCnt
Because:
Cannot find class: ptolemy.actor.ptalon.demo.ptinyos.SendAndReceiveCnt.CntToLedsAndRfm. In Ptolemy, classes are typically Java .class files. Entities like actors may instead be defined within a .xml file.  In any case, the class was not found. If the class uses a third party package, then the class would be present only if the third party package was found at compile time.  It may be necessary to upgrade Java or install the third party package, reconfigure and recompile.
Because:
Element <entity name="MicaLeds" class="ptolemy.domains.ptinyos.lib.MicaLeds"> caused an exception to be thrown.
  in .CntToLedsAndRfm
Because:
Cannot find class: ptolemy.domains.ptinyos.lib.MicaLeds. In Ptolemy, classes are typically Java .class files. Entities like actors may instead be defined within a .xml file.  In any case, the class was not found. If the class uses a third party package, then the class would be present only if the third party package was found at compile time.  It may be necessary to upgrade Java or install the third party package, reconfigure and recompile.
Because:
-- /home/travis/build/icyphy/ptII/ptolemy/actor/ptalon/demo/ptinyos/SendAndReceiveCnt/ptolemy/domains/ptinyos/lib/MicaLeds.xml (No such file or directory)
-- XML file not found relative to classpath.
-- /home/travis/build/icyphy/ptII/ptolemy/vergil/basic/export/test/ptolemy/domains/ptinyos/lib/MicaLeds.xml
/home/travis/build/icyphy/ptII/ptolemy/vergil/basic/export/test/ptolemy/domains/ptinyos/lib/MicaLeds.xml (No such file or directory)
 in file:/home/travis/build/icyphy/ptII/ptolemy/actor/ptalon/demo/ptinyos/SendAndReceiveCnt/CntToLedsAndRfm.xml at line 132 and column 63
	at ptolemy.moml.SimpleErrorHandler.handleError(SimpleErrorHandler.java:75)
	at ptolemy.moml.MoMLParser.startElement(MoMLParser.java:3805)
	at com.microstar.xml.XmlParser.parseElement(XmlParser.java:931)
	at com.microstar.xml.XmlParser.parseDocument(XmlParser.java:481)
	at com.microstar.xml.XmlParser.doParse(XmlParser.java:159)
	at com.microstar.xml.XmlParser.parse(XmlParser.java:132)
	at ptolemy.moml.MoMLParser.parse(MoMLParser.java:1660)
	at ptolemy.moml.MoMLParser.parse(MoMLParser.java:1617)
	at ptolemy.moml.MoMLParser.parse(MoMLParser.java:1792)
	at ptolemy.actor.ptalon.PtalonEvaluator.addActor(PtalonEvaluator.java:241)
	... 56 more
Caused by: ptolemy.kernel.util.IllegalActionException: Cannot find class: ptolemy.actor.ptalon.demo.ptinyos.SendAndReceiveCnt.CntToLedsAndRfm. In Ptolemy, classes are typically Java .class files. Entities like actors may instead be defined within a .xml file.  In any case, the class was not found. If the class uses a third party package, then the class would be present only if the third party package was found at compile time.  It may be necessary to upgrade Java or install the third party package, reconfigure and recompile.
Because:
Element <entity name="MicaLeds" class="ptolemy.domains.ptinyos.lib.MicaLeds"> caused an exception to be thrown.
  in .CntToLedsAndRfm
Because:
Cannot find class: ptolemy.domains.ptinyos.lib.MicaLeds. In Ptolemy, classes are typically Java .class files. Entities like actors may instead be defined within a .xml file.  In any case, the class was not found. If the class uses a third party package, then the class would be present only if the third party package was found at compile time.  It may be necessary to upgrade Java or install the third party package, reconfigure and recompile.
Because:
-- /home/travis/build/icyphy/ptII/ptolemy/actor/ptalon/demo/ptinyos/SendAndReceiveCnt/ptolemy/domains/ptinyos/lib/MicaLeds.xml (No such file or directory)
-- XML file not found relative to classpath.
-- /home/travis/build/icyphy/ptII/ptolemy/vergil/basic/export/test/ptolemy/domains/ptinyos/lib/MicaLeds.xml
/home/travis/build/icyphy/ptII/ptolemy/vergil/basic/export/test/ptolemy/domains/ptinyos/lib/MicaLeds.xml (No such file or directory)
 in file:/home/travis/build/icyphy/ptII/ptolemy/actor/ptalon/demo/ptinyos/SendAndReceiveCnt/CntToLedsAndRfm.xml at line 132 and column 63
	at ptolemy.moml.MoMLParser._createEntity(MoMLParser.java:4330)
	at ptolemy.moml.MoMLParser.startElement(MoMLParser.java:2864)
	... 64 more
Caused by: ptolemy.kernel.util.InternalErrorException: Element <entity name="MicaLeds" class="ptolemy.domains.ptinyos.lib.MicaLeds"> caused an exception to be thrown.
  in .CntToLedsAndRfm
Because:
Cannot find class: ptolemy.domains.ptinyos.lib.MicaLeds. In Ptolemy, classes are typically Java .class files. Entities like actors may instead be defined within a .xml file.  In any case, the class was not found. If the class uses a third party package, then the class would be present only if the third party package was found at compile time.  It may be necessary to upgrade Java or install the third party package, reconfigure and recompile.
Because:
-- /home/travis/build/icyphy/ptII/ptolemy/actor/ptalon/demo/ptinyos/SendAndReceiveCnt/ptolemy/domains/ptinyos/lib/MicaLeds.xml (No such file or directory)
-- XML file not found relative to classpath.
-- /home/travis/build/icyphy/ptII/ptolemy/vergil/basic/export/test/ptolemy/domains/ptinyos/lib/MicaLeds.xml
/home/travis/build/icyphy/ptII/ptolemy/vergil/basic/export/test/ptolemy/domains/ptinyos/lib/MicaLeds.xml (No such file or directory)
 in file:/home/travis/build/icyphy/ptII/ptolemy/actor/ptalon/demo/ptinyos/SendAndReceiveCnt/CntToLedsAndRfm.xml at line 132 and column 63
	at ptolemy.moml.SimpleErrorHandler.handleError(SimpleErrorHandler.java:75)
	at ptolemy.moml.MoMLParser.startElement(MoMLParser.java:3805)
	at com.microstar.xml.XmlParser.parseElement(XmlParser.java:921)
	at com.microstar.xml.XmlParser.parseContent(XmlParser.java:1104)
	at com.microstar.xml.XmlParser.parseElement(XmlParser.java:924)
	at com.microstar.xml.XmlParser.parseDocument(XmlParser.java:481)
	at com.microstar.xml.XmlParser.doParse(XmlParser.java:159)
	at com.microstar.xml.XmlParser.parse(XmlParser.java:132)
	at ptolemy.moml.MoMLParser.parse(MoMLParser.java:1676)
	at ptolemy.moml.MoMLParser.parse(MoMLParser.java:1595)
	at ptolemy.moml.MoMLParser.parse(MoMLParser.java:1537)
	at ptolemy.moml.MoMLParser._findOrParse(MoMLParser.java:5286)
	at ptolemy.moml.MoMLParser._attemptToFindMoMLClass(MoMLParser.java:4075)
	at ptolemy.moml.MoMLParser._createEntity(MoMLParser.java:4323)
	... 65 more
Caused by: ptolemy.kernel.util.IllegalActionException: Cannot find class: ptolemy.domains.ptinyos.lib.MicaLeds. In Ptolemy, classes are typically Java .class files. Entities like actors may instead be defined within a .xml file.  In any case, the class was not found. If the class uses a third party package, then the class would be present only if the third party package was found at compile time.  It may be necessary to upgrade Java or install the third party package, reconfigure and recompile.
Because:
-- /home/travis/build/icyphy/ptII/ptolemy/actor/ptalon/demo/ptinyos/SendAndReceiveCnt/ptolemy/domains/ptinyos/lib/MicaLeds.xml (No such file or directory)
-- XML file not found relative to classpath.
-- /home/travis/build/icyphy/ptII/ptolemy/vergil/basic/export/test/ptolemy/domains/ptinyos/lib/MicaLeds.xml
/home/travis/build/icyphy/ptII/ptolemy/vergil/basic/export/test/ptolemy/domains/ptinyos/lib/MicaLeds.xml (No such file or directory)
 in file:/home/travis/build/icyphy/ptII/ptolemy/actor/ptalon/demo/ptinyos/SendAndReceiveCnt/CntToLedsAndRfm.xml at line 132 and column 63
	at ptolemy.moml.MoMLParser._createEntity(MoMLParser.java:4330)
	at ptolemy.moml.MoMLParser.startElement(MoMLParser.java:2864)
	... 77 more
Caused by: com.microstar.xml.XmlException: -- /home/travis/build/icyphy/ptII/ptolemy/actor/ptalon/demo/ptinyos/SendAndReceiveCnt/ptolemy/domains/ptinyos/lib/MicaLeds.xml (No such file or directory)
-- XML file not found relative to classpath.
-- /home/travis/build/icyphy/ptII/ptolemy/vergil/basic/export/test/ptolemy/domains/ptinyos/lib/MicaLeds.xml
/home/travis/build/icyphy/ptII/ptolemy/vergil/basic/export/test/ptolemy/domains/ptinyos/lib/MicaLeds.xml (No such file or directory)
 in file:/home/travis/build/icyphy/ptII/ptolemy/actor/ptalon/demo/ptinyos/SendAndReceiveCnt/CntToLedsAndRfm.xml at line 132 and column 63
	at ptolemy.moml.MoMLParser.fileNameToURL(MoMLParser.java:1414)
	at ptolemy.moml.MoMLParser._findOrParse(MoMLParser.java:5283)
	at ptolemy.moml.MoMLParser._attemptToFindMoMLClass(MoMLParser.java:4075)
	at ptolemy.moml.MoMLParser._createEntity(MoMLParser.java:4323)
	... 78 more
Failed to read file:/home/travis/build/icyphy/ptII/ptolemy/actor/ptalon/demo/ptinyos/SendAndReceiveCnt/SendAndReceiveCnt.xml
ptolemy.kernel.util.IllegalActionException: Failed to process attribute change to PtalonParameter, whose value is "ptolemy.actor.ptalon.PtalonExpressionParameter {.SendAndReceiveCnt.SendAndReceiveCnt.channelName} "AtomicWirelessChannel"".
  in .SendAndReceiveCnt.SendAndReceiveCnt
Because:
Unable to add actor null
	at ptolemy.actor.ptalon.PtalonActor.attributeChanged(PtalonActor.java:211)
	at ptolemy.actor.ptalon.PtalonMLHandler.startElement(PtalonMLHandler.java:134)
	at com.microstar.xml.XmlParser.parseElement(XmlParser.java:921)
	at com.microstar.xml.XmlParser.parseContent(XmlParser.java:1104)
	at com.microstar.xml.XmlParser.parseElement(XmlParser.java:924)
	at com.microstar.xml.XmlParser.parseDocument(XmlParser.java:481)
	at com.microstar.xml.XmlParser.doParse(XmlParser.java:159)
	at com.microstar.xml.XmlParser.parse(XmlParser.java:132)
	at ptolemy.actor.ptalon.PtalonActor.configure(PtalonActor.java:240)
	at ptolemy.moml.MoMLParser.endElement(MoMLParser.java:996)
	at com.microstar.xml.XmlParser.parseETag(XmlParser.java:1026)
	at com.microstar.xml.XmlParser.parseContent(XmlParser.java:1098)
	at com.microstar.xml.XmlParser.parseElement(XmlParser.java:924)
	at com.microstar.xml.XmlParser.parseContent(XmlParser.java:1104)
	at com.microstar.xml.XmlParser.parseElement(XmlParser.java:924)
	at com.microstar.xml.XmlParser.parseContent(XmlParser.java:1104)
	at com.microstar.xml.XmlParser.parseElement(XmlParser.java:924)
	at com.microstar.xml.XmlParser.parseDocument(XmlParser.java:481)
	at com.microstar.xml.XmlParser.doParse(XmlParser.java:159)
	at com.microstar.xml.XmlParser.parse(XmlParser.java:132)
	at ptolemy.moml.MoMLParser.parse(MoMLParser.java:1676)
	at ptolemy.moml.MoMLParser.parse(MoMLParser.java:1595)
	at ptolemy.moml.MoMLParser.parse(MoMLParser.java:1537)
	at ptolemy.actor.gui.PtolemyEffigy$Factory.createEffigy(PtolemyEffigy.java:424)
	at ptolemy.actor.gui.EffigyFactory.createEffigy(EffigyFactory.java:234)
	at ptolemy.actor.gui.Configuration.openModel(Configuration.java:1125)
	at ptolemy.actor.gui.Configuration.openModel(Configuration.java:1051)
	at ptolemy.actor.gui.ConfigurationApplication._openModel(ConfigurationApplication.java:1252)
	at ptolemy.actor.gui.ConfigurationApplication._parseArg(ConfigurationApplication.java:1399)
	at ptolemy.actor.gui.ConfigurationApplication._parseArgs(ConfigurationApplication.java:1478)
	at ptolemy.actor.gui.ConfigurationApplication.<init>(ConfigurationApplication.java:277)
	at ptolemy.actor.gui.ConfigurationApplication.<init>(ConfigurationApplication.java:214)
	at ptolemy.actor.gui.ConfigurationApplication.<init>(ConfigurationApplication.java:201)
	at ptolemy.actor.gui.ConfigurationApplication.openModelOrEntity(ConfigurationApplication.java:680)
	at ptolemy.vergil.basic.export.ExportModel$1.run(ExportModel.java:220)
	at java.awt.event.InvocationEvent.dispatch(InvocationEvent.java:301)
	at java.awt.EventQueue.dispatchEventImpl(EventQueue.java:756)
	at java.awt.EventQueue.access$500(EventQueue.java:97)
	at java.awt.EventQueue$3.run(EventQueue.java:709)
	at java.awt.EventQueue$3.run(EventQueue.java:703)
	at java.security.AccessController.doPrivileged(Native Method)
	at java.security.ProtectionDomain$JavaSecurityAccessImpl.doIntersectionPrivilege(ProtectionDomain.java:80)
	at java.awt.EventQueue.dispatchEvent(EventQueue.java:726)
	at java.awt.EventDispatchThread.pumpOneEventForFilters(EventDispatchThread.java:201)
	at java.awt.EventDispatchThread.pumpEventsForFilter(EventDispatchThread.java:116)
	at java.awt.EventDispatchThread.pumpEventsForHierarchy(EventDispatchThread.java:105)
	at java.awt.EventDispatchThread.pumpEvents(EventDispatchThread.java:101)
	at java.awt.EventDispatchThread.pumpEvents(EventDispatchThread.java:93)
	at java.awt.EventDispatchThread.run(EventDispatchThread.java:82)
Caused by: ptolemy.actor.ptalon.PtalonRuntimeException: Unable to add actor null
	at ptolemy.actor.ptalon.PtalonEvaluator.addActor(PtalonEvaluator.java:300)
	at ptolemy.actor.ptalon.PtalonPopulator.actor_declaration(PtalonPopulator.java:1574)
	at ptolemy.actor.ptalon.PtalonPopulator.atomic_statement(PtalonPopulator.java:1638)
	at ptolemy.actor.ptalon.PtalonPopulator.iterative_statement_evaluator(PtalonPopulator.java:2484)
	at ptolemy.actor.ptalon.AbstractPtalonEvaluator$IfTree.evaluateForScope(AbstractPtalonEvaluator.java:1307)
	at ptolemy.actor.ptalon.AbstractPtalonEvaluator.evaluateForScope(AbstractPtalonEvaluator.java:744)
	at ptolemy.actor.ptalon.PtalonPopulator.iterative_statement(PtalonPopulator.java:2363)
	at ptolemy.actor.ptalon.PtalonPopulator.actor_definition(PtalonPopulator.java:2809)
	at ptolemy.actor.ptalon.PtalonActor.attributeChanged(PtalonActor.java:206)
	... 48 more
Caused by: ptolemy.kernel.util.InternalErrorException: Element <entity name="sender1" class="ptolemy.actor.ptalon.demo.ptinyos.SendAndReceiveCnt.CntToLedsAndRfm"> caused an exception to be thrown.
  in .SendAndReceiveCnt.SendAndReceiveCnt
Because:
Cannot find class: ptolemy.actor.ptalon.demo.ptinyos.SendAndReceiveCnt.CntToLedsAndRfm. In Ptolemy, classes are typically Java .class files. Entities like actors may instead be defined within a .xml file.  In any case, the class was not found. If the class uses a third party package, then the class would be present only if the third party package was found at compile time.  It may be necessary to upgrade Java or install the third party package, reconfigure and recompile.
Because:
Element <entity name="MicaLeds" class="ptolemy.domains.ptinyos.lib.MicaLeds"> caused an exception to be thrown.
  in .CntToLedsAndRfm
Because:
Cannot find class: ptolemy.domains.ptinyos.lib.MicaLeds. In Ptolemy, classes are typically Java .class files. Entities like actors may instead be defined within a .xml file.  In any case, the class was not found. If the class uses a third party package, then the class would be present only if the third party package was found at compile time.  It may be necessary to upgrade Java or install the third party package, reconfigure and recompile.
Because:
-- /home/travis/build/icyphy/ptII/ptolemy/actor/ptalon/demo/ptinyos/SendAndReceiveCnt/ptolemy/domains/ptinyos/lib/MicaLeds.xml (No such file or directory)
-- XML file not found relative to classpath.
-- /home/travis/build/icyphy/ptII/ptolemy/vergil/basic/export/test/ptolemy/domains/ptinyos/lib/MicaLeds.xml
/home/travis/build/icyphy/ptII/ptolemy/vergil/basic/export/test/ptolemy/domains/ptinyos/lib/MicaLeds.xml (No such file or directory)
 in file:/home/travis/build/icyphy/ptII/ptolemy/actor/ptalon/demo/ptinyos/SendAndReceiveCnt/CntToLedsAndRfm.xml at line 132 and column 63
	at ptolemy.moml.SimpleErrorHandler.handleError(SimpleErrorHandler.java:75)
	at ptolemy.moml.MoMLParser.startElement(MoMLParser.java:3805)
	at com.microstar.xml.XmlParser.parseElement(XmlParser.java:931)
	at com.microstar.xml.XmlParser.parseDocument(XmlParser.java:481)
	at com.microstar.xml.XmlParser.doParse(XmlParser.java:159)
	at com.microstar.xml.XmlParser.parse(XmlParser.java:132)
	at ptolemy.moml.MoMLParser.parse(MoMLParser.java:1660)
	at ptolemy.moml.MoMLParser.parse(MoMLParser.java:1617)
	at ptolemy.moml.MoMLParser.parse(MoMLParser.java:1792)
	at ptolemy.actor.ptalon.PtalonEvaluator.addActor(PtalonEvaluator.java:241)
	... 56 more
Caused by: ptolemy.kernel.util.IllegalActionException: Cannot find class: ptolemy.actor.ptalon.demo.ptinyos.SendAndReceiveCnt.CntToLedsAndRfm. In Ptolemy, classes are typically Java .class files. Entities like actors may instead be defined within a .xml file.  In any case, the class was not found. If the class uses a third party package, then the class would be present only if the third party package was found at compile time.  It may be necessary to upgrade Java or install the third party package, reconfigure and recompile.
Because:
Element <entity name="MicaLeds" class="ptolemy.domains.ptinyos.lib.MicaLeds"> caused an exception to be thrown.
  in .CntToLedsAndRfm
Because:
Cannot find class: ptolemy.domains.ptinyos.lib.MicaLeds. In Ptolemy, classes are typically Java .class files. Entities like actors may instead be defined within a .xml file.  In any case, the class was not found. If the class uses a third party package, then the class would be present only if the third party package was found at compile time.  It may be necessary to upgrade Java or install the third party package, reconfigure and recompile.
Because:
-- /home/travis/build/icyphy/ptII/ptolemy/actor/ptalon/demo/ptinyos/SendAndReceiveCnt/ptolemy/domains/ptinyos/lib/MicaLeds.xml (No such file or directory)
-- XML file not found relative to classpath.
-- /home/travis/build/icyphy/ptII/ptolemy/vergil/basic/export/test/ptolemy/domains/ptinyos/lib/MicaLeds.xml
/home/travis/build/icyphy/ptII/ptolemy/vergil/basic/export/test/ptolemy/domains/ptinyos/lib/MicaLeds.xml (No such file or directory)
 in file:/home/travis/build/icyphy/ptII/ptolemy/actor/ptalon/demo/ptinyos/SendAndReceiveCnt/CntToLedsAndRfm.xml at line 132 and column 63
	at ptolemy.moml.MoMLParser._createEntity(MoMLParser.java:4330)
	at ptolemy.moml.MoMLParser.startElement(MoMLParser.java:2864)
	... 64 more
Caused by: ptolemy.kernel.util.InternalErrorException: Element <entity name="MicaLeds" class="ptolemy.domains.ptinyos.lib.MicaLeds"> caused an exception to be thrown.
  in .CntToLedsAndRfm
Because:
Cannot find class: ptolemy.domains.ptinyos.lib.MicaLeds. In Ptolemy, classes are typically Java .class files. Entities like actors may instead be defined within a .xml file.  In any case, the class was not found. If the class uses a third party package, then the class would be present only if the third party package was found at compile time.  It may be necessary to upgrade Java or install the third party package, reconfigure and recompile.
Because:
-- /home/travis/build/icyphy/ptII/ptolemy/actor/ptalon/demo/ptinyos/SendAndReceiveCnt/ptolemy/domains/ptinyos/lib/MicaLeds.xml (No such file or directory)
-- XML file not found relative to classpath.
-- /home/travis/build/icyphy/ptII/ptolemy/vergil/basic/export/test/ptolemy/domains/ptinyos/lib/MicaLeds.xml
/home/travis/build/icyphy/ptII/ptolemy/vergil/basic/export/test/ptolemy/domains/ptinyos/lib/MicaLeds.xml (No such file or directory)
 in file:/home/travis/build/icyphy/ptII/ptolemy/actor/ptalon/demo/ptinyos/SendAndReceiveCnt/CntToLedsAndRfm.xml at line 132 and column 63
	at ptolemy.moml.SimpleErrorHandler.handleError(SimpleErrorHandler.java:75)
	at ptolemy.moml.MoMLParser.startElement(MoMLParser.java:3805)
	at com.microstar.xml.XmlParser.parseElement(XmlParser.java:921)
	at com.microstar.xml.XmlParser.parseContent(XmlParser.java:1104)
	at com.microstar.xml.XmlParser.parseElement(XmlParser.java:924)
	at com.microstar.xml.XmlParser.parseDocument(XmlParser.java:481)
	at com.microstar.xml.XmlParser.doParse(XmlParser.java:159)
	at com.microstar.xml.XmlParser.parse(XmlParser.java:132)
	at ptolemy.moml.MoMLParser.parse(MoMLParser.java:1676)
	at ptolemy.moml.MoMLParser.parse(MoMLParser.java:1595)
	at ptolemy.moml.MoMLParser.parse(MoMLParser.java:1537)
	at ptolemy.moml.MoMLParser._findOrParse(MoMLParser.java:5286)
	at ptolemy.moml.MoMLParser._attemptToFindMoMLClass(MoMLParser.java:4075)
	at ptolemy.moml.MoMLParser._createEntity(MoMLParser.java:4323)
	... 65 more
Caused by: ptolemy.kernel.util.IllegalActionException: Cannot find class: ptolemy.domains.ptinyos.lib.MicaLeds. In Ptolemy, classes are typically Java .class files. Entities like actors may instead be defined within a .xml file.  In any case, the class was not found. If the class uses a third party package, then the class would be present only if the third party package was found at compile time.  It may be necessary to upgrade Java or install the third party package, reconfigure and recompile.
Because:
-- /home/travis/build/icyphy/ptII/ptolemy/actor/ptalon/demo/ptinyos/SendAndReceiveCnt/ptolemy/domains/ptinyos/lib/MicaLeds.xml (No such file or directory)
-- XML file not found relative to classpath.
-- /home/travis/build/icyphy/ptII/ptolemy/vergil/basic/export/test/ptolemy/domains/ptinyos/lib/MicaLeds.xml
/home/travis/build/icyphy/ptII/ptolemy/vergil/basic/export/test/ptolemy/domains/ptinyos/lib/MicaLeds.xml (No such file or directory)
 in file:/home/travis/build/icyphy/ptII/ptolemy/actor/ptalon/demo/ptinyos/SendAndReceiveCnt/CntToLedsAndRfm.xml at line 132 and column 63
	at ptolemy.moml.MoMLParser._createEntity(MoMLParser.java:4330)
	at ptolemy.moml.MoMLParser.startElement(MoMLParser.java:2864)
	... 77 more
Caused by: com.microstar.xml.XmlException: -- /home/travis/build/icyphy/ptII/ptolemy/actor/ptalon/demo/ptinyos/SendAndReceiveCnt/ptolemy/domains/ptinyos/lib/MicaLeds.xml (No such file or directory)
-- XML file not found relative to classpath.
-- /home/travis/build/icyphy/ptII/ptolemy/vergil/basic/export/test/ptolemy/domains/ptinyos/lib/MicaLeds.xml
/home/travis/build/icyphy/ptII/ptolemy/vergil/basic/export/test/ptolemy/domains/ptinyos/lib/MicaLeds.xml (No such file or directory)
 in file:/home/travis/build/icyphy/ptII/ptolemy/actor/ptalon/demo/ptinyos/SendAndReceiveCnt/CntToLedsAndRfm.xml at line 132 and column 63
	at ptolemy.moml.MoMLParser.fileNameToURL(MoMLParser.java:1414)
	at ptolemy.moml.MoMLParser._findOrParse(MoMLParser.java:5283)
	at ptolemy.moml.MoMLParser._attemptToFindMoMLClass(MoMLParser.java:4075)
	at ptolemy.moml.MoMLParser._createEntity(MoMLParser.java:4323)
	... 78 more
Caused by: ptolemy.actor.ptalon.PtalonRuntimeException: Unable to add actor null
	at ptolemy.actor.ptalon.PtalonEvaluator.addActor(PtalonEvaluator.java:300)
	at ptolemy.actor.ptalon.PtalonPopulator.actor_declaration(PtalonPopulator.java:1574)
	at ptolemy.actor.ptalon.PtalonPopulator.atomic_statement(PtalonPopulator.java:1638)
	at ptolemy.actor.ptalon.PtalonPopulator.iterative_statement_evaluator(PtalonPopulator.java:2484)
	at ptolemy.actor.ptalon.AbstractPtalonEvaluator$IfTree.evaluateForScope(AbstractPtalonEvaluator.java:1307)
	at ptolemy.actor.ptalon.AbstractPtalonEvaluator.evaluateForScope(AbstractPtalonEvaluator.java:744)
	at ptolemy.actor.ptalon.PtalonPopulator.iterative_statement(PtalonPopulator.java:2363)
	at ptolemy.actor.ptalon.PtalonPopulator.actor_definition(PtalonPopulator.java:2809)
	at ptolemy.actor.ptalon.PtalonActor.attributeChanged(PtalonActor.java:206)
	at ptolemy.actor.ptalon.PtalonMLHandler.startElement(PtalonMLHandler.java:134)
	at com.microstar.xml.XmlParser.parseElement(XmlParser.java:921)
	at com.microstar.xml.XmlParser.parseContent(XmlParser.java:1104)
	at com.microstar.xml.XmlParser.parseElement(XmlParser.java:924)
	at com.microstar.xml.XmlParser.parseDocument(XmlParser.java:481)
	at com.microstar.xml.XmlParser.doParse(XmlParser.java:159)
	at com.microstar.xml.XmlParser.parse(XmlParser.java:132)
	at ptolemy.actor.ptalon.PtalonActor.configure(PtalonActor.java:240)
	at ptolemy.moml.MoMLParser.endElement(MoMLParser.java:996)
	at com.microstar.xml.XmlParser.parseETag(XmlParser.java:1026)
	at com.microstar.xml.XmlParser.parseContent(XmlParser.java:1098)
	at com.microstar.xml.XmlParser.parseElement(XmlParser.java:924)
	at com.microstar.xml.XmlParser.parseContent(XmlParser.java:1104)
	at com.microstar.xml.XmlParser.parseElement(XmlParser.java:924)
	at com.microstar.xml.XmlParser.parseContent(XmlParser.java:1104)
	at com.microstar.xml.XmlParser.parseElement(XmlParser.java:924)
	at com.microstar.xml.XmlParser.parseDocument(XmlParser.java:481)
	at com.microstar.xml.XmlParser.doParse(XmlParser.java:159)
	at com.microstar.xml.XmlParser.parse(XmlParser.java:132)
	at ptolemy.moml.MoMLParser.parse(MoMLParser.java:1676)
	at ptolemy.moml.MoMLParser.parse(MoMLParser.java:1595)
	at ptolemy.moml.MoMLParser.parse(MoMLParser.java:1537)
	at ptolemy.actor.gui.PtolemyEffigy$Factory.createEffigy(PtolemyEffigy.java:424)
	at ptolemy.actor.gui.EffigyFactory.createEffigy(EffigyFactory.java:234)
	at ptolemy.actor.gui.Configuration.openModel(Configuration.java:1125)
	at ptolemy.actor.gui.Configuration.openModel(Configuration.java:1051)
	at ptolemy.actor.gui.ConfigurationApplication._openModel(ConfigurationApplication.java:1252)
	at ptolemy.actor.gui.ConfigurationApplication._parseArg(ConfigurationApplication.java:1399)
	at ptolemy.actor.gui.ConfigurationApplication._parseArgs(ConfigurationApplication.java:1478)
	at ptolemy.actor.gui.ConfigurationApplication.<init>(ConfigurationApplication.java:277)
	at ptolemy.actor.gui.ConfigurationApplication.<init>(ConfigurationApplication.java:214)
	at ptolemy.actor.gui.ConfigurationApplication.<init>(ConfigurationApplication.java:201)
	at ptolemy.actor.gui.ConfigurationApplication.openModelOrEntity(ConfigurationApplication.java:680)
	at ptolemy.vergil.basic.export.ExportModel$1.run(ExportModel.java:220)
	at java.awt.event.InvocationEvent.dispatch(InvocationEvent.java:301)
	at java.awt.EventQueue.dispatchEventImpl(EventQueue.java:756)
	at java.awt.EventQueue.access$500(EventQueue.java:97)
	at java.awt.EventQueue$3.run(EventQueue.java:709)
	at java.awt.EventQueue$3.run(EventQueue.java:703)
	at java.security.AccessController.doPrivileged(Native Method)
	at java.security.ProtectionDomain$JavaSecurityAccessImpl.doIntersectionPrivilege(ProtectionDomain.java:80)
	at java.awt.EventQueue.dispatchEvent(EventQueue.java:726)
	at java.awt.EventDispatchThread.pumpOneEventForFilters(EventDispatchThread.java:201)
	at java.awt.EventDispatchThread.pumpEventsForFilter(EventDispatchThread.java:116)
	at java.awt.EventDispatchThread.pumpEventsForHierarchy(EventDispatchThread.java:105)
	at java.awt.EventDispatchThread.pumpEvents(EventDispatchThread.java:101)
	at java.awt.EventDispatchThread.pumpEvents(EventDispatchThread.java:93)
	at java.awt.EventDispatchThread.run(EventDispatchThread.java:82)
Caused by: ptolemy.kernel.util.InternalErrorException: Element <entity name="sender1" class="ptolemy.actor.ptalon.demo.ptinyos.SendAndReceiveCnt.CntToLedsAndRfm"> caused an exception to be thrown.
  in .SendAndReceiveCnt.SendAndReceiveCnt
Because:
Cannot find class: ptolemy.actor.ptalon.demo.ptinyos.SendAndReceiveCnt.CntToLedsAndRfm. In Ptolemy, classes are typically Java .class files. Entities like actors may instead be defined within a .xml file.  In any case, the class was not found. If the class uses a third party package, then the class would be present only if the third party package was found at compile time.  It may be necessary to upgrade Java or install the third party package, reconfigure and recompile.
Because:
Element <entity name="MicaLeds" class="ptolemy.domains.ptinyos.lib.MicaLeds"> caused an exception to be thrown.
  in .CntToLedsAndRfm
Because:
Cannot find class: ptolemy.domains.ptinyos.lib.MicaLeds. In Ptolemy, classes are typically Java .class files. Entities like actors may instead be defined within a .xml file.  In any case, the class was not found. If the class uses a third party package, then the class would be present only if the third party package was found at compile time.  It may be necessary to upgrade Java or install the third party package, reconfigure and recompile.
Because:
-- /home/travis/build/icyphy/ptII/ptolemy/actor/ptalon/demo/ptinyos/SendAndReceiveCnt/ptolemy/domains/ptinyos/lib/MicaLeds.xml (No such file or directory)
-- XML file not found relative to classpath.
-- /home/travis/build/icyphy/ptII/ptolemy/vergil/basic/export/test/ptolemy/domains/ptinyos/lib/MicaLeds.xml
/home/travis/build/icyphy/ptII/ptolemy/vergil/basic/export/test/ptolemy/domains/ptinyos/lib/MicaLeds.xml (No such file or directory)
 in file:/home/travis/build/icyphy/ptII/ptolemy/actor/ptalon/demo/ptinyos/SendAndReceiveCnt/CntToLedsAndRfm.xml at line 132 and column 63
	at ptolemy.moml.SimpleErrorHandler.handleError(SimpleErrorHandler.java:75)
	at ptolemy.moml.MoMLParser.startElement(MoMLParser.java:3805)
	at com.microstar.xml.XmlParser.parseElement(XmlParser.java:931)
	at com.microstar.xml.XmlParser.parseDocument(XmlParser.java:481)
	at com.microstar.xml.XmlParser.doParse(XmlParser.java:159)
	at com.microstar.xml.XmlParser.parse(XmlParser.java:132)
	at ptolemy.moml.MoMLParser.parse(MoMLParser.java:1660)
	at ptolemy.moml.MoMLParser.parse(MoMLParser.java:1617)
	at ptolemy.moml.MoMLParser.parse(MoMLParser.java:1792)
	at ptolemy.actor.ptalon.PtalonEvaluator.addActor(PtalonEvaluator.java:241)
	... 56 more
Caused by: ptolemy.kernel.util.IllegalActionException: Cannot find class: ptolemy.actor.ptalon.demo.ptinyos.SendAndReceiveCnt.CntToLedsAndRfm. In Ptolemy, classes are typically Java .class files. Entities like actors may instead be defined within a .xml file.  In any case, the class was not found. If the class uses a third party package, then the class would be present only if the third party package was found at compile time.  It may be necessary to upgrade Java or install the third party package, reconfigure and recompile.
Because:
Element <entity name="MicaLeds" class="ptolemy.domains.ptinyos.lib.MicaLeds"> caused an exception to be thrown.
  in .CntToLedsAndRfm
Because:
Cannot find class: ptolemy.domains.ptinyos.lib.MicaLeds. In Ptolemy, classes are typically Java .class files. Entities like actors may instead be defined within a .xml file.  In any case, the class was not found. If the class uses a third party package, then the class would be present only if the third party package was found at compile time.  It may be necessary to upgrade Java or install the third party package, reconfigure and recompile.
Because:
-- /home/travis/build/icyphy/ptII/ptolemy/actor/ptalon/demo/ptinyos/SendAndReceiveCnt/ptolemy/domains/ptinyos/lib/MicaLeds.xml (No such file or directory)
-- XML file not found relative to classpath.
-- /home/travis/build/icyphy/ptII/ptolemy/vergil/basic/export/test/ptolemy/domains/ptinyos/lib/MicaLeds.xml
/home/travis/build/icyphy/ptII/ptolemy/vergil/basic/export/test/ptolemy/domains/ptinyos/lib/MicaLeds.xml (No such file or directory)
 in file:/home/travis/build/icyphy/ptII/ptolemy/actor/ptalon/demo/ptinyos/SendAndReceiveCnt/CntToLedsAndRfm.xml at line 132 and column 63
	at ptolemy.moml.MoMLParser._createEntity(MoMLParser.java:4330)
	at ptolemy.moml.MoMLParser.startElement(MoMLParser.java:2864)
	... 64 more
Caused by: ptolemy.kernel.util.InternalErrorException: Element <entity name="MicaLeds" class="ptolemy.domains.ptinyos.lib.MicaLeds"> caused an exception to be thrown.
  in .CntToLedsAndRfm
Because:
Cannot find class: ptolemy.domains.ptinyos.lib.MicaLeds. In Ptolemy, classes are typically Java .class files. Entities like actors may instead be defined within a .xml file.  In any case, the class was not found. If the class uses a third party package, then the class would be present only if the third party package was found at compile time.  It may be necessary to upgrade Java or install the third party package, reconfigure and recompile.
Because:
-- /home/travis/build/icyphy/ptII/ptolemy/actor/ptalon/demo/ptinyos/SendAndReceiveCnt/ptolemy/domains/ptinyos/lib/MicaLeds.xml (No such file or directory)
-- XML file not found relative to classpath.
-- /home/travis/build/icyphy/ptII/ptolemy/vergil/basic/export/test/ptolemy/domains/ptinyos/lib/MicaLeds.xml
/home/travis/build/icyphy/ptII/ptolemy/vergil/basic/export/test/ptolemy/domains/ptinyos/lib/MicaLeds.xml (No such file or directory)
 in file:/home/travis/build/icyphy/ptII/ptolemy/actor/ptalon/demo/ptinyos/SendAndReceiveCnt/CntToLedsAndRfm.xml at line 132 and column 63
	at ptolemy.moml.SimpleErrorHandler.handleError(SimpleErrorHandler.java:75)
	at ptolemy.moml.MoMLParser.startElement(MoMLParser.java:3805)
	at com.microstar.xml.XmlParser.parseElement(XmlParser.java:921)
	at com.microstar.xml.XmlParser.parseContent(XmlParser.java:1104)
	at com.microstar.xml.XmlParser.parseElement(XmlParser.java:924)
	at com.microstar.xml.XmlParser.parseDocument(XmlParser.java:481)
	at com.microstar.xml.XmlParser.doParse(XmlParser.java:159)
	at com.microstar.xml.XmlParser.parse(XmlParser.java:132)
	at ptolemy.moml.MoMLParser.parse(MoMLParser.java:1676)
	at ptolemy.moml.MoMLParser.parse(MoMLParser.java:1595)
	at ptolemy.moml.MoMLParser.parse(MoMLParser.java:1537)
	at ptolemy.moml.MoMLParser._findOrParse(MoMLParser.java:5286)
	at ptolemy.moml.MoMLParser._attemptToFindMoMLClass(MoMLParser.java:4075)
	at ptolemy.moml.MoMLParser._createEntity(MoMLParser.java:4323)
	... 65 more
Caused by: ptolemy.kernel.util.IllegalActionException: Cannot find class: ptolemy.domains.ptinyos.lib.MicaLeds. In Ptolemy, classes are typically Java .class files. Entities like actors may instead be defined within a .xml file.  In any case, the class was not found. If the class uses a third party package, then the class would be present only if the third party package was found at compile time.  It may be necessary to upgrade Java or install the third party package, reconfigure and recompile.
Because:
-- /home/travis/build/icyphy/ptII/ptolemy/actor/ptalon/demo/ptinyos/SendAndReceiveCnt/ptolemy/domains/ptinyos/lib/MicaLeds.xml (No such file or directory)
-- XML file not found relative to classpath.
-- /home/travis/build/icyphy/ptII/ptolemy/vergil/basic/export/test/ptolemy/domains/ptinyos/lib/MicaLeds.xml
/home/travis/build/icyphy/ptII/ptolemy/vergil/basic/export/test/ptolemy/domains/ptinyos/lib/MicaLeds.xml (No such file or directory)
 in file:/home/travis/build/icyphy/ptII/ptolemy/actor/ptalon/demo/ptinyos/SendAndReceiveCnt/CntToLedsAndRfm.xml at line 132 and column 63
	at ptolemy.moml.MoMLParser._createEntity(MoMLParser.java:4330)
	at ptolemy.moml.MoMLParser.startElement(MoMLParser.java:2864)
	... 77 more
Caused by: com.microstar.xml.XmlException: -- /home/travis/build/icyphy/ptII/ptolemy/actor/ptalon/demo/ptinyos/SendAndReceiveCnt/ptolemy/domains/ptinyos/lib/MicaLeds.xml (No such file or directory)
-- XML file not found relative to classpath.
-- /home/travis/build/icyphy/ptII/ptolemy/vergil/basic/export/test/ptolemy/domains/ptinyos/lib/MicaLeds.xml
/home/travis/build/icyphy/ptII/ptolemy/vergil/basic/export/test/ptolemy/domains/ptinyos/lib/MicaLeds.xml (No such file or directory)
 in file:/home/travis/build/icyphy/ptII/ptolemy/actor/ptalon/demo/ptinyos/SendAndReceiveCnt/CntToLedsAndRfm.xml at line 132 and column 63
	at ptolemy.moml.MoMLParser.fileNameToURL(MoMLParser.java:1414)
	at ptolemy.moml.MoMLParser._findOrParse(MoMLParser.java:5283)
	at ptolemy.moml.MoMLParser._attemptToFindMoMLClass(MoMLParser.java:4075)
	at ptolemy.moml.MoMLParser._createEntity(MoMLParser.java:4323)
	... 78 more
Failed to read file:/home/travis/build/icyphy/ptII/ptolemy/actor/ptalon/demo/ptinyos/SendAndReceiveCnt/SendAndReceiveCnt.xml
ptolemy.kernel.util.IllegalActionException: Failed to process attribute change to PtalonParameter, whose value is "ptolemy.actor.ptalon.PtalonExpressionParameter {.SendAndReceiveCnt.SendAndReceiveCnt.channelName} "AtomicWirelessChannel"".
  in .SendAndReceiveCnt.SendAndReceiveCnt
Because:
Unable to add actor null
	at ptolemy.actor.ptalon.PtalonActor.attributeChanged(PtalonActor.java:211)
	at ptolemy.actor.ptalon.PtalonMLHandler.startElement(PtalonMLHandler.java:134)
	at com.microstar.xml.XmlParser.parseElement(XmlParser.java:921)
	at com.microstar.xml.XmlParser.parseContent(XmlParser.java:1104)
	at com.microstar.xml.XmlParser.parseElement(XmlParser.java:924)
	at com.microstar.xml.XmlParser.parseDocument(XmlParser.java:481)
	at com.microstar.xml.XmlParser.doParse(XmlParser.java:159)
	at com.microstar.xml.XmlParser.parse(XmlParser.java:132)
	at ptolemy.actor.ptalon.PtalonActor.configure(PtalonActor.java:240)
	at ptolemy.moml.MoMLParser.endElement(MoMLParser.java:996)
	at com.microstar.xml.XmlParser.parseETag(XmlParser.java:1026)
	at com.microstar.xml.XmlParser.parseContent(XmlParser.java:1098)
	at com.microstar.xml.XmlParser.parseElement(XmlParser.java:924)
	at com.microstar.xml.XmlParser.parseContent(XmlParser.java:1104)
	at com.microstar.xml.XmlParser.parseElement(XmlParser.java:924)
	at com.microstar.xml.XmlParser.parseContent(XmlParser.java:1104)
	at com.microstar.xml.XmlParser.parseElement(XmlParser.java:924)
	at com.microstar.xml.XmlParser.parseDocument(XmlParser.java:481)
	at com.microstar.xml.XmlParser.doParse(XmlParser.java:159)
	at com.microstar.xml.XmlParser.parse(XmlParser.java:132)
	at ptolemy.moml.MoMLParser.parse(MoMLParser.java:1676)
	at ptolemy.moml.MoMLParser.parse(MoMLParser.java:1595)
	at ptolemy.moml.MoMLParser.parse(MoMLParser.java:1537)
	at ptolemy.actor.gui.PtolemyEffigy$Factory.createEffigy(PtolemyEffigy.java:424)
	at ptolemy.actor.gui.EffigyFactory.createEffigy(EffigyFactory.java:234)
	at ptolemy.actor.gui.Configuration.openModel(Configuration.java:1125)
	at ptolemy.actor.gui.Configuration.openModel(Configuration.java:1051)
	at ptolemy.actor.gui.ConfigurationApplication._openModel(ConfigurationApplication.java:1252)
	at ptolemy.actor.gui.ConfigurationApplication._parseArg(ConfigurationApplication.java:1399)
	at ptolemy.actor.gui.ConfigurationApplication._parseArgs(ConfigurationApplication.java:1478)
	at ptolemy.actor.gui.ConfigurationApplication.<init>(ConfigurationApplication.java:277)
	at ptolemy.actor.gui.ConfigurationApplication.<init>(ConfigurationApplication.java:214)
	at ptolemy.actor.gui.ConfigurationApplication.<init>(ConfigurationApplication.java:201)
	at ptolemy.actor.gui.ConfigurationApplication.openModelOrEntity(ConfigurationApplication.java:680)
	at ptolemy.vergil.basic.export.ExportModel$1.run(ExportModel.java:220)
	at java.awt.event.InvocationEvent.dispatch(InvocationEvent.java:301)
	at java.awt.EventQueue.dispatchEventImpl(EventQueue.java:756)
	at java.awt.EventQueue.access$500(EventQueue.java:97)
	at java.awt.EventQueue$3.run(EventQueue.java:709)
	at java.awt.EventQueue$3.run(EventQueue.java:703)
	at java.security.AccessController.doPrivileged(Native Method)
	at java.security.ProtectionDomain$JavaSecurityAccessImpl.doIntersectionPrivilege(ProtectionDomain.java:80)
	at java.awt.EventQueue.dispatchEvent(EventQueue.java:726)
	at java.awt.EventDispatchThread.pumpOneEventForFilters(EventDispatchThread.java:201)
	at java.awt.EventDispatchThread.pumpEventsForFilter(EventDispatchThread.java:116)
	at java.awt.EventDispatchThread.pumpEventsForHierarchy(EventDispatchThread.java:105)
	at java.awt.EventDispatchThread.pumpEvents(EventDispatchThread.java:101)
	at java.awt.EventDispatchThread.pumpEvents(EventDispatchThread.java:93)
	at java.awt.EventDispatchThread.run(EventDispatchThread.java:82)
Caused by: ptolemy.actor.ptalon.PtalonRuntimeException: Unable to add actor null
	at ptolemy.actor.ptalon.PtalonEvaluator.addActor(PtalonEvaluator.java:300)
	at ptolemy.actor.ptalon.PtalonPopulator.actor_declaration(PtalonPopulator.java:1574)
	at ptolemy.actor.ptalon.PtalonPopulator.atomic_statement(PtalonPopulator.java:1638)
	at ptolemy.actor.ptalon.PtalonPopulator.iterative_statement_evaluator(PtalonPopulator.java:2484)
	at ptolemy.actor.ptalon.AbstractPtalonEvaluator$IfTree.evaluateForScope(AbstractPtalonEvaluator.java:1307)
	at ptolemy.actor.ptalon.AbstractPtalonEvaluator.evaluateForScope(AbstractPtalonEvaluator.java:744)
	at ptolemy.actor.ptalon.PtalonPopulator.iterative_statement(PtalonPopulator.java:2363)
	at ptolemy.actor.ptalon.PtalonPopulator.actor_definition(PtalonPopulator.java:2809)
	at ptolemy.actor.ptalon.PtalonActor.attributeChanged(PtalonActor.java:206)
	... 48 more
Caused by: ptolemy.kernel.util.InternalErrorException: Element <entity name="sender1" class="ptolemy.actor.ptalon.demo.ptinyos.SendAndReceiveCnt.CntToLedsAndRfm"> caused an exception to be thrown.
  in .SendAndReceiveCnt.SendAndReceiveCnt
Because:
Cannot find class: ptolemy.actor.ptalon.demo.ptinyos.SendAndReceiveCnt.CntToLedsAndRfm. In Ptolemy, classes are typically Java .class files. Entities like actors may instead be defined within a .xml file.  In any case, the class was not found. If the class uses a third party package, then the class would be present only if the third party package was found at compile time.  It may be necessary to upgrade Java or install the third party package, reconfigure and recompile.
Because:
Element <entity name="MicaLeds" class="ptolemy.domains.ptinyos.lib.MicaLeds"> caused an exception to be thrown.
  in .CntToLedsAndRfm
Because:
Cannot find class: ptolemy.domains.ptinyos.lib.MicaLeds. In Ptolemy, classes are typically Java .class files. Entities like actors may instead be defined within a .xml file.  In any case, the class was not found. If the class uses a third party package, then the class would be present only if the third party package was found at compile time.  It may be necessary to upgrade Java or install the third party package, reconfigure and recompile.
Because:
-- /home/travis/build/icyphy/ptII/ptolemy/actor/ptalon/demo/ptinyos/SendAndReceiveCnt/ptolemy/domains/ptinyos/lib/MicaLeds.xml (No such file or directory)
-- XML file not found relative to classpath.
-- /home/travis/build/icyphy/ptII/ptolemy/vergil/basic/export/test/ptolemy/domains/ptinyos/lib/MicaLeds.xml
/home/travis/build/icyphy/ptII/ptolemy/vergil/basic/export/test/ptolemy/domains/ptinyos/lib/MicaLeds.xml (No such file or directory)
 in file:/home/travis/build/icyphy/ptII/ptolemy/actor/ptalon/demo/ptinyos/SendAndReceiveCnt/CntToLedsAndRfm.xml at line 132 and column 63
	at ptolemy.moml.SimpleErrorHandler.handleError(SimpleErrorHandler.java:75)
	at ptolemy.moml.MoMLParser.startElement(MoMLParser.java:3805)
	at com.microstar.xml.XmlParser.parseElement(XmlParser.java:931)
	at com.microstar.xml.XmlParser.parseDocument(XmlParser.java:481)
	at com.microstar.xml.XmlParser.doParse(XmlParser.java:159)
	at com.microstar.xml.XmlParser.parse(XmlParser.java:132)
	at ptolemy.moml.MoMLParser.parse(MoMLParser.java:1660)
	at ptolemy.moml.MoMLParser.parse(MoMLParser.java:1617)
	at ptolemy.moml.MoMLParser.parse(MoMLParser.java:1792)
	at ptolemy.actor.ptalon.PtalonEvaluator.addActor(PtalonEvaluator.java:241)
	... 56 more
Caused by: ptolemy.kernel.util.IllegalActionException: Cannot find class: ptolemy.actor.ptalon.demo.ptinyos.SendAndReceiveCnt.CntToLedsAndRfm. In Ptolemy, classes are typically Java .class files. Entities like actors may instead be defined within a .xml file.  In any case, the class was not found. If the class uses a third party package, then the class would be present only if the third party package was found at compile time.  It may be necessary to upgrade Java or install the third party package, reconfigure and recompile.
Because:
Element <entity name="MicaLeds" class="ptolemy.domains.ptinyos.lib.MicaLeds"> caused an exception to be thrown.
  in .CntToLedsAndRfm
Because:
Cannot find class: ptolemy.domains.ptinyos.lib.MicaLeds. In Ptolemy, classes are typically Java .class files. Entities like actors may instead be defined within a .xml file.  In any case, the class was not found. If the class uses a third party package, then the class would be present only if the third party package was found at compile time.  It may be necessary to upgrade Java or install the third party package, reconfigure and recompile.
Because:
-- /home/travis/build/icyphy/ptII/ptolemy/actor/ptalon/demo/ptinyos/SendAndReceiveCnt/ptolemy/domains/ptinyos/lib/MicaLeds.xml (No such file or directory)
-- XML file not found relative to classpath.
-- /home/travis/build/icyphy/ptII/ptolemy/vergil/basic/export/test/ptolemy/domains/ptinyos/lib/MicaLeds.xml
/home/travis/build/icyphy/ptII/ptolemy/vergil/basic/export/test/ptolemy/domains/ptinyos/lib/MicaLeds.xml (No such file or directory)
 in file:/home/travis/build/icyphy/ptII/ptolemy/actor/ptalon/demo/ptinyos/SendAndReceiveCnt/CntToLedsAndRfm.xml at line 132 and column 63
	at ptolemy.moml.MoMLParser._createEntity(MoMLParser.java:4330)
	at ptolemy.moml.MoMLParser.startElement(MoMLParser.java:2864)
	... 64 more
Caused by: ptolemy.kernel.util.InternalErrorException: Element <entity name="MicaLeds" class="ptolemy.domains.ptinyos.lib.MicaLeds"> caused an exception to be thrown.
  in .CntToLedsAndRfm
Because:
Cannot find class: ptolemy.domains.ptinyos.lib.MicaLeds. In Ptolemy, classes are typically Java .class files. Entities like actors may instead be defined within a .xml file.  In any case, the class was not found. If the class uses a third party package, then the class would be present only if the third party package was found at compile time.  It may be necessary to upgrade Java or install the third party package, reconfigure and recompile.
Because:
-- /home/travis/build/icyphy/ptII/ptolemy/actor/ptalon/demo/ptinyos/SendAndReceiveCnt/ptolemy/domains/ptinyos/lib/MicaLeds.xml (No such file or directory)
-- XML file not found relative to classpath.
-- /home/travis/build/icyphy/ptII/ptolemy/vergil/basic/export/test/ptolemy/domains/ptinyos/lib/MicaLeds.xml
/home/travis/build/icyphy/ptII/ptolemy/vergil/basic/export/test/ptolemy/domains/ptinyos/lib/MicaLeds.xml (No such file or directory)
 in file:/home/travis/build/icyphy/ptII/ptolemy/actor/ptalon/demo/ptinyos/SendAndReceiveCnt/CntToLedsAndRfm.xml at line 132 and column 63
	at ptolemy.moml.SimpleErrorHandler.handleError(SimpleErrorHandler.java:75)
	at ptolemy.moml.MoMLParser.startElement(MoMLParser.java:3805)
	at com.microstar.xml.XmlParser.parseElement(XmlParser.java:921)
	at com.microstar.xml.XmlParser.parseContent(XmlParser.java:1104)
	at com.microstar.xml.XmlParser.parseElement(XmlParser.java:924)
	at com.microstar.xml.XmlParser.parseDocument(XmlParser.java:481)
	at com.microstar.xml.XmlParser.doParse(XmlParser.java:159)
	at com.microstar.xml.XmlParser.parse(XmlParser.java:132)
	at ptolemy.moml.MoMLParser.parse(MoMLParser.java:1676)
	at ptolemy.moml.MoMLParser.parse(MoMLParser.java:1595)
	at ptolemy.moml.MoMLParser.parse(MoMLParser.java:1537)
	at ptolemy.moml.MoMLParser._findOrParse(MoMLParser.java:5286)
	at ptolemy.moml.MoMLParser._attemptToFindMoMLClass(MoMLParser.java:4075)
	at ptolemy.moml.MoMLParser._createEntity(MoMLParser.java:4323)
	... 65 more
Caused by: ptolemy.kernel.util.IllegalActionException: Cannot find class: ptolemy.domains.ptinyos.lib.MicaLeds. In Ptolemy, classes are typically Java .class files. Entities like actors may instead be defined within a .xml file.  In any case, the class was not found. If the class uses a third party package, then the class would be present only if the third party package was found at compile time.  It may be necessary to upgrade Java or install the third party package, reconfigure and recompile.
Because:
-- /home/travis/build/icyphy/ptII/ptolemy/actor/ptalon/demo/ptinyos/SendAndReceiveCnt/ptolemy/domains/ptinyos/lib/MicaLeds.xml (No such file or directory)
-- XML file not found relative to classpath.
-- /home/travis/build/icyphy/ptII/ptolemy/vergil/basic/export/test/ptolemy/domains/ptinyos/lib/MicaLeds.xml
/home/travis/build/icyphy/ptII/ptolemy/vergil/basic/export/test/ptolemy/domains/ptinyos/lib/MicaLeds.xml (No such file or directory)
 in file:/home/travis/build/icyphy/ptII/ptolemy/actor/ptalon/demo/ptinyos/SendAndReceiveCnt/CntToLedsAndRfm.xml at line 132 and column 63
	at ptolemy.moml.MoMLParser._createEntity(MoMLParser.java:4330)
	at ptolemy.moml.MoMLParser.startElement(MoMLParser.java:2864)
	... 77 more
Caused by: com.microstar.xml.XmlException: -- /home/travis/build/icyphy/ptII/ptolemy/actor/ptalon/demo/ptinyos/SendAndReceiveCnt/ptolemy/domains/ptinyos/lib/MicaLeds.xml (No such file or directory)
-- XML file not found relative to classpath.
-- /home/travis/build/icyphy/ptII/ptolemy/vergil/basic/export/test/ptolemy/domains/ptinyos/lib/MicaLeds.xml
/home/travis/build/icyphy/ptII/ptolemy/vergil/basic/export/test/ptolemy/domains/ptinyos/lib/MicaLeds.xml (No such file or directory)
 in file:/home/travis/build/icyphy/ptII/ptolemy/actor/ptalon/demo/ptinyos/SendAndReceiveCnt/CntToLedsAndRfm.xml at line 132 and column 63
	at ptolemy.moml.MoMLParser.fileNameToURL(MoMLParser.java:1414)
	at ptolemy.moml.MoMLParser._findOrParse(MoMLParser.java:5283)
	at ptolemy.moml.MoMLParser._attemptToFindMoMLClass(MoMLParser.java:4075)
	at ptolemy.moml.MoMLParser._createEntity(MoMLParser.java:4323)
	... 78 more
Caused by: ptolemy.actor.ptalon.PtalonRuntimeException: Unable to add actor null
	at ptolemy.actor.ptalon.PtalonEvaluator.addActor(PtalonEvaluator.java:300)
	at ptolemy.actor.ptalon.PtalonPopulator.actor_declaration(PtalonPopulator.java:1574)
	at ptolemy.actor.ptalon.PtalonPopulator.atomic_statement(PtalonPopulator.java:1638)
	at ptolemy.actor.ptalon.PtalonPopulator.iterative_statement_evaluator(PtalonPopulator.java:2484)
	at ptolemy.actor.ptalon.AbstractPtalonEvaluator$IfTree.evaluateForScope(AbstractPtalonEvaluator.java:1307)
	at ptolemy.actor.ptalon.AbstractPtalonEvaluator.evaluateForScope(AbstractPtalonEvaluator.java:744)
	at ptolemy.actor.ptalon.PtalonPopulator.iterative_statement(PtalonPopulator.java:2363)
	at ptolemy.actor.ptalon.PtalonPopulator.actor_definition(PtalonPopulator.java:2809)
	at ptolemy.actor.ptalon.PtalonActor.attributeChanged(PtalonActor.java:206)
	at ptolemy.actor.ptalon.PtalonMLHandler.startElement(PtalonMLHandler.java:134)
	at com.microstar.xml.XmlParser.parseElement(XmlParser.java:921)
	at com.microstar.xml.XmlParser.parseContent(XmlParser.java:1104)
	at com.microstar.xml.XmlParser.parseElement(XmlParser.java:924)
	at com.microstar.xml.XmlParser.parseDocument(XmlParser.java:481)
	at com.microstar.xml.XmlParser.doParse(XmlParser.java:159)
	at com.microstar.xml.XmlParser.parse(XmlParser.java:132)
	at ptolemy.actor.ptalon.PtalonActor.configure(PtalonActor.java:240)
	at ptolemy.moml.MoMLParser.endElement(MoMLParser.java:996)
	at com.microstar.xml.XmlParser.parseETag(XmlParser.java:1026)
	at com.microstar.xml.XmlParser.parseContent(XmlParser.java:1098)
	at com.microstar.xml.XmlParser.parseElement(XmlParser.java:924)
	at com.microstar.xml.XmlParser.parseContent(XmlParser.java:1104)
	at com.microstar.xml.XmlParser.parseElement(XmlParser.java:924)
	at com.microstar.xml.XmlParser.parseContent(XmlParser.java:1104)
	at com.microstar.xml.XmlParser.parseElement(XmlParser.java:924)
	at com.microstar.xml.XmlParser.parseDocument(XmlParser.java:481)
	at com.microstar.xml.XmlParser.doParse(XmlParser.java:159)
	at com.microstar.xml.XmlParser.parse(XmlParser.java:132)
	at ptolemy.moml.MoMLParser.parse(MoMLParser.java:1676)
	at ptolemy.moml.MoMLParser.parse(MoMLParser.java:1595)
	at ptolemy.moml.MoMLParser.parse(MoMLParser.java:1537)
	at ptolemy.actor.gui.PtolemyEffigy$Factory.createEffigy(PtolemyEffigy.java:424)
	at ptolemy.actor.gui.EffigyFactory.createEffigy(EffigyFactory.java:234)
	at ptolemy.actor.gui.Configuration.openModel(Configuration.java:1125)
	at ptolemy.actor.gui.Configuration.openModel(Configuration.java:1051)
	at ptolemy.actor.gui.ConfigurationApplication._openModel(ConfigurationApplication.java:1252)
	at ptolemy.actor.gui.ConfigurationApplication._parseArg(ConfigurationApplication.java:1399)
	at ptolemy.actor.gui.ConfigurationApplication._parseArgs(ConfigurationApplication.java:1478)
	at ptolemy.actor.gui.ConfigurationApplication.<init>(ConfigurationApplication.java:277)
	at ptolemy.actor.gui.ConfigurationApplication.<init>(ConfigurationApplication.java:214)
	at ptolemy.actor.gui.ConfigurationApplication.<init>(ConfigurationApplication.java:201)
	at ptolemy.actor.gui.ConfigurationApplication.openModelOrEntity(ConfigurationApplication.java:680)
	at ptolemy.vergil.basic.export.ExportModel$1.run(ExportModel.java:220)
	at java.awt.event.InvocationEvent.dispatch(InvocationEvent.java:301)
	at java.awt.EventQueue.dispatchEventImpl(EventQueue.java:756)
	at java.awt.EventQueue.access$500(EventQueue.java:97)
	at java.awt.EventQueue$3.run(EventQueue.java:709)
	at java.awt.EventQueue$3.run(EventQueue.java:703)
	at java.security.AccessController.doPrivileged(Native Method)
	at java.security.ProtectionDomain$JavaSecurityAccessImpl.doIntersectionPrivilege(ProtectionDomain.java:80)
	at java.awt.EventQueue.dispatchEvent(EventQueue.java:726)
	at java.awt.EventDispatchThread.pumpOneEventForFilters(EventDispatchThread.java:201)
	at java.awt.EventDispatchThread.pumpEventsForFilter(EventDispatchThread.java:116)
	at java.awt.EventDispatchThread.pumpEventsForHierarchy(EventDispatchThread.java:105)
	at java.awt.EventDispatchThread.pumpEvents(EventDispatchThread.java:101)
	at java.awt.EventDispatchThread.pumpEvents(EventDispatchThread.java:93)
	at java.awt.EventDispatchThread.run(EventDispatchThread.java:82)
Caused by: ptolemy.kernel.util.InternalErrorException: Element <entity name="sender1" class="ptolemy.actor.ptalon.demo.ptinyos.SendAndReceiveCnt.CntToLedsAndRfm"> caused an exception to be thrown.
  in .SendAndReceiveCnt.SendAndReceiveCnt
Because:
Cannot find class: ptolemy.actor.ptalon.demo.ptinyos.SendAndReceiveCnt.CntToLedsAndRfm. In Ptolemy, classes are typically Java .class files. Entities like actors may instead be defined within a .xml file.  In any case, the class was not found. If the class uses a third party package, then the class would be present only if the third party package was found at compile time.  It may be necessary to upgrade Java or install the third party package, reconfigure and recompile.
Because:
Element <entity name="MicaLeds" class="ptolemy.domains.ptinyos.lib.MicaLeds"> caused an exception to be thrown.
  in .CntToLedsAndRfm
Because:
Cannot find class: ptolemy.domains.ptinyos.lib.MicaLeds. In Ptolemy, classes are typically Java .class files. Entities like actors may instead be defined within a .xml file.  In any case, the class was not found. If the class uses a third party package, then the class would be present only if the third party package was found at compile time.  It may be necessary to upgrade Java or install the third party package, reconfigure and recompile.
Because:
-- /home/travis/build/icyphy/ptII/ptolemy/actor/ptalon/demo/ptinyos/SendAndReceiveCnt/ptolemy/domains/ptinyos/lib/MicaLeds.xml (No such file or directory)
-- XML file not found relative to classpath.
-- /home/travis/build/icyphy/ptII/ptolemy/vergil/basic/export/test/ptolemy/domains/ptinyos/lib/MicaLeds.xml
/home/travis/build/icyphy/ptII/ptolemy/vergil/basic/export/test/ptolemy/domains/ptinyos/lib/MicaLeds.xml (No such file or directory)
 in file:/home/travis/build/icyphy/ptII/ptolemy/actor/ptalon/demo/ptinyos/SendAndReceiveCnt/CntToLedsAndRfm.xml at line 132 and column 63
	at ptolemy.moml.SimpleErrorHandler.handleError(SimpleErrorHandler.java:75)
	at ptolemy.moml.MoMLParser.startElement(MoMLParser.java:3805)
	at com.microstar.xml.XmlParser.parseElement(XmlParser.java:931)
	at com.microstar.xml.XmlParser.parseDocument(XmlParser.java:481)
	at com.microstar.xml.XmlParser.doParse(XmlParser.java:159)
	at com.microstar.xml.XmlParser.parse(XmlParser.java:132)
	at ptolemy.moml.MoMLParser.parse(MoMLParser.java:1660)
	at ptolemy.moml.MoMLParser.parse(MoMLParser.java:1617)
	at ptolemy.moml.MoMLParser.parse(MoMLParser.java:1792)
	at ptolemy.actor.ptalon.PtalonEvaluator.addActor(PtalonEvaluator.java:241)
	... 56 more
Caused by: ptolemy.kernel.util.IllegalActionException: Cannot find class: ptolemy.actor.ptalon.demo.ptinyos.SendAndReceiveCnt.CntToLedsAndRfm. In Ptolemy, classes are typically Java .class files. Entities like actors may instead be defined within a .xml file.  In any case, the class was not found. If the class uses a third party package, then the class would be present only if the third party package was found at compile time.  It may be necessary to upgrade Java or install the third party package, reconfigure and recompile.
Because:
Element <entity name="MicaLeds" class="ptolemy.domains.ptinyos.lib.MicaLeds"> caused an exception to be thrown.
  in .CntToLedsAndRfm
Because:
Cannot find class: ptolemy.domains.ptinyos.lib.MicaLeds. In Ptolemy, classes are typically Java .class files. Entities like actors may instead be defined within a .xml file.  In any case, the class was not found. If the class uses a third party package, then the class would be present only if the third party package was found at compile time.  It may be necessary to upgrade Java or install the third party package, reconfigure and recompile.
Because:
-- /home/travis/build/icyphy/ptII/ptolemy/actor/ptalon/demo/ptinyos/SendAndReceiveCnt/ptolemy/domains/ptinyos/lib/MicaLeds.xml (No such file or directory)
-- XML file not found relative to classpath.
-- /home/travis/build/icyphy/ptII/ptolemy/vergil/basic/export/test/ptolemy/domains/ptinyos/lib/MicaLeds.xml
/home/travis/build/icyphy/ptII/ptolemy/vergil/basic/export/test/ptolemy/domains/ptinyos/lib/MicaLeds.xml (No such file or directory)
 in file:/home/travis/build/icyphy/ptII/ptolemy/actor/ptalon/demo/ptinyos/SendAndReceiveCnt/CntToLedsAndRfm.xml at line 132 and column 63
	at ptolemy.moml.MoMLParser._createEntity(MoMLParser.java:4330)
	at ptolemy.moml.MoMLParser.startElement(MoMLParser.java:2864)
	... 64 more
Caused by: ptolemy.kernel.util.InternalErrorException: Element <entity name="MicaLeds" class="ptolemy.domains.ptinyos.lib.MicaLeds"> caused an exception to be thrown.
  in .CntToLedsAndRfm
Because:
Cannot find class: ptolemy.domains.ptinyos.lib.MicaLeds. In Ptolemy, classes are typically Java .class files. Entities like actors may instead be defined within a .xml file.  In any case, the class was not found. If the class uses a third party package, then the class would be present only if the third party package was found at compile time.  It may be necessary to upgrade Java or install the third party package, reconfigure and recompile.
Because:
-- /home/travis/build/icyphy/ptII/ptolemy/actor/ptalon/demo/ptinyos/SendAndReceiveCnt/ptolemy/domains/ptinyos/lib/MicaLeds.xml (No such file or directory)
-- XML file not found relative to classpath.
-- /home/travis/build/icyphy/ptII/ptolemy/vergil/basic/export/test/ptolemy/domains/ptinyos/lib/MicaLeds.xml
/home/travis/build/icyphy/ptII/ptolemy/vergil/basic/export/test/ptolemy/domains/ptinyos/lib/MicaLeds.xml (No such file or directory)
 in file:/home/travis/build/icyphy/ptII/ptolemy/actor/ptalon/demo/ptinyos/SendAndReceiveCnt/CntToLedsAndRfm.xml at line 132 and column 63
	at ptolemy.moml.SimpleErrorHandler.handleError(SimpleErrorHandler.java:75)
	at ptolemy.moml.MoMLParser.startElement(MoMLParser.java:3805)
	at com.microstar.xml.XmlParser.parseElement(XmlParser.java:921)
	at com.microstar.xml.XmlParser.parseContent(XmlParser.java:1104)
	at com.microstar.xml.XmlParser.parseElement(XmlParser.java:924)
	at com.microstar.xml.XmlParser.parseDocument(XmlParser.java:481)
	at com.microstar.xml.XmlParser.doParse(XmlParser.java:159)
	at com.microstar.xml.XmlParser.parse(XmlParser.java:132)
	at ptolemy.moml.MoMLParser.parse(MoMLParser.java:1676)
	at ptolemy.moml.MoMLParser.parse(MoMLParser.java:1595)
	at ptolemy.moml.MoMLParser.parse(MoMLParser.java:1537)
	at ptolemy.moml.MoMLParser._findOrParse(MoMLParser.java:5286)
	at ptolemy.moml.MoMLParser._attemptToFindMoMLClass(MoMLParser.java:4075)
	at ptolemy.moml.MoMLParser._createEntity(MoMLParser.java:4323)
	... 65 more
Caused by: ptolemy.kernel.util.IllegalActionException: Cannot find class: ptolemy.domains.ptinyos.lib.MicaLeds. In Ptolemy, classes are typically Java .class files. Entities like actors may instead be defined within a .xml file.  In any case, the class was not found. If the class uses a third party package, then the class would be present only if the third party package was found at compile time.  It may be necessary to upgrade Java or install the third party package, reconfigure and recompile.
Because:
-- /home/travis/build/icyphy/ptII/ptolemy/actor/ptalon/demo/ptinyos/SendAndReceiveCnt/ptolemy/domains/ptinyos/lib/MicaLeds.xml (No such file or directory)
-- XML file not found relative to classpath.
-- /home/travis/build/icyphy/ptII/ptolemy/vergil/basic/export/test/ptolemy/domains/ptinyos/lib/MicaLeds.xml
/home/travis/build/icyphy/ptII/ptolemy/vergil/basic/export/test/ptolemy/domains/ptinyos/lib/MicaLeds.xml (No such file or directory)
 in file:/home/travis/build/icyphy/ptII/ptolemy/actor/ptalon/demo/ptinyos/SendAndReceiveCnt/CntToLedsAndRfm.xml at line 132 and column 63
	at ptolemy.moml.MoMLParser._createEntity(MoMLParser.java:4330)
	at ptolemy.moml.MoMLParser.startElement(MoMLParser.java:2864)
	... 77 more
Caused by: com.microstar.xml.XmlException: -- /home/travis/build/icyphy/ptII/ptolemy/actor/ptalon/demo/ptinyos/SendAndReceiveCnt/ptolemy/domains/ptinyos/lib/MicaLeds.xml (No such file or directory)
-- XML file not found relative to classpath.
-- /home/travis/build/icyphy/ptII/ptolemy/vergil/basic/export/test/ptolemy/domains/ptinyos/lib/MicaLeds.xml
/home/travis/build/icyphy/ptII/ptolemy/vergil/basic/export/test/ptolemy/domains/ptinyos/lib/MicaLeds.xml (No such file or directory)
 in file:/home/travis/build/icyphy/ptII/ptolemy/actor/ptalon/demo/ptinyos/SendAndReceiveCnt/CntToLedsAndRfm.xml at line 132 and column 63
	at ptolemy.moml.MoMLParser.fileNameToURL(MoMLParser.java:1414)
	at ptolemy.moml.MoMLParser._findOrParse(MoMLParser.java:5283)
	at ptolemy.moml.MoMLParser._attemptToFindMoMLClass(MoMLParser.java:4075)
	at ptolemy.moml.MoMLParser._createEntity(MoMLParser.java:4323)
	... 78 more
ptolemy.kernel.util.IllegalActionException: Failed to process attribute change to PtalonParameter, whose value is "ptolemy.actor.ptalon.PtalonExpressionParameter {.SendAndReceiveCnt.SendAndReceiveCnt.channelName} "AtomicWirelessChannel"".
  in .SendAndReceiveCnt.SendAndReceiveCnt
Because:
Unable to add actor null
	at ptolemy.actor.ptalon.PtalonActor.attributeChanged(PtalonActor.java:211)
	at ptolemy.actor.ptalon.PtalonMLHandler.startElement(PtalonMLHandler.java:134)
	at com.microstar.xml.XmlParser.parseElement(XmlParser.java:921)
	at com.microstar.xml.XmlParser.parseContent(XmlParser.java:1104)
	at com.microstar.xml.XmlParser.parseElement(XmlParser.java:924)
	at com.microstar.xml.XmlParser.parseDocument(XmlParser.java:481)
	at com.microstar.xml.XmlParser.doParse(XmlParser.java:159)
	at com.microstar.xml.XmlParser.parse(XmlParser.java:132)
	at ptolemy.actor.ptalon.PtalonActor.configure(PtalonActor.java:240)
	at ptolemy.moml.MoMLParser.endElement(MoMLParser.java:996)
	at com.microstar.xml.XmlParser.parseETag(XmlParser.java:1026)
	at com.microstar.xml.XmlParser.parseContent(XmlParser.java:1098)
	at com.microstar.xml.XmlParser.parseElement(XmlParser.java:924)
	at com.microstar.xml.XmlParser.parseContent(XmlParser.java:1104)
	at com.microstar.xml.XmlParser.parseElement(XmlParser.java:924)
	at com.microstar.xml.XmlParser.parseContent(XmlParser.java:1104)
	at com.microstar.xml.XmlParser.parseElement(XmlParser.java:924)
	at com.microstar.xml.XmlParser.parseDocument(XmlParser.java:481)
	at com.microstar.xml.XmlParser.doParse(XmlParser.java:159)
	at com.microstar.xml.XmlParser.parse(XmlParser.java:132)
	at ptolemy.moml.MoMLParser.parse(MoMLParser.java:1676)
	at ptolemy.moml.MoMLParser.parse(MoMLParser.java:1595)
	at ptolemy.moml.MoMLParser.parse(MoMLParser.java:1537)
	at ptolemy.actor.gui.PtolemyEffigy$Factory.createEffigy(PtolemyEffigy.java:424)
	at ptolemy.actor.gui.EffigyFactory.createEffigy(EffigyFactory.java:234)
	at ptolemy.actor.gui.Configuration.openModel(Configuration.java:1125)
	at ptolemy.actor.gui.Configuration.openModel(Configuration.java:1051)
	at ptolemy.actor.gui.ConfigurationApplication._openModel(ConfigurationApplication.java:1252)
	at ptolemy.actor.gui.ConfigurationApplication._parseArg(ConfigurationApplication.java:1399)
	at ptolemy.actor.gui.ConfigurationApplication._parseArgs(ConfigurationApplication.java:1478)
	at ptolemy.actor.gui.ConfigurationApplication.<init>(ConfigurationApplication.java:277)
	at ptolemy.actor.gui.ConfigurationApplication.<init>(ConfigurationApplication.java:214)
	at ptolemy.actor.gui.ConfigurationApplication.<init>(ConfigurationApplication.java:201)
	at ptolemy.actor.gui.ConfigurationApplication.openModelOrEntity(ConfigurationApplication.java:680)
	at ptolemy.vergil.basic.export.ExportModel$1.run(ExportModel.java:220)
	at java.awt.event.InvocationEvent.dispatch(InvocationEvent.java:301)
	at java.awt.EventQueue.dispatchEventImpl(EventQueue.java:756)
	at java.awt.EventQueue.access$500(EventQueue.java:97)
	at java.awt.EventQueue$3.run(EventQueue.java:709)
	at java.awt.EventQueue$3.run(EventQueue.java:703)
	at java.security.AccessController.doPrivileged(Native Method)
	at java.security.ProtectionDomain$JavaSecurityAccessImpl.doIntersectionPrivilege(ProtectionDomain.java:80)
	at java.awt.EventQueue.dispatchEvent(EventQueue.java:726)
	at java.awt.EventDispatchThread.pumpOneEventForFilters(EventDispatchThread.java:201)
	at java.awt.EventDispatchThread.pumpEventsForFilter(EventDispatchThread.java:116)
	at java.awt.EventDispatchThread.pumpEventsForHierarchy(EventDispatchThread.java:105)
	at java.awt.EventDispatchThread.pumpEvents(EventDispatchThread.java:101)
	at java.awt.EventDispatchThread.pumpEvents(EventDispatchThread.java:93)
	at java.awt.EventDispatchThread.run(EventDispatchThread.java:82)
Caused by: ptolemy.actor.ptalon.PtalonRuntimeException: Unable to add actor null
	at ptolemy.actor.ptalon.PtalonEvaluator.addActor(PtalonEvaluator.java:300)
	at ptolemy.actor.ptalon.PtalonPopulator.actor_declaration(PtalonPopulator.java:1574)
	at ptolemy.actor.ptalon.PtalonPopulator.atomic_statement(PtalonPopulator.java:1638)
	at ptolemy.actor.ptalon.PtalonPopulator.iterative_statement_evaluator(PtalonPopulator.java:2484)
	at ptolemy.actor.ptalon.AbstractPtalonEvaluator$IfTree.evaluateForScope(AbstractPtalonEvaluator.java:1307)
	at ptolemy.actor.ptalon.AbstractPtalonEvaluator.evaluateForScope(AbstractPtalonEvaluator.java:744)
	at ptolemy.actor.ptalon.PtalonPopulator.iterative_statement(PtalonPopulator.java:2363)
	at ptolemy.actor.ptalon.PtalonPopulator.actor_definition(PtalonPopulator.java:2809)
	at ptolemy.actor.ptalon.PtalonActor.attributeChanged(PtalonActor.java:206)
	... 48 more
Caused by: ptolemy.kernel.util.InternalErrorException: Element <entity name="sender1" class="ptolemy.actor.ptalon.demo.ptinyos.SendAndReceiveCnt.CntToLedsAndRfm"> caused an exception to be thrown.
  in .SendAndReceiveCnt.SendAndReceiveCnt
Because:
Cannot find class: ptolemy.actor.ptalon.demo.ptinyos.SendAndReceiveCnt.CntToLedsAndRfm. In Ptolemy, classes are typically Java .class files. Entities like actors may instead be defined within a .xml file.  In any case, the class was not found. If the class uses a third party package, then the class would be present only if the third party package was found at compile time.  It may be necessary to upgrade Java or install the third party package, reconfigure and recompile.
Because:
Element <entity name="MicaLeds" class="ptolemy.domains.ptinyos.lib.MicaLeds"> caused an exception to be thrown.
  in .CntToLedsAndRfm
Because:
Cannot find class: ptolemy.domains.ptinyos.lib.MicaLeds. In Ptolemy, classes are typically Java .class files. Entities like actors may instead be defined within a .xml file.  In any case, the class was not found. If the class uses a third party package, then the class would be present only if the third party package was found at compile time.  It may be necessary to upgrade Java or install the third party package, reconfigure and recompile.
Because:
-- /home/travis/build/icyphy/ptII/ptolemy/actor/ptalon/demo/ptinyos/SendAndReceiveCnt/ptolemy/domains/ptinyos/lib/MicaLeds.xml (No such file or directory)
-- XML file not found relative to classpath.
-- /home/travis/build/icyphy/ptII/ptolemy/vergil/basic/export/test/ptolemy/domains/ptinyos/lib/MicaLeds.xml
/home/travis/build/icyphy/ptII/ptolemy/vergil/basic/export/test/ptolemy/domains/ptinyos/lib/MicaLeds.xml (No such file or directory)
 in file:/home/travis/build/icyphy/ptII/ptolemy/actor/ptalon/demo/ptinyos/SendAndReceiveCnt/CntToLedsAndRfm.xml at line 132 and column 63
	at ptolemy.moml.SimpleErrorHandler.handleError(SimpleErrorHandler.java:75)
	at ptolemy.moml.MoMLParser.startElement(MoMLParser.java:3805)
	at com.microstar.xml.XmlParser.parseElement(XmlParser.java:931)
	at com.microstar.xml.XmlParser.parseDocument(XmlParser.java:481)
	at com.microstar.xml.XmlParser.doParse(XmlParser.java:159)
	at com.microstar.xml.XmlParser.parse(XmlParser.java:132)
	at ptolemy.moml.MoMLParser.parse(MoMLParser.java:1660)
	at ptolemy.moml.MoMLParser.parse(MoMLParser.java:1617)
	at ptolemy.moml.MoMLParser.parse(MoMLParser.java:1792)
	at ptolemy.actor.ptalon.PtalonEvaluator.addActor(PtalonEvaluator.java:241)
	... 56 more
Caused by: ptolemy.kernel.util.IllegalActionException: Cannot find class: ptolemy.actor.ptalon.demo.ptinyos.SendAndReceiveCnt.CntToLedsAndRfm. In Ptolemy, classes are typically Java .class files. Entities like actors may instead be defined within a .xml file.  In any case, the class was not found. If the class uses a third party package, then the class would be present only if the third party package was found at compile time.  It may be necessary to upgrade Java or install the third party package, reconfigure and recompile.
Because:
Element <entity name="MicaLeds" class="ptolemy.domains.ptinyos.lib.MicaLeds"> caused an exception to be thrown.
  in .CntToLedsAndRfm
Because:
Cannot find class: ptolemy.domains.ptinyos.lib.MicaLeds. In Ptolemy, classes are typically Java .class files. Entities like actors may instead be defined within a .xml file.  In any case, the class was not found. If the class uses a third party package, then the class would be present only if the third party package was found at compile time.  It may be necessary to upgrade Java or install the third party package, reconfigure and recompile.
Because:
-- /home/travis/build/icyphy/ptII/ptolemy/actor/ptalon/demo/ptinyos/SendAndReceiveCnt/ptolemy/domains/ptinyos/lib/MicaLeds.xml (No such file or directory)
-- XML file not found relative to classpath.
-- /home/travis/build/icyphy/ptII/ptolemy/vergil/basic/export/test/ptolemy/domains/ptinyos/lib/MicaLeds.xml
/home/travis/build/icyphy/ptII/ptolemy/vergil/basic/export/test/ptolemy/domains/ptinyos/lib/MicaLeds.xml (No such file or directory)
 in file:/home/travis/build/icyphy/ptII/ptolemy/actor/ptalon/demo/ptinyos/SendAndReceiveCnt/CntToLedsAndRfm.xml at line 132 and column 63
	at ptolemy.moml.MoMLParser._createEntity(MoMLParser.java:4330)
	at ptolemy.moml.MoMLParser.startElement(MoMLParser.java:2864)
	... 64 more
Caused by: ptolemy.kernel.util.InternalErrorException: Element <entity name="MicaLeds" class="ptolemy.domains.ptinyos.lib.MicaLeds"> caused an exception to be thrown.
  in .CntToLedsAndRfm
Because:
Cannot find class: ptolemy.domains.ptinyos.lib.MicaLeds. In Ptolemy, classes are typically Java .class files. Entities like actors may instead be defined within a .xml file.  In any case, the class was not found. If the class uses a third party package, then the class would be present only if the third party package was found at compile time.  It may be necessary to upgrade Java or install the third party package, reconfigure and recompile.
Because:
-- /home/travis/build/icyphy/ptII/ptolemy/actor/ptalon/demo/ptinyos/SendAndReceiveCnt/ptolemy/domains/ptinyos/lib/MicaLeds.xml (No such file or directory)
-- XML file not found relative to classpath.
-- /home/travis/build/icyphy/ptII/ptolemy/vergil/basic/export/test/ptolemy/domains/ptinyos/lib/MicaLeds.xml
/home/travis/build/icyphy/ptII/ptolemy/vergil/basic/export/test/ptolemy/domains/ptinyos/lib/MicaLeds.xml (No such file or directory)
 in file:/home/travis/build/icyphy/ptII/ptolemy/actor/ptalon/demo/ptinyos/SendAndReceiveCnt/CntToLedsAndRfm.xml at line 132 and column 63
	at ptolemy.moml.SimpleErrorHandler.handleError(SimpleErrorHandler.java:75)
	at ptolemy.moml.MoMLParser.startElement(MoMLParser.java:3805)
	at com.microstar.xml.XmlParser.parseElement(XmlParser.java:921)
	at com.microstar.xml.XmlParser.parseContent(XmlParser.java:1104)
	at com.microstar.xml.XmlParser.parseElement(XmlParser.java:924)
	at com.microstar.xml.XmlParser.parseDocument(XmlParser.java:481)
	at com.microstar.xml.XmlParser.doParse(XmlParser.java:159)
	at com.microstar.xml.XmlParser.parse(XmlParser.java:132)
	at ptolemy.moml.MoMLParser.parse(MoMLParser.java:1676)
	at ptolemy.moml.MoMLParser.parse(MoMLParser.java:1595)
	at ptolemy.moml.MoMLParser.parse(MoMLParser.java:1537)
	at ptolemy.moml.MoMLParser._findOrParse(MoMLParser.java:5286)
	at ptolemy.moml.MoMLParser._attemptToFindMoMLClass(MoMLParser.java:4075)
	at ptolemy.moml.MoMLParser._createEntity(MoMLParser.java:4323)
	... 65 more
Caused by: ptolemy.kernel.util.IllegalActionException: Cannot find class: ptolemy.domains.ptinyos.lib.MicaLeds. In Ptolemy, classes are typically Java .class files. Entities like actors may instead be defined within a .xml file.  In any case, the class was not found. If the class uses a third party package, then the class would be present only if the third party package was found at compile time.  It may be necessary to upgrade Java or install the third party package, reconfigure and recompile.
Because:
-- /home/travis/build/icyphy/ptII/ptolemy/actor/ptalon/demo/ptinyos/SendAndReceiveCnt/ptolemy/domains/ptinyos/lib/MicaLeds.xml (No such file or directory)
-- XML file not found relative to classpath.
-- /home/travis/build/icyphy/ptII/ptolemy/vergil/basic/export/test/ptolemy/domains/ptinyos/lib/MicaLeds.xml
/home/travis/build/icyphy/ptII/ptolemy/vergil/basic/export/test/ptolemy/domains/ptinyos/lib/MicaLeds.xml (No such file or directory)
 in file:/home/travis/build/icyphy/ptII/ptolemy/actor/ptalon/demo/ptinyos/SendAndReceiveCnt/CntToLedsAndRfm.xml at line 132 and column 63
	at ptolemy.moml.MoMLParser._createEntity(MoMLParser.java:4330)
	at ptolemy.moml.MoMLParser.startElement(MoMLParser.java:2864)
	... 77 more
Caused by: com.microstar.xml.XmlException: -- /home/travis/build/icyphy/ptII/ptolemy/actor/ptalon/demo/ptinyos/SendAndReceiveCnt/ptolemy/domains/ptinyos/lib/MicaLeds.xml (No such file or directory)
-- XML file not found relative to classpath.
-- /home/travis/build/icyphy/ptII/ptolemy/vergil/basic/export/test/ptolemy/domains/ptinyos/lib/MicaLeds.xml
/home/travis/build/icyphy/ptII/ptolemy/vergil/basic/export/test/ptolemy/domains/ptinyos/lib/MicaLeds.xml (No such file or directory)
 in file:/home/travis/build/icyphy/ptII/ptolemy/actor/ptalon/demo/ptinyos/SendAndReceiveCnt/CntToLedsAndRfm.xml at line 132 and column 63
	at ptolemy.moml.MoMLParser.fileNameToURL(MoMLParser.java:1414)
	at ptolemy.moml.MoMLParser._findOrParse(MoMLParser.java:5283)
	at ptolemy.moml.MoMLParser._attemptToFindMoMLClass(MoMLParser.java:4075)
	at ptolemy.moml.MoMLParser._createEntity(MoMLParser.java:4323)
	... 78 more
Caused by: ptolemy.actor.ptalon.PtalonRuntimeException: Unable to add actor null
	at ptolemy.actor.ptalon.PtalonEvaluator.addActor(PtalonEvaluator.java:300)
	at ptolemy.actor.ptalon.PtalonPopulator.actor_declaration(PtalonPopulator.java:1574)
	at ptolemy.actor.ptalon.PtalonPopulator.atomic_statement(PtalonPopulator.java:1638)
	at ptolemy.actor.ptalon.PtalonPopulator.iterative_statement_evaluator(PtalonPopulator.java:2484)
	at ptolemy.actor.ptalon.AbstractPtalonEvaluator$IfTree.evaluateForScope(AbstractPtalonEvaluator.java:1307)
	at ptolemy.actor.ptalon.AbstractPtalonEvaluator.evaluateForScope(AbstractPtalonEvaluator.java:744)
	at ptolemy.actor.ptalon.PtalonPopulator.iterative_statement(PtalonPopulator.java:2363)
	at ptolemy.actor.ptalon.PtalonPopulator.actor_definition(PtalonPopulator.java:2809)
	at ptolemy.actor.ptalon.PtalonActor.attributeChanged(PtalonActor.java:206)
	at ptolemy.actor.ptalon.PtalonMLHandler.startElement(PtalonMLHandler.java:134)
	at com.microstar.xml.XmlParser.parseElement(XmlParser.java:921)
	at com.microstar.xml.XmlParser.parseContent(XmlParser.java:1104)
	at com.microstar.xml.XmlParser.parseElement(XmlParser.java:924)
	at com.microstar.xml.XmlParser.parseDocument(XmlParser.java:481)
	at com.microstar.xml.XmlParser.doParse(XmlParser.java:159)
	at com.microstar.xml.XmlParser.parse(XmlParser.java:132)
	at ptolemy.actor.ptalon.PtalonActor.configure(PtalonActor.java:240)
	at ptolemy.moml.MoMLParser.endElement(MoMLParser.java:996)
	at com.microstar.xml.XmlParser.parseETag(XmlParser.java:1026)
	at com.microstar.xml.XmlParser.parseContent(XmlParser.java:1098)
	at com.microstar.xml.XmlParser.parseElement(XmlParser.java:924)
	at com.microstar.xml.XmlParser.parseContent(XmlParser.java:1104)
	at com.microstar.xml.XmlParser.parseElement(XmlParser.java:924)
	at com.microstar.xml.XmlParser.parseContent(XmlParser.java:1104)
	at com.microstar.xml.XmlParser.parseElement(XmlParser.java:924)
	at com.microstar.xml.XmlParser.parseDocument(XmlParser.java:481)
	at com.microstar.xml.XmlParser.doParse(XmlParser.java:159)
	at com.microstar.xml.XmlParser.parse(XmlParser.java:132)
	at ptolemy.moml.MoMLParser.parse(MoMLParser.java:1676)
	at ptolemy.moml.MoMLParser.parse(MoMLParser.java:1595)
	at ptolemy.moml.MoMLParser.parse(MoMLParser.java:1537)
	at ptolemy.actor.gui.PtolemyEffigy$Factory.createEffigy(PtolemyEffigy.java:424)
	at ptolemy.actor.gui.EffigyFactory.createEffigy(EffigyFactory.java:234)
	at ptolemy.actor.gui.Configuration.openModel(Configuration.java:1125)
	at ptolemy.actor.gui.Configuration.openModel(Configuration.java:1051)
	at ptolemy.actor.gui.ConfigurationApplication._openModel(ConfigurationApplication.java:1252)
	at ptolemy.actor.gui.ConfigurationApplication._parseArg(ConfigurationApplication.java:1399)
	at ptolemy.actor.gui.ConfigurationApplication._parseArgs(ConfigurationApplication.java:1478)
	at ptolemy.actor.gui.ConfigurationApplication.<init>(ConfigurationApplication.java:277)
	at ptolemy.actor.gui.ConfigurationApplication.<init>(ConfigurationApplication.java:214)
	at ptolemy.actor.gui.ConfigurationApplication.<init>(ConfigurationApplication.java:201)
	at ptolemy.actor.gui.ConfigurationApplication.openModelOrEntity(ConfigurationApplication.java:680)
	at ptolemy.vergil.basic.export.ExportModel$1.run(ExportModel.java:220)
	at java.awt.event.InvocationEvent.dispatch(InvocationEvent.java:301)
	at java.awt.EventQueue.dispatchEventImpl(EventQueue.java:756)
	at java.awt.EventQueue.access$500(EventQueue.java:97)
	at java.awt.EventQueue$3.run(EventQueue.java:709)
	at java.awt.EventQueue$3.run(EventQueue.java:703)
	at java.security.AccessController.doPrivileged(Native Method)
	at java.security.ProtectionDomain$JavaSecurityAccessImpl.doIntersectionPrivilege(ProtectionDomain.java:80)
	at java.awt.EventQueue.dispatchEvent(EventQueue.java:726)
	at java.awt.EventDispatchThread.pumpOneEventForFilters(EventDispatchThread.java:201)
	at java.awt.EventDispatchThread.pumpEventsForFilter(EventDispatchThread.java:116)
	at java.awt.EventDispatchThread.pumpEventsForHierarchy(EventDispatchThread.java:105)
	at java.awt.EventDispatchThread.pumpEvents(EventDispatchThread.java:101)
	at java.awt.EventDispatchThread.pumpEvents(EventDispatchThread.java:93)
	at java.awt.EventDispatchThread.run(EventDispatchThread.java:82)
Caused by: ptolemy.kernel.util.InternalErrorException: Element <entity name="sender1" class="ptolemy.actor.ptalon.demo.ptinyos.SendAndReceiveCnt.CntToLedsAndRfm"> caused an exception to be thrown.
  in .SendAndReceiveCnt.SendAndReceiveCnt
Because:
Cannot find class: ptolemy.actor.ptalon.demo.ptinyos.SendAndReceiveCnt.CntToLedsAndRfm. In Ptolemy, classes are typically Java .class files. Entities like actors may instead be defined within a .xml file.  In any case, the class was not found. If the class uses a third party package, then the class would be present only if the third party package was found at compile time.  It may be necessary to upgrade Java or install the third party package, reconfigure and recompile.
Because:
Element <entity name="MicaLeds" class="ptolemy.domains.ptinyos.lib.MicaLeds"> caused an exception to be thrown.
  in .CntToLedsAndRfm
Because:
Cannot find class: ptolemy.domains.ptinyos.lib.MicaLeds. In Ptolemy, classes are typically Java .class files. Entities like actors may instead be defined within a .xml file.  In any case, the class was not found. If the class uses a third party package, then the class would be present only if the third party package was found at compile time.  It may be necessary to upgrade Java or install the third party package, reconfigure and recompile.
Because:
-- /home/travis/build/icyphy/ptII/ptolemy/actor/ptalon/demo/ptinyos/SendAndReceiveCnt/ptolemy/domains/ptinyos/lib/MicaLeds.xml (No such file or directory)
-- XML file not found relative to classpath.
-- /home/travis/build/icyphy/ptII/ptolemy/vergil/basic/export/test/ptolemy/domains/ptinyos/lib/MicaLeds.xml
/home/travis/build/icyphy/ptII/ptolemy/vergil/basic/export/test/ptolemy/domains/ptinyos/lib/MicaLeds.xml (No such file or directory)
 in file:/home/travis/build/icyphy/ptII/ptolemy/actor/ptalon/demo/ptinyos/SendAndReceiveCnt/CntToLedsAndRfm.xml at line 132 and column 63
	at ptolemy.moml.SimpleErrorHandler.handleError(SimpleErrorHandler.java:75)
	at ptolemy.moml.MoMLParser.startElement(MoMLParser.java:3805)
	at com.microstar.xml.XmlParser.parseElement(XmlParser.java:931)
	at com.microstar.xml.XmlParser.parseDocument(XmlParser.java:481)
	at com.microstar.xml.XmlParser.doParse(XmlParser.java:159)
	at com.microstar.xml.XmlParser.parse(XmlParser.java:132)
	at ptolemy.moml.MoMLParser.parse(MoMLParser.java:1660)
	at ptolemy.moml.MoMLParser.parse(MoMLParser.java:1617)
	at ptolemy.moml.MoMLParser.parse(MoMLParser.java:1792)
	at ptolemy.actor.ptalon.PtalonEvaluator.addActor(PtalonEvaluator.java:241)
	... 56 more
Caused by: ptolemy.kernel.util.IllegalActionException: Cannot find class: ptolemy.actor.ptalon.demo.ptinyos.SendAndReceiveCnt.CntToLedsAndRfm. In Ptolemy, classes are typically Java .class files. Entities like actors may instead be defined within a .xml file.  In any case, the class was not found. If the class uses a third party package, then the class would be present only if the third party package was found at compile time.  It may be necessary to upgrade Java or install the third party package, reconfigure and recompile.
Because:
Element <entity name="MicaLeds" class="ptolemy.domains.ptinyos.lib.MicaLeds"> caused an exception to be thrown.
  in .CntToLedsAndRfm
Because:
Cannot find class: ptolemy.domains.ptinyos.lib.MicaLeds. In Ptolemy, classes are typically Java .class files. Entities like actors may instead be defined within a .xml file.  In any case, the class was not found. If the class uses a third party package, then the class would be present only if the third party package was found at compile time.  It may be necessary to upgrade Java or install the third party package, reconfigure and recompile.
Because:
-- /home/travis/build/icyphy/ptII/ptolemy/actor/ptalon/demo/ptinyos/SendAndReceiveCnt/ptolemy/domains/ptinyos/lib/MicaLeds.xml (No such file or directory)
-- XML file not found relative to classpath.
-- /home/travis/build/icyphy/ptII/ptolemy/vergil/basic/export/test/ptolemy/domains/ptinyos/lib/MicaLeds.xml
/home/travis/build/icyphy/ptII/ptolemy/vergil/basic/export/test/ptolemy/domains/ptinyos/lib/MicaLeds.xml (No such file or directory)
 in file:/home/travis/build/icyphy/ptII/ptolemy/actor/ptalon/demo/ptinyos/SendAndReceiveCnt/CntToLedsAndRfm.xml at line 132 and column 63
	at ptolemy.moml.MoMLParser._createEntity(MoMLParser.java:4330)
	at ptolemy.moml.MoMLParser.startElement(MoMLParser.java:2864)
	... 64 more
Caused by: ptolemy.kernel.util.InternalErrorException: Element <entity name="MicaLeds" class="ptolemy.domains.ptinyos.lib.MicaLeds"> caused an exception to be thrown.
  in .CntToLedsAndRfm
Because:
Cannot find class: ptolemy.domains.ptinyos.lib.MicaLeds. In Ptolemy, classes are typically Java .class files. Entities like actors may instead be defined within a .xml file.  In any case, the class was not found. If the class uses a third party package, then the class would be present only if the third party package was found at compile time.  It may be necessary to upgrade Java or install the third party package, reconfigure and recompile.
Because:
-- /home/travis/build/icyphy/ptII/ptolemy/actor/ptalon/demo/ptinyos/SendAndReceiveCnt/ptolemy/domains/ptinyos/lib/MicaLeds.xml (No such file or directory)
-- XML file not found relative to classpath.
-- /home/travis/build/icyphy/ptII/ptolemy/vergil/basic/export/test/ptolemy/domains/ptinyos/lib/MicaLeds.xml
/home/travis/build/icyphy/ptII/ptolemy/vergil/basic/export/test/ptolemy/domains/ptinyos/lib/MicaLeds.xml (No such file or directory)
 in file:/home/travis/build/icyphy/ptII/ptolemy/actor/ptalon/demo/ptinyos/SendAndReceiveCnt/CntToLedsAndRfm.xml at line 132 and column 63
	at ptolemy.moml.SimpleErrorHandler.handleError(SimpleErrorHandler.java:75)
	at ptolemy.moml.MoMLParser.startElement(MoMLParser.java:3805)
	at com.microstar.xml.XmlParser.parseElement(XmlParser.java:921)
	at com.microstar.xml.XmlParser.parseContent(XmlParser.java:1104)
	at com.microstar.xml.XmlParser.parseElement(XmlParser.java:924)
	at com.microstar.xml.XmlParser.parseDocument(XmlParser.java:481)
	at com.microstar.xml.XmlParser.doParse(XmlParser.java:159)
	at com.microstar.xml.XmlParser.parse(XmlParser.java:132)
	at ptolemy.moml.MoMLParser.parse(MoMLParser.java:1676)
	at ptolemy.moml.MoMLParser.parse(MoMLParser.java:1595)
	at ptolemy.moml.MoMLParser.parse(MoMLParser.java:1537)
	at ptolemy.moml.MoMLParser._findOrParse(MoMLParser.java:5286)
	at ptolemy.moml.MoMLParser._attemptToFindMoMLClass(MoMLParser.java:4075)
	at ptolemy.moml.MoMLParser._createEntity(MoMLParser.java:4323)
	... 65 more
Caused by: ptolemy.kernel.util.IllegalActionException: Cannot find class: ptolemy.domains.ptinyos.lib.MicaLeds. In Ptolemy, classes are typically Java .class files. Entities like actors may instead be defined within a .xml file.  In any case, the class was not found. If the class uses a third party package, then the class would be present only if the third party package was found at compile time.  It may be necessary to upgrade Java or install the third party package, reconfigure and recompile.
Because:
-- /home/travis/build/icyphy/ptII/ptolemy/actor/ptalon/demo/ptinyos/SendAndReceiveCnt/ptolemy/domains/ptinyos/lib/MicaLeds.xml (No such file or directory)
-- XML file not found relative to classpath.
-- /home/travis/build/icyphy/ptII/ptolemy/vergil/basic/export/test/ptolemy/domains/ptinyos/lib/MicaLeds.xml
/home/travis/build/icyphy/ptII/ptolemy/vergil/basic/export/test/ptolemy/domains/ptinyos/lib/MicaLeds.xml (No such file or directory)
 in file:/home/travis/build/icyphy/ptII/ptolemy/actor/ptalon/demo/ptinyos/SendAndReceiveCnt/CntToLedsAndRfm.xml at line 132 and column 63
	at ptolemy.moml.MoMLParser._createEntity(MoMLParser.java:4330)
	at ptolemy.moml.MoMLParser.startElement(MoMLParser.java:2864)
	... 77 more
Caused by: com.microstar.xml.XmlException: -- /home/travis/build/icyphy/ptII/ptolemy/actor/ptalon/demo/ptinyos/SendAndReceiveCnt/ptolemy/domains/ptinyos/lib/MicaLeds.xml (No such file or directory)
-- XML file not found relative to classpath.
-- /home/travis/build/icyphy/ptII/ptolemy/vergil/basic/export/test/ptolemy/domains/ptinyos/lib/MicaLeds.xml
/home/travis/build/icyphy/ptII/ptolemy/vergil/basic/export/test/ptolemy/domains/ptinyos/lib/MicaLeds.xml (No such file or directory)
 in file:/home/travis/build/icyphy/ptII/ptolemy/actor/ptalon/demo/ptinyos/SendAndReceiveCnt/CntToLedsAndRfm.xml at line 132 and column 63
	at ptolemy.moml.MoMLParser.fileNameToURL(MoMLParser.java:1414)
	at ptolemy.moml.MoMLParser._findOrParse(MoMLParser.java:5283)
	at ptolemy.moml.MoMLParser._attemptToFindMoMLClass(MoMLParser.java:4075)
	at ptolemy.moml.MoMLParser._createEntity(MoMLParser.java:4323)
	... 78 more
Failed to read file:/home/travis/build/icyphy/ptII/ptolemy/actor/ptalon/demo/ptinyos/SendAndReceiveCnt/SendAndReceiveCnt.xml
ptolemy.kernel.util.IllegalActionException: Failed to process attribute change to PtalonParameter, whose value is "ptolemy.actor.ptalon.PtalonExpressionParameter {.SendAndReceiveCnt.SendAndReceiveCnt.channelName} "AtomicWirelessChannel"".
  in .SendAndReceiveCnt.SendAndReceiveCnt
Because:
Unable to add actor null
	at ptolemy.actor.ptalon.PtalonActor.attributeChanged(PtalonActor.java:211)
	at ptolemy.actor.ptalon.PtalonMLHandler.startElement(PtalonMLHandler.java:134)
	at com.microstar.xml.XmlParser.parseElement(XmlParser.java:921)
	at com.microstar.xml.XmlParser.parseContent(XmlParser.java:1104)
	at com.microstar.xml.XmlParser.parseElement(XmlParser.java:924)
	at com.microstar.xml.XmlParser.parseDocument(XmlParser.java:481)
	at com.microstar.xml.XmlParser.doParse(XmlParser.java:159)
	at com.microstar.xml.XmlParser.parse(XmlParser.java:132)
	at ptolemy.actor.ptalon.PtalonActor.configure(PtalonActor.java:240)
	at ptolemy.moml.MoMLParser.endElement(MoMLParser.java:996)
	at com.microstar.xml.XmlParser.parseETag(XmlParser.java:1026)
	at com.microstar.xml.XmlParser.parseContent(XmlParser.java:1098)
	at com.microstar.xml.XmlParser.parseElement(XmlParser.java:924)
	at com.microstar.xml.XmlParser.parseContent(XmlParser.java:1104)
	at com.microstar.xml.XmlParser.parseElement(XmlParser.java:924)
	at com.microstar.xml.XmlParser.parseContent(XmlParser.java:1104)
	at com.microstar.xml.XmlParser.parseElement(XmlParser.java:924)
	at com.microstar.xml.XmlParser.parseDocument(XmlParser.java:481)
	at com.microstar.xml.XmlParser.doParse(XmlParser.java:159)
	at com.microstar.xml.XmlParser.parse(XmlParser.java:132)
	at ptolemy.moml.MoMLParser.parse(MoMLParser.java:1676)
	at ptolemy.moml.MoMLParser.parse(MoMLParser.java:1595)
	at ptolemy.moml.MoMLParser.parse(MoMLParser.java:1537)
	at ptolemy.actor.gui.PtolemyEffigy$Factory.createEffigy(PtolemyEffigy.java:424)
	at ptolemy.actor.gui.EffigyFactory.createEffigy(EffigyFactory.java:234)
	at ptolemy.actor.gui.Configuration.openModel(Configuration.java:1125)
	at ptolemy.actor.gui.Configuration.openModel(Configuration.java:1051)
	at ptolemy.actor.gui.ConfigurationApplication._openModel(ConfigurationApplication.java:1252)
	at ptolemy.actor.gui.ConfigurationApplication._parseArg(ConfigurationApplication.java:1399)
	at ptolemy.actor.gui.ConfigurationApplication._parseArgs(ConfigurationApplication.java:1478)
	at ptolemy.actor.gui.ConfigurationApplication.<init>(ConfigurationApplication.java:277)
	at ptolemy.actor.gui.ConfigurationApplication.<init>(ConfigurationApplication.java:214)
	at ptolemy.actor.gui.ConfigurationApplication.<init>(ConfigurationApplication.java:201)
	at ptolemy.actor.gui.ConfigurationApplication.openModelOrEntity(ConfigurationApplication.java:680)
	at ptolemy.vergil.basic.export.ExportModel$1.run(ExportModel.java:220)
	at java.awt.event.InvocationEvent.dispatch(InvocationEvent.java:301)
	at java.awt.EventQueue.dispatchEventImpl(EventQueue.java:756)
	at java.awt.EventQueue.access$500(EventQueue.java:97)
	at java.awt.EventQueue$3.run(EventQueue.java:709)
	at java.awt.EventQueue$3.run(EventQueue.java:703)
	at java.security.AccessController.doPrivileged(Native Method)
	at java.security.ProtectionDomain$JavaSecurityAccessImpl.doIntersectionPrivilege(ProtectionDomain.java:80)
	at java.awt.EventQueue.dispatchEvent(EventQueue.java:726)
	at java.awt.EventDispatchThread.pumpOneEventForFilters(EventDispatchThread.java:201)
	at java.awt.EventDispatchThread.pumpEventsForFilter(EventDispatchThread.java:116)
	at java.awt.EventDispatchThread.pumpEventsForHierarchy(EventDispatchThread.java:105)
	at java.awt.EventDispatchThread.pumpEvents(EventDispatchThread.java:101)
	at java.awt.EventDispatchThread.pumpEvents(EventDispatchThread.java:93)
	at java.awt.EventDispatchThread.run(EventDispatchThread.java:82)
Caused by: ptolemy.actor.ptalon.PtalonRuntimeException: Unable to add actor null
	at ptolemy.actor.ptalon.PtalonEvaluator.addActor(PtalonEvaluator.java:300)
	at ptolemy.actor.ptalon.PtalonPopulator.actor_declaration(PtalonPopulator.java:1574)
	at ptolemy.actor.ptalon.PtalonPopulator.atomic_statement(PtalonPopulator.java:1638)
	at ptolemy.actor.ptalon.PtalonPopulator.iterative_statement_evaluator(PtalonPopulator.java:2484)
	at ptolemy.actor.ptalon.AbstractPtalonEvaluator$IfTree.evaluateForScope(AbstractPtalonEvaluator.java:1307)
	at ptolemy.actor.ptalon.AbstractPtalonEvaluator.evaluateForScope(AbstractPtalonEvaluator.java:744)
	at ptolemy.actor.ptalon.PtalonPopulator.iterative_statement(PtalonPopulator.java:2363)
	at ptolemy.actor.ptalon.PtalonPopulator.actor_definition(PtalonPopulator.java:2809)
	at ptolemy.actor.ptalon.PtalonActor.attributeChanged(PtalonActor.java:206)
	... 48 more
Caused by: ptolemy.kernel.util.InternalErrorException: Element <entity name="sender1" class="ptolemy.actor.ptalon.demo.ptinyos.SendAndReceiveCnt.CntToLedsAndRfm"> caused an exception to be thrown.
  in .SendAndReceiveCnt.SendAndReceiveCnt
Because:
Cannot find class: ptolemy.actor.ptalon.demo.ptinyos.SendAndReceiveCnt.CntToLedsAndRfm. In Ptolemy, classes are typically Java .class files. Entities like actors may instead be defined within a .xml file.  In any case, the class was not found. If the class uses a third party package, then the class would be present only if the third party package was found at compile time.  It may be necessary to upgrade Java or install the third party package, reconfigure and recompile.
Because:
Element <entity name="MicaLeds" class="ptolemy.domains.ptinyos.lib.MicaLeds"> caused an exception to be thrown.
  in .CntToLedsAndRfm
Because:
Cannot find class: ptolemy.domains.ptinyos.lib.MicaLeds. In Ptolemy, classes are typically Java .class files. Entities like actors may instead be defined within a .xml file.  In any case, the class was not found. If the class uses a third party package, then the class would be present only if the third party package was found at compile time.  It may be necessary to upgrade Java or install the third party package, reconfigure and recompile.
Because:
-- /home/travis/build/icyphy/ptII/ptolemy/actor/ptalon/demo/ptinyos/SendAndReceiveCnt/ptolemy/domains/ptinyos/lib/MicaLeds.xml (No such file or directory)
-- XML file not found relative to classpath.
-- /home/travis/build/icyphy/ptII/ptolemy/vergil/basic/export/test/ptolemy/domains/ptinyos/lib/MicaLeds.xml
/home/travis/build/icyphy/ptII/ptolemy/vergil/basic/export/test/ptolemy/domains/ptinyos/lib/MicaLeds.xml (No such file or directory)
 in file:/home/travis/build/icyphy/ptII/ptolemy/actor/ptalon/demo/ptinyos/SendAndReceiveCnt/CntToLedsAndRfm.xml at line 132 and column 63
	at ptolemy.moml.SimpleErrorHandler.handleError(SimpleErrorHandler.java:75)
	at ptolemy.moml.MoMLParser.startElement(MoMLParser.java:3805)
	at com.microstar.xml.XmlParser.parseElement(XmlParser.java:931)
	at com.microstar.xml.XmlParser.parseDocument(XmlParser.java:481)
	at com.microstar.xml.XmlParser.doParse(XmlParser.java:159)
	at com.microstar.xml.XmlParser.parse(XmlParser.java:132)
	at ptolemy.moml.MoMLParser.parse(MoMLParser.java:1660)
	at ptolemy.moml.MoMLParser.parse(MoMLParser.java:1617)
	at ptolemy.moml.MoMLParser.parse(MoMLParser.java:1792)
	at ptolemy.actor.ptalon.PtalonEvaluator.addActor(PtalonEvaluator.java:241)
	... 56 more
Caused by: ptolemy.kernel.util.IllegalActionException: Cannot find class: ptolemy.actor.ptalon.demo.ptinyos.SendAndReceiveCnt.CntToLedsAndRfm. In Ptolemy, classes are typically Java .class files. Entities like actors may instead be defined within a .xml file.  In any case, the class was not found. If the class uses a third party package, then the class would be present only if the third party package was found at compile time.  It may be necessary to upgrade Java or install the third party package, reconfigure and recompile.
Because:
Element <entity name="MicaLeds" class="ptolemy.domains.ptinyos.lib.MicaLeds"> caused an exception to be thrown.
  in .CntToLedsAndRfm
Because:
Cannot find class: ptolemy.domains.ptinyos.lib.MicaLeds. In Ptolemy, classes are typically Java .class files. Entities like actors may instead be defined within a .xml file.  In any case, the class was not found. If the class uses a third party package, then the class would be present only if the third party package was found at compile time.  It may be necessary to upgrade Java or install the third party package, reconfigure and recompile.
Because:
-- /home/travis/build/icyphy/ptII/ptolemy/actor/ptalon/demo/ptinyos/SendAndReceiveCnt/ptolemy/domains/ptinyos/lib/MicaLeds.xml (No such file or directory)
-- XML file not found relative to classpath.
-- /home/travis/build/icyphy/ptII/ptolemy/vergil/basic/export/test/ptolemy/domains/ptinyos/lib/MicaLeds.xml
/home/travis/build/icyphy/ptII/ptolemy/vergil/basic/export/test/ptolemy/domains/ptinyos/lib/MicaLeds.xml (No such file or directory)
 in file:/home/travis/build/icyphy/ptII/ptolemy/actor/ptalon/demo/ptinyos/SendAndReceiveCnt/CntToLedsAndRfm.xml at line 132 and column 63
	at ptolemy.moml.MoMLParser._createEntity(MoMLParser.java:4330)
	at ptolemy.moml.MoMLParser.startElement(MoMLParser.java:2864)
	... 64 more
Caused by: ptolemy.kernel.util.InternalErrorException: Element <entity name="MicaLeds" class="ptolemy.domains.ptinyos.lib.MicaLeds"> caused an exception to be thrown.
  in .CntToLedsAndRfm
Because:
Cannot find class: ptolemy.domains.ptinyos.lib.MicaLeds. In Ptolemy, classes are typically Java .class files. Entities like actors may instead be defined within a .xml file.  In any case, the class was not found. If the class uses a third party package, then the class would be present only if the third party package was found at compile time.  It may be necessary to upgrade Java or install the third party package, reconfigure and recompile.
Because:
-- /home/travis/build/icyphy/ptII/ptolemy/actor/ptalon/demo/ptinyos/SendAndReceiveCnt/ptolemy/domains/ptinyos/lib/MicaLeds.xml (No such file or directory)
-- XML file not found relative to classpath.
-- /home/travis/build/icyphy/ptII/ptolemy/vergil/basic/export/test/ptolemy/domains/ptinyos/lib/MicaLeds.xml
/home/travis/build/icyphy/ptII/ptolemy/vergil/basic/export/test/ptolemy/domains/ptinyos/lib/MicaLeds.xml (No such file or directory)
 in file:/home/travis/build/icyphy/ptII/ptolemy/actor/ptalon/demo/ptinyos/SendAndReceiveCnt/CntToLedsAndRfm.xml at line 132 and column 63
	at ptolemy.moml.SimpleErrorHandler.handleError(SimpleErrorHandler.java:75)
	at ptolemy.moml.MoMLParser.startElement(MoMLParser.java:3805)
	at com.microstar.xml.XmlParser.parseElement(XmlParser.java:921)
	at com.microstar.xml.XmlParser.parseContent(XmlParser.java:1104)
	at com.microstar.xml.XmlParser.parseElement(XmlParser.java:924)
	at com.microstar.xml.XmlParser.parseDocument(XmlParser.java:481)
	at com.microstar.xml.XmlParser.doParse(XmlParser.java:159)
	at com.microstar.xml.XmlParser.parse(XmlParser.java:132)
	at ptolemy.moml.MoMLParser.parse(MoMLParser.java:1676)
	at ptolemy.moml.MoMLParser.parse(MoMLParser.java:1595)
	at ptolemy.moml.MoMLParser.parse(MoMLParser.java:1537)
	at ptolemy.moml.MoMLParser._findOrParse(MoMLParser.java:5286)
	at ptolemy.moml.MoMLParser._attemptToFindMoMLClass(MoMLParser.java:4075)
	at ptolemy.moml.MoMLParser._createEntity(MoMLParser.java:4323)
	... 65 more
Caused by: ptolemy.kernel.util.IllegalActionException: Cannot find class: ptolemy.domains.ptinyos.lib.MicaLeds. In Ptolemy, classes are typically Java .class files. Entities like actors may instead be defined within a .xml file.  In any case, the class was not found. If the class uses a third party package, then the class would be present only if the third party package was found at compile time.  It may be necessary to upgrade Java or install the third party package, reconfigure and recompile.
Because:
-- /home/travis/build/icyphy/ptII/ptolemy/actor/ptalon/demo/ptinyos/SendAndReceiveCnt/ptolemy/domains/ptinyos/lib/MicaLeds.xml (No such file or directory)
-- XML file not found relative to classpath.
-- /home/travis/build/icyphy/ptII/ptolemy/vergil/basic/export/test/ptolemy/domains/ptinyos/lib/MicaLeds.xml
/home/travis/build/icyphy/ptII/ptolemy/vergil/basic/export/test/ptolemy/domains/ptinyos/lib/MicaLeds.xml (No such file or directory)
 in file:/home/travis/build/icyphy/ptII/ptolemy/actor/ptalon/demo/ptinyos/SendAndReceiveCnt/CntToLedsAndRfm.xml at line 132 and column 63
	at ptolemy.moml.MoMLParser._createEntity(MoMLParser.java:4330)
	at ptolemy.moml.MoMLParser.startElement(MoMLParser.java:2864)
	... 77 more
Caused by: com.microstar.xml.XmlException: -- /home/travis/build/icyphy/ptII/ptolemy/actor/ptalon/demo/ptinyos/SendAndReceiveCnt/ptolemy/domains/ptinyos/lib/MicaLeds.xml (No such file or directory)
-- XML file not found relative to classpath.
-- /home/travis/build/icyphy/ptII/ptolemy/vergil/basic/export/test/ptolemy/domains/ptinyos/lib/MicaLeds.xml
/home/travis/build/icyphy/ptII/ptolemy/vergil/basic/export/test/ptolemy/domains/ptinyos/lib/MicaLeds.xml (No such file or directory)
 in file:/home/travis/build/icyphy/ptII/ptolemy/actor/ptalon/demo/ptinyos/SendAndReceiveCnt/CntToLedsAndRfm.xml at line 132 and column 63
	at ptolemy.moml.MoMLParser.fileNameToURL(MoMLParser.java:1414)
	at ptolemy.moml.MoMLParser._findOrParse(MoMLParser.java:5283)
	at ptolemy.moml.MoMLParser._attemptToFindMoMLClass(MoMLParser.java:4075)
	at ptolemy.moml.MoMLParser._createEntity(MoMLParser.java:4323)
	... 78 more
Caused by: ptolemy.actor.ptalon.PtalonRuntimeException: Unable to add actor null
	at ptolemy.actor.ptalon.PtalonEvaluator.addActor(PtalonEvaluator.java:300)
	at ptolemy.actor.ptalon.PtalonPopulator.actor_declaration(PtalonPopulator.java:1574)
	at ptolemy.actor.ptalon.PtalonPopulator.atomic_statement(PtalonPopulator.java:1638)
	at ptolemy.actor.ptalon.PtalonPopulator.iterative_statement_evaluator(PtalonPopulator.java:2484)
	at ptolemy.actor.ptalon.AbstractPtalonEvaluator$IfTree.evaluateForScope(AbstractPtalonEvaluator.java:1307)
	at ptolemy.actor.ptalon.AbstractPtalonEvaluator.evaluateForScope(AbstractPtalonEvaluator.java:744)
	at ptolemy.actor.ptalon.PtalonPopulator.iterative_statement(PtalonPopulator.java:2363)
	at ptolemy.actor.ptalon.PtalonPopulator.actor_definition(PtalonPopulator.java:2809)
	at ptolemy.actor.ptalon.PtalonActor.attributeChanged(PtalonActor.java:206)
	at ptolemy.actor.ptalon.PtalonMLHandler.startElement(PtalonMLHandler.java:134)
	at com.microstar.xml.XmlParser.parseElement(XmlParser.java:921)
	at com.microstar.xml.XmlParser.parseContent(XmlParser.java:1104)
	at com.microstar.xml.XmlParser.parseElement(XmlParser.java:924)
	at com.microstar.xml.XmlParser.parseDocument(XmlParser.java:481)
	at com.microstar.xml.XmlParser.doParse(XmlParser.java:159)
	at com.microstar.xml.XmlParser.parse(XmlParser.java:132)
	at ptolemy.actor.ptalon.PtalonActor.configure(PtalonActor.java:240)
	at ptolemy.moml.MoMLParser.endElement(MoMLParser.java:996)
	at com.microstar.xml.XmlParser.parseETag(XmlParser.java:1026)
	at com.microstar.xml.XmlParser.parseContent(XmlParser.java:1098)
	at com.microstar.xml.XmlParser.parseElement(XmlParser.java:924)
	at com.microstar.xml.XmlParser.parseContent(XmlParser.java:1104)
	at com.microstar.xml.XmlParser.parseElement(XmlParser.java:924)
	at com.microstar.xml.XmlParser.parseContent(XmlParser.java:1104)
	at com.microstar.xml.XmlParser.parseElement(XmlParser.java:924)
	at com.microstar.xml.XmlParser.parseDocument(XmlParser.java:481)
	at com.microstar.xml.XmlParser.doParse(XmlParser.java:159)
	at com.microstar.xml.XmlParser.parse(XmlParser.java:132)
	at ptolemy.moml.MoMLParser.parse(MoMLParser.java:1676)
	at ptolemy.moml.MoMLParser.parse(MoMLParser.java:1595)
	at ptolemy.moml.MoMLParser.parse(MoMLParser.java:1537)
	at ptolemy.actor.gui.PtolemyEffigy$Factory.createEffigy(PtolemyEffigy.java:424)
	at ptolemy.actor.gui.EffigyFactory.createEffigy(EffigyFactory.java:234)
	at ptolemy.actor.gui.Configuration.openModel(Configuration.java:1125)
	at ptolemy.actor.gui.Configuration.openModel(Configuration.java:1051)
	at ptolemy.actor.gui.ConfigurationApplication._openModel(ConfigurationApplication.java:1252)
	at ptolemy.actor.gui.ConfigurationApplication._parseArg(ConfigurationApplication.java:1399)
	at ptolemy.actor.gui.ConfigurationApplication._parseArgs(ConfigurationApplication.java:1478)
	at ptolemy.actor.gui.ConfigurationApplication.<init>(ConfigurationApplication.java:277)
	at ptolemy.actor.gui.ConfigurationApplication.<init>(ConfigurationApplication.java:214)
	at ptolemy.actor.gui.ConfigurationApplication.<init>(ConfigurationApplication.java:201)
	at ptolemy.actor.gui.ConfigurationApplication.openModelOrEntity(ConfigurationApplication.java:680)
	at ptolemy.vergil.basic.export.ExportModel$1.run(ExportModel.java:220)
	at java.awt.event.InvocationEvent.dispatch(InvocationEvent.java:301)
	at java.awt.EventQueue.dispatchEventImpl(EventQueue.java:756)
	at java.awt.EventQueue.access$500(EventQueue.java:97)
	at java.awt.EventQueue$3.run(EventQueue.java:709)
	at java.awt.EventQueue$3.run(EventQueue.java:703)
	at java.security.AccessController.doPrivileged(Native Method)
	at java.security.ProtectionDomain$JavaSecurityAccessImpl.doIntersectionPrivilege(ProtectionDomain.java:80)
	at java.awt.EventQueue.dispatchEvent(EventQueue.java:726)
	at java.awt.EventDispatchThread.pumpOneEventForFilters(EventDispatchThread.java:201)
	at java.awt.EventDispatchThread.pumpEventsForFilter(EventDispatchThread.java:116)
	at java.awt.EventDispatchThread.pumpEventsForHierarchy(EventDispatchThread.java:105)
	at java.awt.EventDispatchThread.pumpEvents(EventDispatchThread.java:101)
	at java.awt.EventDispatchThread.pumpEvents(EventDispatchThread.java:93)
	at java.awt.EventDispatchThread.run(EventDispatchThread.java:82)
Caused by: ptolemy.kernel.util.InternalErrorException: Element <entity name="sender1" class="ptolemy.actor.ptalon.demo.ptinyos.SendAndReceiveCnt.CntToLedsAndRfm"> caused an exception to be thrown.
  in .SendAndReceiveCnt.SendAndReceiveCnt
Because:
Cannot find class: ptolemy.actor.ptalon.demo.ptinyos.SendAndReceiveCnt.CntToLedsAndRfm. In Ptolemy, classes are typically Java .class files. Entities like actors may instead be defined within a .xml file.  In any case, the class was not found. If the class uses a third party package, then the class would be present only if the third party package was found at compile time.  It may be necessary to upgrade Java or install the third party package, reconfigure and recompile.
Because:
Element <entity name="MicaLeds" class="ptolemy.domains.ptinyos.lib.MicaLeds"> caused an exception to be thrown.
  in .CntToLedsAndRfm
Because:
Cannot find class: ptolemy.domains.ptinyos.lib.MicaLeds. In Ptolemy, classes are typically Java .class files. Entities like actors may instead be defined within a .xml file.  In any case, the class was not found. If the class uses a third party package, then the class would be present only if the third party package was found at compile time.  It may be necessary to upgrade Java or install the third party package, reconfigure and recompile.
Because:
-- /home/travis/build/icyphy/ptII/ptolemy/actor/ptalon/demo/ptinyos/SendAndReceiveCnt/ptolemy/domains/ptinyos/lib/MicaLeds.xml (No such file or directory)
-- XML file not found relative to classpath.
-- /home/travis/build/icyphy/ptII/ptolemy/vergil/basic/export/test/ptolemy/domains/ptinyos/lib/MicaLeds.xml
/home/travis/build/icyphy/ptII/ptolemy/vergil/basic/export/test/ptolemy/domains/ptinyos/lib/MicaLeds.xml (No such file or directory)
 in file:/home/travis/build/icyphy/ptII/ptolemy/actor/ptalon/demo/ptinyos/SendAndReceiveCnt/CntToLedsAndRfm.xml at line 132 and column 63
	at ptolemy.moml.SimpleErrorHandler.handleError(SimpleErrorHandler.java:75)
	at ptolemy.moml.MoMLParser.startElement(MoMLParser.java:3805)
	at com.microstar.xml.XmlParser.parseElement(XmlParser.java:931)
	at com.microstar.xml.XmlParser.parseDocument(XmlParser.java:481)
	at com.microstar.xml.XmlParser.doParse(XmlParser.java:159)
	at com.microstar.xml.XmlParser.parse(XmlParser.java:132)
	at ptolemy.moml.MoMLParser.parse(MoMLParser.java:1660)
	at ptolemy.moml.MoMLParser.parse(MoMLParser.java:1617)
	at ptolemy.moml.MoMLParser.parse(MoMLParser.java:1792)
	at ptolemy.actor.ptalon.PtalonEvaluator.addActor(PtalonEvaluator.java:241)
	... 56 more
Caused by: ptolemy.kernel.util.IllegalActionException: Cannot find class: ptolemy.actor.ptalon.demo.ptinyos.SendAndReceiveCnt.CntToLedsAndRfm. In Ptolemy, classes are typically Java .class files. Entities like actors may instead be defined within a .xml file.  In any case, the class was not found. If the class uses a third party package, then the class would be present only if the third party package was found at compile time.  It may be necessary to upgrade Java or install the third party package, reconfigure and recompile.
Because:
Element <entity name="MicaLeds" class="ptolemy.domains.ptinyos.lib.MicaLeds"> caused an exception to be thrown.
  in .CntToLedsAndRfm
Because:
Cannot find class: ptolemy.domains.ptinyos.lib.MicaLeds. In Ptolemy, classes are typically Java .class files. Entities like actors may instead be defined within a .xml file.  In any case, the class was not found. If the class uses a third party package, then the class would be present only if the third party package was found at compile time.  It may be necessary to upgrade Java or install the third party package, reconfigure and recompile.
Because:
-- /home/travis/build/icyphy/ptII/ptolemy/actor/ptalon/demo/ptinyos/SendAndReceiveCnt/ptolemy/domains/ptinyos/lib/MicaLeds.xml (No such file or directory)
-- XML file not found relative to classpath.
-- /home/travis/build/icyphy/ptII/ptolemy/vergil/basic/export/test/ptolemy/domains/ptinyos/lib/MicaLeds.xml
/home/travis/build/icyphy/ptII/ptolemy/vergil/basic/export/test/ptolemy/domains/ptinyos/lib/MicaLeds.xml (No such file or directory)
 in file:/home/travis/build/icyphy/ptII/ptolemy/actor/ptalon/demo/ptinyos/SendAndReceiveCnt/CntToLedsAndRfm.xml at line 132 and column 63
	at ptolemy.moml.MoMLParser._createEntity(MoMLParser.java:4330)
	at ptolemy.moml.MoMLParser.startElement(MoMLParser.java:2864)
	... 64 more
Caused by: ptolemy.kernel.util.InternalErrorException: Element <entity name="MicaLeds" class="ptolemy.domains.ptinyos.lib.MicaLeds"> caused an exception to be thrown.
  in .CntToLedsAndRfm
Because:
Cannot find class: ptolemy.domains.ptinyos.lib.MicaLeds. In Ptolemy, classes are typically Java .class files. Entities like actors may instead be defined within a .xml file.  In any case, the class was not found. If the class uses a third party package, then the class would be present only if the third party package was found at compile time.  It may be necessary to upgrade Java or install the third party package, reconfigure and recompile.
Because:
-- /home/travis/build/icyphy/ptII/ptolemy/actor/ptalon/demo/ptinyos/SendAndReceiveCnt/ptolemy/domains/ptinyos/lib/MicaLeds.xml (No such file or directory)
-- XML file not found relative to classpath.
-- /home/travis/build/icyphy/ptII/ptolemy/vergil/basic/export/test/ptolemy/domains/ptinyos/lib/MicaLeds.xml
/home/travis/build/icyphy/ptII/ptolemy/vergil/basic/export/test/ptolemy/domains/ptinyos/lib/MicaLeds.xml (No such file or directory)
 in file:/home/travis/build/icyphy/ptII/ptolemy/actor/ptalon/demo/ptinyos/SendAndReceiveCnt/CntToLedsAndRfm.xml at line 132 and column 63
	at ptolemy.moml.SimpleErrorHandler.handleError(SimpleErrorHandler.java:75)
	at ptolemy.moml.MoMLParser.startElement(MoMLParser.java:3805)
	at com.microstar.xml.XmlParser.parseElement(XmlParser.java:921)
	at com.microstar.xml.XmlParser.parseContent(XmlParser.java:1104)
	at com.microstar.xml.XmlParser.parseElement(XmlParser.java:924)
	at com.microstar.xml.XmlParser.parseDocument(XmlParser.java:481)
	at com.microstar.xml.XmlParser.doParse(XmlParser.java:159)
	at com.microstar.xml.XmlParser.parse(XmlParser.java:132)
	at ptolemy.moml.MoMLParser.parse(MoMLParser.java:1676)
	at ptolemy.moml.MoMLParser.parse(MoMLParser.java:1595)
	at ptolemy.moml.MoMLParser.parse(MoMLParser.java:1537)
	at ptolemy.moml.MoMLParser._findOrParse(MoMLParser.java:5286)
	at ptolemy.moml.MoMLParser._attemptToFindMoMLClass(MoMLParser.java:4075)
	at ptolemy.moml.MoMLParser._createEntity(MoMLParser.java:4323)
	... 65 more
Caused by: ptolemy.kernel.util.IllegalActionException: Cannot find class: ptolemy.domains.ptinyos.lib.MicaLeds. In Ptolemy, classes are typically Java .class files. Entities like actors may instead be defined within a .xml file.  In any case, the class was not found. If the class uses a third party package, then the class would be present only if the third party package was found at compile time.  It may be necessary to upgrade Java or install the third party package, reconfigure and recompile.
Because:
-- /home/travis/build/icyphy/ptII/ptolemy/actor/ptalon/demo/ptinyos/SendAndReceiveCnt/ptolemy/domains/ptinyos/lib/MicaLeds.xml (No such file or directory)
-- XML file not found relative to classpath.
-- /home/travis/build/icyphy/ptII/ptolemy/vergil/basic/export/test/ptolemy/domains/ptinyos/lib/MicaLeds.xml
/home/travis/build/icyphy/ptII/ptolemy/vergil/basic/export/test/ptolemy/domains/ptinyos/lib/MicaLeds.xml (No such file or directory)
 in file:/home/travis/build/icyphy/ptII/ptolemy/actor/ptalon/demo/ptinyos/SendAndReceiveCnt/CntToLedsAndRfm.xml at line 132 and column 63
	at ptolemy.moml.MoMLParser._createEntity(MoMLParser.java:4330)
	at ptolemy.moml.MoMLParser.startElement(MoMLParser.java:2864)
	... 77 more
Caused by: com.microstar.xml.XmlException: -- /home/travis/build/icyphy/ptII/ptolemy/actor/ptalon/demo/ptinyos/SendAndReceiveCnt/ptolemy/domains/ptinyos/lib/MicaLeds.xml (No such file or directory)
-- XML file not found relative to classpath.
-- /home/travis/build/icyphy/ptII/ptolemy/vergil/basic/export/test/ptolemy/domains/ptinyos/lib/MicaLeds.xml
/home/travis/build/icyphy/ptII/ptolemy/vergil/basic/export/test/ptolemy/domains/ptinyos/lib/MicaLeds.xml (No such file or directory)
 in file:/home/travis/build/icyphy/ptII/ptolemy/actor/ptalon/demo/ptinyos/SendAndReceiveCnt/CntToLedsAndRfm.xml at line 132 and column 63
	at ptolemy.moml.MoMLParser.fileNameToURL(MoMLParser.java:1414)
	at ptolemy.moml.MoMLParser._findOrParse(MoMLParser.java:5283)
	at ptolemy.moml.MoMLParser._attemptToFindMoMLClass(MoMLParser.java:4075)
	at ptolemy.moml.MoMLParser._createEntity(MoMLParser.java:4323)
	... 78 more
Failed to read file:/home/travis/build/icyphy/ptII/ptolemy/actor/ptalon/demo/ptinyos/SendAndReceiveCnt/SendAndReceiveCnt.xml
ptolemy.kernel.util.IllegalActionException: Failed to process attribute change to PtalonParameter, whose value is "ptolemy.actor.ptalon.PtalonExpressionParameter {.SendAndReceiveCnt.SendAndReceiveCnt.channelName} "AtomicWirelessChannel"".
  in .SendAndReceiveCnt.SendAndReceiveCnt
Because:
Unable to add actor null
	at ptolemy.actor.ptalon.PtalonActor.attributeChanged(PtalonActor.java:211)
	at ptolemy.actor.ptalon.PtalonMLHandler.startElement(PtalonMLHandler.java:134)
	at com.microstar.xml.XmlParser.parseElement(XmlParser.java:921)
	at com.microstar.xml.XmlParser.parseContent(XmlParser.java:1104)
	at com.microstar.xml.XmlParser.parseElement(XmlParser.java:924)
	at com.microstar.xml.XmlParser.parseDocument(XmlParser.java:481)
	at com.microstar.xml.XmlParser.doParse(XmlParser.java:159)
	at com.microstar.xml.XmlParser.parse(XmlParser.java:132)
	at ptolemy.actor.ptalon.PtalonActor.configure(PtalonActor.java:240)
	at ptolemy.moml.MoMLParser.endElement(MoMLParser.java:996)
	at com.microstar.xml.XmlParser.parseETag(XmlParser.java:1026)
	at com.microstar.xml.XmlParser.parseContent(XmlParser.java:1098)
	at com.microstar.xml.XmlParser.parseElement(XmlParser.java:924)
	at com.microstar.xml.XmlParser.parseContent(XmlParser.java:1104)
	at com.microstar.xml.XmlParser.parseElement(XmlParser.java:924)
	at com.microstar.xml.XmlParser.parseContent(XmlParser.java:1104)
	at com.microstar.xml.XmlParser.parseElement(XmlParser.java:924)
	at com.microstar.xml.XmlParser.parseDocument(XmlParser.java:481)
	at com.microstar.xml.XmlParser.doParse(XmlParser.java:159)
	at com.microstar.xml.XmlParser.parse(XmlParser.java:132)
	at ptolemy.moml.MoMLParser.parse(MoMLParser.java:1676)
	at ptolemy.moml.MoMLParser.parse(MoMLParser.java:1595)
	at ptolemy.moml.MoMLParser.parse(MoMLParser.java:1537)
	at ptolemy.actor.gui.PtolemyEffigy$Factory.createEffigy(PtolemyEffigy.java:424)
	at ptolemy.actor.gui.EffigyFactory.createEffigy(EffigyFactory.java:234)
	at ptolemy.actor.gui.Configuration.openModel(Configuration.java:1125)
	at ptolemy.actor.gui.Configuration.openModel(Configuration.java:1051)
	at ptolemy.actor.gui.ConfigurationApplication._openModel(ConfigurationApplication.java:1252)
	at ptolemy.actor.gui.ConfigurationApplication._parseArg(ConfigurationApplication.java:1399)
	at ptolemy.actor.gui.ConfigurationApplication._parseArgs(ConfigurationApplication.java:1478)
	at ptolemy.actor.gui.ConfigurationApplication.<init>(ConfigurationApplication.java:277)
	at ptolemy.actor.gui.ConfigurationApplication.<init>(ConfigurationApplication.java:214)
	at ptolemy.actor.gui.ConfigurationApplication.<init>(ConfigurationApplication.java:201)
	at ptolemy.actor.gui.ConfigurationApplication.openModelOrEntity(ConfigurationApplication.java:680)
	at ptolemy.vergil.basic.export.ExportModel$1.run(ExportModel.java:220)
	at java.awt.event.InvocationEvent.dispatch(InvocationEvent.java:301)
	at java.awt.EventQueue.dispatchEventImpl(EventQueue.java:756)
	at java.awt.EventQueue.access$500(EventQueue.java:97)
	at java.awt.EventQueue$3.run(EventQueue.java:709)
	at java.awt.EventQueue$3.run(EventQueue.java:703)
	at java.security.AccessController.doPrivileged(Native Method)
	at java.security.ProtectionDomain$JavaSecurityAccessImpl.doIntersectionPrivilege(ProtectionDomain.java:80)
	at java.awt.EventQueue.dispatchEvent(EventQueue.java:726)
	at java.awt.EventDispatchThread.pumpOneEventForFilters(EventDispatchThread.java:201)
	at java.awt.EventDispatchThread.pumpEventsForFilter(EventDispatchThread.java:116)
	at java.awt.EventDispatchThread.pumpEventsForHierarchy(EventDispatchThread.java:105)
	at java.awt.EventDispatchThread.pumpEvents(EventDispatchThread.java:101)
	at java.awt.EventDispatchThread.pumpEvents(EventDispatchThread.java:93)
	at java.awt.EventDispatchThread.run(EventDispatchThread.java:82)
Caused by: ptolemy.actor.ptalon.PtalonRuntimeException: Unable to add actor null
	at ptolemy.actor.ptalon.PtalonEvaluator.addActor(PtalonEvaluator.java:300)
	at ptolemy.actor.ptalon.PtalonPopulator.actor_declaration(PtalonPopulator.java:1574)
	at ptolemy.actor.ptalon.PtalonPopulator.atomic_statement(PtalonPopulator.java:1638)
	at ptolemy.actor.ptalon.PtalonPopulator.iterative_statement_evaluator(PtalonPopulator.java:2484)
	at ptolemy.actor.ptalon.AbstractPtalonEvaluator$IfTree.evaluateForScope(AbstractPtalonEvaluator.java:1307)
	at ptolemy.actor.ptalon.AbstractPtalonEvaluator.evaluateForScope(AbstractPtalonEvaluator.java:744)
	at ptolemy.actor.ptalon.PtalonPopulator.iterative_statement(PtalonPopulator.java:2363)
	at ptolemy.actor.ptalon.PtalonPopulator.actor_definition(PtalonPopulator.java:2809)
	at ptolemy.actor.ptalon.PtalonActor.attributeChanged(PtalonActor.java:206)
	... 48 more
Caused by: ptolemy.kernel.util.InternalErrorException: Element <entity name="sender1" class="ptolemy.actor.ptalon.demo.ptinyos.SendAndReceiveCnt.CntToLedsAndRfm"> caused an exception to be thrown.
  in .SendAndReceiveCnt.SendAndReceiveCnt
Because:
Cannot find class: ptolemy.actor.ptalon.demo.ptinyos.SendAndReceiveCnt.CntToLedsAndRfm. In Ptolemy, classes are typically Java .class files. Entities like actors may instead be defined within a .xml file.  In any case, the class was not found. If the class uses a third party package, then the class would be present only if the third party package was found at compile time.  It may be necessary to upgrade Java or install the third party package, reconfigure and recompile.
Because:
Element <entity name="MicaLeds" class="ptolemy.domains.ptinyos.lib.MicaLeds"> caused an exception to be thrown.
  in .CntToLedsAndRfm
Because:
Cannot find class: ptolemy.domains.ptinyos.lib.MicaLeds. In Ptolemy, classes are typically Java .class files. Entities like actors may instead be defined within a .xml file.  In any case, the class was not found. If the class uses a third party package, then the class would be present only if the third party package was found at compile time.  It may be necessary to upgrade Java or install the third party package, reconfigure and recompile.
Because:
-- /home/travis/build/icyphy/ptII/ptolemy/actor/ptalon/demo/ptinyos/SendAndReceiveCnt/ptolemy/domains/ptinyos/lib/MicaLeds.xml (No such file or directory)
-- XML file not found relative to classpath.
-- /home/travis/build/icyphy/ptII/ptolemy/vergil/basic/export/test/ptolemy/domains/ptinyos/lib/MicaLeds.xml
/home/travis/build/icyphy/ptII/ptolemy/vergil/basic/export/test/ptolemy/domains/ptinyos/lib/MicaLeds.xml (No such file or directory)
 in file:/home/travis/build/icyphy/ptII/ptolemy/actor/ptalon/demo/ptinyos/SendAndReceiveCnt/CntToLedsAndRfm.xml at line 132 and column 63
	at ptolemy.moml.SimpleErrorHandler.handleError(SimpleErrorHandler.java:75)
	at ptolemy.moml.MoMLParser.startElement(MoMLParser.java:3805)
	at com.microstar.xml.XmlParser.parseElement(XmlParser.java:931)
	at com.microstar.xml.XmlParser.parseDocument(XmlParser.java:481)
	at com.microstar.xml.XmlParser.doParse(XmlParser.java:159)
	at com.microstar.xml.XmlParser.parse(XmlParser.java:132)
	at ptolemy.moml.MoMLParser.parse(MoMLParser.java:1660)
	at ptolemy.moml.MoMLParser.parse(MoMLParser.java:1617)
	at ptolemy.moml.MoMLParser.parse(MoMLParser.java:1792)
	at ptolemy.actor.ptalon.PtalonEvaluator.addActor(PtalonEvaluator.java:241)
	... 56 more
Caused by: ptolemy.kernel.util.IllegalActionException: Cannot find class: ptolemy.actor.ptalon.demo.ptinyos.SendAndReceiveCnt.CntToLedsAndRfm. In Ptolemy, classes are typically Java .class files. Entities like actors may instead be defined within a .xml file.  In any case, the class was not found. If the class uses a third party package, then the class would be present only if the third party package was found at compile time.  It may be necessary to upgrade Java or install the third party package, reconfigure and recompile.
Because:
Element <entity name="MicaLeds" class="ptolemy.domains.ptinyos.lib.MicaLeds"> caused an exception to be thrown.
  in .CntToLedsAndRfm
Because:
Cannot find class: ptolemy.domains.ptinyos.lib.MicaLeds. In Ptolemy, classes are typically Java .class files. Entities like actors may instead be defined within a .xml file.  In any case, the class was not found. If the class uses a third party package, then the class would be present only if the third party package was found at compile time.  It may be necessary to upgrade Java or install the third party package, reconfigure and recompile.
Because:
-- /home/travis/build/icyphy/ptII/ptolemy/actor/ptalon/demo/ptinyos/SendAndReceiveCnt/ptolemy/domains/ptinyos/lib/MicaLeds.xml (No such file or directory)
-- XML file not found relative to classpath.
-- /home/travis/build/icyphy/ptII/ptolemy/vergil/basic/export/test/ptolemy/domains/ptinyos/lib/MicaLeds.xml
/home/travis/build/icyphy/ptII/ptolemy/vergil/basic/export/test/ptolemy/domains/ptinyos/lib/MicaLeds.xml (No such file or directory)
 in file:/home/travis/build/icyphy/ptII/ptolemy/actor/ptalon/demo/ptinyos/SendAndReceiveCnt/CntToLedsAndRfm.xml at line 132 and column 63
	at ptolemy.moml.MoMLParser._createEntity(MoMLParser.java:4330)
	at ptolemy.moml.MoMLParser.startElement(MoMLParser.java:2864)
	... 64 more
Caused by: ptolemy.kernel.util.InternalErrorException: Element <entity name="MicaLeds" class="ptolemy.domains.ptinyos.lib.MicaLeds"> caused an exception to be thrown.
  in .CntToLedsAndRfm
Because:
Cannot find class: ptolemy.domains.ptinyos.lib.MicaLeds. In Ptolemy, classes are typically Java .class files. Entities like actors may instead be defined within a .xml file.  In any case, the class was not found. If the class uses a third party package, then the class would be present only if the third party package was found at compile time.  It may be necessary to upgrade Java or install the third party package, reconfigure and recompile.
Because:
-- /home/travis/build/icyphy/ptII/ptolemy/actor/ptalon/demo/ptinyos/SendAndReceiveCnt/ptolemy/domains/ptinyos/lib/MicaLeds.xml (No such file or directory)
-- XML file not found relative to classpath.
-- /home/travis/build/icyphy/ptII/ptolemy/vergil/basic/export/test/ptolemy/domains/ptinyos/lib/MicaLeds.xml
/home/travis/build/icyphy/ptII/ptolemy/vergil/basic/export/test/ptolemy/domains/ptinyos/lib/MicaLeds.xml (No such file or directory)
 in file:/home/travis/build/icyphy/ptII/ptolemy/actor/ptalon/demo/ptinyos/SendAndReceiveCnt/CntToLedsAndRfm.xml at line 132 and column 63
	at ptolemy.moml.SimpleErrorHandler.handleError(SimpleErrorHandler.java:75)
	at ptolemy.moml.MoMLParser.startElement(MoMLParser.java:3805)
	at com.microstar.xml.XmlParser.parseElement(XmlParser.java:921)
	at com.microstar.xml.XmlParser.parseContent(XmlParser.java:1104)
	at com.microstar.xml.XmlParser.parseElement(XmlParser.java:924)
	at com.microstar.xml.XmlParser.parseDocument(XmlParser.java:481)
	at com.microstar.xml.XmlParser.doParse(XmlParser.java:159)
	at com.microstar.xml.XmlParser.parse(XmlParser.java:132)
	at ptolemy.moml.MoMLParser.parse(MoMLParser.java:1676)
	at ptolemy.moml.MoMLParser.parse(MoMLParser.java:1595)
	at ptolemy.moml.MoMLParser.parse(MoMLParser.java:1537)
	at ptolemy.moml.MoMLParser._findOrParse(MoMLParser.java:5286)
	at ptolemy.moml.MoMLParser._attemptToFindMoMLClass(MoMLParser.java:4075)
	at ptolemy.moml.MoMLParser._createEntity(MoMLParser.java:4323)
	... 65 more
Caused by: ptolemy.kernel.util.IllegalActionException: Cannot find class: ptolemy.domains.ptinyos.lib.MicaLeds. In Ptolemy, classes are typically Java .class files. Entities like actors may instead be defined within a .xml file.  In any case, the class was not found. If the class uses a third party package, then the class would be present only if the third party package was found at compile time.  It may be necessary to upgrade Java or install the third party package, reconfigure and recompile.
Because:
-- /home/travis/build/icyphy/ptII/ptolemy/actor/ptalon/demo/ptinyos/SendAndReceiveCnt/ptolemy/domains/ptinyos/lib/MicaLeds.xml (No such file or directory)
-- XML file not found relative to classpath.
-- /home/travis/build/icyphy/ptII/ptolemy/vergil/basic/export/test/ptolemy/domains/ptinyos/lib/MicaLeds.xml
/home/travis/build/icyphy/ptII/ptolemy/vergil/basic/export/test/ptolemy/domains/ptinyos/lib/MicaLeds.xml (No such file or directory)
 in file:/home/travis/build/icyphy/ptII/ptolemy/actor/ptalon/demo/ptinyos/SendAndReceiveCnt/CntToLedsAndRfm.xml at line 132 and column 63
	at ptolemy.moml.MoMLParser._createEntity(MoMLParser.java:4330)
	at ptolemy.moml.MoMLParser.startElement(MoMLParser.java:2864)
	... 77 more
Caused by: com.microstar.xml.XmlException: -- /home/travis/build/icyphy/ptII/ptolemy/actor/ptalon/demo/ptinyos/SendAndReceiveCnt/ptolemy/domains/ptinyos/lib/MicaLeds.xml (No such file or directory)
-- XML file not found relative to classpath.
-- /home/travis/build/icyphy/ptII/ptolemy/vergil/basic/export/test/ptolemy/domains/ptinyos/lib/MicaLeds.xml
/home/travis/build/icyphy/ptII/ptolemy/vergil/basic/export/test/ptolemy/domains/ptinyos/lib/MicaLeds.xml (No such file or directory)
 in file:/home/travis/build/icyphy/ptII/ptolemy/actor/ptalon/demo/ptinyos/SendAndReceiveCnt/CntToLedsAndRfm.xml at line 132 and column 63
	at ptolemy.moml.MoMLParser.fileNameToURL(MoMLParser.java:1414)
	at ptolemy.moml.MoMLParser._findOrParse(MoMLParser.java:5283)
	at ptolemy.moml.MoMLParser._attemptToFindMoMLClass(MoMLParser.java:4075)
	at ptolemy.moml.MoMLParser._createEntity(MoMLParser.java:4323)
	... 78 more
Caused by: ptolemy.actor.ptalon.PtalonRuntimeException: Unable to add actor null
	at ptolemy.actor.ptalon.PtalonEvaluator.addActor(PtalonEvaluator.java:300)
	at ptolemy.actor.ptalon.PtalonPopulator.actor_declaration(PtalonPopulator.java:1574)
	at ptolemy.actor.ptalon.PtalonPopulator.atomic_statement(PtalonPopulator.java:1638)
	at ptolemy.actor.ptalon.PtalonPopulator.iterative_statement_evaluator(PtalonPopulator.java:2484)
	at ptolemy.actor.ptalon.AbstractPtalonEvaluator$IfTree.evaluateForScope(AbstractPtalonEvaluator.java:1307)
	at ptolemy.actor.ptalon.AbstractPtalonEvaluator.evaluateForScope(AbstractPtalonEvaluator.java:744)
	at ptolemy.actor.ptalon.PtalonPopulator.iterative_statement(PtalonPopulator.java:2363)
	at ptolemy.actor.ptalon.PtalonPopulator.actor_definition(PtalonPopulator.java:2809)
	at ptolemy.actor.ptalon.PtalonActor.attributeChanged(PtalonActor.java:206)
	at ptolemy.actor.ptalon.PtalonMLHandler.startElement(PtalonMLHandler.java:134)
	at com.microstar.xml.XmlParser.parseElement(XmlParser.java:921)
	at com.microstar.xml.XmlParser.parseContent(XmlParser.java:1104)
	at com.microstar.xml.XmlParser.parseElement(XmlParser.java:924)
	at com.microstar.xml.XmlParser.parseDocument(XmlParser.java:481)
	at com.microstar.xml.XmlParser.doParse(XmlParser.java:159)
	at com.microstar.xml.XmlParser.parse(XmlParser.java:132)
	at ptolemy.actor.ptalon.PtalonActor.configure(PtalonActor.java:240)
	at ptolemy.moml.MoMLParser.endElement(MoMLParser.java:996)
	at com.microstar.xml.XmlParser.parseETag(XmlParser.java:1026)
	at com.microstar.xml.XmlParser.parseContent(XmlParser.java:1098)
	at com.microstar.xml.XmlParser.parseElement(XmlParser.java:924)
	at com.microstar.xml.XmlParser.parseContent(XmlParser.java:1104)
	at com.microstar.xml.XmlParser.parseElement(XmlParser.java:924)
	at com.microstar.xml.XmlParser.parseContent(XmlParser.java:1104)
	at com.microstar.xml.XmlParser.parseElement(XmlParser.java:924)
	at com.microstar.xml.XmlParser.parseDocument(XmlParser.java:481)
	at com.microstar.xml.XmlParser.doParse(XmlParser.java:159)
	at com.microstar.xml.XmlParser.parse(XmlParser.java:132)
	at ptolemy.moml.MoMLParser.parse(MoMLParser.java:1676)
	at ptolemy.moml.MoMLParser.parse(MoMLParser.java:1595)
	at ptolemy.moml.MoMLParser.parse(MoMLParser.java:1537)
	at ptolemy.actor.gui.PtolemyEffigy$Factory.createEffigy(PtolemyEffigy.java:424)
	at ptolemy.actor.gui.EffigyFactory.createEffigy(EffigyFactory.java:234)
	at ptolemy.actor.gui.Configuration.openModel(Configuration.java:1125)
	at ptolemy.actor.gui.Configuration.openModel(Configuration.java:1051)
	at ptolemy.actor.gui.ConfigurationApplication._openModel(ConfigurationApplication.java:1252)
	at ptolemy.actor.gui.ConfigurationApplication._parseArg(ConfigurationApplication.java:1399)
	at ptolemy.actor.gui.ConfigurationApplication._parseArgs(ConfigurationApplication.java:1478)
	at ptolemy.actor.gui.ConfigurationApplication.<init>(ConfigurationApplication.java:277)
	at ptolemy.actor.gui.ConfigurationApplication.<init>(ConfigurationApplication.java:214)
	at ptolemy.actor.gui.ConfigurationApplication.<init>(ConfigurationApplication.java:201)
	at ptolemy.actor.gui.ConfigurationApplication.openModelOrEntity(ConfigurationApplication.java:680)
	at ptolemy.vergil.basic.export.ExportModel$1.run(ExportModel.java:220)
	at java.awt.event.InvocationEvent.dispatch(InvocationEvent.java:301)
	at java.awt.EventQueue.dispatchEventImpl(EventQueue.java:756)
	at java.awt.EventQueue.access$500(EventQueue.java:97)
	at java.awt.EventQueue$3.run(EventQueue.java:709)
	at java.awt.EventQueue$3.run(EventQueue.java:703)
	at java.security.AccessController.doPrivileged(Native Method)
	at java.security.ProtectionDomain$JavaSecurityAccessImpl.doIntersectionPrivilege(ProtectionDomain.java:80)
	at java.awt.EventQueue.dispatchEvent(EventQueue.java:726)
	at java.awt.EventDispatchThread.pumpOneEventForFilters(EventDispatchThread.java:201)
	at java.awt.EventDispatchThread.pumpEventsForFilter(EventDispatchThread.java:116)
	at java.awt.EventDispatchThread.pumpEventsForHierarchy(EventDispatchThread.java:105)
	at java.awt.EventDispatchThread.pumpEvents(EventDispatchThread.java:101)
	at java.awt.EventDispatchThread.pumpEvents(EventDispatchThread.java:93)
	at java.awt.EventDispatchThread.run(EventDispatchThread.java:82)
Caused by: ptolemy.kernel.util.InternalErrorException: Element <entity name="sender1" class="ptolemy.actor.ptalon.demo.ptinyos.SendAndReceiveCnt.CntToLedsAndRfm"> caused an exception to be thrown.
  in .SendAndReceiveCnt.SendAndReceiveCnt
Because:
Cannot find class: ptolemy.actor.ptalon.demo.ptinyos.SendAndReceiveCnt.CntToLedsAndRfm. In Ptolemy, classes are typically Java .class files. Entities like actors may instead be defined within a .xml file.  In any case, the class was not found. If the class uses a third party package, then the class would be present only if the third party package was found at compile time.  It may be necessary to upgrade Java or install the third party package, reconfigure and recompile.
Because:
Element <entity name="MicaLeds" class="ptolemy.domains.ptinyos.lib.MicaLeds"> caused an exception to be thrown.
  in .CntToLedsAndRfm
Because:
Cannot find class: ptolemy.domains.ptinyos.lib.MicaLeds. In Ptolemy, classes are typically Java .class files. Entities like actors may instead be defined within a .xml file.  In any case, the class was not found. If the class uses a third party package, then the class would be present only if the third party package was found at compile time.  It may be necessary to upgrade Java or install the third party package, reconfigure and recompile.
Because:
-- /home/travis/build/icyphy/ptII/ptolemy/actor/ptalon/demo/ptinyos/SendAndReceiveCnt/ptolemy/domains/ptinyos/lib/MicaLeds.xml (No such file or directory)
-- XML file not found relative to classpath.
-- /home/travis/build/icyphy/ptII/ptolemy/vergil/basic/export/test/ptolemy/domains/ptinyos/lib/MicaLeds.xml
/home/travis/build/icyphy/ptII/ptolemy/vergil/basic/export/test/ptolemy/domains/ptinyos/lib/MicaLeds.xml (No such file or directory)
 in file:/home/travis/build/icyphy/ptII/ptolemy/actor/ptalon/demo/ptinyos/SendAndReceiveCnt/CntToLedsAndRfm.xml at line 132 and column 63
	at ptolemy.moml.SimpleErrorHandler.handleError(SimpleErrorHandler.java:75)
	at ptolemy.moml.MoMLParser.startElement(MoMLParser.java:3805)
	at com.microstar.xml.XmlParser.parseElement(XmlParser.java:931)
	at com.microstar.xml.XmlParser.parseDocument(XmlParser.java:481)
	at com.microstar.xml.XmlParser.doParse(XmlParser.java:159)
	at com.microstar.xml.XmlParser.parse(XmlParser.java:132)
	at ptolemy.moml.MoMLParser.parse(MoMLParser.java:1660)
	at ptolemy.moml.MoMLParser.parse(MoMLParser.java:1617)
	at ptolemy.moml.MoMLParser.parse(MoMLParser.java:1792)
	at ptolemy.actor.ptalon.PtalonEvaluator.addActor(PtalonEvaluator.java:241)
	... 56 more
Caused by: ptolemy.kernel.util.IllegalActionException: Cannot find class: ptolemy.actor.ptalon.demo.ptinyos.SendAndReceiveCnt.CntToLedsAndRfm. In Ptolemy, classes are typically Java .class files. Entities like actors may instead be defined within a .xml file.  In any case, the class was not found. If the class uses a third party package, then the class would be present only if the third party package was found at compile time.  It may be necessary to upgrade Java or install the third party package, reconfigure and recompile.
Because:
Element <entity name="MicaLeds" class="ptolemy.domains.ptinyos.lib.MicaLeds"> caused an exception to be thrown.
  in .CntToLedsAndRfm
Because:
Cannot find class: ptolemy.domains.ptinyos.lib.MicaLeds. In Ptolemy, classes are typically Java .class files. Entities like actors may instead be defined within a .xml file.  In any case, the class was not found. If the class uses a third party package, then the class would be present only if the third party package was found at compile time.  It may be necessary to upgrade Java or install the third party package, reconfigure and recompile.
Because:
-- /home/travis/build/icyphy/ptII/ptolemy/actor/ptalon/demo/ptinyos/SendAndReceiveCnt/ptolemy/domains/ptinyos/lib/MicaLeds.xml (No such file or directory)
-- XML file not found relative to classpath.
-- /home/travis/build/icyphy/ptII/ptolemy/vergil/basic/export/test/ptolemy/domains/ptinyos/lib/MicaLeds.xml
/home/travis/build/icyphy/ptII/ptolemy/vergil/basic/export/test/ptolemy/domains/ptinyos/lib/MicaLeds.xml (No such file or directory)
 in file:/home/travis/build/icyphy/ptII/ptolemy/actor/ptalon/demo/ptinyos/SendAndReceiveCnt/CntToLedsAndRfm.xml at line 132 and column 63
	at ptolemy.moml.MoMLParser._createEntity(MoMLParser.java:4330)
	at ptolemy.moml.MoMLParser.startElement(MoMLParser.java:2864)
	... 64 more
Caused by: ptolemy.kernel.util.InternalErrorException: Element <entity name="MicaLeds" class="ptolemy.domains.ptinyos.lib.MicaLeds"> caused an exception to be thrown.
  in .CntToLedsAndRfm
Because:
Cannot find class: ptolemy.domains.ptinyos.lib.MicaLeds. In Ptolemy, classes are typically Java .class files. Entities like actors may instead be defined within a .xml file.  In any case, the class was not found. If the class uses a third party package, then the class would be present only if the third party package was found at compile time.  It may be necessary to upgrade Java or install the third party package, reconfigure and recompile.
Because:
-- /home/travis/build/icyphy/ptII/ptolemy/actor/ptalon/demo/ptinyos/SendAndReceiveCnt/ptolemy/domains/ptinyos/lib/MicaLeds.xml (No such file or directory)
-- XML file not found relative to classpath.
-- /home/travis/build/icyphy/ptII/ptolemy/vergil/basic/export/test/ptolemy/domains/ptinyos/lib/MicaLeds.xml
/home/travis/build/icyphy/ptII/ptolemy/vergil/basic/export/test/ptolemy/domains/ptinyos/lib/MicaLeds.xml (No such file or directory)
 in file:/home/travis/build/icyphy/ptII/ptolemy/actor/ptalon/demo/ptinyos/SendAndReceiveCnt/CntToLedsAndRfm.xml at line 132 and column 63
	at ptolemy.moml.SimpleErrorHandler.handleError(SimpleErrorHandler.java:75)
	at ptolemy.moml.MoMLParser.startElement(MoMLParser.java:3805)
	at com.microstar.xml.XmlParser.parseElement(XmlParser.java:921)
	at com.microstar.xml.XmlParser.parseContent(XmlParser.java:1104)
	at com.microstar.xml.XmlParser.parseElement(XmlParser.java:924)
	at com.microstar.xml.XmlParser.parseDocument(XmlParser.java:481)
	at com.microstar.xml.XmlParser.doParse(XmlParser.java:159)
	at com.microstar.xml.XmlParser.parse(XmlParser.java:132)
	at ptolemy.moml.MoMLParser.parse(MoMLParser.java:1676)
	at ptolemy.moml.MoMLParser.parse(MoMLParser.java:1595)
	at ptolemy.moml.MoMLParser.parse(MoMLParser.java:1537)
	at ptolemy.moml.MoMLParser._findOrParse(MoMLParser.java:5286)
	at ptolemy.moml.MoMLParser._attemptToFindMoMLClass(MoMLParser.java:4075)
	at ptolemy.moml.MoMLParser._createEntity(MoMLParser.java:4323)
	... 65 more
Caused by: ptolemy.kernel.util.IllegalActionException: Cannot find class: ptolemy.domains.ptinyos.lib.MicaLeds. In Ptolemy, classes are typically Java .class files. Entities like actors may instead be defined within a .xml file.  In any case, the class was not found. If the class uses a third party package, then the class would be present only if the third party package was found at compile time.  It may be necessary to upgrade Java or install the third party package, reconfigure and recompile.
Because:
-- /home/travis/build/icyphy/ptII/ptolemy/actor/ptalon/demo/ptinyos/SendAndReceiveCnt/ptolemy/domains/ptinyos/lib/MicaLeds.xml (No such file or directory)
-- XML file not found relative to classpath.
-- /home/travis/build/icyphy/ptII/ptolemy/vergil/basic/export/test/ptolemy/domains/ptinyos/lib/MicaLeds.xml
/home/travis/build/icyphy/ptII/ptolemy/vergil/basic/export/test/ptolemy/domains/ptinyos/lib/MicaLeds.xml (No such file or directory)
 in file:/home/travis/build/icyphy/ptII/ptolemy/actor/ptalon/demo/ptinyos/SendAndReceiveCnt/CntToLedsAndRfm.xml at line 132 and column 63
	at ptolemy.moml.MoMLParser._createEntity(MoMLParser.java:4330)
	at ptolemy.moml.MoMLParser.startElement(MoMLParser.java:2864)
	... 77 more
Caused by: com.microstar.xml.XmlException: -- /home/travis/build/icyphy/ptII/ptolemy/actor/ptalon/demo/ptinyos/SendAndReceiveCnt/ptolemy/domains/ptinyos/lib/MicaLeds.xml (No such file or directory)
-- XML file not found relative to classpath.
-- /home/travis/build/icyphy/ptII/ptolemy/vergil/basic/export/test/ptolemy/domains/ptinyos/lib/MicaLeds.xml
/home/travis/build/icyphy/ptII/ptolemy/vergil/basic/export/test/ptolemy/domains/ptinyos/lib/MicaLeds.xml (No such file or directory)
 in file:/home/travis/build/icyphy/ptII/ptolemy/actor/ptalon/demo/ptinyos/SendAndReceiveCnt/CntToLedsAndRfm.xml at line 132 and column 63
	at ptolemy.moml.MoMLParser.fileNameToURL(MoMLParser.java:1414)
	at ptolemy.moml.MoMLParser._findOrParse(MoMLParser.java:5283)
	at ptolemy.moml.MoMLParser._attemptToFindMoMLClass(MoMLParser.java:4075)
	at ptolemy.moml.MoMLParser._createEntity(MoMLParser.java:4323)
	... 78 more
ptolemy.kernel.util.IllegalActionException: Failed to process attribute change to PtalonParameter, whose value is "ptolemy.actor.ptalon.PtalonExpressionParameter {.SendAndReceiveCnt.SendAndReceiveCnt.channelName} "AtomicWirelessChannel"".
  in .SendAndReceiveCnt.SendAndReceiveCnt
Because:
Unable to add actor null
	at ptolemy.actor.ptalon.PtalonActor.attributeChanged(PtalonActor.java:211)
	at ptolemy.actor.ptalon.PtalonMLHandler.startElement(PtalonMLHandler.java:134)
	at com.microstar.xml.XmlParser.parseElement(XmlParser.java:921)
	at com.microstar.xml.XmlParser.parseContent(XmlParser.java:1104)
	at com.microstar.xml.XmlParser.parseElement(XmlParser.java:924)
	at com.microstar.xml.XmlParser.parseDocument(XmlParser.java:481)
	at com.microstar.xml.XmlParser.doParse(XmlParser.java:159)
	at com.microstar.xml.XmlParser.parse(XmlParser.java:132)
	at ptolemy.actor.ptalon.PtalonActor.configure(PtalonActor.java:240)
	at ptolemy.moml.MoMLParser.endElement(MoMLParser.java:996)
	at com.microstar.xml.XmlParser.parseETag(XmlParser.java:1026)
	at com.microstar.xml.XmlParser.parseContent(XmlParser.java:1098)
	at com.microstar.xml.XmlParser.parseElement(XmlParser.java:924)
	at com.microstar.xml.XmlParser.parseContent(XmlParser.java:1104)
	at com.microstar.xml.XmlParser.parseElement(XmlParser.java:924)
	at com.microstar.xml.XmlParser.parseContent(XmlParser.java:1104)
	at com.microstar.xml.XmlParser.parseElement(XmlParser.java:924)
	at com.microstar.xml.XmlParser.parseDocument(XmlParser.java:481)
	at com.microstar.xml.XmlParser.doParse(XmlParser.java:159)
	at com.microstar.xml.XmlParser.parse(XmlParser.java:132)
	at ptolemy.moml.MoMLParser.parse(MoMLParser.java:1676)
	at ptolemy.moml.MoMLParser.parse(MoMLParser.java:1595)
	at ptolemy.moml.MoMLParser.parse(MoMLParser.java:1537)
	at ptolemy.actor.gui.PtolemyEffigy$Factory.createEffigy(PtolemyEffigy.java:424)
	at ptolemy.actor.gui.EffigyFactory.createEffigy(EffigyFactory.java:234)
	at ptolemy.actor.gui.Configuration.openModel(Configuration.java:1125)
	at ptolemy.actor.gui.Configuration.openModel(Configuration.java:1051)
	at ptolemy.actor.gui.ConfigurationApplication._openModel(ConfigurationApplication.java:1252)
	at ptolemy.actor.gui.ConfigurationApplication._parseArg(ConfigurationApplication.java:1399)
	at ptolemy.actor.gui.ConfigurationApplication._parseArgs(ConfigurationApplication.java:1478)
	at ptolemy.actor.gui.ConfigurationApplication.<init>(ConfigurationApplication.java:277)
	at ptolemy.actor.gui.ConfigurationApplication.<init>(ConfigurationApplication.java:214)
	at ptolemy.actor.gui.ConfigurationApplication.<init>(ConfigurationApplication.java:201)
	at ptolemy.actor.gui.ConfigurationApplication.openModelOrEntity(ConfigurationApplication.java:680)
	at ptolemy.vergil.basic.export.ExportModel$1.run(ExportModel.java:220)
	at java.awt.event.InvocationEvent.dispatch(InvocationEvent.java:301)
	at java.awt.EventQueue.dispatchEventImpl(EventQueue.java:756)
	at java.awt.EventQueue.access$500(EventQueue.java:97)
	at java.awt.EventQueue$3.run(EventQueue.java:709)
	at java.awt.EventQueue$3.run(EventQueue.java:703)
	at java.security.AccessController.doPrivileged(Native Method)
	at java.security.ProtectionDomain$JavaSecurityAccessImpl.doIntersectionPrivilege(ProtectionDomain.java:80)
	at java.awt.EventQueue.dispatchEvent(EventQueue.java:726)
	at java.awt.EventDispatchThread.pumpOneEventForFilters(EventDispatchThread.java:201)
	at java.awt.EventDispatchThread.pumpEventsForFilter(EventDispatchThread.java:116)
	at java.awt.EventDispatchThread.pumpEventsForHierarchy(EventDispatchThread.java:105)
	at java.awt.EventDispatchThread.pumpEvents(EventDispatchThread.java:101)
	at java.awt.EventDispatchThread.pumpEvents(EventDispatchThread.java:93)
	at java.awt.EventDispatchThread.run(EventDispatchThread.java:82)
Caused by: ptolemy.actor.ptalon.PtalonRuntimeException: Unable to add actor null
	at ptolemy.actor.ptalon.PtalonEvaluator.addActor(PtalonEvaluator.java:300)
	at ptolemy.actor.ptalon.PtalonPopulator.actor_declaration(PtalonPopulator.java:1574)
	at ptolemy.actor.ptalon.PtalonPopulator.atomic_statement(PtalonPopulator.java:1638)
	at ptolemy.actor.ptalon.PtalonPopulator.iterative_statement_evaluator(PtalonPopulator.java:2484)
	at ptolemy.actor.ptalon.AbstractPtalonEvaluator$IfTree.evaluateForScope(AbstractPtalonEvaluator.java:1307)
	at ptolemy.actor.ptalon.AbstractPtalonEvaluator.evaluateForScope(AbstractPtalonEvaluator.java:744)
	at ptolemy.actor.ptalon.PtalonPopulator.iterative_statement(PtalonPopulator.java:2363)
	at ptolemy.actor.ptalon.PtalonPopulator.actor_definition(PtalonPopulator.java:2809)
	at ptolemy.actor.ptalon.PtalonActor.attributeChanged(PtalonActor.java:206)
	... 48 more
Caused by: ptolemy.kernel.util.InternalErrorException: Element <entity name="sender1" class="ptolemy.actor.ptalon.demo.ptinyos.SendAndReceiveCnt.CntToLedsAndRfm"> caused an exception to be thrown.
  in .SendAndReceiveCnt.SendAndReceiveCnt
Because:
Cannot find class: ptolemy.actor.ptalon.demo.ptinyos.SendAndReceiveCnt.CntToLedsAndRfm. In Ptolemy, classes are typically Java .class files. Entities like actors may instead be defined within a .xml file.  In any case, the class was not found. If the class uses a third party package, then the class would be present only if the third party package was found at compile time.  It may be necessary to upgrade Java or install the third party package, reconfigure and recompile.
Because:
Element <entity name="MicaLeds" class="ptolemy.domains.ptinyos.lib.MicaLeds"> caused an exception to be thrown.
  in .CntToLedsAndRfm
Because:
Cannot find class: ptolemy.domains.ptinyos.lib.MicaLeds. In Ptolemy, classes are typically Java .class files. Entities like actors may instead be defined within a .xml file.  In any case, the class was not found. If the class uses a third party package, then the class would be present only if the third party package was found at compile time.  It may be necessary to upgrade Java or install the third party package, reconfigure and recompile.
Because:
-- /home/travis/build/icyphy/ptII/ptolemy/actor/ptalon/demo/ptinyos/SendAndReceiveCnt/ptolemy/domains/ptinyos/lib/MicaLeds.xml (No such file or directory)
-- XML file not found relative to classpath.
-- /home/travis/build/icyphy/ptII/ptolemy/vergil/basic/export/test/ptolemy/domains/ptinyos/lib/MicaLeds.xml
/home/travis/build/icyphy/ptII/ptolemy/vergil/basic/export/test/ptolemy/domains/ptinyos/lib/MicaLeds.xml (No such file or directory)
 in file:/home/travis/build/icyphy/ptII/ptolemy/actor/ptalon/demo/ptinyos/SendAndReceiveCnt/CntToLedsAndRfm.xml at line 132 and column 63
	at ptolemy.moml.SimpleErrorHandler.handleError(SimpleErrorHandler.java:75)
	at ptolemy.moml.MoMLParser.startElement(MoMLParser.java:3805)
	at com.microstar.xml.XmlParser.parseElement(XmlParser.java:931)
	at com.microstar.xml.XmlParser.parseDocument(XmlParser.java:481)
	at com.microstar.xml.XmlParser.doParse(XmlParser.java:159)
	at com.microstar.xml.XmlParser.parse(XmlParser.java:132)
	at ptolemy.moml.MoMLParser.parse(MoMLParser.java:1660)
	at ptolemy.moml.MoMLParser.parse(MoMLParser.java:1617)
	at ptolemy.moml.MoMLParser.parse(MoMLParser.java:1792)
	at ptolemy.actor.ptalon.PtalonEvaluator.addActor(PtalonEvaluator.java:241)
	... 56 more
Caused by: ptolemy.kernel.util.IllegalActionException: Cannot find class: ptolemy.actor.ptalon.demo.ptinyos.SendAndReceiveCnt.CntToLedsAndRfm. In Ptolemy, classes are typically Java .class files. Entities like actors may instead be defined within a .xml file.  In any case, the class was not found. If the class uses a third party package, then the class would be present only if the third party package was found at compile time.  It may be necessary to upgrade Java or install the third party package, reconfigure and recompile.
Because:
Element <entity name="MicaLeds" class="ptolemy.domains.ptinyos.lib.MicaLeds"> caused an exception to be thrown.
  in .CntToLedsAndRfm
Because:
Cannot find class: ptolemy.domains.ptinyos.lib.MicaLeds. In Ptolemy, classes are typically Java .class files. Entities like actors may instead be defined within a .xml file.  In any case, the class was not found. If the class uses a third party package, then the class would be present only if the third party package was found at compile time.  It may be necessary to upgrade Java or install the third party package, reconfigure and recompile.
Because:
-- /home/travis/build/icyphy/ptII/ptolemy/actor/ptalon/demo/ptinyos/SendAndReceiveCnt/ptolemy/domains/ptinyos/lib/MicaLeds.xml (No such file or directory)
-- XML file not found relative to classpath.
-- /home/travis/build/icyphy/ptII/ptolemy/vergil/basic/export/test/ptolemy/domains/ptinyos/lib/MicaLeds.xml
/home/travis/build/icyphy/ptII/ptolemy/vergil/basic/export/test/ptolemy/domains/ptinyos/lib/MicaLeds.xml (No such file or directory)
 in file:/home/travis/build/icyphy/ptII/ptolemy/actor/ptalon/demo/ptinyos/SendAndReceiveCnt/CntToLedsAndRfm.xml at line 132 and column 63
	at ptolemy.moml.MoMLParser._createEntity(MoMLParser.java:4330)
	at ptolemy.moml.MoMLParser.startElement(MoMLParser.java:2864)
	... 64 more
Caused by: ptolemy.kernel.util.InternalErrorException: Element <entity name="MicaLeds" class="ptolemy.domains.ptinyos.lib.MicaLeds"> caused an exception to be thrown.
  in .CntToLedsAndRfm
Because:
Cannot find class: ptolemy.domains.ptinyos.lib.MicaLeds. In Ptolemy, classes are typically Java .class files. Entities like actors may instead be defined within a .xml file.  In any case, the class was not found. If the class uses a third party package, then the class would be present only if the third party package was found at compile time.  It may be necessary to upgrade Java or install the third party package, reconfigure and recompile.
Because:
-- /home/travis/build/icyphy/ptII/ptolemy/actor/ptalon/demo/ptinyos/SendAndReceiveCnt/ptolemy/domains/ptinyos/lib/MicaLeds.xml (No such file or directory)
-- XML file not found relative to classpath.
-- /home/travis/build/icyphy/ptII/ptolemy/vergil/basic/export/test/ptolemy/domains/ptinyos/lib/MicaLeds.xml
/home/travis/build/icyphy/ptII/ptolemy/vergil/basic/export/test/ptolemy/domains/ptinyos/lib/MicaLeds.xml (No such file or directory)
 in file:/home/travis/build/icyphy/ptII/ptolemy/actor/ptalon/demo/ptinyos/SendAndReceiveCnt/CntToLedsAndRfm.xml at line 132 and column 63
	at ptolemy.moml.SimpleErrorHandler.handleError(SimpleErrorHandler.java:75)
	at ptolemy.moml.MoMLParser.startElement(MoMLParser.java:3805)
	at com.microstar.xml.XmlParser.parseElement(XmlParser.java:921)
	at com.microstar.xml.XmlParser.parseContent(XmlParser.java:1104)
	at com.microstar.xml.XmlParser.parseElement(XmlParser.java:924)
	at com.microstar.xml.XmlParser.parseDocument(XmlParser.java:481)
	at com.microstar.xml.XmlParser.doParse(XmlParser.java:159)
	at com.microstar.xml.XmlParser.parse(XmlParser.java:132)
	at ptolemy.moml.MoMLParser.parse(MoMLParser.java:1676)
	at ptolemy.moml.MoMLParser.parse(MoMLParser.java:1595)
	at ptolemy.moml.MoMLParser.parse(MoMLParser.java:1537)
	at ptolemy.moml.MoMLParser._findOrParse(MoMLParser.java:5286)
	at ptolemy.moml.MoMLParser._attemptToFindMoMLClass(MoMLParser.java:4075)
	at ptolemy.moml.MoMLParser._createEntity(MoMLParser.java:4323)
	... 65 more
Caused by: ptolemy.kernel.util.IllegalActionException: Cannot find class: ptolemy.domains.ptinyos.lib.MicaLeds. In Ptolemy, classes are typically Java .class files. Entities like actors may instead be defined within a .xml file.  In any case, the class was not found. If the class uses a third party package, then the class would be present only if the third party package was found at compile time.  It may be necessary to upgrade Java or install the third party package, reconfigure and recompile.
Because:
-- /home/travis/build/icyphy/ptII/ptolemy/actor/ptalon/demo/ptinyos/SendAndReceiveCnt/ptolemy/domains/ptinyos/lib/MicaLeds.xml (No such file or directory)
-- XML file not found relative to classpath.
-- /home/travis/build/icyphy/ptII/ptolemy/vergil/basic/export/test/ptolemy/domains/ptinyos/lib/MicaLeds.xml
/home/travis/build/icyphy/ptII/ptolemy/vergil/basic/export/test/ptolemy/domains/ptinyos/lib/MicaLeds.xml (No such file or directory)
 in file:/home/travis/build/icyphy/ptII/ptolemy/actor/ptalon/demo/ptinyos/SendAndReceiveCnt/CntToLedsAndRfm.xml at line 132 and column 63
	at ptolemy.moml.MoMLParser._createEntity(MoMLParser.java:4330)
	at ptolemy.moml.MoMLParser.startElement(MoMLParser.java:2864)
	... 77 more
Caused by: com.microstar.xml.XmlException: -- /home/travis/build/icyphy/ptII/ptolemy/actor/ptalon/demo/ptinyos/SendAndReceiveCnt/ptolemy/domains/ptinyos/lib/MicaLeds.xml (No such file or directory)
-- XML file not found relative to classpath.
-- /home/travis/build/icyphy/ptII/ptolemy/vergil/basic/export/test/ptolemy/domains/ptinyos/lib/MicaLeds.xml
/home/travis/build/icyphy/ptII/ptolemy/vergil/basic/export/test/ptolemy/domains/ptinyos/lib/MicaLeds.xml (No such file or directory)
 in file:/home/travis/build/icyphy/ptII/ptolemy/actor/ptalon/demo/ptinyos/SendAndReceiveCnt/CntToLedsAndRfm.xml at line 132 and column 63
	at ptolemy.moml.MoMLParser.fileNameToURL(MoMLParser.java:1414)
	at ptolemy.moml.MoMLParser._findOrParse(MoMLParser.java:5283)
	at ptolemy.moml.MoMLParser._attemptToFindMoMLClass(MoMLParser.java:4075)
	at ptolemy.moml.MoMLParser._createEntity(MoMLParser.java:4323)
	... 78 more
Caused by: ptolemy.actor.ptalon.PtalonRuntimeException: Unable to add actor null
	at ptolemy.actor.ptalon.PtalonEvaluator.addActor(PtalonEvaluator.java:300)
	at ptolemy.actor.ptalon.PtalonPopulator.actor_declaration(PtalonPopulator.java:1574)
	at ptolemy.actor.ptalon.PtalonPopulator.atomic_statement(PtalonPopulator.java:1638)
	at ptolemy.actor.ptalon.PtalonPopulator.iterative_statement_evaluator(PtalonPopulator.java:2484)
	at ptolemy.actor.ptalon.AbstractPtalonEvaluator$IfTree.evaluateForScope(AbstractPtalonEvaluator.java:1307)
	at ptolemy.actor.ptalon.AbstractPtalonEvaluator.evaluateForScope(AbstractPtalonEvaluator.java:744)
	at ptolemy.actor.ptalon.PtalonPopulator.iterative_statement(PtalonPopulator.java:2363)
	at ptolemy.actor.ptalon.PtalonPopulator.actor_definition(PtalonPopulator.java:2809)
	at ptolemy.actor.ptalon.PtalonActor.attributeChanged(PtalonActor.java:206)
	at ptolemy.actor.ptalon.PtalonMLHandler.startElement(PtalonMLHandler.java:134)
	at com.microstar.xml.XmlParser.parseElement(XmlParser.java:921)
	at com.microstar.xml.XmlParser.parseContent(XmlParser.java:1104)
	at com.microstar.xml.XmlParser.parseElement(XmlParser.java:924)
	at com.microstar.xml.XmlParser.parseDocument(XmlParser.java:481)
	at com.microstar.xml.XmlParser.doParse(XmlParser.java:159)
	at com.microstar.xml.XmlParser.parse(XmlParser.java:132)
	at ptolemy.actor.ptalon.PtalonActor.configure(PtalonActor.java:240)
	at ptolemy.moml.MoMLParser.endElement(MoMLParser.java:996)
	at com.microstar.xml.XmlParser.parseETag(XmlParser.java:1026)
	at com.microstar.xml.XmlParser.parseContent(XmlParser.java:1098)
	at com.microstar.xml.XmlParser.parseElement(XmlParser.java:924)
	at com.microstar.xml.XmlParser.parseContent(XmlParser.java:1104)
	at com.microstar.xml.XmlParser.parseElement(XmlParser.java:924)
	at com.microstar.xml.XmlParser.parseContent(XmlParser.java:1104)
	at com.microstar.xml.XmlParser.parseElement(XmlParser.java:924)
	at com.microstar.xml.XmlParser.parseDocument(XmlParser.java:481)
	at com.microstar.xml.XmlParser.doParse(XmlParser.java:159)
	at com.microstar.xml.XmlParser.parse(XmlParser.java:132)
	at ptolemy.moml.MoMLParser.parse(MoMLParser.java:1676)
	at ptolemy.moml.MoMLParser.parse(MoMLParser.java:1595)
	at ptolemy.moml.MoMLParser.parse(MoMLParser.java:1537)
	at ptolemy.actor.gui.PtolemyEffigy$Factory.createEffigy(PtolemyEffigy.java:424)
	at ptolemy.actor.gui.EffigyFactory.createEffigy(EffigyFactory.java:234)
	at ptolemy.actor.gui.Configuration.openModel(Configuration.java:1125)
	at ptolemy.actor.gui.Configuration.openModel(Configuration.java:1051)
	at ptolemy.actor.gui.ConfigurationApplication._openModel(ConfigurationApplication.java:1252)
	at ptolemy.actor.gui.ConfigurationApplication._parseArg(ConfigurationApplication.java:1399)
	at ptolemy.actor.gui.ConfigurationApplication._parseArgs(ConfigurationApplication.java:1478)
	at ptolemy.actor.gui.ConfigurationApplication.<init>(ConfigurationApplication.java:277)
	at ptolemy.actor.gui.ConfigurationApplication.<init>(ConfigurationApplication.java:214)
	at ptolemy.actor.gui.ConfigurationApplication.<init>(ConfigurationApplication.java:201)
	at ptolemy.actor.gui.ConfigurationApplication.openModelOrEntity(ConfigurationApplication.java:680)
	at ptolemy.vergil.basic.export.ExportModel$1.run(ExportModel.java:220)
	at java.awt.event.InvocationEvent.dispatch(InvocationEvent.java:301)
	at java.awt.EventQueue.dispatchEventImpl(EventQueue.java:756)
	at java.awt.EventQueue.access$500(EventQueue.java:97)
	at java.awt.EventQueue$3.run(EventQueue.java:709)
	at java.awt.EventQueue$3.run(EventQueue.java:703)
	at java.security.AccessController.doPrivileged(Native Method)
	at java.security.ProtectionDomain$JavaSecurityAccessImpl.doIntersectionPrivilege(ProtectionDomain.java:80)
	at java.awt.EventQueue.dispatchEvent(EventQueue.java:726)
	at java.awt.EventDispatchThread.pumpOneEventForFilters(EventDispatchThread.java:201)
	at java.awt.EventDispatchThread.pumpEventsForFilter(EventDispatchThread.java:116)
	at java.awt.EventDispatchThread.pumpEventsForHierarchy(EventDispatchThread.java:105)
	at java.awt.EventDispatchThread.pumpEvents(EventDispatchThread.java:101)
	at java.awt.EventDispatchThread.pumpEvents(EventDispatchThread.java:93)
	at java.awt.EventDispatchThread.run(EventDispatchThread.java:82)
Caused by: ptolemy.kernel.util.InternalErrorException: Element <entity name="sender1" class="ptolemy.actor.ptalon.demo.ptinyos.SendAndReceiveCnt.CntToLedsAndRfm"> caused an exception to be thrown.
  in .SendAndReceiveCnt.SendAndReceiveCnt
Because:
Cannot find class: ptolemy.actor.ptalon.demo.ptinyos.SendAndReceiveCnt.CntToLedsAndRfm. In Ptolemy, classes are typically Java .class files. Entities like actors may instead be defined within a .xml file.  In any case, the class was not found. If the class uses a third party package, then the class would be present only if the third party package was found at compile time.  It may be necessary to upgrade Java or install the third party package, reconfigure and recompile.
Because:
Element <entity name="MicaLeds" class="ptolemy.domains.ptinyos.lib.MicaLeds"> caused an exception to be thrown.
  in .CntToLedsAndRfm
Because:
Cannot find class: ptolemy.domains.ptinyos.lib.MicaLeds. In Ptolemy, classes are typically Java .class files. Entities like actors may instead be defined within a .xml file.  In any case, the class was not found. If the class uses a third party package, then the class would be present only if the third party package was found at compile time.  It may be necessary to upgrade Java or install the third party package, reconfigure and recompile.
Because:
-- /home/travis/build/icyphy/ptII/ptolemy/actor/ptalon/demo/ptinyos/SendAndReceiveCnt/ptolemy/domains/ptinyos/lib/MicaLeds.xml (No such file or directory)
-- XML file not found relative to classpath.
-- /home/travis/build/icyphy/ptII/ptolemy/vergil/basic/export/test/ptolemy/domains/ptinyos/lib/MicaLeds.xml
/home/travis/build/icyphy/ptII/ptolemy/vergil/basic/export/test/ptolemy/domains/ptinyos/lib/MicaLeds.xml (No such file or directory)
 in file:/home/travis/build/icyphy/ptII/ptolemy/actor/ptalon/demo/ptinyos/SendAndReceiveCnt/CntToLedsAndRfm.xml at line 132 and column 63
	at ptolemy.moml.SimpleErrorHandler.handleError(SimpleErrorHandler.java:75)
	at ptolemy.moml.MoMLParser.startElement(MoMLParser.java:3805)
	at com.microstar.xml.XmlParser.parseElement(XmlParser.java:931)
	at com.microstar.xml.XmlParser.parseDocument(XmlParser.java:481)
	at com.microstar.xml.XmlParser.doParse(XmlParser.java:159)
	at com.microstar.xml.XmlParser.parse(XmlParser.java:132)
	at ptolemy.moml.MoMLParser.parse(MoMLParser.java:1660)
	at ptolemy.moml.MoMLParser.parse(MoMLParser.java:1617)
	at ptolemy.moml.MoMLParser.parse(MoMLParser.java:1792)
	at ptolemy.actor.ptalon.PtalonEvaluator.addActor(PtalonEvaluator.java:241)
	... 56 more
Caused by: ptolemy.kernel.util.IllegalActionException: Cannot find class: ptolemy.actor.ptalon.demo.ptinyos.SendAndReceiveCnt.CntToLedsAndRfm. In Ptolemy, classes are typically Java .class files. Entities like actors may instead be defined within a .xml file.  In any case, the class was not found. If the class uses a third party package, then the class would be present only if the third party package was found at compile time.  It may be necessary to upgrade Java or install the third party package, reconfigure and recompile.
Because:
Element <entity name="MicaLeds" class="ptolemy.domains.ptinyos.lib.MicaLeds"> caused an exception to be thrown.
  in .CntToLedsAndRfm
Because:
Cannot find class: ptolemy.domains.ptinyos.lib.MicaLeds. In Ptolemy, classes are typically Java .class files. Entities like actors may instead be defined within a .xml file.  In any case, the class was not found. If the class uses a third party package, then the class would be present only if the third party package was found at compile time.  It may be necessary to upgrade Java or install the third party package, reconfigure and recompile.
Because:
-- /home/travis/build/icyphy/ptII/ptolemy/actor/ptalon/demo/ptinyos/SendAndReceiveCnt/ptolemy/domains/ptinyos/lib/MicaLeds.xml (No such file or directory)
-- XML file not found relative to classpath.
-- /home/travis/build/icyphy/ptII/ptolemy/vergil/basic/export/test/ptolemy/domains/ptinyos/lib/MicaLeds.xml
/home/travis/build/icyphy/ptII/ptolemy/vergil/basic/export/test/ptolemy/domains/ptinyos/lib/MicaLeds.xml (No such file or directory)
 in file:/home/travis/build/icyphy/ptII/ptolemy/actor/ptalon/demo/ptinyos/SendAndReceiveCnt/CntToLedsAndRfm.xml at line 132 and column 63
	at ptolemy.moml.MoMLParser._createEntity(MoMLParser.java:4330)
	at ptolemy.moml.MoMLParser.startElement(MoMLParser.java:2864)
	... 64 more
Caused by: ptolemy.kernel.util.InternalErrorException: Element <entity name="MicaLeds" class="ptolemy.domains.ptinyos.lib.MicaLeds"> caused an exception to be thrown.
  in .CntToLedsAndRfm
Because:
Cannot find class: ptolemy.domains.ptinyos.lib.MicaLeds. In Ptolemy, classes are typically Java .class files. Entities like actors may instead be defined within a .xml file.  In any case, the class was not found. If the class uses a third party package, then the class would be present only if the third party package was found at compile time.  It may be necessary to upgrade Java or install the third party package, reconfigure and recompile.
Because:
-- /home/travis/build/icyphy/ptII/ptolemy/actor/ptalon/demo/ptinyos/SendAndReceiveCnt/ptolemy/domains/ptinyos/lib/MicaLeds.xml (No such file or directory)
-- XML file not found relative to classpath.
-- /home/travis/build/icyphy/ptII/ptolemy/vergil/basic/export/test/ptolemy/domains/ptinyos/lib/MicaLeds.xml
/home/travis/build/icyphy/ptII/ptolemy/vergil/basic/export/test/ptolemy/domains/ptinyos/lib/MicaLeds.xml (No such file or directory)
 in file:/home/travis/build/icyphy/ptII/ptolemy/actor/ptalon/demo/ptinyos/SendAndReceiveCnt/CntToLedsAndRfm.xml at line 132 and column 63
	at ptolemy.moml.SimpleErrorHandler.handleError(SimpleErrorHandler.java:75)
	at ptolemy.moml.MoMLParser.startElement(MoMLParser.java:3805)
	at com.microstar.xml.XmlParser.parseElement(XmlParser.java:921)
	at com.microstar.xml.XmlParser.parseContent(XmlParser.java:1104)
	at com.microstar.xml.XmlParser.parseElement(XmlParser.java:924)
	at com.microstar.xml.XmlParser.parseDocument(XmlParser.java:481)
	at com.microstar.xml.XmlParser.doParse(XmlParser.java:159)
	at com.microstar.xml.XmlParser.parse(XmlParser.java:132)
	at ptolemy.moml.MoMLParser.parse(MoMLParser.java:1676)
	at ptolemy.moml.MoMLParser.parse(MoMLParser.java:1595)
	at ptolemy.moml.MoMLParser.parse(MoMLParser.java:1537)
	at ptolemy.moml.MoMLParser._findOrParse(MoMLParser.java:5286)
	at ptolemy.moml.MoMLParser._attemptToFindMoMLClass(MoMLParser.java:4075)
	at ptolemy.moml.MoMLParser._createEntity(MoMLParser.java:4323)
	... 65 more
Caused by: ptolemy.kernel.util.IllegalActionException: Cannot find class: ptolemy.domains.ptinyos.lib.MicaLeds. In Ptolemy, classes are typically Java .class files. Entities like actors may instead be defined within a .xml file.  In any case, the class was not found. If the class uses a third party package, then the class would be present only if the third party package was found at compile time.  It may be necessary to upgrade Java or install the third party package, reconfigure and recompile.
Because:
-- /home/travis/build/icyphy/ptII/ptolemy/actor/ptalon/demo/ptinyos/SendAndReceiveCnt/ptolemy/domains/ptinyos/lib/MicaLeds.xml (No such file or directory)
-- XML file not found relative to classpath.
-- /home/travis/build/icyphy/ptII/ptolemy/vergil/basic/export/test/ptolemy/domains/ptinyos/lib/MicaLeds.xml
/home/travis/build/icyphy/ptII/ptolemy/vergil/basic/export/test/ptolemy/domains/ptinyos/lib/MicaLeds.xml (No such file or directory)
 in file:/home/travis/build/icyphy/ptII/ptolemy/actor/ptalon/demo/ptinyos/SendAndReceiveCnt/CntToLedsAndRfm.xml at line 132 and column 63
	at ptolemy.moml.MoMLParser._createEntity(MoMLParser.java:4330)
	at ptolemy.moml.MoMLParser.startElement(MoMLParser.java:2864)
	... 77 more
Caused by: com.microstar.xml.XmlException: -- /home/travis/build/icyphy/ptII/ptolemy/actor/ptalon/demo/ptinyos/SendAndReceiveCnt/ptolemy/domains/ptinyos/lib/MicaLeds.xml (No such file or directory)
-- XML file not found relative to classpath.
-- /home/travis/build/icyphy/ptII/ptolemy/vergil/basic/export/test/ptolemy/domains/ptinyos/lib/MicaLeds.xml
/home/travis/build/icyphy/ptII/ptolemy/vergil/basic/export/test/ptolemy/domains/ptinyos/lib/MicaLeds.xml (No such file or directory)
 in file:/home/travis/build/icyphy/ptII/ptolemy/actor/ptalon/demo/ptinyos/SendAndReceiveCnt/CntToLedsAndRfm.xml at line 132 and column 63
	at ptolemy.moml.MoMLParser.fileNameToURL(MoMLParser.java:1414)
	at ptolemy.moml.MoMLParser._findOrParse(MoMLParser.java:5283)
	at ptolemy.moml.MoMLParser._attemptToFindMoMLClass(MoMLParser.java:4075)
	at ptolemy.moml.MoMLParser._createEntity(MoMLParser.java:4323)
	... 78 more
Failed to read file:/home/travis/build/icyphy/ptII/ptolemy/actor/ptalon/demo/ptinyos/SendAndReceiveCnt/SendAndReceiveCnt.xml
ptolemy.kernel.util.IllegalActionException: Failed to process attribute change to PtalonParameter, whose value is "ptolemy.actor.ptalon.PtalonExpressionParameter {.SendAndReceiveCnt.SendAndReceiveCnt.channelName} "AtomicWirelessChannel"".
  in .SendAndReceiveCnt.SendAndReceiveCnt
Because:
Unable to add actor null
	at ptolemy.actor.ptalon.PtalonActor.attributeChanged(PtalonActor.java:211)
	at ptolemy.actor.ptalon.PtalonMLHandler.startElement(PtalonMLHandler.java:134)
	at com.microstar.xml.XmlParser.parseElement(XmlParser.java:921)
	at com.microstar.xml.XmlParser.parseContent(XmlParser.java:1104)
	at com.microstar.xml.XmlParser.parseElement(XmlParser.java:924)
	at com.microstar.xml.XmlParser.parseDocument(XmlParser.java:481)
	at com.microstar.xml.XmlParser.doParse(XmlParser.java:159)
	at com.microstar.xml.XmlParser.parse(XmlParser.java:132)
	at ptolemy.actor.ptalon.PtalonActor.configure(PtalonActor.java:240)
	at ptolemy.moml.MoMLParser.endElement(MoMLParser.java:996)
	at com.microstar.xml.XmlParser.parseETag(XmlParser.java:1026)
	at com.microstar.xml.XmlParser.parseContent(XmlParser.java:1098)
	at com.microstar.xml.XmlParser.parseElement(XmlParser.java:924)
	at com.microstar.xml.XmlParser.parseContent(XmlParser.java:1104)
	at com.microstar.xml.XmlParser.parseElement(XmlParser.java:924)
	at com.microstar.xml.XmlParser.parseContent(XmlParser.java:1104)
	at com.microstar.xml.XmlParser.parseElement(XmlParser.java:924)
	at com.microstar.xml.XmlParser.parseDocument(XmlParser.java:481)
	at com.microstar.xml.XmlParser.doParse(XmlParser.java:159)
	at com.microstar.xml.XmlParser.parse(XmlParser.java:132)
	at ptolemy.moml.MoMLParser.parse(MoMLParser.java:1676)
	at ptolemy.moml.MoMLParser.parse(MoMLParser.java:1595)
	at ptolemy.moml.MoMLParser.parse(MoMLParser.java:1537)
	at ptolemy.actor.gui.PtolemyEffigy$Factory.createEffigy(PtolemyEffigy.java:424)
	at ptolemy.actor.gui.EffigyFactory.createEffigy(EffigyFactory.java:234)
	at ptolemy.actor.gui.Configuration.openModel(Configuration.java:1125)
	at ptolemy.actor.gui.Configuration.openModel(Configuration.java:1051)
	at ptolemy.actor.gui.ConfigurationApplication._openModel(ConfigurationApplication.java:1252)
	at ptolemy.actor.gui.ConfigurationApplication._parseArg(ConfigurationApplication.java:1399)
	at ptolemy.actor.gui.ConfigurationApplication._parseArgs(ConfigurationApplication.java:1478)
	at ptolemy.actor.gui.ConfigurationApplication.<init>(ConfigurationApplication.java:277)
	at ptolemy.actor.gui.ConfigurationApplication.<init>(ConfigurationApplication.java:214)
	at ptolemy.actor.gui.ConfigurationApplication.<init>(ConfigurationApplication.java:201)
	at ptolemy.actor.gui.ConfigurationApplication.openModelOrEntity(ConfigurationApplication.java:680)
	at ptolemy.vergil.basic.export.ExportModel$1.run(ExportModel.java:220)
	at java.awt.event.InvocationEvent.dispatch(InvocationEvent.java:301)
	at java.awt.EventQueue.dispatchEventImpl(EventQueue.java:756)
	at java.awt.EventQueue.access$500(EventQueue.java:97)
	at java.awt.EventQueue$3.run(EventQueue.java:709)
	at java.awt.EventQueue$3.run(EventQueue.java:703)
	at java.security.AccessController.doPrivileged(Native Method)
	at java.security.ProtectionDomain$JavaSecurityAccessImpl.doIntersectionPrivilege(ProtectionDomain.java:80)
	at java.awt.EventQueue.dispatchEvent(EventQueue.java:726)
	at java.awt.EventDispatchThread.pumpOneEventForFilters(EventDispatchThread.java:201)
	at java.awt.EventDispatchThread.pumpEventsForFilter(EventDispatchThread.java:116)
	at java.awt.EventDispatchThread.pumpEventsForHierarchy(EventDispatchThread.java:105)
	at java.awt.EventDispatchThread.pumpEvents(EventDispatchThread.java:101)
	at java.awt.EventDispatchThread.pumpEvents(EventDispatchThread.java:93)
	at java.awt.EventDispatchThread.run(EventDispatchThread.java:82)
Caused by: ptolemy.actor.ptalon.PtalonRuntimeException: Unable to add actor null
	at ptolemy.actor.ptalon.PtalonEvaluator.addActor(PtalonEvaluator.java:300)
	at ptolemy.actor.ptalon.PtalonPopulator.actor_declaration(PtalonPopulator.java:1574)
	at ptolemy.actor.ptalon.PtalonPopulator.atomic_statement(PtalonPopulator.java:1638)
	at ptolemy.actor.ptalon.PtalonPopulator.iterative_statement_evaluator(PtalonPopulator.java:2484)
	at ptolemy.actor.ptalon.AbstractPtalonEvaluator$IfTree.evaluateForScope(AbstractPtalonEvaluator.java:1307)
	at ptolemy.actor.ptalon.AbstractPtalonEvaluator.evaluateForScope(AbstractPtalonEvaluator.java:744)
	at ptolemy.actor.ptalon.PtalonPopulator.iterative_statement(PtalonPopulator.java:2363)
	at ptolemy.actor.ptalon.PtalonPopulator.actor_definition(PtalonPopulator.java:2809)
	at ptolemy.actor.ptalon.PtalonActor.attributeChanged(PtalonActor.java:206)
	... 48 more
Caused by: ptolemy.kernel.util.InternalErrorException: Element <entity name="sender1" class="ptolemy.actor.ptalon.demo.ptinyos.SendAndReceiveCnt.CntToLedsAndRfm"> caused an exception to be thrown.
  in .SendAndReceiveCnt.SendAndReceiveCnt
Because:
Cannot find class: ptolemy.actor.ptalon.demo.ptinyos.SendAndReceiveCnt.CntToLedsAndRfm. In Ptolemy, classes are typically Java .class files. Entities like actors may instead be defined within a .xml file.  In any case, the class was not found. If the class uses a third party package, then the class would be present only if the third party package was found at compile time.  It may be necessary to upgrade Java or install the third party package, reconfigure and recompile.
Because:
Element <entity name="MicaLeds" class="ptolemy.domains.ptinyos.lib.MicaLeds"> caused an exception to be thrown.
  in .CntToLedsAndRfm
Because:
Cannot find class: ptolemy.domains.ptinyos.lib.MicaLeds. In Ptolemy, classes are typically Java .class files. Entities like actors may instead be defined within a .xml file.  In any case, the class was not found. If the class uses a third party package, then the class would be present only if the third party package was found at compile time.  It may be necessary to upgrade Java or install the third party package, reconfigure and recompile.
Because:
-- /home/travis/build/icyphy/ptII/ptolemy/actor/ptalon/demo/ptinyos/SendAndReceiveCnt/ptolemy/domains/ptinyos/lib/MicaLeds.xml (No such file or directory)
-- XML file not found relative to classpath.
-- /home/travis/build/icyphy/ptII/ptolemy/vergil/basic/export/test/ptolemy/domains/ptinyos/lib/MicaLeds.xml
/home/travis/build/icyphy/ptII/ptolemy/vergil/basic/export/test/ptolemy/domains/ptinyos/lib/MicaLeds.xml (No such file or directory)
 in file:/home/travis/build/icyphy/ptII/ptolemy/actor/ptalon/demo/ptinyos/SendAndReceiveCnt/CntToLedsAndRfm.xml at line 132 and column 63
	at ptolemy.moml.SimpleErrorHandler.handleError(SimpleErrorHandler.java:75)
	at ptolemy.moml.MoMLParser.startElement(MoMLParser.java:3805)
	at com.microstar.xml.XmlParser.parseElement(XmlParser.java:931)
	at com.microstar.xml.XmlParser.parseDocument(XmlParser.java:481)
	at com.microstar.xml.XmlParser.doParse(XmlParser.java:159)
	at com.microstar.xml.XmlParser.parse(XmlParser.java:132)
	at ptolemy.moml.MoMLParser.parse(MoMLParser.java:1660)
	at ptolemy.moml.MoMLParser.parse(MoMLParser.java:1617)
	at ptolemy.moml.MoMLParser.parse(MoMLParser.java:1792)
	at ptolemy.actor.ptalon.PtalonEvaluator.addActor(PtalonEvaluator.java:241)
	... 56 more
Caused by: ptolemy.kernel.util.IllegalActionException: Cannot find class: ptolemy.actor.ptalon.demo.ptinyos.SendAndReceiveCnt.CntToLedsAndRfm. In Ptolemy, classes are typically Java .class files. Entities like actors may instead be defined within a .xml file.  In any case, the class was not found. If the class uses a third party package, then the class would be present only if the third party package was found at compile time.  It may be necessary to upgrade Java or install the third party package, reconfigure and recompile.
Because:
Element <entity name="MicaLeds" class="ptolemy.domains.ptinyos.lib.MicaLeds"> caused an exception to be thrown.
  in .CntToLedsAndRfm
Because:
Cannot find class: ptolemy.domains.ptinyos.lib.MicaLeds. In Ptolemy, classes are typically Java .class files. Entities like actors may instead be defined within a .xml file.  In any case, the class was not found. If the class uses a third party package, then the class would be present only if the third party package was found at compile time.  It may be necessary to upgrade Java or install the third party package, reconfigure and recompile.
Because:
-- /home/travis/build/icyphy/ptII/ptolemy/actor/ptalon/demo/ptinyos/SendAndReceiveCnt/ptolemy/domains/ptinyos/lib/MicaLeds.xml (No such file or directory)
-- XML file not found relative to classpath.
-- /home/travis/build/icyphy/ptII/ptolemy/vergil/basic/export/test/ptolemy/domains/ptinyos/lib/MicaLeds.xml
/home/travis/build/icyphy/ptII/ptolemy/vergil/basic/export/test/ptolemy/domains/ptinyos/lib/MicaLeds.xml (No such file or directory)
 in file:/home/travis/build/icyphy/ptII/ptolemy/actor/ptalon/demo/ptinyos/SendAndReceiveCnt/CntToLedsAndRfm.xml at line 132 and column 63
	at ptolemy.moml.MoMLParser._createEntity(MoMLParser.java:4330)
	at ptolemy.moml.MoMLParser.startElement(MoMLParser.java:2864)
	... 64 more
Caused by: ptolemy.kernel.util.InternalErrorException: Element <entity name="MicaLeds" class="ptolemy.domains.ptinyos.lib.MicaLeds"> caused an exception to be thrown.
  in .CntToLedsAndRfm
Because:
Cannot find class: ptolemy.domains.ptinyos.lib.MicaLeds. In Ptolemy, classes are typically Java .class files. Entities like actors may instead be defined within a .xml file.  In any case, the class was not found. If the class uses a third party package, then the class would be present only if the third party package was found at compile time.  It may be necessary to upgrade Java or install the third party package, reconfigure and recompile.
Because:
-- /home/travis/build/icyphy/ptII/ptolemy/actor/ptalon/demo/ptinyos/SendAndReceiveCnt/ptolemy/domains/ptinyos/lib/MicaLeds.xml (No such file or directory)
-- XML file not found relative to classpath.
-- /home/travis/build/icyphy/ptII/ptolemy/vergil/basic/export/test/ptolemy/domains/ptinyos/lib/MicaLeds.xml
/home/travis/build/icyphy/ptII/ptolemy/vergil/basic/export/test/ptolemy/domains/ptinyos/lib/MicaLeds.xml (No such file or directory)
 in file:/home/travis/build/icyphy/ptII/ptolemy/actor/ptalon/demo/ptinyos/SendAndReceiveCnt/CntToLedsAndRfm.xml at line 132 and column 63
	at ptolemy.moml.SimpleErrorHandler.handleError(SimpleErrorHandler.java:75)
	at ptolemy.moml.MoMLParser.startElement(MoMLParser.java:3805)
	at com.microstar.xml.XmlParser.parseElement(XmlParser.java:921)
	at com.microstar.xml.XmlParser.parseContent(XmlParser.java:1104)
	at com.microstar.xml.XmlParser.parseElement(XmlParser.java:924)
	at com.microstar.xml.XmlParser.parseDocument(XmlParser.java:481)
	at com.microstar.xml.XmlParser.doParse(XmlParser.java:159)
	at com.microstar.xml.XmlParser.parse(XmlParser.java:132)
	at ptolemy.moml.MoMLParser.parse(MoMLParser.java:1676)
	at ptolemy.moml.MoMLParser.parse(MoMLParser.java:1595)
	at ptolemy.moml.MoMLParser.parse(MoMLParser.java:1537)
	at ptolemy.moml.MoMLParser._findOrParse(MoMLParser.java:5286)
	at ptolemy.moml.MoMLParser._attemptToFindMoMLClass(MoMLParser.java:4075)
	at ptolemy.moml.MoMLParser._createEntity(MoMLParser.java:4323)
	... 65 more
Caused by: ptolemy.kernel.util.IllegalActionException: Cannot find class: ptolemy.domains.ptinyos.lib.MicaLeds. In Ptolemy, classes are typically Java .class files. Entities like actors may instead be defined within a .xml file.  In any case, the class was not found. If the class uses a third party package, then the class would be present only if the third party package was found at compile time.  It may be necessary to upgrade Java or install the third party package, reconfigure and recompile.
Because:
-- /home/travis/build/icyphy/ptII/ptolemy/actor/ptalon/demo/ptinyos/SendAndReceiveCnt/ptolemy/domains/ptinyos/lib/MicaLeds.xml (No such file or directory)
-- XML file not found relative to classpath.
-- /home/travis/build/icyphy/ptII/ptolemy/vergil/basic/export/test/ptolemy/domains/ptinyos/lib/MicaLeds.xml
/home/travis/build/icyphy/ptII/ptolemy/vergil/basic/export/test/ptolemy/domains/ptinyos/lib/MicaLeds.xml (No such file or directory)
 in file:/home/travis/build/icyphy/ptII/ptolemy/actor/ptalon/demo/ptinyos/SendAndReceiveCnt/CntToLedsAndRfm.xml at line 132 and column 63
	at ptolemy.moml.MoMLParser._createEntity(MoMLParser.java:4330)
	at ptolemy.moml.MoMLParser.startElement(MoMLParser.java:2864)
	... 77 more
Caused by: com.microstar.xml.XmlException: -- /home/travis/build/icyphy/ptII/ptolemy/actor/ptalon/demo/ptinyos/SendAndReceiveCnt/ptolemy/domains/ptinyos/lib/MicaLeds.xml (No such file or directory)
-- XML file not found relative to classpath.
-- /home/travis/build/icyphy/ptII/ptolemy/vergil/basic/export/test/ptolemy/domains/ptinyos/lib/MicaLeds.xml
/home/travis/build/icyphy/ptII/ptolemy/vergil/basic/export/test/ptolemy/domains/ptinyos/lib/MicaLeds.xml (No such file or directory)
 in file:/home/travis/build/icyphy/ptII/ptolemy/actor/ptalon/demo/ptinyos/SendAndReceiveCnt/CntToLedsAndRfm.xml at line 132 and column 63
	at ptolemy.moml.MoMLParser.fileNameToURL(MoMLParser.java:1414)
	at ptolemy.moml.MoMLParser._findOrParse(MoMLParser.java:5283)
	at ptolemy.moml.MoMLParser._attemptToFindMoMLClass(MoMLParser.java:4075)
	at ptolemy.moml.MoMLParser._createEntity(MoMLParser.java:4323)
	... 78 more
Caused by: ptolemy.actor.ptalon.PtalonRuntimeException: Unable to add actor null
	at ptolemy.actor.ptalon.PtalonEvaluator.addActor(PtalonEvaluator.java:300)
	at ptolemy.actor.ptalon.PtalonPopulator.actor_declaration(PtalonPopulator.java:1574)
	at ptolemy.actor.ptalon.PtalonPopulator.atomic_statement(PtalonPopulator.java:1638)
	at ptolemy.actor.ptalon.PtalonPopulator.iterative_statement_evaluator(PtalonPopulator.java:2484)
	at ptolemy.actor.ptalon.AbstractPtalonEvaluator$IfTree.evaluateForScope(AbstractPtalonEvaluator.java:1307)
	at ptolemy.actor.ptalon.AbstractPtalonEvaluator.evaluateForScope(AbstractPtalonEvaluator.java:744)
	at ptolemy.actor.ptalon.PtalonPopulator.iterative_statement(PtalonPopulator.java:2363)
	at ptolemy.actor.ptalon.PtalonPopulator.actor_definition(PtalonPopulator.java:2809)
	at ptolemy.actor.ptalon.PtalonActor.attributeChanged(PtalonActor.java:206)
	at ptolemy.actor.ptalon.PtalonMLHandler.startElement(PtalonMLHandler.java:134)
	at com.microstar.xml.XmlParser.parseElement(XmlParser.java:921)
	at com.microstar.xml.XmlParser.parseContent(XmlParser.java:1104)
	at com.microstar.xml.XmlParser.parseElement(XmlParser.java:924)
	at com.microstar.xml.XmlParser.parseDocument(XmlParser.java:481)
	at com.microstar.xml.XmlParser.doParse(XmlParser.java:159)
	at com.microstar.xml.XmlParser.parse(XmlParser.java:132)
	at ptolemy.actor.ptalon.PtalonActor.configure(PtalonActor.java:240)
	at ptolemy.moml.MoMLParser.endElement(MoMLParser.java:996)
	at com.microstar.xml.XmlParser.parseETag(XmlParser.java:1026)
	at com.microstar.xml.XmlParser.parseContent(XmlParser.java:1098)
	at com.microstar.xml.XmlParser.parseElement(XmlParser.java:924)
	at com.microstar.xml.XmlParser.parseContent(XmlParser.java:1104)
	at com.microstar.xml.XmlParser.parseElement(XmlParser.java:924)
	at com.microstar.xml.XmlParser.parseContent(XmlParser.java:1104)
	at com.microstar.xml.XmlParser.parseElement(XmlParser.java:924)
	at com.microstar.xml.XmlParser.parseDocument(XmlParser.java:481)
	at com.microstar.xml.XmlParser.doParse(XmlParser.java:159)
	at com.microstar.xml.XmlParser.parse(XmlParser.java:132)
	at ptolemy.moml.MoMLParser.parse(MoMLParser.java:1676)
	at ptolemy.moml.MoMLParser.parse(MoMLParser.java:1595)
	at ptolemy.moml.MoMLParser.parse(MoMLParser.java:1537)
	at ptolemy.actor.gui.PtolemyEffigy$Factory.createEffigy(PtolemyEffigy.java:424)
	at ptolemy.actor.gui.EffigyFactory.createEffigy(EffigyFactory.java:234)
	at ptolemy.actor.gui.Configuration.openModel(Configuration.java:1125)
	at ptolemy.actor.gui.Configuration.openModel(Configuration.java:1051)
	at ptolemy.actor.gui.ConfigurationApplication._openModel(ConfigurationApplication.java:1252)
	at ptolemy.actor.gui.ConfigurationApplication._parseArg(ConfigurationApplication.java:1399)
	at ptolemy.actor.gui.ConfigurationApplication._parseArgs(ConfigurationApplication.java:1478)
	at ptolemy.actor.gui.ConfigurationApplication.<init>(ConfigurationApplication.java:277)
	at ptolemy.actor.gui.ConfigurationApplication.<init>(ConfigurationApplication.java:214)
	at ptolemy.actor.gui.ConfigurationApplication.<init>(ConfigurationApplication.java:201)
	at ptolemy.actor.gui.ConfigurationApplication.openModelOrEntity(ConfigurationApplication.java:680)
	at ptolemy.vergil.basic.export.ExportModel$1.run(ExportModel.java:220)
	at java.awt.event.InvocationEvent.dispatch(InvocationEvent.java:301)
	at java.awt.EventQueue.dispatchEventImpl(EventQueue.java:756)
	at java.awt.EventQueue.access$500(EventQueue.java:97)
	at java.awt.EventQueue$3.run(EventQueue.java:709)
	at java.awt.EventQueue$3.run(EventQueue.java:703)
	at java.security.AccessController.doPrivileged(Native Method)
	at java.security.ProtectionDomain$JavaSecurityAccessImpl.doIntersectionPrivilege(ProtectionDomain.java:80)
	at java.awt.EventQueue.dispatchEvent(EventQueue.java:726)
	at java.awt.EventDispatchThread.pumpOneEventForFilters(EventDispatchThread.java:201)
	at java.awt.EventDispatchThread.pumpEventsForFilter(EventDispatchThread.java:116)
	at java.awt.EventDispatchThread.pumpEventsForHierarchy(EventDispatchThread.java:105)
	at java.awt.EventDispatchThread.pumpEvents(EventDispatchThread.java:101)
	at java.awt.EventDispatchThread.pumpEvents(EventDispatchThread.java:93)
	at java.awt.EventDispatchThread.run(EventDispatchThread.java:82)
Caused by: ptolemy.kernel.util.InternalErrorException: Element <entity name="sender1" class="ptolemy.actor.ptalon.demo.ptinyos.SendAndReceiveCnt.CntToLedsAndRfm"> caused an exception to be thrown.
  in .SendAndReceiveCnt.SendAndReceiveCnt
Because:
Cannot find class: ptolemy.actor.ptalon.demo.ptinyos.SendAndReceiveCnt.CntToLedsAndRfm. In Ptolemy, classes are typically Java .class files. Entities like actors may instead be defined within a .xml file.  In any case, the class was not found. If the class uses a third party package, then the class would be present only if the third party package was found at compile time.  It may be necessary to upgrade Java or install the third party package, reconfigure and recompile.
Because:
Element <entity name="MicaLeds" class="ptolemy.domains.ptinyos.lib.MicaLeds"> caused an exception to be thrown.
  in .CntToLedsAndRfm
Because:
Cannot find class: ptolemy.domains.ptinyos.lib.MicaLeds. In Ptolemy, classes are typically Java .class files. Entities like actors may instead be defined within a .xml file.  In any case, the class was not found. If the class uses a third party package, then the class would be present only if the third party package was found at compile time.  It may be necessary to upgrade Java or install the third party package, reconfigure and recompile.
Because:
-- /home/travis/build/icyphy/ptII/ptolemy/actor/ptalon/demo/ptinyos/SendAndReceiveCnt/ptolemy/domains/ptinyos/lib/MicaLeds.xml (No such file or directory)
-- XML file not found relative to classpath.
-- /home/travis/build/icyphy/ptII/ptolemy/vergil/basic/export/test/ptolemy/domains/ptinyos/lib/MicaLeds.xml
/home/travis/build/icyphy/ptII/ptolemy/vergil/basic/export/test/ptolemy/domains/ptinyos/lib/MicaLeds.xml (No such file or directory)
 in file:/home/travis/build/icyphy/ptII/ptolemy/actor/ptalon/demo/ptinyos/SendAndReceiveCnt/CntToLedsAndRfm.xml at line 132 and column 63
	at ptolemy.moml.SimpleErrorHandler.handleError(SimpleErrorHandler.java:75)
	at ptolemy.moml.MoMLParser.startElement(MoMLParser.java:3805)
	at com.microstar.xml.XmlParser.parseElement(XmlParser.java:931)
	at com.microstar.xml.XmlParser.parseDocument(XmlParser.java:481)
	at com.microstar.xml.XmlParser.doParse(XmlParser.java:159)
	at com.microstar.xml.XmlParser.parse(XmlParser.java:132)
	at ptolemy.moml.MoMLParser.parse(MoMLParser.java:1660)
	at ptolemy.moml.MoMLParser.parse(MoMLParser.java:1617)
	at ptolemy.moml.MoMLParser.parse(MoMLParser.java:1792)
	at ptolemy.actor.ptalon.PtalonEvaluator.addActor(PtalonEvaluator.java:241)
	... 56 more
Caused by: ptolemy.kernel.util.IllegalActionException: Cannot find class: ptolemy.actor.ptalon.demo.ptinyos.SendAndReceiveCnt.CntToLedsAndRfm. In Ptolemy, classes are typically Java .class files. Entities like actors may instead be defined within a .xml file.  In any case, the class was not found. If the class uses a third party package, then the class would be present only if the third party package was found at compile time.  It may be necessary to upgrade Java or install the third party package, reconfigure and recompile.
Because:
Element <entity name="MicaLeds" class="ptolemy.domains.ptinyos.lib.MicaLeds"> caused an exception to be thrown.
  in .CntToLedsAndRfm
Because:
Cannot find class: ptolemy.domains.ptinyos.lib.MicaLeds. In Ptolemy, classes are typically Java .class files. Entities like actors may instead be defined within a .xml file.  In any case, the class was not found. If the class uses a third party package, then the class would be present only if the third party package was found at compile time.  It may be necessary to upgrade Java or install the third party package, reconfigure and recompile.
Because:
-- /home/travis/build/icyphy/ptII/ptolemy/actor/ptalon/demo/ptinyos/SendAndReceiveCnt/ptolemy/domains/ptinyos/lib/MicaLeds.xml (No such file or directory)
-- XML file not found relative to classpath.
-- /home/travis/build/icyphy/ptII/ptolemy/vergil/basic/export/test/ptolemy/domains/ptinyos/lib/MicaLeds.xml
/home/travis/build/icyphy/ptII/ptolemy/vergil/basic/export/test/ptolemy/domains/ptinyos/lib/MicaLeds.xml (No such file or directory)
 in file:/home/travis/build/icyphy/ptII/ptolemy/actor/ptalon/demo/ptinyos/SendAndReceiveCnt/CntToLedsAndRfm.xml at line 132 and column 63
	at ptolemy.moml.MoMLParser._createEntity(MoMLParser.java:4330)
	at ptolemy.moml.MoMLParser.startElement(MoMLParser.java:2864)
	... 64 more
Caused by: ptolemy.kernel.util.InternalErrorException: Element <entity name="MicaLeds" class="ptolemy.domains.ptinyos.lib.MicaLeds"> caused an exception to be thrown.
  in .CntToLedsAndRfm
Because:
Cannot find class: ptolemy.domains.ptinyos.lib.MicaLeds. In Ptolemy, classes are typically Java .class files. Entities like actors may instead be defined within a .xml file.  In any case, the class was not found. If the class uses a third party package, then the class would be present only if the third party package was found at compile time.  It may be necessary to upgrade Java or install the third party package, reconfigure and recompile.
Because:
-- /home/travis/build/icyphy/ptII/ptolemy/actor/ptalon/demo/ptinyos/SendAndReceiveCnt/ptolemy/domains/ptinyos/lib/MicaLeds.xml (No such file or directory)
-- XML file not found relative to classpath.
-- /home/travis/build/icyphy/ptII/ptolemy/vergil/basic/export/test/ptolemy/domains/ptinyos/lib/MicaLeds.xml
/home/travis/build/icyphy/ptII/ptolemy/vergil/basic/export/test/ptolemy/domains/ptinyos/lib/MicaLeds.xml (No such file or directory)
 in file:/home/travis/build/icyphy/ptII/ptolemy/actor/ptalon/demo/ptinyos/SendAndReceiveCnt/CntToLedsAndRfm.xml at line 132 and column 63
	at ptolemy.moml.SimpleErrorHandler.handleError(SimpleErrorHandler.java:75)
	at ptolemy.moml.MoMLParser.startElement(MoMLParser.java:3805)
	at com.microstar.xml.XmlParser.parseElement(XmlParser.java:921)
	at com.microstar.xml.XmlParser.parseContent(XmlParser.java:1104)
	at com.microstar.xml.XmlParser.parseElement(XmlParser.java:924)
	at com.microstar.xml.XmlParser.parseDocument(XmlParser.java:481)
	at com.microstar.xml.XmlParser.doParse(XmlParser.java:159)
	at com.microstar.xml.XmlParser.parse(XmlParser.java:132)
	at ptolemy.moml.MoMLParser.parse(MoMLParser.java:1676)
	at ptolemy.moml.MoMLParser.parse(MoMLParser.java:1595)
	at ptolemy.moml.MoMLParser.parse(MoMLParser.java:1537)
	at ptolemy.moml.MoMLParser._findOrParse(MoMLParser.java:5286)
	at ptolemy.moml.MoMLParser._attemptToFindMoMLClass(MoMLParser.java:4075)
	at ptolemy.moml.MoMLParser._createEntity(MoMLParser.java:4323)
	... 65 more
Caused by: ptolemy.kernel.util.IllegalActionException: Cannot find class: ptolemy.domains.ptinyos.lib.MicaLeds. In Ptolemy, classes are typically Java .class files. Entities like actors may instead be defined within a .xml file.  In any case, the class was not found. If the class uses a third party package, then the class would be present only if the third party package was found at compile time.  It may be necessary to upgrade Java or install the third party package, reconfigure and recompile.
Because:
-- /home/travis/build/icyphy/ptII/ptolemy/actor/ptalon/demo/ptinyos/SendAndReceiveCnt/ptolemy/domains/ptinyos/lib/MicaLeds.xml (No such file or directory)
-- XML file not found relative to classpath.
-- /home/travis/build/icyphy/ptII/ptolemy/vergil/basic/export/test/ptolemy/domains/ptinyos/lib/MicaLeds.xml
/home/travis/build/icyphy/ptII/ptolemy/vergil/basic/export/test/ptolemy/domains/ptinyos/lib/MicaLeds.xml (No such file or directory)
 in file:/home/travis/build/icyphy/ptII/ptolemy/actor/ptalon/demo/ptinyos/SendAndReceiveCnt/CntToLedsAndRfm.xml at line 132 and column 63
	at ptolemy.moml.MoMLParser._createEntity(MoMLParser.java:4330)
	at ptolemy.moml.MoMLParser.startElement(MoMLParser.java:2864)
	... 77 more
Caused by: com.microstar.xml.XmlException: -- /home/travis/build/icyphy/ptII/ptolemy/actor/ptalon/demo/ptinyos/SendAndReceiveCnt/ptolemy/domains/ptinyos/lib/MicaLeds.xml (No such file or directory)
-- XML file not found relative to classpath.
-- /home/travis/build/icyphy/ptII/ptolemy/vergil/basic/export/test/ptolemy/domains/ptinyos/lib/MicaLeds.xml
/home/travis/build/icyphy/ptII/ptolemy/vergil/basic/export/test/ptolemy/domains/ptinyos/lib/MicaLeds.xml (No such file or directory)
 in file:/home/travis/build/icyphy/ptII/ptolemy/actor/ptalon/demo/ptinyos/SendAndReceiveCnt/CntToLedsAndRfm.xml at line 132 and column 63
	at ptolemy.moml.MoMLParser.fileNameToURL(MoMLParser.java:1414)
	at ptolemy.moml.MoMLParser._findOrParse(MoMLParser.java:5283)
	at ptolemy.moml.MoMLParser._attemptToFindMoMLClass(MoMLParser.java:4075)
	at ptolemy.moml.MoMLParser._createEntity(MoMLParser.java:4323)
	... 78 more
Failed to read file:/home/travis/build/icyphy/ptII/ptolemy/actor/ptalon/demo/ptinyos/SendAndReceiveCnt/SendAndReceiveCnt.xml
ptolemy.kernel.util.IllegalActionException: Failed to process attribute change to PtalonParameter, whose value is "ptolemy.actor.ptalon.PtalonExpressionParameter {.SendAndReceiveCnt.SendAndReceiveCnt.channelName} "AtomicWirelessChannel"".
  in .SendAndReceiveCnt.SendAndReceiveCnt
Because:
Unable to add actor null
	at ptolemy.actor.ptalon.PtalonActor.attributeChanged(PtalonActor.java:211)
	at ptolemy.actor.ptalon.PtalonMLHandler.startElement(PtalonMLHandler.java:134)
	at com.microstar.xml.XmlParser.parseElement(XmlParser.java:921)
	at com.microstar.xml.XmlParser.parseContent(XmlParser.java:1104)
	at com.microstar.xml.XmlParser.parseElement(XmlParser.java:924)
	at com.microstar.xml.XmlParser.parseDocument(XmlParser.java:481)
	at com.microstar.xml.XmlParser.doParse(XmlParser.java:159)
	at com.microstar.xml.XmlParser.parse(XmlParser.java:132)
	at ptolemy.actor.ptalon.PtalonActor.configure(PtalonActor.java:240)
	at ptolemy.moml.MoMLParser.endElement(MoMLParser.java:996)
	at com.microstar.xml.XmlParser.parseETag(XmlParser.java:1026)
	at com.microstar.xml.XmlParser.parseContent(XmlParser.java:1098)
	at com.microstar.xml.XmlParser.parseElement(XmlParser.java:924)
	at com.microstar.xml.XmlParser.parseContent(XmlParser.java:1104)
	at com.microstar.xml.XmlParser.parseElement(XmlParser.java:924)
	at com.microstar.xml.XmlParser.parseContent(XmlParser.java:1104)
	at com.microstar.xml.XmlParser.parseElement(XmlParser.java:924)
	at com.microstar.xml.XmlParser.parseDocument(XmlParser.java:481)
	at com.microstar.xml.XmlParser.doParse(XmlParser.java:159)
	at com.microstar.xml.XmlParser.parse(XmlParser.java:132)
	at ptolemy.moml.MoMLParser.parse(MoMLParser.java:1676)
	at ptolemy.moml.MoMLParser.parse(MoMLParser.java:1595)
	at ptolemy.moml.MoMLParser.parse(MoMLParser.java:1537)
	at ptolemy.actor.gui.PtolemyEffigy$Factory.createEffigy(PtolemyEffigy.java:424)
	at ptolemy.actor.gui.EffigyFactory.createEffigy(EffigyFactory.java:234)
	at ptolemy.actor.gui.Configuration.openModel(Configuration.java:1125)
	at ptolemy.actor.gui.Configuration.openModel(Configuration.java:1051)
	at ptolemy.actor.gui.ConfigurationApplication._openModel(ConfigurationApplication.java:1252)
	at ptolemy.actor.gui.ConfigurationApplication._parseArg(ConfigurationApplication.java:1399)
	at ptolemy.actor.gui.ConfigurationApplication._parseArgs(ConfigurationApplication.java:1478)
	at ptolemy.actor.gui.ConfigurationApplication.<init>(ConfigurationApplication.java:277)
	at ptolemy.actor.gui.ConfigurationApplication.<init>(ConfigurationApplication.java:214)
	at ptolemy.actor.gui.ConfigurationApplication.<init>(ConfigurationApplication.java:201)
	at ptolemy.actor.gui.ConfigurationApplication.openModelOrEntity(ConfigurationApplication.java:680)
	at ptolemy.vergil.basic.export.ExportModel$1.run(ExportModel.java:220)
	at java.awt.event.InvocationEvent.dispatch(InvocationEvent.java:301)
	at java.awt.EventQueue.dispatchEventImpl(EventQueue.java:756)
	at java.awt.EventQueue.access$500(EventQueue.java:97)
	at java.awt.EventQueue$3.run(EventQueue.java:709)
	at java.awt.EventQueue$3.run(EventQueue.java:703)
	at java.security.AccessController.doPrivileged(Native Method)
	at java.security.ProtectionDomain$JavaSecurityAccessImpl.doIntersectionPrivilege(ProtectionDomain.java:80)
	at java.awt.EventQueue.dispatchEvent(EventQueue.java:726)
	at java.awt.EventDispatchThread.pumpOneEventForFilters(EventDispatchThread.java:201)
	at java.awt.EventDispatchThread.pumpEventsForFilter(EventDispatchThread.java:116)
	at java.awt.EventDispatchThread.pumpEventsForHierarchy(EventDispatchThread.java:105)
	at java.awt.EventDispatchThread.pumpEvents(EventDispatchThread.java:101)
	at java.awt.EventDispatchThread.pumpEvents(EventDispatchThread.java:93)
	at java.awt.EventDispatchThread.run(EventDispatchThread.java:82)
Caused by: ptolemy.actor.ptalon.PtalonRuntimeException: Unable to add actor null
	at ptolemy.actor.ptalon.PtalonEvaluator.addActor(PtalonEvaluator.java:300)
	at ptolemy.actor.ptalon.PtalonPopulator.actor_declaration(PtalonPopulator.java:1574)
	at ptolemy.actor.ptalon.PtalonPopulator.atomic_statement(PtalonPopulator.java:1638)
	at ptolemy.actor.ptalon.PtalonPopulator.iterative_statement_evaluator(PtalonPopulator.java:2484)
	at ptolemy.actor.ptalon.AbstractPtalonEvaluator$IfTree.evaluateForScope(AbstractPtalonEvaluator.java:1307)
	at ptolemy.actor.ptalon.AbstractPtalonEvaluator.evaluateForScope(AbstractPtalonEvaluator.java:744)
	at ptolemy.actor.ptalon.PtalonPopulator.iterative_statement(PtalonPopulator.java:2363)
	at ptolemy.actor.ptalon.PtalonPopulator.actor_definition(PtalonPopulator.java:2809)
	at ptolemy.actor.ptalon.PtalonActor.attributeChanged(PtalonActor.java:206)
	... 48 more
Caused by: ptolemy.kernel.util.InternalErrorException: Element <entity name="sender1" class="ptolemy.actor.ptalon.demo.ptinyos.SendAndReceiveCnt.CntToLedsAndRfm"> caused an exception to be thrown.
  in .SendAndReceiveCnt.SendAndReceiveCnt
Because:
Cannot find class: ptolemy.actor.ptalon.demo.ptinyos.SendAndReceiveCnt.CntToLedsAndRfm. In Ptolemy, classes are typically Java .class files. Entities like actors may instead be defined within a .xml file.  In any case, the class was not found. If the class uses a third party package, then the class would be present only if the third party package was found at compile time.  It may be necessary to upgrade Java or install the third party package, reconfigure and recompile.
Because:
Element <entity name="MicaLeds" class="ptolemy.domains.ptinyos.lib.MicaLeds"> caused an exception to be thrown.
  in .CntToLedsAndRfm
Because:
Cannot find class: ptolemy.domains.ptinyos.lib.MicaLeds. In Ptolemy, classes are typically Java .class files. Entities like actors may instead be defined within a .xml file.  In any case, the class was not found. If the class uses a third party package, then the class would be present only if the third party package was found at compile time.  It may be necessary to upgrade Java or install the third party package, reconfigure and recompile.
Because:
-- /home/travis/build/icyphy/ptII/ptolemy/actor/ptalon/demo/ptinyos/SendAndReceiveCnt/ptolemy/domains/ptinyos/lib/MicaLeds.xml (No such file or directory)
-- XML file not found relative to classpath.
-- /home/travis/build/icyphy/ptII/ptolemy/vergil/basic/export/test/ptolemy/domains/ptinyos/lib/MicaLeds.xml
/home/travis/build/icyphy/ptII/ptolemy/vergil/basic/export/test/ptolemy/domains/ptinyos/lib/MicaLeds.xml (No such file or directory)
 in file:/home/travis/build/icyphy/ptII/ptolemy/actor/ptalon/demo/ptinyos/SendAndReceiveCnt/CntToLedsAndRfm.xml at line 132 and column 63
	at ptolemy.moml.SimpleErrorHandler.handleError(SimpleErrorHandler.java:75)
	at ptolemy.moml.MoMLParser.startElement(MoMLParser.java:3805)
	at com.microstar.xml.XmlParser.parseElement(XmlParser.java:931)
	at com.microstar.xml.XmlParser.parseDocument(XmlParser.java:481)
	at com.microstar.xml.XmlParser.doParse(XmlParser.java:159)
	at com.microstar.xml.XmlParser.parse(XmlParser.java:132)
	at ptolemy.moml.MoMLParser.parse(MoMLParser.java:1660)
	at ptolemy.moml.MoMLParser.parse(MoMLParser.java:1617)
	at ptolemy.moml.MoMLParser.parse(MoMLParser.java:1792)
	at ptolemy.actor.ptalon.PtalonEvaluator.addActor(PtalonEvaluator.java:241)
	... 56 more
Caused by: ptolemy.kernel.util.IllegalActionException: Cannot find class: ptolemy.actor.ptalon.demo.ptinyos.SendAndReceiveCnt.CntToLedsAndRfm. In Ptolemy, classes are typically Java .class files. Entities like actors may instead be defined within a .xml file.  In any case, the class was not found. If the class uses a third party package, then the class would be present only if the third party package was found at compile time.  It may be necessary to upgrade Java or install the third party package, reconfigure and recompile.
Because:
Element <entity name="MicaLeds" class="ptolemy.domains.ptinyos.lib.MicaLeds"> caused an exception to be thrown.
  in .CntToLedsAndRfm
Because:
Cannot find class: ptolemy.domains.ptinyos.lib.MicaLeds. In Ptolemy, classes are typically Java .class files. Entities like actors may instead be defined within a .xml file.  In any case, the class was not found. If the class uses a third party package, then the class would be present only if the third party package was found at compile time.  It may be necessary to upgrade Java or install the third party package, reconfigure and recompile.
Because:
-- /home/travis/build/icyphy/ptII/ptolemy/actor/ptalon/demo/ptinyos/SendAndReceiveCnt/ptolemy/domains/ptinyos/lib/MicaLeds.xml (No such file or directory)
-- XML file not found relative to classpath.
-- /home/travis/build/icyphy/ptII/ptolemy/vergil/basic/export/test/ptolemy/domains/ptinyos/lib/MicaLeds.xml
/home/travis/build/icyphy/ptII/ptolemy/vergil/basic/export/test/ptolemy/domains/ptinyos/lib/MicaLeds.xml (No such file or directory)
 in file:/home/travis/build/icyphy/ptII/ptolemy/actor/ptalon/demo/ptinyos/SendAndReceiveCnt/CntToLedsAndRfm.xml at line 132 and column 63
	at ptolemy.moml.MoMLParser._createEntity(MoMLParser.java:4330)
	at ptolemy.moml.MoMLParser.startElement(MoMLParser.java:2864)
	... 64 more
Caused by: ptolemy.kernel.util.InternalErrorException: Element <entity name="MicaLeds" class="ptolemy.domains.ptinyos.lib.MicaLeds"> caused an exception to be thrown.
  in .CntToLedsAndRfm
Because:
Cannot find class: ptolemy.domains.ptinyos.lib.MicaLeds. In Ptolemy, classes are typically Java .class files. Entities like actors may instead be defined within a .xml file.  In any case, the class was not found. If the class uses a third party package, then the class would be present only if the third party package was found at compile time.  It may be necessary to upgrade Java or install the third party package, reconfigure and recompile.
Because:
-- /home/travis/build/icyphy/ptII/ptolemy/actor/ptalon/demo/ptinyos/SendAndReceiveCnt/ptolemy/domains/ptinyos/lib/MicaLeds.xml (No such file or directory)
-- XML file not found relative to classpath.
-- /home/travis/build/icyphy/ptII/ptolemy/vergil/basic/export/test/ptolemy/domains/ptinyos/lib/MicaLeds.xml
/home/travis/build/icyphy/ptII/ptolemy/vergil/basic/export/test/ptolemy/domains/ptinyos/lib/MicaLeds.xml (No such file or directory)
 in file:/home/travis/build/icyphy/ptII/ptolemy/actor/ptalon/demo/ptinyos/SendAndReceiveCnt/CntToLedsAndRfm.xml at line 132 and column 63
	at ptolemy.moml.SimpleErrorHandler.handleError(SimpleErrorHandler.java:75)
	at ptolemy.moml.MoMLParser.startElement(MoMLParser.java:3805)
	at com.microstar.xml.XmlParser.parseElement(XmlParser.java:921)
	at com.microstar.xml.XmlParser.parseContent(XmlParser.java:1104)
	at com.microstar.xml.XmlParser.parseElement(XmlParser.java:924)
	at com.microstar.xml.XmlParser.parseDocument(XmlParser.java:481)
	at com.microstar.xml.XmlParser.doParse(XmlParser.java:159)
	at com.microstar.xml.XmlParser.parse(XmlParser.java:132)
	at ptolemy.moml.MoMLParser.parse(MoMLParser.java:1676)
	at ptolemy.moml.MoMLParser.parse(MoMLParser.java:1595)
	at ptolemy.moml.MoMLParser.parse(MoMLParser.java:1537)
	at ptolemy.moml.MoMLParser._findOrParse(MoMLParser.java:5286)
	at ptolemy.moml.MoMLParser._attemptToFindMoMLClass(MoMLParser.java:4075)
	at ptolemy.moml.MoMLParser._createEntity(MoMLParser.java:4323)
	... 65 more
Caused by: ptolemy.kernel.util.IllegalActionException: Cannot find class: ptolemy.domains.ptinyos.lib.MicaLeds. In Ptolemy, classes are typically Java .class files. Entities like actors may instead be defined within a .xml file.  In any case, the class was not found. If the class uses a third party package, then the class would be present only if the third party package was found at compile time.  It may be necessary to upgrade Java or install the third party package, reconfigure and recompile.
Because:
-- /home/travis/build/icyphy/ptII/ptolemy/actor/ptalon/demo/ptinyos/SendAndReceiveCnt/ptolemy/domains/ptinyos/lib/MicaLeds.xml (No such file or directory)
-- XML file not found relative to classpath.
-- /home/travis/build/icyphy/ptII/ptolemy/vergil/basic/export/test/ptolemy/domains/ptinyos/lib/MicaLeds.xml
/home/travis/build/icyphy/ptII/ptolemy/vergil/basic/export/test/ptolemy/domains/ptinyos/lib/MicaLeds.xml (No such file or directory)
 in file:/home/travis/build/icyphy/ptII/ptolemy/actor/ptalon/demo/ptinyos/SendAndReceiveCnt/CntToLedsAndRfm.xml at line 132 and column 63
	at ptolemy.moml.MoMLParser._createEntity(MoMLParser.java:4330)
	at ptolemy.moml.MoMLParser.startElement(MoMLParser.java:2864)
	... 77 more
Caused by: com.microstar.xml.XmlException: -- /home/travis/build/icyphy/ptII/ptolemy/actor/ptalon/demo/ptinyos/SendAndReceiveCnt/ptolemy/domains/ptinyos/lib/MicaLeds.xml (No such file or directory)
-- XML file not found relative to classpath.
-- /home/travis/build/icyphy/ptII/ptolemy/vergil/basic/export/test/ptolemy/domains/ptinyos/lib/MicaLeds.xml
/home/travis/build/icyphy/ptII/ptolemy/vergil/basic/export/test/ptolemy/domains/ptinyos/lib/MicaLeds.xml (No such file or directory)
 in file:/home/travis/build/icyphy/ptII/ptolemy/actor/ptalon/demo/ptinyos/SendAndReceiveCnt/CntToLedsAndRfm.xml at line 132 and column 63
	at ptolemy.moml.MoMLParser.fileNameToURL(MoMLParser.java:1414)
	at ptolemy.moml.MoMLParser._findOrParse(MoMLParser.java:5283)
	at ptolemy.moml.MoMLParser._attemptToFindMoMLClass(MoMLParser.java:4075)
	at ptolemy.moml.MoMLParser._createEntity(MoMLParser.java:4323)
	... 78 more
Caused by: ptolemy.actor.ptalon.PtalonRuntimeException: Unable to add actor null
	at ptolemy.actor.ptalon.PtalonEvaluator.addActor(PtalonEvaluator.java:300)
	at ptolemy.actor.ptalon.PtalonPopulator.actor_declaration(PtalonPopulator.java:1574)
	at ptolemy.actor.ptalon.PtalonPopulator.atomic_statement(PtalonPopulator.java:1638)
	at ptolemy.actor.ptalon.PtalonPopulator.iterative_statement_evaluator(PtalonPopulator.java:2484)
	at ptolemy.actor.ptalon.AbstractPtalonEvaluator$IfTree.evaluateForScope(AbstractPtalonEvaluator.java:1307)
	at ptolemy.actor.ptalon.AbstractPtalonEvaluator.evaluateForScope(AbstractPtalonEvaluator.java:744)
	at ptolemy.actor.ptalon.PtalonPopulator.iterative_statement(PtalonPopulator.java:2363)
	at ptolemy.actor.ptalon.PtalonPopulator.actor_definition(PtalonPopulator.java:2809)
	at ptolemy.actor.ptalon.PtalonActor.attributeChanged(PtalonActor.java:206)
	at ptolemy.actor.ptalon.PtalonMLHandler.startElement(PtalonMLHandler.java:134)
	at com.microstar.xml.XmlParser.parseElement(XmlParser.java:921)
	at com.microstar.xml.XmlParser.parseContent(XmlParser.java:1104)
	at com.microstar.xml.XmlParser.parseElement(XmlParser.java:924)
	at com.microstar.xml.XmlParser.parseDocument(XmlParser.java:481)
	at com.microstar.xml.XmlParser.doParse(XmlParser.java:159)
	at com.microstar.xml.XmlParser.parse(XmlParser.java:132)
	at ptolemy.actor.ptalon.PtalonActor.configure(PtalonActor.java:240)
	at ptolemy.moml.MoMLParser.endElement(MoMLParser.java:996)
	at com.microstar.xml.XmlParser.parseETag(XmlParser.java:1026)
	at com.microstar.xml.XmlParser.parseContent(XmlParser.java:1098)
	at com.microstar.xml.XmlParser.parseElement(XmlParser.java:924)
	at com.microstar.xml.XmlParser.parseContent(XmlParser.java:1104)
	at com.microstar.xml.XmlParser.parseElement(XmlParser.java:924)
	at com.microstar.xml.XmlParser.parseContent(XmlParser.java:1104)
	at com.microstar.xml.XmlParser.parseElement(XmlParser.java:924)
	at com.microstar.xml.XmlParser.parseDocument(XmlParser.java:481)
	at com.microstar.xml.XmlParser.doParse(XmlParser.java:159)
	at com.microstar.xml.XmlParser.parse(XmlParser.java:132)
	at ptolemy.moml.MoMLParser.parse(MoMLParser.java:1676)
	at ptolemy.moml.MoMLParser.parse(MoMLParser.java:1595)
	at ptolemy.moml.MoMLParser.parse(MoMLParser.java:1537)
	at ptolemy.actor.gui.PtolemyEffigy$Factory.createEffigy(PtolemyEffigy.java:424)
	at ptolemy.actor.gui.EffigyFactory.createEffigy(EffigyFactory.java:234)
	at ptolemy.actor.gui.Configuration.openModel(Configuration.java:1125)
	at ptolemy.actor.gui.Configuration.openModel(Configuration.java:1051)
	at ptolemy.actor.gui.ConfigurationApplication._openModel(ConfigurationApplication.java:1252)
	at ptolemy.actor.gui.ConfigurationApplication._parseArg(ConfigurationApplication.java:1399)
	at ptolemy.actor.gui.ConfigurationApplication._parseArgs(ConfigurationApplication.java:1478)
	at ptolemy.actor.gui.ConfigurationApplication.<init>(ConfigurationApplication.java:277)
	at ptolemy.actor.gui.ConfigurationApplication.<init>(ConfigurationApplication.java:214)
	at ptolemy.actor.gui.ConfigurationApplication.<init>(ConfigurationApplication.java:201)
	at ptolemy.actor.gui.ConfigurationApplication.openModelOrEntity(ConfigurationApplication.java:680)
	at ptolemy.vergil.basic.export.ExportModel$1.run(ExportModel.java:220)
	at java.awt.event.InvocationEvent.dispatch(InvocationEvent.java:301)
	at java.awt.EventQueue.dispatchEventImpl(EventQueue.java:756)
	at java.awt.EventQueue.access$500(EventQueue.java:97)
	at java.awt.EventQueue$3.run(EventQueue.java:709)
	at java.awt.EventQueue$3.run(EventQueue.java:703)
	at java.security.AccessController.doPrivileged(Native Method)
	at java.security.ProtectionDomain$JavaSecurityAccessImpl.doIntersectionPrivilege(ProtectionDomain.java:80)
	at java.awt.EventQueue.dispatchEvent(EventQueue.java:726)
	at java.awt.EventDispatchThread.pumpOneEventForFilters(EventDispatchThread.java:201)
	at java.awt.EventDispatchThread.pumpEventsForFilter(EventDispatchThread.java:116)
	at java.awt.EventDispatchThread.pumpEventsForHierarchy(EventDispatchThread.java:105)
	at java.awt.EventDispatchThread.pumpEvents(EventDispatchThread.java:101)
	at java.awt.EventDispatchThread.pumpEvents(EventDispatchThread.java:93)
	at java.awt.EventDispatchThread.run(EventDispatchThread.java:82)
Caused by: ptolemy.kernel.util.InternalErrorException: Element <entity name="sender1" class="ptolemy.actor.ptalon.demo.ptinyos.SendAndReceiveCnt.CntToLedsAndRfm"> caused an exception to be thrown.
  in .SendAndReceiveCnt.SendAndReceiveCnt
Because:
Cannot find class: ptolemy.actor.ptalon.demo.ptinyos.SendAndReceiveCnt.CntToLedsAndRfm. In Ptolemy, classes are typically Java .class files. Entities like actors may instead be defined within a .xml file.  In any case, the class was not found. If the class uses a third party package, then the class would be present only if the third party package was found at compile time.  It may be necessary to upgrade Java or install the third party package, reconfigure and recompile.
Because:
Element <entity name="MicaLeds" class="ptolemy.domains.ptinyos.lib.MicaLeds"> caused an exception to be thrown.
  in .CntToLedsAndRfm
Because:
Cannot find class: ptolemy.domains.ptinyos.lib.MicaLeds. In Ptolemy, classes are typically Java .class files. Entities like actors may instead be defined within a .xml file.  In any case, the class was not found. If the class uses a third party package, then the class would be present only if the third party package was found at compile time.  It may be necessary to upgrade Java or install the third party package, reconfigure and recompile.
Because:
-- /home/travis/build/icyphy/ptII/ptolemy/actor/ptalon/demo/ptinyos/SendAndReceiveCnt/ptolemy/domains/ptinyos/lib/MicaLeds.xml (No such file or directory)
-- XML file not found relative to classpath.
-- /home/travis/build/icyphy/ptII/ptolemy/vergil/basic/export/test/ptolemy/domains/ptinyos/lib/MicaLeds.xml
/home/travis/build/icyphy/ptII/ptolemy/vergil/basic/export/test/ptolemy/domains/ptinyos/lib/MicaLeds.xml (No such file or directory)
 in file:/home/travis/build/icyphy/ptII/ptolemy/actor/ptalon/demo/ptinyos/SendAndReceiveCnt/CntToLedsAndRfm.xml at line 132 and column 63
	at ptolemy.moml.SimpleErrorHandler.handleError(SimpleErrorHandler.java:75)
	at ptolemy.moml.MoMLParser.startElement(MoMLParser.java:3805)
	at com.microstar.xml.XmlParser.parseElement(XmlParser.java:931)
	at com.microstar.xml.XmlParser.parseDocument(XmlParser.java:481)
	at com.microstar.xml.XmlParser.doParse(XmlParser.java:159)
	at com.microstar.xml.XmlParser.parse(XmlParser.java:132)
	at ptolemy.moml.MoMLParser.parse(MoMLParser.java:1660)
	at ptolemy.moml.MoMLParser.parse(MoMLParser.java:1617)
	at ptolemy.moml.MoMLParser.parse(MoMLParser.java:1792)
	at ptolemy.actor.ptalon.PtalonEvaluator.addActor(PtalonEvaluator.java:241)
	... 56 more
Caused by: ptolemy.kernel.util.IllegalActionException: Cannot find class: ptolemy.actor.ptalon.demo.ptinyos.SendAndReceiveCnt.CntToLedsAndRfm. In Ptolemy, classes are typically Java .class files. Entities like actors may instead be defined within a .xml file.  In any case, the class was not found. If the class uses a third party package, then the class would be present only if the third party package was found at compile time.  It may be necessary to upgrade Java or install the third party package, reconfigure and recompile.
Because:
Element <entity name="MicaLeds" class="ptolemy.domains.ptinyos.lib.MicaLeds"> caused an exception to be thrown.
  in .CntToLedsAndRfm
Because:
Cannot find class: ptolemy.domains.ptinyos.lib.MicaLeds. In Ptolemy, classes are typically Java .class files. Entities like actors may instead be defined within a .xml file.  In any case, the class was not found. If the class uses a third party package, then the class would be present only if the third party package was found at compile time.  It may be necessary to upgrade Java or install the third party package, reconfigure and recompile.
Because:
-- /home/travis/build/icyphy/ptII/ptolemy/actor/ptalon/demo/ptinyos/SendAndReceiveCnt/ptolemy/domains/ptinyos/lib/MicaLeds.xml (No such file or directory)
-- XML file not found relative to classpath.
-- /home/travis/build/icyphy/ptII/ptolemy/vergil/basic/export/test/ptolemy/domains/ptinyos/lib/MicaLeds.xml
/home/travis/build/icyphy/ptII/ptolemy/vergil/basic/export/test/ptolemy/domains/ptinyos/lib/MicaLeds.xml (No such file or directory)
 in file:/home/travis/build/icyphy/ptII/ptolemy/actor/ptalon/demo/ptinyos/SendAndReceiveCnt/CntToLedsAndRfm.xml at line 132 and column 63
	at ptolemy.moml.MoMLParser._createEntity(MoMLParser.java:4330)
	at ptolemy.moml.MoMLParser.startElement(MoMLParser.java:2864)
	... 64 more
Caused by: ptolemy.kernel.util.InternalErrorException: Element <entity name="MicaLeds" class="ptolemy.domains.ptinyos.lib.MicaLeds"> caused an exception to be thrown.
  in .CntToLedsAndRfm
Because:
Cannot find class: ptolemy.domains.ptinyos.lib.MicaLeds. In Ptolemy, classes are typically Java .class files. Entities like actors may instead be defined within a .xml file.  In any case, the class was not found. If the class uses a third party package, then the class would be present only if the third party package was found at compile time.  It may be necessary to upgrade Java or install the third party package, reconfigure and recompile.
Because:
-- /home/travis/build/icyphy/ptII/ptolemy/actor/ptalon/demo/ptinyos/SendAndReceiveCnt/ptolemy/domains/ptinyos/lib/MicaLeds.xml (No such file or directory)
-- XML file not found relative to classpath.
-- /home/travis/build/icyphy/ptII/ptolemy/vergil/basic/export/test/ptolemy/domains/ptinyos/lib/MicaLeds.xml
/home/travis/build/icyphy/ptII/ptolemy/vergil/basic/export/test/ptolemy/domains/ptinyos/lib/MicaLeds.xml (No such file or directory)
 in file:/home/travis/build/icyphy/ptII/ptolemy/actor/ptalon/demo/ptinyos/SendAndReceiveCnt/CntToLedsAndRfm.xml at line 132 and column 63
	at ptolemy.moml.SimpleErrorHandler.handleError(SimpleErrorHandler.java:75)
	at ptolemy.moml.MoMLParser.startElement(MoMLParser.java:3805)
	at com.microstar.xml.XmlParser.parseElement(XmlParser.java:921)
	at com.microstar.xml.XmlParser.parseContent(XmlParser.java:1104)
	at com.microstar.xml.XmlParser.parseElement(XmlParser.java:924)
	at com.microstar.xml.XmlParser.parseDocument(XmlParser.java:481)
	at com.microstar.xml.XmlParser.doParse(XmlParser.java:159)
	at com.microstar.xml.XmlParser.parse(XmlParser.java:132)
	at ptolemy.moml.MoMLParser.parse(MoMLParser.java:1676)
	at ptolemy.moml.MoMLParser.parse(MoMLParser.java:1595)
	at ptolemy.moml.MoMLParser.parse(MoMLParser.java:1537)
	at ptolemy.moml.MoMLParser._findOrParse(MoMLParser.java:5286)
	at ptolemy.moml.MoMLParser._attemptToFindMoMLClass(MoMLParser.java:4075)
	at ptolemy.moml.MoMLParser._createEntity(MoMLParser.java:4323)
	... 65 more
Caused by: ptolemy.kernel.util.IllegalActionException: Cannot find class: ptolemy.domains.ptinyos.lib.MicaLeds. In Ptolemy, classes are typically Java .class files. Entities like actors may instead be defined within a .xml file.  In any case, the class was not found. If the class uses a third party package, then the class would be present only if the third party package was found at compile time.  It may be necessary to upgrade Java or install the third party package, reconfigure and recompile.
Because:
-- /home/travis/build/icyphy/ptII/ptolemy/actor/ptalon/demo/ptinyos/SendAndReceiveCnt/ptolemy/domains/ptinyos/lib/MicaLeds.xml (No such file or directory)
-- XML file not found relative to classpath.
-- /home/travis/build/icyphy/ptII/ptolemy/vergil/basic/export/test/ptolemy/domains/ptinyos/lib/MicaLeds.xml
/home/travis/build/icyphy/ptII/ptolemy/vergil/basic/export/test/ptolemy/domains/ptinyos/lib/MicaLeds.xml (No such file or directory)
 in file:/home/travis/build/icyphy/ptII/ptolemy/actor/ptalon/demo/ptinyos/SendAndReceiveCnt/CntToLedsAndRfm.xml at line 132 and column 63
	at ptolemy.moml.MoMLParser._createEntity(MoMLParser.java:4330)
	at ptolemy.moml.MoMLParser.startElement(MoMLParser.java:2864)
	... 77 more
Caused by: com.microstar.xml.XmlException: -- /home/travis/build/icyphy/ptII/ptolemy/actor/ptalon/demo/ptinyos/SendAndReceiveCnt/ptolemy/domains/ptinyos/lib/MicaLeds.xml (No such file or directory)
-- XML file not found relative to classpath.
-- /home/travis/build/icyphy/ptII/ptolemy/vergil/basic/export/test/ptolemy/domains/ptinyos/lib/MicaLeds.xml
/home/travis/build/icyphy/ptII/ptolemy/vergil/basic/export/test/ptolemy/domains/ptinyos/lib/MicaLeds.xml (No such file or directory)
 in file:/home/travis/build/icyphy/ptII/ptolemy/actor/ptalon/demo/ptinyos/SendAndReceiveCnt/CntToLedsAndRfm.xml at line 132 and column 63
	at ptolemy.moml.MoMLParser.fileNameToURL(MoMLParser.java:1414)
	at ptolemy.moml.MoMLParser._findOrParse(MoMLParser.java:5283)
	at ptolemy.moml.MoMLParser._attemptToFindMoMLClass(MoMLParser.java:4075)
	at ptolemy.moml.MoMLParser._createEntity(MoMLParser.java:4323)
	... 78 more
ptolemy.kernel.util.IllegalActionException: Failed to process attribute change to PtalonParameter, whose value is "ptolemy.actor.ptalon.PtalonExpressionParameter {.SendAndReceiveCnt.SendAndReceiveCnt.channelName} "AtomicWirelessChannel"".
  in .SendAndReceiveCnt.SendAndReceiveCnt
Because:
Unable to add actor null
	at ptolemy.actor.ptalon.PtalonActor.attributeChanged(PtalonActor.java:211)
	at ptolemy.actor.ptalon.PtalonMLHandler.startElement(PtalonMLHandler.java:134)
	at com.microstar.xml.XmlParser.parseElement(XmlParser.java:921)
	at com.microstar.xml.XmlParser.parseContent(XmlParser.java:1104)
	at com.microstar.xml.XmlParser.parseElement(XmlParser.java:924)
	at com.microstar.xml.XmlParser.parseDocument(XmlParser.java:481)
	at com.microstar.xml.XmlParser.doParse(XmlParser.java:159)
	at com.microstar.xml.XmlParser.parse(XmlParser.java:132)
	at ptolemy.actor.ptalon.PtalonActor.configure(PtalonActor.java:240)
	at ptolemy.moml.MoMLParser.endElement(MoMLParser.java:996)
	at com.microstar.xml.XmlParser.parseETag(XmlParser.java:1026)
	at com.microstar.xml.XmlParser.parseContent(XmlParser.java:1098)
	at com.microstar.xml.XmlParser.parseElement(XmlParser.java:924)
	at com.microstar.xml.XmlParser.parseContent(XmlParser.java:1104)
	at com.microstar.xml.XmlParser.parseElement(XmlParser.java:924)
	at com.microstar.xml.XmlParser.parseContent(XmlParser.java:1104)
	at com.microstar.xml.XmlParser.parseElement(XmlParser.java:924)
	at com.microstar.xml.XmlParser.parseDocument(XmlParser.java:481)
	at com.microstar.xml.XmlParser.doParse(XmlParser.java:159)
	at com.microstar.xml.XmlParser.parse(XmlParser.java:132)
	at ptolemy.moml.MoMLParser.parse(MoMLParser.java:1676)
	at ptolemy.moml.MoMLParser.parse(MoMLParser.java:1595)
	at ptolemy.moml.MoMLParser.parse(MoMLParser.java:1537)
	at ptolemy.actor.gui.PtolemyEffigy$Factory.createEffigy(PtolemyEffigy.java:424)
	at ptolemy.actor.gui.EffigyFactory.createEffigy(EffigyFactory.java:234)
	at ptolemy.actor.gui.Configuration.openModel(Configuration.java:1125)
	at ptolemy.actor.gui.Configuration.openModel(Configuration.java:1051)
	at ptolemy.actor.gui.ConfigurationApplication._openModel(ConfigurationApplication.java:1252)
	at ptolemy.actor.gui.ConfigurationApplication._parseArg(ConfigurationApplication.java:1399)
	at ptolemy.actor.gui.ConfigurationApplication._parseArgs(ConfigurationApplication.java:1478)
	at ptolemy.actor.gui.ConfigurationApplication.<init>(ConfigurationApplication.java:277)
	at ptolemy.actor.gui.ConfigurationApplication.<init>(ConfigurationApplication.java:214)
	at ptolemy.actor.gui.ConfigurationApplication.<init>(ConfigurationApplication.java:201)
	at ptolemy.actor.gui.ConfigurationApplication.openModelOrEntity(ConfigurationApplication.java:680)
	at ptolemy.vergil.basic.export.ExportModel$1.run(ExportModel.java:220)
	at java.awt.event.InvocationEvent.dispatch(InvocationEvent.java:301)
	at java.awt.EventQueue.dispatchEventImpl(EventQueue.java:756)
	at java.awt.EventQueue.access$500(EventQueue.java:97)
	at java.awt.EventQueue$3.run(EventQueue.java:709)
	at java.awt.EventQueue$3.run(EventQueue.java:703)
	at java.security.AccessController.doPrivileged(Native Method)
	at java.security.ProtectionDomain$JavaSecurityAccessImpl.doIntersectionPrivilege(ProtectionDomain.java:80)
	at java.awt.EventQueue.dispatchEvent(EventQueue.java:726)
	at java.awt.EventDispatchThread.pumpOneEventForFilters(EventDispatchThread.java:201)
	at java.awt.EventDispatchThread.pumpEventsForFilter(EventDispatchThread.java:116)
	at java.awt.EventDispatchThread.pumpEventsForHierarchy(EventDispatchThread.java:105)
	at java.awt.EventDispatchThread.pumpEvents(EventDispatchThread.java:101)
	at java.awt.EventDispatchThread.pumpEvents(EventDispatchThread.java:93)
	at java.awt.EventDispatchThread.run(EventDispatchThread.java:82)
Caused by: ptolemy.actor.ptalon.PtalonRuntimeException: Unable to add actor null
	at ptolemy.actor.ptalon.PtalonEvaluator.addActor(PtalonEvaluator.java:300)
	at ptolemy.actor.ptalon.PtalonPopulator.actor_declaration(PtalonPopulator.java:1574)
	at ptolemy.actor.ptalon.PtalonPopulator.atomic_statement(PtalonPopulator.java:1638)
	at ptolemy.actor.ptalon.PtalonPopulator.iterative_statement_evaluator(PtalonPopulator.java:2484)
	at ptolemy.actor.ptalon.AbstractPtalonEvaluator$IfTree.evaluateForScope(AbstractPtalonEvaluator.java:1307)
	at ptolemy.actor.ptalon.AbstractPtalonEvaluator.evaluateForScope(AbstractPtalonEvaluator.java:744)
	at ptolemy.actor.ptalon.PtalonPopulator.iterative_statement(PtalonPopulator.java:2363)
	at ptolemy.actor.ptalon.PtalonPopulator.actor_definition(PtalonPopulator.java:2809)
	at ptolemy.actor.ptalon.PtalonActor.attributeChanged(PtalonActor.java:206)
	... 48 more
Caused by: ptolemy.kernel.util.InternalErrorException: Element <entity name="sender1" class="ptolemy.actor.ptalon.demo.ptinyos.SendAndReceiveCnt.CntToLedsAndRfm"> caused an exception to be thrown.
  in .SendAndReceiveCnt.SendAndReceiveCnt
Because:
Cannot find class: ptolemy.actor.ptalon.demo.ptinyos.SendAndReceiveCnt.CntToLedsAndRfm. In Ptolemy, classes are typically Java .class files. Entities like actors may instead be defined within a .xml file.  In any case, the class was not found. If the class uses a third party package, then the class would be present only if the third party package was found at compile time.  It may be necessary to upgrade Java or install the third party package, reconfigure and recompile.
Because:
Element <entity name="MicaLeds" class="ptolemy.domains.ptinyos.lib.MicaLeds"> caused an exception to be thrown.
  in .CntToLedsAndRfm
Because:
Cannot find class: ptolemy.domains.ptinyos.lib.MicaLeds. In Ptolemy, classes are typically Java .class files. Entities like actors may instead be defined within a .xml file.  In any case, the class was not found. If the class uses a third party package, then the class would be present only if the third party package was found at compile time.  It may be necessary to upgrade Java or install the third party package, reconfigure and recompile.
Because:
-- /home/travis/build/icyphy/ptII/ptolemy/actor/ptalon/demo/ptinyos/SendAndReceiveCnt/ptolemy/domains/ptinyos/lib/MicaLeds.xml (No such file or directory)
-- XML file not found relative to classpath.
-- /home/travis/build/icyphy/ptII/ptolemy/vergil/basic/export/test/ptolemy/domains/ptinyos/lib/MicaLeds.xml
/home/travis/build/icyphy/ptII/ptolemy/vergil/basic/export/test/ptolemy/domains/ptinyos/lib/MicaLeds.xml (No such file or directory)
 in file:/home/travis/build/icyphy/ptII/ptolemy/actor/ptalon/demo/ptinyos/SendAndReceiveCnt/CntToLedsAndRfm.xml at line 132 and column 63
	at ptolemy.moml.SimpleErrorHandler.handleError(SimpleErrorHandler.java:75)
	at ptolemy.moml.MoMLParser.startElement(MoMLParser.java:3805)
	at com.microstar.xml.XmlParser.parseElement(XmlParser.java:931)
	at com.microstar.xml.XmlParser.parseDocument(XmlParser.java:481)
	at com.microstar.xml.XmlParser.doParse(XmlParser.java:159)
	at com.microstar.xml.XmlParser.parse(XmlParser.java:132)
	at ptolemy.moml.MoMLParser.parse(MoMLParser.java:1660)
	at ptolemy.moml.MoMLParser.parse(MoMLParser.java:1617)
	at ptolemy.moml.MoMLParser.parse(MoMLParser.java:1792)
	at ptolemy.actor.ptalon.PtalonEvaluator.addActor(PtalonEvaluator.java:241)
	... 56 more
Caused by: ptolemy.kernel.util.IllegalActionException: Cannot find class: ptolemy.actor.ptalon.demo.ptinyos.SendAndReceiveCnt.CntToLedsAndRfm. In Ptolemy, classes are typically Java .class files. Entities like actors may instead be defined within a .xml file.  In any case, the class was not found. If the class uses a third party package, then the class would be present only if the third party package was found at compile time.  It may be necessary to upgrade Java or install the third party package, reconfigure and recompile.
Because:
Element <entity name="MicaLeds" class="ptolemy.domains.ptinyos.lib.MicaLeds"> caused an exception to be thrown.
  in .CntToLedsAndRfm
Because:
Cannot find class: ptolemy.domains.ptinyos.lib.MicaLeds. In Ptolemy, classes are typically Java .class files. Entities like actors may instead be defined within a .xml file.  In any case, the class was not found. If the class uses a third party package, then the class would be present only if the third party package was found at compile time.  It may be necessary to upgrade Java or install the third party package, reconfigure and recompile.
Because:
-- /home/travis/build/icyphy/ptII/ptolemy/actor/ptalon/demo/ptinyos/SendAndReceiveCnt/ptolemy/domains/ptinyos/lib/MicaLeds.xml (No such file or directory)
-- XML file not found relative to classpath.
-- /home/travis/build/icyphy/ptII/ptolemy/vergil/basic/export/test/ptolemy/domains/ptinyos/lib/MicaLeds.xml
/home/travis/build/icyphy/ptII/ptolemy/vergil/basic/export/test/ptolemy/domains/ptinyos/lib/MicaLeds.xml (No such file or directory)
 in file:/home/travis/build/icyphy/ptII/ptolemy/actor/ptalon/demo/ptinyos/SendAndReceiveCnt/CntToLedsAndRfm.xml at line 132 and column 63
	at ptolemy.moml.MoMLParser._createEntity(MoMLParser.java:4330)
	at ptolemy.moml.MoMLParser.startElement(MoMLParser.java:2864)
	... 64 more
Caused by: ptolemy.kernel.util.InternalErrorException: Element <entity name="MicaLeds" class="ptolemy.domains.ptinyos.lib.MicaLeds"> caused an exception to be thrown.
  in .CntToLedsAndRfm
Because:
Cannot find class: ptolemy.domains.ptinyos.lib.MicaLeds. In Ptolemy, classes are typically Java .class files. Entities like actors may instead be defined within a .xml file.  In any case, the class was not found. If the class uses a third party package, then the class would be present only if the third party package was found at compile time.  It may be necessary to upgrade Java or install the third party package, reconfigure and recompile.
Because:
-- /home/travis/build/icyphy/ptII/ptolemy/actor/ptalon/demo/ptinyos/SendAndReceiveCnt/ptolemy/domains/ptinyos/lib/MicaLeds.xml (No such file or directory)
-- XML file not found relative to classpath.
-- /home/travis/build/icyphy/ptII/ptolemy/vergil/basic/export/test/ptolemy/domains/ptinyos/lib/MicaLeds.xml
/home/travis/build/icyphy/ptII/ptolemy/vergil/basic/export/test/ptolemy/domains/ptinyos/lib/MicaLeds.xml (No such file or directory)
 in file:/home/travis/build/icyphy/ptII/ptolemy/actor/ptalon/demo/ptinyos/SendAndReceiveCnt/CntToLedsAndRfm.xml at line 132 and column 63
	at ptolemy.moml.SimpleErrorHandler.handleError(SimpleErrorHandler.java:75)
	at ptolemy.moml.MoMLParser.startElement(MoMLParser.java:3805)
	at com.microstar.xml.XmlParser.parseElement(XmlParser.java:921)
	at com.microstar.xml.XmlParser.parseContent(XmlParser.java:1104)
	at com.microstar.xml.XmlParser.parseElement(XmlParser.java:924)
	at com.microstar.xml.XmlParser.parseDocument(XmlParser.java:481)
	at com.microstar.xml.XmlParser.doParse(XmlParser.java:159)
	at com.microstar.xml.XmlParser.parse(XmlParser.java:132)
	at ptolemy.moml.MoMLParser.parse(MoMLParser.java:1676)
	at ptolemy.moml.MoMLParser.parse(MoMLParser.java:1595)
	at ptolemy.moml.MoMLParser.parse(MoMLParser.java:1537)
	at ptolemy.moml.MoMLParser._findOrParse(MoMLParser.java:5286)
	at ptolemy.moml.MoMLParser._attemptToFindMoMLClass(MoMLParser.java:4075)
	at ptolemy.moml.MoMLParser._createEntity(MoMLParser.java:4323)
	... 65 more
Caused by: ptolemy.kernel.util.IllegalActionException: Cannot find class: ptolemy.domains.ptinyos.lib.MicaLeds. In Ptolemy, classes are typically Java .class files. Entities like actors may instead be defined within a .xml file.  In any case, the class was not found. If the class uses a third party package, then the class would be present only if the third party package was found at compile time.  It may be necessary to upgrade Java or install the third party package, reconfigure and recompile.
Because:
-- /home/travis/build/icyphy/ptII/ptolemy/actor/ptalon/demo/ptinyos/SendAndReceiveCnt/ptolemy/domains/ptinyos/lib/MicaLeds.xml (No such file or directory)
-- XML file not found relative to classpath.
-- /home/travis/build/icyphy/ptII/ptolemy/vergil/basic/export/test/ptolemy/domains/ptinyos/lib/MicaLeds.xml
/home/travis/build/icyphy/ptII/ptolemy/vergil/basic/export/test/ptolemy/domains/ptinyos/lib/MicaLeds.xml (No such file or directory)
 in file:/home/travis/build/icyphy/ptII/ptolemy/actor/ptalon/demo/ptinyos/SendAndReceiveCnt/CntToLedsAndRfm.xml at line 132 and column 63
	at ptolemy.moml.MoMLParser._createEntity(MoMLParser.java:4330)
	at ptolemy.moml.MoMLParser.startElement(MoMLParser.java:2864)
	... 77 more
Caused by: com.microstar.xml.XmlException: -- /home/travis/build/icyphy/ptII/ptolemy/actor/ptalon/demo/ptinyos/SendAndReceiveCnt/ptolemy/domains/ptinyos/lib/MicaLeds.xml (No such file or directory)
-- XML file not found relative to classpath.
-- /home/travis/build/icyphy/ptII/ptolemy/vergil/basic/export/test/ptolemy/domains/ptinyos/lib/MicaLeds.xml
/home/travis/build/icyphy/ptII/ptolemy/vergil/basic/export/test/ptolemy/domains/ptinyos/lib/MicaLeds.xml (No such file or directory)
 in file:/home/travis/build/icyphy/ptII/ptolemy/actor/ptalon/demo/ptinyos/SendAndReceiveCnt/CntToLedsAndRfm.xml at line 132 and column 63
	at ptolemy.moml.MoMLParser.fileNameToURL(MoMLParser.java:1414)
	at ptolemy.moml.MoMLParser._findOrParse(MoMLParser.java:5283)
	at ptolemy.moml.MoMLParser._attemptToFindMoMLClass(MoMLParser.java:4075)
	at ptolemy.moml.MoMLParser._createEntity(MoMLParser.java:4323)
	... 78 more
Caused by: ptolemy.actor.ptalon.PtalonRuntimeException: Unable to add actor null
	at ptolemy.actor.ptalon.PtalonEvaluator.addActor(PtalonEvaluator.java:300)
	at ptolemy.actor.ptalon.PtalonPopulator.actor_declaration(PtalonPopulator.java:1574)
	at ptolemy.actor.ptalon.PtalonPopulator.atomic_statement(PtalonPopulator.java:1638)
	at ptolemy.actor.ptalon.PtalonPopulator.iterative_statement_evaluator(PtalonPopulator.java:2484)
	at ptolemy.actor.ptalon.AbstractPtalonEvaluator$IfTree.evaluateForScope(AbstractPtalonEvaluator.java:1307)
	at ptolemy.actor.ptalon.AbstractPtalonEvaluator.evaluateForScope(AbstractPtalonEvaluator.java:744)
	at ptolemy.actor.ptalon.PtalonPopulator.iterative_statement(PtalonPopulator.java:2363)
	at ptolemy.actor.ptalon.PtalonPopulator.actor_definition(PtalonPopulator.java:2809)
	at ptolemy.actor.ptalon.PtalonActor.attributeChanged(PtalonActor.java:206)
	at ptolemy.actor.ptalon.PtalonMLHandler.startElement(PtalonMLHandler.java:134)
	at com.microstar.xml.XmlParser.parseElement(XmlParser.java:921)
	at com.microstar.xml.XmlParser.parseContent(XmlParser.java:1104)
	at com.microstar.xml.XmlParser.parseElement(XmlParser.java:924)
	at com.microstar.xml.XmlParser.parseDocument(XmlParser.java:481)
	at com.microstar.xml.XmlParser.doParse(XmlParser.java:159)
	at com.microstar.xml.XmlParser.parse(XmlParser.java:132)
	at ptolemy.actor.ptalon.PtalonActor.configure(PtalonActor.java:240)
	at ptolemy.moml.MoMLParser.endElement(MoMLParser.java:996)
	at com.microstar.xml.XmlParser.parseETag(XmlParser.java:1026)
	at com.microstar.xml.XmlParser.parseContent(XmlParser.java:1098)
	at com.microstar.xml.XmlParser.parseElement(XmlParser.java:924)
	at com.microstar.xml.XmlParser.parseContent(XmlParser.java:1104)
	at com.microstar.xml.XmlParser.parseElement(XmlParser.java:924)
	at com.microstar.xml.XmlParser.parseContent(XmlParser.java:1104)
	at com.microstar.xml.XmlParser.parseElement(XmlParser.java:924)
	at com.microstar.xml.XmlParser.parseDocument(XmlParser.java:481)
	at com.microstar.xml.XmlParser.doParse(XmlParser.java:159)
	at com.microstar.xml.XmlParser.parse(XmlParser.java:132)
	at ptolemy.moml.MoMLParser.parse(MoMLParser.java:1676)
	at ptolemy.moml.MoMLParser.parse(MoMLParser.java:1595)
	at ptolemy.moml.MoMLParser.parse(MoMLParser.java:1537)
	at ptolemy.actor.gui.PtolemyEffigy$Factory.createEffigy(PtolemyEffigy.java:424)
	at ptolemy.actor.gui.EffigyFactory.createEffigy(EffigyFactory.java:234)
	at ptolemy.actor.gui.Configuration.openModel(Configuration.java:1125)
	at ptolemy.actor.gui.Configuration.openModel(Configuration.java:1051)
	at ptolemy.actor.gui.ConfigurationApplication._openModel(ConfigurationApplication.java:1252)
	at ptolemy.actor.gui.ConfigurationApplication._parseArg(ConfigurationApplication.java:1399)
	at ptolemy.actor.gui.ConfigurationApplication._parseArgs(ConfigurationApplication.java:1478)
	at ptolemy.actor.gui.ConfigurationApplication.<init>(ConfigurationApplication.java:277)
	at ptolemy.actor.gui.ConfigurationApplication.<init>(ConfigurationApplication.java:214)
	at ptolemy.actor.gui.ConfigurationApplication.<init>(ConfigurationApplication.java:201)
	at ptolemy.actor.gui.ConfigurationApplication.openModelOrEntity(ConfigurationApplication.java:680)
	at ptolemy.vergil.basic.export.ExportModel$1.run(ExportModel.java:220)
	at java.awt.event.InvocationEvent.dispatch(InvocationEvent.java:301)
	at java.awt.EventQueue.dispatchEventImpl(EventQueue.java:756)
	at java.awt.EventQueue.access$500(EventQueue.java:97)
	at java.awt.EventQueue$3.run(EventQueue.java:709)
	at java.awt.EventQueue$3.run(EventQueue.java:703)
	at java.security.AccessController.doPrivileged(Native Method)
	at java.security.ProtectionDomain$JavaSecurityAccessImpl.doIntersectionPrivilege(ProtectionDomain.java:80)
	at java.awt.EventQueue.dispatchEvent(EventQueue.java:726)
	at java.awt.EventDispatchThread.pumpOneEventForFilters(EventDispatchThread.java:201)
	at java.awt.EventDispatchThread.pumpEventsForFilter(EventDispatchThread.java:116)
	at java.awt.EventDispatchThread.pumpEventsForHierarchy(EventDispatchThread.java:105)
	at java.awt.EventDispatchThread.pumpEvents(EventDispatchThread.java:101)
	at java.awt.EventDispatchThread.pumpEvents(EventDispatchThread.java:93)
	at java.awt.EventDispatchThread.run(EventDispatchThread.java:82)
Caused by: ptolemy.kernel.util.InternalErrorException: Element <entity name="sender1" class="ptolemy.actor.ptalon.demo.ptinyos.SendAndReceiveCnt.CntToLedsAndRfm"> caused an exception to be thrown.
  in .SendAndReceiveCnt.SendAndReceiveCnt
Because:
Cannot find class: ptolemy.actor.ptalon.demo.ptinyos.SendAndReceiveCnt.CntToLedsAndRfm. In Ptolemy, classes are typically Java .class files. Entities like actors may instead be defined within a .xml file.  In any case, the class was not found. If the class uses a third party package, then the class would be present only if the third party package was found at compile time.  It may be necessary to upgrade Java or install the third party package, reconfigure and recompile.
Because:
Element <entity name="MicaLeds" class="ptolemy.domains.ptinyos.lib.MicaLeds"> caused an exception to be thrown.
  in .CntToLedsAndRfm
Because:
Cannot find class: ptolemy.domains.ptinyos.lib.MicaLeds. In Ptolemy, classes are typically Java .class files. Entities like actors may instead be defined within a .xml file.  In any case, the class was not found. If the class uses a third party package, then the class would be present only if the third party package was found at compile time.  It may be necessary to upgrade Java or install the third party package, reconfigure and recompile.
Because:
-- /home/travis/build/icyphy/ptII/ptolemy/actor/ptalon/demo/ptinyos/SendAndReceiveCnt/ptolemy/domains/ptinyos/lib/MicaLeds.xml (No such file or directory)
-- XML file not found relative to classpath.
-- /home/travis/build/icyphy/ptII/ptolemy/vergil/basic/export/test/ptolemy/domains/ptinyos/lib/MicaLeds.xml
/home/travis/build/icyphy/ptII/ptolemy/vergil/basic/export/test/ptolemy/domains/ptinyos/lib/MicaLeds.xml (No such file or directory)
 in file:/home/travis/build/icyphy/ptII/ptolemy/actor/ptalon/demo/ptinyos/SendAndReceiveCnt/CntToLedsAndRfm.xml at line 132 and column 63
	at ptolemy.moml.SimpleErrorHandler.handleError(SimpleErrorHandler.java:75)
	at ptolemy.moml.MoMLParser.startElement(MoMLParser.java:3805)
	at com.microstar.xml.XmlParser.parseElement(XmlParser.java:931)
	at com.microstar.xml.XmlParser.parseDocument(XmlParser.java:481)
	at com.microstar.xml.XmlParser.doParse(XmlParser.java:159)
	at com.microstar.xml.XmlParser.parse(XmlParser.java:132)
	at ptolemy.moml.MoMLParser.parse(MoMLParser.java:1660)
	at ptolemy.moml.MoMLParser.parse(MoMLParser.java:1617)
	at ptolemy.moml.MoMLParser.parse(MoMLParser.java:1792)
	at ptolemy.actor.ptalon.PtalonEvaluator.addActor(PtalonEvaluator.java:241)
	... 56 more
Caused by: ptolemy.kernel.util.IllegalActionException: Cannot find class: ptolemy.actor.ptalon.demo.ptinyos.SendAndReceiveCnt.CntToLedsAndRfm. In Ptolemy, classes are typically Java .class files. Entities like actors may instead be defined within a .xml file.  In any case, the class was not found. If the class uses a third party package, then the class would be present only if the third party package was found at compile time.  It may be necessary to upgrade Java or install the third party package, reconfigure and recompile.
Because:
Element <entity name="MicaLeds" class="ptolemy.domains.ptinyos.lib.MicaLeds"> caused an exception to be thrown.
  in .CntToLedsAndRfm
Because:
Cannot find class: ptolemy.domains.ptinyos.lib.MicaLeds. In Ptolemy, classes are typically Java .class files. Entities like actors may instead be defined within a .xml file.  In any case, the class was not found. If the class uses a third party package, then the class would be present only if the third party package was found at compile time.  It may be necessary to upgrade Java or install the third party package, reconfigure and recompile.
Because:
-- /home/travis/build/icyphy/ptII/ptolemy/actor/ptalon/demo/ptinyos/SendAndReceiveCnt/ptolemy/domains/ptinyos/lib/MicaLeds.xml (No such file or directory)
-- XML file not found relative to classpath.
-- /home/travis/build/icyphy/ptII/ptolemy/vergil/basic/export/test/ptolemy/domains/ptinyos/lib/MicaLeds.xml
/home/travis/build/icyphy/ptII/ptolemy/vergil/basic/export/test/ptolemy/domains/ptinyos/lib/MicaLeds.xml (No such file or directory)
 in file:/home/travis/build/icyphy/ptII/ptolemy/actor/ptalon/demo/ptinyos/SendAndReceiveCnt/CntToLedsAndRfm.xml at line 132 and column 63
	at ptolemy.moml.MoMLParser._createEntity(MoMLParser.java:4330)
	at ptolemy.moml.MoMLParser.startElement(MoMLParser.java:2864)
	... 64 more
Caused by: ptolemy.kernel.util.InternalErrorException: Element <entity name="MicaLeds" class="ptolemy.domains.ptinyos.lib.MicaLeds"> caused an exception to be thrown.
  in .CntToLedsAndRfm
Because:
Cannot find class: ptolemy.domains.ptinyos.lib.MicaLeds. In Ptolemy, classes are typically Java .class files. Entities like actors may instead be defined within a .xml file.  In any case, the class was not found. If the class uses a third party package, then the class would be present only if the third party package was found at compile time.  It may be necessary to upgrade Java or install the third party package, reconfigure and recompile.
Because:
-- /home/travis/build/icyphy/ptII/ptolemy/actor/ptalon/demo/ptinyos/SendAndReceiveCnt/ptolemy/domains/ptinyos/lib/MicaLeds.xml (No such file or directory)
-- XML file not found relative to classpath.
-- /home/travis/build/icyphy/ptII/ptolemy/vergil/basic/export/test/ptolemy/domains/ptinyos/lib/MicaLeds.xml
/home/travis/build/icyphy/ptII/ptolemy/vergil/basic/export/test/ptolemy/domains/ptinyos/lib/MicaLeds.xml (No such file or directory)
 in file:/home/travis/build/icyphy/ptII/ptolemy/actor/ptalon/demo/ptinyos/SendAndReceiveCnt/CntToLedsAndRfm.xml at line 132 and column 63
	at ptolemy.moml.SimpleErrorHandler.handleError(SimpleErrorHandler.java:75)
	at ptolemy.moml.MoMLParser.startElement(MoMLParser.java:3805)
	at com.microstar.xml.XmlParser.parseElement(XmlParser.java:921)
	at com.microstar.xml.XmlParser.parseContent(XmlParser.java:1104)
	at com.microstar.xml.XmlParser.parseElement(XmlParser.java:924)
	at com.microstar.xml.XmlParser.parseDocument(XmlParser.java:481)
	at com.microstar.xml.XmlParser.doParse(XmlParser.java:159)
	at com.microstar.xml.XmlParser.parse(XmlParser.java:132)
	at ptolemy.moml.MoMLParser.parse(MoMLParser.java:1676)
	at ptolemy.moml.MoMLParser.parse(MoMLParser.java:1595)
	at ptolemy.moml.MoMLParser.parse(MoMLParser.java:1537)
	at ptolemy.moml.MoMLParser._findOrParse(MoMLParser.java:5286)
	at ptolemy.moml.MoMLParser._attemptToFindMoMLClass(MoMLParser.java:4075)
	at ptolemy.moml.MoMLParser._createEntity(MoMLParser.java:4323)
	... 65 more
Caused by: ptolemy.kernel.util.IllegalActionException: Cannot find class: ptolemy.domains.ptinyos.lib.MicaLeds. In Ptolemy, classes are typically Java .class files. Entities like actors may instead be defined within a .xml file.  In any case, the class was not found. If the class uses a third party package, then the class would be present only if the third party package was found at compile time.  It may be necessary to upgrade Java or install the third party package, reconfigure and recompile.
Because:
-- /home/travis/build/icyphy/ptII/ptolemy/actor/ptalon/demo/ptinyos/SendAndReceiveCnt/ptolemy/domains/ptinyos/lib/MicaLeds.xml (No such file or directory)
-- XML file not found relative to classpath.
-- /home/travis/build/icyphy/ptII/ptolemy/vergil/basic/export/test/ptolemy/domains/ptinyos/lib/MicaLeds.xml
/home/travis/build/icyphy/ptII/ptolemy/vergil/basic/export/test/ptolemy/domains/ptinyos/lib/MicaLeds.xml (No such file or directory)
 in file:/home/travis/build/icyphy/ptII/ptolemy/actor/ptalon/demo/ptinyos/SendAndReceiveCnt/CntToLedsAndRfm.xml at line 132 and column 63
	at ptolemy.moml.MoMLParser._createEntity(MoMLParser.java:4330)
	at ptolemy.moml.MoMLParser.startElement(MoMLParser.java:2864)
	... 77 more
Caused by: com.microstar.xml.XmlException: -- /home/travis/build/icyphy/ptII/ptolemy/actor/ptalon/demo/ptinyos/SendAndReceiveCnt/ptolemy/domains/ptinyos/lib/MicaLeds.xml (No such file or directory)
-- XML file not found relative to classpath.
-- /home/travis/build/icyphy/ptII/ptolemy/vergil/basic/export/test/ptolemy/domains/ptinyos/lib/MicaLeds.xml
/home/travis/build/icyphy/ptII/ptolemy/vergil/basic/export/test/ptolemy/domains/ptinyos/lib/MicaLeds.xml (No such file or directory)
 in file:/home/travis/build/icyphy/ptII/ptolemy/actor/ptalon/demo/ptinyos/SendAndReceiveCnt/CntToLedsAndRfm.xml at line 132 and column 63
	at ptolemy.moml.MoMLParser.fileNameToURL(MoMLParser.java:1414)
	at ptolemy.moml.MoMLParser._findOrParse(MoMLParser.java:5283)
	at ptolemy.moml.MoMLParser._attemptToFindMoMLClass(MoMLParser.java:4075)
	at ptolemy.moml.MoMLParser._createEntity(MoMLParser.java:4323)
	... 78 more
Failed to read file:/home/travis/build/icyphy/ptII/ptolemy/actor/ptalon/demo/ptinyos/SendAndReceiveCnt/SendAndReceiveCnt.xml
ptolemy.kernel.util.IllegalActionException: Failed to process attribute change to PtalonParameter, whose value is "ptolemy.actor.ptalon.PtalonExpressionParameter {.SendAndReceiveCnt.SendAndReceiveCnt.channelName} "AtomicWirelessChannel"".
  in .SendAndReceiveCnt.SendAndReceiveCnt
Because:
Unable to add actor null
	at ptolemy.actor.ptalon.PtalonActor.attributeChanged(PtalonActor.java:211)
	at ptolemy.actor.ptalon.PtalonMLHandler.startElement(PtalonMLHandler.java:134)
	at com.microstar.xml.XmlParser.parseElement(XmlParser.java:921)
	at com.microstar.xml.XmlParser.parseContent(XmlParser.java:1104)
	at com.microstar.xml.XmlParser.parseElement(XmlParser.java:924)
	at com.microstar.xml.XmlParser.parseDocument(XmlParser.java:481)
	at com.microstar.xml.XmlParser.doParse(XmlParser.java:159)
	at com.microstar.xml.XmlParser.parse(XmlParser.java:132)
	at ptolemy.actor.ptalon.PtalonActor.configure(PtalonActor.java:240)
	at ptolemy.moml.MoMLParser.endElement(MoMLParser.java:996)
	at com.microstar.xml.XmlParser.parseETag(XmlParser.java:1026)
	at com.microstar.xml.XmlParser.parseContent(XmlParser.java:1098)
	at com.microstar.xml.XmlParser.parseElement(XmlParser.java:924)
	at com.microstar.xml.XmlParser.parseContent(XmlParser.java:1104)
	at com.microstar.xml.XmlParser.parseElement(XmlParser.java:924)
	at com.microstar.xml.XmlParser.parseContent(XmlParser.java:1104)
	at com.microstar.xml.XmlParser.parseElement(XmlParser.java:924)
	at com.microstar.xml.XmlParser.parseDocument(XmlParser.java:481)
	at com.microstar.xml.XmlParser.doParse(XmlParser.java:159)
	at com.microstar.xml.XmlParser.parse(XmlParser.java:132)
	at ptolemy.moml.MoMLParser.parse(MoMLParser.java:1676)
	at ptolemy.moml.MoMLParser.parse(MoMLParser.java:1595)
	at ptolemy.moml.MoMLParser.parse(MoMLParser.java:1537)
	at ptolemy.actor.gui.PtolemyEffigy$Factory.createEffigy(PtolemyEffigy.java:424)
	at ptolemy.actor.gui.EffigyFactory.createEffigy(EffigyFactory.java:234)
	at ptolemy.actor.gui.Configuration.openModel(Configuration.java:1125)
	at ptolemy.actor.gui.Configuration.openModel(Configuration.java:1051)
	at ptolemy.actor.gui.ConfigurationApplication._openModel(ConfigurationApplication.java:1252)
	at ptolemy.actor.gui.ConfigurationApplication._parseArg(ConfigurationApplication.java:1399)
	at ptolemy.actor.gui.ConfigurationApplication._parseArgs(ConfigurationApplication.java:1478)
	at ptolemy.actor.gui.ConfigurationApplication.<init>(ConfigurationApplication.java:277)
	at ptolemy.actor.gui.ConfigurationApplication.<init>(ConfigurationApplication.java:214)
	at ptolemy.actor.gui.ConfigurationApplication.<init>(ConfigurationApplication.java:201)
	at ptolemy.actor.gui.ConfigurationApplication.openModelOrEntity(ConfigurationApplication.java:680)
	at ptolemy.vergil.basic.export.ExportModel$1.run(ExportModel.java:220)
	at java.awt.event.InvocationEvent.dispatch(InvocationEvent.java:301)
	at java.awt.EventQueue.dispatchEventImpl(EventQueue.java:756)
	at java.awt.EventQueue.access$500(EventQueue.java:97)
	at java.awt.EventQueue$3.run(EventQueue.java:709)
	at java.awt.EventQueue$3.run(EventQueue.java:703)
	at java.security.AccessController.doPrivileged(Native Method)
	at java.security.ProtectionDomain$JavaSecurityAccessImpl.doIntersectionPrivilege(ProtectionDomain.java:80)
	at java.awt.EventQueue.dispatchEvent(EventQueue.java:726)
	at java.awt.EventDispatchThread.pumpOneEventForFilters(EventDispatchThread.java:201)
	at java.awt.EventDispatchThread.pumpEventsForFilter(EventDispatchThread.java:116)
	at java.awt.EventDispatchThread.pumpEventsForHierarchy(EventDispatchThread.java:105)
	at java.awt.EventDispatchThread.pumpEvents(EventDispatchThread.java:101)
	at java.awt.EventDispatchThread.pumpEvents(EventDispatchThread.java:93)
	at java.awt.EventDispatchThread.run(EventDispatchThread.java:82)
Caused by: ptolemy.actor.ptalon.PtalonRuntimeException: Unable to add actor null
	at ptolemy.actor.ptalon.PtalonEvaluator.addActor(PtalonEvaluator.java:300)
	at ptolemy.actor.ptalon.PtalonPopulator.actor_declaration(PtalonPopulator.java:1574)
	at ptolemy.actor.ptalon.PtalonPopulator.atomic_statement(PtalonPopulator.java:1638)
	at ptolemy.actor.ptalon.PtalonPopulator.iterative_statement_evaluator(PtalonPopulator.java:2484)
	at ptolemy.actor.ptalon.AbstractPtalonEvaluator$IfTree.evaluateForScope(AbstractPtalonEvaluator.java:1307)
	at ptolemy.actor.ptalon.AbstractPtalonEvaluator.evaluateForScope(AbstractPtalonEvaluator.java:744)
	at ptolemy.actor.ptalon.PtalonPopulator.iterative_statement(PtalonPopulator.java:2363)
	at ptolemy.actor.ptalon.PtalonPopulator.actor_definition(PtalonPopulator.java:2809)
	at ptolemy.actor.ptalon.PtalonActor.attributeChanged(PtalonActor.java:206)
	... 48 more
Caused by: ptolemy.kernel.util.InternalErrorException: Element <entity name="sender1" class="ptolemy.actor.ptalon.demo.ptinyos.SendAndReceiveCnt.CntToLedsAndRfm"> caused an exception to be thrown.
  in .SendAndReceiveCnt.SendAndReceiveCnt
Because:
Cannot find class: ptolemy.actor.ptalon.demo.ptinyos.SendAndReceiveCnt.CntToLedsAndRfm. In Ptolemy, classes are typically Java .class files. Entities like actors may instead be defined within a .xml file.  In any case, the class was not found. If the class uses a third party package, then the class would be present only if the third party package was found at compile time.  It may be necessary to upgrade Java or install the third party package, reconfigure and recompile.
Because:
Element <entity name="MicaLeds" class="ptolemy.domains.ptinyos.lib.MicaLeds"> caused an exception to be thrown.
  in .CntToLedsAndRfm
Because:
Cannot find class: ptolemy.domains.ptinyos.lib.MicaLeds. In Ptolemy, classes are typically Java .class files. Entities like actors may instead be defined within a .xml file.  In any case, the class was not found. If the class uses a third party package, then the class would be present only if the third party package was found at compile time.  It may be necessary to upgrade Java or install the third party package, reconfigure and recompile.
Because:
-- /home/travis/build/icyphy/ptII/ptolemy/actor/ptalon/demo/ptinyos/SendAndReceiveCnt/ptolemy/domains/ptinyos/lib/MicaLeds.xml (No such file or directory)
-- XML file not found relative to classpath.
-- /home/travis/build/icyphy/ptII/ptolemy/vergil/basic/export/test/ptolemy/domains/ptinyos/lib/MicaLeds.xml
/home/travis/build/icyphy/ptII/ptolemy/vergil/basic/export/test/ptolemy/domains/ptinyos/lib/MicaLeds.xml (No such file or directory)
 in file:/home/travis/build/icyphy/ptII/ptolemy/actor/ptalon/demo/ptinyos/SendAndReceiveCnt/CntToLedsAndRfm.xml at line 132 and column 63
	at ptolemy.moml.SimpleErrorHandler.handleError(SimpleErrorHandler.java:75)
	at ptolemy.moml.MoMLParser.startElement(MoMLParser.java:3805)
	at com.microstar.xml.XmlParser.parseElement(XmlParser.java:931)
	at com.microstar.xml.XmlParser.parseDocument(XmlParser.java:481)
	at com.microstar.xml.XmlParser.doParse(XmlParser.java:159)
	at com.microstar.xml.XmlParser.parse(XmlParser.java:132)
	at ptolemy.moml.MoMLParser.parse(MoMLParser.java:1660)
	at ptolemy.moml.MoMLParser.parse(MoMLParser.java:1617)
	at ptolemy.moml.MoMLParser.parse(MoMLParser.java:1792)
	at ptolemy.actor.ptalon.PtalonEvaluator.addActor(PtalonEvaluator.java:241)
	... 56 more
Caused by: ptolemy.kernel.util.IllegalActionException: Cannot find class: ptolemy.actor.ptalon.demo.ptinyos.SendAndReceiveCnt.CntToLedsAndRfm. In Ptolemy, classes are typically Java .class files. Entities like actors may instead be defined within a .xml file.  In any case, the class was not found. If the class uses a third party package, then the class would be present only if the third party package was found at compile time.  It may be necessary to upgrade Java or install the third party package, reconfigure and recompile.
Because:
Element <entity name="MicaLeds" class="ptolemy.domains.ptinyos.lib.MicaLeds"> caused an exception to be thrown.
  in .CntToLedsAndRfm
Because:
Cannot find class: ptolemy.domains.ptinyos.lib.MicaLeds. In Ptolemy, classes are typically Java .class files. Entities like actors may instead be defined within a .xml file.  In any case, the class was not found. If the class uses a third party package, then the class would be present only if the third party package was found at compile time.  It may be necessary to upgrade Java or install the third party package, reconfigure and recompile.
Because:
-- /home/travis/build/icyphy/ptII/ptolemy/actor/ptalon/demo/ptinyos/SendAndReceiveCnt/ptolemy/domains/ptinyos/lib/MicaLeds.xml (No such file or directory)
-- XML file not found relative to classpath.
-- /home/travis/build/icyphy/ptII/ptolemy/vergil/basic/export/test/ptolemy/domains/ptinyos/lib/MicaLeds.xml
/home/travis/build/icyphy/ptII/ptolemy/vergil/basic/export/test/ptolemy/domains/ptinyos/lib/MicaLeds.xml (No such file or directory)
 in file:/home/travis/build/icyphy/ptII/ptolemy/actor/ptalon/demo/ptinyos/SendAndReceiveCnt/CntToLedsAndRfm.xml at line 132 and column 63
	at ptolemy.moml.MoMLParser._createEntity(MoMLParser.java:4330)
	at ptolemy.moml.MoMLParser.startElement(MoMLParser.java:2864)
	... 64 more
Caused by: ptolemy.kernel.util.InternalErrorException: Element <entity name="MicaLeds" class="ptolemy.domains.ptinyos.lib.MicaLeds"> caused an exception to be thrown.
  in .CntToLedsAndRfm
Because:
Cannot find class: ptolemy.domains.ptinyos.lib.MicaLeds. In Ptolemy, classes are typically Java .class files. Entities like actors may instead be defined within a .xml file.  In any case, the class was not found. If the class uses a third party package, then the class would be present only if the third party package was found at compile time.  It may be necessary to upgrade Java or install the third party package, reconfigure and recompile.
Because:
-- /home/travis/build/icyphy/ptII/ptolemy/actor/ptalon/demo/ptinyos/SendAndReceiveCnt/ptolemy/domains/ptinyos/lib/MicaLeds.xml (No such file or directory)
-- XML file not found relative to classpath.
-- /home/travis/build/icyphy/ptII/ptolemy/vergil/basic/export/test/ptolemy/domains/ptinyos/lib/MicaLeds.xml
/home/travis/build/icyphy/ptII/ptolemy/vergil/basic/export/test/ptolemy/domains/ptinyos/lib/MicaLeds.xml (No such file or directory)
 in file:/home/travis/build/icyphy/ptII/ptolemy/actor/ptalon/demo/ptinyos/SendAndReceiveCnt/CntToLedsAndRfm.xml at line 132 and column 63
	at ptolemy.moml.SimpleErrorHandler.handleError(SimpleErrorHandler.java:75)
	at ptolemy.moml.MoMLParser.startElement(MoMLParser.java:3805)
	at com.microstar.xml.XmlParser.parseElement(XmlParser.java:921)
	at com.microstar.xml.XmlParser.parseContent(XmlParser.java:1104)
	at com.microstar.xml.XmlParser.parseElement(XmlParser.java:924)
	at com.microstar.xml.XmlParser.parseDocument(XmlParser.java:481)
	at com.microstar.xml.XmlParser.doParse(XmlParser.java:159)
	at com.microstar.xml.XmlParser.parse(XmlParser.java:132)
	at ptolemy.moml.MoMLParser.parse(MoMLParser.java:1676)
	at ptolemy.moml.MoMLParser.parse(MoMLParser.java:1595)
	at ptolemy.moml.MoMLParser.parse(MoMLParser.java:1537)
	at ptolemy.moml.MoMLParser._findOrParse(MoMLParser.java:5286)
	at ptolemy.moml.MoMLParser._attemptToFindMoMLClass(MoMLParser.java:4075)
	at ptolemy.moml.MoMLParser._createEntity(MoMLParser.java:4323)
	... 65 more
Caused by: ptolemy.kernel.util.IllegalActionException: Cannot find class: ptolemy.domains.ptinyos.lib.MicaLeds. In Ptolemy, classes are typically Java .class files. Entities like actors may instead be defined within a .xml file.  In any case, the class was not found. If the class uses a third party package, then the class would be present only if the third party package was found at compile time.  It may be necessary to upgrade Java or install the third party package, reconfigure and recompile.
Because:
-- /home/travis/build/icyphy/ptII/ptolemy/actor/ptalon/demo/ptinyos/SendAndReceiveCnt/ptolemy/domains/ptinyos/lib/MicaLeds.xml (No such file or directory)
-- XML file not found relative to classpath.
-- /home/travis/build/icyphy/ptII/ptolemy/vergil/basic/export/test/ptolemy/domains/ptinyos/lib/MicaLeds.xml
/home/travis/build/icyphy/ptII/ptolemy/vergil/basic/export/test/ptolemy/domains/ptinyos/lib/MicaLeds.xml (No such file or directory)
 in file:/home/travis/build/icyphy/ptII/ptolemy/actor/ptalon/demo/ptinyos/SendAndReceiveCnt/CntToLedsAndRfm.xml at line 132 and column 63
	at ptolemy.moml.MoMLParser._createEntity(MoMLParser.java:4330)
	at ptolemy.moml.MoMLParser.startElement(MoMLParser.java:2864)
	... 77 more
Caused by: com.microstar.xml.XmlException: -- /home/travis/build/icyphy/ptII/ptolemy/actor/ptalon/demo/ptinyos/SendAndReceiveCnt/ptolemy/domains/ptinyos/lib/MicaLeds.xml (No such file or directory)
-- XML file not found relative to classpath.
-- /home/travis/build/icyphy/ptII/ptolemy/vergil/basic/export/test/ptolemy/domains/ptinyos/lib/MicaLeds.xml
/home/travis/build/icyphy/ptII/ptolemy/vergil/basic/export/test/ptolemy/domains/ptinyos/lib/MicaLeds.xml (No such file or directory)
 in file:/home/travis/build/icyphy/ptII/ptolemy/actor/ptalon/demo/ptinyos/SendAndReceiveCnt/CntToLedsAndRfm.xml at line 132 and column 63
	at ptolemy.moml.MoMLParser.fileNameToURL(MoMLParser.java:1414)
	at ptolemy.moml.MoMLParser._findOrParse(MoMLParser.java:5283)
	at ptolemy.moml.MoMLParser._attemptToFindMoMLClass(MoMLParser.java:4075)
	at ptolemy.moml.MoMLParser._createEntity(MoMLParser.java:4323)
	... 78 more
Caused by: ptolemy.actor.ptalon.PtalonRuntimeException: Unable to add actor null
	at ptolemy.actor.ptalon.PtalonEvaluator.addActor(PtalonEvaluator.java:300)
	at ptolemy.actor.ptalon.PtalonPopulator.actor_declaration(PtalonPopulator.java:1574)
	at ptolemy.actor.ptalon.PtalonPopulator.atomic_statement(PtalonPopulator.java:1638)
	at ptolemy.actor.ptalon.PtalonPopulator.iterative_statement_evaluator(PtalonPopulator.java:2484)
	at ptolemy.actor.ptalon.AbstractPtalonEvaluator$IfTree.evaluateForScope(AbstractPtalonEvaluator.java:1307)
	at ptolemy.actor.ptalon.AbstractPtalonEvaluator.evaluateForScope(AbstractPtalonEvaluator.java:744)
	at ptolemy.actor.ptalon.PtalonPopulator.iterative_statement(PtalonPopulator.java:2363)
	at ptolemy.actor.ptalon.PtalonPopulator.actor_definition(PtalonPopulator.java:2809)
	at ptolemy.actor.ptalon.PtalonActor.attributeChanged(PtalonActor.java:206)
	at ptolemy.actor.ptalon.PtalonMLHandler.startElement(PtalonMLHandler.java:134)
	at com.microstar.xml.XmlParser.parseElement(XmlParser.java:921)
	at com.microstar.xml.XmlParser.parseContent(XmlParser.java:1104)
	at com.microstar.xml.XmlParser.parseElement(XmlParser.java:924)
	at com.microstar.xml.XmlParser.parseDocument(XmlParser.java:481)
	at com.microstar.xml.XmlParser.doParse(XmlParser.java:159)
	at com.microstar.xml.XmlParser.parse(XmlParser.java:132)
	at ptolemy.actor.ptalon.PtalonActor.configure(PtalonActor.java:240)
	at ptolemy.moml.MoMLParser.endElement(MoMLParser.java:996)
	at com.microstar.xml.XmlParser.parseETag(XmlParser.java:1026)
	at com.microstar.xml.XmlParser.parseContent(XmlParser.java:1098)
	at com.microstar.xml.XmlParser.parseElement(XmlParser.java:924)
	at com.microstar.xml.XmlParser.parseContent(XmlParser.java:1104)
	at com.microstar.xml.XmlParser.parseElement(XmlParser.java:924)
	at com.microstar.xml.XmlParser.parseContent(XmlParser.java:1104)
	at com.microstar.xml.XmlParser.parseElement(XmlParser.java:924)
	at com.microstar.xml.XmlParser.parseDocument(XmlParser.java:481)
	at com.microstar.xml.XmlParser.doParse(XmlParser.java:159)
	at com.microstar.xml.XmlParser.parse(XmlParser.java:132)
	at ptolemy.moml.MoMLParser.parse(MoMLParser.java:1676)
	at ptolemy.moml.MoMLParser.parse(MoMLParser.java:1595)
	at ptolemy.moml.MoMLParser.parse(MoMLParser.java:1537)
	at ptolemy.actor.gui.PtolemyEffigy$Factory.createEffigy(PtolemyEffigy.java:424)
	at ptolemy.actor.gui.EffigyFactory.createEffigy(EffigyFactory.java:234)
	at ptolemy.actor.gui.Configuration.openModel(Configuration.java:1125)
	at ptolemy.actor.gui.Configuration.openModel(Configuration.java:1051)
	at ptolemy.actor.gui.ConfigurationApplication._openModel(ConfigurationApplication.java:1252)
	at ptolemy.actor.gui.ConfigurationApplication._parseArg(ConfigurationApplication.java:1399)
	at ptolemy.actor.gui.ConfigurationApplication._parseArgs(ConfigurationApplication.java:1478)
	at ptolemy.actor.gui.ConfigurationApplication.<init>(ConfigurationApplication.java:277)
	at ptolemy.actor.gui.ConfigurationApplication.<init>(ConfigurationApplication.java:214)
	at ptolemy.actor.gui.ConfigurationApplication.<init>(ConfigurationApplication.java:201)
	at ptolemy.actor.gui.ConfigurationApplication.openModelOrEntity(ConfigurationApplication.java:680)
	at ptolemy.vergil.basic.export.ExportModel$1.run(ExportModel.java:220)
	at java.awt.event.InvocationEvent.dispatch(InvocationEvent.java:301)
	at java.awt.EventQueue.dispatchEventImpl(EventQueue.java:756)
	at java.awt.EventQueue.access$500(EventQueue.java:97)
	at java.awt.EventQueue$3.run(EventQueue.java:709)
	at java.awt.EventQueue$3.run(EventQueue.java:703)
	at java.security.AccessController.doPrivileged(Native Method)
	at java.security.ProtectionDomain$JavaSecurityAccessImpl.doIntersectionPrivilege(ProtectionDomain.java:80)
	at java.awt.EventQueue.dispatchEvent(EventQueue.java:726)
	at java.awt.EventDispatchThread.pumpOneEventForFilters(EventDispatchThread.java:201)
	at java.awt.EventDispatchThread.pumpEventsForFilter(EventDispatchThread.java:116)
	at java.awt.EventDispatchThread.pumpEventsForHierarchy(EventDispatchThread.java:105)
	at java.awt.EventDispatchThread.pumpEvents(EventDispatchThread.java:101)
	at java.awt.EventDispatchThread.pumpEvents(EventDispatchThread.java:93)
	at java.awt.EventDispatchThread.run(EventDispatchThread.java:82)
Caused by: ptolemy.kernel.util.InternalErrorException: Element <entity name="sender1" class="ptolemy.actor.ptalon.demo.ptinyos.SendAndReceiveCnt.CntToLedsAndRfm"> caused an exception to be thrown.
  in .SendAndReceiveCnt.SendAndReceiveCnt
Because:
Cannot find class: ptolemy.actor.ptalon.demo.ptinyos.SendAndReceiveCnt.CntToLedsAndRfm. In Ptolemy, classes are typically Java .class files. Entities like actors may instead be defined within a .xml file.  In any case, the class was not found. If the class uses a third party package, then the class would be present only if the third party package was found at compile time.  It may be necessary to upgrade Java or install the third party package, reconfigure and recompile.
Because:
Element <entity name="MicaLeds" class="ptolemy.domains.ptinyos.lib.MicaLeds"> caused an exception to be thrown.
  in .CntToLedsAndRfm
Because:
Cannot find class: ptolemy.domains.ptinyos.lib.MicaLeds. In Ptolemy, classes are typically Java .class files. Entities like actors may instead be defined within a .xml file.  In any case, the class was not found. If the class uses a third party package, then the class would be present only if the third party package was found at compile time.  It may be necessary to upgrade Java or install the third party package, reconfigure and recompile.
Because:
-- /home/travis/build/icyphy/ptII/ptolemy/actor/ptalon/demo/ptinyos/SendAndReceiveCnt/ptolemy/domains/ptinyos/lib/MicaLeds.xml (No such file or directory)
-- XML file not found relative to classpath.
-- /home/travis/build/icyphy/ptII/ptolemy/vergil/basic/export/test/ptolemy/domains/ptinyos/lib/MicaLeds.xml
/home/travis/build/icyphy/ptII/ptolemy/vergil/basic/export/test/ptolemy/domains/ptinyos/lib/MicaLeds.xml (No such file or directory)
 in file:/home/travis/build/icyphy/ptII/ptolemy/actor/ptalon/demo/ptinyos/SendAndReceiveCnt/CntToLedsAndRfm.xml at line 132 and column 63
	at ptolemy.moml.SimpleErrorHandler.handleError(SimpleErrorHandler.java:75)
	at ptolemy.moml.MoMLParser.startElement(MoMLParser.java:3805)
	at com.microstar.xml.XmlParser.parseElement(XmlParser.java:931)
	at com.microstar.xml.XmlParser.parseDocument(XmlParser.java:481)
	at com.microstar.xml.XmlParser.doParse(XmlParser.java:159)
	at com.microstar.xml.XmlParser.parse(XmlParser.java:132)
	at ptolemy.moml.MoMLParser.parse(MoMLParser.java:1660)
	at ptolemy.moml.MoMLParser.parse(MoMLParser.java:1617)
	at ptolemy.moml.MoMLParser.parse(MoMLParser.java:1792)
	at ptolemy.actor.ptalon.PtalonEvaluator.addActor(PtalonEvaluator.java:241)
	... 56 more
Caused by: ptolemy.kernel.util.IllegalActionException: Cannot find class: ptolemy.actor.ptalon.demo.ptinyos.SendAndReceiveCnt.CntToLedsAndRfm. In Ptolemy, classes are typically Java .class files. Entities like actors may instead be defined within a .xml file.  In any case, the class was not found. If the class uses a third party package, then the class would be present only if the third party package was found at compile time.  It may be necessary to upgrade Java or install the third party package, reconfigure and recompile.
Because:
Element <entity name="MicaLeds" class="ptolemy.domains.ptinyos.lib.MicaLeds"> caused an exception to be thrown.
  in .CntToLedsAndRfm
Because:
Cannot find class: ptolemy.domains.ptinyos.lib.MicaLeds. In Ptolemy, classes are typically Java .class files. Entities like actors may instead be defined within a .xml file.  In any case, the class was not found. If the class uses a third party package, then the class would be present only if the third party package was found at compile time.  It may be necessary to upgrade Java or install the third party package, reconfigure and recompile.
Because:
-- /home/travis/build/icyphy/ptII/ptolemy/actor/ptalon/demo/ptinyos/SendAndReceiveCnt/ptolemy/domains/ptinyos/lib/MicaLeds.xml (No such file or directory)
-- XML file not found relative to classpath.
-- /home/travis/build/icyphy/ptII/ptolemy/vergil/basic/export/test/ptolemy/domains/ptinyos/lib/MicaLeds.xml
/home/travis/build/icyphy/ptII/ptolemy/vergil/basic/export/test/ptolemy/domains/ptinyos/lib/MicaLeds.xml (No such file or directory)
 in file:/home/travis/build/icyphy/ptII/ptolemy/actor/ptalon/demo/ptinyos/SendAndReceiveCnt/CntToLedsAndRfm.xml at line 132 and column 63
	at ptolemy.moml.MoMLParser._createEntity(MoMLParser.java:4330)
	at ptolemy.moml.MoMLParser.startElement(MoMLParser.java:2864)
	... 64 more
Caused by: ptolemy.kernel.util.InternalErrorException: Element <entity name="MicaLeds" class="ptolemy.domains.ptinyos.lib.MicaLeds"> caused an exception to be thrown.
  in .CntToLedsAndRfm
Because:
Cannot find class: ptolemy.domains.ptinyos.lib.MicaLeds. In Ptolemy, classes are typically Java .class files. Entities like actors may instead be defined within a .xml file.  In any case, the class was not found. If the class uses a third party package, then the class would be present only if the third party package was found at compile time.  It may be necessary to upgrade Java or install the third party package, reconfigure and recompile.
Because:
-- /home/travis/build/icyphy/ptII/ptolemy/actor/ptalon/demo/ptinyos/SendAndReceiveCnt/ptolemy/domains/ptinyos/lib/MicaLeds.xml (No such file or directory)
-- XML file not found relative to classpath.
-- /home/travis/build/icyphy/ptII/ptolemy/vergil/basic/export/test/ptolemy/domains/ptinyos/lib/MicaLeds.xml
/home/travis/build/icyphy/ptII/ptolemy/vergil/basic/export/test/ptolemy/domains/ptinyos/lib/MicaLeds.xml (No such file or directory)
 in file:/home/travis/build/icyphy/ptII/ptolemy/actor/ptalon/demo/ptinyos/SendAndReceiveCnt/CntToLedsAndRfm.xml at line 132 and column 63
	at ptolemy.moml.SimpleErrorHandler.handleError(SimpleErrorHandler.java:75)
	at ptolemy.moml.MoMLParser.startElement(MoMLParser.java:3805)
	at com.microstar.xml.XmlParser.parseElement(XmlParser.java:921)
	at com.microstar.xml.XmlParser.parseContent(XmlParser.java:1104)
	at com.microstar.xml.XmlParser.parseElement(XmlParser.java:924)
	at com.microstar.xml.XmlParser.parseDocument(XmlParser.java:481)
	at com.microstar.xml.XmlParser.doParse(XmlParser.java:159)
	at com.microstar.xml.XmlParser.parse(XmlParser.java:132)
	at ptolemy.moml.MoMLParser.parse(MoMLParser.java:1676)
	at ptolemy.moml.MoMLParser.parse(MoMLParser.java:1595)
	at ptolemy.moml.MoMLParser.parse(MoMLParser.java:1537)
	at ptolemy.moml.MoMLParser._findOrParse(MoMLParser.java:5286)
	at ptolemy.moml.MoMLParser._attemptToFindMoMLClass(MoMLParser.java:4075)
	at ptolemy.moml.MoMLParser._createEntity(MoMLParser.java:4323)
	... 65 more
Caused by: ptolemy.kernel.util.IllegalActionException: Cannot find class: ptolemy.domains.ptinyos.lib.MicaLeds. In Ptolemy, classes are typically Java .class files. Entities like actors may instead be defined within a .xml file.  In any case, the class was not found. If the class uses a third party package, then the class would be present only if the third party package was found at compile time.  It may be necessary to upgrade Java or install the third party package, reconfigure and recompile.
Because:
-- /home/travis/build/icyphy/ptII/ptolemy/actor/ptalon/demo/ptinyos/SendAndReceiveCnt/ptolemy/domains/ptinyos/lib/MicaLeds.xml (No such file or directory)
-- XML file not found relative to classpath.
-- /home/travis/build/icyphy/ptII/ptolemy/vergil/basic/export/test/ptolemy/domains/ptinyos/lib/MicaLeds.xml
/home/travis/build/icyphy/ptII/ptolemy/vergil/basic/export/test/ptolemy/domains/ptinyos/lib/MicaLeds.xml (No such file or directory)
 in file:/home/travis/build/icyphy/ptII/ptolemy/actor/ptalon/demo/ptinyos/SendAndReceiveCnt/CntToLedsAndRfm.xml at line 132 and column 63
	at ptolemy.moml.MoMLParser._createEntity(MoMLParser.java:4330)
	at ptolemy.moml.MoMLParser.startElement(MoMLParser.java:2864)
	... 77 more
Caused by: com.microstar.xml.XmlException: -- /home/travis/build/icyphy/ptII/ptolemy/actor/ptalon/demo/ptinyos/SendAndReceiveCnt/ptolemy/domains/ptinyos/lib/MicaLeds.xml (No such file or directory)
-- XML file not found relative to classpath.
-- /home/travis/build/icyphy/ptII/ptolemy/vergil/basic/export/test/ptolemy/domains/ptinyos/lib/MicaLeds.xml
/home/travis/build/icyphy/ptII/ptolemy/vergil/basic/export/test/ptolemy/domains/ptinyos/lib/MicaLeds.xml (No such file or directory)
 in file:/home/travis/build/icyphy/ptII/ptolemy/actor/ptalon/demo/ptinyos/SendAndReceiveCnt/CntToLedsAndRfm.xml at line 132 and column 63
	at ptolemy.moml.MoMLParser.fileNameToURL(MoMLParser.java:1414)
	at ptolemy.moml.MoMLParser._findOrParse(MoMLParser.java:5283)
	at ptolemy.moml.MoMLParser._attemptToFindMoMLClass(MoMLParser.java:4075)
	at ptolemy.moml.MoMLParser._createEntity(MoMLParser.java:4323)
	... 78 more
Failed to read file:/home/travis/build/icyphy/ptII/ptolemy/actor/ptalon/demo/ptinyos/SendAndReceiveCnt/SendAndReceiveCnt.xml
ptolemy.kernel.util.IllegalActionException: Failed to process attribute change to PtalonParameter, whose value is "ptolemy.actor.ptalon.PtalonExpressionParameter {.SendAndReceiveCnt.SendAndReceiveCnt.channelName} "AtomicWirelessChannel"".
  in .SendAndReceiveCnt.SendAndReceiveCnt
Because:
Unable to add actor null
	at ptolemy.actor.ptalon.PtalonActor.attributeChanged(PtalonActor.java:211)
	at ptolemy.actor.ptalon.PtalonMLHandler.startElement(PtalonMLHandler.java:134)
	at com.microstar.xml.XmlParser.parseElement(XmlParser.java:921)
	at com.microstar.xml.XmlParser.parseContent(XmlParser.java:1104)
	at com.microstar.xml.XmlParser.parseElement(XmlParser.java:924)
	at com.microstar.xml.XmlParser.parseDocument(XmlParser.java:481)
	at com.microstar.xml.XmlParser.doParse(XmlParser.java:159)
	at com.microstar.xml.XmlParser.parse(XmlParser.java:132)
	at ptolemy.actor.ptalon.PtalonActor.configure(PtalonActor.java:240)
	at ptolemy.moml.MoMLParser.endElement(MoMLParser.java:996)
	at com.microstar.xml.XmlParser.parseETag(XmlParser.java:1026)
	at com.microstar.xml.XmlParser.parseContent(XmlParser.java:1098)
	at com.microstar.xml.XmlParser.parseElement(XmlParser.java:924)
	at com.microstar.xml.XmlParser.parseContent(XmlParser.java:1104)
	at com.microstar.xml.XmlParser.parseElement(XmlParser.java:924)
	at com.microstar.xml.XmlParser.parseContent(XmlParser.java:1104)
	at com.microstar.xml.XmlParser.parseElement(XmlParser.java:924)
	at com.microstar.xml.XmlParser.parseDocument(XmlParser.java:481)
	at com.microstar.xml.XmlParser.doParse(XmlParser.java:159)
	at com.microstar.xml.XmlParser.parse(XmlParser.java:132)
	at ptolemy.moml.MoMLParser.parse(MoMLParser.java:1676)
	at ptolemy.moml.MoMLParser.parse(MoMLParser.java:1595)
	at ptolemy.moml.MoMLParser.parse(MoMLParser.java:1537)
	at ptolemy.actor.gui.PtolemyEffigy$Factory.createEffigy(PtolemyEffigy.java:424)
	at ptolemy.actor.gui.EffigyFactory.createEffigy(EffigyFactory.java:234)
	at ptolemy.actor.gui.Configuration.openModel(Configuration.java:1125)
	at ptolemy.actor.gui.Configuration.openModel(Configuration.java:1051)
	at ptolemy.actor.gui.ConfigurationApplication._openModel(ConfigurationApplication.java:1252)
	at ptolemy.actor.gui.ConfigurationApplication._parseArg(ConfigurationApplication.java:1399)
	at ptolemy.actor.gui.ConfigurationApplication._parseArgs(ConfigurationApplication.java:1478)
	at ptolemy.actor.gui.ConfigurationApplication.<init>(ConfigurationApplication.java:277)
	at ptolemy.actor.gui.ConfigurationApplication.<init>(ConfigurationApplication.java:214)
	at ptolemy.actor.gui.ConfigurationApplication.<init>(ConfigurationApplication.java:201)
	at ptolemy.actor.gui.ConfigurationApplication.openModelOrEntity(ConfigurationApplication.java:680)
	at ptolemy.vergil.basic.export.ExportModel$1.run(ExportModel.java:220)
	at java.awt.event.InvocationEvent.dispatch(InvocationEvent.java:301)
	at java.awt.EventQueue.dispatchEventImpl(EventQueue.java:756)
	at java.awt.EventQueue.access$500(EventQueue.java:97)
	at java.awt.EventQueue$3.run(EventQueue.java:709)
	at java.awt.EventQueue$3.run(EventQueue.java:703)
	at java.security.AccessController.doPrivileged(Native Method)
	at java.security.ProtectionDomain$JavaSecurityAccessImpl.doIntersectionPrivilege(ProtectionDomain.java:80)
	at java.awt.EventQueue.dispatchEvent(EventQueue.java:726)
	at java.awt.EventDispatchThread.pumpOneEventForFilters(EventDispatchThread.java:201)
	at java.awt.EventDispatchThread.pumpEventsForFilter(EventDispatchThread.java:116)
	at java.awt.EventDispatchThread.pumpEventsForHierarchy(EventDispatchThread.java:105)
	at java.awt.EventDispatchThread.pumpEvents(EventDispatchThread.java:101)
	at java.awt.EventDispatchThread.pumpEvents(EventDispatchThread.java:93)
	at java.awt.EventDispatchThread.run(EventDispatchThread.java:82)
Caused by: ptolemy.actor.ptalon.PtalonRuntimeException: Unable to add actor null
	at ptolemy.actor.ptalon.PtalonEvaluator.addActor(PtalonEvaluator.java:300)
	at ptolemy.actor.ptalon.PtalonPopulator.actor_declaration(PtalonPopulator.java:1574)
	at ptolemy.actor.ptalon.PtalonPopulator.atomic_statement(PtalonPopulator.java:1638)
	at ptolemy.actor.ptalon.PtalonPopulator.iterative_statement_evaluator(PtalonPopulator.java:2484)
	at ptolemy.actor.ptalon.AbstractPtalonEvaluator$IfTree.evaluateForScope(AbstractPtalonEvaluator.java:1307)
	at ptolemy.actor.ptalon.AbstractPtalonEvaluator.evaluateForScope(AbstractPtalonEvaluator.java:744)
	at ptolemy.actor.ptalon.PtalonPopulator.iterative_statement(PtalonPopulator.java:2363)
	at ptolemy.actor.ptalon.PtalonPopulator.actor_definition(PtalonPopulator.java:2809)
	at ptolemy.actor.ptalon.PtalonActor.attributeChanged(PtalonActor.java:206)
	... 48 more
Caused by: ptolemy.kernel.util.InternalErrorException: Element <entity name="sender1" class="ptolemy.actor.ptalon.demo.ptinyos.SendAndReceiveCnt.CntToLedsAndRfm"> caused an exception to be thrown.
  in .SendAndReceiveCnt.SendAndReceiveCnt
Because:
Cannot find class: ptolemy.actor.ptalon.demo.ptinyos.SendAndReceiveCnt.CntToLedsAndRfm. In Ptolemy, classes are typically Java .class files. Entities like actors may instead be defined within a .xml file.  In any case, the class was not found. If the class uses a third party package, then the class would be present only if the third party package was found at compile time.  It may be necessary to upgrade Java or install the third party package, reconfigure and recompile.
Because:
Element <entity name="MicaLeds" class="ptolemy.domains.ptinyos.lib.MicaLeds"> caused an exception to be thrown.
  in .CntToLedsAndRfm
Because:
Cannot find class: ptolemy.domains.ptinyos.lib.MicaLeds. In Ptolemy, classes are typically Java .class files. Entities like actors may instead be defined within a .xml file.  In any case, the class was not found. If the class uses a third party package, then the class would be present only if the third party package was found at compile time.  It may be necessary to upgrade Java or install the third party package, reconfigure and recompile.
Because:
-- /home/travis/build/icyphy/ptII/ptolemy/actor/ptalon/demo/ptinyos/SendAndReceiveCnt/ptolemy/domains/ptinyos/lib/MicaLeds.xml (No such file or directory)
-- XML file not found relative to classpath.
-- /home/travis/build/icyphy/ptII/ptolemy/vergil/basic/export/test/ptolemy/domains/ptinyos/lib/MicaLeds.xml
/home/travis/build/icyphy/ptII/ptolemy/vergil/basic/export/test/ptolemy/domains/ptinyos/lib/MicaLeds.xml (No such file or directory)
 in file:/home/travis/build/icyphy/ptII/ptolemy/actor/ptalon/demo/ptinyos/SendAndReceiveCnt/CntToLedsAndRfm.xml at line 132 and column 63
	at ptolemy.moml.SimpleErrorHandler.handleError(SimpleErrorHandler.java:75)
	at ptolemy.moml.MoMLParser.startElement(MoMLParser.java:3805)
	at com.microstar.xml.XmlParser.parseElement(XmlParser.java:931)
	at com.microstar.xml.XmlParser.parseDocument(XmlParser.java:481)
	at com.microstar.xml.XmlParser.doParse(XmlParser.java:159)
	at com.microstar.xml.XmlParser.parse(XmlParser.java:132)
	at ptolemy.moml.MoMLParser.parse(MoMLParser.java:1660)
	at ptolemy.moml.MoMLParser.parse(MoMLParser.java:1617)
	at ptolemy.moml.MoMLParser.parse(MoMLParser.java:1792)
	at ptolemy.actor.ptalon.PtalonEvaluator.addActor(PtalonEvaluator.java:241)
	... 56 more
Caused by: ptolemy.kernel.util.IllegalActionException: Cannot find class: ptolemy.actor.ptalon.demo.ptinyos.SendAndReceiveCnt.CntToLedsAndRfm. In Ptolemy, classes are typically Java .class files. Entities like actors may instead be defined within a .xml file.  In any case, the class was not found. If the class uses a third party package, then the class would be present only if the third party package was found at compile time.  It may be necessary to upgrade Java or install the third party package, reconfigure and recompile.
Because:
Element <entity name="MicaLeds" class="ptolemy.domains.ptinyos.lib.MicaLeds"> caused an exception to be thrown.
  in .CntToLedsAndRfm
Because:
Cannot find class: ptolemy.domains.ptinyos.lib.MicaLeds. In Ptolemy, classes are typically Java .class files. Entities like actors may instead be defined within a .xml file.  In any case, the class was not found. If the class uses a third party package, then the class would be present only if the third party package was found at compile time.  It may be necessary to upgrade Java or install the third party package, reconfigure and recompile.
Because:
-- /home/travis/build/icyphy/ptII/ptolemy/actor/ptalon/demo/ptinyos/SendAndReceiveCnt/ptolemy/domains/ptinyos/lib/MicaLeds.xml (No such file or directory)
-- XML file not found relative to classpath.
-- /home/travis/build/icyphy/ptII/ptolemy/vergil/basic/export/test/ptolemy/domains/ptinyos/lib/MicaLeds.xml
/home/travis/build/icyphy/ptII/ptolemy/vergil/basic/export/test/ptolemy/domains/ptinyos/lib/MicaLeds.xml (No such file or directory)
 in file:/home/travis/build/icyphy/ptII/ptolemy/actor/ptalon/demo/ptinyos/SendAndReceiveCnt/CntToLedsAndRfm.xml at line 132 and column 63
	at ptolemy.moml.MoMLParser._createEntity(MoMLParser.java:4330)
	at ptolemy.moml.MoMLParser.startElement(MoMLParser.java:2864)
	... 64 more
Caused by: ptolemy.kernel.util.InternalErrorException: Element <entity name="MicaLeds" class="ptolemy.domains.ptinyos.lib.MicaLeds"> caused an exception to be thrown.
  in .CntToLedsAndRfm
Because:
Cannot find class: ptolemy.domains.ptinyos.lib.MicaLeds. In Ptolemy, classes are typically Java .class files. Entities like actors may instead be defined within a .xml file.  In any case, the class was not found. If the class uses a third party package, then the class would be present only if the third party package was found at compile time.  It may be necessary to upgrade Java or install the third party package, reconfigure and recompile.
Because:
-- /home/travis/build/icyphy/ptII/ptolemy/actor/ptalon/demo/ptinyos/SendAndReceiveCnt/ptolemy/domains/ptinyos/lib/MicaLeds.xml (No such file or directory)
-- XML file not found relative to classpath.
-- /home/travis/build/icyphy/ptII/ptolemy/vergil/basic/export/test/ptolemy/domains/ptinyos/lib/MicaLeds.xml
/home/travis/build/icyphy/ptII/ptolemy/vergil/basic/export/test/ptolemy/domains/ptinyos/lib/MicaLeds.xml (No such file or directory)
 in file:/home/travis/build/icyphy/ptII/ptolemy/actor/ptalon/demo/ptinyos/SendAndReceiveCnt/CntToLedsAndRfm.xml at line 132 and column 63
	at ptolemy.moml.SimpleErrorHandler.handleError(SimpleErrorHandler.java:75)
	at ptolemy.moml.MoMLParser.startElement(MoMLParser.java:3805)
	at com.microstar.xml.XmlParser.parseElement(XmlParser.java:921)
	at com.microstar.xml.XmlParser.parseContent(XmlParser.java:1104)
	at com.microstar.xml.XmlParser.parseElement(XmlParser.java:924)
	at com.microstar.xml.XmlParser.parseDocument(XmlParser.java:481)
	at com.microstar.xml.XmlParser.doParse(XmlParser.java:159)
	at com.microstar.xml.XmlParser.parse(XmlParser.java:132)
	at ptolemy.moml.MoMLParser.parse(MoMLParser.java:1676)
	at ptolemy.moml.MoMLParser.parse(MoMLParser.java:1595)
	at ptolemy.moml.MoMLParser.parse(MoMLParser.java:1537)
	at ptolemy.moml.MoMLParser._findOrParse(MoMLParser.java:5286)
	at ptolemy.moml.MoMLParser._attemptToFindMoMLClass(MoMLParser.java:4075)
	at ptolemy.moml.MoMLParser._createEntity(MoMLParser.java:4323)
	... 65 more
Caused by: ptolemy.kernel.util.IllegalActionException: Cannot find class: ptolemy.domains.ptinyos.lib.MicaLeds. In Ptolemy, classes are typically Java .class files. Entities like actors may instead be defined within a .xml file.  In any case, the class was not found. If the class uses a third party package, then the class would be present only if the third party package was found at compile time.  It may be necessary to upgrade Java or install the third party package, reconfigure and recompile.
Because:
-- /home/travis/build/icyphy/ptII/ptolemy/actor/ptalon/demo/ptinyos/SendAndReceiveCnt/ptolemy/domains/ptinyos/lib/MicaLeds.xml (No such file or directory)
-- XML file not found relative to classpath.
-- /home/travis/build/icyphy/ptII/ptolemy/vergil/basic/export/test/ptolemy/domains/ptinyos/lib/MicaLeds.xml
/home/travis/build/icyphy/ptII/ptolemy/vergil/basic/export/test/ptolemy/domains/ptinyos/lib/MicaLeds.xml (No such file or directory)
 in file:/home/travis/build/icyphy/ptII/ptolemy/actor/ptalon/demo/ptinyos/SendAndReceiveCnt/CntToLedsAndRfm.xml at line 132 and column 63
	at ptolemy.moml.MoMLParser._createEntity(MoMLParser.java:4330)
	at ptolemy.moml.MoMLParser.startElement(MoMLParser.java:2864)
	... 77 more
Caused by: com.microstar.xml.XmlException: -- /home/travis/build/icyphy/ptII/ptolemy/actor/ptalon/demo/ptinyos/SendAndReceiveCnt/ptolemy/domains/ptinyos/lib/MicaLeds.xml (No such file or directory)
-- XML file not found relative to classpath.
-- /home/travis/build/icyphy/ptII/ptolemy/vergil/basic/export/test/ptolemy/domains/ptinyos/lib/MicaLeds.xml
/home/travis/build/icyphy/ptII/ptolemy/vergil/basic/export/test/ptolemy/domains/ptinyos/lib/MicaLeds.xml (No such file or directory)
 in file:/home/travis/build/icyphy/ptII/ptolemy/actor/ptalon/demo/ptinyos/SendAndReceiveCnt/CntToLedsAndRfm.xml at line 132 and column 63
	at ptolemy.moml.MoMLParser.fileNameToURL(MoMLParser.java:1414)
	at ptolemy.moml.MoMLParser._findOrParse(MoMLParser.java:5283)
	at ptolemy.moml.MoMLParser._attemptToFindMoMLClass(MoMLParser.java:4075)
	at ptolemy.moml.MoMLParser._createEntity(MoMLParser.java:4323)
	... 78 more
Caused by: ptolemy.actor.ptalon.PtalonRuntimeException: Unable to add actor null
	at ptolemy.actor.ptalon.PtalonEvaluator.addActor(PtalonEvaluator.java:300)
	at ptolemy.actor.ptalon.PtalonPopulator.actor_declaration(PtalonPopulator.java:1574)
	at ptolemy.actor.ptalon.PtalonPopulator.atomic_statement(PtalonPopulator.java:1638)
	at ptolemy.actor.ptalon.PtalonPopulator.iterative_statement_evaluator(PtalonPopulator.java:2484)
	at ptolemy.actor.ptalon.AbstractPtalonEvaluator$IfTree.evaluateForScope(AbstractPtalonEvaluator.java:1307)
	at ptolemy.actor.ptalon.AbstractPtalonEvaluator.evaluateForScope(AbstractPtalonEvaluator.java:744)
	at ptolemy.actor.ptalon.PtalonPopulator.iterative_statement(PtalonPopulator.java:2363)
	at ptolemy.actor.ptalon.PtalonPopulator.actor_definition(PtalonPopulator.java:2809)
	at ptolemy.actor.ptalon.PtalonActor.attributeChanged(PtalonActor.java:206)
	at ptolemy.actor.ptalon.PtalonMLHandler.startElement(PtalonMLHandler.java:134)
	at com.microstar.xml.XmlParser.parseElement(XmlParser.java:921)
	at com.microstar.xml.XmlParser.parseContent(XmlParser.java:1104)
	at com.microstar.xml.XmlParser.parseElement(XmlParser.java:924)
	at com.microstar.xml.XmlParser.parseDocument(XmlParser.java:481)
	at com.microstar.xml.XmlParser.doParse(XmlParser.java:159)
	at com.microstar.xml.XmlParser.parse(XmlParser.java:132)
	at ptolemy.actor.ptalon.PtalonActor.configure(PtalonActor.java:240)
	at ptolemy.moml.MoMLParser.endElement(MoMLParser.java:996)
	at com.microstar.xml.XmlParser.parseETag(XmlParser.java:1026)
	at com.microstar.xml.XmlParser.parseContent(XmlParser.java:1098)
	at com.microstar.xml.XmlParser.parseElement(XmlParser.java:924)
	at com.microstar.xml.XmlParser.parseContent(XmlParser.java:1104)
	at com.microstar.xml.XmlParser.parseElement(XmlParser.java:924)
	at com.microstar.xml.XmlParser.parseContent(XmlParser.java:1104)
	at com.microstar.xml.XmlParser.parseElement(XmlParser.java:924)
	at com.microstar.xml.XmlParser.parseDocument(XmlParser.java:481)
	at com.microstar.xml.XmlParser.doParse(XmlParser.java:159)
	at com.microstar.xml.XmlParser.parse(XmlParser.java:132)
	at ptolemy.moml.MoMLParser.parse(MoMLParser.java:1676)
	at ptolemy.moml.MoMLParser.parse(MoMLParser.java:1595)
	at ptolemy.moml.MoMLParser.parse(MoMLParser.java:1537)
	at ptolemy.actor.gui.PtolemyEffigy$Factory.createEffigy(PtolemyEffigy.java:424)
	at ptolemy.actor.gui.EffigyFactory.createEffigy(EffigyFactory.java:234)
	at ptolemy.actor.gui.Configuration.openModel(Configuration.java:1125)
	at ptolemy.actor.gui.Configuration.openModel(Configuration.java:1051)
	at ptolemy.actor.gui.ConfigurationApplication._openModel(ConfigurationApplication.java:1252)
	at ptolemy.actor.gui.ConfigurationApplication._parseArg(ConfigurationApplication.java:1399)
	at ptolemy.actor.gui.ConfigurationApplication._parseArgs(ConfigurationApplication.java:1478)
	at ptolemy.actor.gui.ConfigurationApplication.<init>(ConfigurationApplication.java:277)
	at ptolemy.actor.gui.ConfigurationApplication.<init>(ConfigurationApplication.java:214)
	at ptolemy.actor.gui.ConfigurationApplication.<init>(ConfigurationApplication.java:201)
	at ptolemy.actor.gui.ConfigurationApplication.openModelOrEntity(ConfigurationApplication.java:680)
	at ptolemy.vergil.basic.export.ExportModel$1.run(ExportModel.java:220)
	at java.awt.event.InvocationEvent.dispatch(InvocationEvent.java:301)
	at java.awt.EventQueue.dispatchEventImpl(EventQueue.java:756)
	at java.awt.EventQueue.access$500(EventQueue.java:97)
	at java.awt.EventQueue$3.run(EventQueue.java:709)
	at java.awt.EventQueue$3.run(EventQueue.java:703)
	at java.security.AccessController.doPrivileged(Native Method)
	at java.security.ProtectionDomain$JavaSecurityAccessImpl.doIntersectionPrivilege(ProtectionDomain.java:80)
	at java.awt.EventQueue.dispatchEvent(EventQueue.java:726)
	at java.awt.EventDispatchThread.pumpOneEventForFilters(EventDispatchThread.java:201)
	at java.awt.EventDispatchThread.pumpEventsForFilter(EventDispatchThread.java:116)
	at java.awt.EventDispatchThread.pumpEventsForHierarchy(EventDispatchThread.java:105)
	at java.awt.EventDispatchThread.pumpEvents(EventDispatchThread.java:101)
	at java.awt.EventDispatchThread.pumpEvents(EventDispatchThread.java:93)
	at java.awt.EventDispatchThread.run(EventDispatchThread.java:82)
Caused by: ptolemy.kernel.util.InternalErrorException: Element <entity name="sender1" class="ptolemy.actor.ptalon.demo.ptinyos.SendAndReceiveCnt.CntToLedsAndRfm"> caused an exception to be thrown.
  in .SendAndReceiveCnt.SendAndReceiveCnt
Because:
Cannot find class: ptolemy.actor.ptalon.demo.ptinyos.SendAndReceiveCnt.CntToLedsAndRfm. In Ptolemy, classes are typically Java .class files. Entities like actors may instead be defined within a .xml file.  In any case, the class was not found. If the class uses a third party package, then the class would be present only if the third party package was found at compile time.  It may be necessary to upgrade Java or install the third party package, reconfigure and recompile.
Because:
Element <entity name="MicaLeds" class="ptolemy.domains.ptinyos.lib.MicaLeds"> caused an exception to be thrown.
  in .CntToLedsAndRfm
Because:
Cannot find class: ptolemy.domains.ptinyos.lib.MicaLeds. In Ptolemy, classes are typically Java .class files. Entities like actors may instead be defined within a .xml file.  In any case, the class was not found. If the class uses a third party package, then the class would be present only if the third party package was found at compile time.  It may be necessary to upgrade Java or install the third party package, reconfigure and recompile.
Because:
-- /home/travis/build/icyphy/ptII/ptolemy/actor/ptalon/demo/ptinyos/SendAndReceiveCnt/ptolemy/domains/ptinyos/lib/MicaLeds.xml (No such file or directory)
-- XML file not found relative to classpath.
-- /home/travis/build/icyphy/ptII/ptolemy/vergil/basic/export/test/ptolemy/domains/ptinyos/lib/MicaLeds.xml
/home/travis/build/icyphy/ptII/ptolemy/vergil/basic/export/test/ptolemy/domains/ptinyos/lib/MicaLeds.xml (No such file or directory)
 in file:/home/travis/build/icyphy/ptII/ptolemy/actor/ptalon/demo/ptinyos/SendAndReceiveCnt/CntToLedsAndRfm.xml at line 132 and column 63
	at ptolemy.moml.SimpleErrorHandler.handleError(SimpleErrorHandler.java:75)
	at ptolemy.moml.MoMLParser.startElement(MoMLParser.java:3805)
	at com.microstar.xml.XmlParser.parseElement(XmlParser.java:931)
	at com.microstar.xml.XmlParser.parseDocument(XmlParser.java:481)
	at com.microstar.xml.XmlParser.doParse(XmlParser.java:159)
	at com.microstar.xml.XmlParser.parse(XmlParser.java:132)
	at ptolemy.moml.MoMLParser.parse(MoMLParser.java:1660)
	at ptolemy.moml.MoMLParser.parse(MoMLParser.java:1617)
	at ptolemy.moml.MoMLParser.parse(MoMLParser.java:1792)
	at ptolemy.actor.ptalon.PtalonEvaluator.addActor(PtalonEvaluator.java:241)
	... 56 more
Caused by: ptolemy.kernel.util.IllegalActionException: Cannot find class: ptolemy.actor.ptalon.demo.ptinyos.SendAndReceiveCnt.CntToLedsAndRfm. In Ptolemy, classes are typically Java .class files. Entities like actors may instead be defined within a .xml file.  In any case, the class was not found. If the class uses a third party package, then the class would be present only if the third party package was found at compile time.  It may be necessary to upgrade Java or install the third party package, reconfigure and recompile.
Because:
Element <entity name="MicaLeds" class="ptolemy.domains.ptinyos.lib.MicaLeds"> caused an exception to be thrown.
  in .CntToLedsAndRfm
Because:
Cannot find class: ptolemy.domains.ptinyos.lib.MicaLeds. In Ptolemy, classes are typically Java .class files. Entities like actors may instead be defined within a .xml file.  In any case, the class was not found. If the class uses a third party package, then the class would be present only if the third party package was found at compile time.  It may be necessary to upgrade Java or install the third party package, reconfigure and recompile.
Because:
-- /home/travis/build/icyphy/ptII/ptolemy/actor/ptalon/demo/ptinyos/SendAndReceiveCnt/ptolemy/domains/ptinyos/lib/MicaLeds.xml (No such file or directory)
-- XML file not found relative to classpath.
-- /home/travis/build/icyphy/ptII/ptolemy/vergil/basic/export/test/ptolemy/domains/ptinyos/lib/MicaLeds.xml
/home/travis/build/icyphy/ptII/ptolemy/vergil/basic/export/test/ptolemy/domains/ptinyos/lib/MicaLeds.xml (No such file or directory)
 in file:/home/travis/build/icyphy/ptII/ptolemy/actor/ptalon/demo/ptinyos/SendAndReceiveCnt/CntToLedsAndRfm.xml at line 132 and column 63
	at ptolemy.moml.MoMLParser._createEntity(MoMLParser.java:4330)
	at ptolemy.moml.MoMLParser.startElement(MoMLParser.java:2864)
	... 64 more
Caused by: ptolemy.kernel.util.InternalErrorException: Element <entity name="MicaLeds" class="ptolemy.domains.ptinyos.lib.MicaLeds"> caused an exception to be thrown.
  in .CntToLedsAndRfm
Because:
Cannot find class: ptolemy.domains.ptinyos.lib.MicaLeds. In Ptolemy, classes are typically Java .class files. Entities like actors may instead be defined within a .xml file.  In any case, the class was not found. If the class uses a third party package, then the class would be present only if the third party package was found at compile time.  It may be necessary to upgrade Java or install the third party package, reconfigure and recompile.
Because:
-- /home/travis/build/icyphy/ptII/ptolemy/actor/ptalon/demo/ptinyos/SendAndReceiveCnt/ptolemy/domains/ptinyos/lib/MicaLeds.xml (No such file or directory)
-- XML file not found relative to classpath.
-- /home/travis/build/icyphy/ptII/ptolemy/vergil/basic/export/test/ptolemy/domains/ptinyos/lib/MicaLeds.xml
/home/travis/build/icyphy/ptII/ptolemy/vergil/basic/export/test/ptolemy/domains/ptinyos/lib/MicaLeds.xml (No such file or directory)
 in file:/home/travis/build/icyphy/ptII/ptolemy/actor/ptalon/demo/ptinyos/SendAndReceiveCnt/CntToLedsAndRfm.xml at line 132 and column 63
	at ptolemy.moml.SimpleErrorHandler.handleError(SimpleErrorHandler.java:75)
	at ptolemy.moml.MoMLParser.startElement(MoMLParser.java:3805)
	at com.microstar.xml.XmlParser.parseElement(XmlParser.java:921)
	at com.microstar.xml.XmlParser.parseContent(XmlParser.java:1104)
	at com.microstar.xml.XmlParser.parseElement(XmlParser.java:924)
	at com.microstar.xml.XmlParser.parseDocument(XmlParser.java:481)
	at com.microstar.xml.XmlParser.doParse(XmlParser.java:159)
	at com.microstar.xml.XmlParser.parse(XmlParser.java:132)
	at ptolemy.moml.MoMLParser.parse(MoMLParser.java:1676)
	at ptolemy.moml.MoMLParser.parse(MoMLParser.java:1595)
	at ptolemy.moml.MoMLParser.parse(MoMLParser.java:1537)
	at ptolemy.moml.MoMLParser._findOrParse(MoMLParser.java:5286)
	at ptolemy.moml.MoMLParser._attemptToFindMoMLClass(MoMLParser.java:4075)
	at ptolemy.moml.MoMLParser._createEntity(MoMLParser.java:4323)
	... 65 more
Caused by: ptolemy.kernel.util.IllegalActionException: Cannot find class: ptolemy.domains.ptinyos.lib.MicaLeds. In Ptolemy, classes are typically Java .class files. Entities like actors may instead be defined within a .xml file.  In any case, the class was not found. If the class uses a third party package, then the class would be present only if the third party package was found at compile time.  It may be necessary to upgrade Java or install the third party package, reconfigure and recompile.
Because:
-- /home/travis/build/icyphy/ptII/ptolemy/actor/ptalon/demo/ptinyos/SendAndReceiveCnt/ptolemy/domains/ptinyos/lib/MicaLeds.xml (No such file or directory)
-- XML file not found relative to classpath.
-- /home/travis/build/icyphy/ptII/ptolemy/vergil/basic/export/test/ptolemy/domains/ptinyos/lib/MicaLeds.xml
/home/travis/build/icyphy/ptII/ptolemy/vergil/basic/export/test/ptolemy/domains/ptinyos/lib/MicaLeds.xml (No such file or directory)
 in file:/home/travis/build/icyphy/ptII/ptolemy/actor/ptalon/demo/ptinyos/SendAndReceiveCnt/CntToLedsAndRfm.xml at line 132 and column 63
	at ptolemy.moml.MoMLParser._createEntity(MoMLParser.java:4330)
	at ptolemy.moml.MoMLParser.startElement(MoMLParser.java:2864)
	... 77 more
Caused by: com.microstar.xml.XmlException: -- /home/travis/build/icyphy/ptII/ptolemy/actor/ptalon/demo/ptinyos/SendAndReceiveCnt/ptolemy/domains/ptinyos/lib/MicaLeds.xml (No such file or directory)
-- XML file not found relative to classpath.
-- /home/travis/build/icyphy/ptII/ptolemy/vergil/basic/export/test/ptolemy/domains/ptinyos/lib/MicaLeds.xml
/home/travis/build/icyphy/ptII/ptolemy/vergil/basic/export/test/ptolemy/domains/ptinyos/lib/MicaLeds.xml (No such file or directory)
 in file:/home/travis/build/icyphy/ptII/ptolemy/actor/ptalon/demo/ptinyos/SendAndReceiveCnt/CntToLedsAndRfm.xml at line 132 and column 63
	at ptolemy.moml.MoMLParser.fileNameToURL(MoMLParser.java:1414)
	at ptolemy.moml.MoMLParser._findOrParse(MoMLParser.java:5283)
	at ptolemy.moml.MoMLParser._attemptToFindMoMLClass(MoMLParser.java:4075)
	at ptolemy.moml.MoMLParser._createEntity(MoMLParser.java:4323)
	... 78 more
ptolemy.kernel.util.IllegalActionException: Failed to process attribute change to PtalonParameter, whose value is "ptolemy.actor.ptalon.PtalonExpressionParameter {.SendAndReceiveCnt.SendAndReceiveCnt.channelName} "AtomicWirelessChannel"".
  in .SendAndReceiveCnt.SendAndReceiveCnt
Because:
Unable to add actor null
	at ptolemy.actor.ptalon.PtalonActor.attributeChanged(PtalonActor.java:211)
	at ptolemy.actor.ptalon.PtalonMLHandler.startElement(PtalonMLHandler.java:134)
	at com.microstar.xml.XmlParser.parseElement(XmlParser.java:921)
	at com.microstar.xml.XmlParser.parseContent(XmlParser.java:1104)
	at com.microstar.xml.XmlParser.parseElement(XmlParser.java:924)
	at com.microstar.xml.XmlParser.parseDocument(XmlParser.java:481)
	at com.microstar.xml.XmlParser.doParse(XmlParser.java:159)
	at com.microstar.xml.XmlParser.parse(XmlParser.java:132)
	at ptolemy.actor.ptalon.PtalonActor.configure(PtalonActor.java:240)
	at ptolemy.moml.MoMLParser.endElement(MoMLParser.java:996)
	at com.microstar.xml.XmlParser.parseETag(XmlParser.java:1026)
	at com.microstar.xml.XmlParser.parseContent(XmlParser.java:1098)
	at com.microstar.xml.XmlParser.parseElement(XmlParser.java:924)
	at com.microstar.xml.XmlParser.parseContent(XmlParser.java:1104)
	at com.microstar.xml.XmlParser.parseElement(XmlParser.java:924)
	at com.microstar.xml.XmlParser.parseContent(XmlParser.java:1104)
	at com.microstar.xml.XmlParser.parseElement(XmlParser.java:924)
	at com.microstar.xml.XmlParser.parseDocument(XmlParser.java:481)
	at com.microstar.xml.XmlParser.doParse(XmlParser.java:159)
	at com.microstar.xml.XmlParser.parse(XmlParser.java:132)
	at ptolemy.moml.MoMLParser.parse(MoMLParser.java:1676)
	at ptolemy.moml.MoMLParser.parse(MoMLParser.java:1595)
	at ptolemy.moml.MoMLParser.parse(MoMLParser.java:1537)
	at ptolemy.actor.gui.PtolemyEffigy$Factory.createEffigy(PtolemyEffigy.java:424)
	at ptolemy.actor.gui.EffigyFactory.createEffigy(EffigyFactory.java:234)
	at ptolemy.actor.gui.Configuration.openModel(Configuration.java:1125)
	at ptolemy.actor.gui.Configuration.openModel(Configuration.java:1051)
	at ptolemy.actor.gui.ConfigurationApplication._openModel(ConfigurationApplication.java:1252)
	at ptolemy.actor.gui.ConfigurationApplication._parseArg(ConfigurationApplication.java:1399)
	at ptolemy.actor.gui.ConfigurationApplication._parseArgs(ConfigurationApplication.java:1478)
	at ptolemy.actor.gui.ConfigurationApplication.<init>(ConfigurationApplication.java:277)
	at ptolemy.actor.gui.ConfigurationApplication.<init>(ConfigurationApplication.java:214)
	at ptolemy.actor.gui.ConfigurationApplication.<init>(ConfigurationApplication.java:201)
	at ptolemy.actor.gui.ConfigurationApplication.openModelOrEntity(ConfigurationApplication.java:680)
	at ptolemy.vergil.basic.export.ExportModel$1.run(ExportModel.java:220)
	at java.awt.event.InvocationEvent.dispatch(InvocationEvent.java:301)
	at java.awt.EventQueue.dispatchEventImpl(EventQueue.java:756)
	at java.awt.EventQueue.access$500(EventQueue.java:97)
	at java.awt.EventQueue$3.run(EventQueue.java:709)
	at java.awt.EventQueue$3.run(EventQueue.java:703)
	at java.security.AccessController.doPrivileged(Native Method)
	at java.security.ProtectionDomain$JavaSecurityAccessImpl.doIntersectionPrivilege(ProtectionDomain.java:80)
	at java.awt.EventQueue.dispatchEvent(EventQueue.java:726)
	at java.awt.EventDispatchThread.pumpOneEventForFilters(EventDispatchThread.java:201)
	at java.awt.EventDispatchThread.pumpEventsForFilter(EventDispatchThread.java:116)
	at java.awt.EventDispatchThread.pumpEventsForHierarchy(EventDispatchThread.java:105)
	at java.awt.EventDispatchThread.pumpEvents(EventDispatchThread.java:101)
	at java.awt.EventDispatchThread.pumpEvents(EventDispatchThread.java:93)
	at java.awt.EventDispatchThread.run(EventDispatchThread.java:82)
Caused by: ptolemy.actor.ptalon.PtalonRuntimeException: Unable to add actor null
	at ptolemy.actor.ptalon.PtalonEvaluator.addActor(PtalonEvaluator.java:300)
	at ptolemy.actor.ptalon.PtalonPopulator.actor_declaration(PtalonPopulator.java:1574)
	at ptolemy.actor.ptalon.PtalonPopulator.atomic_statement(PtalonPopulator.java:1638)
	at ptolemy.actor.ptalon.PtalonPopulator.iterative_statement_evaluator(PtalonPopulator.java:2484)
	at ptolemy.actor.ptalon.AbstractPtalonEvaluator$IfTree.evaluateForScope(AbstractPtalonEvaluator.java:1307)
	at ptolemy.actor.ptalon.AbstractPtalonEvaluator.evaluateForScope(AbstractPtalonEvaluator.java:744)
	at ptolemy.actor.ptalon.PtalonPopulator.iterative_statement(PtalonPopulator.java:2363)
	at ptolemy.actor.ptalon.PtalonPopulator.actor_definition(PtalonPopulator.java:2809)
	at ptolemy.actor.ptalon.PtalonActor.attributeChanged(PtalonActor.java:206)
	... 48 more
Caused by: ptolemy.kernel.util.InternalErrorException: Element <entity name="sender1" class="ptolemy.actor.ptalon.demo.ptinyos.SendAndReceiveCnt.CntToLedsAndRfm"> caused an exception to be thrown.
  in .SendAndReceiveCnt.SendAndReceiveCnt
Because:
Cannot find class: ptolemy.actor.ptalon.demo.ptinyos.SendAndReceiveCnt.CntToLedsAndRfm. In Ptolemy, classes are typically Java .class files. Entities like actors may instead be defined within a .xml file.  In any case, the class was not found. If the class uses a third party package, then the class would be present only if the third party package was found at compile time.  It may be necessary to upgrade Java or install the third party package, reconfigure and recompile.
Because:
Element <entity name="MicaLeds" class="ptolemy.domains.ptinyos.lib.MicaLeds"> caused an exception to be thrown.
  in .CntToLedsAndRfm
Because:
Cannot find class: ptolemy.domains.ptinyos.lib.MicaLeds. In Ptolemy, classes are typically Java .class files. Entities like actors may instead be defined within a .xml file.  In any case, the class was not found. If the class uses a third party package, then the class would be present only if the third party package was found at compile time.  It may be necessary to upgrade Java or install the third party package, reconfigure and recompile.
Because:
-- /home/travis/build/icyphy/ptII/ptolemy/actor/ptalon/demo/ptinyos/SendAndReceiveCnt/ptolemy/domains/ptinyos/lib/MicaLeds.xml (No such file or directory)
-- XML file not found relative to classpath.
-- /home/travis/build/icyphy/ptII/ptolemy/vergil/basic/export/test/ptolemy/domains/ptinyos/lib/MicaLeds.xml
/home/travis/build/icyphy/ptII/ptolemy/vergil/basic/export/test/ptolemy/domains/ptinyos/lib/MicaLeds.xml (No such file or directory)
 in file:/home/travis/build/icyphy/ptII/ptolemy/actor/ptalon/demo/ptinyos/SendAndReceiveCnt/CntToLedsAndRfm.xml at line 132 and column 63
	at ptolemy.moml.SimpleErrorHandler.handleError(SimpleErrorHandler.java:75)
	at ptolemy.moml.MoMLParser.startElement(MoMLParser.java:3805)
	at com.microstar.xml.XmlParser.parseElement(XmlParser.java:931)
	at com.microstar.xml.XmlParser.parseDocument(XmlParser.java:481)
	at com.microstar.xml.XmlParser.doParse(XmlParser.java:159)
	at com.microstar.xml.XmlParser.parse(XmlParser.java:132)
	at ptolemy.moml.MoMLParser.parse(MoMLParser.java:1660)
	at ptolemy.moml.MoMLParser.parse(MoMLParser.java:1617)
	at ptolemy.moml.MoMLParser.parse(MoMLParser.java:1792)
	at ptolemy.actor.ptalon.PtalonEvaluator.addActor(PtalonEvaluator.java:241)
	... 56 more
Caused by: ptolemy.kernel.util.IllegalActionException: Cannot find class: ptolemy.actor.ptalon.demo.ptinyos.SendAndReceiveCnt.CntToLedsAndRfm. In Ptolemy, classes are typically Java .class files. Entities like actors may instead be defined within a .xml file.  In any case, the class was not found. If the class uses a third party package, then the class would be present only if the third party package was found at compile time.  It may be necessary to upgrade Java or install the third party package, reconfigure and recompile.
Because:
Element <entity name="MicaLeds" class="ptolemy.domains.ptinyos.lib.MicaLeds"> caused an exception to be thrown.
  in .CntToLedsAndRfm
Because:
Cannot find class: ptolemy.domains.ptinyos.lib.MicaLeds. In Ptolemy, classes are typically Java .class files. Entities like actors may instead be defined within a .xml file.  In any case, the class was not found. If the class uses a third party package, then the class would be present only if the third party package was found at compile time.  It may be necessary to upgrade Java or install the third party package, reconfigure and recompile.
Because:
-- /home/travis/build/icyphy/ptII/ptolemy/actor/ptalon/demo/ptinyos/SendAndReceiveCnt/ptolemy/domains/ptinyos/lib/MicaLeds.xml (No such file or directory)
-- XML file not found relative to classpath.
-- /home/travis/build/icyphy/ptII/ptolemy/vergil/basic/export/test/ptolemy/domains/ptinyos/lib/MicaLeds.xml
/home/travis/build/icyphy/ptII/ptolemy/vergil/basic/export/test/ptolemy/domains/ptinyos/lib/MicaLeds.xml (No such file or directory)
 in file:/home/travis/build/icyphy/ptII/ptolemy/actor/ptalon/demo/ptinyos/SendAndReceiveCnt/CntToLedsAndRfm.xml at line 132 and column 63
	at ptolemy.moml.MoMLParser._createEntity(MoMLParser.java:4330)
	at ptolemy.moml.MoMLParser.startElement(MoMLParser.java:2864)
	... 64 more
Caused by: ptolemy.kernel.util.InternalErrorException: Element <entity name="MicaLeds" class="ptolemy.domains.ptinyos.lib.MicaLeds"> caused an exception to be thrown.
  in .CntToLedsAndRfm
Because:
Cannot find class: ptolemy.domains.ptinyos.lib.MicaLeds. In Ptolemy, classes are typically Java .class files. Entities like actors may instead be defined within a .xml file.  In any case, the class was not found. If the class uses a third party package, then the class would be present only if the third party package was found at compile time.  It may be necessary to upgrade Java or install the third party package, reconfigure and recompile.
Because:
-- /home/travis/build/icyphy/ptII/ptolemy/actor/ptalon/demo/ptinyos/SendAndReceiveCnt/ptolemy/domains/ptinyos/lib/MicaLeds.xml (No such file or directory)
-- XML file not found relative to classpath.
-- /home/travis/build/icyphy/ptII/ptolemy/vergil/basic/export/test/ptolemy/domains/ptinyos/lib/MicaLeds.xml
/home/travis/build/icyphy/ptII/ptolemy/vergil/basic/export/test/ptolemy/domains/ptinyos/lib/MicaLeds.xml (No such file or directory)
 in file:/home/travis/build/icyphy/ptII/ptolemy/actor/ptalon/demo/ptinyos/SendAndReceiveCnt/CntToLedsAndRfm.xml at line 132 and column 63
	at ptolemy.moml.SimpleErrorHandler.handleError(SimpleErrorHandler.java:75)
	at ptolemy.moml.MoMLParser.startElement(MoMLParser.java:3805)
	at com.microstar.xml.XmlParser.parseElement(XmlParser.java:921)
	at com.microstar.xml.XmlParser.parseContent(XmlParser.java:1104)
	at com.microstar.xml.XmlParser.parseElement(XmlParser.java:924)
	at com.microstar.xml.XmlParser.parseDocument(XmlParser.java:481)
	at com.microstar.xml.XmlParser.doParse(XmlParser.java:159)
	at com.microstar.xml.XmlParser.parse(XmlParser.java:132)
	at ptolemy.moml.MoMLParser.parse(MoMLParser.java:1676)
	at ptolemy.moml.MoMLParser.parse(MoMLParser.java:1595)
	at ptolemy.moml.MoMLParser.parse(MoMLParser.java:1537)
	at ptolemy.moml.MoMLParser._findOrParse(MoMLParser.java:5286)
	at ptolemy.moml.MoMLParser._attemptToFindMoMLClass(MoMLParser.java:4075)
	at ptolemy.moml.MoMLParser._createEntity(MoMLParser.java:4323)
	... 65 more
Caused by: ptolemy.kernel.util.IllegalActionException: Cannot find class: ptolemy.domains.ptinyos.lib.MicaLeds. In Ptolemy, classes are typically Java .class files. Entities like actors may instead be defined within a .xml file.  In any case, the class was not found. If the class uses a third party package, then the class would be present only if the third party package was found at compile time.  It may be necessary to upgrade Java or install the third party package, reconfigure and recompile.
Because:
-- /home/travis/build/icyphy/ptII/ptolemy/actor/ptalon/demo/ptinyos/SendAndReceiveCnt/ptolemy/domains/ptinyos/lib/MicaLeds.xml (No such file or directory)
-- XML file not found relative to classpath.
-- /home/travis/build/icyphy/ptII/ptolemy/vergil/basic/export/test/ptolemy/domains/ptinyos/lib/MicaLeds.xml
/home/travis/build/icyphy/ptII/ptolemy/vergil/basic/export/test/ptolemy/domains/ptinyos/lib/MicaLeds.xml (No such file or directory)
 in file:/home/travis/build/icyphy/ptII/ptolemy/actor/ptalon/demo/ptinyos/SendAndReceiveCnt/CntToLedsAndRfm.xml at line 132 and column 63
	at ptolemy.moml.MoMLParser._createEntity(MoMLParser.java:4330)
	at ptolemy.moml.MoMLParser.startElement(MoMLParser.java:2864)
	... 77 more
Caused by: com.microstar.xml.XmlException: -- /home/travis/build/icyphy/ptII/ptolemy/actor/ptalon/demo/ptinyos/SendAndReceiveCnt/ptolemy/domains/ptinyos/lib/MicaLeds.xml (No such file or directory)
-- XML file not found relative to classpath.
-- /home/travis/build/icyphy/ptII/ptolemy/vergil/basic/export/test/ptolemy/domains/ptinyos/lib/MicaLeds.xml
/home/travis/build/icyphy/ptII/ptolemy/vergil/basic/export/test/ptolemy/domains/ptinyos/lib/MicaLeds.xml (No such file or directory)
 in file:/home/travis/build/icyphy/ptII/ptolemy/actor/ptalon/demo/ptinyos/SendAndReceiveCnt/CntToLedsAndRfm.xml at line 132 and column 63
	at ptolemy.moml.MoMLParser.fileNameToURL(MoMLParser.java:1414)
	at ptolemy.moml.MoMLParser._findOrParse(MoMLParser.java:5283)
	at ptolemy.moml.MoMLParser._attemptToFindMoMLClass(MoMLParser.java:4075)
	at ptolemy.moml.MoMLParser._createEntity(MoMLParser.java:4323)
	... 78 more
Caused by: ptolemy.actor.ptalon.PtalonRuntimeException: Unable to add actor null
	at ptolemy.actor.ptalon.PtalonEvaluator.addActor(PtalonEvaluator.java:300)
	at ptolemy.actor.ptalon.PtalonPopulator.actor_declaration(PtalonPopulator.java:1574)
	at ptolemy.actor.ptalon.PtalonPopulator.atomic_statement(PtalonPopulator.java:1638)
	at ptolemy.actor.ptalon.PtalonPopulator.iterative_statement_evaluator(PtalonPopulator.java:2484)
	at ptolemy.actor.ptalon.AbstractPtalonEvaluator$IfTree.evaluateForScope(AbstractPtalonEvaluator.java:1307)
	at ptolemy.actor.ptalon.AbstractPtalonEvaluator.evaluateForScope(AbstractPtalonEvaluator.java:744)
	at ptolemy.actor.ptalon.PtalonPopulator.iterative_statement(PtalonPopulator.java:2363)
	at ptolemy.actor.ptalon.PtalonPopulator.actor_definition(PtalonPopulator.java:2809)
	at ptolemy.actor.ptalon.PtalonActor.attributeChanged(PtalonActor.java:206)
	at ptolemy.actor.ptalon.PtalonMLHandler.startElement(PtalonMLHandler.java:134)
	at com.microstar.xml.XmlParser.parseElement(XmlParser.java:921)
	at com.microstar.xml.XmlParser.parseContent(XmlParser.java:1104)
	at com.microstar.xml.XmlParser.parseElement(XmlParser.java:924)
	at com.microstar.xml.XmlParser.parseDocument(XmlParser.java:481)
	at com.microstar.xml.XmlParser.doParse(XmlParser.java:159)
	at com.microstar.xml.XmlParser.parse(XmlParser.java:132)
	at ptolemy.actor.ptalon.PtalonActor.configure(PtalonActor.java:240)
	at ptolemy.moml.MoMLParser.endElement(MoMLParser.java:996)
	at com.microstar.xml.XmlParser.parseETag(XmlParser.java:1026)
	at com.microstar.xml.XmlParser.parseContent(XmlParser.java:1098)
	at com.microstar.xml.XmlParser.parseElement(XmlParser.java:924)
	at com.microstar.xml.XmlParser.parseContent(XmlParser.java:1104)
	at com.microstar.xml.XmlParser.parseElement(XmlParser.java:924)
	at com.microstar.xml.XmlParser.parseContent(XmlParser.java:1104)
	at com.microstar.xml.XmlParser.parseElement(XmlParser.java:924)
	at com.microstar.xml.XmlParser.parseDocument(XmlParser.java:481)
	at com.microstar.xml.XmlParser.doParse(XmlParser.java:159)
	at com.microstar.xml.XmlParser.parse(XmlParser.java:132)
	at ptolemy.moml.MoMLParser.parse(MoMLParser.java:1676)
	at ptolemy.moml.MoMLParser.parse(MoMLParser.java:1595)
	at ptolemy.moml.MoMLParser.parse(MoMLParser.java:1537)
	at ptolemy.actor.gui.PtolemyEffigy$Factory.createEffigy(PtolemyEffigy.java:424)
	at ptolemy.actor.gui.EffigyFactory.createEffigy(EffigyFactory.java:234)
	at ptolemy.actor.gui.Configuration.openModel(Configuration.java:1125)
	at ptolemy.actor.gui.Configuration.openModel(Configuration.java:1051)
	at ptolemy.actor.gui.ConfigurationApplication._openModel(ConfigurationApplication.java:1252)
	at ptolemy.actor.gui.ConfigurationApplication._parseArg(ConfigurationApplication.java:1399)
	at ptolemy.actor.gui.ConfigurationApplication._parseArgs(ConfigurationApplication.java:1478)
	at ptolemy.actor.gui.ConfigurationApplication.<init>(ConfigurationApplication.java:277)
	at ptolemy.actor.gui.ConfigurationApplication.<init>(ConfigurationApplication.java:214)
	at ptolemy.actor.gui.ConfigurationApplication.<init>(ConfigurationApplication.java:201)
	at ptolemy.actor.gui.ConfigurationApplication.openModelOrEntity(ConfigurationApplication.java:680)
	at ptolemy.vergil.basic.export.ExportModel$1.run(ExportModel.java:220)
	at java.awt.event.InvocationEvent.dispatch(InvocationEvent.java:301)
	at java.awt.EventQueue.dispatchEventImpl(EventQueue.java:756)
	at java.awt.EventQueue.access$500(EventQueue.java:97)
	at java.awt.EventQueue$3.run(EventQueue.java:709)
	at java.awt.EventQueue$3.run(EventQueue.java:703)
	at java.security.AccessController.doPrivileged(Native Method)
	at java.security.ProtectionDomain$JavaSecurityAccessImpl.doIntersectionPrivilege(ProtectionDomain.java:80)
	at java.awt.EventQueue.dispatchEvent(EventQueue.java:726)
	at java.awt.EventDispatchThread.pumpOneEventForFilters(EventDispatchThread.java:201)
	at java.awt.EventDispatchThread.pumpEventsForFilter(EventDispatchThread.java:116)
	at java.awt.EventDispatchThread.pumpEventsForHierarchy(EventDispatchThread.java:105)
	at java.awt.EventDispatchThread.pumpEvents(EventDispatchThread.java:101)
	at java.awt.EventDispatchThread.pumpEvents(EventDispatchThread.java:93)
	at java.awt.EventDispatchThread.run(EventDispatchThread.java:82)
Caused by: ptolemy.kernel.util.InternalErrorException: Element <entity name="sender1" class="ptolemy.actor.ptalon.demo.ptinyos.SendAndReceiveCnt.CntToLedsAndRfm"> caused an exception to be thrown.
  in .SendAndReceiveCnt.SendAndReceiveCnt
Because:
Cannot find class: ptolemy.actor.ptalon.demo.ptinyos.SendAndReceiveCnt.CntToLedsAndRfm. In Ptolemy, classes are typically Java .class files. Entities like actors may instead be defined within a .xml file.  In any case, the class was not found. If the class uses a third party package, then the class would be present only if the third party package was found at compile time.  It may be necessary to upgrade Java or install the third party package, reconfigure and recompile.
Because:
Element <entity name="MicaLeds" class="ptolemy.domains.ptinyos.lib.MicaLeds"> caused an exception to be thrown.
  in .CntToLedsAndRfm
Because:
Cannot find class: ptolemy.domains.ptinyos.lib.MicaLeds. In Ptolemy, classes are typically Java .class files. Entities like actors may instead be defined within a .xml file.  In any case, the class was not found. If the class uses a third party package, then the class would be present only if the third party package was found at compile time.  It may be necessary to upgrade Java or install the third party package, reconfigure and recompile.
Because:
-- /home/travis/build/icyphy/ptII/ptolemy/actor/ptalon/demo/ptinyos/SendAndReceiveCnt/ptolemy/domains/ptinyos/lib/MicaLeds.xml (No such file or directory)
-- XML file not found relative to classpath.
-- /home/travis/build/icyphy/ptII/ptolemy/vergil/basic/export/test/ptolemy/domains/ptinyos/lib/MicaLeds.xml
/home/travis/build/icyphy/ptII/ptolemy/vergil/basic/export/test/ptolemy/domains/ptinyos/lib/MicaLeds.xml (No such file or directory)
 in file:/home/travis/build/icyphy/ptII/ptolemy/actor/ptalon/demo/ptinyos/SendAndReceiveCnt/CntToLedsAndRfm.xml at line 132 and column 63
	at ptolemy.moml.SimpleErrorHandler.handleError(SimpleErrorHandler.java:75)
	at ptolemy.moml.MoMLParser.startElement(MoMLParser.java:3805)
	at com.microstar.xml.XmlParser.parseElement(XmlParser.java:931)
	at com.microstar.xml.XmlParser.parseDocument(XmlParser.java:481)
	at com.microstar.xml.XmlParser.doParse(XmlParser.java:159)
	at com.microstar.xml.XmlParser.parse(XmlParser.java:132)
	at ptolemy.moml.MoMLParser.parse(MoMLParser.java:1660)
	at ptolemy.moml.MoMLParser.parse(MoMLParser.java:1617)
	at ptolemy.moml.MoMLParser.parse(MoMLParser.java:1792)
	at ptolemy.actor.ptalon.PtalonEvaluator.addActor(PtalonEvaluator.java:241)
	... 56 more
Caused by: ptolemy.kernel.util.IllegalActionException: Cannot find class: ptolemy.actor.ptalon.demo.ptinyos.SendAndReceiveCnt.CntToLedsAndRfm. In Ptolemy, classes are typically Java .class files. Entities like actors may instead be defined within a .xml file.  In any case, the class was not found. If the class uses a third party package, then the class would be present only if the third party package was found at compile time.  It may be necessary to upgrade Java or install the third party package, reconfigure and recompile.
Because:
Element <entity name="MicaLeds" class="ptolemy.domains.ptinyos.lib.MicaLeds"> caused an exception to be thrown.
  in .CntToLedsAndRfm
Because:
Cannot find class: ptolemy.domains.ptinyos.lib.MicaLeds. In Ptolemy, classes are typically Java .class files. Entities like actors may instead be defined within a .xml file.  In any case, the class was not found. If the class uses a third party package, then the class would be present only if the third party package was found at compile time.  It may be necessary to upgrade Java or install the third party package, reconfigure and recompile.
Because:
-- /home/travis/build/icyphy/ptII/ptolemy/actor/ptalon/demo/ptinyos/SendAndReceiveCnt/ptolemy/domains/ptinyos/lib/MicaLeds.xml (No such file or directory)
-- XML file not found relative to classpath.
-- /home/travis/build/icyphy/ptII/ptolemy/vergil/basic/export/test/ptolemy/domains/ptinyos/lib/MicaLeds.xml
/home/travis/build/icyphy/ptII/ptolemy/vergil/basic/export/test/ptolemy/domains/ptinyos/lib/MicaLeds.xml (No such file or directory)
 in file:/home/travis/build/icyphy/ptII/ptolemy/actor/ptalon/demo/ptinyos/SendAndReceiveCnt/CntToLedsAndRfm.xml at line 132 and column 63
	at ptolemy.moml.MoMLParser._createEntity(MoMLParser.java:4330)
	at ptolemy.moml.MoMLParser.startElement(MoMLParser.java:2864)
	... 64 more
Caused by: ptolemy.kernel.util.InternalErrorException: Element <entity name="MicaLeds" class="ptolemy.domains.ptinyos.lib.MicaLeds"> caused an exception to be thrown.
  in .CntToLedsAndRfm
Because:
Cannot find class: ptolemy.domains.ptinyos.lib.MicaLeds. In Ptolemy, classes are typically Java .class files. Entities like actors may instead be defined within a .xml file.  In any case, the class was not found. If the class uses a third party package, then the class would be present only if the third party package was found at compile time.  It may be necessary to upgrade Java or install the third party package, reconfigure and recompile.
Because:
-- /home/travis/build/icyphy/ptII/ptolemy/actor/ptalon/demo/ptinyos/SendAndReceiveCnt/ptolemy/domains/ptinyos/lib/MicaLeds.xml (No such file or directory)
-- XML file not found relative to classpath.
-- /home/travis/build/icyphy/ptII/ptolemy/vergil/basic/export/test/ptolemy/domains/ptinyos/lib/MicaLeds.xml
/home/travis/build/icyphy/ptII/ptolemy/vergil/basic/export/test/ptolemy/domains/ptinyos/lib/MicaLeds.xml (No such file or directory)
 in file:/home/travis/build/icyphy/ptII/ptolemy/actor/ptalon/demo/ptinyos/SendAndReceiveCnt/CntToLedsAndRfm.xml at line 132 and column 63
	at ptolemy.moml.SimpleErrorHandler.handleError(SimpleErrorHandler.java:75)
	at ptolemy.moml.MoMLParser.startElement(MoMLParser.java:3805)
	at com.microstar.xml.XmlParser.parseElement(XmlParser.java:921)
	at com.microstar.xml.XmlParser.parseContent(XmlParser.java:1104)
	at com.microstar.xml.XmlParser.parseElement(XmlParser.java:924)
	at com.microstar.xml.XmlParser.parseDocument(XmlParser.java:481)
	at com.microstar.xml.XmlParser.doParse(XmlParser.java:159)
	at com.microstar.xml.XmlParser.parse(XmlParser.java:132)
	at ptolemy.moml.MoMLParser.parse(MoMLParser.java:1676)
	at ptolemy.moml.MoMLParser.parse(MoMLParser.java:1595)
	at ptolemy.moml.MoMLParser.parse(MoMLParser.java:1537)
	at ptolemy.moml.MoMLParser._findOrParse(MoMLParser.java:5286)
	at ptolemy.moml.MoMLParser._attemptToFindMoMLClass(MoMLParser.java:4075)
	at ptolemy.moml.MoMLParser._createEntity(MoMLParser.java:4323)
	... 65 more
Caused by: ptolemy.kernel.util.IllegalActionException: Cannot find class: ptolemy.domains.ptinyos.lib.MicaLeds. In Ptolemy, classes are typically Java .class files. Entities like actors may instead be defined within a .xml file.  In any case, the class was not found. If the class uses a third party package, then the class would be present only if the third party package was found at compile time.  It may be necessary to upgrade Java or install the third party package, reconfigure and recompile.
Because:
-- /home/travis/build/icyphy/ptII/ptolemy/actor/ptalon/demo/ptinyos/SendAndReceiveCnt/ptolemy/domains/ptinyos/lib/MicaLeds.xml (No such file or directory)
-- XML file not found relative to classpath.
-- /home/travis/build/icyphy/ptII/ptolemy/vergil/basic/export/test/ptolemy/domains/ptinyos/lib/MicaLeds.xml
/home/travis/build/icyphy/ptII/ptolemy/vergil/basic/export/test/ptolemy/domains/ptinyos/lib/MicaLeds.xml (No such file or directory)
 in file:/home/travis/build/icyphy/ptII/ptolemy/actor/ptalon/demo/ptinyos/SendAndReceiveCnt/CntToLedsAndRfm.xml at line 132 and column 63
	at ptolemy.moml.MoMLParser._createEntity(MoMLParser.java:4330)
	at ptolemy.moml.MoMLParser.startElement(MoMLParser.java:2864)
	... 77 more
Caused by: com.microstar.xml.XmlException: -- /home/travis/build/icyphy/ptII/ptolemy/actor/ptalon/demo/ptinyos/SendAndReceiveCnt/ptolemy/domains/ptinyos/lib/MicaLeds.xml (No such file or directory)
-- XML file not found relative to classpath.
-- /home/travis/build/icyphy/ptII/ptolemy/vergil/basic/export/test/ptolemy/domains/ptinyos/lib/MicaLeds.xml
/home/travis/build/icyphy/ptII/ptolemy/vergil/basic/export/test/ptolemy/domains/ptinyos/lib/MicaLeds.xml (No such file or directory)
 in file:/home/travis/build/icyphy/ptII/ptolemy/actor/ptalon/demo/ptinyos/SendAndReceiveCnt/CntToLedsAndRfm.xml at line 132 and column 63
	at ptolemy.moml.MoMLParser.fileNameToURL(MoMLParser.java:1414)
	at ptolemy.moml.MoMLParser._findOrParse(MoMLParser.java:5283)
	at ptolemy.moml.MoMLParser._attemptToFindMoMLClass(MoMLParser.java:4075)
	at ptolemy.moml.MoMLParser._createEntity(MoMLParser.java:4323)
	... 78 more
Failed to read file:/home/travis/build/icyphy/ptII/ptolemy/actor/ptalon/demo/ptinyos/SendAndReceiveCnt/SendAndReceiveCnt.xml
ptolemy.kernel.util.IllegalActionException: Failed to process attribute change to PtalonParameter, whose value is "ptolemy.actor.ptalon.PtalonExpressionParameter {.SendAndReceiveCnt.SendAndReceiveCnt.channelName} "AtomicWirelessChannel"".
  in .SendAndReceiveCnt.SendAndReceiveCnt
Because:
Unable to add actor null
	at ptolemy.actor.ptalon.PtalonActor.attributeChanged(PtalonActor.java:211)
	at ptolemy.actor.ptalon.PtalonMLHandler.startElement(PtalonMLHandler.java:134)
	at com.microstar.xml.XmlParser.parseElement(XmlParser.java:921)
	at com.microstar.xml.XmlParser.parseContent(XmlParser.java:1104)
	at com.microstar.xml.XmlParser.parseElement(XmlParser.java:924)
	at com.microstar.xml.XmlParser.parseDocument(XmlParser.java:481)
	at com.microstar.xml.XmlParser.doParse(XmlParser.java:159)
	at com.microstar.xml.XmlParser.parse(XmlParser.java:132)
	at ptolemy.actor.ptalon.PtalonActor.configure(PtalonActor.java:240)
	at ptolemy.moml.MoMLParser.endElement(MoMLParser.java:996)
	at com.microstar.xml.XmlParser.parseETag(XmlParser.java:1026)
	at com.microstar.xml.XmlParser.parseContent(XmlParser.java:1098)
	at com.microstar.xml.XmlParser.parseElement(XmlParser.java:924)
	at com.microstar.xml.XmlParser.parseContent(XmlParser.java:1104)
	at com.microstar.xml.XmlParser.parseElement(XmlParser.java:924)
	at com.microstar.xml.XmlParser.parseContent(XmlParser.java:1104)
	at com.microstar.xml.XmlParser.parseElement(XmlParser.java:924)
	at com.microstar.xml.XmlParser.parseDocument(XmlParser.java:481)
	at com.microstar.xml.XmlParser.doParse(XmlParser.java:159)
	at com.microstar.xml.XmlParser.parse(XmlParser.java:132)
	at ptolemy.moml.MoMLParser.parse(MoMLParser.java:1676)
	at ptolemy.moml.MoMLParser.parse(MoMLParser.java:1595)
	at ptolemy.moml.MoMLParser.parse(MoMLParser.java:1537)
	at ptolemy.actor.gui.PtolemyEffigy$Factory.createEffigy(PtolemyEffigy.java:424)
	at ptolemy.actor.gui.EffigyFactory.createEffigy(EffigyFactory.java:234)
	at ptolemy.actor.gui.Configuration.openModel(Configuration.java:1125)
	at ptolemy.actor.gui.Configuration.openModel(Configuration.java:1051)
	at ptolemy.actor.gui.ConfigurationApplication._openModel(ConfigurationApplication.java:1252)
	at ptolemy.actor.gui.ConfigurationApplication._parseArg(ConfigurationApplication.java:1399)
	at ptolemy.actor.gui.ConfigurationApplication._parseArgs(ConfigurationApplication.java:1478)
	at ptolemy.actor.gui.ConfigurationApplication.<init>(ConfigurationApplication.java:277)
	at ptolemy.actor.gui.ConfigurationApplication.<init>(ConfigurationApplication.java:214)
	at ptolemy.actor.gui.ConfigurationApplication.<init>(ConfigurationApplication.java:201)
	at ptolemy.actor.gui.ConfigurationApplication.openModelOrEntity(ConfigurationApplication.java:680)
	at ptolemy.vergil.basic.export.ExportModel$1.run(ExportModel.java:220)
	at java.awt.event.InvocationEvent.dispatch(InvocationEvent.java:301)
	at java.awt.EventQueue.dispatchEventImpl(EventQueue.java:756)
	at java.awt.EventQueue.access$500(EventQueue.java:97)
	at java.awt.EventQueue$3.run(EventQueue.java:709)
	at java.awt.EventQueue$3.run(EventQueue.java:703)
	at java.security.AccessController.doPrivileged(Native Method)
	at java.security.ProtectionDomain$JavaSecurityAccessImpl.doIntersectionPrivilege(ProtectionDomain.java:80)
	at java.awt.EventQueue.dispatchEvent(EventQueue.java:726)
	at java.awt.EventDispatchThread.pumpOneEventForFilters(EventDispatchThread.java:201)
	at java.awt.EventDispatchThread.pumpEventsForFilter(EventDispatchThread.java:116)
	at java.awt.EventDispatchThread.pumpEventsForHierarchy(EventDispatchThread.java:105)
	at java.awt.EventDispatchThread.pumpEvents(EventDispatchThread.java:101)
	at java.awt.EventDispatchThread.pumpEvents(EventDispatchThread.java:93)
	at java.awt.EventDispatchThread.run(EventDispatchThread.java:82)
Caused by: ptolemy.actor.ptalon.PtalonRuntimeException: Unable to add actor null
	at ptolemy.actor.ptalon.PtalonEvaluator.addActor(PtalonEvaluator.java:300)
	at ptolemy.actor.ptalon.PtalonPopulator.actor_declaration(PtalonPopulator.java:1574)
	at ptolemy.actor.ptalon.PtalonPopulator.atomic_statement(PtalonPopulator.java:1638)
	at ptolemy.actor.ptalon.PtalonPopulator.iterative_statement_evaluator(PtalonPopulator.java:2484)
	at ptolemy.actor.ptalon.AbstractPtalonEvaluator$IfTree.evaluateForScope(AbstractPtalonEvaluator.java:1307)
	at ptolemy.actor.ptalon.AbstractPtalonEvaluator.evaluateForScope(AbstractPtalonEvaluator.java:744)
	at ptolemy.actor.ptalon.PtalonPopulator.iterative_statement(PtalonPopulator.java:2363)
	at ptolemy.actor.ptalon.PtalonPopulator.actor_definition(PtalonPopulator.java:2809)
	at ptolemy.actor.ptalon.PtalonActor.attributeChanged(PtalonActor.java:206)
	... 48 more
Caused by: ptolemy.kernel.util.InternalErrorException: Element <entity name="sender1" class="ptolemy.actor.ptalon.demo.ptinyos.SendAndReceiveCnt.CntToLedsAndRfm"> caused an exception to be thrown.
  in .SendAndReceiveCnt.SendAndReceiveCnt
Because:
Cannot find class: ptolemy.actor.ptalon.demo.ptinyos.SendAndReceiveCnt.CntToLedsAndRfm. In Ptolemy, classes are typically Java .class files. Entities like actors may instead be defined within a .xml file.  In any case, the class was not found. If the class uses a third party package, then the class would be present only if the third party package was found at compile time.  It may be necessary to upgrade Java or install the third party package, reconfigure and recompile.
Because:
Element <entity name="MicaLeds" class="ptolemy.domains.ptinyos.lib.MicaLeds"> caused an exception to be thrown.
  in .CntToLedsAndRfm
Because:
Cannot find class: ptolemy.domains.ptinyos.lib.MicaLeds. In Ptolemy, classes are typically Java .class files. Entities like actors may instead be defined within a .xml file.  In any case, the class was not found. If the class uses a third party package, then the class would be present only if the third party package was found at compile time.  It may be necessary to upgrade Java or install the third party package, reconfigure and recompile.
Because:
-- /home/travis/build/icyphy/ptII/ptolemy/actor/ptalon/demo/ptinyos/SendAndReceiveCnt/ptolemy/domains/ptinyos/lib/MicaLeds.xml (No such file or directory)
-- XML file not found relative to classpath.
-- /home/travis/build/icyphy/ptII/ptolemy/vergil/basic/export/test/ptolemy/domains/ptinyos/lib/MicaLeds.xml
/home/travis/build/icyphy/ptII/ptolemy/vergil/basic/export/test/ptolemy/domains/ptinyos/lib/MicaLeds.xml (No such file or directory)
 in file:/home/travis/build/icyphy/ptII/ptolemy/actor/ptalon/demo/ptinyos/SendAndReceiveCnt/CntToLedsAndRfm.xml at line 132 and column 63
	at ptolemy.moml.SimpleErrorHandler.handleError(SimpleErrorHandler.java:75)
	at ptolemy.moml.MoMLParser.startElement(MoMLParser.java:3805)
	at com.microstar.xml.XmlParser.parseElement(XmlParser.java:931)
	at com.microstar.xml.XmlParser.parseDocument(XmlParser.java:481)
	at com.microstar.xml.XmlParser.doParse(XmlParser.java:159)
	at com.microstar.xml.XmlParser.parse(XmlParser.java:132)
	at ptolemy.moml.MoMLParser.parse(MoMLParser.java:1660)
	at ptolemy.moml.MoMLParser.parse(MoMLParser.java:1617)
	at ptolemy.moml.MoMLParser.parse(MoMLParser.java:1792)
	at ptolemy.actor.ptalon.PtalonEvaluator.addActor(PtalonEvaluator.java:241)
	... 56 more
Caused by: ptolemy.kernel.util.IllegalActionException: Cannot find class: ptolemy.actor.ptalon.demo.ptinyos.SendAndReceiveCnt.CntToLedsAndRfm. In Ptolemy, classes are typically Java .class files. Entities like actors may instead be defined within a .xml file.  In any case, the class was not found. If the class uses a third party package, then the class would be present only if the third party package was found at compile time.  It may be necessary to upgrade Java or install the third party package, reconfigure and recompile.
Because:
Element <entity name="MicaLeds" class="ptolemy.domains.ptinyos.lib.MicaLeds"> caused an exception to be thrown.
  in .CntToLedsAndRfm
Because:
Cannot find class: ptolemy.domains.ptinyos.lib.MicaLeds. In Ptolemy, classes are typically Java .class files. Entities like actors may instead be defined within a .xml file.  In any case, the class was not found. If the class uses a third party package, then the class would be present only if the third party package was found at compile time.  It may be necessary to upgrade Java or install the third party package, reconfigure and recompile.
Because:
-- /home/travis/build/icyphy/ptII/ptolemy/actor/ptalon/demo/ptinyos/SendAndReceiveCnt/ptolemy/domains/ptinyos/lib/MicaLeds.xml (No such file or directory)
-- XML file not found relative to classpath.
-- /home/travis/build/icyphy/ptII/ptolemy/vergil/basic/export/test/ptolemy/domains/ptinyos/lib/MicaLeds.xml
/home/travis/build/icyphy/ptII/ptolemy/vergil/basic/export/test/ptolemy/domains/ptinyos/lib/MicaLeds.xml (No such file or directory)
 in file:/home/travis/build/icyphy/ptII/ptolemy/actor/ptalon/demo/ptinyos/SendAndReceiveCnt/CntToLedsAndRfm.xml at line 132 and column 63
	at ptolemy.moml.MoMLParser._createEntity(MoMLParser.java:4330)
	at ptolemy.moml.MoMLParser.startElement(MoMLParser.java:2864)
	... 64 more
Caused by: ptolemy.kernel.util.InternalErrorException: Element <entity name="MicaLeds" class="ptolemy.domains.ptinyos.lib.MicaLeds"> caused an exception to be thrown.
  in .CntToLedsAndRfm
Because:
Cannot find class: ptolemy.domains.ptinyos.lib.MicaLeds. In Ptolemy, classes are typically Java .class files. Entities like actors may instead be defined within a .xml file.  In any case, the class was not found. If the class uses a third party package, then the class would be present only if the third party package was found at compile time.  It may be necessary to upgrade Java or install the third party package, reconfigure and recompile.
Because:
-- /home/travis/build/icyphy/ptII/ptolemy/actor/ptalon/demo/ptinyos/SendAndReceiveCnt/ptolemy/domains/ptinyos/lib/MicaLeds.xml (No such file or directory)
-- XML file not found relative to classpath.
-- /home/travis/build/icyphy/ptII/ptolemy/vergil/basic/export/test/ptolemy/domains/ptinyos/lib/MicaLeds.xml
/home/travis/build/icyphy/ptII/ptolemy/vergil/basic/export/test/ptolemy/domains/ptinyos/lib/MicaLeds.xml (No such file or directory)
 in file:/home/travis/build/icyphy/ptII/ptolemy/actor/ptalon/demo/ptinyos/SendAndReceiveCnt/CntToLedsAndRfm.xml at line 132 and column 63
	at ptolemy.moml.SimpleErrorHandler.handleError(SimpleErrorHandler.java:75)
	at ptolemy.moml.MoMLParser.startElement(MoMLParser.java:3805)
	at com.microstar.xml.XmlParser.parseElement(XmlParser.java:921)
	at com.microstar.xml.XmlParser.parseContent(XmlParser.java:1104)
	at com.microstar.xml.XmlParser.parseElement(XmlParser.java:924)
	at com.microstar.xml.XmlParser.parseDocument(XmlParser.java:481)
	at com.microstar.xml.XmlParser.doParse(XmlParser.java:159)
	at com.microstar.xml.XmlParser.parse(XmlParser.java:132)
	at ptolemy.moml.MoMLParser.parse(MoMLParser.java:1676)
	at ptolemy.moml.MoMLParser.parse(MoMLParser.java:1595)
	at ptolemy.moml.MoMLParser.parse(MoMLParser.java:1537)
	at ptolemy.moml.MoMLParser._findOrParse(MoMLParser.java:5286)
	at ptolemy.moml.MoMLParser._attemptToFindMoMLClass(MoMLParser.java:4075)
	at ptolemy.moml.MoMLParser._createEntity(MoMLParser.java:4323)
	... 65 more
Caused by: ptolemy.kernel.util.IllegalActionException: Cannot find class: ptolemy.domains.ptinyos.lib.MicaLeds. In Ptolemy, classes are typically Java .class files. Entities like actors may instead be defined within a .xml file.  In any case, the class was not found. If the class uses a third party package, then the class would be present only if the third party package was found at compile time.  It may be necessary to upgrade Java or install the third party package, reconfigure and recompile.
Because:
-- /home/travis/build/icyphy/ptII/ptolemy/actor/ptalon/demo/ptinyos/SendAndReceiveCnt/ptolemy/domains/ptinyos/lib/MicaLeds.xml (No such file or directory)
-- XML file not found relative to classpath.
-- /home/travis/build/icyphy/ptII/ptolemy/vergil/basic/export/test/ptolemy/domains/ptinyos/lib/MicaLeds.xml
/home/travis/build/icyphy/ptII/ptolemy/vergil/basic/export/test/ptolemy/domains/ptinyos/lib/MicaLeds.xml (No such file or directory)
 in file:/home/travis/build/icyphy/ptII/ptolemy/actor/ptalon/demo/ptinyos/SendAndReceiveCnt/CntToLedsAndRfm.xml at line 132 and column 63
	at ptolemy.moml.MoMLParser._createEntity(MoMLParser.java:4330)
	at ptolemy.moml.MoMLParser.startElement(MoMLParser.java:2864)
	... 77 more
Caused by: com.microstar.xml.XmlException: -- /home/travis/build/icyphy/ptII/ptolemy/actor/ptalon/demo/ptinyos/SendAndReceiveCnt/ptolemy/domains/ptinyos/lib/MicaLeds.xml (No such file or directory)
-- XML file not found relative to classpath.
-- /home/travis/build/icyphy/ptII/ptolemy/vergil/basic/export/test/ptolemy/domains/ptinyos/lib/MicaLeds.xml
/home/travis/build/icyphy/ptII/ptolemy/vergil/basic/export/test/ptolemy/domains/ptinyos/lib/MicaLeds.xml (No such file or directory)
 in file:/home/travis/build/icyphy/ptII/ptolemy/actor/ptalon/demo/ptinyos/SendAndReceiveCnt/CntToLedsAndRfm.xml at line 132 and column 63
	at ptolemy.moml.MoMLParser.fileNameToURL(MoMLParser.java:1414)
	at ptolemy.moml.MoMLParser._findOrParse(MoMLParser.java:5283)
	at ptolemy.moml.MoMLParser._attemptToFindMoMLClass(MoMLParser.java:4075)
	at ptolemy.moml.MoMLParser._createEntity(MoMLParser.java:4323)
	... 78 more
Caused by: ptolemy.actor.ptalon.PtalonRuntimeException: Unable to add actor null
	at ptolemy.actor.ptalon.PtalonEvaluator.addActor(PtalonEvaluator.java:300)
	at ptolemy.actor.ptalon.PtalonPopulator.actor_declaration(PtalonPopulator.java:1574)
	at ptolemy.actor.ptalon.PtalonPopulator.atomic_statement(PtalonPopulator.java:1638)
	at ptolemy.actor.ptalon.PtalonPopulator.iterative_statement_evaluator(PtalonPopulator.java:2484)
	at ptolemy.actor.ptalon.AbstractPtalonEvaluator$IfTree.evaluateForScope(AbstractPtalonEvaluator.java:1307)
	at ptolemy.actor.ptalon.AbstractPtalonEvaluator.evaluateForScope(AbstractPtalonEvaluator.java:744)
	at ptolemy.actor.ptalon.PtalonPopulator.iterative_statement(PtalonPopulator.java:2363)
	at ptolemy.actor.ptalon.PtalonPopulator.actor_definition(PtalonPopulator.java:2809)
	at ptolemy.actor.ptalon.PtalonActor.attributeChanged(PtalonActor.java:206)
	at ptolemy.actor.ptalon.PtalonMLHandler.startElement(PtalonMLHandler.java:134)
	at com.microstar.xml.XmlParser.parseElement(XmlParser.java:921)
	at com.microstar.xml.XmlParser.parseContent(XmlParser.java:1104)
	at com.microstar.xml.XmlParser.parseElement(XmlParser.java:924)
	at com.microstar.xml.XmlParser.parseDocument(XmlParser.java:481)
	at com.microstar.xml.XmlParser.doParse(XmlParser.java:159)
	at com.microstar.xml.XmlParser.parse(XmlParser.java:132)
	at ptolemy.actor.ptalon.PtalonActor.configure(PtalonActor.java:240)
	at ptolemy.moml.MoMLParser.endElement(MoMLParser.java:996)
	at com.microstar.xml.XmlParser.parseETag(XmlParser.java:1026)
	at com.microstar.xml.XmlParser.parseContent(XmlParser.java:1098)
	at com.microstar.xml.XmlParser.parseElement(XmlParser.java:924)
	at com.microstar.xml.XmlParser.parseContent(XmlParser.java:1104)
	at com.microstar.xml.XmlParser.parseElement(XmlParser.java:924)
	at com.microstar.xml.XmlParser.parseContent(XmlParser.java:1104)
	at com.microstar.xml.XmlParser.parseElement(XmlParser.java:924)
	at com.microstar.xml.XmlParser.parseDocument(XmlParser.java:481)
	at com.microstar.xml.XmlParser.doParse(XmlParser.java:159)
	at com.microstar.xml.XmlParser.parse(XmlParser.java:132)
	at ptolemy.moml.MoMLParser.parse(MoMLParser.java:1676)
	at ptolemy.moml.MoMLParser.parse(MoMLParser.java:1595)
	at ptolemy.moml.MoMLParser.parse(MoMLParser.java:1537)
	at ptolemy.actor.gui.PtolemyEffigy$Factory.createEffigy(PtolemyEffigy.java:424)
	at ptolemy.actor.gui.EffigyFactory.createEffigy(EffigyFactory.java:234)
	at ptolemy.actor.gui.Configuration.openModel(Configuration.java:1125)
	at ptolemy.actor.gui.Configuration.openModel(Configuration.java:1051)
	at ptolemy.actor.gui.ConfigurationApplication._openModel(ConfigurationApplication.java:1252)
	at ptolemy.actor.gui.ConfigurationApplication._parseArg(ConfigurationApplication.java:1399)
	at ptolemy.actor.gui.ConfigurationApplication._parseArgs(ConfigurationApplication.java:1478)
	at ptolemy.actor.gui.ConfigurationApplication.<init>(ConfigurationApplication.java:277)
	at ptolemy.actor.gui.ConfigurationApplication.<init>(ConfigurationApplication.java:214)
	at ptolemy.actor.gui.ConfigurationApplication.<init>(ConfigurationApplication.java:201)
	at ptolemy.actor.gui.ConfigurationApplication.openModelOrEntity(ConfigurationApplication.java:680)
	at ptolemy.vergil.basic.export.ExportModel$1.run(ExportModel.java:220)
	at java.awt.event.InvocationEvent.dispatch(InvocationEvent.java:301)
	at java.awt.EventQueue.dispatchEventImpl(EventQueue.java:756)
	at java.awt.EventQueue.access$500(EventQueue.java:97)
	at java.awt.EventQueue$3.run(EventQueue.java:709)
	at java.awt.EventQueue$3.run(EventQueue.java:703)
	at java.security.AccessController.doPrivileged(Native Method)
	at java.security.ProtectionDomain$JavaSecurityAccessImpl.doIntersectionPrivilege(ProtectionDomain.java:80)
	at java.awt.EventQueue.dispatchEvent(EventQueue.java:726)
	at java.awt.EventDispatchThread.pumpOneEventForFilters(EventDispatchThread.java:201)
	at java.awt.EventDispatchThread.pumpEventsForFilter(EventDispatchThread.java:116)
	at java.awt.EventDispatchThread.pumpEventsForHierarchy(EventDispatchThread.java:105)
	at java.awt.EventDispatchThread.pumpEvents(EventDispatchThread.java:101)
	at java.awt.EventDispatchThread.pumpEvents(EventDispatchThread.java:93)
	at java.awt.EventDispatchThread.run(EventDispatchThread.java:82)
Caused by: ptolemy.kernel.util.InternalErrorException: Element <entity name="sender1" class="ptolemy.actor.ptalon.demo.ptinyos.SendAndReceiveCnt.CntToLedsAndRfm"> caused an exception to be thrown.
  in .SendAndReceiveCnt.SendAndReceiveCnt
Because:
Cannot find class: ptolemy.actor.ptalon.demo.ptinyos.SendAndReceiveCnt.CntToLedsAndRfm. In Ptolemy, classes are typically Java .class files. Entities like actors may instead be defined within a .xml file.  In any case, the class was not found. If the class uses a third party package, then the class would be present only if the third party package was found at compile time.  It may be necessary to upgrade Java or install the third party package, reconfigure and recompile.
Because:
Element <entity name="MicaLeds" class="ptolemy.domains.ptinyos.lib.MicaLeds"> caused an exception to be thrown.
  in .CntToLedsAndRfm
Because:
Cannot find class: ptolemy.domains.ptinyos.lib.MicaLeds. In Ptolemy, classes are typically Java .class files. Entities like actors may instead be defined within a .xml file.  In any case, the class was not found. If the class uses a third party package, then the class would be present only if the third party package was found at compile time.  It may be necessary to upgrade Java or install the third party package, reconfigure and recompile.
Because:
-- /home/travis/build/icyphy/ptII/ptolemy/actor/ptalon/demo/ptinyos/SendAndReceiveCnt/ptolemy/domains/ptinyos/lib/MicaLeds.xml (No such file or directory)
-- XML file not found relative to classpath.
-- /home/travis/build/icyphy/ptII/ptolemy/vergil/basic/export/test/ptolemy/domains/ptinyos/lib/MicaLeds.xml
/home/travis/build/icyphy/ptII/ptolemy/vergil/basic/export/test/ptolemy/domains/ptinyos/lib/MicaLeds.xml (No such file or directory)
 in file:/home/travis/build/icyphy/ptII/ptolemy/actor/ptalon/demo/ptinyos/SendAndReceiveCnt/CntToLedsAndRfm.xml at line 132 and column 63
	at ptolemy.moml.SimpleErrorHandler.handleError(SimpleErrorHandler.java:75)
	at ptolemy.moml.MoMLParser.startElement(MoMLParser.java:3805)
	at com.microstar.xml.XmlParser.parseElement(XmlParser.java:931)
	at com.microstar.xml.XmlParser.parseDocument(XmlParser.java:481)
	at com.microstar.xml.XmlParser.doParse(XmlParser.java:159)
	at com.microstar.xml.XmlParser.parse(XmlParser.java:132)
	at ptolemy.moml.MoMLParser.parse(MoMLParser.java:1660)
	at ptolemy.moml.MoMLParser.parse(MoMLParser.java:1617)
	at ptolemy.moml.MoMLParser.parse(MoMLParser.java:1792)
	at ptolemy.actor.ptalon.PtalonEvaluator.addActor(PtalonEvaluator.java:241)
	... 56 more
Caused by: ptolemy.kernel.util.IllegalActionException: Cannot find class: ptolemy.actor.ptalon.demo.ptinyos.SendAndReceiveCnt.CntToLedsAndRfm. In Ptolemy, classes are typically Java .class files. Entities like actors may instead be defined within a .xml file.  In any case, the class was not found. If the class uses a third party package, then the class would be present only if the third party package was found at compile time.  It may be necessary to upgrade Java or install the third party package, reconfigure and recompile.
Because:
Element <entity name="MicaLeds" class="ptolemy.domains.ptinyos.lib.MicaLeds"> caused an exception to be thrown.
  in .CntToLedsAndRfm
Because:
Cannot find class: ptolemy.domains.ptinyos.lib.MicaLeds. In Ptolemy, classes are typically Java .class files. Entities like actors may instead be defined within a .xml file.  In any case, the class was not found. If the class uses a third party package, then the class would be present only if the third party package was found at compile time.  It may be necessary to upgrade Java or install the third party package, reconfigure and recompile.
Because:
-- /home/travis/build/icyphy/ptII/ptolemy/actor/ptalon/demo/ptinyos/SendAndReceiveCnt/ptolemy/domains/ptinyos/lib/MicaLeds.xml (No such file or directory)
-- XML file not found relative to classpath.
-- /home/travis/build/icyphy/ptII/ptolemy/vergil/basic/export/test/ptolemy/domains/ptinyos/lib/MicaLeds.xml
/home/travis/build/icyphy/ptII/ptolemy/vergil/basic/export/test/ptolemy/domains/ptinyos/lib/MicaLeds.xml (No such file or directory)
 in file:/home/travis/build/icyphy/ptII/ptolemy/actor/ptalon/demo/ptinyos/SendAndReceiveCnt/CntToLedsAndRfm.xml at line 132 and column 63
	at ptolemy.moml.MoMLParser._createEntity(MoMLParser.java:4330)
	at ptolemy.moml.MoMLParser.startElement(MoMLParser.java:2864)
	... 64 more
Caused by: ptolemy.kernel.util.InternalErrorException: Element <entity name="MicaLeds" class="ptolemy.domains.ptinyos.lib.MicaLeds"> caused an exception to be thrown.
  in .CntToLedsAndRfm
Because:
Cannot find class: ptolemy.domains.ptinyos.lib.MicaLeds. In Ptolemy, classes are typically Java .class files. Entities like actors may instead be defined within a .xml file.  In any case, the class was not found. If the class uses a third party package, then the class would be present only if the third party package was found at compile time.  It may be necessary to upgrade Java or install the third party package, reconfigure and recompile.
Because:
-- /home/travis/build/icyphy/ptII/ptolemy/actor/ptalon/demo/ptinyos/SendAndReceiveCnt/ptolemy/domains/ptinyos/lib/MicaLeds.xml (No such file or directory)
-- XML file not found relative to classpath.
-- /home/travis/build/icyphy/ptII/ptolemy/vergil/basic/export/test/ptolemy/domains/ptinyos/lib/MicaLeds.xml
/home/travis/build/icyphy/ptII/ptolemy/vergil/basic/export/test/ptolemy/domains/ptinyos/lib/MicaLeds.xml (No such file or directory)
 in file:/home/travis/build/icyphy/ptII/ptolemy/actor/ptalon/demo/ptinyos/SendAndReceiveCnt/CntToLedsAndRfm.xml at line 132 and column 63
	at ptolemy.moml.SimpleErrorHandler.handleError(SimpleErrorHandler.java:75)
	at ptolemy.moml.MoMLParser.startElement(MoMLParser.java:3805)
	at com.microstar.xml.XmlParser.parseElement(XmlParser.java:921)
	at com.microstar.xml.XmlParser.parseContent(XmlParser.java:1104)
	at com.microstar.xml.XmlParser.parseElement(XmlParser.java:924)
	at com.microstar.xml.XmlParser.parseDocument(XmlParser.java:481)
	at com.microstar.xml.XmlParser.doParse(XmlParser.java:159)
	at com.microstar.xml.XmlParser.parse(XmlParser.java:132)
	at ptolemy.moml.MoMLParser.parse(MoMLParser.java:1676)
	at ptolemy.moml.MoMLParser.parse(MoMLParser.java:1595)
	at ptolemy.moml.MoMLParser.parse(MoMLParser.java:1537)
	at ptolemy.moml.MoMLParser._findOrParse(MoMLParser.java:5286)
	at ptolemy.moml.MoMLParser._attemptToFindMoMLClass(MoMLParser.java:4075)
	at ptolemy.moml.MoMLParser._createEntity(MoMLParser.java:4323)
	... 65 more
Caused by: ptolemy.kernel.util.IllegalActionException: Cannot find class: ptolemy.domains.ptinyos.lib.MicaLeds. In Ptolemy, classes are typically Java .class files. Entities like actors may instead be defined within a .xml file.  In any case, the class was not found. If the class uses a third party package, then the class would be present only if the third party package was found at compile time.  It may be necessary to upgrade Java or install the third party package, reconfigure and recompile.
Because:
-- /home/travis/build/icyphy/ptII/ptolemy/actor/ptalon/demo/ptinyos/SendAndReceiveCnt/ptolemy/domains/ptinyos/lib/MicaLeds.xml (No such file or directory)
-- XML file not found relative to classpath.
-- /home/travis/build/icyphy/ptII/ptolemy/vergil/basic/export/test/ptolemy/domains/ptinyos/lib/MicaLeds.xml
/home/travis/build/icyphy/ptII/ptolemy/vergil/basic/export/test/ptolemy/domains/ptinyos/lib/MicaLeds.xml (No such file or directory)
 in file:/home/travis/build/icyphy/ptII/ptolemy/actor/ptalon/demo/ptinyos/SendAndReceiveCnt/CntToLedsAndRfm.xml at line 132 and column 63
	at ptolemy.moml.MoMLParser._createEntity(MoMLParser.java:4330)
	at ptolemy.moml.MoMLParser.startElement(MoMLParser.java:2864)
	... 77 more
Caused by: com.microstar.xml.XmlException: -- /home/travis/build/icyphy/ptII/ptolemy/actor/ptalon/demo/ptinyos/SendAndReceiveCnt/ptolemy/domains/ptinyos/lib/MicaLeds.xml (No such file or directory)
-- XML file not found relative to classpath.
-- /home/travis/build/icyphy/ptII/ptolemy/vergil/basic/export/test/ptolemy/domains/ptinyos/lib/MicaLeds.xml
/home/travis/build/icyphy/ptII/ptolemy/vergil/basic/export/test/ptolemy/domains/ptinyos/lib/MicaLeds.xml (No such file or directory)
 in file:/home/travis/build/icyphy/ptII/ptolemy/actor/ptalon/demo/ptinyos/SendAndReceiveCnt/CntToLedsAndRfm.xml at line 132 and column 63
	at ptolemy.moml.MoMLParser.fileNameToURL(MoMLParser.java:1414)
	at ptolemy.moml.MoMLParser._findOrParse(MoMLParser.java:5283)
	at ptolemy.moml.MoMLParser._attemptToFindMoMLClass(MoMLParser.java:4075)
	at ptolemy.moml.MoMLParser._createEntity(MoMLParser.java:4323)
	... 78 more
Failed to read file:/home/travis/build/icyphy/ptII/ptolemy/actor/ptalon/demo/ptinyos/SendAndReceiveCnt/SendAndReceiveCnt.xml
ptolemy.kernel.util.IllegalActionException: Failed to process attribute change to PtalonParameter, whose value is "ptolemy.actor.ptalon.PtalonExpressionParameter {.SendAndReceiveCnt.SendAndReceiveCnt.channelName} "AtomicWirelessChannel"".
  in .SendAndReceiveCnt.SendAndReceiveCnt
Because:
Unable to add actor null
	at ptolemy.actor.ptalon.PtalonActor.attributeChanged(PtalonActor.java:211)
	at ptolemy.actor.ptalon.PtalonMLHandler.startElement(PtalonMLHandler.java:134)
	at com.microstar.xml.XmlParser.parseElement(XmlParser.java:921)
	at com.microstar.xml.XmlParser.parseContent(XmlParser.java:1104)
	at com.microstar.xml.XmlParser.parseElement(XmlParser.java:924)
	at com.microstar.xml.XmlParser.parseDocument(XmlParser.java:481)
	at com.microstar.xml.XmlParser.doParse(XmlParser.java:159)
	at com.microstar.xml.XmlParser.parse(XmlParser.java:132)
	at ptolemy.actor.ptalon.PtalonActor.configure(PtalonActor.java:240)
	at ptolemy.moml.MoMLParser.endElement(MoMLParser.java:996)
	at com.microstar.xml.XmlParser.parseETag(XmlParser.java:1026)
	at com.microstar.xml.XmlParser.parseContent(XmlParser.java:1098)
	at com.microstar.xml.XmlParser.parseElement(XmlParser.java:924)
	at com.microstar.xml.XmlParser.parseContent(XmlParser.java:1104)
	at com.microstar.xml.XmlParser.parseElement(XmlParser.java:924)
	at com.microstar.xml.XmlParser.parseContent(XmlParser.java:1104)
	at com.microstar.xml.XmlParser.parseElement(XmlParser.java:924)
	at com.microstar.xml.XmlParser.parseDocument(XmlParser.java:481)
	at com.microstar.xml.XmlParser.doParse(XmlParser.java:159)
	at com.microstar.xml.XmlParser.parse(XmlParser.java:132)
	at ptolemy.moml.MoMLParser.parse(MoMLParser.java:1676)
	at ptolemy.moml.MoMLParser.parse(MoMLParser.java:1595)
	at ptolemy.moml.MoMLParser.parse(MoMLParser.java:1537)
	at ptolemy.actor.gui.PtolemyEffigy$Factory.createEffigy(PtolemyEffigy.java:424)
	at ptolemy.actor.gui.EffigyFactory.createEffigy(EffigyFactory.java:234)
	at ptolemy.actor.gui.Configuration.openModel(Configuration.java:1125)
	at ptolemy.actor.gui.Configuration.openModel(Configuration.java:1051)
	at ptolemy.actor.gui.ConfigurationApplication._openModel(ConfigurationApplication.java:1252)
	at ptolemy.actor.gui.ConfigurationApplication._parseArg(ConfigurationApplication.java:1399)
	at ptolemy.actor.gui.ConfigurationApplication._parseArgs(ConfigurationApplication.java:1478)
	at ptolemy.actor.gui.ConfigurationApplication.<init>(ConfigurationApplication.java:277)
	at ptolemy.actor.gui.ConfigurationApplication.<init>(ConfigurationApplication.java:214)
	at ptolemy.actor.gui.ConfigurationApplication.<init>(ConfigurationApplication.java:201)
	at ptolemy.actor.gui.ConfigurationApplication.openModelOrEntity(ConfigurationApplication.java:680)
	at ptolemy.vergil.basic.export.ExportModel$1.run(ExportModel.java:220)
	at java.awt.event.InvocationEvent.dispatch(InvocationEvent.java:301)
	at java.awt.EventQueue.dispatchEventImpl(EventQueue.java:756)
	at java.awt.EventQueue.access$500(EventQueue.java:97)
	at java.awt.EventQueue$3.run(EventQueue.java:709)
	at java.awt.EventQueue$3.run(EventQueue.java:703)
	at java.security.AccessController.doPrivileged(Native Method)
	at java.security.ProtectionDomain$JavaSecurityAccessImpl.doIntersectionPrivilege(ProtectionDomain.java:80)
	at java.awt.EventQueue.dispatchEvent(EventQueue.java:726)
	at java.awt.EventDispatchThread.pumpOneEventForFilters(EventDispatchThread.java:201)
	at java.awt.EventDispatchThread.pumpEventsForFilter(EventDispatchThread.java:116)
	at java.awt.EventDispatchThread.pumpEventsForHierarchy(EventDispatchThread.java:105)
	at java.awt.EventDispatchThread.pumpEvents(EventDispatchThread.java:101)
	at java.awt.EventDispatchThread.pumpEvents(EventDispatchThread.java:93)
	at java.awt.EventDispatchThread.run(EventDispatchThread.java:82)
Caused by: ptolemy.actor.ptalon.PtalonRuntimeException: Unable to add actor null
	at ptolemy.actor.ptalon.PtalonEvaluator.addActor(PtalonEvaluator.java:300)
	at ptolemy.actor.ptalon.PtalonPopulator.actor_declaration(PtalonPopulator.java:1574)
	at ptolemy.actor.ptalon.PtalonPopulator.atomic_statement(PtalonPopulator.java:1638)
	at ptolemy.actor.ptalon.PtalonPopulator.iterative_statement_evaluator(PtalonPopulator.java:2484)
	at ptolemy.actor.ptalon.AbstractPtalonEvaluator$IfTree.evaluateForScope(AbstractPtalonEvaluator.java:1307)
	at ptolemy.actor.ptalon.AbstractPtalonEvaluator.evaluateForScope(AbstractPtalonEvaluator.java:744)
	at ptolemy.actor.ptalon.PtalonPopulator.iterative_statement(PtalonPopulator.java:2363)
	at ptolemy.actor.ptalon.PtalonPopulator.actor_definition(PtalonPopulator.java:2809)
	at ptolemy.actor.ptalon.PtalonActor.attributeChanged(PtalonActor.java:206)
	... 48 more
Caused by: ptolemy.kernel.util.InternalErrorException: Element <entity name="sender1" class="ptolemy.actor.ptalon.demo.ptinyos.SendAndReceiveCnt.CntToLedsAndRfm"> caused an exception to be thrown.
  in .SendAndReceiveCnt.SendAndReceiveCnt
Because:
Cannot find class: ptolemy.actor.ptalon.demo.ptinyos.SendAndReceiveCnt.CntToLedsAndRfm. In Ptolemy, classes are typically Java .class files. Entities like actors may instead be defined within a .xml file.  In any case, the class was not found. If the class uses a third party package, then the class would be present only if the third party package was found at compile time.  It may be necessary to upgrade Java or install the third party package, reconfigure and recompile.
Because:
Element <entity name="MicaLeds" class="ptolemy.domains.ptinyos.lib.MicaLeds"> caused an exception to be thrown.
  in .CntToLedsAndRfm
Because:
Cannot find class: ptolemy.domains.ptinyos.lib.MicaLeds. In Ptolemy, classes are typically Java .class files. Entities like actors may instead be defined within a .xml file.  In any case, the class was not found. If the class uses a third party package, then the class would be present only if the third party package was found at compile time.  It may be necessary to upgrade Java or install the third party package, reconfigure and recompile.
Because:
-- /home/travis/build/icyphy/ptII/ptolemy/actor/ptalon/demo/ptinyos/SendAndReceiveCnt/ptolemy/domains/ptinyos/lib/MicaLeds.xml (No such file or directory)
-- XML file not found relative to classpath.
-- /home/travis/build/icyphy/ptII/ptolemy/vergil/basic/export/test/ptolemy/domains/ptinyos/lib/MicaLeds.xml
/home/travis/build/icyphy/ptII/ptolemy/vergil/basic/export/test/ptolemy/domains/ptinyos/lib/MicaLeds.xml (No such file or directory)
 in file:/home/travis/build/icyphy/ptII/ptolemy/actor/ptalon/demo/ptinyos/SendAndReceiveCnt/CntToLedsAndRfm.xml at line 132 and column 63
	at ptolemy.moml.SimpleErrorHandler.handleError(SimpleErrorHandler.java:75)
	at ptolemy.moml.MoMLParser.startElement(MoMLParser.java:3805)
	at com.microstar.xml.XmlParser.parseElement(XmlParser.java:931)
	at com.microstar.xml.XmlParser.parseDocument(XmlParser.java:481)
	at com.microstar.xml.XmlParser.doParse(XmlParser.java:159)
	at com.microstar.xml.XmlParser.parse(XmlParser.java:132)
	at ptolemy.moml.MoMLParser.parse(MoMLParser.java:1660)
	at ptolemy.moml.MoMLParser.parse(MoMLParser.java:1617)
	at ptolemy.moml.MoMLParser.parse(MoMLParser.java:1792)
	at ptolemy.actor.ptalon.PtalonEvaluator.addActor(PtalonEvaluator.java:241)
	... 56 more
Caused by: ptolemy.kernel.util.IllegalActionException: Cannot find class: ptolemy.actor.ptalon.demo.ptinyos.SendAndReceiveCnt.CntToLedsAndRfm. In Ptolemy, classes are typically Java .class files. Entities like actors may instead be defined within a .xml file.  In any case, the class was not found. If the class uses a third party package, then the class would be present only if the third party package was found at compile time.  It may be necessary to upgrade Java or install the third party package, reconfigure and recompile.
Because:
Element <entity name="MicaLeds" class="ptolemy.domains.ptinyos.lib.MicaLeds"> caused an exception to be thrown.
  in .CntToLedsAndRfm
Because:
Cannot find class: ptolemy.domains.ptinyos.lib.MicaLeds. In Ptolemy, classes are typically Java .class files. Entities like actors may instead be defined within a .xml file.  In any case, the class was not found. If the class uses a third party package, then the class would be present only if the third party package was found at compile time.  It may be necessary to upgrade Java or install the third party package, reconfigure and recompile.
Because:
-- /home/travis/build/icyphy/ptII/ptolemy/actor/ptalon/demo/ptinyos/SendAndReceiveCnt/ptolemy/domains/ptinyos/lib/MicaLeds.xml (No such file or directory)
-- XML file not found relative to classpath.
-- /home/travis/build/icyphy/ptII/ptolemy/vergil/basic/export/test/ptolemy/domains/ptinyos/lib/MicaLeds.xml
/home/travis/build/icyphy/ptII/ptolemy/vergil/basic/export/test/ptolemy/domains/ptinyos/lib/MicaLeds.xml (No such file or directory)
 in file:/home/travis/build/icyphy/ptII/ptolemy/actor/ptalon/demo/ptinyos/SendAndReceiveCnt/CntToLedsAndRfm.xml at line 132 and column 63
	at ptolemy.moml.MoMLParser._createEntity(MoMLParser.java:4330)
	at ptolemy.moml.MoMLParser.startElement(MoMLParser.java:2864)
	... 64 more
Caused by: ptolemy.kernel.util.InternalErrorException: Element <entity name="MicaLeds" class="ptolemy.domains.ptinyos.lib.MicaLeds"> caused an exception to be thrown.
  in .CntToLedsAndRfm
Because:
Cannot find class: ptolemy.domains.ptinyos.lib.MicaLeds. In Ptolemy, classes are typically Java .class files. Entities like actors may instead be defined within a .xml file.  In any case, the class was not found. If the class uses a third party package, then the class would be present only if the third party package was found at compile time.  It may be necessary to upgrade Java or install the third party package, reconfigure and recompile.
Because:
-- /home/travis/build/icyphy/ptII/ptolemy/actor/ptalon/demo/ptinyos/SendAndReceiveCnt/ptolemy/domains/ptinyos/lib/MicaLeds.xml (No such file or directory)
-- XML file not found relative to classpath.
-- /home/travis/build/icyphy/ptII/ptolemy/vergil/basic/export/test/ptolemy/domains/ptinyos/lib/MicaLeds.xml
/home/travis/build/icyphy/ptII/ptolemy/vergil/basic/export/test/ptolemy/domains/ptinyos/lib/MicaLeds.xml (No such file or directory)
 in file:/home/travis/build/icyphy/ptII/ptolemy/actor/ptalon/demo/ptinyos/SendAndReceiveCnt/CntToLedsAndRfm.xml at line 132 and column 63
	at ptolemy.moml.SimpleErrorHandler.handleError(SimpleErrorHandler.java:75)
	at ptolemy.moml.MoMLParser.startElement(MoMLParser.java:3805)
	at com.microstar.xml.XmlParser.parseElement(XmlParser.java:921)
	at com.microstar.xml.XmlParser.parseContent(XmlParser.java:1104)
	at com.microstar.xml.XmlParser.parseElement(XmlParser.java:924)
	at com.microstar.xml.XmlParser.parseDocument(XmlParser.java:481)
	at com.microstar.xml.XmlParser.doParse(XmlParser.java:159)
	at com.microstar.xml.XmlParser.parse(XmlParser.java:132)
	at ptolemy.moml.MoMLParser.parse(MoMLParser.java:1676)
	at ptolemy.moml.MoMLParser.parse(MoMLParser.java:1595)
	at ptolemy.moml.MoMLParser.parse(MoMLParser.java:1537)
	at ptolemy.moml.MoMLParser._findOrParse(MoMLParser.java:5286)
	at ptolemy.moml.MoMLParser._attemptToFindMoMLClass(MoMLParser.java:4075)
	at ptolemy.moml.MoMLParser._createEntity(MoMLParser.java:4323)
	... 65 more
Caused by: ptolemy.kernel.util.IllegalActionException: Cannot find class: ptolemy.domains.ptinyos.lib.MicaLeds. In Ptolemy, classes are typically Java .class files. Entities like actors may instead be defined within a .xml file.  In any case, the class was not found. If the class uses a third party package, then the class would be present only if the third party package was found at compile time.  It may be necessary to upgrade Java or install the third party package, reconfigure and recompile.
Because:
-- /home/travis/build/icyphy/ptII/ptolemy/actor/ptalon/demo/ptinyos/SendAndReceiveCnt/ptolemy/domains/ptinyos/lib/MicaLeds.xml (No such file or directory)
-- XML file not found relative to classpath.
-- /home/travis/build/icyphy/ptII/ptolemy/vergil/basic/export/test/ptolemy/domains/ptinyos/lib/MicaLeds.xml
/home/travis/build/icyphy/ptII/ptolemy/vergil/basic/export/test/ptolemy/domains/ptinyos/lib/MicaLeds.xml (No such file or directory)
 in file:/home/travis/build/icyphy/ptII/ptolemy/actor/ptalon/demo/ptinyos/SendAndReceiveCnt/CntToLedsAndRfm.xml at line 132 and column 63
	at ptolemy.moml.MoMLParser._createEntity(MoMLParser.java:4330)
	at ptolemy.moml.MoMLParser.startElement(MoMLParser.java:2864)
	... 77 more
Caused by: com.microstar.xml.XmlException: -- /home/travis/build/icyphy/ptII/ptolemy/actor/ptalon/demo/ptinyos/SendAndReceiveCnt/ptolemy/domains/ptinyos/lib/MicaLeds.xml (No such file or directory)
-- XML file not found relative to classpath.
-- /home/travis/build/icyphy/ptII/ptolemy/vergil/basic/export/test/ptolemy/domains/ptinyos/lib/MicaLeds.xml
/home/travis/build/icyphy/ptII/ptolemy/vergil/basic/export/test/ptolemy/domains/ptinyos/lib/MicaLeds.xml (No such file or directory)
 in file:/home/travis/build/icyphy/ptII/ptolemy/actor/ptalon/demo/ptinyos/SendAndReceiveCnt/CntToLedsAndRfm.xml at line 132 and column 63
	at ptolemy.moml.MoMLParser.fileNameToURL(MoMLParser.java:1414)
	at ptolemy.moml.MoMLParser._findOrParse(MoMLParser.java:5283)
	at ptolemy.moml.MoMLParser._attemptToFindMoMLClass(MoMLParser.java:4075)
	at ptolemy.moml.MoMLParser._createEntity(MoMLParser.java:4323)
	... 78 more
Caused by: ptolemy.actor.ptalon.PtalonRuntimeException: Unable to add actor null
	at ptolemy.actor.ptalon.PtalonEvaluator.addActor(PtalonEvaluator.java:300)
	at ptolemy.actor.ptalon.PtalonPopulator.actor_declaration(PtalonPopulator.java:1574)
	at ptolemy.actor.ptalon.PtalonPopulator.atomic_statement(PtalonPopulator.java:1638)
	at ptolemy.actor.ptalon.PtalonPopulator.iterative_statement_evaluator(PtalonPopulator.java:2484)
	at ptolemy.actor.ptalon.AbstractPtalonEvaluator$IfTree.evaluateForScope(AbstractPtalonEvaluator.java:1307)
	at ptolemy.actor.ptalon.AbstractPtalonEvaluator.evaluateForScope(AbstractPtalonEvaluator.java:744)
	at ptolemy.actor.ptalon.PtalonPopulator.iterative_statement(PtalonPopulator.java:2363)
	at ptolemy.actor.ptalon.PtalonPopulator.actor_definition(PtalonPopulator.java:2809)
	at ptolemy.actor.ptalon.PtalonActor.attributeChanged(PtalonActor.java:206)
	at ptolemy.actor.ptalon.PtalonMLHandler.startElement(PtalonMLHandler.java:134)
	at com.microstar.xml.XmlParser.parseElement(XmlParser.java:921)
	at com.microstar.xml.XmlParser.parseContent(XmlParser.java:1104)
	at com.microstar.xml.XmlParser.parseElement(XmlParser.java:924)
	at com.microstar.xml.XmlParser.parseDocument(XmlParser.java:481)
	at com.microstar.xml.XmlParser.doParse(XmlParser.java:159)
	at com.microstar.xml.XmlParser.parse(XmlParser.java:132)
	at ptolemy.actor.ptalon.PtalonActor.configure(PtalonActor.java:240)
	at ptolemy.moml.MoMLParser.endElement(MoMLParser.java:996)
	at com.microstar.xml.XmlParser.parseETag(XmlParser.java:1026)
	at com.microstar.xml.XmlParser.parseContent(XmlParser.java:1098)
	at com.microstar.xml.XmlParser.parseElement(XmlParser.java:924)
	at com.microstar.xml.XmlParser.parseContent(XmlParser.java:1104)
	at com.microstar.xml.XmlParser.parseElement(XmlParser.java:924)
	at com.microstar.xml.XmlParser.parseContent(XmlParser.java:1104)
	at com.microstar.xml.XmlParser.parseElement(XmlParser.java:924)
	at com.microstar.xml.XmlParser.parseDocument(XmlParser.java:481)
	at com.microstar.xml.XmlParser.doParse(XmlParser.java:159)
	at com.microstar.xml.XmlParser.parse(XmlParser.java:132)
	at ptolemy.moml.MoMLParser.parse(MoMLParser.java:1676)
	at ptolemy.moml.MoMLParser.parse(MoMLParser.java:1595)
	at ptolemy.moml.MoMLParser.parse(MoMLParser.java:1537)
	at ptolemy.actor.gui.PtolemyEffigy$Factory.createEffigy(PtolemyEffigy.java:424)
	at ptolemy.actor.gui.EffigyFactory.createEffigy(EffigyFactory.java:234)
	at ptolemy.actor.gui.Configuration.openModel(Configuration.java:1125)
	at ptolemy.actor.gui.Configuration.openModel(Configuration.java:1051)
	at ptolemy.actor.gui.ConfigurationApplication._openModel(ConfigurationApplication.java:1252)
	at ptolemy.actor.gui.ConfigurationApplication._parseArg(ConfigurationApplication.java:1399)
	at ptolemy.actor.gui.ConfigurationApplication._parseArgs(ConfigurationApplication.java:1478)
	at ptolemy.actor.gui.ConfigurationApplication.<init>(ConfigurationApplication.java:277)
	at ptolemy.actor.gui.ConfigurationApplication.<init>(ConfigurationApplication.java:214)
	at ptolemy.actor.gui.ConfigurationApplication.<init>(ConfigurationApplication.java:201)
	at ptolemy.actor.gui.ConfigurationApplication.openModelOrEntity(ConfigurationApplication.java:680)
	at ptolemy.vergil.basic.export.ExportModel$1.run(ExportModel.java:220)
	at java.awt.event.InvocationEvent.dispatch(InvocationEvent.java:301)
	at java.awt.EventQueue.dispatchEventImpl(EventQueue.java:756)
	at java.awt.EventQueue.access$500(EventQueue.java:97)
	at java.awt.EventQueue$3.run(EventQueue.java:709)
	at java.awt.EventQueue$3.run(EventQueue.java:703)
	at java.security.AccessController.doPrivileged(Native Method)
	at java.security.ProtectionDomain$JavaSecurityAccessImpl.doIntersectionPrivilege(ProtectionDomain.java:80)
	at java.awt.EventQueue.dispatchEvent(EventQueue.java:726)
	at java.awt.EventDispatchThread.pumpOneEventForFilters(EventDispatchThread.java:201)
	at java.awt.EventDispatchThread.pumpEventsForFilter(EventDispatchThread.java:116)
	at java.awt.EventDispatchThread.pumpEventsForHierarchy(EventDispatchThread.java:105)
	at java.awt.EventDispatchThread.pumpEvents(EventDispatchThread.java:101)
	at java.awt.EventDispatchThread.pumpEvents(EventDispatchThread.java:93)
	at java.awt.EventDispatchThread.run(EventDispatchThread.java:82)
Caused by: ptolemy.kernel.util.InternalErrorException: Element <entity name="sender1" class="ptolemy.actor.ptalon.demo.ptinyos.SendAndReceiveCnt.CntToLedsAndRfm"> caused an exception to be thrown.
  in .SendAndReceiveCnt.SendAndReceiveCnt
Because:
Cannot find class: ptolemy.actor.ptalon.demo.ptinyos.SendAndReceiveCnt.CntToLedsAndRfm. In Ptolemy, classes are typically Java .class files. Entities like actors may instead be defined within a .xml file.  In any case, the class was not found. If the class uses a third party package, then the class would be present only if the third party package was found at compile time.  It may be necessary to upgrade Java or install the third party package, reconfigure and recompile.
Because:
Element <entity name="MicaLeds" class="ptolemy.domains.ptinyos.lib.MicaLeds"> caused an exception to be thrown.
  in .CntToLedsAndRfm
Because:
Cannot find class: ptolemy.domains.ptinyos.lib.MicaLeds. In Ptolemy, classes are typically Java .class files. Entities like actors may instead be defined within a .xml file.  In any case, the class was not found. If the class uses a third party package, then the class would be present only if the third party package was found at compile time.  It may be necessary to upgrade Java or install the third party package, reconfigure and recompile.
Because:
-- /home/travis/build/icyphy/ptII/ptolemy/actor/ptalon/demo/ptinyos/SendAndReceiveCnt/ptolemy/domains/ptinyos/lib/MicaLeds.xml (No such file or directory)
-- XML file not found relative to classpath.
-- /home/travis/build/icyphy/ptII/ptolemy/vergil/basic/export/test/ptolemy/domains/ptinyos/lib/MicaLeds.xml
/home/travis/build/icyphy/ptII/ptolemy/vergil/basic/export/test/ptolemy/domains/ptinyos/lib/MicaLeds.xml (No such file or directory)
 in file:/home/travis/build/icyphy/ptII/ptolemy/actor/ptalon/demo/ptinyos/SendAndReceiveCnt/CntToLedsAndRfm.xml at line 132 and column 63
	at ptolemy.moml.SimpleErrorHandler.handleError(SimpleErrorHandler.java:75)
	at ptolemy.moml.MoMLParser.startElement(MoMLParser.java:3805)
	at com.microstar.xml.XmlParser.parseElement(XmlParser.java:931)
	at com.microstar.xml.XmlParser.parseDocument(XmlParser.java:481)
	at com.microstar.xml.XmlParser.doParse(XmlParser.java:159)
	at com.microstar.xml.XmlParser.parse(XmlParser.java:132)
	at ptolemy.moml.MoMLParser.parse(MoMLParser.java:1660)
	at ptolemy.moml.MoMLParser.parse(MoMLParser.java:1617)
	at ptolemy.moml.MoMLParser.parse(MoMLParser.java:1792)
	at ptolemy.actor.ptalon.PtalonEvaluator.addActor(PtalonEvaluator.java:241)
	... 56 more
Caused by: ptolemy.kernel.util.IllegalActionException: Cannot find class: ptolemy.actor.ptalon.demo.ptinyos.SendAndReceiveCnt.CntToLedsAndRfm. In Ptolemy, classes are typically Java .class files. Entities like actors may instead be defined within a .xml file.  In any case, the class was not found. If the class uses a third party package, then the class would be present only if the third party package was found at compile time.  It may be necessary to upgrade Java or install the third party package, reconfigure and recompile.
Because:
Element <entity name="MicaLeds" class="ptolemy.domains.ptinyos.lib.MicaLeds"> caused an exception to be thrown.
  in .CntToLedsAndRfm
Because:
Cannot find class: ptolemy.domains.ptinyos.lib.MicaLeds. In Ptolemy, classes are typically Java .class files. Entities like actors may instead be defined within a .xml file.  In any case, the class was not found. If the class uses a third party package, then the class would be present only if the third party package was found at compile time.  It may be necessary to upgrade Java or install the third party package, reconfigure and recompile.
Because:
-- /home/travis/build/icyphy/ptII/ptolemy/actor/ptalon/demo/ptinyos/SendAndReceiveCnt/ptolemy/domains/ptinyos/lib/MicaLeds.xml (No such file or directory)
-- XML file not found relative to classpath.
-- /home/travis/build/icyphy/ptII/ptolemy/vergil/basic/export/test/ptolemy/domains/ptinyos/lib/MicaLeds.xml
/home/travis/build/icyphy/ptII/ptolemy/vergil/basic/export/test/ptolemy/domains/ptinyos/lib/MicaLeds.xml (No such file or directory)
 in file:/home/travis/build/icyphy/ptII/ptolemy/actor/ptalon/demo/ptinyos/SendAndReceiveCnt/CntToLedsAndRfm.xml at line 132 and column 63
	at ptolemy.moml.MoMLParser._createEntity(MoMLParser.java:4330)
	at ptolemy.moml.MoMLParser.startElement(MoMLParser.java:2864)
	... 64 more
Caused by: ptolemy.kernel.util.InternalErrorException: Element <entity name="MicaLeds" class="ptolemy.domains.ptinyos.lib.MicaLeds"> caused an exception to be thrown.
  in .CntToLedsAndRfm
Because:
Cannot find class: ptolemy.domains.ptinyos.lib.MicaLeds. In Ptolemy, classes are typically Java .class files. Entities like actors may instead be defined within a .xml file.  In any case, the class was not found. If the class uses a third party package, then the class would be present only if the third party package was found at compile time.  It may be necessary to upgrade Java or install the third party package, reconfigure and recompile.
Because:
-- /home/travis/build/icyphy/ptII/ptolemy/actor/ptalon/demo/ptinyos/SendAndReceiveCnt/ptolemy/domains/ptinyos/lib/MicaLeds.xml (No such file or directory)
-- XML file not found relative to classpath.
-- /home/travis/build/icyphy/ptII/ptolemy/vergil/basic/export/test/ptolemy/domains/ptinyos/lib/MicaLeds.xml
/home/travis/build/icyphy/ptII/ptolemy/vergil/basic/export/test/ptolemy/domains/ptinyos/lib/MicaLeds.xml (No such file or directory)
 in file:/home/travis/build/icyphy/ptII/ptolemy/actor/ptalon/demo/ptinyos/SendAndReceiveCnt/CntToLedsAndRfm.xml at line 132 and column 63
	at ptolemy.moml.SimpleErrorHandler.handleError(SimpleErrorHandler.java:75)
	at ptolemy.moml.MoMLParser.startElement(MoMLParser.java:3805)
	at com.microstar.xml.XmlParser.parseElement(XmlParser.java:921)
	at com.microstar.xml.XmlParser.parseContent(XmlParser.java:1104)
	at com.microstar.xml.XmlParser.parseElement(XmlParser.java:924)
	at com.microstar.xml.XmlParser.parseDocument(XmlParser.java:481)
	at com.microstar.xml.XmlParser.doParse(XmlParser.java:159)
	at com.microstar.xml.XmlParser.parse(XmlParser.java:132)
	at ptolemy.moml.MoMLParser.parse(MoMLParser.java:1676)
	at ptolemy.moml.MoMLParser.parse(MoMLParser.java:1595)
	at ptolemy.moml.MoMLParser.parse(MoMLParser.java:1537)
	at ptolemy.moml.MoMLParser._findOrParse(MoMLParser.java:5286)
	at ptolemy.moml.MoMLParser._attemptToFindMoMLClass(MoMLParser.java:4075)
	at ptolemy.moml.MoMLParser._createEntity(MoMLParser.java:4323)
	... 65 more
Caused by: ptolemy.kernel.util.IllegalActionException: Cannot find class: ptolemy.domains.ptinyos.lib.MicaLeds. In Ptolemy, classes are typically Java .class files. Entities like actors may instead be defined within a .xml file.  In any case, the class was not found. If the class uses a third party package, then the class would be present only if the third party package was found at compile time.  It may be necessary to upgrade Java or install the third party package, reconfigure and recompile.
Because:
-- /home/travis/build/icyphy/ptII/ptolemy/actor/ptalon/demo/ptinyos/SendAndReceiveCnt/ptolemy/domains/ptinyos/lib/MicaLeds.xml (No such file or directory)
-- XML file not found relative to classpath.
-- /home/travis/build/icyphy/ptII/ptolemy/vergil/basic/export/test/ptolemy/domains/ptinyos/lib/MicaLeds.xml
/home/travis/build/icyphy/ptII/ptolemy/vergil/basic/export/test/ptolemy/domains/ptinyos/lib/MicaLeds.xml (No such file or directory)
 in file:/home/travis/build/icyphy/ptII/ptolemy/actor/ptalon/demo/ptinyos/SendAndReceiveCnt/CntToLedsAndRfm.xml at line 132 and column 63
	at ptolemy.moml.MoMLParser._createEntity(MoMLParser.java:4330)
	at ptolemy.moml.MoMLParser.startElement(MoMLParser.java:2864)
	... 77 more
Caused by: com.microstar.xml.XmlException: -- /home/travis/build/icyphy/ptII/ptolemy/actor/ptalon/demo/ptinyos/SendAndReceiveCnt/ptolemy/domains/ptinyos/lib/MicaLeds.xml (No such file or directory)
-- XML file not found relative to classpath.
-- /home/travis/build/icyphy/ptII/ptolemy/vergil/basic/export/test/ptolemy/domains/ptinyos/lib/MicaLeds.xml
/home/travis/build/icyphy/ptII/ptolemy/vergil/basic/export/test/ptolemy/domains/ptinyos/lib/MicaLeds.xml (No such file or directory)
 in file:/home/travis/build/icyphy/ptII/ptolemy/actor/ptalon/demo/ptinyos/SendAndReceiveCnt/CntToLedsAndRfm.xml at line 132 and column 63
	at ptolemy.moml.MoMLParser.fileNameToURL(MoMLParser.java:1414)
	at ptolemy.moml.MoMLParser._findOrParse(MoMLParser.java:5283)
	at ptolemy.moml.MoMLParser._attemptToFindMoMLClass(MoMLParser.java:4075)
	at ptolemy.moml.MoMLParser._createEntity(MoMLParser.java:4323)
	... 78 more
ptolemy.kernel.util.IllegalActionException: Failed to process attribute change to PtalonParameter, whose value is "ptolemy.actor.ptalon.PtalonExpressionParameter {.SendAndReceiveCnt.SendAndReceiveCnt.channelName} "AtomicWirelessChannel"".
  in .SendAndReceiveCnt.SendAndReceiveCnt
Because:
Unable to add actor null
	at ptolemy.actor.ptalon.PtalonActor.attributeChanged(PtalonActor.java:211)
	at ptolemy.actor.ptalon.PtalonMLHandler.startElement(PtalonMLHandler.java:134)
	at com.microstar.xml.XmlParser.parseElement(XmlParser.java:921)
	at com.microstar.xml.XmlParser.parseContent(XmlParser.java:1104)
	at com.microstar.xml.XmlParser.parseElement(XmlParser.java:924)
	at com.microstar.xml.XmlParser.parseDocument(XmlParser.java:481)
	at com.microstar.xml.XmlParser.doParse(XmlParser.java:159)
	at com.microstar.xml.XmlParser.parse(XmlParser.java:132)
	at ptolemy.actor.ptalon.PtalonActor.configure(PtalonActor.java:240)
	at ptolemy.moml.MoMLParser.endElement(MoMLParser.java:996)
	at com.microstar.xml.XmlParser.parseETag(XmlParser.java:1026)
	at com.microstar.xml.XmlParser.parseContent(XmlParser.java:1098)
	at com.microstar.xml.XmlParser.parseElement(XmlParser.java:924)
	at com.microstar.xml.XmlParser.parseContent(XmlParser.java:1104)
	at com.microstar.xml.XmlParser.parseElement(XmlParser.java:924)
	at com.microstar.xml.XmlParser.parseContent(XmlParser.java:1104)
	at com.microstar.xml.XmlParser.parseElement(XmlParser.java:924)
	at com.microstar.xml.XmlParser.parseDocument(XmlParser.java:481)
	at com.microstar.xml.XmlParser.doParse(XmlParser.java:159)
	at com.microstar.xml.XmlParser.parse(XmlParser.java:132)
	at ptolemy.moml.MoMLParser.parse(MoMLParser.java:1676)
	at ptolemy.moml.MoMLParser.parse(MoMLParser.java:1595)
	at ptolemy.moml.MoMLParser.parse(MoMLParser.java:1537)
	at ptolemy.actor.gui.PtolemyEffigy$Factory.createEffigy(PtolemyEffigy.java:424)
	at ptolemy.actor.gui.EffigyFactory.createEffigy(EffigyFactory.java:234)
	at ptolemy.actor.gui.Configuration.openModel(Configuration.java:1125)
	at ptolemy.actor.gui.Configuration.openModel(Configuration.java:1051)
	at ptolemy.actor.gui.ConfigurationApplication._openModel(ConfigurationApplication.java:1252)
	at ptolemy.actor.gui.ConfigurationApplication._parseArg(ConfigurationApplication.java:1399)
	at ptolemy.actor.gui.ConfigurationApplication._parseArgs(ConfigurationApplication.java:1478)
	at ptolemy.actor.gui.ConfigurationApplication.<init>(ConfigurationApplication.java:277)
	at ptolemy.actor.gui.ConfigurationApplication.<init>(ConfigurationApplication.java:214)
	at ptolemy.actor.gui.ConfigurationApplication.<init>(ConfigurationApplication.java:201)
	at ptolemy.actor.gui.ConfigurationApplication.openModelOrEntity(ConfigurationApplication.java:680)
	at ptolemy.vergil.basic.export.ExportModel$1.run(ExportModel.java:220)
	at java.awt.event.InvocationEvent.dispatch(InvocationEvent.java:301)
	at java.awt.EventQueue.dispatchEventImpl(EventQueue.java:756)
	at java.awt.EventQueue.access$500(EventQueue.java:97)
	at java.awt.EventQueue$3.run(EventQueue.java:709)
	at java.awt.EventQueue$3.run(EventQueue.java:703)
	at java.security.AccessController.doPrivileged(Native Method)
	at java.security.ProtectionDomain$JavaSecurityAccessImpl.doIntersectionPrivilege(ProtectionDomain.java:80)
	at java.awt.EventQueue.dispatchEvent(EventQueue.java:726)
	at java.awt.EventDispatchThread.pumpOneEventForFilters(EventDispatchThread.java:201)
	at java.awt.EventDispatchThread.pumpEventsForFilter(EventDispatchThread.java:116)
	at java.awt.EventDispatchThread.pumpEventsForHierarchy(EventDispatchThread.java:105)
	at java.awt.EventDispatchThread.pumpEvents(EventDispatchThread.java:101)
	at java.awt.EventDispatchThread.pumpEvents(EventDispatchThread.java:93)
	at java.awt.EventDispatchThread.run(EventDispatchThread.java:82)
Caused by: ptolemy.actor.ptalon.PtalonRuntimeException: Unable to add actor null
	at ptolemy.actor.ptalon.PtalonEvaluator.addActor(PtalonEvaluator.java:300)
	at ptolemy.actor.ptalon.PtalonPopulator.actor_declaration(PtalonPopulator.java:1574)
	at ptolemy.actor.ptalon.PtalonPopulator.atomic_statement(PtalonPopulator.java:1638)
	at ptolemy.actor.ptalon.PtalonPopulator.iterative_statement_evaluator(PtalonPopulator.java:2484)
	at ptolemy.actor.ptalon.AbstractPtalonEvaluator$IfTree.evaluateForScope(AbstractPtalonEvaluator.java:1307)
	at ptolemy.actor.ptalon.AbstractPtalonEvaluator.evaluateForScope(AbstractPtalonEvaluator.java:744)
	at ptolemy.actor.ptalon.PtalonPopulator.iterative_statement(PtalonPopulator.java:2363)
	at ptolemy.actor.ptalon.PtalonPopulator.actor_definition(PtalonPopulator.java:2809)
	at ptolemy.actor.ptalon.PtalonActor.attributeChanged(PtalonActor.java:206)
	... 48 more
Caused by: ptolemy.kernel.util.InternalErrorException: Element <entity name="sender1" class="ptolemy.actor.ptalon.demo.ptinyos.SendAndReceiveCnt.CntToLedsAndRfm"> caused an exception to be thrown.
  in .SendAndReceiveCnt.SendAndReceiveCnt
Because:
Cannot find class: ptolemy.actor.ptalon.demo.ptinyos.SendAndReceiveCnt.CntToLedsAndRfm. In Ptolemy, classes are typically Java .class files. Entities like actors may instead be defined within a .xml file.  In any case, the class was not found. If the class uses a third party package, then the class would be present only if the third party package was found at compile time.  It may be necessary to upgrade Java or install the third party package, reconfigure and recompile.
Because:
Element <entity name="MicaLeds" class="ptolemy.domains.ptinyos.lib.MicaLeds"> caused an exception to be thrown.
  in .CntToLedsAndRfm
Because:
Cannot find class: ptolemy.domains.ptinyos.lib.MicaLeds. In Ptolemy, classes are typically Java .class files. Entities like actors may instead be defined within a .xml file.  In any case, the class was not found. If the class uses a third party package, then the class would be present only if the third party package was found at compile time.  It may be necessary to upgrade Java or install the third party package, reconfigure and recompile.
Because:
-- /home/travis/build/icyphy/ptII/ptolemy/actor/ptalon/demo/ptinyos/SendAndReceiveCnt/ptolemy/domains/ptinyos/lib/MicaLeds.xml (No such file or directory)
-- XML file not found relative to classpath.
-- /home/travis/build/icyphy/ptII/ptolemy/vergil/basic/export/test/ptolemy/domains/ptinyos/lib/MicaLeds.xml
/home/travis/build/icyphy/ptII/ptolemy/vergil/basic/export/test/ptolemy/domains/ptinyos/lib/MicaLeds.xml (No such file or directory)
 in file:/home/travis/build/icyphy/ptII/ptolemy/actor/ptalon/demo/ptinyos/SendAndReceiveCnt/CntToLedsAndRfm.xml at line 132 and column 63
	at ptolemy.moml.SimpleErrorHandler.handleError(SimpleErrorHandler.java:75)
	at ptolemy.moml.MoMLParser.startElement(MoMLParser.java:3805)
	at com.microstar.xml.XmlParser.parseElement(XmlParser.java:931)
	at com.microstar.xml.XmlParser.parseDocument(XmlParser.java:481)
	at com.microstar.xml.XmlParser.doParse(XmlParser.java:159)
	at com.microstar.xml.XmlParser.parse(XmlParser.java:132)
	at ptolemy.moml.MoMLParser.parse(MoMLParser.java:1660)
	at ptolemy.moml.MoMLParser.parse(MoMLParser.java:1617)
	at ptolemy.moml.MoMLParser.parse(MoMLParser.java:1792)
	at ptolemy.actor.ptalon.PtalonEvaluator.addActor(PtalonEvaluator.java:241)
	... 56 more
Caused by: ptolemy.kernel.util.IllegalActionException: Cannot find class: ptolemy.actor.ptalon.demo.ptinyos.SendAndReceiveCnt.CntToLedsAndRfm. In Ptolemy, classes are typically Java .class files. Entities like actors may instead be defined within a .xml file.  In any case, the class was not found. If the class uses a third party package, then the class would be present only if the third party package was found at compile time.  It may be necessary to upgrade Java or install the third party package, reconfigure and recompile.
Because:
Element <entity name="MicaLeds" class="ptolemy.domains.ptinyos.lib.MicaLeds"> caused an exception to be thrown.
  in .CntToLedsAndRfm
Because:
Cannot find class: ptolemy.domains.ptinyos.lib.MicaLeds. In Ptolemy, classes are typically Java .class files. Entities like actors may instead be defined within a .xml file.  In any case, the class was not found. If the class uses a third party package, then the class would be present only if the third party package was found at compile time.  It may be necessary to upgrade Java or install the third party package, reconfigure and recompile.
Because:
-- /home/travis/build/icyphy/ptII/ptolemy/actor/ptalon/demo/ptinyos/SendAndReceiveCnt/ptolemy/domains/ptinyos/lib/MicaLeds.xml (No such file or directory)
-- XML file not found relative to classpath.
-- /home/travis/build/icyphy/ptII/ptolemy/vergil/basic/export/test/ptolemy/domains/ptinyos/lib/MicaLeds.xml
/home/travis/build/icyphy/ptII/ptolemy/vergil/basic/export/test/ptolemy/domains/ptinyos/lib/MicaLeds.xml (No such file or directory)
 in file:/home/travis/build/icyphy/ptII/ptolemy/actor/ptalon/demo/ptinyos/SendAndReceiveCnt/CntToLedsAndRfm.xml at line 132 and column 63
	at ptolemy.moml.MoMLParser._createEntity(MoMLParser.java:4330)
	at ptolemy.moml.MoMLParser.startElement(MoMLParser.java:2864)
	... 64 more
Caused by: ptolemy.kernel.util.InternalErrorException: Element <entity name="MicaLeds" class="ptolemy.domains.ptinyos.lib.MicaLeds"> caused an exception to be thrown.
  in .CntToLedsAndRfm
Because:
Cannot find class: ptolemy.domains.ptinyos.lib.MicaLeds. In Ptolemy, classes are typically Java .class files. Entities like actors may instead be defined within a .xml file.  In any case, the class was not found. If the class uses a third party package, then the class would be present only if the third party package was found at compile time.  It may be necessary to upgrade Java or install the third party package, reconfigure and recompile.
Because:
-- /home/travis/build/icyphy/ptII/ptolemy/actor/ptalon/demo/ptinyos/SendAndReceiveCnt/ptolemy/domains/ptinyos/lib/MicaLeds.xml (No such file or directory)
-- XML file not found relative to classpath.
-- /home/travis/build/icyphy/ptII/ptolemy/vergil/basic/export/test/ptolemy/domains/ptinyos/lib/MicaLeds.xml
/home/travis/build/icyphy/ptII/ptolemy/vergil/basic/export/test/ptolemy/domains/ptinyos/lib/MicaLeds.xml (No such file or directory)
 in file:/home/travis/build/icyphy/ptII/ptolemy/actor/ptalon/demo/ptinyos/SendAndReceiveCnt/CntToLedsAndRfm.xml at line 132 and column 63
	at ptolemy.moml.SimpleErrorHandler.handleError(SimpleErrorHandler.java:75)
	at ptolemy.moml.MoMLParser.startElement(MoMLParser.java:3805)
	at com.microstar.xml.XmlParser.parseElement(XmlParser.java:921)
	at com.microstar.xml.XmlParser.parseContent(XmlParser.java:1104)
	at com.microstar.xml.XmlParser.parseElement(XmlParser.java:924)
	at com.microstar.xml.XmlParser.parseDocument(XmlParser.java:481)
	at com.microstar.xml.XmlParser.doParse(XmlParser.java:159)
	at com.microstar.xml.XmlParser.parse(XmlParser.java:132)
	at ptolemy.moml.MoMLParser.parse(MoMLParser.java:1676)
	at ptolemy.moml.MoMLParser.parse(MoMLParser.java:1595)
	at ptolemy.moml.MoMLParser.parse(MoMLParser.java:1537)
	at ptolemy.moml.MoMLParser._findOrParse(MoMLParser.java:5286)
	at ptolemy.moml.MoMLParser._attemptToFindMoMLClass(MoMLParser.java:4075)
	at ptolemy.moml.MoMLParser._createEntity(MoMLParser.java:4323)
	... 65 more
Caused by: ptolemy.kernel.util.IllegalActionException: Cannot find class: ptolemy.domains.ptinyos.lib.MicaLeds. In Ptolemy, classes are typically Java .class files. Entities like actors may instead be defined within a .xml file.  In any case, the class was not found. If the class uses a third party package, then the class would be present only if the third party package was found at compile time.  It may be necessary to upgrade Java or install the third party package, reconfigure and recompile.
Because:
-- /home/travis/build/icyphy/ptII/ptolemy/actor/ptalon/demo/ptinyos/SendAndReceiveCnt/ptolemy/domains/ptinyos/lib/MicaLeds.xml (No such file or directory)
-- XML file not found relative to classpath.
-- /home/travis/build/icyphy/ptII/ptolemy/vergil/basic/export/test/ptolemy/domains/ptinyos/lib/MicaLeds.xml
/home/travis/build/icyphy/ptII/ptolemy/vergil/basic/export/test/ptolemy/domains/ptinyos/lib/MicaLeds.xml (No such file or directory)
 in file:/home/travis/build/icyphy/ptII/ptolemy/actor/ptalon/demo/ptinyos/SendAndReceiveCnt/CntToLedsAndRfm.xml at line 132 and column 63
	at ptolemy.moml.MoMLParser._createEntity(MoMLParser.java:4330)
	at ptolemy.moml.MoMLParser.startElement(MoMLParser.java:2864)
	... 77 more
Caused by: com.microstar.xml.XmlException: -- /home/travis/build/icyphy/ptII/ptolemy/actor/ptalon/demo/ptinyos/SendAndReceiveCnt/ptolemy/domains/ptinyos/lib/MicaLeds.xml (No such file or directory)
-- XML file not found relative to classpath.
-- /home/travis/build/icyphy/ptII/ptolemy/vergil/basic/export/test/ptolemy/domains/ptinyos/lib/MicaLeds.xml
/home/travis/build/icyphy/ptII/ptolemy/vergil/basic/export/test/ptolemy/domains/ptinyos/lib/MicaLeds.xml (No such file or directory)
 in file:/home/travis/build/icyphy/ptII/ptolemy/actor/ptalon/demo/ptinyos/SendAndReceiveCnt/CntToLedsAndRfm.xml at line 132 and column 63
	at ptolemy.moml.MoMLParser.fileNameToURL(MoMLParser.java:1414)
	at ptolemy.moml.MoMLParser._findOrParse(MoMLParser.java:5283)
	at ptolemy.moml.MoMLParser._attemptToFindMoMLClass(MoMLParser.java:4075)
	at ptolemy.moml.MoMLParser._createEntity(MoMLParser.java:4323)
	... 78 more
Caused by: ptolemy.actor.ptalon.PtalonRuntimeException: Unable to add actor null
	at ptolemy.actor.ptalon.PtalonEvaluator.addActor(PtalonEvaluator.java:300)
	at ptolemy.actor.ptalon.PtalonPopulator.actor_declaration(PtalonPopulator.java:1574)
	at ptolemy.actor.ptalon.PtalonPopulator.atomic_statement(PtalonPopulator.java:1638)
	at ptolemy.actor.ptalon.PtalonPopulator.iterative_statement_evaluator(PtalonPopulator.java:2484)
	at ptolemy.actor.ptalon.AbstractPtalonEvaluator$IfTree.evaluateForScope(AbstractPtalonEvaluator.java:1307)
	at ptolemy.actor.ptalon.AbstractPtalonEvaluator.evaluateForScope(AbstractPtalonEvaluator.java:744)
	at ptolemy.actor.ptalon.PtalonPopulator.iterative_statement(PtalonPopulator.java:2363)
	at ptolemy.actor.ptalon.PtalonPopulator.actor_definition(PtalonPopulator.java:2809)
	at ptolemy.actor.ptalon.PtalonActor.attributeChanged(PtalonActor.java:206)
	at ptolemy.actor.ptalon.PtalonMLHandler.startElement(PtalonMLHandler.java:134)
	at com.microstar.xml.XmlParser.parseElement(XmlParser.java:921)
	at com.microstar.xml.XmlParser.parseContent(XmlParser.java:1104)
	at com.microstar.xml.XmlParser.parseElement(XmlParser.java:924)
	at com.microstar.xml.XmlParser.parseDocument(XmlParser.java:481)
	at com.microstar.xml.XmlParser.doParse(XmlParser.java:159)
	at com.microstar.xml.XmlParser.parse(XmlParser.java:132)
	at ptolemy.actor.ptalon.PtalonActor.configure(PtalonActor.java:240)
	at ptolemy.moml.MoMLParser.endElement(MoMLParser.java:996)
	at com.microstar.xml.XmlParser.parseETag(XmlParser.java:1026)
	at com.microstar.xml.XmlParser.parseContent(XmlParser.java:1098)
	at com.microstar.xml.XmlParser.parseElement(XmlParser.java:924)
	at com.microstar.xml.XmlParser.parseContent(XmlParser.java:1104)
	at com.microstar.xml.XmlParser.parseElement(XmlParser.java:924)
	at com.microstar.xml.XmlParser.parseContent(XmlParser.java:1104)
	at com.microstar.xml.XmlParser.parseElement(XmlParser.java:924)
	at com.microstar.xml.XmlParser.parseDocument(XmlParser.java:481)
	at com.microstar.xml.XmlParser.doParse(XmlParser.java:159)
	at com.microstar.xml.XmlParser.parse(XmlParser.java:132)
	at ptolemy.moml.MoMLParser.parse(MoMLParser.java:1676)
	at ptolemy.moml.MoMLParser.parse(MoMLParser.java:1595)
	at ptolemy.moml.MoMLParser.parse(MoMLParser.java:1537)
	at ptolemy.actor.gui.PtolemyEffigy$Factory.createEffigy(PtolemyEffigy.java:424)
	at ptolemy.actor.gui.EffigyFactory.createEffigy(EffigyFactory.java:234)
	at ptolemy.actor.gui.Configuration.openModel(Configuration.java:1125)
	at ptolemy.actor.gui.Configuration.openModel(Configuration.java:1051)
	at ptolemy.actor.gui.ConfigurationApplication._openModel(ConfigurationApplication.java:1252)
	at ptolemy.actor.gui.ConfigurationApplication._parseArg(ConfigurationApplication.java:1399)
	at ptolemy.actor.gui.ConfigurationApplication._parseArgs(ConfigurationApplication.java:1478)
	at ptolemy.actor.gui.ConfigurationApplication.<init>(ConfigurationApplication.java:277)
	at ptolemy.actor.gui.ConfigurationApplication.<init>(ConfigurationApplication.java:214)
	at ptolemy.actor.gui.ConfigurationApplication.<init>(ConfigurationApplication.java:201)
	at ptolemy.actor.gui.ConfigurationApplication.openModelOrEntity(ConfigurationApplication.java:680)
	at ptolemy.vergil.basic.export.ExportModel$1.run(ExportModel.java:220)
	at java.awt.event.InvocationEvent.dispatch(InvocationEvent.java:301)
	at java.awt.EventQueue.dispatchEventImpl(EventQueue.java:756)
	at java.awt.EventQueue.access$500(EventQueue.java:97)
	at java.awt.EventQueue$3.run(EventQueue.java:709)
	at java.awt.EventQueue$3.run(EventQueue.java:703)
	at java.security.AccessController.doPrivileged(Native Method)
	at java.security.ProtectionDomain$JavaSecurityAccessImpl.doIntersectionPrivilege(ProtectionDomain.java:80)
	at java.awt.EventQueue.dispatchEvent(EventQueue.java:726)
	at java.awt.EventDispatchThread.pumpOneEventForFilters(EventDispatchThread.java:201)
	at java.awt.EventDispatchThread.pumpEventsForFilter(EventDispatchThread.java:116)
	at java.awt.EventDispatchThread.pumpEventsForHierarchy(EventDispatchThread.java:105)
	at java.awt.EventDispatchThread.pumpEvents(EventDispatchThread.java:101)
	at java.awt.EventDispatchThread.pumpEvents(EventDispatchThread.java:93)
	at java.awt.EventDispatchThread.run(EventDispatchThread.java:82)
Caused by: ptolemy.kernel.util.InternalErrorException: Element <entity name="sender1" class="ptolemy.actor.ptalon.demo.ptinyos.SendAndReceiveCnt.CntToLedsAndRfm"> caused an exception to be thrown.
  in .SendAndReceiveCnt.SendAndReceiveCnt
Because:
Cannot find class: ptolemy.actor.ptalon.demo.ptinyos.SendAndReceiveCnt.CntToLedsAndRfm. In Ptolemy, classes are typically Java .class files. Entities like actors may instead be defined within a .xml file.  In any case, the class was not found. If the class uses a third party package, then the class would be present only if the third party package was found at compile time.  It may be necessary to upgrade Java or install the third party package, reconfigure and recompile.
Because:
Element <entity name="MicaLeds" class="ptolemy.domains.ptinyos.lib.MicaLeds"> caused an exception to be thrown.
  in .CntToLedsAndRfm
Because:
Cannot find class: ptolemy.domains.ptinyos.lib.MicaLeds. In Ptolemy, classes are typically Java .class files. Entities like actors may instead be defined within a .xml file.  In any case, the class was not found. If the class uses a third party package, then the class would be present only if the third party package was found at compile time.  It may be necessary to upgrade Java or install the third party package, reconfigure and recompile.
Because:
-- /home/travis/build/icyphy/ptII/ptolemy/actor/ptalon/demo/ptinyos/SendAndReceiveCnt/ptolemy/domains/ptinyos/lib/MicaLeds.xml (No such file or directory)
-- XML file not found relative to classpath.
-- /home/travis/build/icyphy/ptII/ptolemy/vergil/basic/export/test/ptolemy/domains/ptinyos/lib/MicaLeds.xml
/home/travis/build/icyphy/ptII/ptolemy/vergil/basic/export/test/ptolemy/domains/ptinyos/lib/MicaLeds.xml (No such file or directory)
 in file:/home/travis/build/icyphy/ptII/ptolemy/actor/ptalon/demo/ptinyos/SendAndReceiveCnt/CntToLedsAndRfm.xml at line 132 and column 63
	at ptolemy.moml.SimpleErrorHandler.handleError(SimpleErrorHandler.java:75)
	at ptolemy.moml.MoMLParser.startElement(MoMLParser.java:3805)
	at com.microstar.xml.XmlParser.parseElement(XmlParser.java:931)
	at com.microstar.xml.XmlParser.parseDocument(XmlParser.java:481)
	at com.microstar.xml.XmlParser.doParse(XmlParser.java:159)
	at com.microstar.xml.XmlParser.parse(XmlParser.java:132)
	at ptolemy.moml.MoMLParser.parse(MoMLParser.java:1660)
	at ptolemy.moml.MoMLParser.parse(MoMLParser.java:1617)
	at ptolemy.moml.MoMLParser.parse(MoMLParser.java:1792)
	at ptolemy.actor.ptalon.PtalonEvaluator.addActor(PtalonEvaluator.java:241)
	... 56 more
Caused by: ptolemy.kernel.util.IllegalActionException: Cannot find class: ptolemy.actor.ptalon.demo.ptinyos.SendAndReceiveCnt.CntToLedsAndRfm. In Ptolemy, classes are typically Java .class files. Entities like actors may instead be defined within a .xml file.  In any case, the class was not found. If the class uses a third party package, then the class would be present only if the third party package was found at compile time.  It may be necessary to upgrade Java or install the third party package, reconfigure and recompile.
Because:
Element <entity name="MicaLeds" class="ptolemy.domains.ptinyos.lib.MicaLeds"> caused an exception to be thrown.
  in .CntToLedsAndRfm
Because:
Cannot find class: ptolemy.domains.ptinyos.lib.MicaLeds. In Ptolemy, classes are typically Java .class files. Entities like actors may instead be defined within a .xml file.  In any case, the class was not found. If the class uses a third party package, then the class would be present only if the third party package was found at compile time.  It may be necessary to upgrade Java or install the third party package, reconfigure and recompile.
Because:
-- /home/travis/build/icyphy/ptII/ptolemy/actor/ptalon/demo/ptinyos/SendAndReceiveCnt/ptolemy/domains/ptinyos/lib/MicaLeds.xml (No such file or directory)
-- XML file not found relative to classpath.
-- /home/travis/build/icyphy/ptII/ptolemy/vergil/basic/export/test/ptolemy/domains/ptinyos/lib/MicaLeds.xml
/home/travis/build/icyphy/ptII/ptolemy/vergil/basic/export/test/ptolemy/domains/ptinyos/lib/MicaLeds.xml (No such file or directory)
 in file:/home/travis/build/icyphy/ptII/ptolemy/actor/ptalon/demo/ptinyos/SendAndReceiveCnt/CntToLedsAndRfm.xml at line 132 and column 63
	at ptolemy.moml.MoMLParser._createEntity(MoMLParser.java:4330)
	at ptolemy.moml.MoMLParser.startElement(MoMLParser.java:2864)
	... 64 more
Caused by: ptolemy.kernel.util.InternalErrorException: Element <entity name="MicaLeds" class="ptolemy.domains.ptinyos.lib.MicaLeds"> caused an exception to be thrown.
  in .CntToLedsAndRfm
Because:
Cannot find class: ptolemy.domains.ptinyos.lib.MicaLeds. In Ptolemy, classes are typically Java .class files. Entities like actors may instead be defined within a .xml file.  In any case, the class was not found. If the class uses a third party package, then the class would be present only if the third party package was found at compile time.  It may be necessary to upgrade Java or install the third party package, reconfigure and recompile.
Because:
-- /home/travis/build/icyphy/ptII/ptolemy/actor/ptalon/demo/ptinyos/SendAndReceiveCnt/ptolemy/domains/ptinyos/lib/MicaLeds.xml (No such file or directory)
-- XML file not found relative to classpath.
-- /home/travis/build/icyphy/ptII/ptolemy/vergil/basic/export/test/ptolemy/domains/ptinyos/lib/MicaLeds.xml
/home/travis/build/icyphy/ptII/ptolemy/vergil/basic/export/test/ptolemy/domains/ptinyos/lib/MicaLeds.xml (No such file or directory)
 in file:/home/travis/build/icyphy/ptII/ptolemy/actor/ptalon/demo/ptinyos/SendAndReceiveCnt/CntToLedsAndRfm.xml at line 132 and column 63
	at ptolemy.moml.SimpleErrorHandler.handleError(SimpleErrorHandler.java:75)
	at ptolemy.moml.MoMLParser.startElement(MoMLParser.java:3805)
	at com.microstar.xml.XmlParser.parseElement(XmlParser.java:921)
	at com.microstar.xml.XmlParser.parseContent(XmlParser.java:1104)
	at com.microstar.xml.XmlParser.parseElement(XmlParser.java:924)
	at com.microstar.xml.XmlParser.parseDocument(XmlParser.java:481)
	at com.microstar.xml.XmlParser.doParse(XmlParser.java:159)
	at com.microstar.xml.XmlParser.parse(XmlParser.java:132)
	at ptolemy.moml.MoMLParser.parse(MoMLParser.java:1676)
	at ptolemy.moml.MoMLParser.parse(MoMLParser.java:1595)
	at ptolemy.moml.MoMLParser.parse(MoMLParser.java:1537)
	at ptolemy.moml.MoMLParser._findOrParse(MoMLParser.java:5286)
	at ptolemy.moml.MoMLParser._attemptToFindMoMLClass(MoMLParser.java:4075)
	at ptolemy.moml.MoMLParser._createEntity(MoMLParser.java:4323)
	... 65 more
Caused by: ptolemy.kernel.util.IllegalActionException: Cannot find class: ptolemy.domains.ptinyos.lib.MicaLeds. In Ptolemy, classes are typically Java .class files. Entities like actors may instead be defined within a .xml file.  In any case, the class was not found. If the class uses a third party package, then the class would be present only if the third party package was found at compile time.  It may be necessary to upgrade Java or install the third party package, reconfigure and recompile.
Because:
-- /home/travis/build/icyphy/ptII/ptolemy/actor/ptalon/demo/ptinyos/SendAndReceiveCnt/ptolemy/domains/ptinyos/lib/MicaLeds.xml (No such file or directory)
-- XML file not found relative to classpath.
-- /home/travis/build/icyphy/ptII/ptolemy/vergil/basic/export/test/ptolemy/domains/ptinyos/lib/MicaLeds.xml
/home/travis/build/icyphy/ptII/ptolemy/vergil/basic/export/test/ptolemy/domains/ptinyos/lib/MicaLeds.xml (No such file or directory)
 in file:/home/travis/build/icyphy/ptII/ptolemy/actor/ptalon/demo/ptinyos/SendAndReceiveCnt/CntToLedsAndRfm.xml at line 132 and column 63
	at ptolemy.moml.MoMLParser._createEntity(MoMLParser.java:4330)
	at ptolemy.moml.MoMLParser.startElement(MoMLParser.java:2864)
	... 77 more
Caused by: com.microstar.xml.XmlException: -- /home/travis/build/icyphy/ptII/ptolemy/actor/ptalon/demo/ptinyos/SendAndReceiveCnt/ptolemy/domains/ptinyos/lib/MicaLeds.xml (No such file or directory)
-- XML file not found relative to classpath.
-- /home/travis/build/icyphy/ptII/ptolemy/vergil/basic/export/test/ptolemy/domains/ptinyos/lib/MicaLeds.xml
/home/travis/build/icyphy/ptII/ptolemy/vergil/basic/export/test/ptolemy/domains/ptinyos/lib/MicaLeds.xml (No such file or directory)
 in file:/home/travis/build/icyphy/ptII/ptolemy/actor/ptalon/demo/ptinyos/SendAndReceiveCnt/CntToLedsAndRfm.xml at line 132 and column 63
	at ptolemy.moml.MoMLParser.fileNameToURL(MoMLParser.java:1414)
	at ptolemy.moml.MoMLParser._findOrParse(MoMLParser.java:5283)
	at ptolemy.moml.MoMLParser._attemptToFindMoMLClass(MoMLParser.java:4075)
	at ptolemy.moml.MoMLParser._createEntity(MoMLParser.java:4323)
	... 78 more
Failed to read file:/home/travis/build/icyphy/ptII/ptolemy/actor/ptalon/demo/ptinyos/SendAndReceiveCnt/SendAndReceiveCnt.xml
ptolemy.kernel.util.IllegalActionException: Failed to process attribute change to PtalonParameter, whose value is "ptolemy.actor.ptalon.PtalonExpressionParameter {.SendAndReceiveCnt.SendAndReceiveCnt.channelName} "AtomicWirelessChannel"".
  in .SendAndReceiveCnt.SendAndReceiveCnt
Because:
Unable to add actor null
	at ptolemy.actor.ptalon.PtalonActor.attributeChanged(PtalonActor.java:211)
	at ptolemy.actor.ptalon.PtalonMLHandler.startElement(PtalonMLHandler.java:134)
	at com.microstar.xml.XmlParser.parseElement(XmlParser.java:921)
	at com.microstar.xml.XmlParser.parseContent(XmlParser.java:1104)
	at com.microstar.xml.XmlParser.parseElement(XmlParser.java:924)
	at com.microstar.xml.XmlParser.parseDocument(XmlParser.java:481)
	at com.microstar.xml.XmlParser.doParse(XmlParser.java:159)
	at com.microstar.xml.XmlParser.parse(XmlParser.java:132)
	at ptolemy.actor.ptalon.PtalonActor.configure(PtalonActor.java:240)
	at ptolemy.moml.MoMLParser.endElement(MoMLParser.java:996)
	at com.microstar.xml.XmlParser.parseETag(XmlParser.java:1026)
	at com.microstar.xml.XmlParser.parseContent(XmlParser.java:1098)
	at com.microstar.xml.XmlParser.parseElement(XmlParser.java:924)
	at com.microstar.xml.XmlParser.parseContent(XmlParser.java:1104)
	at com.microstar.xml.XmlParser.parseElement(XmlParser.java:924)
	at com.microstar.xml.XmlParser.parseContent(XmlParser.java:1104)
	at com.microstar.xml.XmlParser.parseElement(XmlParser.java:924)
	at com.microstar.xml.XmlParser.parseDocument(XmlParser.java:481)
	at com.microstar.xml.XmlParser.doParse(XmlParser.java:159)
	at com.microstar.xml.XmlParser.parse(XmlParser.java:132)
	at ptolemy.moml.MoMLParser.parse(MoMLParser.java:1676)
	at ptolemy.moml.MoMLParser.parse(MoMLParser.java:1595)
	at ptolemy.moml.MoMLParser.parse(MoMLParser.java:1537)
	at ptolemy.actor.gui.PtolemyEffigy$Factory.createEffigy(PtolemyEffigy.java:424)
	at ptolemy.actor.gui.EffigyFactory.createEffigy(EffigyFactory.java:234)
	at ptolemy.actor.gui.Configuration.openModel(Configuration.java:1125)
	at ptolemy.actor.gui.Configuration.openModel(Configuration.java:1051)
	at ptolemy.actor.gui.ConfigurationApplication._openModel(ConfigurationApplication.java:1252)
	at ptolemy.actor.gui.ConfigurationApplication._parseArg(ConfigurationApplication.java:1399)
	at ptolemy.actor.gui.ConfigurationApplication._parseArgs(ConfigurationApplication.java:1478)
	at ptolemy.actor.gui.ConfigurationApplication.<init>(ConfigurationApplication.java:277)
	at ptolemy.actor.gui.ConfigurationApplication.<init>(ConfigurationApplication.java:214)
	at ptolemy.actor.gui.ConfigurationApplication.<init>(ConfigurationApplication.java:201)
	at ptolemy.actor.gui.ConfigurationApplication.openModelOrEntity(ConfigurationApplication.java:680)
	at ptolemy.vergil.basic.export.ExportModel$1.run(ExportModel.java:220)
	at java.awt.event.InvocationEvent.dispatch(InvocationEvent.java:301)
	at java.awt.EventQueue.dispatchEventImpl(EventQueue.java:756)
	at java.awt.EventQueue.access$500(EventQueue.java:97)
	at java.awt.EventQueue$3.run(EventQueue.java:709)
	at java.awt.EventQueue$3.run(EventQueue.java:703)
	at java.security.AccessController.doPrivileged(Native Method)
	at java.security.ProtectionDomain$JavaSecurityAccessImpl.doIntersectionPrivilege(ProtectionDomain.java:80)
	at java.awt.EventQueue.dispatchEvent(EventQueue.java:726)
	at java.awt.EventDispatchThread.pumpOneEventForFilters(EventDispatchThread.java:201)
	at java.awt.EventDispatchThread.pumpEventsForFilter(EventDispatchThread.java:116)
	at java.awt.EventDispatchThread.pumpEventsForHierarchy(EventDispatchThread.java:105)
	at java.awt.EventDispatchThread.pumpEvents(EventDispatchThread.java:101)
	at java.awt.EventDispatchThread.pumpEvents(EventDispatchThread.java:93)
	at java.awt.EventDispatchThread.run(EventDispatchThread.java:82)
Caused by: ptolemy.actor.ptalon.PtalonRuntimeException: Unable to add actor null
	at ptolemy.actor.ptalon.PtalonEvaluator.addActor(PtalonEvaluator.java:300)
	at ptolemy.actor.ptalon.PtalonPopulator.actor_declaration(PtalonPopulator.java:1574)
	at ptolemy.actor.ptalon.PtalonPopulator.atomic_statement(PtalonPopulator.java:1638)
	at ptolemy.actor.ptalon.PtalonPopulator.iterative_statement_evaluator(PtalonPopulator.java:2484)
	at ptolemy.actor.ptalon.AbstractPtalonEvaluator$IfTree.evaluateForScope(AbstractPtalonEvaluator.java:1307)
	at ptolemy.actor.ptalon.AbstractPtalonEvaluator.evaluateForScope(AbstractPtalonEvaluator.java:744)
	at ptolemy.actor.ptalon.PtalonPopulator.iterative_statement(PtalonPopulator.java:2363)
	at ptolemy.actor.ptalon.PtalonPopulator.actor_definition(PtalonPopulator.java:2809)
	at ptolemy.actor.ptalon.PtalonActor.attributeChanged(PtalonActor.java:206)
	... 48 more
Caused by: ptolemy.kernel.util.InternalErrorException: Element <entity name="sender1" class="ptolemy.actor.ptalon.demo.ptinyos.SendAndReceiveCnt.CntToLedsAndRfm"> caused an exception to be thrown.
  in .SendAndReceiveCnt.SendAndReceiveCnt
Because:
Cannot find class: ptolemy.actor.ptalon.demo.ptinyos.SendAndReceiveCnt.CntToLedsAndRfm. In Ptolemy, classes are typically Java .class files. Entities like actors may instead be defined within a .xml file.  In any case, the class was not found. If the class uses a third party package, then the class would be present only if the third party package was found at compile time.  It may be necessary to upgrade Java or install the third party package, reconfigure and recompile.
Because:
Element <entity name="MicaLeds" class="ptolemy.domains.ptinyos.lib.MicaLeds"> caused an exception to be thrown.
  in .CntToLedsAndRfm
Because:
Cannot find class: ptolemy.domains.ptinyos.lib.MicaLeds. In Ptolemy, classes are typically Java .class files. Entities like actors may instead be defined within a .xml file.  In any case, the class was not found. If the class uses a third party package, then the class would be present only if the third party package was found at compile time.  It may be necessary to upgrade Java or install the third party package, reconfigure and recompile.
Because:
-- /home/travis/build/icyphy/ptII/ptolemy/actor/ptalon/demo/ptinyos/SendAndReceiveCnt/ptolemy/domains/ptinyos/lib/MicaLeds.xml (No such file or directory)
-- XML file not found relative to classpath.
-- /home/travis/build/icyphy/ptII/ptolemy/vergil/basic/export/test/ptolemy/domains/ptinyos/lib/MicaLeds.xml
/home/travis/build/icyphy/ptII/ptolemy/vergil/basic/export/test/ptolemy/domains/ptinyos/lib/MicaLeds.xml (No such file or directory)
 in file:/home/travis/build/icyphy/ptII/ptolemy/actor/ptalon/demo/ptinyos/SendAndReceiveCnt/CntToLedsAndRfm.xml at line 132 and column 63
	at ptolemy.moml.SimpleErrorHandler.handleError(SimpleErrorHandler.java:75)
	at ptolemy.moml.MoMLParser.startElement(MoMLParser.java:3805)
	at com.microstar.xml.XmlParser.parseElement(XmlParser.java:931)
	at com.microstar.xml.XmlParser.parseDocument(XmlParser.java:481)
	at com.microstar.xml.XmlParser.doParse(XmlParser.java:159)
	at com.microstar.xml.XmlParser.parse(XmlParser.java:132)
	at ptolemy.moml.MoMLParser.parse(MoMLParser.java:1660)
	at ptolemy.moml.MoMLParser.parse(MoMLParser.java:1617)
	at ptolemy.moml.MoMLParser.parse(MoMLParser.java:1792)
	at ptolemy.actor.ptalon.PtalonEvaluator.addActor(PtalonEvaluator.java:241)
	... 56 more
Caused by: ptolemy.kernel.util.IllegalActionException: Cannot find class: ptolemy.actor.ptalon.demo.ptinyos.SendAndReceiveCnt.CntToLedsAndRfm. In Ptolemy, classes are typically Java .class files. Entities like actors may instead be defined within a .xml file.  In any case, the class was not found. If the class uses a third party package, then the class would be present only if the third party package was found at compile time.  It may be necessary to upgrade Java or install the third party package, reconfigure and recompile.
Because:
Element <entity name="MicaLeds" class="ptolemy.domains.ptinyos.lib.MicaLeds"> caused an exception to be thrown.
  in .CntToLedsAndRfm
Because:
Cannot find class: ptolemy.domains.ptinyos.lib.MicaLeds. In Ptolemy, classes are typically Java .class files. Entities like actors may instead be defined within a .xml file.  In any case, the class was not found. If the class uses a third party package, then the class would be present only if the third party package was found at compile time.  It may be necessary to upgrade Java or install the third party package, reconfigure and recompile.
Because:
-- /home/travis/build/icyphy/ptII/ptolemy/actor/ptalon/demo/ptinyos/SendAndReceiveCnt/ptolemy/domains/ptinyos/lib/MicaLeds.xml (No such file or directory)
-- XML file not found relative to classpath.
-- /home/travis/build/icyphy/ptII/ptolemy/vergil/basic/export/test/ptolemy/domains/ptinyos/lib/MicaLeds.xml
/home/travis/build/icyphy/ptII/ptolemy/vergil/basic/export/test/ptolemy/domains/ptinyos/lib/MicaLeds.xml (No such file or directory)
 in file:/home/travis/build/icyphy/ptII/ptolemy/actor/ptalon/demo/ptinyos/SendAndReceiveCnt/CntToLedsAndRfm.xml at line 132 and column 63
	at ptolemy.moml.MoMLParser._createEntity(MoMLParser.java:4330)
	at ptolemy.moml.MoMLParser.startElement(MoMLParser.java:2864)
	... 64 more
Caused by: ptolemy.kernel.util.InternalErrorException: Element <entity name="MicaLeds" class="ptolemy.domains.ptinyos.lib.MicaLeds"> caused an exception to be thrown.
  in .CntToLedsAndRfm
Because:
Cannot find class: ptolemy.domains.ptinyos.lib.MicaLeds. In Ptolemy, classes are typically Java .class files. Entities like actors may instead be defined within a .xml file.  In any case, the class was not found. If the class uses a third party package, then the class would be present only if the third party package was found at compile time.  It may be necessary to upgrade Java or install the third party package, reconfigure and recompile.
Because:
-- /home/travis/build/icyphy/ptII/ptolemy/actor/ptalon/demo/ptinyos/SendAndReceiveCnt/ptolemy/domains/ptinyos/lib/MicaLeds.xml (No such file or directory)
-- XML file not found relative to classpath.
-- /home/travis/build/icyphy/ptII/ptolemy/vergil/basic/export/test/ptolemy/domains/ptinyos/lib/MicaLeds.xml
/home/travis/build/icyphy/ptII/ptolemy/vergil/basic/export/test/ptolemy/domains/ptinyos/lib/MicaLeds.xml (No such file or directory)
 in file:/home/travis/build/icyphy/ptII/ptolemy/actor/ptalon/demo/ptinyos/SendAndReceiveCnt/CntToLedsAndRfm.xml at line 132 and column 63
	at ptolemy.moml.SimpleErrorHandler.handleError(SimpleErrorHandler.java:75)
	at ptolemy.moml.MoMLParser.startElement(MoMLParser.java:3805)
	at com.microstar.xml.XmlParser.parseElement(XmlParser.java:921)
	at com.microstar.xml.XmlParser.parseContent(XmlParser.java:1104)
	at com.microstar.xml.XmlParser.parseElement(XmlParser.java:924)
	at com.microstar.xml.XmlParser.parseDocument(XmlParser.java:481)
	at com.microstar.xml.XmlParser.doParse(XmlParser.java:159)
	at com.microstar.xml.XmlParser.parse(XmlParser.java:132)
	at ptolemy.moml.MoMLParser.parse(MoMLParser.java:1676)
	at ptolemy.moml.MoMLParser.parse(MoMLParser.java:1595)
	at ptolemy.moml.MoMLParser.parse(MoMLParser.java:1537)
	at ptolemy.moml.MoMLParser._findOrParse(MoMLParser.java:5286)
	at ptolemy.moml.MoMLParser._attemptToFindMoMLClass(MoMLParser.java:4075)
	at ptolemy.moml.MoMLParser._createEntity(MoMLParser.java:4323)
	... 65 more
Caused by: ptolemy.kernel.util.IllegalActionException: Cannot find class: ptolemy.domains.ptinyos.lib.MicaLeds. In Ptolemy, classes are typically Java .class files. Entities like actors may instead be defined within a .xml file.  In any case, the class was not found. If the class uses a third party package, then the class would be present only if the third party package was found at compile time.  It may be necessary to upgrade Java or install the third party package, reconfigure and recompile.
Because:
-- /home/travis/build/icyphy/ptII/ptolemy/actor/ptalon/demo/ptinyos/SendAndReceiveCnt/ptolemy/domains/ptinyos/lib/MicaLeds.xml (No such file or directory)
-- XML file not found relative to classpath.
-- /home/travis/build/icyphy/ptII/ptolemy/vergil/basic/export/test/ptolemy/domains/ptinyos/lib/MicaLeds.xml
/home/travis/build/icyphy/ptII/ptolemy/vergil/basic/export/test/ptolemy/domains/ptinyos/lib/MicaLeds.xml (No such file or directory)
 in file:/home/travis/build/icyphy/ptII/ptolemy/actor/ptalon/demo/ptinyos/SendAndReceiveCnt/CntToLedsAndRfm.xml at line 132 and column 63
	at ptolemy.moml.MoMLParser._createEntity(MoMLParser.java:4330)
	at ptolemy.moml.MoMLParser.startElement(MoMLParser.java:2864)
	... 77 more
Caused by: com.microstar.xml.XmlException: -- /home/travis/build/icyphy/ptII/ptolemy/actor/ptalon/demo/ptinyos/SendAndReceiveCnt/ptolemy/domains/ptinyos/lib/MicaLeds.xml (No such file or directory)
-- XML file not found relative to classpath.
-- /home/travis/build/icyphy/ptII/ptolemy/vergil/basic/export/test/ptolemy/domains/ptinyos/lib/MicaLeds.xml
/home/travis/build/icyphy/ptII/ptolemy/vergil/basic/export/test/ptolemy/domains/ptinyos/lib/MicaLeds.xml (No such file or directory)
 in file:/home/travis/build/icyphy/ptII/ptolemy/actor/ptalon/demo/ptinyos/SendAndReceiveCnt/CntToLedsAndRfm.xml at line 132 and column 63
	at ptolemy.moml.MoMLParser.fileNameToURL(MoMLParser.java:1414)
	at ptolemy.moml.MoMLParser._findOrParse(MoMLParser.java:5283)
	at ptolemy.moml.MoMLParser._attemptToFindMoMLClass(MoMLParser.java:4075)
	at ptolemy.moml.MoMLParser._createEntity(MoMLParser.java:4323)
	... 78 more
Caused by: ptolemy.actor.ptalon.PtalonRuntimeException: Unable to add actor null
	at ptolemy.actor.ptalon.PtalonEvaluator.addActor(PtalonEvaluator.java:300)
	at ptolemy.actor.ptalon.PtalonPopulator.actor_declaration(PtalonPopulator.java:1574)
	at ptolemy.actor.ptalon.PtalonPopulator.atomic_statement(PtalonPopulator.java:1638)
	at ptolemy.actor.ptalon.PtalonPopulator.iterative_statement_evaluator(PtalonPopulator.java:2484)
	at ptolemy.actor.ptalon.AbstractPtalonEvaluator$IfTree.evaluateForScope(AbstractPtalonEvaluator.java:1307)
	at ptolemy.actor.ptalon.AbstractPtalonEvaluator.evaluateForScope(AbstractPtalonEvaluator.java:744)
	at ptolemy.actor.ptalon.PtalonPopulator.iterative_statement(PtalonPopulator.java:2363)
	at ptolemy.actor.ptalon.PtalonPopulator.actor_definition(PtalonPopulator.java:2809)
	at ptolemy.actor.ptalon.PtalonActor.attributeChanged(PtalonActor.java:206)
	at ptolemy.actor.ptalon.PtalonMLHandler.startElement(PtalonMLHandler.java:134)
	at com.microstar.xml.XmlParser.parseElement(XmlParser.java:921)
	at com.microstar.xml.XmlParser.parseContent(XmlParser.java:1104)
	at com.microstar.xml.XmlParser.parseElement(XmlParser.java:924)
	at com.microstar.xml.XmlParser.parseDocument(XmlParser.java:481)
	at com.microstar.xml.XmlParser.doParse(XmlParser.java:159)
	at com.microstar.xml.XmlParser.parse(XmlParser.java:132)
	at ptolemy.actor.ptalon.PtalonActor.configure(PtalonActor.java:240)
	at ptolemy.moml.MoMLParser.endElement(MoMLParser.java:996)
	at com.microstar.xml.XmlParser.parseETag(XmlParser.java:1026)
	at com.microstar.xml.XmlParser.parseContent(XmlParser.java:1098)
	at com.microstar.xml.XmlParser.parseElement(XmlParser.java:924)
	at com.microstar.xml.XmlParser.parseContent(XmlParser.java:1104)
	at com.microstar.xml.XmlParser.parseElement(XmlParser.java:924)
	at com.microstar.xml.XmlParser.parseContent(XmlParser.java:1104)
	at com.microstar.xml.XmlParser.parseElement(XmlParser.java:924)
	at com.microstar.xml.XmlParser.parseDocument(XmlParser.java:481)
	at com.microstar.xml.XmlParser.doParse(XmlParser.java:159)
	at com.microstar.xml.XmlParser.parse(XmlParser.java:132)
	at ptolemy.moml.MoMLParser.parse(MoMLParser.java:1676)
	at ptolemy.moml.MoMLParser.parse(MoMLParser.java:1595)
	at ptolemy.moml.MoMLParser.parse(MoMLParser.java:1537)
	at ptolemy.actor.gui.PtolemyEffigy$Factory.createEffigy(PtolemyEffigy.java:424)
	at ptolemy.actor.gui.EffigyFactory.createEffigy(EffigyFactory.java:234)
	at ptolemy.actor.gui.Configuration.openModel(Configuration.java:1125)
	at ptolemy.actor.gui.Configuration.openModel(Configuration.java:1051)
	at ptolemy.actor.gui.ConfigurationApplication._openModel(ConfigurationApplication.java:1252)
	at ptolemy.actor.gui.ConfigurationApplication._parseArg(ConfigurationApplication.java:1399)
	at ptolemy.actor.gui.ConfigurationApplication._parseArgs(ConfigurationApplication.java:1478)
	at ptolemy.actor.gui.ConfigurationApplication.<init>(ConfigurationApplication.java:277)
	at ptolemy.actor.gui.ConfigurationApplication.<init>(ConfigurationApplication.java:214)
	at ptolemy.actor.gui.ConfigurationApplication.<init>(ConfigurationApplication.java:201)
	at ptolemy.actor.gui.ConfigurationApplication.openModelOrEntity(ConfigurationApplication.java:680)
	at ptolemy.vergil.basic.export.ExportModel$1.run(ExportModel.java:220)
	at java.awt.event.InvocationEvent.dispatch(InvocationEvent.java:301)
	at java.awt.EventQueue.dispatchEventImpl(EventQueue.java:756)
	at java.awt.EventQueue.access$500(EventQueue.java:97)
	at java.awt.EventQueue$3.run(EventQueue.java:709)
	at java.awt.EventQueue$3.run(EventQueue.java:703)
	at java.security.AccessController.doPrivileged(Native Method)
	at java.security.ProtectionDomain$JavaSecurityAccessImpl.doIntersectionPrivilege(ProtectionDomain.java:80)
	at java.awt.EventQueue.dispatchEvent(EventQueue.java:726)
	at java.awt.EventDispatchThread.pumpOneEventForFilters(EventDispatchThread.java:201)
	at java.awt.EventDispatchThread.pumpEventsForFilter(EventDispatchThread.java:116)
	at java.awt.EventDispatchThread.pumpEventsForHierarchy(EventDispatchThread.java:105)
	at java.awt.EventDispatchThread.pumpEvents(EventDispatchThread.java:101)
	at java.awt.EventDispatchThread.pumpEvents(EventDispatchThread.java:93)
	at java.awt.EventDispatchThread.run(EventDispatchThread.java:82)
Caused by: ptolemy.kernel.util.InternalErrorException: Element <entity name="sender1" class="ptolemy.actor.ptalon.demo.ptinyos.SendAndReceiveCnt.CntToLedsAndRfm"> caused an exception to be thrown.
  in .SendAndReceiveCnt.SendAndReceiveCnt
Because:
Cannot find class: ptolemy.actor.ptalon.demo.ptinyos.SendAndReceiveCnt.CntToLedsAndRfm. In Ptolemy, classes are typically Java .class files. Entities like actors may instead be defined within a .xml file.  In any case, the class was not found. If the class uses a third party package, then the class would be present only if the third party package was found at compile time.  It may be necessary to upgrade Java or install the third party package, reconfigure and recompile.
Because:
Element <entity name="MicaLeds" class="ptolemy.domains.ptinyos.lib.MicaLeds"> caused an exception to be thrown.
  in .CntToLedsAndRfm
Because:
Cannot find class: ptolemy.domains.ptinyos.lib.MicaLeds. In Ptolemy, classes are typically Java .class files. Entities like actors may instead be defined within a .xml file.  In any case, the class was not found. If the class uses a third party package, then the class would be present only if the third party package was found at compile time.  It may be necessary to upgrade Java or install the third party package, reconfigure and recompile.
Because:
-- /home/travis/build/icyphy/ptII/ptolemy/actor/ptalon/demo/ptinyos/SendAndReceiveCnt/ptolemy/domains/ptinyos/lib/MicaLeds.xml (No such file or directory)
-- XML file not found relative to classpath.
-- /home/travis/build/icyphy/ptII/ptolemy/vergil/basic/export/test/ptolemy/domains/ptinyos/lib/MicaLeds.xml
/home/travis/build/icyphy/ptII/ptolemy/vergil/basic/export/test/ptolemy/domains/ptinyos/lib/MicaLeds.xml (No such file or directory)
 in file:/home/travis/build/icyphy/ptII/ptolemy/actor/ptalon/demo/ptinyos/SendAndReceiveCnt/CntToLedsAndRfm.xml at line 132 and column 63
	at ptolemy.moml.SimpleErrorHandler.handleError(SimpleErrorHandler.java:75)
	at ptolemy.moml.MoMLParser.startElement(MoMLParser.java:3805)
	at com.microstar.xml.XmlParser.parseElement(XmlParser.java:931)
	at com.microstar.xml.XmlParser.parseDocument(XmlParser.java:481)
	at com.microstar.xml.XmlParser.doParse(XmlParser.java:159)
	at com.microstar.xml.XmlParser.parse(XmlParser.java:132)
	at ptolemy.moml.MoMLParser.parse(MoMLParser.java:1660)
	at ptolemy.moml.MoMLParser.parse(MoMLParser.java:1617)
	at ptolemy.moml.MoMLParser.parse(MoMLParser.java:1792)
	at ptolemy.actor.ptalon.PtalonEvaluator.addActor(PtalonEvaluator.java:241)
	... 56 more
Caused by: ptolemy.kernel.util.IllegalActionException: Cannot find class: ptolemy.actor.ptalon.demo.ptinyos.SendAndReceiveCnt.CntToLedsAndRfm. In Ptolemy, classes are typically Java .class files. Entities like actors may instead be defined within a .xml file.  In any case, the class was not found. If the class uses a third party package, then the class would be present only if the third party package was found at compile time.  It may be necessary to upgrade Java or install the third party package, reconfigure and recompile.
Because:
Element <entity name="MicaLeds" class="ptolemy.domains.ptinyos.lib.MicaLeds"> caused an exception to be thrown.
  in .CntToLedsAndRfm
Because:
Cannot find class: ptolemy.domains.ptinyos.lib.MicaLeds. In Ptolemy, classes are typically Java .class files. Entities like actors may instead be defined within a .xml file.  In any case, the class was not found. If the class uses a third party package, then the class would be present only if the third party package was found at compile time.  It may be necessary to upgrade Java or install the third party package, reconfigure and recompile.
Because:
-- /home/travis/build/icyphy/ptII/ptolemy/actor/ptalon/demo/ptinyos/SendAndReceiveCnt/ptolemy/domains/ptinyos/lib/MicaLeds.xml (No such file or directory)
-- XML file not found relative to classpath.
-- /home/travis/build/icyphy/ptII/ptolemy/vergil/basic/export/test/ptolemy/domains/ptinyos/lib/MicaLeds.xml
/home/travis/build/icyphy/ptII/ptolemy/vergil/basic/export/test/ptolemy/domains/ptinyos/lib/MicaLeds.xml (No such file or directory)
 in file:/home/travis/build/icyphy/ptII/ptolemy/actor/ptalon/demo/ptinyos/SendAndReceiveCnt/CntToLedsAndRfm.xml at line 132 and column 63
	at ptolemy.moml.MoMLParser._createEntity(MoMLParser.java:4330)
	at ptolemy.moml.MoMLParser.startElement(MoMLParser.java:2864)
	... 64 more
Caused by: ptolemy.kernel.util.InternalErrorException: Element <entity name="MicaLeds" class="ptolemy.domains.ptinyos.lib.MicaLeds"> caused an exception to be thrown.
  in .CntToLedsAndRfm
Because:
Cannot find class: ptolemy.domains.ptinyos.lib.MicaLeds. In Ptolemy, classes are typically Java .class files. Entities like actors may instead be defined within a .xml file.  In any case, the class was not found. If the class uses a third party package, then the class would be present only if the third party package was found at compile time.  It may be necessary to upgrade Java or install the third party package, reconfigure and recompile.
Because:
-- /home/travis/build/icyphy/ptII/ptolemy/actor/ptalon/demo/ptinyos/SendAndReceiveCnt/ptolemy/domains/ptinyos/lib/MicaLeds.xml (No such file or directory)
-- XML file not found relative to classpath.
-- /home/travis/build/icyphy/ptII/ptolemy/vergil/basic/export/test/ptolemy/domains/ptinyos/lib/MicaLeds.xml
/home/travis/build/icyphy/ptII/ptolemy/vergil/basic/export/test/ptolemy/domains/ptinyos/lib/MicaLeds.xml (No such file or directory)
 in file:/home/travis/build/icyphy/ptII/ptolemy/actor/ptalon/demo/ptinyos/SendAndReceiveCnt/CntToLedsAndRfm.xml at line 132 and column 63
	at ptolemy.moml.SimpleErrorHandler.handleError(SimpleErrorHandler.java:75)
	at ptolemy.moml.MoMLParser.startElement(MoMLParser.java:3805)
	at com.microstar.xml.XmlParser.parseElement(XmlParser.java:921)
	at com.microstar.xml.XmlParser.parseContent(XmlParser.java:1104)
	at com.microstar.xml.XmlParser.parseElement(XmlParser.java:924)
	at com.microstar.xml.XmlParser.parseDocument(XmlParser.java:481)
	at com.microstar.xml.XmlParser.doParse(XmlParser.java:159)
	at com.microstar.xml.XmlParser.parse(XmlParser.java:132)
	at ptolemy.moml.MoMLParser.parse(MoMLParser.java:1676)
	at ptolemy.moml.MoMLParser.parse(MoMLParser.java:1595)
	at ptolemy.moml.MoMLParser.parse(MoMLParser.java:1537)
	at ptolemy.moml.MoMLParser._findOrParse(MoMLParser.java:5286)
	at ptolemy.moml.MoMLParser._attemptToFindMoMLClass(MoMLParser.java:4075)
	at ptolemy.moml.MoMLParser._createEntity(MoMLParser.java:4323)
	... 65 more
Caused by: ptolemy.kernel.util.IllegalActionException: Cannot find class: ptolemy.domains.ptinyos.lib.MicaLeds. In Ptolemy, classes are typically Java .class files. Entities like actors may instead be defined within a .xml file.  In any case, the class was not found. If the class uses a third party package, then the class would be present only if the third party package was found at compile time.  It may be necessary to upgrade Java or install the third party package, reconfigure and recompile.
Because:
-- /home/travis/build/icyphy/ptII/ptolemy/actor/ptalon/demo/ptinyos/SendAndReceiveCnt/ptolemy/domains/ptinyos/lib/MicaLeds.xml (No such file or directory)
-- XML file not found relative to classpath.
-- /home/travis/build/icyphy/ptII/ptolemy/vergil/basic/export/test/ptolemy/domains/ptinyos/lib/MicaLeds.xml
/home/travis/build/icyphy/ptII/ptolemy/vergil/basic/export/test/ptolemy/domains/ptinyos/lib/MicaLeds.xml (No such file or directory)
 in file:/home/travis/build/icyphy/ptII/ptolemy/actor/ptalon/demo/ptinyos/SendAndReceiveCnt/CntToLedsAndRfm.xml at line 132 and column 63
	at ptolemy.moml.MoMLParser._createEntity(MoMLParser.java:4330)
	at ptolemy.moml.MoMLParser.startElement(MoMLParser.java:2864)
	... 77 more
Caused by: com.microstar.xml.XmlException: -- /home/travis/build/icyphy/ptII/ptolemy/actor/ptalon/demo/ptinyos/SendAndReceiveCnt/ptolemy/domains/ptinyos/lib/MicaLeds.xml (No such file or directory)
-- XML file not found relative to classpath.
-- /home/travis/build/icyphy/ptII/ptolemy/vergil/basic/export/test/ptolemy/domains/ptinyos/lib/MicaLeds.xml
/home/travis/build/icyphy/ptII/ptolemy/vergil/basic/export/test/ptolemy/domains/ptinyos/lib/MicaLeds.xml (No such file or directory)
 in file:/home/travis/build/icyphy/ptII/ptolemy/actor/ptalon/demo/ptinyos/SendAndReceiveCnt/CntToLedsAndRfm.xml at line 132 and column 63
	at ptolemy.moml.MoMLParser.fileNameToURL(MoMLParser.java:1414)
	at ptolemy.moml.MoMLParser._findOrParse(MoMLParser.java:5283)
	at ptolemy.moml.MoMLParser._attemptToFindMoMLClass(MoMLParser.java:4075)
	at ptolemy.moml.MoMLParser._createEntity(MoMLParser.java:4323)
	... 78 more
Failed to read file:/home/travis/build/icyphy/ptII/ptolemy/actor/ptalon/demo/ptinyos/SendAndReceiveCnt/SendAndReceiveCnt.xml
ptolemy.kernel.util.IllegalActionException: Failed to process attribute change to PtalonParameter, whose value is "ptolemy.actor.ptalon.PtalonExpressionParameter {.SendAndReceiveCnt.SendAndReceiveCnt.channelName} "AtomicWirelessChannel"".
  in .SendAndReceiveCnt.SendAndReceiveCnt
Because:
Unable to add actor null
	at ptolemy.actor.ptalon.PtalonActor.attributeChanged(PtalonActor.java:211)
	at ptolemy.actor.ptalon.PtalonMLHandler.startElement(PtalonMLHandler.java:134)
	at com.microstar.xml.XmlParser.parseElement(XmlParser.java:921)
	at com.microstar.xml.XmlParser.parseContent(XmlParser.java:1104)
	at com.microstar.xml.XmlParser.parseElement(XmlParser.java:924)
	at com.microstar.xml.XmlParser.parseDocument(XmlParser.java:481)
	at com.microstar.xml.XmlParser.doParse(XmlParser.java:159)
	at com.microstar.xml.XmlParser.parse(XmlParser.java:132)
	at ptolemy.actor.ptalon.PtalonActor.configure(PtalonActor.java:240)
	at ptolemy.moml.MoMLParser.endElement(MoMLParser.java:996)
	at com.microstar.xml.XmlParser.parseETag(XmlParser.java:1026)
	at com.microstar.xml.XmlParser.parseContent(XmlParser.java:1098)
	at com.microstar.xml.XmlParser.parseElement(XmlParser.java:924)
	at com.microstar.xml.XmlParser.parseContent(XmlParser.java:1104)
	at com.microstar.xml.XmlParser.parseElement(XmlParser.java:924)
	at com.microstar.xml.XmlParser.parseContent(XmlParser.java:1104)
	at com.microstar.xml.XmlParser.parseElement(XmlParser.java:924)
	at com.microstar.xml.XmlParser.parseDocument(XmlParser.java:481)
	at com.microstar.xml.XmlParser.doParse(XmlParser.java:159)
	at com.microstar.xml.XmlParser.parse(XmlParser.java:132)
	at ptolemy.moml.MoMLParser.parse(MoMLParser.java:1676)
	at ptolemy.moml.MoMLParser.parse(MoMLParser.java:1595)
	at ptolemy.moml.MoMLParser.parse(MoMLParser.java:1537)
	at ptolemy.actor.gui.PtolemyEffigy$Factory.createEffigy(PtolemyEffigy.java:424)
	at ptolemy.actor.gui.EffigyFactory.createEffigy(EffigyFactory.java:234)
	at ptolemy.actor.gui.Configuration.openModel(Configuration.java:1125)
	at ptolemy.actor.gui.Configuration.openModel(Configuration.java:1051)
	at ptolemy.actor.gui.ConfigurationApplication._openModel(ConfigurationApplication.java:1252)
	at ptolemy.actor.gui.ConfigurationApplication._parseArg(ConfigurationApplication.java:1399)
	at ptolemy.actor.gui.ConfigurationApplication._parseArgs(ConfigurationApplication.java:1478)
	at ptolemy.actor.gui.ConfigurationApplication.<init>(ConfigurationApplication.java:277)
	at ptolemy.actor.gui.ConfigurationApplication.<init>(ConfigurationApplication.java:214)
	at ptolemy.actor.gui.ConfigurationApplication.<init>(ConfigurationApplication.java:201)
	at ptolemy.actor.gui.ConfigurationApplication.openModelOrEntity(ConfigurationApplication.java:680)
	at ptolemy.vergil.basic.export.ExportModel$1.run(ExportModel.java:220)
	at java.awt.event.InvocationEvent.dispatch(InvocationEvent.java:301)
	at java.awt.EventQueue.dispatchEventImpl(EventQueue.java:756)
	at java.awt.EventQueue.access$500(EventQueue.java:97)
	at java.awt.EventQueue$3.run(EventQueue.java:709)
	at java.awt.EventQueue$3.run(EventQueue.java:703)
	at java.security.AccessController.doPrivileged(Native Method)
	at java.security.ProtectionDomain$JavaSecurityAccessImpl.doIntersectionPrivilege(ProtectionDomain.java:80)
	at java.awt.EventQueue.dispatchEvent(EventQueue.java:726)
	at java.awt.EventDispatchThread.pumpOneEventForFilters(EventDispatchThread.java:201)
	at java.awt.EventDispatchThread.pumpEventsForFilter(EventDispatchThread.java:116)
	at java.awt.EventDispatchThread.pumpEventsForHierarchy(EventDispatchThread.java:105)
	at java.awt.EventDispatchThread.pumpEvents(EventDispatchThread.java:101)
	at java.awt.EventDispatchThread.pumpEvents(EventDispatchThread.java:93)
	at java.awt.EventDispatchThread.run(EventDispatchThread.java:82)
Caused by: ptolemy.actor.ptalon.PtalonRuntimeException: Unable to add actor null
	at ptolemy.actor.ptalon.PtalonEvaluator.addActor(PtalonEvaluator.java:300)
	at ptolemy.actor.ptalon.PtalonPopulator.actor_declaration(PtalonPopulator.java:1574)
	at ptolemy.actor.ptalon.PtalonPopulator.atomic_statement(PtalonPopulator.java:1638)
	at ptolemy.actor.ptalon.PtalonPopulator.iterative_statement_evaluator(PtalonPopulator.java:2484)
	at ptolemy.actor.ptalon.AbstractPtalonEvaluator$IfTree.evaluateForScope(AbstractPtalonEvaluator.java:1307)
	at ptolemy.actor.ptalon.AbstractPtalonEvaluator.evaluateForScope(AbstractPtalonEvaluator.java:744)
	at ptolemy.actor.ptalon.PtalonPopulator.iterative_statement(PtalonPopulator.java:2363)
	at ptolemy.actor.ptalon.PtalonPopulator.actor_definition(PtalonPopulator.java:2809)
	at ptolemy.actor.ptalon.PtalonActor.attributeChanged(PtalonActor.java:206)
	... 48 more
Caused by: ptolemy.kernel.util.InternalErrorException: Element <entity name="sender1" class="ptolemy.actor.ptalon.demo.ptinyos.SendAndReceiveCnt.CntToLedsAndRfm"> caused an exception to be thrown.
  in .SendAndReceiveCnt.SendAndReceiveCnt
Because:
Cannot find class: ptolemy.actor.ptalon.demo.ptinyos.SendAndReceiveCnt.CntToLedsAndRfm. In Ptolemy, classes are typically Java .class files. Entities like actors may instead be defined within a .xml file.  In any case, the class was not found. If the class uses a third party package, then the class would be present only if the third party package was found at compile time.  It may be necessary to upgrade Java or install the third party package, reconfigure and recompile.
Because:
Element <entity name="MicaLeds" class="ptolemy.domains.ptinyos.lib.MicaLeds"> caused an exception to be thrown.
  in .CntToLedsAndRfm
Because:
Cannot find class: ptolemy.domains.ptinyos.lib.MicaLeds. In Ptolemy, classes are typically Java .class files. Entities like actors may instead be defined within a .xml file.  In any case, the class was not found. If the class uses a third party package, then the class would be present only if the third party package was found at compile time.  It may be necessary to upgrade Java or install the third party package, reconfigure and recompile.
Because:
-- /home/travis/build/icyphy/ptII/ptolemy/actor/ptalon/demo/ptinyos/SendAndReceiveCnt/ptolemy/domains/ptinyos/lib/MicaLeds.xml (No such file or directory)
-- XML file not found relative to classpath.
-- /home/travis/build/icyphy/ptII/ptolemy/vergil/basic/export/test/ptolemy/domains/ptinyos/lib/MicaLeds.xml
/home/travis/build/icyphy/ptII/ptolemy/vergil/basic/export/test/ptolemy/domains/ptinyos/lib/MicaLeds.xml (No such file or directory)
 in file:/home/travis/build/icyphy/ptII/ptolemy/actor/ptalon/demo/ptinyos/SendAndReceiveCnt/CntToLedsAndRfm.xml at line 132 and column 63
	at ptolemy.moml.SimpleErrorHandler.handleError(SimpleErrorHandler.java:75)
	at ptolemy.moml.MoMLParser.startElement(MoMLParser.java:3805)
	at com.microstar.xml.XmlParser.parseElement(XmlParser.java:931)
	at com.microstar.xml.XmlParser.parseDocument(XmlParser.java:481)
	at com.microstar.xml.XmlParser.doParse(XmlParser.java:159)
	at com.microstar.xml.XmlParser.parse(XmlParser.java:132)
	at ptolemy.moml.MoMLParser.parse(MoMLParser.java:1660)
	at ptolemy.moml.MoMLParser.parse(MoMLParser.java:1617)
	at ptolemy.moml.MoMLParser.parse(MoMLParser.java:1792)
	at ptolemy.actor.ptalon.PtalonEvaluator.addActor(PtalonEvaluator.java:241)
	... 56 more
Caused by: ptolemy.kernel.util.IllegalActionException: Cannot find class: ptolemy.actor.ptalon.demo.ptinyos.SendAndReceiveCnt.CntToLedsAndRfm. In Ptolemy, classes are typically Java .class files. Entities like actors may instead be defined within a .xml file.  In any case, the class was not found. If the class uses a third party package, then the class would be present only if the third party package was found at compile time.  It may be necessary to upgrade Java or install the third party package, reconfigure and recompile.
Because:
Element <entity name="MicaLeds" class="ptolemy.domains.ptinyos.lib.MicaLeds"> caused an exception to be thrown.
  in .CntToLedsAndRfm
Because:
Cannot find class: ptolemy.domains.ptinyos.lib.MicaLeds. In Ptolemy, classes are typically Java .class files. Entities like actors may instead be defined within a .xml file.  In any case, the class was not found. If the class uses a third party package, then the class would be present only if the third party package was found at compile time.  It may be necessary to upgrade Java or install the third party package, reconfigure and recompile.
Because:
-- /home/travis/build/icyphy/ptII/ptolemy/actor/ptalon/demo/ptinyos/SendAndReceiveCnt/ptolemy/domains/ptinyos/lib/MicaLeds.xml (No such file or directory)
-- XML file not found relative to classpath.
-- /home/travis/build/icyphy/ptII/ptolemy/vergil/basic/export/test/ptolemy/domains/ptinyos/lib/MicaLeds.xml
/home/travis/build/icyphy/ptII/ptolemy/vergil/basic/export/test/ptolemy/domains/ptinyos/lib/MicaLeds.xml (No such file or directory)
 in file:/home/travis/build/icyphy/ptII/ptolemy/actor/ptalon/demo/ptinyos/SendAndReceiveCnt/CntToLedsAndRfm.xml at line 132 and column 63
	at ptolemy.moml.MoMLParser._createEntity(MoMLParser.java:4330)
	at ptolemy.moml.MoMLParser.startElement(MoMLParser.java:2864)
	... 64 more
Caused by: ptolemy.kernel.util.InternalErrorException: Element <entity name="MicaLeds" class="ptolemy.domains.ptinyos.lib.MicaLeds"> caused an exception to be thrown.
  in .CntToLedsAndRfm
Because:
Cannot find class: ptolemy.domains.ptinyos.lib.MicaLeds. In Ptolemy, classes are typically Java .class files. Entities like actors may instead be defined within a .xml file.  In any case, the class was not found. If the class uses a third party package, then the class would be present only if the third party package was found at compile time.  It may be necessary to upgrade Java or install the third party package, reconfigure and recompile.
Because:
-- /home/travis/build/icyphy/ptII/ptolemy/actor/ptalon/demo/ptinyos/SendAndReceiveCnt/ptolemy/domains/ptinyos/lib/MicaLeds.xml (No such file or directory)
-- XML file not found relative to classpath.
-- /home/travis/build/icyphy/ptII/ptolemy/vergil/basic/export/test/ptolemy/domains/ptinyos/lib/MicaLeds.xml
/home/travis/build/icyphy/ptII/ptolemy/vergil/basic/export/test/ptolemy/domains/ptinyos/lib/MicaLeds.xml (No such file or directory)
 in file:/home/travis/build/icyphy/ptII/ptolemy/actor/ptalon/demo/ptinyos/SendAndReceiveCnt/CntToLedsAndRfm.xml at line 132 and column 63
	at ptolemy.moml.SimpleErrorHandler.handleError(SimpleErrorHandler.java:75)
	at ptolemy.moml.MoMLParser.startElement(MoMLParser.java:3805)
	at com.microstar.xml.XmlParser.parseElement(XmlParser.java:921)
	at com.microstar.xml.XmlParser.parseContent(XmlParser.java:1104)
	at com.microstar.xml.XmlParser.parseElement(XmlParser.java:924)
	at com.microstar.xml.XmlParser.parseDocument(XmlParser.java:481)
	at com.microstar.xml.XmlParser.doParse(XmlParser.java:159)
	at com.microstar.xml.XmlParser.parse(XmlParser.java:132)
	at ptolemy.moml.MoMLParser.parse(MoMLParser.java:1676)
	at ptolemy.moml.MoMLParser.parse(MoMLParser.java:1595)
	at ptolemy.moml.MoMLParser.parse(MoMLParser.java:1537)
	at ptolemy.moml.MoMLParser._findOrParse(MoMLParser.java:5286)
	at ptolemy.moml.MoMLParser._attemptToFindMoMLClass(MoMLParser.java:4075)
	at ptolemy.moml.MoMLParser._createEntity(MoMLParser.java:4323)
	... 65 more
Caused by: ptolemy.kernel.util.IllegalActionException: Cannot find class: ptolemy.domains.ptinyos.lib.MicaLeds. In Ptolemy, classes are typically Java .class files. Entities like actors may instead be defined within a .xml file.  In any case, the class was not found. If the class uses a third party package, then the class would be present only if the third party package was found at compile time.  It may be necessary to upgrade Java or install the third party package, reconfigure and recompile.
Because:
-- /home/travis/build/icyphy/ptII/ptolemy/actor/ptalon/demo/ptinyos/SendAndReceiveCnt/ptolemy/domains/ptinyos/lib/MicaLeds.xml (No such file or directory)
-- XML file not found relative to classpath.
-- /home/travis/build/icyphy/ptII/ptolemy/vergil/basic/export/test/ptolemy/domains/ptinyos/lib/MicaLeds.xml
/home/travis/build/icyphy/ptII/ptolemy/vergil/basic/export/test/ptolemy/domains/ptinyos/lib/MicaLeds.xml (No such file or directory)
 in file:/home/travis/build/icyphy/ptII/ptolemy/actor/ptalon/demo/ptinyos/SendAndReceiveCnt/CntToLedsAndRfm.xml at line 132 and column 63
	at ptolemy.moml.MoMLParser._createEntity(MoMLParser.java:4330)
	at ptolemy.moml.MoMLParser.startElement(MoMLParser.java:2864)
	... 77 more
Caused by: com.microstar.xml.XmlException: -- /home/travis/build/icyphy/ptII/ptolemy/actor/ptalon/demo/ptinyos/SendAndReceiveCnt/ptolemy/domains/ptinyos/lib/MicaLeds.xml (No such file or directory)
-- XML file not found relative to classpath.
-- /home/travis/build/icyphy/ptII/ptolemy/vergil/basic/export/test/ptolemy/domains/ptinyos/lib/MicaLeds.xml
/home/travis/build/icyphy/ptII/ptolemy/vergil/basic/export/test/ptolemy/domains/ptinyos/lib/MicaLeds.xml (No such file or directory)
 in file:/home/travis/build/icyphy/ptII/ptolemy/actor/ptalon/demo/ptinyos/SendAndReceiveCnt/CntToLedsAndRfm.xml at line 132 and column 63
	at ptolemy.moml.MoMLParser.fileNameToURL(MoMLParser.java:1414)
	at ptolemy.moml.MoMLParser._findOrParse(MoMLParser.java:5283)
	at ptolemy.moml.MoMLParser._attemptToFindMoMLClass(MoMLParser.java:4075)
	at ptolemy.moml.MoMLParser._createEntity(MoMLParser.java:4323)
	... 78 more
Caused by: ptolemy.actor.ptalon.PtalonRuntimeException: Unable to add actor null
	at ptolemy.actor.ptalon.PtalonEvaluator.addActor(PtalonEvaluator.java:300)
	at ptolemy.actor.ptalon.PtalonPopulator.actor_declaration(PtalonPopulator.java:1574)
	at ptolemy.actor.ptalon.PtalonPopulator.atomic_statement(PtalonPopulator.java:1638)
	at ptolemy.actor.ptalon.PtalonPopulator.iterative_statement_evaluator(PtalonPopulator.java:2484)
	at ptolemy.actor.ptalon.AbstractPtalonEvaluator$IfTree.evaluateForScope(AbstractPtalonEvaluator.java:1307)
	at ptolemy.actor.ptalon.AbstractPtalonEvaluator.evaluateForScope(AbstractPtalonEvaluator.java:744)
	at ptolemy.actor.ptalon.PtalonPopulator.iterative_statement(PtalonPopulator.java:2363)
	at ptolemy.actor.ptalon.PtalonPopulator.actor_definition(PtalonPopulator.java:2809)
	at ptolemy.actor.ptalon.PtalonActor.attributeChanged(PtalonActor.java:206)
	at ptolemy.actor.ptalon.PtalonMLHandler.startElement(PtalonMLHandler.java:134)
	at com.microstar.xml.XmlParser.parseElement(XmlParser.java:921)
	at com.microstar.xml.XmlParser.parseContent(XmlParser.java:1104)
	at com.microstar.xml.XmlParser.parseElement(XmlParser.java:924)
	at com.microstar.xml.XmlParser.parseDocument(XmlParser.java:481)
	at com.microstar.xml.XmlParser.doParse(XmlParser.java:159)
	at com.microstar.xml.XmlParser.parse(XmlParser.java:132)
	at ptolemy.actor.ptalon.PtalonActor.configure(PtalonActor.java:240)
	at ptolemy.moml.MoMLParser.endElement(MoMLParser.java:996)
	at com.microstar.xml.XmlParser.parseETag(XmlParser.java:1026)
	at com.microstar.xml.XmlParser.parseContent(XmlParser.java:1098)
	at com.microstar.xml.XmlParser.parseElement(XmlParser.java:924)
	at com.microstar.xml.XmlParser.parseContent(XmlParser.java:1104)
	at com.microstar.xml.XmlParser.parseElement(XmlParser.java:924)
	at com.microstar.xml.XmlParser.parseContent(XmlParser.java:1104)
	at com.microstar.xml.XmlParser.parseElement(XmlParser.java:924)
	at com.microstar.xml.XmlParser.parseDocument(XmlParser.java:481)
	at com.microstar.xml.XmlParser.doParse(XmlParser.java:159)
	at com.microstar.xml.XmlParser.parse(XmlParser.java:132)
	at ptolemy.moml.MoMLParser.parse(MoMLParser.java:1676)
	at ptolemy.moml.MoMLParser.parse(MoMLParser.java:1595)
	at ptolemy.moml.MoMLParser.parse(MoMLParser.java:1537)
	at ptolemy.actor.gui.PtolemyEffigy$Factory.createEffigy(PtolemyEffigy.java:424)
	at ptolemy.actor.gui.EffigyFactory.createEffigy(EffigyFactory.java:234)
	at ptolemy.actor.gui.Configuration.openModel(Configuration.java:1125)
	at ptolemy.actor.gui.Configuration.openModel(Configuration.java:1051)
	at ptolemy.actor.gui.ConfigurationApplication._openModel(ConfigurationApplication.java:1252)
	at ptolemy.actor.gui.ConfigurationApplication._parseArg(ConfigurationApplication.java:1399)
	at ptolemy.actor.gui.ConfigurationApplication._parseArgs(ConfigurationApplication.java:1478)
	at ptolemy.actor.gui.ConfigurationApplication.<init>(ConfigurationApplication.java:277)
	at ptolemy.actor.gui.ConfigurationApplication.<init>(ConfigurationApplication.java:214)
	at ptolemy.actor.gui.ConfigurationApplication.<init>(ConfigurationApplication.java:201)
	at ptolemy.actor.gui.ConfigurationApplication.openModelOrEntity(ConfigurationApplication.java:680)
	at ptolemy.vergil.basic.export.ExportModel$1.run(ExportModel.java:220)
	at java.awt.event.InvocationEvent.dispatch(InvocationEvent.java:301)
	at java.awt.EventQueue.dispatchEventImpl(EventQueue.java:756)
	at java.awt.EventQueue.access$500(EventQueue.java:97)
	at java.awt.EventQueue$3.run(EventQueue.java:709)
	at java.awt.EventQueue$3.run(EventQueue.java:703)
	at java.security.AccessController.doPrivileged(Native Method)
	at java.security.ProtectionDomain$JavaSecurityAccessImpl.doIntersectionPrivilege(ProtectionDomain.java:80)
	at java.awt.EventQueue.dispatchEvent(EventQueue.java:726)
	at java.awt.EventDispatchThread.pumpOneEventForFilters(EventDispatchThread.java:201)
	at java.awt.EventDispatchThread.pumpEventsForFilter(EventDispatchThread.java:116)
	at java.awt.EventDispatchThread.pumpEventsForHierarchy(EventDispatchThread.java:105)
	at java.awt.EventDispatchThread.pumpEvents(EventDispatchThread.java:101)
	at java.awt.EventDispatchThread.pumpEvents(EventDispatchThread.java:93)
	at java.awt.EventDispatchThread.run(EventDispatchThread.java:82)
Caused by: ptolemy.kernel.util.InternalErrorException: Element <entity name="sender1" class="ptolemy.actor.ptalon.demo.ptinyos.SendAndReceiveCnt.CntToLedsAndRfm"> caused an exception to be thrown.
  in .SendAndReceiveCnt.SendAndReceiveCnt
Because:
Cannot find class: ptolemy.actor.ptalon.demo.ptinyos.SendAndReceiveCnt.CntToLedsAndRfm. In Ptolemy, classes are typically Java .class files. Entities like actors may instead be defined within a .xml file.  In any case, the class was not found. If the class uses a third party package, then the class would be present only if the third party package was found at compile time.  It may be necessary to upgrade Java or install the third party package, reconfigure and recompile.
Because:
Element <entity name="MicaLeds" class="ptolemy.domains.ptinyos.lib.MicaLeds"> caused an exception to be thrown.
  in .CntToLedsAndRfm
Because:
Cannot find class: ptolemy.domains.ptinyos.lib.MicaLeds. In Ptolemy, classes are typically Java .class files. Entities like actors may instead be defined within a .xml file.  In any case, the class was not found. If the class uses a third party package, then the class would be present only if the third party package was found at compile time.  It may be necessary to upgrade Java or install the third party package, reconfigure and recompile.
Because:
-- /home/travis/build/icyphy/ptII/ptolemy/actor/ptalon/demo/ptinyos/SendAndReceiveCnt/ptolemy/domains/ptinyos/lib/MicaLeds.xml (No such file or directory)
-- XML file not found relative to classpath.
-- /home/travis/build/icyphy/ptII/ptolemy/vergil/basic/export/test/ptolemy/domains/ptinyos/lib/MicaLeds.xml
/home/travis/build/icyphy/ptII/ptolemy/vergil/basic/export/test/ptolemy/domains/ptinyos/lib/MicaLeds.xml (No such file or directory)
 in file:/home/travis/build/icyphy/ptII/ptolemy/actor/ptalon/demo/ptinyos/SendAndReceiveCnt/CntToLedsAndRfm.xml at line 132 and column 63
	at ptolemy.moml.SimpleErrorHandler.handleError(SimpleErrorHandler.java:75)
	at ptolemy.moml.MoMLParser.startElement(MoMLParser.java:3805)
	at com.microstar.xml.XmlParser.parseElement(XmlParser.java:931)
	at com.microstar.xml.XmlParser.parseDocument(XmlParser.java:481)
	at com.microstar.xml.XmlParser.doParse(XmlParser.java:159)
	at com.microstar.xml.XmlParser.parse(XmlParser.java:132)
	at ptolemy.moml.MoMLParser.parse(MoMLParser.java:1660)
	at ptolemy.moml.MoMLParser.parse(MoMLParser.java:1617)
	at ptolemy.moml.MoMLParser.parse(MoMLParser.java:1792)
	at ptolemy.actor.ptalon.PtalonEvaluator.addActor(PtalonEvaluator.java:241)
	... 56 more
Caused by: ptolemy.kernel.util.IllegalActionException: Cannot find class: ptolemy.actor.ptalon.demo.ptinyos.SendAndReceiveCnt.CntToLedsAndRfm. In Ptolemy, classes are typically Java .class files. Entities like actors may instead be defined within a .xml file.  In any case, the class was not found. If the class uses a third party package, then the class would be present only if the third party package was found at compile time.  It may be necessary to upgrade Java or install the third party package, reconfigure and recompile.
Because:
Element <entity name="MicaLeds" class="ptolemy.domains.ptinyos.lib.MicaLeds"> caused an exception to be thrown.
  in .CntToLedsAndRfm
Because:
Cannot find class: ptolemy.domains.ptinyos.lib.MicaLeds. In Ptolemy, classes are typically Java .class files. Entities like actors may instead be defined within a .xml file.  In any case, the class was not found. If the class uses a third party package, then the class would be present only if the third party package was found at compile time.  It may be necessary to upgrade Java or install the third party package, reconfigure and recompile.
Because:
-- /home/travis/build/icyphy/ptII/ptolemy/actor/ptalon/demo/ptinyos/SendAndReceiveCnt/ptolemy/domains/ptinyos/lib/MicaLeds.xml (No such file or directory)
-- XML file not found relative to classpath.
-- /home/travis/build/icyphy/ptII/ptolemy/vergil/basic/export/test/ptolemy/domains/ptinyos/lib/MicaLeds.xml
/home/travis/build/icyphy/ptII/ptolemy/vergil/basic/export/test/ptolemy/domains/ptinyos/lib/MicaLeds.xml (No such file or directory)
 in file:/home/travis/build/icyphy/ptII/ptolemy/actor/ptalon/demo/ptinyos/SendAndReceiveCnt/CntToLedsAndRfm.xml at line 132 and column 63
	at ptolemy.moml.MoMLParser._createEntity(MoMLParser.java:4330)
	at ptolemy.moml.MoMLParser.startElement(MoMLParser.java:2864)
	... 64 more
Caused by: ptolemy.kernel.util.InternalErrorException: Element <entity name="MicaLeds" class="ptolemy.domains.ptinyos.lib.MicaLeds"> caused an exception to be thrown.
  in .CntToLedsAndRfm
Because:
Cannot find class: ptolemy.domains.ptinyos.lib.MicaLeds. In Ptolemy, classes are typically Java .class files. Entities like actors may instead be defined within a .xml file.  In any case, the class was not found. If the class uses a third party package, then the class would be present only if the third party package was found at compile time.  It may be necessary to upgrade Java or install the third party package, reconfigure and recompile.
Because:
-- /home/travis/build/icyphy/ptII/ptolemy/actor/ptalon/demo/ptinyos/SendAndReceiveCnt/ptolemy/domains/ptinyos/lib/MicaLeds.xml (No such file or directory)
-- XML file not found relative to classpath.
-- /home/travis/build/icyphy/ptII/ptolemy/vergil/basic/export/test/ptolemy/domains/ptinyos/lib/MicaLeds.xml
/home/travis/build/icyphy/ptII/ptolemy/vergil/basic/export/test/ptolemy/domains/ptinyos/lib/MicaLeds.xml (No such file or directory)
 in file:/home/travis/build/icyphy/ptII/ptolemy/actor/ptalon/demo/ptinyos/SendAndReceiveCnt/CntToLedsAndRfm.xml at line 132 and column 63
	at ptolemy.moml.SimpleErrorHandler.handleError(SimpleErrorHandler.java:75)
	at ptolemy.moml.MoMLParser.startElement(MoMLParser.java:3805)
	at com.microstar.xml.XmlParser.parseElement(XmlParser.java:921)
	at com.microstar.xml.XmlParser.parseContent(XmlParser.java:1104)
	at com.microstar.xml.XmlParser.parseElement(XmlParser.java:924)
	at com.microstar.xml.XmlParser.parseDocument(XmlParser.java:481)
	at com.microstar.xml.XmlParser.doParse(XmlParser.java:159)
	at com.microstar.xml.XmlParser.parse(XmlParser.java:132)
	at ptolemy.moml.MoMLParser.parse(MoMLParser.java:1676)
	at ptolemy.moml.MoMLParser.parse(MoMLParser.java:1595)
	at ptolemy.moml.MoMLParser.parse(MoMLParser.java:1537)
	at ptolemy.moml.MoMLParser._findOrParse(MoMLParser.java:5286)
	at ptolemy.moml.MoMLParser._attemptToFindMoMLClass(MoMLParser.java:4075)
	at ptolemy.moml.MoMLParser._createEntity(MoMLParser.java:4323)
	... 65 more
Caused by: ptolemy.kernel.util.IllegalActionException: Cannot find class: ptolemy.domains.ptinyos.lib.MicaLeds. In Ptolemy, classes are typically Java .class files. Entities like actors may instead be defined within a .xml file.  In any case, the class was not found. If the class uses a third party package, then the class would be present only if the third party package was found at compile time.  It may be necessary to upgrade Java or install the third party package, reconfigure and recompile.
Because:
-- /home/travis/build/icyphy/ptII/ptolemy/actor/ptalon/demo/ptinyos/SendAndReceiveCnt/ptolemy/domains/ptinyos/lib/MicaLeds.xml (No such file or directory)
-- XML file not found relative to classpath.
-- /home/travis/build/icyphy/ptII/ptolemy/vergil/basic/export/test/ptolemy/domains/ptinyos/lib/MicaLeds.xml
/home/travis/build/icyphy/ptII/ptolemy/vergil/basic/export/test/ptolemy/domains/ptinyos/lib/MicaLeds.xml (No such file or directory)
 in file:/home/travis/build/icyphy/ptII/ptolemy/actor/ptalon/demo/ptinyos/SendAndReceiveCnt/CntToLedsAndRfm.xml at line 132 and column 63
	at ptolemy.moml.MoMLParser._createEntity(MoMLParser.java:4330)
	at ptolemy.moml.MoMLParser.startElement(MoMLParser.java:2864)
	... 77 more
Caused by: com.microstar.xml.XmlException: -- /home/travis/build/icyphy/ptII/ptolemy/actor/ptalon/demo/ptinyos/SendAndReceiveCnt/ptolemy/domains/ptinyos/lib/MicaLeds.xml (No such file or directory)
-- XML file not found relative to classpath.
-- /home/travis/build/icyphy/ptII/ptolemy/vergil/basic/export/test/ptolemy/domains/ptinyos/lib/MicaLeds.xml
/home/travis/build/icyphy/ptII/ptolemy/vergil/basic/export/test/ptolemy/domains/ptinyos/lib/MicaLeds.xml (No such file or directory)
 in file:/home/travis/build/icyphy/ptII/ptolemy/actor/ptalon/demo/ptinyos/SendAndReceiveCnt/CntToLedsAndRfm.xml at line 132 and column 63
	at ptolemy.moml.MoMLParser.fileNameToURL(MoMLParser.java:1414)
	at ptolemy.moml.MoMLParser._findOrParse(MoMLParser.java:5283)
	at ptolemy.moml.MoMLParser._attemptToFindMoMLClass(MoMLParser.java:4075)
	at ptolemy.moml.MoMLParser._createEntity(MoMLParser.java:4323)
	... 78 more
ptolemy.kernel.util.IllegalActionException: Failed to process attribute change to PtalonParameter, whose value is "ptolemy.actor.ptalon.PtalonExpressionParameter {.SendAndReceiveCnt.SendAndReceiveCnt.channelName} "AtomicWirelessChannel"".
  in .SendAndReceiveCnt.SendAndReceiveCnt
Because:
Unable to add actor null
	at ptolemy.actor.ptalon.PtalonActor.attributeChanged(PtalonActor.java:211)
	at ptolemy.actor.ptalon.PtalonMLHandler.startElement(PtalonMLHandler.java:134)
	at com.microstar.xml.XmlParser.parseElement(XmlParser.java:921)
	at com.microstar.xml.XmlParser.parseContent(XmlParser.java:1104)
	at com.microstar.xml.XmlParser.parseElement(XmlParser.java:924)
	at com.microstar.xml.XmlParser.parseDocument(XmlParser.java:481)
	at com.microstar.xml.XmlParser.doParse(XmlParser.java:159)
	at com.microstar.xml.XmlParser.parse(XmlParser.java:132)
	at ptolemy.actor.ptalon.PtalonActor.configure(PtalonActor.java:240)
	at ptolemy.moml.MoMLParser.endElement(MoMLParser.java:996)
	at com.microstar.xml.XmlParser.parseETag(XmlParser.java:1026)
	at com.microstar.xml.XmlParser.parseContent(XmlParser.java:1098)
	at com.microstar.xml.XmlParser.parseElement(XmlParser.java:924)
	at com.microstar.xml.XmlParser.parseContent(XmlParser.java:1104)
	at com.microstar.xml.XmlParser.parseElement(XmlParser.java:924)
	at com.microstar.xml.XmlParser.parseContent(XmlParser.java:1104)
	at com.microstar.xml.XmlParser.parseElement(XmlParser.java:924)
	at com.microstar.xml.XmlParser.parseDocument(XmlParser.java:481)
	at com.microstar.xml.XmlParser.doParse(XmlParser.java:159)
	at com.microstar.xml.XmlParser.parse(XmlParser.java:132)
	at ptolemy.moml.MoMLParser.parse(MoMLParser.java:1676)
	at ptolemy.moml.MoMLParser.parse(MoMLParser.java:1595)
	at ptolemy.moml.MoMLParser.parse(MoMLParser.java:1537)
	at ptolemy.actor.gui.PtolemyEffigy$Factory.createEffigy(PtolemyEffigy.java:424)
	at ptolemy.actor.gui.EffigyFactory.createEffigy(EffigyFactory.java:234)
	at ptolemy.actor.gui.Configuration.openModel(Configuration.java:1125)
	at ptolemy.actor.gui.Configuration.openModel(Configuration.java:1051)
	at ptolemy.actor.gui.ConfigurationApplication._openModel(ConfigurationApplication.java:1252)
	at ptolemy.actor.gui.ConfigurationApplication._parseArg(ConfigurationApplication.java:1399)
	at ptolemy.actor.gui.ConfigurationApplication._parseArgs(ConfigurationApplication.java:1478)
	at ptolemy.actor.gui.ConfigurationApplication.<init>(ConfigurationApplication.java:277)
	at ptolemy.actor.gui.ConfigurationApplication.<init>(ConfigurationApplication.java:214)
	at ptolemy.actor.gui.ConfigurationApplication.<init>(ConfigurationApplication.java:201)
	at ptolemy.actor.gui.ConfigurationApplication.openModelOrEntity(ConfigurationApplication.java:680)
	at ptolemy.vergil.basic.export.ExportModel$1.run(ExportModel.java:220)
	at java.awt.event.InvocationEvent.dispatch(InvocationEvent.java:301)
	at java.awt.EventQueue.dispatchEventImpl(EventQueue.java:756)
	at java.awt.EventQueue.access$500(EventQueue.java:97)
	at java.awt.EventQueue$3.run(EventQueue.java:709)
	at java.awt.EventQueue$3.run(EventQueue.java:703)
	at java.security.AccessController.doPrivileged(Native Method)
	at java.security.ProtectionDomain$JavaSecurityAccessImpl.doIntersectionPrivilege(ProtectionDomain.java:80)
	at java.awt.EventQueue.dispatchEvent(EventQueue.java:726)
	at java.awt.EventDispatchThread.pumpOneEventForFilters(EventDispatchThread.java:201)
	at java.awt.EventDispatchThread.pumpEventsForFilter(EventDispatchThread.java:116)
	at java.awt.EventDispatchThread.pumpEventsForHierarchy(EventDispatchThread.java:105)
	at java.awt.EventDispatchThread.pumpEvents(EventDispatchThread.java:101)
	at java.awt.EventDispatchThread.pumpEvents(EventDispatchThread.java:93)
	at java.awt.EventDispatchThread.run(EventDispatchThread.java:82)
Caused by: ptolemy.actor.ptalon.PtalonRuntimeException: Unable to add actor null
	at ptolemy.actor.ptalon.PtalonEvaluator.addActor(PtalonEvaluator.java:300)
	at ptolemy.actor.ptalon.PtalonPopulator.actor_declaration(PtalonPopulator.java:1574)
	at ptolemy.actor.ptalon.PtalonPopulator.atomic_statement(PtalonPopulator.java:1638)
	at ptolemy.actor.ptalon.PtalonPopulator.iterative_statement_evaluator(PtalonPopulator.java:2484)
	at ptolemy.actor.ptalon.AbstractPtalonEvaluator$IfTree.evaluateForScope(AbstractPtalonEvaluator.java:1307)
	at ptolemy.actor.ptalon.AbstractPtalonEvaluator.evaluateForScope(AbstractPtalonEvaluator.java:744)
	at ptolemy.actor.ptalon.PtalonPopulator.iterative_statement(PtalonPopulator.java:2363)
	at ptolemy.actor.ptalon.PtalonPopulator.actor_definition(PtalonPopulator.java:2809)
	at ptolemy.actor.ptalon.PtalonActor.attributeChanged(PtalonActor.java:206)
	... 48 more
Caused by: ptolemy.kernel.util.InternalErrorException: Element <entity name="sender1" class="ptolemy.actor.ptalon.demo.ptinyos.SendAndReceiveCnt.CntToLedsAndRfm"> caused an exception to be thrown.
  in .SendAndReceiveCnt.SendAndReceiveCnt
Because:
Cannot find class: ptolemy.actor.ptalon.demo.ptinyos.SendAndReceiveCnt.CntToLedsAndRfm. In Ptolemy, classes are typically Java .class files. Entities like actors may instead be defined within a .xml file.  In any case, the class was not found. If the class uses a third party package, then the class would be present only if the third party package was found at compile time.  It may be necessary to upgrade Java or install the third party package, reconfigure and recompile.
Because:
Element <entity name="MicaLeds" class="ptolemy.domains.ptinyos.lib.MicaLeds"> caused an exception to be thrown.
  in .CntToLedsAndRfm
Because:
Cannot find class: ptolemy.domains.ptinyos.lib.MicaLeds. In Ptolemy, classes are typically Java .class files. Entities like actors may instead be defined within a .xml file.  In any case, the class was not found. If the class uses a third party package, then the class would be present only if the third party package was found at compile time.  It may be necessary to upgrade Java or install the third party package, reconfigure and recompile.
Because:
-- /home/travis/build/icyphy/ptII/ptolemy/actor/ptalon/demo/ptinyos/SendAndReceiveCnt/ptolemy/domains/ptinyos/lib/MicaLeds.xml (No such file or directory)
-- XML file not found relative to classpath.
-- /home/travis/build/icyphy/ptII/ptolemy/vergil/basic/export/test/ptolemy/domains/ptinyos/lib/MicaLeds.xml
/home/travis/build/icyphy/ptII/ptolemy/vergil/basic/export/test/ptolemy/domains/ptinyos/lib/MicaLeds.xml (No such file or directory)
 in file:/home/travis/build/icyphy/ptII/ptolemy/actor/ptalon/demo/ptinyos/SendAndReceiveCnt/CntToLedsAndRfm.xml at line 132 and column 63
	at ptolemy.moml.SimpleErrorHandler.handleError(SimpleErrorHandler.java:75)
	at ptolemy.moml.MoMLParser.startElement(MoMLParser.java:3805)
	at com.microstar.xml.XmlParser.parseElement(XmlParser.java:931)
	at com.microstar.xml.XmlParser.parseDocument(XmlParser.java:481)
	at com.microstar.xml.XmlParser.doParse(XmlParser.java:159)
	at com.microstar.xml.XmlParser.parse(XmlParser.java:132)
	at ptolemy.moml.MoMLParser.parse(MoMLParser.java:1660)
	at ptolemy.moml.MoMLParser.parse(MoMLParser.java:1617)
	at ptolemy.moml.MoMLParser.parse(MoMLParser.java:1792)
	at ptolemy.actor.ptalon.PtalonEvaluator.addActor(PtalonEvaluator.java:241)
	... 56 more
Caused by: ptolemy.kernel.util.IllegalActionException: Cannot find class: ptolemy.actor.ptalon.demo.ptinyos.SendAndReceiveCnt.CntToLedsAndRfm. In Ptolemy, classes are typically Java .class files. Entities like actors may instead be defined within a .xml file.  In any case, the class was not found. If the class uses a third party package, then the class would be present only if the third party package was found at compile time.  It may be necessary to upgrade Java or install the third party package, reconfigure and recompile.
Because:
Element <entity name="MicaLeds" class="ptolemy.domains.ptinyos.lib.MicaLeds"> caused an exception to be thrown.
  in .CntToLedsAndRfm
Because:
Cannot find class: ptolemy.domains.ptinyos.lib.MicaLeds. In Ptolemy, classes are typically Java .class files. Entities like actors may instead be defined within a .xml file.  In any case, the class was not found. If the class uses a third party package, then the class would be present only if the third party package was found at compile time.  It may be necessary to upgrade Java or install the third party package, reconfigure and recompile.
Because:
-- /home/travis/build/icyphy/ptII/ptolemy/actor/ptalon/demo/ptinyos/SendAndReceiveCnt/ptolemy/domains/ptinyos/lib/MicaLeds.xml (No such file or directory)
-- XML file not found relative to classpath.
-- /home/travis/build/icyphy/ptII/ptolemy/vergil/basic/export/test/ptolemy/domains/ptinyos/lib/MicaLeds.xml
/home/travis/build/icyphy/ptII/ptolemy/vergil/basic/export/test/ptolemy/domains/ptinyos/lib/MicaLeds.xml (No such file or directory)
 in file:/home/travis/build/icyphy/ptII/ptolemy/actor/ptalon/demo/ptinyos/SendAndReceiveCnt/CntToLedsAndRfm.xml at line 132 and column 63
	at ptolemy.moml.MoMLParser._createEntity(MoMLParser.java:4330)
	at ptolemy.moml.MoMLParser.startElement(MoMLParser.java:2864)
	... 64 more
Caused by: ptolemy.kernel.util.InternalErrorException: Element <entity name="MicaLeds" class="ptolemy.domains.ptinyos.lib.MicaLeds"> caused an exception to be thrown.
  in .CntToLedsAndRfm
Because:
Cannot find class: ptolemy.domains.ptinyos.lib.MicaLeds. In Ptolemy, classes are typically Java .class files. Entities like actors may instead be defined within a .xml file.  In any case, the class was not found. If the class uses a third party package, then the class would be present only if the third party package was found at compile time.  It may be necessary to upgrade Java or install the third party package, reconfigure and recompile.
Because:
-- /home/travis/build/icyphy/ptII/ptolemy/actor/ptalon/demo/ptinyos/SendAndReceiveCnt/ptolemy/domains/ptinyos/lib/MicaLeds.xml (No such file or directory)
-- XML file not found relative to classpath.
-- /home/travis/build/icyphy/ptII/ptolemy/vergil/basic/export/test/ptolemy/domains/ptinyos/lib/MicaLeds.xml
/home/travis/build/icyphy/ptII/ptolemy/vergil/basic/export/test/ptolemy/domains/ptinyos/lib/MicaLeds.xml (No such file or directory)
 in file:/home/travis/build/icyphy/ptII/ptolemy/actor/ptalon/demo/ptinyos/SendAndReceiveCnt/CntToLedsAndRfm.xml at line 132 and column 63
	at ptolemy.moml.SimpleErrorHandler.handleError(SimpleErrorHandler.java:75)
	at ptolemy.moml.MoMLParser.startElement(MoMLParser.java:3805)
	at com.microstar.xml.XmlParser.parseElement(XmlParser.java:921)
	at com.microstar.xml.XmlParser.parseContent(XmlParser.java:1104)
	at com.microstar.xml.XmlParser.parseElement(XmlParser.java:924)
	at com.microstar.xml.XmlParser.parseDocument(XmlParser.java:481)
	at com.microstar.xml.XmlParser.doParse(XmlParser.java:159)
	at com.microstar.xml.XmlParser.parse(XmlParser.java:132)
	at ptolemy.moml.MoMLParser.parse(MoMLParser.java:1676)
	at ptolemy.moml.MoMLParser.parse(MoMLParser.java:1595)
	at ptolemy.moml.MoMLParser.parse(MoMLParser.java:1537)
	at ptolemy.moml.MoMLParser._findOrParse(MoMLParser.java:5286)
	at ptolemy.moml.MoMLParser._attemptToFindMoMLClass(MoMLParser.java:4075)
	at ptolemy.moml.MoMLParser._createEntity(MoMLParser.java:4323)
	... 65 more
Caused by: ptolemy.kernel.util.IllegalActionException: Cannot find class: ptolemy.domains.ptinyos.lib.MicaLeds. In Ptolemy, classes are typically Java .class files. Entities like actors may instead be defined within a .xml file.  In any case, the class was not found. If the class uses a third party package, then the class would be present only if the third party package was found at compile time.  It may be necessary to upgrade Java or install the third party package, reconfigure and recompile.
Because:
-- /home/travis/build/icyphy/ptII/ptolemy/actor/ptalon/demo/ptinyos/SendAndReceiveCnt/ptolemy/domains/ptinyos/lib/MicaLeds.xml (No such file or directory)
-- XML file not found relative to classpath.
-- /home/travis/build/icyphy/ptII/ptolemy/vergil/basic/export/test/ptolemy/domains/ptinyos/lib/MicaLeds.xml
/home/travis/build/icyphy/ptII/ptolemy/vergil/basic/export/test/ptolemy/domains/ptinyos/lib/MicaLeds.xml (No such file or directory)
 in file:/home/travis/build/icyphy/ptII/ptolemy/actor/ptalon/demo/ptinyos/SendAndReceiveCnt/CntToLedsAndRfm.xml at line 132 and column 63
	at ptolemy.moml.MoMLParser._createEntity(MoMLParser.java:4330)
	at ptolemy.moml.MoMLParser.startElement(MoMLParser.java:2864)
	... 77 more
Caused by: com.microstar.xml.XmlException: -- /home/travis/build/icyphy/ptII/ptolemy/actor/ptalon/demo/ptinyos/SendAndReceiveCnt/ptolemy/domains/ptinyos/lib/MicaLeds.xml (No such file or directory)
-- XML file not found relative to classpath.
-- /home/travis/build/icyphy/ptII/ptolemy/vergil/basic/export/test/ptolemy/domains/ptinyos/lib/MicaLeds.xml
/home/travis/build/icyphy/ptII/ptolemy/vergil/basic/export/test/ptolemy/domains/ptinyos/lib/MicaLeds.xml (No such file or directory)
 in file:/home/travis/build/icyphy/ptII/ptolemy/actor/ptalon/demo/ptinyos/SendAndReceiveCnt/CntToLedsAndRfm.xml at line 132 and column 63
	at ptolemy.moml.MoMLParser.fileNameToURL(MoMLParser.java:1414)
	at ptolemy.moml.MoMLParser._findOrParse(MoMLParser.java:5283)
	at ptolemy.moml.MoMLParser._attemptToFindMoMLClass(MoMLParser.java:4075)
	at ptolemy.moml.MoMLParser._createEntity(MoMLParser.java:4323)
	... 78 more
Caused by: ptolemy.actor.ptalon.PtalonRuntimeException: Unable to add actor null
	at ptolemy.actor.ptalon.PtalonEvaluator.addActor(PtalonEvaluator.java:300)
	at ptolemy.actor.ptalon.PtalonPopulator.actor_declaration(PtalonPopulator.java:1574)
	at ptolemy.actor.ptalon.PtalonPopulator.atomic_statement(PtalonPopulator.java:1638)
	at ptolemy.actor.ptalon.PtalonPopulator.iterative_statement_evaluator(PtalonPopulator.java:2484)
	at ptolemy.actor.ptalon.AbstractPtalonEvaluator$IfTree.evaluateForScope(AbstractPtalonEvaluator.java:1307)
	at ptolemy.actor.ptalon.AbstractPtalonEvaluator.evaluateForScope(AbstractPtalonEvaluator.java:744)
	at ptolemy.actor.ptalon.PtalonPopulator.iterative_statement(PtalonPopulator.java:2363)
	at ptolemy.actor.ptalon.PtalonPopulator.actor_definition(PtalonPopulator.java:2809)
	at ptolemy.actor.ptalon.PtalonActor.attributeChanged(PtalonActor.java:206)
	at ptolemy.actor.ptalon.PtalonMLHandler.startElement(PtalonMLHandler.java:134)
	at com.microstar.xml.XmlParser.parseElement(XmlParser.java:921)
	at com.microstar.xml.XmlParser.parseContent(XmlParser.java:1104)
	at com.microstar.xml.XmlParser.parseElement(XmlParser.java:924)
	at com.microstar.xml.XmlParser.parseDocument(XmlParser.java:481)
	at com.microstar.xml.XmlParser.doParse(XmlParser.java:159)
	at com.microstar.xml.XmlParser.parse(XmlParser.java:132)
	at ptolemy.actor.ptalon.PtalonActor.configure(PtalonActor.java:240)
	at ptolemy.moml.MoMLParser.endElement(MoMLParser.java:996)
	at com.microstar.xml.XmlParser.parseETag(XmlParser.java:1026)
	at com.microstar.xml.XmlParser.parseContent(XmlParser.java:1098)
	at com.microstar.xml.XmlParser.parseElement(XmlParser.java:924)
	at com.microstar.xml.XmlParser.parseContent(XmlParser.java:1104)
	at com.microstar.xml.XmlParser.parseElement(XmlParser.java:924)
	at com.microstar.xml.XmlParser.parseContent(XmlParser.java:1104)
	at com.microstar.xml.XmlParser.parseElement(XmlParser.java:924)
	at com.microstar.xml.XmlParser.parseDocument(XmlParser.java:481)
	at com.microstar.xml.XmlParser.doParse(XmlParser.java:159)
	at com.microstar.xml.XmlParser.parse(XmlParser.java:132)
	at ptolemy.moml.MoMLParser.parse(MoMLParser.java:1676)
	at ptolemy.moml.MoMLParser.parse(MoMLParser.java:1595)
	at ptolemy.moml.MoMLParser.parse(MoMLParser.java:1537)
	at ptolemy.actor.gui.PtolemyEffigy$Factory.createEffigy(PtolemyEffigy.java:424)
	at ptolemy.actor.gui.EffigyFactory.createEffigy(EffigyFactory.java:234)
	at ptolemy.actor.gui.Configuration.openModel(Configuration.java:1125)
	at ptolemy.actor.gui.Configuration.openModel(Configuration.java:1051)
	at ptolemy.actor.gui.ConfigurationApplication._openModel(ConfigurationApplication.java:1252)
	at ptolemy.actor.gui.ConfigurationApplication._parseArg(ConfigurationApplication.java:1399)
	at ptolemy.actor.gui.ConfigurationApplication._parseArgs(ConfigurationApplication.java:1478)
	at ptolemy.actor.gui.ConfigurationApplication.<init>(ConfigurationApplication.java:277)
	at ptolemy.actor.gui.ConfigurationApplication.<init>(ConfigurationApplication.java:214)
	at ptolemy.actor.gui.ConfigurationApplication.<init>(ConfigurationApplication.java:201)
	at ptolemy.actor.gui.ConfigurationApplication.openModelOrEntity(ConfigurationApplication.java:680)
	at ptolemy.vergil.basic.export.ExportModel$1.run(ExportModel.java:220)
	at java.awt.event.InvocationEvent.dispatch(InvocationEvent.java:301)
	at java.awt.EventQueue.dispatchEventImpl(EventQueue.java:756)
	at java.awt.EventQueue.access$500(EventQueue.java:97)
	at java.awt.EventQueue$3.run(EventQueue.java:709)
	at java.awt.EventQueue$3.run(EventQueue.java:703)
	at java.security.AccessController.doPrivileged(Native Method)
	at java.security.ProtectionDomain$JavaSecurityAccessImpl.doIntersectionPrivilege(ProtectionDomain.java:80)
	at java.awt.EventQueue.dispatchEvent(EventQueue.java:726)
	at java.awt.EventDispatchThread.pumpOneEventForFilters(EventDispatchThread.java:201)
	at java.awt.EventDispatchThread.pumpEventsForFilter(EventDispatchThread.java:116)
	at java.awt.EventDispatchThread.pumpEventsForHierarchy(EventDispatchThread.java:105)
	at java.awt.EventDispatchThread.pumpEvents(EventDispatchThread.java:101)
	at java.awt.EventDispatchThread.pumpEvents(EventDispatchThread.java:93)
	at java.awt.EventDispatchThread.run(EventDispatchThread.java:82)
Caused by: ptolemy.kernel.util.InternalErrorException: Element <entity name="sender1" class="ptolemy.actor.ptalon.demo.ptinyos.SendAndReceiveCnt.CntToLedsAndRfm"> caused an exception to be thrown.
  in .SendAndReceiveCnt.SendAndReceiveCnt
Because:
Cannot find class: ptolemy.actor.ptalon.demo.ptinyos.SendAndReceiveCnt.CntToLedsAndRfm. In Ptolemy, classes are typically Java .class files. Entities like actors may instead be defined within a .xml file.  In any case, the class was not found. If the class uses a third party package, then the class would be present only if the third party package was found at compile time.  It may be necessary to upgrade Java or install the third party package, reconfigure and recompile.
Because:
Element <entity name="MicaLeds" class="ptolemy.domains.ptinyos.lib.MicaLeds"> caused an exception to be thrown.
  in .CntToLedsAndRfm
Because:
Cannot find class: ptolemy.domains.ptinyos.lib.MicaLeds. In Ptolemy, classes are typically Java .class files. Entities like actors may instead be defined within a .xml file.  In any case, the class was not found. If the class uses a third party package, then the class would be present only if the third party package was found at compile time.  It may be necessary to upgrade Java or install the third party package, reconfigure and recompile.
Because:
-- /home/travis/build/icyphy/ptII/ptolemy/actor/ptalon/demo/ptinyos/SendAndReceiveCnt/ptolemy/domains/ptinyos/lib/MicaLeds.xml (No such file or directory)
-- XML file not found relative to classpath.
-- /home/travis/build/icyphy/ptII/ptolemy/vergil/basic/export/test/ptolemy/domains/ptinyos/lib/MicaLeds.xml
/home/travis/build/icyphy/ptII/ptolemy/vergil/basic/export/test/ptolemy/domains/ptinyos/lib/MicaLeds.xml (No such file or directory)
 in file:/home/travis/build/icyphy/ptII/ptolemy/actor/ptalon/demo/ptinyos/SendAndReceiveCnt/CntToLedsAndRfm.xml at line 132 and column 63
	at ptolemy.moml.SimpleErrorHandler.handleError(SimpleErrorHandler.java:75)
	at ptolemy.moml.MoMLParser.startElement(MoMLParser.java:3805)
	at com.microstar.xml.XmlParser.parseElement(XmlParser.java:931)
	at com.microstar.xml.XmlParser.parseDocument(XmlParser.java:481)
	at com.microstar.xml.XmlParser.doParse(XmlParser.java:159)
	at com.microstar.xml.XmlParser.parse(XmlParser.java:132)
	at ptolemy.moml.MoMLParser.parse(MoMLParser.java:1660)
	at ptolemy.moml.MoMLParser.parse(MoMLParser.java:1617)
	at ptolemy.moml.MoMLParser.parse(MoMLParser.java:1792)
	at ptolemy.actor.ptalon.PtalonEvaluator.addActor(PtalonEvaluator.java:241)
	... 56 more
Caused by: ptolemy.kernel.util.IllegalActionException: Cannot find class: ptolemy.actor.ptalon.demo.ptinyos.SendAndReceiveCnt.CntToLedsAndRfm. In Ptolemy, classes are typically Java .class files. Entities like actors may instead be defined within a .xml file.  In any case, the class was not found. If the class uses a third party package, then the class would be present only if the third party package was found at compile time.  It may be necessary to upgrade Java or install the third party package, reconfigure and recompile.
Because:
Element <entity name="MicaLeds" class="ptolemy.domains.ptinyos.lib.MicaLeds"> caused an exception to be thrown.
  in .CntToLedsAndRfm
Because:
Cannot find class: ptolemy.domains.ptinyos.lib.MicaLeds. In Ptolemy, classes are typically Java .class files. Entities like actors may instead be defined within a .xml file.  In any case, the class was not found. If the class uses a third party package, then the class would be present only if the third party package was found at compile time.  It may be necessary to upgrade Java or install the third party package, reconfigure and recompile.
Because:
-- /home/travis/build/icyphy/ptII/ptolemy/actor/ptalon/demo/ptinyos/SendAndReceiveCnt/ptolemy/domains/ptinyos/lib/MicaLeds.xml (No such file or directory)
-- XML file not found relative to classpath.
-- /home/travis/build/icyphy/ptII/ptolemy/vergil/basic/export/test/ptolemy/domains/ptinyos/lib/MicaLeds.xml
/home/travis/build/icyphy/ptII/ptolemy/vergil/basic/export/test/ptolemy/domains/ptinyos/lib/MicaLeds.xml (No such file or directory)
 in file:/home/travis/build/icyphy/ptII/ptolemy/actor/ptalon/demo/ptinyos/SendAndReceiveCnt/CntToLedsAndRfm.xml at line 132 and column 63
	at ptolemy.moml.MoMLParser._createEntity(MoMLParser.java:4330)
	at ptolemy.moml.MoMLParser.startElement(MoMLParser.java:2864)
	... 64 more
Caused by: ptolemy.kernel.util.InternalErrorException: Element <entity name="MicaLeds" class="ptolemy.domains.ptinyos.lib.MicaLeds"> caused an exception to be thrown.
  in .CntToLedsAndRfm
Because:
Cannot find class: ptolemy.domains.ptinyos.lib.MicaLeds. In Ptolemy, classes are typically Java .class files. Entities like actors may instead be defined within a .xml file.  In any case, the class was not found. If the class uses a third party package, then the class would be present only if the third party package was found at compile time.  It may be necessary to upgrade Java or install the third party package, reconfigure and recompile.
Because:
-- /home/travis/build/icyphy/ptII/ptolemy/actor/ptalon/demo/ptinyos/SendAndReceiveCnt/ptolemy/domains/ptinyos/lib/MicaLeds.xml (No such file or directory)
-- XML file not found relative to classpath.
-- /home/travis/build/icyphy/ptII/ptolemy/vergil/basic/export/test/ptolemy/domains/ptinyos/lib/MicaLeds.xml
/home/travis/build/icyphy/ptII/ptolemy/vergil/basic/export/test/ptolemy/domains/ptinyos/lib/MicaLeds.xml (No such file or directory)
 in file:/home/travis/build/icyphy/ptII/ptolemy/actor/ptalon/demo/ptinyos/SendAndReceiveCnt/CntToLedsAndRfm.xml at line 132 and column 63
	at ptolemy.moml.SimpleErrorHandler.handleError(SimpleErrorHandler.java:75)
	at ptolemy.moml.MoMLParser.startElement(MoMLParser.java:3805)
	at com.microstar.xml.XmlParser.parseElement(XmlParser.java:921)
	at com.microstar.xml.XmlParser.parseContent(XmlParser.java:1104)
	at com.microstar.xml.XmlParser.parseElement(XmlParser.java:924)
	at com.microstar.xml.XmlParser.parseDocument(XmlParser.java:481)
	at com.microstar.xml.XmlParser.doParse(XmlParser.java:159)
	at com.microstar.xml.XmlParser.parse(XmlParser.java:132)
	at ptolemy.moml.MoMLParser.parse(MoMLParser.java:1676)
	at ptolemy.moml.MoMLParser.parse(MoMLParser.java:1595)
	at ptolemy.moml.MoMLParser.parse(MoMLParser.java:1537)
	at ptolemy.moml.MoMLParser._findOrParse(MoMLParser.java:5286)
	at ptolemy.moml.MoMLParser._attemptToFindMoMLClass(MoMLParser.java:4075)
	at ptolemy.moml.MoMLParser._createEntity(MoMLParser.java:4323)
	... 65 more
Caused by: ptolemy.kernel.util.IllegalActionException: Cannot find class: ptolemy.domains.ptinyos.lib.MicaLeds. In Ptolemy, classes are typically Java .class files. Entities like actors may instead be defined within a .xml file.  In any case, the class was not found. If the class uses a third party package, then the class would be present only if the third party package was found at compile time.  It may be necessary to upgrade Java or install the third party package, reconfigure and recompile.
Because:
-- /home/travis/build/icyphy/ptII/ptolemy/actor/ptalon/demo/ptinyos/SendAndReceiveCnt/ptolemy/domains/ptinyos/lib/MicaLeds.xml (No such file or directory)
-- XML file not found relative to classpath.
-- /home/travis/build/icyphy/ptII/ptolemy/vergil/basic/export/test/ptolemy/domains/ptinyos/lib/MicaLeds.xml
/home/travis/build/icyphy/ptII/ptolemy/vergil/basic/export/test/ptolemy/domains/ptinyos/lib/MicaLeds.xml (No such file or directory)
 in file:/home/travis/build/icyphy/ptII/ptolemy/actor/ptalon/demo/ptinyos/SendAndReceiveCnt/CntToLedsAndRfm.xml at line 132 and column 63
	at ptolemy.moml.MoMLParser._createEntity(MoMLParser.java:4330)
	at ptolemy.moml.MoMLParser.startElement(MoMLParser.java:2864)
	... 77 more
Caused by: com.microstar.xml.XmlException: -- /home/travis/build/icyphy/ptII/ptolemy/actor/ptalon/demo/ptinyos/SendAndReceiveCnt/ptolemy/domains/ptinyos/lib/MicaLeds.xml (No such file or directory)
-- XML file not found relative to classpath.
-- /home/travis/build/icyphy/ptII/ptolemy/vergil/basic/export/test/ptolemy/domains/ptinyos/lib/MicaLeds.xml
/home/travis/build/icyphy/ptII/ptolemy/vergil/basic/export/test/ptolemy/domains/ptinyos/lib/MicaLeds.xml (No such file or directory)
 in file:/home/travis/build/icyphy/ptII/ptolemy/actor/ptalon/demo/ptinyos/SendAndReceiveCnt/CntToLedsAndRfm.xml at line 132 and column 63
	at ptolemy.moml.MoMLParser.fileNameToURL(MoMLParser.java:1414)
	at ptolemy.moml.MoMLParser._findOrParse(MoMLParser.java:5283)
	at ptolemy.moml.MoMLParser._attemptToFindMoMLClass(MoMLParser.java:4075)
	at ptolemy.moml.MoMLParser._createEntity(MoMLParser.java:4323)
	... 78 more
Failed to read file:/home/travis/build/icyphy/ptII/ptolemy/actor/ptalon/demo/ptinyos/SendAndReceiveCnt/SendAndReceiveCnt.xml
ptolemy.kernel.util.IllegalActionException: Failed to process attribute change to PtalonParameter, whose value is "ptolemy.actor.ptalon.PtalonExpressionParameter {.SendAndReceiveCnt.SendAndReceiveCnt.channelName} "AtomicWirelessChannel"".
  in .SendAndReceiveCnt.SendAndReceiveCnt
Because:
Unable to add actor null
	at ptolemy.actor.ptalon.PtalonActor.attributeChanged(PtalonActor.java:211)
	at ptolemy.actor.ptalon.PtalonMLHandler.startElement(PtalonMLHandler.java:134)
	at com.microstar.xml.XmlParser.parseElement(XmlParser.java:921)
	at com.microstar.xml.XmlParser.parseContent(XmlParser.java:1104)
	at com.microstar.xml.XmlParser.parseElement(XmlParser.java:924)
	at com.microstar.xml.XmlParser.parseDocument(XmlParser.java:481)
	at com.microstar.xml.XmlParser.doParse(XmlParser.java:159)
	at com.microstar.xml.XmlParser.parse(XmlParser.java:132)
	at ptolemy.actor.ptalon.PtalonActor.configure(PtalonActor.java:240)
	at ptolemy.moml.MoMLParser.endElement(MoMLParser.java:996)
	at com.microstar.xml.XmlParser.parseETag(XmlParser.java:1026)
	at com.microstar.xml.XmlParser.parseContent(XmlParser.java:1098)
	at com.microstar.xml.XmlParser.parseElement(XmlParser.java:924)
	at com.microstar.xml.XmlParser.parseContent(XmlParser.java:1104)
	at com.microstar.xml.XmlParser.parseElement(XmlParser.java:924)
	at com.microstar.xml.XmlParser.parseContent(XmlParser.java:1104)
	at com.microstar.xml.XmlParser.parseElement(XmlParser.java:924)
	at com.microstar.xml.XmlParser.parseDocument(XmlParser.java:481)
	at com.microstar.xml.XmlParser.doParse(XmlParser.java:159)
	at com.microstar.xml.XmlParser.parse(XmlParser.java:132)
	at ptolemy.moml.MoMLParser.parse(MoMLParser.java:1676)
	at ptolemy.moml.MoMLParser.parse(MoMLParser.java:1595)
	at ptolemy.moml.MoMLParser.parse(MoMLParser.java:1537)
	at ptolemy.actor.gui.PtolemyEffigy$Factory.createEffigy(PtolemyEffigy.java:424)
	at ptolemy.actor.gui.EffigyFactory.createEffigy(EffigyFactory.java:234)
	at ptolemy.actor.gui.Configuration.openModel(Configuration.java:1125)
	at ptolemy.actor.gui.Configuration.openModel(Configuration.java:1051)
	at ptolemy.actor.gui.ConfigurationApplication._openModel(ConfigurationApplication.java:1252)
	at ptolemy.actor.gui.ConfigurationApplication._parseArg(ConfigurationApplication.java:1399)
	at ptolemy.actor.gui.ConfigurationApplication._parseArgs(ConfigurationApplication.java:1478)
	at ptolemy.actor.gui.ConfigurationApplication.<init>(ConfigurationApplication.java:277)
	at ptolemy.actor.gui.ConfigurationApplication.<init>(ConfigurationApplication.java:214)
	at ptolemy.actor.gui.ConfigurationApplication.<init>(ConfigurationApplication.java:201)
	at ptolemy.actor.gui.ConfigurationApplication.openModelOrEntity(ConfigurationApplication.java:680)
	at ptolemy.vergil.basic.export.ExportModel$1.run(ExportModel.java:220)
	at java.awt.event.InvocationEvent.dispatch(InvocationEvent.java:301)
	at java.awt.EventQueue.dispatchEventImpl(EventQueue.java:756)
	at java.awt.EventQueue.access$500(EventQueue.java:97)
	at java.awt.EventQueue$3.run(EventQueue.java:709)
	at java.awt.EventQueue$3.run(EventQueue.java:703)
	at java.security.AccessController.doPrivileged(Native Method)
	at java.security.ProtectionDomain$JavaSecurityAccessImpl.doIntersectionPrivilege(ProtectionDomain.java:80)
	at java.awt.EventQueue.dispatchEvent(EventQueue.java:726)
	at java.awt.EventDispatchThread.pumpOneEventForFilters(EventDispatchThread.java:201)
	at java.awt.EventDispatchThread.pumpEventsForFilter(EventDispatchThread.java:116)
	at java.awt.EventDispatchThread.pumpEventsForHierarchy(EventDispatchThread.java:105)
	at java.awt.EventDispatchThread.pumpEvents(EventDispatchThread.java:101)
	at java.awt.EventDispatchThread.pumpEvents(EventDispatchThread.java:93)
	at java.awt.EventDispatchThread.run(EventDispatchThread.java:82)
Caused by: ptolemy.actor.ptalon.PtalonRuntimeException: Unable to add actor null
	at ptolemy.actor.ptalon.PtalonEvaluator.addActor(PtalonEvaluator.java:300)
	at ptolemy.actor.ptalon.PtalonPopulator.actor_declaration(PtalonPopulator.java:1574)
	at ptolemy.actor.ptalon.PtalonPopulator.atomic_statement(PtalonPopulator.java:1638)
	at ptolemy.actor.ptalon.PtalonPopulator.iterative_statement_evaluator(PtalonPopulator.java:2484)
	at ptolemy.actor.ptalon.AbstractPtalonEvaluator$IfTree.evaluateForScope(AbstractPtalonEvaluator.java:1307)
	at ptolemy.actor.ptalon.AbstractPtalonEvaluator.evaluateForScope(AbstractPtalonEvaluator.java:744)
	at ptolemy.actor.ptalon.PtalonPopulator.iterative_statement(PtalonPopulator.java:2363)
	at ptolemy.actor.ptalon.PtalonPopulator.actor_definition(PtalonPopulator.java:2809)
	at ptolemy.actor.ptalon.PtalonActor.attributeChanged(PtalonActor.java:206)
	... 48 more
Caused by: ptolemy.kernel.util.InternalErrorException: Element <entity name="sender1" class="ptolemy.actor.ptalon.demo.ptinyos.SendAndReceiveCnt.CntToLedsAndRfm"> caused an exception to be thrown.
  in .SendAndReceiveCnt.SendAndReceiveCnt
Because:
Cannot find class: ptolemy.actor.ptalon.demo.ptinyos.SendAndReceiveCnt.CntToLedsAndRfm. In Ptolemy, classes are typically Java .class files. Entities like actors may instead be defined within a .xml file.  In any case, the class was not found. If the class uses a third party package, then the class would be present only if the third party package was found at compile time.  It may be necessary to upgrade Java or install the third party package, reconfigure and recompile.
Because:
Element <entity name="MicaLeds" class="ptolemy.domains.ptinyos.lib.MicaLeds"> caused an exception to be thrown.
  in .CntToLedsAndRfm
Because:
Cannot find class: ptolemy.domains.ptinyos.lib.MicaLeds. In Ptolemy, classes are typically Java .class files. Entities like actors may instead be defined within a .xml file.  In any case, the class was not found. If the class uses a third party package, then the class would be present only if the third party package was found at compile time.  It may be necessary to upgrade Java or install the third party package, reconfigure and recompile.
Because:
-- /home/travis/build/icyphy/ptII/ptolemy/actor/ptalon/demo/ptinyos/SendAndReceiveCnt/ptolemy/domains/ptinyos/lib/MicaLeds.xml (No such file or directory)
-- XML file not found relative to classpath.
-- /home/travis/build/icyphy/ptII/ptolemy/vergil/basic/export/test/ptolemy/domains/ptinyos/lib/MicaLeds.xml
/home/travis/build/icyphy/ptII/ptolemy/vergil/basic/export/test/ptolemy/domains/ptinyos/lib/MicaLeds.xml (No such file or directory)
 in file:/home/travis/build/icyphy/ptII/ptolemy/actor/ptalon/demo/ptinyos/SendAndReceiveCnt/CntToLedsAndRfm.xml at line 132 and column 63
	at ptolemy.moml.SimpleErrorHandler.handleError(SimpleErrorHandler.java:75)
	at ptolemy.moml.MoMLParser.startElement(MoMLParser.java:3805)
	at com.microstar.xml.XmlParser.parseElement(XmlParser.java:931)
	at com.microstar.xml.XmlParser.parseDocument(XmlParser.java:481)
	at com.microstar.xml.XmlParser.doParse(XmlParser.java:159)
	at com.microstar.xml.XmlParser.parse(XmlParser.java:132)
	at ptolemy.moml.MoMLParser.parse(MoMLParser.java:1660)
	at ptolemy.moml.MoMLParser.parse(MoMLParser.java:1617)
	at ptolemy.moml.MoMLParser.parse(MoMLParser.java:1792)
	at ptolemy.actor.ptalon.PtalonEvaluator.addActor(PtalonEvaluator.java:241)
	... 56 more
Caused by: ptolemy.kernel.util.IllegalActionException: Cannot find class: ptolemy.actor.ptalon.demo.ptinyos.SendAndReceiveCnt.CntToLedsAndRfm. In Ptolemy, classes are typically Java .class files. Entities like actors may instead be defined within a .xml file.  In any case, the class was not found. If the class uses a third party package, then the class would be present only if the third party package was found at compile time.  It may be necessary to upgrade Java or install the third party package, reconfigure and recompile.
Because:
Element <entity name="MicaLeds" class="ptolemy.domains.ptinyos.lib.MicaLeds"> caused an exception to be thrown.
  in .CntToLedsAndRfm
Because:
Cannot find class: ptolemy.domains.ptinyos.lib.MicaLeds. In Ptolemy, classes are typically Java .class files. Entities like actors may instead be defined within a .xml file.  In any case, the class was not found. If the class uses a third party package, then the class would be present only if the third party package was found at compile time.  It may be necessary to upgrade Java or install the third party package, reconfigure and recompile.
Because:
-- /home/travis/build/icyphy/ptII/ptolemy/actor/ptalon/demo/ptinyos/SendAndReceiveCnt/ptolemy/domains/ptinyos/lib/MicaLeds.xml (No such file or directory)
-- XML file not found relative to classpath.
-- /home/travis/build/icyphy/ptII/ptolemy/vergil/basic/export/test/ptolemy/domains/ptinyos/lib/MicaLeds.xml
/home/travis/build/icyphy/ptII/ptolemy/vergil/basic/export/test/ptolemy/domains/ptinyos/lib/MicaLeds.xml (No such file or directory)
 in file:/home/travis/build/icyphy/ptII/ptolemy/actor/ptalon/demo/ptinyos/SendAndReceiveCnt/CntToLedsAndRfm.xml at line 132 and column 63
	at ptolemy.moml.MoMLParser._createEntity(MoMLParser.java:4330)
	at ptolemy.moml.MoMLParser.startElement(MoMLParser.java:2864)
	... 64 more
Caused by: ptolemy.kernel.util.InternalErrorException: Element <entity name="MicaLeds" class="ptolemy.domains.ptinyos.lib.MicaLeds"> caused an exception to be thrown.
  in .CntToLedsAndRfm
Because:
Cannot find class: ptolemy.domains.ptinyos.lib.MicaLeds. In Ptolemy, classes are typically Java .class files. Entities like actors may instead be defined within a .xml file.  In any case, the class was not found. If the class uses a third party package, then the class would be present only if the third party package was found at compile time.  It may be necessary to upgrade Java or install the third party package, reconfigure and recompile.
Because:
-- /home/travis/build/icyphy/ptII/ptolemy/actor/ptalon/demo/ptinyos/SendAndReceiveCnt/ptolemy/domains/ptinyos/lib/MicaLeds.xml (No such file or directory)
-- XML file not found relative to classpath.
-- /home/travis/build/icyphy/ptII/ptolemy/vergil/basic/export/test/ptolemy/domains/ptinyos/lib/MicaLeds.xml
/home/travis/build/icyphy/ptII/ptolemy/vergil/basic/export/test/ptolemy/domains/ptinyos/lib/MicaLeds.xml (No such file or directory)
 in file:/home/travis/build/icyphy/ptII/ptolemy/actor/ptalon/demo/ptinyos/SendAndReceiveCnt/CntToLedsAndRfm.xml at line 132 and column 63
	at ptolemy.moml.SimpleErrorHandler.handleError(SimpleErrorHandler.java:75)
	at ptolemy.moml.MoMLParser.startElement(MoMLParser.java:3805)
	at com.microstar.xml.XmlParser.parseElement(XmlParser.java:921)
	at com.microstar.xml.XmlParser.parseContent(XmlParser.java:1104)
	at com.microstar.xml.XmlParser.parseElement(XmlParser.java:924)
	at com.microstar.xml.XmlParser.parseDocument(XmlParser.java:481)
	at com.microstar.xml.XmlParser.doParse(XmlParser.java:159)
	at com.microstar.xml.XmlParser.parse(XmlParser.java:132)
	at ptolemy.moml.MoMLParser.parse(MoMLParser.java:1676)
	at ptolemy.moml.MoMLParser.parse(MoMLParser.java:1595)
	at ptolemy.moml.MoMLParser.parse(MoMLParser.java:1537)
	at ptolemy.moml.MoMLParser._findOrParse(MoMLParser.java:5286)
	at ptolemy.moml.MoMLParser._attemptToFindMoMLClass(MoMLParser.java:4075)
	at ptolemy.moml.MoMLParser._createEntity(MoMLParser.java:4323)
	... 65 more
Caused by: ptolemy.kernel.util.IllegalActionException: Cannot find class: ptolemy.domains.ptinyos.lib.MicaLeds. In Ptolemy, classes are typically Java .class files. Entities like actors may instead be defined within a .xml file.  In any case, the class was not found. If the class uses a third party package, then the class would be present only if the third party package was found at compile time.  It may be necessary to upgrade Java or install the third party package, reconfigure and recompile.
Because:
-- /home/travis/build/icyphy/ptII/ptolemy/actor/ptalon/demo/ptinyos/SendAndReceiveCnt/ptolemy/domains/ptinyos/lib/MicaLeds.xml (No such file or directory)
-- XML file not found relative to classpath.
-- /home/travis/build/icyphy/ptII/ptolemy/vergil/basic/export/test/ptolemy/domains/ptinyos/lib/MicaLeds.xml
/home/travis/build/icyphy/ptII/ptolemy/vergil/basic/export/test/ptolemy/domains/ptinyos/lib/MicaLeds.xml (No such file or directory)
 in file:/home/travis/build/icyphy/ptII/ptolemy/actor/ptalon/demo/ptinyos/SendAndReceiveCnt/CntToLedsAndRfm.xml at line 132 and column 63
	at ptolemy.moml.MoMLParser._createEntity(MoMLParser.java:4330)
	at ptolemy.moml.MoMLParser.startElement(MoMLParser.java:2864)
	... 77 more
Caused by: com.microstar.xml.XmlException: -- /home/travis/build/icyphy/ptII/ptolemy/actor/ptalon/demo/ptinyos/SendAndReceiveCnt/ptolemy/domains/ptinyos/lib/MicaLeds.xml (No such file or directory)
-- XML file not found relative to classpath.
-- /home/travis/build/icyphy/ptII/ptolemy/vergil/basic/export/test/ptolemy/domains/ptinyos/lib/MicaLeds.xml
/home/travis/build/icyphy/ptII/ptolemy/vergil/basic/export/test/ptolemy/domains/ptinyos/lib/MicaLeds.xml (No such file or directory)
 in file:/home/travis/build/icyphy/ptII/ptolemy/actor/ptalon/demo/ptinyos/SendAndReceiveCnt/CntToLedsAndRfm.xml at line 132 and column 63
	at ptolemy.moml.MoMLParser.fileNameToURL(MoMLParser.java:1414)
	at ptolemy.moml.MoMLParser._findOrParse(MoMLParser.java:5283)
	at ptolemy.moml.MoMLParser._attemptToFindMoMLClass(MoMLParser.java:4075)
	at ptolemy.moml.MoMLParser._createEntity(MoMLParser.java:4323)
	... 78 more
Caused by: ptolemy.actor.ptalon.PtalonRuntimeException: Unable to add actor null
	at ptolemy.actor.ptalon.PtalonEvaluator.addActor(PtalonEvaluator.java:300)
	at ptolemy.actor.ptalon.PtalonPopulator.actor_declaration(PtalonPopulator.java:1574)
	at ptolemy.actor.ptalon.PtalonPopulator.atomic_statement(PtalonPopulator.java:1638)
	at ptolemy.actor.ptalon.PtalonPopulator.iterative_statement_evaluator(PtalonPopulator.java:2484)
	at ptolemy.actor.ptalon.AbstractPtalonEvaluator$IfTree.evaluateForScope(AbstractPtalonEvaluator.java:1307)
	at ptolemy.actor.ptalon.AbstractPtalonEvaluator.evaluateForScope(AbstractPtalonEvaluator.java:744)
	at ptolemy.actor.ptalon.PtalonPopulator.iterative_statement(PtalonPopulator.java:2363)
	at ptolemy.actor.ptalon.PtalonPopulator.actor_definition(PtalonPopulator.java:2809)
	at ptolemy.actor.ptalon.PtalonActor.attributeChanged(PtalonActor.java:206)
	at ptolemy.actor.ptalon.PtalonMLHandler.startElement(PtalonMLHandler.java:134)
	at com.microstar.xml.XmlParser.parseElement(XmlParser.java:921)
	at com.microstar.xml.XmlParser.parseContent(XmlParser.java:1104)
	at com.microstar.xml.XmlParser.parseElement(XmlParser.java:924)
	at com.microstar.xml.XmlParser.parseDocument(XmlParser.java:481)
	at com.microstar.xml.XmlParser.doParse(XmlParser.java:159)
	at com.microstar.xml.XmlParser.parse(XmlParser.java:132)
	at ptolemy.actor.ptalon.PtalonActor.configure(PtalonActor.java:240)
	at ptolemy.moml.MoMLParser.endElement(MoMLParser.java:996)
	at com.microstar.xml.XmlParser.parseETag(XmlParser.java:1026)
	at com.microstar.xml.XmlParser.parseContent(XmlParser.java:1098)
	at com.microstar.xml.XmlParser.parseElement(XmlParser.java:924)
	at com.microstar.xml.XmlParser.parseContent(XmlParser.java:1104)
	at com.microstar.xml.XmlParser.parseElement(XmlParser.java:924)
	at com.microstar.xml.XmlParser.parseContent(XmlParser.java:1104)
	at com.microstar.xml.XmlParser.parseElement(XmlParser.java:924)
	at com.microstar.xml.XmlParser.parseDocument(XmlParser.java:481)
	at com.microstar.xml.XmlParser.doParse(XmlParser.java:159)
	at com.microstar.xml.XmlParser.parse(XmlParser.java:132)
	at ptolemy.moml.MoMLParser.parse(MoMLParser.java:1676)
	at ptolemy.moml.MoMLParser.parse(MoMLParser.java:1595)
	at ptolemy.moml.MoMLParser.parse(MoMLParser.java:1537)
	at ptolemy.actor.gui.PtolemyEffigy$Factory.createEffigy(PtolemyEffigy.java:424)
	at ptolemy.actor.gui.EffigyFactory.createEffigy(EffigyFactory.java:234)
	at ptolemy.actor.gui.Configuration.openModel(Configuration.java:1125)
	at ptolemy.actor.gui.Configuration.openModel(Configuration.java:1051)
	at ptolemy.actor.gui.ConfigurationApplication._openModel(ConfigurationApplication.java:1252)
	at ptolemy.actor.gui.ConfigurationApplication._parseArg(ConfigurationApplication.java:1399)
	at ptolemy.actor.gui.ConfigurationApplication._parseArgs(ConfigurationApplication.java:1478)
	at ptolemy.actor.gui.ConfigurationApplication.<init>(ConfigurationApplication.java:277)
	at ptolemy.actor.gui.ConfigurationApplication.<init>(ConfigurationApplication.java:214)
	at ptolemy.actor.gui.ConfigurationApplication.<init>(ConfigurationApplication.java:201)
	at ptolemy.actor.gui.ConfigurationApplication.openModelOrEntity(ConfigurationApplication.java:680)
	at ptolemy.vergil.basic.export.ExportModel$1.run(ExportModel.java:220)
	at java.awt.event.InvocationEvent.dispatch(InvocationEvent.java:301)
	at java.awt.EventQueue.dispatchEventImpl(EventQueue.java:756)
	at java.awt.EventQueue.access$500(EventQueue.java:97)
	at java.awt.EventQueue$3.run(EventQueue.java:709)
	at java.awt.EventQueue$3.run(EventQueue.java:703)
	at java.security.AccessController.doPrivileged(Native Method)
	at java.security.ProtectionDomain$JavaSecurityAccessImpl.doIntersectionPrivilege(ProtectionDomain.java:80)
	at java.awt.EventQueue.dispatchEvent(EventQueue.java:726)
	at java.awt.EventDispatchThread.pumpOneEventForFilters(EventDispatchThread.java:201)
	at java.awt.EventDispatchThread.pumpEventsForFilter(EventDispatchThread.java:116)
	at java.awt.EventDispatchThread.pumpEventsForHierarchy(EventDispatchThread.java:105)
	at java.awt.EventDispatchThread.pumpEvents(EventDispatchThread.java:101)
	at java.awt.EventDispatchThread.pumpEvents(EventDispatchThread.java:93)
	at java.awt.EventDispatchThread.run(EventDispatchThread.java:82)
Caused by: ptolemy.kernel.util.InternalErrorException: Element <entity name="sender1" class="ptolemy.actor.ptalon.demo.ptinyos.SendAndReceiveCnt.CntToLedsAndRfm"> caused an exception to be thrown.
  in .SendAndReceiveCnt.SendAndReceiveCnt
Because:
Cannot find class: ptolemy.actor.ptalon.demo.ptinyos.SendAndReceiveCnt.CntToLedsAndRfm. In Ptolemy, classes are typically Java .class files. Entities like actors may instead be defined within a .xml file.  In any case, the class was not found. If the class uses a third party package, then the class would be present only if the third party package was found at compile time.  It may be necessary to upgrade Java or install the third party package, reconfigure and recompile.
Because:
Element <entity name="MicaLeds" class="ptolemy.domains.ptinyos.lib.MicaLeds"> caused an exception to be thrown.
  in .CntToLedsAndRfm
Because:
Cannot find class: ptolemy.domains.ptinyos.lib.MicaLeds. In Ptolemy, classes are typically Java .class files. Entities like actors may instead be defined within a .xml file.  In any case, the class was not found. If the class uses a third party package, then the class would be present only if the third party package was found at compile time.  It may be necessary to upgrade Java or install the third party package, reconfigure and recompile.
Because:
-- /home/travis/build/icyphy/ptII/ptolemy/actor/ptalon/demo/ptinyos/SendAndReceiveCnt/ptolemy/domains/ptinyos/lib/MicaLeds.xml (No such file or directory)
-- XML file not found relative to classpath.
-- /home/travis/build/icyphy/ptII/ptolemy/vergil/basic/export/test/ptolemy/domains/ptinyos/lib/MicaLeds.xml
/home/travis/build/icyphy/ptII/ptolemy/vergil/basic/export/test/ptolemy/domains/ptinyos/lib/MicaLeds.xml (No such file or directory)
 in file:/home/travis/build/icyphy/ptII/ptolemy/actor/ptalon/demo/ptinyos/SendAndReceiveCnt/CntToLedsAndRfm.xml at line 132 and column 63
	at ptolemy.moml.SimpleErrorHandler.handleError(SimpleErrorHandler.java:75)
	at ptolemy.moml.MoMLParser.startElement(MoMLParser.java:3805)
	at com.microstar.xml.XmlParser.parseElement(XmlParser.java:931)
	at com.microstar.xml.XmlParser.parseDocument(XmlParser.java:481)
	at com.microstar.xml.XmlParser.doParse(XmlParser.java:159)
	at com.microstar.xml.XmlParser.parse(XmlParser.java:132)
	at ptolemy.moml.MoMLParser.parse(MoMLParser.java:1660)
	at ptolemy.moml.MoMLParser.parse(MoMLParser.java:1617)
	at ptolemy.moml.MoMLParser.parse(MoMLParser.java:1792)
	at ptolemy.actor.ptalon.PtalonEvaluator.addActor(PtalonEvaluator.java:241)
	... 56 more
Caused by: ptolemy.kernel.util.IllegalActionException: Cannot find class: ptolemy.actor.ptalon.demo.ptinyos.SendAndReceiveCnt.CntToLedsAndRfm. In Ptolemy, classes are typically Java .class files. Entities like actors may instead be defined within a .xml file.  In any case, the class was not found. If the class uses a third party package, then the class would be present only if the third party package was found at compile time.  It may be necessary to upgrade Java or install the third party package, reconfigure and recompile.
Because:
Element <entity name="MicaLeds" class="ptolemy.domains.ptinyos.lib.MicaLeds"> caused an exception to be thrown.
  in .CntToLedsAndRfm
Because:
Cannot find class: ptolemy.domains.ptinyos.lib.MicaLeds. In Ptolemy, classes are typically Java .class files. Entities like actors may instead be defined within a .xml file.  In any case, the class was not found. If the class uses a third party package, then the class would be present only if the third party package was found at compile time.  It may be necessary to upgrade Java or install the third party package, reconfigure and recompile.
Because:
-- /home/travis/build/icyphy/ptII/ptolemy/actor/ptalon/demo/ptinyos/SendAndReceiveCnt/ptolemy/domains/ptinyos/lib/MicaLeds.xml (No such file or directory)
-- XML file not found relative to classpath.
-- /home/travis/build/icyphy/ptII/ptolemy/vergil/basic/export/test/ptolemy/domains/ptinyos/lib/MicaLeds.xml
/home/travis/build/icyphy/ptII/ptolemy/vergil/basic/export/test/ptolemy/domains/ptinyos/lib/MicaLeds.xml (No such file or directory)
 in file:/home/travis/build/icyphy/ptII/ptolemy/actor/ptalon/demo/ptinyos/SendAndReceiveCnt/CntToLedsAndRfm.xml at line 132 and column 63
	at ptolemy.moml.MoMLParser._createEntity(MoMLParser.java:4330)
	at ptolemy.moml.MoMLParser.startElement(MoMLParser.java:2864)
	... 64 more
Caused by: ptolemy.kernel.util.InternalErrorException: Element <entity name="MicaLeds" class="ptolemy.domains.ptinyos.lib.MicaLeds"> caused an exception to be thrown.
  in .CntToLedsAndRfm
Because:
Cannot find class: ptolemy.domains.ptinyos.lib.MicaLeds. In Ptolemy, classes are typically Java .class files. Entities like actors may instead be defined within a .xml file.  In any case, the class was not found. If the class uses a third party package, then the class would be present only if the third party package was found at compile time.  It may be necessary to upgrade Java or install the third party package, reconfigure and recompile.
Because:
-- /home/travis/build/icyphy/ptII/ptolemy/actor/ptalon/demo/ptinyos/SendAndReceiveCnt/ptolemy/domains/ptinyos/lib/MicaLeds.xml (No such file or directory)
-- XML file not found relative to classpath.
-- /home/travis/build/icyphy/ptII/ptolemy/vergil/basic/export/test/ptolemy/domains/ptinyos/lib/MicaLeds.xml
/home/travis/build/icyphy/ptII/ptolemy/vergil/basic/export/test/ptolemy/domains/ptinyos/lib/MicaLeds.xml (No such file or directory)
 in file:/home/travis/build/icyphy/ptII/ptolemy/actor/ptalon/demo/ptinyos/SendAndReceiveCnt/CntToLedsAndRfm.xml at line 132 and column 63
	at ptolemy.moml.SimpleErrorHandler.handleError(SimpleErrorHandler.java:75)
	at ptolemy.moml.MoMLParser.startElement(MoMLParser.java:3805)
	at com.microstar.xml.XmlParser.parseElement(XmlParser.java:921)
	at com.microstar.xml.XmlParser.parseContent(XmlParser.java:1104)
	at com.microstar.xml.XmlParser.parseElement(XmlParser.java:924)
	at com.microstar.xml.XmlParser.parseDocument(XmlParser.java:481)
	at com.microstar.xml.XmlParser.doParse(XmlParser.java:159)
	at com.microstar.xml.XmlParser.parse(XmlParser.java:132)
	at ptolemy.moml.MoMLParser.parse(MoMLParser.java:1676)
	at ptolemy.moml.MoMLParser.parse(MoMLParser.java:1595)
	at ptolemy.moml.MoMLParser.parse(MoMLParser.java:1537)
	at ptolemy.moml.MoMLParser._findOrParse(MoMLParser.java:5286)
	at ptolemy.moml.MoMLParser._attemptToFindMoMLClass(MoMLParser.java:4075)
	at ptolemy.moml.MoMLParser._createEntity(MoMLParser.java:4323)
	... 65 more
Caused by: ptolemy.kernel.util.IllegalActionException: Cannot find class: ptolemy.domains.ptinyos.lib.MicaLeds. In Ptolemy, classes are typically Java .class files. Entities like actors may instead be defined within a .xml file.  In any case, the class was not found. If the class uses a third party package, then the class would be present only if the third party package was found at compile time.  It may be necessary to upgrade Java or install the third party package, reconfigure and recompile.
Because:
-- /home/travis/build/icyphy/ptII/ptolemy/actor/ptalon/demo/ptinyos/SendAndReceiveCnt/ptolemy/domains/ptinyos/lib/MicaLeds.xml (No such file or directory)
-- XML file not found relative to classpath.
-- /home/travis/build/icyphy/ptII/ptolemy/vergil/basic/export/test/ptolemy/domains/ptinyos/lib/MicaLeds.xml
/home/travis/build/icyphy/ptII/ptolemy/vergil/basic/export/test/ptolemy/domains/ptinyos/lib/MicaLeds.xml (No such file or directory)
 in file:/home/travis/build/icyphy/ptII/ptolemy/actor/ptalon/demo/ptinyos/SendAndReceiveCnt/CntToLedsAndRfm.xml at line 132 and column 63
	at ptolemy.moml.MoMLParser._createEntity(MoMLParser.java:4330)
	at ptolemy.moml.MoMLParser.startElement(MoMLParser.java:2864)
	... 77 more
Caused by: com.microstar.xml.XmlException: -- /home/travis/build/icyphy/ptII/ptolemy/actor/ptalon/demo/ptinyos/SendAndReceiveCnt/ptolemy/domains/ptinyos/lib/MicaLeds.xml (No such file or directory)
-- XML file not found relative to classpath.
-- /home/travis/build/icyphy/ptII/ptolemy/vergil/basic/export/test/ptolemy/domains/ptinyos/lib/MicaLeds.xml
/home/travis/build/icyphy/ptII/ptolemy/vergil/basic/export/test/ptolemy/domains/ptinyos/lib/MicaLeds.xml (No such file or directory)
 in file:/home/travis/build/icyphy/ptII/ptolemy/actor/ptalon/demo/ptinyos/SendAndReceiveCnt/CntToLedsAndRfm.xml at line 132 and column 63
	at ptolemy.moml.MoMLParser.fileNameToURL(MoMLParser.java:1414)
	at ptolemy.moml.MoMLParser._findOrParse(MoMLParser.java:5283)
	at ptolemy.moml.MoMLParser._attemptToFindMoMLClass(MoMLParser.java:4075)
	at ptolemy.moml.MoMLParser._createEntity(MoMLParser.java:4323)
	... 78 more
Failed to read file:/home/travis/build/icyphy/ptII/ptolemy/actor/ptalon/demo/ptinyos/SendAndReceiveCnt/SendAndReceiveCnt.xml
ptolemy.kernel.util.IllegalActionException: Failed to process attribute change to PtalonParameter, whose value is "ptolemy.actor.ptalon.PtalonExpressionParameter {.SendAndReceiveCnt.SendAndReceiveCnt.channelName} "AtomicWirelessChannel"".
  in .SendAndReceiveCnt.SendAndReceiveCnt
Because:
Unable to add actor null
	at ptolemy.actor.ptalon.PtalonActor.attributeChanged(PtalonActor.java:211)
	at ptolemy.actor.ptalon.PtalonMLHandler.startElement(PtalonMLHandler.java:134)
	at com.microstar.xml.XmlParser.parseElement(XmlParser.java:921)
	at com.microstar.xml.XmlParser.parseContent(XmlParser.java:1104)
	at com.microstar.xml.XmlParser.parseElement(XmlParser.java:924)
	at com.microstar.xml.XmlParser.parseDocument(XmlParser.java:481)
	at com.microstar.xml.XmlParser.doParse(XmlParser.java:159)
	at com.microstar.xml.XmlParser.parse(XmlParser.java:132)
	at ptolemy.actor.ptalon.PtalonActor.configure(PtalonActor.java:240)
	at ptolemy.moml.MoMLParser.endElement(MoMLParser.java:996)
	at com.microstar.xml.XmlParser.parseETag(XmlParser.java:1026)
	at com.microstar.xml.XmlParser.parseContent(XmlParser.java:1098)
	at com.microstar.xml.XmlParser.parseElement(XmlParser.java:924)
	at com.microstar.xml.XmlParser.parseContent(XmlParser.java:1104)
	at com.microstar.xml.XmlParser.parseElement(XmlParser.java:924)
	at com.microstar.xml.XmlParser.parseContent(XmlParser.java:1104)
	at com.microstar.xml.XmlParser.parseElement(XmlParser.java:924)
	at com.microstar.xml.XmlParser.parseDocument(XmlParser.java:481)
	at com.microstar.xml.XmlParser.doParse(XmlParser.java:159)
	at com.microstar.xml.XmlParser.parse(XmlParser.java:132)
	at ptolemy.moml.MoMLParser.parse(MoMLParser.java:1676)
	at ptolemy.moml.MoMLParser.parse(MoMLParser.java:1595)
	at ptolemy.moml.MoMLParser.parse(MoMLParser.java:1537)
	at ptolemy.actor.gui.PtolemyEffigy$Factory.createEffigy(PtolemyEffigy.java:424)
	at ptolemy.actor.gui.EffigyFactory.createEffigy(EffigyFactory.java:234)
	at ptolemy.actor.gui.Configuration.openModel(Configuration.java:1125)
	at ptolemy.actor.gui.Configuration.openModel(Configuration.java:1051)
	at ptolemy.actor.gui.ConfigurationApplication._openModel(ConfigurationApplication.java:1252)
	at ptolemy.actor.gui.ConfigurationApplication._parseArg(ConfigurationApplication.java:1399)
	at ptolemy.actor.gui.ConfigurationApplication._parseArgs(ConfigurationApplication.java:1478)
	at ptolemy.actor.gui.ConfigurationApplication.<init>(ConfigurationApplication.java:277)
	at ptolemy.actor.gui.ConfigurationApplication.<init>(ConfigurationApplication.java:214)
	at ptolemy.actor.gui.ConfigurationApplication.<init>(ConfigurationApplication.java:201)
	at ptolemy.actor.gui.ConfigurationApplication.openModelOrEntity(ConfigurationApplication.java:680)
	at ptolemy.vergil.basic.export.ExportModel$1.run(ExportModel.java:220)
	at java.awt.event.InvocationEvent.dispatch(InvocationEvent.java:301)
	at java.awt.EventQueue.dispatchEventImpl(EventQueue.java:756)
	at java.awt.EventQueue.access$500(EventQueue.java:97)
	at java.awt.EventQueue$3.run(EventQueue.java:709)
	at java.awt.EventQueue$3.run(EventQueue.java:703)
	at java.security.AccessController.doPrivileged(Native Method)
	at java.security.ProtectionDomain$JavaSecurityAccessImpl.doIntersectionPrivilege(ProtectionDomain.java:80)
	at java.awt.EventQueue.dispatchEvent(EventQueue.java:726)
	at java.awt.EventDispatchThread.pumpOneEventForFilters(EventDispatchThread.java:201)
	at java.awt.EventDispatchThread.pumpEventsForFilter(EventDispatchThread.java:116)
	at java.awt.EventDispatchThread.pumpEventsForHierarchy(EventDispatchThread.java:105)
	at java.awt.EventDispatchThread.pumpEvents(EventDispatchThread.java:101)
	at java.awt.EventDispatchThread.pumpEvents(EventDispatchThread.java:93)
	at java.awt.EventDispatchThread.run(EventDispatchThread.java:82)
Caused by: ptolemy.actor.ptalon.PtalonRuntimeException: Unable to add actor null
	at ptolemy.actor.ptalon.PtalonEvaluator.addActor(PtalonEvaluator.java:300)
	at ptolemy.actor.ptalon.PtalonPopulator.actor_declaration(PtalonPopulator.java:1574)
	at ptolemy.actor.ptalon.PtalonPopulator.atomic_statement(PtalonPopulator.java:1638)
	at ptolemy.actor.ptalon.PtalonPopulator.iterative_statement_evaluator(PtalonPopulator.java:2484)
	at ptolemy.actor.ptalon.AbstractPtalonEvaluator$IfTree.evaluateForScope(AbstractPtalonEvaluator.java:1307)
	at ptolemy.actor.ptalon.AbstractPtalonEvaluator.evaluateForScope(AbstractPtalonEvaluator.java:744)
	at ptolemy.actor.ptalon.PtalonPopulator.iterative_statement(PtalonPopulator.java:2363)
	at ptolemy.actor.ptalon.PtalonPopulator.actor_definition(PtalonPopulator.java:2809)
	at ptolemy.actor.ptalon.PtalonActor.attributeChanged(PtalonActor.java:206)
	... 48 more
Caused by: ptolemy.kernel.util.InternalErrorException: Element <entity name="sender1" class="ptolemy.actor.ptalon.demo.ptinyos.SendAndReceiveCnt.CntToLedsAndRfm"> caused an exception to be thrown.
  in .SendAndReceiveCnt.SendAndReceiveCnt
Because:
Cannot find class: ptolemy.actor.ptalon.demo.ptinyos.SendAndReceiveCnt.CntToLedsAndRfm. In Ptolemy, classes are typically Java .class files. Entities like actors may instead be defined within a .xml file.  In any case, the class was not found. If the class uses a third party package, then the class would be present only if the third party package was found at compile time.  It may be necessary to upgrade Java or install the third party package, reconfigure and recompile.
Because:
Element <entity name="MicaLeds" class="ptolemy.domains.ptinyos.lib.MicaLeds"> caused an exception to be thrown.
  in .CntToLedsAndRfm
Because:
Cannot find class: ptolemy.domains.ptinyos.lib.MicaLeds. In Ptolemy, classes are typically Java .class files. Entities like actors may instead be defined within a .xml file.  In any case, the class was not found. If the class uses a third party package, then the class would be present only if the third party package was found at compile time.  It may be necessary to upgrade Java or install the third party package, reconfigure and recompile.
Because:
-- /home/travis/build/icyphy/ptII/ptolemy/actor/ptalon/demo/ptinyos/SendAndReceiveCnt/ptolemy/domains/ptinyos/lib/MicaLeds.xml (No such file or directory)
-- XML file not found relative to classpath.
-- /home/travis/build/icyphy/ptII/ptolemy/vergil/basic/export/test/ptolemy/domains/ptinyos/lib/MicaLeds.xml
/home/travis/build/icyphy/ptII/ptolemy/vergil/basic/export/test/ptolemy/domains/ptinyos/lib/MicaLeds.xml (No such file or directory)
 in file:/home/travis/build/icyphy/ptII/ptolemy/actor/ptalon/demo/ptinyos/SendAndReceiveCnt/CntToLedsAndRfm.xml at line 132 and column 63
	at ptolemy.moml.SimpleErrorHandler.handleError(SimpleErrorHandler.java:75)
	at ptolemy.moml.MoMLParser.startElement(MoMLParser.java:3805)
	at com.microstar.xml.XmlParser.parseElement(XmlParser.java:931)
	at com.microstar.xml.XmlParser.parseDocument(XmlParser.java:481)
	at com.microstar.xml.XmlParser.doParse(XmlParser.java:159)
	at com.microstar.xml.XmlParser.parse(XmlParser.java:132)
	at ptolemy.moml.MoMLParser.parse(MoMLParser.java:1660)
	at ptolemy.moml.MoMLParser.parse(MoMLParser.java:1617)
	at ptolemy.moml.MoMLParser.parse(MoMLParser.java:1792)
	at ptolemy.actor.ptalon.PtalonEvaluator.addActor(PtalonEvaluator.java:241)
	... 56 more
Caused by: ptolemy.kernel.util.IllegalActionException: Cannot find class: ptolemy.actor.ptalon.demo.ptinyos.SendAndReceiveCnt.CntToLedsAndRfm. In Ptolemy, classes are typically Java .class files. Entities like actors may instead be defined within a .xml file.  In any case, the class was not found. If the class uses a third party package, then the class would be present only if the third party package was found at compile time.  It may be necessary to upgrade Java or install the third party package, reconfigure and recompile.
Because:
Element <entity name="MicaLeds" class="ptolemy.domains.ptinyos.lib.MicaLeds"> caused an exception to be thrown.
  in .CntToLedsAndRfm
Because:
Cannot find class: ptolemy.domains.ptinyos.lib.MicaLeds. In Ptolemy, classes are typically Java .class files. Entities like actors may instead be defined within a .xml file.  In any case, the class was not found. If the class uses a third party package, then the class would be present only if the third party package was found at compile time.  It may be necessary to upgrade Java or install the third party package, reconfigure and recompile.
Because:
-- /home/travis/build/icyphy/ptII/ptolemy/actor/ptalon/demo/ptinyos/SendAndReceiveCnt/ptolemy/domains/ptinyos/lib/MicaLeds.xml (No such file or directory)
-- XML file not found relative to classpath.
-- /home/travis/build/icyphy/ptII/ptolemy/vergil/basic/export/test/ptolemy/domains/ptinyos/lib/MicaLeds.xml
/home/travis/build/icyphy/ptII/ptolemy/vergil/basic/export/test/ptolemy/domains/ptinyos/lib/MicaLeds.xml (No such file or directory)
 in file:/home/travis/build/icyphy/ptII/ptolemy/actor/ptalon/demo/ptinyos/SendAndReceiveCnt/CntToLedsAndRfm.xml at line 132 and column 63
	at ptolemy.moml.MoMLParser._createEntity(MoMLParser.java:4330)
	at ptolemy.moml.MoMLParser.startElement(MoMLParser.java:2864)
	... 64 more
Caused by: ptolemy.kernel.util.InternalErrorException: Element <entity name="MicaLeds" class="ptolemy.domains.ptinyos.lib.MicaLeds"> caused an exception to be thrown.
  in .CntToLedsAndRfm
Because:
Cannot find class: ptolemy.domains.ptinyos.lib.MicaLeds. In Ptolemy, classes are typically Java .class files. Entities like actors may instead be defined within a .xml file.  In any case, the class was not found. If the class uses a third party package, then the class would be present only if the third party package was found at compile time.  It may be necessary to upgrade Java or install the third party package, reconfigure and recompile.
Because:
-- /home/travis/build/icyphy/ptII/ptolemy/actor/ptalon/demo/ptinyos/SendAndReceiveCnt/ptolemy/domains/ptinyos/lib/MicaLeds.xml (No such file or directory)
-- XML file not found relative to classpath.
-- /home/travis/build/icyphy/ptII/ptolemy/vergil/basic/export/test/ptolemy/domains/ptinyos/lib/MicaLeds.xml
/home/travis/build/icyphy/ptII/ptolemy/vergil/basic/export/test/ptolemy/domains/ptinyos/lib/MicaLeds.xml (No such file or directory)
 in file:/home/travis/build/icyphy/ptII/ptolemy/actor/ptalon/demo/ptinyos/SendAndReceiveCnt/CntToLedsAndRfm.xml at line 132 and column 63
	at ptolemy.moml.SimpleErrorHandler.handleError(SimpleErrorHandler.java:75)
	at ptolemy.moml.MoMLParser.startElement(MoMLParser.java:3805)
	at com.microstar.xml.XmlParser.parseElement(XmlParser.java:921)
	at com.microstar.xml.XmlParser.parseContent(XmlParser.java:1104)
	at com.microstar.xml.XmlParser.parseElement(XmlParser.java:924)
	at com.microstar.xml.XmlParser.parseDocument(XmlParser.java:481)
	at com.microstar.xml.XmlParser.doParse(XmlParser.java:159)
	at com.microstar.xml.XmlParser.parse(XmlParser.java:132)
	at ptolemy.moml.MoMLParser.parse(MoMLParser.java:1676)
	at ptolemy.moml.MoMLParser.parse(MoMLParser.java:1595)
	at ptolemy.moml.MoMLParser.parse(MoMLParser.java:1537)
	at ptolemy.moml.MoMLParser._findOrParse(MoMLParser.java:5286)
	at ptolemy.moml.MoMLParser._attemptToFindMoMLClass(MoMLParser.java:4075)
	at ptolemy.moml.MoMLParser._createEntity(MoMLParser.java:4323)
	... 65 more
Caused by: ptolemy.kernel.util.IllegalActionException: Cannot find class: ptolemy.domains.ptinyos.lib.MicaLeds. In Ptolemy, classes are typically Java .class files. Entities like actors may instead be defined within a .xml file.  In any case, the class was not found. If the class uses a third party package, then the class would be present only if the third party package was found at compile time.  It may be necessary to upgrade Java or install the third party package, reconfigure and recompile.
Because:
-- /home/travis/build/icyphy/ptII/ptolemy/actor/ptalon/demo/ptinyos/SendAndReceiveCnt/ptolemy/domains/ptinyos/lib/MicaLeds.xml (No such file or directory)
-- XML file not found relative to classpath.
-- /home/travis/build/icyphy/ptII/ptolemy/vergil/basic/export/test/ptolemy/domains/ptinyos/lib/MicaLeds.xml
/home/travis/build/icyphy/ptII/ptolemy/vergil/basic/export/test/ptolemy/domains/ptinyos/lib/MicaLeds.xml (No such file or directory)
 in file:/home/travis/build/icyphy/ptII/ptolemy/actor/ptalon/demo/ptinyos/SendAndReceiveCnt/CntToLedsAndRfm.xml at line 132 and column 63
	at ptolemy.moml.MoMLParser._createEntity(MoMLParser.java:4330)
	at ptolemy.moml.MoMLParser.startElement(MoMLParser.java:2864)
	... 77 more
Caused by: com.microstar.xml.XmlException: -- /home/travis/build/icyphy/ptII/ptolemy/actor/ptalon/demo/ptinyos/SendAndReceiveCnt/ptolemy/domains/ptinyos/lib/MicaLeds.xml (No such file or directory)
-- XML file not found relative to classpath.
-- /home/travis/build/icyphy/ptII/ptolemy/vergil/basic/export/test/ptolemy/domains/ptinyos/lib/MicaLeds.xml
/home/travis/build/icyphy/ptII/ptolemy/vergil/basic/export/test/ptolemy/domains/ptinyos/lib/MicaLeds.xml (No such file or directory)
 in file:/home/travis/build/icyphy/ptII/ptolemy/actor/ptalon/demo/ptinyos/SendAndReceiveCnt/CntToLedsAndRfm.xml at line 132 and column 63
	at ptolemy.moml.MoMLParser.fileNameToURL(MoMLParser.java:1414)
	at ptolemy.moml.MoMLParser._findOrParse(MoMLParser.java:5283)
	at ptolemy.moml.MoMLParser._attemptToFindMoMLClass(MoMLParser.java:4075)
	at ptolemy.moml.MoMLParser._createEntity(MoMLParser.java:4323)
	... 78 more
Caused by: ptolemy.actor.ptalon.PtalonRuntimeException: Unable to add actor null
	at ptolemy.actor.ptalon.PtalonEvaluator.addActor(PtalonEvaluator.java:300)
	at ptolemy.actor.ptalon.PtalonPopulator.actor_declaration(PtalonPopulator.java:1574)
	at ptolemy.actor.ptalon.PtalonPopulator.atomic_statement(PtalonPopulator.java:1638)
	at ptolemy.actor.ptalon.PtalonPopulator.iterative_statement_evaluator(PtalonPopulator.java:2484)
	at ptolemy.actor.ptalon.AbstractPtalonEvaluator$IfTree.evaluateForScope(AbstractPtalonEvaluator.java:1307)
	at ptolemy.actor.ptalon.AbstractPtalonEvaluator.evaluateForScope(AbstractPtalonEvaluator.java:744)
	at ptolemy.actor.ptalon.PtalonPopulator.iterative_statement(PtalonPopulator.java:2363)
	at ptolemy.actor.ptalon.PtalonPopulator.actor_definition(PtalonPopulator.java:2809)
	at ptolemy.actor.ptalon.PtalonActor.attributeChanged(PtalonActor.java:206)
	at ptolemy.actor.ptalon.PtalonMLHandler.startElement(PtalonMLHandler.java:134)
	at com.microstar.xml.XmlParser.parseElement(XmlParser.java:921)
	at com.microstar.xml.XmlParser.parseContent(XmlParser.java:1104)
	at com.microstar.xml.XmlParser.parseElement(XmlParser.java:924)
	at com.microstar.xml.XmlParser.parseDocument(XmlParser.java:481)
	at com.microstar.xml.XmlParser.doParse(XmlParser.java:159)
	at com.microstar.xml.XmlParser.parse(XmlParser.java:132)
	at ptolemy.actor.ptalon.PtalonActor.configure(PtalonActor.java:240)
	at ptolemy.moml.MoMLParser.endElement(MoMLParser.java:996)
	at com.microstar.xml.XmlParser.parseETag(XmlParser.java:1026)
	at com.microstar.xml.XmlParser.parseContent(XmlParser.java:1098)
	at com.microstar.xml.XmlParser.parseElement(XmlParser.java:924)
	at com.microstar.xml.XmlParser.parseContent(XmlParser.java:1104)
	at com.microstar.xml.XmlParser.parseElement(XmlParser.java:924)
	at com.microstar.xml.XmlParser.parseContent(XmlParser.java:1104)
	at com.microstar.xml.XmlParser.parseElement(XmlParser.java:924)
	at com.microstar.xml.XmlParser.parseDocument(XmlParser.java:481)
	at com.microstar.xml.XmlParser.doParse(XmlParser.java:159)
	at com.microstar.xml.XmlParser.parse(XmlParser.java:132)
	at ptolemy.moml.MoMLParser.parse(MoMLParser.java:1676)
	at ptolemy.moml.MoMLParser.parse(MoMLParser.java:1595)
	at ptolemy.moml.MoMLParser.parse(MoMLParser.java:1537)
	at ptolemy.actor.gui.PtolemyEffigy$Factory.createEffigy(PtolemyEffigy.java:424)
	at ptolemy.actor.gui.EffigyFactory.createEffigy(EffigyFactory.java:234)
	at ptolemy.actor.gui.Configuration.openModel(Configuration.java:1125)
	at ptolemy.actor.gui.Configuration.openModel(Configuration.java:1051)
	at ptolemy.actor.gui.ConfigurationApplication._openModel(ConfigurationApplication.java:1252)
	at ptolemy.actor.gui.ConfigurationApplication._parseArg(ConfigurationApplication.java:1399)
	at ptolemy.actor.gui.ConfigurationApplication._parseArgs(ConfigurationApplication.java:1478)
	at ptolemy.actor.gui.ConfigurationApplication.<init>(ConfigurationApplication.java:277)
	at ptolemy.actor.gui.ConfigurationApplication.<init>(ConfigurationApplication.java:214)
	at ptolemy.actor.gui.ConfigurationApplication.<init>(ConfigurationApplication.java:201)
	at ptolemy.actor.gui.ConfigurationApplication.openModelOrEntity(ConfigurationApplication.java:680)
	at ptolemy.vergil.basic.export.ExportModel$1.run(ExportModel.java:220)
	at java.awt.event.InvocationEvent.dispatch(InvocationEvent.java:301)
	at java.awt.EventQueue.dispatchEventImpl(EventQueue.java:756)
	at java.awt.EventQueue.access$500(EventQueue.java:97)
	at java.awt.EventQueue$3.run(EventQueue.java:709)
	at java.awt.EventQueue$3.run(EventQueue.java:703)
	at java.security.AccessController.doPrivileged(Native Method)
	at java.security.ProtectionDomain$JavaSecurityAccessImpl.doIntersectionPrivilege(ProtectionDomain.java:80)
	at java.awt.EventQueue.dispatchEvent(EventQueue.java:726)
	at java.awt.EventDispatchThread.pumpOneEventForFilters(EventDispatchThread.java:201)
	at java.awt.EventDispatchThread.pumpEventsForFilter(EventDispatchThread.java:116)
	at java.awt.EventDispatchThread.pumpEventsForHierarchy(EventDispatchThread.java:105)
	at java.awt.EventDispatchThread.pumpEvents(EventDispatchThread.java:101)
	at java.awt.EventDispatchThread.pumpEvents(EventDispatchThread.java:93)
	at java.awt.EventDispatchThread.run(EventDispatchThread.java:82)
Caused by: ptolemy.kernel.util.InternalErrorException: Element <entity name="sender1" class="ptolemy.actor.ptalon.demo.ptinyos.SendAndReceiveCnt.CntToLedsAndRfm"> caused an exception to be thrown.
  in .SendAndReceiveCnt.SendAndReceiveCnt
Because:
Cannot find class: ptolemy.actor.ptalon.demo.ptinyos.SendAndReceiveCnt.CntToLedsAndRfm. In Ptolemy, classes are typically Java .class files. Entities like actors may instead be defined within a .xml file.  In any case, the class was not found. If the class uses a third party package, then the class would be present only if the third party package was found at compile time.  It may be necessary to upgrade Java or install the third party package, reconfigure and recompile.
Because:
Element <entity name="MicaLeds" class="ptolemy.domains.ptinyos.lib.MicaLeds"> caused an exception to be thrown.
  in .CntToLedsAndRfm
Because:
Cannot find class: ptolemy.domains.ptinyos.lib.MicaLeds. In Ptolemy, classes are typically Java .class files. Entities like actors may instead be defined within a .xml file.  In any case, the class was not found. If the class uses a third party package, then the class would be present only if the third party package was found at compile time.  It may be necessary to upgrade Java or install the third party package, reconfigure and recompile.
Because:
-- /home/travis/build/icyphy/ptII/ptolemy/actor/ptalon/demo/ptinyos/SendAndReceiveCnt/ptolemy/domains/ptinyos/lib/MicaLeds.xml (No such file or directory)
-- XML file not found relative to classpath.
-- /home/travis/build/icyphy/ptII/ptolemy/vergil/basic/export/test/ptolemy/domains/ptinyos/lib/MicaLeds.xml
/home/travis/build/icyphy/ptII/ptolemy/vergil/basic/export/test/ptolemy/domains/ptinyos/lib/MicaLeds.xml (No such file or directory)
 in file:/home/travis/build/icyphy/ptII/ptolemy/actor/ptalon/demo/ptinyos/SendAndReceiveCnt/CntToLedsAndRfm.xml at line 132 and column 63
	at ptolemy.moml.SimpleErrorHandler.handleError(SimpleErrorHandler.java:75)
	at ptolemy.moml.MoMLParser.startElement(MoMLParser.java:3805)
	at com.microstar.xml.XmlParser.parseElement(XmlParser.java:931)
	at com.microstar.xml.XmlParser.parseDocument(XmlParser.java:481)
	at com.microstar.xml.XmlParser.doParse(XmlParser.java:159)
	at com.microstar.xml.XmlParser.parse(XmlParser.java:132)
	at ptolemy.moml.MoMLParser.parse(MoMLParser.java:1660)
	at ptolemy.moml.MoMLParser.parse(MoMLParser.java:1617)
	at ptolemy.moml.MoMLParser.parse(MoMLParser.java:1792)
	at ptolemy.actor.ptalon.PtalonEvaluator.addActor(PtalonEvaluator.java:241)
	... 56 more
Caused by: ptolemy.kernel.util.IllegalActionException: Cannot find class: ptolemy.actor.ptalon.demo.ptinyos.SendAndReceiveCnt.CntToLedsAndRfm. In Ptolemy, classes are typically Java .class files. Entities like actors may instead be defined within a .xml file.  In any case, the class was not found. If the class uses a third party package, then the class would be present only if the third party package was found at compile time.  It may be necessary to upgrade Java or install the third party package, reconfigure and recompile.
Because:
Element <entity name="MicaLeds" class="ptolemy.domains.ptinyos.lib.MicaLeds"> caused an exception to be thrown.
  in .CntToLedsAndRfm
Because:
Cannot find class: ptolemy.domains.ptinyos.lib.MicaLeds. In Ptolemy, classes are typically Java .class files. Entities like actors may instead be defined within a .xml file.  In any case, the class was not found. If the class uses a third party package, then the class would be present only if the third party package was found at compile time.  It may be necessary to upgrade Java or install the third party package, reconfigure and recompile.
Because:
-- /home/travis/build/icyphy/ptII/ptolemy/actor/ptalon/demo/ptinyos/SendAndReceiveCnt/ptolemy/domains/ptinyos/lib/MicaLeds.xml (No such file or directory)
-- XML file not found relative to classpath.
-- /home/travis/build/icyphy/ptII/ptolemy/vergil/basic/export/test/ptolemy/domains/ptinyos/lib/MicaLeds.xml
/home/travis/build/icyphy/ptII/ptolemy/vergil/basic/export/test/ptolemy/domains/ptinyos/lib/MicaLeds.xml (No such file or directory)
 in file:/home/travis/build/icyphy/ptII/ptolemy/actor/ptalon/demo/ptinyos/SendAndReceiveCnt/CntToLedsAndRfm.xml at line 132 and column 63
	at ptolemy.moml.MoMLParser._createEntity(MoMLParser.java:4330)
	at ptolemy.moml.MoMLParser.startElement(MoMLParser.java:2864)
	... 64 more
Caused by: ptolemy.kernel.util.InternalErrorException: Element <entity name="MicaLeds" class="ptolemy.domains.ptinyos.lib.MicaLeds"> caused an exception to be thrown.
  in .CntToLedsAndRfm
Because:
Cannot find class: ptolemy.domains.ptinyos.lib.MicaLeds. In Ptolemy, classes are typically Java .class files. Entities like actors may instead be defined within a .xml file.  In any case, the class was not found. If the class uses a third party package, then the class would be present only if the third party package was found at compile time.  It may be necessary to upgrade Java or install the third party package, reconfigure and recompile.
Because:
-- /home/travis/build/icyphy/ptII/ptolemy/actor/ptalon/demo/ptinyos/SendAndReceiveCnt/ptolemy/domains/ptinyos/lib/MicaLeds.xml (No such file or directory)
-- XML file not found relative to classpath.
-- /home/travis/build/icyphy/ptII/ptolemy/vergil/basic/export/test/ptolemy/domains/ptinyos/lib/MicaLeds.xml
/home/travis/build/icyphy/ptII/ptolemy/vergil/basic/export/test/ptolemy/domains/ptinyos/lib/MicaLeds.xml (No such file or directory)
 in file:/home/travis/build/icyphy/ptII/ptolemy/actor/ptalon/demo/ptinyos/SendAndReceiveCnt/CntToLedsAndRfm.xml at line 132 and column 63
	at ptolemy.moml.SimpleErrorHandler.handleError(SimpleErrorHandler.java:75)
	at ptolemy.moml.MoMLParser.startElement(MoMLParser.java:3805)
	at com.microstar.xml.XmlParser.parseElement(XmlParser.java:921)
	at com.microstar.xml.XmlParser.parseContent(XmlParser.java:1104)
	at com.microstar.xml.XmlParser.parseElement(XmlParser.java:924)
	at com.microstar.xml.XmlParser.parseDocument(XmlParser.java:481)
	at com.microstar.xml.XmlParser.doParse(XmlParser.java:159)
	at com.microstar.xml.XmlParser.parse(XmlParser.java:132)
	at ptolemy.moml.MoMLParser.parse(MoMLParser.java:1676)
	at ptolemy.moml.MoMLParser.parse(MoMLParser.java:1595)
	at ptolemy.moml.MoMLParser.parse(MoMLParser.java:1537)
	at ptolemy.moml.MoMLParser._findOrParse(MoMLParser.java:5286)
	at ptolemy.moml.MoMLParser._attemptToFindMoMLClass(MoMLParser.java:4075)
	at ptolemy.moml.MoMLParser._createEntity(MoMLParser.java:4323)
	... 65 more
Caused by: ptolemy.kernel.util.IllegalActionException: Cannot find class: ptolemy.domains.ptinyos.lib.MicaLeds. In Ptolemy, classes are typically Java .class files. Entities like actors may instead be defined within a .xml file.  In any case, the class was not found. If the class uses a third party package, then the class would be present only if the third party package was found at compile time.  It may be necessary to upgrade Java or install the third party package, reconfigure and recompile.
Because:
-- /home/travis/build/icyphy/ptII/ptolemy/actor/ptalon/demo/ptinyos/SendAndReceiveCnt/ptolemy/domains/ptinyos/lib/MicaLeds.xml (No such file or directory)
-- XML file not found relative to classpath.
-- /home/travis/build/icyphy/ptII/ptolemy/vergil/basic/export/test/ptolemy/domains/ptinyos/lib/MicaLeds.xml
/home/travis/build/icyphy/ptII/ptolemy/vergil/basic/export/test/ptolemy/domains/ptinyos/lib/MicaLeds.xml (No such file or directory)
 in file:/home/travis/build/icyphy/ptII/ptolemy/actor/ptalon/demo/ptinyos/SendAndReceiveCnt/CntToLedsAndRfm.xml at line 132 and column 63
	at ptolemy.moml.MoMLParser._createEntity(MoMLParser.java:4330)
	at ptolemy.moml.MoMLParser.startElement(MoMLParser.java:2864)
	... 77 more
Caused by: com.microstar.xml.XmlException: -- /home/travis/build/icyphy/ptII/ptolemy/actor/ptalon/demo/ptinyos/SendAndReceiveCnt/ptolemy/domains/ptinyos/lib/MicaLeds.xml (No such file or directory)
-- XML file not found relative to classpath.
-- /home/travis/build/icyphy/ptII/ptolemy/vergil/basic/export/test/ptolemy/domains/ptinyos/lib/MicaLeds.xml
/home/travis/build/icyphy/ptII/ptolemy/vergil/basic/export/test/ptolemy/domains/ptinyos/lib/MicaLeds.xml (No such file or directory)
 in file:/home/travis/build/icyphy/ptII/ptolemy/actor/ptalon/demo/ptinyos/SendAndReceiveCnt/CntToLedsAndRfm.xml at line 132 and column 63
	at ptolemy.moml.MoMLParser.fileNameToURL(MoMLParser.java:1414)
	at ptolemy.moml.MoMLParser._findOrParse(MoMLParser.java:5283)
	at ptolemy.moml.MoMLParser._attemptToFindMoMLClass(MoMLParser.java:4075)
	at ptolemy.moml.MoMLParser._createEntity(MoMLParser.java:4323)
	... 78 more
ptolemy.kernel.util.InternalErrorException: Failed to get the model directory? This can happen in a headless environment when the model attempts to interact with the graphical display.  It can also happen when the model fails to parse because of a missing class.
	at ptolemy.actor.gui.ConfigurationApplication.models(ConfigurationApplication.java:548)
	at ptolemy.actor.gui.ConfigurationApplication.openModelOrEntity(ConfigurationApplication.java:698)
	at ptolemy.vergil.basic.export.ExportModel$1.run(ExportModel.java:220)
	at java.awt.event.InvocationEvent.dispatch(InvocationEvent.java:301)
	at java.awt.EventQueue.dispatchEventImpl(EventQueue.java:756)
	at java.awt.EventQueue.access$500(EventQueue.java:97)
	at java.awt.EventQueue$3.run(EventQueue.java:709)
	at java.awt.EventQueue$3.run(EventQueue.java:703)
	at java.security.AccessController.doPrivileged(Native Method)
	at java.security.ProtectionDomain$JavaSecurityAccessImpl.doIntersectionPrivilege(ProtectionDomain.java:80)
	at java.awt.EventQueue.dispatchEvent(EventQueue.java:726)
	at java.awt.EventDispatchThread.pumpOneEventForFilters(EventDispatchThread.java:201)
	at java.awt.EventDispatchThread.pumpEventsForFilter(EventDispatchThread.java:116)
	at java.awt.EventDispatchThread.pumpEventsForHierarchy(EventDispatchThread.java:105)
	at java.awt.EventDispatchThread.pumpEvents(EventDispatchThread.java:101)
	at java.awt.EventDispatchThread.pumpEvents(EventDispatchThread.java:93)
	at java.awt.EventDispatchThread.run(EventDispatchThread.java:82)
ptolemy.kernel.util.InternalErrorException: Failed to get the model directory? This can happen in a headless environment when the model attempts to interact with the graphical display.  It can also happen when the model fails to parse because of a missing class.
	at ptolemy.actor.gui.ConfigurationApplication.models(ConfigurationApplication.java:548)
	at ptolemy.actor.gui.ConfigurationApplication.openModelOrEntity(ConfigurationApplication.java:698)
	at ptolemy.vergil.basic.export.ExportModel$1.run(ExportModel.java:220)
	at java.awt.event.InvocationEvent.dispatch(InvocationEvent.java:301)
	at java.awt.EventQueue.dispatchEventImpl(EventQueue.java:756)
	at java.awt.EventQueue.access$500(EventQueue.java:97)
	at java.awt.EventQueue$3.run(EventQueue.java:709)
	at java.awt.EventQueue$3.run(EventQueue.java:703)
	at java.security.AccessController.doPrivileged(Native Method)
	at java.security.ProtectionDomain$JavaSecurityAccessImpl.doIntersectionPrivilege(ProtectionDomain.java:80)
	at java.awt.EventQueue.dispatchEvent(EventQueue.java:726)
	at java.awt.EventDispatchThread.pumpOneEventForFilters(EventDispatchThread.java:201)
	at java.awt.EventDispatchThread.pumpEventsForFilter(EventDispatchThread.java:116)
	at java.awt.EventDispatchThread.pumpEventsForHierarchy(EventDispatchThread.java:105)
	at java.awt.EventDispatchThread.pumpEvents(EventDispatchThread.java:101)
	at java.awt.EventDispatchThread.pumpEvents(EventDispatchThread.java:93)
	at java.awt.EventDispatchThread.run(EventDispatchThread.java:82)
java.lang.reflect.InvocationTargetException
	at java.awt.EventQueue.invokeAndWait(EventQueue.java:1321)
	at java.awt.EventQueue.invokeAndWait(EventQueue.java:1296)
	at javax.swing.SwingUtilities.invokeAndWait(SwingUtilities.java:1348)
	at ptolemy.vergil.basic.export.ExportModel.exportModel(ExportModel.java:227)
	at ptolemy.vergil.basic.export.test.junit.ExportModelJUnitTest.RunExportModel(ExportModelJUnitTest.java:153)
	at ptolemy.vergil.basic.export.test.junit.ExportModelJUnitTestBatch.RunExportModel(ExportModelJUnitTestBatch.java:97)
	at sun.reflect.GeneratedMethodAccessor18.invoke(Unknown Source)
	at sun.reflect.DelegatingMethodAccessorImpl.invoke(DelegatingMethodAccessorImpl.java:43)
	at java.lang.reflect.Method.invoke(Method.java:498)
	at org.junit.runners.model.FrameworkMethod$1.runReflectiveCall(FrameworkMethod.java:44)
	at org.junit.internal.runners.model.ReflectiveCallable.run(ReflectiveCallable.java:15)
	at org.junit.runners.model.FrameworkMethod.invokeExplosively(FrameworkMethod.java:41)
	at junitparams.internal.InvokeParameterisedMethod.evaluate(InvokeParameterisedMethod.java:102)
	at junitparams.internal.ParameterisedTestMethodRunner.runMethodInvoker(ParameterisedTestMethodRunner.java:47)
	at junitparams.internal.ParameterisedTestMethodRunner.runTestMethod(ParameterisedTestMethodRunner.java:41)
	at junitparams.internal.ParameterisedTestClassRunner.runParameterisedTest(ParameterisedTestClassRunner.java:143)
	at junitparams.JUnitParamsRunner.runChild(JUnitParamsRunner.java:237)
	at junitparams.JUnitParamsRunner.runChild(JUnitParamsRunner.java:215)
	at org.junit.runners.ParentRunner$3.run(ParentRunner.java:193)
	at org.junit.runners.ParentRunner$1.schedule(ParentRunner.java:52)
	at org.junit.runners.ParentRunner.runChildren(ParentRunner.java:191)
	at org.junit.runners.ParentRunner.access$000(ParentRunner.java:42)
	at org.junit.runners.ParentRunner$2.evaluate(ParentRunner.java:184)
	at org.junit.runners.ParentRunner.run(ParentRunner.java:236)
	at junit.framework.JUnit4TestAdapter.run(JUnit4TestAdapter.java:39)
	at org.apache.tools.ant.taskdefs.optional.junit.JUnitTestRunner.run(JUnitTestRunner.java:535)
	at org.apache.tools.ant.taskdefs.optional.junit.JUnitTestRunner.launch(JUnitTestRunner.java:1182)
	at org.apache.tools.ant.taskdefs.optional.junit.JUnitTestRunner.main(JUnitTestRunner.java:1033)
Caused by: java.lang.RuntimeException: ptolemy.kernel.util.InternalErrorException: Failed to get the model directory? This can happen in a headless environment when the model attempts to interact with the graphical display.  It can also happen when the model fails to parse because of a missing class.
	at ptolemy.vergil.basic.export.ExportModel$1.run(ExportModel.java:223)
	at java.awt.event.InvocationEvent.dispatch(InvocationEvent.java:301)
	at java.awt.EventQueue.dispatchEventImpl(EventQueue.java:756)
	at java.awt.EventQueue.access$500(EventQueue.java:97)
	at java.awt.EventQueue$3.run(EventQueue.java:709)
	at java.awt.EventQueue$3.run(EventQueue.java:703)
	at java.security.AccessController.doPrivileged(Native Method)
	at java.security.ProtectionDomain$JavaSecurityAccessImpl.doIntersectionPrivilege(ProtectionDomain.java:80)
	at java.awt.EventQueue.dispatchEvent(EventQueue.java:726)
	at java.awt.EventDispatchThread.pumpOneEventForFilters(EventDispatchThread.java:201)
	at java.awt.EventDispatchThread.pumpEventsForFilter(EventDispatchThread.java:116)
	at java.awt.EventDispatchThread.pumpEventsForHierarchy(EventDispatchThread.java:105)
	at java.awt.EventDispatchThread.pumpEvents(EventDispatchThread.java:101)
	at java.awt.EventDispatchThread.pumpEvents(EventDispatchThread.java:93)
	at java.awt.EventDispatchThread.run(EventDispatchThread.java:82)
Caused by: ptolemy.kernel.util.InternalErrorException: Failed to get the model directory? This can happen in a headless environment when the model attempts to interact with the graphical display.  It can also happen when the model fails to parse because of a missing class.
	at ptolemy.actor.gui.ConfigurationApplication.models(ConfigurationApplication.java:548)
	at ptolemy.actor.gui.ConfigurationApplication.openModelOrEntity(ConfigurationApplication.java:698)
	at ptolemy.vergil.basic.export.ExportModel$1.run(ExportModel.java:220)
	... 14 more
ptolemy.kernel.util.IllegalActionException: Failed to process attribute change to PtalonParameter, whose value is "ptolemy.actor.ptalon.PtalonExpressionParameter {.SenseToLeds.SenseToLeds.n} 2".
  in .SenseToLeds.SenseToLeds
Because:
Unable to add actor null
	at ptolemy.actor.ptalon.PtalonActor.attributeChanged(PtalonActor.java:211)
	at ptolemy.actor.ptalon.PtalonMLHandler.startElement(PtalonMLHandler.java:134)
	at com.microstar.xml.XmlParser.parseElement(XmlParser.java:921)
	at com.microstar.xml.XmlParser.parseContent(XmlParser.java:1104)
	at com.microstar.xml.XmlParser.parseElement(XmlParser.java:924)
	at com.microstar.xml.XmlParser.parseDocument(XmlParser.java:481)
	at com.microstar.xml.XmlParser.doParse(XmlParser.java:159)
	at com.microstar.xml.XmlParser.parse(XmlParser.java:132)
	at ptolemy.actor.ptalon.PtalonActor.configure(PtalonActor.java:240)
	at ptolemy.moml.MoMLParser.endElement(MoMLParser.java:996)
	at com.microstar.xml.XmlParser.parseETag(XmlParser.java:1026)
	at com.microstar.xml.XmlParser.parseContent(XmlParser.java:1098)
	at com.microstar.xml.XmlParser.parseElement(XmlParser.java:924)
	at com.microstar.xml.XmlParser.parseContent(XmlParser.java:1104)
	at com.microstar.xml.XmlParser.parseElement(XmlParser.java:924)
	at com.microstar.xml.XmlParser.parseContent(XmlParser.java:1104)
	at com.microstar.xml.XmlParser.parseElement(XmlParser.java:924)
	at com.microstar.xml.XmlParser.parseDocument(XmlParser.java:481)
	at com.microstar.xml.XmlParser.doParse(XmlParser.java:159)
	at com.microstar.xml.XmlParser.parse(XmlParser.java:132)
	at ptolemy.moml.MoMLParser.parse(MoMLParser.java:1676)
	at ptolemy.moml.MoMLParser.parse(MoMLParser.java:1595)
	at ptolemy.moml.MoMLParser.parse(MoMLParser.java:1537)
	at ptolemy.actor.gui.PtolemyEffigy$Factory.createEffigy(PtolemyEffigy.java:424)
	at ptolemy.actor.gui.EffigyFactory.createEffigy(EffigyFactory.java:234)
	at ptolemy.actor.gui.Configuration.openModel(Configuration.java:1125)
	at ptolemy.actor.gui.Configuration.openModel(Configuration.java:1051)
	at ptolemy.actor.gui.ConfigurationApplication._openModel(ConfigurationApplication.java:1252)
	at ptolemy.actor.gui.ConfigurationApplication._parseArg(ConfigurationApplication.java:1399)
	at ptolemy.actor.gui.ConfigurationApplication._parseArgs(ConfigurationApplication.java:1478)
	at ptolemy.actor.gui.ConfigurationApplication.<init>(ConfigurationApplication.java:277)
	at ptolemy.actor.gui.ConfigurationApplication.<init>(ConfigurationApplication.java:214)
	at ptolemy.actor.gui.ConfigurationApplication.<init>(ConfigurationApplication.java:201)
	at ptolemy.actor.gui.ConfigurationApplication.openModelOrEntity(ConfigurationApplication.java:680)
	at ptolemy.vergil.basic.export.ExportModel$1.run(ExportModel.java:220)
	at java.awt.event.InvocationEvent.dispatch(InvocationEvent.java:301)
	at java.awt.EventQueue.dispatchEventImpl(EventQueue.java:756)
	at java.awt.EventQueue.access$500(EventQueue.java:97)
	at java.awt.EventQueue$3.run(EventQueue.java:709)
	at java.awt.EventQueue$3.run(EventQueue.java:703)
	at java.security.AccessController.doPrivileged(Native Method)
	at java.security.ProtectionDomain$JavaSecurityAccessImpl.doIntersectionPrivilege(ProtectionDomain.java:80)
	at java.awt.EventQueue.dispatchEvent(EventQueue.java:726)
	at java.awt.EventDispatchThread.pumpOneEventForFilters(EventDispatchThread.java:201)
	at java.awt.EventDispatchThread.pumpEventsForFilter(EventDispatchThread.java:116)
	at java.awt.EventDispatchThread.pumpEventsForHierarchy(EventDispatchThread.java:105)
	at java.awt.EventDispatchThread.pumpEvents(EventDispatchThread.java:101)
	at java.awt.EventDispatchThread.pumpEvents(EventDispatchThread.java:93)
	at java.awt.EventDispatchThread.run(EventDispatchThread.java:82)
Caused by: ptolemy.actor.ptalon.PtalonRuntimeException: Unable to add actor null
	at ptolemy.actor.ptalon.PtalonEvaluator.addActor(PtalonEvaluator.java:300)
	at ptolemy.actor.ptalon.PtalonPopulator.actor_declaration(PtalonPopulator.java:1574)
	at ptolemy.actor.ptalon.PtalonPopulator.atomic_statement(PtalonPopulator.java:1638)
	at ptolemy.actor.ptalon.PtalonPopulator.iterative_statement_evaluator(PtalonPopulator.java:2484)
	at ptolemy.actor.ptalon.AbstractPtalonEvaluator$IfTree.evaluateForScope(AbstractPtalonEvaluator.java:1307)
	at ptolemy.actor.ptalon.AbstractPtalonEvaluator.evaluateForScope(AbstractPtalonEvaluator.java:744)
	at ptolemy.actor.ptalon.PtalonPopulator.iterative_statement(PtalonPopulator.java:2363)
	at ptolemy.actor.ptalon.PtalonPopulator.actor_definition(PtalonPopulator.java:2809)
	at ptolemy.actor.ptalon.PtalonActor.attributeChanged(PtalonActor.java:206)
	... 48 more
Caused by: ptolemy.kernel.util.InternalErrorException: Element <entity name="node1" class="ptolemy.actor.ptalon.demo.ptinyos.SenseToLeds.MicaBoard"> caused an exception to be thrown.
  in .SenseToLeds.SenseToLeds
Because:
Cannot find class: ptolemy.actor.ptalon.demo.ptinyos.SenseToLeds.MicaBoard. In Ptolemy, classes are typically Java .class files. Entities like actors may instead be defined within a .xml file.  In any case, the class was not found. If the class uses a third party package, then the class would be present only if the third party package was found at compile time.  It may be necessary to upgrade Java or install the third party package, reconfigure and recompile.
Because:
Element <entity name="MicaLeds" class="ptolemy.domains.ptinyos.lib.MicaLeds"> caused an exception to be thrown.
  in .MicaBoard
Because:
Cannot find class: ptolemy.domains.ptinyos.lib.MicaLeds. In Ptolemy, classes are typically Java .class files. Entities like actors may instead be defined within a .xml file.  In any case, the class was not found. If the class uses a third party package, then the class would be present only if the third party package was found at compile time.  It may be necessary to upgrade Java or install the third party package, reconfigure and recompile.
Because:
-- /home/travis/build/icyphy/ptII/ptolemy/actor/ptalon/demo/ptinyos/SenseToLeds/ptolemy/domains/ptinyos/lib/MicaLeds.xml (No such file or directory)
-- XML file not found relative to classpath.
-- /home/travis/build/icyphy/ptII/ptolemy/vergil/basic/export/test/ptolemy/domains/ptinyos/lib/MicaLeds.xml
/home/travis/build/icyphy/ptII/ptolemy/vergil/basic/export/test/ptolemy/domains/ptinyos/lib/MicaLeds.xml (No such file or directory)
 in file:/home/travis/build/icyphy/ptII/ptolemy/actor/ptalon/demo/ptinyos/SenseToLeds/MicaBoard.xml at line 134 and column 63
	at ptolemy.moml.SimpleErrorHandler.handleError(SimpleErrorHandler.java:75)
	at ptolemy.moml.MoMLParser.startElement(MoMLParser.java:3805)
	at com.microstar.xml.XmlParser.parseElement(XmlParser.java:931)
	at com.microstar.xml.XmlParser.parseDocument(XmlParser.java:481)
	at com.microstar.xml.XmlParser.doParse(XmlParser.java:159)
	at com.microstar.xml.XmlParser.parse(XmlParser.java:132)
	at ptolemy.moml.MoMLParser.parse(MoMLParser.java:1660)
	at ptolemy.moml.MoMLParser.parse(MoMLParser.java:1617)
	at ptolemy.moml.MoMLParser.parse(MoMLParser.java:1792)
	at ptolemy.actor.ptalon.PtalonEvaluator.addActor(PtalonEvaluator.java:241)
	... 56 more
Caused by: ptolemy.kernel.util.IllegalActionException: Cannot find class: ptolemy.actor.ptalon.demo.ptinyos.SenseToLeds.MicaBoard. In Ptolemy, classes are typically Java .class files. Entities like actors may instead be defined within a .xml file.  In any case, the class was not found. If the class uses a third party package, then the class would be present only if the third party package was found at compile time.  It may be necessary to upgrade Java or install the third party package, reconfigure and recompile.
Because:
Element <entity name="MicaLeds" class="ptolemy.domains.ptinyos.lib.MicaLeds"> caused an exception to be thrown.
  in .MicaBoard
Because:
Cannot find class: ptolemy.domains.ptinyos.lib.MicaLeds. In Ptolemy, classes are typically Java .class files. Entities like actors may instead be defined within a .xml file.  In any case, the class was not found. If the class uses a third party package, then the class would be present only if the third party package was found at compile time.  It may be necessary to upgrade Java or install the third party package, reconfigure and recompile.
Because:
-- /home/travis/build/icyphy/ptII/ptolemy/actor/ptalon/demo/ptinyos/SenseToLeds/ptolemy/domains/ptinyos/lib/MicaLeds.xml (No such file or directory)
-- XML file not found relative to classpath.
-- /home/travis/build/icyphy/ptII/ptolemy/vergil/basic/export/test/ptolemy/domains/ptinyos/lib/MicaLeds.xml
/home/travis/build/icyphy/ptII/ptolemy/vergil/basic/export/test/ptolemy/domains/ptinyos/lib/MicaLeds.xml (No such file or directory)
 in file:/home/travis/build/icyphy/ptII/ptolemy/actor/ptalon/demo/ptinyos/SenseToLeds/MicaBoard.xml at line 134 and column 63
	at ptolemy.moml.MoMLParser._createEntity(MoMLParser.java:4330)
	at ptolemy.moml.MoMLParser.startElement(MoMLParser.java:2864)
	... 64 more
Caused by: ptolemy.kernel.util.InternalErrorException: Element <entity name="MicaLeds" class="ptolemy.domains.ptinyos.lib.MicaLeds"> caused an exception to be thrown.
  in .MicaBoard
Because:
Cannot find class: ptolemy.domains.ptinyos.lib.MicaLeds. In Ptolemy, classes are typically Java .class files. Entities like actors may instead be defined within a .xml file.  In any case, the class was not found. If the class uses a third party package, then the class would be present only if the third party package was found at compile time.  It may be necessary to upgrade Java or install the third party package, reconfigure and recompile.
Because:
-- /home/travis/build/icyphy/ptII/ptolemy/actor/ptalon/demo/ptinyos/SenseToLeds/ptolemy/domains/ptinyos/lib/MicaLeds.xml (No such file or directory)
-- XML file not found relative to classpath.
-- /home/travis/build/icyphy/ptII/ptolemy/vergil/basic/export/test/ptolemy/domains/ptinyos/lib/MicaLeds.xml
/home/travis/build/icyphy/ptII/ptolemy/vergil/basic/export/test/ptolemy/domains/ptinyos/lib/MicaLeds.xml (No such file or directory)
 in file:/home/travis/build/icyphy/ptII/ptolemy/actor/ptalon/demo/ptinyos/SenseToLeds/MicaBoard.xml at line 134 and column 63
	at ptolemy.moml.SimpleErrorHandler.handleError(SimpleErrorHandler.java:75)
	at ptolemy.moml.MoMLParser.startElement(MoMLParser.java:3805)
	at com.microstar.xml.XmlParser.parseElement(XmlParser.java:921)
	at com.microstar.xml.XmlParser.parseContent(XmlParser.java:1104)
	at com.microstar.xml.XmlParser.parseElement(XmlParser.java:924)
	at com.microstar.xml.XmlParser.parseDocument(XmlParser.java:481)
	at com.microstar.xml.XmlParser.doParse(XmlParser.java:159)
	at com.microstar.xml.XmlParser.parse(XmlParser.java:132)
	at ptolemy.moml.MoMLParser.parse(MoMLParser.java:1676)
	at ptolemy.moml.MoMLParser.parse(MoMLParser.java:1595)
	at ptolemy.moml.MoMLParser.parse(MoMLParser.java:1537)
	at ptolemy.moml.MoMLParser._findOrParse(MoMLParser.java:5286)
	at ptolemy.moml.MoMLParser._attemptToFindMoMLClass(MoMLParser.java:4075)
	at ptolemy.moml.MoMLParser._createEntity(MoMLParser.java:4323)
	... 65 more
Caused by: ptolemy.kernel.util.IllegalActionException: Cannot find class: ptolemy.domains.ptinyos.lib.MicaLeds. In Ptolemy, classes are typically Java .class files. Entities like actors may instead be defined within a .xml file.  In any case, the class was not found. If the class uses a third party package, then the class would be present only if the third party package was found at compile time.  It may be necessary to upgrade Java or install the third party package, reconfigure and recompile.
Because:
-- /home/travis/build/icyphy/ptII/ptolemy/actor/ptalon/demo/ptinyos/SenseToLeds/ptolemy/domains/ptinyos/lib/MicaLeds.xml (No such file or directory)
-- XML file not found relative to classpath.
-- /home/travis/build/icyphy/ptII/ptolemy/vergil/basic/export/test/ptolemy/domains/ptinyos/lib/MicaLeds.xml
/home/travis/build/icyphy/ptII/ptolemy/vergil/basic/export/test/ptolemy/domains/ptinyos/lib/MicaLeds.xml (No such file or directory)
 in file:/home/travis/build/icyphy/ptII/ptolemy/actor/ptalon/demo/ptinyos/SenseToLeds/MicaBoard.xml at line 134 and column 63
	at ptolemy.moml.MoMLParser._createEntity(MoMLParser.java:4330)
	at ptolemy.moml.MoMLParser.startElement(MoMLParser.java:2864)
	... 77 more
Caused by: com.microstar.xml.XmlException: -- /home/travis/build/icyphy/ptII/ptolemy/actor/ptalon/demo/ptinyos/SenseToLeds/ptolemy/domains/ptinyos/lib/MicaLeds.xml (No such file or directory)
-- XML file not found relative to classpath.
-- /home/travis/build/icyphy/ptII/ptolemy/vergil/basic/export/test/ptolemy/domains/ptinyos/lib/MicaLeds.xml
/home/travis/build/icyphy/ptII/ptolemy/vergil/basic/export/test/ptolemy/domains/ptinyos/lib/MicaLeds.xml (No such file or directory)
 in file:/home/travis/build/icyphy/ptII/ptolemy/actor/ptalon/demo/ptinyos/SenseToLeds/MicaBoard.xml at line 134 and column 63
	at ptolemy.moml.MoMLParser.fileNameToURL(MoMLParser.java:1414)
	at ptolemy.moml.MoMLParser._findOrParse(MoMLParser.java:5283)
	at ptolemy.moml.MoMLParser._attemptToFindMoMLClass(MoMLParser.java:4075)
	at ptolemy.moml.MoMLParser._createEntity(MoMLParser.java:4323)
	... 78 more
Caused by: ptolemy.actor.ptalon.PtalonRuntimeException: Unable to add actor null
	at ptolemy.actor.ptalon.PtalonEvaluator.addActor(PtalonEvaluator.java:300)
	at ptolemy.actor.ptalon.PtalonPopulator.actor_declaration(PtalonPopulator.java:1574)
	at ptolemy.actor.ptalon.PtalonPopulator.atomic_statement(PtalonPopulator.java:1638)
	at ptolemy.actor.ptalon.PtalonPopulator.iterative_statement_evaluator(PtalonPopulator.java:2484)
	at ptolemy.actor.ptalon.AbstractPtalonEvaluator$IfTree.evaluateForScope(AbstractPtalonEvaluator.java:1307)
	at ptolemy.actor.ptalon.AbstractPtalonEvaluator.evaluateForScope(AbstractPtalonEvaluator.java:744)
	at ptolemy.actor.ptalon.PtalonPopulator.iterative_statement(PtalonPopulator.java:2363)
	at ptolemy.actor.ptalon.PtalonPopulator.actor_definition(PtalonPopulator.java:2809)
	at ptolemy.actor.ptalon.PtalonActor.attributeChanged(PtalonActor.java:206)
	at ptolemy.actor.ptalon.PtalonMLHandler.startElement(PtalonMLHandler.java:134)
	at com.microstar.xml.XmlParser.parseElement(XmlParser.java:921)
	at com.microstar.xml.XmlParser.parseContent(XmlParser.java:1104)
	at com.microstar.xml.XmlParser.parseElement(XmlParser.java:924)
	at com.microstar.xml.XmlParser.parseDocument(XmlParser.java:481)
	at com.microstar.xml.XmlParser.doParse(XmlParser.java:159)
	at com.microstar.xml.XmlParser.parse(XmlParser.java:132)
	at ptolemy.actor.ptalon.PtalonActor.configure(PtalonActor.java:240)
	at ptolemy.moml.MoMLParser.endElement(MoMLParser.java:996)
	at com.microstar.xml.XmlParser.parseETag(XmlParser.java:1026)
	at com.microstar.xml.XmlParser.parseContent(XmlParser.java:1098)
	at com.microstar.xml.XmlParser.parseElement(XmlParser.java:924)
	at com.microstar.xml.XmlParser.parseContent(XmlParser.java:1104)
	at com.microstar.xml.XmlParser.parseElement(XmlParser.java:924)
	at com.microstar.xml.XmlParser.parseContent(XmlParser.java:1104)
	at com.microstar.xml.XmlParser.parseElement(XmlParser.java:924)
	at com.microstar.xml.XmlParser.parseDocument(XmlParser.java:481)
	at com.microstar.xml.XmlParser.doParse(XmlParser.java:159)
	at com.microstar.xml.XmlParser.parse(XmlParser.java:132)
	at ptolemy.moml.MoMLParser.parse(MoMLParser.java:1676)
	at ptolemy.moml.MoMLParser.parse(MoMLParser.java:1595)
	at ptolemy.moml.MoMLParser.parse(MoMLParser.java:1537)
	at ptolemy.actor.gui.PtolemyEffigy$Factory.createEffigy(PtolemyEffigy.java:424)
	at ptolemy.actor.gui.EffigyFactory.createEffigy(EffigyFactory.java:234)
	at ptolemy.actor.gui.Configuration.openModel(Configuration.java:1125)
	at ptolemy.actor.gui.Configuration.openModel(Configuration.java:1051)
	at ptolemy.actor.gui.ConfigurationApplication._openModel(ConfigurationApplication.java:1252)
	at ptolemy.actor.gui.ConfigurationApplication._parseArg(ConfigurationApplication.java:1399)
	at ptolemy.actor.gui.ConfigurationApplication._parseArgs(ConfigurationApplication.java:1478)
	at ptolemy.actor.gui.ConfigurationApplication.<init>(ConfigurationApplication.java:277)
	at ptolemy.actor.gui.ConfigurationApplication.<init>(ConfigurationApplication.java:214)
	at ptolemy.actor.gui.ConfigurationApplication.<init>(ConfigurationApplication.java:201)
	at ptolemy.actor.gui.ConfigurationApplication.openModelOrEntity(ConfigurationApplication.java:680)
	at ptolemy.vergil.basic.export.ExportModel$1.run(ExportModel.java:220)
	at java.awt.event.InvocationEvent.dispatch(InvocationEvent.java:301)
	at java.awt.EventQueue.dispatchEventImpl(EventQueue.java:756)
	at java.awt.EventQueue.access$500(EventQueue.java:97)
	at java.awt.EventQueue$3.run(EventQueue.java:709)
	at java.awt.EventQueue$3.run(EventQueue.java:703)
	at java.security.AccessController.doPrivileged(Native Method)
	at java.security.ProtectionDomain$JavaSecurityAccessImpl.doIntersectionPrivilege(ProtectionDomain.java:80)
	at java.awt.EventQueue.dispatchEvent(EventQueue.java:726)
	at java.awt.EventDispatchThread.pumpOneEventForFilters(EventDispatchThread.java:201)
	at java.awt.EventDispatchThread.pumpEventsForFilter(EventDispatchThread.java:116)
	at java.awt.EventDispatchThread.pumpEventsForHierarchy(EventDispatchThread.java:105)
	at java.awt.EventDispatchThread.pumpEvents(EventDispatchThread.java:101)
	at java.awt.EventDispatchThread.pumpEvents(EventDispatchThread.java:93)
	at java.awt.EventDispatchThread.run(EventDispatchThread.java:82)
Caused by: ptolemy.kernel.util.InternalErrorException: Element <entity name="node1" class="ptolemy.actor.ptalon.demo.ptinyos.SenseToLeds.MicaBoard"> caused an exception to be thrown.
  in .SenseToLeds.SenseToLeds
Because:
Cannot find class: ptolemy.actor.ptalon.demo.ptinyos.SenseToLeds.MicaBoard. In Ptolemy, classes are typically Java .class files. Entities like actors may instead be defined within a .xml file.  In any case, the class was not found. If the class uses a third party package, then the class would be present only if the third party package was found at compile time.  It may be necessary to upgrade Java or install the third party package, reconfigure and recompile.
Because:
Element <entity name="MicaLeds" class="ptolemy.domains.ptinyos.lib.MicaLeds"> caused an exception to be thrown.
  in .MicaBoard
Because:
Cannot find class: ptolemy.domains.ptinyos.lib.MicaLeds. In Ptolemy, classes are typically Java .class files. Entities like actors may instead be defined within a .xml file.  In any case, the class was not found. If the class uses a third party package, then the class would be present only if the third party package was found at compile time.  It may be necessary to upgrade Java or install the third party package, reconfigure and recompile.
Because:
-- /home/travis/build/icyphy/ptII/ptolemy/actor/ptalon/demo/ptinyos/SenseToLeds/ptolemy/domains/ptinyos/lib/MicaLeds.xml (No such file or directory)
-- XML file not found relative to classpath.
-- /home/travis/build/icyphy/ptII/ptolemy/vergil/basic/export/test/ptolemy/domains/ptinyos/lib/MicaLeds.xml
/home/travis/build/icyphy/ptII/ptolemy/vergil/basic/export/test/ptolemy/domains/ptinyos/lib/MicaLeds.xml (No such file or directory)
 in file:/home/travis/build/icyphy/ptII/ptolemy/actor/ptalon/demo/ptinyos/SenseToLeds/MicaBoard.xml at line 134 and column 63
	at ptolemy.moml.SimpleErrorHandler.handleError(SimpleErrorHandler.java:75)
	at ptolemy.moml.MoMLParser.startElement(MoMLParser.java:3805)
	at com.microstar.xml.XmlParser.parseElement(XmlParser.java:931)
	at com.microstar.xml.XmlParser.parseDocument(XmlParser.java:481)
	at com.microstar.xml.XmlParser.doParse(XmlParser.java:159)
	at com.microstar.xml.XmlParser.parse(XmlParser.java:132)
	at ptolemy.moml.MoMLParser.parse(MoMLParser.java:1660)
	at ptolemy.moml.MoMLParser.parse(MoMLParser.java:1617)
	at ptolemy.moml.MoMLParser.parse(MoMLParser.java:1792)
	at ptolemy.actor.ptalon.PtalonEvaluator.addActor(PtalonEvaluator.java:241)
	... 56 more
Caused by: ptolemy.kernel.util.IllegalActionException: Cannot find class: ptolemy.actor.ptalon.demo.ptinyos.SenseToLeds.MicaBoard. In Ptolemy, classes are typically Java .class files. Entities like actors may instead be defined within a .xml file.  In any case, the class was not found. If the class uses a third party package, then the class would be present only if the third party package was found at compile time.  It may be necessary to upgrade Java or install the third party package, reconfigure and recompile.
Because:
Element <entity name="MicaLeds" class="ptolemy.domains.ptinyos.lib.MicaLeds"> caused an exception to be thrown.
  in .MicaBoard
Because:
Cannot find class: ptolemy.domains.ptinyos.lib.MicaLeds. In Ptolemy, classes are typically Java .class files. Entities like actors may instead be defined within a .xml file.  In any case, the class was not found. If the class uses a third party package, then the class would be present only if the third party package was found at compile time.  It may be necessary to upgrade Java or install the third party package, reconfigure and recompile.
Because:
-- /home/travis/build/icyphy/ptII/ptolemy/actor/ptalon/demo/ptinyos/SenseToLeds/ptolemy/domains/ptinyos/lib/MicaLeds.xml (No such file or directory)
-- XML file not found relative to classpath.
-- /home/travis/build/icyphy/ptII/ptolemy/vergil/basic/export/test/ptolemy/domains/ptinyos/lib/MicaLeds.xml
/home/travis/build/icyphy/ptII/ptolemy/vergil/basic/export/test/ptolemy/domains/ptinyos/lib/MicaLeds.xml (No such file or directory)
 in file:/home/travis/build/icyphy/ptII/ptolemy/actor/ptalon/demo/ptinyos/SenseToLeds/MicaBoard.xml at line 134 and column 63
	at ptolemy.moml.MoMLParser._createEntity(MoMLParser.java:4330)
	at ptolemy.moml.MoMLParser.startElement(MoMLParser.java:2864)
	... 64 more
Caused by: ptolemy.kernel.util.InternalErrorException: Element <entity name="MicaLeds" class="ptolemy.domains.ptinyos.lib.MicaLeds"> caused an exception to be thrown.
  in .MicaBoard
Because:
Cannot find class: ptolemy.domains.ptinyos.lib.MicaLeds. In Ptolemy, classes are typically Java .class files. Entities like actors may instead be defined within a .xml file.  In any case, the class was not found. If the class uses a third party package, then the class would be present only if the third party package was found at compile time.  It may be necessary to upgrade Java or install the third party package, reconfigure and recompile.
Because:
-- /home/travis/build/icyphy/ptII/ptolemy/actor/ptalon/demo/ptinyos/SenseToLeds/ptolemy/domains/ptinyos/lib/MicaLeds.xml (No such file or directory)
-- XML file not found relative to classpath.
-- /home/travis/build/icyphy/ptII/ptolemy/vergil/basic/export/test/ptolemy/domains/ptinyos/lib/MicaLeds.xml
/home/travis/build/icyphy/ptII/ptolemy/vergil/basic/export/test/ptolemy/domains/ptinyos/lib/MicaLeds.xml (No such file or directory)
 in file:/home/travis/build/icyphy/ptII/ptolemy/actor/ptalon/demo/ptinyos/SenseToLeds/MicaBoard.xml at line 134 and column 63
	at ptolemy.moml.SimpleErrorHandler.handleError(SimpleErrorHandler.java:75)
	at ptolemy.moml.MoMLParser.startElement(MoMLParser.java:3805)
	at com.microstar.xml.XmlParser.parseElement(XmlParser.java:921)
	at com.microstar.xml.XmlParser.parseContent(XmlParser.java:1104)
	at com.microstar.xml.XmlParser.parseElement(XmlParser.java:924)
	at com.microstar.xml.XmlParser.parseDocument(XmlParser.java:481)
	at com.microstar.xml.XmlParser.doParse(XmlParser.java:159)
	at com.microstar.xml.XmlParser.parse(XmlParser.java:132)
	at ptolemy.moml.MoMLParser.parse(MoMLParser.java:1676)
	at ptolemy.moml.MoMLParser.parse(MoMLParser.java:1595)
	at ptolemy.moml.MoMLParser.parse(MoMLParser.java:1537)
	at ptolemy.moml.MoMLParser._findOrParse(MoMLParser.java:5286)
	at ptolemy.moml.MoMLParser._attemptToFindMoMLClass(MoMLParser.java:4075)
	at ptolemy.moml.MoMLParser._createEntity(MoMLParser.java:4323)
	... 65 more
Caused by: ptolemy.kernel.util.IllegalActionException: Cannot find class: ptolemy.domains.ptinyos.lib.MicaLeds. In Ptolemy, classes are typically Java .class files. Entities like actors may instead be defined within a .xml file.  In any case, the class was not found. If the class uses a third party package, then the class would be present only if the third party package was found at compile time.  It may be necessary to upgrade Java or install the third party package, reconfigure and recompile.
Because:
-- /home/travis/build/icyphy/ptII/ptolemy/actor/ptalon/demo/ptinyos/SenseToLeds/ptolemy/domains/ptinyos/lib/MicaLeds.xml (No such file or directory)
-- XML file not found relative to classpath.
-- /home/travis/build/icyphy/ptII/ptolemy/vergil/basic/export/test/ptolemy/domains/ptinyos/lib/MicaLeds.xml
/home/travis/build/icyphy/ptII/ptolemy/vergil/basic/export/test/ptolemy/domains/ptinyos/lib/MicaLeds.xml (No such file or directory)
 in file:/home/travis/build/icyphy/ptII/ptolemy/actor/ptalon/demo/ptinyos/SenseToLeds/MicaBoard.xml at line 134 and column 63
	at ptolemy.moml.MoMLParser._createEntity(MoMLParser.java:4330)
	at ptolemy.moml.MoMLParser.startElement(MoMLParser.java:2864)
	... 77 more
Caused by: com.microstar.xml.XmlException: -- /home/travis/build/icyphy/ptII/ptolemy/actor/ptalon/demo/ptinyos/SenseToLeds/ptolemy/domains/ptinyos/lib/MicaLeds.xml (No such file or directory)
-- XML file not found relative to classpath.
-- /home/travis/build/icyphy/ptII/ptolemy/vergil/basic/export/test/ptolemy/domains/ptinyos/lib/MicaLeds.xml
/home/travis/build/icyphy/ptII/ptolemy/vergil/basic/export/test/ptolemy/domains/ptinyos/lib/MicaLeds.xml (No such file or directory)
 in file:/home/travis/build/icyphy/ptII/ptolemy/actor/ptalon/demo/ptinyos/SenseToLeds/MicaBoard.xml at line 134 and column 63
	at ptolemy.moml.MoMLParser.fileNameToURL(MoMLParser.java:1414)
	at ptolemy.moml.MoMLParser._findOrParse(MoMLParser.java:5283)
	at ptolemy.moml.MoMLParser._attemptToFindMoMLClass(MoMLParser.java:4075)
	at ptolemy.moml.MoMLParser._createEntity(MoMLParser.java:4323)
	... 78 more
Failed to read file:/home/travis/build/icyphy/ptII/ptolemy/actor/ptalon/demo/ptinyos/SenseToLeds/SenseToLeds.xml
ptolemy.kernel.util.IllegalActionException: Failed to process attribute change to PtalonParameter, whose value is "ptolemy.actor.ptalon.PtalonExpressionParameter {.SenseToLeds.SenseToLeds.n} 2".
  in .SenseToLeds.SenseToLeds
Because:
Unable to add actor null
	at ptolemy.actor.ptalon.PtalonActor.attributeChanged(PtalonActor.java:211)
	at ptolemy.actor.ptalon.PtalonMLHandler.startElement(PtalonMLHandler.java:134)
	at com.microstar.xml.XmlParser.parseElement(XmlParser.java:921)
	at com.microstar.xml.XmlParser.parseContent(XmlParser.java:1104)
	at com.microstar.xml.XmlParser.parseElement(XmlParser.java:924)
	at com.microstar.xml.XmlParser.parseDocument(XmlParser.java:481)
	at com.microstar.xml.XmlParser.doParse(XmlParser.java:159)
	at com.microstar.xml.XmlParser.parse(XmlParser.java:132)
	at ptolemy.actor.ptalon.PtalonActor.configure(PtalonActor.java:240)
	at ptolemy.moml.MoMLParser.endElement(MoMLParser.java:996)
	at com.microstar.xml.XmlParser.parseETag(XmlParser.java:1026)
	at com.microstar.xml.XmlParser.parseContent(XmlParser.java:1098)
	at com.microstar.xml.XmlParser.parseElement(XmlParser.java:924)
	at com.microstar.xml.XmlParser.parseContent(XmlParser.java:1104)
	at com.microstar.xml.XmlParser.parseElement(XmlParser.java:924)
	at com.microstar.xml.XmlParser.parseContent(XmlParser.java:1104)
	at com.microstar.xml.XmlParser.parseElement(XmlParser.java:924)
	at com.microstar.xml.XmlParser.parseDocument(XmlParser.java:481)
	at com.microstar.xml.XmlParser.doParse(XmlParser.java:159)
	at com.microstar.xml.XmlParser.parse(XmlParser.java:132)
	at ptolemy.moml.MoMLParser.parse(MoMLParser.java:1676)
	at ptolemy.moml.MoMLParser.parse(MoMLParser.java:1595)
	at ptolemy.moml.MoMLParser.parse(MoMLParser.java:1537)
	at ptolemy.actor.gui.PtolemyEffigy$Factory.createEffigy(PtolemyEffigy.java:424)
	at ptolemy.actor.gui.EffigyFactory.createEffigy(EffigyFactory.java:234)
	at ptolemy.actor.gui.Configuration.openModel(Configuration.java:1125)
	at ptolemy.actor.gui.Configuration.openModel(Configuration.java:1051)
	at ptolemy.actor.gui.ConfigurationApplication._openModel(ConfigurationApplication.java:1252)
	at ptolemy.actor.gui.ConfigurationApplication._parseArg(ConfigurationApplication.java:1399)
	at ptolemy.actor.gui.ConfigurationApplication._parseArgs(ConfigurationApplication.java:1478)
	at ptolemy.actor.gui.ConfigurationApplication.<init>(ConfigurationApplication.java:277)
	at ptolemy.actor.gui.ConfigurationApplication.<init>(ConfigurationApplication.java:214)
	at ptolemy.actor.gui.ConfigurationApplication.<init>(ConfigurationApplication.java:201)
	at ptolemy.actor.gui.ConfigurationApplication.openModelOrEntity(ConfigurationApplication.java:680)
	at ptolemy.vergil.basic.export.ExportModel$1.run(ExportModel.java:220)
	at java.awt.event.InvocationEvent.dispatch(InvocationEvent.java:301)
	at java.awt.EventQueue.dispatchEventImpl(EventQueue.java:756)
	at java.awt.EventQueue.access$500(EventQueue.java:97)
	at java.awt.EventQueue$3.run(EventQueue.java:709)
	at java.awt.EventQueue$3.run(EventQueue.java:703)
	at java.security.AccessController.doPrivileged(Native Method)
	at java.security.ProtectionDomain$JavaSecurityAccessImpl.doIntersectionPrivilege(ProtectionDomain.java:80)
	at java.awt.EventQueue.dispatchEvent(EventQueue.java:726)
	at java.awt.EventDispatchThread.pumpOneEventForFilters(EventDispatchThread.java:201)
	at java.awt.EventDispatchThread.pumpEventsForFilter(EventDispatchThread.java:116)
	at java.awt.EventDispatchThread.pumpEventsForHierarchy(EventDispatchThread.java:105)
	at java.awt.EventDispatchThread.pumpEvents(EventDispatchThread.java:101)
	at java.awt.EventDispatchThread.pumpEvents(EventDispatchThread.java:93)
	at java.awt.EventDispatchThread.run(EventDispatchThread.java:82)
Caused by: ptolemy.actor.ptalon.PtalonRuntimeException: Unable to add actor null
	at ptolemy.actor.ptalon.PtalonEvaluator.addActor(PtalonEvaluator.java:300)
	at ptolemy.actor.ptalon.PtalonPopulator.actor_declaration(PtalonPopulator.java:1574)
	at ptolemy.actor.ptalon.PtalonPopulator.atomic_statement(PtalonPopulator.java:1638)
	at ptolemy.actor.ptalon.PtalonPopulator.iterative_statement_evaluator(PtalonPopulator.java:2484)
	at ptolemy.actor.ptalon.AbstractPtalonEvaluator$IfTree.evaluateForScope(AbstractPtalonEvaluator.java:1307)
	at ptolemy.actor.ptalon.AbstractPtalonEvaluator.evaluateForScope(AbstractPtalonEvaluator.java:744)
	at ptolemy.actor.ptalon.PtalonPopulator.iterative_statement(PtalonPopulator.java:2363)
	at ptolemy.actor.ptalon.PtalonPopulator.actor_definition(PtalonPopulator.java:2809)
	at ptolemy.actor.ptalon.PtalonActor.attributeChanged(PtalonActor.java:206)
	... 48 more
Caused by: ptolemy.kernel.util.InternalErrorException: Element <entity name="node1" class="ptolemy.actor.ptalon.demo.ptinyos.SenseToLeds.MicaBoard"> caused an exception to be thrown.
  in .SenseToLeds.SenseToLeds
Because:
Cannot find class: ptolemy.actor.ptalon.demo.ptinyos.SenseToLeds.MicaBoard. In Ptolemy, classes are typically Java .class files. Entities like actors may instead be defined within a .xml file.  In any case, the class was not found. If the class uses a third party package, then the class would be present only if the third party package was found at compile time.  It may be necessary to upgrade Java or install the third party package, reconfigure and recompile.
Because:
Element <entity name="MicaLeds" class="ptolemy.domains.ptinyos.lib.MicaLeds"> caused an exception to be thrown.
  in .MicaBoard
Because:
Cannot find class: ptolemy.domains.ptinyos.lib.MicaLeds. In Ptolemy, classes are typically Java .class files. Entities like actors may instead be defined within a .xml file.  In any case, the class was not found. If the class uses a third party package, then the class would be present only if the third party package was found at compile time.  It may be necessary to upgrade Java or install the third party package, reconfigure and recompile.
Because:
-- /home/travis/build/icyphy/ptII/ptolemy/actor/ptalon/demo/ptinyos/SenseToLeds/ptolemy/domains/ptinyos/lib/MicaLeds.xml (No such file or directory)
-- XML file not found relative to classpath.
-- /home/travis/build/icyphy/ptII/ptolemy/vergil/basic/export/test/ptolemy/domains/ptinyos/lib/MicaLeds.xml
/home/travis/build/icyphy/ptII/ptolemy/vergil/basic/export/test/ptolemy/domains/ptinyos/lib/MicaLeds.xml (No such file or directory)
 in file:/home/travis/build/icyphy/ptII/ptolemy/actor/ptalon/demo/ptinyos/SenseToLeds/MicaBoard.xml at line 134 and column 63
	at ptolemy.moml.SimpleErrorHandler.handleError(SimpleErrorHandler.java:75)
	at ptolemy.moml.MoMLParser.startElement(MoMLParser.java:3805)
	at com.microstar.xml.XmlParser.parseElement(XmlParser.java:931)
	at com.microstar.xml.XmlParser.parseDocument(XmlParser.java:481)
	at com.microstar.xml.XmlParser.doParse(XmlParser.java:159)
	at com.microstar.xml.XmlParser.parse(XmlParser.java:132)
	at ptolemy.moml.MoMLParser.parse(MoMLParser.java:1660)
	at ptolemy.moml.MoMLParser.parse(MoMLParser.java:1617)
	at ptolemy.moml.MoMLParser.parse(MoMLParser.java:1792)
	at ptolemy.actor.ptalon.PtalonEvaluator.addActor(PtalonEvaluator.java:241)
	... 56 more
Caused by: ptolemy.kernel.util.IllegalActionException: Cannot find class: ptolemy.actor.ptalon.demo.ptinyos.SenseToLeds.MicaBoard. In Ptolemy, classes are typically Java .class files. Entities like actors may instead be defined within a .xml file.  In any case, the class was not found. If the class uses a third party package, then the class would be present only if the third party package was found at compile time.  It may be necessary to upgrade Java or install the third party package, reconfigure and recompile.
Because:
Element <entity name="MicaLeds" class="ptolemy.domains.ptinyos.lib.MicaLeds"> caused an exception to be thrown.
  in .MicaBoard
Because:
Cannot find class: ptolemy.domains.ptinyos.lib.MicaLeds. In Ptolemy, classes are typically Java .class files. Entities like actors may instead be defined within a .xml file.  In any case, the class was not found. If the class uses a third party package, then the class would be present only if the third party package was found at compile time.  It may be necessary to upgrade Java or install the third party package, reconfigure and recompile.
Because:
-- /home/travis/build/icyphy/ptII/ptolemy/actor/ptalon/demo/ptinyos/SenseToLeds/ptolemy/domains/ptinyos/lib/MicaLeds.xml (No such file or directory)
-- XML file not found relative to classpath.
-- /home/travis/build/icyphy/ptII/ptolemy/vergil/basic/export/test/ptolemy/domains/ptinyos/lib/MicaLeds.xml
/home/travis/build/icyphy/ptII/ptolemy/vergil/basic/export/test/ptolemy/domains/ptinyos/lib/MicaLeds.xml (No such file or directory)
 in file:/home/travis/build/icyphy/ptII/ptolemy/actor/ptalon/demo/ptinyos/SenseToLeds/MicaBoard.xml at line 134 and column 63
	at ptolemy.moml.MoMLParser._createEntity(MoMLParser.java:4330)
	at ptolemy.moml.MoMLParser.startElement(MoMLParser.java:2864)
	... 64 more
Caused by: ptolemy.kernel.util.InternalErrorException: Element <entity name="MicaLeds" class="ptolemy.domains.ptinyos.lib.MicaLeds"> caused an exception to be thrown.
  in .MicaBoard
Because:
Cannot find class: ptolemy.domains.ptinyos.lib.MicaLeds. In Ptolemy, classes are typically Java .class files. Entities like actors may instead be defined within a .xml file.  In any case, the class was not found. If the class uses a third party package, then the class would be present only if the third party package was found at compile time.  It may be necessary to upgrade Java or install the third party package, reconfigure and recompile.
Because:
-- /home/travis/build/icyphy/ptII/ptolemy/actor/ptalon/demo/ptinyos/SenseToLeds/ptolemy/domains/ptinyos/lib/MicaLeds.xml (No such file or directory)
-- XML file not found relative to classpath.
-- /home/travis/build/icyphy/ptII/ptolemy/vergil/basic/export/test/ptolemy/domains/ptinyos/lib/MicaLeds.xml
/home/travis/build/icyphy/ptII/ptolemy/vergil/basic/export/test/ptolemy/domains/ptinyos/lib/MicaLeds.xml (No such file or directory)
 in file:/home/travis/build/icyphy/ptII/ptolemy/actor/ptalon/demo/ptinyos/SenseToLeds/MicaBoard.xml at line 134 and column 63
	at ptolemy.moml.SimpleErrorHandler.handleError(SimpleErrorHandler.java:75)
	at ptolemy.moml.MoMLParser.startElement(MoMLParser.java:3805)
	at com.microstar.xml.XmlParser.parseElement(XmlParser.java:921)
	at com.microstar.xml.XmlParser.parseContent(XmlParser.java:1104)
	at com.microstar.xml.XmlParser.parseElement(XmlParser.java:924)
	at com.microstar.xml.XmlParser.parseDocument(XmlParser.java:481)
	at com.microstar.xml.XmlParser.doParse(XmlParser.java:159)
	at com.microstar.xml.XmlParser.parse(XmlParser.java:132)
	at ptolemy.moml.MoMLParser.parse(MoMLParser.java:1676)
	at ptolemy.moml.MoMLParser.parse(MoMLParser.java:1595)
	at ptolemy.moml.MoMLParser.parse(MoMLParser.java:1537)
	at ptolemy.moml.MoMLParser._findOrParse(MoMLParser.java:5286)
	at ptolemy.moml.MoMLParser._attemptToFindMoMLClass(MoMLParser.java:4075)
	at ptolemy.moml.MoMLParser._createEntity(MoMLParser.java:4323)
	... 65 more
Caused by: ptolemy.kernel.util.IllegalActionException: Cannot find class: ptolemy.domains.ptinyos.lib.MicaLeds. In Ptolemy, classes are typically Java .class files. Entities like actors may instead be defined within a .xml file.  In any case, the class was not found. If the class uses a third party package, then the class would be present only if the third party package was found at compile time.  It may be necessary to upgrade Java or install the third party package, reconfigure and recompile.
Because:
-- /home/travis/build/icyphy/ptII/ptolemy/actor/ptalon/demo/ptinyos/SenseToLeds/ptolemy/domains/ptinyos/lib/MicaLeds.xml (No such file or directory)
-- XML file not found relative to classpath.
-- /home/travis/build/icyphy/ptII/ptolemy/vergil/basic/export/test/ptolemy/domains/ptinyos/lib/MicaLeds.xml
/home/travis/build/icyphy/ptII/ptolemy/vergil/basic/export/test/ptolemy/domains/ptinyos/lib/MicaLeds.xml (No such file or directory)
 in file:/home/travis/build/icyphy/ptII/ptolemy/actor/ptalon/demo/ptinyos/SenseToLeds/MicaBoard.xml at line 134 and column 63
	at ptolemy.moml.MoMLParser._createEntity(MoMLParser.java:4330)
	at ptolemy.moml.MoMLParser.startElement(MoMLParser.java:2864)
	... 77 more
Caused by: com.microstar.xml.XmlException: -- /home/travis/build/icyphy/ptII/ptolemy/actor/ptalon/demo/ptinyos/SenseToLeds/ptolemy/domains/ptinyos/lib/MicaLeds.xml (No such file or directory)
-- XML file not found relative to classpath.
-- /home/travis/build/icyphy/ptII/ptolemy/vergil/basic/export/test/ptolemy/domains/ptinyos/lib/MicaLeds.xml
/home/travis/build/icyphy/ptII/ptolemy/vergil/basic/export/test/ptolemy/domains/ptinyos/lib/MicaLeds.xml (No such file or directory)
 in file:/home/travis/build/icyphy/ptII/ptolemy/actor/ptalon/demo/ptinyos/SenseToLeds/MicaBoard.xml at line 134 and column 63
	at ptolemy.moml.MoMLParser.fileNameToURL(MoMLParser.java:1414)
	at ptolemy.moml.MoMLParser._findOrParse(MoMLParser.java:5283)
	at ptolemy.moml.MoMLParser._attemptToFindMoMLClass(MoMLParser.java:4075)
	at ptolemy.moml.MoMLParser._createEntity(MoMLParser.java:4323)
	... 78 more
Caused by: ptolemy.actor.ptalon.PtalonRuntimeException: Unable to add actor null
	at ptolemy.actor.ptalon.PtalonEvaluator.addActor(PtalonEvaluator.java:300)
	at ptolemy.actor.ptalon.PtalonPopulator.actor_declaration(PtalonPopulator.java:1574)
	at ptolemy.actor.ptalon.PtalonPopulator.atomic_statement(PtalonPopulator.java:1638)
	at ptolemy.actor.ptalon.PtalonPopulator.iterative_statement_evaluator(PtalonPopulator.java:2484)
	at ptolemy.actor.ptalon.AbstractPtalonEvaluator$IfTree.evaluateForScope(AbstractPtalonEvaluator.java:1307)
	at ptolemy.actor.ptalon.AbstractPtalonEvaluator.evaluateForScope(AbstractPtalonEvaluator.java:744)
	at ptolemy.actor.ptalon.PtalonPopulator.iterative_statement(PtalonPopulator.java:2363)
	at ptolemy.actor.ptalon.PtalonPopulator.actor_definition(PtalonPopulator.java:2809)
	at ptolemy.actor.ptalon.PtalonActor.attributeChanged(PtalonActor.java:206)
	at ptolemy.actor.ptalon.PtalonMLHandler.startElement(PtalonMLHandler.java:134)
	at com.microstar.xml.XmlParser.parseElement(XmlParser.java:921)
	at com.microstar.xml.XmlParser.parseContent(XmlParser.java:1104)
	at com.microstar.xml.XmlParser.parseElement(XmlParser.java:924)
	at com.microstar.xml.XmlParser.parseDocument(XmlParser.java:481)
	at com.microstar.xml.XmlParser.doParse(XmlParser.java:159)
	at com.microstar.xml.XmlParser.parse(XmlParser.java:132)
	at ptolemy.actor.ptalon.PtalonActor.configure(PtalonActor.java:240)
	at ptolemy.moml.MoMLParser.endElement(MoMLParser.java:996)
	at com.microstar.xml.XmlParser.parseETag(XmlParser.java:1026)
	at com.microstar.xml.XmlParser.parseContent(XmlParser.java:1098)
	at com.microstar.xml.XmlParser.parseElement(XmlParser.java:924)
	at com.microstar.xml.XmlParser.parseContent(XmlParser.java:1104)
	at com.microstar.xml.XmlParser.parseElement(XmlParser.java:924)
	at com.microstar.xml.XmlParser.parseContent(XmlParser.java:1104)
	at com.microstar.xml.XmlParser.parseElement(XmlParser.java:924)
	at com.microstar.xml.XmlParser.parseDocument(XmlParser.java:481)
	at com.microstar.xml.XmlParser.doParse(XmlParser.java:159)
	at com.microstar.xml.XmlParser.parse(XmlParser.java:132)
	at ptolemy.moml.MoMLParser.parse(MoMLParser.java:1676)
	at ptolemy.moml.MoMLParser.parse(MoMLParser.java:1595)
	at ptolemy.moml.MoMLParser.parse(MoMLParser.java:1537)
	at ptolemy.actor.gui.PtolemyEffigy$Factory.createEffigy(PtolemyEffigy.java:424)
	at ptolemy.actor.gui.EffigyFactory.createEffigy(EffigyFactory.java:234)
	at ptolemy.actor.gui.Configuration.openModel(Configuration.java:1125)
	at ptolemy.actor.gui.Configuration.openModel(Configuration.java:1051)
	at ptolemy.actor.gui.ConfigurationApplication._openModel(ConfigurationApplication.java:1252)
	at ptolemy.actor.gui.ConfigurationApplication._parseArg(ConfigurationApplication.java:1399)
	at ptolemy.actor.gui.ConfigurationApplication._parseArgs(ConfigurationApplication.java:1478)
	at ptolemy.actor.gui.ConfigurationApplication.<init>(ConfigurationApplication.java:277)
	at ptolemy.actor.gui.ConfigurationApplication.<init>(ConfigurationApplication.java:214)
	at ptolemy.actor.gui.ConfigurationApplication.<init>(ConfigurationApplication.java:201)
	at ptolemy.actor.gui.ConfigurationApplication.openModelOrEntity(ConfigurationApplication.java:680)
	at ptolemy.vergil.basic.export.ExportModel$1.run(ExportModel.java:220)
	at java.awt.event.InvocationEvent.dispatch(InvocationEvent.java:301)
	at java.awt.EventQueue.dispatchEventImpl(EventQueue.java:756)
	at java.awt.EventQueue.access$500(EventQueue.java:97)
	at java.awt.EventQueue$3.run(EventQueue.java:709)
	at java.awt.EventQueue$3.run(EventQueue.java:703)
	at java.security.AccessController.doPrivileged(Native Method)
	at java.security.ProtectionDomain$JavaSecurityAccessImpl.doIntersectionPrivilege(ProtectionDomain.java:80)
	at java.awt.EventQueue.dispatchEvent(EventQueue.java:726)
	at java.awt.EventDispatchThread.pumpOneEventForFilters(EventDispatchThread.java:201)
	at java.awt.EventDispatchThread.pumpEventsForFilter(EventDispatchThread.java:116)
	at java.awt.EventDispatchThread.pumpEventsForHierarchy(EventDispatchThread.java:105)
	at java.awt.EventDispatchThread.pumpEvents(EventDispatchThread.java:101)
	at java.awt.EventDispatchThread.pumpEvents(EventDispatchThread.java:93)
	at java.awt.EventDispatchThread.run(EventDispatchThread.java:82)
Caused by: ptolemy.kernel.util.InternalErrorException: Element <entity name="node1" class="ptolemy.actor.ptalon.demo.ptinyos.SenseToLeds.MicaBoard"> caused an exception to be thrown.
  in .SenseToLeds.SenseToLeds
Because:
Cannot find class: ptolemy.actor.ptalon.demo.ptinyos.SenseToLeds.MicaBoard. In Ptolemy, classes are typically Java .class files. Entities like actors may instead be defined within a .xml file.  In any case, the class was not found. If the class uses a third party package, then the class would be present only if the third party package was found at compile time.  It may be necessary to upgrade Java or install the third party package, reconfigure and recompile.
Because:
Element <entity name="MicaLeds" class="ptolemy.domains.ptinyos.lib.MicaLeds"> caused an exception to be thrown.
  in .MicaBoard
Because:
Cannot find class: ptolemy.domains.ptinyos.lib.MicaLeds. In Ptolemy, classes are typically Java .class files. Entities like actors may instead be defined within a .xml file.  In any case, the class was not found. If the class uses a third party package, then the class would be present only if the third party package was found at compile time.  It may be necessary to upgrade Java or install the third party package, reconfigure and recompile.
Because:
-- /home/travis/build/icyphy/ptII/ptolemy/actor/ptalon/demo/ptinyos/SenseToLeds/ptolemy/domains/ptinyos/lib/MicaLeds.xml (No such file or directory)
-- XML file not found relative to classpath.
-- /home/travis/build/icyphy/ptII/ptolemy/vergil/basic/export/test/ptolemy/domains/ptinyos/lib/MicaLeds.xml
/home/travis/build/icyphy/ptII/ptolemy/vergil/basic/export/test/ptolemy/domains/ptinyos/lib/MicaLeds.xml (No such file or directory)
 in file:/home/travis/build/icyphy/ptII/ptolemy/actor/ptalon/demo/ptinyos/SenseToLeds/MicaBoard.xml at line 134 and column 63
	at ptolemy.moml.SimpleErrorHandler.handleError(SimpleErrorHandler.java:75)
	at ptolemy.moml.MoMLParser.startElement(MoMLParser.java:3805)
	at com.microstar.xml.XmlParser.parseElement(XmlParser.java:931)
	at com.microstar.xml.XmlParser.parseDocument(XmlParser.java:481)
	at com.microstar.xml.XmlParser.doParse(XmlParser.java:159)
	at com.microstar.xml.XmlParser.parse(XmlParser.java:132)
	at ptolemy.moml.MoMLParser.parse(MoMLParser.java:1660)
	at ptolemy.moml.MoMLParser.parse(MoMLParser.java:1617)
	at ptolemy.moml.MoMLParser.parse(MoMLParser.java:1792)
	at ptolemy.actor.ptalon.PtalonEvaluator.addActor(PtalonEvaluator.java:241)
	... 56 more
Caused by: ptolemy.kernel.util.IllegalActionException: Cannot find class: ptolemy.actor.ptalon.demo.ptinyos.SenseToLeds.MicaBoard. In Ptolemy, classes are typically Java .class files. Entities like actors may instead be defined within a .xml file.  In any case, the class was not found. If the class uses a third party package, then the class would be present only if the third party package was found at compile time.  It may be necessary to upgrade Java or install the third party package, reconfigure and recompile.
Because:
Element <entity name="MicaLeds" class="ptolemy.domains.ptinyos.lib.MicaLeds"> caused an exception to be thrown.
  in .MicaBoard
Because:
Cannot find class: ptolemy.domains.ptinyos.lib.MicaLeds. In Ptolemy, classes are typically Java .class files. Entities like actors may instead be defined within a .xml file.  In any case, the class was not found. If the class uses a third party package, then the class would be present only if the third party package was found at compile time.  It may be necessary to upgrade Java or install the third party package, reconfigure and recompile.
Because:
-- /home/travis/build/icyphy/ptII/ptolemy/actor/ptalon/demo/ptinyos/SenseToLeds/ptolemy/domains/ptinyos/lib/MicaLeds.xml (No such file or directory)
-- XML file not found relative to classpath.
-- /home/travis/build/icyphy/ptII/ptolemy/vergil/basic/export/test/ptolemy/domains/ptinyos/lib/MicaLeds.xml
/home/travis/build/icyphy/ptII/ptolemy/vergil/basic/export/test/ptolemy/domains/ptinyos/lib/MicaLeds.xml (No such file or directory)
 in file:/home/travis/build/icyphy/ptII/ptolemy/actor/ptalon/demo/ptinyos/SenseToLeds/MicaBoard.xml at line 134 and column 63
	at ptolemy.moml.MoMLParser._createEntity(MoMLParser.java:4330)
	at ptolemy.moml.MoMLParser.startElement(MoMLParser.java:2864)
	... 64 more
Caused by: ptolemy.kernel.util.InternalErrorException: Element <entity name="MicaLeds" class="ptolemy.domains.ptinyos.lib.MicaLeds"> caused an exception to be thrown.
  in .MicaBoard
Because:
Cannot find class: ptolemy.domains.ptinyos.lib.MicaLeds. In Ptolemy, classes are typically Java .class files. Entities like actors may instead be defined within a .xml file.  In any case, the class was not found. If the class uses a third party package, then the class would be present only if the third party package was found at compile time.  It may be necessary to upgrade Java or install the third party package, reconfigure and recompile.
Because:
-- /home/travis/build/icyphy/ptII/ptolemy/actor/ptalon/demo/ptinyos/SenseToLeds/ptolemy/domains/ptinyos/lib/MicaLeds.xml (No such file or directory)
-- XML file not found relative to classpath.
-- /home/travis/build/icyphy/ptII/ptolemy/vergil/basic/export/test/ptolemy/domains/ptinyos/lib/MicaLeds.xml
/home/travis/build/icyphy/ptII/ptolemy/vergil/basic/export/test/ptolemy/domains/ptinyos/lib/MicaLeds.xml (No such file or directory)
 in file:/home/travis/build/icyphy/ptII/ptolemy/actor/ptalon/demo/ptinyos/SenseToLeds/MicaBoard.xml at line 134 and column 63
	at ptolemy.moml.SimpleErrorHandler.handleError(SimpleErrorHandler.java:75)
	at ptolemy.moml.MoMLParser.startElement(MoMLParser.java:3805)
	at com.microstar.xml.XmlParser.parseElement(XmlParser.java:921)
	at com.microstar.xml.XmlParser.parseContent(XmlParser.java:1104)
	at com.microstar.xml.XmlParser.parseElement(XmlParser.java:924)
	at com.microstar.xml.XmlParser.parseDocument(XmlParser.java:481)
	at com.microstar.xml.XmlParser.doParse(XmlParser.java:159)
	at com.microstar.xml.XmlParser.parse(XmlParser.java:132)
	at ptolemy.moml.MoMLParser.parse(MoMLParser.java:1676)
	at ptolemy.moml.MoMLParser.parse(MoMLParser.java:1595)
	at ptolemy.moml.MoMLParser.parse(MoMLParser.java:1537)
	at ptolemy.moml.MoMLParser._findOrParse(MoMLParser.java:5286)
	at ptolemy.moml.MoMLParser._attemptToFindMoMLClass(MoMLParser.java:4075)
	at ptolemy.moml.MoMLParser._createEntity(MoMLParser.java:4323)
	... 65 more
Caused by: ptolemy.kernel.util.IllegalActionException: Cannot find class: ptolemy.domains.ptinyos.lib.MicaLeds. In Ptolemy, classes are typically Java .class files. Entities like actors may instead be defined within a .xml file.  In any case, the class was not found. If the class uses a third party package, then the class would be present only if the third party package was found at compile time.  It may be necessary to upgrade Java or install the third party package, reconfigure and recompile.
Because:
-- /home/travis/build/icyphy/ptII/ptolemy/actor/ptalon/demo/ptinyos/SenseToLeds/ptolemy/domains/ptinyos/lib/MicaLeds.xml (No such file or directory)
-- XML file not found relative to classpath.
-- /home/travis/build/icyphy/ptII/ptolemy/vergil/basic/export/test/ptolemy/domains/ptinyos/lib/MicaLeds.xml
/home/travis/build/icyphy/ptII/ptolemy/vergil/basic/export/test/ptolemy/domains/ptinyos/lib/MicaLeds.xml (No such file or directory)
 in file:/home/travis/build/icyphy/ptII/ptolemy/actor/ptalon/demo/ptinyos/SenseToLeds/MicaBoard.xml at line 134 and column 63
	at ptolemy.moml.MoMLParser._createEntity(MoMLParser.java:4330)
	at ptolemy.moml.MoMLParser.startElement(MoMLParser.java:2864)
	... 77 more
Caused by: com.microstar.xml.XmlException: -- /home/travis/build/icyphy/ptII/ptolemy/actor/ptalon/demo/ptinyos/SenseToLeds/ptolemy/domains/ptinyos/lib/MicaLeds.xml (No such file or directory)
-- XML file not found relative to classpath.
-- /home/travis/build/icyphy/ptII/ptolemy/vergil/basic/export/test/ptolemy/domains/ptinyos/lib/MicaLeds.xml
/home/travis/build/icyphy/ptII/ptolemy/vergil/basic/export/test/ptolemy/domains/ptinyos/lib/MicaLeds.xml (No such file or directory)
 in file:/home/travis/build/icyphy/ptII/ptolemy/actor/ptalon/demo/ptinyos/SenseToLeds/MicaBoard.xml at line 134 and column 63
	at ptolemy.moml.MoMLParser.fileNameToURL(MoMLParser.java:1414)
	at ptolemy.moml.MoMLParser._findOrParse(MoMLParser.java:5283)
	at ptolemy.moml.MoMLParser._attemptToFindMoMLClass(MoMLParser.java:4075)
	at ptolemy.moml.MoMLParser._createEntity(MoMLParser.java:4323)
	... 78 more
Failed to read file:/home/travis/build/icyphy/ptII/ptolemy/actor/ptalon/demo/ptinyos/SenseToLeds/SenseToLeds.xml
ptolemy.kernel.util.IllegalActionException: Failed to process attribute change to PtalonParameter, whose value is "ptolemy.actor.ptalon.PtalonExpressionParameter {.SenseToLeds.SenseToLeds.n} 2".
  in .SenseToLeds.SenseToLeds
Because:
Unable to add actor null
	at ptolemy.actor.ptalon.PtalonActor.attributeChanged(PtalonActor.java:211)
	at ptolemy.actor.ptalon.PtalonMLHandler.startElement(PtalonMLHandler.java:134)
	at com.microstar.xml.XmlParser.parseElement(XmlParser.java:921)
	at com.microstar.xml.XmlParser.parseContent(XmlParser.java:1104)
	at com.microstar.xml.XmlParser.parseElement(XmlParser.java:924)
	at com.microstar.xml.XmlParser.parseDocument(XmlParser.java:481)
	at com.microstar.xml.XmlParser.doParse(XmlParser.java:159)
	at com.microstar.xml.XmlParser.parse(XmlParser.java:132)
	at ptolemy.actor.ptalon.PtalonActor.configure(PtalonActor.java:240)
	at ptolemy.moml.MoMLParser.endElement(MoMLParser.java:996)
	at com.microstar.xml.XmlParser.parseETag(XmlParser.java:1026)
	at com.microstar.xml.XmlParser.parseContent(XmlParser.java:1098)
	at com.microstar.xml.XmlParser.parseElement(XmlParser.java:924)
	at com.microstar.xml.XmlParser.parseContent(XmlParser.java:1104)
	at com.microstar.xml.XmlParser.parseElement(XmlParser.java:924)
	at com.microstar.xml.XmlParser.parseContent(XmlParser.java:1104)
	at com.microstar.xml.XmlParser.parseElement(XmlParser.java:924)
	at com.microstar.xml.XmlParser.parseDocument(XmlParser.java:481)
	at com.microstar.xml.XmlParser.doParse(XmlParser.java:159)
	at com.microstar.xml.XmlParser.parse(XmlParser.java:132)
	at ptolemy.moml.MoMLParser.parse(MoMLParser.java:1676)
	at ptolemy.moml.MoMLParser.parse(MoMLParser.java:1595)
	at ptolemy.moml.MoMLParser.parse(MoMLParser.java:1537)
	at ptolemy.actor.gui.PtolemyEffigy$Factory.createEffigy(PtolemyEffigy.java:424)
	at ptolemy.actor.gui.EffigyFactory.createEffigy(EffigyFactory.java:234)
	at ptolemy.actor.gui.Configuration.openModel(Configuration.java:1125)
	at ptolemy.actor.gui.Configuration.openModel(Configuration.java:1051)
	at ptolemy.actor.gui.ConfigurationApplication._openModel(ConfigurationApplication.java:1252)
	at ptolemy.actor.gui.ConfigurationApplication._parseArg(ConfigurationApplication.java:1399)
	at ptolemy.actor.gui.ConfigurationApplication._parseArgs(ConfigurationApplication.java:1478)
	at ptolemy.actor.gui.ConfigurationApplication.<init>(ConfigurationApplication.java:277)
	at ptolemy.actor.gui.ConfigurationApplication.<init>(ConfigurationApplication.java:214)
	at ptolemy.actor.gui.ConfigurationApplication.<init>(ConfigurationApplication.java:201)
	at ptolemy.actor.gui.ConfigurationApplication.openModelOrEntity(ConfigurationApplication.java:680)
	at ptolemy.vergil.basic.export.ExportModel$1.run(ExportModel.java:220)
	at java.awt.event.InvocationEvent.dispatch(InvocationEvent.java:301)
	at java.awt.EventQueue.dispatchEventImpl(EventQueue.java:756)
	at java.awt.EventQueue.access$500(EventQueue.java:97)
	at java.awt.EventQueue$3.run(EventQueue.java:709)
	at java.awt.EventQueue$3.run(EventQueue.java:703)
	at java.security.AccessController.doPrivileged(Native Method)
	at java.security.ProtectionDomain$JavaSecurityAccessImpl.doIntersectionPrivilege(ProtectionDomain.java:80)
	at java.awt.EventQueue.dispatchEvent(EventQueue.java:726)
	at java.awt.EventDispatchThread.pumpOneEventForFilters(EventDispatchThread.java:201)
	at java.awt.EventDispatchThread.pumpEventsForFilter(EventDispatchThread.java:116)
	at java.awt.EventDispatchThread.pumpEventsForHierarchy(EventDispatchThread.java:105)
	at java.awt.EventDispatchThread.pumpEvents(EventDispatchThread.java:101)
	at java.awt.EventDispatchThread.pumpEvents(EventDispatchThread.java:93)
	at java.awt.EventDispatchThread.run(EventDispatchThread.java:82)
Caused by: ptolemy.actor.ptalon.PtalonRuntimeException: Unable to add actor null
	at ptolemy.actor.ptalon.PtalonEvaluator.addActor(PtalonEvaluator.java:300)
	at ptolemy.actor.ptalon.PtalonPopulator.actor_declaration(PtalonPopulator.java:1574)
	at ptolemy.actor.ptalon.PtalonPopulator.atomic_statement(PtalonPopulator.java:1638)
	at ptolemy.actor.ptalon.PtalonPopulator.iterative_statement_evaluator(PtalonPopulator.java:2484)
	at ptolemy.actor.ptalon.AbstractPtalonEvaluator$IfTree.evaluateForScope(AbstractPtalonEvaluator.java:1307)
	at ptolemy.actor.ptalon.AbstractPtalonEvaluator.evaluateForScope(AbstractPtalonEvaluator.java:744)
	at ptolemy.actor.ptalon.PtalonPopulator.iterative_statement(PtalonPopulator.java:2363)
	at ptolemy.actor.ptalon.PtalonPopulator.actor_definition(PtalonPopulator.java:2809)
	at ptolemy.actor.ptalon.PtalonActor.attributeChanged(PtalonActor.java:206)
	... 48 more
Caused by: ptolemy.kernel.util.InternalErrorException: Element <entity name="node1" class="ptolemy.actor.ptalon.demo.ptinyos.SenseToLeds.MicaBoard"> caused an exception to be thrown.
  in .SenseToLeds.SenseToLeds
Because:
Cannot find class: ptolemy.actor.ptalon.demo.ptinyos.SenseToLeds.MicaBoard. In Ptolemy, classes are typically Java .class files. Entities like actors may instead be defined within a .xml file.  In any case, the class was not found. If the class uses a third party package, then the class would be present only if the third party package was found at compile time.  It may be necessary to upgrade Java or install the third party package, reconfigure and recompile.
Because:
Element <entity name="MicaLeds" class="ptolemy.domains.ptinyos.lib.MicaLeds"> caused an exception to be thrown.
  in .MicaBoard
Because:
Cannot find class: ptolemy.domains.ptinyos.lib.MicaLeds. In Ptolemy, classes are typically Java .class files. Entities like actors may instead be defined within a .xml file.  In any case, the class was not found. If the class uses a third party package, then the class would be present only if the third party package was found at compile time.  It may be necessary to upgrade Java or install the third party package, reconfigure and recompile.
Because:
-- /home/travis/build/icyphy/ptII/ptolemy/actor/ptalon/demo/ptinyos/SenseToLeds/ptolemy/domains/ptinyos/lib/MicaLeds.xml (No such file or directory)
-- XML file not found relative to classpath.
-- /home/travis/build/icyphy/ptII/ptolemy/vergil/basic/export/test/ptolemy/domains/ptinyos/lib/MicaLeds.xml
/home/travis/build/icyphy/ptII/ptolemy/vergil/basic/export/test/ptolemy/domains/ptinyos/lib/MicaLeds.xml (No such file or directory)
 in file:/home/travis/build/icyphy/ptII/ptolemy/actor/ptalon/demo/ptinyos/SenseToLeds/MicaBoard.xml at line 134 and column 63
	at ptolemy.moml.SimpleErrorHandler.handleError(SimpleErrorHandler.java:75)
	at ptolemy.moml.MoMLParser.startElement(MoMLParser.java:3805)
	at com.microstar.xml.XmlParser.parseElement(XmlParser.java:931)
	at com.microstar.xml.XmlParser.parseDocument(XmlParser.java:481)
	at com.microstar.xml.XmlParser.doParse(XmlParser.java:159)
	at com.microstar.xml.XmlParser.parse(XmlParser.java:132)
	at ptolemy.moml.MoMLParser.parse(MoMLParser.java:1660)
	at ptolemy.moml.MoMLParser.parse(MoMLParser.java:1617)
	at ptolemy.moml.MoMLParser.parse(MoMLParser.java:1792)
	at ptolemy.actor.ptalon.PtalonEvaluator.addActor(PtalonEvaluator.java:241)
	... 56 more
Caused by: ptolemy.kernel.util.IllegalActionException: Cannot find class: ptolemy.actor.ptalon.demo.ptinyos.SenseToLeds.MicaBoard. In Ptolemy, classes are typically Java .class files. Entities like actors may instead be defined within a .xml file.  In any case, the class was not found. If the class uses a third party package, then the class would be present only if the third party package was found at compile time.  It may be necessary to upgrade Java or install the third party package, reconfigure and recompile.
Because:
Element <entity name="MicaLeds" class="ptolemy.domains.ptinyos.lib.MicaLeds"> caused an exception to be thrown.
  in .MicaBoard
Because:
Cannot find class: ptolemy.domains.ptinyos.lib.MicaLeds. In Ptolemy, classes are typically Java .class files. Entities like actors may instead be defined within a .xml file.  In any case, the class was not found. If the class uses a third party package, then the class would be present only if the third party package was found at compile time.  It may be necessary to upgrade Java or install the third party package, reconfigure and recompile.
Because:
-- /home/travis/build/icyphy/ptII/ptolemy/actor/ptalon/demo/ptinyos/SenseToLeds/ptolemy/domains/ptinyos/lib/MicaLeds.xml (No such file or directory)
-- XML file not found relative to classpath.
-- /home/travis/build/icyphy/ptII/ptolemy/vergil/basic/export/test/ptolemy/domains/ptinyos/lib/MicaLeds.xml
/home/travis/build/icyphy/ptII/ptolemy/vergil/basic/export/test/ptolemy/domains/ptinyos/lib/MicaLeds.xml (No such file or directory)
 in file:/home/travis/build/icyphy/ptII/ptolemy/actor/ptalon/demo/ptinyos/SenseToLeds/MicaBoard.xml at line 134 and column 63
	at ptolemy.moml.MoMLParser._createEntity(MoMLParser.java:4330)
	at ptolemy.moml.MoMLParser.startElement(MoMLParser.java:2864)
	... 64 more
Caused by: ptolemy.kernel.util.InternalErrorException: Element <entity name="MicaLeds" class="ptolemy.domains.ptinyos.lib.MicaLeds"> caused an exception to be thrown.
  in .MicaBoard
Because:
Cannot find class: ptolemy.domains.ptinyos.lib.MicaLeds. In Ptolemy, classes are typically Java .class files. Entities like actors may instead be defined within a .xml file.  In any case, the class was not found. If the class uses a third party package, then the class would be present only if the third party package was found at compile time.  It may be necessary to upgrade Java or install the third party package, reconfigure and recompile.
Because:
-- /home/travis/build/icyphy/ptII/ptolemy/actor/ptalon/demo/ptinyos/SenseToLeds/ptolemy/domains/ptinyos/lib/MicaLeds.xml (No such file or directory)
-- XML file not found relative to classpath.
-- /home/travis/build/icyphy/ptII/ptolemy/vergil/basic/export/test/ptolemy/domains/ptinyos/lib/MicaLeds.xml
/home/travis/build/icyphy/ptII/ptolemy/vergil/basic/export/test/ptolemy/domains/ptinyos/lib/MicaLeds.xml (No such file or directory)
 in file:/home/travis/build/icyphy/ptII/ptolemy/actor/ptalon/demo/ptinyos/SenseToLeds/MicaBoard.xml at line 134 and column 63
	at ptolemy.moml.SimpleErrorHandler.handleError(SimpleErrorHandler.java:75)
	at ptolemy.moml.MoMLParser.startElement(MoMLParser.java:3805)
	at com.microstar.xml.XmlParser.parseElement(XmlParser.java:921)
	at com.microstar.xml.XmlParser.parseContent(XmlParser.java:1104)
	at com.microstar.xml.XmlParser.parseElement(XmlParser.java:924)
	at com.microstar.xml.XmlParser.parseDocument(XmlParser.java:481)
	at com.microstar.xml.XmlParser.doParse(XmlParser.java:159)
	at com.microstar.xml.XmlParser.parse(XmlParser.java:132)
	at ptolemy.moml.MoMLParser.parse(MoMLParser.java:1676)
	at ptolemy.moml.MoMLParser.parse(MoMLParser.java:1595)
	at ptolemy.moml.MoMLParser.parse(MoMLParser.java:1537)
	at ptolemy.moml.MoMLParser._findOrParse(MoMLParser.java:5286)
	at ptolemy.moml.MoMLParser._attemptToFindMoMLClass(MoMLParser.java:4075)
	at ptolemy.moml.MoMLParser._createEntity(MoMLParser.java:4323)
	... 65 more
Caused by: ptolemy.kernel.util.IllegalActionException: Cannot find class: ptolemy.domains.ptinyos.lib.MicaLeds. In Ptolemy, classes are typically Java .class files. Entities like actors may instead be defined within a .xml file.  In any case, the class was not found. If the class uses a third party package, then the class would be present only if the third party package was found at compile time.  It may be necessary to upgrade Java or install the third party package, reconfigure and recompile.
Because:
-- /home/travis/build/icyphy/ptII/ptolemy/actor/ptalon/demo/ptinyos/SenseToLeds/ptolemy/domains/ptinyos/lib/MicaLeds.xml (No such file or directory)
-- XML file not found relative to classpath.
-- /home/travis/build/icyphy/ptII/ptolemy/vergil/basic/export/test/ptolemy/domains/ptinyos/lib/MicaLeds.xml
/home/travis/build/icyphy/ptII/ptolemy/vergil/basic/export/test/ptolemy/domains/ptinyos/lib/MicaLeds.xml (No such file or directory)
 in file:/home/travis/build/icyphy/ptII/ptolemy/actor/ptalon/demo/ptinyos/SenseToLeds/MicaBoard.xml at line 134 and column 63
	at ptolemy.moml.MoMLParser._createEntity(MoMLParser.java:4330)
	at ptolemy.moml.MoMLParser.startElement(MoMLParser.java:2864)
	... 77 more
Caused by: com.microstar.xml.XmlException: -- /home/travis/build/icyphy/ptII/ptolemy/actor/ptalon/demo/ptinyos/SenseToLeds/ptolemy/domains/ptinyos/lib/MicaLeds.xml (No such file or directory)
-- XML file not found relative to classpath.
-- /home/travis/build/icyphy/ptII/ptolemy/vergil/basic/export/test/ptolemy/domains/ptinyos/lib/MicaLeds.xml
/home/travis/build/icyphy/ptII/ptolemy/vergil/basic/export/test/ptolemy/domains/ptinyos/lib/MicaLeds.xml (No such file or directory)
 in file:/home/travis/build/icyphy/ptII/ptolemy/actor/ptalon/demo/ptinyos/SenseToLeds/MicaBoard.xml at line 134 and column 63
	at ptolemy.moml.MoMLParser.fileNameToURL(MoMLParser.java:1414)
	at ptolemy.moml.MoMLParser._findOrParse(MoMLParser.java:5283)
	at ptolemy.moml.MoMLParser._attemptToFindMoMLClass(MoMLParser.java:4075)
	at ptolemy.moml.MoMLParser._createEntity(MoMLParser.java:4323)
	... 78 more
Caused by: ptolemy.actor.ptalon.PtalonRuntimeException: Unable to add actor null
	at ptolemy.actor.ptalon.PtalonEvaluator.addActor(PtalonEvaluator.java:300)
	at ptolemy.actor.ptalon.PtalonPopulator.actor_declaration(PtalonPopulator.java:1574)
	at ptolemy.actor.ptalon.PtalonPopulator.atomic_statement(PtalonPopulator.java:1638)
	at ptolemy.actor.ptalon.PtalonPopulator.iterative_statement_evaluator(PtalonPopulator.java:2484)
	at ptolemy.actor.ptalon.AbstractPtalonEvaluator$IfTree.evaluateForScope(AbstractPtalonEvaluator.java:1307)
	at ptolemy.actor.ptalon.AbstractPtalonEvaluator.evaluateForScope(AbstractPtalonEvaluator.java:744)
	at ptolemy.actor.ptalon.PtalonPopulator.iterative_statement(PtalonPopulator.java:2363)
	at ptolemy.actor.ptalon.PtalonPopulator.actor_definition(PtalonPopulator.java:2809)
	at ptolemy.actor.ptalon.PtalonActor.attributeChanged(PtalonActor.java:206)
	at ptolemy.actor.ptalon.PtalonMLHandler.startElement(PtalonMLHandler.java:134)
	at com.microstar.xml.XmlParser.parseElement(XmlParser.java:921)
	at com.microstar.xml.XmlParser.parseContent(XmlParser.java:1104)
	at com.microstar.xml.XmlParser.parseElement(XmlParser.java:924)
	at com.microstar.xml.XmlParser.parseDocument(XmlParser.java:481)
	at com.microstar.xml.XmlParser.doParse(XmlParser.java:159)
	at com.microstar.xml.XmlParser.parse(XmlParser.java:132)
	at ptolemy.actor.ptalon.PtalonActor.configure(PtalonActor.java:240)
	at ptolemy.moml.MoMLParser.endElement(MoMLParser.java:996)
	at com.microstar.xml.XmlParser.parseETag(XmlParser.java:1026)
	at com.microstar.xml.XmlParser.parseContent(XmlParser.java:1098)
	at com.microstar.xml.XmlParser.parseElement(XmlParser.java:924)
	at com.microstar.xml.XmlParser.parseContent(XmlParser.java:1104)
	at com.microstar.xml.XmlParser.parseElement(XmlParser.java:924)
	at com.microstar.xml.XmlParser.parseContent(XmlParser.java:1104)
	at com.microstar.xml.XmlParser.parseElement(XmlParser.java:924)
	at com.microstar.xml.XmlParser.parseDocument(XmlParser.java:481)
	at com.microstar.xml.XmlParser.doParse(XmlParser.java:159)
	at com.microstar.xml.XmlParser.parse(XmlParser.java:132)
	at ptolemy.moml.MoMLParser.parse(MoMLParser.java:1676)
	at ptolemy.moml.MoMLParser.parse(MoMLParser.java:1595)
	at ptolemy.moml.MoMLParser.parse(MoMLParser.java:1537)
	at ptolemy.actor.gui.PtolemyEffigy$Factory.createEffigy(PtolemyEffigy.java:424)
	at ptolemy.actor.gui.EffigyFactory.createEffigy(EffigyFactory.java:234)
	at ptolemy.actor.gui.Configuration.openModel(Configuration.java:1125)
	at ptolemy.actor.gui.Configuration.openModel(Configuration.java:1051)
	at ptolemy.actor.gui.ConfigurationApplication._openModel(ConfigurationApplication.java:1252)
	at ptolemy.actor.gui.ConfigurationApplication._parseArg(ConfigurationApplication.java:1399)
	at ptolemy.actor.gui.ConfigurationApplication._parseArgs(ConfigurationApplication.java:1478)
	at ptolemy.actor.gui.ConfigurationApplication.<init>(ConfigurationApplication.java:277)
	at ptolemy.actor.gui.ConfigurationApplication.<init>(ConfigurationApplication.java:214)
	at ptolemy.actor.gui.ConfigurationApplication.<init>(ConfigurationApplication.java:201)
	at ptolemy.actor.gui.ConfigurationApplication.openModelOrEntity(ConfigurationApplication.java:680)
	at ptolemy.vergil.basic.export.ExportModel$1.run(ExportModel.java:220)
	at java.awt.event.InvocationEvent.dispatch(InvocationEvent.java:301)
	at java.awt.EventQueue.dispatchEventImpl(EventQueue.java:756)
	at java.awt.EventQueue.access$500(EventQueue.java:97)
	at java.awt.EventQueue$3.run(EventQueue.java:709)
	at java.awt.EventQueue$3.run(EventQueue.java:703)
	at java.security.AccessController.doPrivileged(Native Method)
	at java.security.ProtectionDomain$JavaSecurityAccessImpl.doIntersectionPrivilege(ProtectionDomain.java:80)
	at java.awt.EventQueue.dispatchEvent(EventQueue.java:726)
	at java.awt.EventDispatchThread.pumpOneEventForFilters(EventDispatchThread.java:201)
	at java.awt.EventDispatchThread.pumpEventsForFilter(EventDispatchThread.java:116)
	at java.awt.EventDispatchThread.pumpEventsForHierarchy(EventDispatchThread.java:105)
	at java.awt.EventDispatchThread.pumpEvents(EventDispatchThread.java:101)
	at java.awt.EventDispatchThread.pumpEvents(EventDispatchThread.java:93)
	at java.awt.EventDispatchThread.run(EventDispatchThread.java:82)
Caused by: ptolemy.kernel.util.InternalErrorException: Element <entity name="node1" class="ptolemy.actor.ptalon.demo.ptinyos.SenseToLeds.MicaBoard"> caused an exception to be thrown.
  in .SenseToLeds.SenseToLeds
Because:
Cannot find class: ptolemy.actor.ptalon.demo.ptinyos.SenseToLeds.MicaBoard. In Ptolemy, classes are typically Java .class files. Entities like actors may instead be defined within a .xml file.  In any case, the class was not found. If the class uses a third party package, then the class would be present only if the third party package was found at compile time.  It may be necessary to upgrade Java or install the third party package, reconfigure and recompile.
Because:
Element <entity name="MicaLeds" class="ptolemy.domains.ptinyos.lib.MicaLeds"> caused an exception to be thrown.
  in .MicaBoard
Because:
Cannot find class: ptolemy.domains.ptinyos.lib.MicaLeds. In Ptolemy, classes are typically Java .class files. Entities like actors may instead be defined within a .xml file.  In any case, the class was not found. If the class uses a third party package, then the class would be present only if the third party package was found at compile time.  It may be necessary to upgrade Java or install the third party package, reconfigure and recompile.
Because:
-- /home/travis/build/icyphy/ptII/ptolemy/actor/ptalon/demo/ptinyos/SenseToLeds/ptolemy/domains/ptinyos/lib/MicaLeds.xml (No such file or directory)
-- XML file not found relative to classpath.
-- /home/travis/build/icyphy/ptII/ptolemy/vergil/basic/export/test/ptolemy/domains/ptinyos/lib/MicaLeds.xml
/home/travis/build/icyphy/ptII/ptolemy/vergil/basic/export/test/ptolemy/domains/ptinyos/lib/MicaLeds.xml (No such file or directory)
 in file:/home/travis/build/icyphy/ptII/ptolemy/actor/ptalon/demo/ptinyos/SenseToLeds/MicaBoard.xml at line 134 and column 63
	at ptolemy.moml.SimpleErrorHandler.handleError(SimpleErrorHandler.java:75)
	at ptolemy.moml.MoMLParser.startElement(MoMLParser.java:3805)
	at com.microstar.xml.XmlParser.parseElement(XmlParser.java:931)
	at com.microstar.xml.XmlParser.parseDocument(XmlParser.java:481)
	at com.microstar.xml.XmlParser.doParse(XmlParser.java:159)
	at com.microstar.xml.XmlParser.parse(XmlParser.java:132)
	at ptolemy.moml.MoMLParser.parse(MoMLParser.java:1660)
	at ptolemy.moml.MoMLParser.parse(MoMLParser.java:1617)
	at ptolemy.moml.MoMLParser.parse(MoMLParser.java:1792)
	at ptolemy.actor.ptalon.PtalonEvaluator.addActor(PtalonEvaluator.java:241)
	... 56 more
Caused by: ptolemy.kernel.util.IllegalActionException: Cannot find class: ptolemy.actor.ptalon.demo.ptinyos.SenseToLeds.MicaBoard. In Ptolemy, classes are typically Java .class files. Entities like actors may instead be defined within a .xml file.  In any case, the class was not found. If the class uses a third party package, then the class would be present only if the third party package was found at compile time.  It may be necessary to upgrade Java or install the third party package, reconfigure and recompile.
Because:
Element <entity name="MicaLeds" class="ptolemy.domains.ptinyos.lib.MicaLeds"> caused an exception to be thrown.
  in .MicaBoard
Because:
Cannot find class: ptolemy.domains.ptinyos.lib.MicaLeds. In Ptolemy, classes are typically Java .class files. Entities like actors may instead be defined within a .xml file.  In any case, the class was not found. If the class uses a third party package, then the class would be present only if the third party package was found at compile time.  It may be necessary to upgrade Java or install the third party package, reconfigure and recompile.
Because:
-- /home/travis/build/icyphy/ptII/ptolemy/actor/ptalon/demo/ptinyos/SenseToLeds/ptolemy/domains/ptinyos/lib/MicaLeds.xml (No such file or directory)
-- XML file not found relative to classpath.
-- /home/travis/build/icyphy/ptII/ptolemy/vergil/basic/export/test/ptolemy/domains/ptinyos/lib/MicaLeds.xml
/home/travis/build/icyphy/ptII/ptolemy/vergil/basic/export/test/ptolemy/domains/ptinyos/lib/MicaLeds.xml (No such file or directory)
 in file:/home/travis/build/icyphy/ptII/ptolemy/actor/ptalon/demo/ptinyos/SenseToLeds/MicaBoard.xml at line 134 and column 63
	at ptolemy.moml.MoMLParser._createEntity(MoMLParser.java:4330)
	at ptolemy.moml.MoMLParser.startElement(MoMLParser.java:2864)
	... 64 more
Caused by: ptolemy.kernel.util.InternalErrorException: Element <entity name="MicaLeds" class="ptolemy.domains.ptinyos.lib.MicaLeds"> caused an exception to be thrown.
  in .MicaBoard
Because:
Cannot find class: ptolemy.domains.ptinyos.lib.MicaLeds. In Ptolemy, classes are typically Java .class files. Entities like actors may instead be defined within a .xml file.  In any case, the class was not found. If the class uses a third party package, then the class would be present only if the third party package was found at compile time.  It may be necessary to upgrade Java or install the third party package, reconfigure and recompile.
Because:
-- /home/travis/build/icyphy/ptII/ptolemy/actor/ptalon/demo/ptinyos/SenseToLeds/ptolemy/domains/ptinyos/lib/MicaLeds.xml (No such file or directory)
-- XML file not found relative to classpath.
-- /home/travis/build/icyphy/ptII/ptolemy/vergil/basic/export/test/ptolemy/domains/ptinyos/lib/MicaLeds.xml
/home/travis/build/icyphy/ptII/ptolemy/vergil/basic/export/test/ptolemy/domains/ptinyos/lib/MicaLeds.xml (No such file or directory)
 in file:/home/travis/build/icyphy/ptII/ptolemy/actor/ptalon/demo/ptinyos/SenseToLeds/MicaBoard.xml at line 134 and column 63
	at ptolemy.moml.SimpleErrorHandler.handleError(SimpleErrorHandler.java:75)
	at ptolemy.moml.MoMLParser.startElement(MoMLParser.java:3805)
	at com.microstar.xml.XmlParser.parseElement(XmlParser.java:921)
	at com.microstar.xml.XmlParser.parseContent(XmlParser.java:1104)
	at com.microstar.xml.XmlParser.parseElement(XmlParser.java:924)
	at com.microstar.xml.XmlParser.parseDocument(XmlParser.java:481)
	at com.microstar.xml.XmlParser.doParse(XmlParser.java:159)
	at com.microstar.xml.XmlParser.parse(XmlParser.java:132)
	at ptolemy.moml.MoMLParser.parse(MoMLParser.java:1676)
	at ptolemy.moml.MoMLParser.parse(MoMLParser.java:1595)
	at ptolemy.moml.MoMLParser.parse(MoMLParser.java:1537)
	at ptolemy.moml.MoMLParser._findOrParse(MoMLParser.java:5286)
	at ptolemy.moml.MoMLParser._attemptToFindMoMLClass(MoMLParser.java:4075)
	at ptolemy.moml.MoMLParser._createEntity(MoMLParser.java:4323)
	... 65 more
Caused by: ptolemy.kernel.util.IllegalActionException: Cannot find class: ptolemy.domains.ptinyos.lib.MicaLeds. In Ptolemy, classes are typically Java .class files. Entities like actors may instead be defined within a .xml file.  In any case, the class was not found. If the class uses a third party package, then the class would be present only if the third party package was found at compile time.  It may be necessary to upgrade Java or install the third party package, reconfigure and recompile.
Because:
-- /home/travis/build/icyphy/ptII/ptolemy/actor/ptalon/demo/ptinyos/SenseToLeds/ptolemy/domains/ptinyos/lib/MicaLeds.xml (No such file or directory)
-- XML file not found relative to classpath.
-- /home/travis/build/icyphy/ptII/ptolemy/vergil/basic/export/test/ptolemy/domains/ptinyos/lib/MicaLeds.xml
/home/travis/build/icyphy/ptII/ptolemy/vergil/basic/export/test/ptolemy/domains/ptinyos/lib/MicaLeds.xml (No such file or directory)
 in file:/home/travis/build/icyphy/ptII/ptolemy/actor/ptalon/demo/ptinyos/SenseToLeds/MicaBoard.xml at line 134 and column 63
	at ptolemy.moml.MoMLParser._createEntity(MoMLParser.java:4330)
	at ptolemy.moml.MoMLParser.startElement(MoMLParser.java:2864)
	... 77 more
Caused by: com.microstar.xml.XmlException: -- /home/travis/build/icyphy/ptII/ptolemy/actor/ptalon/demo/ptinyos/SenseToLeds/ptolemy/domains/ptinyos/lib/MicaLeds.xml (No such file or directory)
-- XML file not found relative to classpath.
-- /home/travis/build/icyphy/ptII/ptolemy/vergil/basic/export/test/ptolemy/domains/ptinyos/lib/MicaLeds.xml
/home/travis/build/icyphy/ptII/ptolemy/vergil/basic/export/test/ptolemy/domains/ptinyos/lib/MicaLeds.xml (No such file or directory)
 in file:/home/travis/build/icyphy/ptII/ptolemy/actor/ptalon/demo/ptinyos/SenseToLeds/MicaBoard.xml at line 134 and column 63
	at ptolemy.moml.MoMLParser.fileNameToURL(MoMLParser.java:1414)
	at ptolemy.moml.MoMLParser._findOrParse(MoMLParser.java:5283)
	at ptolemy.moml.MoMLParser._attemptToFindMoMLClass(MoMLParser.java:4075)
	at ptolemy.moml.MoMLParser._createEntity(MoMLParser.java:4323)
	... 78 more
ptolemy.kernel.util.IllegalActionException: Failed to process attribute change to PtalonParameter, whose value is "ptolemy.actor.ptalon.PtalonExpressionParameter {.SenseToLeds.SenseToLeds.n} 2".
  in .SenseToLeds.SenseToLeds
Because:
Unable to add actor null
	at ptolemy.actor.ptalon.PtalonActor.attributeChanged(PtalonActor.java:211)
	at ptolemy.actor.ptalon.PtalonMLHandler.startElement(PtalonMLHandler.java:134)
	at com.microstar.xml.XmlParser.parseElement(XmlParser.java:921)
	at com.microstar.xml.XmlParser.parseContent(XmlParser.java:1104)
	at com.microstar.xml.XmlParser.parseElement(XmlParser.java:924)
	at com.microstar.xml.XmlParser.parseDocument(XmlParser.java:481)
	at com.microstar.xml.XmlParser.doParse(XmlParser.java:159)
	at com.microstar.xml.XmlParser.parse(XmlParser.java:132)
	at ptolemy.actor.ptalon.PtalonActor.configure(PtalonActor.java:240)
	at ptolemy.moml.MoMLParser.endElement(MoMLParser.java:996)
	at com.microstar.xml.XmlParser.parseETag(XmlParser.java:1026)
	at com.microstar.xml.XmlParser.parseContent(XmlParser.java:1098)
	at com.microstar.xml.XmlParser.parseElement(XmlParser.java:924)
	at com.microstar.xml.XmlParser.parseContent(XmlParser.java:1104)
	at com.microstar.xml.XmlParser.parseElement(XmlParser.java:924)
	at com.microstar.xml.XmlParser.parseContent(XmlParser.java:1104)
	at com.microstar.xml.XmlParser.parseElement(XmlParser.java:924)
	at com.microstar.xml.XmlParser.parseDocument(XmlParser.java:481)
	at com.microstar.xml.XmlParser.doParse(XmlParser.java:159)
	at com.microstar.xml.XmlParser.parse(XmlParser.java:132)
	at ptolemy.moml.MoMLParser.parse(MoMLParser.java:1676)
	at ptolemy.moml.MoMLParser.parse(MoMLParser.java:1595)
	at ptolemy.moml.MoMLParser.parse(MoMLParser.java:1537)
	at ptolemy.actor.gui.PtolemyEffigy$Factory.createEffigy(PtolemyEffigy.java:424)
	at ptolemy.actor.gui.EffigyFactory.createEffigy(EffigyFactory.java:234)
	at ptolemy.actor.gui.Configuration.openModel(Configuration.java:1125)
	at ptolemy.actor.gui.Configuration.openModel(Configuration.java:1051)
	at ptolemy.actor.gui.ConfigurationApplication._openModel(ConfigurationApplication.java:1252)
	at ptolemy.actor.gui.ConfigurationApplication._parseArg(ConfigurationApplication.java:1399)
	at ptolemy.actor.gui.ConfigurationApplication._parseArgs(ConfigurationApplication.java:1478)
	at ptolemy.actor.gui.ConfigurationApplication.<init>(ConfigurationApplication.java:277)
	at ptolemy.actor.gui.ConfigurationApplication.<init>(ConfigurationApplication.java:214)
	at ptolemy.actor.gui.ConfigurationApplication.<init>(ConfigurationApplication.java:201)
	at ptolemy.actor.gui.ConfigurationApplication.openModelOrEntity(ConfigurationApplication.java:680)
	at ptolemy.vergil.basic.export.ExportModel$1.run(ExportModel.java:220)
	at java.awt.event.InvocationEvent.dispatch(InvocationEvent.java:301)
	at java.awt.EventQueue.dispatchEventImpl(EventQueue.java:756)
	at java.awt.EventQueue.access$500(EventQueue.java:97)
	at java.awt.EventQueue$3.run(EventQueue.java:709)
	at java.awt.EventQueue$3.run(EventQueue.java:703)
	at java.security.AccessController.doPrivileged(Native Method)
	at java.security.ProtectionDomain$JavaSecurityAccessImpl.doIntersectionPrivilege(ProtectionDomain.java:80)
	at java.awt.EventQueue.dispatchEvent(EventQueue.java:726)
	at java.awt.EventDispatchThread.pumpOneEventForFilters(EventDispatchThread.java:201)
	at java.awt.EventDispatchThread.pumpEventsForFilter(EventDispatchThread.java:116)
	at java.awt.EventDispatchThread.pumpEventsForHierarchy(EventDispatchThread.java:105)
	at java.awt.EventDispatchThread.pumpEvents(EventDispatchThread.java:101)
	at java.awt.EventDispatchThread.pumpEvents(EventDispatchThread.java:93)
	at java.awt.EventDispatchThread.run(EventDispatchThread.java:82)
Caused by: ptolemy.actor.ptalon.PtalonRuntimeException: Unable to add actor null
	at ptolemy.actor.ptalon.PtalonEvaluator.addActor(PtalonEvaluator.java:300)
	at ptolemy.actor.ptalon.PtalonPopulator.actor_declaration(PtalonPopulator.java:1574)
	at ptolemy.actor.ptalon.PtalonPopulator.atomic_statement(PtalonPopulator.java:1638)
	at ptolemy.actor.ptalon.PtalonPopulator.iterative_statement_evaluator(PtalonPopulator.java:2484)
	at ptolemy.actor.ptalon.AbstractPtalonEvaluator$IfTree.evaluateForScope(AbstractPtalonEvaluator.java:1307)
	at ptolemy.actor.ptalon.AbstractPtalonEvaluator.evaluateForScope(AbstractPtalonEvaluator.java:744)
	at ptolemy.actor.ptalon.PtalonPopulator.iterative_statement(PtalonPopulator.java:2363)
	at ptolemy.actor.ptalon.PtalonPopulator.actor_definition(PtalonPopulator.java:2809)
	at ptolemy.actor.ptalon.PtalonActor.attributeChanged(PtalonActor.java:206)
	... 48 more
Caused by: ptolemy.kernel.util.InternalErrorException: Element <entity name="node1" class="ptolemy.actor.ptalon.demo.ptinyos.SenseToLeds.MicaBoard"> caused an exception to be thrown.
  in .SenseToLeds.SenseToLeds
Because:
Cannot find class: ptolemy.actor.ptalon.demo.ptinyos.SenseToLeds.MicaBoard. In Ptolemy, classes are typically Java .class files. Entities like actors may instead be defined within a .xml file.  In any case, the class was not found. If the class uses a third party package, then the class would be present only if the third party package was found at compile time.  It may be necessary to upgrade Java or install the third party package, reconfigure and recompile.
Because:
Element <entity name="MicaLeds" class="ptolemy.domains.ptinyos.lib.MicaLeds"> caused an exception to be thrown.
  in .MicaBoard
Because:
Cannot find class: ptolemy.domains.ptinyos.lib.MicaLeds. In Ptolemy, classes are typically Java .class files. Entities like actors may instead be defined within a .xml file.  In any case, the class was not found. If the class uses a third party package, then the class would be present only if the third party package was found at compile time.  It may be necessary to upgrade Java or install the third party package, reconfigure and recompile.
Because:
-- /home/travis/build/icyphy/ptII/ptolemy/actor/ptalon/demo/ptinyos/SenseToLeds/ptolemy/domains/ptinyos/lib/MicaLeds.xml (No such file or directory)
-- XML file not found relative to classpath.
-- /home/travis/build/icyphy/ptII/ptolemy/vergil/basic/export/test/ptolemy/domains/ptinyos/lib/MicaLeds.xml
/home/travis/build/icyphy/ptII/ptolemy/vergil/basic/export/test/ptolemy/domains/ptinyos/lib/MicaLeds.xml (No such file or directory)
 in file:/home/travis/build/icyphy/ptII/ptolemy/actor/ptalon/demo/ptinyos/SenseToLeds/MicaBoard.xml at line 134 and column 63
	at ptolemy.moml.SimpleErrorHandler.handleError(SimpleErrorHandler.java:75)
	at ptolemy.moml.MoMLParser.startElement(MoMLParser.java:3805)
	at com.microstar.xml.XmlParser.parseElement(XmlParser.java:931)
	at com.microstar.xml.XmlParser.parseDocument(XmlParser.java:481)
	at com.microstar.xml.XmlParser.doParse(XmlParser.java:159)
	at com.microstar.xml.XmlParser.parse(XmlParser.java:132)
	at ptolemy.moml.MoMLParser.parse(MoMLParser.java:1660)
	at ptolemy.moml.MoMLParser.parse(MoMLParser.java:1617)
	at ptolemy.moml.MoMLParser.parse(MoMLParser.java:1792)
	at ptolemy.actor.ptalon.PtalonEvaluator.addActor(PtalonEvaluator.java:241)
	... 56 more
Caused by: ptolemy.kernel.util.IllegalActionException: Cannot find class: ptolemy.actor.ptalon.demo.ptinyos.SenseToLeds.MicaBoard. In Ptolemy, classes are typically Java .class files. Entities like actors may instead be defined within a .xml file.  In any case, the class was not found. If the class uses a third party package, then the class would be present only if the third party package was found at compile time.  It may be necessary to upgrade Java or install the third party package, reconfigure and recompile.
Because:
Element <entity name="MicaLeds" class="ptolemy.domains.ptinyos.lib.MicaLeds"> caused an exception to be thrown.
  in .MicaBoard
Because:
Cannot find class: ptolemy.domains.ptinyos.lib.MicaLeds. In Ptolemy, classes are typically Java .class files. Entities like actors may instead be defined within a .xml file.  In any case, the class was not found. If the class uses a third party package, then the class would be present only if the third party package was found at compile time.  It may be necessary to upgrade Java or install the third party package, reconfigure and recompile.
Because:
-- /home/travis/build/icyphy/ptII/ptolemy/actor/ptalon/demo/ptinyos/SenseToLeds/ptolemy/domains/ptinyos/lib/MicaLeds.xml (No such file or directory)
-- XML file not found relative to classpath.
-- /home/travis/build/icyphy/ptII/ptolemy/vergil/basic/export/test/ptolemy/domains/ptinyos/lib/MicaLeds.xml
/home/travis/build/icyphy/ptII/ptolemy/vergil/basic/export/test/ptolemy/domains/ptinyos/lib/MicaLeds.xml (No such file or directory)
 in file:/home/travis/build/icyphy/ptII/ptolemy/actor/ptalon/demo/ptinyos/SenseToLeds/MicaBoard.xml at line 134 and column 63
	at ptolemy.moml.MoMLParser._createEntity(MoMLParser.java:4330)
	at ptolemy.moml.MoMLParser.startElement(MoMLParser.java:2864)
	... 64 more
Caused by: ptolemy.kernel.util.InternalErrorException: Element <entity name="MicaLeds" class="ptolemy.domains.ptinyos.lib.MicaLeds"> caused an exception to be thrown.
  in .MicaBoard
Because:
Cannot find class: ptolemy.domains.ptinyos.lib.MicaLeds. In Ptolemy, classes are typically Java .class files. Entities like actors may instead be defined within a .xml file.  In any case, the class was not found. If the class uses a third party package, then the class would be present only if the third party package was found at compile time.  It may be necessary to upgrade Java or install the third party package, reconfigure and recompile.
Because:
-- /home/travis/build/icyphy/ptII/ptolemy/actor/ptalon/demo/ptinyos/SenseToLeds/ptolemy/domains/ptinyos/lib/MicaLeds.xml (No such file or directory)
-- XML file not found relative to classpath.
-- /home/travis/build/icyphy/ptII/ptolemy/vergil/basic/export/test/ptolemy/domains/ptinyos/lib/MicaLeds.xml
/home/travis/build/icyphy/ptII/ptolemy/vergil/basic/export/test/ptolemy/domains/ptinyos/lib/MicaLeds.xml (No such file or directory)
 in file:/home/travis/build/icyphy/ptII/ptolemy/actor/ptalon/demo/ptinyos/SenseToLeds/MicaBoard.xml at line 134 and column 63
	at ptolemy.moml.SimpleErrorHandler.handleError(SimpleErrorHandler.java:75)
	at ptolemy.moml.MoMLParser.startElement(MoMLParser.java:3805)
	at com.microstar.xml.XmlParser.parseElement(XmlParser.java:921)
	at com.microstar.xml.XmlParser.parseContent(XmlParser.java:1104)
	at com.microstar.xml.XmlParser.parseElement(XmlParser.java:924)
	at com.microstar.xml.XmlParser.parseDocument(XmlParser.java:481)
	at com.microstar.xml.XmlParser.doParse(XmlParser.java:159)
	at com.microstar.xml.XmlParser.parse(XmlParser.java:132)
	at ptolemy.moml.MoMLParser.parse(MoMLParser.java:1676)
	at ptolemy.moml.MoMLParser.parse(MoMLParser.java:1595)
	at ptolemy.moml.MoMLParser.parse(MoMLParser.java:1537)
	at ptolemy.moml.MoMLParser._findOrParse(MoMLParser.java:5286)
	at ptolemy.moml.MoMLParser._attemptToFindMoMLClass(MoMLParser.java:4075)
	at ptolemy.moml.MoMLParser._createEntity(MoMLParser.java:4323)
	... 65 more
Caused by: ptolemy.kernel.util.IllegalActionException: Cannot find class: ptolemy.domains.ptinyos.lib.MicaLeds. In Ptolemy, classes are typically Java .class files. Entities like actors may instead be defined within a .xml file.  In any case, the class was not found. If the class uses a third party package, then the class would be present only if the third party package was found at compile time.  It may be necessary to upgrade Java or install the third party package, reconfigure and recompile.
Because:
-- /home/travis/build/icyphy/ptII/ptolemy/actor/ptalon/demo/ptinyos/SenseToLeds/ptolemy/domains/ptinyos/lib/MicaLeds.xml (No such file or directory)
-- XML file not found relative to classpath.
-- /home/travis/build/icyphy/ptII/ptolemy/vergil/basic/export/test/ptolemy/domains/ptinyos/lib/MicaLeds.xml
/home/travis/build/icyphy/ptII/ptolemy/vergil/basic/export/test/ptolemy/domains/ptinyos/lib/MicaLeds.xml (No such file or directory)
 in file:/home/travis/build/icyphy/ptII/ptolemy/actor/ptalon/demo/ptinyos/SenseToLeds/MicaBoard.xml at line 134 and column 63
	at ptolemy.moml.MoMLParser._createEntity(MoMLParser.java:4330)
	at ptolemy.moml.MoMLParser.startElement(MoMLParser.java:2864)
	... 77 more
Caused by: com.microstar.xml.XmlException: -- /home/travis/build/icyphy/ptII/ptolemy/actor/ptalon/demo/ptinyos/SenseToLeds/ptolemy/domains/ptinyos/lib/MicaLeds.xml (No such file or directory)
-- XML file not found relative to classpath.
-- /home/travis/build/icyphy/ptII/ptolemy/vergil/basic/export/test/ptolemy/domains/ptinyos/lib/MicaLeds.xml
/home/travis/build/icyphy/ptII/ptolemy/vergil/basic/export/test/ptolemy/domains/ptinyos/lib/MicaLeds.xml (No such file or directory)
 in file:/home/travis/build/icyphy/ptII/ptolemy/actor/ptalon/demo/ptinyos/SenseToLeds/MicaBoard.xml at line 134 and column 63
	at ptolemy.moml.MoMLParser.fileNameToURL(MoMLParser.java:1414)
	at ptolemy.moml.MoMLParser._findOrParse(MoMLParser.java:5283)
	at ptolemy.moml.MoMLParser._attemptToFindMoMLClass(MoMLParser.java:4075)
	at ptolemy.moml.MoMLParser._createEntity(MoMLParser.java:4323)
	... 78 more
Caused by: ptolemy.actor.ptalon.PtalonRuntimeException: Unable to add actor null
	at ptolemy.actor.ptalon.PtalonEvaluator.addActor(PtalonEvaluator.java:300)
	at ptolemy.actor.ptalon.PtalonPopulator.actor_declaration(PtalonPopulator.java:1574)
	at ptolemy.actor.ptalon.PtalonPopulator.atomic_statement(PtalonPopulator.java:1638)
	at ptolemy.actor.ptalon.PtalonPopulator.iterative_statement_evaluator(PtalonPopulator.java:2484)
	at ptolemy.actor.ptalon.AbstractPtalonEvaluator$IfTree.evaluateForScope(AbstractPtalonEvaluator.java:1307)
	at ptolemy.actor.ptalon.AbstractPtalonEvaluator.evaluateForScope(AbstractPtalonEvaluator.java:744)
	at ptolemy.actor.ptalon.PtalonPopulator.iterative_statement(PtalonPopulator.java:2363)
	at ptolemy.actor.ptalon.PtalonPopulator.actor_definition(PtalonPopulator.java:2809)
	at ptolemy.actor.ptalon.PtalonActor.attributeChanged(PtalonActor.java:206)
	at ptolemy.actor.ptalon.PtalonMLHandler.startElement(PtalonMLHandler.java:134)
	at com.microstar.xml.XmlParser.parseElement(XmlParser.java:921)
	at com.microstar.xml.XmlParser.parseContent(XmlParser.java:1104)
	at com.microstar.xml.XmlParser.parseElement(XmlParser.java:924)
	at com.microstar.xml.XmlParser.parseDocument(XmlParser.java:481)
	at com.microstar.xml.XmlParser.doParse(XmlParser.java:159)
	at com.microstar.xml.XmlParser.parse(XmlParser.java:132)
	at ptolemy.actor.ptalon.PtalonActor.configure(PtalonActor.java:240)
	at ptolemy.moml.MoMLParser.endElement(MoMLParser.java:996)
	at com.microstar.xml.XmlParser.parseETag(XmlParser.java:1026)
	at com.microstar.xml.XmlParser.parseContent(XmlParser.java:1098)
	at com.microstar.xml.XmlParser.parseElement(XmlParser.java:924)
	at com.microstar.xml.XmlParser.parseContent(XmlParser.java:1104)
	at com.microstar.xml.XmlParser.parseElement(XmlParser.java:924)
	at com.microstar.xml.XmlParser.parseContent(XmlParser.java:1104)
	at com.microstar.xml.XmlParser.parseElement(XmlParser.java:924)
	at com.microstar.xml.XmlParser.parseDocument(XmlParser.java:481)
	at com.microstar.xml.XmlParser.doParse(XmlParser.java:159)
	at com.microstar.xml.XmlParser.parse(XmlParser.java:132)
	at ptolemy.moml.MoMLParser.parse(MoMLParser.java:1676)
	at ptolemy.moml.MoMLParser.parse(MoMLParser.java:1595)
	at ptolemy.moml.MoMLParser.parse(MoMLParser.java:1537)
	at ptolemy.actor.gui.PtolemyEffigy$Factory.createEffigy(PtolemyEffigy.java:424)
	at ptolemy.actor.gui.EffigyFactory.createEffigy(EffigyFactory.java:234)
	at ptolemy.actor.gui.Configuration.openModel(Configuration.java:1125)
	at ptolemy.actor.gui.Configuration.openModel(Configuration.java:1051)
	at ptolemy.actor.gui.ConfigurationApplication._openModel(ConfigurationApplication.java:1252)
	at ptolemy.actor.gui.ConfigurationApplication._parseArg(ConfigurationApplication.java:1399)
	at ptolemy.actor.gui.ConfigurationApplication._parseArgs(ConfigurationApplication.java:1478)
	at ptolemy.actor.gui.ConfigurationApplication.<init>(ConfigurationApplication.java:277)
	at ptolemy.actor.gui.ConfigurationApplication.<init>(ConfigurationApplication.java:214)
	at ptolemy.actor.gui.ConfigurationApplication.<init>(ConfigurationApplication.java:201)
	at ptolemy.actor.gui.ConfigurationApplication.openModelOrEntity(ConfigurationApplication.java:680)
	at ptolemy.vergil.basic.export.ExportModel$1.run(ExportModel.java:220)
	at java.awt.event.InvocationEvent.dispatch(InvocationEvent.java:301)
	at java.awt.EventQueue.dispatchEventImpl(EventQueue.java:756)
	at java.awt.EventQueue.access$500(EventQueue.java:97)
	at java.awt.EventQueue$3.run(EventQueue.java:709)
	at java.awt.EventQueue$3.run(EventQueue.java:703)
	at java.security.AccessController.doPrivileged(Native Method)
	at java.security.ProtectionDomain$JavaSecurityAccessImpl.doIntersectionPrivilege(ProtectionDomain.java:80)
	at java.awt.EventQueue.dispatchEvent(EventQueue.java:726)
	at java.awt.EventDispatchThread.pumpOneEventForFilters(EventDispatchThread.java:201)
	at java.awt.EventDispatchThread.pumpEventsForFilter(EventDispatchThread.java:116)
	at java.awt.EventDispatchThread.pumpEventsForHierarchy(EventDispatchThread.java:105)
	at java.awt.EventDispatchThread.pumpEvents(EventDispatchThread.java:101)
	at java.awt.EventDispatchThread.pumpEvents(EventDispatchThread.java:93)
	at java.awt.EventDispatchThread.run(EventDispatchThread.java:82)
Caused by: ptolemy.kernel.util.InternalErrorException: Element <entity name="node1" class="ptolemy.actor.ptalon.demo.ptinyos.SenseToLeds.MicaBoard"> caused an exception to be thrown.
  in .SenseToLeds.SenseToLeds
Because:
Cannot find class: ptolemy.actor.ptalon.demo.ptinyos.SenseToLeds.MicaBoard. In Ptolemy, classes are typically Java .class files. Entities like actors may instead be defined within a .xml file.  In any case, the class was not found. If the class uses a third party package, then the class would be present only if the third party package was found at compile time.  It may be necessary to upgrade Java or install the third party package, reconfigure and recompile.
Because:
Element <entity name="MicaLeds" class="ptolemy.domains.ptinyos.lib.MicaLeds"> caused an exception to be thrown.
  in .MicaBoard
Because:
Cannot find class: ptolemy.domains.ptinyos.lib.MicaLeds. In Ptolemy, classes are typically Java .class files. Entities like actors may instead be defined within a .xml file.  In any case, the class was not found. If the class uses a third party package, then the class would be present only if the third party package was found at compile time.  It may be necessary to upgrade Java or install the third party package, reconfigure and recompile.
Because:
-- /home/travis/build/icyphy/ptII/ptolemy/actor/ptalon/demo/ptinyos/SenseToLeds/ptolemy/domains/ptinyos/lib/MicaLeds.xml (No such file or directory)
-- XML file not found relative to classpath.
-- /home/travis/build/icyphy/ptII/ptolemy/vergil/basic/export/test/ptolemy/domains/ptinyos/lib/MicaLeds.xml
/home/travis/build/icyphy/ptII/ptolemy/vergil/basic/export/test/ptolemy/domains/ptinyos/lib/MicaLeds.xml (No such file or directory)
 in file:/home/travis/build/icyphy/ptII/ptolemy/actor/ptalon/demo/ptinyos/SenseToLeds/MicaBoard.xml at line 134 and column 63
	at ptolemy.moml.SimpleErrorHandler.handleError(SimpleErrorHandler.java:75)
	at ptolemy.moml.MoMLParser.startElement(MoMLParser.java:3805)
	at com.microstar.xml.XmlParser.parseElement(XmlParser.java:931)
	at com.microstar.xml.XmlParser.parseDocument(XmlParser.java:481)
	at com.microstar.xml.XmlParser.doParse(XmlParser.java:159)
	at com.microstar.xml.XmlParser.parse(XmlParser.java:132)
	at ptolemy.moml.MoMLParser.parse(MoMLParser.java:1660)
	at ptolemy.moml.MoMLParser.parse(MoMLParser.java:1617)
	at ptolemy.moml.MoMLParser.parse(MoMLParser.java:1792)
	at ptolemy.actor.ptalon.PtalonEvaluator.addActor(PtalonEvaluator.java:241)
	... 56 more
Caused by: ptolemy.kernel.util.IllegalActionException: Cannot find class: ptolemy.actor.ptalon.demo.ptinyos.SenseToLeds.MicaBoard. In Ptolemy, classes are typically Java .class files. Entities like actors may instead be defined within a .xml file.  In any case, the class was not found. If the class uses a third party package, then the class would be present only if the third party package was found at compile time.  It may be necessary to upgrade Java or install the third party package, reconfigure and recompile.
Because:
Element <entity name="MicaLeds" class="ptolemy.domains.ptinyos.lib.MicaLeds"> caused an exception to be thrown.
  in .MicaBoard
Because:
Cannot find class: ptolemy.domains.ptinyos.lib.MicaLeds. In Ptolemy, classes are typically Java .class files. Entities like actors may instead be defined within a .xml file.  In any case, the class was not found. If the class uses a third party package, then the class would be present only if the third party package was found at compile time.  It may be necessary to upgrade Java or install the third party package, reconfigure and recompile.
Because:
-- /home/travis/build/icyphy/ptII/ptolemy/actor/ptalon/demo/ptinyos/SenseToLeds/ptolemy/domains/ptinyos/lib/MicaLeds.xml (No such file or directory)
-- XML file not found relative to classpath.
-- /home/travis/build/icyphy/ptII/ptolemy/vergil/basic/export/test/ptolemy/domains/ptinyos/lib/MicaLeds.xml
/home/travis/build/icyphy/ptII/ptolemy/vergil/basic/export/test/ptolemy/domains/ptinyos/lib/MicaLeds.xml (No such file or directory)
 in file:/home/travis/build/icyphy/ptII/ptolemy/actor/ptalon/demo/ptinyos/SenseToLeds/MicaBoard.xml at line 134 and column 63
	at ptolemy.moml.MoMLParser._createEntity(MoMLParser.java:4330)
	at ptolemy.moml.MoMLParser.startElement(MoMLParser.java:2864)
	... 64 more
Caused by: ptolemy.kernel.util.InternalErrorException: Element <entity name="MicaLeds" class="ptolemy.domains.ptinyos.lib.MicaLeds"> caused an exception to be thrown.
  in .MicaBoard
Because:
Cannot find class: ptolemy.domains.ptinyos.lib.MicaLeds. In Ptolemy, classes are typically Java .class files. Entities like actors may instead be defined within a .xml file.  In any case, the class was not found. If the class uses a third party package, then the class would be present only if the third party package was found at compile time.  It may be necessary to upgrade Java or install the third party package, reconfigure and recompile.
Because:
-- /home/travis/build/icyphy/ptII/ptolemy/actor/ptalon/demo/ptinyos/SenseToLeds/ptolemy/domains/ptinyos/lib/MicaLeds.xml (No such file or directory)
-- XML file not found relative to classpath.
-- /home/travis/build/icyphy/ptII/ptolemy/vergil/basic/export/test/ptolemy/domains/ptinyos/lib/MicaLeds.xml
/home/travis/build/icyphy/ptII/ptolemy/vergil/basic/export/test/ptolemy/domains/ptinyos/lib/MicaLeds.xml (No such file or directory)
 in file:/home/travis/build/icyphy/ptII/ptolemy/actor/ptalon/demo/ptinyos/SenseToLeds/MicaBoard.xml at line 134 and column 63
	at ptolemy.moml.SimpleErrorHandler.handleError(SimpleErrorHandler.java:75)
	at ptolemy.moml.MoMLParser.startElement(MoMLParser.java:3805)
	at com.microstar.xml.XmlParser.parseElement(XmlParser.java:921)
	at com.microstar.xml.XmlParser.parseContent(XmlParser.java:1104)
	at com.microstar.xml.XmlParser.parseElement(XmlParser.java:924)
	at com.microstar.xml.XmlParser.parseDocument(XmlParser.java:481)
	at com.microstar.xml.XmlParser.doParse(XmlParser.java:159)
	at com.microstar.xml.XmlParser.parse(XmlParser.java:132)
	at ptolemy.moml.MoMLParser.parse(MoMLParser.java:1676)
	at ptolemy.moml.MoMLParser.parse(MoMLParser.java:1595)
	at ptolemy.moml.MoMLParser.parse(MoMLParser.java:1537)
	at ptolemy.moml.MoMLParser._findOrParse(MoMLParser.java:5286)
	at ptolemy.moml.MoMLParser._attemptToFindMoMLClass(MoMLParser.java:4075)
	at ptolemy.moml.MoMLParser._createEntity(MoMLParser.java:4323)
	... 65 more
Caused by: ptolemy.kernel.util.IllegalActionException: Cannot find class: ptolemy.domains.ptinyos.lib.MicaLeds. In Ptolemy, classes are typically Java .class files. Entities like actors may instead be defined within a .xml file.  In any case, the class was not found. If the class uses a third party package, then the class would be present only if the third party package was found at compile time.  It may be necessary to upgrade Java or install the third party package, reconfigure and recompile.
Because:
-- /home/travis/build/icyphy/ptII/ptolemy/actor/ptalon/demo/ptinyos/SenseToLeds/ptolemy/domains/ptinyos/lib/MicaLeds.xml (No such file or directory)
-- XML file not found relative to classpath.
-- /home/travis/build/icyphy/ptII/ptolemy/vergil/basic/export/test/ptolemy/domains/ptinyos/lib/MicaLeds.xml
/home/travis/build/icyphy/ptII/ptolemy/vergil/basic/export/test/ptolemy/domains/ptinyos/lib/MicaLeds.xml (No such file or directory)
 in file:/home/travis/build/icyphy/ptII/ptolemy/actor/ptalon/demo/ptinyos/SenseToLeds/MicaBoard.xml at line 134 and column 63
	at ptolemy.moml.MoMLParser._createEntity(MoMLParser.java:4330)
	at ptolemy.moml.MoMLParser.startElement(MoMLParser.java:2864)
	... 77 more
Caused by: com.microstar.xml.XmlException: -- /home/travis/build/icyphy/ptII/ptolemy/actor/ptalon/demo/ptinyos/SenseToLeds/ptolemy/domains/ptinyos/lib/MicaLeds.xml (No such file or directory)
-- XML file not found relative to classpath.
-- /home/travis/build/icyphy/ptII/ptolemy/vergil/basic/export/test/ptolemy/domains/ptinyos/lib/MicaLeds.xml
/home/travis/build/icyphy/ptII/ptolemy/vergil/basic/export/test/ptolemy/domains/ptinyos/lib/MicaLeds.xml (No such file or directory)
 in file:/home/travis/build/icyphy/ptII/ptolemy/actor/ptalon/demo/ptinyos/SenseToLeds/MicaBoard.xml at line 134 and column 63
	at ptolemy.moml.MoMLParser.fileNameToURL(MoMLParser.java:1414)
	at ptolemy.moml.MoMLParser._findOrParse(MoMLParser.java:5283)
	at ptolemy.moml.MoMLParser._attemptToFindMoMLClass(MoMLParser.java:4075)
	at ptolemy.moml.MoMLParser._createEntity(MoMLParser.java:4323)
	... 78 more
Failed to read file:/home/travis/build/icyphy/ptII/ptolemy/actor/ptalon/demo/ptinyos/SenseToLeds/SenseToLeds.xml
ptolemy.kernel.util.IllegalActionException: Failed to process attribute change to PtalonParameter, whose value is "ptolemy.actor.ptalon.PtalonExpressionParameter {.SenseToLeds.SenseToLeds.n} 2".
  in .SenseToLeds.SenseToLeds
Because:
Unable to add actor null
	at ptolemy.actor.ptalon.PtalonActor.attributeChanged(PtalonActor.java:211)
	at ptolemy.actor.ptalon.PtalonMLHandler.startElement(PtalonMLHandler.java:134)
	at com.microstar.xml.XmlParser.parseElement(XmlParser.java:921)
	at com.microstar.xml.XmlParser.parseContent(XmlParser.java:1104)
	at com.microstar.xml.XmlParser.parseElement(XmlParser.java:924)
	at com.microstar.xml.XmlParser.parseDocument(XmlParser.java:481)
	at com.microstar.xml.XmlParser.doParse(XmlParser.java:159)
	at com.microstar.xml.XmlParser.parse(XmlParser.java:132)
	at ptolemy.actor.ptalon.PtalonActor.configure(PtalonActor.java:240)
	at ptolemy.moml.MoMLParser.endElement(MoMLParser.java:996)
	at com.microstar.xml.XmlParser.parseETag(XmlParser.java:1026)
	at com.microstar.xml.XmlParser.parseContent(XmlParser.java:1098)
	at com.microstar.xml.XmlParser.parseElement(XmlParser.java:924)
	at com.microstar.xml.XmlParser.parseContent(XmlParser.java:1104)
	at com.microstar.xml.XmlParser.parseElement(XmlParser.java:924)
	at com.microstar.xml.XmlParser.parseContent(XmlParser.java:1104)
	at com.microstar.xml.XmlParser.parseElement(XmlParser.java:924)
	at com.microstar.xml.XmlParser.parseDocument(XmlParser.java:481)
	at com.microstar.xml.XmlParser.doParse(XmlParser.java:159)
	at com.microstar.xml.XmlParser.parse(XmlParser.java:132)
	at ptolemy.moml.MoMLParser.parse(MoMLParser.java:1676)
	at ptolemy.moml.MoMLParser.parse(MoMLParser.java:1595)
	at ptolemy.moml.MoMLParser.parse(MoMLParser.java:1537)
	at ptolemy.actor.gui.PtolemyEffigy$Factory.createEffigy(PtolemyEffigy.java:424)
	at ptolemy.actor.gui.EffigyFactory.createEffigy(EffigyFactory.java:234)
	at ptolemy.actor.gui.Configuration.openModel(Configuration.java:1125)
	at ptolemy.actor.gui.Configuration.openModel(Configuration.java:1051)
	at ptolemy.actor.gui.ConfigurationApplication._openModel(ConfigurationApplication.java:1252)
	at ptolemy.actor.gui.ConfigurationApplication._parseArg(ConfigurationApplication.java:1399)
	at ptolemy.actor.gui.ConfigurationApplication._parseArgs(ConfigurationApplication.java:1478)
	at ptolemy.actor.gui.ConfigurationApplication.<init>(ConfigurationApplication.java:277)
	at ptolemy.actor.gui.ConfigurationApplication.<init>(ConfigurationApplication.java:214)
	at ptolemy.actor.gui.ConfigurationApplication.<init>(ConfigurationApplication.java:201)
	at ptolemy.actor.gui.ConfigurationApplication.openModelOrEntity(ConfigurationApplication.java:680)
	at ptolemy.vergil.basic.export.ExportModel$1.run(ExportModel.java:220)
	at java.awt.event.InvocationEvent.dispatch(InvocationEvent.java:301)
	at java.awt.EventQueue.dispatchEventImpl(EventQueue.java:756)
	at java.awt.EventQueue.access$500(EventQueue.java:97)
	at java.awt.EventQueue$3.run(EventQueue.java:709)
	at java.awt.EventQueue$3.run(EventQueue.java:703)
	at java.security.AccessController.doPrivileged(Native Method)
	at java.security.ProtectionDomain$JavaSecurityAccessImpl.doIntersectionPrivilege(ProtectionDomain.java:80)
	at java.awt.EventQueue.dispatchEvent(EventQueue.java:726)
	at java.awt.EventDispatchThread.pumpOneEventForFilters(EventDispatchThread.java:201)
	at java.awt.EventDispatchThread.pumpEventsForFilter(EventDispatchThread.java:116)
	at java.awt.EventDispatchThread.pumpEventsForHierarchy(EventDispatchThread.java:105)
	at java.awt.EventDispatchThread.pumpEvents(EventDispatchThread.java:101)
	at java.awt.EventDispatchThread.pumpEvents(EventDispatchThread.java:93)
	at java.awt.EventDispatchThread.run(EventDispatchThread.java:82)
Caused by: ptolemy.actor.ptalon.PtalonRuntimeException: Unable to add actor null
	at ptolemy.actor.ptalon.PtalonEvaluator.addActor(PtalonEvaluator.java:300)
	at ptolemy.actor.ptalon.PtalonPopulator.actor_declaration(PtalonPopulator.java:1574)
	at ptolemy.actor.ptalon.PtalonPopulator.atomic_statement(PtalonPopulator.java:1638)
	at ptolemy.actor.ptalon.PtalonPopulator.iterative_statement_evaluator(PtalonPopulator.java:2484)
	at ptolemy.actor.ptalon.AbstractPtalonEvaluator$IfTree.evaluateForScope(AbstractPtalonEvaluator.java:1307)
	at ptolemy.actor.ptalon.AbstractPtalonEvaluator.evaluateForScope(AbstractPtalonEvaluator.java:744)
	at ptolemy.actor.ptalon.PtalonPopulator.iterative_statement(PtalonPopulator.java:2363)
	at ptolemy.actor.ptalon.PtalonPopulator.actor_definition(PtalonPopulator.java:2809)
	at ptolemy.actor.ptalon.PtalonActor.attributeChanged(PtalonActor.java:206)
	... 48 more
Caused by: ptolemy.kernel.util.InternalErrorException: Element <entity name="node1" class="ptolemy.actor.ptalon.demo.ptinyos.SenseToLeds.MicaBoard"> caused an exception to be thrown.
  in .SenseToLeds.SenseToLeds
Because:
Cannot find class: ptolemy.actor.ptalon.demo.ptinyos.SenseToLeds.MicaBoard. In Ptolemy, classes are typically Java .class files. Entities like actors may instead be defined within a .xml file.  In any case, the class was not found. If the class uses a third party package, then the class would be present only if the third party package was found at compile time.  It may be necessary to upgrade Java or install the third party package, reconfigure and recompile.
Because:
Element <entity name="MicaLeds" class="ptolemy.domains.ptinyos.lib.MicaLeds"> caused an exception to be thrown.
  in .MicaBoard
Because:
Cannot find class: ptolemy.domains.ptinyos.lib.MicaLeds. In Ptolemy, classes are typically Java .class files. Entities like actors may instead be defined within a .xml file.  In any case, the class was not found. If the class uses a third party package, then the class would be present only if the third party package was found at compile time.  It may be necessary to upgrade Java or install the third party package, reconfigure and recompile.
Because:
-- /home/travis/build/icyphy/ptII/ptolemy/actor/ptalon/demo/ptinyos/SenseToLeds/ptolemy/domains/ptinyos/lib/MicaLeds.xml (No such file or directory)
-- XML file not found relative to classpath.
-- /home/travis/build/icyphy/ptII/ptolemy/vergil/basic/export/test/ptolemy/domains/ptinyos/lib/MicaLeds.xml
/home/travis/build/icyphy/ptII/ptolemy/vergil/basic/export/test/ptolemy/domains/ptinyos/lib/MicaLeds.xml (No such file or directory)
 in file:/home/travis/build/icyphy/ptII/ptolemy/actor/ptalon/demo/ptinyos/SenseToLeds/MicaBoard.xml at line 134 and column 63
	at ptolemy.moml.SimpleErrorHandler.handleError(SimpleErrorHandler.java:75)
	at ptolemy.moml.MoMLParser.startElement(MoMLParser.java:3805)
	at com.microstar.xml.XmlParser.parseElement(XmlParser.java:931)
	at com.microstar.xml.XmlParser.parseDocument(XmlParser.java:481)
	at com.microstar.xml.XmlParser.doParse(XmlParser.java:159)
	at com.microstar.xml.XmlParser.parse(XmlParser.java:132)
	at ptolemy.moml.MoMLParser.parse(MoMLParser.java:1660)
	at ptolemy.moml.MoMLParser.parse(MoMLParser.java:1617)
	at ptolemy.moml.MoMLParser.parse(MoMLParser.java:1792)
	at ptolemy.actor.ptalon.PtalonEvaluator.addActor(PtalonEvaluator.java:241)
	... 56 more
Caused by: ptolemy.kernel.util.IllegalActionException: Cannot find class: ptolemy.actor.ptalon.demo.ptinyos.SenseToLeds.MicaBoard. In Ptolemy, classes are typically Java .class files. Entities like actors may instead be defined within a .xml file.  In any case, the class was not found. If the class uses a third party package, then the class would be present only if the third party package was found at compile time.  It may be necessary to upgrade Java or install the third party package, reconfigure and recompile.
Because:
Element <entity name="MicaLeds" class="ptolemy.domains.ptinyos.lib.MicaLeds"> caused an exception to be thrown.
  in .MicaBoard
Because:
Cannot find class: ptolemy.domains.ptinyos.lib.MicaLeds. In Ptolemy, classes are typically Java .class files. Entities like actors may instead be defined within a .xml file.  In any case, the class was not found. If the class uses a third party package, then the class would be present only if the third party package was found at compile time.  It may be necessary to upgrade Java or install the third party package, reconfigure and recompile.
Because:
-- /home/travis/build/icyphy/ptII/ptolemy/actor/ptalon/demo/ptinyos/SenseToLeds/ptolemy/domains/ptinyos/lib/MicaLeds.xml (No such file or directory)
-- XML file not found relative to classpath.
-- /home/travis/build/icyphy/ptII/ptolemy/vergil/basic/export/test/ptolemy/domains/ptinyos/lib/MicaLeds.xml
/home/travis/build/icyphy/ptII/ptolemy/vergil/basic/export/test/ptolemy/domains/ptinyos/lib/MicaLeds.xml (No such file or directory)
 in file:/home/travis/build/icyphy/ptII/ptolemy/actor/ptalon/demo/ptinyos/SenseToLeds/MicaBoard.xml at line 134 and column 63
	at ptolemy.moml.MoMLParser._createEntity(MoMLParser.java:4330)
	at ptolemy.moml.MoMLParser.startElement(MoMLParser.java:2864)
	... 64 more
Caused by: ptolemy.kernel.util.InternalErrorException: Element <entity name="MicaLeds" class="ptolemy.domains.ptinyos.lib.MicaLeds"> caused an exception to be thrown.
  in .MicaBoard
Because:
Cannot find class: ptolemy.domains.ptinyos.lib.MicaLeds. In Ptolemy, classes are typically Java .class files. Entities like actors may instead be defined within a .xml file.  In any case, the class was not found. If the class uses a third party package, then the class would be present only if the third party package was found at compile time.  It may be necessary to upgrade Java or install the third party package, reconfigure and recompile.
Because:
-- /home/travis/build/icyphy/ptII/ptolemy/actor/ptalon/demo/ptinyos/SenseToLeds/ptolemy/domains/ptinyos/lib/MicaLeds.xml (No such file or directory)
-- XML file not found relative to classpath.
-- /home/travis/build/icyphy/ptII/ptolemy/vergil/basic/export/test/ptolemy/domains/ptinyos/lib/MicaLeds.xml
/home/travis/build/icyphy/ptII/ptolemy/vergil/basic/export/test/ptolemy/domains/ptinyos/lib/MicaLeds.xml (No such file or directory)
 in file:/home/travis/build/icyphy/ptII/ptolemy/actor/ptalon/demo/ptinyos/SenseToLeds/MicaBoard.xml at line 134 and column 63
	at ptolemy.moml.SimpleErrorHandler.handleError(SimpleErrorHandler.java:75)
	at ptolemy.moml.MoMLParser.startElement(MoMLParser.java:3805)
	at com.microstar.xml.XmlParser.parseElement(XmlParser.java:921)
	at com.microstar.xml.XmlParser.parseContent(XmlParser.java:1104)
	at com.microstar.xml.XmlParser.parseElement(XmlParser.java:924)
	at com.microstar.xml.XmlParser.parseDocument(XmlParser.java:481)
	at com.microstar.xml.XmlParser.doParse(XmlParser.java:159)
	at com.microstar.xml.XmlParser.parse(XmlParser.java:132)
	at ptolemy.moml.MoMLParser.parse(MoMLParser.java:1676)
	at ptolemy.moml.MoMLParser.parse(MoMLParser.java:1595)
	at ptolemy.moml.MoMLParser.parse(MoMLParser.java:1537)
	at ptolemy.moml.MoMLParser._findOrParse(MoMLParser.java:5286)
	at ptolemy.moml.MoMLParser._attemptToFindMoMLClass(MoMLParser.java:4075)
	at ptolemy.moml.MoMLParser._createEntity(MoMLParser.java:4323)
	... 65 more
Caused by: ptolemy.kernel.util.IllegalActionException: Cannot find class: ptolemy.domains.ptinyos.lib.MicaLeds. In Ptolemy, classes are typically Java .class files. Entities like actors may instead be defined within a .xml file.  In any case, the class was not found. If the class uses a third party package, then the class would be present only if the third party package was found at compile time.  It may be necessary to upgrade Java or install the third party package, reconfigure and recompile.
Because:
-- /home/travis/build/icyphy/ptII/ptolemy/actor/ptalon/demo/ptinyos/SenseToLeds/ptolemy/domains/ptinyos/lib/MicaLeds.xml (No such file or directory)
-- XML file not found relative to classpath.
-- /home/travis/build/icyphy/ptII/ptolemy/vergil/basic/export/test/ptolemy/domains/ptinyos/lib/MicaLeds.xml
/home/travis/build/icyphy/ptII/ptolemy/vergil/basic/export/test/ptolemy/domains/ptinyos/lib/MicaLeds.xml (No such file or directory)
 in file:/home/travis/build/icyphy/ptII/ptolemy/actor/ptalon/demo/ptinyos/SenseToLeds/MicaBoard.xml at line 134 and column 63
	at ptolemy.moml.MoMLParser._createEntity(MoMLParser.java:4330)
	at ptolemy.moml.MoMLParser.startElement(MoMLParser.java:2864)
	... 77 more
Caused by: com.microstar.xml.XmlException: -- /home/travis/build/icyphy/ptII/ptolemy/actor/ptalon/demo/ptinyos/SenseToLeds/ptolemy/domains/ptinyos/lib/MicaLeds.xml (No such file or directory)
-- XML file not found relative to classpath.
-- /home/travis/build/icyphy/ptII/ptolemy/vergil/basic/export/test/ptolemy/domains/ptinyos/lib/MicaLeds.xml
/home/travis/build/icyphy/ptII/ptolemy/vergil/basic/export/test/ptolemy/domains/ptinyos/lib/MicaLeds.xml (No such file or directory)
 in file:/home/travis/build/icyphy/ptII/ptolemy/actor/ptalon/demo/ptinyos/SenseToLeds/MicaBoard.xml at line 134 and column 63
	at ptolemy.moml.MoMLParser.fileNameToURL(MoMLParser.java:1414)
	at ptolemy.moml.MoMLParser._findOrParse(MoMLParser.java:5283)
	at ptolemy.moml.MoMLParser._attemptToFindMoMLClass(MoMLParser.java:4075)
	at ptolemy.moml.MoMLParser._createEntity(MoMLParser.java:4323)
	... 78 more
Caused by: ptolemy.actor.ptalon.PtalonRuntimeException: Unable to add actor null
	at ptolemy.actor.ptalon.PtalonEvaluator.addActor(PtalonEvaluator.java:300)
	at ptolemy.actor.ptalon.PtalonPopulator.actor_declaration(PtalonPopulator.java:1574)
	at ptolemy.actor.ptalon.PtalonPopulator.atomic_statement(PtalonPopulator.java:1638)
	at ptolemy.actor.ptalon.PtalonPopulator.iterative_statement_evaluator(PtalonPopulator.java:2484)
	at ptolemy.actor.ptalon.AbstractPtalonEvaluator$IfTree.evaluateForScope(AbstractPtalonEvaluator.java:1307)
	at ptolemy.actor.ptalon.AbstractPtalonEvaluator.evaluateForScope(AbstractPtalonEvaluator.java:744)
	at ptolemy.actor.ptalon.PtalonPopulator.iterative_statement(PtalonPopulator.java:2363)
	at ptolemy.actor.ptalon.PtalonPopulator.actor_definition(PtalonPopulator.java:2809)
	at ptolemy.actor.ptalon.PtalonActor.attributeChanged(PtalonActor.java:206)
	at ptolemy.actor.ptalon.PtalonMLHandler.startElement(PtalonMLHandler.java:134)
	at com.microstar.xml.XmlParser.parseElement(XmlParser.java:921)
	at com.microstar.xml.XmlParser.parseContent(XmlParser.java:1104)
	at com.microstar.xml.XmlParser.parseElement(XmlParser.java:924)
	at com.microstar.xml.XmlParser.parseDocument(XmlParser.java:481)
	at com.microstar.xml.XmlParser.doParse(XmlParser.java:159)
	at com.microstar.xml.XmlParser.parse(XmlParser.java:132)
	at ptolemy.actor.ptalon.PtalonActor.configure(PtalonActor.java:240)
	at ptolemy.moml.MoMLParser.endElement(MoMLParser.java:996)
	at com.microstar.xml.XmlParser.parseETag(XmlParser.java:1026)
	at com.microstar.xml.XmlParser.parseContent(XmlParser.java:1098)
	at com.microstar.xml.XmlParser.parseElement(XmlParser.java:924)
	at com.microstar.xml.XmlParser.parseContent(XmlParser.java:1104)
	at com.microstar.xml.XmlParser.parseElement(XmlParser.java:924)
	at com.microstar.xml.XmlParser.parseContent(XmlParser.java:1104)
	at com.microstar.xml.XmlParser.parseElement(XmlParser.java:924)
	at com.microstar.xml.XmlParser.parseDocument(XmlParser.java:481)
	at com.microstar.xml.XmlParser.doParse(XmlParser.java:159)
	at com.microstar.xml.XmlParser.parse(XmlParser.java:132)
	at ptolemy.moml.MoMLParser.parse(MoMLParser.java:1676)
	at ptolemy.moml.MoMLParser.parse(MoMLParser.java:1595)
	at ptolemy.moml.MoMLParser.parse(MoMLParser.java:1537)
	at ptolemy.actor.gui.PtolemyEffigy$Factory.createEffigy(PtolemyEffigy.java:424)
	at ptolemy.actor.gui.EffigyFactory.createEffigy(EffigyFactory.java:234)
	at ptolemy.actor.gui.Configuration.openModel(Configuration.java:1125)
	at ptolemy.actor.gui.Configuration.openModel(Configuration.java:1051)
	at ptolemy.actor.gui.ConfigurationApplication._openModel(ConfigurationApplication.java:1252)
	at ptolemy.actor.gui.ConfigurationApplication._parseArg(ConfigurationApplication.java:1399)
	at ptolemy.actor.gui.ConfigurationApplication._parseArgs(ConfigurationApplication.java:1478)
	at ptolemy.actor.gui.ConfigurationApplication.<init>(ConfigurationApplication.java:277)
	at ptolemy.actor.gui.ConfigurationApplication.<init>(ConfigurationApplication.java:214)
	at ptolemy.actor.gui.ConfigurationApplication.<init>(ConfigurationApplication.java:201)
	at ptolemy.actor.gui.ConfigurationApplication.openModelOrEntity(ConfigurationApplication.java:680)
	at ptolemy.vergil.basic.export.ExportModel$1.run(ExportModel.java:220)
	at java.awt.event.InvocationEvent.dispatch(InvocationEvent.java:301)
	at java.awt.EventQueue.dispatchEventImpl(EventQueue.java:756)
	at java.awt.EventQueue.access$500(EventQueue.java:97)
	at java.awt.EventQueue$3.run(EventQueue.java:709)
	at java.awt.EventQueue$3.run(EventQueue.java:703)
	at java.security.AccessController.doPrivileged(Native Method)
	at java.security.ProtectionDomain$JavaSecurityAccessImpl.doIntersectionPrivilege(ProtectionDomain.java:80)
	at java.awt.EventQueue.dispatchEvent(EventQueue.java:726)
	at java.awt.EventDispatchThread.pumpOneEventForFilters(EventDispatchThread.java:201)
	at java.awt.EventDispatchThread.pumpEventsForFilter(EventDispatchThread.java:116)
	at java.awt.EventDispatchThread.pumpEventsForHierarchy(EventDispatchThread.java:105)
	at java.awt.EventDispatchThread.pumpEvents(EventDispatchThread.java:101)
	at java.awt.EventDispatchThread.pumpEvents(EventDispatchThread.java:93)
	at java.awt.EventDispatchThread.run(EventDispatchThread.java:82)
Caused by: ptolemy.kernel.util.InternalErrorException: Element <entity name="node1" class="ptolemy.actor.ptalon.demo.ptinyos.SenseToLeds.MicaBoard"> caused an exception to be thrown.
  in .SenseToLeds.SenseToLeds
Because:
Cannot find class: ptolemy.actor.ptalon.demo.ptinyos.SenseToLeds.MicaBoard. In Ptolemy, classes are typically Java .class files. Entities like actors may instead be defined within a .xml file.  In any case, the class was not found. If the class uses a third party package, then the class would be present only if the third party package was found at compile time.  It may be necessary to upgrade Java or install the third party package, reconfigure and recompile.
Because:
Element <entity name="MicaLeds" class="ptolemy.domains.ptinyos.lib.MicaLeds"> caused an exception to be thrown.
  in .MicaBoard
Because:
Cannot find class: ptolemy.domains.ptinyos.lib.MicaLeds. In Ptolemy, classes are typically Java .class files. Entities like actors may instead be defined within a .xml file.  In any case, the class was not found. If the class uses a third party package, then the class would be present only if the third party package was found at compile time.  It may be necessary to upgrade Java or install the third party package, reconfigure and recompile.
Because:
-- /home/travis/build/icyphy/ptII/ptolemy/actor/ptalon/demo/ptinyos/SenseToLeds/ptolemy/domains/ptinyos/lib/MicaLeds.xml (No such file or directory)
-- XML file not found relative to classpath.
-- /home/travis/build/icyphy/ptII/ptolemy/vergil/basic/export/test/ptolemy/domains/ptinyos/lib/MicaLeds.xml
/home/travis/build/icyphy/ptII/ptolemy/vergil/basic/export/test/ptolemy/domains/ptinyos/lib/MicaLeds.xml (No such file or directory)
 in file:/home/travis/build/icyphy/ptII/ptolemy/actor/ptalon/demo/ptinyos/SenseToLeds/MicaBoard.xml at line 134 and column 63
	at ptolemy.moml.SimpleErrorHandler.handleError(SimpleErrorHandler.java:75)
	at ptolemy.moml.MoMLParser.startElement(MoMLParser.java:3805)
	at com.microstar.xml.XmlParser.parseElement(XmlParser.java:931)
	at com.microstar.xml.XmlParser.parseDocument(XmlParser.java:481)
	at com.microstar.xml.XmlParser.doParse(XmlParser.java:159)
	at com.microstar.xml.XmlParser.parse(XmlParser.java:132)
	at ptolemy.moml.MoMLParser.parse(MoMLParser.java:1660)
	at ptolemy.moml.MoMLParser.parse(MoMLParser.java:1617)
	at ptolemy.moml.MoMLParser.parse(MoMLParser.java:1792)
	at ptolemy.actor.ptalon.PtalonEvaluator.addActor(PtalonEvaluator.java:241)
	... 56 more
Caused by: ptolemy.kernel.util.IllegalActionException: Cannot find class: ptolemy.actor.ptalon.demo.ptinyos.SenseToLeds.MicaBoard. In Ptolemy, classes are typically Java .class files. Entities like actors may instead be defined within a .xml file.  In any case, the class was not found. If the class uses a third party package, then the class would be present only if the third party package was found at compile time.  It may be necessary to upgrade Java or install the third party package, reconfigure and recompile.
Because:
Element <entity name="MicaLeds" class="ptolemy.domains.ptinyos.lib.MicaLeds"> caused an exception to be thrown.
  in .MicaBoard
Because:
Cannot find class: ptolemy.domains.ptinyos.lib.MicaLeds. In Ptolemy, classes are typically Java .class files. Entities like actors may instead be defined within a .xml file.  In any case, the class was not found. If the class uses a third party package, then the class would be present only if the third party package was found at compile time.  It may be necessary to upgrade Java or install the third party package, reconfigure and recompile.
Because:
-- /home/travis/build/icyphy/ptII/ptolemy/actor/ptalon/demo/ptinyos/SenseToLeds/ptolemy/domains/ptinyos/lib/MicaLeds.xml (No such file or directory)
-- XML file not found relative to classpath.
-- /home/travis/build/icyphy/ptII/ptolemy/vergil/basic/export/test/ptolemy/domains/ptinyos/lib/MicaLeds.xml
/home/travis/build/icyphy/ptII/ptolemy/vergil/basic/export/test/ptolemy/domains/ptinyos/lib/MicaLeds.xml (No such file or directory)
 in file:/home/travis/build/icyphy/ptII/ptolemy/actor/ptalon/demo/ptinyos/SenseToLeds/MicaBoard.xml at line 134 and column 63
	at ptolemy.moml.MoMLParser._createEntity(MoMLParser.java:4330)
	at ptolemy.moml.MoMLParser.startElement(MoMLParser.java:2864)
	... 64 more
Caused by: ptolemy.kernel.util.InternalErrorException: Element <entity name="MicaLeds" class="ptolemy.domains.ptinyos.lib.MicaLeds"> caused an exception to be thrown.
  in .MicaBoard
Because:
Cannot find class: ptolemy.domains.ptinyos.lib.MicaLeds. In Ptolemy, classes are typically Java .class files. Entities like actors may instead be defined within a .xml file.  In any case, the class was not found. If the class uses a third party package, then the class would be present only if the third party package was found at compile time.  It may be necessary to upgrade Java or install the third party package, reconfigure and recompile.
Because:
-- /home/travis/build/icyphy/ptII/ptolemy/actor/ptalon/demo/ptinyos/SenseToLeds/ptolemy/domains/ptinyos/lib/MicaLeds.xml (No such file or directory)
-- XML file not found relative to classpath.
-- /home/travis/build/icyphy/ptII/ptolemy/vergil/basic/export/test/ptolemy/domains/ptinyos/lib/MicaLeds.xml
/home/travis/build/icyphy/ptII/ptolemy/vergil/basic/export/test/ptolemy/domains/ptinyos/lib/MicaLeds.xml (No such file or directory)
 in file:/home/travis/build/icyphy/ptII/ptolemy/actor/ptalon/demo/ptinyos/SenseToLeds/MicaBoard.xml at line 134 and column 63
	at ptolemy.moml.SimpleErrorHandler.handleError(SimpleErrorHandler.java:75)
	at ptolemy.moml.MoMLParser.startElement(MoMLParser.java:3805)
	at com.microstar.xml.XmlParser.parseElement(XmlParser.java:921)
	at com.microstar.xml.XmlParser.parseContent(XmlParser.java:1104)
	at com.microstar.xml.XmlParser.parseElement(XmlParser.java:924)
	at com.microstar.xml.XmlParser.parseDocument(XmlParser.java:481)
	at com.microstar.xml.XmlParser.doParse(XmlParser.java:159)
	at com.microstar.xml.XmlParser.parse(XmlParser.java:132)
	at ptolemy.moml.MoMLParser.parse(MoMLParser.java:1676)
	at ptolemy.moml.MoMLParser.parse(MoMLParser.java:1595)
	at ptolemy.moml.MoMLParser.parse(MoMLParser.java:1537)
	at ptolemy.moml.MoMLParser._findOrParse(MoMLParser.java:5286)
	at ptolemy.moml.MoMLParser._attemptToFindMoMLClass(MoMLParser.java:4075)
	at ptolemy.moml.MoMLParser._createEntity(MoMLParser.java:4323)
	... 65 more
Caused by: ptolemy.kernel.util.IllegalActionException: Cannot find class: ptolemy.domains.ptinyos.lib.MicaLeds. In Ptolemy, classes are typically Java .class files. Entities like actors may instead be defined within a .xml file.  In any case, the class was not found. If the class uses a third party package, then the class would be present only if the third party package was found at compile time.  It may be necessary to upgrade Java or install the third party package, reconfigure and recompile.
Because:
-- /home/travis/build/icyphy/ptII/ptolemy/actor/ptalon/demo/ptinyos/SenseToLeds/ptolemy/domains/ptinyos/lib/MicaLeds.xml (No such file or directory)
-- XML file not found relative to classpath.
-- /home/travis/build/icyphy/ptII/ptolemy/vergil/basic/export/test/ptolemy/domains/ptinyos/lib/MicaLeds.xml
/home/travis/build/icyphy/ptII/ptolemy/vergil/basic/export/test/ptolemy/domains/ptinyos/lib/MicaLeds.xml (No such file or directory)
 in file:/home/travis/build/icyphy/ptII/ptolemy/actor/ptalon/demo/ptinyos/SenseToLeds/MicaBoard.xml at line 134 and column 63
	at ptolemy.moml.MoMLParser._createEntity(MoMLParser.java:4330)
	at ptolemy.moml.MoMLParser.startElement(MoMLParser.java:2864)
	... 77 more
Caused by: com.microstar.xml.XmlException: -- /home/travis/build/icyphy/ptII/ptolemy/actor/ptalon/demo/ptinyos/SenseToLeds/ptolemy/domains/ptinyos/lib/MicaLeds.xml (No such file or directory)
-- XML file not found relative to classpath.
-- /home/travis/build/icyphy/ptII/ptolemy/vergil/basic/export/test/ptolemy/domains/ptinyos/lib/MicaLeds.xml
/home/travis/build/icyphy/ptII/ptolemy/vergil/basic/export/test/ptolemy/domains/ptinyos/lib/MicaLeds.xml (No such file or directory)
 in file:/home/travis/build/icyphy/ptII/ptolemy/actor/ptalon/demo/ptinyos/SenseToLeds/MicaBoard.xml at line 134 and column 63
	at ptolemy.moml.MoMLParser.fileNameToURL(MoMLParser.java:1414)
	at ptolemy.moml.MoMLParser._findOrParse(MoMLParser.java:5283)
	at ptolemy.moml.MoMLParser._attemptToFindMoMLClass(MoMLParser.java:4075)
	at ptolemy.moml.MoMLParser._createEntity(MoMLParser.java:4323)
	... 78 more
Failed to read file:/home/travis/build/icyphy/ptII/ptolemy/actor/ptalon/demo/ptinyos/SenseToLeds/SenseToLeds.xml
ptolemy.kernel.util.IllegalActionException: Failed to process attribute change to PtalonParameter, whose value is "ptolemy.actor.ptalon.PtalonExpressionParameter {.SenseToLeds.SenseToLeds.n} 2".
  in .SenseToLeds.SenseToLeds
Because:
Unable to add actor null
	at ptolemy.actor.ptalon.PtalonActor.attributeChanged(PtalonActor.java:211)
	at ptolemy.actor.ptalon.PtalonMLHandler.startElement(PtalonMLHandler.java:134)
	at com.microstar.xml.XmlParser.parseElement(XmlParser.java:921)
	at com.microstar.xml.XmlParser.parseContent(XmlParser.java:1104)
	at com.microstar.xml.XmlParser.parseElement(XmlParser.java:924)
	at com.microstar.xml.XmlParser.parseDocument(XmlParser.java:481)
	at com.microstar.xml.XmlParser.doParse(XmlParser.java:159)
	at com.microstar.xml.XmlParser.parse(XmlParser.java:132)
	at ptolemy.actor.ptalon.PtalonActor.configure(PtalonActor.java:240)
	at ptolemy.moml.MoMLParser.endElement(MoMLParser.java:996)
	at com.microstar.xml.XmlParser.parseETag(XmlParser.java:1026)
	at com.microstar.xml.XmlParser.parseContent(XmlParser.java:1098)
	at com.microstar.xml.XmlParser.parseElement(XmlParser.java:924)
	at com.microstar.xml.XmlParser.parseContent(XmlParser.java:1104)
	at com.microstar.xml.XmlParser.parseElement(XmlParser.java:924)
	at com.microstar.xml.XmlParser.parseContent(XmlParser.java:1104)
	at com.microstar.xml.XmlParser.parseElement(XmlParser.java:924)
	at com.microstar.xml.XmlParser.parseDocument(XmlParser.java:481)
	at com.microstar.xml.XmlParser.doParse(XmlParser.java:159)
	at com.microstar.xml.XmlParser.parse(XmlParser.java:132)
	at ptolemy.moml.MoMLParser.parse(MoMLParser.java:1676)
	at ptolemy.moml.MoMLParser.parse(MoMLParser.java:1595)
	at ptolemy.moml.MoMLParser.parse(MoMLParser.java:1537)
	at ptolemy.actor.gui.PtolemyEffigy$Factory.createEffigy(PtolemyEffigy.java:424)
	at ptolemy.actor.gui.EffigyFactory.createEffigy(EffigyFactory.java:234)
	at ptolemy.actor.gui.Configuration.openModel(Configuration.java:1125)
	at ptolemy.actor.gui.Configuration.openModel(Configuration.java:1051)
	at ptolemy.actor.gui.ConfigurationApplication._openModel(ConfigurationApplication.java:1252)
	at ptolemy.actor.gui.ConfigurationApplication._parseArg(ConfigurationApplication.java:1399)
	at ptolemy.actor.gui.ConfigurationApplication._parseArgs(ConfigurationApplication.java:1478)
	at ptolemy.actor.gui.ConfigurationApplication.<init>(ConfigurationApplication.java:277)
	at ptolemy.actor.gui.ConfigurationApplication.<init>(ConfigurationApplication.java:214)
	at ptolemy.actor.gui.ConfigurationApplication.<init>(ConfigurationApplication.java:201)
	at ptolemy.actor.gui.ConfigurationApplication.openModelOrEntity(ConfigurationApplication.java:680)
	at ptolemy.vergil.basic.export.ExportModel$1.run(ExportModel.java:220)
	at java.awt.event.InvocationEvent.dispatch(InvocationEvent.java:301)
	at java.awt.EventQueue.dispatchEventImpl(EventQueue.java:756)
	at java.awt.EventQueue.access$500(EventQueue.java:97)
	at java.awt.EventQueue$3.run(EventQueue.java:709)
	at java.awt.EventQueue$3.run(EventQueue.java:703)
	at java.security.AccessController.doPrivileged(Native Method)
	at java.security.ProtectionDomain$JavaSecurityAccessImpl.doIntersectionPrivilege(ProtectionDomain.java:80)
	at java.awt.EventQueue.dispatchEvent(EventQueue.java:726)
	at java.awt.EventDispatchThread.pumpOneEventForFilters(EventDispatchThread.java:201)
	at java.awt.EventDispatchThread.pumpEventsForFilter(EventDispatchThread.java:116)
	at java.awt.EventDispatchThread.pumpEventsForHierarchy(EventDispatchThread.java:105)
	at java.awt.EventDispatchThread.pumpEvents(EventDispatchThread.java:101)
	at java.awt.EventDispatchThread.pumpEvents(EventDispatchThread.java:93)
	at java.awt.EventDispatchThread.run(EventDispatchThread.java:82)
Caused by: ptolemy.actor.ptalon.PtalonRuntimeException: Unable to add actor null
	at ptolemy.actor.ptalon.PtalonEvaluator.addActor(PtalonEvaluator.java:300)
	at ptolemy.actor.ptalon.PtalonPopulator.actor_declaration(PtalonPopulator.java:1574)
	at ptolemy.actor.ptalon.PtalonPopulator.atomic_statement(PtalonPopulator.java:1638)
	at ptolemy.actor.ptalon.PtalonPopulator.iterative_statement_evaluator(PtalonPopulator.java:2484)
	at ptolemy.actor.ptalon.AbstractPtalonEvaluator$IfTree.evaluateForScope(AbstractPtalonEvaluator.java:1307)
	at ptolemy.actor.ptalon.AbstractPtalonEvaluator.evaluateForScope(AbstractPtalonEvaluator.java:744)
	at ptolemy.actor.ptalon.PtalonPopulator.iterative_statement(PtalonPopulator.java:2363)
	at ptolemy.actor.ptalon.PtalonPopulator.actor_definition(PtalonPopulator.java:2809)
	at ptolemy.actor.ptalon.PtalonActor.attributeChanged(PtalonActor.java:206)
	... 48 more
Caused by: ptolemy.kernel.util.InternalErrorException: Element <entity name="node1" class="ptolemy.actor.ptalon.demo.ptinyos.SenseToLeds.MicaBoard"> caused an exception to be thrown.
  in .SenseToLeds.SenseToLeds
Because:
Cannot find class: ptolemy.actor.ptalon.demo.ptinyos.SenseToLeds.MicaBoard. In Ptolemy, classes are typically Java .class files. Entities like actors may instead be defined within a .xml file.  In any case, the class was not found. If the class uses a third party package, then the class would be present only if the third party package was found at compile time.  It may be necessary to upgrade Java or install the third party package, reconfigure and recompile.
Because:
Element <entity name="MicaLeds" class="ptolemy.domains.ptinyos.lib.MicaLeds"> caused an exception to be thrown.
  in .MicaBoard
Because:
Cannot find class: ptolemy.domains.ptinyos.lib.MicaLeds. In Ptolemy, classes are typically Java .class files. Entities like actors may instead be defined within a .xml file.  In any case, the class was not found. If the class uses a third party package, then the class would be present only if the third party package was found at compile time.  It may be necessary to upgrade Java or install the third party package, reconfigure and recompile.
Because:
-- /home/travis/build/icyphy/ptII/ptolemy/actor/ptalon/demo/ptinyos/SenseToLeds/ptolemy/domains/ptinyos/lib/MicaLeds.xml (No such file or directory)
-- XML file not found relative to classpath.
-- /home/travis/build/icyphy/ptII/ptolemy/vergil/basic/export/test/ptolemy/domains/ptinyos/lib/MicaLeds.xml
/home/travis/build/icyphy/ptII/ptolemy/vergil/basic/export/test/ptolemy/domains/ptinyos/lib/MicaLeds.xml (No such file or directory)
 in file:/home/travis/build/icyphy/ptII/ptolemy/actor/ptalon/demo/ptinyos/SenseToLeds/MicaBoard.xml at line 134 and column 63
	at ptolemy.moml.SimpleErrorHandler.handleError(SimpleErrorHandler.java:75)
	at ptolemy.moml.MoMLParser.startElement(MoMLParser.java:3805)
	at com.microstar.xml.XmlParser.parseElement(XmlParser.java:931)
	at com.microstar.xml.XmlParser.parseDocument(XmlParser.java:481)
	at com.microstar.xml.XmlParser.doParse(XmlParser.java:159)
	at com.microstar.xml.XmlParser.parse(XmlParser.java:132)
	at ptolemy.moml.MoMLParser.parse(MoMLParser.java:1660)
	at ptolemy.moml.MoMLParser.parse(MoMLParser.java:1617)
	at ptolemy.moml.MoMLParser.parse(MoMLParser.java:1792)
	at ptolemy.actor.ptalon.PtalonEvaluator.addActor(PtalonEvaluator.java:241)
	... 56 more
Caused by: ptolemy.kernel.util.IllegalActionException: Cannot find class: ptolemy.actor.ptalon.demo.ptinyos.SenseToLeds.MicaBoard. In Ptolemy, classes are typically Java .class files. Entities like actors may instead be defined within a .xml file.  In any case, the class was not found. If the class uses a third party package, then the class would be present only if the third party package was found at compile time.  It may be necessary to upgrade Java or install the third party package, reconfigure and recompile.
Because:
Element <entity name="MicaLeds" class="ptolemy.domains.ptinyos.lib.MicaLeds"> caused an exception to be thrown.
  in .MicaBoard
Because:
Cannot find class: ptolemy.domains.ptinyos.lib.MicaLeds. In Ptolemy, classes are typically Java .class files. Entities like actors may instead be defined within a .xml file.  In any case, the class was not found. If the class uses a third party package, then the class would be present only if the third party package was found at compile time.  It may be necessary to upgrade Java or install the third party package, reconfigure and recompile.
Because:
-- /home/travis/build/icyphy/ptII/ptolemy/actor/ptalon/demo/ptinyos/SenseToLeds/ptolemy/domains/ptinyos/lib/MicaLeds.xml (No such file or directory)
-- XML file not found relative to classpath.
-- /home/travis/build/icyphy/ptII/ptolemy/vergil/basic/export/test/ptolemy/domains/ptinyos/lib/MicaLeds.xml
/home/travis/build/icyphy/ptII/ptolemy/vergil/basic/export/test/ptolemy/domains/ptinyos/lib/MicaLeds.xml (No such file or directory)
 in file:/home/travis/build/icyphy/ptII/ptolemy/actor/ptalon/demo/ptinyos/SenseToLeds/MicaBoard.xml at line 134 and column 63
	at ptolemy.moml.MoMLParser._createEntity(MoMLParser.java:4330)
	at ptolemy.moml.MoMLParser.startElement(MoMLParser.java:2864)
	... 64 more
Caused by: ptolemy.kernel.util.InternalErrorException: Element <entity name="MicaLeds" class="ptolemy.domains.ptinyos.lib.MicaLeds"> caused an exception to be thrown.
  in .MicaBoard
Because:
Cannot find class: ptolemy.domains.ptinyos.lib.MicaLeds. In Ptolemy, classes are typically Java .class files. Entities like actors may instead be defined within a .xml file.  In any case, the class was not found. If the class uses a third party package, then the class would be present only if the third party package was found at compile time.  It may be necessary to upgrade Java or install the third party package, reconfigure and recompile.
Because:
-- /home/travis/build/icyphy/ptII/ptolemy/actor/ptalon/demo/ptinyos/SenseToLeds/ptolemy/domains/ptinyos/lib/MicaLeds.xml (No such file or directory)
-- XML file not found relative to classpath.
-- /home/travis/build/icyphy/ptII/ptolemy/vergil/basic/export/test/ptolemy/domains/ptinyos/lib/MicaLeds.xml
/home/travis/build/icyphy/ptII/ptolemy/vergil/basic/export/test/ptolemy/domains/ptinyos/lib/MicaLeds.xml (No such file or directory)
 in file:/home/travis/build/icyphy/ptII/ptolemy/actor/ptalon/demo/ptinyos/SenseToLeds/MicaBoard.xml at line 134 and column 63
	at ptolemy.moml.SimpleErrorHandler.handleError(SimpleErrorHandler.java:75)
	at ptolemy.moml.MoMLParser.startElement(MoMLParser.java:3805)
	at com.microstar.xml.XmlParser.parseElement(XmlParser.java:921)
	at com.microstar.xml.XmlParser.parseContent(XmlParser.java:1104)
	at com.microstar.xml.XmlParser.parseElement(XmlParser.java:924)
	at com.microstar.xml.XmlParser.parseDocument(XmlParser.java:481)
	at com.microstar.xml.XmlParser.doParse(XmlParser.java:159)
	at com.microstar.xml.XmlParser.parse(XmlParser.java:132)
	at ptolemy.moml.MoMLParser.parse(MoMLParser.java:1676)
	at ptolemy.moml.MoMLParser.parse(MoMLParser.java:1595)
	at ptolemy.moml.MoMLParser.parse(MoMLParser.java:1537)
	at ptolemy.moml.MoMLParser._findOrParse(MoMLParser.java:5286)
	at ptolemy.moml.MoMLParser._attemptToFindMoMLClass(MoMLParser.java:4075)
	at ptolemy.moml.MoMLParser._createEntity(MoMLParser.java:4323)
	... 65 more
Caused by: ptolemy.kernel.util.IllegalActionException: Cannot find class: ptolemy.domains.ptinyos.lib.MicaLeds. In Ptolemy, classes are typically Java .class files. Entities like actors may instead be defined within a .xml file.  In any case, the class was not found. If the class uses a third party package, then the class would be present only if the third party package was found at compile time.  It may be necessary to upgrade Java or install the third party package, reconfigure and recompile.
Because:
-- /home/travis/build/icyphy/ptII/ptolemy/actor/ptalon/demo/ptinyos/SenseToLeds/ptolemy/domains/ptinyos/lib/MicaLeds.xml (No such file or directory)
-- XML file not found relative to classpath.
-- /home/travis/build/icyphy/ptII/ptolemy/vergil/basic/export/test/ptolemy/domains/ptinyos/lib/MicaLeds.xml
/home/travis/build/icyphy/ptII/ptolemy/vergil/basic/export/test/ptolemy/domains/ptinyos/lib/MicaLeds.xml (No such file or directory)
 in file:/home/travis/build/icyphy/ptII/ptolemy/actor/ptalon/demo/ptinyos/SenseToLeds/MicaBoard.xml at line 134 and column 63
	at ptolemy.moml.MoMLParser._createEntity(MoMLParser.java:4330)
	at ptolemy.moml.MoMLParser.startElement(MoMLParser.java:2864)
	... 77 more
Caused by: com.microstar.xml.XmlException: -- /home/travis/build/icyphy/ptII/ptolemy/actor/ptalon/demo/ptinyos/SenseToLeds/ptolemy/domains/ptinyos/lib/MicaLeds.xml (No such file or directory)
-- XML file not found relative to classpath.
-- /home/travis/build/icyphy/ptII/ptolemy/vergil/basic/export/test/ptolemy/domains/ptinyos/lib/MicaLeds.xml
/home/travis/build/icyphy/ptII/ptolemy/vergil/basic/export/test/ptolemy/domains/ptinyos/lib/MicaLeds.xml (No such file or directory)
 in file:/home/travis/build/icyphy/ptII/ptolemy/actor/ptalon/demo/ptinyos/SenseToLeds/MicaBoard.xml at line 134 and column 63
	at ptolemy.moml.MoMLParser.fileNameToURL(MoMLParser.java:1414)
	at ptolemy.moml.MoMLParser._findOrParse(MoMLParser.java:5283)
	at ptolemy.moml.MoMLParser._attemptToFindMoMLClass(MoMLParser.java:4075)
	at ptolemy.moml.MoMLParser._createEntity(MoMLParser.java:4323)
	... 78 more
Caused by: ptolemy.actor.ptalon.PtalonRuntimeException: Unable to add actor null
	at ptolemy.actor.ptalon.PtalonEvaluator.addActor(PtalonEvaluator.java:300)
	at ptolemy.actor.ptalon.PtalonPopulator.actor_declaration(PtalonPopulator.java:1574)
	at ptolemy.actor.ptalon.PtalonPopulator.atomic_statement(PtalonPopulator.java:1638)
	at ptolemy.actor.ptalon.PtalonPopulator.iterative_statement_evaluator(PtalonPopulator.java:2484)
	at ptolemy.actor.ptalon.AbstractPtalonEvaluator$IfTree.evaluateForScope(AbstractPtalonEvaluator.java:1307)
	at ptolemy.actor.ptalon.AbstractPtalonEvaluator.evaluateForScope(AbstractPtalonEvaluator.java:744)
	at ptolemy.actor.ptalon.PtalonPopulator.iterative_statement(PtalonPopulator.java:2363)
	at ptolemy.actor.ptalon.PtalonPopulator.actor_definition(PtalonPopulator.java:2809)
	at ptolemy.actor.ptalon.PtalonActor.attributeChanged(PtalonActor.java:206)
	at ptolemy.actor.ptalon.PtalonMLHandler.startElement(PtalonMLHandler.java:134)
	at com.microstar.xml.XmlParser.parseElement(XmlParser.java:921)
	at com.microstar.xml.XmlParser.parseContent(XmlParser.java:1104)
	at com.microstar.xml.XmlParser.parseElement(XmlParser.java:924)
	at com.microstar.xml.XmlParser.parseDocument(XmlParser.java:481)
	at com.microstar.xml.XmlParser.doParse(XmlParser.java:159)
	at com.microstar.xml.XmlParser.parse(XmlParser.java:132)
	at ptolemy.actor.ptalon.PtalonActor.configure(PtalonActor.java:240)
	at ptolemy.moml.MoMLParser.endElement(MoMLParser.java:996)
	at com.microstar.xml.XmlParser.parseETag(XmlParser.java:1026)
	at com.microstar.xml.XmlParser.parseContent(XmlParser.java:1098)
	at com.microstar.xml.XmlParser.parseElement(XmlParser.java:924)
	at com.microstar.xml.XmlParser.parseContent(XmlParser.java:1104)
	at com.microstar.xml.XmlParser.parseElement(XmlParser.java:924)
	at com.microstar.xml.XmlParser.parseContent(XmlParser.java:1104)
	at com.microstar.xml.XmlParser.parseElement(XmlParser.java:924)
	at com.microstar.xml.XmlParser.parseDocument(XmlParser.java:481)
	at com.microstar.xml.XmlParser.doParse(XmlParser.java:159)
	at com.microstar.xml.XmlParser.parse(XmlParser.java:132)
	at ptolemy.moml.MoMLParser.parse(MoMLParser.java:1676)
	at ptolemy.moml.MoMLParser.parse(MoMLParser.java:1595)
	at ptolemy.moml.MoMLParser.parse(MoMLParser.java:1537)
	at ptolemy.actor.gui.PtolemyEffigy$Factory.createEffigy(PtolemyEffigy.java:424)
	at ptolemy.actor.gui.EffigyFactory.createEffigy(EffigyFactory.java:234)
	at ptolemy.actor.gui.Configuration.openModel(Configuration.java:1125)
	at ptolemy.actor.gui.Configuration.openModel(Configuration.java:1051)
	at ptolemy.actor.gui.ConfigurationApplication._openModel(ConfigurationApplication.java:1252)
	at ptolemy.actor.gui.ConfigurationApplication._parseArg(ConfigurationApplication.java:1399)
	at ptolemy.actor.gui.ConfigurationApplication._parseArgs(ConfigurationApplication.java:1478)
	at ptolemy.actor.gui.ConfigurationApplication.<init>(ConfigurationApplication.java:277)
	at ptolemy.actor.gui.ConfigurationApplication.<init>(ConfigurationApplication.java:214)
	at ptolemy.actor.gui.ConfigurationApplication.<init>(ConfigurationApplication.java:201)
	at ptolemy.actor.gui.ConfigurationApplication.openModelOrEntity(ConfigurationApplication.java:680)
	at ptolemy.vergil.basic.export.ExportModel$1.run(ExportModel.java:220)
	at java.awt.event.InvocationEvent.dispatch(InvocationEvent.java:301)
	at java.awt.EventQueue.dispatchEventImpl(EventQueue.java:756)
	at java.awt.EventQueue.access$500(EventQueue.java:97)
	at java.awt.EventQueue$3.run(EventQueue.java:709)
	at java.awt.EventQueue$3.run(EventQueue.java:703)
	at java.security.AccessController.doPrivileged(Native Method)
	at java.security.ProtectionDomain$JavaSecurityAccessImpl.doIntersectionPrivilege(ProtectionDomain.java:80)
	at java.awt.EventQueue.dispatchEvent(EventQueue.java:726)
	at java.awt.EventDispatchThread.pumpOneEventForFilters(EventDispatchThread.java:201)
	at java.awt.EventDispatchThread.pumpEventsForFilter(EventDispatchThread.java:116)
	at java.awt.EventDispatchThread.pumpEventsForHierarchy(EventDispatchThread.java:105)
	at java.awt.EventDispatchThread.pumpEvents(EventDispatchThread.java:101)
	at java.awt.EventDispatchThread.pumpEvents(EventDispatchThread.java:93)
	at java.awt.EventDispatchThread.run(EventDispatchThread.java:82)
Caused by: ptolemy.kernel.util.InternalErrorException: Element <entity name="node1" class="ptolemy.actor.ptalon.demo.ptinyos.SenseToLeds.MicaBoard"> caused an exception to be thrown.
  in .SenseToLeds.SenseToLeds
Because:
Cannot find class: ptolemy.actor.ptalon.demo.ptinyos.SenseToLeds.MicaBoard. In Ptolemy, classes are typically Java .class files. Entities like actors may instead be defined within a .xml file.  In any case, the class was not found. If the class uses a third party package, then the class would be present only if the third party package was found at compile time.  It may be necessary to upgrade Java or install the third party package, reconfigure and recompile.
Because:
Element <entity name="MicaLeds" class="ptolemy.domains.ptinyos.lib.MicaLeds"> caused an exception to be thrown.
  in .MicaBoard
Because:
Cannot find class: ptolemy.domains.ptinyos.lib.MicaLeds. In Ptolemy, classes are typically Java .class files. Entities like actors may instead be defined within a .xml file.  In any case, the class was not found. If the class uses a third party package, then the class would be present only if the third party package was found at compile time.  It may be necessary to upgrade Java or install the third party package, reconfigure and recompile.
Because:
-- /home/travis/build/icyphy/ptII/ptolemy/actor/ptalon/demo/ptinyos/SenseToLeds/ptolemy/domains/ptinyos/lib/MicaLeds.xml (No such file or directory)
-- XML file not found relative to classpath.
-- /home/travis/build/icyphy/ptII/ptolemy/vergil/basic/export/test/ptolemy/domains/ptinyos/lib/MicaLeds.xml
/home/travis/build/icyphy/ptII/ptolemy/vergil/basic/export/test/ptolemy/domains/ptinyos/lib/MicaLeds.xml (No such file or directory)
 in file:/home/travis/build/icyphy/ptII/ptolemy/actor/ptalon/demo/ptinyos/SenseToLeds/MicaBoard.xml at line 134 and column 63
	at ptolemy.moml.SimpleErrorHandler.handleError(SimpleErrorHandler.java:75)
	at ptolemy.moml.MoMLParser.startElement(MoMLParser.java:3805)
	at com.microstar.xml.XmlParser.parseElement(XmlParser.java:931)
	at com.microstar.xml.XmlParser.parseDocument(XmlParser.java:481)
	at com.microstar.xml.XmlParser.doParse(XmlParser.java:159)
	at com.microstar.xml.XmlParser.parse(XmlParser.java:132)
	at ptolemy.moml.MoMLParser.parse(MoMLParser.java:1660)
	at ptolemy.moml.MoMLParser.parse(MoMLParser.java:1617)
	at ptolemy.moml.MoMLParser.parse(MoMLParser.java:1792)
	at ptolemy.actor.ptalon.PtalonEvaluator.addActor(PtalonEvaluator.java:241)
	... 56 more
Caused by: ptolemy.kernel.util.IllegalActionException: Cannot find class: ptolemy.actor.ptalon.demo.ptinyos.SenseToLeds.MicaBoard. In Ptolemy, classes are typically Java .class files. Entities like actors may instead be defined within a .xml file.  In any case, the class was not found. If the class uses a third party package, then the class would be present only if the third party package was found at compile time.  It may be necessary to upgrade Java or install the third party package, reconfigure and recompile.
Because:
Element <entity name="MicaLeds" class="ptolemy.domains.ptinyos.lib.MicaLeds"> caused an exception to be thrown.
  in .MicaBoard
Because:
Cannot find class: ptolemy.domains.ptinyos.lib.MicaLeds. In Ptolemy, classes are typically Java .class files. Entities like actors may instead be defined within a .xml file.  In any case, the class was not found. If the class uses a third party package, then the class would be present only if the third party package was found at compile time.  It may be necessary to upgrade Java or install the third party package, reconfigure and recompile.
Because:
-- /home/travis/build/icyphy/ptII/ptolemy/actor/ptalon/demo/ptinyos/SenseToLeds/ptolemy/domains/ptinyos/lib/MicaLeds.xml (No such file or directory)
-- XML file not found relative to classpath.
-- /home/travis/build/icyphy/ptII/ptolemy/vergil/basic/export/test/ptolemy/domains/ptinyos/lib/MicaLeds.xml
/home/travis/build/icyphy/ptII/ptolemy/vergil/basic/export/test/ptolemy/domains/ptinyos/lib/MicaLeds.xml (No such file or directory)
 in file:/home/travis/build/icyphy/ptII/ptolemy/actor/ptalon/demo/ptinyos/SenseToLeds/MicaBoard.xml at line 134 and column 63
	at ptolemy.moml.MoMLParser._createEntity(MoMLParser.java:4330)
	at ptolemy.moml.MoMLParser.startElement(MoMLParser.java:2864)
	... 64 more
Caused by: ptolemy.kernel.util.InternalErrorException: Element <entity name="MicaLeds" class="ptolemy.domains.ptinyos.lib.MicaLeds"> caused an exception to be thrown.
  in .MicaBoard
Because:
Cannot find class: ptolemy.domains.ptinyos.lib.MicaLeds. In Ptolemy, classes are typically Java .class files. Entities like actors may instead be defined within a .xml file.  In any case, the class was not found. If the class uses a third party package, then the class would be present only if the third party package was found at compile time.  It may be necessary to upgrade Java or install the third party package, reconfigure and recompile.
Because:
-- /home/travis/build/icyphy/ptII/ptolemy/actor/ptalon/demo/ptinyos/SenseToLeds/ptolemy/domains/ptinyos/lib/MicaLeds.xml (No such file or directory)
-- XML file not found relative to classpath.
-- /home/travis/build/icyphy/ptII/ptolemy/vergil/basic/export/test/ptolemy/domains/ptinyos/lib/MicaLeds.xml
/home/travis/build/icyphy/ptII/ptolemy/vergil/basic/export/test/ptolemy/domains/ptinyos/lib/MicaLeds.xml (No such file or directory)
 in file:/home/travis/build/icyphy/ptII/ptolemy/actor/ptalon/demo/ptinyos/SenseToLeds/MicaBoard.xml at line 134 and column 63
	at ptolemy.moml.SimpleErrorHandler.handleError(SimpleErrorHandler.java:75)
	at ptolemy.moml.MoMLParser.startElement(MoMLParser.java:3805)
	at com.microstar.xml.XmlParser.parseElement(XmlParser.java:921)
	at com.microstar.xml.XmlParser.parseContent(XmlParser.java:1104)
	at com.microstar.xml.XmlParser.parseElement(XmlParser.java:924)
	at com.microstar.xml.XmlParser.parseDocument(XmlParser.java:481)
	at com.microstar.xml.XmlParser.doParse(XmlParser.java:159)
	at com.microstar.xml.XmlParser.parse(XmlParser.java:132)
	at ptolemy.moml.MoMLParser.parse(MoMLParser.java:1676)
	at ptolemy.moml.MoMLParser.parse(MoMLParser.java:1595)
	at ptolemy.moml.MoMLParser.parse(MoMLParser.java:1537)
	at ptolemy.moml.MoMLParser._findOrParse(MoMLParser.java:5286)
	at ptolemy.moml.MoMLParser._attemptToFindMoMLClass(MoMLParser.java:4075)
	at ptolemy.moml.MoMLParser._createEntity(MoMLParser.java:4323)
	... 65 more
Caused by: ptolemy.kernel.util.IllegalActionException: Cannot find class: ptolemy.domains.ptinyos.lib.MicaLeds. In Ptolemy, classes are typically Java .class files. Entities like actors may instead be defined within a .xml file.  In any case, the class was not found. If the class uses a third party package, then the class would be present only if the third party package was found at compile time.  It may be necessary to upgrade Java or install the third party package, reconfigure and recompile.
Because:
-- /home/travis/build/icyphy/ptII/ptolemy/actor/ptalon/demo/ptinyos/SenseToLeds/ptolemy/domains/ptinyos/lib/MicaLeds.xml (No such file or directory)
-- XML file not found relative to classpath.
-- /home/travis/build/icyphy/ptII/ptolemy/vergil/basic/export/test/ptolemy/domains/ptinyos/lib/MicaLeds.xml
/home/travis/build/icyphy/ptII/ptolemy/vergil/basic/export/test/ptolemy/domains/ptinyos/lib/MicaLeds.xml (No such file or directory)
 in file:/home/travis/build/icyphy/ptII/ptolemy/actor/ptalon/demo/ptinyos/SenseToLeds/MicaBoard.xml at line 134 and column 63
	at ptolemy.moml.MoMLParser._createEntity(MoMLParser.java:4330)
	at ptolemy.moml.MoMLParser.startElement(MoMLParser.java:2864)
	... 77 more
Caused by: com.microstar.xml.XmlException: -- /home/travis/build/icyphy/ptII/ptolemy/actor/ptalon/demo/ptinyos/SenseToLeds/ptolemy/domains/ptinyos/lib/MicaLeds.xml (No such file or directory)
-- XML file not found relative to classpath.
-- /home/travis/build/icyphy/ptII/ptolemy/vergil/basic/export/test/ptolemy/domains/ptinyos/lib/MicaLeds.xml
/home/travis/build/icyphy/ptII/ptolemy/vergil/basic/export/test/ptolemy/domains/ptinyos/lib/MicaLeds.xml (No such file or directory)
 in file:/home/travis/build/icyphy/ptII/ptolemy/actor/ptalon/demo/ptinyos/SenseToLeds/MicaBoard.xml at line 134 and column 63
	at ptolemy.moml.MoMLParser.fileNameToURL(MoMLParser.java:1414)
	at ptolemy.moml.MoMLParser._findOrParse(MoMLParser.java:5283)
	at ptolemy.moml.MoMLParser._attemptToFindMoMLClass(MoMLParser.java:4075)
	at ptolemy.moml.MoMLParser._createEntity(MoMLParser.java:4323)
	... 78 more
ptolemy.kernel.util.IllegalActionException: Failed to process attribute change to PtalonParameter, whose value is "ptolemy.actor.ptalon.PtalonExpressionParameter {.SenseToLeds.SenseToLeds.n} 2".
  in .SenseToLeds.SenseToLeds
Because:
Unable to add actor null
	at ptolemy.actor.ptalon.PtalonActor.attributeChanged(PtalonActor.java:211)
	at ptolemy.actor.ptalon.PtalonMLHandler.startElement(PtalonMLHandler.java:134)
	at com.microstar.xml.XmlParser.parseElement(XmlParser.java:921)
	at com.microstar.xml.XmlParser.parseContent(XmlParser.java:1104)
	at com.microstar.xml.XmlParser.parseElement(XmlParser.java:924)
	at com.microstar.xml.XmlParser.parseDocument(XmlParser.java:481)
	at com.microstar.xml.XmlParser.doParse(XmlParser.java:159)
	at com.microstar.xml.XmlParser.parse(XmlParser.java:132)
	at ptolemy.actor.ptalon.PtalonActor.configure(PtalonActor.java:240)
	at ptolemy.moml.MoMLParser.endElement(MoMLParser.java:996)
	at com.microstar.xml.XmlParser.parseETag(XmlParser.java:1026)
	at com.microstar.xml.XmlParser.parseContent(XmlParser.java:1098)
	at com.microstar.xml.XmlParser.parseElement(XmlParser.java:924)
	at com.microstar.xml.XmlParser.parseContent(XmlParser.java:1104)
	at com.microstar.xml.XmlParser.parseElement(XmlParser.java:924)
	at com.microstar.xml.XmlParser.parseContent(XmlParser.java:1104)
	at com.microstar.xml.XmlParser.parseElement(XmlParser.java:924)
	at com.microstar.xml.XmlParser.parseDocument(XmlParser.java:481)
	at com.microstar.xml.XmlParser.doParse(XmlParser.java:159)
	at com.microstar.xml.XmlParser.parse(XmlParser.java:132)
	at ptolemy.moml.MoMLParser.parse(MoMLParser.java:1676)
	at ptolemy.moml.MoMLParser.parse(MoMLParser.java:1595)
	at ptolemy.moml.MoMLParser.parse(MoMLParser.java:1537)
	at ptolemy.actor.gui.PtolemyEffigy$Factory.createEffigy(PtolemyEffigy.java:424)
	at ptolemy.actor.gui.EffigyFactory.createEffigy(EffigyFactory.java:234)
	at ptolemy.actor.gui.Configuration.openModel(Configuration.java:1125)
	at ptolemy.actor.gui.Configuration.openModel(Configuration.java:1051)
	at ptolemy.actor.gui.ConfigurationApplication._openModel(ConfigurationApplication.java:1252)
	at ptolemy.actor.gui.ConfigurationApplication._parseArg(ConfigurationApplication.java:1399)
	at ptolemy.actor.gui.ConfigurationApplication._parseArgs(ConfigurationApplication.java:1478)
	at ptolemy.actor.gui.ConfigurationApplication.<init>(ConfigurationApplication.java:277)
	at ptolemy.actor.gui.ConfigurationApplication.<init>(ConfigurationApplication.java:214)
	at ptolemy.actor.gui.ConfigurationApplication.<init>(ConfigurationApplication.java:201)
	at ptolemy.actor.gui.ConfigurationApplication.openModelOrEntity(ConfigurationApplication.java:680)
	at ptolemy.vergil.basic.export.ExportModel$1.run(ExportModel.java:220)
	at java.awt.event.InvocationEvent.dispatch(InvocationEvent.java:301)
	at java.awt.EventQueue.dispatchEventImpl(EventQueue.java:756)
	at java.awt.EventQueue.access$500(EventQueue.java:97)
	at java.awt.EventQueue$3.run(EventQueue.java:709)
	at java.awt.EventQueue$3.run(EventQueue.java:703)
	at java.security.AccessController.doPrivileged(Native Method)
	at java.security.ProtectionDomain$JavaSecurityAccessImpl.doIntersectionPrivilege(ProtectionDomain.java:80)
	at java.awt.EventQueue.dispatchEvent(EventQueue.java:726)
	at java.awt.EventDispatchThread.pumpOneEventForFilters(EventDispatchThread.java:201)
	at java.awt.EventDispatchThread.pumpEventsForFilter(EventDispatchThread.java:116)
	at java.awt.EventDispatchThread.pumpEventsForHierarchy(EventDispatchThread.java:105)
	at java.awt.EventDispatchThread.pumpEvents(EventDispatchThread.java:101)
	at java.awt.EventDispatchThread.pumpEvents(EventDispatchThread.java:93)
	at java.awt.EventDispatchThread.run(EventDispatchThread.java:82)
Caused by: ptolemy.actor.ptalon.PtalonRuntimeException: Unable to add actor null
	at ptolemy.actor.ptalon.PtalonEvaluator.addActor(PtalonEvaluator.java:300)
	at ptolemy.actor.ptalon.PtalonPopulator.actor_declaration(PtalonPopulator.java:1574)
	at ptolemy.actor.ptalon.PtalonPopulator.atomic_statement(PtalonPopulator.java:1638)
	at ptolemy.actor.ptalon.PtalonPopulator.iterative_statement_evaluator(PtalonPopulator.java:2484)
	at ptolemy.actor.ptalon.AbstractPtalonEvaluator$IfTree.evaluateForScope(AbstractPtalonEvaluator.java:1307)
	at ptolemy.actor.ptalon.AbstractPtalonEvaluator.evaluateForScope(AbstractPtalonEvaluator.java:744)
	at ptolemy.actor.ptalon.PtalonPopulator.iterative_statement(PtalonPopulator.java:2363)
	at ptolemy.actor.ptalon.PtalonPopulator.actor_definition(PtalonPopulator.java:2809)
	at ptolemy.actor.ptalon.PtalonActor.attributeChanged(PtalonActor.java:206)
	... 48 more
Caused by: ptolemy.kernel.util.InternalErrorException: Element <entity name="node1" class="ptolemy.actor.ptalon.demo.ptinyos.SenseToLeds.MicaBoard"> caused an exception to be thrown.
  in .SenseToLeds.SenseToLeds
Because:
Cannot find class: ptolemy.actor.ptalon.demo.ptinyos.SenseToLeds.MicaBoard. In Ptolemy, classes are typically Java .class files. Entities like actors may instead be defined within a .xml file.  In any case, the class was not found. If the class uses a third party package, then the class would be present only if the third party package was found at compile time.  It may be necessary to upgrade Java or install the third party package, reconfigure and recompile.
Because:
Element <entity name="MicaLeds" class="ptolemy.domains.ptinyos.lib.MicaLeds"> caused an exception to be thrown.
  in .MicaBoard
Because:
Cannot find class: ptolemy.domains.ptinyos.lib.MicaLeds. In Ptolemy, classes are typically Java .class files. Entities like actors may instead be defined within a .xml file.  In any case, the class was not found. If the class uses a third party package, then the class would be present only if the third party package was found at compile time.  It may be necessary to upgrade Java or install the third party package, reconfigure and recompile.
Because:
-- /home/travis/build/icyphy/ptII/ptolemy/actor/ptalon/demo/ptinyos/SenseToLeds/ptolemy/domains/ptinyos/lib/MicaLeds.xml (No such file or directory)
-- XML file not found relative to classpath.
-- /home/travis/build/icyphy/ptII/ptolemy/vergil/basic/export/test/ptolemy/domains/ptinyos/lib/MicaLeds.xml
/home/travis/build/icyphy/ptII/ptolemy/vergil/basic/export/test/ptolemy/domains/ptinyos/lib/MicaLeds.xml (No such file or directory)
 in file:/home/travis/build/icyphy/ptII/ptolemy/actor/ptalon/demo/ptinyos/SenseToLeds/MicaBoard.xml at line 134 and column 63
	at ptolemy.moml.SimpleErrorHandler.handleError(SimpleErrorHandler.java:75)
	at ptolemy.moml.MoMLParser.startElement(MoMLParser.java:3805)
	at com.microstar.xml.XmlParser.parseElement(XmlParser.java:931)
	at com.microstar.xml.XmlParser.parseDocument(XmlParser.java:481)
	at com.microstar.xml.XmlParser.doParse(XmlParser.java:159)
	at com.microstar.xml.XmlParser.parse(XmlParser.java:132)
	at ptolemy.moml.MoMLParser.parse(MoMLParser.java:1660)
	at ptolemy.moml.MoMLParser.parse(MoMLParser.java:1617)
	at ptolemy.moml.MoMLParser.parse(MoMLParser.java:1792)
	at ptolemy.actor.ptalon.PtalonEvaluator.addActor(PtalonEvaluator.java:241)
	... 56 more
Caused by: ptolemy.kernel.util.IllegalActionException: Cannot find class: ptolemy.actor.ptalon.demo.ptinyos.SenseToLeds.MicaBoard. In Ptolemy, classes are typically Java .class files. Entities like actors may instead be defined within a .xml file.  In any case, the class was not found. If the class uses a third party package, then the class would be present only if the third party package was found at compile time.  It may be necessary to upgrade Java or install the third party package, reconfigure and recompile.
Because:
Element <entity name="MicaLeds" class="ptolemy.domains.ptinyos.lib.MicaLeds"> caused an exception to be thrown.
  in .MicaBoard
Because:
Cannot find class: ptolemy.domains.ptinyos.lib.MicaLeds. In Ptolemy, classes are typically Java .class files. Entities like actors may instead be defined within a .xml file.  In any case, the class was not found. If the class uses a third party package, then the class would be present only if the third party package was found at compile time.  It may be necessary to upgrade Java or install the third party package, reconfigure and recompile.
Because:
-- /home/travis/build/icyphy/ptII/ptolemy/actor/ptalon/demo/ptinyos/SenseToLeds/ptolemy/domains/ptinyos/lib/MicaLeds.xml (No such file or directory)
-- XML file not found relative to classpath.
-- /home/travis/build/icyphy/ptII/ptolemy/vergil/basic/export/test/ptolemy/domains/ptinyos/lib/MicaLeds.xml
/home/travis/build/icyphy/ptII/ptolemy/vergil/basic/export/test/ptolemy/domains/ptinyos/lib/MicaLeds.xml (No such file or directory)
 in file:/home/travis/build/icyphy/ptII/ptolemy/actor/ptalon/demo/ptinyos/SenseToLeds/MicaBoard.xml at line 134 and column 63
	at ptolemy.moml.MoMLParser._createEntity(MoMLParser.java:4330)
	at ptolemy.moml.MoMLParser.startElement(MoMLParser.java:2864)
	... 64 more
Caused by: ptolemy.kernel.util.InternalErrorException: Element <entity name="MicaLeds" class="ptolemy.domains.ptinyos.lib.MicaLeds"> caused an exception to be thrown.
  in .MicaBoard
Because:
Cannot find class: ptolemy.domains.ptinyos.lib.MicaLeds. In Ptolemy, classes are typically Java .class files. Entities like actors may instead be defined within a .xml file.  In any case, the class was not found. If the class uses a third party package, then the class would be present only if the third party package was found at compile time.  It may be necessary to upgrade Java or install the third party package, reconfigure and recompile.
Because:
-- /home/travis/build/icyphy/ptII/ptolemy/actor/ptalon/demo/ptinyos/SenseToLeds/ptolemy/domains/ptinyos/lib/MicaLeds.xml (No such file or directory)
-- XML file not found relative to classpath.
-- /home/travis/build/icyphy/ptII/ptolemy/vergil/basic/export/test/ptolemy/domains/ptinyos/lib/MicaLeds.xml
/home/travis/build/icyphy/ptII/ptolemy/vergil/basic/export/test/ptolemy/domains/ptinyos/lib/MicaLeds.xml (No such file or directory)
 in file:/home/travis/build/icyphy/ptII/ptolemy/actor/ptalon/demo/ptinyos/SenseToLeds/MicaBoard.xml at line 134 and column 63
	at ptolemy.moml.SimpleErrorHandler.handleError(SimpleErrorHandler.java:75)
	at ptolemy.moml.MoMLParser.startElement(MoMLParser.java:3805)
	at com.microstar.xml.XmlParser.parseElement(XmlParser.java:921)
	at com.microstar.xml.XmlParser.parseContent(XmlParser.java:1104)
	at com.microstar.xml.XmlParser.parseElement(XmlParser.java:924)
	at com.microstar.xml.XmlParser.parseDocument(XmlParser.java:481)
	at com.microstar.xml.XmlParser.doParse(XmlParser.java:159)
	at com.microstar.xml.XmlParser.parse(XmlParser.java:132)
	at ptolemy.moml.MoMLParser.parse(MoMLParser.java:1676)
	at ptolemy.moml.MoMLParser.parse(MoMLParser.java:1595)
	at ptolemy.moml.MoMLParser.parse(MoMLParser.java:1537)
	at ptolemy.moml.MoMLParser._findOrParse(MoMLParser.java:5286)
	at ptolemy.moml.MoMLParser._attemptToFindMoMLClass(MoMLParser.java:4075)
	at ptolemy.moml.MoMLParser._createEntity(MoMLParser.java:4323)
	... 65 more
Caused by: ptolemy.kernel.util.IllegalActionException: Cannot find class: ptolemy.domains.ptinyos.lib.MicaLeds. In Ptolemy, classes are typically Java .class files. Entities like actors may instead be defined within a .xml file.  In any case, the class was not found. If the class uses a third party package, then the class would be present only if the third party package was found at compile time.  It may be necessary to upgrade Java or install the third party package, reconfigure and recompile.
Because:
-- /home/travis/build/icyphy/ptII/ptolemy/actor/ptalon/demo/ptinyos/SenseToLeds/ptolemy/domains/ptinyos/lib/MicaLeds.xml (No such file or directory)
-- XML file not found relative to classpath.
-- /home/travis/build/icyphy/ptII/ptolemy/vergil/basic/export/test/ptolemy/domains/ptinyos/lib/MicaLeds.xml
/home/travis/build/icyphy/ptII/ptolemy/vergil/basic/export/test/ptolemy/domains/ptinyos/lib/MicaLeds.xml (No such file or directory)
 in file:/home/travis/build/icyphy/ptII/ptolemy/actor/ptalon/demo/ptinyos/SenseToLeds/MicaBoard.xml at line 134 and column 63
	at ptolemy.moml.MoMLParser._createEntity(MoMLParser.java:4330)
	at ptolemy.moml.MoMLParser.startElement(MoMLParser.java:2864)
	... 77 more
Caused by: com.microstar.xml.XmlException: -- /home/travis/build/icyphy/ptII/ptolemy/actor/ptalon/demo/ptinyos/SenseToLeds/ptolemy/domains/ptinyos/lib/MicaLeds.xml (No such file or directory)
-- XML file not found relative to classpath.
-- /home/travis/build/icyphy/ptII/ptolemy/vergil/basic/export/test/ptolemy/domains/ptinyos/lib/MicaLeds.xml
/home/travis/build/icyphy/ptII/ptolemy/vergil/basic/export/test/ptolemy/domains/ptinyos/lib/MicaLeds.xml (No such file or directory)
 in file:/home/travis/build/icyphy/ptII/ptolemy/actor/ptalon/demo/ptinyos/SenseToLeds/MicaBoard.xml at line 134 and column 63
	at ptolemy.moml.MoMLParser.fileNameToURL(MoMLParser.java:1414)
	at ptolemy.moml.MoMLParser._findOrParse(MoMLParser.java:5283)
	at ptolemy.moml.MoMLParser._attemptToFindMoMLClass(MoMLParser.java:4075)
	at ptolemy.moml.MoMLParser._createEntity(MoMLParser.java:4323)
	... 78 more
Caused by: ptolemy.actor.ptalon.PtalonRuntimeException: Unable to add actor null
	at ptolemy.actor.ptalon.PtalonEvaluator.addActor(PtalonEvaluator.java:300)
	at ptolemy.actor.ptalon.PtalonPopulator.actor_declaration(PtalonPopulator.java:1574)
	at ptolemy.actor.ptalon.PtalonPopulator.atomic_statement(PtalonPopulator.java:1638)
	at ptolemy.actor.ptalon.PtalonPopulator.iterative_statement_evaluator(PtalonPopulator.java:2484)
	at ptolemy.actor.ptalon.AbstractPtalonEvaluator$IfTree.evaluateForScope(AbstractPtalonEvaluator.java:1307)
	at ptolemy.actor.ptalon.AbstractPtalonEvaluator.evaluateForScope(AbstractPtalonEvaluator.java:744)
	at ptolemy.actor.ptalon.PtalonPopulator.iterative_statement(PtalonPopulator.java:2363)
	at ptolemy.actor.ptalon.PtalonPopulator.actor_definition(PtalonPopulator.java:2809)
	at ptolemy.actor.ptalon.PtalonActor.attributeChanged(PtalonActor.java:206)
	at ptolemy.actor.ptalon.PtalonMLHandler.startElement(PtalonMLHandler.java:134)
	at com.microstar.xml.XmlParser.parseElement(XmlParser.java:921)
	at com.microstar.xml.XmlParser.parseContent(XmlParser.java:1104)
	at com.microstar.xml.XmlParser.parseElement(XmlParser.java:924)
	at com.microstar.xml.XmlParser.parseDocument(XmlParser.java:481)
	at com.microstar.xml.XmlParser.doParse(XmlParser.java:159)
	at com.microstar.xml.XmlParser.parse(XmlParser.java:132)
	at ptolemy.actor.ptalon.PtalonActor.configure(PtalonActor.java:240)
	at ptolemy.moml.MoMLParser.endElement(MoMLParser.java:996)
	at com.microstar.xml.XmlParser.parseETag(XmlParser.java:1026)
	at com.microstar.xml.XmlParser.parseContent(XmlParser.java:1098)
	at com.microstar.xml.XmlParser.parseElement(XmlParser.java:924)
	at com.microstar.xml.XmlParser.parseContent(XmlParser.java:1104)
	at com.microstar.xml.XmlParser.parseElement(XmlParser.java:924)
	at com.microstar.xml.XmlParser.parseContent(XmlParser.java:1104)
	at com.microstar.xml.XmlParser.parseElement(XmlParser.java:924)
	at com.microstar.xml.XmlParser.parseDocument(XmlParser.java:481)
	at com.microstar.xml.XmlParser.doParse(XmlParser.java:159)
	at com.microstar.xml.XmlParser.parse(XmlParser.java:132)
	at ptolemy.moml.MoMLParser.parse(MoMLParser.java:1676)
	at ptolemy.moml.MoMLParser.parse(MoMLParser.java:1595)
	at ptolemy.moml.MoMLParser.parse(MoMLParser.java:1537)
	at ptolemy.actor.gui.PtolemyEffigy$Factory.createEffigy(PtolemyEffigy.java:424)
	at ptolemy.actor.gui.EffigyFactory.createEffigy(EffigyFactory.java:234)
	at ptolemy.actor.gui.Configuration.openModel(Configuration.java:1125)
	at ptolemy.actor.gui.Configuration.openModel(Configuration.java:1051)
	at ptolemy.actor.gui.ConfigurationApplication._openModel(ConfigurationApplication.java:1252)
	at ptolemy.actor.gui.ConfigurationApplication._parseArg(ConfigurationApplication.java:1399)
	at ptolemy.actor.gui.ConfigurationApplication._parseArgs(ConfigurationApplication.java:1478)
	at ptolemy.actor.gui.ConfigurationApplication.<init>(ConfigurationApplication.java:277)
	at ptolemy.actor.gui.ConfigurationApplication.<init>(ConfigurationApplication.java:214)
	at ptolemy.actor.gui.ConfigurationApplication.<init>(ConfigurationApplication.java:201)
	at ptolemy.actor.gui.ConfigurationApplication.openModelOrEntity(ConfigurationApplication.java:680)
	at ptolemy.vergil.basic.export.ExportModel$1.run(ExportModel.java:220)
	at java.awt.event.InvocationEvent.dispatch(InvocationEvent.java:301)
	at java.awt.EventQueue.dispatchEventImpl(EventQueue.java:756)
	at java.awt.EventQueue.access$500(EventQueue.java:97)
	at java.awt.EventQueue$3.run(EventQueue.java:709)
	at java.awt.EventQueue$3.run(EventQueue.java:703)
	at java.security.AccessController.doPrivileged(Native Method)
	at java.security.ProtectionDomain$JavaSecurityAccessImpl.doIntersectionPrivilege(ProtectionDomain.java:80)
	at java.awt.EventQueue.dispatchEvent(EventQueue.java:726)
	at java.awt.EventDispatchThread.pumpOneEventForFilters(EventDispatchThread.java:201)
	at java.awt.EventDispatchThread.pumpEventsForFilter(EventDispatchThread.java:116)
	at java.awt.EventDispatchThread.pumpEventsForHierarchy(EventDispatchThread.java:105)
	at java.awt.EventDispatchThread.pumpEvents(EventDispatchThread.java:101)
	at java.awt.EventDispatchThread.pumpEvents(EventDispatchThread.java:93)
	at java.awt.EventDispatchThread.run(EventDispatchThread.java:82)
Caused by: ptolemy.kernel.util.InternalErrorException: Element <entity name="node1" class="ptolemy.actor.ptalon.demo.ptinyos.SenseToLeds.MicaBoard"> caused an exception to be thrown.
  in .SenseToLeds.SenseToLeds
Because:
Cannot find class: ptolemy.actor.ptalon.demo.ptinyos.SenseToLeds.MicaBoard. In Ptolemy, classes are typically Java .class files. Entities like actors may instead be defined within a .xml file.  In any case, the class was not found. If the class uses a third party package, then the class would be present only if the third party package was found at compile time.  It may be necessary to upgrade Java or install the third party package, reconfigure and recompile.
Because:
Element <entity name="MicaLeds" class="ptolemy.domains.ptinyos.lib.MicaLeds"> caused an exception to be thrown.
  in .MicaBoard
Because:
Cannot find class: ptolemy.domains.ptinyos.lib.MicaLeds. In Ptolemy, classes are typically Java .class files. Entities like actors may instead be defined within a .xml file.  In any case, the class was not found. If the class uses a third party package, then the class would be present only if the third party package was found at compile time.  It may be necessary to upgrade Java or install the third party package, reconfigure and recompile.
Because:
-- /home/travis/build/icyphy/ptII/ptolemy/actor/ptalon/demo/ptinyos/SenseToLeds/ptolemy/domains/ptinyos/lib/MicaLeds.xml (No such file or directory)
-- XML file not found relative to classpath.
-- /home/travis/build/icyphy/ptII/ptolemy/vergil/basic/export/test/ptolemy/domains/ptinyos/lib/MicaLeds.xml
/home/travis/build/icyphy/ptII/ptolemy/vergil/basic/export/test/ptolemy/domains/ptinyos/lib/MicaLeds.xml (No such file or directory)
 in file:/home/travis/build/icyphy/ptII/ptolemy/actor/ptalon/demo/ptinyos/SenseToLeds/MicaBoard.xml at line 134 and column 63
	at ptolemy.moml.SimpleErrorHandler.handleError(SimpleErrorHandler.java:75)
	at ptolemy.moml.MoMLParser.startElement(MoMLParser.java:3805)
	at com.microstar.xml.XmlParser.parseElement(XmlParser.java:931)
	at com.microstar.xml.XmlParser.parseDocument(XmlParser.java:481)
	at com.microstar.xml.XmlParser.doParse(XmlParser.java:159)
	at com.microstar.xml.XmlParser.parse(XmlParser.java:132)
	at ptolemy.moml.MoMLParser.parse(MoMLParser.java:1660)
	at ptolemy.moml.MoMLParser.parse(MoMLParser.java:1617)
	at ptolemy.moml.MoMLParser.parse(MoMLParser.java:1792)
	at ptolemy.actor.ptalon.PtalonEvaluator.addActor(PtalonEvaluator.java:241)
	... 56 more
Caused by: ptolemy.kernel.util.IllegalActionException: Cannot find class: ptolemy.actor.ptalon.demo.ptinyos.SenseToLeds.MicaBoard. In Ptolemy, classes are typically Java .class files. Entities like actors may instead be defined within a .xml file.  In any case, the class was not found. If the class uses a third party package, then the class would be present only if the third party package was found at compile time.  It may be necessary to upgrade Java or install the third party package, reconfigure and recompile.
Because:
Element <entity name="MicaLeds" class="ptolemy.domains.ptinyos.lib.MicaLeds"> caused an exception to be thrown.
  in .MicaBoard
Because:
Cannot find class: ptolemy.domains.ptinyos.lib.MicaLeds. In Ptolemy, classes are typically Java .class files. Entities like actors may instead be defined within a .xml file.  In any case, the class was not found. If the class uses a third party package, then the class would be present only if the third party package was found at compile time.  It may be necessary to upgrade Java or install the third party package, reconfigure and recompile.
Because:
-- /home/travis/build/icyphy/ptII/ptolemy/actor/ptalon/demo/ptinyos/SenseToLeds/ptolemy/domains/ptinyos/lib/MicaLeds.xml (No such file or directory)
-- XML file not found relative to classpath.
-- /home/travis/build/icyphy/ptII/ptolemy/vergil/basic/export/test/ptolemy/domains/ptinyos/lib/MicaLeds.xml
/home/travis/build/icyphy/ptII/ptolemy/vergil/basic/export/test/ptolemy/domains/ptinyos/lib/MicaLeds.xml (No such file or directory)
 in file:/home/travis/build/icyphy/ptII/ptolemy/actor/ptalon/demo/ptinyos/SenseToLeds/MicaBoard.xml at line 134 and column 63
	at ptolemy.moml.MoMLParser._createEntity(MoMLParser.java:4330)
	at ptolemy.moml.MoMLParser.startElement(MoMLParser.java:2864)
	... 64 more
Caused by: ptolemy.kernel.util.InternalErrorException: Element <entity name="MicaLeds" class="ptolemy.domains.ptinyos.lib.MicaLeds"> caused an exception to be thrown.
  in .MicaBoard
Because:
Cannot find class: ptolemy.domains.ptinyos.lib.MicaLeds. In Ptolemy, classes are typically Java .class files. Entities like actors may instead be defined within a .xml file.  In any case, the class was not found. If the class uses a third party package, then the class would be present only if the third party package was found at compile time.  It may be necessary to upgrade Java or install the third party package, reconfigure and recompile.
Because:
-- /home/travis/build/icyphy/ptII/ptolemy/actor/ptalon/demo/ptinyos/SenseToLeds/ptolemy/domains/ptinyos/lib/MicaLeds.xml (No such file or directory)
-- XML file not found relative to classpath.
-- /home/travis/build/icyphy/ptII/ptolemy/vergil/basic/export/test/ptolemy/domains/ptinyos/lib/MicaLeds.xml
/home/travis/build/icyphy/ptII/ptolemy/vergil/basic/export/test/ptolemy/domains/ptinyos/lib/MicaLeds.xml (No such file or directory)
 in file:/home/travis/build/icyphy/ptII/ptolemy/actor/ptalon/demo/ptinyos/SenseToLeds/MicaBoard.xml at line 134 and column 63
	at ptolemy.moml.SimpleErrorHandler.handleError(SimpleErrorHandler.java:75)
	at ptolemy.moml.MoMLParser.startElement(MoMLParser.java:3805)
	at com.microstar.xml.XmlParser.parseElement(XmlParser.java:921)
	at com.microstar.xml.XmlParser.parseContent(XmlParser.java:1104)
	at com.microstar.xml.XmlParser.parseElement(XmlParser.java:924)
	at com.microstar.xml.XmlParser.parseDocument(XmlParser.java:481)
	at com.microstar.xml.XmlParser.doParse(XmlParser.java:159)
	at com.microstar.xml.XmlParser.parse(XmlParser.java:132)
	at ptolemy.moml.MoMLParser.parse(MoMLParser.java:1676)
	at ptolemy.moml.MoMLParser.parse(MoMLParser.java:1595)
	at ptolemy.moml.MoMLParser.parse(MoMLParser.java:1537)
	at ptolemy.moml.MoMLParser._findOrParse(MoMLParser.java:5286)
	at ptolemy.moml.MoMLParser._attemptToFindMoMLClass(MoMLParser.java:4075)
	at ptolemy.moml.MoMLParser._createEntity(MoMLParser.java:4323)
	... 65 more
Caused by: ptolemy.kernel.util.IllegalActionException: Cannot find class: ptolemy.domains.ptinyos.lib.MicaLeds. In Ptolemy, classes are typically Java .class files. Entities like actors may instead be defined within a .xml file.  In any case, the class was not found. If the class uses a third party package, then the class would be present only if the third party package was found at compile time.  It may be necessary to upgrade Java or install the third party package, reconfigure and recompile.
Because:
-- /home/travis/build/icyphy/ptII/ptolemy/actor/ptalon/demo/ptinyos/SenseToLeds/ptolemy/domains/ptinyos/lib/MicaLeds.xml (No such file or directory)
-- XML file not found relative to classpath.
-- /home/travis/build/icyphy/ptII/ptolemy/vergil/basic/export/test/ptolemy/domains/ptinyos/lib/MicaLeds.xml
/home/travis/build/icyphy/ptII/ptolemy/vergil/basic/export/test/ptolemy/domains/ptinyos/lib/MicaLeds.xml (No such file or directory)
 in file:/home/travis/build/icyphy/ptII/ptolemy/actor/ptalon/demo/ptinyos/SenseToLeds/MicaBoard.xml at line 134 and column 63
	at ptolemy.moml.MoMLParser._createEntity(MoMLParser.java:4330)
	at ptolemy.moml.MoMLParser.startElement(MoMLParser.java:2864)
	... 77 more
Caused by: com.microstar.xml.XmlException: -- /home/travis/build/icyphy/ptII/ptolemy/actor/ptalon/demo/ptinyos/SenseToLeds/ptolemy/domains/ptinyos/lib/MicaLeds.xml (No such file or directory)
-- XML file not found relative to classpath.
-- /home/travis/build/icyphy/ptII/ptolemy/vergil/basic/export/test/ptolemy/domains/ptinyos/lib/MicaLeds.xml
/home/travis/build/icyphy/ptII/ptolemy/vergil/basic/export/test/ptolemy/domains/ptinyos/lib/MicaLeds.xml (No such file or directory)
 in file:/home/travis/build/icyphy/ptII/ptolemy/actor/ptalon/demo/ptinyos/SenseToLeds/MicaBoard.xml at line 134 and column 63
	at ptolemy.moml.MoMLParser.fileNameToURL(MoMLParser.java:1414)
	at ptolemy.moml.MoMLParser._findOrParse(MoMLParser.java:5283)
	at ptolemy.moml.MoMLParser._attemptToFindMoMLClass(MoMLParser.java:4075)
	at ptolemy.moml.MoMLParser._createEntity(MoMLParser.java:4323)
	... 78 more
Failed to read file:/home/travis/build/icyphy/ptII/ptolemy/actor/ptalon/demo/ptinyos/SenseToLeds/SenseToLeds.xml
ptolemy.kernel.util.IllegalActionException: Failed to process attribute change to PtalonParameter, whose value is "ptolemy.actor.ptalon.PtalonExpressionParameter {.SenseToLeds.SenseToLeds.n} 2".
  in .SenseToLeds.SenseToLeds
Because:
Unable to add actor null
	at ptolemy.actor.ptalon.PtalonActor.attributeChanged(PtalonActor.java:211)
	at ptolemy.actor.ptalon.PtalonMLHandler.startElement(PtalonMLHandler.java:134)
	at com.microstar.xml.XmlParser.parseElement(XmlParser.java:921)
	at com.microstar.xml.XmlParser.parseContent(XmlParser.java:1104)
	at com.microstar.xml.XmlParser.parseElement(XmlParser.java:924)
	at com.microstar.xml.XmlParser.parseDocument(XmlParser.java:481)
	at com.microstar.xml.XmlParser.doParse(XmlParser.java:159)
	at com.microstar.xml.XmlParser.parse(XmlParser.java:132)
	at ptolemy.actor.ptalon.PtalonActor.configure(PtalonActor.java:240)
	at ptolemy.moml.MoMLParser.endElement(MoMLParser.java:996)
	at com.microstar.xml.XmlParser.parseETag(XmlParser.java:1026)
	at com.microstar.xml.XmlParser.parseContent(XmlParser.java:1098)
	at com.microstar.xml.XmlParser.parseElement(XmlParser.java:924)
	at com.microstar.xml.XmlParser.parseContent(XmlParser.java:1104)
	at com.microstar.xml.XmlParser.parseElement(XmlParser.java:924)
	at com.microstar.xml.XmlParser.parseContent(XmlParser.java:1104)
	at com.microstar.xml.XmlParser.parseElement(XmlParser.java:924)
	at com.microstar.xml.XmlParser.parseDocument(XmlParser.java:481)
	at com.microstar.xml.XmlParser.doParse(XmlParser.java:159)
	at com.microstar.xml.XmlParser.parse(XmlParser.java:132)
	at ptolemy.moml.MoMLParser.parse(MoMLParser.java:1676)
	at ptolemy.moml.MoMLParser.parse(MoMLParser.java:1595)
	at ptolemy.moml.MoMLParser.parse(MoMLParser.java:1537)
	at ptolemy.actor.gui.PtolemyEffigy$Factory.createEffigy(PtolemyEffigy.java:424)
	at ptolemy.actor.gui.EffigyFactory.createEffigy(EffigyFactory.java:234)
	at ptolemy.actor.gui.Configuration.openModel(Configuration.java:1125)
	at ptolemy.actor.gui.Configuration.openModel(Configuration.java:1051)
	at ptolemy.actor.gui.ConfigurationApplication._openModel(ConfigurationApplication.java:1252)
	at ptolemy.actor.gui.ConfigurationApplication._parseArg(ConfigurationApplication.java:1399)
	at ptolemy.actor.gui.ConfigurationApplication._parseArgs(ConfigurationApplication.java:1478)
	at ptolemy.actor.gui.ConfigurationApplication.<init>(ConfigurationApplication.java:277)
	at ptolemy.actor.gui.ConfigurationApplication.<init>(ConfigurationApplication.java:214)
	at ptolemy.actor.gui.ConfigurationApplication.<init>(ConfigurationApplication.java:201)
	at ptolemy.actor.gui.ConfigurationApplication.openModelOrEntity(ConfigurationApplication.java:680)
	at ptolemy.vergil.basic.export.ExportModel$1.run(ExportModel.java:220)
	at java.awt.event.InvocationEvent.dispatch(InvocationEvent.java:301)
	at java.awt.EventQueue.dispatchEventImpl(EventQueue.java:756)
	at java.awt.EventQueue.access$500(EventQueue.java:97)
	at java.awt.EventQueue$3.run(EventQueue.java:709)
	at java.awt.EventQueue$3.run(EventQueue.java:703)
	at java.security.AccessController.doPrivileged(Native Method)
	at java.security.ProtectionDomain$JavaSecurityAccessImpl.doIntersectionPrivilege(ProtectionDomain.java:80)
	at java.awt.EventQueue.dispatchEvent(EventQueue.java:726)
	at java.awt.EventDispatchThread.pumpOneEventForFilters(EventDispatchThread.java:201)
	at java.awt.EventDispatchThread.pumpEventsForFilter(EventDispatchThread.java:116)
	at java.awt.EventDispatchThread.pumpEventsForHierarchy(EventDispatchThread.java:105)
	at java.awt.EventDispatchThread.pumpEvents(EventDispatchThread.java:101)
	at java.awt.EventDispatchThread.pumpEvents(EventDispatchThread.java:93)
	at java.awt.EventDispatchThread.run(EventDispatchThread.java:82)
Caused by: ptolemy.actor.ptalon.PtalonRuntimeException: Unable to add actor null
	at ptolemy.actor.ptalon.PtalonEvaluator.addActor(PtalonEvaluator.java:300)
	at ptolemy.actor.ptalon.PtalonPopulator.actor_declaration(PtalonPopulator.java:1574)
	at ptolemy.actor.ptalon.PtalonPopulator.atomic_statement(PtalonPopulator.java:1638)
	at ptolemy.actor.ptalon.PtalonPopulator.iterative_statement_evaluator(PtalonPopulator.java:2484)
	at ptolemy.actor.ptalon.AbstractPtalonEvaluator$IfTree.evaluateForScope(AbstractPtalonEvaluator.java:1307)
	at ptolemy.actor.ptalon.AbstractPtalonEvaluator.evaluateForScope(AbstractPtalonEvaluator.java:744)
	at ptolemy.actor.ptalon.PtalonPopulator.iterative_statement(PtalonPopulator.java:2363)
	at ptolemy.actor.ptalon.PtalonPopulator.actor_definition(PtalonPopulator.java:2809)
	at ptolemy.actor.ptalon.PtalonActor.attributeChanged(PtalonActor.java:206)
	... 48 more
Caused by: ptolemy.kernel.util.InternalErrorException: Element <entity name="node1" class="ptolemy.actor.ptalon.demo.ptinyos.SenseToLeds.MicaBoard"> caused an exception to be thrown.
  in .SenseToLeds.SenseToLeds
Because:
Cannot find class: ptolemy.actor.ptalon.demo.ptinyos.SenseToLeds.MicaBoard. In Ptolemy, classes are typically Java .class files. Entities like actors may instead be defined within a .xml file.  In any case, the class was not found. If the class uses a third party package, then the class would be present only if the third party package was found at compile time.  It may be necessary to upgrade Java or install the third party package, reconfigure and recompile.
Because:
Element <entity name="MicaLeds" class="ptolemy.domains.ptinyos.lib.MicaLeds"> caused an exception to be thrown.
  in .MicaBoard
Because:
Cannot find class: ptolemy.domains.ptinyos.lib.MicaLeds. In Ptolemy, classes are typically Java .class files. Entities like actors may instead be defined within a .xml file.  In any case, the class was not found. If the class uses a third party package, then the class would be present only if the third party package was found at compile time.  It may be necessary to upgrade Java or install the third party package, reconfigure and recompile.
Because:
-- /home/travis/build/icyphy/ptII/ptolemy/actor/ptalon/demo/ptinyos/SenseToLeds/ptolemy/domains/ptinyos/lib/MicaLeds.xml (No such file or directory)
-- XML file not found relative to classpath.
-- /home/travis/build/icyphy/ptII/ptolemy/vergil/basic/export/test/ptolemy/domains/ptinyos/lib/MicaLeds.xml
/home/travis/build/icyphy/ptII/ptolemy/vergil/basic/export/test/ptolemy/domains/ptinyos/lib/MicaLeds.xml (No such file or directory)
 in file:/home/travis/build/icyphy/ptII/ptolemy/actor/ptalon/demo/ptinyos/SenseToLeds/MicaBoard.xml at line 134 and column 63
	at ptolemy.moml.SimpleErrorHandler.handleError(SimpleErrorHandler.java:75)
	at ptolemy.moml.MoMLParser.startElement(MoMLParser.java:3805)
	at com.microstar.xml.XmlParser.parseElement(XmlParser.java:931)
	at com.microstar.xml.XmlParser.parseDocument(XmlParser.java:481)
	at com.microstar.xml.XmlParser.doParse(XmlParser.java:159)
	at com.microstar.xml.XmlParser.parse(XmlParser.java:132)
	at ptolemy.moml.MoMLParser.parse(MoMLParser.java:1660)
	at ptolemy.moml.MoMLParser.parse(MoMLParser.java:1617)
	at ptolemy.moml.MoMLParser.parse(MoMLParser.java:1792)
	at ptolemy.actor.ptalon.PtalonEvaluator.addActor(PtalonEvaluator.java:241)
	... 56 more
Caused by: ptolemy.kernel.util.IllegalActionException: Cannot find class: ptolemy.actor.ptalon.demo.ptinyos.SenseToLeds.MicaBoard. In Ptolemy, classes are typically Java .class files. Entities like actors may instead be defined within a .xml file.  In any case, the class was not found. If the class uses a third party package, then the class would be present only if the third party package was found at compile time.  It may be necessary to upgrade Java or install the third party package, reconfigure and recompile.
Because:
Element <entity name="MicaLeds" class="ptolemy.domains.ptinyos.lib.MicaLeds"> caused an exception to be thrown.
  in .MicaBoard
Because:
Cannot find class: ptolemy.domains.ptinyos.lib.MicaLeds. In Ptolemy, classes are typically Java .class files. Entities like actors may instead be defined within a .xml file.  In any case, the class was not found. If the class uses a third party package, then the class would be present only if the third party package was found at compile time.  It may be necessary to upgrade Java or install the third party package, reconfigure and recompile.
Because:
-- /home/travis/build/icyphy/ptII/ptolemy/actor/ptalon/demo/ptinyos/SenseToLeds/ptolemy/domains/ptinyos/lib/MicaLeds.xml (No such file or directory)
-- XML file not found relative to classpath.
-- /home/travis/build/icyphy/ptII/ptolemy/vergil/basic/export/test/ptolemy/domains/ptinyos/lib/MicaLeds.xml
/home/travis/build/icyphy/ptII/ptolemy/vergil/basic/export/test/ptolemy/domains/ptinyos/lib/MicaLeds.xml (No such file or directory)
 in file:/home/travis/build/icyphy/ptII/ptolemy/actor/ptalon/demo/ptinyos/SenseToLeds/MicaBoard.xml at line 134 and column 63
	at ptolemy.moml.MoMLParser._createEntity(MoMLParser.java:4330)
	at ptolemy.moml.MoMLParser.startElement(MoMLParser.java:2864)
	... 64 more
Caused by: ptolemy.kernel.util.InternalErrorException: Element <entity name="MicaLeds" class="ptolemy.domains.ptinyos.lib.MicaLeds"> caused an exception to be thrown.
  in .MicaBoard
Because:
Cannot find class: ptolemy.domains.ptinyos.lib.MicaLeds. In Ptolemy, classes are typically Java .class files. Entities like actors may instead be defined within a .xml file.  In any case, the class was not found. If the class uses a third party package, then the class would be present only if the third party package was found at compile time.  It may be necessary to upgrade Java or install the third party package, reconfigure and recompile.
Because:
-- /home/travis/build/icyphy/ptII/ptolemy/actor/ptalon/demo/ptinyos/SenseToLeds/ptolemy/domains/ptinyos/lib/MicaLeds.xml (No such file or directory)
-- XML file not found relative to classpath.
-- /home/travis/build/icyphy/ptII/ptolemy/vergil/basic/export/test/ptolemy/domains/ptinyos/lib/MicaLeds.xml
/home/travis/build/icyphy/ptII/ptolemy/vergil/basic/export/test/ptolemy/domains/ptinyos/lib/MicaLeds.xml (No such file or directory)
 in file:/home/travis/build/icyphy/ptII/ptolemy/actor/ptalon/demo/ptinyos/SenseToLeds/MicaBoard.xml at line 134 and column 63
	at ptolemy.moml.SimpleErrorHandler.handleError(SimpleErrorHandler.java:75)
	at ptolemy.moml.MoMLParser.startElement(MoMLParser.java:3805)
	at com.microstar.xml.XmlParser.parseElement(XmlParser.java:921)
	at com.microstar.xml.XmlParser.parseContent(XmlParser.java:1104)
	at com.microstar.xml.XmlParser.parseElement(XmlParser.java:924)
	at com.microstar.xml.XmlParser.parseDocument(XmlParser.java:481)
	at com.microstar.xml.XmlParser.doParse(XmlParser.java:159)
	at com.microstar.xml.XmlParser.parse(XmlParser.java:132)
	at ptolemy.moml.MoMLParser.parse(MoMLParser.java:1676)
	at ptolemy.moml.MoMLParser.parse(MoMLParser.java:1595)
	at ptolemy.moml.MoMLParser.parse(MoMLParser.java:1537)
	at ptolemy.moml.MoMLParser._findOrParse(MoMLParser.java:5286)
	at ptolemy.moml.MoMLParser._attemptToFindMoMLClass(MoMLParser.java:4075)
	at ptolemy.moml.MoMLParser._createEntity(MoMLParser.java:4323)
	... 65 more
Caused by: ptolemy.kernel.util.IllegalActionException: Cannot find class: ptolemy.domains.ptinyos.lib.MicaLeds. In Ptolemy, classes are typically Java .class files. Entities like actors may instead be defined within a .xml file.  In any case, the class was not found. If the class uses a third party package, then the class would be present only if the third party package was found at compile time.  It may be necessary to upgrade Java or install the third party package, reconfigure and recompile.
Because:
-- /home/travis/build/icyphy/ptII/ptolemy/actor/ptalon/demo/ptinyos/SenseToLeds/ptolemy/domains/ptinyos/lib/MicaLeds.xml (No such file or directory)
-- XML file not found relative to classpath.
-- /home/travis/build/icyphy/ptII/ptolemy/vergil/basic/export/test/ptolemy/domains/ptinyos/lib/MicaLeds.xml
/home/travis/build/icyphy/ptII/ptolemy/vergil/basic/export/test/ptolemy/domains/ptinyos/lib/MicaLeds.xml (No such file or directory)
 in file:/home/travis/build/icyphy/ptII/ptolemy/actor/ptalon/demo/ptinyos/SenseToLeds/MicaBoard.xml at line 134 and column 63
	at ptolemy.moml.MoMLParser._createEntity(MoMLParser.java:4330)
	at ptolemy.moml.MoMLParser.startElement(MoMLParser.java:2864)
	... 77 more
Caused by: com.microstar.xml.XmlException: -- /home/travis/build/icyphy/ptII/ptolemy/actor/ptalon/demo/ptinyos/SenseToLeds/ptolemy/domains/ptinyos/lib/MicaLeds.xml (No such file or directory)
-- XML file not found relative to classpath.
-- /home/travis/build/icyphy/ptII/ptolemy/vergil/basic/export/test/ptolemy/domains/ptinyos/lib/MicaLeds.xml
/home/travis/build/icyphy/ptII/ptolemy/vergil/basic/export/test/ptolemy/domains/ptinyos/lib/MicaLeds.xml (No such file or directory)
 in file:/home/travis/build/icyphy/ptII/ptolemy/actor/ptalon/demo/ptinyos/SenseToLeds/MicaBoard.xml at line 134 and column 63
	at ptolemy.moml.MoMLParser.fileNameToURL(MoMLParser.java:1414)
	at ptolemy.moml.MoMLParser._findOrParse(MoMLParser.java:5283)
	at ptolemy.moml.MoMLParser._attemptToFindMoMLClass(MoMLParser.java:4075)
	at ptolemy.moml.MoMLParser._createEntity(MoMLParser.java:4323)
	... 78 more
Caused by: ptolemy.actor.ptalon.PtalonRuntimeException: Unable to add actor null
	at ptolemy.actor.ptalon.PtalonEvaluator.addActor(PtalonEvaluator.java:300)
	at ptolemy.actor.ptalon.PtalonPopulator.actor_declaration(PtalonPopulator.java:1574)
	at ptolemy.actor.ptalon.PtalonPopulator.atomic_statement(PtalonPopulator.java:1638)
	at ptolemy.actor.ptalon.PtalonPopulator.iterative_statement_evaluator(PtalonPopulator.java:2484)
	at ptolemy.actor.ptalon.AbstractPtalonEvaluator$IfTree.evaluateForScope(AbstractPtalonEvaluator.java:1307)
	at ptolemy.actor.ptalon.AbstractPtalonEvaluator.evaluateForScope(AbstractPtalonEvaluator.java:744)
	at ptolemy.actor.ptalon.PtalonPopulator.iterative_statement(PtalonPopulator.java:2363)
	at ptolemy.actor.ptalon.PtalonPopulator.actor_definition(PtalonPopulator.java:2809)
	at ptolemy.actor.ptalon.PtalonActor.attributeChanged(PtalonActor.java:206)
	at ptolemy.actor.ptalon.PtalonMLHandler.startElement(PtalonMLHandler.java:134)
	at com.microstar.xml.XmlParser.parseElement(XmlParser.java:921)
	at com.microstar.xml.XmlParser.parseContent(XmlParser.java:1104)
	at com.microstar.xml.XmlParser.parseElement(XmlParser.java:924)
	at com.microstar.xml.XmlParser.parseDocument(XmlParser.java:481)
	at com.microstar.xml.XmlParser.doParse(XmlParser.java:159)
	at com.microstar.xml.XmlParser.parse(XmlParser.java:132)
	at ptolemy.actor.ptalon.PtalonActor.configure(PtalonActor.java:240)
	at ptolemy.moml.MoMLParser.endElement(MoMLParser.java:996)
	at com.microstar.xml.XmlParser.parseETag(XmlParser.java:1026)
	at com.microstar.xml.XmlParser.parseContent(XmlParser.java:1098)
	at com.microstar.xml.XmlParser.parseElement(XmlParser.java:924)
	at com.microstar.xml.XmlParser.parseContent(XmlParser.java:1104)
	at com.microstar.xml.XmlParser.parseElement(XmlParser.java:924)
	at com.microstar.xml.XmlParser.parseContent(XmlParser.java:1104)
	at com.microstar.xml.XmlParser.parseElement(XmlParser.java:924)
	at com.microstar.xml.XmlParser.parseDocument(XmlParser.java:481)
	at com.microstar.xml.XmlParser.doParse(XmlParser.java:159)
	at com.microstar.xml.XmlParser.parse(XmlParser.java:132)
	at ptolemy.moml.MoMLParser.parse(MoMLParser.java:1676)
	at ptolemy.moml.MoMLParser.parse(MoMLParser.java:1595)
	at ptolemy.moml.MoMLParser.parse(MoMLParser.java:1537)
	at ptolemy.actor.gui.PtolemyEffigy$Factory.createEffigy(PtolemyEffigy.java:424)
	at ptolemy.actor.gui.EffigyFactory.createEffigy(EffigyFactory.java:234)
	at ptolemy.actor.gui.Configuration.openModel(Configuration.java:1125)
	at ptolemy.actor.gui.Configuration.openModel(Configuration.java:1051)
	at ptolemy.actor.gui.ConfigurationApplication._openModel(ConfigurationApplication.java:1252)
	at ptolemy.actor.gui.ConfigurationApplication._parseArg(ConfigurationApplication.java:1399)
	at ptolemy.actor.gui.ConfigurationApplication._parseArgs(ConfigurationApplication.java:1478)
	at ptolemy.actor.gui.ConfigurationApplication.<init>(ConfigurationApplication.java:277)
	at ptolemy.actor.gui.ConfigurationApplication.<init>(ConfigurationApplication.java:214)
	at ptolemy.actor.gui.ConfigurationApplication.<init>(ConfigurationApplication.java:201)
	at ptolemy.actor.gui.ConfigurationApplication.openModelOrEntity(ConfigurationApplication.java:680)
	at ptolemy.vergil.basic.export.ExportModel$1.run(ExportModel.java:220)
	at java.awt.event.InvocationEvent.dispatch(InvocationEvent.java:301)
	at java.awt.EventQueue.dispatchEventImpl(EventQueue.java:756)
	at java.awt.EventQueue.access$500(EventQueue.java:97)
	at java.awt.EventQueue$3.run(EventQueue.java:709)
	at java.awt.EventQueue$3.run(EventQueue.java:703)
	at java.security.AccessController.doPrivileged(Native Method)
	at java.security.ProtectionDomain$JavaSecurityAccessImpl.doIntersectionPrivilege(ProtectionDomain.java:80)
	at java.awt.EventQueue.dispatchEvent(EventQueue.java:726)
	at java.awt.EventDispatchThread.pumpOneEventForFilters(EventDispatchThread.java:201)
	at java.awt.EventDispatchThread.pumpEventsForFilter(EventDispatchThread.java:116)
	at java.awt.EventDispatchThread.pumpEventsForHierarchy(EventDispatchThread.java:105)
	at java.awt.EventDispatchThread.pumpEvents(EventDispatchThread.java:101)
	at java.awt.EventDispatchThread.pumpEvents(EventDispatchThread.java:93)
	at java.awt.EventDispatchThread.run(EventDispatchThread.java:82)
Caused by: ptolemy.kernel.util.InternalErrorException: Element <entity name="node1" class="ptolemy.actor.ptalon.demo.ptinyos.SenseToLeds.MicaBoard"> caused an exception to be thrown.
  in .SenseToLeds.SenseToLeds
Because:
Cannot find class: ptolemy.actor.ptalon.demo.ptinyos.SenseToLeds.MicaBoard. In Ptolemy, classes are typically Java .class files. Entities like actors may instead be defined within a .xml file.  In any case, the class was not found. If the class uses a third party package, then the class would be present only if the third party package was found at compile time.  It may be necessary to upgrade Java or install the third party package, reconfigure and recompile.
Because:
Element <entity name="MicaLeds" class="ptolemy.domains.ptinyos.lib.MicaLeds"> caused an exception to be thrown.
  in .MicaBoard
Because:
Cannot find class: ptolemy.domains.ptinyos.lib.MicaLeds. In Ptolemy, classes are typically Java .class files. Entities like actors may instead be defined within a .xml file.  In any case, the class was not found. If the class uses a third party package, then the class would be present only if the third party package was found at compile time.  It may be necessary to upgrade Java or install the third party package, reconfigure and recompile.
Because:
-- /home/travis/build/icyphy/ptII/ptolemy/actor/ptalon/demo/ptinyos/SenseToLeds/ptolemy/domains/ptinyos/lib/MicaLeds.xml (No such file or directory)
-- XML file not found relative to classpath.
-- /home/travis/build/icyphy/ptII/ptolemy/vergil/basic/export/test/ptolemy/domains/ptinyos/lib/MicaLeds.xml
/home/travis/build/icyphy/ptII/ptolemy/vergil/basic/export/test/ptolemy/domains/ptinyos/lib/MicaLeds.xml (No such file or directory)
 in file:/home/travis/build/icyphy/ptII/ptolemy/actor/ptalon/demo/ptinyos/SenseToLeds/MicaBoard.xml at line 134 and column 63
	at ptolemy.moml.SimpleErrorHandler.handleError(SimpleErrorHandler.java:75)
	at ptolemy.moml.MoMLParser.startElement(MoMLParser.java:3805)
	at com.microstar.xml.XmlParser.parseElement(XmlParser.java:931)
	at com.microstar.xml.XmlParser.parseDocument(XmlParser.java:481)
	at com.microstar.xml.XmlParser.doParse(XmlParser.java:159)
	at com.microstar.xml.XmlParser.parse(XmlParser.java:132)
	at ptolemy.moml.MoMLParser.parse(MoMLParser.java:1660)
	at ptolemy.moml.MoMLParser.parse(MoMLParser.java:1617)
	at ptolemy.moml.MoMLParser.parse(MoMLParser.java:1792)
	at ptolemy.actor.ptalon.PtalonEvaluator.addActor(PtalonEvaluator.java:241)
	... 56 more
Caused by: ptolemy.kernel.util.IllegalActionException: Cannot find class: ptolemy.actor.ptalon.demo.ptinyos.SenseToLeds.MicaBoard. In Ptolemy, classes are typically Java .class files. Entities like actors may instead be defined within a .xml file.  In any case, the class was not found. If the class uses a third party package, then the class would be present only if the third party package was found at compile time.  It may be necessary to upgrade Java or install the third party package, reconfigure and recompile.
Because:
Element <entity name="MicaLeds" class="ptolemy.domains.ptinyos.lib.MicaLeds"> caused an exception to be thrown.
  in .MicaBoard
Because:
Cannot find class: ptolemy.domains.ptinyos.lib.MicaLeds. In Ptolemy, classes are typically Java .class files. Entities like actors may instead be defined within a .xml file.  In any case, the class was not found. If the class uses a third party package, then the class would be present only if the third party package was found at compile time.  It may be necessary to upgrade Java or install the third party package, reconfigure and recompile.
Because:
-- /home/travis/build/icyphy/ptII/ptolemy/actor/ptalon/demo/ptinyos/SenseToLeds/ptolemy/domains/ptinyos/lib/MicaLeds.xml (No such file or directory)
-- XML file not found relative to classpath.
-- /home/travis/build/icyphy/ptII/ptolemy/vergil/basic/export/test/ptolemy/domains/ptinyos/lib/MicaLeds.xml
/home/travis/build/icyphy/ptII/ptolemy/vergil/basic/export/test/ptolemy/domains/ptinyos/lib/MicaLeds.xml (No such file or directory)
 in file:/home/travis/build/icyphy/ptII/ptolemy/actor/ptalon/demo/ptinyos/SenseToLeds/MicaBoard.xml at line 134 and column 63
	at ptolemy.moml.MoMLParser._createEntity(MoMLParser.java:4330)
	at ptolemy.moml.MoMLParser.startElement(MoMLParser.java:2864)
	... 64 more
Caused by: ptolemy.kernel.util.InternalErrorException: Element <entity name="MicaLeds" class="ptolemy.domains.ptinyos.lib.MicaLeds"> caused an exception to be thrown.
  in .MicaBoard
Because:
Cannot find class: ptolemy.domains.ptinyos.lib.MicaLeds. In Ptolemy, classes are typically Java .class files. Entities like actors may instead be defined within a .xml file.  In any case, the class was not found. If the class uses a third party package, then the class would be present only if the third party package was found at compile time.  It may be necessary to upgrade Java or install the third party package, reconfigure and recompile.
Because:
-- /home/travis/build/icyphy/ptII/ptolemy/actor/ptalon/demo/ptinyos/SenseToLeds/ptolemy/domains/ptinyos/lib/MicaLeds.xml (No such file or directory)
-- XML file not found relative to classpath.
-- /home/travis/build/icyphy/ptII/ptolemy/vergil/basic/export/test/ptolemy/domains/ptinyos/lib/MicaLeds.xml
/home/travis/build/icyphy/ptII/ptolemy/vergil/basic/export/test/ptolemy/domains/ptinyos/lib/MicaLeds.xml (No such file or directory)
 in file:/home/travis/build/icyphy/ptII/ptolemy/actor/ptalon/demo/ptinyos/SenseToLeds/MicaBoard.xml at line 134 and column 63
	at ptolemy.moml.SimpleErrorHandler.handleError(SimpleErrorHandler.java:75)
	at ptolemy.moml.MoMLParser.startElement(MoMLParser.java:3805)
	at com.microstar.xml.XmlParser.parseElement(XmlParser.java:921)
	at com.microstar.xml.XmlParser.parseContent(XmlParser.java:1104)
	at com.microstar.xml.XmlParser.parseElement(XmlParser.java:924)
	at com.microstar.xml.XmlParser.parseDocument(XmlParser.java:481)
	at com.microstar.xml.XmlParser.doParse(XmlParser.java:159)
	at com.microstar.xml.XmlParser.parse(XmlParser.java:132)
	at ptolemy.moml.MoMLParser.parse(MoMLParser.java:1676)
	at ptolemy.moml.MoMLParser.parse(MoMLParser.java:1595)
	at ptolemy.moml.MoMLParser.parse(MoMLParser.java:1537)
	at ptolemy.moml.MoMLParser._findOrParse(MoMLParser.java:5286)
	at ptolemy.moml.MoMLParser._attemptToFindMoMLClass(MoMLParser.java:4075)
	at ptolemy.moml.MoMLParser._createEntity(MoMLParser.java:4323)
	... 65 more
Caused by: ptolemy.kernel.util.IllegalActionException: Cannot find class: ptolemy.domains.ptinyos.lib.MicaLeds. In Ptolemy, classes are typically Java .class files. Entities like actors may instead be defined within a .xml file.  In any case, the class was not found. If the class uses a third party package, then the class would be present only if the third party package was found at compile time.  It may be necessary to upgrade Java or install the third party package, reconfigure and recompile.
Because:
-- /home/travis/build/icyphy/ptII/ptolemy/actor/ptalon/demo/ptinyos/SenseToLeds/ptolemy/domains/ptinyos/lib/MicaLeds.xml (No such file or directory)
-- XML file not found relative to classpath.
-- /home/travis/build/icyphy/ptII/ptolemy/vergil/basic/export/test/ptolemy/domains/ptinyos/lib/MicaLeds.xml
/home/travis/build/icyphy/ptII/ptolemy/vergil/basic/export/test/ptolemy/domains/ptinyos/lib/MicaLeds.xml (No such file or directory)
 in file:/home/travis/build/icyphy/ptII/ptolemy/actor/ptalon/demo/ptinyos/SenseToLeds/MicaBoard.xml at line 134 and column 63
	at ptolemy.moml.MoMLParser._createEntity(MoMLParser.java:4330)
	at ptolemy.moml.MoMLParser.startElement(MoMLParser.java:2864)
	... 77 more
Caused by: com.microstar.xml.XmlException: -- /home/travis/build/icyphy/ptII/ptolemy/actor/ptalon/demo/ptinyos/SenseToLeds/ptolemy/domains/ptinyos/lib/MicaLeds.xml (No such file or directory)
-- XML file not found relative to classpath.
-- /home/travis/build/icyphy/ptII/ptolemy/vergil/basic/export/test/ptolemy/domains/ptinyos/lib/MicaLeds.xml
/home/travis/build/icyphy/ptII/ptolemy/vergil/basic/export/test/ptolemy/domains/ptinyos/lib/MicaLeds.xml (No such file or directory)
 in file:/home/travis/build/icyphy/ptII/ptolemy/actor/ptalon/demo/ptinyos/SenseToLeds/MicaBoard.xml at line 134 and column 63
	at ptolemy.moml.MoMLParser.fileNameToURL(MoMLParser.java:1414)
	at ptolemy.moml.MoMLParser._findOrParse(MoMLParser.java:5283)
	at ptolemy.moml.MoMLParser._attemptToFindMoMLClass(MoMLParser.java:4075)
	at ptolemy.moml.MoMLParser._createEntity(MoMLParser.java:4323)
	... 78 more
Failed to read file:/home/travis/build/icyphy/ptII/ptolemy/actor/ptalon/demo/ptinyos/SenseToLeds/SenseToLeds.xml
ptolemy.kernel.util.IllegalActionException: Failed to process attribute change to PtalonParameter, whose value is "ptolemy.actor.ptalon.PtalonExpressionParameter {.SenseToLeds.SenseToLeds.n} 2".
  in .SenseToLeds.SenseToLeds
Because:
Unable to add actor null
	at ptolemy.actor.ptalon.PtalonActor.attributeChanged(PtalonActor.java:211)
	at ptolemy.actor.ptalon.PtalonMLHandler.startElement(PtalonMLHandler.java:134)
	at com.microstar.xml.XmlParser.parseElement(XmlParser.java:921)
	at com.microstar.xml.XmlParser.parseContent(XmlParser.java:1104)
	at com.microstar.xml.XmlParser.parseElement(XmlParser.java:924)
	at com.microstar.xml.XmlParser.parseDocument(XmlParser.java:481)
	at com.microstar.xml.XmlParser.doParse(XmlParser.java:159)
	at com.microstar.xml.XmlParser.parse(XmlParser.java:132)
	at ptolemy.actor.ptalon.PtalonActor.configure(PtalonActor.java:240)
	at ptolemy.moml.MoMLParser.endElement(MoMLParser.java:996)
	at com.microstar.xml.XmlParser.parseETag(XmlParser.java:1026)
	at com.microstar.xml.XmlParser.parseContent(XmlParser.java:1098)
	at com.microstar.xml.XmlParser.parseElement(XmlParser.java:924)
	at com.microstar.xml.XmlParser.parseContent(XmlParser.java:1104)
	at com.microstar.xml.XmlParser.parseElement(XmlParser.java:924)
	at com.microstar.xml.XmlParser.parseContent(XmlParser.java:1104)
	at com.microstar.xml.XmlParser.parseElement(XmlParser.java:924)
	at com.microstar.xml.XmlParser.parseDocument(XmlParser.java:481)
	at com.microstar.xml.XmlParser.doParse(XmlParser.java:159)
	at com.microstar.xml.XmlParser.parse(XmlParser.java:132)
	at ptolemy.moml.MoMLParser.parse(MoMLParser.java:1676)
	at ptolemy.moml.MoMLParser.parse(MoMLParser.java:1595)
	at ptolemy.moml.MoMLParser.parse(MoMLParser.java:1537)
	at ptolemy.actor.gui.PtolemyEffigy$Factory.createEffigy(PtolemyEffigy.java:424)
	at ptolemy.actor.gui.EffigyFactory.createEffigy(EffigyFactory.java:234)
	at ptolemy.actor.gui.Configuration.openModel(Configuration.java:1125)
	at ptolemy.actor.gui.Configuration.openModel(Configuration.java:1051)
	at ptolemy.actor.gui.ConfigurationApplication._openModel(ConfigurationApplication.java:1252)
	at ptolemy.actor.gui.ConfigurationApplication._parseArg(ConfigurationApplication.java:1399)
	at ptolemy.actor.gui.ConfigurationApplication._parseArgs(ConfigurationApplication.java:1478)
	at ptolemy.actor.gui.ConfigurationApplication.<init>(ConfigurationApplication.java:277)
	at ptolemy.actor.gui.ConfigurationApplication.<init>(ConfigurationApplication.java:214)
	at ptolemy.actor.gui.ConfigurationApplication.<init>(ConfigurationApplication.java:201)
	at ptolemy.actor.gui.ConfigurationApplication.openModelOrEntity(ConfigurationApplication.java:680)
	at ptolemy.vergil.basic.export.ExportModel$1.run(ExportModel.java:220)
	at java.awt.event.InvocationEvent.dispatch(InvocationEvent.java:301)
	at java.awt.EventQueue.dispatchEventImpl(EventQueue.java:756)
	at java.awt.EventQueue.access$500(EventQueue.java:97)
	at java.awt.EventQueue$3.run(EventQueue.java:709)
	at java.awt.EventQueue$3.run(EventQueue.java:703)
	at java.security.AccessController.doPrivileged(Native Method)
	at java.security.ProtectionDomain$JavaSecurityAccessImpl.doIntersectionPrivilege(ProtectionDomain.java:80)
	at java.awt.EventQueue.dispatchEvent(EventQueue.java:726)
	at java.awt.EventDispatchThread.pumpOneEventForFilters(EventDispatchThread.java:201)
	at java.awt.EventDispatchThread.pumpEventsForFilter(EventDispatchThread.java:116)
	at java.awt.EventDispatchThread.pumpEventsForHierarchy(EventDispatchThread.java:105)
	at java.awt.EventDispatchThread.pumpEvents(EventDispatchThread.java:101)
	at java.awt.EventDispatchThread.pumpEvents(EventDispatchThread.java:93)
	at java.awt.EventDispatchThread.run(EventDispatchThread.java:82)
Caused by: ptolemy.actor.ptalon.PtalonRuntimeException: Unable to add actor null
	at ptolemy.actor.ptalon.PtalonEvaluator.addActor(PtalonEvaluator.java:300)
	at ptolemy.actor.ptalon.PtalonPopulator.actor_declaration(PtalonPopulator.java:1574)
	at ptolemy.actor.ptalon.PtalonPopulator.atomic_statement(PtalonPopulator.java:1638)
	at ptolemy.actor.ptalon.PtalonPopulator.iterative_statement_evaluator(PtalonPopulator.java:2484)
	at ptolemy.actor.ptalon.AbstractPtalonEvaluator$IfTree.evaluateForScope(AbstractPtalonEvaluator.java:1307)
	at ptolemy.actor.ptalon.AbstractPtalonEvaluator.evaluateForScope(AbstractPtalonEvaluator.java:744)
	at ptolemy.actor.ptalon.PtalonPopulator.iterative_statement(PtalonPopulator.java:2363)
	at ptolemy.actor.ptalon.PtalonPopulator.actor_definition(PtalonPopulator.java:2809)
	at ptolemy.actor.ptalon.PtalonActor.attributeChanged(PtalonActor.java:206)
	... 48 more
Caused by: ptolemy.kernel.util.InternalErrorException: Element <entity name="node1" class="ptolemy.actor.ptalon.demo.ptinyos.SenseToLeds.MicaBoard"> caused an exception to be thrown.
  in .SenseToLeds.SenseToLeds
Because:
Cannot find class: ptolemy.actor.ptalon.demo.ptinyos.SenseToLeds.MicaBoard. In Ptolemy, classes are typically Java .class files. Entities like actors may instead be defined within a .xml file.  In any case, the class was not found. If the class uses a third party package, then the class would be present only if the third party package was found at compile time.  It may be necessary to upgrade Java or install the third party package, reconfigure and recompile.
Because:
Element <entity name="MicaLeds" class="ptolemy.domains.ptinyos.lib.MicaLeds"> caused an exception to be thrown.
  in .MicaBoard
Because:
Cannot find class: ptolemy.domains.ptinyos.lib.MicaLeds. In Ptolemy, classes are typically Java .class files. Entities like actors may instead be defined within a .xml file.  In any case, the class was not found. If the class uses a third party package, then the class would be present only if the third party package was found at compile time.  It may be necessary to upgrade Java or install the third party package, reconfigure and recompile.
Because:
-- /home/travis/build/icyphy/ptII/ptolemy/actor/ptalon/demo/ptinyos/SenseToLeds/ptolemy/domains/ptinyos/lib/MicaLeds.xml (No such file or directory)
-- XML file not found relative to classpath.
-- /home/travis/build/icyphy/ptII/ptolemy/vergil/basic/export/test/ptolemy/domains/ptinyos/lib/MicaLeds.xml
/home/travis/build/icyphy/ptII/ptolemy/vergil/basic/export/test/ptolemy/domains/ptinyos/lib/MicaLeds.xml (No such file or directory)
 in file:/home/travis/build/icyphy/ptII/ptolemy/actor/ptalon/demo/ptinyos/SenseToLeds/MicaBoard.xml at line 134 and column 63
	at ptolemy.moml.SimpleErrorHandler.handleError(SimpleErrorHandler.java:75)
	at ptolemy.moml.MoMLParser.startElement(MoMLParser.java:3805)
	at com.microstar.xml.XmlParser.parseElement(XmlParser.java:931)
	at com.microstar.xml.XmlParser.parseDocument(XmlParser.java:481)
	at com.microstar.xml.XmlParser.doParse(XmlParser.java:159)
	at com.microstar.xml.XmlParser.parse(XmlParser.java:132)
	at ptolemy.moml.MoMLParser.parse(MoMLParser.java:1660)
	at ptolemy.moml.MoMLParser.parse(MoMLParser.java:1617)
	at ptolemy.moml.MoMLParser.parse(MoMLParser.java:1792)
	at ptolemy.actor.ptalon.PtalonEvaluator.addActor(PtalonEvaluator.java:241)
	... 56 more
Caused by: ptolemy.kernel.util.IllegalActionException: Cannot find class: ptolemy.actor.ptalon.demo.ptinyos.SenseToLeds.MicaBoard. In Ptolemy, classes are typically Java .class files. Entities like actors may instead be defined within a .xml file.  In any case, the class was not found. If the class uses a third party package, then the class would be present only if the third party package was found at compile time.  It may be necessary to upgrade Java or install the third party package, reconfigure and recompile.
Because:
Element <entity name="MicaLeds" class="ptolemy.domains.ptinyos.lib.MicaLeds"> caused an exception to be thrown.
  in .MicaBoard
Because:
Cannot find class: ptolemy.domains.ptinyos.lib.MicaLeds. In Ptolemy, classes are typically Java .class files. Entities like actors may instead be defined within a .xml file.  In any case, the class was not found. If the class uses a third party package, then the class would be present only if the third party package was found at compile time.  It may be necessary to upgrade Java or install the third party package, reconfigure and recompile.
Because:
-- /home/travis/build/icyphy/ptII/ptolemy/actor/ptalon/demo/ptinyos/SenseToLeds/ptolemy/domains/ptinyos/lib/MicaLeds.xml (No such file or directory)
-- XML file not found relative to classpath.
-- /home/travis/build/icyphy/ptII/ptolemy/vergil/basic/export/test/ptolemy/domains/ptinyos/lib/MicaLeds.xml
/home/travis/build/icyphy/ptII/ptolemy/vergil/basic/export/test/ptolemy/domains/ptinyos/lib/MicaLeds.xml (No such file or directory)
 in file:/home/travis/build/icyphy/ptII/ptolemy/actor/ptalon/demo/ptinyos/SenseToLeds/MicaBoard.xml at line 134 and column 63
	at ptolemy.moml.MoMLParser._createEntity(MoMLParser.java:4330)
	at ptolemy.moml.MoMLParser.startElement(MoMLParser.java:2864)
	... 64 more
Caused by: ptolemy.kernel.util.InternalErrorException: Element <entity name="MicaLeds" class="ptolemy.domains.ptinyos.lib.MicaLeds"> caused an exception to be thrown.
  in .MicaBoard
Because:
Cannot find class: ptolemy.domains.ptinyos.lib.MicaLeds. In Ptolemy, classes are typically Java .class files. Entities like actors may instead be defined within a .xml file.  In any case, the class was not found. If the class uses a third party package, then the class would be present only if the third party package was found at compile time.  It may be necessary to upgrade Java or install the third party package, reconfigure and recompile.
Because:
-- /home/travis/build/icyphy/ptII/ptolemy/actor/ptalon/demo/ptinyos/SenseToLeds/ptolemy/domains/ptinyos/lib/MicaLeds.xml (No such file or directory)
-- XML file not found relative to classpath.
-- /home/travis/build/icyphy/ptII/ptolemy/vergil/basic/export/test/ptolemy/domains/ptinyos/lib/MicaLeds.xml
/home/travis/build/icyphy/ptII/ptolemy/vergil/basic/export/test/ptolemy/domains/ptinyos/lib/MicaLeds.xml (No such file or directory)
 in file:/home/travis/build/icyphy/ptII/ptolemy/actor/ptalon/demo/ptinyos/SenseToLeds/MicaBoard.xml at line 134 and column 63
	at ptolemy.moml.SimpleErrorHandler.handleError(SimpleErrorHandler.java:75)
	at ptolemy.moml.MoMLParser.startElement(MoMLParser.java:3805)
	at com.microstar.xml.XmlParser.parseElement(XmlParser.java:921)
	at com.microstar.xml.XmlParser.parseContent(XmlParser.java:1104)
	at com.microstar.xml.XmlParser.parseElement(XmlParser.java:924)
	at com.microstar.xml.XmlParser.parseDocument(XmlParser.java:481)
	at com.microstar.xml.XmlParser.doParse(XmlParser.java:159)
	at com.microstar.xml.XmlParser.parse(XmlParser.java:132)
	at ptolemy.moml.MoMLParser.parse(MoMLParser.java:1676)
	at ptolemy.moml.MoMLParser.parse(MoMLParser.java:1595)
	at ptolemy.moml.MoMLParser.parse(MoMLParser.java:1537)
	at ptolemy.moml.MoMLParser._findOrParse(MoMLParser.java:5286)
	at ptolemy.moml.MoMLParser._attemptToFindMoMLClass(MoMLParser.java:4075)
	at ptolemy.moml.MoMLParser._createEntity(MoMLParser.java:4323)
	... 65 more
Caused by: ptolemy.kernel.util.IllegalActionException: Cannot find class: ptolemy.domains.ptinyos.lib.MicaLeds. In Ptolemy, classes are typically Java .class files. Entities like actors may instead be defined within a .xml file.  In any case, the class was not found. If the class uses a third party package, then the class would be present only if the third party package was found at compile time.  It may be necessary to upgrade Java or install the third party package, reconfigure and recompile.
Because:
-- /home/travis/build/icyphy/ptII/ptolemy/actor/ptalon/demo/ptinyos/SenseToLeds/ptolemy/domains/ptinyos/lib/MicaLeds.xml (No such file or directory)
-- XML file not found relative to classpath.
-- /home/travis/build/icyphy/ptII/ptolemy/vergil/basic/export/test/ptolemy/domains/ptinyos/lib/MicaLeds.xml
/home/travis/build/icyphy/ptII/ptolemy/vergil/basic/export/test/ptolemy/domains/ptinyos/lib/MicaLeds.xml (No such file or directory)
 in file:/home/travis/build/icyphy/ptII/ptolemy/actor/ptalon/demo/ptinyos/SenseToLeds/MicaBoard.xml at line 134 and column 63
	at ptolemy.moml.MoMLParser._createEntity(MoMLParser.java:4330)
	at ptolemy.moml.MoMLParser.startElement(MoMLParser.java:2864)
	... 77 more
Caused by: com.microstar.xml.XmlException: -- /home/travis/build/icyphy/ptII/ptolemy/actor/ptalon/demo/ptinyos/SenseToLeds/ptolemy/domains/ptinyos/lib/MicaLeds.xml (No such file or directory)
-- XML file not found relative to classpath.
-- /home/travis/build/icyphy/ptII/ptolemy/vergil/basic/export/test/ptolemy/domains/ptinyos/lib/MicaLeds.xml
/home/travis/build/icyphy/ptII/ptolemy/vergil/basic/export/test/ptolemy/domains/ptinyos/lib/MicaLeds.xml (No such file or directory)
 in file:/home/travis/build/icyphy/ptII/ptolemy/actor/ptalon/demo/ptinyos/SenseToLeds/MicaBoard.xml at line 134 and column 63
	at ptolemy.moml.MoMLParser.fileNameToURL(MoMLParser.java:1414)
	at ptolemy.moml.MoMLParser._findOrParse(MoMLParser.java:5283)
	at ptolemy.moml.MoMLParser._attemptToFindMoMLClass(MoMLParser.java:4075)
	at ptolemy.moml.MoMLParser._createEntity(MoMLParser.java:4323)
	... 78 more
Caused by: ptolemy.actor.ptalon.PtalonRuntimeException: Unable to add actor null
	at ptolemy.actor.ptalon.PtalonEvaluator.addActor(PtalonEvaluator.java:300)
	at ptolemy.actor.ptalon.PtalonPopulator.actor_declaration(PtalonPopulator.java:1574)
	at ptolemy.actor.ptalon.PtalonPopulator.atomic_statement(PtalonPopulator.java:1638)
	at ptolemy.actor.ptalon.PtalonPopulator.iterative_statement_evaluator(PtalonPopulator.java:2484)
	at ptolemy.actor.ptalon.AbstractPtalonEvaluator$IfTree.evaluateForScope(AbstractPtalonEvaluator.java:1307)
	at ptolemy.actor.ptalon.AbstractPtalonEvaluator.evaluateForScope(AbstractPtalonEvaluator.java:744)
	at ptolemy.actor.ptalon.PtalonPopulator.iterative_statement(PtalonPopulator.java:2363)
	at ptolemy.actor.ptalon.PtalonPopulator.actor_definition(PtalonPopulator.java:2809)
	at ptolemy.actor.ptalon.PtalonActor.attributeChanged(PtalonActor.java:206)
	at ptolemy.actor.ptalon.PtalonMLHandler.startElement(PtalonMLHandler.java:134)
	at com.microstar.xml.XmlParser.parseElement(XmlParser.java:921)
	at com.microstar.xml.XmlParser.parseContent(XmlParser.java:1104)
	at com.microstar.xml.XmlParser.parseElement(XmlParser.java:924)
	at com.microstar.xml.XmlParser.parseDocument(XmlParser.java:481)
	at com.microstar.xml.XmlParser.doParse(XmlParser.java:159)
	at com.microstar.xml.XmlParser.parse(XmlParser.java:132)
	at ptolemy.actor.ptalon.PtalonActor.configure(PtalonActor.java:240)
	at ptolemy.moml.MoMLParser.endElement(MoMLParser.java:996)
	at com.microstar.xml.XmlParser.parseETag(XmlParser.java:1026)
	at com.microstar.xml.XmlParser.parseContent(XmlParser.java:1098)
	at com.microstar.xml.XmlParser.parseElement(XmlParser.java:924)
	at com.microstar.xml.XmlParser.parseContent(XmlParser.java:1104)
	at com.microstar.xml.XmlParser.parseElement(XmlParser.java:924)
	at com.microstar.xml.XmlParser.parseContent(XmlParser.java:1104)
	at com.microstar.xml.XmlParser.parseElement(XmlParser.java:924)
	at com.microstar.xml.XmlParser.parseDocument(XmlParser.java:481)
	at com.microstar.xml.XmlParser.doParse(XmlParser.java:159)
	at com.microstar.xml.XmlParser.parse(XmlParser.java:132)
	at ptolemy.moml.MoMLParser.parse(MoMLParser.java:1676)
	at ptolemy.moml.MoMLParser.parse(MoMLParser.java:1595)
	at ptolemy.moml.MoMLParser.parse(MoMLParser.java:1537)
	at ptolemy.actor.gui.PtolemyEffigy$Factory.createEffigy(PtolemyEffigy.java:424)
	at ptolemy.actor.gui.EffigyFactory.createEffigy(EffigyFactory.java:234)
	at ptolemy.actor.gui.Configuration.openModel(Configuration.java:1125)
	at ptolemy.actor.gui.Configuration.openModel(Configuration.java:1051)
	at ptolemy.actor.gui.ConfigurationApplication._openModel(ConfigurationApplication.java:1252)
	at ptolemy.actor.gui.ConfigurationApplication._parseArg(ConfigurationApplication.java:1399)
	at ptolemy.actor.gui.ConfigurationApplication._parseArgs(ConfigurationApplication.java:1478)
	at ptolemy.actor.gui.ConfigurationApplication.<init>(ConfigurationApplication.java:277)
	at ptolemy.actor.gui.ConfigurationApplication.<init>(ConfigurationApplication.java:214)
	at ptolemy.actor.gui.ConfigurationApplication.<init>(ConfigurationApplication.java:201)
	at ptolemy.actor.gui.ConfigurationApplication.openModelOrEntity(ConfigurationApplication.java:680)
	at ptolemy.vergil.basic.export.ExportModel$1.run(ExportModel.java:220)
	at java.awt.event.InvocationEvent.dispatch(InvocationEvent.java:301)
	at java.awt.EventQueue.dispatchEventImpl(EventQueue.java:756)
	at java.awt.EventQueue.access$500(EventQueue.java:97)
	at java.awt.EventQueue$3.run(EventQueue.java:709)
	at java.awt.EventQueue$3.run(EventQueue.java:703)
	at java.security.AccessController.doPrivileged(Native Method)
	at java.security.ProtectionDomain$JavaSecurityAccessImpl.doIntersectionPrivilege(ProtectionDomain.java:80)
	at java.awt.EventQueue.dispatchEvent(EventQueue.java:726)
	at java.awt.EventDispatchThread.pumpOneEventForFilters(EventDispatchThread.java:201)
	at java.awt.EventDispatchThread.pumpEventsForFilter(EventDispatchThread.java:116)
	at java.awt.EventDispatchThread.pumpEventsForHierarchy(EventDispatchThread.java:105)
	at java.awt.EventDispatchThread.pumpEvents(EventDispatchThread.java:101)
	at java.awt.EventDispatchThread.pumpEvents(EventDispatchThread.java:93)
	at java.awt.EventDispatchThread.run(EventDispatchThread.java:82)
Caused by: ptolemy.kernel.util.InternalErrorException: Element <entity name="node1" class="ptolemy.actor.ptalon.demo.ptinyos.SenseToLeds.MicaBoard"> caused an exception to be thrown.
  in .SenseToLeds.SenseToLeds
Because:
Cannot find class: ptolemy.actor.ptalon.demo.ptinyos.SenseToLeds.MicaBoard. In Ptolemy, classes are typically Java .class files. Entities like actors may instead be defined within a .xml file.  In any case, the class was not found. If the class uses a third party package, then the class would be present only if the third party package was found at compile time.  It may be necessary to upgrade Java or install the third party package, reconfigure and recompile.
Because:
Element <entity name="MicaLeds" class="ptolemy.domains.ptinyos.lib.MicaLeds"> caused an exception to be thrown.
  in .MicaBoard
Because:
Cannot find class: ptolemy.domains.ptinyos.lib.MicaLeds. In Ptolemy, classes are typically Java .class files. Entities like actors may instead be defined within a .xml file.  In any case, the class was not found. If the class uses a third party package, then the class would be present only if the third party package was found at compile time.  It may be necessary to upgrade Java or install the third party package, reconfigure and recompile.
Because:
-- /home/travis/build/icyphy/ptII/ptolemy/actor/ptalon/demo/ptinyos/SenseToLeds/ptolemy/domains/ptinyos/lib/MicaLeds.xml (No such file or directory)
-- XML file not found relative to classpath.
-- /home/travis/build/icyphy/ptII/ptolemy/vergil/basic/export/test/ptolemy/domains/ptinyos/lib/MicaLeds.xml
/home/travis/build/icyphy/ptII/ptolemy/vergil/basic/export/test/ptolemy/domains/ptinyos/lib/MicaLeds.xml (No such file or directory)
 in file:/home/travis/build/icyphy/ptII/ptolemy/actor/ptalon/demo/ptinyos/SenseToLeds/MicaBoard.xml at line 134 and column 63
	at ptolemy.moml.SimpleErrorHandler.handleError(SimpleErrorHandler.java:75)
	at ptolemy.moml.MoMLParser.startElement(MoMLParser.java:3805)
	at com.microstar.xml.XmlParser.parseElement(XmlParser.java:931)
	at com.microstar.xml.XmlParser.parseDocument(XmlParser.java:481)
	at com.microstar.xml.XmlParser.doParse(XmlParser.java:159)
	at com.microstar.xml.XmlParser.parse(XmlParser.java:132)
	at ptolemy.moml.MoMLParser.parse(MoMLParser.java:1660)
	at ptolemy.moml.MoMLParser.parse(MoMLParser.java:1617)
	at ptolemy.moml.MoMLParser.parse(MoMLParser.java:1792)
	at ptolemy.actor.ptalon.PtalonEvaluator.addActor(PtalonEvaluator.java:241)
	... 56 more
Caused by: ptolemy.kernel.util.IllegalActionException: Cannot find class: ptolemy.actor.ptalon.demo.ptinyos.SenseToLeds.MicaBoard. In Ptolemy, classes are typically Java .class files. Entities like actors may instead be defined within a .xml file.  In any case, the class was not found. If the class uses a third party package, then the class would be present only if the third party package was found at compile time.  It may be necessary to upgrade Java or install the third party package, reconfigure and recompile.
Because:
Element <entity name="MicaLeds" class="ptolemy.domains.ptinyos.lib.MicaLeds"> caused an exception to be thrown.
  in .MicaBoard
Because:
Cannot find class: ptolemy.domains.ptinyos.lib.MicaLeds. In Ptolemy, classes are typically Java .class files. Entities like actors may instead be defined within a .xml file.  In any case, the class was not found. If the class uses a third party package, then the class would be present only if the third party package was found at compile time.  It may be necessary to upgrade Java or install the third party package, reconfigure and recompile.
Because:
-- /home/travis/build/icyphy/ptII/ptolemy/actor/ptalon/demo/ptinyos/SenseToLeds/ptolemy/domains/ptinyos/lib/MicaLeds.xml (No such file or directory)
-- XML file not found relative to classpath.
-- /home/travis/build/icyphy/ptII/ptolemy/vergil/basic/export/test/ptolemy/domains/ptinyos/lib/MicaLeds.xml
/home/travis/build/icyphy/ptII/ptolemy/vergil/basic/export/test/ptolemy/domains/ptinyos/lib/MicaLeds.xml (No such file or directory)
 in file:/home/travis/build/icyphy/ptII/ptolemy/actor/ptalon/demo/ptinyos/SenseToLeds/MicaBoard.xml at line 134 and column 63
	at ptolemy.moml.MoMLParser._createEntity(MoMLParser.java:4330)
	at ptolemy.moml.MoMLParser.startElement(MoMLParser.java:2864)
	... 64 more
Caused by: ptolemy.kernel.util.InternalErrorException: Element <entity name="MicaLeds" class="ptolemy.domains.ptinyos.lib.MicaLeds"> caused an exception to be thrown.
  in .MicaBoard
Because:
Cannot find class: ptolemy.domains.ptinyos.lib.MicaLeds. In Ptolemy, classes are typically Java .class files. Entities like actors may instead be defined within a .xml file.  In any case, the class was not found. If the class uses a third party package, then the class would be present only if the third party package was found at compile time.  It may be necessary to upgrade Java or install the third party package, reconfigure and recompile.
Because:
-- /home/travis/build/icyphy/ptII/ptolemy/actor/ptalon/demo/ptinyos/SenseToLeds/ptolemy/domains/ptinyos/lib/MicaLeds.xml (No such file or directory)
-- XML file not found relative to classpath.
-- /home/travis/build/icyphy/ptII/ptolemy/vergil/basic/export/test/ptolemy/domains/ptinyos/lib/MicaLeds.xml
/home/travis/build/icyphy/ptII/ptolemy/vergil/basic/export/test/ptolemy/domains/ptinyos/lib/MicaLeds.xml (No such file or directory)
 in file:/home/travis/build/icyphy/ptII/ptolemy/actor/ptalon/demo/ptinyos/SenseToLeds/MicaBoard.xml at line 134 and column 63
	at ptolemy.moml.SimpleErrorHandler.handleError(SimpleErrorHandler.java:75)
	at ptolemy.moml.MoMLParser.startElement(MoMLParser.java:3805)
	at com.microstar.xml.XmlParser.parseElement(XmlParser.java:921)
	at com.microstar.xml.XmlParser.parseContent(XmlParser.java:1104)
	at com.microstar.xml.XmlParser.parseElement(XmlParser.java:924)
	at com.microstar.xml.XmlParser.parseDocument(XmlParser.java:481)
	at com.microstar.xml.XmlParser.doParse(XmlParser.java:159)
	at com.microstar.xml.XmlParser.parse(XmlParser.java:132)
	at ptolemy.moml.MoMLParser.parse(MoMLParser.java:1676)
	at ptolemy.moml.MoMLParser.parse(MoMLParser.java:1595)
	at ptolemy.moml.MoMLParser.parse(MoMLParser.java:1537)
	at ptolemy.moml.MoMLParser._findOrParse(MoMLParser.java:5286)
	at ptolemy.moml.MoMLParser._attemptToFindMoMLClass(MoMLParser.java:4075)
	at ptolemy.moml.MoMLParser._createEntity(MoMLParser.java:4323)
	... 65 more
Caused by: ptolemy.kernel.util.IllegalActionException: Cannot find class: ptolemy.domains.ptinyos.lib.MicaLeds. In Ptolemy, classes are typically Java .class files. Entities like actors may instead be defined within a .xml file.  In any case, the class was not found. If the class uses a third party package, then the class would be present only if the third party package was found at compile time.  It may be necessary to upgrade Java or install the third party package, reconfigure and recompile.
Because:
-- /home/travis/build/icyphy/ptII/ptolemy/actor/ptalon/demo/ptinyos/SenseToLeds/ptolemy/domains/ptinyos/lib/MicaLeds.xml (No such file or directory)
-- XML file not found relative to classpath.
-- /home/travis/build/icyphy/ptII/ptolemy/vergil/basic/export/test/ptolemy/domains/ptinyos/lib/MicaLeds.xml
/home/travis/build/icyphy/ptII/ptolemy/vergil/basic/export/test/ptolemy/domains/ptinyos/lib/MicaLeds.xml (No such file or directory)
 in file:/home/travis/build/icyphy/ptII/ptolemy/actor/ptalon/demo/ptinyos/SenseToLeds/MicaBoard.xml at line 134 and column 63
	at ptolemy.moml.MoMLParser._createEntity(MoMLParser.java:4330)
	at ptolemy.moml.MoMLParser.startElement(MoMLParser.java:2864)
	... 77 more
Caused by: com.microstar.xml.XmlException: -- /home/travis/build/icyphy/ptII/ptolemy/actor/ptalon/demo/ptinyos/SenseToLeds/ptolemy/domains/ptinyos/lib/MicaLeds.xml (No such file or directory)
-- XML file not found relative to classpath.
-- /home/travis/build/icyphy/ptII/ptolemy/vergil/basic/export/test/ptolemy/domains/ptinyos/lib/MicaLeds.xml
/home/travis/build/icyphy/ptII/ptolemy/vergil/basic/export/test/ptolemy/domains/ptinyos/lib/MicaLeds.xml (No such file or directory)
 in file:/home/travis/build/icyphy/ptII/ptolemy/actor/ptalon/demo/ptinyos/SenseToLeds/MicaBoard.xml at line 134 and column 63
	at ptolemy.moml.MoMLParser.fileNameToURL(MoMLParser.java:1414)
	at ptolemy.moml.MoMLParser._findOrParse(MoMLParser.java:5283)
	at ptolemy.moml.MoMLParser._attemptToFindMoMLClass(MoMLParser.java:4075)
	at ptolemy.moml.MoMLParser._createEntity(MoMLParser.java:4323)
	... 78 more
ptolemy.kernel.util.IllegalActionException: Failed to process attribute change to PtalonParameter, whose value is "ptolemy.actor.ptalon.PtalonExpressionParameter {.SenseToLeds.SenseToLeds.n} 2".
  in .SenseToLeds.SenseToLeds
Because:
Unable to add actor null
	at ptolemy.actor.ptalon.PtalonActor.attributeChanged(PtalonActor.java:211)
	at ptolemy.actor.ptalon.PtalonMLHandler.startElement(PtalonMLHandler.java:134)
	at com.microstar.xml.XmlParser.parseElement(XmlParser.java:921)
	at com.microstar.xml.XmlParser.parseContent(XmlParser.java:1104)
	at com.microstar.xml.XmlParser.parseElement(XmlParser.java:924)
	at com.microstar.xml.XmlParser.parseDocument(XmlParser.java:481)
	at com.microstar.xml.XmlParser.doParse(XmlParser.java:159)
	at com.microstar.xml.XmlParser.parse(XmlParser.java:132)
	at ptolemy.actor.ptalon.PtalonActor.configure(PtalonActor.java:240)
	at ptolemy.moml.MoMLParser.endElement(MoMLParser.java:996)
	at com.microstar.xml.XmlParser.parseETag(XmlParser.java:1026)
	at com.microstar.xml.XmlParser.parseContent(XmlParser.java:1098)
	at com.microstar.xml.XmlParser.parseElement(XmlParser.java:924)
	at com.microstar.xml.XmlParser.parseContent(XmlParser.java:1104)
	at com.microstar.xml.XmlParser.parseElement(XmlParser.java:924)
	at com.microstar.xml.XmlParser.parseContent(XmlParser.java:1104)
	at com.microstar.xml.XmlParser.parseElement(XmlParser.java:924)
	at com.microstar.xml.XmlParser.parseDocument(XmlParser.java:481)
	at com.microstar.xml.XmlParser.doParse(XmlParser.java:159)
	at com.microstar.xml.XmlParser.parse(XmlParser.java:132)
	at ptolemy.moml.MoMLParser.parse(MoMLParser.java:1676)
	at ptolemy.moml.MoMLParser.parse(MoMLParser.java:1595)
	at ptolemy.moml.MoMLParser.parse(MoMLParser.java:1537)
	at ptolemy.actor.gui.PtolemyEffigy$Factory.createEffigy(PtolemyEffigy.java:424)
	at ptolemy.actor.gui.EffigyFactory.createEffigy(EffigyFactory.java:234)
	at ptolemy.actor.gui.Configuration.openModel(Configuration.java:1125)
	at ptolemy.actor.gui.Configuration.openModel(Configuration.java:1051)
	at ptolemy.actor.gui.ConfigurationApplication._openModel(ConfigurationApplication.java:1252)
	at ptolemy.actor.gui.ConfigurationApplication._parseArg(ConfigurationApplication.java:1399)
	at ptolemy.actor.gui.ConfigurationApplication._parseArgs(ConfigurationApplication.java:1478)
	at ptolemy.actor.gui.ConfigurationApplication.<init>(ConfigurationApplication.java:277)
	at ptolemy.actor.gui.ConfigurationApplication.<init>(ConfigurationApplication.java:214)
	at ptolemy.actor.gui.ConfigurationApplication.<init>(ConfigurationApplication.java:201)
	at ptolemy.actor.gui.ConfigurationApplication.openModelOrEntity(ConfigurationApplication.java:680)
	at ptolemy.vergil.basic.export.ExportModel$1.run(ExportModel.java:220)
	at java.awt.event.InvocationEvent.dispatch(InvocationEvent.java:301)
	at java.awt.EventQueue.dispatchEventImpl(EventQueue.java:756)
	at java.awt.EventQueue.access$500(EventQueue.java:97)
	at java.awt.EventQueue$3.run(EventQueue.java:709)
	at java.awt.EventQueue$3.run(EventQueue.java:703)
	at java.security.AccessController.doPrivileged(Native Method)
	at java.security.ProtectionDomain$JavaSecurityAccessImpl.doIntersectionPrivilege(ProtectionDomain.java:80)
	at java.awt.EventQueue.dispatchEvent(EventQueue.java:726)
	at java.awt.EventDispatchThread.pumpOneEventForFilters(EventDispatchThread.java:201)
	at java.awt.EventDispatchThread.pumpEventsForFilter(EventDispatchThread.java:116)
	at java.awt.EventDispatchThread.pumpEventsForHierarchy(EventDispatchThread.java:105)
	at java.awt.EventDispatchThread.pumpEvents(EventDispatchThread.java:101)
	at java.awt.EventDispatchThread.pumpEvents(EventDispatchThread.java:93)
	at java.awt.EventDispatchThread.run(EventDispatchThread.java:82)
Caused by: ptolemy.actor.ptalon.PtalonRuntimeException: Unable to add actor null
	at ptolemy.actor.ptalon.PtalonEvaluator.addActor(PtalonEvaluator.java:300)
	at ptolemy.actor.ptalon.PtalonPopulator.actor_declaration(PtalonPopulator.java:1574)
	at ptolemy.actor.ptalon.PtalonPopulator.atomic_statement(PtalonPopulator.java:1638)
	at ptolemy.actor.ptalon.PtalonPopulator.iterative_statement_evaluator(PtalonPopulator.java:2484)
	at ptolemy.actor.ptalon.AbstractPtalonEvaluator$IfTree.evaluateForScope(AbstractPtalonEvaluator.java:1307)
	at ptolemy.actor.ptalon.AbstractPtalonEvaluator.evaluateForScope(AbstractPtalonEvaluator.java:744)
	at ptolemy.actor.ptalon.PtalonPopulator.iterative_statement(PtalonPopulator.java:2363)
	at ptolemy.actor.ptalon.PtalonPopulator.actor_definition(PtalonPopulator.java:2809)
	at ptolemy.actor.ptalon.PtalonActor.attributeChanged(PtalonActor.java:206)
	... 48 more
Caused by: ptolemy.kernel.util.InternalErrorException: Element <entity name="node1" class="ptolemy.actor.ptalon.demo.ptinyos.SenseToLeds.MicaBoard"> caused an exception to be thrown.
  in .SenseToLeds.SenseToLeds
Because:
Cannot find class: ptolemy.actor.ptalon.demo.ptinyos.SenseToLeds.MicaBoard. In Ptolemy, classes are typically Java .class files. Entities like actors may instead be defined within a .xml file.  In any case, the class was not found. If the class uses a third party package, then the class would be present only if the third party package was found at compile time.  It may be necessary to upgrade Java or install the third party package, reconfigure and recompile.
Because:
Element <entity name="MicaLeds" class="ptolemy.domains.ptinyos.lib.MicaLeds"> caused an exception to be thrown.
  in .MicaBoard
Because:
Cannot find class: ptolemy.domains.ptinyos.lib.MicaLeds. In Ptolemy, classes are typically Java .class files. Entities like actors may instead be defined within a .xml file.  In any case, the class was not found. If the class uses a third party package, then the class would be present only if the third party package was found at compile time.  It may be necessary to upgrade Java or install the third party package, reconfigure and recompile.
Because:
-- /home/travis/build/icyphy/ptII/ptolemy/actor/ptalon/demo/ptinyos/SenseToLeds/ptolemy/domains/ptinyos/lib/MicaLeds.xml (No such file or directory)
-- XML file not found relative to classpath.
-- /home/travis/build/icyphy/ptII/ptolemy/vergil/basic/export/test/ptolemy/domains/ptinyos/lib/MicaLeds.xml
/home/travis/build/icyphy/ptII/ptolemy/vergil/basic/export/test/ptolemy/domains/ptinyos/lib/MicaLeds.xml (No such file or directory)
 in file:/home/travis/build/icyphy/ptII/ptolemy/actor/ptalon/demo/ptinyos/SenseToLeds/MicaBoard.xml at line 134 and column 63
	at ptolemy.moml.SimpleErrorHandler.handleError(SimpleErrorHandler.java:75)
	at ptolemy.moml.MoMLParser.startElement(MoMLParser.java:3805)
	at com.microstar.xml.XmlParser.parseElement(XmlParser.java:931)
	at com.microstar.xml.XmlParser.parseDocument(XmlParser.java:481)
	at com.microstar.xml.XmlParser.doParse(XmlParser.java:159)
	at com.microstar.xml.XmlParser.parse(XmlParser.java:132)
	at ptolemy.moml.MoMLParser.parse(MoMLParser.java:1660)
	at ptolemy.moml.MoMLParser.parse(MoMLParser.java:1617)
	at ptolemy.moml.MoMLParser.parse(MoMLParser.java:1792)
	at ptolemy.actor.ptalon.PtalonEvaluator.addActor(PtalonEvaluator.java:241)
	... 56 more
Caused by: ptolemy.kernel.util.IllegalActionException: Cannot find class: ptolemy.actor.ptalon.demo.ptinyos.SenseToLeds.MicaBoard. In Ptolemy, classes are typically Java .class files. Entities like actors may instead be defined within a .xml file.  In any case, the class was not found. If the class uses a third party package, then the class would be present only if the third party package was found at compile time.  It may be necessary to upgrade Java or install the third party package, reconfigure and recompile.
Because:
Element <entity name="MicaLeds" class="ptolemy.domains.ptinyos.lib.MicaLeds"> caused an exception to be thrown.
  in .MicaBoard
Because:
Cannot find class: ptolemy.domains.ptinyos.lib.MicaLeds. In Ptolemy, classes are typically Java .class files. Entities like actors may instead be defined within a .xml file.  In any case, the class was not found. If the class uses a third party package, then the class would be present only if the third party package was found at compile time.  It may be necessary to upgrade Java or install the third party package, reconfigure and recompile.
Because:
-- /home/travis/build/icyphy/ptII/ptolemy/actor/ptalon/demo/ptinyos/SenseToLeds/ptolemy/domains/ptinyos/lib/MicaLeds.xml (No such file or directory)
-- XML file not found relative to classpath.
-- /home/travis/build/icyphy/ptII/ptolemy/vergil/basic/export/test/ptolemy/domains/ptinyos/lib/MicaLeds.xml
/home/travis/build/icyphy/ptII/ptolemy/vergil/basic/export/test/ptolemy/domains/ptinyos/lib/MicaLeds.xml (No such file or directory)
 in file:/home/travis/build/icyphy/ptII/ptolemy/actor/ptalon/demo/ptinyos/SenseToLeds/MicaBoard.xml at line 134 and column 63
	at ptolemy.moml.MoMLParser._createEntity(MoMLParser.java:4330)
	at ptolemy.moml.MoMLParser.startElement(MoMLParser.java:2864)
	... 64 more
Caused by: ptolemy.kernel.util.InternalErrorException: Element <entity name="MicaLeds" class="ptolemy.domains.ptinyos.lib.MicaLeds"> caused an exception to be thrown.
  in .MicaBoard
Because:
Cannot find class: ptolemy.domains.ptinyos.lib.MicaLeds. In Ptolemy, classes are typically Java .class files. Entities like actors may instead be defined within a .xml file.  In any case, the class was not found. If the class uses a third party package, then the class would be present only if the third party package was found at compile time.  It may be necessary to upgrade Java or install the third party package, reconfigure and recompile.
Because:
-- /home/travis/build/icyphy/ptII/ptolemy/actor/ptalon/demo/ptinyos/SenseToLeds/ptolemy/domains/ptinyos/lib/MicaLeds.xml (No such file or directory)
-- XML file not found relative to classpath.
-- /home/travis/build/icyphy/ptII/ptolemy/vergil/basic/export/test/ptolemy/domains/ptinyos/lib/MicaLeds.xml
/home/travis/build/icyphy/ptII/ptolemy/vergil/basic/export/test/ptolemy/domains/ptinyos/lib/MicaLeds.xml (No such file or directory)
 in file:/home/travis/build/icyphy/ptII/ptolemy/actor/ptalon/demo/ptinyos/SenseToLeds/MicaBoard.xml at line 134 and column 63
	at ptolemy.moml.SimpleErrorHandler.handleError(SimpleErrorHandler.java:75)
	at ptolemy.moml.MoMLParser.startElement(MoMLParser.java:3805)
	at com.microstar.xml.XmlParser.parseElement(XmlParser.java:921)
	at com.microstar.xml.XmlParser.parseContent(XmlParser.java:1104)
	at com.microstar.xml.XmlParser.parseElement(XmlParser.java:924)
	at com.microstar.xml.XmlParser.parseDocument(XmlParser.java:481)
	at com.microstar.xml.XmlParser.doParse(XmlParser.java:159)
	at com.microstar.xml.XmlParser.parse(XmlParser.java:132)
	at ptolemy.moml.MoMLParser.parse(MoMLParser.java:1676)
	at ptolemy.moml.MoMLParser.parse(MoMLParser.java:1595)
	at ptolemy.moml.MoMLParser.parse(MoMLParser.java:1537)
	at ptolemy.moml.MoMLParser._findOrParse(MoMLParser.java:5286)
	at ptolemy.moml.MoMLParser._attemptToFindMoMLClass(MoMLParser.java:4075)
	at ptolemy.moml.MoMLParser._createEntity(MoMLParser.java:4323)
	... 65 more
Caused by: ptolemy.kernel.util.IllegalActionException: Cannot find class: ptolemy.domains.ptinyos.lib.MicaLeds. In Ptolemy, classes are typically Java .class files. Entities like actors may instead be defined within a .xml file.  In any case, the class was not found. If the class uses a third party package, then the class would be present only if the third party package was found at compile time.  It may be necessary to upgrade Java or install the third party package, reconfigure and recompile.
Because:
-- /home/travis/build/icyphy/ptII/ptolemy/actor/ptalon/demo/ptinyos/SenseToLeds/ptolemy/domains/ptinyos/lib/MicaLeds.xml (No such file or directory)
-- XML file not found relative to classpath.
-- /home/travis/build/icyphy/ptII/ptolemy/vergil/basic/export/test/ptolemy/domains/ptinyos/lib/MicaLeds.xml
/home/travis/build/icyphy/ptII/ptolemy/vergil/basic/export/test/ptolemy/domains/ptinyos/lib/MicaLeds.xml (No such file or directory)
 in file:/home/travis/build/icyphy/ptII/ptolemy/actor/ptalon/demo/ptinyos/SenseToLeds/MicaBoard.xml at line 134 and column 63
	at ptolemy.moml.MoMLParser._createEntity(MoMLParser.java:4330)
	at ptolemy.moml.MoMLParser.startElement(MoMLParser.java:2864)
	... 77 more
Caused by: com.microstar.xml.XmlException: -- /home/travis/build/icyphy/ptII/ptolemy/actor/ptalon/demo/ptinyos/SenseToLeds/ptolemy/domains/ptinyos/lib/MicaLeds.xml (No such file or directory)
-- XML file not found relative to classpath.
-- /home/travis/build/icyphy/ptII/ptolemy/vergil/basic/export/test/ptolemy/domains/ptinyos/lib/MicaLeds.xml
/home/travis/build/icyphy/ptII/ptolemy/vergil/basic/export/test/ptolemy/domains/ptinyos/lib/MicaLeds.xml (No such file or directory)
 in file:/home/travis/build/icyphy/ptII/ptolemy/actor/ptalon/demo/ptinyos/SenseToLeds/MicaBoard.xml at line 134 and column 63
	at ptolemy.moml.MoMLParser.fileNameToURL(MoMLParser.java:1414)
	at ptolemy.moml.MoMLParser._findOrParse(MoMLParser.java:5283)
	at ptolemy.moml.MoMLParser._attemptToFindMoMLClass(MoMLParser.java:4075)
	at ptolemy.moml.MoMLParser._createEntity(MoMLParser.java:4323)
	... 78 more
Caused by: ptolemy.actor.ptalon.PtalonRuntimeException: Unable to add actor null
	at ptolemy.actor.ptalon.PtalonEvaluator.addActor(PtalonEvaluator.java:300)
	at ptolemy.actor.ptalon.PtalonPopulator.actor_declaration(PtalonPopulator.java:1574)
	at ptolemy.actor.ptalon.PtalonPopulator.atomic_statement(PtalonPopulator.java:1638)
	at ptolemy.actor.ptalon.PtalonPopulator.iterative_statement_evaluator(PtalonPopulator.java:2484)
	at ptolemy.actor.ptalon.AbstractPtalonEvaluator$IfTree.evaluateForScope(AbstractPtalonEvaluator.java:1307)
	at ptolemy.actor.ptalon.AbstractPtalonEvaluator.evaluateForScope(AbstractPtalonEvaluator.java:744)
	at ptolemy.actor.ptalon.PtalonPopulator.iterative_statement(PtalonPopulator.java:2363)
	at ptolemy.actor.ptalon.PtalonPopulator.actor_definition(PtalonPopulator.java:2809)
	at ptolemy.actor.ptalon.PtalonActor.attributeChanged(PtalonActor.java:206)
	at ptolemy.actor.ptalon.PtalonMLHandler.startElement(PtalonMLHandler.java:134)
	at com.microstar.xml.XmlParser.parseElement(XmlParser.java:921)
	at com.microstar.xml.XmlParser.parseContent(XmlParser.java:1104)
	at com.microstar.xml.XmlParser.parseElement(XmlParser.java:924)
	at com.microstar.xml.XmlParser.parseDocument(XmlParser.java:481)
	at com.microstar.xml.XmlParser.doParse(XmlParser.java:159)
	at com.microstar.xml.XmlParser.parse(XmlParser.java:132)
	at ptolemy.actor.ptalon.PtalonActor.configure(PtalonActor.java:240)
	at ptolemy.moml.MoMLParser.endElement(MoMLParser.java:996)
	at com.microstar.xml.XmlParser.parseETag(XmlParser.java:1026)
	at com.microstar.xml.XmlParser.parseContent(XmlParser.java:1098)
	at com.microstar.xml.XmlParser.parseElement(XmlParser.java:924)
	at com.microstar.xml.XmlParser.parseContent(XmlParser.java:1104)
	at com.microstar.xml.XmlParser.parseElement(XmlParser.java:924)
	at com.microstar.xml.XmlParser.parseContent(XmlParser.java:1104)
	at com.microstar.xml.XmlParser.parseElement(XmlParser.java:924)
	at com.microstar.xml.XmlParser.parseDocument(XmlParser.java:481)
	at com.microstar.xml.XmlParser.doParse(XmlParser.java:159)
	at com.microstar.xml.XmlParser.parse(XmlParser.java:132)
	at ptolemy.moml.MoMLParser.parse(MoMLParser.java:1676)
	at ptolemy.moml.MoMLParser.parse(MoMLParser.java:1595)
	at ptolemy.moml.MoMLParser.parse(MoMLParser.java:1537)
	at ptolemy.actor.gui.PtolemyEffigy$Factory.createEffigy(PtolemyEffigy.java:424)
	at ptolemy.actor.gui.EffigyFactory.createEffigy(EffigyFactory.java:234)
	at ptolemy.actor.gui.Configuration.openModel(Configuration.java:1125)
	at ptolemy.actor.gui.Configuration.openModel(Configuration.java:1051)
	at ptolemy.actor.gui.ConfigurationApplication._openModel(ConfigurationApplication.java:1252)
	at ptolemy.actor.gui.ConfigurationApplication._parseArg(ConfigurationApplication.java:1399)
	at ptolemy.actor.gui.ConfigurationApplication._parseArgs(ConfigurationApplication.java:1478)
	at ptolemy.actor.gui.ConfigurationApplication.<init>(ConfigurationApplication.java:277)
	at ptolemy.actor.gui.ConfigurationApplication.<init>(ConfigurationApplication.java:214)
	at ptolemy.actor.gui.ConfigurationApplication.<init>(ConfigurationApplication.java:201)
	at ptolemy.actor.gui.ConfigurationApplication.openModelOrEntity(ConfigurationApplication.java:680)
	at ptolemy.vergil.basic.export.ExportModel$1.run(ExportModel.java:220)
	at java.awt.event.InvocationEvent.dispatch(InvocationEvent.java:301)
	at java.awt.EventQueue.dispatchEventImpl(EventQueue.java:756)
	at java.awt.EventQueue.access$500(EventQueue.java:97)
	at java.awt.EventQueue$3.run(EventQueue.java:709)
	at java.awt.EventQueue$3.run(EventQueue.java:703)
	at java.security.AccessController.doPrivileged(Native Method)
	at java.security.ProtectionDomain$JavaSecurityAccessImpl.doIntersectionPrivilege(ProtectionDomain.java:80)
	at java.awt.EventQueue.dispatchEvent(EventQueue.java:726)
	at java.awt.EventDispatchThread.pumpOneEventForFilters(EventDispatchThread.java:201)
	at java.awt.EventDispatchThread.pumpEventsForFilter(EventDispatchThread.java:116)
	at java.awt.EventDispatchThread.pumpEventsForHierarchy(EventDispatchThread.java:105)
	at java.awt.EventDispatchThread.pumpEvents(EventDispatchThread.java:101)
	at java.awt.EventDispatchThread.pumpEvents(EventDispatchThread.java:93)
	at java.awt.EventDispatchThread.run(EventDispatchThread.java:82)
Caused by: ptolemy.kernel.util.InternalErrorException: Element <entity name="node1" class="ptolemy.actor.ptalon.demo.ptinyos.SenseToLeds.MicaBoard"> caused an exception to be thrown.
  in .SenseToLeds.SenseToLeds
Because:
Cannot find class: ptolemy.actor.ptalon.demo.ptinyos.SenseToLeds.MicaBoard. In Ptolemy, classes are typically Java .class files. Entities like actors may instead be defined within a .xml file.  In any case, the class was not found. If the class uses a third party package, then the class would be present only if the third party package was found at compile time.  It may be necessary to upgrade Java or install the third party package, reconfigure and recompile.
Because:
Element <entity name="MicaLeds" class="ptolemy.domains.ptinyos.lib.MicaLeds"> caused an exception to be thrown.
  in .MicaBoard
Because:
Cannot find class: ptolemy.domains.ptinyos.lib.MicaLeds. In Ptolemy, classes are typically Java .class files. Entities like actors may instead be defined within a .xml file.  In any case, the class was not found. If the class uses a third party package, then the class would be present only if the third party package was found at compile time.  It may be necessary to upgrade Java or install the third party package, reconfigure and recompile.
Because:
-- /home/travis/build/icyphy/ptII/ptolemy/actor/ptalon/demo/ptinyos/SenseToLeds/ptolemy/domains/ptinyos/lib/MicaLeds.xml (No such file or directory)
-- XML file not found relative to classpath.
-- /home/travis/build/icyphy/ptII/ptolemy/vergil/basic/export/test/ptolemy/domains/ptinyos/lib/MicaLeds.xml
/home/travis/build/icyphy/ptII/ptolemy/vergil/basic/export/test/ptolemy/domains/ptinyos/lib/MicaLeds.xml (No such file or directory)
 in file:/home/travis/build/icyphy/ptII/ptolemy/actor/ptalon/demo/ptinyos/SenseToLeds/MicaBoard.xml at line 134 and column 63
	at ptolemy.moml.SimpleErrorHandler.handleError(SimpleErrorHandler.java:75)
	at ptolemy.moml.MoMLParser.startElement(MoMLParser.java:3805)
	at com.microstar.xml.XmlParser.parseElement(XmlParser.java:931)
	at com.microstar.xml.XmlParser.parseDocument(XmlParser.java:481)
	at com.microstar.xml.XmlParser.doParse(XmlParser.java:159)
	at com.microstar.xml.XmlParser.parse(XmlParser.java:132)
	at ptolemy.moml.MoMLParser.parse(MoMLParser.java:1660)
	at ptolemy.moml.MoMLParser.parse(MoMLParser.java:1617)
	at ptolemy.moml.MoMLParser.parse(MoMLParser.java:1792)
	at ptolemy.actor.ptalon.PtalonEvaluator.addActor(PtalonEvaluator.java:241)
	... 56 more
Caused by: ptolemy.kernel.util.IllegalActionException: Cannot find class: ptolemy.actor.ptalon.demo.ptinyos.SenseToLeds.MicaBoard. In Ptolemy, classes are typically Java .class files. Entities like actors may instead be defined within a .xml file.  In any case, the class was not found. If the class uses a third party package, then the class would be present only if the third party package was found at compile time.  It may be necessary to upgrade Java or install the third party package, reconfigure and recompile.
Because:
Element <entity name="MicaLeds" class="ptolemy.domains.ptinyos.lib.MicaLeds"> caused an exception to be thrown.
  in .MicaBoard
Because:
Cannot find class: ptolemy.domains.ptinyos.lib.MicaLeds. In Ptolemy, classes are typically Java .class files. Entities like actors may instead be defined within a .xml file.  In any case, the class was not found. If the class uses a third party package, then the class would be present only if the third party package was found at compile time.  It may be necessary to upgrade Java or install the third party package, reconfigure and recompile.
Because:
-- /home/travis/build/icyphy/ptII/ptolemy/actor/ptalon/demo/ptinyos/SenseToLeds/ptolemy/domains/ptinyos/lib/MicaLeds.xml (No such file or directory)
-- XML file not found relative to classpath.
-- /home/travis/build/icyphy/ptII/ptolemy/vergil/basic/export/test/ptolemy/domains/ptinyos/lib/MicaLeds.xml
/home/travis/build/icyphy/ptII/ptolemy/vergil/basic/export/test/ptolemy/domains/ptinyos/lib/MicaLeds.xml (No such file or directory)
 in file:/home/travis/build/icyphy/ptII/ptolemy/actor/ptalon/demo/ptinyos/SenseToLeds/MicaBoard.xml at line 134 and column 63
	at ptolemy.moml.MoMLParser._createEntity(MoMLParser.java:4330)
	at ptolemy.moml.MoMLParser.startElement(MoMLParser.java:2864)
	... 64 more
Caused by: ptolemy.kernel.util.InternalErrorException: Element <entity name="MicaLeds" class="ptolemy.domains.ptinyos.lib.MicaLeds"> caused an exception to be thrown.
  in .MicaBoard
Because:
Cannot find class: ptolemy.domains.ptinyos.lib.MicaLeds. In Ptolemy, classes are typically Java .class files. Entities like actors may instead be defined within a .xml file.  In any case, the class was not found. If the class uses a third party package, then the class would be present only if the third party package was found at compile time.  It may be necessary to upgrade Java or install the third party package, reconfigure and recompile.
Because:
-- /home/travis/build/icyphy/ptII/ptolemy/actor/ptalon/demo/ptinyos/SenseToLeds/ptolemy/domains/ptinyos/lib/MicaLeds.xml (No such file or directory)
-- XML file not found relative to classpath.
-- /home/travis/build/icyphy/ptII/ptolemy/vergil/basic/export/test/ptolemy/domains/ptinyos/lib/MicaLeds.xml
/home/travis/build/icyphy/ptII/ptolemy/vergil/basic/export/test/ptolemy/domains/ptinyos/lib/MicaLeds.xml (No such file or directory)
 in file:/home/travis/build/icyphy/ptII/ptolemy/actor/ptalon/demo/ptinyos/SenseToLeds/MicaBoard.xml at line 134 and column 63
	at ptolemy.moml.SimpleErrorHandler.handleError(SimpleErrorHandler.java:75)
	at ptolemy.moml.MoMLParser.startElement(MoMLParser.java:3805)
	at com.microstar.xml.XmlParser.parseElement(XmlParser.java:921)
	at com.microstar.xml.XmlParser.parseContent(XmlParser.java:1104)
	at com.microstar.xml.XmlParser.parseElement(XmlParser.java:924)
	at com.microstar.xml.XmlParser.parseDocument(XmlParser.java:481)
	at com.microstar.xml.XmlParser.doParse(XmlParser.java:159)
	at com.microstar.xml.XmlParser.parse(XmlParser.java:132)
	at ptolemy.moml.MoMLParser.parse(MoMLParser.java:1676)
	at ptolemy.moml.MoMLParser.parse(MoMLParser.java:1595)
	at ptolemy.moml.MoMLParser.parse(MoMLParser.java:1537)
	at ptolemy.moml.MoMLParser._findOrParse(MoMLParser.java:5286)
	at ptolemy.moml.MoMLParser._attemptToFindMoMLClass(MoMLParser.java:4075)
	at ptolemy.moml.MoMLParser._createEntity(MoMLParser.java:4323)
	... 65 more
Caused by: ptolemy.kernel.util.IllegalActionException: Cannot find class: ptolemy.domains.ptinyos.lib.MicaLeds. In Ptolemy, classes are typically Java .class files. Entities like actors may instead be defined within a .xml file.  In any case, the class was not found. If the class uses a third party package, then the class would be present only if the third party package was found at compile time.  It may be necessary to upgrade Java or install the third party package, reconfigure and recompile.
Because:
-- /home/travis/build/icyphy/ptII/ptolemy/actor/ptalon/demo/ptinyos/SenseToLeds/ptolemy/domains/ptinyos/lib/MicaLeds.xml (No such file or directory)
-- XML file not found relative to classpath.
-- /home/travis/build/icyphy/ptII/ptolemy/vergil/basic/export/test/ptolemy/domains/ptinyos/lib/MicaLeds.xml
/home/travis/build/icyphy/ptII/ptolemy/vergil/basic/export/test/ptolemy/domains/ptinyos/lib/MicaLeds.xml (No such file or directory)
 in file:/home/travis/build/icyphy/ptII/ptolemy/actor/ptalon/demo/ptinyos/SenseToLeds/MicaBoard.xml at line 134 and column 63
	at ptolemy.moml.MoMLParser._createEntity(MoMLParser.java:4330)
	at ptolemy.moml.MoMLParser.startElement(MoMLParser.java:2864)
	... 77 more
Caused by: com.microstar.xml.XmlException: -- /home/travis/build/icyphy/ptII/ptolemy/actor/ptalon/demo/ptinyos/SenseToLeds/ptolemy/domains/ptinyos/lib/MicaLeds.xml (No such file or directory)
-- XML file not found relative to classpath.
-- /home/travis/build/icyphy/ptII/ptolemy/vergil/basic/export/test/ptolemy/domains/ptinyos/lib/MicaLeds.xml
/home/travis/build/icyphy/ptII/ptolemy/vergil/basic/export/test/ptolemy/domains/ptinyos/lib/MicaLeds.xml (No such file or directory)
 in file:/home/travis/build/icyphy/ptII/ptolemy/actor/ptalon/demo/ptinyos/SenseToLeds/MicaBoard.xml at line 134 and column 63
	at ptolemy.moml.MoMLParser.fileNameToURL(MoMLParser.java:1414)
	at ptolemy.moml.MoMLParser._findOrParse(MoMLParser.java:5283)
	at ptolemy.moml.MoMLParser._attemptToFindMoMLClass(MoMLParser.java:4075)
	at ptolemy.moml.MoMLParser._createEntity(MoMLParser.java:4323)
	... 78 more
Failed to read file:/home/travis/build/icyphy/ptII/ptolemy/actor/ptalon/demo/ptinyos/SenseToLeds/SenseToLeds.xml
ptolemy.kernel.util.IllegalActionException: Failed to process attribute change to PtalonParameter, whose value is "ptolemy.actor.ptalon.PtalonExpressionParameter {.SenseToLeds.SenseToLeds.n} 2".
  in .SenseToLeds.SenseToLeds
Because:
Unable to add actor null
	at ptolemy.actor.ptalon.PtalonActor.attributeChanged(PtalonActor.java:211)
	at ptolemy.actor.ptalon.PtalonMLHandler.startElement(PtalonMLHandler.java:134)
	at com.microstar.xml.XmlParser.parseElement(XmlParser.java:921)
	at com.microstar.xml.XmlParser.parseContent(XmlParser.java:1104)
	at com.microstar.xml.XmlParser.parseElement(XmlParser.java:924)
	at com.microstar.xml.XmlParser.parseDocument(XmlParser.java:481)
	at com.microstar.xml.XmlParser.doParse(XmlParser.java:159)
	at com.microstar.xml.XmlParser.parse(XmlParser.java:132)
	at ptolemy.actor.ptalon.PtalonActor.configure(PtalonActor.java:240)
	at ptolemy.moml.MoMLParser.endElement(MoMLParser.java:996)
	at com.microstar.xml.XmlParser.parseETag(XmlParser.java:1026)
	at com.microstar.xml.XmlParser.parseContent(XmlParser.java:1098)
	at com.microstar.xml.XmlParser.parseElement(XmlParser.java:924)
	at com.microstar.xml.XmlParser.parseContent(XmlParser.java:1104)
	at com.microstar.xml.XmlParser.parseElement(XmlParser.java:924)
	at com.microstar.xml.XmlParser.parseContent(XmlParser.java:1104)
	at com.microstar.xml.XmlParser.parseElement(XmlParser.java:924)
	at com.microstar.xml.XmlParser.parseDocument(XmlParser.java:481)
	at com.microstar.xml.XmlParser.doParse(XmlParser.java:159)
	at com.microstar.xml.XmlParser.parse(XmlParser.java:132)
	at ptolemy.moml.MoMLParser.parse(MoMLParser.java:1676)
	at ptolemy.moml.MoMLParser.parse(MoMLParser.java:1595)
	at ptolemy.moml.MoMLParser.parse(MoMLParser.java:1537)
	at ptolemy.actor.gui.PtolemyEffigy$Factory.createEffigy(PtolemyEffigy.java:424)
	at ptolemy.actor.gui.EffigyFactory.createEffigy(EffigyFactory.java:234)
	at ptolemy.actor.gui.Configuration.openModel(Configuration.java:1125)
	at ptolemy.actor.gui.Configuration.openModel(Configuration.java:1051)
	at ptolemy.actor.gui.ConfigurationApplication._openModel(ConfigurationApplication.java:1252)
	at ptolemy.actor.gui.ConfigurationApplication._parseArg(ConfigurationApplication.java:1399)
	at ptolemy.actor.gui.ConfigurationApplication._parseArgs(ConfigurationApplication.java:1478)
	at ptolemy.actor.gui.ConfigurationApplication.<init>(ConfigurationApplication.java:277)
	at ptolemy.actor.gui.ConfigurationApplication.<init>(ConfigurationApplication.java:214)
	at ptolemy.actor.gui.ConfigurationApplication.<init>(ConfigurationApplication.java:201)
	at ptolemy.actor.gui.ConfigurationApplication.openModelOrEntity(ConfigurationApplication.java:680)
	at ptolemy.vergil.basic.export.ExportModel$1.run(ExportModel.java:220)
	at java.awt.event.InvocationEvent.dispatch(InvocationEvent.java:301)
	at java.awt.EventQueue.dispatchEventImpl(EventQueue.java:756)
	at java.awt.EventQueue.access$500(EventQueue.java:97)
	at java.awt.EventQueue$3.run(EventQueue.java:709)
	at java.awt.EventQueue$3.run(EventQueue.java:703)
	at java.security.AccessController.doPrivileged(Native Method)
	at java.security.ProtectionDomain$JavaSecurityAccessImpl.doIntersectionPrivilege(ProtectionDomain.java:80)
	at java.awt.EventQueue.dispatchEvent(EventQueue.java:726)
	at java.awt.EventDispatchThread.pumpOneEventForFilters(EventDispatchThread.java:201)
	at java.awt.EventDispatchThread.pumpEventsForFilter(EventDispatchThread.java:116)
	at java.awt.EventDispatchThread.pumpEventsForHierarchy(EventDispatchThread.java:105)
	at java.awt.EventDispatchThread.pumpEvents(EventDispatchThread.java:101)
	at java.awt.EventDispatchThread.pumpEvents(EventDispatchThread.java:93)
	at java.awt.EventDispatchThread.run(EventDispatchThread.java:82)
Caused by: ptolemy.actor.ptalon.PtalonRuntimeException: Unable to add actor null
	at ptolemy.actor.ptalon.PtalonEvaluator.addActor(PtalonEvaluator.java:300)
	at ptolemy.actor.ptalon.PtalonPopulator.actor_declaration(PtalonPopulator.java:1574)
	at ptolemy.actor.ptalon.PtalonPopulator.atomic_statement(PtalonPopulator.java:1638)
	at ptolemy.actor.ptalon.PtalonPopulator.iterative_statement_evaluator(PtalonPopulator.java:2484)
	at ptolemy.actor.ptalon.AbstractPtalonEvaluator$IfTree.evaluateForScope(AbstractPtalonEvaluator.java:1307)
	at ptolemy.actor.ptalon.AbstractPtalonEvaluator.evaluateForScope(AbstractPtalonEvaluator.java:744)
	at ptolemy.actor.ptalon.PtalonPopulator.iterative_statement(PtalonPopulator.java:2363)
	at ptolemy.actor.ptalon.PtalonPopulator.actor_definition(PtalonPopulator.java:2809)
	at ptolemy.actor.ptalon.PtalonActor.attributeChanged(PtalonActor.java:206)
	... 48 more
Caused by: ptolemy.kernel.util.InternalErrorException: Element <entity name="node1" class="ptolemy.actor.ptalon.demo.ptinyos.SenseToLeds.MicaBoard"> caused an exception to be thrown.
  in .SenseToLeds.SenseToLeds
Because:
Cannot find class: ptolemy.actor.ptalon.demo.ptinyos.SenseToLeds.MicaBoard. In Ptolemy, classes are typically Java .class files. Entities like actors may instead be defined within a .xml file.  In any case, the class was not found. If the class uses a third party package, then the class would be present only if the third party package was found at compile time.  It may be necessary to upgrade Java or install the third party package, reconfigure and recompile.
Because:
Element <entity name="MicaLeds" class="ptolemy.domains.ptinyos.lib.MicaLeds"> caused an exception to be thrown.
  in .MicaBoard
Because:
Cannot find class: ptolemy.domains.ptinyos.lib.MicaLeds. In Ptolemy, classes are typically Java .class files. Entities like actors may instead be defined within a .xml file.  In any case, the class was not found. If the class uses a third party package, then the class would be present only if the third party package was found at compile time.  It may be necessary to upgrade Java or install the third party package, reconfigure and recompile.
Because:
-- /home/travis/build/icyphy/ptII/ptolemy/actor/ptalon/demo/ptinyos/SenseToLeds/ptolemy/domains/ptinyos/lib/MicaLeds.xml (No such file or directory)
-- XML file not found relative to classpath.
-- /home/travis/build/icyphy/ptII/ptolemy/vergil/basic/export/test/ptolemy/domains/ptinyos/lib/MicaLeds.xml
/home/travis/build/icyphy/ptII/ptolemy/vergil/basic/export/test/ptolemy/domains/ptinyos/lib/MicaLeds.xml (No such file or directory)
 in file:/home/travis/build/icyphy/ptII/ptolemy/actor/ptalon/demo/ptinyos/SenseToLeds/MicaBoard.xml at line 134 and column 63
	at ptolemy.moml.SimpleErrorHandler.handleError(SimpleErrorHandler.java:75)
	at ptolemy.moml.MoMLParser.startElement(MoMLParser.java:3805)
	at com.microstar.xml.XmlParser.parseElement(XmlParser.java:931)
	at com.microstar.xml.XmlParser.parseDocument(XmlParser.java:481)
	at com.microstar.xml.XmlParser.doParse(XmlParser.java:159)
	at com.microstar.xml.XmlParser.parse(XmlParser.java:132)
	at ptolemy.moml.MoMLParser.parse(MoMLParser.java:1660)
	at ptolemy.moml.MoMLParser.parse(MoMLParser.java:1617)
	at ptolemy.moml.MoMLParser.parse(MoMLParser.java:1792)
	at ptolemy.actor.ptalon.PtalonEvaluator.addActor(PtalonEvaluator.java:241)
	... 56 more
Caused by: ptolemy.kernel.util.IllegalActionException: Cannot find class: ptolemy.actor.ptalon.demo.ptinyos.SenseToLeds.MicaBoard. In Ptolemy, classes are typically Java .class files. Entities like actors may instead be defined within a .xml file.  In any case, the class was not found. If the class uses a third party package, then the class would be present only if the third party package was found at compile time.  It may be necessary to upgrade Java or install the third party package, reconfigure and recompile.
Because:
Element <entity name="MicaLeds" class="ptolemy.domains.ptinyos.lib.MicaLeds"> caused an exception to be thrown.
  in .MicaBoard
Because:
Cannot find class: ptolemy.domains.ptinyos.lib.MicaLeds. In Ptolemy, classes are typically Java .class files. Entities like actors may instead be defined within a .xml file.  In any case, the class was not found. If the class uses a third party package, then the class would be present only if the third party package was found at compile time.  It may be necessary to upgrade Java or install the third party package, reconfigure and recompile.
Because:
-- /home/travis/build/icyphy/ptII/ptolemy/actor/ptalon/demo/ptinyos/SenseToLeds/ptolemy/domains/ptinyos/lib/MicaLeds.xml (No such file or directory)
-- XML file not found relative to classpath.
-- /home/travis/build/icyphy/ptII/ptolemy/vergil/basic/export/test/ptolemy/domains/ptinyos/lib/MicaLeds.xml
/home/travis/build/icyphy/ptII/ptolemy/vergil/basic/export/test/ptolemy/domains/ptinyos/lib/MicaLeds.xml (No such file or directory)
 in file:/home/travis/build/icyphy/ptII/ptolemy/actor/ptalon/demo/ptinyos/SenseToLeds/MicaBoard.xml at line 134 and column 63
	at ptolemy.moml.MoMLParser._createEntity(MoMLParser.java:4330)
	at ptolemy.moml.MoMLParser.startElement(MoMLParser.java:2864)
	... 64 more
Caused by: ptolemy.kernel.util.InternalErrorException: Element <entity name="MicaLeds" class="ptolemy.domains.ptinyos.lib.MicaLeds"> caused an exception to be thrown.
  in .MicaBoard
Because:
Cannot find class: ptolemy.domains.ptinyos.lib.MicaLeds. In Ptolemy, classes are typically Java .class files. Entities like actors may instead be defined within a .xml file.  In any case, the class was not found. If the class uses a third party package, then the class would be present only if the third party package was found at compile time.  It may be necessary to upgrade Java or install the third party package, reconfigure and recompile.
Because:
-- /home/travis/build/icyphy/ptII/ptolemy/actor/ptalon/demo/ptinyos/SenseToLeds/ptolemy/domains/ptinyos/lib/MicaLeds.xml (No such file or directory)
-- XML file not found relative to classpath.
-- /home/travis/build/icyphy/ptII/ptolemy/vergil/basic/export/test/ptolemy/domains/ptinyos/lib/MicaLeds.xml
/home/travis/build/icyphy/ptII/ptolemy/vergil/basic/export/test/ptolemy/domains/ptinyos/lib/MicaLeds.xml (No such file or directory)
 in file:/home/travis/build/icyphy/ptII/ptolemy/actor/ptalon/demo/ptinyos/SenseToLeds/MicaBoard.xml at line 134 and column 63
	at ptolemy.moml.SimpleErrorHandler.handleError(SimpleErrorHandler.java:75)
	at ptolemy.moml.MoMLParser.startElement(MoMLParser.java:3805)
	at com.microstar.xml.XmlParser.parseElement(XmlParser.java:921)
	at com.microstar.xml.XmlParser.parseContent(XmlParser.java:1104)
	at com.microstar.xml.XmlParser.parseElement(XmlParser.java:924)
	at com.microstar.xml.XmlParser.parseDocument(XmlParser.java:481)
	at com.microstar.xml.XmlParser.doParse(XmlParser.java:159)
	at com.microstar.xml.XmlParser.parse(XmlParser.java:132)
	at ptolemy.moml.MoMLParser.parse(MoMLParser.java:1676)
	at ptolemy.moml.MoMLParser.parse(MoMLParser.java:1595)
	at ptolemy.moml.MoMLParser.parse(MoMLParser.java:1537)
	at ptolemy.moml.MoMLParser._findOrParse(MoMLParser.java:5286)
	at ptolemy.moml.MoMLParser._attemptToFindMoMLClass(MoMLParser.java:4075)
	at ptolemy.moml.MoMLParser._createEntity(MoMLParser.java:4323)
	... 65 more
Caused by: ptolemy.kernel.util.IllegalActionException: Cannot find class: ptolemy.domains.ptinyos.lib.MicaLeds. In Ptolemy, classes are typically Java .class files. Entities like actors may instead be defined within a .xml file.  In any case, the class was not found. If the class uses a third party package, then the class would be present only if the third party package was found at compile time.  It may be necessary to upgrade Java or install the third party package, reconfigure and recompile.
Because:
-- /home/travis/build/icyphy/ptII/ptolemy/actor/ptalon/demo/ptinyos/SenseToLeds/ptolemy/domains/ptinyos/lib/MicaLeds.xml (No such file or directory)
-- XML file not found relative to classpath.
-- /home/travis/build/icyphy/ptII/ptolemy/vergil/basic/export/test/ptolemy/domains/ptinyos/lib/MicaLeds.xml
/home/travis/build/icyphy/ptII/ptolemy/vergil/basic/export/test/ptolemy/domains/ptinyos/lib/MicaLeds.xml (No such file or directory)
 in file:/home/travis/build/icyphy/ptII/ptolemy/actor/ptalon/demo/ptinyos/SenseToLeds/MicaBoard.xml at line 134 and column 63
	at ptolemy.moml.MoMLParser._createEntity(MoMLParser.java:4330)
	at ptolemy.moml.MoMLParser.startElement(MoMLParser.java:2864)
	... 77 more
Caused by: com.microstar.xml.XmlException: -- /home/travis/build/icyphy/ptII/ptolemy/actor/ptalon/demo/ptinyos/SenseToLeds/ptolemy/domains/ptinyos/lib/MicaLeds.xml (No such file or directory)
-- XML file not found relative to classpath.
-- /home/travis/build/icyphy/ptII/ptolemy/vergil/basic/export/test/ptolemy/domains/ptinyos/lib/MicaLeds.xml
/home/travis/build/icyphy/ptII/ptolemy/vergil/basic/export/test/ptolemy/domains/ptinyos/lib/MicaLeds.xml (No such file or directory)
 in file:/home/travis/build/icyphy/ptII/ptolemy/actor/ptalon/demo/ptinyos/SenseToLeds/MicaBoard.xml at line 134 and column 63
	at ptolemy.moml.MoMLParser.fileNameToURL(MoMLParser.java:1414)
	at ptolemy.moml.MoMLParser._findOrParse(MoMLParser.java:5283)
	at ptolemy.moml.MoMLParser._attemptToFindMoMLClass(MoMLParser.java:4075)
	at ptolemy.moml.MoMLParser._createEntity(MoMLParser.java:4323)
	... 78 more
Caused by: ptolemy.actor.ptalon.PtalonRuntimeException: Unable to add actor null
	at ptolemy.actor.ptalon.PtalonEvaluator.addActor(PtalonEvaluator.java:300)
	at ptolemy.actor.ptalon.PtalonPopulator.actor_declaration(PtalonPopulator.java:1574)
	at ptolemy.actor.ptalon.PtalonPopulator.atomic_statement(PtalonPopulator.java:1638)
	at ptolemy.actor.ptalon.PtalonPopulator.iterative_statement_evaluator(PtalonPopulator.java:2484)
	at ptolemy.actor.ptalon.AbstractPtalonEvaluator$IfTree.evaluateForScope(AbstractPtalonEvaluator.java:1307)
	at ptolemy.actor.ptalon.AbstractPtalonEvaluator.evaluateForScope(AbstractPtalonEvaluator.java:744)
	at ptolemy.actor.ptalon.PtalonPopulator.iterative_statement(PtalonPopulator.java:2363)
	at ptolemy.actor.ptalon.PtalonPopulator.actor_definition(PtalonPopulator.java:2809)
	at ptolemy.actor.ptalon.PtalonActor.attributeChanged(PtalonActor.java:206)
	at ptolemy.actor.ptalon.PtalonMLHandler.startElement(PtalonMLHandler.java:134)
	at com.microstar.xml.XmlParser.parseElement(XmlParser.java:921)
	at com.microstar.xml.XmlParser.parseContent(XmlParser.java:1104)
	at com.microstar.xml.XmlParser.parseElement(XmlParser.java:924)
	at com.microstar.xml.XmlParser.parseDocument(XmlParser.java:481)
	at com.microstar.xml.XmlParser.doParse(XmlParser.java:159)
	at com.microstar.xml.XmlParser.parse(XmlParser.java:132)
	at ptolemy.actor.ptalon.PtalonActor.configure(PtalonActor.java:240)
	at ptolemy.moml.MoMLParser.endElement(MoMLParser.java:996)
	at com.microstar.xml.XmlParser.parseETag(XmlParser.java:1026)
	at com.microstar.xml.XmlParser.parseContent(XmlParser.java:1098)
	at com.microstar.xml.XmlParser.parseElement(XmlParser.java:924)
	at com.microstar.xml.XmlParser.parseContent(XmlParser.java:1104)
	at com.microstar.xml.XmlParser.parseElement(XmlParser.java:924)
	at com.microstar.xml.XmlParser.parseContent(XmlParser.java:1104)
	at com.microstar.xml.XmlParser.parseElement(XmlParser.java:924)
	at com.microstar.xml.XmlParser.parseDocument(XmlParser.java:481)
	at com.microstar.xml.XmlParser.doParse(XmlParser.java:159)
	at com.microstar.xml.XmlParser.parse(XmlParser.java:132)
	at ptolemy.moml.MoMLParser.parse(MoMLParser.java:1676)
	at ptolemy.moml.MoMLParser.parse(MoMLParser.java:1595)
	at ptolemy.moml.MoMLParser.parse(MoMLParser.java:1537)
	at ptolemy.actor.gui.PtolemyEffigy$Factory.createEffigy(PtolemyEffigy.java:424)
	at ptolemy.actor.gui.EffigyFactory.createEffigy(EffigyFactory.java:234)
	at ptolemy.actor.gui.Configuration.openModel(Configuration.java:1125)
	at ptolemy.actor.gui.Configuration.openModel(Configuration.java:1051)
	at ptolemy.actor.gui.ConfigurationApplication._openModel(ConfigurationApplication.java:1252)
	at ptolemy.actor.gui.ConfigurationApplication._parseArg(ConfigurationApplication.java:1399)
	at ptolemy.actor.gui.ConfigurationApplication._parseArgs(ConfigurationApplication.java:1478)
	at ptolemy.actor.gui.ConfigurationApplication.<init>(ConfigurationApplication.java:277)
	at ptolemy.actor.gui.ConfigurationApplication.<init>(ConfigurationApplication.java:214)
	at ptolemy.actor.gui.ConfigurationApplication.<init>(ConfigurationApplication.java:201)
	at ptolemy.actor.gui.ConfigurationApplication.openModelOrEntity(ConfigurationApplication.java:680)
	at ptolemy.vergil.basic.export.ExportModel$1.run(ExportModel.java:220)
	at java.awt.event.InvocationEvent.dispatch(InvocationEvent.java:301)
	at java.awt.EventQueue.dispatchEventImpl(EventQueue.java:756)
	at java.awt.EventQueue.access$500(EventQueue.java:97)
	at java.awt.EventQueue$3.run(EventQueue.java:709)
	at java.awt.EventQueue$3.run(EventQueue.java:703)
	at java.security.AccessController.doPrivileged(Native Method)
	at java.security.ProtectionDomain$JavaSecurityAccessImpl.doIntersectionPrivilege(ProtectionDomain.java:80)
	at java.awt.EventQueue.dispatchEvent(EventQueue.java:726)
	at java.awt.EventDispatchThread.pumpOneEventForFilters(EventDispatchThread.java:201)
	at java.awt.EventDispatchThread.pumpEventsForFilter(EventDispatchThread.java:116)
	at java.awt.EventDispatchThread.pumpEventsForHierarchy(EventDispatchThread.java:105)
	at java.awt.EventDispatchThread.pumpEvents(EventDispatchThread.java:101)
	at java.awt.EventDispatchThread.pumpEvents(EventDispatchThread.java:93)
	at java.awt.EventDispatchThread.run(EventDispatchThread.java:82)
Caused by: ptolemy.kernel.util.InternalErrorException: Element <entity name="node1" class="ptolemy.actor.ptalon.demo.ptinyos.SenseToLeds.MicaBoard"> caused an exception to be thrown.
  in .SenseToLeds.SenseToLeds
Because:
Cannot find class: ptolemy.actor.ptalon.demo.ptinyos.SenseToLeds.MicaBoard. In Ptolemy, classes are typically Java .class files. Entities like actors may instead be defined within a .xml file.  In any case, the class was not found. If the class uses a third party package, then the class would be present only if the third party package was found at compile time.  It may be necessary to upgrade Java or install the third party package, reconfigure and recompile.
Because:
Element <entity name="MicaLeds" class="ptolemy.domains.ptinyos.lib.MicaLeds"> caused an exception to be thrown.
  in .MicaBoard
Because:
Cannot find class: ptolemy.domains.ptinyos.lib.MicaLeds. In Ptolemy, classes are typically Java .class files. Entities like actors may instead be defined within a .xml file.  In any case, the class was not found. If the class uses a third party package, then the class would be present only if the third party package was found at compile time.  It may be necessary to upgrade Java or install the third party package, reconfigure and recompile.
Because:
-- /home/travis/build/icyphy/ptII/ptolemy/actor/ptalon/demo/ptinyos/SenseToLeds/ptolemy/domains/ptinyos/lib/MicaLeds.xml (No such file or directory)
-- XML file not found relative to classpath.
-- /home/travis/build/icyphy/ptII/ptolemy/vergil/basic/export/test/ptolemy/domains/ptinyos/lib/MicaLeds.xml
/home/travis/build/icyphy/ptII/ptolemy/vergil/basic/export/test/ptolemy/domains/ptinyos/lib/MicaLeds.xml (No such file or directory)
 in file:/home/travis/build/icyphy/ptII/ptolemy/actor/ptalon/demo/ptinyos/SenseToLeds/MicaBoard.xml at line 134 and column 63
	at ptolemy.moml.SimpleErrorHandler.handleError(SimpleErrorHandler.java:75)
	at ptolemy.moml.MoMLParser.startElement(MoMLParser.java:3805)
	at com.microstar.xml.XmlParser.parseElement(XmlParser.java:931)
	at com.microstar.xml.XmlParser.parseDocument(XmlParser.java:481)
	at com.microstar.xml.XmlParser.doParse(XmlParser.java:159)
	at com.microstar.xml.XmlParser.parse(XmlParser.java:132)
	at ptolemy.moml.MoMLParser.parse(MoMLParser.java:1660)
	at ptolemy.moml.MoMLParser.parse(MoMLParser.java:1617)
	at ptolemy.moml.MoMLParser.parse(MoMLParser.java:1792)
	at ptolemy.actor.ptalon.PtalonEvaluator.addActor(PtalonEvaluator.java:241)
	... 56 more
Caused by: ptolemy.kernel.util.IllegalActionException: Cannot find class: ptolemy.actor.ptalon.demo.ptinyos.SenseToLeds.MicaBoard. In Ptolemy, classes are typically Java .class files. Entities like actors may instead be defined within a .xml file.  In any case, the class was not found. If the class uses a third party package, then the class would be present only if the third party package was found at compile time.  It may be necessary to upgrade Java or install the third party package, reconfigure and recompile.
Because:
Element <entity name="MicaLeds" class="ptolemy.domains.ptinyos.lib.MicaLeds"> caused an exception to be thrown.
  in .MicaBoard
Because:
Cannot find class: ptolemy.domains.ptinyos.lib.MicaLeds. In Ptolemy, classes are typically Java .class files. Entities like actors may instead be defined within a .xml file.  In any case, the class was not found. If the class uses a third party package, then the class would be present only if the third party package was found at compile time.  It may be necessary to upgrade Java or install the third party package, reconfigure and recompile.
Because:
-- /home/travis/build/icyphy/ptII/ptolemy/actor/ptalon/demo/ptinyos/SenseToLeds/ptolemy/domains/ptinyos/lib/MicaLeds.xml (No such file or directory)
-- XML file not found relative to classpath.
-- /home/travis/build/icyphy/ptII/ptolemy/vergil/basic/export/test/ptolemy/domains/ptinyos/lib/MicaLeds.xml
/home/travis/build/icyphy/ptII/ptolemy/vergil/basic/export/test/ptolemy/domains/ptinyos/lib/MicaLeds.xml (No such file or directory)
 in file:/home/travis/build/icyphy/ptII/ptolemy/actor/ptalon/demo/ptinyos/SenseToLeds/MicaBoard.xml at line 134 and column 63
	at ptolemy.moml.MoMLParser._createEntity(MoMLParser.java:4330)
	at ptolemy.moml.MoMLParser.startElement(MoMLParser.java:2864)
	... 64 more
Caused by: ptolemy.kernel.util.InternalErrorException: Element <entity name="MicaLeds" class="ptolemy.domains.ptinyos.lib.MicaLeds"> caused an exception to be thrown.
  in .MicaBoard
Because:
Cannot find class: ptolemy.domains.ptinyos.lib.MicaLeds. In Ptolemy, classes are typically Java .class files. Entities like actors may instead be defined within a .xml file.  In any case, the class was not found. If the class uses a third party package, then the class would be present only if the third party package was found at compile time.  It may be necessary to upgrade Java or install the third party package, reconfigure and recompile.
Because:
-- /home/travis/build/icyphy/ptII/ptolemy/actor/ptalon/demo/ptinyos/SenseToLeds/ptolemy/domains/ptinyos/lib/MicaLeds.xml (No such file or directory)
-- XML file not found relative to classpath.
-- /home/travis/build/icyphy/ptII/ptolemy/vergil/basic/export/test/ptolemy/domains/ptinyos/lib/MicaLeds.xml
/home/travis/build/icyphy/ptII/ptolemy/vergil/basic/export/test/ptolemy/domains/ptinyos/lib/MicaLeds.xml (No such file or directory)
 in file:/home/travis/build/icyphy/ptII/ptolemy/actor/ptalon/demo/ptinyos/SenseToLeds/MicaBoard.xml at line 134 and column 63
	at ptolemy.moml.SimpleErrorHandler.handleError(SimpleErrorHandler.java:75)
	at ptolemy.moml.MoMLParser.startElement(MoMLParser.java:3805)
	at com.microstar.xml.XmlParser.parseElement(XmlParser.java:921)
	at com.microstar.xml.XmlParser.parseContent(XmlParser.java:1104)
	at com.microstar.xml.XmlParser.parseElement(XmlParser.java:924)
	at com.microstar.xml.XmlParser.parseDocument(XmlParser.java:481)
	at com.microstar.xml.XmlParser.doParse(XmlParser.java:159)
	at com.microstar.xml.XmlParser.parse(XmlParser.java:132)
	at ptolemy.moml.MoMLParser.parse(MoMLParser.java:1676)
	at ptolemy.moml.MoMLParser.parse(MoMLParser.java:1595)
	at ptolemy.moml.MoMLParser.parse(MoMLParser.java:1537)
	at ptolemy.moml.MoMLParser._findOrParse(MoMLParser.java:5286)
	at ptolemy.moml.MoMLParser._attemptToFindMoMLClass(MoMLParser.java:4075)
	at ptolemy.moml.MoMLParser._createEntity(MoMLParser.java:4323)
	... 65 more
Caused by: ptolemy.kernel.util.IllegalActionException: Cannot find class: ptolemy.domains.ptinyos.lib.MicaLeds. In Ptolemy, classes are typically Java .class files. Entities like actors may instead be defined within a .xml file.  In any case, the class was not found. If the class uses a third party package, then the class would be present only if the third party package was found at compile time.  It may be necessary to upgrade Java or install the third party package, reconfigure and recompile.
Because:
-- /home/travis/build/icyphy/ptII/ptolemy/actor/ptalon/demo/ptinyos/SenseToLeds/ptolemy/domains/ptinyos/lib/MicaLeds.xml (No such file or directory)
-- XML file not found relative to classpath.
-- /home/travis/build/icyphy/ptII/ptolemy/vergil/basic/export/test/ptolemy/domains/ptinyos/lib/MicaLeds.xml
/home/travis/build/icyphy/ptII/ptolemy/vergil/basic/export/test/ptolemy/domains/ptinyos/lib/MicaLeds.xml (No such file or directory)
 in file:/home/travis/build/icyphy/ptII/ptolemy/actor/ptalon/demo/ptinyos/SenseToLeds/MicaBoard.xml at line 134 and column 63
	at ptolemy.moml.MoMLParser._createEntity(MoMLParser.java:4330)
	at ptolemy.moml.MoMLParser.startElement(MoMLParser.java:2864)
	... 77 more
Caused by: com.microstar.xml.XmlException: -- /home/travis/build/icyphy/ptII/ptolemy/actor/ptalon/demo/ptinyos/SenseToLeds/ptolemy/domains/ptinyos/lib/MicaLeds.xml (No such file or directory)
-- XML file not found relative to classpath.
-- /home/travis/build/icyphy/ptII/ptolemy/vergil/basic/export/test/ptolemy/domains/ptinyos/lib/MicaLeds.xml
/home/travis/build/icyphy/ptII/ptolemy/vergil/basic/export/test/ptolemy/domains/ptinyos/lib/MicaLeds.xml (No such file or directory)
 in file:/home/travis/build/icyphy/ptII/ptolemy/actor/ptalon/demo/ptinyos/SenseToLeds/MicaBoard.xml at line 134 and column 63
	at ptolemy.moml.MoMLParser.fileNameToURL(MoMLParser.java:1414)
	at ptolemy.moml.MoMLParser._findOrParse(MoMLParser.java:5283)
	at ptolemy.moml.MoMLParser._attemptToFindMoMLClass(MoMLParser.java:4075)
	at ptolemy.moml.MoMLParser._createEntity(MoMLParser.java:4323)
	... 78 more
Failed to read file:/home/travis/build/icyphy/ptII/ptolemy/actor/ptalon/demo/ptinyos/SenseToLeds/SenseToLeds.xml
ptolemy.kernel.util.IllegalActionException: Failed to process attribute change to PtalonParameter, whose value is "ptolemy.actor.ptalon.PtalonExpressionParameter {.SenseToLeds.SenseToLeds.n} 2".
  in .SenseToLeds.SenseToLeds
Because:
Unable to add actor null
	at ptolemy.actor.ptalon.PtalonActor.attributeChanged(PtalonActor.java:211)
	at ptolemy.actor.ptalon.PtalonMLHandler.startElement(PtalonMLHandler.java:134)
	at com.microstar.xml.XmlParser.parseElement(XmlParser.java:921)
	at com.microstar.xml.XmlParser.parseContent(XmlParser.java:1104)
	at com.microstar.xml.XmlParser.parseElement(XmlParser.java:924)
	at com.microstar.xml.XmlParser.parseDocument(XmlParser.java:481)
	at com.microstar.xml.XmlParser.doParse(XmlParser.java:159)
	at com.microstar.xml.XmlParser.parse(XmlParser.java:132)
	at ptolemy.actor.ptalon.PtalonActor.configure(PtalonActor.java:240)
	at ptolemy.moml.MoMLParser.endElement(MoMLParser.java:996)
	at com.microstar.xml.XmlParser.parseETag(XmlParser.java:1026)
	at com.microstar.xml.XmlParser.parseContent(XmlParser.java:1098)
	at com.microstar.xml.XmlParser.parseElement(XmlParser.java:924)
	at com.microstar.xml.XmlParser.parseContent(XmlParser.java:1104)
	at com.microstar.xml.XmlParser.parseElement(XmlParser.java:924)
	at com.microstar.xml.XmlParser.parseContent(XmlParser.java:1104)
	at com.microstar.xml.XmlParser.parseElement(XmlParser.java:924)
	at com.microstar.xml.XmlParser.parseDocument(XmlParser.java:481)
	at com.microstar.xml.XmlParser.doParse(XmlParser.java:159)
	at com.microstar.xml.XmlParser.parse(XmlParser.java:132)
	at ptolemy.moml.MoMLParser.parse(MoMLParser.java:1676)
	at ptolemy.moml.MoMLParser.parse(MoMLParser.java:1595)
	at ptolemy.moml.MoMLParser.parse(MoMLParser.java:1537)
	at ptolemy.actor.gui.PtolemyEffigy$Factory.createEffigy(PtolemyEffigy.java:424)
	at ptolemy.actor.gui.EffigyFactory.createEffigy(EffigyFactory.java:234)
	at ptolemy.actor.gui.Configuration.openModel(Configuration.java:1125)
	at ptolemy.actor.gui.Configuration.openModel(Configuration.java:1051)
	at ptolemy.actor.gui.ConfigurationApplication._openModel(ConfigurationApplication.java:1252)
	at ptolemy.actor.gui.ConfigurationApplication._parseArg(ConfigurationApplication.java:1399)
	at ptolemy.actor.gui.ConfigurationApplication._parseArgs(ConfigurationApplication.java:1478)
	at ptolemy.actor.gui.ConfigurationApplication.<init>(ConfigurationApplication.java:277)
	at ptolemy.actor.gui.ConfigurationApplication.<init>(ConfigurationApplication.java:214)
	at ptolemy.actor.gui.ConfigurationApplication.<init>(ConfigurationApplication.java:201)
	at ptolemy.actor.gui.ConfigurationApplication.openModelOrEntity(ConfigurationApplication.java:680)
	at ptolemy.vergil.basic.export.ExportModel$1.run(ExportModel.java:220)
	at java.awt.event.InvocationEvent.dispatch(InvocationEvent.java:301)
	at java.awt.EventQueue.dispatchEventImpl(EventQueue.java:756)
	at java.awt.EventQueue.access$500(EventQueue.java:97)
	at java.awt.EventQueue$3.run(EventQueue.java:709)
	at java.awt.EventQueue$3.run(EventQueue.java:703)
	at java.security.AccessController.doPrivileged(Native Method)
	at java.security.ProtectionDomain$JavaSecurityAccessImpl.doIntersectionPrivilege(ProtectionDomain.java:80)
	at java.awt.EventQueue.dispatchEvent(EventQueue.java:726)
	at java.awt.EventDispatchThread.pumpOneEventForFilters(EventDispatchThread.java:201)
	at java.awt.EventDispatchThread.pumpEventsForFilter(EventDispatchThread.java:116)
	at java.awt.EventDispatchThread.pumpEventsForHierarchy(EventDispatchThread.java:105)
	at java.awt.EventDispatchThread.pumpEvents(EventDispatchThread.java:101)
	at java.awt.EventDispatchThread.pumpEvents(EventDispatchThread.java:93)
	at java.awt.EventDispatchThread.run(EventDispatchThread.java:82)
Caused by: ptolemy.actor.ptalon.PtalonRuntimeException: Unable to add actor null
	at ptolemy.actor.ptalon.PtalonEvaluator.addActor(PtalonEvaluator.java:300)
	at ptolemy.actor.ptalon.PtalonPopulator.actor_declaration(PtalonPopulator.java:1574)
	at ptolemy.actor.ptalon.PtalonPopulator.atomic_statement(PtalonPopulator.java:1638)
	at ptolemy.actor.ptalon.PtalonPopulator.iterative_statement_evaluator(PtalonPopulator.java:2484)
	at ptolemy.actor.ptalon.AbstractPtalonEvaluator$IfTree.evaluateForScope(AbstractPtalonEvaluator.java:1307)
	at ptolemy.actor.ptalon.AbstractPtalonEvaluator.evaluateForScope(AbstractPtalonEvaluator.java:744)
	at ptolemy.actor.ptalon.PtalonPopulator.iterative_statement(PtalonPopulator.java:2363)
	at ptolemy.actor.ptalon.PtalonPopulator.actor_definition(PtalonPopulator.java:2809)
	at ptolemy.actor.ptalon.PtalonActor.attributeChanged(PtalonActor.java:206)
	... 48 more
Caused by: ptolemy.kernel.util.InternalErrorException: Element <entity name="node1" class="ptolemy.actor.ptalon.demo.ptinyos.SenseToLeds.MicaBoard"> caused an exception to be thrown.
  in .SenseToLeds.SenseToLeds
Because:
Cannot find class: ptolemy.actor.ptalon.demo.ptinyos.SenseToLeds.MicaBoard. In Ptolemy, classes are typically Java .class files. Entities like actors may instead be defined within a .xml file.  In any case, the class was not found. If the class uses a third party package, then the class would be present only if the third party package was found at compile time.  It may be necessary to upgrade Java or install the third party package, reconfigure and recompile.
Because:
Element <entity name="MicaLeds" class="ptolemy.domains.ptinyos.lib.MicaLeds"> caused an exception to be thrown.
  in .MicaBoard
Because:
Cannot find class: ptolemy.domains.ptinyos.lib.MicaLeds. In Ptolemy, classes are typically Java .class files. Entities like actors may instead be defined within a .xml file.  In any case, the class was not found. If the class uses a third party package, then the class would be present only if the third party package was found at compile time.  It may be necessary to upgrade Java or install the third party package, reconfigure and recompile.
Because:
-- /home/travis/build/icyphy/ptII/ptolemy/actor/ptalon/demo/ptinyos/SenseToLeds/ptolemy/domains/ptinyos/lib/MicaLeds.xml (No such file or directory)
-- XML file not found relative to classpath.
-- /home/travis/build/icyphy/ptII/ptolemy/vergil/basic/export/test/ptolemy/domains/ptinyos/lib/MicaLeds.xml
/home/travis/build/icyphy/ptII/ptolemy/vergil/basic/export/test/ptolemy/domains/ptinyos/lib/MicaLeds.xml (No such file or directory)
 in file:/home/travis/build/icyphy/ptII/ptolemy/actor/ptalon/demo/ptinyos/SenseToLeds/MicaBoard.xml at line 134 and column 63
	at ptolemy.moml.SimpleErrorHandler.handleError(SimpleErrorHandler.java:75)
	at ptolemy.moml.MoMLParser.startElement(MoMLParser.java:3805)
	at com.microstar.xml.XmlParser.parseElement(XmlParser.java:931)
	at com.microstar.xml.XmlParser.parseDocument(XmlParser.java:481)
	at com.microstar.xml.XmlParser.doParse(XmlParser.java:159)
	at com.microstar.xml.XmlParser.parse(XmlParser.java:132)
	at ptolemy.moml.MoMLParser.parse(MoMLParser.java:1660)
	at ptolemy.moml.MoMLParser.parse(MoMLParser.java:1617)
	at ptolemy.moml.MoMLParser.parse(MoMLParser.java:1792)
	at ptolemy.actor.ptalon.PtalonEvaluator.addActor(PtalonEvaluator.java:241)
	... 56 more
Caused by: ptolemy.kernel.util.IllegalActionException: Cannot find class: ptolemy.actor.ptalon.demo.ptinyos.SenseToLeds.MicaBoard. In Ptolemy, classes are typically Java .class files. Entities like actors may instead be defined within a .xml file.  In any case, the class was not found. If the class uses a third party package, then the class would be present only if the third party package was found at compile time.  It may be necessary to upgrade Java or install the third party package, reconfigure and recompile.
Because:
Element <entity name="MicaLeds" class="ptolemy.domains.ptinyos.lib.MicaLeds"> caused an exception to be thrown.
  in .MicaBoard
Because:
Cannot find class: ptolemy.domains.ptinyos.lib.MicaLeds. In Ptolemy, classes are typically Java .class files. Entities like actors may instead be defined within a .xml file.  In any case, the class was not found. If the class uses a third party package, then the class would be present only if the third party package was found at compile time.  It may be necessary to upgrade Java or install the third party package, reconfigure and recompile.
Because:
-- /home/travis/build/icyphy/ptII/ptolemy/actor/ptalon/demo/ptinyos/SenseToLeds/ptolemy/domains/ptinyos/lib/MicaLeds.xml (No such file or directory)
-- XML file not found relative to classpath.
-- /home/travis/build/icyphy/ptII/ptolemy/vergil/basic/export/test/ptolemy/domains/ptinyos/lib/MicaLeds.xml
/home/travis/build/icyphy/ptII/ptolemy/vergil/basic/export/test/ptolemy/domains/ptinyos/lib/MicaLeds.xml (No such file or directory)
 in file:/home/travis/build/icyphy/ptII/ptolemy/actor/ptalon/demo/ptinyos/SenseToLeds/MicaBoard.xml at line 134 and column 63
	at ptolemy.moml.MoMLParser._createEntity(MoMLParser.java:4330)
	at ptolemy.moml.MoMLParser.startElement(MoMLParser.java:2864)
	... 64 more
Caused by: ptolemy.kernel.util.InternalErrorException: Element <entity name="MicaLeds" class="ptolemy.domains.ptinyos.lib.MicaLeds"> caused an exception to be thrown.
  in .MicaBoard
Because:
Cannot find class: ptolemy.domains.ptinyos.lib.MicaLeds. In Ptolemy, classes are typically Java .class files. Entities like actors may instead be defined within a .xml file.  In any case, the class was not found. If the class uses a third party package, then the class would be present only if the third party package was found at compile time.  It may be necessary to upgrade Java or install the third party package, reconfigure and recompile.
Because:
-- /home/travis/build/icyphy/ptII/ptolemy/actor/ptalon/demo/ptinyos/SenseToLeds/ptolemy/domains/ptinyos/lib/MicaLeds.xml (No such file or directory)
-- XML file not found relative to classpath.
-- /home/travis/build/icyphy/ptII/ptolemy/vergil/basic/export/test/ptolemy/domains/ptinyos/lib/MicaLeds.xml
/home/travis/build/icyphy/ptII/ptolemy/vergil/basic/export/test/ptolemy/domains/ptinyos/lib/MicaLeds.xml (No such file or directory)
 in file:/home/travis/build/icyphy/ptII/ptolemy/actor/ptalon/demo/ptinyos/SenseToLeds/MicaBoard.xml at line 134 and column 63
	at ptolemy.moml.SimpleErrorHandler.handleError(SimpleErrorHandler.java:75)
	at ptolemy.moml.MoMLParser.startElement(MoMLParser.java:3805)
	at com.microstar.xml.XmlParser.parseElement(XmlParser.java:921)
	at com.microstar.xml.XmlParser.parseContent(XmlParser.java:1104)
	at com.microstar.xml.XmlParser.parseElement(XmlParser.java:924)
	at com.microstar.xml.XmlParser.parseDocument(XmlParser.java:481)
	at com.microstar.xml.XmlParser.doParse(XmlParser.java:159)
	at com.microstar.xml.XmlParser.parse(XmlParser.java:132)
	at ptolemy.moml.MoMLParser.parse(MoMLParser.java:1676)
	at ptolemy.moml.MoMLParser.parse(MoMLParser.java:1595)
	at ptolemy.moml.MoMLParser.parse(MoMLParser.java:1537)
	at ptolemy.moml.MoMLParser._findOrParse(MoMLParser.java:5286)
	at ptolemy.moml.MoMLParser._attemptToFindMoMLClass(MoMLParser.java:4075)
	at ptolemy.moml.MoMLParser._createEntity(MoMLParser.java:4323)
	... 65 more
Caused by: ptolemy.kernel.util.IllegalActionException: Cannot find class: ptolemy.domains.ptinyos.lib.MicaLeds. In Ptolemy, classes are typically Java .class files. Entities like actors may instead be defined within a .xml file.  In any case, the class was not found. If the class uses a third party package, then the class would be present only if the third party package was found at compile time.  It may be necessary to upgrade Java or install the third party package, reconfigure and recompile.
Because:
-- /home/travis/build/icyphy/ptII/ptolemy/actor/ptalon/demo/ptinyos/SenseToLeds/ptolemy/domains/ptinyos/lib/MicaLeds.xml (No such file or directory)
-- XML file not found relative to classpath.
-- /home/travis/build/icyphy/ptII/ptolemy/vergil/basic/export/test/ptolemy/domains/ptinyos/lib/MicaLeds.xml
/home/travis/build/icyphy/ptII/ptolemy/vergil/basic/export/test/ptolemy/domains/ptinyos/lib/MicaLeds.xml (No such file or directory)
 in file:/home/travis/build/icyphy/ptII/ptolemy/actor/ptalon/demo/ptinyos/SenseToLeds/MicaBoard.xml at line 134 and column 63
	at ptolemy.moml.MoMLParser._createEntity(MoMLParser.java:4330)
	at ptolemy.moml.MoMLParser.startElement(MoMLParser.java:2864)
	... 77 more
Caused by: com.microstar.xml.XmlException: -- /home/travis/build/icyphy/ptII/ptolemy/actor/ptalon/demo/ptinyos/SenseToLeds/ptolemy/domains/ptinyos/lib/MicaLeds.xml (No such file or directory)
-- XML file not found relative to classpath.
-- /home/travis/build/icyphy/ptII/ptolemy/vergil/basic/export/test/ptolemy/domains/ptinyos/lib/MicaLeds.xml
/home/travis/build/icyphy/ptII/ptolemy/vergil/basic/export/test/ptolemy/domains/ptinyos/lib/MicaLeds.xml (No such file or directory)
 in file:/home/travis/build/icyphy/ptII/ptolemy/actor/ptalon/demo/ptinyos/SenseToLeds/MicaBoard.xml at line 134 and column 63
	at ptolemy.moml.MoMLParser.fileNameToURL(MoMLParser.java:1414)
	at ptolemy.moml.MoMLParser._findOrParse(MoMLParser.java:5283)
	at ptolemy.moml.MoMLParser._attemptToFindMoMLClass(MoMLParser.java:4075)
	at ptolemy.moml.MoMLParser._createEntity(MoMLParser.java:4323)
	... 78 more
Caused by: ptolemy.actor.ptalon.PtalonRuntimeException: Unable to add actor null
	at ptolemy.actor.ptalon.PtalonEvaluator.addActor(PtalonEvaluator.java:300)
	at ptolemy.actor.ptalon.PtalonPopulator.actor_declaration(PtalonPopulator.java:1574)
	at ptolemy.actor.ptalon.PtalonPopulator.atomic_statement(PtalonPopulator.java:1638)
	at ptolemy.actor.ptalon.PtalonPopulator.iterative_statement_evaluator(PtalonPopulator.java:2484)
	at ptolemy.actor.ptalon.AbstractPtalonEvaluator$IfTree.evaluateForScope(AbstractPtalonEvaluator.java:1307)
	at ptolemy.actor.ptalon.AbstractPtalonEvaluator.evaluateForScope(AbstractPtalonEvaluator.java:744)
	at ptolemy.actor.ptalon.PtalonPopulator.iterative_statement(PtalonPopulator.java:2363)
	at ptolemy.actor.ptalon.PtalonPopulator.actor_definition(PtalonPopulator.java:2809)
	at ptolemy.actor.ptalon.PtalonActor.attributeChanged(PtalonActor.java:206)
	at ptolemy.actor.ptalon.PtalonMLHandler.startElement(PtalonMLHandler.java:134)
	at com.microstar.xml.XmlParser.parseElement(XmlParser.java:921)
	at com.microstar.xml.XmlParser.parseContent(XmlParser.java:1104)
	at com.microstar.xml.XmlParser.parseElement(XmlParser.java:924)
	at com.microstar.xml.XmlParser.parseDocument(XmlParser.java:481)
	at com.microstar.xml.XmlParser.doParse(XmlParser.java:159)
	at com.microstar.xml.XmlParser.parse(XmlParser.java:132)
	at ptolemy.actor.ptalon.PtalonActor.configure(PtalonActor.java:240)
	at ptolemy.moml.MoMLParser.endElement(MoMLParser.java:996)
	at com.microstar.xml.XmlParser.parseETag(XmlParser.java:1026)
	at com.microstar.xml.XmlParser.parseContent(XmlParser.java:1098)
	at com.microstar.xml.XmlParser.parseElement(XmlParser.java:924)
	at com.microstar.xml.XmlParser.parseContent(XmlParser.java:1104)
	at com.microstar.xml.XmlParser.parseElement(XmlParser.java:924)
	at com.microstar.xml.XmlParser.parseContent(XmlParser.java:1104)
	at com.microstar.xml.XmlParser.parseElement(XmlParser.java:924)
	at com.microstar.xml.XmlParser.parseDocument(XmlParser.java:481)
	at com.microstar.xml.XmlParser.doParse(XmlParser.java:159)
	at com.microstar.xml.XmlParser.parse(XmlParser.java:132)
	at ptolemy.moml.MoMLParser.parse(MoMLParser.java:1676)
	at ptolemy.moml.MoMLParser.parse(MoMLParser.java:1595)
	at ptolemy.moml.MoMLParser.parse(MoMLParser.java:1537)
	at ptolemy.actor.gui.PtolemyEffigy$Factory.createEffigy(PtolemyEffigy.java:424)
	at ptolemy.actor.gui.EffigyFactory.createEffigy(EffigyFactory.java:234)
	at ptolemy.actor.gui.Configuration.openModel(Configuration.java:1125)
	at ptolemy.actor.gui.Configuration.openModel(Configuration.java:1051)
	at ptolemy.actor.gui.ConfigurationApplication._openModel(ConfigurationApplication.java:1252)
	at ptolemy.actor.gui.ConfigurationApplication._parseArg(ConfigurationApplication.java:1399)
	at ptolemy.actor.gui.ConfigurationApplication._parseArgs(ConfigurationApplication.java:1478)
	at ptolemy.actor.gui.ConfigurationApplication.<init>(ConfigurationApplication.java:277)
	at ptolemy.actor.gui.ConfigurationApplication.<init>(ConfigurationApplication.java:214)
	at ptolemy.actor.gui.ConfigurationApplication.<init>(ConfigurationApplication.java:201)
	at ptolemy.actor.gui.ConfigurationApplication.openModelOrEntity(ConfigurationApplication.java:680)
	at ptolemy.vergil.basic.export.ExportModel$1.run(ExportModel.java:220)
	at java.awt.event.InvocationEvent.dispatch(InvocationEvent.java:301)
	at java.awt.EventQueue.dispatchEventImpl(EventQueue.java:756)
	at java.awt.EventQueue.access$500(EventQueue.java:97)
	at java.awt.EventQueue$3.run(EventQueue.java:709)
	at java.awt.EventQueue$3.run(EventQueue.java:703)
	at java.security.AccessController.doPrivileged(Native Method)
	at java.security.ProtectionDomain$JavaSecurityAccessImpl.doIntersectionPrivilege(ProtectionDomain.java:80)
	at java.awt.EventQueue.dispatchEvent(EventQueue.java:726)
	at java.awt.EventDispatchThread.pumpOneEventForFilters(EventDispatchThread.java:201)
	at java.awt.EventDispatchThread.pumpEventsForFilter(EventDispatchThread.java:116)
	at java.awt.EventDispatchThread.pumpEventsForHierarchy(EventDispatchThread.java:105)
	at java.awt.EventDispatchThread.pumpEvents(EventDispatchThread.java:101)
	at java.awt.EventDispatchThread.pumpEvents(EventDispatchThread.java:93)
	at java.awt.EventDispatchThread.run(EventDispatchThread.java:82)
Caused by: ptolemy.kernel.util.InternalErrorException: Element <entity name="node1" class="ptolemy.actor.ptalon.demo.ptinyos.SenseToLeds.MicaBoard"> caused an exception to be thrown.
  in .SenseToLeds.SenseToLeds
Because:
Cannot find class: ptolemy.actor.ptalon.demo.ptinyos.SenseToLeds.MicaBoard. In Ptolemy, classes are typically Java .class files. Entities like actors may instead be defined within a .xml file.  In any case, the class was not found. If the class uses a third party package, then the class would be present only if the third party package was found at compile time.  It may be necessary to upgrade Java or install the third party package, reconfigure and recompile.
Because:
Element <entity name="MicaLeds" class="ptolemy.domains.ptinyos.lib.MicaLeds"> caused an exception to be thrown.
  in .MicaBoard
Because:
Cannot find class: ptolemy.domains.ptinyos.lib.MicaLeds. In Ptolemy, classes are typically Java .class files. Entities like actors may instead be defined within a .xml file.  In any case, the class was not found. If the class uses a third party package, then the class would be present only if the third party package was found at compile time.  It may be necessary to upgrade Java or install the third party package, reconfigure and recompile.
Because:
-- /home/travis/build/icyphy/ptII/ptolemy/actor/ptalon/demo/ptinyos/SenseToLeds/ptolemy/domains/ptinyos/lib/MicaLeds.xml (No such file or directory)
-- XML file not found relative to classpath.
-- /home/travis/build/icyphy/ptII/ptolemy/vergil/basic/export/test/ptolemy/domains/ptinyos/lib/MicaLeds.xml
/home/travis/build/icyphy/ptII/ptolemy/vergil/basic/export/test/ptolemy/domains/ptinyos/lib/MicaLeds.xml (No such file or directory)
 in file:/home/travis/build/icyphy/ptII/ptolemy/actor/ptalon/demo/ptinyos/SenseToLeds/MicaBoard.xml at line 134 and column 63
	at ptolemy.moml.SimpleErrorHandler.handleError(SimpleErrorHandler.java:75)
	at ptolemy.moml.MoMLParser.startElement(MoMLParser.java:3805)
	at com.microstar.xml.XmlParser.parseElement(XmlParser.java:931)
	at com.microstar.xml.XmlParser.parseDocument(XmlParser.java:481)
	at com.microstar.xml.XmlParser.doParse(XmlParser.java:159)
	at com.microstar.xml.XmlParser.parse(XmlParser.java:132)
	at ptolemy.moml.MoMLParser.parse(MoMLParser.java:1660)
	at ptolemy.moml.MoMLParser.parse(MoMLParser.java:1617)
	at ptolemy.moml.MoMLParser.parse(MoMLParser.java:1792)
	at ptolemy.actor.ptalon.PtalonEvaluator.addActor(PtalonEvaluator.java:241)
	... 56 more
Caused by: ptolemy.kernel.util.IllegalActionException: Cannot find class: ptolemy.actor.ptalon.demo.ptinyos.SenseToLeds.MicaBoard. In Ptolemy, classes are typically Java .class files. Entities like actors may instead be defined within a .xml file.  In any case, the class was not found. If the class uses a third party package, then the class would be present only if the third party package was found at compile time.  It may be necessary to upgrade Java or install the third party package, reconfigure and recompile.
Because:
Element <entity name="MicaLeds" class="ptolemy.domains.ptinyos.lib.MicaLeds"> caused an exception to be thrown.
  in .MicaBoard
Because:
Cannot find class: ptolemy.domains.ptinyos.lib.MicaLeds. In Ptolemy, classes are typically Java .class files. Entities like actors may instead be defined within a .xml file.  In any case, the class was not found. If the class uses a third party package, then the class would be present only if the third party package was found at compile time.  It may be necessary to upgrade Java or install the third party package, reconfigure and recompile.
Because:
-- /home/travis/build/icyphy/ptII/ptolemy/actor/ptalon/demo/ptinyos/SenseToLeds/ptolemy/domains/ptinyos/lib/MicaLeds.xml (No such file or directory)
-- XML file not found relative to classpath.
-- /home/travis/build/icyphy/ptII/ptolemy/vergil/basic/export/test/ptolemy/domains/ptinyos/lib/MicaLeds.xml
/home/travis/build/icyphy/ptII/ptolemy/vergil/basic/export/test/ptolemy/domains/ptinyos/lib/MicaLeds.xml (No such file or directory)
 in file:/home/travis/build/icyphy/ptII/ptolemy/actor/ptalon/demo/ptinyos/SenseToLeds/MicaBoard.xml at line 134 and column 63
	at ptolemy.moml.MoMLParser._createEntity(MoMLParser.java:4330)
	at ptolemy.moml.MoMLParser.startElement(MoMLParser.java:2864)
	... 64 more
Caused by: ptolemy.kernel.util.InternalErrorException: Element <entity name="MicaLeds" class="ptolemy.domains.ptinyos.lib.MicaLeds"> caused an exception to be thrown.
  in .MicaBoard
Because:
Cannot find class: ptolemy.domains.ptinyos.lib.MicaLeds. In Ptolemy, classes are typically Java .class files. Entities like actors may instead be defined within a .xml file.  In any case, the class was not found. If the class uses a third party package, then the class would be present only if the third party package was found at compile time.  It may be necessary to upgrade Java or install the third party package, reconfigure and recompile.
Because:
-- /home/travis/build/icyphy/ptII/ptolemy/actor/ptalon/demo/ptinyos/SenseToLeds/ptolemy/domains/ptinyos/lib/MicaLeds.xml (No such file or directory)
-- XML file not found relative to classpath.
-- /home/travis/build/icyphy/ptII/ptolemy/vergil/basic/export/test/ptolemy/domains/ptinyos/lib/MicaLeds.xml
/home/travis/build/icyphy/ptII/ptolemy/vergil/basic/export/test/ptolemy/domains/ptinyos/lib/MicaLeds.xml (No such file or directory)
 in file:/home/travis/build/icyphy/ptII/ptolemy/actor/ptalon/demo/ptinyos/SenseToLeds/MicaBoard.xml at line 134 and column 63
	at ptolemy.moml.SimpleErrorHandler.handleError(SimpleErrorHandler.java:75)
	at ptolemy.moml.MoMLParser.startElement(MoMLParser.java:3805)
	at com.microstar.xml.XmlParser.parseElement(XmlParser.java:921)
	at com.microstar.xml.XmlParser.parseContent(XmlParser.java:1104)
	at com.microstar.xml.XmlParser.parseElement(XmlParser.java:924)
	at com.microstar.xml.XmlParser.parseDocument(XmlParser.java:481)
	at com.microstar.xml.XmlParser.doParse(XmlParser.java:159)
	at com.microstar.xml.XmlParser.parse(XmlParser.java:132)
	at ptolemy.moml.MoMLParser.parse(MoMLParser.java:1676)
	at ptolemy.moml.MoMLParser.parse(MoMLParser.java:1595)
	at ptolemy.moml.MoMLParser.parse(MoMLParser.java:1537)
	at ptolemy.moml.MoMLParser._findOrParse(MoMLParser.java:5286)
	at ptolemy.moml.MoMLParser._attemptToFindMoMLClass(MoMLParser.java:4075)
	at ptolemy.moml.MoMLParser._createEntity(MoMLParser.java:4323)
	... 65 more
Caused by: ptolemy.kernel.util.IllegalActionException: Cannot find class: ptolemy.domains.ptinyos.lib.MicaLeds. In Ptolemy, classes are typically Java .class files. Entities like actors may instead be defined within a .xml file.  In any case, the class was not found. If the class uses a third party package, then the class would be present only if the third party package was found at compile time.  It may be necessary to upgrade Java or install the third party package, reconfigure and recompile.
Because:
-- /home/travis/build/icyphy/ptII/ptolemy/actor/ptalon/demo/ptinyos/SenseToLeds/ptolemy/domains/ptinyos/lib/MicaLeds.xml (No such file or directory)
-- XML file not found relative to classpath.
-- /home/travis/build/icyphy/ptII/ptolemy/vergil/basic/export/test/ptolemy/domains/ptinyos/lib/MicaLeds.xml
/home/travis/build/icyphy/ptII/ptolemy/vergil/basic/export/test/ptolemy/domains/ptinyos/lib/MicaLeds.xml (No such file or directory)
 in file:/home/travis/build/icyphy/ptII/ptolemy/actor/ptalon/demo/ptinyos/SenseToLeds/MicaBoard.xml at line 134 and column 63
	at ptolemy.moml.MoMLParser._createEntity(MoMLParser.java:4330)
	at ptolemy.moml.MoMLParser.startElement(MoMLParser.java:2864)
	... 77 more
Caused by: com.microstar.xml.XmlException: -- /home/travis/build/icyphy/ptII/ptolemy/actor/ptalon/demo/ptinyos/SenseToLeds/ptolemy/domains/ptinyos/lib/MicaLeds.xml (No such file or directory)
-- XML file not found relative to classpath.
-- /home/travis/build/icyphy/ptII/ptolemy/vergil/basic/export/test/ptolemy/domains/ptinyos/lib/MicaLeds.xml
/home/travis/build/icyphy/ptII/ptolemy/vergil/basic/export/test/ptolemy/domains/ptinyos/lib/MicaLeds.xml (No such file or directory)
 in file:/home/travis/build/icyphy/ptII/ptolemy/actor/ptalon/demo/ptinyos/SenseToLeds/MicaBoard.xml at line 134 and column 63
	at ptolemy.moml.MoMLParser.fileNameToURL(MoMLParser.java:1414)
	at ptolemy.moml.MoMLParser._findOrParse(MoMLParser.java:5283)
	at ptolemy.moml.MoMLParser._attemptToFindMoMLClass(MoMLParser.java:4075)
	at ptolemy.moml.MoMLParser._createEntity(MoMLParser.java:4323)
	... 78 more
ptolemy.kernel.util.IllegalActionException: Failed to process attribute change to PtalonParameter, whose value is "ptolemy.actor.ptalon.PtalonExpressionParameter {.SenseToLeds.SenseToLeds.n} 2".
  in .SenseToLeds.SenseToLeds
Because:
Unable to add actor null
	at ptolemy.actor.ptalon.PtalonActor.attributeChanged(PtalonActor.java:211)
	at ptolemy.actor.ptalon.PtalonMLHandler.startElement(PtalonMLHandler.java:134)
	at com.microstar.xml.XmlParser.parseElement(XmlParser.java:921)
	at com.microstar.xml.XmlParser.parseContent(XmlParser.java:1104)
	at com.microstar.xml.XmlParser.parseElement(XmlParser.java:924)
	at com.microstar.xml.XmlParser.parseDocument(XmlParser.java:481)
	at com.microstar.xml.XmlParser.doParse(XmlParser.java:159)
	at com.microstar.xml.XmlParser.parse(XmlParser.java:132)
	at ptolemy.actor.ptalon.PtalonActor.configure(PtalonActor.java:240)
	at ptolemy.moml.MoMLParser.endElement(MoMLParser.java:996)
	at com.microstar.xml.XmlParser.parseETag(XmlParser.java:1026)
	at com.microstar.xml.XmlParser.parseContent(XmlParser.java:1098)
	at com.microstar.xml.XmlParser.parseElement(XmlParser.java:924)
	at com.microstar.xml.XmlParser.parseContent(XmlParser.java:1104)
	at com.microstar.xml.XmlParser.parseElement(XmlParser.java:924)
	at com.microstar.xml.XmlParser.parseContent(XmlParser.java:1104)
	at com.microstar.xml.XmlParser.parseElement(XmlParser.java:924)
	at com.microstar.xml.XmlParser.parseDocument(XmlParser.java:481)
	at com.microstar.xml.XmlParser.doParse(XmlParser.java:159)
	at com.microstar.xml.XmlParser.parse(XmlParser.java:132)
	at ptolemy.moml.MoMLParser.parse(MoMLParser.java:1676)
	at ptolemy.moml.MoMLParser.parse(MoMLParser.java:1595)
	at ptolemy.moml.MoMLParser.parse(MoMLParser.java:1537)
	at ptolemy.actor.gui.PtolemyEffigy$Factory.createEffigy(PtolemyEffigy.java:424)
	at ptolemy.actor.gui.EffigyFactory.createEffigy(EffigyFactory.java:234)
	at ptolemy.actor.gui.Configuration.openModel(Configuration.java:1125)
	at ptolemy.actor.gui.Configuration.openModel(Configuration.java:1051)
	at ptolemy.actor.gui.ConfigurationApplication._openModel(ConfigurationApplication.java:1252)
	at ptolemy.actor.gui.ConfigurationApplication._parseArg(ConfigurationApplication.java:1399)
	at ptolemy.actor.gui.ConfigurationApplication._parseArgs(ConfigurationApplication.java:1478)
	at ptolemy.actor.gui.ConfigurationApplication.<init>(ConfigurationApplication.java:277)
	at ptolemy.actor.gui.ConfigurationApplication.<init>(ConfigurationApplication.java:214)
	at ptolemy.actor.gui.ConfigurationApplication.<init>(ConfigurationApplication.java:201)
	at ptolemy.actor.gui.ConfigurationApplication.openModelOrEntity(ConfigurationApplication.java:680)
	at ptolemy.vergil.basic.export.ExportModel$1.run(ExportModel.java:220)
	at java.awt.event.InvocationEvent.dispatch(InvocationEvent.java:301)
	at java.awt.EventQueue.dispatchEventImpl(EventQueue.java:756)
	at java.awt.EventQueue.access$500(EventQueue.java:97)
	at java.awt.EventQueue$3.run(EventQueue.java:709)
	at java.awt.EventQueue$3.run(EventQueue.java:703)
	at java.security.AccessController.doPrivileged(Native Method)
	at java.security.ProtectionDomain$JavaSecurityAccessImpl.doIntersectionPrivilege(ProtectionDomain.java:80)
	at java.awt.EventQueue.dispatchEvent(EventQueue.java:726)
	at java.awt.EventDispatchThread.pumpOneEventForFilters(EventDispatchThread.java:201)
	at java.awt.EventDispatchThread.pumpEventsForFilter(EventDispatchThread.java:116)
	at java.awt.EventDispatchThread.pumpEventsForHierarchy(EventDispatchThread.java:105)
	at java.awt.EventDispatchThread.pumpEvents(EventDispatchThread.java:101)
	at java.awt.EventDispatchThread.pumpEvents(EventDispatchThread.java:93)
	at java.awt.EventDispatchThread.run(EventDispatchThread.java:82)
Caused by: ptolemy.actor.ptalon.PtalonRuntimeException: Unable to add actor null
	at ptolemy.actor.ptalon.PtalonEvaluator.addActor(PtalonEvaluator.java:300)
	at ptolemy.actor.ptalon.PtalonPopulator.actor_declaration(PtalonPopulator.java:1574)
	at ptolemy.actor.ptalon.PtalonPopulator.atomic_statement(PtalonPopulator.java:1638)
	at ptolemy.actor.ptalon.PtalonPopulator.iterative_statement_evaluator(PtalonPopulator.java:2484)
	at ptolemy.actor.ptalon.AbstractPtalonEvaluator$IfTree.evaluateForScope(AbstractPtalonEvaluator.java:1307)
	at ptolemy.actor.ptalon.AbstractPtalonEvaluator.evaluateForScope(AbstractPtalonEvaluator.java:744)
	at ptolemy.actor.ptalon.PtalonPopulator.iterative_statement(PtalonPopulator.java:2363)
	at ptolemy.actor.ptalon.PtalonPopulator.actor_definition(PtalonPopulator.java:2809)
	at ptolemy.actor.ptalon.PtalonActor.attributeChanged(PtalonActor.java:206)
	... 48 more
Caused by: ptolemy.kernel.util.InternalErrorException: Element <entity name="node1" class="ptolemy.actor.ptalon.demo.ptinyos.SenseToLeds.MicaBoard"> caused an exception to be thrown.
  in .SenseToLeds.SenseToLeds
Because:
Cannot find class: ptolemy.actor.ptalon.demo.ptinyos.SenseToLeds.MicaBoard. In Ptolemy, classes are typically Java .class files. Entities like actors may instead be defined within a .xml file.  In any case, the class was not found. If the class uses a third party package, then the class would be present only if the third party package was found at compile time.  It may be necessary to upgrade Java or install the third party package, reconfigure and recompile.
Because:
Element <entity name="MicaLeds" class="ptolemy.domains.ptinyos.lib.MicaLeds"> caused an exception to be thrown.
  in .MicaBoard
Because:
Cannot find class: ptolemy.domains.ptinyos.lib.MicaLeds. In Ptolemy, classes are typically Java .class files. Entities like actors may instead be defined within a .xml file.  In any case, the class was not found. If the class uses a third party package, then the class would be present only if the third party package was found at compile time.  It may be necessary to upgrade Java or install the third party package, reconfigure and recompile.
Because:
-- /home/travis/build/icyphy/ptII/ptolemy/actor/ptalon/demo/ptinyos/SenseToLeds/ptolemy/domains/ptinyos/lib/MicaLeds.xml (No such file or directory)
-- XML file not found relative to classpath.
-- /home/travis/build/icyphy/ptII/ptolemy/vergil/basic/export/test/ptolemy/domains/ptinyos/lib/MicaLeds.xml
/home/travis/build/icyphy/ptII/ptolemy/vergil/basic/export/test/ptolemy/domains/ptinyos/lib/MicaLeds.xml (No such file or directory)
 in file:/home/travis/build/icyphy/ptII/ptolemy/actor/ptalon/demo/ptinyos/SenseToLeds/MicaBoard.xml at line 134 and column 63
	at ptolemy.moml.SimpleErrorHandler.handleError(SimpleErrorHandler.java:75)
	at ptolemy.moml.MoMLParser.startElement(MoMLParser.java:3805)
	at com.microstar.xml.XmlParser.parseElement(XmlParser.java:931)
	at com.microstar.xml.XmlParser.parseDocument(XmlParser.java:481)
	at com.microstar.xml.XmlParser.doParse(XmlParser.java:159)
	at com.microstar.xml.XmlParser.parse(XmlParser.java:132)
	at ptolemy.moml.MoMLParser.parse(MoMLParser.java:1660)
	at ptolemy.moml.MoMLParser.parse(MoMLParser.java:1617)
	at ptolemy.moml.MoMLParser.parse(MoMLParser.java:1792)
	at ptolemy.actor.ptalon.PtalonEvaluator.addActor(PtalonEvaluator.java:241)
	... 56 more
Caused by: ptolemy.kernel.util.IllegalActionException: Cannot find class: ptolemy.actor.ptalon.demo.ptinyos.SenseToLeds.MicaBoard. In Ptolemy, classes are typically Java .class files. Entities like actors may instead be defined within a .xml file.  In any case, the class was not found. If the class uses a third party package, then the class would be present only if the third party package was found at compile time.  It may be necessary to upgrade Java or install the third party package, reconfigure and recompile.
Because:
Element <entity name="MicaLeds" class="ptolemy.domains.ptinyos.lib.MicaLeds"> caused an exception to be thrown.
  in .MicaBoard
Because:
Cannot find class: ptolemy.domains.ptinyos.lib.MicaLeds. In Ptolemy, classes are typically Java .class files. Entities like actors may instead be defined within a .xml file.  In any case, the class was not found. If the class uses a third party package, then the class would be present only if the third party package was found at compile time.  It may be necessary to upgrade Java or install the third party package, reconfigure and recompile.
Because:
-- /home/travis/build/icyphy/ptII/ptolemy/actor/ptalon/demo/ptinyos/SenseToLeds/ptolemy/domains/ptinyos/lib/MicaLeds.xml (No such file or directory)
-- XML file not found relative to classpath.
-- /home/travis/build/icyphy/ptII/ptolemy/vergil/basic/export/test/ptolemy/domains/ptinyos/lib/MicaLeds.xml
/home/travis/build/icyphy/ptII/ptolemy/vergil/basic/export/test/ptolemy/domains/ptinyos/lib/MicaLeds.xml (No such file or directory)
 in file:/home/travis/build/icyphy/ptII/ptolemy/actor/ptalon/demo/ptinyos/SenseToLeds/MicaBoard.xml at line 134 and column 63
	at ptolemy.moml.MoMLParser._createEntity(MoMLParser.java:4330)
	at ptolemy.moml.MoMLParser.startElement(MoMLParser.java:2864)
	... 64 more
Caused by: ptolemy.kernel.util.InternalErrorException: Element <entity name="MicaLeds" class="ptolemy.domains.ptinyos.lib.MicaLeds"> caused an exception to be thrown.
  in .MicaBoard
Because:
Cannot find class: ptolemy.domains.ptinyos.lib.MicaLeds. In Ptolemy, classes are typically Java .class files. Entities like actors may instead be defined within a .xml file.  In any case, the class was not found. If the class uses a third party package, then the class would be present only if the third party package was found at compile time.  It may be necessary to upgrade Java or install the third party package, reconfigure and recompile.
Because:
-- /home/travis/build/icyphy/ptII/ptolemy/actor/ptalon/demo/ptinyos/SenseToLeds/ptolemy/domains/ptinyos/lib/MicaLeds.xml (No such file or directory)
-- XML file not found relative to classpath.
-- /home/travis/build/icyphy/ptII/ptolemy/vergil/basic/export/test/ptolemy/domains/ptinyos/lib/MicaLeds.xml
/home/travis/build/icyphy/ptII/ptolemy/vergil/basic/export/test/ptolemy/domains/ptinyos/lib/MicaLeds.xml (No such file or directory)
 in file:/home/travis/build/icyphy/ptII/ptolemy/actor/ptalon/demo/ptinyos/SenseToLeds/MicaBoard.xml at line 134 and column 63
	at ptolemy.moml.SimpleErrorHandler.handleError(SimpleErrorHandler.java:75)
	at ptolemy.moml.MoMLParser.startElement(MoMLParser.java:3805)
	at com.microstar.xml.XmlParser.parseElement(XmlParser.java:921)
	at com.microstar.xml.XmlParser.parseContent(XmlParser.java:1104)
	at com.microstar.xml.XmlParser.parseElement(XmlParser.java:924)
	at com.microstar.xml.XmlParser.parseDocument(XmlParser.java:481)
	at com.microstar.xml.XmlParser.doParse(XmlParser.java:159)
	at com.microstar.xml.XmlParser.parse(XmlParser.java:132)
	at ptolemy.moml.MoMLParser.parse(MoMLParser.java:1676)
	at ptolemy.moml.MoMLParser.parse(MoMLParser.java:1595)
	at ptolemy.moml.MoMLParser.parse(MoMLParser.java:1537)
	at ptolemy.moml.MoMLParser._findOrParse(MoMLParser.java:5286)
	at ptolemy.moml.MoMLParser._attemptToFindMoMLClass(MoMLParser.java:4075)
	at ptolemy.moml.MoMLParser._createEntity(MoMLParser.java:4323)
	... 65 more
Caused by: ptolemy.kernel.util.IllegalActionException: Cannot find class: ptolemy.domains.ptinyos.lib.MicaLeds. In Ptolemy, classes are typically Java .class files. Entities like actors may instead be defined within a .xml file.  In any case, the class was not found. If the class uses a third party package, then the class would be present only if the third party package was found at compile time.  It may be necessary to upgrade Java or install the third party package, reconfigure and recompile.
Because:
-- /home/travis/build/icyphy/ptII/ptolemy/actor/ptalon/demo/ptinyos/SenseToLeds/ptolemy/domains/ptinyos/lib/MicaLeds.xml (No such file or directory)
-- XML file not found relative to classpath.
-- /home/travis/build/icyphy/ptII/ptolemy/vergil/basic/export/test/ptolemy/domains/ptinyos/lib/MicaLeds.xml
/home/travis/build/icyphy/ptII/ptolemy/vergil/basic/export/test/ptolemy/domains/ptinyos/lib/MicaLeds.xml (No such file or directory)
 in file:/home/travis/build/icyphy/ptII/ptolemy/actor/ptalon/demo/ptinyos/SenseToLeds/MicaBoard.xml at line 134 and column 63
	at ptolemy.moml.MoMLParser._createEntity(MoMLParser.java:4330)
	at ptolemy.moml.MoMLParser.startElement(MoMLParser.java:2864)
	... 77 more
Caused by: com.microstar.xml.XmlException: -- /home/travis/build/icyphy/ptII/ptolemy/actor/ptalon/demo/ptinyos/SenseToLeds/ptolemy/domains/ptinyos/lib/MicaLeds.xml (No such file or directory)
-- XML file not found relative to classpath.
-- /home/travis/build/icyphy/ptII/ptolemy/vergil/basic/export/test/ptolemy/domains/ptinyos/lib/MicaLeds.xml
/home/travis/build/icyphy/ptII/ptolemy/vergil/basic/export/test/ptolemy/domains/ptinyos/lib/MicaLeds.xml (No such file or directory)
 in file:/home/travis/build/icyphy/ptII/ptolemy/actor/ptalon/demo/ptinyos/SenseToLeds/MicaBoard.xml at line 134 and column 63
	at ptolemy.moml.MoMLParser.fileNameToURL(MoMLParser.java:1414)
	at ptolemy.moml.MoMLParser._findOrParse(MoMLParser.java:5283)
	at ptolemy.moml.MoMLParser._attemptToFindMoMLClass(MoMLParser.java:4075)
	at ptolemy.moml.MoMLParser._createEntity(MoMLParser.java:4323)
	... 78 more
Caused by: ptolemy.actor.ptalon.PtalonRuntimeException: Unable to add actor null
	at ptolemy.actor.ptalon.PtalonEvaluator.addActor(PtalonEvaluator.java:300)
	at ptolemy.actor.ptalon.PtalonPopulator.actor_declaration(PtalonPopulator.java:1574)
	at ptolemy.actor.ptalon.PtalonPopulator.atomic_statement(PtalonPopulator.java:1638)
	at ptolemy.actor.ptalon.PtalonPopulator.iterative_statement_evaluator(PtalonPopulator.java:2484)
	at ptolemy.actor.ptalon.AbstractPtalonEvaluator$IfTree.evaluateForScope(AbstractPtalonEvaluator.java:1307)
	at ptolemy.actor.ptalon.AbstractPtalonEvaluator.evaluateForScope(AbstractPtalonEvaluator.java:744)
	at ptolemy.actor.ptalon.PtalonPopulator.iterative_statement(PtalonPopulator.java:2363)
	at ptolemy.actor.ptalon.PtalonPopulator.actor_definition(PtalonPopulator.java:2809)
	at ptolemy.actor.ptalon.PtalonActor.attributeChanged(PtalonActor.java:206)
	at ptolemy.actor.ptalon.PtalonMLHandler.startElement(PtalonMLHandler.java:134)
	at com.microstar.xml.XmlParser.parseElement(XmlParser.java:921)
	at com.microstar.xml.XmlParser.parseContent(XmlParser.java:1104)
	at com.microstar.xml.XmlParser.parseElement(XmlParser.java:924)
	at com.microstar.xml.XmlParser.parseDocument(XmlParser.java:481)
	at com.microstar.xml.XmlParser.doParse(XmlParser.java:159)
	at com.microstar.xml.XmlParser.parse(XmlParser.java:132)
	at ptolemy.actor.ptalon.PtalonActor.configure(PtalonActor.java:240)
	at ptolemy.moml.MoMLParser.endElement(MoMLParser.java:996)
	at com.microstar.xml.XmlParser.parseETag(XmlParser.java:1026)
	at com.microstar.xml.XmlParser.parseContent(XmlParser.java:1098)
	at com.microstar.xml.XmlParser.parseElement(XmlParser.java:924)
	at com.microstar.xml.XmlParser.parseContent(XmlParser.java:1104)
	at com.microstar.xml.XmlParser.parseElement(XmlParser.java:924)
	at com.microstar.xml.XmlParser.parseContent(XmlParser.java:1104)
	at com.microstar.xml.XmlParser.parseElement(XmlParser.java:924)
	at com.microstar.xml.XmlParser.parseDocument(XmlParser.java:481)
	at com.microstar.xml.XmlParser.doParse(XmlParser.java:159)
	at com.microstar.xml.XmlParser.parse(XmlParser.java:132)
	at ptolemy.moml.MoMLParser.parse(MoMLParser.java:1676)
	at ptolemy.moml.MoMLParser.parse(MoMLParser.java:1595)
	at ptolemy.moml.MoMLParser.parse(MoMLParser.java:1537)
	at ptolemy.actor.gui.PtolemyEffigy$Factory.createEffigy(PtolemyEffigy.java:424)
	at ptolemy.actor.gui.EffigyFactory.createEffigy(EffigyFactory.java:234)
	at ptolemy.actor.gui.Configuration.openModel(Configuration.java:1125)
	at ptolemy.actor.gui.Configuration.openModel(Configuration.java:1051)
	at ptolemy.actor.gui.ConfigurationApplication._openModel(ConfigurationApplication.java:1252)
	at ptolemy.actor.gui.ConfigurationApplication._parseArg(ConfigurationApplication.java:1399)
	at ptolemy.actor.gui.ConfigurationApplication._parseArgs(ConfigurationApplication.java:1478)
	at ptolemy.actor.gui.ConfigurationApplication.<init>(ConfigurationApplication.java:277)
	at ptolemy.actor.gui.ConfigurationApplication.<init>(ConfigurationApplication.java:214)
	at ptolemy.actor.gui.ConfigurationApplication.<init>(ConfigurationApplication.java:201)
	at ptolemy.actor.gui.ConfigurationApplication.openModelOrEntity(ConfigurationApplication.java:680)
	at ptolemy.vergil.basic.export.ExportModel$1.run(ExportModel.java:220)
	at java.awt.event.InvocationEvent.dispatch(InvocationEvent.java:301)
	at java.awt.EventQueue.dispatchEventImpl(EventQueue.java:756)
	at java.awt.EventQueue.access$500(EventQueue.java:97)
	at java.awt.EventQueue$3.run(EventQueue.java:709)
	at java.awt.EventQueue$3.run(EventQueue.java:703)
	at java.security.AccessController.doPrivileged(Native Method)
	at java.security.ProtectionDomain$JavaSecurityAccessImpl.doIntersectionPrivilege(ProtectionDomain.java:80)
	at java.awt.EventQueue.dispatchEvent(EventQueue.java:726)
	at java.awt.EventDispatchThread.pumpOneEventForFilters(EventDispatchThread.java:201)
	at java.awt.EventDispatchThread.pumpEventsForFilter(EventDispatchThread.java:116)
	at java.awt.EventDispatchThread.pumpEventsForHierarchy(EventDispatchThread.java:105)
	at java.awt.EventDispatchThread.pumpEvents(EventDispatchThread.java:101)
	at java.awt.EventDispatchThread.pumpEvents(EventDispatchThread.java:93)
	at java.awt.EventDispatchThread.run(EventDispatchThread.java:82)
Caused by: ptolemy.kernel.util.InternalErrorException: Element <entity name="node1" class="ptolemy.actor.ptalon.demo.ptinyos.SenseToLeds.MicaBoard"> caused an exception to be thrown.
  in .SenseToLeds.SenseToLeds
Because:
Cannot find class: ptolemy.actor.ptalon.demo.ptinyos.SenseToLeds.MicaBoard. In Ptolemy, classes are typically Java .class files. Entities like actors may instead be defined within a .xml file.  In any case, the class was not found. If the class uses a third party package, then the class would be present only if the third party package was found at compile time.  It may be necessary to upgrade Java or install the third party package, reconfigure and recompile.
Because:
Element <entity name="MicaLeds" class="ptolemy.domains.ptinyos.lib.MicaLeds"> caused an exception to be thrown.
  in .MicaBoard
Because:
Cannot find class: ptolemy.domains.ptinyos.lib.MicaLeds. In Ptolemy, classes are typically Java .class files. Entities like actors may instead be defined within a .xml file.  In any case, the class was not found. If the class uses a third party package, then the class would be present only if the third party package was found at compile time.  It may be necessary to upgrade Java or install the third party package, reconfigure and recompile.
Because:
-- /home/travis/build/icyphy/ptII/ptolemy/actor/ptalon/demo/ptinyos/SenseToLeds/ptolemy/domains/ptinyos/lib/MicaLeds.xml (No such file or directory)
-- XML file not found relative to classpath.
-- /home/travis/build/icyphy/ptII/ptolemy/vergil/basic/export/test/ptolemy/domains/ptinyos/lib/MicaLeds.xml
/home/travis/build/icyphy/ptII/ptolemy/vergil/basic/export/test/ptolemy/domains/ptinyos/lib/MicaLeds.xml (No such file or directory)
 in file:/home/travis/build/icyphy/ptII/ptolemy/actor/ptalon/demo/ptinyos/SenseToLeds/MicaBoard.xml at line 134 and column 63
	at ptolemy.moml.SimpleErrorHandler.handleError(SimpleErrorHandler.java:75)
	at ptolemy.moml.MoMLParser.startElement(MoMLParser.java:3805)
	at com.microstar.xml.XmlParser.parseElement(XmlParser.java:931)
	at com.microstar.xml.XmlParser.parseDocument(XmlParser.java:481)
	at com.microstar.xml.XmlParser.doParse(XmlParser.java:159)
	at com.microstar.xml.XmlParser.parse(XmlParser.java:132)
	at ptolemy.moml.MoMLParser.parse(MoMLParser.java:1660)
	at ptolemy.moml.MoMLParser.parse(MoMLParser.java:1617)
	at ptolemy.moml.MoMLParser.parse(MoMLParser.java:1792)
	at ptolemy.actor.ptalon.PtalonEvaluator.addActor(PtalonEvaluator.java:241)
	... 56 more
Caused by: ptolemy.kernel.util.IllegalActionException: Cannot find class: ptolemy.actor.ptalon.demo.ptinyos.SenseToLeds.MicaBoard. In Ptolemy, classes are typically Java .class files. Entities like actors may instead be defined within a .xml file.  In any case, the class was not found. If the class uses a third party package, then the class would be present only if the third party package was found at compile time.  It may be necessary to upgrade Java or install the third party package, reconfigure and recompile.
Because:
Element <entity name="MicaLeds" class="ptolemy.domains.ptinyos.lib.MicaLeds"> caused an exception to be thrown.
  in .MicaBoard
Because:
Cannot find class: ptolemy.domains.ptinyos.lib.MicaLeds. In Ptolemy, classes are typically Java .class files. Entities like actors may instead be defined within a .xml file.  In any case, the class was not found. If the class uses a third party package, then the class would be present only if the third party package was found at compile time.  It may be necessary to upgrade Java or install the third party package, reconfigure and recompile.
Because:
-- /home/travis/build/icyphy/ptII/ptolemy/actor/ptalon/demo/ptinyos/SenseToLeds/ptolemy/domains/ptinyos/lib/MicaLeds.xml (No such file or directory)
-- XML file not found relative to classpath.
-- /home/travis/build/icyphy/ptII/ptolemy/vergil/basic/export/test/ptolemy/domains/ptinyos/lib/MicaLeds.xml
/home/travis/build/icyphy/ptII/ptolemy/vergil/basic/export/test/ptolemy/domains/ptinyos/lib/MicaLeds.xml (No such file or directory)
 in file:/home/travis/build/icyphy/ptII/ptolemy/actor/ptalon/demo/ptinyos/SenseToLeds/MicaBoard.xml at line 134 and column 63
	at ptolemy.moml.MoMLParser._createEntity(MoMLParser.java:4330)
	at ptolemy.moml.MoMLParser.startElement(MoMLParser.java:2864)
	... 64 more
Caused by: ptolemy.kernel.util.InternalErrorException: Element <entity name="MicaLeds" class="ptolemy.domains.ptinyos.lib.MicaLeds"> caused an exception to be thrown.
  in .MicaBoard
Because:
Cannot find class: ptolemy.domains.ptinyos.lib.MicaLeds. In Ptolemy, classes are typically Java .class files. Entities like actors may instead be defined within a .xml file.  In any case, the class was not found. If the class uses a third party package, then the class would be present only if the third party package was found at compile time.  It may be necessary to upgrade Java or install the third party package, reconfigure and recompile.
Because:
-- /home/travis/build/icyphy/ptII/ptolemy/actor/ptalon/demo/ptinyos/SenseToLeds/ptolemy/domains/ptinyos/lib/MicaLeds.xml (No such file or directory)
-- XML file not found relative to classpath.
-- /home/travis/build/icyphy/ptII/ptolemy/vergil/basic/export/test/ptolemy/domains/ptinyos/lib/MicaLeds.xml
/home/travis/build/icyphy/ptII/ptolemy/vergil/basic/export/test/ptolemy/domains/ptinyos/lib/MicaLeds.xml (No such file or directory)
 in file:/home/travis/build/icyphy/ptII/ptolemy/actor/ptalon/demo/ptinyos/SenseToLeds/MicaBoard.xml at line 134 and column 63
	at ptolemy.moml.SimpleErrorHandler.handleError(SimpleErrorHandler.java:75)
	at ptolemy.moml.MoMLParser.startElement(MoMLParser.java:3805)
	at com.microstar.xml.XmlParser.parseElement(XmlParser.java:921)
	at com.microstar.xml.XmlParser.parseContent(XmlParser.java:1104)
	at com.microstar.xml.XmlParser.parseElement(XmlParser.java:924)
	at com.microstar.xml.XmlParser.parseDocument(XmlParser.java:481)
	at com.microstar.xml.XmlParser.doParse(XmlParser.java:159)
	at com.microstar.xml.XmlParser.parse(XmlParser.java:132)
	at ptolemy.moml.MoMLParser.parse(MoMLParser.java:1676)
	at ptolemy.moml.MoMLParser.parse(MoMLParser.java:1595)
	at ptolemy.moml.MoMLParser.parse(MoMLParser.java:1537)
	at ptolemy.moml.MoMLParser._findOrParse(MoMLParser.java:5286)
	at ptolemy.moml.MoMLParser._attemptToFindMoMLClass(MoMLParser.java:4075)
	at ptolemy.moml.MoMLParser._createEntity(MoMLParser.java:4323)
	... 65 more
Caused by: ptolemy.kernel.util.IllegalActionException: Cannot find class: ptolemy.domains.ptinyos.lib.MicaLeds. In Ptolemy, classes are typically Java .class files. Entities like actors may instead be defined within a .xml file.  In any case, the class was not found. If the class uses a third party package, then the class would be present only if the third party package was found at compile time.  It may be necessary to upgrade Java or install the third party package, reconfigure and recompile.
Because:
-- /home/travis/build/icyphy/ptII/ptolemy/actor/ptalon/demo/ptinyos/SenseToLeds/ptolemy/domains/ptinyos/lib/MicaLeds.xml (No such file or directory)
-- XML file not found relative to classpath.
-- /home/travis/build/icyphy/ptII/ptolemy/vergil/basic/export/test/ptolemy/domains/ptinyos/lib/MicaLeds.xml
/home/travis/build/icyphy/ptII/ptolemy/vergil/basic/export/test/ptolemy/domains/ptinyos/lib/MicaLeds.xml (No such file or directory)
 in file:/home/travis/build/icyphy/ptII/ptolemy/actor/ptalon/demo/ptinyos/SenseToLeds/MicaBoard.xml at line 134 and column 63
	at ptolemy.moml.MoMLParser._createEntity(MoMLParser.java:4330)
	at ptolemy.moml.MoMLParser.startElement(MoMLParser.java:2864)
	... 77 more
Caused by: com.microstar.xml.XmlException: -- /home/travis/build/icyphy/ptII/ptolemy/actor/ptalon/demo/ptinyos/SenseToLeds/ptolemy/domains/ptinyos/lib/MicaLeds.xml (No such file or directory)
-- XML file not found relative to classpath.
-- /home/travis/build/icyphy/ptII/ptolemy/vergil/basic/export/test/ptolemy/domains/ptinyos/lib/MicaLeds.xml
/home/travis/build/icyphy/ptII/ptolemy/vergil/basic/export/test/ptolemy/domains/ptinyos/lib/MicaLeds.xml (No such file or directory)
 in file:/home/travis/build/icyphy/ptII/ptolemy/actor/ptalon/demo/ptinyos/SenseToLeds/MicaBoard.xml at line 134 and column 63
	at ptolemy.moml.MoMLParser.fileNameToURL(MoMLParser.java:1414)
	at ptolemy.moml.MoMLParser._findOrParse(MoMLParser.java:5283)
	at ptolemy.moml.MoMLParser._attemptToFindMoMLClass(MoMLParser.java:4075)
	at ptolemy.moml.MoMLParser._createEntity(MoMLParser.java:4323)
	... 78 more
Failed to read file:/home/travis/build/icyphy/ptII/ptolemy/actor/ptalon/demo/ptinyos/SenseToLeds/SenseToLeds.xml
ptolemy.kernel.util.IllegalActionException: Failed to process attribute change to PtalonParameter, whose value is "ptolemy.actor.ptalon.PtalonExpressionParameter {.SenseToLeds.SenseToLeds.n} 2".
  in .SenseToLeds.SenseToLeds
Because:
Unable to add actor null
	at ptolemy.actor.ptalon.PtalonActor.attributeChanged(PtalonActor.java:211)
	at ptolemy.actor.ptalon.PtalonMLHandler.startElement(PtalonMLHandler.java:134)
	at com.microstar.xml.XmlParser.parseElement(XmlParser.java:921)
	at com.microstar.xml.XmlParser.parseContent(XmlParser.java:1104)
	at com.microstar.xml.XmlParser.parseElement(XmlParser.java:924)
	at com.microstar.xml.XmlParser.parseDocument(XmlParser.java:481)
	at com.microstar.xml.XmlParser.doParse(XmlParser.java:159)
	at com.microstar.xml.XmlParser.parse(XmlParser.java:132)
	at ptolemy.actor.ptalon.PtalonActor.configure(PtalonActor.java:240)
	at ptolemy.moml.MoMLParser.endElement(MoMLParser.java:996)
	at com.microstar.xml.XmlParser.parseETag(XmlParser.java:1026)
	at com.microstar.xml.XmlParser.parseContent(XmlParser.java:1098)
	at com.microstar.xml.XmlParser.parseElement(XmlParser.java:924)
	at com.microstar.xml.XmlParser.parseContent(XmlParser.java:1104)
	at com.microstar.xml.XmlParser.parseElement(XmlParser.java:924)
	at com.microstar.xml.XmlParser.parseContent(XmlParser.java:1104)
	at com.microstar.xml.XmlParser.parseElement(XmlParser.java:924)
	at com.microstar.xml.XmlParser.parseDocument(XmlParser.java:481)
	at com.microstar.xml.XmlParser.doParse(XmlParser.java:159)
	at com.microstar.xml.XmlParser.parse(XmlParser.java:132)
	at ptolemy.moml.MoMLParser.parse(MoMLParser.java:1676)
	at ptolemy.moml.MoMLParser.parse(MoMLParser.java:1595)
	at ptolemy.moml.MoMLParser.parse(MoMLParser.java:1537)
	at ptolemy.actor.gui.PtolemyEffigy$Factory.createEffigy(PtolemyEffigy.java:424)
	at ptolemy.actor.gui.EffigyFactory.createEffigy(EffigyFactory.java:234)
	at ptolemy.actor.gui.Configuration.openModel(Configuration.java:1125)
	at ptolemy.actor.gui.Configuration.openModel(Configuration.java:1051)
	at ptolemy.actor.gui.ConfigurationApplication._openModel(ConfigurationApplication.java:1252)
	at ptolemy.actor.gui.ConfigurationApplication._parseArg(ConfigurationApplication.java:1399)
	at ptolemy.actor.gui.ConfigurationApplication._parseArgs(ConfigurationApplication.java:1478)
	at ptolemy.actor.gui.ConfigurationApplication.<init>(ConfigurationApplication.java:277)
	at ptolemy.actor.gui.ConfigurationApplication.<init>(ConfigurationApplication.java:214)
	at ptolemy.actor.gui.ConfigurationApplication.<init>(ConfigurationApplication.java:201)
	at ptolemy.actor.gui.ConfigurationApplication.openModelOrEntity(ConfigurationApplication.java:680)
	at ptolemy.vergil.basic.export.ExportModel$1.run(ExportModel.java:220)
	at java.awt.event.InvocationEvent.dispatch(InvocationEvent.java:301)
	at java.awt.EventQueue.dispatchEventImpl(EventQueue.java:756)
	at java.awt.EventQueue.access$500(EventQueue.java:97)
	at java.awt.EventQueue$3.run(EventQueue.java:709)
	at java.awt.EventQueue$3.run(EventQueue.java:703)
	at java.security.AccessController.doPrivileged(Native Method)
	at java.security.ProtectionDomain$JavaSecurityAccessImpl.doIntersectionPrivilege(ProtectionDomain.java:80)
	at java.awt.EventQueue.dispatchEvent(EventQueue.java:726)
	at java.awt.EventDispatchThread.pumpOneEventForFilters(EventDispatchThread.java:201)
	at java.awt.EventDispatchThread.pumpEventsForFilter(EventDispatchThread.java:116)
	at java.awt.EventDispatchThread.pumpEventsForHierarchy(EventDispatchThread.java:105)
	at java.awt.EventDispatchThread.pumpEvents(EventDispatchThread.java:101)
	at java.awt.EventDispatchThread.pumpEvents(EventDispatchThread.java:93)
	at java.awt.EventDispatchThread.run(EventDispatchThread.java:82)
Caused by: ptolemy.actor.ptalon.PtalonRuntimeException: Unable to add actor null
	at ptolemy.actor.ptalon.PtalonEvaluator.addActor(PtalonEvaluator.java:300)
	at ptolemy.actor.ptalon.PtalonPopulator.actor_declaration(PtalonPopulator.java:1574)
	at ptolemy.actor.ptalon.PtalonPopulator.atomic_statement(PtalonPopulator.java:1638)
	at ptolemy.actor.ptalon.PtalonPopulator.iterative_statement_evaluator(PtalonPopulator.java:2484)
	at ptolemy.actor.ptalon.AbstractPtalonEvaluator$IfTree.evaluateForScope(AbstractPtalonEvaluator.java:1307)
	at ptolemy.actor.ptalon.AbstractPtalonEvaluator.evaluateForScope(AbstractPtalonEvaluator.java:744)
	at ptolemy.actor.ptalon.PtalonPopulator.iterative_statement(PtalonPopulator.java:2363)
	at ptolemy.actor.ptalon.PtalonPopulator.actor_definition(PtalonPopulator.java:2809)
	at ptolemy.actor.ptalon.PtalonActor.attributeChanged(PtalonActor.java:206)
	... 48 more
Caused by: ptolemy.kernel.util.InternalErrorException: Element <entity name="node1" class="ptolemy.actor.ptalon.demo.ptinyos.SenseToLeds.MicaBoard"> caused an exception to be thrown.
  in .SenseToLeds.SenseToLeds
Because:
Cannot find class: ptolemy.actor.ptalon.demo.ptinyos.SenseToLeds.MicaBoard. In Ptolemy, classes are typically Java .class files. Entities like actors may instead be defined within a .xml file.  In any case, the class was not found. If the class uses a third party package, then the class would be present only if the third party package was found at compile time.  It may be necessary to upgrade Java or install the third party package, reconfigure and recompile.
Because:
Element <entity name="MicaLeds" class="ptolemy.domains.ptinyos.lib.MicaLeds"> caused an exception to be thrown.
  in .MicaBoard
Because:
Cannot find class: ptolemy.domains.ptinyos.lib.MicaLeds. In Ptolemy, classes are typically Java .class files. Entities like actors may instead be defined within a .xml file.  In any case, the class was not found. If the class uses a third party package, then the class would be present only if the third party package was found at compile time.  It may be necessary to upgrade Java or install the third party package, reconfigure and recompile.
Because:
-- /home/travis/build/icyphy/ptII/ptolemy/actor/ptalon/demo/ptinyos/SenseToLeds/ptolemy/domains/ptinyos/lib/MicaLeds.xml (No such file or directory)
-- XML file not found relative to classpath.
-- /home/travis/build/icyphy/ptII/ptolemy/vergil/basic/export/test/ptolemy/domains/ptinyos/lib/MicaLeds.xml
/home/travis/build/icyphy/ptII/ptolemy/vergil/basic/export/test/ptolemy/domains/ptinyos/lib/MicaLeds.xml (No such file or directory)
 in file:/home/travis/build/icyphy/ptII/ptolemy/actor/ptalon/demo/ptinyos/SenseToLeds/MicaBoard.xml at line 134 and column 63
	at ptolemy.moml.SimpleErrorHandler.handleError(SimpleErrorHandler.java:75)
	at ptolemy.moml.MoMLParser.startElement(MoMLParser.java:3805)
	at com.microstar.xml.XmlParser.parseElement(XmlParser.java:931)
	at com.microstar.xml.XmlParser.parseDocument(XmlParser.java:481)
	at com.microstar.xml.XmlParser.doParse(XmlParser.java:159)
	at com.microstar.xml.XmlParser.parse(XmlParser.java:132)
	at ptolemy.moml.MoMLParser.parse(MoMLParser.java:1660)
	at ptolemy.moml.MoMLParser.parse(MoMLParser.java:1617)
	at ptolemy.moml.MoMLParser.parse(MoMLParser.java:1792)
	at ptolemy.actor.ptalon.PtalonEvaluator.addActor(PtalonEvaluator.java:241)
	... 56 more
Caused by: ptolemy.kernel.util.IllegalActionException: Cannot find class: ptolemy.actor.ptalon.demo.ptinyos.SenseToLeds.MicaBoard. In Ptolemy, classes are typically Java .class files. Entities like actors may instead be defined within a .xml file.  In any case, the class was not found. If the class uses a third party package, then the class would be present only if the third party package was found at compile time.  It may be necessary to upgrade Java or install the third party package, reconfigure and recompile.
Because:
Element <entity name="MicaLeds" class="ptolemy.domains.ptinyos.lib.MicaLeds"> caused an exception to be thrown.
  in .MicaBoard
Because:
Cannot find class: ptolemy.domains.ptinyos.lib.MicaLeds. In Ptolemy, classes are typically Java .class files. Entities like actors may instead be defined within a .xml file.  In any case, the class was not found. If the class uses a third party package, then the class would be present only if the third party package was found at compile time.  It may be necessary to upgrade Java or install the third party package, reconfigure and recompile.
Because:
-- /home/travis/build/icyphy/ptII/ptolemy/actor/ptalon/demo/ptinyos/SenseToLeds/ptolemy/domains/ptinyos/lib/MicaLeds.xml (No such file or directory)
-- XML file not found relative to classpath.
-- /home/travis/build/icyphy/ptII/ptolemy/vergil/basic/export/test/ptolemy/domains/ptinyos/lib/MicaLeds.xml
/home/travis/build/icyphy/ptII/ptolemy/vergil/basic/export/test/ptolemy/domains/ptinyos/lib/MicaLeds.xml (No such file or directory)
 in file:/home/travis/build/icyphy/ptII/ptolemy/actor/ptalon/demo/ptinyos/SenseToLeds/MicaBoard.xml at line 134 and column 63
	at ptolemy.moml.MoMLParser._createEntity(MoMLParser.java:4330)
	at ptolemy.moml.MoMLParser.startElement(MoMLParser.java:2864)
	... 64 more
Caused by: ptolemy.kernel.util.InternalErrorException: Element <entity name="MicaLeds" class="ptolemy.domains.ptinyos.lib.MicaLeds"> caused an exception to be thrown.
  in .MicaBoard
Because:
Cannot find class: ptolemy.domains.ptinyos.lib.MicaLeds. In Ptolemy, classes are typically Java .class files. Entities like actors may instead be defined within a .xml file.  In any case, the class was not found. If the class uses a third party package, then the class would be present only if the third party package was found at compile time.  It may be necessary to upgrade Java or install the third party package, reconfigure and recompile.
Because:
-- /home/travis/build/icyphy/ptII/ptolemy/actor/ptalon/demo/ptinyos/SenseToLeds/ptolemy/domains/ptinyos/lib/MicaLeds.xml (No such file or directory)
-- XML file not found relative to classpath.
-- /home/travis/build/icyphy/ptII/ptolemy/vergil/basic/export/test/ptolemy/domains/ptinyos/lib/MicaLeds.xml
/home/travis/build/icyphy/ptII/ptolemy/vergil/basic/export/test/ptolemy/domains/ptinyos/lib/MicaLeds.xml (No such file or directory)
 in file:/home/travis/build/icyphy/ptII/ptolemy/actor/ptalon/demo/ptinyos/SenseToLeds/MicaBoard.xml at line 134 and column 63
	at ptolemy.moml.SimpleErrorHandler.handleError(SimpleErrorHandler.java:75)
	at ptolemy.moml.MoMLParser.startElement(MoMLParser.java:3805)
	at com.microstar.xml.XmlParser.parseElement(XmlParser.java:921)
	at com.microstar.xml.XmlParser.parseContent(XmlParser.java:1104)
	at com.microstar.xml.XmlParser.parseElement(XmlParser.java:924)
	at com.microstar.xml.XmlParser.parseDocument(XmlParser.java:481)
	at com.microstar.xml.XmlParser.doParse(XmlParser.java:159)
	at com.microstar.xml.XmlParser.parse(XmlParser.java:132)
	at ptolemy.moml.MoMLParser.parse(MoMLParser.java:1676)
	at ptolemy.moml.MoMLParser.parse(MoMLParser.java:1595)
	at ptolemy.moml.MoMLParser.parse(MoMLParser.java:1537)
	at ptolemy.moml.MoMLParser._findOrParse(MoMLParser.java:5286)
	at ptolemy.moml.MoMLParser._attemptToFindMoMLClass(MoMLParser.java:4075)
	at ptolemy.moml.MoMLParser._createEntity(MoMLParser.java:4323)
	... 65 more
Caused by: ptolemy.kernel.util.IllegalActionException: Cannot find class: ptolemy.domains.ptinyos.lib.MicaLeds. In Ptolemy, classes are typically Java .class files. Entities like actors may instead be defined within a .xml file.  In any case, the class was not found. If the class uses a third party package, then the class would be present only if the third party package was found at compile time.  It may be necessary to upgrade Java or install the third party package, reconfigure and recompile.
Because:
-- /home/travis/build/icyphy/ptII/ptolemy/actor/ptalon/demo/ptinyos/SenseToLeds/ptolemy/domains/ptinyos/lib/MicaLeds.xml (No such file or directory)
-- XML file not found relative to classpath.
-- /home/travis/build/icyphy/ptII/ptolemy/vergil/basic/export/test/ptolemy/domains/ptinyos/lib/MicaLeds.xml
/home/travis/build/icyphy/ptII/ptolemy/vergil/basic/export/test/ptolemy/domains/ptinyos/lib/MicaLeds.xml (No such file or directory)
 in file:/home/travis/build/icyphy/ptII/ptolemy/actor/ptalon/demo/ptinyos/SenseToLeds/MicaBoard.xml at line 134 and column 63
	at ptolemy.moml.MoMLParser._createEntity(MoMLParser.java:4330)
	at ptolemy.moml.MoMLParser.startElement(MoMLParser.java:2864)
	... 77 more
Caused by: com.microstar.xml.XmlException: -- /home/travis/build/icyphy/ptII/ptolemy/actor/ptalon/demo/ptinyos/SenseToLeds/ptolemy/domains/ptinyos/lib/MicaLeds.xml (No such file or directory)
-- XML file not found relative to classpath.
-- /home/travis/build/icyphy/ptII/ptolemy/vergil/basic/export/test/ptolemy/domains/ptinyos/lib/MicaLeds.xml
/home/travis/build/icyphy/ptII/ptolemy/vergil/basic/export/test/ptolemy/domains/ptinyos/lib/MicaLeds.xml (No such file or directory)
 in file:/home/travis/build/icyphy/ptII/ptolemy/actor/ptalon/demo/ptinyos/SenseToLeds/MicaBoard.xml at line 134 and column 63
	at ptolemy.moml.MoMLParser.fileNameToURL(MoMLParser.java:1414)
	at ptolemy.moml.MoMLParser._findOrParse(MoMLParser.java:5283)
	at ptolemy.moml.MoMLParser._attemptToFindMoMLClass(MoMLParser.java:4075)
	at ptolemy.moml.MoMLParser._createEntity(MoMLParser.java:4323)
	... 78 more
Caused by: ptolemy.actor.ptalon.PtalonRuntimeException: Unable to add actor null
	at ptolemy.actor.ptalon.PtalonEvaluator.addActor(PtalonEvaluator.java:300)
	at ptolemy.actor.ptalon.PtalonPopulator.actor_declaration(PtalonPopulator.java:1574)
	at ptolemy.actor.ptalon.PtalonPopulator.atomic_statement(PtalonPopulator.java:1638)
	at ptolemy.actor.ptalon.PtalonPopulator.iterative_statement_evaluator(PtalonPopulator.java:2484)
	at ptolemy.actor.ptalon.AbstractPtalonEvaluator$IfTree.evaluateForScope(AbstractPtalonEvaluator.java:1307)
	at ptolemy.actor.ptalon.AbstractPtalonEvaluator.evaluateForScope(AbstractPtalonEvaluator.java:744)
	at ptolemy.actor.ptalon.PtalonPopulator.iterative_statement(PtalonPopulator.java:2363)
	at ptolemy.actor.ptalon.PtalonPopulator.actor_definition(PtalonPopulator.java:2809)
	at ptolemy.actor.ptalon.PtalonActor.attributeChanged(PtalonActor.java:206)
	at ptolemy.actor.ptalon.PtalonMLHandler.startElement(PtalonMLHandler.java:134)
	at com.microstar.xml.XmlParser.parseElement(XmlParser.java:921)
	at com.microstar.xml.XmlParser.parseContent(XmlParser.java:1104)
	at com.microstar.xml.XmlParser.parseElement(XmlParser.java:924)
	at com.microstar.xml.XmlParser.parseDocument(XmlParser.java:481)
	at com.microstar.xml.XmlParser.doParse(XmlParser.java:159)
	at com.microstar.xml.XmlParser.parse(XmlParser.java:132)
	at ptolemy.actor.ptalon.PtalonActor.configure(PtalonActor.java:240)
	at ptolemy.moml.MoMLParser.endElement(MoMLParser.java:996)
	at com.microstar.xml.XmlParser.parseETag(XmlParser.java:1026)
	at com.microstar.xml.XmlParser.parseContent(XmlParser.java:1098)
	at com.microstar.xml.XmlParser.parseElement(XmlParser.java:924)
	at com.microstar.xml.XmlParser.parseContent(XmlParser.java:1104)
	at com.microstar.xml.XmlParser.parseElement(XmlParser.java:924)
	at com.microstar.xml.XmlParser.parseContent(XmlParser.java:1104)
	at com.microstar.xml.XmlParser.parseElement(XmlParser.java:924)
	at com.microstar.xml.XmlParser.parseDocument(XmlParser.java:481)
	at com.microstar.xml.XmlParser.doParse(XmlParser.java:159)
	at com.microstar.xml.XmlParser.parse(XmlParser.java:132)
	at ptolemy.moml.MoMLParser.parse(MoMLParser.java:1676)
	at ptolemy.moml.MoMLParser.parse(MoMLParser.java:1595)
	at ptolemy.moml.MoMLParser.parse(MoMLParser.java:1537)
	at ptolemy.actor.gui.PtolemyEffigy$Factory.createEffigy(PtolemyEffigy.java:424)
	at ptolemy.actor.gui.EffigyFactory.createEffigy(EffigyFactory.java:234)
	at ptolemy.actor.gui.Configuration.openModel(Configuration.java:1125)
	at ptolemy.actor.gui.Configuration.openModel(Configuration.java:1051)
	at ptolemy.actor.gui.ConfigurationApplication._openModel(ConfigurationApplication.java:1252)
	at ptolemy.actor.gui.ConfigurationApplication._parseArg(ConfigurationApplication.java:1399)
	at ptolemy.actor.gui.ConfigurationApplication._parseArgs(ConfigurationApplication.java:1478)
	at ptolemy.actor.gui.ConfigurationApplication.<init>(ConfigurationApplication.java:277)
	at ptolemy.actor.gui.ConfigurationApplication.<init>(ConfigurationApplication.java:214)
	at ptolemy.actor.gui.ConfigurationApplication.<init>(ConfigurationApplication.java:201)
	at ptolemy.actor.gui.ConfigurationApplication.openModelOrEntity(ConfigurationApplication.java:680)
	at ptolemy.vergil.basic.export.ExportModel$1.run(ExportModel.java:220)
	at java.awt.event.InvocationEvent.dispatch(InvocationEvent.java:301)
	at java.awt.EventQueue.dispatchEventImpl(EventQueue.java:756)
	at java.awt.EventQueue.access$500(EventQueue.java:97)
	at java.awt.EventQueue$3.run(EventQueue.java:709)
	at java.awt.EventQueue$3.run(EventQueue.java:703)
	at java.security.AccessController.doPrivileged(Native Method)
	at java.security.ProtectionDomain$JavaSecurityAccessImpl.doIntersectionPrivilege(ProtectionDomain.java:80)
	at java.awt.EventQueue.dispatchEvent(EventQueue.java:726)
	at java.awt.EventDispatchThread.pumpOneEventForFilters(EventDispatchThread.java:201)
	at java.awt.EventDispatchThread.pumpEventsForFilter(EventDispatchThread.java:116)
	at java.awt.EventDispatchThread.pumpEventsForHierarchy(EventDispatchThread.java:105)
	at java.awt.EventDispatchThread.pumpEvents(EventDispatchThread.java:101)
	at java.awt.EventDispatchThread.pumpEvents(EventDispatchThread.java:93)
	at java.awt.EventDispatchThread.run(EventDispatchThread.java:82)
Caused by: ptolemy.kernel.util.InternalErrorException: Element <entity name="node1" class="ptolemy.actor.ptalon.demo.ptinyos.SenseToLeds.MicaBoard"> caused an exception to be thrown.
  in .SenseToLeds.SenseToLeds
Because:
Cannot find class: ptolemy.actor.ptalon.demo.ptinyos.SenseToLeds.MicaBoard. In Ptolemy, classes are typically Java .class files. Entities like actors may instead be defined within a .xml file.  In any case, the class was not found. If the class uses a third party package, then the class would be present only if the third party package was found at compile time.  It may be necessary to upgrade Java or install the third party package, reconfigure and recompile.
Because:
Element <entity name="MicaLeds" class="ptolemy.domains.ptinyos.lib.MicaLeds"> caused an exception to be thrown.
  in .MicaBoard
Because:
Cannot find class: ptolemy.domains.ptinyos.lib.MicaLeds. In Ptolemy, classes are typically Java .class files. Entities like actors may instead be defined within a .xml file.  In any case, the class was not found. If the class uses a third party package, then the class would be present only if the third party package was found at compile time.  It may be necessary to upgrade Java or install the third party package, reconfigure and recompile.
Because:
-- /home/travis/build/icyphy/ptII/ptolemy/actor/ptalon/demo/ptinyos/SenseToLeds/ptolemy/domains/ptinyos/lib/MicaLeds.xml (No such file or directory)
-- XML file not found relative to classpath.
-- /home/travis/build/icyphy/ptII/ptolemy/vergil/basic/export/test/ptolemy/domains/ptinyos/lib/MicaLeds.xml
/home/travis/build/icyphy/ptII/ptolemy/vergil/basic/export/test/ptolemy/domains/ptinyos/lib/MicaLeds.xml (No such file or directory)
 in file:/home/travis/build/icyphy/ptII/ptolemy/actor/ptalon/demo/ptinyos/SenseToLeds/MicaBoard.xml at line 134 and column 63
	at ptolemy.moml.SimpleErrorHandler.handleError(SimpleErrorHandler.java:75)
	at ptolemy.moml.MoMLParser.startElement(MoMLParser.java:3805)
	at com.microstar.xml.XmlParser.parseElement(XmlParser.java:931)
	at com.microstar.xml.XmlParser.parseDocument(XmlParser.java:481)
	at com.microstar.xml.XmlParser.doParse(XmlParser.java:159)
	at com.microstar.xml.XmlParser.parse(XmlParser.java:132)
	at ptolemy.moml.MoMLParser.parse(MoMLParser.java:1660)
	at ptolemy.moml.MoMLParser.parse(MoMLParser.java:1617)
	at ptolemy.moml.MoMLParser.parse(MoMLParser.java:1792)
	at ptolemy.actor.ptalon.PtalonEvaluator.addActor(PtalonEvaluator.java:241)
	... 56 more
Caused by: ptolemy.kernel.util.IllegalActionException: Cannot find class: ptolemy.actor.ptalon.demo.ptinyos.SenseToLeds.MicaBoard. In Ptolemy, classes are typically Java .class files. Entities like actors may instead be defined within a .xml file.  In any case, the class was not found. If the class uses a third party package, then the class would be present only if the third party package was found at compile time.  It may be necessary to upgrade Java or install the third party package, reconfigure and recompile.
Because:
Element <entity name="MicaLeds" class="ptolemy.domains.ptinyos.lib.MicaLeds"> caused an exception to be thrown.
  in .MicaBoard
Because:
Cannot find class: ptolemy.domains.ptinyos.lib.MicaLeds. In Ptolemy, classes are typically Java .class files. Entities like actors may instead be defined within a .xml file.  In any case, the class was not found. If the class uses a third party package, then the class would be present only if the third party package was found at compile time.  It may be necessary to upgrade Java or install the third party package, reconfigure and recompile.
Because:
-- /home/travis/build/icyphy/ptII/ptolemy/actor/ptalon/demo/ptinyos/SenseToLeds/ptolemy/domains/ptinyos/lib/MicaLeds.xml (No such file or directory)
-- XML file not found relative to classpath.
-- /home/travis/build/icyphy/ptII/ptolemy/vergil/basic/export/test/ptolemy/domains/ptinyos/lib/MicaLeds.xml
/home/travis/build/icyphy/ptII/ptolemy/vergil/basic/export/test/ptolemy/domains/ptinyos/lib/MicaLeds.xml (No such file or directory)
 in file:/home/travis/build/icyphy/ptII/ptolemy/actor/ptalon/demo/ptinyos/SenseToLeds/MicaBoard.xml at line 134 and column 63
	at ptolemy.moml.MoMLParser._createEntity(MoMLParser.java:4330)
	at ptolemy.moml.MoMLParser.startElement(MoMLParser.java:2864)
	... 64 more
Caused by: ptolemy.kernel.util.InternalErrorException: Element <entity name="MicaLeds" class="ptolemy.domains.ptinyos.lib.MicaLeds"> caused an exception to be thrown.
  in .MicaBoard
Because:
Cannot find class: ptolemy.domains.ptinyos.lib.MicaLeds. In Ptolemy, classes are typically Java .class files. Entities like actors may instead be defined within a .xml file.  In any case, the class was not found. If the class uses a third party package, then the class would be present only if the third party package was found at compile time.  It may be necessary to upgrade Java or install the third party package, reconfigure and recompile.
Because:
-- /home/travis/build/icyphy/ptII/ptolemy/actor/ptalon/demo/ptinyos/SenseToLeds/ptolemy/domains/ptinyos/lib/MicaLeds.xml (No such file or directory)
-- XML file not found relative to classpath.
-- /home/travis/build/icyphy/ptII/ptolemy/vergil/basic/export/test/ptolemy/domains/ptinyos/lib/MicaLeds.xml
/home/travis/build/icyphy/ptII/ptolemy/vergil/basic/export/test/ptolemy/domains/ptinyos/lib/MicaLeds.xml (No such file or directory)
 in file:/home/travis/build/icyphy/ptII/ptolemy/actor/ptalon/demo/ptinyos/SenseToLeds/MicaBoard.xml at line 134 and column 63
	at ptolemy.moml.SimpleErrorHandler.handleError(SimpleErrorHandler.java:75)
	at ptolemy.moml.MoMLParser.startElement(MoMLParser.java:3805)
	at com.microstar.xml.XmlParser.parseElement(XmlParser.java:921)
	at com.microstar.xml.XmlParser.parseContent(XmlParser.java:1104)
	at com.microstar.xml.XmlParser.parseElement(XmlParser.java:924)
	at com.microstar.xml.XmlParser.parseDocument(XmlParser.java:481)
	at com.microstar.xml.XmlParser.doParse(XmlParser.java:159)
	at com.microstar.xml.XmlParser.parse(XmlParser.java:132)
	at ptolemy.moml.MoMLParser.parse(MoMLParser.java:1676)
	at ptolemy.moml.MoMLParser.parse(MoMLParser.java:1595)
	at ptolemy.moml.MoMLParser.parse(MoMLParser.java:1537)
	at ptolemy.moml.MoMLParser._findOrParse(MoMLParser.java:5286)
	at ptolemy.moml.MoMLParser._attemptToFindMoMLClass(MoMLParser.java:4075)
	at ptolemy.moml.MoMLParser._createEntity(MoMLParser.java:4323)
	... 65 more
Caused by: ptolemy.kernel.util.IllegalActionException: Cannot find class: ptolemy.domains.ptinyos.lib.MicaLeds. In Ptolemy, classes are typically Java .class files. Entities like actors may instead be defined within a .xml file.  In any case, the class was not found. If the class uses a third party package, then the class would be present only if the third party package was found at compile time.  It may be necessary to upgrade Java or install the third party package, reconfigure and recompile.
Because:
-- /home/travis/build/icyphy/ptII/ptolemy/actor/ptalon/demo/ptinyos/SenseToLeds/ptolemy/domains/ptinyos/lib/MicaLeds.xml (No such file or directory)
-- XML file not found relative to classpath.
-- /home/travis/build/icyphy/ptII/ptolemy/vergil/basic/export/test/ptolemy/domains/ptinyos/lib/MicaLeds.xml
/home/travis/build/icyphy/ptII/ptolemy/vergil/basic/export/test/ptolemy/domains/ptinyos/lib/MicaLeds.xml (No such file or directory)
 in file:/home/travis/build/icyphy/ptII/ptolemy/actor/ptalon/demo/ptinyos/SenseToLeds/MicaBoard.xml at line 134 and column 63
	at ptolemy.moml.MoMLParser._createEntity(MoMLParser.java:4330)
	at ptolemy.moml.MoMLParser.startElement(MoMLParser.java:2864)
	... 77 more
Caused by: com.microstar.xml.XmlException: -- /home/travis/build/icyphy/ptII/ptolemy/actor/ptalon/demo/ptinyos/SenseToLeds/ptolemy/domains/ptinyos/lib/MicaLeds.xml (No such file or directory)
-- XML file not found relative to classpath.
-- /home/travis/build/icyphy/ptII/ptolemy/vergil/basic/export/test/ptolemy/domains/ptinyos/lib/MicaLeds.xml
/home/travis/build/icyphy/ptII/ptolemy/vergil/basic/export/test/ptolemy/domains/ptinyos/lib/MicaLeds.xml (No such file or directory)
 in file:/home/travis/build/icyphy/ptII/ptolemy/actor/ptalon/demo/ptinyos/SenseToLeds/MicaBoard.xml at line 134 and column 63
	at ptolemy.moml.MoMLParser.fileNameToURL(MoMLParser.java:1414)
	at ptolemy.moml.MoMLParser._findOrParse(MoMLParser.java:5283)
	at ptolemy.moml.MoMLParser._attemptToFindMoMLClass(MoMLParser.java:4075)
	at ptolemy.moml.MoMLParser._createEntity(MoMLParser.java:4323)
	... 78 more
Failed to read file:/home/travis/build/icyphy/ptII/ptolemy/actor/ptalon/demo/ptinyos/SenseToLeds/SenseToLeds.xml
ptolemy.kernel.util.IllegalActionException: Failed to process attribute change to PtalonParameter, whose value is "ptolemy.actor.ptalon.PtalonExpressionParameter {.SenseToLeds.SenseToLeds.n} 2".
  in .SenseToLeds.SenseToLeds
Because:
Unable to add actor null
	at ptolemy.actor.ptalon.PtalonActor.attributeChanged(PtalonActor.java:211)
	at ptolemy.actor.ptalon.PtalonMLHandler.startElement(PtalonMLHandler.java:134)
	at com.microstar.xml.XmlParser.parseElement(XmlParser.java:921)
	at com.microstar.xml.XmlParser.parseContent(XmlParser.java:1104)
	at com.microstar.xml.XmlParser.parseElement(XmlParser.java:924)
	at com.microstar.xml.XmlParser.parseDocument(XmlParser.java:481)
	at com.microstar.xml.XmlParser.doParse(XmlParser.java:159)
	at com.microstar.xml.XmlParser.parse(XmlParser.java:132)
	at ptolemy.actor.ptalon.PtalonActor.configure(PtalonActor.java:240)
	at ptolemy.moml.MoMLParser.endElement(MoMLParser.java:996)
	at com.microstar.xml.XmlParser.parseETag(XmlParser.java:1026)
	at com.microstar.xml.XmlParser.parseContent(XmlParser.java:1098)
	at com.microstar.xml.XmlParser.parseElement(XmlParser.java:924)
	at com.microstar.xml.XmlParser.parseContent(XmlParser.java:1104)
	at com.microstar.xml.XmlParser.parseElement(XmlParser.java:924)
	at com.microstar.xml.XmlParser.parseContent(XmlParser.java:1104)
	at com.microstar.xml.XmlParser.parseElement(XmlParser.java:924)
	at com.microstar.xml.XmlParser.parseDocument(XmlParser.java:481)
	at com.microstar.xml.XmlParser.doParse(XmlParser.java:159)
	at com.microstar.xml.XmlParser.parse(XmlParser.java:132)
	at ptolemy.moml.MoMLParser.parse(MoMLParser.java:1676)
	at ptolemy.moml.MoMLParser.parse(MoMLParser.java:1595)
	at ptolemy.moml.MoMLParser.parse(MoMLParser.java:1537)
	at ptolemy.actor.gui.PtolemyEffigy$Factory.createEffigy(PtolemyEffigy.java:424)
	at ptolemy.actor.gui.EffigyFactory.createEffigy(EffigyFactory.java:234)
	at ptolemy.actor.gui.Configuration.openModel(Configuration.java:1125)
	at ptolemy.actor.gui.Configuration.openModel(Configuration.java:1051)
	at ptolemy.actor.gui.ConfigurationApplication._openModel(ConfigurationApplication.java:1252)
	at ptolemy.actor.gui.ConfigurationApplication._parseArg(ConfigurationApplication.java:1399)
	at ptolemy.actor.gui.ConfigurationApplication._parseArgs(ConfigurationApplication.java:1478)
	at ptolemy.actor.gui.ConfigurationApplication.<init>(ConfigurationApplication.java:277)
	at ptolemy.actor.gui.ConfigurationApplication.<init>(ConfigurationApplication.java:214)
	at ptolemy.actor.gui.ConfigurationApplication.<init>(ConfigurationApplication.java:201)
	at ptolemy.actor.gui.ConfigurationApplication.openModelOrEntity(ConfigurationApplication.java:680)
	at ptolemy.vergil.basic.export.ExportModel$1.run(ExportModel.java:220)
	at java.awt.event.InvocationEvent.dispatch(InvocationEvent.java:301)
	at java.awt.EventQueue.dispatchEventImpl(EventQueue.java:756)
	at java.awt.EventQueue.access$500(EventQueue.java:97)
	at java.awt.EventQueue$3.run(EventQueue.java:709)
	at java.awt.EventQueue$3.run(EventQueue.java:703)
	at java.security.AccessController.doPrivileged(Native Method)
	at java.security.ProtectionDomain$JavaSecurityAccessImpl.doIntersectionPrivilege(ProtectionDomain.java:80)
	at java.awt.EventQueue.dispatchEvent(EventQueue.java:726)
	at java.awt.EventDispatchThread.pumpOneEventForFilters(EventDispatchThread.java:201)
	at java.awt.EventDispatchThread.pumpEventsForFilter(EventDispatchThread.java:116)
	at java.awt.EventDispatchThread.pumpEventsForHierarchy(EventDispatchThread.java:105)
	at java.awt.EventDispatchThread.pumpEvents(EventDispatchThread.java:101)
	at java.awt.EventDispatchThread.pumpEvents(EventDispatchThread.java:93)
	at java.awt.EventDispatchThread.run(EventDispatchThread.java:82)
Caused by: ptolemy.actor.ptalon.PtalonRuntimeException: Unable to add actor null
	at ptolemy.actor.ptalon.PtalonEvaluator.addActor(PtalonEvaluator.java:300)
	at ptolemy.actor.ptalon.PtalonPopulator.actor_declaration(PtalonPopulator.java:1574)
	at ptolemy.actor.ptalon.PtalonPopulator.atomic_statement(PtalonPopulator.java:1638)
	at ptolemy.actor.ptalon.PtalonPopulator.iterative_statement_evaluator(PtalonPopulator.java:2484)
	at ptolemy.actor.ptalon.AbstractPtalonEvaluator$IfTree.evaluateForScope(AbstractPtalonEvaluator.java:1307)
	at ptolemy.actor.ptalon.AbstractPtalonEvaluator.evaluateForScope(AbstractPtalonEvaluator.java:744)
	at ptolemy.actor.ptalon.PtalonPopulator.iterative_statement(PtalonPopulator.java:2363)
	at ptolemy.actor.ptalon.PtalonPopulator.actor_definition(PtalonPopulator.java:2809)
	at ptolemy.actor.ptalon.PtalonActor.attributeChanged(PtalonActor.java:206)
	... 48 more
Caused by: ptolemy.kernel.util.InternalErrorException: Element <entity name="node1" class="ptolemy.actor.ptalon.demo.ptinyos.SenseToLeds.MicaBoard"> caused an exception to be thrown.
  in .SenseToLeds.SenseToLeds
Because:
Cannot find class: ptolemy.actor.ptalon.demo.ptinyos.SenseToLeds.MicaBoard. In Ptolemy, classes are typically Java .class files. Entities like actors may instead be defined within a .xml file.  In any case, the class was not found. If the class uses a third party package, then the class would be present only if the third party package was found at compile time.  It may be necessary to upgrade Java or install the third party package, reconfigure and recompile.
Because:
Element <entity name="MicaLeds" class="ptolemy.domains.ptinyos.lib.MicaLeds"> caused an exception to be thrown.
  in .MicaBoard
Because:
Cannot find class: ptolemy.domains.ptinyos.lib.MicaLeds. In Ptolemy, classes are typically Java .class files. Entities like actors may instead be defined within a .xml file.  In any case, the class was not found. If the class uses a third party package, then the class would be present only if the third party package was found at compile time.  It may be necessary to upgrade Java or install the third party package, reconfigure and recompile.
Because:
-- /home/travis/build/icyphy/ptII/ptolemy/actor/ptalon/demo/ptinyos/SenseToLeds/ptolemy/domains/ptinyos/lib/MicaLeds.xml (No such file or directory)
-- XML file not found relative to classpath.
-- /home/travis/build/icyphy/ptII/ptolemy/vergil/basic/export/test/ptolemy/domains/ptinyos/lib/MicaLeds.xml
/home/travis/build/icyphy/ptII/ptolemy/vergil/basic/export/test/ptolemy/domains/ptinyos/lib/MicaLeds.xml (No such file or directory)
 in file:/home/travis/build/icyphy/ptII/ptolemy/actor/ptalon/demo/ptinyos/SenseToLeds/MicaBoard.xml at line 134 and column 63
	at ptolemy.moml.SimpleErrorHandler.handleError(SimpleErrorHandler.java:75)
	at ptolemy.moml.MoMLParser.startElement(MoMLParser.java:3805)
	at com.microstar.xml.XmlParser.parseElement(XmlParser.java:931)
	at com.microstar.xml.XmlParser.parseDocument(XmlParser.java:481)
	at com.microstar.xml.XmlParser.doParse(XmlParser.java:159)
	at com.microstar.xml.XmlParser.parse(XmlParser.java:132)
	at ptolemy.moml.MoMLParser.parse(MoMLParser.java:1660)
	at ptolemy.moml.MoMLParser.parse(MoMLParser.java:1617)
	at ptolemy.moml.MoMLParser.parse(MoMLParser.java:1792)
	at ptolemy.actor.ptalon.PtalonEvaluator.addActor(PtalonEvaluator.java:241)
	... 56 more
Caused by: ptolemy.kernel.util.IllegalActionException: Cannot find class: ptolemy.actor.ptalon.demo.ptinyos.SenseToLeds.MicaBoard. In Ptolemy, classes are typically Java .class files. Entities like actors may instead be defined within a .xml file.  In any case, the class was not found. If the class uses a third party package, then the class would be present only if the third party package was found at compile time.  It may be necessary to upgrade Java or install the third party package, reconfigure and recompile.
Because:
Element <entity name="MicaLeds" class="ptolemy.domains.ptinyos.lib.MicaLeds"> caused an exception to be thrown.
  in .MicaBoard
Because:
Cannot find class: ptolemy.domains.ptinyos.lib.MicaLeds. In Ptolemy, classes are typically Java .class files. Entities like actors may instead be defined within a .xml file.  In any case, the class was not found. If the class uses a third party package, then the class would be present only if the third party package was found at compile time.  It may be necessary to upgrade Java or install the third party package, reconfigure and recompile.
Because:
-- /home/travis/build/icyphy/ptII/ptolemy/actor/ptalon/demo/ptinyos/SenseToLeds/ptolemy/domains/ptinyos/lib/MicaLeds.xml (No such file or directory)
-- XML file not found relative to classpath.
-- /home/travis/build/icyphy/ptII/ptolemy/vergil/basic/export/test/ptolemy/domains/ptinyos/lib/MicaLeds.xml
/home/travis/build/icyphy/ptII/ptolemy/vergil/basic/export/test/ptolemy/domains/ptinyos/lib/MicaLeds.xml (No such file or directory)
 in file:/home/travis/build/icyphy/ptII/ptolemy/actor/ptalon/demo/ptinyos/SenseToLeds/MicaBoard.xml at line 134 and column 63
	at ptolemy.moml.MoMLParser._createEntity(MoMLParser.java:4330)
	at ptolemy.moml.MoMLParser.startElement(MoMLParser.java:2864)
	... 64 more
Caused by: ptolemy.kernel.util.InternalErrorException: Element <entity name="MicaLeds" class="ptolemy.domains.ptinyos.lib.MicaLeds"> caused an exception to be thrown.
  in .MicaBoard
Because:
Cannot find class: ptolemy.domains.ptinyos.lib.MicaLeds. In Ptolemy, classes are typically Java .class files. Entities like actors may instead be defined within a .xml file.  In any case, the class was not found. If the class uses a third party package, then the class would be present only if the third party package was found at compile time.  It may be necessary to upgrade Java or install the third party package, reconfigure and recompile.
Because:
-- /home/travis/build/icyphy/ptII/ptolemy/actor/ptalon/demo/ptinyos/SenseToLeds/ptolemy/domains/ptinyos/lib/MicaLeds.xml (No such file or directory)
-- XML file not found relative to classpath.
-- /home/travis/build/icyphy/ptII/ptolemy/vergil/basic/export/test/ptolemy/domains/ptinyos/lib/MicaLeds.xml
/home/travis/build/icyphy/ptII/ptolemy/vergil/basic/export/test/ptolemy/domains/ptinyos/lib/MicaLeds.xml (No such file or directory)
 in file:/home/travis/build/icyphy/ptII/ptolemy/actor/ptalon/demo/ptinyos/SenseToLeds/MicaBoard.xml at line 134 and column 63
	at ptolemy.moml.SimpleErrorHandler.handleError(SimpleErrorHandler.java:75)
	at ptolemy.moml.MoMLParser.startElement(MoMLParser.java:3805)
	at com.microstar.xml.XmlParser.parseElement(XmlParser.java:921)
	at com.microstar.xml.XmlParser.parseContent(XmlParser.java:1104)
	at com.microstar.xml.XmlParser.parseElement(XmlParser.java:924)
	at com.microstar.xml.XmlParser.parseDocument(XmlParser.java:481)
	at com.microstar.xml.XmlParser.doParse(XmlParser.java:159)
	at com.microstar.xml.XmlParser.parse(XmlParser.java:132)
	at ptolemy.moml.MoMLParser.parse(MoMLParser.java:1676)
	at ptolemy.moml.MoMLParser.parse(MoMLParser.java:1595)
	at ptolemy.moml.MoMLParser.parse(MoMLParser.java:1537)
	at ptolemy.moml.MoMLParser._findOrParse(MoMLParser.java:5286)
	at ptolemy.moml.MoMLParser._attemptToFindMoMLClass(MoMLParser.java:4075)
	at ptolemy.moml.MoMLParser._createEntity(MoMLParser.java:4323)
	... 65 more
Caused by: ptolemy.kernel.util.IllegalActionException: Cannot find class: ptolemy.domains.ptinyos.lib.MicaLeds. In Ptolemy, classes are typically Java .class files. Entities like actors may instead be defined within a .xml file.  In any case, the class was not found. If the class uses a third party package, then the class would be present only if the third party package was found at compile time.  It may be necessary to upgrade Java or install the third party package, reconfigure and recompile.
Because:
-- /home/travis/build/icyphy/ptII/ptolemy/actor/ptalon/demo/ptinyos/SenseToLeds/ptolemy/domains/ptinyos/lib/MicaLeds.xml (No such file or directory)
-- XML file not found relative to classpath.
-- /home/travis/build/icyphy/ptII/ptolemy/vergil/basic/export/test/ptolemy/domains/ptinyos/lib/MicaLeds.xml
/home/travis/build/icyphy/ptII/ptolemy/vergil/basic/export/test/ptolemy/domains/ptinyos/lib/MicaLeds.xml (No such file or directory)
 in file:/home/travis/build/icyphy/ptII/ptolemy/actor/ptalon/demo/ptinyos/SenseToLeds/MicaBoard.xml at line 134 and column 63
	at ptolemy.moml.MoMLParser._createEntity(MoMLParser.java:4330)
	at ptolemy.moml.MoMLParser.startElement(MoMLParser.java:2864)
	... 77 more
Caused by: com.microstar.xml.XmlException: -- /home/travis/build/icyphy/ptII/ptolemy/actor/ptalon/demo/ptinyos/SenseToLeds/ptolemy/domains/ptinyos/lib/MicaLeds.xml (No such file or directory)
-- XML file not found relative to classpath.
-- /home/travis/build/icyphy/ptII/ptolemy/vergil/basic/export/test/ptolemy/domains/ptinyos/lib/MicaLeds.xml
/home/travis/build/icyphy/ptII/ptolemy/vergil/basic/export/test/ptolemy/domains/ptinyos/lib/MicaLeds.xml (No such file or directory)
 in file:/home/travis/build/icyphy/ptII/ptolemy/actor/ptalon/demo/ptinyos/SenseToLeds/MicaBoard.xml at line 134 and column 63
	at ptolemy.moml.MoMLParser.fileNameToURL(MoMLParser.java:1414)
	at ptolemy.moml.MoMLParser._findOrParse(MoMLParser.java:5283)
	at ptolemy.moml.MoMLParser._attemptToFindMoMLClass(MoMLParser.java:4075)
	at ptolemy.moml.MoMLParser._createEntity(MoMLParser.java:4323)
	... 78 more
Caused by: ptolemy.actor.ptalon.PtalonRuntimeException: Unable to add actor null
	at ptolemy.actor.ptalon.PtalonEvaluator.addActor(PtalonEvaluator.java:300)
	at ptolemy.actor.ptalon.PtalonPopulator.actor_declaration(PtalonPopulator.java:1574)
	at ptolemy.actor.ptalon.PtalonPopulator.atomic_statement(PtalonPopulator.java:1638)
	at ptolemy.actor.ptalon.PtalonPopulator.iterative_statement_evaluator(PtalonPopulator.java:2484)
	at ptolemy.actor.ptalon.AbstractPtalonEvaluator$IfTree.evaluateForScope(AbstractPtalonEvaluator.java:1307)
	at ptolemy.actor.ptalon.AbstractPtalonEvaluator.evaluateForScope(AbstractPtalonEvaluator.java:744)
	at ptolemy.actor.ptalon.PtalonPopulator.iterative_statement(PtalonPopulator.java:2363)
	at ptolemy.actor.ptalon.PtalonPopulator.actor_definition(PtalonPopulator.java:2809)
	at ptolemy.actor.ptalon.PtalonActor.attributeChanged(PtalonActor.java:206)
	at ptolemy.actor.ptalon.PtalonMLHandler.startElement(PtalonMLHandler.java:134)
	at com.microstar.xml.XmlParser.parseElement(XmlParser.java:921)
	at com.microstar.xml.XmlParser.parseContent(XmlParser.java:1104)
	at com.microstar.xml.XmlParser.parseElement(XmlParser.java:924)
	at com.microstar.xml.XmlParser.parseDocument(XmlParser.java:481)
	at com.microstar.xml.XmlParser.doParse(XmlParser.java:159)
	at com.microstar.xml.XmlParser.parse(XmlParser.java:132)
	at ptolemy.actor.ptalon.PtalonActor.configure(PtalonActor.java:240)
	at ptolemy.moml.MoMLParser.endElement(MoMLParser.java:996)
	at com.microstar.xml.XmlParser.parseETag(XmlParser.java:1026)
	at com.microstar.xml.XmlParser.parseContent(XmlParser.java:1098)
	at com.microstar.xml.XmlParser.parseElement(XmlParser.java:924)
	at com.microstar.xml.XmlParser.parseContent(XmlParser.java:1104)
	at com.microstar.xml.XmlParser.parseElement(XmlParser.java:924)
	at com.microstar.xml.XmlParser.parseContent(XmlParser.java:1104)
	at com.microstar.xml.XmlParser.parseElement(XmlParser.java:924)
	at com.microstar.xml.XmlParser.parseDocument(XmlParser.java:481)
	at com.microstar.xml.XmlParser.doParse(XmlParser.java:159)
	at com.microstar.xml.XmlParser.parse(XmlParser.java:132)
	at ptolemy.moml.MoMLParser.parse(MoMLParser.java:1676)
	at ptolemy.moml.MoMLParser.parse(MoMLParser.java:1595)
	at ptolemy.moml.MoMLParser.parse(MoMLParser.java:1537)
	at ptolemy.actor.gui.PtolemyEffigy$Factory.createEffigy(PtolemyEffigy.java:424)
	at ptolemy.actor.gui.EffigyFactory.createEffigy(EffigyFactory.java:234)
	at ptolemy.actor.gui.Configuration.openModel(Configuration.java:1125)
	at ptolemy.actor.gui.Configuration.openModel(Configuration.java:1051)
	at ptolemy.actor.gui.ConfigurationApplication._openModel(ConfigurationApplication.java:1252)
	at ptolemy.actor.gui.ConfigurationApplication._parseArg(ConfigurationApplication.java:1399)
	at ptolemy.actor.gui.ConfigurationApplication._parseArgs(ConfigurationApplication.java:1478)
	at ptolemy.actor.gui.ConfigurationApplication.<init>(ConfigurationApplication.java:277)
	at ptolemy.actor.gui.ConfigurationApplication.<init>(ConfigurationApplication.java:214)
	at ptolemy.actor.gui.ConfigurationApplication.<init>(ConfigurationApplication.java:201)
	at ptolemy.actor.gui.ConfigurationApplication.openModelOrEntity(ConfigurationApplication.java:680)
	at ptolemy.vergil.basic.export.ExportModel$1.run(ExportModel.java:220)
	at java.awt.event.InvocationEvent.dispatch(InvocationEvent.java:301)
	at java.awt.EventQueue.dispatchEventImpl(EventQueue.java:756)
	at java.awt.EventQueue.access$500(EventQueue.java:97)
	at java.awt.EventQueue$3.run(EventQueue.java:709)
	at java.awt.EventQueue$3.run(EventQueue.java:703)
	at java.security.AccessController.doPrivileged(Native Method)
	at java.security.ProtectionDomain$JavaSecurityAccessImpl.doIntersectionPrivilege(ProtectionDomain.java:80)
	at java.awt.EventQueue.dispatchEvent(EventQueue.java:726)
	at java.awt.EventDispatchThread.pumpOneEventForFilters(EventDispatchThread.java:201)
	at java.awt.EventDispatchThread.pumpEventsForFilter(EventDispatchThread.java:116)
	at java.awt.EventDispatchThread.pumpEventsForHierarchy(EventDispatchThread.java:105)
	at java.awt.EventDispatchThread.pumpEvents(EventDispatchThread.java:101)
	at java.awt.EventDispatchThread.pumpEvents(EventDispatchThread.java:93)
	at java.awt.EventDispatchThread.run(EventDispatchThread.java:82)
Caused by: ptolemy.kernel.util.InternalErrorException: Element <entity name="node1" class="ptolemy.actor.ptalon.demo.ptinyos.SenseToLeds.MicaBoard"> caused an exception to be thrown.
  in .SenseToLeds.SenseToLeds
Because:
Cannot find class: ptolemy.actor.ptalon.demo.ptinyos.SenseToLeds.MicaBoard. In Ptolemy, classes are typically Java .class files. Entities like actors may instead be defined within a .xml file.  In any case, the class was not found. If the class uses a third party package, then the class would be present only if the third party package was found at compile time.  It may be necessary to upgrade Java or install the third party package, reconfigure and recompile.
Because:
Element <entity name="MicaLeds" class="ptolemy.domains.ptinyos.lib.MicaLeds"> caused an exception to be thrown.
  in .MicaBoard
Because:
Cannot find class: ptolemy.domains.ptinyos.lib.MicaLeds. In Ptolemy, classes are typically Java .class files. Entities like actors may instead be defined within a .xml file.  In any case, the class was not found. If the class uses a third party package, then the class would be present only if the third party package was found at compile time.  It may be necessary to upgrade Java or install the third party package, reconfigure and recompile.
Because:
-- /home/travis/build/icyphy/ptII/ptolemy/actor/ptalon/demo/ptinyos/SenseToLeds/ptolemy/domains/ptinyos/lib/MicaLeds.xml (No such file or directory)
-- XML file not found relative to classpath.
-- /home/travis/build/icyphy/ptII/ptolemy/vergil/basic/export/test/ptolemy/domains/ptinyos/lib/MicaLeds.xml
/home/travis/build/icyphy/ptII/ptolemy/vergil/basic/export/test/ptolemy/domains/ptinyos/lib/MicaLeds.xml (No such file or directory)
 in file:/home/travis/build/icyphy/ptII/ptolemy/actor/ptalon/demo/ptinyos/SenseToLeds/MicaBoard.xml at line 134 and column 63
	at ptolemy.moml.SimpleErrorHandler.handleError(SimpleErrorHandler.java:75)
	at ptolemy.moml.MoMLParser.startElement(MoMLParser.java:3805)
	at com.microstar.xml.XmlParser.parseElement(XmlParser.java:931)
	at com.microstar.xml.XmlParser.parseDocument(XmlParser.java:481)
	at com.microstar.xml.XmlParser.doParse(XmlParser.java:159)
	at com.microstar.xml.XmlParser.parse(XmlParser.java:132)
	at ptolemy.moml.MoMLParser.parse(MoMLParser.java:1660)
	at ptolemy.moml.MoMLParser.parse(MoMLParser.java:1617)
	at ptolemy.moml.MoMLParser.parse(MoMLParser.java:1792)
	at ptolemy.actor.ptalon.PtalonEvaluator.addActor(PtalonEvaluator.java:241)
	... 56 more
Caused by: ptolemy.kernel.util.IllegalActionException: Cannot find class: ptolemy.actor.ptalon.demo.ptinyos.SenseToLeds.MicaBoard. In Ptolemy, classes are typically Java .class files. Entities like actors may instead be defined within a .xml file.  In any case, the class was not found. If the class uses a third party package, then the class would be present only if the third party package was found at compile time.  It may be necessary to upgrade Java or install the third party package, reconfigure and recompile.
Because:
Element <entity name="MicaLeds" class="ptolemy.domains.ptinyos.lib.MicaLeds"> caused an exception to be thrown.
  in .MicaBoard
Because:
Cannot find class: ptolemy.domains.ptinyos.lib.MicaLeds. In Ptolemy, classes are typically Java .class files. Entities like actors may instead be defined within a .xml file.  In any case, the class was not found. If the class uses a third party package, then the class would be present only if the third party package was found at compile time.  It may be necessary to upgrade Java or install the third party package, reconfigure and recompile.
Because:
-- /home/travis/build/icyphy/ptII/ptolemy/actor/ptalon/demo/ptinyos/SenseToLeds/ptolemy/domains/ptinyos/lib/MicaLeds.xml (No such file or directory)
-- XML file not found relative to classpath.
-- /home/travis/build/icyphy/ptII/ptolemy/vergil/basic/export/test/ptolemy/domains/ptinyos/lib/MicaLeds.xml
/home/travis/build/icyphy/ptII/ptolemy/vergil/basic/export/test/ptolemy/domains/ptinyos/lib/MicaLeds.xml (No such file or directory)
 in file:/home/travis/build/icyphy/ptII/ptolemy/actor/ptalon/demo/ptinyos/SenseToLeds/MicaBoard.xml at line 134 and column 63
	at ptolemy.moml.MoMLParser._createEntity(MoMLParser.java:4330)
	at ptolemy.moml.MoMLParser.startElement(MoMLParser.java:2864)
	... 64 more
Caused by: ptolemy.kernel.util.InternalErrorException: Element <entity name="MicaLeds" class="ptolemy.domains.ptinyos.lib.MicaLeds"> caused an exception to be thrown.
  in .MicaBoard
Because:
Cannot find class: ptolemy.domains.ptinyos.lib.MicaLeds. In Ptolemy, classes are typically Java .class files. Entities like actors may instead be defined within a .xml file.  In any case, the class was not found. If the class uses a third party package, then the class would be present only if the third party package was found at compile time.  It may be necessary to upgrade Java or install the third party package, reconfigure and recompile.
Because:
-- /home/travis/build/icyphy/ptII/ptolemy/actor/ptalon/demo/ptinyos/SenseToLeds/ptolemy/domains/ptinyos/lib/MicaLeds.xml (No such file or directory)
-- XML file not found relative to classpath.
-- /home/travis/build/icyphy/ptII/ptolemy/vergil/basic/export/test/ptolemy/domains/ptinyos/lib/MicaLeds.xml
/home/travis/build/icyphy/ptII/ptolemy/vergil/basic/export/test/ptolemy/domains/ptinyos/lib/MicaLeds.xml (No such file or directory)
 in file:/home/travis/build/icyphy/ptII/ptolemy/actor/ptalon/demo/ptinyos/SenseToLeds/MicaBoard.xml at line 134 and column 63
	at ptolemy.moml.SimpleErrorHandler.handleError(SimpleErrorHandler.java:75)
	at ptolemy.moml.MoMLParser.startElement(MoMLParser.java:3805)
	at com.microstar.xml.XmlParser.parseElement(XmlParser.java:921)
	at com.microstar.xml.XmlParser.parseContent(XmlParser.java:1104)
	at com.microstar.xml.XmlParser.parseElement(XmlParser.java:924)
	at com.microstar.xml.XmlParser.parseDocument(XmlParser.java:481)
	at com.microstar.xml.XmlParser.doParse(XmlParser.java:159)
	at com.microstar.xml.XmlParser.parse(XmlParser.java:132)
	at ptolemy.moml.MoMLParser.parse(MoMLParser.java:1676)
	at ptolemy.moml.MoMLParser.parse(MoMLParser.java:1595)
	at ptolemy.moml.MoMLParser.parse(MoMLParser.java:1537)
	at ptolemy.moml.MoMLParser._findOrParse(MoMLParser.java:5286)
	at ptolemy.moml.MoMLParser._attemptToFindMoMLClass(MoMLParser.java:4075)
	at ptolemy.moml.MoMLParser._createEntity(MoMLParser.java:4323)
	... 65 more
Caused by: ptolemy.kernel.util.IllegalActionException: Cannot find class: ptolemy.domains.ptinyos.lib.MicaLeds. In Ptolemy, classes are typically Java .class files. Entities like actors may instead be defined within a .xml file.  In any case, the class was not found. If the class uses a third party package, then the class would be present only if the third party package was found at compile time.  It may be necessary to upgrade Java or install the third party package, reconfigure and recompile.
Because:
-- /home/travis/build/icyphy/ptII/ptolemy/actor/ptalon/demo/ptinyos/SenseToLeds/ptolemy/domains/ptinyos/lib/MicaLeds.xml (No such file or directory)
-- XML file not found relative to classpath.
-- /home/travis/build/icyphy/ptII/ptolemy/vergil/basic/export/test/ptolemy/domains/ptinyos/lib/MicaLeds.xml
/home/travis/build/icyphy/ptII/ptolemy/vergil/basic/export/test/ptolemy/domains/ptinyos/lib/MicaLeds.xml (No such file or directory)
 in file:/home/travis/build/icyphy/ptII/ptolemy/actor/ptalon/demo/ptinyos/SenseToLeds/MicaBoard.xml at line 134 and column 63
	at ptolemy.moml.MoMLParser._createEntity(MoMLParser.java:4330)
	at ptolemy.moml.MoMLParser.startElement(MoMLParser.java:2864)
	... 77 more
Caused by: com.microstar.xml.XmlException: -- /home/travis/build/icyphy/ptII/ptolemy/actor/ptalon/demo/ptinyos/SenseToLeds/ptolemy/domains/ptinyos/lib/MicaLeds.xml (No such file or directory)
-- XML file not found relative to classpath.
-- /home/travis/build/icyphy/ptII/ptolemy/vergil/basic/export/test/ptolemy/domains/ptinyos/lib/MicaLeds.xml
/home/travis/build/icyphy/ptII/ptolemy/vergil/basic/export/test/ptolemy/domains/ptinyos/lib/MicaLeds.xml (No such file or directory)
 in file:/home/travis/build/icyphy/ptII/ptolemy/actor/ptalon/demo/ptinyos/SenseToLeds/MicaBoard.xml at line 134 and column 63
	at ptolemy.moml.MoMLParser.fileNameToURL(MoMLParser.java:1414)
	at ptolemy.moml.MoMLParser._findOrParse(MoMLParser.java:5283)
	at ptolemy.moml.MoMLParser._attemptToFindMoMLClass(MoMLParser.java:4075)
	at ptolemy.moml.MoMLParser._createEntity(MoMLParser.java:4323)
	... 78 more
ptolemy.kernel.util.IllegalActionException: Failed to process attribute change to PtalonParameter, whose value is "ptolemy.actor.ptalon.PtalonExpressionParameter {.SenseToLeds.SenseToLeds.n} 2".
  in .SenseToLeds.SenseToLeds
Because:
Unable to add actor null
	at ptolemy.actor.ptalon.PtalonActor.attributeChanged(PtalonActor.java:211)
	at ptolemy.actor.ptalon.PtalonMLHandler.startElement(PtalonMLHandler.java:134)
	at com.microstar.xml.XmlParser.parseElement(XmlParser.java:921)
	at com.microstar.xml.XmlParser.parseContent(XmlParser.java:1104)
	at com.microstar.xml.XmlParser.parseElement(XmlParser.java:924)
	at com.microstar.xml.XmlParser.parseDocument(XmlParser.java:481)
	at com.microstar.xml.XmlParser.doParse(XmlParser.java:159)
	at com.microstar.xml.XmlParser.parse(XmlParser.java:132)
	at ptolemy.actor.ptalon.PtalonActor.configure(PtalonActor.java:240)
	at ptolemy.moml.MoMLParser.endElement(MoMLParser.java:996)
	at com.microstar.xml.XmlParser.parseETag(XmlParser.java:1026)
	at com.microstar.xml.XmlParser.parseContent(XmlParser.java:1098)
	at com.microstar.xml.XmlParser.parseElement(XmlParser.java:924)
	at com.microstar.xml.XmlParser.parseContent(XmlParser.java:1104)
	at com.microstar.xml.XmlParser.parseElement(XmlParser.java:924)
	at com.microstar.xml.XmlParser.parseContent(XmlParser.java:1104)
	at com.microstar.xml.XmlParser.parseElement(XmlParser.java:924)
	at com.microstar.xml.XmlParser.parseDocument(XmlParser.java:481)
	at com.microstar.xml.XmlParser.doParse(XmlParser.java:159)
	at com.microstar.xml.XmlParser.parse(XmlParser.java:132)
	at ptolemy.moml.MoMLParser.parse(MoMLParser.java:1676)
	at ptolemy.moml.MoMLParser.parse(MoMLParser.java:1595)
	at ptolemy.moml.MoMLParser.parse(MoMLParser.java:1537)
	at ptolemy.actor.gui.PtolemyEffigy$Factory.createEffigy(PtolemyEffigy.java:424)
	at ptolemy.actor.gui.EffigyFactory.createEffigy(EffigyFactory.java:234)
	at ptolemy.actor.gui.Configuration.openModel(Configuration.java:1125)
	at ptolemy.actor.gui.Configuration.openModel(Configuration.java:1051)
	at ptolemy.actor.gui.ConfigurationApplication._openModel(ConfigurationApplication.java:1252)
	at ptolemy.actor.gui.ConfigurationApplication._parseArg(ConfigurationApplication.java:1399)
	at ptolemy.actor.gui.ConfigurationApplication._parseArgs(ConfigurationApplication.java:1478)
	at ptolemy.actor.gui.ConfigurationApplication.<init>(ConfigurationApplication.java:277)
	at ptolemy.actor.gui.ConfigurationApplication.<init>(ConfigurationApplication.java:214)
	at ptolemy.actor.gui.ConfigurationApplication.<init>(ConfigurationApplication.java:201)
	at ptolemy.actor.gui.ConfigurationApplication.openModelOrEntity(ConfigurationApplication.java:680)
	at ptolemy.vergil.basic.export.ExportModel$1.run(ExportModel.java:220)
	at java.awt.event.InvocationEvent.dispatch(InvocationEvent.java:301)
	at java.awt.EventQueue.dispatchEventImpl(EventQueue.java:756)
	at java.awt.EventQueue.access$500(EventQueue.java:97)
	at java.awt.EventQueue$3.run(EventQueue.java:709)
	at java.awt.EventQueue$3.run(EventQueue.java:703)
	at java.security.AccessController.doPrivileged(Native Method)
	at java.security.ProtectionDomain$JavaSecurityAccessImpl.doIntersectionPrivilege(ProtectionDomain.java:80)
	at java.awt.EventQueue.dispatchEvent(EventQueue.java:726)
	at java.awt.EventDispatchThread.pumpOneEventForFilters(EventDispatchThread.java:201)
	at java.awt.EventDispatchThread.pumpEventsForFilter(EventDispatchThread.java:116)
	at java.awt.EventDispatchThread.pumpEventsForHierarchy(EventDispatchThread.java:105)
	at java.awt.EventDispatchThread.pumpEvents(EventDispatchThread.java:101)
	at java.awt.EventDispatchThread.pumpEvents(EventDispatchThread.java:93)
	at java.awt.EventDispatchThread.run(EventDispatchThread.java:82)
Caused by: ptolemy.actor.ptalon.PtalonRuntimeException: Unable to add actor null
	at ptolemy.actor.ptalon.PtalonEvaluator.addActor(PtalonEvaluator.java:300)
	at ptolemy.actor.ptalon.PtalonPopulator.actor_declaration(PtalonPopulator.java:1574)
	at ptolemy.actor.ptalon.PtalonPopulator.atomic_statement(PtalonPopulator.java:1638)
	at ptolemy.actor.ptalon.PtalonPopulator.iterative_statement_evaluator(PtalonPopulator.java:2484)
	at ptolemy.actor.ptalon.AbstractPtalonEvaluator$IfTree.evaluateForScope(AbstractPtalonEvaluator.java:1307)
	at ptolemy.actor.ptalon.AbstractPtalonEvaluator.evaluateForScope(AbstractPtalonEvaluator.java:744)
	at ptolemy.actor.ptalon.PtalonPopulator.iterative_statement(PtalonPopulator.java:2363)
	at ptolemy.actor.ptalon.PtalonPopulator.actor_definition(PtalonPopulator.java:2809)
	at ptolemy.actor.ptalon.PtalonActor.attributeChanged(PtalonActor.java:206)
	... 48 more
Caused by: ptolemy.kernel.util.InternalErrorException: Element <entity name="node1" class="ptolemy.actor.ptalon.demo.ptinyos.SenseToLeds.MicaBoard"> caused an exception to be thrown.
  in .SenseToLeds.SenseToLeds
Because:
Cannot find class: ptolemy.actor.ptalon.demo.ptinyos.SenseToLeds.MicaBoard. In Ptolemy, classes are typically Java .class files. Entities like actors may instead be defined within a .xml file.  In any case, the class was not found. If the class uses a third party package, then the class would be present only if the third party package was found at compile time.  It may be necessary to upgrade Java or install the third party package, reconfigure and recompile.
Because:
Element <entity name="MicaLeds" class="ptolemy.domains.ptinyos.lib.MicaLeds"> caused an exception to be thrown.
  in .MicaBoard
Because:
Cannot find class: ptolemy.domains.ptinyos.lib.MicaLeds. In Ptolemy, classes are typically Java .class files. Entities like actors may instead be defined within a .xml file.  In any case, the class was not found. If the class uses a third party package, then the class would be present only if the third party package was found at compile time.  It may be necessary to upgrade Java or install the third party package, reconfigure and recompile.
Because:
-- /home/travis/build/icyphy/ptII/ptolemy/actor/ptalon/demo/ptinyos/SenseToLeds/ptolemy/domains/ptinyos/lib/MicaLeds.xml (No such file or directory)
-- XML file not found relative to classpath.
-- /home/travis/build/icyphy/ptII/ptolemy/vergil/basic/export/test/ptolemy/domains/ptinyos/lib/MicaLeds.xml
/home/travis/build/icyphy/ptII/ptolemy/vergil/basic/export/test/ptolemy/domains/ptinyos/lib/MicaLeds.xml (No such file or directory)
 in file:/home/travis/build/icyphy/ptII/ptolemy/actor/ptalon/demo/ptinyos/SenseToLeds/MicaBoard.xml at line 134 and column 63
	at ptolemy.moml.SimpleErrorHandler.handleError(SimpleErrorHandler.java:75)
	at ptolemy.moml.MoMLParser.startElement(MoMLParser.java:3805)
	at com.microstar.xml.XmlParser.parseElement(XmlParser.java:931)
	at com.microstar.xml.XmlParser.parseDocument(XmlParser.java:481)
	at com.microstar.xml.XmlParser.doParse(XmlParser.java:159)
	at com.microstar.xml.XmlParser.parse(XmlParser.java:132)
	at ptolemy.moml.MoMLParser.parse(MoMLParser.java:1660)
	at ptolemy.moml.MoMLParser.parse(MoMLParser.java:1617)
	at ptolemy.moml.MoMLParser.parse(MoMLParser.java:1792)
	at ptolemy.actor.ptalon.PtalonEvaluator.addActor(PtalonEvaluator.java:241)
	... 56 more
Caused by: ptolemy.kernel.util.IllegalActionException: Cannot find class: ptolemy.actor.ptalon.demo.ptinyos.SenseToLeds.MicaBoard. In Ptolemy, classes are typically Java .class files. Entities like actors may instead be defined within a .xml file.  In any case, the class was not found. If the class uses a third party package, then the class would be present only if the third party package was found at compile time.  It may be necessary to upgrade Java or install the third party package, reconfigure and recompile.
Because:
Element <entity name="MicaLeds" class="ptolemy.domains.ptinyos.lib.MicaLeds"> caused an exception to be thrown.
  in .MicaBoard
Because:
Cannot find class: ptolemy.domains.ptinyos.lib.MicaLeds. In Ptolemy, classes are typically Java .class files. Entities like actors may instead be defined within a .xml file.  In any case, the class was not found. If the class uses a third party package, then the class would be present only if the third party package was found at compile time.  It may be necessary to upgrade Java or install the third party package, reconfigure and recompile.
Because:
-- /home/travis/build/icyphy/ptII/ptolemy/actor/ptalon/demo/ptinyos/SenseToLeds/ptolemy/domains/ptinyos/lib/MicaLeds.xml (No such file or directory)
-- XML file not found relative to classpath.
-- /home/travis/build/icyphy/ptII/ptolemy/vergil/basic/export/test/ptolemy/domains/ptinyos/lib/MicaLeds.xml
/home/travis/build/icyphy/ptII/ptolemy/vergil/basic/export/test/ptolemy/domains/ptinyos/lib/MicaLeds.xml (No such file or directory)
 in file:/home/travis/build/icyphy/ptII/ptolemy/actor/ptalon/demo/ptinyos/SenseToLeds/MicaBoard.xml at line 134 and column 63
	at ptolemy.moml.MoMLParser._createEntity(MoMLParser.java:4330)
	at ptolemy.moml.MoMLParser.startElement(MoMLParser.java:2864)
	... 64 more
Caused by: ptolemy.kernel.util.InternalErrorException: Element <entity name="MicaLeds" class="ptolemy.domains.ptinyos.lib.MicaLeds"> caused an exception to be thrown.
  in .MicaBoard
Because:
Cannot find class: ptolemy.domains.ptinyos.lib.MicaLeds. In Ptolemy, classes are typically Java .class files. Entities like actors may instead be defined within a .xml file.  In any case, the class was not found. If the class uses a third party package, then the class would be present only if the third party package was found at compile time.  It may be necessary to upgrade Java or install the third party package, reconfigure and recompile.
Because:
-- /home/travis/build/icyphy/ptII/ptolemy/actor/ptalon/demo/ptinyos/SenseToLeds/ptolemy/domains/ptinyos/lib/MicaLeds.xml (No such file or directory)
-- XML file not found relative to classpath.
-- /home/travis/build/icyphy/ptII/ptolemy/vergil/basic/export/test/ptolemy/domains/ptinyos/lib/MicaLeds.xml
/home/travis/build/icyphy/ptII/ptolemy/vergil/basic/export/test/ptolemy/domains/ptinyos/lib/MicaLeds.xml (No such file or directory)
 in file:/home/travis/build/icyphy/ptII/ptolemy/actor/ptalon/demo/ptinyos/SenseToLeds/MicaBoard.xml at line 134 and column 63
	at ptolemy.moml.SimpleErrorHandler.handleError(SimpleErrorHandler.java:75)
	at ptolemy.moml.MoMLParser.startElement(MoMLParser.java:3805)
	at com.microstar.xml.XmlParser.parseElement(XmlParser.java:921)
	at com.microstar.xml.XmlParser.parseContent(XmlParser.java:1104)
	at com.microstar.xml.XmlParser.parseElement(XmlParser.java:924)
	at com.microstar.xml.XmlParser.parseDocument(XmlParser.java:481)
	at com.microstar.xml.XmlParser.doParse(XmlParser.java:159)
	at com.microstar.xml.XmlParser.parse(XmlParser.java:132)
	at ptolemy.moml.MoMLParser.parse(MoMLParser.java:1676)
	at ptolemy.moml.MoMLParser.parse(MoMLParser.java:1595)
	at ptolemy.moml.MoMLParser.parse(MoMLParser.java:1537)
	at ptolemy.moml.MoMLParser._findOrParse(MoMLParser.java:5286)
	at ptolemy.moml.MoMLParser._attemptToFindMoMLClass(MoMLParser.java:4075)
	at ptolemy.moml.MoMLParser._createEntity(MoMLParser.java:4323)
	... 65 more
Caused by: ptolemy.kernel.util.IllegalActionException: Cannot find class: ptolemy.domains.ptinyos.lib.MicaLeds. In Ptolemy, classes are typically Java .class files. Entities like actors may instead be defined within a .xml file.  In any case, the class was not found. If the class uses a third party package, then the class would be present only if the third party package was found at compile time.  It may be necessary to upgrade Java or install the third party package, reconfigure and recompile.
Because:
-- /home/travis/build/icyphy/ptII/ptolemy/actor/ptalon/demo/ptinyos/SenseToLeds/ptolemy/domains/ptinyos/lib/MicaLeds.xml (No such file or directory)
-- XML file not found relative to classpath.
-- /home/travis/build/icyphy/ptII/ptolemy/vergil/basic/export/test/ptolemy/domains/ptinyos/lib/MicaLeds.xml
/home/travis/build/icyphy/ptII/ptolemy/vergil/basic/export/test/ptolemy/domains/ptinyos/lib/MicaLeds.xml (No such file or directory)
 in file:/home/travis/build/icyphy/ptII/ptolemy/actor/ptalon/demo/ptinyos/SenseToLeds/MicaBoard.xml at line 134 and column 63
	at ptolemy.moml.MoMLParser._createEntity(MoMLParser.java:4330)
	at ptolemy.moml.MoMLParser.startElement(MoMLParser.java:2864)
	... 77 more
Caused by: com.microstar.xml.XmlException: -- /home/travis/build/icyphy/ptII/ptolemy/actor/ptalon/demo/ptinyos/SenseToLeds/ptolemy/domains/ptinyos/lib/MicaLeds.xml (No such file or directory)
-- XML file not found relative to classpath.
-- /home/travis/build/icyphy/ptII/ptolemy/vergil/basic/export/test/ptolemy/domains/ptinyos/lib/MicaLeds.xml
/home/travis/build/icyphy/ptII/ptolemy/vergil/basic/export/test/ptolemy/domains/ptinyos/lib/MicaLeds.xml (No such file or directory)
 in file:/home/travis/build/icyphy/ptII/ptolemy/actor/ptalon/demo/ptinyos/SenseToLeds/MicaBoard.xml at line 134 and column 63
	at ptolemy.moml.MoMLParser.fileNameToURL(MoMLParser.java:1414)
	at ptolemy.moml.MoMLParser._findOrParse(MoMLParser.java:5283)
	at ptolemy.moml.MoMLParser._attemptToFindMoMLClass(MoMLParser.java:4075)
	at ptolemy.moml.MoMLParser._createEntity(MoMLParser.java:4323)
	... 78 more
Caused by: ptolemy.actor.ptalon.PtalonRuntimeException: Unable to add actor null
	at ptolemy.actor.ptalon.PtalonEvaluator.addActor(PtalonEvaluator.java:300)
	at ptolemy.actor.ptalon.PtalonPopulator.actor_declaration(PtalonPopulator.java:1574)
	at ptolemy.actor.ptalon.PtalonPopulator.atomic_statement(PtalonPopulator.java:1638)
	at ptolemy.actor.ptalon.PtalonPopulator.iterative_statement_evaluator(PtalonPopulator.java:2484)
	at ptolemy.actor.ptalon.AbstractPtalonEvaluator$IfTree.evaluateForScope(AbstractPtalonEvaluator.java:1307)
	at ptolemy.actor.ptalon.AbstractPtalonEvaluator.evaluateForScope(AbstractPtalonEvaluator.java:744)
	at ptolemy.actor.ptalon.PtalonPopulator.iterative_statement(PtalonPopulator.java:2363)
	at ptolemy.actor.ptalon.PtalonPopulator.actor_definition(PtalonPopulator.java:2809)
	at ptolemy.actor.ptalon.PtalonActor.attributeChanged(PtalonActor.java:206)
	at ptolemy.actor.ptalon.PtalonMLHandler.startElement(PtalonMLHandler.java:134)
	at com.microstar.xml.XmlParser.parseElement(XmlParser.java:921)
	at com.microstar.xml.XmlParser.parseContent(XmlParser.java:1104)
	at com.microstar.xml.XmlParser.parseElement(XmlParser.java:924)
	at com.microstar.xml.XmlParser.parseDocument(XmlParser.java:481)
	at com.microstar.xml.XmlParser.doParse(XmlParser.java:159)
	at com.microstar.xml.XmlParser.parse(XmlParser.java:132)
	at ptolemy.actor.ptalon.PtalonActor.configure(PtalonActor.java:240)
	at ptolemy.moml.MoMLParser.endElement(MoMLParser.java:996)
	at com.microstar.xml.XmlParser.parseETag(XmlParser.java:1026)
	at com.microstar.xml.XmlParser.parseContent(XmlParser.java:1098)
	at com.microstar.xml.XmlParser.parseElement(XmlParser.java:924)
	at com.microstar.xml.XmlParser.parseContent(XmlParser.java:1104)
	at com.microstar.xml.XmlParser.parseElement(XmlParser.java:924)
	at com.microstar.xml.XmlParser.parseContent(XmlParser.java:1104)
	at com.microstar.xml.XmlParser.parseElement(XmlParser.java:924)
	at com.microstar.xml.XmlParser.parseDocument(XmlParser.java:481)
	at com.microstar.xml.XmlParser.doParse(XmlParser.java:159)
	at com.microstar.xml.XmlParser.parse(XmlParser.java:132)
	at ptolemy.moml.MoMLParser.parse(MoMLParser.java:1676)
	at ptolemy.moml.MoMLParser.parse(MoMLParser.java:1595)
	at ptolemy.moml.MoMLParser.parse(MoMLParser.java:1537)
	at ptolemy.actor.gui.PtolemyEffigy$Factory.createEffigy(PtolemyEffigy.java:424)
	at ptolemy.actor.gui.EffigyFactory.createEffigy(EffigyFactory.java:234)
	at ptolemy.actor.gui.Configuration.openModel(Configuration.java:1125)
	at ptolemy.actor.gui.Configuration.openModel(Configuration.java:1051)
	at ptolemy.actor.gui.ConfigurationApplication._openModel(ConfigurationApplication.java:1252)
	at ptolemy.actor.gui.ConfigurationApplication._parseArg(ConfigurationApplication.java:1399)
	at ptolemy.actor.gui.ConfigurationApplication._parseArgs(ConfigurationApplication.java:1478)
	at ptolemy.actor.gui.ConfigurationApplication.<init>(ConfigurationApplication.java:277)
	at ptolemy.actor.gui.ConfigurationApplication.<init>(ConfigurationApplication.java:214)
	at ptolemy.actor.gui.ConfigurationApplication.<init>(ConfigurationApplication.java:201)
	at ptolemy.actor.gui.ConfigurationApplication.openModelOrEntity(ConfigurationApplication.java:680)
	at ptolemy.vergil.basic.export.ExportModel$1.run(ExportModel.java:220)
	at java.awt.event.InvocationEvent.dispatch(InvocationEvent.java:301)
	at java.awt.EventQueue.dispatchEventImpl(EventQueue.java:756)
	at java.awt.EventQueue.access$500(EventQueue.java:97)
	at java.awt.EventQueue$3.run(EventQueue.java:709)
	at java.awt.EventQueue$3.run(EventQueue.java:703)
	at java.security.AccessController.doPrivileged(Native Method)
	at java.security.ProtectionDomain$JavaSecurityAccessImpl.doIntersectionPrivilege(ProtectionDomain.java:80)
	at java.awt.EventQueue.dispatchEvent(EventQueue.java:726)
	at java.awt.EventDispatchThread.pumpOneEventForFilters(EventDispatchThread.java:201)
	at java.awt.EventDispatchThread.pumpEventsForFilter(EventDispatchThread.java:116)
	at java.awt.EventDispatchThread.pumpEventsForHierarchy(EventDispatchThread.java:105)
	at java.awt.EventDispatchThread.pumpEvents(EventDispatchThread.java:101)
	at java.awt.EventDispatchThread.pumpEvents(EventDispatchThread.java:93)
	at java.awt.EventDispatchThread.run(EventDispatchThread.java:82)
Caused by: ptolemy.kernel.util.InternalErrorException: Element <entity name="node1" class="ptolemy.actor.ptalon.demo.ptinyos.SenseToLeds.MicaBoard"> caused an exception to be thrown.
  in .SenseToLeds.SenseToLeds
Because:
Cannot find class: ptolemy.actor.ptalon.demo.ptinyos.SenseToLeds.MicaBoard. In Ptolemy, classes are typically Java .class files. Entities like actors may instead be defined within a .xml file.  In any case, the class was not found. If the class uses a third party package, then the class would be present only if the third party package was found at compile time.  It may be necessary to upgrade Java or install the third party package, reconfigure and recompile.
Because:
Element <entity name="MicaLeds" class="ptolemy.domains.ptinyos.lib.MicaLeds"> caused an exception to be thrown.
  in .MicaBoard
Because:
Cannot find class: ptolemy.domains.ptinyos.lib.MicaLeds. In Ptolemy, classes are typically Java .class files. Entities like actors may instead be defined within a .xml file.  In any case, the class was not found. If the class uses a third party package, then the class would be present only if the third party package was found at compile time.  It may be necessary to upgrade Java or install the third party package, reconfigure and recompile.
Because:
-- /home/travis/build/icyphy/ptII/ptolemy/actor/ptalon/demo/ptinyos/SenseToLeds/ptolemy/domains/ptinyos/lib/MicaLeds.xml (No such file or directory)
-- XML file not found relative to classpath.
-- /home/travis/build/icyphy/ptII/ptolemy/vergil/basic/export/test/ptolemy/domains/ptinyos/lib/MicaLeds.xml
/home/travis/build/icyphy/ptII/ptolemy/vergil/basic/export/test/ptolemy/domains/ptinyos/lib/MicaLeds.xml (No such file or directory)
 in file:/home/travis/build/icyphy/ptII/ptolemy/actor/ptalon/demo/ptinyos/SenseToLeds/MicaBoard.xml at line 134 and column 63
	at ptolemy.moml.SimpleErrorHandler.handleError(SimpleErrorHandler.java:75)
	at ptolemy.moml.MoMLParser.startElement(MoMLParser.java:3805)
	at com.microstar.xml.XmlParser.parseElement(XmlParser.java:931)
	at com.microstar.xml.XmlParser.parseDocument(XmlParser.java:481)
	at com.microstar.xml.XmlParser.doParse(XmlParser.java:159)
	at com.microstar.xml.XmlParser.parse(XmlParser.java:132)
	at ptolemy.moml.MoMLParser.parse(MoMLParser.java:1660)
	at ptolemy.moml.MoMLParser.parse(MoMLParser.java:1617)
	at ptolemy.moml.MoMLParser.parse(MoMLParser.java:1792)
	at ptolemy.actor.ptalon.PtalonEvaluator.addActor(PtalonEvaluator.java:241)
	... 56 more
Caused by: ptolemy.kernel.util.IllegalActionException: Cannot find class: ptolemy.actor.ptalon.demo.ptinyos.SenseToLeds.MicaBoard. In Ptolemy, classes are typically Java .class files. Entities like actors may instead be defined within a .xml file.  In any case, the class was not found. If the class uses a third party package, then the class would be present only if the third party package was found at compile time.  It may be necessary to upgrade Java or install the third party package, reconfigure and recompile.
Because:
Element <entity name="MicaLeds" class="ptolemy.domains.ptinyos.lib.MicaLeds"> caused an exception to be thrown.
  in .MicaBoard
Because:
Cannot find class: ptolemy.domains.ptinyos.lib.MicaLeds. In Ptolemy, classes are typically Java .class files. Entities like actors may instead be defined within a .xml file.  In any case, the class was not found. If the class uses a third party package, then the class would be present only if the third party package was found at compile time.  It may be necessary to upgrade Java or install the third party package, reconfigure and recompile.
Because:
-- /home/travis/build/icyphy/ptII/ptolemy/actor/ptalon/demo/ptinyos/SenseToLeds/ptolemy/domains/ptinyos/lib/MicaLeds.xml (No such file or directory)
-- XML file not found relative to classpath.
-- /home/travis/build/icyphy/ptII/ptolemy/vergil/basic/export/test/ptolemy/domains/ptinyos/lib/MicaLeds.xml
/home/travis/build/icyphy/ptII/ptolemy/vergil/basic/export/test/ptolemy/domains/ptinyos/lib/MicaLeds.xml (No such file or directory)
 in file:/home/travis/build/icyphy/ptII/ptolemy/actor/ptalon/demo/ptinyos/SenseToLeds/MicaBoard.xml at line 134 and column 63
	at ptolemy.moml.MoMLParser._createEntity(MoMLParser.java:4330)
	at ptolemy.moml.MoMLParser.startElement(MoMLParser.java:2864)
	... 64 more
Caused by: ptolemy.kernel.util.InternalErrorException: Element <entity name="MicaLeds" class="ptolemy.domains.ptinyos.lib.MicaLeds"> caused an exception to be thrown.
  in .MicaBoard
Because:
Cannot find class: ptolemy.domains.ptinyos.lib.MicaLeds. In Ptolemy, classes are typically Java .class files. Entities like actors may instead be defined within a .xml file.  In any case, the class was not found. If the class uses a third party package, then the class would be present only if the third party package was found at compile time.  It may be necessary to upgrade Java or install the third party package, reconfigure and recompile.
Because:
-- /home/travis/build/icyphy/ptII/ptolemy/actor/ptalon/demo/ptinyos/SenseToLeds/ptolemy/domains/ptinyos/lib/MicaLeds.xml (No such file or directory)
-- XML file not found relative to classpath.
-- /home/travis/build/icyphy/ptII/ptolemy/vergil/basic/export/test/ptolemy/domains/ptinyos/lib/MicaLeds.xml
/home/travis/build/icyphy/ptII/ptolemy/vergil/basic/export/test/ptolemy/domains/ptinyos/lib/MicaLeds.xml (No such file or directory)
 in file:/home/travis/build/icyphy/ptII/ptolemy/actor/ptalon/demo/ptinyos/SenseToLeds/MicaBoard.xml at line 134 and column 63
	at ptolemy.moml.SimpleErrorHandler.handleError(SimpleErrorHandler.java:75)
	at ptolemy.moml.MoMLParser.startElement(MoMLParser.java:3805)
	at com.microstar.xml.XmlParser.parseElement(XmlParser.java:921)
	at com.microstar.xml.XmlParser.parseContent(XmlParser.java:1104)
	at com.microstar.xml.XmlParser.parseElement(XmlParser.java:924)
	at com.microstar.xml.XmlParser.parseDocument(XmlParser.java:481)
	at com.microstar.xml.XmlParser.doParse(XmlParser.java:159)
	at com.microstar.xml.XmlParser.parse(XmlParser.java:132)
	at ptolemy.moml.MoMLParser.parse(MoMLParser.java:1676)
	at ptolemy.moml.MoMLParser.parse(MoMLParser.java:1595)
	at ptolemy.moml.MoMLParser.parse(MoMLParser.java:1537)
	at ptolemy.moml.MoMLParser._findOrParse(MoMLParser.java:5286)
	at ptolemy.moml.MoMLParser._attemptToFindMoMLClass(MoMLParser.java:4075)
	at ptolemy.moml.MoMLParser._createEntity(MoMLParser.java:4323)
	... 65 more
Caused by: ptolemy.kernel.util.IllegalActionException: Cannot find class: ptolemy.domains.ptinyos.lib.MicaLeds. In Ptolemy, classes are typically Java .class files. Entities like actors may instead be defined within a .xml file.  In any case, the class was not found. If the class uses a third party package, then the class would be present only if the third party package was found at compile time.  It may be necessary to upgrade Java or install the third party package, reconfigure and recompile.
Because:
-- /home/travis/build/icyphy/ptII/ptolemy/actor/ptalon/demo/ptinyos/SenseToLeds/ptolemy/domains/ptinyos/lib/MicaLeds.xml (No such file or directory)
-- XML file not found relative to classpath.
-- /home/travis/build/icyphy/ptII/ptolemy/vergil/basic/export/test/ptolemy/domains/ptinyos/lib/MicaLeds.xml
/home/travis/build/icyphy/ptII/ptolemy/vergil/basic/export/test/ptolemy/domains/ptinyos/lib/MicaLeds.xml (No such file or directory)
 in file:/home/travis/build/icyphy/ptII/ptolemy/actor/ptalon/demo/ptinyos/SenseToLeds/MicaBoard.xml at line 134 and column 63
	at ptolemy.moml.MoMLParser._createEntity(MoMLParser.java:4330)
	at ptolemy.moml.MoMLParser.startElement(MoMLParser.java:2864)
	... 77 more
Caused by: com.microstar.xml.XmlException: -- /home/travis/build/icyphy/ptII/ptolemy/actor/ptalon/demo/ptinyos/SenseToLeds/ptolemy/domains/ptinyos/lib/MicaLeds.xml (No such file or directory)
-- XML file not found relative to classpath.
-- /home/travis/build/icyphy/ptII/ptolemy/vergil/basic/export/test/ptolemy/domains/ptinyos/lib/MicaLeds.xml
/home/travis/build/icyphy/ptII/ptolemy/vergil/basic/export/test/ptolemy/domains/ptinyos/lib/MicaLeds.xml (No such file or directory)
 in file:/home/travis/build/icyphy/ptII/ptolemy/actor/ptalon/demo/ptinyos/SenseToLeds/MicaBoard.xml at line 134 and column 63
	at ptolemy.moml.MoMLParser.fileNameToURL(MoMLParser.java:1414)
	at ptolemy.moml.MoMLParser._findOrParse(MoMLParser.java:5283)
	at ptolemy.moml.MoMLParser._attemptToFindMoMLClass(MoMLParser.java:4075)
	at ptolemy.moml.MoMLParser._createEntity(MoMLParser.java:4323)
	... 78 more
Failed to read file:/home/travis/build/icyphy/ptII/ptolemy/actor/ptalon/demo/ptinyos/SenseToLeds/SenseToLeds.xml
ptolemy.kernel.util.IllegalActionException: Failed to process attribute change to PtalonParameter, whose value is "ptolemy.actor.ptalon.PtalonExpressionParameter {.SenseToLeds.SenseToLeds.n} 2".
  in .SenseToLeds.SenseToLeds
Because:
Unable to add actor null
	at ptolemy.actor.ptalon.PtalonActor.attributeChanged(PtalonActor.java:211)
	at ptolemy.actor.ptalon.PtalonMLHandler.startElement(PtalonMLHandler.java:134)
	at com.microstar.xml.XmlParser.parseElement(XmlParser.java:921)
	at com.microstar.xml.XmlParser.parseContent(XmlParser.java:1104)
	at com.microstar.xml.XmlParser.parseElement(XmlParser.java:924)
	at com.microstar.xml.XmlParser.parseDocument(XmlParser.java:481)
	at com.microstar.xml.XmlParser.doParse(XmlParser.java:159)
	at com.microstar.xml.XmlParser.parse(XmlParser.java:132)
	at ptolemy.actor.ptalon.PtalonActor.configure(PtalonActor.java:240)
	at ptolemy.moml.MoMLParser.endElement(MoMLParser.java:996)
	at com.microstar.xml.XmlParser.parseETag(XmlParser.java:1026)
	at com.microstar.xml.XmlParser.parseContent(XmlParser.java:1098)
	at com.microstar.xml.XmlParser.parseElement(XmlParser.java:924)
	at com.microstar.xml.XmlParser.parseContent(XmlParser.java:1104)
	at com.microstar.xml.XmlParser.parseElement(XmlParser.java:924)
	at com.microstar.xml.XmlParser.parseContent(XmlParser.java:1104)
	at com.microstar.xml.XmlParser.parseElement(XmlParser.java:924)
	at com.microstar.xml.XmlParser.parseDocument(XmlParser.java:481)
	at com.microstar.xml.XmlParser.doParse(XmlParser.java:159)
	at com.microstar.xml.XmlParser.parse(XmlParser.java:132)
	at ptolemy.moml.MoMLParser.parse(MoMLParser.java:1676)
	at ptolemy.moml.MoMLParser.parse(MoMLParser.java:1595)
	at ptolemy.moml.MoMLParser.parse(MoMLParser.java:1537)
	at ptolemy.actor.gui.PtolemyEffigy$Factory.createEffigy(PtolemyEffigy.java:424)
	at ptolemy.actor.gui.EffigyFactory.createEffigy(EffigyFactory.java:234)
	at ptolemy.actor.gui.Configuration.openModel(Configuration.java:1125)
	at ptolemy.actor.gui.Configuration.openModel(Configuration.java:1051)
	at ptolemy.actor.gui.ConfigurationApplication._openModel(ConfigurationApplication.java:1252)
	at ptolemy.actor.gui.ConfigurationApplication._parseArg(ConfigurationApplication.java:1399)
	at ptolemy.actor.gui.ConfigurationApplication._parseArgs(ConfigurationApplication.java:1478)
	at ptolemy.actor.gui.ConfigurationApplication.<init>(ConfigurationApplication.java:277)
	at ptolemy.actor.gui.ConfigurationApplication.<init>(ConfigurationApplication.java:214)
	at ptolemy.actor.gui.ConfigurationApplication.<init>(ConfigurationApplication.java:201)
	at ptolemy.actor.gui.ConfigurationApplication.openModelOrEntity(ConfigurationApplication.java:680)
	at ptolemy.vergil.basic.export.ExportModel$1.run(ExportModel.java:220)
	at java.awt.event.InvocationEvent.dispatch(InvocationEvent.java:301)
	at java.awt.EventQueue.dispatchEventImpl(EventQueue.java:756)
	at java.awt.EventQueue.access$500(EventQueue.java:97)
	at java.awt.EventQueue$3.run(EventQueue.java:709)
	at java.awt.EventQueue$3.run(EventQueue.java:703)
	at java.security.AccessController.doPrivileged(Native Method)
	at java.security.ProtectionDomain$JavaSecurityAccessImpl.doIntersectionPrivilege(ProtectionDomain.java:80)
	at java.awt.EventQueue.dispatchEvent(EventQueue.java:726)
	at java.awt.EventDispatchThread.pumpOneEventForFilters(EventDispatchThread.java:201)
	at java.awt.EventDispatchThread.pumpEventsForFilter(EventDispatchThread.java:116)
	at java.awt.EventDispatchThread.pumpEventsForHierarchy(EventDispatchThread.java:105)
	at java.awt.EventDispatchThread.pumpEvents(EventDispatchThread.java:101)
	at java.awt.EventDispatchThread.pumpEvents(EventDispatchThread.java:93)
	at java.awt.EventDispatchThread.run(EventDispatchThread.java:82)
Caused by: ptolemy.actor.ptalon.PtalonRuntimeException: Unable to add actor null
	at ptolemy.actor.ptalon.PtalonEvaluator.addActor(PtalonEvaluator.java:300)
	at ptolemy.actor.ptalon.PtalonPopulator.actor_declaration(PtalonPopulator.java:1574)
	at ptolemy.actor.ptalon.PtalonPopulator.atomic_statement(PtalonPopulator.java:1638)
	at ptolemy.actor.ptalon.PtalonPopulator.iterative_statement_evaluator(PtalonPopulator.java:2484)
	at ptolemy.actor.ptalon.AbstractPtalonEvaluator$IfTree.evaluateForScope(AbstractPtalonEvaluator.java:1307)
	at ptolemy.actor.ptalon.AbstractPtalonEvaluator.evaluateForScope(AbstractPtalonEvaluator.java:744)
	at ptolemy.actor.ptalon.PtalonPopulator.iterative_statement(PtalonPopulator.java:2363)
	at ptolemy.actor.ptalon.PtalonPopulator.actor_definition(PtalonPopulator.java:2809)
	at ptolemy.actor.ptalon.PtalonActor.attributeChanged(PtalonActor.java:206)
	... 48 more
Caused by: ptolemy.kernel.util.InternalErrorException: Element <entity name="node1" class="ptolemy.actor.ptalon.demo.ptinyos.SenseToLeds.MicaBoard"> caused an exception to be thrown.
  in .SenseToLeds.SenseToLeds
Because:
Cannot find class: ptolemy.actor.ptalon.demo.ptinyos.SenseToLeds.MicaBoard. In Ptolemy, classes are typically Java .class files. Entities like actors may instead be defined within a .xml file.  In any case, the class was not found. If the class uses a third party package, then the class would be present only if the third party package was found at compile time.  It may be necessary to upgrade Java or install the third party package, reconfigure and recompile.
Because:
Element <entity name="MicaLeds" class="ptolemy.domains.ptinyos.lib.MicaLeds"> caused an exception to be thrown.
  in .MicaBoard
Because:
Cannot find class: ptolemy.domains.ptinyos.lib.MicaLeds. In Ptolemy, classes are typically Java .class files. Entities like actors may instead be defined within a .xml file.  In any case, the class was not found. If the class uses a third party package, then the class would be present only if the third party package was found at compile time.  It may be necessary to upgrade Java or install the third party package, reconfigure and recompile.
Because:
-- /home/travis/build/icyphy/ptII/ptolemy/actor/ptalon/demo/ptinyos/SenseToLeds/ptolemy/domains/ptinyos/lib/MicaLeds.xml (No such file or directory)
-- XML file not found relative to classpath.
-- /home/travis/build/icyphy/ptII/ptolemy/vergil/basic/export/test/ptolemy/domains/ptinyos/lib/MicaLeds.xml
/home/travis/build/icyphy/ptII/ptolemy/vergil/basic/export/test/ptolemy/domains/ptinyos/lib/MicaLeds.xml (No such file or directory)
 in file:/home/travis/build/icyphy/ptII/ptolemy/actor/ptalon/demo/ptinyos/SenseToLeds/MicaBoard.xml at line 134 and column 63
	at ptolemy.moml.SimpleErrorHandler.handleError(SimpleErrorHandler.java:75)
	at ptolemy.moml.MoMLParser.startElement(MoMLParser.java:3805)
	at com.microstar.xml.XmlParser.parseElement(XmlParser.java:931)
	at com.microstar.xml.XmlParser.parseDocument(XmlParser.java:481)
	at com.microstar.xml.XmlParser.doParse(XmlParser.java:159)
	at com.microstar.xml.XmlParser.parse(XmlParser.java:132)
	at ptolemy.moml.MoMLParser.parse(MoMLParser.java:1660)
	at ptolemy.moml.MoMLParser.parse(MoMLParser.java:1617)
	at ptolemy.moml.MoMLParser.parse(MoMLParser.java:1792)
	at ptolemy.actor.ptalon.PtalonEvaluator.addActor(PtalonEvaluator.java:241)
	... 56 more
Caused by: ptolemy.kernel.util.IllegalActionException: Cannot find class: ptolemy.actor.ptalon.demo.ptinyos.SenseToLeds.MicaBoard. In Ptolemy, classes are typically Java .class files. Entities like actors may instead be defined within a .xml file.  In any case, the class was not found. If the class uses a third party package, then the class would be present only if the third party package was found at compile time.  It may be necessary to upgrade Java or install the third party package, reconfigure and recompile.
Because:
Element <entity name="MicaLeds" class="ptolemy.domains.ptinyos.lib.MicaLeds"> caused an exception to be thrown.
  in .MicaBoard
Because:
Cannot find class: ptolemy.domains.ptinyos.lib.MicaLeds. In Ptolemy, classes are typically Java .class files. Entities like actors may instead be defined within a .xml file.  In any case, the class was not found. If the class uses a third party package, then the class would be present only if the third party package was found at compile time.  It may be necessary to upgrade Java or install the third party package, reconfigure and recompile.
Because:
-- /home/travis/build/icyphy/ptII/ptolemy/actor/ptalon/demo/ptinyos/SenseToLeds/ptolemy/domains/ptinyos/lib/MicaLeds.xml (No such file or directory)
-- XML file not found relative to classpath.
-- /home/travis/build/icyphy/ptII/ptolemy/vergil/basic/export/test/ptolemy/domains/ptinyos/lib/MicaLeds.xml
/home/travis/build/icyphy/ptII/ptolemy/vergil/basic/export/test/ptolemy/domains/ptinyos/lib/MicaLeds.xml (No such file or directory)
 in file:/home/travis/build/icyphy/ptII/ptolemy/actor/ptalon/demo/ptinyos/SenseToLeds/MicaBoard.xml at line 134 and column 63
	at ptolemy.moml.MoMLParser._createEntity(MoMLParser.java:4330)
	at ptolemy.moml.MoMLParser.startElement(MoMLParser.java:2864)
	... 64 more
Caused by: ptolemy.kernel.util.InternalErrorException: Element <entity name="MicaLeds" class="ptolemy.domains.ptinyos.lib.MicaLeds"> caused an exception to be thrown.
  in .MicaBoard
Because:
Cannot find class: ptolemy.domains.ptinyos.lib.MicaLeds. In Ptolemy, classes are typically Java .class files. Entities like actors may instead be defined within a .xml file.  In any case, the class was not found. If the class uses a third party package, then the class would be present only if the third party package was found at compile time.  It may be necessary to upgrade Java or install the third party package, reconfigure and recompile.
Because:
-- /home/travis/build/icyphy/ptII/ptolemy/actor/ptalon/demo/ptinyos/SenseToLeds/ptolemy/domains/ptinyos/lib/MicaLeds.xml (No such file or directory)
-- XML file not found relative to classpath.
-- /home/travis/build/icyphy/ptII/ptolemy/vergil/basic/export/test/ptolemy/domains/ptinyos/lib/MicaLeds.xml
/home/travis/build/icyphy/ptII/ptolemy/vergil/basic/export/test/ptolemy/domains/ptinyos/lib/MicaLeds.xml (No such file or directory)
 in file:/home/travis/build/icyphy/ptII/ptolemy/actor/ptalon/demo/ptinyos/SenseToLeds/MicaBoard.xml at line 134 and column 63
	at ptolemy.moml.SimpleErrorHandler.handleError(SimpleErrorHandler.java:75)
	at ptolemy.moml.MoMLParser.startElement(MoMLParser.java:3805)
	at com.microstar.xml.XmlParser.parseElement(XmlParser.java:921)
	at com.microstar.xml.XmlParser.parseContent(XmlParser.java:1104)
	at com.microstar.xml.XmlParser.parseElement(XmlParser.java:924)
	at com.microstar.xml.XmlParser.parseDocument(XmlParser.java:481)
	at com.microstar.xml.XmlParser.doParse(XmlParser.java:159)
	at com.microstar.xml.XmlParser.parse(XmlParser.java:132)
	at ptolemy.moml.MoMLParser.parse(MoMLParser.java:1676)
	at ptolemy.moml.MoMLParser.parse(MoMLParser.java:1595)
	at ptolemy.moml.MoMLParser.parse(MoMLParser.java:1537)
	at ptolemy.moml.MoMLParser._findOrParse(MoMLParser.java:5286)
	at ptolemy.moml.MoMLParser._attemptToFindMoMLClass(MoMLParser.java:4075)
	at ptolemy.moml.MoMLParser._createEntity(MoMLParser.java:4323)
	... 65 more
Caused by: ptolemy.kernel.util.IllegalActionException: Cannot find class: ptolemy.domains.ptinyos.lib.MicaLeds. In Ptolemy, classes are typically Java .class files. Entities like actors may instead be defined within a .xml file.  In any case, the class was not found. If the class uses a third party package, then the class would be present only if the third party package was found at compile time.  It may be necessary to upgrade Java or install the third party package, reconfigure and recompile.
Because:
-- /home/travis/build/icyphy/ptII/ptolemy/actor/ptalon/demo/ptinyos/SenseToLeds/ptolemy/domains/ptinyos/lib/MicaLeds.xml (No such file or directory)
-- XML file not found relative to classpath.
-- /home/travis/build/icyphy/ptII/ptolemy/vergil/basic/export/test/ptolemy/domains/ptinyos/lib/MicaLeds.xml
/home/travis/build/icyphy/ptII/ptolemy/vergil/basic/export/test/ptolemy/domains/ptinyos/lib/MicaLeds.xml (No such file or directory)
 in file:/home/travis/build/icyphy/ptII/ptolemy/actor/ptalon/demo/ptinyos/SenseToLeds/MicaBoard.xml at line 134 and column 63
	at ptolemy.moml.MoMLParser._createEntity(MoMLParser.java:4330)
	at ptolemy.moml.MoMLParser.startElement(MoMLParser.java:2864)
	... 77 more
Caused by: com.microstar.xml.XmlException: -- /home/travis/build/icyphy/ptII/ptolemy/actor/ptalon/demo/ptinyos/SenseToLeds/ptolemy/domains/ptinyos/lib/MicaLeds.xml (No such file or directory)
-- XML file not found relative to classpath.
-- /home/travis/build/icyphy/ptII/ptolemy/vergil/basic/export/test/ptolemy/domains/ptinyos/lib/MicaLeds.xml
/home/travis/build/icyphy/ptII/ptolemy/vergil/basic/export/test/ptolemy/domains/ptinyos/lib/MicaLeds.xml (No such file or directory)
 in file:/home/travis/build/icyphy/ptII/ptolemy/actor/ptalon/demo/ptinyos/SenseToLeds/MicaBoard.xml at line 134 and column 63
	at ptolemy.moml.MoMLParser.fileNameToURL(MoMLParser.java:1414)
	at ptolemy.moml.MoMLParser._findOrParse(MoMLParser.java:5283)
	at ptolemy.moml.MoMLParser._attemptToFindMoMLClass(MoMLParser.java:4075)
	at ptolemy.moml.MoMLParser._createEntity(MoMLParser.java:4323)
	... 78 more
Caused by: ptolemy.actor.ptalon.PtalonRuntimeException: Unable to add actor null
	at ptolemy.actor.ptalon.PtalonEvaluator.addActor(PtalonEvaluator.java:300)
	at ptolemy.actor.ptalon.PtalonPopulator.actor_declaration(PtalonPopulator.java:1574)
	at ptolemy.actor.ptalon.PtalonPopulator.atomic_statement(PtalonPopulator.java:1638)
	at ptolemy.actor.ptalon.PtalonPopulator.iterative_statement_evaluator(PtalonPopulator.java:2484)
	at ptolemy.actor.ptalon.AbstractPtalonEvaluator$IfTree.evaluateForScope(AbstractPtalonEvaluator.java:1307)
	at ptolemy.actor.ptalon.AbstractPtalonEvaluator.evaluateForScope(AbstractPtalonEvaluator.java:744)
	at ptolemy.actor.ptalon.PtalonPopulator.iterative_statement(PtalonPopulator.java:2363)
	at ptolemy.actor.ptalon.PtalonPopulator.actor_definition(PtalonPopulator.java:2809)
	at ptolemy.actor.ptalon.PtalonActor.attributeChanged(PtalonActor.java:206)
	at ptolemy.actor.ptalon.PtalonMLHandler.startElement(PtalonMLHandler.java:134)
	at com.microstar.xml.XmlParser.parseElement(XmlParser.java:921)
	at com.microstar.xml.XmlParser.parseContent(XmlParser.java:1104)
	at com.microstar.xml.XmlParser.parseElement(XmlParser.java:924)
	at com.microstar.xml.XmlParser.parseDocument(XmlParser.java:481)
	at com.microstar.xml.XmlParser.doParse(XmlParser.java:159)
	at com.microstar.xml.XmlParser.parse(XmlParser.java:132)
	at ptolemy.actor.ptalon.PtalonActor.configure(PtalonActor.java:240)
	at ptolemy.moml.MoMLParser.endElement(MoMLParser.java:996)
	at com.microstar.xml.XmlParser.parseETag(XmlParser.java:1026)
	at com.microstar.xml.XmlParser.parseContent(XmlParser.java:1098)
	at com.microstar.xml.XmlParser.parseElement(XmlParser.java:924)
	at com.microstar.xml.XmlParser.parseContent(XmlParser.java:1104)
	at com.microstar.xml.XmlParser.parseElement(XmlParser.java:924)
	at com.microstar.xml.XmlParser.parseContent(XmlParser.java:1104)
	at com.microstar.xml.XmlParser.parseElement(XmlParser.java:924)
	at com.microstar.xml.XmlParser.parseDocument(XmlParser.java:481)
	at com.microstar.xml.XmlParser.doParse(XmlParser.java:159)
	at com.microstar.xml.XmlParser.parse(XmlParser.java:132)
	at ptolemy.moml.MoMLParser.parse(MoMLParser.java:1676)
	at ptolemy.moml.MoMLParser.parse(MoMLParser.java:1595)
	at ptolemy.moml.MoMLParser.parse(MoMLParser.java:1537)
	at ptolemy.actor.gui.PtolemyEffigy$Factory.createEffigy(PtolemyEffigy.java:424)
	at ptolemy.actor.gui.EffigyFactory.createEffigy(EffigyFactory.java:234)
	at ptolemy.actor.gui.Configuration.openModel(Configuration.java:1125)
	at ptolemy.actor.gui.Configuration.openModel(Configuration.java:1051)
	at ptolemy.actor.gui.ConfigurationApplication._openModel(ConfigurationApplication.java:1252)
	at ptolemy.actor.gui.ConfigurationApplication._parseArg(ConfigurationApplication.java:1399)
	at ptolemy.actor.gui.ConfigurationApplication._parseArgs(ConfigurationApplication.java:1478)
	at ptolemy.actor.gui.ConfigurationApplication.<init>(ConfigurationApplication.java:277)
	at ptolemy.actor.gui.ConfigurationApplication.<init>(ConfigurationApplication.java:214)
	at ptolemy.actor.gui.ConfigurationApplication.<init>(ConfigurationApplication.java:201)
	at ptolemy.actor.gui.ConfigurationApplication.openModelOrEntity(ConfigurationApplication.java:680)
	at ptolemy.vergil.basic.export.ExportModel$1.run(ExportModel.java:220)
	at java.awt.event.InvocationEvent.dispatch(InvocationEvent.java:301)
	at java.awt.EventQueue.dispatchEventImpl(EventQueue.java:756)
	at java.awt.EventQueue.access$500(EventQueue.java:97)
	at java.awt.EventQueue$3.run(EventQueue.java:709)
	at java.awt.EventQueue$3.run(EventQueue.java:703)
	at java.security.AccessController.doPrivileged(Native Method)
	at java.security.ProtectionDomain$JavaSecurityAccessImpl.doIntersectionPrivilege(ProtectionDomain.java:80)
	at java.awt.EventQueue.dispatchEvent(EventQueue.java:726)
	at java.awt.EventDispatchThread.pumpOneEventForFilters(EventDispatchThread.java:201)
	at java.awt.EventDispatchThread.pumpEventsForFilter(EventDispatchThread.java:116)
	at java.awt.EventDispatchThread.pumpEventsForHierarchy(EventDispatchThread.java:105)
	at java.awt.EventDispatchThread.pumpEvents(EventDispatchThread.java:101)
	at java.awt.EventDispatchThread.pumpEvents(EventDispatchThread.java:93)
	at java.awt.EventDispatchThread.run(EventDispatchThread.java:82)
Caused by: ptolemy.kernel.util.InternalErrorException: Element <entity name="node1" class="ptolemy.actor.ptalon.demo.ptinyos.SenseToLeds.MicaBoard"> caused an exception to be thrown.
  in .SenseToLeds.SenseToLeds
Because:
Cannot find class: ptolemy.actor.ptalon.demo.ptinyos.SenseToLeds.MicaBoard. In Ptolemy, classes are typically Java .class files. Entities like actors may instead be defined within a .xml file.  In any case, the class was not found. If the class uses a third party package, then the class would be present only if the third party package was found at compile time.  It may be necessary to upgrade Java or install the third party package, reconfigure and recompile.
Because:
Element <entity name="MicaLeds" class="ptolemy.domains.ptinyos.lib.MicaLeds"> caused an exception to be thrown.
  in .MicaBoard
Because:
Cannot find class: ptolemy.domains.ptinyos.lib.MicaLeds. In Ptolemy, classes are typically Java .class files. Entities like actors may instead be defined within a .xml file.  In any case, the class was not found. If the class uses a third party package, then the class would be present only if the third party package was found at compile time.  It may be necessary to upgrade Java or install the third party package, reconfigure and recompile.
Because:
-- /home/travis/build/icyphy/ptII/ptolemy/actor/ptalon/demo/ptinyos/SenseToLeds/ptolemy/domains/ptinyos/lib/MicaLeds.xml (No such file or directory)
-- XML file not found relative to classpath.
-- /home/travis/build/icyphy/ptII/ptolemy/vergil/basic/export/test/ptolemy/domains/ptinyos/lib/MicaLeds.xml
/home/travis/build/icyphy/ptII/ptolemy/vergil/basic/export/test/ptolemy/domains/ptinyos/lib/MicaLeds.xml (No such file or directory)
 in file:/home/travis/build/icyphy/ptII/ptolemy/actor/ptalon/demo/ptinyos/SenseToLeds/MicaBoard.xml at line 134 and column 63
	at ptolemy.moml.SimpleErrorHandler.handleError(SimpleErrorHandler.java:75)
	at ptolemy.moml.MoMLParser.startElement(MoMLParser.java:3805)
	at com.microstar.xml.XmlParser.parseElement(XmlParser.java:931)
	at com.microstar.xml.XmlParser.parseDocument(XmlParser.java:481)
	at com.microstar.xml.XmlParser.doParse(XmlParser.java:159)
	at com.microstar.xml.XmlParser.parse(XmlParser.java:132)
	at ptolemy.moml.MoMLParser.parse(MoMLParser.java:1660)
	at ptolemy.moml.MoMLParser.parse(MoMLParser.java:1617)
	at ptolemy.moml.MoMLParser.parse(MoMLParser.java:1792)
	at ptolemy.actor.ptalon.PtalonEvaluator.addActor(PtalonEvaluator.java:241)
	... 56 more
Caused by: ptolemy.kernel.util.IllegalActionException: Cannot find class: ptolemy.actor.ptalon.demo.ptinyos.SenseToLeds.MicaBoard. In Ptolemy, classes are typically Java .class files. Entities like actors may instead be defined within a .xml file.  In any case, the class was not found. If the class uses a third party package, then the class would be present only if the third party package was found at compile time.  It may be necessary to upgrade Java or install the third party package, reconfigure and recompile.
Because:
Element <entity name="MicaLeds" class="ptolemy.domains.ptinyos.lib.MicaLeds"> caused an exception to be thrown.
  in .MicaBoard
Because:
Cannot find class: ptolemy.domains.ptinyos.lib.MicaLeds. In Ptolemy, classes are typically Java .class files. Entities like actors may instead be defined within a .xml file.  In any case, the class was not found. If the class uses a third party package, then the class would be present only if the third party package was found at compile time.  It may be necessary to upgrade Java or install the third party package, reconfigure and recompile.
Because:
-- /home/travis/build/icyphy/ptII/ptolemy/actor/ptalon/demo/ptinyos/SenseToLeds/ptolemy/domains/ptinyos/lib/MicaLeds.xml (No such file or directory)
-- XML file not found relative to classpath.
-- /home/travis/build/icyphy/ptII/ptolemy/vergil/basic/export/test/ptolemy/domains/ptinyos/lib/MicaLeds.xml
/home/travis/build/icyphy/ptII/ptolemy/vergil/basic/export/test/ptolemy/domains/ptinyos/lib/MicaLeds.xml (No such file or directory)
 in file:/home/travis/build/icyphy/ptII/ptolemy/actor/ptalon/demo/ptinyos/SenseToLeds/MicaBoard.xml at line 134 and column 63
	at ptolemy.moml.MoMLParser._createEntity(MoMLParser.java:4330)
	at ptolemy.moml.MoMLParser.startElement(MoMLParser.java:2864)
	... 64 more
Caused by: ptolemy.kernel.util.InternalErrorException: Element <entity name="MicaLeds" class="ptolemy.domains.ptinyos.lib.MicaLeds"> caused an exception to be thrown.
  in .MicaBoard
Because:
Cannot find class: ptolemy.domains.ptinyos.lib.MicaLeds. In Ptolemy, classes are typically Java .class files. Entities like actors may instead be defined within a .xml file.  In any case, the class was not found. If the class uses a third party package, then the class would be present only if the third party package was found at compile time.  It may be necessary to upgrade Java or install the third party package, reconfigure and recompile.
Because:
-- /home/travis/build/icyphy/ptII/ptolemy/actor/ptalon/demo/ptinyos/SenseToLeds/ptolemy/domains/ptinyos/lib/MicaLeds.xml (No such file or directory)
-- XML file not found relative to classpath.
-- /home/travis/build/icyphy/ptII/ptolemy/vergil/basic/export/test/ptolemy/domains/ptinyos/lib/MicaLeds.xml
/home/travis/build/icyphy/ptII/ptolemy/vergil/basic/export/test/ptolemy/domains/ptinyos/lib/MicaLeds.xml (No such file or directory)
 in file:/home/travis/build/icyphy/ptII/ptolemy/actor/ptalon/demo/ptinyos/SenseToLeds/MicaBoard.xml at line 134 and column 63
	at ptolemy.moml.SimpleErrorHandler.handleError(SimpleErrorHandler.java:75)
	at ptolemy.moml.MoMLParser.startElement(MoMLParser.java:3805)
	at com.microstar.xml.XmlParser.parseElement(XmlParser.java:921)
	at com.microstar.xml.XmlParser.parseContent(XmlParser.java:1104)
	at com.microstar.xml.XmlParser.parseElement(XmlParser.java:924)
	at com.microstar.xml.XmlParser.parseDocument(XmlParser.java:481)
	at com.microstar.xml.XmlParser.doParse(XmlParser.java:159)
	at com.microstar.xml.XmlParser.parse(XmlParser.java:132)
	at ptolemy.moml.MoMLParser.parse(MoMLParser.java:1676)
	at ptolemy.moml.MoMLParser.parse(MoMLParser.java:1595)
	at ptolemy.moml.MoMLParser.parse(MoMLParser.java:1537)
	at ptolemy.moml.MoMLParser._findOrParse(MoMLParser.java:5286)
	at ptolemy.moml.MoMLParser._attemptToFindMoMLClass(MoMLParser.java:4075)
	at ptolemy.moml.MoMLParser._createEntity(MoMLParser.java:4323)
	... 65 more
Caused by: ptolemy.kernel.util.IllegalActionException: Cannot find class: ptolemy.domains.ptinyos.lib.MicaLeds. In Ptolemy, classes are typically Java .class files. Entities like actors may instead be defined within a .xml file.  In any case, the class was not found. If the class uses a third party package, then the class would be present only if the third party package was found at compile time.  It may be necessary to upgrade Java or install the third party package, reconfigure and recompile.
Because:
-- /home/travis/build/icyphy/ptII/ptolemy/actor/ptalon/demo/ptinyos/SenseToLeds/ptolemy/domains/ptinyos/lib/MicaLeds.xml (No such file or directory)
-- XML file not found relative to classpath.
-- /home/travis/build/icyphy/ptII/ptolemy/vergil/basic/export/test/ptolemy/domains/ptinyos/lib/MicaLeds.xml
/home/travis/build/icyphy/ptII/ptolemy/vergil/basic/export/test/ptolemy/domains/ptinyos/lib/MicaLeds.xml (No such file or directory)
 in file:/home/travis/build/icyphy/ptII/ptolemy/actor/ptalon/demo/ptinyos/SenseToLeds/MicaBoard.xml at line 134 and column 63
	at ptolemy.moml.MoMLParser._createEntity(MoMLParser.java:4330)
	at ptolemy.moml.MoMLParser.startElement(MoMLParser.java:2864)
	... 77 more
Caused by: com.microstar.xml.XmlException: -- /home/travis/build/icyphy/ptII/ptolemy/actor/ptalon/demo/ptinyos/SenseToLeds/ptolemy/domains/ptinyos/lib/MicaLeds.xml (No such file or directory)
-- XML file not found relative to classpath.
-- /home/travis/build/icyphy/ptII/ptolemy/vergil/basic/export/test/ptolemy/domains/ptinyos/lib/MicaLeds.xml
/home/travis/build/icyphy/ptII/ptolemy/vergil/basic/export/test/ptolemy/domains/ptinyos/lib/MicaLeds.xml (No such file or directory)
 in file:/home/travis/build/icyphy/ptII/ptolemy/actor/ptalon/demo/ptinyos/SenseToLeds/MicaBoard.xml at line 134 and column 63
	at ptolemy.moml.MoMLParser.fileNameToURL(MoMLParser.java:1414)
	at ptolemy.moml.MoMLParser._findOrParse(MoMLParser.java:5283)
	at ptolemy.moml.MoMLParser._attemptToFindMoMLClass(MoMLParser.java:4075)
	at ptolemy.moml.MoMLParser._createEntity(MoMLParser.java:4323)
	... 78 more
Failed to read file:/home/travis/build/icyphy/ptII/ptolemy/actor/ptalon/demo/ptinyos/SenseToLeds/SenseToLeds.xml
ptolemy.kernel.util.IllegalActionException: Failed to process attribute change to PtalonParameter, whose value is "ptolemy.actor.ptalon.PtalonExpressionParameter {.SenseToLeds.SenseToLeds.n} 2".
  in .SenseToLeds.SenseToLeds
Because:
Unable to add actor null
	at ptolemy.actor.ptalon.PtalonActor.attributeChanged(PtalonActor.java:211)
	at ptolemy.actor.ptalon.PtalonMLHandler.startElement(PtalonMLHandler.java:134)
	at com.microstar.xml.XmlParser.parseElement(XmlParser.java:921)
	at com.microstar.xml.XmlParser.parseContent(XmlParser.java:1104)
	at com.microstar.xml.XmlParser.parseElement(XmlParser.java:924)
	at com.microstar.xml.XmlParser.parseDocument(XmlParser.java:481)
	at com.microstar.xml.XmlParser.doParse(XmlParser.java:159)
	at com.microstar.xml.XmlParser.parse(XmlParser.java:132)
	at ptolemy.actor.ptalon.PtalonActor.configure(PtalonActor.java:240)
	at ptolemy.moml.MoMLParser.endElement(MoMLParser.java:996)
	at com.microstar.xml.XmlParser.parseETag(XmlParser.java:1026)
	at com.microstar.xml.XmlParser.parseContent(XmlParser.java:1098)
	at com.microstar.xml.XmlParser.parseElement(XmlParser.java:924)
	at com.microstar.xml.XmlParser.parseContent(XmlParser.java:1104)
	at com.microstar.xml.XmlParser.parseElement(XmlParser.java:924)
	at com.microstar.xml.XmlParser.parseContent(XmlParser.java:1104)
	at com.microstar.xml.XmlParser.parseElement(XmlParser.java:924)
	at com.microstar.xml.XmlParser.parseDocument(XmlParser.java:481)
	at com.microstar.xml.XmlParser.doParse(XmlParser.java:159)
	at com.microstar.xml.XmlParser.parse(XmlParser.java:132)
	at ptolemy.moml.MoMLParser.parse(MoMLParser.java:1676)
	at ptolemy.moml.MoMLParser.parse(MoMLParser.java:1595)
	at ptolemy.moml.MoMLParser.parse(MoMLParser.java:1537)
	at ptolemy.actor.gui.PtolemyEffigy$Factory.createEffigy(PtolemyEffigy.java:424)
	at ptolemy.actor.gui.EffigyFactory.createEffigy(EffigyFactory.java:234)
	at ptolemy.actor.gui.Configuration.openModel(Configuration.java:1125)
	at ptolemy.actor.gui.Configuration.openModel(Configuration.java:1051)
	at ptolemy.actor.gui.ConfigurationApplication._openModel(ConfigurationApplication.java:1252)
	at ptolemy.actor.gui.ConfigurationApplication._parseArg(ConfigurationApplication.java:1399)
	at ptolemy.actor.gui.ConfigurationApplication._parseArgs(ConfigurationApplication.java:1478)
	at ptolemy.actor.gui.ConfigurationApplication.<init>(ConfigurationApplication.java:277)
	at ptolemy.actor.gui.ConfigurationApplication.<init>(ConfigurationApplication.java:214)
	at ptolemy.actor.gui.ConfigurationApplication.<init>(ConfigurationApplication.java:201)
	at ptolemy.actor.gui.ConfigurationApplication.openModelOrEntity(ConfigurationApplication.java:680)
	at ptolemy.vergil.basic.export.ExportModel$1.run(ExportModel.java:220)
	at java.awt.event.InvocationEvent.dispatch(InvocationEvent.java:301)
	at java.awt.EventQueue.dispatchEventImpl(EventQueue.java:756)
	at java.awt.EventQueue.access$500(EventQueue.java:97)
	at java.awt.EventQueue$3.run(EventQueue.java:709)
	at java.awt.EventQueue$3.run(EventQueue.java:703)
	at java.security.AccessController.doPrivileged(Native Method)
	at java.security.ProtectionDomain$JavaSecurityAccessImpl.doIntersectionPrivilege(ProtectionDomain.java:80)
	at java.awt.EventQueue.dispatchEvent(EventQueue.java:726)
	at java.awt.EventDispatchThread.pumpOneEventForFilters(EventDispatchThread.java:201)
	at java.awt.EventDispatchThread.pumpEventsForFilter(EventDispatchThread.java:116)
	at java.awt.EventDispatchThread.pumpEventsForHierarchy(EventDispatchThread.java:105)
	at java.awt.EventDispatchThread.pumpEvents(EventDispatchThread.java:101)
	at java.awt.EventDispatchThread.pumpEvents(EventDispatchThread.java:93)
	at java.awt.EventDispatchThread.run(EventDispatchThread.java:82)
Caused by: ptolemy.actor.ptalon.PtalonRuntimeException: Unable to add actor null
	at ptolemy.actor.ptalon.PtalonEvaluator.addActor(PtalonEvaluator.java:300)
	at ptolemy.actor.ptalon.PtalonPopulator.actor_declaration(PtalonPopulator.java:1574)
	at ptolemy.actor.ptalon.PtalonPopulator.atomic_statement(PtalonPopulator.java:1638)
	at ptolemy.actor.ptalon.PtalonPopulator.iterative_statement_evaluator(PtalonPopulator.java:2484)
	at ptolemy.actor.ptalon.AbstractPtalonEvaluator$IfTree.evaluateForScope(AbstractPtalonEvaluator.java:1307)
	at ptolemy.actor.ptalon.AbstractPtalonEvaluator.evaluateForScope(AbstractPtalonEvaluator.java:744)
	at ptolemy.actor.ptalon.PtalonPopulator.iterative_statement(PtalonPopulator.java:2363)
	at ptolemy.actor.ptalon.PtalonPopulator.actor_definition(PtalonPopulator.java:2809)
	at ptolemy.actor.ptalon.PtalonActor.attributeChanged(PtalonActor.java:206)
	... 48 more
Caused by: ptolemy.kernel.util.InternalErrorException: Element <entity name="node1" class="ptolemy.actor.ptalon.demo.ptinyos.SenseToLeds.MicaBoard"> caused an exception to be thrown.
  in .SenseToLeds.SenseToLeds
Because:
Cannot find class: ptolemy.actor.ptalon.demo.ptinyos.SenseToLeds.MicaBoard. In Ptolemy, classes are typically Java .class files. Entities like actors may instead be defined within a .xml file.  In any case, the class was not found. If the class uses a third party package, then the class would be present only if the third party package was found at compile time.  It may be necessary to upgrade Java or install the third party package, reconfigure and recompile.
Because:
Element <entity name="MicaLeds" class="ptolemy.domains.ptinyos.lib.MicaLeds"> caused an exception to be thrown.
  in .MicaBoard
Because:
Cannot find class: ptolemy.domains.ptinyos.lib.MicaLeds. In Ptolemy, classes are typically Java .class files. Entities like actors may instead be defined within a .xml file.  In any case, the class was not found. If the class uses a third party package, then the class would be present only if the third party package was found at compile time.  It may be necessary to upgrade Java or install the third party package, reconfigure and recompile.
Because:
-- /home/travis/build/icyphy/ptII/ptolemy/actor/ptalon/demo/ptinyos/SenseToLeds/ptolemy/domains/ptinyos/lib/MicaLeds.xml (No such file or directory)
-- XML file not found relative to classpath.
-- /home/travis/build/icyphy/ptII/ptolemy/vergil/basic/export/test/ptolemy/domains/ptinyos/lib/MicaLeds.xml
/home/travis/build/icyphy/ptII/ptolemy/vergil/basic/export/test/ptolemy/domains/ptinyos/lib/MicaLeds.xml (No such file or directory)
 in file:/home/travis/build/icyphy/ptII/ptolemy/actor/ptalon/demo/ptinyos/SenseToLeds/MicaBoard.xml at line 134 and column 63
	at ptolemy.moml.SimpleErrorHandler.handleError(SimpleErrorHandler.java:75)
	at ptolemy.moml.MoMLParser.startElement(MoMLParser.java:3805)
	at com.microstar.xml.XmlParser.parseElement(XmlParser.java:931)
	at com.microstar.xml.XmlParser.parseDocument(XmlParser.java:481)
	at com.microstar.xml.XmlParser.doParse(XmlParser.java:159)
	at com.microstar.xml.XmlParser.parse(XmlParser.java:132)
	at ptolemy.moml.MoMLParser.parse(MoMLParser.java:1660)
	at ptolemy.moml.MoMLParser.parse(MoMLParser.java:1617)
	at ptolemy.moml.MoMLParser.parse(MoMLParser.java:1792)
	at ptolemy.actor.ptalon.PtalonEvaluator.addActor(PtalonEvaluator.java:241)
	... 56 more
Caused by: ptolemy.kernel.util.IllegalActionException: Cannot find class: ptolemy.actor.ptalon.demo.ptinyos.SenseToLeds.MicaBoard. In Ptolemy, classes are typically Java .class files. Entities like actors may instead be defined within a .xml file.  In any case, the class was not found. If the class uses a third party package, then the class would be present only if the third party package was found at compile time.  It may be necessary to upgrade Java or install the third party package, reconfigure and recompile.
Because:
Element <entity name="MicaLeds" class="ptolemy.domains.ptinyos.lib.MicaLeds"> caused an exception to be thrown.
  in .MicaBoard
Because:
Cannot find class: ptolemy.domains.ptinyos.lib.MicaLeds. In Ptolemy, classes are typically Java .class files. Entities like actors may instead be defined within a .xml file.  In any case, the class was not found. If the class uses a third party package, then the class would be present only if the third party package was found at compile time.  It may be necessary to upgrade Java or install the third party package, reconfigure and recompile.
Because:
-- /home/travis/build/icyphy/ptII/ptolemy/actor/ptalon/demo/ptinyos/SenseToLeds/ptolemy/domains/ptinyos/lib/MicaLeds.xml (No such file or directory)
-- XML file not found relative to classpath.
-- /home/travis/build/icyphy/ptII/ptolemy/vergil/basic/export/test/ptolemy/domains/ptinyos/lib/MicaLeds.xml
/home/travis/build/icyphy/ptII/ptolemy/vergil/basic/export/test/ptolemy/domains/ptinyos/lib/MicaLeds.xml (No such file or directory)
 in file:/home/travis/build/icyphy/ptII/ptolemy/actor/ptalon/demo/ptinyos/SenseToLeds/MicaBoard.xml at line 134 and column 63
	at ptolemy.moml.MoMLParser._createEntity(MoMLParser.java:4330)
	at ptolemy.moml.MoMLParser.startElement(MoMLParser.java:2864)
	... 64 more
Caused by: ptolemy.kernel.util.InternalErrorException: Element <entity name="MicaLeds" class="ptolemy.domains.ptinyos.lib.MicaLeds"> caused an exception to be thrown.
  in .MicaBoard
Because:
Cannot find class: ptolemy.domains.ptinyos.lib.MicaLeds. In Ptolemy, classes are typically Java .class files. Entities like actors may instead be defined within a .xml file.  In any case, the class was not found. If the class uses a third party package, then the class would be present only if the third party package was found at compile time.  It may be necessary to upgrade Java or install the third party package, reconfigure and recompile.
Because:
-- /home/travis/build/icyphy/ptII/ptolemy/actor/ptalon/demo/ptinyos/SenseToLeds/ptolemy/domains/ptinyos/lib/MicaLeds.xml (No such file or directory)
-- XML file not found relative to classpath.
-- /home/travis/build/icyphy/ptII/ptolemy/vergil/basic/export/test/ptolemy/domains/ptinyos/lib/MicaLeds.xml
/home/travis/build/icyphy/ptII/ptolemy/vergil/basic/export/test/ptolemy/domains/ptinyos/lib/MicaLeds.xml (No such file or directory)
 in file:/home/travis/build/icyphy/ptII/ptolemy/actor/ptalon/demo/ptinyos/SenseToLeds/MicaBoard.xml at line 134 and column 63
	at ptolemy.moml.SimpleErrorHandler.handleError(SimpleErrorHandler.java:75)
	at ptolemy.moml.MoMLParser.startElement(MoMLParser.java:3805)
	at com.microstar.xml.XmlParser.parseElement(XmlParser.java:921)
	at com.microstar.xml.XmlParser.parseContent(XmlParser.java:1104)
	at com.microstar.xml.XmlParser.parseElement(XmlParser.java:924)
	at com.microstar.xml.XmlParser.parseDocument(XmlParser.java:481)
	at com.microstar.xml.XmlParser.doParse(XmlParser.java:159)
	at com.microstar.xml.XmlParser.parse(XmlParser.java:132)
	at ptolemy.moml.MoMLParser.parse(MoMLParser.java:1676)
	at ptolemy.moml.MoMLParser.parse(MoMLParser.java:1595)
	at ptolemy.moml.MoMLParser.parse(MoMLParser.java:1537)
	at ptolemy.moml.MoMLParser._findOrParse(MoMLParser.java:5286)
	at ptolemy.moml.MoMLParser._attemptToFindMoMLClass(MoMLParser.java:4075)
	at ptolemy.moml.MoMLParser._createEntity(MoMLParser.java:4323)
	... 65 more
Caused by: ptolemy.kernel.util.IllegalActionException: Cannot find class: ptolemy.domains.ptinyos.lib.MicaLeds. In Ptolemy, classes are typically Java .class files. Entities like actors may instead be defined within a .xml file.  In any case, the class was not found. If the class uses a third party package, then the class would be present only if the third party package was found at compile time.  It may be necessary to upgrade Java or install the third party package, reconfigure and recompile.
Because:
-- /home/travis/build/icyphy/ptII/ptolemy/actor/ptalon/demo/ptinyos/SenseToLeds/ptolemy/domains/ptinyos/lib/MicaLeds.xml (No such file or directory)
-- XML file not found relative to classpath.
-- /home/travis/build/icyphy/ptII/ptolemy/vergil/basic/export/test/ptolemy/domains/ptinyos/lib/MicaLeds.xml
/home/travis/build/icyphy/ptII/ptolemy/vergil/basic/export/test/ptolemy/domains/ptinyos/lib/MicaLeds.xml (No such file or directory)
 in file:/home/travis/build/icyphy/ptII/ptolemy/actor/ptalon/demo/ptinyos/SenseToLeds/MicaBoard.xml at line 134 and column 63
	at ptolemy.moml.MoMLParser._createEntity(MoMLParser.java:4330)
	at ptolemy.moml.MoMLParser.startElement(MoMLParser.java:2864)
	... 77 more
Caused by: com.microstar.xml.XmlException: -- /home/travis/build/icyphy/ptII/ptolemy/actor/ptalon/demo/ptinyos/SenseToLeds/ptolemy/domains/ptinyos/lib/MicaLeds.xml (No such file or directory)
-- XML file not found relative to classpath.
-- /home/travis/build/icyphy/ptII/ptolemy/vergil/basic/export/test/ptolemy/domains/ptinyos/lib/MicaLeds.xml
/home/travis/build/icyphy/ptII/ptolemy/vergil/basic/export/test/ptolemy/domains/ptinyos/lib/MicaLeds.xml (No such file or directory)
 in file:/home/travis/build/icyphy/ptII/ptolemy/actor/ptalon/demo/ptinyos/SenseToLeds/MicaBoard.xml at line 134 and column 63
	at ptolemy.moml.MoMLParser.fileNameToURL(MoMLParser.java:1414)
	at ptolemy.moml.MoMLParser._findOrParse(MoMLParser.java:5283)
	at ptolemy.moml.MoMLParser._attemptToFindMoMLClass(MoMLParser.java:4075)
	at ptolemy.moml.MoMLParser._createEntity(MoMLParser.java:4323)
	... 78 more
Caused by: ptolemy.actor.ptalon.PtalonRuntimeException: Unable to add actor null
	at ptolemy.actor.ptalon.PtalonEvaluator.addActor(PtalonEvaluator.java:300)
	at ptolemy.actor.ptalon.PtalonPopulator.actor_declaration(PtalonPopulator.java:1574)
	at ptolemy.actor.ptalon.PtalonPopulator.atomic_statement(PtalonPopulator.java:1638)
	at ptolemy.actor.ptalon.PtalonPopulator.iterative_statement_evaluator(PtalonPopulator.java:2484)
	at ptolemy.actor.ptalon.AbstractPtalonEvaluator$IfTree.evaluateForScope(AbstractPtalonEvaluator.java:1307)
	at ptolemy.actor.ptalon.AbstractPtalonEvaluator.evaluateForScope(AbstractPtalonEvaluator.java:744)
	at ptolemy.actor.ptalon.PtalonPopulator.iterative_statement(PtalonPopulator.java:2363)
	at ptolemy.actor.ptalon.PtalonPopulator.actor_definition(PtalonPopulator.java:2809)
	at ptolemy.actor.ptalon.PtalonActor.attributeChanged(PtalonActor.java:206)
	at ptolemy.actor.ptalon.PtalonMLHandler.startElement(PtalonMLHandler.java:134)
	at com.microstar.xml.XmlParser.parseElement(XmlParser.java:921)
	at com.microstar.xml.XmlParser.parseContent(XmlParser.java:1104)
	at com.microstar.xml.XmlParser.parseElement(XmlParser.java:924)
	at com.microstar.xml.XmlParser.parseDocument(XmlParser.java:481)
	at com.microstar.xml.XmlParser.doParse(XmlParser.java:159)
	at com.microstar.xml.XmlParser.parse(XmlParser.java:132)
	at ptolemy.actor.ptalon.PtalonActor.configure(PtalonActor.java:240)
	at ptolemy.moml.MoMLParser.endElement(MoMLParser.java:996)
	at com.microstar.xml.XmlParser.parseETag(XmlParser.java:1026)
	at com.microstar.xml.XmlParser.parseContent(XmlParser.java:1098)
	at com.microstar.xml.XmlParser.parseElement(XmlParser.java:924)
	at com.microstar.xml.XmlParser.parseContent(XmlParser.java:1104)
	at com.microstar.xml.XmlParser.parseElement(XmlParser.java:924)
	at com.microstar.xml.XmlParser.parseContent(XmlParser.java:1104)
	at com.microstar.xml.XmlParser.parseElement(XmlParser.java:924)
	at com.microstar.xml.XmlParser.parseDocument(XmlParser.java:481)
	at com.microstar.xml.XmlParser.doParse(XmlParser.java:159)
	at com.microstar.xml.XmlParser.parse(XmlParser.java:132)
	at ptolemy.moml.MoMLParser.parse(MoMLParser.java:1676)
	at ptolemy.moml.MoMLParser.parse(MoMLParser.java:1595)
	at ptolemy.moml.MoMLParser.parse(MoMLParser.java:1537)
	at ptolemy.actor.gui.PtolemyEffigy$Factory.createEffigy(PtolemyEffigy.java:424)
	at ptolemy.actor.gui.EffigyFactory.createEffigy(EffigyFactory.java:234)
	at ptolemy.actor.gui.Configuration.openModel(Configuration.java:1125)
	at ptolemy.actor.gui.Configuration.openModel(Configuration.java:1051)
	at ptolemy.actor.gui.ConfigurationApplication._openModel(ConfigurationApplication.java:1252)
	at ptolemy.actor.gui.ConfigurationApplication._parseArg(ConfigurationApplication.java:1399)
	at ptolemy.actor.gui.ConfigurationApplication._parseArgs(ConfigurationApplication.java:1478)
	at ptolemy.actor.gui.ConfigurationApplication.<init>(ConfigurationApplication.java:277)
	at ptolemy.actor.gui.ConfigurationApplication.<init>(ConfigurationApplication.java:214)
	at ptolemy.actor.gui.ConfigurationApplication.<init>(ConfigurationApplication.java:201)
	at ptolemy.actor.gui.ConfigurationApplication.openModelOrEntity(ConfigurationApplication.java:680)
	at ptolemy.vergil.basic.export.ExportModel$1.run(ExportModel.java:220)
	at java.awt.event.InvocationEvent.dispatch(InvocationEvent.java:301)
	at java.awt.EventQueue.dispatchEventImpl(EventQueue.java:756)
	at java.awt.EventQueue.access$500(EventQueue.java:97)
	at java.awt.EventQueue$3.run(EventQueue.java:709)
	at java.awt.EventQueue$3.run(EventQueue.java:703)
	at java.security.AccessController.doPrivileged(Native Method)
	at java.security.ProtectionDomain$JavaSecurityAccessImpl.doIntersectionPrivilege(ProtectionDomain.java:80)
	at java.awt.EventQueue.dispatchEvent(EventQueue.java:726)
	at java.awt.EventDispatchThread.pumpOneEventForFilters(EventDispatchThread.java:201)
	at java.awt.EventDispatchThread.pumpEventsForFilter(EventDispatchThread.java:116)
	at java.awt.EventDispatchThread.pumpEventsForHierarchy(EventDispatchThread.java:105)
	at java.awt.EventDispatchThread.pumpEvents(EventDispatchThread.java:101)
	at java.awt.EventDispatchThread.pumpEvents(EventDispatchThread.java:93)
	at java.awt.EventDispatchThread.run(EventDispatchThread.java:82)
Caused by: ptolemy.kernel.util.InternalErrorException: Element <entity name="node1" class="ptolemy.actor.ptalon.demo.ptinyos.SenseToLeds.MicaBoard"> caused an exception to be thrown.
  in .SenseToLeds.SenseToLeds
Because:
Cannot find class: ptolemy.actor.ptalon.demo.ptinyos.SenseToLeds.MicaBoard. In Ptolemy, classes are typically Java .class files. Entities like actors may instead be defined within a .xml file.  In any case, the class was not found. If the class uses a third party package, then the class would be present only if the third party package was found at compile time.  It may be necessary to upgrade Java or install the third party package, reconfigure and recompile.
Because:
Element <entity name="MicaLeds" class="ptolemy.domains.ptinyos.lib.MicaLeds"> caused an exception to be thrown.
  in .MicaBoard
Because:
Cannot find class: ptolemy.domains.ptinyos.lib.MicaLeds. In Ptolemy, classes are typically Java .class files. Entities like actors may instead be defined within a .xml file.  In any case, the class was not found. If the class uses a third party package, then the class would be present only if the third party package was found at compile time.  It may be necessary to upgrade Java or install the third party package, reconfigure and recompile.
Because:
-- /home/travis/build/icyphy/ptII/ptolemy/actor/ptalon/demo/ptinyos/SenseToLeds/ptolemy/domains/ptinyos/lib/MicaLeds.xml (No such file or directory)
-- XML file not found relative to classpath.
-- /home/travis/build/icyphy/ptII/ptolemy/vergil/basic/export/test/ptolemy/domains/ptinyos/lib/MicaLeds.xml
/home/travis/build/icyphy/ptII/ptolemy/vergil/basic/export/test/ptolemy/domains/ptinyos/lib/MicaLeds.xml (No such file or directory)
 in file:/home/travis/build/icyphy/ptII/ptolemy/actor/ptalon/demo/ptinyos/SenseToLeds/MicaBoard.xml at line 134 and column 63
	at ptolemy.moml.SimpleErrorHandler.handleError(SimpleErrorHandler.java:75)
	at ptolemy.moml.MoMLParser.startElement(MoMLParser.java:3805)
	at com.microstar.xml.XmlParser.parseElement(XmlParser.java:931)
	at com.microstar.xml.XmlParser.parseDocument(XmlParser.java:481)
	at com.microstar.xml.XmlParser.doParse(XmlParser.java:159)
	at com.microstar.xml.XmlParser.parse(XmlParser.java:132)
	at ptolemy.moml.MoMLParser.parse(MoMLParser.java:1660)
	at ptolemy.moml.MoMLParser.parse(MoMLParser.java:1617)
	at ptolemy.moml.MoMLParser.parse(MoMLParser.java:1792)
	at ptolemy.actor.ptalon.PtalonEvaluator.addActor(PtalonEvaluator.java:241)
	... 56 more
Caused by: ptolemy.kernel.util.IllegalActionException: Cannot find class: ptolemy.actor.ptalon.demo.ptinyos.SenseToLeds.MicaBoard. In Ptolemy, classes are typically Java .class files. Entities like actors may instead be defined within a .xml file.  In any case, the class was not found. If the class uses a third party package, then the class would be present only if the third party package was found at compile time.  It may be necessary to upgrade Java or install the third party package, reconfigure and recompile.
Because:
Element <entity name="MicaLeds" class="ptolemy.domains.ptinyos.lib.MicaLeds"> caused an exception to be thrown.
  in .MicaBoard
Because:
Cannot find class: ptolemy.domains.ptinyos.lib.MicaLeds. In Ptolemy, classes are typically Java .class files. Entities like actors may instead be defined within a .xml file.  In any case, the class was not found. If the class uses a third party package, then the class would be present only if the third party package was found at compile time.  It may be necessary to upgrade Java or install the third party package, reconfigure and recompile.
Because:
-- /home/travis/build/icyphy/ptII/ptolemy/actor/ptalon/demo/ptinyos/SenseToLeds/ptolemy/domains/ptinyos/lib/MicaLeds.xml (No such file or directory)
-- XML file not found relative to classpath.
-- /home/travis/build/icyphy/ptII/ptolemy/vergil/basic/export/test/ptolemy/domains/ptinyos/lib/MicaLeds.xml
/home/travis/build/icyphy/ptII/ptolemy/vergil/basic/export/test/ptolemy/domains/ptinyos/lib/MicaLeds.xml (No such file or directory)
 in file:/home/travis/build/icyphy/ptII/ptolemy/actor/ptalon/demo/ptinyos/SenseToLeds/MicaBoard.xml at line 134 and column 63
	at ptolemy.moml.MoMLParser._createEntity(MoMLParser.java:4330)
	at ptolemy.moml.MoMLParser.startElement(MoMLParser.java:2864)
	... 64 more
Caused by: ptolemy.kernel.util.InternalErrorException: Element <entity name="MicaLeds" class="ptolemy.domains.ptinyos.lib.MicaLeds"> caused an exception to be thrown.
  in .MicaBoard
Because:
Cannot find class: ptolemy.domains.ptinyos.lib.MicaLeds. In Ptolemy, classes are typically Java .class files. Entities like actors may instead be defined within a .xml file.  In any case, the class was not found. If the class uses a third party package, then the class would be present only if the third party package was found at compile time.  It may be necessary to upgrade Java or install the third party package, reconfigure and recompile.
Because:
-- /home/travis/build/icyphy/ptII/ptolemy/actor/ptalon/demo/ptinyos/SenseToLeds/ptolemy/domains/ptinyos/lib/MicaLeds.xml (No such file or directory)
-- XML file not found relative to classpath.
-- /home/travis/build/icyphy/ptII/ptolemy/vergil/basic/export/test/ptolemy/domains/ptinyos/lib/MicaLeds.xml
/home/travis/build/icyphy/ptII/ptolemy/vergil/basic/export/test/ptolemy/domains/ptinyos/lib/MicaLeds.xml (No such file or directory)
 in file:/home/travis/build/icyphy/ptII/ptolemy/actor/ptalon/demo/ptinyos/SenseToLeds/MicaBoard.xml at line 134 and column 63
	at ptolemy.moml.SimpleErrorHandler.handleError(SimpleErrorHandler.java:75)
	at ptolemy.moml.MoMLParser.startElement(MoMLParser.java:3805)
	at com.microstar.xml.XmlParser.parseElement(XmlParser.java:921)
	at com.microstar.xml.XmlParser.parseContent(XmlParser.java:1104)
	at com.microstar.xml.XmlParser.parseElement(XmlParser.java:924)
	at com.microstar.xml.XmlParser.parseDocument(XmlParser.java:481)
	at com.microstar.xml.XmlParser.doParse(XmlParser.java:159)
	at com.microstar.xml.XmlParser.parse(XmlParser.java:132)
	at ptolemy.moml.MoMLParser.parse(MoMLParser.java:1676)
	at ptolemy.moml.MoMLParser.parse(MoMLParser.java:1595)
	at ptolemy.moml.MoMLParser.parse(MoMLParser.java:1537)
	at ptolemy.moml.MoMLParser._findOrParse(MoMLParser.java:5286)
	at ptolemy.moml.MoMLParser._attemptToFindMoMLClass(MoMLParser.java:4075)
	at ptolemy.moml.MoMLParser._createEntity(MoMLParser.java:4323)
	... 65 more
Caused by: ptolemy.kernel.util.IllegalActionException: Cannot find class: ptolemy.domains.ptinyos.lib.MicaLeds. In Ptolemy, classes are typically Java .class files. Entities like actors may instead be defined within a .xml file.  In any case, the class was not found. If the class uses a third party package, then the class would be present only if the third party package was found at compile time.  It may be necessary to upgrade Java or install the third party package, reconfigure and recompile.
Because:
-- /home/travis/build/icyphy/ptII/ptolemy/actor/ptalon/demo/ptinyos/SenseToLeds/ptolemy/domains/ptinyos/lib/MicaLeds.xml (No such file or directory)
-- XML file not found relative to classpath.
-- /home/travis/build/icyphy/ptII/ptolemy/vergil/basic/export/test/ptolemy/domains/ptinyos/lib/MicaLeds.xml
/home/travis/build/icyphy/ptII/ptolemy/vergil/basic/export/test/ptolemy/domains/ptinyos/lib/MicaLeds.xml (No such file or directory)
 in file:/home/travis/build/icyphy/ptII/ptolemy/actor/ptalon/demo/ptinyos/SenseToLeds/MicaBoard.xml at line 134 and column 63
	at ptolemy.moml.MoMLParser._createEntity(MoMLParser.java:4330)
	at ptolemy.moml.MoMLParser.startElement(MoMLParser.java:2864)
	... 77 more
Caused by: com.microstar.xml.XmlException: -- /home/travis/build/icyphy/ptII/ptolemy/actor/ptalon/demo/ptinyos/SenseToLeds/ptolemy/domains/ptinyos/lib/MicaLeds.xml (No such file or directory)
-- XML file not found relative to classpath.
-- /home/travis/build/icyphy/ptII/ptolemy/vergil/basic/export/test/ptolemy/domains/ptinyos/lib/MicaLeds.xml
/home/travis/build/icyphy/ptII/ptolemy/vergil/basic/export/test/ptolemy/domains/ptinyos/lib/MicaLeds.xml (No such file or directory)
 in file:/home/travis/build/icyphy/ptII/ptolemy/actor/ptalon/demo/ptinyos/SenseToLeds/MicaBoard.xml at line 134 and column 63
	at ptolemy.moml.MoMLParser.fileNameToURL(MoMLParser.java:1414)
	at ptolemy.moml.MoMLParser._findOrParse(MoMLParser.java:5283)
	at ptolemy.moml.MoMLParser._attemptToFindMoMLClass(MoMLParser.java:4075)
	at ptolemy.moml.MoMLParser._createEntity(MoMLParser.java:4323)
	... 78 more
ptolemy.kernel.util.IllegalActionException: Failed to process attribute change to PtalonParameter, whose value is "ptolemy.actor.ptalon.PtalonExpressionParameter {.SenseToLeds.SenseToLeds.n} 2".
  in .SenseToLeds.SenseToLeds
Because:
Unable to add actor null
	at ptolemy.actor.ptalon.PtalonActor.attributeChanged(PtalonActor.java:211)
	at ptolemy.actor.ptalon.PtalonMLHandler.startElement(PtalonMLHandler.java:134)
	at com.microstar.xml.XmlParser.parseElement(XmlParser.java:921)
	at com.microstar.xml.XmlParser.parseContent(XmlParser.java:1104)
	at com.microstar.xml.XmlParser.parseElement(XmlParser.java:924)
	at com.microstar.xml.XmlParser.parseDocument(XmlParser.java:481)
	at com.microstar.xml.XmlParser.doParse(XmlParser.java:159)
	at com.microstar.xml.XmlParser.parse(XmlParser.java:132)
	at ptolemy.actor.ptalon.PtalonActor.configure(PtalonActor.java:240)
	at ptolemy.moml.MoMLParser.endElement(MoMLParser.java:996)
	at com.microstar.xml.XmlParser.parseETag(XmlParser.java:1026)
	at com.microstar.xml.XmlParser.parseContent(XmlParser.java:1098)
	at com.microstar.xml.XmlParser.parseElement(XmlParser.java:924)
	at com.microstar.xml.XmlParser.parseContent(XmlParser.java:1104)
	at com.microstar.xml.XmlParser.parseElement(XmlParser.java:924)
	at com.microstar.xml.XmlParser.parseContent(XmlParser.java:1104)
	at com.microstar.xml.XmlParser.parseElement(XmlParser.java:924)
	at com.microstar.xml.XmlParser.parseDocument(XmlParser.java:481)
	at com.microstar.xml.XmlParser.doParse(XmlParser.java:159)
	at com.microstar.xml.XmlParser.parse(XmlParser.java:132)
	at ptolemy.moml.MoMLParser.parse(MoMLParser.java:1676)
	at ptolemy.moml.MoMLParser.parse(MoMLParser.java:1595)
	at ptolemy.moml.MoMLParser.parse(MoMLParser.java:1537)
	at ptolemy.actor.gui.PtolemyEffigy$Factory.createEffigy(PtolemyEffigy.java:424)
	at ptolemy.actor.gui.EffigyFactory.createEffigy(EffigyFactory.java:234)
	at ptolemy.actor.gui.Configuration.openModel(Configuration.java:1125)
	at ptolemy.actor.gui.Configuration.openModel(Configuration.java:1051)
	at ptolemy.actor.gui.ConfigurationApplication._openModel(ConfigurationApplication.java:1252)
	at ptolemy.actor.gui.ConfigurationApplication._parseArg(ConfigurationApplication.java:1399)
	at ptolemy.actor.gui.ConfigurationApplication._parseArgs(ConfigurationApplication.java:1478)
	at ptolemy.actor.gui.ConfigurationApplication.<init>(ConfigurationApplication.java:277)
	at ptolemy.actor.gui.ConfigurationApplication.<init>(ConfigurationApplication.java:214)
	at ptolemy.actor.gui.ConfigurationApplication.<init>(ConfigurationApplication.java:201)
	at ptolemy.actor.gui.ConfigurationApplication.openModelOrEntity(ConfigurationApplication.java:680)
	at ptolemy.vergil.basic.export.ExportModel$1.run(ExportModel.java:220)
	at java.awt.event.InvocationEvent.dispatch(InvocationEvent.java:301)
	at java.awt.EventQueue.dispatchEventImpl(EventQueue.java:756)
	at java.awt.EventQueue.access$500(EventQueue.java:97)
	at java.awt.EventQueue$3.run(EventQueue.java:709)
	at java.awt.EventQueue$3.run(EventQueue.java:703)
	at java.security.AccessController.doPrivileged(Native Method)
	at java.security.ProtectionDomain$JavaSecurityAccessImpl.doIntersectionPrivilege(ProtectionDomain.java:80)
	at java.awt.EventQueue.dispatchEvent(EventQueue.java:726)
	at java.awt.EventDispatchThread.pumpOneEventForFilters(EventDispatchThread.java:201)
	at java.awt.EventDispatchThread.pumpEventsForFilter(EventDispatchThread.java:116)
	at java.awt.EventDispatchThread.pumpEventsForHierarchy(EventDispatchThread.java:105)
	at java.awt.EventDispatchThread.pumpEvents(EventDispatchThread.java:101)
	at java.awt.EventDispatchThread.pumpEvents(EventDispatchThread.java:93)
	at java.awt.EventDispatchThread.run(EventDispatchThread.java:82)
Caused by: ptolemy.actor.ptalon.PtalonRuntimeException: Unable to add actor null
	at ptolemy.actor.ptalon.PtalonEvaluator.addActor(PtalonEvaluator.java:300)
	at ptolemy.actor.ptalon.PtalonPopulator.actor_declaration(PtalonPopulator.java:1574)
	at ptolemy.actor.ptalon.PtalonPopulator.atomic_statement(PtalonPopulator.java:1638)
	at ptolemy.actor.ptalon.PtalonPopulator.iterative_statement_evaluator(PtalonPopulator.java:2484)
	at ptolemy.actor.ptalon.AbstractPtalonEvaluator$IfTree.evaluateForScope(AbstractPtalonEvaluator.java:1307)
	at ptolemy.actor.ptalon.AbstractPtalonEvaluator.evaluateForScope(AbstractPtalonEvaluator.java:744)
	at ptolemy.actor.ptalon.PtalonPopulator.iterative_statement(PtalonPopulator.java:2363)
	at ptolemy.actor.ptalon.PtalonPopulator.actor_definition(PtalonPopulator.java:2809)
	at ptolemy.actor.ptalon.PtalonActor.attributeChanged(PtalonActor.java:206)
	... 48 more
Caused by: ptolemy.kernel.util.InternalErrorException: Element <entity name="node1" class="ptolemy.actor.ptalon.demo.ptinyos.SenseToLeds.MicaBoard"> caused an exception to be thrown.
  in .SenseToLeds.SenseToLeds
Because:
Cannot find class: ptolemy.actor.ptalon.demo.ptinyos.SenseToLeds.MicaBoard. In Ptolemy, classes are typically Java .class files. Entities like actors may instead be defined within a .xml file.  In any case, the class was not found. If the class uses a third party package, then the class would be present only if the third party package was found at compile time.  It may be necessary to upgrade Java or install the third party package, reconfigure and recompile.
Because:
Element <entity name="MicaLeds" class="ptolemy.domains.ptinyos.lib.MicaLeds"> caused an exception to be thrown.
  in .MicaBoard
Because:
Cannot find class: ptolemy.domains.ptinyos.lib.MicaLeds. In Ptolemy, classes are typically Java .class files. Entities like actors may instead be defined within a .xml file.  In any case, the class was not found. If the class uses a third party package, then the class would be present only if the third party package was found at compile time.  It may be necessary to upgrade Java or install the third party package, reconfigure and recompile.
Because:
-- /home/travis/build/icyphy/ptII/ptolemy/actor/ptalon/demo/ptinyos/SenseToLeds/ptolemy/domains/ptinyos/lib/MicaLeds.xml (No such file or directory)
-- XML file not found relative to classpath.
-- /home/travis/build/icyphy/ptII/ptolemy/vergil/basic/export/test/ptolemy/domains/ptinyos/lib/MicaLeds.xml
/home/travis/build/icyphy/ptII/ptolemy/vergil/basic/export/test/ptolemy/domains/ptinyos/lib/MicaLeds.xml (No such file or directory)
 in file:/home/travis/build/icyphy/ptII/ptolemy/actor/ptalon/demo/ptinyos/SenseToLeds/MicaBoard.xml at line 134 and column 63
	at ptolemy.moml.SimpleErrorHandler.handleError(SimpleErrorHandler.java:75)
	at ptolemy.moml.MoMLParser.startElement(MoMLParser.java:3805)
	at com.microstar.xml.XmlParser.parseElement(XmlParser.java:931)
	at com.microstar.xml.XmlParser.parseDocument(XmlParser.java:481)
	at com.microstar.xml.XmlParser.doParse(XmlParser.java:159)
	at com.microstar.xml.XmlParser.parse(XmlParser.java:132)
	at ptolemy.moml.MoMLParser.parse(MoMLParser.java:1660)
	at ptolemy.moml.MoMLParser.parse(MoMLParser.java:1617)
	at ptolemy.moml.MoMLParser.parse(MoMLParser.java:1792)
	at ptolemy.actor.ptalon.PtalonEvaluator.addActor(PtalonEvaluator.java:241)
	... 56 more
Caused by: ptolemy.kernel.util.IllegalActionException: Cannot find class: ptolemy.actor.ptalon.demo.ptinyos.SenseToLeds.MicaBoard. In Ptolemy, classes are typically Java .class files. Entities like actors may instead be defined within a .xml file.  In any case, the class was not found. If the class uses a third party package, then the class would be present only if the third party package was found at compile time.  It may be necessary to upgrade Java or install the third party package, reconfigure and recompile.
Because:
Element <entity name="MicaLeds" class="ptolemy.domains.ptinyos.lib.MicaLeds"> caused an exception to be thrown.
  in .MicaBoard
Because:
Cannot find class: ptolemy.domains.ptinyos.lib.MicaLeds. In Ptolemy, classes are typically Java .class files. Entities like actors may instead be defined within a .xml file.  In any case, the class was not found. If the class uses a third party package, then the class would be present only if the third party package was found at compile time.  It may be necessary to upgrade Java or install the third party package, reconfigure and recompile.
Because:
-- /home/travis/build/icyphy/ptII/ptolemy/actor/ptalon/demo/ptinyos/SenseToLeds/ptolemy/domains/ptinyos/lib/MicaLeds.xml (No such file or directory)
-- XML file not found relative to classpath.
-- /home/travis/build/icyphy/ptII/ptolemy/vergil/basic/export/test/ptolemy/domains/ptinyos/lib/MicaLeds.xml
/home/travis/build/icyphy/ptII/ptolemy/vergil/basic/export/test/ptolemy/domains/ptinyos/lib/MicaLeds.xml (No such file or directory)
 in file:/home/travis/build/icyphy/ptII/ptolemy/actor/ptalon/demo/ptinyos/SenseToLeds/MicaBoard.xml at line 134 and column 63
	at ptolemy.moml.MoMLParser._createEntity(MoMLParser.java:4330)
	at ptolemy.moml.MoMLParser.startElement(MoMLParser.java:2864)
	... 64 more
Caused by: ptolemy.kernel.util.InternalErrorException: Element <entity name="MicaLeds" class="ptolemy.domains.ptinyos.lib.MicaLeds"> caused an exception to be thrown.
  in .MicaBoard
Because:
Cannot find class: ptolemy.domains.ptinyos.lib.MicaLeds. In Ptolemy, classes are typically Java .class files. Entities like actors may instead be defined within a .xml file.  In any case, the class was not found. If the class uses a third party package, then the class would be present only if the third party package was found at compile time.  It may be necessary to upgrade Java or install the third party package, reconfigure and recompile.
Because:
-- /home/travis/build/icyphy/ptII/ptolemy/actor/ptalon/demo/ptinyos/SenseToLeds/ptolemy/domains/ptinyos/lib/MicaLeds.xml (No such file or directory)
-- XML file not found relative to classpath.
-- /home/travis/build/icyphy/ptII/ptolemy/vergil/basic/export/test/ptolemy/domains/ptinyos/lib/MicaLeds.xml
/home/travis/build/icyphy/ptII/ptolemy/vergil/basic/export/test/ptolemy/domains/ptinyos/lib/MicaLeds.xml (No such file or directory)
 in file:/home/travis/build/icyphy/ptII/ptolemy/actor/ptalon/demo/ptinyos/SenseToLeds/MicaBoard.xml at line 134 and column 63
	at ptolemy.moml.SimpleErrorHandler.handleError(SimpleErrorHandler.java:75)
	at ptolemy.moml.MoMLParser.startElement(MoMLParser.java:3805)
	at com.microstar.xml.XmlParser.parseElement(XmlParser.java:921)
	at com.microstar.xml.XmlParser.parseContent(XmlParser.java:1104)
	at com.microstar.xml.XmlParser.parseElement(XmlParser.java:924)
	at com.microstar.xml.XmlParser.parseDocument(XmlParser.java:481)
	at com.microstar.xml.XmlParser.doParse(XmlParser.java:159)
	at com.microstar.xml.XmlParser.parse(XmlParser.java:132)
	at ptolemy.moml.MoMLParser.parse(MoMLParser.java:1676)
	at ptolemy.moml.MoMLParser.parse(MoMLParser.java:1595)
	at ptolemy.moml.MoMLParser.parse(MoMLParser.java:1537)
	at ptolemy.moml.MoMLParser._findOrParse(MoMLParser.java:5286)
	at ptolemy.moml.MoMLParser._attemptToFindMoMLClass(MoMLParser.java:4075)
	at ptolemy.moml.MoMLParser._createEntity(MoMLParser.java:4323)
	... 65 more
Caused by: ptolemy.kernel.util.IllegalActionException: Cannot find class: ptolemy.domains.ptinyos.lib.MicaLeds. In Ptolemy, classes are typically Java .class files. Entities like actors may instead be defined within a .xml file.  In any case, the class was not found. If the class uses a third party package, then the class would be present only if the third party package was found at compile time.  It may be necessary to upgrade Java or install the third party package, reconfigure and recompile.
Because:
-- /home/travis/build/icyphy/ptII/ptolemy/actor/ptalon/demo/ptinyos/SenseToLeds/ptolemy/domains/ptinyos/lib/MicaLeds.xml (No such file or directory)
-- XML file not found relative to classpath.
-- /home/travis/build/icyphy/ptII/ptolemy/vergil/basic/export/test/ptolemy/domains/ptinyos/lib/MicaLeds.xml
/home/travis/build/icyphy/ptII/ptolemy/vergil/basic/export/test/ptolemy/domains/ptinyos/lib/MicaLeds.xml (No such file or directory)
 in file:/home/travis/build/icyphy/ptII/ptolemy/actor/ptalon/demo/ptinyos/SenseToLeds/MicaBoard.xml at line 134 and column 63
	at ptolemy.moml.MoMLParser._createEntity(MoMLParser.java:4330)
	at ptolemy.moml.MoMLParser.startElement(MoMLParser.java:2864)
	... 77 more
Caused by: com.microstar.xml.XmlException: -- /home/travis/build/icyphy/ptII/ptolemy/actor/ptalon/demo/ptinyos/SenseToLeds/ptolemy/domains/ptinyos/lib/MicaLeds.xml (No such file or directory)
-- XML file not found relative to classpath.
-- /home/travis/build/icyphy/ptII/ptolemy/vergil/basic/export/test/ptolemy/domains/ptinyos/lib/MicaLeds.xml
/home/travis/build/icyphy/ptII/ptolemy/vergil/basic/export/test/ptolemy/domains/ptinyos/lib/MicaLeds.xml (No such file or directory)
 in file:/home/travis/build/icyphy/ptII/ptolemy/actor/ptalon/demo/ptinyos/SenseToLeds/MicaBoard.xml at line 134 and column 63
	at ptolemy.moml.MoMLParser.fileNameToURL(MoMLParser.java:1414)
	at ptolemy.moml.MoMLParser._findOrParse(MoMLParser.java:5283)
	at ptolemy.moml.MoMLParser._attemptToFindMoMLClass(MoMLParser.java:4075)
	at ptolemy.moml.MoMLParser._createEntity(MoMLParser.java:4323)
	... 78 more
Caused by: ptolemy.actor.ptalon.PtalonRuntimeException: Unable to add actor null
	at ptolemy.actor.ptalon.PtalonEvaluator.addActor(PtalonEvaluator.java:300)
	at ptolemy.actor.ptalon.PtalonPopulator.actor_declaration(PtalonPopulator.java:1574)
	at ptolemy.actor.ptalon.PtalonPopulator.atomic_statement(PtalonPopulator.java:1638)
	at ptolemy.actor.ptalon.PtalonPopulator.iterative_statement_evaluator(PtalonPopulator.java:2484)
	at ptolemy.actor.ptalon.AbstractPtalonEvaluator$IfTree.evaluateForScope(AbstractPtalonEvaluator.java:1307)
	at ptolemy.actor.ptalon.AbstractPtalonEvaluator.evaluateForScope(AbstractPtalonEvaluator.java:744)
	at ptolemy.actor.ptalon.PtalonPopulator.iterative_statement(PtalonPopulator.java:2363)
	at ptolemy.actor.ptalon.PtalonPopulator.actor_definition(PtalonPopulator.java:2809)
	at ptolemy.actor.ptalon.PtalonActor.attributeChanged(PtalonActor.java:206)
	at ptolemy.actor.ptalon.PtalonMLHandler.startElement(PtalonMLHandler.java:134)
	at com.microstar.xml.XmlParser.parseElement(XmlParser.java:921)
	at com.microstar.xml.XmlParser.parseContent(XmlParser.java:1104)
	at com.microstar.xml.XmlParser.parseElement(XmlParser.java:924)
	at com.microstar.xml.XmlParser.parseDocument(XmlParser.java:481)
	at com.microstar.xml.XmlParser.doParse(XmlParser.java:159)
	at com.microstar.xml.XmlParser.parse(XmlParser.java:132)
	at ptolemy.actor.ptalon.PtalonActor.configure(PtalonActor.java:240)
	at ptolemy.moml.MoMLParser.endElement(MoMLParser.java:996)
	at com.microstar.xml.XmlParser.parseETag(XmlParser.java:1026)
	at com.microstar.xml.XmlParser.parseContent(XmlParser.java:1098)
	at com.microstar.xml.XmlParser.parseElement(XmlParser.java:924)
	at com.microstar.xml.XmlParser.parseContent(XmlParser.java:1104)
	at com.microstar.xml.XmlParser.parseElement(XmlParser.java:924)
	at com.microstar.xml.XmlParser.parseContent(XmlParser.java:1104)
	at com.microstar.xml.XmlParser.parseElement(XmlParser.java:924)
	at com.microstar.xml.XmlParser.parseDocument(XmlParser.java:481)
	at com.microstar.xml.XmlParser.doParse(XmlParser.java:159)
	at com.microstar.xml.XmlParser.parse(XmlParser.java:132)
	at ptolemy.moml.MoMLParser.parse(MoMLParser.java:1676)
	at ptolemy.moml.MoMLParser.parse(MoMLParser.java:1595)
	at ptolemy.moml.MoMLParser.parse(MoMLParser.java:1537)
	at ptolemy.actor.gui.PtolemyEffigy$Factory.createEffigy(PtolemyEffigy.java:424)
	at ptolemy.actor.gui.EffigyFactory.createEffigy(EffigyFactory.java:234)
	at ptolemy.actor.gui.Configuration.openModel(Configuration.java:1125)
	at ptolemy.actor.gui.Configuration.openModel(Configuration.java:1051)
	at ptolemy.actor.gui.ConfigurationApplication._openModel(ConfigurationApplication.java:1252)
	at ptolemy.actor.gui.ConfigurationApplication._parseArg(ConfigurationApplication.java:1399)
	at ptolemy.actor.gui.ConfigurationApplication._parseArgs(ConfigurationApplication.java:1478)
	at ptolemy.actor.gui.ConfigurationApplication.<init>(ConfigurationApplication.java:277)
	at ptolemy.actor.gui.ConfigurationApplication.<init>(ConfigurationApplication.java:214)
	at ptolemy.actor.gui.ConfigurationApplication.<init>(ConfigurationApplication.java:201)
	at ptolemy.actor.gui.ConfigurationApplication.openModelOrEntity(ConfigurationApplication.java:680)
	at ptolemy.vergil.basic.export.ExportModel$1.run(ExportModel.java:220)
	at java.awt.event.InvocationEvent.dispatch(InvocationEvent.java:301)
	at java.awt.EventQueue.dispatchEventImpl(EventQueue.java:756)
	at java.awt.EventQueue.access$500(EventQueue.java:97)
	at java.awt.EventQueue$3.run(EventQueue.java:709)
	at java.awt.EventQueue$3.run(EventQueue.java:703)
	at java.security.AccessController.doPrivileged(Native Method)
	at java.security.ProtectionDomain$JavaSecurityAccessImpl.doIntersectionPrivilege(ProtectionDomain.java:80)
	at java.awt.EventQueue.dispatchEvent(EventQueue.java:726)
	at java.awt.EventDispatchThread.pumpOneEventForFilters(EventDispatchThread.java:201)
	at java.awt.EventDispatchThread.pumpEventsForFilter(EventDispatchThread.java:116)
	at java.awt.EventDispatchThread.pumpEventsForHierarchy(EventDispatchThread.java:105)
	at java.awt.EventDispatchThread.pumpEvents(EventDispatchThread.java:101)
	at java.awt.EventDispatchThread.pumpEvents(EventDispatchThread.java:93)
	at java.awt.EventDispatchThread.run(EventDispatchThread.java:82)
Caused by: ptolemy.kernel.util.InternalErrorException: Element <entity name="node1" class="ptolemy.actor.ptalon.demo.ptinyos.SenseToLeds.MicaBoard"> caused an exception to be thrown.
  in .SenseToLeds.SenseToLeds
Because:
Cannot find class: ptolemy.actor.ptalon.demo.ptinyos.SenseToLeds.MicaBoard. In Ptolemy, classes are typically Java .class files. Entities like actors may instead be defined within a .xml file.  In any case, the class was not found. If the class uses a third party package, then the class would be present only if the third party package was found at compile time.  It may be necessary to upgrade Java or install the third party package, reconfigure and recompile.
Because:
Element <entity name="MicaLeds" class="ptolemy.domains.ptinyos.lib.MicaLeds"> caused an exception to be thrown.
  in .MicaBoard
Because:
Cannot find class: ptolemy.domains.ptinyos.lib.MicaLeds. In Ptolemy, classes are typically Java .class files. Entities like actors may instead be defined within a .xml file.  In any case, the class was not found. If the class uses a third party package, then the class would be present only if the third party package was found at compile time.  It may be necessary to upgrade Java or install the third party package, reconfigure and recompile.
Because:
-- /home/travis/build/icyphy/ptII/ptolemy/actor/ptalon/demo/ptinyos/SenseToLeds/ptolemy/domains/ptinyos/lib/MicaLeds.xml (No such file or directory)
-- XML file not found relative to classpath.
-- /home/travis/build/icyphy/ptII/ptolemy/vergil/basic/export/test/ptolemy/domains/ptinyos/lib/MicaLeds.xml
/home/travis/build/icyphy/ptII/ptolemy/vergil/basic/export/test/ptolemy/domains/ptinyos/lib/MicaLeds.xml (No such file or directory)
 in file:/home/travis/build/icyphy/ptII/ptolemy/actor/ptalon/demo/ptinyos/SenseToLeds/MicaBoard.xml at line 134 and column 63
	at ptolemy.moml.SimpleErrorHandler.handleError(SimpleErrorHandler.java:75)
	at ptolemy.moml.MoMLParser.startElement(MoMLParser.java:3805)
	at com.microstar.xml.XmlParser.parseElement(XmlParser.java:931)
	at com.microstar.xml.XmlParser.parseDocument(XmlParser.java:481)
	at com.microstar.xml.XmlParser.doParse(XmlParser.java:159)
	at com.microstar.xml.XmlParser.parse(XmlParser.java:132)
	at ptolemy.moml.MoMLParser.parse(MoMLParser.java:1660)
	at ptolemy.moml.MoMLParser.parse(MoMLParser.java:1617)
	at ptolemy.moml.MoMLParser.parse(MoMLParser.java:1792)
	at ptolemy.actor.ptalon.PtalonEvaluator.addActor(PtalonEvaluator.java:241)
	... 56 more
Caused by: ptolemy.kernel.util.IllegalActionException: Cannot find class: ptolemy.actor.ptalon.demo.ptinyos.SenseToLeds.MicaBoard. In Ptolemy, classes are typically Java .class files. Entities like actors may instead be defined within a .xml file.  In any case, the class was not found. If the class uses a third party package, then the class would be present only if the third party package was found at compile time.  It may be necessary to upgrade Java or install the third party package, reconfigure and recompile.
Because:
Element <entity name="MicaLeds" class="ptolemy.domains.ptinyos.lib.MicaLeds"> caused an exception to be thrown.
  in .MicaBoard
Because:
Cannot find class: ptolemy.domains.ptinyos.lib.MicaLeds. In Ptolemy, classes are typically Java .class files. Entities like actors may instead be defined within a .xml file.  In any case, the class was not found. If the class uses a third party package, then the class would be present only if the third party package was found at compile time.  It may be necessary to upgrade Java or install the third party package, reconfigure and recompile.
Because:
-- /home/travis/build/icyphy/ptII/ptolemy/actor/ptalon/demo/ptinyos/SenseToLeds/ptolemy/domains/ptinyos/lib/MicaLeds.xml (No such file or directory)
-- XML file not found relative to classpath.
-- /home/travis/build/icyphy/ptII/ptolemy/vergil/basic/export/test/ptolemy/domains/ptinyos/lib/MicaLeds.xml
/home/travis/build/icyphy/ptII/ptolemy/vergil/basic/export/test/ptolemy/domains/ptinyos/lib/MicaLeds.xml (No such file or directory)
 in file:/home/travis/build/icyphy/ptII/ptolemy/actor/ptalon/demo/ptinyos/SenseToLeds/MicaBoard.xml at line 134 and column 63
	at ptolemy.moml.MoMLParser._createEntity(MoMLParser.java:4330)
	at ptolemy.moml.MoMLParser.startElement(MoMLParser.java:2864)
	... 64 more
Caused by: ptolemy.kernel.util.InternalErrorException: Element <entity name="MicaLeds" class="ptolemy.domains.ptinyos.lib.MicaLeds"> caused an exception to be thrown.
  in .MicaBoard
Because:
Cannot find class: ptolemy.domains.ptinyos.lib.MicaLeds. In Ptolemy, classes are typically Java .class files. Entities like actors may instead be defined within a .xml file.  In any case, the class was not found. If the class uses a third party package, then the class would be present only if the third party package was found at compile time.  It may be necessary to upgrade Java or install the third party package, reconfigure and recompile.
Because:
-- /home/travis/build/icyphy/ptII/ptolemy/actor/ptalon/demo/ptinyos/SenseToLeds/ptolemy/domains/ptinyos/lib/MicaLeds.xml (No such file or directory)
-- XML file not found relative to classpath.
-- /home/travis/build/icyphy/ptII/ptolemy/vergil/basic/export/test/ptolemy/domains/ptinyos/lib/MicaLeds.xml
/home/travis/build/icyphy/ptII/ptolemy/vergil/basic/export/test/ptolemy/domains/ptinyos/lib/MicaLeds.xml (No such file or directory)
 in file:/home/travis/build/icyphy/ptII/ptolemy/actor/ptalon/demo/ptinyos/SenseToLeds/MicaBoard.xml at line 134 and column 63
	at ptolemy.moml.SimpleErrorHandler.handleError(SimpleErrorHandler.java:75)
	at ptolemy.moml.MoMLParser.startElement(MoMLParser.java:3805)
	at com.microstar.xml.XmlParser.parseElement(XmlParser.java:921)
	at com.microstar.xml.XmlParser.parseContent(XmlParser.java:1104)
	at com.microstar.xml.XmlParser.parseElement(XmlParser.java:924)
	at com.microstar.xml.XmlParser.parseDocument(XmlParser.java:481)
	at com.microstar.xml.XmlParser.doParse(XmlParser.java:159)
	at com.microstar.xml.XmlParser.parse(XmlParser.java:132)
	at ptolemy.moml.MoMLParser.parse(MoMLParser.java:1676)
	at ptolemy.moml.MoMLParser.parse(MoMLParser.java:1595)
	at ptolemy.moml.MoMLParser.parse(MoMLParser.java:1537)
	at ptolemy.moml.MoMLParser._findOrParse(MoMLParser.java:5286)
	at ptolemy.moml.MoMLParser._attemptToFindMoMLClass(MoMLParser.java:4075)
	at ptolemy.moml.MoMLParser._createEntity(MoMLParser.java:4323)
	... 65 more
Caused by: ptolemy.kernel.util.IllegalActionException: Cannot find class: ptolemy.domains.ptinyos.lib.MicaLeds. In Ptolemy, classes are typically Java .class files. Entities like actors may instead be defined within a .xml file.  In any case, the class was not found. If the class uses a third party package, then the class would be present only if the third party package was found at compile time.  It may be necessary to upgrade Java or install the third party package, reconfigure and recompile.
Because:
-- /home/travis/build/icyphy/ptII/ptolemy/actor/ptalon/demo/ptinyos/SenseToLeds/ptolemy/domains/ptinyos/lib/MicaLeds.xml (No such file or directory)
-- XML file not found relative to classpath.
-- /home/travis/build/icyphy/ptII/ptolemy/vergil/basic/export/test/ptolemy/domains/ptinyos/lib/MicaLeds.xml
/home/travis/build/icyphy/ptII/ptolemy/vergil/basic/export/test/ptolemy/domains/ptinyos/lib/MicaLeds.xml (No such file or directory)
 in file:/home/travis/build/icyphy/ptII/ptolemy/actor/ptalon/demo/ptinyos/SenseToLeds/MicaBoard.xml at line 134 and column 63
	at ptolemy.moml.MoMLParser._createEntity(MoMLParser.java:4330)
	at ptolemy.moml.MoMLParser.startElement(MoMLParser.java:2864)
	... 77 more
Caused by: com.microstar.xml.XmlException: -- /home/travis/build/icyphy/ptII/ptolemy/actor/ptalon/demo/ptinyos/SenseToLeds/ptolemy/domains/ptinyos/lib/MicaLeds.xml (No such file or directory)
-- XML file not found relative to classpath.
-- /home/travis/build/icyphy/ptII/ptolemy/vergil/basic/export/test/ptolemy/domains/ptinyos/lib/MicaLeds.xml
/home/travis/build/icyphy/ptII/ptolemy/vergil/basic/export/test/ptolemy/domains/ptinyos/lib/MicaLeds.xml (No such file or directory)
 in file:/home/travis/build/icyphy/ptII/ptolemy/actor/ptalon/demo/ptinyos/SenseToLeds/MicaBoard.xml at line 134 and column 63
	at ptolemy.moml.MoMLParser.fileNameToURL(MoMLParser.java:1414)
	at ptolemy.moml.MoMLParser._findOrParse(MoMLParser.java:5283)
	at ptolemy.moml.MoMLParser._attemptToFindMoMLClass(MoMLParser.java:4075)
	at ptolemy.moml.MoMLParser._createEntity(MoMLParser.java:4323)
	... 78 more
Failed to read file:/home/travis/build/icyphy/ptII/ptolemy/actor/ptalon/demo/ptinyos/SenseToLeds/SenseToLeds.xml
ptolemy.kernel.util.IllegalActionException: Failed to process attribute change to PtalonParameter, whose value is "ptolemy.actor.ptalon.PtalonExpressionParameter {.SenseToLeds.SenseToLeds.n} 2".
  in .SenseToLeds.SenseToLeds
Because:
Unable to add actor null
	at ptolemy.actor.ptalon.PtalonActor.attributeChanged(PtalonActor.java:211)
	at ptolemy.actor.ptalon.PtalonMLHandler.startElement(PtalonMLHandler.java:134)
	at com.microstar.xml.XmlParser.parseElement(XmlParser.java:921)
	at com.microstar.xml.XmlParser.parseContent(XmlParser.java:1104)
	at com.microstar.xml.XmlParser.parseElement(XmlParser.java:924)
	at com.microstar.xml.XmlParser.parseDocument(XmlParser.java:481)
	at com.microstar.xml.XmlParser.doParse(XmlParser.java:159)
	at com.microstar.xml.XmlParser.parse(XmlParser.java:132)
	at ptolemy.actor.ptalon.PtalonActor.configure(PtalonActor.java:240)
	at ptolemy.moml.MoMLParser.endElement(MoMLParser.java:996)
	at com.microstar.xml.XmlParser.parseETag(XmlParser.java:1026)
	at com.microstar.xml.XmlParser.parseContent(XmlParser.java:1098)
	at com.microstar.xml.XmlParser.parseElement(XmlParser.java:924)
	at com.microstar.xml.XmlParser.parseContent(XmlParser.java:1104)
	at com.microstar.xml.XmlParser.parseElement(XmlParser.java:924)
	at com.microstar.xml.XmlParser.parseContent(XmlParser.java:1104)
	at com.microstar.xml.XmlParser.parseElement(XmlParser.java:924)
	at com.microstar.xml.XmlParser.parseDocument(XmlParser.java:481)
	at com.microstar.xml.XmlParser.doParse(XmlParser.java:159)
	at com.microstar.xml.XmlParser.parse(XmlParser.java:132)
	at ptolemy.moml.MoMLParser.parse(MoMLParser.java:1676)
	at ptolemy.moml.MoMLParser.parse(MoMLParser.java:1595)
	at ptolemy.moml.MoMLParser.parse(MoMLParser.java:1537)
	at ptolemy.actor.gui.PtolemyEffigy$Factory.createEffigy(PtolemyEffigy.java:424)
	at ptolemy.actor.gui.EffigyFactory.createEffigy(EffigyFactory.java:234)
	at ptolemy.actor.gui.Configuration.openModel(Configuration.java:1125)
	at ptolemy.actor.gui.Configuration.openModel(Configuration.java:1051)
	at ptolemy.actor.gui.ConfigurationApplication._openModel(ConfigurationApplication.java:1252)
	at ptolemy.actor.gui.ConfigurationApplication._parseArg(ConfigurationApplication.java:1399)
	at ptolemy.actor.gui.ConfigurationApplication._parseArgs(ConfigurationApplication.java:1478)
	at ptolemy.actor.gui.ConfigurationApplication.<init>(ConfigurationApplication.java:277)
	at ptolemy.actor.gui.ConfigurationApplication.<init>(ConfigurationApplication.java:214)
	at ptolemy.actor.gui.ConfigurationApplication.<init>(ConfigurationApplication.java:201)
	at ptolemy.actor.gui.ConfigurationApplication.openModelOrEntity(ConfigurationApplication.java:680)
	at ptolemy.vergil.basic.export.ExportModel$1.run(ExportModel.java:220)
	at java.awt.event.InvocationEvent.dispatch(InvocationEvent.java:301)
	at java.awt.EventQueue.dispatchEventImpl(EventQueue.java:756)
	at java.awt.EventQueue.access$500(EventQueue.java:97)
	at java.awt.EventQueue$3.run(EventQueue.java:709)
	at java.awt.EventQueue$3.run(EventQueue.java:703)
	at java.security.AccessController.doPrivileged(Native Method)
	at java.security.ProtectionDomain$JavaSecurityAccessImpl.doIntersectionPrivilege(ProtectionDomain.java:80)
	at java.awt.EventQueue.dispatchEvent(EventQueue.java:726)
	at java.awt.EventDispatchThread.pumpOneEventForFilters(EventDispatchThread.java:201)
	at java.awt.EventDispatchThread.pumpEventsForFilter(EventDispatchThread.java:116)
	at java.awt.EventDispatchThread.pumpEventsForHierarchy(EventDispatchThread.java:105)
	at java.awt.EventDispatchThread.pumpEvents(EventDispatchThread.java:101)
	at java.awt.EventDispatchThread.pumpEvents(EventDispatchThread.java:93)
	at java.awt.EventDispatchThread.run(EventDispatchThread.java:82)
Caused by: ptolemy.actor.ptalon.PtalonRuntimeException: Unable to add actor null
	at ptolemy.actor.ptalon.PtalonEvaluator.addActor(PtalonEvaluator.java:300)
	at ptolemy.actor.ptalon.PtalonPopulator.actor_declaration(PtalonPopulator.java:1574)
	at ptolemy.actor.ptalon.PtalonPopulator.atomic_statement(PtalonPopulator.java:1638)
	at ptolemy.actor.ptalon.PtalonPopulator.iterative_statement_evaluator(PtalonPopulator.java:2484)
	at ptolemy.actor.ptalon.AbstractPtalonEvaluator$IfTree.evaluateForScope(AbstractPtalonEvaluator.java:1307)
	at ptolemy.actor.ptalon.AbstractPtalonEvaluator.evaluateForScope(AbstractPtalonEvaluator.java:744)
	at ptolemy.actor.ptalon.PtalonPopulator.iterative_statement(PtalonPopulator.java:2363)
	at ptolemy.actor.ptalon.PtalonPopulator.actor_definition(PtalonPopulator.java:2809)
	at ptolemy.actor.ptalon.PtalonActor.attributeChanged(PtalonActor.java:206)
	... 48 more
Caused by: ptolemy.kernel.util.InternalErrorException: Element <entity name="node1" class="ptolemy.actor.ptalon.demo.ptinyos.SenseToLeds.MicaBoard"> caused an exception to be thrown.
  in .SenseToLeds.SenseToLeds
Because:
Cannot find class: ptolemy.actor.ptalon.demo.ptinyos.SenseToLeds.MicaBoard. In Ptolemy, classes are typically Java .class files. Entities like actors may instead be defined within a .xml file.  In any case, the class was not found. If the class uses a third party package, then the class would be present only if the third party package was found at compile time.  It may be necessary to upgrade Java or install the third party package, reconfigure and recompile.
Because:
Element <entity name="MicaLeds" class="ptolemy.domains.ptinyos.lib.MicaLeds"> caused an exception to be thrown.
  in .MicaBoard
Because:
Cannot find class: ptolemy.domains.ptinyos.lib.MicaLeds. In Ptolemy, classes are typically Java .class files. Entities like actors may instead be defined within a .xml file.  In any case, the class was not found. If the class uses a third party package, then the class would be present only if the third party package was found at compile time.  It may be necessary to upgrade Java or install the third party package, reconfigure and recompile.
Because:
-- /home/travis/build/icyphy/ptII/ptolemy/actor/ptalon/demo/ptinyos/SenseToLeds/ptolemy/domains/ptinyos/lib/MicaLeds.xml (No such file or directory)
-- XML file not found relative to classpath.
-- /home/travis/build/icyphy/ptII/ptolemy/vergil/basic/export/test/ptolemy/domains/ptinyos/lib/MicaLeds.xml
/home/travis/build/icyphy/ptII/ptolemy/vergil/basic/export/test/ptolemy/domains/ptinyos/lib/MicaLeds.xml (No such file or directory)
 in file:/home/travis/build/icyphy/ptII/ptolemy/actor/ptalon/demo/ptinyos/SenseToLeds/MicaBoard.xml at line 134 and column 63
	at ptolemy.moml.SimpleErrorHandler.handleError(SimpleErrorHandler.java:75)
	at ptolemy.moml.MoMLParser.startElement(MoMLParser.java:3805)
	at com.microstar.xml.XmlParser.parseElement(XmlParser.java:931)
	at com.microstar.xml.XmlParser.parseDocument(XmlParser.java:481)
	at com.microstar.xml.XmlParser.doParse(XmlParser.java:159)
	at com.microstar.xml.XmlParser.parse(XmlParser.java:132)
	at ptolemy.moml.MoMLParser.parse(MoMLParser.java:1660)
	at ptolemy.moml.MoMLParser.parse(MoMLParser.java:1617)
	at ptolemy.moml.MoMLParser.parse(MoMLParser.java:1792)
	at ptolemy.actor.ptalon.PtalonEvaluator.addActor(PtalonEvaluator.java:241)
	... 56 more
Caused by: ptolemy.kernel.util.IllegalActionException: Cannot find class: ptolemy.actor.ptalon.demo.ptinyos.SenseToLeds.MicaBoard. In Ptolemy, classes are typically Java .class files. Entities like actors may instead be defined within a .xml file.  In any case, the class was not found. If the class uses a third party package, then the class would be present only if the third party package was found at compile time.  It may be necessary to upgrade Java or install the third party package, reconfigure and recompile.
Because:
Element <entity name="MicaLeds" class="ptolemy.domains.ptinyos.lib.MicaLeds"> caused an exception to be thrown.
  in .MicaBoard
Because:
Cannot find class: ptolemy.domains.ptinyos.lib.MicaLeds. In Ptolemy, classes are typically Java .class files. Entities like actors may instead be defined within a .xml file.  In any case, the class was not found. If the class uses a third party package, then the class would be present only if the third party package was found at compile time.  It may be necessary to upgrade Java or install the third party package, reconfigure and recompile.
Because:
-- /home/travis/build/icyphy/ptII/ptolemy/actor/ptalon/demo/ptinyos/SenseToLeds/ptolemy/domains/ptinyos/lib/MicaLeds.xml (No such file or directory)
-- XML file not found relative to classpath.
-- /home/travis/build/icyphy/ptII/ptolemy/vergil/basic/export/test/ptolemy/domains/ptinyos/lib/MicaLeds.xml
/home/travis/build/icyphy/ptII/ptolemy/vergil/basic/export/test/ptolemy/domains/ptinyos/lib/MicaLeds.xml (No such file or directory)
 in file:/home/travis/build/icyphy/ptII/ptolemy/actor/ptalon/demo/ptinyos/SenseToLeds/MicaBoard.xml at line 134 and column 63
	at ptolemy.moml.MoMLParser._createEntity(MoMLParser.java:4330)
	at ptolemy.moml.MoMLParser.startElement(MoMLParser.java:2864)
	... 64 more
Caused by: ptolemy.kernel.util.InternalErrorException: Element <entity name="MicaLeds" class="ptolemy.domains.ptinyos.lib.MicaLeds"> caused an exception to be thrown.
  in .MicaBoard
Because:
Cannot find class: ptolemy.domains.ptinyos.lib.MicaLeds. In Ptolemy, classes are typically Java .class files. Entities like actors may instead be defined within a .xml file.  In any case, the class was not found. If the class uses a third party package, then the class would be present only if the third party package was found at compile time.  It may be necessary to upgrade Java or install the third party package, reconfigure and recompile.
Because:
-- /home/travis/build/icyphy/ptII/ptolemy/actor/ptalon/demo/ptinyos/SenseToLeds/ptolemy/domains/ptinyos/lib/MicaLeds.xml (No such file or directory)
-- XML file not found relative to classpath.
-- /home/travis/build/icyphy/ptII/ptolemy/vergil/basic/export/test/ptolemy/domains/ptinyos/lib/MicaLeds.xml
/home/travis/build/icyphy/ptII/ptolemy/vergil/basic/export/test/ptolemy/domains/ptinyos/lib/MicaLeds.xml (No such file or directory)
 in file:/home/travis/build/icyphy/ptII/ptolemy/actor/ptalon/demo/ptinyos/SenseToLeds/MicaBoard.xml at line 134 and column 63
	at ptolemy.moml.SimpleErrorHandler.handleError(SimpleErrorHandler.java:75)
	at ptolemy.moml.MoMLParser.startElement(MoMLParser.java:3805)
	at com.microstar.xml.XmlParser.parseElement(XmlParser.java:921)
	at com.microstar.xml.XmlParser.parseContent(XmlParser.java:1104)
	at com.microstar.xml.XmlParser.parseElement(XmlParser.java:924)
	at com.microstar.xml.XmlParser.parseDocument(XmlParser.java:481)
	at com.microstar.xml.XmlParser.doParse(XmlParser.java:159)
	at com.microstar.xml.XmlParser.parse(XmlParser.java:132)
	at ptolemy.moml.MoMLParser.parse(MoMLParser.java:1676)
	at ptolemy.moml.MoMLParser.parse(MoMLParser.java:1595)
	at ptolemy.moml.MoMLParser.parse(MoMLParser.java:1537)
	at ptolemy.moml.MoMLParser._findOrParse(MoMLParser.java:5286)
	at ptolemy.moml.MoMLParser._attemptToFindMoMLClass(MoMLParser.java:4075)
	at ptolemy.moml.MoMLParser._createEntity(MoMLParser.java:4323)
	... 65 more
Caused by: ptolemy.kernel.util.IllegalActionException: Cannot find class: ptolemy.domains.ptinyos.lib.MicaLeds. In Ptolemy, classes are typically Java .class files. Entities like actors may instead be defined within a .xml file.  In any case, the class was not found. If the class uses a third party package, then the class would be present only if the third party package was found at compile time.  It may be necessary to upgrade Java or install the third party package, reconfigure and recompile.
Because:
-- /home/travis/build/icyphy/ptII/ptolemy/actor/ptalon/demo/ptinyos/SenseToLeds/ptolemy/domains/ptinyos/lib/MicaLeds.xml (No such file or directory)
-- XML file not found relative to classpath.
-- /home/travis/build/icyphy/ptII/ptolemy/vergil/basic/export/test/ptolemy/domains/ptinyos/lib/MicaLeds.xml
/home/travis/build/icyphy/ptII/ptolemy/vergil/basic/export/test/ptolemy/domains/ptinyos/lib/MicaLeds.xml (No such file or directory)
 in file:/home/travis/build/icyphy/ptII/ptolemy/actor/ptalon/demo/ptinyos/SenseToLeds/MicaBoard.xml at line 134 and column 63
	at ptolemy.moml.MoMLParser._createEntity(MoMLParser.java:4330)
	at ptolemy.moml.MoMLParser.startElement(MoMLParser.java:2864)
	... 77 more
Caused by: com.microstar.xml.XmlException: -- /home/travis/build/icyphy/ptII/ptolemy/actor/ptalon/demo/ptinyos/SenseToLeds/ptolemy/domains/ptinyos/lib/MicaLeds.xml (No such file or directory)
-- XML file not found relative to classpath.
-- /home/travis/build/icyphy/ptII/ptolemy/vergil/basic/export/test/ptolemy/domains/ptinyos/lib/MicaLeds.xml
/home/travis/build/icyphy/ptII/ptolemy/vergil/basic/export/test/ptolemy/domains/ptinyos/lib/MicaLeds.xml (No such file or directory)
 in file:/home/travis/build/icyphy/ptII/ptolemy/actor/ptalon/demo/ptinyos/SenseToLeds/MicaBoard.xml at line 134 and column 63
	at ptolemy.moml.MoMLParser.fileNameToURL(MoMLParser.java:1414)
	at ptolemy.moml.MoMLParser._findOrParse(MoMLParser.java:5283)
	at ptolemy.moml.MoMLParser._attemptToFindMoMLClass(MoMLParser.java:4075)
	at ptolemy.moml.MoMLParser._createEntity(MoMLParser.java:4323)
	... 78 more
Caused by: ptolemy.actor.ptalon.PtalonRuntimeException: Unable to add actor null
	at ptolemy.actor.ptalon.PtalonEvaluator.addActor(PtalonEvaluator.java:300)
	at ptolemy.actor.ptalon.PtalonPopulator.actor_declaration(PtalonPopulator.java:1574)
	at ptolemy.actor.ptalon.PtalonPopulator.atomic_statement(PtalonPopulator.java:1638)
	at ptolemy.actor.ptalon.PtalonPopulator.iterative_statement_evaluator(PtalonPopulator.java:2484)
	at ptolemy.actor.ptalon.AbstractPtalonEvaluator$IfTree.evaluateForScope(AbstractPtalonEvaluator.java:1307)
	at ptolemy.actor.ptalon.AbstractPtalonEvaluator.evaluateForScope(AbstractPtalonEvaluator.java:744)
	at ptolemy.actor.ptalon.PtalonPopulator.iterative_statement(PtalonPopulator.java:2363)
	at ptolemy.actor.ptalon.PtalonPopulator.actor_definition(PtalonPopulator.java:2809)
	at ptolemy.actor.ptalon.PtalonActor.attributeChanged(PtalonActor.java:206)
	at ptolemy.actor.ptalon.PtalonMLHandler.startElement(PtalonMLHandler.java:134)
	at com.microstar.xml.XmlParser.parseElement(XmlParser.java:921)
	at com.microstar.xml.XmlParser.parseContent(XmlParser.java:1104)
	at com.microstar.xml.XmlParser.parseElement(XmlParser.java:924)
	at com.microstar.xml.XmlParser.parseDocument(XmlParser.java:481)
	at com.microstar.xml.XmlParser.doParse(XmlParser.java:159)
	at com.microstar.xml.XmlParser.parse(XmlParser.java:132)
	at ptolemy.actor.ptalon.PtalonActor.configure(PtalonActor.java:240)
	at ptolemy.moml.MoMLParser.endElement(MoMLParser.java:996)
	at com.microstar.xml.XmlParser.parseETag(XmlParser.java:1026)
	at com.microstar.xml.XmlParser.parseContent(XmlParser.java:1098)
	at com.microstar.xml.XmlParser.parseElement(XmlParser.java:924)
	at com.microstar.xml.XmlParser.parseContent(XmlParser.java:1104)
	at com.microstar.xml.XmlParser.parseElement(XmlParser.java:924)
	at com.microstar.xml.XmlParser.parseContent(XmlParser.java:1104)
	at com.microstar.xml.XmlParser.parseElement(XmlParser.java:924)
	at com.microstar.xml.XmlParser.parseDocument(XmlParser.java:481)
	at com.microstar.xml.XmlParser.doParse(XmlParser.java:159)
	at com.microstar.xml.XmlParser.parse(XmlParser.java:132)
	at ptolemy.moml.MoMLParser.parse(MoMLParser.java:1676)
	at ptolemy.moml.MoMLParser.parse(MoMLParser.java:1595)
	at ptolemy.moml.MoMLParser.parse(MoMLParser.java:1537)
	at ptolemy.actor.gui.PtolemyEffigy$Factory.createEffigy(PtolemyEffigy.java:424)
	at ptolemy.actor.gui.EffigyFactory.createEffigy(EffigyFactory.java:234)
	at ptolemy.actor.gui.Configuration.openModel(Configuration.java:1125)
	at ptolemy.actor.gui.Configuration.openModel(Configuration.java:1051)
	at ptolemy.actor.gui.ConfigurationApplication._openModel(ConfigurationApplication.java:1252)
	at ptolemy.actor.gui.ConfigurationApplication._parseArg(ConfigurationApplication.java:1399)
	at ptolemy.actor.gui.ConfigurationApplication._parseArgs(ConfigurationApplication.java:1478)
	at ptolemy.actor.gui.ConfigurationApplication.<init>(ConfigurationApplication.java:277)
	at ptolemy.actor.gui.ConfigurationApplication.<init>(ConfigurationApplication.java:214)
	at ptolemy.actor.gui.ConfigurationApplication.<init>(ConfigurationApplication.java:201)
	at ptolemy.actor.gui.ConfigurationApplication.openModelOrEntity(ConfigurationApplication.java:680)
	at ptolemy.vergil.basic.export.ExportModel$1.run(ExportModel.java:220)
	at java.awt.event.InvocationEvent.dispatch(InvocationEvent.java:301)
	at java.awt.EventQueue.dispatchEventImpl(EventQueue.java:756)
	at java.awt.EventQueue.access$500(EventQueue.java:97)
	at java.awt.EventQueue$3.run(EventQueue.java:709)
	at java.awt.EventQueue$3.run(EventQueue.java:703)
	at java.security.AccessController.doPrivileged(Native Method)
	at java.security.ProtectionDomain$JavaSecurityAccessImpl.doIntersectionPrivilege(ProtectionDomain.java:80)
	at java.awt.EventQueue.dispatchEvent(EventQueue.java:726)
	at java.awt.EventDispatchThread.pumpOneEventForFilters(EventDispatchThread.java:201)
	at java.awt.EventDispatchThread.pumpEventsForFilter(EventDispatchThread.java:116)
	at java.awt.EventDispatchThread.pumpEventsForHierarchy(EventDispatchThread.java:105)
	at java.awt.EventDispatchThread.pumpEvents(EventDispatchThread.java:101)
	at java.awt.EventDispatchThread.pumpEvents(EventDispatchThread.java:93)
	at java.awt.EventDispatchThread.run(EventDispatchThread.java:82)
Caused by: ptolemy.kernel.util.InternalErrorException: Element <entity name="node1" class="ptolemy.actor.ptalon.demo.ptinyos.SenseToLeds.MicaBoard"> caused an exception to be thrown.
  in .SenseToLeds.SenseToLeds
Because:
Cannot find class: ptolemy.actor.ptalon.demo.ptinyos.SenseToLeds.MicaBoard. In Ptolemy, classes are typically Java .class files. Entities like actors may instead be defined within a .xml file.  In any case, the class was not found. If the class uses a third party package, then the class would be present only if the third party package was found at compile time.  It may be necessary to upgrade Java or install the third party package, reconfigure and recompile.
Because:
Element <entity name="MicaLeds" class="ptolemy.domains.ptinyos.lib.MicaLeds"> caused an exception to be thrown.
  in .MicaBoard
Because:
Cannot find class: ptolemy.domains.ptinyos.lib.MicaLeds. In Ptolemy, classes are typically Java .class files. Entities like actors may instead be defined within a .xml file.  In any case, the class was not found. If the class uses a third party package, then the class would be present only if the third party package was found at compile time.  It may be necessary to upgrade Java or install the third party package, reconfigure and recompile.
Because:
-- /home/travis/build/icyphy/ptII/ptolemy/actor/ptalon/demo/ptinyos/SenseToLeds/ptolemy/domains/ptinyos/lib/MicaLeds.xml (No such file or directory)
-- XML file not found relative to classpath.
-- /home/travis/build/icyphy/ptII/ptolemy/vergil/basic/export/test/ptolemy/domains/ptinyos/lib/MicaLeds.xml
/home/travis/build/icyphy/ptII/ptolemy/vergil/basic/export/test/ptolemy/domains/ptinyos/lib/MicaLeds.xml (No such file or directory)
 in file:/home/travis/build/icyphy/ptII/ptolemy/actor/ptalon/demo/ptinyos/SenseToLeds/MicaBoard.xml at line 134 and column 63
	at ptolemy.moml.SimpleErrorHandler.handleError(SimpleErrorHandler.java:75)
	at ptolemy.moml.MoMLParser.startElement(MoMLParser.java:3805)
	at com.microstar.xml.XmlParser.parseElement(XmlParser.java:931)
	at com.microstar.xml.XmlParser.parseDocument(XmlParser.java:481)
	at com.microstar.xml.XmlParser.doParse(XmlParser.java:159)
	at com.microstar.xml.XmlParser.parse(XmlParser.java:132)
	at ptolemy.moml.MoMLParser.parse(MoMLParser.java:1660)
	at ptolemy.moml.MoMLParser.parse(MoMLParser.java:1617)
	at ptolemy.moml.MoMLParser.parse(MoMLParser.java:1792)
	at ptolemy.actor.ptalon.PtalonEvaluator.addActor(PtalonEvaluator.java:241)
	... 56 more
Caused by: ptolemy.kernel.util.IllegalActionException: Cannot find class: ptolemy.actor.ptalon.demo.ptinyos.SenseToLeds.MicaBoard. In Ptolemy, classes are typically Java .class files. Entities like actors may instead be defined within a .xml file.  In any case, the class was not found. If the class uses a third party package, then the class would be present only if the third party package was found at compile time.  It may be necessary to upgrade Java or install the third party package, reconfigure and recompile.
Because:
Element <entity name="MicaLeds" class="ptolemy.domains.ptinyos.lib.MicaLeds"> caused an exception to be thrown.
  in .MicaBoard
Because:
Cannot find class: ptolemy.domains.ptinyos.lib.MicaLeds. In Ptolemy, classes are typically Java .class files. Entities like actors may instead be defined within a .xml file.  In any case, the class was not found. If the class uses a third party package, then the class would be present only if the third party package was found at compile time.  It may be necessary to upgrade Java or install the third party package, reconfigure and recompile.
Because:
-- /home/travis/build/icyphy/ptII/ptolemy/actor/ptalon/demo/ptinyos/SenseToLeds/ptolemy/domains/ptinyos/lib/MicaLeds.xml (No such file or directory)
-- XML file not found relative to classpath.
-- /home/travis/build/icyphy/ptII/ptolemy/vergil/basic/export/test/ptolemy/domains/ptinyos/lib/MicaLeds.xml
/home/travis/build/icyphy/ptII/ptolemy/vergil/basic/export/test/ptolemy/domains/ptinyos/lib/MicaLeds.xml (No such file or directory)
 in file:/home/travis/build/icyphy/ptII/ptolemy/actor/ptalon/demo/ptinyos/SenseToLeds/MicaBoard.xml at line 134 and column 63
	at ptolemy.moml.MoMLParser._createEntity(MoMLParser.java:4330)
	at ptolemy.moml.MoMLParser.startElement(MoMLParser.java:2864)
	... 64 more
Caused by: ptolemy.kernel.util.InternalErrorException: Element <entity name="MicaLeds" class="ptolemy.domains.ptinyos.lib.MicaLeds"> caused an exception to be thrown.
  in .MicaBoard
Because:
Cannot find class: ptolemy.domains.ptinyos.lib.MicaLeds. In Ptolemy, classes are typically Java .class files. Entities like actors may instead be defined within a .xml file.  In any case, the class was not found. If the class uses a third party package, then the class would be present only if the third party package was found at compile time.  It may be necessary to upgrade Java or install the third party package, reconfigure and recompile.
Because:
-- /home/travis/build/icyphy/ptII/ptolemy/actor/ptalon/demo/ptinyos/SenseToLeds/ptolemy/domains/ptinyos/lib/MicaLeds.xml (No such file or directory)
-- XML file not found relative to classpath.
-- /home/travis/build/icyphy/ptII/ptolemy/vergil/basic/export/test/ptolemy/domains/ptinyos/lib/MicaLeds.xml
/home/travis/build/icyphy/ptII/ptolemy/vergil/basic/export/test/ptolemy/domains/ptinyos/lib/MicaLeds.xml (No such file or directory)
 in file:/home/travis/build/icyphy/ptII/ptolemy/actor/ptalon/demo/ptinyos/SenseToLeds/MicaBoard.xml at line 134 and column 63
	at ptolemy.moml.SimpleErrorHandler.handleError(SimpleErrorHandler.java:75)
	at ptolemy.moml.MoMLParser.startElement(MoMLParser.java:3805)
	at com.microstar.xml.XmlParser.parseElement(XmlParser.java:921)
	at com.microstar.xml.XmlParser.parseContent(XmlParser.java:1104)
	at com.microstar.xml.XmlParser.parseElement(XmlParser.java:924)
	at com.microstar.xml.XmlParser.parseDocument(XmlParser.java:481)
	at com.microstar.xml.XmlParser.doParse(XmlParser.java:159)
	at com.microstar.xml.XmlParser.parse(XmlParser.java:132)
	at ptolemy.moml.MoMLParser.parse(MoMLParser.java:1676)
	at ptolemy.moml.MoMLParser.parse(MoMLParser.java:1595)
	at ptolemy.moml.MoMLParser.parse(MoMLParser.java:1537)
	at ptolemy.moml.MoMLParser._findOrParse(MoMLParser.java:5286)
	at ptolemy.moml.MoMLParser._attemptToFindMoMLClass(MoMLParser.java:4075)
	at ptolemy.moml.MoMLParser._createEntity(MoMLParser.java:4323)
	... 65 more
Caused by: ptolemy.kernel.util.IllegalActionException: Cannot find class: ptolemy.domains.ptinyos.lib.MicaLeds. In Ptolemy, classes are typically Java .class files. Entities like actors may instead be defined within a .xml file.  In any case, the class was not found. If the class uses a third party package, then the class would be present only if the third party package was found at compile time.  It may be necessary to upgrade Java or install the third party package, reconfigure and recompile.
Because:
-- /home/travis/build/icyphy/ptII/ptolemy/actor/ptalon/demo/ptinyos/SenseToLeds/ptolemy/domains/ptinyos/lib/MicaLeds.xml (No such file or directory)
-- XML file not found relative to classpath.
-- /home/travis/build/icyphy/ptII/ptolemy/vergil/basic/export/test/ptolemy/domains/ptinyos/lib/MicaLeds.xml
/home/travis/build/icyphy/ptII/ptolemy/vergil/basic/export/test/ptolemy/domains/ptinyos/lib/MicaLeds.xml (No such file or directory)
 in file:/home/travis/build/icyphy/ptII/ptolemy/actor/ptalon/demo/ptinyos/SenseToLeds/MicaBoard.xml at line 134 and column 63
	at ptolemy.moml.MoMLParser._createEntity(MoMLParser.java:4330)
	at ptolemy.moml.MoMLParser.startElement(MoMLParser.java:2864)
	... 77 more
Caused by: com.microstar.xml.XmlException: -- /home/travis/build/icyphy/ptII/ptolemy/actor/ptalon/demo/ptinyos/SenseToLeds/ptolemy/domains/ptinyos/lib/MicaLeds.xml (No such file or directory)
-- XML file not found relative to classpath.
-- /home/travis/build/icyphy/ptII/ptolemy/vergil/basic/export/test/ptolemy/domains/ptinyos/lib/MicaLeds.xml
/home/travis/build/icyphy/ptII/ptolemy/vergil/basic/export/test/ptolemy/domains/ptinyos/lib/MicaLeds.xml (No such file or directory)
 in file:/home/travis/build/icyphy/ptII/ptolemy/actor/ptalon/demo/ptinyos/SenseToLeds/MicaBoard.xml at line 134 and column 63
	at ptolemy.moml.MoMLParser.fileNameToURL(MoMLParser.java:1414)
	at ptolemy.moml.MoMLParser._findOrParse(MoMLParser.java:5283)
	at ptolemy.moml.MoMLParser._attemptToFindMoMLClass(MoMLParser.java:4075)
	at ptolemy.moml.MoMLParser._createEntity(MoMLParser.java:4323)
	... 78 more
Failed to read file:/home/travis/build/icyphy/ptII/ptolemy/actor/ptalon/demo/ptinyos/SenseToLeds/SenseToLeds.xml
ptolemy.kernel.util.IllegalActionException: Failed to process attribute change to PtalonParameter, whose value is "ptolemy.actor.ptalon.PtalonExpressionParameter {.SenseToLeds.SenseToLeds.n} 2".
  in .SenseToLeds.SenseToLeds
Because:
Unable to add actor null
	at ptolemy.actor.ptalon.PtalonActor.attributeChanged(PtalonActor.java:211)
	at ptolemy.actor.ptalon.PtalonMLHandler.startElement(PtalonMLHandler.java:134)
	at com.microstar.xml.XmlParser.parseElement(XmlParser.java:921)
	at com.microstar.xml.XmlParser.parseContent(XmlParser.java:1104)
	at com.microstar.xml.XmlParser.parseElement(XmlParser.java:924)
	at com.microstar.xml.XmlParser.parseDocument(XmlParser.java:481)
	at com.microstar.xml.XmlParser.doParse(XmlParser.java:159)
	at com.microstar.xml.XmlParser.parse(XmlParser.java:132)
	at ptolemy.actor.ptalon.PtalonActor.configure(PtalonActor.java:240)
	at ptolemy.moml.MoMLParser.endElement(MoMLParser.java:996)
	at com.microstar.xml.XmlParser.parseETag(XmlParser.java:1026)
	at com.microstar.xml.XmlParser.parseContent(XmlParser.java:1098)
	at com.microstar.xml.XmlParser.parseElement(XmlParser.java:924)
	at com.microstar.xml.XmlParser.parseContent(XmlParser.java:1104)
	at com.microstar.xml.XmlParser.parseElement(XmlParser.java:924)
	at com.microstar.xml.XmlParser.parseContent(XmlParser.java:1104)
	at com.microstar.xml.XmlParser.parseElement(XmlParser.java:924)
	at com.microstar.xml.XmlParser.parseDocument(XmlParser.java:481)
	at com.microstar.xml.XmlParser.doParse(XmlParser.java:159)
	at com.microstar.xml.XmlParser.parse(XmlParser.java:132)
	at ptolemy.moml.MoMLParser.parse(MoMLParser.java:1676)
	at ptolemy.moml.MoMLParser.parse(MoMLParser.java:1595)
	at ptolemy.moml.MoMLParser.parse(MoMLParser.java:1537)
	at ptolemy.actor.gui.PtolemyEffigy$Factory.createEffigy(PtolemyEffigy.java:424)
	at ptolemy.actor.gui.EffigyFactory.createEffigy(EffigyFactory.java:234)
	at ptolemy.actor.gui.Configuration.openModel(Configuration.java:1125)
	at ptolemy.actor.gui.Configuration.openModel(Configuration.java:1051)
	at ptolemy.actor.gui.ConfigurationApplication._openModel(ConfigurationApplication.java:1252)
	at ptolemy.actor.gui.ConfigurationApplication._parseArg(ConfigurationApplication.java:1399)
	at ptolemy.actor.gui.ConfigurationApplication._parseArgs(ConfigurationApplication.java:1478)
	at ptolemy.actor.gui.ConfigurationApplication.<init>(ConfigurationApplication.java:277)
	at ptolemy.actor.gui.ConfigurationApplication.<init>(ConfigurationApplication.java:214)
	at ptolemy.actor.gui.ConfigurationApplication.<init>(ConfigurationApplication.java:201)
	at ptolemy.actor.gui.ConfigurationApplication.openModelOrEntity(ConfigurationApplication.java:680)
	at ptolemy.vergil.basic.export.ExportModel$1.run(ExportModel.java:220)
	at java.awt.event.InvocationEvent.dispatch(InvocationEvent.java:301)
	at java.awt.EventQueue.dispatchEventImpl(EventQueue.java:756)
	at java.awt.EventQueue.access$500(EventQueue.java:97)
	at java.awt.EventQueue$3.run(EventQueue.java:709)
	at java.awt.EventQueue$3.run(EventQueue.java:703)
	at java.security.AccessController.doPrivileged(Native Method)
	at java.security.ProtectionDomain$JavaSecurityAccessImpl.doIntersectionPrivilege(ProtectionDomain.java:80)
	at java.awt.EventQueue.dispatchEvent(EventQueue.java:726)
	at java.awt.EventDispatchThread.pumpOneEventForFilters(EventDispatchThread.java:201)
	at java.awt.EventDispatchThread.pumpEventsForFilter(EventDispatchThread.java:116)
	at java.awt.EventDispatchThread.pumpEventsForHierarchy(EventDispatchThread.java:105)
	at java.awt.EventDispatchThread.pumpEvents(EventDispatchThread.java:101)
	at java.awt.EventDispatchThread.pumpEvents(EventDispatchThread.java:93)
	at java.awt.EventDispatchThread.run(EventDispatchThread.java:82)
Caused by: ptolemy.actor.ptalon.PtalonRuntimeException: Unable to add actor null
	at ptolemy.actor.ptalon.PtalonEvaluator.addActor(PtalonEvaluator.java:300)
	at ptolemy.actor.ptalon.PtalonPopulator.actor_declaration(PtalonPopulator.java:1574)
	at ptolemy.actor.ptalon.PtalonPopulator.atomic_statement(PtalonPopulator.java:1638)
	at ptolemy.actor.ptalon.PtalonPopulator.iterative_statement_evaluator(PtalonPopulator.java:2484)
	at ptolemy.actor.ptalon.AbstractPtalonEvaluator$IfTree.evaluateForScope(AbstractPtalonEvaluator.java:1307)
	at ptolemy.actor.ptalon.AbstractPtalonEvaluator.evaluateForScope(AbstractPtalonEvaluator.java:744)
	at ptolemy.actor.ptalon.PtalonPopulator.iterative_statement(PtalonPopulator.java:2363)
	at ptolemy.actor.ptalon.PtalonPopulator.actor_definition(PtalonPopulator.java:2809)
	at ptolemy.actor.ptalon.PtalonActor.attributeChanged(PtalonActor.java:206)
	... 48 more
Caused by: ptolemy.kernel.util.InternalErrorException: Element <entity name="node1" class="ptolemy.actor.ptalon.demo.ptinyos.SenseToLeds.MicaBoard"> caused an exception to be thrown.
  in .SenseToLeds.SenseToLeds
Because:
Cannot find class: ptolemy.actor.ptalon.demo.ptinyos.SenseToLeds.MicaBoard. In Ptolemy, classes are typically Java .class files. Entities like actors may instead be defined within a .xml file.  In any case, the class was not found. If the class uses a third party package, then the class would be present only if the third party package was found at compile time.  It may be necessary to upgrade Java or install the third party package, reconfigure and recompile.
Because:
Element <entity name="MicaLeds" class="ptolemy.domains.ptinyos.lib.MicaLeds"> caused an exception to be thrown.
  in .MicaBoard
Because:
Cannot find class: ptolemy.domains.ptinyos.lib.MicaLeds. In Ptolemy, classes are typically Java .class files. Entities like actors may instead be defined within a .xml file.  In any case, the class was not found. If the class uses a third party package, then the class would be present only if the third party package was found at compile time.  It may be necessary to upgrade Java or install the third party package, reconfigure and recompile.
Because:
-- /home/travis/build/icyphy/ptII/ptolemy/actor/ptalon/demo/ptinyos/SenseToLeds/ptolemy/domains/ptinyos/lib/MicaLeds.xml (No such file or directory)
-- XML file not found relative to classpath.
-- /home/travis/build/icyphy/ptII/ptolemy/vergil/basic/export/test/ptolemy/domains/ptinyos/lib/MicaLeds.xml
/home/travis/build/icyphy/ptII/ptolemy/vergil/basic/export/test/ptolemy/domains/ptinyos/lib/MicaLeds.xml (No such file or directory)
 in file:/home/travis/build/icyphy/ptII/ptolemy/actor/ptalon/demo/ptinyos/SenseToLeds/MicaBoard.xml at line 134 and column 63
	at ptolemy.moml.SimpleErrorHandler.handleError(SimpleErrorHandler.java:75)
	at ptolemy.moml.MoMLParser.startElement(MoMLParser.java:3805)
	at com.microstar.xml.XmlParser.parseElement(XmlParser.java:931)
	at com.microstar.xml.XmlParser.parseDocument(XmlParser.java:481)
	at com.microstar.xml.XmlParser.doParse(XmlParser.java:159)
	at com.microstar.xml.XmlParser.parse(XmlParser.java:132)
	at ptolemy.moml.MoMLParser.parse(MoMLParser.java:1660)
	at ptolemy.moml.MoMLParser.parse(MoMLParser.java:1617)
	at ptolemy.moml.MoMLParser.parse(MoMLParser.java:1792)
	at ptolemy.actor.ptalon.PtalonEvaluator.addActor(PtalonEvaluator.java:241)
	... 56 more
Caused by: ptolemy.kernel.util.IllegalActionException: Cannot find class: ptolemy.actor.ptalon.demo.ptinyos.SenseToLeds.MicaBoard. In Ptolemy, classes are typically Java .class files. Entities like actors may instead be defined within a .xml file.  In any case, the class was not found. If the class uses a third party package, then the class would be present only if the third party package was found at compile time.  It may be necessary to upgrade Java or install the third party package, reconfigure and recompile.
Because:
Element <entity name="MicaLeds" class="ptolemy.domains.ptinyos.lib.MicaLeds"> caused an exception to be thrown.
  in .MicaBoard
Because:
Cannot find class: ptolemy.domains.ptinyos.lib.MicaLeds. In Ptolemy, classes are typically Java .class files. Entities like actors may instead be defined within a .xml file.  In any case, the class was not found. If the class uses a third party package, then the class would be present only if the third party package was found at compile time.  It may be necessary to upgrade Java or install the third party package, reconfigure and recompile.
Because:
-- /home/travis/build/icyphy/ptII/ptolemy/actor/ptalon/demo/ptinyos/SenseToLeds/ptolemy/domains/ptinyos/lib/MicaLeds.xml (No such file or directory)
-- XML file not found relative to classpath.
-- /home/travis/build/icyphy/ptII/ptolemy/vergil/basic/export/test/ptolemy/domains/ptinyos/lib/MicaLeds.xml
/home/travis/build/icyphy/ptII/ptolemy/vergil/basic/export/test/ptolemy/domains/ptinyos/lib/MicaLeds.xml (No such file or directory)
 in file:/home/travis/build/icyphy/ptII/ptolemy/actor/ptalon/demo/ptinyos/SenseToLeds/MicaBoard.xml at line 134 and column 63
	at ptolemy.moml.MoMLParser._createEntity(MoMLParser.java:4330)
	at ptolemy.moml.MoMLParser.startElement(MoMLParser.java:2864)
	... 64 more
Caused by: ptolemy.kernel.util.InternalErrorException: Element <entity name="MicaLeds" class="ptolemy.domains.ptinyos.lib.MicaLeds"> caused an exception to be thrown.
  in .MicaBoard
Because:
Cannot find class: ptolemy.domains.ptinyos.lib.MicaLeds. In Ptolemy, classes are typically Java .class files. Entities like actors may instead be defined within a .xml file.  In any case, the class was not found. If the class uses a third party package, then the class would be present only if the third party package was found at compile time.  It may be necessary to upgrade Java or install the third party package, reconfigure and recompile.
Because:
-- /home/travis/build/icyphy/ptII/ptolemy/actor/ptalon/demo/ptinyos/SenseToLeds/ptolemy/domains/ptinyos/lib/MicaLeds.xml (No such file or directory)
-- XML file not found relative to classpath.
-- /home/travis/build/icyphy/ptII/ptolemy/vergil/basic/export/test/ptolemy/domains/ptinyos/lib/MicaLeds.xml
/home/travis/build/icyphy/ptII/ptolemy/vergil/basic/export/test/ptolemy/domains/ptinyos/lib/MicaLeds.xml (No such file or directory)
 in file:/home/travis/build/icyphy/ptII/ptolemy/actor/ptalon/demo/ptinyos/SenseToLeds/MicaBoard.xml at line 134 and column 63
	at ptolemy.moml.SimpleErrorHandler.handleError(SimpleErrorHandler.java:75)
	at ptolemy.moml.MoMLParser.startElement(MoMLParser.java:3805)
	at com.microstar.xml.XmlParser.parseElement(XmlParser.java:921)
	at com.microstar.xml.XmlParser.parseContent(XmlParser.java:1104)
	at com.microstar.xml.XmlParser.parseElement(XmlParser.java:924)
	at com.microstar.xml.XmlParser.parseDocument(XmlParser.java:481)
	at com.microstar.xml.XmlParser.doParse(XmlParser.java:159)
	at com.microstar.xml.XmlParser.parse(XmlParser.java:132)
	at ptolemy.moml.MoMLParser.parse(MoMLParser.java:1676)
	at ptolemy.moml.MoMLParser.parse(MoMLParser.java:1595)
	at ptolemy.moml.MoMLParser.parse(MoMLParser.java:1537)
	at ptolemy.moml.MoMLParser._findOrParse(MoMLParser.java:5286)
	at ptolemy.moml.MoMLParser._attemptToFindMoMLClass(MoMLParser.java:4075)
	at ptolemy.moml.MoMLParser._createEntity(MoMLParser.java:4323)
	... 65 more
Caused by: ptolemy.kernel.util.IllegalActionException: Cannot find class: ptolemy.domains.ptinyos.lib.MicaLeds. In Ptolemy, classes are typically Java .class files. Entities like actors may instead be defined within a .xml file.  In any case, the class was not found. If the class uses a third party package, then the class would be present only if the third party package was found at compile time.  It may be necessary to upgrade Java or install the third party package, reconfigure and recompile.
Because:
-- /home/travis/build/icyphy/ptII/ptolemy/actor/ptalon/demo/ptinyos/SenseToLeds/ptolemy/domains/ptinyos/lib/MicaLeds.xml (No such file or directory)
-- XML file not found relative to classpath.
-- /home/travis/build/icyphy/ptII/ptolemy/vergil/basic/export/test/ptolemy/domains/ptinyos/lib/MicaLeds.xml
/home/travis/build/icyphy/ptII/ptolemy/vergil/basic/export/test/ptolemy/domains/ptinyos/lib/MicaLeds.xml (No such file or directory)
 in file:/home/travis/build/icyphy/ptII/ptolemy/actor/ptalon/demo/ptinyos/SenseToLeds/MicaBoard.xml at line 134 and column 63
	at ptolemy.moml.MoMLParser._createEntity(MoMLParser.java:4330)
	at ptolemy.moml.MoMLParser.startElement(MoMLParser.java:2864)
	... 77 more
Caused by: com.microstar.xml.XmlException: -- /home/travis/build/icyphy/ptII/ptolemy/actor/ptalon/demo/ptinyos/SenseToLeds/ptolemy/domains/ptinyos/lib/MicaLeds.xml (No such file or directory)
-- XML file not found relative to classpath.
-- /home/travis/build/icyphy/ptII/ptolemy/vergil/basic/export/test/ptolemy/domains/ptinyos/lib/MicaLeds.xml
/home/travis/build/icyphy/ptII/ptolemy/vergil/basic/export/test/ptolemy/domains/ptinyos/lib/MicaLeds.xml (No such file or directory)
 in file:/home/travis/build/icyphy/ptII/ptolemy/actor/ptalon/demo/ptinyos/SenseToLeds/MicaBoard.xml at line 134 and column 63
	at ptolemy.moml.MoMLParser.fileNameToURL(MoMLParser.java:1414)
	at ptolemy.moml.MoMLParser._findOrParse(MoMLParser.java:5283)
	at ptolemy.moml.MoMLParser._attemptToFindMoMLClass(MoMLParser.java:4075)
	at ptolemy.moml.MoMLParser._createEntity(MoMLParser.java:4323)
	... 78 more
Caused by: ptolemy.actor.ptalon.PtalonRuntimeException: Unable to add actor null
	at ptolemy.actor.ptalon.PtalonEvaluator.addActor(PtalonEvaluator.java:300)
	at ptolemy.actor.ptalon.PtalonPopulator.actor_declaration(PtalonPopulator.java:1574)
	at ptolemy.actor.ptalon.PtalonPopulator.atomic_statement(PtalonPopulator.java:1638)
	at ptolemy.actor.ptalon.PtalonPopulator.iterative_statement_evaluator(PtalonPopulator.java:2484)
	at ptolemy.actor.ptalon.AbstractPtalonEvaluator$IfTree.evaluateForScope(AbstractPtalonEvaluator.java:1307)
	at ptolemy.actor.ptalon.AbstractPtalonEvaluator.evaluateForScope(AbstractPtalonEvaluator.java:744)
	at ptolemy.actor.ptalon.PtalonPopulator.iterative_statement(PtalonPopulator.java:2363)
	at ptolemy.actor.ptalon.PtalonPopulator.actor_definition(PtalonPopulator.java:2809)
	at ptolemy.actor.ptalon.PtalonActor.attributeChanged(PtalonActor.java:206)
	at ptolemy.actor.ptalon.PtalonMLHandler.startElement(PtalonMLHandler.java:134)
	at com.microstar.xml.XmlParser.parseElement(XmlParser.java:921)
	at com.microstar.xml.XmlParser.parseContent(XmlParser.java:1104)
	at com.microstar.xml.XmlParser.parseElement(XmlParser.java:924)
	at com.microstar.xml.XmlParser.parseDocument(XmlParser.java:481)
	at com.microstar.xml.XmlParser.doParse(XmlParser.java:159)
	at com.microstar.xml.XmlParser.parse(XmlParser.java:132)
	at ptolemy.actor.ptalon.PtalonActor.configure(PtalonActor.java:240)
	at ptolemy.moml.MoMLParser.endElement(MoMLParser.java:996)
	at com.microstar.xml.XmlParser.parseETag(XmlParser.java:1026)
	at com.microstar.xml.XmlParser.parseContent(XmlParser.java:1098)
	at com.microstar.xml.XmlParser.parseElement(XmlParser.java:924)
	at com.microstar.xml.XmlParser.parseContent(XmlParser.java:1104)
	at com.microstar.xml.XmlParser.parseElement(XmlParser.java:924)
	at com.microstar.xml.XmlParser.parseContent(XmlParser.java:1104)
	at com.microstar.xml.XmlParser.parseElement(XmlParser.java:924)
	at com.microstar.xml.XmlParser.parseDocument(XmlParser.java:481)
	at com.microstar.xml.XmlParser.doParse(XmlParser.java:159)
	at com.microstar.xml.XmlParser.parse(XmlParser.java:132)
	at ptolemy.moml.MoMLParser.parse(MoMLParser.java:1676)
	at ptolemy.moml.MoMLParser.parse(MoMLParser.java:1595)
	at ptolemy.moml.MoMLParser.parse(MoMLParser.java:1537)
	at ptolemy.actor.gui.PtolemyEffigy$Factory.createEffigy(PtolemyEffigy.java:424)
	at ptolemy.actor.gui.EffigyFactory.createEffigy(EffigyFactory.java:234)
	at ptolemy.actor.gui.Configuration.openModel(Configuration.java:1125)
	at ptolemy.actor.gui.Configuration.openModel(Configuration.java:1051)
	at ptolemy.actor.gui.ConfigurationApplication._openModel(ConfigurationApplication.java:1252)
	at ptolemy.actor.gui.ConfigurationApplication._parseArg(ConfigurationApplication.java:1399)
	at ptolemy.actor.gui.ConfigurationApplication._parseArgs(ConfigurationApplication.java:1478)
	at ptolemy.actor.gui.ConfigurationApplication.<init>(ConfigurationApplication.java:277)
	at ptolemy.actor.gui.ConfigurationApplication.<init>(ConfigurationApplication.java:214)
	at ptolemy.actor.gui.ConfigurationApplication.<init>(ConfigurationApplication.java:201)
	at ptolemy.actor.gui.ConfigurationApplication.openModelOrEntity(ConfigurationApplication.java:680)
	at ptolemy.vergil.basic.export.ExportModel$1.run(ExportModel.java:220)
	at java.awt.event.InvocationEvent.dispatch(InvocationEvent.java:301)
	at java.awt.EventQueue.dispatchEventImpl(EventQueue.java:756)
	at java.awt.EventQueue.access$500(EventQueue.java:97)
	at java.awt.EventQueue$3.run(EventQueue.java:709)
	at java.awt.EventQueue$3.run(EventQueue.java:703)
	at java.security.AccessController.doPrivileged(Native Method)
	at java.security.ProtectionDomain$JavaSecurityAccessImpl.doIntersectionPrivilege(ProtectionDomain.java:80)
	at java.awt.EventQueue.dispatchEvent(EventQueue.java:726)
	at java.awt.EventDispatchThread.pumpOneEventForFilters(EventDispatchThread.java:201)
	at java.awt.EventDispatchThread.pumpEventsForFilter(EventDispatchThread.java:116)
	at java.awt.EventDispatchThread.pumpEventsForHierarchy(EventDispatchThread.java:105)
	at java.awt.EventDispatchThread.pumpEvents(EventDispatchThread.java:101)
	at java.awt.EventDispatchThread.pumpEvents(EventDispatchThread.java:93)
	at java.awt.EventDispatchThread.run(EventDispatchThread.java:82)
Caused by: ptolemy.kernel.util.InternalErrorException: Element <entity name="node1" class="ptolemy.actor.ptalon.demo.ptinyos.SenseToLeds.MicaBoard"> caused an exception to be thrown.
  in .SenseToLeds.SenseToLeds
Because:
Cannot find class: ptolemy.actor.ptalon.demo.ptinyos.SenseToLeds.MicaBoard. In Ptolemy, classes are typically Java .class files. Entities like actors may instead be defined within a .xml file.  In any case, the class was not found. If the class uses a third party package, then the class would be present only if the third party package was found at compile time.  It may be necessary to upgrade Java or install the third party package, reconfigure and recompile.
Because:
Element <entity name="MicaLeds" class="ptolemy.domains.ptinyos.lib.MicaLeds"> caused an exception to be thrown.
  in .MicaBoard
Because:
Cannot find class: ptolemy.domains.ptinyos.lib.MicaLeds. In Ptolemy, classes are typically Java .class files. Entities like actors may instead be defined within a .xml file.  In any case, the class was not found. If the class uses a third party package, then the class would be present only if the third party package was found at compile time.  It may be necessary to upgrade Java or install the third party package, reconfigure and recompile.
Because:
-- /home/travis/build/icyphy/ptII/ptolemy/actor/ptalon/demo/ptinyos/SenseToLeds/ptolemy/domains/ptinyos/lib/MicaLeds.xml (No such file or directory)
-- XML file not found relative to classpath.
-- /home/travis/build/icyphy/ptII/ptolemy/vergil/basic/export/test/ptolemy/domains/ptinyos/lib/MicaLeds.xml
/home/travis/build/icyphy/ptII/ptolemy/vergil/basic/export/test/ptolemy/domains/ptinyos/lib/MicaLeds.xml (No such file or directory)
 in file:/home/travis/build/icyphy/ptII/ptolemy/actor/ptalon/demo/ptinyos/SenseToLeds/MicaBoard.xml at line 134 and column 63
	at ptolemy.moml.SimpleErrorHandler.handleError(SimpleErrorHandler.java:75)
	at ptolemy.moml.MoMLParser.startElement(MoMLParser.java:3805)
	at com.microstar.xml.XmlParser.parseElement(XmlParser.java:931)
	at com.microstar.xml.XmlParser.parseDocument(XmlParser.java:481)
	at com.microstar.xml.XmlParser.doParse(XmlParser.java:159)
	at com.microstar.xml.XmlParser.parse(XmlParser.java:132)
	at ptolemy.moml.MoMLParser.parse(MoMLParser.java:1660)
	at ptolemy.moml.MoMLParser.parse(MoMLParser.java:1617)
	at ptolemy.moml.MoMLParser.parse(MoMLParser.java:1792)
	at ptolemy.actor.ptalon.PtalonEvaluator.addActor(PtalonEvaluator.java:241)
	... 56 more
Caused by: ptolemy.kernel.util.IllegalActionException: Cannot find class: ptolemy.actor.ptalon.demo.ptinyos.SenseToLeds.MicaBoard. In Ptolemy, classes are typically Java .class files. Entities like actors may instead be defined within a .xml file.  In any case, the class was not found. If the class uses a third party package, then the class would be present only if the third party package was found at compile time.  It may be necessary to upgrade Java or install the third party package, reconfigure and recompile.
Because:
Element <entity name="MicaLeds" class="ptolemy.domains.ptinyos.lib.MicaLeds"> caused an exception to be thrown.
  in .MicaBoard
Because:
Cannot find class: ptolemy.domains.ptinyos.lib.MicaLeds. In Ptolemy, classes are typically Java .class files. Entities like actors may instead be defined within a .xml file.  In any case, the class was not found. If the class uses a third party package, then the class would be present only if the third party package was found at compile time.  It may be necessary to upgrade Java or install the third party package, reconfigure and recompile.
Because:
-- /home/travis/build/icyphy/ptII/ptolemy/actor/ptalon/demo/ptinyos/SenseToLeds/ptolemy/domains/ptinyos/lib/MicaLeds.xml (No such file or directory)
-- XML file not found relative to classpath.
-- /home/travis/build/icyphy/ptII/ptolemy/vergil/basic/export/test/ptolemy/domains/ptinyos/lib/MicaLeds.xml
/home/travis/build/icyphy/ptII/ptolemy/vergil/basic/export/test/ptolemy/domains/ptinyos/lib/MicaLeds.xml (No such file or directory)
 in file:/home/travis/build/icyphy/ptII/ptolemy/actor/ptalon/demo/ptinyos/SenseToLeds/MicaBoard.xml at line 134 and column 63
	at ptolemy.moml.MoMLParser._createEntity(MoMLParser.java:4330)
	at ptolemy.moml.MoMLParser.startElement(MoMLParser.java:2864)
	... 64 more
Caused by: ptolemy.kernel.util.InternalErrorException: Element <entity name="MicaLeds" class="ptolemy.domains.ptinyos.lib.MicaLeds"> caused an exception to be thrown.
  in .MicaBoard
Because:
Cannot find class: ptolemy.domains.ptinyos.lib.MicaLeds. In Ptolemy, classes are typically Java .class files. Entities like actors may instead be defined within a .xml file.  In any case, the class was not found. If the class uses a third party package, then the class would be present only if the third party package was found at compile time.  It may be necessary to upgrade Java or install the third party package, reconfigure and recompile.
Because:
-- /home/travis/build/icyphy/ptII/ptolemy/actor/ptalon/demo/ptinyos/SenseToLeds/ptolemy/domains/ptinyos/lib/MicaLeds.xml (No such file or directory)
-- XML file not found relative to classpath.
-- /home/travis/build/icyphy/ptII/ptolemy/vergil/basic/export/test/ptolemy/domains/ptinyos/lib/MicaLeds.xml
/home/travis/build/icyphy/ptII/ptolemy/vergil/basic/export/test/ptolemy/domains/ptinyos/lib/MicaLeds.xml (No such file or directory)
 in file:/home/travis/build/icyphy/ptII/ptolemy/actor/ptalon/demo/ptinyos/SenseToLeds/MicaBoard.xml at line 134 and column 63
	at ptolemy.moml.SimpleErrorHandler.handleError(SimpleErrorHandler.java:75)
	at ptolemy.moml.MoMLParser.startElement(MoMLParser.java:3805)
	at com.microstar.xml.XmlParser.parseElement(XmlParser.java:921)
	at com.microstar.xml.XmlParser.parseContent(XmlParser.java:1104)
	at com.microstar.xml.XmlParser.parseElement(XmlParser.java:924)
	at com.microstar.xml.XmlParser.parseDocument(XmlParser.java:481)
	at com.microstar.xml.XmlParser.doParse(XmlParser.java:159)
	at com.microstar.xml.XmlParser.parse(XmlParser.java:132)
	at ptolemy.moml.MoMLParser.parse(MoMLParser.java:1676)
	at ptolemy.moml.MoMLParser.parse(MoMLParser.java:1595)
	at ptolemy.moml.MoMLParser.parse(MoMLParser.java:1537)
	at ptolemy.moml.MoMLParser._findOrParse(MoMLParser.java:5286)
	at ptolemy.moml.MoMLParser._attemptToFindMoMLClass(MoMLParser.java:4075)
	at ptolemy.moml.MoMLParser._createEntity(MoMLParser.java:4323)
	... 65 more
Caused by: ptolemy.kernel.util.IllegalActionException: Cannot find class: ptolemy.domains.ptinyos.lib.MicaLeds. In Ptolemy, classes are typically Java .class files. Entities like actors may instead be defined within a .xml file.  In any case, the class was not found. If the class uses a third party package, then the class would be present only if the third party package was found at compile time.  It may be necessary to upgrade Java or install the third party package, reconfigure and recompile.
Because:
-- /home/travis/build/icyphy/ptII/ptolemy/actor/ptalon/demo/ptinyos/SenseToLeds/ptolemy/domains/ptinyos/lib/MicaLeds.xml (No such file or directory)
-- XML file not found relative to classpath.
-- /home/travis/build/icyphy/ptII/ptolemy/vergil/basic/export/test/ptolemy/domains/ptinyos/lib/MicaLeds.xml
/home/travis/build/icyphy/ptII/ptolemy/vergil/basic/export/test/ptolemy/domains/ptinyos/lib/MicaLeds.xml (No such file or directory)
 in file:/home/travis/build/icyphy/ptII/ptolemy/actor/ptalon/demo/ptinyos/SenseToLeds/MicaBoard.xml at line 134 and column 63
	at ptolemy.moml.MoMLParser._createEntity(MoMLParser.java:4330)
	at ptolemy.moml.MoMLParser.startElement(MoMLParser.java:2864)
	... 77 more
Caused by: com.microstar.xml.XmlException: -- /home/travis/build/icyphy/ptII/ptolemy/actor/ptalon/demo/ptinyos/SenseToLeds/ptolemy/domains/ptinyos/lib/MicaLeds.xml (No such file or directory)
-- XML file not found relative to classpath.
-- /home/travis/build/icyphy/ptII/ptolemy/vergil/basic/export/test/ptolemy/domains/ptinyos/lib/MicaLeds.xml
/home/travis/build/icyphy/ptII/ptolemy/vergil/basic/export/test/ptolemy/domains/ptinyos/lib/MicaLeds.xml (No such file or directory)
 in file:/home/travis/build/icyphy/ptII/ptolemy/actor/ptalon/demo/ptinyos/SenseToLeds/MicaBoard.xml at line 134 and column 63
	at ptolemy.moml.MoMLParser.fileNameToURL(MoMLParser.java:1414)
	at ptolemy.moml.MoMLParser._findOrParse(MoMLParser.java:5283)
	at ptolemy.moml.MoMLParser._attemptToFindMoMLClass(MoMLParser.java:4075)
	at ptolemy.moml.MoMLParser._createEntity(MoMLParser.java:4323)
	... 78 more
ptolemy.kernel.util.IllegalActionException: Failed to process attribute change to PtalonParameter, whose value is "ptolemy.actor.ptalon.PtalonExpressionParameter {.SenseToLeds.SenseToLeds.n} 2".
  in .SenseToLeds.SenseToLeds
Because:
Unable to add actor null
	at ptolemy.actor.ptalon.PtalonActor.attributeChanged(PtalonActor.java:211)
	at ptolemy.actor.ptalon.PtalonMLHandler.startElement(PtalonMLHandler.java:134)
	at com.microstar.xml.XmlParser.parseElement(XmlParser.java:921)
	at com.microstar.xml.XmlParser.parseContent(XmlParser.java:1104)
	at com.microstar.xml.XmlParser.parseElement(XmlParser.java:924)
	at com.microstar.xml.XmlParser.parseDocument(XmlParser.java:481)
	at com.microstar.xml.XmlParser.doParse(XmlParser.java:159)
	at com.microstar.xml.XmlParser.parse(XmlParser.java:132)
	at ptolemy.actor.ptalon.PtalonActor.configure(PtalonActor.java:240)
	at ptolemy.moml.MoMLParser.endElement(MoMLParser.java:996)
	at com.microstar.xml.XmlParser.parseETag(XmlParser.java:1026)
	at com.microstar.xml.XmlParser.parseContent(XmlParser.java:1098)
	at com.microstar.xml.XmlParser.parseElement(XmlParser.java:924)
	at com.microstar.xml.XmlParser.parseContent(XmlParser.java:1104)
	at com.microstar.xml.XmlParser.parseElement(XmlParser.java:924)
	at com.microstar.xml.XmlParser.parseContent(XmlParser.java:1104)
	at com.microstar.xml.XmlParser.parseElement(XmlParser.java:924)
	at com.microstar.xml.XmlParser.parseDocument(XmlParser.java:481)
	at com.microstar.xml.XmlParser.doParse(XmlParser.java:159)
	at com.microstar.xml.XmlParser.parse(XmlParser.java:132)
	at ptolemy.moml.MoMLParser.parse(MoMLParser.java:1676)
	at ptolemy.moml.MoMLParser.parse(MoMLParser.java:1595)
	at ptolemy.moml.MoMLParser.parse(MoMLParser.java:1537)
	at ptolemy.actor.gui.PtolemyEffigy$Factory.createEffigy(PtolemyEffigy.java:424)
	at ptolemy.actor.gui.EffigyFactory.createEffigy(EffigyFactory.java:234)
	at ptolemy.actor.gui.Configuration.openModel(Configuration.java:1125)
	at ptolemy.actor.gui.Configuration.openModel(Configuration.java:1051)
	at ptolemy.actor.gui.ConfigurationApplication._openModel(ConfigurationApplication.java:1252)
	at ptolemy.actor.gui.ConfigurationApplication._parseArg(ConfigurationApplication.java:1399)
	at ptolemy.actor.gui.ConfigurationApplication._parseArgs(ConfigurationApplication.java:1478)
	at ptolemy.actor.gui.ConfigurationApplication.<init>(ConfigurationApplication.java:277)
	at ptolemy.actor.gui.ConfigurationApplication.<init>(ConfigurationApplication.java:214)
	at ptolemy.actor.gui.ConfigurationApplication.<init>(ConfigurationApplication.java:201)
	at ptolemy.actor.gui.ConfigurationApplication.openModelOrEntity(ConfigurationApplication.java:680)
	at ptolemy.vergil.basic.export.ExportModel$1.run(ExportModel.java:220)
	at java.awt.event.InvocationEvent.dispatch(InvocationEvent.java:301)
	at java.awt.EventQueue.dispatchEventImpl(EventQueue.java:756)
	at java.awt.EventQueue.access$500(EventQueue.java:97)
	at java.awt.EventQueue$3.run(EventQueue.java:709)
	at java.awt.EventQueue$3.run(EventQueue.java:703)
	at java.security.AccessController.doPrivileged(Native Method)
	at java.security.ProtectionDomain$JavaSecurityAccessImpl.doIntersectionPrivilege(ProtectionDomain.java:80)
	at java.awt.EventQueue.dispatchEvent(EventQueue.java:726)
	at java.awt.EventDispatchThread.pumpOneEventForFilters(EventDispatchThread.java:201)
	at java.awt.EventDispatchThread.pumpEventsForFilter(EventDispatchThread.java:116)
	at java.awt.EventDispatchThread.pumpEventsForHierarchy(EventDispatchThread.java:105)
	at java.awt.EventDispatchThread.pumpEvents(EventDispatchThread.java:101)
	at java.awt.EventDispatchThread.pumpEvents(EventDispatchThread.java:93)
	at java.awt.EventDispatchThread.run(EventDispatchThread.java:82)
Caused by: ptolemy.actor.ptalon.PtalonRuntimeException: Unable to add actor null
	at ptolemy.actor.ptalon.PtalonEvaluator.addActor(PtalonEvaluator.java:300)
	at ptolemy.actor.ptalon.PtalonPopulator.actor_declaration(PtalonPopulator.java:1574)
	at ptolemy.actor.ptalon.PtalonPopulator.atomic_statement(PtalonPopulator.java:1638)
	at ptolemy.actor.ptalon.PtalonPopulator.iterative_statement_evaluator(PtalonPopulator.java:2484)
	at ptolemy.actor.ptalon.AbstractPtalonEvaluator$IfTree.evaluateForScope(AbstractPtalonEvaluator.java:1307)
	at ptolemy.actor.ptalon.AbstractPtalonEvaluator.evaluateForScope(AbstractPtalonEvaluator.java:744)
	at ptolemy.actor.ptalon.PtalonPopulator.iterative_statement(PtalonPopulator.java:2363)
	at ptolemy.actor.ptalon.PtalonPopulator.actor_definition(PtalonPopulator.java:2809)
	at ptolemy.actor.ptalon.PtalonActor.attributeChanged(PtalonActor.java:206)
	... 48 more
Caused by: ptolemy.kernel.util.InternalErrorException: Element <entity name="node1" class="ptolemy.actor.ptalon.demo.ptinyos.SenseToLeds.MicaBoard"> caused an exception to be thrown.
  in .SenseToLeds.SenseToLeds
Because:
Cannot find class: ptolemy.actor.ptalon.demo.ptinyos.SenseToLeds.MicaBoard. In Ptolemy, classes are typically Java .class files. Entities like actors may instead be defined within a .xml file.  In any case, the class was not found. If the class uses a third party package, then the class would be present only if the third party package was found at compile time.  It may be necessary to upgrade Java or install the third party package, reconfigure and recompile.
Because:
Element <entity name="MicaLeds" class="ptolemy.domains.ptinyos.lib.MicaLeds"> caused an exception to be thrown.
  in .MicaBoard
Because:
Cannot find class: ptolemy.domains.ptinyos.lib.MicaLeds. In Ptolemy, classes are typically Java .class files. Entities like actors may instead be defined within a .xml file.  In any case, the class was not found. If the class uses a third party package, then the class would be present only if the third party package was found at compile time.  It may be necessary to upgrade Java or install the third party package, reconfigure and recompile.
Because:
-- /home/travis/build/icyphy/ptII/ptolemy/actor/ptalon/demo/ptinyos/SenseToLeds/ptolemy/domains/ptinyos/lib/MicaLeds.xml (No such file or directory)
-- XML file not found relative to classpath.
-- /home/travis/build/icyphy/ptII/ptolemy/vergil/basic/export/test/ptolemy/domains/ptinyos/lib/MicaLeds.xml
/home/travis/build/icyphy/ptII/ptolemy/vergil/basic/export/test/ptolemy/domains/ptinyos/lib/MicaLeds.xml (No such file or directory)
 in file:/home/travis/build/icyphy/ptII/ptolemy/actor/ptalon/demo/ptinyos/SenseToLeds/MicaBoard.xml at line 134 and column 63
	at ptolemy.moml.SimpleErrorHandler.handleError(SimpleErrorHandler.java:75)
	at ptolemy.moml.MoMLParser.startElement(MoMLParser.java:3805)
	at com.microstar.xml.XmlParser.parseElement(XmlParser.java:931)
	at com.microstar.xml.XmlParser.parseDocument(XmlParser.java:481)
	at com.microstar.xml.XmlParser.doParse(XmlParser.java:159)
	at com.microstar.xml.XmlParser.parse(XmlParser.java:132)
	at ptolemy.moml.MoMLParser.parse(MoMLParser.java:1660)
	at ptolemy.moml.MoMLParser.parse(MoMLParser.java:1617)
	at ptolemy.moml.MoMLParser.parse(MoMLParser.java:1792)
	at ptolemy.actor.ptalon.PtalonEvaluator.addActor(PtalonEvaluator.java:241)
	... 56 more
Caused by: ptolemy.kernel.util.IllegalActionException: Cannot find class: ptolemy.actor.ptalon.demo.ptinyos.SenseToLeds.MicaBoard. In Ptolemy, classes are typically Java .class files. Entities like actors may instead be defined within a .xml file.  In any case, the class was not found. If the class uses a third party package, then the class would be present only if the third party package was found at compile time.  It may be necessary to upgrade Java or install the third party package, reconfigure and recompile.
Because:
Element <entity name="MicaLeds" class="ptolemy.domains.ptinyos.lib.MicaLeds"> caused an exception to be thrown.
  in .MicaBoard
Because:
Cannot find class: ptolemy.domains.ptinyos.lib.MicaLeds. In Ptolemy, classes are typically Java .class files. Entities like actors may instead be defined within a .xml file.  In any case, the class was not found. If the class uses a third party package, then the class would be present only if the third party package was found at compile time.  It may be necessary to upgrade Java or install the third party package, reconfigure and recompile.
Because:
-- /home/travis/build/icyphy/ptII/ptolemy/actor/ptalon/demo/ptinyos/SenseToLeds/ptolemy/domains/ptinyos/lib/MicaLeds.xml (No such file or directory)
-- XML file not found relative to classpath.
-- /home/travis/build/icyphy/ptII/ptolemy/vergil/basic/export/test/ptolemy/domains/ptinyos/lib/MicaLeds.xml
/home/travis/build/icyphy/ptII/ptolemy/vergil/basic/export/test/ptolemy/domains/ptinyos/lib/MicaLeds.xml (No such file or directory)
 in file:/home/travis/build/icyphy/ptII/ptolemy/actor/ptalon/demo/ptinyos/SenseToLeds/MicaBoard.xml at line 134 and column 63
	at ptolemy.moml.MoMLParser._createEntity(MoMLParser.java:4330)
	at ptolemy.moml.MoMLParser.startElement(MoMLParser.java:2864)
	... 64 more
Caused by: ptolemy.kernel.util.InternalErrorException: Element <entity name="MicaLeds" class="ptolemy.domains.ptinyos.lib.MicaLeds"> caused an exception to be thrown.
  in .MicaBoard
Because:
Cannot find class: ptolemy.domains.ptinyos.lib.MicaLeds. In Ptolemy, classes are typically Java .class files. Entities like actors may instead be defined within a .xml file.  In any case, the class was not found. If the class uses a third party package, then the class would be present only if the third party package was found at compile time.  It may be necessary to upgrade Java or install the third party package, reconfigure and recompile.
Because:
-- /home/travis/build/icyphy/ptII/ptolemy/actor/ptalon/demo/ptinyos/SenseToLeds/ptolemy/domains/ptinyos/lib/MicaLeds.xml (No such file or directory)
-- XML file not found relative to classpath.
-- /home/travis/build/icyphy/ptII/ptolemy/vergil/basic/export/test/ptolemy/domains/ptinyos/lib/MicaLeds.xml
/home/travis/build/icyphy/ptII/ptolemy/vergil/basic/export/test/ptolemy/domains/ptinyos/lib/MicaLeds.xml (No such file or directory)
 in file:/home/travis/build/icyphy/ptII/ptolemy/actor/ptalon/demo/ptinyos/SenseToLeds/MicaBoard.xml at line 134 and column 63
	at ptolemy.moml.SimpleErrorHandler.handleError(SimpleErrorHandler.java:75)
	at ptolemy.moml.MoMLParser.startElement(MoMLParser.java:3805)
	at com.microstar.xml.XmlParser.parseElement(XmlParser.java:921)
	at com.microstar.xml.XmlParser.parseContent(XmlParser.java:1104)
	at com.microstar.xml.XmlParser.parseElement(XmlParser.java:924)
	at com.microstar.xml.XmlParser.parseDocument(XmlParser.java:481)
	at com.microstar.xml.XmlParser.doParse(XmlParser.java:159)
	at com.microstar.xml.XmlParser.parse(XmlParser.java:132)
	at ptolemy.moml.MoMLParser.parse(MoMLParser.java:1676)
	at ptolemy.moml.MoMLParser.parse(MoMLParser.java:1595)
	at ptolemy.moml.MoMLParser.parse(MoMLParser.java:1537)
	at ptolemy.moml.MoMLParser._findOrParse(MoMLParser.java:5286)
	at ptolemy.moml.MoMLParser._attemptToFindMoMLClass(MoMLParser.java:4075)
	at ptolemy.moml.MoMLParser._createEntity(MoMLParser.java:4323)
	... 65 more
Caused by: ptolemy.kernel.util.IllegalActionException: Cannot find class: ptolemy.domains.ptinyos.lib.MicaLeds. In Ptolemy, classes are typically Java .class files. Entities like actors may instead be defined within a .xml file.  In any case, the class was not found. If the class uses a third party package, then the class would be present only if the third party package was found at compile time.  It may be necessary to upgrade Java or install the third party package, reconfigure and recompile.
Because:
-- /home/travis/build/icyphy/ptII/ptolemy/actor/ptalon/demo/ptinyos/SenseToLeds/ptolemy/domains/ptinyos/lib/MicaLeds.xml (No such file or directory)
-- XML file not found relative to classpath.
-- /home/travis/build/icyphy/ptII/ptolemy/vergil/basic/export/test/ptolemy/domains/ptinyos/lib/MicaLeds.xml
/home/travis/build/icyphy/ptII/ptolemy/vergil/basic/export/test/ptolemy/domains/ptinyos/lib/MicaLeds.xml (No such file or directory)
 in file:/home/travis/build/icyphy/ptII/ptolemy/actor/ptalon/demo/ptinyos/SenseToLeds/MicaBoard.xml at line 134 and column 63
	at ptolemy.moml.MoMLParser._createEntity(MoMLParser.java:4330)
	at ptolemy.moml.MoMLParser.startElement(MoMLParser.java:2864)
	... 77 more
Caused by: com.microstar.xml.XmlException: -- /home/travis/build/icyphy/ptII/ptolemy/actor/ptalon/demo/ptinyos/SenseToLeds/ptolemy/domains/ptinyos/lib/MicaLeds.xml (No such file or directory)
-- XML file not found relative to classpath.
-- /home/travis/build/icyphy/ptII/ptolemy/vergil/basic/export/test/ptolemy/domains/ptinyos/lib/MicaLeds.xml
/home/travis/build/icyphy/ptII/ptolemy/vergil/basic/export/test/ptolemy/domains/ptinyos/lib/MicaLeds.xml (No such file or directory)
 in file:/home/travis/build/icyphy/ptII/ptolemy/actor/ptalon/demo/ptinyos/SenseToLeds/MicaBoard.xml at line 134 and column 63
	at ptolemy.moml.MoMLParser.fileNameToURL(MoMLParser.java:1414)
	at ptolemy.moml.MoMLParser._findOrParse(MoMLParser.java:5283)
	at ptolemy.moml.MoMLParser._attemptToFindMoMLClass(MoMLParser.java:4075)
	at ptolemy.moml.MoMLParser._createEntity(MoMLParser.java:4323)
	... 78 more
Caused by: ptolemy.actor.ptalon.PtalonRuntimeException: Unable to add actor null
	at ptolemy.actor.ptalon.PtalonEvaluator.addActor(PtalonEvaluator.java:300)
	at ptolemy.actor.ptalon.PtalonPopulator.actor_declaration(PtalonPopulator.java:1574)
	at ptolemy.actor.ptalon.PtalonPopulator.atomic_statement(PtalonPopulator.java:1638)
	at ptolemy.actor.ptalon.PtalonPopulator.iterative_statement_evaluator(PtalonPopulator.java:2484)
	at ptolemy.actor.ptalon.AbstractPtalonEvaluator$IfTree.evaluateForScope(AbstractPtalonEvaluator.java:1307)
	at ptolemy.actor.ptalon.AbstractPtalonEvaluator.evaluateForScope(AbstractPtalonEvaluator.java:744)
	at ptolemy.actor.ptalon.PtalonPopulator.iterative_statement(PtalonPopulator.java:2363)
	at ptolemy.actor.ptalon.PtalonPopulator.actor_definition(PtalonPopulator.java:2809)
	at ptolemy.actor.ptalon.PtalonActor.attributeChanged(PtalonActor.java:206)
	at ptolemy.actor.ptalon.PtalonMLHandler.startElement(PtalonMLHandler.java:134)
	at com.microstar.xml.XmlParser.parseElement(XmlParser.java:921)
	at com.microstar.xml.XmlParser.parseContent(XmlParser.java:1104)
	at com.microstar.xml.XmlParser.parseElement(XmlParser.java:924)
	at com.microstar.xml.XmlParser.parseDocument(XmlParser.java:481)
	at com.microstar.xml.XmlParser.doParse(XmlParser.java:159)
	at com.microstar.xml.XmlParser.parse(XmlParser.java:132)
	at ptolemy.actor.ptalon.PtalonActor.configure(PtalonActor.java:240)
	at ptolemy.moml.MoMLParser.endElement(MoMLParser.java:996)
	at com.microstar.xml.XmlParser.parseETag(XmlParser.java:1026)
	at com.microstar.xml.XmlParser.parseContent(XmlParser.java:1098)
	at com.microstar.xml.XmlParser.parseElement(XmlParser.java:924)
	at com.microstar.xml.XmlParser.parseContent(XmlParser.java:1104)
	at com.microstar.xml.XmlParser.parseElement(XmlParser.java:924)
	at com.microstar.xml.XmlParser.parseContent(XmlParser.java:1104)
	at com.microstar.xml.XmlParser.parseElement(XmlParser.java:924)
	at com.microstar.xml.XmlParser.parseDocument(XmlParser.java:481)
	at com.microstar.xml.XmlParser.doParse(XmlParser.java:159)
	at com.microstar.xml.XmlParser.parse(XmlParser.java:132)
	at ptolemy.moml.MoMLParser.parse(MoMLParser.java:1676)
	at ptolemy.moml.MoMLParser.parse(MoMLParser.java:1595)
	at ptolemy.moml.MoMLParser.parse(MoMLParser.java:1537)
	at ptolemy.actor.gui.PtolemyEffigy$Factory.createEffigy(PtolemyEffigy.java:424)
	at ptolemy.actor.gui.EffigyFactory.createEffigy(EffigyFactory.java:234)
	at ptolemy.actor.gui.Configuration.openModel(Configuration.java:1125)
	at ptolemy.actor.gui.Configuration.openModel(Configuration.java:1051)
	at ptolemy.actor.gui.ConfigurationApplication._openModel(ConfigurationApplication.java:1252)
	at ptolemy.actor.gui.ConfigurationApplication._parseArg(ConfigurationApplication.java:1399)
	at ptolemy.actor.gui.ConfigurationApplication._parseArgs(ConfigurationApplication.java:1478)
	at ptolemy.actor.gui.ConfigurationApplication.<init>(ConfigurationApplication.java:277)
	at ptolemy.actor.gui.ConfigurationApplication.<init>(ConfigurationApplication.java:214)
	at ptolemy.actor.gui.ConfigurationApplication.<init>(ConfigurationApplication.java:201)
	at ptolemy.actor.gui.ConfigurationApplication.openModelOrEntity(ConfigurationApplication.java:680)
	at ptolemy.vergil.basic.export.ExportModel$1.run(ExportModel.java:220)
	at java.awt.event.InvocationEvent.dispatch(InvocationEvent.java:301)
	at java.awt.EventQueue.dispatchEventImpl(EventQueue.java:756)
	at java.awt.EventQueue.access$500(EventQueue.java:97)
	at java.awt.EventQueue$3.run(EventQueue.java:709)
	at java.awt.EventQueue$3.run(EventQueue.java:703)
	at java.security.AccessController.doPrivileged(Native Method)
	at java.security.ProtectionDomain$JavaSecurityAccessImpl.doIntersectionPrivilege(ProtectionDomain.java:80)
	at java.awt.EventQueue.dispatchEvent(EventQueue.java:726)
	at java.awt.EventDispatchThread.pumpOneEventForFilters(EventDispatchThread.java:201)
	at java.awt.EventDispatchThread.pumpEventsForFilter(EventDispatchThread.java:116)
	at java.awt.EventDispatchThread.pumpEventsForHierarchy(EventDispatchThread.java:105)
	at java.awt.EventDispatchThread.pumpEvents(EventDispatchThread.java:101)
	at java.awt.EventDispatchThread.pumpEvents(EventDispatchThread.java:93)
	at java.awt.EventDispatchThread.run(EventDispatchThread.java:82)
Caused by: ptolemy.kernel.util.InternalErrorException: Element <entity name="node1" class="ptolemy.actor.ptalon.demo.ptinyos.SenseToLeds.MicaBoard"> caused an exception to be thrown.
  in .SenseToLeds.SenseToLeds
Because:
Cannot find class: ptolemy.actor.ptalon.demo.ptinyos.SenseToLeds.MicaBoard. In Ptolemy, classes are typically Java .class files. Entities like actors may instead be defined within a .xml file.  In any case, the class was not found. If the class uses a third party package, then the class would be present only if the third party package was found at compile time.  It may be necessary to upgrade Java or install the third party package, reconfigure and recompile.
Because:
Element <entity name="MicaLeds" class="ptolemy.domains.ptinyos.lib.MicaLeds"> caused an exception to be thrown.
  in .MicaBoard
Because:
Cannot find class: ptolemy.domains.ptinyos.lib.MicaLeds. In Ptolemy, classes are typically Java .class files. Entities like actors may instead be defined within a .xml file.  In any case, the class was not found. If the class uses a third party package, then the class would be present only if the third party package was found at compile time.  It may be necessary to upgrade Java or install the third party package, reconfigure and recompile.
Because:
-- /home/travis/build/icyphy/ptII/ptolemy/actor/ptalon/demo/ptinyos/SenseToLeds/ptolemy/domains/ptinyos/lib/MicaLeds.xml (No such file or directory)
-- XML file not found relative to classpath.
-- /home/travis/build/icyphy/ptII/ptolemy/vergil/basic/export/test/ptolemy/domains/ptinyos/lib/MicaLeds.xml
/home/travis/build/icyphy/ptII/ptolemy/vergil/basic/export/test/ptolemy/domains/ptinyos/lib/MicaLeds.xml (No such file or directory)
 in file:/home/travis/build/icyphy/ptII/ptolemy/actor/ptalon/demo/ptinyos/SenseToLeds/MicaBoard.xml at line 134 and column 63
	at ptolemy.moml.SimpleErrorHandler.handleError(SimpleErrorHandler.java:75)
	at ptolemy.moml.MoMLParser.startElement(MoMLParser.java:3805)
	at com.microstar.xml.XmlParser.parseElement(XmlParser.java:931)
	at com.microstar.xml.XmlParser.parseDocument(XmlParser.java:481)
	at com.microstar.xml.XmlParser.doParse(XmlParser.java:159)
	at com.microstar.xml.XmlParser.parse(XmlParser.java:132)
	at ptolemy.moml.MoMLParser.parse(MoMLParser.java:1660)
	at ptolemy.moml.MoMLParser.parse(MoMLParser.java:1617)
	at ptolemy.moml.MoMLParser.parse(MoMLParser.java:1792)
	at ptolemy.actor.ptalon.PtalonEvaluator.addActor(PtalonEvaluator.java:241)
	... 56 more
Caused by: ptolemy.kernel.util.IllegalActionException: Cannot find class: ptolemy.actor.ptalon.demo.ptinyos.SenseToLeds.MicaBoard. In Ptolemy, classes are typically Java .class files. Entities like actors may instead be defined within a .xml file.  In any case, the class was not found. If the class uses a third party package, then the class would be present only if the third party package was found at compile time.  It may be necessary to upgrade Java or install the third party package, reconfigure and recompile.
Because:
Element <entity name="MicaLeds" class="ptolemy.domains.ptinyos.lib.MicaLeds"> caused an exception to be thrown.
  in .MicaBoard
Because:
Cannot find class: ptolemy.domains.ptinyos.lib.MicaLeds. In Ptolemy, classes are typically Java .class files. Entities like actors may instead be defined within a .xml file.  In any case, the class was not found. If the class uses a third party package, then the class would be present only if the third party package was found at compile time.  It may be necessary to upgrade Java or install the third party package, reconfigure and recompile.
Because:
-- /home/travis/build/icyphy/ptII/ptolemy/actor/ptalon/demo/ptinyos/SenseToLeds/ptolemy/domains/ptinyos/lib/MicaLeds.xml (No such file or directory)
-- XML file not found relative to classpath.
-- /home/travis/build/icyphy/ptII/ptolemy/vergil/basic/export/test/ptolemy/domains/ptinyos/lib/MicaLeds.xml
/home/travis/build/icyphy/ptII/ptolemy/vergil/basic/export/test/ptolemy/domains/ptinyos/lib/MicaLeds.xml (No such file or directory)
 in file:/home/travis/build/icyphy/ptII/ptolemy/actor/ptalon/demo/ptinyos/SenseToLeds/MicaBoard.xml at line 134 and column 63
	at ptolemy.moml.MoMLParser._createEntity(MoMLParser.java:4330)
	at ptolemy.moml.MoMLParser.startElement(MoMLParser.java:2864)
	... 64 more
Caused by: ptolemy.kernel.util.InternalErrorException: Element <entity name="MicaLeds" class="ptolemy.domains.ptinyos.lib.MicaLeds"> caused an exception to be thrown.
  in .MicaBoard
Because:
Cannot find class: ptolemy.domains.ptinyos.lib.MicaLeds. In Ptolemy, classes are typically Java .class files. Entities like actors may instead be defined within a .xml file.  In any case, the class was not found. If the class uses a third party package, then the class would be present only if the third party package was found at compile time.  It may be necessary to upgrade Java or install the third party package, reconfigure and recompile.
Because:
-- /home/travis/build/icyphy/ptII/ptolemy/actor/ptalon/demo/ptinyos/SenseToLeds/ptolemy/domains/ptinyos/lib/MicaLeds.xml (No such file or directory)
-- XML file not found relative to classpath.
-- /home/travis/build/icyphy/ptII/ptolemy/vergil/basic/export/test/ptolemy/domains/ptinyos/lib/MicaLeds.xml
/home/travis/build/icyphy/ptII/ptolemy/vergil/basic/export/test/ptolemy/domains/ptinyos/lib/MicaLeds.xml (No such file or directory)
 in file:/home/travis/build/icyphy/ptII/ptolemy/actor/ptalon/demo/ptinyos/SenseToLeds/MicaBoard.xml at line 134 and column 63
	at ptolemy.moml.SimpleErrorHandler.handleError(SimpleErrorHandler.java:75)
	at ptolemy.moml.MoMLParser.startElement(MoMLParser.java:3805)
	at com.microstar.xml.XmlParser.parseElement(XmlParser.java:921)
	at com.microstar.xml.XmlParser.parseContent(XmlParser.java:1104)
	at com.microstar.xml.XmlParser.parseElement(XmlParser.java:924)
	at com.microstar.xml.XmlParser.parseDocument(XmlParser.java:481)
	at com.microstar.xml.XmlParser.doParse(XmlParser.java:159)
	at com.microstar.xml.XmlParser.parse(XmlParser.java:132)
	at ptolemy.moml.MoMLParser.parse(MoMLParser.java:1676)
	at ptolemy.moml.MoMLParser.parse(MoMLParser.java:1595)
	at ptolemy.moml.MoMLParser.parse(MoMLParser.java:1537)
	at ptolemy.moml.MoMLParser._findOrParse(MoMLParser.java:5286)
	at ptolemy.moml.MoMLParser._attemptToFindMoMLClass(MoMLParser.java:4075)
	at ptolemy.moml.MoMLParser._createEntity(MoMLParser.java:4323)
	... 65 more
Caused by: ptolemy.kernel.util.IllegalActionException: Cannot find class: ptolemy.domains.ptinyos.lib.MicaLeds. In Ptolemy, classes are typically Java .class files. Entities like actors may instead be defined within a .xml file.  In any case, the class was not found. If the class uses a third party package, then the class would be present only if the third party package was found at compile time.  It may be necessary to upgrade Java or install the third party package, reconfigure and recompile.
Because:
-- /home/travis/build/icyphy/ptII/ptolemy/actor/ptalon/demo/ptinyos/SenseToLeds/ptolemy/domains/ptinyos/lib/MicaLeds.xml (No such file or directory)
-- XML file not found relative to classpath.
-- /home/travis/build/icyphy/ptII/ptolemy/vergil/basic/export/test/ptolemy/domains/ptinyos/lib/MicaLeds.xml
/home/travis/build/icyphy/ptII/ptolemy/vergil/basic/export/test/ptolemy/domains/ptinyos/lib/MicaLeds.xml (No such file or directory)
 in file:/home/travis/build/icyphy/ptII/ptolemy/actor/ptalon/demo/ptinyos/SenseToLeds/MicaBoard.xml at line 134 and column 63
	at ptolemy.moml.MoMLParser._createEntity(MoMLParser.java:4330)
	at ptolemy.moml.MoMLParser.startElement(MoMLParser.java:2864)
	... 77 more
Caused by: com.microstar.xml.XmlException: -- /home/travis/build/icyphy/ptII/ptolemy/actor/ptalon/demo/ptinyos/SenseToLeds/ptolemy/domains/ptinyos/lib/MicaLeds.xml (No such file or directory)
-- XML file not found relative to classpath.
-- /home/travis/build/icyphy/ptII/ptolemy/vergil/basic/export/test/ptolemy/domains/ptinyos/lib/MicaLeds.xml
/home/travis/build/icyphy/ptII/ptolemy/vergil/basic/export/test/ptolemy/domains/ptinyos/lib/MicaLeds.xml (No such file or directory)
 in file:/home/travis/build/icyphy/ptII/ptolemy/actor/ptalon/demo/ptinyos/SenseToLeds/MicaBoard.xml at line 134 and column 63
	at ptolemy.moml.MoMLParser.fileNameToURL(MoMLParser.java:1414)
	at ptolemy.moml.MoMLParser._findOrParse(MoMLParser.java:5283)
	at ptolemy.moml.MoMLParser._attemptToFindMoMLClass(MoMLParser.java:4075)
	at ptolemy.moml.MoMLParser._createEntity(MoMLParser.java:4323)
	... 78 more
Failed to read file:/home/travis/build/icyphy/ptII/ptolemy/actor/ptalon/demo/ptinyos/SenseToLeds/SenseToLeds.xml
ptolemy.kernel.util.IllegalActionException: Failed to process attribute change to PtalonParameter, whose value is "ptolemy.actor.ptalon.PtalonExpressionParameter {.SenseToLeds.SenseToLeds.n} 2".
  in .SenseToLeds.SenseToLeds
Because:
Unable to add actor null
	at ptolemy.actor.ptalon.PtalonActor.attributeChanged(PtalonActor.java:211)
	at ptolemy.actor.ptalon.PtalonMLHandler.startElement(PtalonMLHandler.java:134)
	at com.microstar.xml.XmlParser.parseElement(XmlParser.java:921)
	at com.microstar.xml.XmlParser.parseContent(XmlParser.java:1104)
	at com.microstar.xml.XmlParser.parseElement(XmlParser.java:924)
	at com.microstar.xml.XmlParser.parseDocument(XmlParser.java:481)
	at com.microstar.xml.XmlParser.doParse(XmlParser.java:159)
	at com.microstar.xml.XmlParser.parse(XmlParser.java:132)
	at ptolemy.actor.ptalon.PtalonActor.configure(PtalonActor.java:240)
	at ptolemy.moml.MoMLParser.endElement(MoMLParser.java:996)
	at com.microstar.xml.XmlParser.parseETag(XmlParser.java:1026)
	at com.microstar.xml.XmlParser.parseContent(XmlParser.java:1098)
	at com.microstar.xml.XmlParser.parseElement(XmlParser.java:924)
	at com.microstar.xml.XmlParser.parseContent(XmlParser.java:1104)
	at com.microstar.xml.XmlParser.parseElement(XmlParser.java:924)
	at com.microstar.xml.XmlParser.parseContent(XmlParser.java:1104)
	at com.microstar.xml.XmlParser.parseElement(XmlParser.java:924)
	at com.microstar.xml.XmlParser.parseDocument(XmlParser.java:481)
	at com.microstar.xml.XmlParser.doParse(XmlParser.java:159)
	at com.microstar.xml.XmlParser.parse(XmlParser.java:132)
	at ptolemy.moml.MoMLParser.parse(MoMLParser.java:1676)
	at ptolemy.moml.MoMLParser.parse(MoMLParser.java:1595)
	at ptolemy.moml.MoMLParser.parse(MoMLParser.java:1537)
	at ptolemy.actor.gui.PtolemyEffigy$Factory.createEffigy(PtolemyEffigy.java:424)
	at ptolemy.actor.gui.EffigyFactory.createEffigy(EffigyFactory.java:234)
	at ptolemy.actor.gui.Configuration.openModel(Configuration.java:1125)
	at ptolemy.actor.gui.Configuration.openModel(Configuration.java:1051)
	at ptolemy.actor.gui.ConfigurationApplication._openModel(ConfigurationApplication.java:1252)
	at ptolemy.actor.gui.ConfigurationApplication._parseArg(ConfigurationApplication.java:1399)
	at ptolemy.actor.gui.ConfigurationApplication._parseArgs(ConfigurationApplication.java:1478)
	at ptolemy.actor.gui.ConfigurationApplication.<init>(ConfigurationApplication.java:277)
	at ptolemy.actor.gui.ConfigurationApplication.<init>(ConfigurationApplication.java:214)
	at ptolemy.actor.gui.ConfigurationApplication.<init>(ConfigurationApplication.java:201)
	at ptolemy.actor.gui.ConfigurationApplication.openModelOrEntity(ConfigurationApplication.java:680)
	at ptolemy.vergil.basic.export.ExportModel$1.run(ExportModel.java:220)
	at java.awt.event.InvocationEvent.dispatch(InvocationEvent.java:301)
	at java.awt.EventQueue.dispatchEventImpl(EventQueue.java:756)
	at java.awt.EventQueue.access$500(EventQueue.java:97)
	at java.awt.EventQueue$3.run(EventQueue.java:709)
	at java.awt.EventQueue$3.run(EventQueue.java:703)
	at java.security.AccessController.doPrivileged(Native Method)
	at java.security.ProtectionDomain$JavaSecurityAccessImpl.doIntersectionPrivilege(ProtectionDomain.java:80)
	at java.awt.EventQueue.dispatchEvent(EventQueue.java:726)
	at java.awt.EventDispatchThread.pumpOneEventForFilters(EventDispatchThread.java:201)
	at java.awt.EventDispatchThread.pumpEventsForFilter(EventDispatchThread.java:116)
	at java.awt.EventDispatchThread.pumpEventsForHierarchy(EventDispatchThread.java:105)
	at java.awt.EventDispatchThread.pumpEvents(EventDispatchThread.java:101)
	at java.awt.EventDispatchThread.pumpEvents(EventDispatchThread.java:93)
	at java.awt.EventDispatchThread.run(EventDispatchThread.java:82)
Caused by: ptolemy.actor.ptalon.PtalonRuntimeException: Unable to add actor null
	at ptolemy.actor.ptalon.PtalonEvaluator.addActor(PtalonEvaluator.java:300)
	at ptolemy.actor.ptalon.PtalonPopulator.actor_declaration(PtalonPopulator.java:1574)
	at ptolemy.actor.ptalon.PtalonPopulator.atomic_statement(PtalonPopulator.java:1638)
	at ptolemy.actor.ptalon.PtalonPopulator.iterative_statement_evaluator(PtalonPopulator.java:2484)
	at ptolemy.actor.ptalon.AbstractPtalonEvaluator$IfTree.evaluateForScope(AbstractPtalonEvaluator.java:1307)
	at ptolemy.actor.ptalon.AbstractPtalonEvaluator.evaluateForScope(AbstractPtalonEvaluator.java:744)
	at ptolemy.actor.ptalon.PtalonPopulator.iterative_statement(PtalonPopulator.java:2363)
	at ptolemy.actor.ptalon.PtalonPopulator.actor_definition(PtalonPopulator.java:2809)
	at ptolemy.actor.ptalon.PtalonActor.attributeChanged(PtalonActor.java:206)
	... 48 more
Caused by: ptolemy.kernel.util.InternalErrorException: Element <entity name="node1" class="ptolemy.actor.ptalon.demo.ptinyos.SenseToLeds.MicaBoard"> caused an exception to be thrown.
  in .SenseToLeds.SenseToLeds
Because:
Cannot find class: ptolemy.actor.ptalon.demo.ptinyos.SenseToLeds.MicaBoard. In Ptolemy, classes are typically Java .class files. Entities like actors may instead be defined within a .xml file.  In any case, the class was not found. If the class uses a third party package, then the class would be present only if the third party package was found at compile time.  It may be necessary to upgrade Java or install the third party package, reconfigure and recompile.
Because:
Element <entity name="MicaLeds" class="ptolemy.domains.ptinyos.lib.MicaLeds"> caused an exception to be thrown.
  in .MicaBoard
Because:
Cannot find class: ptolemy.domains.ptinyos.lib.MicaLeds. In Ptolemy, classes are typically Java .class files. Entities like actors may instead be defined within a .xml file.  In any case, the class was not found. If the class uses a third party package, then the class would be present only if the third party package was found at compile time.  It may be necessary to upgrade Java or install the third party package, reconfigure and recompile.
Because:
-- /home/travis/build/icyphy/ptII/ptolemy/actor/ptalon/demo/ptinyos/SenseToLeds/ptolemy/domains/ptinyos/lib/MicaLeds.xml (No such file or directory)
-- XML file not found relative to classpath.
-- /home/travis/build/icyphy/ptII/ptolemy/vergil/basic/export/test/ptolemy/domains/ptinyos/lib/MicaLeds.xml
/home/travis/build/icyphy/ptII/ptolemy/vergil/basic/export/test/ptolemy/domains/ptinyos/lib/MicaLeds.xml (No such file or directory)
 in file:/home/travis/build/icyphy/ptII/ptolemy/actor/ptalon/demo/ptinyos/SenseToLeds/MicaBoard.xml at line 134 and column 63
	at ptolemy.moml.SimpleErrorHandler.handleError(SimpleErrorHandler.java:75)
	at ptolemy.moml.MoMLParser.startElement(MoMLParser.java:3805)
	at com.microstar.xml.XmlParser.parseElement(XmlParser.java:931)
	at com.microstar.xml.XmlParser.parseDocument(XmlParser.java:481)
	at com.microstar.xml.XmlParser.doParse(XmlParser.java:159)
	at com.microstar.xml.XmlParser.parse(XmlParser.java:132)
	at ptolemy.moml.MoMLParser.parse(MoMLParser.java:1660)
	at ptolemy.moml.MoMLParser.parse(MoMLParser.java:1617)
	at ptolemy.moml.MoMLParser.parse(MoMLParser.java:1792)
	at ptolemy.actor.ptalon.PtalonEvaluator.addActor(PtalonEvaluator.java:241)
	... 56 more
Caused by: ptolemy.kernel.util.IllegalActionException: Cannot find class: ptolemy.actor.ptalon.demo.ptinyos.SenseToLeds.MicaBoard. In Ptolemy, classes are typically Java .class files. Entities like actors may instead be defined within a .xml file.  In any case, the class was not found. If the class uses a third party package, then the class would be present only if the third party package was found at compile time.  It may be necessary to upgrade Java or install the third party package, reconfigure and recompile.
Because:
Element <entity name="MicaLeds" class="ptolemy.domains.ptinyos.lib.MicaLeds"> caused an exception to be thrown.
  in .MicaBoard
Because:
Cannot find class: ptolemy.domains.ptinyos.lib.MicaLeds. In Ptolemy, classes are typically Java .class files. Entities like actors may instead be defined within a .xml file.  In any case, the class was not found. If the class uses a third party package, then the class would be present only if the third party package was found at compile time.  It may be necessary to upgrade Java or install the third party package, reconfigure and recompile.
Because:
-- /home/travis/build/icyphy/ptII/ptolemy/actor/ptalon/demo/ptinyos/SenseToLeds/ptolemy/domains/ptinyos/lib/MicaLeds.xml (No such file or directory)
-- XML file not found relative to classpath.
-- /home/travis/build/icyphy/ptII/ptolemy/vergil/basic/export/test/ptolemy/domains/ptinyos/lib/MicaLeds.xml
/home/travis/build/icyphy/ptII/ptolemy/vergil/basic/export/test/ptolemy/domains/ptinyos/lib/MicaLeds.xml (No such file or directory)
 in file:/home/travis/build/icyphy/ptII/ptolemy/actor/ptalon/demo/ptinyos/SenseToLeds/MicaBoard.xml at line 134 and column 63
	at ptolemy.moml.MoMLParser._createEntity(MoMLParser.java:4330)
	at ptolemy.moml.MoMLParser.startElement(MoMLParser.java:2864)
	... 64 more
Caused by: ptolemy.kernel.util.InternalErrorException: Element <entity name="MicaLeds" class="ptolemy.domains.ptinyos.lib.MicaLeds"> caused an exception to be thrown.
  in .MicaBoard
Because:
Cannot find class: ptolemy.domains.ptinyos.lib.MicaLeds. In Ptolemy, classes are typically Java .class files. Entities like actors may instead be defined within a .xml file.  In any case, the class was not found. If the class uses a third party package, then the class would be present only if the third party package was found at compile time.  It may be necessary to upgrade Java or install the third party package, reconfigure and recompile.
Because:
-- /home/travis/build/icyphy/ptII/ptolemy/actor/ptalon/demo/ptinyos/SenseToLeds/ptolemy/domains/ptinyos/lib/MicaLeds.xml (No such file or directory)
-- XML file not found relative to classpath.
-- /home/travis/build/icyphy/ptII/ptolemy/vergil/basic/export/test/ptolemy/domains/ptinyos/lib/MicaLeds.xml
/home/travis/build/icyphy/ptII/ptolemy/vergil/basic/export/test/ptolemy/domains/ptinyos/lib/MicaLeds.xml (No such file or directory)
 in file:/home/travis/build/icyphy/ptII/ptolemy/actor/ptalon/demo/ptinyos/SenseToLeds/MicaBoard.xml at line 134 and column 63
	at ptolemy.moml.SimpleErrorHandler.handleError(SimpleErrorHandler.java:75)
	at ptolemy.moml.MoMLParser.startElement(MoMLParser.java:3805)
	at com.microstar.xml.XmlParser.parseElement(XmlParser.java:921)
	at com.microstar.xml.XmlParser.parseContent(XmlParser.java:1104)
	at com.microstar.xml.XmlParser.parseElement(XmlParser.java:924)
	at com.microstar.xml.XmlParser.parseDocument(XmlParser.java:481)
	at com.microstar.xml.XmlParser.doParse(XmlParser.java:159)
	at com.microstar.xml.XmlParser.parse(XmlParser.java:132)
	at ptolemy.moml.MoMLParser.parse(MoMLParser.java:1676)
	at ptolemy.moml.MoMLParser.parse(MoMLParser.java:1595)
	at ptolemy.moml.MoMLParser.parse(MoMLParser.java:1537)
	at ptolemy.moml.MoMLParser._findOrParse(MoMLParser.java:5286)
	at ptolemy.moml.MoMLParser._attemptToFindMoMLClass(MoMLParser.java:4075)
	at ptolemy.moml.MoMLParser._createEntity(MoMLParser.java:4323)
	... 65 more
Caused by: ptolemy.kernel.util.IllegalActionException: Cannot find class: ptolemy.domains.ptinyos.lib.MicaLeds. In Ptolemy, classes are typically Java .class files. Entities like actors may instead be defined within a .xml file.  In any case, the class was not found. If the class uses a third party package, then the class would be present only if the third party package was found at compile time.  It may be necessary to upgrade Java or install the third party package, reconfigure and recompile.
Because:
-- /home/travis/build/icyphy/ptII/ptolemy/actor/ptalon/demo/ptinyos/SenseToLeds/ptolemy/domains/ptinyos/lib/MicaLeds.xml (No such file or directory)
-- XML file not found relative to classpath.
-- /home/travis/build/icyphy/ptII/ptolemy/vergil/basic/export/test/ptolemy/domains/ptinyos/lib/MicaLeds.xml
/home/travis/build/icyphy/ptII/ptolemy/vergil/basic/export/test/ptolemy/domains/ptinyos/lib/MicaLeds.xml (No such file or directory)
 in file:/home/travis/build/icyphy/ptII/ptolemy/actor/ptalon/demo/ptinyos/SenseToLeds/MicaBoard.xml at line 134 and column 63
	at ptolemy.moml.MoMLParser._createEntity(MoMLParser.java:4330)
	at ptolemy.moml.MoMLParser.startElement(MoMLParser.java:2864)
	... 77 more
Caused by: com.microstar.xml.XmlException: -- /home/travis/build/icyphy/ptII/ptolemy/actor/ptalon/demo/ptinyos/SenseToLeds/ptolemy/domains/ptinyos/lib/MicaLeds.xml (No such file or directory)
-- XML file not found relative to classpath.
-- /home/travis/build/icyphy/ptII/ptolemy/vergil/basic/export/test/ptolemy/domains/ptinyos/lib/MicaLeds.xml
/home/travis/build/icyphy/ptII/ptolemy/vergil/basic/export/test/ptolemy/domains/ptinyos/lib/MicaLeds.xml (No such file or directory)
 in file:/home/travis/build/icyphy/ptII/ptolemy/actor/ptalon/demo/ptinyos/SenseToLeds/MicaBoard.xml at line 134 and column 63
	at ptolemy.moml.MoMLParser.fileNameToURL(MoMLParser.java:1414)
	at ptolemy.moml.MoMLParser._findOrParse(MoMLParser.java:5283)
	at ptolemy.moml.MoMLParser._attemptToFindMoMLClass(MoMLParser.java:4075)
	at ptolemy.moml.MoMLParser._createEntity(MoMLParser.java:4323)
	... 78 more
Caused by: ptolemy.actor.ptalon.PtalonRuntimeException: Unable to add actor null
	at ptolemy.actor.ptalon.PtalonEvaluator.addActor(PtalonEvaluator.java:300)
	at ptolemy.actor.ptalon.PtalonPopulator.actor_declaration(PtalonPopulator.java:1574)
	at ptolemy.actor.ptalon.PtalonPopulator.atomic_statement(PtalonPopulator.java:1638)
	at ptolemy.actor.ptalon.PtalonPopulator.iterative_statement_evaluator(PtalonPopulator.java:2484)
	at ptolemy.actor.ptalon.AbstractPtalonEvaluator$IfTree.evaluateForScope(AbstractPtalonEvaluator.java:1307)
	at ptolemy.actor.ptalon.AbstractPtalonEvaluator.evaluateForScope(AbstractPtalonEvaluator.java:744)
	at ptolemy.actor.ptalon.PtalonPopulator.iterative_statement(PtalonPopulator.java:2363)
	at ptolemy.actor.ptalon.PtalonPopulator.actor_definition(PtalonPopulator.java:2809)
	at ptolemy.actor.ptalon.PtalonActor.attributeChanged(PtalonActor.java:206)
	at ptolemy.actor.ptalon.PtalonMLHandler.startElement(PtalonMLHandler.java:134)
	at com.microstar.xml.XmlParser.parseElement(XmlParser.java:921)
	at com.microstar.xml.XmlParser.parseContent(XmlParser.java:1104)
	at com.microstar.xml.XmlParser.parseElement(XmlParser.java:924)
	at com.microstar.xml.XmlParser.parseDocument(XmlParser.java:481)
	at com.microstar.xml.XmlParser.doParse(XmlParser.java:159)
	at com.microstar.xml.XmlParser.parse(XmlParser.java:132)
	at ptolemy.actor.ptalon.PtalonActor.configure(PtalonActor.java:240)
	at ptolemy.moml.MoMLParser.endElement(MoMLParser.java:996)
	at com.microstar.xml.XmlParser.parseETag(XmlParser.java:1026)
	at com.microstar.xml.XmlParser.parseContent(XmlParser.java:1098)
	at com.microstar.xml.XmlParser.parseElement(XmlParser.java:924)
	at com.microstar.xml.XmlParser.parseContent(XmlParser.java:1104)
	at com.microstar.xml.XmlParser.parseElement(XmlParser.java:924)
	at com.microstar.xml.XmlParser.parseContent(XmlParser.java:1104)
	at com.microstar.xml.XmlParser.parseElement(XmlParser.java:924)
	at com.microstar.xml.XmlParser.parseDocument(XmlParser.java:481)
	at com.microstar.xml.XmlParser.doParse(XmlParser.java:159)
	at com.microstar.xml.XmlParser.parse(XmlParser.java:132)
	at ptolemy.moml.MoMLParser.parse(MoMLParser.java:1676)
	at ptolemy.moml.MoMLParser.parse(MoMLParser.java:1595)
	at ptolemy.moml.MoMLParser.parse(MoMLParser.java:1537)
	at ptolemy.actor.gui.PtolemyEffigy$Factory.createEffigy(PtolemyEffigy.java:424)
	at ptolemy.actor.gui.EffigyFactory.createEffigy(EffigyFactory.java:234)
	at ptolemy.actor.gui.Configuration.openModel(Configuration.java:1125)
	at ptolemy.actor.gui.Configuration.openModel(Configuration.java:1051)
	at ptolemy.actor.gui.ConfigurationApplication._openModel(ConfigurationApplication.java:1252)
	at ptolemy.actor.gui.ConfigurationApplication._parseArg(ConfigurationApplication.java:1399)
	at ptolemy.actor.gui.ConfigurationApplication._parseArgs(ConfigurationApplication.java:1478)
	at ptolemy.actor.gui.ConfigurationApplication.<init>(ConfigurationApplication.java:277)
	at ptolemy.actor.gui.ConfigurationApplication.<init>(ConfigurationApplication.java:214)
	at ptolemy.actor.gui.ConfigurationApplication.<init>(ConfigurationApplication.java:201)
	at ptolemy.actor.gui.ConfigurationApplication.openModelOrEntity(ConfigurationApplication.java:680)
	at ptolemy.vergil.basic.export.ExportModel$1.run(ExportModel.java:220)
	at java.awt.event.InvocationEvent.dispatch(InvocationEvent.java:301)
	at java.awt.EventQueue.dispatchEventImpl(EventQueue.java:756)
	at java.awt.EventQueue.access$500(EventQueue.java:97)
	at java.awt.EventQueue$3.run(EventQueue.java:709)
	at java.awt.EventQueue$3.run(EventQueue.java:703)
	at java.security.AccessController.doPrivileged(Native Method)
	at java.security.ProtectionDomain$JavaSecurityAccessImpl.doIntersectionPrivilege(ProtectionDomain.java:80)
	at java.awt.EventQueue.dispatchEvent(EventQueue.java:726)
	at java.awt.EventDispatchThread.pumpOneEventForFilters(EventDispatchThread.java:201)
	at java.awt.EventDispatchThread.pumpEventsForFilter(EventDispatchThread.java:116)
	at java.awt.EventDispatchThread.pumpEventsForHierarchy(EventDispatchThread.java:105)
	at java.awt.EventDispatchThread.pumpEvents(EventDispatchThread.java:101)
	at java.awt.EventDispatchThread.pumpEvents(EventDispatchThread.java:93)
	at java.awt.EventDispatchThread.run(EventDispatchThread.java:82)
Caused by: ptolemy.kernel.util.InternalErrorException: Element <entity name="node1" class="ptolemy.actor.ptalon.demo.ptinyos.SenseToLeds.MicaBoard"> caused an exception to be thrown.
  in .SenseToLeds.SenseToLeds
Because:
Cannot find class: ptolemy.actor.ptalon.demo.ptinyos.SenseToLeds.MicaBoard. In Ptolemy, classes are typically Java .class files. Entities like actors may instead be defined within a .xml file.  In any case, the class was not found. If the class uses a third party package, then the class would be present only if the third party package was found at compile time.  It may be necessary to upgrade Java or install the third party package, reconfigure and recompile.
Because:
Element <entity name="MicaLeds" class="ptolemy.domains.ptinyos.lib.MicaLeds"> caused an exception to be thrown.
  in .MicaBoard
Because:
Cannot find class: ptolemy.domains.ptinyos.lib.MicaLeds. In Ptolemy, classes are typically Java .class files. Entities like actors may instead be defined within a .xml file.  In any case, the class was not found. If the class uses a third party package, then the class would be present only if the third party package was found at compile time.  It may be necessary to upgrade Java or install the third party package, reconfigure and recompile.
Because:
-- /home/travis/build/icyphy/ptII/ptolemy/actor/ptalon/demo/ptinyos/SenseToLeds/ptolemy/domains/ptinyos/lib/MicaLeds.xml (No such file or directory)
-- XML file not found relative to classpath.
-- /home/travis/build/icyphy/ptII/ptolemy/vergil/basic/export/test/ptolemy/domains/ptinyos/lib/MicaLeds.xml
/home/travis/build/icyphy/ptII/ptolemy/vergil/basic/export/test/ptolemy/domains/ptinyos/lib/MicaLeds.xml (No such file or directory)
 in file:/home/travis/build/icyphy/ptII/ptolemy/actor/ptalon/demo/ptinyos/SenseToLeds/MicaBoard.xml at line 134 and column 63
	at ptolemy.moml.SimpleErrorHandler.handleError(SimpleErrorHandler.java:75)
	at ptolemy.moml.MoMLParser.startElement(MoMLParser.java:3805)
	at com.microstar.xml.XmlParser.parseElement(XmlParser.java:931)
	at com.microstar.xml.XmlParser.parseDocument(XmlParser.java:481)
	at com.microstar.xml.XmlParser.doParse(XmlParser.java:159)
	at com.microstar.xml.XmlParser.parse(XmlParser.java:132)
	at ptolemy.moml.MoMLParser.parse(MoMLParser.java:1660)
	at ptolemy.moml.MoMLParser.parse(MoMLParser.java:1617)
	at ptolemy.moml.MoMLParser.parse(MoMLParser.java:1792)
	at ptolemy.actor.ptalon.PtalonEvaluator.addActor(PtalonEvaluator.java:241)
	... 56 more
Caused by: ptolemy.kernel.util.IllegalActionException: Cannot find class: ptolemy.actor.ptalon.demo.ptinyos.SenseToLeds.MicaBoard. In Ptolemy, classes are typically Java .class files. Entities like actors may instead be defined within a .xml file.  In any case, the class was not found. If the class uses a third party package, then the class would be present only if the third party package was found at compile time.  It may be necessary to upgrade Java or install the third party package, reconfigure and recompile.
Because:
Element <entity name="MicaLeds" class="ptolemy.domains.ptinyos.lib.MicaLeds"> caused an exception to be thrown.
  in .MicaBoard
Because:
Cannot find class: ptolemy.domains.ptinyos.lib.MicaLeds. In Ptolemy, classes are typically Java .class files. Entities like actors may instead be defined within a .xml file.  In any case, the class was not found. If the class uses a third party package, then the class would be present only if the third party package was found at compile time.  It may be necessary to upgrade Java or install the third party package, reconfigure and recompile.
Because:
-- /home/travis/build/icyphy/ptII/ptolemy/actor/ptalon/demo/ptinyos/SenseToLeds/ptolemy/domains/ptinyos/lib/MicaLeds.xml (No such file or directory)
-- XML file not found relative to classpath.
-- /home/travis/build/icyphy/ptII/ptolemy/vergil/basic/export/test/ptolemy/domains/ptinyos/lib/MicaLeds.xml
/home/travis/build/icyphy/ptII/ptolemy/vergil/basic/export/test/ptolemy/domains/ptinyos/lib/MicaLeds.xml (No such file or directory)
 in file:/home/travis/build/icyphy/ptII/ptolemy/actor/ptalon/demo/ptinyos/SenseToLeds/MicaBoard.xml at line 134 and column 63
	at ptolemy.moml.MoMLParser._createEntity(MoMLParser.java:4330)
	at ptolemy.moml.MoMLParser.startElement(MoMLParser.java:2864)
	... 64 more
Caused by: ptolemy.kernel.util.InternalErrorException: Element <entity name="MicaLeds" class="ptolemy.domains.ptinyos.lib.MicaLeds"> caused an exception to be thrown.
  in .MicaBoard
Because:
Cannot find class: ptolemy.domains.ptinyos.lib.MicaLeds. In Ptolemy, classes are typically Java .class files. Entities like actors may instead be defined within a .xml file.  In any case, the class was not found. If the class uses a third party package, then the class would be present only if the third party package was found at compile time.  It may be necessary to upgrade Java or install the third party package, reconfigure and recompile.
Because:
-- /home/travis/build/icyphy/ptII/ptolemy/actor/ptalon/demo/ptinyos/SenseToLeds/ptolemy/domains/ptinyos/lib/MicaLeds.xml (No such file or directory)
-- XML file not found relative to classpath.
-- /home/travis/build/icyphy/ptII/ptolemy/vergil/basic/export/test/ptolemy/domains/ptinyos/lib/MicaLeds.xml
/home/travis/build/icyphy/ptII/ptolemy/vergil/basic/export/test/ptolemy/domains/ptinyos/lib/MicaLeds.xml (No such file or directory)
 in file:/home/travis/build/icyphy/ptII/ptolemy/actor/ptalon/demo/ptinyos/SenseToLeds/MicaBoard.xml at line 134 and column 63
	at ptolemy.moml.SimpleErrorHandler.handleError(SimpleErrorHandler.java:75)
	at ptolemy.moml.MoMLParser.startElement(MoMLParser.java:3805)
	at com.microstar.xml.XmlParser.parseElement(XmlParser.java:921)
	at com.microstar.xml.XmlParser.parseContent(XmlParser.java:1104)
	at com.microstar.xml.XmlParser.parseElement(XmlParser.java:924)
	at com.microstar.xml.XmlParser.parseDocument(XmlParser.java:481)
	at com.microstar.xml.XmlParser.doParse(XmlParser.java:159)
	at com.microstar.xml.XmlParser.parse(XmlParser.java:132)
	at ptolemy.moml.MoMLParser.parse(MoMLParser.java:1676)
	at ptolemy.moml.MoMLParser.parse(MoMLParser.java:1595)
	at ptolemy.moml.MoMLParser.parse(MoMLParser.java:1537)
	at ptolemy.moml.MoMLParser._findOrParse(MoMLParser.java:5286)
	at ptolemy.moml.MoMLParser._attemptToFindMoMLClass(MoMLParser.java:4075)
	at ptolemy.moml.MoMLParser._createEntity(MoMLParser.java:4323)
	... 65 more
Caused by: ptolemy.kernel.util.IllegalActionException: Cannot find class: ptolemy.domains.ptinyos.lib.MicaLeds. In Ptolemy, classes are typically Java .class files. Entities like actors may instead be defined within a .xml file.  In any case, the class was not found. If the class uses a third party package, then the class would be present only if the third party package was found at compile time.  It may be necessary to upgrade Java or install the third party package, reconfigure and recompile.
Because:
-- /home/travis/build/icyphy/ptII/ptolemy/actor/ptalon/demo/ptinyos/SenseToLeds/ptolemy/domains/ptinyos/lib/MicaLeds.xml (No such file or directory)
-- XML file not found relative to classpath.
-- /home/travis/build/icyphy/ptII/ptolemy/vergil/basic/export/test/ptolemy/domains/ptinyos/lib/MicaLeds.xml
/home/travis/build/icyphy/ptII/ptolemy/vergil/basic/export/test/ptolemy/domains/ptinyos/lib/MicaLeds.xml (No such file or directory)
 in file:/home/travis/build/icyphy/ptII/ptolemy/actor/ptalon/demo/ptinyos/SenseToLeds/MicaBoard.xml at line 134 and column 63
	at ptolemy.moml.MoMLParser._createEntity(MoMLParser.java:4330)
	at ptolemy.moml.MoMLParser.startElement(MoMLParser.java:2864)
	... 77 more
Caused by: com.microstar.xml.XmlException: -- /home/travis/build/icyphy/ptII/ptolemy/actor/ptalon/demo/ptinyos/SenseToLeds/ptolemy/domains/ptinyos/lib/MicaLeds.xml (No such file or directory)
-- XML file not found relative to classpath.
-- /home/travis/build/icyphy/ptII/ptolemy/vergil/basic/export/test/ptolemy/domains/ptinyos/lib/MicaLeds.xml
/home/travis/build/icyphy/ptII/ptolemy/vergil/basic/export/test/ptolemy/domains/ptinyos/lib/MicaLeds.xml (No such file or directory)
 in file:/home/travis/build/icyphy/ptII/ptolemy/actor/ptalon/demo/ptinyos/SenseToLeds/MicaBoard.xml at line 134 and column 63
	at ptolemy.moml.MoMLParser.fileNameToURL(MoMLParser.java:1414)
	at ptolemy.moml.MoMLParser._findOrParse(MoMLParser.java:5283)
	at ptolemy.moml.MoMLParser._attemptToFindMoMLClass(MoMLParser.java:4075)
	at ptolemy.moml.MoMLParser._createEntity(MoMLParser.java:4323)
	... 78 more
Failed to read file:/home/travis/build/icyphy/ptII/ptolemy/actor/ptalon/demo/ptinyos/SenseToLeds/SenseToLeds.xml
ptolemy.kernel.util.IllegalActionException: Failed to process attribute change to PtalonParameter, whose value is "ptolemy.actor.ptalon.PtalonExpressionParameter {.SenseToLeds.SenseToLeds.n} 2".
  in .SenseToLeds.SenseToLeds
Because:
Unable to add actor null
	at ptolemy.actor.ptalon.PtalonActor.attributeChanged(PtalonActor.java:211)
	at ptolemy.actor.ptalon.PtalonMLHandler.startElement(PtalonMLHandler.java:134)
	at com.microstar.xml.XmlParser.parseElement(XmlParser.java:921)
	at com.microstar.xml.XmlParser.parseContent(XmlParser.java:1104)
	at com.microstar.xml.XmlParser.parseElement(XmlParser.java:924)
	at com.microstar.xml.XmlParser.parseDocument(XmlParser.java:481)
	at com.microstar.xml.XmlParser.doParse(XmlParser.java:159)
	at com.microstar.xml.XmlParser.parse(XmlParser.java:132)
	at ptolemy.actor.ptalon.PtalonActor.configure(PtalonActor.java:240)
	at ptolemy.moml.MoMLParser.endElement(MoMLParser.java:996)
	at com.microstar.xml.XmlParser.parseETag(XmlParser.java:1026)
	at com.microstar.xml.XmlParser.parseContent(XmlParser.java:1098)
	at com.microstar.xml.XmlParser.parseElement(XmlParser.java:924)
	at com.microstar.xml.XmlParser.parseContent(XmlParser.java:1104)
	at com.microstar.xml.XmlParser.parseElement(XmlParser.java:924)
	at com.microstar.xml.XmlParser.parseContent(XmlParser.java:1104)
	at com.microstar.xml.XmlParser.parseElement(XmlParser.java:924)
	at com.microstar.xml.XmlParser.parseDocument(XmlParser.java:481)
	at com.microstar.xml.XmlParser.doParse(XmlParser.java:159)
	at com.microstar.xml.XmlParser.parse(XmlParser.java:132)
	at ptolemy.moml.MoMLParser.parse(MoMLParser.java:1676)
	at ptolemy.moml.MoMLParser.parse(MoMLParser.java:1595)
	at ptolemy.moml.MoMLParser.parse(MoMLParser.java:1537)
	at ptolemy.actor.gui.PtolemyEffigy$Factory.createEffigy(PtolemyEffigy.java:424)
	at ptolemy.actor.gui.EffigyFactory.createEffigy(EffigyFactory.java:234)
	at ptolemy.actor.gui.Configuration.openModel(Configuration.java:1125)
	at ptolemy.actor.gui.Configuration.openModel(Configuration.java:1051)
	at ptolemy.actor.gui.ConfigurationApplication._openModel(ConfigurationApplication.java:1252)
	at ptolemy.actor.gui.ConfigurationApplication._parseArg(ConfigurationApplication.java:1399)
	at ptolemy.actor.gui.ConfigurationApplication._parseArgs(ConfigurationApplication.java:1478)
	at ptolemy.actor.gui.ConfigurationApplication.<init>(ConfigurationApplication.java:277)
	at ptolemy.actor.gui.ConfigurationApplication.<init>(ConfigurationApplication.java:214)
	at ptolemy.actor.gui.ConfigurationApplication.<init>(ConfigurationApplication.java:201)
	at ptolemy.actor.gui.ConfigurationApplication.openModelOrEntity(ConfigurationApplication.java:680)
	at ptolemy.vergil.basic.export.ExportModel$1.run(ExportModel.java:220)
	at java.awt.event.InvocationEvent.dispatch(InvocationEvent.java:301)
	at java.awt.EventQueue.dispatchEventImpl(EventQueue.java:756)
	at java.awt.EventQueue.access$500(EventQueue.java:97)
	at java.awt.EventQueue$3.run(EventQueue.java:709)
	at java.awt.EventQueue$3.run(EventQueue.java:703)
	at java.security.AccessController.doPrivileged(Native Method)
	at java.security.ProtectionDomain$JavaSecurityAccessImpl.doIntersectionPrivilege(ProtectionDomain.java:80)
	at java.awt.EventQueue.dispatchEvent(EventQueue.java:726)
	at java.awt.EventDispatchThread.pumpOneEventForFilters(EventDispatchThread.java:201)
	at java.awt.EventDispatchThread.pumpEventsForFilter(EventDispatchThread.java:116)
	at java.awt.EventDispatchThread.pumpEventsForHierarchy(EventDispatchThread.java:105)
	at java.awt.EventDispatchThread.pumpEvents(EventDispatchThread.java:101)
	at java.awt.EventDispatchThread.pumpEvents(EventDispatchThread.java:93)
	at java.awt.EventDispatchThread.run(EventDispatchThread.java:82)
Caused by: ptolemy.actor.ptalon.PtalonRuntimeException: Unable to add actor null
	at ptolemy.actor.ptalon.PtalonEvaluator.addActor(PtalonEvaluator.java:300)
	at ptolemy.actor.ptalon.PtalonPopulator.actor_declaration(PtalonPopulator.java:1574)
	at ptolemy.actor.ptalon.PtalonPopulator.atomic_statement(PtalonPopulator.java:1638)
	at ptolemy.actor.ptalon.PtalonPopulator.iterative_statement_evaluator(PtalonPopulator.java:2484)
	at ptolemy.actor.ptalon.AbstractPtalonEvaluator$IfTree.evaluateForScope(AbstractPtalonEvaluator.java:1307)
	at ptolemy.actor.ptalon.AbstractPtalonEvaluator.evaluateForScope(AbstractPtalonEvaluator.java:744)
	at ptolemy.actor.ptalon.PtalonPopulator.iterative_statement(PtalonPopulator.java:2363)
	at ptolemy.actor.ptalon.PtalonPopulator.actor_definition(PtalonPopulator.java:2809)
	at ptolemy.actor.ptalon.PtalonActor.attributeChanged(PtalonActor.java:206)
	... 48 more
Caused by: ptolemy.kernel.util.InternalErrorException: Element <entity name="node1" class="ptolemy.actor.ptalon.demo.ptinyos.SenseToLeds.MicaBoard"> caused an exception to be thrown.
  in .SenseToLeds.SenseToLeds
Because:
Cannot find class: ptolemy.actor.ptalon.demo.ptinyos.SenseToLeds.MicaBoard. In Ptolemy, classes are typically Java .class files. Entities like actors may instead be defined within a .xml file.  In any case, the class was not found. If the class uses a third party package, then the class would be present only if the third party package was found at compile time.  It may be necessary to upgrade Java or install the third party package, reconfigure and recompile.
Because:
Element <entity name="MicaLeds" class="ptolemy.domains.ptinyos.lib.MicaLeds"> caused an exception to be thrown.
  in .MicaBoard
Because:
Cannot find class: ptolemy.domains.ptinyos.lib.MicaLeds. In Ptolemy, classes are typically Java .class files. Entities like actors may instead be defined within a .xml file.  In any case, the class was not found. If the class uses a third party package, then the class would be present only if the third party package was found at compile time.  It may be necessary to upgrade Java or install the third party package, reconfigure and recompile.
Because:
-- /home/travis/build/icyphy/ptII/ptolemy/actor/ptalon/demo/ptinyos/SenseToLeds/ptolemy/domains/ptinyos/lib/MicaLeds.xml (No such file or directory)
-- XML file not found relative to classpath.
-- /home/travis/build/icyphy/ptII/ptolemy/vergil/basic/export/test/ptolemy/domains/ptinyos/lib/MicaLeds.xml
/home/travis/build/icyphy/ptII/ptolemy/vergil/basic/export/test/ptolemy/domains/ptinyos/lib/MicaLeds.xml (No such file or directory)
 in file:/home/travis/build/icyphy/ptII/ptolemy/actor/ptalon/demo/ptinyos/SenseToLeds/MicaBoard.xml at line 134 and column 63
	at ptolemy.moml.SimpleErrorHandler.handleError(SimpleErrorHandler.java:75)
	at ptolemy.moml.MoMLParser.startElement(MoMLParser.java:3805)
	at com.microstar.xml.XmlParser.parseElement(XmlParser.java:931)
	at com.microstar.xml.XmlParser.parseDocument(XmlParser.java:481)
	at com.microstar.xml.XmlParser.doParse(XmlParser.java:159)
	at com.microstar.xml.XmlParser.parse(XmlParser.java:132)
	at ptolemy.moml.MoMLParser.parse(MoMLParser.java:1660)
	at ptolemy.moml.MoMLParser.parse(MoMLParser.java:1617)
	at ptolemy.moml.MoMLParser.parse(MoMLParser.java:1792)
	at ptolemy.actor.ptalon.PtalonEvaluator.addActor(PtalonEvaluator.java:241)
	... 56 more
Caused by: ptolemy.kernel.util.IllegalActionException: Cannot find class: ptolemy.actor.ptalon.demo.ptinyos.SenseToLeds.MicaBoard. In Ptolemy, classes are typically Java .class files. Entities like actors may instead be defined within a .xml file.  In any case, the class was not found. If the class uses a third party package, then the class would be present only if the third party package was found at compile time.  It may be necessary to upgrade Java or install the third party package, reconfigure and recompile.
Because:
Element <entity name="MicaLeds" class="ptolemy.domains.ptinyos.lib.MicaLeds"> caused an exception to be thrown.
  in .MicaBoard
Because:
Cannot find class: ptolemy.domains.ptinyos.lib.MicaLeds. In Ptolemy, classes are typically Java .class files. Entities like actors may instead be defined within a .xml file.  In any case, the class was not found. If the class uses a third party package, then the class would be present only if the third party package was found at compile time.  It may be necessary to upgrade Java or install the third party package, reconfigure and recompile.
Because:
-- /home/travis/build/icyphy/ptII/ptolemy/actor/ptalon/demo/ptinyos/SenseToLeds/ptolemy/domains/ptinyos/lib/MicaLeds.xml (No such file or directory)
-- XML file not found relative to classpath.
-- /home/travis/build/icyphy/ptII/ptolemy/vergil/basic/export/test/ptolemy/domains/ptinyos/lib/MicaLeds.xml
/home/travis/build/icyphy/ptII/ptolemy/vergil/basic/export/test/ptolemy/domains/ptinyos/lib/MicaLeds.xml (No such file or directory)
 in file:/home/travis/build/icyphy/ptII/ptolemy/actor/ptalon/demo/ptinyos/SenseToLeds/MicaBoard.xml at line 134 and column 63
	at ptolemy.moml.MoMLParser._createEntity(MoMLParser.java:4330)
	at ptolemy.moml.MoMLParser.startElement(MoMLParser.java:2864)
	... 64 more
Caused by: ptolemy.kernel.util.InternalErrorException: Element <entity name="MicaLeds" class="ptolemy.domains.ptinyos.lib.MicaLeds"> caused an exception to be thrown.
  in .MicaBoard
Because:
Cannot find class: ptolemy.domains.ptinyos.lib.MicaLeds. In Ptolemy, classes are typically Java .class files. Entities like actors may instead be defined within a .xml file.  In any case, the class was not found. If the class uses a third party package, then the class would be present only if the third party package was found at compile time.  It may be necessary to upgrade Java or install the third party package, reconfigure and recompile.
Because:
-- /home/travis/build/icyphy/ptII/ptolemy/actor/ptalon/demo/ptinyos/SenseToLeds/ptolemy/domains/ptinyos/lib/MicaLeds.xml (No such file or directory)
-- XML file not found relative to classpath.
-- /home/travis/build/icyphy/ptII/ptolemy/vergil/basic/export/test/ptolemy/domains/ptinyos/lib/MicaLeds.xml
/home/travis/build/icyphy/ptII/ptolemy/vergil/basic/export/test/ptolemy/domains/ptinyos/lib/MicaLeds.xml (No such file or directory)
 in file:/home/travis/build/icyphy/ptII/ptolemy/actor/ptalon/demo/ptinyos/SenseToLeds/MicaBoard.xml at line 134 and column 63
	at ptolemy.moml.SimpleErrorHandler.handleError(SimpleErrorHandler.java:75)
	at ptolemy.moml.MoMLParser.startElement(MoMLParser.java:3805)
	at com.microstar.xml.XmlParser.parseElement(XmlParser.java:921)
	at com.microstar.xml.XmlParser.parseContent(XmlParser.java:1104)
	at com.microstar.xml.XmlParser.parseElement(XmlParser.java:924)
	at com.microstar.xml.XmlParser.parseDocument(XmlParser.java:481)
	at com.microstar.xml.XmlParser.doParse(XmlParser.java:159)
	at com.microstar.xml.XmlParser.parse(XmlParser.java:132)
	at ptolemy.moml.MoMLParser.parse(MoMLParser.java:1676)
	at ptolemy.moml.MoMLParser.parse(MoMLParser.java:1595)
	at ptolemy.moml.MoMLParser.parse(MoMLParser.java:1537)
	at ptolemy.moml.MoMLParser._findOrParse(MoMLParser.java:5286)
	at ptolemy.moml.MoMLParser._attemptToFindMoMLClass(MoMLParser.java:4075)
	at ptolemy.moml.MoMLParser._createEntity(MoMLParser.java:4323)
	... 65 more
Caused by: ptolemy.kernel.util.IllegalActionException: Cannot find class: ptolemy.domains.ptinyos.lib.MicaLeds. In Ptolemy, classes are typically Java .class files. Entities like actors may instead be defined within a .xml file.  In any case, the class was not found. If the class uses a third party package, then the class would be present only if the third party package was found at compile time.  It may be necessary to upgrade Java or install the third party package, reconfigure and recompile.
Because:
-- /home/travis/build/icyphy/ptII/ptolemy/actor/ptalon/demo/ptinyos/SenseToLeds/ptolemy/domains/ptinyos/lib/MicaLeds.xml (No such file or directory)
-- XML file not found relative to classpath.
-- /home/travis/build/icyphy/ptII/ptolemy/vergil/basic/export/test/ptolemy/domains/ptinyos/lib/MicaLeds.xml
/home/travis/build/icyphy/ptII/ptolemy/vergil/basic/export/test/ptolemy/domains/ptinyos/lib/MicaLeds.xml (No such file or directory)
 in file:/home/travis/build/icyphy/ptII/ptolemy/actor/ptalon/demo/ptinyos/SenseToLeds/MicaBoard.xml at line 134 and column 63
	at ptolemy.moml.MoMLParser._createEntity(MoMLParser.java:4330)
	at ptolemy.moml.MoMLParser.startElement(MoMLParser.java:2864)
	... 77 more
Caused by: com.microstar.xml.XmlException: -- /home/travis/build/icyphy/ptII/ptolemy/actor/ptalon/demo/ptinyos/SenseToLeds/ptolemy/domains/ptinyos/lib/MicaLeds.xml (No such file or directory)
-- XML file not found relative to classpath.
-- /home/travis/build/icyphy/ptII/ptolemy/vergil/basic/export/test/ptolemy/domains/ptinyos/lib/MicaLeds.xml
/home/travis/build/icyphy/ptII/ptolemy/vergil/basic/export/test/ptolemy/domains/ptinyos/lib/MicaLeds.xml (No such file or directory)
 in file:/home/travis/build/icyphy/ptII/ptolemy/actor/ptalon/demo/ptinyos/SenseToLeds/MicaBoard.xml at line 134 and column 63
	at ptolemy.moml.MoMLParser.fileNameToURL(MoMLParser.java:1414)
	at ptolemy.moml.MoMLParser._findOrParse(MoMLParser.java:5283)
	at ptolemy.moml.MoMLParser._attemptToFindMoMLClass(MoMLParser.java:4075)
	at ptolemy.moml.MoMLParser._createEntity(MoMLParser.java:4323)
	... 78 more
Caused by: ptolemy.actor.ptalon.PtalonRuntimeException: Unable to add actor null
	at ptolemy.actor.ptalon.PtalonEvaluator.addActor(PtalonEvaluator.java:300)
	at ptolemy.actor.ptalon.PtalonPopulator.actor_declaration(PtalonPopulator.java:1574)
	at ptolemy.actor.ptalon.PtalonPopulator.atomic_statement(PtalonPopulator.java:1638)
	at ptolemy.actor.ptalon.PtalonPopulator.iterative_statement_evaluator(PtalonPopulator.java:2484)
	at ptolemy.actor.ptalon.AbstractPtalonEvaluator$IfTree.evaluateForScope(AbstractPtalonEvaluator.java:1307)
	at ptolemy.actor.ptalon.AbstractPtalonEvaluator.evaluateForScope(AbstractPtalonEvaluator.java:744)
	at ptolemy.actor.ptalon.PtalonPopulator.iterative_statement(PtalonPopulator.java:2363)
	at ptolemy.actor.ptalon.PtalonPopulator.actor_definition(PtalonPopulator.java:2809)
	at ptolemy.actor.ptalon.PtalonActor.attributeChanged(PtalonActor.java:206)
	at ptolemy.actor.ptalon.PtalonMLHandler.startElement(PtalonMLHandler.java:134)
	at com.microstar.xml.XmlParser.parseElement(XmlParser.java:921)
	at com.microstar.xml.XmlParser.parseContent(XmlParser.java:1104)
	at com.microstar.xml.XmlParser.parseElement(XmlParser.java:924)
	at com.microstar.xml.XmlParser.parseDocument(XmlParser.java:481)
	at com.microstar.xml.XmlParser.doParse(XmlParser.java:159)
	at com.microstar.xml.XmlParser.parse(XmlParser.java:132)
	at ptolemy.actor.ptalon.PtalonActor.configure(PtalonActor.java:240)
	at ptolemy.moml.MoMLParser.endElement(MoMLParser.java:996)
	at com.microstar.xml.XmlParser.parseETag(XmlParser.java:1026)
	at com.microstar.xml.XmlParser.parseContent(XmlParser.java:1098)
	at com.microstar.xml.XmlParser.parseElement(XmlParser.java:924)
	at com.microstar.xml.XmlParser.parseContent(XmlParser.java:1104)
	at com.microstar.xml.XmlParser.parseElement(XmlParser.java:924)
	at com.microstar.xml.XmlParser.parseContent(XmlParser.java:1104)
	at com.microstar.xml.XmlParser.parseElement(XmlParser.java:924)
	at com.microstar.xml.XmlParser.parseDocument(XmlParser.java:481)
	at com.microstar.xml.XmlParser.doParse(XmlParser.java:159)
	at com.microstar.xml.XmlParser.parse(XmlParser.java:132)
	at ptolemy.moml.MoMLParser.parse(MoMLParser.java:1676)
	at ptolemy.moml.MoMLParser.parse(MoMLParser.java:1595)
	at ptolemy.moml.MoMLParser.parse(MoMLParser.java:1537)
	at ptolemy.actor.gui.PtolemyEffigy$Factory.createEffigy(PtolemyEffigy.java:424)
	at ptolemy.actor.gui.EffigyFactory.createEffigy(EffigyFactory.java:234)
	at ptolemy.actor.gui.Configuration.openModel(Configuration.java:1125)
	at ptolemy.actor.gui.Configuration.openModel(Configuration.java:1051)
	at ptolemy.actor.gui.ConfigurationApplication._openModel(ConfigurationApplication.java:1252)
	at ptolemy.actor.gui.ConfigurationApplication._parseArg(ConfigurationApplication.java:1399)
	at ptolemy.actor.gui.ConfigurationApplication._parseArgs(ConfigurationApplication.java:1478)
	at ptolemy.actor.gui.ConfigurationApplication.<init>(ConfigurationApplication.java:277)
	at ptolemy.actor.gui.ConfigurationApplication.<init>(ConfigurationApplication.java:214)
	at ptolemy.actor.gui.ConfigurationApplication.<init>(ConfigurationApplication.java:201)
	at ptolemy.actor.gui.ConfigurationApplication.openModelOrEntity(ConfigurationApplication.java:680)
	at ptolemy.vergil.basic.export.ExportModel$1.run(ExportModel.java:220)
	at java.awt.event.InvocationEvent.dispatch(InvocationEvent.java:301)
	at java.awt.EventQueue.dispatchEventImpl(EventQueue.java:756)
	at java.awt.EventQueue.access$500(EventQueue.java:97)
	at java.awt.EventQueue$3.run(EventQueue.java:709)
	at java.awt.EventQueue$3.run(EventQueue.java:703)
	at java.security.AccessController.doPrivileged(Native Method)
	at java.security.ProtectionDomain$JavaSecurityAccessImpl.doIntersectionPrivilege(ProtectionDomain.java:80)
	at java.awt.EventQueue.dispatchEvent(EventQueue.java:726)
	at java.awt.EventDispatchThread.pumpOneEventForFilters(EventDispatchThread.java:201)
	at java.awt.EventDispatchThread.pumpEventsForFilter(EventDispatchThread.java:116)
	at java.awt.EventDispatchThread.pumpEventsForHierarchy(EventDispatchThread.java:105)
	at java.awt.EventDispatchThread.pumpEvents(EventDispatchThread.java:101)
	at java.awt.EventDispatchThread.pumpEvents(EventDispatchThread.java:93)
	at java.awt.EventDispatchThread.run(EventDispatchThread.java:82)
Caused by: ptolemy.kernel.util.InternalErrorException: Element <entity name="node1" class="ptolemy.actor.ptalon.demo.ptinyos.SenseToLeds.MicaBoard"> caused an exception to be thrown.
  in .SenseToLeds.SenseToLeds
Because:
Cannot find class: ptolemy.actor.ptalon.demo.ptinyos.SenseToLeds.MicaBoard. In Ptolemy, classes are typically Java .class files. Entities like actors may instead be defined within a .xml file.  In any case, the class was not found. If the class uses a third party package, then the class would be present only if the third party package was found at compile time.  It may be necessary to upgrade Java or install the third party package, reconfigure and recompile.
Because:
Element <entity name="MicaLeds" class="ptolemy.domains.ptinyos.lib.MicaLeds"> caused an exception to be thrown.
  in .MicaBoard
Because:
Cannot find class: ptolemy.domains.ptinyos.lib.MicaLeds. In Ptolemy, classes are typically Java .class files. Entities like actors may instead be defined within a .xml file.  In any case, the class was not found. If the class uses a third party package, then the class would be present only if the third party package was found at compile time.  It may be necessary to upgrade Java or install the third party package, reconfigure and recompile.
Because:
-- /home/travis/build/icyphy/ptII/ptolemy/actor/ptalon/demo/ptinyos/SenseToLeds/ptolemy/domains/ptinyos/lib/MicaLeds.xml (No such file or directory)
-- XML file not found relative to classpath.
-- /home/travis/build/icyphy/ptII/ptolemy/vergil/basic/export/test/ptolemy/domains/ptinyos/lib/MicaLeds.xml
/home/travis/build/icyphy/ptII/ptolemy/vergil/basic/export/test/ptolemy/domains/ptinyos/lib/MicaLeds.xml (No such file or directory)
 in file:/home/travis/build/icyphy/ptII/ptolemy/actor/ptalon/demo/ptinyos/SenseToLeds/MicaBoard.xml at line 134 and column 63
	at ptolemy.moml.SimpleErrorHandler.handleError(SimpleErrorHandler.java:75)
	at ptolemy.moml.MoMLParser.startElement(MoMLParser.java:3805)
	at com.microstar.xml.XmlParser.parseElement(XmlParser.java:931)
	at com.microstar.xml.XmlParser.parseDocument(XmlParser.java:481)
	at com.microstar.xml.XmlParser.doParse(XmlParser.java:159)
	at com.microstar.xml.XmlParser.parse(XmlParser.java:132)
	at ptolemy.moml.MoMLParser.parse(MoMLParser.java:1660)
	at ptolemy.moml.MoMLParser.parse(MoMLParser.java:1617)
	at ptolemy.moml.MoMLParser.parse(MoMLParser.java:1792)
	at ptolemy.actor.ptalon.PtalonEvaluator.addActor(PtalonEvaluator.java:241)
	... 56 more
Caused by: ptolemy.kernel.util.IllegalActionException: Cannot find class: ptolemy.actor.ptalon.demo.ptinyos.SenseToLeds.MicaBoard. In Ptolemy, classes are typically Java .class files. Entities like actors may instead be defined within a .xml file.  In any case, the class was not found. If the class uses a third party package, then the class would be present only if the third party package was found at compile time.  It may be necessary to upgrade Java or install the third party package, reconfigure and recompile.
Because:
Element <entity name="MicaLeds" class="ptolemy.domains.ptinyos.lib.MicaLeds"> caused an exception to be thrown.
  in .MicaBoard
Because:
Cannot find class: ptolemy.domains.ptinyos.lib.MicaLeds. In Ptolemy, classes are typically Java .class files. Entities like actors may instead be defined within a .xml file.  In any case, the class was not found. If the class uses a third party package, then the class would be present only if the third party package was found at compile time.  It may be necessary to upgrade Java or install the third party package, reconfigure and recompile.
Because:
-- /home/travis/build/icyphy/ptII/ptolemy/actor/ptalon/demo/ptinyos/SenseToLeds/ptolemy/domains/ptinyos/lib/MicaLeds.xml (No such file or directory)
-- XML file not found relative to classpath.
-- /home/travis/build/icyphy/ptII/ptolemy/vergil/basic/export/test/ptolemy/domains/ptinyos/lib/MicaLeds.xml
/home/travis/build/icyphy/ptII/ptolemy/vergil/basic/export/test/ptolemy/domains/ptinyos/lib/MicaLeds.xml (No such file or directory)
 in file:/home/travis/build/icyphy/ptII/ptolemy/actor/ptalon/demo/ptinyos/SenseToLeds/MicaBoard.xml at line 134 and column 63
	at ptolemy.moml.MoMLParser._createEntity(MoMLParser.java:4330)
	at ptolemy.moml.MoMLParser.startElement(MoMLParser.java:2864)
	... 64 more
Caused by: ptolemy.kernel.util.InternalErrorException: Element <entity name="MicaLeds" class="ptolemy.domains.ptinyos.lib.MicaLeds"> caused an exception to be thrown.
  in .MicaBoard
Because:
Cannot find class: ptolemy.domains.ptinyos.lib.MicaLeds. In Ptolemy, classes are typically Java .class files. Entities like actors may instead be defined within a .xml file.  In any case, the class was not found. If the class uses a third party package, then the class would be present only if the third party package was found at compile time.  It may be necessary to upgrade Java or install the third party package, reconfigure and recompile.
Because:
-- /home/travis/build/icyphy/ptII/ptolemy/actor/ptalon/demo/ptinyos/SenseToLeds/ptolemy/domains/ptinyos/lib/MicaLeds.xml (No such file or directory)
-- XML file not found relative to classpath.
-- /home/travis/build/icyphy/ptII/ptolemy/vergil/basic/export/test/ptolemy/domains/ptinyos/lib/MicaLeds.xml
/home/travis/build/icyphy/ptII/ptolemy/vergil/basic/export/test/ptolemy/domains/ptinyos/lib/MicaLeds.xml (No such file or directory)
 in file:/home/travis/build/icyphy/ptII/ptolemy/actor/ptalon/demo/ptinyos/SenseToLeds/MicaBoard.xml at line 134 and column 63
	at ptolemy.moml.SimpleErrorHandler.handleError(SimpleErrorHandler.java:75)
	at ptolemy.moml.MoMLParser.startElement(MoMLParser.java:3805)
	at com.microstar.xml.XmlParser.parseElement(XmlParser.java:921)
	at com.microstar.xml.XmlParser.parseContent(XmlParser.java:1104)
	at com.microstar.xml.XmlParser.parseElement(XmlParser.java:924)
	at com.microstar.xml.XmlParser.parseDocument(XmlParser.java:481)
	at com.microstar.xml.XmlParser.doParse(XmlParser.java:159)
	at com.microstar.xml.XmlParser.parse(XmlParser.java:132)
	at ptolemy.moml.MoMLParser.parse(MoMLParser.java:1676)
	at ptolemy.moml.MoMLParser.parse(MoMLParser.java:1595)
	at ptolemy.moml.MoMLParser.parse(MoMLParser.java:1537)
	at ptolemy.moml.MoMLParser._findOrParse(MoMLParser.java:5286)
	at ptolemy.moml.MoMLParser._attemptToFindMoMLClass(MoMLParser.java:4075)
	at ptolemy.moml.MoMLParser._createEntity(MoMLParser.java:4323)
	... 65 more
Caused by: ptolemy.kernel.util.IllegalActionException: Cannot find class: ptolemy.domains.ptinyos.lib.MicaLeds. In Ptolemy, classes are typically Java .class files. Entities like actors may instead be defined within a .xml file.  In any case, the class was not found. If the class uses a third party package, then the class would be present only if the third party package was found at compile time.  It may be necessary to upgrade Java or install the third party package, reconfigure and recompile.
Because:
-- /home/travis/build/icyphy/ptII/ptolemy/actor/ptalon/demo/ptinyos/SenseToLeds/ptolemy/domains/ptinyos/lib/MicaLeds.xml (No such file or directory)
-- XML file not found relative to classpath.
-- /home/travis/build/icyphy/ptII/ptolemy/vergil/basic/export/test/ptolemy/domains/ptinyos/lib/MicaLeds.xml
/home/travis/build/icyphy/ptII/ptolemy/vergil/basic/export/test/ptolemy/domains/ptinyos/lib/MicaLeds.xml (No such file or directory)
 in file:/home/travis/build/icyphy/ptII/ptolemy/actor/ptalon/demo/ptinyos/SenseToLeds/MicaBoard.xml at line 134 and column 63
	at ptolemy.moml.MoMLParser._createEntity(MoMLParser.java:4330)
	at ptolemy.moml.MoMLParser.startElement(MoMLParser.java:2864)
	... 77 more
Caused by: com.microstar.xml.XmlException: -- /home/travis/build/icyphy/ptII/ptolemy/actor/ptalon/demo/ptinyos/SenseToLeds/ptolemy/domains/ptinyos/lib/MicaLeds.xml (No such file or directory)
-- XML file not found relative to classpath.
-- /home/travis/build/icyphy/ptII/ptolemy/vergil/basic/export/test/ptolemy/domains/ptinyos/lib/MicaLeds.xml
/home/travis/build/icyphy/ptII/ptolemy/vergil/basic/export/test/ptolemy/domains/ptinyos/lib/MicaLeds.xml (No such file or directory)
 in file:/home/travis/build/icyphy/ptII/ptolemy/actor/ptalon/demo/ptinyos/SenseToLeds/MicaBoard.xml at line 134 and column 63
	at ptolemy.moml.MoMLParser.fileNameToURL(MoMLParser.java:1414)
	at ptolemy.moml.MoMLParser._findOrParse(MoMLParser.java:5283)
	at ptolemy.moml.MoMLParser._attemptToFindMoMLClass(MoMLParser.java:4075)
	at ptolemy.moml.MoMLParser._createEntity(MoMLParser.java:4323)
	... 78 more
ptolemy.kernel.util.InternalErrorException: Failed to get the model directory? This can happen in a headless environment when the model attempts to interact with the graphical display.  It can also happen when the model fails to parse because of a missing class.
	at ptolemy.actor.gui.ConfigurationApplication.models(ConfigurationApplication.java:548)
	at ptolemy.actor.gui.ConfigurationApplication.openModelOrEntity(ConfigurationApplication.java:698)
	at ptolemy.vergil.basic.export.ExportModel$1.run(ExportModel.java:220)
	at java.awt.event.InvocationEvent.dispatch(InvocationEvent.java:301)
	at java.awt.EventQueue.dispatchEventImpl(EventQueue.java:756)
	at java.awt.EventQueue.access$500(EventQueue.java:97)
	at java.awt.EventQueue$3.run(EventQueue.java:709)
	at java.awt.EventQueue$3.run(EventQueue.java:703)
	at java.security.AccessController.doPrivileged(Native Method)
	at java.security.ProtectionDomain$JavaSecurityAccessImpl.doIntersectionPrivilege(ProtectionDomain.java:80)
	at java.awt.EventQueue.dispatchEvent(EventQueue.java:726)
	at java.awt.EventDispatchThread.pumpOneEventForFilters(EventDispatchThread.java:201)
	at java.awt.EventDispatchThread.pumpEventsForFilter(EventDispatchThread.java:116)
	at java.awt.EventDispatchThread.pumpEventsForHierarchy(EventDispatchThread.java:105)
	at java.awt.EventDispatchThread.pumpEvents(EventDispatchThread.java:101)
	at java.awt.EventDispatchThread.pumpEvents(EventDispatchThread.java:93)
	at java.awt.EventDispatchThread.run(EventDispatchThread.java:82)
ptolemy.kernel.util.InternalErrorException: Failed to get the model directory? This can happen in a headless environment when the model attempts to interact with the graphical display.  It can also happen when the model fails to parse because of a missing class.
	at ptolemy.actor.gui.ConfigurationApplication.models(ConfigurationApplication.java:548)
	at ptolemy.actor.gui.ConfigurationApplication.openModelOrEntity(ConfigurationApplication.java:698)
	at ptolemy.vergil.basic.export.ExportModel$1.run(ExportModel.java:220)
	at java.awt.event.InvocationEvent.dispatch(InvocationEvent.java:301)
	at java.awt.EventQueue.dispatchEventImpl(EventQueue.java:756)
	at java.awt.EventQueue.access$500(EventQueue.java:97)
	at java.awt.EventQueue$3.run(EventQueue.java:709)
	at java.awt.EventQueue$3.run(EventQueue.java:703)
	at java.security.AccessController.doPrivileged(Native Method)
	at java.security.ProtectionDomain$JavaSecurityAccessImpl.doIntersectionPrivilege(ProtectionDomain.java:80)
	at java.awt.EventQueue.dispatchEvent(EventQueue.java:726)
	at java.awt.EventDispatchThread.pumpOneEventForFilters(EventDispatchThread.java:201)
	at java.awt.EventDispatchThread.pumpEventsForFilter(EventDispatchThread.java:116)
	at java.awt.EventDispatchThread.pumpEventsForHierarchy(EventDispatchThread.java:105)
	at java.awt.EventDispatchThread.pumpEvents(EventDispatchThread.java:101)
	at java.awt.EventDispatchThread.pumpEvents(EventDispatchThread.java:93)
	at java.awt.EventDispatchThread.run(EventDispatchThread.java:82)
java.lang.reflect.InvocationTargetException
	at java.awt.EventQueue.invokeAndWait(EventQueue.java:1321)
	at java.awt.EventQueue.invokeAndWait(EventQueue.java:1296)
	at javax.swing.SwingUtilities.invokeAndWait(SwingUtilities.java:1348)
	at ptolemy.vergil.basic.export.ExportModel.exportModel(ExportModel.java:227)
	at ptolemy.vergil.basic.export.test.junit.ExportModelJUnitTest.RunExportModel(ExportModelJUnitTest.java:153)
	at ptolemy.vergil.basic.export.test.junit.ExportModelJUnitTestBatch.RunExportModel(ExportModelJUnitTestBatch.java:97)
	at sun.reflect.GeneratedMethodAccessor18.invoke(Unknown Source)
	at sun.reflect.DelegatingMethodAccessorImpl.invoke(DelegatingMethodAccessorImpl.java:43)
	at java.lang.reflect.Method.invoke(Method.java:498)
	at org.junit.runners.model.FrameworkMethod$1.runReflectiveCall(FrameworkMethod.java:44)
	at org.junit.internal.runners.model.ReflectiveCallable.run(ReflectiveCallable.java:15)
	at org.junit.runners.model.FrameworkMethod.invokeExplosively(FrameworkMethod.java:41)
	at junitparams.internal.InvokeParameterisedMethod.evaluate(InvokeParameterisedMethod.java:102)
	at junitparams.internal.ParameterisedTestMethodRunner.runMethodInvoker(ParameterisedTestMethodRunner.java:47)
	at junitparams.internal.ParameterisedTestMethodRunner.runTestMethod(ParameterisedTestMethodRunner.java:41)
	at junitparams.internal.ParameterisedTestClassRunner.runParameterisedTest(ParameterisedTestClassRunner.java:143)
	at junitparams.JUnitParamsRunner.runChild(JUnitParamsRunner.java:237)
	at junitparams.JUnitParamsRunner.runChild(JUnitParamsRunner.java:215)
	at org.junit.runners.ParentRunner$3.run(ParentRunner.java:193)
	at org.junit.runners.ParentRunner$1.schedule(ParentRunner.java:52)
	at org.junit.runners.ParentRunner.runChildren(ParentRunner.java:191)
	at org.junit.runners.ParentRunner.access$000(ParentRunner.java:42)
	at org.junit.runners.ParentRunner$2.evaluate(ParentRunner.java:184)
	at org.junit.runners.ParentRunner.run(ParentRunner.java:236)
	at junit.framework.JUnit4TestAdapter.run(JUnit4TestAdapter.java:39)
	at org.apache.tools.ant.taskdefs.optional.junit.JUnitTestRunner.run(JUnitTestRunner.java:535)
	at org.apache.tools.ant.taskdefs.optional.junit.JUnitTestRunner.launch(JUnitTestRunner.java:1182)
	at org.apache.tools.ant.taskdefs.optional.junit.JUnitTestRunner.main(JUnitTestRunner.java:1033)
Caused by: java.lang.RuntimeException: ptolemy.kernel.util.InternalErrorException: Failed to get the model directory? This can happen in a headless environment when the model attempts to interact with the graphical display.  It can also happen when the model fails to parse because of a missing class.
	at ptolemy.vergil.basic.export.ExportModel$1.run(ExportModel.java:223)
	at java.awt.event.InvocationEvent.dispatch(InvocationEvent.java:301)
	at java.awt.EventQueue.dispatchEventImpl(EventQueue.java:756)
	at java.awt.EventQueue.access$500(EventQueue.java:97)
	at java.awt.EventQueue$3.run(EventQueue.java:709)
	at java.awt.EventQueue$3.run(EventQueue.java:703)
	at java.security.AccessController.doPrivileged(Native Method)
	at java.security.ProtectionDomain$JavaSecurityAccessImpl.doIntersectionPrivilege(ProtectionDomain.java:80)
	at java.awt.EventQueue.dispatchEvent(EventQueue.java:726)
	at java.awt.EventDispatchThread.pumpOneEventForFilters(EventDispatchThread.java:201)
	at java.awt.EventDispatchThread.pumpEventsForFilter(EventDispatchThread.java:116)
	at java.awt.EventDispatchThread.pumpEventsForHierarchy(EventDispatchThread.java:105)
	at java.awt.EventDispatchThread.pumpEvents(EventDispatchThread.java:101)
	at java.awt.EventDispatchThread.pumpEvents(EventDispatchThread.java:93)
	at java.awt.EventDispatchThread.run(EventDispatchThread.java:82)
Caused by: ptolemy.kernel.util.InternalErrorException: Failed to get the model directory? This can happen in a headless environment when the model attempts to interact with the graphical display.  It can also happen when the model fails to parse because of a missing class.
	at ptolemy.actor.gui.ConfigurationApplication.models(ConfigurationApplication.java:548)
	at ptolemy.actor.gui.ConfigurationApplication.openModelOrEntity(ConfigurationApplication.java:698)
	at ptolemy.vergil.basic.export.ExportModel$1.run(ExportModel.java:220)
	... 14 more
]]></system-err>
</testsuite>
