<?xml version="1.0" encoding="UTF-8" ?>
<testsuite errors="0" failures="1" hostname="travis-job-bfd5f8e6-9f76-471c-95a7-9c03170405dc" name="ptolemy.actor.lib.test.junit.JUnitTclTest" skipped="0" tests="518" time="69.68" timestamp="2018-05-10T04:04:49">
  <properties>
    <property name="npm.executable" value="npm" />
    <property name="file.encoding.pkg" value="sun.io" />
    <property name="ptII.mk.exists" value="true" />
    <property name="env.rvm_bin_path" value="/home/travis/.rvm/bin" />
    <property name="java.home" value="/usr/lib/jvm/java-8-oracle/jre" />
    <property name="env.TRAVIS_JOB_NUMBER" value="415.6" />
    <property name="env.DISPLAY" value=":99.0" />
    <property name="java.net.preferIPv4Stack" value="true" />
    <property name="env.SSH_TTY" value="/dev/pts/0" />
    <property name="env.RUN_TESTS" value="true" />
    <property name="timeout.short" value="1000000" />
    <property name="env.TRAVIS_STACK_NODE_ATTRIBUTES" value="/.node-attributes.yml" />
    <property name="junit.formatter" value="xml" />
    <property name="java.endorsed.dirs" value="/usr/lib/jvm/java-8-oracle/jre/lib/endorsed" />
    <property name="env.TRAVIS_SUDO" value="true" />
    <property name="env.LOGNAME" value="travis" />
    <property name="env.PT_TRAVIS_TEST_CORE1_XML" value="true" />
    <property name="jsdoc.home" value="node_modules/@terraswarm/jsdoc" />
    <property name="debuglevel" value="source,lines,vars" />
    <property name="checkstyle.formatter" value="xml" />
    <property name="bin.vergil.makeable" value="true" />
    <property name="env._system_version" value="14.04" />
    <property name="sun.os.patch.level" value="unknown" />
    <property name="java.vendor.url" value="http://java.oracle.com/" />
    <property name="java.version" value="1.8.0_151" />
    <property name="env.TZ" value="UTC" />
    <property name="env.PT_NO_NET" value="true" />
    <property name="env.TRAVIS_PULL_REQUEST_SHA" value="" />
    <property name="env.TRAVIS_SECURE_ENV_VARS" value="true" />
    <property name="env._system_type" value="Linux" />
    <property name="java.vendor.url.bug" value="http://bugreport.sun.com/bugreport/" />
    <property name="env.SSH_CLIENT" value="10.10.4.21 49032 22" />
    <property name="env.GEM_HOME" value="/home/travis/.rvm/gems/ruby-2.4.1" />
    <property name="env.HAS_ANTARES_THREE_LITTLE_FRONZIES_BADGE" value="true" />
    <property name="env.PS4" value="+" />
    <property name="ant.project.invoked-targets" value="build,test.core1.xml" />
    <property name="env.TRAVIS_PULL_REQUEST_BRANCH" value="" />
    <property name="env.TRAVIS_REPO_SLUG" value="icyphy/ptII" />
    <property name="node.in.path" value="true" />
    <property name="java.maxmemory" value="1400m" />
    <property name="env.RUBY_VERSION" value="ruby-2.4.1" />
    <property name="user.name" value="travis" />
    <property name="env.LANG" value="en_US.UTF-8" />
    <property name="sun.io.unicode.encoding" value="UnicodeLittle" />
    <property name="sun.jnu.encoding" value="UTF-8" />
    <property name="java.runtime.name" value="Java(TM) SE Runtime Environment" />
    <property name="usefile" value="false" />
    <property name="return.code" value="0" />
    <property name="junit.single.formatter" value="plain" />
    <property name="env.DYLD_LIBRARY_PATH" value="/home/travis/pthla/certi-tools/lib:" />
    <property name="env.DEBIAN_FRONTEND" value="noninteractive" />
    <property name="env.SSH_CONNECTION" value="10.10.4.21 49032 10.20.0.11 22" />
    <property name="env.MYSQL_UNIX_PORT" value="/var/run/mysqld/mysqld.sock" />
    <property name="env.TRAVIS_ALLOW_FAILURE" value="false" />
    <property name="env.LC_ALL" value="en_US.UTF-8" />
    <property name="java.specification.name" value="Java Platform API Specification" />
    <property name="node.works" value="true" />
    <property name="user.timezone" value="" />
    <property name="path.separator" value=":" />
    <property name="env.PYTHON_CFLAGS" value="-g -fstack-protector --param=ssp-buffer-size=4 -Wformat -Werror=format-security" />
    <property name="timeout.long" value="4000000" />
    <property name="env.CERTI_HOME" value="/home/travis/pthla/certi-tools" />
    <property name="file.encoding" value="UTF-8" />
    <property name="ant.file.ptII" value="/home/travis/build/icyphy/ptII/build.xml" />
    <property name="javadoc.packagenames" value="com.*,diva.*,lbnl.*,org.hlacerti.*,org.json.*,org.ptolemy.*,org.terraswarm.*,ptolemy.*,ptserver.*" />
    <property name="env.TRAVIS_PULL_REQUEST_SLUG" value="" />
    <property name="ant.project.default-target" value="build" />
    <property name="env.GIT_ASKPASS" value="echo" />
    <property name="env.HOME" value="/home/travis" />
    <property name="sun.java.command" value="org.apache.tools.ant.taskdefs.optional.junit.JUnitTestRunner ptolemy.actor.lib.test.junit.JUnitTclTest skipNonTests=false filtertrace=true haltOnError=false haltOnFailure=false formatter=org.apache.tools.ant.taskdefs.optional.junit.OutErrSummaryJUnitResultFormatter showoutput=true outputtoformatters=true logfailedtests=true threadid=0 logtestlistenerevents=false formatter=org.apache.tools.ant.taskdefs.optional.junit.XMLJUnitResultFormatter,/home/travis/build/icyphy/ptII/reports/junit/TEST-ptolemy.actor.lib.test.junit.JUnitTclTest.xml crashfile=/home/travis/build/icyphy/ptII/junitvmwatcher4226314047972535081.properties propsfile=/home/travis/build/icyphy/ptII/junit475086125572008362.properties" />
    <property name="env.MANPATH" value="/home/travis/.nvm/versions/node/v7.10.1/share/man:/home/travis/.kiex/elixirs/elixir-1.4.5/man:/home/travis/.rvm/rubies/ruby-2.4.1/share/man:/usr/local/man:/usr/local/cmake-3.9.2/man:/usr/local/clang-5.0.0/share/man:/usr/local/share/man:/usr/share/man:/home/travis/.rvm/man" />
    <property name="env.COMPOSER_NO_INTERACTION" value="1" />
    <property name="env.JDK_SWITCHER_DEFAULT" value="oraclejdk8" />
    <property name="ant.file" value="/home/travis/build/icyphy/ptII/build.xml" />
    <property name="env.TRAVIS_COMMIT_RANGE" value="a124a91631ee...6115f0ac09d4" />
    <property name="env._system_name" value="Ubuntu" />
    <property name="timeout" value="2400000" />
    <property name="ptII.classpath.optional.property" value="/home/travis/build/icyphy/ptII/lib/bsh-2.0b4.jar:/home/travis/build/icyphy/ptII/lib/ptCal.jar:/home/travis/build/icyphy/ptII/lib/java_cup.jar:/home/travis/build/icyphy/ptII/lib/saxon8.jar:/home/travis/build/icyphy/ptII/lib/saxon8-dom.jar:/home/travis/build/icyphy/ptII/lib/chic.jar:/home/travis/build/icyphy/ptII/lib/ptcolt.jar:/usr/lib/jvm/java-8-oracle/lib/tools.jar:/usr/lib/eclipse/plugins/org.eclipse.jdt.core_3.8.2.dist.jar:/usr/lib/eclipse/plugins/org.eclipse.core.runtime_3.8.0.dist.jar:/usr/lib/eclipse/plugins/org.eclipse.osgi_3.8.1.dist.jar:/usr/lib/eclipse/plugins/org.eclipse.core.resources_3.8.1.dist.jar:/usr/lib/eclipse/plugins/org.eclipse.equinox.common_3.6.100.dist.jar:/usr/lib/eclipse/plugins/org.eclipse.core.jobs_3.5.200.dist.jar:/usr/lib/eclipse/plugins/org.eclipse.core.contenttype_3.4.200.dist.jar:/usr/lib/eclipse/plugins/org.eclipse.equinox.preferences_3.5.0.dist.jar:/usr/lib/eclipse/plugins/org.eclipse.text_3.5.200.dist.jar:/usr/lib/eclipse/plugins/org.eclipse.ui.workbench_3.8.1.dist.jar:/usr/lib/eclipse/plugins/org.eclipse.jface_3.8.0.dist.jar:/usr/lib/eclipse/plugins/org.eclipse.swt_3.8.2.jar:/usr/lib/eclipse/plugins/org.eclipse.jface.text_3.8.1.dist.jar:/usr/lib/eclipse/plugins/org.eclipse.ui.workbench.texteditor_3.8.0.dist.jar:/usr/lib/eclipse/plugins/org.eclipse.ui.editors_3.8.0.dist.jar:/usr/lib/eclipse/plugins/org.eclipse.core.commands_3.6.1.dist.jar:/usr/lib/eclipse/plugins/org.eclipse.equinox.registry_3.5.200.dist.jar:/usr/lib/eclipse/plugins/org.eclipse.ui.console_3.5.100.dist.jar:/usr/lib/eclipse/plugins/org.eclipse.ui.forms_3.5.200.dist.jar:/usr/lib/eclipse/plugins/org.eclipse.ui.ide_3.8.1.dist.jar:/home/travis/build/icyphy/ptII/vendors/oracle/dbxml.jar:/home/travis/build/icyphy/ptII/vendors/oracle/db.jar:/home/travis/build/icyphy/ptII/vendors/misc/itext/iText.jar:/home/travis/build/icyphy/ptII/lib/g4ltl.jar:/home/travis/build/icyphy/ptII/lib/StructuralCoder.jar:/home/travis/build/icyphy/ptII/lib/org-openide-util.jar:/home/travis/build/icyphy/ptII/lib/org-openide-util-lookup.jar:/home/travis/build/icyphy/ptII/lib/org-netbeans-api-visual.jar:/home/travis/build/icyphy/ptII/vendors/jai-1_1_2_01/lib/jai_core.jar:/home/travis/build/icyphy/ptII/vendors/jai-1_1_2_01/lib/jai_codec.jar:/home/travis/build/icyphy/ptII/lib/jcerti.jar:/home/travis/build/icyphy/ptII/lib/smack.jar:/home/travis/build/icyphy/ptII/lib/smackx.jar:/home/travis/build/icyphy/ptII/lib/jetty-all-8.1.5-v20120716.jar:/home/travis/build/icyphy/ptII/lib/javax.servlet-api-3.0.1.jar:/home/travis/build/icyphy/ptII/lib/javax.mail.jar:/home/travis/build/icyphy/ptII/vendors/JMF-2.1.1e/lib/jmf.jar:/home/travis/build/icyphy/ptII/lib/jna-4.0.0-variadic.jar:/home/travis/build/icyphy/ptII/vendors/misc/joystick/Joystick.jar:/home/travis/build/icyphy/ptII/lib/ptjacl.jar:/home/travis/build/icyphy/ptII/lib/jsoup-1.8.2.jar:/home/travis/build/icyphy/ptII/lib/junit-4.8.2.jar:/home/travis/build/icyphy/ptII/lib/JUnitParams-0.4.0.jar:/home/travis/build/icyphy/ptII/ptolemy/actor/lib/excel/jxl.jar:/home/travis/build/icyphy/ptII/lib/jython.jar:/home/travis/build/icyphy/ptII/lib/kieler.jar:/home/travis/build/icyphy/ptII/vendors/opencv/share/OpenCV/java/opencv-341.jar:/home/travis/build/icyphy/ptII/lib/oscP5.jar:/home/travis/build/icyphy/ptII/lib/nrjavaserial-3.11.0.devel.jar:/usr/share/java/j3dcore.jar:/usr/share/java/j3dutils.jar:/usr/share/java/vecmath.jar:/home/travis/build/icyphy/ptII/ptolemy/distributed/jini/jar/jini-core.jar:/home/travis/build/icyphy/ptII/ptolemy/distributed/jini/jar/jini-ext.jar:/home/travis/build/icyphy/ptII/ptolemy/distributed/jini/jar/sun-util.jar:/home/travis/build/icyphy/ptII/lib/protobuf-java-2.4.1.jar:/home/travis/build/icyphy/ptII/lib/org.eclipse.paho.client.mqttv3.jar:/home/travis/build/icyphy/ptII/ptserver/lib/hessian-4.0.7.jar:/home/travis/build/icyphy/ptII/ptserver/lib/wmqtt.jar:/home/travis/build/icyphy/ptII/lib/mapss.jar:/home/travis/build/icyphy/ptII/ptolemy/actor/ptalon/antlr/antlr.jar:/home/travis/build/icyphy/ptII/lib/JRI.jar:/home/travis/build/icyphy/ptII/lib/commons-lang-2.6.jar:/home/travis/build/icyphy/ptII/lib/commons-logging-1.1.1.jar:/home/travis/build/icyphy/ptII/lib/sootclasses.jar:/home/travis/build/icyphy/ptII/ptolemy/actor/lib/database/mysql-connector-java-5.1.6-bin.jar:/home/travis/build/icyphy/ptII/vendors/misc/sphinx4/sphinx4-data-5prealpha.jar:/home/travis/build/icyphy/ptII/vendors/misc/sphinx4/sphinx4-core-5prealpha.jar:/home/travis/build/icyphy/ptII/lib/PDFRenderer.jar:/home/travis/build/icyphy/ptII/lib/svgSalamander.jar:/home/travis/build/icyphy/ptII/lib/rsyntaxtextarea-2.6.0-SNAPSHOT.jar:/home/travis/build/icyphy/ptII/lib/hazelcast-3.8.2.jar:/home/travis/build/icyphy/ptII/lib/jackson-annotations-2.9.0.jar:/home/travis/build/icyphy/ptII/lib/jackson-core-2.9.3.jar:/home/travis/build/icyphy/ptII/lib/jackson-databind-2.9.3.jar:/home/travis/build/icyphy/ptII/lib/netty-buffer-4.1.19.Final.jar:/home/travis/build/icyphy/ptII/lib/netty-codec-4.1.19.Final.jar:/home/travis/build/icyphy/ptII/lib/netty-codec-dns-4.1.19.Final.jar:/home/travis/build/icyphy/ptII/lib/netty-codec-http-4.1.19.Final.jar:/home/travis/build/icyphy/ptII/lib/netty-codec-http2-4.1.19.Final.jar:/home/travis/build/icyphy/ptII/lib/netty-common-4.1.19.Final.jar:/home/travis/build/icyphy/ptII/lib/netty-handler-4.1.19.Final.jar:/home/travis/build/icyphy/ptII/lib/netty-resolver-4.1.19.Final.jar:/home/travis/build/icyphy/ptII/lib/netty-resolver-dns-4.1.19.Final.jar:/home/travis/build/icyphy/ptII/lib/netty-transport-4.1.19.Final.jar:/home/travis/build/icyphy/ptII/lib/vertx-codegen-3.5.1.jar:/home/travis/build/icyphy/ptII/lib/vertx-core-3.5.2-SNAPSHOT.jar:/home/travis/build/icyphy/ptII/lib/vertx-hazelcast-3.5.1.jar:/home/travis/build/icyphy/ptII/lib/vertx-lang-js-3.5.1.jar:/home/travis/build/icyphy/ptII/lib/vertx-service-proxy-3.5.1.jar:/home/travis/build/icyphy/ptII/lib/vertx-web-3.5.1.jar:/home/travis/build/icyphy/ptII/lib/slf4j-api-1.7.13.jar:/home/travis/build/icyphy/ptII/lib/slf4j-simple-1.7.13.jar:/home/travis/build/icyphy/ptII/lib/webcam-capture-0.3.12.jar:/home/travis/build/icyphy/ptII/lib/bridj-0.7.0.jar:/home/travis/build/icyphy/ptII/lib/xbjlib-1.1.0.nrjavaserial.jar" />
    <property name="test.batch" value="**/junit/*.java" />
    <property name="env._" value="/usr/bin/timeout" />
    <property name="java.io.tmpdir" value="/tmp" />
    <property name="user.language" value="en" />
    <property name="env.HISTCONTROL" value="ignoredups:ignorespace" />
    <property name="env.GOROOT" value="/home/travis/.gimme/versions/go1.7.4.linux.amd64" />
    <property name="line.separator" value="&#xa;" />
    <property name="target" value="1.8" />
    <property name="env.TRAVIS_BUILD_DIR" value="/home/travis/build/icyphy/ptII" />
    <property name="env.ANT_OPTS" value="-Xmx2048m" />
    <property name="ant.file.type" value="file" />
    <property name="ptolemy.ptII.batchMode" value="true" />
    <property name="env.HISTSIZE" value="1000" />
    <property name="env.MERB_ENV" value="test" />
    <property name="java.vm.info" value="mixed mode" />
    <property name="source" value="1.8" />
    <property name="java.vm.specification.name" value="Java Virtual Machine Specification" />
    <property name="env.TRAVIS_TEST_RESULT" value="0" />
    <property name="jsdoc.command" value="node_modules/@terraswarm/jsdoc/jsdoc.js" />
    <property name="npm.works" value="true" />
    <property name="cobertura.dir" value="/home/travis/build/icyphy/ptII/vendors/cobertura-2.0.3" />
    <property name="env.rvm_path" value="/home/travis/.rvm" />
    <property name="env.GEM_PATH" value="/home/travis/.rvm/gems/ruby-2.4.1:/home/travis/.rvm/gems/ruby-2.4.1@global" />
    <property name="env.LC_CTYPE" value="en_US.UTF-8" />
    <property name="java.awt.printerjob" value="sun.print.PSPrinterJob" />
    <property name="env.TRAVIS_STACK_NAME" value="garnet" />
    <property name="ant.version" value="Apache Ant(TM) version 1.10.1 compiled on February 2 2017" />
    <property name="ptII.reports" value="/home/travis/build/icyphy/ptII/reports" />
    <property name="env.TRAVIS_STACK_TIMESTAMP" value="2017-12-05 19:33:09 UTC" />
    <property name="ant.file.type.ptII" value="file" />
    <property name="env.RBENV_SHELL" value="bash" />
    <property name="os.name" value="Linux" />
    <property name="java.specification.vendor" value="Oracle Corporation" />
    <property name="env.rvm_version" value="1.29.3 (latest)" />
    <property name="env.TERM" value="xterm" />
    <property name="java.vm.name" value="Java HotSpot(TM) 64-Bit Server VM" />
    <property name="env.TRAVIS_BUILD_NUMBER" value="415" />
    <property name="env.CI" value="true" />
    <property name="java.library.path" value="/home/travis/pthla/certi-tools/lib:/usr/lib/jni:/usr/local/share/OpenCV/java/:/usr/share/OpenCV/java::/usr/java/packages/lib/amd64:/usr/lib64:/lib64:/lib:/usr/lib" />
    <property name="env.rvm_prefix" value="/home/travis" />
    <property name="env.PATH" value="/home/travis/pthla/certi-tools/share/scripts:/home/travis/.rvm/gems/ruby-2.4.1/bin:/home/travis/.rvm/gems/ruby-2.4.1@global/bin:/home/travis/.rvm/rubies/ruby-2.4.1/bin:/home/travis/.rvm/bin:/home/travis/.nvm/versions/node/v7.10.1/bin:./node_modules/.bin:/home/travis/build/icyphy/ptII/bin:/home/travis/pthla/certi-tools/bin:/home/travis/bin:/home/travis/.local/bin:/opt/pyenv/shims:/home/travis/.phpenv/shims:/home/travis/perl5/perlbrew/bin:/home/travis/.kiex/elixirs/elixir-1.4.5/bin:/home/travis/.kiex/bin:/home/travis/gopath/bin:/home/travis/.gimme/versions/go1.7.4.linux.amd64/bin:/usr/local/phantomjs/bin:/usr/local/phantomjs:/usr/local/neo4j-3.2.7/bin:/usr/local/maven-3.5.2/bin:/usr/local/cmake-3.9.2/bin:/usr/local/clang-5.0.0/bin:/usr/local/sbin:/usr/local/bin:/usr/sbin:/usr/bin:/sbin:/bin:/home/travis/.phpenv/bin:/opt/pyenv/bin:/home/travis/.yarn/bin" />
    <property name="env.TRAVIS_OS_NAME" value="linux" />
    <property name="ant.java.version" value="1.8" />
    <property name="basedir" value="/home/travis/build/icyphy/ptII" />
    <property name="java.class.version" value="52.0" />
    <property name="env.SHLVL" value="3" />
    <property name="env.LD_LIBRARY_PATH" value="/home/travis/pthla/certi-tools/lib:/usr/lib/jni:/usr/local/share/OpenCV/java/:/usr/share/OpenCV/java:" />
    <property name="env.RACK_ENV" value="test" />
    <property name="ant.home" value="/home/travis/build/icyphy/ptII/ant" />
    <property name="env.NVM_DIR" value="/home/travis/.nvm" />
    <property name="env.PERLBREW_BASHRC_VERSION" value="0.80" />
    <property name="env.CERTI_FOM_PATH" value="/home/travis/pthla/certi-tools/share/federations" />
    <property name="env.TRAVIS_BUILD_ID" value="377126828" />
    <property name="env.PYENV_ROOT" value="/opt/pyenv" />
    <property name="env.TRAVIS_UID" value="2000" />
    <property name="env.rvm_pretty_print_flag" value="auto" />
    <property name="env.NVM_BIN" value="/home/travis/.nvm/versions/node/v7.10.1/bin" />
    <property name="env.TRAVIS_COMMIT" value="6115f0ac09d4288909b4f928af92f81821b8c4c9" />
    <property name="env._system_arch" value="x86_64" />
    <property name="node.executable" value="node" />
    <property name="sun.boot.library.path" value="/usr/lib/jvm/java-8-oracle/jre/lib/amd64" />
    <property name="sun.management.compiler" value="HotSpot 64-Bit Tiered Compilers" />
    <property name="env.GOPATH" value="/home/travis/gopath" />
    <property name="java.awt.graphicsenv" value="sun.awt.X11GraphicsEnvironment" />
    <property name="ptolemy.ptII.dir" value="/home/travis/build/icyphy/ptII" />
    <property name="env.USER" value="travis" />
    <property name="env.HISTFILESIZE" value="2000" />
    <property name="timeout.longest" value="19000000" />
    <property name="env.TRAVIS_STACK_FEATURES" value="basic cassandra chromium couchdb disabled-ipv6 docker docker-compose elasticsearch firefox go-toolchain google-chrome jdk memcached mongodb mysql neo4j nodejs_interpreter perl_interpreter perlbrew phantomjs postgresql python_interpreter rabbitmq redis riak ruby_interpreter sqlite xserver" />
    <property name="env.TRAVIS_PULL_REQUEST" value="false" />
    <property name="env.PYENV_SHELL" value="bash" />
    <property name="ant.project.name" value="ptII" />
    <property name="java.vm.specification.version" value="1.8" />
    <property name="env.CERTI_VERSION" value="4.0.0" />
    <property name="env.NLSPATH" value="/usr/dt/lib/nls/msg/%L/%N.cat" />
    <property name="awt.toolkit" value="sun.awt.X11.XToolkit" />
    <property name="env.CERTI_HOST" value="localhost" />
    <property name="env.MY_RUBY_HOME" value="/home/travis/.rvm/rubies/ruby-2.4.1" />
    <property name="sun.cpu.isalist" value="" />
    <property name="java.ext.dirs" value="/usr/lib/jvm/java-8-oracle/jre/lib/ext:/usr/java/packages/lib/ext" />
    <property name="os.version" value="4.4.0-101-generic" />
    <property name="user.home" value="/home/travis" />
    <property name="env.MIX_ARCHIVES" value="/home/travis/.kiex/mix/elixir-1.4.5" />
    <property name="java.vm.vendor" value="Oracle Corporation" />
    <property name="env.TRAVIS_TAG" value="nightly" />
    <property name="env.TRAVIS_FILTERED" value="pty" />
    <property name="env.PTII" value="/home/travis/build/icyphy/ptII" />
    <property name="env.JAVA_HOME" value="/usr/lib/jvm/java-8-oracle" />
    <property name="javadoc.excludepackagenames" value="adm.cvs2svn.*,build.*,config.*,doc.coding.templates.*,jni.test.jni.meaningOfLife.*,jni.test.jni.testDeux.*,jni.test.jni.testTrois.*,org.terraswarm.accessor.accessors.web.node_modules.*,org.terraswarm.accessor.accessors.web.hosts.cordova.demo.*,org.terraswarm.accessor.accessors.web.hosts.cordova.plugins.*,org.terraswarm.accessor.accessors-svn.*,pt-modules.*,ptolemy.apps.agilent.*,ptolemy.apps.anytimecontrol.*,ptolemy.apps.apes.*,ptolemy.apps.charon.*,ptolemy.apps.crazyboard.*,ptolemy.apps.eclipse.*,ptolemy.apps.etherealSting.*,ptolemy.apps.fullscreen.*,ptolemy.apps.giotto.*,ptolemy.apps.ia.*,ptolemy.apps.interfaces.*,ptolemy.apps.jmf.*,ptolemy.apps.kurt.*,ptolemy.apps.kvm.*,ptolemy.apps.lego.*,ptolemy.apps.lejos.*,ptolemy.apps.midp.*,ptolemy.apps.mobileCoding.*,ptolemy.apps.pendulum.*,ptolemy.apps.rijndael.*,ptolemy.apps.robot.*,ptolemy.apps.security.*,ptolemy.apps.sobel.*,ptolemy.apps.soot.*,ptolemy.apps.throttle.*,ptolemy.apps.tini.*,ptolemy.apps.transmission.*,ptolemy.apps.vergil.*,ptolemy.apps.waba.*,ptolemy.apps.websensor.*,ptolemy.apps.webstart.*,ptolemy.apps.xsl.*,ptolemy.apps.zaurus.*,ptolemy.backtrack.eclipse.plugin.*,ptolemy.backtrack.test.*,ptolemy.codegen.c.actor.lib.oldJavaFiles.*,ptolemy.codegen.dsp.lib.*,ptolemy.codegen.kernel.newInterfaces.*,ptolemy.codegen.lib.*,ptolemy.copernicus.kernel.fragment.*,ptolemy.copernicus.shallow.cg.*,ptolemy.domains.giotto.demo.Hierarchy.Hierarchy.*,ptolemy.domains.giotto.demo.Multimode.Multimode.*,ptolemy.domains.giotto.demo.Simple.Simple.*,ptolemy.domains.gr.lib.experimental.*,ptolemy.domains.gro.*,ptolemy.domains.pdf.*,ptolemy.domains.ptinyos.demo.Surge.output.*,ptolemy.moml.test.NoPackageActor.java*,ptolemy.plot.adm.*,ptolemy.plot.servlet.*,reports.*,signed.*,src.*,target.*,vendors.*,ptolemy.copernicus.applet.*,ptolemy.media.viewer.*,ptolemy.cg.adapter.generic.program.procedural.c.mbed*,ptolemy.actor.lib.fmi.fmus.omc*,ptolemy.domains.openmodelica*,ptdb.kernel.bl.save.test.*,ptdb.kernel.bl.load.test.*,ptdb.kernel.bl.search.test.*,ptdb.kernel.bl.migration.test.*,ptdb.kernel.database.test.*,ptdb.test.*,ptdb.gui.test.*,org.ptolemy.scala.*,diva.util.java2d.svg.*,ptolemy.domains.ptinyos.*,ptolemy.actor.lib.fmi.fmipp.*,,org.terraswarm.accessor.accessors.web.node_modules.*,org.terraswarm.accessor.accessors-svn,ptolemy.actor.ptalon.demo.ptinyos.SendAndReceiveCnt.output,ptolemy.actor.ptalon.demo.ptinyos.SenseToLeds.output,ptolemy.domains.ptinyos.demo.CntToLedsAndRfm.output,ptolemy.domains.ptinyos.demo.RfmToLeds.output,ptolemy.domains.ptinyos.demo.SendAndReceiveCnt.output,ptolemy.domains.ptinyos.demo.SenseToLeds.output" />
    <property name="env.TRAVIS_COMMIT_MESSAGE" value="Demos in org/hlacerti are hanging, so we skip them for exporting html." />
    <property name="keystore" value="ptKeystore" />
    <property name="env.XDG_SESSION_ID" value="2" />
    <property name="junit.output.dir" value="/home/travis/build/icyphy/ptII/reports/junit" />
    <property name="npm.return.code" value="0" />
    <property name="user.dir" value="/home/travis/build/icyphy/ptII/ptolemy/actor/lib/test" />
    <property name="env.XFILESEARCHPATH" value="/usr/dt/app-defaults/%L/Dt" />
    <property name="env.TRAVIS_NODE_VERSION" value="7" />
    <property name="env.TRAVIS_EVENT_TYPE" value="push" />
    <property name="env.MAIL" value="/var/mail/travis" />
    <property name="env.PWD" value="/home/travis/build/icyphy/ptII" />
    <property name="env.PERLBREW_ROOT" value="/home/travis/perl5/perlbrew" />
    <property name="timeout.npm" value="45000" />
    <property name="env.PAGER" value="cat" />
    <property name="sun.cpu.endian" value="little" />
    <property name="env.TRAVIS_BUILD_STAGE_NAME" value="Test" />
    <property name="env.PERLBREW_HOME" value="/home/travis/.perlbrew" />
    <property name="java.vm.version" value="25.151-b12" />
    <property name="env.RAILS_ENV" value="test" />
    <property name="java.class.path" value="/home/travis/.ptolemyII:/home/travis/.ptolemyII/*:/home/travis/build/icyphy/ptII:/home/travis/build/icyphy/ptII/lib/bsh-2.0b4.jar:/home/travis/build/icyphy/ptII/lib/ptCal.jar:/home/travis/build/icyphy/ptII/lib/java_cup.jar:/home/travis/build/icyphy/ptII/lib/saxon8.jar:/home/travis/build/icyphy/ptII/lib/saxon8-dom.jar:/home/travis/build/icyphy/ptII/lib/chic.jar:/home/travis/build/icyphy/ptII/lib/ptcolt.jar:/usr/lib/jvm/java-8-oracle/lib/tools.jar:/usr/lib/eclipse/plugins/org.eclipse.jdt.core_3.8.2.dist.jar:/usr/lib/eclipse/plugins/org.eclipse.core.runtime_3.8.0.dist.jar:/usr/lib/eclipse/plugins/org.eclipse.osgi_3.8.1.dist.jar:/usr/lib/eclipse/plugins/org.eclipse.core.resources_3.8.1.dist.jar:/usr/lib/eclipse/plugins/org.eclipse.equinox.common_3.6.100.dist.jar:/usr/lib/eclipse/plugins/org.eclipse.core.jobs_3.5.200.dist.jar:/usr/lib/eclipse/plugins/org.eclipse.core.contenttype_3.4.200.dist.jar:/usr/lib/eclipse/plugins/org.eclipse.equinox.preferences_3.5.0.dist.jar:/usr/lib/eclipse/plugins/org.eclipse.text_3.5.200.dist.jar:/usr/lib/eclipse/plugins/org.eclipse.ui.workbench_3.8.1.dist.jar:/usr/lib/eclipse/plugins/org.eclipse.jface_3.8.0.dist.jar:/usr/lib/eclipse/plugins/org.eclipse.swt_3.8.2.jar:/usr/lib/eclipse/plugins/org.eclipse.jface.text_3.8.1.dist.jar:/usr/lib/eclipse/plugins/org.eclipse.ui.workbench.texteditor_3.8.0.dist.jar:/usr/lib/eclipse/plugins/org.eclipse.ui.editors_3.8.0.dist.jar:/usr/lib/eclipse/plugins/org.eclipse.core.commands_3.6.1.dist.jar:/usr/lib/eclipse/plugins/org.eclipse.equinox.registry_3.5.200.dist.jar:/usr/lib/eclipse/plugins/org.eclipse.ui.console_3.5.100.dist.jar:/usr/lib/eclipse/plugins/org.eclipse.ui.forms_3.5.200.dist.jar:/usr/lib/eclipse/plugins/org.eclipse.ui.ide_3.8.1.dist.jar:/home/travis/build/icyphy/ptII/vendors/oracle/dbxml.jar:/home/travis/build/icyphy/ptII/vendors/oracle/db.jar:/home/travis/build/icyphy/ptII/vendors/misc/itext/iText.jar:/home/travis/build/icyphy/ptII/lib/g4ltl.jar:/home/travis/build/icyphy/ptII/lib/StructuralCoder.jar:/home/travis/build/icyphy/ptII/lib/org-openide-util.jar:/home/travis/build/icyphy/ptII/lib/org-openide-util-lookup.jar:/home/travis/build/icyphy/ptII/lib/org-netbeans-api-visual.jar:/home/travis/build/icyphy/ptII/vendors/jai-1_1_2_01/lib/jai_core.jar:/home/travis/build/icyphy/ptII/vendors/jai-1_1_2_01/lib/jai_codec.jar:/home/travis/build/icyphy/ptII/lib/jcerti.jar:/home/travis/build/icyphy/ptII/lib/smack.jar:/home/travis/build/icyphy/ptII/lib/smackx.jar:/home/travis/build/icyphy/ptII/lib/jetty-all-8.1.5-v20120716.jar:/home/travis/build/icyphy/ptII/lib/javax.servlet-api-3.0.1.jar:/home/travis/build/icyphy/ptII/lib/javax.mail.jar:/home/travis/build/icyphy/ptII/vendors/JMF-2.1.1e/lib/jmf.jar:/home/travis/build/icyphy/ptII/lib/jna-4.0.0-variadic.jar:/home/travis/build/icyphy/ptII/vendors/misc/joystick/Joystick.jar:/home/travis/build/icyphy/ptII/lib/ptjacl.jar:/home/travis/build/icyphy/ptII/lib/jsoup-1.8.2.jar:/home/travis/build/icyphy/ptII/lib/junit-4.8.2.jar:/home/travis/build/icyphy/ptII/lib/JUnitParams-0.4.0.jar:/home/travis/build/icyphy/ptII/ptolemy/actor/lib/excel/jxl.jar:/home/travis/build/icyphy/ptII/lib/jython.jar:/home/travis/build/icyphy/ptII/lib/kieler.jar:/home/travis/build/icyphy/ptII/vendors/opencv/share/OpenCV/java/opencv-341.jar:/home/travis/build/icyphy/ptII/lib/oscP5.jar:/home/travis/build/icyphy/ptII/lib/nrjavaserial-3.11.0.devel.jar:/usr/share/java/j3dcore.jar:/usr/share/java/j3dutils.jar:/usr/share/java/vecmath.jar:/home/travis/build/icyphy/ptII/ptolemy/distributed/jini/jar/jini-core.jar:/home/travis/build/icyphy/ptII/ptolemy/distributed/jini/jar/jini-ext.jar:/home/travis/build/icyphy/ptII/ptolemy/distributed/jini/jar/sun-util.jar:/home/travis/build/icyphy/ptII/lib/protobuf-java-2.4.1.jar:/home/travis/build/icyphy/ptII/lib/org.eclipse.paho.client.mqttv3.jar:/home/travis/build/icyphy/ptII/ptserver/lib/hessian-4.0.7.jar:/home/travis/build/icyphy/ptII/ptserver/lib/wmqtt.jar:/home/travis/build/icyphy/ptII/lib/mapss.jar:/home/travis/build/icyphy/ptII/ptolemy/actor/ptalon/antlr/antlr.jar:/home/travis/build/icyphy/ptII/lib/JRI.jar:/home/travis/build/icyphy/ptII/lib/commons-lang-2.6.jar:/home/travis/build/icyphy/ptII/lib/commons-logging-1.1.1.jar:/home/travis/build/icyphy/ptII/lib/sootclasses.jar:/home/travis/build/icyphy/ptII/ptolemy/actor/lib/database/mysql-connector-java-5.1.6-bin.jar:/home/travis/build/icyphy/ptII/vendors/misc/sphinx4/sphinx4-data-5prealpha.jar:/home/travis/build/icyphy/ptII/vendors/misc/sphinx4/sphinx4-core-5prealpha.jar:/home/travis/build/icyphy/ptII/lib/PDFRenderer.jar:/home/travis/build/icyphy/ptII/lib/svgSalamander.jar:/home/travis/build/icyphy/ptII/lib/rsyntaxtextarea-2.6.0-SNAPSHOT.jar:/home/travis/build/icyphy/ptII/lib/hazelcast-3.8.2.jar:/home/travis/build/icyphy/ptII/lib/jackson-annotations-2.9.0.jar:/home/travis/build/icyphy/ptII/lib/jackson-core-2.9.3.jar:/home/travis/build/icyphy/ptII/lib/jackson-databind-2.9.3.jar:/home/travis/build/icyphy/ptII/lib/netty-buffer-4.1.19.Final.jar:/home/travis/build/icyphy/ptII/lib/netty-codec-4.1.19.Final.jar:/home/travis/build/icyphy/ptII/lib/netty-codec-dns-4.1.19.Final.jar:/home/travis/build/icyphy/ptII/lib/netty-codec-http-4.1.19.Final.jar:/home/travis/build/icyphy/ptII/lib/netty-codec-http2-4.1.19.Final.jar:/home/travis/build/icyphy/ptII/lib/netty-common-4.1.19.Final.jar:/home/travis/build/icyphy/ptII/lib/netty-handler-4.1.19.Final.jar:/home/travis/build/icyphy/ptII/lib/netty-resolver-4.1.19.Final.jar:/home/travis/build/icyphy/ptII/lib/netty-resolver-dns-4.1.19.Final.jar:/home/travis/build/icyphy/ptII/lib/netty-transport-4.1.19.Final.jar:/home/travis/build/icyphy/ptII/lib/vertx-codegen-3.5.1.jar:/home/travis/build/icyphy/ptII/lib/vertx-core-3.5.2-SNAPSHOT.jar:/home/travis/build/icyphy/ptII/lib/vertx-hazelcast-3.5.1.jar:/home/travis/build/icyphy/ptII/lib/vertx-lang-js-3.5.1.jar:/home/travis/build/icyphy/ptII/lib/vertx-service-proxy-3.5.1.jar:/home/travis/build/icyphy/ptII/lib/vertx-web-3.5.1.jar:/home/travis/build/icyphy/ptII/lib/slf4j-api-1.7.13.jar:/home/travis/build/icyphy/ptII/lib/slf4j-simple-1.7.13.jar:/home/travis/build/icyphy/ptII/lib/webcam-capture-0.3.12.jar:/home/travis/build/icyphy/ptII/lib/bridj-0.7.0.jar:/home/travis/build/icyphy/ptII/lib/xbjlib-1.1.0.nrjavaserial.jar:/home/travis/build/icyphy/ptII/ptolemy/moml/test:/home/travis/build/icyphy/ptII/ant/lib/ant-launcher.jar:/home/travis/build/icyphy/ptII/ant/lib/ant.jar:/home/travis/build/icyphy/ptII/ant/lib/ant-junit.jar:/home/travis/build/icyphy/ptII/ant/lib/ant-junit4.jar" />
    <property name="ant.library.dir" value="/home/travis/build/icyphy/ptII/ant/lib" />
    <property name="os.arch" value="amd64" />
    <property name="env.TRAVIS_LANGUAGE" value="node_js" />
    <property name="env.CONTINUOUS_INTEGRATION" value="true" />
    <property name="env.TRAVIS_STACK_LANGUAGES" value="__garnet__ c c++ clojure cplusplus cpp default go groovy java node_js php pure_java python ruby scala" />
    <property name="test.name" value="ptolemy.actor.lib.test.junit.JUnitTclTest" />
    <property name="sun.java.launcher" value="SUN_STANDARD" />
    <property name="env.PYTHON_CONFIGURE_OPTS" value="--enable-unicode=ucs4 --with-wide-unicode --enable-shared --enable-ipv6 --enable-loadable-sqlite-extensions --with-computed-gotos" />
    <property name="ant.core.lib" value="/home/travis/build/icyphy/ptII/ant/lib/ant.jar" />
    <property name="java.vm.specification.vendor" value="Oracle Corporation" />
    <property name="env.BCVTB_HOME" value="/home/travis/build/icyphy/ptII/lbnl" />
    <property name="file.separator" value="/" />
    <property name="spotbugs.home" value="/home/travis/build/icyphy/ptII/vendors/spotbugs-3.1.1" />
    <property name="java.runtime.version" value="1.8.0_151-b12" />
    <property name="sun.boot.class.path" value="/usr/lib/jvm/java-8-oracle/jre/lib/resources.jar:/usr/lib/jvm/java-8-oracle/jre/lib/rt.jar:/usr/lib/jvm/java-8-oracle/jre/lib/sunrsasign.jar:/usr/lib/jvm/java-8-oracle/jre/lib/jsse.jar:/usr/lib/jvm/java-8-oracle/jre/lib/jce.jar:/usr/lib/jvm/java-8-oracle/jre/lib/charsets.jar:/usr/lib/jvm/java-8-oracle/jre/lib/jfr.jar:/usr/lib/jvm/java-8-oracle/jre/classes" />
    <property name="env.HAS_JOSH_K_SEAL_OF_APPROVAL" value="true" />
    <property name="env.TRAVIS_OSX_IMAGE" value="" />
    <property name="env.XDG_RUNTIME_DIR" value="/run/user/2000" />
    <property name="env.TRAVIS_BRANCH" value="master" />
    <property name="env.TRAVIS_JOB_ID" value="377126834" />
    <property name="user.country" value="US" />
    <property name="env.CERTI_HOME_TRAVIS" value="/home/travis/pthla/certi-tools" />
    <property name="env.SHELL" value="/bin/bash" />
    <property name="java.maxmemory.large" value="5000m" />
    <property name="model" value="" />
    <property name="env.CASHER_DIR" value="/home/travis/.casher" />
    <property name="env.NVM_CD_FLAGS" value="" />
    <property name="jshint.executable" value="/home/travis/node_modules/jshint/bin/jshint" />
    <property name="java.vendor" value="Oracle Corporation" />
    <property name="env.JRUBY_OPTS" value=" --client -J-XX:+TieredCompilation -J-XX:TieredStopAtLevel=1 -J-Xss2m -Xcompile.invokedynamic=false" />
    <property name="env.TRAVIS_PRE_CHEF_BOOTSTRAP_TIME" value="2017-12-05T19:32:55" />
    <property name="env.ELIXIR_VERSION" value="1.4.5" />
    <property name="env.TRAVIS_STACK_JOB_BOARD_REGISTER" value="/.job-board-register.yml" />
    <property name="java.specification.version" value="1.8" />
    <property name="env.IRBRC" value="/home/travis/.rvm/rubies/ruby-2.4.1/.irbrc" />
    <property name="env.TRAVIS" value="true" />
    <property name="sun.arch.data.model" value="64" />
  </properties>
  <testcase classname="ptolemy.util.test.junit.TclTests" name="[0] /home/travis/build/icyphy/ptII/ptolemy/actor/lib/test/AbsoluteValue.tcl (RunTclFile)" time="0.513" />
  <testcase classname="ptolemy.util.test.junit.TclTests" name="[1] /home/travis/build/icyphy/ptII/ptolemy/actor/lib/test/AddSubtract.tcl (RunTclFile)" time="0.068" />
  <testcase classname="ptolemy.util.test.junit.TclTests" name="[2] /home/travis/build/icyphy/ptII/ptolemy/actor/lib/test/Average.tcl (RunTclFile)" time="0.038" />
  <testcase classname="ptolemy.util.test.junit.TclTests" name="[3] /home/travis/build/icyphy/ptII/ptolemy/actor/lib/test/Bernoulli.tcl (RunTclFile)" time="0.021" />
  <testcase classname="ptolemy.util.test.junit.TclTests" name="[4] /home/travis/build/icyphy/ptII/ptolemy/actor/lib/test/Clock.tcl (RunTclFile)" time="0.064" />
  <testcase classname="ptolemy.util.test.junit.TclTests" name="[5] /home/travis/build/icyphy/ptII/ptolemy/actor/lib/test/Commutator.tcl (RunTclFile)" time="0.183" />
  <testcase classname="ptolemy.util.test.junit.TclTests" name="[6] /home/travis/build/icyphy/ptII/ptolemy/actor/lib/test/Const.tcl (RunTclFile)" time="0.158" />
  <testcase classname="ptolemy.util.test.junit.TclTests" name="[7] /home/travis/build/icyphy/ptII/ptolemy/actor/lib/test/CurrentTime.tcl (RunTclFile)" time="0.046" />
  <testcase classname="ptolemy.util.test.junit.TclTests" name="[8] /home/travis/build/icyphy/ptII/ptolemy/actor/lib/test/DB.tcl (RunTclFile)" time="0.028" />
  <testcase classname="ptolemy.util.test.junit.TclTests" name="[9] /home/travis/build/icyphy/ptII/ptolemy/actor/lib/test/DiscreteRandomSource.tcl (RunTclFile)" time="0.047" />
  <testcase classname="ptolemy.util.test.junit.TclTests" name="[10] /home/travis/build/icyphy/ptII/ptolemy/actor/lib/test/Distributor.tcl (RunTclFile)" time="0.062" />
  <testcase classname="ptolemy.util.test.junit.TclTests" name="[11] /home/travis/build/icyphy/ptII/ptolemy/actor/lib/test/Exit.tcl (RunTclFile)" time="0.066" />
  <testcase classname="ptolemy.util.test.junit.TclTests" name="[12] /home/travis/build/icyphy/ptII/ptolemy/actor/lib/test/Expression.tcl (RunTclFile)" time="0.131" />
  <testcase classname="ptolemy.util.test.junit.TclTests" name="[13] /home/travis/build/icyphy/ptII/ptolemy/actor/lib/test/Gaussian.tcl (RunTclFile)" time="0.203" />
  <testcase classname="ptolemy.util.test.junit.TclTests" name="[14] /home/travis/build/icyphy/ptII/ptolemy/actor/lib/test/IIR.tcl (RunTclFile)" time="0.047" />
  <testcase classname="ptolemy.util.test.junit.TclTests" name="[15] /home/travis/build/icyphy/ptII/ptolemy/actor/lib/test/Interpolator.tcl (RunTclFile)" time="0.149" />
  <testcase classname="ptolemy.util.test.junit.TclTests" name="[16] /home/travis/build/icyphy/ptII/ptolemy/actor/lib/test/MathFunction.tcl (RunTclFile)" time="0.097" />
  <testcase classname="ptolemy.util.test.junit.TclTests" name="[17] /home/travis/build/icyphy/ptII/ptolemy/actor/lib/test/Maximum.tcl (RunTclFile)" time="0.046" />
  <testcase classname="ptolemy.util.test.junit.TclTests" name="[18] /home/travis/build/icyphy/ptII/ptolemy/actor/lib/test/Minimum.tcl (RunTclFile)" time="0.029" />
  <testcase classname="ptolemy.util.test.junit.TclTests" name="[19] /home/travis/build/icyphy/ptII/ptolemy/actor/lib/test/MultiplyDivide.tcl (RunTclFile)" time="0.051" />
  <testcase classname="ptolemy.util.test.junit.TclTests" name="[20] /home/travis/build/icyphy/ptII/ptolemy/actor/lib/test/OrderedMerge.tcl (RunTclFile)" time="0.094" />
  <testcase classname="ptolemy.util.test.junit.TclTests" name="[21] /home/travis/build/icyphy/ptII/ptolemy/actor/lib/test/Publisher.tcl (RunTclFile)" time="0.859" />
  <testcase classname="ptolemy.util.test.junit.TclTests" name="[22] /home/travis/build/icyphy/ptII/ptolemy/actor/lib/test/Pulse.tcl (RunTclFile)" time="0.058" />
  <testcase classname="ptolemy.util.test.junit.TclTests" name="[23] /home/travis/build/icyphy/ptII/ptolemy/actor/lib/test/Ramp.tcl (RunTclFile)" time="2.398" />
  <testcase classname="ptolemy.util.test.junit.TclTests" name="[24] /home/travis/build/icyphy/ptII/ptolemy/actor/lib/test/RampContinuous.tcl (RunTclFile)" time="0.023" />
  <testcase classname="ptolemy.util.test.junit.TclTests" name="[25] /home/travis/build/icyphy/ptII/ptolemy/actor/lib/test/RecordAssembler.tcl (RunTclFile)" time="0.019" />
  <testcase classname="ptolemy.util.test.junit.TclTests" name="[26] /home/travis/build/icyphy/ptII/ptolemy/actor/lib/test/RecordDisassembler.tcl (RunTclFile)" time="0.044" />
  <testcase classname="ptolemy.util.test.junit.TclTests" name="[27] /home/travis/build/icyphy/ptII/ptolemy/actor/lib/test/Scale.tcl (RunTclFile)" time="0.023" />
  <testcase classname="ptolemy.util.test.junit.TclTests" name="[28] /home/travis/build/icyphy/ptII/ptolemy/actor/lib/test/SequentialClock.tcl (RunTclFile)" time="0.015" />
  <testcase classname="ptolemy.util.test.junit.TclTests" name="[29] /home/travis/build/icyphy/ptII/ptolemy/actor/lib/test/SetVariable.tcl (RunTclFile)" time="0.016" />
  <testcase classname="ptolemy.util.test.junit.TclTests" name="[30] /home/travis/build/icyphy/ptII/ptolemy/actor/lib/test/Sinewave.tcl (RunTclFile)" time="0.031" />
  <testcase classname="ptolemy.util.test.junit.TclTests" name="[31] /home/travis/build/icyphy/ptII/ptolemy/actor/lib/test/SubscriptionAggregator.tcl (RunTclFile)" time="2.504" />
  <testcase classname="ptolemy.util.test.junit.TclTests" name="[32] /home/travis/build/icyphy/ptII/ptolemy/actor/lib/test/Test.tcl (RunTclFile)" time="0.224">
    <failure message="Number of failed tests is has increased. expected:&lt;0&gt; but was:&lt;1&gt;" type="junit.framework.AssertionFailedError">junit.framework.AssertionFailedError: Number of failed tests is has increased. expected:&lt;0&gt; but was:&lt;1&gt;
	at ptolemy.util.test.junit.TclTests.RunTclFile(TclTests.java:286)
	at junitparams.internal.InvokeParameterisedMethod.evaluate(InvokeParameterisedMethod.java:102)
	at junitparams.internal.ParameterisedTestMethodRunner.runMethodInvoker(ParameterisedTestMethodRunner.java:47)
	at junitparams.internal.ParameterisedTestMethodRunner.runTestMethod(ParameterisedTestMethodRunner.java:41)
	at junitparams.internal.ParameterisedTestClassRunner.runParameterisedTest(ParameterisedTestClassRunner.java:143)
	at junitparams.JUnitParamsRunner.runChild(JUnitParamsRunner.java:237)
	at junitparams.JUnitParamsRunner.runChild(JUnitParamsRunner.java:215)
</failure>
  </testcase>
  <testcase classname="ptolemy.util.test.junit.TclTests" name="[33] /home/travis/build/icyphy/ptII/ptolemy/actor/lib/test/TestExceptionHandler.tcl (RunTclFile)" time="0.012" />
  <testcase classname="ptolemy.util.test.junit.TclTests" name="[34] /home/travis/build/icyphy/ptII/ptolemy/actor/lib/test/UnionDisassembler.tcl (RunTclFile)" time="0.084" />
  <testcase classname="ptolemy.util.test.junit.TclTests" name="[35] /home/travis/build/icyphy/ptII/ptolemy/actor/lib/test/VariableClock.tcl (RunTclFile)" time="0.034" />
  <testcase classname="ptolemy.util.test.junit.AutoKnownFailedTests" name="[0] /home/travis/build/icyphy/ptII/ptolemy/actor/lib/test/auto/knownFailedTests/PublisherPortToplevelSubscriber.xml (RunModel)" time="0.018" />
  <testcase classname="ptolemy.util.test.junit.AutoKnownFailedTests" name="[1] /home/travis/build/icyphy/ptII/ptolemy/actor/lib/test/auto/knownFailedTests/PublisherSubscriberPortToplevel.xml (RunModel)" time="0.014" />
  <testcase classname="ptolemy.util.test.junit.AutoKnownFailedTests" name="[2] /home/travis/build/icyphy/ptII/ptolemy/actor/lib/test/auto/knownFailedTests/PublisherSubscriptionAggregatorPort.xml (RunModel)" time="0.014" />
  <testcase classname="ptolemy.util.test.junit.AutoKnownFailedTests" name="[3] /home/travis/build/icyphy/ptII/ptolemy/actor/lib/test/auto/knownFailedTests/sizedarray3.xml (RunModel)" time="0.024" />
  <testcase classname="ptolemy.util.test.junit.AutoNameArchTests" name="[0] ThereAreNoAutoTests (RunModel)" time="0.003" />
  <testcase classname="ptolemy.util.test.junit.AutoTests" name="[0] /home/travis/build/icyphy/ptII/ptolemy/actor/lib/test/auto/AbsoluteValue.xml (RunModel)" time="0.072" />
  <testcase classname="ptolemy.util.test.junit.AutoTests" name="[1] /home/travis/build/icyphy/ptII/ptolemy/actor/lib/test/auto/AbsoluteValue2.xml (RunModel)" time="0.052" />
  <testcase classname="ptolemy.util.test.junit.AutoTests" name="[2] /home/travis/build/icyphy/ptII/ptolemy/actor/lib/test/auto/Accumulator.xml (RunModel)" time="0.077" />
  <testcase classname="ptolemy.util.test.junit.AutoTests" name="[3] /home/travis/build/icyphy/ptII/ptolemy/actor/lib/test/auto/Accumulator2.xml (RunModel)" time="0.025" />
  <testcase classname="ptolemy.util.test.junit.AutoTests" name="[4] /home/travis/build/icyphy/ptII/ptolemy/actor/lib/test/auto/Accumulator3.xml (RunModel)" time="0.023" />
  <testcase classname="ptolemy.util.test.junit.AutoTests" name="[5] /home/travis/build/icyphy/ptII/ptolemy/actor/lib/test/auto/ArrayAppend.xml (RunModel)" time="0.068" />
  <testcase classname="ptolemy.util.test.junit.AutoTests" name="[6] /home/travis/build/icyphy/ptII/ptolemy/actor/lib/test/auto/ArrayAppend2.xml (RunModel)" time="0.803" />
  <testcase classname="ptolemy.util.test.junit.AutoTests" name="[7] /home/travis/build/icyphy/ptII/ptolemy/actor/lib/test/auto/ArrayAppend3.xml (RunModel)" time="0.031" />
  <testcase classname="ptolemy.util.test.junit.AutoTests" name="[8] /home/travis/build/icyphy/ptII/ptolemy/actor/lib/test/auto/ArrayAppend4.xml (RunModel)" time="0.021" />
  <testcase classname="ptolemy.util.test.junit.AutoTests" name="[9] /home/travis/build/icyphy/ptII/ptolemy/actor/lib/test/auto/ArrayAppend5.xml (RunModel)" time="0.025" />
  <testcase classname="ptolemy.util.test.junit.AutoTests" name="[10] /home/travis/build/icyphy/ptII/ptolemy/actor/lib/test/auto/ArrayAppend6.xml (RunModel)" time="0.026" />
  <testcase classname="ptolemy.util.test.junit.AutoTests" name="[11] /home/travis/build/icyphy/ptII/ptolemy/actor/lib/test/auto/ArrayAppendPerformanceTest.xml (RunModel)" time="0.091" />
  <testcase classname="ptolemy.util.test.junit.AutoTests" name="[12] /home/travis/build/icyphy/ptII/ptolemy/actor/lib/test/auto/ArrayAppendWithEmptyInput.xml (RunModel)" time="0.058" />
  <testcase classname="ptolemy.util.test.junit.AutoTests" name="[13] /home/travis/build/icyphy/ptII/ptolemy/actor/lib/test/auto/ArrayAverage.xml (RunModel)" time="0.056" />
  <testcase classname="ptolemy.util.test.junit.AutoTests" name="[14] /home/travis/build/icyphy/ptII/ptolemy/actor/lib/test/auto/ArrayContains.xml (RunModel)" time="0.045" />
  <testcase classname="ptolemy.util.test.junit.AutoTests" name="[15] /home/travis/build/icyphy/ptII/ptolemy/actor/lib/test/auto/ArrayElement.xml (RunModel)" time="0.033" />
  <testcase classname="ptolemy.util.test.junit.AutoTests" name="[16] /home/travis/build/icyphy/ptII/ptolemy/actor/lib/test/auto/ArrayElementAsMatrix.xml (RunModel)" time="0.089" />
  <testcase classname="ptolemy.util.test.junit.AutoTests" name="[17] /home/travis/build/icyphy/ptII/ptolemy/actor/lib/test/auto/ArrayElementI.xml (RunModel)" time="0.024" />
  <testcase classname="ptolemy.util.test.junit.AutoTests" name="[18] /home/travis/build/icyphy/ptII/ptolemy/actor/lib/test/auto/ArrayExtract.xml (RunModel)" time="0.024" />
  <testcase classname="ptolemy.util.test.junit.AutoTests" name="[19] /home/travis/build/icyphy/ptII/ptolemy/actor/lib/test/auto/ArrayExtract2.xml (RunModel)" time="0.02" />
  <testcase classname="ptolemy.util.test.junit.AutoTests" name="[20] /home/travis/build/icyphy/ptII/ptolemy/actor/lib/test/auto/ArrayLength.xml (RunModel)" time="0.023" />
  <testcase classname="ptolemy.util.test.junit.AutoTests" name="[21] /home/travis/build/icyphy/ptII/ptolemy/actor/lib/test/auto/ArrayLevelCrossing.xml (RunModel)" time="0.692" />
  <testcase classname="ptolemy.util.test.junit.AutoTests" name="[22] /home/travis/build/icyphy/ptII/ptolemy/actor/lib/test/auto/ArrayLevelCrossing2.xml (RunModel)" time="0.031" />
  <testcase classname="ptolemy.util.test.junit.AutoTests" name="[23] /home/travis/build/icyphy/ptII/ptolemy/actor/lib/test/auto/ArrayPeakSearch.xml (RunModel)" time="0.058" />
  <testcase classname="ptolemy.util.test.junit.AutoTests" name="[24] /home/travis/build/icyphy/ptII/ptolemy/actor/lib/test/auto/ArrayPeakSearch2.xml (RunModel)" time="0.053" />
  <testcase classname="ptolemy.util.test.junit.AutoTests" name="[25] /home/travis/build/icyphy/ptII/ptolemy/actor/lib/test/auto/ArrayPeakSearch3.xml (RunModel)" time="0.04" />
  <testcase classname="ptolemy.util.test.junit.AutoTests" name="[26] /home/travis/build/icyphy/ptII/ptolemy/actor/lib/test/auto/ArrayRemoveElement.xml (RunModel)" time="0.042" />
  <testcase classname="ptolemy.util.test.junit.AutoTests" name="[27] /home/travis/build/icyphy/ptII/ptolemy/actor/lib/test/auto/ArraySort.xml (RunModel)" time="0.046" />
  <testcase classname="ptolemy.util.test.junit.AutoTests" name="[28] /home/travis/build/icyphy/ptII/ptolemy/actor/lib/test/auto/ArraySum.xml (RunModel)" time="0.022" />
  <testcase classname="ptolemy.util.test.junit.AutoTests" name="[29] /home/travis/build/icyphy/ptII/ptolemy/actor/lib/test/auto/ArrayToElements.xml (RunModel)" time="0.029" />
  <testcase classname="ptolemy.util.test.junit.AutoTests" name="[30] /home/travis/build/icyphy/ptII/ptolemy/actor/lib/test/auto/ArrayToMatrix.xml (RunModel)" time="0.09" />
  <testcase classname="ptolemy.util.test.junit.AutoTests" name="[31] /home/travis/build/icyphy/ptII/ptolemy/actor/lib/test/auto/ArrayUpdate1.xml (RunModel)" time="0.022" />
  <testcase classname="ptolemy.util.test.junit.AutoTests" name="[32] /home/travis/build/icyphy/ptII/ptolemy/actor/lib/test/auto/ArrayUpdate2.xml (RunModel)" time="0.024" />
  <testcase classname="ptolemy.util.test.junit.AutoTests" name="[33] /home/travis/build/icyphy/ptII/ptolemy/actor/lib/test/auto/ArrayUpdate3.xml (RunModel)" time="0.033" />
  <testcase classname="ptolemy.util.test.junit.AutoTests" name="[34] /home/travis/build/icyphy/ptII/ptolemy/actor/lib/test/auto/Assert1.xml (RunModel)" time="0.03" />
  <testcase classname="ptolemy.util.test.junit.AutoTests" name="[35] /home/travis/build/icyphy/ptII/ptolemy/actor/lib/test/auto/Assert2.xml (RunModel)" time="0.019" />
  <testcase classname="ptolemy.util.test.junit.AutoTests" name="[36] /home/travis/build/icyphy/ptII/ptolemy/actor/lib/test/auto/BooleanMultiplexor.xml (RunModel)" time="0.021" />
  <testcase classname="ptolemy.util.test.junit.AutoTests" name="[37] /home/travis/build/icyphy/ptII/ptolemy/actor/lib/test/auto/BooleanMultiplexor2.xml (RunModel)" time="0.033" />
  <testcase classname="ptolemy.util.test.junit.AutoTests" name="[38] /home/travis/build/icyphy/ptII/ptolemy/actor/lib/test/auto/BooleanMultiplexor3.xml (RunModel)" time="0.015" />
  <testcase classname="ptolemy.util.test.junit.AutoTests" name="[39] /home/travis/build/icyphy/ptII/ptolemy/actor/lib/test/auto/BooleanSelect.xml (RunModel)" time="0.023" />
  <testcase classname="ptolemy.util.test.junit.AutoTests" name="[40] /home/travis/build/icyphy/ptII/ptolemy/actor/lib/test/auto/BooleanSelect2.xml (RunModel)" time="0.018" />
  <testcase classname="ptolemy.util.test.junit.AutoTests" name="[41] /home/travis/build/icyphy/ptII/ptolemy/actor/lib/test/auto/BooleanSwitch.xml (RunModel)" time="0.02" />
  <testcase classname="ptolemy.util.test.junit.AutoTests" name="[42] /home/travis/build/icyphy/ptII/ptolemy/actor/lib/test/auto/BooleanSwitch2.xml (RunModel)" time="0.015" />
  <testcase classname="ptolemy.util.test.junit.AutoTests" name="[43] /home/travis/build/icyphy/ptII/ptolemy/actor/lib/test/auto/BooleanSwitchCloningBugWithClassRelationGroup.xml (RunModel)" time="0.028" />
  <testcase classname="ptolemy.util.test.junit.AutoTests" name="[44] /home/travis/build/icyphy/ptII/ptolemy/actor/lib/test/auto/BusActors.xml (RunModel)" time="0.048" />
  <testcase classname="ptolemy.util.test.junit.AutoTests" name="[45] /home/travis/build/icyphy/ptII/ptolemy/actor/lib/test/auto/ClassWrapper.xml (RunModel)" time="0.013" />
  <testcase classname="ptolemy.util.test.junit.AutoTests" name="[46] /home/travis/build/icyphy/ptII/ptolemy/actor/lib/test/auto/Clock.xml (RunModel)" time="0.027" />
  <testcase classname="ptolemy.util.test.junit.AutoTests" name="[47] /home/travis/build/icyphy/ptII/ptolemy/actor/lib/test/auto/Clock10.xml (RunModel)" time="0.024" />
  <testcase classname="ptolemy.util.test.junit.AutoTests" name="[48] /home/travis/build/icyphy/ptII/ptolemy/actor/lib/test/auto/Clock11.xml (RunModel)" time="0.025" />
  <testcase classname="ptolemy.util.test.junit.AutoTests" name="[49] /home/travis/build/icyphy/ptII/ptolemy/actor/lib/test/auto/Clock12.xml (RunModel)" time="0.028" />
  <testcase classname="ptolemy.util.test.junit.AutoTests" name="[50] /home/travis/build/icyphy/ptII/ptolemy/actor/lib/test/auto/Clock13.xml (RunModel)" time="0.018" />
  <testcase classname="ptolemy.util.test.junit.AutoTests" name="[51] /home/travis/build/icyphy/ptII/ptolemy/actor/lib/test/auto/Clock14.xml (RunModel)" time="0.026" />
  <testcase classname="ptolemy.util.test.junit.AutoTests" name="[52] /home/travis/build/icyphy/ptII/ptolemy/actor/lib/test/auto/Clock15.xml (RunModel)" time="0.027" />
  <testcase classname="ptolemy.util.test.junit.AutoTests" name="[53] /home/travis/build/icyphy/ptII/ptolemy/actor/lib/test/auto/Clock16.xml (RunModel)" time="0.1" />
  <testcase classname="ptolemy.util.test.junit.AutoTests" name="[54] /home/travis/build/icyphy/ptII/ptolemy/actor/lib/test/auto/Clock17.xml (RunModel)" time="0.073" />
  <testcase classname="ptolemy.util.test.junit.AutoTests" name="[55] /home/travis/build/icyphy/ptII/ptolemy/actor/lib/test/auto/Clock18.xml (RunModel)" time="0.07" />
  <testcase classname="ptolemy.util.test.junit.AutoTests" name="[56] /home/travis/build/icyphy/ptII/ptolemy/actor/lib/test/auto/Clock19.xml (RunModel)" time="0.051" />
  <testcase classname="ptolemy.util.test.junit.AutoTests" name="[57] /home/travis/build/icyphy/ptII/ptolemy/actor/lib/test/auto/Clock2.xml (RunModel)" time="0.013" />
  <testcase classname="ptolemy.util.test.junit.AutoTests" name="[58] /home/travis/build/icyphy/ptII/ptolemy/actor/lib/test/auto/Clock20.xml (RunModel)" time="0.031" />
  <testcase classname="ptolemy.util.test.junit.AutoTests" name="[59] /home/travis/build/icyphy/ptII/ptolemy/actor/lib/test/auto/Clock21.xml (RunModel)" time="0.024" />
  <testcase classname="ptolemy.util.test.junit.AutoTests" name="[60] /home/travis/build/icyphy/ptII/ptolemy/actor/lib/test/auto/Clock22.xml (RunModel)" time="0.018" />
  <testcase classname="ptolemy.util.test.junit.AutoTests" name="[61] /home/travis/build/icyphy/ptII/ptolemy/actor/lib/test/auto/Clock23.xml (RunModel)" time="0.02" />
  <testcase classname="ptolemy.util.test.junit.AutoTests" name="[62] /home/travis/build/icyphy/ptII/ptolemy/actor/lib/test/auto/Clock24.xml (RunModel)" time="0.018" />
  <testcase classname="ptolemy.util.test.junit.AutoTests" name="[63] /home/travis/build/icyphy/ptII/ptolemy/actor/lib/test/auto/Clock4.xml (RunModel)" time="0.015" />
  <testcase classname="ptolemy.util.test.junit.AutoTests" name="[64] /home/travis/build/icyphy/ptII/ptolemy/actor/lib/test/auto/Clock5.xml (RunModel)" time="0.024" />
  <testcase classname="ptolemy.util.test.junit.AutoTests" name="[65] /home/travis/build/icyphy/ptII/ptolemy/actor/lib/test/auto/Clock6.xml (RunModel)" time="0.012" />
  <testcase classname="ptolemy.util.test.junit.AutoTests" name="[66] /home/travis/build/icyphy/ptII/ptolemy/actor/lib/test/auto/Clock7.xml (RunModel)" time="0.015" />
  <testcase classname="ptolemy.util.test.junit.AutoTests" name="[67] /home/travis/build/icyphy/ptII/ptolemy/actor/lib/test/auto/Clock8.xml (RunModel)" time="0.017" />
  <testcase classname="ptolemy.util.test.junit.AutoTests" name="[68] /home/travis/build/icyphy/ptII/ptolemy/actor/lib/test/auto/Clock9.xml (RunModel)" time="0.018" />
  <testcase classname="ptolemy.util.test.junit.AutoTests" name="[69] /home/travis/build/icyphy/ptII/ptolemy/actor/lib/test/auto/CommDistDiscard.xml (RunModel)" time="0.027" />
  <testcase classname="ptolemy.util.test.junit.AutoTests" name="[70] /home/travis/build/icyphy/ptII/ptolemy/actor/lib/test/auto/Commutator.xml (RunModel)" time="0.016" />
  <testcase classname="ptolemy.util.test.junit.AutoTests" name="[71] /home/travis/build/icyphy/ptII/ptolemy/actor/lib/test/auto/Commutator2.xml (RunModel)" time="0.016" />
  <testcase classname="ptolemy.util.test.junit.AutoTests" name="[72] /home/travis/build/icyphy/ptII/ptolemy/actor/lib/test/auto/Commutator3.xml (RunModel)" time="0.016" />
  <testcase classname="ptolemy.util.test.junit.AutoTests" name="[73] /home/travis/build/icyphy/ptII/ptolemy/actor/lib/test/auto/Compare.xml (RunModel)" time="0.029" />
  <testcase classname="ptolemy.util.test.junit.AutoTests" name="[74] /home/travis/build/icyphy/ptII/ptolemy/actor/lib/test/auto/CompareDE.xml (RunModel)" time="0.026" />
  <testcase classname="ptolemy.util.test.junit.AutoTests" name="[75] /home/travis/build/icyphy/ptII/ptolemy/actor/lib/test/auto/ComplexDivide.xml (RunModel)" time="0.011" />
  <testcase classname="ptolemy.util.test.junit.AutoTests" name="[76] /home/travis/build/icyphy/ptII/ptolemy/actor/lib/test/auto/ComputeHistogram.xml (RunModel)" time="0.103" />
  <testcase classname="ptolemy.util.test.junit.AutoTests" name="[77] /home/travis/build/icyphy/ptII/ptolemy/actor/lib/test/auto/ConfigurationSelect.xml (RunModel)" time="0.028" />
  <testcase classname="ptolemy.util.test.junit.AutoTests" name="[78] /home/travis/build/icyphy/ptII/ptolemy/actor/lib/test/auto/ConfigurationSelect2.xml (RunModel)" time="0.018" />
  <testcase classname="ptolemy.util.test.junit.AutoTests" name="[79] /home/travis/build/icyphy/ptII/ptolemy/actor/lib/test/auto/ConfigurationSwitch.xml (RunModel)" time="0.035" />
  <testcase classname="ptolemy.util.test.junit.AutoTests" name="[80] /home/travis/build/icyphy/ptII/ptolemy/actor/lib/test/auto/ConfigurationSwitch2.xml (RunModel)" time="0.021" />
  <testcase classname="ptolemy.util.test.junit.AutoTests" name="[81] /home/travis/build/icyphy/ptII/ptolemy/actor/lib/test/auto/ConfigurationSwitchCloningBugWithClassRelationGroup.xml (RunModel)" time="0.029" />
  <testcase classname="ptolemy.util.test.junit.AutoTests" name="[82] /home/travis/build/icyphy/ptII/ptolemy/actor/lib/test/auto/ConfigurationSwitchSelectSDF.xml (RunModel)" time="0.028" />
  <testcase classname="ptolemy.util.test.junit.AutoTests" name="[83] /home/travis/build/icyphy/ptII/ptolemy/actor/lib/test/auto/ConfigurationSwitchSelectSDF2.xml (RunModel)" time="0.017" />
  <testcase classname="ptolemy.util.test.junit.AutoTests" name="[84] /home/travis/build/icyphy/ptII/ptolemy/actor/lib/test/auto/Const.xml (RunModel)" time="0.008" />
  <testcase classname="ptolemy.util.test.junit.AutoTests" name="[85] /home/travis/build/icyphy/ptII/ptolemy/actor/lib/test/auto/Const2.xml (RunModel)" time="0.012" />
  <testcase classname="ptolemy.util.test.junit.AutoTests" name="[86] /home/travis/build/icyphy/ptII/ptolemy/actor/lib/test/auto/Const3.xml (RunModel)" time="0.007" />
  <testcase classname="ptolemy.util.test.junit.AutoTests" name="[87] /home/travis/build/icyphy/ptII/ptolemy/actor/lib/test/auto/ConstantPublisherPort1.xml (RunModel)" time="0.03" />
  <testcase classname="ptolemy.util.test.junit.AutoTests" name="[88] /home/travis/build/icyphy/ptII/ptolemy/actor/lib/test/auto/ConstantPublisherPort2.xml (RunModel)" time="0.035" />
  <testcase classname="ptolemy.util.test.junit.AutoTests" name="[89] /home/travis/build/icyphy/ptII/ptolemy/actor/lib/test/auto/ConstantPublisherPort3.xml (RunModel)" time="0.026" />
  <testcase classname="ptolemy.util.test.junit.AutoTests" name="[90] /home/travis/build/icyphy/ptII/ptolemy/actor/lib/test/auto/ConstantPublisherPort4.xml (RunModel)" time="0.021" />
  <testcase classname="ptolemy.util.test.junit.AutoTests" name="[91] /home/travis/build/icyphy/ptII/ptolemy/actor/lib/test/auto/ConstantPublisherPort5.xml (RunModel)" time="0.039" />
  <testcase classname="ptolemy.util.test.junit.AutoTests" name="[92] /home/travis/build/icyphy/ptII/ptolemy/actor/lib/test/auto/ConstantPublisherPort6.xml (RunModel)" time="0.032" />
  <testcase classname="ptolemy.util.test.junit.AutoTests" name="[93] /home/travis/build/icyphy/ptII/ptolemy/actor/lib/test/auto/ConstantPublisherPort7.xml (RunModel)" time="0.033" />
  <testcase classname="ptolemy.util.test.junit.AutoTests" name="[94] /home/travis/build/icyphy/ptII/ptolemy/actor/lib/test/auto/ConstraintMonitor1.xml (RunModel)" time="0.032" />
  <testcase classname="ptolemy.util.test.junit.AutoTests" name="[95] /home/travis/build/icyphy/ptII/ptolemy/actor/lib/test/auto/ConstraintMonitor2.xml (RunModel)" time="0.016" />
  <testcase classname="ptolemy.util.test.junit.AutoTests" name="[96] /home/travis/build/icyphy/ptII/ptolemy/actor/lib/test/auto/ConstraintMonitor3.xml (RunModel)" time="0.019" />
  <testcase classname="ptolemy.util.test.junit.AutoTests" name="[97] /home/travis/build/icyphy/ptII/ptolemy/actor/lib/test/auto/ConstraintMonitor4.xml (RunModel)" time="0.019" />
  <testcase classname="ptolemy.util.test.junit.AutoTests" name="[98] /home/travis/build/icyphy/ptII/ptolemy/actor/lib/test/auto/ConstraintMonitor5.xml (RunModel)" time="0.019" />
  <testcase classname="ptolemy.util.test.junit.AutoTests" name="[99] /home/travis/build/icyphy/ptII/ptolemy/actor/lib/test/auto/ConstraintMonitor6.xml (RunModel)" time="0.021" />
  <testcase classname="ptolemy.util.test.junit.AutoTests" name="[100] /home/travis/build/icyphy/ptII/ptolemy/actor/lib/test/auto/ConstraintMonitor7.xml (RunModel)" time="0.024" />
  <testcase classname="ptolemy.util.test.junit.AutoTests" name="[101] /home/travis/build/icyphy/ptII/ptolemy/actor/lib/test/auto/ConstraintMonitor8.xml (RunModel)" time="0.025" />
  <testcase classname="ptolemy.util.test.junit.AutoTests" name="[102] /home/travis/build/icyphy/ptII/ptolemy/actor/lib/test/auto/Counter.xml (RunModel)" time="0.019" />
  <testcase classname="ptolemy.util.test.junit.AutoTests" name="[103] /home/travis/build/icyphy/ptII/ptolemy/actor/lib/test/auto/CurrentTimeSDF.xml (RunModel)" time="0.013" />
  <testcase classname="ptolemy.util.test.junit.AutoTests" name="[104] /home/travis/build/icyphy/ptII/ptolemy/actor/lib/test/auto/DB.xml (RunModel)" time="0.018" />
  <testcase classname="ptolemy.util.test.junit.AutoTests" name="[105] /home/travis/build/icyphy/ptII/ptolemy/actor/lib/test/auto/DBDE.xml (RunModel)" time="0.022" />
  <testcase classname="ptolemy.util.test.junit.AutoTests" name="[106] /home/travis/build/icyphy/ptII/ptolemy/actor/lib/test/auto/DateConstructor.xml (RunModel)" time="0.06" />
  <testcase classname="ptolemy.util.test.junit.AutoTests" name="[107] /home/travis/build/icyphy/ptII/ptolemy/actor/lib/test/auto/DelayTime.xml (RunModel)" time="0.018" />
  <testcase classname="ptolemy.util.test.junit.AutoTests" name="[108] /home/travis/build/icyphy/ptII/ptolemy/actor/lib/test/auto/Dictionary1.xml (RunModel)" time="0.019" />
  <testcase classname="ptolemy.util.test.junit.AutoTests" name="[109] /home/travis/build/icyphy/ptII/ptolemy/actor/lib/test/auto/Dictionary2.xml (RunModel)" time="0.016" />
  <testcase classname="ptolemy.util.test.junit.AutoTests" name="[110] /home/travis/build/icyphy/ptII/ptolemy/actor/lib/test/auto/Dictionary3.xml (RunModel)" time="0.016" />
  <testcase classname="ptolemy.util.test.junit.AutoTests" name="[111] /home/travis/build/icyphy/ptII/ptolemy/actor/lib/test/auto/Dictionary4.xml (RunModel)" time="0.03" />
  <testcase classname="ptolemy.util.test.junit.AutoTests" name="[112] /home/travis/build/icyphy/ptII/ptolemy/actor/lib/test/auto/Differential.xml (RunModel)" time="0.012" />
  <testcase classname="ptolemy.util.test.junit.AutoTests" name="[113] /home/travis/build/icyphy/ptII/ptolemy/actor/lib/test/auto/Director.xml (RunModel)" time="0.011" />
  <testcase classname="ptolemy.util.test.junit.AutoTests" name="[114] /home/travis/build/icyphy/ptII/ptolemy/actor/lib/test/auto/DiscreteClock.xml (RunModel)" time="0.009" />
  <testcase classname="ptolemy.util.test.junit.AutoTests" name="[115] /home/travis/build/icyphy/ptII/ptolemy/actor/lib/test/auto/DiscreteClock10.xml (RunModel)" time="0.015" />
  <testcase classname="ptolemy.util.test.junit.AutoTests" name="[116] /home/travis/build/icyphy/ptII/ptolemy/actor/lib/test/auto/DiscreteClock11.xml (RunModel)" time="0.017" />
  <testcase classname="ptolemy.util.test.junit.AutoTests" name="[117] /home/travis/build/icyphy/ptII/ptolemy/actor/lib/test/auto/DiscreteClock12.xml (RunModel)" time="0.016" />
  <testcase classname="ptolemy.util.test.junit.AutoTests" name="[118] /home/travis/build/icyphy/ptII/ptolemy/actor/lib/test/auto/DiscreteClock13.xml (RunModel)" time="0.016" />
  <testcase classname="ptolemy.util.test.junit.AutoTests" name="[119] /home/travis/build/icyphy/ptII/ptolemy/actor/lib/test/auto/DiscreteClock14.xml (RunModel)" time="0.02" />
  <testcase classname="ptolemy.util.test.junit.AutoTests" name="[120] /home/travis/build/icyphy/ptII/ptolemy/actor/lib/test/auto/DiscreteClock15.xml (RunModel)" time="0.019" />
  <testcase classname="ptolemy.util.test.junit.AutoTests" name="[121] /home/travis/build/icyphy/ptII/ptolemy/actor/lib/test/auto/DiscreteClock16.xml (RunModel)" time="0.079" />
  <testcase classname="ptolemy.util.test.junit.AutoTests" name="[122] /home/travis/build/icyphy/ptII/ptolemy/actor/lib/test/auto/DiscreteClock17.xml (RunModel)" time="0.056" />
  <testcase classname="ptolemy.util.test.junit.AutoTests" name="[123] /home/travis/build/icyphy/ptII/ptolemy/actor/lib/test/auto/DiscreteClock18.xml (RunModel)" time="0.066" />
  <testcase classname="ptolemy.util.test.junit.AutoTests" name="[124] /home/travis/build/icyphy/ptII/ptolemy/actor/lib/test/auto/DiscreteClock19.xml (RunModel)" time="0.063" />
  <testcase classname="ptolemy.util.test.junit.AutoTests" name="[125] /home/travis/build/icyphy/ptII/ptolemy/actor/lib/test/auto/DiscreteClock2.xml (RunModel)" time="0.015" />
  <testcase classname="ptolemy.util.test.junit.AutoTests" name="[126] /home/travis/build/icyphy/ptII/ptolemy/actor/lib/test/auto/DiscreteClock20.xml (RunModel)" time="0.03" />
  <testcase classname="ptolemy.util.test.junit.AutoTests" name="[127] /home/travis/build/icyphy/ptII/ptolemy/actor/lib/test/auto/DiscreteClock21.xml (RunModel)" time="0.02" />
  <testcase classname="ptolemy.util.test.junit.AutoTests" name="[128] /home/travis/build/icyphy/ptII/ptolemy/actor/lib/test/auto/DiscreteClock22.xml (RunModel)" time="0.019" />
  <testcase classname="ptolemy.util.test.junit.AutoTests" name="[129] /home/travis/build/icyphy/ptII/ptolemy/actor/lib/test/auto/DiscreteClock23.xml (RunModel)" time="0.017" />
  <testcase classname="ptolemy.util.test.junit.AutoTests" name="[130] /home/travis/build/icyphy/ptII/ptolemy/actor/lib/test/auto/DiscreteClock24.xml (RunModel)" time="0.018" />
  <testcase classname="ptolemy.util.test.junit.AutoTests" name="[131] /home/travis/build/icyphy/ptII/ptolemy/actor/lib/test/auto/DiscreteClock4.xml (RunModel)" time="0.012" />
  <testcase classname="ptolemy.util.test.junit.AutoTests" name="[132] /home/travis/build/icyphy/ptII/ptolemy/actor/lib/test/auto/DiscreteClock5.xml (RunModel)" time="0.013" />
  <testcase classname="ptolemy.util.test.junit.AutoTests" name="[133] /home/travis/build/icyphy/ptII/ptolemy/actor/lib/test/auto/DiscreteClock6.xml (RunModel)" time="0.009" />
  <testcase classname="ptolemy.util.test.junit.AutoTests" name="[134] /home/travis/build/icyphy/ptII/ptolemy/actor/lib/test/auto/DiscreteClock7.xml (RunModel)" time="0.01" />
  <testcase classname="ptolemy.util.test.junit.AutoTests" name="[135] /home/travis/build/icyphy/ptII/ptolemy/actor/lib/test/auto/DiscreteClock8.xml (RunModel)" time="0.018" />
  <testcase classname="ptolemy.util.test.junit.AutoTests" name="[136] /home/travis/build/icyphy/ptII/ptolemy/actor/lib/test/auto/DiscreteClock9.xml (RunModel)" time="0.017" />
  <testcase classname="ptolemy.util.test.junit.AutoTests" name="[137] /home/travis/build/icyphy/ptII/ptolemy/actor/lib/test/auto/DisplayArray.xml (RunModel)" time="0.008" />
  <testcase classname="ptolemy.util.test.junit.AutoTests" name="[138] /home/travis/build/icyphy/ptII/ptolemy/actor/lib/test/auto/Distributor.xml (RunModel)" time="0.01" />
  <testcase classname="ptolemy.util.test.junit.AutoTests" name="[139] /home/travis/build/icyphy/ptII/ptolemy/actor/lib/test/auto/Distributor2.xml (RunModel)" time="0.012" />
  <testcase classname="ptolemy.util.test.junit.AutoTests" name="[140] /home/travis/build/icyphy/ptII/ptolemy/actor/lib/test/auto/DownSample.xml (RunModel)" time="0.012" />
  <testcase classname="ptolemy.util.test.junit.AutoTests" name="[141] /home/travis/build/icyphy/ptII/ptolemy/actor/lib/test/auto/ElectronicUnitBase1.xml (RunModel)" time="0.09" />
  <testcase classname="ptolemy.util.test.junit.AutoTests" name="[142] /home/travis/build/icyphy/ptII/ptolemy/actor/lib/test/auto/ElementsToArray.xml (RunModel)" time="0.012" />
  <testcase classname="ptolemy.util.test.junit.AutoTests" name="[143] /home/travis/build/icyphy/ptII/ptolemy/actor/lib/test/auto/Equals.xml (RunModel)" time="0.014" />
  <testcase classname="ptolemy.util.test.junit.AutoTests" name="[144] /home/travis/build/icyphy/ptII/ptolemy/actor/lib/test/auto/Exec.xml (RunModel)" time="0.022" />
  <testcase classname="ptolemy.util.test.junit.AutoTests" name="[145] /home/travis/build/icyphy/ptII/ptolemy/actor/lib/test/auto/ExecEnvironment.xml (RunModel)" time="0.034" />
  <testcase classname="ptolemy.util.test.junit.AutoTests" name="[146] /home/travis/build/icyphy/ptII/ptolemy/actor/lib/test/auto/ExecNonZeroReturnOutput.xml (RunModel)" time="0.171" />
  <testcase classname="ptolemy.util.test.junit.AutoTests" name="[147] /home/travis/build/icyphy/ptII/ptolemy/actor/lib/test/auto/ExecRunDemos.xml (RunModel)" time="9.97" />
  <testcase classname="ptolemy.util.test.junit.AutoTests" name="[148] /home/travis/build/icyphy/ptII/ptolemy/actor/lib/test/auto/ExecStop.xml (RunModel)" time="5.03" />
  <testcase classname="ptolemy.util.test.junit.AutoTests" name="[149] /home/travis/build/icyphy/ptII/ptolemy/actor/lib/test/auto/ExecutionTimePN.xml (RunModel)" time="2.052" />
  <testcase classname="ptolemy.util.test.junit.AutoTests" name="[150] /home/travis/build/icyphy/ptII/ptolemy/actor/lib/test/auto/ExecutionTimeSDF.xml (RunModel)" time="6.04" />
  <testcase classname="ptolemy.util.test.junit.AutoTests" name="[151] /home/travis/build/icyphy/ptII/ptolemy/actor/lib/test/auto/Expression1.xml (RunModel)" time="0.013" />
  <testcase classname="ptolemy.util.test.junit.AutoTests" name="[152] /home/travis/build/icyphy/ptII/ptolemy/actor/lib/test/auto/Expression10.xml (RunModel)" time="0.022" />
  <testcase classname="ptolemy.util.test.junit.AutoTests" name="[153] /home/travis/build/icyphy/ptII/ptolemy/actor/lib/test/auto/Expression11.xml (RunModel)" time="0.015" />
  <testcase classname="ptolemy.util.test.junit.AutoTests" name="[154] /home/travis/build/icyphy/ptII/ptolemy/actor/lib/test/auto/Expression12.xml (RunModel)" time="0.02" />
  <testcase classname="ptolemy.util.test.junit.AutoTests" name="[155] /home/travis/build/icyphy/ptII/ptolemy/actor/lib/test/auto/Expression13.xml (RunModel)" time="0.034" />
  <testcase classname="ptolemy.util.test.junit.AutoTests" name="[156] /home/travis/build/icyphy/ptII/ptolemy/actor/lib/test/auto/Expression14.xml (RunModel)" time="0.024" />
  <testcase classname="ptolemy.util.test.junit.AutoTests" name="[157] /home/travis/build/icyphy/ptII/ptolemy/actor/lib/test/auto/Expression15.xml (RunModel)" time="0.008" />
  <testcase classname="ptolemy.util.test.junit.AutoTests" name="[158] /home/travis/build/icyphy/ptII/ptolemy/actor/lib/test/auto/Expression16.xml (RunModel)" time="0.015" />
  <testcase classname="ptolemy.util.test.junit.AutoTests" name="[159] /home/travis/build/icyphy/ptII/ptolemy/actor/lib/test/auto/Expression17.xml (RunModel)" time="0.012" />
  <testcase classname="ptolemy.util.test.junit.AutoTests" name="[160] /home/travis/build/icyphy/ptII/ptolemy/actor/lib/test/auto/Expression18.xml (RunModel)" time="0.016" />
  <testcase classname="ptolemy.util.test.junit.AutoTests" name="[161] /home/travis/build/icyphy/ptII/ptolemy/actor/lib/test/auto/Expression2.xml (RunModel)" time="0.015" />
  <testcase classname="ptolemy.util.test.junit.AutoTests" name="[162] /home/travis/build/icyphy/ptII/ptolemy/actor/lib/test/auto/Expression3.xml (RunModel)" time="0.013" />
  <testcase classname="ptolemy.util.test.junit.AutoTests" name="[163] /home/travis/build/icyphy/ptII/ptolemy/actor/lib/test/auto/Expression4.xml (RunModel)" time="0.03" />
  <testcase classname="ptolemy.util.test.junit.AutoTests" name="[164] /home/travis/build/icyphy/ptII/ptolemy/actor/lib/test/auto/Expression5.xml (RunModel)" time="0.014" />
  <testcase classname="ptolemy.util.test.junit.AutoTests" name="[165] /home/travis/build/icyphy/ptII/ptolemy/actor/lib/test/auto/Expression6.xml (RunModel)" time="0.011" />
  <testcase classname="ptolemy.util.test.junit.AutoTests" name="[166] /home/travis/build/icyphy/ptII/ptolemy/actor/lib/test/auto/Expression7.xml (RunModel)" time="0.014" />
  <testcase classname="ptolemy.util.test.junit.AutoTests" name="[167] /home/travis/build/icyphy/ptII/ptolemy/actor/lib/test/auto/Expression8.xml (RunModel)" time="0.013" />
  <testcase classname="ptolemy.util.test.junit.AutoTests" name="[168] /home/travis/build/icyphy/ptII/ptolemy/actor/lib/test/auto/Expression9.xml (RunModel)" time="0.01" />
  <testcase classname="ptolemy.util.test.junit.AutoTests" name="[169] /home/travis/build/icyphy/ptII/ptolemy/actor/lib/test/auto/ExpressionConcatenateArrayType.xml (RunModel)" time="0.031" />
  <testcase classname="ptolemy.util.test.junit.AutoTests" name="[170] /home/travis/build/icyphy/ptII/ptolemy/actor/lib/test/auto/ExpressionConcatenateArrayType2.xml (RunModel)" time="0.022" />
  <testcase classname="ptolemy.util.test.junit.AutoTests" name="[171] /home/travis/build/icyphy/ptII/ptolemy/actor/lib/test/auto/ExpressionFix.xml (RunModel)" time="0.054" />
  <testcase classname="ptolemy.util.test.junit.AutoTests" name="[172] /home/travis/build/icyphy/ptII/ptolemy/actor/lib/test/auto/ExpressionFix2.xml (RunModel)" time="0.011" />
  <testcase classname="ptolemy.util.test.junit.AutoTests" name="[173] /home/travis/build/icyphy/ptII/ptolemy/actor/lib/test/auto/ExpressionFix3.xml (RunModel)" time="0.011" />
  <testcase classname="ptolemy.util.test.junit.AutoTests" name="[174] /home/travis/build/icyphy/ptII/ptolemy/actor/lib/test/auto/FileWriter1.xml (RunModel)" time="0.01" />
  <testcase classname="ptolemy.util.test.junit.AutoTests" name="[175] /home/travis/build/icyphy/ptII/ptolemy/actor/lib/test/auto/FileWriter2.xml (RunModel)" time="0.012" />
  <testcase classname="ptolemy.util.test.junit.AutoTests" name="[176] /home/travis/build/icyphy/ptII/ptolemy/actor/lib/test/auto/FileWriter3.xml (RunModel)" time="0.012" />
  <testcase classname="ptolemy.util.test.junit.AutoTests" name="[177] /home/travis/build/icyphy/ptII/ptolemy/actor/lib/test/auto/Gaussian.xml (RunModel)" time="0.011" />
  <testcase classname="ptolemy.util.test.junit.AutoTests" name="[178] /home/travis/build/icyphy/ptII/ptolemy/actor/lib/test/auto/Gaussian1.xml (RunModel)" time="0.015" />
  <testcase classname="ptolemy.util.test.junit.AutoTests" name="[179] /home/travis/build/icyphy/ptII/ptolemy/actor/lib/test/auto/Gaussian2.xml (RunModel)" time="0.018" />
  <testcase classname="ptolemy.util.test.junit.AutoTests" name="[180] /home/travis/build/icyphy/ptII/ptolemy/actor/lib/test/auto/GradientAdaptiveLattice.xml (RunModel)" time="0.018" />
  <testcase classname="ptolemy.util.test.junit.AutoTests" name="[181] /home/travis/build/icyphy/ptII/ptolemy/actor/lib/test/auto/IIR.xml (RunModel)" time="0.011" />
  <testcase classname="ptolemy.util.test.junit.AutoTests" name="[182] /home/travis/build/icyphy/ptII/ptolemy/actor/lib/test/auto/InputOutputTransparentPorts.xml (RunModel)" time="0.024" />
  <testcase classname="ptolemy.util.test.junit.AutoTests" name="[183] /home/travis/build/icyphy/ptII/ptolemy/actor/lib/test/auto/Interpolator.xml (RunModel)" time="0.014" />
  <testcase classname="ptolemy.util.test.junit.AutoTests" name="[184] /home/travis/build/icyphy/ptII/ptolemy/actor/lib/test/auto/InterpolatorFiringLimitDE.xml (RunModel)" time="0.017" />
  <testcase classname="ptolemy.util.test.junit.AutoTests" name="[185] /home/travis/build/icyphy/ptII/ptolemy/actor/lib/test/auto/Lattice.xml (RunModel)" time="0.009" />
  <testcase classname="ptolemy.util.test.junit.AutoTests" name="[186] /home/travis/build/icyphy/ptII/ptolemy/actor/lib/test/auto/LazyAOCTestLazy.xml (RunModel)" time="0.025" />
  <testcase classname="ptolemy.util.test.junit.AutoTests" name="[187] /home/travis/build/icyphy/ptII/ptolemy/actor/lib/test/auto/LazyAOCTestNonLazy.xml (RunModel)" time="0.02" />
  <testcase classname="ptolemy.util.test.junit.AutoTests" name="[188] /home/travis/build/icyphy/ptII/ptolemy/actor/lib/test/auto/LazyInnerClass.xml (RunModel)" time="0.044" />
  <testcase classname="ptolemy.util.test.junit.AutoTests" name="[189] /home/travis/build/icyphy/ptII/ptolemy/actor/lib/test/auto/LazyPubSub.xml (RunModel)" time="0.075" />
  <testcase classname="ptolemy.util.test.junit.AutoTests" name="[190] /home/travis/build/icyphy/ptII/ptolemy/actor/lib/test/auto/LazyPubSub2.xml (RunModel)" time="0.082" />
  <testcase classname="ptolemy.util.test.junit.AutoTests" name="[191] /home/travis/build/icyphy/ptII/ptolemy/actor/lib/test/auto/LazyPubSub3.xml (RunModel)" time="0.085" />
  <testcase classname="ptolemy.util.test.junit.AutoTests" name="[192] /home/travis/build/icyphy/ptII/ptolemy/actor/lib/test/auto/LazySubClassModel.xml (RunModel)" time="0.045" />
  <testcase classname="ptolemy.util.test.junit.AutoTests" name="[193] /home/travis/build/icyphy/ptII/ptolemy/actor/lib/test/auto/LevelCrossTest1.xml (RunModel)" time="0.014" />
  <testcase classname="ptolemy.util.test.junit.AutoTests" name="[194] /home/travis/build/icyphy/ptII/ptolemy/actor/lib/test/auto/LevelCrossTest10.xml (RunModel)" time="0.024" />
  <testcase classname="ptolemy.util.test.junit.AutoTests" name="[195] /home/travis/build/icyphy/ptII/ptolemy/actor/lib/test/auto/LevelCrossTest11.xml (RunModel)" time="0.019" />
  <testcase classname="ptolemy.util.test.junit.AutoTests" name="[196] /home/travis/build/icyphy/ptII/ptolemy/actor/lib/test/auto/LevelCrossTest12.xml (RunModel)" time="0.021" />
  <testcase classname="ptolemy.util.test.junit.AutoTests" name="[197] /home/travis/build/icyphy/ptII/ptolemy/actor/lib/test/auto/LevelCrossTest13.xml (RunModel)" time="0.019" />
  <testcase classname="ptolemy.util.test.junit.AutoTests" name="[198] /home/travis/build/icyphy/ptII/ptolemy/actor/lib/test/auto/LevelCrossTest2.xml (RunModel)" time="0.014" />
  <testcase classname="ptolemy.util.test.junit.AutoTests" name="[199] /home/travis/build/icyphy/ptII/ptolemy/actor/lib/test/auto/LevelCrossTest3.xml (RunModel)" time="0.019" />
  <testcase classname="ptolemy.util.test.junit.AutoTests" name="[200] /home/travis/build/icyphy/ptII/ptolemy/actor/lib/test/auto/LevelCrossTest4.xml (RunModel)" time="0.015" />
  <testcase classname="ptolemy.util.test.junit.AutoTests" name="[201] /home/travis/build/icyphy/ptII/ptolemy/actor/lib/test/auto/LevelCrossTest5.xml (RunModel)" time="0.028" />
  <testcase classname="ptolemy.util.test.junit.AutoTests" name="[202] /home/travis/build/icyphy/ptII/ptolemy/actor/lib/test/auto/LevelCrossTest6.xml (RunModel)" time="0.024" />
  <testcase classname="ptolemy.util.test.junit.AutoTests" name="[203] /home/travis/build/icyphy/ptII/ptolemy/actor/lib/test/auto/LevelCrossTest7.xml (RunModel)" time="0.019" />
  <testcase classname="ptolemy.util.test.junit.AutoTests" name="[204] /home/travis/build/icyphy/ptII/ptolemy/actor/lib/test/auto/LevelCrossTest8.xml (RunModel)" time="0.022" />
  <testcase classname="ptolemy.util.test.junit.AutoTests" name="[205] /home/travis/build/icyphy/ptII/ptolemy/actor/lib/test/auto/LevelCrossTest9.xml (RunModel)" time="0.018" />
  <testcase classname="ptolemy.util.test.junit.AutoTests" name="[206] /home/travis/build/icyphy/ptII/ptolemy/actor/lib/test/auto/LevinsonDurbin.xml (RunModel)" time="0.015" />
  <testcase classname="ptolemy.util.test.junit.AutoTests" name="[207] /home/travis/build/icyphy/ptII/ptolemy/actor/lib/test/auto/LevinsonDurbin2.xml (RunModel)" time="0.012" />
  <testcase classname="ptolemy.util.test.junit.AutoTests" name="[208] /home/travis/build/icyphy/ptII/ptolemy/actor/lib/test/auto/LevinsonDurbin3.xml (RunModel)" time="0.012" />
  <testcase classname="ptolemy.util.test.junit.AutoTests" name="[209] /home/travis/build/icyphy/ptII/ptolemy/actor/lib/test/auto/Limiter.xml (RunModel)" time="0.043" />
  <testcase classname="ptolemy.util.test.junit.AutoTests" name="[210] /home/travis/build/icyphy/ptII/ptolemy/actor/lib/test/auto/LinearDifferenceEquationSystem.xml (RunModel)" time="0.026" />
  <testcase classname="ptolemy.util.test.junit.AutoTests" name="[211] /home/travis/build/icyphy/ptII/ptolemy/actor/lib/test/auto/LookupTable.xml (RunModel)" time="0.012" />
  <testcase classname="ptolemy.util.test.junit.AutoTests" name="[212] /home/travis/build/icyphy/ptII/ptolemy/actor/lib/test/auto/MathFunction.xml (RunModel)" time="0.027" />
  <testcase classname="ptolemy.util.test.junit.AutoTests" name="[213] /home/travis/build/icyphy/ptII/ptolemy/actor/lib/test/auto/MathFunction2.xml (RunModel)" time="0.01" />
  <testcase classname="ptolemy.util.test.junit.AutoTests" name="[214] /home/travis/build/icyphy/ptII/ptolemy/actor/lib/test/auto/MathFunction3.xml (RunModel)" time="0.028" />
  <testcase classname="ptolemy.util.test.junit.AutoTests" name="[215] /home/travis/build/icyphy/ptII/ptolemy/actor/lib/test/auto/MatrixCropBoolean.xml (RunModel)" time="0.012" />
  <testcase classname="ptolemy.util.test.junit.AutoTests" name="[216] /home/travis/build/icyphy/ptII/ptolemy/actor/lib/test/auto/MatrixCropComplex.xml (RunModel)" time="0.012" />
  <testcase classname="ptolemy.util.test.junit.AutoTests" name="[217] /home/travis/build/icyphy/ptII/ptolemy/actor/lib/test/auto/MatrixCropDouble.xml (RunModel)" time="0.01" />
  <testcase classname="ptolemy.util.test.junit.AutoTests" name="[218] /home/travis/build/icyphy/ptII/ptolemy/actor/lib/test/auto/MatrixCropFix.xml (RunModel)" time="0.012" />
  <testcase classname="ptolemy.util.test.junit.AutoTests" name="[219] /home/travis/build/icyphy/ptII/ptolemy/actor/lib/test/auto/MatrixCropInt.xml (RunModel)" time="0.01" />
  <testcase classname="ptolemy.util.test.junit.AutoTests" name="[220] /home/travis/build/icyphy/ptII/ptolemy/actor/lib/test/auto/MatrixCropLong.xml (RunModel)" time="0.011" />
  <testcase classname="ptolemy.util.test.junit.AutoTests" name="[221] /home/travis/build/icyphy/ptII/ptolemy/actor/lib/test/auto/MatrixToArray.xml (RunModel)" time="0.083" />
  <testcase classname="ptolemy.util.test.junit.AutoTests" name="[222] /home/travis/build/icyphy/ptII/ptolemy/actor/lib/test/auto/MaxIndex.xml (RunModel)" time="0.016" />
  <testcase classname="ptolemy.util.test.junit.AutoTests" name="[223] /home/travis/build/icyphy/ptII/ptolemy/actor/lib/test/auto/Maximum.xml (RunModel)" time="0.017" />
  <testcase classname="ptolemy.util.test.junit.AutoTests" name="[224] /home/travis/build/icyphy/ptII/ptolemy/actor/lib/test/auto/MaximumComplex.xml (RunModel)" time="0.024" />
  <testcase classname="ptolemy.util.test.junit.AutoTests" name="[225] /home/travis/build/icyphy/ptII/ptolemy/actor/lib/test/auto/MethodCallTest.xml (RunModel)" time="0.028" />
  <testcase classname="ptolemy.util.test.junit.AutoTests" name="[226] /home/travis/build/icyphy/ptII/ptolemy/actor/lib/test/auto/Minimum.xml (RunModel)" time="0.02" />
  <testcase classname="ptolemy.util.test.junit.AutoTests" name="[227] /home/travis/build/icyphy/ptII/ptolemy/actor/lib/test/auto/MinimumComplex.xml (RunModel)" time="0.019" />
  <testcase classname="ptolemy.util.test.junit.AutoTests" name="[228] /home/travis/build/icyphy/ptII/ptolemy/actor/lib/test/auto/MinimumMultiports.xml (RunModel)" time="0.035" />
  <testcase classname="ptolemy.util.test.junit.AutoTests" name="[229] /home/travis/build/icyphy/ptII/ptolemy/actor/lib/test/auto/ModifyDate.xml (RunModel)" time="0.068" />
  <testcase classname="ptolemy.util.test.junit.AutoTests" name="[230] /home/travis/build/icyphy/ptII/ptolemy/actor/lib/test/auto/ModifyDate2.xml (RunModel)" time="0.043" />
  <testcase classname="ptolemy.util.test.junit.AutoTests" name="[231] /home/travis/build/icyphy/ptII/ptolemy/actor/lib/test/auto/MovingAverage.xml (RunModel)" time="0.015" />
  <testcase classname="ptolemy.util.test.junit.AutoTests" name="[232] /home/travis/build/icyphy/ptII/ptolemy/actor/lib/test/auto/MovingMaximum.xml (RunModel)" time="0.012" />
  <testcase classname="ptolemy.util.test.junit.AutoTests" name="[233] /home/travis/build/icyphy/ptII/ptolemy/actor/lib/test/auto/MultipleLinksToSameRelation.xml (RunModel)" time="0.009" />
  <testcase classname="ptolemy.util.test.junit.AutoTests" name="[234] /home/travis/build/icyphy/ptII/ptolemy/actor/lib/test/auto/MultipleLinksToSameRelationDE.xml (RunModel)" time="0.012" />
  <testcase classname="ptolemy.util.test.junit.AutoTests" name="[235] /home/travis/build/icyphy/ptII/ptolemy/actor/lib/test/auto/Multiplexor.xml (RunModel)" time="0.014" />
  <testcase classname="ptolemy.util.test.junit.AutoTests" name="[236] /home/travis/build/icyphy/ptII/ptolemy/actor/lib/test/auto/Multiplexor1.xml (RunModel)" time="0.014" />
  <testcase classname="ptolemy.util.test.junit.AutoTests" name="[237] /home/travis/build/icyphy/ptII/ptolemy/actor/lib/test/auto/Multiplexor2.xml (RunModel)" time="0.018" />
  <testcase classname="ptolemy.util.test.junit.AutoTests" name="[238] /home/travis/build/icyphy/ptII/ptolemy/actor/lib/test/auto/Multiplexor3.xml (RunModel)" time="0.011" />
  <testcase classname="ptolemy.util.test.junit.AutoTests" name="[239] /home/travis/build/icyphy/ptII/ptolemy/actor/lib/test/auto/MultiplexorDE.xml (RunModel)" time="0.024" />
  <testcase classname="ptolemy.util.test.junit.AutoTests" name="[240] /home/travis/build/icyphy/ptII/ptolemy/actor/lib/test/auto/MultiportBroadcastTest.xml (RunModel)" time="0.112" />
  <testcase classname="ptolemy.util.test.junit.AutoTests" name="[241] /home/travis/build/icyphy/ptII/ptolemy/actor/lib/test/auto/MultiportOutHangDuringGetWidth.xml (RunModel)" time="0.049" />
  <testcase classname="ptolemy.util.test.junit.AutoTests" name="[242] /home/travis/build/icyphy/ptII/ptolemy/actor/lib/test/auto/NilToken.xml (RunModel)" time="0.009" />
  <testcase classname="ptolemy.util.test.junit.AutoTests" name="[243] /home/travis/build/icyphy/ptII/ptolemy/actor/lib/test/auto/NilTokenNonStrictTest.xml (RunModel)" time="0.014" />
  <testcase classname="ptolemy.util.test.junit.AutoTests" name="[244] /home/travis/build/icyphy/ptII/ptolemy/actor/lib/test/auto/NilTokenRecord.xml (RunModel)" time="0.028" />
  <testcase classname="ptolemy.util.test.junit.AutoTests" name="[245] /home/travis/build/icyphy/ptII/ptolemy/actor/lib/test/auto/NilTokenTypeTest.xml (RunModel)" time="0.043" />
  <testcase classname="ptolemy.util.test.junit.AutoTests" name="[246] /home/travis/build/icyphy/ptII/ptolemy/actor/lib/test/auto/ObjectToken1.xml (RunModel)" time="0.012" />
  <testcase classname="ptolemy.util.test.junit.AutoTests" name="[247] /home/travis/build/icyphy/ptII/ptolemy/actor/lib/test/auto/OrderedMerge.xml (RunModel)" time="0.02" />
  <testcase classname="ptolemy.util.test.junit.AutoTests" name="[248] /home/travis/build/icyphy/ptII/ptolemy/actor/lib/test/auto/OrderedRecordDisassembler.xml (RunModel)" time="0.02" />
  <testcase classname="ptolemy.util.test.junit.AutoTests" name="[249] /home/travis/build/icyphy/ptII/ptolemy/actor/lib/test/auto/OrderedRecordDisassembler2.xml (RunModel)" time="0.024" />
  <testcase classname="ptolemy.util.test.junit.AutoTests" name="[250] /home/travis/build/icyphy/ptII/ptolemy/actor/lib/test/auto/OrderedRecordUpdater.xml (RunModel)" time="0.021" />
  <testcase classname="ptolemy.util.test.junit.AutoTests" name="[251] /home/travis/build/icyphy/ptII/ptolemy/actor/lib/test/auto/OrderedRecordUpdater2.xml (RunModel)" time="0.015" />
  <testcase classname="ptolemy.util.test.junit.AutoTests" name="[252] /home/travis/build/icyphy/ptII/ptolemy/actor/lib/test/auto/PhaseUnwrap.xml (RunModel)" time="0.016" />
  <testcase classname="ptolemy.util.test.junit.AutoTests" name="[253] /home/travis/build/icyphy/ptII/ptolemy/actor/lib/test/auto/PoissonClock.xml (RunModel)" time="0.011" />
  <testcase classname="ptolemy.util.test.junit.AutoTests" name="[254] /home/travis/build/icyphy/ptII/ptolemy/actor/lib/test/auto/PoissonClock2.xml (RunModel)" time="0.02" />
  <testcase classname="ptolemy.util.test.junit.AutoTests" name="[255] /home/travis/build/icyphy/ptII/ptolemy/actor/lib/test/auto/PoissonClock3.xml (RunModel)" time="0.018" />
  <testcase classname="ptolemy.util.test.junit.AutoTests" name="[256] /home/travis/build/icyphy/ptII/ptolemy/actor/lib/test/auto/PubSubWithInitialTokens.xml (RunModel)" time="0.015" />
  <testcase classname="ptolemy.util.test.junit.AutoTests" name="[257] /home/travis/build/icyphy/ptII/ptolemy/actor/lib/test/auto/PubSubWithInitialTokens2.xml (RunModel)" time="0.016" />
  <testcase classname="ptolemy.util.test.junit.AutoTests" name="[258] /home/travis/build/icyphy/ptII/ptolemy/actor/lib/test/auto/PublisherClassNoParameter.xml (RunModel)" time="0.035" />
  <testcase classname="ptolemy.util.test.junit.AutoTests" name="[259] /home/travis/build/icyphy/ptII/ptolemy/actor/lib/test/auto/PublisherClassParameter.xml (RunModel)" time="0.029" />
  <testcase classname="ptolemy.util.test.junit.AutoTests" name="[260] /home/travis/build/icyphy/ptII/ptolemy/actor/lib/test/auto/PublisherNonStrictTest.xml (RunModel)" time="0.023" />
  <testcase classname="ptolemy.util.test.junit.AutoTests" name="[261] /home/travis/build/icyphy/ptII/ptolemy/actor/lib/test/auto/PublisherPort1.xml (RunModel)" time="0.015" />
  <testcase classname="ptolemy.util.test.junit.AutoTests" name="[262] /home/travis/build/icyphy/ptII/ptolemy/actor/lib/test/auto/PublisherPort2.xml (RunModel)" time="0.012" />
  <testcase classname="ptolemy.util.test.junit.AutoTests" name="[263] /home/travis/build/icyphy/ptII/ptolemy/actor/lib/test/auto/PublisherPort3.xml (RunModel)" time="0.022" />
  <testcase classname="ptolemy.util.test.junit.AutoTests" name="[264] /home/travis/build/icyphy/ptII/ptolemy/actor/lib/test/auto/PublisherPort4.xml (RunModel)" time="0.012" />
  <testcase classname="ptolemy.util.test.junit.AutoTests" name="[265] /home/travis/build/icyphy/ptII/ptolemy/actor/lib/test/auto/PublisherPort5.xml (RunModel)" time="0.018" />
  <testcase classname="ptolemy.util.test.junit.AutoTests" name="[266] /home/travis/build/icyphy/ptII/ptolemy/actor/lib/test/auto/PublisherPort5LookAlike.xml (RunModel)" time="0.019" />
  <testcase classname="ptolemy.util.test.junit.AutoTests" name="[267] /home/travis/build/icyphy/ptII/ptolemy/actor/lib/test/auto/PublisherPort6.xml (RunModel)" time="0.015" />
  <testcase classname="ptolemy.util.test.junit.AutoTests" name="[268] /home/travis/build/icyphy/ptII/ptolemy/actor/lib/test/auto/PublisherPort7.xml (RunModel)" time="0.019" />
  <testcase classname="ptolemy.util.test.junit.AutoTests" name="[269] /home/travis/build/icyphy/ptII/ptolemy/actor/lib/test/auto/PublisherPort8.xml (RunModel)" time="0.019" />
  <testcase classname="ptolemy.util.test.junit.AutoTests" name="[270] /home/travis/build/icyphy/ptII/ptolemy/actor/lib/test/auto/PublisherPortSubscriberChannelVariablesAOC2.xml (RunModel)" time="0.045" />
  <testcase classname="ptolemy.util.test.junit.AutoTests" name="[271] /home/travis/build/icyphy/ptII/ptolemy/actor/lib/test/auto/PublisherPortSubscriberOpaqueWidthInference.xml (RunModel)" time="0.021" />
  <testcase classname="ptolemy.util.test.junit.AutoTests" name="[272] /home/travis/build/icyphy/ptII/ptolemy/actor/lib/test/auto/PublisherPortSubscriberPortAdjacent.xml (RunModel)" time="0.023" />
  <testcase classname="ptolemy.util.test.junit.AutoTests" name="[273] /home/travis/build/icyphy/ptII/ptolemy/actor/lib/test/auto/PublisherPortSubscriberPortExpression.xml (RunModel)" time="0.02" />
  <testcase classname="ptolemy.util.test.junit.AutoTests" name="[274] /home/travis/build/icyphy/ptII/ptolemy/actor/lib/test/auto/PublisherPortSubscriberPortOpaqueD3Reverse.xml (RunModel)" time="0.042" />
  <testcase classname="ptolemy.util.test.junit.AutoTests" name="[275] /home/travis/build/icyphy/ptII/ptolemy/actor/lib/test/auto/PublisherPortSubscriberPortOpaqueWidthInference.xml (RunModel)" time="0.019" />
  <testcase classname="ptolemy.util.test.junit.AutoTests" name="[276] /home/travis/build/icyphy/ptII/ptolemy/actor/lib/test/auto/PublisherPortToplevelSubscriberPortAOC.xml (RunModel)" time="0.011" />
  <testcase classname="ptolemy.util.test.junit.AutoTests" name="[277] /home/travis/build/icyphy/ptII/ptolemy/actor/lib/test/auto/PublisherSubscriber.xml (RunModel)" time="0.016" />
  <testcase classname="ptolemy.util.test.junit.AutoTests" name="[278] /home/travis/build/icyphy/ptII/ptolemy/actor/lib/test/auto/PublisherSubscriber10.xml (RunModel)" time="0.025" />
  <testcase classname="ptolemy.util.test.junit.AutoTests" name="[279] /home/travis/build/icyphy/ptII/ptolemy/actor/lib/test/auto/PublisherSubscriber10InitialOutputs.xml (RunModel)" time="0.024" />
  <testcase classname="ptolemy.util.test.junit.AutoTests" name="[280] /home/travis/build/icyphy/ptII/ptolemy/actor/lib/test/auto/PublisherSubscriber11.xml (RunModel)" time="0.032" />
  <testcase classname="ptolemy.util.test.junit.AutoTests" name="[281] /home/travis/build/icyphy/ptII/ptolemy/actor/lib/test/auto/PublisherSubscriber12.xml (RunModel)" time="0.02" />
  <testcase classname="ptolemy.util.test.junit.AutoTests" name="[282] /home/travis/build/icyphy/ptII/ptolemy/actor/lib/test/auto/PublisherSubscriber13.xml (RunModel)" time="0.013" />
  <testcase classname="ptolemy.util.test.junit.AutoTests" name="[283] /home/travis/build/icyphy/ptII/ptolemy/actor/lib/test/auto/PublisherSubscriber14.xml (RunModel)" time="0.032" />
  <testcase classname="ptolemy.util.test.junit.AutoTests" name="[284] /home/travis/build/icyphy/ptII/ptolemy/actor/lib/test/auto/PublisherSubscriber2.xml (RunModel)" time="0.014" />
  <testcase classname="ptolemy.util.test.junit.AutoTests" name="[285] /home/travis/build/icyphy/ptII/ptolemy/actor/lib/test/auto/PublisherSubscriber3.xml (RunModel)" time="0.012" />
  <testcase classname="ptolemy.util.test.junit.AutoTests" name="[286] /home/travis/build/icyphy/ptII/ptolemy/actor/lib/test/auto/PublisherSubscriber4.xml (RunModel)" time="0.011" />
  <testcase classname="ptolemy.util.test.junit.AutoTests" name="[287] /home/travis/build/icyphy/ptII/ptolemy/actor/lib/test/auto/PublisherSubscriber5.xml (RunModel)" time="0.016" />
  <testcase classname="ptolemy.util.test.junit.AutoTests" name="[288] /home/travis/build/icyphy/ptII/ptolemy/actor/lib/test/auto/PublisherSubscriber6.xml (RunModel)" time="0.015" />
  <testcase classname="ptolemy.util.test.junit.AutoTests" name="[289] /home/travis/build/icyphy/ptII/ptolemy/actor/lib/test/auto/PublisherSubscriber7.xml (RunModel)" time="0.018" />
  <testcase classname="ptolemy.util.test.junit.AutoTests" name="[290] /home/travis/build/icyphy/ptII/ptolemy/actor/lib/test/auto/PublisherSubscriber8.xml (RunModel)" time="0.039" />
  <testcase classname="ptolemy.util.test.junit.AutoTests" name="[291] /home/travis/build/icyphy/ptII/ptolemy/actor/lib/test/auto/PublisherSubscriber9.xml (RunModel)" time="0.026" />
  <testcase classname="ptolemy.util.test.junit.AutoTests" name="[292] /home/travis/build/icyphy/ptII/ptolemy/actor/lib/test/auto/PublisherSubscriberAdjacent.xml (RunModel)" time="0.024" />
  <testcase classname="ptolemy.util.test.junit.AutoTests" name="[293] /home/travis/build/icyphy/ptII/ptolemy/actor/lib/test/auto/PublisherSubscriberChannelVariablesAOC2.xml (RunModel)" time="0.037" />
  <testcase classname="ptolemy.util.test.junit.AutoTests" name="[294] /home/travis/build/icyphy/ptII/ptolemy/actor/lib/test/auto/PublisherSubscriberD3.xml (RunModel)" time="0.02" />
  <testcase classname="ptolemy.util.test.junit.AutoTests" name="[295] /home/travis/build/icyphy/ptII/ptolemy/actor/lib/test/auto/PublisherSubscriberD3Reverse.xml (RunModel)" time="0.015" />
  <testcase classname="ptolemy.util.test.junit.AutoTests" name="[296] /home/travis/build/icyphy/ptII/ptolemy/actor/lib/test/auto/PublisherSubscriberExpression.xml (RunModel)" time="0.026" />
  <testcase classname="ptolemy.util.test.junit.AutoTests" name="[297] /home/travis/build/icyphy/ptII/ptolemy/actor/lib/test/auto/PublisherSubscriberOpaque.xml (RunModel)" time="0.022" />
  <testcase classname="ptolemy.util.test.junit.AutoTests" name="[298] /home/travis/build/icyphy/ptII/ptolemy/actor/lib/test/auto/PublisherSubscriberOpaqueD3.xml (RunModel)" time="0.032" />
  <testcase classname="ptolemy.util.test.junit.AutoTests" name="[299] /home/travis/build/icyphy/ptII/ptolemy/actor/lib/test/auto/PublisherSubscriberOpaqueD3Reverse.xml (RunModel)" time="0.029" />
  <testcase classname="ptolemy.util.test.junit.AutoTests" name="[300] /home/travis/build/icyphy/ptII/ptolemy/actor/lib/test/auto/PublisherSubscriberOpaqueWidthInference.xml (RunModel)" time="0.021" />
  <testcase classname="ptolemy.util.test.junit.AutoTests" name="[301] /home/travis/build/icyphy/ptII/ptolemy/actor/lib/test/auto/PublisherTestSubscriber.xml (RunModel)" time="0.02" />
  <testcase classname="ptolemy.util.test.junit.AutoTests" name="[302] /home/travis/build/icyphy/ptII/ptolemy/actor/lib/test/auto/PublisherToplevelSubscriberPortAOC.xml (RunModel)" time="0.013" />
  <testcase classname="ptolemy.util.test.junit.AutoTests" name="[303] /home/travis/build/icyphy/ptII/ptolemy/actor/lib/test/auto/PulseFiringLimitDE.xml (RunModel)" time="0.02" />
  <testcase classname="ptolemy.util.test.junit.AutoTests" name="[304] /home/travis/build/icyphy/ptII/ptolemy/actor/lib/test/auto/Ramp1.xml (RunModel)" time="0.007" />
  <testcase classname="ptolemy.util.test.junit.AutoTests" name="[305] /home/travis/build/icyphy/ptII/ptolemy/actor/lib/test/auto/RampFiringLimitDE.xml (RunModel)" time="0.015" />
  <testcase classname="ptolemy.util.test.junit.AutoTests" name="[306] /home/travis/build/icyphy/ptII/ptolemy/actor/lib/test/auto/RampFiringLimitSDF.xml (RunModel)" time="0.014" />
  <testcase classname="ptolemy.util.test.junit.AutoTests" name="[307] /home/travis/build/icyphy/ptII/ptolemy/actor/lib/test/auto/RandomInteger.xml (RunModel)" time="0.009" />
  <testcase classname="ptolemy.util.test.junit.AutoTests" name="[308] /home/travis/build/icyphy/ptII/ptolemy/actor/lib/test/auto/ReadFile1.xml (RunModel)" time="0.01" />
  <testcase classname="ptolemy.util.test.junit.AutoTests" name="[309] /home/travis/build/icyphy/ptII/ptolemy/actor/lib/test/auto/ReadFile2.xml (RunModel)" time="0.008" />
  <testcase classname="ptolemy.util.test.junit.AutoTests" name="[310] /home/travis/build/icyphy/ptII/ptolemy/actor/lib/test/auto/Reader.xml (RunModel)" time="0.011" />
  <testcase classname="ptolemy.util.test.junit.AutoTests" name="[311] /home/travis/build/icyphy/ptII/ptolemy/actor/lib/test/auto/RecordAssemblerDisplayNameTest.xml (RunModel)" time="4.932" />
  <testcase classname="ptolemy.util.test.junit.AutoTests" name="[312] /home/travis/build/icyphy/ptII/ptolemy/actor/lib/test/auto/RecordAssemblerTypeError.xml (RunModel)" time="0.062" />
  <testcase classname="ptolemy.util.test.junit.AutoTests" name="[313] /home/travis/build/icyphy/ptII/ptolemy/actor/lib/test/auto/RecordDisassember.xml (RunModel)" time="0.017" />
  <testcase classname="ptolemy.util.test.junit.AutoTests" name="[314] /home/travis/build/icyphy/ptII/ptolemy/actor/lib/test/auto/RecordDisassemberDisplayNameTest.xml (RunModel)" time="0.032" />
  <testcase classname="ptolemy.util.test.junit.AutoTests" name="[315] /home/travis/build/icyphy/ptII/ptolemy/actor/lib/test/auto/RecordDisassembler.xml (RunModel)" time="0.011" />
  <testcase classname="ptolemy.util.test.junit.AutoTests" name="[316] /home/travis/build/icyphy/ptII/ptolemy/actor/lib/test/auto/RecordDisassembler2.xml (RunModel)" time="0.012" />
  <testcase classname="ptolemy.util.test.junit.AutoTests" name="[317] /home/travis/build/icyphy/ptII/ptolemy/actor/lib/test/auto/RecordUpdater.xml (RunModel)" time="0.013" />
  <testcase classname="ptolemy.util.test.junit.AutoTests" name="[318] /home/travis/build/icyphy/ptII/ptolemy/actor/lib/test/auto/RecordUpdater2.xml (RunModel)" time="0.01" />
  <testcase classname="ptolemy.util.test.junit.AutoTests" name="[319] /home/travis/build/icyphy/ptII/ptolemy/actor/lib/test/auto/RecursiveLattice.xml (RunModel)" time="0.009" />
  <testcase classname="ptolemy.util.test.junit.AutoTests" name="[320] /home/travis/build/icyphy/ptII/ptolemy/actor/lib/test/auto/Router.xml (RunModel)" time="3.031" />
  <testcase classname="ptolemy.util.test.junit.AutoTests" name="[321] /home/travis/build/icyphy/ptII/ptolemy/actor/lib/test/auto/Router2.xml (RunModel)" time="3.027" />
  <testcase classname="ptolemy.util.test.junit.AutoTests" name="[322] /home/travis/build/icyphy/ptII/ptolemy/actor/lib/test/auto/RunningMaximum.xml (RunModel)" time="0.02" />
  <testcase classname="ptolemy.util.test.junit.AutoTests" name="[323] /home/travis/build/icyphy/ptII/ptolemy/actor/lib/test/auto/RunningMinimum.xml (RunModel)" time="0.011" />
  <testcase classname="ptolemy.util.test.junit.AutoTests" name="[324] /home/travis/build/icyphy/ptII/ptolemy/actor/lib/test/auto/Scale.xml (RunModel)" time="0.009" />
  <testcase classname="ptolemy.util.test.junit.AutoTests" name="[325] /home/travis/build/icyphy/ptII/ptolemy/actor/lib/test/auto/Scale2.xml (RunModel)" time="0.012" />
  <testcase classname="ptolemy.util.test.junit.AutoTests" name="[326] /home/travis/build/icyphy/ptII/ptolemy/actor/lib/test/auto/Scale3.xml (RunModel)" time="0.016" />
  <testcase classname="ptolemy.util.test.junit.AutoTests" name="[327] /home/travis/build/icyphy/ptII/ptolemy/actor/lib/test/auto/ScaleArray.xml (RunModel)" time="0.008" />
  <testcase classname="ptolemy.util.test.junit.AutoTests" name="[328] /home/travis/build/icyphy/ptII/ptolemy/actor/lib/test/auto/ScaleArray2.xml (RunModel)" time="0.009" />
  <testcase classname="ptolemy.util.test.junit.AutoTests" name="[329] /home/travis/build/icyphy/ptII/ptolemy/actor/lib/test/auto/ScaleMatrix.xml (RunModel)" time="0.219" />
  <testcase classname="ptolemy.util.test.junit.AutoTests" name="[330] /home/travis/build/icyphy/ptII/ptolemy/actor/lib/test/auto/Select.xml (RunModel)" time="0.02" />
  <testcase classname="ptolemy.util.test.junit.AutoTests" name="[331] /home/travis/build/icyphy/ptII/ptolemy/actor/lib/test/auto/Select2.xml (RunModel)" time="0.01" />
  <testcase classname="ptolemy.util.test.junit.AutoTests" name="[332] /home/travis/build/icyphy/ptII/ptolemy/actor/lib/test/auto/SequenceToArray2.xml (RunModel)" time="0.141" />
  <testcase classname="ptolemy.util.test.junit.AutoTests" name="[333] /home/travis/build/icyphy/ptII/ptolemy/actor/lib/test/auto/SequentialClock.xml (RunModel)" time="0.009" />
  <testcase classname="ptolemy.util.test.junit.AutoTests" name="[334] /home/travis/build/icyphy/ptII/ptolemy/actor/lib/test/auto/SetVariable.xml (RunModel)" time="0.013" />
  <testcase classname="ptolemy.util.test.junit.AutoTests" name="[335] /home/travis/build/icyphy/ptII/ptolemy/actor/lib/test/auto/SetVariable2.xml (RunModel)" time="0.012" />
  <testcase classname="ptolemy.util.test.junit.AutoTests" name="[336] /home/travis/build/icyphy/ptII/ptolemy/actor/lib/test/auto/SetVariable3.xml (RunModel)" time="0.017" />
  <testcase classname="ptolemy.util.test.junit.AutoTests" name="[337] /home/travis/build/icyphy/ptII/ptolemy/actor/lib/test/auto/SetVariable4.xml (RunModel)" time="0.029" />
  <testcase classname="ptolemy.util.test.junit.AutoTests" name="[338] /home/travis/build/icyphy/ptII/ptolemy/actor/lib/test/auto/SetVariable5.xml (RunModel)" time="0.044" />
  <testcase classname="ptolemy.util.test.junit.AutoTests" name="[339] /home/travis/build/icyphy/ptII/ptolemy/actor/lib/test/auto/Sinewave.xml (RunModel)" time="0.057" />
  <testcase classname="ptolemy.util.test.junit.AutoTests" name="[340] /home/travis/build/icyphy/ptII/ptolemy/actor/lib/test/auto/Sinewave2.xml (RunModel)" time="0.019" />
  <testcase classname="ptolemy.util.test.junit.AutoTests" name="[341] /home/travis/build/icyphy/ptII/ptolemy/actor/lib/test/auto/Sinewave3.xml (RunModel)" time="0.044" />
  <testcase classname="ptolemy.util.test.junit.AutoTests" name="[342] /home/travis/build/icyphy/ptII/ptolemy/actor/lib/test/auto/SingleEvent.xml (RunModel)" time="0.01" />
  <testcase classname="ptolemy.util.test.junit.AutoTests" name="[343] /home/travis/build/icyphy/ptII/ptolemy/actor/lib/test/auto/Sleep.xml (RunModel)" time="6.014" />
  <testcase classname="ptolemy.util.test.junit.AutoTests" name="[344] /home/travis/build/icyphy/ptII/ptolemy/actor/lib/test/auto/SleepMultipleFire.xml (RunModel)" time="1.022" />
  <testcase classname="ptolemy.util.test.junit.AutoTests" name="[345] /home/travis/build/icyphy/ptII/ptolemy/actor/lib/test/auto/StopDE.xml (RunModel)" time="0.017" />
  <testcase classname="ptolemy.util.test.junit.AutoTests" name="[346] /home/travis/build/icyphy/ptII/ptolemy/actor/lib/test/auto/StopSDF.xml (RunModel)" time="0.016" />
  <testcase classname="ptolemy.util.test.junit.AutoTests" name="[347] /home/travis/build/icyphy/ptII/ptolemy/actor/lib/test/auto/StringConstant.xml (RunModel)" time="0.01" />
  <testcase classname="ptolemy.util.test.junit.AutoTests" name="[348] /home/travis/build/icyphy/ptII/ptolemy/actor/lib/test/auto/SubscriberPortInitialValues1.xml (RunModel)" time="0.025" />
  <testcase classname="ptolemy.util.test.junit.AutoTests" name="[349] /home/travis/build/icyphy/ptII/ptolemy/actor/lib/test/auto/SubscriberPortInitialValues13.xml (RunModel)" time="0.033" />
  <testcase classname="ptolemy.util.test.junit.AutoTests" name="[350] /home/travis/build/icyphy/ptII/ptolemy/actor/lib/test/auto/SubscriberPortInitialValues14.xml (RunModel)" time="0.022" />
  <testcase classname="ptolemy.util.test.junit.AutoTests" name="[351] /home/travis/build/icyphy/ptII/ptolemy/actor/lib/test/auto/SubscriberPortInitialValues2.xml (RunModel)" time="0.024" />
  <testcase classname="ptolemy.util.test.junit.AutoTests" name="[352] /home/travis/build/icyphy/ptII/ptolemy/actor/lib/test/auto/SubscriberPortInitialValues3.xml (RunModel)" time="0.028" />
  <testcase classname="ptolemy.util.test.junit.AutoTests" name="[353] /home/travis/build/icyphy/ptII/ptolemy/actor/lib/test/auto/SubscriptionAggregator.xml (RunModel)" time="0.015" />
  <testcase classname="ptolemy.util.test.junit.AutoTests" name="[354] /home/travis/build/icyphy/ptII/ptolemy/actor/lib/test/auto/SubscriptionAggregator2.xml (RunModel)" time="0.015" />
  <testcase classname="ptolemy.util.test.junit.AutoTests" name="[355] /home/travis/build/icyphy/ptII/ptolemy/actor/lib/test/auto/SubscriptionAggregator3.xml (RunModel)" time="0.021" />
  <testcase classname="ptolemy.util.test.junit.AutoTests" name="[356] /home/travis/build/icyphy/ptII/ptolemy/actor/lib/test/auto/SubscriptionAggregatorMultiply.xml (RunModel)" time="0.02" />
  <testcase classname="ptolemy.util.test.junit.AutoTests" name="[357] /home/travis/build/icyphy/ptII/ptolemy/actor/lib/test/auto/SubscriptionAggregatorPortMultiply1.xml (RunModel)" time="0.018" />
  <testcase classname="ptolemy.util.test.junit.AutoTests" name="[358] /home/travis/build/icyphy/ptII/ptolemy/actor/lib/test/auto/Switch.xml (RunModel)" time="0.018" />
  <testcase classname="ptolemy.util.test.junit.AutoTests" name="[359] /home/travis/build/icyphy/ptII/ptolemy/actor/lib/test/auto/Switch2.xml (RunModel)" time="0.012" />
  <testcase classname="ptolemy.util.test.junit.AutoTests" name="[360] /home/travis/build/icyphy/ptII/ptolemy/actor/lib/test/auto/SwitchDE.xml (RunModel)" time="0.018" />
  <testcase classname="ptolemy.util.test.junit.AutoTests" name="[361] /home/travis/build/icyphy/ptII/ptolemy/actor/lib/test/auto/SynchronizerDE.xml (RunModel)" time="0.029" />
  <testcase classname="ptolemy.util.test.junit.AutoTests" name="[362] /home/travis/build/icyphy/ptII/ptolemy/actor/lib/test/auto/Test.xml (RunModel)" time="0.013" />
  <testcase classname="ptolemy.util.test.junit.AutoTests" name="[363] /home/travis/build/icyphy/ptII/ptolemy/actor/lib/test/auto/TestExceptionAttribute1.xml (RunModel)" time="0.006" />
  <testcase classname="ptolemy.util.test.junit.AutoTests" name="[364] /home/travis/build/icyphy/ptII/ptolemy/actor/lib/test/auto/TestExceptionAttribute2.xml (RunModel)" time="0.006" />
  <testcase classname="ptolemy.util.test.junit.AutoTests" name="[365] /home/travis/build/icyphy/ptII/ptolemy/actor/lib/test/auto/TestExceptionAttribute3.xml (RunModel)" time="0.007" />
  <testcase classname="ptolemy.util.test.junit.AutoTests" name="[366] /home/travis/build/icyphy/ptII/ptolemy/actor/lib/test/auto/TestExceptionAttribute4.xml (RunModel)" time="0.008" />
  <testcase classname="ptolemy.util.test.junit.AutoTests" name="[367] /home/travis/build/icyphy/ptII/ptolemy/actor/lib/test/auto/TestExceptionHandler1.xml (RunModel)" time="0.006" />
  <testcase classname="ptolemy.util.test.junit.AutoTests" name="[368] /home/travis/build/icyphy/ptII/ptolemy/actor/lib/test/auto/TestExceptionHandler2.xml (RunModel)" time="0.007" />
  <testcase classname="ptolemy.util.test.junit.AutoTests" name="[369] /home/travis/build/icyphy/ptII/ptolemy/actor/lib/test/auto/TestExceptionHandler3.xml (RunModel)" time="0.007" />
  <testcase classname="ptolemy.util.test.junit.AutoTests" name="[370] /home/travis/build/icyphy/ptII/ptolemy/actor/lib/test/auto/TestExceptionHandler4.xml (RunModel)" time="0.007" />
  <testcase classname="ptolemy.util.test.junit.AutoTests" name="[371] /home/travis/build/icyphy/ptII/ptolemy/actor/lib/test/auto/TestRequireCorrectOrder.xml (RunModel)" time="0.013" />
  <testcase classname="ptolemy.util.test.junit.AutoTests" name="[372] /home/travis/build/icyphy/ptII/ptolemy/actor/lib/test/auto/TestSimple.xml (RunModel)" time="0.008" />
  <testcase classname="ptolemy.util.test.junit.AutoTests" name="[373] /home/travis/build/icyphy/ptII/ptolemy/actor/lib/test/auto/ThrowModelError.xml (RunModel)" time="0.013" />
  <testcase classname="ptolemy.util.test.junit.AutoTests" name="[374] /home/travis/build/icyphy/ptII/ptolemy/actor/lib/test/auto/TimeDelayMicrosteps.xml (RunModel)" time="0.018" />
  <testcase classname="ptolemy.util.test.junit.AutoTests" name="[375] /home/travis/build/icyphy/ptII/ptolemy/actor/lib/test/auto/TimeDelayMicrosteps2.xml (RunModel)" time="0.021" />
  <testcase classname="ptolemy.util.test.junit.AutoTests" name="[376] /home/travis/build/icyphy/ptII/ptolemy/actor/lib/test/auto/TimeDelayMicrosteps3.xml (RunModel)" time="0.016" />
  <testcase classname="ptolemy.util.test.junit.AutoTests" name="[377] /home/travis/build/icyphy/ptII/ptolemy/actor/lib/test/auto/TimeDelayVariableMicrosteps.xml (RunModel)" time="0.016" />
  <testcase classname="ptolemy.util.test.junit.AutoTests" name="[378] /home/travis/build/icyphy/ptII/ptolemy/actor/lib/test/auto/TimeGap.xml (RunModel)" time="0.016" />
  <testcase classname="ptolemy.util.test.junit.AutoTests" name="[379] /home/travis/build/icyphy/ptII/ptolemy/actor/lib/test/auto/TimeGap2.xml (RunModel)" time="0.015" />
  <testcase classname="ptolemy.util.test.junit.AutoTests" name="[380] /home/travis/build/icyphy/ptII/ptolemy/actor/lib/test/auto/TimedSinewave.xml (RunModel)" time="0.062" />
  <testcase classname="ptolemy.util.test.junit.AutoTests" name="[381] /home/travis/build/icyphy/ptII/ptolemy/actor/lib/test/auto/TimedSinewavePhase.xml (RunModel)" time="0.035" />
  <testcase classname="ptolemy.util.test.junit.AutoTests" name="[382] /home/travis/build/icyphy/ptII/ptolemy/actor/lib/test/auto/Timer.xml (RunModel)" time="0.016" />
  <testcase classname="ptolemy.util.test.junit.AutoTests" name="[383] /home/travis/build/icyphy/ptII/ptolemy/actor/lib/test/auto/TriangularDistTestModel.xml (RunModel)" time="0.02" />
  <testcase classname="ptolemy.util.test.junit.AutoTests" name="[384] /home/travis/build/icyphy/ptII/ptolemy/actor/lib/test/auto/TrigFunction.xml (RunModel)" time="0.01" />
  <testcase classname="ptolemy.util.test.junit.AutoTests" name="[385] /home/travis/build/icyphy/ptII/ptolemy/actor/lib/test/auto/TrigFunctionDE.xml (RunModel)" time="0.016" />
  <testcase classname="ptolemy.util.test.junit.AutoTests" name="[386] /home/travis/build/icyphy/ptII/ptolemy/actor/lib/test/auto/TrigFunctionInverse.xml (RunModel)" time="0.014" />
  <testcase classname="ptolemy.util.test.junit.AutoTests" name="[387] /home/travis/build/icyphy/ptII/ptolemy/actor/lib/test/auto/TrigFunctionTan.xml (RunModel)" time="0.008" />
  <testcase classname="ptolemy.util.test.junit.AutoTests" name="[388] /home/travis/build/icyphy/ptII/ptolemy/actor/lib/test/auto/TriggeredClock.xml (RunModel)" time="0.01" />
  <testcase classname="ptolemy.util.test.junit.AutoTests" name="[389] /home/travis/build/icyphy/ptII/ptolemy/actor/lib/test/auto/URLDirectoryReader.xml (RunModel)" time="0.095" />
  <testcase classname="ptolemy.util.test.junit.AutoTests" name="[390] /home/travis/build/icyphy/ptII/ptolemy/actor/lib/test/auto/URLDirectoryReader3.xml (RunModel)" time="1.462" />
  <testcase classname="ptolemy.util.test.junit.AutoTests" name="[391] /home/travis/build/icyphy/ptII/ptolemy/actor/lib/test/auto/UnaryMathFunction.xml (RunModel)" time="0.043" />
  <testcase classname="ptolemy.util.test.junit.AutoTests" name="[392] /home/travis/build/icyphy/ptII/ptolemy/actor/lib/test/auto/Uniform.xml (RunModel)" time="0.017" />
  <testcase classname="ptolemy.util.test.junit.AutoTests" name="[393] /home/travis/build/icyphy/ptII/ptolemy/actor/lib/test/auto/UnionDisassemblerTest.xml (RunModel)" time="0.012" />
  <testcase classname="ptolemy.util.test.junit.AutoTests" name="[394] /home/travis/build/icyphy/ptII/ptolemy/actor/lib/test/auto/UtilityFunctions.xml (RunModel)" time="0.009" />
  <testcase classname="ptolemy.util.test.junit.AutoTests" name="[395] /home/travis/build/icyphy/ptII/ptolemy/actor/lib/test/auto/VariableSleep.xml (RunModel)" time="0.558" />
  <testcase classname="ptolemy.util.test.junit.AutoTests" name="[396] /home/travis/build/icyphy/ptII/ptolemy/actor/lib/test/auto/VectorAssemblerDisassemblerCT.xml (RunModel)" time="0.146" />
  <testcase classname="ptolemy.util.test.junit.AutoTests" name="[397] /home/travis/build/icyphy/ptII/ptolemy/actor/lib/test/auto/VectorAssemblerDisassemblerDE.xml (RunModel)" time="0.019" />
  <testcase classname="ptolemy.util.test.junit.AutoTests" name="[398] /home/travis/build/icyphy/ptII/ptolemy/actor/lib/test/auto/VectorAssemblerDisassemblerSDF.xml (RunModel)" time="0.018" />
  <testcase classname="ptolemy.util.test.junit.AutoTests" name="[399] /home/travis/build/icyphy/ptII/ptolemy/actor/lib/test/auto/WallClockTime.xml (RunModel)" time="1.017" />
  <testcase classname="ptolemy.util.test.junit.AutoTests" name="[400] /home/travis/build/icyphy/ptII/ptolemy/actor/lib/test/auto/WidthTestWithSubscriberPublisher.xml (RunModel)" time="0.094" />
  <testcase classname="ptolemy.util.test.junit.AutoTests" name="[401] /home/travis/build/icyphy/ptII/ptolemy/actor/lib/test/auto/WidthTestWithSubscriberPublisher2.xml (RunModel)" time="0.017" />
  <testcase classname="ptolemy.util.test.junit.AutoTests" name="[402] /home/travis/build/icyphy/ptII/ptolemy/actor/lib/test/auto/WidthTestWithSubscriberPublisher3.xml (RunModel)" time="0.014" />
  <testcase classname="ptolemy.util.test.junit.AutoTests" name="[403] /home/travis/build/icyphy/ptII/ptolemy/actor/lib/test/auto/Writer.xml (RunModel)" time="0.008" />
  <testcase classname="ptolemy.util.test.junit.AutoTests" name="[404] /home/travis/build/icyphy/ptII/ptolemy/actor/lib/test/auto/array.xml (RunModel)" time="0.01" />
  <testcase classname="ptolemy.util.test.junit.AutoTests" name="[405] /home/travis/build/icyphy/ptII/ptolemy/actor/lib/test/auto/array2.xml (RunModel)" time="0.015" />
  <testcase classname="ptolemy.util.test.junit.AutoTests" name="[406] /home/travis/build/icyphy/ptII/ptolemy/actor/lib/test/auto/arrayType.xml (RunModel)" time="0.011" />
  <testcase classname="ptolemy.util.test.junit.AutoTests" name="[407] /home/travis/build/icyphy/ptII/ptolemy/actor/lib/test/auto/arrayType10.xml (RunModel)" time="0.01" />
  <testcase classname="ptolemy.util.test.junit.AutoTests" name="[408] /home/travis/build/icyphy/ptII/ptolemy/actor/lib/test/auto/arrayType11.xml (RunModel)" time="0.011" />
  <testcase classname="ptolemy.util.test.junit.AutoTests" name="[409] /home/travis/build/icyphy/ptII/ptolemy/actor/lib/test/auto/arrayType12.xml (RunModel)" time="0.012" />
  <testcase classname="ptolemy.util.test.junit.AutoTests" name="[410] /home/travis/build/icyphy/ptII/ptolemy/actor/lib/test/auto/arrayType13.xml (RunModel)" time="0.011" />
  <testcase classname="ptolemy.util.test.junit.AutoTests" name="[411] /home/travis/build/icyphy/ptII/ptolemy/actor/lib/test/auto/arrayType14.xml (RunModel)" time="0.012" />
  <testcase classname="ptolemy.util.test.junit.AutoTests" name="[412] /home/travis/build/icyphy/ptII/ptolemy/actor/lib/test/auto/arrayType15.xml (RunModel)" time="0.012" />
  <testcase classname="ptolemy.util.test.junit.AutoTests" name="[413] /home/travis/build/icyphy/ptII/ptolemy/actor/lib/test/auto/arrayType16.xml (RunModel)" time="0.011" />
  <testcase classname="ptolemy.util.test.junit.AutoTests" name="[414] /home/travis/build/icyphy/ptII/ptolemy/actor/lib/test/auto/arrayType17.xml (RunModel)" time="0.011" />
  <testcase classname="ptolemy.util.test.junit.AutoTests" name="[415] /home/travis/build/icyphy/ptII/ptolemy/actor/lib/test/auto/arrayType18.xml (RunModel)" time="0.01" />
  <testcase classname="ptolemy.util.test.junit.AutoTests" name="[416] /home/travis/build/icyphy/ptII/ptolemy/actor/lib/test/auto/arrayType19.xml (RunModel)" time="0.01" />
  <testcase classname="ptolemy.util.test.junit.AutoTests" name="[417] /home/travis/build/icyphy/ptII/ptolemy/actor/lib/test/auto/arrayType2.xml (RunModel)" time="0.013" />
  <testcase classname="ptolemy.util.test.junit.AutoTests" name="[418] /home/travis/build/icyphy/ptII/ptolemy/actor/lib/test/auto/arrayType20.xml (RunModel)" time="0.012" />
  <testcase classname="ptolemy.util.test.junit.AutoTests" name="[419] /home/travis/build/icyphy/ptII/ptolemy/actor/lib/test/auto/arrayType21.xml (RunModel)" time="0.011" />
  <testcase classname="ptolemy.util.test.junit.AutoTests" name="[420] /home/travis/build/icyphy/ptII/ptolemy/actor/lib/test/auto/arrayType22.xml (RunModel)" time="0.01" />
  <testcase classname="ptolemy.util.test.junit.AutoTests" name="[421] /home/travis/build/icyphy/ptII/ptolemy/actor/lib/test/auto/arrayType23.xml (RunModel)" time="0.011" />
  <testcase classname="ptolemy.util.test.junit.AutoTests" name="[422] /home/travis/build/icyphy/ptII/ptolemy/actor/lib/test/auto/arrayType24.xml (RunModel)" time="0.01" />
  <testcase classname="ptolemy.util.test.junit.AutoTests" name="[423] /home/travis/build/icyphy/ptII/ptolemy/actor/lib/test/auto/arrayType25.xml (RunModel)" time="0.012" />
  <testcase classname="ptolemy.util.test.junit.AutoTests" name="[424] /home/travis/build/icyphy/ptII/ptolemy/actor/lib/test/auto/arrayType26.xml (RunModel)" time="0.012" />
  <testcase classname="ptolemy.util.test.junit.AutoTests" name="[425] /home/travis/build/icyphy/ptII/ptolemy/actor/lib/test/auto/arrayType27.xml (RunModel)" time="0.011" />
  <testcase classname="ptolemy.util.test.junit.AutoTests" name="[426] /home/travis/build/icyphy/ptII/ptolemy/actor/lib/test/auto/arrayType28.xml (RunModel)" time="0.011" />
  <testcase classname="ptolemy.util.test.junit.AutoTests" name="[427] /home/travis/build/icyphy/ptII/ptolemy/actor/lib/test/auto/arrayType3.xml (RunModel)" time="0.011" />
  <testcase classname="ptolemy.util.test.junit.AutoTests" name="[428] /home/travis/build/icyphy/ptII/ptolemy/actor/lib/test/auto/arrayType4.xml (RunModel)" time="0.012" />
  <testcase classname="ptolemy.util.test.junit.AutoTests" name="[429] /home/travis/build/icyphy/ptII/ptolemy/actor/lib/test/auto/arrayType5.xml (RunModel)" time="0.011" />
  <testcase classname="ptolemy.util.test.junit.AutoTests" name="[430] /home/travis/build/icyphy/ptII/ptolemy/actor/lib/test/auto/arrayType6.xml (RunModel)" time="0.01" />
  <testcase classname="ptolemy.util.test.junit.AutoTests" name="[431] /home/travis/build/icyphy/ptII/ptolemy/actor/lib/test/auto/arrayType7.xml (RunModel)" time="0.011" />
  <testcase classname="ptolemy.util.test.junit.AutoTests" name="[432] /home/travis/build/icyphy/ptII/ptolemy/actor/lib/test/auto/arrayType8.xml (RunModel)" time="0.012" />
  <testcase classname="ptolemy.util.test.junit.AutoTests" name="[433] /home/travis/build/icyphy/ptII/ptolemy/actor/lib/test/auto/arrayType9.xml (RunModel)" time="0.01" />
  <testcase classname="ptolemy.util.test.junit.AutoTests" name="[434] /home/travis/build/icyphy/ptII/ptolemy/actor/lib/test/auto/cast.xml (RunModel)" time="0.011" />
  <testcase classname="ptolemy.util.test.junit.AutoTests" name="[435] /home/travis/build/icyphy/ptII/ptolemy/actor/lib/test/auto/compositeMultiPort.xml (RunModel)" time="0.025" />
  <testcase classname="ptolemy.util.test.junit.AutoTests" name="[436] /home/travis/build/icyphy/ptII/ptolemy/actor/lib/test/auto/expressionCastInference.xml (RunModel)" time="0.011" />
  <testcase classname="ptolemy.util.test.junit.AutoTests" name="[437] /home/travis/build/icyphy/ptII/ptolemy/actor/lib/test/auto/expressionCastInference2.xml (RunModel)" time="0.009" />
  <testcase classname="ptolemy.util.test.junit.AutoTests" name="[438] /home/travis/build/icyphy/ptII/ptolemy/actor/lib/test/auto/expressionInference.xml (RunModel)" time="0.008" />
  <testcase classname="ptolemy.util.test.junit.AutoTests" name="[439] /home/travis/build/icyphy/ptII/ptolemy/actor/lib/test/auto/expression_bug.xml (RunModel)" time="0.008" />
  <testcase classname="ptolemy.util.test.junit.AutoTests" name="[440] /home/travis/build/icyphy/ptII/ptolemy/actor/lib/test/auto/factorial.xml (RunModel)" time="0.073" />
  <testcase classname="ptolemy.util.test.junit.AutoTests" name="[441] /home/travis/build/icyphy/ptII/ptolemy/actor/lib/test/auto/filterTest1.xml (RunModel)" time="0.018" />
  <testcase classname="ptolemy.util.test.junit.AutoTests" name="[442] /home/travis/build/icyphy/ptII/ptolemy/actor/lib/test/auto/funcApplyInConst.xml (RunModel)" time="0.007" />
  <testcase classname="ptolemy.util.test.junit.AutoTests" name="[443] /home/travis/build/icyphy/ptII/ptolemy/actor/lib/test/auto/funcApplyInExpr.xml (RunModel)" time="0.006" />
  <testcase classname="ptolemy.util.test.junit.AutoTests" name="[444] /home/travis/build/icyphy/ptII/ptolemy/actor/lib/test/auto/function.xml (RunModel)" time="0.009" />
  <testcase classname="ptolemy.util.test.junit.AutoTests" name="[445] /home/travis/build/icyphy/ptII/ptolemy/actor/lib/test/auto/function2.xml (RunModel)" time="0.01" />
  <testcase classname="ptolemy.util.test.junit.AutoTests" name="[446] /home/travis/build/icyphy/ptII/ptolemy/actor/lib/test/auto/function3.xml (RunModel)" time="0.008" />
  <testcase classname="ptolemy.util.test.junit.AutoTests" name="[447] /home/travis/build/icyphy/ptII/ptolemy/actor/lib/test/auto/functionClosureTest1.xml (RunModel)" time="0.014" />
  <testcase classname="ptolemy.util.test.junit.AutoTests" name="[448] /home/travis/build/icyphy/ptII/ptolemy/actor/lib/test/auto/functionClosureTest2.xml (RunModel)" time="0.007" />
  <testcase classname="ptolemy.util.test.junit.AutoTests" name="[449] /home/travis/build/icyphy/ptII/ptolemy/actor/lib/test/auto/functionClosureTest3.xml (RunModel)" time="0.012" />
  <testcase classname="ptolemy.util.test.junit.AutoTests" name="[450] /home/travis/build/icyphy/ptII/ptolemy/actor/lib/test/auto/functionClosureTest4.xml (RunModel)" time="0.021" />
  <testcase classname="ptolemy.util.test.junit.AutoTests" name="[451] /home/travis/build/icyphy/ptII/ptolemy/actor/lib/test/auto/functionClosureTest5.xml (RunModel)" time="0.014" />
  <testcase classname="ptolemy.util.test.junit.AutoTests" name="[452] /home/travis/build/icyphy/ptII/ptolemy/actor/lib/test/auto/functionClosureTest6.xml (RunModel)" time="0.012" />
  <testcase classname="ptolemy.util.test.junit.AutoTests" name="[453] /home/travis/build/icyphy/ptII/ptolemy/actor/lib/test/auto/functionsOnArcs.xml (RunModel)" time="0.012" />
  <testcase classname="ptolemy.util.test.junit.AutoTests" name="[454] /home/travis/build/icyphy/ptII/ptolemy/actor/lib/test/auto/functionsOnArcsHOF.xml (RunModel)" time="0.017" />
  <testcase classname="ptolemy.util.test.junit.AutoTests" name="[455] /home/travis/build/icyphy/ptII/ptolemy/actor/lib/test/auto/logic.xml (RunModel)" time="0.022" />
  <testcase classname="ptolemy.util.test.junit.AutoTests" name="[456] /home/travis/build/icyphy/ptII/ptolemy/actor/lib/test/auto/matrixType.xml (RunModel)" time="0.011" />
  <testcase classname="ptolemy.util.test.junit.AutoTests" name="[457] /home/travis/build/icyphy/ptII/ptolemy/actor/lib/test/auto/matrixType10.xml (RunModel)" time="0.011" />
  <testcase classname="ptolemy.util.test.junit.AutoTests" name="[458] /home/travis/build/icyphy/ptII/ptolemy/actor/lib/test/auto/matrixType11.xml (RunModel)" time="0.01" />
  <testcase classname="ptolemy.util.test.junit.AutoTests" name="[459] /home/travis/build/icyphy/ptII/ptolemy/actor/lib/test/auto/matrixType12.xml (RunModel)" time="0.012" />
  <testcase classname="ptolemy.util.test.junit.AutoTests" name="[460] /home/travis/build/icyphy/ptII/ptolemy/actor/lib/test/auto/matrixType13.xml (RunModel)" time="0.009" />
  <testcase classname="ptolemy.util.test.junit.AutoTests" name="[461] /home/travis/build/icyphy/ptII/ptolemy/actor/lib/test/auto/matrixType14.xml (RunModel)" time="0.012" />
  <testcase classname="ptolemy.util.test.junit.AutoTests" name="[462] /home/travis/build/icyphy/ptII/ptolemy/actor/lib/test/auto/matrixType2.xml (RunModel)" time="0.01" />
  <testcase classname="ptolemy.util.test.junit.AutoTests" name="[463] /home/travis/build/icyphy/ptII/ptolemy/actor/lib/test/auto/matrixType3.xml (RunModel)" time="0.012" />
  <testcase classname="ptolemy.util.test.junit.AutoTests" name="[464] /home/travis/build/icyphy/ptII/ptolemy/actor/lib/test/auto/matrixType4.xml (RunModel)" time="0.009" />
  <testcase classname="ptolemy.util.test.junit.AutoTests" name="[465] /home/travis/build/icyphy/ptII/ptolemy/actor/lib/test/auto/matrixType5.xml (RunModel)" time="0.009" />
  <testcase classname="ptolemy.util.test.junit.AutoTests" name="[466] /home/travis/build/icyphy/ptII/ptolemy/actor/lib/test/auto/matrixType6.xml (RunModel)" time="0.01" />
  <testcase classname="ptolemy.util.test.junit.AutoTests" name="[467] /home/travis/build/icyphy/ptII/ptolemy/actor/lib/test/auto/matrixType7.xml (RunModel)" time="0.01" />
  <testcase classname="ptolemy.util.test.junit.AutoTests" name="[468] /home/travis/build/icyphy/ptII/ptolemy/actor/lib/test/auto/matrixType8.xml (RunModel)" time="0.01" />
  <testcase classname="ptolemy.util.test.junit.AutoTests" name="[469] /home/travis/build/icyphy/ptII/ptolemy/actor/lib/test/auto/matrixType9.xml (RunModel)" time="0.009" />
  <testcase classname="ptolemy.util.test.junit.AutoTests" name="[470] /home/travis/build/icyphy/ptII/ptolemy/actor/lib/test/auto/paraFunctest.xml (RunModel)" time="0.013" />
  <testcase classname="ptolemy.util.test.junit.AutoTests" name="[471] /home/travis/build/icyphy/ptII/ptolemy/actor/lib/test/auto/paraFunctest2.xml (RunModel)" time="0.009" />
  <testcase classname="ptolemy.util.test.junit.AutoTests" name="[472] /home/travis/build/icyphy/ptII/ptolemy/actor/lib/test/auto/parameterPassing.xml (RunModel)" time="0.008" />
  <testcase classname="ptolemy.util.test.junit.AutoTests" name="[473] /home/travis/build/icyphy/ptII/ptolemy/actor/lib/test/auto/record.xml (RunModel)" time="0.01" />
  <testcase classname="ptolemy.util.test.junit.AutoTests" name="[474] /home/travis/build/icyphy/ptII/ptolemy/actor/lib/test/auto/sizedarray1.xml (RunModel)" time="0.01" />
  <testcase classname="ptolemy.util.test.junit.AutoTests" name="[475] /home/travis/build/icyphy/ptII/ptolemy/actor/lib/test/auto/sizedarray2.xml (RunModel)" time="0.012" />
  <testcase classname="ptolemy.util.test.junit.AutoTests" name="[476] /home/travis/build/icyphy/ptII/ptolemy/actor/lib/test/auto/twoPublishers.xml (RunModel)" time="0.027" />
  <system-out><![CDATA[/home/travis/build/icyphy/ptII/ptolemy/actor/lib/test/AbsoluteValue.tcl
testDefs.tcl: setting time out to 9000 seconds at Thu May 10 04:04:49 UTC 2018
88 ms. Memory: 116224K Free: 107893K (93%)
4 ms. Memory: 116224K Free: 106659K (92%)
4 ms. Memory: 116224K Free: 106023K (91%)
5 ms. Memory: 116224K Free: 105418K (91%)
/home/travis/build/icyphy/ptII/ptolemy/actor/lib/test/AddSubtract.tcl
10 ms. Memory: 116224K Free: 103022K (89%)
6 ms. Memory: 116224K Free: 102425K (88%)
6 ms. Memory: 116224K Free: 101788K (88%)
7 ms. Memory: 116224K Free: 100595K (87%)
7 ms. Memory: 116224K Free: 99998K (86%)
5 ms. Memory: 116224K Free: 99386K (86%)
/home/travis/build/icyphy/ptII/ptolemy/actor/lib/test/Average.tcl
8 ms. Memory: 116224K Free: 97579K (84%)
8 ms. Memory: 116224K Free: 96370K (83%)
/home/travis/build/icyphy/ptII/ptolemy/actor/lib/test/Bernoulli.tcl
6 ms. Memory: 116224K Free: 94548K (81%)
2 ms. Memory: 116224K Free: 93951K (81%)
/home/travis/build/icyphy/ptII/ptolemy/actor/lib/test/Clock.tcl
preinitializing
resolving types
initializing
executing number 1
wrapping up
idle
13 ms. Memory: 116224K Free: 92145K (79%)
Completed execution with 5 iterations
preinitializing
resolving types
initializing
executing number 1
wrapping up
idle
5 ms. Memory: 116224K Free: 90936K (78%)
Completed execution with 5 iterations
preinitializing
resolving types
initializing
executing number 1
wrapping up
idle
4 ms. Memory: 116224K Free: 90323K (78%)
Completed execution with 5 iterations
/home/travis/build/icyphy/ptII/ptolemy/actor/lib/test/Commutator.tcl
17 ms. Memory: 116224K Free: 88517K (76%)
15 ms. Memory: 116224K Free: 87316K (75%)
20 ms. Memory: 116224K Free: 83059K (71%)
/home/travis/build/icyphy/ptII/ptolemy/actor/lib/test/Const.tcl
6 ms. Memory: 116224K Free: 81261K (70%)
26 ms. Memory: 116224K Free: 111412K (96%)
5 ms. Memory: 116224K Free: 110181K (95%)
3 ms. Memory: 116224K Free: 108965K (94%)
2 ms. Memory: 116224K Free: 108324K (93%)
21 ms. Memory: 116224K Free: 106882K (92%)
11 ms. Memory: 116224K Free: 105680K (91%)
3 ms. Memory: 116224K Free: 104462K (90%)
/home/travis/build/icyphy/ptII/ptolemy/actor/lib/test/CurrentTime.tcl
preinitializing
resolving types
initializing
executing number 1
wrapping up
idle
23 ms. Memory: 116224K Free: 102635K (88%)
Completed execution with 11 iterations
/home/travis/build/icyphy/ptII/ptolemy/actor/lib/test/DB.tcl
5 ms. Memory: 116224K Free: 100823K (87%)
5 ms. Memory: 116224K Free: 100206K (86%)
2 ms. Memory: 116224K Free: 100206K (86%)
/home/travis/build/icyphy/ptII/ptolemy/actor/lib/test/DiscreteRandomSource.tcl
preinitializing
resolving types
initializing
executing number 1
wrapping up
idle
9 ms. Memory: 116224K Free: 98387K (85%)
Completed execution with 4 iterations
preinitializing
resolving types
initializing
executing number 1
wrapping up
idle
3 ms. Memory: 116224K Free: 97770K (84%)
Completed execution with 4 iterations
preinitializing
resolving types
initializing
executing number 1
wrapping up
idle
9 ms. Memory: 116224K Free: 97770K (84%)
Completed execution with 4 iterations
preinitializing
resolving types
initializing
executing number 1
wrapping up
idle
4 ms. Memory: 116224K Free: 97169K (84%)
Completed execution with 4 iterations
preinitializing
resolving types
initializing
executing number 1
wrapping up
idle
12 ms. Memory: 116224K Free: 96552K (83%)
Completed execution with 4 iterations
/home/travis/build/icyphy/ptII/ptolemy/actor/lib/test/Distributor.tcl
5 ms. Memory: 116224K Free: 94741K (82%)
4 ms. Memory: 116224K Free: 94100K (81%)
StreamChangeRequest.changeExecuted(): <deleteEntity name="rec2"/> succeeded
StreamChangeRequest.changeExecuted(): <deleteRelation name="r2"/> succeeded
StreamChangeRequest.changeExecuted(): Record firings per iteration succeeded
7 ms. Memory: 116224K Free: 91647K (79%)
/home/travis/build/icyphy/ptII/ptolemy/actor/lib/test/Exit.tcl
Exit.tcl: this will print a message about Manager.exitAfterWrapup, which can be ignored.
3 ms. Memory: 116224K Free: 88581K (76%)
/home/travis/build/icyphy/ptII/ptolemy/actor/lib/test/Expression.tcl
7 ms. Memory: 116224K Free: 85530K (74%)
9 ms. Memory: 116224K Free: 84913K (73%)
4 ms. Memory: 116224K Free: 84312K (73%)
preinitializing
resolving types
initializing
executing number 1
wrapping up
idle
6 ms. Memory: 116224K Free: 83077K (71%)
Completed execution with 6 iterations
4 ms. Memory: 116224K Free: 81867K (70%)
4 ms. Memory: 116224K Free: 81293K (70%)
15 ms. Memory: 116224K Free: 110088K (95%)
5 ms. Memory: 116224K Free: 108761K (94%)
9 ms. Memory: 116224K Free: 107580K (93%)
/home/travis/build/icyphy/ptII/ptolemy/actor/lib/test/Gaussian.tcl
13 ms. Memory: 116224K Free: 105792K (91%)
sleeping 1 seconds: ...............................................................................................................................................................................................................................................................................................................................................................................................................................................................................................................................................................................................................................................................................................................................................................................................................................................................................................................................................................................................................................................................................................................................................................................................................................................................................................................................................................................................................................................................................................................................................................................................................................................................................................................................................................................................................................................................................................................................................................................................................................................................................................................................................................................................................................................................................................................................................................................................................................................................................................................................................................................................................................................................................................................................................................................................................................................................................................................................................................................................................................................................................................................................................................................................................................................................................................................................................................................................................................................................................................................................4 ms. Memory: 116224K Free: 91028K (78%)
3 ms. Memory: 116224K Free: 89846K (77%)
3 ms. Memory: 116224K Free: 89223K (77%)
2 ms. Memory: 116224K Free: 88633K (76%)
2 ms. Memory: 116224K Free: 88010K (76%)
/home/travis/build/icyphy/ptII/ptolemy/actor/lib/test/IIR.tcl
/home/travis/build/icyphy/ptII/ptolemy/actor/lib/test/Interpolator.tcl
4 ms. Memory: 116224K Free: 84403K (73%)
3 ms. Memory: 116224K Free: 83812K (72%)
6 ms. Memory: 116224K Free: 83222K (72%)
2 ms. Memory: 116224K Free: 82631K (71%)
4 ms. Memory: 116224K Free: 81450K (70%)
2 ms. Memory: 116224K Free: 80859K (70%)
18 ms. Memory: 146944K Free: 140466K (96%)
3 ms. Memory: 146944K Free: 139271K (95%)
3 ms. Memory: 146944K Free: 139271K (95%)
6 ms. Memory: 146944K Free: 137906K (94%)
/home/travis/build/icyphy/ptII/ptolemy/actor/lib/test/MathFunction.tcl
9 ms. Memory: 146944K Free: 135516K (92%)
2 ms. Memory: 146944K Free: 134321K (91%)
11 ms. Memory: 146944K Free: 133125K (91%)
3 ms. Memory: 146944K Free: 133125K (91%)
6 ms. Memory: 146944K Free: 130735K (89%)
11 ms. Memory: 146944K Free: 129540K (88%)
/home/travis/build/icyphy/ptII/ptolemy/actor/lib/test/Maximum.tcl
6 ms. Memory: 146944K Free: 127149K (87%)
5 ms. Memory: 146944K Free: 127149K (87%)
2 ms. Memory: 146944K Free: 125954K (86%)
11 ms. Memory: 146944K Free: 125954K (86%)
/home/travis/build/icyphy/ptII/ptolemy/actor/lib/test/Minimum.tcl
4 ms. Memory: 146944K Free: 123564K (84%)
3 ms. Memory: 146944K Free: 122369K (83%)
4 ms. Memory: 146944K Free: 122369K (83%)
4 ms. Memory: 146944K Free: 121174K (82%)
/home/travis/build/icyphy/ptII/ptolemy/actor/lib/test/MultiplyDivide.tcl
8 ms. Memory: 146944K Free: 119978K (82%)
8 ms. Memory: 146944K Free: 118783K (81%)
9 ms. Memory: 146944K Free: 117588K (80%)
3 ms. Memory: 146944K Free: 117588K (80%)
2 ms. Memory: 146944K Free: 116393K (79%)
/home/travis/build/icyphy/ptII/ptolemy/actor/lib/test/OrderedMerge.tcl
Connections changed on port: inputA
Connections changed on port: inputB
Connections changed on port: output
Connections changed on port: output
Connections changed on port: output
Connections changed on port: input
.top. Preinitializing ...
Invoking preinitialize():  .top.OrderedMerge
Called preinitialize()
Invoking preinitialize():  .top.Ramp
Called preinitialize()
Invoking preinitialize():  .top.Ramp2
Called preinitialize()
Invoking preinitialize():  .top.Test
Called preinitialize()
Connections changed on port: inputA
Connections changed on port: output
Connections changed on port: inputB
Connections changed on port: output
Connections changed on port: output
Connections changed on port: input
.top. Finished preinitialize().
Called initialize().
Invoking initialize():  .top.OrderedMerge
Initializing actor: .top.OrderedMerge
Adding a thread: .top.OrderedMerge
Invoking initialize():  .top.Ramp
Initializing actor: .top.Ramp
Adding a thread: .top.Ramp
Invoking initialize():  .top.Ramp2
Initializing actor: .top.Ramp2
Adding a thread: .top.Ramp2
Invoking initialize():  .top.Test
Initializing actor: .top.Test
Adding a thread: .top.Test
-- Starting thread.
Called initialize()
Called prefire()
Called fire()
-- Starting thread.
Called initialize()
Called prefire()
Called fire()
Called postfire()
Called prefire()
Called fire()
-- Starting thread.
Called initialize()
Called prefire()
Called fire()
Called postfire()
Called prefire()
Called fire()
Called fire().
Checking for deadlock:
There are 3 Blocked actors, 0 Stopped actors, and 4 active threads.
Waiting for actors to stop.
-- Starting thread.
Called initialize()
Called prefire()
Called fire()
Checking for deadlock:
There are 2 Blocked actors, 0 Stopped actors, and 4 active threads.
Waiting for actors to stop.
Called postfire()
Called prefire()
Called fire()
Checking for deadlock:
There are 3 Blocked actors, 0 Stopped actors, and 4 active threads.
Waiting for actors to stop.
Read input token from inputA with value 0.0
Next port to read input from is inputB
Called postfire()
Called prefire()
Called fire()
Checking for deadlock:
There are 2 Blocked actors, 0 Stopped actors, and 4 active threads.
Waiting for actors to stop.
Called postfire()
Called prefire()
Called fire()
Checking for deadlock:
There are 3 Blocked actors, 0 Stopped actors, and 4 active threads.
Waiting for actors to stop.
Read input token from inputB with value 0.0
Checking for deadlock:
There are 2 Blocked actors, 0 Stopped actors, and 4 active threads.
Waiting for actors to stop.
-- Read input: 0.0, which is expected to match: 0.0
Called prefire()
Called fire()
Checking for deadlock:
There are 3 Blocked actors, 0 Stopped actors, and 4 active threads.
Waiting for actors to stop.
Sent output token with value 0.0
Next port to read input from is inputA
Called postfire()
Called prefire()
Called fire()
Checking for deadlock:
There are 2 Blocked actors, 0 Stopped actors, and 4 active threads.
Waiting for actors to stop.
Called postfire()
Called prefire()
Called fire()
Checking for deadlock:
There are 3 Blocked actors, 0 Stopped actors, and 4 active threads.
Waiting for actors to stop.
Read input token from inputA with value 1.0
Checking for deadlock:
There are 2 Blocked actors, 0 Stopped actors, and 4 active threads.
Waiting for actors to stop.
-- Read input: 0.0, which is expected to match: 0.0
Called prefire()
Called fire()
Checking for deadlock:
There are 3 Blocked actors, 0 Stopped actors, and 4 active threads.
Waiting for actors to stop.
Sent output token with value 0.0
Next port to read input from is inputB
Called postfire()
Called prefire()
Called fire()
Checking for deadlock:
There are 2 Blocked actors, 0 Stopped actors, and 4 active threads.
Waiting for actors to stop.
Called postfire()
Called prefire()
Called fire()
Checking for deadlock:
There are 3 Blocked actors, 0 Stopped actors, and 4 active threads.
Waiting for actors to stop.
Read input token from inputB with value 1.5
Checking for deadlock:
There are 2 Blocked actors, 0 Stopped actors, and 4 active threads.
Waiting for actors to stop.
-- Read input: 1.0, which is expected to match: 1.0
Called prefire()
Called fire()
Checking for deadlock:
There are 3 Blocked actors, 0 Stopped actors, and 4 active threads.
Waiting for actors to stop.
Sent output token with value 1.0
Next port to read input from is inputA
Called postfire()
Called prefire()
Called fire()
Called postfire()
Called prefire()
Called fire()
Checking for deadlock:
There are 3 Blocked actors, 0 Stopped actors, and 4 active threads.
Waiting for actors to stop.
Read input token from inputA with value 2.0
-- Read input: 1.5, which is expected to match: 1.5
Called prefire()
Called fire()
Checking for deadlock:
There are 3 Blocked actors, 0 Stopped actors, and 4 active threads.
Waiting for actors to stop.
Sent output token with value 1.5
Next port to read input from is inputB
Called postfire()
Called prefire()
Called fire()
Checking for deadlock:
There are 2 Blocked actors, 0 Stopped actors, and 4 active threads.
Waiting for actors to stop.
Called postfire()
Called prefire()
Called fire()
Checking for deadlock:
There are 3 Blocked actors, 0 Stopped actors, and 4 active threads.
Waiting for actors to stop.
Read input token from inputB with value 3.0
Checking for deadlock:
There are 2 Blocked actors, 0 Stopped actors, and 4 active threads.
Waiting for actors to stop.
-- Read input: 2.0, which is expected to match: 2.0
Called prefire()
Called fire()
Checking for deadlock:
There are 3 Blocked actors, 0 Stopped actors, and 4 active threads.
Waiting for actors to stop.
Sent output token with value 2.0
Next port to read input from is inputA
Called postfire()
Called prefire()
Called fire()
Called postfire()
Called prefire()
Called fire()
Checking for deadlock:
There are 3 Blocked actors, 0 Stopped actors, and 4 active threads.
Waiting for actors to stop.
Read input token from inputA with value 3.0
-- Read input: 3.0, which is expected to match: 3.0
Called prefire()
Called fire()
Checking for deadlock:
There are 3 Blocked actors, 0 Stopped actors, and 4 active threads.
Waiting for actors to stop.
Sent output token with value 3.0
Next port to read input from is inputB
Called postfire()
Called prefire()
Called fire()
Checking for deadlock:
There are 2 Blocked actors, 0 Stopped actors, and 4 active threads.
Waiting for actors to stop.
Called postfire()
Called prefire()
Called fire()
Checking for deadlock:
There are 3 Blocked actors, 0 Stopped actors, and 4 active threads.
Waiting for actors to stop.
Read input token from inputB with value 4.5
Checking for deadlock:
There are 2 Blocked actors, 0 Stopped actors, and 4 active threads.
Waiting for actors to stop.
-- Read input: 3.0, which is expected to match: 3.0
Called prefire()
Called fire()
Checking for deadlock:
There are 3 Blocked actors, 0 Stopped actors, and 4 active threads.
Waiting for actors to stop.
Sent output token with value 3.0
Next port to read input from is inputA
Called postfire()
Called prefire()
Called fire()
Called postfire()
Called prefire()
Called fire()
Checking for deadlock:
There are 3 Blocked actors, 0 Stopped actors, and 4 active threads.
Waiting for actors to stop.
Read input token from inputA with value 4.0
-- Read input: 4.0, which is expected to match: 4.0
Called prefire()
Called fire()
Past the end of training data. Read and discard all inputs.
Checking for deadlock:
There are 3 Blocked actors, 0 Stopped actors, and 4 active threads.
Waiting for actors to stop.
Sent output token with value 4.0
Next port to read input from is inputA
Called postfire()
Called prefire()
Called fire()
Called postfire()
Called prefire()
Called fire()
Checking for deadlock:
There are 3 Blocked actors, 0 Stopped actors, and 4 active threads.
Waiting for actors to stop.
Read input token from inputA with value 5.0
Called prefire()
Called fire()
Past the end of training data. Read and discard all inputs.
Checking for deadlock:
There are 3 Blocked actors, 0 Stopped actors, and 4 active threads.
Waiting for actors to stop.
Sent output token with value 4.5
Next port to read input from is inputB
Called postfire()
Called prefire()
Called fire()
Checking for deadlock:
There are 2 Blocked actors, 0 Stopped actors, and 4 active threads.
Waiting for actors to stop.
Called postfire()
Called prefire()
Called fire()
Checking for deadlock:
There are 3 Blocked actors, 0 Stopped actors, and 4 active threads.
Waiting for actors to stop.
Read input token from inputB with value 6.0
Checking for deadlock:
There are 2 Blocked actors, 0 Stopped actors, and 4 active threads.
Waiting for actors to stop.
Called prefire()
Called fire()
Past the end of training data. Read and discard all inputs.
Checking for deadlock:
There are 3 Blocked actors, 0 Stopped actors, and 4 active threads.
Waiting for actors to stop.
Sent output token with value 5.0
Next port to read input from is inputA
Called postfire()
Called prefire()
Called fire()
Called postfire()
Called prefire()
Called fire()
Checking for deadlock:
There are 3 Blocked actors, 0 Stopped actors, and 4 active threads.
Waiting for actors to stop.
Read input token from inputA with value 6.0
Called prefire()
Called fire()
Past the end of training data. Read and discard all inputs.
Checking for deadlock:
There are 3 Blocked actors, 0 Stopped actors, and 4 active threads.
Waiting for actors to stop.
Sent output token with value 6.0
Next port to read input from is inputB
Called postfire()
Called prefire()
Called fire()
Checking for deadlock:
There are 2 Blocked actors, 0 Stopped actors, and 4 active threads.
Waiting for actors to stop.
Called postfire()
Called prefire()
Called fire()
Checking for deadlock:
There are 3 Blocked actors, 0 Stopped actors, and 4 active threads.
Waiting for actors to stop.
Read input token from inputB with value 7.5
Checking for deadlock:
There are 2 Blocked actors, 0 Stopped actors, and 4 active threads.
Waiting for actors to stop.
Called prefire()
Called fire()
Past the end of training data. Read and discard all inputs.
Checking for deadlock:
There are 3 Blocked actors, 0 Stopped actors, and 4 active threads.
Waiting for actors to stop.
Sent output token with value 6.0
Next port to read input from is inputA
Called postfire()
Called prefire()
Called fire()
Called postfire()
Called prefire()
Called fire()
Checking for deadlock:
There are 3 Blocked actors, 0 Stopped actors, and 4 active threads.
Waiting for actors to stop.
Read input token from inputA with value 7.0
Called prefire()
Called fire()
Past the end of training data. Read and discard all inputs.
Checking for deadlock:
There are 3 Blocked actors, 0 Stopped actors, and 4 active threads.
Waiting for actors to stop.
Sent output token with value 7.0
Next port to read input from is inputA
Called postfire()
Called prefire()
Called fire()
-- Thread wrapup() called.
Called wrapup()
Thread .top.Ramp is exiting.
-- Thread stopped.
Checking for deadlock:
There are 2 Blocked actors, 0 Stopped actors, and 3 active threads.
Waiting for actors to stop.
Read input token from inputA with value 8.0
Called prefire()
Called fire()
Past the end of training data. Read and discard all inputs.
Checking for deadlock:
There are 2 Blocked actors, 0 Stopped actors, and 3 active threads.
Waiting for actors to stop.
Sent output token with value 7.5
Next port to read input from is inputB
Called postfire()
Called prefire()
Called fire()
Checking for deadlock:
There are 1 Blocked actors, 0 Stopped actors, and 3 active threads.
Waiting for actors to stop.
Called postfire()
Called prefire()
Called fire()
Checking for deadlock:
There are 2 Blocked actors, 0 Stopped actors, and 3 active threads.
Waiting for actors to stop.
Read input token from inputB with value 9.0
Checking for deadlock:
There are 1 Blocked actors, 0 Stopped actors, and 3 active threads.
Waiting for actors to stop.
Called prefire()
Called fire()
Past the end of training data. Read and discard all inputs.
Checking for deadlock:
There are 2 Blocked actors, 0 Stopped actors, and 3 active threads.
Waiting for actors to stop.
Sent output token with value 8.0
Next port to read input from is inputA
Called postfire()
Called prefire()
Called fire()
Read input token from inputA with value 9.0
Checking for deadlock:
There are 1 Blocked actors, 0 Stopped actors, and 3 active threads.
Waiting for actors to stop.
Called prefire()
Called fire()
Past the end of training data. Read and discard all inputs.
Checking for deadlock:
There are 2 Blocked actors, 0 Stopped actors, and 3 active threads.
Waiting for actors to stop.
Sent output token with value 9.0
Next port to read input from is inputB
Called postfire()
Called prefire()
Called fire()
Checking for deadlock:
There are 1 Blocked actors, 0 Stopped actors, and 3 active threads.
Waiting for actors to stop.
Called postfire()
Called prefire()
Called fire()
Checking for deadlock:
There are 2 Blocked actors, 0 Stopped actors, and 3 active threads.
Waiting for actors to stop.
Read input token from inputB with value 10.5
Checking for deadlock:
There are 1 Blocked actors, 0 Stopped actors, and 3 active threads.
Waiting for actors to stop.
Called prefire()
Called fire()
Past the end of training data. Read and discard all inputs.
Checking for deadlock:
There are 2 Blocked actors, 0 Stopped actors, and 3 active threads.
Waiting for actors to stop.
Sent output token with value 9.0
Next port to read input from is inputA
Called postfire()
Called prefire()
Called fire()
Checking for deadlock:
There are 3 Blocked actors, 0 Stopped actors, and 3 active threads.
Actors have stopped.
Checking for deadlock:
There are 3 Blocked actors, 0 Stopped actors, and 3 active threads.
Deadlock detected.
Resolving Deadlock
Checking for deadlock:
There are 3 Blocked actors, 0 Stopped actors, and 3 active threads.
Artificial Deadlock - increasing queue capacity.
increasing the capacity of receiver ptolemy.actor.TypedIOPort {.top.OrderedMerge.inputB} to 2
Director: Called postfire().
Called postfire().
_stopRequested = false
_stopFireRequested = false
Returning from postfire(): true
Called fire().
Checking for deadlock:
There are 2 Blocked actors, 0 Stopped actors, and 3 active threads.
Waiting for actors to stop.
-- Thread wrapup() called.
Called wrapup()
Thread .top.Ramp2 is exiting.
-- Thread stopped.
Checking for deadlock:
There are 2 Blocked actors, 0 Stopped actors, and 2 active threads.
Actors have stopped.
Checking for deadlock:
There are 2 Blocked actors, 0 Stopped actors, and 2 active threads.
Deadlock detected.
Resolving Deadlock
Checking for deadlock:
There are 2 Blocked actors, 0 Stopped actors, and 2 active threads.
Deadlock detected: no processes blocked on write, but some are blocked on read.
Called postfire().
_stopRequested = false
_stopFireRequested = false
Returning from postfire(): false
Finished deactivating branches.
Called wrapup().
-- Thread wrapup() called.
Called wrapup()
Thread .top.Test is exiting.
-- Thread stopped.
-- Blocked Receiver call threw TerminateProcessException.
-- Thread wrapup() called.
Called wrapup()
Thread .top.OrderedMerge is exiting.
35 ms. Memory: 146944K Free: 111545K (76%)
.top. Preinitializing ...
Invoking preinitialize():  .top.OrderedMerge
Called preinitialize()
Invoking preinitialize():  .top.Ramp
Called preinitialize()
Invoking preinitialize():  .top.Ramp2
Called preinitialize()
Invoking preinitialize():  .top.Test
Called preinitialize()
.top. Finished preinitialize().
Called initialize().
Invoking initialize():  .top.OrderedMerge
Initializing actor: .top.OrderedMerge
Adding a thread: .top.OrderedMerge
Invoking initialize():  .top.Ramp
Initializing actor: .top.Ramp
Adding a thread: .top.Ramp
Invoking initialize():  .top.Ramp2
Initializing actor: .top.Ramp2
Adding a thread: .top.Ramp2
Invoking initialize():  .top.Test
Initializing actor: .top.Test
Adding a thread: .top.Test
-- Thread stopped.
-- Blocked Receiver call threw TerminateProcessException.
-- Starting thread.
Called initialize()
Called prefire()
Called fire()
-- Starting thread.
Called initialize()
Called prefire()
Called fire()
Called postfire()
Called prefire()
Called fire()
-- Starting thread.
Called initialize()
Called prefire()
Called fire()
Called postfire()
Called prefire()
Called fire()
Called fire().
Checking for deadlock:
There are 3 Blocked actors, 0 Stopped actors, and 4 active threads.
Waiting for actors to stop.
-- Starting thread.
Called initialize()
Called prefire()
Called fire()
Checking for deadlock:
There are 2 Blocked actors, 0 Stopped actors, and 4 active threads.
Waiting for actors to stop.
Called postfire()
Called prefire()
Called fire()
Checking for deadlock:
There are 3 Blocked actors, 0 Stopped actors, and 4 active threads.
Waiting for actors to stop.
Read input token from inputA with value 0.0
Next port to read input from is inputB
Called postfire()
Called prefire()
Called fire()
Checking for deadlock:
There are 2 Blocked actors, 0 Stopped actors, and 4 active threads.
Waiting for actors to stop.
Called postfire()
Called prefire()
Called fire()
Checking for deadlock:
There are 3 Blocked actors, 0 Stopped actors, and 4 active threads.
Waiting for actors to stop.
Read input token from inputB with value 0.0
Checking for deadlock:
There are 2 Blocked actors, 0 Stopped actors, and 4 active threads.
Waiting for actors to stop.
-- Read input: 0.0, which is expected to match: 0.0
Called prefire()
Called fire()
Checking for deadlock:
There are 3 Blocked actors, 0 Stopped actors, and 4 active threads.
Waiting for actors to stop.
Sent output token with value 0.0
Next port to read input from is inputA
Called postfire()
Called prefire()
Called fire()
Checking for deadlock:
There are 2 Blocked actors, 0 Stopped actors, and 4 active threads.
Waiting for actors to stop.
Called postfire()
Called prefire()
Called fire()
Checking for deadlock:
There are 3 Blocked actors, 0 Stopped actors, and 4 active threads.
Waiting for actors to stop.
Read input token from inputA with value 1.0
Checking for deadlock:
There are 2 Blocked actors, 0 Stopped actors, and 4 active threads.
Waiting for actors to stop.
-- Read input: 0.0, which is expected to match: 0.0
Called prefire()
Called fire()
Checking for deadlock:
There are 3 Blocked actors, 0 Stopped actors, and 4 active threads.
Waiting for actors to stop.
Sent output token with value 0.0
Next port to read input from is inputB
Called postfire()
Called prefire()
Called fire()
Checking for deadlock:
There are 2 Blocked actors, 0 Stopped actors, and 4 active threads.
Waiting for actors to stop.
Called postfire()
Called prefire()
Called fire()
Checking for deadlock:
There are 3 Blocked actors, 0 Stopped actors, and 4 active threads.
Waiting for actors to stop.
Read input token from inputB with value 1.5
Checking for deadlock:
There are 2 Blocked actors, 0 Stopped actors, and 4 active threads.
Waiting for actors to stop.
-- Read input: 1.0, which is expected to match: 1.0
Called prefire()
Called fire()
Checking for deadlock:
There are 3 Blocked actors, 0 Stopped actors, and 4 active threads.
Waiting for actors to stop.
Sent output token with value 1.0
Next port to read input from is inputA
Called postfire()
Called prefire()
Called fire()
Checking for deadlock:
There are 2 Blocked actors, 0 Stopped actors, and 4 active threads.
Waiting for actors to stop.
Called postfire()
Called prefire()
Called fire()
Checking for deadlock:
There are 3 Blocked actors, 0 Stopped actors, and 4 active threads.
Waiting for actors to stop.
Read input token from inputA with value 2.0
Checking for deadlock:
There are 2 Blocked actors, 0 Stopped actors, and 4 active threads.
Waiting for actors to stop.
-- Read input: 1.5, which is expected to match: 1.5
Called prefire()
Called fire()
Checking for deadlock:
There are 3 Blocked actors, 0 Stopped actors, and 4 active threads.
Waiting for actors to stop.
Sent output token with value 1.5
Next port to read input from is inputB
Called postfire()
Called prefire()
Called fire()
Checking for deadlock:
There are 2 Blocked actors, 0 Stopped actors, and 4 active threads.
Waiting for actors to stop.
Called postfire()
Called prefire()
Called fire()
Checking for deadlock:
There are 3 Blocked actors, 0 Stopped actors, and 4 active threads.
Waiting for actors to stop.
Read input token from inputB with value 3.0
Checking for deadlock:
There are 2 Blocked actors, 0 Stopped actors, and 4 active threads.
Waiting for actors to stop.
-- Read input: 2.0, which is expected to match: 2.0
Called prefire()
Called fire()
Checking for deadlock:
There are 3 Blocked actors, 0 Stopped actors, and 4 active threads.
Waiting for actors to stop.
Sent output token with value 2.0
Next port to read input from is inputA
Called postfire()
Called prefire()
Called fire()
Checking for deadlock:
There are 2 Blocked actors, 0 Stopped actors, and 4 active threads.
Waiting for actors to stop.
Called postfire()
Called prefire()
Called fire()
Checking for deadlock:
There are 3 Blocked actors, 0 Stopped actors, and 4 active threads.
Waiting for actors to stop.
Read input token from inputA with value 3.0
Checking for deadlock:
There are 2 Blocked actors, 0 Stopped actors, and 4 active threads.
Waiting for actors to stop.
-- Read input: 3.0, which is expected to match: 3.0
Called prefire()
Called fire()
Checking for deadlock:
There are 3 Blocked actors, 0 Stopped actors, and 4 active threads.
Waiting for actors to stop.
Sent output token with value 3.0
Next port to read input from is inputB
Called postfire()
Called prefire()
Called fire()
Checking for deadlock:
There are 2 Blocked actors, 0 Stopped actors, and 4 active threads.
Waiting for actors to stop.
Called postfire()
Called prefire()
Called fire()
Checking for deadlock:
There are 3 Blocked actors, 0 Stopped actors, and 4 active threads.
Waiting for actors to stop.
Read input token from inputB with value 4.5
Checking for deadlock:
There are 2 Blocked actors, 0 Stopped actors, and 4 active threads.
Waiting for actors to stop.
-- Read input: 3.0, which is expected to match: 3.0
Called prefire()
Called fire()
Checking for deadlock:
There are 3 Blocked actors, 0 Stopped actors, and 4 active threads.
Waiting for actors to stop.
Sent output token with value 3.0
Next port to read input from is inputA
Called postfire()
Called prefire()
Called fire()
Called postfire()
Called prefire()
Called fire()
Checking for deadlock:
There are 3 Blocked actors, 0 Stopped actors, and 4 active threads.
Waiting for actors to stop.
Read input token from inputA with value 4.0
-- Read input: 4.0, which is expected to match: 4.0
Called prefire()
Called fire()
Past the end of training data. Read and discard all inputs.
Checking for deadlock:
There are 3 Blocked actors, 0 Stopped actors, and 4 active threads.
Waiting for actors to stop.
Sent output token with value 4.0
Next port to read input from is inputA
Called postfire()
Called prefire()
Called fire()
Called postfire()
Called prefire()
Called fire()
Checking for deadlock:
There are 3 Blocked actors, 0 Stopped actors, and 4 active threads.
Waiting for actors to stop.
Read input token from inputA with value 5.0
Called prefire()
Called fire()
Past the end of training data. Read and discard all inputs.
Checking for deadlock:
There are 3 Blocked actors, 0 Stopped actors, and 4 active threads.
Waiting for actors to stop.
Sent output token with value 4.5
Next port to read input from is inputB
Called postfire()
Called prefire()
Called fire()
Checking for deadlock:
There are 2 Blocked actors, 0 Stopped actors, and 4 active threads.
Waiting for actors to stop.
Called postfire()
Called prefire()
Called fire()
Checking for deadlock:
There are 3 Blocked actors, 0 Stopped actors, and 4 active threads.
Waiting for actors to stop.
Read input token from inputB with value 6.0
Checking for deadlock:
There are 2 Blocked actors, 0 Stopped actors, and 4 active threads.
Waiting for actors to stop.
Called prefire()
Called fire()
Past the end of training data. Read and discard all inputs.
Checking for deadlock:
There are 3 Blocked actors, 0 Stopped actors, and 4 active threads.
Waiting for actors to stop.
Sent output token with value 5.0
Next port to read input from is inputA
Called postfire()
Called prefire()
Called fire()
Called postfire()
Called prefire()
Called fire()
Checking for deadlock:
There are 3 Blocked actors, 0 Stopped actors, and 4 active threads.
Waiting for actors to stop.
Read input token from inputA with value 6.0
Called prefire()
Called fire()
Past the end of training data. Read and discard all inputs.
Checking for deadlock:
There are 3 Blocked actors, 0 Stopped actors, and 4 active threads.
Waiting for actors to stop.
Sent output token with value 6.0
Next port to read input from is inputB
Called postfire()
Called prefire()
Called fire()
Checking for deadlock:
There are 2 Blocked actors, 0 Stopped actors, and 4 active threads.
Waiting for actors to stop.
Called postfire()
Called prefire()
Called fire()
Checking for deadlock:
There are 3 Blocked actors, 0 Stopped actors, and 4 active threads.
Waiting for actors to stop.
Read input token from inputB with value 7.5
Checking for deadlock:
There are 2 Blocked actors, 0 Stopped actors, and 4 active threads.
Waiting for actors to stop.
Called prefire()
Called fire()
Past the end of training data. Read and discard all inputs.
Checking for deadlock:
There are 3 Blocked actors, 0 Stopped actors, and 4 active threads.
Waiting for actors to stop.
Sent output token with value 6.0
Next port to read input from is inputA
Called postfire()
Called prefire()
Called fire()
Called postfire()
Called prefire()
Called fire()
Checking for deadlock:
There are 3 Blocked actors, 0 Stopped actors, and 4 active threads.
Waiting for actors to stop.
Read input token from inputA with value 7.0
Called prefire()
Called fire()
Past the end of training data. Read and discard all inputs.
Checking for deadlock:
There are 3 Blocked actors, 0 Stopped actors, and 4 active threads.
Waiting for actors to stop.
Sent output token with value 7.0
Next port to read input from is inputA
Called postfire()
Called prefire()
Called fire()
-- Thread wrapup() called.
Called wrapup()
Thread .top.Ramp is exiting.
-- Thread stopped.
Checking for deadlock:
There are 2 Blocked actors, 0 Stopped actors, and 3 active threads.
Waiting for actors to stop.
Read input token from inputA with value 8.0
Called prefire()
Called fire()
Past the end of training data. Read and discard all inputs.
Checking for deadlock:
There are 2 Blocked actors, 0 Stopped actors, and 3 active threads.
Waiting for actors to stop.
Sent output token with value 7.5
Next port to read input from is inputB
Called postfire()
Called prefire()
Called fire()
Checking for deadlock:
There are 1 Blocked actors, 0 Stopped actors, and 3 active threads.
Waiting for actors to stop.
Called postfire()
Called prefire()
Called fire()
Checking for deadlock:
There are 2 Blocked actors, 0 Stopped actors, and 3 active threads.
Waiting for actors to stop.
Read input token from inputB with value 9.0
Checking for deadlock:
There are 1 Blocked actors, 0 Stopped actors, and 3 active threads.
Waiting for actors to stop.
Called prefire()
Called fire()
Past the end of training data. Read and discard all inputs.
Checking for deadlock:
There are 2 Blocked actors, 0 Stopped actors, and 3 active threads.
Waiting for actors to stop.
Sent output token with value 8.0
Next port to read input from is inputA
Called postfire()
Called prefire()
Called fire()
Read input token from inputA with value 9.0
Checking for deadlock:
There are 1 Blocked actors, 0 Stopped actors, and 3 active threads.
Waiting for actors to stop.
Called prefire()
Called fire()
Past the end of training data. Read and discard all inputs.
Checking for deadlock:
There are 2 Blocked actors, 0 Stopped actors, and 3 active threads.
Waiting for actors to stop.
Sent output token with value 9.0
Next port to read input from is inputB
Called postfire()
Called prefire()
Called fire()
Checking for deadlock:
There are 1 Blocked actors, 0 Stopped actors, and 3 active threads.
Waiting for actors to stop.
Called postfire()
Called prefire()
Called fire()
Checking for deadlock:
There are 2 Blocked actors, 0 Stopped actors, and 3 active threads.
Waiting for actors to stop.
Read input token from inputB with value 10.5
Checking for deadlock:
There are 1 Blocked actors, 0 Stopped actors, and 3 active threads.
Waiting for actors to stop.
Called prefire()
Called fire()
Past the end of training data. Read and discard all inputs.
Checking for deadlock:
There are 2 Blocked actors, 0 Stopped actors, and 3 active threads.
Waiting for actors to stop.
Sent output token with value 9.0
Next port to read input from is inputA
Called postfire()
Called prefire()
Called fire()
Checking for deadlock:
There are 3 Blocked actors, 0 Stopped actors, and 3 active threads.
Actors have stopped.
Checking for deadlock:
There are 3 Blocked actors, 0 Stopped actors, and 3 active threads.
Deadlock detected.
Resolving Deadlock
Checking for deadlock:
There are 3 Blocked actors, 0 Stopped actors, and 3 active threads.
Artificial Deadlock - increasing queue capacity.
increasing the capacity of receiver ptolemy.actor.TypedIOPort {.top.OrderedMerge.inputB} to 2
Director: Called postfire().
Called postfire().
_stopRequested = false
_stopFireRequested = false
Returning from postfire(): true
Called fire().
Checking for deadlock:
There are 2 Blocked actors, 0 Stopped actors, and 3 active threads.
Waiting for actors to stop.
-- Thread wrapup() called.
Called wrapup()
Thread .top.Ramp2 is exiting.
-- Thread stopped.
Checking for deadlock:
There are 2 Blocked actors, 0 Stopped actors, and 2 active threads.
Actors have stopped.
Checking for deadlock:
There are 2 Blocked actors, 0 Stopped actors, and 2 active threads.
Deadlock detected.
Resolving Deadlock
Checking for deadlock:
There are 2 Blocked actors, 0 Stopped actors, and 2 active threads.
Deadlock detected: no processes blocked on write, but some are blocked on read.
Called postfire().
_stopRequested = false
_stopFireRequested = false
Returning from postfire(): false
Finished deactivating branches.
Called wrapup().
-- Thread wrapup() called.
Called wrapup()
Thread .top.Test is exiting.
-- Thread stopped.
-- Blocked Receiver call threw TerminateProcessException.
-- Thread wrapup() called.
Called wrapup()
Thread .top.OrderedMerge is exiting.
18 ms. Memory: 146944K Free: 109087K (74%)
/home/travis/build/icyphy/ptII/ptolemy/actor/lib/test/Publisher.tcl
-- Thread stopped.
-- Blocked Receiver call threw TerminateProcessException.
14 ms. Memory: 146944K Free: 103077K (70%)
8 ms. Memory: 146944K Free: 97100K (66%)
7 ms. Memory: 146944K Free: 92319K (63%)
4 ms. Memory: 146944K Free: 92319K (63%)
4 ms. Memory: 146944K Free: 91124K (62%)
4 ms. Memory: 146944K Free: 89929K (61%)
3 ms. Memory: 146944K Free: 89929K (61%)
4 ms. Memory: 146944K Free: 88718K (60%)
19 ms. Memory: 146944K Free: 139532K (95%)
6 ms. Memory: 146944K Free: 136021K (93%)
5 ms. Memory: 146944K Free: 134850K (92%)
2 ms. Memory: 146944K Free: 132400K (90%)
8 ms. Memory: 146944K Free: 124208K (85%)
8 ms. Memory: 146944K Free: 113658K (77%)
8 ms. Memory: 146944K Free: 101954K (69%)
/home/travis/build/icyphy/ptII/ptolemy/actor/lib/test/Pulse.tcl
11 ms. Memory: 209920K Free: 183428K (87%)
3 ms. Memory: 209920K Free: 181043K (86%)
2 ms. Memory: 209920K Free: 181043K (86%)
2 ms. Memory: 209920K Free: 181043K (86%)
1 ms. Memory: 209920K Free: 181043K (86%)
2 ms. Memory: 209920K Free: 178650K (85%)
3 ms. Memory: 209920K Free: 178650K (85%)
2 ms. Memory: 209920K Free: 178650K (85%)
2 ms. Memory: 209920K Free: 176258K (84%)
/home/travis/build/icyphy/ptII/ptolemy/actor/lib/test/Ramp.tcl
3 ms. Memory: 209920K Free: 176258K (84%)
2 ms. Memory: 209920K Free: 173881K (83%)
2 ms. Memory: 209920K Free: 173881K (83%)
2 ms. Memory: 209920K Free: 173881K (83%)
4 ms. Memory: 209920K Free: 171488K (82%)
4 ms. Memory: 209920K Free: 171488K (82%)
5 ms. Memory: 209920K Free: 169111K (81%)
5 actors
9000 microseconds per iteration to create
13 ms. Memory: 209920K Free: 166726K (79%)
2 ms. Memory: 209920K Free: 166726K (79%)
10 ms. Memory: 209920K Free: 166726K (79%)
2 ms. Memory: 209920K Free: 166726K (79%)
50 actors
56000 microseconds per iteration to create
56 ms. Memory: 209920K Free: 150033K (71%)
6 ms. Memory: 209920K Free: 150033K (71%)
15 ms. Memory: 209920K Free: 147640K (70%)
11 ms. Memory: 209920K Free: 147640K (70%)
500 actors
1681000 microseconds per iteration to create
348 ms. Memory: 209920K Free: 95104K (45%)
48 ms. Memory: 209920K Free: 90294K (43%)
43 ms. Memory: 209920K Free: 85484K (41%)
33 ms. Memory: 209920K Free: 80674K (38%)
/home/travis/build/icyphy/ptII/ptolemy/actor/lib/test/RampContinuous.tcl
12 ms. Memory: 209920K Free: 78268K (37%)
/home/travis/build/icyphy/ptII/ptolemy/actor/lib/test/RecordAssembler.tcl
6 ms. Memory: 209920K Free: 76249K (36%)
5 ms. Memory: 209920K Free: 76249K (36%)
/home/travis/build/icyphy/ptII/ptolemy/actor/lib/test/RecordDisassembler.tcl
9 ms. Memory: 334336K Free: 316947K (95%)
3 ms. Memory: 334336K Free: 316947K (95%)
4 ms. Memory: 334336K Free: 316947K (95%)
/home/travis/build/icyphy/ptII/ptolemy/actor/lib/test/Scale.tcl
3 ms. Memory: 334336K Free: 312100K (93%)
1 ms. Memory: 334336K Free: 312100K (93%)
2 ms. Memory: 334336K Free: 312100K (93%)
3 ms. Memory: 334336K Free: 312100K (93%)
3 ms. Memory: 334336K Free: 312100K (93%)
/home/travis/build/icyphy/ptII/ptolemy/actor/lib/test/SequentialClock.tcl
preinitializing
resolving types
initializing
executing number 1
wrapping up
idle
3 ms. Memory: 334336K Free: 312100K (93%)
Completed execution with 5 iterations
preinitializing
resolving types
initializing
executing number 1
wrapping up
idle
2 ms. Memory: 334336K Free: 307269K (92%)
Completed execution with 5 iterations
preinitializing
resolving types
initializing
executing number 1
wrapping up
idle
2 ms. Memory: 334336K Free: 307269K (92%)
Completed execution with 5 iterations
/home/travis/build/icyphy/ptII/ptolemy/actor/lib/test/SetVariable.tcl
5 ms. Memory: 334336K Free: 307269K (92%)
/home/travis/build/icyphy/ptII/ptolemy/actor/lib/test/Sinewave.tcl
/home/travis/build/icyphy/ptII/ptolemy/actor/lib/test/SubscriptionAggregator.tcl
6 ms. Memory: 334336K Free: 292759K (88%)
3 ms. Memory: 334336K Free: 292759K (88%)
1 ms. Memory: 334336K Free: 292759K (88%)
1 ms. Memory: 334336K Free: 292759K (88%)
2 ms. Memory: 334336K Free: 287927K (86%)
4 ms. Memory: 334336K Free: 287927K (86%)
...............................................................992 ms. Memory: 480768K Free: 387369K (81%)
/home/travis/build/icyphy/ptII/ptolemy/actor/lib/test/Test.tcl
 The next command will produce a warning about training mode,
   which may be ignored.
4 ms. Memory: 480768K Free: 379661K (79%)
74 ms. Memory: 480768K Free: 379661K (79%)
2 ms. Memory: 480768K Free: 379661K (79%)
2 ms. Memory: 480768K Free: 379661K (79%)
4 ms. Memory: 480768K Free: 375780K (78%)
3 ms. Memory: 480768K Free: 375780K (78%)
6 ms. Memory: 480768K Free: 375780K (78%)
 The next command will produce a warning about training mode,
   which may be ignored.
5 ms. Memory: 480768K Free: 368071K (77%)
 The next command will produce a warning about training mode,
   which may be ignored.
11 ms. Memory: 480768K Free: 368071K (77%)
2 ms. Memory: 480768K Free: 368071K (77%)
2 ms. Memory: 480768K Free: 368071K (77%)
5 ms. Memory: 480768K Free: 368071K (77%)


==== $PTII/ptolemy/actor/lib/test/Test.tcl: Test-2.2.3 Fail the array test with insufficient data
==== Contents of test case:

    # Uses 2.2 above
    set value [getParameter $const value]
    $value setToken [java::new ptolemy.data.ArrayToken "{1.0, 2.0, 3.0}"]
   
    set correctValues [getParameter $test correctValues]
    $correctValues setExpression "{{{1.0, 2.0, 3.0}}, {{1.0, 2.0, 3.0}}, {{1.0, 2.0, 3.0}}}"
    set requireAllCorrectValues [getParameter $test requireAllCorrectValues]
    $requireAllCorrectValues setExpression "true" 
    #puts [$e22 exportMoML]
    catch {[$e22 getManager] execute} errMsg
    list $errMsg

==== Result was:
{ptolemy.kernel.util.IllegalActionException: Exceptions occurred during wrapup:
ptolemy.kernel.util.IllegalActionException: The test produced only 2 tokens, yet the correctValues parameter was expecting 3 tokens.
Threads:
Threads: 8
Current Thread (*) _is not_ the Swing Event Dispatch Thread
Name                                Group                Pri Daemon Alive Curr
Reference Handler                   system               10  true   true   
Finalizer                           system               8   true   true   
Signal Dispatcher                   system               9   true   true   
process reaper                      system               10  true   true   
Java2D Disposer                     system               10  true   true   
AWT-XAWT                            system               6   true   true   
main                                main                 5   false  true  *
Timer-0                             main                 5   true   true   

  in .top.test

  in .top.<Unnamed Object>
Because:
The test produced only 2 tokens, yet the correctValues parameter was expecting 3 tokens.
Threads:
Threads: 8
Current Thread (*) _is not_ the Swing Event Dispatch Thread
Name                                Group                Pri Daemon Alive Curr
Reference Handler                   system               10  true   true   
Finalizer                           system               8   true   true   
Signal Dispatcher                   system               9   true   true   
process reaper                      system               10  true   true   
Java2D Disposer                     system               10  true   true   
AWT-XAWT                            system               6   true   true   
main                                main                 5   false  true  *
Timer-0                             main                 5   true   true   

  in .top.test}
---- Result should have been:
{ptolemy.kernel.util.IllegalActionException: Exceptions occurred during wrapup:
ptolemy.kernel.util.IllegalActionException: The test produced only 2 tokens, yet the correctValues parameter was expecting 3 tokens.
  in .top.test

  in .top.<Unnamed Object>
Because:
The test produced only 2 tokens, yet the correctValues parameter was expecting 3 tokens.
  in .top.test}
@@@@@ known results is more than 7 lines long, so we run diff
2a3,15
> Threads:
> Threads: 8
> Current Thread (*) _is not_ the Swing Event Dispatch Thread
> Name                                Group                Pri Daemon Alive Curr
> Reference Handler                   system               10  true   true   
> Finalizer                           system               8   true   true   
> Signal Dispatcher                   system               9   true   true   
> process reaper                      system               10  true   true   
> Java2D Disposer                     system               10  true   true   
> AWT-XAWT                            system               6   true   true   
> main                                main                 5   false  true  *
> Timer-0                             main                 5   true   true   
> 
7a21,33
> Threads:
> Threads: 8
> Current Thread (*) _is not_ the Swing Event Dispatch Thread
> Name                                Group                Pri Daemon Alive Curr
> Reference Handler                   system               10  true   true   
> Finalizer                           system               8   true   true   
> Signal Dispatcher                   system               9   true   true   
> process reaper                      system               10  true   true   
> Java2D Disposer                     system               10  true   true   
> AWT-XAWT                            system               6   true   true   
> main                                main                 5   false  true  *
> Timer-0                             main                 5   true   true   
> 
@@@@@ Done running diffText
---- Test-2.2.3 FAILED
2 ms. Memory: 480768K Free: 356412K (74%)
7 ms. Memory: 480768K Free: 348687K (73%)
/home/travis/build/icyphy/ptII/ptolemy/actor/lib/test/TestExceptionHandler.tcl
 The next command will produce a warning about training mode,
   which may be ignored.
2 ms. Memory: 480768K Free: 348687K (73%)
1 ms. Memory: 480768K Free: 348687K (73%)
1 ms. Memory: 480768K Free: 348687K (73%)
/home/travis/build/icyphy/ptII/ptolemy/actor/lib/test/UnionDisassembler.tcl
36 ms. Memory: 480768K Free: 340979K (71%)
/home/travis/build/icyphy/ptII/ptolemy/actor/lib/test/VariableClock.tcl
preinitializing
resolving types
initializing
executing number 1
wrapping up
idle
11 ms. Memory: 480768K Free: 340979K (71%)
Completed execution with 11 iterations
preinitializing
resolving types
initializing
executing number 1
wrapping up
idle
7 ms. Memory: 480768K Free: 333271K (69%)
Completed execution with 10 iterations
05/10/18 04:04:57
Failed: 1  Total Tests: 234  ((Passed: 233, Newly Passed: 0)  Known Failed: 0) /home/travis/build/icyphy/ptII/ptolemy/actor/lib/test
----------------- testing (KnownFailure) /home/travis/build/icyphy/ptII/ptolemy/actor/lib/test/auto/knownFailedTests/PublisherPortToplevelSubscriber.xml
0 ms. Memory: 480768K Free: 325509K (68%)
Known Failure: java.lang.reflect.InvocationTargetException
----------------- testing (KnownFailure) /home/travis/build/icyphy/ptII/ptolemy/actor/lib/test/auto/knownFailedTests/PublisherSubscriberPortToplevel.xml
0 ms. Memory: 480768K Free: 309985K (64%)
Known Failure: java.lang.reflect.InvocationTargetException
----------------- testing (KnownFailure) /home/travis/build/icyphy/ptII/ptolemy/actor/lib/test/auto/knownFailedTests/PublisherSubscriptionAggregatorPort.xml
0 ms. Memory: 480768K Free: 294461K (61%)
Known Failure: java.lang.reflect.InvocationTargetException
----------------- testing (KnownFailure) /home/travis/build/icyphy/ptII/ptolemy/actor/lib/test/auto/knownFailedTests/sizedarray3.xml
5 ms. Memory: 480768K Free: 278936K (58%)
Known Failure: java.lang.reflect.InvocationTargetException
No auto/*.xml tests in /home/travis/build/icyphy/ptII/ptolemy/actor/lib/test
AutoTests.java: About to close Vertx.
AutoTests.java: Vertx closed.
----------------- testing Thu May 10 04:04:58 UTC 2018 /home/travis/build/icyphy/ptII/ptolemy/actor/lib/test/auto/AbsoluteValue.xml
----------------- Instantiating /home/travis/build/icyphy/ptII/ptolemy/actor/lib/test/auto/AbsoluteValue.xml
5 ms. Memory: 480768K Free: 209239K (44%)
----------------- Invoking toplevel() on ptolemy.moml.MoMLSimpleApplication@6e923f12
----------------- Done invoking toplevel() on ptolemy.moml.MoMLSimpleApplication@6e923f12
reloadAllAccessors: .AbsoluteValue
----------------- testing Thu May 10 04:04:58 UTC 2018 /home/travis/build/icyphy/ptII/ptolemy/actor/lib/test/auto/AbsoluteValue2.xml
----------------- Instantiating /home/travis/build/icyphy/ptII/ptolemy/actor/lib/test/auto/AbsoluteValue2.xml
5 ms. Memory: 480768K Free: 197596K (41%)
----------------- Invoking toplevel() on ptolemy.moml.MoMLSimpleApplication@174c2d04
----------------- Done invoking toplevel() on ptolemy.moml.MoMLSimpleApplication@174c2d04
reloadAllAccessors: .AbsoluteValue2
----------------- testing Thu May 10 04:04:58 UTC 2018 /home/travis/build/icyphy/ptII/ptolemy/actor/lib/test/auto/Accumulator.xml
----------------- Instantiating /home/travis/build/icyphy/ptII/ptolemy/actor/lib/test/auto/Accumulator.xml
13 ms. Memory: 480768K Free: 178244K (37%)
----------------- Invoking toplevel() on ptolemy.moml.MoMLSimpleApplication@473ce6c2
----------------- Done invoking toplevel() on ptolemy.moml.MoMLSimpleApplication@473ce6c2
reloadAllAccessors: .Accumulator
----------------- testing Thu May 10 04:04:58 UTC 2018 /home/travis/build/icyphy/ptII/ptolemy/actor/lib/test/auto/Accumulator2.xml
----------------- Instantiating /home/travis/build/icyphy/ptII/ptolemy/actor/lib/test/auto/Accumulator2.xml
5 ms. Memory: 480768K Free: 170482K (35%)
----------------- Invoking toplevel() on ptolemy.moml.MoMLSimpleApplication@3a314a29
----------------- Done invoking toplevel() on ptolemy.moml.MoMLSimpleApplication@3a314a29
reloadAllAccessors: .Accumulator2
----------------- testing Thu May 10 04:04:58 UTC 2018 /home/travis/build/icyphy/ptII/ptolemy/actor/lib/test/auto/Accumulator3.xml
----------------- Instantiating /home/travis/build/icyphy/ptII/ptolemy/actor/lib/test/auto/Accumulator3.xml
9 ms. Memory: 480768K Free: 162720K (34%)
----------------- Invoking toplevel() on ptolemy.moml.MoMLSimpleApplication@d5a656c
----------------- Done invoking toplevel() on ptolemy.moml.MoMLSimpleApplication@d5a656c
reloadAllAccessors: .Accumulator3
----------------- testing Thu May 10 04:04:58 UTC 2018 /home/travis/build/icyphy/ptII/ptolemy/actor/lib/test/auto/ArrayAppend.xml
----------------- Instantiating /home/travis/build/icyphy/ptII/ptolemy/actor/lib/test/auto/ArrayAppend.xml
9 ms. Memory: 480768K Free: 143352K (30%)
----------------- Invoking toplevel() on ptolemy.moml.MoMLSimpleApplication@70e9469d
----------------- Done invoking toplevel() on ptolemy.moml.MoMLSimpleApplication@70e9469d
reloadAllAccessors: .ArrayAppend
----------------- testing Thu May 10 04:04:58 UTC 2018 /home/travis/build/icyphy/ptII/ptolemy/actor/lib/test/auto/ArrayAppend2.xml
----------------- Instantiating /home/travis/build/icyphy/ptII/ptolemy/actor/lib/test/auto/ArrayAppend2.xml
761 ms. Memory: 485376K Free: 439914K (91%)
----------------- Invoking toplevel() on ptolemy.moml.MoMLSimpleApplication@cf58652
----------------- Done invoking toplevel() on ptolemy.moml.MoMLSimpleApplication@cf58652
reloadAllAccessors: .ArrayAppend2
----------------- testing Thu May 10 04:04:59 UTC 2018 /home/travis/build/icyphy/ptII/ptolemy/actor/lib/test/auto/ArrayAppend3.xml
----------------- Instantiating /home/travis/build/icyphy/ptII/ptolemy/actor/lib/test/auto/ArrayAppend3.xml
3 ms. Memory: 485376K Free: 420386K (87%)
----------------- Invoking toplevel() on ptolemy.moml.MoMLSimpleApplication@2dcfc65c
----------------- Done invoking toplevel() on ptolemy.moml.MoMLSimpleApplication@2dcfc65c
reloadAllAccessors: .ArrayAppend3
----------------- testing Thu May 10 04:04:59 UTC 2018 /home/travis/build/icyphy/ptII/ptolemy/actor/lib/test/auto/ArrayAppend4.xml
----------------- Instantiating /home/travis/build/icyphy/ptII/ptolemy/actor/lib/test/auto/ArrayAppend4.xml
3 ms. Memory: 485376K Free: 412556K (85%)
----------------- Invoking toplevel() on ptolemy.moml.MoMLSimpleApplication@2e6b2a15
----------------- Done invoking toplevel() on ptolemy.moml.MoMLSimpleApplication@2e6b2a15
reloadAllAccessors: .ArrayAppend4
----------------- testing Thu May 10 04:04:59 UTC 2018 /home/travis/build/icyphy/ptII/ptolemy/actor/lib/test/auto/ArrayAppend5.xml
----------------- Instantiating /home/travis/build/icyphy/ptII/ptolemy/actor/lib/test/auto/ArrayAppend5.xml
4 ms. Memory: 485376K Free: 398866K (82%)
----------------- Invoking toplevel() on ptolemy.moml.MoMLSimpleApplication@727c7a1
----------------- Done invoking toplevel() on ptolemy.moml.MoMLSimpleApplication@727c7a1
reloadAllAccessors: .ArrayAppend5
----------------- testing Thu May 10 04:04:59 UTC 2018 /home/travis/build/icyphy/ptII/ptolemy/actor/lib/test/auto/ArrayAppend6.xml
----------------- Instantiating /home/travis/build/icyphy/ptII/ptolemy/actor/lib/test/auto/ArrayAppend6.xml
6 ms. Memory: 485376K Free: 391088K (81%)
----------------- Invoking toplevel() on ptolemy.moml.MoMLSimpleApplication@89dbc12
----------------- Done invoking toplevel() on ptolemy.moml.MoMLSimpleApplication@89dbc12
reloadAllAccessors: .ArrayAppend6
----------------- testing Thu May 10 04:04:59 UTC 2018 /home/travis/build/icyphy/ptII/ptolemy/actor/lib/test/auto/ArrayAppendPerformanceTest.xml
----------------- Instantiating /home/travis/build/icyphy/ptII/ptolemy/actor/lib/test/auto/ArrayAppendPerformanceTest.xml
35 ms. Memory: 485376K Free: 380722K (78%)
----------------- Invoking toplevel() on ptolemy.moml.MoMLSimpleApplication@717ac6a7
----------------- Done invoking toplevel() on ptolemy.moml.MoMLSimpleApplication@717ac6a7
reloadAllAccessors: .ArrayAppendPerformanceTest
----------------- testing Thu May 10 04:04:59 UTC 2018 /home/travis/build/icyphy/ptII/ptolemy/actor/lib/test/auto/ArrayAppendWithEmptyInput.xml
----------------- Instantiating /home/travis/build/icyphy/ptII/ptolemy/actor/lib/test/auto/ArrayAppendWithEmptyInput.xml
20 ms. Memory: 485376K Free: 364437K (75%)
----------------- Invoking toplevel() on ptolemy.moml.MoMLSimpleApplication@1662f7df
----------------- Done invoking toplevel() on ptolemy.moml.MoMLSimpleApplication@1662f7df
reloadAllAccessors: .ArrayAppendWithEmptyInput
----------------- testing Thu May 10 04:04:59 UTC 2018 /home/travis/build/icyphy/ptII/ptolemy/actor/lib/test/auto/ArrayAverage.xml
----------------- Instantiating /home/travis/build/icyphy/ptII/ptolemy/actor/lib/test/auto/ArrayAverage.xml
15 ms. Memory: 485376K Free: 354072K (73%)
----------------- Invoking toplevel() on ptolemy.moml.MoMLSimpleApplication@2425d866
----------------- Done invoking toplevel() on ptolemy.moml.MoMLSimpleApplication@2425d866
reloadAllAccessors: .ArrayAverage
----------------- testing Thu May 10 04:05:00 UTC 2018 /home/travis/build/icyphy/ptII/ptolemy/actor/lib/test/auto/ArrayContains.xml
----------------- Instantiating /home/travis/build/icyphy/ptII/ptolemy/actor/lib/test/auto/ArrayContains.xml
11 ms. Memory: 485376K Free: 346309K (71%)
----------------- Invoking toplevel() on ptolemy.moml.MoMLSimpleApplication@21f5308b
----------------- Done invoking toplevel() on ptolemy.moml.MoMLSimpleApplication@21f5308b
reloadAllAccessors: .ArrayContains
----------------- testing Thu May 10 04:05:00 UTC 2018 /home/travis/build/icyphy/ptII/ptolemy/actor/lib/test/auto/ArrayElement.xml
----------------- Instantiating /home/travis/build/icyphy/ptII/ptolemy/actor/lib/test/auto/ArrayElement.xml
9 ms. Memory: 485376K Free: 332603K (69%)
----------------- Invoking toplevel() on ptolemy.moml.MoMLSimpleApplication@5190d1f
----------------- Done invoking toplevel() on ptolemy.moml.MoMLSimpleApplication@5190d1f
reloadAllAccessors: .ArrayElement
----------------- testing Thu May 10 04:05:00 UTC 2018 /home/travis/build/icyphy/ptII/ptolemy/actor/lib/test/auto/ArrayElementAsMatrix.xml
----------------- Instantiating /home/travis/build/icyphy/ptII/ptolemy/actor/lib/test/auto/ArrayElementAsMatrix.xml
31 ms. Memory: 485376K Free: 322238K (66%)
----------------- Invoking toplevel() on ptolemy.moml.MoMLSimpleApplication@35a51828
----------------- Done invoking toplevel() on ptolemy.moml.MoMLSimpleApplication@35a51828
reloadAllAccessors: .ArrayElementAsMatrix
----------------- testing Thu May 10 04:05:00 UTC 2018 /home/travis/build/icyphy/ptII/ptolemy/actor/lib/test/auto/ArrayElementI.xml
----------------- Instantiating /home/travis/build/icyphy/ptII/ptolemy/actor/lib/test/auto/ArrayElementI.xml
4 ms. Memory: 485376K Free: 308532K (64%)
----------------- Invoking toplevel() on ptolemy.moml.MoMLSimpleApplication@1a8244ee
----------------- Done invoking toplevel() on ptolemy.moml.MoMLSimpleApplication@1a8244ee
reloadAllAccessors: .ArrayElementI
----------------- testing Thu May 10 04:05:00 UTC 2018 /home/travis/build/icyphy/ptII/ptolemy/actor/lib/test/auto/ArrayExtract.xml
----------------- Instantiating /home/travis/build/icyphy/ptII/ptolemy/actor/lib/test/auto/ArrayExtract.xml
4 ms. Memory: 485376K Free: 300754K (62%)
----------------- Invoking toplevel() on ptolemy.moml.MoMLSimpleApplication@e5bac4f
----------------- Done invoking toplevel() on ptolemy.moml.MoMLSimpleApplication@e5bac4f
reloadAllAccessors: .ArrayExtract
----------------- testing Thu May 10 04:05:00 UTC 2018 /home/travis/build/icyphy/ptII/ptolemy/actor/lib/test/auto/ArrayExtract2.xml
----------------- Instantiating /home/travis/build/icyphy/ptII/ptolemy/actor/lib/test/auto/ArrayExtract2.xml
2 ms. Memory: 485376K Free: 292976K (60%)
----------------- Invoking toplevel() on ptolemy.moml.MoMLSimpleApplication@1e439756
----------------- Done invoking toplevel() on ptolemy.moml.MoMLSimpleApplication@1e439756
reloadAllAccessors: .ArrayExtract2
----------------- testing Thu May 10 04:05:00 UTC 2018 /home/travis/build/icyphy/ptII/ptolemy/actor/lib/test/auto/ArrayLength.xml
----------------- Instantiating /home/travis/build/icyphy/ptII/ptolemy/actor/lib/test/auto/ArrayLength.xml
2 ms. Memory: 485376K Free: 281873K (58%)
----------------- Invoking toplevel() on ptolemy.moml.MoMLSimpleApplication@16bc38d5
----------------- Done invoking toplevel() on ptolemy.moml.MoMLSimpleApplication@16bc38d5
reloadAllAccessors: .ArrayLength
----------------- testing Thu May 10 04:05:00 UTC 2018 /home/travis/build/icyphy/ptII/ptolemy/actor/lib/test/auto/ArrayLevelCrossing.xml
----------------- Instantiating /home/travis/build/icyphy/ptII/ptolemy/actor/lib/test/auto/ArrayLevelCrossing.xml
4 ms. Memory: 733696K Free: 685650K (93%)
----------------- Invoking toplevel() on ptolemy.moml.MoMLSimpleApplication@7211b321
----------------- Done invoking toplevel() on ptolemy.moml.MoMLSimpleApplication@7211b321
reloadAllAccessors: .ArrayLevelCrossing
----------------- testing Thu May 10 04:05:01 UTC 2018 /home/travis/build/icyphy/ptII/ptolemy/actor/lib/test/auto/ArrayLevelCrossing2.xml
----------------- Instantiating /home/travis/build/icyphy/ptII/ptolemy/actor/lib/test/auto/ArrayLevelCrossing2.xml
3 ms. Memory: 733696K Free: 666848K (91%)
----------------- Invoking toplevel() on ptolemy.moml.MoMLSimpleApplication@537460cb
----------------- Done invoking toplevel() on ptolemy.moml.MoMLSimpleApplication@537460cb
reloadAllAccessors: .ArrayLevelCrossing2
----------------- testing Thu May 10 04:05:01 UTC 2018 /home/travis/build/icyphy/ptII/ptolemy/actor/lib/test/auto/ArrayPeakSearch.xml
----------------- Instantiating /home/travis/build/icyphy/ptII/ptolemy/actor/lib/test/auto/ArrayPeakSearch.xml
8 ms. Memory: 733696K Free: 654389K (89%)
----------------- Invoking toplevel() on ptolemy.moml.MoMLSimpleApplication@4a0dc541
----------------- Done invoking toplevel() on ptolemy.moml.MoMLSimpleApplication@4a0dc541
reloadAllAccessors: .ArrayPeakSearch
----------------- testing Thu May 10 04:05:01 UTC 2018 /home/travis/build/icyphy/ptII/ptolemy/actor/lib/test/auto/ArrayPeakSearch2.xml
----------------- Instantiating /home/travis/build/icyphy/ptII/ptolemy/actor/lib/test/auto/ArrayPeakSearch2.xml
7 ms. Memory: 733696K Free: 641962K (87%)
----------------- Invoking toplevel() on ptolemy.moml.MoMLSimpleApplication@50e99085
----------------- Done invoking toplevel() on ptolemy.moml.MoMLSimpleApplication@50e99085
reloadAllAccessors: .ArrayPeakSearch2
----------------- testing Thu May 10 04:05:01 UTC 2018 /home/travis/build/icyphy/ptII/ptolemy/actor/lib/test/auto/ArrayPeakSearch3.xml
----------------- Instantiating /home/travis/build/icyphy/ptII/ptolemy/actor/lib/test/auto/ArrayPeakSearch3.xml
5 ms. Memory: 733696K Free: 629503K (86%)
----------------- Invoking toplevel() on ptolemy.moml.MoMLSimpleApplication@2743be1b
----------------- Done invoking toplevel() on ptolemy.moml.MoMLSimpleApplication@2743be1b
reloadAllAccessors: .ArrayPeakSearch3
----------------- testing Thu May 10 04:05:01 UTC 2018 /home/travis/build/icyphy/ptII/ptolemy/actor/lib/test/auto/ArrayRemoveElement.xml
----------------- Instantiating /home/travis/build/icyphy/ptII/ptolemy/actor/lib/test/auto/ArrayRemoveElement.xml
4 ms. Memory: 733696K Free: 607581K (83%)
----------------- Invoking toplevel() on ptolemy.moml.MoMLSimpleApplication@141fee9e
----------------- Done invoking toplevel() on ptolemy.moml.MoMLSimpleApplication@141fee9e
reloadAllAccessors: .ArrayRemoveElement
----------------- testing Thu May 10 04:05:01 UTC 2018 /home/travis/build/icyphy/ptII/ptolemy/actor/lib/test/auto/ArraySort.xml
----------------- Instantiating /home/travis/build/icyphy/ptII/ptolemy/actor/lib/test/auto/ArraySort.xml
6 ms. Memory: 733696K Free: 595170K (81%)
----------------- Invoking toplevel() on ptolemy.moml.MoMLSimpleApplication@3903ea21
----------------- Done invoking toplevel() on ptolemy.moml.MoMLSimpleApplication@3903ea21
reloadAllAccessors: .ArraySort
----------------- testing Thu May 10 04:05:01 UTC 2018 /home/travis/build/icyphy/ptII/ptolemy/actor/lib/test/auto/ArraySum.xml
----------------- Instantiating /home/travis/build/icyphy/ptII/ptolemy/actor/lib/test/auto/ArraySum.xml
4 ms. Memory: 733696K Free: 585846K (80%)
----------------- Invoking toplevel() on ptolemy.moml.MoMLSimpleApplication@1dcf498
----------------- Done invoking toplevel() on ptolemy.moml.MoMLSimpleApplication@1dcf498
reloadAllAccessors: .ArraySum
----------------- testing Thu May 10 04:05:01 UTC 2018 /home/travis/build/icyphy/ptII/ptolemy/actor/lib/test/auto/ArrayToElements.xml
----------------- Instantiating /home/travis/build/icyphy/ptII/ptolemy/actor/lib/test/auto/ArrayToElements.xml
5 ms. Memory: 733696K Free: 576522K (79%)
----------------- Invoking toplevel() on ptolemy.moml.MoMLSimpleApplication@72bea209
----------------- Done invoking toplevel() on ptolemy.moml.MoMLSimpleApplication@72bea209
reloadAllAccessors: .ArrayToElements
----------------- testing Thu May 10 04:05:01 UTC 2018 /home/travis/build/icyphy/ptII/ptolemy/actor/lib/test/auto/ArrayToMatrix.xml
----------------- Instantiating /home/travis/build/icyphy/ptII/ptolemy/actor/lib/test/auto/ArrayToMatrix.xml
10 ms. Memory: 733696K Free: 548379K (75%)
----------------- Invoking toplevel() on ptolemy.moml.MoMLSimpleApplication@2e72664f
----------------- Done invoking toplevel() on ptolemy.moml.MoMLSimpleApplication@2e72664f
reloadAllAccessors: .ArrayToMatrix
----------------- testing Thu May 10 04:05:01 UTC 2018 /home/travis/build/icyphy/ptII/ptolemy/actor/lib/test/auto/ArrayUpdate1.xml
----------------- Instantiating /home/travis/build/icyphy/ptII/ptolemy/actor/lib/test/auto/ArrayUpdate1.xml
2 ms. Memory: 733696K Free: 542173K (74%)
----------------- Invoking toplevel() on ptolemy.moml.MoMLSimpleApplication@3783f36c
----------------- Done invoking toplevel() on ptolemy.moml.MoMLSimpleApplication@3783f36c
reloadAllAccessors: .ArrayUpdate1
----------------- testing Thu May 10 04:05:01 UTC 2018 /home/travis/build/icyphy/ptII/ptolemy/actor/lib/test/auto/ArrayUpdate2.xml
----------------- Instantiating /home/travis/build/icyphy/ptII/ptolemy/actor/lib/test/auto/ArrayUpdate2.xml
4 ms. Memory: 733696K Free: 532857K (73%)
----------------- Invoking toplevel() on ptolemy.moml.MoMLSimpleApplication@4f9b38cc
----------------- Done invoking toplevel() on ptolemy.moml.MoMLSimpleApplication@4f9b38cc
reloadAllAccessors: .ArrayUpdate2
----------------- testing Thu May 10 04:05:01 UTC 2018 /home/travis/build/icyphy/ptII/ptolemy/actor/lib/test/auto/ArrayUpdate3.xml
----------------- Instantiating /home/travis/build/icyphy/ptII/ptolemy/actor/lib/test/auto/ArrayUpdate3.xml
7 ms. Memory: 733696K Free: 526652K (72%)
----------------- Invoking toplevel() on ptolemy.moml.MoMLSimpleApplication@369981da
----------------- Done invoking toplevel() on ptolemy.moml.MoMLSimpleApplication@369981da
reloadAllAccessors: .ArrayUpdate3
----------------- testing Thu May 10 04:05:01 UTC 2018 /home/travis/build/icyphy/ptII/ptolemy/actor/lib/test/auto/Assert1.xml
----------------- Instantiating /home/travis/build/icyphy/ptII/ptolemy/actor/lib/test/auto/Assert1.xml
3 ms. Memory: 733696K Free: 510967K (70%)
----------------- Invoking toplevel() on ptolemy.moml.MoMLSimpleApplication@1763e56c
----------------- Done invoking toplevel() on ptolemy.moml.MoMLSimpleApplication@1763e56c
reloadAllAccessors: .Assert1
----------------- testing Thu May 10 04:05:01 UTC 2018 /home/travis/build/icyphy/ptII/ptolemy/actor/lib/test/auto/Assert2.xml
----------------- Instantiating /home/travis/build/icyphy/ptII/ptolemy/actor/lib/test/auto/Assert2.xml
7 ms. Memory: 733696K Free: 504762K (69%)
----------------- Invoking toplevel() on ptolemy.moml.MoMLSimpleApplication@3618d265
----------------- Done invoking toplevel() on ptolemy.moml.MoMLSimpleApplication@3618d265
reloadAllAccessors: .Assert2
----------------- testing Thu May 10 04:05:01 UTC 2018 /home/travis/build/icyphy/ptII/ptolemy/actor/lib/test/auto/BooleanMultiplexor.xml
----------------- Instantiating /home/travis/build/icyphy/ptII/ptolemy/actor/lib/test/auto/BooleanMultiplexor.xml
3 ms. Memory: 733696K Free: 495454K (68%)
----------------- Invoking toplevel() on ptolemy.moml.MoMLSimpleApplication@2e9f1b52
----------------- Done invoking toplevel() on ptolemy.moml.MoMLSimpleApplication@2e9f1b52
reloadAllAccessors: .BooleanMultiplexor
----------------- testing Thu May 10 04:05:01 UTC 2018 /home/travis/build/icyphy/ptII/ptolemy/actor/lib/test/auto/BooleanMultiplexor2.xml
----------------- Instantiating /home/travis/build/icyphy/ptII/ptolemy/actor/lib/test/auto/BooleanMultiplexor2.xml
10 ms. Memory: 733696K Free: 486129K (66%)
----------------- Invoking toplevel() on ptolemy.moml.MoMLSimpleApplication@38df12f1
----------------- Done invoking toplevel() on ptolemy.moml.MoMLSimpleApplication@38df12f1
reloadAllAccessors: .BooleanMultiplexor2
----------------- testing Thu May 10 04:05:01 UTC 2018 /home/travis/build/icyphy/ptII/ptolemy/actor/lib/test/auto/BooleanMultiplexor3.xml
----------------- Instantiating /home/travis/build/icyphy/ptII/ptolemy/actor/lib/test/auto/BooleanMultiplexor3.xml
2 ms. Memory: 733696K Free: 479924K (65%)
----------------- Invoking toplevel() on ptolemy.moml.MoMLSimpleApplication@6bf924fe
----------------- Done invoking toplevel() on ptolemy.moml.MoMLSimpleApplication@6bf924fe
reloadAllAccessors: .BooleanMultiplexor3
----------------- testing Thu May 10 04:05:01 UTC 2018 /home/travis/build/icyphy/ptII/ptolemy/actor/lib/test/auto/BooleanSelect.xml
----------------- Instantiating /home/travis/build/icyphy/ptII/ptolemy/actor/lib/test/auto/BooleanSelect.xml
5 ms. Memory: 733696K Free: 461121K (63%)
----------------- Invoking toplevel() on ptolemy.moml.MoMLSimpleApplication@72e6d4f9
----------------- Done invoking toplevel() on ptolemy.moml.MoMLSimpleApplication@72e6d4f9
reloadAllAccessors: .BooleanSelect
----------------- testing Thu May 10 04:05:02 UTC 2018 /home/travis/build/icyphy/ptII/ptolemy/actor/lib/test/auto/BooleanSelect2.xml
----------------- Instantiating /home/travis/build/icyphy/ptII/ptolemy/actor/lib/test/auto/BooleanSelect2.xml
2 ms. Memory: 733696K Free: 454916K (62%)
----------------- Invoking toplevel() on ptolemy.moml.MoMLSimpleApplication@4e1a631
----------------- Done invoking toplevel() on ptolemy.moml.MoMLSimpleApplication@4e1a631
reloadAllAccessors: .BooleanSelect2
----------------- testing Thu May 10 04:05:02 UTC 2018 /home/travis/build/icyphy/ptII/ptolemy/actor/lib/test/auto/BooleanSwitch.xml
----------------- Instantiating /home/travis/build/icyphy/ptII/ptolemy/actor/lib/test/auto/BooleanSwitch.xml
3 ms. Memory: 733696K Free: 445599K (61%)
----------------- Invoking toplevel() on ptolemy.moml.MoMLSimpleApplication@3bc46e1f
----------------- Done invoking toplevel() on ptolemy.moml.MoMLSimpleApplication@3bc46e1f
reloadAllAccessors: .BooleanSwitch
----------------- testing Thu May 10 04:05:02 UTC 2018 /home/travis/build/icyphy/ptII/ptolemy/actor/lib/test/auto/BooleanSwitch2.xml
----------------- Instantiating /home/travis/build/icyphy/ptII/ptolemy/actor/lib/test/auto/BooleanSwitch2.xml
2 ms. Memory: 733696K Free: 439394K (60%)
----------------- Invoking toplevel() on ptolemy.moml.MoMLSimpleApplication@7db4480
----------------- Done invoking toplevel() on ptolemy.moml.MoMLSimpleApplication@7db4480
reloadAllAccessors: .BooleanSwitch2
----------------- testing Thu May 10 04:05:02 UTC 2018 /home/travis/build/icyphy/ptII/ptolemy/actor/lib/test/auto/BooleanSwitchCloningBugWithClassRelationGroup.xml
----------------- Instantiating /home/travis/build/icyphy/ptII/ptolemy/actor/lib/test/auto/BooleanSwitchCloningBugWithClassRelationGroup.xml
3 ms. Memory: 733696K Free: 420591K (57%)
----------------- Invoking toplevel() on ptolemy.moml.MoMLSimpleApplication@679d9e3
----------------- Done invoking toplevel() on ptolemy.moml.MoMLSimpleApplication@679d9e3
reloadAllAccessors: .BooleanSwitchCloningBugWithClassRelationGroup
----------------- testing Thu May 10 04:05:02 UTC 2018 /home/travis/build/icyphy/ptII/ptolemy/actor/lib/test/auto/BusActors.xml
----------------- Instantiating /home/travis/build/icyphy/ptII/ptolemy/actor/lib/test/auto/BusActors.xml
7 ms. Memory: 733696K Free: 408160K (56%)
----------------- Invoking toplevel() on ptolemy.moml.MoMLSimpleApplication@d661856
----------------- Done invoking toplevel() on ptolemy.moml.MoMLSimpleApplication@d661856
reloadAllAccessors: .BusActors
----------------- testing Thu May 10 04:05:02 UTC 2018 /home/travis/build/icyphy/ptII/ptolemy/actor/lib/test/auto/ClassWrapper.xml
----------------- Instantiating /home/travis/build/icyphy/ptII/ptolemy/actor/lib/test/auto/ClassWrapper.xml
2 ms. Memory: 733696K Free: 401954K (55%)
----------------- Invoking toplevel() on ptolemy.moml.MoMLSimpleApplication@57c6ae6e
----------------- Done invoking toplevel() on ptolemy.moml.MoMLSimpleApplication@57c6ae6e
reloadAllAccessors: .ClassWrapper
----------------- testing Thu May 10 04:05:02 UTC 2018 /home/travis/build/icyphy/ptII/ptolemy/actor/lib/test/auto/Clock.xml
----------------- Instantiating /home/travis/build/icyphy/ptII/ptolemy/actor/lib/test/auto/Clock.xml
3 ms. Memory: 733696K Free: 395749K (54%)
----------------- Invoking toplevel() on ptolemy.moml.MoMLSimpleApplication@1f90409c
----------------- Done invoking toplevel() on ptolemy.moml.MoMLSimpleApplication@1f90409c
reloadAllAccessors: .Clock
----------------- testing Thu May 10 04:05:02 UTC 2018 /home/travis/build/icyphy/ptII/ptolemy/actor/lib/test/auto/Clock10.xml
----------------- Instantiating /home/travis/build/icyphy/ptII/ptolemy/actor/lib/test/auto/Clock10.xml
6 ms. Memory: 733696K Free: 376946K (51%)
----------------- Invoking toplevel() on ptolemy.moml.MoMLSimpleApplication@b3a372c
----------------- Done invoking toplevel() on ptolemy.moml.MoMLSimpleApplication@b3a372c
reloadAllAccessors: .Clock10
----------------- testing Thu May 10 04:05:02 UTC 2018 /home/travis/build/icyphy/ptII/ptolemy/actor/lib/test/auto/Clock11.xml
----------------- Instantiating /home/travis/build/icyphy/ptII/ptolemy/actor/lib/test/auto/Clock11.xml
8 ms. Memory: 733696K Free: 367622K (50%)
----------------- Invoking toplevel() on ptolemy.moml.MoMLSimpleApplication@549e6fd7
----------------- Done invoking toplevel() on ptolemy.moml.MoMLSimpleApplication@549e6fd7
reloadAllAccessors: .Clock11
----------------- testing Thu May 10 04:05:02 UTC 2018 /home/travis/build/icyphy/ptII/ptolemy/actor/lib/test/auto/Clock12.xml
----------------- Instantiating /home/travis/build/icyphy/ptII/ptolemy/actor/lib/test/auto/Clock12.xml
7 ms. Memory: 733696K Free: 358314K (49%)
----------------- Invoking toplevel() on ptolemy.moml.MoMLSimpleApplication@2bd59bd8
----------------- Done invoking toplevel() on ptolemy.moml.MoMLSimpleApplication@2bd59bd8
reloadAllAccessors: .Clock12
----------------- testing Thu May 10 04:05:02 UTC 2018 /home/travis/build/icyphy/ptII/ptolemy/actor/lib/test/auto/Clock13.xml
----------------- Instantiating /home/travis/build/icyphy/ptII/ptolemy/actor/lib/test/auto/Clock13.xml
2 ms. Memory: 733696K Free: 349005K (48%)
----------------- Invoking toplevel() on ptolemy.moml.MoMLSimpleApplication@45533430
----------------- Done invoking toplevel() on ptolemy.moml.MoMLSimpleApplication@45533430
reloadAllAccessors: .Clock13
----------------- testing Thu May 10 04:05:02 UTC 2018 /home/travis/build/icyphy/ptII/ptolemy/actor/lib/test/auto/Clock14.xml
----------------- Instantiating /home/travis/build/icyphy/ptII/ptolemy/actor/lib/test/auto/Clock14.xml
10 ms. Memory: 733696K Free: 330218K (45%)
----------------- Invoking toplevel() on ptolemy.moml.MoMLSimpleApplication@3f42800e
----------------- Done invoking toplevel() on ptolemy.moml.MoMLSimpleApplication@3f42800e
reloadAllAccessors: .Clock14
----------------- testing Thu May 10 04:05:02 UTC 2018 /home/travis/build/icyphy/ptII/ptolemy/actor/lib/test/auto/Clock15.xml
----------------- Instantiating /home/travis/build/icyphy/ptII/ptolemy/actor/lib/test/auto/Clock15.xml
8 ms. Memory: 733696K Free: 320894K (44%)
----------------- Invoking toplevel() on ptolemy.moml.MoMLSimpleApplication@16d540b1
----------------- Done invoking toplevel() on ptolemy.moml.MoMLSimpleApplication@16d540b1
reloadAllAccessors: .Clock15
----------------- testing Thu May 10 04:05:02 UTC 2018 /home/travis/build/icyphy/ptII/ptolemy/actor/lib/test/auto/Clock16.xml
----------------- Instantiating /home/travis/build/icyphy/ptII/ptolemy/actor/lib/test/auto/Clock16.xml
23 ms. Memory: 733696K Free: 305348K (42%)
----------------- Invoking toplevel() on ptolemy.moml.MoMLSimpleApplication@1f87d309
----------------- Done invoking toplevel() on ptolemy.moml.MoMLSimpleApplication@1f87d309
reloadAllAccessors: .Clock16
----------------- testing Thu May 10 04:05:02 UTC 2018 /home/travis/build/icyphy/ptII/ptolemy/actor/lib/test/auto/Clock17.xml
----------------- Instantiating /home/travis/build/icyphy/ptII/ptolemy/actor/lib/test/auto/Clock17.xml
33 ms. Memory: 733696K Free: 286699K (39%)
----------------- Invoking toplevel() on ptolemy.moml.MoMLSimpleApplication@1673d6e4
----------------- Done invoking toplevel() on ptolemy.moml.MoMLSimpleApplication@1673d6e4
reloadAllAccessors: .Clock17
----------------- testing Thu May 10 04:05:02 UTC 2018 /home/travis/build/icyphy/ptII/ptolemy/actor/lib/test/auto/Clock18.xml
----------------- Instantiating /home/travis/build/icyphy/ptII/ptolemy/actor/lib/test/auto/Clock18.xml
33 ms. Memory: 733696K Free: 271153K (37%)
----------------- Invoking toplevel() on ptolemy.moml.MoMLSimpleApplication@28b276f7
----------------- Done invoking toplevel() on ptolemy.moml.MoMLSimpleApplication@28b276f7
reloadAllAccessors: .Clock18
----------------- testing Thu May 10 04:05:02 UTC 2018 /home/travis/build/icyphy/ptII/ptolemy/actor/lib/test/auto/Clock19.xml
----------------- Instantiating /home/travis/build/icyphy/ptII/ptolemy/actor/lib/test/auto/Clock19.xml
14 ms. Memory: 733696K Free: 246137K (34%)
----------------- Invoking toplevel() on ptolemy.moml.MoMLSimpleApplication@2d9c28e1
----------------- Done invoking toplevel() on ptolemy.moml.MoMLSimpleApplication@2d9c28e1
reloadAllAccessors: .Clock19
----------------- testing Thu May 10 04:05:02 UTC 2018 /home/travis/build/icyphy/ptII/ptolemy/actor/lib/test/auto/Clock2.xml
----------------- Instantiating /home/travis/build/icyphy/ptII/ptolemy/actor/lib/test/auto/Clock2.xml
4 ms. Memory: 733696K Free: 239932K (33%)
----------------- Invoking toplevel() on ptolemy.moml.MoMLSimpleApplication@67cf9cb7
----------------- Done invoking toplevel() on ptolemy.moml.MoMLSimpleApplication@67cf9cb7
reloadAllAccessors: .Clock2
----------------- testing Thu May 10 04:05:02 UTC 2018 /home/travis/build/icyphy/ptII/ptolemy/actor/lib/test/auto/Clock20.xml
----------------- Instantiating /home/travis/build/icyphy/ptII/ptolemy/actor/lib/test/auto/Clock20.xml
14 ms. Memory: 733696K Free: 230616K (31%)
----------------- Invoking toplevel() on ptolemy.moml.MoMLSimpleApplication@53d9fa03
----------------- Done invoking toplevel() on ptolemy.moml.MoMLSimpleApplication@53d9fa03
reloadAllAccessors: .Clock20
----------------- testing Thu May 10 04:05:02 UTC 2018 /home/travis/build/icyphy/ptII/ptolemy/actor/lib/test/auto/Clock21.xml
----------------- Instantiating /home/travis/build/icyphy/ptII/ptolemy/actor/lib/test/auto/Clock21.xml
9 ms. Memory: 733696K Free: 221291K (30%)
----------------- Invoking toplevel() on ptolemy.moml.MoMLSimpleApplication@ec7d04a
----------------- Done invoking toplevel() on ptolemy.moml.MoMLSimpleApplication@ec7d04a
reloadAllAccessors: .Clock21
----------------- testing Thu May 10 04:05:02 UTC 2018 /home/travis/build/icyphy/ptII/ptolemy/actor/lib/test/auto/Clock22.xml
----------------- Instantiating /home/travis/build/icyphy/ptII/ptolemy/actor/lib/test/auto/Clock22.xml
3 ms. Memory: 733696K Free: 196283K (27%)
----------------- Invoking toplevel() on ptolemy.moml.MoMLSimpleApplication@7b2681d6
----------------- Done invoking toplevel() on ptolemy.moml.MoMLSimpleApplication@7b2681d6
reloadAllAccessors: .Clock22
----------------- testing Thu May 10 04:05:03 UTC 2018 /home/travis/build/icyphy/ptII/ptolemy/actor/lib/test/auto/Clock23.xml
----------------- Instantiating /home/travis/build/icyphy/ptII/ptolemy/actor/lib/test/auto/Clock23.xml
6 ms. Memory: 733696K Free: 186959K (25%)
----------------- Invoking toplevel() on ptolemy.moml.MoMLSimpleApplication@4f062d7a
----------------- Done invoking toplevel() on ptolemy.moml.MoMLSimpleApplication@4f062d7a
reloadAllAccessors: .Clock23
----------------- testing Thu May 10 04:05:03 UTC 2018 /home/travis/build/icyphy/ptII/ptolemy/actor/lib/test/auto/Clock24.xml
----------------- Instantiating /home/travis/build/icyphy/ptII/ptolemy/actor/lib/test/auto/Clock24.xml
3 ms. Memory: 733696K Free: 177635K (24%)
----------------- Invoking toplevel() on ptolemy.moml.MoMLSimpleApplication@5f4bcb75
----------------- Done invoking toplevel() on ptolemy.moml.MoMLSimpleApplication@5f4bcb75
reloadAllAccessors: .Clock24
----------------- testing Thu May 10 04:05:03 UTC 2018 /home/travis/build/icyphy/ptII/ptolemy/actor/lib/test/auto/Clock4.xml
----------------- Instantiating /home/travis/build/icyphy/ptII/ptolemy/actor/lib/test/auto/Clock4.xml
3 ms. Memory: 733696K Free: 171429K (23%)
----------------- Invoking toplevel() on ptolemy.moml.MoMLSimpleApplication@20a368ba
----------------- Done invoking toplevel() on ptolemy.moml.MoMLSimpleApplication@20a368ba
reloadAllAccessors: .Clock4
----------------- testing Thu May 10 04:05:03 UTC 2018 /home/travis/build/icyphy/ptII/ptolemy/actor/lib/test/auto/Clock5.xml
----------------- Instantiating /home/travis/build/icyphy/ptII/ptolemy/actor/lib/test/auto/Clock5.xml
2 ms. Memory: 733696K Free: 152626K (21%)
----------------- Invoking toplevel() on ptolemy.moml.MoMLSimpleApplication@965fd82
----------------- Done invoking toplevel() on ptolemy.moml.MoMLSimpleApplication@965fd82
reloadAllAccessors: .Clock5
----------------- testing Thu May 10 04:05:03 UTC 2018 /home/travis/build/icyphy/ptII/ptolemy/actor/lib/test/auto/Clock6.xml
----------------- Instantiating /home/travis/build/icyphy/ptII/ptolemy/actor/lib/test/auto/Clock6.xml
3 ms. Memory: 733696K Free: 146421K (20%)
----------------- Invoking toplevel() on ptolemy.moml.MoMLSimpleApplication@289ccdb0
----------------- Done invoking toplevel() on ptolemy.moml.MoMLSimpleApplication@289ccdb0
reloadAllAccessors: .Clock6
----------------- testing Thu May 10 04:05:03 UTC 2018 /home/travis/build/icyphy/ptII/ptolemy/actor/lib/test/auto/Clock7.xml
----------------- Instantiating /home/travis/build/icyphy/ptII/ptolemy/actor/lib/test/auto/Clock7.xml
4 ms. Memory: 733696K Free: 140215K (19%)
----------------- Invoking toplevel() on ptolemy.moml.MoMLSimpleApplication@92f2ceb
----------------- Done invoking toplevel() on ptolemy.moml.MoMLSimpleApplication@92f2ceb
reloadAllAccessors: .Clock7
----------------- testing Thu May 10 04:05:03 UTC 2018 /home/travis/build/icyphy/ptII/ptolemy/actor/lib/test/auto/Clock8.xml
----------------- Instantiating /home/travis/build/icyphy/ptII/ptolemy/actor/lib/test/auto/Clock8.xml
3 ms. Memory: 733696K Free: 130907K (18%)
----------------- Invoking toplevel() on ptolemy.moml.MoMLSimpleApplication@4ace161f
----------------- Done invoking toplevel() on ptolemy.moml.MoMLSimpleApplication@4ace161f
reloadAllAccessors: .Clock8
----------------- testing Thu May 10 04:05:03 UTC 2018 /home/travis/build/icyphy/ptII/ptolemy/actor/lib/test/auto/Clock9.xml
----------------- Instantiating /home/travis/build/icyphy/ptII/ptolemy/actor/lib/test/auto/Clock9.xml
3 ms. Memory: 733696K Free: 112120K (15%)
----------------- Invoking toplevel() on ptolemy.moml.MoMLSimpleApplication@17f502f
----------------- Done invoking toplevel() on ptolemy.moml.MoMLSimpleApplication@17f502f
reloadAllAccessors: .Clock9
----------------- testing Thu May 10 04:05:03 UTC 2018 /home/travis/build/icyphy/ptII/ptolemy/actor/lib/test/auto/CommDistDiscard.xml
----------------- Instantiating /home/travis/build/icyphy/ptII/ptolemy/actor/lib/test/auto/CommDistDiscard.xml
5 ms. Memory: 733696K Free: 102812K (14%)
----------------- Invoking toplevel() on ptolemy.moml.MoMLSimpleApplication@72c2c040
----------------- Done invoking toplevel() on ptolemy.moml.MoMLSimpleApplication@72c2c040
reloadAllAccessors: .CommDistDiscard
----------------- testing Thu May 10 04:05:03 UTC 2018 /home/travis/build/icyphy/ptII/ptolemy/actor/lib/test/auto/Commutator.xml
----------------- Instantiating /home/travis/build/icyphy/ptII/ptolemy/actor/lib/test/auto/Commutator.xml
2 ms. Memory: 733696K Free: 96606K (13%)
----------------- Invoking toplevel() on ptolemy.moml.MoMLSimpleApplication@62fb76b7
----------------- Done invoking toplevel() on ptolemy.moml.MoMLSimpleApplication@62fb76b7
reloadAllAccessors: .Commutator
----------------- testing Thu May 10 04:05:03 UTC 2018 /home/travis/build/icyphy/ptII/ptolemy/actor/lib/test/auto/Commutator2.xml
----------------- Instantiating /home/travis/build/icyphy/ptII/ptolemy/actor/lib/test/auto/Commutator2.xml
2 ms. Memory: 733696K Free: 90401K (12%)
----------------- Invoking toplevel() on ptolemy.moml.MoMLSimpleApplication@7b96562f
----------------- Done invoking toplevel() on ptolemy.moml.MoMLSimpleApplication@7b96562f
reloadAllAccessors: .Commutator2
----------------- testing Thu May 10 04:05:03 UTC 2018 /home/travis/build/icyphy/ptII/ptolemy/actor/lib/test/auto/Commutator3.xml
----------------- Instantiating /home/travis/build/icyphy/ptII/ptolemy/actor/lib/test/auto/Commutator3.xml
2 ms. Memory: 733696K Free: 76583K (10%)
----------------- Invoking toplevel() on ptolemy.moml.MoMLSimpleApplication@33b272dc
----------------- Done invoking toplevel() on ptolemy.moml.MoMLSimpleApplication@33b272dc
reloadAllAccessors: .Commutator3
----------------- testing Thu May 10 04:05:03 UTC 2018 /home/travis/build/icyphy/ptII/ptolemy/actor/lib/test/auto/Compare.xml
----------------- Instantiating /home/travis/build/icyphy/ptII/ptolemy/actor/lib/test/auto/Compare.xml
3 ms. Memory: 734208K Free: 686340K (93%)
----------------- Invoking toplevel() on ptolemy.moml.MoMLSimpleApplication@16f938dd
----------------- Done invoking toplevel() on ptolemy.moml.MoMLSimpleApplication@16f938dd
reloadAllAccessors: .Compare
----------------- testing Thu May 10 04:05:03 UTC 2018 /home/travis/build/icyphy/ptII/ptolemy/actor/lib/test/auto/CompareDE.xml
----------------- Instantiating /home/travis/build/icyphy/ptII/ptolemy/actor/lib/test/auto/CompareDE.xml
6 ms. Memory: 734208K Free: 666956K (91%)
----------------- Invoking toplevel() on ptolemy.moml.MoMLSimpleApplication@15f2aaae
----------------- Done invoking toplevel() on ptolemy.moml.MoMLSimpleApplication@15f2aaae
reloadAllAccessors: .CompareDE
----------------- testing Thu May 10 04:05:03 UTC 2018 /home/travis/build/icyphy/ptII/ptolemy/actor/lib/test/auto/ComplexDivide.xml
----------------- Instantiating /home/travis/build/icyphy/ptII/ptolemy/actor/lib/test/auto/ComplexDivide.xml
2 ms. Memory: 734208K Free: 658682K (90%)
----------------- Invoking toplevel() on ptolemy.moml.MoMLSimpleApplication@7420d2fb
----------------- Done invoking toplevel() on ptolemy.moml.MoMLSimpleApplication@7420d2fb
reloadAllAccessors: .ComplexDivide
----------------- testing Thu May 10 04:05:03 UTC 2018 /home/travis/build/icyphy/ptII/ptolemy/actor/lib/test/auto/ComputeHistogram.xml
----------------- Instantiating /home/travis/build/icyphy/ptII/ptolemy/actor/lib/test/auto/ComputeHistogram.xml
58 ms. Memory: 734208K Free: 642102K (87%)
----------------- Invoking toplevel() on ptolemy.moml.MoMLSimpleApplication@147141a
----------------- Done invoking toplevel() on ptolemy.moml.MoMLSimpleApplication@147141a
reloadAllAccessors: .ComputeHistogram
----------------- testing Thu May 10 04:05:03 UTC 2018 /home/travis/build/icyphy/ptII/ptolemy/actor/lib/test/auto/ConfigurationSelect.xml
----------------- Instantiating /home/travis/build/icyphy/ptII/ptolemy/actor/lib/test/auto/ConfigurationSelect.xml
7 ms. Memory: 734208K Free: 626871K (85%)
----------------- Invoking toplevel() on ptolemy.moml.MoMLSimpleApplication@1366d13c
----------------- Done invoking toplevel() on ptolemy.moml.MoMLSimpleApplication@1366d13c
reloadAllAccessors: .ConfigurationSelect
----------------- testing Thu May 10 04:05:03 UTC 2018 /home/travis/build/icyphy/ptII/ptolemy/actor/lib/test/auto/ConfigurationSelect2.xml
----------------- Instantiating /home/travis/build/icyphy/ptII/ptolemy/actor/lib/test/auto/ConfigurationSelect2.xml
3 ms. Memory: 734208K Free: 618597K (84%)
----------------- Invoking toplevel() on ptolemy.moml.MoMLSimpleApplication@617711b8
----------------- Done invoking toplevel() on ptolemy.moml.MoMLSimpleApplication@617711b8
reloadAllAccessors: .ConfigurationSelect2
----------------- testing Thu May 10 04:05:03 UTC 2018 /home/travis/build/icyphy/ptII/ptolemy/actor/lib/test/auto/ConfigurationSwitch.xml
----------------- Instantiating /home/travis/build/icyphy/ptII/ptolemy/actor/lib/test/auto/ConfigurationSwitch.xml
3 ms. Memory: 734208K Free: 610323K (83%)
----------------- Invoking toplevel() on ptolemy.moml.MoMLSimpleApplication@690f3411
----------------- Done invoking toplevel() on ptolemy.moml.MoMLSimpleApplication@690f3411
reloadAllAccessors: .ConfigurationSwitch
----------------- testing Thu May 10 04:05:03 UTC 2018 /home/travis/build/icyphy/ptII/ptolemy/actor/lib/test/auto/ConfigurationSwitch2.xml
----------------- Instantiating /home/travis/build/icyphy/ptII/ptolemy/actor/lib/test/auto/ConfigurationSwitch2.xml
5 ms. Memory: 734208K Free: 595092K (81%)
----------------- Invoking toplevel() on ptolemy.moml.MoMLSimpleApplication@734d3d00
----------------- Done invoking toplevel() on ptolemy.moml.MoMLSimpleApplication@734d3d00
reloadAllAccessors: .ConfigurationSwitch2
----------------- testing Thu May 10 04:05:03 UTC 2018 /home/travis/build/icyphy/ptII/ptolemy/actor/lib/test/auto/ConfigurationSwitchCloningBugWithClassRelationGroup.xml
----------------- Instantiating /home/travis/build/icyphy/ptII/ptolemy/actor/lib/test/auto/ConfigurationSwitchCloningBugWithClassRelationGroup.xml
2 ms. Memory: 734208K Free: 582665K (79%)
----------------- Invoking toplevel() on ptolemy.moml.MoMLSimpleApplication@27ac4ac6
----------------- Done invoking toplevel() on ptolemy.moml.MoMLSimpleApplication@27ac4ac6
reloadAllAccessors: .ConfigurationSwitchCloningBugWithClassRelationGroup
----------------- testing Thu May 10 04:05:03 UTC 2018 /home/travis/build/icyphy/ptII/ptolemy/actor/lib/test/auto/ConfigurationSwitchSelectSDF.xml
----------------- Instantiating /home/travis/build/icyphy/ptII/ptolemy/actor/lib/test/auto/ConfigurationSwitchSelectSDF.xml
6 ms. Memory: 734208K Free: 574391K (78%)
----------------- Invoking toplevel() on ptolemy.moml.MoMLSimpleApplication@19a349c8
----------------- Done invoking toplevel() on ptolemy.moml.MoMLSimpleApplication@19a349c8
reloadAllAccessors: .ConfigurationSwitchSelectSDF
----------------- testing Thu May 10 04:05:03 UTC 2018 /home/travis/build/icyphy/ptII/ptolemy/actor/lib/test/auto/ConfigurationSwitchSelectSDF2.xml
----------------- Instantiating /home/travis/build/icyphy/ptII/ptolemy/actor/lib/test/auto/ConfigurationSwitchSelectSDF2.xml
2 ms. Memory: 734208K Free: 559160K (76%)
----------------- Invoking toplevel() on ptolemy.moml.MoMLSimpleApplication@21709237
----------------- Done invoking toplevel() on ptolemy.moml.MoMLSimpleApplication@21709237
reloadAllAccessors: .ConfigurationSwitchSelectSDF2
----------------- testing Thu May 10 04:05:03 UTC 2018 /home/travis/build/icyphy/ptII/ptolemy/actor/lib/test/auto/Const.xml
----------------- Instantiating /home/travis/build/icyphy/ptII/ptolemy/actor/lib/test/auto/Const.xml
1 ms. Memory: 734208K Free: 550886K (75%)
----------------- Invoking toplevel() on ptolemy.moml.MoMLSimpleApplication@30bfb897
----------------- Done invoking toplevel() on ptolemy.moml.MoMLSimpleApplication@30bfb897
reloadAllAccessors: .Const
----------------- testing Thu May 10 04:05:03 UTC 2018 /home/travis/build/icyphy/ptII/ptolemy/actor/lib/test/auto/Const2.xml
----------------- Instantiating /home/travis/build/icyphy/ptII/ptolemy/actor/lib/test/auto/Const2.xml
2 ms. Memory: 734208K Free: 542612K (74%)
----------------- Invoking toplevel() on ptolemy.moml.MoMLSimpleApplication@2e46bb67
----------------- Done invoking toplevel() on ptolemy.moml.MoMLSimpleApplication@2e46bb67
reloadAllAccessors: .Const2
----------------- testing Thu May 10 04:05:03 UTC 2018 /home/travis/build/icyphy/ptII/ptolemy/actor/lib/test/auto/Const3.xml
----------------- Instantiating /home/travis/build/icyphy/ptII/ptolemy/actor/lib/test/auto/Const3.xml
1 ms. Memory: 734208K Free: 527380K (72%)
----------------- Invoking toplevel() on ptolemy.moml.MoMLSimpleApplication@23526a9e
----------------- Done invoking toplevel() on ptolemy.moml.MoMLSimpleApplication@23526a9e
reloadAllAccessors: .Const3
----------------- testing Thu May 10 04:05:03 UTC 2018 /home/travis/build/icyphy/ptII/ptolemy/actor/lib/test/auto/ConstantPublisherPort1.xml
----------------- Instantiating /home/travis/build/icyphy/ptII/ptolemy/actor/lib/test/auto/ConstantPublisherPort1.xml
9 ms. Memory: 734208K Free: 514953K (70%)
----------------- Invoking toplevel() on ptolemy.moml.MoMLSimpleApplication@56acdf8d
----------------- Done invoking toplevel() on ptolemy.moml.MoMLSimpleApplication@56acdf8d
reloadAllAccessors: .ConstantPublisherPort1
----------------- testing Thu May 10 04:05:04 UTC 2018 /home/travis/build/icyphy/ptII/ptolemy/actor/lib/test/auto/ConstantPublisherPort2.xml
----------------- Instantiating /home/travis/build/icyphy/ptII/ptolemy/actor/lib/test/auto/ConstantPublisherPort2.xml
12 ms. Memory: 734208K Free: 502526K (68%)
----------------- Invoking toplevel() on ptolemy.moml.MoMLSimpleApplication@86420c6
----------------- Done invoking toplevel() on ptolemy.moml.MoMLSimpleApplication@86420c6
reloadAllAccessors: .ConstantPublisherPort2
----------------- testing Thu May 10 04:05:04 UTC 2018 /home/travis/build/icyphy/ptII/ptolemy/actor/lib/test/auto/ConstantPublisherPort3.xml
----------------- Instantiating /home/travis/build/icyphy/ptII/ptolemy/actor/lib/test/auto/ConstantPublisherPort3.xml
7 ms. Memory: 734208K Free: 483142K (66%)
----------------- Invoking toplevel() on ptolemy.moml.MoMLSimpleApplication@3938a300
----------------- Done invoking toplevel() on ptolemy.moml.MoMLSimpleApplication@3938a300
reloadAllAccessors: .ConstantPublisherPort3
----------------- testing Thu May 10 04:05:04 UTC 2018 /home/travis/build/icyphy/ptII/ptolemy/actor/lib/test/auto/ConstantPublisherPort4.xml
----------------- Instantiating /home/travis/build/icyphy/ptII/ptolemy/actor/lib/test/auto/ConstantPublisherPort4.xml
3 ms. Memory: 734208K Free: 470723K (64%)
----------------- Invoking toplevel() on ptolemy.moml.MoMLSimpleApplication@3ec24d5a
----------------- Done invoking toplevel() on ptolemy.moml.MoMLSimpleApplication@3ec24d5a
reloadAllAccessors: .ConstantPublisherPort4
----------------- testing Thu May 10 04:05:04 UTC 2018 /home/travis/build/icyphy/ptII/ptolemy/actor/lib/test/auto/ConstantPublisherPort5.xml
----------------- Instantiating /home/travis/build/icyphy/ptII/ptolemy/actor/lib/test/auto/ConstantPublisherPort5.xml
20 ms. Memory: 734208K Free: 450022K (61%)
----------------- Invoking toplevel() on ptolemy.moml.MoMLSimpleApplication@22a88b44
----------------- Done invoking toplevel() on ptolemy.moml.MoMLSimpleApplication@22a88b44
reloadAllAccessors: .ConstantPublisherPort5
----------------- testing Thu May 10 04:05:04 UTC 2018 /home/travis/build/icyphy/ptII/ptolemy/actor/lib/test/auto/ConstantPublisherPort6.xml
----------------- Instantiating /home/travis/build/icyphy/ptII/ptolemy/actor/lib/test/auto/ConstantPublisherPort6.xml
15 ms. Memory: 734208K Free: 418227K (57%)
----------------- Invoking toplevel() on ptolemy.moml.MoMLSimpleApplication@518ee648
----------------- Done invoking toplevel() on ptolemy.moml.MoMLSimpleApplication@518ee648
reloadAllAccessors: .ConstantPublisherPort6
----------------- testing Thu May 10 04:05:04 UTC 2018 /home/travis/build/icyphy/ptII/ptolemy/actor/lib/test/auto/ConstantPublisherPort7.xml
----------------- Instantiating /home/travis/build/icyphy/ptII/ptolemy/actor/lib/test/auto/ConstantPublisherPort7.xml
14 ms. Memory: 734208K Free: 393405K (54%)
----------------- Invoking toplevel() on ptolemy.moml.MoMLSimpleApplication@36e221ad
----------------- Done invoking toplevel() on ptolemy.moml.MoMLSimpleApplication@36e221ad
reloadAllAccessors: .ConstantPublisherPort7
----------------- testing Thu May 10 04:05:04 UTC 2018 /home/travis/build/icyphy/ptII/ptolemy/actor/lib/test/auto/ConstraintMonitor1.xml
----------------- Instantiating /home/travis/build/icyphy/ptII/ptolemy/actor/lib/test/auto/ConstraintMonitor1.xml
4 ms. Memory: 734208K Free: 385131K (52%)
----------------- Invoking toplevel() on ptolemy.moml.MoMLSimpleApplication@4919b0c2
----------------- Done invoking toplevel() on ptolemy.moml.MoMLSimpleApplication@4919b0c2
reloadAllAccessors: .ConstraintMonitor1
----------------- testing Thu May 10 04:05:04 UTC 2018 /home/travis/build/icyphy/ptII/ptolemy/actor/lib/test/auto/ConstraintMonitor2.xml
----------------- Instantiating /home/travis/build/icyphy/ptII/ptolemy/actor/lib/test/auto/ConstraintMonitor2.xml
3 ms. Memory: 734208K Free: 369900K (50%)
----------------- Invoking toplevel() on ptolemy.moml.MoMLSimpleApplication@1595ea77
----------------- Done invoking toplevel() on ptolemy.moml.MoMLSimpleApplication@1595ea77
reloadAllAccessors: .ConstraintMonitor2
----------------- testing Thu May 10 04:05:04 UTC 2018 /home/travis/build/icyphy/ptII/ptolemy/actor/lib/test/auto/ConstraintMonitor3.xml
----------------- Instantiating /home/travis/build/icyphy/ptII/ptolemy/actor/lib/test/auto/ConstraintMonitor3.xml
6 ms. Memory: 734208K Free: 361626K (49%)
----------------- Invoking toplevel() on ptolemy.moml.MoMLSimpleApplication@28bc6bc
----------------- Done invoking toplevel() on ptolemy.moml.MoMLSimpleApplication@28bc6bc
reloadAllAccessors: .ConstraintMonitor3
----------------- testing Thu May 10 04:05:04 UTC 2018 /home/travis/build/icyphy/ptII/ptolemy/actor/lib/test/auto/ConstraintMonitor4.xml
----------------- Instantiating /home/travis/build/icyphy/ptII/ptolemy/actor/lib/test/auto/ConstraintMonitor4.xml
6 ms. Memory: 734208K Free: 353352K (48%)
----------------- Invoking toplevel() on ptolemy.moml.MoMLSimpleApplication@42bbe467
----------------- Done invoking toplevel() on ptolemy.moml.MoMLSimpleApplication@42bbe467
reloadAllAccessors: .ConstraintMonitor4
----------------- testing Thu May 10 04:05:04 UTC 2018 /home/travis/build/icyphy/ptII/ptolemy/actor/lib/test/auto/ConstraintMonitor5.xml
----------------- Instantiating /home/travis/build/icyphy/ptII/ptolemy/actor/lib/test/auto/ConstraintMonitor5.xml
6 ms. Memory: 734208K Free: 338121K (46%)
----------------- Invoking toplevel() on ptolemy.moml.MoMLSimpleApplication@1070ddef
----------------- Done invoking toplevel() on ptolemy.moml.MoMLSimpleApplication@1070ddef
reloadAllAccessors: .ConstraintMonitor5
----------------- testing Thu May 10 04:05:04 UTC 2018 /home/travis/build/icyphy/ptII/ptolemy/actor/lib/test/auto/ConstraintMonitor6.xml
----------------- Instantiating /home/travis/build/icyphy/ptII/ptolemy/actor/lib/test/auto/ConstraintMonitor6.xml
6 ms. Memory: 734208K Free: 325702K (44%)
----------------- Invoking toplevel() on ptolemy.moml.MoMLSimpleApplication@10620e0f
----------------- Done invoking toplevel() on ptolemy.moml.MoMLSimpleApplication@10620e0f
reloadAllAccessors: .ConstraintMonitor6
----------------- testing Thu May 10 04:05:04 UTC 2018 /home/travis/build/icyphy/ptII/ptolemy/actor/lib/test/auto/ConstraintMonitor7.xml
----------------- Instantiating /home/travis/build/icyphy/ptII/ptolemy/actor/lib/test/auto/ConstraintMonitor7.xml
8 ms. Memory: 734208K Free: 313283K (43%)
----------------- Invoking toplevel() on ptolemy.moml.MoMLSimpleApplication@637a530f
----------------- Done invoking toplevel() on ptolemy.moml.MoMLSimpleApplication@637a530f
reloadAllAccessors: .ConstraintMonitor7
----------------- testing Thu May 10 04:05:04 UTC 2018 /home/travis/build/icyphy/ptII/ptolemy/actor/lib/test/auto/ConstraintMonitor8.xml
----------------- Instantiating /home/travis/build/icyphy/ptII/ptolemy/actor/lib/test/auto/ConstraintMonitor8.xml
8 ms. Memory: 734208K Free: 293899K (40%)
----------------- Invoking toplevel() on ptolemy.moml.MoMLSimpleApplication@156e22f2
----------------- Done invoking toplevel() on ptolemy.moml.MoMLSimpleApplication@156e22f2
reloadAllAccessors: .ConstraintMonitor8
----------------- testing Thu May 10 04:05:04 UTC 2018 /home/travis/build/icyphy/ptII/ptolemy/actor/lib/test/auto/Counter.xml
----------------- Instantiating /home/travis/build/icyphy/ptII/ptolemy/actor/lib/test/auto/Counter.xml
4 ms. Memory: 734208K Free: 285625K (39%)
----------------- Invoking toplevel() on ptolemy.moml.MoMLSimpleApplication@1d2b0937
----------------- Done invoking toplevel() on ptolemy.moml.MoMLSimpleApplication@1d2b0937
reloadAllAccessors: .Counter
----------------- testing Thu May 10 04:05:04 UTC 2018 /home/travis/build/icyphy/ptII/ptolemy/actor/lib/test/auto/CurrentTimeSDF.xml
----------------- Instantiating /home/travis/build/icyphy/ptII/ptolemy/actor/lib/test/auto/CurrentTimeSDF.xml
3 ms. Memory: 734208K Free: 277351K (38%)
----------------- Invoking toplevel() on ptolemy.moml.MoMLSimpleApplication@2a06f3de
----------------- Done invoking toplevel() on ptolemy.moml.MoMLSimpleApplication@2a06f3de
reloadAllAccessors: .CurrentTimeSDF
----------------- testing Thu May 10 04:05:04 UTC 2018 /home/travis/build/icyphy/ptII/ptolemy/actor/lib/test/auto/DB.xml
----------------- Instantiating /home/travis/build/icyphy/ptII/ptolemy/actor/lib/test/auto/DB.xml
3 ms. Memory: 734208K Free: 262120K (36%)
----------------- Invoking toplevel() on ptolemy.moml.MoMLSimpleApplication@112bd96b
----------------- Done invoking toplevel() on ptolemy.moml.MoMLSimpleApplication@112bd96b
reloadAllAccessors: .DB
----------------- testing Thu May 10 04:05:04 UTC 2018 /home/travis/build/icyphy/ptII/ptolemy/actor/lib/test/auto/DBDE.xml
----------------- Instantiating /home/travis/build/icyphy/ptII/ptolemy/actor/lib/test/auto/DBDE.xml
3 ms. Memory: 734208K Free: 253846K (35%)
----------------- Invoking toplevel() on ptolemy.moml.MoMLSimpleApplication@5fabaea
----------------- Done invoking toplevel() on ptolemy.moml.MoMLSimpleApplication@5fabaea
reloadAllAccessors: .DBDE
----------------- testing Thu May 10 04:05:04 UTC 2018 /home/travis/build/icyphy/ptII/ptolemy/actor/lib/test/auto/DateConstructor.xml
----------------- Instantiating /home/travis/build/icyphy/ptII/ptolemy/actor/lib/test/auto/DateConstructor.xml
16 ms. Memory: 734208K Free: 233121K (32%)
----------------- Invoking toplevel() on ptolemy.moml.MoMLSimpleApplication@75352991
----------------- Done invoking toplevel() on ptolemy.moml.MoMLSimpleApplication@75352991
reloadAllAccessors: .DateConstructor
----------------- testing Thu May 10 04:05:04 UTC 2018 /home/travis/build/icyphy/ptII/ptolemy/actor/lib/test/auto/DelayTime.xml
----------------- Instantiating /home/travis/build/icyphy/ptII/ptolemy/actor/lib/test/auto/DelayTime.xml
3 ms. Memory: 734208K Free: 217890K (30%)
----------------- Invoking toplevel() on ptolemy.moml.MoMLSimpleApplication@700618b3
----------------- Done invoking toplevel() on ptolemy.moml.MoMLSimpleApplication@700618b3
reloadAllAccessors: .DelayTime
----------------- testing Thu May 10 04:05:04 UTC 2018 /home/travis/build/icyphy/ptII/ptolemy/actor/lib/test/auto/Dictionary1.xml
----------------- Instantiating /home/travis/build/icyphy/ptII/ptolemy/actor/lib/test/auto/Dictionary1.xml
3 ms. Memory: 734208K Free: 209616K (29%)
----------------- Invoking toplevel() on ptolemy.moml.MoMLSimpleApplication@20650565
----------------- Done invoking toplevel() on ptolemy.moml.MoMLSimpleApplication@20650565
reloadAllAccessors: .Dictionary1
----------------- testing Thu May 10 04:05:04 UTC 2018 /home/travis/build/icyphy/ptII/ptolemy/actor/lib/test/auto/Dictionary2.xml
----------------- Instantiating /home/travis/build/icyphy/ptII/ptolemy/actor/lib/test/auto/Dictionary2.xml
2 ms. Memory: 734208K Free: 201342K (27%)
----------------- Invoking toplevel() on ptolemy.moml.MoMLSimpleApplication@5bffa9d2
----------------- Done invoking toplevel() on ptolemy.moml.MoMLSimpleApplication@5bffa9d2
reloadAllAccessors: .Dictionary2
----------------- testing Thu May 10 04:05:04 UTC 2018 /home/travis/build/icyphy/ptII/ptolemy/actor/lib/test/auto/Dictionary3.xml
----------------- Instantiating /home/travis/build/icyphy/ptII/ptolemy/actor/lib/test/auto/Dictionary3.xml
2 ms. Memory: 734208K Free: 186111K (25%)
----------------- Invoking toplevel() on ptolemy.moml.MoMLSimpleApplication@48acf75d
----------------- Done invoking toplevel() on ptolemy.moml.MoMLSimpleApplication@48acf75d
reloadAllAccessors: .Dictionary3
----------------- testing Thu May 10 04:05:04 UTC 2018 /home/travis/build/icyphy/ptII/ptolemy/actor/lib/test/auto/Dictionary4.xml
----------------- Instantiating /home/travis/build/icyphy/ptII/ptolemy/actor/lib/test/auto/Dictionary4.xml
5 ms. Memory: 734208K Free: 173692K (24%)
----------------- Invoking toplevel() on ptolemy.moml.MoMLSimpleApplication@31abf66a
----------------- Done invoking toplevel() on ptolemy.moml.MoMLSimpleApplication@31abf66a
reloadAllAccessors: .Dictionary4
----------------- testing Thu May 10 04:05:04 UTC 2018 /home/travis/build/icyphy/ptII/ptolemy/actor/lib/test/auto/Differential.xml
----------------- Instantiating /home/travis/build/icyphy/ptII/ptolemy/actor/lib/test/auto/Differential.xml
2 ms. Memory: 734208K Free: 165418K (23%)
----------------- Invoking toplevel() on ptolemy.moml.MoMLSimpleApplication@130bbe83
----------------- Done invoking toplevel() on ptolemy.moml.MoMLSimpleApplication@130bbe83
reloadAllAccessors: .Differential
----------------- testing Thu May 10 04:05:04 UTC 2018 /home/travis/build/icyphy/ptII/ptolemy/actor/lib/test/auto/Director.xml
----------------- Instantiating /home/travis/build/icyphy/ptII/ptolemy/actor/lib/test/auto/Director.xml
2 ms. Memory: 734208K Free: 150186K (20%)
----------------- Invoking toplevel() on ptolemy.moml.MoMLSimpleApplication@237eddca
----------------- Done invoking toplevel() on ptolemy.moml.MoMLSimpleApplication@237eddca
reloadAllAccessors: .Director
----------------- testing Thu May 10 04:05:04 UTC 2018 /home/travis/build/icyphy/ptII/ptolemy/actor/lib/test/auto/DiscreteClock.xml
----------------- Instantiating /home/travis/build/icyphy/ptII/ptolemy/actor/lib/test/auto/DiscreteClock.xml
1 ms. Memory: 734208K Free: 141912K (19%)
----------------- Invoking toplevel() on ptolemy.moml.MoMLSimpleApplication@3870283e
----------------- Done invoking toplevel() on ptolemy.moml.MoMLSimpleApplication@3870283e
reloadAllAccessors: .DiscreteClock
----------------- testing Thu May 10 04:05:04 UTC 2018 /home/travis/build/icyphy/ptII/ptolemy/actor/lib/test/auto/DiscreteClock10.xml
----------------- Instantiating /home/travis/build/icyphy/ptII/ptolemy/actor/lib/test/auto/DiscreteClock10.xml
3 ms. Memory: 734208K Free: 133638K (18%)
----------------- Invoking toplevel() on ptolemy.moml.MoMLSimpleApplication@13c913d3
----------------- Done invoking toplevel() on ptolemy.moml.MoMLSimpleApplication@13c913d3
reloadAllAccessors: .DiscreteClock10
----------------- testing Thu May 10 04:05:04 UTC 2018 /home/travis/build/icyphy/ptII/ptolemy/actor/lib/test/auto/DiscreteClock11.xml
----------------- Instantiating /home/travis/build/icyphy/ptII/ptolemy/actor/lib/test/auto/DiscreteClock11.xml
3 ms. Memory: 734208K Free: 118407K (16%)
----------------- Invoking toplevel() on ptolemy.moml.MoMLSimpleApplication@3ba1ed7e
----------------- Done invoking toplevel() on ptolemy.moml.MoMLSimpleApplication@3ba1ed7e
reloadAllAccessors: .DiscreteClock11
----------------- testing Thu May 10 04:05:05 UTC 2018 /home/travis/build/icyphy/ptII/ptolemy/actor/lib/test/auto/DiscreteClock12.xml
----------------- Instantiating /home/travis/build/icyphy/ptII/ptolemy/actor/lib/test/auto/DiscreteClock12.xml
3 ms. Memory: 734208K Free: 110133K (15%)
----------------- Invoking toplevel() on ptolemy.moml.MoMLSimpleApplication@143e1fcf
----------------- Done invoking toplevel() on ptolemy.moml.MoMLSimpleApplication@143e1fcf
reloadAllAccessors: .DiscreteClock12
----------------- testing Thu May 10 04:05:05 UTC 2018 /home/travis/build/icyphy/ptII/ptolemy/actor/lib/test/auto/DiscreteClock13.xml
----------------- Instantiating /home/travis/build/icyphy/ptII/ptolemy/actor/lib/test/auto/DiscreteClock13.xml
3 ms. Memory: 734208K Free: 101859K (14%)
----------------- Invoking toplevel() on ptolemy.moml.MoMLSimpleApplication@4225df16
----------------- Done invoking toplevel() on ptolemy.moml.MoMLSimpleApplication@4225df16
reloadAllAccessors: .DiscreteClock13
----------------- testing Thu May 10 04:05:05 UTC 2018 /home/travis/build/icyphy/ptII/ptolemy/actor/lib/test/auto/DiscreteClock14.xml
----------------- Instantiating /home/travis/build/icyphy/ptII/ptolemy/actor/lib/test/auto/DiscreteClock14.xml
7 ms. Memory: 734208K Free: 86628K (12%)
----------------- Invoking toplevel() on ptolemy.moml.MoMLSimpleApplication@4a80808
----------------- Done invoking toplevel() on ptolemy.moml.MoMLSimpleApplication@4a80808
reloadAllAccessors: .DiscreteClock14
----------------- testing Thu May 10 04:05:05 UTC 2018 /home/travis/build/icyphy/ptII/ptolemy/actor/lib/test/auto/DiscreteClock15.xml
----------------- Instantiating /home/travis/build/icyphy/ptII/ptolemy/actor/lib/test/auto/DiscreteClock15.xml
5 ms. Memory: 734208K Free: 78354K (11%)
----------------- Invoking toplevel() on ptolemy.moml.MoMLSimpleApplication@35256798
----------------- Done invoking toplevel() on ptolemy.moml.MoMLSimpleApplication@35256798
reloadAllAccessors: .DiscreteClock15
----------------- testing Thu May 10 04:05:05 UTC 2018 /home/travis/build/icyphy/ptII/ptolemy/actor/lib/test/auto/DiscreteClock16.xml
----------------- Instantiating /home/travis/build/icyphy/ptII/ptolemy/actor/lib/test/auto/DiscreteClock16.xml
23 ms. Memory: 829952K Free: 776987K (94%)
----------------- Invoking toplevel() on ptolemy.moml.MoMLSimpleApplication@31a17430
----------------- Done invoking toplevel() on ptolemy.moml.MoMLSimpleApplication@31a17430
reloadAllAccessors: .DiscreteClock16
----------------- testing Thu May 10 04:05:05 UTC 2018 /home/travis/build/icyphy/ptII/ptolemy/actor/lib/test/auto/DiscreteClock17.xml
----------------- Instantiating /home/travis/build/icyphy/ptII/ptolemy/actor/lib/test/auto/DiscreteClock17.xml
22 ms. Memory: 829952K Free: 751247K (91%)
----------------- Invoking toplevel() on ptolemy.moml.MoMLSimpleApplication@61c2fe67
----------------- Done invoking toplevel() on ptolemy.moml.MoMLSimpleApplication@61c2fe67
reloadAllAccessors: .DiscreteClock17
----------------- testing Thu May 10 04:05:05 UTC 2018 /home/travis/build/icyphy/ptII/ptolemy/actor/lib/test/auto/DiscreteClock18.xml
----------------- Instantiating /home/travis/build/icyphy/ptII/ptolemy/actor/lib/test/auto/DiscreteClock18.xml
27 ms. Memory: 829952K Free: 731726K (88%)
----------------- Invoking toplevel() on ptolemy.moml.MoMLSimpleApplication@5fd08dc4
----------------- Done invoking toplevel() on ptolemy.moml.MoMLSimpleApplication@5fd08dc4
reloadAllAccessors: .DiscreteClock18
----------------- testing Thu May 10 04:05:05 UTC 2018 /home/travis/build/icyphy/ptII/ptolemy/actor/lib/test/auto/DiscreteClock19.xml
----------------- Instantiating /home/travis/build/icyphy/ptII/ptolemy/actor/lib/test/auto/DiscreteClock19.xml
25 ms. Memory: 829952K Free: 705994K (85%)
----------------- Invoking toplevel() on ptolemy.moml.MoMLSimpleApplication@7bbbc351
----------------- Done invoking toplevel() on ptolemy.moml.MoMLSimpleApplication@7bbbc351
reloadAllAccessors: .DiscreteClock19
----------------- testing Thu May 10 04:05:05 UTC 2018 /home/travis/build/icyphy/ptII/ptolemy/actor/lib/test/auto/DiscreteClock2.xml
----------------- Instantiating /home/travis/build/icyphy/ptII/ptolemy/actor/lib/test/auto/DiscreteClock2.xml
6 ms. Memory: 829952K Free: 696245K (84%)
----------------- Invoking toplevel() on ptolemy.moml.MoMLSimpleApplication@ffc892e
----------------- Done invoking toplevel() on ptolemy.moml.MoMLSimpleApplication@ffc892e
reloadAllAccessors: .DiscreteClock2
----------------- testing Thu May 10 04:05:05 UTC 2018 /home/travis/build/icyphy/ptII/ptolemy/actor/lib/test/auto/DiscreteClock20.xml
----------------- Instantiating /home/travis/build/icyphy/ptII/ptolemy/actor/lib/test/auto/DiscreteClock20.xml
12 ms. Memory: 829952K Free: 686497K (83%)
----------------- Invoking toplevel() on ptolemy.moml.MoMLSimpleApplication@569420b2
----------------- Done invoking toplevel() on ptolemy.moml.MoMLSimpleApplication@569420b2
reloadAllAccessors: .DiscreteClock20
----------------- testing Thu May 10 04:05:05 UTC 2018 /home/travis/build/icyphy/ptII/ptolemy/actor/lib/test/auto/DiscreteClock21.xml
----------------- Instantiating /home/travis/build/icyphy/ptII/ptolemy/actor/lib/test/auto/DiscreteClock21.xml
8 ms. Memory: 829952K Free: 670537K (81%)
----------------- Invoking toplevel() on ptolemy.moml.MoMLSimpleApplication@18f6e9a8
----------------- Done invoking toplevel() on ptolemy.moml.MoMLSimpleApplication@18f6e9a8
reloadAllAccessors: .DiscreteClock21
----------------- testing Thu May 10 04:05:05 UTC 2018 /home/travis/build/icyphy/ptII/ptolemy/actor/lib/test/auto/DiscreteClock22.xml
----------------- Instantiating /home/travis/build/icyphy/ptII/ptolemy/actor/lib/test/auto/DiscreteClock22.xml
7 ms. Memory: 829952K Free: 660788K (80%)
----------------- Invoking toplevel() on ptolemy.moml.MoMLSimpleApplication@54c4b7b9
----------------- Done invoking toplevel() on ptolemy.moml.MoMLSimpleApplication@54c4b7b9
reloadAllAccessors: .DiscreteClock22
----------------- testing Thu May 10 04:05:05 UTC 2018 /home/travis/build/icyphy/ptII/ptolemy/actor/lib/test/auto/DiscreteClock23.xml
----------------- Instantiating /home/travis/build/icyphy/ptII/ptolemy/actor/lib/test/auto/DiscreteClock23.xml
2 ms. Memory: 829952K Free: 644829K (78%)
----------------- Invoking toplevel() on ptolemy.moml.MoMLSimpleApplication@437e364
----------------- Done invoking toplevel() on ptolemy.moml.MoMLSimpleApplication@437e364
reloadAllAccessors: .DiscreteClock23
----------------- testing Thu May 10 04:05:05 UTC 2018 /home/travis/build/icyphy/ptII/ptolemy/actor/lib/test/auto/DiscreteClock24.xml
----------------- Instantiating /home/travis/build/icyphy/ptII/ptolemy/actor/lib/test/auto/DiscreteClock24.xml
7 ms. Memory: 829952K Free: 635080K (77%)
----------------- Invoking toplevel() on ptolemy.moml.MoMLSimpleApplication@250ba93e
----------------- Done invoking toplevel() on ptolemy.moml.MoMLSimpleApplication@250ba93e
reloadAllAccessors: .DiscreteClock24
----------------- testing Thu May 10 04:05:05 UTC 2018 /home/travis/build/icyphy/ptII/ptolemy/actor/lib/test/auto/DiscreteClock4.xml
----------------- Instantiating /home/travis/build/icyphy/ptII/ptolemy/actor/lib/test/auto/DiscreteClock4.xml
2 ms. Memory: 829952K Free: 625332K (75%)
----------------- Invoking toplevel() on ptolemy.moml.MoMLSimpleApplication@11aef73f
----------------- Done invoking toplevel() on ptolemy.moml.MoMLSimpleApplication@11aef73f
reloadAllAccessors: .DiscreteClock4
----------------- testing Thu May 10 04:05:05 UTC 2018 /home/travis/build/icyphy/ptII/ptolemy/actor/lib/test/auto/DiscreteClock5.xml
----------------- Instantiating /home/travis/build/icyphy/ptII/ptolemy/actor/lib/test/auto/DiscreteClock5.xml
2 ms. Memory: 829952K Free: 609372K (73%)
----------------- Invoking toplevel() on ptolemy.moml.MoMLSimpleApplication@141b22d
----------------- Done invoking toplevel() on ptolemy.moml.MoMLSimpleApplication@141b22d
reloadAllAccessors: .DiscreteClock5
----------------- testing Thu May 10 04:05:05 UTC 2018 /home/travis/build/icyphy/ptII/ptolemy/actor/lib/test/auto/DiscreteClock6.xml
----------------- Instantiating /home/travis/build/icyphy/ptII/ptolemy/actor/lib/test/auto/DiscreteClock6.xml
1 ms. Memory: 829952K Free: 599624K (72%)
----------------- Invoking toplevel() on ptolemy.moml.MoMLSimpleApplication@2ae7cbd5
----------------- Done invoking toplevel() on ptolemy.moml.MoMLSimpleApplication@2ae7cbd5
reloadAllAccessors: .DiscreteClock6
----------------- testing Thu May 10 04:05:05 UTC 2018 /home/travis/build/icyphy/ptII/ptolemy/actor/lib/test/auto/DiscreteClock7.xml
----------------- Instantiating /home/travis/build/icyphy/ptII/ptolemy/actor/lib/test/auto/DiscreteClock7.xml
2 ms. Memory: 829952K Free: 589875K (71%)
----------------- Invoking toplevel() on ptolemy.moml.MoMLSimpleApplication@1db53534
----------------- Done invoking toplevel() on ptolemy.moml.MoMLSimpleApplication@1db53534
reloadAllAccessors: .DiscreteClock7
----------------- testing Thu May 10 04:05:05 UTC 2018 /home/travis/build/icyphy/ptII/ptolemy/actor/lib/test/auto/DiscreteClock8.xml
----------------- Instantiating /home/travis/build/icyphy/ptII/ptolemy/actor/lib/test/auto/DiscreteClock8.xml
7 ms. Memory: 829952K Free: 573916K (69%)
----------------- Invoking toplevel() on ptolemy.moml.MoMLSimpleApplication@302b9796
----------------- Done invoking toplevel() on ptolemy.moml.MoMLSimpleApplication@302b9796
reloadAllAccessors: .DiscreteClock8
----------------- testing Thu May 10 04:05:05 UTC 2018 /home/travis/build/icyphy/ptII/ptolemy/actor/lib/test/auto/DiscreteClock9.xml
----------------- Instantiating /home/travis/build/icyphy/ptII/ptolemy/actor/lib/test/auto/DiscreteClock9.xml
7 ms. Memory: 829952K Free: 564167K (68%)
----------------- Invoking toplevel() on ptolemy.moml.MoMLSimpleApplication@42ca3e21
----------------- Done invoking toplevel() on ptolemy.moml.MoMLSimpleApplication@42ca3e21
reloadAllAccessors: .DiscreteClock9
----------------- testing Thu May 10 04:05:05 UTC 2018 /home/travis/build/icyphy/ptII/ptolemy/actor/lib/test/auto/DisplayArray.xml
----------------- Instantiating /home/travis/build/icyphy/ptII/ptolemy/actor/lib/test/auto/DisplayArray.xml
2 ms. Memory: 829952K Free: 548207K (66%)
----------------- Invoking toplevel() on ptolemy.moml.MoMLSimpleApplication@1fc1e6e2
----------------- Done invoking toplevel() on ptolemy.moml.MoMLSimpleApplication@1fc1e6e2
reloadAllAccessors: .DisplayArray
----------------- testing Thu May 10 04:05:05 UTC 2018 /home/travis/build/icyphy/ptII/ptolemy/actor/lib/test/auto/Distributor.xml
----------------- Instantiating /home/travis/build/icyphy/ptII/ptolemy/actor/lib/test/auto/Distributor.xml
2 ms. Memory: 829952K Free: 538459K (65%)
----------------- Invoking toplevel() on ptolemy.moml.MoMLSimpleApplication@28460d5d
----------------- Done invoking toplevel() on ptolemy.moml.MoMLSimpleApplication@28460d5d
reloadAllAccessors: .Distributor
----------------- testing Thu May 10 04:05:05 UTC 2018 /home/travis/build/icyphy/ptII/ptolemy/actor/lib/test/auto/Distributor2.xml
----------------- Instantiating /home/travis/build/icyphy/ptII/ptolemy/actor/lib/test/auto/Distributor2.xml
1 ms. Memory: 829952K Free: 528710K (64%)
----------------- Invoking toplevel() on ptolemy.moml.MoMLSimpleApplication@4fb4eea4
----------------- Done invoking toplevel() on ptolemy.moml.MoMLSimpleApplication@4fb4eea4
reloadAllAccessors: .Distributor2
----------------- testing Thu May 10 04:05:05 UTC 2018 /home/travis/build/icyphy/ptII/ptolemy/actor/lib/test/auto/DownSample.xml
----------------- Instantiating /home/travis/build/icyphy/ptII/ptolemy/actor/lib/test/auto/DownSample.xml
1 ms. Memory: 829952K Free: 512751K (62%)
----------------- Invoking toplevel() on ptolemy.moml.MoMLSimpleApplication@25f5daca
----------------- Done invoking toplevel() on ptolemy.moml.MoMLSimpleApplication@25f5daca
reloadAllAccessors: .DownSample
----------------- testing Thu May 10 04:05:05 UTC 2018 /home/travis/build/icyphy/ptII/ptolemy/actor/lib/test/auto/ElectronicUnitBase1.xml
----------------- Instantiating /home/travis/build/icyphy/ptII/ptolemy/actor/lib/test/auto/ElectronicUnitBase1.xml
30 ms. Memory: 829952K Free: 493238K (59%)
----------------- Invoking toplevel() on ptolemy.moml.MoMLSimpleApplication@2b5c8594
----------------- Done invoking toplevel() on ptolemy.moml.MoMLSimpleApplication@2b5c8594
reloadAllAccessors: .ElectronicUnitBase1
----------------- testing Thu May 10 04:05:05 UTC 2018 /home/travis/build/icyphy/ptII/ptolemy/actor/lib/test/auto/ElementsToArray.xml
----------------- Instantiating /home/travis/build/icyphy/ptII/ptolemy/actor/lib/test/auto/ElementsToArray.xml
2 ms. Memory: 829952K Free: 483489K (58%)
----------------- Invoking toplevel() on ptolemy.moml.MoMLSimpleApplication@67898107
----------------- Done invoking toplevel() on ptolemy.moml.MoMLSimpleApplication@67898107
reloadAllAccessors: .ElementsToArray
----------------- testing Thu May 10 04:05:05 UTC 2018 /home/travis/build/icyphy/ptII/ptolemy/actor/lib/test/auto/Equals.xml
----------------- Instantiating /home/travis/build/icyphy/ptII/ptolemy/actor/lib/test/auto/Equals.xml
2 ms. Memory: 829952K Free: 467530K (56%)
----------------- Invoking toplevel() on ptolemy.moml.MoMLSimpleApplication@d0b31c
----------------- Done invoking toplevel() on ptolemy.moml.MoMLSimpleApplication@d0b31c
reloadAllAccessors: .Equals
----------------- testing Thu May 10 04:05:06 UTC 2018 /home/travis/build/icyphy/ptII/ptolemy/actor/lib/test/auto/Exec.xml
----------------- Instantiating /home/travis/build/icyphy/ptII/ptolemy/actor/lib/test/auto/Exec.xml
10 ms. Memory: 829952K Free: 448154K (54%)
----------------- Invoking toplevel() on ptolemy.moml.MoMLSimpleApplication@4599efcb
----------------- Done invoking toplevel() on ptolemy.moml.MoMLSimpleApplication@4599efcb
reloadAllAccessors: .Exec
----------------- testing Thu May 10 04:05:06 UTC 2018 /home/travis/build/icyphy/ptII/ptolemy/actor/lib/test/auto/ExecEnvironment.xml
----------------- Instantiating /home/travis/build/icyphy/ptII/ptolemy/actor/lib/test/auto/ExecEnvironment.xml
21 ms. Memory: 829952K Free: 422446K (51%)
----------------- Invoking toplevel() on ptolemy.moml.MoMLSimpleApplication@62d7d782
----------------- Done invoking toplevel() on ptolemy.moml.MoMLSimpleApplication@62d7d782
reloadAllAccessors: .ExecEnvironment
----------------- testing Thu May 10 04:05:06 UTC 2018 /home/travis/build/icyphy/ptII/ptolemy/actor/lib/test/auto/ExecNonZeroReturnOutput.xml
----------------- Instantiating /home/travis/build/icyphy/ptII/ptolemy/actor/lib/test/auto/ExecNonZeroReturnOutput.xml
151 ms. Memory: 829952K Free: 349332K (42%)
----------------- Invoking toplevel() on ptolemy.moml.MoMLSimpleApplication@450f26b9
----------------- Done invoking toplevel() on ptolemy.moml.MoMLSimpleApplication@450f26b9
reloadAllAccessors: .ExecNonZeroReturnOutput
----------------- testing Thu May 10 04:05:06 UTC 2018 /home/travis/build/icyphy/ptII/ptolemy/actor/lib/test/auto/ExecRunDemos.xml
----------------- Instantiating /home/travis/build/icyphy/ptII/ptolemy/actor/lib/test/auto/ExecRunDemos.xml
Finished: 114 ms. Memory: 116224K Free: 100789K (87%)

Finished: 59 ms. Memory: 116224K Free: 98301K (85%)

Finished: 52 ms. Memory: 116224K Free: 98342K (85%)

Finished: 70 ms. Memory: 116224K Free: 99536K (86%)

Finished: 44 ms. Memory: 116224K Free: 100823K (87%)

9916 ms. Memory: 829952K Free: 281075K (34%)
----------------- Invoking toplevel() on ptolemy.moml.MoMLSimpleApplication@5bb7c76e
----------------- Done invoking toplevel() on ptolemy.moml.MoMLSimpleApplication@5bb7c76e
reloadAllAccessors: .ExecRunDemos
----------------- testing Thu May 10 04:05:16 UTC 2018 /home/travis/build/icyphy/ptII/ptolemy/actor/lib/test/auto/ExecStop.xml
----------------- Instantiating /home/travis/build/icyphy/ptII/ptolemy/actor/lib/test/auto/ExecStop.xml
5014 ms. Memory: 829952K Free: 157881K (19%)
----------------- Invoking toplevel() on ptolemy.moml.MoMLSimpleApplication@74619b2e
----------------- Done invoking toplevel() on ptolemy.moml.MoMLSimpleApplication@74619b2e
reloadAllAccessors: .ExecStop
----------------- testing Thu May 10 04:05:21 UTC 2018 /home/travis/build/icyphy/ptII/ptolemy/actor/lib/test/auto/ExecutionTimePN.xml
----------------- Instantiating /home/travis/build/icyphy/ptII/ptolemy/actor/lib/test/auto/ExecutionTimePN.xml
2017 ms. Memory: 829952K Free: 104232K (13%)
----------------- Invoking toplevel() on ptolemy.moml.MoMLSimpleApplication@5ddf9d96
----------------- Done invoking toplevel() on ptolemy.moml.MoMLSimpleApplication@5ddf9d96
reloadAllAccessors: .ExecutionTimePN
----------------- testing Thu May 10 04:05:23 UTC 2018 /home/travis/build/icyphy/ptII/ptolemy/actor/lib/test/auto/ExecutionTimeSDF.xml
----------------- Instantiating /home/travis/build/icyphy/ptII/ptolemy/actor/lib/test/auto/ExecutionTimeSDF.xml
6004 ms. Memory: 829952K Free: 84719K (10%)
----------------- Invoking toplevel() on ptolemy.moml.MoMLSimpleApplication@2903f14
----------------- Done invoking toplevel() on ptolemy.moml.MoMLSimpleApplication@2903f14
reloadAllAccessors: .ExecutionTimeSDF
----------------- testing Thu May 10 04:05:29 UTC 2018 /home/travis/build/icyphy/ptII/ptolemy/actor/lib/test/auto/Expression1.xml
----------------- Instantiating /home/travis/build/icyphy/ptII/ptolemy/actor/lib/test/auto/Expression1.xml
2 ms. Memory: 829952K Free: 68759K (8%)
----------------- Invoking toplevel() on ptolemy.moml.MoMLSimpleApplication@2136b0df
----------------- Done invoking toplevel() on ptolemy.moml.MoMLSimpleApplication@2136b0df
reloadAllAccessors: .Expression1
----------------- testing Thu May 10 04:05:29 UTC 2018 /home/travis/build/icyphy/ptII/ptolemy/actor/lib/test/auto/Expression10.xml
----------------- Instantiating /home/travis/build/icyphy/ptII/ptolemy/actor/lib/test/auto/Expression10.xml
7 ms. Memory: 829952K Free: 60665K (7%)
----------------- Invoking toplevel() on ptolemy.moml.MoMLSimpleApplication@439a8ea1
----------------- Done invoking toplevel() on ptolemy.moml.MoMLSimpleApplication@439a8ea1
reloadAllAccessors: .Expression10
----------------- testing Thu May 10 04:05:29 UTC 2018 /home/travis/build/icyphy/ptII/ptolemy/actor/lib/test/auto/Expression11.xml
----------------- Instantiating /home/travis/build/icyphy/ptII/ptolemy/actor/lib/test/auto/Expression11.xml
4 ms. Memory: 851456K Free: 798966K (94%)
----------------- Invoking toplevel() on ptolemy.moml.MoMLSimpleApplication@1c9bdeae
----------------- Done invoking toplevel() on ptolemy.moml.MoMLSimpleApplication@1c9bdeae
reloadAllAccessors: .Expression11
----------------- testing Thu May 10 04:05:29 UTC 2018 /home/travis/build/icyphy/ptII/ptolemy/actor/lib/test/auto/Expression12.xml
----------------- Instantiating /home/travis/build/icyphy/ptII/ptolemy/actor/lib/test/auto/Expression12.xml
4 ms. Memory: 851456K Free: 789129K (93%)
----------------- Invoking toplevel() on ptolemy.moml.MoMLSimpleApplication@1787b2ec
----------------- Done invoking toplevel() on ptolemy.moml.MoMLSimpleApplication@1787b2ec
reloadAllAccessors: .Expression12
----------------- testing Thu May 10 04:05:29 UTC 2018 /home/travis/build/icyphy/ptII/ptolemy/actor/lib/test/auto/Expression13.xml
----------------- Instantiating /home/travis/build/icyphy/ptII/ptolemy/actor/lib/test/auto/Expression13.xml
4 ms. Memory: 851456K Free: 774646K (91%)
----------------- Invoking toplevel() on ptolemy.moml.MoMLSimpleApplication@1f2c8689
----------------- Done invoking toplevel() on ptolemy.moml.MoMLSimpleApplication@1f2c8689
reloadAllAccessors: .Expression13
----------------- testing Thu May 10 04:05:29 UTC 2018 /home/travis/build/icyphy/ptII/ptolemy/actor/lib/test/auto/Expression14.xml
----------------- Instantiating /home/travis/build/icyphy/ptII/ptolemy/actor/lib/test/auto/Expression14.xml
9 ms. Memory: 851456K Free: 764809K (90%)
----------------- Invoking toplevel() on ptolemy.moml.MoMLSimpleApplication@2908de04
----------------- Done invoking toplevel() on ptolemy.moml.MoMLSimpleApplication@2908de04
reloadAllAccessors: .Expression14
----------------- testing Thu May 10 04:05:29 UTC 2018 /home/travis/build/icyphy/ptII/ptolemy/actor/lib/test/auto/Expression15.xml
----------------- Instantiating /home/travis/build/icyphy/ptII/ptolemy/actor/lib/test/auto/Expression15.xml
1 ms. Memory: 851456K Free: 750326K (88%)
----------------- Invoking toplevel() on ptolemy.moml.MoMLSimpleApplication@68f415cf
----------------- Done invoking toplevel() on ptolemy.moml.MoMLSimpleApplication@68f415cf
reloadAllAccessors: .Expression15
----------------- testing Thu May 10 04:05:29 UTC 2018 /home/travis/build/icyphy/ptII/ptolemy/actor/lib/test/auto/Expression16.xml
----------------- Instantiating /home/travis/build/icyphy/ptII/ptolemy/actor/lib/test/auto/Expression16.xml
4 ms. Memory: 851456K Free: 740489K (87%)
----------------- Invoking toplevel() on ptolemy.moml.MoMLSimpleApplication@7d1ff7c4
----------------- Done invoking toplevel() on ptolemy.moml.MoMLSimpleApplication@7d1ff7c4
reloadAllAccessors: .Expression16
----------------- testing Thu May 10 04:05:29 UTC 2018 /home/travis/build/icyphy/ptII/ptolemy/actor/lib/test/auto/Expression17.xml
----------------- Instantiating /home/travis/build/icyphy/ptII/ptolemy/actor/lib/test/auto/Expression17.xml
3 ms. Memory: 851456K Free: 721211K (85%)
----------------- Invoking toplevel() on ptolemy.moml.MoMLSimpleApplication@5a5e9af9
----------------- Done invoking toplevel() on ptolemy.moml.MoMLSimpleApplication@5a5e9af9
reloadAllAccessors: .Expression17
----------------- testing Thu May 10 04:05:29 UTC 2018 /home/travis/build/icyphy/ptII/ptolemy/actor/lib/test/auto/Expression18.xml
----------------- Instantiating /home/travis/build/icyphy/ptII/ptolemy/actor/lib/test/auto/Expression18.xml
2 ms. Memory: 851456K Free: 711374K (84%)
----------------- Invoking toplevel() on ptolemy.moml.MoMLSimpleApplication@4fa7788e
----------------- Done invoking toplevel() on ptolemy.moml.MoMLSimpleApplication@4fa7788e
reloadAllAccessors: .Expression18
----------------- testing Thu May 10 04:05:29 UTC 2018 /home/travis/build/icyphy/ptII/ptolemy/actor/lib/test/auto/Expression2.xml
----------------- Instantiating /home/travis/build/icyphy/ptII/ptolemy/actor/lib/test/auto/Expression2.xml
4 ms. Memory: 851456K Free: 701536K (82%)
----------------- Invoking toplevel() on ptolemy.moml.MoMLSimpleApplication@71c657e4
----------------- Done invoking toplevel() on ptolemy.moml.MoMLSimpleApplication@71c657e4
reloadAllAccessors: .Expression2
----------------- testing Thu May 10 04:05:29 UTC 2018 /home/travis/build/icyphy/ptII/ptolemy/actor/lib/test/auto/Expression3.xml
----------------- Instantiating /home/travis/build/icyphy/ptII/ptolemy/actor/lib/test/auto/Expression3.xml
3 ms. Memory: 851456K Free: 687054K (81%)
----------------- Invoking toplevel() on ptolemy.moml.MoMLSimpleApplication@6a4ee149
----------------- Done invoking toplevel() on ptolemy.moml.MoMLSimpleApplication@6a4ee149
reloadAllAccessors: .Expression3
----------------- testing Thu May 10 04:05:29 UTC 2018 /home/travis/build/icyphy/ptII/ptolemy/actor/lib/test/auto/Expression4.xml
----------------- Instantiating /home/travis/build/icyphy/ptII/ptolemy/actor/lib/test/auto/Expression4.xml
5 ms. Memory: 851456K Free: 672282K (79%)
----------------- Invoking toplevel() on ptolemy.moml.MoMLSimpleApplication@18dcea70
----------------- Done invoking toplevel() on ptolemy.moml.MoMLSimpleApplication@18dcea70
reloadAllAccessors: .Expression4
----------------- testing Thu May 10 04:05:29 UTC 2018 /home/travis/build/icyphy/ptII/ptolemy/actor/lib/test/auto/Expression5.xml
----------------- Instantiating /home/travis/build/icyphy/ptII/ptolemy/actor/lib/test/auto/Expression5.xml
3 ms. Memory: 851456K Free: 657799K (77%)
----------------- Invoking toplevel() on ptolemy.moml.MoMLSimpleApplication@2cb7eecd
----------------- Done invoking toplevel() on ptolemy.moml.MoMLSimpleApplication@2cb7eecd
reloadAllAccessors: .Expression5
----------------- testing Thu May 10 04:05:29 UTC 2018 /home/travis/build/icyphy/ptII/ptolemy/actor/lib/test/auto/Expression6.xml
----------------- Instantiating /home/travis/build/icyphy/ptII/ptolemy/actor/lib/test/auto/Expression6.xml
3 ms. Memory: 851456K Free: 647962K (76%)
----------------- Invoking toplevel() on ptolemy.moml.MoMLSimpleApplication@3703a9a8
----------------- Done invoking toplevel() on ptolemy.moml.MoMLSimpleApplication@3703a9a8
reloadAllAccessors: .Expression6
----------------- testing Thu May 10 04:05:29 UTC 2018 /home/travis/build/icyphy/ptII/ptolemy/actor/lib/test/auto/Expression7.xml
----------------- Instantiating /home/travis/build/icyphy/ptII/ptolemy/actor/lib/test/auto/Expression7.xml
2 ms. Memory: 851456K Free: 633479K (74%)
----------------- Invoking toplevel() on ptolemy.moml.MoMLSimpleApplication@61fb9d7c
----------------- Done invoking toplevel() on ptolemy.moml.MoMLSimpleApplication@61fb9d7c
reloadAllAccessors: .Expression7
----------------- testing Thu May 10 04:05:29 UTC 2018 /home/travis/build/icyphy/ptII/ptolemy/actor/lib/test/auto/Expression8.xml
----------------- Instantiating /home/travis/build/icyphy/ptII/ptolemy/actor/lib/test/auto/Expression8.xml
4 ms. Memory: 851456K Free: 623642K (73%)
----------------- Invoking toplevel() on ptolemy.moml.MoMLSimpleApplication@760eec08
----------------- Done invoking toplevel() on ptolemy.moml.MoMLSimpleApplication@760eec08
reloadAllAccessors: .Expression8
----------------- testing Thu May 10 04:05:29 UTC 2018 /home/travis/build/icyphy/ptII/ptolemy/actor/lib/test/auto/Expression9.xml
----------------- Instantiating /home/travis/build/icyphy/ptII/ptolemy/actor/lib/test/auto/Expression9.xml
1 ms. Memory: 851456K Free: 609160K (72%)
----------------- Invoking toplevel() on ptolemy.moml.MoMLSimpleApplication@14ddfa96
----------------- Done invoking toplevel() on ptolemy.moml.MoMLSimpleApplication@14ddfa96
reloadAllAccessors: .Expression9
----------------- testing Thu May 10 04:05:29 UTC 2018 /home/travis/build/icyphy/ptII/ptolemy/actor/lib/test/auto/ExpressionConcatenateArrayType.xml
----------------- Instantiating /home/travis/build/icyphy/ptII/ptolemy/actor/lib/test/auto/ExpressionConcatenateArrayType.xml
3 ms. Memory: 851456K Free: 594404K (70%)
----------------- Invoking toplevel() on ptolemy.moml.MoMLSimpleApplication@6b0d08e5
----------------- Done invoking toplevel() on ptolemy.moml.MoMLSimpleApplication@6b0d08e5
reloadAllAccessors: .ExpressionConcatenateArrayType
----------------- testing Thu May 10 04:05:29 UTC 2018 /home/travis/build/icyphy/ptII/ptolemy/actor/lib/test/auto/ExpressionConcatenateArrayType2.xml
----------------- Instantiating /home/travis/build/icyphy/ptII/ptolemy/actor/lib/test/auto/ExpressionConcatenateArrayType2.xml
3 ms. Memory: 851456K Free: 579921K (68%)
----------------- Invoking toplevel() on ptolemy.moml.MoMLSimpleApplication@40d34fe
----------------- Done invoking toplevel() on ptolemy.moml.MoMLSimpleApplication@40d34fe
reloadAllAccessors: .ExpressionConcatenateArrayType2
----------------- testing Thu May 10 04:05:29 UTC 2018 /home/travis/build/icyphy/ptII/ptolemy/actor/lib/test/auto/ExpressionFix.xml
----------------- Instantiating /home/travis/build/icyphy/ptII/ptolemy/actor/lib/test/auto/ExpressionFix.xml
27 ms. Memory: 851456K Free: 570056K (67%)
----------------- Invoking toplevel() on ptolemy.moml.MoMLSimpleApplication@4b3b2fc2
----------------- Done invoking toplevel() on ptolemy.moml.MoMLSimpleApplication@4b3b2fc2
reloadAllAccessors: .ExpressionFix
----------------- testing Thu May 10 04:05:29 UTC 2018 /home/travis/build/icyphy/ptII/ptolemy/actor/lib/test/auto/ExpressionFix2.xml
----------------- Instantiating /home/travis/build/icyphy/ptII/ptolemy/actor/lib/test/auto/ExpressionFix2.xml
2 ms. Memory: 851456K Free: 555573K (65%)
----------------- Invoking toplevel() on ptolemy.moml.MoMLSimpleApplication@2651c923
----------------- Done invoking toplevel() on ptolemy.moml.MoMLSimpleApplication@2651c923
reloadAllAccessors: .ExpressionFix2
----------------- testing Thu May 10 04:05:29 UTC 2018 /home/travis/build/icyphy/ptII/ptolemy/actor/lib/test/auto/ExpressionFix3.xml
----------------- Instantiating /home/travis/build/icyphy/ptII/ptolemy/actor/lib/test/auto/ExpressionFix3.xml
3 ms. Memory: 851456K Free: 545736K (64%)
----------------- Invoking toplevel() on ptolemy.moml.MoMLSimpleApplication@7ba5580f
----------------- Done invoking toplevel() on ptolemy.moml.MoMLSimpleApplication@7ba5580f
reloadAllAccessors: .ExpressionFix3
----------------- testing Thu May 10 04:05:29 UTC 2018 /home/travis/build/icyphy/ptII/ptolemy/actor/lib/test/auto/FileWriter1.xml
----------------- Instantiating /home/travis/build/icyphy/ptII/ptolemy/actor/lib/test/auto/FileWriter1.xml
3 ms. Memory: 851456K Free: 531254K (62%)
----------------- Invoking toplevel() on ptolemy.moml.MoMLSimpleApplication@3dbce48
----------------- Done invoking toplevel() on ptolemy.moml.MoMLSimpleApplication@3dbce48
reloadAllAccessors: .FileWriter1
----------------- testing Thu May 10 04:05:30 UTC 2018 /home/travis/build/icyphy/ptII/ptolemy/actor/lib/test/auto/FileWriter2.xml
----------------- Instantiating /home/travis/build/icyphy/ptII/ptolemy/actor/lib/test/auto/FileWriter2.xml
3 ms. Memory: 851456K Free: 521416K (61%)
----------------- Invoking toplevel() on ptolemy.moml.MoMLSimpleApplication@45f145c9
----------------- Done invoking toplevel() on ptolemy.moml.MoMLSimpleApplication@45f145c9
reloadAllAccessors: .FileWriter2
----------------- testing Thu May 10 04:05:30 UTC 2018 /home/travis/build/icyphy/ptII/ptolemy/actor/lib/test/auto/FileWriter3.xml
----------------- Instantiating /home/travis/build/icyphy/ptII/ptolemy/actor/lib/test/auto/FileWriter3.xml
2 ms. Memory: 851456K Free: 506934K (60%)
----------------- Invoking toplevel() on ptolemy.moml.MoMLSimpleApplication@591a190
----------------- Done invoking toplevel() on ptolemy.moml.MoMLSimpleApplication@591a190
reloadAllAccessors: .FileWriter3
----------------- testing Thu May 10 04:05:30 UTC 2018 /home/travis/build/icyphy/ptII/ptolemy/actor/lib/test/auto/Gaussian.xml
----------------- Instantiating /home/travis/build/icyphy/ptII/ptolemy/actor/lib/test/auto/Gaussian.xml
2 ms. Memory: 851456K Free: 497097K (58%)
----------------- Invoking toplevel() on ptolemy.moml.MoMLSimpleApplication@7ecf51e4
----------------- Done invoking toplevel() on ptolemy.moml.MoMLSimpleApplication@7ecf51e4
reloadAllAccessors: .Gaussian
----------------- testing Thu May 10 04:05:30 UTC 2018 /home/travis/build/icyphy/ptII/ptolemy/actor/lib/test/auto/Gaussian1.xml
----------------- Instantiating /home/travis/build/icyphy/ptII/ptolemy/actor/lib/test/auto/Gaussian1.xml
2 ms. Memory: 851456K Free: 482614K (57%)
----------------- Invoking toplevel() on ptolemy.moml.MoMLSimpleApplication@677bba9
----------------- Done invoking toplevel() on ptolemy.moml.MoMLSimpleApplication@677bba9
reloadAllAccessors: .Gaussian1
----------------- testing Thu May 10 04:05:30 UTC 2018 /home/travis/build/icyphy/ptII/ptolemy/actor/lib/test/auto/Gaussian2.xml
----------------- Instantiating /home/travis/build/icyphy/ptII/ptolemy/actor/lib/test/auto/Gaussian2.xml
3 ms. Memory: 851456K Free: 472777K (56%)
----------------- Invoking toplevel() on ptolemy.moml.MoMLSimpleApplication@76994258
----------------- Done invoking toplevel() on ptolemy.moml.MoMLSimpleApplication@76994258
reloadAllAccessors: .Gaussian2
----------------- testing Thu May 10 04:05:30 UTC 2018 /home/travis/build/icyphy/ptII/ptolemy/actor/lib/test/auto/GradientAdaptiveLattice.xml
----------------- Instantiating /home/travis/build/icyphy/ptII/ptolemy/actor/lib/test/auto/GradientAdaptiveLattice.xml
4 ms. Memory: 851456K Free: 458294K (54%)
----------------- Invoking toplevel() on ptolemy.moml.MoMLSimpleApplication@3a52e3a2
----------------- Done invoking toplevel() on ptolemy.moml.MoMLSimpleApplication@3a52e3a2
reloadAllAccessors: .GradientAdaptiveLattice
----------------- testing Thu May 10 04:05:30 UTC 2018 /home/travis/build/icyphy/ptII/ptolemy/actor/lib/test/auto/IIR.xml
----------------- Instantiating /home/travis/build/icyphy/ptII/ptolemy/actor/lib/test/auto/IIR.xml
2 ms. Memory: 851456K Free: 448457K (53%)
----------------- Invoking toplevel() on ptolemy.moml.MoMLSimpleApplication@20e27a8
----------------- Done invoking toplevel() on ptolemy.moml.MoMLSimpleApplication@20e27a8
reloadAllAccessors: .IIR
----------------- testing Thu May 10 04:05:30 UTC 2018 /home/travis/build/icyphy/ptII/ptolemy/actor/lib/test/auto/InputOutputTransparentPorts.xml
----------------- Instantiating /home/travis/build/icyphy/ptII/ptolemy/actor/lib/test/auto/InputOutputTransparentPorts.xml
2 ms. Memory: 851456K Free: 429047K (50%)
----------------- Invoking toplevel() on ptolemy.moml.MoMLSimpleApplication@675b963b
----------------- Done invoking toplevel() on ptolemy.moml.MoMLSimpleApplication@675b963b
reloadAllAccessors: .InputOutputTransparentPorts
----------------- testing Thu May 10 04:05:30 UTC 2018 /home/travis/build/icyphy/ptII/ptolemy/actor/lib/test/auto/Interpolator.xml
----------------- Instantiating /home/travis/build/icyphy/ptII/ptolemy/actor/lib/test/auto/Interpolator.xml
5 ms. Memory: 851456K Free: 419210K (49%)
----------------- Invoking toplevel() on ptolemy.moml.MoMLSimpleApplication@96a5091
----------------- Done invoking toplevel() on ptolemy.moml.MoMLSimpleApplication@96a5091
reloadAllAccessors: .Interpolator
----------------- testing Thu May 10 04:05:30 UTC 2018 /home/travis/build/icyphy/ptII/ptolemy/actor/lib/test/auto/InterpolatorFiringLimitDE.xml
----------------- Instantiating /home/travis/build/icyphy/ptII/ptolemy/actor/lib/test/auto/InterpolatorFiringLimitDE.xml
4 ms. Memory: 851456K Free: 404727K (48%)
----------------- Invoking toplevel() on ptolemy.moml.MoMLSimpleApplication@667f871c
----------------- Done invoking toplevel() on ptolemy.moml.MoMLSimpleApplication@667f871c
reloadAllAccessors: .InterpolatorFiringLimitDE
----------------- testing Thu May 10 04:05:30 UTC 2018 /home/travis/build/icyphy/ptII/ptolemy/actor/lib/test/auto/Lattice.xml
----------------- Instantiating /home/travis/build/icyphy/ptII/ptolemy/actor/lib/test/auto/Lattice.xml
1 ms. Memory: 851456K Free: 394890K (46%)
----------------- Invoking toplevel() on ptolemy.moml.MoMLSimpleApplication@7d57772e
----------------- Done invoking toplevel() on ptolemy.moml.MoMLSimpleApplication@7d57772e
reloadAllAccessors: .Lattice
----------------- testing Thu May 10 04:05:30 UTC 2018 /home/travis/build/icyphy/ptII/ptolemy/actor/lib/test/auto/LazyAOCTestLazy.xml
----------------- Instantiating /home/travis/build/icyphy/ptII/ptolemy/actor/lib/test/auto/LazyAOCTestLazy.xml
8 ms. Memory: 851456K Free: 380407K (45%)
----------------- Invoking toplevel() on ptolemy.moml.MoMLSimpleApplication@13ba1dc9
----------------- Done invoking toplevel() on ptolemy.moml.MoMLSimpleApplication@13ba1dc9
reloadAllAccessors: .LazyAOCTestLazy
----------------- testing Thu May 10 04:05:30 UTC 2018 /home/travis/build/icyphy/ptII/ptolemy/actor/lib/test/auto/LazyAOCTestNonLazy.xml
----------------- Instantiating /home/travis/build/icyphy/ptII/ptolemy/actor/lib/test/auto/LazyAOCTestNonLazy.xml
2 ms. Memory: 851456K Free: 370570K (44%)
----------------- Invoking toplevel() on ptolemy.moml.MoMLSimpleApplication@3fb8ec79
----------------- Done invoking toplevel() on ptolemy.moml.MoMLSimpleApplication@3fb8ec79
reloadAllAccessors: .LazyAOCTestNonLazy
----------------- testing Thu May 10 04:05:30 UTC 2018 /home/travis/build/icyphy/ptII/ptolemy/actor/lib/test/auto/LazyInnerClass.xml
----------------- Instantiating /home/travis/build/icyphy/ptII/ptolemy/actor/lib/test/auto/LazyInnerClass.xml
33 ms. Memory: 851456K Free: 356088K (42%)
----------------- Invoking toplevel() on ptolemy.moml.MoMLSimpleApplication@1b59ae10
----------------- Done invoking toplevel() on ptolemy.moml.MoMLSimpleApplication@1b59ae10
reloadAllAccessors: .LazyInnerClass
----------------- testing Thu May 10 04:05:30 UTC 2018 /home/travis/build/icyphy/ptII/ptolemy/actor/lib/test/auto/LazyPubSub.xml
----------------- Instantiating /home/travis/build/icyphy/ptII/ptolemy/actor/lib/test/auto/LazyPubSub.xml
25 ms. Memory: 851456K Free: 341316K (40%)
----------------- Invoking toplevel() on ptolemy.moml.MoMLSimpleApplication@487ebfe
----------------- Done invoking toplevel() on ptolemy.moml.MoMLSimpleApplication@487ebfe
reloadAllAccessors: .LazyPubSub
----------------- testing Thu May 10 04:05:30 UTC 2018 /home/travis/build/icyphy/ptII/ptolemy/actor/lib/test/auto/LazyPubSub2.xml
----------------- Instantiating /home/travis/build/icyphy/ptII/ptolemy/actor/lib/test/auto/LazyPubSub2.xml
34 ms. Memory: 851456K Free: 321906K (38%)
----------------- Invoking toplevel() on ptolemy.moml.MoMLSimpleApplication@73cbf005
----------------- Done invoking toplevel() on ptolemy.moml.MoMLSimpleApplication@73cbf005
reloadAllAccessors: .LazyPubSub2
----------------- testing Thu May 10 04:05:30 UTC 2018 /home/travis/build/icyphy/ptII/ptolemy/actor/lib/test/auto/LazyPubSub3.xml
----------------- Instantiating /home/travis/build/icyphy/ptII/ptolemy/actor/lib/test/auto/LazyPubSub3.xml
30 ms. Memory: 851456K Free: 307134K (36%)
----------------- Invoking toplevel() on ptolemy.moml.MoMLSimpleApplication@481da201
----------------- Done invoking toplevel() on ptolemy.moml.MoMLSimpleApplication@481da201
reloadAllAccessors: .LazyPubSub3
----------------- testing Thu May 10 04:05:30 UTC 2018 /home/travis/build/icyphy/ptII/ptolemy/actor/lib/test/auto/LazySubClassModel.xml
----------------- Instantiating /home/travis/build/icyphy/ptII/ptolemy/actor/lib/test/auto/LazySubClassModel.xml
2 ms. Memory: 851456K Free: 287725K (34%)
----------------- Invoking toplevel() on ptolemy.moml.MoMLSimpleApplication@1f3bde2a
----------------- Done invoking toplevel() on ptolemy.moml.MoMLSimpleApplication@1f3bde2a
reloadAllAccessors: .LazySubClassModel
----------------- testing Thu May 10 04:05:30 UTC 2018 /home/travis/build/icyphy/ptII/ptolemy/actor/lib/test/auto/LevelCrossTest1.xml
----------------- Instantiating /home/travis/build/icyphy/ptII/ptolemy/actor/lib/test/auto/LevelCrossTest1.xml
2 ms. Memory: 851456K Free: 277888K (33%)
----------------- Invoking toplevel() on ptolemy.moml.MoMLSimpleApplication@6dfdd15a
----------------- Done invoking toplevel() on ptolemy.moml.MoMLSimpleApplication@6dfdd15a
reloadAllAccessors: .broken
----------------- testing Thu May 10 04:05:30 UTC 2018 /home/travis/build/icyphy/ptII/ptolemy/actor/lib/test/auto/LevelCrossTest10.xml
----------------- Instantiating /home/travis/build/icyphy/ptII/ptolemy/actor/lib/test/auto/LevelCrossTest10.xml
1 ms. Memory: 851456K Free: 258479K (30%)
----------------- Invoking toplevel() on ptolemy.moml.MoMLSimpleApplication@1a5452dc
----------------- Done invoking toplevel() on ptolemy.moml.MoMLSimpleApplication@1a5452dc
reloadAllAccessors: .LevelCrossTest10
----------------- testing Thu May 10 04:05:30 UTC 2018 /home/travis/build/icyphy/ptII/ptolemy/actor/lib/test/auto/LevelCrossTest11.xml
----------------- Instantiating /home/travis/build/icyphy/ptII/ptolemy/actor/lib/test/auto/LevelCrossTest11.xml
2 ms. Memory: 851456K Free: 243707K (29%)
----------------- Invoking toplevel() on ptolemy.moml.MoMLSimpleApplication@6a2fdf98
----------------- Done invoking toplevel() on ptolemy.moml.MoMLSimpleApplication@6a2fdf98
reloadAllAccessors: .LevelCrossTest11
----------------- testing Thu May 10 04:05:30 UTC 2018 /home/travis/build/icyphy/ptII/ptolemy/actor/lib/test/auto/LevelCrossTest12.xml
----------------- Instantiating /home/travis/build/icyphy/ptII/ptolemy/actor/lib/test/auto/LevelCrossTest12.xml
4 ms. Memory: 851456K Free: 229224K (27%)
----------------- Invoking toplevel() on ptolemy.moml.MoMLSimpleApplication@54ecd3d2
----------------- Done invoking toplevel() on ptolemy.moml.MoMLSimpleApplication@54ecd3d2
reloadAllAccessors: .LevelCrossTest12
----------------- testing Thu May 10 04:05:30 UTC 2018 /home/travis/build/icyphy/ptII/ptolemy/actor/lib/test/auto/LevelCrossTest13.xml
----------------- Instantiating /home/travis/build/icyphy/ptII/ptolemy/actor/lib/test/auto/LevelCrossTest13.xml
2 ms. Memory: 851456K Free: 214468K (25%)
----------------- Invoking toplevel() on ptolemy.moml.MoMLSimpleApplication@578c2c02
----------------- Done invoking toplevel() on ptolemy.moml.MoMLSimpleApplication@578c2c02
reloadAllAccessors: .LevelCrossTest13
----------------- testing Thu May 10 04:05:30 UTC 2018 /home/travis/build/icyphy/ptII/ptolemy/actor/lib/test/auto/LevelCrossTest2.xml
----------------- Instantiating /home/travis/build/icyphy/ptII/ptolemy/actor/lib/test/auto/LevelCrossTest2.xml
1 ms. Memory: 851456K Free: 199986K (23%)
----------------- Invoking toplevel() on ptolemy.moml.MoMLSimpleApplication@49e94404
----------------- Done invoking toplevel() on ptolemy.moml.MoMLSimpleApplication@49e94404
reloadAllAccessors: .broken
----------------- testing Thu May 10 04:05:30 UTC 2018 /home/travis/build/icyphy/ptII/ptolemy/actor/lib/test/auto/LevelCrossTest3.xml
----------------- Instantiating /home/travis/build/icyphy/ptII/ptolemy/actor/lib/test/auto/LevelCrossTest3.xml
1 ms. Memory: 851456K Free: 190148K (22%)
----------------- Invoking toplevel() on ptolemy.moml.MoMLSimpleApplication@13e6b91b
----------------- Done invoking toplevel() on ptolemy.moml.MoMLSimpleApplication@13e6b91b
reloadAllAccessors: .LevelCrossTest3
----------------- testing Thu May 10 04:05:30 UTC 2018 /home/travis/build/icyphy/ptII/ptolemy/actor/lib/test/auto/LevelCrossTest4.xml
----------------- Instantiating /home/travis/build/icyphy/ptII/ptolemy/actor/lib/test/auto/LevelCrossTest4.xml
1 ms. Memory: 851456K Free: 175666K (21%)
----------------- Invoking toplevel() on ptolemy.moml.MoMLSimpleApplication@24acf657
----------------- Done invoking toplevel() on ptolemy.moml.MoMLSimpleApplication@24acf657
reloadAllAccessors: .broken
----------------- testing Thu May 10 04:05:30 UTC 2018 /home/travis/build/icyphy/ptII/ptolemy/actor/lib/test/auto/LevelCrossTest5.xml
----------------- Instantiating /home/travis/build/icyphy/ptII/ptolemy/actor/lib/test/auto/LevelCrossTest5.xml
2 ms. Memory: 851456K Free: 160894K (19%)
----------------- Invoking toplevel() on ptolemy.moml.MoMLSimpleApplication@41b355bd
----------------- Done invoking toplevel() on ptolemy.moml.MoMLSimpleApplication@41b355bd
reloadAllAccessors: .LevelCrossTest5
----------------- testing Thu May 10 04:05:30 UTC 2018 /home/travis/build/icyphy/ptII/ptolemy/actor/lib/test/auto/LevelCrossTest6.xml
----------------- Instantiating /home/travis/build/icyphy/ptII/ptolemy/actor/lib/test/auto/LevelCrossTest6.xml
8 ms. Memory: 851456K Free: 146411K (17%)
----------------- Invoking toplevel() on ptolemy.moml.MoMLSimpleApplication@39c627a2
----------------- Done invoking toplevel() on ptolemy.moml.MoMLSimpleApplication@39c627a2
reloadAllAccessors: .LevelCrossTest6
----------------- testing Thu May 10 04:05:30 UTC 2018 /home/travis/build/icyphy/ptII/ptolemy/actor/lib/test/auto/LevelCrossTest7.xml
----------------- Instantiating /home/travis/build/icyphy/ptII/ptolemy/actor/lib/test/auto/LevelCrossTest7.xml
2 ms. Memory: 851456K Free: 131639K (15%)
----------------- Invoking toplevel() on ptolemy.moml.MoMLSimpleApplication@6b258969
----------------- Done invoking toplevel() on ptolemy.moml.MoMLSimpleApplication@6b258969
reloadAllAccessors: .LevelCrossTest7
----------------- testing Thu May 10 04:05:30 UTC 2018 /home/travis/build/icyphy/ptII/ptolemy/actor/lib/test/auto/LevelCrossTest8.xml
----------------- Instantiating /home/travis/build/icyphy/ptII/ptolemy/actor/lib/test/auto/LevelCrossTest8.xml
2 ms. Memory: 851456K Free: 112230K (13%)
----------------- Invoking toplevel() on ptolemy.moml.MoMLSimpleApplication@6588a15e
----------------- Done invoking toplevel() on ptolemy.moml.MoMLSimpleApplication@6588a15e
reloadAllAccessors: .LevelCrossTest8
----------------- testing Thu May 10 04:05:30 UTC 2018 /home/travis/build/icyphy/ptII/ptolemy/actor/lib/test/auto/LevelCrossTest9.xml
----------------- Instantiating /home/travis/build/icyphy/ptII/ptolemy/actor/lib/test/auto/LevelCrossTest9.xml
1 ms. Memory: 851456K Free: 97466K (11%)
----------------- Invoking toplevel() on ptolemy.moml.MoMLSimpleApplication@6049ba29
----------------- Done invoking toplevel() on ptolemy.moml.MoMLSimpleApplication@6049ba29
reloadAllAccessors: .LevelCrossTest9
----------------- testing Thu May 10 04:05:31 UTC 2018 /home/travis/build/icyphy/ptII/ptolemy/actor/lib/test/auto/LevinsonDurbin.xml
----------------- Instantiating /home/travis/build/icyphy/ptII/ptolemy/actor/lib/test/auto/LevinsonDurbin.xml
3 ms. Memory: 851456K Free: 82983K (10%)
----------------- Invoking toplevel() on ptolemy.moml.MoMLSimpleApplication@39b07d97
----------------- Done invoking toplevel() on ptolemy.moml.MoMLSimpleApplication@39b07d97
reloadAllAccessors: .LevinsonDurbin
----------------- testing Thu May 10 04:05:31 UTC 2018 /home/travis/build/icyphy/ptII/ptolemy/actor/lib/test/auto/LevinsonDurbin2.xml
----------------- Instantiating /home/travis/build/icyphy/ptII/ptolemy/actor/lib/test/auto/LevinsonDurbin2.xml
3 ms. Memory: 851456K Free: 75657K (9%)
----------------- Invoking toplevel() on ptolemy.moml.MoMLSimpleApplication@52c8730e
----------------- Done invoking toplevel() on ptolemy.moml.MoMLSimpleApplication@52c8730e
reloadAllAccessors: .LevinsonDurbin2
----------------- testing Thu May 10 04:05:31 UTC 2018 /home/travis/build/icyphy/ptII/ptolemy/actor/lib/test/auto/LevinsonDurbin3.xml
----------------- Instantiating /home/travis/build/icyphy/ptII/ptolemy/actor/lib/test/auto/LevinsonDurbin3.xml
2 ms. Memory: 930304K Free: 876536K (94%)
----------------- Invoking toplevel() on ptolemy.moml.MoMLSimpleApplication@272661c4
----------------- Done invoking toplevel() on ptolemy.moml.MoMLSimpleApplication@272661c4
reloadAllAccessors: .LevinsonDurbin3
----------------- testing Thu May 10 04:05:31 UTC 2018 /home/travis/build/icyphy/ptII/ptolemy/actor/lib/test/auto/Limiter.xml
----------------- Instantiating /home/travis/build/icyphy/ptII/ptolemy/actor/lib/test/auto/Limiter.xml
5 ms. Memory: 930304K Free: 859988K (92%)
----------------- Invoking toplevel() on ptolemy.moml.MoMLSimpleApplication@1b5c10cd
----------------- Done invoking toplevel() on ptolemy.moml.MoMLSimpleApplication@1b5c10cd
reloadAllAccessors: .Limiter
----------------- testing Thu May 10 04:05:31 UTC 2018 /home/travis/build/icyphy/ptII/ptolemy/actor/lib/test/auto/LinearDifferenceEquationSystem.xml
----------------- Instantiating /home/travis/build/icyphy/ptII/ptolemy/actor/lib/test/auto/LinearDifferenceEquationSystem.xml
4 ms. Memory: 930304K Free: 844586K (91%)
----------------- Invoking toplevel() on ptolemy.moml.MoMLSimpleApplication@7ec62002
----------------- Done invoking toplevel() on ptolemy.moml.MoMLSimpleApplication@7ec62002
reloadAllAccessors: .LinearDifferenceEquationSystem
----------------- testing Thu May 10 04:05:31 UTC 2018 /home/travis/build/icyphy/ptII/ptolemy/actor/lib/test/auto/LookupTable.xml
----------------- Instantiating /home/travis/build/icyphy/ptII/ptolemy/actor/lib/test/auto/LookupTable.xml
2 ms. Memory: 930304K Free: 833554K (90%)
----------------- Invoking toplevel() on ptolemy.moml.MoMLSimpleApplication@44526921
----------------- Done invoking toplevel() on ptolemy.moml.MoMLSimpleApplication@44526921
reloadAllAccessors: .LookupTable
----------------- testing Thu May 10 04:05:31 UTC 2018 /home/travis/build/icyphy/ptII/ptolemy/actor/lib/test/auto/MathFunction.xml
----------------- Instantiating /home/travis/build/icyphy/ptII/ptolemy/actor/lib/test/auto/MathFunction.xml
3 ms. Memory: 930304K Free: 812619K (87%)
----------------- Invoking toplevel() on ptolemy.moml.MoMLSimpleApplication@36d1102f
----------------- Done invoking toplevel() on ptolemy.moml.MoMLSimpleApplication@36d1102f
reloadAllAccessors: .MathFunction
----------------- testing Thu May 10 04:05:31 UTC 2018 /home/travis/build/icyphy/ptII/ptolemy/actor/lib/test/auto/MathFunction2.xml
----------------- Instantiating /home/travis/build/icyphy/ptII/ptolemy/actor/lib/test/auto/MathFunction2.xml
2 ms. Memory: 930304K Free: 801587K (86%)
----------------- Invoking toplevel() on ptolemy.moml.MoMLSimpleApplication@4ef546b8
----------------- Done invoking toplevel() on ptolemy.moml.MoMLSimpleApplication@4ef546b8
reloadAllAccessors: .MathFunction2
----------------- testing Thu May 10 04:05:31 UTC 2018 /home/travis/build/icyphy/ptII/ptolemy/actor/lib/test/auto/MathFunction3.xml
----------------- Instantiating /home/travis/build/icyphy/ptII/ptolemy/actor/lib/test/auto/MathFunction3.xml
1 ms. Memory: 930304K Free: 786184K (85%)
----------------- Invoking toplevel() on ptolemy.moml.MoMLSimpleApplication@3f7992e
----------------- Done invoking toplevel() on ptolemy.moml.MoMLSimpleApplication@3f7992e
reloadAllAccessors: .MathFunction3
----------------- testing Thu May 10 04:05:31 UTC 2018 /home/travis/build/icyphy/ptII/ptolemy/actor/lib/test/auto/MatrixCropBoolean.xml
----------------- Instantiating /home/travis/build/icyphy/ptII/ptolemy/actor/lib/test/auto/MatrixCropBoolean.xml
2 ms. Memory: 930304K Free: 775152K (83%)
----------------- Invoking toplevel() on ptolemy.moml.MoMLSimpleApplication@38cc84c4
----------------- Done invoking toplevel() on ptolemy.moml.MoMLSimpleApplication@38cc84c4
reloadAllAccessors: .MatrixCropBoolean
----------------- testing Thu May 10 04:05:31 UTC 2018 /home/travis/build/icyphy/ptII/ptolemy/actor/lib/test/auto/MatrixCropComplex.xml
----------------- Instantiating /home/travis/build/icyphy/ptII/ptolemy/actor/lib/test/auto/MatrixCropComplex.xml
3 ms. Memory: 930304K Free: 759750K (82%)
----------------- Invoking toplevel() on ptolemy.moml.MoMLSimpleApplication@44c31d27
----------------- Done invoking toplevel() on ptolemy.moml.MoMLSimpleApplication@44c31d27
reloadAllAccessors: .MatrixCropComplex
----------------- testing Thu May 10 04:05:31 UTC 2018 /home/travis/build/icyphy/ptII/ptolemy/actor/lib/test/auto/MatrixCropDouble.xml
----------------- Instantiating /home/travis/build/icyphy/ptII/ptolemy/actor/lib/test/auto/MatrixCropDouble.xml
2 ms. Memory: 930304K Free: 744347K (80%)
----------------- Invoking toplevel() on ptolemy.moml.MoMLSimpleApplication@20f3c387
----------------- Done invoking toplevel() on ptolemy.moml.MoMLSimpleApplication@20f3c387
reloadAllAccessors: .MatrixCropDouble
----------------- testing Thu May 10 04:05:31 UTC 2018 /home/travis/build/icyphy/ptII/ptolemy/actor/lib/test/auto/MatrixCropFix.xml
----------------- Instantiating /home/travis/build/icyphy/ptII/ptolemy/actor/lib/test/auto/MatrixCropFix.xml
2 ms. Memory: 930304K Free: 733315K (79%)
----------------- Invoking toplevel() on ptolemy.moml.MoMLSimpleApplication@680d30f
----------------- Done invoking toplevel() on ptolemy.moml.MoMLSimpleApplication@680d30f
reloadAllAccessors: .MatrixCropFix
----------------- testing Thu May 10 04:05:31 UTC 2018 /home/travis/build/icyphy/ptII/ptolemy/actor/lib/test/auto/MatrixCropInt.xml
----------------- Instantiating /home/travis/build/icyphy/ptII/ptolemy/actor/lib/test/auto/MatrixCropInt.xml
2 ms. Memory: 930304K Free: 717912K (77%)
----------------- Invoking toplevel() on ptolemy.moml.MoMLSimpleApplication@f205344
----------------- Done invoking toplevel() on ptolemy.moml.MoMLSimpleApplication@f205344
reloadAllAccessors: .MatrixCropInt
----------------- testing Thu May 10 04:05:31 UTC 2018 /home/travis/build/icyphy/ptII/ptolemy/actor/lib/test/auto/MatrixCropLong.xml
----------------- Instantiating /home/travis/build/icyphy/ptII/ptolemy/actor/lib/test/auto/MatrixCropLong.xml
2 ms. Memory: 930304K Free: 706881K (76%)
----------------- Invoking toplevel() on ptolemy.moml.MoMLSimpleApplication@6bd44abe
----------------- Done invoking toplevel() on ptolemy.moml.MoMLSimpleApplication@6bd44abe
reloadAllAccessors: .MatrixCropLong
----------------- testing Thu May 10 04:05:31 UTC 2018 /home/travis/build/icyphy/ptII/ptolemy/actor/lib/test/auto/MatrixToArray.xml
----------------- Instantiating /home/travis/build/icyphy/ptII/ptolemy/actor/lib/test/auto/MatrixToArray.xml
17 ms. Memory: 930304K Free: 680402K (73%)
----------------- Invoking toplevel() on ptolemy.moml.MoMLSimpleApplication@49f662e8
----------------- Done invoking toplevel() on ptolemy.moml.MoMLSimpleApplication@49f662e8
reloadAllAccessors: .MatrixToArray
----------------- testing Thu May 10 04:05:31 UTC 2018 /home/travis/build/icyphy/ptII/ptolemy/actor/lib/test/auto/MaxIndex.xml
----------------- Instantiating /home/travis/build/icyphy/ptII/ptolemy/actor/lib/test/auto/MaxIndex.xml
3 ms. Memory: 930304K Free: 669370K (72%)
----------------- Invoking toplevel() on ptolemy.moml.MoMLSimpleApplication@12fc6316
----------------- Done invoking toplevel() on ptolemy.moml.MoMLSimpleApplication@12fc6316
reloadAllAccessors: .MaxIndex
----------------- testing Thu May 10 04:05:31 UTC 2018 /home/travis/build/icyphy/ptII/ptolemy/actor/lib/test/auto/Maximum.xml
----------------- Instantiating /home/travis/build/icyphy/ptII/ptolemy/actor/lib/test/auto/Maximum.xml
3 ms. Memory: 930304K Free: 653968K (70%)
----------------- Invoking toplevel() on ptolemy.moml.MoMLSimpleApplication@3a30a257
----------------- Done invoking toplevel() on ptolemy.moml.MoMLSimpleApplication@3a30a257
reloadAllAccessors: .Maximum
----------------- testing Thu May 10 04:05:31 UTC 2018 /home/travis/build/icyphy/ptII/ptolemy/actor/lib/test/auto/MaximumComplex.xml
----------------- Instantiating /home/travis/build/icyphy/ptII/ptolemy/actor/lib/test/auto/MaximumComplex.xml
8 ms. Memory: 930304K Free: 642936K (69%)
----------------- Invoking toplevel() on ptolemy.moml.MoMLSimpleApplication@87817ee
----------------- Done invoking toplevel() on ptolemy.moml.MoMLSimpleApplication@87817ee
reloadAllAccessors: .MaximumComplex
----------------- testing Thu May 10 04:05:31 UTC 2018 /home/travis/build/icyphy/ptII/ptolemy/actor/lib/test/auto/MethodCallTest.xml
----------------- Instantiating /home/travis/build/icyphy/ptII/ptolemy/actor/lib/test/auto/MethodCallTest.xml
2 ms. Memory: 930304K Free: 627533K (67%)
----------------- Invoking toplevel() on ptolemy.moml.MoMLSimpleApplication@7c9a2382
----------------- Done invoking toplevel() on ptolemy.moml.MoMLSimpleApplication@7c9a2382
reloadAllAccessors: .MethodCallTest
----------------- testing Thu May 10 04:05:31 UTC 2018 /home/travis/build/icyphy/ptII/ptolemy/actor/lib/test/auto/Minimum.xml
----------------- Instantiating /home/travis/build/icyphy/ptII/ptolemy/actor/lib/test/auto/Minimum.xml
3 ms. Memory: 930304K Free: 616501K (66%)
----------------- Invoking toplevel() on ptolemy.moml.MoMLSimpleApplication@245769d4
----------------- Done invoking toplevel() on ptolemy.moml.MoMLSimpleApplication@245769d4
reloadAllAccessors: .Minimum
----------------- testing Thu May 10 04:05:31 UTC 2018 /home/travis/build/icyphy/ptII/ptolemy/actor/lib/test/auto/MinimumComplex.xml
----------------- Instantiating /home/travis/build/icyphy/ptII/ptolemy/actor/lib/test/auto/MinimumComplex.xml
4 ms. Memory: 930304K Free: 601099K (65%)
----------------- Invoking toplevel() on ptolemy.moml.MoMLSimpleApplication@720b4fc4
----------------- Done invoking toplevel() on ptolemy.moml.MoMLSimpleApplication@720b4fc4
reloadAllAccessors: .MinimumComplex
----------------- testing Thu May 10 04:05:31 UTC 2018 /home/travis/build/icyphy/ptII/ptolemy/actor/lib/test/auto/MinimumMultiports.xml
----------------- Instantiating /home/travis/build/icyphy/ptII/ptolemy/actor/lib/test/auto/MinimumMultiports.xml
5 ms. Memory: 930304K Free: 584535K (63%)
----------------- Invoking toplevel() on ptolemy.moml.MoMLSimpleApplication@624f1572
----------------- Done invoking toplevel() on ptolemy.moml.MoMLSimpleApplication@624f1572
reloadAllAccessors: .MinimumMultiports
----------------- testing Thu May 10 04:05:31 UTC 2018 /home/travis/build/icyphy/ptII/ptolemy/actor/lib/test/auto/ModifyDate.xml
----------------- Instantiating /home/travis/build/icyphy/ptII/ptolemy/actor/lib/test/auto/ModifyDate.xml
10 ms. Memory: 930304K Free: 558092K (60%)
----------------- Invoking toplevel() on ptolemy.moml.MoMLSimpleApplication@40d3936d
----------------- Done invoking toplevel() on ptolemy.moml.MoMLSimpleApplication@40d3936d
reloadAllAccessors: .ModifyDate
----------------- testing Thu May 10 04:05:31 UTC 2018 /home/travis/build/icyphy/ptII/ptolemy/actor/lib/test/auto/ModifyDate2.xml
----------------- Instantiating /home/travis/build/icyphy/ptII/ptolemy/actor/lib/test/auto/ModifyDate2.xml
6 ms. Memory: 930304K Free: 537174K (58%)
----------------- Invoking toplevel() on ptolemy.moml.MoMLSimpleApplication@379ada51
----------------- Done invoking toplevel() on ptolemy.moml.MoMLSimpleApplication@379ada51
reloadAllAccessors: .ModifyDate2
----------------- testing Thu May 10 04:05:31 UTC 2018 /home/travis/build/icyphy/ptII/ptolemy/actor/lib/test/auto/MovingAverage.xml
----------------- Instantiating /home/travis/build/icyphy/ptII/ptolemy/actor/lib/test/auto/MovingAverage.xml
2 ms. Memory: 930304K Free: 526142K (57%)
----------------- Invoking toplevel() on ptolemy.moml.MoMLSimpleApplication@1cb79904
----------------- Done invoking toplevel() on ptolemy.moml.MoMLSimpleApplication@1cb79904
reloadAllAccessors: .MovingAverage
----------------- testing Thu May 10 04:05:31 UTC 2018 /home/travis/build/icyphy/ptII/ptolemy/actor/lib/test/auto/MovingMaximum.xml
----------------- Instantiating /home/travis/build/icyphy/ptII/ptolemy/actor/lib/test/auto/MovingMaximum.xml
2 ms. Memory: 930304K Free: 510739K (55%)
----------------- Invoking toplevel() on ptolemy.moml.MoMLSimpleApplication@616e196a
----------------- Done invoking toplevel() on ptolemy.moml.MoMLSimpleApplication@616e196a
reloadAllAccessors: .MovingMaximum
----------------- testing Thu May 10 04:05:31 UTC 2018 /home/travis/build/icyphy/ptII/ptolemy/actor/lib/test/auto/MultipleLinksToSameRelation.xml
----------------- Instantiating /home/travis/build/icyphy/ptII/ptolemy/actor/lib/test/auto/MultipleLinksToSameRelation.xml
2 ms. Memory: 930304K Free: 499707K (54%)
----------------- Invoking toplevel() on ptolemy.moml.MoMLSimpleApplication@75cb9066
----------------- Done invoking toplevel() on ptolemy.moml.MoMLSimpleApplication@75cb9066
reloadAllAccessors: .MultipleLinksToSameRelation
----------------- testing Thu May 10 04:05:31 UTC 2018 /home/travis/build/icyphy/ptII/ptolemy/actor/lib/test/auto/MultipleLinksToSameRelationDE.xml
----------------- Instantiating /home/travis/build/icyphy/ptII/ptolemy/actor/lib/test/auto/MultipleLinksToSameRelationDE.xml
2 ms. Memory: 930304K Free: 484305K (52%)
----------------- Invoking toplevel() on ptolemy.moml.MoMLSimpleApplication@12acdbfa
----------------- Done invoking toplevel() on ptolemy.moml.MoMLSimpleApplication@12acdbfa
reloadAllAccessors: .MultipleLinksToSameRelationDE
----------------- testing Thu May 10 04:05:31 UTC 2018 /home/travis/build/icyphy/ptII/ptolemy/actor/lib/test/auto/Multiplexor.xml
----------------- Instantiating /home/travis/build/icyphy/ptII/ptolemy/actor/lib/test/auto/Multiplexor.xml
2 ms. Memory: 930304K Free: 473273K (51%)
----------------- Invoking toplevel() on ptolemy.moml.MoMLSimpleApplication@653a0b42
----------------- Done invoking toplevel() on ptolemy.moml.MoMLSimpleApplication@653a0b42
reloadAllAccessors: .Multiplexor
----------------- testing Thu May 10 04:05:31 UTC 2018 /home/travis/build/icyphy/ptII/ptolemy/actor/lib/test/auto/Multiplexor1.xml
----------------- Instantiating /home/travis/build/icyphy/ptII/ptolemy/actor/lib/test/auto/Multiplexor1.xml
3 ms. Memory: 930304K Free: 457870K (49%)
----------------- Invoking toplevel() on ptolemy.moml.MoMLSimpleApplication@857fde6
----------------- Done invoking toplevel() on ptolemy.moml.MoMLSimpleApplication@857fde6
reloadAllAccessors: .Multiplexor1
----------------- testing Thu May 10 04:05:31 UTC 2018 /home/travis/build/icyphy/ptII/ptolemy/actor/lib/test/auto/Multiplexor2.xml
----------------- Instantiating /home/travis/build/icyphy/ptII/ptolemy/actor/lib/test/auto/Multiplexor2.xml
4 ms. Memory: 930304K Free: 446838K (48%)
----------------- Invoking toplevel() on ptolemy.moml.MoMLSimpleApplication@30acdb14
----------------- Done invoking toplevel() on ptolemy.moml.MoMLSimpleApplication@30acdb14
reloadAllAccessors: .Multiplexor2
----------------- testing Thu May 10 04:05:31 UTC 2018 /home/travis/build/icyphy/ptII/ptolemy/actor/lib/test/auto/Multiplexor3.xml
----------------- Instantiating /home/travis/build/icyphy/ptII/ptolemy/actor/lib/test/auto/Multiplexor3.xml
2 ms. Memory: 930304K Free: 431436K (46%)
----------------- Invoking toplevel() on ptolemy.moml.MoMLSimpleApplication@3ceca48f
----------------- Done invoking toplevel() on ptolemy.moml.MoMLSimpleApplication@3ceca48f
reloadAllAccessors: .Multiplexor3
----------------- testing Thu May 10 04:05:31 UTC 2018 /home/travis/build/icyphy/ptII/ptolemy/actor/lib/test/auto/MultiplexorDE.xml
----------------- Instantiating /home/travis/build/icyphy/ptII/ptolemy/actor/lib/test/auto/MultiplexorDE.xml
4 ms. Memory: 930304K Free: 414872K (45%)
----------------- Invoking toplevel() on ptolemy.moml.MoMLSimpleApplication@6622e1b3
----------------- Done invoking toplevel() on ptolemy.moml.MoMLSimpleApplication@6622e1b3
reloadAllAccessors: .MultiplexorDE
----------------- testing Thu May 10 04:05:31 UTC 2018 /home/travis/build/icyphy/ptII/ptolemy/actor/lib/test/auto/MultiportBroadcastTest.xml
----------------- Instantiating /home/travis/build/icyphy/ptII/ptolemy/actor/lib/test/auto/MultiportBroadcastTest.xml
96 ms. Memory: 930304K Free: 399469K (43%)
----------------- Invoking toplevel() on ptolemy.moml.MoMLSimpleApplication@3ec6cf14
----------------- Done invoking toplevel() on ptolemy.moml.MoMLSimpleApplication@3ec6cf14
reloadAllAccessors: .MultiportBroadcastTest
----------------- testing Thu May 10 04:05:32 UTC 2018 /home/travis/build/icyphy/ptII/ptolemy/actor/lib/test/auto/MultiportOutHangDuringGetWidth.xml
----------------- Instantiating /home/travis/build/icyphy/ptII/ptolemy/actor/lib/test/auto/MultiportOutHangDuringGetWidth.xml
6 ms. Memory: 930304K Free: 382905K (41%)
----------------- Invoking toplevel() on ptolemy.moml.MoMLSimpleApplication@6aee2fc9
----------------- Done invoking toplevel() on ptolemy.moml.MoMLSimpleApplication@6aee2fc9
reloadAllAccessors: .MultiportOutHangDuringGetWidth
----------------- testing Thu May 10 04:05:32 UTC 2018 /home/travis/build/icyphy/ptII/ptolemy/actor/lib/test/auto/NilToken.xml
----------------- Instantiating /home/travis/build/icyphy/ptII/ptolemy/actor/lib/test/auto/NilToken.xml
1 ms. Memory: 930304K Free: 367503K (40%)
----------------- Invoking toplevel() on ptolemy.moml.MoMLSimpleApplication@7062affd
----------------- Done invoking toplevel() on ptolemy.moml.MoMLSimpleApplication@7062affd
reloadAllAccessors: .NilToken
----------------- testing Thu May 10 04:05:32 UTC 2018 /home/travis/build/icyphy/ptII/ptolemy/actor/lib/test/auto/NilTokenNonStrictTest.xml
----------------- Instantiating /home/travis/build/icyphy/ptII/ptolemy/actor/lib/test/auto/NilTokenNonStrictTest.xml
2 ms. Memory: 930304K Free: 356471K (38%)
----------------- Invoking toplevel() on ptolemy.moml.MoMLSimpleApplication@36d4faec
----------------- Done invoking toplevel() on ptolemy.moml.MoMLSimpleApplication@36d4faec
reloadAllAccessors: .NilTokenNonStrictTest
----------------- testing Thu May 10 04:05:32 UTC 2018 /home/travis/build/icyphy/ptII/ptolemy/actor/lib/test/auto/NilTokenRecord.xml
----------------- Instantiating /home/travis/build/icyphy/ptII/ptolemy/actor/lib/test/auto/NilTokenRecord.xml
6 ms. Memory: 930304K Free: 341068K (37%)
----------------- Invoking toplevel() on ptolemy.moml.MoMLSimpleApplication@6821bd89
----------------- Done invoking toplevel() on ptolemy.moml.MoMLSimpleApplication@6821bd89
reloadAllAccessors: .NilTokenRecord
----------------- testing Thu May 10 04:05:32 UTC 2018 /home/travis/build/icyphy/ptII/ptolemy/actor/lib/test/auto/NilTokenTypeTest.xml
----------------- Instantiating /home/travis/build/icyphy/ptII/ptolemy/actor/lib/test/auto/NilTokenTypeTest.xml
9 ms. Memory: 930304K Free: 324520K (35%)
----------------- Invoking toplevel() on ptolemy.moml.MoMLSimpleApplication@76c4ac9a
----------------- Done invoking toplevel() on ptolemy.moml.MoMLSimpleApplication@76c4ac9a
reloadAllAccessors: .NilTokenTypeTest
----------------- testing Thu May 10 04:05:32 UTC 2018 /home/travis/build/icyphy/ptII/ptolemy/actor/lib/test/auto/ObjectToken1.xml
----------------- Instantiating /home/travis/build/icyphy/ptII/ptolemy/actor/lib/test/auto/ObjectToken1.xml
2 ms. Memory: 930304K Free: 309117K (33%)
----------------- Invoking toplevel() on ptolemy.moml.MoMLSimpleApplication@6e54843b
----------------- Done invoking toplevel() on ptolemy.moml.MoMLSimpleApplication@6e54843b
reloadAllAccessors: .ObjectToken1
----------------- testing Thu May 10 04:05:32 UTC 2018 /home/travis/build/icyphy/ptII/ptolemy/actor/lib/test/auto/OrderedMerge.xml
----------------- Instantiating /home/travis/build/icyphy/ptII/ptolemy/actor/lib/test/auto/OrderedMerge.xml
13 ms. Memory: 930304K Free: 271651K (29%)
----------------- Invoking toplevel() on ptolemy.moml.MoMLSimpleApplication@6c608ae
----------------- Done invoking toplevel() on ptolemy.moml.MoMLSimpleApplication@6c608ae
reloadAllAccessors: .OrderedMerge
----------------- testing Thu May 10 04:05:32 UTC 2018 /home/travis/build/icyphy/ptII/ptolemy/actor/lib/test/auto/OrderedRecordDisassembler.xml
----------------- Instantiating /home/travis/build/icyphy/ptII/ptolemy/actor/lib/test/auto/OrderedRecordDisassembler.xml
4 ms. Memory: 930304K Free: 260619K (28%)
----------------- Invoking toplevel() on ptolemy.moml.MoMLSimpleApplication@2c0c83f
----------------- Done invoking toplevel() on ptolemy.moml.MoMLSimpleApplication@2c0c83f
reloadAllAccessors: .OrderedRecordDisassembler
----------------- testing Thu May 10 04:05:32 UTC 2018 /home/travis/build/icyphy/ptII/ptolemy/actor/lib/test/auto/OrderedRecordDisassembler2.xml
----------------- Instantiating /home/travis/build/icyphy/ptII/ptolemy/actor/lib/test/auto/OrderedRecordDisassembler2.xml
5 ms. Memory: 930304K Free: 245217K (26%)
----------------- Invoking toplevel() on ptolemy.moml.MoMLSimpleApplication@a68f1f1
----------------- Done invoking toplevel() on ptolemy.moml.MoMLSimpleApplication@a68f1f1
reloadAllAccessors: .OrderedRecordDisassembler2
----------------- testing Thu May 10 04:05:32 UTC 2018 /home/travis/build/icyphy/ptII/ptolemy/actor/lib/test/auto/OrderedRecordUpdater.xml
----------------- Instantiating /home/travis/build/icyphy/ptII/ptolemy/actor/lib/test/auto/OrderedRecordUpdater.xml
7 ms. Memory: 930304K Free: 234185K (25%)
----------------- Invoking toplevel() on ptolemy.moml.MoMLSimpleApplication@36578d90
----------------- Done invoking toplevel() on ptolemy.moml.MoMLSimpleApplication@36578d90
reloadAllAccessors: .RecordUpdater
----------------- testing Thu May 10 04:05:32 UTC 2018 /home/travis/build/icyphy/ptII/ptolemy/actor/lib/test/auto/OrderedRecordUpdater2.xml
----------------- Instantiating /home/travis/build/icyphy/ptII/ptolemy/actor/lib/test/auto/OrderedRecordUpdater2.xml
3 ms. Memory: 930304K Free: 218782K (24%)
----------------- Invoking toplevel() on ptolemy.moml.MoMLSimpleApplication@6e749ab9
----------------- Done invoking toplevel() on ptolemy.moml.MoMLSimpleApplication@6e749ab9
reloadAllAccessors: .RecordUpdater2
----------------- testing Thu May 10 04:05:32 UTC 2018 /home/travis/build/icyphy/ptII/ptolemy/actor/lib/test/auto/PhaseUnwrap.xml
----------------- Instantiating /home/travis/build/icyphy/ptII/ptolemy/actor/lib/test/auto/PhaseUnwrap.xml
3 ms. Memory: 930304K Free: 207750K (22%)
----------------- Invoking toplevel() on ptolemy.moml.MoMLSimpleApplication@2fc7c6d3
----------------- Done invoking toplevel() on ptolemy.moml.MoMLSimpleApplication@2fc7c6d3
reloadAllAccessors: .PhaseUnwrap
----------------- testing Thu May 10 04:05:32 UTC 2018 /home/travis/build/icyphy/ptII/ptolemy/actor/lib/test/auto/PoissonClock.xml
----------------- Instantiating /home/travis/build/icyphy/ptII/ptolemy/actor/lib/test/auto/PoissonClock.xml
2 ms. Memory: 930304K Free: 192347K (21%)
----------------- Invoking toplevel() on ptolemy.moml.MoMLSimpleApplication@24203696
----------------- Done invoking toplevel() on ptolemy.moml.MoMLSimpleApplication@24203696
reloadAllAccessors: .PoissonClock
----------------- testing Thu May 10 04:05:32 UTC 2018 /home/travis/build/icyphy/ptII/ptolemy/actor/lib/test/auto/PoissonClock2.xml
----------------- Instantiating /home/travis/build/icyphy/ptII/ptolemy/actor/lib/test/auto/PoissonClock2.xml
2 ms. Memory: 930304K Free: 181315K (19%)
----------------- Invoking toplevel() on ptolemy.moml.MoMLSimpleApplication@18c246d4
----------------- Done invoking toplevel() on ptolemy.moml.MoMLSimpleApplication@18c246d4
reloadAllAccessors: .PoissonClock2
----------------- testing Thu May 10 04:05:32 UTC 2018 /home/travis/build/icyphy/ptII/ptolemy/actor/lib/test/auto/PoissonClock3.xml
----------------- Instantiating /home/travis/build/icyphy/ptII/ptolemy/actor/lib/test/auto/PoissonClock3.xml
3 ms. Memory: 930304K Free: 165913K (18%)
----------------- Invoking toplevel() on ptolemy.moml.MoMLSimpleApplication@1c0f030e
----------------- Done invoking toplevel() on ptolemy.moml.MoMLSimpleApplication@1c0f030e
reloadAllAccessors: .PoissonClock3
----------------- testing Thu May 10 04:05:32 UTC 2018 /home/travis/build/icyphy/ptII/ptolemy/actor/lib/test/auto/PubSubWithInitialTokens.xml
----------------- Instantiating /home/travis/build/icyphy/ptII/ptolemy/actor/lib/test/auto/PubSubWithInitialTokens.xml
3 ms. Memory: 930304K Free: 154881K (17%)
----------------- Invoking toplevel() on ptolemy.moml.MoMLSimpleApplication@be896f6
----------------- Done invoking toplevel() on ptolemy.moml.MoMLSimpleApplication@be896f6
reloadAllAccessors: .PubSubWithInitialTokens
----------------- testing Thu May 10 04:05:32 UTC 2018 /home/travis/build/icyphy/ptII/ptolemy/actor/lib/test/auto/PubSubWithInitialTokens2.xml
----------------- Instantiating /home/travis/build/icyphy/ptII/ptolemy/actor/lib/test/auto/PubSubWithInitialTokens2.xml
3 ms. Memory: 930304K Free: 139478K (15%)
----------------- Invoking toplevel() on ptolemy.moml.MoMLSimpleApplication@7878b266
----------------- Done invoking toplevel() on ptolemy.moml.MoMLSimpleApplication@7878b266
reloadAllAccessors: .PubSubWithInitialTokens2
----------------- testing Thu May 10 04:05:32 UTC 2018 /home/travis/build/icyphy/ptII/ptolemy/actor/lib/test/auto/PublisherClassNoParameter.xml
----------------- Instantiating /home/travis/build/icyphy/ptII/ptolemy/actor/lib/test/auto/PublisherClassNoParameter.xml
3 ms. Memory: 930304K Free: 122931K (13%)
----------------- Invoking toplevel() on ptolemy.moml.MoMLSimpleApplication@6b577b5
----------------- Done invoking toplevel() on ptolemy.moml.MoMLSimpleApplication@6b577b5
reloadAllAccessors: .PublisherClassNoParameter
----------------- testing Thu May 10 04:05:32 UTC 2018 /home/travis/build/icyphy/ptII/ptolemy/actor/lib/test/auto/PublisherClassParameter.xml
----------------- Instantiating /home/travis/build/icyphy/ptII/ptolemy/actor/lib/test/auto/PublisherClassParameter.xml
4 ms. Memory: 930304K Free: 102004K (11%)
----------------- Invoking toplevel() on ptolemy.moml.MoMLSimpleApplication@5522889e
----------------- Done invoking toplevel() on ptolemy.moml.MoMLSimpleApplication@5522889e
reloadAllAccessors: .PublisherClassParameter
----------------- testing Thu May 10 04:05:32 UTC 2018 /home/travis/build/icyphy/ptII/ptolemy/actor/lib/test/auto/PublisherNonStrictTest.xml
----------------- Instantiating /home/travis/build/icyphy/ptII/ptolemy/actor/lib/test/auto/PublisherNonStrictTest.xml
4 ms. Memory: 930304K Free: 90972K (10%)
----------------- Invoking toplevel() on ptolemy.moml.MoMLSimpleApplication@6347d805
----------------- Done invoking toplevel() on ptolemy.moml.MoMLSimpleApplication@6347d805
reloadAllAccessors: .PublisherNonStrictTest
----------------- testing Thu May 10 04:05:32 UTC 2018 /home/travis/build/icyphy/ptII/ptolemy/actor/lib/test/auto/PublisherPort1.xml
----------------- Instantiating /home/travis/build/icyphy/ptII/ptolemy/actor/lib/test/auto/PublisherPort1.xml
3 ms. Memory: 930304K Free: 75569K (8%)
----------------- Invoking toplevel() on ptolemy.moml.MoMLSimpleApplication@11078b83
----------------- Done invoking toplevel() on ptolemy.moml.MoMLSimpleApplication@11078b83
reloadAllAccessors: .PublisherPort1
----------------- testing Thu May 10 04:05:32 UTC 2018 /home/travis/build/icyphy/ptII/ptolemy/actor/lib/test/auto/PublisherPort2.xml
----------------- Instantiating /home/travis/build/icyphy/ptII/ptolemy/actor/lib/test/auto/PublisherPort2.xml
2 ms. Memory: 930304K Free: 64547K (7%)
----------------- Invoking toplevel() on ptolemy.moml.MoMLSimpleApplication@3303a22f
----------------- Done invoking toplevel() on ptolemy.moml.MoMLSimpleApplication@3303a22f
reloadAllAccessors: .PublisherPort2
----------------- testing Thu May 10 04:05:32 UTC 2018 /home/travis/build/icyphy/ptII/ptolemy/actor/lib/test/auto/PublisherPort3.xml
----------------- Instantiating /home/travis/build/icyphy/ptII/ptolemy/actor/lib/test/auto/PublisherPort3.xml
3 ms. Memory: 940544K Free: 890755K (95%)
----------------- Invoking toplevel() on ptolemy.moml.MoMLSimpleApplication@f723bed
----------------- Done invoking toplevel() on ptolemy.moml.MoMLSimpleApplication@f723bed
reloadAllAccessors: .PublisherPort3
----------------- testing Thu May 10 04:05:32 UTC 2018 /home/travis/build/icyphy/ptII/ptolemy/actor/lib/test/auto/PublisherPort4.xml
----------------- Instantiating /home/travis/build/icyphy/ptII/ptolemy/actor/lib/test/auto/PublisherPort4.xml
2 ms. Memory: 940544K Free: 875995K (93%)
----------------- Invoking toplevel() on ptolemy.moml.MoMLSimpleApplication@3a5d0377
----------------- Done invoking toplevel() on ptolemy.moml.MoMLSimpleApplication@3a5d0377
reloadAllAccessors: .PublisherPort4
----------------- testing Thu May 10 04:05:32 UTC 2018 /home/travis/build/icyphy/ptII/ptolemy/actor/lib/test/auto/PublisherPort5.xml
----------------- Instantiating /home/travis/build/icyphy/ptII/ptolemy/actor/lib/test/auto/PublisherPort5.xml
4 ms. Memory: 940544K Free: 861235K (92%)
----------------- Invoking toplevel() on ptolemy.moml.MoMLSimpleApplication@730deb60
----------------- Done invoking toplevel() on ptolemy.moml.MoMLSimpleApplication@730deb60
reloadAllAccessors: .PublisherPort5
----------------- testing Thu May 10 04:05:32 UTC 2018 /home/travis/build/icyphy/ptII/ptolemy/actor/lib/test/auto/PublisherPort5LookAlike.xml
----------------- Instantiating /home/travis/build/icyphy/ptII/ptolemy/actor/lib/test/auto/PublisherPort5LookAlike.xml
4 ms. Memory: 940544K Free: 850190K (90%)
----------------- Invoking toplevel() on ptolemy.moml.MoMLSimpleApplication@6ff44fa4
----------------- Done invoking toplevel() on ptolemy.moml.MoMLSimpleApplication@6ff44fa4
reloadAllAccessors: .PublisherPort5LookAlike
----------------- testing Thu May 10 04:05:32 UTC 2018 /home/travis/build/icyphy/ptII/ptolemy/actor/lib/test/auto/PublisherPort6.xml
----------------- Instantiating /home/travis/build/icyphy/ptII/ptolemy/actor/lib/test/auto/PublisherPort6.xml
2 ms. Memory: 940544K Free: 835430K (89%)
----------------- Invoking toplevel() on ptolemy.moml.MoMLSimpleApplication@31ff4813
----------------- Done invoking toplevel() on ptolemy.moml.MoMLSimpleApplication@31ff4813
reloadAllAccessors: .PublisherPort6
----------------- testing Thu May 10 04:05:32 UTC 2018 /home/travis/build/icyphy/ptII/ptolemy/actor/lib/test/auto/PublisherPort7.xml
----------------- Instantiating /home/travis/build/icyphy/ptII/ptolemy/actor/lib/test/auto/PublisherPort7.xml
4 ms. Memory: 940544K Free: 820670K (87%)
----------------- Invoking toplevel() on ptolemy.moml.MoMLSimpleApplication@225932b5
----------------- Done invoking toplevel() on ptolemy.moml.MoMLSimpleApplication@225932b5
reloadAllAccessors: .PublisherPort7
----------------- testing Thu May 10 04:05:32 UTC 2018 /home/travis/build/icyphy/ptII/ptolemy/actor/lib/test/auto/PublisherPort8.xml
----------------- Instantiating /home/travis/build/icyphy/ptII/ptolemy/actor/lib/test/auto/PublisherPort8.xml
5 ms. Memory: 940544K Free: 804106K (85%)
----------------- Invoking toplevel() on ptolemy.moml.MoMLSimpleApplication@7a7e6b29
----------------- Done invoking toplevel() on ptolemy.moml.MoMLSimpleApplication@7a7e6b29
reloadAllAccessors: .PublisherPort8
----------------- testing Thu May 10 04:05:32 UTC 2018 /home/travis/build/icyphy/ptII/ptolemy/actor/lib/test/auto/PublisherPortSubscriberChannelVariablesAOC2.xml
----------------- Instantiating /home/travis/build/icyphy/ptII/ptolemy/actor/lib/test/auto/PublisherPortSubscriberChannelVariablesAOC2.xml
4 ms. Memory: 940544K Free: 778314K (83%)
----------------- Invoking toplevel() on ptolemy.moml.MoMLSimpleApplication@48ceaffb
----------------- Done invoking toplevel() on ptolemy.moml.MoMLSimpleApplication@48ceaffb
reloadAllAccessors: .PublisherPortSubscriberChannelVariablesAOC2
----------------- testing Thu May 10 04:05:32 UTC 2018 /home/travis/build/icyphy/ptII/ptolemy/actor/lib/test/auto/PublisherPortSubscriberOpaqueWidthInference.xml
----------------- Instantiating /home/travis/build/icyphy/ptII/ptolemy/actor/lib/test/auto/PublisherPortSubscriberOpaqueWidthInference.xml
4 ms. Memory: 940544K Free: 763554K (81%)
----------------- Invoking toplevel() on ptolemy.moml.MoMLSimpleApplication@13343aca
----------------- Done invoking toplevel() on ptolemy.moml.MoMLSimpleApplication@13343aca
reloadAllAccessors: .PublisherPortSubscriberOpaqueWidthInference
----------------- testing Thu May 10 04:05:32 UTC 2018 /home/travis/build/icyphy/ptII/ptolemy/actor/lib/test/auto/PublisherPortSubscriberPortAdjacent.xml
----------------- Instantiating /home/travis/build/icyphy/ptII/ptolemy/actor/lib/test/auto/PublisherPortSubscriberPortAdjacent.xml
2 ms. Memory: 940544K Free: 746998K (79%)
----------------- Invoking toplevel() on ptolemy.moml.MoMLSimpleApplication@428d79c1
----------------- Done invoking toplevel() on ptolemy.moml.MoMLSimpleApplication@428d79c1
reloadAllAccessors: .PublisherPortSubscriberPortAdjacent
----------------- testing Thu May 10 04:05:32 UTC 2018 /home/travis/build/icyphy/ptII/ptolemy/actor/lib/test/auto/PublisherPortSubscriberPortExpression.xml
----------------- Instantiating /home/travis/build/icyphy/ptII/ptolemy/actor/lib/test/auto/PublisherPortSubscriberPortExpression.xml
4 ms. Memory: 940544K Free: 732238K (78%)
----------------- Invoking toplevel() on ptolemy.moml.MoMLSimpleApplication@6f568f29
----------------- Done invoking toplevel() on ptolemy.moml.MoMLSimpleApplication@6f568f29
reloadAllAccessors: .PublisherPortSubscriberPortExpression
----------------- testing Thu May 10 04:05:32 UTC 2018 /home/travis/build/icyphy/ptII/ptolemy/actor/lib/test/auto/PublisherPortSubscriberPortOpaqueD3Reverse.xml
----------------- Instantiating /home/travis/build/icyphy/ptII/ptolemy/actor/lib/test/auto/PublisherPortSubscriberPortOpaqueD3Reverse.xml
8 ms. Memory: 940544K Free: 715682K (76%)
----------------- Invoking toplevel() on ptolemy.moml.MoMLSimpleApplication@592f10b0
----------------- Done invoking toplevel() on ptolemy.moml.MoMLSimpleApplication@592f10b0
reloadAllAccessors: .PublisherPortSubscriberPortOpaqueD3Reverse
----------------- testing Thu May 10 04:05:32 UTC 2018 /home/travis/build/icyphy/ptII/ptolemy/actor/lib/test/auto/PublisherPortSubscriberPortOpaqueWidthInference.xml
----------------- Instantiating /home/travis/build/icyphy/ptII/ptolemy/actor/lib/test/auto/PublisherPortSubscriberPortOpaqueWidthInference.xml
4 ms. Memory: 940544K Free: 700922K (75%)
----------------- Invoking toplevel() on ptolemy.moml.MoMLSimpleApplication@5639d957
----------------- Done invoking toplevel() on ptolemy.moml.MoMLSimpleApplication@5639d957
reloadAllAccessors: .PublisherPortSubscriberPortOpaqueWidthInference
----------------- testing Thu May 10 04:05:33 UTC 2018 /home/travis/build/icyphy/ptII/ptolemy/actor/lib/test/auto/PublisherPortToplevelSubscriberPortAOC.xml
----------------- Instantiating /home/travis/build/icyphy/ptII/ptolemy/actor/lib/test/auto/PublisherPortToplevelSubscriberPortAOC.xml
.PublisherPortToplevelSubscriberPortAOC.TestExceptionAttribute: initialize() was not invoked, but wrapup() was.  This is unusual, but not always a problem.  For example, exporting JNLP will do this.
0 ms. Memory: 940544K Free: 686161K (73%)
----------------- Invoking toplevel() on ptolemy.moml.MoMLSimpleApplication@3bebad09
----------------- Done invoking toplevel() on ptolemy.moml.MoMLSimpleApplication@3bebad09
reloadAllAccessors: .PublisherPortToplevelSubscriberPortAOC
----------------- testing Thu May 10 04:05:33 UTC 2018 /home/travis/build/icyphy/ptII/ptolemy/actor/lib/test/auto/PublisherSubscriber.xml
----------------- Instantiating /home/travis/build/icyphy/ptII/ptolemy/actor/lib/test/auto/PublisherSubscriber.xml
4 ms. Memory: 940544K Free: 675130K (72%)
----------------- Invoking toplevel() on ptolemy.moml.MoMLSimpleApplication@44f37587
----------------- Done invoking toplevel() on ptolemy.moml.MoMLSimpleApplication@44f37587
reloadAllAccessors: .PublisherSubscriber
----------------- testing Thu May 10 04:05:33 UTC 2018 /home/travis/build/icyphy/ptII/ptolemy/actor/lib/test/auto/PublisherSubscriber10.xml
----------------- Instantiating /home/travis/build/icyphy/ptII/ptolemy/actor/lib/test/auto/PublisherSubscriber10.xml
7 ms. Memory: 940544K Free: 654837K (70%)
----------------- Invoking toplevel() on ptolemy.moml.MoMLSimpleApplication@2f91a9d7
----------------- Done invoking toplevel() on ptolemy.moml.MoMLSimpleApplication@2f91a9d7
reloadAllAccessors: .PublisherSubscriber10
----------------- testing Thu May 10 04:05:33 UTC 2018 /home/travis/build/icyphy/ptII/ptolemy/actor/lib/test/auto/PublisherSubscriber10InitialOutputs.xml
----------------- Instantiating /home/travis/build/icyphy/ptII/ptolemy/actor/lib/test/auto/PublisherSubscriber10InitialOutputs.xml
5 ms. Memory: 940544K Free: 634545K (67%)
----------------- Invoking toplevel() on ptolemy.moml.MoMLSimpleApplication@7c980e8d
----------------- Done invoking toplevel() on ptolemy.moml.MoMLSimpleApplication@7c980e8d
reloadAllAccessors: .PublisherSubscriber10InitialOutputs
----------------- testing Thu May 10 04:05:33 UTC 2018 /home/travis/build/icyphy/ptII/ptolemy/actor/lib/test/auto/PublisherSubscriber11.xml
----------------- Instantiating /home/travis/build/icyphy/ptII/ptolemy/actor/lib/test/auto/PublisherSubscriber11.xml
4 ms. Memory: 940544K Free: 623513K (66%)
----------------- Invoking toplevel() on ptolemy.moml.MoMLSimpleApplication@31eebea5
----------------- Done invoking toplevel() on ptolemy.moml.MoMLSimpleApplication@31eebea5
reloadAllAccessors: .PublisherSubscriber11
----------------- testing Thu May 10 04:05:33 UTC 2018 /home/travis/build/icyphy/ptII/ptolemy/actor/lib/test/auto/PublisherSubscriber12.xml
----------------- Instantiating /home/travis/build/icyphy/ptII/ptolemy/actor/lib/test/auto/PublisherSubscriber12.xml
7 ms. Memory: 940544K Free: 608753K (65%)
----------------- Invoking toplevel() on ptolemy.moml.MoMLSimpleApplication@5caaa51d
----------------- Done invoking toplevel() on ptolemy.moml.MoMLSimpleApplication@5caaa51d
reloadAllAccessors: .PublisherSubscriber12
----------------- testing Thu May 10 04:05:33 UTC 2018 /home/travis/build/icyphy/ptII/ptolemy/actor/lib/test/auto/PublisherSubscriber13.xml
----------------- Instantiating /home/travis/build/icyphy/ptII/ptolemy/actor/lib/test/auto/PublisherSubscriber13.xml
2 ms. Memory: 940544K Free: 593993K (63%)
----------------- Invoking toplevel() on ptolemy.moml.MoMLSimpleApplication@c3f2d13
----------------- Done invoking toplevel() on ptolemy.moml.MoMLSimpleApplication@c3f2d13
reloadAllAccessors: .PublisherSubscriber13
----------------- testing Thu May 10 04:05:33 UTC 2018 /home/travis/build/icyphy/ptII/ptolemy/actor/lib/test/auto/PublisherSubscriber14.xml
----------------- Instantiating /home/travis/build/icyphy/ptII/ptolemy/actor/lib/test/auto/PublisherSubscriber14.xml
3 ms. Memory: 940544K Free: 577429K (61%)
----------------- Invoking toplevel() on ptolemy.moml.MoMLSimpleApplication@32dbded1
----------------- Done invoking toplevel() on ptolemy.moml.MoMLSimpleApplication@32dbded1
reloadAllAccessors: .PublisherSubscriber14
----------------- testing Thu May 10 04:05:33 UTC 2018 /home/travis/build/icyphy/ptII/ptolemy/actor/lib/test/auto/PublisherSubscriber2.xml
----------------- Instantiating /home/travis/build/icyphy/ptII/ptolemy/actor/lib/test/auto/PublisherSubscriber2.xml
3 ms. Memory: 940544K Free: 562669K (60%)
----------------- Invoking toplevel() on ptolemy.moml.MoMLSimpleApplication@40dda985
----------------- Done invoking toplevel() on ptolemy.moml.MoMLSimpleApplication@40dda985
reloadAllAccessors: .PublisherSubscriber2
----------------- testing Thu May 10 04:05:33 UTC 2018 /home/travis/build/icyphy/ptII/ptolemy/actor/lib/test/auto/PublisherSubscriber3.xml
----------------- Instantiating /home/travis/build/icyphy/ptII/ptolemy/actor/lib/test/auto/PublisherSubscriber3.xml
2 ms. Memory: 940544K Free: 551637K (59%)
----------------- Invoking toplevel() on ptolemy.moml.MoMLSimpleApplication@1dca7ece
----------------- Done invoking toplevel() on ptolemy.moml.MoMLSimpleApplication@1dca7ece
reloadAllAccessors: .PublisherSubscriber3
----------------- testing Thu May 10 04:05:33 UTC 2018 /home/travis/build/icyphy/ptII/ptolemy/actor/lib/test/auto/PublisherSubscriber4.xml
----------------- Instantiating /home/travis/build/icyphy/ptII/ptolemy/actor/lib/test/auto/PublisherSubscriber4.xml
2 ms. Memory: 940544K Free: 536877K (57%)
----------------- Invoking toplevel() on ptolemy.moml.MoMLSimpleApplication@587461e8
----------------- Done invoking toplevel() on ptolemy.moml.MoMLSimpleApplication@587461e8
reloadAllAccessors: .PublisherSubscriber4
----------------- testing Thu May 10 04:05:33 UTC 2018 /home/travis/build/icyphy/ptII/ptolemy/actor/lib/test/auto/PublisherSubscriber5.xml
----------------- Instantiating /home/travis/build/icyphy/ptII/ptolemy/actor/lib/test/auto/PublisherSubscriber5.xml
3 ms. Memory: 940544K Free: 522117K (56%)
----------------- Invoking toplevel() on ptolemy.moml.MoMLSimpleApplication@35c18d6e
----------------- Done invoking toplevel() on ptolemy.moml.MoMLSimpleApplication@35c18d6e
reloadAllAccessors: .PublisherSubscriber5
----------------- testing Thu May 10 04:05:33 UTC 2018 /home/travis/build/icyphy/ptII/ptolemy/actor/lib/test/auto/PublisherSubscriber6.xml
----------------- Instantiating /home/travis/build/icyphy/ptII/ptolemy/actor/lib/test/auto/PublisherSubscriber6.xml
2 ms. Memory: 940544K Free: 511085K (54%)
----------------- Invoking toplevel() on ptolemy.moml.MoMLSimpleApplication@67b6af29
----------------- Done invoking toplevel() on ptolemy.moml.MoMLSimpleApplication@67b6af29
reloadAllAccessors: .PublisherSubscriber6
----------------- testing Thu May 10 04:05:33 UTC 2018 /home/travis/build/icyphy/ptII/ptolemy/actor/lib/test/auto/PublisherSubscriber7.xml
----------------- Instantiating /home/travis/build/icyphy/ptII/ptolemy/actor/lib/test/auto/PublisherSubscriber7.xml
3 ms. Memory: 940544K Free: 496325K (53%)
----------------- Invoking toplevel() on ptolemy.moml.MoMLSimpleApplication@2b854561
----------------- Done invoking toplevel() on ptolemy.moml.MoMLSimpleApplication@2b854561
reloadAllAccessors: .PublisherSubscriber7
----------------- testing Thu May 10 04:05:33 UTC 2018 /home/travis/build/icyphy/ptII/ptolemy/actor/lib/test/auto/PublisherSubscriber8.xml
----------------- Instantiating /home/travis/build/icyphy/ptII/ptolemy/actor/lib/test/auto/PublisherSubscriber8.xml
19 ms. Memory: 940544K Free: 426405K (45%)
----------------- Invoking toplevel() on ptolemy.moml.MoMLSimpleApplication@23d315e4
----------------- Done invoking toplevel() on ptolemy.moml.MoMLSimpleApplication@23d315e4
reloadAllAccessors: .PublisherSubscriber8
----------------- testing Thu May 10 04:05:33 UTC 2018 /home/travis/build/icyphy/ptII/ptolemy/actor/lib/test/auto/PublisherSubscriber9.xml
----------------- Instantiating /home/travis/build/icyphy/ptII/ptolemy/actor/lib/test/auto/PublisherSubscriber9.xml
4 ms. Memory: 940544K Free: 415373K (44%)
----------------- Invoking toplevel() on ptolemy.moml.MoMLSimpleApplication@1c1f4d05
----------------- Done invoking toplevel() on ptolemy.moml.MoMLSimpleApplication@1c1f4d05
reloadAllAccessors: .PublisherSubscriber9
----------------- testing Thu May 10 04:05:33 UTC 2018 /home/travis/build/icyphy/ptII/ptolemy/actor/lib/test/auto/PublisherSubscriberAdjacent.xml
----------------- Instantiating /home/travis/build/icyphy/ptII/ptolemy/actor/lib/test/auto/PublisherSubscriberAdjacent.xml
2 ms. Memory: 940544K Free: 395081K (42%)
----------------- Invoking toplevel() on ptolemy.moml.MoMLSimpleApplication@33a44bd7
----------------- Done invoking toplevel() on ptolemy.moml.MoMLSimpleApplication@33a44bd7
reloadAllAccessors: .PublisherSubscriberAdjacent
----------------- testing Thu May 10 04:05:33 UTC 2018 /home/travis/build/icyphy/ptII/ptolemy/actor/lib/test/auto/PublisherSubscriberChannelVariablesAOC2.xml
----------------- Instantiating /home/travis/build/icyphy/ptII/ptolemy/actor/lib/test/auto/PublisherSubscriberChannelVariablesAOC2.xml
3 ms. Memory: 940544K Free: 369273K (39%)
----------------- Invoking toplevel() on ptolemy.moml.MoMLSimpleApplication@61873a1f
----------------- Done invoking toplevel() on ptolemy.moml.MoMLSimpleApplication@61873a1f
reloadAllAccessors: .PublisherSubscriberChannelVariablesAOC2
----------------- testing Thu May 10 04:05:33 UTC 2018 /home/travis/build/icyphy/ptII/ptolemy/actor/lib/test/auto/PublisherSubscriberD3.xml
----------------- Instantiating /home/travis/build/icyphy/ptII/ptolemy/actor/lib/test/auto/PublisherSubscriberD3.xml
2 ms. Memory: 940544K Free: 358241K (38%)
----------------- Invoking toplevel() on ptolemy.moml.MoMLSimpleApplication@65ceaaec
----------------- Done invoking toplevel() on ptolemy.moml.MoMLSimpleApplication@65ceaaec
reloadAllAccessors: .PublisherSubscriberD3
----------------- testing Thu May 10 04:05:33 UTC 2018 /home/travis/build/icyphy/ptII/ptolemy/actor/lib/test/auto/PublisherSubscriberD3Reverse.xml
----------------- Instantiating /home/travis/build/icyphy/ptII/ptolemy/actor/lib/test/auto/PublisherSubscriberD3Reverse.xml
2 ms. Memory: 940544K Free: 343480K (37%)
----------------- Invoking toplevel() on ptolemy.moml.MoMLSimpleApplication@198b82ef
----------------- Done invoking toplevel() on ptolemy.moml.MoMLSimpleApplication@198b82ef
reloadAllAccessors: .PublisherSubscriberD3Reverse
----------------- testing Thu May 10 04:05:33 UTC 2018 /home/travis/build/icyphy/ptII/ptolemy/actor/lib/test/auto/PublisherSubscriberExpression.xml
----------------- Instantiating /home/travis/build/icyphy/ptII/ptolemy/actor/lib/test/auto/PublisherSubscriberExpression.xml
5 ms. Memory: 940544K Free: 326917K (35%)
----------------- Invoking toplevel() on ptolemy.moml.MoMLSimpleApplication@148c44db
----------------- Done invoking toplevel() on ptolemy.moml.MoMLSimpleApplication@148c44db
reloadAllAccessors: .PublisherSubscriberExpression
----------------- testing Thu May 10 04:05:33 UTC 2018 /home/travis/build/icyphy/ptII/ptolemy/actor/lib/test/auto/PublisherSubscriberOpaque.xml
----------------- Instantiating /home/travis/build/icyphy/ptII/ptolemy/actor/lib/test/auto/PublisherSubscriberOpaque.xml
5 ms. Memory: 940544K Free: 312156K (33%)
----------------- Invoking toplevel() on ptolemy.moml.MoMLSimpleApplication@515e7cb5
----------------- Done invoking toplevel() on ptolemy.moml.MoMLSimpleApplication@515e7cb5
reloadAllAccessors: .PublisherSubscriberOpaque
----------------- testing Thu May 10 04:05:33 UTC 2018 /home/travis/build/icyphy/ptII/ptolemy/actor/lib/test/auto/PublisherSubscriberOpaqueD3.xml
----------------- Instantiating /home/travis/build/icyphy/ptII/ptolemy/actor/lib/test/auto/PublisherSubscriberOpaqueD3.xml
7 ms. Memory: 940544K Free: 291864K (31%)
----------------- Invoking toplevel() on ptolemy.moml.MoMLSimpleApplication@35943034
----------------- Done invoking toplevel() on ptolemy.moml.MoMLSimpleApplication@35943034
reloadAllAccessors: .PublisherSubscriberOpaqueD3
----------------- testing Thu May 10 04:05:33 UTC 2018 /home/travis/build/icyphy/ptII/ptolemy/actor/lib/test/auto/PublisherSubscriberOpaqueD3Reverse.xml
----------------- Instantiating /home/travis/build/icyphy/ptII/ptolemy/actor/lib/test/auto/PublisherSubscriberOpaqueD3Reverse.xml
9 ms. Memory: 940544K Free: 275300K (29%)
----------------- Invoking toplevel() on ptolemy.moml.MoMLSimpleApplication@70ceb6b1
----------------- Done invoking toplevel() on ptolemy.moml.MoMLSimpleApplication@70ceb6b1
reloadAllAccessors: .PublisherSubscriberOpaqueD3Reverse
----------------- testing Thu May 10 04:05:33 UTC 2018 /home/travis/build/icyphy/ptII/ptolemy/actor/lib/test/auto/PublisherSubscriberOpaqueWidthInference.xml
----------------- Instantiating /home/travis/build/icyphy/ptII/ptolemy/actor/lib/test/auto/PublisherSubscriberOpaqueWidthInference.xml
4 ms. Memory: 940544K Free: 255008K (27%)
----------------- Invoking toplevel() on ptolemy.moml.MoMLSimpleApplication@42ca589c
----------------- Done invoking toplevel() on ptolemy.moml.MoMLSimpleApplication@42ca589c
reloadAllAccessors: .PublisherSubscriberOpaqueWidthInference
----------------- testing Thu May 10 04:05:33 UTC 2018 /home/travis/build/icyphy/ptII/ptolemy/actor/lib/test/auto/PublisherTestSubscriber.xml
----------------- Instantiating /home/travis/build/icyphy/ptII/ptolemy/actor/lib/test/auto/PublisherTestSubscriber.xml
4 ms. Memory: 940544K Free: 240248K (26%)
----------------- Invoking toplevel() on ptolemy.moml.MoMLSimpleApplication@7bbbdb76
----------------- Done invoking toplevel() on ptolemy.moml.MoMLSimpleApplication@7bbbdb76
reloadAllAccessors: .PublisherTestSubscriber
----------------- testing Thu May 10 04:05:33 UTC 2018 /home/travis/build/icyphy/ptII/ptolemy/actor/lib/test/auto/PublisherToplevelSubscriberPortAOC.xml
----------------- Instantiating /home/travis/build/icyphy/ptII/ptolemy/actor/lib/test/auto/PublisherToplevelSubscriberPortAOC.xml
2 ms. Memory: 940544K Free: 229216K (24%)
----------------- Invoking toplevel() on ptolemy.moml.MoMLSimpleApplication@40025ade
----------------- Done invoking toplevel() on ptolemy.moml.MoMLSimpleApplication@40025ade
reloadAllAccessors: .PublisherToplevelSubscriberPortAOC
----------------- testing Thu May 10 04:05:33 UTC 2018 /home/travis/build/icyphy/ptII/ptolemy/actor/lib/test/auto/PulseFiringLimitDE.xml
----------------- Instantiating /home/travis/build/icyphy/ptII/ptolemy/actor/lib/test/auto/PulseFiringLimitDE.xml
3 ms. Memory: 940544K Free: 214456K (23%)
----------------- Invoking toplevel() on ptolemy.moml.MoMLSimpleApplication@2da4e9d1
----------------- Done invoking toplevel() on ptolemy.moml.MoMLSimpleApplication@2da4e9d1
reloadAllAccessors: .PulseFiringLimitDE
----------------- testing Thu May 10 04:05:33 UTC 2018 /home/travis/build/icyphy/ptII/ptolemy/actor/lib/test/auto/Ramp1.xml
----------------- Instantiating /home/travis/build/icyphy/ptII/ptolemy/actor/lib/test/auto/Ramp1.xml
2 ms. Memory: 940544K Free: 199696K (21%)
----------------- Invoking toplevel() on ptolemy.moml.MoMLSimpleApplication@21a23db6
----------------- Done invoking toplevel() on ptolemy.moml.MoMLSimpleApplication@21a23db6
reloadAllAccessors: .Ramp1
----------------- testing Thu May 10 04:05:33 UTC 2018 /home/travis/build/icyphy/ptII/ptolemy/actor/lib/test/auto/RampFiringLimitDE.xml
----------------- Instantiating /home/travis/build/icyphy/ptII/ptolemy/actor/lib/test/auto/RampFiringLimitDE.xml
4 ms. Memory: 940544K Free: 188664K (20%)
----------------- Invoking toplevel() on ptolemy.moml.MoMLSimpleApplication@732d19c5
----------------- Done invoking toplevel() on ptolemy.moml.MoMLSimpleApplication@732d19c5
reloadAllAccessors: .RampFiringLimitDE
----------------- testing Thu May 10 04:05:33 UTC 2018 /home/travis/build/icyphy/ptII/ptolemy/actor/lib/test/auto/RampFiringLimitSDF.xml
----------------- Instantiating /home/travis/build/icyphy/ptII/ptolemy/actor/lib/test/auto/RampFiringLimitSDF.xml
2 ms. Memory: 940544K Free: 173904K (18%)
----------------- Invoking toplevel() on ptolemy.moml.MoMLSimpleApplication@7e048856
----------------- Done invoking toplevel() on ptolemy.moml.MoMLSimpleApplication@7e048856
reloadAllAccessors: .RampFiringLimitSDF
----------------- testing Thu May 10 04:05:33 UTC 2018 /home/travis/build/icyphy/ptII/ptolemy/actor/lib/test/auto/RandomInteger.xml
----------------- Instantiating /home/travis/build/icyphy/ptII/ptolemy/actor/lib/test/auto/RandomInteger.xml
2 ms. Memory: 940544K Free: 159144K (17%)
----------------- Invoking toplevel() on ptolemy.moml.MoMLSimpleApplication@155a2b2e
----------------- Done invoking toplevel() on ptolemy.moml.MoMLSimpleApplication@155a2b2e
reloadAllAccessors: .RandomInteger
----------------- testing Thu May 10 04:05:33 UTC 2018 /home/travis/build/icyphy/ptII/ptolemy/actor/lib/test/auto/ReadFile1.xml
----------------- Instantiating /home/travis/build/icyphy/ptII/ptolemy/actor/lib/test/auto/ReadFile1.xml
2 ms. Memory: 940544K Free: 148112K (16%)
----------------- Invoking toplevel() on ptolemy.moml.MoMLSimpleApplication@11982078
----------------- Done invoking toplevel() on ptolemy.moml.MoMLSimpleApplication@11982078
reloadAllAccessors: .ReadFile1
----------------- testing Thu May 10 04:05:33 UTC 2018 /home/travis/build/icyphy/ptII/ptolemy/actor/lib/test/auto/ReadFile2.xml
----------------- Instantiating /home/travis/build/icyphy/ptII/ptolemy/actor/lib/test/auto/ReadFile2.xml
1 ms. Memory: 940544K Free: 133352K (14%)
----------------- Invoking toplevel() on ptolemy.moml.MoMLSimpleApplication@4d335f86
----------------- Done invoking toplevel() on ptolemy.moml.MoMLSimpleApplication@4d335f86
reloadAllAccessors: .ReadFile2
----------------- testing Thu May 10 04:05:33 UTC 2018 /home/travis/build/icyphy/ptII/ptolemy/actor/lib/test/auto/Reader.xml
----------------- Instantiating /home/travis/build/icyphy/ptII/ptolemy/actor/lib/test/auto/Reader.xml
actor.lib.Reader is obsolete, use actor.lib.io.ExpressionReader instead
2 ms. Memory: 940544K Free: 122320K (13%)
----------------- Invoking toplevel() on ptolemy.moml.MoMLSimpleApplication@29c81893
----------------- Done invoking toplevel() on ptolemy.moml.MoMLSimpleApplication@29c81893
reloadAllAccessors: .Reader
----------------- testing Thu May 10 04:05:33 UTC 2018 /home/travis/build/icyphy/ptII/ptolemy/actor/lib/test/auto/RecordAssemblerDisplayNameTest.xml
----------------- Instantiating /home/travis/build/icyphy/ptII/ptolemy/actor/lib/test/auto/RecordAssemblerDisplayNameTest.xml
4919 ms. Memory: 988160K Free: 630252K (64%)
----------------- Invoking toplevel() on ptolemy.moml.MoMLSimpleApplication@38518ea2
----------------- Done invoking toplevel() on ptolemy.moml.MoMLSimpleApplication@38518ea2
reloadAllAccessors: .RecordAssemblerDisplayNameTest
----------------- testing Thu May 10 04:05:38 UTC 2018 /home/travis/build/icyphy/ptII/ptolemy/actor/lib/test/auto/RecordAssemblerTypeError.xml
----------------- Instantiating /home/travis/build/icyphy/ptII/ptolemy/actor/lib/test/auto/RecordAssemblerTypeError.xml
15 ms. Memory: 988160K Free: 606390K (61%)
----------------- Invoking toplevel() on ptolemy.moml.MoMLSimpleApplication@59963a0e
----------------- Done invoking toplevel() on ptolemy.moml.MoMLSimpleApplication@59963a0e
reloadAllAccessors: .RecordAssemblerTypeError
----------------- testing Thu May 10 04:05:38 UTC 2018 /home/travis/build/icyphy/ptII/ptolemy/actor/lib/test/auto/RecordDisassember.xml
----------------- Instantiating /home/travis/build/icyphy/ptII/ptolemy/actor/lib/test/auto/RecordDisassember.xml
7 ms. Memory: 988160K Free: 591297K (60%)
----------------- Invoking toplevel() on ptolemy.moml.MoMLSimpleApplication@e084a5d
----------------- Done invoking toplevel() on ptolemy.moml.MoMLSimpleApplication@e084a5d
reloadAllAccessors: .RecordDisassember
----------------- testing Thu May 10 04:05:38 UTC 2018 /home/travis/build/icyphy/ptII/ptolemy/actor/lib/test/auto/RecordDisassemberDisplayNameTest.xml
----------------- Instantiating /home/travis/build/icyphy/ptII/ptolemy/actor/lib/test/auto/RecordDisassemberDisplayNameTest.xml
7 ms. Memory: 988160K Free: 576204K (58%)
----------------- Invoking toplevel() on ptolemy.moml.MoMLSimpleApplication@75713e91
----------------- Done invoking toplevel() on ptolemy.moml.MoMLSimpleApplication@75713e91
reloadAllAccessors: .RecordDisassemberDisplayNameTest
----------------- testing Thu May 10 04:05:38 UTC 2018 /home/travis/build/icyphy/ptII/ptolemy/actor/lib/test/auto/RecordDisassembler.xml
----------------- Instantiating /home/travis/build/icyphy/ptII/ptolemy/actor/lib/test/auto/RecordDisassembler.xml
3 ms. Memory: 988160K Free: 564524K (57%)
----------------- Invoking toplevel() on ptolemy.moml.MoMLSimpleApplication@58c1ff88
----------------- Done invoking toplevel() on ptolemy.moml.MoMLSimpleApplication@58c1ff88
reloadAllAccessors: .RecordDisassembler
----------------- testing Thu May 10 04:05:38 UTC 2018 /home/travis/build/icyphy/ptII/ptolemy/actor/lib/test/auto/RecordDisassembler2.xml
----------------- Instantiating /home/travis/build/icyphy/ptII/ptolemy/actor/lib/test/auto/RecordDisassembler2.xml
3 ms. Memory: 988160K Free: 549430K (56%)
----------------- Invoking toplevel() on ptolemy.moml.MoMLSimpleApplication@7eb0c69b
----------------- Done invoking toplevel() on ptolemy.moml.MoMLSimpleApplication@7eb0c69b
reloadAllAccessors: .RecordDisassembler2
----------------- testing Thu May 10 04:05:38 UTC 2018 /home/travis/build/icyphy/ptII/ptolemy/actor/lib/test/auto/RecordUpdater.xml
----------------- Instantiating /home/travis/build/icyphy/ptII/ptolemy/actor/lib/test/auto/RecordUpdater.xml
2 ms. Memory: 988160K Free: 534337K (54%)
----------------- Invoking toplevel() on ptolemy.moml.MoMLSimpleApplication@27e4166
----------------- Done invoking toplevel() on ptolemy.moml.MoMLSimpleApplication@27e4166
reloadAllAccessors: .RecordUpdater
----------------- testing Thu May 10 04:05:39 UTC 2018 /home/travis/build/icyphy/ptII/ptolemy/actor/lib/test/auto/RecordUpdater2.xml
----------------- Instantiating /home/travis/build/icyphy/ptII/ptolemy/actor/lib/test/auto/RecordUpdater2.xml
2 ms. Memory: 988160K Free: 522657K (53%)
----------------- Invoking toplevel() on ptolemy.moml.MoMLSimpleApplication@53ac7dc1
----------------- Done invoking toplevel() on ptolemy.moml.MoMLSimpleApplication@53ac7dc1
reloadAllAccessors: .RecordUpdater2
----------------- testing Thu May 10 04:05:39 UTC 2018 /home/travis/build/icyphy/ptII/ptolemy/actor/lib/test/auto/RecursiveLattice.xml
----------------- Instantiating /home/travis/build/icyphy/ptII/ptolemy/actor/lib/test/auto/RecursiveLattice.xml
1 ms. Memory: 988160K Free: 507564K (51%)
----------------- Invoking toplevel() on ptolemy.moml.MoMLSimpleApplication@6f096579
----------------- Done invoking toplevel() on ptolemy.moml.MoMLSimpleApplication@6f096579
reloadAllAccessors: .RecursiveLattice
----------------- testing Thu May 10 04:05:39 UTC 2018 /home/travis/build/icyphy/ptII/ptolemy/actor/lib/test/auto/Router.xml
----------------- Instantiating /home/travis/build/icyphy/ptII/ptolemy/actor/lib/test/auto/Router.xml
3005 ms. Memory: 988160K Free: 486630K (49%)
----------------- Invoking toplevel() on ptolemy.moml.MoMLSimpleApplication@2fb9e5ca
----------------- Done invoking toplevel() on ptolemy.moml.MoMLSimpleApplication@2fb9e5ca
reloadAllAccessors: .Router
----------------- testing Thu May 10 04:05:42 UTC 2018 /home/travis/build/icyphy/ptII/ptolemy/actor/lib/test/auto/Router2.xml
----------------- Instantiating /home/travis/build/icyphy/ptII/ptolemy/actor/lib/test/auto/Router2.xml
3003 ms. Memory: 988160K Free: 465697K (47%)
----------------- Invoking toplevel() on ptolemy.moml.MoMLSimpleApplication@4593a8e0
----------------- Done invoking toplevel() on ptolemy.moml.MoMLSimpleApplication@4593a8e0
reloadAllAccessors: .Router2
----------------- testing Thu May 10 04:05:45 UTC 2018 /home/travis/build/icyphy/ptII/ptolemy/actor/lib/test/auto/RunningMaximum.xml
----------------- Instantiating /home/travis/build/icyphy/ptII/ptolemy/actor/lib/test/auto/RunningMaximum.xml
2 ms. Memory: 988160K Free: 454016K (46%)
----------------- Invoking toplevel() on ptolemy.moml.MoMLSimpleApplication@7acc5af3
----------------- Done invoking toplevel() on ptolemy.moml.MoMLSimpleApplication@7acc5af3
reloadAllAccessors: .RunningMaximum
----------------- testing Thu May 10 04:05:45 UTC 2018 /home/travis/build/icyphy/ptII/ptolemy/actor/lib/test/auto/RunningMinimum.xml
----------------- Instantiating /home/travis/build/icyphy/ptII/ptolemy/actor/lib/test/auto/RunningMinimum.xml
2 ms. Memory: 988160K Free: 438923K (44%)
----------------- Invoking toplevel() on ptolemy.moml.MoMLSimpleApplication@33e2c121
----------------- Done invoking toplevel() on ptolemy.moml.MoMLSimpleApplication@33e2c121
reloadAllAccessors: .RunningMinimum
----------------- testing Thu May 10 04:05:45 UTC 2018 /home/travis/build/icyphy/ptII/ptolemy/actor/lib/test/auto/Scale.xml
----------------- Instantiating /home/travis/build/icyphy/ptII/ptolemy/actor/lib/test/auto/Scale.xml
1 ms. Memory: 988160K Free: 423830K (43%)
----------------- Invoking toplevel() on ptolemy.moml.MoMLSimpleApplication@74fe52e5
----------------- Done invoking toplevel() on ptolemy.moml.MoMLSimpleApplication@74fe52e5
reloadAllAccessors: .Scale
----------------- testing Thu May 10 04:05:45 UTC 2018 /home/travis/build/icyphy/ptII/ptolemy/actor/lib/test/auto/Scale2.xml
----------------- Instantiating /home/travis/build/icyphy/ptII/ptolemy/actor/lib/test/auto/Scale2.xml
1 ms. Memory: 988160K Free: 412149K (42%)
----------------- Invoking toplevel() on ptolemy.moml.MoMLSimpleApplication@506a55d9
----------------- Done invoking toplevel() on ptolemy.moml.MoMLSimpleApplication@506a55d9
reloadAllAccessors: .Scale2
----------------- testing Thu May 10 04:05:45 UTC 2018 /home/travis/build/icyphy/ptII/ptolemy/actor/lib/test/auto/Scale3.xml
----------------- Instantiating /home/travis/build/icyphy/ptII/ptolemy/actor/lib/test/auto/Scale3.xml
3 ms. Memory: 988160K Free: 397056K (40%)
----------------- Invoking toplevel() on ptolemy.moml.MoMLSimpleApplication@66ba28ee
----------------- Done invoking toplevel() on ptolemy.moml.MoMLSimpleApplication@66ba28ee
reloadAllAccessors: .Scale3
----------------- testing Thu May 10 04:05:45 UTC 2018 /home/travis/build/icyphy/ptII/ptolemy/actor/lib/test/auto/ScaleArray.xml
----------------- Instantiating /home/travis/build/icyphy/ptII/ptolemy/actor/lib/test/auto/ScaleArray.xml
2 ms. Memory: 988160K Free: 381963K (39%)
----------------- Invoking toplevel() on ptolemy.moml.MoMLSimpleApplication@19cfe481
----------------- Done invoking toplevel() on ptolemy.moml.MoMLSimpleApplication@19cfe481
reloadAllAccessors: .ScaleArray
----------------- testing Thu May 10 04:05:45 UTC 2018 /home/travis/build/icyphy/ptII/ptolemy/actor/lib/test/auto/ScaleArray2.xml
----------------- Instantiating /home/travis/build/icyphy/ptII/ptolemy/actor/lib/test/auto/ScaleArray2.xml
2 ms. Memory: 988160K Free: 366870K (37%)
----------------- Invoking toplevel() on ptolemy.moml.MoMLSimpleApplication@3a74f8d1
----------------- Done invoking toplevel() on ptolemy.moml.MoMLSimpleApplication@3a74f8d1
reloadAllAccessors: .ScaleArray2
----------------- testing Thu May 10 04:05:45 UTC 2018 /home/travis/build/icyphy/ptII/ptolemy/actor/lib/test/auto/ScaleMatrix.xml
----------------- Instantiating /home/travis/build/icyphy/ptII/ptolemy/actor/lib/test/auto/ScaleMatrix.xml
210 ms. Memory: 988160K Free: 349349K (35%)
----------------- Invoking toplevel() on ptolemy.moml.MoMLSimpleApplication@7443a190
----------------- Done invoking toplevel() on ptolemy.moml.MoMLSimpleApplication@7443a190
reloadAllAccessors: .ScaleMatrix
----------------- testing Thu May 10 04:05:45 UTC 2018 /home/travis/build/icyphy/ptII/ptolemy/actor/lib/test/auto/Select.xml
----------------- Instantiating /home/travis/build/icyphy/ptII/ptolemy/actor/lib/test/auto/Select.xml
3 ms. Memory: 988160K Free: 334256K (34%)
----------------- Invoking toplevel() on ptolemy.moml.MoMLSimpleApplication@387de60b
----------------- Done invoking toplevel() on ptolemy.moml.MoMLSimpleApplication@387de60b
reloadAllAccessors: .Select
----------------- testing Thu May 10 04:05:45 UTC 2018 /home/travis/build/icyphy/ptII/ptolemy/actor/lib/test/auto/Select2.xml
----------------- Instantiating /home/travis/build/icyphy/ptII/ptolemy/actor/lib/test/auto/Select2.xml
1 ms. Memory: 988160K Free: 319163K (32%)
----------------- Invoking toplevel() on ptolemy.moml.MoMLSimpleApplication@5b7c6b82
----------------- Done invoking toplevel() on ptolemy.moml.MoMLSimpleApplication@5b7c6b82
reloadAllAccessors: .Select2
----------------- testing Thu May 10 04:05:45 UTC 2018 /home/travis/build/icyphy/ptII/ptolemy/actor/lib/test/auto/SequenceToArray2.xml
----------------- Instantiating /home/travis/build/icyphy/ptII/ptolemy/actor/lib/test/auto/SequenceToArray2.xml
88 ms. Memory: 988160K Free: 243232K (25%)
----------------- Invoking toplevel() on ptolemy.moml.MoMLSimpleApplication@4aff49da
----------------- Done invoking toplevel() on ptolemy.moml.MoMLSimpleApplication@4aff49da
reloadAllAccessors: .SequenceToArray2
----------------- testing Thu May 10 04:05:45 UTC 2018 /home/travis/build/icyphy/ptII/ptolemy/actor/lib/test/auto/SequentialClock.xml
----------------- Instantiating /home/travis/build/icyphy/ptII/ptolemy/actor/lib/test/auto/SequentialClock.xml
2 ms. Memory: 988160K Free: 228139K (23%)
----------------- Invoking toplevel() on ptolemy.moml.MoMLSimpleApplication@60dc8f4f
----------------- Done invoking toplevel() on ptolemy.moml.MoMLSimpleApplication@60dc8f4f
reloadAllAccessors: .SequentialClock
----------------- testing Thu May 10 04:05:45 UTC 2018 /home/travis/build/icyphy/ptII/ptolemy/actor/lib/test/auto/SetVariable.xml
----------------- Instantiating /home/travis/build/icyphy/ptII/ptolemy/actor/lib/test/auto/SetVariable.xml
3 ms. Memory: 988160K Free: 213045K (22%)
----------------- Invoking toplevel() on ptolemy.moml.MoMLSimpleApplication@881bd62
----------------- Done invoking toplevel() on ptolemy.moml.MoMLSimpleApplication@881bd62
reloadAllAccessors: .SetVariable
----------------- testing Thu May 10 04:05:45 UTC 2018 /home/travis/build/icyphy/ptII/ptolemy/actor/lib/test/auto/SetVariable2.xml
----------------- Instantiating /home/travis/build/icyphy/ptII/ptolemy/actor/lib/test/auto/SetVariable2.xml
2 ms. Memory: 988160K Free: 197952K (20%)
----------------- Invoking toplevel() on ptolemy.moml.MoMLSimpleApplication@41bc5d3e
----------------- Done invoking toplevel() on ptolemy.moml.MoMLSimpleApplication@41bc5d3e
reloadAllAccessors: .SetVariable2
----------------- testing Thu May 10 04:05:45 UTC 2018 /home/travis/build/icyphy/ptII/ptolemy/actor/lib/test/auto/SetVariable3.xml
----------------- Instantiating /home/travis/build/icyphy/ptII/ptolemy/actor/lib/test/auto/SetVariable3.xml
7 ms. Memory: 988160K Free: 186272K (19%)
----------------- Invoking toplevel() on ptolemy.moml.MoMLSimpleApplication@78d3f03c
----------------- Done invoking toplevel() on ptolemy.moml.MoMLSimpleApplication@78d3f03c
reloadAllAccessors: .SetVariable3
----------------- testing Thu May 10 04:05:45 UTC 2018 /home/travis/build/icyphy/ptII/ptolemy/actor/lib/test/auto/SetVariable4.xml
----------------- Instantiating /home/travis/build/icyphy/ptII/ptolemy/actor/lib/test/auto/SetVariable4.xml
13 ms. Memory: 988160K Free: 130297K (13%)
----------------- Invoking toplevel() on ptolemy.moml.MoMLSimpleApplication@41371e55
----------------- Done invoking toplevel() on ptolemy.moml.MoMLSimpleApplication@41371e55
reloadAllAccessors: .SetVariable4
----------------- testing Thu May 10 04:05:45 UTC 2018 /home/travis/build/icyphy/ptII/ptolemy/actor/lib/test/auto/SetVariable5.xml
----------------- Instantiating /home/travis/build/icyphy/ptII/ptolemy/actor/lib/test/auto/SetVariable5.xml
19 ms. Memory: 988160K Free: 109364K (11%)
----------------- Invoking toplevel() on ptolemy.moml.MoMLSimpleApplication@35608849
----------------- Done invoking toplevel() on ptolemy.moml.MoMLSimpleApplication@35608849
reloadAllAccessors: .SetVariable5
----------------- testing Thu May 10 04:05:45 UTC 2018 /home/travis/build/icyphy/ptII/ptolemy/actor/lib/test/auto/Sinewave.xml
----------------- Instantiating /home/travis/build/icyphy/ptII/ptolemy/actor/lib/test/auto/Sinewave.xml
12 ms. Memory: 988160K Free: 91844K (9%)
----------------- Invoking toplevel() on ptolemy.moml.MoMLSimpleApplication@faf509f
----------------- Done invoking toplevel() on ptolemy.moml.MoMLSimpleApplication@faf509f
reloadAllAccessors: .Sinewave
----------------- testing Thu May 10 04:05:45 UTC 2018 /home/travis/build/icyphy/ptII/ptolemy/actor/lib/test/auto/Sinewave2.xml
----------------- Instantiating /home/travis/build/icyphy/ptII/ptolemy/actor/lib/test/auto/Sinewave2.xml
5 ms. Memory: 988160K Free: 76751K (8%)
----------------- Invoking toplevel() on ptolemy.moml.MoMLSimpleApplication@4a0b7f07
----------------- Done invoking toplevel() on ptolemy.moml.MoMLSimpleApplication@4a0b7f07
reloadAllAccessors: .Sinewave2
----------------- testing Thu May 10 04:05:45 UTC 2018 /home/travis/build/icyphy/ptII/ptolemy/actor/lib/test/auto/Sinewave3.xml
----------------- Instantiating /home/travis/build/icyphy/ptII/ptolemy/actor/lib/test/auto/Sinewave3.xml
7 ms. Memory: 1010688K Free: 953110K (94%)
----------------- Invoking toplevel() on ptolemy.moml.MoMLSimpleApplication@391f376c
----------------- Done invoking toplevel() on ptolemy.moml.MoMLSimpleApplication@391f376c
reloadAllAccessors: .Sinewave3
----------------- testing Thu May 10 04:05:45 UTC 2018 /home/travis/build/icyphy/ptII/ptolemy/actor/lib/test/auto/SingleEvent.xml
----------------- Instantiating /home/travis/build/icyphy/ptII/ptolemy/actor/lib/test/auto/SingleEvent.xml
1 ms. Memory: 1010688K Free: 938163K (93%)
----------------- Invoking toplevel() on ptolemy.moml.MoMLSimpleApplication@2b672213
----------------- Done invoking toplevel() on ptolemy.moml.MoMLSimpleApplication@2b672213
reloadAllAccessors: .SingleEvent
----------------- testing Thu May 10 04:05:45 UTC 2018 /home/travis/build/icyphy/ptII/ptolemy/actor/lib/test/auto/Sleep.xml
----------------- Instantiating /home/travis/build/icyphy/ptII/ptolemy/actor/lib/test/auto/Sleep.xml
6003 ms. Memory: 1010688K Free: 923215K (91%)
----------------- Invoking toplevel() on ptolemy.moml.MoMLSimpleApplication@6e182460
----------------- Done invoking toplevel() on ptolemy.moml.MoMLSimpleApplication@6e182460
reloadAllAccessors: .Sleep
----------------- testing Thu May 10 04:05:51 UTC 2018 /home/travis/build/icyphy/ptII/ptolemy/actor/lib/test/auto/SleepMultipleFire.xml
----------------- Instantiating /home/travis/build/icyphy/ptII/ptolemy/actor/lib/test/auto/SleepMultipleFire.xml
1005 ms. Memory: 1010688K Free: 908267K (90%)
----------------- Invoking toplevel() on ptolemy.moml.MoMLSimpleApplication@63ab1192
----------------- Done invoking toplevel() on ptolemy.moml.MoMLSimpleApplication@63ab1192
reloadAllAccessors: .SleepMultipleFire
----------------- testing Thu May 10 04:05:52 UTC 2018 /home/travis/build/icyphy/ptII/ptolemy/actor/lib/test/auto/StopDE.xml
----------------- Instantiating /home/travis/build/icyphy/ptII/ptolemy/actor/lib/test/auto/StopDE.xml
3 ms. Memory: 1010688K Free: 893320K (88%)
----------------- Invoking toplevel() on ptolemy.moml.MoMLSimpleApplication@120ccdb7
----------------- Done invoking toplevel() on ptolemy.moml.MoMLSimpleApplication@120ccdb7
reloadAllAccessors: .StopDE
----------------- testing Thu May 10 04:05:53 UTC 2018 /home/travis/build/icyphy/ptII/ptolemy/actor/lib/test/auto/StopSDF.xml
----------------- Instantiating /home/travis/build/icyphy/ptII/ptolemy/actor/lib/test/auto/StopSDF.xml
2 ms. Memory: 1010688K Free: 878372K (87%)
----------------- Invoking toplevel() on ptolemy.moml.MoMLSimpleApplication@25238a83
----------------- Done invoking toplevel() on ptolemy.moml.MoMLSimpleApplication@25238a83
reloadAllAccessors: .StopSDF
----------------- testing Thu May 10 04:05:53 UTC 2018 /home/travis/build/icyphy/ptII/ptolemy/actor/lib/test/auto/StringConstant.xml
----------------- Instantiating /home/travis/build/icyphy/ptII/ptolemy/actor/lib/test/auto/StringConstant.xml
2 ms. Memory: 1010688K Free: 863425K (85%)
----------------- Invoking toplevel() on ptolemy.moml.MoMLSimpleApplication@70c6bfe7
----------------- Done invoking toplevel() on ptolemy.moml.MoMLSimpleApplication@70c6bfe7
reloadAllAccessors: .StringConstant
----------------- testing Thu May 10 04:05:53 UTC 2018 /home/travis/build/icyphy/ptII/ptolemy/actor/lib/test/auto/SubscriberPortInitialValues1.xml
----------------- Instantiating /home/travis/build/icyphy/ptII/ptolemy/actor/lib/test/auto/SubscriberPortInitialValues1.xml
8 ms. Memory: 1010688K Free: 848477K (84%)
----------------- Invoking toplevel() on ptolemy.moml.MoMLSimpleApplication@7bdfe1c
----------------- Done invoking toplevel() on ptolemy.moml.MoMLSimpleApplication@7bdfe1c
reloadAllAccessors: .SubscriberPortInitialValues1
----------------- testing Thu May 10 04:05:53 UTC 2018 /home/travis/build/icyphy/ptII/ptolemy/actor/lib/test/auto/SubscriberPortInitialValues13.xml
----------------- Instantiating /home/travis/build/icyphy/ptII/ptolemy/actor/lib/test/auto/SubscriberPortInitialValues13.xml
5 ms. Memory: 1010688K Free: 830275K (82%)
----------------- Invoking toplevel() on ptolemy.moml.MoMLSimpleApplication@7ade4439
----------------- Done invoking toplevel() on ptolemy.moml.MoMLSimpleApplication@7ade4439
reloadAllAccessors: .SubscriberPortInitialValues13
----------------- testing Thu May 10 04:05:53 UTC 2018 /home/travis/build/icyphy/ptII/ptolemy/actor/lib/test/auto/SubscriberPortInitialValues14.xml
----------------- Instantiating /home/travis/build/icyphy/ptII/ptolemy/actor/lib/test/auto/SubscriberPortInitialValues14.xml
7 ms. Memory: 1010688K Free: 815328K (81%)
----------------- Invoking toplevel() on ptolemy.moml.MoMLSimpleApplication@f35c54
----------------- Done invoking toplevel() on ptolemy.moml.MoMLSimpleApplication@f35c54
reloadAllAccessors: .SubscriberPortInitialValues14
----------------- testing Thu May 10 04:05:53 UTC 2018 /home/travis/build/icyphy/ptII/ptolemy/actor/lib/test/auto/SubscriberPortInitialValues2.xml
----------------- Instantiating /home/travis/build/icyphy/ptII/ptolemy/actor/lib/test/auto/SubscriberPortInitialValues2.xml
4 ms. Memory: 1010688K Free: 800380K (79%)
----------------- Invoking toplevel() on ptolemy.moml.MoMLSimpleApplication@40f2c0a2
----------------- Done invoking toplevel() on ptolemy.moml.MoMLSimpleApplication@40f2c0a2
reloadAllAccessors: .SubscriberPortInitialValues2
----------------- testing Thu May 10 04:05:53 UTC 2018 /home/travis/build/icyphy/ptII/ptolemy/actor/lib/test/auto/SubscriberPortInitialValues3.xml
----------------- Instantiating /home/travis/build/icyphy/ptII/ptolemy/actor/lib/test/auto/SubscriberPortInitialValues3.xml
6 ms. Memory: 1010688K Free: 779371K (77%)
----------------- Invoking toplevel() on ptolemy.moml.MoMLSimpleApplication@48d74cbc
----------------- Done invoking toplevel() on ptolemy.moml.MoMLSimpleApplication@48d74cbc
reloadAllAccessors: .SubscriberPortInitialValues3
----------------- testing Thu May 10 04:05:53 UTC 2018 /home/travis/build/icyphy/ptII/ptolemy/actor/lib/test/auto/SubscriptionAggregator.xml
----------------- Instantiating /home/travis/build/icyphy/ptII/ptolemy/actor/lib/test/auto/SubscriptionAggregator.xml
3 ms. Memory: 1010688K Free: 764423K (76%)
----------------- Invoking toplevel() on ptolemy.moml.MoMLSimpleApplication@34c41901
----------------- Done invoking toplevel() on ptolemy.moml.MoMLSimpleApplication@34c41901
reloadAllAccessors: .SubscriptionAggregator
----------------- testing Thu May 10 04:05:53 UTC 2018 /home/travis/build/icyphy/ptII/ptolemy/actor/lib/test/auto/SubscriptionAggregator2.xml
----------------- Instantiating /home/travis/build/icyphy/ptII/ptolemy/actor/lib/test/auto/SubscriptionAggregator2.xml
3 ms. Memory: 1010688K Free: 749476K (74%)
----------------- Invoking toplevel() on ptolemy.moml.MoMLSimpleApplication@638ddf32
----------------- Done invoking toplevel() on ptolemy.moml.MoMLSimpleApplication@638ddf32
reloadAllAccessors: .SubscriptionAggregator2
----------------- testing Thu May 10 04:05:53 UTC 2018 /home/travis/build/icyphy/ptII/ptolemy/actor/lib/test/auto/SubscriptionAggregator3.xml
----------------- Instantiating /home/travis/build/icyphy/ptII/ptolemy/actor/lib/test/auto/SubscriptionAggregator3.xml
3 ms. Memory: 1010688K Free: 728458K (72%)
----------------- Invoking toplevel() on ptolemy.moml.MoMLSimpleApplication@1b520e44
----------------- Done invoking toplevel() on ptolemy.moml.MoMLSimpleApplication@1b520e44
reloadAllAccessors: .SubscriptionAggregator3
----------------- testing Thu May 10 04:05:53 UTC 2018 /home/travis/build/icyphy/ptII/ptolemy/actor/lib/test/auto/SubscriptionAggregatorMultiply.xml
----------------- Instantiating /home/travis/build/icyphy/ptII/ptolemy/actor/lib/test/auto/SubscriptionAggregatorMultiply.xml
4 ms. Memory: 1010688K Free: 713511K (71%)
----------------- Invoking toplevel() on ptolemy.moml.MoMLSimpleApplication@a77ffec
----------------- Done invoking toplevel() on ptolemy.moml.MoMLSimpleApplication@a77ffec
reloadAllAccessors: .SubscriptionAggregatorMultiply
----------------- testing Thu May 10 04:05:53 UTC 2018 /home/travis/build/icyphy/ptII/ptolemy/actor/lib/test/auto/SubscriptionAggregatorPortMultiply1.xml
----------------- Instantiating /home/travis/build/icyphy/ptII/ptolemy/actor/lib/test/auto/SubscriptionAggregatorPortMultiply1.xml
4 ms. Memory: 1010688K Free: 701387K (69%)
----------------- Invoking toplevel() on ptolemy.moml.MoMLSimpleApplication@72e8b613
----------------- Done invoking toplevel() on ptolemy.moml.MoMLSimpleApplication@72e8b613
reloadAllAccessors: .SubscriptionAggregatorPortMultiply1
----------------- testing Thu May 10 04:05:53 UTC 2018 /home/travis/build/icyphy/ptII/ptolemy/actor/lib/test/auto/Switch.xml
----------------- Instantiating /home/travis/build/icyphy/ptII/ptolemy/actor/lib/test/auto/Switch.xml
5 ms. Memory: 1010688K Free: 650061K (64%)
----------------- Invoking toplevel() on ptolemy.moml.MoMLSimpleApplication@2f6d4400
----------------- Done invoking toplevel() on ptolemy.moml.MoMLSimpleApplication@2f6d4400
reloadAllAccessors: .Switch
----------------- testing Thu May 10 04:05:53 UTC 2018 /home/travis/build/icyphy/ptII/ptolemy/actor/lib/test/auto/Switch2.xml
----------------- Instantiating /home/travis/build/icyphy/ptII/ptolemy/actor/lib/test/auto/Switch2.xml
1 ms. Memory: 1010688K Free: 635113K (63%)
----------------- Invoking toplevel() on ptolemy.moml.MoMLSimpleApplication@55964ac0
----------------- Done invoking toplevel() on ptolemy.moml.MoMLSimpleApplication@55964ac0
reloadAllAccessors: .Switch2
----------------- testing Thu May 10 04:05:53 UTC 2018 /home/travis/build/icyphy/ptII/ptolemy/actor/lib/test/auto/SwitchDE.xml
----------------- Instantiating /home/travis/build/icyphy/ptII/ptolemy/actor/lib/test/auto/SwitchDE.xml
2 ms. Memory: 1010688K Free: 620166K (61%)
----------------- Invoking toplevel() on ptolemy.moml.MoMLSimpleApplication@1c883b8b
----------------- Done invoking toplevel() on ptolemy.moml.MoMLSimpleApplication@1c883b8b
reloadAllAccessors: .SwitchDE
----------------- testing Thu May 10 04:05:53 UTC 2018 /home/travis/build/icyphy/ptII/ptolemy/actor/lib/test/auto/SynchronizerDE.xml
----------------- Instantiating /home/travis/build/icyphy/ptII/ptolemy/actor/lib/test/auto/SynchronizerDE.xml
5 ms. Memory: 1010688K Free: 599156K (59%)
----------------- Invoking toplevel() on ptolemy.moml.MoMLSimpleApplication@764ad7f6
----------------- Done invoking toplevel() on ptolemy.moml.MoMLSimpleApplication@764ad7f6
reloadAllAccessors: .SynchronizerDE
----------------- testing Thu May 10 04:05:53 UTC 2018 /home/travis/build/icyphy/ptII/ptolemy/actor/lib/test/auto/Test.xml
----------------- Instantiating /home/travis/build/icyphy/ptII/ptolemy/actor/lib/test/auto/Test.xml
2 ms. Memory: 1010688K Free: 584209K (58%)
----------------- Invoking toplevel() on ptolemy.moml.MoMLSimpleApplication@5d1772c8
----------------- Done invoking toplevel() on ptolemy.moml.MoMLSimpleApplication@5d1772c8
reloadAllAccessors: .Test
----------------- testing Thu May 10 04:05:53 UTC 2018 /home/travis/build/icyphy/ptII/ptolemy/actor/lib/test/auto/TestExceptionAttribute1.xml
----------------- Instantiating /home/travis/build/icyphy/ptII/ptolemy/actor/lib/test/auto/TestExceptionAttribute1.xml
1 ms. Memory: 1010688K Free: 569261K (56%)
----------------- Invoking toplevel() on ptolemy.moml.MoMLSimpleApplication@1d1962b7
----------------- Done invoking toplevel() on ptolemy.moml.MoMLSimpleApplication@1d1962b7
reloadAllAccessors: .TestExceptionAttribute1
----------------- testing Thu May 10 04:05:53 UTC 2018 /home/travis/build/icyphy/ptII/ptolemy/actor/lib/test/auto/TestExceptionAttribute2.xml
----------------- Instantiating /home/travis/build/icyphy/ptII/ptolemy/actor/lib/test/auto/TestExceptionAttribute2.xml
1 ms. Memory: 1010688K Free: 557137K (55%)
----------------- Invoking toplevel() on ptolemy.moml.MoMLSimpleApplication@3cd1e179
----------------- Done invoking toplevel() on ptolemy.moml.MoMLSimpleApplication@3cd1e179
reloadAllAccessors: .TestExceptionAttribute2
----------------- testing Thu May 10 04:05:53 UTC 2018 /home/travis/build/icyphy/ptII/ptolemy/actor/lib/test/auto/TestExceptionAttribute3.xml
----------------- Instantiating /home/travis/build/icyphy/ptII/ptolemy/actor/lib/test/auto/TestExceptionAttribute3.xml
.TestExceptionAttribute3.TestExceptionAttribute: initialize() was not invoked, but wrapup() was.  This is unusual, but not always a problem.  For example, exporting JNLP will do this.
1 ms. Memory: 1010688K Free: 542190K (54%)
----------------- Invoking toplevel() on ptolemy.moml.MoMLSimpleApplication@409546fa
----------------- Done invoking toplevel() on ptolemy.moml.MoMLSimpleApplication@409546fa
reloadAllAccessors: .TestExceptionAttribute3
----------------- testing Thu May 10 04:05:53 UTC 2018 /home/travis/build/icyphy/ptII/ptolemy/actor/lib/test/auto/TestExceptionAttribute4.xml
----------------- Instantiating /home/travis/build/icyphy/ptII/ptolemy/actor/lib/test/auto/TestExceptionAttribute4.xml
.TestExceptionAttribute4.TestExceptionAttribute: initialize() was not invoked, but wrapup() was.  This is unusual, but not always a problem.  For example, exporting JNLP will do this.
.TestExceptionAttribute4.TestExceptionAttribute2: initialize() was not invoked, but wrapup() was.  This is unusual, but not always a problem.  For example, exporting JNLP will do this.
0 ms. Memory: 1010688K Free: 527243K (52%)
----------------- Invoking toplevel() on ptolemy.moml.MoMLSimpleApplication@2d840962
----------------- Done invoking toplevel() on ptolemy.moml.MoMLSimpleApplication@2d840962
reloadAllAccessors: .TestExceptionAttribute4
----------------- testing Thu May 10 04:05:53 UTC 2018 /home/travis/build/icyphy/ptII/ptolemy/actor/lib/test/auto/TestExceptionHandler1.xml
----------------- Instantiating /home/travis/build/icyphy/ptII/ptolemy/actor/lib/test/auto/TestExceptionHandler1.xml
1 ms. Memory: 1010688K Free: 512295K (51%)
----------------- Invoking toplevel() on ptolemy.moml.MoMLSimpleApplication@65777135
----------------- Done invoking toplevel() on ptolemy.moml.MoMLSimpleApplication@65777135
reloadAllAccessors: .TestExceptionHandler1
----------------- testing Thu May 10 04:05:53 UTC 2018 /home/travis/build/icyphy/ptII/ptolemy/actor/lib/test/auto/TestExceptionHandler2.xml
----------------- Instantiating /home/travis/build/icyphy/ptII/ptolemy/actor/lib/test/auto/TestExceptionHandler2.xml
1 ms. Memory: 1010688K Free: 497348K (49%)
----------------- Invoking toplevel() on ptolemy.moml.MoMLSimpleApplication@52c318e
----------------- Done invoking toplevel() on ptolemy.moml.MoMLSimpleApplication@52c318e
reloadAllAccessors: .TestExceptionHandler2
----------------- testing Thu May 10 04:05:53 UTC 2018 /home/travis/build/icyphy/ptII/ptolemy/actor/lib/test/auto/TestExceptionHandler3.xml
----------------- Instantiating /home/travis/build/icyphy/ptII/ptolemy/actor/lib/test/auto/TestExceptionHandler3.xml
1 ms. Memory: 1010688K Free: 482400K (48%)
----------------- Invoking toplevel() on ptolemy.moml.MoMLSimpleApplication@c2b210e
----------------- Done invoking toplevel() on ptolemy.moml.MoMLSimpleApplication@c2b210e
reloadAllAccessors: .TestExceptionHandler3
----------------- testing Thu May 10 04:05:53 UTC 2018 /home/travis/build/icyphy/ptII/ptolemy/actor/lib/test/auto/TestExceptionHandler4.xml
----------------- Instantiating /home/travis/build/icyphy/ptII/ptolemy/actor/lib/test/auto/TestExceptionHandler4.xml
1 ms. Memory: 1010688K Free: 467453K (46%)
----------------- Invoking toplevel() on ptolemy.moml.MoMLSimpleApplication@1776d154
----------------- Done invoking toplevel() on ptolemy.moml.MoMLSimpleApplication@1776d154
reloadAllAccessors: .TestExceptionHandler4
----------------- testing Thu May 10 04:05:53 UTC 2018 /home/travis/build/icyphy/ptII/ptolemy/actor/lib/test/auto/TestRequireCorrectOrder.xml
----------------- Instantiating /home/travis/build/icyphy/ptII/ptolemy/actor/lib/test/auto/TestRequireCorrectOrder.xml
3 ms. Memory: 1010688K Free: 452506K (45%)
----------------- Invoking toplevel() on ptolemy.moml.MoMLSimpleApplication@49e5053d
----------------- Done invoking toplevel() on ptolemy.moml.MoMLSimpleApplication@49e5053d
reloadAllAccessors: .TestRequireCorrectOrder
----------------- testing Thu May 10 04:05:53 UTC 2018 /home/travis/build/icyphy/ptII/ptolemy/actor/lib/test/auto/TestSimple.xml
----------------- Instantiating /home/travis/build/icyphy/ptII/ptolemy/actor/lib/test/auto/TestSimple.xml
2 ms. Memory: 1010688K Free: 437558K (43%)
----------------- Invoking toplevel() on ptolemy.moml.MoMLSimpleApplication@2fefe096
----------------- Done invoking toplevel() on ptolemy.moml.MoMLSimpleApplication@2fefe096
reloadAllAccessors: .TestSimple
----------------- testing Thu May 10 04:05:53 UTC 2018 /home/travis/build/icyphy/ptII/ptolemy/actor/lib/test/auto/ThrowModelError.xml
----------------- Instantiating /home/travis/build/icyphy/ptII/ptolemy/actor/lib/test/auto/ThrowModelError.xml
2 ms. Memory: 1010688K Free: 425434K (42%)
----------------- Invoking toplevel() on ptolemy.moml.MoMLSimpleApplication@7a7996e
----------------- Done invoking toplevel() on ptolemy.moml.MoMLSimpleApplication@7a7996e
reloadAllAccessors: .ThrowModelError
----------------- testing Thu May 10 04:05:53 UTC 2018 /home/travis/build/icyphy/ptII/ptolemy/actor/lib/test/auto/TimeDelayMicrosteps.xml
----------------- Instantiating /home/travis/build/icyphy/ptII/ptolemy/actor/lib/test/auto/TimeDelayMicrosteps.xml
5 ms. Memory: 1010688K Free: 410486K (41%)
----------------- Invoking toplevel() on ptolemy.moml.MoMLSimpleApplication@1cfc8586
----------------- Done invoking toplevel() on ptolemy.moml.MoMLSimpleApplication@1cfc8586
reloadAllAccessors: .TimeDelayMicrosteps
----------------- testing Thu May 10 04:05:53 UTC 2018 /home/travis/build/icyphy/ptII/ptolemy/actor/lib/test/auto/TimeDelayMicrosteps2.xml
----------------- Instantiating /home/travis/build/icyphy/ptII/ptolemy/actor/lib/test/auto/TimeDelayMicrosteps2.xml
4 ms. Memory: 1010688K Free: 395539K (39%)
----------------- Invoking toplevel() on ptolemy.moml.MoMLSimpleApplication@29314959
----------------- Done invoking toplevel() on ptolemy.moml.MoMLSimpleApplication@29314959
reloadAllAccessors: .TimeDelayMicrosteps2
----------------- testing Thu May 10 04:05:53 UTC 2018 /home/travis/build/icyphy/ptII/ptolemy/actor/lib/test/auto/TimeDelayMicrosteps3.xml
----------------- Instantiating /home/travis/build/icyphy/ptII/ptolemy/actor/lib/test/auto/TimeDelayMicrosteps3.xml
3 ms. Memory: 1010688K Free: 380591K (38%)
----------------- Invoking toplevel() on ptolemy.moml.MoMLSimpleApplication@10ab8aa
----------------- Done invoking toplevel() on ptolemy.moml.MoMLSimpleApplication@10ab8aa
reloadAllAccessors: .TimeDelayMicrosteps3
----------------- testing Thu May 10 04:05:53 UTC 2018 /home/travis/build/icyphy/ptII/ptolemy/actor/lib/test/auto/TimeDelayVariableMicrosteps.xml
----------------- Instantiating /home/travis/build/icyphy/ptII/ptolemy/actor/lib/test/auto/TimeDelayVariableMicrosteps.xml
4 ms. Memory: 1010688K Free: 365644K (36%)
----------------- Invoking toplevel() on ptolemy.moml.MoMLSimpleApplication@7f2a5f91
----------------- Done invoking toplevel() on ptolemy.moml.MoMLSimpleApplication@7f2a5f91
reloadAllAccessors: .TimeDelayVariableMicrosteps
----------------- testing Thu May 10 04:05:53 UTC 2018 /home/travis/build/icyphy/ptII/ptolemy/actor/lib/test/auto/TimeGap.xml
----------------- Instantiating /home/travis/build/icyphy/ptII/ptolemy/actor/lib/test/auto/TimeGap.xml
2 ms. Memory: 1010688K Free: 350697K (35%)
----------------- Invoking toplevel() on ptolemy.moml.MoMLSimpleApplication@78f47a27
----------------- Done invoking toplevel() on ptolemy.moml.MoMLSimpleApplication@78f47a27
reloadAllAccessors: .TimeGap
----------------- testing Thu May 10 04:05:53 UTC 2018 /home/travis/build/icyphy/ptII/ptolemy/actor/lib/test/auto/TimeGap2.xml
----------------- Instantiating /home/travis/build/icyphy/ptII/ptolemy/actor/lib/test/auto/TimeGap2.xml
3 ms. Memory: 1010688K Free: 335749K (33%)
----------------- Invoking toplevel() on ptolemy.moml.MoMLSimpleApplication@11e82a94
----------------- Done invoking toplevel() on ptolemy.moml.MoMLSimpleApplication@11e82a94
reloadAllAccessors: .TimeGap2
----------------- testing Thu May 10 04:05:53 UTC 2018 /home/travis/build/icyphy/ptII/ptolemy/actor/lib/test/auto/TimedSinewave.xml
----------------- Instantiating /home/travis/build/icyphy/ptII/ptolemy/actor/lib/test/auto/TimedSinewave.xml
22 ms. Memory: 1010688K Free: 314740K (31%)
----------------- Invoking toplevel() on ptolemy.moml.MoMLSimpleApplication@29507226
----------------- Done invoking toplevel() on ptolemy.moml.MoMLSimpleApplication@29507226
reloadAllAccessors: .TimedSinewave
----------------- testing Thu May 10 04:05:53 UTC 2018 /home/travis/build/icyphy/ptII/ptolemy/actor/lib/test/auto/TimedSinewavePhase.xml
----------------- Instantiating /home/travis/build/icyphy/ptII/ptolemy/actor/lib/test/auto/TimedSinewavePhase.xml
16 ms. Memory: 1010688K Free: 296553K (29%)
----------------- Invoking toplevel() on ptolemy.moml.MoMLSimpleApplication@778a8c16
----------------- Done invoking toplevel() on ptolemy.moml.MoMLSimpleApplication@778a8c16
reloadAllAccessors: .TimedSinewavePhase
----------------- testing Thu May 10 04:05:53 UTC 2018 /home/travis/build/icyphy/ptII/ptolemy/actor/lib/test/auto/Timer.xml
----------------- Instantiating /home/travis/build/icyphy/ptII/ptolemy/actor/lib/test/auto/Timer.xml
2 ms. Memory: 1010688K Free: 281606K (28%)
----------------- Invoking toplevel() on ptolemy.moml.MoMLSimpleApplication@5d0b2632
----------------- Done invoking toplevel() on ptolemy.moml.MoMLSimpleApplication@5d0b2632
reloadAllAccessors: .Timer
----------------- testing Thu May 10 04:05:53 UTC 2018 /home/travis/build/icyphy/ptII/ptolemy/actor/lib/test/auto/TriangularDistTestModel.xml
----------------- Instantiating /home/travis/build/icyphy/ptII/ptolemy/actor/lib/test/auto/TriangularDistTestModel.xml
2 ms. Memory: 1010688K Free: 266658K (26%)
----------------- Invoking toplevel() on ptolemy.moml.MoMLSimpleApplication@10babb14
----------------- Done invoking toplevel() on ptolemy.moml.MoMLSimpleApplication@10babb14
reloadAllAccessors: .TriangularDistTestModel
----------------- testing Thu May 10 04:05:53 UTC 2018 /home/travis/build/icyphy/ptII/ptolemy/actor/lib/test/auto/TrigFunction.xml
----------------- Instantiating /home/travis/build/icyphy/ptII/ptolemy/actor/lib/test/auto/TrigFunction.xml
2 ms. Memory: 1010688K Free: 251711K (25%)
----------------- Invoking toplevel() on ptolemy.moml.MoMLSimpleApplication@6cdafa1a
----------------- Done invoking toplevel() on ptolemy.moml.MoMLSimpleApplication@6cdafa1a
reloadAllAccessors: .TrigFunction
----------------- testing Thu May 10 04:05:53 UTC 2018 /home/travis/build/icyphy/ptII/ptolemy/actor/lib/test/auto/TrigFunctionDE.xml
----------------- Instantiating /home/travis/build/icyphy/ptII/ptolemy/actor/lib/test/auto/TrigFunctionDE.xml
3 ms. Memory: 1010688K Free: 236763K (23%)
----------------- Invoking toplevel() on ptolemy.moml.MoMLSimpleApplication@759f9b2e
----------------- Done invoking toplevel() on ptolemy.moml.MoMLSimpleApplication@759f9b2e
reloadAllAccessors: .TrigFunctionDE
----------------- testing Thu May 10 04:05:53 UTC 2018 /home/travis/build/icyphy/ptII/ptolemy/actor/lib/test/auto/TrigFunctionInverse.xml
----------------- Instantiating /home/travis/build/icyphy/ptII/ptolemy/actor/lib/test/auto/TrigFunctionInverse.xml
2 ms. Memory: 1010688K Free: 221816K (22%)
----------------- Invoking toplevel() on ptolemy.moml.MoMLSimpleApplication@324e8ff3
----------------- Done invoking toplevel() on ptolemy.moml.MoMLSimpleApplication@324e8ff3
reloadAllAccessors: .TrigFunctionInverse
----------------- testing Thu May 10 04:05:53 UTC 2018 /home/travis/build/icyphy/ptII/ptolemy/actor/lib/test/auto/TrigFunctionTan.xml
----------------- Instantiating /home/travis/build/icyphy/ptII/ptolemy/actor/lib/test/auto/TrigFunctionTan.xml
1 ms. Memory: 1010688K Free: 206868K (20%)
----------------- Invoking toplevel() on ptolemy.moml.MoMLSimpleApplication@1c9b2376
----------------- Done invoking toplevel() on ptolemy.moml.MoMLSimpleApplication@1c9b2376
reloadAllAccessors: .TrigFunctionTan
----------------- testing Thu May 10 04:05:53 UTC 2018 /home/travis/build/icyphy/ptII/ptolemy/actor/lib/test/auto/TriggeredClock.xml
----------------- Instantiating /home/travis/build/icyphy/ptII/ptolemy/actor/lib/test/auto/TriggeredClock.xml
2 ms. Memory: 1010688K Free: 191921K (19%)
----------------- Invoking toplevel() on ptolemy.moml.MoMLSimpleApplication@4a318d51
----------------- Done invoking toplevel() on ptolemy.moml.MoMLSimpleApplication@4a318d51
reloadAllAccessors: .TriggeredClock
----------------- testing Thu May 10 04:05:53 UTC 2018 /home/travis/build/icyphy/ptII/ptolemy/actor/lib/test/auto/URLDirectoryReader.xml
----------------- Instantiating /home/travis/build/icyphy/ptII/ptolemy/actor/lib/test/auto/URLDirectoryReader.xml
38 ms. Memory: 1010688K Free: 170911K (17%)
----------------- Invoking toplevel() on ptolemy.moml.MoMLSimpleApplication@74ee0c85
----------------- Done invoking toplevel() on ptolemy.moml.MoMLSimpleApplication@74ee0c85
reloadAllAccessors: .URLDirectoryReader
----------------- testing Thu May 10 04:05:54 UTC 2018 /home/travis/build/icyphy/ptII/ptolemy/actor/lib/test/auto/URLDirectoryReader3.xml
----------------- Instantiating /home/travis/build/icyphy/ptII/ptolemy/actor/lib/test/auto/URLDirectoryReader3.xml
1257 ms. Memory: 1010688K Free: 116346K (12%)
----------------- Invoking toplevel() on ptolemy.moml.MoMLSimpleApplication@4ebfd22d
----------------- Done invoking toplevel() on ptolemy.moml.MoMLSimpleApplication@4ebfd22d
reloadAllAccessors: .URLDirectoryReader3
----------------- testing Thu May 10 04:05:55 UTC 2018 /home/travis/build/icyphy/ptII/ptolemy/actor/lib/test/auto/UnaryMathFunction.xml
----------------- Instantiating /home/travis/build/icyphy/ptII/ptolemy/actor/lib/test/auto/UnaryMathFunction.xml
3 ms. Memory: 1010688K Free: 101399K (10%)
----------------- Invoking toplevel() on ptolemy.moml.MoMLSimpleApplication@5750dafc
----------------- Done invoking toplevel() on ptolemy.moml.MoMLSimpleApplication@5750dafc
reloadAllAccessors: .UnaryMathFunction
----------------- testing Thu May 10 04:05:55 UTC 2018 /home/travis/build/icyphy/ptII/ptolemy/actor/lib/test/auto/Uniform.xml
----------------- Instantiating /home/travis/build/icyphy/ptII/ptolemy/actor/lib/test/auto/Uniform.xml
2 ms. Memory: 1010688K Free: 86452K (9%)
----------------- Invoking toplevel() on ptolemy.moml.MoMLSimpleApplication@3b8f127e
----------------- Done invoking toplevel() on ptolemy.moml.MoMLSimpleApplication@3b8f127e
reloadAllAccessors: .Uniform
----------------- testing Thu May 10 04:05:55 UTC 2018 /home/travis/build/icyphy/ptII/ptolemy/actor/lib/test/auto/UnionDisassemblerTest.xml
----------------- Instantiating /home/travis/build/icyphy/ptII/ptolemy/actor/lib/test/auto/UnionDisassemblerTest.xml
12 ms. Memory: 1010688K Free: 71504K (7%)
----------------- Invoking toplevel() on ptolemy.moml.MoMLSimpleApplication@6d8849c0
----------------- Done invoking toplevel() on ptolemy.moml.MoMLSimpleApplication@6d8849c0
reloadAllAccessors: .UnionDisassemblerTest
----------------- testing Thu May 10 04:05:55 UTC 2018 /home/travis/build/icyphy/ptII/ptolemy/actor/lib/test/auto/UtilityFunctions.xml
----------------- Instantiating /home/travis/build/icyphy/ptII/ptolemy/actor/lib/test/auto/UtilityFunctions.xml
2 ms. Memory: 1010688K Free: 62013K (6%)
----------------- Invoking toplevel() on ptolemy.moml.MoMLSimpleApplication@47bec5d8
----------------- Done invoking toplevel() on ptolemy.moml.MoMLSimpleApplication@47bec5d8
reloadAllAccessors: .UtilityFunctions
----------------- testing Thu May 10 04:05:55 UTC 2018 /home/travis/build/icyphy/ptII/ptolemy/actor/lib/test/auto/VariableSleep.xml
----------------- Instantiating /home/travis/build/icyphy/ptII/ptolemy/actor/lib/test/auto/VariableSleep.xml
511 ms. Memory: 1019904K Free: 952576K (93%)
----------------- Invoking toplevel() on ptolemy.moml.MoMLSimpleApplication@1990877e
----------------- Done invoking toplevel() on ptolemy.moml.MoMLSimpleApplication@1990877e
reloadAllAccessors: .VariableSleep
----------------- testing Thu May 10 04:05:56 UTC 2018 /home/travis/build/icyphy/ptII/ptolemy/actor/lib/test/auto/VectorAssemblerDisassemblerCT.xml
----------------- Instantiating /home/travis/build/icyphy/ptII/ptolemy/actor/lib/test/auto/VectorAssemblerDisassemblerCT.xml
82 ms. Memory: 1019904K Free: 925539K (91%)
----------------- Invoking toplevel() on ptolemy.moml.MoMLSimpleApplication@6c8ab1d
----------------- Done invoking toplevel() on ptolemy.moml.MoMLSimpleApplication@6c8ab1d
reloadAllAccessors: .VectorAssemblerDisassemblerCT
----------------- testing Thu May 10 04:05:56 UTC 2018 /home/travis/build/icyphy/ptII/ptolemy/actor/lib/test/auto/VectorAssemblerDisassemblerDE.xml
----------------- Instantiating /home/travis/build/icyphy/ptII/ptolemy/actor/lib/test/auto/VectorAssemblerDisassemblerDE.xml
3 ms. Memory: 1019904K Free: 910643K (89%)
----------------- Invoking toplevel() on ptolemy.moml.MoMLSimpleApplication@14394c43
----------------- Done invoking toplevel() on ptolemy.moml.MoMLSimpleApplication@14394c43
reloadAllAccessors: .VectorAssemblerDisassemblerDE
----------------- testing Thu May 10 04:05:56 UTC 2018 /home/travis/build/icyphy/ptII/ptolemy/actor/lib/test/auto/VectorAssemblerDisassemblerSDF.xml
----------------- Instantiating /home/travis/build/icyphy/ptII/ptolemy/actor/lib/test/auto/VectorAssemblerDisassemblerSDF.xml
3 ms. Memory: 1019904K Free: 895748K (88%)
----------------- Invoking toplevel() on ptolemy.moml.MoMLSimpleApplication@70fa141f
----------------- Done invoking toplevel() on ptolemy.moml.MoMLSimpleApplication@70fa141f
reloadAllAccessors: .VectorAssemblerDisassemblerSDF
----------------- testing Thu May 10 04:05:56 UTC 2018 /home/travis/build/icyphy/ptII/ptolemy/actor/lib/test/auto/WallClockTime.xml
----------------- Instantiating /home/travis/build/icyphy/ptII/ptolemy/actor/lib/test/auto/WallClockTime.xml
1004 ms. Memory: 1019904K Free: 880852K (86%)
----------------- Invoking toplevel() on ptolemy.moml.MoMLSimpleApplication@4b8df7a1
----------------- Done invoking toplevel() on ptolemy.moml.MoMLSimpleApplication@4b8df7a1
reloadAllAccessors: .WallClockTime
----------------- testing Thu May 10 04:05:57 UTC 2018 /home/travis/build/icyphy/ptII/ptolemy/actor/lib/test/auto/WidthTestWithSubscriberPublisher.xml
----------------- Instantiating /home/travis/build/icyphy/ptII/ptolemy/actor/lib/test/auto/WidthTestWithSubscriberPublisher.xml
8 ms. Memory: 1019904K Free: 856596K (84%)
----------------- Invoking toplevel() on ptolemy.moml.MoMLSimpleApplication@3288640d
----------------- Done invoking toplevel() on ptolemy.moml.MoMLSimpleApplication@3288640d
reloadAllAccessors: .WidthTestWithSubscriberPublisher
----------------- testing Thu May 10 04:05:57 UTC 2018 /home/travis/build/icyphy/ptII/ptolemy/actor/lib/test/auto/WidthTestWithSubscriberPublisher2.xml
----------------- Instantiating /home/travis/build/icyphy/ptII/ptolemy/actor/lib/test/auto/WidthTestWithSubscriberPublisher2.xml
3 ms. Memory: 1019904K Free: 841699K (83%)
----------------- Invoking toplevel() on ptolemy.moml.MoMLSimpleApplication@31c14875
----------------- Done invoking toplevel() on ptolemy.moml.MoMLSimpleApplication@31c14875
reloadAllAccessors: .WidthTestWithSubscriberPublisher2
----------------- testing Thu May 10 04:05:57 UTC 2018 /home/travis/build/icyphy/ptII/ptolemy/actor/lib/test/auto/WidthTestWithSubscriberPublisher3.xml
----------------- Instantiating /home/travis/build/icyphy/ptII/ptolemy/actor/lib/test/auto/WidthTestWithSubscriberPublisher3.xml
2 ms. Memory: 1019904K Free: 826804K (81%)
----------------- Invoking toplevel() on ptolemy.moml.MoMLSimpleApplication@7050da4a
----------------- Done invoking toplevel() on ptolemy.moml.MoMLSimpleApplication@7050da4a
reloadAllAccessors: .WidthTestWithSubscriberPublisher3
----------------- testing Thu May 10 04:05:57 UTC 2018 /home/travis/build/icyphy/ptII/ptolemy/actor/lib/test/auto/Writer.xml
----------------- Instantiating /home/travis/build/icyphy/ptII/ptolemy/actor/lib/test/auto/Writer.xml
0
1
2
3
4
1 ms. Memory: 1019904K Free: 811908K (80%)
----------------- Invoking toplevel() on ptolemy.moml.MoMLSimpleApplication@aca0299
----------------- Done invoking toplevel() on ptolemy.moml.MoMLSimpleApplication@aca0299
reloadAllAccessors: .Writer
----------------- testing Thu May 10 04:05:57 UTC 2018 /home/travis/build/icyphy/ptII/ptolemy/actor/lib/test/auto/array.xml
----------------- Instantiating /home/travis/build/icyphy/ptII/ptolemy/actor/lib/test/auto/array.xml
2 ms. Memory: 1019904K Free: 797012K (78%)
----------------- Invoking toplevel() on ptolemy.moml.MoMLSimpleApplication@66d8fbb
----------------- Done invoking toplevel() on ptolemy.moml.MoMLSimpleApplication@66d8fbb
reloadAllAccessors: .array
----------------- testing Thu May 10 04:05:57 UTC 2018 /home/travis/build/icyphy/ptII/ptolemy/actor/lib/test/auto/array2.xml
----------------- Instantiating /home/travis/build/icyphy/ptII/ptolemy/actor/lib/test/auto/array2.xml
6 ms. Memory: 1019904K Free: 782116K (77%)
----------------- Invoking toplevel() on ptolemy.moml.MoMLSimpleApplication@5e1b1dc0
----------------- Done invoking toplevel() on ptolemy.moml.MoMLSimpleApplication@5e1b1dc0
reloadAllAccessors: .array2
----------------- testing Thu May 10 04:05:57 UTC 2018 /home/travis/build/icyphy/ptII/ptolemy/actor/lib/test/auto/arrayType.xml
----------------- Instantiating /home/travis/build/icyphy/ptII/ptolemy/actor/lib/test/auto/arrayType.xml
1 ms. Memory: 1019904K Free: 767220K (75%)
----------------- Invoking toplevel() on ptolemy.moml.MoMLSimpleApplication@a6f49b6
----------------- Done invoking toplevel() on ptolemy.moml.MoMLSimpleApplication@a6f49b6
reloadAllAccessors: .arrayType
----------------- testing Thu May 10 04:05:57 UTC 2018 /home/travis/build/icyphy/ptII/ptolemy/actor/lib/test/auto/arrayType10.xml
----------------- Instantiating /home/travis/build/icyphy/ptII/ptolemy/actor/lib/test/auto/arrayType10.xml
1 ms. Memory: 1019904K Free: 752324K (74%)
----------------- Invoking toplevel() on ptolemy.moml.MoMLSimpleApplication@62c3c41d
----------------- Done invoking toplevel() on ptolemy.moml.MoMLSimpleApplication@62c3c41d
reloadAllAccessors: .arrayType10
----------------- testing Thu May 10 04:05:57 UTC 2018 /home/travis/build/icyphy/ptII/ptolemy/actor/lib/test/auto/arrayType11.xml
----------------- Instantiating /home/travis/build/icyphy/ptII/ptolemy/actor/lib/test/auto/arrayType11.xml
2 ms. Memory: 1019904K Free: 737428K (72%)
----------------- Invoking toplevel() on ptolemy.moml.MoMLSimpleApplication@222d7cbf
----------------- Done invoking toplevel() on ptolemy.moml.MoMLSimpleApplication@222d7cbf
reloadAllAccessors: .arrayType11
----------------- testing Thu May 10 04:05:57 UTC 2018 /home/travis/build/icyphy/ptII/ptolemy/actor/lib/test/auto/arrayType12.xml
----------------- Instantiating /home/travis/build/icyphy/ptII/ptolemy/actor/lib/test/auto/arrayType12.xml
2 ms. Memory: 1019904K Free: 722532K (71%)
----------------- Invoking toplevel() on ptolemy.moml.MoMLSimpleApplication@6bd6c3af
----------------- Done invoking toplevel() on ptolemy.moml.MoMLSimpleApplication@6bd6c3af
reloadAllAccessors: .arrayType12
----------------- testing Thu May 10 04:05:57 UTC 2018 /home/travis/build/icyphy/ptII/ptolemy/actor/lib/test/auto/arrayType13.xml
----------------- Instantiating /home/travis/build/icyphy/ptII/ptolemy/actor/lib/test/auto/arrayType13.xml
1 ms. Memory: 1019904K Free: 707637K (69%)
----------------- Invoking toplevel() on ptolemy.moml.MoMLSimpleApplication@6f712e82
----------------- Done invoking toplevel() on ptolemy.moml.MoMLSimpleApplication@6f712e82
reloadAllAccessors: .arrayType13
----------------- testing Thu May 10 04:05:57 UTC 2018 /home/travis/build/icyphy/ptII/ptolemy/actor/lib/test/auto/arrayType14.xml
----------------- Instantiating /home/travis/build/icyphy/ptII/ptolemy/actor/lib/test/auto/arrayType14.xml
2 ms. Memory: 1019904K Free: 695513K (68%)
----------------- Invoking toplevel() on ptolemy.moml.MoMLSimpleApplication@41713deb
----------------- Done invoking toplevel() on ptolemy.moml.MoMLSimpleApplication@41713deb
reloadAllAccessors: .arrayType14
----------------- testing Thu May 10 04:05:57 UTC 2018 /home/travis/build/icyphy/ptII/ptolemy/actor/lib/test/auto/arrayType15.xml
----------------- Instantiating /home/travis/build/icyphy/ptII/ptolemy/actor/lib/test/auto/arrayType15.xml
1 ms. Memory: 1019904K Free: 680617K (67%)
----------------- Invoking toplevel() on ptolemy.moml.MoMLSimpleApplication@2f6f1417
----------------- Done invoking toplevel() on ptolemy.moml.MoMLSimpleApplication@2f6f1417
reloadAllAccessors: .arrayType15
----------------- testing Thu May 10 04:05:57 UTC 2018 /home/travis/build/icyphy/ptII/ptolemy/actor/lib/test/auto/arrayType16.xml
----------------- Instantiating /home/travis/build/icyphy/ptII/ptolemy/actor/lib/test/auto/arrayType16.xml
2 ms. Memory: 1019904K Free: 665721K (65%)
----------------- Invoking toplevel() on ptolemy.moml.MoMLSimpleApplication@41c86c59
----------------- Done invoking toplevel() on ptolemy.moml.MoMLSimpleApplication@41c86c59
reloadAllAccessors: .arrayType16
----------------- testing Thu May 10 04:05:57 UTC 2018 /home/travis/build/icyphy/ptII/ptolemy/actor/lib/test/auto/arrayType17.xml
----------------- Instantiating /home/travis/build/icyphy/ptII/ptolemy/actor/lib/test/auto/arrayType17.xml
1 ms. Memory: 1019904K Free: 650825K (64%)
----------------- Invoking toplevel() on ptolemy.moml.MoMLSimpleApplication@36116694
----------------- Done invoking toplevel() on ptolemy.moml.MoMLSimpleApplication@36116694
reloadAllAccessors: .arrayType17
----------------- testing Thu May 10 04:05:57 UTC 2018 /home/travis/build/icyphy/ptII/ptolemy/actor/lib/test/auto/arrayType18.xml
----------------- Instantiating /home/travis/build/icyphy/ptII/ptolemy/actor/lib/test/auto/arrayType18.xml
1 ms. Memory: 1019904K Free: 635929K (62%)
----------------- Invoking toplevel() on ptolemy.moml.MoMLSimpleApplication@5e441316
----------------- Done invoking toplevel() on ptolemy.moml.MoMLSimpleApplication@5e441316
reloadAllAccessors: .arrayType18
----------------- testing Thu May 10 04:05:57 UTC 2018 /home/travis/build/icyphy/ptII/ptolemy/actor/lib/test/auto/arrayType19.xml
----------------- Instantiating /home/travis/build/icyphy/ptII/ptolemy/actor/lib/test/auto/arrayType19.xml
1 ms. Memory: 1019904K Free: 621033K (61%)
----------------- Invoking toplevel() on ptolemy.moml.MoMLSimpleApplication@1737ce4
----------------- Done invoking toplevel() on ptolemy.moml.MoMLSimpleApplication@1737ce4
reloadAllAccessors: .arrayType19
----------------- testing Thu May 10 04:05:57 UTC 2018 /home/travis/build/icyphy/ptII/ptolemy/actor/lib/test/auto/arrayType2.xml
----------------- Instantiating /home/travis/build/icyphy/ptII/ptolemy/actor/lib/test/auto/arrayType2.xml
1 ms. Memory: 1019904K Free: 606137K (59%)
----------------- Invoking toplevel() on ptolemy.moml.MoMLSimpleApplication@6a8f5ffe
----------------- Done invoking toplevel() on ptolemy.moml.MoMLSimpleApplication@6a8f5ffe
reloadAllAccessors: .arrayType2
----------------- testing Thu May 10 04:05:57 UTC 2018 /home/travis/build/icyphy/ptII/ptolemy/actor/lib/test/auto/arrayType20.xml
----------------- Instantiating /home/travis/build/icyphy/ptII/ptolemy/actor/lib/test/auto/arrayType20.xml
2 ms. Memory: 1019904K Free: 591241K (58%)
----------------- Invoking toplevel() on ptolemy.moml.MoMLSimpleApplication@5048d1
----------------- Done invoking toplevel() on ptolemy.moml.MoMLSimpleApplication@5048d1
reloadAllAccessors: .arrayType20
----------------- testing Thu May 10 04:05:57 UTC 2018 /home/travis/build/icyphy/ptII/ptolemy/actor/lib/test/auto/arrayType21.xml
----------------- Instantiating /home/travis/build/icyphy/ptII/ptolemy/actor/lib/test/auto/arrayType21.xml
1 ms. Memory: 1019904K Free: 576346K (57%)
----------------- Invoking toplevel() on ptolemy.moml.MoMLSimpleApplication@6ef5a0fa
----------------- Done invoking toplevel() on ptolemy.moml.MoMLSimpleApplication@6ef5a0fa
reloadAllAccessors: .arrayType21
----------------- testing Thu May 10 04:05:57 UTC 2018 /home/travis/build/icyphy/ptII/ptolemy/actor/lib/test/auto/arrayType22.xml
----------------- Instantiating /home/travis/build/icyphy/ptII/ptolemy/actor/lib/test/auto/arrayType22.xml
1 ms. Memory: 1019904K Free: 561450K (55%)
----------------- Invoking toplevel() on ptolemy.moml.MoMLSimpleApplication@5eae7a7b
----------------- Done invoking toplevel() on ptolemy.moml.MoMLSimpleApplication@5eae7a7b
reloadAllAccessors: .arrayType22
----------------- testing Thu May 10 04:05:57 UTC 2018 /home/travis/build/icyphy/ptII/ptolemy/actor/lib/test/auto/arrayType23.xml
----------------- Instantiating /home/travis/build/icyphy/ptII/ptolemy/actor/lib/test/auto/arrayType23.xml
1 ms. Memory: 1019904K Free: 546554K (54%)
----------------- Invoking toplevel() on ptolemy.moml.MoMLSimpleApplication@5bb7ba63
----------------- Done invoking toplevel() on ptolemy.moml.MoMLSimpleApplication@5bb7ba63
reloadAllAccessors: .arrayType23
----------------- testing Thu May 10 04:05:57 UTC 2018 /home/travis/build/icyphy/ptII/ptolemy/actor/lib/test/auto/arrayType24.xml
----------------- Instantiating /home/travis/build/icyphy/ptII/ptolemy/actor/lib/test/auto/arrayType24.xml
1 ms. Memory: 1019904K Free: 531658K (52%)
----------------- Invoking toplevel() on ptolemy.moml.MoMLSimpleApplication@18ea792b
----------------- Done invoking toplevel() on ptolemy.moml.MoMLSimpleApplication@18ea792b
reloadAllAccessors: .arrayType24
----------------- testing Thu May 10 04:05:57 UTC 2018 /home/travis/build/icyphy/ptII/ptolemy/actor/lib/test/auto/arrayType25.xml
----------------- Instantiating /home/travis/build/icyphy/ptII/ptolemy/actor/lib/test/auto/arrayType25.xml
2 ms. Memory: 1019904K Free: 519534K (51%)
----------------- Invoking toplevel() on ptolemy.moml.MoMLSimpleApplication@673619bc
----------------- Done invoking toplevel() on ptolemy.moml.MoMLSimpleApplication@673619bc
reloadAllAccessors: .arrayType25
----------------- testing Thu May 10 04:05:57 UTC 2018 /home/travis/build/icyphy/ptII/ptolemy/actor/lib/test/auto/arrayType26.xml
----------------- Instantiating /home/travis/build/icyphy/ptII/ptolemy/actor/lib/test/auto/arrayType26.xml
1 ms. Memory: 1019904K Free: 504638K (49%)
----------------- Invoking toplevel() on ptolemy.moml.MoMLSimpleApplication@19849fc6
----------------- Done invoking toplevel() on ptolemy.moml.MoMLSimpleApplication@19849fc6
reloadAllAccessors: .arrayType26
----------------- testing Thu May 10 04:05:57 UTC 2018 /home/travis/build/icyphy/ptII/ptolemy/actor/lib/test/auto/arrayType27.xml
----------------- Instantiating /home/travis/build/icyphy/ptII/ptolemy/actor/lib/test/auto/arrayType27.xml
2 ms. Memory: 1019904K Free: 489742K (48%)
----------------- Invoking toplevel() on ptolemy.moml.MoMLSimpleApplication@6a45bd8c
----------------- Done invoking toplevel() on ptolemy.moml.MoMLSimpleApplication@6a45bd8c
reloadAllAccessors: .arrayType27
----------------- testing Thu May 10 04:05:57 UTC 2018 /home/travis/build/icyphy/ptII/ptolemy/actor/lib/test/auto/arrayType28.xml
----------------- Instantiating /home/travis/build/icyphy/ptII/ptolemy/actor/lib/test/auto/arrayType28.xml
2 ms. Memory: 1019904K Free: 474847K (47%)
----------------- Invoking toplevel() on ptolemy.moml.MoMLSimpleApplication@64bbcbc2
----------------- Done invoking toplevel() on ptolemy.moml.MoMLSimpleApplication@64bbcbc2
reloadAllAccessors: .arrayType28
----------------- testing Thu May 10 04:05:57 UTC 2018 /home/travis/build/icyphy/ptII/ptolemy/actor/lib/test/auto/arrayType3.xml
----------------- Instantiating /home/travis/build/icyphy/ptII/ptolemy/actor/lib/test/auto/arrayType3.xml
1 ms. Memory: 1019904K Free: 459951K (45%)
----------------- Invoking toplevel() on ptolemy.moml.MoMLSimpleApplication@48529ed
----------------- Done invoking toplevel() on ptolemy.moml.MoMLSimpleApplication@48529ed
reloadAllAccessors: .arrayType3
----------------- testing Thu May 10 04:05:57 UTC 2018 /home/travis/build/icyphy/ptII/ptolemy/actor/lib/test/auto/arrayType4.xml
----------------- Instantiating /home/travis/build/icyphy/ptII/ptolemy/actor/lib/test/auto/arrayType4.xml
2 ms. Memory: 1019904K Free: 445055K (44%)
----------------- Invoking toplevel() on ptolemy.moml.MoMLSimpleApplication@1d7ed236
----------------- Done invoking toplevel() on ptolemy.moml.MoMLSimpleApplication@1d7ed236
reloadAllAccessors: .arrayType4
----------------- testing Thu May 10 04:05:57 UTC 2018 /home/travis/build/icyphy/ptII/ptolemy/actor/lib/test/auto/arrayType5.xml
----------------- Instantiating /home/travis/build/icyphy/ptII/ptolemy/actor/lib/test/auto/arrayType5.xml
2 ms. Memory: 1019904K Free: 430159K (42%)
----------------- Invoking toplevel() on ptolemy.moml.MoMLSimpleApplication@77d1bf4a
----------------- Done invoking toplevel() on ptolemy.moml.MoMLSimpleApplication@77d1bf4a
reloadAllAccessors: .arrayType5
----------------- testing Thu May 10 04:05:58 UTC 2018 /home/travis/build/icyphy/ptII/ptolemy/actor/lib/test/auto/arrayType6.xml
----------------- Instantiating /home/travis/build/icyphy/ptII/ptolemy/actor/lib/test/auto/arrayType6.xml
2 ms. Memory: 1019904K Free: 415263K (41%)
----------------- Invoking toplevel() on ptolemy.moml.MoMLSimpleApplication@93fd065
----------------- Done invoking toplevel() on ptolemy.moml.MoMLSimpleApplication@93fd065
reloadAllAccessors: .arrayType6
----------------- testing Thu May 10 04:05:58 UTC 2018 /home/travis/build/icyphy/ptII/ptolemy/actor/lib/test/auto/arrayType7.xml
----------------- Instantiating /home/travis/build/icyphy/ptII/ptolemy/actor/lib/test/auto/arrayType7.xml
1 ms. Memory: 1019904K Free: 400367K (39%)
----------------- Invoking toplevel() on ptolemy.moml.MoMLSimpleApplication@6a99792a
----------------- Done invoking toplevel() on ptolemy.moml.MoMLSimpleApplication@6a99792a
reloadAllAccessors: .arrayType7
----------------- testing Thu May 10 04:05:58 UTC 2018 /home/travis/build/icyphy/ptII/ptolemy/actor/lib/test/auto/arrayType8.xml
----------------- Instantiating /home/travis/build/icyphy/ptII/ptolemy/actor/lib/test/auto/arrayType8.xml
2 ms. Memory: 1019904K Free: 385471K (38%)
----------------- Invoking toplevel() on ptolemy.moml.MoMLSimpleApplication@3b7a1a90
----------------- Done invoking toplevel() on ptolemy.moml.MoMLSimpleApplication@3b7a1a90
reloadAllAccessors: .arrayType8
----------------- testing Thu May 10 04:05:58 UTC 2018 /home/travis/build/icyphy/ptII/ptolemy/actor/lib/test/auto/arrayType9.xml
----------------- Instantiating /home/travis/build/icyphy/ptII/ptolemy/actor/lib/test/auto/arrayType9.xml
1 ms. Memory: 1019904K Free: 370576K (36%)
----------------- Invoking toplevel() on ptolemy.moml.MoMLSimpleApplication@729e31ce
----------------- Done invoking toplevel() on ptolemy.moml.MoMLSimpleApplication@729e31ce
reloadAllAccessors: .arrayType9
----------------- testing Thu May 10 04:05:58 UTC 2018 /home/travis/build/icyphy/ptII/ptolemy/actor/lib/test/auto/cast.xml
----------------- Instantiating /home/travis/build/icyphy/ptII/ptolemy/actor/lib/test/auto/cast.xml
2 ms. Memory: 1019904K Free: 355680K (35%)
----------------- Invoking toplevel() on ptolemy.moml.MoMLSimpleApplication@51560c56
----------------- Done invoking toplevel() on ptolemy.moml.MoMLSimpleApplication@51560c56
reloadAllAccessors: .cast
----------------- testing Thu May 10 04:05:58 UTC 2018 /home/travis/build/icyphy/ptII/ptolemy/actor/lib/test/auto/compositeMultiPort.xml
----------------- Instantiating /home/travis/build/icyphy/ptII/ptolemy/actor/lib/test/auto/compositeMultiPort.xml
3 ms. Memory: 1019904K Free: 340784K (33%)
----------------- Invoking toplevel() on ptolemy.moml.MoMLSimpleApplication@599f2c32
----------------- Done invoking toplevel() on ptolemy.moml.MoMLSimpleApplication@599f2c32
reloadAllAccessors: .compositeMultiPort
----------------- testing Thu May 10 04:05:58 UTC 2018 /home/travis/build/icyphy/ptII/ptolemy/actor/lib/test/auto/expressionCastInference.xml
----------------- Instantiating /home/travis/build/icyphy/ptII/ptolemy/actor/lib/test/auto/expressionCastInference.xml
2 ms. Memory: 1019904K Free: 328660K (32%)
----------------- Invoking toplevel() on ptolemy.moml.MoMLSimpleApplication@4fc95b71
----------------- Done invoking toplevel() on ptolemy.moml.MoMLSimpleApplication@4fc95b71
reloadAllAccessors: .expressionCastInference
----------------- testing Thu May 10 04:05:58 UTC 2018 /home/travis/build/icyphy/ptII/ptolemy/actor/lib/test/auto/expressionCastInference2.xml
----------------- Instantiating /home/travis/build/icyphy/ptII/ptolemy/actor/lib/test/auto/expressionCastInference2.xml
2 ms. Memory: 1019904K Free: 313764K (31%)
----------------- Invoking toplevel() on ptolemy.moml.MoMLSimpleApplication@45c4dfcf
----------------- Done invoking toplevel() on ptolemy.moml.MoMLSimpleApplication@45c4dfcf
reloadAllAccessors: .expressionCastInference2
----------------- testing Thu May 10 04:05:58 UTC 2018 /home/travis/build/icyphy/ptII/ptolemy/actor/lib/test/auto/expressionInference.xml
----------------- Instantiating /home/travis/build/icyphy/ptII/ptolemy/actor/lib/test/auto/expressionInference.xml
1 ms. Memory: 1019904K Free: 298869K (29%)
----------------- Invoking toplevel() on ptolemy.moml.MoMLSimpleApplication@6a96bbd9
----------------- Done invoking toplevel() on ptolemy.moml.MoMLSimpleApplication@6a96bbd9
reloadAllAccessors: .expressionInference
----------------- testing Thu May 10 04:05:58 UTC 2018 /home/travis/build/icyphy/ptII/ptolemy/actor/lib/test/auto/expression_bug.xml
----------------- Instantiating /home/travis/build/icyphy/ptII/ptolemy/actor/lib/test/auto/expression_bug.xml
1 ms. Memory: 1019904K Free: 283973K (28%)
----------------- Invoking toplevel() on ptolemy.moml.MoMLSimpleApplication@1fe7d127
----------------- Done invoking toplevel() on ptolemy.moml.MoMLSimpleApplication@1fe7d127
reloadAllAccessors: .expression_bug
----------------- testing Thu May 10 04:05:58 UTC 2018 /home/travis/build/icyphy/ptII/ptolemy/actor/lib/test/auto/factorial.xml
----------------- Instantiating /home/travis/build/icyphy/ptII/ptolemy/actor/lib/test/auto/factorial.xml
56 ms. Memory: 1019904K Free: 269077K (26%)
----------------- Invoking toplevel() on ptolemy.moml.MoMLSimpleApplication@86f056f
----------------- Done invoking toplevel() on ptolemy.moml.MoMLSimpleApplication@86f056f
reloadAllAccessors: .factorial
----------------- testing Thu May 10 04:05:58 UTC 2018 /home/travis/build/icyphy/ptII/ptolemy/actor/lib/test/auto/filterTest1.xml
----------------- Instantiating /home/travis/build/icyphy/ptII/ptolemy/actor/lib/test/auto/filterTest1.xml
3 ms. Memory: 1019904K Free: 254181K (25%)
----------------- Invoking toplevel() on ptolemy.moml.MoMLSimpleApplication@31b7196f
----------------- Done invoking toplevel() on ptolemy.moml.MoMLSimpleApplication@31b7196f
reloadAllAccessors: .filterTest1
----------------- testing Thu May 10 04:05:58 UTC 2018 /home/travis/build/icyphy/ptII/ptolemy/actor/lib/test/auto/funcApplyInConst.xml
----------------- Instantiating /home/travis/build/icyphy/ptII/ptolemy/actor/lib/test/auto/funcApplyInConst.xml
1 ms. Memory: 1019904K Free: 239285K (23%)
----------------- Invoking toplevel() on ptolemy.moml.MoMLSimpleApplication@639e2daa
----------------- Done invoking toplevel() on ptolemy.moml.MoMLSimpleApplication@639e2daa
reloadAllAccessors: .funcApplyInConst
----------------- testing Thu May 10 04:05:58 UTC 2018 /home/travis/build/icyphy/ptII/ptolemy/actor/lib/test/auto/funcApplyInExpr.xml
----------------- Instantiating /home/travis/build/icyphy/ptII/ptolemy/actor/lib/test/auto/funcApplyInExpr.xml
2 ms. Memory: 1019904K Free: 224390K (22%)
----------------- Invoking toplevel() on ptolemy.moml.MoMLSimpleApplication@7e145471
----------------- Done invoking toplevel() on ptolemy.moml.MoMLSimpleApplication@7e145471
reloadAllAccessors: .funcApplyInExpr
----------------- testing Thu May 10 04:05:58 UTC 2018 /home/travis/build/icyphy/ptII/ptolemy/actor/lib/test/auto/function.xml
----------------- Instantiating /home/travis/build/icyphy/ptII/ptolemy/actor/lib/test/auto/function.xml
2 ms. Memory: 1019904K Free: 209494K (21%)
----------------- Invoking toplevel() on ptolemy.moml.MoMLSimpleApplication@1aca2b9c
----------------- Done invoking toplevel() on ptolemy.moml.MoMLSimpleApplication@1aca2b9c
reloadAllAccessors: .function
----------------- testing Thu May 10 04:05:58 UTC 2018 /home/travis/build/icyphy/ptII/ptolemy/actor/lib/test/auto/function2.xml
----------------- Instantiating /home/travis/build/icyphy/ptII/ptolemy/actor/lib/test/auto/function2.xml
2 ms. Memory: 1019904K Free: 194598K (19%)
----------------- Invoking toplevel() on ptolemy.moml.MoMLSimpleApplication@1b13d435
----------------- Done invoking toplevel() on ptolemy.moml.MoMLSimpleApplication@1b13d435
reloadAllAccessors: .function2
----------------- testing Thu May 10 04:05:58 UTC 2018 /home/travis/build/icyphy/ptII/ptolemy/actor/lib/test/auto/function3.xml
----------------- Instantiating /home/travis/build/icyphy/ptII/ptolemy/actor/lib/test/auto/function3.xml
2 ms. Memory: 1019904K Free: 179702K (18%)
----------------- Invoking toplevel() on ptolemy.moml.MoMLSimpleApplication@f58bc23
----------------- Done invoking toplevel() on ptolemy.moml.MoMLSimpleApplication@f58bc23
reloadAllAccessors: .function3
----------------- testing Thu May 10 04:05:58 UTC 2018 /home/travis/build/icyphy/ptII/ptolemy/actor/lib/test/auto/functionClosureTest1.xml
----------------- Instantiating /home/travis/build/icyphy/ptII/ptolemy/actor/lib/test/auto/functionClosureTest1.xml
2 ms. Memory: 1019904K Free: 164806K (16%)
----------------- Invoking toplevel() on ptolemy.moml.MoMLSimpleApplication@7f3ba4db
----------------- Done invoking toplevel() on ptolemy.moml.MoMLSimpleApplication@7f3ba4db
reloadAllAccessors: .functionClosureTest1
----------------- testing Thu May 10 04:05:58 UTC 2018 /home/travis/build/icyphy/ptII/ptolemy/actor/lib/test/auto/functionClosureTest2.xml
----------------- Instantiating /home/travis/build/icyphy/ptII/ptolemy/actor/lib/test/auto/functionClosureTest2.xml
1 ms. Memory: 1019904K Free: 149910K (15%)
----------------- Invoking toplevel() on ptolemy.moml.MoMLSimpleApplication@2b437510
----------------- Done invoking toplevel() on ptolemy.moml.MoMLSimpleApplication@2b437510
reloadAllAccessors: .functionClosureTest2
----------------- testing Thu May 10 04:05:58 UTC 2018 /home/travis/build/icyphy/ptII/ptolemy/actor/lib/test/auto/functionClosureTest3.xml
----------------- Instantiating /home/travis/build/icyphy/ptII/ptolemy/actor/lib/test/auto/functionClosureTest3.xml
2 ms. Memory: 1019904K Free: 135015K (13%)
----------------- Invoking toplevel() on ptolemy.moml.MoMLSimpleApplication@7761d6ee
----------------- Done invoking toplevel() on ptolemy.moml.MoMLSimpleApplication@7761d6ee
reloadAllAccessors: .functionClosureTest3
----------------- testing Thu May 10 04:05:58 UTC 2018 /home/travis/build/icyphy/ptII/ptolemy/actor/lib/test/auto/functionClosureTest4.xml
----------------- Instantiating /home/travis/build/icyphy/ptII/ptolemy/actor/lib/test/auto/functionClosureTest4.xml
4 ms. Memory: 1019904K Free: 122890K (12%)
----------------- Invoking toplevel() on ptolemy.moml.MoMLSimpleApplication@73bb7acc
----------------- Done invoking toplevel() on ptolemy.moml.MoMLSimpleApplication@73bb7acc
reloadAllAccessors: .functionClosureTest4
----------------- testing Thu May 10 04:05:58 UTC 2018 /home/travis/build/icyphy/ptII/ptolemy/actor/lib/test/auto/functionClosureTest5.xml
----------------- Instantiating /home/travis/build/icyphy/ptII/ptolemy/actor/lib/test/auto/functionClosureTest5.xml
4 ms. Memory: 1019904K Free: 107995K (11%)
----------------- Invoking toplevel() on ptolemy.moml.MoMLSimpleApplication@5f6147fd
----------------- Done invoking toplevel() on ptolemy.moml.MoMLSimpleApplication@5f6147fd
reloadAllAccessors: .functionClosureTest5
----------------- testing Thu May 10 04:05:58 UTC 2018 /home/travis/build/icyphy/ptII/ptolemy/actor/lib/test/auto/functionClosureTest6.xml
----------------- Instantiating /home/travis/build/icyphy/ptII/ptolemy/actor/lib/test/auto/functionClosureTest6.xml
3 ms. Memory: 1019904K Free: 93099K (9%)
----------------- Invoking toplevel() on ptolemy.moml.MoMLSimpleApplication@12a8bf6
----------------- Done invoking toplevel() on ptolemy.moml.MoMLSimpleApplication@12a8bf6
reloadAllAccessors: .functionClosureTest6
----------------- testing Thu May 10 04:05:58 UTC 2018 /home/travis/build/icyphy/ptII/ptolemy/actor/lib/test/auto/functionsOnArcs.xml
----------------- Instantiating /home/travis/build/icyphy/ptII/ptolemy/actor/lib/test/auto/functionsOnArcs.xml
3 ms. Memory: 1019904K Free: 78203K (8%)
----------------- Invoking toplevel() on ptolemy.moml.MoMLSimpleApplication@27057bed
----------------- Done invoking toplevel() on ptolemy.moml.MoMLSimpleApplication@27057bed
reloadAllAccessors: .functionsOnArcs
----------------- testing Thu May 10 04:05:58 UTC 2018 /home/travis/build/icyphy/ptII/ptolemy/actor/lib/test/auto/functionsOnArcsHOF.xml
----------------- Instantiating /home/travis/build/icyphy/ptII/ptolemy/actor/lib/test/auto/functionsOnArcsHOF.xml
4 ms. Memory: 1019904K Free: 67253K (7%)
----------------- Invoking toplevel() on ptolemy.moml.MoMLSimpleApplication@4b210e8a
----------------- Done invoking toplevel() on ptolemy.moml.MoMLSimpleApplication@4b210e8a
reloadAllAccessors: .functionsOnArcsHOF
----------------- testing Thu May 10 04:05:58 UTC 2018 /home/travis/build/icyphy/ptII/ptolemy/actor/lib/test/auto/logic.xml
----------------- Instantiating /home/travis/build/icyphy/ptII/ptolemy/actor/lib/test/auto/logic.xml
2 ms. Memory: 1049088K Free: 991539K (95%)
----------------- Invoking toplevel() on ptolemy.moml.MoMLSimpleApplication@a910e93
----------------- Done invoking toplevel() on ptolemy.moml.MoMLSimpleApplication@a910e93
reloadAllAccessors: .logic
----------------- testing Thu May 10 04:05:58 UTC 2018 /home/travis/build/icyphy/ptII/ptolemy/actor/lib/test/auto/matrixType.xml
----------------- Instantiating /home/travis/build/icyphy/ptII/ptolemy/actor/lib/test/auto/matrixType.xml
1 ms. Memory: 1049088K Free: 976065K (93%)
----------------- Invoking toplevel() on ptolemy.moml.MoMLSimpleApplication@c82742c
----------------- Done invoking toplevel() on ptolemy.moml.MoMLSimpleApplication@c82742c
reloadAllAccessors: .matrixType
----------------- testing Thu May 10 04:05:58 UTC 2018 /home/travis/build/icyphy/ptII/ptolemy/actor/lib/test/auto/matrixType10.xml
----------------- Instantiating /home/travis/build/icyphy/ptII/ptolemy/actor/lib/test/auto/matrixType10.xml
2 ms. Memory: 1049088K Free: 960591K (92%)
----------------- Invoking toplevel() on ptolemy.moml.MoMLSimpleApplication@46c262d1
----------------- Done invoking toplevel() on ptolemy.moml.MoMLSimpleApplication@46c262d1
reloadAllAccessors: .matrixType10
----------------- testing Thu May 10 04:05:58 UTC 2018 /home/travis/build/icyphy/ptII/ptolemy/actor/lib/test/auto/matrixType11.xml
----------------- Instantiating /home/travis/build/icyphy/ptII/ptolemy/actor/lib/test/auto/matrixType11.xml
2 ms. Memory: 1049088K Free: 945117K (90%)
----------------- Invoking toplevel() on ptolemy.moml.MoMLSimpleApplication@5d306146
----------------- Done invoking toplevel() on ptolemy.moml.MoMLSimpleApplication@5d306146
reloadAllAccessors: .matrixType11
----------------- testing Thu May 10 04:05:58 UTC 2018 /home/travis/build/icyphy/ptII/ptolemy/actor/lib/test/auto/matrixType12.xml
----------------- Instantiating /home/travis/build/icyphy/ptII/ptolemy/actor/lib/test/auto/matrixType12.xml
1 ms. Memory: 1049088K Free: 929643K (89%)
----------------- Invoking toplevel() on ptolemy.moml.MoMLSimpleApplication@46ae5069
----------------- Done invoking toplevel() on ptolemy.moml.MoMLSimpleApplication@46ae5069
reloadAllAccessors: .matrixType12
----------------- testing Thu May 10 04:05:58 UTC 2018 /home/travis/build/icyphy/ptII/ptolemy/actor/lib/test/auto/matrixType13.xml
----------------- Instantiating /home/travis/build/icyphy/ptII/ptolemy/actor/lib/test/auto/matrixType13.xml
1 ms. Memory: 1049088K Free: 917129K (87%)
----------------- Invoking toplevel() on ptolemy.moml.MoMLSimpleApplication@4c8211ec
----------------- Done invoking toplevel() on ptolemy.moml.MoMLSimpleApplication@4c8211ec
reloadAllAccessors: .matrixType13
----------------- testing Thu May 10 04:05:58 UTC 2018 /home/travis/build/icyphy/ptII/ptolemy/actor/lib/test/auto/matrixType14.xml
----------------- Instantiating /home/travis/build/icyphy/ptII/ptolemy/actor/lib/test/auto/matrixType14.xml
2 ms. Memory: 1049088K Free: 901655K (86%)
----------------- Invoking toplevel() on ptolemy.moml.MoMLSimpleApplication@2617862e
----------------- Done invoking toplevel() on ptolemy.moml.MoMLSimpleApplication@2617862e
reloadAllAccessors: .matrixType14
----------------- testing Thu May 10 04:05:58 UTC 2018 /home/travis/build/icyphy/ptII/ptolemy/actor/lib/test/auto/matrixType2.xml
----------------- Instantiating /home/travis/build/icyphy/ptII/ptolemy/actor/lib/test/auto/matrixType2.xml
2 ms. Memory: 1049088K Free: 886182K (84%)
----------------- Invoking toplevel() on ptolemy.moml.MoMLSimpleApplication@693a73e2
----------------- Done invoking toplevel() on ptolemy.moml.MoMLSimpleApplication@693a73e2
reloadAllAccessors: .matrixType2
----------------- testing Thu May 10 04:05:58 UTC 2018 /home/travis/build/icyphy/ptII/ptolemy/actor/lib/test/auto/matrixType3.xml
----------------- Instantiating /home/travis/build/icyphy/ptII/ptolemy/actor/lib/test/auto/matrixType3.xml
4 ms. Memory: 1049088K Free: 870707K (83%)
----------------- Invoking toplevel() on ptolemy.moml.MoMLSimpleApplication@1d818d5
----------------- Done invoking toplevel() on ptolemy.moml.MoMLSimpleApplication@1d818d5
reloadAllAccessors: .matrixType3
----------------- testing Thu May 10 04:05:58 UTC 2018 /home/travis/build/icyphy/ptII/ptolemy/actor/lib/test/auto/matrixType4.xml
----------------- Instantiating /home/travis/build/icyphy/ptII/ptolemy/actor/lib/test/auto/matrixType4.xml
1 ms. Memory: 1049088K Free: 855234K (82%)
----------------- Invoking toplevel() on ptolemy.moml.MoMLSimpleApplication@69708b14
----------------- Done invoking toplevel() on ptolemy.moml.MoMLSimpleApplication@69708b14
reloadAllAccessors: .matrixType4
----------------- testing Thu May 10 04:05:58 UTC 2018 /home/travis/build/icyphy/ptII/ptolemy/actor/lib/test/auto/matrixType5.xml
----------------- Instantiating /home/travis/build/icyphy/ptII/ptolemy/actor/lib/test/auto/matrixType5.xml
1 ms. Memory: 1049088K Free: 839760K (80%)
----------------- Invoking toplevel() on ptolemy.moml.MoMLSimpleApplication@3c6d6172
----------------- Done invoking toplevel() on ptolemy.moml.MoMLSimpleApplication@3c6d6172
reloadAllAccessors: .matrixType5
----------------- testing Thu May 10 04:05:58 UTC 2018 /home/travis/build/icyphy/ptII/ptolemy/actor/lib/test/auto/matrixType6.xml
----------------- Instantiating /home/travis/build/icyphy/ptII/ptolemy/actor/lib/test/auto/matrixType6.xml
1 ms. Memory: 1049088K Free: 824286K (79%)
----------------- Invoking toplevel() on ptolemy.moml.MoMLSimpleApplication@26dbfddf
----------------- Done invoking toplevel() on ptolemy.moml.MoMLSimpleApplication@26dbfddf
reloadAllAccessors: .matrixType6
----------------- testing Thu May 10 04:05:58 UTC 2018 /home/travis/build/icyphy/ptII/ptolemy/actor/lib/test/auto/matrixType7.xml
----------------- Instantiating /home/travis/build/icyphy/ptII/ptolemy/actor/lib/test/auto/matrixType7.xml
1 ms. Memory: 1049088K Free: 808812K (77%)
----------------- Invoking toplevel() on ptolemy.moml.MoMLSimpleApplication@35ab070b
----------------- Done invoking toplevel() on ptolemy.moml.MoMLSimpleApplication@35ab070b
reloadAllAccessors: .matrixType7
----------------- testing Thu May 10 04:05:58 UTC 2018 /home/travis/build/icyphy/ptII/ptolemy/actor/lib/test/auto/matrixType8.xml
----------------- Instantiating /home/travis/build/icyphy/ptII/ptolemy/actor/lib/test/auto/matrixType8.xml
1 ms. Memory: 1049088K Free: 796298K (76%)
----------------- Invoking toplevel() on ptolemy.moml.MoMLSimpleApplication@7c55bd7f
----------------- Done invoking toplevel() on ptolemy.moml.MoMLSimpleApplication@7c55bd7f
reloadAllAccessors: .matrixType8
----------------- testing Thu May 10 04:05:58 UTC 2018 /home/travis/build/icyphy/ptII/ptolemy/actor/lib/test/auto/matrixType9.xml
----------------- Instantiating /home/travis/build/icyphy/ptII/ptolemy/actor/lib/test/auto/matrixType9.xml
2 ms. Memory: 1049088K Free: 780825K (74%)
----------------- Invoking toplevel() on ptolemy.moml.MoMLSimpleApplication@35f8fd5
----------------- Done invoking toplevel() on ptolemy.moml.MoMLSimpleApplication@35f8fd5
reloadAllAccessors: .matrixType9
----------------- testing Thu May 10 04:05:58 UTC 2018 /home/travis/build/icyphy/ptII/ptolemy/actor/lib/test/auto/paraFunctest.xml
----------------- Instantiating /home/travis/build/icyphy/ptII/ptolemy/actor/lib/test/auto/paraFunctest.xml
2 ms. Memory: 1049088K Free: 765350K (73%)
----------------- Invoking toplevel() on ptolemy.moml.MoMLSimpleApplication@75c3483e
----------------- Done invoking toplevel() on ptolemy.moml.MoMLSimpleApplication@75c3483e
reloadAllAccessors: .paraFunctest
----------------- testing Thu May 10 04:05:58 UTC 2018 /home/travis/build/icyphy/ptII/ptolemy/actor/lib/test/auto/paraFunctest2.xml
----------------- Instantiating /home/travis/build/icyphy/ptII/ptolemy/actor/lib/test/auto/paraFunctest2.xml
2 ms. Memory: 1049088K Free: 749877K (71%)
----------------- Invoking toplevel() on ptolemy.moml.MoMLSimpleApplication@46ae5ec8
----------------- Done invoking toplevel() on ptolemy.moml.MoMLSimpleApplication@46ae5ec8
reloadAllAccessors: .paraFunctest2
----------------- testing Thu May 10 04:05:58 UTC 2018 /home/travis/build/icyphy/ptII/ptolemy/actor/lib/test/auto/parameterPassing.xml
----------------- Instantiating /home/travis/build/icyphy/ptII/ptolemy/actor/lib/test/auto/parameterPassing.xml
1 ms. Memory: 1049088K Free: 734402K (70%)
----------------- Invoking toplevel() on ptolemy.moml.MoMLSimpleApplication@7f35ca9d
----------------- Done invoking toplevel() on ptolemy.moml.MoMLSimpleApplication@7f35ca9d
reloadAllAccessors: .parameterPassing
----------------- testing Thu May 10 04:05:58 UTC 2018 /home/travis/build/icyphy/ptII/ptolemy/actor/lib/test/auto/record.xml
----------------- Instantiating /home/travis/build/icyphy/ptII/ptolemy/actor/lib/test/auto/record.xml
2 ms. Memory: 1049088K Free: 718928K (69%)
----------------- Invoking toplevel() on ptolemy.moml.MoMLSimpleApplication@6217dcd0
----------------- Done invoking toplevel() on ptolemy.moml.MoMLSimpleApplication@6217dcd0
reloadAllAccessors: .record
----------------- testing Thu May 10 04:05:58 UTC 2018 /home/travis/build/icyphy/ptII/ptolemy/actor/lib/test/auto/sizedarray1.xml
----------------- Instantiating /home/travis/build/icyphy/ptII/ptolemy/actor/lib/test/auto/sizedarray1.xml
1 ms. Memory: 1049088K Free: 703454K (67%)
----------------- Invoking toplevel() on ptolemy.moml.MoMLSimpleApplication@68ff93d2
----------------- Done invoking toplevel() on ptolemy.moml.MoMLSimpleApplication@68ff93d2
reloadAllAccessors: .sizedarray1
----------------- testing Thu May 10 04:05:58 UTC 2018 /home/travis/build/icyphy/ptII/ptolemy/actor/lib/test/auto/sizedarray2.xml
----------------- Instantiating /home/travis/build/icyphy/ptII/ptolemy/actor/lib/test/auto/sizedarray2.xml
2 ms. Memory: 1049088K Free: 687980K (66%)
----------------- Invoking toplevel() on ptolemy.moml.MoMLSimpleApplication@5be075ed
----------------- Done invoking toplevel() on ptolemy.moml.MoMLSimpleApplication@5be075ed
reloadAllAccessors: .sizedarray2
----------------- testing Thu May 10 04:05:58 UTC 2018 /home/travis/build/icyphy/ptII/ptolemy/actor/lib/test/auto/twoPublishers.xml
----------------- Instantiating /home/travis/build/icyphy/ptII/ptolemy/actor/lib/test/auto/twoPublishers.xml
5 ms. Memory: 1049088K Free: 666242K (64%)
----------------- Invoking toplevel() on ptolemy.moml.MoMLSimpleApplication@6197f852
----------------- Done invoking toplevel() on ptolemy.moml.MoMLSimpleApplication@6197f852
reloadAllAccessors: .twoPublishers
AutoTests.java: About to close Vertx.
AutoTests.java: Vertx closed.
]]></system-out>
  <system-err><![CDATA[java.lang.RuntimeException: Execution failed
	at ptolemy.moml.MoMLSimpleApplication$UnloadThread.run(MoMLSimpleApplication.java:402)
Caused by: java.lang.RuntimeException: Normally, we would exit here because Manager.exitAfterWrapup() was called.  However, because the ptolemy.ptII.exitAfterWrapup property is set, we throw this exception instead.
	at ptolemy.util.StringUtilities.exit(StringUtilities.java:365)
	at ptolemy.actor.Manager.wrapup(Manager.java:1531)
	at ptolemy.actor.Manager.execute(Manager.java:407)
	at ptolemy.actor.Manager.run(Manager.java:1263)
	at ptolemy.actor.Manager$PtolemyRunThread.run(Manager.java:1915)
Warning: '.top.test' is in training mode, set the trainingMode parameter to false before checking in
Warning: '.top.test' is in training mode, set the trainingMode parameter to false before checking in
Warning: '.top.test' is in training mode, set the trainingMode parameter to false before checking in
Warning: '.BooleanSwitch_RegressionTest_WrongTrainingValues.Test' is in training mode, set the trainingMode parameter to false before checking in
Warning: '.BooleanSwitch_RegressionTest_WrongTrainingValues.Test2' is in training mode, set the trainingMode parameter to false before checking in
Warning: '.BooleanSwitch_RegressionTest_WrongTrainingValues.Test2' The test produced 0 tokens.
Warning: '.top.testExceptionHandler' is in training mode, set the trainingMode parameter to false before checking in
java.lang.RuntimeException: Execution failed
	at ptolemy.moml.MoMLSimpleApplication$UnloadThread.run(MoMLSimpleApplication.java:402)
Caused by: ptolemy.kernel.util.IllegalActionException: PublisherPorts cannot be used at the top level, use a Publisher actor instead.
  in .PublisherPortToplevelSubscriber.PublisherPort
	at ptolemy.actor.PublisherPort.preinitialize(PublisherPort.java:403)
	at ptolemy.actor.CompositeActor.preinitialize(CompositeActor.java:1769)
	at ptolemy.actor.Manager.preinitializeAndResolveTypes(Manager.java:1040)
	at ptolemy.actor.Manager.initialize(Manager.java:710)
	at ptolemy.actor.Manager.execute(Manager.java:356)
	at ptolemy.actor.Manager.run(Manager.java:1263)
	at ptolemy.actor.Manager$PtolemyRunThread.run(Manager.java:1915)
java.lang.reflect.InvocationTargetException
	at sun.reflect.NativeConstructorAccessorImpl.newInstance0(Native Method)
	at sun.reflect.NativeConstructorAccessorImpl.newInstance(NativeConstructorAccessorImpl.java:62)
	at sun.reflect.DelegatingConstructorAccessorImpl.newInstance(DelegatingConstructorAccessorImpl.java:45)
	at java.lang.reflect.Constructor.newInstance(Constructor.java:423)
	at ptolemy.util.test.junit.AutoKnownFailedTests.RunModel(AutoKnownFailedTests.java:107)
	at sun.reflect.NativeMethodAccessorImpl.invoke0(Native Method)
	at sun.reflect.NativeMethodAccessorImpl.invoke(NativeMethodAccessorImpl.java:62)
	at sun.reflect.DelegatingMethodAccessorImpl.invoke(DelegatingMethodAccessorImpl.java:43)
	at java.lang.reflect.Method.invoke(Method.java:498)
	at org.junit.runners.model.FrameworkMethod$1.runReflectiveCall(FrameworkMethod.java:44)
	at org.junit.internal.runners.model.ReflectiveCallable.run(ReflectiveCallable.java:15)
	at org.junit.runners.model.FrameworkMethod.invokeExplosively(FrameworkMethod.java:41)
	at junitparams.internal.InvokeParameterisedMethod.evaluate(InvokeParameterisedMethod.java:102)
	at org.junit.internal.runners.statements.FailOnTimeout$1.run(FailOnTimeout.java:28)
Caused by: ptolemy.kernel.util.IllegalActionException: PublisherPorts cannot be used at the top level, use a Publisher actor instead.
  in .PublisherPortToplevelSubscriber.PublisherPort
	at ptolemy.actor.PublisherPort.preinitialize(PublisherPort.java:403)
	at ptolemy.actor.CompositeActor.preinitialize(CompositeActor.java:1769)
	at ptolemy.actor.Manager.preinitializeAndResolveTypes(Manager.java:1040)
	at ptolemy.actor.Manager.initialize(Manager.java:710)
	at ptolemy.actor.Manager.execute(Manager.java:356)
	at ptolemy.actor.Manager.run(Manager.java:1263)
	at ptolemy.actor.Manager$PtolemyRunThread.run(Manager.java:1915)
java.lang.RuntimeException: Execution failed
	at ptolemy.moml.MoMLSimpleApplication$UnloadThread.run(MoMLSimpleApplication.java:402)
Caused by: ptolemy.kernel.util.IllegalActionException: SubscriberPorts cannot be used at the top level, use a Subscriber actor instead.
  in .PublisherSubscriberPortToplevel.SubscriberPort
	at ptolemy.actor.SubscriberPort.preinitialize(SubscriberPort.java:328)
	at ptolemy.actor.CompositeActor.preinitialize(CompositeActor.java:1769)
	at ptolemy.actor.Manager.preinitializeAndResolveTypes(Manager.java:1040)
	at ptolemy.actor.Manager.initialize(Manager.java:710)
	at ptolemy.actor.Manager.execute(Manager.java:356)
	at ptolemy.actor.Manager.run(Manager.java:1263)
	at ptolemy.actor.Manager$PtolemyRunThread.run(Manager.java:1915)
java.lang.reflect.InvocationTargetException
	at sun.reflect.NativeConstructorAccessorImpl.newInstance0(Native Method)
	at sun.reflect.NativeConstructorAccessorImpl.newInstance(NativeConstructorAccessorImpl.java:62)
	at sun.reflect.DelegatingConstructorAccessorImpl.newInstance(DelegatingConstructorAccessorImpl.java:45)
	at java.lang.reflect.Constructor.newInstance(Constructor.java:423)
	at ptolemy.util.test.junit.AutoKnownFailedTests.RunModel(AutoKnownFailedTests.java:107)
	at sun.reflect.NativeMethodAccessorImpl.invoke0(Native Method)
	at sun.reflect.NativeMethodAccessorImpl.invoke(NativeMethodAccessorImpl.java:62)
	at sun.reflect.DelegatingMethodAccessorImpl.invoke(DelegatingMethodAccessorImpl.java:43)
	at java.lang.reflect.Method.invoke(Method.java:498)
	at org.junit.runners.model.FrameworkMethod$1.runReflectiveCall(FrameworkMethod.java:44)
	at org.junit.internal.runners.model.ReflectiveCallable.run(ReflectiveCallable.java:15)
	at org.junit.runners.model.FrameworkMethod.invokeExplosively(FrameworkMethod.java:41)
	at junitparams.internal.InvokeParameterisedMethod.evaluate(InvokeParameterisedMethod.java:102)
	at org.junit.internal.runners.statements.FailOnTimeout$1.run(FailOnTimeout.java:28)
Caused by: ptolemy.kernel.util.IllegalActionException: SubscriberPorts cannot be used at the top level, use a Subscriber actor instead.
  in .PublisherSubscriberPortToplevel.SubscriberPort
	at ptolemy.actor.SubscriberPort.preinitialize(SubscriberPort.java:328)
	at ptolemy.actor.CompositeActor.preinitialize(CompositeActor.java:1769)
	at ptolemy.actor.Manager.preinitializeAndResolveTypes(Manager.java:1040)
	at ptolemy.actor.Manager.initialize(Manager.java:710)
	at ptolemy.actor.Manager.execute(Manager.java:356)
	at ptolemy.actor.Manager.run(Manager.java:1263)
	at ptolemy.actor.Manager$PtolemyRunThread.run(Manager.java:1915)
java.lang.RuntimeException: Execution failed
	at ptolemy.moml.MoMLSimpleApplication$UnloadThread.run(MoMLSimpleApplication.java:402)
Caused by: ptolemy.kernel.util.IllegalActionException: SubscriptionAggregatorPorts cannot be used at the top level, use a SubscriptionAggregator actor instead.
  in .PublisherSubscriptionAggregatorPort.SubscriptionAggregatorPort
	at ptolemy.actor.SubscriptionAggregatorPort.preinitialize(SubscriptionAggregatorPort.java:353)
	at ptolemy.actor.CompositeActor.preinitialize(CompositeActor.java:1769)
	at ptolemy.actor.Manager.preinitializeAndResolveTypes(Manager.java:1040)
	at ptolemy.actor.Manager.initialize(Manager.java:710)
	at ptolemy.actor.Manager.execute(Manager.java:356)
	at ptolemy.actor.Manager.run(Manager.java:1263)
	at ptolemy.actor.Manager$PtolemyRunThread.run(Manager.java:1915)
java.lang.reflect.InvocationTargetException
	at sun.reflect.NativeConstructorAccessorImpl.newInstance0(Native Method)
	at sun.reflect.NativeConstructorAccessorImpl.newInstance(NativeConstructorAccessorImpl.java:62)
	at sun.reflect.DelegatingConstructorAccessorImpl.newInstance(DelegatingConstructorAccessorImpl.java:45)
	at java.lang.reflect.Constructor.newInstance(Constructor.java:423)
	at ptolemy.util.test.junit.AutoKnownFailedTests.RunModel(AutoKnownFailedTests.java:107)
	at sun.reflect.NativeMethodAccessorImpl.invoke0(Native Method)
	at sun.reflect.NativeMethodAccessorImpl.invoke(NativeMethodAccessorImpl.java:62)
	at sun.reflect.DelegatingMethodAccessorImpl.invoke(DelegatingMethodAccessorImpl.java:43)
	at java.lang.reflect.Method.invoke(Method.java:498)
	at org.junit.runners.model.FrameworkMethod$1.runReflectiveCall(FrameworkMethod.java:44)
	at org.junit.internal.runners.model.ReflectiveCallable.run(ReflectiveCallable.java:15)
	at org.junit.runners.model.FrameworkMethod.invokeExplosively(FrameworkMethod.java:41)
	at junitparams.internal.InvokeParameterisedMethod.evaluate(InvokeParameterisedMethod.java:102)
	at org.junit.internal.runners.statements.FailOnTimeout$1.run(FailOnTimeout.java:28)
Caused by: ptolemy.kernel.util.IllegalActionException: SubscriptionAggregatorPorts cannot be used at the top level, use a SubscriptionAggregator actor instead.
  in .PublisherSubscriptionAggregatorPort.SubscriptionAggregatorPort
	at ptolemy.actor.SubscriptionAggregatorPort.preinitialize(SubscriptionAggregatorPort.java:353)
	at ptolemy.actor.CompositeActor.preinitialize(CompositeActor.java:1769)
	at ptolemy.actor.Manager.preinitializeAndResolveTypes(Manager.java:1040)
	at ptolemy.actor.Manager.initialize(Manager.java:710)
	at ptolemy.actor.Manager.execute(Manager.java:356)
	at ptolemy.actor.Manager.run(Manager.java:1263)
	at ptolemy.actor.Manager$PtolemyRunThread.run(Manager.java:1915)
java.lang.RuntimeException: Execution failed
	at ptolemy.moml.MoMLSimpleApplication$UnloadThread.run(MoMLSimpleApplication.java:402)
Caused by: ptolemy.kernel.util.IllegalActionException: TypeTest actor has no training data.
  in .sizedarray3.TypeTest
	at ptolemy.actor.lib.TypeTest.initialize(TypeTest.java:250)
	at ptolemy.actor.Director.initialize(Director.java:938)
	at ptolemy.actor.Director.initialize(Director.java:907)
	at ptolemy.actor.sched.StaticSchedulingDirector.initialize(StaticSchedulingDirector.java:159)
	at ptolemy.domains.sdf.kernel.SDFDirector.initialize(SDFDirector.java:544)
	at ptolemy.actor.CompositeActor.initialize(CompositeActor.java:935)
	at ptolemy.actor.Manager.initialize(Manager.java:724)
	at ptolemy.actor.Manager.execute(Manager.java:356)
	at ptolemy.actor.Manager.run(Manager.java:1263)
	at ptolemy.actor.Manager$PtolemyRunThread.run(Manager.java:1915)
java.lang.reflect.InvocationTargetException
	at sun.reflect.NativeConstructorAccessorImpl.newInstance0(Native Method)
	at sun.reflect.NativeConstructorAccessorImpl.newInstance(NativeConstructorAccessorImpl.java:62)
	at sun.reflect.DelegatingConstructorAccessorImpl.newInstance(DelegatingConstructorAccessorImpl.java:45)
	at java.lang.reflect.Constructor.newInstance(Constructor.java:423)
	at ptolemy.util.test.junit.AutoKnownFailedTests.RunModel(AutoKnownFailedTests.java:107)
	at sun.reflect.NativeMethodAccessorImpl.invoke0(Native Method)
	at sun.reflect.NativeMethodAccessorImpl.invoke(NativeMethodAccessorImpl.java:62)
	at sun.reflect.DelegatingMethodAccessorImpl.invoke(DelegatingMethodAccessorImpl.java:43)
	at java.lang.reflect.Method.invoke(Method.java:498)
	at org.junit.runners.model.FrameworkMethod$1.runReflectiveCall(FrameworkMethod.java:44)
	at org.junit.internal.runners.model.ReflectiveCallable.run(ReflectiveCallable.java:15)
	at org.junit.runners.model.FrameworkMethod.invokeExplosively(FrameworkMethod.java:41)
	at junitparams.internal.InvokeParameterisedMethod.evaluate(InvokeParameterisedMethod.java:102)
	at org.junit.internal.runners.statements.FailOnTimeout$1.run(FailOnTimeout.java:28)
Caused by: ptolemy.kernel.util.IllegalActionException: TypeTest actor has no training data.
  in .sizedarray3.TypeTest
	at ptolemy.actor.lib.TypeTest.initialize(TypeTest.java:250)
	at ptolemy.actor.Director.initialize(Director.java:938)
	at ptolemy.actor.Director.initialize(Director.java:907)
	at ptolemy.actor.sched.StaticSchedulingDirector.initialize(StaticSchedulingDirector.java:159)
	at ptolemy.domains.sdf.kernel.SDFDirector.initialize(SDFDirector.java:544)
	at ptolemy.actor.CompositeActor.initialize(CompositeActor.java:935)
	at ptolemy.actor.Manager.initialize(Manager.java:724)
	at ptolemy.actor.Manager.execute(Manager.java:356)
	at ptolemy.actor.Manager.run(Manager.java:1263)
	at ptolemy.actor.Manager$PtolemyRunThread.run(Manager.java:1915)
ptolemy.kernel.util.InternalErrorException: Exec Stdout Gobbler-2: Failed while reading from java.lang.UNIXProcess$ProcessPipeInputStream@20a79c39. To avoid this, try setting the ignoreIOExceptionReadErrors parameter to true.null
  in .ExecEnvironment.Exec
Because:
Stream closed
	at ptolemy.actor.lib.Exec$_StreamReaderThread._read(Exec.java:762)
	at ptolemy.actor.lib.Exec$_StreamReaderThread.run(Exec.java:706)
Caused by: java.io.IOException: Stream closed
	at sun.nio.cs.StreamDecoder.ensureOpen(StreamDecoder.java:46)
	at sun.nio.cs.StreamDecoder.read(StreamDecoder.java:148)
	at java.io.InputStreamReader.read(InputStreamReader.java:184)
	at ptolemy.actor.lib.Exec$_StreamReaderThread._read(Exec.java:724)
	... 1 more
Caused by: java.io.IOException: Stream closed
	at sun.nio.cs.StreamDecoder.ensureOpen(StreamDecoder.java:46)
	at sun.nio.cs.StreamDecoder.read(StreamDecoder.java:148)
	at java.io.InputStreamReader.read(InputStreamReader.java:184)
	at ptolemy.actor.lib.Exec$_StreamReaderThread._read(Exec.java:724)
	at ptolemy.actor.lib.Exec$_StreamReaderThread.run(Exec.java:706)
]]></system-err>
</testsuite>
