<?xml version="1.0" encoding="UTF-8" ?>
<testsuite errors="0" failures="0" hostname="travis-job-9e948ac1-b9de-42db-9a62-e06ab15766dd" name="ptolemy.domains.de.test.junit.JUnitTclTest" skipped="0" tests="101" time="126.936" timestamp="2018-05-28T01:17:18">
  <properties>
    <property name="npm.executable" value="npm" />
    <property name="file.encoding.pkg" value="sun.io" />
    <property name="ptII.mk.exists" value="true" />
    <property name="env.rvm_bin_path" value="/home/travis/.rvm/bin" />
    <property name="java.home" value="/usr/lib/jvm/java-8-oracle/jre" />
    <property name="env.TRAVIS_JOB_NUMBER" value="482.8" />
    <property name="env.DISPLAY" value=":99.0" />
    <property name="java.net.preferIPv4Stack" value="true" />
    <property name="env.SSH_TTY" value="/dev/pts/0" />
    <property name="env.RUN_TESTS" value="false" />
    <property name="timeout.short" value="1000000" />
    <property name="env.TRAVIS_STACK_NODE_ATTRIBUTES" value="/.node-attributes.yml" />
    <property name="junit.formatter" value="xml" />
    <property name="java.endorsed.dirs" value="/usr/lib/jvm/java-8-oracle/jre/lib/endorsed" />
    <property name="env.TRAVIS_SUDO" value="true" />
    <property name="env.LOGNAME" value="travis" />
    <property name="jsdoc.home" value="node_modules/@terraswarm/jsdoc" />
    <property name="debuglevel" value="source,lines,vars" />
    <property name="checkstyle.formatter" value="xml" />
    <property name="bin.vergil.makeable" value="true" />
    <property name="env._system_version" value="14.04" />
    <property name="sun.os.patch.level" value="unknown" />
    <property name="java.vendor.url" value="http://java.oracle.com/" />
    <property name="java.version" value="1.8.0_151" />
    <property name="env.TZ" value="UTC" />
    <property name="env.PT_NO_NET" value="true" />
    <property name="env.TRAVIS_PULL_REQUEST_SHA" value="" />
    <property name="env.TRAVIS_SECURE_ENV_VARS" value="true" />
    <property name="env._system_type" value="Linux" />
    <property name="java.vendor.url.bug" value="http://bugreport.sun.com/bugreport/" />
    <property name="env.SSH_CLIENT" value="10.10.4.32 60544 22" />
    <property name="npmjs-org-is-up" value="true" />
    <property name="env.GEM_HOME" value="/home/travis/.rvm/gems/ruby-2.4.1" />
    <property name="env.HAS_ANTARES_THREE_LITTLE_FRONZIES_BADGE" value="true" />
    <property name="env.PS4" value="+" />
    <property name="ant.project.invoked-targets" value="build,test.core2.xml" />
    <property name="env.TRAVIS_PULL_REQUEST_BRANCH" value="" />
    <property name="env.TRAVIS_REPO_SLUG" value="icyphy/ptII" />
    <property name="node.in.path" value="true" />
    <property name="java.maxmemory" value="1400m" />
    <property name="env.RUBY_VERSION" value="ruby-2.4.1" />
    <property name="user.name" value="travis" />
    <property name="env.LANG" value="en_US.UTF-8" />
    <property name="sun.io.unicode.encoding" value="UnicodeLittle" />
    <property name="sun.jnu.encoding" value="UTF-8" />
    <property name="java.runtime.name" value="Java(TM) SE Runtime Environment" />
    <property name="usefile" value="false" />
    <property name="return.code" value="0" />
    <property name="junit.single.formatter" value="plain" />
    <property name="env.DYLD_LIBRARY_PATH" value="/home/travis/pthla/certi-tools/lib:" />
    <property name="env.DEBIAN_FRONTEND" value="noninteractive" />
    <property name="env.SSH_CONNECTION" value="10.10.4.32 60544 10.20.0.58 22" />
    <property name="env.MYSQL_UNIX_PORT" value="/var/run/mysqld/mysqld.sock" />
    <property name="env.TRAVIS_ALLOW_FAILURE" value="false" />
    <property name="env.LC_ALL" value="en_US.UTF-8" />
    <property name="java.specification.name" value="Java Platform API Specification" />
    <property name="node.works" value="true" />
    <property name="user.timezone" value="" />
    <property name="path.separator" value=":" />
    <property name="env.PYTHON_CFLAGS" value="-g -fstack-protector --param=ssp-buffer-size=4 -Wformat -Werror=format-security" />
    <property name="timeout.long" value="4000000" />
    <property name="env.CERTI_HOME" value="/home/travis/pthla/certi-tools" />
    <property name="file.encoding" value="UTF-8" />
    <property name="ant.file.ptII" value="/home/travis/build/icyphy/ptII/build.xml" />
    <property name="javadoc.packagenames" value="com.*,diva.*,lbnl.*,org.hlacerti.*,org.json.*,org.ptolemy.*,org.terraswarm.*,ptolemy.*,ptserver.*" />
    <property name="env.TRAVIS_PULL_REQUEST_SLUG" value="" />
    <property name="ant.project.default-target" value="build" />
    <property name="env.GIT_ASKPASS" value="echo" />
    <property name="env.HOME" value="/home/travis" />
    <property name="sun.java.command" value="org.apache.tools.ant.taskdefs.optional.junit.JUnitTestRunner ptolemy.domains.de.test.junit.JUnitTclTest skipNonTests=false filtertrace=true haltOnError=false haltOnFailure=false formatter=org.apache.tools.ant.taskdefs.optional.junit.OutErrSummaryJUnitResultFormatter showoutput=true outputtoformatters=true logfailedtests=true threadid=0 logtestlistenerevents=false formatter=org.apache.tools.ant.taskdefs.optional.junit.XMLJUnitResultFormatter,/home/travis/build/icyphy/ptII/reports/junit/TEST-ptolemy.domains.de.test.junit.JUnitTclTest.xml crashfile=/home/travis/build/icyphy/ptII/junitvmwatcher2799245607020832453.properties propsfile=/home/travis/build/icyphy/ptII/junit7428423073514705347.properties" />
    <property name="env.MANPATH" value="/home/travis/.nvm/versions/node/v7.10.1/share/man:/home/travis/.kiex/elixirs/elixir-1.4.5/man:/home/travis/.rvm/rubies/ruby-2.4.1/share/man:/usr/local/man:/usr/local/cmake-3.9.2/man:/usr/local/clang-5.0.0/share/man:/usr/local/share/man:/usr/share/man:/home/travis/.rvm/man" />
    <property name="env.COMPOSER_NO_INTERACTION" value="1" />
    <property name="env.JDK_SWITCHER_DEFAULT" value="oraclejdk8" />
    <property name="ant.file" value="/home/travis/build/icyphy/ptII/build.xml" />
    <property name="env.TRAVIS_COMMIT_RANGE" value="0618c76780db1f464d0a2117f5337183d7a83d43...3c028372b7ca1a322aa8dd19895bfdeb4cb5e373" />
    <property name="env._system_name" value="Ubuntu" />
    <property name="timeout" value="2400000" />
    <property name="ptII.classpath.optional.property" value="/home/travis/build/icyphy/ptII/lib/bsh-2.0b4.jar:/home/travis/build/icyphy/ptII/lib/ptCal.jar:/home/travis/build/icyphy/ptII/lib/java_cup.jar:/home/travis/build/icyphy/ptII/lib/saxon8.jar:/home/travis/build/icyphy/ptII/lib/saxon8-dom.jar:/home/travis/build/icyphy/ptII/lib/chic.jar:/home/travis/build/icyphy/ptII/lib/ptcolt.jar:/usr/lib/jvm/java-8-oracle/lib/tools.jar:/usr/lib/eclipse/plugins/org.eclipse.jdt.core_3.8.2.dist.jar:/usr/lib/eclipse/plugins/org.eclipse.core.runtime_3.8.0.dist.jar:/usr/lib/eclipse/plugins/org.eclipse.osgi_3.8.1.dist.jar:/usr/lib/eclipse/plugins/org.eclipse.core.resources_3.8.1.dist.jar:/usr/lib/eclipse/plugins/org.eclipse.equinox.common_3.6.100.dist.jar:/usr/lib/eclipse/plugins/org.eclipse.core.jobs_3.5.200.dist.jar:/usr/lib/eclipse/plugins/org.eclipse.core.contenttype_3.4.200.dist.jar:/usr/lib/eclipse/plugins/org.eclipse.equinox.preferences_3.5.0.dist.jar:/usr/lib/eclipse/plugins/org.eclipse.text_3.5.200.dist.jar:/usr/lib/eclipse/plugins/org.eclipse.ui.workbench_3.8.1.dist.jar:/usr/lib/eclipse/plugins/org.eclipse.jface_3.8.0.dist.jar:/usr/lib/eclipse/plugins/org.eclipse.swt_3.8.2.jar:/usr/lib/eclipse/plugins/org.eclipse.jface.text_3.8.1.dist.jar:/usr/lib/eclipse/plugins/org.eclipse.ui.workbench.texteditor_3.8.0.dist.jar:/usr/lib/eclipse/plugins/org.eclipse.ui.editors_3.8.0.dist.jar:/usr/lib/eclipse/plugins/org.eclipse.core.commands_3.6.1.dist.jar:/usr/lib/eclipse/plugins/org.eclipse.equinox.registry_3.5.200.dist.jar:/usr/lib/eclipse/plugins/org.eclipse.ui.console_3.5.100.dist.jar:/usr/lib/eclipse/plugins/org.eclipse.ui.forms_3.5.200.dist.jar:/usr/lib/eclipse/plugins/org.eclipse.ui.ide_3.8.1.dist.jar:/home/travis/build/icyphy/ptII/vendors/oracle/dbxml.jar:/home/travis/build/icyphy/ptII/vendors/oracle/db.jar:/home/travis/build/icyphy/ptII/vendors/misc/itext/iText.jar:/home/travis/build/icyphy/ptII/lib/g4ltl.jar:/home/travis/build/icyphy/ptII/lib/StructuralCoder.jar:/home/travis/build/icyphy/ptII/lib/org-openide-util.jar:/home/travis/build/icyphy/ptII/lib/org-openide-util-lookup.jar:/home/travis/build/icyphy/ptII/lib/org-netbeans-api-visual.jar:/home/travis/build/icyphy/ptII/vendors/jai-1_1_2_01/lib/jai_core.jar:/home/travis/build/icyphy/ptII/vendors/jai-1_1_2_01/lib/jai_codec.jar:/home/travis/build/icyphy/ptII/lib/jcerti.jar:/home/travis/build/icyphy/ptII/lib/smack.jar:/home/travis/build/icyphy/ptII/lib/smackx.jar:/home/travis/build/icyphy/ptII/lib/jetty-all-8.1.5-v20120716.jar:/home/travis/build/icyphy/ptII/lib/javax.servlet-api-3.0.1.jar:/home/travis/build/icyphy/ptII/lib/javax.mail.jar:/home/travis/build/icyphy/ptII/vendors/JMF-2.1.1e/lib/jmf.jar:/home/travis/build/icyphy/ptII/lib/jna-4.0.0-variadic.jar:/home/travis/build/icyphy/ptII/vendors/misc/joystick/Joystick.jar:/home/travis/build/icyphy/ptII/lib/ptjacl.jar:/home/travis/build/icyphy/ptII/lib/jsoup-1.8.2.jar:/home/travis/build/icyphy/ptII/lib/junit-4.8.2.jar:/home/travis/build/icyphy/ptII/lib/JUnitParams-0.4.0.jar:/home/travis/build/icyphy/ptII/ptolemy/actor/lib/excel/jxl.jar:/home/travis/build/icyphy/ptII/lib/jython.jar:/home/travis/build/icyphy/ptII/lib/kieler.jar:/home/travis/build/icyphy/ptII/vendors/opencv/share/OpenCV/java/opencv-341.jar:/home/travis/build/icyphy/ptII/lib/oscP5.jar:/home/travis/build/icyphy/ptII/lib/nrjavaserial-3.11.0.devel.jar:/usr/share/java/j3dcore.jar:/usr/share/java/j3dutils.jar:/usr/share/java/vecmath.jar:/home/travis/build/icyphy/ptII/ptolemy/distributed/jini/jar/jini-core.jar:/home/travis/build/icyphy/ptII/ptolemy/distributed/jini/jar/jini-ext.jar:/home/travis/build/icyphy/ptII/ptolemy/distributed/jini/jar/sun-util.jar:/home/travis/build/icyphy/ptII/lib/protobuf-java-2.4.1.jar:/home/travis/build/icyphy/ptII/lib/org.eclipse.paho.client.mqttv3.jar:/home/travis/build/icyphy/ptII/ptserver/lib/hessian-4.0.7.jar:/home/travis/build/icyphy/ptII/ptserver/lib/wmqtt.jar:/home/travis/build/icyphy/ptII/lib/mapss.jar:/home/travis/build/icyphy/ptII/ptolemy/actor/ptalon/antlr/antlr.jar:/home/travis/build/icyphy/ptII/lib/JRI.jar:/home/travis/build/icyphy/ptII/lib/commons-lang-2.6.jar:/home/travis/build/icyphy/ptII/lib/commons-logging-1.1.1.jar:/home/travis/build/icyphy/ptII/lib/sootclasses.jar:/home/travis/build/icyphy/ptII/ptolemy/actor/lib/database/mysql-connector-java-5.1.6-bin.jar:/home/travis/build/icyphy/ptII/vendors/misc/sphinx4/sphinx4-data-5prealpha.jar:/home/travis/build/icyphy/ptII/vendors/misc/sphinx4/sphinx4-core-5prealpha.jar:/home/travis/build/icyphy/ptII/lib/PDFRenderer.jar:/home/travis/build/icyphy/ptII/lib/svgSalamander.jar:/home/travis/build/icyphy/ptII/lib/rsyntaxtextarea-2.6.0-SNAPSHOT.jar:/home/travis/build/icyphy/ptII/lib/hazelcast-3.8.2.jar:/home/travis/build/icyphy/ptII/lib/jackson-annotations-2.9.0.jar:/home/travis/build/icyphy/ptII/lib/jackson-core-2.9.3.jar:/home/travis/build/icyphy/ptII/lib/jackson-databind-2.9.3.jar:/home/travis/build/icyphy/ptII/lib/netty-buffer-4.1.19.Final.jar:/home/travis/build/icyphy/ptII/lib/netty-codec-4.1.19.Final.jar:/home/travis/build/icyphy/ptII/lib/netty-codec-dns-4.1.19.Final.jar:/home/travis/build/icyphy/ptII/lib/netty-codec-http-4.1.19.Final.jar:/home/travis/build/icyphy/ptII/lib/netty-codec-http2-4.1.19.Final.jar:/home/travis/build/icyphy/ptII/lib/netty-common-4.1.19.Final.jar:/home/travis/build/icyphy/ptII/lib/netty-handler-4.1.19.Final.jar:/home/travis/build/icyphy/ptII/lib/netty-resolver-4.1.19.Final.jar:/home/travis/build/icyphy/ptII/lib/netty-resolver-dns-4.1.19.Final.jar:/home/travis/build/icyphy/ptII/lib/netty-transport-4.1.19.Final.jar:/home/travis/build/icyphy/ptII/lib/vertx-codegen-3.5.1.jar:/home/travis/build/icyphy/ptII/lib/vertx-core-3.5.2-SNAPSHOT.jar:/home/travis/build/icyphy/ptII/lib/vertx-hazelcast-3.5.1.jar:/home/travis/build/icyphy/ptII/lib/vertx-lang-js-3.5.1.jar:/home/travis/build/icyphy/ptII/lib/vertx-service-proxy-3.5.1.jar:/home/travis/build/icyphy/ptII/lib/vertx-web-3.5.1.jar:/home/travis/build/icyphy/ptII/lib/slf4j-api-1.7.13.jar:/home/travis/build/icyphy/ptII/lib/slf4j-simple-1.7.13.jar:/home/travis/build/icyphy/ptII/lib/webcam-capture-0.3.12.jar:/home/travis/build/icyphy/ptII/lib/bridj-0.7.0.jar:/home/travis/build/icyphy/ptII/lib/xbjlib-1.1.0.nrjavaserial.jar" />
    <property name="test.batch" value="**/junit/*.java" />
    <property name="env._" value="/usr/bin/timeout" />
    <property name="java.io.tmpdir" value="/tmp" />
    <property name="user.language" value="en" />
    <property name="env.HISTCONTROL" value="ignoredups:ignorespace" />
    <property name="env.GOROOT" value="/home/travis/.gimme/versions/go1.7.4.linux.amd64" />
    <property name="line.separator" value="&#xa;" />
    <property name="target" value="1.8" />
    <property name="env.TRAVIS_BUILD_DIR" value="/home/travis/build/icyphy/ptII" />
    <property name="env.ANT_OPTS" value="-Xmx2048m" />
    <property name="ant.file.type" value="file" />
    <property name="ptolemy.ptII.batchMode" value="true" />
    <property name="env.HISTSIZE" value="1000" />
    <property name="env.MERB_ENV" value="test" />
    <property name="java.vm.info" value="mixed mode" />
    <property name="source" value="1.8" />
    <property name="java.vm.specification.name" value="Java Virtual Machine Specification" />
    <property name="env.TRAVIS_TEST_RESULT" value="0" />
    <property name="jsdoc.command" value="node_modules/@terraswarm/jsdoc/jsdoc.js" />
    <property name="npm.works" value="true" />
    <property name="cobertura.dir" value="/home/travis/build/icyphy/ptII/vendors/cobertura-2.0.3" />
    <property name="env.rvm_path" value="/home/travis/.rvm" />
    <property name="env.GEM_PATH" value="/home/travis/.rvm/gems/ruby-2.4.1:/home/travis/.rvm/gems/ruby-2.4.1@global" />
    <property name="env.LC_CTYPE" value="en_US.UTF-8" />
    <property name="java.awt.printerjob" value="sun.print.PSPrinterJob" />
    <property name="env.TRAVIS_STACK_NAME" value="garnet" />
    <property name="ant.version" value="Apache Ant(TM) version 1.10.1 compiled on February 2 2017" />
    <property name="ptII.reports" value="/home/travis/build/icyphy/ptII/reports" />
    <property name="env.TRAVIS_STACK_TIMESTAMP" value="2017-12-05 19:33:09 UTC" />
    <property name="ant.file.type.ptII" value="file" />
    <property name="env.RBENV_SHELL" value="bash" />
    <property name="os.name" value="Linux" />
    <property name="java.specification.vendor" value="Oracle Corporation" />
    <property name="env.rvm_version" value="1.29.3 (latest)" />
    <property name="env.TERM" value="xterm" />
    <property name="java.vm.name" value="Java HotSpot(TM) 64-Bit Server VM" />
    <property name="env.TRAVIS_BUILD_NUMBER" value="482" />
    <property name="env.CI" value="true" />
    <property name="java.library.path" value="/home/travis/pthla/certi-tools/lib:/usr/lib/jni:/usr/local/share/OpenCV/java/:/usr/share/OpenCV/java::/usr/java/packages/lib/amd64:/usr/lib64:/lib64:/lib:/usr/lib" />
    <property name="env.rvm_prefix" value="/home/travis" />
    <property name="env.PATH" value="/home/travis/pthla/certi-tools/share/scripts:/home/travis/.rvm/gems/ruby-2.4.1/bin:/home/travis/.rvm/gems/ruby-2.4.1@global/bin:/home/travis/.rvm/rubies/ruby-2.4.1/bin:/home/travis/.rvm/bin:/home/travis/.nvm/versions/node/v7.10.1/bin:./node_modules/.bin:/home/travis/build/icyphy/ptII/bin:/home/travis/pthla/certi-tools/bin:/home/travis/bin:/home/travis/.local/bin:/opt/pyenv/shims:/home/travis/.phpenv/shims:/home/travis/perl5/perlbrew/bin:/home/travis/.kiex/elixirs/elixir-1.4.5/bin:/home/travis/.kiex/bin:/home/travis/gopath/bin:/home/travis/.gimme/versions/go1.7.4.linux.amd64/bin:/usr/local/phantomjs/bin:/usr/local/phantomjs:/usr/local/neo4j-3.2.7/bin:/usr/local/maven-3.5.2/bin:/usr/local/cmake-3.9.2/bin:/usr/local/clang-5.0.0/bin:/usr/local/sbin:/usr/local/bin:/usr/sbin:/usr/bin:/sbin:/bin:/home/travis/.phpenv/bin:/opt/pyenv/bin:/home/travis/.yarn/bin" />
    <property name="env.TRAVIS_OS_NAME" value="linux" />
    <property name="ant.java.version" value="1.8" />
    <property name="basedir" value="/home/travis/build/icyphy/ptII" />
    <property name="java.class.version" value="52.0" />
    <property name="env.SHLVL" value="3" />
    <property name="env.LD_LIBRARY_PATH" value="/home/travis/pthla/certi-tools/lib:/usr/lib/jni:/usr/local/share/OpenCV/java/:/usr/share/OpenCV/java:" />
    <property name="env.RACK_ENV" value="test" />
    <property name="ant.home" value="/home/travis/build/icyphy/ptII/ant" />
    <property name="env.NVM_DIR" value="/home/travis/.nvm" />
    <property name="env.PERLBREW_BASHRC_VERSION" value="0.80" />
    <property name="env.CERTI_FOM_PATH" value="/home/travis/pthla/certi-tools/share/federations" />
    <property name="env.TRAVIS_BUILD_ID" value="384535423" />
    <property name="env.PYENV_ROOT" value="/opt/pyenv" />
    <property name="env.TRAVIS_UID" value="2000" />
    <property name="env.rvm_pretty_print_flag" value="auto" />
    <property name="env.NVM_BIN" value="/home/travis/.nvm/versions/node/v7.10.1/bin" />
    <property name="env.TRAVIS_COMMIT" value="3c028372b7ca1a322aa8dd19895bfdeb4cb5e373" />
    <property name="env._system_arch" value="x86_64" />
    <property name="node.executable" value="node" />
    <property name="sun.boot.library.path" value="/usr/lib/jvm/java-8-oracle/jre/lib/amd64" />
    <property name="sun.management.compiler" value="HotSpot 64-Bit Tiered Compilers" />
    <property name="env.GOPATH" value="/home/travis/gopath" />
    <property name="java.awt.graphicsenv" value="sun.awt.X11GraphicsEnvironment" />
    <property name="ptolemy.ptII.dir" value="/home/travis/build/icyphy/ptII" />
    <property name="env.USER" value="travis" />
    <property name="env.HISTFILESIZE" value="2000" />
    <property name="timeout.longest" value="19000000" />
    <property name="env.TRAVIS_STACK_FEATURES" value="basic cassandra chromium couchdb disabled-ipv6 docker docker-compose elasticsearch firefox go-toolchain google-chrome jdk memcached mongodb mysql neo4j nodejs_interpreter perl_interpreter perlbrew phantomjs postgresql python_interpreter rabbitmq redis riak ruby_interpreter sqlite xserver" />
    <property name="env.TRAVIS_PULL_REQUEST" value="false" />
    <property name="env.PYENV_SHELL" value="bash" />
    <property name="ant.project.name" value="ptII" />
    <property name="java.vm.specification.version" value="1.8" />
    <property name="env.CERTI_VERSION" value="4.0.0" />
    <property name="env.NLSPATH" value="/usr/dt/lib/nls/msg/%L/%N.cat" />
    <property name="awt.toolkit" value="sun.awt.X11.XToolkit" />
    <property name="env.CERTI_HOST" value="localhost" />
    <property name="env.MY_RUBY_HOME" value="/home/travis/.rvm/rubies/ruby-2.4.1" />
    <property name="sun.cpu.isalist" value="" />
    <property name="java.ext.dirs" value="/usr/lib/jvm/java-8-oracle/jre/lib/ext:/usr/java/packages/lib/ext" />
    <property name="os.version" value="4.4.0-101-generic" />
    <property name="user.home" value="/home/travis" />
    <property name="env.MIX_ARCHIVES" value="/home/travis/.kiex/mix/elixir-1.4.5" />
    <property name="java.vm.vendor" value="Oracle Corporation" />
    <property name="env.TRAVIS_TAG" value="nightly" />
    <property name="env.TRAVIS_FILTERED" value="redirect_io" />
    <property name="javadoc.excludepackagenames" value="adm.cvs2svn.*,build.*,config.*,doc.coding.templates.*,jni.test.jni.meaningOfLife.*,jni.test.jni.testDeux.*,jni.test.jni.testTrois.*,org.terraswarm.accessor.accessors.web.node_modules.*,org.terraswarm.accessor.accessors.web.hosts.cordova.demo.*,org.terraswarm.accessor.accessors.web.hosts.cordova.plugins.*,org.terraswarm.accessor.accessors-svn.*,pt-modules.*,ptolemy.apps.agilent.*,ptolemy.apps.anytimecontrol.*,ptolemy.apps.apes.*,ptolemy.apps.charon.*,ptolemy.apps.crazyboard.*,ptolemy.apps.eclipse.*,ptolemy.apps.etherealSting.*,ptolemy.apps.fullscreen.*,ptolemy.apps.giotto.*,ptolemy.apps.ia.*,ptolemy.apps.interfaces.*,ptolemy.apps.jmf.*,ptolemy.apps.kurt.*,ptolemy.apps.kvm.*,ptolemy.apps.lego.*,ptolemy.apps.lejos.*,ptolemy.apps.midp.*,ptolemy.apps.mobileCoding.*,ptolemy.apps.pendulum.*,ptolemy.apps.rijndael.*,ptolemy.apps.robot.*,ptolemy.apps.security.*,ptolemy.apps.sobel.*,ptolemy.apps.soot.*,ptolemy.apps.throttle.*,ptolemy.apps.tini.*,ptolemy.apps.transmission.*,ptolemy.apps.vergil.*,ptolemy.apps.waba.*,ptolemy.apps.websensor.*,ptolemy.apps.webstart.*,ptolemy.apps.xsl.*,ptolemy.apps.zaurus.*,ptolemy.backtrack.eclipse.plugin.*,ptolemy.backtrack.test.*,ptolemy.codegen.c.actor.lib.oldJavaFiles.*,ptolemy.codegen.dsp.lib.*,ptolemy.codegen.kernel.newInterfaces.*,ptolemy.codegen.lib.*,ptolemy.copernicus.kernel.fragment.*,ptolemy.copernicus.shallow.cg.*,ptolemy.domains.giotto.demo.Hierarchy.Hierarchy.*,ptolemy.domains.giotto.demo.Multimode.Multimode.*,ptolemy.domains.giotto.demo.Simple.Simple.*,ptolemy.domains.gr.lib.experimental.*,ptolemy.domains.gro.*,ptolemy.domains.pdf.*,ptolemy.domains.ptinyos.demo.Surge.output.*,ptolemy.moml.test.NoPackageActor.java*,ptolemy.plot.adm.*,ptolemy.plot.servlet.*,reports.*,signed.*,src.*,target.*,vendors.*,ptolemy.cg.adapter.generic.program.procedural.c.mbed*,ptolemy.actor.lib.fmi.fmus.omc*,ptolemy.domains.openmodelica*,ptdb.kernel.bl.save.test.*,ptdb.kernel.bl.load.test.*,ptdb.kernel.bl.search.test.*,ptdb.kernel.bl.migration.test.*,ptdb.kernel.database.test.*,ptdb.test.*,ptdb.gui.test.*,org.ptolemy.scala.*,diva.util.java2d.svg.*,ptolemy.domains.ptinyos.*,ptolemy.actor.lib.fmi.fmipp.*,,org.terraswarm.accessor.accessors.web.node_modules.*,org.terraswarm.accessor.accessors-svn,ptolemy.actor.ptalon.demo.ptinyos.SendAndReceiveCnt.output,ptolemy.actor.ptalon.demo.ptinyos.SenseToLeds.output,ptolemy.domains.ptinyos.demo.CntToLedsAndRfm.output,ptolemy.domains.ptinyos.demo.RfmToLeds.output,ptolemy.domains.ptinyos.demo.SendAndReceiveCnt.output,ptolemy.domains.ptinyos.demo.SenseToLeds.output" />
    <property name="env.JAVA_HOME" value="/usr/lib/jvm/java-8-oracle" />
    <property name="env.PTII" value="/home/travis/build/icyphy/ptII" />
    <property name="env.TRAVIS_COMMIT_MESSAGE" value="Added car model" />
    <property name="keystore" value="ptKeystore" />
    <property name="env.XDG_SESSION_ID" value="2" />
    <property name="junit.output.dir" value="/home/travis/build/icyphy/ptII/reports/junit" />
    <property name="npm.return.code" value="0" />
    <property name="user.dir" value="/home/travis/build/icyphy/ptII/ptolemy/domains/de/test" />
    <property name="env.TRAVIS_NODE_VERSION" value="7" />
    <property name="env.XFILESEARCHPATH" value="/usr/dt/app-defaults/%L/Dt" />
    <property name="env.TRAVIS_EVENT_TYPE" value="cron" />
    <property name="env.MAIL" value="/var/mail/travis" />
    <property name="env.PWD" value="/home/travis/build/icyphy/ptII" />
    <property name="env.PERLBREW_ROOT" value="/home/travis/perl5/perlbrew" />
    <property name="timeout.npm" value="45000" />
    <property name="env.PT_TRAVIS_TEST_CORE2_XML" value="true" />
    <property name="env.PAGER" value="cat" />
    <property name="sun.cpu.endian" value="little" />
    <property name="env.TRAVIS_BUILD_STAGE_NAME" value="Test" />
    <property name="env.PERLBREW_HOME" value="/home/travis/.perlbrew" />
    <property name="env.RAILS_ENV" value="test" />
    <property name="java.vm.version" value="25.151-b12" />
    <property name="java.class.path" value="/home/travis/build/icyphy/ptII:/home/travis/build/icyphy/ptII/lib/bsh-2.0b4.jar:/home/travis/build/icyphy/ptII/lib/ptCal.jar:/home/travis/build/icyphy/ptII/lib/java_cup.jar:/home/travis/build/icyphy/ptII/lib/saxon8.jar:/home/travis/build/icyphy/ptII/lib/saxon8-dom.jar:/home/travis/build/icyphy/ptII/lib/chic.jar:/home/travis/build/icyphy/ptII/lib/ptcolt.jar:/usr/lib/jvm/java-8-oracle/lib/tools.jar:/usr/lib/eclipse/plugins/org.eclipse.jdt.core_3.8.2.dist.jar:/usr/lib/eclipse/plugins/org.eclipse.core.runtime_3.8.0.dist.jar:/usr/lib/eclipse/plugins/org.eclipse.osgi_3.8.1.dist.jar:/usr/lib/eclipse/plugins/org.eclipse.core.resources_3.8.1.dist.jar:/usr/lib/eclipse/plugins/org.eclipse.equinox.common_3.6.100.dist.jar:/usr/lib/eclipse/plugins/org.eclipse.core.jobs_3.5.200.dist.jar:/usr/lib/eclipse/plugins/org.eclipse.core.contenttype_3.4.200.dist.jar:/usr/lib/eclipse/plugins/org.eclipse.equinox.preferences_3.5.0.dist.jar:/usr/lib/eclipse/plugins/org.eclipse.text_3.5.200.dist.jar:/usr/lib/eclipse/plugins/org.eclipse.ui.workbench_3.8.1.dist.jar:/usr/lib/eclipse/plugins/org.eclipse.jface_3.8.0.dist.jar:/usr/lib/eclipse/plugins/org.eclipse.swt_3.8.2.jar:/usr/lib/eclipse/plugins/org.eclipse.jface.text_3.8.1.dist.jar:/usr/lib/eclipse/plugins/org.eclipse.ui.workbench.texteditor_3.8.0.dist.jar:/usr/lib/eclipse/plugins/org.eclipse.ui.editors_3.8.0.dist.jar:/usr/lib/eclipse/plugins/org.eclipse.core.commands_3.6.1.dist.jar:/usr/lib/eclipse/plugins/org.eclipse.equinox.registry_3.5.200.dist.jar:/usr/lib/eclipse/plugins/org.eclipse.ui.console_3.5.100.dist.jar:/usr/lib/eclipse/plugins/org.eclipse.ui.forms_3.5.200.dist.jar:/usr/lib/eclipse/plugins/org.eclipse.ui.ide_3.8.1.dist.jar:/home/travis/build/icyphy/ptII/vendors/oracle/dbxml.jar:/home/travis/build/icyphy/ptII/vendors/oracle/db.jar:/home/travis/build/icyphy/ptII/vendors/misc/itext/iText.jar:/home/travis/build/icyphy/ptII/lib/g4ltl.jar:/home/travis/build/icyphy/ptII/lib/StructuralCoder.jar:/home/travis/build/icyphy/ptII/lib/org-openide-util.jar:/home/travis/build/icyphy/ptII/lib/org-openide-util-lookup.jar:/home/travis/build/icyphy/ptII/lib/org-netbeans-api-visual.jar:/home/travis/build/icyphy/ptII/vendors/jai-1_1_2_01/lib/jai_core.jar:/home/travis/build/icyphy/ptII/vendors/jai-1_1_2_01/lib/jai_codec.jar:/home/travis/build/icyphy/ptII/lib/jcerti.jar:/home/travis/build/icyphy/ptII/lib/smack.jar:/home/travis/build/icyphy/ptII/lib/smackx.jar:/home/travis/build/icyphy/ptII/lib/jetty-all-8.1.5-v20120716.jar:/home/travis/build/icyphy/ptII/lib/javax.servlet-api-3.0.1.jar:/home/travis/build/icyphy/ptII/lib/javax.mail.jar:/home/travis/build/icyphy/ptII/vendors/JMF-2.1.1e/lib/jmf.jar:/home/travis/build/icyphy/ptII/lib/jna-4.0.0-variadic.jar:/home/travis/build/icyphy/ptII/vendors/misc/joystick/Joystick.jar:/home/travis/build/icyphy/ptII/lib/ptjacl.jar:/home/travis/build/icyphy/ptII/lib/jsoup-1.8.2.jar:/home/travis/build/icyphy/ptII/lib/junit-4.8.2.jar:/home/travis/build/icyphy/ptII/lib/JUnitParams-0.4.0.jar:/home/travis/build/icyphy/ptII/ptolemy/actor/lib/excel/jxl.jar:/home/travis/build/icyphy/ptII/lib/jython.jar:/home/travis/build/icyphy/ptII/lib/kieler.jar:/home/travis/build/icyphy/ptII/vendors/opencv/share/OpenCV/java/opencv-341.jar:/home/travis/build/icyphy/ptII/lib/oscP5.jar:/home/travis/build/icyphy/ptII/lib/nrjavaserial-3.11.0.devel.jar:/usr/share/java/j3dcore.jar:/usr/share/java/j3dutils.jar:/usr/share/java/vecmath.jar:/home/travis/build/icyphy/ptII/ptolemy/distributed/jini/jar/jini-core.jar:/home/travis/build/icyphy/ptII/ptolemy/distributed/jini/jar/jini-ext.jar:/home/travis/build/icyphy/ptII/ptolemy/distributed/jini/jar/sun-util.jar:/home/travis/build/icyphy/ptII/lib/protobuf-java-2.4.1.jar:/home/travis/build/icyphy/ptII/lib/org.eclipse.paho.client.mqttv3.jar:/home/travis/build/icyphy/ptII/ptserver/lib/hessian-4.0.7.jar:/home/travis/build/icyphy/ptII/ptserver/lib/wmqtt.jar:/home/travis/build/icyphy/ptII/lib/mapss.jar:/home/travis/build/icyphy/ptII/ptolemy/actor/ptalon/antlr/antlr.jar:/home/travis/build/icyphy/ptII/lib/JRI.jar:/home/travis/build/icyphy/ptII/lib/commons-lang-2.6.jar:/home/travis/build/icyphy/ptII/lib/commons-logging-1.1.1.jar:/home/travis/build/icyphy/ptII/lib/sootclasses.jar:/home/travis/build/icyphy/ptII/ptolemy/actor/lib/database/mysql-connector-java-5.1.6-bin.jar:/home/travis/build/icyphy/ptII/vendors/misc/sphinx4/sphinx4-data-5prealpha.jar:/home/travis/build/icyphy/ptII/vendors/misc/sphinx4/sphinx4-core-5prealpha.jar:/home/travis/build/icyphy/ptII/lib/PDFRenderer.jar:/home/travis/build/icyphy/ptII/lib/svgSalamander.jar:/home/travis/build/icyphy/ptII/lib/rsyntaxtextarea-2.6.0-SNAPSHOT.jar:/home/travis/build/icyphy/ptII/lib/hazelcast-3.8.2.jar:/home/travis/build/icyphy/ptII/lib/jackson-annotations-2.9.0.jar:/home/travis/build/icyphy/ptII/lib/jackson-core-2.9.3.jar:/home/travis/build/icyphy/ptII/lib/jackson-databind-2.9.3.jar:/home/travis/build/icyphy/ptII/lib/netty-buffer-4.1.19.Final.jar:/home/travis/build/icyphy/ptII/lib/netty-codec-4.1.19.Final.jar:/home/travis/build/icyphy/ptII/lib/netty-codec-dns-4.1.19.Final.jar:/home/travis/build/icyphy/ptII/lib/netty-codec-http-4.1.19.Final.jar:/home/travis/build/icyphy/ptII/lib/netty-codec-http2-4.1.19.Final.jar:/home/travis/build/icyphy/ptII/lib/netty-common-4.1.19.Final.jar:/home/travis/build/icyphy/ptII/lib/netty-handler-4.1.19.Final.jar:/home/travis/build/icyphy/ptII/lib/netty-resolver-4.1.19.Final.jar:/home/travis/build/icyphy/ptII/lib/netty-resolver-dns-4.1.19.Final.jar:/home/travis/build/icyphy/ptII/lib/netty-transport-4.1.19.Final.jar:/home/travis/build/icyphy/ptII/lib/vertx-codegen-3.5.1.jar:/home/travis/build/icyphy/ptII/lib/vertx-core-3.5.2-SNAPSHOT.jar:/home/travis/build/icyphy/ptII/lib/vertx-hazelcast-3.5.1.jar:/home/travis/build/icyphy/ptII/lib/vertx-lang-js-3.5.1.jar:/home/travis/build/icyphy/ptII/lib/vertx-service-proxy-3.5.1.jar:/home/travis/build/icyphy/ptII/lib/vertx-web-3.5.1.jar:/home/travis/build/icyphy/ptII/lib/slf4j-api-1.7.13.jar:/home/travis/build/icyphy/ptII/lib/slf4j-simple-1.7.13.jar:/home/travis/build/icyphy/ptII/lib/webcam-capture-0.3.12.jar:/home/travis/build/icyphy/ptII/lib/bridj-0.7.0.jar:/home/travis/build/icyphy/ptII/lib/xbjlib-1.1.0.nrjavaserial.jar:/home/travis/build/icyphy/ptII/ptolemy/moml/test:/home/travis/build/icyphy/ptII/ant/lib/ant-launcher.jar:/home/travis/build/icyphy/ptII/ant/lib/ant.jar:/home/travis/build/icyphy/ptII/ant/lib/ant-junit.jar:/home/travis/build/icyphy/ptII/ant/lib/ant-junit4.jar" />
    <property name="ant.library.dir" value="/home/travis/build/icyphy/ptII/ant/lib" />
    <property name="os.arch" value="amd64" />
    <property name="env.TRAVIS_LANGUAGE" value="node_js" />
    <property name="env.CONTINUOUS_INTEGRATION" value="true" />
    <property name="env.TRAVIS_STACK_LANGUAGES" value="__garnet__ c c++ clojure cplusplus cpp default go groovy java node_js php pure_java python ruby scala" />
    <property name="test.name" value="ptolemy.actor.lib.test.junit.JUnitTclTest" />
    <property name="sun.java.launcher" value="SUN_STANDARD" />
    <property name="env.PYTHON_CONFIGURE_OPTS" value="--enable-unicode=ucs4 --with-wide-unicode --enable-shared --enable-ipv6 --enable-loadable-sqlite-extensions --with-computed-gotos" />
    <property name="ant.core.lib" value="/home/travis/build/icyphy/ptII/ant/lib/ant.jar" />
    <property name="java.vm.specification.vendor" value="Oracle Corporation" />
    <property name="env.BCVTB_HOME" value="/home/travis/build/icyphy/ptII/lbnl" />
    <property name="file.separator" value="/" />
    <property name="java.runtime.version" value="1.8.0_151-b12" />
    <property name="spotbugs.home" value="/home/travis/build/icyphy/ptII/vendors/spotbugs-3.1.1" />
    <property name="sun.boot.class.path" value="/usr/lib/jvm/java-8-oracle/jre/lib/resources.jar:/usr/lib/jvm/java-8-oracle/jre/lib/rt.jar:/usr/lib/jvm/java-8-oracle/jre/lib/sunrsasign.jar:/usr/lib/jvm/java-8-oracle/jre/lib/jsse.jar:/usr/lib/jvm/java-8-oracle/jre/lib/jce.jar:/usr/lib/jvm/java-8-oracle/jre/lib/charsets.jar:/usr/lib/jvm/java-8-oracle/jre/lib/jfr.jar:/usr/lib/jvm/java-8-oracle/jre/classes" />
    <property name="env.HAS_JOSH_K_SEAL_OF_APPROVAL" value="true" />
    <property name="env.TRAVIS_OSX_IMAGE" value="" />
    <property name="env.XDG_RUNTIME_DIR" value="/run/user/2000" />
    <property name="env.TRAVIS_BRANCH" value="master" />
    <property name="env.TRAVIS_JOB_ID" value="384535431" />
    <property name="env.CERTI_HOME_TRAVIS" value="/home/travis/pthla/certi-tools" />
    <property name="user.country" value="US" />
    <property name="env.SHELL" value="/bin/bash" />
    <property name="java.maxmemory.large" value="5000m" />
    <property name="model" value="" />
    <property name="env.CASHER_DIR" value="/home/travis/.casher" />
    <property name="env.NVM_CD_FLAGS" value="" />
    <property name="jshint.executable" value="/home/travis/node_modules/jshint/bin/jshint" />
    <property name="java.vendor" value="Oracle Corporation" />
    <property name="env.JRUBY_OPTS" value=" --client -J-XX:+TieredCompilation -J-XX:TieredStopAtLevel=1 -J-Xss2m -Xcompile.invokedynamic=false" />
    <property name="env.TRAVIS_PRE_CHEF_BOOTSTRAP_TIME" value="2017-12-05T19:32:55" />
    <property name="env.TRAVIS_STACK_JOB_BOARD_REGISTER" value="/.job-board-register.yml" />
    <property name="env.ELIXIR_VERSION" value="1.4.5" />
    <property name="java.specification.version" value="1.8" />
    <property name="env.IRBRC" value="/home/travis/.rvm/rubies/ruby-2.4.1/.irbrc" />
    <property name="env.TRAVIS" value="true" />
    <property name="sun.arch.data.model" value="64" />
  </properties>
  <testcase classname="ptolemy.util.test.junit.TclTests" name="[0] /home/travis/build/icyphy/ptII/ptolemy/domains/de/test/DependencyLoop.tcl (RunTclFile)" time="0.74" />
  <testcase classname="ptolemy.util.test.junit.TclTests" name="[1] /home/travis/build/icyphy/ptII/ptolemy/domains/de/test/RunDETestsAsQSS.tcl (RunTclFile)" time="86.598" />
  <testcase classname="ptolemy.util.test.junit.AutoKnownFailedTests" name="[0] /home/travis/build/icyphy/ptII/ptolemy/domains/de/test/auto/knownFailedTests/DESDFClockTest.xml (RunModel)" time="2.045" />
  <testcase classname="ptolemy.util.test.junit.AutoKnownFailedTests" name="[1] /home/travis/build/icyphy/ptII/ptolemy/domains/de/test/auto/knownFailedTests/DirectFeedback.xml (RunModel)" time="0.012" />
  <testcase classname="ptolemy.util.test.junit.AutoKnownFailedTests" name="[2] /home/travis/build/icyphy/ptII/ptolemy/domains/de/test/auto/knownFailedTests/FSMSource.xml (RunModel)" time="0.017" />
  <testcase classname="ptolemy.util.test.junit.AutoKnownFailedTests" name="[3] /home/travis/build/icyphy/ptII/ptolemy/domains/de/test/auto/knownFailedTests/HierarchicalModel.xml (RunModel)" time="0.026" />
  <testcase classname="ptolemy.util.test.junit.AutoKnownFailedTests" name="[4] /home/travis/build/icyphy/ptII/ptolemy/domains/de/test/auto/knownFailedTests/dependencyLoop.xml (RunModel)" time="0.033" />
  <testcase classname="ptolemy.util.test.junit.AutoKnownFailedTests" name="[5] /home/travis/build/icyphy/ptII/ptolemy/domains/de/test/auto/knownFailedTests/dependencyLoop2.xml (RunModel)" time="0.03" />
  <testcase classname="ptolemy.util.test.junit.AutoNameArchTests" name="[0] ThereAreNoAutoTests (RunModel)" time="0.004" />
  <testcase classname="ptolemy.util.test.junit.AutoTests" name="[0] /home/travis/build/icyphy/ptII/ptolemy/domains/de/test/auto/ActorDepthCalculation_actorWithoutPorts.xml (RunModel)" time="0.015" />
  <testcase classname="ptolemy.util.test.junit.AutoTests" name="[1] /home/travis/build/icyphy/ptII/ptolemy/domains/de/test/auto/AssemblyLine.xml (RunModel)" time="0.013" />
  <testcase classname="ptolemy.util.test.junit.AutoTests" name="[2] /home/travis/build/icyphy/ptII/ptolemy/domains/de/test/auto/CQBug1.xml (RunModel)" time="0.008" />
  <testcase classname="ptolemy.util.test.junit.AutoTests" name="[3] /home/travis/build/icyphy/ptII/ptolemy/domains/de/test/auto/CancelFireAt.xml (RunModel)" time="0.009" />
  <testcase classname="ptolemy.util.test.junit.AutoTests" name="[4] /home/travis/build/icyphy/ptII/ptolemy/domains/de/test/auto/CausalityAndComposabilityAnalysis.xml (RunModel)" time="0.013" />
  <testcase classname="ptolemy.util.test.junit.AutoTests" name="[5] /home/travis/build/icyphy/ptII/ptolemy/domains/de/test/auto/CausalityInterface1.xml (RunModel)" time="0.01" />
  <testcase classname="ptolemy.util.test.junit.AutoTests" name="[6] /home/travis/build/icyphy/ptII/ptolemy/domains/de/test/auto/CausalityInterface15.xml (RunModel)" time="0.011" />
  <testcase classname="ptolemy.util.test.junit.AutoTests" name="[7] /home/travis/build/icyphy/ptII/ptolemy/domains/de/test/auto/CausalityInterface2.xml (RunModel)" time="0.009" />
  <testcase classname="ptolemy.util.test.junit.AutoTests" name="[8] /home/travis/build/icyphy/ptII/ptolemy/domains/de/test/auto/CausalityInterface3.xml (RunModel)" time="0.01" />
  <testcase classname="ptolemy.util.test.junit.AutoTests" name="[9] /home/travis/build/icyphy/ptII/ptolemy/domains/de/test/auto/ClockDrift.xml (RunModel)" time="0.028" />
  <testcase classname="ptolemy.util.test.junit.AutoTests" name="[10] /home/travis/build/icyphy/ptII/ptolemy/domains/de/test/auto/ClockDriftAndValueChange.xml (RunModel)" time="0.023" />
  <testcase classname="ptolemy.util.test.junit.AutoTests" name="[11] /home/travis/build/icyphy/ptII/ptolemy/domains/de/test/auto/ClockDriftChange.xml (RunModel)" time="0.023" />
  <testcase classname="ptolemy.util.test.junit.AutoTests" name="[12] /home/travis/build/icyphy/ptII/ptolemy/domains/de/test/auto/ComposableCausalityAnalysis.xml (RunModel)" time="0.011" />
  <testcase classname="ptolemy.util.test.junit.AutoTests" name="[13] /home/travis/build/icyphy/ptII/ptolemy/domains/de/test/auto/DEFixedPointLimitation.xml (RunModel)" time="0.006" />
  <testcase classname="ptolemy.util.test.junit.AutoTests" name="[14] /home/travis/build/icyphy/ptII/ptolemy/domains/de/test/auto/DEScheduleTest.xml (RunModel)" time="0.012" />
  <testcase classname="ptolemy.util.test.junit.AutoTests" name="[15] /home/travis/build/icyphy/ptII/ptolemy/domains/de/test/auto/DEinDEwithStartTimes.xml (RunModel)" time="0.013" />
  <testcase classname="ptolemy.util.test.junit.AutoTests" name="[16] /home/travis/build/icyphy/ptII/ptolemy/domains/de/test/auto/DEinDEwithStartTimes2.xml (RunModel)" time="0.01" />
  <testcase classname="ptolemy.util.test.junit.AutoTests" name="[17] /home/travis/build/icyphy/ptII/ptolemy/domains/de/test/auto/DateDemo.xml (RunModel)" time="0.021" />
  <testcase classname="ptolemy.util.test.junit.AutoTests" name="[18] /home/travis/build/icyphy/ptII/ptolemy/domains/de/test/auto/DateToEvent.xml (RunModel)" time="2.028" />
  <testcase classname="ptolemy.util.test.junit.AutoTests" name="[19] /home/travis/build/icyphy/ptII/ptolemy/domains/de/test/auto/DepthTest1.xml (RunModel)" time="0.005" />
  <testcase classname="ptolemy.util.test.junit.AutoTests" name="[20] /home/travis/build/icyphy/ptII/ptolemy/domains/de/test/auto/DepthTest2.xml (RunModel)" time="0.011" />
  <testcase classname="ptolemy.util.test.junit.AutoTests" name="[21] /home/travis/build/icyphy/ptII/ptolemy/domains/de/test/auto/DepthTest3.xml (RunModel)" time="0.005" />
  <testcase classname="ptolemy.util.test.junit.AutoTests" name="[22] /home/travis/build/icyphy/ptII/ptolemy/domains/de/test/auto/DepthTest4.xml (RunModel)" time="0.007" />
  <testcase classname="ptolemy.util.test.junit.AutoTests" name="[23] /home/travis/build/icyphy/ptII/ptolemy/domains/de/test/auto/DepthTest5.xml (RunModel)" time="0.008" />
  <testcase classname="ptolemy.util.test.junit.AutoTests" name="[24] /home/travis/build/icyphy/ptII/ptolemy/domains/de/test/auto/DepthTest6.xml (RunModel)" time="0.008" />
  <testcase classname="ptolemy.util.test.junit.AutoTests" name="[25] /home/travis/build/icyphy/ptII/ptolemy/domains/de/test/auto/DepthTest7.xml (RunModel)" time="0.007" />
  <testcase classname="ptolemy.util.test.junit.AutoTests" name="[26] /home/travis/build/icyphy/ptII/ptolemy/domains/de/test/auto/EventToDate.xml (RunModel)" time="3.023" />
  <testcase classname="ptolemy.util.test.junit.AutoTests" name="[27] /home/travis/build/icyphy/ptII/ptolemy/domains/de/test/auto/FSM1.xml (RunModel)" time="0.04" />
  <testcase classname="ptolemy.util.test.junit.AutoTests" name="[28] /home/travis/build/icyphy/ptII/ptolemy/domains/de/test/auto/FSM7.xml (RunModel)" time="0.023" />
  <testcase classname="ptolemy.util.test.junit.AutoTests" name="[29] /home/travis/build/icyphy/ptII/ptolemy/domains/de/test/auto/Inspection.xml (RunModel)" time="0.024" />
  <testcase classname="ptolemy.util.test.junit.AutoTests" name="[30] /home/travis/build/icyphy/ptII/ptolemy/domains/de/test/auto/Iteration.xml (RunModel)" time="0.011" />
  <testcase classname="ptolemy.util.test.junit.AutoTests" name="[31] /home/travis/build/icyphy/ptII/ptolemy/domains/de/test/auto/LineFault.xml (RunModel)" time="0.389" />
  <testcase classname="ptolemy.util.test.junit.AutoTests" name="[32] /home/travis/build/icyphy/ptII/ptolemy/domains/de/test/auto/MergeModel1Add.xml (RunModel)" time="0.028" />
  <testcase classname="ptolemy.util.test.junit.AutoTests" name="[33] /home/travis/build/icyphy/ptII/ptolemy/domains/de/test/auto/MergeModel2Add.xml (RunModel)" time="0.022" />
  <testcase classname="ptolemy.util.test.junit.AutoTests" name="[34] /home/travis/build/icyphy/ptII/ptolemy/domains/de/test/auto/MergeModel3Add.xml (RunModel)" time="0.023" />
  <testcase classname="ptolemy.util.test.junit.AutoTests" name="[35] /home/travis/build/icyphy/ptII/ptolemy/domains/de/test/auto/MergeWithoutDiscard.xml (RunModel)" time="0.007" />
  <testcase classname="ptolemy.util.test.junit.AutoTests" name="[36] /home/travis/build/icyphy/ptII/ptolemy/domains/de/test/auto/Modal1.xml (RunModel)" time="0.022" />
  <testcase classname="ptolemy.util.test.junit.AutoTests" name="[37] /home/travis/build/icyphy/ptII/ptolemy/domains/de/test/auto/Modal2.xml (RunModel)" time="0.02" />
  <testcase classname="ptolemy.util.test.junit.AutoTests" name="[38] /home/travis/build/icyphy/ptII/ptolemy/domains/de/test/auto/Modal3.xml (RunModel)" time="0.02" />
  <testcase classname="ptolemy.util.test.junit.AutoTests" name="[39] /home/travis/build/icyphy/ptII/ptolemy/domains/de/test/auto/Modal4.xml (RunModel)" time="0.027" />
  <testcase classname="ptolemy.util.test.junit.AutoTests" name="[40] /home/travis/build/icyphy/ptII/ptolemy/domains/de/test/auto/Modal5.xml (RunModel)" time="0.02" />
  <testcase classname="ptolemy.util.test.junit.AutoTests" name="[41] /home/travis/build/icyphy/ptII/ptolemy/domains/de/test/auto/Modal6.xml (RunModel)" time="0.017" />
  <testcase classname="ptolemy.util.test.junit.AutoTests" name="[42] /home/travis/build/icyphy/ptII/ptolemy/domains/de/test/auto/Modal7.xml (RunModel)" time="0.02" />
  <testcase classname="ptolemy.util.test.junit.AutoTests" name="[43] /home/travis/build/icyphy/ptII/ptolemy/domains/de/test/auto/ModalModel.xml (RunModel)" time="0.092" />
  <testcase classname="ptolemy.util.test.junit.AutoTests" name="[44] /home/travis/build/icyphy/ptII/ptolemy/domains/de/test/auto/ModalSource.xml (RunModel)" time="0.011" />
  <testcase classname="ptolemy.util.test.junit.AutoTests" name="[45] /home/travis/build/icyphy/ptII/ptolemy/domains/de/test/auto/NonInterruptibleTimerZeroDelay.xml (RunModel)" time="0.006" />
  <testcase classname="ptolemy.util.test.junit.AutoTests" name="[46] /home/travis/build/icyphy/ptII/ptolemy/domains/de/test/auto/OpenQueueingNetwork.xml (RunModel)" time="1.83" />
  <testcase classname="ptolemy.util.test.junit.AutoTests" name="[47] /home/travis/build/icyphy/ptII/ptolemy/domains/de/test/auto/OpenQueuingNetwork.xml (RunModel)" time="0.252" />
  <testcase classname="ptolemy.util.test.junit.AutoTests" name="[48] /home/travis/build/icyphy/ptII/ptolemy/domains/de/test/auto/PeriodicSampler.xml (RunModel)" time="0.009" />
  <testcase classname="ptolemy.util.test.junit.AutoTests" name="[49] /home/travis/build/icyphy/ptII/ptolemy/domains/de/test/auto/PersistentIO.xml (RunModel)" time="0.02" />
  <testcase classname="ptolemy.util.test.junit.AutoTests" name="[50] /home/travis/build/icyphy/ptII/ptolemy/domains/de/test/auto/PortParameterResetOnInitialize.xml (RunModel)" time="0.009" />
  <testcase classname="ptolemy.util.test.junit.AutoTests" name="[51] /home/travis/build/icyphy/ptII/ptolemy/domains/de/test/auto/PortParameterUpdates.xml (RunModel)" time="0.016" />
  <testcase classname="ptolemy.util.test.junit.AutoTests" name="[52] /home/travis/build/icyphy/ptII/ptolemy/domains/de/test/auto/QueueAndServer.xml (RunModel)" time="0.018" />
  <testcase classname="ptolemy.util.test.junit.AutoTests" name="[53] /home/travis/build/icyphy/ptII/ptolemy/domains/de/test/auto/Records.xml (RunModel)" time="0.024" />
  <testcase classname="ptolemy.util.test.junit.AutoTests" name="[54] /home/travis/build/icyphy/ptII/ptolemy/domains/de/test/auto/ResetTransitionWithStartTime1.xml (RunModel)" time="0.016" />
  <testcase classname="ptolemy.util.test.junit.AutoTests" name="[55] /home/travis/build/icyphy/ptII/ptolemy/domains/de/test/auto/ResetTransitionWithStartTime2.xml (RunModel)" time="0.019" />
  <testcase classname="ptolemy.util.test.junit.AutoTests" name="[56] /home/travis/build/icyphy/ptII/ptolemy/domains/de/test/auto/ResetTransitionWithStartTime3.xml (RunModel)" time="0.02" />
  <testcase classname="ptolemy.util.test.junit.AutoTests" name="[57] /home/travis/build/icyphy/ptII/ptolemy/domains/de/test/auto/ResetTransitionWithStartTime4.xml (RunModel)" time="0.018" />
  <testcase classname="ptolemy.util.test.junit.AutoTests" name="[58] /home/travis/build/icyphy/ptII/ptolemy/domains/de/test/auto/ResettableTimer1.xml (RunModel)" time="0.009" />
  <testcase classname="ptolemy.util.test.junit.AutoTests" name="[59] /home/travis/build/icyphy/ptII/ptolemy/domains/de/test/auto/ResettableTimer2.xml (RunModel)" time="0.01" />
  <testcase classname="ptolemy.util.test.junit.AutoTests" name="[60] /home/travis/build/icyphy/ptII/ptolemy/domains/de/test/auto/ResettableTimer3.xml (RunModel)" time="0.009" />
  <testcase classname="ptolemy.util.test.junit.AutoTests" name="[61] /home/travis/build/icyphy/ptII/ptolemy/domains/de/test/auto/ResettableTimer4.xml (RunModel)" time="0.01" />
  <testcase classname="ptolemy.util.test.junit.AutoTests" name="[62] /home/travis/build/icyphy/ptII/ptolemy/domains/de/test/auto/ResettableTimer5.xml (RunModel)" time="0.009" />
  <testcase classname="ptolemy.util.test.junit.AutoTests" name="[63] /home/travis/build/icyphy/ptII/ptolemy/domains/de/test/auto/ResettableTimer6.xml (RunModel)" time="0.017" />
  <testcase classname="ptolemy.util.test.junit.AutoTests" name="[64] /home/travis/build/icyphy/ptII/ptolemy/domains/de/test/auto/ServerZeroDelay.xml (RunModel)" time="0.011" />
  <testcase classname="ptolemy.util.test.junit.AutoTests" name="[65] /home/travis/build/icyphy/ptII/ptolemy/domains/de/test/auto/SmartSender.xml (RunModel)" time="3.012" />
  <testcase classname="ptolemy.util.test.junit.AutoTests" name="[66] /home/travis/build/icyphy/ptII/ptolemy/domains/de/test/auto/ThreadedComposite.xml (RunModel)" time="0.114" />
  <testcase classname="ptolemy.util.test.junit.AutoTests" name="[67] /home/travis/build/icyphy/ptII/ptolemy/domains/de/test/auto/Time.xml (RunModel)" time="0.394" />
  <testcase classname="ptolemy.util.test.junit.AutoTests" name="[68] /home/travis/build/icyphy/ptII/ptolemy/domains/de/test/auto/TimeDelayZeroDelay.xml (RunModel)" time="0.016" />
  <testcase classname="ptolemy.util.test.junit.AutoTests" name="[69] /home/travis/build/icyphy/ptII/ptolemy/domains/de/test/auto/TimerZeroDelay.xml (RunModel)" time="0.008" />
  <testcase classname="ptolemy.util.test.junit.AutoTests" name="[70] /home/travis/build/icyphy/ptII/ptolemy/domains/de/test/auto/TimingParadox.xml (RunModel)" time="0.345" />
  <testcase classname="ptolemy.util.test.junit.AutoTests" name="[71] /home/travis/build/icyphy/ptII/ptolemy/domains/de/test/auto/TransferInputs.xml (RunModel)" time="0.009" />
  <testcase classname="ptolemy.util.test.junit.AutoTests" name="[72] /home/travis/build/icyphy/ptII/ptolemy/domains/de/test/auto/TransferOutputs2.xml (RunModel)" time="0.013" />
  <testcase classname="ptolemy.util.test.junit.AutoTests" name="[73] /home/travis/build/icyphy/ptII/ptolemy/domains/de/test/auto/Trilateration.xml (RunModel)" time="12.54" />
  <testcase classname="ptolemy.util.test.junit.AutoTests" name="[74] /home/travis/build/icyphy/ptII/ptolemy/domains/de/test/auto/TwoSigmaDelta.xml (RunModel)" time="1.989" />
  <testcase classname="ptolemy.util.test.junit.AutoTests" name="[75] /home/travis/build/icyphy/ptII/ptolemy/domains/de/test/auto/VariableDelay.xml (RunModel)" time="0.008" />
  <testcase classname="ptolemy.util.test.junit.AutoTests" name="[76] /home/travis/build/icyphy/ptII/ptolemy/domains/de/test/auto/VariableDelay2.xml (RunModel)" time="0.006" />
  <testcase classname="ptolemy.util.test.junit.AutoTests" name="[77] /home/travis/build/icyphy/ptII/ptolemy/domains/de/test/auto/VariableDelayZeroDelay.xml (RunModel)" time="0.01" />
  <testcase classname="ptolemy.util.test.junit.AutoTests" name="[78] /home/travis/build/icyphy/ptII/ptolemy/domains/de/test/auto/VariableDelayZeroDelay2.xml (RunModel)" time="0.012" />
  <testcase classname="ptolemy.util.test.junit.AutoTests" name="[79] /home/travis/build/icyphy/ptII/ptolemy/domains/de/test/auto/deInCt.xml (RunModel)" time="0.013" />
  <testcase classname="ptolemy.util.test.junit.AutoTests" name="[80] /home/travis/build/icyphy/ptII/ptolemy/domains/de/test/auto/deInCt2.xml (RunModel)" time="0.025" />
  <testcase classname="ptolemy.util.test.junit.AutoTests" name="[81] /home/travis/build/icyphy/ptII/ptolemy/domains/de/test/auto/dynamicCausalityInterface1.xml (RunModel)" time="0.021" />
  <testcase classname="ptolemy.util.test.junit.AutoTests" name="[82] /home/travis/build/icyphy/ptII/ptolemy/domains/de/test/auto/fsm_de_test.xml (RunModel)" time="0.022" />
  <testcase classname="ptolemy.util.test.junit.AutoTests" name="[83] /home/travis/build/icyphy/ptII/ptolemy/domains/de/test/auto/functionDependencyReconstruction.xml (RunModel)" time="0.028" />
  <testcase classname="ptolemy.util.test.junit.AutoTests" name="[84] /home/travis/build/icyphy/ptII/ptolemy/domains/de/test/auto/multirate.xml (RunModel)" time="0.014" />
  <testcase classname="ptolemy.util.test.junit.AutoTests" name="[85] /home/travis/build/icyphy/ptII/ptolemy/domains/de/test/auto/multirate2.xml (RunModel)" time="0.014" />
  <testcase classname="ptolemy.util.test.junit.AutoTests" name="[86] /home/travis/build/icyphy/ptII/ptolemy/domains/de/test/auto/realtime.xml (RunModel)" time="10.01" />
  <testcase classname="ptolemy.util.test.junit.AutoTests" name="[87] /home/travis/build/icyphy/ptII/ptolemy/domains/de/test/auto/relationGroup.xml (RunModel)" time="0.007" />
  <testcase classname="ptolemy.util.test.junit.AutoTests" name="[88] /home/travis/build/icyphy/ptII/ptolemy/domains/de/test/auto/relationGroup2.xml (RunModel)" time="0.006" />
  <testcase classname="ptolemy.util.test.junit.AutoTests" name="[89] /home/travis/build/icyphy/ptII/ptolemy/domains/de/test/auto/sortWithOpaquePorts.xml (RunModel)" time="0.008" />
  <testcase classname="ptolemy.util.test.junit.AutoTests" name="[90] /home/travis/build/icyphy/ptII/ptolemy/domains/de/test/auto/transferInputsandOutputs.xml (RunModel)" time="0.013" />
  <testcase classname="ptolemy.util.test.junit.AutoTests" name="[91] /home/travis/build/icyphy/ptII/ptolemy/domains/de/test/auto/triggerType.xml (RunModel)" time="0.006" />
  <system-out><![CDATA[/home/travis/build/icyphy/ptII/ptolemy/domains/de/test/DependencyLoop.tcl
testDefs.tcl: setting time out to 9000 seconds at Mon May 28 01:17:18 UTC 2018
13 ms. Memory: 116224K Free: 95043K (82%)
6 ms. Memory: 116224K Free: 107599K (93%)
/home/travis/build/icyphy/ptII/ptolemy/domains/de/test/RunDETestsAsQSS.tcl
Run the DE tests using ptolemy.domains.qss.test.QSSDirectorTest, which extends QSSDirector and prints a message in the constructors.
------------------ testing $PTII/ptolemy/domains/de/test/auto/knownFailedTests/dependencyLoop.xml (Known Failure) 
7 ms. Memory: 116224K Free: 104439K (90%)


==== $PTIIhome/travis/build/icyphy/ptII/ptolemy/domains/de/test/../../../../: Auto Automatic test in file $PTII/ptolemy/domains/de/test/auto/knownFailedTests/dependencyLoop.xml
==== Contents of test case:

	    # FIXME: we should use $relativeFilename here, but it
	    # might have backslashes under Windows, which causes no end
	    # of trouble.
	    createAndExecute $file
	    list {}
	
.... Test generated KNOWN error:
    while executing
ptolemy.kernel.util.IllegalActionException: Found a zero delay loop containing .dependencyLoop.original
  in .dependencyLoop and .dependencyLoop.original
	at ptolemy.actor.util.CausalityInterfaceForComposites._computeOutputPortDepth(CausalityInterfaceForComposites.java:759)
	at ptolemy.actor.util.CausalityInterfaceForComposites._computeInputDepth(CausalityInterfaceForComposites.java:696)
	at ptolemy.actor.util.CausalityInterfaceForComposites._computeOutputPortDepth(CausalityInterfaceForComposites.java:765)
	at ptolemy.actor.util.CausalityInterfaceForComposites._computeInputDepth(CausalityInterfaceForComposites.java:696)
	at ptolemy.actor.util.CausalityInterfaceForComposites._computeOutputPortDepth(CausalityInterfaceForComposites.java:765)
	at ptolemy.actor.util.CausalityInterfaceForComposites._computeInputDepth(CausalityInterfaceForComposites.java:696)
	at ptolemy.actor.util.CausalityInterfaceForComposites._computeActorDepth(CausalityInterfaceForComposites.java:532)
	at ptolemy.actor.util.CausalityInterfaceForComposites.checkForCycles(CausalityInterfaceForComposites.java:96)
	at ptolemy.domains.de.kernel.DEDirector.preinitialize(DEDirector.java:1337)
	at ptolemy.actor.CompositeActor.preinitialize(CompositeActor.java:1828)
	at ptolemy.actor.Manager.preinitializeAndResolveTypes(Manager.java:1040)
	at ptolemy.actor.Manager.initialize(Manager.java:710)
	at ptolemy.actor.Manager.execute(Manager.java:356)
	at ptolemy.actor.Manager.run(Manager.java:1263)
	at ptolemy.actor.Manager$PtolemyRunThread.run(Manager.java:1915)

    while executing
ptolemy.kernel.util.IllegalActionException: Found a zero delay loop containing .dependencyLoop.original
  in .dependencyLoop and .dependencyLoop.original
    while executing
"java::new ptolemy.moml.MoMLSimpleApplication $file
"
    (procedure "createAndExecute" line 2)
    invoked from within
"createAndExecute $file"
    ("uplevel" body line 5)
    invoked from within
"uplevel $contents_of_test"
------------------ testing $PTII/ptolemy/domains/de/test/auto/knownFailedTests/DESDFClockTest.xml (Known Failure) 
2093 ms. Memory: 116224K Free: 89545K (77%)


==== $PTIIhome/travis/build/icyphy/ptII/ptolemy/domains/de/test/../../../../: Auto Automatic test in file $PTII/ptolemy/domains/de/test/auto/knownFailedTests/DESDFClockTest.xml
==== Contents of test case:

	    # FIXME: we should use $relativeFilename here, but it
	    # might have backslashes under Windows, which causes no end
	    # of trouble.
	    createAndExecute $file
	    list {}
	
.... Test generated KNOWN error:
    while executing
ptolemy.kernel.util.IllegalActionException: Actor is not ready to fire.  Perhaps UpSample.prefire() returned false? Try debugging the actor by selecting "Listen to Actor".  Also, for SDF check moml for tokenConsumptionRate on input.
  in .DESDFClockTest.Play Bell.Copy1:SDF Director and .DESDFClockTest.Play Bell.UpSample
	at ptolemy.actor.sched.StaticSchedulingDirector.fire(StaticSchedulingDirector.java:227)
	at ptolemy.domains.sdf.kernel.SDFDirector.fire(SDFDirector.java:500)
	at ptolemy.actor.CompositeActor.fire(CompositeActor.java:455)
	at ptolemy.domains.de.kernel.DEDirector._fire(DEDirector.java:1948)
	at ptolemy.domains.de.kernel.DEDirector.fire(DEDirector.java:502)
	at ptolemy.actor.CompositeActor.fire(CompositeActor.java:455)
	at ptolemy.actor.Manager.iterate(Manager.java:851)
	at ptolemy.actor.Manager.execute(Manager.java:369)
	at ptolemy.actor.Manager.run(Manager.java:1263)
	at ptolemy.actor.Manager$PtolemyRunThread.run(Manager.java:1915)

    while executing
ptolemy.kernel.util.IllegalActionException: Actor is not ready to fire.  Perhaps UpSample.prefire() returned false? Try debugging the actor by selecting "Listen to Actor".  Also, for SDF check moml for tokenConsumptionRate on input.
  in .DESDFClockTest.Play Bell.Copy1:SDF Director and .DESDFClockTest.Play Bell.UpSample
    while executing
"java::new ptolemy.moml.MoMLSimpleApplication $file
"
    (procedure "createAndExecute" line 2)
    invoked from within
"createAndExecute $file"
    ("uplevel" body line 5)
    invoked from within
"uplevel $contents_of_test"
------------------ testing $PTII/ptolemy/domains/de/test/auto/knownFailedTests/FSMSource.xml (Known Failure) 
42 ms. Memory: 116224K Free: 111601K (96%)
!!!! Auto was marked as failing, but now passes
------------------ testing $PTII/ptolemy/domains/de/test/auto/knownFailedTests/dependencyLoop2.xml (Known Failure) 
4 ms. Memory: 116224K Free: 93553K (80%)


==== $PTIIhome/travis/build/icyphy/ptII/ptolemy/domains/de/test/../../../../: Auto Automatic test in file $PTII/ptolemy/domains/de/test/auto/knownFailedTests/dependencyLoop2.xml
==== Contents of test case:

	    # FIXME: we should use $relativeFilename here, but it
	    # might have backslashes under Windows, which causes no end
	    # of trouble.
	    createAndExecute $file
	    list {}
	
.... Test generated KNOWN error:
    while executing
ptolemy.kernel.util.IllegalActionException: Found a zero delay loop containing .dependencyLoop2.original
  in .dependencyLoop2 and .dependencyLoop2.original
	at ptolemy.actor.util.CausalityInterfaceForComposites._computeOutputPortDepth(CausalityInterfaceForComposites.java:759)
	at ptolemy.actor.util.CausalityInterfaceForComposites._computeInputDepth(CausalityInterfaceForComposites.java:696)
	at ptolemy.actor.util.CausalityInterfaceForComposites._computeOutputPortDepth(CausalityInterfaceForComposites.java:765)
	at ptolemy.actor.util.CausalityInterfaceForComposites._computeInputDepth(CausalityInterfaceForComposites.java:696)
	at ptolemy.actor.util.CausalityInterfaceForComposites._computeOutputPortDepth(CausalityInterfaceForComposites.java:765)
	at ptolemy.actor.util.CausalityInterfaceForComposites._computeInputDepth(CausalityInterfaceForComposites.java:696)
	at ptolemy.actor.util.CausalityInterfaceForComposites._computeActorDepth(CausalityInterfaceForComposites.java:532)
	at ptolemy.actor.util.CausalityInterfaceForComposites.checkForCycles(CausalityInterfaceForComposites.java:96)
	at ptolemy.domains.de.kernel.DEDirector.preinitialize(DEDirector.java:1337)
	at ptolemy.actor.CompositeActor.preinitialize(CompositeActor.java:1828)
	at ptolemy.actor.Manager.preinitializeAndResolveTypes(Manager.java:1040)
	at ptolemy.actor.Manager.initialize(Manager.java:710)
	at ptolemy.actor.Manager.execute(Manager.java:356)
	at ptolemy.actor.Manager.run(Manager.java:1263)
	at ptolemy.actor.Manager$PtolemyRunThread.run(Manager.java:1915)

    while executing
ptolemy.kernel.util.IllegalActionException: Found a zero delay loop containing .dependencyLoop2.original
  in .dependencyLoop2 and .dependencyLoop2.original
    while executing
"java::new ptolemy.moml.MoMLSimpleApplication $file
"
    (procedure "createAndExecute" line 2)
    invoked from within
"createAndExecute $file"
    ("uplevel" body line 5)
    invoked from within
"uplevel $contents_of_test"
------------------ testing $PTII/ptolemy/domains/de/test/auto/knownFailedTests/HierarchicalModel.xml (Known Failure) 
4 ms. Memory: 146944K Free: 134415K (91%)


==== $PTIIhome/travis/build/icyphy/ptII/ptolemy/domains/de/test/../../../../: Auto Automatic test in file $PTII/ptolemy/domains/de/test/auto/knownFailedTests/HierarchicalModel.xml
==== Contents of test case:

	    # FIXME: we should use $relativeFilename here, but it
	    # might have backslashes under Windows, which causes no end
	    # of trouble.
	    createAndExecute $file
	    list {}
	
.... Test generated KNOWN error:
    while executing
ptolemy.kernel.util.IllegalActionException: Found a zero delay loop containing .HierarchicalModel.A
  in .HierarchicalModel and .HierarchicalModel.A
	at ptolemy.actor.util.CausalityInterfaceForComposites._computeOutputPortDepth(CausalityInterfaceForComposites.java:759)
	at ptolemy.actor.util.CausalityInterfaceForComposites._computeInputDepth(CausalityInterfaceForComposites.java:696)
	at ptolemy.actor.util.CausalityInterfaceForComposites._computeOutputPortDepth(CausalityInterfaceForComposites.java:765)
	at ptolemy.actor.util.CausalityInterfaceForComposites._computeInputDepth(CausalityInterfaceForComposites.java:696)
	at ptolemy.actor.util.CausalityInterfaceForComposites._computeOutputPortDepth(CausalityInterfaceForComposites.java:765)
	at ptolemy.actor.util.CausalityInterfaceForComposites._computeInputDepth(CausalityInterfaceForComposites.java:696)
	at ptolemy.actor.util.CausalityInterfaceForComposites._computeActorDepth(CausalityInterfaceForComposites.java:532)
	at ptolemy.actor.util.CausalityInterfaceForComposites.checkForCycles(CausalityInterfaceForComposites.java:96)
	at ptolemy.domains.de.kernel.DEDirector.preinitialize(DEDirector.java:1337)
	at ptolemy.actor.CompositeActor.preinitialize(CompositeActor.java:1828)
	at ptolemy.actor.Manager.preinitializeAndResolveTypes(Manager.java:1040)
	at ptolemy.actor.Manager.initialize(Manager.java:710)
	at ptolemy.actor.Manager.execute(Manager.java:356)
	at ptolemy.actor.Manager.run(Manager.java:1263)
	at ptolemy.actor.Manager$PtolemyRunThread.run(Manager.java:1915)

    while executing
ptolemy.kernel.util.IllegalActionException: Found a zero delay loop containing .HierarchicalModel.A
  in .HierarchicalModel and .HierarchicalModel.A
    while executing
"java::new ptolemy.moml.MoMLSimpleApplication $file
"
    (procedure "createAndExecute" line 2)
    invoked from within
"createAndExecute $file"
    ("uplevel" body line 5)
    invoked from within
"uplevel $contents_of_test"
------------------ testing $PTII/ptolemy/domains/de/test/auto/knownFailedTests/DirectFeedback.xml (Known Failure) 
3 ms. Memory: 146944K Free: 129356K (88%)


==== $PTIIhome/travis/build/icyphy/ptII/ptolemy/domains/de/test/../../../../: Auto Automatic test in file $PTII/ptolemy/domains/de/test/auto/knownFailedTests/DirectFeedback.xml
==== Contents of test case:

	    # FIXME: we should use $relativeFilename here, but it
	    # might have backslashes under Windows, which causes no end
	    # of trouble.
	    createAndExecute $file
	    list {}
	
.... Test generated KNOWN error:
    while executing
ptolemy.kernel.util.IllegalActionException: Test fails in iteration 1.
Value was: 1.0. Should have been: 2.0
  in .DirectFeedback.Test
	at ptolemy.actor.lib.Test.fire(Test.java:268)
	at ptolemy.domains.de.kernel.DEDirector._fire(DEDirector.java:1948)
	at ptolemy.domains.de.kernel.DEDirector.fire(DEDirector.java:502)
	at ptolemy.actor.CompositeActor.fire(CompositeActor.java:455)
	at ptolemy.actor.Manager.iterate(Manager.java:851)
	at ptolemy.actor.Manager.execute(Manager.java:369)
	at ptolemy.actor.Manager.run(Manager.java:1263)
	at ptolemy.actor.Manager$PtolemyRunThread.run(Manager.java:1915)

    while executing
ptolemy.kernel.util.IllegalActionException: Test fails in iteration 1.
Value was: 1.0. Should have been: 2.0
  in .DirectFeedback.Test
    while executing
"java::new ptolemy.moml.MoMLSimpleApplication $file
"
    (procedure "createAndExecute" line 2)
    invoked from within
"createAndExecute $file"
    ("uplevel" body line 5)
    invoked from within
"uplevel $contents_of_test"
------------------ testing $PTII/ptolemy/domains/de/test/auto/ActorDepthCalculation_actorWithoutPorts.xml
auto.tcl: Setting watchdog for 200 seconds at Mon May 28 01:17:21 UTC 2018
3 ms. Memory: 146944K Free: 121593K (83%)
ptolemy.util.test.WatchDog.cancel(): canceling Mon May 28 01:17:21 UTC 2018
auto.tcl: Setting watchdog for 200 seconds at Mon May 28 01:17:21 UTC 2018
4 ms. Memory: 146944K Free: 120532K (82%)
ptolemy.util.test.WatchDog.cancel(): canceling Mon May 28 01:17:21 UTC 2018
------------------ testing $PTII/ptolemy/domains/de/test/auto/AssemblyLine.xml
auto.tcl: Setting watchdog for 200 seconds at Mon May 28 01:17:22 UTC 2018
11 ms. Memory: 146944K Free: 127561K (87%)
ptolemy.util.test.WatchDog.cancel(): canceling Mon May 28 01:17:22 UTC 2018
auto.tcl: Setting watchdog for 200 seconds at Mon May 28 01:17:22 UTC 2018
19 ms. Memory: 146944K Free: 126511K (86%)
ptolemy.util.test.WatchDog.cancel(): canceling Mon May 28 01:17:22 UTC 2018
------------------ testing $PTII/ptolemy/domains/de/test/auto/CQBug1.xml
auto.tcl: Setting watchdog for 200 seconds at Mon May 28 01:17:22 UTC 2018
3 ms. Memory: 146944K Free: 138314K (94%)
ptolemy.util.test.WatchDog.cancel(): canceling Mon May 28 01:17:22 UTC 2018
auto.tcl: Setting watchdog for 200 seconds at Mon May 28 01:17:22 UTC 2018
2 ms. Memory: 146944K Free: 138314K (94%)
ptolemy.util.test.WatchDog.cancel(): canceling Mon May 28 01:17:22 UTC 2018
------------------ testing $PTII/ptolemy/domains/de/test/auto/CancelFireAt.xml
auto.tcl: Setting watchdog for 200 seconds at Mon May 28 01:17:22 UTC 2018
4 ms. Memory: 146944K Free: 140401K (96%)
ptolemy.util.test.WatchDog.cancel(): canceling Mon May 28 01:17:22 UTC 2018
auto.tcl: Setting watchdog for 200 seconds at Mon May 28 01:17:22 UTC 2018
7 ms. Memory: 146944K Free: 139351K (95%)
ptolemy.util.test.WatchDog.cancel(): canceling Mon May 28 01:17:22 UTC 2018
------------------ testing $PTII/ptolemy/domains/de/test/auto/CausalityAndComposabilityAnalysis.xml
auto.tcl: Setting watchdog for 200 seconds at Mon May 28 01:17:22 UTC 2018
15 ms. Memory: 146944K Free: 137995K (94%)
ptolemy.util.test.WatchDog.cancel(): canceling Mon May 28 01:17:22 UTC 2018
auto.tcl: Setting watchdog for 200 seconds at Mon May 28 01:17:22 UTC 2018
4 ms. Memory: 146944K Free: 136942K (93%)
ptolemy.util.test.WatchDog.cancel(): canceling Mon May 28 01:17:22 UTC 2018
------------------ testing $PTII/ptolemy/domains/de/test/auto/CausalityInterface1.xml
auto.tcl: Setting watchdog for 200 seconds at Mon May 28 01:17:22 UTC 2018
7 ms. Memory: 146944K Free: 136268K (93%)
ptolemy.util.test.WatchDog.cancel(): canceling Mon May 28 01:17:22 UTC 2018
auto.tcl: Setting watchdog for 200 seconds at Mon May 28 01:17:22 UTC 2018
8 ms. Memory: 146944K Free: 135219K (92%)
ptolemy.util.test.WatchDog.cancel(): canceling Mon May 28 01:17:22 UTC 2018
------------------ testing $PTII/ptolemy/domains/de/test/auto/CausalityInterface15.xml
auto.tcl: Setting watchdog for 200 seconds at Mon May 28 01:17:22 UTC 2018
4 ms. Memory: 146944K Free: 135211K (92%)
ptolemy.util.test.WatchDog.cancel(): canceling Mon May 28 01:17:22 UTC 2018
auto.tcl: Setting watchdog for 200 seconds at Mon May 28 01:17:22 UTC 2018
7 ms. Memory: 146944K Free: 134160K (91%)
ptolemy.util.test.WatchDog.cancel(): canceling Mon May 28 01:17:22 UTC 2018
------------------ testing $PTII/ptolemy/domains/de/test/auto/CausalityInterface2.xml
auto.tcl: Setting watchdog for 200 seconds at Mon May 28 01:17:22 UTC 2018
4 ms. Memory: 146944K Free: 136244K (93%)
ptolemy.util.test.WatchDog.cancel(): canceling Mon May 28 01:17:22 UTC 2018
auto.tcl: Setting watchdog for 200 seconds at Mon May 28 01:17:22 UTC 2018
2 ms. Memory: 146944K Free: 136244K (93%)
ptolemy.util.test.WatchDog.cancel(): canceling Mon May 28 01:17:22 UTC 2018
------------------ testing $PTII/ptolemy/domains/de/test/auto/CausalityInterface3.xml
auto.tcl: Setting watchdog for 200 seconds at Mon May 28 01:17:23 UTC 2018
7 ms. Memory: 146944K Free: 136256K (93%)
ptolemy.util.test.WatchDog.cancel(): canceling Mon May 28 01:17:23 UTC 2018
auto.tcl: Setting watchdog for 200 seconds at Mon May 28 01:17:23 UTC 2018
7 ms. Memory: 146944K Free: 135207K (92%)
ptolemy.util.test.WatchDog.cancel(): canceling Mon May 28 01:17:23 UTC 2018
------------------ testing $PTII/ptolemy/domains/de/test/auto/ClockDrift.xml
auto.tcl: Setting watchdog for 200 seconds at Mon May 28 01:17:23 UTC 2018
85 ms. Memory: 146944K Free: 128103K (87%)
ptolemy.util.test.WatchDog.cancel(): canceling Mon May 28 01:17:23 UTC 2018
auto.tcl: Setting watchdog for 200 seconds at Mon May 28 01:17:23 UTC 2018
46 ms. Memory: 146944K Free: 124954K (85%)
ptolemy.util.test.WatchDog.cancel(): canceling Mon May 28 01:17:23 UTC 2018
------------------ testing $PTII/ptolemy/domains/de/test/auto/ClockDriftAndValueChange.xml
auto.tcl: Setting watchdog for 200 seconds at Mon May 28 01:17:23 UTC 2018
22 ms. Memory: 146944K Free: 127938K (87%)
ptolemy.util.test.WatchDog.cancel(): canceling Mon May 28 01:17:23 UTC 2018
auto.tcl: Setting watchdog for 200 seconds at Mon May 28 01:17:23 UTC 2018
21 ms. Memory: 146944K Free: 124790K (85%)
ptolemy.util.test.WatchDog.cancel(): canceling Mon May 28 01:17:23 UTC 2018
------------------ testing $PTII/ptolemy/domains/de/test/auto/ClockDriftChange.xml
auto.tcl: Setting watchdog for 200 seconds at Mon May 28 01:17:23 UTC 2018
38 ms. Memory: 146944K Free: 130630K (89%)
ptolemy.util.test.WatchDog.cancel(): canceling Mon May 28 01:17:23 UTC 2018
auto.tcl: Setting watchdog for 200 seconds at Mon May 28 01:17:23 UTC 2018
22 ms. Memory: 146944K Free: 128531K (87%)
ptolemy.util.test.WatchDog.cancel(): canceling Mon May 28 01:17:23 UTC 2018
------------------ testing $PTII/ptolemy/domains/de/test/auto/ComposableCausalityAnalysis.xml
auto.tcl: Setting watchdog for 200 seconds at Mon May 28 01:17:23 UTC 2018
1 ms. Memory: 146944K Free: 135172K (92%)
ptolemy.util.test.WatchDog.cancel(): canceling Mon May 28 01:17:23 UTC 2018
auto.tcl: Setting watchdog for 200 seconds at Mon May 28 01:17:23 UTC 2018
1 ms. Memory: 146944K Free: 134122K (91%)
ptolemy.util.test.WatchDog.cancel(): canceling Mon May 28 01:17:23 UTC 2018
------------------ testing $PTII/ptolemy/domains/de/test/auto/DEFixedPointLimitation.xml
auto.tcl: Setting watchdog for 200 seconds at Mon May 28 01:17:23 UTC 2018
3 ms. Memory: 146944K Free: 136193K (93%)
ptolemy.util.test.WatchDog.cancel(): canceling Mon May 28 01:17:23 UTC 2018
auto.tcl: Setting watchdog for 200 seconds at Mon May 28 01:17:23 UTC 2018
1 ms. Memory: 146944K Free: 136193K (93%)
ptolemy.util.test.WatchDog.cancel(): canceling Mon May 28 01:17:23 UTC 2018
------------------ testing $PTII/ptolemy/domains/de/test/auto/DEScheduleTest.xml
auto.tcl: Setting watchdog for 200 seconds at Mon May 28 01:17:23 UTC 2018
7 ms. Memory: 146944K Free: 137278K (93%)
ptolemy.util.test.WatchDog.cancel(): canceling Mon May 28 01:17:23 UTC 2018
auto.tcl: Setting watchdog for 200 seconds at Mon May 28 01:17:23 UTC 2018
5 ms. Memory: 146944K Free: 136228K (93%)
ptolemy.util.test.WatchDog.cancel(): canceling Mon May 28 01:17:23 UTC 2018
------------------ testing $PTII/ptolemy/domains/de/test/auto/DEinDEwithStartTimes.xml
auto.tcl: Setting watchdog for 200 seconds at Mon May 28 01:17:23 UTC 2018
3 ms. Memory: 146944K Free: 136197K (93%)
ptolemy.util.test.WatchDog.cancel(): canceling Mon May 28 01:17:23 UTC 2018
auto.tcl: Setting watchdog for 200 seconds at Mon May 28 01:17:23 UTC 2018
3 ms. Memory: 146944K Free: 134098K (91%)
ptolemy.util.test.WatchDog.cancel(): canceling Mon May 28 01:17:23 UTC 2018
------------------ testing $PTII/ptolemy/domains/de/test/auto/DEinDEwithStartTimes2.xml
auto.tcl: Setting watchdog for 200 seconds at Mon May 28 01:17:23 UTC 2018
7 ms. Memory: 146944K Free: 135127K (92%)
ptolemy.util.test.WatchDog.cancel(): canceling Mon May 28 01:17:23 UTC 2018
auto.tcl: Setting watchdog for 200 seconds at Mon May 28 01:17:23 UTC 2018
3 ms. Memory: 146944K Free: 134078K (91%)
ptolemy.util.test.WatchDog.cancel(): canceling Mon May 28 01:17:23 UTC 2018
------------------ testing $PTII/ptolemy/domains/de/test/auto/DateDemo.xml
auto.tcl: Setting watchdog for 200 seconds at Mon May 28 01:17:24 UTC 2018
9 ms. Memory: 146944K Free: 129235K (88%)
ptolemy.util.test.WatchDog.cancel(): canceling Mon May 28 01:17:24 UTC 2018
auto.tcl: Setting watchdog for 200 seconds at Mon May 28 01:17:24 UTC 2018
17 ms. Memory: 146944K Free: 127136K (87%)
ptolemy.util.test.WatchDog.cancel(): canceling Mon May 28 01:17:24 UTC 2018
------------------ testing $PTII/ptolemy/domains/de/test/auto/DateToEvent.xml
auto.tcl: Setting watchdog for 200 seconds at Mon May 28 01:17:24 UTC 2018
2018 ms. Memory: 146944K Free: 122057K (83%)
ptolemy.util.test.WatchDog.cancel(): canceling Mon May 28 01:17:26 UTC 2018
auto.tcl: Setting watchdog for 200 seconds at Mon May 28 01:17:26 UTC 2018
2005 ms. Memory: 146944K Free: 121007K (82%)
ptolemy.util.test.WatchDog.cancel(): canceling Mon May 28 01:17:28 UTC 2018
------------------ testing $PTII/ptolemy/domains/de/test/auto/DepthTest1.xml
auto.tcl: Setting watchdog for 200 seconds at Mon May 28 01:17:28 UTC 2018
3 ms. Memory: 146944K Free: 137241K (93%)
ptolemy.util.test.WatchDog.cancel(): canceling Mon May 28 01:17:28 UTC 2018
auto.tcl: Setting watchdog for 200 seconds at Mon May 28 01:17:28 UTC 2018
1 ms. Memory: 146944K Free: 137241K (93%)
ptolemy.util.test.WatchDog.cancel(): canceling Mon May 28 01:17:28 UTC 2018
------------------ testing $PTII/ptolemy/domains/de/test/auto/DepthTest2.xml
auto.tcl: Setting watchdog for 200 seconds at Mon May 28 01:17:28 UTC 2018
7 ms. Memory: 146944K Free: 134578K (92%)
ptolemy.util.test.WatchDog.cancel(): canceling Mon May 28 01:17:28 UTC 2018
auto.tcl: Setting watchdog for 200 seconds at Mon May 28 01:17:28 UTC 2018
4 ms. Memory: 146944K Free: 134578K (92%)
ptolemy.util.test.WatchDog.cancel(): canceling Mon May 28 01:17:28 UTC 2018
------------------ testing $PTII/ptolemy/domains/de/test/auto/DepthTest3.xml
auto.tcl: Setting watchdog for 200 seconds at Mon May 28 01:17:28 UTC 2018
2 ms. Memory: 146944K Free: 138913K (95%)
ptolemy.util.test.WatchDog.cancel(): canceling Mon May 28 01:17:28 UTC 2018
auto.tcl: Setting watchdog for 200 seconds at Mon May 28 01:17:28 UTC 2018
2 ms. Memory: 146944K Free: 138913K (95%)
ptolemy.util.test.WatchDog.cancel(): canceling Mon May 28 01:17:28 UTC 2018
------------------ testing $PTII/ptolemy/domains/de/test/auto/DepthTest4.xml
auto.tcl: Setting watchdog for 200 seconds at Mon May 28 01:17:28 UTC 2018
4 ms. Memory: 146944K Free: 136178K (93%)
ptolemy.util.test.WatchDog.cancel(): canceling Mon May 28 01:17:28 UTC 2018
auto.tcl: Setting watchdog for 200 seconds at Mon May 28 01:17:28 UTC 2018
2 ms. Memory: 146944K Free: 135128K (92%)
ptolemy.util.test.WatchDog.cancel(): canceling Mon May 28 01:17:28 UTC 2018
------------------ testing $PTII/ptolemy/domains/de/test/auto/DepthTest5.xml
auto.tcl: Setting watchdog for 200 seconds at Mon May 28 01:17:28 UTC 2018
7 ms. Memory: 146944K Free: 135075K (92%)
ptolemy.util.test.WatchDog.cancel(): canceling Mon May 28 01:17:28 UTC 2018
auto.tcl: Setting watchdog for 200 seconds at Mon May 28 01:17:28 UTC 2018
2 ms. Memory: 146944K Free: 135075K (92%)
ptolemy.util.test.WatchDog.cancel(): canceling Mon May 28 01:17:28 UTC 2018
------------------ testing $PTII/ptolemy/domains/de/test/auto/DepthTest6.xml
auto.tcl: Setting watchdog for 200 seconds at Mon May 28 01:17:28 UTC 2018
8 ms. Memory: 146944K Free: 135020K (92%)
ptolemy.util.test.WatchDog.cancel(): canceling Mon May 28 01:17:28 UTC 2018
auto.tcl: Setting watchdog for 200 seconds at Mon May 28 01:17:28 UTC 2018
2 ms. Memory: 146944K Free: 135020K (92%)
ptolemy.util.test.WatchDog.cancel(): canceling Mon May 28 01:17:28 UTC 2018
------------------ testing $PTII/ptolemy/domains/de/test/auto/DepthTest7.xml
auto.tcl: Setting watchdog for 200 seconds at Mon May 28 01:17:28 UTC 2018
3 ms. Memory: 146944K Free: 136081K (93%)
ptolemy.util.test.WatchDog.cancel(): canceling Mon May 28 01:17:28 UTC 2018
auto.tcl: Setting watchdog for 200 seconds at Mon May 28 01:17:28 UTC 2018
2 ms. Memory: 146944K Free: 135032K (92%)
ptolemy.util.test.WatchDog.cancel(): canceling Mon May 28 01:17:28 UTC 2018
------------------ testing $PTII/ptolemy/domains/de/test/auto/EventToDate.xml
auto.tcl: Setting watchdog for 200 seconds at Mon May 28 01:17:28 UTC 2018
3005 ms. Memory: 146944K Free: 125608K (85%)
ptolemy.util.test.WatchDog.cancel(): canceling Mon May 28 01:17:31 UTC 2018
auto.tcl: Setting watchdog for 200 seconds at Mon May 28 01:17:31 UTC 2018
3003 ms. Memory: 146944K Free: 125608K (85%)
ptolemy.util.test.WatchDog.cancel(): canceling Mon May 28 01:17:34 UTC 2018
------------------ testing $PTII/ptolemy/domains/de/test/auto/FSM1.xml
auto.tcl: Setting watchdog for 200 seconds at Mon May 28 01:17:34 UTC 2018
27 ms. Memory: 146944K Free: 128028K (87%)
ptolemy.util.test.WatchDog.cancel(): canceling Mon May 28 01:17:35 UTC 2018
auto.tcl: Setting watchdog for 200 seconds at Mon May 28 01:17:35 UTC 2018
12 ms. Memory: 146944K Free: 124879K (85%)
ptolemy.util.test.WatchDog.cancel(): canceling Mon May 28 01:17:35 UTC 2018
------------------ testing $PTII/ptolemy/domains/de/test/auto/FSM7.xml
auto.tcl: Setting watchdog for 200 seconds at Mon May 28 01:17:35 UTC 2018
23 ms. Memory: 146944K Free: 127208K (87%)
ptolemy.util.test.WatchDog.cancel(): canceling Mon May 28 01:17:35 UTC 2018
auto.tcl: Setting watchdog for 200 seconds at Mon May 28 01:17:35 UTC 2018
19 ms. Memory: 146944K Free: 124059K (84%)
ptolemy.util.test.WatchDog.cancel(): canceling Mon May 28 01:17:35 UTC 2018
------------------ testing $PTII/ptolemy/domains/de/test/auto/Inspection.xml
auto.tcl: Setting watchdog for 200 seconds at Mon May 28 01:17:35 UTC 2018
19 ms. Memory: 146944K Free: 127405K (87%)
ptolemy.util.test.WatchDog.cancel(): canceling Mon May 28 01:17:35 UTC 2018
auto.tcl: Setting watchdog for 200 seconds at Mon May 28 01:17:35 UTC 2018
22 ms. Memory: 146944K Free: 125306K (85%)
ptolemy.util.test.WatchDog.cancel(): canceling Mon May 28 01:17:35 UTC 2018
------------------ testing $PTII/ptolemy/domains/de/test/auto/Iteration.xml
auto.tcl: Setting watchdog for 200 seconds at Mon May 28 01:17:35 UTC 2018
7 ms. Memory: 146944K Free: 133899K (91%)
ptolemy.util.test.WatchDog.cancel(): canceling Mon May 28 01:17:35 UTC 2018
auto.tcl: Setting watchdog for 200 seconds at Mon May 28 01:17:35 UTC 2018
6 ms. Memory: 146944K Free: 132739K (90%)
ptolemy.util.test.WatchDog.cancel(): canceling Mon May 28 01:17:35 UTC 2018
------------------ testing $PTII/ptolemy/domains/de/test/auto/LineFault.xml
auto.tcl: Setting watchdog for 200 seconds at Mon May 28 01:17:35 UTC 2018
719 ms. Memory: 146944K Free: 138070K (94%)
ptolemy.util.test.WatchDog.cancel(): canceling Mon May 28 01:17:36 UTC 2018
auto.tcl: Setting watchdog for 200 seconds at Mon May 28 01:17:36 UTC 2018
599 ms. Memory: 146944K Free: 81692K (56%)
ptolemy.util.test.WatchDog.cancel(): canceling Mon May 28 01:17:37 UTC 2018
------------------ testing $PTII/ptolemy/domains/de/test/auto/MergeModel1Add.xml
auto.tcl: Setting watchdog for 200 seconds at Mon May 28 01:17:37 UTC 2018
25 ms. Memory: 209920K Free: 180408K (86%)
ptolemy.util.test.WatchDog.cancel(): canceling Mon May 28 01:17:37 UTC 2018
auto.tcl: Setting watchdog for 200 seconds at Mon May 28 01:17:37 UTC 2018
9 ms. Memory: 209920K Free: 178521K (85%)
ptolemy.util.test.WatchDog.cancel(): canceling Mon May 28 01:17:37 UTC 2018
------------------ testing $PTII/ptolemy/domains/de/test/auto/MergeModel2Add.xml
auto.tcl: Setting watchdog for 200 seconds at Mon May 28 01:17:37 UTC 2018
8 ms. Memory: 210432K Free: 184218K (88%)
ptolemy.util.test.WatchDog.cancel(): canceling Mon May 28 01:17:37 UTC 2018
auto.tcl: Setting watchdog for 200 seconds at Mon May 28 01:17:37 UTC 2018
8 ms. Memory: 210432K Free: 182330K (87%)
ptolemy.util.test.WatchDog.cancel(): canceling Mon May 28 01:17:37 UTC 2018
------------------ testing $PTII/ptolemy/domains/de/test/auto/MergeModel3Add.xml
auto.tcl: Setting watchdog for 200 seconds at Mon May 28 01:17:37 UTC 2018
9 ms. Memory: 209920K Free: 183604K (87%)
ptolemy.util.test.WatchDog.cancel(): canceling Mon May 28 01:17:37 UTC 2018
auto.tcl: Setting watchdog for 200 seconds at Mon May 28 01:17:37 UTC 2018
6 ms. Memory: 209920K Free: 181709K (87%)
ptolemy.util.test.WatchDog.cancel(): canceling Mon May 28 01:17:37 UTC 2018
------------------ testing $PTII/ptolemy/domains/de/test/auto/MergeWithoutDiscard.xml
auto.tcl: Setting watchdog for 200 seconds at Mon May 28 01:17:37 UTC 2018
2 ms. Memory: 210432K Free: 198842K (94%)
ptolemy.util.test.WatchDog.cancel(): canceling Mon May 28 01:17:37 UTC 2018
auto.tcl: Setting watchdog for 200 seconds at Mon May 28 01:17:37 UTC 2018
1 ms. Memory: 210432K Free: 198746K (94%)
ptolemy.util.test.WatchDog.cancel(): canceling Mon May 28 01:17:37 UTC 2018
------------------ testing $PTII/ptolemy/domains/de/test/auto/Modal1.xml
auto.tcl: Setting watchdog for 200 seconds at Mon May 28 01:17:37 UTC 2018
16 ms. Memory: 210432K Free: 190779K (91%)
ptolemy.util.test.WatchDog.cancel(): canceling Mon May 28 01:17:37 UTC 2018
auto.tcl: Setting watchdog for 200 seconds at Mon May 28 01:17:37 UTC 2018
16 ms. Memory: 210432K Free: 186973K (89%)
ptolemy.util.test.WatchDog.cancel(): canceling Mon May 28 01:17:37 UTC 2018
------------------ testing $PTII/ptolemy/domains/de/test/auto/Modal2.xml
auto.tcl: Setting watchdog for 200 seconds at Mon May 28 01:17:37 UTC 2018
12 ms. Memory: 210432K Free: 190637K (91%)
ptolemy.util.test.WatchDog.cancel(): canceling Mon May 28 01:17:37 UTC 2018
auto.tcl: Setting watchdog for 200 seconds at Mon May 28 01:17:37 UTC 2018
10 ms. Memory: 210432K Free: 186823K (89%)
ptolemy.util.test.WatchDog.cancel(): canceling Mon May 28 01:17:37 UTC 2018
------------------ testing $PTII/ptolemy/domains/de/test/auto/Modal3.xml
auto.tcl: Setting watchdog for 200 seconds at Mon May 28 01:17:37 UTC 2018
9 ms. Memory: 210432K Free: 190747K (91%)
ptolemy.util.test.WatchDog.cancel(): canceling Mon May 28 01:17:37 UTC 2018
auto.tcl: Setting watchdog for 200 seconds at Mon May 28 01:17:37 UTC 2018
9 ms. Memory: 210432K Free: 186837K (89%)
ptolemy.util.test.WatchDog.cancel(): canceling Mon May 28 01:17:37 UTC 2018
------------------ testing $PTII/ptolemy/domains/de/test/auto/Modal4.xml
auto.tcl: Setting watchdog for 200 seconds at Mon May 28 01:17:37 UTC 2018
23 ms. Memory: 208384K Free: 188616K (91%)
ptolemy.util.test.WatchDog.cancel(): canceling Mon May 28 01:17:37 UTC 2018
auto.tcl: Setting watchdog for 200 seconds at Mon May 28 01:17:37 UTC 2018
21 ms. Memory: 208384K Free: 184794K (89%)
ptolemy.util.test.WatchDog.cancel(): canceling Mon May 28 01:17:37 UTC 2018
------------------ testing $PTII/ptolemy/domains/de/test/auto/Modal5.xml
auto.tcl: Setting watchdog for 200 seconds at Mon May 28 01:17:38 UTC 2018
31 ms. Memory: 209920K Free: 190218K (91%)
ptolemy.util.test.WatchDog.cancel(): canceling Mon May 28 01:17:38 UTC 2018
auto.tcl: Setting watchdog for 200 seconds at Mon May 28 01:17:38 UTC 2018
13 ms. Memory: 209920K Free: 186395K (89%)
ptolemy.util.test.WatchDog.cancel(): canceling Mon May 28 01:17:38 UTC 2018
------------------ testing $PTII/ptolemy/domains/de/test/auto/Modal6.xml
auto.tcl: Setting watchdog for 200 seconds at Mon May 28 01:17:38 UTC 2018
12 ms. Memory: 209920K Free: 190232K (91%)
ptolemy.util.test.WatchDog.cancel(): canceling Mon May 28 01:17:38 UTC 2018
auto.tcl: Setting watchdog for 200 seconds at Mon May 28 01:17:38 UTC 2018
12 ms. Memory: 209920K Free: 186442K (89%)
ptolemy.util.test.WatchDog.cancel(): canceling Mon May 28 01:17:38 UTC 2018
------------------ testing $PTII/ptolemy/domains/de/test/auto/Modal7.xml
auto.tcl: Setting watchdog for 200 seconds at Mon May 28 01:17:38 UTC 2018
8 ms. Memory: 209920K Free: 186940K (89%)
ptolemy.util.test.WatchDog.cancel(): canceling Mon May 28 01:17:38 UTC 2018
auto.tcl: Setting watchdog for 200 seconds at Mon May 28 01:17:38 UTC 2018
9 ms. Memory: 209920K Free: 185029K (88%)
ptolemy.util.test.WatchDog.cancel(): canceling Mon May 28 01:17:38 UTC 2018
------------------ testing $PTII/ptolemy/domains/de/test/auto/ModalModel.xml
auto.tcl: Setting watchdog for 200 seconds at Mon May 28 01:17:38 UTC 2018
147 ms. Memory: 209920K Free: 129359K (62%)
ptolemy.util.test.WatchDog.cancel(): canceling Mon May 28 01:17:38 UTC 2018
auto.tcl: Setting watchdog for 200 seconds at Mon May 28 01:17:38 UTC 2018
170 ms. Memory: 209920K Free: 197556K (94%)
ptolemy.util.test.WatchDog.cancel(): canceling Mon May 28 01:17:38 UTC 2018
------------------ testing $PTII/ptolemy/domains/de/test/auto/ModalSource.xml
auto.tcl: Setting watchdog for 200 seconds at Mon May 28 01:17:38 UTC 2018
5 ms. Memory: 209920K Free: 195321K (93%)
ptolemy.util.test.WatchDog.cancel(): canceling Mon May 28 01:17:38 UTC 2018
auto.tcl: Setting watchdog for 200 seconds at Mon May 28 01:17:38 UTC 2018
5 ms. Memory: 209920K Free: 193571K (92%)
ptolemy.util.test.WatchDog.cancel(): canceling Mon May 28 01:17:38 UTC 2018
------------------ testing $PTII/ptolemy/domains/de/test/auto/NonInterruptibleTimerZeroDelay.xml
auto.tcl: Setting watchdog for 200 seconds at Mon May 28 01:17:38 UTC 2018
3 ms. Memory: 336896K Free: 326499K (97%)
ptolemy.util.test.WatchDog.cancel(): canceling Mon May 28 01:17:38 UTC 2018
auto.tcl: Setting watchdog for 200 seconds at Mon May 28 01:17:38 UTC 2018
2 ms. Memory: 336896K Free: 323017K (96%)
ptolemy.util.test.WatchDog.cancel(): canceling Mon May 28 01:17:38 UTC 2018
------------------ testing $PTII/ptolemy/domains/de/test/auto/OpenQueueingNetwork.xml
auto.tcl: Setting watchdog for 200 seconds at Mon May 28 01:17:38 UTC 2018
2540 ms. Memory: 336384K Free: 203942K (61%)
ptolemy.util.test.WatchDog.cancel(): canceling Mon May 28 01:17:41 UTC 2018
auto.tcl: Setting watchdog for 200 seconds at Mon May 28 01:17:41 UTC 2018
2121 ms. Memory: 314880K Free: 117818K (37%)
ptolemy.util.test.WatchDog.cancel(): canceling Mon May 28 01:17:43 UTC 2018
------------------ testing $PTII/ptolemy/domains/de/test/auto/OpenQueuingNetwork.xml
auto.tcl: Setting watchdog for 200 seconds at Mon May 28 01:17:43 UTC 2018
213 ms. Memory: 313344K Free: 217834K (70%)
ptolemy.util.test.WatchDog.cancel(): canceling Mon May 28 01:17:44 UTC 2018
auto.tcl: Setting watchdog for 200 seconds at Mon May 28 01:17:44 UTC 2018
217 ms. Memory: 313344K Free: 156127K (50%)
ptolemy.util.test.WatchDog.cancel(): canceling Mon May 28 01:17:44 UTC 2018
------------------ testing $PTII/ptolemy/domains/de/test/auto/PeriodicSampler.xml
auto.tcl: Setting watchdog for 200 seconds at Mon May 28 01:17:44 UTC 2018
2 ms. Memory: 314880K Free: 301892K (96%)
ptolemy.util.test.WatchDog.cancel(): canceling Mon May 28 01:17:44 UTC 2018
auto.tcl: Setting watchdog for 200 seconds at Mon May 28 01:17:44 UTC 2018
2 ms. Memory: 314880K Free: 298581K (95%)
ptolemy.util.test.WatchDog.cancel(): canceling Mon May 28 01:17:44 UTC 2018
------------------ testing $PTII/ptolemy/domains/de/test/auto/PersistentIO.xml
auto.tcl: Setting watchdog for 200 seconds at Mon May 28 01:17:44 UTC 2018
12 ms. Memory: 313344K Free: 296716K (95%)
ptolemy.util.test.WatchDog.cancel(): canceling Mon May 28 01:17:44 UTC 2018
auto.tcl: Setting watchdog for 200 seconds at Mon May 28 01:17:44 UTC 2018
4 ms. Memory: 313344K Free: 293421K (94%)
ptolemy.util.test.WatchDog.cancel(): canceling Mon May 28 01:17:44 UTC 2018
------------------ testing $PTII/ptolemy/domains/de/test/auto/PortParameterResetOnInitialize.xml
auto.tcl: Setting watchdog for 200 seconds at Mon May 28 01:17:44 UTC 2018
2 ms. Memory: 314880K Free: 299090K (95%)
ptolemy.util.test.WatchDog.cancel(): canceling Mon May 28 01:17:44 UTC 2018
auto.tcl: Setting watchdog for 200 seconds at Mon May 28 01:17:44 UTC 2018
2 ms. Memory: 314880K Free: 299090K (95%)
ptolemy.util.test.WatchDog.cancel(): canceling Mon May 28 01:17:44 UTC 2018
------------------ testing $PTII/ptolemy/domains/de/test/auto/PortParameterUpdates.xml
auto.tcl: Setting watchdog for 200 seconds at Mon May 28 01:17:44 UTC 2018
5 ms. Memory: 313344K Free: 300023K (96%)
ptolemy.util.test.WatchDog.cancel(): canceling Mon May 28 01:17:44 UTC 2018
auto.tcl: Setting watchdog for 200 seconds at Mon May 28 01:17:44 UTC 2018
3 ms. Memory: 313344K Free: 296728K (95%)
ptolemy.util.test.WatchDog.cancel(): canceling Mon May 28 01:17:44 UTC 2018
------------------ testing $PTII/ptolemy/domains/de/test/auto/QueueAndServer.xml
auto.tcl: Setting watchdog for 200 seconds at Mon May 28 01:17:44 UTC 2018
14 ms. Memory: 314368K Free: 300946K (96%)
ptolemy.util.test.WatchDog.cancel(): canceling Mon May 28 01:17:44 UTC 2018
auto.tcl: Setting watchdog for 200 seconds at Mon May 28 01:17:44 UTC 2018
6 ms. Memory: 314368K Free: 297643K (95%)
ptolemy.util.test.WatchDog.cancel(): canceling Mon May 28 01:17:44 UTC 2018
------------------ testing $PTII/ptolemy/domains/de/test/auto/Records.xml
auto.tcl: Setting watchdog for 200 seconds at Mon May 28 01:17:44 UTC 2018
5 ms. Memory: 313344K Free: 299879K (96%)
ptolemy.util.test.WatchDog.cancel(): canceling Mon May 28 01:17:44 UTC 2018
auto.tcl: Setting watchdog for 200 seconds at Mon May 28 01:17:44 UTC 2018
2 ms. Memory: 313344K Free: 299879K (96%)
ptolemy.util.test.WatchDog.cancel(): canceling Mon May 28 01:17:44 UTC 2018
------------------ testing $PTII/ptolemy/domains/de/test/auto/ResetTransitionWithStartTime1.xml
auto.tcl: Setting watchdog for 200 seconds at Mon May 28 01:17:44 UTC 2018
6 ms. Memory: 314368K Free: 297651K (95%)
ptolemy.util.test.WatchDog.cancel(): canceling Mon May 28 01:17:44 UTC 2018
auto.tcl: Setting watchdog for 200 seconds at Mon May 28 01:17:44 UTC 2018
5 ms. Memory: 314368K Free: 297602K (95%)
ptolemy.util.test.WatchDog.cancel(): canceling Mon May 28 01:17:44 UTC 2018
------------------ testing $PTII/ptolemy/domains/de/test/auto/ResetTransitionWithStartTime2.xml
auto.tcl: Setting watchdog for 200 seconds at Mon May 28 01:17:44 UTC 2018
8 ms. Memory: 313344K Free: 296618K (95%)
ptolemy.util.test.WatchDog.cancel(): canceling Mon May 28 01:17:44 UTC 2018
auto.tcl: Setting watchdog for 200 seconds at Mon May 28 01:17:44 UTC 2018
6 ms. Memory: 313344K Free: 296618K (95%)
ptolemy.util.test.WatchDog.cancel(): canceling Mon May 28 01:17:44 UTC 2018
------------------ testing $PTII/ptolemy/domains/de/test/auto/ResetTransitionWithStartTime3.xml
auto.tcl: Setting watchdog for 200 seconds at Mon May 28 01:17:44 UTC 2018
10 ms. Memory: 314368K Free: 297608K (95%)
ptolemy.util.test.WatchDog.cancel(): canceling Mon May 28 01:17:44 UTC 2018
auto.tcl: Setting watchdog for 200 seconds at Mon May 28 01:17:44 UTC 2018
8 ms. Memory: 314368K Free: 297608K (95%)
ptolemy.util.test.WatchDog.cancel(): canceling Mon May 28 01:17:44 UTC 2018
------------------ testing $PTII/ptolemy/domains/de/test/auto/ResetTransitionWithStartTime4.xml
auto.tcl: Setting watchdog for 200 seconds at Mon May 28 01:17:44 UTC 2018
6 ms. Memory: 313344K Free: 296615K (95%)
ptolemy.util.test.WatchDog.cancel(): canceling Mon May 28 01:17:44 UTC 2018
auto.tcl: Setting watchdog for 200 seconds at Mon May 28 01:17:44 UTC 2018
4 ms. Memory: 313344K Free: 296615K (95%)
ptolemy.util.test.WatchDog.cancel(): canceling Mon May 28 01:17:44 UTC 2018
------------------ testing $PTII/ptolemy/domains/de/test/auto/ResettableTimer1.xml
auto.tcl: Setting watchdog for 200 seconds at Mon May 28 01:17:45 UTC 2018
2 ms. Memory: 313856K Free: 298081K (95%)
ptolemy.util.test.WatchDog.cancel(): canceling Mon May 28 01:17:45 UTC 2018
auto.tcl: Setting watchdog for 200 seconds at Mon May 28 01:17:45 UTC 2018
2 ms. Memory: 313856K Free: 298081K (95%)
ptolemy.util.test.WatchDog.cancel(): canceling Mon May 28 01:17:45 UTC 2018
------------------ testing $PTII/ptolemy/domains/de/test/auto/ResettableTimer2.xml
auto.tcl: Setting watchdog for 200 seconds at Mon May 28 01:17:45 UTC 2018
3 ms. Memory: 313344K Free: 299979K (96%)
ptolemy.util.test.WatchDog.cancel(): canceling Mon May 28 01:17:45 UTC 2018
auto.tcl: Setting watchdog for 200 seconds at Mon May 28 01:17:45 UTC 2018
2 ms. Memory: 313344K Free: 299979K (96%)
ptolemy.util.test.WatchDog.cancel(): canceling Mon May 28 01:17:45 UTC 2018
------------------ testing $PTII/ptolemy/domains/de/test/auto/ResettableTimer3.xml
auto.tcl: Setting watchdog for 200 seconds at Mon May 28 01:17:45 UTC 2018
1 ms. Memory: 313856K Free: 298130K (95%)
ptolemy.util.test.WatchDog.cancel(): canceling Mon May 28 01:17:45 UTC 2018
auto.tcl: Setting watchdog for 200 seconds at Mon May 28 01:17:45 UTC 2018
1 ms. Memory: 313856K Free: 298130K (95%)
ptolemy.util.test.WatchDog.cancel(): canceling Mon May 28 01:17:45 UTC 2018
------------------ testing $PTII/ptolemy/domains/de/test/auto/ResettableTimer4.xml
auto.tcl: Setting watchdog for 200 seconds at Mon May 28 01:17:45 UTC 2018
2 ms. Memory: 313344K Free: 299999K (96%)
ptolemy.util.test.WatchDog.cancel(): canceling Mon May 28 01:17:45 UTC 2018
auto.tcl: Setting watchdog for 200 seconds at Mon May 28 01:17:45 UTC 2018
1 ms. Memory: 313344K Free: 299999K (96%)
ptolemy.util.test.WatchDog.cancel(): canceling Mon May 28 01:17:45 UTC 2018
------------------ testing $PTII/ptolemy/domains/de/test/auto/ResettableTimer5.xml
auto.tcl: Setting watchdog for 200 seconds at Mon May 28 01:17:45 UTC 2018
4 ms. Memory: 313856K Free: 298134K (95%)
ptolemy.util.test.WatchDog.cancel(): canceling Mon May 28 01:17:45 UTC 2018
auto.tcl: Setting watchdog for 200 seconds at Mon May 28 01:17:45 UTC 2018
1 ms. Memory: 313856K Free: 298134K (95%)
ptolemy.util.test.WatchDog.cancel(): canceling Mon May 28 01:17:45 UTC 2018
------------------ testing $PTII/ptolemy/domains/de/test/auto/ResettableTimer6.xml
auto.tcl: Setting watchdog for 200 seconds at Mon May 28 01:17:45 UTC 2018
3 ms. Memory: 313344K Free: 299890K (96%)
ptolemy.util.test.WatchDog.cancel(): canceling Mon May 28 01:17:45 UTC 2018
auto.tcl: Setting watchdog for 200 seconds at Mon May 28 01:17:45 UTC 2018
1 ms. Memory: 313344K Free: 299890K (96%)
ptolemy.util.test.WatchDog.cancel(): canceling Mon May 28 01:17:45 UTC 2018
------------------ testing $PTII/ptolemy/domains/de/test/auto/ServerZeroDelay.xml
auto.tcl: Setting watchdog for 200 seconds at Mon May 28 01:17:45 UTC 2018
2 ms. Memory: 313856K Free: 303752K (97%)
ptolemy.util.test.WatchDog.cancel(): canceling Mon May 28 01:17:45 UTC 2018
auto.tcl: Setting watchdog for 200 seconds at Mon May 28 01:17:45 UTC 2018
2 ms. Memory: 313856K Free: 300441K (96%)
ptolemy.util.test.WatchDog.cancel(): canceling Mon May 28 01:17:45 UTC 2018
------------------ testing $PTII/ptolemy/domains/de/test/auto/SmartSender.xml
auto.tcl: Setting watchdog for 200 seconds at Mon May 28 01:17:45 UTC 2018
3002 ms. Memory: 313344K Free: 297606K (95%)
ptolemy.util.test.WatchDog.cancel(): canceling Mon May 28 01:17:48 UTC 2018
auto.tcl: Setting watchdog for 200 seconds at Mon May 28 01:17:48 UTC 2018
3002 ms. Memory: 313344K Free: 297606K (95%)
ptolemy.util.test.WatchDog.cancel(): canceling Mon May 28 01:17:51 UTC 2018
------------------ testing $PTII/ptolemy/domains/de/test/auto/ThreadedComposite.xml
auto.tcl: Setting watchdog for 200 seconds at Mon May 28 01:17:51 UTC 2018
201 ms. Memory: 313856K Free: 277585K (88%)
ptolemy.util.test.WatchDog.cancel(): canceling Mon May 28 01:17:51 UTC 2018
auto.tcl: Setting watchdog for 200 seconds at Mon May 28 01:17:51 UTC 2018
132 ms. Memory: 313856K Free: 261710K (83%)
ptolemy.util.test.WatchDog.cancel(): canceling Mon May 28 01:17:51 UTC 2018
------------------ testing $PTII/ptolemy/domains/de/test/auto/Time.xml
auto.tcl: Setting watchdog for 200 seconds at Mon May 28 01:17:51 UTC 2018
535 ms. Memory: 313344K Free: 246273K (79%)
ptolemy.util.test.WatchDog.cancel(): canceling Mon May 28 01:17:52 UTC 2018
auto.tcl: Setting watchdog for 200 seconds at Mon May 28 01:17:52 UTC 2018
506 ms. Memory: 313344K Free: 193556K (62%)
ptolemy.util.test.WatchDog.cancel(): canceling Mon May 28 01:17:52 UTC 2018
------------------ testing $PTII/ptolemy/domains/de/test/auto/TimeDelayZeroDelay.xml
auto.tcl: Setting watchdog for 200 seconds at Mon May 28 01:17:53 UTC 2018
2 ms. Memory: 313856K Free: 303623K (97%)
ptolemy.util.test.WatchDog.cancel(): canceling Mon May 28 01:17:53 UTC 2018
auto.tcl: Setting watchdog for 200 seconds at Mon May 28 01:17:53 UTC 2018
2 ms. Memory: 313856K Free: 300320K (96%)
ptolemy.util.test.WatchDog.cancel(): canceling Mon May 28 01:17:53 UTC 2018
------------------ testing $PTII/ptolemy/domains/de/test/auto/TimerZeroDelay.xml
auto.tcl: Setting watchdog for 200 seconds at Mon May 28 01:17:53 UTC 2018
2 ms. Memory: 313344K Free: 303203K (97%)
ptolemy.util.test.WatchDog.cancel(): canceling Mon May 28 01:17:53 UTC 2018
auto.tcl: Setting watchdog for 200 seconds at Mon May 28 01:17:53 UTC 2018
2 ms. Memory: 313344K Free: 299892K (96%)
ptolemy.util.test.WatchDog.cancel(): canceling Mon May 28 01:17:53 UTC 2018
------------------ testing $PTII/ptolemy/domains/de/test/auto/TimingParadox.xml
auto.tcl: Setting watchdog for 200 seconds at Mon May 28 01:17:53 UTC 2018
361 ms. Memory: 313856K Free: 235866K (75%)
ptolemy.util.test.WatchDog.cancel(): canceling Mon May 28 01:17:53 UTC 2018
auto.tcl: Setting watchdog for 200 seconds at Mon May 28 01:17:53 UTC 2018
395 ms. Memory: 313856K Free: 199623K (64%)
ptolemy.util.test.WatchDog.cancel(): canceling Mon May 28 01:17:54 UTC 2018
------------------ testing $PTII/ptolemy/domains/de/test/auto/TransferInputs.xml
auto.tcl: Setting watchdog for 200 seconds at Mon May 28 01:17:54 UTC 2018
6 ms. Memory: 313856K Free: 299309K (95%)
ptolemy.util.test.WatchDog.cancel(): canceling Mon May 28 01:17:54 UTC 2018
auto.tcl: Setting watchdog for 200 seconds at Mon May 28 01:17:54 UTC 2018
1 ms. Memory: 313856K Free: 299309K (95%)
ptolemy.util.test.WatchDog.cancel(): canceling Mon May 28 01:17:54 UTC 2018
------------------ testing $PTII/ptolemy/domains/de/test/auto/TransferOutputs2.xml
auto.tcl: Setting watchdog for 200 seconds at Mon May 28 01:17:54 UTC 2018
3 ms. Memory: 313344K Free: 294276K (94%)
ptolemy.util.test.WatchDog.cancel(): canceling Mon May 28 01:17:54 UTC 2018
auto.tcl: Setting watchdog for 200 seconds at Mon May 28 01:17:54 UTC 2018
2 ms. Memory: 313344K Free: 294276K (94%)
ptolemy.util.test.WatchDog.cancel(): canceling Mon May 28 01:17:54 UTC 2018
------------------ testing $PTII/ptolemy/domains/de/test/auto/Trilateration.xml
auto.tcl: Setting watchdog for 200 seconds at Mon May 28 01:17:54 UTC 2018
12965 ms. Memory: 391680K Free: 236541K (60%)
ptolemy.util.test.WatchDog.cancel(): canceling Mon May 28 01:18:08 UTC 2018
auto.tcl: Setting watchdog for 200 seconds at Mon May 28 01:18:08 UTC 2018
11286 ms. Memory: 280576K Free: 108579K (39%)
ptolemy.util.test.WatchDog.cancel(): canceling Mon May 28 01:18:19 UTC 2018
------------------ testing $PTII/ptolemy/domains/de/test/auto/TwoSigmaDelta.xml
auto.tcl: Setting watchdog for 200 seconds at Mon May 28 01:18:19 UTC 2018
2658 ms. Memory: 272896K Free: 169465K (62%)
ptolemy.util.test.WatchDog.cancel(): canceling Mon May 28 01:18:22 UTC 2018
auto.tcl: Setting watchdog for 200 seconds at Mon May 28 01:18:22 UTC 2018
2153 ms. Memory: 266240K Free: 119381K (45%)
ptolemy.util.test.WatchDog.cancel(): canceling Mon May 28 01:18:24 UTC 2018
------------------ testing $PTII/ptolemy/domains/de/test/auto/VariableDelay.xml
auto.tcl: Setting watchdog for 200 seconds at Mon May 28 01:18:24 UTC 2018
3 ms. Memory: 264192K Free: 251765K (95%)
ptolemy.util.test.WatchDog.cancel(): canceling Mon May 28 01:18:24 UTC 2018
auto.tcl: Setting watchdog for 200 seconds at Mon May 28 01:18:24 UTC 2018
2 ms. Memory: 264192K Free: 251765K (95%)
ptolemy.util.test.WatchDog.cancel(): canceling Mon May 28 01:18:24 UTC 2018
------------------ testing $PTII/ptolemy/domains/de/test/auto/VariableDelay2.xml
auto.tcl: Setting watchdog for 200 seconds at Mon May 28 01:18:24 UTC 2018
2 ms. Memory: 265728K Free: 253725K (95%)
ptolemy.util.test.WatchDog.cancel(): canceling Mon May 28 01:18:24 UTC 2018
auto.tcl: Setting watchdog for 200 seconds at Mon May 28 01:18:24 UTC 2018
1 ms. Memory: 265728K Free: 253725K (95%)
ptolemy.util.test.WatchDog.cancel(): canceling Mon May 28 01:18:24 UTC 2018
------------------ testing $PTII/ptolemy/domains/de/test/auto/VariableDelayZeroDelay.xml
auto.tcl: Setting watchdog for 200 seconds at Mon May 28 01:18:24 UTC 2018
1 ms. Memory: 264192K Free: 250360K (95%)
ptolemy.util.test.WatchDog.cancel(): canceling Mon May 28 01:18:24 UTC 2018
auto.tcl: Setting watchdog for 200 seconds at Mon May 28 01:18:24 UTC 2018
2 ms. Memory: 264192K Free: 250360K (95%)
ptolemy.util.test.WatchDog.cancel(): canceling Mon May 28 01:18:24 UTC 2018
------------------ testing $PTII/ptolemy/domains/de/test/auto/VariableDelayZeroDelay2.xml
auto.tcl: Setting watchdog for 200 seconds at Mon May 28 01:18:24 UTC 2018
2 ms. Memory: 265728K Free: 251879K (95%)
ptolemy.util.test.WatchDog.cancel(): canceling Mon May 28 01:18:24 UTC 2018
auto.tcl: Setting watchdog for 200 seconds at Mon May 28 01:18:24 UTC 2018
2 ms. Memory: 265728K Free: 251879K (95%)
ptolemy.util.test.WatchDog.cancel(): canceling Mon May 28 01:18:24 UTC 2018
------------------ testing $PTII/ptolemy/domains/de/test/auto/deInCt.xml
auto.tcl: Setting watchdog for 200 seconds at Mon May 28 01:18:24 UTC 2018
0
1
1
1
0
0
0
1
1
1
0
0
0
1
1
1
0
0
0
0
1
1
1
1
0
0
1
1
1
0
0
0
1
1
1
0
0
0
1
1
1
0
0
0
1
1
1
0
0
0
1
1
1
1
7 ms. Memory: 264192K Free: 250338K (95%)
ptolemy.util.test.WatchDog.cancel(): canceling Mon May 28 01:18:24 UTC 2018
auto.tcl: Setting watchdog for 200 seconds at Mon May 28 01:18:24 UTC 2018
0
1
1
1
0
0
0
1
1
1
0
0
0
0
0
1
1
1
0
0
0
1
1
1
0
0
0
1
1
0
0
0
0
1
1
1
0
0
0
0
5 ms. Memory: 264192K Free: 250338K (95%)
ptolemy.util.test.WatchDog.cancel(): canceling Mon May 28 01:18:24 UTC 2018
------------------ testing $PTII/ptolemy/domains/de/test/auto/deInCt2.xml
auto.tcl: Setting watchdog for 200 seconds at Mon May 28 01:18:24 UTC 2018
0
1
1
1
0
0
1
1
1
0
0
1
1
1
0
0
1
1
1
0
0
1
1
1
0
0
1
1
1
0
0
1
1
1
0
0
1
1
1
0
0
0
11 ms. Memory: 265216K Free: 251364K (95%)
ptolemy.util.test.WatchDog.cancel(): canceling Mon May 28 01:18:24 UTC 2018
auto.tcl: Setting watchdog for 200 seconds at Mon May 28 01:18:24 UTC 2018
0
1
1
1
0
0
1
1
1
0
0
1
1
1
0
0
1
1
1
0
0
1
1
1
0
0
1
1
1
0
0
1
1
1
0
0
1
1
1
0
0
0
6 ms. Memory: 265216K Free: 248602K (94%)
ptolemy.util.test.WatchDog.cancel(): canceling Mon May 28 01:18:24 UTC 2018
------------------ testing $PTII/ptolemy/domains/de/test/auto/dynamicCausalityInterface1.xml
auto.tcl: Setting watchdog for 200 seconds at Mon May 28 01:18:24 UTC 2018
1 ms. Memory: 264192K Free: 244811K (93%)
ptolemy.util.test.WatchDog.cancel(): canceling Mon May 28 01:18:24 UTC 2018
auto.tcl: Setting watchdog for 200 seconds at Mon May 28 01:18:24 UTC 2018
1 ms. Memory: 264192K Free: 244811K (93%)
ptolemy.util.test.WatchDog.cancel(): canceling Mon May 28 01:18:24 UTC 2018
------------------ testing $PTII/ptolemy/domains/de/test/auto/fsm_de_test.xml
auto.tcl: Setting watchdog for 200 seconds at Mon May 28 01:18:25 UTC 2018
6 ms. Memory: 265216K Free: 248506K (94%)
ptolemy.util.test.WatchDog.cancel(): canceling Mon May 28 01:18:25 UTC 2018
auto.tcl: Setting watchdog for 200 seconds at Mon May 28 01:18:25 UTC 2018
4 ms. Memory: 265216K Free: 245736K (93%)
ptolemy.util.test.WatchDog.cancel(): canceling Mon May 28 01:18:25 UTC 2018
------------------ testing $PTII/ptolemy/domains/de/test/auto/functionDependencyReconstruction.xml
auto.tcl: Setting watchdog for 200 seconds at Mon May 28 01:18:25 UTC 2018
2 ms. Memory: 264192K Free: 239147K (91%)
ptolemy.util.test.WatchDog.cancel(): canceling Mon May 28 01:18:25 UTC 2018
auto.tcl: Setting watchdog for 200 seconds at Mon May 28 01:18:25 UTC 2018
2 ms. Memory: 264192K Free: 236377K (89%)
ptolemy.util.test.WatchDog.cancel(): canceling Mon May 28 01:18:25 UTC 2018
------------------ testing $PTII/ptolemy/domains/de/test/auto/multirate.xml
auto.tcl: Setting watchdog for 200 seconds at Mon May 28 01:18:25 UTC 2018
3 ms. Memory: 264704K Free: 249683K (94%)
ptolemy.util.test.WatchDog.cancel(): canceling Mon May 28 01:18:25 UTC 2018
auto.tcl: Setting watchdog for 200 seconds at Mon May 28 01:18:25 UTC 2018
3 ms. Memory: 264704K Free: 249683K (94%)
ptolemy.util.test.WatchDog.cancel(): canceling Mon May 28 01:18:25 UTC 2018
------------------ testing $PTII/ptolemy/domains/de/test/auto/multirate2.xml
auto.tcl: Setting watchdog for 200 seconds at Mon May 28 01:18:25 UTC 2018
6 ms. Memory: 264192K Free: 250286K (95%)
ptolemy.util.test.WatchDog.cancel(): canceling Mon May 28 01:18:25 UTC 2018
auto.tcl: Setting watchdog for 200 seconds at Mon May 28 01:18:25 UTC 2018
3 ms. Memory: 264192K Free: 243868K (92%)
ptolemy.util.test.WatchDog.cancel(): canceling Mon May 28 01:18:25 UTC 2018
------------------ testing $PTII/ptolemy/domains/de/test/auto/realtime.xml
auto.tcl: Setting watchdog for 200 seconds at Mon May 28 01:18:25 UTC 2018
10001 ms. Memory: 264704K Free: 252622K (95%)
ptolemy.util.test.WatchDog.cancel(): canceling Mon May 28 01:18:35 UTC 2018
auto.tcl: Setting watchdog for 200 seconds at Mon May 28 01:18:35 UTC 2018
10002 ms. Memory: 264704K Free: 252622K (95%)
ptolemy.util.test.WatchDog.cancel(): canceling Mon May 28 01:18:45 UTC 2018
------------------ testing $PTII/ptolemy/domains/de/test/auto/relationGroup.xml
auto.tcl: Setting watchdog for 200 seconds at Mon May 28 01:18:45 UTC 2018
1 ms. Memory: 264192K Free: 254916K (96%)
ptolemy.util.test.WatchDog.cancel(): canceling Mon May 28 01:18:45 UTC 2018
auto.tcl: Setting watchdog for 200 seconds at Mon May 28 01:18:45 UTC 2018
1 ms. Memory: 264192K Free: 252146K (95%)
ptolemy.util.test.WatchDog.cancel(): canceling Mon May 28 01:18:45 UTC 2018
------------------ testing $PTII/ptolemy/domains/de/test/auto/relationGroup2.xml
auto.tcl: Setting watchdog for 200 seconds at Mon May 28 01:18:45 UTC 2018
1 ms. Memory: 264704K Free: 253627K (96%)
ptolemy.util.test.WatchDog.cancel(): canceling Mon May 28 01:18:45 UTC 2018
auto.tcl: Setting watchdog for 200 seconds at Mon May 28 01:18:45 UTC 2018
1 ms. Memory: 264704K Free: 250849K (95%)
ptolemy.util.test.WatchDog.cancel(): canceling Mon May 28 01:18:45 UTC 2018
------------------ testing $PTII/ptolemy/domains/de/test/auto/sortWithOpaquePorts.xml
auto.tcl: Setting watchdog for 200 seconds at Mon May 28 01:18:45 UTC 2018
1 ms. Memory: 264192K Free: 250339K (95%)
ptolemy.util.test.WatchDog.cancel(): canceling Mon May 28 01:18:45 UTC 2018
auto.tcl: Setting watchdog for 200 seconds at Mon May 28 01:18:45 UTC 2018
1 ms. Memory: 264192K Free: 250339K (95%)
ptolemy.util.test.WatchDog.cancel(): canceling Mon May 28 01:18:45 UTC 2018
------------------ testing $PTII/ptolemy/domains/de/test/auto/transferInputsandOutputs.xml
auto.tcl: Setting watchdog for 200 seconds at Mon May 28 01:18:45 UTC 2018
3 ms. Memory: 264704K Free: 248075K (94%)
ptolemy.util.test.WatchDog.cancel(): canceling Mon May 28 01:18:45 UTC 2018
auto.tcl: Setting watchdog for 200 seconds at Mon May 28 01:18:45 UTC 2018
2 ms. Memory: 264704K Free: 248075K (94%)
ptolemy.util.test.WatchDog.cancel(): canceling Mon May 28 01:18:45 UTC 2018
------------------ testing $PTII/ptolemy/domains/de/test/auto/triggerType.xml
auto.tcl: Setting watchdog for 200 seconds at Mon May 28 01:18:45 UTC 2018
1 ms. Memory: 264192K Free: 250276K (95%)
ptolemy.util.test.WatchDog.cancel(): canceling Mon May 28 01:18:45 UTC 2018
auto.tcl: Setting watchdog for 200 seconds at Mon May 28 01:18:45 UTC 2018
1 ms. Memory: 264192K Free: 250276K (95%)
ptolemy.util.test.WatchDog.cancel(): canceling Mon May 28 01:18:45 UTC 2018
05/28/18 01:18:45
Failed: 0  Total Tests: 192  ((Passed: 187, Newly Passed: 1)  Known Failed: 5) /home/travis/build/icyphy/ptII/ptolemy/domains/de/test
05/28/18 01:18:45
Failed: 0  Total Tests: 192  ((Passed: 187, Newly Passed: 1)  Known Failed: 5) /home/travis/build/icyphy/ptII/ptolemy/domains/de/test
----------------- testing (KnownFailure) /home/travis/build/icyphy/ptII/ptolemy/domains/de/test/auto/knownFailedTests/DESDFClockTest.xml
2022 ms. Memory: 264704K Free: 242632K (92%)
Known Failure: java.lang.reflect.InvocationTargetException
----------------- testing (KnownFailure) /home/travis/build/icyphy/ptII/ptolemy/domains/de/test/auto/knownFailedTests/DirectFeedback.xml
1 ms. Memory: 264704K Free: 228009K (86%)
Known Failure: java.lang.reflect.InvocationTargetException
----------------- testing (KnownFailure) /home/travis/build/icyphy/ptII/ptolemy/domains/de/test/auto/knownFailedTests/FSMSource.xml
7 ms. Memory: 264704K Free: 209715K (79%)
----------------- testing (KnownFailure) /home/travis/build/icyphy/ptII/ptolemy/domains/de/test/auto/knownFailedTests/HierarchicalModel.xml
2 ms. Memory: 264704K Free: 187748K (71%)
Known Failure: java.lang.reflect.InvocationTargetException
----------------- testing (KnownFailure) /home/travis/build/icyphy/ptII/ptolemy/domains/de/test/auto/knownFailedTests/dependencyLoop.xml
2 ms. Memory: 264704K Free: 162126K (61%)
Known Failure: java.lang.reflect.InvocationTargetException
----------------- testing (KnownFailure) /home/travis/build/icyphy/ptII/ptolemy/domains/de/test/auto/knownFailedTests/dependencyLoop2.xml
3 ms. Memory: 264704K Free: 129201K (49%)
Known Failure: java.lang.reflect.InvocationTargetException
No auto/*.xml tests in /home/travis/build/icyphy/ptII/ptolemy/domains/de/test
AutoTests.java: About to close Vertx.
AutoTests.java: Vertx closed.
----------------- testing Mon May 28 01:18:47 UTC 2018 /home/travis/build/icyphy/ptII/ptolemy/domains/de/test/auto/ActorDepthCalculation_actorWithoutPorts.xml
----------------- Instantiating /home/travis/build/icyphy/ptII/ptolemy/domains/de/test/auto/ActorDepthCalculation_actorWithoutPorts.xml
1 ms. Memory: 264704K Free: 107250K (41%)
----------------- Invoking toplevel() on ptolemy.moml.MoMLSimpleApplication@45102e6d
----------------- Done invoking toplevel() on ptolemy.moml.MoMLSimpleApplication@45102e6d
reloadAllAccessors: .ActorDepthCalculation_actorWithoutPorts
----------------- testing Mon May 28 01:18:47 UTC 2018 /home/travis/build/icyphy/ptII/ptolemy/domains/de/test/auto/AssemblyLine.xml
----------------- Instantiating /home/travis/build/icyphy/ptII/ptolemy/domains/de/test/auto/AssemblyLine.xml
2 ms. Memory: 264704K Free: 96267K (36%)
----------------- Invoking toplevel() on ptolemy.moml.MoMLSimpleApplication@203d06a1
----------------- Done invoking toplevel() on ptolemy.moml.MoMLSimpleApplication@203d06a1
reloadAllAccessors: .AssemblyLine
----------------- testing Mon May 28 01:18:47 UTC 2018 /home/travis/build/icyphy/ptII/ptolemy/domains/de/test/auto/CQBug1.xml
----------------- Instantiating /home/travis/build/icyphy/ptII/ptolemy/domains/de/test/auto/CQBug1.xml
0 ms. Memory: 264704K Free: 88956K (34%)
----------------- Invoking toplevel() on ptolemy.moml.MoMLSimpleApplication@37ea4688
----------------- Done invoking toplevel() on ptolemy.moml.MoMLSimpleApplication@37ea4688
reloadAllAccessors: .CQBug1
----------------- testing Mon May 28 01:18:47 UTC 2018 /home/travis/build/icyphy/ptII/ptolemy/domains/de/test/auto/CancelFireAt.xml
----------------- Instantiating /home/travis/build/icyphy/ptII/ptolemy/domains/de/test/auto/CancelFireAt.xml
1 ms. Memory: 264704K Free: 81644K (31%)
----------------- Invoking toplevel() on ptolemy.moml.MoMLSimpleApplication@165b7fc6
----------------- Done invoking toplevel() on ptolemy.moml.MoMLSimpleApplication@165b7fc6
reloadAllAccessors: .CancelFireAt
----------------- testing Mon May 28 01:18:47 UTC 2018 /home/travis/build/icyphy/ptII/ptolemy/domains/de/test/auto/CausalityAndComposabilityAnalysis.xml
----------------- Instantiating /home/travis/build/icyphy/ptII/ptolemy/domains/de/test/auto/CausalityAndComposabilityAnalysis.xml
1 ms. Memory: 256512K Free: 246041K (96%)
----------------- Invoking toplevel() on ptolemy.moml.MoMLSimpleApplication@32204ccc
----------------- Done invoking toplevel() on ptolemy.moml.MoMLSimpleApplication@32204ccc
reloadAllAccessors: .CausalityAndComposabilityAnalysis
----------------- testing Mon May 28 01:18:47 UTC 2018 /home/travis/build/icyphy/ptII/ptolemy/domains/de/test/auto/CausalityInterface1.xml
----------------- Instantiating /home/travis/build/icyphy/ptII/ptolemy/domains/de/test/auto/CausalityInterface1.xml
4 ms. Memory: 256512K Free: 237298K (93%)
----------------- Invoking toplevel() on ptolemy.moml.MoMLSimpleApplication@2238a82a
----------------- Done invoking toplevel() on ptolemy.moml.MoMLSimpleApplication@2238a82a
reloadAllAccessors: .CausalityInterface1
----------------- testing Mon May 28 01:18:47 UTC 2018 /home/travis/build/icyphy/ptII/ptolemy/domains/de/test/auto/CausalityInterface15.xml
----------------- Instantiating /home/travis/build/icyphy/ptII/ptolemy/domains/de/test/auto/CausalityInterface15.xml
1 ms. Memory: 256512K Free: 230278K (90%)
----------------- Invoking toplevel() on ptolemy.moml.MoMLSimpleApplication@13622c62
----------------- Done invoking toplevel() on ptolemy.moml.MoMLSimpleApplication@13622c62
reloadAllAccessors: .CausalityInterface15
----------------- testing Mon May 28 01:18:48 UTC 2018 /home/travis/build/icyphy/ptII/ptolemy/domains/de/test/auto/CausalityInterface2.xml
----------------- Instantiating /home/travis/build/icyphy/ptII/ptolemy/domains/de/test/auto/CausalityInterface2.xml
1 ms. Memory: 256512K Free: 223258K (87%)
----------------- Invoking toplevel() on ptolemy.moml.MoMLSimpleApplication@232c79f5
----------------- Done invoking toplevel() on ptolemy.moml.MoMLSimpleApplication@232c79f5
reloadAllAccessors: .CausalityInterface2
----------------- testing Mon May 28 01:18:48 UTC 2018 /home/travis/build/icyphy/ptII/ptolemy/domains/de/test/auto/CausalityInterface3.xml
----------------- Instantiating /home/travis/build/icyphy/ptII/ptolemy/domains/de/test/auto/CausalityInterface3.xml
1 ms. Memory: 256512K Free: 214515K (84%)
----------------- Invoking toplevel() on ptolemy.moml.MoMLSimpleApplication@4b9faaa
----------------- Done invoking toplevel() on ptolemy.moml.MoMLSimpleApplication@4b9faaa
reloadAllAccessors: .CausalityInterface3
----------------- testing Mon May 28 01:18:48 UTC 2018 /home/travis/build/icyphy/ptII/ptolemy/domains/de/test/auto/ClockDrift.xml
----------------- Instantiating /home/travis/build/icyphy/ptII/ptolemy/domains/de/test/auto/ClockDrift.xml
14 ms. Memory: 256512K Free: 200456K (78%)
----------------- Invoking toplevel() on ptolemy.moml.MoMLSimpleApplication@216cfe0c
----------------- Done invoking toplevel() on ptolemy.moml.MoMLSimpleApplication@216cfe0c
reloadAllAccessors: .ClockDrift
----------------- testing Mon May 28 01:18:48 UTC 2018 /home/travis/build/icyphy/ptII/ptolemy/domains/de/test/auto/ClockDriftAndValueChange.xml
----------------- Instantiating /home/travis/build/icyphy/ptII/ptolemy/domains/de/test/auto/ClockDriftAndValueChange.xml
8 ms. Memory: 256512K Free: 186407K (73%)
----------------- Invoking toplevel() on ptolemy.moml.MoMLSimpleApplication@30690b00
----------------- Done invoking toplevel() on ptolemy.moml.MoMLSimpleApplication@30690b00
reloadAllAccessors: .ClockDriftAndValueChange
----------------- testing Mon May 28 01:18:48 UTC 2018 /home/travis/build/icyphy/ptII/ptolemy/domains/de/test/auto/ClockDriftChange.xml
----------------- Instantiating /home/travis/build/icyphy/ptII/ptolemy/domains/de/test/auto/ClockDriftChange.xml
7 ms. Memory: 256512K Free: 174134K (68%)
----------------- Invoking toplevel() on ptolemy.moml.MoMLSimpleApplication@725ef2ca
----------------- Done invoking toplevel() on ptolemy.moml.MoMLSimpleApplication@725ef2ca
reloadAllAccessors: .ClockDriftChange
----------------- testing Mon May 28 01:18:48 UTC 2018 /home/travis/build/icyphy/ptII/ptolemy/domains/de/test/auto/ComposableCausalityAnalysis.xml
----------------- Instantiating /home/travis/build/icyphy/ptII/ptolemy/domains/de/test/auto/ComposableCausalityAnalysis.xml
1 ms. Memory: 256512K Free: 165383K (64%)
----------------- Invoking toplevel() on ptolemy.moml.MoMLSimpleApplication@30b08fb0
----------------- Done invoking toplevel() on ptolemy.moml.MoMLSimpleApplication@30b08fb0
reloadAllAccessors: .ComposableCausalityAnalysis
----------------- testing Mon May 28 01:18:48 UTC 2018 /home/travis/build/icyphy/ptII/ptolemy/domains/de/test/auto/DEFixedPointLimitation.xml
----------------- Instantiating /home/travis/build/icyphy/ptII/ptolemy/domains/de/test/auto/DEFixedPointLimitation.xml
1 ms. Memory: 256512K Free: 158346K (62%)
----------------- Invoking toplevel() on ptolemy.moml.MoMLSimpleApplication@2dda1b6b
----------------- Done invoking toplevel() on ptolemy.moml.MoMLSimpleApplication@2dda1b6b
reloadAllAccessors: .DEFixedPointLimitation
----------------- testing Mon May 28 01:18:48 UTC 2018 /home/travis/build/icyphy/ptII/ptolemy/domains/de/test/auto/DEScheduleTest.xml
----------------- Instantiating /home/travis/build/icyphy/ptII/ptolemy/domains/de/test/auto/DEScheduleTest.xml
1 ms. Memory: 256512K Free: 153077K (60%)
----------------- Invoking toplevel() on ptolemy.moml.MoMLSimpleApplication@19ee61f0
----------------- Done invoking toplevel() on ptolemy.moml.MoMLSimpleApplication@19ee61f0
reloadAllAccessors: .DEScheduleTest
----------------- testing Mon May 28 01:18:48 UTC 2018 /home/travis/build/icyphy/ptII/ptolemy/domains/de/test/auto/DEinDEwithStartTimes.xml
----------------- Instantiating /home/travis/build/icyphy/ptII/ptolemy/domains/de/test/auto/DEinDEwithStartTimes.xml
2 ms. Memory: 256512K Free: 146057K (57%)
----------------- Invoking toplevel() on ptolemy.moml.MoMLSimpleApplication@78f33c
----------------- Done invoking toplevel() on ptolemy.moml.MoMLSimpleApplication@78f33c
reloadAllAccessors: .DEinDEwithStartTimes
----------------- testing Mon May 28 01:18:48 UTC 2018 /home/travis/build/icyphy/ptII/ptolemy/domains/de/test/auto/DEinDEwithStartTimes2.xml
----------------- Instantiating /home/travis/build/icyphy/ptII/ptolemy/domains/de/test/auto/DEinDEwithStartTimes2.xml
1 ms. Memory: 256512K Free: 135531K (53%)
----------------- Invoking toplevel() on ptolemy.moml.MoMLSimpleApplication@7a9664d6
----------------- Done invoking toplevel() on ptolemy.moml.MoMLSimpleApplication@7a9664d6
reloadAllAccessors: .DEinDEwithStartTimes2
----------------- testing Mon May 28 01:18:48 UTC 2018 /home/travis/build/icyphy/ptII/ptolemy/domains/de/test/auto/DateDemo.xml
----------------- Instantiating /home/travis/build/icyphy/ptII/ptolemy/domains/de/test/auto/DateDemo.xml
3 ms. Memory: 256512K Free: 123241K (48%)
----------------- Invoking toplevel() on ptolemy.moml.MoMLSimpleApplication@57fff366
----------------- Done invoking toplevel() on ptolemy.moml.MoMLSimpleApplication@57fff366
reloadAllAccessors: .DateDemo
----------------- testing Mon May 28 01:18:48 UTC 2018 /home/travis/build/icyphy/ptII/ptolemy/domains/de/test/auto/DateToEvent.xml
----------------- Instantiating /home/travis/build/icyphy/ptII/ptolemy/domains/de/test/auto/DateToEvent.xml
2003 ms. Memory: 256512K Free: 103939K (41%)
----------------- Invoking toplevel() on ptolemy.moml.MoMLSimpleApplication@6f5c97b1
----------------- Done invoking toplevel() on ptolemy.moml.MoMLSimpleApplication@6f5c97b1
reloadAllAccessors: .DateToEvent
----------------- testing Mon May 28 01:18:50 UTC 2018 /home/travis/build/icyphy/ptII/ptolemy/domains/de/test/auto/DepthTest1.xml
----------------- Instantiating /home/travis/build/icyphy/ptII/ptolemy/domains/de/test/auto/DepthTest1.xml
1 ms. Memory: 256512K Free: 98678K (38%)
----------------- Invoking toplevel() on ptolemy.moml.MoMLSimpleApplication@4734e288
----------------- Done invoking toplevel() on ptolemy.moml.MoMLSimpleApplication@4734e288
reloadAllAccessors: .DepthTest1
----------------- testing Mon May 28 01:18:50 UTC 2018 /home/travis/build/icyphy/ptII/ptolemy/domains/de/test/auto/DepthTest2.xml
----------------- Instantiating /home/travis/build/icyphy/ptII/ptolemy/domains/de/test/auto/DepthTest2.xml
1 ms. Memory: 256512K Free: 88152K (34%)
----------------- Invoking toplevel() on ptolemy.moml.MoMLSimpleApplication@5160bca
----------------- Done invoking toplevel() on ptolemy.moml.MoMLSimpleApplication@5160bca
reloadAllAccessors: .DepthTest2
----------------- testing Mon May 28 01:18:50 UTC 2018 /home/travis/build/icyphy/ptII/ptolemy/domains/de/test/auto/DepthTest3.xml
----------------- Instantiating /home/travis/build/icyphy/ptII/ptolemy/domains/de/test/auto/DepthTest3.xml
0 ms. Memory: 256512K Free: 82899K (32%)
----------------- Invoking toplevel() on ptolemy.moml.MoMLSimpleApplication@2b62b1f6
----------------- Done invoking toplevel() on ptolemy.moml.MoMLSimpleApplication@2b62b1f6
reloadAllAccessors: .DepthTest3
----------------- testing Mon May 28 01:18:50 UTC 2018 /home/travis/build/icyphy/ptII/ptolemy/domains/de/test/auto/DepthTest4.xml
----------------- Instantiating /home/travis/build/icyphy/ptII/ptolemy/domains/de/test/auto/DepthTest4.xml
1 ms. Memory: 256512K Free: 76277K (30%)
----------------- Invoking toplevel() on ptolemy.moml.MoMLSimpleApplication@41772a8
----------------- Done invoking toplevel() on ptolemy.moml.MoMLSimpleApplication@41772a8
reloadAllAccessors: .DepthTest4
----------------- testing Mon May 28 01:18:50 UTC 2018 /home/travis/build/icyphy/ptII/ptolemy/domains/de/test/auto/DepthTest5.xml
----------------- Instantiating /home/travis/build/icyphy/ptII/ptolemy/domains/de/test/auto/DepthTest5.xml
1 ms. Memory: 249856K Free: 236852K (95%)
----------------- Invoking toplevel() on ptolemy.moml.MoMLSimpleApplication@1a90b77f
----------------- Done invoking toplevel() on ptolemy.moml.MoMLSimpleApplication@1a90b77f
reloadAllAccessors: .DepthTest5
----------------- testing Mon May 28 01:18:50 UTC 2018 /home/travis/build/icyphy/ptII/ptolemy/domains/de/test/auto/DepthTest6.xml
----------------- Instantiating /home/travis/build/icyphy/ptII/ptolemy/domains/de/test/auto/DepthTest6.xml
1 ms. Memory: 249856K Free: 230118K (92%)
----------------- Invoking toplevel() on ptolemy.moml.MoMLSimpleApplication@59be5d11
----------------- Done invoking toplevel() on ptolemy.moml.MoMLSimpleApplication@59be5d11
reloadAllAccessors: .DepthTest6
----------------- testing Mon May 28 01:18:50 UTC 2018 /home/travis/build/icyphy/ptII/ptolemy/domains/de/test/auto/DepthTest7.xml
----------------- Instantiating /home/travis/build/icyphy/ptII/ptolemy/domains/de/test/auto/DepthTest7.xml
1 ms. Memory: 249856K Free: 223385K (89%)
----------------- Invoking toplevel() on ptolemy.moml.MoMLSimpleApplication@23fd49a6
----------------- Done invoking toplevel() on ptolemy.moml.MoMLSimpleApplication@23fd49a6
reloadAllAccessors: .DepthTest7
----------------- testing Mon May 28 01:18:50 UTC 2018 /home/travis/build/icyphy/ptII/ptolemy/domains/de/test/auto/EventToDate.xml
----------------- Instantiating /home/travis/build/icyphy/ptII/ptolemy/domains/de/test/auto/EventToDate.xml
3003 ms. Memory: 249856K Free: 205373K (82%)
----------------- Invoking toplevel() on ptolemy.moml.MoMLSimpleApplication@2e1e5a27
----------------- Done invoking toplevel() on ptolemy.moml.MoMLSimpleApplication@2e1e5a27
reloadAllAccessors: .EventToDate
----------------- testing Mon May 28 01:18:53 UTC 2018 /home/travis/build/icyphy/ptII/ptolemy/domains/de/test/auto/FSM1.xml
----------------- Instantiating /home/travis/build/icyphy/ptII/ptolemy/domains/de/test/auto/FSM1.xml
14 ms. Memory: 249856K Free: 191898K (77%)
----------------- Invoking toplevel() on ptolemy.moml.MoMLSimpleApplication@2f1c9658
----------------- Done invoking toplevel() on ptolemy.moml.MoMLSimpleApplication@2f1c9658
reloadAllAccessors: .FSM1
----------------- testing Mon May 28 01:18:53 UTC 2018 /home/travis/build/icyphy/ptII/ptolemy/domains/de/test/auto/FSM7.xml
----------------- Instantiating /home/travis/build/icyphy/ptII/ptolemy/domains/de/test/auto/FSM7.xml
6 ms. Memory: 249856K Free: 175590K (70%)
----------------- Invoking toplevel() on ptolemy.moml.MoMLSimpleApplication@6802175c
----------------- Done invoking toplevel() on ptolemy.moml.MoMLSimpleApplication@6802175c
reloadAllAccessors: .FSM7
----------------- testing Mon May 28 01:18:53 UTC 2018 /home/travis/build/icyphy/ptII/ptolemy/domains/de/test/auto/Inspection.xml
----------------- Instantiating /home/travis/build/icyphy/ptII/ptolemy/domains/de/test/auto/Inspection.xml
8 ms. Memory: 249856K Free: 162106K (65%)
----------------- Invoking toplevel() on ptolemy.moml.MoMLSimpleApplication@2f74b2bd
----------------- Done invoking toplevel() on ptolemy.moml.MoMLSimpleApplication@2f74b2bd
reloadAllAccessors: .Inspection
----------------- testing Mon May 28 01:18:53 UTC 2018 /home/travis/build/icyphy/ptII/ptolemy/domains/de/test/auto/Iteration.xml
----------------- Instantiating /home/travis/build/icyphy/ptII/ptolemy/domains/de/test/auto/Iteration.xml
3 ms. Memory: 249856K Free: 153678K (62%)
----------------- Invoking toplevel() on ptolemy.moml.MoMLSimpleApplication@51ebdc98
----------------- Done invoking toplevel() on ptolemy.moml.MoMLSimpleApplication@51ebdc98
reloadAllAccessors: .Iteration
----------------- testing Mon May 28 01:18:53 UTC 2018 /home/travis/build/icyphy/ptII/ptolemy/domains/de/test/auto/LineFault.xml
----------------- Instantiating /home/travis/build/icyphy/ptII/ptolemy/domains/de/test/auto/LineFault.xml
306 ms. Memory: 243200K Free: 193705K (80%)
----------------- Invoking toplevel() on ptolemy.moml.MoMLSimpleApplication@3f729773
----------------- Done invoking toplevel() on ptolemy.moml.MoMLSimpleApplication@3f729773
reloadAllAccessors: .LineFault
----------------- testing Mon May 28 01:18:53 UTC 2018 /home/travis/build/icyphy/ptII/ptolemy/domains/de/test/auto/MergeModel1Add.xml
----------------- Instantiating /home/travis/build/icyphy/ptII/ptolemy/domains/de/test/auto/MergeModel1Add.xml
4 ms. Memory: 243200K Free: 170933K (70%)
----------------- Invoking toplevel() on ptolemy.moml.MoMLSimpleApplication@1ee23217
----------------- Done invoking toplevel() on ptolemy.moml.MoMLSimpleApplication@1ee23217
reloadAllAccessors: .MergeModel1Add
----------------- testing Mon May 28 01:18:53 UTC 2018 /home/travis/build/icyphy/ptII/ptolemy/domains/de/test/auto/MergeModel2Add.xml
----------------- Instantiating /home/travis/build/icyphy/ptII/ptolemy/domains/de/test/auto/MergeModel2Add.xml
3 ms. Memory: 243200K Free: 149645K (62%)
----------------- Invoking toplevel() on ptolemy.moml.MoMLSimpleApplication@25cf8787
----------------- Done invoking toplevel() on ptolemy.moml.MoMLSimpleApplication@25cf8787
reloadAllAccessors: .MergeModel2Add
----------------- testing Mon May 28 01:18:53 UTC 2018 /home/travis/build/icyphy/ptII/ptolemy/domains/de/test/auto/MergeModel3Add.xml
----------------- Instantiating /home/travis/build/icyphy/ptII/ptolemy/domains/de/test/auto/MergeModel3Add.xml
4 ms. Memory: 243200K Free: 130194K (54%)
----------------- Invoking toplevel() on ptolemy.moml.MoMLSimpleApplication@274a5ee3
----------------- Done invoking toplevel() on ptolemy.moml.MoMLSimpleApplication@274a5ee3
reloadAllAccessors: .MergeModel3Add
----------------- testing Mon May 28 01:18:53 UTC 2018 /home/travis/build/icyphy/ptII/ptolemy/domains/de/test/auto/MergeWithoutDiscard.xml
----------------- Instantiating /home/travis/build/icyphy/ptII/ptolemy/domains/de/test/auto/MergeWithoutDiscard.xml
1 ms. Memory: 243200K Free: 124056K (51%)
----------------- Invoking toplevel() on ptolemy.moml.MoMLSimpleApplication@4cf38ccd
----------------- Done invoking toplevel() on ptolemy.moml.MoMLSimpleApplication@4cf38ccd
reloadAllAccessors: .MergeWithoutDiscard
----------------- testing Mon May 28 01:18:53 UTC 2018 /home/travis/build/icyphy/ptII/ptolemy/domains/de/test/auto/Modal1.xml
----------------- Instantiating /home/travis/build/icyphy/ptII/ptolemy/domains/de/test/auto/Modal1.xml
7 ms. Memory: 243200K Free: 109251K (45%)
----------------- Invoking toplevel() on ptolemy.moml.MoMLSimpleApplication@1d00a103
----------------- Done invoking toplevel() on ptolemy.moml.MoMLSimpleApplication@1d00a103
reloadAllAccessors: .Modal1
----------------- testing Mon May 28 01:18:53 UTC 2018 /home/travis/build/icyphy/ptII/ptolemy/domains/de/test/auto/Modal2.xml
----------------- Instantiating /home/travis/build/icyphy/ptII/ptolemy/domains/de/test/auto/Modal2.xml
4 ms. Memory: 243200K Free: 95200K (39%)
----------------- Invoking toplevel() on ptolemy.moml.MoMLSimpleApplication@6983f0cb
----------------- Done invoking toplevel() on ptolemy.moml.MoMLSimpleApplication@6983f0cb
reloadAllAccessors: .Modal2
----------------- testing Mon May 28 01:18:53 UTC 2018 /home/travis/build/icyphy/ptII/ptolemy/domains/de/test/auto/Modal3.xml
----------------- Instantiating /home/travis/build/icyphy/ptII/ptolemy/domains/de/test/auto/Modal3.xml
6 ms. Memory: 243200K Free: 80404K (33%)
----------------- Invoking toplevel() on ptolemy.moml.MoMLSimpleApplication@2a6e88f7
----------------- Done invoking toplevel() on ptolemy.moml.MoMLSimpleApplication@2a6e88f7
reloadAllAccessors: .Modal3
----------------- testing Mon May 28 01:18:53 UTC 2018 /home/travis/build/icyphy/ptII/ptolemy/domains/de/test/auto/Modal4.xml
----------------- Instantiating /home/travis/build/icyphy/ptII/ptolemy/domains/de/test/auto/Modal4.xml
7 ms. Memory: 236544K Free: 218377K (92%)
----------------- Invoking toplevel() on ptolemy.moml.MoMLSimpleApplication@37492dcf
----------------- Done invoking toplevel() on ptolemy.moml.MoMLSimpleApplication@37492dcf
reloadAllAccessors: .Modal4
----------------- testing Mon May 28 01:18:53 UTC 2018 /home/travis/build/icyphy/ptII/ptolemy/domains/de/test/auto/Modal5.xml
----------------- Instantiating /home/travis/build/icyphy/ptII/ptolemy/domains/de/test/auto/Modal5.xml
7 ms. Memory: 236544K Free: 201844K (85%)
----------------- Invoking toplevel() on ptolemy.moml.MoMLSimpleApplication@431c8fd9
----------------- Done invoking toplevel() on ptolemy.moml.MoMLSimpleApplication@431c8fd9
reloadAllAccessors: .Modal5
----------------- testing Mon May 28 01:18:53 UTC 2018 /home/travis/build/icyphy/ptII/ptolemy/domains/de/test/auto/Modal6.xml
----------------- Instantiating /home/travis/build/icyphy/ptII/ptolemy/domains/de/test/auto/Modal6.xml
5 ms. Memory: 236544K Free: 185806K (79%)
----------------- Invoking toplevel() on ptolemy.moml.MoMLSimpleApplication@5d1bd3c4
----------------- Done invoking toplevel() on ptolemy.moml.MoMLSimpleApplication@5d1bd3c4
reloadAllAccessors: .Modal6
----------------- testing Mon May 28 01:18:54 UTC 2018 /home/travis/build/icyphy/ptII/ptolemy/domains/de/test/auto/Modal7.xml
----------------- Instantiating /home/travis/build/icyphy/ptII/ptolemy/domains/de/test/auto/Modal7.xml
5 ms. Memory: 236544K Free: 169768K (72%)
----------------- Invoking toplevel() on ptolemy.moml.MoMLSimpleApplication@3bb92eb9
----------------- Done invoking toplevel() on ptolemy.moml.MoMLSimpleApplication@3bb92eb9
reloadAllAccessors: .Modal7
----------------- testing Mon May 28 01:18:54 UTC 2018 /home/travis/build/icyphy/ptII/ptolemy/domains/de/test/auto/ModalModel.xml
----------------- Instantiating /home/travis/build/icyphy/ptII/ptolemy/domains/de/test/auto/ModalModel.xml
66 ms. Memory: 236544K Free: 97784K (41%)
----------------- Invoking toplevel() on ptolemy.moml.MoMLSimpleApplication@10ba9e85
----------------- Done invoking toplevel() on ptolemy.moml.MoMLSimpleApplication@10ba9e85
reloadAllAccessors: .ModalModel
----------------- testing Mon May 28 01:18:54 UTC 2018 /home/travis/build/icyphy/ptII/ptolemy/domains/de/test/auto/ModalSource.xml
----------------- Instantiating /home/travis/build/icyphy/ptII/ptolemy/domains/de/test/auto/ModalSource.xml
2 ms. Memory: 236544K Free: 87979K (37%)
----------------- Invoking toplevel() on ptolemy.moml.MoMLSimpleApplication@1b1550d5
----------------- Done invoking toplevel() on ptolemy.moml.MoMLSimpleApplication@1b1550d5
reloadAllAccessors: .ModalSource
----------------- testing Mon May 28 01:18:54 UTC 2018 /home/travis/build/icyphy/ptII/ptolemy/domains/de/test/auto/NonInterruptibleTimerZeroDelay.xml
----------------- Instantiating /home/travis/build/icyphy/ptII/ptolemy/domains/de/test/auto/NonInterruptibleTimerZeroDelay.xml
1 ms. Memory: 236544K Free: 82844K (35%)
----------------- Invoking toplevel() on ptolemy.moml.MoMLSimpleApplication@25c93dae
----------------- Done invoking toplevel() on ptolemy.moml.MoMLSimpleApplication@25c93dae
reloadAllAccessors: .NonInterruptibleTimerZeroDelay
----------------- testing Mon May 28 01:18:54 UTC 2018 /home/travis/build/icyphy/ptII/ptolemy/domains/de/test/auto/OpenQueueingNetwork.xml
----------------- Instantiating /home/travis/build/icyphy/ptII/ptolemy/domains/de/test/auto/OpenQueueingNetwork.xml
1773 ms. Memory: 207872K Free: 142858K (69%)
----------------- Invoking toplevel() on ptolemy.moml.MoMLSimpleApplication@6a3a7a81
----------------- Done invoking toplevel() on ptolemy.moml.MoMLSimpleApplication@6a3a7a81
reloadAllAccessors: .OpenQueueingNetwork
----------------- testing Mon May 28 01:18:55 UTC 2018 /home/travis/build/icyphy/ptII/ptolemy/domains/de/test/auto/OpenQueuingNetwork.xml
----------------- Instantiating /home/travis/build/icyphy/ptII/ptolemy/domains/de/test/auto/OpenQueuingNetwork.xml
207 ms. Memory: 204800K Free: 176831K (86%)
----------------- Invoking toplevel() on ptolemy.moml.MoMLSimpleApplication@4b87b4e0
----------------- Done invoking toplevel() on ptolemy.moml.MoMLSimpleApplication@4b87b4e0
reloadAllAccessors: .OpenQueuingNetwork
----------------- testing Mon May 28 01:18:56 UTC 2018 /home/travis/build/icyphy/ptII/ptolemy/domains/de/test/auto/PeriodicSampler.xml
----------------- Instantiating /home/travis/build/icyphy/ptII/ptolemy/domains/de/test/auto/PeriodicSampler.xml
1 ms. Memory: 204800K Free: 169939K (83%)
----------------- Invoking toplevel() on ptolemy.moml.MoMLSimpleApplication@6ef46bd6
----------------- Done invoking toplevel() on ptolemy.moml.MoMLSimpleApplication@6ef46bd6
reloadAllAccessors: .PeriodicSampler
----------------- testing Mon May 28 01:18:56 UTC 2018 /home/travis/build/icyphy/ptII/ptolemy/domains/de/test/auto/PersistentIO.xml
----------------- Instantiating /home/travis/build/icyphy/ptII/ptolemy/domains/de/test/auto/PersistentIO.xml
7 ms. Memory: 204800K Free: 159579K (78%)
----------------- Invoking toplevel() on ptolemy.moml.MoMLSimpleApplication@7da04bf3
----------------- Done invoking toplevel() on ptolemy.moml.MoMLSimpleApplication@7da04bf3
reloadAllAccessors: .PersistentIO
----------------- testing Mon May 28 01:18:56 UTC 2018 /home/travis/build/icyphy/ptII/ptolemy/domains/de/test/auto/PortParameterResetOnInitialize.xml
----------------- Instantiating /home/travis/build/icyphy/ptII/ptolemy/domains/de/test/auto/PortParameterResetOnInitialize.xml
1 ms. Memory: 204800K Free: 154157K (75%)
----------------- Invoking toplevel() on ptolemy.moml.MoMLSimpleApplication@2cf3b1ec
----------------- Done invoking toplevel() on ptolemy.moml.MoMLSimpleApplication@2cf3b1ec
reloadAllAccessors: .PortParameterResetOnInitialize
----------------- testing Mon May 28 01:18:56 UTC 2018 /home/travis/build/icyphy/ptII/ptolemy/domains/de/test/auto/PortParameterUpdates.xml
----------------- Instantiating /home/travis/build/icyphy/ptII/ptolemy/domains/de/test/auto/PortParameterUpdates.xml
6 ms. Memory: 204800K Free: 146281K (71%)
----------------- Invoking toplevel() on ptolemy.moml.MoMLSimpleApplication@52c9d716
----------------- Done invoking toplevel() on ptolemy.moml.MoMLSimpleApplication@52c9d716
reloadAllAccessors: .PortParameterUpdates
----------------- testing Mon May 28 01:18:56 UTC 2018 /home/travis/build/icyphy/ptII/ptolemy/domains/de/test/auto/QueueAndServer.xml
----------------- Instantiating /home/travis/build/icyphy/ptII/ptolemy/domains/de/test/auto/QueueAndServer.xml
5 ms. Memory: 204800K Free: 137188K (67%)
----------------- Invoking toplevel() on ptolemy.moml.MoMLSimpleApplication@3b6a2214
----------------- Done invoking toplevel() on ptolemy.moml.MoMLSimpleApplication@3b6a2214
reloadAllAccessors: .QueueAndServer
----------------- testing Mon May 28 01:18:56 UTC 2018 /home/travis/build/icyphy/ptII/ptolemy/domains/de/test/auto/Records.xml
----------------- Instantiating /home/travis/build/icyphy/ptII/ptolemy/domains/de/test/auto/Records.xml
6 ms. Memory: 204800K Free: 130531K (64%)
----------------- Invoking toplevel() on ptolemy.moml.MoMLSimpleApplication@5e026f30
----------------- Done invoking toplevel() on ptolemy.moml.MoMLSimpleApplication@5e026f30
reloadAllAccessors: .Records
----------------- testing Mon May 28 01:18:56 UTC 2018 /home/travis/build/icyphy/ptII/ptolemy/domains/de/test/auto/ResetTransitionWithStartTime1.xml
----------------- Instantiating /home/travis/build/icyphy/ptII/ptolemy/domains/de/test/auto/ResetTransitionWithStartTime1.xml
4 ms. Memory: 204800K Free: 120396K (59%)
----------------- Invoking toplevel() on ptolemy.moml.MoMLSimpleApplication@51f175a8
----------------- Done invoking toplevel() on ptolemy.moml.MoMLSimpleApplication@51f175a8
reloadAllAccessors: .ResetTransitionWithStartTime1
----------------- testing Mon May 28 01:18:56 UTC 2018 /home/travis/build/icyphy/ptII/ptolemy/domains/de/test/auto/ResetTransitionWithStartTime2.xml
----------------- Instantiating /home/travis/build/icyphy/ptII/ptolemy/domains/de/test/auto/ResetTransitionWithStartTime2.xml
4 ms. Memory: 204800K Free: 110099K (54%)
----------------- Invoking toplevel() on ptolemy.moml.MoMLSimpleApplication@43858381
----------------- Done invoking toplevel() on ptolemy.moml.MoMLSimpleApplication@43858381
reloadAllAccessors: .ResetTransitionWithStartTime2
----------------- testing Mon May 28 01:18:56 UTC 2018 /home/travis/build/icyphy/ptII/ptolemy/domains/de/test/auto/ResetTransitionWithStartTime3.xml
----------------- Instantiating /home/travis/build/icyphy/ptII/ptolemy/domains/de/test/auto/ResetTransitionWithStartTime3.xml
4 ms. Memory: 204800K Free: 99802K (49%)
----------------- Invoking toplevel() on ptolemy.moml.MoMLSimpleApplication@4f895ba0
----------------- Done invoking toplevel() on ptolemy.moml.MoMLSimpleApplication@4f895ba0
reloadAllAccessors: .ResetTransitionWithStartTime3
----------------- testing Mon May 28 01:18:56 UTC 2018 /home/travis/build/icyphy/ptII/ptolemy/domains/de/test/auto/ResetTransitionWithStartTime4.xml
----------------- Instantiating /home/travis/build/icyphy/ptII/ptolemy/domains/de/test/auto/ResetTransitionWithStartTime4.xml
5 ms. Memory: 204800K Free: 89457K (44%)
----------------- Invoking toplevel() on ptolemy.moml.MoMLSimpleApplication@1556115d
----------------- Done invoking toplevel() on ptolemy.moml.MoMLSimpleApplication@1556115d
reloadAllAccessors: .ResetTransitionWithStartTime4
----------------- testing Mon May 28 01:18:56 UTC 2018 /home/travis/build/icyphy/ptII/ptolemy/domains/de/test/auto/ResettableTimer1.xml
----------------- Instantiating /home/travis/build/icyphy/ptII/ptolemy/domains/de/test/auto/ResettableTimer1.xml
2 ms. Memory: 204800K Free: 84035K (41%)
----------------- Invoking toplevel() on ptolemy.moml.MoMLSimpleApplication@73209a72
----------------- Done invoking toplevel() on ptolemy.moml.MoMLSimpleApplication@73209a72
reloadAllAccessors: .ResettableTimer1
----------------- testing Mon May 28 01:18:56 UTC 2018 /home/travis/build/icyphy/ptII/ptolemy/domains/de/test/auto/ResettableTimer2.xml
----------------- Instantiating /home/travis/build/icyphy/ptII/ptolemy/domains/de/test/auto/ResettableTimer2.xml
1 ms. Memory: 204800K Free: 78621K (38%)
----------------- Invoking toplevel() on ptolemy.moml.MoMLSimpleApplication@326b852e
----------------- Done invoking toplevel() on ptolemy.moml.MoMLSimpleApplication@326b852e
reloadAllAccessors: .ResettableTimer2
----------------- testing Mon May 28 01:18:56 UTC 2018 /home/travis/build/icyphy/ptII/ptolemy/domains/de/test/auto/ResettableTimer3.xml
----------------- Instantiating /home/travis/build/icyphy/ptII/ptolemy/domains/de/test/auto/ResettableTimer3.xml
1 ms. Memory: 204800K Free: 73200K (36%)
----------------- Invoking toplevel() on ptolemy.moml.MoMLSimpleApplication@496c7139
----------------- Done invoking toplevel() on ptolemy.moml.MoMLSimpleApplication@496c7139
reloadAllAccessors: .ResettableTimer3
----------------- testing Mon May 28 01:18:56 UTC 2018 /home/travis/build/icyphy/ptII/ptolemy/domains/de/test/auto/ResettableTimer4.xml
----------------- Instantiating /home/travis/build/icyphy/ptII/ptolemy/domains/de/test/auto/ResettableTimer4.xml
1 ms. Memory: 230400K Free: 213758K (93%)
----------------- Invoking toplevel() on ptolemy.moml.MoMLSimpleApplication@7371d512
----------------- Done invoking toplevel() on ptolemy.moml.MoMLSimpleApplication@7371d512
reloadAllAccessors: .ResettableTimer4
----------------- testing Mon May 28 01:18:56 UTC 2018 /home/travis/build/icyphy/ptII/ptolemy/domains/de/test/auto/ResettableTimer5.xml
----------------- Instantiating /home/travis/build/icyphy/ptII/ptolemy/domains/de/test/auto/ResettableTimer5.xml
1 ms. Memory: 230400K Free: 207374K (90%)
----------------- Invoking toplevel() on ptolemy.moml.MoMLSimpleApplication@5ccf0e9e
----------------- Done invoking toplevel() on ptolemy.moml.MoMLSimpleApplication@5ccf0e9e
reloadAllAccessors: .ResettableTimer5
----------------- testing Mon May 28 01:18:56 UTC 2018 /home/travis/build/icyphy/ptII/ptolemy/domains/de/test/auto/ResettableTimer6.xml
----------------- Instantiating /home/travis/build/icyphy/ptII/ptolemy/domains/de/test/auto/ResettableTimer6.xml
3 ms. Memory: 230400K Free: 200803K (87%)
----------------- Invoking toplevel() on ptolemy.moml.MoMLSimpleApplication@3a4d47eb
----------------- Done invoking toplevel() on ptolemy.moml.MoMLSimpleApplication@3a4d47eb
reloadAllAccessors: .ResettableTimer6
----------------- testing Mon May 28 01:18:56 UTC 2018 /home/travis/build/icyphy/ptII/ptolemy/domains/de/test/auto/ServerZeroDelay.xml
----------------- Instantiating /home/travis/build/icyphy/ptII/ptolemy/domains/de/test/auto/ServerZeroDelay.xml
1 ms. Memory: 230400K Free: 195916K (85%)
----------------- Invoking toplevel() on ptolemy.moml.MoMLSimpleApplication@3eeda5c0
----------------- Done invoking toplevel() on ptolemy.moml.MoMLSimpleApplication@3eeda5c0
reloadAllAccessors: .ServerZeroDelay
----------------- testing Mon May 28 01:18:56 UTC 2018 /home/travis/build/icyphy/ptII/ptolemy/domains/de/test/auto/SmartSender.xml
----------------- Instantiating /home/travis/build/icyphy/ptII/ptolemy/domains/de/test/auto/SmartSender.xml
3002 ms. Memory: 230400K Free: 189328K (82%)
----------------- Invoking toplevel() on ptolemy.moml.MoMLSimpleApplication@33e115c8
----------------- Done invoking toplevel() on ptolemy.moml.MoMLSimpleApplication@33e115c8
reloadAllAccessors: .SmartSender
----------------- testing Mon May 28 01:18:59 UTC 2018 /home/travis/build/icyphy/ptII/ptolemy/domains/de/test/auto/ThreadedComposite.xml
----------------- Instantiating /home/travis/build/icyphy/ptII/ptolemy/domains/de/test/auto/ThreadedComposite.xml
83 ms. Memory: 230400K Free: 164798K (72%)
----------------- Invoking toplevel() on ptolemy.moml.MoMLSimpleApplication@48bcdc11
----------------- Done invoking toplevel() on ptolemy.moml.MoMLSimpleApplication@48bcdc11
reloadAllAccessors: .ThreadedComposite
----------------- testing Mon May 28 01:18:59 UTC 2018 /home/travis/build/icyphy/ptII/ptolemy/domains/de/test/auto/Time.xml
----------------- Instantiating /home/travis/build/icyphy/ptII/ptolemy/domains/de/test/auto/Time.xml
386 ms. Memory: 230400K Free: 110736K (48%)
----------------- Invoking toplevel() on ptolemy.moml.MoMLSimpleApplication@20627652
----------------- Done invoking toplevel() on ptolemy.moml.MoMLSimpleApplication@20627652
reloadAllAccessors: .Time
----------------- testing Mon May 28 01:19:00 UTC 2018 /home/travis/build/icyphy/ptII/ptolemy/domains/de/test/auto/TimeDelayZeroDelay.xml
----------------- Instantiating /home/travis/build/icyphy/ptII/ptolemy/domains/de/test/auto/TimeDelayZeroDelay.xml
8 ms. Memory: 230400K Free: 105655K (46%)
----------------- Invoking toplevel() on ptolemy.moml.MoMLSimpleApplication@3d360890
----------------- Done invoking toplevel() on ptolemy.moml.MoMLSimpleApplication@3d360890
reloadAllAccessors: .TimeDelayZeroDelay
----------------- testing Mon May 28 01:19:00 UTC 2018 /home/travis/build/icyphy/ptII/ptolemy/domains/de/test/auto/TimerZeroDelay.xml
----------------- Instantiating /home/travis/build/icyphy/ptII/ptolemy/domains/de/test/auto/TimerZeroDelay.xml
1 ms. Memory: 230400K Free: 100762K (44%)
----------------- Invoking toplevel() on ptolemy.moml.MoMLSimpleApplication@381e9227
----------------- Done invoking toplevel() on ptolemy.moml.MoMLSimpleApplication@381e9227
reloadAllAccessors: .TimerZeroDelay
----------------- testing Mon May 28 01:19:00 UTC 2018 /home/travis/build/icyphy/ptII/ptolemy/domains/de/test/auto/TimingParadox.xml
----------------- Instantiating /home/travis/build/icyphy/ptII/ptolemy/domains/de/test/auto/TimingParadox.xml
262 ms. Memory: 225280K Free: 174343K (77%)
----------------- Invoking toplevel() on ptolemy.moml.MoMLSimpleApplication@7733691c
----------------- Done invoking toplevel() on ptolemy.moml.MoMLSimpleApplication@7733691c
reloadAllAccessors: .TimingParadox
----------------- testing Mon May 28 01:19:00 UTC 2018 /home/travis/build/icyphy/ptII/ptolemy/domains/de/test/auto/TransferInputs.xml
----------------- Instantiating /home/travis/build/icyphy/ptII/ptolemy/domains/de/test/auto/TransferInputs.xml
2 ms. Memory: 225280K Free: 167971K (75%)
----------------- Invoking toplevel() on ptolemy.moml.MoMLSimpleApplication@51d60c1b
----------------- Done invoking toplevel() on ptolemy.moml.MoMLSimpleApplication@51d60c1b
reloadAllAccessors: .TransferInputs
----------------- testing Mon May 28 01:19:00 UTC 2018 /home/travis/build/icyphy/ptII/ptolemy/domains/de/test/auto/TransferOutputs2.xml
----------------- Instantiating /home/travis/build/icyphy/ptII/ptolemy/domains/de/test/auto/TransferOutputs2.xml
2 ms. Memory: 225280K Free: 158892K (71%)
----------------- Invoking toplevel() on ptolemy.moml.MoMLSimpleApplication@1f29628c
----------------- Done invoking toplevel() on ptolemy.moml.MoMLSimpleApplication@1f29628c
reloadAllAccessors: .TransferOutputs2
----------------- testing Mon May 28 01:19:00 UTC 2018 /home/travis/build/icyphy/ptII/ptolemy/domains/de/test/auto/Trilateration.xml
----------------- Instantiating /home/travis/build/icyphy/ptII/ptolemy/domains/de/test/auto/Trilateration.xml
11846 ms. Memory: 393216K Free: 326613K (83%)
----------------- Invoking toplevel() on ptolemy.moml.MoMLSimpleApplication@44c5514
----------------- Done invoking toplevel() on ptolemy.moml.MoMLSimpleApplication@44c5514
reloadAllAccessors: .Trilateration
----------------- testing Mon May 28 01:19:12 UTC 2018 /home/travis/build/icyphy/ptII/ptolemy/domains/de/test/auto/TwoSigmaDelta.xml
----------------- Instantiating /home/travis/build/icyphy/ptII/ptolemy/domains/de/test/auto/TwoSigmaDelta.xml
1941 ms. Memory: 375808K Free: 324659K (86%)
----------------- Invoking toplevel() on ptolemy.moml.MoMLSimpleApplication@343eefdb
----------------- Done invoking toplevel() on ptolemy.moml.MoMLSimpleApplication@343eefdb
reloadAllAccessors: .TwoSigmaDelta
----------------- testing Mon May 28 01:19:14 UTC 2018 /home/travis/build/icyphy/ptII/ptolemy/domains/de/test/auto/VariableDelay.xml
----------------- Instantiating /home/travis/build/icyphy/ptII/ptolemy/domains/de/test/auto/VariableDelay.xml
2 ms. Memory: 375808K Free: 312100K (83%)
----------------- Invoking toplevel() on ptolemy.moml.MoMLSimpleApplication@5b4bec04
----------------- Done invoking toplevel() on ptolemy.moml.MoMLSimpleApplication@5b4bec04
reloadAllAccessors: .VariableDelay
----------------- testing Mon May 28 01:19:14 UTC 2018 /home/travis/build/icyphy/ptII/ptolemy/domains/de/test/auto/VariableDelay2.xml
----------------- Instantiating /home/travis/build/icyphy/ptII/ptolemy/domains/de/test/auto/VariableDelay2.xml
1 ms. Memory: 375808K Free: 302805K (81%)
----------------- Invoking toplevel() on ptolemy.moml.MoMLSimpleApplication@a56cfbf
----------------- Done invoking toplevel() on ptolemy.moml.MoMLSimpleApplication@a56cfbf
reloadAllAccessors: .VariableDelay2
----------------- testing Mon May 28 01:19:14 UTC 2018 /home/travis/build/icyphy/ptII/ptolemy/domains/de/test/auto/VariableDelayZeroDelay.xml
----------------- Instantiating /home/travis/build/icyphy/ptII/ptolemy/domains/de/test/auto/VariableDelayZeroDelay.xml
5 ms. Memory: 375808K Free: 296300K (79%)
----------------- Invoking toplevel() on ptolemy.moml.MoMLSimpleApplication@517d5608
----------------- Done invoking toplevel() on ptolemy.moml.MoMLSimpleApplication@517d5608
reloadAllAccessors: .VariableDelayZeroDelay
----------------- testing Mon May 28 01:19:15 UTC 2018 /home/travis/build/icyphy/ptII/ptolemy/domains/de/test/auto/VariableDelayZeroDelay2.xml
----------------- Instantiating /home/travis/build/icyphy/ptII/ptolemy/domains/de/test/auto/VariableDelayZeroDelay2.xml
1 ms. Memory: 375808K Free: 286997K (76%)
----------------- Invoking toplevel() on ptolemy.moml.MoMLSimpleApplication@767d8480
----------------- Done invoking toplevel() on ptolemy.moml.MoMLSimpleApplication@767d8480
reloadAllAccessors: .VariableDelayZeroDelay2
----------------- testing Mon May 28 01:19:15 UTC 2018 /home/travis/build/icyphy/ptII/ptolemy/domains/de/test/auto/deInCt.xml
----------------- Instantiating /home/travis/build/icyphy/ptII/ptolemy/domains/de/test/auto/deInCt.xml
0
1
1
1
0
0
0
1
1
1
0
0
0
1
1
1
0
0
0
1
1
1
1
0
0
0
1
1
1
0
0
0
0
0
1
1
1
1
0
0
0
1
1
1
0
0
0
0
6 ms. Memory: 375808K Free: 277537K (74%)
----------------- Invoking toplevel() on ptolemy.moml.MoMLSimpleApplication@7badea0c
----------------- Done invoking toplevel() on ptolemy.moml.MoMLSimpleApplication@7badea0c
reloadAllAccessors: .deInCt
----------------- testing Mon May 28 01:19:15 UTC 2018 /home/travis/build/icyphy/ptII/ptolemy/domains/de/test/auto/deInCt2.xml
----------------- Instantiating /home/travis/build/icyphy/ptII/ptolemy/domains/de/test/auto/deInCt2.xml
0
1
1
1
0
0
1
1
1
0
0
1
1
1
0
0
1
1
1
0
0
1
1
1
0
0
1
1
1
0
0
1
1
1
0
0
1
1
1
0
0
0
15 ms. Memory: 375808K Free: 268232K (71%)
----------------- Invoking toplevel() on ptolemy.moml.MoMLSimpleApplication@7ff52c05
----------------- Done invoking toplevel() on ptolemy.moml.MoMLSimpleApplication@7ff52c05
reloadAllAccessors: .deInCt2
----------------- testing Mon May 28 01:19:15 UTC 2018 /home/travis/build/icyphy/ptII/ptolemy/domains/de/test/auto/dynamicCausalityInterface1.xml
----------------- Instantiating /home/travis/build/icyphy/ptII/ptolemy/domains/de/test/auto/dynamicCausalityInterface1.xml
1 ms. Memory: 375808K Free: 252894K (67%)
----------------- Invoking toplevel() on ptolemy.moml.MoMLSimpleApplication@4da086
----------------- Done invoking toplevel() on ptolemy.moml.MoMLSimpleApplication@4da086
reloadAllAccessors: .dynamicCausalityInterface1
----------------- testing Mon May 28 01:19:15 UTC 2018 /home/travis/build/icyphy/ptII/ptolemy/domains/de/test/auto/fsm_de_test.xml
----------------- Instantiating /home/travis/build/icyphy/ptII/ptolemy/domains/de/test/auto/fsm_de_test.xml
4 ms. Memory: 375808K Free: 240652K (64%)
----------------- Invoking toplevel() on ptolemy.moml.MoMLSimpleApplication@14d213ad
----------------- Done invoking toplevel() on ptolemy.moml.MoMLSimpleApplication@14d213ad
reloadAllAccessors: .fsm_de_test
----------------- testing Mon May 28 01:19:15 UTC 2018 /home/travis/build/icyphy/ptII/ptolemy/domains/de/test/auto/functionDependencyReconstruction.xml
----------------- Instantiating /home/travis/build/icyphy/ptII/ptolemy/domains/de/test/auto/functionDependencyReconstruction.xml
2 ms. Memory: 375808K Free: 222360K (59%)
----------------- Invoking toplevel() on ptolemy.moml.MoMLSimpleApplication@3a2883bb
----------------- Done invoking toplevel() on ptolemy.moml.MoMLSimpleApplication@3a2883bb
reloadAllAccessors: .functionDependencyReconstruction
----------------- testing Mon May 28 01:19:15 UTC 2018 /home/travis/build/icyphy/ptII/ptolemy/domains/de/test/auto/multirate.xml
----------------- Instantiating /home/travis/build/icyphy/ptII/ptolemy/domains/de/test/auto/multirate.xml
2 ms. Memory: 375808K Free: 213057K (57%)
----------------- Invoking toplevel() on ptolemy.moml.MoMLSimpleApplication@17b82d84
----------------- Done invoking toplevel() on ptolemy.moml.MoMLSimpleApplication@17b82d84
reloadAllAccessors: .multirate
----------------- testing Mon May 28 01:19:15 UTC 2018 /home/travis/build/icyphy/ptII/ptolemy/domains/de/test/auto/multirate2.xml
----------------- Instantiating /home/travis/build/icyphy/ptII/ptolemy/domains/de/test/auto/multirate2.xml
2 ms. Memory: 375808K Free: 203597K (54%)
----------------- Invoking toplevel() on ptolemy.moml.MoMLSimpleApplication@88f569d
----------------- Done invoking toplevel() on ptolemy.moml.MoMLSimpleApplication@88f569d
reloadAllAccessors: .multirate2
----------------- testing Mon May 28 01:19:15 UTC 2018 /home/travis/build/icyphy/ptII/ptolemy/domains/de/test/auto/realtime.xml
----------------- Instantiating /home/travis/build/icyphy/ptII/ptolemy/domains/de/test/auto/realtime.xml
10001 ms. Memory: 375808K Free: 194294K (52%)
----------------- Invoking toplevel() on ptolemy.moml.MoMLSimpleApplication@6ab96198
----------------- Done invoking toplevel() on ptolemy.moml.MoMLSimpleApplication@6ab96198
reloadAllAccessors: .realtime
----------------- testing Mon May 28 01:19:25 UTC 2018 /home/travis/build/icyphy/ptII/ptolemy/domains/de/test/auto/relationGroup.xml
----------------- Instantiating /home/travis/build/icyphy/ptII/ptolemy/domains/de/test/auto/relationGroup.xml
1 ms. Memory: 375808K Free: 187789K (50%)
----------------- Invoking toplevel() on ptolemy.moml.MoMLSimpleApplication@72623ce
----------------- Done invoking toplevel() on ptolemy.moml.MoMLSimpleApplication@72623ce
reloadAllAccessors: .relationGroup
----------------- testing Mon May 28 01:19:25 UTC 2018 /home/travis/build/icyphy/ptII/ptolemy/domains/de/test/auto/relationGroup2.xml
----------------- Instantiating /home/travis/build/icyphy/ptII/ptolemy/domains/de/test/auto/relationGroup2.xml
2 ms. Memory: 375808K Free: 181441K (48%)
----------------- Invoking toplevel() on ptolemy.moml.MoMLSimpleApplication@5344a768
----------------- Done invoking toplevel() on ptolemy.moml.MoMLSimpleApplication@5344a768
reloadAllAccessors: .relationGroup2
----------------- testing Mon May 28 01:19:25 UTC 2018 /home/travis/build/icyphy/ptII/ptolemy/domains/de/test/auto/sortWithOpaquePorts.xml
----------------- Instantiating /home/travis/build/icyphy/ptII/ptolemy/domains/de/test/auto/sortWithOpaquePorts.xml
1 ms. Memory: 375808K Free: 171998K (46%)
----------------- Invoking toplevel() on ptolemy.moml.MoMLSimpleApplication@101c8d9d
----------------- Done invoking toplevel() on ptolemy.moml.MoMLSimpleApplication@101c8d9d
reloadAllAccessors: .sortWithOpaquePorts
----------------- testing Mon May 28 01:19:25 UTC 2018 /home/travis/build/icyphy/ptII/ptolemy/domains/de/test/auto/transferInputsandOutputs.xml
----------------- Instantiating /home/travis/build/icyphy/ptII/ptolemy/domains/de/test/auto/transferInputsandOutputs.xml
2 ms. Memory: 375808K Free: 162538K (43%)
----------------- Invoking toplevel() on ptolemy.moml.MoMLSimpleApplication@43509ac1
----------------- Done invoking toplevel() on ptolemy.moml.MoMLSimpleApplication@43509ac1
reloadAllAccessors: .transferInputsandOutputs
----------------- testing Mon May 28 01:19:25 UTC 2018 /home/travis/build/icyphy/ptII/ptolemy/domains/de/test/auto/triggerType.xml
----------------- Instantiating /home/travis/build/icyphy/ptII/ptolemy/domains/de/test/auto/triggerType.xml
1 ms. Memory: 375808K Free: 153235K (41%)
----------------- Invoking toplevel() on ptolemy.moml.MoMLSimpleApplication@5b4f266
----------------- Done invoking toplevel() on ptolemy.moml.MoMLSimpleApplication@5b4f266
reloadAllAccessors: .triggerType
AutoTests.java: About to close Vertx.
AutoTests.java: Vertx closed.
]]></system-out>
  <system-err><![CDATA[java.lang.RuntimeException: Execution failed
	at ptolemy.moml.MoMLSimpleApplication$UnloadThread.run(MoMLSimpleApplication.java:402)
Caused by: ptolemy.kernel.util.IllegalActionException: Found a zero delay loop containing .dependencyLoop.original
  in .dependencyLoop and .dependencyLoop.original
	at ptolemy.actor.util.CausalityInterfaceForComposites._computeOutputPortDepth(CausalityInterfaceForComposites.java:759)
	at ptolemy.actor.util.CausalityInterfaceForComposites._computeInputDepth(CausalityInterfaceForComposites.java:696)
	at ptolemy.actor.util.CausalityInterfaceForComposites._computeOutputPortDepth(CausalityInterfaceForComposites.java:765)
	at ptolemy.actor.util.CausalityInterfaceForComposites._computeInputDepth(CausalityInterfaceForComposites.java:696)
	at ptolemy.actor.util.CausalityInterfaceForComposites._computeOutputPortDepth(CausalityInterfaceForComposites.java:765)
	at ptolemy.actor.util.CausalityInterfaceForComposites._computeInputDepth(CausalityInterfaceForComposites.java:696)
	at ptolemy.actor.util.CausalityInterfaceForComposites._computeActorDepth(CausalityInterfaceForComposites.java:532)
	at ptolemy.actor.util.CausalityInterfaceForComposites.checkForCycles(CausalityInterfaceForComposites.java:96)
	at ptolemy.domains.de.kernel.DEDirector.preinitialize(DEDirector.java:1337)
	at ptolemy.actor.CompositeActor.preinitialize(CompositeActor.java:1828)
	at ptolemy.actor.Manager.preinitializeAndResolveTypes(Manager.java:1040)
	at ptolemy.actor.Manager.initialize(Manager.java:710)
	at ptolemy.actor.Manager.execute(Manager.java:356)
	at ptolemy.actor.Manager.run(Manager.java:1263)
	at ptolemy.actor.Manager$PtolemyRunThread.run(Manager.java:1915)
java.lang.RuntimeException: Execution failed
	at ptolemy.moml.MoMLSimpleApplication$UnloadThread.run(MoMLSimpleApplication.java:402)
Caused by: ptolemy.kernel.util.IllegalActionException: Found a zero delay loop containing .dependencyLoop2.original
  in .dependencyLoop2 and .dependencyLoop2.original
	at ptolemy.actor.util.CausalityInterfaceForComposites._computeOutputPortDepth(CausalityInterfaceForComposites.java:759)
	at ptolemy.actor.util.CausalityInterfaceForComposites._computeInputDepth(CausalityInterfaceForComposites.java:696)
	at ptolemy.actor.util.CausalityInterfaceForComposites._computeOutputPortDepth(CausalityInterfaceForComposites.java:765)
	at ptolemy.actor.util.CausalityInterfaceForComposites._computeInputDepth(CausalityInterfaceForComposites.java:696)
	at ptolemy.actor.util.CausalityInterfaceForComposites._computeOutputPortDepth(CausalityInterfaceForComposites.java:765)
	at ptolemy.actor.util.CausalityInterfaceForComposites._computeInputDepth(CausalityInterfaceForComposites.java:696)
	at ptolemy.actor.util.CausalityInterfaceForComposites._computeActorDepth(CausalityInterfaceForComposites.java:532)
	at ptolemy.actor.util.CausalityInterfaceForComposites.checkForCycles(CausalityInterfaceForComposites.java:96)
	at ptolemy.domains.de.kernel.DEDirector.preinitialize(DEDirector.java:1337)
	at ptolemy.actor.CompositeActor.preinitialize(CompositeActor.java:1828)
	at ptolemy.actor.Manager.preinitializeAndResolveTypes(Manager.java:1040)
	at ptolemy.actor.Manager.initialize(Manager.java:710)
	at ptolemy.actor.Manager.execute(Manager.java:356)
	at ptolemy.actor.Manager.run(Manager.java:1263)
	at ptolemy.actor.Manager$PtolemyRunThread.run(Manager.java:1915)
java.lang.RuntimeException: Execution failed
	at ptolemy.moml.MoMLSimpleApplication$UnloadThread.run(MoMLSimpleApplication.java:402)
Caused by: ptolemy.kernel.util.IllegalActionException: Found a zero delay loop containing .dependencyLoop.original
  in .dependencyLoop and .dependencyLoop.original
	at ptolemy.actor.util.CausalityInterfaceForComposites._computeOutputPortDepth(CausalityInterfaceForComposites.java:759)
	at ptolemy.actor.util.CausalityInterfaceForComposites._computeInputDepth(CausalityInterfaceForComposites.java:696)
	at ptolemy.actor.util.CausalityInterfaceForComposites._computeOutputPortDepth(CausalityInterfaceForComposites.java:765)
	at ptolemy.actor.util.CausalityInterfaceForComposites._computeInputDepth(CausalityInterfaceForComposites.java:696)
	at ptolemy.actor.util.CausalityInterfaceForComposites._computeOutputPortDepth(CausalityInterfaceForComposites.java:765)
	at ptolemy.actor.util.CausalityInterfaceForComposites._computeInputDepth(CausalityInterfaceForComposites.java:696)
	at ptolemy.actor.util.CausalityInterfaceForComposites._computeActorDepth(CausalityInterfaceForComposites.java:532)
	at ptolemy.actor.util.CausalityInterfaceForComposites.checkForCycles(CausalityInterfaceForComposites.java:96)
	at ptolemy.domains.de.kernel.DEDirector.preinitialize(DEDirector.java:1337)
	at ptolemy.actor.CompositeActor.preinitialize(CompositeActor.java:1828)
	at ptolemy.actor.Manager.preinitializeAndResolveTypes(Manager.java:1040)
	at ptolemy.actor.Manager.initialize(Manager.java:710)
	at ptolemy.actor.Manager.execute(Manager.java:356)
	at ptolemy.actor.Manager.run(Manager.java:1263)
	at ptolemy.actor.Manager$PtolemyRunThread.run(Manager.java:1915)
java.lang.RuntimeException: Execution failed
	at ptolemy.moml.MoMLSimpleApplication$UnloadThread.run(MoMLSimpleApplication.java:402)
Caused by: ptolemy.kernel.util.IllegalActionException: Actor is not ready to fire.  Perhaps UpSample.prefire() returned false? Try debugging the actor by selecting "Listen to Actor".  Also, for SDF check moml for tokenConsumptionRate on input.
  in .DESDFClockTest.Play Bell.Copy1:SDF Director and .DESDFClockTest.Play Bell.UpSample
	at ptolemy.actor.sched.StaticSchedulingDirector.fire(StaticSchedulingDirector.java:227)
	at ptolemy.domains.sdf.kernel.SDFDirector.fire(SDFDirector.java:500)
	at ptolemy.actor.CompositeActor.fire(CompositeActor.java:455)
	at ptolemy.domains.de.kernel.DEDirector._fire(DEDirector.java:1948)
	at ptolemy.domains.de.kernel.DEDirector.fire(DEDirector.java:502)
	at ptolemy.actor.CompositeActor.fire(CompositeActor.java:455)
	at ptolemy.actor.Manager.iterate(Manager.java:851)
	at ptolemy.actor.Manager.execute(Manager.java:369)
	at ptolemy.actor.Manager.run(Manager.java:1263)
	at ptolemy.actor.Manager$PtolemyRunThread.run(Manager.java:1915)
java.lang.RuntimeException: Execution failed
	at ptolemy.moml.MoMLSimpleApplication$UnloadThread.run(MoMLSimpleApplication.java:402)
Caused by: ptolemy.kernel.util.IllegalActionException: Found a zero delay loop containing .dependencyLoop2.original
  in .dependencyLoop2 and .dependencyLoop2.original
	at ptolemy.actor.util.CausalityInterfaceForComposites._computeOutputPortDepth(CausalityInterfaceForComposites.java:759)
	at ptolemy.actor.util.CausalityInterfaceForComposites._computeInputDepth(CausalityInterfaceForComposites.java:696)
	at ptolemy.actor.util.CausalityInterfaceForComposites._computeOutputPortDepth(CausalityInterfaceForComposites.java:765)
	at ptolemy.actor.util.CausalityInterfaceForComposites._computeInputDepth(CausalityInterfaceForComposites.java:696)
	at ptolemy.actor.util.CausalityInterfaceForComposites._computeOutputPortDepth(CausalityInterfaceForComposites.java:765)
	at ptolemy.actor.util.CausalityInterfaceForComposites._computeInputDepth(CausalityInterfaceForComposites.java:696)
	at ptolemy.actor.util.CausalityInterfaceForComposites._computeActorDepth(CausalityInterfaceForComposites.java:532)
	at ptolemy.actor.util.CausalityInterfaceForComposites.checkForCycles(CausalityInterfaceForComposites.java:96)
	at ptolemy.domains.de.kernel.DEDirector.preinitialize(DEDirector.java:1337)
	at ptolemy.actor.CompositeActor.preinitialize(CompositeActor.java:1828)
	at ptolemy.actor.Manager.preinitializeAndResolveTypes(Manager.java:1040)
	at ptolemy.actor.Manager.initialize(Manager.java:710)
	at ptolemy.actor.Manager.execute(Manager.java:356)
	at ptolemy.actor.Manager.run(Manager.java:1263)
	at ptolemy.actor.Manager$PtolemyRunThread.run(Manager.java:1915)
java.lang.RuntimeException: Execution failed
	at ptolemy.moml.MoMLSimpleApplication$UnloadThread.run(MoMLSimpleApplication.java:402)
Caused by: ptolemy.kernel.util.IllegalActionException: Found a zero delay loop containing .HierarchicalModel.A
  in .HierarchicalModel and .HierarchicalModel.A
	at ptolemy.actor.util.CausalityInterfaceForComposites._computeOutputPortDepth(CausalityInterfaceForComposites.java:759)
	at ptolemy.actor.util.CausalityInterfaceForComposites._computeInputDepth(CausalityInterfaceForComposites.java:696)
	at ptolemy.actor.util.CausalityInterfaceForComposites._computeOutputPortDepth(CausalityInterfaceForComposites.java:765)
	at ptolemy.actor.util.CausalityInterfaceForComposites._computeInputDepth(CausalityInterfaceForComposites.java:696)
	at ptolemy.actor.util.CausalityInterfaceForComposites._computeOutputPortDepth(CausalityInterfaceForComposites.java:765)
	at ptolemy.actor.util.CausalityInterfaceForComposites._computeInputDepth(CausalityInterfaceForComposites.java:696)
	at ptolemy.actor.util.CausalityInterfaceForComposites._computeActorDepth(CausalityInterfaceForComposites.java:532)
	at ptolemy.actor.util.CausalityInterfaceForComposites.checkForCycles(CausalityInterfaceForComposites.java:96)
	at ptolemy.domains.de.kernel.DEDirector.preinitialize(DEDirector.java:1337)
	at ptolemy.actor.CompositeActor.preinitialize(CompositeActor.java:1828)
	at ptolemy.actor.Manager.preinitializeAndResolveTypes(Manager.java:1040)
	at ptolemy.actor.Manager.initialize(Manager.java:710)
	at ptolemy.actor.Manager.execute(Manager.java:356)
	at ptolemy.actor.Manager.run(Manager.java:1263)
	at ptolemy.actor.Manager$PtolemyRunThread.run(Manager.java:1915)
java.lang.RuntimeException: Execution failed
	at ptolemy.moml.MoMLSimpleApplication$UnloadThread.run(MoMLSimpleApplication.java:402)
Caused by: ptolemy.kernel.util.IllegalActionException: Test fails in iteration 1.
Value was: 1.0. Should have been: 2.0
  in .DirectFeedback.Test
	at ptolemy.actor.lib.Test.fire(Test.java:268)
	at ptolemy.domains.de.kernel.DEDirector._fire(DEDirector.java:1948)
	at ptolemy.domains.de.kernel.DEDirector.fire(DEDirector.java:502)
	at ptolemy.actor.CompositeActor.fire(CompositeActor.java:455)
	at ptolemy.actor.Manager.iterate(Manager.java:851)
	at ptolemy.actor.Manager.execute(Manager.java:369)
	at ptolemy.actor.Manager.run(Manager.java:1263)
	at ptolemy.actor.Manager$PtolemyRunThread.run(Manager.java:1915)
java.lang.RuntimeException: Execution failed
	at ptolemy.moml.MoMLSimpleApplication$UnloadThread.run(MoMLSimpleApplication.java:402)
Caused by: ptolemy.kernel.util.IllegalActionException: Actor is not ready to fire.  Perhaps UpSample.prefire() returned false? Try debugging the actor by selecting "Listen to Actor".  Also, for SDF check moml for tokenConsumptionRate on input.
  in .DESDFClockTest.Play Bell.Copy1:SDF Director and .DESDFClockTest.Play Bell.UpSample
	at ptolemy.actor.sched.StaticSchedulingDirector.fire(StaticSchedulingDirector.java:227)
	at ptolemy.domains.sdf.kernel.SDFDirector.fire(SDFDirector.java:500)
	at ptolemy.actor.CompositeActor.fire(CompositeActor.java:455)
	at ptolemy.domains.de.kernel.DEDirector._fire(DEDirector.java:1948)
	at ptolemy.domains.de.kernel.DEDirector.fire(DEDirector.java:502)
	at ptolemy.actor.CompositeActor.fire(CompositeActor.java:455)
	at ptolemy.actor.Manager.iterate(Manager.java:851)
	at ptolemy.actor.Manager.execute(Manager.java:369)
	at ptolemy.actor.Manager.run(Manager.java:1263)
	at ptolemy.actor.Manager$PtolemyRunThread.run(Manager.java:1915)
java.lang.reflect.InvocationTargetException
	at sun.reflect.NativeConstructorAccessorImpl.newInstance0(Native Method)
	at sun.reflect.NativeConstructorAccessorImpl.newInstance(NativeConstructorAccessorImpl.java:62)
	at sun.reflect.DelegatingConstructorAccessorImpl.newInstance(DelegatingConstructorAccessorImpl.java:45)
	at java.lang.reflect.Constructor.newInstance(Constructor.java:423)
	at ptolemy.util.test.junit.AutoKnownFailedTests.RunModel(AutoKnownFailedTests.java:107)
	at sun.reflect.NativeMethodAccessorImpl.invoke0(Native Method)
	at sun.reflect.NativeMethodAccessorImpl.invoke(NativeMethodAccessorImpl.java:62)
	at sun.reflect.DelegatingMethodAccessorImpl.invoke(DelegatingMethodAccessorImpl.java:43)
	at java.lang.reflect.Method.invoke(Method.java:498)
	at org.junit.runners.model.FrameworkMethod$1.runReflectiveCall(FrameworkMethod.java:44)
	at org.junit.internal.runners.model.ReflectiveCallable.run(ReflectiveCallable.java:15)
	at org.junit.runners.model.FrameworkMethod.invokeExplosively(FrameworkMethod.java:41)
	at junitparams.internal.InvokeParameterisedMethod.evaluate(InvokeParameterisedMethod.java:102)
	at org.junit.internal.runners.statements.FailOnTimeout$1.run(FailOnTimeout.java:28)
Caused by: ptolemy.kernel.util.IllegalActionException: Actor is not ready to fire.  Perhaps UpSample.prefire() returned false? Try debugging the actor by selecting "Listen to Actor".  Also, for SDF check moml for tokenConsumptionRate on input.
  in .DESDFClockTest.Play Bell.Copy1:SDF Director and .DESDFClockTest.Play Bell.UpSample
	at ptolemy.actor.sched.StaticSchedulingDirector.fire(StaticSchedulingDirector.java:227)
	at ptolemy.domains.sdf.kernel.SDFDirector.fire(SDFDirector.java:500)
	at ptolemy.actor.CompositeActor.fire(CompositeActor.java:455)
	at ptolemy.domains.de.kernel.DEDirector._fire(DEDirector.java:1948)
	at ptolemy.domains.de.kernel.DEDirector.fire(DEDirector.java:502)
	at ptolemy.actor.CompositeActor.fire(CompositeActor.java:455)
	at ptolemy.actor.Manager.iterate(Manager.java:851)
	at ptolemy.actor.Manager.execute(Manager.java:369)
	at ptolemy.actor.Manager.run(Manager.java:1263)
	at ptolemy.actor.Manager$PtolemyRunThread.run(Manager.java:1915)
java.lang.RuntimeException: Execution failed
	at ptolemy.moml.MoMLSimpleApplication$UnloadThread.run(MoMLSimpleApplication.java:402)
Caused by: ptolemy.kernel.util.IllegalActionException: Test fails in iteration 1.
Value was: 1.0. Should have been: 2.0
  in .DirectFeedback.Test
	at ptolemy.actor.lib.Test.fire(Test.java:268)
	at ptolemy.domains.de.kernel.DEDirector._fire(DEDirector.java:1948)
	at ptolemy.domains.de.kernel.DEDirector.fire(DEDirector.java:502)
	at ptolemy.actor.CompositeActor.fire(CompositeActor.java:455)
	at ptolemy.actor.Manager.iterate(Manager.java:851)
	at ptolemy.actor.Manager.execute(Manager.java:369)
	at ptolemy.actor.Manager.run(Manager.java:1263)
	at ptolemy.actor.Manager$PtolemyRunThread.run(Manager.java:1915)
java.lang.reflect.InvocationTargetException
	at sun.reflect.NativeConstructorAccessorImpl.newInstance0(Native Method)
	at sun.reflect.NativeConstructorAccessorImpl.newInstance(NativeConstructorAccessorImpl.java:62)
	at sun.reflect.DelegatingConstructorAccessorImpl.newInstance(DelegatingConstructorAccessorImpl.java:45)
	at java.lang.reflect.Constructor.newInstance(Constructor.java:423)
	at ptolemy.util.test.junit.AutoKnownFailedTests.RunModel(AutoKnownFailedTests.java:107)
	at sun.reflect.NativeMethodAccessorImpl.invoke0(Native Method)
	at sun.reflect.NativeMethodAccessorImpl.invoke(NativeMethodAccessorImpl.java:62)
	at sun.reflect.DelegatingMethodAccessorImpl.invoke(DelegatingMethodAccessorImpl.java:43)
	at java.lang.reflect.Method.invoke(Method.java:498)
	at org.junit.runners.model.FrameworkMethod$1.runReflectiveCall(FrameworkMethod.java:44)
	at org.junit.internal.runners.model.ReflectiveCallable.run(ReflectiveCallable.java:15)
	at org.junit.runners.model.FrameworkMethod.invokeExplosively(FrameworkMethod.java:41)
	at junitparams.internal.InvokeParameterisedMethod.evaluate(InvokeParameterisedMethod.java:102)
	at org.junit.internal.runners.statements.FailOnTimeout$1.run(FailOnTimeout.java:28)
Caused by: ptolemy.kernel.util.IllegalActionException: Test fails in iteration 1.
Value was: 1.0. Should have been: 2.0
  in .DirectFeedback.Test
	at ptolemy.actor.lib.Test.fire(Test.java:268)
	at ptolemy.domains.de.kernel.DEDirector._fire(DEDirector.java:1948)
	at ptolemy.domains.de.kernel.DEDirector.fire(DEDirector.java:502)
	at ptolemy.actor.CompositeActor.fire(CompositeActor.java:455)
	at ptolemy.actor.Manager.iterate(Manager.java:851)
	at ptolemy.actor.Manager.execute(Manager.java:369)
	at ptolemy.actor.Manager.run(Manager.java:1263)
	at ptolemy.actor.Manager$PtolemyRunThread.run(Manager.java:1915)
java.lang.RuntimeException: Execution failed
	at ptolemy.moml.MoMLSimpleApplication$UnloadThread.run(MoMLSimpleApplication.java:402)
Caused by: ptolemy.kernel.util.IllegalActionException: Found a zero delay loop containing .HierarchicalModel.A
  in .HierarchicalModel and .HierarchicalModel.A
	at ptolemy.actor.util.CausalityInterfaceForComposites._computeOutputPortDepth(CausalityInterfaceForComposites.java:759)
	at ptolemy.actor.util.CausalityInterfaceForComposites._computeInputDepth(CausalityInterfaceForComposites.java:696)
	at ptolemy.actor.util.CausalityInterfaceForComposites._computeOutputPortDepth(CausalityInterfaceForComposites.java:765)
	at ptolemy.actor.util.CausalityInterfaceForComposites._computeInputDepth(CausalityInterfaceForComposites.java:696)
	at ptolemy.actor.util.CausalityInterfaceForComposites._computeOutputPortDepth(CausalityInterfaceForComposites.java:765)
	at ptolemy.actor.util.CausalityInterfaceForComposites._computeInputDepth(CausalityInterfaceForComposites.java:696)
	at ptolemy.actor.util.CausalityInterfaceForComposites._computeActorDepth(CausalityInterfaceForComposites.java:532)
	at ptolemy.actor.util.CausalityInterfaceForComposites.checkForCycles(CausalityInterfaceForComposites.java:96)
	at ptolemy.domains.de.kernel.DEDirector.preinitialize(DEDirector.java:1337)
	at ptolemy.actor.CompositeActor.preinitialize(CompositeActor.java:1828)
	at ptolemy.actor.Manager.preinitializeAndResolveTypes(Manager.java:1040)
	at ptolemy.actor.Manager.initialize(Manager.java:710)
	at ptolemy.actor.Manager.execute(Manager.java:356)
	at ptolemy.actor.Manager.run(Manager.java:1263)
	at ptolemy.actor.Manager$PtolemyRunThread.run(Manager.java:1915)
java.lang.reflect.InvocationTargetException
	at sun.reflect.NativeConstructorAccessorImpl.newInstance0(Native Method)
	at sun.reflect.NativeConstructorAccessorImpl.newInstance(NativeConstructorAccessorImpl.java:62)
	at sun.reflect.DelegatingConstructorAccessorImpl.newInstance(DelegatingConstructorAccessorImpl.java:45)
	at java.lang.reflect.Constructor.newInstance(Constructor.java:423)
	at ptolemy.util.test.junit.AutoKnownFailedTests.RunModel(AutoKnownFailedTests.java:107)
	at sun.reflect.NativeMethodAccessorImpl.invoke0(Native Method)
	at sun.reflect.NativeMethodAccessorImpl.invoke(NativeMethodAccessorImpl.java:62)
	at sun.reflect.DelegatingMethodAccessorImpl.invoke(DelegatingMethodAccessorImpl.java:43)
	at java.lang.reflect.Method.invoke(Method.java:498)
	at org.junit.runners.model.FrameworkMethod$1.runReflectiveCall(FrameworkMethod.java:44)
	at org.junit.internal.runners.model.ReflectiveCallable.run(ReflectiveCallable.java:15)
	at org.junit.runners.model.FrameworkMethod.invokeExplosively(FrameworkMethod.java:41)
	at junitparams.internal.InvokeParameterisedMethod.evaluate(InvokeParameterisedMethod.java:102)
	at org.junit.internal.runners.statements.FailOnTimeout$1.run(FailOnTimeout.java:28)
Caused by: ptolemy.kernel.util.IllegalActionException: Found a zero delay loop containing .HierarchicalModel.A
  in .HierarchicalModel and .HierarchicalModel.A
	at ptolemy.actor.util.CausalityInterfaceForComposites._computeOutputPortDepth(CausalityInterfaceForComposites.java:759)
	at ptolemy.actor.util.CausalityInterfaceForComposites._computeInputDepth(CausalityInterfaceForComposites.java:696)
	at ptolemy.actor.util.CausalityInterfaceForComposites._computeOutputPortDepth(CausalityInterfaceForComposites.java:765)
	at ptolemy.actor.util.CausalityInterfaceForComposites._computeInputDepth(CausalityInterfaceForComposites.java:696)
	at ptolemy.actor.util.CausalityInterfaceForComposites._computeOutputPortDepth(CausalityInterfaceForComposites.java:765)
	at ptolemy.actor.util.CausalityInterfaceForComposites._computeInputDepth(CausalityInterfaceForComposites.java:696)
	at ptolemy.actor.util.CausalityInterfaceForComposites._computeActorDepth(CausalityInterfaceForComposites.java:532)
	at ptolemy.actor.util.CausalityInterfaceForComposites.checkForCycles(CausalityInterfaceForComposites.java:96)
	at ptolemy.domains.de.kernel.DEDirector.preinitialize(DEDirector.java:1337)
	at ptolemy.actor.CompositeActor.preinitialize(CompositeActor.java:1828)
	at ptolemy.actor.Manager.preinitializeAndResolveTypes(Manager.java:1040)
	at ptolemy.actor.Manager.initialize(Manager.java:710)
	at ptolemy.actor.Manager.execute(Manager.java:356)
	at ptolemy.actor.Manager.run(Manager.java:1263)
	at ptolemy.actor.Manager$PtolemyRunThread.run(Manager.java:1915)
java.lang.RuntimeException: Execution failed
	at ptolemy.moml.MoMLSimpleApplication$UnloadThread.run(MoMLSimpleApplication.java:402)
Caused by: ptolemy.kernel.util.IllegalActionException: Found a zero delay loop containing .dependencyLoop.original
  in .dependencyLoop and .dependencyLoop.original
	at ptolemy.actor.util.CausalityInterfaceForComposites._computeOutputPortDepth(CausalityInterfaceForComposites.java:759)
	at ptolemy.actor.util.CausalityInterfaceForComposites._computeInputDepth(CausalityInterfaceForComposites.java:696)
	at ptolemy.actor.util.CausalityInterfaceForComposites._computeOutputPortDepth(CausalityInterfaceForComposites.java:765)
	at ptolemy.actor.util.CausalityInterfaceForComposites._computeInputDepth(CausalityInterfaceForComposites.java:696)
	at ptolemy.actor.util.CausalityInterfaceForComposites._computeOutputPortDepth(CausalityInterfaceForComposites.java:765)
	at ptolemy.actor.util.CausalityInterfaceForComposites._computeInputDepth(CausalityInterfaceForComposites.java:696)
	at ptolemy.actor.util.CausalityInterfaceForComposites._computeActorDepth(CausalityInterfaceForComposites.java:532)
	at ptolemy.actor.util.CausalityInterfaceForComposites.checkForCycles(CausalityInterfaceForComposites.java:96)
	at ptolemy.domains.de.kernel.DEDirector.preinitialize(DEDirector.java:1337)
	at ptolemy.actor.CompositeActor.preinitialize(CompositeActor.java:1828)
	at ptolemy.actor.Manager.preinitializeAndResolveTypes(Manager.java:1040)
	at ptolemy.actor.Manager.initialize(Manager.java:710)
	at ptolemy.actor.Manager.execute(Manager.java:356)
	at ptolemy.actor.Manager.run(Manager.java:1263)
	at ptolemy.actor.Manager$PtolemyRunThread.run(Manager.java:1915)
java.lang.reflect.InvocationTargetException
	at sun.reflect.NativeConstructorAccessorImpl.newInstance0(Native Method)
	at sun.reflect.NativeConstructorAccessorImpl.newInstance(NativeConstructorAccessorImpl.java:62)
	at sun.reflect.DelegatingConstructorAccessorImpl.newInstance(DelegatingConstructorAccessorImpl.java:45)
	at java.lang.reflect.Constructor.newInstance(Constructor.java:423)
	at ptolemy.util.test.junit.AutoKnownFailedTests.RunModel(AutoKnownFailedTests.java:107)
	at sun.reflect.NativeMethodAccessorImpl.invoke0(Native Method)
	at sun.reflect.NativeMethodAccessorImpl.invoke(NativeMethodAccessorImpl.java:62)
	at sun.reflect.DelegatingMethodAccessorImpl.invoke(DelegatingMethodAccessorImpl.java:43)
	at java.lang.reflect.Method.invoke(Method.java:498)
	at org.junit.runners.model.FrameworkMethod$1.runReflectiveCall(FrameworkMethod.java:44)
	at org.junit.internal.runners.model.ReflectiveCallable.run(ReflectiveCallable.java:15)
	at org.junit.runners.model.FrameworkMethod.invokeExplosively(FrameworkMethod.java:41)
	at junitparams.internal.InvokeParameterisedMethod.evaluate(InvokeParameterisedMethod.java:102)
	at org.junit.internal.runners.statements.FailOnTimeout$1.run(FailOnTimeout.java:28)
Caused by: ptolemy.kernel.util.IllegalActionException: Found a zero delay loop containing .dependencyLoop.original
  in .dependencyLoop and .dependencyLoop.original
	at ptolemy.actor.util.CausalityInterfaceForComposites._computeOutputPortDepth(CausalityInterfaceForComposites.java:759)
	at ptolemy.actor.util.CausalityInterfaceForComposites._computeInputDepth(CausalityInterfaceForComposites.java:696)
	at ptolemy.actor.util.CausalityInterfaceForComposites._computeOutputPortDepth(CausalityInterfaceForComposites.java:765)
	at ptolemy.actor.util.CausalityInterfaceForComposites._computeInputDepth(CausalityInterfaceForComposites.java:696)
	at ptolemy.actor.util.CausalityInterfaceForComposites._computeOutputPortDepth(CausalityInterfaceForComposites.java:765)
	at ptolemy.actor.util.CausalityInterfaceForComposites._computeInputDepth(CausalityInterfaceForComposites.java:696)
	at ptolemy.actor.util.CausalityInterfaceForComposites._computeActorDepth(CausalityInterfaceForComposites.java:532)
	at ptolemy.actor.util.CausalityInterfaceForComposites.checkForCycles(CausalityInterfaceForComposites.java:96)
	at ptolemy.domains.de.kernel.DEDirector.preinitialize(DEDirector.java:1337)
	at ptolemy.actor.CompositeActor.preinitialize(CompositeActor.java:1828)
	at ptolemy.actor.Manager.preinitializeAndResolveTypes(Manager.java:1040)
	at ptolemy.actor.Manager.initialize(Manager.java:710)
	at ptolemy.actor.Manager.execute(Manager.java:356)
	at ptolemy.actor.Manager.run(Manager.java:1263)
	at ptolemy.actor.Manager$PtolemyRunThread.run(Manager.java:1915)
java.lang.RuntimeException: Execution failed
	at ptolemy.moml.MoMLSimpleApplication$UnloadThread.run(MoMLSimpleApplication.java:402)
Caused by: ptolemy.kernel.util.IllegalActionException: Found a zero delay loop containing .dependencyLoop2.original
  in .dependencyLoop2 and .dependencyLoop2.original
	at ptolemy.actor.util.CausalityInterfaceForComposites._computeOutputPortDepth(CausalityInterfaceForComposites.java:759)
	at ptolemy.actor.util.CausalityInterfaceForComposites._computeInputDepth(CausalityInterfaceForComposites.java:696)
	at ptolemy.actor.util.CausalityInterfaceForComposites._computeOutputPortDepth(CausalityInterfaceForComposites.java:765)
	at ptolemy.actor.util.CausalityInterfaceForComposites._computeInputDepth(CausalityInterfaceForComposites.java:696)
	at ptolemy.actor.util.CausalityInterfaceForComposites._computeOutputPortDepth(CausalityInterfaceForComposites.java:765)
	at ptolemy.actor.util.CausalityInterfaceForComposites._computeInputDepth(CausalityInterfaceForComposites.java:696)
	at ptolemy.actor.util.CausalityInterfaceForComposites._computeActorDepth(CausalityInterfaceForComposites.java:532)
	at ptolemy.actor.util.CausalityInterfaceForComposites.checkForCycles(CausalityInterfaceForComposites.java:96)
	at ptolemy.domains.de.kernel.DEDirector.preinitialize(DEDirector.java:1337)
	at ptolemy.actor.CompositeActor.preinitialize(CompositeActor.java:1828)
	at ptolemy.actor.Manager.preinitializeAndResolveTypes(Manager.java:1040)
	at ptolemy.actor.Manager.initialize(Manager.java:710)
	at ptolemy.actor.Manager.execute(Manager.java:356)
	at ptolemy.actor.Manager.run(Manager.java:1263)
	at ptolemy.actor.Manager$PtolemyRunThread.run(Manager.java:1915)
java.lang.reflect.InvocationTargetException
	at sun.reflect.NativeConstructorAccessorImpl.newInstance0(Native Method)
	at sun.reflect.NativeConstructorAccessorImpl.newInstance(NativeConstructorAccessorImpl.java:62)
	at sun.reflect.DelegatingConstructorAccessorImpl.newInstance(DelegatingConstructorAccessorImpl.java:45)
	at java.lang.reflect.Constructor.newInstance(Constructor.java:423)
	at ptolemy.util.test.junit.AutoKnownFailedTests.RunModel(AutoKnownFailedTests.java:107)
	at sun.reflect.NativeMethodAccessorImpl.invoke0(Native Method)
	at sun.reflect.NativeMethodAccessorImpl.invoke(NativeMethodAccessorImpl.java:62)
	at sun.reflect.DelegatingMethodAccessorImpl.invoke(DelegatingMethodAccessorImpl.java:43)
	at java.lang.reflect.Method.invoke(Method.java:498)
	at org.junit.runners.model.FrameworkMethod$1.runReflectiveCall(FrameworkMethod.java:44)
	at org.junit.internal.runners.model.ReflectiveCallable.run(ReflectiveCallable.java:15)
	at org.junit.runners.model.FrameworkMethod.invokeExplosively(FrameworkMethod.java:41)
	at junitparams.internal.InvokeParameterisedMethod.evaluate(InvokeParameterisedMethod.java:102)
	at org.junit.internal.runners.statements.FailOnTimeout$1.run(FailOnTimeout.java:28)
Caused by: ptolemy.kernel.util.IllegalActionException: Found a zero delay loop containing .dependencyLoop2.original
  in .dependencyLoop2 and .dependencyLoop2.original
	at ptolemy.actor.util.CausalityInterfaceForComposites._computeOutputPortDepth(CausalityInterfaceForComposites.java:759)
	at ptolemy.actor.util.CausalityInterfaceForComposites._computeInputDepth(CausalityInterfaceForComposites.java:696)
	at ptolemy.actor.util.CausalityInterfaceForComposites._computeOutputPortDepth(CausalityInterfaceForComposites.java:765)
	at ptolemy.actor.util.CausalityInterfaceForComposites._computeInputDepth(CausalityInterfaceForComposites.java:696)
	at ptolemy.actor.util.CausalityInterfaceForComposites._computeOutputPortDepth(CausalityInterfaceForComposites.java:765)
	at ptolemy.actor.util.CausalityInterfaceForComposites._computeInputDepth(CausalityInterfaceForComposites.java:696)
	at ptolemy.actor.util.CausalityInterfaceForComposites._computeActorDepth(CausalityInterfaceForComposites.java:532)
	at ptolemy.actor.util.CausalityInterfaceForComposites.checkForCycles(CausalityInterfaceForComposites.java:96)
	at ptolemy.domains.de.kernel.DEDirector.preinitialize(DEDirector.java:1337)
	at ptolemy.actor.CompositeActor.preinitialize(CompositeActor.java:1828)
	at ptolemy.actor.Manager.preinitializeAndResolveTypes(Manager.java:1040)
	at ptolemy.actor.Manager.initialize(Manager.java:710)
	at ptolemy.actor.Manager.execute(Manager.java:356)
	at ptolemy.actor.Manager.run(Manager.java:1263)
	at ptolemy.actor.Manager$PtolemyRunThread.run(Manager.java:1915)
]]></system-err>
</testsuite>
