<?xml version="1.0" encoding="UTF-8" ?>
<testsuite errors="0" failures="1" hostname="travis-job-da05217d-a1cf-44c3-8b7e-d5e2f461bb95" name="ptolemy.actor.lib.test.junit.JUnitTclTest" skipped="0" tests="518" time="67.859" timestamp="2018-05-10T01:15:32">
  <properties>
    <property name="npm.executable" value="npm" />
    <property name="file.encoding.pkg" value="sun.io" />
    <property name="ptII.mk.exists" value="true" />
    <property name="env.rvm_bin_path" value="/home/travis/.rvm/bin" />
    <property name="java.home" value="/usr/lib/jvm/java-8-oracle/jre" />
    <property name="env.TRAVIS_JOB_NUMBER" value="411.6" />
    <property name="env.DISPLAY" value=":99.0" />
    <property name="java.net.preferIPv4Stack" value="true" />
    <property name="env.SSH_TTY" value="/dev/pts/0" />
    <property name="env.RUN_TESTS" value="true" />
    <property name="timeout.short" value="1000000" />
    <property name="env.TRAVIS_STACK_NODE_ATTRIBUTES" value="/.node-attributes.yml" />
    <property name="junit.formatter" value="xml" />
    <property name="java.endorsed.dirs" value="/usr/lib/jvm/java-8-oracle/jre/lib/endorsed" />
    <property name="env.TRAVIS_SUDO" value="true" />
    <property name="env.LOGNAME" value="travis" />
    <property name="env.PT_TRAVIS_TEST_CORE1_XML" value="true" />
    <property name="jsdoc.home" value="node_modules/@terraswarm/jsdoc" />
    <property name="debuglevel" value="source,lines,vars" />
    <property name="checkstyle.formatter" value="xml" />
    <property name="bin.vergil.makeable" value="true" />
    <property name="env._system_version" value="14.04" />
    <property name="sun.os.patch.level" value="unknown" />
    <property name="java.vendor.url" value="http://java.oracle.com/" />
    <property name="java.version" value="1.8.0_151" />
    <property name="env.TZ" value="UTC" />
    <property name="env.PT_NO_NET" value="true" />
    <property name="env.TRAVIS_PULL_REQUEST_SHA" value="" />
    <property name="env.TRAVIS_SECURE_ENV_VARS" value="true" />
    <property name="env._system_type" value="Linux" />
    <property name="java.vendor.url.bug" value="http://bugreport.sun.com/bugreport/" />
    <property name="env.SSH_CLIENT" value="10.10.4.27 43840 22" />
    <property name="env.GEM_HOME" value="/home/travis/.rvm/gems/ruby-2.4.1" />
    <property name="env.HAS_ANTARES_THREE_LITTLE_FRONZIES_BADGE" value="true" />
    <property name="env.PS4" value="+" />
    <property name="ant.project.invoked-targets" value="build,test.core1.xml" />
    <property name="env.TRAVIS_PULL_REQUEST_BRANCH" value="" />
    <property name="env.TRAVIS_REPO_SLUG" value="icyphy/ptII" />
    <property name="node.in.path" value="true" />
    <property name="java.maxmemory" value="1400m" />
    <property name="env.RUBY_VERSION" value="ruby-2.4.1" />
    <property name="user.name" value="travis" />
    <property name="env.LANG" value="en_US.UTF-8" />
    <property name="sun.io.unicode.encoding" value="UnicodeLittle" />
    <property name="sun.jnu.encoding" value="UTF-8" />
    <property name="java.runtime.name" value="Java(TM) SE Runtime Environment" />
    <property name="usefile" value="false" />
    <property name="return.code" value="0" />
    <property name="junit.single.formatter" value="plain" />
    <property name="env.DYLD_LIBRARY_PATH" value="/home/travis/pthla/certi-tools/lib:" />
    <property name="env.DEBIAN_FRONTEND" value="noninteractive" />
    <property name="env.SSH_CONNECTION" value="10.10.4.27 43840 10.20.1.46 22" />
    <property name="env.MYSQL_UNIX_PORT" value="/var/run/mysqld/mysqld.sock" />
    <property name="env.TRAVIS_ALLOW_FAILURE" value="false" />
    <property name="env.LC_ALL" value="en_US.UTF-8" />
    <property name="java.specification.name" value="Java Platform API Specification" />
    <property name="node.works" value="true" />
    <property name="user.timezone" value="" />
    <property name="path.separator" value=":" />
    <property name="env.PYTHON_CFLAGS" value="-g -fstack-protector --param=ssp-buffer-size=4 -Wformat -Werror=format-security" />
    <property name="timeout.long" value="4000000" />
    <property name="env.CERTI_HOME" value="/home/travis/pthla/certi-tools" />
    <property name="file.encoding" value="UTF-8" />
    <property name="ant.file.ptII" value="/home/travis/build/icyphy/ptII/build.xml" />
    <property name="javadoc.packagenames" value="com.*,diva.*,lbnl.*,org.hlacerti.*,org.json.*,org.ptolemy.*,org.terraswarm.*,ptolemy.*,ptserver.*" />
    <property name="env.TRAVIS_PULL_REQUEST_SLUG" value="" />
    <property name="ant.project.default-target" value="build" />
    <property name="env.GIT_ASKPASS" value="echo" />
    <property name="env.HOME" value="/home/travis" />
    <property name="sun.java.command" value="org.apache.tools.ant.taskdefs.optional.junit.JUnitTestRunner ptolemy.actor.lib.test.junit.JUnitTclTest skipNonTests=false filtertrace=true haltOnError=false haltOnFailure=false formatter=org.apache.tools.ant.taskdefs.optional.junit.OutErrSummaryJUnitResultFormatter showoutput=true outputtoformatters=true logfailedtests=true threadid=0 logtestlistenerevents=false formatter=org.apache.tools.ant.taskdefs.optional.junit.XMLJUnitResultFormatter,/home/travis/build/icyphy/ptII/reports/junit/TEST-ptolemy.actor.lib.test.junit.JUnitTclTest.xml crashfile=/home/travis/build/icyphy/ptII/junitvmwatcher2423167509677473267.properties propsfile=/home/travis/build/icyphy/ptII/junit829712122450083313.properties" />
    <property name="env.MANPATH" value="/home/travis/.nvm/versions/node/v7.10.1/share/man:/home/travis/.kiex/elixirs/elixir-1.4.5/man:/home/travis/.rvm/rubies/ruby-2.4.1/share/man:/usr/local/man:/usr/local/cmake-3.9.2/man:/usr/local/clang-5.0.0/share/man:/usr/local/share/man:/usr/share/man:/home/travis/.rvm/man" />
    <property name="env.COMPOSER_NO_INTERACTION" value="1" />
    <property name="env.JDK_SWITCHER_DEFAULT" value="oraclejdk8" />
    <property name="ant.file" value="/home/travis/build/icyphy/ptII/build.xml" />
    <property name="env.TRAVIS_COMMIT_RANGE" value="712d3efebbeae51969f1d6ca9a5beb394f1a24e8...a35e0c44513de30172a090eeb5d722d5b8cbec98" />
    <property name="env._system_name" value="Ubuntu" />
    <property name="timeout" value="2400000" />
    <property name="ptII.classpath.optional.property" value="/home/travis/build/icyphy/ptII/lib/bsh-2.0b4.jar:/home/travis/build/icyphy/ptII/lib/ptCal.jar:/home/travis/build/icyphy/ptII/lib/java_cup.jar:/home/travis/build/icyphy/ptII/lib/saxon8.jar:/home/travis/build/icyphy/ptII/lib/saxon8-dom.jar:/home/travis/build/icyphy/ptII/lib/chic.jar:/home/travis/build/icyphy/ptII/lib/ptcolt.jar:/usr/lib/jvm/java-8-oracle/lib/tools.jar:/usr/lib/eclipse/plugins/org.eclipse.jdt.core_3.8.2.dist.jar:/usr/lib/eclipse/plugins/org.eclipse.core.runtime_3.8.0.dist.jar:/usr/lib/eclipse/plugins/org.eclipse.osgi_3.8.1.dist.jar:/usr/lib/eclipse/plugins/org.eclipse.core.resources_3.8.1.dist.jar:/usr/lib/eclipse/plugins/org.eclipse.equinox.common_3.6.100.dist.jar:/usr/lib/eclipse/plugins/org.eclipse.core.jobs_3.5.200.dist.jar:/usr/lib/eclipse/plugins/org.eclipse.core.contenttype_3.4.200.dist.jar:/usr/lib/eclipse/plugins/org.eclipse.equinox.preferences_3.5.0.dist.jar:/usr/lib/eclipse/plugins/org.eclipse.text_3.5.200.dist.jar:/usr/lib/eclipse/plugins/org.eclipse.ui.workbench_3.8.1.dist.jar:/usr/lib/eclipse/plugins/org.eclipse.jface_3.8.0.dist.jar:/usr/lib/eclipse/plugins/org.eclipse.swt_3.8.2.jar:/usr/lib/eclipse/plugins/org.eclipse.jface.text_3.8.1.dist.jar:/usr/lib/eclipse/plugins/org.eclipse.ui.workbench.texteditor_3.8.0.dist.jar:/usr/lib/eclipse/plugins/org.eclipse.ui.editors_3.8.0.dist.jar:/usr/lib/eclipse/plugins/org.eclipse.core.commands_3.6.1.dist.jar:/usr/lib/eclipse/plugins/org.eclipse.equinox.registry_3.5.200.dist.jar:/usr/lib/eclipse/plugins/org.eclipse.ui.console_3.5.100.dist.jar:/usr/lib/eclipse/plugins/org.eclipse.ui.forms_3.5.200.dist.jar:/usr/lib/eclipse/plugins/org.eclipse.ui.ide_3.8.1.dist.jar:/home/travis/build/icyphy/ptII/vendors/oracle/dbxml.jar:/home/travis/build/icyphy/ptII/vendors/oracle/db.jar:/home/travis/build/icyphy/ptII/vendors/misc/itext/iText.jar:/home/travis/build/icyphy/ptII/lib/g4ltl.jar:/home/travis/build/icyphy/ptII/lib/StructuralCoder.jar:/home/travis/build/icyphy/ptII/lib/org-openide-util.jar:/home/travis/build/icyphy/ptII/lib/org-openide-util-lookup.jar:/home/travis/build/icyphy/ptII/lib/org-netbeans-api-visual.jar:/home/travis/build/icyphy/ptII/vendors/jai-1_1_2_01/lib/jai_core.jar:/home/travis/build/icyphy/ptII/vendors/jai-1_1_2_01/lib/jai_codec.jar:/home/travis/build/icyphy/ptII/lib/jcerti.jar:/home/travis/build/icyphy/ptII/lib/smack.jar:/home/travis/build/icyphy/ptII/lib/smackx.jar:/home/travis/build/icyphy/ptII/lib/jetty-all-8.1.5-v20120716.jar:/home/travis/build/icyphy/ptII/lib/javax.servlet-api-3.0.1.jar:/home/travis/build/icyphy/ptII/lib/javax.mail.jar:/home/travis/build/icyphy/ptII/vendors/JMF-2.1.1e/lib/jmf.jar:/home/travis/build/icyphy/ptII/lib/jna-4.0.0-variadic.jar:/home/travis/build/icyphy/ptII/vendors/misc/joystick/Joystick.jar:/home/travis/build/icyphy/ptII/lib/ptjacl.jar:/home/travis/build/icyphy/ptII/lib/jsoup-1.8.2.jar:/home/travis/build/icyphy/ptII/lib/junit-4.8.2.jar:/home/travis/build/icyphy/ptII/lib/JUnitParams-0.4.0.jar:/home/travis/build/icyphy/ptII/ptolemy/actor/lib/excel/jxl.jar:/home/travis/build/icyphy/ptII/lib/jython.jar:/home/travis/build/icyphy/ptII/lib/kieler.jar:/home/travis/build/icyphy/ptII/vendors/opencv/share/OpenCV/java/opencv-341.jar:/home/travis/build/icyphy/ptII/lib/oscP5.jar:/home/travis/build/icyphy/ptII/lib/nrjavaserial-3.11.0.devel.jar:/usr/share/java/j3dcore.jar:/usr/share/java/j3dutils.jar:/usr/share/java/vecmath.jar:/home/travis/build/icyphy/ptII/ptolemy/distributed/jini/jar/jini-core.jar:/home/travis/build/icyphy/ptII/ptolemy/distributed/jini/jar/jini-ext.jar:/home/travis/build/icyphy/ptII/ptolemy/distributed/jini/jar/sun-util.jar:/home/travis/build/icyphy/ptII/lib/protobuf-java-2.4.1.jar:/home/travis/build/icyphy/ptII/lib/org.eclipse.paho.client.mqttv3.jar:/home/travis/build/icyphy/ptII/ptserver/lib/hessian-4.0.7.jar:/home/travis/build/icyphy/ptII/ptserver/lib/wmqtt.jar:/home/travis/build/icyphy/ptII/lib/mapss.jar:/home/travis/build/icyphy/ptII/ptolemy/actor/ptalon/antlr/antlr.jar:/home/travis/build/icyphy/ptII/lib/JRI.jar:/home/travis/build/icyphy/ptII/lib/commons-lang-2.6.jar:/home/travis/build/icyphy/ptII/lib/commons-logging-1.1.1.jar:/home/travis/build/icyphy/ptII/lib/sootclasses.jar:/home/travis/build/icyphy/ptII/ptolemy/actor/lib/database/mysql-connector-java-5.1.6-bin.jar:/home/travis/build/icyphy/ptII/vendors/misc/sphinx4/sphinx4-data-5prealpha.jar:/home/travis/build/icyphy/ptII/vendors/misc/sphinx4/sphinx4-core-5prealpha.jar:/home/travis/build/icyphy/ptII/lib/PDFRenderer.jar:/home/travis/build/icyphy/ptII/lib/svgSalamander.jar:/home/travis/build/icyphy/ptII/lib/rsyntaxtextarea-2.6.0-SNAPSHOT.jar:/home/travis/build/icyphy/ptII/lib/hazelcast-3.8.2.jar:/home/travis/build/icyphy/ptII/lib/jackson-annotations-2.9.0.jar:/home/travis/build/icyphy/ptII/lib/jackson-core-2.9.3.jar:/home/travis/build/icyphy/ptII/lib/jackson-databind-2.9.3.jar:/home/travis/build/icyphy/ptII/lib/netty-buffer-4.1.19.Final.jar:/home/travis/build/icyphy/ptII/lib/netty-codec-4.1.19.Final.jar:/home/travis/build/icyphy/ptII/lib/netty-codec-dns-4.1.19.Final.jar:/home/travis/build/icyphy/ptII/lib/netty-codec-http-4.1.19.Final.jar:/home/travis/build/icyphy/ptII/lib/netty-codec-http2-4.1.19.Final.jar:/home/travis/build/icyphy/ptII/lib/netty-common-4.1.19.Final.jar:/home/travis/build/icyphy/ptII/lib/netty-handler-4.1.19.Final.jar:/home/travis/build/icyphy/ptII/lib/netty-resolver-4.1.19.Final.jar:/home/travis/build/icyphy/ptII/lib/netty-resolver-dns-4.1.19.Final.jar:/home/travis/build/icyphy/ptII/lib/netty-transport-4.1.19.Final.jar:/home/travis/build/icyphy/ptII/lib/vertx-codegen-3.5.1.jar:/home/travis/build/icyphy/ptII/lib/vertx-core-3.5.2-SNAPSHOT.jar:/home/travis/build/icyphy/ptII/lib/vertx-hazelcast-3.5.1.jar:/home/travis/build/icyphy/ptII/lib/vertx-lang-js-3.5.1.jar:/home/travis/build/icyphy/ptII/lib/vertx-service-proxy-3.5.1.jar:/home/travis/build/icyphy/ptII/lib/vertx-web-3.5.1.jar:/home/travis/build/icyphy/ptII/lib/slf4j-api-1.7.13.jar:/home/travis/build/icyphy/ptII/lib/slf4j-simple-1.7.13.jar:/home/travis/build/icyphy/ptII/lib/webcam-capture-0.3.12.jar:/home/travis/build/icyphy/ptII/lib/bridj-0.7.0.jar:/home/travis/build/icyphy/ptII/lib/xbjlib-1.1.0.nrjavaserial.jar" />
    <property name="test.batch" value="**/junit/*.java" />
    <property name="env._" value="/usr/bin/timeout" />
    <property name="java.io.tmpdir" value="/tmp" />
    <property name="user.language" value="en" />
    <property name="env.HISTCONTROL" value="ignoredups:ignorespace" />
    <property name="env.GOROOT" value="/home/travis/.gimme/versions/go1.7.4.linux.amd64" />
    <property name="line.separator" value="&#xa;" />
    <property name="target" value="1.8" />
    <property name="env.TRAVIS_BUILD_DIR" value="/home/travis/build/icyphy/ptII" />
    <property name="env.ANT_OPTS" value="-Xmx2048m" />
    <property name="ant.file.type" value="file" />
    <property name="ptolemy.ptII.batchMode" value="true" />
    <property name="env.HISTSIZE" value="1000" />
    <property name="env.MERB_ENV" value="test" />
    <property name="java.vm.info" value="mixed mode" />
    <property name="source" value="1.8" />
    <property name="java.vm.specification.name" value="Java Virtual Machine Specification" />
    <property name="env.TRAVIS_TEST_RESULT" value="0" />
    <property name="jsdoc.command" value="node_modules/@terraswarm/jsdoc/jsdoc.js" />
    <property name="npm.works" value="true" />
    <property name="cobertura.dir" value="/home/travis/build/icyphy/ptII/vendors/cobertura-2.0.3" />
    <property name="env.rvm_path" value="/home/travis/.rvm" />
    <property name="env.GEM_PATH" value="/home/travis/.rvm/gems/ruby-2.4.1:/home/travis/.rvm/gems/ruby-2.4.1@global" />
    <property name="env.LC_CTYPE" value="en_US.UTF-8" />
    <property name="java.awt.printerjob" value="sun.print.PSPrinterJob" />
    <property name="env.TRAVIS_STACK_NAME" value="garnet" />
    <property name="ant.version" value="Apache Ant(TM) version 1.10.1 compiled on February 2 2017" />
    <property name="ptII.reports" value="/home/travis/build/icyphy/ptII/reports" />
    <property name="env.TRAVIS_STACK_TIMESTAMP" value="2017-12-05 19:33:09 UTC" />
    <property name="ant.file.type.ptII" value="file" />
    <property name="env.RBENV_SHELL" value="bash" />
    <property name="os.name" value="Linux" />
    <property name="java.specification.vendor" value="Oracle Corporation" />
    <property name="env.rvm_version" value="1.29.3 (latest)" />
    <property name="env.TERM" value="xterm" />
    <property name="java.vm.name" value="Java HotSpot(TM) 64-Bit Server VM" />
    <property name="env.TRAVIS_BUILD_NUMBER" value="411" />
    <property name="env.CI" value="true" />
    <property name="java.library.path" value="/home/travis/pthla/certi-tools/lib:/usr/lib/jni:/usr/local/share/OpenCV/java/:/usr/share/OpenCV/java::/usr/java/packages/lib/amd64:/usr/lib64:/lib64:/lib:/usr/lib" />
    <property name="env.rvm_prefix" value="/home/travis" />
    <property name="env.PATH" value="/home/travis/pthla/certi-tools/share/scripts:/home/travis/.rvm/gems/ruby-2.4.1/bin:/home/travis/.rvm/gems/ruby-2.4.1@global/bin:/home/travis/.rvm/rubies/ruby-2.4.1/bin:/home/travis/.rvm/bin:/home/travis/.nvm/versions/node/v7.10.1/bin:./node_modules/.bin:/home/travis/build/icyphy/ptII/bin:/home/travis/pthla/certi-tools/bin:/home/travis/bin:/home/travis/.local/bin:/opt/pyenv/shims:/home/travis/.phpenv/shims:/home/travis/perl5/perlbrew/bin:/home/travis/.kiex/elixirs/elixir-1.4.5/bin:/home/travis/.kiex/bin:/home/travis/gopath/bin:/home/travis/.gimme/versions/go1.7.4.linux.amd64/bin:/usr/local/phantomjs/bin:/usr/local/phantomjs:/usr/local/neo4j-3.2.7/bin:/usr/local/maven-3.5.2/bin:/usr/local/cmake-3.9.2/bin:/usr/local/clang-5.0.0/bin:/usr/local/sbin:/usr/local/bin:/usr/sbin:/usr/bin:/sbin:/bin:/home/travis/.phpenv/bin:/opt/pyenv/bin:/home/travis/.yarn/bin" />
    <property name="env.TRAVIS_OS_NAME" value="linux" />
    <property name="ant.java.version" value="1.8" />
    <property name="basedir" value="/home/travis/build/icyphy/ptII" />
    <property name="java.class.version" value="52.0" />
    <property name="env.SHLVL" value="3" />
    <property name="env.LD_LIBRARY_PATH" value="/home/travis/pthla/certi-tools/lib:/usr/lib/jni:/usr/local/share/OpenCV/java/:/usr/share/OpenCV/java:" />
    <property name="env.RACK_ENV" value="test" />
    <property name="ant.home" value="/home/travis/build/icyphy/ptII/ant" />
    <property name="env.NVM_DIR" value="/home/travis/.nvm" />
    <property name="env.PERLBREW_BASHRC_VERSION" value="0.80" />
    <property name="env.CERTI_FOM_PATH" value="/home/travis/pthla/certi-tools/share/federations" />
    <property name="env.TRAVIS_BUILD_ID" value="377083647" />
    <property name="env.PYENV_ROOT" value="/opt/pyenv" />
    <property name="env.TRAVIS_UID" value="2000" />
    <property name="env.rvm_pretty_print_flag" value="auto" />
    <property name="env.NVM_BIN" value="/home/travis/.nvm/versions/node/v7.10.1/bin" />
    <property name="env.TRAVIS_COMMIT" value="a35e0c44513de30172a090eeb5d722d5b8cbec98" />
    <property name="env._system_arch" value="x86_64" />
    <property name="node.executable" value="node" />
    <property name="sun.boot.library.path" value="/usr/lib/jvm/java-8-oracle/jre/lib/amd64" />
    <property name="sun.management.compiler" value="HotSpot 64-Bit Tiered Compilers" />
    <property name="env.GOPATH" value="/home/travis/gopath" />
    <property name="java.awt.graphicsenv" value="sun.awt.X11GraphicsEnvironment" />
    <property name="ptolemy.ptII.dir" value="/home/travis/build/icyphy/ptII" />
    <property name="env.USER" value="travis" />
    <property name="env.HISTFILESIZE" value="2000" />
    <property name="timeout.longest" value="19000000" />
    <property name="env.TRAVIS_STACK_FEATURES" value="basic cassandra chromium couchdb disabled-ipv6 docker docker-compose elasticsearch firefox go-toolchain google-chrome jdk memcached mongodb mysql neo4j nodejs_interpreter perl_interpreter perlbrew phantomjs postgresql python_interpreter rabbitmq redis riak ruby_interpreter sqlite xserver" />
    <property name="env.TRAVIS_PULL_REQUEST" value="false" />
    <property name="env.PYENV_SHELL" value="bash" />
    <property name="ant.project.name" value="ptII" />
    <property name="java.vm.specification.version" value="1.8" />
    <property name="env.CERTI_VERSION" value="4.0.0" />
    <property name="env.NLSPATH" value="/usr/dt/lib/nls/msg/%L/%N.cat" />
    <property name="awt.toolkit" value="sun.awt.X11.XToolkit" />
    <property name="env.CERTI_HOST" value="localhost" />
    <property name="env.MY_RUBY_HOME" value="/home/travis/.rvm/rubies/ruby-2.4.1" />
    <property name="sun.cpu.isalist" value="" />
    <property name="java.ext.dirs" value="/usr/lib/jvm/java-8-oracle/jre/lib/ext:/usr/java/packages/lib/ext" />
    <property name="os.version" value="4.4.0-101-generic" />
    <property name="user.home" value="/home/travis" />
    <property name="env.MIX_ARCHIVES" value="/home/travis/.kiex/mix/elixir-1.4.5" />
    <property name="java.vm.vendor" value="Oracle Corporation" />
    <property name="env.TRAVIS_TAG" value="nightly" />
    <property name="env.TRAVIS_FILTERED" value="pty" />
    <property name="env.PTII" value="/home/travis/build/icyphy/ptII" />
    <property name="env.JAVA_HOME" value="/usr/lib/jvm/java-8-oracle" />
    <property name="javadoc.excludepackagenames" value="adm.cvs2svn.*,build.*,config.*,doc.coding.templates.*,jni.test.jni.meaningOfLife.*,jni.test.jni.testDeux.*,jni.test.jni.testTrois.*,org.terraswarm.accessor.accessors.web.node_modules.*,org.terraswarm.accessor.accessors.web.hosts.cordova.demo.*,org.terraswarm.accessor.accessors.web.hosts.cordova.plugins.*,org.terraswarm.accessor.accessors-svn.*,pt-modules.*,ptolemy.apps.agilent.*,ptolemy.apps.anytimecontrol.*,ptolemy.apps.apes.*,ptolemy.apps.charon.*,ptolemy.apps.crazyboard.*,ptolemy.apps.eclipse.*,ptolemy.apps.etherealSting.*,ptolemy.apps.fullscreen.*,ptolemy.apps.giotto.*,ptolemy.apps.ia.*,ptolemy.apps.interfaces.*,ptolemy.apps.jmf.*,ptolemy.apps.kurt.*,ptolemy.apps.kvm.*,ptolemy.apps.lego.*,ptolemy.apps.lejos.*,ptolemy.apps.midp.*,ptolemy.apps.mobileCoding.*,ptolemy.apps.pendulum.*,ptolemy.apps.rijndael.*,ptolemy.apps.robot.*,ptolemy.apps.security.*,ptolemy.apps.sobel.*,ptolemy.apps.soot.*,ptolemy.apps.throttle.*,ptolemy.apps.tini.*,ptolemy.apps.transmission.*,ptolemy.apps.vergil.*,ptolemy.apps.waba.*,ptolemy.apps.websensor.*,ptolemy.apps.webstart.*,ptolemy.apps.xsl.*,ptolemy.apps.zaurus.*,ptolemy.backtrack.eclipse.plugin.*,ptolemy.backtrack.test.*,ptolemy.codegen.c.actor.lib.oldJavaFiles.*,ptolemy.codegen.dsp.lib.*,ptolemy.codegen.kernel.newInterfaces.*,ptolemy.codegen.lib.*,ptolemy.copernicus.kernel.fragment.*,ptolemy.copernicus.shallow.cg.*,ptolemy.domains.giotto.demo.Hierarchy.Hierarchy.*,ptolemy.domains.giotto.demo.Multimode.Multimode.*,ptolemy.domains.giotto.demo.Simple.Simple.*,ptolemy.domains.gr.lib.experimental.*,ptolemy.domains.gro.*,ptolemy.domains.pdf.*,ptolemy.domains.ptinyos.demo.Surge.output.*,ptolemy.moml.test.NoPackageActor.java*,ptolemy.plot.adm.*,ptolemy.plot.servlet.*,reports.*,signed.*,src.*,target.*,vendors.*,ptolemy.copernicus.applet.*,ptolemy.media.viewer.*,ptolemy.cg.adapter.generic.program.procedural.c.mbed*,ptolemy.actor.lib.fmi.fmus.omc*,ptolemy.domains.openmodelica*,ptdb.kernel.bl.save.test.*,ptdb.kernel.bl.load.test.*,ptdb.kernel.bl.search.test.*,ptdb.kernel.bl.migration.test.*,ptdb.kernel.database.test.*,ptdb.test.*,ptdb.gui.test.*,org.ptolemy.scala.*,diva.util.java2d.svg.*,ptolemy.domains.ptinyos.*,ptolemy.actor.lib.fmi.fmipp.*,,org.terraswarm.accessor.accessors.web.node_modules.*,org.terraswarm.accessor.accessors-svn,ptolemy.actor.ptalon.demo.ptinyos.SendAndReceiveCnt.output,ptolemy.actor.ptalon.demo.ptinyos.SenseToLeds.output,ptolemy.domains.ptinyos.demo.CntToLedsAndRfm.output,ptolemy.domains.ptinyos.demo.RfmToLeds.output,ptolemy.domains.ptinyos.demo.SendAndReceiveCnt.output,ptolemy.domains.ptinyos.demo.SenseToLeds.output" />
    <property name="env.TRAVIS_COMMIT_MESSAGE" value="Fixed typo: missing $ from last change." />
    <property name="keystore" value="ptKeystore" />
    <property name="env.XDG_SESSION_ID" value="2" />
    <property name="junit.output.dir" value="/home/travis/build/icyphy/ptII/reports/junit" />
    <property name="npm.return.code" value="0" />
    <property name="user.dir" value="/home/travis/build/icyphy/ptII/ptolemy/actor/lib/test" />
    <property name="env.XFILESEARCHPATH" value="/usr/dt/app-defaults/%L/Dt" />
    <property name="env.TRAVIS_NODE_VERSION" value="7" />
    <property name="env.TRAVIS_EVENT_TYPE" value="cron" />
    <property name="env.MAIL" value="/var/mail/travis" />
    <property name="env.PWD" value="/home/travis/build/icyphy/ptII" />
    <property name="env.PERLBREW_ROOT" value="/home/travis/perl5/perlbrew" />
    <property name="timeout.npm" value="45000" />
    <property name="env.PAGER" value="cat" />
    <property name="sun.cpu.endian" value="little" />
    <property name="env.TRAVIS_BUILD_STAGE_NAME" value="Test" />
    <property name="env.PERLBREW_HOME" value="/home/travis/.perlbrew" />
    <property name="java.vm.version" value="25.151-b12" />
    <property name="env.RAILS_ENV" value="test" />
    <property name="java.class.path" value="/home/travis/.ptolemyII:/home/travis/.ptolemyII/*:/home/travis/build/icyphy/ptII:/home/travis/build/icyphy/ptII/lib/bsh-2.0b4.jar:/home/travis/build/icyphy/ptII/lib/ptCal.jar:/home/travis/build/icyphy/ptII/lib/java_cup.jar:/home/travis/build/icyphy/ptII/lib/saxon8.jar:/home/travis/build/icyphy/ptII/lib/saxon8-dom.jar:/home/travis/build/icyphy/ptII/lib/chic.jar:/home/travis/build/icyphy/ptII/lib/ptcolt.jar:/usr/lib/jvm/java-8-oracle/lib/tools.jar:/usr/lib/eclipse/plugins/org.eclipse.jdt.core_3.8.2.dist.jar:/usr/lib/eclipse/plugins/org.eclipse.core.runtime_3.8.0.dist.jar:/usr/lib/eclipse/plugins/org.eclipse.osgi_3.8.1.dist.jar:/usr/lib/eclipse/plugins/org.eclipse.core.resources_3.8.1.dist.jar:/usr/lib/eclipse/plugins/org.eclipse.equinox.common_3.6.100.dist.jar:/usr/lib/eclipse/plugins/org.eclipse.core.jobs_3.5.200.dist.jar:/usr/lib/eclipse/plugins/org.eclipse.core.contenttype_3.4.200.dist.jar:/usr/lib/eclipse/plugins/org.eclipse.equinox.preferences_3.5.0.dist.jar:/usr/lib/eclipse/plugins/org.eclipse.text_3.5.200.dist.jar:/usr/lib/eclipse/plugins/org.eclipse.ui.workbench_3.8.1.dist.jar:/usr/lib/eclipse/plugins/org.eclipse.jface_3.8.0.dist.jar:/usr/lib/eclipse/plugins/org.eclipse.swt_3.8.2.jar:/usr/lib/eclipse/plugins/org.eclipse.jface.text_3.8.1.dist.jar:/usr/lib/eclipse/plugins/org.eclipse.ui.workbench.texteditor_3.8.0.dist.jar:/usr/lib/eclipse/plugins/org.eclipse.ui.editors_3.8.0.dist.jar:/usr/lib/eclipse/plugins/org.eclipse.core.commands_3.6.1.dist.jar:/usr/lib/eclipse/plugins/org.eclipse.equinox.registry_3.5.200.dist.jar:/usr/lib/eclipse/plugins/org.eclipse.ui.console_3.5.100.dist.jar:/usr/lib/eclipse/plugins/org.eclipse.ui.forms_3.5.200.dist.jar:/usr/lib/eclipse/plugins/org.eclipse.ui.ide_3.8.1.dist.jar:/home/travis/build/icyphy/ptII/vendors/oracle/dbxml.jar:/home/travis/build/icyphy/ptII/vendors/oracle/db.jar:/home/travis/build/icyphy/ptII/vendors/misc/itext/iText.jar:/home/travis/build/icyphy/ptII/lib/g4ltl.jar:/home/travis/build/icyphy/ptII/lib/StructuralCoder.jar:/home/travis/build/icyphy/ptII/lib/org-openide-util.jar:/home/travis/build/icyphy/ptII/lib/org-openide-util-lookup.jar:/home/travis/build/icyphy/ptII/lib/org-netbeans-api-visual.jar:/home/travis/build/icyphy/ptII/vendors/jai-1_1_2_01/lib/jai_core.jar:/home/travis/build/icyphy/ptII/vendors/jai-1_1_2_01/lib/jai_codec.jar:/home/travis/build/icyphy/ptII/lib/jcerti.jar:/home/travis/build/icyphy/ptII/lib/smack.jar:/home/travis/build/icyphy/ptII/lib/smackx.jar:/home/travis/build/icyphy/ptII/lib/jetty-all-8.1.5-v20120716.jar:/home/travis/build/icyphy/ptII/lib/javax.servlet-api-3.0.1.jar:/home/travis/build/icyphy/ptII/lib/javax.mail.jar:/home/travis/build/icyphy/ptII/vendors/JMF-2.1.1e/lib/jmf.jar:/home/travis/build/icyphy/ptII/lib/jna-4.0.0-variadic.jar:/home/travis/build/icyphy/ptII/vendors/misc/joystick/Joystick.jar:/home/travis/build/icyphy/ptII/lib/ptjacl.jar:/home/travis/build/icyphy/ptII/lib/jsoup-1.8.2.jar:/home/travis/build/icyphy/ptII/lib/junit-4.8.2.jar:/home/travis/build/icyphy/ptII/lib/JUnitParams-0.4.0.jar:/home/travis/build/icyphy/ptII/ptolemy/actor/lib/excel/jxl.jar:/home/travis/build/icyphy/ptII/lib/jython.jar:/home/travis/build/icyphy/ptII/lib/kieler.jar:/home/travis/build/icyphy/ptII/vendors/opencv/share/OpenCV/java/opencv-341.jar:/home/travis/build/icyphy/ptII/lib/oscP5.jar:/home/travis/build/icyphy/ptII/lib/nrjavaserial-3.11.0.devel.jar:/usr/share/java/j3dcore.jar:/usr/share/java/j3dutils.jar:/usr/share/java/vecmath.jar:/home/travis/build/icyphy/ptII/ptolemy/distributed/jini/jar/jini-core.jar:/home/travis/build/icyphy/ptII/ptolemy/distributed/jini/jar/jini-ext.jar:/home/travis/build/icyphy/ptII/ptolemy/distributed/jini/jar/sun-util.jar:/home/travis/build/icyphy/ptII/lib/protobuf-java-2.4.1.jar:/home/travis/build/icyphy/ptII/lib/org.eclipse.paho.client.mqttv3.jar:/home/travis/build/icyphy/ptII/ptserver/lib/hessian-4.0.7.jar:/home/travis/build/icyphy/ptII/ptserver/lib/wmqtt.jar:/home/travis/build/icyphy/ptII/lib/mapss.jar:/home/travis/build/icyphy/ptII/ptolemy/actor/ptalon/antlr/antlr.jar:/home/travis/build/icyphy/ptII/lib/JRI.jar:/home/travis/build/icyphy/ptII/lib/commons-lang-2.6.jar:/home/travis/build/icyphy/ptII/lib/commons-logging-1.1.1.jar:/home/travis/build/icyphy/ptII/lib/sootclasses.jar:/home/travis/build/icyphy/ptII/ptolemy/actor/lib/database/mysql-connector-java-5.1.6-bin.jar:/home/travis/build/icyphy/ptII/vendors/misc/sphinx4/sphinx4-data-5prealpha.jar:/home/travis/build/icyphy/ptII/vendors/misc/sphinx4/sphinx4-core-5prealpha.jar:/home/travis/build/icyphy/ptII/lib/PDFRenderer.jar:/home/travis/build/icyphy/ptII/lib/svgSalamander.jar:/home/travis/build/icyphy/ptII/lib/rsyntaxtextarea-2.6.0-SNAPSHOT.jar:/home/travis/build/icyphy/ptII/lib/hazelcast-3.8.2.jar:/home/travis/build/icyphy/ptII/lib/jackson-annotations-2.9.0.jar:/home/travis/build/icyphy/ptII/lib/jackson-core-2.9.3.jar:/home/travis/build/icyphy/ptII/lib/jackson-databind-2.9.3.jar:/home/travis/build/icyphy/ptII/lib/netty-buffer-4.1.19.Final.jar:/home/travis/build/icyphy/ptII/lib/netty-codec-4.1.19.Final.jar:/home/travis/build/icyphy/ptII/lib/netty-codec-dns-4.1.19.Final.jar:/home/travis/build/icyphy/ptII/lib/netty-codec-http-4.1.19.Final.jar:/home/travis/build/icyphy/ptII/lib/netty-codec-http2-4.1.19.Final.jar:/home/travis/build/icyphy/ptII/lib/netty-common-4.1.19.Final.jar:/home/travis/build/icyphy/ptII/lib/netty-handler-4.1.19.Final.jar:/home/travis/build/icyphy/ptII/lib/netty-resolver-4.1.19.Final.jar:/home/travis/build/icyphy/ptII/lib/netty-resolver-dns-4.1.19.Final.jar:/home/travis/build/icyphy/ptII/lib/netty-transport-4.1.19.Final.jar:/home/travis/build/icyphy/ptII/lib/vertx-codegen-3.5.1.jar:/home/travis/build/icyphy/ptII/lib/vertx-core-3.5.2-SNAPSHOT.jar:/home/travis/build/icyphy/ptII/lib/vertx-hazelcast-3.5.1.jar:/home/travis/build/icyphy/ptII/lib/vertx-lang-js-3.5.1.jar:/home/travis/build/icyphy/ptII/lib/vertx-service-proxy-3.5.1.jar:/home/travis/build/icyphy/ptII/lib/vertx-web-3.5.1.jar:/home/travis/build/icyphy/ptII/lib/slf4j-api-1.7.13.jar:/home/travis/build/icyphy/ptII/lib/slf4j-simple-1.7.13.jar:/home/travis/build/icyphy/ptII/lib/webcam-capture-0.3.12.jar:/home/travis/build/icyphy/ptII/lib/bridj-0.7.0.jar:/home/travis/build/icyphy/ptII/lib/xbjlib-1.1.0.nrjavaserial.jar:/home/travis/build/icyphy/ptII/ptolemy/moml/test:/home/travis/build/icyphy/ptII/ant/lib/ant-launcher.jar:/home/travis/build/icyphy/ptII/ant/lib/ant.jar:/home/travis/build/icyphy/ptII/ant/lib/ant-junit.jar:/home/travis/build/icyphy/ptII/ant/lib/ant-junit4.jar" />
    <property name="ant.library.dir" value="/home/travis/build/icyphy/ptII/ant/lib" />
    <property name="os.arch" value="amd64" />
    <property name="env.TRAVIS_LANGUAGE" value="node_js" />
    <property name="env.CONTINUOUS_INTEGRATION" value="true" />
    <property name="env.TRAVIS_STACK_LANGUAGES" value="__garnet__ c c++ clojure cplusplus cpp default go groovy java node_js php pure_java python ruby scala" />
    <property name="test.name" value="ptolemy.actor.lib.test.junit.JUnitTclTest" />
    <property name="sun.java.launcher" value="SUN_STANDARD" />
    <property name="env.PYTHON_CONFIGURE_OPTS" value="--enable-unicode=ucs4 --with-wide-unicode --enable-shared --enable-ipv6 --enable-loadable-sqlite-extensions --with-computed-gotos" />
    <property name="ant.core.lib" value="/home/travis/build/icyphy/ptII/ant/lib/ant.jar" />
    <property name="java.vm.specification.vendor" value="Oracle Corporation" />
    <property name="env.BCVTB_HOME" value="/home/travis/build/icyphy/ptII/lbnl" />
    <property name="file.separator" value="/" />
    <property name="spotbugs.home" value="/home/travis/build/icyphy/ptII/vendors/spotbugs-3.1.1" />
    <property name="java.runtime.version" value="1.8.0_151-b12" />
    <property name="sun.boot.class.path" value="/usr/lib/jvm/java-8-oracle/jre/lib/resources.jar:/usr/lib/jvm/java-8-oracle/jre/lib/rt.jar:/usr/lib/jvm/java-8-oracle/jre/lib/sunrsasign.jar:/usr/lib/jvm/java-8-oracle/jre/lib/jsse.jar:/usr/lib/jvm/java-8-oracle/jre/lib/jce.jar:/usr/lib/jvm/java-8-oracle/jre/lib/charsets.jar:/usr/lib/jvm/java-8-oracle/jre/lib/jfr.jar:/usr/lib/jvm/java-8-oracle/jre/classes" />
    <property name="env.HAS_JOSH_K_SEAL_OF_APPROVAL" value="true" />
    <property name="env.TRAVIS_OSX_IMAGE" value="" />
    <property name="env.XDG_RUNTIME_DIR" value="/run/user/2000" />
    <property name="env.TRAVIS_BRANCH" value="master" />
    <property name="env.TRAVIS_JOB_ID" value="377083653" />
    <property name="user.country" value="US" />
    <property name="env.CERTI_HOME_TRAVIS" value="/home/travis/pthla/certi-tools" />
    <property name="env.SHELL" value="/bin/bash" />
    <property name="java.maxmemory.large" value="5000m" />
    <property name="model" value="" />
    <property name="env.CASHER_DIR" value="/home/travis/.casher" />
    <property name="env.NVM_CD_FLAGS" value="" />
    <property name="jshint.executable" value="/home/travis/node_modules/jshint/bin/jshint" />
    <property name="java.vendor" value="Oracle Corporation" />
    <property name="env.JRUBY_OPTS" value=" --client -J-XX:+TieredCompilation -J-XX:TieredStopAtLevel=1 -J-Xss2m -Xcompile.invokedynamic=false" />
    <property name="env.TRAVIS_PRE_CHEF_BOOTSTRAP_TIME" value="2017-12-05T19:32:55" />
    <property name="env.ELIXIR_VERSION" value="1.4.5" />
    <property name="env.TRAVIS_STACK_JOB_BOARD_REGISTER" value="/.job-board-register.yml" />
    <property name="java.specification.version" value="1.8" />
    <property name="env.IRBRC" value="/home/travis/.rvm/rubies/ruby-2.4.1/.irbrc" />
    <property name="env.TRAVIS" value="true" />
    <property name="sun.arch.data.model" value="64" />
  </properties>
  <testcase classname="ptolemy.util.test.junit.TclTests" name="[0] /home/travis/build/icyphy/ptII/ptolemy/actor/lib/test/AbsoluteValue.tcl (RunTclFile)" time="0.558" />
  <testcase classname="ptolemy.util.test.junit.TclTests" name="[1] /home/travis/build/icyphy/ptII/ptolemy/actor/lib/test/AddSubtract.tcl (RunTclFile)" time="0.089" />
  <testcase classname="ptolemy.util.test.junit.TclTests" name="[2] /home/travis/build/icyphy/ptII/ptolemy/actor/lib/test/Average.tcl (RunTclFile)" time="0.056" />
  <testcase classname="ptolemy.util.test.junit.TclTests" name="[3] /home/travis/build/icyphy/ptII/ptolemy/actor/lib/test/Bernoulli.tcl (RunTclFile)" time="0.03" />
  <testcase classname="ptolemy.util.test.junit.TclTests" name="[4] /home/travis/build/icyphy/ptII/ptolemy/actor/lib/test/Clock.tcl (RunTclFile)" time="0.118" />
  <testcase classname="ptolemy.util.test.junit.TclTests" name="[5] /home/travis/build/icyphy/ptII/ptolemy/actor/lib/test/Commutator.tcl (RunTclFile)" time="0.114" />
  <testcase classname="ptolemy.util.test.junit.TclTests" name="[6] /home/travis/build/icyphy/ptII/ptolemy/actor/lib/test/Const.tcl (RunTclFile)" time="0.134" />
  <testcase classname="ptolemy.util.test.junit.TclTests" name="[7] /home/travis/build/icyphy/ptII/ptolemy/actor/lib/test/CurrentTime.tcl (RunTclFile)" time="0.036" />
  <testcase classname="ptolemy.util.test.junit.TclTests" name="[8] /home/travis/build/icyphy/ptII/ptolemy/actor/lib/test/DB.tcl (RunTclFile)" time="0.043" />
  <testcase classname="ptolemy.util.test.junit.TclTests" name="[9] /home/travis/build/icyphy/ptII/ptolemy/actor/lib/test/DiscreteRandomSource.tcl (RunTclFile)" time="0.062" />
  <testcase classname="ptolemy.util.test.junit.TclTests" name="[10] /home/travis/build/icyphy/ptII/ptolemy/actor/lib/test/Distributor.tcl (RunTclFile)" time="0.057" />
  <testcase classname="ptolemy.util.test.junit.TclTests" name="[11] /home/travis/build/icyphy/ptII/ptolemy/actor/lib/test/Exit.tcl (RunTclFile)" time="0.064" />
  <testcase classname="ptolemy.util.test.junit.TclTests" name="[12] /home/travis/build/icyphy/ptII/ptolemy/actor/lib/test/Expression.tcl (RunTclFile)" time="0.137" />
  <testcase classname="ptolemy.util.test.junit.TclTests" name="[13] /home/travis/build/icyphy/ptII/ptolemy/actor/lib/test/Gaussian.tcl (RunTclFile)" time="0.968" />
  <testcase classname="ptolemy.util.test.junit.TclTests" name="[14] /home/travis/build/icyphy/ptII/ptolemy/actor/lib/test/IIR.tcl (RunTclFile)" time="0.041" />
  <testcase classname="ptolemy.util.test.junit.TclTests" name="[15] /home/travis/build/icyphy/ptII/ptolemy/actor/lib/test/Interpolator.tcl (RunTclFile)" time="0.069" />
  <testcase classname="ptolemy.util.test.junit.TclTests" name="[16] /home/travis/build/icyphy/ptII/ptolemy/actor/lib/test/MathFunction.tcl (RunTclFile)" time="0.052" />
  <testcase classname="ptolemy.util.test.junit.TclTests" name="[17] /home/travis/build/icyphy/ptII/ptolemy/actor/lib/test/Maximum.tcl (RunTclFile)" time="0.029" />
  <testcase classname="ptolemy.util.test.junit.TclTests" name="[18] /home/travis/build/icyphy/ptII/ptolemy/actor/lib/test/Minimum.tcl (RunTclFile)" time="0.026" />
  <testcase classname="ptolemy.util.test.junit.TclTests" name="[19] /home/travis/build/icyphy/ptII/ptolemy/actor/lib/test/MultiplyDivide.tcl (RunTclFile)" time="0.033" />
  <testcase classname="ptolemy.util.test.junit.TclTests" name="[20] /home/travis/build/icyphy/ptII/ptolemy/actor/lib/test/OrderedMerge.tcl (RunTclFile)" time="0.107" />
  <testcase classname="ptolemy.util.test.junit.TclTests" name="[21] /home/travis/build/icyphy/ptII/ptolemy/actor/lib/test/Publisher.tcl (RunTclFile)" time="0.801" />
  <testcase classname="ptolemy.util.test.junit.TclTests" name="[22] /home/travis/build/icyphy/ptII/ptolemy/actor/lib/test/Pulse.tcl (RunTclFile)" time="0.052" />
  <testcase classname="ptolemy.util.test.junit.TclTests" name="[23] /home/travis/build/icyphy/ptII/ptolemy/actor/lib/test/Ramp.tcl (RunTclFile)" time="2.38" />
  <testcase classname="ptolemy.util.test.junit.TclTests" name="[24] /home/travis/build/icyphy/ptII/ptolemy/actor/lib/test/RampContinuous.tcl (RunTclFile)" time="0.02" />
  <testcase classname="ptolemy.util.test.junit.TclTests" name="[25] /home/travis/build/icyphy/ptII/ptolemy/actor/lib/test/RecordAssembler.tcl (RunTclFile)" time="0.018" />
  <testcase classname="ptolemy.util.test.junit.TclTests" name="[26] /home/travis/build/icyphy/ptII/ptolemy/actor/lib/test/RecordDisassembler.tcl (RunTclFile)" time="0.021" />
  <testcase classname="ptolemy.util.test.junit.TclTests" name="[27] /home/travis/build/icyphy/ptII/ptolemy/actor/lib/test/Scale.tcl (RunTclFile)" time="0.022" />
  <testcase classname="ptolemy.util.test.junit.TclTests" name="[28] /home/travis/build/icyphy/ptII/ptolemy/actor/lib/test/SequentialClock.tcl (RunTclFile)" time="0.017" />
  <testcase classname="ptolemy.util.test.junit.TclTests" name="[29] /home/travis/build/icyphy/ptII/ptolemy/actor/lib/test/SetVariable.tcl (RunTclFile)" time="0.015" />
  <testcase classname="ptolemy.util.test.junit.TclTests" name="[30] /home/travis/build/icyphy/ptII/ptolemy/actor/lib/test/Sinewave.tcl (RunTclFile)" time="0.033" />
  <testcase classname="ptolemy.util.test.junit.TclTests" name="[31] /home/travis/build/icyphy/ptII/ptolemy/actor/lib/test/SubscriptionAggregator.tcl (RunTclFile)" time="2.429" />
  <testcase classname="ptolemy.util.test.junit.TclTests" name="[32] /home/travis/build/icyphy/ptII/ptolemy/actor/lib/test/Test.tcl (RunTclFile)" time="0.186">
    <failure message="Number of failed tests is has increased. expected:&lt;0&gt; but was:&lt;1&gt;" type="junit.framework.AssertionFailedError">junit.framework.AssertionFailedError: Number of failed tests is has increased. expected:&lt;0&gt; but was:&lt;1&gt;
	at ptolemy.util.test.junit.TclTests.RunTclFile(TclTests.java:286)
	at junitparams.internal.InvokeParameterisedMethod.evaluate(InvokeParameterisedMethod.java:102)
	at junitparams.internal.ParameterisedTestMethodRunner.runMethodInvoker(ParameterisedTestMethodRunner.java:47)
	at junitparams.internal.ParameterisedTestMethodRunner.runTestMethod(ParameterisedTestMethodRunner.java:41)
	at junitparams.internal.ParameterisedTestClassRunner.runParameterisedTest(ParameterisedTestClassRunner.java:143)
	at junitparams.JUnitParamsRunner.runChild(JUnitParamsRunner.java:237)
	at junitparams.JUnitParamsRunner.runChild(JUnitParamsRunner.java:215)
</failure>
  </testcase>
  <testcase classname="ptolemy.util.test.junit.TclTests" name="[33] /home/travis/build/icyphy/ptII/ptolemy/actor/lib/test/TestExceptionHandler.tcl (RunTclFile)" time="0.014" />
  <testcase classname="ptolemy.util.test.junit.TclTests" name="[34] /home/travis/build/icyphy/ptII/ptolemy/actor/lib/test/UnionDisassembler.tcl (RunTclFile)" time="0.097" />
  <testcase classname="ptolemy.util.test.junit.TclTests" name="[35] /home/travis/build/icyphy/ptII/ptolemy/actor/lib/test/VariableClock.tcl (RunTclFile)" time="0.038" />
  <testcase classname="ptolemy.util.test.junit.AutoKnownFailedTests" name="[0] /home/travis/build/icyphy/ptII/ptolemy/actor/lib/test/auto/knownFailedTests/PublisherPortToplevelSubscriber.xml (RunModel)" time="0.106" />
  <testcase classname="ptolemy.util.test.junit.AutoKnownFailedTests" name="[1] /home/travis/build/icyphy/ptII/ptolemy/actor/lib/test/auto/knownFailedTests/PublisherSubscriberPortToplevel.xml (RunModel)" time="0.016" />
  <testcase classname="ptolemy.util.test.junit.AutoKnownFailedTests" name="[2] /home/travis/build/icyphy/ptII/ptolemy/actor/lib/test/auto/knownFailedTests/PublisherSubscriptionAggregatorPort.xml (RunModel)" time="0.014" />
  <testcase classname="ptolemy.util.test.junit.AutoKnownFailedTests" name="[3] /home/travis/build/icyphy/ptII/ptolemy/actor/lib/test/auto/knownFailedTests/sizedarray3.xml (RunModel)" time="0.03" />
  <testcase classname="ptolemy.util.test.junit.AutoNameArchTests" name="[0] ThereAreNoAutoTests (RunModel)" time="0.011" />
  <testcase classname="ptolemy.util.test.junit.AutoTests" name="[0] /home/travis/build/icyphy/ptII/ptolemy/actor/lib/test/auto/AbsoluteValue.xml (RunModel)" time="0.084" />
  <testcase classname="ptolemy.util.test.junit.AutoTests" name="[1] /home/travis/build/icyphy/ptII/ptolemy/actor/lib/test/auto/AbsoluteValue2.xml (RunModel)" time="0.075" />
  <testcase classname="ptolemy.util.test.junit.AutoTests" name="[2] /home/travis/build/icyphy/ptII/ptolemy/actor/lib/test/auto/Accumulator.xml (RunModel)" time="0.083" />
  <testcase classname="ptolemy.util.test.junit.AutoTests" name="[3] /home/travis/build/icyphy/ptII/ptolemy/actor/lib/test/auto/Accumulator2.xml (RunModel)" time="0.047" />
  <testcase classname="ptolemy.util.test.junit.AutoTests" name="[4] /home/travis/build/icyphy/ptII/ptolemy/actor/lib/test/auto/Accumulator3.xml (RunModel)" time="0.018" />
  <testcase classname="ptolemy.util.test.junit.AutoTests" name="[5] /home/travis/build/icyphy/ptII/ptolemy/actor/lib/test/auto/ArrayAppend.xml (RunModel)" time="0.03" />
  <testcase classname="ptolemy.util.test.junit.AutoTests" name="[6] /home/travis/build/icyphy/ptII/ptolemy/actor/lib/test/auto/ArrayAppend2.xml (RunModel)" time="0.376" />
  <testcase classname="ptolemy.util.test.junit.AutoTests" name="[7] /home/travis/build/icyphy/ptII/ptolemy/actor/lib/test/auto/ArrayAppend3.xml (RunModel)" time="0.044" />
  <testcase classname="ptolemy.util.test.junit.AutoTests" name="[8] /home/travis/build/icyphy/ptII/ptolemy/actor/lib/test/auto/ArrayAppend4.xml (RunModel)" time="0.029" />
  <testcase classname="ptolemy.util.test.junit.AutoTests" name="[9] /home/travis/build/icyphy/ptII/ptolemy/actor/lib/test/auto/ArrayAppend5.xml (RunModel)" time="0.045" />
  <testcase classname="ptolemy.util.test.junit.AutoTests" name="[10] /home/travis/build/icyphy/ptII/ptolemy/actor/lib/test/auto/ArrayAppend6.xml (RunModel)" time="0.019" />
  <testcase classname="ptolemy.util.test.junit.AutoTests" name="[11] /home/travis/build/icyphy/ptII/ptolemy/actor/lib/test/auto/ArrayAppendPerformanceTest.xml (RunModel)" time="0.068" />
  <testcase classname="ptolemy.util.test.junit.AutoTests" name="[12] /home/travis/build/icyphy/ptII/ptolemy/actor/lib/test/auto/ArrayAppendWithEmptyInput.xml (RunModel)" time="0.067" />
  <testcase classname="ptolemy.util.test.junit.AutoTests" name="[13] /home/travis/build/icyphy/ptII/ptolemy/actor/lib/test/auto/ArrayAverage.xml (RunModel)" time="0.078" />
  <testcase classname="ptolemy.util.test.junit.AutoTests" name="[14] /home/travis/build/icyphy/ptII/ptolemy/actor/lib/test/auto/ArrayContains.xml (RunModel)" time="0.036" />
  <testcase classname="ptolemy.util.test.junit.AutoTests" name="[15] /home/travis/build/icyphy/ptII/ptolemy/actor/lib/test/auto/ArrayElement.xml (RunModel)" time="0.042" />
  <testcase classname="ptolemy.util.test.junit.AutoTests" name="[16] /home/travis/build/icyphy/ptII/ptolemy/actor/lib/test/auto/ArrayElementAsMatrix.xml (RunModel)" time="0.062" />
  <testcase classname="ptolemy.util.test.junit.AutoTests" name="[17] /home/travis/build/icyphy/ptII/ptolemy/actor/lib/test/auto/ArrayElementI.xml (RunModel)" time="0.021" />
  <testcase classname="ptolemy.util.test.junit.AutoTests" name="[18] /home/travis/build/icyphy/ptII/ptolemy/actor/lib/test/auto/ArrayExtract.xml (RunModel)" time="0.056" />
  <testcase classname="ptolemy.util.test.junit.AutoTests" name="[19] /home/travis/build/icyphy/ptII/ptolemy/actor/lib/test/auto/ArrayExtract2.xml (RunModel)" time="0.02" />
  <testcase classname="ptolemy.util.test.junit.AutoTests" name="[20] /home/travis/build/icyphy/ptII/ptolemy/actor/lib/test/auto/ArrayLength.xml (RunModel)" time="0.043" />
  <testcase classname="ptolemy.util.test.junit.AutoTests" name="[21] /home/travis/build/icyphy/ptII/ptolemy/actor/lib/test/auto/ArrayLevelCrossing.xml (RunModel)" time="0.037" />
  <testcase classname="ptolemy.util.test.junit.AutoTests" name="[22] /home/travis/build/icyphy/ptII/ptolemy/actor/lib/test/auto/ArrayLevelCrossing2.xml (RunModel)" time="0.036" />
  <testcase classname="ptolemy.util.test.junit.AutoTests" name="[23] /home/travis/build/icyphy/ptII/ptolemy/actor/lib/test/auto/ArrayPeakSearch.xml (RunModel)" time="0.675" />
  <testcase classname="ptolemy.util.test.junit.AutoTests" name="[24] /home/travis/build/icyphy/ptII/ptolemy/actor/lib/test/auto/ArrayPeakSearch2.xml (RunModel)" time="0.047" />
  <testcase classname="ptolemy.util.test.junit.AutoTests" name="[25] /home/travis/build/icyphy/ptII/ptolemy/actor/lib/test/auto/ArrayPeakSearch3.xml (RunModel)" time="0.042" />
  <testcase classname="ptolemy.util.test.junit.AutoTests" name="[26] /home/travis/build/icyphy/ptII/ptolemy/actor/lib/test/auto/ArrayRemoveElement.xml (RunModel)" time="0.047" />
  <testcase classname="ptolemy.util.test.junit.AutoTests" name="[27] /home/travis/build/icyphy/ptII/ptolemy/actor/lib/test/auto/ArraySort.xml (RunModel)" time="0.045" />
  <testcase classname="ptolemy.util.test.junit.AutoTests" name="[28] /home/travis/build/icyphy/ptII/ptolemy/actor/lib/test/auto/ArraySum.xml (RunModel)" time="0.032" />
  <testcase classname="ptolemy.util.test.junit.AutoTests" name="[29] /home/travis/build/icyphy/ptII/ptolemy/actor/lib/test/auto/ArrayToElements.xml (RunModel)" time="0.03" />
  <testcase classname="ptolemy.util.test.junit.AutoTests" name="[30] /home/travis/build/icyphy/ptII/ptolemy/actor/lib/test/auto/ArrayToMatrix.xml (RunModel)" time="0.083" />
  <testcase classname="ptolemy.util.test.junit.AutoTests" name="[31] /home/travis/build/icyphy/ptII/ptolemy/actor/lib/test/auto/ArrayUpdate1.xml (RunModel)" time="0.019" />
  <testcase classname="ptolemy.util.test.junit.AutoTests" name="[32] /home/travis/build/icyphy/ptII/ptolemy/actor/lib/test/auto/ArrayUpdate2.xml (RunModel)" time="0.023" />
  <testcase classname="ptolemy.util.test.junit.AutoTests" name="[33] /home/travis/build/icyphy/ptII/ptolemy/actor/lib/test/auto/ArrayUpdate3.xml (RunModel)" time="0.03" />
  <testcase classname="ptolemy.util.test.junit.AutoTests" name="[34] /home/travis/build/icyphy/ptII/ptolemy/actor/lib/test/auto/Assert1.xml (RunModel)" time="0.025" />
  <testcase classname="ptolemy.util.test.junit.AutoTests" name="[35] /home/travis/build/icyphy/ptII/ptolemy/actor/lib/test/auto/Assert2.xml (RunModel)" time="0.02" />
  <testcase classname="ptolemy.util.test.junit.AutoTests" name="[36] /home/travis/build/icyphy/ptII/ptolemy/actor/lib/test/auto/BooleanMultiplexor.xml (RunModel)" time="0.019" />
  <testcase classname="ptolemy.util.test.junit.AutoTests" name="[37] /home/travis/build/icyphy/ptII/ptolemy/actor/lib/test/auto/BooleanMultiplexor2.xml (RunModel)" time="0.027" />
  <testcase classname="ptolemy.util.test.junit.AutoTests" name="[38] /home/travis/build/icyphy/ptII/ptolemy/actor/lib/test/auto/BooleanMultiplexor3.xml (RunModel)" time="0.021" />
  <testcase classname="ptolemy.util.test.junit.AutoTests" name="[39] /home/travis/build/icyphy/ptII/ptolemy/actor/lib/test/auto/BooleanSelect.xml (RunModel)" time="0.029" />
  <testcase classname="ptolemy.util.test.junit.AutoTests" name="[40] /home/travis/build/icyphy/ptII/ptolemy/actor/lib/test/auto/BooleanSelect2.xml (RunModel)" time="0.019" />
  <testcase classname="ptolemy.util.test.junit.AutoTests" name="[41] /home/travis/build/icyphy/ptII/ptolemy/actor/lib/test/auto/BooleanSwitch.xml (RunModel)" time="0.023" />
  <testcase classname="ptolemy.util.test.junit.AutoTests" name="[42] /home/travis/build/icyphy/ptII/ptolemy/actor/lib/test/auto/BooleanSwitch2.xml (RunModel)" time="0.018" />
  <testcase classname="ptolemy.util.test.junit.AutoTests" name="[43] /home/travis/build/icyphy/ptII/ptolemy/actor/lib/test/auto/BooleanSwitchCloningBugWithClassRelationGroup.xml (RunModel)" time="0.033" />
  <testcase classname="ptolemy.util.test.junit.AutoTests" name="[44] /home/travis/build/icyphy/ptII/ptolemy/actor/lib/test/auto/BusActors.xml (RunModel)" time="0.043" />
  <testcase classname="ptolemy.util.test.junit.AutoTests" name="[45] /home/travis/build/icyphy/ptII/ptolemy/actor/lib/test/auto/ClassWrapper.xml (RunModel)" time="0.012" />
  <testcase classname="ptolemy.util.test.junit.AutoTests" name="[46] /home/travis/build/icyphy/ptII/ptolemy/actor/lib/test/auto/Clock.xml (RunModel)" time="0.025" />
  <testcase classname="ptolemy.util.test.junit.AutoTests" name="[47] /home/travis/build/icyphy/ptII/ptolemy/actor/lib/test/auto/Clock10.xml (RunModel)" time="0.023" />
  <testcase classname="ptolemy.util.test.junit.AutoTests" name="[48] /home/travis/build/icyphy/ptII/ptolemy/actor/lib/test/auto/Clock11.xml (RunModel)" time="0.023" />
  <testcase classname="ptolemy.util.test.junit.AutoTests" name="[49] /home/travis/build/icyphy/ptII/ptolemy/actor/lib/test/auto/Clock12.xml (RunModel)" time="0.024" />
  <testcase classname="ptolemy.util.test.junit.AutoTests" name="[50] /home/travis/build/icyphy/ptII/ptolemy/actor/lib/test/auto/Clock13.xml (RunModel)" time="0.022" />
  <testcase classname="ptolemy.util.test.junit.AutoTests" name="[51] /home/travis/build/icyphy/ptII/ptolemy/actor/lib/test/auto/Clock14.xml (RunModel)" time="0.019" />
  <testcase classname="ptolemy.util.test.junit.AutoTests" name="[52] /home/travis/build/icyphy/ptII/ptolemy/actor/lib/test/auto/Clock15.xml (RunModel)" time="0.019" />
  <testcase classname="ptolemy.util.test.junit.AutoTests" name="[53] /home/travis/build/icyphy/ptII/ptolemy/actor/lib/test/auto/Clock16.xml (RunModel)" time="0.089" />
  <testcase classname="ptolemy.util.test.junit.AutoTests" name="[54] /home/travis/build/icyphy/ptII/ptolemy/actor/lib/test/auto/Clock17.xml (RunModel)" time="0.078" />
  <testcase classname="ptolemy.util.test.junit.AutoTests" name="[55] /home/travis/build/icyphy/ptII/ptolemy/actor/lib/test/auto/Clock18.xml (RunModel)" time="0.065" />
  <testcase classname="ptolemy.util.test.junit.AutoTests" name="[56] /home/travis/build/icyphy/ptII/ptolemy/actor/lib/test/auto/Clock19.xml (RunModel)" time="0.063" />
  <testcase classname="ptolemy.util.test.junit.AutoTests" name="[57] /home/travis/build/icyphy/ptII/ptolemy/actor/lib/test/auto/Clock2.xml (RunModel)" time="0.016" />
  <testcase classname="ptolemy.util.test.junit.AutoTests" name="[58] /home/travis/build/icyphy/ptII/ptolemy/actor/lib/test/auto/Clock20.xml (RunModel)" time="0.03" />
  <testcase classname="ptolemy.util.test.junit.AutoTests" name="[59] /home/travis/build/icyphy/ptII/ptolemy/actor/lib/test/auto/Clock21.xml (RunModel)" time="0.022" />
  <testcase classname="ptolemy.util.test.junit.AutoTests" name="[60] /home/travis/build/icyphy/ptII/ptolemy/actor/lib/test/auto/Clock22.xml (RunModel)" time="0.023" />
  <testcase classname="ptolemy.util.test.junit.AutoTests" name="[61] /home/travis/build/icyphy/ptII/ptolemy/actor/lib/test/auto/Clock23.xml (RunModel)" time="0.023" />
  <testcase classname="ptolemy.util.test.junit.AutoTests" name="[62] /home/travis/build/icyphy/ptII/ptolemy/actor/lib/test/auto/Clock24.xml (RunModel)" time="0.021" />
  <testcase classname="ptolemy.util.test.junit.AutoTests" name="[63] /home/travis/build/icyphy/ptII/ptolemy/actor/lib/test/auto/Clock4.xml (RunModel)" time="0.019" />
  <testcase classname="ptolemy.util.test.junit.AutoTests" name="[64] /home/travis/build/icyphy/ptII/ptolemy/actor/lib/test/auto/Clock5.xml (RunModel)" time="0.021" />
  <testcase classname="ptolemy.util.test.junit.AutoTests" name="[65] /home/travis/build/icyphy/ptII/ptolemy/actor/lib/test/auto/Clock6.xml (RunModel)" time="0.011" />
  <testcase classname="ptolemy.util.test.junit.AutoTests" name="[66] /home/travis/build/icyphy/ptII/ptolemy/actor/lib/test/auto/Clock7.xml (RunModel)" time="0.016" />
  <testcase classname="ptolemy.util.test.junit.AutoTests" name="[67] /home/travis/build/icyphy/ptII/ptolemy/actor/lib/test/auto/Clock8.xml (RunModel)" time="0.021" />
  <testcase classname="ptolemy.util.test.junit.AutoTests" name="[68] /home/travis/build/icyphy/ptII/ptolemy/actor/lib/test/auto/Clock9.xml (RunModel)" time="0.021" />
  <testcase classname="ptolemy.util.test.junit.AutoTests" name="[69] /home/travis/build/icyphy/ptII/ptolemy/actor/lib/test/auto/CommDistDiscard.xml (RunModel)" time="0.03" />
  <testcase classname="ptolemy.util.test.junit.AutoTests" name="[70] /home/travis/build/icyphy/ptII/ptolemy/actor/lib/test/auto/Commutator.xml (RunModel)" time="0.019" />
  <testcase classname="ptolemy.util.test.junit.AutoTests" name="[71] /home/travis/build/icyphy/ptII/ptolemy/actor/lib/test/auto/Commutator2.xml (RunModel)" time="0.014" />
  <testcase classname="ptolemy.util.test.junit.AutoTests" name="[72] /home/travis/build/icyphy/ptII/ptolemy/actor/lib/test/auto/Commutator3.xml (RunModel)" time="0.015" />
  <testcase classname="ptolemy.util.test.junit.AutoTests" name="[73] /home/travis/build/icyphy/ptII/ptolemy/actor/lib/test/auto/Compare.xml (RunModel)" time="0.025" />
  <testcase classname="ptolemy.util.test.junit.AutoTests" name="[74] /home/travis/build/icyphy/ptII/ptolemy/actor/lib/test/auto/CompareDE.xml (RunModel)" time="0.029" />
  <testcase classname="ptolemy.util.test.junit.AutoTests" name="[75] /home/travis/build/icyphy/ptII/ptolemy/actor/lib/test/auto/ComplexDivide.xml (RunModel)" time="0.013" />
  <testcase classname="ptolemy.util.test.junit.AutoTests" name="[76] /home/travis/build/icyphy/ptII/ptolemy/actor/lib/test/auto/ComputeHistogram.xml (RunModel)" time="0.104" />
  <testcase classname="ptolemy.util.test.junit.AutoTests" name="[77] /home/travis/build/icyphy/ptII/ptolemy/actor/lib/test/auto/ConfigurationSelect.xml (RunModel)" time="0.026" />
  <testcase classname="ptolemy.util.test.junit.AutoTests" name="[78] /home/travis/build/icyphy/ptII/ptolemy/actor/lib/test/auto/ConfigurationSelect2.xml (RunModel)" time="0.026" />
  <testcase classname="ptolemy.util.test.junit.AutoTests" name="[79] /home/travis/build/icyphy/ptII/ptolemy/actor/lib/test/auto/ConfigurationSwitch.xml (RunModel)" time="0.024" />
  <testcase classname="ptolemy.util.test.junit.AutoTests" name="[80] /home/travis/build/icyphy/ptII/ptolemy/actor/lib/test/auto/ConfigurationSwitch2.xml (RunModel)" time="0.02" />
  <testcase classname="ptolemy.util.test.junit.AutoTests" name="[81] /home/travis/build/icyphy/ptII/ptolemy/actor/lib/test/auto/ConfigurationSwitchCloningBugWithClassRelationGroup.xml (RunModel)" time="0.019" />
  <testcase classname="ptolemy.util.test.junit.AutoTests" name="[82] /home/travis/build/icyphy/ptII/ptolemy/actor/lib/test/auto/ConfigurationSwitchSelectSDF.xml (RunModel)" time="0.015" />
  <testcase classname="ptolemy.util.test.junit.AutoTests" name="[83] /home/travis/build/icyphy/ptII/ptolemy/actor/lib/test/auto/ConfigurationSwitchSelectSDF2.xml (RunModel)" time="0.014" />
  <testcase classname="ptolemy.util.test.junit.AutoTests" name="[84] /home/travis/build/icyphy/ptII/ptolemy/actor/lib/test/auto/Const.xml (RunModel)" time="0.007" />
  <testcase classname="ptolemy.util.test.junit.AutoTests" name="[85] /home/travis/build/icyphy/ptII/ptolemy/actor/lib/test/auto/Const2.xml (RunModel)" time="0.011" />
  <testcase classname="ptolemy.util.test.junit.AutoTests" name="[86] /home/travis/build/icyphy/ptII/ptolemy/actor/lib/test/auto/Const3.xml (RunModel)" time="0.007" />
  <testcase classname="ptolemy.util.test.junit.AutoTests" name="[87] /home/travis/build/icyphy/ptII/ptolemy/actor/lib/test/auto/ConstantPublisherPort1.xml (RunModel)" time="0.023" />
  <testcase classname="ptolemy.util.test.junit.AutoTests" name="[88] /home/travis/build/icyphy/ptII/ptolemy/actor/lib/test/auto/ConstantPublisherPort2.xml (RunModel)" time="0.02" />
  <testcase classname="ptolemy.util.test.junit.AutoTests" name="[89] /home/travis/build/icyphy/ptII/ptolemy/actor/lib/test/auto/ConstantPublisherPort3.xml (RunModel)" time="0.02" />
  <testcase classname="ptolemy.util.test.junit.AutoTests" name="[90] /home/travis/build/icyphy/ptII/ptolemy/actor/lib/test/auto/ConstantPublisherPort4.xml (RunModel)" time="0.018" />
  <testcase classname="ptolemy.util.test.junit.AutoTests" name="[91] /home/travis/build/icyphy/ptII/ptolemy/actor/lib/test/auto/ConstantPublisherPort5.xml (RunModel)" time="0.047" />
  <testcase classname="ptolemy.util.test.junit.AutoTests" name="[92] /home/travis/build/icyphy/ptII/ptolemy/actor/lib/test/auto/ConstantPublisherPort6.xml (RunModel)" time="0.038" />
  <testcase classname="ptolemy.util.test.junit.AutoTests" name="[93] /home/travis/build/icyphy/ptII/ptolemy/actor/lib/test/auto/ConstantPublisherPort7.xml (RunModel)" time="0.033" />
  <testcase classname="ptolemy.util.test.junit.AutoTests" name="[94] /home/travis/build/icyphy/ptII/ptolemy/actor/lib/test/auto/ConstraintMonitor1.xml (RunModel)" time="0.036" />
  <testcase classname="ptolemy.util.test.junit.AutoTests" name="[95] /home/travis/build/icyphy/ptII/ptolemy/actor/lib/test/auto/ConstraintMonitor2.xml (RunModel)" time="0.019" />
  <testcase classname="ptolemy.util.test.junit.AutoTests" name="[96] /home/travis/build/icyphy/ptII/ptolemy/actor/lib/test/auto/ConstraintMonitor3.xml (RunModel)" time="0.019" />
  <testcase classname="ptolemy.util.test.junit.AutoTests" name="[97] /home/travis/build/icyphy/ptII/ptolemy/actor/lib/test/auto/ConstraintMonitor4.xml (RunModel)" time="0.018" />
  <testcase classname="ptolemy.util.test.junit.AutoTests" name="[98] /home/travis/build/icyphy/ptII/ptolemy/actor/lib/test/auto/ConstraintMonitor5.xml (RunModel)" time="0.018" />
  <testcase classname="ptolemy.util.test.junit.AutoTests" name="[99] /home/travis/build/icyphy/ptII/ptolemy/actor/lib/test/auto/ConstraintMonitor6.xml (RunModel)" time="0.021" />
  <testcase classname="ptolemy.util.test.junit.AutoTests" name="[100] /home/travis/build/icyphy/ptII/ptolemy/actor/lib/test/auto/ConstraintMonitor7.xml (RunModel)" time="0.021" />
  <testcase classname="ptolemy.util.test.junit.AutoTests" name="[101] /home/travis/build/icyphy/ptII/ptolemy/actor/lib/test/auto/ConstraintMonitor8.xml (RunModel)" time="0.024" />
  <testcase classname="ptolemy.util.test.junit.AutoTests" name="[102] /home/travis/build/icyphy/ptII/ptolemy/actor/lib/test/auto/Counter.xml (RunModel)" time="0.015" />
  <testcase classname="ptolemy.util.test.junit.AutoTests" name="[103] /home/travis/build/icyphy/ptII/ptolemy/actor/lib/test/auto/CurrentTimeSDF.xml (RunModel)" time="0.01" />
  <testcase classname="ptolemy.util.test.junit.AutoTests" name="[104] /home/travis/build/icyphy/ptII/ptolemy/actor/lib/test/auto/DB.xml (RunModel)" time="0.018" />
  <testcase classname="ptolemy.util.test.junit.AutoTests" name="[105] /home/travis/build/icyphy/ptII/ptolemy/actor/lib/test/auto/DBDE.xml (RunModel)" time="0.017" />
  <testcase classname="ptolemy.util.test.junit.AutoTests" name="[106] /home/travis/build/icyphy/ptII/ptolemy/actor/lib/test/auto/DateConstructor.xml (RunModel)" time="0.062" />
  <testcase classname="ptolemy.util.test.junit.AutoTests" name="[107] /home/travis/build/icyphy/ptII/ptolemy/actor/lib/test/auto/DelayTime.xml (RunModel)" time="0.015" />
  <testcase classname="ptolemy.util.test.junit.AutoTests" name="[108] /home/travis/build/icyphy/ptII/ptolemy/actor/lib/test/auto/Dictionary1.xml (RunModel)" time="0.017" />
  <testcase classname="ptolemy.util.test.junit.AutoTests" name="[109] /home/travis/build/icyphy/ptII/ptolemy/actor/lib/test/auto/Dictionary2.xml (RunModel)" time="0.015" />
  <testcase classname="ptolemy.util.test.junit.AutoTests" name="[110] /home/travis/build/icyphy/ptII/ptolemy/actor/lib/test/auto/Dictionary3.xml (RunModel)" time="0.016" />
  <testcase classname="ptolemy.util.test.junit.AutoTests" name="[111] /home/travis/build/icyphy/ptII/ptolemy/actor/lib/test/auto/Dictionary4.xml (RunModel)" time="0.019" />
  <testcase classname="ptolemy.util.test.junit.AutoTests" name="[112] /home/travis/build/icyphy/ptII/ptolemy/actor/lib/test/auto/Differential.xml (RunModel)" time="0.013" />
  <testcase classname="ptolemy.util.test.junit.AutoTests" name="[113] /home/travis/build/icyphy/ptII/ptolemy/actor/lib/test/auto/Director.xml (RunModel)" time="0.011" />
  <testcase classname="ptolemy.util.test.junit.AutoTests" name="[114] /home/travis/build/icyphy/ptII/ptolemy/actor/lib/test/auto/DiscreteClock.xml (RunModel)" time="0.01" />
  <testcase classname="ptolemy.util.test.junit.AutoTests" name="[115] /home/travis/build/icyphy/ptII/ptolemy/actor/lib/test/auto/DiscreteClock10.xml (RunModel)" time="0.014" />
  <testcase classname="ptolemy.util.test.junit.AutoTests" name="[116] /home/travis/build/icyphy/ptII/ptolemy/actor/lib/test/auto/DiscreteClock11.xml (RunModel)" time="0.016" />
  <testcase classname="ptolemy.util.test.junit.AutoTests" name="[117] /home/travis/build/icyphy/ptII/ptolemy/actor/lib/test/auto/DiscreteClock12.xml (RunModel)" time="0.015" />
  <testcase classname="ptolemy.util.test.junit.AutoTests" name="[118] /home/travis/build/icyphy/ptII/ptolemy/actor/lib/test/auto/DiscreteClock13.xml (RunModel)" time="0.019" />
  <testcase classname="ptolemy.util.test.junit.AutoTests" name="[119] /home/travis/build/icyphy/ptII/ptolemy/actor/lib/test/auto/DiscreteClock14.xml (RunModel)" time="0.026" />
  <testcase classname="ptolemy.util.test.junit.AutoTests" name="[120] /home/travis/build/icyphy/ptII/ptolemy/actor/lib/test/auto/DiscreteClock15.xml (RunModel)" time="0.021" />
  <testcase classname="ptolemy.util.test.junit.AutoTests" name="[121] /home/travis/build/icyphy/ptII/ptolemy/actor/lib/test/auto/DiscreteClock16.xml (RunModel)" time="0.048" />
  <testcase classname="ptolemy.util.test.junit.AutoTests" name="[122] /home/travis/build/icyphy/ptII/ptolemy/actor/lib/test/auto/DiscreteClock17.xml (RunModel)" time="0.051" />
  <testcase classname="ptolemy.util.test.junit.AutoTests" name="[123] /home/travis/build/icyphy/ptII/ptolemy/actor/lib/test/auto/DiscreteClock18.xml (RunModel)" time="0.065" />
  <testcase classname="ptolemy.util.test.junit.AutoTests" name="[124] /home/travis/build/icyphy/ptII/ptolemy/actor/lib/test/auto/DiscreteClock19.xml (RunModel)" time="0.06" />
  <testcase classname="ptolemy.util.test.junit.AutoTests" name="[125] /home/travis/build/icyphy/ptII/ptolemy/actor/lib/test/auto/DiscreteClock2.xml (RunModel)" time="0.013" />
  <testcase classname="ptolemy.util.test.junit.AutoTests" name="[126] /home/travis/build/icyphy/ptII/ptolemy/actor/lib/test/auto/DiscreteClock20.xml (RunModel)" time="0.016" />
  <testcase classname="ptolemy.util.test.junit.AutoTests" name="[127] /home/travis/build/icyphy/ptII/ptolemy/actor/lib/test/auto/DiscreteClock21.xml (RunModel)" time="0.018" />
  <testcase classname="ptolemy.util.test.junit.AutoTests" name="[128] /home/travis/build/icyphy/ptII/ptolemy/actor/lib/test/auto/DiscreteClock22.xml (RunModel)" time="0.017" />
  <testcase classname="ptolemy.util.test.junit.AutoTests" name="[129] /home/travis/build/icyphy/ptII/ptolemy/actor/lib/test/auto/DiscreteClock23.xml (RunModel)" time="0.025" />
  <testcase classname="ptolemy.util.test.junit.AutoTests" name="[130] /home/travis/build/icyphy/ptII/ptolemy/actor/lib/test/auto/DiscreteClock24.xml (RunModel)" time="0.024" />
  <testcase classname="ptolemy.util.test.junit.AutoTests" name="[131] /home/travis/build/icyphy/ptII/ptolemy/actor/lib/test/auto/DiscreteClock4.xml (RunModel)" time="0.019" />
  <testcase classname="ptolemy.util.test.junit.AutoTests" name="[132] /home/travis/build/icyphy/ptII/ptolemy/actor/lib/test/auto/DiscreteClock5.xml (RunModel)" time="0.012" />
  <testcase classname="ptolemy.util.test.junit.AutoTests" name="[133] /home/travis/build/icyphy/ptII/ptolemy/actor/lib/test/auto/DiscreteClock6.xml (RunModel)" time="0.012" />
  <testcase classname="ptolemy.util.test.junit.AutoTests" name="[134] /home/travis/build/icyphy/ptII/ptolemy/actor/lib/test/auto/DiscreteClock7.xml (RunModel)" time="0.014" />
  <testcase classname="ptolemy.util.test.junit.AutoTests" name="[135] /home/travis/build/icyphy/ptII/ptolemy/actor/lib/test/auto/DiscreteClock8.xml (RunModel)" time="0.019" />
  <testcase classname="ptolemy.util.test.junit.AutoTests" name="[136] /home/travis/build/icyphy/ptII/ptolemy/actor/lib/test/auto/DiscreteClock9.xml (RunModel)" time="0.021" />
  <testcase classname="ptolemy.util.test.junit.AutoTests" name="[137] /home/travis/build/icyphy/ptII/ptolemy/actor/lib/test/auto/DisplayArray.xml (RunModel)" time="0.022" />
  <testcase classname="ptolemy.util.test.junit.AutoTests" name="[138] /home/travis/build/icyphy/ptII/ptolemy/actor/lib/test/auto/Distributor.xml (RunModel)" time="0.012" />
  <testcase classname="ptolemy.util.test.junit.AutoTests" name="[139] /home/travis/build/icyphy/ptII/ptolemy/actor/lib/test/auto/Distributor2.xml (RunModel)" time="0.013" />
  <testcase classname="ptolemy.util.test.junit.AutoTests" name="[140] /home/travis/build/icyphy/ptII/ptolemy/actor/lib/test/auto/DownSample.xml (RunModel)" time="0.029" />
  <testcase classname="ptolemy.util.test.junit.AutoTests" name="[141] /home/travis/build/icyphy/ptII/ptolemy/actor/lib/test/auto/ElectronicUnitBase1.xml (RunModel)" time="0.084" />
  <testcase classname="ptolemy.util.test.junit.AutoTests" name="[142] /home/travis/build/icyphy/ptII/ptolemy/actor/lib/test/auto/ElementsToArray.xml (RunModel)" time="0.012" />
  <testcase classname="ptolemy.util.test.junit.AutoTests" name="[143] /home/travis/build/icyphy/ptII/ptolemy/actor/lib/test/auto/Equals.xml (RunModel)" time="0.016" />
  <testcase classname="ptolemy.util.test.junit.AutoTests" name="[144] /home/travis/build/icyphy/ptII/ptolemy/actor/lib/test/auto/Exec.xml (RunModel)" time="0.017" />
  <testcase classname="ptolemy.util.test.junit.AutoTests" name="[145] /home/travis/build/icyphy/ptII/ptolemy/actor/lib/test/auto/ExecEnvironment.xml (RunModel)" time="0.051" />
  <testcase classname="ptolemy.util.test.junit.AutoTests" name="[146] /home/travis/build/icyphy/ptII/ptolemy/actor/lib/test/auto/ExecNonZeroReturnOutput.xml (RunModel)" time="0.178" />
  <testcase classname="ptolemy.util.test.junit.AutoTests" name="[147] /home/travis/build/icyphy/ptII/ptolemy/actor/lib/test/auto/ExecRunDemos.xml (RunModel)" time="10.164" />
  <testcase classname="ptolemy.util.test.junit.AutoTests" name="[148] /home/travis/build/icyphy/ptII/ptolemy/actor/lib/test/auto/ExecStop.xml (RunModel)" time="5.036" />
  <testcase classname="ptolemy.util.test.junit.AutoTests" name="[149] /home/travis/build/icyphy/ptII/ptolemy/actor/lib/test/auto/ExecutionTimePN.xml (RunModel)" time="2.033" />
  <testcase classname="ptolemy.util.test.junit.AutoTests" name="[150] /home/travis/build/icyphy/ptII/ptolemy/actor/lib/test/auto/ExecutionTimeSDF.xml (RunModel)" time="6.042" />
  <testcase classname="ptolemy.util.test.junit.AutoTests" name="[151] /home/travis/build/icyphy/ptII/ptolemy/actor/lib/test/auto/Expression1.xml (RunModel)" time="0.01" />
  <testcase classname="ptolemy.util.test.junit.AutoTests" name="[152] /home/travis/build/icyphy/ptII/ptolemy/actor/lib/test/auto/Expression10.xml (RunModel)" time="0.019" />
  <testcase classname="ptolemy.util.test.junit.AutoTests" name="[153] /home/travis/build/icyphy/ptII/ptolemy/actor/lib/test/auto/Expression11.xml (RunModel)" time="0.017" />
  <testcase classname="ptolemy.util.test.junit.AutoTests" name="[154] /home/travis/build/icyphy/ptII/ptolemy/actor/lib/test/auto/Expression12.xml (RunModel)" time="0.019" />
  <testcase classname="ptolemy.util.test.junit.AutoTests" name="[155] /home/travis/build/icyphy/ptII/ptolemy/actor/lib/test/auto/Expression13.xml (RunModel)" time="0.014" />
  <testcase classname="ptolemy.util.test.junit.AutoTests" name="[156] /home/travis/build/icyphy/ptII/ptolemy/actor/lib/test/auto/Expression14.xml (RunModel)" time="0.022" />
  <testcase classname="ptolemy.util.test.junit.AutoTests" name="[157] /home/travis/build/icyphy/ptII/ptolemy/actor/lib/test/auto/Expression15.xml (RunModel)" time="0.008" />
  <testcase classname="ptolemy.util.test.junit.AutoTests" name="[158] /home/travis/build/icyphy/ptII/ptolemy/actor/lib/test/auto/Expression16.xml (RunModel)" time="0.016" />
  <testcase classname="ptolemy.util.test.junit.AutoTests" name="[159] /home/travis/build/icyphy/ptII/ptolemy/actor/lib/test/auto/Expression17.xml (RunModel)" time="0.016" />
  <testcase classname="ptolemy.util.test.junit.AutoTests" name="[160] /home/travis/build/icyphy/ptII/ptolemy/actor/lib/test/auto/Expression18.xml (RunModel)" time="0.016" />
  <testcase classname="ptolemy.util.test.junit.AutoTests" name="[161] /home/travis/build/icyphy/ptII/ptolemy/actor/lib/test/auto/Expression2.xml (RunModel)" time="0.017" />
  <testcase classname="ptolemy.util.test.junit.AutoTests" name="[162] /home/travis/build/icyphy/ptII/ptolemy/actor/lib/test/auto/Expression3.xml (RunModel)" time="0.017" />
  <testcase classname="ptolemy.util.test.junit.AutoTests" name="[163] /home/travis/build/icyphy/ptII/ptolemy/actor/lib/test/auto/Expression4.xml (RunModel)" time="0.023" />
  <testcase classname="ptolemy.util.test.junit.AutoTests" name="[164] /home/travis/build/icyphy/ptII/ptolemy/actor/lib/test/auto/Expression5.xml (RunModel)" time="0.017" />
  <testcase classname="ptolemy.util.test.junit.AutoTests" name="[165] /home/travis/build/icyphy/ptII/ptolemy/actor/lib/test/auto/Expression6.xml (RunModel)" time="0.015" />
  <testcase classname="ptolemy.util.test.junit.AutoTests" name="[166] /home/travis/build/icyphy/ptII/ptolemy/actor/lib/test/auto/Expression7.xml (RunModel)" time="0.016" />
  <testcase classname="ptolemy.util.test.junit.AutoTests" name="[167] /home/travis/build/icyphy/ptII/ptolemy/actor/lib/test/auto/Expression8.xml (RunModel)" time="0.017" />
  <testcase classname="ptolemy.util.test.junit.AutoTests" name="[168] /home/travis/build/icyphy/ptII/ptolemy/actor/lib/test/auto/Expression9.xml (RunModel)" time="0.01" />
  <testcase classname="ptolemy.util.test.junit.AutoTests" name="[169] /home/travis/build/icyphy/ptII/ptolemy/actor/lib/test/auto/ExpressionConcatenateArrayType.xml (RunModel)" time="0.033" />
  <testcase classname="ptolemy.util.test.junit.AutoTests" name="[170] /home/travis/build/icyphy/ptII/ptolemy/actor/lib/test/auto/ExpressionConcatenateArrayType2.xml (RunModel)" time="0.024" />
  <testcase classname="ptolemy.util.test.junit.AutoTests" name="[171] /home/travis/build/icyphy/ptII/ptolemy/actor/lib/test/auto/ExpressionFix.xml (RunModel)" time="0.044" />
  <testcase classname="ptolemy.util.test.junit.AutoTests" name="[172] /home/travis/build/icyphy/ptII/ptolemy/actor/lib/test/auto/ExpressionFix2.xml (RunModel)" time="0.017" />
  <testcase classname="ptolemy.util.test.junit.AutoTests" name="[173] /home/travis/build/icyphy/ptII/ptolemy/actor/lib/test/auto/ExpressionFix3.xml (RunModel)" time="0.013" />
  <testcase classname="ptolemy.util.test.junit.AutoTests" name="[174] /home/travis/build/icyphy/ptII/ptolemy/actor/lib/test/auto/FileWriter1.xml (RunModel)" time="0.01" />
  <testcase classname="ptolemy.util.test.junit.AutoTests" name="[175] /home/travis/build/icyphy/ptII/ptolemy/actor/lib/test/auto/FileWriter2.xml (RunModel)" time="0.016" />
  <testcase classname="ptolemy.util.test.junit.AutoTests" name="[176] /home/travis/build/icyphy/ptII/ptolemy/actor/lib/test/auto/FileWriter3.xml (RunModel)" time="0.012" />
  <testcase classname="ptolemy.util.test.junit.AutoTests" name="[177] /home/travis/build/icyphy/ptII/ptolemy/actor/lib/test/auto/Gaussian.xml (RunModel)" time="0.013" />
  <testcase classname="ptolemy.util.test.junit.AutoTests" name="[178] /home/travis/build/icyphy/ptII/ptolemy/actor/lib/test/auto/Gaussian1.xml (RunModel)" time="0.015" />
  <testcase classname="ptolemy.util.test.junit.AutoTests" name="[179] /home/travis/build/icyphy/ptII/ptolemy/actor/lib/test/auto/Gaussian2.xml (RunModel)" time="0.018" />
  <testcase classname="ptolemy.util.test.junit.AutoTests" name="[180] /home/travis/build/icyphy/ptII/ptolemy/actor/lib/test/auto/GradientAdaptiveLattice.xml (RunModel)" time="0.018" />
  <testcase classname="ptolemy.util.test.junit.AutoTests" name="[181] /home/travis/build/icyphy/ptII/ptolemy/actor/lib/test/auto/IIR.xml (RunModel)" time="0.017" />
  <testcase classname="ptolemy.util.test.junit.AutoTests" name="[182] /home/travis/build/icyphy/ptII/ptolemy/actor/lib/test/auto/InputOutputTransparentPorts.xml (RunModel)" time="0.024" />
  <testcase classname="ptolemy.util.test.junit.AutoTests" name="[183] /home/travis/build/icyphy/ptII/ptolemy/actor/lib/test/auto/Interpolator.xml (RunModel)" time="0.012" />
  <testcase classname="ptolemy.util.test.junit.AutoTests" name="[184] /home/travis/build/icyphy/ptII/ptolemy/actor/lib/test/auto/InterpolatorFiringLimitDE.xml (RunModel)" time="0.016" />
  <testcase classname="ptolemy.util.test.junit.AutoTests" name="[185] /home/travis/build/icyphy/ptII/ptolemy/actor/lib/test/auto/Lattice.xml (RunModel)" time="0.013" />
  <testcase classname="ptolemy.util.test.junit.AutoTests" name="[186] /home/travis/build/icyphy/ptII/ptolemy/actor/lib/test/auto/LazyAOCTestLazy.xml (RunModel)" time="0.027" />
  <testcase classname="ptolemy.util.test.junit.AutoTests" name="[187] /home/travis/build/icyphy/ptII/ptolemy/actor/lib/test/auto/LazyAOCTestNonLazy.xml (RunModel)" time="0.057" />
  <testcase classname="ptolemy.util.test.junit.AutoTests" name="[188] /home/travis/build/icyphy/ptII/ptolemy/actor/lib/test/auto/LazyInnerClass.xml (RunModel)" time="0.061" />
  <testcase classname="ptolemy.util.test.junit.AutoTests" name="[189] /home/travis/build/icyphy/ptII/ptolemy/actor/lib/test/auto/LazyPubSub.xml (RunModel)" time="0.064" />
  <testcase classname="ptolemy.util.test.junit.AutoTests" name="[190] /home/travis/build/icyphy/ptII/ptolemy/actor/lib/test/auto/LazyPubSub2.xml (RunModel)" time="0.064" />
  <testcase classname="ptolemy.util.test.junit.AutoTests" name="[191] /home/travis/build/icyphy/ptII/ptolemy/actor/lib/test/auto/LazyPubSub3.xml (RunModel)" time="0.03" />
  <testcase classname="ptolemy.util.test.junit.AutoTests" name="[192] /home/travis/build/icyphy/ptII/ptolemy/actor/lib/test/auto/LazySubClassModel.xml (RunModel)" time="0.03" />
  <testcase classname="ptolemy.util.test.junit.AutoTests" name="[193] /home/travis/build/icyphy/ptII/ptolemy/actor/lib/test/auto/LevelCrossTest1.xml (RunModel)" time="0.014" />
  <testcase classname="ptolemy.util.test.junit.AutoTests" name="[194] /home/travis/build/icyphy/ptII/ptolemy/actor/lib/test/auto/LevelCrossTest10.xml (RunModel)" time="0.017" />
  <testcase classname="ptolemy.util.test.junit.AutoTests" name="[195] /home/travis/build/icyphy/ptII/ptolemy/actor/lib/test/auto/LevelCrossTest11.xml (RunModel)" time="0.015" />
  <testcase classname="ptolemy.util.test.junit.AutoTests" name="[196] /home/travis/build/icyphy/ptII/ptolemy/actor/lib/test/auto/LevelCrossTest12.xml (RunModel)" time="0.014" />
  <testcase classname="ptolemy.util.test.junit.AutoTests" name="[197] /home/travis/build/icyphy/ptII/ptolemy/actor/lib/test/auto/LevelCrossTest13.xml (RunModel)" time="0.014" />
  <testcase classname="ptolemy.util.test.junit.AutoTests" name="[198] /home/travis/build/icyphy/ptII/ptolemy/actor/lib/test/auto/LevelCrossTest2.xml (RunModel)" time="0.014" />
  <testcase classname="ptolemy.util.test.junit.AutoTests" name="[199] /home/travis/build/icyphy/ptII/ptolemy/actor/lib/test/auto/LevelCrossTest3.xml (RunModel)" time="0.015" />
  <testcase classname="ptolemy.util.test.junit.AutoTests" name="[200] /home/travis/build/icyphy/ptII/ptolemy/actor/lib/test/auto/LevelCrossTest4.xml (RunModel)" time="0.012" />
  <testcase classname="ptolemy.util.test.junit.AutoTests" name="[201] /home/travis/build/icyphy/ptII/ptolemy/actor/lib/test/auto/LevelCrossTest5.xml (RunModel)" time="0.015" />
  <testcase classname="ptolemy.util.test.junit.AutoTests" name="[202] /home/travis/build/icyphy/ptII/ptolemy/actor/lib/test/auto/LevelCrossTest6.xml (RunModel)" time="0.021" />
  <testcase classname="ptolemy.util.test.junit.AutoTests" name="[203] /home/travis/build/icyphy/ptII/ptolemy/actor/lib/test/auto/LevelCrossTest7.xml (RunModel)" time="0.02" />
  <testcase classname="ptolemy.util.test.junit.AutoTests" name="[204] /home/travis/build/icyphy/ptII/ptolemy/actor/lib/test/auto/LevelCrossTest8.xml (RunModel)" time="0.018" />
  <testcase classname="ptolemy.util.test.junit.AutoTests" name="[205] /home/travis/build/icyphy/ptII/ptolemy/actor/lib/test/auto/LevelCrossTest9.xml (RunModel)" time="0.027" />
  <testcase classname="ptolemy.util.test.junit.AutoTests" name="[206] /home/travis/build/icyphy/ptII/ptolemy/actor/lib/test/auto/LevinsonDurbin.xml (RunModel)" time="0.013" />
  <testcase classname="ptolemy.util.test.junit.AutoTests" name="[207] /home/travis/build/icyphy/ptII/ptolemy/actor/lib/test/auto/LevinsonDurbin2.xml (RunModel)" time="0.009" />
  <testcase classname="ptolemy.util.test.junit.AutoTests" name="[208] /home/travis/build/icyphy/ptII/ptolemy/actor/lib/test/auto/LevinsonDurbin3.xml (RunModel)" time="0.008" />
  <testcase classname="ptolemy.util.test.junit.AutoTests" name="[209] /home/travis/build/icyphy/ptII/ptolemy/actor/lib/test/auto/Limiter.xml (RunModel)" time="0.028" />
  <testcase classname="ptolemy.util.test.junit.AutoTests" name="[210] /home/travis/build/icyphy/ptII/ptolemy/actor/lib/test/auto/LinearDifferenceEquationSystem.xml (RunModel)" time="0.026" />
  <testcase classname="ptolemy.util.test.junit.AutoTests" name="[211] /home/travis/build/icyphy/ptII/ptolemy/actor/lib/test/auto/LookupTable.xml (RunModel)" time="0.012" />
  <testcase classname="ptolemy.util.test.junit.AutoTests" name="[212] /home/travis/build/icyphy/ptII/ptolemy/actor/lib/test/auto/MathFunction.xml (RunModel)" time="0.024" />
  <testcase classname="ptolemy.util.test.junit.AutoTests" name="[213] /home/travis/build/icyphy/ptII/ptolemy/actor/lib/test/auto/MathFunction2.xml (RunModel)" time="0.009" />
  <testcase classname="ptolemy.util.test.junit.AutoTests" name="[214] /home/travis/build/icyphy/ptII/ptolemy/actor/lib/test/auto/MathFunction3.xml (RunModel)" time="0.021" />
  <testcase classname="ptolemy.util.test.junit.AutoTests" name="[215] /home/travis/build/icyphy/ptII/ptolemy/actor/lib/test/auto/MatrixCropBoolean.xml (RunModel)" time="0.018" />
  <testcase classname="ptolemy.util.test.junit.AutoTests" name="[216] /home/travis/build/icyphy/ptII/ptolemy/actor/lib/test/auto/MatrixCropComplex.xml (RunModel)" time="0.011" />
  <testcase classname="ptolemy.util.test.junit.AutoTests" name="[217] /home/travis/build/icyphy/ptII/ptolemy/actor/lib/test/auto/MatrixCropDouble.xml (RunModel)" time="0.01" />
  <testcase classname="ptolemy.util.test.junit.AutoTests" name="[218] /home/travis/build/icyphy/ptII/ptolemy/actor/lib/test/auto/MatrixCropFix.xml (RunModel)" time="0.011" />
  <testcase classname="ptolemy.util.test.junit.AutoTests" name="[219] /home/travis/build/icyphy/ptII/ptolemy/actor/lib/test/auto/MatrixCropInt.xml (RunModel)" time="0.01" />
  <testcase classname="ptolemy.util.test.junit.AutoTests" name="[220] /home/travis/build/icyphy/ptII/ptolemy/actor/lib/test/auto/MatrixCropLong.xml (RunModel)" time="0.01" />
  <testcase classname="ptolemy.util.test.junit.AutoTests" name="[221] /home/travis/build/icyphy/ptII/ptolemy/actor/lib/test/auto/MatrixToArray.xml (RunModel)" time="0.051" />
  <testcase classname="ptolemy.util.test.junit.AutoTests" name="[222] /home/travis/build/icyphy/ptII/ptolemy/actor/lib/test/auto/MaxIndex.xml (RunModel)" time="0.027" />
  <testcase classname="ptolemy.util.test.junit.AutoTests" name="[223] /home/travis/build/icyphy/ptII/ptolemy/actor/lib/test/auto/Maximum.xml (RunModel)" time="0.019" />
  <testcase classname="ptolemy.util.test.junit.AutoTests" name="[224] /home/travis/build/icyphy/ptII/ptolemy/actor/lib/test/auto/MaximumComplex.xml (RunModel)" time="0.02" />
  <testcase classname="ptolemy.util.test.junit.AutoTests" name="[225] /home/travis/build/icyphy/ptII/ptolemy/actor/lib/test/auto/MethodCallTest.xml (RunModel)" time="0.024" />
  <testcase classname="ptolemy.util.test.junit.AutoTests" name="[226] /home/travis/build/icyphy/ptII/ptolemy/actor/lib/test/auto/Minimum.xml (RunModel)" time="0.016" />
  <testcase classname="ptolemy.util.test.junit.AutoTests" name="[227] /home/travis/build/icyphy/ptII/ptolemy/actor/lib/test/auto/MinimumComplex.xml (RunModel)" time="0.02" />
  <testcase classname="ptolemy.util.test.junit.AutoTests" name="[228] /home/travis/build/icyphy/ptII/ptolemy/actor/lib/test/auto/MinimumMultiports.xml (RunModel)" time="0.031" />
  <testcase classname="ptolemy.util.test.junit.AutoTests" name="[229] /home/travis/build/icyphy/ptII/ptolemy/actor/lib/test/auto/ModifyDate.xml (RunModel)" time="0.041" />
  <testcase classname="ptolemy.util.test.junit.AutoTests" name="[230] /home/travis/build/icyphy/ptII/ptolemy/actor/lib/test/auto/ModifyDate2.xml (RunModel)" time="0.038" />
  <testcase classname="ptolemy.util.test.junit.AutoTests" name="[231] /home/travis/build/icyphy/ptII/ptolemy/actor/lib/test/auto/MovingAverage.xml (RunModel)" time="0.012" />
  <testcase classname="ptolemy.util.test.junit.AutoTests" name="[232] /home/travis/build/icyphy/ptII/ptolemy/actor/lib/test/auto/MovingMaximum.xml (RunModel)" time="0.01" />
  <testcase classname="ptolemy.util.test.junit.AutoTests" name="[233] /home/travis/build/icyphy/ptII/ptolemy/actor/lib/test/auto/MultipleLinksToSameRelation.xml (RunModel)" time="0.009" />
  <testcase classname="ptolemy.util.test.junit.AutoTests" name="[234] /home/travis/build/icyphy/ptII/ptolemy/actor/lib/test/auto/MultipleLinksToSameRelationDE.xml (RunModel)" time="0.009" />
  <testcase classname="ptolemy.util.test.junit.AutoTests" name="[235] /home/travis/build/icyphy/ptII/ptolemy/actor/lib/test/auto/Multiplexor.xml (RunModel)" time="0.012" />
  <testcase classname="ptolemy.util.test.junit.AutoTests" name="[236] /home/travis/build/icyphy/ptII/ptolemy/actor/lib/test/auto/Multiplexor1.xml (RunModel)" time="0.015" />
  <testcase classname="ptolemy.util.test.junit.AutoTests" name="[237] /home/travis/build/icyphy/ptII/ptolemy/actor/lib/test/auto/Multiplexor2.xml (RunModel)" time="0.018" />
  <testcase classname="ptolemy.util.test.junit.AutoTests" name="[238] /home/travis/build/icyphy/ptII/ptolemy/actor/lib/test/auto/Multiplexor3.xml (RunModel)" time="0.009" />
  <testcase classname="ptolemy.util.test.junit.AutoTests" name="[239] /home/travis/build/icyphy/ptII/ptolemy/actor/lib/test/auto/MultiplexorDE.xml (RunModel)" time="0.021" />
  <testcase classname="ptolemy.util.test.junit.AutoTests" name="[240] /home/travis/build/icyphy/ptII/ptolemy/actor/lib/test/auto/MultiportBroadcastTest.xml (RunModel)" time="0.083" />
  <testcase classname="ptolemy.util.test.junit.AutoTests" name="[241] /home/travis/build/icyphy/ptII/ptolemy/actor/lib/test/auto/MultiportOutHangDuringGetWidth.xml (RunModel)" time="0.045" />
  <testcase classname="ptolemy.util.test.junit.AutoTests" name="[242] /home/travis/build/icyphy/ptII/ptolemy/actor/lib/test/auto/NilToken.xml (RunModel)" time="0.008" />
  <testcase classname="ptolemy.util.test.junit.AutoTests" name="[243] /home/travis/build/icyphy/ptII/ptolemy/actor/lib/test/auto/NilTokenNonStrictTest.xml (RunModel)" time="0.012" />
  <testcase classname="ptolemy.util.test.junit.AutoTests" name="[244] /home/travis/build/icyphy/ptII/ptolemy/actor/lib/test/auto/NilTokenRecord.xml (RunModel)" time="0.024" />
  <testcase classname="ptolemy.util.test.junit.AutoTests" name="[245] /home/travis/build/icyphy/ptII/ptolemy/actor/lib/test/auto/NilTokenTypeTest.xml (RunModel)" time="0.031" />
  <testcase classname="ptolemy.util.test.junit.AutoTests" name="[246] /home/travis/build/icyphy/ptII/ptolemy/actor/lib/test/auto/ObjectToken1.xml (RunModel)" time="0.009" />
  <testcase classname="ptolemy.util.test.junit.AutoTests" name="[247] /home/travis/build/icyphy/ptII/ptolemy/actor/lib/test/auto/OrderedMerge.xml (RunModel)" time="0.043" />
  <testcase classname="ptolemy.util.test.junit.AutoTests" name="[248] /home/travis/build/icyphy/ptII/ptolemy/actor/lib/test/auto/OrderedRecordDisassembler.xml (RunModel)" time="0.022" />
  <testcase classname="ptolemy.util.test.junit.AutoTests" name="[249] /home/travis/build/icyphy/ptII/ptolemy/actor/lib/test/auto/OrderedRecordDisassembler2.xml (RunModel)" time="0.023" />
  <testcase classname="ptolemy.util.test.junit.AutoTests" name="[250] /home/travis/build/icyphy/ptII/ptolemy/actor/lib/test/auto/OrderedRecordUpdater.xml (RunModel)" time="0.023" />
  <testcase classname="ptolemy.util.test.junit.AutoTests" name="[251] /home/travis/build/icyphy/ptII/ptolemy/actor/lib/test/auto/OrderedRecordUpdater2.xml (RunModel)" time="0.018" />
  <testcase classname="ptolemy.util.test.junit.AutoTests" name="[252] /home/travis/build/icyphy/ptII/ptolemy/actor/lib/test/auto/PhaseUnwrap.xml (RunModel)" time="0.015" />
  <testcase classname="ptolemy.util.test.junit.AutoTests" name="[253] /home/travis/build/icyphy/ptII/ptolemy/actor/lib/test/auto/PoissonClock.xml (RunModel)" time="0.018" />
  <testcase classname="ptolemy.util.test.junit.AutoTests" name="[254] /home/travis/build/icyphy/ptII/ptolemy/actor/lib/test/auto/PoissonClock2.xml (RunModel)" time="0.017" />
  <testcase classname="ptolemy.util.test.junit.AutoTests" name="[255] /home/travis/build/icyphy/ptII/ptolemy/actor/lib/test/auto/PoissonClock3.xml (RunModel)" time="0.014" />
  <testcase classname="ptolemy.util.test.junit.AutoTests" name="[256] /home/travis/build/icyphy/ptII/ptolemy/actor/lib/test/auto/PubSubWithInitialTokens.xml (RunModel)" time="0.012" />
  <testcase classname="ptolemy.util.test.junit.AutoTests" name="[257] /home/travis/build/icyphy/ptII/ptolemy/actor/lib/test/auto/PubSubWithInitialTokens2.xml (RunModel)" time="0.015" />
  <testcase classname="ptolemy.util.test.junit.AutoTests" name="[258] /home/travis/build/icyphy/ptII/ptolemy/actor/lib/test/auto/PublisherClassNoParameter.xml (RunModel)" time="0.028" />
  <testcase classname="ptolemy.util.test.junit.AutoTests" name="[259] /home/travis/build/icyphy/ptII/ptolemy/actor/lib/test/auto/PublisherClassParameter.xml (RunModel)" time="0.027" />
  <testcase classname="ptolemy.util.test.junit.AutoTests" name="[260] /home/travis/build/icyphy/ptII/ptolemy/actor/lib/test/auto/PublisherNonStrictTest.xml (RunModel)" time="0.018" />
  <testcase classname="ptolemy.util.test.junit.AutoTests" name="[261] /home/travis/build/icyphy/ptII/ptolemy/actor/lib/test/auto/PublisherPort1.xml (RunModel)" time="0.025" />
  <testcase classname="ptolemy.util.test.junit.AutoTests" name="[262] /home/travis/build/icyphy/ptII/ptolemy/actor/lib/test/auto/PublisherPort2.xml (RunModel)" time="0.017" />
  <testcase classname="ptolemy.util.test.junit.AutoTests" name="[263] /home/travis/build/icyphy/ptII/ptolemy/actor/lib/test/auto/PublisherPort3.xml (RunModel)" time="0.016" />
  <testcase classname="ptolemy.util.test.junit.AutoTests" name="[264] /home/travis/build/icyphy/ptII/ptolemy/actor/lib/test/auto/PublisherPort4.xml (RunModel)" time="0.013" />
  <testcase classname="ptolemy.util.test.junit.AutoTests" name="[265] /home/travis/build/icyphy/ptII/ptolemy/actor/lib/test/auto/PublisherPort5.xml (RunModel)" time="0.019" />
  <testcase classname="ptolemy.util.test.junit.AutoTests" name="[266] /home/travis/build/icyphy/ptII/ptolemy/actor/lib/test/auto/PublisherPort5LookAlike.xml (RunModel)" time="0.023" />
  <testcase classname="ptolemy.util.test.junit.AutoTests" name="[267] /home/travis/build/icyphy/ptII/ptolemy/actor/lib/test/auto/PublisherPort6.xml (RunModel)" time="0.015" />
  <testcase classname="ptolemy.util.test.junit.AutoTests" name="[268] /home/travis/build/icyphy/ptII/ptolemy/actor/lib/test/auto/PublisherPort7.xml (RunModel)" time="0.016" />
  <testcase classname="ptolemy.util.test.junit.AutoTests" name="[269] /home/travis/build/icyphy/ptII/ptolemy/actor/lib/test/auto/PublisherPort8.xml (RunModel)" time="0.019" />
  <testcase classname="ptolemy.util.test.junit.AutoTests" name="[270] /home/travis/build/icyphy/ptII/ptolemy/actor/lib/test/auto/PublisherPortSubscriberChannelVariablesAOC2.xml (RunModel)" time="0.043" />
  <testcase classname="ptolemy.util.test.junit.AutoTests" name="[271] /home/travis/build/icyphy/ptII/ptolemy/actor/lib/test/auto/PublisherPortSubscriberOpaqueWidthInference.xml (RunModel)" time="0.021" />
  <testcase classname="ptolemy.util.test.junit.AutoTests" name="[272] /home/travis/build/icyphy/ptII/ptolemy/actor/lib/test/auto/PublisherPortSubscriberPortAdjacent.xml (RunModel)" time="0.023" />
  <testcase classname="ptolemy.util.test.junit.AutoTests" name="[273] /home/travis/build/icyphy/ptII/ptolemy/actor/lib/test/auto/PublisherPortSubscriberPortExpression.xml (RunModel)" time="0.021" />
  <testcase classname="ptolemy.util.test.junit.AutoTests" name="[274] /home/travis/build/icyphy/ptII/ptolemy/actor/lib/test/auto/PublisherPortSubscriberPortOpaqueD3Reverse.xml (RunModel)" time="0.045" />
  <testcase classname="ptolemy.util.test.junit.AutoTests" name="[275] /home/travis/build/icyphy/ptII/ptolemy/actor/lib/test/auto/PublisherPortSubscriberPortOpaqueWidthInference.xml (RunModel)" time="0.021" />
  <testcase classname="ptolemy.util.test.junit.AutoTests" name="[276] /home/travis/build/icyphy/ptII/ptolemy/actor/lib/test/auto/PublisherPortToplevelSubscriberPortAOC.xml (RunModel)" time="0.014" />
  <testcase classname="ptolemy.util.test.junit.AutoTests" name="[277] /home/travis/build/icyphy/ptII/ptolemy/actor/lib/test/auto/PublisherSubscriber.xml (RunModel)" time="0.016" />
  <testcase classname="ptolemy.util.test.junit.AutoTests" name="[278] /home/travis/build/icyphy/ptII/ptolemy/actor/lib/test/auto/PublisherSubscriber10.xml (RunModel)" time="0.027" />
  <testcase classname="ptolemy.util.test.junit.AutoTests" name="[279] /home/travis/build/icyphy/ptII/ptolemy/actor/lib/test/auto/PublisherSubscriber10InitialOutputs.xml (RunModel)" time="0.022" />
  <testcase classname="ptolemy.util.test.junit.AutoTests" name="[280] /home/travis/build/icyphy/ptII/ptolemy/actor/lib/test/auto/PublisherSubscriber11.xml (RunModel)" time="0.016" />
  <testcase classname="ptolemy.util.test.junit.AutoTests" name="[281] /home/travis/build/icyphy/ptII/ptolemy/actor/lib/test/auto/PublisherSubscriber12.xml (RunModel)" time="0.015" />
  <testcase classname="ptolemy.util.test.junit.AutoTests" name="[282] /home/travis/build/icyphy/ptII/ptolemy/actor/lib/test/auto/PublisherSubscriber13.xml (RunModel)" time="0.012" />
  <testcase classname="ptolemy.util.test.junit.AutoTests" name="[283] /home/travis/build/icyphy/ptII/ptolemy/actor/lib/test/auto/PublisherSubscriber14.xml (RunModel)" time="0.022" />
  <testcase classname="ptolemy.util.test.junit.AutoTests" name="[284] /home/travis/build/icyphy/ptII/ptolemy/actor/lib/test/auto/PublisherSubscriber2.xml (RunModel)" time="0.012" />
  <testcase classname="ptolemy.util.test.junit.AutoTests" name="[285] /home/travis/build/icyphy/ptII/ptolemy/actor/lib/test/auto/PublisherSubscriber3.xml (RunModel)" time="0.012" />
  <testcase classname="ptolemy.util.test.junit.AutoTests" name="[286] /home/travis/build/icyphy/ptII/ptolemy/actor/lib/test/auto/PublisherSubscriber4.xml (RunModel)" time="0.01" />
  <testcase classname="ptolemy.util.test.junit.AutoTests" name="[287] /home/travis/build/icyphy/ptII/ptolemy/actor/lib/test/auto/PublisherSubscriber5.xml (RunModel)" time="0.015" />
  <testcase classname="ptolemy.util.test.junit.AutoTests" name="[288] /home/travis/build/icyphy/ptII/ptolemy/actor/lib/test/auto/PublisherSubscriber6.xml (RunModel)" time="0.014" />
  <testcase classname="ptolemy.util.test.junit.AutoTests" name="[289] /home/travis/build/icyphy/ptII/ptolemy/actor/lib/test/auto/PublisherSubscriber7.xml (RunModel)" time="0.016" />
  <testcase classname="ptolemy.util.test.junit.AutoTests" name="[290] /home/travis/build/icyphy/ptII/ptolemy/actor/lib/test/auto/PublisherSubscriber8.xml (RunModel)" time="0.037" />
  <testcase classname="ptolemy.util.test.junit.AutoTests" name="[291] /home/travis/build/icyphy/ptII/ptolemy/actor/lib/test/auto/PublisherSubscriber9.xml (RunModel)" time="0.027" />
  <testcase classname="ptolemy.util.test.junit.AutoTests" name="[292] /home/travis/build/icyphy/ptII/ptolemy/actor/lib/test/auto/PublisherSubscriberAdjacent.xml (RunModel)" time="0.022" />
  <testcase classname="ptolemy.util.test.junit.AutoTests" name="[293] /home/travis/build/icyphy/ptII/ptolemy/actor/lib/test/auto/PublisherSubscriberChannelVariablesAOC2.xml (RunModel)" time="0.038" />
  <testcase classname="ptolemy.util.test.junit.AutoTests" name="[294] /home/travis/build/icyphy/ptII/ptolemy/actor/lib/test/auto/PublisherSubscriberD3.xml (RunModel)" time="0.016" />
  <testcase classname="ptolemy.util.test.junit.AutoTests" name="[295] /home/travis/build/icyphy/ptII/ptolemy/actor/lib/test/auto/PublisherSubscriberD3Reverse.xml (RunModel)" time="0.02" />
  <testcase classname="ptolemy.util.test.junit.AutoTests" name="[296] /home/travis/build/icyphy/ptII/ptolemy/actor/lib/test/auto/PublisherSubscriberExpression.xml (RunModel)" time="0.021" />
  <testcase classname="ptolemy.util.test.junit.AutoTests" name="[297] /home/travis/build/icyphy/ptII/ptolemy/actor/lib/test/auto/PublisherSubscriberOpaque.xml (RunModel)" time="0.023" />
  <testcase classname="ptolemy.util.test.junit.AutoTests" name="[298] /home/travis/build/icyphy/ptII/ptolemy/actor/lib/test/auto/PublisherSubscriberOpaqueD3.xml (RunModel)" time="0.029" />
  <testcase classname="ptolemy.util.test.junit.AutoTests" name="[299] /home/travis/build/icyphy/ptII/ptolemy/actor/lib/test/auto/PublisherSubscriberOpaqueD3Reverse.xml (RunModel)" time="0.026" />
  <testcase classname="ptolemy.util.test.junit.AutoTests" name="[300] /home/travis/build/icyphy/ptII/ptolemy/actor/lib/test/auto/PublisherSubscriberOpaqueWidthInference.xml (RunModel)" time="0.026" />
  <testcase classname="ptolemy.util.test.junit.AutoTests" name="[301] /home/travis/build/icyphy/ptII/ptolemy/actor/lib/test/auto/PublisherTestSubscriber.xml (RunModel)" time="0.018" />
  <testcase classname="ptolemy.util.test.junit.AutoTests" name="[302] /home/travis/build/icyphy/ptII/ptolemy/actor/lib/test/auto/PublisherToplevelSubscriberPortAOC.xml (RunModel)" time="0.013" />
  <testcase classname="ptolemy.util.test.junit.AutoTests" name="[303] /home/travis/build/icyphy/ptII/ptolemy/actor/lib/test/auto/PulseFiringLimitDE.xml (RunModel)" time="0.02" />
  <testcase classname="ptolemy.util.test.junit.AutoTests" name="[304] /home/travis/build/icyphy/ptII/ptolemy/actor/lib/test/auto/Ramp1.xml (RunModel)" time="0.009" />
  <testcase classname="ptolemy.util.test.junit.AutoTests" name="[305] /home/travis/build/icyphy/ptII/ptolemy/actor/lib/test/auto/RampFiringLimitDE.xml (RunModel)" time="0.016" />
  <testcase classname="ptolemy.util.test.junit.AutoTests" name="[306] /home/travis/build/icyphy/ptII/ptolemy/actor/lib/test/auto/RampFiringLimitSDF.xml (RunModel)" time="0.015" />
  <testcase classname="ptolemy.util.test.junit.AutoTests" name="[307] /home/travis/build/icyphy/ptII/ptolemy/actor/lib/test/auto/RandomInteger.xml (RunModel)" time="0.011" />
  <testcase classname="ptolemy.util.test.junit.AutoTests" name="[308] /home/travis/build/icyphy/ptII/ptolemy/actor/lib/test/auto/ReadFile1.xml (RunModel)" time="0.012" />
  <testcase classname="ptolemy.util.test.junit.AutoTests" name="[309] /home/travis/build/icyphy/ptII/ptolemy/actor/lib/test/auto/ReadFile2.xml (RunModel)" time="0.022" />
  <testcase classname="ptolemy.util.test.junit.AutoTests" name="[310] /home/travis/build/icyphy/ptII/ptolemy/actor/lib/test/auto/Reader.xml (RunModel)" time="0.013" />
  <testcase classname="ptolemy.util.test.junit.AutoTests" name="[311] /home/travis/build/icyphy/ptII/ptolemy/actor/lib/test/auto/RecordAssemblerDisplayNameTest.xml (RunModel)" time="4.114" />
  <testcase classname="ptolemy.util.test.junit.AutoTests" name="[312] /home/travis/build/icyphy/ptII/ptolemy/actor/lib/test/auto/RecordAssemblerTypeError.xml (RunModel)" time="0.037" />
  <testcase classname="ptolemy.util.test.junit.AutoTests" name="[313] /home/travis/build/icyphy/ptII/ptolemy/actor/lib/test/auto/RecordDisassember.xml (RunModel)" time="0.011" />
  <testcase classname="ptolemy.util.test.junit.AutoTests" name="[314] /home/travis/build/icyphy/ptII/ptolemy/actor/lib/test/auto/RecordDisassemberDisplayNameTest.xml (RunModel)" time="0.028" />
  <testcase classname="ptolemy.util.test.junit.AutoTests" name="[315] /home/travis/build/icyphy/ptII/ptolemy/actor/lib/test/auto/RecordDisassembler.xml (RunModel)" time="0.011" />
  <testcase classname="ptolemy.util.test.junit.AutoTests" name="[316] /home/travis/build/icyphy/ptII/ptolemy/actor/lib/test/auto/RecordDisassembler2.xml (RunModel)" time="0.012" />
  <testcase classname="ptolemy.util.test.junit.AutoTests" name="[317] /home/travis/build/icyphy/ptII/ptolemy/actor/lib/test/auto/RecordUpdater.xml (RunModel)" time="0.011" />
  <testcase classname="ptolemy.util.test.junit.AutoTests" name="[318] /home/travis/build/icyphy/ptII/ptolemy/actor/lib/test/auto/RecordUpdater2.xml (RunModel)" time="0.013" />
  <testcase classname="ptolemy.util.test.junit.AutoTests" name="[319] /home/travis/build/icyphy/ptII/ptolemy/actor/lib/test/auto/RecursiveLattice.xml (RunModel)" time="0.01" />
  <testcase classname="ptolemy.util.test.junit.AutoTests" name="[320] /home/travis/build/icyphy/ptII/ptolemy/actor/lib/test/auto/Router.xml (RunModel)" time="3.025" />
  <testcase classname="ptolemy.util.test.junit.AutoTests" name="[321] /home/travis/build/icyphy/ptII/ptolemy/actor/lib/test/auto/Router2.xml (RunModel)" time="3.024" />
  <testcase classname="ptolemy.util.test.junit.AutoTests" name="[322] /home/travis/build/icyphy/ptII/ptolemy/actor/lib/test/auto/RunningMaximum.xml (RunModel)" time="0.012" />
  <testcase classname="ptolemy.util.test.junit.AutoTests" name="[323] /home/travis/build/icyphy/ptII/ptolemy/actor/lib/test/auto/RunningMinimum.xml (RunModel)" time="0.011" />
  <testcase classname="ptolemy.util.test.junit.AutoTests" name="[324] /home/travis/build/icyphy/ptII/ptolemy/actor/lib/test/auto/Scale.xml (RunModel)" time="0.008" />
  <testcase classname="ptolemy.util.test.junit.AutoTests" name="[325] /home/travis/build/icyphy/ptII/ptolemy/actor/lib/test/auto/Scale2.xml (RunModel)" time="0.011" />
  <testcase classname="ptolemy.util.test.junit.AutoTests" name="[326] /home/travis/build/icyphy/ptII/ptolemy/actor/lib/test/auto/Scale3.xml (RunModel)" time="0.016" />
  <testcase classname="ptolemy.util.test.junit.AutoTests" name="[327] /home/travis/build/icyphy/ptII/ptolemy/actor/lib/test/auto/ScaleArray.xml (RunModel)" time="0.008" />
  <testcase classname="ptolemy.util.test.junit.AutoTests" name="[328] /home/travis/build/icyphy/ptII/ptolemy/actor/lib/test/auto/ScaleArray2.xml (RunModel)" time="0.009" />
  <testcase classname="ptolemy.util.test.junit.AutoTests" name="[329] /home/travis/build/icyphy/ptII/ptolemy/actor/lib/test/auto/ScaleMatrix.xml (RunModel)" time="0.17" />
  <testcase classname="ptolemy.util.test.junit.AutoTests" name="[330] /home/travis/build/icyphy/ptII/ptolemy/actor/lib/test/auto/Select.xml (RunModel)" time="0.015" />
  <testcase classname="ptolemy.util.test.junit.AutoTests" name="[331] /home/travis/build/icyphy/ptII/ptolemy/actor/lib/test/auto/Select2.xml (RunModel)" time="0.009" />
  <testcase classname="ptolemy.util.test.junit.AutoTests" name="[332] /home/travis/build/icyphy/ptII/ptolemy/actor/lib/test/auto/SequenceToArray2.xml (RunModel)" time="0.127" />
  <testcase classname="ptolemy.util.test.junit.AutoTests" name="[333] /home/travis/build/icyphy/ptII/ptolemy/actor/lib/test/auto/SequentialClock.xml (RunModel)" time="0.019" />
  <testcase classname="ptolemy.util.test.junit.AutoTests" name="[334] /home/travis/build/icyphy/ptII/ptolemy/actor/lib/test/auto/SetVariable.xml (RunModel)" time="0.015" />
  <testcase classname="ptolemy.util.test.junit.AutoTests" name="[335] /home/travis/build/icyphy/ptII/ptolemy/actor/lib/test/auto/SetVariable2.xml (RunModel)" time="0.013" />
  <testcase classname="ptolemy.util.test.junit.AutoTests" name="[336] /home/travis/build/icyphy/ptII/ptolemy/actor/lib/test/auto/SetVariable3.xml (RunModel)" time="0.013" />
  <testcase classname="ptolemy.util.test.junit.AutoTests" name="[337] /home/travis/build/icyphy/ptII/ptolemy/actor/lib/test/auto/SetVariable4.xml (RunModel)" time="0.035" />
  <testcase classname="ptolemy.util.test.junit.AutoTests" name="[338] /home/travis/build/icyphy/ptII/ptolemy/actor/lib/test/auto/SetVariable5.xml (RunModel)" time="0.034" />
  <testcase classname="ptolemy.util.test.junit.AutoTests" name="[339] /home/travis/build/icyphy/ptII/ptolemy/actor/lib/test/auto/Sinewave.xml (RunModel)" time="0.04" />
  <testcase classname="ptolemy.util.test.junit.AutoTests" name="[340] /home/travis/build/icyphy/ptII/ptolemy/actor/lib/test/auto/Sinewave2.xml (RunModel)" time="0.02" />
  <testcase classname="ptolemy.util.test.junit.AutoTests" name="[341] /home/travis/build/icyphy/ptII/ptolemy/actor/lib/test/auto/Sinewave3.xml (RunModel)" time="0.021" />
  <testcase classname="ptolemy.util.test.junit.AutoTests" name="[342] /home/travis/build/icyphy/ptII/ptolemy/actor/lib/test/auto/SingleEvent.xml (RunModel)" time="0.011" />
  <testcase classname="ptolemy.util.test.junit.AutoTests" name="[343] /home/travis/build/icyphy/ptII/ptolemy/actor/lib/test/auto/Sleep.xml (RunModel)" time="6.015" />
  <testcase classname="ptolemy.util.test.junit.AutoTests" name="[344] /home/travis/build/icyphy/ptII/ptolemy/actor/lib/test/auto/SleepMultipleFire.xml (RunModel)" time="1.018" />
  <testcase classname="ptolemy.util.test.junit.AutoTests" name="[345] /home/travis/build/icyphy/ptII/ptolemy/actor/lib/test/auto/StopDE.xml (RunModel)" time="0.014" />
  <testcase classname="ptolemy.util.test.junit.AutoTests" name="[346] /home/travis/build/icyphy/ptII/ptolemy/actor/lib/test/auto/StopSDF.xml (RunModel)" time="0.017" />
  <testcase classname="ptolemy.util.test.junit.AutoTests" name="[347] /home/travis/build/icyphy/ptII/ptolemy/actor/lib/test/auto/StringConstant.xml (RunModel)" time="0.011" />
  <testcase classname="ptolemy.util.test.junit.AutoTests" name="[348] /home/travis/build/icyphy/ptII/ptolemy/actor/lib/test/auto/SubscriberPortInitialValues1.xml (RunModel)" time="0.02" />
  <testcase classname="ptolemy.util.test.junit.AutoTests" name="[349] /home/travis/build/icyphy/ptII/ptolemy/actor/lib/test/auto/SubscriberPortInitialValues13.xml (RunModel)" time="0.028" />
  <testcase classname="ptolemy.util.test.junit.AutoTests" name="[350] /home/travis/build/icyphy/ptII/ptolemy/actor/lib/test/auto/SubscriberPortInitialValues14.xml (RunModel)" time="0.018" />
  <testcase classname="ptolemy.util.test.junit.AutoTests" name="[351] /home/travis/build/icyphy/ptII/ptolemy/actor/lib/test/auto/SubscriberPortInitialValues2.xml (RunModel)" time="0.017" />
  <testcase classname="ptolemy.util.test.junit.AutoTests" name="[352] /home/travis/build/icyphy/ptII/ptolemy/actor/lib/test/auto/SubscriberPortInitialValues3.xml (RunModel)" time="0.023" />
  <testcase classname="ptolemy.util.test.junit.AutoTests" name="[353] /home/travis/build/icyphy/ptII/ptolemy/actor/lib/test/auto/SubscriptionAggregator.xml (RunModel)" time="0.013" />
  <testcase classname="ptolemy.util.test.junit.AutoTests" name="[354] /home/travis/build/icyphy/ptII/ptolemy/actor/lib/test/auto/SubscriptionAggregator2.xml (RunModel)" time="0.013" />
  <testcase classname="ptolemy.util.test.junit.AutoTests" name="[355] /home/travis/build/icyphy/ptII/ptolemy/actor/lib/test/auto/SubscriptionAggregator3.xml (RunModel)" time="0.02" />
  <testcase classname="ptolemy.util.test.junit.AutoTests" name="[356] /home/travis/build/icyphy/ptII/ptolemy/actor/lib/test/auto/SubscriptionAggregatorMultiply.xml (RunModel)" time="0.019" />
  <testcase classname="ptolemy.util.test.junit.AutoTests" name="[357] /home/travis/build/icyphy/ptII/ptolemy/actor/lib/test/auto/SubscriptionAggregatorPortMultiply1.xml (RunModel)" time="0.018" />
  <testcase classname="ptolemy.util.test.junit.AutoTests" name="[358] /home/travis/build/icyphy/ptII/ptolemy/actor/lib/test/auto/Switch.xml (RunModel)" time="0.026" />
  <testcase classname="ptolemy.util.test.junit.AutoTests" name="[359] /home/travis/build/icyphy/ptII/ptolemy/actor/lib/test/auto/Switch2.xml (RunModel)" time="0.014" />
  <testcase classname="ptolemy.util.test.junit.AutoTests" name="[360] /home/travis/build/icyphy/ptII/ptolemy/actor/lib/test/auto/SwitchDE.xml (RunModel)" time="0.013" />
  <testcase classname="ptolemy.util.test.junit.AutoTests" name="[361] /home/travis/build/icyphy/ptII/ptolemy/actor/lib/test/auto/SynchronizerDE.xml (RunModel)" time="0.02" />
  <testcase classname="ptolemy.util.test.junit.AutoTests" name="[362] /home/travis/build/icyphy/ptII/ptolemy/actor/lib/test/auto/Test.xml (RunModel)" time="0.01" />
  <testcase classname="ptolemy.util.test.junit.AutoTests" name="[363] /home/travis/build/icyphy/ptII/ptolemy/actor/lib/test/auto/TestExceptionAttribute1.xml (RunModel)" time="0.006" />
  <testcase classname="ptolemy.util.test.junit.AutoTests" name="[364] /home/travis/build/icyphy/ptII/ptolemy/actor/lib/test/auto/TestExceptionAttribute2.xml (RunModel)" time="0.006" />
  <testcase classname="ptolemy.util.test.junit.AutoTests" name="[365] /home/travis/build/icyphy/ptII/ptolemy/actor/lib/test/auto/TestExceptionAttribute3.xml (RunModel)" time="0.007" />
  <testcase classname="ptolemy.util.test.junit.AutoTests" name="[366] /home/travis/build/icyphy/ptII/ptolemy/actor/lib/test/auto/TestExceptionAttribute4.xml (RunModel)" time="0.009" />
  <testcase classname="ptolemy.util.test.junit.AutoTests" name="[367] /home/travis/build/icyphy/ptII/ptolemy/actor/lib/test/auto/TestExceptionHandler1.xml (RunModel)" time="0.007" />
  <testcase classname="ptolemy.util.test.junit.AutoTests" name="[368] /home/travis/build/icyphy/ptII/ptolemy/actor/lib/test/auto/TestExceptionHandler2.xml (RunModel)" time="0.011" />
  <testcase classname="ptolemy.util.test.junit.AutoTests" name="[369] /home/travis/build/icyphy/ptII/ptolemy/actor/lib/test/auto/TestExceptionHandler3.xml (RunModel)" time="0.006" />
  <testcase classname="ptolemy.util.test.junit.AutoTests" name="[370] /home/travis/build/icyphy/ptII/ptolemy/actor/lib/test/auto/TestExceptionHandler4.xml (RunModel)" time="0.007" />
  <testcase classname="ptolemy.util.test.junit.AutoTests" name="[371] /home/travis/build/icyphy/ptII/ptolemy/actor/lib/test/auto/TestRequireCorrectOrder.xml (RunModel)" time="0.015" />
  <testcase classname="ptolemy.util.test.junit.AutoTests" name="[372] /home/travis/build/icyphy/ptII/ptolemy/actor/lib/test/auto/TestSimple.xml (RunModel)" time="0.007" />
  <testcase classname="ptolemy.util.test.junit.AutoTests" name="[373] /home/travis/build/icyphy/ptII/ptolemy/actor/lib/test/auto/ThrowModelError.xml (RunModel)" time="0.012" />
  <testcase classname="ptolemy.util.test.junit.AutoTests" name="[374] /home/travis/build/icyphy/ptII/ptolemy/actor/lib/test/auto/TimeDelayMicrosteps.xml (RunModel)" time="0.018" />
  <testcase classname="ptolemy.util.test.junit.AutoTests" name="[375] /home/travis/build/icyphy/ptII/ptolemy/actor/lib/test/auto/TimeDelayMicrosteps2.xml (RunModel)" time="0.017" />
  <testcase classname="ptolemy.util.test.junit.AutoTests" name="[376] /home/travis/build/icyphy/ptII/ptolemy/actor/lib/test/auto/TimeDelayMicrosteps3.xml (RunModel)" time="0.018" />
  <testcase classname="ptolemy.util.test.junit.AutoTests" name="[377] /home/travis/build/icyphy/ptII/ptolemy/actor/lib/test/auto/TimeDelayVariableMicrosteps.xml (RunModel)" time="0.015" />
  <testcase classname="ptolemy.util.test.junit.AutoTests" name="[378] /home/travis/build/icyphy/ptII/ptolemy/actor/lib/test/auto/TimeGap.xml (RunModel)" time="0.014" />
  <testcase classname="ptolemy.util.test.junit.AutoTests" name="[379] /home/travis/build/icyphy/ptII/ptolemy/actor/lib/test/auto/TimeGap2.xml (RunModel)" time="0.012" />
  <testcase classname="ptolemy.util.test.junit.AutoTests" name="[380] /home/travis/build/icyphy/ptII/ptolemy/actor/lib/test/auto/TimedSinewave.xml (RunModel)" time="0.071" />
  <testcase classname="ptolemy.util.test.junit.AutoTests" name="[381] /home/travis/build/icyphy/ptII/ptolemy/actor/lib/test/auto/TimedSinewavePhase.xml (RunModel)" time="0.045" />
  <testcase classname="ptolemy.util.test.junit.AutoTests" name="[382] /home/travis/build/icyphy/ptII/ptolemy/actor/lib/test/auto/Timer.xml (RunModel)" time="0.018" />
  <testcase classname="ptolemy.util.test.junit.AutoTests" name="[383] /home/travis/build/icyphy/ptII/ptolemy/actor/lib/test/auto/TriangularDistTestModel.xml (RunModel)" time="0.019" />
  <testcase classname="ptolemy.util.test.junit.AutoTests" name="[384] /home/travis/build/icyphy/ptII/ptolemy/actor/lib/test/auto/TrigFunction.xml (RunModel)" time="0.01" />
  <testcase classname="ptolemy.util.test.junit.AutoTests" name="[385] /home/travis/build/icyphy/ptII/ptolemy/actor/lib/test/auto/TrigFunctionDE.xml (RunModel)" time="0.02" />
  <testcase classname="ptolemy.util.test.junit.AutoTests" name="[386] /home/travis/build/icyphy/ptII/ptolemy/actor/lib/test/auto/TrigFunctionInverse.xml (RunModel)" time="0.01" />
  <testcase classname="ptolemy.util.test.junit.AutoTests" name="[387] /home/travis/build/icyphy/ptII/ptolemy/actor/lib/test/auto/TrigFunctionTan.xml (RunModel)" time="0.007" />
  <testcase classname="ptolemy.util.test.junit.AutoTests" name="[388] /home/travis/build/icyphy/ptII/ptolemy/actor/lib/test/auto/TriggeredClock.xml (RunModel)" time="0.009" />
  <testcase classname="ptolemy.util.test.junit.AutoTests" name="[389] /home/travis/build/icyphy/ptII/ptolemy/actor/lib/test/auto/URLDirectoryReader.xml (RunModel)" time="0.125" />
  <testcase classname="ptolemy.util.test.junit.AutoTests" name="[390] /home/travis/build/icyphy/ptII/ptolemy/actor/lib/test/auto/URLDirectoryReader3.xml (RunModel)" time="1.418" />
  <testcase classname="ptolemy.util.test.junit.AutoTests" name="[391] /home/travis/build/icyphy/ptII/ptolemy/actor/lib/test/auto/UnaryMathFunction.xml (RunModel)" time="0.069" />
  <testcase classname="ptolemy.util.test.junit.AutoTests" name="[392] /home/travis/build/icyphy/ptII/ptolemy/actor/lib/test/auto/Uniform.xml (RunModel)" time="0.047" />
  <testcase classname="ptolemy.util.test.junit.AutoTests" name="[393] /home/travis/build/icyphy/ptII/ptolemy/actor/lib/test/auto/UnionDisassemblerTest.xml (RunModel)" time="0.029" />
  <testcase classname="ptolemy.util.test.junit.AutoTests" name="[394] /home/travis/build/icyphy/ptII/ptolemy/actor/lib/test/auto/UtilityFunctions.xml (RunModel)" time="0.036" />
  <testcase classname="ptolemy.util.test.junit.AutoTests" name="[395] /home/travis/build/icyphy/ptII/ptolemy/actor/lib/test/auto/VariableSleep.xml (RunModel)" time="0.542" />
  <testcase classname="ptolemy.util.test.junit.AutoTests" name="[396] /home/travis/build/icyphy/ptII/ptolemy/actor/lib/test/auto/VectorAssemblerDisassemblerCT.xml (RunModel)" time="0.117" />
  <testcase classname="ptolemy.util.test.junit.AutoTests" name="[397] /home/travis/build/icyphy/ptII/ptolemy/actor/lib/test/auto/VectorAssemblerDisassemblerDE.xml (RunModel)" time="0.016" />
  <testcase classname="ptolemy.util.test.junit.AutoTests" name="[398] /home/travis/build/icyphy/ptII/ptolemy/actor/lib/test/auto/VectorAssemblerDisassemblerSDF.xml (RunModel)" time="0.015" />
  <testcase classname="ptolemy.util.test.junit.AutoTests" name="[399] /home/travis/build/icyphy/ptII/ptolemy/actor/lib/test/auto/WallClockTime.xml (RunModel)" time="1.016" />
  <testcase classname="ptolemy.util.test.junit.AutoTests" name="[400] /home/travis/build/icyphy/ptII/ptolemy/actor/lib/test/auto/WidthTestWithSubscriberPublisher.xml (RunModel)" time="0.049" />
  <testcase classname="ptolemy.util.test.junit.AutoTests" name="[401] /home/travis/build/icyphy/ptII/ptolemy/actor/lib/test/auto/WidthTestWithSubscriberPublisher2.xml (RunModel)" time="0.023" />
  <testcase classname="ptolemy.util.test.junit.AutoTests" name="[402] /home/travis/build/icyphy/ptII/ptolemy/actor/lib/test/auto/WidthTestWithSubscriberPublisher3.xml (RunModel)" time="0.031" />
  <testcase classname="ptolemy.util.test.junit.AutoTests" name="[403] /home/travis/build/icyphy/ptII/ptolemy/actor/lib/test/auto/Writer.xml (RunModel)" time="0.009" />
  <testcase classname="ptolemy.util.test.junit.AutoTests" name="[404] /home/travis/build/icyphy/ptII/ptolemy/actor/lib/test/auto/array.xml (RunModel)" time="0.012" />
  <testcase classname="ptolemy.util.test.junit.AutoTests" name="[405] /home/travis/build/icyphy/ptII/ptolemy/actor/lib/test/auto/array2.xml (RunModel)" time="0.015" />
  <testcase classname="ptolemy.util.test.junit.AutoTests" name="[406] /home/travis/build/icyphy/ptII/ptolemy/actor/lib/test/auto/arrayType.xml (RunModel)" time="0.013" />
  <testcase classname="ptolemy.util.test.junit.AutoTests" name="[407] /home/travis/build/icyphy/ptII/ptolemy/actor/lib/test/auto/arrayType10.xml (RunModel)" time="0.009" />
  <testcase classname="ptolemy.util.test.junit.AutoTests" name="[408] /home/travis/build/icyphy/ptII/ptolemy/actor/lib/test/auto/arrayType11.xml (RunModel)" time="0.01" />
  <testcase classname="ptolemy.util.test.junit.AutoTests" name="[409] /home/travis/build/icyphy/ptII/ptolemy/actor/lib/test/auto/arrayType12.xml (RunModel)" time="0.011" />
  <testcase classname="ptolemy.util.test.junit.AutoTests" name="[410] /home/travis/build/icyphy/ptII/ptolemy/actor/lib/test/auto/arrayType13.xml (RunModel)" time="0.01" />
  <testcase classname="ptolemy.util.test.junit.AutoTests" name="[411] /home/travis/build/icyphy/ptII/ptolemy/actor/lib/test/auto/arrayType14.xml (RunModel)" time="0.011" />
  <testcase classname="ptolemy.util.test.junit.AutoTests" name="[412] /home/travis/build/icyphy/ptII/ptolemy/actor/lib/test/auto/arrayType15.xml (RunModel)" time="0.021" />
  <testcase classname="ptolemy.util.test.junit.AutoTests" name="[413] /home/travis/build/icyphy/ptII/ptolemy/actor/lib/test/auto/arrayType16.xml (RunModel)" time="0.012" />
  <testcase classname="ptolemy.util.test.junit.AutoTests" name="[414] /home/travis/build/icyphy/ptII/ptolemy/actor/lib/test/auto/arrayType17.xml (RunModel)" time="0.01" />
  <testcase classname="ptolemy.util.test.junit.AutoTests" name="[415] /home/travis/build/icyphy/ptII/ptolemy/actor/lib/test/auto/arrayType18.xml (RunModel)" time="0.009" />
  <testcase classname="ptolemy.util.test.junit.AutoTests" name="[416] /home/travis/build/icyphy/ptII/ptolemy/actor/lib/test/auto/arrayType19.xml (RunModel)" time="0.009" />
  <testcase classname="ptolemy.util.test.junit.AutoTests" name="[417] /home/travis/build/icyphy/ptII/ptolemy/actor/lib/test/auto/arrayType2.xml (RunModel)" time="0.014" />
  <testcase classname="ptolemy.util.test.junit.AutoTests" name="[418] /home/travis/build/icyphy/ptII/ptolemy/actor/lib/test/auto/arrayType20.xml (RunModel)" time="0.011" />
  <testcase classname="ptolemy.util.test.junit.AutoTests" name="[419] /home/travis/build/icyphy/ptII/ptolemy/actor/lib/test/auto/arrayType21.xml (RunModel)" time="0.01" />
  <testcase classname="ptolemy.util.test.junit.AutoTests" name="[420] /home/travis/build/icyphy/ptII/ptolemy/actor/lib/test/auto/arrayType22.xml (RunModel)" time="0.01" />
  <testcase classname="ptolemy.util.test.junit.AutoTests" name="[421] /home/travis/build/icyphy/ptII/ptolemy/actor/lib/test/auto/arrayType23.xml (RunModel)" time="0.014" />
  <testcase classname="ptolemy.util.test.junit.AutoTests" name="[422] /home/travis/build/icyphy/ptII/ptolemy/actor/lib/test/auto/arrayType24.xml (RunModel)" time="0.011" />
  <testcase classname="ptolemy.util.test.junit.AutoTests" name="[423] /home/travis/build/icyphy/ptII/ptolemy/actor/lib/test/auto/arrayType25.xml (RunModel)" time="0.012" />
  <testcase classname="ptolemy.util.test.junit.AutoTests" name="[424] /home/travis/build/icyphy/ptII/ptolemy/actor/lib/test/auto/arrayType26.xml (RunModel)" time="0.013" />
  <testcase classname="ptolemy.util.test.junit.AutoTests" name="[425] /home/travis/build/icyphy/ptII/ptolemy/actor/lib/test/auto/arrayType27.xml (RunModel)" time="0.013" />
  <testcase classname="ptolemy.util.test.junit.AutoTests" name="[426] /home/travis/build/icyphy/ptII/ptolemy/actor/lib/test/auto/arrayType28.xml (RunModel)" time="0.011" />
  <testcase classname="ptolemy.util.test.junit.AutoTests" name="[427] /home/travis/build/icyphy/ptII/ptolemy/actor/lib/test/auto/arrayType3.xml (RunModel)" time="0.01" />
  <testcase classname="ptolemy.util.test.junit.AutoTests" name="[428] /home/travis/build/icyphy/ptII/ptolemy/actor/lib/test/auto/arrayType4.xml (RunModel)" time="0.01" />
  <testcase classname="ptolemy.util.test.junit.AutoTests" name="[429] /home/travis/build/icyphy/ptII/ptolemy/actor/lib/test/auto/arrayType5.xml (RunModel)" time="0.012" />
  <testcase classname="ptolemy.util.test.junit.AutoTests" name="[430] /home/travis/build/icyphy/ptII/ptolemy/actor/lib/test/auto/arrayType6.xml (RunModel)" time="0.01" />
  <testcase classname="ptolemy.util.test.junit.AutoTests" name="[431] /home/travis/build/icyphy/ptII/ptolemy/actor/lib/test/auto/arrayType7.xml (RunModel)" time="0.024" />
  <testcase classname="ptolemy.util.test.junit.AutoTests" name="[432] /home/travis/build/icyphy/ptII/ptolemy/actor/lib/test/auto/arrayType8.xml (RunModel)" time="0.011" />
  <testcase classname="ptolemy.util.test.junit.AutoTests" name="[433] /home/travis/build/icyphy/ptII/ptolemy/actor/lib/test/auto/arrayType9.xml (RunModel)" time="0.009" />
  <testcase classname="ptolemy.util.test.junit.AutoTests" name="[434] /home/travis/build/icyphy/ptII/ptolemy/actor/lib/test/auto/cast.xml (RunModel)" time="0.01" />
  <testcase classname="ptolemy.util.test.junit.AutoTests" name="[435] /home/travis/build/icyphy/ptII/ptolemy/actor/lib/test/auto/compositeMultiPort.xml (RunModel)" time="0.02" />
  <testcase classname="ptolemy.util.test.junit.AutoTests" name="[436] /home/travis/build/icyphy/ptII/ptolemy/actor/lib/test/auto/expressionCastInference.xml (RunModel)" time="0.01" />
  <testcase classname="ptolemy.util.test.junit.AutoTests" name="[437] /home/travis/build/icyphy/ptII/ptolemy/actor/lib/test/auto/expressionCastInference2.xml (RunModel)" time="0.009" />
  <testcase classname="ptolemy.util.test.junit.AutoTests" name="[438] /home/travis/build/icyphy/ptII/ptolemy/actor/lib/test/auto/expressionInference.xml (RunModel)" time="0.009" />
  <testcase classname="ptolemy.util.test.junit.AutoTests" name="[439] /home/travis/build/icyphy/ptII/ptolemy/actor/lib/test/auto/expression_bug.xml (RunModel)" time="0.009" />
  <testcase classname="ptolemy.util.test.junit.AutoTests" name="[440] /home/travis/build/icyphy/ptII/ptolemy/actor/lib/test/auto/factorial.xml (RunModel)" time="0.07" />
  <testcase classname="ptolemy.util.test.junit.AutoTests" name="[441] /home/travis/build/icyphy/ptII/ptolemy/actor/lib/test/auto/filterTest1.xml (RunModel)" time="0.016" />
  <testcase classname="ptolemy.util.test.junit.AutoTests" name="[442] /home/travis/build/icyphy/ptII/ptolemy/actor/lib/test/auto/funcApplyInConst.xml (RunModel)" time="0.008" />
  <testcase classname="ptolemy.util.test.junit.AutoTests" name="[443] /home/travis/build/icyphy/ptII/ptolemy/actor/lib/test/auto/funcApplyInExpr.xml (RunModel)" time="0.011" />
  <testcase classname="ptolemy.util.test.junit.AutoTests" name="[444] /home/travis/build/icyphy/ptII/ptolemy/actor/lib/test/auto/function.xml (RunModel)" time="0.012" />
  <testcase classname="ptolemy.util.test.junit.AutoTests" name="[445] /home/travis/build/icyphy/ptII/ptolemy/actor/lib/test/auto/function2.xml (RunModel)" time="0.01" />
  <testcase classname="ptolemy.util.test.junit.AutoTests" name="[446] /home/travis/build/icyphy/ptII/ptolemy/actor/lib/test/auto/function3.xml (RunModel)" time="0.01" />
  <testcase classname="ptolemy.util.test.junit.AutoTests" name="[447] /home/travis/build/icyphy/ptII/ptolemy/actor/lib/test/auto/functionClosureTest1.xml (RunModel)" time="0.012" />
  <testcase classname="ptolemy.util.test.junit.AutoTests" name="[448] /home/travis/build/icyphy/ptII/ptolemy/actor/lib/test/auto/functionClosureTest2.xml (RunModel)" time="0.008" />
  <testcase classname="ptolemy.util.test.junit.AutoTests" name="[449] /home/travis/build/icyphy/ptII/ptolemy/actor/lib/test/auto/functionClosureTest3.xml (RunModel)" time="0.017" />
  <testcase classname="ptolemy.util.test.junit.AutoTests" name="[450] /home/travis/build/icyphy/ptII/ptolemy/actor/lib/test/auto/functionClosureTest4.xml (RunModel)" time="0.024" />
  <testcase classname="ptolemy.util.test.junit.AutoTests" name="[451] /home/travis/build/icyphy/ptII/ptolemy/actor/lib/test/auto/functionClosureTest5.xml (RunModel)" time="0.016" />
  <testcase classname="ptolemy.util.test.junit.AutoTests" name="[452] /home/travis/build/icyphy/ptII/ptolemy/actor/lib/test/auto/functionClosureTest6.xml (RunModel)" time="0.009" />
  <testcase classname="ptolemy.util.test.junit.AutoTests" name="[453] /home/travis/build/icyphy/ptII/ptolemy/actor/lib/test/auto/functionsOnArcs.xml (RunModel)" time="0.013" />
  <testcase classname="ptolemy.util.test.junit.AutoTests" name="[454] /home/travis/build/icyphy/ptII/ptolemy/actor/lib/test/auto/functionsOnArcsHOF.xml (RunModel)" time="0.016" />
  <testcase classname="ptolemy.util.test.junit.AutoTests" name="[455] /home/travis/build/icyphy/ptII/ptolemy/actor/lib/test/auto/logic.xml (RunModel)" time="0.021" />
  <testcase classname="ptolemy.util.test.junit.AutoTests" name="[456] /home/travis/build/icyphy/ptII/ptolemy/actor/lib/test/auto/matrixType.xml (RunModel)" time="0.01" />
  <testcase classname="ptolemy.util.test.junit.AutoTests" name="[457] /home/travis/build/icyphy/ptII/ptolemy/actor/lib/test/auto/matrixType10.xml (RunModel)" time="0.011" />
  <testcase classname="ptolemy.util.test.junit.AutoTests" name="[458] /home/travis/build/icyphy/ptII/ptolemy/actor/lib/test/auto/matrixType11.xml (RunModel)" time="0.01" />
  <testcase classname="ptolemy.util.test.junit.AutoTests" name="[459] /home/travis/build/icyphy/ptII/ptolemy/actor/lib/test/auto/matrixType12.xml (RunModel)" time="0.014" />
  <testcase classname="ptolemy.util.test.junit.AutoTests" name="[460] /home/travis/build/icyphy/ptII/ptolemy/actor/lib/test/auto/matrixType13.xml (RunModel)" time="0.009" />
  <testcase classname="ptolemy.util.test.junit.AutoTests" name="[461] /home/travis/build/icyphy/ptII/ptolemy/actor/lib/test/auto/matrixType14.xml (RunModel)" time="0.012" />
  <testcase classname="ptolemy.util.test.junit.AutoTests" name="[462] /home/travis/build/icyphy/ptII/ptolemy/actor/lib/test/auto/matrixType2.xml (RunModel)" time="0.011" />
  <testcase classname="ptolemy.util.test.junit.AutoTests" name="[463] /home/travis/build/icyphy/ptII/ptolemy/actor/lib/test/auto/matrixType3.xml (RunModel)" time="0.012" />
  <testcase classname="ptolemy.util.test.junit.AutoTests" name="[464] /home/travis/build/icyphy/ptII/ptolemy/actor/lib/test/auto/matrixType4.xml (RunModel)" time="0.009" />
  <testcase classname="ptolemy.util.test.junit.AutoTests" name="[465] /home/travis/build/icyphy/ptII/ptolemy/actor/lib/test/auto/matrixType5.xml (RunModel)" time="0.01" />
  <testcase classname="ptolemy.util.test.junit.AutoTests" name="[466] /home/travis/build/icyphy/ptII/ptolemy/actor/lib/test/auto/matrixType6.xml (RunModel)" time="0.009" />
  <testcase classname="ptolemy.util.test.junit.AutoTests" name="[467] /home/travis/build/icyphy/ptII/ptolemy/actor/lib/test/auto/matrixType7.xml (RunModel)" time="0.011" />
  <testcase classname="ptolemy.util.test.junit.AutoTests" name="[468] /home/travis/build/icyphy/ptII/ptolemy/actor/lib/test/auto/matrixType8.xml (RunModel)" time="0.013" />
  <testcase classname="ptolemy.util.test.junit.AutoTests" name="[469] /home/travis/build/icyphy/ptII/ptolemy/actor/lib/test/auto/matrixType9.xml (RunModel)" time="0.009" />
  <testcase classname="ptolemy.util.test.junit.AutoTests" name="[470] /home/travis/build/icyphy/ptII/ptolemy/actor/lib/test/auto/paraFunctest.xml (RunModel)" time="0.008" />
  <testcase classname="ptolemy.util.test.junit.AutoTests" name="[471] /home/travis/build/icyphy/ptII/ptolemy/actor/lib/test/auto/paraFunctest2.xml (RunModel)" time="0.007" />
  <testcase classname="ptolemy.util.test.junit.AutoTests" name="[472] /home/travis/build/icyphy/ptII/ptolemy/actor/lib/test/auto/parameterPassing.xml (RunModel)" time="0.009" />
  <testcase classname="ptolemy.util.test.junit.AutoTests" name="[473] /home/travis/build/icyphy/ptII/ptolemy/actor/lib/test/auto/record.xml (RunModel)" time="0.009" />
  <testcase classname="ptolemy.util.test.junit.AutoTests" name="[474] /home/travis/build/icyphy/ptII/ptolemy/actor/lib/test/auto/sizedarray1.xml (RunModel)" time="0.011" />
  <testcase classname="ptolemy.util.test.junit.AutoTests" name="[475] /home/travis/build/icyphy/ptII/ptolemy/actor/lib/test/auto/sizedarray2.xml (RunModel)" time="0.012" />
  <testcase classname="ptolemy.util.test.junit.AutoTests" name="[476] /home/travis/build/icyphy/ptII/ptolemy/actor/lib/test/auto/twoPublishers.xml (RunModel)" time="0.026" />
  <system-out><![CDATA[/home/travis/build/icyphy/ptII/ptolemy/actor/lib/test/AbsoluteValue.tcl
testDefs.tcl: setting time out to 9000 seconds at Thu May 10 01:15:32 UTC 2018
85 ms. Memory: 116224K Free: 107877K (93%)
9 ms. Memory: 116224K Free: 106644K (92%)
17 ms. Memory: 116224K Free: 106007K (91%)
13 ms. Memory: 116224K Free: 105402K (91%)
/home/travis/build/icyphy/ptII/ptolemy/actor/lib/test/AddSubtract.tcl
16 ms. Memory: 116224K Free: 103007K (89%)
14 ms. Memory: 116224K Free: 102410K (88%)
7 ms. Memory: 116224K Free: 101774K (88%)
7 ms. Memory: 116224K Free: 100580K (87%)
6 ms. Memory: 116224K Free: 99984K (86%)
4 ms. Memory: 116224K Free: 99371K (85%)
/home/travis/build/icyphy/ptII/ptolemy/actor/lib/test/Average.tcl
14 ms. Memory: 116224K Free: 97565K (84%)
6 ms. Memory: 116224K Free: 96356K (83%)
/home/travis/build/icyphy/ptII/ptolemy/actor/lib/test/Bernoulli.tcl
5 ms. Memory: 116224K Free: 94533K (81%)
8 ms. Memory: 116224K Free: 93937K (81%)
/home/travis/build/icyphy/ptII/ptolemy/actor/lib/test/Clock.tcl
preinitializing
resolving types
initializing
executing number 1
wrapping up
idle
24 ms. Memory: 116224K Free: 92131K (79%)
Completed execution with 5 iterations
preinitializing
resolving types
initializing
executing number 1
wrapping up
idle
4 ms. Memory: 116224K Free: 90937K (78%)
Completed execution with 5 iterations
preinitializing
resolving types
initializing
executing number 1
wrapping up
idle
5 ms. Memory: 116224K Free: 90341K (78%)
Completed execution with 5 iterations
/home/travis/build/icyphy/ptII/ptolemy/actor/lib/test/Commutator.tcl
6 ms. Memory: 116224K Free: 88527K (76%)
12 ms. Memory: 116224K Free: 87325K (75%)
15 ms. Memory: 116224K Free: 83045K (71%)
/home/travis/build/icyphy/ptII/ptolemy/actor/lib/test/Const.tcl
4 ms. Memory: 116224K Free: 81239K (70%)
18 ms. Memory: 146944K Free: 140338K (96%)
3 ms. Memory: 146944K Free: 140338K (96%)
2 ms. Memory: 146944K Free: 139122K (95%)
2 ms. Memory: 146944K Free: 139122K (95%)
13 ms. Memory: 146944K Free: 137522K (94%)
5 ms. Memory: 146944K Free: 136320K (93%)
4 ms. Memory: 146944K Free: 135119K (92%)
/home/travis/build/icyphy/ptII/ptolemy/actor/lib/test/CurrentTime.tcl
preinitializing
resolving types
initializing
executing number 1
wrapping up
idle
19 ms. Memory: 146944K Free: 132719K (90%)
Completed execution with 11 iterations
/home/travis/build/icyphy/ptII/ptolemy/actor/lib/test/DB.tcl
5 ms. Memory: 146944K Free: 131518K (90%)
2 ms. Memory: 146944K Free: 130302K (89%)
10 ms. Memory: 146944K Free: 129073K (88%)
/home/travis/build/icyphy/ptII/ptolemy/actor/lib/test/DiscreteRandomSource.tcl
preinitializing
resolving types
initializing
executing number 1
wrapping up
idle
4 ms. Memory: 146944K Free: 127857K (87%)
Completed execution with 4 iterations
preinitializing
resolving types
initializing
executing number 1
wrapping up
idle
11 ms. Memory: 146944K Free: 126640K (86%)
Completed execution with 4 iterations
preinitializing
resolving types
initializing
executing number 1
wrapping up
idle
3 ms. Memory: 146944K Free: 126640K (86%)
Completed execution with 4 iterations
preinitializing
resolving types
initializing
executing number 1
wrapping up
idle
3 ms. Memory: 146944K Free: 126640K (86%)
Completed execution with 4 iterations
preinitializing
resolving types
initializing
executing number 1
wrapping up
idle
14 ms. Memory: 146944K Free: 125424K (85%)
Completed execution with 4 iterations
/home/travis/build/icyphy/ptII/ptolemy/actor/lib/test/Distributor.tcl
6 ms. Memory: 146944K Free: 124208K (85%)
4 ms. Memory: 146944K Free: 123007K (84%)
StreamChangeRequest.changeExecuted(): <deleteEntity name="rec2"/> succeeded
StreamChangeRequest.changeExecuted(): <deleteRelation name="r2"/> succeeded
StreamChangeRequest.changeExecuted(): Record firings per iteration succeeded
5 ms. Memory: 146944K Free: 120588K (82%)
/home/travis/build/icyphy/ptII/ptolemy/actor/lib/test/Exit.tcl
Exit.tcl: this will print a message about Manager.exitAfterWrapup, which can be ignored.
5 ms. Memory: 146944K Free: 117557K (80%)
/home/travis/build/icyphy/ptII/ptolemy/actor/lib/test/Expression.tcl
10 ms. Memory: 146944K Free: 113920K (78%)
9 ms. Memory: 146944K Free: 113920K (78%)
3 ms. Memory: 146944K Free: 112719K (77%)
preinitializing
resolving types
initializing
executing number 1
wrapping up
idle
13 ms. Memory: 146944K Free: 111519K (76%)
Completed execution with 6 iterations
11 ms. Memory: 146944K Free: 110319K (75%)
3 ms. Memory: 146944K Free: 110319K (75%)
14 ms. Memory: 146944K Free: 109118K (74%)
4 ms. Memory: 146944K Free: 107918K (73%)
5 ms. Memory: 146944K Free: 106718K (73%)
/home/travis/build/icyphy/ptII/ptolemy/actor/lib/test/Gaussian.tcl
5 ms. Memory: 146944K Free: 104317K (71%)
sleeping 1 seconds: ........................................................................................................................................................................................................................................................................................................................................................................................................................................................................................................................................................................................................................................................................................................................................................................................................................................................................................................................................................................................................................................................................................................................................................................................................................................................................................................................................................................................................................................................................................................................................................................................................................................................................................................................................................................................................................................................................................................................................................................................................................................................................................................................................................................................................................................................................................................................................................................................................................................................................................................................................................................................................................................................................................................................................................................................................................................................................................................................................................................................................................................................................................................................................................................................................................................................................................................................................................................................................................................................................................................................................................................................................................................................................................................................................................................................................................................................................................................................................................................................................................................................................................................................................................................................................................................................................................................................................................................................................................................................................................................................................................................................................................................................................................................................................................................................................................................................................................................................................................................................................................................................................................................................................................................................................................................................................................................................................................................................................................................................................................................................................................................................................................................................................................................................................................................................................................................................................................................................................................................................................................................................................................................................................................................................................................................................................................................................................................................................................................................................................................................................................................................................................................................................................................................................................................................................................................................................................................................................................................................................................................................................................................................................................................................................................................................................................................................................................................................................................................................................................................................................................................................................................................................................................................................................................................................................................................................................................................................................................................................................................................................................................................................................................................................................................................................................................................................................................................................................................................................................................................................................................................................................................................................................................................................................................................................................................................................................................................................................................................................................................................................................................................................................................................................................................................................................................................................................................................................................................................................................................................................................................................................................................................................................................................................................................................................................................................................................................................................................................................................................................................................................................................................................................................................................................................................................................................................................................................................................................................................................................................................................................................................................................................................................................................................................................................................................................................................................................................................................................................................................................................................................................................................................................................................................................................................................................................................................................................................................................................................................................................................................................................................................................................................................................................................................................................................................................................................................................................................................................................................................................................................................................................................................................................................................................................................................................................................................................................................................................................................................................................................................................................................................................................................................................................................................................................................................................................................................................................................................................................................................................................................................................................................................................................................................................................................................................................................................................................................................................................................................................................................................................................................................................................................................................................................................................................................................................................................................................................................................................................................................................................................................................................................................................................................................................................................................................................................................................................................................................................................................................................................................................................................................................................................................................................................................................................................................................................................................................................................................................................................................................................................................................................................................................................................................................................................................................................................................................................................................................................................................................................................................................................................................................................................................................................................................................................................................................................................................................................................................................................................................................................................................................................................................................................................................................................................................................................................................................................................................................................................................................................................................................................................................................................................................................................................................................................................................................................................................................................................................................................................................................................................................................................................................................................................................................................................................................................................................................................................................................................................................................................................................................................................................................................................................................................................................................................................................................................................................................................................................................................................................................................................................................................................................................................................................................................................................................................................................................................................................................................................................................................................................................................................................................................................................................................................................................................................................................................................................................................................................................................................................................................................................................................................................................................................................................................................................................................................................................................................................................................................................................................................................................................................................................................................................................................................................................................................................................................................................................................................................................................................................................................................................................................................................................................................................................................................................................................................................................................................................................................................................................................................................................................................................................................................................................................................................................................................................................................................................................................................................................................................................................................................................................................................................................................................................................................................................................................................................................................................................................................................................................................................................................................................................................................................................................................................................................................................................................................................................................................................................................................................................................................................................................................................................................................................................................................................................................................................................................................................................................................................................................................................................................................................................................................................................................................................................................................................................................................................................................................................................................................................................................................................................................................................................................................................................................................................................................................................................................................................................................................................................................................................................................................................................................................................................................................................................................................................................................................................................................................................................................................................................................................................................................................................................................................................................................................................................................................................................................................................................................................................................................................................................................................................................................................................................................................................................................................................................................................................................................................................................................................................................................................................................................................................................................................................................................................................................................................................................................................................................................................................................................................................................................................................................................................................................................................................................................................................................................................................................................................................................................................................................................................................................................................................................................................................................................................................................................................................................................................................................................................................................................................................................................................................................................................................................................................................................................................................................................................................................................................................................................................................................................................................................................................................................................................................................................................................................................................................................................................................................................................................................................................................................................................................................................................................................................................................................................................................................................................................................................................................................................................................................................................................................................................................................................................................................................................................................................................................................................................................................................................................................................................................................................................................................................................................................................................................................................................................................................................................................................................................................................................................................................................................................................................................................................................................................................................................................................................................................................................................................................................................................................................................................................................................................................................................................................................................................................................................................................................................................................................................................................................................................................................................................................................................................................................................................................................................................................................................................................................................................................................................................................................................................................................................................................................................................................................................................................................................................................................................................................................................................................................................................................................................................................................................................................................................................................................................................................................................................................................................................................................................................................................................................................................................................................................................................................................................................................................................................................................................................................................................................................................................................................................................................................................................................................................................................................................................................................................................................................................................................................................................................................................................................................................................................................................................................................................................................................................................................................................................................................................................................................................................................................................................................................................................................................................................................................................................................................................................................................................................................................................................................................................................................................................................................................................................................................................................................................................................................................................................................................................................................................................................................................................................................................................................................................................................................................................................................................................................................................................................................................................................................................................................................................................................................................................................................................................................................................................................................................................................................................................................................................................................................................................................................................................................................................................................................................................................................................................................................................................................................................................................................................................................................................................................................................................................................................................................................................................................................................................................................................................................................................................................................................................................................................................................................................................................................................................................................................................................................................................................................................................................................................................................................................................................................................................................................................................................................................................................................................................................................................................................................................................................................................................................................................................................................................................................................................................................................................................................................................................................................................................................................................................................................................................................................................................................................................................................................................................................................................................................................................................................................................................................................................................................................................................................................................................................................................................................................................................................................................................................................................................................................................................................................................................................................................................................................................................................................................................................................................................................................................................................................................................................................................................................................................................................................................................................................................................................................................................................................................................................................................................................................................................................................................................................................................................................................................................................................................................................................................................................................................................................................................................................................................................................................................................................................................................................................................................................................................................................................................................................................................................................................................................................................................................................................................................................................................................................................................................................................................................................................................................................................................................................................................................................................................................................................................................................................................................................................................................................................................................................................................................................................................................................................................................................................................................................................................................................................................................................................................................................................................................................................................................................................................................................................................................................................................................................................................................................................................................................................................................................................................................................................................................................................................................................................................................................................................................................................................................................................................................................................................................................................................................................................................................................................................................................................................................................................................................................................................................................................................................................................................................................................................................................................................................................................................................................................................................................................................................................................................................................................................................................................................................................................................................................................................................................................................................................................................................................................................................................................................................................................................................................................................................................................................................................................................................................................................................................................................................................................................................................................................................................................................................................................................................................................................................................................................................................................................................................................................................................................................................................................................................................................................................................................................................................................................................................................................................................................................................................................................................................................................................................................................................................................................................................................................................................................................................................................................................................................................................................................................................................................................................................................................................................................................................................................................................................................................................................................................................................................................................................................................................................................................................................................................................................................................................................................................................................................................................................................................................................................................................................................................................................................................................................................................................................................................................................................................................................................................................................................................................................................................................................................................................................................................................................................................................................................................................................................................................................................................................................................................................................................................................................................................................................................................................................................................................................................................................................................................................................................................................................................................................................................................................................................................................................................................................................................................................................................................................................................................................................................................................................................................................................................................................................................................................................................................................................................................................................................................................................................................................................................................................................................................................................................................................................................................................................................................................................................................................................................................................................................................................................................................................................................................................................................................................................................................................................................................................................................................................................................................................................................................................................................................................................................................................................................................................................................................................................................................................................................................................................................................................................................................................................................................................................................................................................................................................................................................................................................................................................................................................................................................................................................................................................................................................................................................................................................................................................................................................................................................................................................................................................................................................................................................................................................................................................................................................................................................................................................................................................................................................................................................................................................................................................................................................................................................................................................................................................................................................................................................................................................................................................................................................................................................................................................................................................................................................................................................................................................................................................................................................................................................................................................................................................................................................................................................................................................................................................................................................................................................................................................................................................................................................................................................................................................................................................................................................................................................................................................................................................................................................................................................................................................................................................................................................................................................................................................................................................................................................................................................................................................................................................................................................................................................................................................................................................................................................................................................................................................................................................................................................................................................................................................................................................................................................................................................................................................................................................................................................................................................................................................................................................................................................................................................................................................................................................................................................................................................................................................................................................................................................................................................................................................................................................................................................................................................................................................................................................................................................................................................................................................................................................................................................................................................................................................................................................................................................................................................................................................................................................................................................................................................................................................................................................................................................................................................................................................................................................................................................................................................................................................................................................................................................................................................................................................................................................................................................................................................................................................................................................................................................................................................................................................................................................................................................................................................................................................................................................................................................................................................................................4 ms. Memory: 208384K Free: 171856K (82%)
7 ms. Memory: 208384K Free: 168922K (81%)
5 ms. Memory: 208384K Free: 168922K (81%)
9 ms. Memory: 208384K Free: 168922K (81%)
3 ms. Memory: 208384K Free: 166509K (80%)
/home/travis/build/icyphy/ptII/ptolemy/actor/lib/test/IIR.tcl
/home/travis/build/icyphy/ptII/ptolemy/actor/lib/test/Interpolator.tcl
4 ms. Memory: 208384K Free: 164095K (79%)
2 ms. Memory: 208384K Free: 164095K (79%)
2 ms. Memory: 208384K Free: 161681K (78%)
2 ms. Memory: 208384K Free: 161681K (78%)
4 ms. Memory: 208384K Free: 161681K (78%)
3 ms. Memory: 208384K Free: 159268K (76%)
3 ms. Memory: 208384K Free: 159268K (76%)
3 ms. Memory: 208384K Free: 159268K (76%)
2 ms. Memory: 208384K Free: 156854K (75%)
3 ms. Memory: 208384K Free: 156854K (75%)
/home/travis/build/icyphy/ptII/ptolemy/actor/lib/test/MathFunction.tcl
5 ms. Memory: 208384K Free: 154440K (74%)
3 ms. Memory: 208384K Free: 154440K (74%)
2 ms. Memory: 208384K Free: 152026K (73%)
2 ms. Memory: 208384K Free: 152026K (73%)
4 ms. Memory: 208384K Free: 149613K (72%)
7 ms. Memory: 208384K Free: 147199K (71%)
/home/travis/build/icyphy/ptII/ptolemy/actor/lib/test/Maximum.tcl
5 ms. Memory: 208384K Free: 147199K (71%)
2 ms. Memory: 208384K Free: 144785K (69%)
2 ms. Memory: 208384K Free: 144785K (69%)
3 ms. Memory: 208384K Free: 144785K (69%)
/home/travis/build/icyphy/ptII/ptolemy/actor/lib/test/Minimum.tcl
4 ms. Memory: 208384K Free: 142371K (68%)
2 ms. Memory: 208384K Free: 142371K (68%)
2 ms. Memory: 208384K Free: 139958K (67%)
2 ms. Memory: 208384K Free: 139958K (67%)
/home/travis/build/icyphy/ptII/ptolemy/actor/lib/test/MultiplyDivide.tcl
5 ms. Memory: 208384K Free: 137544K (66%)
3 ms. Memory: 208384K Free: 137544K (66%)
3 ms. Memory: 208384K Free: 137544K (66%)
8 ms. Memory: 208384K Free: 135130K (65%)
3 ms. Memory: 208384K Free: 135130K (65%)
/home/travis/build/icyphy/ptII/ptolemy/actor/lib/test/OrderedMerge.tcl
Connections changed on port: inputA
Connections changed on port: inputB
Connections changed on port: output
Connections changed on port: output
Connections changed on port: output
Connections changed on port: input
.top. Preinitializing ...
Invoking preinitialize():  .top.OrderedMerge
Called preinitialize()
Invoking preinitialize():  .top.Ramp
Called preinitialize()
Invoking preinitialize():  .top.Ramp2
Called preinitialize()
Invoking preinitialize():  .top.Test
Called preinitialize()
Connections changed on port: inputA
Connections changed on port: output
Connections changed on port: inputB
Connections changed on port: output
Connections changed on port: output
Connections changed on port: input
.top. Finished preinitialize().
Called initialize().
Invoking initialize():  .top.OrderedMerge
Initializing actor: .top.OrderedMerge
Adding a thread: .top.OrderedMerge
Invoking initialize():  .top.Ramp
Initializing actor: .top.Ramp
Adding a thread: .top.Ramp
Invoking initialize():  .top.Ramp2
Initializing actor: .top.Ramp2
Adding a thread: .top.Ramp2
Invoking initialize():  .top.Test
Initializing actor: .top.Test
Adding a thread: .top.Test
-- Starting thread.
Called initialize()
Called prefire()
Called fire()
-- Starting thread.
Called initialize()
Called prefire()
Called fire()
Called postfire()
Called prefire()
Called fire()
-- Starting thread.
Called initialize()
Called prefire()
Called fire()
Called postfire()
Called prefire()
Called fire()
Called fire().
Checking for deadlock:
There are 3 Blocked actors, 0 Stopped actors, and 4 active threads.
Waiting for actors to stop.
-- Starting thread.
Called initialize()
Called prefire()
Called fire()
Checking for deadlock:
There are 2 Blocked actors, 0 Stopped actors, and 4 active threads.
Waiting for actors to stop.
Called postfire()
Called prefire()
Called fire()
Checking for deadlock:
There are 3 Blocked actors, 0 Stopped actors, and 4 active threads.
Waiting for actors to stop.
Read input token from inputA with value 0.0
Next port to read input from is inputB
Called postfire()
Called prefire()
Called fire()
Checking for deadlock:
There are 2 Blocked actors, 0 Stopped actors, and 4 active threads.
Waiting for actors to stop.
Called postfire()
Called prefire()
Called fire()
Checking for deadlock:
There are 3 Blocked actors, 0 Stopped actors, and 4 active threads.
Waiting for actors to stop.
Read input token from inputB with value 0.0
Checking for deadlock:
There are 2 Blocked actors, 0 Stopped actors, and 4 active threads.
Waiting for actors to stop.
-- Read input: 0.0, which is expected to match: 0.0
Called prefire()
Called fire()
Checking for deadlock:
There are 3 Blocked actors, 0 Stopped actors, and 4 active threads.
Waiting for actors to stop.
Sent output token with value 0.0
Next port to read input from is inputA
Called postfire()
Called prefire()
Called fire()
Checking for deadlock:
There are 2 Blocked actors, 0 Stopped actors, and 4 active threads.
Waiting for actors to stop.
Called postfire()
Called prefire()
Called fire()
Checking for deadlock:
There are 3 Blocked actors, 0 Stopped actors, and 4 active threads.
Waiting for actors to stop.
Read input token from inputA with value 1.0
Checking for deadlock:
There are 2 Blocked actors, 0 Stopped actors, and 4 active threads.
Waiting for actors to stop.
-- Read input: 0.0, which is expected to match: 0.0
Called prefire()
Called fire()
Checking for deadlock:
There are 3 Blocked actors, 0 Stopped actors, and 4 active threads.
Waiting for actors to stop.
Sent output token with value 0.0
Next port to read input from is inputB
Called postfire()
Called prefire()
Called fire()
Checking for deadlock:
There are 2 Blocked actors, 0 Stopped actors, and 4 active threads.
Waiting for actors to stop.
Called postfire()
Called prefire()
Called fire()
Checking for deadlock:
There are 3 Blocked actors, 0 Stopped actors, and 4 active threads.
Waiting for actors to stop.
Read input token from inputB with value 1.5
Checking for deadlock:
There are 2 Blocked actors, 0 Stopped actors, and 4 active threads.
Waiting for actors to stop.
-- Read input: 1.0, which is expected to match: 1.0
Called prefire()
Called fire()
Checking for deadlock:
There are 3 Blocked actors, 0 Stopped actors, and 4 active threads.
Waiting for actors to stop.
Sent output token with value 1.0
Next port to read input from is inputA
Called postfire()
Called prefire()
Called fire()
Checking for deadlock:
There are 2 Blocked actors, 0 Stopped actors, and 4 active threads.
Waiting for actors to stop.
Called postfire()
Called prefire()
Called fire()
Checking for deadlock:
There are 3 Blocked actors, 0 Stopped actors, and 4 active threads.
Waiting for actors to stop.
Read input token from inputA with value 2.0
Checking for deadlock:
There are 2 Blocked actors, 0 Stopped actors, and 4 active threads.
Waiting for actors to stop.
-- Read input: 1.5, which is expected to match: 1.5
Called prefire()
Called fire()
Checking for deadlock:
There are 3 Blocked actors, 0 Stopped actors, and 4 active threads.
Waiting for actors to stop.
Sent output token with value 1.5
Next port to read input from is inputB
Called postfire()
Called prefire()
Called fire()
Checking for deadlock:
There are 2 Blocked actors, 0 Stopped actors, and 4 active threads.
Waiting for actors to stop.
Called postfire()
Called prefire()
Called fire()
Checking for deadlock:
There are 3 Blocked actors, 0 Stopped actors, and 4 active threads.
Waiting for actors to stop.
Read input token from inputB with value 3.0
Checking for deadlock:
There are 2 Blocked actors, 0 Stopped actors, and 4 active threads.
Waiting for actors to stop.
-- Read input: 2.0, which is expected to match: 2.0
Called prefire()
Called fire()
Checking for deadlock:
There are 3 Blocked actors, 0 Stopped actors, and 4 active threads.
Waiting for actors to stop.
Sent output token with value 2.0
Next port to read input from is inputA
Called postfire()
Called prefire()
Called fire()
Checking for deadlock:
There are 2 Blocked actors, 0 Stopped actors, and 4 active threads.
Waiting for actors to stop.
Called postfire()
Called prefire()
Called fire()
Checking for deadlock:
There are 3 Blocked actors, 0 Stopped actors, and 4 active threads.
Waiting for actors to stop.
Read input token from inputA with value 3.0
Checking for deadlock:
There are 2 Blocked actors, 0 Stopped actors, and 4 active threads.
Waiting for actors to stop.
-- Read input: 3.0, which is expected to match: 3.0
Called prefire()
Called fire()
Checking for deadlock:
There are 3 Blocked actors, 0 Stopped actors, and 4 active threads.
Waiting for actors to stop.
Sent output token with value 3.0
Next port to read input from is inputB
Called postfire()
Called prefire()
Called fire()
Checking for deadlock:
There are 2 Blocked actors, 0 Stopped actors, and 4 active threads.
Waiting for actors to stop.
Called postfire()
Called prefire()
Called fire()
Checking for deadlock:
There are 3 Blocked actors, 0 Stopped actors, and 4 active threads.
Waiting for actors to stop.
Read input token from inputB with value 4.5
Checking for deadlock:
There are 2 Blocked actors, 0 Stopped actors, and 4 active threads.
Waiting for actors to stop.
-- Read input: 3.0, which is expected to match: 3.0
Called prefire()
Called fire()
Checking for deadlock:
There are 3 Blocked actors, 0 Stopped actors, and 4 active threads.
Waiting for actors to stop.
Sent output token with value 3.0
Next port to read input from is inputA
Called postfire()
Called prefire()
Called fire()
Checking for deadlock:
There are 2 Blocked actors, 0 Stopped actors, and 4 active threads.
Waiting for actors to stop.
Called postfire()
Called prefire()
Called fire()
Checking for deadlock:
There are 3 Blocked actors, 0 Stopped actors, and 4 active threads.
Waiting for actors to stop.
Read input token from inputA with value 4.0
Checking for deadlock:
There are 2 Blocked actors, 0 Stopped actors, and 4 active threads.
Waiting for actors to stop.
-- Read input: 4.0, which is expected to match: 4.0
Called prefire()
Called fire()
Past the end of training data. Read and discard all inputs.
Checking for deadlock:
There are 3 Blocked actors, 0 Stopped actors, and 4 active threads.
Waiting for actors to stop.
Sent output token with value 4.0
Next port to read input from is inputA
Called postfire()
Called prefire()
Called fire()
Checking for deadlock:
There are 2 Blocked actors, 0 Stopped actors, and 4 active threads.
Waiting for actors to stop.
Called postfire()
Called prefire()
Called fire()
Checking for deadlock:
There are 3 Blocked actors, 0 Stopped actors, and 4 active threads.
Waiting for actors to stop.
Read input token from inputA with value 5.0
Checking for deadlock:
There are 2 Blocked actors, 0 Stopped actors, and 4 active threads.
Waiting for actors to stop.
Called prefire()
Called fire()
Past the end of training data. Read and discard all inputs.
Checking for deadlock:
There are 3 Blocked actors, 0 Stopped actors, and 4 active threads.
Waiting for actors to stop.
Sent output token with value 4.5
Next port to read input from is inputB
Called postfire()
Called prefire()
Called fire()
Checking for deadlock:
There are 2 Blocked actors, 0 Stopped actors, and 4 active threads.
Waiting for actors to stop.
Called postfire()
Called prefire()
Called fire()
Checking for deadlock:
There are 3 Blocked actors, 0 Stopped actors, and 4 active threads.
Waiting for actors to stop.
Read input token from inputB with value 6.0
Checking for deadlock:
There are 2 Blocked actors, 0 Stopped actors, and 4 active threads.
Waiting for actors to stop.
Called prefire()
Called fire()
Past the end of training data. Read and discard all inputs.
Checking for deadlock:
There are 3 Blocked actors, 0 Stopped actors, and 4 active threads.
Waiting for actors to stop.
Sent output token with value 5.0
Next port to read input from is inputA
Called postfire()
Called prefire()
Called fire()
Checking for deadlock:
There are 2 Blocked actors, 0 Stopped actors, and 4 active threads.
Waiting for actors to stop.
Called postfire()
Called prefire()
Called fire()
Checking for deadlock:
There are 3 Blocked actors, 0 Stopped actors, and 4 active threads.
Waiting for actors to stop.
Read input token from inputA with value 6.0
Checking for deadlock:
There are 2 Blocked actors, 0 Stopped actors, and 4 active threads.
Waiting for actors to stop.
Called prefire()
Called fire()
Past the end of training data. Read and discard all inputs.
Checking for deadlock:
There are 3 Blocked actors, 0 Stopped actors, and 4 active threads.
Waiting for actors to stop.
Sent output token with value 6.0
Next port to read input from is inputB
Called postfire()
Called prefire()
Called fire()
Checking for deadlock:
There are 2 Blocked actors, 0 Stopped actors, and 4 active threads.
Waiting for actors to stop.
Called postfire()
Called prefire()
Called fire()
Checking for deadlock:
There are 3 Blocked actors, 0 Stopped actors, and 4 active threads.
Waiting for actors to stop.
Read input token from inputB with value 7.5
Checking for deadlock:
There are 2 Blocked actors, 0 Stopped actors, and 4 active threads.
Waiting for actors to stop.
Called prefire()
Called fire()
Past the end of training data. Read and discard all inputs.
Checking for deadlock:
There are 3 Blocked actors, 0 Stopped actors, and 4 active threads.
Waiting for actors to stop.
Sent output token with value 6.0
Next port to read input from is inputA
Called postfire()
Called prefire()
Called fire()
Checking for deadlock:
There are 2 Blocked actors, 0 Stopped actors, and 4 active threads.
Waiting for actors to stop.
Called postfire()
Called prefire()
Called fire()
Checking for deadlock:
There are 3 Blocked actors, 0 Stopped actors, and 4 active threads.
Waiting for actors to stop.
Read input token from inputA with value 7.0
Checking for deadlock:
There are 2 Blocked actors, 0 Stopped actors, and 4 active threads.
Waiting for actors to stop.
Called prefire()
Called fire()
Past the end of training data. Read and discard all inputs.
Checking for deadlock:
There are 3 Blocked actors, 0 Stopped actors, and 4 active threads.
Waiting for actors to stop.
Sent output token with value 7.0
Next port to read input from is inputA
Called postfire()
Called prefire()
Called fire()
Checking for deadlock:
There are 2 Blocked actors, 0 Stopped actors, and 4 active threads.
Waiting for actors to stop.
-- Thread wrapup() called.
Called wrapup()
Thread .top.Ramp is exiting.
-- Thread stopped.
Checking for deadlock:
There are 2 Blocked actors, 0 Stopped actors, and 3 active threads.
Waiting for actors to stop.
Read input token from inputA with value 8.0
Checking for deadlock:
There are 1 Blocked actors, 0 Stopped actors, and 3 active threads.
Waiting for actors to stop.
Called prefire()
Called fire()
Past the end of training data. Read and discard all inputs.
Checking for deadlock:
There are 2 Blocked actors, 0 Stopped actors, and 3 active threads.
Waiting for actors to stop.
Sent output token with value 7.5
Next port to read input from is inputB
Called postfire()
Called prefire()
Called fire()
Checking for deadlock:
There are 1 Blocked actors, 0 Stopped actors, and 3 active threads.
Waiting for actors to stop.
Called postfire()
Called prefire()
Called fire()
Checking for deadlock:
There are 2 Blocked actors, 0 Stopped actors, and 3 active threads.
Waiting for actors to stop.
Read input token from inputB with value 9.0
Checking for deadlock:
There are 1 Blocked actors, 0 Stopped actors, and 3 active threads.
Waiting for actors to stop.
Called prefire()
Called fire()
Past the end of training data. Read and discard all inputs.
Checking for deadlock:
There are 2 Blocked actors, 0 Stopped actors, and 3 active threads.
Waiting for actors to stop.
Sent output token with value 8.0
Next port to read input from is inputA
Called postfire()
Called prefire()
Called fire()
Read input token from inputA with value 9.0
Checking for deadlock:
There are 1 Blocked actors, 0 Stopped actors, and 3 active threads.
Waiting for actors to stop.
Called prefire()
Called fire()
Past the end of training data. Read and discard all inputs.
Checking for deadlock:
There are 2 Blocked actors, 0 Stopped actors, and 3 active threads.
Waiting for actors to stop.
Sent output token with value 9.0
Next port to read input from is inputB
Called postfire()
Called prefire()
Called fire()
Checking for deadlock:
There are 1 Blocked actors, 0 Stopped actors, and 3 active threads.
Waiting for actors to stop.
Called postfire()
Called prefire()
Called fire()
Checking for deadlock:
There are 2 Blocked actors, 0 Stopped actors, and 3 active threads.
Waiting for actors to stop.
Read input token from inputB with value 10.5
Checking for deadlock:
There are 1 Blocked actors, 0 Stopped actors, and 3 active threads.
Waiting for actors to stop.
Called prefire()
Called fire()
Past the end of training data. Read and discard all inputs.
Checking for deadlock:
There are 2 Blocked actors, 0 Stopped actors, and 3 active threads.
Waiting for actors to stop.
Sent output token with value 9.0
Next port to read input from is inputA
Called postfire()
Called prefire()
Called fire()
Checking for deadlock:
There are 3 Blocked actors, 0 Stopped actors, and 3 active threads.
Actors have stopped.
Checking for deadlock:
There are 3 Blocked actors, 0 Stopped actors, and 3 active threads.
Deadlock detected.
Resolving Deadlock
Checking for deadlock:
There are 3 Blocked actors, 0 Stopped actors, and 3 active threads.
Artificial Deadlock - increasing queue capacity.
increasing the capacity of receiver ptolemy.actor.TypedIOPort {.top.OrderedMerge.inputB} to 2
Director: Called postfire().
Called postfire().
_stopRequested = false
_stopFireRequested = false
Returning from postfire(): true
Called fire().
Checking for deadlock:
There are 2 Blocked actors, 0 Stopped actors, and 3 active threads.
Waiting for actors to stop.
-- Thread wrapup() called.
Called wrapup()
Thread .top.Ramp2 is exiting.
-- Thread stopped.
Checking for deadlock:
There are 2 Blocked actors, 0 Stopped actors, and 2 active threads.
Actors have stopped.
Checking for deadlock:
There are 2 Blocked actors, 0 Stopped actors, and 2 active threads.
Deadlock detected.
Resolving Deadlock
Checking for deadlock:
There are 2 Blocked actors, 0 Stopped actors, and 2 active threads.
Deadlock detected: no processes blocked on write, but some are blocked on read.
Called postfire().
_stopRequested = false
_stopFireRequested = false
Returning from postfire(): false
Finished deactivating branches.
Called wrapup().
-- Thread wrapup() called.
Called wrapup()
Thread .top.Test is exiting.
-- Thread stopped.
-- Blocked Receiver call threw TerminateProcessException.
-- Thread wrapup() called.
Called wrapup()
Thread .top.OrderedMerge is exiting.
38 ms. Memory: 208384K Free: 127801K (61%)
.top. Preinitializing ...
Invoking preinitialize():  .top.OrderedMerge
Called preinitialize()
Invoking preinitialize():  .top.Ramp
Called preinitialize()
Invoking preinitialize():  .top.Ramp2
Called preinitialize()
Invoking preinitialize():  .top.Test
Called preinitialize()
.top. Finished preinitialize().
Called initialize().
Invoking initialize():  .top.OrderedMerge
Initializing actor: .top.OrderedMerge
Adding a thread: .top.OrderedMerge
Invoking initialize():  .top.Ramp
Initializing actor: .top.Ramp
Adding a thread: .top.Ramp
Invoking initialize():  .top.Ramp2
Initializing actor: .top.Ramp2
Adding a thread: .top.Ramp2
Invoking initialize():  .top.Test
Initializing actor: .top.Test
Adding a thread: .top.Test
-- Thread stopped.
-- Blocked Receiver call threw TerminateProcessException.
-- Starting thread.
Called initialize()
Called prefire()
Called fire()
-- Starting thread.
Called initialize()
Called prefire()
Called fire()
Called postfire()
Called prefire()
Called fire()
-- Starting thread.
Called initialize()
Called prefire()
Called fire()
Called postfire()
Called prefire()
Called fire()
Called fire().
Checking for deadlock:
There are 3 Blocked actors, 0 Stopped actors, and 4 active threads.
Waiting for actors to stop.
-- Starting thread.
Called initialize()
Called prefire()
Called fire()
Checking for deadlock:
There are 2 Blocked actors, 0 Stopped actors, and 4 active threads.
Waiting for actors to stop.
Read input token from inputA with value 0.0
Called postfire()
Called prefire()
Called fire()
Checking for deadlock:
There are 3 Blocked actors, 0 Stopped actors, and 4 active threads.
Waiting for actors to stop.
Next port to read input from is inputB
Called postfire()
Called prefire()
Called fire()
Checking for deadlock:
There are 2 Blocked actors, 0 Stopped actors, and 4 active threads.
Waiting for actors to stop.
Called postfire()
Called prefire()
Called fire()
Read input token from inputB with value 0.0
Checking for deadlock:
There are 3 Blocked actors, 0 Stopped actors, and 4 active threads.
Waiting for actors to stop.
Checking for deadlock:
There are 2 Blocked actors, 0 Stopped actors, and 4 active threads.
Sent output token with value 0.0
Waiting for actors to stop.
-- Read input: 0.0, which is expected to match: 0.0
Next port to read input from is inputA
Called postfire()
Called prefire()
Called prefire()
Called fire()
Called fire()
Checking for deadlock:
There are 2 Blocked actors, 0 Stopped actors, and 4 active threads.
Waiting for actors to stop.
Read input token from inputA with value 1.0
Called postfire()
Called prefire()
Called fire()
Checking for deadlock:
There are 3 Blocked actors, 0 Stopped actors, and 4 active threads.
Waiting for actors to stop.
Checking for deadlock:
There are 2 Blocked actors, 0 Stopped actors, and 4 active threads.
Waiting for actors to stop.
Sent output token with value 0.0
-- Read input: 0.0, which is expected to match: 0.0
Next port to read input from is inputB
Called postfire()
Called prefire()
Called fire()
Called prefire()
Called fire()
Checking for deadlock:
There are 2 Blocked actors, 0 Stopped actors, and 4 active threads.
Waiting for actors to stop.
Called postfire()
Called prefire()
Called fire()
Checking for deadlock:
There are 3 Blocked actors, 0 Stopped actors, and 4 active threads.
Waiting for actors to stop.
Read input token from inputB with value 1.5
Sent output token with value 1.0
-- Read input: 1.0, which is expected to match: 1.0
Next port to read input from is inputA
Called postfire()
Called prefire()
Called fire()
Called prefire()
Called fire()
Read input token from inputA with value 2.0
Checking for deadlock:
There are 2 Blocked actors, 0 Stopped actors, and 4 active threads.
Waiting for actors to stop.
Called postfire()
Called prefire()
Called fire()
Checking for deadlock:
There are 3 Blocked actors, 0 Stopped actors, and 4 active threads.
Waiting for actors to stop.
Checking for deadlock:
There are 2 Blocked actors, 0 Stopped actors, and 4 active threads.
Waiting for actors to stop.
Sent output token with value 1.5
-- Read input: 1.5, which is expected to match: 1.5
Called prefire()
Called fire()
Checking for deadlock:
There are 3 Blocked actors, 0 Stopped actors, and 4 active threads.
Waiting for actors to stop.
Next port to read input from is inputB
Called postfire()
Called prefire()
Called fire()
Checking for deadlock:
There are 2 Blocked actors, 0 Stopped actors, and 4 active threads.
Waiting for actors to stop.
Called postfire()
Called prefire()
Called fire()
Read input token from inputB with value 3.0
Checking for deadlock:
There are 3 Blocked actors, 0 Stopped actors, and 4 active threads.
Waiting for actors to stop.
Checking for deadlock:
There are 2 Blocked actors, 0 Stopped actors, and 4 active threads.
Waiting for actors to stop.
Sent output token with value 2.0
-- Read input: 2.0, which is expected to match: 2.0
Called prefire()
Called fire()
Checking for deadlock:
There are 3 Blocked actors, 0 Stopped actors, and 4 active threads.
Waiting for actors to stop.
Next port to read input from is inputA
Called postfire()
Called prefire()
Called fire()
Checking for deadlock:
There are 2 Blocked actors, 0 Stopped actors, and 4 active threads.
Waiting for actors to stop.
Read input token from inputA with value 3.0
Called postfire()
Called prefire()
Called fire()
Checking for deadlock:
There are 3 Blocked actors, 0 Stopped actors, and 4 active threads.
Waiting for actors to stop.
Checking for deadlock:
There are 2 Blocked actors, 0 Stopped actors, and 4 active threads.
Waiting for actors to stop.
Sent output token with value 3.0
-- Read input: 3.0, which is expected to match: 3.0
Called prefire()
Called fire()
Next port to read input from is inputB
Called postfire()
Called prefire()
Called fire()
Checking for deadlock:
There are 2 Blocked actors, 0 Stopped actors, and 4 active threads.
Waiting for actors to stop.
Called postfire()
Called prefire()
Called fire()
Checking for deadlock:
There are 3 Blocked actors, 0 Stopped actors, and 4 active threads.
Waiting for actors to stop.
Read input token from inputB with value 4.5
Checking for deadlock:
There are 2 Blocked actors, 0 Stopped actors, and 4 active threads.
Waiting for actors to stop.
Sent output token with value 3.0
-- Read input: 3.0, which is expected to match: 3.0
Next port to read input from is inputA
Called postfire()
Called prefire()
Called prefire()
Called fire()
Called fire()
Checking for deadlock:
There are 3 Blocked actors, 0 Stopped actors, and 4 active threads.
Waiting for actors to stop.
Checking for deadlock:
There are 2 Blocked actors, 0 Stopped actors, and 4 active threads.
Waiting for actors to stop.
Read input token from inputA with value 4.0
Called postfire()
Called prefire()
Called fire()
Sent output token with value 4.0
Next port to read input from is inputA
Called postfire()
Called prefire()
Called fire()
Read input token from inputA with value 5.0
-- Read input: 4.0, which is expected to match: 4.0
Called prefire()
Called fire()
Past the end of training data. Read and discard all inputs.
Sent output token with value 4.5
Called prefire()
Called fire()
Past the end of training data. Read and discard all inputs.
Next port to read input from is inputB
Called postfire()
Called prefire()
Called fire()
Called postfire()
Called prefire()
Called fire()
Read input token from inputB with value 6.0
Checking for deadlock:
There are 2 Blocked actors, 0 Stopped actors, and 4 active threads.
Waiting for actors to stop.
Called prefire()
Called fire()
Past the end of training data. Read and discard all inputs.
Checking for deadlock:
There are 2 Blocked actors, 0 Stopped actors, and 4 active threads.
Sent output token with value 5.0
Waiting for actors to stop.
Next port to read input from is inputA
Called postfire()
Called postfire()
Called prefire()
Called fire()
Called prefire()
Called fire()
Called postfire()
Read input token from inputA with value 6.0
Called prefire()
Called fire()
Checking for deadlock:
Sent output token with value 6.0
There are 2 Blocked actors, 0 Stopped actors, and 4 active threads.
Waiting for actors to stop.
Called prefire()
Called fire()
Past the end of training data. Read and discard all inputs.
Checking for deadlock:
There are 3 Blocked actors, 0 Stopped actors, and 4 active threads.
Waiting for actors to stop.
Next port to read input from is inputB
Called postfire()
Called prefire()
Called fire()
Called postfire()
Read input token from inputB with value 7.5
Called prefire()
Called fire()
Sent output token with value 6.0
Checking for deadlock:
Next port to read input from is inputA
Called postfire()
There are 2 Blocked actors, 0 Stopped actors, and 4 active threads.
Called prefire()
Called fire()
Waiting for actors to stop.
Called prefire()
Called fire()
Past the end of training data. Read and discard all inputs.
Checking for deadlock:
There are 2 Blocked actors, 0 Stopped actors, and 4 active threads.
Waiting for actors to stop.
Read input token from inputA with value 7.0
Called postfire()
Called prefire()
Called fire()
Sent output token with value 7.0
Next port to read input from is inputA
Called postfire()
Called prefire()
Called fire()
Checking for deadlock:
There are 1 Blocked actors, 0 Stopped actors, and 4 active threads.
Read input token from inputA with value 8.0
Waiting for actors to stop.
Called prefire()
Called fire()
Past the end of training data. Read and discard all inputs.
Checking for deadlock:
There are 2 Blocked actors, 0 Stopped actors, and 4 active threads.
Waiting for actors to stop.
-- Thread wrapup() called.
Called wrapup()
Thread .top.Ramp is exiting.
-- Thread stopped.
Checking for deadlock:
There are 1 Blocked actors, 0 Stopped actors, and 3 active threads.
Waiting for actors to stop.
Sent output token with value 7.5
Called prefire()
Called fire()
Past the end of training data. Read and discard all inputs.
Next port to read input from is inputB
Checking for deadlock:
There are 2 Blocked actors, 0 Stopped actors, and 3 active threads.
Waiting for actors to stop.
Called postfire()
Called prefire()
Called fire()
Checking for deadlock:
Called postfire()
There are 1 Blocked actors, 0 Stopped actors, and 3 active threads.
Called prefire()
Waiting for actors to stop.
Called fire()
Read input token from inputB with value 9.0
Checking for deadlock:
There are 2 Blocked actors, 0 Stopped actors, and 3 active threads.
Waiting for actors to stop.
Checking for deadlock:
There are 1 Blocked actors, 0 Stopped actors, and 3 active threads.
Waiting for actors to stop.
Called prefire()
Called fire()
Past the end of training data. Read and discard all inputs.
Checking for deadlock:
There are 2 Blocked actors, 0 Stopped actors, and 3 active threads.
Waiting for actors to stop.
Sent output token with value 8.0
Next port to read input from is inputA
Called postfire()
Called prefire()
Called fire()
Read input token from inputA with value 9.0
Checking for deadlock:
There are 1 Blocked actors, 0 Stopped actors, and 3 active threads.
Waiting for actors to stop.
Called prefire()
Called fire()
Past the end of training data. Read and discard all inputs.
Checking for deadlock:
There are 2 Blocked actors, 0 Stopped actors, and 3 active threads.
Waiting for actors to stop.
Sent output token with value 9.0
Next port to read input from is inputB
Called postfire()
Called prefire()
Called fire()
Checking for deadlock:
There are 1 Blocked actors, 0 Stopped actors, and 3 active threads.
Waiting for actors to stop.
Called postfire()
Called prefire()
Called fire()
Checking for deadlock:
There are 2 Blocked actors, 0 Stopped actors, and 3 active threads.
Waiting for actors to stop.
Read input token from inputB with value 10.5
Checking for deadlock:
There are 1 Blocked actors, 0 Stopped actors, and 3 active threads.
Waiting for actors to stop.
Called prefire()
Called fire()
Past the end of training data. Read and discard all inputs.
Checking for deadlock:
There are 2 Blocked actors, 0 Stopped actors, and 3 active threads.
Waiting for actors to stop.
Sent output token with value 9.0
Next port to read input from is inputA
Called postfire()
Called prefire()
Called fire()
Checking for deadlock:
There are 3 Blocked actors, 0 Stopped actors, and 3 active threads.
Actors have stopped.
Checking for deadlock:
There are 3 Blocked actors, 0 Stopped actors, and 3 active threads.
Deadlock detected.
Resolving Deadlock
Checking for deadlock:
There are 3 Blocked actors, 0 Stopped actors, and 3 active threads.
Artificial Deadlock - increasing queue capacity.
increasing the capacity of receiver ptolemy.actor.TypedIOPort {.top.OrderedMerge.inputB} to 2
Director: Called postfire().
Called postfire().
_stopRequested = false
_stopFireRequested = false
Returning from postfire(): true
Called fire().
Checking for deadlock:
There are 2 Blocked actors, 0 Stopped actors, and 3 active threads.
Waiting for actors to stop.
-- Thread wrapup() called.
Called wrapup()
Thread .top.Ramp2 is exiting.
-- Thread stopped.
Checking for deadlock:
There are 2 Blocked actors, 0 Stopped actors, and 2 active threads.
Actors have stopped.
Checking for deadlock:
There are 2 Blocked actors, 0 Stopped actors, and 2 active threads.
Deadlock detected.
Resolving Deadlock
Checking for deadlock:
There are 2 Blocked actors, 0 Stopped actors, and 2 active threads.
Deadlock detected: no processes blocked on write, but some are blocked on read.
Called postfire().
_stopRequested = false
_stopFireRequested = false
Returning from postfire(): false
Finished deactivating branches.
Called wrapup().
-- Thread wrapup() called.
Called wrapup()
Thread .top.OrderedMerge is exiting.
-- Thread stopped.
-- Blocked Receiver call threw TerminateProcessException.
-- Thread wrapup() called.
Called wrapup()
Thread .top.Test is exiting.
-- Thread stopped.
-- Blocked Receiver call threw TerminateProcessException.
35 ms. Memory: 208384K Free: 122886K (59%)
/home/travis/build/icyphy/ptII/ptolemy/actor/lib/test/Publisher.tcl
22 ms. Memory: 208384K Free: 115645K (55%)
5 ms. Memory: 208384K Free: 110817K (53%)
3 ms. Memory: 208384K Free: 105990K (51%)
4 ms. Memory: 208384K Free: 105990K (51%)
3 ms. Memory: 208384K Free: 105990K (51%)
4 ms. Memory: 208384K Free: 103574K (50%)
2 ms. Memory: 208384K Free: 103574K (50%)
3 ms. Memory: 208384K Free: 103574K (50%)
2 ms. Memory: 208384K Free: 93919K (45%)
4 ms. Memory: 208384K Free: 89092K (43%)
2 ms. Memory: 208384K Free: 89092K (43%)
1 ms. Memory: 208384K Free: 86678K (42%)
35 ms. Memory: 330752K Free: 318712K (96%)
6 ms. Memory: 330752K Free: 309287K (94%)
10 ms. Memory: 330752K Free: 299862K (91%)
/home/travis/build/icyphy/ptII/ptolemy/actor/lib/test/Pulse.tcl
3 ms. Memory: 330752K Free: 257417K (78%)
2 ms. Memory: 330752K Free: 252704K (76%)
1 ms. Memory: 330752K Free: 252704K (76%)
2 ms. Memory: 330752K Free: 252704K (76%)
1 ms. Memory: 330752K Free: 252704K (76%)
2 ms. Memory: 330752K Free: 252704K (76%)
4 ms. Memory: 330752K Free: 252704K (76%)
2 ms. Memory: 330752K Free: 252704K (76%)
2 ms. Memory: 330752K Free: 247976K (75%)
/home/travis/build/icyphy/ptII/ptolemy/actor/lib/test/Ramp.tcl
3 ms. Memory: 330752K Free: 247976K (75%)
2 ms. Memory: 330752K Free: 247976K (75%)
2 ms. Memory: 330752K Free: 247976K (75%)
2 ms. Memory: 330752K Free: 247976K (75%)
4 ms. Memory: 330752K Free: 243247K (74%)
4 ms. Memory: 330752K Free: 243247K (74%)
5 ms. Memory: 330752K Free: 243247K (74%)
5 actors
5000 microseconds per iteration to create
6 ms. Memory: 330752K Free: 238519K (72%)
3 ms. Memory: 330752K Free: 238519K (72%)
2 ms. Memory: 330752K Free: 238519K (72%)
2 ms. Memory: 330752K Free: 238519K (72%)
50 actors
38000 microseconds per iteration to create
34 ms. Memory: 330752K Free: 224364K (68%)
7 ms. Memory: 330752K Free: 224364K (68%)
10 ms. Memory: 330752K Free: 219652K (66%)
7 ms. Memory: 330752K Free: 219652K (66%)
500 actors
1735000 microseconds per iteration to create
351 ms. Memory: 331776K Free: 290558K (88%)
56 ms. Memory: 331776K Free: 285788K (86%)
40 ms. Memory: 331776K Free: 281017K (85%)
37 ms. Memory: 331776K Free: 276247K (83%)
/home/travis/build/icyphy/ptII/ptolemy/actor/lib/test/RampContinuous.tcl
8 ms. Memory: 331776K Free: 276247K (83%)
/home/travis/build/icyphy/ptII/ptolemy/actor/lib/test/RecordAssembler.tcl
6 ms. Memory: 331776K Free: 271460K (82%)
4 ms. Memory: 331776K Free: 271460K (82%)
/home/travis/build/icyphy/ptII/ptolemy/actor/lib/test/RecordDisassembler.tcl
5 ms. Memory: 331776K Free: 271460K (82%)
3 ms. Memory: 331776K Free: 271460K (82%)
4 ms. Memory: 331776K Free: 266674K (80%)
/home/travis/build/icyphy/ptII/ptolemy/actor/lib/test/Scale.tcl
3 ms. Memory: 331776K Free: 266674K (80%)
2 ms. Memory: 331776K Free: 266674K (80%)
2 ms. Memory: 331776K Free: 266674K (80%)
3 ms. Memory: 331776K Free: 261887K (79%)
3 ms. Memory: 331776K Free: 261887K (79%)
/home/travis/build/icyphy/ptII/ptolemy/actor/lib/test/SequentialClock.tcl
preinitializing
resolving types
initializing
executing number 1
wrapping up
idle
3 ms. Memory: 331776K Free: 261887K (79%)
Completed execution with 5 iterations
preinitializing
resolving types
initializing
executing number 1
wrapping up
idle
6 ms. Memory: 331776K Free: 261887K (79%)
Completed execution with 5 iterations
preinitializing
resolving types
initializing
executing number 1
wrapping up
idle
1 ms. Memory: 331776K Free: 261887K (79%)
Completed execution with 5 iterations
/home/travis/build/icyphy/ptII/ptolemy/actor/lib/test/SetVariable.tcl
4 ms. Memory: 331776K Free: 257117K (77%)
/home/travis/build/icyphy/ptII/ptolemy/actor/lib/test/Sinewave.tcl
/home/travis/build/icyphy/ptII/ptolemy/actor/lib/test/SubscriptionAggregator.tcl
15 ms. Memory: 331776K Free: 242773K (73%)
3 ms. Memory: 331776K Free: 242773K (73%)
1 ms. Memory: 331776K Free: 242773K (73%)
1 ms. Memory: 331776K Free: 242773K (73%)
1 ms. Memory: 331776K Free: 237987K (72%)
10 ms. Memory: 331776K Free: 237987K (72%)
...............................................................1097 ms. Memory: 574976K Free: 123674K (22%)
/home/travis/build/icyphy/ptII/ptolemy/actor/lib/test/Test.tcl
 The next command will produce a warning about training mode,
   which may be ignored.
4 ms. Memory: 574976K Free: 123674K (22%)
63 ms. Memory: 574976K Free: 114135K (20%)
2 ms. Memory: 574976K Free: 114135K (20%)
2 ms. Memory: 574976K Free: 114135K (20%)
4 ms. Memory: 574976K Free: 109281K (19%)
3 ms. Memory: 574976K Free: 109281K (19%)
4 ms. Memory: 574976K Free: 109281K (19%)
 The next command will produce a warning about training mode,
   which may be ignored.
4 ms. Memory: 574976K Free: 109281K (19%)
 The next command will produce a warning about training mode,
   which may be ignored.
2 ms. Memory: 574976K Free: 109281K (19%)
1 ms. Memory: 574976K Free: 99742K (17%)
2 ms. Memory: 574976K Free: 99742K (17%)
1 ms. Memory: 574976K Free: 99742K (17%)


==== $PTII/ptolemy/actor/lib/test/Test.tcl: Test-2.2.3 Fail the array test with insufficient data
==== Contents of test case:

    # Uses 2.2 above
    set value [getParameter $const value]
    $value setToken [java::new ptolemy.data.ArrayToken "{1.0, 2.0, 3.0}"]
   
    set correctValues [getParameter $test correctValues]
    $correctValues setExpression "{{{1.0, 2.0, 3.0}}, {{1.0, 2.0, 3.0}}, {{1.0, 2.0, 3.0}}}"
    set requireAllCorrectValues [getParameter $test requireAllCorrectValues]
    $requireAllCorrectValues setExpression "true" 
    #puts [$e22 exportMoML]
    catch {[$e22 getManager] execute} errMsg
    list $errMsg

==== Result was:
{ptolemy.kernel.util.IllegalActionException: Exceptions occurred during wrapup:
ptolemy.kernel.util.IllegalActionException: The test produced only 2 tokens, yet the correctValues parameter was expecting 3 tokens.
Threads:
Threads: 8
Current Thread (*) _is not_ the Swing Event Dispatch Thread
Name                                Group                Pri Daemon Alive Curr
Reference Handler                   system               10  true   true   
Finalizer                           system               8   true   true   
Signal Dispatcher                   system               9   true   true   
process reaper                      system               10  true   true   
Java2D Disposer                     system               10  true   true   
AWT-XAWT                            system               6   true   true   
main                                main                 5   false  true  *
Timer-0                             main                 5   true   true   

  in .top.test

  in .top.<Unnamed Object>
Because:
The test produced only 2 tokens, yet the correctValues parameter was expecting 3 tokens.
Threads:
Threads: 8
Current Thread (*) _is not_ the Swing Event Dispatch Thread
Name                                Group                Pri Daemon Alive Curr
Reference Handler                   system               10  true   true   
Finalizer                           system               8   true   true   
Signal Dispatcher                   system               9   true   true   
process reaper                      system               10  true   true   
Java2D Disposer                     system               10  true   true   
AWT-XAWT                            system               6   true   true   
main                                main                 5   false  true  *
Timer-0                             main                 5   true   true   

  in .top.test}
---- Result should have been:
{ptolemy.kernel.util.IllegalActionException: Exceptions occurred during wrapup:
ptolemy.kernel.util.IllegalActionException: The test produced only 2 tokens, yet the correctValues parameter was expecting 3 tokens.
  in .top.test

  in .top.<Unnamed Object>
Because:
The test produced only 2 tokens, yet the correctValues parameter was expecting 3 tokens.
  in .top.test}
@@@@@ known results is more than 7 lines long, so we run diff
2a3,15
> Threads:
> Threads: 8
> Current Thread (*) _is not_ the Swing Event Dispatch Thread
> Name                                Group                Pri Daemon Alive Curr
> Reference Handler                   system               10  true   true   
> Finalizer                           system               8   true   true   
> Signal Dispatcher                   system               9   true   true   
> process reaper                      system               10  true   true   
> Java2D Disposer                     system               10  true   true   
> AWT-XAWT                            system               6   true   true   
> main                                main                 5   false  true  *
> Timer-0                             main                 5   true   true   
> 
7a21,33
> Threads:
> Threads: 8
> Current Thread (*) _is not_ the Swing Event Dispatch Thread
> Name                                Group                Pri Daemon Alive Curr
> Reference Handler                   system               10  true   true   
> Finalizer                           system               8   true   true   
> Signal Dispatcher                   system               9   true   true   
> process reaper                      system               10  true   true   
> Java2D Disposer                     system               10  true   true   
> AWT-XAWT                            system               6   true   true   
> main                                main                 5   false  true  *
> Timer-0                             main                 5   true   true   
> 
@@@@@ Done running diffText
---- Test-2.2.3 FAILED
2 ms. Memory: 574976K Free: 85162K (15%)
7 ms. Memory: 574976K Free: 85162K (15%)
/home/travis/build/icyphy/ptII/ptolemy/actor/lib/test/TestExceptionHandler.tcl
 The next command will produce a warning about training mode,
   which may be ignored.
2 ms. Memory: 574976K Free: 85162K (15%)
1 ms. Memory: 574976K Free: 85162K (15%)
1 ms. Memory: 574976K Free: 85162K (15%)
/home/travis/build/icyphy/ptII/ptolemy/actor/lib/test/UnionDisassembler.tcl
29 ms. Memory: 574976K Free: 75615K (13%)
/home/travis/build/icyphy/ptII/ptolemy/actor/lib/test/VariableClock.tcl
preinitializing
resolving types
initializing
executing number 1
wrapping up
idle
11 ms. Memory: 574976K Free: 68409K (12%)
Completed execution with 11 iterations
preinitializing
resolving types
initializing
executing number 1
wrapping up
idle
10 ms. Memory: 574976K Free: 68409K (12%)
Completed execution with 10 iterations
05/10/18 01:15:41
Failed: 1  Total Tests: 234  ((Passed: 233, Newly Passed: 0)  Known Failed: 0) /home/travis/build/icyphy/ptII/ptolemy/actor/lib/test
----------------- testing (KnownFailure) /home/travis/build/icyphy/ptII/ptolemy/actor/lib/test/auto/knownFailedTests/PublisherPortToplevelSubscriber.xml
1 ms. Memory: 579072K Free: 528874K (91%)
Known Failure: java.lang.reflect.InvocationTargetException
----------------- testing (KnownFailure) /home/travis/build/icyphy/ptII/ptolemy/actor/lib/test/auto/knownFailedTests/PublisherSubscriberPortToplevel.xml
1 ms. Memory: 579072K Free: 506524K (87%)
Known Failure: java.lang.reflect.InvocationTargetException
----------------- testing (KnownFailure) /home/travis/build/icyphy/ptII/ptolemy/actor/lib/test/auto/knownFailedTests/PublisherSubscriptionAggregatorPort.xml
1 ms. Memory: 579072K Free: 493580K (85%)
Known Failure: java.lang.reflect.InvocationTargetException
----------------- testing (KnownFailure) /home/travis/build/icyphy/ptII/ptolemy/actor/lib/test/auto/knownFailedTests/sizedarray3.xml
8 ms. Memory: 579072K Free: 480636K (83%)
Known Failure: java.lang.reflect.InvocationTargetException
No auto/*.xml tests in /home/travis/build/icyphy/ptII/ptolemy/actor/lib/test
AutoTests.java: About to close Vertx.
AutoTests.java: Vertx closed.
----------------- testing Thu May 10 01:15:42 UTC 2018 /home/travis/build/icyphy/ptII/ptolemy/actor/lib/test/auto/AbsoluteValue.xml
----------------- Instantiating /home/travis/build/icyphy/ptII/ptolemy/actor/lib/test/auto/AbsoluteValue.xml
7 ms. Memory: 579072K Free: 422625K (73%)
----------------- Invoking toplevel() on ptolemy.moml.MoMLSimpleApplication@10863544
----------------- Done invoking toplevel() on ptolemy.moml.MoMLSimpleApplication@10863544
reloadAllAccessors: .AbsoluteValue
----------------- testing Thu May 10 01:15:42 UTC 2018 /home/travis/build/icyphy/ptII/ptolemy/actor/lib/test/auto/AbsoluteValue2.xml
----------------- Instantiating /home/travis/build/icyphy/ptII/ptolemy/actor/lib/test/auto/AbsoluteValue2.xml
8 ms. Memory: 579072K Free: 403495K (70%)
----------------- Invoking toplevel() on ptolemy.moml.MoMLSimpleApplication@227bf9ee
----------------- Done invoking toplevel() on ptolemy.moml.MoMLSimpleApplication@227bf9ee
reloadAllAccessors: .AbsoluteValue2
----------------- testing Thu May 10 01:15:42 UTC 2018 /home/travis/build/icyphy/ptII/ptolemy/actor/lib/test/auto/Accumulator.xml
----------------- Instantiating /home/travis/build/icyphy/ptII/ptolemy/actor/lib/test/auto/Accumulator.xml
13 ms. Memory: 579072K Free: 393787K (68%)
----------------- Invoking toplevel() on ptolemy.moml.MoMLSimpleApplication@5f11fa88
----------------- Done invoking toplevel() on ptolemy.moml.MoMLSimpleApplication@5f11fa88
reloadAllAccessors: .Accumulator
----------------- testing Thu May 10 01:15:42 UTC 2018 /home/travis/build/icyphy/ptII/ptolemy/actor/lib/test/auto/Accumulator2.xml
----------------- Instantiating /home/travis/build/icyphy/ptII/ptolemy/actor/lib/test/auto/Accumulator2.xml
6 ms. Memory: 579072K Free: 387316K (67%)
----------------- Invoking toplevel() on ptolemy.moml.MoMLSimpleApplication@5bc1747e
----------------- Done invoking toplevel() on ptolemy.moml.MoMLSimpleApplication@5bc1747e
reloadAllAccessors: .Accumulator2
----------------- testing Thu May 10 01:15:42 UTC 2018 /home/travis/build/icyphy/ptII/ptolemy/actor/lib/test/auto/Accumulator3.xml
----------------- Instantiating /home/travis/build/icyphy/ptII/ptolemy/actor/lib/test/auto/Accumulator3.xml
3 ms. Memory: 579072K Free: 380844K (66%)
----------------- Invoking toplevel() on ptolemy.moml.MoMLSimpleApplication@6f6bde31
----------------- Done invoking toplevel() on ptolemy.moml.MoMLSimpleApplication@6f6bde31
reloadAllAccessors: .Accumulator3
----------------- testing Thu May 10 01:15:42 UTC 2018 /home/travis/build/icyphy/ptII/ptolemy/actor/lib/test/auto/ArrayAppend.xml
----------------- Instantiating /home/travis/build/icyphy/ptII/ptolemy/actor/lib/test/auto/ArrayAppend.xml
5 ms. Memory: 579072K Free: 371136K (64%)
----------------- Invoking toplevel() on ptolemy.moml.MoMLSimpleApplication@1ab1c41c
----------------- Done invoking toplevel() on ptolemy.moml.MoMLSimpleApplication@1ab1c41c
reloadAllAccessors: .ArrayAppend
----------------- testing Thu May 10 01:15:42 UTC 2018 /home/travis/build/icyphy/ptII/ptolemy/actor/lib/test/auto/ArrayAppend2.xml
----------------- Instantiating /home/travis/build/icyphy/ptII/ptolemy/actor/lib/test/auto/ArrayAppend2.xml
354 ms. Memory: 579072K Free: 280832K (48%)
----------------- Invoking toplevel() on ptolemy.moml.MoMLSimpleApplication@78430960
----------------- Done invoking toplevel() on ptolemy.moml.MoMLSimpleApplication@78430960
reloadAllAccessors: .ArrayAppend2
----------------- testing Thu May 10 01:15:42 UTC 2018 /home/travis/build/icyphy/ptII/ptolemy/actor/lib/test/auto/ArrayAppend3.xml
----------------- Instantiating /home/travis/build/icyphy/ptII/ptolemy/actor/lib/test/auto/ArrayAppend3.xml
5 ms. Memory: 579072K Free: 274360K (47%)
----------------- Invoking toplevel() on ptolemy.moml.MoMLSimpleApplication@484b6ae
----------------- Done invoking toplevel() on ptolemy.moml.MoMLSimpleApplication@484b6ae
reloadAllAccessors: .ArrayAppend3
----------------- testing Thu May 10 01:15:43 UTC 2018 /home/travis/build/icyphy/ptII/ptolemy/actor/lib/test/auto/ArrayAppend4.xml
----------------- Instantiating /home/travis/build/icyphy/ptII/ptolemy/actor/lib/test/auto/ArrayAppend4.xml
3 ms. Memory: 579072K Free: 267888K (46%)
----------------- Invoking toplevel() on ptolemy.moml.MoMLSimpleApplication@75c0b074
----------------- Done invoking toplevel() on ptolemy.moml.MoMLSimpleApplication@75c0b074
reloadAllAccessors: .ArrayAppend4
----------------- testing Thu May 10 01:15:43 UTC 2018 /home/travis/build/icyphy/ptII/ptolemy/actor/lib/test/auto/ArrayAppend5.xml
----------------- Instantiating /home/travis/build/icyphy/ptII/ptolemy/actor/lib/test/auto/ArrayAppend5.xml
8 ms. Memory: 579072K Free: 261416K (45%)
----------------- Invoking toplevel() on ptolemy.moml.MoMLSimpleApplication@c3c8a7a
----------------- Done invoking toplevel() on ptolemy.moml.MoMLSimpleApplication@c3c8a7a
reloadAllAccessors: .ArrayAppend5
----------------- testing Thu May 10 01:15:43 UTC 2018 /home/travis/build/icyphy/ptII/ptolemy/actor/lib/test/auto/ArrayAppend6.xml
----------------- Instantiating /home/travis/build/icyphy/ptII/ptolemy/actor/lib/test/auto/ArrayAppend6.xml
5 ms. Memory: 579072K Free: 245538K (42%)
----------------- Invoking toplevel() on ptolemy.moml.MoMLSimpleApplication@348b2420
----------------- Done invoking toplevel() on ptolemy.moml.MoMLSimpleApplication@348b2420
reloadAllAccessors: .ArrayAppend6
----------------- testing Thu May 10 01:15:43 UTC 2018 /home/travis/build/icyphy/ptII/ptolemy/actor/lib/test/auto/ArrayAppendPerformanceTest.xml
----------------- Instantiating /home/travis/build/icyphy/ptII/ptolemy/actor/lib/test/auto/ArrayAppendPerformanceTest.xml
32 ms. Memory: 579072K Free: 232578K (40%)
----------------- Invoking toplevel() on ptolemy.moml.MoMLSimpleApplication@7e96a583
----------------- Done invoking toplevel() on ptolemy.moml.MoMLSimpleApplication@7e96a583
reloadAllAccessors: .ArrayAppendPerformanceTest
----------------- testing Thu May 10 01:15:43 UTC 2018 /home/travis/build/icyphy/ptII/ptolemy/actor/lib/test/auto/ArrayAppendWithEmptyInput.xml
----------------- Instantiating /home/travis/build/icyphy/ptII/ptolemy/actor/lib/test/auto/ArrayAppendWithEmptyInput.xml
20 ms. Memory: 579072K Free: 222863K (38%)
----------------- Invoking toplevel() on ptolemy.moml.MoMLSimpleApplication@73257888
----------------- Done invoking toplevel() on ptolemy.moml.MoMLSimpleApplication@73257888
reloadAllAccessors: .ArrayAppendWithEmptyInput
----------------- testing Thu May 10 01:15:43 UTC 2018 /home/travis/build/icyphy/ptII/ptolemy/actor/lib/test/auto/ArrayAverage.xml
----------------- Instantiating /home/travis/build/icyphy/ptII/ptolemy/actor/lib/test/auto/ArrayAverage.xml
13 ms. Memory: 579072K Free: 213139K (37%)
----------------- Invoking toplevel() on ptolemy.moml.MoMLSimpleApplication@54501dd9
----------------- Done invoking toplevel() on ptolemy.moml.MoMLSimpleApplication@54501dd9
reloadAllAccessors: .ArrayAverage
----------------- testing Thu May 10 01:15:43 UTC 2018 /home/travis/build/icyphy/ptII/ptolemy/actor/lib/test/auto/ArrayContains.xml
----------------- Instantiating /home/travis/build/icyphy/ptII/ptolemy/actor/lib/test/auto/ArrayContains.xml
8 ms. Memory: 579072K Free: 194025K (34%)
----------------- Invoking toplevel() on ptolemy.moml.MoMLSimpleApplication@14d1ebe1
----------------- Done invoking toplevel() on ptolemy.moml.MoMLSimpleApplication@14d1ebe1
reloadAllAccessors: .ArrayContains
----------------- testing Thu May 10 01:15:43 UTC 2018 /home/travis/build/icyphy/ptII/ptolemy/actor/lib/test/auto/ArrayElement.xml
----------------- Instantiating /home/travis/build/icyphy/ptII/ptolemy/actor/lib/test/auto/ArrayElement.xml
18 ms. Memory: 579072K Free: 187553K (32%)
----------------- Invoking toplevel() on ptolemy.moml.MoMLSimpleApplication@12060e7a
----------------- Done invoking toplevel() on ptolemy.moml.MoMLSimpleApplication@12060e7a
reloadAllAccessors: .ArrayElement
----------------- testing Thu May 10 01:15:43 UTC 2018 /home/travis/build/icyphy/ptII/ptolemy/actor/lib/test/auto/ArrayElementAsMatrix.xml
----------------- Instantiating /home/travis/build/icyphy/ptII/ptolemy/actor/lib/test/auto/ArrayElementAsMatrix.xml
20 ms. Memory: 579072K Free: 174593K (30%)
----------------- Invoking toplevel() on ptolemy.moml.MoMLSimpleApplication@4baefb87
----------------- Done invoking toplevel() on ptolemy.moml.MoMLSimpleApplication@4baefb87
reloadAllAccessors: .ArrayElementAsMatrix
----------------- testing Thu May 10 01:15:43 UTC 2018 /home/travis/build/icyphy/ptII/ptolemy/actor/lib/test/auto/ArrayElementI.xml
----------------- Instantiating /home/travis/build/icyphy/ptII/ptolemy/actor/lib/test/auto/ArrayElementI.xml
4 ms. Memory: 579072K Free: 168122K (29%)
----------------- Invoking toplevel() on ptolemy.moml.MoMLSimpleApplication@7e2db4c3
----------------- Done invoking toplevel() on ptolemy.moml.MoMLSimpleApplication@7e2db4c3
reloadAllAccessors: .ArrayElementI
----------------- testing Thu May 10 01:15:43 UTC 2018 /home/travis/build/icyphy/ptII/ptolemy/actor/lib/test/auto/ArrayExtract.xml
----------------- Instantiating /home/travis/build/icyphy/ptII/ptolemy/actor/lib/test/auto/ArrayExtract.xml
13 ms. Memory: 579072K Free: 148991K (26%)
----------------- Invoking toplevel() on ptolemy.moml.MoMLSimpleApplication@635548b6
----------------- Done invoking toplevel() on ptolemy.moml.MoMLSimpleApplication@635548b6
reloadAllAccessors: .ArrayExtract
----------------- testing Thu May 10 01:15:43 UTC 2018 /home/travis/build/icyphy/ptII/ptolemy/actor/lib/test/auto/ArrayExtract2.xml
----------------- Instantiating /home/travis/build/icyphy/ptII/ptolemy/actor/lib/test/auto/ArrayExtract2.xml
6 ms. Memory: 579072K Free: 142519K (25%)
----------------- Invoking toplevel() on ptolemy.moml.MoMLSimpleApplication@33219120
----------------- Done invoking toplevel() on ptolemy.moml.MoMLSimpleApplication@33219120
reloadAllAccessors: .ArrayExtract2
----------------- testing Thu May 10 01:15:43 UTC 2018 /home/travis/build/icyphy/ptII/ptolemy/actor/lib/test/auto/ArrayLength.xml
----------------- Instantiating /home/travis/build/icyphy/ptII/ptolemy/actor/lib/test/auto/ArrayLength.xml
2 ms. Memory: 579072K Free: 136048K (23%)
----------------- Invoking toplevel() on ptolemy.moml.MoMLSimpleApplication@5caab904
----------------- Done invoking toplevel() on ptolemy.moml.MoMLSimpleApplication@5caab904
reloadAllAccessors: .ArrayLength
----------------- testing Thu May 10 01:15:43 UTC 2018 /home/travis/build/icyphy/ptII/ptolemy/actor/lib/test/auto/ArrayLevelCrossing.xml
----------------- Instantiating /home/travis/build/icyphy/ptII/ptolemy/actor/lib/test/auto/ArrayLevelCrossing.xml
3 ms. Memory: 579072K Free: 126324K (22%)
----------------- Invoking toplevel() on ptolemy.moml.MoMLSimpleApplication@6950f6c1
----------------- Done invoking toplevel() on ptolemy.moml.MoMLSimpleApplication@6950f6c1
reloadAllAccessors: .ArrayLevelCrossing
----------------- testing Thu May 10 01:15:43 UTC 2018 /home/travis/build/icyphy/ptII/ptolemy/actor/lib/test/auto/ArrayLevelCrossing2.xml
----------------- Instantiating /home/travis/build/icyphy/ptII/ptolemy/actor/lib/test/auto/ArrayLevelCrossing2.xml
9 ms. Memory: 579072K Free: 116600K (20%)
----------------- Invoking toplevel() on ptolemy.moml.MoMLSimpleApplication@7e621cd7
----------------- Done invoking toplevel() on ptolemy.moml.MoMLSimpleApplication@7e621cd7
reloadAllAccessors: .ArrayLevelCrossing2
----------------- testing Thu May 10 01:15:43 UTC 2018 /home/travis/build/icyphy/ptII/ptolemy/actor/lib/test/auto/ArrayPeakSearch.xml
----------------- Instantiating /home/travis/build/icyphy/ptII/ptolemy/actor/lib/test/auto/ArrayPeakSearch.xml
622 ms. Memory: 892416K Free: 851371K (95%)
----------------- Invoking toplevel() on ptolemy.moml.MoMLSimpleApplication@2d7ea982
----------------- Done invoking toplevel() on ptolemy.moml.MoMLSimpleApplication@2d7ea982
reloadAllAccessors: .ArrayPeakSearch
----------------- testing Thu May 10 01:15:44 UTC 2018 /home/travis/build/icyphy/ptII/ptolemy/actor/lib/test/auto/ArrayPeakSearch2.xml
----------------- Instantiating /home/travis/build/icyphy/ptII/ptolemy/actor/lib/test/auto/ArrayPeakSearch2.xml
4 ms. Memory: 892416K Free: 809212K (91%)
----------------- Invoking toplevel() on ptolemy.moml.MoMLSimpleApplication@73d87a81
----------------- Done invoking toplevel() on ptolemy.moml.MoMLSimpleApplication@73d87a81
reloadAllAccessors: .ArrayPeakSearch2
----------------- testing Thu May 10 01:15:44 UTC 2018 /home/travis/build/icyphy/ptII/ptolemy/actor/lib/test/auto/ArrayPeakSearch3.xml
----------------- Instantiating /home/travis/build/icyphy/ptII/ptolemy/actor/lib/test/auto/ArrayPeakSearch3.xml
5 ms. Memory: 892416K Free: 793669K (89%)
----------------- Invoking toplevel() on ptolemy.moml.MoMLSimpleApplication@3443d06f
----------------- Done invoking toplevel() on ptolemy.moml.MoMLSimpleApplication@3443d06f
reloadAllAccessors: .ArrayPeakSearch3
----------------- testing Thu May 10 01:15:44 UTC 2018 /home/travis/build/icyphy/ptII/ptolemy/actor/lib/test/auto/ArrayRemoveElement.xml
----------------- Instantiating /home/travis/build/icyphy/ptII/ptolemy/actor/lib/test/auto/ArrayRemoveElement.xml
6 ms. Memory: 892416K Free: 778119K (87%)
----------------- Invoking toplevel() on ptolemy.moml.MoMLSimpleApplication@44200976
----------------- Done invoking toplevel() on ptolemy.moml.MoMLSimpleApplication@44200976
reloadAllAccessors: .ArrayRemoveElement
----------------- testing Thu May 10 01:15:44 UTC 2018 /home/travis/build/icyphy/ptII/ptolemy/actor/lib/test/auto/ArraySort.xml
----------------- Instantiating /home/travis/build/icyphy/ptII/ptolemy/actor/lib/test/auto/ArraySort.xml
4 ms. Memory: 892416K Free: 762569K (85%)
----------------- Invoking toplevel() on ptolemy.moml.MoMLSimpleApplication@38188475
----------------- Done invoking toplevel() on ptolemy.moml.MoMLSimpleApplication@38188475
reloadAllAccessors: .ArraySort
----------------- testing Thu May 10 01:15:44 UTC 2018 /home/travis/build/icyphy/ptII/ptolemy/actor/lib/test/auto/ArraySum.xml
----------------- Instantiating /home/travis/build/icyphy/ptII/ptolemy/actor/lib/test/auto/ArraySum.xml
5 ms. Memory: 892416K Free: 741486K (83%)
----------------- Invoking toplevel() on ptolemy.moml.MoMLSimpleApplication@324a2025
----------------- Done invoking toplevel() on ptolemy.moml.MoMLSimpleApplication@324a2025
reloadAllAccessors: .ArraySum
----------------- testing Thu May 10 01:15:44 UTC 2018 /home/travis/build/icyphy/ptII/ptolemy/actor/lib/test/auto/ArrayToElements.xml
----------------- Instantiating /home/travis/build/icyphy/ptII/ptolemy/actor/lib/test/auto/ArrayToElements.xml
7 ms. Memory: 892416K Free: 731130K (82%)
----------------- Invoking toplevel() on ptolemy.moml.MoMLSimpleApplication@95f2afa
----------------- Done invoking toplevel() on ptolemy.moml.MoMLSimpleApplication@95f2afa
reloadAllAccessors: .ArrayToElements
----------------- testing Thu May 10 01:15:44 UTC 2018 /home/travis/build/icyphy/ptII/ptolemy/actor/lib/test/auto/ArrayToMatrix.xml
----------------- Instantiating /home/travis/build/icyphy/ptII/ptolemy/actor/lib/test/auto/ArrayToMatrix.xml
18 ms. Memory: 892416K Free: 710402K (80%)
----------------- Invoking toplevel() on ptolemy.moml.MoMLSimpleApplication@580c7736
----------------- Done invoking toplevel() on ptolemy.moml.MoMLSimpleApplication@580c7736
reloadAllAccessors: .ArrayToMatrix
----------------- testing Thu May 10 01:15:44 UTC 2018 /home/travis/build/icyphy/ptII/ptolemy/actor/lib/test/auto/ArrayUpdate1.xml
----------------- Instantiating /home/travis/build/icyphy/ptII/ptolemy/actor/lib/test/auto/ArrayUpdate1.xml
7 ms. Memory: 892416K Free: 700046K (78%)
----------------- Invoking toplevel() on ptolemy.moml.MoMLSimpleApplication@5fa6b926
----------------- Done invoking toplevel() on ptolemy.moml.MoMLSimpleApplication@5fa6b926
reloadAllAccessors: .ArrayUpdate1
----------------- testing Thu May 10 01:15:44 UTC 2018 /home/travis/build/icyphy/ptII/ptolemy/actor/lib/test/auto/ArrayUpdate2.xml
----------------- Instantiating /home/travis/build/icyphy/ptII/ptolemy/actor/lib/test/auto/ArrayUpdate2.xml
6 ms. Memory: 892416K Free: 689690K (77%)
----------------- Invoking toplevel() on ptolemy.moml.MoMLSimpleApplication@6c0d375
----------------- Done invoking toplevel() on ptolemy.moml.MoMLSimpleApplication@6c0d375
reloadAllAccessors: .ArrayUpdate2
----------------- testing Thu May 10 01:15:44 UTC 2018 /home/travis/build/icyphy/ptII/ptolemy/actor/lib/test/auto/ArrayUpdate3.xml
----------------- Instantiating /home/travis/build/icyphy/ptII/ptolemy/actor/lib/test/auto/ArrayUpdate3.xml
6 ms. Memory: 892416K Free: 668607K (75%)
----------------- Invoking toplevel() on ptolemy.moml.MoMLSimpleApplication@2dcd0402
----------------- Done invoking toplevel() on ptolemy.moml.MoMLSimpleApplication@2dcd0402
reloadAllAccessors: .ArrayUpdate3
----------------- testing Thu May 10 01:15:44 UTC 2018 /home/travis/build/icyphy/ptII/ptolemy/actor/lib/test/auto/Assert1.xml
----------------- Instantiating /home/travis/build/icyphy/ptII/ptolemy/actor/lib/test/auto/Assert1.xml
8 ms. Memory: 892416K Free: 658251K (74%)
----------------- Invoking toplevel() on ptolemy.moml.MoMLSimpleApplication@5d33b963
----------------- Done invoking toplevel() on ptolemy.moml.MoMLSimpleApplication@5d33b963
reloadAllAccessors: .Assert1
----------------- testing Thu May 10 01:15:45 UTC 2018 /home/travis/build/icyphy/ptII/ptolemy/actor/lib/test/auto/Assert2.xml
----------------- Instantiating /home/travis/build/icyphy/ptII/ptolemy/actor/lib/test/auto/Assert2.xml
8 ms. Memory: 892416K Free: 647895K (73%)
----------------- Invoking toplevel() on ptolemy.moml.MoMLSimpleApplication@3675b37f
----------------- Done invoking toplevel() on ptolemy.moml.MoMLSimpleApplication@3675b37f
reloadAllAccessors: .Assert2
----------------- testing Thu May 10 01:15:45 UTC 2018 /home/travis/build/icyphy/ptII/ptolemy/actor/lib/test/auto/BooleanMultiplexor.xml
----------------- Instantiating /home/travis/build/icyphy/ptII/ptolemy/actor/lib/test/auto/BooleanMultiplexor.xml
2 ms. Memory: 892416K Free: 637538K (71%)
----------------- Invoking toplevel() on ptolemy.moml.MoMLSimpleApplication@5b47e6de
----------------- Done invoking toplevel() on ptolemy.moml.MoMLSimpleApplication@5b47e6de
reloadAllAccessors: .BooleanMultiplexor
----------------- testing Thu May 10 01:15:45 UTC 2018 /home/travis/build/icyphy/ptII/ptolemy/actor/lib/test/auto/BooleanMultiplexor2.xml
----------------- Instantiating /home/travis/build/icyphy/ptII/ptolemy/actor/lib/test/auto/BooleanMultiplexor2.xml
13 ms. Memory: 892416K Free: 627182K (70%)
----------------- Invoking toplevel() on ptolemy.moml.MoMLSimpleApplication@78b4a62a
----------------- Done invoking toplevel() on ptolemy.moml.MoMLSimpleApplication@78b4a62a
reloadAllAccessors: .BooleanMultiplexor2
----------------- testing Thu May 10 01:15:45 UTC 2018 /home/travis/build/icyphy/ptII/ptolemy/actor/lib/test/auto/BooleanMultiplexor3.xml
----------------- Instantiating /home/travis/build/icyphy/ptII/ptolemy/actor/lib/test/auto/BooleanMultiplexor3.xml
4 ms. Memory: 892416K Free: 606100K (68%)
----------------- Invoking toplevel() on ptolemy.moml.MoMLSimpleApplication@65925334
----------------- Done invoking toplevel() on ptolemy.moml.MoMLSimpleApplication@65925334
reloadAllAccessors: .BooleanMultiplexor3
----------------- testing Thu May 10 01:15:45 UTC 2018 /home/travis/build/icyphy/ptII/ptolemy/actor/lib/test/auto/BooleanSelect.xml
----------------- Instantiating /home/travis/build/icyphy/ptII/ptolemy/actor/lib/test/auto/BooleanSelect.xml
8 ms. Memory: 892416K Free: 595744K (67%)
----------------- Invoking toplevel() on ptolemy.moml.MoMLSimpleApplication@17083d12
----------------- Done invoking toplevel() on ptolemy.moml.MoMLSimpleApplication@17083d12
reloadAllAccessors: .BooleanSelect
----------------- testing Thu May 10 01:15:45 UTC 2018 /home/travis/build/icyphy/ptII/ptolemy/actor/lib/test/auto/BooleanSelect2.xml
----------------- Instantiating /home/travis/build/icyphy/ptII/ptolemy/actor/lib/test/auto/BooleanSelect2.xml
1 ms. Memory: 892416K Free: 585387K (66%)
----------------- Invoking toplevel() on ptolemy.moml.MoMLSimpleApplication@74f8b13c
----------------- Done invoking toplevel() on ptolemy.moml.MoMLSimpleApplication@74f8b13c
reloadAllAccessors: .BooleanSelect2
----------------- testing Thu May 10 01:15:45 UTC 2018 /home/travis/build/icyphy/ptII/ptolemy/actor/lib/test/auto/BooleanSwitch.xml
----------------- Instantiating /home/travis/build/icyphy/ptII/ptolemy/actor/lib/test/auto/BooleanSwitch.xml
4 ms. Memory: 892416K Free: 575031K (64%)
----------------- Invoking toplevel() on ptolemy.moml.MoMLSimpleApplication@3abd52a9
----------------- Done invoking toplevel() on ptolemy.moml.MoMLSimpleApplication@3abd52a9
reloadAllAccessors: .BooleanSwitch
----------------- testing Thu May 10 01:15:45 UTC 2018 /home/travis/build/icyphy/ptII/ptolemy/actor/lib/test/auto/BooleanSwitch2.xml
----------------- Instantiating /home/travis/build/icyphy/ptII/ptolemy/actor/lib/test/auto/BooleanSwitch2.xml
2 ms. Memory: 892416K Free: 564675K (63%)
----------------- Invoking toplevel() on ptolemy.moml.MoMLSimpleApplication@459ca9b0
----------------- Done invoking toplevel() on ptolemy.moml.MoMLSimpleApplication@459ca9b0
reloadAllAccessors: .BooleanSwitch2
----------------- testing Thu May 10 01:15:45 UTC 2018 /home/travis/build/icyphy/ptII/ptolemy/actor/lib/test/auto/BooleanSwitchCloningBugWithClassRelationGroup.xml
----------------- Instantiating /home/travis/build/icyphy/ptII/ptolemy/actor/lib/test/auto/BooleanSwitchCloningBugWithClassRelationGroup.xml
3 ms. Memory: 892416K Free: 543593K (61%)
----------------- Invoking toplevel() on ptolemy.moml.MoMLSimpleApplication@63925c65
----------------- Done invoking toplevel() on ptolemy.moml.MoMLSimpleApplication@63925c65
reloadAllAccessors: .BooleanSwitchCloningBugWithClassRelationGroup
----------------- testing Thu May 10 01:15:45 UTC 2018 /home/travis/build/icyphy/ptII/ptolemy/actor/lib/test/auto/BusActors.xml
----------------- Instantiating /home/travis/build/icyphy/ptII/ptolemy/actor/lib/test/auto/BusActors.xml
4 ms. Memory: 892416K Free: 528058K (59%)
----------------- Invoking toplevel() on ptolemy.moml.MoMLSimpleApplication@7200d355
----------------- Done invoking toplevel() on ptolemy.moml.MoMLSimpleApplication@7200d355
reloadAllAccessors: .BusActors
----------------- testing Thu May 10 01:15:45 UTC 2018 /home/travis/build/icyphy/ptII/ptolemy/actor/lib/test/auto/ClassWrapper.xml
----------------- Instantiating /home/travis/build/icyphy/ptII/ptolemy/actor/lib/test/auto/ClassWrapper.xml
3 ms. Memory: 892416K Free: 517702K (58%)
----------------- Invoking toplevel() on ptolemy.moml.MoMLSimpleApplication@37fecb98
----------------- Done invoking toplevel() on ptolemy.moml.MoMLSimpleApplication@37fecb98
reloadAllAccessors: .ClassWrapper
----------------- testing Thu May 10 01:15:45 UTC 2018 /home/travis/build/icyphy/ptII/ptolemy/actor/lib/test/auto/Clock.xml
----------------- Instantiating /home/travis/build/icyphy/ptII/ptolemy/actor/lib/test/auto/Clock.xml
1 ms. Memory: 892416K Free: 507346K (57%)
----------------- Invoking toplevel() on ptolemy.moml.MoMLSimpleApplication@52b9b2f8
----------------- Done invoking toplevel() on ptolemy.moml.MoMLSimpleApplication@52b9b2f8
reloadAllAccessors: .Clock
----------------- testing Thu May 10 01:15:45 UTC 2018 /home/travis/build/icyphy/ptII/ptolemy/actor/lib/test/auto/Clock10.xml
----------------- Instantiating /home/travis/build/icyphy/ptII/ptolemy/actor/lib/test/auto/Clock10.xml
7 ms. Memory: 892416K Free: 496990K (56%)
----------------- Invoking toplevel() on ptolemy.moml.MoMLSimpleApplication@7b1dde85
----------------- Done invoking toplevel() on ptolemy.moml.MoMLSimpleApplication@7b1dde85
reloadAllAccessors: .Clock10
----------------- testing Thu May 10 01:15:45 UTC 2018 /home/travis/build/icyphy/ptII/ptolemy/actor/lib/test/auto/Clock11.xml
----------------- Instantiating /home/travis/build/icyphy/ptII/ptolemy/actor/lib/test/auto/Clock11.xml
7 ms. Memory: 892416K Free: 475907K (53%)
----------------- Invoking toplevel() on ptolemy.moml.MoMLSimpleApplication@317aab62
----------------- Done invoking toplevel() on ptolemy.moml.MoMLSimpleApplication@317aab62
reloadAllAccessors: .Clock11
----------------- testing Thu May 10 01:15:45 UTC 2018 /home/travis/build/icyphy/ptII/ptolemy/actor/lib/test/auto/Clock12.xml
----------------- Instantiating /home/travis/build/icyphy/ptII/ptolemy/actor/lib/test/auto/Clock12.xml
5 ms. Memory: 892416K Free: 465551K (52%)
----------------- Invoking toplevel() on ptolemy.moml.MoMLSimpleApplication@6fb5209d
----------------- Done invoking toplevel() on ptolemy.moml.MoMLSimpleApplication@6fb5209d
reloadAllAccessors: .Clock12
----------------- testing Thu May 10 01:15:45 UTC 2018 /home/travis/build/icyphy/ptII/ptolemy/actor/lib/test/auto/Clock13.xml
----------------- Instantiating /home/travis/build/icyphy/ptII/ptolemy/actor/lib/test/auto/Clock13.xml
2 ms. Memory: 892416K Free: 455195K (51%)
----------------- Invoking toplevel() on ptolemy.moml.MoMLSimpleApplication@772939b1
----------------- Done invoking toplevel() on ptolemy.moml.MoMLSimpleApplication@772939b1
reloadAllAccessors: .Clock13
----------------- testing Thu May 10 01:15:45 UTC 2018 /home/travis/build/icyphy/ptII/ptolemy/actor/lib/test/auto/Clock14.xml
----------------- Instantiating /home/travis/build/icyphy/ptII/ptolemy/actor/lib/test/auto/Clock14.xml
2 ms. Memory: 892416K Free: 444839K (50%)
----------------- Invoking toplevel() on ptolemy.moml.MoMLSimpleApplication@179be927
----------------- Done invoking toplevel() on ptolemy.moml.MoMLSimpleApplication@179be927
reloadAllAccessors: .Clock14
----------------- testing Thu May 10 01:15:45 UTC 2018 /home/travis/build/icyphy/ptII/ptolemy/actor/lib/test/auto/Clock15.xml
----------------- Instantiating /home/travis/build/icyphy/ptII/ptolemy/actor/lib/test/auto/Clock15.xml
6 ms. Memory: 892416K Free: 423756K (47%)
----------------- Invoking toplevel() on ptolemy.moml.MoMLSimpleApplication@6828ef31
----------------- Done invoking toplevel() on ptolemy.moml.MoMLSimpleApplication@6828ef31
reloadAllAccessors: .Clock15
----------------- testing Thu May 10 01:15:45 UTC 2018 /home/travis/build/icyphy/ptII/ptolemy/actor/lib/test/auto/Clock16.xml
----------------- Instantiating /home/travis/build/icyphy/ptII/ptolemy/actor/lib/test/auto/Clock16.xml
26 ms. Memory: 892416K Free: 403028K (45%)
----------------- Invoking toplevel() on ptolemy.moml.MoMLSimpleApplication@19e8efeb
----------------- Done invoking toplevel() on ptolemy.moml.MoMLSimpleApplication@19e8efeb
reloadAllAccessors: .Clock16
----------------- testing Thu May 10 01:15:45 UTC 2018 /home/travis/build/icyphy/ptII/ptolemy/actor/lib/test/auto/Clock17.xml
----------------- Instantiating /home/travis/build/icyphy/ptII/ptolemy/actor/lib/test/auto/Clock17.xml
27 ms. Memory: 892416K Free: 387486K (43%)
----------------- Invoking toplevel() on ptolemy.moml.MoMLSimpleApplication@4d8e33cc
----------------- Done invoking toplevel() on ptolemy.moml.MoMLSimpleApplication@4d8e33cc
reloadAllAccessors: .Clock17
----------------- testing Thu May 10 01:15:45 UTC 2018 /home/travis/build/icyphy/ptII/ptolemy/actor/lib/test/auto/Clock18.xml
----------------- Instantiating /home/travis/build/icyphy/ptII/ptolemy/actor/lib/test/auto/Clock18.xml
25 ms. Memory: 892416K Free: 371951K (42%)
----------------- Invoking toplevel() on ptolemy.moml.MoMLSimpleApplication@23e4958a
----------------- Done invoking toplevel() on ptolemy.moml.MoMLSimpleApplication@23e4958a
reloadAllAccessors: .Clock18
----------------- testing Thu May 10 01:15:45 UTC 2018 /home/travis/build/icyphy/ptII/ptolemy/actor/lib/test/auto/Clock19.xml
----------------- Instantiating /home/travis/build/icyphy/ptII/ptolemy/actor/lib/test/auto/Clock19.xml
18 ms. Memory: 892416K Free: 356401K (40%)
----------------- Invoking toplevel() on ptolemy.moml.MoMLSimpleApplication@180088ca
----------------- Done invoking toplevel() on ptolemy.moml.MoMLSimpleApplication@180088ca
reloadAllAccessors: .Clock19
----------------- testing Thu May 10 01:15:45 UTC 2018 /home/travis/build/icyphy/ptII/ptolemy/actor/lib/test/auto/Clock2.xml
----------------- Instantiating /home/travis/build/icyphy/ptII/ptolemy/actor/lib/test/auto/Clock2.xml
8 ms. Memory: 892416K Free: 335319K (38%)
----------------- Invoking toplevel() on ptolemy.moml.MoMLSimpleApplication@ac61545
----------------- Done invoking toplevel() on ptolemy.moml.MoMLSimpleApplication@ac61545
reloadAllAccessors: .Clock2
----------------- testing Thu May 10 01:15:45 UTC 2018 /home/travis/build/icyphy/ptII/ptolemy/actor/lib/test/auto/Clock20.xml
----------------- Instantiating /home/travis/build/icyphy/ptII/ptolemy/actor/lib/test/auto/Clock20.xml
14 ms. Memory: 892416K Free: 324962K (36%)
----------------- Invoking toplevel() on ptolemy.moml.MoMLSimpleApplication@6f7fa84e
----------------- Done invoking toplevel() on ptolemy.moml.MoMLSimpleApplication@6f7fa84e
reloadAllAccessors: .Clock20
----------------- testing Thu May 10 01:15:45 UTC 2018 /home/travis/build/icyphy/ptII/ptolemy/actor/lib/test/auto/Clock21.xml
----------------- Instantiating /home/travis/build/icyphy/ptII/ptolemy/actor/lib/test/auto/Clock21.xml
8 ms. Memory: 892416K Free: 314606K (35%)
----------------- Invoking toplevel() on ptolemy.moml.MoMLSimpleApplication@283ad9d9
----------------- Done invoking toplevel() on ptolemy.moml.MoMLSimpleApplication@283ad9d9
reloadAllAccessors: .Clock21
----------------- testing Thu May 10 01:15:46 UTC 2018 /home/travis/build/icyphy/ptII/ptolemy/actor/lib/test/auto/Clock22.xml
----------------- Instantiating /home/travis/build/icyphy/ptII/ptolemy/actor/lib/test/auto/Clock22.xml
7 ms. Memory: 892416K Free: 304250K (34%)
----------------- Invoking toplevel() on ptolemy.moml.MoMLSimpleApplication@75764c68
----------------- Done invoking toplevel() on ptolemy.moml.MoMLSimpleApplication@75764c68
reloadAllAccessors: .Clock22
----------------- testing Thu May 10 01:15:46 UTC 2018 /home/travis/build/icyphy/ptII/ptolemy/actor/lib/test/auto/Clock23.xml
----------------- Instantiating /home/travis/build/icyphy/ptII/ptolemy/actor/lib/test/auto/Clock23.xml
8 ms. Memory: 892416K Free: 293894K (33%)
----------------- Invoking toplevel() on ptolemy.moml.MoMLSimpleApplication@4608d20c
----------------- Done invoking toplevel() on ptolemy.moml.MoMLSimpleApplication@4608d20c
reloadAllAccessors: .Clock23
----------------- testing Thu May 10 01:15:46 UTC 2018 /home/travis/build/icyphy/ptII/ptolemy/actor/lib/test/auto/Clock24.xml
----------------- Instantiating /home/travis/build/icyphy/ptII/ptolemy/actor/lib/test/auto/Clock24.xml
7 ms. Memory: 892416K Free: 272811K (31%)
----------------- Invoking toplevel() on ptolemy.moml.MoMLSimpleApplication@41637dd0
----------------- Done invoking toplevel() on ptolemy.moml.MoMLSimpleApplication@41637dd0
reloadAllAccessors: .Clock24
----------------- testing Thu May 10 01:15:46 UTC 2018 /home/travis/build/icyphy/ptII/ptolemy/actor/lib/test/auto/Clock4.xml
----------------- Instantiating /home/travis/build/icyphy/ptII/ptolemy/actor/lib/test/auto/Clock4.xml
6 ms. Memory: 892416K Free: 262455K (29%)
----------------- Invoking toplevel() on ptolemy.moml.MoMLSimpleApplication@20fe26e5
----------------- Done invoking toplevel() on ptolemy.moml.MoMLSimpleApplication@20fe26e5
reloadAllAccessors: .Clock4
----------------- testing Thu May 10 01:15:46 UTC 2018 /home/travis/build/icyphy/ptII/ptolemy/actor/lib/test/auto/Clock5.xml
----------------- Instantiating /home/travis/build/icyphy/ptII/ptolemy/actor/lib/test/auto/Clock5.xml
3 ms. Memory: 892416K Free: 252099K (28%)
----------------- Invoking toplevel() on ptolemy.moml.MoMLSimpleApplication@37fc6ca3
----------------- Done invoking toplevel() on ptolemy.moml.MoMLSimpleApplication@37fc6ca3
reloadAllAccessors: .Clock5
----------------- testing Thu May 10 01:15:46 UTC 2018 /home/travis/build/icyphy/ptII/ptolemy/actor/lib/test/auto/Clock6.xml
----------------- Instantiating /home/travis/build/icyphy/ptII/ptolemy/actor/lib/test/auto/Clock6.xml
2 ms. Memory: 892416K Free: 241743K (27%)
----------------- Invoking toplevel() on ptolemy.moml.MoMLSimpleApplication@53ee7650
----------------- Done invoking toplevel() on ptolemy.moml.MoMLSimpleApplication@53ee7650
reloadAllAccessors: .Clock6
----------------- testing Thu May 10 01:15:46 UTC 2018 /home/travis/build/icyphy/ptII/ptolemy/actor/lib/test/auto/Clock7.xml
----------------- Instantiating /home/travis/build/icyphy/ptII/ptolemy/actor/lib/test/auto/Clock7.xml
4 ms. Memory: 892416K Free: 231387K (26%)
----------------- Invoking toplevel() on ptolemy.moml.MoMLSimpleApplication@1d4f0d77
----------------- Done invoking toplevel() on ptolemy.moml.MoMLSimpleApplication@1d4f0d77
reloadAllAccessors: .Clock7
----------------- testing Thu May 10 01:15:46 UTC 2018 /home/travis/build/icyphy/ptII/ptolemy/actor/lib/test/auto/Clock8.xml
----------------- Instantiating /home/travis/build/icyphy/ptII/ptolemy/actor/lib/test/auto/Clock8.xml
8 ms. Memory: 892416K Free: 210304K (24%)
----------------- Invoking toplevel() on ptolemy.moml.MoMLSimpleApplication@6e055888
----------------- Done invoking toplevel() on ptolemy.moml.MoMLSimpleApplication@6e055888
reloadAllAccessors: .Clock8
----------------- testing Thu May 10 01:15:46 UTC 2018 /home/travis/build/icyphy/ptII/ptolemy/actor/lib/test/auto/Clock9.xml
----------------- Instantiating /home/travis/build/icyphy/ptII/ptolemy/actor/lib/test/auto/Clock9.xml
8 ms. Memory: 892416K Free: 199948K (22%)
----------------- Invoking toplevel() on ptolemy.moml.MoMLSimpleApplication@3be9515f
----------------- Done invoking toplevel() on ptolemy.moml.MoMLSimpleApplication@3be9515f
reloadAllAccessors: .Clock9
----------------- testing Thu May 10 01:15:46 UTC 2018 /home/travis/build/icyphy/ptII/ptolemy/actor/lib/test/auto/CommDistDiscard.xml
----------------- Instantiating /home/travis/build/icyphy/ptII/ptolemy/actor/lib/test/auto/CommDistDiscard.xml
4 ms. Memory: 892416K Free: 189592K (21%)
----------------- Invoking toplevel() on ptolemy.moml.MoMLSimpleApplication@4b9fe545
----------------- Done invoking toplevel() on ptolemy.moml.MoMLSimpleApplication@4b9fe545
reloadAllAccessors: .CommDistDiscard
----------------- testing Thu May 10 01:15:46 UTC 2018 /home/travis/build/icyphy/ptII/ptolemy/actor/lib/test/auto/Commutator.xml
----------------- Instantiating /home/travis/build/icyphy/ptII/ptolemy/actor/lib/test/auto/Commutator.xml
4 ms. Memory: 892416K Free: 179235K (20%)
----------------- Invoking toplevel() on ptolemy.moml.MoMLSimpleApplication@12c38fe5
----------------- Done invoking toplevel() on ptolemy.moml.MoMLSimpleApplication@12c38fe5
reloadAllAccessors: .Commutator
----------------- testing Thu May 10 01:15:46 UTC 2018 /home/travis/build/icyphy/ptII/ptolemy/actor/lib/test/auto/Commutator2.xml
----------------- Instantiating /home/travis/build/icyphy/ptII/ptolemy/actor/lib/test/auto/Commutator2.xml
3 ms. Memory: 892416K Free: 158153K (18%)
----------------- Invoking toplevel() on ptolemy.moml.MoMLSimpleApplication@1af4307e
----------------- Done invoking toplevel() on ptolemy.moml.MoMLSimpleApplication@1af4307e
reloadAllAccessors: .Commutator2
----------------- testing Thu May 10 01:15:46 UTC 2018 /home/travis/build/icyphy/ptII/ptolemy/actor/lib/test/auto/Commutator3.xml
----------------- Instantiating /home/travis/build/icyphy/ptII/ptolemy/actor/lib/test/auto/Commutator3.xml
2 ms. Memory: 892416K Free: 147796K (17%)
----------------- Invoking toplevel() on ptolemy.moml.MoMLSimpleApplication@4d63880a
----------------- Done invoking toplevel() on ptolemy.moml.MoMLSimpleApplication@4d63880a
reloadAllAccessors: .Commutator3
----------------- testing Thu May 10 01:15:46 UTC 2018 /home/travis/build/icyphy/ptII/ptolemy/actor/lib/test/auto/Compare.xml
----------------- Instantiating /home/travis/build/icyphy/ptII/ptolemy/actor/lib/test/auto/Compare.xml
3 ms. Memory: 892416K Free: 137440K (15%)
----------------- Invoking toplevel() on ptolemy.moml.MoMLSimpleApplication@46857fa6
----------------- Done invoking toplevel() on ptolemy.moml.MoMLSimpleApplication@46857fa6
reloadAllAccessors: .Compare
----------------- testing Thu May 10 01:15:46 UTC 2018 /home/travis/build/icyphy/ptII/ptolemy/actor/lib/test/auto/CompareDE.xml
----------------- Instantiating /home/travis/build/icyphy/ptII/ptolemy/actor/lib/test/auto/CompareDE.xml
5 ms. Memory: 892416K Free: 127084K (14%)
----------------- Invoking toplevel() on ptolemy.moml.MoMLSimpleApplication@7df10887
----------------- Done invoking toplevel() on ptolemy.moml.MoMLSimpleApplication@7df10887
reloadAllAccessors: .CompareDE
----------------- testing Thu May 10 01:15:46 UTC 2018 /home/travis/build/icyphy/ptII/ptolemy/actor/lib/test/auto/ComplexDivide.xml
----------------- Instantiating /home/travis/build/icyphy/ptII/ptolemy/actor/lib/test/auto/ComplexDivide.xml
2 ms. Memory: 892416K Free: 116728K (13%)
----------------- Invoking toplevel() on ptolemy.moml.MoMLSimpleApplication@13570f92
----------------- Done invoking toplevel() on ptolemy.moml.MoMLSimpleApplication@13570f92
reloadAllAccessors: .ComplexDivide
----------------- testing Thu May 10 01:15:46 UTC 2018 /home/travis/build/icyphy/ptII/ptolemy/actor/lib/test/auto/ComputeHistogram.xml
----------------- Instantiating /home/travis/build/icyphy/ptII/ptolemy/actor/lib/test/auto/ComputeHistogram.xml
56 ms. Memory: 892416K Free: 90467K (10%)
----------------- Invoking toplevel() on ptolemy.moml.MoMLSimpleApplication@4d6eb338
----------------- Done invoking toplevel() on ptolemy.moml.MoMLSimpleApplication@4d6eb338
reloadAllAccessors: .ComputeHistogram
----------------- testing Thu May 10 01:15:46 UTC 2018 /home/travis/build/icyphy/ptII/ptolemy/actor/lib/test/auto/ConfigurationSelect.xml
----------------- Instantiating /home/travis/build/icyphy/ptII/ptolemy/actor/lib/test/auto/ConfigurationSelect.xml
6 ms. Memory: 892416K Free: 80111K (9%)
----------------- Invoking toplevel() on ptolemy.moml.MoMLSimpleApplication@697bc21e
----------------- Done invoking toplevel() on ptolemy.moml.MoMLSimpleApplication@697bc21e
reloadAllAccessors: .ConfigurationSelect
----------------- testing Thu May 10 01:15:46 UTC 2018 /home/travis/build/icyphy/ptII/ptolemy/actor/lib/test/auto/ConfigurationSelect2.xml
----------------- Instantiating /home/travis/build/icyphy/ptII/ptolemy/actor/lib/test/auto/ConfigurationSelect2.xml
10 ms. Memory: 893440K Free: 851683K (95%)
----------------- Invoking toplevel() on ptolemy.moml.MoMLSimpleApplication@1c97a176
----------------- Done invoking toplevel() on ptolemy.moml.MoMLSimpleApplication@1c97a176
reloadAllAccessors: .ConfigurationSelect2
----------------- testing Thu May 10 01:15:46 UTC 2018 /home/travis/build/icyphy/ptII/ptolemy/actor/lib/test/auto/ConfigurationSwitch.xml
----------------- Instantiating /home/travis/build/icyphy/ptII/ptolemy/actor/lib/test/auto/ConfigurationSwitch.xml
2 ms. Memory: 893440K Free: 833281K (93%)
----------------- Invoking toplevel() on ptolemy.moml.MoMLSimpleApplication@621aba0f
----------------- Done invoking toplevel() on ptolemy.moml.MoMLSimpleApplication@621aba0f
reloadAllAccessors: .ConfigurationSwitch
----------------- testing Thu May 10 01:15:46 UTC 2018 /home/travis/build/icyphy/ptII/ptolemy/actor/lib/test/auto/ConfigurationSwitch2.xml
----------------- Instantiating /home/travis/build/icyphy/ptII/ptolemy/actor/lib/test/auto/ConfigurationSwitch2.xml
2 ms. Memory: 893440K Free: 825514K (92%)
----------------- Invoking toplevel() on ptolemy.moml.MoMLSimpleApplication@c57b116
----------------- Done invoking toplevel() on ptolemy.moml.MoMLSimpleApplication@c57b116
reloadAllAccessors: .ConfigurationSwitch2
----------------- testing Thu May 10 01:15:46 UTC 2018 /home/travis/build/icyphy/ptII/ptolemy/actor/lib/test/auto/ConfigurationSwitchCloningBugWithClassRelationGroup.xml
----------------- Instantiating /home/travis/build/icyphy/ptII/ptolemy/actor/lib/test/auto/ConfigurationSwitchCloningBugWithClassRelationGroup.xml
1 ms. Memory: 893440K Free: 813863K (91%)
----------------- Invoking toplevel() on ptolemy.moml.MoMLSimpleApplication@521176d8
----------------- Done invoking toplevel() on ptolemy.moml.MoMLSimpleApplication@521176d8
reloadAllAccessors: .ConfigurationSwitchCloningBugWithClassRelationGroup
----------------- testing Thu May 10 01:15:46 UTC 2018 /home/travis/build/icyphy/ptII/ptolemy/actor/lib/test/auto/ConfigurationSwitchSelectSDF.xml
----------------- Instantiating /home/travis/build/icyphy/ptII/ptolemy/actor/lib/test/auto/ConfigurationSwitchSelectSDF.xml
3 ms. Memory: 893440K Free: 798297K (89%)
----------------- Invoking toplevel() on ptolemy.moml.MoMLSimpleApplication@3985daa6
----------------- Done invoking toplevel() on ptolemy.moml.MoMLSimpleApplication@3985daa6
reloadAllAccessors: .ConfigurationSwitchSelectSDF
----------------- testing Thu May 10 01:15:46 UTC 2018 /home/travis/build/icyphy/ptII/ptolemy/actor/lib/test/auto/ConfigurationSwitchSelectSDF2.xml
----------------- Instantiating /home/travis/build/icyphy/ptII/ptolemy/actor/lib/test/auto/ConfigurationSwitchSelectSDF2.xml
2 ms. Memory: 893440K Free: 790530K (88%)
----------------- Invoking toplevel() on ptolemy.moml.MoMLSimpleApplication@40de0342
----------------- Done invoking toplevel() on ptolemy.moml.MoMLSimpleApplication@40de0342
reloadAllAccessors: .ConfigurationSwitchSelectSDF2
----------------- testing Thu May 10 01:15:46 UTC 2018 /home/travis/build/icyphy/ptII/ptolemy/actor/lib/test/auto/Const.xml
----------------- Instantiating /home/travis/build/icyphy/ptII/ptolemy/actor/lib/test/auto/Const.xml
1 ms. Memory: 893440K Free: 782763K (88%)
----------------- Invoking toplevel() on ptolemy.moml.MoMLSimpleApplication@6f65c57
----------------- Done invoking toplevel() on ptolemy.moml.MoMLSimpleApplication@6f65c57
reloadAllAccessors: .Const
----------------- testing Thu May 10 01:15:46 UTC 2018 /home/travis/build/icyphy/ptII/ptolemy/actor/lib/test/auto/Const2.xml
----------------- Instantiating /home/travis/build/icyphy/ptII/ptolemy/actor/lib/test/auto/Const2.xml
1 ms. Memory: 893440K Free: 767197K (86%)
----------------- Invoking toplevel() on ptolemy.moml.MoMLSimpleApplication@16673c51
----------------- Done invoking toplevel() on ptolemy.moml.MoMLSimpleApplication@16673c51
reloadAllAccessors: .Const2
----------------- testing Thu May 10 01:15:46 UTC 2018 /home/travis/build/icyphy/ptII/ptolemy/actor/lib/test/auto/Const3.xml
----------------- Instantiating /home/travis/build/icyphy/ptII/ptolemy/actor/lib/test/auto/Const3.xml
1 ms. Memory: 893440K Free: 759430K (85%)
----------------- Invoking toplevel() on ptolemy.moml.MoMLSimpleApplication@4db176d
----------------- Done invoking toplevel() on ptolemy.moml.MoMLSimpleApplication@4db176d
reloadAllAccessors: .Const3
----------------- testing Thu May 10 01:15:46 UTC 2018 /home/travis/build/icyphy/ptII/ptolemy/actor/lib/test/auto/ConstantPublisherPort1.xml
----------------- Instantiating /home/travis/build/icyphy/ptII/ptolemy/actor/lib/test/auto/ConstantPublisherPort1.xml
5 ms. Memory: 893440K Free: 747764K (84%)
----------------- Invoking toplevel() on ptolemy.moml.MoMLSimpleApplication@5650c9fd
----------------- Done invoking toplevel() on ptolemy.moml.MoMLSimpleApplication@5650c9fd
reloadAllAccessors: .ConstantPublisherPort1
----------------- testing Thu May 10 01:15:46 UTC 2018 /home/travis/build/icyphy/ptII/ptolemy/actor/lib/test/auto/ConstantPublisherPort2.xml
----------------- Instantiating /home/travis/build/icyphy/ptII/ptolemy/actor/lib/test/auto/ConstantPublisherPort2.xml
5 ms. Memory: 893440K Free: 736113K (82%)
----------------- Invoking toplevel() on ptolemy.moml.MoMLSimpleApplication@9bb5570
----------------- Done invoking toplevel() on ptolemy.moml.MoMLSimpleApplication@9bb5570
reloadAllAccessors: .ConstantPublisherPort2
----------------- testing Thu May 10 01:15:46 UTC 2018 /home/travis/build/icyphy/ptII/ptolemy/actor/lib/test/auto/ConstantPublisherPort3.xml
----------------- Instantiating /home/travis/build/icyphy/ptII/ptolemy/actor/lib/test/auto/ConstantPublisherPort3.xml
5 ms. Memory: 893440K Free: 716648K (80%)
----------------- Invoking toplevel() on ptolemy.moml.MoMLSimpleApplication@27d1f005
----------------- Done invoking toplevel() on ptolemy.moml.MoMLSimpleApplication@27d1f005
reloadAllAccessors: .ConstantPublisherPort3
----------------- testing Thu May 10 01:15:46 UTC 2018 /home/travis/build/icyphy/ptII/ptolemy/actor/lib/test/auto/ConstantPublisherPort4.xml
----------------- Instantiating /home/travis/build/icyphy/ptII/ptolemy/actor/lib/test/auto/ConstantPublisherPort4.xml
3 ms. Memory: 893440K Free: 704989K (79%)
----------------- Invoking toplevel() on ptolemy.moml.MoMLSimpleApplication@5712e52e
----------------- Done invoking toplevel() on ptolemy.moml.MoMLSimpleApplication@5712e52e
reloadAllAccessors: .ConstantPublisherPort4
----------------- testing Thu May 10 01:15:46 UTC 2018 /home/travis/build/icyphy/ptII/ptolemy/actor/lib/test/auto/ConstantPublisherPort5.xml
----------------- Instantiating /home/travis/build/icyphy/ptII/ptolemy/actor/lib/test/auto/ConstantPublisherPort5.xml
30 ms. Memory: 893440K Free: 685555K (77%)
----------------- Invoking toplevel() on ptolemy.moml.MoMLSimpleApplication@5e7dadae
----------------- Done invoking toplevel() on ptolemy.moml.MoMLSimpleApplication@5e7dadae
reloadAllAccessors: .ConstantPublisherPort5
----------------- testing Thu May 10 01:15:47 UTC 2018 /home/travis/build/icyphy/ptII/ptolemy/actor/lib/test/auto/ConstantPublisherPort6.xml
----------------- Instantiating /home/travis/build/icyphy/ptII/ptolemy/actor/lib/test/auto/ConstantPublisherPort6.xml
18 ms. Memory: 893440K Free: 654456K (73%)
----------------- Invoking toplevel() on ptolemy.moml.MoMLSimpleApplication@4f016bea
----------------- Done invoking toplevel() on ptolemy.moml.MoMLSimpleApplication@4f016bea
reloadAllAccessors: .ConstantPublisherPort6
----------------- testing Thu May 10 01:15:47 UTC 2018 /home/travis/build/icyphy/ptII/ptolemy/actor/lib/test/auto/ConstantPublisherPort7.xml
----------------- Instantiating /home/travis/build/icyphy/ptII/ptolemy/actor/lib/test/auto/ConstantPublisherPort7.xml
16 ms. Memory: 893440K Free: 631138K (71%)
----------------- Invoking toplevel() on ptolemy.moml.MoMLSimpleApplication@271ef8ac
----------------- Done invoking toplevel() on ptolemy.moml.MoMLSimpleApplication@271ef8ac
reloadAllAccessors: .ConstantPublisherPort7
----------------- testing Thu May 10 01:15:47 UTC 2018 /home/travis/build/icyphy/ptII/ptolemy/actor/lib/test/auto/ConstraintMonitor1.xml
----------------- Instantiating /home/travis/build/icyphy/ptII/ptolemy/actor/lib/test/auto/ConstraintMonitor1.xml
9 ms. Memory: 893440K Free: 623371K (70%)
----------------- Invoking toplevel() on ptolemy.moml.MoMLSimpleApplication@3bf99af5
----------------- Done invoking toplevel() on ptolemy.moml.MoMLSimpleApplication@3bf99af5
reloadAllAccessors: .ConstraintMonitor1
----------------- testing Thu May 10 01:15:47 UTC 2018 /home/travis/build/icyphy/ptII/ptolemy/actor/lib/test/auto/ConstraintMonitor2.xml
----------------- Instantiating /home/travis/build/icyphy/ptII/ptolemy/actor/lib/test/auto/ConstraintMonitor2.xml
7 ms. Memory: 893440K Free: 615604K (69%)
----------------- Invoking toplevel() on ptolemy.moml.MoMLSimpleApplication@40e8868a
----------------- Done invoking toplevel() on ptolemy.moml.MoMLSimpleApplication@40e8868a
reloadAllAccessors: .ConstraintMonitor2
----------------- testing Thu May 10 01:15:47 UTC 2018 /home/travis/build/icyphy/ptII/ptolemy/actor/lib/test/auto/ConstraintMonitor3.xml
----------------- Instantiating /home/travis/build/icyphy/ptII/ptolemy/actor/lib/test/auto/ConstraintMonitor3.xml
5 ms. Memory: 893440K Free: 600039K (67%)
----------------- Invoking toplevel() on ptolemy.moml.MoMLSimpleApplication@6deb70d9
----------------- Done invoking toplevel() on ptolemy.moml.MoMLSimpleApplication@6deb70d9
reloadAllAccessors: .ConstraintMonitor3
----------------- testing Thu May 10 01:15:47 UTC 2018 /home/travis/build/icyphy/ptII/ptolemy/actor/lib/test/auto/ConstraintMonitor4.xml
----------------- Instantiating /home/travis/build/icyphy/ptII/ptolemy/actor/lib/test/auto/ConstraintMonitor4.xml
6 ms. Memory: 893440K Free: 592272K (66%)
----------------- Invoking toplevel() on ptolemy.moml.MoMLSimpleApplication@1c44fa0d
----------------- Done invoking toplevel() on ptolemy.moml.MoMLSimpleApplication@1c44fa0d
reloadAllAccessors: .ConstraintMonitor4
----------------- testing Thu May 10 01:15:47 UTC 2018 /home/travis/build/icyphy/ptII/ptolemy/actor/lib/test/auto/ConstraintMonitor5.xml
----------------- Instantiating /home/travis/build/icyphy/ptII/ptolemy/actor/lib/test/auto/ConstraintMonitor5.xml
7 ms. Memory: 893440K Free: 584504K (65%)
----------------- Invoking toplevel() on ptolemy.moml.MoMLSimpleApplication@4bf49724
----------------- Done invoking toplevel() on ptolemy.moml.MoMLSimpleApplication@4bf49724
reloadAllAccessors: .ConstraintMonitor5
----------------- testing Thu May 10 01:15:47 UTC 2018 /home/travis/build/icyphy/ptII/ptolemy/actor/lib/test/auto/ConstraintMonitor6.xml
----------------- Instantiating /home/travis/build/icyphy/ptII/ptolemy/actor/lib/test/auto/ConstraintMonitor6.xml
8 ms. Memory: 893440K Free: 565056K (63%)
----------------- Invoking toplevel() on ptolemy.moml.MoMLSimpleApplication@b3cfa08
----------------- Done invoking toplevel() on ptolemy.moml.MoMLSimpleApplication@b3cfa08
reloadAllAccessors: .ConstraintMonitor6
----------------- testing Thu May 10 01:15:47 UTC 2018 /home/travis/build/icyphy/ptII/ptolemy/actor/lib/test/auto/ConstraintMonitor7.xml
----------------- Instantiating /home/travis/build/icyphy/ptII/ptolemy/actor/lib/test/auto/ConstraintMonitor7.xml
7 ms. Memory: 893440K Free: 553405K (62%)
----------------- Invoking toplevel() on ptolemy.moml.MoMLSimpleApplication@5af3baf1
----------------- Done invoking toplevel() on ptolemy.moml.MoMLSimpleApplication@5af3baf1
reloadAllAccessors: .ConstraintMonitor7
----------------- testing Thu May 10 01:15:47 UTC 2018 /home/travis/build/icyphy/ptII/ptolemy/actor/lib/test/auto/ConstraintMonitor8.xml
----------------- Instantiating /home/travis/build/icyphy/ptII/ptolemy/actor/lib/test/auto/ConstraintMonitor8.xml
9 ms. Memory: 893440K Free: 541746K (61%)
----------------- Invoking toplevel() on ptolemy.moml.MoMLSimpleApplication@4f823860
----------------- Done invoking toplevel() on ptolemy.moml.MoMLSimpleApplication@4f823860
reloadAllAccessors: .ConstraintMonitor8
----------------- testing Thu May 10 01:15:47 UTC 2018 /home/travis/build/icyphy/ptII/ptolemy/actor/lib/test/auto/Counter.xml
----------------- Instantiating /home/travis/build/icyphy/ptII/ptolemy/actor/lib/test/auto/Counter.xml
3 ms. Memory: 893440K Free: 526181K (59%)
----------------- Invoking toplevel() on ptolemy.moml.MoMLSimpleApplication@2c44b98c
----------------- Done invoking toplevel() on ptolemy.moml.MoMLSimpleApplication@2c44b98c
reloadAllAccessors: .Counter
----------------- testing Thu May 10 01:15:47 UTC 2018 /home/travis/build/icyphy/ptII/ptolemy/actor/lib/test/auto/CurrentTimeSDF.xml
----------------- Instantiating /home/travis/build/icyphy/ptII/ptolemy/actor/lib/test/auto/CurrentTimeSDF.xml
1 ms. Memory: 893440K Free: 518414K (58%)
----------------- Invoking toplevel() on ptolemy.moml.MoMLSimpleApplication@452e61b3
----------------- Done invoking toplevel() on ptolemy.moml.MoMLSimpleApplication@452e61b3
reloadAllAccessors: .CurrentTimeSDF
----------------- testing Thu May 10 01:15:47 UTC 2018 /home/travis/build/icyphy/ptII/ptolemy/actor/lib/test/auto/DB.xml
----------------- Instantiating /home/travis/build/icyphy/ptII/ptolemy/actor/lib/test/auto/DB.xml
4 ms. Memory: 893440K Free: 510647K (57%)
----------------- Invoking toplevel() on ptolemy.moml.MoMLSimpleApplication@41156472
----------------- Done invoking toplevel() on ptolemy.moml.MoMLSimpleApplication@41156472
reloadAllAccessors: .DB
----------------- testing Thu May 10 01:15:47 UTC 2018 /home/travis/build/icyphy/ptII/ptolemy/actor/lib/test/auto/DBDE.xml
----------------- Instantiating /home/travis/build/icyphy/ptII/ptolemy/actor/lib/test/auto/DBDE.xml
2 ms. Memory: 893440K Free: 498980K (56%)
----------------- Invoking toplevel() on ptolemy.moml.MoMLSimpleApplication@d36b789
----------------- Done invoking toplevel() on ptolemy.moml.MoMLSimpleApplication@d36b789
reloadAllAccessors: .DBDE
----------------- testing Thu May 10 01:15:47 UTC 2018 /home/travis/build/icyphy/ptII/ptolemy/actor/lib/test/auto/DateConstructor.xml
----------------- Instantiating /home/travis/build/icyphy/ptII/ptolemy/actor/lib/test/auto/DateConstructor.xml
15 ms. Memory: 893440K Free: 471740K (53%)
----------------- Invoking toplevel() on ptolemy.moml.MoMLSimpleApplication@6f8f733
----------------- Done invoking toplevel() on ptolemy.moml.MoMLSimpleApplication@6f8f733
reloadAllAccessors: .DateConstructor
----------------- testing Thu May 10 01:15:47 UTC 2018 /home/travis/build/icyphy/ptII/ptolemy/actor/lib/test/auto/DelayTime.xml
----------------- Instantiating /home/travis/build/icyphy/ptII/ptolemy/actor/lib/test/auto/DelayTime.xml
2 ms. Memory: 893440K Free: 463973K (52%)
----------------- Invoking toplevel() on ptolemy.moml.MoMLSimpleApplication@2a0563e9
----------------- Done invoking toplevel() on ptolemy.moml.MoMLSimpleApplication@2a0563e9
reloadAllAccessors: .DelayTime
----------------- testing Thu May 10 01:15:47 UTC 2018 /home/travis/build/icyphy/ptII/ptolemy/actor/lib/test/auto/Dictionary1.xml
----------------- Instantiating /home/travis/build/icyphy/ptII/ptolemy/actor/lib/test/auto/Dictionary1.xml
2 ms. Memory: 893440K Free: 456206K (51%)
----------------- Invoking toplevel() on ptolemy.moml.MoMLSimpleApplication@2f3a6652
----------------- Done invoking toplevel() on ptolemy.moml.MoMLSimpleApplication@2f3a6652
reloadAllAccessors: .Dictionary1
----------------- testing Thu May 10 01:15:47 UTC 2018 /home/travis/build/icyphy/ptII/ptolemy/actor/lib/test/auto/Dictionary2.xml
----------------- Instantiating /home/travis/build/icyphy/ptII/ptolemy/actor/lib/test/auto/Dictionary2.xml
2 ms. Memory: 893440K Free: 440640K (49%)
----------------- Invoking toplevel() on ptolemy.moml.MoMLSimpleApplication@9157b51
----------------- Done invoking toplevel() on ptolemy.moml.MoMLSimpleApplication@9157b51
reloadAllAccessors: .Dictionary2
----------------- testing Thu May 10 01:15:47 UTC 2018 /home/travis/build/icyphy/ptII/ptolemy/actor/lib/test/auto/Dictionary3.xml
----------------- Instantiating /home/travis/build/icyphy/ptII/ptolemy/actor/lib/test/auto/Dictionary3.xml
3 ms. Memory: 893440K Free: 432873K (48%)
----------------- Invoking toplevel() on ptolemy.moml.MoMLSimpleApplication@5dc20b43
----------------- Done invoking toplevel() on ptolemy.moml.MoMLSimpleApplication@5dc20b43
reloadAllAccessors: .Dictionary3
----------------- testing Thu May 10 01:15:47 UTC 2018 /home/travis/build/icyphy/ptII/ptolemy/actor/lib/test/auto/Dictionary4.xml
----------------- Instantiating /home/travis/build/icyphy/ptII/ptolemy/actor/lib/test/auto/Dictionary4.xml
2 ms. Memory: 893440K Free: 421207K (47%)
----------------- Invoking toplevel() on ptolemy.moml.MoMLSimpleApplication@3a344f7b
----------------- Done invoking toplevel() on ptolemy.moml.MoMLSimpleApplication@3a344f7b
reloadAllAccessors: .Dictionary4
----------------- testing Thu May 10 01:15:47 UTC 2018 /home/travis/build/icyphy/ptII/ptolemy/actor/lib/test/auto/Differential.xml
----------------- Instantiating /home/travis/build/icyphy/ptII/ptolemy/actor/lib/test/auto/Differential.xml
2 ms. Memory: 893440K Free: 405641K (45%)
----------------- Invoking toplevel() on ptolemy.moml.MoMLSimpleApplication@7756dcb4
----------------- Done invoking toplevel() on ptolemy.moml.MoMLSimpleApplication@7756dcb4
reloadAllAccessors: .Differential
----------------- testing Thu May 10 01:15:47 UTC 2018 /home/travis/build/icyphy/ptII/ptolemy/actor/lib/test/auto/Director.xml
----------------- Instantiating /home/travis/build/icyphy/ptII/ptolemy/actor/lib/test/auto/Director.xml
2 ms. Memory: 893440K Free: 397874K (45%)
----------------- Invoking toplevel() on ptolemy.moml.MoMLSimpleApplication@30df8c22
----------------- Done invoking toplevel() on ptolemy.moml.MoMLSimpleApplication@30df8c22
reloadAllAccessors: .Director
----------------- testing Thu May 10 01:15:47 UTC 2018 /home/travis/build/icyphy/ptII/ptolemy/actor/lib/test/auto/DiscreteClock.xml
----------------- Instantiating /home/travis/build/icyphy/ptII/ptolemy/actor/lib/test/auto/DiscreteClock.xml
1 ms. Memory: 893440K Free: 390107K (44%)
----------------- Invoking toplevel() on ptolemy.moml.MoMLSimpleApplication@84689ad
----------------- Done invoking toplevel() on ptolemy.moml.MoMLSimpleApplication@84689ad
reloadAllAccessors: .DiscreteClock
----------------- testing Thu May 10 01:15:47 UTC 2018 /home/travis/build/icyphy/ptII/ptolemy/actor/lib/test/auto/DiscreteClock10.xml
----------------- Instantiating /home/travis/build/icyphy/ptII/ptolemy/actor/lib/test/auto/DiscreteClock10.xml
3 ms. Memory: 893440K Free: 382340K (43%)
----------------- Invoking toplevel() on ptolemy.moml.MoMLSimpleApplication@dd21b7
----------------- Done invoking toplevel() on ptolemy.moml.MoMLSimpleApplication@dd21b7
reloadAllAccessors: .DiscreteClock10
----------------- testing Thu May 10 01:15:47 UTC 2018 /home/travis/build/icyphy/ptII/ptolemy/actor/lib/test/auto/DiscreteClock11.xml
----------------- Instantiating /home/travis/build/icyphy/ptII/ptolemy/actor/lib/test/auto/DiscreteClock11.xml
3 ms. Memory: 893440K Free: 366775K (41%)
----------------- Invoking toplevel() on ptolemy.moml.MoMLSimpleApplication@31986e06
----------------- Done invoking toplevel() on ptolemy.moml.MoMLSimpleApplication@31986e06
reloadAllAccessors: .DiscreteClock11
----------------- testing Thu May 10 01:15:47 UTC 2018 /home/travis/build/icyphy/ptII/ptolemy/actor/lib/test/auto/DiscreteClock12.xml
----------------- Instantiating /home/travis/build/icyphy/ptII/ptolemy/actor/lib/test/auto/DiscreteClock12.xml
2 ms. Memory: 893440K Free: 359007K (40%)
----------------- Invoking toplevel() on ptolemy.moml.MoMLSimpleApplication@794c96fe
----------------- Done invoking toplevel() on ptolemy.moml.MoMLSimpleApplication@794c96fe
reloadAllAccessors: .DiscreteClock12
----------------- testing Thu May 10 01:15:47 UTC 2018 /home/travis/build/icyphy/ptII/ptolemy/actor/lib/test/auto/DiscreteClock13.xml
----------------- Instantiating /home/travis/build/icyphy/ptII/ptolemy/actor/lib/test/auto/DiscreteClock13.xml
7 ms. Memory: 893440K Free: 351240K (39%)
----------------- Invoking toplevel() on ptolemy.moml.MoMLSimpleApplication@27f4c884
----------------- Done invoking toplevel() on ptolemy.moml.MoMLSimpleApplication@27f4c884
reloadAllAccessors: .DiscreteClock13
----------------- testing Thu May 10 01:15:47 UTC 2018 /home/travis/build/icyphy/ptII/ptolemy/actor/lib/test/auto/DiscreteClock14.xml
----------------- Instantiating /home/travis/build/icyphy/ptII/ptolemy/actor/lib/test/auto/DiscreteClock14.xml
8 ms. Memory: 893440K Free: 335675K (38%)
----------------- Invoking toplevel() on ptolemy.moml.MoMLSimpleApplication@72bf0ffe
----------------- Done invoking toplevel() on ptolemy.moml.MoMLSimpleApplication@72bf0ffe
reloadAllAccessors: .DiscreteClock14
----------------- testing Thu May 10 01:15:47 UTC 2018 /home/travis/build/icyphy/ptII/ptolemy/actor/lib/test/auto/DiscreteClock15.xml
----------------- Instantiating /home/travis/build/icyphy/ptII/ptolemy/actor/lib/test/auto/DiscreteClock15.xml
7 ms. Memory: 893440K Free: 327908K (37%)
----------------- Invoking toplevel() on ptolemy.moml.MoMLSimpleApplication@1aefb570
----------------- Done invoking toplevel() on ptolemy.moml.MoMLSimpleApplication@1aefb570
reloadAllAccessors: .DiscreteClock15
----------------- testing Thu May 10 01:15:47 UTC 2018 /home/travis/build/icyphy/ptII/ptolemy/actor/lib/test/auto/DiscreteClock16.xml
----------------- Instantiating /home/travis/build/icyphy/ptII/ptolemy/actor/lib/test/auto/DiscreteClock16.xml
11 ms. Memory: 893440K Free: 307309K (34%)
----------------- Invoking toplevel() on ptolemy.moml.MoMLSimpleApplication@40b8d199
----------------- Done invoking toplevel() on ptolemy.moml.MoMLSimpleApplication@40b8d199
reloadAllAccessors: .DiscreteClock16
----------------- testing Thu May 10 01:15:47 UTC 2018 /home/travis/build/icyphy/ptII/ptolemy/actor/lib/test/auto/DiscreteClock17.xml
----------------- Instantiating /home/travis/build/icyphy/ptII/ptolemy/actor/lib/test/auto/DiscreteClock17.xml
18 ms. Memory: 893440K Free: 283976K (32%)
----------------- Invoking toplevel() on ptolemy.moml.MoMLSimpleApplication@5c6a17e0
----------------- Done invoking toplevel() on ptolemy.moml.MoMLSimpleApplication@5c6a17e0
reloadAllAccessors: .DiscreteClock17
----------------- testing Thu May 10 01:15:47 UTC 2018 /home/travis/build/icyphy/ptII/ptolemy/actor/lib/test/auto/DiscreteClock18.xml
----------------- Instantiating /home/travis/build/icyphy/ptII/ptolemy/actor/lib/test/auto/DiscreteClock18.xml
29 ms. Memory: 893440K Free: 268426K (30%)
----------------- Invoking toplevel() on ptolemy.moml.MoMLSimpleApplication@64d021b1
----------------- Done invoking toplevel() on ptolemy.moml.MoMLSimpleApplication@64d021b1
reloadAllAccessors: .DiscreteClock18
----------------- testing Thu May 10 01:15:48 UTC 2018 /home/travis/build/icyphy/ptII/ptolemy/actor/lib/test/auto/DiscreteClock19.xml
----------------- Instantiating /home/travis/build/icyphy/ptII/ptolemy/actor/lib/test/auto/DiscreteClock19.xml
19 ms. Memory: 893440K Free: 252876K (28%)
----------------- Invoking toplevel() on ptolemy.moml.MoMLSimpleApplication@48a63ec
----------------- Done invoking toplevel() on ptolemy.moml.MoMLSimpleApplication@48a63ec
reloadAllAccessors: .DiscreteClock19
----------------- testing Thu May 10 01:15:48 UTC 2018 /home/travis/build/icyphy/ptII/ptolemy/actor/lib/test/auto/DiscreteClock2.xml
----------------- Instantiating /home/travis/build/icyphy/ptII/ptolemy/actor/lib/test/auto/DiscreteClock2.xml
4 ms. Memory: 893440K Free: 245109K (27%)
----------------- Invoking toplevel() on ptolemy.moml.MoMLSimpleApplication@65c90481
----------------- Done invoking toplevel() on ptolemy.moml.MoMLSimpleApplication@65c90481
reloadAllAccessors: .DiscreteClock2
----------------- testing Thu May 10 01:15:48 UTC 2018 /home/travis/build/icyphy/ptII/ptolemy/actor/lib/test/auto/DiscreteClock20.xml
----------------- Instantiating /home/travis/build/icyphy/ptII/ptolemy/actor/lib/test/auto/DiscreteClock20.xml
3 ms. Memory: 893440K Free: 229543K (26%)
----------------- Invoking toplevel() on ptolemy.moml.MoMLSimpleApplication@4de18489
----------------- Done invoking toplevel() on ptolemy.moml.MoMLSimpleApplication@4de18489
reloadAllAccessors: .DiscreteClock20
----------------- testing Thu May 10 01:15:48 UTC 2018 /home/travis/build/icyphy/ptII/ptolemy/actor/lib/test/auto/DiscreteClock21.xml
----------------- Instantiating /home/travis/build/icyphy/ptII/ptolemy/actor/lib/test/auto/DiscreteClock21.xml
3 ms. Memory: 893440K Free: 221776K (25%)
----------------- Invoking toplevel() on ptolemy.moml.MoMLSimpleApplication@2051886e
----------------- Done invoking toplevel() on ptolemy.moml.MoMLSimpleApplication@2051886e
reloadAllAccessors: .DiscreteClock21
----------------- testing Thu May 10 01:15:48 UTC 2018 /home/travis/build/icyphy/ptII/ptolemy/actor/lib/test/auto/DiscreteClock22.xml
----------------- Instantiating /home/travis/build/icyphy/ptII/ptolemy/actor/lib/test/auto/DiscreteClock22.xml
4 ms. Memory: 893440K Free: 214009K (24%)
----------------- Invoking toplevel() on ptolemy.moml.MoMLSimpleApplication@1f05fa6c
----------------- Done invoking toplevel() on ptolemy.moml.MoMLSimpleApplication@1f05fa6c
reloadAllAccessors: .DiscreteClock22
----------------- testing Thu May 10 01:15:48 UTC 2018 /home/travis/build/icyphy/ptII/ptolemy/actor/lib/test/auto/DiscreteClock23.xml
----------------- Instantiating /home/travis/build/icyphy/ptII/ptolemy/actor/lib/test/auto/DiscreteClock23.xml
9 ms. Memory: 893440K Free: 198444K (22%)
----------------- Invoking toplevel() on ptolemy.moml.MoMLSimpleApplication@59c20114
----------------- Done invoking toplevel() on ptolemy.moml.MoMLSimpleApplication@59c20114
reloadAllAccessors: .DiscreteClock23
----------------- testing Thu May 10 01:15:48 UTC 2018 /home/travis/build/icyphy/ptII/ptolemy/actor/lib/test/auto/DiscreteClock24.xml
----------------- Instantiating /home/travis/build/icyphy/ptII/ptolemy/actor/lib/test/auto/DiscreteClock24.xml
6 ms. Memory: 893440K Free: 190676K (21%)
----------------- Invoking toplevel() on ptolemy.moml.MoMLSimpleApplication@12676e62
----------------- Done invoking toplevel() on ptolemy.moml.MoMLSimpleApplication@12676e62
reloadAllAccessors: .DiscreteClock24
----------------- testing Thu May 10 01:15:48 UTC 2018 /home/travis/build/icyphy/ptII/ptolemy/actor/lib/test/auto/DiscreteClock4.xml
----------------- Instantiating /home/travis/build/icyphy/ptII/ptolemy/actor/lib/test/auto/DiscreteClock4.xml
5 ms. Memory: 893440K Free: 182909K (20%)
----------------- Invoking toplevel() on ptolemy.moml.MoMLSimpleApplication@70e25088
----------------- Done invoking toplevel() on ptolemy.moml.MoMLSimpleApplication@70e25088
reloadAllAccessors: .DiscreteClock4
----------------- testing Thu May 10 01:15:48 UTC 2018 /home/travis/build/icyphy/ptII/ptolemy/actor/lib/test/auto/DiscreteClock5.xml
----------------- Instantiating /home/travis/build/icyphy/ptII/ptolemy/actor/lib/test/auto/DiscreteClock5.xml
2 ms. Memory: 893440K Free: 167344K (19%)
----------------- Invoking toplevel() on ptolemy.moml.MoMLSimpleApplication@263a7305
----------------- Done invoking toplevel() on ptolemy.moml.MoMLSimpleApplication@263a7305
reloadAllAccessors: .DiscreteClock5
----------------- testing Thu May 10 01:15:48 UTC 2018 /home/travis/build/icyphy/ptII/ptolemy/actor/lib/test/auto/DiscreteClock6.xml
----------------- Instantiating /home/travis/build/icyphy/ptII/ptolemy/actor/lib/test/auto/DiscreteClock6.xml
1 ms. Memory: 893440K Free: 159577K (18%)
----------------- Invoking toplevel() on ptolemy.moml.MoMLSimpleApplication@157532e9
----------------- Done invoking toplevel() on ptolemy.moml.MoMLSimpleApplication@157532e9
reloadAllAccessors: .DiscreteClock6
----------------- testing Thu May 10 01:15:48 UTC 2018 /home/travis/build/icyphy/ptII/ptolemy/actor/lib/test/auto/DiscreteClock7.xml
----------------- Instantiating /home/travis/build/icyphy/ptII/ptolemy/actor/lib/test/auto/DiscreteClock7.xml
3 ms. Memory: 893440K Free: 151810K (17%)
----------------- Invoking toplevel() on ptolemy.moml.MoMLSimpleApplication@5f5742ba
----------------- Done invoking toplevel() on ptolemy.moml.MoMLSimpleApplication@5f5742ba
reloadAllAccessors: .DiscreteClock7
----------------- testing Thu May 10 01:15:48 UTC 2018 /home/travis/build/icyphy/ptII/ptolemy/actor/lib/test/auto/DiscreteClock8.xml
----------------- Instantiating /home/travis/build/icyphy/ptII/ptolemy/actor/lib/test/auto/DiscreteClock8.xml
7 ms. Memory: 893440K Free: 144043K (16%)
----------------- Invoking toplevel() on ptolemy.moml.MoMLSimpleApplication@62607dac
----------------- Done invoking toplevel() on ptolemy.moml.MoMLSimpleApplication@62607dac
reloadAllAccessors: .DiscreteClock8
----------------- testing Thu May 10 01:15:48 UTC 2018 /home/travis/build/icyphy/ptII/ptolemy/actor/lib/test/auto/DiscreteClock9.xml
----------------- Instantiating /home/travis/build/icyphy/ptII/ptolemy/actor/lib/test/auto/DiscreteClock9.xml
6 ms. Memory: 893440K Free: 128477K (14%)
----------------- Invoking toplevel() on ptolemy.moml.MoMLSimpleApplication@7c4c576a
----------------- Done invoking toplevel() on ptolemy.moml.MoMLSimpleApplication@7c4c576a
reloadAllAccessors: .DiscreteClock9
----------------- testing Thu May 10 01:15:48 UTC 2018 /home/travis/build/icyphy/ptII/ptolemy/actor/lib/test/auto/DisplayArray.xml
----------------- Instantiating /home/travis/build/icyphy/ptII/ptolemy/actor/lib/test/auto/DisplayArray.xml
2 ms. Memory: 893440K Free: 120710K (14%)
----------------- Invoking toplevel() on ptolemy.moml.MoMLSimpleApplication@165793ed
----------------- Done invoking toplevel() on ptolemy.moml.MoMLSimpleApplication@165793ed
reloadAllAccessors: .DisplayArray
----------------- testing Thu May 10 01:15:48 UTC 2018 /home/travis/build/icyphy/ptII/ptolemy/actor/lib/test/auto/Distributor.xml
----------------- Instantiating /home/travis/build/icyphy/ptII/ptolemy/actor/lib/test/auto/Distributor.xml
1 ms. Memory: 893440K Free: 112943K (13%)
----------------- Invoking toplevel() on ptolemy.moml.MoMLSimpleApplication@6e4e8c57
----------------- Done invoking toplevel() on ptolemy.moml.MoMLSimpleApplication@6e4e8c57
reloadAllAccessors: .Distributor
----------------- testing Thu May 10 01:15:48 UTC 2018 /home/travis/build/icyphy/ptII/ptolemy/actor/lib/test/auto/Distributor2.xml
----------------- Instantiating /home/travis/build/icyphy/ptII/ptolemy/actor/lib/test/auto/Distributor2.xml
2 ms. Memory: 893440K Free: 97378K (11%)
----------------- Invoking toplevel() on ptolemy.moml.MoMLSimpleApplication@74fe4575
----------------- Done invoking toplevel() on ptolemy.moml.MoMLSimpleApplication@74fe4575
reloadAllAccessors: .Distributor2
----------------- testing Thu May 10 01:15:48 UTC 2018 /home/travis/build/icyphy/ptII/ptolemy/actor/lib/test/auto/DownSample.xml
----------------- Instantiating /home/travis/build/icyphy/ptII/ptolemy/actor/lib/test/auto/DownSample.xml
4 ms. Memory: 893440K Free: 89610K (10%)
----------------- Invoking toplevel() on ptolemy.moml.MoMLSimpleApplication@3b3f8fc2
----------------- Done invoking toplevel() on ptolemy.moml.MoMLSimpleApplication@3b3f8fc2
reloadAllAccessors: .DownSample
----------------- testing Thu May 10 01:15:48 UTC 2018 /home/travis/build/icyphy/ptII/ptolemy/actor/lib/test/auto/ElectronicUnitBase1.xml
----------------- Instantiating /home/travis/build/icyphy/ptII/ptolemy/actor/lib/test/auto/ElectronicUnitBase1.xml
22 ms. Memory: 1010176K Free: 960664K (95%)
----------------- Invoking toplevel() on ptolemy.moml.MoMLSimpleApplication@7409f7e7
----------------- Done invoking toplevel() on ptolemy.moml.MoMLSimpleApplication@7409f7e7
reloadAllAccessors: .ElectronicUnitBase1
----------------- testing Thu May 10 01:15:48 UTC 2018 /home/travis/build/icyphy/ptII/ptolemy/actor/lib/test/auto/ElementsToArray.xml
----------------- Instantiating /home/travis/build/icyphy/ptII/ptolemy/actor/lib/test/auto/ElementsToArray.xml
2 ms. Memory: 1010176K Free: 944432K (93%)
----------------- Invoking toplevel() on ptolemy.moml.MoMLSimpleApplication@4ff7e193
----------------- Done invoking toplevel() on ptolemy.moml.MoMLSimpleApplication@4ff7e193
reloadAllAccessors: .ElementsToArray
----------------- testing Thu May 10 01:15:48 UTC 2018 /home/travis/build/icyphy/ptII/ptolemy/actor/lib/test/auto/Equals.xml
----------------- Instantiating /home/travis/build/icyphy/ptII/ptolemy/actor/lib/test/auto/Equals.xml
1 ms. Memory: 1010176K Free: 935334K (93%)
----------------- Invoking toplevel() on ptolemy.moml.MoMLSimpleApplication@3a4b4a
----------------- Done invoking toplevel() on ptolemy.moml.MoMLSimpleApplication@3a4b4a
reloadAllAccessors: .Equals
----------------- testing Thu May 10 01:15:48 UTC 2018 /home/travis/build/icyphy/ptII/ptolemy/actor/lib/test/auto/Exec.xml
----------------- Instantiating /home/travis/build/icyphy/ptII/ptolemy/actor/lib/test/auto/Exec.xml
7 ms. Memory: 1010176K Free: 911223K (90%)
----------------- Invoking toplevel() on ptolemy.moml.MoMLSimpleApplication@27c1edcc
----------------- Done invoking toplevel() on ptolemy.moml.MoMLSimpleApplication@27c1edcc
reloadAllAccessors: .Exec
----------------- testing Thu May 10 01:15:48 UTC 2018 /home/travis/build/icyphy/ptII/ptolemy/actor/lib/test/auto/ExecEnvironment.xml
----------------- Instantiating /home/travis/build/icyphy/ptII/ptolemy/actor/lib/test/auto/ExecEnvironment.xml
38 ms. Memory: 1010176K Free: 881344K (87%)
----------------- Invoking toplevel() on ptolemy.moml.MoMLSimpleApplication@5f2a5474
----------------- Done invoking toplevel() on ptolemy.moml.MoMLSimpleApplication@5f2a5474
reloadAllAccessors: .ExecEnvironment
----------------- testing Thu May 10 01:15:48 UTC 2018 /home/travis/build/icyphy/ptII/ptolemy/actor/lib/test/auto/ExecNonZeroReturnOutput.xml
----------------- Instantiating /home/travis/build/icyphy/ptII/ptolemy/actor/lib/test/auto/ExecNonZeroReturnOutput.xml
154 ms. Memory: 1010176K Free: 808541K (80%)
----------------- Invoking toplevel() on ptolemy.moml.MoMLSimpleApplication@284a369d
----------------- Done invoking toplevel() on ptolemy.moml.MoMLSimpleApplication@284a369d
reloadAllAccessors: .ExecNonZeroReturnOutput
----------------- testing Thu May 10 01:15:48 UTC 2018 /home/travis/build/icyphy/ptII/ptolemy/actor/lib/test/auto/ExecRunDemos.xml
----------------- Instantiating /home/travis/build/icyphy/ptII/ptolemy/actor/lib/test/auto/ExecRunDemos.xml
Finished: 74 ms. Memory: 116224K Free: 100789K (87%)

Finished: 38 ms. Memory: 116224K Free: 98202K (84%)

Finished: 81 ms. Memory: 116224K Free: 98341K (85%)

Finished: 44 ms. Memory: 116224K Free: 99536K (86%)

Finished: 44 ms. Memory: 116224K Free: 100805K (87%)

10119 ms. Memory: 1010176K Free: 740097K (73%)
----------------- Invoking toplevel() on ptolemy.moml.MoMLSimpleApplication@5301225a
----------------- Done invoking toplevel() on ptolemy.moml.MoMLSimpleApplication@5301225a
reloadAllAccessors: .ExecRunDemos
----------------- testing Thu May 10 01:15:59 UTC 2018 /home/travis/build/icyphy/ptII/ptolemy/actor/lib/test/auto/ExecStop.xml
----------------- Instantiating /home/travis/build/icyphy/ptII/ptolemy/actor/lib/test/auto/ExecStop.xml
5016 ms. Memory: 1010176K Free: 582842K (58%)
----------------- Invoking toplevel() on ptolemy.moml.MoMLSimpleApplication@3b8f2a6f
----------------- Done invoking toplevel() on ptolemy.moml.MoMLSimpleApplication@3b8f2a6f
reloadAllAccessors: .ExecStop
----------------- testing Thu May 10 01:16:04 UTC 2018 /home/travis/build/icyphy/ptII/ptolemy/actor/lib/test/auto/ExecutionTimePN.xml
----------------- Instantiating /home/travis/build/icyphy/ptII/ptolemy/actor/lib/test/auto/ExecutionTimePN.xml
2007 ms. Memory: 1010176K Free: 532801K (53%)
----------------- Invoking toplevel() on ptolemy.moml.MoMLSimpleApplication@206cfce4
----------------- Done invoking toplevel() on ptolemy.moml.MoMLSimpleApplication@206cfce4
reloadAllAccessors: .ExecutionTimePN
----------------- testing Thu May 10 01:16:06 UTC 2018 /home/travis/build/icyphy/ptII/ptolemy/actor/lib/test/auto/ExecutionTimeSDF.xml
----------------- Instantiating /home/travis/build/icyphy/ptII/ptolemy/actor/lib/test/auto/ExecutionTimeSDF.xml
6004 ms. Memory: 1010176K Free: 514573K (51%)
----------------- Invoking toplevel() on ptolemy.moml.MoMLSimpleApplication@5d9b3d9f
----------------- Done invoking toplevel() on ptolemy.moml.MoMLSimpleApplication@5d9b3d9f
reloadAllAccessors: .ExecutionTimeSDF
----------------- testing Thu May 10 01:16:12 UTC 2018 /home/travis/build/icyphy/ptII/ptolemy/actor/lib/test/auto/Expression1.xml
----------------- Instantiating /home/travis/build/icyphy/ptII/ptolemy/actor/lib/test/auto/Expression1.xml
2 ms. Memory: 1010176K Free: 498341K (49%)
----------------- Invoking toplevel() on ptolemy.moml.MoMLSimpleApplication@1d0ea02d
----------------- Done invoking toplevel() on ptolemy.moml.MoMLSimpleApplication@1d0ea02d
reloadAllAccessors: .Expression1
----------------- testing Thu May 10 01:16:12 UTC 2018 /home/travis/build/icyphy/ptII/ptolemy/actor/lib/test/auto/Expression10.xml
----------------- Instantiating /home/travis/build/icyphy/ptII/ptolemy/actor/lib/test/auto/Expression10.xml
5 ms. Memory: 1010176K Free: 489243K (48%)
----------------- Invoking toplevel() on ptolemy.moml.MoMLSimpleApplication@245006e4
----------------- Done invoking toplevel() on ptolemy.moml.MoMLSimpleApplication@245006e4
reloadAllAccessors: .Expression10
----------------- testing Thu May 10 01:16:12 UTC 2018 /home/travis/build/icyphy/ptII/ptolemy/actor/lib/test/auto/Expression11.xml
----------------- Instantiating /home/travis/build/icyphy/ptII/ptolemy/actor/lib/test/auto/Expression11.xml
5 ms. Memory: 1010176K Free: 480144K (48%)
----------------- Invoking toplevel() on ptolemy.moml.MoMLSimpleApplication@7c597d0d
----------------- Done invoking toplevel() on ptolemy.moml.MoMLSimpleApplication@7c597d0d
reloadAllAccessors: .Expression11
----------------- testing Thu May 10 01:16:12 UTC 2018 /home/travis/build/icyphy/ptII/ptolemy/actor/lib/test/auto/Expression12.xml
----------------- Instantiating /home/travis/build/icyphy/ptII/ptolemy/actor/lib/test/auto/Expression12.xml
2 ms. Memory: 1010176K Free: 463913K (46%)
----------------- Invoking toplevel() on ptolemy.moml.MoMLSimpleApplication@14625d
----------------- Done invoking toplevel() on ptolemy.moml.MoMLSimpleApplication@14625d
reloadAllAccessors: .Expression12
----------------- testing Thu May 10 01:16:12 UTC 2018 /home/travis/build/icyphy/ptII/ptolemy/actor/lib/test/auto/Expression13.xml
----------------- Instantiating /home/travis/build/icyphy/ptII/ptolemy/actor/lib/test/auto/Expression13.xml
3 ms. Memory: 1010176K Free: 454814K (45%)
----------------- Invoking toplevel() on ptolemy.moml.MoMLSimpleApplication@598a489c
----------------- Done invoking toplevel() on ptolemy.moml.MoMLSimpleApplication@598a489c
reloadAllAccessors: .Expression13
----------------- testing Thu May 10 01:16:12 UTC 2018 /home/travis/build/icyphy/ptII/ptolemy/actor/lib/test/auto/Expression14.xml
----------------- Instantiating /home/travis/build/icyphy/ptII/ptolemy/actor/lib/test/auto/Expression14.xml
7 ms. Memory: 1010176K Free: 445716K (44%)
----------------- Invoking toplevel() on ptolemy.moml.MoMLSimpleApplication@27adc770
----------------- Done invoking toplevel() on ptolemy.moml.MoMLSimpleApplication@27adc770
reloadAllAccessors: .Expression14
----------------- testing Thu May 10 01:16:12 UTC 2018 /home/travis/build/icyphy/ptII/ptolemy/actor/lib/test/auto/Expression15.xml
----------------- Instantiating /home/travis/build/icyphy/ptII/ptolemy/actor/lib/test/auto/Expression15.xml
1 ms. Memory: 1010176K Free: 429485K (43%)
----------------- Invoking toplevel() on ptolemy.moml.MoMLSimpleApplication@3d762439
----------------- Done invoking toplevel() on ptolemy.moml.MoMLSimpleApplication@3d762439
reloadAllAccessors: .Expression15
----------------- testing Thu May 10 01:16:12 UTC 2018 /home/travis/build/icyphy/ptII/ptolemy/actor/lib/test/auto/Expression16.xml
----------------- Instantiating /home/travis/build/icyphy/ptII/ptolemy/actor/lib/test/auto/Expression16.xml
5 ms. Memory: 1010176K Free: 420386K (42%)
----------------- Invoking toplevel() on ptolemy.moml.MoMLSimpleApplication@10420048
----------------- Done invoking toplevel() on ptolemy.moml.MoMLSimpleApplication@10420048
reloadAllAccessors: .Expression16
----------------- testing Thu May 10 01:16:12 UTC 2018 /home/travis/build/icyphy/ptII/ptolemy/actor/lib/test/auto/Expression17.xml
----------------- Instantiating /home/travis/build/icyphy/ptII/ptolemy/actor/lib/test/auto/Expression17.xml
6 ms. Memory: 1010176K Free: 411288K (41%)
----------------- Invoking toplevel() on ptolemy.moml.MoMLSimpleApplication@7562afe0
----------------- Done invoking toplevel() on ptolemy.moml.MoMLSimpleApplication@7562afe0
reloadAllAccessors: .Expression17
----------------- testing Thu May 10 01:16:12 UTC 2018 /home/travis/build/icyphy/ptII/ptolemy/actor/lib/test/auto/Expression18.xml
----------------- Instantiating /home/travis/build/icyphy/ptII/ptolemy/actor/lib/test/auto/Expression18.xml
3 ms. Memory: 1010176K Free: 395057K (39%)
----------------- Invoking toplevel() on ptolemy.moml.MoMLSimpleApplication@6ca6258d
----------------- Done invoking toplevel() on ptolemy.moml.MoMLSimpleApplication@6ca6258d
reloadAllAccessors: .Expression18
----------------- testing Thu May 10 01:16:12 UTC 2018 /home/travis/build/icyphy/ptII/ptolemy/actor/lib/test/auto/Expression2.xml
----------------- Instantiating /home/travis/build/icyphy/ptII/ptolemy/actor/lib/test/auto/Expression2.xml
3 ms. Memory: 1010176K Free: 385958K (38%)
----------------- Invoking toplevel() on ptolemy.moml.MoMLSimpleApplication@1e0833ab
----------------- Done invoking toplevel() on ptolemy.moml.MoMLSimpleApplication@1e0833ab
reloadAllAccessors: .Expression2
----------------- testing Thu May 10 01:16:12 UTC 2018 /home/travis/build/icyphy/ptII/ptolemy/actor/lib/test/auto/Expression3.xml
----------------- Instantiating /home/travis/build/icyphy/ptII/ptolemy/actor/lib/test/auto/Expression3.xml
6 ms. Memory: 1010176K Free: 376860K (37%)
----------------- Invoking toplevel() on ptolemy.moml.MoMLSimpleApplication@20208ac5
----------------- Done invoking toplevel() on ptolemy.moml.MoMLSimpleApplication@20208ac5
reloadAllAccessors: .Expression3
----------------- testing Thu May 10 01:16:12 UTC 2018 /home/travis/build/icyphy/ptII/ptolemy/actor/lib/test/auto/Expression4.xml
----------------- Instantiating /home/travis/build/icyphy/ptII/ptolemy/actor/lib/test/auto/Expression4.xml
4 ms. Memory: 1010176K Free: 356079K (35%)
----------------- Invoking toplevel() on ptolemy.moml.MoMLSimpleApplication@2ae889a8
----------------- Done invoking toplevel() on ptolemy.moml.MoMLSimpleApplication@2ae889a8
reloadAllAccessors: .Expression4
----------------- testing Thu May 10 01:16:12 UTC 2018 /home/travis/build/icyphy/ptII/ptolemy/actor/lib/test/auto/Expression5.xml
----------------- Instantiating /home/travis/build/icyphy/ptII/ptolemy/actor/lib/test/auto/Expression5.xml
2 ms. Memory: 1010176K Free: 346981K (34%)
----------------- Invoking toplevel() on ptolemy.moml.MoMLSimpleApplication@476d7019
----------------- Done invoking toplevel() on ptolemy.moml.MoMLSimpleApplication@476d7019
reloadAllAccessors: .Expression5
----------------- testing Thu May 10 01:16:12 UTC 2018 /home/travis/build/icyphy/ptII/ptolemy/actor/lib/test/auto/Expression6.xml
----------------- Instantiating /home/travis/build/icyphy/ptII/ptolemy/actor/lib/test/auto/Expression6.xml
4 ms. Memory: 1010176K Free: 337883K (33%)
----------------- Invoking toplevel() on ptolemy.moml.MoMLSimpleApplication@1f26a457
----------------- Done invoking toplevel() on ptolemy.moml.MoMLSimpleApplication@1f26a457
reloadAllAccessors: .Expression6
----------------- testing Thu May 10 01:16:12 UTC 2018 /home/travis/build/icyphy/ptII/ptolemy/actor/lib/test/auto/Expression7.xml
----------------- Instantiating /home/travis/build/icyphy/ptII/ptolemy/actor/lib/test/auto/Expression7.xml
5 ms. Memory: 1010176K Free: 321651K (32%)
----------------- Invoking toplevel() on ptolemy.moml.MoMLSimpleApplication@cac726d
----------------- Done invoking toplevel() on ptolemy.moml.MoMLSimpleApplication@cac726d
reloadAllAccessors: .Expression7
----------------- testing Thu May 10 01:16:12 UTC 2018 /home/travis/build/icyphy/ptII/ptolemy/actor/lib/test/auto/Expression8.xml
----------------- Instantiating /home/travis/build/icyphy/ptII/ptolemy/actor/lib/test/auto/Expression8.xml
9 ms. Memory: 1010176K Free: 312553K (31%)
----------------- Invoking toplevel() on ptolemy.moml.MoMLSimpleApplication@47c7101
----------------- Done invoking toplevel() on ptolemy.moml.MoMLSimpleApplication@47c7101
reloadAllAccessors: .Expression8
----------------- testing Thu May 10 01:16:12 UTC 2018 /home/travis/build/icyphy/ptII/ptolemy/actor/lib/test/auto/Expression9.xml
----------------- Instantiating /home/travis/build/icyphy/ptII/ptolemy/actor/lib/test/auto/Expression9.xml
1 ms. Memory: 1010176K Free: 303454K (30%)
----------------- Invoking toplevel() on ptolemy.moml.MoMLSimpleApplication@194179b3
----------------- Done invoking toplevel() on ptolemy.moml.MoMLSimpleApplication@194179b3
reloadAllAccessors: .Expression9
----------------- testing Thu May 10 01:16:12 UTC 2018 /home/travis/build/icyphy/ptII/ptolemy/actor/lib/test/auto/ExpressionConcatenateArrayType.xml
----------------- Instantiating /home/travis/build/icyphy/ptII/ptolemy/actor/lib/test/auto/ExpressionConcatenateArrayType.xml
3 ms. Memory: 1010176K Free: 282666K (28%)
----------------- Invoking toplevel() on ptolemy.moml.MoMLSimpleApplication@49e5788f
----------------- Done invoking toplevel() on ptolemy.moml.MoMLSimpleApplication@49e5788f
reloadAllAccessors: .ExpressionConcatenateArrayType
----------------- testing Thu May 10 01:16:12 UTC 2018 /home/travis/build/icyphy/ptII/ptolemy/actor/lib/test/auto/ExpressionConcatenateArrayType2.xml
----------------- Instantiating /home/travis/build/icyphy/ptII/ptolemy/actor/lib/test/auto/ExpressionConcatenateArrayType2.xml
2 ms. Memory: 1010176K Free: 269010K (27%)
----------------- Invoking toplevel() on ptolemy.moml.MoMLSimpleApplication@5d7bc9c6
----------------- Done invoking toplevel() on ptolemy.moml.MoMLSimpleApplication@5d7bc9c6
reloadAllAccessors: .ExpressionConcatenateArrayType2
----------------- testing Thu May 10 01:16:12 UTC 2018 /home/travis/build/icyphy/ptII/ptolemy/actor/lib/test/auto/ExpressionFix.xml
----------------- Instantiating /home/travis/build/icyphy/ptII/ptolemy/actor/lib/test/auto/ExpressionFix.xml
16 ms. Memory: 1010176K Free: 259912K (26%)
----------------- Invoking toplevel() on ptolemy.moml.MoMLSimpleApplication@250ed3d6
----------------- Done invoking toplevel() on ptolemy.moml.MoMLSimpleApplication@250ed3d6
reloadAllAccessors: .ExpressionFix
----------------- testing Thu May 10 01:16:12 UTC 2018 /home/travis/build/icyphy/ptII/ptolemy/actor/lib/test/auto/ExpressionFix2.xml
----------------- Instantiating /home/travis/build/icyphy/ptII/ptolemy/actor/lib/test/auto/ExpressionFix2.xml
5 ms. Memory: 1010176K Free: 250814K (25%)
----------------- Invoking toplevel() on ptolemy.moml.MoMLSimpleApplication@35ae2fb7
----------------- Done invoking toplevel() on ptolemy.moml.MoMLSimpleApplication@35ae2fb7
reloadAllAccessors: .ExpressionFix2
----------------- testing Thu May 10 01:16:12 UTC 2018 /home/travis/build/icyphy/ptII/ptolemy/actor/lib/test/auto/ExpressionFix3.xml
----------------- Instantiating /home/travis/build/icyphy/ptII/ptolemy/actor/lib/test/auto/ExpressionFix3.xml
4 ms. Memory: 1010176K Free: 234582K (23%)
----------------- Invoking toplevel() on ptolemy.moml.MoMLSimpleApplication@1abe361b
----------------- Done invoking toplevel() on ptolemy.moml.MoMLSimpleApplication@1abe361b
reloadAllAccessors: .ExpressionFix3
----------------- testing Thu May 10 01:16:12 UTC 2018 /home/travis/build/icyphy/ptII/ptolemy/actor/lib/test/auto/FileWriter1.xml
----------------- Instantiating /home/travis/build/icyphy/ptII/ptolemy/actor/lib/test/auto/FileWriter1.xml
2 ms. Memory: 1010176K Free: 225484K (22%)
----------------- Invoking toplevel() on ptolemy.moml.MoMLSimpleApplication@6bffd48b
----------------- Done invoking toplevel() on ptolemy.moml.MoMLSimpleApplication@6bffd48b
reloadAllAccessors: .FileWriter1
----------------- testing Thu May 10 01:16:12 UTC 2018 /home/travis/build/icyphy/ptII/ptolemy/actor/lib/test/auto/FileWriter2.xml
----------------- Instantiating /home/travis/build/icyphy/ptII/ptolemy/actor/lib/test/auto/FileWriter2.xml
2 ms. Memory: 1010176K Free: 216385K (21%)
----------------- Invoking toplevel() on ptolemy.moml.MoMLSimpleApplication@3e999d24
----------------- Done invoking toplevel() on ptolemy.moml.MoMLSimpleApplication@3e999d24
reloadAllAccessors: .FileWriter2
----------------- testing Thu May 10 01:16:12 UTC 2018 /home/travis/build/icyphy/ptII/ptolemy/actor/lib/test/auto/FileWriter3.xml
----------------- Instantiating /home/travis/build/icyphy/ptII/ptolemy/actor/lib/test/auto/FileWriter3.xml
2 ms. Memory: 1010176K Free: 200154K (20%)
----------------- Invoking toplevel() on ptolemy.moml.MoMLSimpleApplication@43aa5bd
----------------- Done invoking toplevel() on ptolemy.moml.MoMLSimpleApplication@43aa5bd
reloadAllAccessors: .FileWriter3
----------------- testing Thu May 10 01:16:12 UTC 2018 /home/travis/build/icyphy/ptII/ptolemy/actor/lib/test/auto/Gaussian.xml
----------------- Instantiating /home/travis/build/icyphy/ptII/ptolemy/actor/lib/test/auto/Gaussian.xml
2 ms. Memory: 1010176K Free: 191055K (19%)
----------------- Invoking toplevel() on ptolemy.moml.MoMLSimpleApplication@55a0d21e
----------------- Done invoking toplevel() on ptolemy.moml.MoMLSimpleApplication@55a0d21e
reloadAllAccessors: .Gaussian
----------------- testing Thu May 10 01:16:12 UTC 2018 /home/travis/build/icyphy/ptII/ptolemy/actor/lib/test/auto/Gaussian1.xml
----------------- Instantiating /home/travis/build/icyphy/ptII/ptolemy/actor/lib/test/auto/Gaussian1.xml
2 ms. Memory: 1010176K Free: 181957K (18%)
----------------- Invoking toplevel() on ptolemy.moml.MoMLSimpleApplication@459cf6fb
----------------- Done invoking toplevel() on ptolemy.moml.MoMLSimpleApplication@459cf6fb
reloadAllAccessors: .Gaussian1
----------------- testing Thu May 10 01:16:12 UTC 2018 /home/travis/build/icyphy/ptII/ptolemy/actor/lib/test/auto/Gaussian2.xml
----------------- Instantiating /home/travis/build/icyphy/ptII/ptolemy/actor/lib/test/auto/Gaussian2.xml
2 ms. Memory: 1010176K Free: 165725K (16%)
----------------- Invoking toplevel() on ptolemy.moml.MoMLSimpleApplication@654cfa0b
----------------- Done invoking toplevel() on ptolemy.moml.MoMLSimpleApplication@654cfa0b
reloadAllAccessors: .Gaussian2
----------------- testing Thu May 10 01:16:12 UTC 2018 /home/travis/build/icyphy/ptII/ptolemy/actor/lib/test/auto/GradientAdaptiveLattice.xml
----------------- Instantiating /home/travis/build/icyphy/ptII/ptolemy/actor/lib/test/auto/GradientAdaptiveLattice.xml
4 ms. Memory: 1010176K Free: 156627K (16%)
----------------- Invoking toplevel() on ptolemy.moml.MoMLSimpleApplication@d705dc8
----------------- Done invoking toplevel() on ptolemy.moml.MoMLSimpleApplication@d705dc8
reloadAllAccessors: .GradientAdaptiveLattice
----------------- testing Thu May 10 01:16:12 UTC 2018 /home/travis/build/icyphy/ptII/ptolemy/actor/lib/test/auto/IIR.xml
----------------- Instantiating /home/travis/build/icyphy/ptII/ptolemy/actor/lib/test/auto/IIR.xml
2 ms. Memory: 1010176K Free: 147529K (15%)
----------------- Invoking toplevel() on ptolemy.moml.MoMLSimpleApplication@54d7e63c
----------------- Done invoking toplevel() on ptolemy.moml.MoMLSimpleApplication@54d7e63c
reloadAllAccessors: .IIR
----------------- testing Thu May 10 01:16:12 UTC 2018 /home/travis/build/icyphy/ptII/ptolemy/actor/lib/test/auto/InputOutputTransparentPorts.xml
----------------- Instantiating /home/travis/build/icyphy/ptII/ptolemy/actor/lib/test/auto/InputOutputTransparentPorts.xml
2 ms. Memory: 1010176K Free: 126740K (13%)
----------------- Invoking toplevel() on ptolemy.moml.MoMLSimpleApplication@7518baf
----------------- Done invoking toplevel() on ptolemy.moml.MoMLSimpleApplication@7518baf
reloadAllAccessors: .InputOutputTransparentPorts
----------------- testing Thu May 10 01:16:12 UTC 2018 /home/travis/build/icyphy/ptII/ptolemy/actor/lib/test/auto/Interpolator.xml
----------------- Instantiating /home/travis/build/icyphy/ptII/ptolemy/actor/lib/test/auto/Interpolator.xml
4 ms. Memory: 1010176K Free: 117642K (12%)
----------------- Invoking toplevel() on ptolemy.moml.MoMLSimpleApplication@6976b5c
----------------- Done invoking toplevel() on ptolemy.moml.MoMLSimpleApplication@6976b5c
reloadAllAccessors: .Interpolator
----------------- testing Thu May 10 01:16:12 UTC 2018 /home/travis/build/icyphy/ptII/ptolemy/actor/lib/test/auto/InterpolatorFiringLimitDE.xml
----------------- Instantiating /home/travis/build/icyphy/ptII/ptolemy/actor/lib/test/auto/InterpolatorFiringLimitDE.xml
3 ms. Memory: 1010176K Free: 108544K (11%)
----------------- Invoking toplevel() on ptolemy.moml.MoMLSimpleApplication@65bb93fa
----------------- Done invoking toplevel() on ptolemy.moml.MoMLSimpleApplication@65bb93fa
reloadAllAccessors: .InterpolatorFiringLimitDE
----------------- testing Thu May 10 01:16:12 UTC 2018 /home/travis/build/icyphy/ptII/ptolemy/actor/lib/test/auto/Lattice.xml
----------------- Instantiating /home/travis/build/icyphy/ptII/ptolemy/actor/lib/test/auto/Lattice.xml
2 ms. Memory: 1010176K Free: 92312K (9%)
----------------- Invoking toplevel() on ptolemy.moml.MoMLSimpleApplication@36524e46
----------------- Done invoking toplevel() on ptolemy.moml.MoMLSimpleApplication@36524e46
reloadAllAccessors: .Lattice
----------------- testing Thu May 10 01:16:12 UTC 2018 /home/travis/build/icyphy/ptII/ptolemy/actor/lib/test/auto/LazyAOCTestLazy.xml
----------------- Instantiating /home/travis/build/icyphy/ptII/ptolemy/actor/lib/test/auto/LazyAOCTestLazy.xml
10 ms. Memory: 1010176K Free: 83214K (8%)
----------------- Invoking toplevel() on ptolemy.moml.MoMLSimpleApplication@2f38e067
----------------- Done invoking toplevel() on ptolemy.moml.MoMLSimpleApplication@2f38e067
reloadAllAccessors: .LazyAOCTestLazy
----------------- testing Thu May 10 01:16:13 UTC 2018 /home/travis/build/icyphy/ptII/ptolemy/actor/lib/test/auto/LazyAOCTestNonLazy.xml
----------------- Instantiating /home/travis/build/icyphy/ptII/ptolemy/actor/lib/test/auto/LazyAOCTestNonLazy.xml
14 ms. Memory: 1010176K Free: 69550K (7%)
----------------- Invoking toplevel() on ptolemy.moml.MoMLSimpleApplication@59e009f5
----------------- Done invoking toplevel() on ptolemy.moml.MoMLSimpleApplication@59e009f5
reloadAllAccessors: .LazyAOCTestNonLazy
----------------- testing Thu May 10 01:16:13 UTC 2018 /home/travis/build/icyphy/ptII/ptolemy/actor/lib/test/auto/LazyInnerClass.xml
----------------- Instantiating /home/travis/build/icyphy/ptII/ptolemy/actor/lib/test/auto/LazyInnerClass.xml
21 ms. Memory: 1033216K Free: 981428K (95%)
----------------- Invoking toplevel() on ptolemy.moml.MoMLSimpleApplication@42a2d6a6
----------------- Done invoking toplevel() on ptolemy.moml.MoMLSimpleApplication@42a2d6a6
reloadAllAccessors: .LazyInnerClass
----------------- testing Thu May 10 01:16:13 UTC 2018 /home/travis/build/icyphy/ptII/ptolemy/actor/lib/test/auto/LazyPubSub.xml
----------------- Instantiating /home/travis/build/icyphy/ptII/ptolemy/actor/lib/test/auto/LazyPubSub.xml
29 ms. Memory: 1033216K Free: 962208K (93%)
----------------- Invoking toplevel() on ptolemy.moml.MoMLSimpleApplication@73d33aa7
----------------- Done invoking toplevel() on ptolemy.moml.MoMLSimpleApplication@73d33aa7
reloadAllAccessors: .LazyPubSub
----------------- testing Thu May 10 01:16:13 UTC 2018 /home/travis/build/icyphy/ptII/ptolemy/actor/lib/test/auto/LazyPubSub2.xml
----------------- Instantiating /home/travis/build/icyphy/ptII/ptolemy/actor/lib/test/auto/LazyPubSub2.xml
23 ms. Memory: 1033216K Free: 948345K (92%)
----------------- Invoking toplevel() on ptolemy.moml.MoMLSimpleApplication@2cd9b8b1
----------------- Done invoking toplevel() on ptolemy.moml.MoMLSimpleApplication@2cd9b8b1
reloadAllAccessors: .LazyPubSub2
----------------- testing Thu May 10 01:16:13 UTC 2018 /home/travis/build/icyphy/ptII/ptolemy/actor/lib/test/auto/LazyPubSub3.xml
----------------- Instantiating /home/travis/build/icyphy/ptII/ptolemy/actor/lib/test/auto/LazyPubSub3.xml
12 ms. Memory: 1033216K Free: 929125K (90%)
----------------- Invoking toplevel() on ptolemy.moml.MoMLSimpleApplication@27cbe922
----------------- Done invoking toplevel() on ptolemy.moml.MoMLSimpleApplication@27cbe922
reloadAllAccessors: .LazyPubSub3
----------------- testing Thu May 10 01:16:13 UTC 2018 /home/travis/build/icyphy/ptII/ptolemy/actor/lib/test/auto/LazySubClassModel.xml
----------------- Instantiating /home/travis/build/icyphy/ptII/ptolemy/actor/lib/test/auto/LazySubClassModel.xml
1 ms. Memory: 1033216K Free: 915370K (89%)
----------------- Invoking toplevel() on ptolemy.moml.MoMLSimpleApplication@37451288
----------------- Done invoking toplevel() on ptolemy.moml.MoMLSimpleApplication@37451288
reloadAllAccessors: .LazySubClassModel
----------------- testing Thu May 10 01:16:13 UTC 2018 /home/travis/build/icyphy/ptII/ptolemy/actor/lib/test/auto/LevelCrossTest1.xml
----------------- Instantiating /home/travis/build/icyphy/ptII/ptolemy/actor/lib/test/auto/LevelCrossTest1.xml
3 ms. Memory: 1033216K Free: 900746K (87%)
----------------- Invoking toplevel() on ptolemy.moml.MoMLSimpleApplication@2720362
----------------- Done invoking toplevel() on ptolemy.moml.MoMLSimpleApplication@2720362
reloadAllAccessors: .broken
----------------- testing Thu May 10 01:16:13 UTC 2018 /home/travis/build/icyphy/ptII/ptolemy/actor/lib/test/auto/LevelCrossTest10.xml
----------------- Instantiating /home/travis/build/icyphy/ptII/ptolemy/actor/lib/test/auto/LevelCrossTest10.xml
1 ms. Memory: 1033216K Free: 886990K (86%)
----------------- Invoking toplevel() on ptolemy.moml.MoMLSimpleApplication@4f7bcb78
----------------- Done invoking toplevel() on ptolemy.moml.MoMLSimpleApplication@4f7bcb78
reloadAllAccessors: .LevelCrossTest10
----------------- testing Thu May 10 01:16:13 UTC 2018 /home/travis/build/icyphy/ptII/ptolemy/actor/lib/test/auto/LevelCrossTest11.xml
----------------- Instantiating /home/travis/build/icyphy/ptII/ptolemy/actor/lib/test/auto/LevelCrossTest11.xml
2 ms. Memory: 1033216K Free: 873251K (85%)
----------------- Invoking toplevel() on ptolemy.moml.MoMLSimpleApplication@42a4858e
----------------- Done invoking toplevel() on ptolemy.moml.MoMLSimpleApplication@42a4858e
reloadAllAccessors: .LevelCrossTest11
----------------- testing Thu May 10 01:16:13 UTC 2018 /home/travis/build/icyphy/ptII/ptolemy/actor/lib/test/auto/LevelCrossTest12.xml
----------------- Instantiating /home/travis/build/icyphy/ptII/ptolemy/actor/lib/test/auto/LevelCrossTest12.xml
1 ms. Memory: 1033216K Free: 854047K (83%)
----------------- Invoking toplevel() on ptolemy.moml.MoMLSimpleApplication@241cda4b
----------------- Done invoking toplevel() on ptolemy.moml.MoMLSimpleApplication@241cda4b
reloadAllAccessors: .LevelCrossTest12
----------------- testing Thu May 10 01:16:13 UTC 2018 /home/travis/build/icyphy/ptII/ptolemy/actor/lib/test/auto/LevelCrossTest13.xml
----------------- Instantiating /home/travis/build/icyphy/ptII/ptolemy/actor/lib/test/auto/LevelCrossTest13.xml
1 ms. Memory: 1033216K Free: 840291K (81%)
----------------- Invoking toplevel() on ptolemy.moml.MoMLSimpleApplication@70f128f6
----------------- Done invoking toplevel() on ptolemy.moml.MoMLSimpleApplication@70f128f6
reloadAllAccessors: .LevelCrossTest13
----------------- testing Thu May 10 01:16:13 UTC 2018 /home/travis/build/icyphy/ptII/ptolemy/actor/lib/test/auto/LevelCrossTest2.xml
----------------- Instantiating /home/travis/build/icyphy/ptII/ptolemy/actor/lib/test/auto/LevelCrossTest2.xml
2 ms. Memory: 1033216K Free: 825668K (80%)
----------------- Invoking toplevel() on ptolemy.moml.MoMLSimpleApplication@4771cf56
----------------- Done invoking toplevel() on ptolemy.moml.MoMLSimpleApplication@4771cf56
reloadAllAccessors: .broken
----------------- testing Thu May 10 01:16:13 UTC 2018 /home/travis/build/icyphy/ptII/ptolemy/actor/lib/test/auto/LevelCrossTest3.xml
----------------- Instantiating /home/travis/build/icyphy/ptII/ptolemy/actor/lib/test/auto/LevelCrossTest3.xml
2 ms. Memory: 1033216K Free: 811912K (79%)
----------------- Invoking toplevel() on ptolemy.moml.MoMLSimpleApplication@523b3924
----------------- Done invoking toplevel() on ptolemy.moml.MoMLSimpleApplication@523b3924
reloadAllAccessors: .LevelCrossTest3
----------------- testing Thu May 10 01:16:13 UTC 2018 /home/travis/build/icyphy/ptII/ptolemy/actor/lib/test/auto/LevelCrossTest4.xml
----------------- Instantiating /home/travis/build/icyphy/ptII/ptolemy/actor/lib/test/auto/LevelCrossTest4.xml
1 ms. Memory: 1033216K Free: 797288K (77%)
----------------- Invoking toplevel() on ptolemy.moml.MoMLSimpleApplication@3c9d262f
----------------- Done invoking toplevel() on ptolemy.moml.MoMLSimpleApplication@3c9d262f
reloadAllAccessors: .broken
----------------- testing Thu May 10 01:16:13 UTC 2018 /home/travis/build/icyphy/ptII/ptolemy/actor/lib/test/auto/LevelCrossTest5.xml
----------------- Instantiating /home/travis/build/icyphy/ptII/ptolemy/actor/lib/test/auto/LevelCrossTest5.xml
1 ms. Memory: 1033216K Free: 783533K (76%)
----------------- Invoking toplevel() on ptolemy.moml.MoMLSimpleApplication@7c7ae52e
----------------- Done invoking toplevel() on ptolemy.moml.MoMLSimpleApplication@7c7ae52e
reloadAllAccessors: .LevelCrossTest5
----------------- testing Thu May 10 01:16:13 UTC 2018 /home/travis/build/icyphy/ptII/ptolemy/actor/lib/test/auto/LevelCrossTest6.xml
----------------- Instantiating /home/travis/build/icyphy/ptII/ptolemy/actor/lib/test/auto/LevelCrossTest6.xml
1 ms. Memory: 1033216K Free: 769777K (75%)
----------------- Invoking toplevel() on ptolemy.moml.MoMLSimpleApplication@718198a0
----------------- Done invoking toplevel() on ptolemy.moml.MoMLSimpleApplication@718198a0
reloadAllAccessors: .LevelCrossTest6
----------------- testing Thu May 10 01:16:13 UTC 2018 /home/travis/build/icyphy/ptII/ptolemy/actor/lib/test/auto/LevelCrossTest7.xml
----------------- Instantiating /home/travis/build/icyphy/ptII/ptolemy/actor/lib/test/auto/LevelCrossTest7.xml
5 ms. Memory: 1033216K Free: 750557K (73%)
----------------- Invoking toplevel() on ptolemy.moml.MoMLSimpleApplication@132f0bab
----------------- Done invoking toplevel() on ptolemy.moml.MoMLSimpleApplication@132f0bab
reloadAllAccessors: .LevelCrossTest7
----------------- testing Thu May 10 01:16:13 UTC 2018 /home/travis/build/icyphy/ptII/ptolemy/actor/lib/test/auto/LevelCrossTest8.xml
----------------- Instantiating /home/travis/build/icyphy/ptII/ptolemy/actor/lib/test/auto/LevelCrossTest8.xml
4 ms. Memory: 1033216K Free: 736802K (71%)
----------------- Invoking toplevel() on ptolemy.moml.MoMLSimpleApplication@762fddd0
----------------- Done invoking toplevel() on ptolemy.moml.MoMLSimpleApplication@762fddd0
reloadAllAccessors: .LevelCrossTest8
----------------- testing Thu May 10 01:16:13 UTC 2018 /home/travis/build/icyphy/ptII/ptolemy/actor/lib/test/auto/LevelCrossTest9.xml
----------------- Instantiating /home/travis/build/icyphy/ptII/ptolemy/actor/lib/test/auto/LevelCrossTest9.xml
6 ms. Memory: 1033216K Free: 717598K (69%)
----------------- Invoking toplevel() on ptolemy.moml.MoMLSimpleApplication@346c9b28
----------------- Done invoking toplevel() on ptolemy.moml.MoMLSimpleApplication@346c9b28
reloadAllAccessors: .LevelCrossTest9
----------------- testing Thu May 10 01:16:13 UTC 2018 /home/travis/build/icyphy/ptII/ptolemy/actor/lib/test/auto/LevinsonDurbin.xml
----------------- Instantiating /home/travis/build/icyphy/ptII/ptolemy/actor/lib/test/auto/LevinsonDurbin.xml
3 ms. Memory: 1033216K Free: 708439K (69%)
----------------- Invoking toplevel() on ptolemy.moml.MoMLSimpleApplication@99651fc
----------------- Done invoking toplevel() on ptolemy.moml.MoMLSimpleApplication@99651fc
reloadAllAccessors: .LevinsonDurbin
----------------- testing Thu May 10 01:16:13 UTC 2018 /home/travis/build/icyphy/ptII/ptolemy/actor/lib/test/auto/LevinsonDurbin2.xml
----------------- Instantiating /home/travis/build/icyphy/ptII/ptolemy/actor/lib/test/auto/LevinsonDurbin2.xml
2 ms. Memory: 1033216K Free: 693815K (67%)
----------------- Invoking toplevel() on ptolemy.moml.MoMLSimpleApplication@1aec489
----------------- Done invoking toplevel() on ptolemy.moml.MoMLSimpleApplication@1aec489
reloadAllAccessors: .LevinsonDurbin2
----------------- testing Thu May 10 01:16:13 UTC 2018 /home/travis/build/icyphy/ptII/ptolemy/actor/lib/test/auto/LevinsonDurbin3.xml
----------------- Instantiating /home/travis/build/icyphy/ptII/ptolemy/actor/lib/test/auto/LevinsonDurbin3.xml
2 ms. Memory: 1033216K Free: 684655K (66%)
----------------- Invoking toplevel() on ptolemy.moml.MoMLSimpleApplication@db81cdc
----------------- Done invoking toplevel() on ptolemy.moml.MoMLSimpleApplication@db81cdc
reloadAllAccessors: .LevinsonDurbin3
----------------- testing Thu May 10 01:16:13 UTC 2018 /home/travis/build/icyphy/ptII/ptolemy/actor/lib/test/auto/Limiter.xml
----------------- Instantiating /home/travis/build/icyphy/ptII/ptolemy/actor/lib/test/auto/Limiter.xml
4 ms. Memory: 1033216K Free: 670899K (65%)
----------------- Invoking toplevel() on ptolemy.moml.MoMLSimpleApplication@4e911e3a
----------------- Done invoking toplevel() on ptolemy.moml.MoMLSimpleApplication@4e911e3a
reloadAllAccessors: .Limiter
----------------- testing Thu May 10 01:16:13 UTC 2018 /home/travis/build/icyphy/ptII/ptolemy/actor/lib/test/auto/LinearDifferenceEquationSystem.xml
----------------- Instantiating /home/travis/build/icyphy/ptII/ptolemy/actor/lib/test/auto/LinearDifferenceEquationSystem.xml
3 ms. Memory: 1033216K Free: 651680K (63%)
----------------- Invoking toplevel() on ptolemy.moml.MoMLSimpleApplication@5c2e48e4
----------------- Done invoking toplevel() on ptolemy.moml.MoMLSimpleApplication@5c2e48e4
reloadAllAccessors: .LinearDifferenceEquationSystem
----------------- testing Thu May 10 01:16:13 UTC 2018 /home/travis/build/icyphy/ptII/ptolemy/actor/lib/test/auto/LookupTable.xml
----------------- Instantiating /home/travis/build/icyphy/ptII/ptolemy/actor/lib/test/auto/LookupTable.xml
2 ms. Memory: 1033216K Free: 642520K (62%)
----------------- Invoking toplevel() on ptolemy.moml.MoMLSimpleApplication@7a048f15
----------------- Done invoking toplevel() on ptolemy.moml.MoMLSimpleApplication@7a048f15
reloadAllAccessors: .LookupTable
----------------- testing Thu May 10 01:16:13 UTC 2018 /home/travis/build/icyphy/ptII/ptolemy/actor/lib/test/auto/MathFunction.xml
----------------- Instantiating /home/travis/build/icyphy/ptII/ptolemy/actor/lib/test/auto/MathFunction.xml
2 ms. Memory: 1033216K Free: 623300K (60%)
----------------- Invoking toplevel() on ptolemy.moml.MoMLSimpleApplication@5fc31024
----------------- Done invoking toplevel() on ptolemy.moml.MoMLSimpleApplication@5fc31024
reloadAllAccessors: .MathFunction
----------------- testing Thu May 10 01:16:13 UTC 2018 /home/travis/build/icyphy/ptII/ptolemy/actor/lib/test/auto/MathFunction2.xml
----------------- Instantiating /home/travis/build/icyphy/ptII/ptolemy/actor/lib/test/auto/MathFunction2.xml
1 ms. Memory: 1033216K Free: 614140K (59%)
----------------- Invoking toplevel() on ptolemy.moml.MoMLSimpleApplication@8120625
----------------- Done invoking toplevel() on ptolemy.moml.MoMLSimpleApplication@8120625
reloadAllAccessors: .MathFunction2
----------------- testing Thu May 10 01:16:13 UTC 2018 /home/travis/build/icyphy/ptII/ptolemy/actor/lib/test/auto/MathFunction3.xml
----------------- Instantiating /home/travis/build/icyphy/ptII/ptolemy/actor/lib/test/auto/MathFunction3.xml
2 ms. Memory: 1033216K Free: 594921K (58%)
----------------- Invoking toplevel() on ptolemy.moml.MoMLSimpleApplication@421403e8
----------------- Done invoking toplevel() on ptolemy.moml.MoMLSimpleApplication@421403e8
reloadAllAccessors: .MathFunction3
----------------- testing Thu May 10 01:16:13 UTC 2018 /home/travis/build/icyphy/ptII/ptolemy/actor/lib/test/auto/MatrixCropBoolean.xml
----------------- Instantiating /home/travis/build/icyphy/ptII/ptolemy/actor/lib/test/auto/MatrixCropBoolean.xml
2 ms. Memory: 1033216K Free: 585761K (57%)
----------------- Invoking toplevel() on ptolemy.moml.MoMLSimpleApplication@2522ae33
----------------- Done invoking toplevel() on ptolemy.moml.MoMLSimpleApplication@2522ae33
reloadAllAccessors: .MatrixCropBoolean
----------------- testing Thu May 10 01:16:13 UTC 2018 /home/travis/build/icyphy/ptII/ptolemy/actor/lib/test/auto/MatrixCropComplex.xml
----------------- Instantiating /home/travis/build/icyphy/ptII/ptolemy/actor/lib/test/auto/MatrixCropComplex.xml
1 ms. Memory: 1033216K Free: 576601K (56%)
----------------- Invoking toplevel() on ptolemy.moml.MoMLSimpleApplication@2b8abda4
----------------- Done invoking toplevel() on ptolemy.moml.MoMLSimpleApplication@2b8abda4
reloadAllAccessors: .MatrixCropComplex
----------------- testing Thu May 10 01:16:13 UTC 2018 /home/travis/build/icyphy/ptII/ptolemy/actor/lib/test/auto/MatrixCropDouble.xml
----------------- Instantiating /home/travis/build/icyphy/ptII/ptolemy/actor/lib/test/auto/MatrixCropDouble.xml
2 ms. Memory: 1033216K Free: 561977K (54%)
----------------- Invoking toplevel() on ptolemy.moml.MoMLSimpleApplication@27174f7b
----------------- Done invoking toplevel() on ptolemy.moml.MoMLSimpleApplication@27174f7b
reloadAllAccessors: .MatrixCropDouble
----------------- testing Thu May 10 01:16:13 UTC 2018 /home/travis/build/icyphy/ptII/ptolemy/actor/lib/test/auto/MatrixCropFix.xml
----------------- Instantiating /home/travis/build/icyphy/ptII/ptolemy/actor/lib/test/auto/MatrixCropFix.xml
2 ms. Memory: 1033216K Free: 552818K (54%)
----------------- Invoking toplevel() on ptolemy.moml.MoMLSimpleApplication@42183ce0
----------------- Done invoking toplevel() on ptolemy.moml.MoMLSimpleApplication@42183ce0
reloadAllAccessors: .MatrixCropFix
----------------- testing Thu May 10 01:16:13 UTC 2018 /home/travis/build/icyphy/ptII/ptolemy/actor/lib/test/auto/MatrixCropInt.xml
----------------- Instantiating /home/travis/build/icyphy/ptII/ptolemy/actor/lib/test/auto/MatrixCropInt.xml
2 ms. Memory: 1033216K Free: 538194K (52%)
----------------- Invoking toplevel() on ptolemy.moml.MoMLSimpleApplication@5050594a
----------------- Done invoking toplevel() on ptolemy.moml.MoMLSimpleApplication@5050594a
reloadAllAccessors: .MatrixCropInt
----------------- testing Thu May 10 01:16:13 UTC 2018 /home/travis/build/icyphy/ptII/ptolemy/actor/lib/test/auto/MatrixCropLong.xml
----------------- Instantiating /home/travis/build/icyphy/ptII/ptolemy/actor/lib/test/auto/MatrixCropLong.xml
1 ms. Memory: 1033216K Free: 529034K (51%)
----------------- Invoking toplevel() on ptolemy.moml.MoMLSimpleApplication@353cae97
----------------- Done invoking toplevel() on ptolemy.moml.MoMLSimpleApplication@353cae97
reloadAllAccessors: .MatrixCropLong
----------------- testing Thu May 10 01:16:13 UTC 2018 /home/travis/build/icyphy/ptII/ptolemy/actor/lib/test/auto/MatrixToArray.xml
----------------- Instantiating /home/travis/build/icyphy/ptII/ptolemy/actor/lib/test/auto/MatrixToArray.xml
5 ms. Memory: 1033216K Free: 500654K (48%)
----------------- Invoking toplevel() on ptolemy.moml.MoMLSimpleApplication@3c89b9ba
----------------- Done invoking toplevel() on ptolemy.moml.MoMLSimpleApplication@3c89b9ba
reloadAllAccessors: .MatrixToArray
----------------- testing Thu May 10 01:16:13 UTC 2018 /home/travis/build/icyphy/ptII/ptolemy/actor/lib/test/auto/MaxIndex.xml
----------------- Instantiating /home/travis/build/icyphy/ptII/ptolemy/actor/lib/test/auto/MaxIndex.xml
5 ms. Memory: 1033216K Free: 491495K (48%)
----------------- Invoking toplevel() on ptolemy.moml.MoMLSimpleApplication@65a6142c
----------------- Done invoking toplevel() on ptolemy.moml.MoMLSimpleApplication@65a6142c
reloadAllAccessors: .MaxIndex
----------------- testing Thu May 10 01:16:14 UTC 2018 /home/travis/build/icyphy/ptII/ptolemy/actor/lib/test/auto/Maximum.xml
----------------- Instantiating /home/travis/build/icyphy/ptII/ptolemy/actor/lib/test/auto/Maximum.xml
4 ms. Memory: 1033216K Free: 482335K (47%)
----------------- Invoking toplevel() on ptolemy.moml.MoMLSimpleApplication@11900992
----------------- Done invoking toplevel() on ptolemy.moml.MoMLSimpleApplication@11900992
reloadAllAccessors: .Maximum
----------------- testing Thu May 10 01:16:14 UTC 2018 /home/travis/build/icyphy/ptII/ptolemy/actor/lib/test/auto/MaximumComplex.xml
----------------- Instantiating /home/travis/build/icyphy/ptII/ptolemy/actor/lib/test/auto/MaximumComplex.xml
5 ms. Memory: 1033216K Free: 467711K (45%)
----------------- Invoking toplevel() on ptolemy.moml.MoMLSimpleApplication@64a5119f
----------------- Done invoking toplevel() on ptolemy.moml.MoMLSimpleApplication@64a5119f
reloadAllAccessors: .MaximumComplex
----------------- testing Thu May 10 01:16:14 UTC 2018 /home/travis/build/icyphy/ptII/ptolemy/actor/lib/test/auto/MethodCallTest.xml
----------------- Instantiating /home/travis/build/icyphy/ptII/ptolemy/actor/lib/test/auto/MethodCallTest.xml
3 ms. Memory: 1033216K Free: 453971K (44%)
----------------- Invoking toplevel() on ptolemy.moml.MoMLSimpleApplication@7be23172
----------------- Done invoking toplevel() on ptolemy.moml.MoMLSimpleApplication@7be23172
reloadAllAccessors: .MethodCallTest
----------------- testing Thu May 10 01:16:14 UTC 2018 /home/travis/build/icyphy/ptII/ptolemy/actor/lib/test/auto/Minimum.xml
----------------- Instantiating /home/travis/build/icyphy/ptII/ptolemy/actor/lib/test/auto/Minimum.xml
3 ms. Memory: 1033216K Free: 439347K (43%)
----------------- Invoking toplevel() on ptolemy.moml.MoMLSimpleApplication@17c6bdc7
----------------- Done invoking toplevel() on ptolemy.moml.MoMLSimpleApplication@17c6bdc7
reloadAllAccessors: .Minimum
----------------- testing Thu May 10 01:16:14 UTC 2018 /home/travis/build/icyphy/ptII/ptolemy/actor/lib/test/auto/MinimumComplex.xml
----------------- Instantiating /home/travis/build/icyphy/ptII/ptolemy/actor/lib/test/auto/MinimumComplex.xml
3 ms. Memory: 1033216K Free: 430188K (42%)
----------------- Invoking toplevel() on ptolemy.moml.MoMLSimpleApplication@c4efca0
----------------- Done invoking toplevel() on ptolemy.moml.MoMLSimpleApplication@c4efca0
reloadAllAccessors: .MinimumComplex
----------------- testing Thu May 10 01:16:14 UTC 2018 /home/travis/build/icyphy/ptII/ptolemy/actor/lib/test/auto/MinimumMultiports.xml
----------------- Instantiating /home/travis/build/icyphy/ptII/ptolemy/actor/lib/test/auto/MinimumMultiports.xml
4 ms. Memory: 1033216K Free: 410968K (40%)
----------------- Invoking toplevel() on ptolemy.moml.MoMLSimpleApplication@4261b9e0
----------------- Done invoking toplevel() on ptolemy.moml.MoMLSimpleApplication@4261b9e0
reloadAllAccessors: .MinimumMultiports
----------------- testing Thu May 10 01:16:14 UTC 2018 /home/travis/build/icyphy/ptII/ptolemy/actor/lib/test/auto/ModifyDate.xml
----------------- Instantiating /home/travis/build/icyphy/ptII/ptolemy/actor/lib/test/auto/ModifyDate.xml
5 ms. Memory: 1033216K Free: 392632K (38%)
----------------- Invoking toplevel() on ptolemy.moml.MoMLSimpleApplication@2428c826
----------------- Done invoking toplevel() on ptolemy.moml.MoMLSimpleApplication@2428c826
reloadAllAccessors: .ModifyDate
----------------- testing Thu May 10 01:16:14 UTC 2018 /home/travis/build/icyphy/ptII/ptolemy/actor/lib/test/auto/ModifyDate2.xml
----------------- Instantiating /home/travis/build/icyphy/ptII/ptolemy/actor/lib/test/auto/ModifyDate2.xml
2 ms. Memory: 1033216K Free: 378893K (37%)
----------------- Invoking toplevel() on ptolemy.moml.MoMLSimpleApplication@4ef56c68
----------------- Done invoking toplevel() on ptolemy.moml.MoMLSimpleApplication@4ef56c68
reloadAllAccessors: .ModifyDate2
----------------- testing Thu May 10 01:16:14 UTC 2018 /home/travis/build/icyphy/ptII/ptolemy/actor/lib/test/auto/MovingAverage.xml
----------------- Instantiating /home/travis/build/icyphy/ptII/ptolemy/actor/lib/test/auto/MovingAverage.xml
2 ms. Memory: 1033216K Free: 359689K (35%)
----------------- Invoking toplevel() on ptolemy.moml.MoMLSimpleApplication@579514ab
----------------- Done invoking toplevel() on ptolemy.moml.MoMLSimpleApplication@579514ab
reloadAllAccessors: .MovingAverage
----------------- testing Thu May 10 01:16:14 UTC 2018 /home/travis/build/icyphy/ptII/ptolemy/actor/lib/test/auto/MovingMaximum.xml
----------------- Instantiating /home/travis/build/icyphy/ptII/ptolemy/actor/lib/test/auto/MovingMaximum.xml
2 ms. Memory: 1033216K Free: 350529K (34%)
----------------- Invoking toplevel() on ptolemy.moml.MoMLSimpleApplication@6228a738
----------------- Done invoking toplevel() on ptolemy.moml.MoMLSimpleApplication@6228a738
reloadAllAccessors: .MovingMaximum
----------------- testing Thu May 10 01:16:14 UTC 2018 /home/travis/build/icyphy/ptII/ptolemy/actor/lib/test/auto/MultipleLinksToSameRelation.xml
----------------- Instantiating /home/travis/build/icyphy/ptII/ptolemy/actor/lib/test/auto/MultipleLinksToSameRelation.xml
2 ms. Memory: 1033216K Free: 335905K (33%)
----------------- Invoking toplevel() on ptolemy.moml.MoMLSimpleApplication@7f6d7f17
----------------- Done invoking toplevel() on ptolemy.moml.MoMLSimpleApplication@7f6d7f17
reloadAllAccessors: .MultipleLinksToSameRelation
----------------- testing Thu May 10 01:16:14 UTC 2018 /home/travis/build/icyphy/ptII/ptolemy/actor/lib/test/auto/MultipleLinksToSameRelationDE.xml
----------------- Instantiating /home/travis/build/icyphy/ptII/ptolemy/actor/lib/test/auto/MultipleLinksToSameRelationDE.xml
1 ms. Memory: 1033216K Free: 326745K (32%)
----------------- Invoking toplevel() on ptolemy.moml.MoMLSimpleApplication@3e6a67cf
----------------- Done invoking toplevel() on ptolemy.moml.MoMLSimpleApplication@3e6a67cf
reloadAllAccessors: .MultipleLinksToSameRelationDE
----------------- testing Thu May 10 01:16:14 UTC 2018 /home/travis/build/icyphy/ptII/ptolemy/actor/lib/test/auto/Multiplexor.xml
----------------- Instantiating /home/travis/build/icyphy/ptII/ptolemy/actor/lib/test/auto/Multiplexor.xml
2 ms. Memory: 1033216K Free: 312121K (30%)
----------------- Invoking toplevel() on ptolemy.moml.MoMLSimpleApplication@3c53ad8d
----------------- Done invoking toplevel() on ptolemy.moml.MoMLSimpleApplication@3c53ad8d
reloadAllAccessors: .Multiplexor
----------------- testing Thu May 10 01:16:14 UTC 2018 /home/travis/build/icyphy/ptII/ptolemy/actor/lib/test/auto/Multiplexor1.xml
----------------- Instantiating /home/travis/build/icyphy/ptII/ptolemy/actor/lib/test/auto/Multiplexor1.xml
2 ms. Memory: 1033216K Free: 302961K (29%)
----------------- Invoking toplevel() on ptolemy.moml.MoMLSimpleApplication@320ed092
----------------- Done invoking toplevel() on ptolemy.moml.MoMLSimpleApplication@320ed092
reloadAllAccessors: .Multiplexor1
----------------- testing Thu May 10 01:16:14 UTC 2018 /home/travis/build/icyphy/ptII/ptolemy/actor/lib/test/auto/Multiplexor2.xml
----------------- Instantiating /home/travis/build/icyphy/ptII/ptolemy/actor/lib/test/auto/Multiplexor2.xml
6 ms. Memory: 1033216K Free: 293802K (28%)
----------------- Invoking toplevel() on ptolemy.moml.MoMLSimpleApplication@642fe97e
----------------- Done invoking toplevel() on ptolemy.moml.MoMLSimpleApplication@642fe97e
reloadAllAccessors: .Multiplexor2
----------------- testing Thu May 10 01:16:14 UTC 2018 /home/travis/build/icyphy/ptII/ptolemy/actor/lib/test/auto/Multiplexor3.xml
----------------- Instantiating /home/travis/build/icyphy/ptII/ptolemy/actor/lib/test/auto/Multiplexor3.xml
1 ms. Memory: 1033216K Free: 279178K (27%)
----------------- Invoking toplevel() on ptolemy.moml.MoMLSimpleApplication@77685151
----------------- Done invoking toplevel() on ptolemy.moml.MoMLSimpleApplication@77685151
reloadAllAccessors: .Multiplexor3
----------------- testing Thu May 10 01:16:14 UTC 2018 /home/travis/build/icyphy/ptII/ptolemy/actor/lib/test/auto/MultiplexorDE.xml
----------------- Instantiating /home/travis/build/icyphy/ptII/ptolemy/actor/lib/test/auto/MultiplexorDE.xml
3 ms. Memory: 1033216K Free: 265422K (26%)
----------------- Invoking toplevel() on ptolemy.moml.MoMLSimpleApplication@1779bae6
----------------- Done invoking toplevel() on ptolemy.moml.MoMLSimpleApplication@1779bae6
reloadAllAccessors: .MultiplexorDE
----------------- testing Thu May 10 01:16:14 UTC 2018 /home/travis/build/icyphy/ptII/ptolemy/actor/lib/test/auto/MultiportBroadcastTest.xml
----------------- Instantiating /home/travis/build/icyphy/ptII/ptolemy/actor/lib/test/auto/MultiportBroadcastTest.xml
73 ms. Memory: 1033216K Free: 250798K (24%)
----------------- Invoking toplevel() on ptolemy.moml.MoMLSimpleApplication@664716a8
----------------- Done invoking toplevel() on ptolemy.moml.MoMLSimpleApplication@664716a8
reloadAllAccessors: .MultiportBroadcastTest
----------------- testing Thu May 10 01:16:14 UTC 2018 /home/travis/build/icyphy/ptII/ptolemy/actor/lib/test/auto/MultiportOutHangDuringGetWidth.xml
----------------- Instantiating /home/travis/build/icyphy/ptII/ptolemy/actor/lib/test/auto/MultiportOutHangDuringGetWidth.xml
4 ms. Memory: 1033216K Free: 232447K (22%)
----------------- Invoking toplevel() on ptolemy.moml.MoMLSimpleApplication@16ad97fa
----------------- Done invoking toplevel() on ptolemy.moml.MoMLSimpleApplication@16ad97fa
reloadAllAccessors: .MultiportOutHangDuringGetWidth
----------------- testing Thu May 10 01:16:14 UTC 2018 /home/travis/build/icyphy/ptII/ptolemy/actor/lib/test/auto/NilToken.xml
----------------- Instantiating /home/travis/build/icyphy/ptII/ptolemy/actor/lib/test/auto/NilToken.xml
2 ms. Memory: 1033216K Free: 217823K (21%)
----------------- Invoking toplevel() on ptolemy.moml.MoMLSimpleApplication@29d1a745
----------------- Done invoking toplevel() on ptolemy.moml.MoMLSimpleApplication@29d1a745
reloadAllAccessors: .NilToken
----------------- testing Thu May 10 01:16:14 UTC 2018 /home/travis/build/icyphy/ptII/ptolemy/actor/lib/test/auto/NilTokenNonStrictTest.xml
----------------- Instantiating /home/travis/build/icyphy/ptII/ptolemy/actor/lib/test/auto/NilTokenNonStrictTest.xml
1 ms. Memory: 1033216K Free: 208663K (20%)
----------------- Invoking toplevel() on ptolemy.moml.MoMLSimpleApplication@41350c5e
----------------- Done invoking toplevel() on ptolemy.moml.MoMLSimpleApplication@41350c5e
reloadAllAccessors: .NilTokenNonStrictTest
----------------- testing Thu May 10 01:16:14 UTC 2018 /home/travis/build/icyphy/ptII/ptolemy/actor/lib/test/auto/NilTokenRecord.xml
----------------- Instantiating /home/travis/build/icyphy/ptII/ptolemy/actor/lib/test/auto/NilTokenRecord.xml
5 ms. Memory: 1033216K Free: 199503K (19%)
----------------- Invoking toplevel() on ptolemy.moml.MoMLSimpleApplication@6927f417
----------------- Done invoking toplevel() on ptolemy.moml.MoMLSimpleApplication@6927f417
reloadAllAccessors: .NilTokenRecord
----------------- testing Thu May 10 01:16:14 UTC 2018 /home/travis/build/icyphy/ptII/ptolemy/actor/lib/test/auto/NilTokenTypeTest.xml
----------------- Instantiating /home/travis/build/icyphy/ptII/ptolemy/actor/lib/test/auto/NilTokenTypeTest.xml
4 ms. Memory: 1033216K Free: 180283K (17%)
----------------- Invoking toplevel() on ptolemy.moml.MoMLSimpleApplication@5f4aa1ed
----------------- Done invoking toplevel() on ptolemy.moml.MoMLSimpleApplication@5f4aa1ed
reloadAllAccessors: .NilTokenTypeTest
----------------- testing Thu May 10 01:16:14 UTC 2018 /home/travis/build/icyphy/ptII/ptolemy/actor/lib/test/auto/ObjectToken1.xml
----------------- Instantiating /home/travis/build/icyphy/ptII/ptolemy/actor/lib/test/auto/ObjectToken1.xml
1 ms. Memory: 1033216K Free: 171123K (17%)
----------------- Invoking toplevel() on ptolemy.moml.MoMLSimpleApplication@113c504c
----------------- Done invoking toplevel() on ptolemy.moml.MoMLSimpleApplication@113c504c
reloadAllAccessors: .ObjectToken1
----------------- testing Thu May 10 01:16:14 UTC 2018 /home/travis/build/icyphy/ptII/ptolemy/actor/lib/test/auto/OrderedMerge.xml
----------------- Instantiating /home/travis/build/icyphy/ptII/ptolemy/actor/lib/test/auto/OrderedMerge.xml
35 ms. Memory: 1033216K Free: 138180K (13%)
----------------- Invoking toplevel() on ptolemy.moml.MoMLSimpleApplication@69f77a81
----------------- Done invoking toplevel() on ptolemy.moml.MoMLSimpleApplication@69f77a81
reloadAllAccessors: .OrderedMerge
----------------- testing Thu May 10 01:16:14 UTC 2018 /home/travis/build/icyphy/ptII/ptolemy/actor/lib/test/auto/OrderedRecordDisassembler.xml
----------------- Instantiating /home/travis/build/icyphy/ptII/ptolemy/actor/lib/test/auto/OrderedRecordDisassembler.xml
4 ms. Memory: 1033216K Free: 129020K (12%)
----------------- Invoking toplevel() on ptolemy.moml.MoMLSimpleApplication@260749e1
----------------- Done invoking toplevel() on ptolemy.moml.MoMLSimpleApplication@260749e1
reloadAllAccessors: .OrderedRecordDisassembler
----------------- testing Thu May 10 01:16:14 UTC 2018 /home/travis/build/icyphy/ptII/ptolemy/actor/lib/test/auto/OrderedRecordDisassembler2.xml
----------------- Instantiating /home/travis/build/icyphy/ptII/ptolemy/actor/lib/test/auto/OrderedRecordDisassembler2.xml
4 ms. Memory: 1033216K Free: 109801K (11%)
----------------- Invoking toplevel() on ptolemy.moml.MoMLSimpleApplication@4141bfdb
----------------- Done invoking toplevel() on ptolemy.moml.MoMLSimpleApplication@4141bfdb
reloadAllAccessors: .OrderedRecordDisassembler2
----------------- testing Thu May 10 01:16:14 UTC 2018 /home/travis/build/icyphy/ptII/ptolemy/actor/lib/test/auto/OrderedRecordUpdater.xml
----------------- Instantiating /home/travis/build/icyphy/ptII/ptolemy/actor/lib/test/auto/OrderedRecordUpdater.xml
2 ms. Memory: 1033216K Free: 100641K (10%)
----------------- Invoking toplevel() on ptolemy.moml.MoMLSimpleApplication@3d60ae18
----------------- Done invoking toplevel() on ptolemy.moml.MoMLSimpleApplication@3d60ae18
reloadAllAccessors: .RecordUpdater
----------------- testing Thu May 10 01:16:14 UTC 2018 /home/travis/build/icyphy/ptII/ptolemy/actor/lib/test/auto/OrderedRecordUpdater2.xml
----------------- Instantiating /home/travis/build/icyphy/ptII/ptolemy/actor/lib/test/auto/OrderedRecordUpdater2.xml
3 ms. Memory: 1033216K Free: 86017K (8%)
----------------- Invoking toplevel() on ptolemy.moml.MoMLSimpleApplication@18ae850f
----------------- Done invoking toplevel() on ptolemy.moml.MoMLSimpleApplication@18ae850f
reloadAllAccessors: .RecordUpdater2
----------------- testing Thu May 10 01:16:14 UTC 2018 /home/travis/build/icyphy/ptII/ptolemy/actor/lib/test/auto/PhaseUnwrap.xml
----------------- Instantiating /home/travis/build/icyphy/ptII/ptolemy/actor/lib/test/auto/PhaseUnwrap.xml
3 ms. Memory: 1033216K Free: 76932K (7%)
----------------- Invoking toplevel() on ptolemy.moml.MoMLSimpleApplication@12f60d96
----------------- Done invoking toplevel() on ptolemy.moml.MoMLSimpleApplication@12f60d96
reloadAllAccessors: .PhaseUnwrap
----------------- testing Thu May 10 01:16:14 UTC 2018 /home/travis/build/icyphy/ptII/ptolemy/actor/lib/test/auto/PoissonClock.xml
----------------- Instantiating /home/travis/build/icyphy/ptII/ptolemy/actor/lib/test/auto/PoissonClock.xml
2 ms. Memory: 1129984K Free: 1077581K (95%)
----------------- Invoking toplevel() on ptolemy.moml.MoMLSimpleApplication@1e4c14c4
----------------- Done invoking toplevel() on ptolemy.moml.MoMLSimpleApplication@1e4c14c4
reloadAllAccessors: .PoissonClock
----------------- testing Thu May 10 01:16:14 UTC 2018 /home/travis/build/icyphy/ptII/ptolemy/actor/lib/test/auto/PoissonClock2.xml
----------------- Instantiating /home/travis/build/icyphy/ptII/ptolemy/actor/lib/test/auto/PoissonClock2.xml
1 ms. Memory: 1129984K Free: 1058689K (94%)
----------------- Invoking toplevel() on ptolemy.moml.MoMLSimpleApplication@4c910f6f
----------------- Done invoking toplevel() on ptolemy.moml.MoMLSimpleApplication@4c910f6f
reloadAllAccessors: .PoissonClock2
----------------- testing Thu May 10 01:16:14 UTC 2018 /home/travis/build/icyphy/ptII/ptolemy/actor/lib/test/auto/PoissonClock3.xml
----------------- Instantiating /home/travis/build/icyphy/ptII/ptolemy/actor/lib/test/auto/PoissonClock3.xml
2 ms. Memory: 1129984K Free: 1045022K (92%)
----------------- Invoking toplevel() on ptolemy.moml.MoMLSimpleApplication@6687184a
----------------- Done invoking toplevel() on ptolemy.moml.MoMLSimpleApplication@6687184a
reloadAllAccessors: .PoissonClock3
----------------- testing Thu May 10 01:16:14 UTC 2018 /home/travis/build/icyphy/ptII/ptolemy/actor/lib/test/auto/PubSubWithInitialTokens.xml
----------------- Instantiating /home/travis/build/icyphy/ptII/ptolemy/actor/lib/test/auto/PubSubWithInitialTokens.xml
2 ms. Memory: 1129984K Free: 1026219K (91%)
----------------- Invoking toplevel() on ptolemy.moml.MoMLSimpleApplication@3086de48
----------------- Done invoking toplevel() on ptolemy.moml.MoMLSimpleApplication@3086de48
reloadAllAccessors: .PubSubWithInitialTokens
----------------- testing Thu May 10 01:16:14 UTC 2018 /home/travis/build/icyphy/ptII/ptolemy/actor/lib/test/auto/PubSubWithInitialTokens2.xml
----------------- Instantiating /home/travis/build/icyphy/ptII/ptolemy/actor/lib/test/auto/PubSubWithInitialTokens2.xml
5 ms. Memory: 1129984K Free: 1012552K (90%)
----------------- Invoking toplevel() on ptolemy.moml.MoMLSimpleApplication@6c89d17d
----------------- Done invoking toplevel() on ptolemy.moml.MoMLSimpleApplication@6c89d17d
reloadAllAccessors: .PubSubWithInitialTokens2
----------------- testing Thu May 10 01:16:14 UTC 2018 /home/travis/build/icyphy/ptII/ptolemy/actor/lib/test/auto/PublisherClassNoParameter.xml
----------------- Instantiating /home/travis/build/icyphy/ptII/ptolemy/actor/lib/test/auto/PublisherClassNoParameter.xml
2 ms. Memory: 1129984K Free: 986916K (87%)
----------------- Invoking toplevel() on ptolemy.moml.MoMLSimpleApplication@31de01d0
----------------- Done invoking toplevel() on ptolemy.moml.MoMLSimpleApplication@31de01d0
reloadAllAccessors: .PublisherClassNoParameter
----------------- testing Thu May 10 01:16:14 UTC 2018 /home/travis/build/icyphy/ptII/ptolemy/actor/lib/test/auto/PublisherClassParameter.xml
----------------- Instantiating /home/travis/build/icyphy/ptII/ptolemy/actor/lib/test/auto/PublisherClassParameter.xml
2 ms. Memory: 1129984K Free: 966400K (86%)
----------------- Invoking toplevel() on ptolemy.moml.MoMLSimpleApplication@1cba359
----------------- Done invoking toplevel() on ptolemy.moml.MoMLSimpleApplication@1cba359
reloadAllAccessors: .PublisherClassParameter
----------------- testing Thu May 10 01:16:14 UTC 2018 /home/travis/build/icyphy/ptII/ptolemy/actor/lib/test/auto/PublisherNonStrictTest.xml
----------------- Instantiating /home/travis/build/icyphy/ptII/ptolemy/actor/lib/test/auto/PublisherNonStrictTest.xml
3 ms. Memory: 1129984K Free: 947597K (84%)
----------------- Invoking toplevel() on ptolemy.moml.MoMLSimpleApplication@4193ef4c
----------------- Done invoking toplevel() on ptolemy.moml.MoMLSimpleApplication@4193ef4c
reloadAllAccessors: .PublisherNonStrictTest
----------------- testing Thu May 10 01:16:15 UTC 2018 /home/travis/build/icyphy/ptII/ptolemy/actor/lib/test/auto/PublisherPort1.xml
----------------- Instantiating /home/travis/build/icyphy/ptII/ptolemy/actor/lib/test/auto/PublisherPort1.xml
9 ms. Memory: 1129984K Free: 933930K (83%)
----------------- Invoking toplevel() on ptolemy.moml.MoMLSimpleApplication@628ed4c
----------------- Done invoking toplevel() on ptolemy.moml.MoMLSimpleApplication@628ed4c
reloadAllAccessors: .PublisherPort1
----------------- testing Thu May 10 01:16:15 UTC 2018 /home/travis/build/icyphy/ptII/ptolemy/actor/lib/test/auto/PublisherPort2.xml
----------------- Instantiating /home/travis/build/icyphy/ptII/ptolemy/actor/lib/test/auto/PublisherPort2.xml
2 ms. Memory: 1129984K Free: 915128K (81%)
----------------- Invoking toplevel() on ptolemy.moml.MoMLSimpleApplication@2fe6a132
----------------- Done invoking toplevel() on ptolemy.moml.MoMLSimpleApplication@2fe6a132
reloadAllAccessors: .PublisherPort2
----------------- testing Thu May 10 01:16:15 UTC 2018 /home/travis/build/icyphy/ptII/ptolemy/actor/lib/test/auto/PublisherPort3.xml
----------------- Instantiating /home/travis/build/icyphy/ptII/ptolemy/actor/lib/test/auto/PublisherPort3.xml
3 ms. Memory: 1129984K Free: 901461K (80%)
----------------- Invoking toplevel() on ptolemy.moml.MoMLSimpleApplication@7eca149
----------------- Done invoking toplevel() on ptolemy.moml.MoMLSimpleApplication@7eca149
reloadAllAccessors: .PublisherPort3
----------------- testing Thu May 10 01:16:15 UTC 2018 /home/travis/build/icyphy/ptII/ptolemy/actor/lib/test/auto/PublisherPort4.xml
----------------- Instantiating /home/travis/build/icyphy/ptII/ptolemy/actor/lib/test/auto/PublisherPort4.xml
2 ms. Memory: 1129984K Free: 882658K (78%)
----------------- Invoking toplevel() on ptolemy.moml.MoMLSimpleApplication@dd254fc
----------------- Done invoking toplevel() on ptolemy.moml.MoMLSimpleApplication@dd254fc
reloadAllAccessors: .PublisherPort4
----------------- testing Thu May 10 01:16:15 UTC 2018 /home/travis/build/icyphy/ptII/ptolemy/actor/lib/test/auto/PublisherPort5.xml
----------------- Instantiating /home/travis/build/icyphy/ptII/ptolemy/actor/lib/test/auto/PublisherPort5.xml
4 ms. Memory: 1129984K Free: 868991K (77%)
----------------- Invoking toplevel() on ptolemy.moml.MoMLSimpleApplication@7c4c5b11
----------------- Done invoking toplevel() on ptolemy.moml.MoMLSimpleApplication@7c4c5b11
reloadAllAccessors: .PublisherPort5
----------------- testing Thu May 10 01:16:15 UTC 2018 /home/travis/build/icyphy/ptII/ptolemy/actor/lib/test/auto/PublisherPort5LookAlike.xml
----------------- Instantiating /home/travis/build/icyphy/ptII/ptolemy/actor/lib/test/auto/PublisherPort5LookAlike.xml
7 ms. Memory: 1129984K Free: 850189K (75%)
----------------- Invoking toplevel() on ptolemy.moml.MoMLSimpleApplication@19d05054
----------------- Done invoking toplevel() on ptolemy.moml.MoMLSimpleApplication@19d05054
reloadAllAccessors: .PublisherPort5LookAlike
----------------- testing Thu May 10 01:16:15 UTC 2018 /home/travis/build/icyphy/ptII/ptolemy/actor/lib/test/auto/PublisherPort6.xml
----------------- Instantiating /home/travis/build/icyphy/ptII/ptolemy/actor/lib/test/auto/PublisherPort6.xml
3 ms. Memory: 1129984K Free: 836522K (74%)
----------------- Invoking toplevel() on ptolemy.moml.MoMLSimpleApplication@6e2e3e5f
----------------- Done invoking toplevel() on ptolemy.moml.MoMLSimpleApplication@6e2e3e5f
reloadAllAccessors: .PublisherPort6
----------------- testing Thu May 10 01:16:15 UTC 2018 /home/travis/build/icyphy/ptII/ptolemy/actor/lib/test/auto/PublisherPort7.xml
----------------- Instantiating /home/travis/build/icyphy/ptII/ptolemy/actor/lib/test/auto/PublisherPort7.xml
4 ms. Memory: 1129984K Free: 817719K (72%)
----------------- Invoking toplevel() on ptolemy.moml.MoMLSimpleApplication@4fe856e0
----------------- Done invoking toplevel() on ptolemy.moml.MoMLSimpleApplication@4fe856e0
reloadAllAccessors: .PublisherPort7
----------------- testing Thu May 10 01:16:15 UTC 2018 /home/travis/build/icyphy/ptII/ptolemy/actor/lib/test/auto/PublisherPort8.xml
----------------- Instantiating /home/travis/build/icyphy/ptII/ptolemy/actor/lib/test/auto/PublisherPort8.xml
4 ms. Memory: 1129984K Free: 804052K (71%)
----------------- Invoking toplevel() on ptolemy.moml.MoMLSimpleApplication@609c65b6
----------------- Done invoking toplevel() on ptolemy.moml.MoMLSimpleApplication@609c65b6
reloadAllAccessors: .PublisherPort8
----------------- testing Thu May 10 01:16:15 UTC 2018 /home/travis/build/icyphy/ptII/ptolemy/actor/lib/test/auto/PublisherPortSubscriberChannelVariablesAOC2.xml
----------------- Instantiating /home/travis/build/icyphy/ptII/ptolemy/actor/lib/test/auto/PublisherPortSubscriberChannelVariablesAOC2.xml
2 ms. Memory: 1129984K Free: 776694K (69%)
----------------- Invoking toplevel() on ptolemy.moml.MoMLSimpleApplication@36bf57f9
----------------- Done invoking toplevel() on ptolemy.moml.MoMLSimpleApplication@36bf57f9
reloadAllAccessors: .PublisherPortSubscriberChannelVariablesAOC2
----------------- testing Thu May 10 01:16:15 UTC 2018 /home/travis/build/icyphy/ptII/ptolemy/actor/lib/test/auto/PublisherPortSubscriberOpaqueWidthInference.xml
----------------- Instantiating /home/travis/build/icyphy/ptII/ptolemy/actor/lib/test/auto/PublisherPortSubscriberOpaqueWidthInference.xml
4 ms. Memory: 1129984K Free: 757892K (67%)
----------------- Invoking toplevel() on ptolemy.moml.MoMLSimpleApplication@cd8fda1
----------------- Done invoking toplevel() on ptolemy.moml.MoMLSimpleApplication@cd8fda1
reloadAllAccessors: .PublisherPortSubscriberOpaqueWidthInference
----------------- testing Thu May 10 01:16:15 UTC 2018 /home/travis/build/icyphy/ptII/ptolemy/actor/lib/test/auto/PublisherPortSubscriberPortAdjacent.xml
----------------- Instantiating /home/travis/build/icyphy/ptII/ptolemy/actor/lib/test/auto/PublisherPortSubscriberPortAdjacent.xml
3 ms. Memory: 1129984K Free: 744225K (66%)
----------------- Invoking toplevel() on ptolemy.moml.MoMLSimpleApplication@703d55b5
----------------- Done invoking toplevel() on ptolemy.moml.MoMLSimpleApplication@703d55b5
reloadAllAccessors: .PublisherPortSubscriberPortAdjacent
----------------- testing Thu May 10 01:16:15 UTC 2018 /home/travis/build/icyphy/ptII/ptolemy/actor/lib/test/auto/PublisherPortSubscriberPortExpression.xml
----------------- Instantiating /home/travis/build/icyphy/ptII/ptolemy/actor/lib/test/auto/PublisherPortSubscriberPortExpression.xml
5 ms. Memory: 1129984K Free: 725422K (64%)
----------------- Invoking toplevel() on ptolemy.moml.MoMLSimpleApplication@34c10399
----------------- Done invoking toplevel() on ptolemy.moml.MoMLSimpleApplication@34c10399
reloadAllAccessors: .PublisherPortSubscriberPortExpression
----------------- testing Thu May 10 01:16:15 UTC 2018 /home/travis/build/icyphy/ptII/ptolemy/actor/lib/test/auto/PublisherPortSubscriberPortOpaqueD3Reverse.xml
----------------- Instantiating /home/travis/build/icyphy/ptII/ptolemy/actor/lib/test/auto/PublisherPortSubscriberPortOpaqueD3Reverse.xml
10 ms. Memory: 1129984K Free: 711755K (63%)
----------------- Invoking toplevel() on ptolemy.moml.MoMLSimpleApplication@e09912f
----------------- Done invoking toplevel() on ptolemy.moml.MoMLSimpleApplication@e09912f
reloadAllAccessors: .PublisherPortSubscriberPortOpaqueD3Reverse
----------------- testing Thu May 10 01:16:15 UTC 2018 /home/travis/build/icyphy/ptII/ptolemy/actor/lib/test/auto/PublisherPortSubscriberPortOpaqueWidthInference.xml
----------------- Instantiating /home/travis/build/icyphy/ptII/ptolemy/actor/lib/test/auto/PublisherPortSubscriberPortOpaqueWidthInference.xml
4 ms. Memory: 1129984K Free: 692952K (61%)
----------------- Invoking toplevel() on ptolemy.moml.MoMLSimpleApplication@1f6ed05d
----------------- Done invoking toplevel() on ptolemy.moml.MoMLSimpleApplication@1f6ed05d
reloadAllAccessors: .PublisherPortSubscriberPortOpaqueWidthInference
----------------- testing Thu May 10 01:16:15 UTC 2018 /home/travis/build/icyphy/ptII/ptolemy/actor/lib/test/auto/PublisherPortToplevelSubscriberPortAOC.xml
----------------- Instantiating /home/travis/build/icyphy/ptII/ptolemy/actor/lib/test/auto/PublisherPortToplevelSubscriberPortAOC.xml
.PublisherPortToplevelSubscriberPortAOC.TestExceptionAttribute: initialize() was not invoked, but wrapup() was.  This is unusual, but not always a problem.  For example, exporting JNLP will do this.
1 ms. Memory: 1129984K Free: 679285K (60%)
----------------- Invoking toplevel() on ptolemy.moml.MoMLSimpleApplication@1202002d
----------------- Done invoking toplevel() on ptolemy.moml.MoMLSimpleApplication@1202002d
reloadAllAccessors: .PublisherPortToplevelSubscriberPortAOC
----------------- testing Thu May 10 01:16:15 UTC 2018 /home/travis/build/icyphy/ptII/ptolemy/actor/lib/test/auto/PublisherSubscriber.xml
----------------- Instantiating /home/travis/build/icyphy/ptII/ptolemy/actor/lib/test/auto/PublisherSubscriber.xml
3 ms. Memory: 1129984K Free: 660483K (58%)
----------------- Invoking toplevel() on ptolemy.moml.MoMLSimpleApplication@1e4e02d4
----------------- Done invoking toplevel() on ptolemy.moml.MoMLSimpleApplication@1e4e02d4
reloadAllAccessors: .PublisherSubscriber
----------------- testing Thu May 10 01:16:15 UTC 2018 /home/travis/build/icyphy/ptII/ptolemy/actor/lib/test/auto/PublisherSubscriber10.xml
----------------- Instantiating /home/travis/build/icyphy/ptII/ptolemy/actor/lib/test/auto/PublisherSubscriber10.xml
9 ms. Memory: 1129984K Free: 646816K (57%)
----------------- Invoking toplevel() on ptolemy.moml.MoMLSimpleApplication@2fe1ade0
----------------- Done invoking toplevel() on ptolemy.moml.MoMLSimpleApplication@2fe1ade0
reloadAllAccessors: .PublisherSubscriber10
----------------- testing Thu May 10 01:16:15 UTC 2018 /home/travis/build/icyphy/ptII/ptolemy/actor/lib/test/auto/PublisherSubscriber10InitialOutputs.xml
----------------- Instantiating /home/travis/build/icyphy/ptII/ptolemy/actor/lib/test/auto/PublisherSubscriber10InitialOutputs.xml
5 ms. Memory: 1129984K Free: 628013K (56%)
----------------- Invoking toplevel() on ptolemy.moml.MoMLSimpleApplication@53fea5e5
----------------- Done invoking toplevel() on ptolemy.moml.MoMLSimpleApplication@53fea5e5
reloadAllAccessors: .PublisherSubscriber10InitialOutputs
----------------- testing Thu May 10 01:16:15 UTC 2018 /home/travis/build/icyphy/ptII/ptolemy/actor/lib/test/auto/PublisherSubscriber11.xml
----------------- Instantiating /home/travis/build/icyphy/ptII/ptolemy/actor/lib/test/auto/PublisherSubscriber11.xml
3 ms. Memory: 1129984K Free: 614346K (54%)
----------------- Invoking toplevel() on ptolemy.moml.MoMLSimpleApplication@63fcb33
----------------- Done invoking toplevel() on ptolemy.moml.MoMLSimpleApplication@63fcb33
reloadAllAccessors: .PublisherSubscriber11
----------------- testing Thu May 10 01:16:15 UTC 2018 /home/travis/build/icyphy/ptII/ptolemy/actor/lib/test/auto/PublisherSubscriber12.xml
----------------- Instantiating /home/travis/build/icyphy/ptII/ptolemy/actor/lib/test/auto/PublisherSubscriber12.xml
3 ms. Memory: 1129984K Free: 595544K (53%)
----------------- Invoking toplevel() on ptolemy.moml.MoMLSimpleApplication@39413da2
----------------- Done invoking toplevel() on ptolemy.moml.MoMLSimpleApplication@39413da2
reloadAllAccessors: .PublisherSubscriber12
----------------- testing Thu May 10 01:16:15 UTC 2018 /home/travis/build/icyphy/ptII/ptolemy/actor/lib/test/auto/PublisherSubscriber13.xml
----------------- Instantiating /home/travis/build/icyphy/ptII/ptolemy/actor/lib/test/auto/PublisherSubscriber13.xml
2 ms. Memory: 1129984K Free: 581877K (51%)
----------------- Invoking toplevel() on ptolemy.moml.MoMLSimpleApplication@14c25e6f
----------------- Done invoking toplevel() on ptolemy.moml.MoMLSimpleApplication@14c25e6f
reloadAllAccessors: .PublisherSubscriber13
----------------- testing Thu May 10 01:16:15 UTC 2018 /home/travis/build/icyphy/ptII/ptolemy/actor/lib/test/auto/PublisherSubscriber14.xml
----------------- Instantiating /home/travis/build/icyphy/ptII/ptolemy/actor/lib/test/auto/PublisherSubscriber14.xml
3 ms. Memory: 1129984K Free: 563074K (50%)
----------------- Invoking toplevel() on ptolemy.moml.MoMLSimpleApplication@14236091
----------------- Done invoking toplevel() on ptolemy.moml.MoMLSimpleApplication@14236091
reloadAllAccessors: .PublisherSubscriber14
----------------- testing Thu May 10 01:16:15 UTC 2018 /home/travis/build/icyphy/ptII/ptolemy/actor/lib/test/auto/PublisherSubscriber2.xml
----------------- Instantiating /home/travis/build/icyphy/ptII/ptolemy/actor/lib/test/auto/PublisherSubscriber2.xml
2 ms. Memory: 1129984K Free: 549407K (49%)
----------------- Invoking toplevel() on ptolemy.moml.MoMLSimpleApplication@46a18c7a
----------------- Done invoking toplevel() on ptolemy.moml.MoMLSimpleApplication@46a18c7a
reloadAllAccessors: .PublisherSubscriber2
----------------- testing Thu May 10 01:16:15 UTC 2018 /home/travis/build/icyphy/ptII/ptolemy/actor/lib/test/auto/PublisherSubscriber3.xml
----------------- Instantiating /home/travis/build/icyphy/ptII/ptolemy/actor/lib/test/auto/PublisherSubscriber3.xml
2 ms. Memory: 1129984K Free: 530605K (47%)
----------------- Invoking toplevel() on ptolemy.moml.MoMLSimpleApplication@78f4b2e
----------------- Done invoking toplevel() on ptolemy.moml.MoMLSimpleApplication@78f4b2e
reloadAllAccessors: .PublisherSubscriber3
----------------- testing Thu May 10 01:16:15 UTC 2018 /home/travis/build/icyphy/ptII/ptolemy/actor/lib/test/auto/PublisherSubscriber4.xml
----------------- Instantiating /home/travis/build/icyphy/ptII/ptolemy/actor/lib/test/auto/PublisherSubscriber4.xml
2 ms. Memory: 1129984K Free: 516938K (46%)
----------------- Invoking toplevel() on ptolemy.moml.MoMLSimpleApplication@1d47f323
----------------- Done invoking toplevel() on ptolemy.moml.MoMLSimpleApplication@1d47f323
reloadAllAccessors: .PublisherSubscriber4
----------------- testing Thu May 10 01:16:15 UTC 2018 /home/travis/build/icyphy/ptII/ptolemy/actor/lib/test/auto/PublisherSubscriber5.xml
----------------- Instantiating /home/travis/build/icyphy/ptII/ptolemy/actor/lib/test/auto/PublisherSubscriber5.xml
2 ms. Memory: 1129984K Free: 503271K (45%)
----------------- Invoking toplevel() on ptolemy.moml.MoMLSimpleApplication@787c9294
----------------- Done invoking toplevel() on ptolemy.moml.MoMLSimpleApplication@787c9294
reloadAllAccessors: .PublisherSubscriber5
----------------- testing Thu May 10 01:16:15 UTC 2018 /home/travis/build/icyphy/ptII/ptolemy/actor/lib/test/auto/PublisherSubscriber6.xml
----------------- Instantiating /home/travis/build/icyphy/ptII/ptolemy/actor/lib/test/auto/PublisherSubscriber6.xml
2 ms. Memory: 1129984K Free: 484468K (43%)
----------------- Invoking toplevel() on ptolemy.moml.MoMLSimpleApplication@21f1743f
----------------- Done invoking toplevel() on ptolemy.moml.MoMLSimpleApplication@21f1743f
reloadAllAccessors: .PublisherSubscriber6
----------------- testing Thu May 10 01:16:15 UTC 2018 /home/travis/build/icyphy/ptII/ptolemy/actor/lib/test/auto/PublisherSubscriber7.xml
----------------- Instantiating /home/travis/build/icyphy/ptII/ptolemy/actor/lib/test/auto/PublisherSubscriber7.xml
3 ms. Memory: 1129984K Free: 470801K (42%)
----------------- Invoking toplevel() on ptolemy.moml.MoMLSimpleApplication@565e0b1
----------------- Done invoking toplevel() on ptolemy.moml.MoMLSimpleApplication@565e0b1
reloadAllAccessors: .PublisherSubscriber7
----------------- testing Thu May 10 01:16:15 UTC 2018 /home/travis/build/icyphy/ptII/ptolemy/actor/lib/test/auto/PublisherSubscriber8.xml
----------------- Instantiating /home/travis/build/icyphy/ptII/ptolemy/actor/lib/test/auto/PublisherSubscriber8.xml
20 ms. Memory: 1129984K Free: 383663K (34%)
----------------- Invoking toplevel() on ptolemy.moml.MoMLSimpleApplication@70614fa0
----------------- Done invoking toplevel() on ptolemy.moml.MoMLSimpleApplication@70614fa0
reloadAllAccessors: .PublisherSubscriber8
----------------- testing Thu May 10 01:16:15 UTC 2018 /home/travis/build/icyphy/ptII/ptolemy/actor/lib/test/auto/PublisherSubscriber9.xml
----------------- Instantiating /home/travis/build/icyphy/ptII/ptolemy/actor/lib/test/auto/PublisherSubscriber9.xml
3 ms. Memory: 1129984K Free: 369996K (33%)
----------------- Invoking toplevel() on ptolemy.moml.MoMLSimpleApplication@66e41dc5
----------------- Done invoking toplevel() on ptolemy.moml.MoMLSimpleApplication@66e41dc5
reloadAllAccessors: .PublisherSubscriber9
----------------- testing Thu May 10 01:16:15 UTC 2018 /home/travis/build/icyphy/ptII/ptolemy/actor/lib/test/auto/PublisherSubscriberAdjacent.xml
----------------- Instantiating /home/travis/build/icyphy/ptII/ptolemy/actor/lib/test/auto/PublisherSubscriberAdjacent.xml
2 ms. Memory: 1129984K Free: 344344K (30%)
----------------- Invoking toplevel() on ptolemy.moml.MoMLSimpleApplication@6be3d8fb
----------------- Done invoking toplevel() on ptolemy.moml.MoMLSimpleApplication@6be3d8fb
reloadAllAccessors: .PublisherSubscriberAdjacent
----------------- testing Thu May 10 01:16:15 UTC 2018 /home/travis/build/icyphy/ptII/ptolemy/actor/lib/test/auto/PublisherSubscriberChannelVariablesAOC2.xml
----------------- Instantiating /home/travis/build/icyphy/ptII/ptolemy/actor/lib/test/auto/PublisherSubscriberChannelVariablesAOC2.xml
3 ms. Memory: 1129984K Free: 323828K (29%)
----------------- Invoking toplevel() on ptolemy.moml.MoMLSimpleApplication@16d71132
----------------- Done invoking toplevel() on ptolemy.moml.MoMLSimpleApplication@16d71132
reloadAllAccessors: .PublisherSubscriberChannelVariablesAOC2
----------------- testing Thu May 10 01:16:15 UTC 2018 /home/travis/build/icyphy/ptII/ptolemy/actor/lib/test/auto/PublisherSubscriberD3.xml
----------------- Instantiating /home/travis/build/icyphy/ptII/ptolemy/actor/lib/test/auto/PublisherSubscriberD3.xml
2 ms. Memory: 1129984K Free: 305025K (27%)
----------------- Invoking toplevel() on ptolemy.moml.MoMLSimpleApplication@3410dc1c
----------------- Done invoking toplevel() on ptolemy.moml.MoMLSimpleApplication@3410dc1c
reloadAllAccessors: .PublisherSubscriberD3
----------------- testing Thu May 10 01:16:15 UTC 2018 /home/travis/build/icyphy/ptII/ptolemy/actor/lib/test/auto/PublisherSubscriberD3Reverse.xml
----------------- Instantiating /home/travis/build/icyphy/ptII/ptolemy/actor/lib/test/auto/PublisherSubscriberD3Reverse.xml
2 ms. Memory: 1129984K Free: 291358K (26%)
----------------- Invoking toplevel() on ptolemy.moml.MoMLSimpleApplication@3a47a9fa
----------------- Done invoking toplevel() on ptolemy.moml.MoMLSimpleApplication@3a47a9fa
reloadAllAccessors: .PublisherSubscriberD3Reverse
----------------- testing Thu May 10 01:16:15 UTC 2018 /home/travis/build/icyphy/ptII/ptolemy/actor/lib/test/auto/PublisherSubscriberExpression.xml
----------------- Instantiating /home/travis/build/icyphy/ptII/ptolemy/actor/lib/test/auto/PublisherSubscriberExpression.xml
4 ms. Memory: 1129984K Free: 272555K (24%)
----------------- Invoking toplevel() on ptolemy.moml.MoMLSimpleApplication@5264cebc
----------------- Done invoking toplevel() on ptolemy.moml.MoMLSimpleApplication@5264cebc
reloadAllAccessors: .PublisherSubscriberExpression
----------------- testing Thu May 10 01:16:15 UTC 2018 /home/travis/build/icyphy/ptII/ptolemy/actor/lib/test/auto/PublisherSubscriberOpaque.xml
----------------- Instantiating /home/travis/build/icyphy/ptII/ptolemy/actor/lib/test/auto/PublisherSubscriberOpaque.xml
4 ms. Memory: 1129984K Free: 258888K (23%)
----------------- Invoking toplevel() on ptolemy.moml.MoMLSimpleApplication@5292b150
----------------- Done invoking toplevel() on ptolemy.moml.MoMLSimpleApplication@5292b150
reloadAllAccessors: .PublisherSubscriberOpaque
----------------- testing Thu May 10 01:16:15 UTC 2018 /home/travis/build/icyphy/ptII/ptolemy/actor/lib/test/auto/PublisherSubscriberOpaqueD3.xml
----------------- Instantiating /home/travis/build/icyphy/ptII/ptolemy/actor/lib/test/auto/PublisherSubscriberOpaqueD3.xml
6 ms. Memory: 1129984K Free: 233236K (21%)
----------------- Invoking toplevel() on ptolemy.moml.MoMLSimpleApplication@6208454c
----------------- Done invoking toplevel() on ptolemy.moml.MoMLSimpleApplication@6208454c
reloadAllAccessors: .PublisherSubscriberOpaqueD3
----------------- testing Thu May 10 01:16:15 UTC 2018 /home/travis/build/icyphy/ptII/ptolemy/actor/lib/test/auto/PublisherSubscriberOpaqueD3Reverse.xml
----------------- Instantiating /home/travis/build/icyphy/ptII/ptolemy/actor/lib/test/auto/PublisherSubscriberOpaqueD3Reverse.xml
7 ms. Memory: 1129984K Free: 219569K (19%)
----------------- Invoking toplevel() on ptolemy.moml.MoMLSimpleApplication@4aed7820
----------------- Done invoking toplevel() on ptolemy.moml.MoMLSimpleApplication@4aed7820
reloadAllAccessors: .PublisherSubscriberOpaqueD3Reverse
----------------- testing Thu May 10 01:16:16 UTC 2018 /home/travis/build/icyphy/ptII/ptolemy/actor/lib/test/auto/PublisherSubscriberOpaqueWidthInference.xml
----------------- Instantiating /home/travis/build/icyphy/ptII/ptolemy/actor/lib/test/auto/PublisherSubscriberOpaqueWidthInference.xml
5 ms. Memory: 1129984K Free: 200766K (18%)
----------------- Invoking toplevel() on ptolemy.moml.MoMLSimpleApplication@3359cfae
----------------- Done invoking toplevel() on ptolemy.moml.MoMLSimpleApplication@3359cfae
reloadAllAccessors: .PublisherSubscriberOpaqueWidthInference
----------------- testing Thu May 10 01:16:16 UTC 2018 /home/travis/build/icyphy/ptII/ptolemy/actor/lib/test/auto/PublisherTestSubscriber.xml
----------------- Instantiating /home/travis/build/icyphy/ptII/ptolemy/actor/lib/test/auto/PublisherTestSubscriber.xml
3 ms. Memory: 1129984K Free: 187099K (17%)
----------------- Invoking toplevel() on ptolemy.moml.MoMLSimpleApplication@c801480
----------------- Done invoking toplevel() on ptolemy.moml.MoMLSimpleApplication@c801480
reloadAllAccessors: .PublisherTestSubscriber
----------------- testing Thu May 10 01:16:16 UTC 2018 /home/travis/build/icyphy/ptII/ptolemy/actor/lib/test/auto/PublisherToplevelSubscriberPortAOC.xml
----------------- Instantiating /home/travis/build/icyphy/ptII/ptolemy/actor/lib/test/auto/PublisherToplevelSubscriberPortAOC.xml
3 ms. Memory: 1129984K Free: 168297K (15%)
----------------- Invoking toplevel() on ptolemy.moml.MoMLSimpleApplication@121b15c5
----------------- Done invoking toplevel() on ptolemy.moml.MoMLSimpleApplication@121b15c5
reloadAllAccessors: .PublisherToplevelSubscriberPortAOC
----------------- testing Thu May 10 01:16:16 UTC 2018 /home/travis/build/icyphy/ptII/ptolemy/actor/lib/test/auto/PulseFiringLimitDE.xml
----------------- Instantiating /home/travis/build/icyphy/ptII/ptolemy/actor/lib/test/auto/PulseFiringLimitDE.xml
3 ms. Memory: 1129984K Free: 154630K (14%)
----------------- Invoking toplevel() on ptolemy.moml.MoMLSimpleApplication@4a25e694
----------------- Done invoking toplevel() on ptolemy.moml.MoMLSimpleApplication@4a25e694
reloadAllAccessors: .PulseFiringLimitDE
----------------- testing Thu May 10 01:16:16 UTC 2018 /home/travis/build/icyphy/ptII/ptolemy/actor/lib/test/auto/Ramp1.xml
----------------- Instantiating /home/travis/build/icyphy/ptII/ptolemy/actor/lib/test/auto/Ramp1.xml
2 ms. Memory: 1129984K Free: 135827K (12%)
----------------- Invoking toplevel() on ptolemy.moml.MoMLSimpleApplication@6e7898aa
----------------- Done invoking toplevel() on ptolemy.moml.MoMLSimpleApplication@6e7898aa
reloadAllAccessors: .Ramp1
----------------- testing Thu May 10 01:16:16 UTC 2018 /home/travis/build/icyphy/ptII/ptolemy/actor/lib/test/auto/RampFiringLimitDE.xml
----------------- Instantiating /home/travis/build/icyphy/ptII/ptolemy/actor/lib/test/auto/RampFiringLimitDE.xml
3 ms. Memory: 1129984K Free: 122160K (11%)
----------------- Invoking toplevel() on ptolemy.moml.MoMLSimpleApplication@129f2716
----------------- Done invoking toplevel() on ptolemy.moml.MoMLSimpleApplication@129f2716
reloadAllAccessors: .RampFiringLimitDE
----------------- testing Thu May 10 01:16:16 UTC 2018 /home/travis/build/icyphy/ptII/ptolemy/actor/lib/test/auto/RampFiringLimitSDF.xml
----------------- Instantiating /home/travis/build/icyphy/ptII/ptolemy/actor/lib/test/auto/RampFiringLimitSDF.xml
3 ms. Memory: 1129984K Free: 103358K (9%)
----------------- Invoking toplevel() on ptolemy.moml.MoMLSimpleApplication@51fbd195
----------------- Done invoking toplevel() on ptolemy.moml.MoMLSimpleApplication@51fbd195
reloadAllAccessors: .RampFiringLimitSDF
----------------- testing Thu May 10 01:16:16 UTC 2018 /home/travis/build/icyphy/ptII/ptolemy/actor/lib/test/auto/RandomInteger.xml
----------------- Instantiating /home/travis/build/icyphy/ptII/ptolemy/actor/lib/test/auto/RandomInteger.xml
1 ms. Memory: 1129984K Free: 89691K (8%)
----------------- Invoking toplevel() on ptolemy.moml.MoMLSimpleApplication@11d3dcbf
----------------- Done invoking toplevel() on ptolemy.moml.MoMLSimpleApplication@11d3dcbf
reloadAllAccessors: .RandomInteger
----------------- testing Thu May 10 01:16:16 UTC 2018 /home/travis/build/icyphy/ptII/ptolemy/actor/lib/test/auto/ReadFile1.xml
----------------- Instantiating /home/travis/build/icyphy/ptII/ptolemy/actor/lib/test/auto/ReadFile1.xml
1 ms. Memory: 1129984K Free: 76024K (7%)
----------------- Invoking toplevel() on ptolemy.moml.MoMLSimpleApplication@2644c18a
----------------- Done invoking toplevel() on ptolemy.moml.MoMLSimpleApplication@2644c18a
reloadAllAccessors: .ReadFile1
----------------- testing Thu May 10 01:16:16 UTC 2018 /home/travis/build/icyphy/ptII/ptolemy/actor/lib/test/auto/ReadFile2.xml
----------------- Instantiating /home/travis/build/icyphy/ptII/ptolemy/actor/lib/test/auto/ReadFile2.xml
10 ms. Memory: 1141760K Free: 1094274K (96%)
----------------- Invoking toplevel() on ptolemy.moml.MoMLSimpleApplication@1db26129
----------------- Done invoking toplevel() on ptolemy.moml.MoMLSimpleApplication@1db26129
reloadAllAccessors: .ReadFile2
----------------- testing Thu May 10 01:16:16 UTC 2018 /home/travis/build/icyphy/ptII/ptolemy/actor/lib/test/auto/Reader.xml
----------------- Instantiating /home/travis/build/icyphy/ptII/ptolemy/actor/lib/test/auto/Reader.xml
actor.lib.Reader is obsolete, use actor.lib.io.ExpressionReader instead
4 ms. Memory: 1141760K Free: 1072884K (94%)
----------------- Invoking toplevel() on ptolemy.moml.MoMLSimpleApplication@7f7ce1c7
----------------- Done invoking toplevel() on ptolemy.moml.MoMLSimpleApplication@7f7ce1c7
reloadAllAccessors: .Reader
----------------- testing Thu May 10 01:16:16 UTC 2018 /home/travis/build/icyphy/ptII/ptolemy/actor/lib/test/auto/RecordAssemblerDisplayNameTest.xml
----------------- Instantiating /home/travis/build/icyphy/ptII/ptolemy/actor/lib/test/auto/RecordAssemblerDisplayNameTest.xml
4099 ms. Memory: 1213440K Free: 899025K (74%)
----------------- Invoking toplevel() on ptolemy.moml.MoMLSimpleApplication@118b5ba8
----------------- Done invoking toplevel() on ptolemy.moml.MoMLSimpleApplication@118b5ba8
reloadAllAccessors: .RecordAssemblerDisplayNameTest
----------------- testing Thu May 10 01:16:20 UTC 2018 /home/travis/build/icyphy/ptII/ptolemy/actor/lib/test/auto/RecordAssemblerTypeError.xml
----------------- Instantiating /home/travis/build/icyphy/ptII/ptolemy/actor/lib/test/auto/RecordAssemblerTypeError.xml
5 ms. Memory: 1213440K Free: 875539K (72%)
----------------- Invoking toplevel() on ptolemy.moml.MoMLSimpleApplication@2058f4db
----------------- Done invoking toplevel() on ptolemy.moml.MoMLSimpleApplication@2058f4db
reloadAllAccessors: .RecordAssemblerTypeError
----------------- testing Thu May 10 01:16:20 UTC 2018 /home/travis/build/icyphy/ptII/ptolemy/actor/lib/test/auto/RecordDisassember.xml
----------------- Instantiating /home/travis/build/icyphy/ptII/ptolemy/actor/lib/test/auto/RecordDisassember.xml
3 ms. Memory: 1213440K Free: 861283K (71%)
----------------- Invoking toplevel() on ptolemy.moml.MoMLSimpleApplication@47644d7d
----------------- Done invoking toplevel() on ptolemy.moml.MoMLSimpleApplication@47644d7d
reloadAllAccessors: .RecordDisassember
----------------- testing Thu May 10 01:16:20 UTC 2018 /home/travis/build/icyphy/ptII/ptolemy/actor/lib/test/auto/RecordDisassemberDisplayNameTest.xml
----------------- Instantiating /home/travis/build/icyphy/ptII/ptolemy/actor/lib/test/auto/RecordDisassemberDisplayNameTest.xml
5 ms. Memory: 1213440K Free: 847068K (70%)
----------------- Invoking toplevel() on ptolemy.moml.MoMLSimpleApplication@3e95452e
----------------- Done invoking toplevel() on ptolemy.moml.MoMLSimpleApplication@3e95452e
reloadAllAccessors: .RecordDisassemberDisplayNameTest
----------------- testing Thu May 10 01:16:20 UTC 2018 /home/travis/build/icyphy/ptII/ptolemy/actor/lib/test/auto/RecordDisassembler.xml
----------------- Instantiating /home/travis/build/icyphy/ptII/ptolemy/actor/lib/test/auto/RecordDisassembler.xml
3 ms. Memory: 1213440K Free: 832853K (69%)
----------------- Invoking toplevel() on ptolemy.moml.MoMLSimpleApplication@6d02e908
----------------- Done invoking toplevel() on ptolemy.moml.MoMLSimpleApplication@6d02e908
reloadAllAccessors: .RecordDisassembler
----------------- testing Thu May 10 01:16:20 UTC 2018 /home/travis/build/icyphy/ptII/ptolemy/actor/lib/test/auto/RecordDisassembler2.xml
----------------- Instantiating /home/travis/build/icyphy/ptII/ptolemy/actor/lib/test/auto/RecordDisassembler2.xml
2 ms. Memory: 1213440K Free: 821727K (68%)
----------------- Invoking toplevel() on ptolemy.moml.MoMLSimpleApplication@4c18b54f
----------------- Done invoking toplevel() on ptolemy.moml.MoMLSimpleApplication@4c18b54f
reloadAllAccessors: .RecordDisassembler2
----------------- testing Thu May 10 01:16:20 UTC 2018 /home/travis/build/icyphy/ptII/ptolemy/actor/lib/test/auto/RecordUpdater.xml
----------------- Instantiating /home/travis/build/icyphy/ptII/ptolemy/actor/lib/test/auto/RecordUpdater.xml
2 ms. Memory: 1213440K Free: 807512K (67%)
----------------- Invoking toplevel() on ptolemy.moml.MoMLSimpleApplication@69c05bab
----------------- Done invoking toplevel() on ptolemy.moml.MoMLSimpleApplication@69c05bab
reloadAllAccessors: .RecordUpdater
----------------- testing Thu May 10 01:16:20 UTC 2018 /home/travis/build/icyphy/ptII/ptolemy/actor/lib/test/auto/RecordUpdater2.xml
----------------- Instantiating /home/travis/build/icyphy/ptII/ptolemy/actor/lib/test/auto/RecordUpdater2.xml
2 ms. Memory: 1213440K Free: 793297K (65%)
----------------- Invoking toplevel() on ptolemy.moml.MoMLSimpleApplication@4dffa953
----------------- Done invoking toplevel() on ptolemy.moml.MoMLSimpleApplication@4dffa953
reloadAllAccessors: .RecordUpdater2
----------------- testing Thu May 10 01:16:20 UTC 2018 /home/travis/build/icyphy/ptII/ptolemy/actor/lib/test/auto/RecursiveLattice.xml
----------------- Instantiating /home/travis/build/icyphy/ptII/ptolemy/actor/lib/test/auto/RecursiveLattice.xml
1 ms. Memory: 1213440K Free: 779082K (64%)
----------------- Invoking toplevel() on ptolemy.moml.MoMLSimpleApplication@9e8d868
----------------- Done invoking toplevel() on ptolemy.moml.MoMLSimpleApplication@9e8d868
reloadAllAccessors: .RecursiveLattice
----------------- testing Thu May 10 01:16:20 UTC 2018 /home/travis/build/icyphy/ptII/ptolemy/actor/lib/test/auto/Router.xml
----------------- Instantiating /home/travis/build/icyphy/ptII/ptolemy/actor/lib/test/auto/Router.xml
3004 ms. Memory: 1213440K Free: 759289K (63%)
----------------- Invoking toplevel() on ptolemy.moml.MoMLSimpleApplication@4f573351
----------------- Done invoking toplevel() on ptolemy.moml.MoMLSimpleApplication@4f573351
reloadAllAccessors: .Router
----------------- testing Thu May 10 01:16:23 UTC 2018 /home/travis/build/icyphy/ptII/ptolemy/actor/lib/test/auto/Router2.xml
----------------- Instantiating /home/travis/build/icyphy/ptII/ptolemy/actor/lib/test/auto/Router2.xml
3003 ms. Memory: 1213440K Free: 733940K (60%)
----------------- Invoking toplevel() on ptolemy.moml.MoMLSimpleApplication@76e20546
----------------- Done invoking toplevel() on ptolemy.moml.MoMLSimpleApplication@76e20546
reloadAllAccessors: .Router2
----------------- testing Thu May 10 01:16:26 UTC 2018 /home/travis/build/icyphy/ptII/ptolemy/actor/lib/test/auto/RunningMaximum.xml
----------------- Instantiating /home/travis/build/icyphy/ptII/ptolemy/actor/lib/test/auto/RunningMaximum.xml
2 ms. Memory: 1213440K Free: 722814K (60%)
----------------- Invoking toplevel() on ptolemy.moml.MoMLSimpleApplication@194ba879
----------------- Done invoking toplevel() on ptolemy.moml.MoMLSimpleApplication@194ba879
reloadAllAccessors: .RunningMaximum
----------------- testing Thu May 10 01:16:26 UTC 2018 /home/travis/build/icyphy/ptII/ptolemy/actor/lib/test/auto/RunningMinimum.xml
----------------- Instantiating /home/travis/build/icyphy/ptII/ptolemy/actor/lib/test/auto/RunningMinimum.xml
2 ms. Memory: 1213440K Free: 708600K (58%)
----------------- Invoking toplevel() on ptolemy.moml.MoMLSimpleApplication@685611cd
----------------- Done invoking toplevel() on ptolemy.moml.MoMLSimpleApplication@685611cd
reloadAllAccessors: .RunningMinimum
----------------- testing Thu May 10 01:16:26 UTC 2018 /home/travis/build/icyphy/ptII/ptolemy/actor/lib/test/auto/Scale.xml
----------------- Instantiating /home/travis/build/icyphy/ptII/ptolemy/actor/lib/test/auto/Scale.xml
1 ms. Memory: 1213440K Free: 694385K (57%)
----------------- Invoking toplevel() on ptolemy.moml.MoMLSimpleApplication@32021fd8
----------------- Done invoking toplevel() on ptolemy.moml.MoMLSimpleApplication@32021fd8
reloadAllAccessors: .Scale
----------------- testing Thu May 10 01:16:26 UTC 2018 /home/travis/build/icyphy/ptII/ptolemy/actor/lib/test/auto/Scale2.xml
----------------- Instantiating /home/travis/build/icyphy/ptII/ptolemy/actor/lib/test/auto/Scale2.xml
1 ms. Memory: 1213440K Free: 680170K (56%)
----------------- Invoking toplevel() on ptolemy.moml.MoMLSimpleApplication@30a5ffb2
----------------- Done invoking toplevel() on ptolemy.moml.MoMLSimpleApplication@30a5ffb2
reloadAllAccessors: .Scale2
----------------- testing Thu May 10 01:16:26 UTC 2018 /home/travis/build/icyphy/ptII/ptolemy/actor/lib/test/auto/Scale3.xml
----------------- Instantiating /home/travis/build/icyphy/ptII/ptolemy/actor/lib/test/auto/Scale3.xml
3 ms. Memory: 1213440K Free: 665955K (55%)
----------------- Invoking toplevel() on ptolemy.moml.MoMLSimpleApplication@17955ff9
----------------- Done invoking toplevel() on ptolemy.moml.MoMLSimpleApplication@17955ff9
reloadAllAccessors: .Scale3
----------------- testing Thu May 10 01:16:26 UTC 2018 /home/travis/build/icyphy/ptII/ptolemy/actor/lib/test/auto/ScaleArray.xml
----------------- Instantiating /home/travis/build/icyphy/ptII/ptolemy/actor/lib/test/auto/ScaleArray.xml
2 ms. Memory: 1213440K Free: 654829K (54%)
----------------- Invoking toplevel() on ptolemy.moml.MoMLSimpleApplication@5cac5f68
----------------- Done invoking toplevel() on ptolemy.moml.MoMLSimpleApplication@5cac5f68
reloadAllAccessors: .ScaleArray
----------------- testing Thu May 10 01:16:26 UTC 2018 /home/travis/build/icyphy/ptII/ptolemy/actor/lib/test/auto/ScaleArray2.xml
----------------- Instantiating /home/travis/build/icyphy/ptII/ptolemy/actor/lib/test/auto/ScaleArray2.xml
1 ms. Memory: 1213440K Free: 640615K (53%)
----------------- Invoking toplevel() on ptolemy.moml.MoMLSimpleApplication@63169159
----------------- Done invoking toplevel() on ptolemy.moml.MoMLSimpleApplication@63169159
reloadAllAccessors: .ScaleArray2
----------------- testing Thu May 10 01:16:26 UTC 2018 /home/travis/build/icyphy/ptII/ptolemy/actor/lib/test/auto/ScaleMatrix.xml
----------------- Instantiating /home/travis/build/icyphy/ptII/ptolemy/actor/lib/test/auto/ScaleMatrix.xml
161 ms. Memory: 1213440K Free: 615274K (51%)
----------------- Invoking toplevel() on ptolemy.moml.MoMLSimpleApplication@4171f261
----------------- Done invoking toplevel() on ptolemy.moml.MoMLSimpleApplication@4171f261
reloadAllAccessors: .ScaleMatrix
----------------- testing Thu May 10 01:16:26 UTC 2018 /home/travis/build/icyphy/ptII/ptolemy/actor/lib/test/auto/Select.xml
----------------- Instantiating /home/travis/build/icyphy/ptII/ptolemy/actor/lib/test/auto/Select.xml
3 ms. Memory: 1213440K Free: 601059K (50%)
----------------- Invoking toplevel() on ptolemy.moml.MoMLSimpleApplication@2bf062a1
----------------- Done invoking toplevel() on ptolemy.moml.MoMLSimpleApplication@2bf062a1
reloadAllAccessors: .Select
----------------- testing Thu May 10 01:16:26 UTC 2018 /home/travis/build/icyphy/ptII/ptolemy/actor/lib/test/auto/Select2.xml
----------------- Instantiating /home/travis/build/icyphy/ptII/ptolemy/actor/lib/test/auto/Select2.xml
1 ms. Memory: 1213440K Free: 586844K (48%)
----------------- Invoking toplevel() on ptolemy.moml.MoMLSimpleApplication@78c11248
----------------- Done invoking toplevel() on ptolemy.moml.MoMLSimpleApplication@78c11248
reloadAllAccessors: .Select2
----------------- testing Thu May 10 01:16:26 UTC 2018 /home/travis/build/icyphy/ptII/ptolemy/actor/lib/test/auto/SequenceToArray2.xml
----------------- Instantiating /home/travis/build/icyphy/ptII/ptolemy/actor/lib/test/auto/SequenceToArray2.xml
81 ms. Memory: 1213440K Free: 514510K (42%)
----------------- Invoking toplevel() on ptolemy.moml.MoMLSimpleApplication@5450d34
----------------- Done invoking toplevel() on ptolemy.moml.MoMLSimpleApplication@5450d34
reloadAllAccessors: .SequenceToArray2
----------------- testing Thu May 10 01:16:27 UTC 2018 /home/travis/build/icyphy/ptII/ptolemy/actor/lib/test/auto/SequentialClock.xml
----------------- Instantiating /home/travis/build/icyphy/ptII/ptolemy/actor/lib/test/auto/SequentialClock.xml
1 ms. Memory: 1213440K Free: 500295K (41%)
----------------- Invoking toplevel() on ptolemy.moml.MoMLSimpleApplication@4d0d04f3
----------------- Done invoking toplevel() on ptolemy.moml.MoMLSimpleApplication@4d0d04f3
reloadAllAccessors: .SequentialClock
----------------- testing Thu May 10 01:16:27 UTC 2018 /home/travis/build/icyphy/ptII/ptolemy/actor/lib/test/auto/SetVariable.xml
----------------- Instantiating /home/travis/build/icyphy/ptII/ptolemy/actor/lib/test/auto/SetVariable.xml
3 ms. Memory: 1213440K Free: 486080K (40%)
----------------- Invoking toplevel() on ptolemy.moml.MoMLSimpleApplication@734c336f
----------------- Done invoking toplevel() on ptolemy.moml.MoMLSimpleApplication@734c336f
reloadAllAccessors: .SetVariable
----------------- testing Thu May 10 01:16:27 UTC 2018 /home/travis/build/icyphy/ptII/ptolemy/actor/lib/test/auto/SetVariable2.xml
----------------- Instantiating /home/travis/build/icyphy/ptII/ptolemy/actor/lib/test/auto/SetVariable2.xml
4 ms. Memory: 1213440K Free: 471865K (39%)
----------------- Invoking toplevel() on ptolemy.moml.MoMLSimpleApplication@34f616ea
----------------- Done invoking toplevel() on ptolemy.moml.MoMLSimpleApplication@34f616ea
reloadAllAccessors: .SetVariable2
----------------- testing Thu May 10 01:16:27 UTC 2018 /home/travis/build/icyphy/ptII/ptolemy/actor/lib/test/auto/SetVariable3.xml
----------------- Instantiating /home/travis/build/icyphy/ptII/ptolemy/actor/lib/test/auto/SetVariable3.xml
3 ms. Memory: 1213440K Free: 457650K (38%)
----------------- Invoking toplevel() on ptolemy.moml.MoMLSimpleApplication@30856681
----------------- Done invoking toplevel() on ptolemy.moml.MoMLSimpleApplication@30856681
reloadAllAccessors: .SetVariable3
----------------- testing Thu May 10 01:16:27 UTC 2018 /home/travis/build/icyphy/ptII/ptolemy/actor/lib/test/auto/SetVariable4.xml
----------------- Instantiating /home/travis/build/icyphy/ptII/ptolemy/actor/lib/test/auto/SetVariable4.xml
21 ms. Memory: 1213440K Free: 407584K (34%)
----------------- Invoking toplevel() on ptolemy.moml.MoMLSimpleApplication@552771f6
----------------- Done invoking toplevel() on ptolemy.moml.MoMLSimpleApplication@552771f6
reloadAllAccessors: .SetVariable4
----------------- testing Thu May 10 01:16:27 UTC 2018 /home/travis/build/icyphy/ptII/ptolemy/actor/lib/test/auto/SetVariable5.xml
----------------- Instantiating /home/travis/build/icyphy/ptII/ptolemy/actor/lib/test/auto/SetVariable5.xml
10 ms. Memory: 1213440K Free: 387791K (32%)
----------------- Invoking toplevel() on ptolemy.moml.MoMLSimpleApplication@78f4cbd7
----------------- Done invoking toplevel() on ptolemy.moml.MoMLSimpleApplication@78f4cbd7
reloadAllAccessors: .SetVariable5
----------------- testing Thu May 10 01:16:27 UTC 2018 /home/travis/build/icyphy/ptII/ptolemy/actor/lib/test/auto/Sinewave.xml
----------------- Instantiating /home/travis/build/icyphy/ptII/ptolemy/actor/lib/test/auto/Sinewave.xml
10 ms. Memory: 1213440K Free: 368005K (30%)
----------------- Invoking toplevel() on ptolemy.moml.MoMLSimpleApplication@4c5642d1
----------------- Done invoking toplevel() on ptolemy.moml.MoMLSimpleApplication@4c5642d1
reloadAllAccessors: .Sinewave
----------------- testing Thu May 10 01:16:27 UTC 2018 /home/travis/build/icyphy/ptII/ptolemy/actor/lib/test/auto/Sinewave2.xml
----------------- Instantiating /home/travis/build/icyphy/ptII/ptolemy/actor/lib/test/auto/Sinewave2.xml
5 ms. Memory: 1213440K Free: 353790K (29%)
----------------- Invoking toplevel() on ptolemy.moml.MoMLSimpleApplication@a7e681f
----------------- Done invoking toplevel() on ptolemy.moml.MoMLSimpleApplication@a7e681f
reloadAllAccessors: .Sinewave2
----------------- testing Thu May 10 01:16:27 UTC 2018 /home/travis/build/icyphy/ptII/ptolemy/actor/lib/test/auto/Sinewave3.xml
----------------- Instantiating /home/travis/build/icyphy/ptII/ptolemy/actor/lib/test/auto/Sinewave3.xml
7 ms. Memory: 1213440K Free: 342665K (28%)
----------------- Invoking toplevel() on ptolemy.moml.MoMLSimpleApplication@673e672c
----------------- Done invoking toplevel() on ptolemy.moml.MoMLSimpleApplication@673e672c
reloadAllAccessors: .Sinewave3
----------------- testing Thu May 10 01:16:27 UTC 2018 /home/travis/build/icyphy/ptII/ptolemy/actor/lib/test/auto/SingleEvent.xml
----------------- Instantiating /home/travis/build/icyphy/ptII/ptolemy/actor/lib/test/auto/SingleEvent.xml
1 ms. Memory: 1213440K Free: 328450K (27%)
----------------- Invoking toplevel() on ptolemy.moml.MoMLSimpleApplication@159fdf72
----------------- Done invoking toplevel() on ptolemy.moml.MoMLSimpleApplication@159fdf72
reloadAllAccessors: .SingleEvent
----------------- testing Thu May 10 01:16:27 UTC 2018 /home/travis/build/icyphy/ptII/ptolemy/actor/lib/test/auto/Sleep.xml
----------------- Instantiating /home/travis/build/icyphy/ptII/ptolemy/actor/lib/test/auto/Sleep.xml
6004 ms. Memory: 1213440K Free: 314235K (26%)
----------------- Invoking toplevel() on ptolemy.moml.MoMLSimpleApplication@7dedfbb2
----------------- Done invoking toplevel() on ptolemy.moml.MoMLSimpleApplication@7dedfbb2
reloadAllAccessors: .Sleep
----------------- testing Thu May 10 01:16:33 UTC 2018 /home/travis/build/icyphy/ptII/ptolemy/actor/lib/test/auto/SleepMultipleFire.xml
----------------- Instantiating /home/travis/build/icyphy/ptII/ptolemy/actor/lib/test/auto/SleepMultipleFire.xml
1005 ms. Memory: 1213440K Free: 300020K (25%)
----------------- Invoking toplevel() on ptolemy.moml.MoMLSimpleApplication@6b5eba2c
----------------- Done invoking toplevel() on ptolemy.moml.MoMLSimpleApplication@6b5eba2c
reloadAllAccessors: .SleepMultipleFire
----------------- testing Thu May 10 01:16:34 UTC 2018 /home/travis/build/icyphy/ptII/ptolemy/actor/lib/test/auto/StopDE.xml
----------------- Instantiating /home/travis/build/icyphy/ptII/ptolemy/actor/lib/test/auto/StopDE.xml
3 ms. Memory: 1213440K Free: 285805K (24%)
----------------- Invoking toplevel() on ptolemy.moml.MoMLSimpleApplication@149d90ea
----------------- Done invoking toplevel() on ptolemy.moml.MoMLSimpleApplication@149d90ea
reloadAllAccessors: .StopDE
----------------- testing Thu May 10 01:16:34 UTC 2018 /home/travis/build/icyphy/ptII/ptolemy/actor/lib/test/auto/StopSDF.xml
----------------- Instantiating /home/travis/build/icyphy/ptII/ptolemy/actor/lib/test/auto/StopSDF.xml
2 ms. Memory: 1213440K Free: 274680K (23%)
----------------- Invoking toplevel() on ptolemy.moml.MoMLSimpleApplication@6f105926
----------------- Done invoking toplevel() on ptolemy.moml.MoMLSimpleApplication@6f105926
reloadAllAccessors: .StopSDF
----------------- testing Thu May 10 01:16:34 UTC 2018 /home/travis/build/icyphy/ptII/ptolemy/actor/lib/test/auto/StringConstant.xml
----------------- Instantiating /home/travis/build/icyphy/ptII/ptolemy/actor/lib/test/auto/StringConstant.xml
2 ms. Memory: 1213440K Free: 260465K (21%)
----------------- Invoking toplevel() on ptolemy.moml.MoMLSimpleApplication@66a8f304
----------------- Done invoking toplevel() on ptolemy.moml.MoMLSimpleApplication@66a8f304
reloadAllAccessors: .StringConstant
----------------- testing Thu May 10 01:16:34 UTC 2018 /home/travis/build/icyphy/ptII/ptolemy/actor/lib/test/auto/SubscriberPortInitialValues1.xml
----------------- Instantiating /home/travis/build/icyphy/ptII/ptolemy/actor/lib/test/auto/SubscriberPortInitialValues1.xml
6 ms. Memory: 1213440K Free: 246250K (20%)
----------------- Invoking toplevel() on ptolemy.moml.MoMLSimpleApplication@5f294ec7
----------------- Done invoking toplevel() on ptolemy.moml.MoMLSimpleApplication@5f294ec7
reloadAllAccessors: .SubscriberPortInitialValues1
----------------- testing Thu May 10 01:16:34 UTC 2018 /home/travis/build/icyphy/ptII/ptolemy/actor/lib/test/auto/SubscriberPortInitialValues13.xml
----------------- Instantiating /home/travis/build/icyphy/ptII/ptolemy/actor/lib/test/auto/SubscriberPortInitialValues13.xml
5 ms. Memory: 1213440K Free: 226464K (19%)
----------------- Invoking toplevel() on ptolemy.moml.MoMLSimpleApplication@685d3b5
----------------- Done invoking toplevel() on ptolemy.moml.MoMLSimpleApplication@685d3b5
reloadAllAccessors: .SubscriberPortInitialValues13
----------------- testing Thu May 10 01:16:34 UTC 2018 /home/travis/build/icyphy/ptII/ptolemy/actor/lib/test/auto/SubscriberPortInitialValues14.xml
----------------- Instantiating /home/travis/build/icyphy/ptII/ptolemy/actor/lib/test/auto/SubscriberPortInitialValues14.xml
4 ms. Memory: 1213440K Free: 212250K (17%)
----------------- Invoking toplevel() on ptolemy.moml.MoMLSimpleApplication@4b8c5029
----------------- Done invoking toplevel() on ptolemy.moml.MoMLSimpleApplication@4b8c5029
reloadAllAccessors: .SubscriberPortInitialValues14
----------------- testing Thu May 10 01:16:34 UTC 2018 /home/travis/build/icyphy/ptII/ptolemy/actor/lib/test/auto/SubscriberPortInitialValues2.xml
----------------- Instantiating /home/travis/build/icyphy/ptII/ptolemy/actor/lib/test/auto/SubscriberPortInitialValues2.xml
4 ms. Memory: 1213440K Free: 201124K (17%)
----------------- Invoking toplevel() on ptolemy.moml.MoMLSimpleApplication@2841967f
----------------- Done invoking toplevel() on ptolemy.moml.MoMLSimpleApplication@2841967f
reloadAllAccessors: .SubscriberPortInitialValues2
----------------- testing Thu May 10 01:16:34 UTC 2018 /home/travis/build/icyphy/ptII/ptolemy/actor/lib/test/auto/SubscriberPortInitialValues3.xml
----------------- Instantiating /home/travis/build/icyphy/ptII/ptolemy/actor/lib/test/auto/SubscriberPortInitialValues3.xml
5 ms. Memory: 1213440K Free: 181330K (15%)
----------------- Invoking toplevel() on ptolemy.moml.MoMLSimpleApplication@33140d8d
----------------- Done invoking toplevel() on ptolemy.moml.MoMLSimpleApplication@33140d8d
reloadAllAccessors: .SubscriberPortInitialValues3
----------------- testing Thu May 10 01:16:34 UTC 2018 /home/travis/build/icyphy/ptII/ptolemy/actor/lib/test/auto/SubscriptionAggregator.xml
----------------- Instantiating /home/travis/build/icyphy/ptII/ptolemy/actor/lib/test/auto/SubscriptionAggregator.xml
3 ms. Memory: 1213440K Free: 167115K (14%)
----------------- Invoking toplevel() on ptolemy.moml.MoMLSimpleApplication@35ad1306
----------------- Done invoking toplevel() on ptolemy.moml.MoMLSimpleApplication@35ad1306
reloadAllAccessors: .SubscriptionAggregator
----------------- testing Thu May 10 01:16:34 UTC 2018 /home/travis/build/icyphy/ptII/ptolemy/actor/lib/test/auto/SubscriptionAggregator2.xml
----------------- Instantiating /home/travis/build/icyphy/ptII/ptolemy/actor/lib/test/auto/SubscriptionAggregator2.xml
3 ms. Memory: 1213440K Free: 152900K (13%)
----------------- Invoking toplevel() on ptolemy.moml.MoMLSimpleApplication@4f16c6e1
----------------- Done invoking toplevel() on ptolemy.moml.MoMLSimpleApplication@4f16c6e1
reloadAllAccessors: .SubscriptionAggregator2
----------------- testing Thu May 10 01:16:34 UTC 2018 /home/travis/build/icyphy/ptII/ptolemy/actor/lib/test/auto/SubscriptionAggregator3.xml
----------------- Instantiating /home/travis/build/icyphy/ptII/ptolemy/actor/lib/test/auto/SubscriptionAggregator3.xml
4 ms. Memory: 1213440K Free: 133123K (11%)
----------------- Invoking toplevel() on ptolemy.moml.MoMLSimpleApplication@757b9866
----------------- Done invoking toplevel() on ptolemy.moml.MoMLSimpleApplication@757b9866
reloadAllAccessors: .SubscriptionAggregator3
----------------- testing Thu May 10 01:16:34 UTC 2018 /home/travis/build/icyphy/ptII/ptolemy/actor/lib/test/auto/SubscriptionAggregatorMultiply.xml
----------------- Instantiating /home/travis/build/icyphy/ptII/ptolemy/actor/lib/test/auto/SubscriptionAggregatorMultiply.xml
4 ms. Memory: 1213440K Free: 116418K (10%)
----------------- Invoking toplevel() on ptolemy.moml.MoMLSimpleApplication@f1fc970
----------------- Done invoking toplevel() on ptolemy.moml.MoMLSimpleApplication@f1fc970
reloadAllAccessors: .SubscriptionAggregatorMultiply
----------------- testing Thu May 10 01:16:34 UTC 2018 /home/travis/build/icyphy/ptII/ptolemy/actor/lib/test/auto/SubscriptionAggregatorPortMultiply1.xml
----------------- Instantiating /home/travis/build/icyphy/ptII/ptolemy/actor/lib/test/auto/SubscriptionAggregatorPortMultiply1.xml
4 ms. Memory: 1213440K Free: 102203K (8%)
----------------- Invoking toplevel() on ptolemy.moml.MoMLSimpleApplication@2a33009
----------------- Done invoking toplevel() on ptolemy.moml.MoMLSimpleApplication@2a33009
reloadAllAccessors: .SubscriptionAggregatorPortMultiply1
----------------- testing Thu May 10 01:16:34 UTC 2018 /home/travis/build/icyphy/ptII/ptolemy/actor/lib/test/auto/Switch.xml
----------------- Instantiating /home/travis/build/icyphy/ptII/ptolemy/actor/lib/test/auto/Switch.xml
15 ms. Memory: 1233408K Free: 1178200K (96%)
----------------- Invoking toplevel() on ptolemy.moml.MoMLSimpleApplication@479bccf7
----------------- Done invoking toplevel() on ptolemy.moml.MoMLSimpleApplication@479bccf7
reloadAllAccessors: .Switch
----------------- testing Thu May 10 01:16:34 UTC 2018 /home/travis/build/icyphy/ptII/ptolemy/actor/lib/test/auto/Switch2.xml
----------------- Instantiating /home/travis/build/icyphy/ptII/ptolemy/actor/lib/test/auto/Switch2.xml
1 ms. Memory: 1233408K Free: 1163639K (94%)
----------------- Invoking toplevel() on ptolemy.moml.MoMLSimpleApplication@351d5ace
----------------- Done invoking toplevel() on ptolemy.moml.MoMLSimpleApplication@351d5ace
reloadAllAccessors: .Switch2
----------------- testing Thu May 10 01:16:34 UTC 2018 /home/travis/build/icyphy/ptII/ptolemy/actor/lib/test/auto/SwitchDE.xml
----------------- Instantiating /home/travis/build/icyphy/ptII/ptolemy/actor/lib/test/auto/SwitchDE.xml
2 ms. Memory: 1233408K Free: 1151872K (93%)
----------------- Invoking toplevel() on ptolemy.moml.MoMLSimpleApplication@5befb961
----------------- Done invoking toplevel() on ptolemy.moml.MoMLSimpleApplication@5befb961
reloadAllAccessors: .SwitchDE
----------------- testing Thu May 10 01:16:34 UTC 2018 /home/travis/build/icyphy/ptII/ptolemy/actor/lib/test/auto/SynchronizerDE.xml
----------------- Instantiating /home/travis/build/icyphy/ptII/ptolemy/actor/lib/test/auto/SynchronizerDE.xml
4 ms. Memory: 1233408K Free: 1135618K (92%)
----------------- Invoking toplevel() on ptolemy.moml.MoMLSimpleApplication@356a1d47
----------------- Done invoking toplevel() on ptolemy.moml.MoMLSimpleApplication@356a1d47
reloadAllAccessors: .SynchronizerDE
----------------- testing Thu May 10 01:16:34 UTC 2018 /home/travis/build/icyphy/ptII/ptolemy/actor/lib/test/auto/Test.xml
----------------- Instantiating /home/travis/build/icyphy/ptII/ptolemy/actor/lib/test/auto/Test.xml
2 ms. Memory: 1233408K Free: 1123851K (91%)
----------------- Invoking toplevel() on ptolemy.moml.MoMLSimpleApplication@11e82a94
----------------- Done invoking toplevel() on ptolemy.moml.MoMLSimpleApplication@11e82a94
reloadAllAccessors: .Test
----------------- testing Thu May 10 01:16:34 UTC 2018 /home/travis/build/icyphy/ptII/ptolemy/actor/lib/test/auto/TestExceptionAttribute1.xml
----------------- Instantiating /home/travis/build/icyphy/ptII/ptolemy/actor/lib/test/auto/TestExceptionAttribute1.xml
0 ms. Memory: 1233408K Free: 1112084K (90%)
----------------- Invoking toplevel() on ptolemy.moml.MoMLSimpleApplication@755edc29
----------------- Done invoking toplevel() on ptolemy.moml.MoMLSimpleApplication@755edc29
reloadAllAccessors: .TestExceptionAttribute1
----------------- testing Thu May 10 01:16:34 UTC 2018 /home/travis/build/icyphy/ptII/ptolemy/actor/lib/test/auto/TestExceptionAttribute2.xml
----------------- Instantiating /home/travis/build/icyphy/ptII/ptolemy/actor/lib/test/auto/TestExceptionAttribute2.xml
1 ms. Memory: 1233408K Free: 1100318K (89%)
----------------- Invoking toplevel() on ptolemy.moml.MoMLSimpleApplication@79a660ee
----------------- Done invoking toplevel() on ptolemy.moml.MoMLSimpleApplication@79a660ee
reloadAllAccessors: .TestExceptionAttribute2
----------------- testing Thu May 10 01:16:34 UTC 2018 /home/travis/build/icyphy/ptII/ptolemy/actor/lib/test/auto/TestExceptionAttribute3.xml
----------------- Instantiating /home/travis/build/icyphy/ptII/ptolemy/actor/lib/test/auto/TestExceptionAttribute3.xml
.TestExceptionAttribute3.TestExceptionAttribute: initialize() was not invoked, but wrapup() was.  This is unusual, but not always a problem.  For example, exporting JNLP will do this.
0 ms. Memory: 1233408K Free: 1088551K (88%)
----------------- Invoking toplevel() on ptolemy.moml.MoMLSimpleApplication@7ff8d65a
----------------- Done invoking toplevel() on ptolemy.moml.MoMLSimpleApplication@7ff8d65a
reloadAllAccessors: .TestExceptionAttribute3
----------------- testing Thu May 10 01:16:34 UTC 2018 /home/travis/build/icyphy/ptII/ptolemy/actor/lib/test/auto/TestExceptionAttribute4.xml
----------------- Instantiating /home/travis/build/icyphy/ptII/ptolemy/actor/lib/test/auto/TestExceptionAttribute4.xml
.TestExceptionAttribute4.TestExceptionAttribute: initialize() was not invoked, but wrapup() was.  This is unusual, but not always a problem.  For example, exporting JNLP will do this.
.TestExceptionAttribute4.TestExceptionAttribute2: initialize() was not invoked, but wrapup() was.  This is unusual, but not always a problem.  For example, exporting JNLP will do this.
1 ms. Memory: 1233408K Free: 1079609K (88%)
----------------- Invoking toplevel() on ptolemy.moml.MoMLSimpleApplication@498cb081
----------------- Done invoking toplevel() on ptolemy.moml.MoMLSimpleApplication@498cb081
reloadAllAccessors: .TestExceptionAttribute4
----------------- testing Thu May 10 01:16:34 UTC 2018 /home/travis/build/icyphy/ptII/ptolemy/actor/lib/test/auto/TestExceptionHandler1.xml
----------------- Instantiating /home/travis/build/icyphy/ptII/ptolemy/actor/lib/test/auto/TestExceptionHandler1.xml
0 ms. Memory: 1233408K Free: 1067842K (87%)
----------------- Invoking toplevel() on ptolemy.moml.MoMLSimpleApplication@349891a6
----------------- Done invoking toplevel() on ptolemy.moml.MoMLSimpleApplication@349891a6
reloadAllAccessors: .TestExceptionHandler1
----------------- testing Thu May 10 01:16:34 UTC 2018 /home/travis/build/icyphy/ptII/ptolemy/actor/lib/test/auto/TestExceptionHandler2.xml
----------------- Instantiating /home/travis/build/icyphy/ptII/ptolemy/actor/lib/test/auto/TestExceptionHandler2.xml
1 ms. Memory: 1233408K Free: 1056076K (86%)
----------------- Invoking toplevel() on ptolemy.moml.MoMLSimpleApplication@6a5a277f
----------------- Done invoking toplevel() on ptolemy.moml.MoMLSimpleApplication@6a5a277f
reloadAllAccessors: .TestExceptionHandler2
----------------- testing Thu May 10 01:16:34 UTC 2018 /home/travis/build/icyphy/ptII/ptolemy/actor/lib/test/auto/TestExceptionHandler3.xml
----------------- Instantiating /home/travis/build/icyphy/ptII/ptolemy/actor/lib/test/auto/TestExceptionHandler3.xml
1 ms. Memory: 1233408K Free: 1044309K (85%)
----------------- Invoking toplevel() on ptolemy.moml.MoMLSimpleApplication@661b4773
----------------- Done invoking toplevel() on ptolemy.moml.MoMLSimpleApplication@661b4773
reloadAllAccessors: .TestExceptionHandler3
----------------- testing Thu May 10 01:16:34 UTC 2018 /home/travis/build/icyphy/ptII/ptolemy/actor/lib/test/auto/TestExceptionHandler4.xml
----------------- Instantiating /home/travis/build/icyphy/ptII/ptolemy/actor/lib/test/auto/TestExceptionHandler4.xml
0 ms. Memory: 1233408K Free: 1032542K (84%)
----------------- Invoking toplevel() on ptolemy.moml.MoMLSimpleApplication@4eb95e6
----------------- Done invoking toplevel() on ptolemy.moml.MoMLSimpleApplication@4eb95e6
reloadAllAccessors: .TestExceptionHandler4
----------------- testing Thu May 10 01:16:34 UTC 2018 /home/travis/build/icyphy/ptII/ptolemy/actor/lib/test/auto/TestRequireCorrectOrder.xml
----------------- Instantiating /home/travis/build/icyphy/ptII/ptolemy/actor/lib/test/auto/TestRequireCorrectOrder.xml
4 ms. Memory: 1233408K Free: 1020775K (83%)
----------------- Invoking toplevel() on ptolemy.moml.MoMLSimpleApplication@547d5189
----------------- Done invoking toplevel() on ptolemy.moml.MoMLSimpleApplication@547d5189
reloadAllAccessors: .TestRequireCorrectOrder
----------------- testing Thu May 10 01:16:34 UTC 2018 /home/travis/build/icyphy/ptII/ptolemy/actor/lib/test/auto/TestSimple.xml
----------------- Instantiating /home/travis/build/icyphy/ptII/ptolemy/actor/lib/test/auto/TestSimple.xml
1 ms. Memory: 1233408K Free: 1009008K (82%)
----------------- Invoking toplevel() on ptolemy.moml.MoMLSimpleApplication@197e8606
----------------- Done invoking toplevel() on ptolemy.moml.MoMLSimpleApplication@197e8606
reloadAllAccessors: .TestSimple
----------------- testing Thu May 10 01:16:34 UTC 2018 /home/travis/build/icyphy/ptII/ptolemy/actor/lib/test/auto/ThrowModelError.xml
----------------- Instantiating /home/travis/build/icyphy/ptII/ptolemy/actor/lib/test/auto/ThrowModelError.xml
2 ms. Memory: 1233408K Free: 997241K (81%)
----------------- Invoking toplevel() on ptolemy.moml.MoMLSimpleApplication@5687dc59
----------------- Done invoking toplevel() on ptolemy.moml.MoMLSimpleApplication@5687dc59
reloadAllAccessors: .ThrowModelError
----------------- testing Thu May 10 01:16:34 UTC 2018 /home/travis/build/icyphy/ptII/ptolemy/actor/lib/test/auto/TimeDelayMicrosteps.xml
----------------- Instantiating /home/travis/build/icyphy/ptII/ptolemy/actor/lib/test/auto/TimeDelayMicrosteps.xml
3 ms. Memory: 1233408K Free: 985474K (80%)
----------------- Invoking toplevel() on ptolemy.moml.MoMLSimpleApplication@4075dd7f
----------------- Done invoking toplevel() on ptolemy.moml.MoMLSimpleApplication@4075dd7f
reloadAllAccessors: .TimeDelayMicrosteps
----------------- testing Thu May 10 01:16:34 UTC 2018 /home/travis/build/icyphy/ptII/ptolemy/actor/lib/test/auto/TimeDelayMicrosteps2.xml
----------------- Instantiating /home/travis/build/icyphy/ptII/ptolemy/actor/lib/test/auto/TimeDelayMicrosteps2.xml
3 ms. Memory: 1233408K Free: 972054K (79%)
----------------- Invoking toplevel() on ptolemy.moml.MoMLSimpleApplication@37172018
----------------- Done invoking toplevel() on ptolemy.moml.MoMLSimpleApplication@37172018
reloadAllAccessors: .TimeDelayMicrosteps2
----------------- testing Thu May 10 01:16:34 UTC 2018 /home/travis/build/icyphy/ptII/ptolemy/actor/lib/test/auto/TimeDelayMicrosteps3.xml
----------------- Instantiating /home/travis/build/icyphy/ptII/ptolemy/actor/lib/test/auto/TimeDelayMicrosteps3.xml
3 ms. Memory: 1233408K Free: 960287K (78%)
----------------- Invoking toplevel() on ptolemy.moml.MoMLSimpleApplication@73c954a6
----------------- Done invoking toplevel() on ptolemy.moml.MoMLSimpleApplication@73c954a6
reloadAllAccessors: .TimeDelayMicrosteps3
----------------- testing Thu May 10 01:16:34 UTC 2018 /home/travis/build/icyphy/ptII/ptolemy/actor/lib/test/auto/TimeDelayVariableMicrosteps.xml
----------------- Instantiating /home/travis/build/icyphy/ptII/ptolemy/actor/lib/test/auto/TimeDelayVariableMicrosteps.xml
3 ms. Memory: 1233408K Free: 948520K (77%)
----------------- Invoking toplevel() on ptolemy.moml.MoMLSimpleApplication@3514721
----------------- Done invoking toplevel() on ptolemy.moml.MoMLSimpleApplication@3514721
reloadAllAccessors: .TimeDelayVariableMicrosteps
----------------- testing Thu May 10 01:16:35 UTC 2018 /home/travis/build/icyphy/ptII/ptolemy/actor/lib/test/auto/TimeGap.xml
----------------- Instantiating /home/travis/build/icyphy/ptII/ptolemy/actor/lib/test/auto/TimeGap.xml
4 ms. Memory: 1233408K Free: 936752K (76%)
----------------- Invoking toplevel() on ptolemy.moml.MoMLSimpleApplication@a1a55a7
----------------- Done invoking toplevel() on ptolemy.moml.MoMLSimpleApplication@a1a55a7
reloadAllAccessors: .TimeGap
----------------- testing Thu May 10 01:16:35 UTC 2018 /home/travis/build/icyphy/ptII/ptolemy/actor/lib/test/auto/TimeGap2.xml
----------------- Instantiating /home/travis/build/icyphy/ptII/ptolemy/actor/lib/test/auto/TimeGap2.xml
2 ms. Memory: 1233408K Free: 924985K (75%)
----------------- Invoking toplevel() on ptolemy.moml.MoMLSimpleApplication@35cb2b5d
----------------- Done invoking toplevel() on ptolemy.moml.MoMLSimpleApplication@35cb2b5d
reloadAllAccessors: .TimeGap2
----------------- testing Thu May 10 01:16:35 UTC 2018 /home/travis/build/icyphy/ptII/ptolemy/actor/lib/test/auto/TimedSinewave.xml
----------------- Instantiating /home/travis/build/icyphy/ptII/ptolemy/actor/lib/test/auto/TimedSinewave.xml
30 ms. Memory: 1233408K Free: 904260K (73%)
----------------- Invoking toplevel() on ptolemy.moml.MoMLSimpleApplication@32e67bd9
----------------- Done invoking toplevel() on ptolemy.moml.MoMLSimpleApplication@32e67bd9
reloadAllAccessors: .TimedSinewave
----------------- testing Thu May 10 01:16:35 UTC 2018 /home/travis/build/icyphy/ptII/ptolemy/actor/lib/test/auto/TimedSinewavePhase.xml
----------------- Instantiating /home/travis/build/icyphy/ptII/ptolemy/actor/lib/test/auto/TimedSinewavePhase.xml
11 ms. Memory: 1233408K Free: 888023K (72%)
----------------- Invoking toplevel() on ptolemy.moml.MoMLSimpleApplication@3ec8f2a
----------------- Done invoking toplevel() on ptolemy.moml.MoMLSimpleApplication@3ec8f2a
reloadAllAccessors: .TimedSinewavePhase
----------------- testing Thu May 10 01:16:35 UTC 2018 /home/travis/build/icyphy/ptII/ptolemy/actor/lib/test/auto/Timer.xml
----------------- Instantiating /home/travis/build/icyphy/ptII/ptolemy/actor/lib/test/auto/Timer.xml
2 ms. Memory: 1233408K Free: 876256K (71%)
----------------- Invoking toplevel() on ptolemy.moml.MoMLSimpleApplication@6bfcc1d4
----------------- Done invoking toplevel() on ptolemy.moml.MoMLSimpleApplication@6bfcc1d4
reloadAllAccessors: .Timer
----------------- testing Thu May 10 01:16:35 UTC 2018 /home/travis/build/icyphy/ptII/ptolemy/actor/lib/test/auto/TriangularDistTestModel.xml
----------------- Instantiating /home/travis/build/icyphy/ptII/ptolemy/actor/lib/test/auto/TriangularDistTestModel.xml
2 ms. Memory: 1233408K Free: 867314K (70%)
----------------- Invoking toplevel() on ptolemy.moml.MoMLSimpleApplication@5b1398b8
----------------- Done invoking toplevel() on ptolemy.moml.MoMLSimpleApplication@5b1398b8
reloadAllAccessors: .TriangularDistTestModel
----------------- testing Thu May 10 01:16:35 UTC 2018 /home/travis/build/icyphy/ptII/ptolemy/actor/lib/test/auto/TrigFunction.xml
----------------- Instantiating /home/travis/build/icyphy/ptII/ptolemy/actor/lib/test/auto/TrigFunction.xml
2 ms. Memory: 1233408K Free: 855548K (69%)
----------------- Invoking toplevel() on ptolemy.moml.MoMLSimpleApplication@52342f33
----------------- Done invoking toplevel() on ptolemy.moml.MoMLSimpleApplication@52342f33
reloadAllAccessors: .TrigFunction
----------------- testing Thu May 10 01:16:35 UTC 2018 /home/travis/build/icyphy/ptII/ptolemy/actor/lib/test/auto/TrigFunctionDE.xml
----------------- Instantiating /home/travis/build/icyphy/ptII/ptolemy/actor/lib/test/auto/TrigFunctionDE.xml
6 ms. Memory: 1233408K Free: 843780K (68%)
----------------- Invoking toplevel() on ptolemy.moml.MoMLSimpleApplication@6d33d901
----------------- Done invoking toplevel() on ptolemy.moml.MoMLSimpleApplication@6d33d901
reloadAllAccessors: .TrigFunctionDE
----------------- testing Thu May 10 01:16:35 UTC 2018 /home/travis/build/icyphy/ptII/ptolemy/actor/lib/test/auto/TrigFunctionInverse.xml
----------------- Instantiating /home/travis/build/icyphy/ptII/ptolemy/actor/lib/test/auto/TrigFunctionInverse.xml
2 ms. Memory: 1233408K Free: 832014K (67%)
----------------- Invoking toplevel() on ptolemy.moml.MoMLSimpleApplication@5efb26a6
----------------- Done invoking toplevel() on ptolemy.moml.MoMLSimpleApplication@5efb26a6
reloadAllAccessors: .TrigFunctionInverse
----------------- testing Thu May 10 01:16:35 UTC 2018 /home/travis/build/icyphy/ptII/ptolemy/actor/lib/test/auto/TrigFunctionTan.xml
----------------- Instantiating /home/travis/build/icyphy/ptII/ptolemy/actor/lib/test/auto/TrigFunctionTan.xml
2 ms. Memory: 1233408K Free: 820247K (67%)
----------------- Invoking toplevel() on ptolemy.moml.MoMLSimpleApplication@7dcbdafb
----------------- Done invoking toplevel() on ptolemy.moml.MoMLSimpleApplication@7dcbdafb
reloadAllAccessors: .TrigFunctionTan
----------------- testing Thu May 10 01:16:35 UTC 2018 /home/travis/build/icyphy/ptII/ptolemy/actor/lib/test/auto/TriggeredClock.xml
----------------- Instantiating /home/travis/build/icyphy/ptII/ptolemy/actor/lib/test/auto/TriggeredClock.xml
1 ms. Memory: 1233408K Free: 808480K (66%)
----------------- Invoking toplevel() on ptolemy.moml.MoMLSimpleApplication@35879ca6
----------------- Done invoking toplevel() on ptolemy.moml.MoMLSimpleApplication@35879ca6
reloadAllAccessors: .TriggeredClock
----------------- testing Thu May 10 01:16:35 UTC 2018 /home/travis/build/icyphy/ptII/ptolemy/actor/lib/test/auto/URLDirectoryReader.xml
----------------- Instantiating /home/travis/build/icyphy/ptII/ptolemy/actor/lib/test/auto/URLDirectoryReader.xml
43 ms. Memory: 1233408K Free: 792242K (64%)
----------------- Invoking toplevel() on ptolemy.moml.MoMLSimpleApplication@f405afb
----------------- Done invoking toplevel() on ptolemy.moml.MoMLSimpleApplication@f405afb
reloadAllAccessors: .URLDirectoryReader
----------------- testing Thu May 10 01:16:35 UTC 2018 /home/travis/build/icyphy/ptII/ptolemy/actor/lib/test/auto/URLDirectoryReader3.xml
----------------- Instantiating /home/travis/build/icyphy/ptII/ptolemy/actor/lib/test/auto/URLDirectoryReader3.xml
1198 ms. Memory: 1233408K Free: 749179K (61%)
----------------- Invoking toplevel() on ptolemy.moml.MoMLSimpleApplication@4596ad4e
----------------- Done invoking toplevel() on ptolemy.moml.MoMLSimpleApplication@4596ad4e
reloadAllAccessors: .URLDirectoryReader3
----------------- testing Thu May 10 01:16:36 UTC 2018 /home/travis/build/icyphy/ptII/ptolemy/actor/lib/test/auto/UnaryMathFunction.xml
----------------- Instantiating /home/travis/build/icyphy/ptII/ptolemy/actor/lib/test/auto/UnaryMathFunction.xml
7 ms. Memory: 1233408K Free: 732926K (59%)
----------------- Invoking toplevel() on ptolemy.moml.MoMLSimpleApplication@2c65c239
----------------- Done invoking toplevel() on ptolemy.moml.MoMLSimpleApplication@2c65c239
reloadAllAccessors: .UnaryMathFunction
----------------- testing Thu May 10 01:16:36 UTC 2018 /home/travis/build/icyphy/ptII/ptolemy/actor/lib/test/auto/Uniform.xml
----------------- Instantiating /home/travis/build/icyphy/ptII/ptolemy/actor/lib/test/auto/Uniform.xml
10 ms. Memory: 1233408K Free: 723984K (59%)
----------------- Invoking toplevel() on ptolemy.moml.MoMLSimpleApplication@53f1ca42
----------------- Done invoking toplevel() on ptolemy.moml.MoMLSimpleApplication@53f1ca42
reloadAllAccessors: .Uniform
----------------- testing Thu May 10 01:16:36 UTC 2018 /home/travis/build/icyphy/ptII/ptolemy/actor/lib/test/auto/UnionDisassemblerTest.xml
----------------- Instantiating /home/travis/build/icyphy/ptII/ptolemy/actor/lib/test/auto/UnionDisassemblerTest.xml
13 ms. Memory: 1233408K Free: 712217K (58%)
----------------- Invoking toplevel() on ptolemy.moml.MoMLSimpleApplication@f9a7166
----------------- Done invoking toplevel() on ptolemy.moml.MoMLSimpleApplication@f9a7166
reloadAllAccessors: .UnionDisassemblerTest
----------------- testing Thu May 10 01:16:37 UTC 2018 /home/travis/build/icyphy/ptII/ptolemy/actor/lib/test/auto/UtilityFunctions.xml
----------------- Instantiating /home/travis/build/icyphy/ptII/ptolemy/actor/lib/test/auto/UtilityFunctions.xml
9 ms. Memory: 1233408K Free: 700451K (57%)
----------------- Invoking toplevel() on ptolemy.moml.MoMLSimpleApplication@6b12b6a
----------------- Done invoking toplevel() on ptolemy.moml.MoMLSimpleApplication@6b12b6a
reloadAllAccessors: .UtilityFunctions
----------------- testing Thu May 10 01:16:37 UTC 2018 /home/travis/build/icyphy/ptII/ptolemy/actor/lib/test/auto/VariableSleep.xml
----------------- Instantiating /home/travis/build/icyphy/ptII/ptolemy/actor/lib/test/auto/VariableSleep.xml
511 ms. Memory: 1233408K Free: 688684K (56%)
----------------- Invoking toplevel() on ptolemy.moml.MoMLSimpleApplication@6cb1f0b2
----------------- Done invoking toplevel() on ptolemy.moml.MoMLSimpleApplication@6cb1f0b2
reloadAllAccessors: .VariableSleep
----------------- testing Thu May 10 01:16:37 UTC 2018 /home/travis/build/icyphy/ptII/ptolemy/actor/lib/test/auto/VectorAssemblerDisassemblerCT.xml
----------------- Instantiating /home/travis/build/icyphy/ptII/ptolemy/actor/lib/test/auto/VectorAssemblerDisassemblerCT.xml
63 ms. Memory: 1233408K Free: 659017K (53%)
----------------- Invoking toplevel() on ptolemy.moml.MoMLSimpleApplication@3a9cebdb
----------------- Done invoking toplevel() on ptolemy.moml.MoMLSimpleApplication@3a9cebdb
reloadAllAccessors: .VectorAssemblerDisassemblerCT
----------------- testing Thu May 10 01:16:37 UTC 2018 /home/travis/build/icyphy/ptII/ptolemy/actor/lib/test/auto/VectorAssemblerDisassemblerDE.xml
----------------- Instantiating /home/travis/build/icyphy/ptII/ptolemy/actor/lib/test/auto/VectorAssemblerDisassemblerDE.xml
3 ms. Memory: 1233408K Free: 642779K (52%)
----------------- Invoking toplevel() on ptolemy.moml.MoMLSimpleApplication@7df82ede
----------------- Done invoking toplevel() on ptolemy.moml.MoMLSimpleApplication@7df82ede
reloadAllAccessors: .VectorAssemblerDisassemblerDE
----------------- testing Thu May 10 01:16:37 UTC 2018 /home/travis/build/icyphy/ptII/ptolemy/actor/lib/test/auto/VectorAssemblerDisassemblerSDF.xml
----------------- Instantiating /home/travis/build/icyphy/ptII/ptolemy/actor/lib/test/auto/VectorAssemblerDisassemblerSDF.xml
3 ms. Memory: 1233408K Free: 631012K (51%)
----------------- Invoking toplevel() on ptolemy.moml.MoMLSimpleApplication@736cf8e
----------------- Done invoking toplevel() on ptolemy.moml.MoMLSimpleApplication@736cf8e
reloadAllAccessors: .VectorAssemblerDisassemblerSDF
----------------- testing Thu May 10 01:16:37 UTC 2018 /home/travis/build/icyphy/ptII/ptolemy/actor/lib/test/auto/WallClockTime.xml
----------------- Instantiating /home/travis/build/icyphy/ptII/ptolemy/actor/lib/test/auto/WallClockTime.xml
1004 ms. Memory: 1233408K Free: 619246K (50%)
----------------- Invoking toplevel() on ptolemy.moml.MoMLSimpleApplication@54339705
----------------- Done invoking toplevel() on ptolemy.moml.MoMLSimpleApplication@54339705
reloadAllAccessors: .WallClockTime
----------------- testing Thu May 10 01:16:38 UTC 2018 /home/travis/build/icyphy/ptII/ptolemy/actor/lib/test/auto/WidthTestWithSubscriberPublisher.xml
----------------- Instantiating /home/travis/build/icyphy/ptII/ptolemy/actor/lib/test/auto/WidthTestWithSubscriberPublisher.xml
6 ms. Memory: 1233408K Free: 594050K (48%)
----------------- Invoking toplevel() on ptolemy.moml.MoMLSimpleApplication@39256d54
----------------- Done invoking toplevel() on ptolemy.moml.MoMLSimpleApplication@39256d54
reloadAllAccessors: .WidthTestWithSubscriberPublisher
----------------- testing Thu May 10 01:16:38 UTC 2018 /home/travis/build/icyphy/ptII/ptolemy/actor/lib/test/auto/WidthTestWithSubscriberPublisher2.xml
----------------- Instantiating /home/travis/build/icyphy/ptII/ptolemy/actor/lib/test/auto/WidthTestWithSubscriberPublisher2.xml
3 ms. Memory: 1233408K Free: 585108K (47%)
----------------- Invoking toplevel() on ptolemy.moml.MoMLSimpleApplication@41fc1ee5
----------------- Done invoking toplevel() on ptolemy.moml.MoMLSimpleApplication@41fc1ee5
reloadAllAccessors: .WidthTestWithSubscriberPublisher2
----------------- testing Thu May 10 01:16:38 UTC 2018 /home/travis/build/icyphy/ptII/ptolemy/actor/lib/test/auto/WidthTestWithSubscriberPublisher3.xml
----------------- Instantiating /home/travis/build/icyphy/ptII/ptolemy/actor/lib/test/auto/WidthTestWithSubscriberPublisher3.xml
2 ms. Memory: 1233408K Free: 573341K (46%)
----------------- Invoking toplevel() on ptolemy.moml.MoMLSimpleApplication@179c36cb
----------------- Done invoking toplevel() on ptolemy.moml.MoMLSimpleApplication@179c36cb
reloadAllAccessors: .WidthTestWithSubscriberPublisher3
----------------- testing Thu May 10 01:16:38 UTC 2018 /home/travis/build/icyphy/ptII/ptolemy/actor/lib/test/auto/Writer.xml
----------------- Instantiating /home/travis/build/icyphy/ptII/ptolemy/actor/lib/test/auto/Writer.xml
0
1
2
3
4
2 ms. Memory: 1233408K Free: 561574K (46%)
----------------- Invoking toplevel() on ptolemy.moml.MoMLSimpleApplication@6fcbed08
----------------- Done invoking toplevel() on ptolemy.moml.MoMLSimpleApplication@6fcbed08
reloadAllAccessors: .Writer
----------------- testing Thu May 10 01:16:38 UTC 2018 /home/travis/build/icyphy/ptII/ptolemy/actor/lib/test/auto/array.xml
----------------- Instantiating /home/travis/build/icyphy/ptII/ptolemy/actor/lib/test/auto/array.xml
3 ms. Memory: 1233408K Free: 549807K (45%)
----------------- Invoking toplevel() on ptolemy.moml.MoMLSimpleApplication@5bb7ba63
----------------- Done invoking toplevel() on ptolemy.moml.MoMLSimpleApplication@5bb7ba63
reloadAllAccessors: .array
----------------- testing Thu May 10 01:16:38 UTC 2018 /home/travis/build/icyphy/ptII/ptolemy/actor/lib/test/auto/array2.xml
----------------- Instantiating /home/travis/build/icyphy/ptII/ptolemy/actor/lib/test/auto/array2.xml
6 ms. Memory: 1233408K Free: 538040K (44%)
----------------- Invoking toplevel() on ptolemy.moml.MoMLSimpleApplication@27304e57
----------------- Done invoking toplevel() on ptolemy.moml.MoMLSimpleApplication@27304e57
reloadAllAccessors: .array2
----------------- testing Thu May 10 01:16:38 UTC 2018 /home/travis/build/icyphy/ptII/ptolemy/actor/lib/test/auto/arrayType.xml
----------------- Instantiating /home/travis/build/icyphy/ptII/ptolemy/actor/lib/test/auto/arrayType.xml
1 ms. Memory: 1233408K Free: 526274K (43%)
----------------- Invoking toplevel() on ptolemy.moml.MoMLSimpleApplication@393ab40
----------------- Done invoking toplevel() on ptolemy.moml.MoMLSimpleApplication@393ab40
reloadAllAccessors: .arrayType
----------------- testing Thu May 10 01:16:38 UTC 2018 /home/travis/build/icyphy/ptII/ptolemy/actor/lib/test/auto/arrayType10.xml
----------------- Instantiating /home/travis/build/icyphy/ptII/ptolemy/actor/lib/test/auto/arrayType10.xml
1 ms. Memory: 1233408K Free: 514507K (42%)
----------------- Invoking toplevel() on ptolemy.moml.MoMLSimpleApplication@1b68be90
----------------- Done invoking toplevel() on ptolemy.moml.MoMLSimpleApplication@1b68be90
reloadAllAccessors: .arrayType10
----------------- testing Thu May 10 01:16:38 UTC 2018 /home/travis/build/icyphy/ptII/ptolemy/actor/lib/test/auto/arrayType11.xml
----------------- Instantiating /home/travis/build/icyphy/ptII/ptolemy/actor/lib/test/auto/arrayType11.xml
2 ms. Memory: 1233408K Free: 502740K (41%)
----------------- Invoking toplevel() on ptolemy.moml.MoMLSimpleApplication@334c0374
----------------- Done invoking toplevel() on ptolemy.moml.MoMLSimpleApplication@334c0374
reloadAllAccessors: .arrayType11
----------------- testing Thu May 10 01:16:38 UTC 2018 /home/travis/build/icyphy/ptII/ptolemy/actor/lib/test/auto/arrayType12.xml
----------------- Instantiating /home/travis/build/icyphy/ptII/ptolemy/actor/lib/test/auto/arrayType12.xml
2 ms. Memory: 1233408K Free: 490973K (40%)
----------------- Invoking toplevel() on ptolemy.moml.MoMLSimpleApplication@10cb212f
----------------- Done invoking toplevel() on ptolemy.moml.MoMLSimpleApplication@10cb212f
reloadAllAccessors: .arrayType12
----------------- testing Thu May 10 01:16:39 UTC 2018 /home/travis/build/icyphy/ptII/ptolemy/actor/lib/test/auto/arrayType13.xml
----------------- Instantiating /home/travis/build/icyphy/ptII/ptolemy/actor/lib/test/auto/arrayType13.xml
1 ms. Memory: 1233408K Free: 482032K (39%)
----------------- Invoking toplevel() on ptolemy.moml.MoMLSimpleApplication@640f4d86
----------------- Done invoking toplevel() on ptolemy.moml.MoMLSimpleApplication@640f4d86
reloadAllAccessors: .arrayType13
----------------- testing Thu May 10 01:16:39 UTC 2018 /home/travis/build/icyphy/ptII/ptolemy/actor/lib/test/auto/arrayType14.xml
----------------- Instantiating /home/travis/build/icyphy/ptII/ptolemy/actor/lib/test/auto/arrayType14.xml
2 ms. Memory: 1233408K Free: 470265K (38%)
----------------- Invoking toplevel() on ptolemy.moml.MoMLSimpleApplication@2de8a5a2
----------------- Done invoking toplevel() on ptolemy.moml.MoMLSimpleApplication@2de8a5a2
reloadAllAccessors: .arrayType14
----------------- testing Thu May 10 01:16:39 UTC 2018 /home/travis/build/icyphy/ptII/ptolemy/actor/lib/test/auto/arrayType15.xml
----------------- Instantiating /home/travis/build/icyphy/ptII/ptolemy/actor/lib/test/auto/arrayType15.xml
7 ms. Memory: 1233408K Free: 458498K (37%)
----------------- Invoking toplevel() on ptolemy.moml.MoMLSimpleApplication@3aaa5e52
----------------- Done invoking toplevel() on ptolemy.moml.MoMLSimpleApplication@3aaa5e52
reloadAllAccessors: .arrayType15
----------------- testing Thu May 10 01:16:39 UTC 2018 /home/travis/build/icyphy/ptII/ptolemy/actor/lib/test/auto/arrayType16.xml
----------------- Instantiating /home/travis/build/icyphy/ptII/ptolemy/actor/lib/test/auto/arrayType16.xml
3 ms. Memory: 1233408K Free: 446731K (36%)
----------------- Invoking toplevel() on ptolemy.moml.MoMLSimpleApplication@48e4ff42
----------------- Done invoking toplevel() on ptolemy.moml.MoMLSimpleApplication@48e4ff42
reloadAllAccessors: .arrayType16
----------------- testing Thu May 10 01:16:39 UTC 2018 /home/travis/build/icyphy/ptII/ptolemy/actor/lib/test/auto/arrayType17.xml
----------------- Instantiating /home/travis/build/icyphy/ptII/ptolemy/actor/lib/test/auto/arrayType17.xml
2 ms. Memory: 1233408K Free: 434964K (35%)
----------------- Invoking toplevel() on ptolemy.moml.MoMLSimpleApplication@54262c21
----------------- Done invoking toplevel() on ptolemy.moml.MoMLSimpleApplication@54262c21
reloadAllAccessors: .arrayType17
----------------- testing Thu May 10 01:16:39 UTC 2018 /home/travis/build/icyphy/ptII/ptolemy/actor/lib/test/auto/arrayType18.xml
----------------- Instantiating /home/travis/build/icyphy/ptII/ptolemy/actor/lib/test/auto/arrayType18.xml
1 ms. Memory: 1233408K Free: 423198K (34%)
----------------- Invoking toplevel() on ptolemy.moml.MoMLSimpleApplication@67697bd7
----------------- Done invoking toplevel() on ptolemy.moml.MoMLSimpleApplication@67697bd7
reloadAllAccessors: .arrayType18
----------------- testing Thu May 10 01:16:39 UTC 2018 /home/travis/build/icyphy/ptII/ptolemy/actor/lib/test/auto/arrayType19.xml
----------------- Instantiating /home/travis/build/icyphy/ptII/ptolemy/actor/lib/test/auto/arrayType19.xml
1 ms. Memory: 1233408K Free: 411431K (33%)
----------------- Invoking toplevel() on ptolemy.moml.MoMLSimpleApplication@2de89763
----------------- Done invoking toplevel() on ptolemy.moml.MoMLSimpleApplication@2de89763
reloadAllAccessors: .arrayType19
----------------- testing Thu May 10 01:16:39 UTC 2018 /home/travis/build/icyphy/ptII/ptolemy/actor/lib/test/auto/arrayType2.xml
----------------- Instantiating /home/travis/build/icyphy/ptII/ptolemy/actor/lib/test/auto/arrayType2.xml
2 ms. Memory: 1233408K Free: 399664K (32%)
----------------- Invoking toplevel() on ptolemy.moml.MoMLSimpleApplication@29128283
----------------- Done invoking toplevel() on ptolemy.moml.MoMLSimpleApplication@29128283
reloadAllAccessors: .arrayType2
----------------- testing Thu May 10 01:16:39 UTC 2018 /home/travis/build/icyphy/ptII/ptolemy/actor/lib/test/auto/arrayType20.xml
----------------- Instantiating /home/travis/build/icyphy/ptII/ptolemy/actor/lib/test/auto/arrayType20.xml
2 ms. Memory: 1233408K Free: 387897K (31%)
----------------- Invoking toplevel() on ptolemy.moml.MoMLSimpleApplication@533cc0d6
----------------- Done invoking toplevel() on ptolemy.moml.MoMLSimpleApplication@533cc0d6
reloadAllAccessors: .arrayType20
----------------- testing Thu May 10 01:16:39 UTC 2018 /home/travis/build/icyphy/ptII/ptolemy/actor/lib/test/auto/arrayType21.xml
----------------- Instantiating /home/travis/build/icyphy/ptII/ptolemy/actor/lib/test/auto/arrayType21.xml
1 ms. Memory: 1233408K Free: 376130K (30%)
----------------- Invoking toplevel() on ptolemy.moml.MoMLSimpleApplication@55e43833
----------------- Done invoking toplevel() on ptolemy.moml.MoMLSimpleApplication@55e43833
reloadAllAccessors: .arrayType21
----------------- testing Thu May 10 01:16:39 UTC 2018 /home/travis/build/icyphy/ptII/ptolemy/actor/lib/test/auto/arrayType22.xml
----------------- Instantiating /home/travis/build/icyphy/ptII/ptolemy/actor/lib/test/auto/arrayType22.xml
1 ms. Memory: 1233408K Free: 367189K (30%)
----------------- Invoking toplevel() on ptolemy.moml.MoMLSimpleApplication@4216b745
----------------- Done invoking toplevel() on ptolemy.moml.MoMLSimpleApplication@4216b745
reloadAllAccessors: .arrayType22
----------------- testing Thu May 10 01:16:39 UTC 2018 /home/travis/build/icyphy/ptII/ptolemy/actor/lib/test/auto/arrayType23.xml
----------------- Instantiating /home/travis/build/icyphy/ptII/ptolemy/actor/lib/test/auto/arrayType23.xml
4 ms. Memory: 1233408K Free: 355421K (29%)
----------------- Invoking toplevel() on ptolemy.moml.MoMLSimpleApplication@79fc3737
----------------- Done invoking toplevel() on ptolemy.moml.MoMLSimpleApplication@79fc3737
reloadAllAccessors: .arrayType23
----------------- testing Thu May 10 01:16:39 UTC 2018 /home/travis/build/icyphy/ptII/ptolemy/actor/lib/test/auto/arrayType24.xml
----------------- Instantiating /home/travis/build/icyphy/ptII/ptolemy/actor/lib/test/auto/arrayType24.xml
1 ms. Memory: 1233408K Free: 343654K (28%)
----------------- Invoking toplevel() on ptolemy.moml.MoMLSimpleApplication@16cb8e70
----------------- Done invoking toplevel() on ptolemy.moml.MoMLSimpleApplication@16cb8e70
reloadAllAccessors: .arrayType24
----------------- testing Thu May 10 01:16:39 UTC 2018 /home/travis/build/icyphy/ptII/ptolemy/actor/lib/test/auto/arrayType25.xml
----------------- Instantiating /home/travis/build/icyphy/ptII/ptolemy/actor/lib/test/auto/arrayType25.xml
1 ms. Memory: 1233408K Free: 331888K (27%)
----------------- Invoking toplevel() on ptolemy.moml.MoMLSimpleApplication@bb75eff
----------------- Done invoking toplevel() on ptolemy.moml.MoMLSimpleApplication@bb75eff
reloadAllAccessors: .arrayType25
----------------- testing Thu May 10 01:16:39 UTC 2018 /home/travis/build/icyphy/ptII/ptolemy/actor/lib/test/auto/arrayType26.xml
----------------- Instantiating /home/travis/build/icyphy/ptII/ptolemy/actor/lib/test/auto/arrayType26.xml
1 ms. Memory: 1233408K Free: 320120K (26%)
----------------- Invoking toplevel() on ptolemy.moml.MoMLSimpleApplication@fc44cae
----------------- Done invoking toplevel() on ptolemy.moml.MoMLSimpleApplication@fc44cae
reloadAllAccessors: .arrayType26
----------------- testing Thu May 10 01:16:39 UTC 2018 /home/travis/build/icyphy/ptII/ptolemy/actor/lib/test/auto/arrayType27.xml
----------------- Instantiating /home/travis/build/icyphy/ptII/ptolemy/actor/lib/test/auto/arrayType27.xml
3 ms. Memory: 1233408K Free: 308352K (25%)
----------------- Invoking toplevel() on ptolemy.moml.MoMLSimpleApplication@33403ec9
----------------- Done invoking toplevel() on ptolemy.moml.MoMLSimpleApplication@33403ec9
reloadAllAccessors: .arrayType27
----------------- testing Thu May 10 01:16:39 UTC 2018 /home/travis/build/icyphy/ptII/ptolemy/actor/lib/test/auto/arrayType28.xml
----------------- Instantiating /home/travis/build/icyphy/ptII/ptolemy/actor/lib/test/auto/arrayType28.xml
1 ms. Memory: 1233408K Free: 296585K (24%)
----------------- Invoking toplevel() on ptolemy.moml.MoMLSimpleApplication@4d6ce39c
----------------- Done invoking toplevel() on ptolemy.moml.MoMLSimpleApplication@4d6ce39c
reloadAllAccessors: .arrayType28
----------------- testing Thu May 10 01:16:39 UTC 2018 /home/travis/build/icyphy/ptII/ptolemy/actor/lib/test/auto/arrayType3.xml
----------------- Instantiating /home/travis/build/icyphy/ptII/ptolemy/actor/lib/test/auto/arrayType3.xml
2 ms. Memory: 1233408K Free: 284819K (23%)
----------------- Invoking toplevel() on ptolemy.moml.MoMLSimpleApplication@6e90386d
----------------- Done invoking toplevel() on ptolemy.moml.MoMLSimpleApplication@6e90386d
reloadAllAccessors: .arrayType3
----------------- testing Thu May 10 01:16:39 UTC 2018 /home/travis/build/icyphy/ptII/ptolemy/actor/lib/test/auto/arrayType4.xml
----------------- Instantiating /home/travis/build/icyphy/ptII/ptolemy/actor/lib/test/auto/arrayType4.xml
2 ms. Memory: 1233408K Free: 273052K (22%)
----------------- Invoking toplevel() on ptolemy.moml.MoMLSimpleApplication@52d9da43
----------------- Done invoking toplevel() on ptolemy.moml.MoMLSimpleApplication@52d9da43
reloadAllAccessors: .arrayType4
----------------- testing Thu May 10 01:16:39 UTC 2018 /home/travis/build/icyphy/ptII/ptolemy/actor/lib/test/auto/arrayType5.xml
----------------- Instantiating /home/travis/build/icyphy/ptII/ptolemy/actor/lib/test/auto/arrayType5.xml
2 ms. Memory: 1233408K Free: 261285K (21%)
----------------- Invoking toplevel() on ptolemy.moml.MoMLSimpleApplication@605e5c2e
----------------- Done invoking toplevel() on ptolemy.moml.MoMLSimpleApplication@605e5c2e
reloadAllAccessors: .arrayType5
----------------- testing Thu May 10 01:16:39 UTC 2018 /home/travis/build/icyphy/ptII/ptolemy/actor/lib/test/auto/arrayType6.xml
----------------- Instantiating /home/travis/build/icyphy/ptII/ptolemy/actor/lib/test/auto/arrayType6.xml
1 ms. Memory: 1233408K Free: 252344K (20%)
----------------- Invoking toplevel() on ptolemy.moml.MoMLSimpleApplication@bf50b8e
----------------- Done invoking toplevel() on ptolemy.moml.MoMLSimpleApplication@bf50b8e
reloadAllAccessors: .arrayType6
----------------- testing Thu May 10 01:16:39 UTC 2018 /home/travis/build/icyphy/ptII/ptolemy/actor/lib/test/auto/arrayType7.xml
----------------- Instantiating /home/travis/build/icyphy/ptII/ptolemy/actor/lib/test/auto/arrayType7.xml
2 ms. Memory: 1233408K Free: 240577K (20%)
----------------- Invoking toplevel() on ptolemy.moml.MoMLSimpleApplication@789670fd
----------------- Done invoking toplevel() on ptolemy.moml.MoMLSimpleApplication@789670fd
reloadAllAccessors: .arrayType7
----------------- testing Thu May 10 01:16:39 UTC 2018 /home/travis/build/icyphy/ptII/ptolemy/actor/lib/test/auto/arrayType8.xml
----------------- Instantiating /home/travis/build/icyphy/ptII/ptolemy/actor/lib/test/auto/arrayType8.xml
1 ms. Memory: 1233408K Free: 228810K (19%)
----------------- Invoking toplevel() on ptolemy.moml.MoMLSimpleApplication@4b78e79c
----------------- Done invoking toplevel() on ptolemy.moml.MoMLSimpleApplication@4b78e79c
reloadAllAccessors: .arrayType8
----------------- testing Thu May 10 01:16:39 UTC 2018 /home/travis/build/icyphy/ptII/ptolemy/actor/lib/test/auto/arrayType9.xml
----------------- Instantiating /home/travis/build/icyphy/ptII/ptolemy/actor/lib/test/auto/arrayType9.xml
1 ms. Memory: 1233408K Free: 217043K (18%)
----------------- Invoking toplevel() on ptolemy.moml.MoMLSimpleApplication@2db39403
----------------- Done invoking toplevel() on ptolemy.moml.MoMLSimpleApplication@2db39403
reloadAllAccessors: .arrayType9
----------------- testing Thu May 10 01:16:39 UTC 2018 /home/travis/build/icyphy/ptII/ptolemy/actor/lib/test/auto/cast.xml
----------------- Instantiating /home/travis/build/icyphy/ptII/ptolemy/actor/lib/test/auto/cast.xml
1 ms. Memory: 1233408K Free: 205276K (17%)
----------------- Invoking toplevel() on ptolemy.moml.MoMLSimpleApplication@16f277c8
----------------- Done invoking toplevel() on ptolemy.moml.MoMLSimpleApplication@16f277c8
reloadAllAccessors: .cast
----------------- testing Thu May 10 01:16:39 UTC 2018 /home/travis/build/icyphy/ptII/ptolemy/actor/lib/test/auto/compositeMultiPort.xml
----------------- Instantiating /home/travis/build/icyphy/ptII/ptolemy/actor/lib/test/auto/compositeMultiPort.xml
3 ms. Memory: 1233408K Free: 189023K (15%)
----------------- Invoking toplevel() on ptolemy.moml.MoMLSimpleApplication@4d98d3d6
----------------- Done invoking toplevel() on ptolemy.moml.MoMLSimpleApplication@4d98d3d6
reloadAllAccessors: .compositeMultiPort
----------------- testing Thu May 10 01:16:39 UTC 2018 /home/travis/build/icyphy/ptII/ptolemy/actor/lib/test/auto/expressionCastInference.xml
----------------- Instantiating /home/travis/build/icyphy/ptII/ptolemy/actor/lib/test/auto/expressionCastInference.xml
2 ms. Memory: 1233408K Free: 177256K (14%)
----------------- Invoking toplevel() on ptolemy.moml.MoMLSimpleApplication@4b543e65
----------------- Done invoking toplevel() on ptolemy.moml.MoMLSimpleApplication@4b543e65
reloadAllAccessors: .expressionCastInference
----------------- testing Thu May 10 01:16:39 UTC 2018 /home/travis/build/icyphy/ptII/ptolemy/actor/lib/test/auto/expressionCastInference2.xml
----------------- Instantiating /home/travis/build/icyphy/ptII/ptolemy/actor/lib/test/auto/expressionCastInference2.xml
2 ms. Memory: 1233408K Free: 165489K (13%)
----------------- Invoking toplevel() on ptolemy.moml.MoMLSimpleApplication@1ce10844
----------------- Done invoking toplevel() on ptolemy.moml.MoMLSimpleApplication@1ce10844
reloadAllAccessors: .expressionCastInference2
----------------- testing Thu May 10 01:16:39 UTC 2018 /home/travis/build/icyphy/ptII/ptolemy/actor/lib/test/auto/expressionInference.xml
----------------- Instantiating /home/travis/build/icyphy/ptII/ptolemy/actor/lib/test/auto/expressionInference.xml
2 ms. Memory: 1233408K Free: 153722K (12%)
----------------- Invoking toplevel() on ptolemy.moml.MoMLSimpleApplication@1dbd39cd
----------------- Done invoking toplevel() on ptolemy.moml.MoMLSimpleApplication@1dbd39cd
reloadAllAccessors: .expressionInference
----------------- testing Thu May 10 01:16:39 UTC 2018 /home/travis/build/icyphy/ptII/ptolemy/actor/lib/test/auto/expression_bug.xml
----------------- Instantiating /home/travis/build/icyphy/ptII/ptolemy/actor/lib/test/auto/expression_bug.xml
1 ms. Memory: 1233408K Free: 141955K (12%)
----------------- Invoking toplevel() on ptolemy.moml.MoMLSimpleApplication@164c5b7f
----------------- Done invoking toplevel() on ptolemy.moml.MoMLSimpleApplication@164c5b7f
reloadAllAccessors: .expression_bug
----------------- testing Thu May 10 01:16:39 UTC 2018 /home/travis/build/icyphy/ptII/ptolemy/actor/lib/test/auto/factorial.xml
----------------- Instantiating /home/travis/build/icyphy/ptII/ptolemy/actor/lib/test/auto/factorial.xml
55 ms. Memory: 1233408K Free: 130188K (11%)
----------------- Invoking toplevel() on ptolemy.moml.MoMLSimpleApplication@71f24f6f
----------------- Done invoking toplevel() on ptolemy.moml.MoMLSimpleApplication@71f24f6f
reloadAllAccessors: .factorial
----------------- testing Thu May 10 01:16:39 UTC 2018 /home/travis/build/icyphy/ptII/ptolemy/actor/lib/test/auto/filterTest1.xml
----------------- Instantiating /home/travis/build/icyphy/ptII/ptolemy/actor/lib/test/auto/filterTest1.xml
3 ms. Memory: 1233408K Free: 121247K (10%)
----------------- Invoking toplevel() on ptolemy.moml.MoMLSimpleApplication@23f8d818
----------------- Done invoking toplevel() on ptolemy.moml.MoMLSimpleApplication@23f8d818
reloadAllAccessors: .filterTest1
----------------- testing Thu May 10 01:16:39 UTC 2018 /home/travis/build/icyphy/ptII/ptolemy/actor/lib/test/auto/funcApplyInConst.xml
----------------- Instantiating /home/travis/build/icyphy/ptII/ptolemy/actor/lib/test/auto/funcApplyInConst.xml
1 ms. Memory: 1233408K Free: 109480K (9%)
----------------- Invoking toplevel() on ptolemy.moml.MoMLSimpleApplication@79c4ddc8
----------------- Done invoking toplevel() on ptolemy.moml.MoMLSimpleApplication@79c4ddc8
reloadAllAccessors: .funcApplyInConst
----------------- testing Thu May 10 01:16:39 UTC 2018 /home/travis/build/icyphy/ptII/ptolemy/actor/lib/test/auto/funcApplyInExpr.xml
----------------- Instantiating /home/travis/build/icyphy/ptII/ptolemy/actor/lib/test/auto/funcApplyInExpr.xml
6 ms. Memory: 1233408K Free: 97713K (8%)
----------------- Invoking toplevel() on ptolemy.moml.MoMLSimpleApplication@2bb7b3f0
----------------- Done invoking toplevel() on ptolemy.moml.MoMLSimpleApplication@2bb7b3f0
reloadAllAccessors: .funcApplyInExpr
----------------- testing Thu May 10 01:16:39 UTC 2018 /home/travis/build/icyphy/ptII/ptolemy/actor/lib/test/auto/function.xml
----------------- Instantiating /home/travis/build/icyphy/ptII/ptolemy/actor/lib/test/auto/function.xml
2 ms. Memory: 1233408K Free: 85946K (7%)
----------------- Invoking toplevel() on ptolemy.moml.MoMLSimpleApplication@484e24ca
----------------- Done invoking toplevel() on ptolemy.moml.MoMLSimpleApplication@484e24ca
reloadAllAccessors: .function
----------------- testing Thu May 10 01:16:39 UTC 2018 /home/travis/build/icyphy/ptII/ptolemy/actor/lib/test/auto/function2.xml
----------------- Instantiating /home/travis/build/icyphy/ptII/ptolemy/actor/lib/test/auto/function2.xml
2 ms. Memory: 1233408K Free: 74502K (6%)
----------------- Invoking toplevel() on ptolemy.moml.MoMLSimpleApplication@723304ce
----------------- Done invoking toplevel() on ptolemy.moml.MoMLSimpleApplication@723304ce
reloadAllAccessors: .function2
----------------- testing Thu May 10 01:16:39 UTC 2018 /home/travis/build/icyphy/ptII/ptolemy/actor/lib/test/auto/function3.xml
----------------- Instantiating /home/travis/build/icyphy/ptII/ptolemy/actor/lib/test/auto/function3.xml
1 ms. Memory: 1278464K Free: 1215107K (95%)
----------------- Invoking toplevel() on ptolemy.moml.MoMLSimpleApplication@752e9ff3
----------------- Done invoking toplevel() on ptolemy.moml.MoMLSimpleApplication@752e9ff3
reloadAllAccessors: .function3
----------------- testing Thu May 10 01:16:39 UTC 2018 /home/travis/build/icyphy/ptII/ptolemy/actor/lib/test/auto/functionClosureTest1.xml
----------------- Instantiating /home/travis/build/icyphy/ptII/ptolemy/actor/lib/test/auto/functionClosureTest1.xml
2 ms. Memory: 1278464K Free: 1202273K (94%)
----------------- Invoking toplevel() on ptolemy.moml.MoMLSimpleApplication@7d53de40
----------------- Done invoking toplevel() on ptolemy.moml.MoMLSimpleApplication@7d53de40
reloadAllAccessors: .functionClosureTest1
----------------- testing Thu May 10 01:16:39 UTC 2018 /home/travis/build/icyphy/ptII/ptolemy/actor/lib/test/auto/functionClosureTest2.xml
----------------- Instantiating /home/travis/build/icyphy/ptII/ptolemy/actor/lib/test/auto/functionClosureTest2.xml
1 ms. Memory: 1278464K Free: 1192967K (93%)
----------------- Invoking toplevel() on ptolemy.moml.MoMLSimpleApplication@109a2c4b
----------------- Done invoking toplevel() on ptolemy.moml.MoMLSimpleApplication@109a2c4b
reloadAllAccessors: .functionClosureTest2
----------------- testing Thu May 10 01:16:39 UTC 2018 /home/travis/build/icyphy/ptII/ptolemy/actor/lib/test/auto/functionClosureTest3.xml
----------------- Instantiating /home/travis/build/icyphy/ptII/ptolemy/actor/lib/test/auto/functionClosureTest3.xml
4 ms. Memory: 1278464K Free: 1180133K (92%)
----------------- Invoking toplevel() on ptolemy.moml.MoMLSimpleApplication@3864c326
----------------- Done invoking toplevel() on ptolemy.moml.MoMLSimpleApplication@3864c326
reloadAllAccessors: .functionClosureTest3
----------------- testing Thu May 10 01:16:39 UTC 2018 /home/travis/build/icyphy/ptII/ptolemy/actor/lib/test/auto/functionClosureTest4.xml
----------------- Instantiating /home/travis/build/icyphy/ptII/ptolemy/actor/lib/test/auto/functionClosureTest4.xml
6 ms. Memory: 1278464K Free: 1167299K (91%)
----------------- Invoking toplevel() on ptolemy.moml.MoMLSimpleApplication@6d6be61c
----------------- Done invoking toplevel() on ptolemy.moml.MoMLSimpleApplication@6d6be61c
reloadAllAccessors: .functionClosureTest4
----------------- testing Thu May 10 01:16:39 UTC 2018 /home/travis/build/icyphy/ptII/ptolemy/actor/lib/test/auto/functionClosureTest5.xml
----------------- Instantiating /home/travis/build/icyphy/ptII/ptolemy/actor/lib/test/auto/functionClosureTest5.xml
6 ms. Memory: 1278464K Free: 1154465K (90%)
----------------- Invoking toplevel() on ptolemy.moml.MoMLSimpleApplication@17571df5
----------------- Done invoking toplevel() on ptolemy.moml.MoMLSimpleApplication@17571df5
reloadAllAccessors: .functionClosureTest5
----------------- testing Thu May 10 01:16:39 UTC 2018 /home/travis/build/icyphy/ptII/ptolemy/actor/lib/test/auto/functionClosureTest6.xml
----------------- Instantiating /home/travis/build/icyphy/ptII/ptolemy/actor/lib/test/auto/functionClosureTest6.xml
2 ms. Memory: 1278464K Free: 1145159K (90%)
----------------- Invoking toplevel() on ptolemy.moml.MoMLSimpleApplication@56680302
----------------- Done invoking toplevel() on ptolemy.moml.MoMLSimpleApplication@56680302
reloadAllAccessors: .functionClosureTest6
----------------- testing Thu May 10 01:16:39 UTC 2018 /home/travis/build/icyphy/ptII/ptolemy/actor/lib/test/auto/functionsOnArcs.xml
----------------- Instantiating /home/travis/build/icyphy/ptII/ptolemy/actor/lib/test/auto/functionsOnArcs.xml
2 ms. Memory: 1278464K Free: 1132325K (89%)
----------------- Invoking toplevel() on ptolemy.moml.MoMLSimpleApplication@5e2edcbd
----------------- Done invoking toplevel() on ptolemy.moml.MoMLSimpleApplication@5e2edcbd
reloadAllAccessors: .functionsOnArcs
----------------- testing Thu May 10 01:16:39 UTC 2018 /home/travis/build/icyphy/ptII/ptolemy/actor/lib/test/auto/functionsOnArcsHOF.xml
----------------- Instantiating /home/travis/build/icyphy/ptII/ptolemy/actor/lib/test/auto/functionsOnArcsHOF.xml
5 ms. Memory: 1278464K Free: 1119492K (88%)
----------------- Invoking toplevel() on ptolemy.moml.MoMLSimpleApplication@65c7316f
----------------- Done invoking toplevel() on ptolemy.moml.MoMLSimpleApplication@65c7316f
reloadAllAccessors: .functionsOnArcsHOF
----------------- testing Thu May 10 01:16:39 UTC 2018 /home/travis/build/icyphy/ptII/ptolemy/actor/lib/test/auto/logic.xml
----------------- Instantiating /home/travis/build/icyphy/ptII/ptolemy/actor/lib/test/auto/logic.xml
2 ms. Memory: 1278464K Free: 1101989K (86%)
----------------- Invoking toplevel() on ptolemy.moml.MoMLSimpleApplication@73559466
----------------- Done invoking toplevel() on ptolemy.moml.MoMLSimpleApplication@73559466
reloadAllAccessors: .logic
----------------- testing Thu May 10 01:16:39 UTC 2018 /home/travis/build/icyphy/ptII/ptolemy/actor/lib/test/auto/matrixType.xml
----------------- Instantiating /home/travis/build/icyphy/ptII/ptolemy/actor/lib/test/auto/matrixType.xml
2 ms. Memory: 1278464K Free: 1092683K (85%)
----------------- Invoking toplevel() on ptolemy.moml.MoMLSimpleApplication@11a2390a
----------------- Done invoking toplevel() on ptolemy.moml.MoMLSimpleApplication@11a2390a
reloadAllAccessors: .matrixType
----------------- testing Thu May 10 01:16:39 UTC 2018 /home/travis/build/icyphy/ptII/ptolemy/actor/lib/test/auto/matrixType10.xml
----------------- Instantiating /home/travis/build/icyphy/ptII/ptolemy/actor/lib/test/auto/matrixType10.xml
3 ms. Memory: 1278464K Free: 1079849K (84%)
----------------- Invoking toplevel() on ptolemy.moml.MoMLSimpleApplication@75aa09ad
----------------- Done invoking toplevel() on ptolemy.moml.MoMLSimpleApplication@75aa09ad
reloadAllAccessors: .matrixType10
----------------- testing Thu May 10 01:16:39 UTC 2018 /home/travis/build/icyphy/ptII/ptolemy/actor/lib/test/auto/matrixType11.xml
----------------- Instantiating /home/travis/build/icyphy/ptII/ptolemy/actor/lib/test/auto/matrixType11.xml
2 ms. Memory: 1278464K Free: 1067015K (83%)
----------------- Invoking toplevel() on ptolemy.moml.MoMLSimpleApplication@1d596080
----------------- Done invoking toplevel() on ptolemy.moml.MoMLSimpleApplication@1d596080
reloadAllAccessors: .matrixType11
----------------- testing Thu May 10 01:16:39 UTC 2018 /home/travis/build/icyphy/ptII/ptolemy/actor/lib/test/auto/matrixType12.xml
----------------- Instantiating /home/travis/build/icyphy/ptII/ptolemy/actor/lib/test/auto/matrixType12.xml
1 ms. Memory: 1278464K Free: 1057709K (83%)
----------------- Invoking toplevel() on ptolemy.moml.MoMLSimpleApplication@56b4d582
----------------- Done invoking toplevel() on ptolemy.moml.MoMLSimpleApplication@56b4d582
reloadAllAccessors: .matrixType12
----------------- testing Thu May 10 01:16:39 UTC 2018 /home/travis/build/icyphy/ptII/ptolemy/actor/lib/test/auto/matrixType13.xml
----------------- Instantiating /home/travis/build/icyphy/ptII/ptolemy/actor/lib/test/auto/matrixType13.xml
2 ms. Memory: 1278464K Free: 1044875K (82%)
----------------- Invoking toplevel() on ptolemy.moml.MoMLSimpleApplication@552690c
----------------- Done invoking toplevel() on ptolemy.moml.MoMLSimpleApplication@552690c
reloadAllAccessors: .matrixType13
----------------- testing Thu May 10 01:16:39 UTC 2018 /home/travis/build/icyphy/ptII/ptolemy/actor/lib/test/auto/matrixType14.xml
----------------- Instantiating /home/travis/build/icyphy/ptII/ptolemy/actor/lib/test/auto/matrixType14.xml
1 ms. Memory: 1278464K Free: 1032041K (81%)
----------------- Invoking toplevel() on ptolemy.moml.MoMLSimpleApplication@12fd447f
----------------- Done invoking toplevel() on ptolemy.moml.MoMLSimpleApplication@12fd447f
reloadAllAccessors: .matrixType14
----------------- testing Thu May 10 01:16:40 UTC 2018 /home/travis/build/icyphy/ptII/ptolemy/actor/lib/test/auto/matrixType2.xml
----------------- Instantiating /home/travis/build/icyphy/ptII/ptolemy/actor/lib/test/auto/matrixType2.xml
1 ms. Memory: 1278464K Free: 1019208K (80%)
----------------- Invoking toplevel() on ptolemy.moml.MoMLSimpleApplication@7af0c6ed
----------------- Done invoking toplevel() on ptolemy.moml.MoMLSimpleApplication@7af0c6ed
reloadAllAccessors: .matrixType2
----------------- testing Thu May 10 01:16:40 UTC 2018 /home/travis/build/icyphy/ptII/ptolemy/actor/lib/test/auto/matrixType3.xml
----------------- Instantiating /home/travis/build/icyphy/ptII/ptolemy/actor/lib/test/auto/matrixType3.xml
4 ms. Memory: 1278464K Free: 1009902K (79%)
----------------- Invoking toplevel() on ptolemy.moml.MoMLSimpleApplication@31b198a2
----------------- Done invoking toplevel() on ptolemy.moml.MoMLSimpleApplication@31b198a2
reloadAllAccessors: .matrixType3
----------------- testing Thu May 10 01:16:40 UTC 2018 /home/travis/build/icyphy/ptII/ptolemy/actor/lib/test/auto/matrixType4.xml
----------------- Instantiating /home/travis/build/icyphy/ptII/ptolemy/actor/lib/test/auto/matrixType4.xml
1 ms. Memory: 1278464K Free: 997068K (78%)
----------------- Invoking toplevel() on ptolemy.moml.MoMLSimpleApplication@13b1e064
----------------- Done invoking toplevel() on ptolemy.moml.MoMLSimpleApplication@13b1e064
reloadAllAccessors: .matrixType4
----------------- testing Thu May 10 01:16:40 UTC 2018 /home/travis/build/icyphy/ptII/ptolemy/actor/lib/test/auto/matrixType5.xml
----------------- Instantiating /home/travis/build/icyphy/ptII/ptolemy/actor/lib/test/auto/matrixType5.xml
1 ms. Memory: 1278464K Free: 984234K (77%)
----------------- Invoking toplevel() on ptolemy.moml.MoMLSimpleApplication@7a5e96b8
----------------- Done invoking toplevel() on ptolemy.moml.MoMLSimpleApplication@7a5e96b8
reloadAllAccessors: .matrixType5
----------------- testing Thu May 10 01:16:40 UTC 2018 /home/travis/build/icyphy/ptII/ptolemy/actor/lib/test/auto/matrixType6.xml
----------------- Instantiating /home/travis/build/icyphy/ptII/ptolemy/actor/lib/test/auto/matrixType6.xml
1 ms. Memory: 1278464K Free: 971400K (76%)
----------------- Invoking toplevel() on ptolemy.moml.MoMLSimpleApplication@7de68bbc
----------------- Done invoking toplevel() on ptolemy.moml.MoMLSimpleApplication@7de68bbc
reloadAllAccessors: .matrixType6
----------------- testing Thu May 10 01:16:40 UTC 2018 /home/travis/build/icyphy/ptII/ptolemy/actor/lib/test/auto/matrixType7.xml
----------------- Instantiating /home/travis/build/icyphy/ptII/ptolemy/actor/lib/test/auto/matrixType7.xml
1 ms. Memory: 1278464K Free: 962094K (75%)
----------------- Invoking toplevel() on ptolemy.moml.MoMLSimpleApplication@6d50d358
----------------- Done invoking toplevel() on ptolemy.moml.MoMLSimpleApplication@6d50d358
reloadAllAccessors: .matrixType7
----------------- testing Thu May 10 01:16:40 UTC 2018 /home/travis/build/icyphy/ptII/ptolemy/actor/lib/test/auto/matrixType8.xml
----------------- Instantiating /home/travis/build/icyphy/ptII/ptolemy/actor/lib/test/auto/matrixType8.xml
1 ms. Memory: 1278464K Free: 949261K (74%)
----------------- Invoking toplevel() on ptolemy.moml.MoMLSimpleApplication@37cb1845
----------------- Done invoking toplevel() on ptolemy.moml.MoMLSimpleApplication@37cb1845
reloadAllAccessors: .matrixType8
----------------- testing Thu May 10 01:16:40 UTC 2018 /home/travis/build/icyphy/ptII/ptolemy/actor/lib/test/auto/matrixType9.xml
----------------- Instantiating /home/travis/build/icyphy/ptII/ptolemy/actor/lib/test/auto/matrixType9.xml
2 ms. Memory: 1278464K Free: 936427K (73%)
----------------- Invoking toplevel() on ptolemy.moml.MoMLSimpleApplication@3c9b8c8b
----------------- Done invoking toplevel() on ptolemy.moml.MoMLSimpleApplication@3c9b8c8b
reloadAllAccessors: .matrixType9
----------------- testing Thu May 10 01:16:40 UTC 2018 /home/travis/build/icyphy/ptII/ptolemy/actor/lib/test/auto/paraFunctest.xml
----------------- Instantiating /home/travis/build/icyphy/ptII/ptolemy/actor/lib/test/auto/paraFunctest.xml
1 ms. Memory: 1278464K Free: 923593K (72%)
----------------- Invoking toplevel() on ptolemy.moml.MoMLSimpleApplication@21abb74a
----------------- Done invoking toplevel() on ptolemy.moml.MoMLSimpleApplication@21abb74a
reloadAllAccessors: .paraFunctest
----------------- testing Thu May 10 01:16:40 UTC 2018 /home/travis/build/icyphy/ptII/ptolemy/actor/lib/test/auto/paraFunctest2.xml
----------------- Instantiating /home/travis/build/icyphy/ptII/ptolemy/actor/lib/test/auto/paraFunctest2.xml
1 ms. Memory: 1278464K Free: 914287K (72%)
----------------- Invoking toplevel() on ptolemy.moml.MoMLSimpleApplication@1264ddb5
----------------- Done invoking toplevel() on ptolemy.moml.MoMLSimpleApplication@1264ddb5
reloadAllAccessors: .paraFunctest2
----------------- testing Thu May 10 01:16:40 UTC 2018 /home/travis/build/icyphy/ptII/ptolemy/actor/lib/test/auto/parameterPassing.xml
----------------- Instantiating /home/travis/build/icyphy/ptII/ptolemy/actor/lib/test/auto/parameterPassing.xml
1 ms. Memory: 1278464K Free: 901453K (71%)
----------------- Invoking toplevel() on ptolemy.moml.MoMLSimpleApplication@500863d4
----------------- Done invoking toplevel() on ptolemy.moml.MoMLSimpleApplication@500863d4
reloadAllAccessors: .parameterPassing
----------------- testing Thu May 10 01:16:40 UTC 2018 /home/travis/build/icyphy/ptII/ptolemy/actor/lib/test/auto/record.xml
----------------- Instantiating /home/travis/build/icyphy/ptII/ptolemy/actor/lib/test/auto/record.xml
2 ms. Memory: 1278464K Free: 888619K (70%)
----------------- Invoking toplevel() on ptolemy.moml.MoMLSimpleApplication@53b649ca
----------------- Done invoking toplevel() on ptolemy.moml.MoMLSimpleApplication@53b649ca
reloadAllAccessors: .record
----------------- testing Thu May 10 01:16:40 UTC 2018 /home/travis/build/icyphy/ptII/ptolemy/actor/lib/test/auto/sizedarray1.xml
----------------- Instantiating /home/travis/build/icyphy/ptII/ptolemy/actor/lib/test/auto/sizedarray1.xml
1 ms. Memory: 1278464K Free: 875786K (69%)
----------------- Invoking toplevel() on ptolemy.moml.MoMLSimpleApplication@2f66eb5f
----------------- Done invoking toplevel() on ptolemy.moml.MoMLSimpleApplication@2f66eb5f
reloadAllAccessors: .sizedarray1
----------------- testing Thu May 10 01:16:40 UTC 2018 /home/travis/build/icyphy/ptII/ptolemy/actor/lib/test/auto/sizedarray2.xml
----------------- Instantiating /home/travis/build/icyphy/ptII/ptolemy/actor/lib/test/auto/sizedarray2.xml
2 ms. Memory: 1278464K Free: 866480K (68%)
----------------- Invoking toplevel() on ptolemy.moml.MoMLSimpleApplication@50313e7a
----------------- Done invoking toplevel() on ptolemy.moml.MoMLSimpleApplication@50313e7a
reloadAllAccessors: .sizedarray2
----------------- testing Thu May 10 01:16:40 UTC 2018 /home/travis/build/icyphy/ptII/ptolemy/actor/lib/test/auto/twoPublishers.xml
----------------- Instantiating /home/travis/build/icyphy/ptII/ptolemy/actor/lib/test/auto/twoPublishers.xml
5 ms. Memory: 1278464K Free: 848977K (66%)
----------------- Invoking toplevel() on ptolemy.moml.MoMLSimpleApplication@447525d2
----------------- Done invoking toplevel() on ptolemy.moml.MoMLSimpleApplication@447525d2
reloadAllAccessors: .twoPublishers
AutoTests.java: About to close Vertx.
AutoTests.java: Vertx closed.
]]></system-out>
  <system-err><![CDATA[java.lang.RuntimeException: Execution failed
	at ptolemy.moml.MoMLSimpleApplication$UnloadThread.run(MoMLSimpleApplication.java:402)
Caused by: java.lang.RuntimeException: Normally, we would exit here because Manager.exitAfterWrapup() was called.  However, because the ptolemy.ptII.exitAfterWrapup property is set, we throw this exception instead.
	at ptolemy.util.StringUtilities.exit(StringUtilities.java:365)
	at ptolemy.actor.Manager.wrapup(Manager.java:1531)
	at ptolemy.actor.Manager.execute(Manager.java:407)
	at ptolemy.actor.Manager.run(Manager.java:1263)
	at ptolemy.actor.Manager$PtolemyRunThread.run(Manager.java:1915)
Warning: '.top.test' is in training mode, set the trainingMode parameter to false before checking in
Warning: '.top.test' is in training mode, set the trainingMode parameter to false before checking in
Warning: '.top.test' is in training mode, set the trainingMode parameter to false before checking in
Warning: '.BooleanSwitch_RegressionTest_WrongTrainingValues.Test' is in training mode, set the trainingMode parameter to false before checking in
Warning: '.BooleanSwitch_RegressionTest_WrongTrainingValues.Test2' is in training mode, set the trainingMode parameter to false before checking in
Warning: '.BooleanSwitch_RegressionTest_WrongTrainingValues.Test2' The test produced 0 tokens.
Warning: '.top.testExceptionHandler' is in training mode, set the trainingMode parameter to false before checking in
java.lang.RuntimeException: Execution failed
	at ptolemy.moml.MoMLSimpleApplication$UnloadThread.run(MoMLSimpleApplication.java:402)
Caused by: ptolemy.kernel.util.IllegalActionException: PublisherPorts cannot be used at the top level, use a Publisher actor instead.
  in .PublisherPortToplevelSubscriber.PublisherPort
	at ptolemy.actor.PublisherPort.preinitialize(PublisherPort.java:403)
	at ptolemy.actor.CompositeActor.preinitialize(CompositeActor.java:1769)
	at ptolemy.actor.Manager.preinitializeAndResolveTypes(Manager.java:1040)
	at ptolemy.actor.Manager.initialize(Manager.java:710)
	at ptolemy.actor.Manager.execute(Manager.java:356)
	at ptolemy.actor.Manager.run(Manager.java:1263)
	at ptolemy.actor.Manager$PtolemyRunThread.run(Manager.java:1915)
java.lang.reflect.InvocationTargetException
	at sun.reflect.NativeConstructorAccessorImpl.newInstance0(Native Method)
	at sun.reflect.NativeConstructorAccessorImpl.newInstance(NativeConstructorAccessorImpl.java:62)
	at sun.reflect.DelegatingConstructorAccessorImpl.newInstance(DelegatingConstructorAccessorImpl.java:45)
	at java.lang.reflect.Constructor.newInstance(Constructor.java:423)
	at ptolemy.util.test.junit.AutoKnownFailedTests.RunModel(AutoKnownFailedTests.java:107)
	at sun.reflect.NativeMethodAccessorImpl.invoke0(Native Method)
	at sun.reflect.NativeMethodAccessorImpl.invoke(NativeMethodAccessorImpl.java:62)
	at sun.reflect.DelegatingMethodAccessorImpl.invoke(DelegatingMethodAccessorImpl.java:43)
	at java.lang.reflect.Method.invoke(Method.java:498)
	at org.junit.runners.model.FrameworkMethod$1.runReflectiveCall(FrameworkMethod.java:44)
	at org.junit.internal.runners.model.ReflectiveCallable.run(ReflectiveCallable.java:15)
	at org.junit.runners.model.FrameworkMethod.invokeExplosively(FrameworkMethod.java:41)
	at junitparams.internal.InvokeParameterisedMethod.evaluate(InvokeParameterisedMethod.java:102)
	at org.junit.internal.runners.statements.FailOnTimeout$1.run(FailOnTimeout.java:28)
Caused by: ptolemy.kernel.util.IllegalActionException: PublisherPorts cannot be used at the top level, use a Publisher actor instead.
  in .PublisherPortToplevelSubscriber.PublisherPort
	at ptolemy.actor.PublisherPort.preinitialize(PublisherPort.java:403)
	at ptolemy.actor.CompositeActor.preinitialize(CompositeActor.java:1769)
	at ptolemy.actor.Manager.preinitializeAndResolveTypes(Manager.java:1040)
	at ptolemy.actor.Manager.initialize(Manager.java:710)
	at ptolemy.actor.Manager.execute(Manager.java:356)
	at ptolemy.actor.Manager.run(Manager.java:1263)
	at ptolemy.actor.Manager$PtolemyRunThread.run(Manager.java:1915)
java.lang.RuntimeException: Execution failed
	at ptolemy.moml.MoMLSimpleApplication$UnloadThread.run(MoMLSimpleApplication.java:402)
Caused by: ptolemy.kernel.util.IllegalActionException: SubscriberPorts cannot be used at the top level, use a Subscriber actor instead.
  in .PublisherSubscriberPortToplevel.SubscriberPort
	at ptolemy.actor.SubscriberPort.preinitialize(SubscriberPort.java:328)
	at ptolemy.actor.CompositeActor.preinitialize(CompositeActor.java:1769)
	at ptolemy.actor.Manager.preinitializeAndResolveTypes(Manager.java:1040)
	at ptolemy.actor.Manager.initialize(Manager.java:710)
	at ptolemy.actor.Manager.execute(Manager.java:356)
	at ptolemy.actor.Manager.run(Manager.java:1263)
	at ptolemy.actor.Manager$PtolemyRunThread.run(Manager.java:1915)
java.lang.reflect.InvocationTargetException
	at sun.reflect.NativeConstructorAccessorImpl.newInstance0(Native Method)
	at sun.reflect.NativeConstructorAccessorImpl.newInstance(NativeConstructorAccessorImpl.java:62)
	at sun.reflect.DelegatingConstructorAccessorImpl.newInstance(DelegatingConstructorAccessorImpl.java:45)
	at java.lang.reflect.Constructor.newInstance(Constructor.java:423)
	at ptolemy.util.test.junit.AutoKnownFailedTests.RunModel(AutoKnownFailedTests.java:107)
	at sun.reflect.NativeMethodAccessorImpl.invoke0(Native Method)
	at sun.reflect.NativeMethodAccessorImpl.invoke(NativeMethodAccessorImpl.java:62)
	at sun.reflect.DelegatingMethodAccessorImpl.invoke(DelegatingMethodAccessorImpl.java:43)
	at java.lang.reflect.Method.invoke(Method.java:498)
	at org.junit.runners.model.FrameworkMethod$1.runReflectiveCall(FrameworkMethod.java:44)
	at org.junit.internal.runners.model.ReflectiveCallable.run(ReflectiveCallable.java:15)
	at org.junit.runners.model.FrameworkMethod.invokeExplosively(FrameworkMethod.java:41)
	at junitparams.internal.InvokeParameterisedMethod.evaluate(InvokeParameterisedMethod.java:102)
	at org.junit.internal.runners.statements.FailOnTimeout$1.run(FailOnTimeout.java:28)
Caused by: ptolemy.kernel.util.IllegalActionException: SubscriberPorts cannot be used at the top level, use a Subscriber actor instead.
  in .PublisherSubscriberPortToplevel.SubscriberPort
	at ptolemy.actor.SubscriberPort.preinitialize(SubscriberPort.java:328)
	at ptolemy.actor.CompositeActor.preinitialize(CompositeActor.java:1769)
	at ptolemy.actor.Manager.preinitializeAndResolveTypes(Manager.java:1040)
	at ptolemy.actor.Manager.initialize(Manager.java:710)
	at ptolemy.actor.Manager.execute(Manager.java:356)
	at ptolemy.actor.Manager.run(Manager.java:1263)
	at ptolemy.actor.Manager$PtolemyRunThread.run(Manager.java:1915)
java.lang.RuntimeException: Execution failed
	at ptolemy.moml.MoMLSimpleApplication$UnloadThread.run(MoMLSimpleApplication.java:402)
Caused by: ptolemy.kernel.util.IllegalActionException: SubscriptionAggregatorPorts cannot be used at the top level, use a SubscriptionAggregator actor instead.
  in .PublisherSubscriptionAggregatorPort.SubscriptionAggregatorPort
	at ptolemy.actor.SubscriptionAggregatorPort.preinitialize(SubscriptionAggregatorPort.java:353)
	at ptolemy.actor.CompositeActor.preinitialize(CompositeActor.java:1769)
	at ptolemy.actor.Manager.preinitializeAndResolveTypes(Manager.java:1040)
	at ptolemy.actor.Manager.initialize(Manager.java:710)
	at ptolemy.actor.Manager.execute(Manager.java:356)
	at ptolemy.actor.Manager.run(Manager.java:1263)
	at ptolemy.actor.Manager$PtolemyRunThread.run(Manager.java:1915)
java.lang.reflect.InvocationTargetException
	at sun.reflect.NativeConstructorAccessorImpl.newInstance0(Native Method)
	at sun.reflect.NativeConstructorAccessorImpl.newInstance(NativeConstructorAccessorImpl.java:62)
	at sun.reflect.DelegatingConstructorAccessorImpl.newInstance(DelegatingConstructorAccessorImpl.java:45)
	at java.lang.reflect.Constructor.newInstance(Constructor.java:423)
	at ptolemy.util.test.junit.AutoKnownFailedTests.RunModel(AutoKnownFailedTests.java:107)
	at sun.reflect.NativeMethodAccessorImpl.invoke0(Native Method)
	at sun.reflect.NativeMethodAccessorImpl.invoke(NativeMethodAccessorImpl.java:62)
	at sun.reflect.DelegatingMethodAccessorImpl.invoke(DelegatingMethodAccessorImpl.java:43)
	at java.lang.reflect.Method.invoke(Method.java:498)
	at org.junit.runners.model.FrameworkMethod$1.runReflectiveCall(FrameworkMethod.java:44)
	at org.junit.internal.runners.model.ReflectiveCallable.run(ReflectiveCallable.java:15)
	at org.junit.runners.model.FrameworkMethod.invokeExplosively(FrameworkMethod.java:41)
	at junitparams.internal.InvokeParameterisedMethod.evaluate(InvokeParameterisedMethod.java:102)
	at org.junit.internal.runners.statements.FailOnTimeout$1.run(FailOnTimeout.java:28)
Caused by: ptolemy.kernel.util.IllegalActionException: SubscriptionAggregatorPorts cannot be used at the top level, use a SubscriptionAggregator actor instead.
  in .PublisherSubscriptionAggregatorPort.SubscriptionAggregatorPort
	at ptolemy.actor.SubscriptionAggregatorPort.preinitialize(SubscriptionAggregatorPort.java:353)
	at ptolemy.actor.CompositeActor.preinitialize(CompositeActor.java:1769)
	at ptolemy.actor.Manager.preinitializeAndResolveTypes(Manager.java:1040)
	at ptolemy.actor.Manager.initialize(Manager.java:710)
	at ptolemy.actor.Manager.execute(Manager.java:356)
	at ptolemy.actor.Manager.run(Manager.java:1263)
	at ptolemy.actor.Manager$PtolemyRunThread.run(Manager.java:1915)
java.lang.RuntimeException: Execution failed
	at ptolemy.moml.MoMLSimpleApplication$UnloadThread.run(MoMLSimpleApplication.java:402)
Caused by: ptolemy.kernel.util.IllegalActionException: TypeTest actor has no training data.
  in .sizedarray3.TypeTest
	at ptolemy.actor.lib.TypeTest.initialize(TypeTest.java:250)
	at ptolemy.actor.Director.initialize(Director.java:938)
	at ptolemy.actor.Director.initialize(Director.java:907)
	at ptolemy.actor.sched.StaticSchedulingDirector.initialize(StaticSchedulingDirector.java:159)
	at ptolemy.domains.sdf.kernel.SDFDirector.initialize(SDFDirector.java:544)
	at ptolemy.actor.CompositeActor.initialize(CompositeActor.java:935)
	at ptolemy.actor.Manager.initialize(Manager.java:724)
	at ptolemy.actor.Manager.execute(Manager.java:356)
	at ptolemy.actor.Manager.run(Manager.java:1263)
	at ptolemy.actor.Manager$PtolemyRunThread.run(Manager.java:1915)
java.lang.reflect.InvocationTargetException
	at sun.reflect.NativeConstructorAccessorImpl.newInstance0(Native Method)
	at sun.reflect.NativeConstructorAccessorImpl.newInstance(NativeConstructorAccessorImpl.java:62)
	at sun.reflect.DelegatingConstructorAccessorImpl.newInstance(DelegatingConstructorAccessorImpl.java:45)
	at java.lang.reflect.Constructor.newInstance(Constructor.java:423)
	at ptolemy.util.test.junit.AutoKnownFailedTests.RunModel(AutoKnownFailedTests.java:107)
	at sun.reflect.NativeMethodAccessorImpl.invoke0(Native Method)
	at sun.reflect.NativeMethodAccessorImpl.invoke(NativeMethodAccessorImpl.java:62)
	at sun.reflect.DelegatingMethodAccessorImpl.invoke(DelegatingMethodAccessorImpl.java:43)
	at java.lang.reflect.Method.invoke(Method.java:498)
	at org.junit.runners.model.FrameworkMethod$1.runReflectiveCall(FrameworkMethod.java:44)
	at org.junit.internal.runners.model.ReflectiveCallable.run(ReflectiveCallable.java:15)
	at org.junit.runners.model.FrameworkMethod.invokeExplosively(FrameworkMethod.java:41)
	at junitparams.internal.InvokeParameterisedMethod.evaluate(InvokeParameterisedMethod.java:102)
	at org.junit.internal.runners.statements.FailOnTimeout$1.run(FailOnTimeout.java:28)
Caused by: ptolemy.kernel.util.IllegalActionException: TypeTest actor has no training data.
  in .sizedarray3.TypeTest
	at ptolemy.actor.lib.TypeTest.initialize(TypeTest.java:250)
	at ptolemy.actor.Director.initialize(Director.java:938)
	at ptolemy.actor.Director.initialize(Director.java:907)
	at ptolemy.actor.sched.StaticSchedulingDirector.initialize(StaticSchedulingDirector.java:159)
	at ptolemy.domains.sdf.kernel.SDFDirector.initialize(SDFDirector.java:544)
	at ptolemy.actor.CompositeActor.initialize(CompositeActor.java:935)
	at ptolemy.actor.Manager.initialize(Manager.java:724)
	at ptolemy.actor.Manager.execute(Manager.java:356)
	at ptolemy.actor.Manager.run(Manager.java:1263)
	at ptolemy.actor.Manager$PtolemyRunThread.run(Manager.java:1915)
ptolemy.kernel.util.InternalErrorException: Exec Stdout Gobbler-6: Failed while reading from java.lang.UNIXProcess$ProcessPipeInputStream@2df03ac. To avoid this, try setting the ignoreIOExceptionReadErrors parameter to true.null
  in .ExecEnvironment.Exec
Because:
Stream closed
	at ptolemy.actor.lib.Exec$_StreamReaderThread._read(Exec.java:762)
	at ptolemy.actor.lib.Exec$_StreamReaderThread.run(Exec.java:706)
Caused by: java.io.IOException: Stream closed
	at sun.nio.cs.StreamDecoder.ensureOpen(StreamDecoder.java:46)
	at sun.nio.cs.StreamDecoder.read(StreamDecoder.java:148)
	at java.io.InputStreamReader.read(InputStreamReader.java:184)
	at ptolemy.actor.lib.Exec$_StreamReaderThread._read(Exec.java:724)
	... 1 more
Caused by: java.io.IOException: Stream closed
	at sun.nio.cs.StreamDecoder.ensureOpen(StreamDecoder.java:46)
	at sun.nio.cs.StreamDecoder.read(StreamDecoder.java:148)
	at java.io.InputStreamReader.read(InputStreamReader.java:184)
	at ptolemy.actor.lib.Exec$_StreamReaderThread._read(Exec.java:724)
	at ptolemy.actor.lib.Exec$_StreamReaderThread.run(Exec.java:706)
]]></system-err>
</testsuite>
