<?xml version="1.0" encoding="UTF-8" ?>
<testsuite errors="0" failures="1" hostname="travis-job-dd4a524c-a761-4ab1-8c1e-b4d4e9380d78" name="ptolemy.actor.lib.test.junit.JUnitTclTest" skipped="0" tests="518" time="60.978" timestamp="2018-05-10T02:22:19">
  <properties>
    <property name="npm.executable" value="npm" />
    <property name="file.encoding.pkg" value="sun.io" />
    <property name="ptII.mk.exists" value="true" />
    <property name="env.rvm_bin_path" value="/home/travis/.rvm/bin" />
    <property name="java.home" value="/usr/lib/jvm/java-8-oracle/jre" />
    <property name="env.TRAVIS_JOB_NUMBER" value="413.6" />
    <property name="env.DISPLAY" value=":99.0" />
    <property name="java.net.preferIPv4Stack" value="true" />
    <property name="env.SSH_TTY" value="/dev/pts/0" />
    <property name="env.RUN_TESTS" value="true" />
    <property name="timeout.short" value="1000000" />
    <property name="env.TRAVIS_STACK_NODE_ATTRIBUTES" value="/.node-attributes.yml" />
    <property name="junit.formatter" value="xml" />
    <property name="java.endorsed.dirs" value="/usr/lib/jvm/java-8-oracle/jre/lib/endorsed" />
    <property name="env.TRAVIS_SUDO" value="true" />
    <property name="env.LOGNAME" value="travis" />
    <property name="env.PT_TRAVIS_TEST_CORE1_XML" value="true" />
    <property name="jsdoc.home" value="node_modules/@terraswarm/jsdoc" />
    <property name="debuglevel" value="source,lines,vars" />
    <property name="checkstyle.formatter" value="xml" />
    <property name="bin.vergil.makeable" value="true" />
    <property name="env._system_version" value="14.04" />
    <property name="sun.os.patch.level" value="unknown" />
    <property name="java.vendor.url" value="http://java.oracle.com/" />
    <property name="java.version" value="1.8.0_151" />
    <property name="env.TZ" value="UTC" />
    <property name="env.PT_NO_NET" value="true" />
    <property name="env.TRAVIS_PULL_REQUEST_SHA" value="" />
    <property name="env.TRAVIS_SECURE_ENV_VARS" value="true" />
    <property name="env._system_type" value="Linux" />
    <property name="java.vendor.url.bug" value="http://bugreport.sun.com/bugreport/" />
    <property name="env.SSH_CLIENT" value="10.10.16.8 60670 22" />
    <property name="env.GEM_HOME" value="/home/travis/.rvm/gems/ruby-2.4.1" />
    <property name="env.HAS_ANTARES_THREE_LITTLE_FRONZIES_BADGE" value="true" />
    <property name="env.PS4" value="+" />
    <property name="ant.project.invoked-targets" value="build,test.core1.xml" />
    <property name="env.TRAVIS_PULL_REQUEST_BRANCH" value="" />
    <property name="env.TRAVIS_REPO_SLUG" value="icyphy/ptII" />
    <property name="node.in.path" value="true" />
    <property name="java.maxmemory" value="1400m" />
    <property name="env.RUBY_VERSION" value="ruby-2.4.1" />
    <property name="user.name" value="travis" />
    <property name="env.LANG" value="en_US.UTF-8" />
    <property name="sun.io.unicode.encoding" value="UnicodeLittle" />
    <property name="sun.jnu.encoding" value="UTF-8" />
    <property name="java.runtime.name" value="Java(TM) SE Runtime Environment" />
    <property name="usefile" value="false" />
    <property name="return.code" value="0" />
    <property name="junit.single.formatter" value="plain" />
    <property name="env.DYLD_LIBRARY_PATH" value="/home/travis/pthla/certi-tools/lib:" />
    <property name="env.DEBIAN_FRONTEND" value="noninteractive" />
    <property name="env.SSH_CONNECTION" value="10.10.16.8 60670 10.20.0.74 22" />
    <property name="env.MYSQL_UNIX_PORT" value="/var/run/mysqld/mysqld.sock" />
    <property name="env.TRAVIS_ALLOW_FAILURE" value="false" />
    <property name="env.LC_ALL" value="en_US.UTF-8" />
    <property name="java.specification.name" value="Java Platform API Specification" />
    <property name="node.works" value="true" />
    <property name="user.timezone" value="" />
    <property name="path.separator" value=":" />
    <property name="env.PYTHON_CFLAGS" value="-g -fstack-protector --param=ssp-buffer-size=4 -Wformat -Werror=format-security" />
    <property name="timeout.long" value="4000000" />
    <property name="env.CERTI_HOME" value="/home/travis/pthla/certi-tools" />
    <property name="file.encoding" value="UTF-8" />
    <property name="ant.file.ptII" value="/home/travis/build/icyphy/ptII/build.xml" />
    <property name="javadoc.packagenames" value="com.*,diva.*,lbnl.*,org.hlacerti.*,org.json.*,org.ptolemy.*,org.terraswarm.*,ptolemy.*,ptserver.*" />
    <property name="env.TRAVIS_PULL_REQUEST_SLUG" value="" />
    <property name="ant.project.default-target" value="build" />
    <property name="env.GIT_ASKPASS" value="echo" />
    <property name="env.HOME" value="/home/travis" />
    <property name="sun.java.command" value="org.apache.tools.ant.taskdefs.optional.junit.JUnitTestRunner ptolemy.actor.lib.test.junit.JUnitTclTest skipNonTests=false filtertrace=true haltOnError=false haltOnFailure=false formatter=org.apache.tools.ant.taskdefs.optional.junit.OutErrSummaryJUnitResultFormatter showoutput=true outputtoformatters=true logfailedtests=true threadid=0 logtestlistenerevents=false formatter=org.apache.tools.ant.taskdefs.optional.junit.XMLJUnitResultFormatter,/home/travis/build/icyphy/ptII/reports/junit/TEST-ptolemy.actor.lib.test.junit.JUnitTclTest.xml crashfile=/home/travis/build/icyphy/ptII/junitvmwatcher8593301989365758383.properties propsfile=/home/travis/build/icyphy/ptII/junit3425160455854677598.properties" />
    <property name="env.MANPATH" value="/home/travis/.nvm/versions/node/v7.10.1/share/man:/home/travis/.kiex/elixirs/elixir-1.4.5/man:/home/travis/.rvm/rubies/ruby-2.4.1/share/man:/usr/local/man:/usr/local/cmake-3.9.2/man:/usr/local/clang-5.0.0/share/man:/usr/local/share/man:/usr/share/man:/home/travis/.rvm/man" />
    <property name="env.COMPOSER_NO_INTERACTION" value="1" />
    <property name="env.JDK_SWITCHER_DEFAULT" value="oraclejdk8" />
    <property name="ant.file" value="/home/travis/build/icyphy/ptII/build.xml" />
    <property name="env.TRAVIS_COMMIT_RANGE" value="c535cceddf7e...d1ec708821d7" />
    <property name="env._system_name" value="Ubuntu" />
    <property name="timeout" value="2400000" />
    <property name="ptII.classpath.optional.property" value="/home/travis/build/icyphy/ptII/lib/bsh-2.0b4.jar:/home/travis/build/icyphy/ptII/lib/ptCal.jar:/home/travis/build/icyphy/ptII/lib/java_cup.jar:/home/travis/build/icyphy/ptII/lib/saxon8.jar:/home/travis/build/icyphy/ptII/lib/saxon8-dom.jar:/home/travis/build/icyphy/ptII/lib/chic.jar:/home/travis/build/icyphy/ptII/lib/ptcolt.jar:/usr/lib/jvm/java-8-oracle/lib/tools.jar:/usr/lib/eclipse/plugins/org.eclipse.jdt.core_3.8.2.dist.jar:/usr/lib/eclipse/plugins/org.eclipse.core.runtime_3.8.0.dist.jar:/usr/lib/eclipse/plugins/org.eclipse.osgi_3.8.1.dist.jar:/usr/lib/eclipse/plugins/org.eclipse.core.resources_3.8.1.dist.jar:/usr/lib/eclipse/plugins/org.eclipse.equinox.common_3.6.100.dist.jar:/usr/lib/eclipse/plugins/org.eclipse.core.jobs_3.5.200.dist.jar:/usr/lib/eclipse/plugins/org.eclipse.core.contenttype_3.4.200.dist.jar:/usr/lib/eclipse/plugins/org.eclipse.equinox.preferences_3.5.0.dist.jar:/usr/lib/eclipse/plugins/org.eclipse.text_3.5.200.dist.jar:/usr/lib/eclipse/plugins/org.eclipse.ui.workbench_3.8.1.dist.jar:/usr/lib/eclipse/plugins/org.eclipse.jface_3.8.0.dist.jar:/usr/lib/eclipse/plugins/org.eclipse.swt_3.8.2.jar:/usr/lib/eclipse/plugins/org.eclipse.jface.text_3.8.1.dist.jar:/usr/lib/eclipse/plugins/org.eclipse.ui.workbench.texteditor_3.8.0.dist.jar:/usr/lib/eclipse/plugins/org.eclipse.ui.editors_3.8.0.dist.jar:/usr/lib/eclipse/plugins/org.eclipse.core.commands_3.6.1.dist.jar:/usr/lib/eclipse/plugins/org.eclipse.equinox.registry_3.5.200.dist.jar:/usr/lib/eclipse/plugins/org.eclipse.ui.console_3.5.100.dist.jar:/usr/lib/eclipse/plugins/org.eclipse.ui.forms_3.5.200.dist.jar:/usr/lib/eclipse/plugins/org.eclipse.ui.ide_3.8.1.dist.jar:/home/travis/build/icyphy/ptII/vendors/oracle/dbxml.jar:/home/travis/build/icyphy/ptII/vendors/oracle/db.jar:/home/travis/build/icyphy/ptII/vendors/misc/itext/iText.jar:/home/travis/build/icyphy/ptII/lib/g4ltl.jar:/home/travis/build/icyphy/ptII/lib/StructuralCoder.jar:/home/travis/build/icyphy/ptII/lib/org-openide-util.jar:/home/travis/build/icyphy/ptII/lib/org-openide-util-lookup.jar:/home/travis/build/icyphy/ptII/lib/org-netbeans-api-visual.jar:/home/travis/build/icyphy/ptII/vendors/jai-1_1_2_01/lib/jai_core.jar:/home/travis/build/icyphy/ptII/vendors/jai-1_1_2_01/lib/jai_codec.jar:/home/travis/build/icyphy/ptII/lib/jcerti.jar:/home/travis/build/icyphy/ptII/lib/smack.jar:/home/travis/build/icyphy/ptII/lib/smackx.jar:/home/travis/build/icyphy/ptII/lib/jetty-all-8.1.5-v20120716.jar:/home/travis/build/icyphy/ptII/lib/javax.servlet-api-3.0.1.jar:/home/travis/build/icyphy/ptII/lib/javax.mail.jar:/home/travis/build/icyphy/ptII/vendors/JMF-2.1.1e/lib/jmf.jar:/home/travis/build/icyphy/ptII/lib/jna-4.0.0-variadic.jar:/home/travis/build/icyphy/ptII/vendors/misc/joystick/Joystick.jar:/home/travis/build/icyphy/ptII/lib/ptjacl.jar:/home/travis/build/icyphy/ptII/lib/jsoup-1.8.2.jar:/home/travis/build/icyphy/ptII/lib/junit-4.8.2.jar:/home/travis/build/icyphy/ptII/lib/JUnitParams-0.4.0.jar:/home/travis/build/icyphy/ptII/ptolemy/actor/lib/excel/jxl.jar:/home/travis/build/icyphy/ptII/lib/jython.jar:/home/travis/build/icyphy/ptII/lib/kieler.jar:/home/travis/build/icyphy/ptII/vendors/opencv/share/OpenCV/java/opencv-341.jar:/home/travis/build/icyphy/ptII/lib/oscP5.jar:/home/travis/build/icyphy/ptII/lib/nrjavaserial-3.11.0.devel.jar:/usr/share/java/j3dcore.jar:/usr/share/java/j3dutils.jar:/usr/share/java/vecmath.jar:/home/travis/build/icyphy/ptII/ptolemy/distributed/jini/jar/jini-core.jar:/home/travis/build/icyphy/ptII/ptolemy/distributed/jini/jar/jini-ext.jar:/home/travis/build/icyphy/ptII/ptolemy/distributed/jini/jar/sun-util.jar:/home/travis/build/icyphy/ptII/lib/protobuf-java-2.4.1.jar:/home/travis/build/icyphy/ptII/lib/org.eclipse.paho.client.mqttv3.jar:/home/travis/build/icyphy/ptII/ptserver/lib/hessian-4.0.7.jar:/home/travis/build/icyphy/ptII/ptserver/lib/wmqtt.jar:/home/travis/build/icyphy/ptII/lib/mapss.jar:/home/travis/build/icyphy/ptII/ptolemy/actor/ptalon/antlr/antlr.jar:/home/travis/build/icyphy/ptII/lib/JRI.jar:/home/travis/build/icyphy/ptII/lib/commons-lang-2.6.jar:/home/travis/build/icyphy/ptII/lib/commons-logging-1.1.1.jar:/home/travis/build/icyphy/ptII/lib/sootclasses.jar:/home/travis/build/icyphy/ptII/ptolemy/actor/lib/database/mysql-connector-java-5.1.6-bin.jar:/home/travis/build/icyphy/ptII/vendors/misc/sphinx4/sphinx4-data-5prealpha.jar:/home/travis/build/icyphy/ptII/vendors/misc/sphinx4/sphinx4-core-5prealpha.jar:/home/travis/build/icyphy/ptII/lib/PDFRenderer.jar:/home/travis/build/icyphy/ptII/lib/svgSalamander.jar:/home/travis/build/icyphy/ptII/lib/rsyntaxtextarea-2.6.0-SNAPSHOT.jar:/home/travis/build/icyphy/ptII/lib/hazelcast-3.8.2.jar:/home/travis/build/icyphy/ptII/lib/jackson-annotations-2.9.0.jar:/home/travis/build/icyphy/ptII/lib/jackson-core-2.9.3.jar:/home/travis/build/icyphy/ptII/lib/jackson-databind-2.9.3.jar:/home/travis/build/icyphy/ptII/lib/netty-buffer-4.1.19.Final.jar:/home/travis/build/icyphy/ptII/lib/netty-codec-4.1.19.Final.jar:/home/travis/build/icyphy/ptII/lib/netty-codec-dns-4.1.19.Final.jar:/home/travis/build/icyphy/ptII/lib/netty-codec-http-4.1.19.Final.jar:/home/travis/build/icyphy/ptII/lib/netty-codec-http2-4.1.19.Final.jar:/home/travis/build/icyphy/ptII/lib/netty-common-4.1.19.Final.jar:/home/travis/build/icyphy/ptII/lib/netty-handler-4.1.19.Final.jar:/home/travis/build/icyphy/ptII/lib/netty-resolver-4.1.19.Final.jar:/home/travis/build/icyphy/ptII/lib/netty-resolver-dns-4.1.19.Final.jar:/home/travis/build/icyphy/ptII/lib/netty-transport-4.1.19.Final.jar:/home/travis/build/icyphy/ptII/lib/vertx-codegen-3.5.1.jar:/home/travis/build/icyphy/ptII/lib/vertx-core-3.5.2-SNAPSHOT.jar:/home/travis/build/icyphy/ptII/lib/vertx-hazelcast-3.5.1.jar:/home/travis/build/icyphy/ptII/lib/vertx-lang-js-3.5.1.jar:/home/travis/build/icyphy/ptII/lib/vertx-service-proxy-3.5.1.jar:/home/travis/build/icyphy/ptII/lib/vertx-web-3.5.1.jar:/home/travis/build/icyphy/ptII/lib/slf4j-api-1.7.13.jar:/home/travis/build/icyphy/ptII/lib/slf4j-simple-1.7.13.jar:/home/travis/build/icyphy/ptII/lib/webcam-capture-0.3.12.jar:/home/travis/build/icyphy/ptII/lib/bridj-0.7.0.jar:/home/travis/build/icyphy/ptII/lib/xbjlib-1.1.0.nrjavaserial.jar" />
    <property name="test.batch" value="**/junit/*.java" />
    <property name="env._" value="/usr/bin/timeout" />
    <property name="java.io.tmpdir" value="/tmp" />
    <property name="user.language" value="en" />
    <property name="env.HISTCONTROL" value="ignoredups:ignorespace" />
    <property name="env.GOROOT" value="/home/travis/.gimme/versions/go1.7.4.linux.amd64" />
    <property name="line.separator" value="&#xa;" />
    <property name="target" value="1.8" />
    <property name="env.TRAVIS_BUILD_DIR" value="/home/travis/build/icyphy/ptII" />
    <property name="env.ANT_OPTS" value="-Xmx2048m" />
    <property name="ant.file.type" value="file" />
    <property name="ptolemy.ptII.batchMode" value="true" />
    <property name="env.HISTSIZE" value="1000" />
    <property name="env.MERB_ENV" value="test" />
    <property name="java.vm.info" value="mixed mode" />
    <property name="source" value="1.8" />
    <property name="java.vm.specification.name" value="Java Virtual Machine Specification" />
    <property name="env.TRAVIS_TEST_RESULT" value="0" />
    <property name="jsdoc.command" value="node_modules/@terraswarm/jsdoc/jsdoc.js" />
    <property name="npm.works" value="true" />
    <property name="cobertura.dir" value="/home/travis/build/icyphy/ptII/vendors/cobertura-2.0.3" />
    <property name="env.rvm_path" value="/home/travis/.rvm" />
    <property name="env.GEM_PATH" value="/home/travis/.rvm/gems/ruby-2.4.1:/home/travis/.rvm/gems/ruby-2.4.1@global" />
    <property name="env.LC_CTYPE" value="en_US.UTF-8" />
    <property name="java.awt.printerjob" value="sun.print.PSPrinterJob" />
    <property name="env.TRAVIS_STACK_NAME" value="garnet" />
    <property name="ant.version" value="Apache Ant(TM) version 1.10.1 compiled on February 2 2017" />
    <property name="ptII.reports" value="/home/travis/build/icyphy/ptII/reports" />
    <property name="env.TRAVIS_STACK_TIMESTAMP" value="2017-12-05 19:33:09 UTC" />
    <property name="ant.file.type.ptII" value="file" />
    <property name="env.RBENV_SHELL" value="bash" />
    <property name="os.name" value="Linux" />
    <property name="java.specification.vendor" value="Oracle Corporation" />
    <property name="env.rvm_version" value="1.29.3 (latest)" />
    <property name="env.TERM" value="xterm" />
    <property name="java.vm.name" value="Java HotSpot(TM) 64-Bit Server VM" />
    <property name="env.TRAVIS_BUILD_NUMBER" value="413" />
    <property name="env.CI" value="true" />
    <property name="java.library.path" value="/home/travis/pthla/certi-tools/lib:/usr/lib/jni:/usr/local/share/OpenCV/java/:/usr/share/OpenCV/java::/usr/java/packages/lib/amd64:/usr/lib64:/lib64:/lib:/usr/lib" />
    <property name="env.rvm_prefix" value="/home/travis" />
    <property name="env.PATH" value="/home/travis/pthla/certi-tools/share/scripts:/home/travis/.rvm/gems/ruby-2.4.1/bin:/home/travis/.rvm/gems/ruby-2.4.1@global/bin:/home/travis/.rvm/rubies/ruby-2.4.1/bin:/home/travis/.rvm/bin:/home/travis/.nvm/versions/node/v7.10.1/bin:./node_modules/.bin:/home/travis/build/icyphy/ptII/bin:/home/travis/pthla/certi-tools/bin:/home/travis/bin:/home/travis/.local/bin:/opt/pyenv/shims:/home/travis/.phpenv/shims:/home/travis/perl5/perlbrew/bin:/home/travis/.kiex/elixirs/elixir-1.4.5/bin:/home/travis/.kiex/bin:/home/travis/gopath/bin:/home/travis/.gimme/versions/go1.7.4.linux.amd64/bin:/usr/local/phantomjs/bin:/usr/local/phantomjs:/usr/local/neo4j-3.2.7/bin:/usr/local/maven-3.5.2/bin:/usr/local/cmake-3.9.2/bin:/usr/local/clang-5.0.0/bin:/usr/local/sbin:/usr/local/bin:/usr/sbin:/usr/bin:/sbin:/bin:/home/travis/.phpenv/bin:/opt/pyenv/bin:/home/travis/.yarn/bin" />
    <property name="env.TRAVIS_OS_NAME" value="linux" />
    <property name="ant.java.version" value="1.8" />
    <property name="basedir" value="/home/travis/build/icyphy/ptII" />
    <property name="java.class.version" value="52.0" />
    <property name="env.SHLVL" value="3" />
    <property name="env.LD_LIBRARY_PATH" value="/home/travis/pthla/certi-tools/lib:/usr/lib/jni:/usr/local/share/OpenCV/java/:/usr/share/OpenCV/java:" />
    <property name="env.RACK_ENV" value="test" />
    <property name="ant.home" value="/home/travis/build/icyphy/ptII/ant" />
    <property name="env.NVM_DIR" value="/home/travis/.nvm" />
    <property name="env.PERLBREW_BASHRC_VERSION" value="0.80" />
    <property name="env.CERTI_FOM_PATH" value="/home/travis/pthla/certi-tools/share/federations" />
    <property name="env.TRAVIS_BUILD_ID" value="377104937" />
    <property name="env.PYENV_ROOT" value="/opt/pyenv" />
    <property name="env.TRAVIS_UID" value="2000" />
    <property name="env.rvm_pretty_print_flag" value="auto" />
    <property name="env.NVM_BIN" value="/home/travis/.nvm/versions/node/v7.10.1/bin" />
    <property name="env.TRAVIS_COMMIT" value="d1ec708821d71ae63767a903a4c976a84f471a82" />
    <property name="env._system_arch" value="x86_64" />
    <property name="node.executable" value="node" />
    <property name="sun.boot.library.path" value="/usr/lib/jvm/java-8-oracle/jre/lib/amd64" />
    <property name="sun.management.compiler" value="HotSpot 64-Bit Tiered Compilers" />
    <property name="env.GOPATH" value="/home/travis/gopath" />
    <property name="java.awt.graphicsenv" value="sun.awt.X11GraphicsEnvironment" />
    <property name="ptolemy.ptII.dir" value="/home/travis/build/icyphy/ptII" />
    <property name="env.USER" value="travis" />
    <property name="env.HISTFILESIZE" value="2000" />
    <property name="timeout.longest" value="19000000" />
    <property name="env.TRAVIS_STACK_FEATURES" value="basic cassandra chromium couchdb disabled-ipv6 docker docker-compose elasticsearch firefox go-toolchain google-chrome jdk memcached mongodb mysql neo4j nodejs_interpreter perl_interpreter perlbrew phantomjs postgresql python_interpreter rabbitmq redis riak ruby_interpreter sqlite xserver" />
    <property name="env.TRAVIS_PULL_REQUEST" value="false" />
    <property name="env.PYENV_SHELL" value="bash" />
    <property name="ant.project.name" value="ptII" />
    <property name="java.vm.specification.version" value="1.8" />
    <property name="env.CERTI_VERSION" value="4.0.0" />
    <property name="env.NLSPATH" value="/usr/dt/lib/nls/msg/%L/%N.cat" />
    <property name="awt.toolkit" value="sun.awt.X11.XToolkit" />
    <property name="env.CERTI_HOST" value="localhost" />
    <property name="env.MY_RUBY_HOME" value="/home/travis/.rvm/rubies/ruby-2.4.1" />
    <property name="sun.cpu.isalist" value="" />
    <property name="java.ext.dirs" value="/usr/lib/jvm/java-8-oracle/jre/lib/ext:/usr/java/packages/lib/ext" />
    <property name="os.version" value="4.4.0-101-generic" />
    <property name="user.home" value="/home/travis" />
    <property name="env.MIX_ARCHIVES" value="/home/travis/.kiex/mix/elixir-1.4.5" />
    <property name="java.vm.vendor" value="Oracle Corporation" />
    <property name="env.TRAVIS_TAG" value="nightly" />
    <property name="env.TRAVIS_FILTERED" value="pty" />
    <property name="env.PTII" value="/home/travis/build/icyphy/ptII" />
    <property name="env.JAVA_HOME" value="/usr/lib/jvm/java-8-oracle" />
    <property name="javadoc.excludepackagenames" value="adm.cvs2svn.*,build.*,config.*,doc.coding.templates.*,jni.test.jni.meaningOfLife.*,jni.test.jni.testDeux.*,jni.test.jni.testTrois.*,org.terraswarm.accessor.accessors.web.node_modules.*,org.terraswarm.accessor.accessors.web.hosts.cordova.demo.*,org.terraswarm.accessor.accessors.web.hosts.cordova.plugins.*,org.terraswarm.accessor.accessors-svn.*,pt-modules.*,ptolemy.apps.agilent.*,ptolemy.apps.anytimecontrol.*,ptolemy.apps.apes.*,ptolemy.apps.charon.*,ptolemy.apps.crazyboard.*,ptolemy.apps.eclipse.*,ptolemy.apps.etherealSting.*,ptolemy.apps.fullscreen.*,ptolemy.apps.giotto.*,ptolemy.apps.ia.*,ptolemy.apps.interfaces.*,ptolemy.apps.jmf.*,ptolemy.apps.kurt.*,ptolemy.apps.kvm.*,ptolemy.apps.lego.*,ptolemy.apps.lejos.*,ptolemy.apps.midp.*,ptolemy.apps.mobileCoding.*,ptolemy.apps.pendulum.*,ptolemy.apps.rijndael.*,ptolemy.apps.robot.*,ptolemy.apps.security.*,ptolemy.apps.sobel.*,ptolemy.apps.soot.*,ptolemy.apps.throttle.*,ptolemy.apps.tini.*,ptolemy.apps.transmission.*,ptolemy.apps.vergil.*,ptolemy.apps.waba.*,ptolemy.apps.websensor.*,ptolemy.apps.webstart.*,ptolemy.apps.xsl.*,ptolemy.apps.zaurus.*,ptolemy.backtrack.eclipse.plugin.*,ptolemy.backtrack.test.*,ptolemy.codegen.c.actor.lib.oldJavaFiles.*,ptolemy.codegen.dsp.lib.*,ptolemy.codegen.kernel.newInterfaces.*,ptolemy.codegen.lib.*,ptolemy.copernicus.kernel.fragment.*,ptolemy.copernicus.shallow.cg.*,ptolemy.domains.giotto.demo.Hierarchy.Hierarchy.*,ptolemy.domains.giotto.demo.Multimode.Multimode.*,ptolemy.domains.giotto.demo.Simple.Simple.*,ptolemy.domains.gr.lib.experimental.*,ptolemy.domains.gro.*,ptolemy.domains.pdf.*,ptolemy.domains.ptinyos.demo.Surge.output.*,ptolemy.moml.test.NoPackageActor.java*,ptolemy.plot.adm.*,ptolemy.plot.servlet.*,reports.*,signed.*,src.*,target.*,vendors.*,ptolemy.copernicus.applet.*,ptolemy.media.viewer.*,ptolemy.cg.adapter.generic.program.procedural.c.mbed*,ptolemy.actor.lib.fmi.fmus.omc*,ptolemy.domains.openmodelica*,ptdb.kernel.bl.save.test.*,ptdb.kernel.bl.load.test.*,ptdb.kernel.bl.search.test.*,ptdb.kernel.bl.migration.test.*,ptdb.kernel.database.test.*,ptdb.test.*,ptdb.gui.test.*,org.ptolemy.scala.*,diva.util.java2d.svg.*,ptolemy.domains.ptinyos.*,ptolemy.actor.lib.fmi.fmipp.*,,org.terraswarm.accessor.accessors.web.node_modules.*,org.terraswarm.accessor.accessors-svn,ptolemy.actor.ptalon.demo.ptinyos.SendAndReceiveCnt.output,ptolemy.actor.ptalon.demo.ptinyos.SenseToLeds.output,ptolemy.domains.ptinyos.demo.CntToLedsAndRfm.output,ptolemy.domains.ptinyos.demo.RfmToLeds.output,ptolemy.domains.ptinyos.demo.SendAndReceiveCnt.output,ptolemy.domains.ptinyos.demo.SenseToLeds.output" />
    <property name="env.TRAVIS_COMMIT_MESSAGE" value="Added a test to export the first 200 demos.  This is necessary, because exporting all 750 demos will cause Travis to timeout." />
    <property name="keystore" value="ptKeystore" />
    <property name="env.XDG_SESSION_ID" value="2" />
    <property name="junit.output.dir" value="/home/travis/build/icyphy/ptII/reports/junit" />
    <property name="npm.return.code" value="0" />
    <property name="user.dir" value="/home/travis/build/icyphy/ptII/ptolemy/actor/lib/test" />
    <property name="env.XFILESEARCHPATH" value="/usr/dt/app-defaults/%L/Dt" />
    <property name="env.TRAVIS_NODE_VERSION" value="7" />
    <property name="env.TRAVIS_EVENT_TYPE" value="push" />
    <property name="env.MAIL" value="/var/mail/travis" />
    <property name="env.PWD" value="/home/travis/build/icyphy/ptII" />
    <property name="env.PERLBREW_ROOT" value="/home/travis/perl5/perlbrew" />
    <property name="timeout.npm" value="45000" />
    <property name="env.PAGER" value="cat" />
    <property name="sun.cpu.endian" value="little" />
    <property name="env.TRAVIS_BUILD_STAGE_NAME" value="Test" />
    <property name="env.PERLBREW_HOME" value="/home/travis/.perlbrew" />
    <property name="java.vm.version" value="25.151-b12" />
    <property name="env.RAILS_ENV" value="test" />
    <property name="java.class.path" value="/home/travis/.ptolemyII:/home/travis/.ptolemyII/*:/home/travis/build/icyphy/ptII:/home/travis/build/icyphy/ptII/lib/bsh-2.0b4.jar:/home/travis/build/icyphy/ptII/lib/ptCal.jar:/home/travis/build/icyphy/ptII/lib/java_cup.jar:/home/travis/build/icyphy/ptII/lib/saxon8.jar:/home/travis/build/icyphy/ptII/lib/saxon8-dom.jar:/home/travis/build/icyphy/ptII/lib/chic.jar:/home/travis/build/icyphy/ptII/lib/ptcolt.jar:/usr/lib/jvm/java-8-oracle/lib/tools.jar:/usr/lib/eclipse/plugins/org.eclipse.jdt.core_3.8.2.dist.jar:/usr/lib/eclipse/plugins/org.eclipse.core.runtime_3.8.0.dist.jar:/usr/lib/eclipse/plugins/org.eclipse.osgi_3.8.1.dist.jar:/usr/lib/eclipse/plugins/org.eclipse.core.resources_3.8.1.dist.jar:/usr/lib/eclipse/plugins/org.eclipse.equinox.common_3.6.100.dist.jar:/usr/lib/eclipse/plugins/org.eclipse.core.jobs_3.5.200.dist.jar:/usr/lib/eclipse/plugins/org.eclipse.core.contenttype_3.4.200.dist.jar:/usr/lib/eclipse/plugins/org.eclipse.equinox.preferences_3.5.0.dist.jar:/usr/lib/eclipse/plugins/org.eclipse.text_3.5.200.dist.jar:/usr/lib/eclipse/plugins/org.eclipse.ui.workbench_3.8.1.dist.jar:/usr/lib/eclipse/plugins/org.eclipse.jface_3.8.0.dist.jar:/usr/lib/eclipse/plugins/org.eclipse.swt_3.8.2.jar:/usr/lib/eclipse/plugins/org.eclipse.jface.text_3.8.1.dist.jar:/usr/lib/eclipse/plugins/org.eclipse.ui.workbench.texteditor_3.8.0.dist.jar:/usr/lib/eclipse/plugins/org.eclipse.ui.editors_3.8.0.dist.jar:/usr/lib/eclipse/plugins/org.eclipse.core.commands_3.6.1.dist.jar:/usr/lib/eclipse/plugins/org.eclipse.equinox.registry_3.5.200.dist.jar:/usr/lib/eclipse/plugins/org.eclipse.ui.console_3.5.100.dist.jar:/usr/lib/eclipse/plugins/org.eclipse.ui.forms_3.5.200.dist.jar:/usr/lib/eclipse/plugins/org.eclipse.ui.ide_3.8.1.dist.jar:/home/travis/build/icyphy/ptII/vendors/oracle/dbxml.jar:/home/travis/build/icyphy/ptII/vendors/oracle/db.jar:/home/travis/build/icyphy/ptII/vendors/misc/itext/iText.jar:/home/travis/build/icyphy/ptII/lib/g4ltl.jar:/home/travis/build/icyphy/ptII/lib/StructuralCoder.jar:/home/travis/build/icyphy/ptII/lib/org-openide-util.jar:/home/travis/build/icyphy/ptII/lib/org-openide-util-lookup.jar:/home/travis/build/icyphy/ptII/lib/org-netbeans-api-visual.jar:/home/travis/build/icyphy/ptII/vendors/jai-1_1_2_01/lib/jai_core.jar:/home/travis/build/icyphy/ptII/vendors/jai-1_1_2_01/lib/jai_codec.jar:/home/travis/build/icyphy/ptII/lib/jcerti.jar:/home/travis/build/icyphy/ptII/lib/smack.jar:/home/travis/build/icyphy/ptII/lib/smackx.jar:/home/travis/build/icyphy/ptII/lib/jetty-all-8.1.5-v20120716.jar:/home/travis/build/icyphy/ptII/lib/javax.servlet-api-3.0.1.jar:/home/travis/build/icyphy/ptII/lib/javax.mail.jar:/home/travis/build/icyphy/ptII/vendors/JMF-2.1.1e/lib/jmf.jar:/home/travis/build/icyphy/ptII/lib/jna-4.0.0-variadic.jar:/home/travis/build/icyphy/ptII/vendors/misc/joystick/Joystick.jar:/home/travis/build/icyphy/ptII/lib/ptjacl.jar:/home/travis/build/icyphy/ptII/lib/jsoup-1.8.2.jar:/home/travis/build/icyphy/ptII/lib/junit-4.8.2.jar:/home/travis/build/icyphy/ptII/lib/JUnitParams-0.4.0.jar:/home/travis/build/icyphy/ptII/ptolemy/actor/lib/excel/jxl.jar:/home/travis/build/icyphy/ptII/lib/jython.jar:/home/travis/build/icyphy/ptII/lib/kieler.jar:/home/travis/build/icyphy/ptII/vendors/opencv/share/OpenCV/java/opencv-341.jar:/home/travis/build/icyphy/ptII/lib/oscP5.jar:/home/travis/build/icyphy/ptII/lib/nrjavaserial-3.11.0.devel.jar:/usr/share/java/j3dcore.jar:/usr/share/java/j3dutils.jar:/usr/share/java/vecmath.jar:/home/travis/build/icyphy/ptII/ptolemy/distributed/jini/jar/jini-core.jar:/home/travis/build/icyphy/ptII/ptolemy/distributed/jini/jar/jini-ext.jar:/home/travis/build/icyphy/ptII/ptolemy/distributed/jini/jar/sun-util.jar:/home/travis/build/icyphy/ptII/lib/protobuf-java-2.4.1.jar:/home/travis/build/icyphy/ptII/lib/org.eclipse.paho.client.mqttv3.jar:/home/travis/build/icyphy/ptII/ptserver/lib/hessian-4.0.7.jar:/home/travis/build/icyphy/ptII/ptserver/lib/wmqtt.jar:/home/travis/build/icyphy/ptII/lib/mapss.jar:/home/travis/build/icyphy/ptII/ptolemy/actor/ptalon/antlr/antlr.jar:/home/travis/build/icyphy/ptII/lib/JRI.jar:/home/travis/build/icyphy/ptII/lib/commons-lang-2.6.jar:/home/travis/build/icyphy/ptII/lib/commons-logging-1.1.1.jar:/home/travis/build/icyphy/ptII/lib/sootclasses.jar:/home/travis/build/icyphy/ptII/ptolemy/actor/lib/database/mysql-connector-java-5.1.6-bin.jar:/home/travis/build/icyphy/ptII/vendors/misc/sphinx4/sphinx4-data-5prealpha.jar:/home/travis/build/icyphy/ptII/vendors/misc/sphinx4/sphinx4-core-5prealpha.jar:/home/travis/build/icyphy/ptII/lib/PDFRenderer.jar:/home/travis/build/icyphy/ptII/lib/svgSalamander.jar:/home/travis/build/icyphy/ptII/lib/rsyntaxtextarea-2.6.0-SNAPSHOT.jar:/home/travis/build/icyphy/ptII/lib/hazelcast-3.8.2.jar:/home/travis/build/icyphy/ptII/lib/jackson-annotations-2.9.0.jar:/home/travis/build/icyphy/ptII/lib/jackson-core-2.9.3.jar:/home/travis/build/icyphy/ptII/lib/jackson-databind-2.9.3.jar:/home/travis/build/icyphy/ptII/lib/netty-buffer-4.1.19.Final.jar:/home/travis/build/icyphy/ptII/lib/netty-codec-4.1.19.Final.jar:/home/travis/build/icyphy/ptII/lib/netty-codec-dns-4.1.19.Final.jar:/home/travis/build/icyphy/ptII/lib/netty-codec-http-4.1.19.Final.jar:/home/travis/build/icyphy/ptII/lib/netty-codec-http2-4.1.19.Final.jar:/home/travis/build/icyphy/ptII/lib/netty-common-4.1.19.Final.jar:/home/travis/build/icyphy/ptII/lib/netty-handler-4.1.19.Final.jar:/home/travis/build/icyphy/ptII/lib/netty-resolver-4.1.19.Final.jar:/home/travis/build/icyphy/ptII/lib/netty-resolver-dns-4.1.19.Final.jar:/home/travis/build/icyphy/ptII/lib/netty-transport-4.1.19.Final.jar:/home/travis/build/icyphy/ptII/lib/vertx-codegen-3.5.1.jar:/home/travis/build/icyphy/ptII/lib/vertx-core-3.5.2-SNAPSHOT.jar:/home/travis/build/icyphy/ptII/lib/vertx-hazelcast-3.5.1.jar:/home/travis/build/icyphy/ptII/lib/vertx-lang-js-3.5.1.jar:/home/travis/build/icyphy/ptII/lib/vertx-service-proxy-3.5.1.jar:/home/travis/build/icyphy/ptII/lib/vertx-web-3.5.1.jar:/home/travis/build/icyphy/ptII/lib/slf4j-api-1.7.13.jar:/home/travis/build/icyphy/ptII/lib/slf4j-simple-1.7.13.jar:/home/travis/build/icyphy/ptII/lib/webcam-capture-0.3.12.jar:/home/travis/build/icyphy/ptII/lib/bridj-0.7.0.jar:/home/travis/build/icyphy/ptII/lib/xbjlib-1.1.0.nrjavaserial.jar:/home/travis/build/icyphy/ptII/ptolemy/moml/test:/home/travis/build/icyphy/ptII/ant/lib/ant-launcher.jar:/home/travis/build/icyphy/ptII/ant/lib/ant.jar:/home/travis/build/icyphy/ptII/ant/lib/ant-junit.jar:/home/travis/build/icyphy/ptII/ant/lib/ant-junit4.jar" />
    <property name="ant.library.dir" value="/home/travis/build/icyphy/ptII/ant/lib" />
    <property name="os.arch" value="amd64" />
    <property name="env.TRAVIS_LANGUAGE" value="node_js" />
    <property name="env.CONTINUOUS_INTEGRATION" value="true" />
    <property name="env.TRAVIS_STACK_LANGUAGES" value="__garnet__ c c++ clojure cplusplus cpp default go groovy java node_js php pure_java python ruby scala" />
    <property name="test.name" value="ptolemy.actor.lib.test.junit.JUnitTclTest" />
    <property name="sun.java.launcher" value="SUN_STANDARD" />
    <property name="env.PYTHON_CONFIGURE_OPTS" value="--enable-unicode=ucs4 --with-wide-unicode --enable-shared --enable-ipv6 --enable-loadable-sqlite-extensions --with-computed-gotos" />
    <property name="ant.core.lib" value="/home/travis/build/icyphy/ptII/ant/lib/ant.jar" />
    <property name="java.vm.specification.vendor" value="Oracle Corporation" />
    <property name="env.BCVTB_HOME" value="/home/travis/build/icyphy/ptII/lbnl" />
    <property name="file.separator" value="/" />
    <property name="spotbugs.home" value="/home/travis/build/icyphy/ptII/vendors/spotbugs-3.1.1" />
    <property name="java.runtime.version" value="1.8.0_151-b12" />
    <property name="sun.boot.class.path" value="/usr/lib/jvm/java-8-oracle/jre/lib/resources.jar:/usr/lib/jvm/java-8-oracle/jre/lib/rt.jar:/usr/lib/jvm/java-8-oracle/jre/lib/sunrsasign.jar:/usr/lib/jvm/java-8-oracle/jre/lib/jsse.jar:/usr/lib/jvm/java-8-oracle/jre/lib/jce.jar:/usr/lib/jvm/java-8-oracle/jre/lib/charsets.jar:/usr/lib/jvm/java-8-oracle/jre/lib/jfr.jar:/usr/lib/jvm/java-8-oracle/jre/classes" />
    <property name="env.HAS_JOSH_K_SEAL_OF_APPROVAL" value="true" />
    <property name="env.TRAVIS_OSX_IMAGE" value="" />
    <property name="env.XDG_RUNTIME_DIR" value="/run/user/2000" />
    <property name="env.TRAVIS_BRANCH" value="master" />
    <property name="env.TRAVIS_JOB_ID" value="377104943" />
    <property name="user.country" value="US" />
    <property name="env.CERTI_HOME_TRAVIS" value="/home/travis/pthla/certi-tools" />
    <property name="env.SHELL" value="/bin/bash" />
    <property name="java.maxmemory.large" value="5000m" />
    <property name="model" value="" />
    <property name="env.CASHER_DIR" value="/home/travis/.casher" />
    <property name="env.NVM_CD_FLAGS" value="" />
    <property name="jshint.executable" value="/home/travis/node_modules/jshint/bin/jshint" />
    <property name="java.vendor" value="Oracle Corporation" />
    <property name="env.JRUBY_OPTS" value=" --client -J-XX:+TieredCompilation -J-XX:TieredStopAtLevel=1 -J-Xss2m -Xcompile.invokedynamic=false" />
    <property name="env.TRAVIS_PRE_CHEF_BOOTSTRAP_TIME" value="2017-12-05T19:32:55" />
    <property name="env.ELIXIR_VERSION" value="1.4.5" />
    <property name="env.TRAVIS_STACK_JOB_BOARD_REGISTER" value="/.job-board-register.yml" />
    <property name="java.specification.version" value="1.8" />
    <property name="env.IRBRC" value="/home/travis/.rvm/rubies/ruby-2.4.1/.irbrc" />
    <property name="env.TRAVIS" value="true" />
    <property name="sun.arch.data.model" value="64" />
  </properties>
  <testcase classname="ptolemy.util.test.junit.TclTests" name="[0] /home/travis/build/icyphy/ptII/ptolemy/actor/lib/test/AbsoluteValue.tcl (RunTclFile)" time="0.464" />
  <testcase classname="ptolemy.util.test.junit.TclTests" name="[1] /home/travis/build/icyphy/ptII/ptolemy/actor/lib/test/AddSubtract.tcl (RunTclFile)" time="0.079" />
  <testcase classname="ptolemy.util.test.junit.TclTests" name="[2] /home/travis/build/icyphy/ptII/ptolemy/actor/lib/test/Average.tcl (RunTclFile)" time="0.053" />
  <testcase classname="ptolemy.util.test.junit.TclTests" name="[3] /home/travis/build/icyphy/ptII/ptolemy/actor/lib/test/Bernoulli.tcl (RunTclFile)" time="0.021" />
  <testcase classname="ptolemy.util.test.junit.TclTests" name="[4] /home/travis/build/icyphy/ptII/ptolemy/actor/lib/test/Clock.tcl (RunTclFile)" time="0.071" />
  <testcase classname="ptolemy.util.test.junit.TclTests" name="[5] /home/travis/build/icyphy/ptII/ptolemy/actor/lib/test/Commutator.tcl (RunTclFile)" time="0.124" />
  <testcase classname="ptolemy.util.test.junit.TclTests" name="[6] /home/travis/build/icyphy/ptII/ptolemy/actor/lib/test/Const.tcl (RunTclFile)" time="0.093" />
  <testcase classname="ptolemy.util.test.junit.TclTests" name="[7] /home/travis/build/icyphy/ptII/ptolemy/actor/lib/test/CurrentTime.tcl (RunTclFile)" time="0.039" />
  <testcase classname="ptolemy.util.test.junit.TclTests" name="[8] /home/travis/build/icyphy/ptII/ptolemy/actor/lib/test/DB.tcl (RunTclFile)" time="0.028" />
  <testcase classname="ptolemy.util.test.junit.TclTests" name="[9] /home/travis/build/icyphy/ptII/ptolemy/actor/lib/test/DiscreteRandomSource.tcl (RunTclFile)" time="0.052" />
  <testcase classname="ptolemy.util.test.junit.TclTests" name="[10] /home/travis/build/icyphy/ptII/ptolemy/actor/lib/test/Distributor.tcl (RunTclFile)" time="0.064" />
  <testcase classname="ptolemy.util.test.junit.TclTests" name="[11] /home/travis/build/icyphy/ptII/ptolemy/actor/lib/test/Exit.tcl (RunTclFile)" time="0.049" />
  <testcase classname="ptolemy.util.test.junit.TclTests" name="[12] /home/travis/build/icyphy/ptII/ptolemy/actor/lib/test/Expression.tcl (RunTclFile)" time="0.067" />
  <testcase classname="ptolemy.util.test.junit.TclTests" name="[13] /home/travis/build/icyphy/ptII/ptolemy/actor/lib/test/Gaussian.tcl (RunTclFile)" time="0.717" />
  <testcase classname="ptolemy.util.test.junit.TclTests" name="[14] /home/travis/build/icyphy/ptII/ptolemy/actor/lib/test/IIR.tcl (RunTclFile)" time="0.046" />
  <testcase classname="ptolemy.util.test.junit.TclTests" name="[15] /home/travis/build/icyphy/ptII/ptolemy/actor/lib/test/Interpolator.tcl (RunTclFile)" time="0.052" />
  <testcase classname="ptolemy.util.test.junit.TclTests" name="[16] /home/travis/build/icyphy/ptII/ptolemy/actor/lib/test/MathFunction.tcl (RunTclFile)" time="0.048" />
  <testcase classname="ptolemy.util.test.junit.TclTests" name="[17] /home/travis/build/icyphy/ptII/ptolemy/actor/lib/test/Maximum.tcl (RunTclFile)" time="0.043" />
  <testcase classname="ptolemy.util.test.junit.TclTests" name="[18] /home/travis/build/icyphy/ptII/ptolemy/actor/lib/test/Minimum.tcl (RunTclFile)" time="0.02" />
  <testcase classname="ptolemy.util.test.junit.TclTests" name="[19] /home/travis/build/icyphy/ptII/ptolemy/actor/lib/test/MultiplyDivide.tcl (RunTclFile)" time="0.041" />
  <testcase classname="ptolemy.util.test.junit.TclTests" name="[20] /home/travis/build/icyphy/ptII/ptolemy/actor/lib/test/OrderedMerge.tcl (RunTclFile)" time="0.114" />
  <testcase classname="ptolemy.util.test.junit.TclTests" name="[21] /home/travis/build/icyphy/ptII/ptolemy/actor/lib/test/Publisher.tcl (RunTclFile)" time="0.696" />
  <testcase classname="ptolemy.util.test.junit.TclTests" name="[22] /home/travis/build/icyphy/ptII/ptolemy/actor/lib/test/Pulse.tcl (RunTclFile)" time="0.035" />
  <testcase classname="ptolemy.util.test.junit.TclTests" name="[23] /home/travis/build/icyphy/ptII/ptolemy/actor/lib/test/Ramp.tcl (RunTclFile)" time="2.16" />
  <testcase classname="ptolemy.util.test.junit.TclTests" name="[24] /home/travis/build/icyphy/ptII/ptolemy/actor/lib/test/RampContinuous.tcl (RunTclFile)" time="0.022" />
  <testcase classname="ptolemy.util.test.junit.TclTests" name="[25] /home/travis/build/icyphy/ptII/ptolemy/actor/lib/test/RecordAssembler.tcl (RunTclFile)" time="0.015" />
  <testcase classname="ptolemy.util.test.junit.TclTests" name="[26] /home/travis/build/icyphy/ptII/ptolemy/actor/lib/test/RecordDisassembler.tcl (RunTclFile)" time="0.032" />
  <testcase classname="ptolemy.util.test.junit.TclTests" name="[27] /home/travis/build/icyphy/ptII/ptolemy/actor/lib/test/Scale.tcl (RunTclFile)" time="0.029" />
  <testcase classname="ptolemy.util.test.junit.TclTests" name="[28] /home/travis/build/icyphy/ptII/ptolemy/actor/lib/test/SequentialClock.tcl (RunTclFile)" time="0.015" />
  <testcase classname="ptolemy.util.test.junit.TclTests" name="[29] /home/travis/build/icyphy/ptII/ptolemy/actor/lib/test/SetVariable.tcl (RunTclFile)" time="0.023" />
  <testcase classname="ptolemy.util.test.junit.TclTests" name="[30] /home/travis/build/icyphy/ptII/ptolemy/actor/lib/test/Sinewave.tcl (RunTclFile)" time="0.045" />
  <testcase classname="ptolemy.util.test.junit.TclTests" name="[31] /home/travis/build/icyphy/ptII/ptolemy/actor/lib/test/SubscriptionAggregator.tcl (RunTclFile)" time="1.719" />
  <testcase classname="ptolemy.util.test.junit.TclTests" name="[32] /home/travis/build/icyphy/ptII/ptolemy/actor/lib/test/Test.tcl (RunTclFile)" time="0.163">
    <failure message="Number of failed tests is has increased. expected:&lt;0&gt; but was:&lt;1&gt;" type="junit.framework.AssertionFailedError">junit.framework.AssertionFailedError: Number of failed tests is has increased. expected:&lt;0&gt; but was:&lt;1&gt;
	at ptolemy.util.test.junit.TclTests.RunTclFile(TclTests.java:286)
	at junitparams.internal.InvokeParameterisedMethod.evaluate(InvokeParameterisedMethod.java:102)
	at junitparams.internal.ParameterisedTestMethodRunner.runMethodInvoker(ParameterisedTestMethodRunner.java:47)
	at junitparams.internal.ParameterisedTestMethodRunner.runTestMethod(ParameterisedTestMethodRunner.java:41)
	at junitparams.internal.ParameterisedTestClassRunner.runParameterisedTest(ParameterisedTestClassRunner.java:143)
	at junitparams.JUnitParamsRunner.runChild(JUnitParamsRunner.java:237)
	at junitparams.JUnitParamsRunner.runChild(JUnitParamsRunner.java:215)
</failure>
  </testcase>
  <testcase classname="ptolemy.util.test.junit.TclTests" name="[33] /home/travis/build/icyphy/ptII/ptolemy/actor/lib/test/TestExceptionHandler.tcl (RunTclFile)" time="0.008" />
  <testcase classname="ptolemy.util.test.junit.TclTests" name="[34] /home/travis/build/icyphy/ptII/ptolemy/actor/lib/test/UnionDisassembler.tcl (RunTclFile)" time="0.036" />
  <testcase classname="ptolemy.util.test.junit.TclTests" name="[35] /home/travis/build/icyphy/ptII/ptolemy/actor/lib/test/VariableClock.tcl (RunTclFile)" time="0.035" />
  <testcase classname="ptolemy.util.test.junit.AutoKnownFailedTests" name="[0] /home/travis/build/icyphy/ptII/ptolemy/actor/lib/test/auto/knownFailedTests/PublisherPortToplevelSubscriber.xml (RunModel)" time="0.043" />
  <testcase classname="ptolemy.util.test.junit.AutoKnownFailedTests" name="[1] /home/travis/build/icyphy/ptII/ptolemy/actor/lib/test/auto/knownFailedTests/PublisherSubscriberPortToplevel.xml (RunModel)" time="0.034" />
  <testcase classname="ptolemy.util.test.junit.AutoKnownFailedTests" name="[2] /home/travis/build/icyphy/ptII/ptolemy/actor/lib/test/auto/knownFailedTests/PublisherSubscriptionAggregatorPort.xml (RunModel)" time="0.018" />
  <testcase classname="ptolemy.util.test.junit.AutoKnownFailedTests" name="[3] /home/travis/build/icyphy/ptII/ptolemy/actor/lib/test/auto/knownFailedTests/sizedarray3.xml (RunModel)" time="0.028" />
  <testcase classname="ptolemy.util.test.junit.AutoNameArchTests" name="[0] ThereAreNoAutoTests (RunModel)" time="0.002" />
  <testcase classname="ptolemy.util.test.junit.AutoTests" name="[0] /home/travis/build/icyphy/ptII/ptolemy/actor/lib/test/auto/AbsoluteValue.xml (RunModel)" time="0.178" />
  <testcase classname="ptolemy.util.test.junit.AutoTests" name="[1] /home/travis/build/icyphy/ptII/ptolemy/actor/lib/test/auto/AbsoluteValue2.xml (RunModel)" time="0.046" />
  <testcase classname="ptolemy.util.test.junit.AutoTests" name="[2] /home/travis/build/icyphy/ptII/ptolemy/actor/lib/test/auto/Accumulator.xml (RunModel)" time="0.057" />
  <testcase classname="ptolemy.util.test.junit.AutoTests" name="[3] /home/travis/build/icyphy/ptII/ptolemy/actor/lib/test/auto/Accumulator2.xml (RunModel)" time="0.036" />
  <testcase classname="ptolemy.util.test.junit.AutoTests" name="[4] /home/travis/build/icyphy/ptII/ptolemy/actor/lib/test/auto/Accumulator3.xml (RunModel)" time="0.032" />
  <testcase classname="ptolemy.util.test.junit.AutoTests" name="[5] /home/travis/build/icyphy/ptII/ptolemy/actor/lib/test/auto/ArrayAppend.xml (RunModel)" time="0.075" />
  <testcase classname="ptolemy.util.test.junit.AutoTests" name="[6] /home/travis/build/icyphy/ptII/ptolemy/actor/lib/test/auto/ArrayAppend2.xml (RunModel)" time="0.376" />
  <testcase classname="ptolemy.util.test.junit.AutoTests" name="[7] /home/travis/build/icyphy/ptII/ptolemy/actor/lib/test/auto/ArrayAppend3.xml (RunModel)" time="0.024" />
  <testcase classname="ptolemy.util.test.junit.AutoTests" name="[8] /home/travis/build/icyphy/ptII/ptolemy/actor/lib/test/auto/ArrayAppend4.xml (RunModel)" time="0.03" />
  <testcase classname="ptolemy.util.test.junit.AutoTests" name="[9] /home/travis/build/icyphy/ptII/ptolemy/actor/lib/test/auto/ArrayAppend5.xml (RunModel)" time="0.025" />
  <testcase classname="ptolemy.util.test.junit.AutoTests" name="[10] /home/travis/build/icyphy/ptII/ptolemy/actor/lib/test/auto/ArrayAppend6.xml (RunModel)" time="0.022" />
  <testcase classname="ptolemy.util.test.junit.AutoTests" name="[11] /home/travis/build/icyphy/ptII/ptolemy/actor/lib/test/auto/ArrayAppendPerformanceTest.xml (RunModel)" time="0.056" />
  <testcase classname="ptolemy.util.test.junit.AutoTests" name="[12] /home/travis/build/icyphy/ptII/ptolemy/actor/lib/test/auto/ArrayAppendWithEmptyInput.xml (RunModel)" time="0.063" />
  <testcase classname="ptolemy.util.test.junit.AutoTests" name="[13] /home/travis/build/icyphy/ptII/ptolemy/actor/lib/test/auto/ArrayAverage.xml (RunModel)" time="0.041" />
  <testcase classname="ptolemy.util.test.junit.AutoTests" name="[14] /home/travis/build/icyphy/ptII/ptolemy/actor/lib/test/auto/ArrayContains.xml (RunModel)" time="0.038" />
  <testcase classname="ptolemy.util.test.junit.AutoTests" name="[15] /home/travis/build/icyphy/ptII/ptolemy/actor/lib/test/auto/ArrayElement.xml (RunModel)" time="0.035" />
  <testcase classname="ptolemy.util.test.junit.AutoTests" name="[16] /home/travis/build/icyphy/ptII/ptolemy/actor/lib/test/auto/ArrayElementAsMatrix.xml (RunModel)" time="0.049" />
  <testcase classname="ptolemy.util.test.junit.AutoTests" name="[17] /home/travis/build/icyphy/ptII/ptolemy/actor/lib/test/auto/ArrayElementI.xml (RunModel)" time="0.022" />
  <testcase classname="ptolemy.util.test.junit.AutoTests" name="[18] /home/travis/build/icyphy/ptII/ptolemy/actor/lib/test/auto/ArrayExtract.xml (RunModel)" time="0.045" />
  <testcase classname="ptolemy.util.test.junit.AutoTests" name="[19] /home/travis/build/icyphy/ptII/ptolemy/actor/lib/test/auto/ArrayExtract2.xml (RunModel)" time="0.024" />
  <testcase classname="ptolemy.util.test.junit.AutoTests" name="[20] /home/travis/build/icyphy/ptII/ptolemy/actor/lib/test/auto/ArrayLength.xml (RunModel)" time="0.025" />
  <testcase classname="ptolemy.util.test.junit.AutoTests" name="[21] /home/travis/build/icyphy/ptII/ptolemy/actor/lib/test/auto/ArrayLevelCrossing.xml (RunModel)" time="0.035" />
  <testcase classname="ptolemy.util.test.junit.AutoTests" name="[22] /home/travis/build/icyphy/ptII/ptolemy/actor/lib/test/auto/ArrayLevelCrossing2.xml (RunModel)" time="0.032" />
  <testcase classname="ptolemy.util.test.junit.AutoTests" name="[23] /home/travis/build/icyphy/ptII/ptolemy/actor/lib/test/auto/ArrayPeakSearch.xml (RunModel)" time="0.603" />
  <testcase classname="ptolemy.util.test.junit.AutoTests" name="[24] /home/travis/build/icyphy/ptII/ptolemy/actor/lib/test/auto/ArrayPeakSearch2.xml (RunModel)" time="0.046" />
  <testcase classname="ptolemy.util.test.junit.AutoTests" name="[25] /home/travis/build/icyphy/ptII/ptolemy/actor/lib/test/auto/ArrayPeakSearch3.xml (RunModel)" time="0.037" />
  <testcase classname="ptolemy.util.test.junit.AutoTests" name="[26] /home/travis/build/icyphy/ptII/ptolemy/actor/lib/test/auto/ArrayRemoveElement.xml (RunModel)" time="0.03" />
  <testcase classname="ptolemy.util.test.junit.AutoTests" name="[27] /home/travis/build/icyphy/ptII/ptolemy/actor/lib/test/auto/ArraySort.xml (RunModel)" time="0.031" />
  <testcase classname="ptolemy.util.test.junit.AutoTests" name="[28] /home/travis/build/icyphy/ptII/ptolemy/actor/lib/test/auto/ArraySum.xml (RunModel)" time="0.016" />
  <testcase classname="ptolemy.util.test.junit.AutoTests" name="[29] /home/travis/build/icyphy/ptII/ptolemy/actor/lib/test/auto/ArrayToElements.xml (RunModel)" time="0.027" />
  <testcase classname="ptolemy.util.test.junit.AutoTests" name="[30] /home/travis/build/icyphy/ptII/ptolemy/actor/lib/test/auto/ArrayToMatrix.xml (RunModel)" time="0.06" />
  <testcase classname="ptolemy.util.test.junit.AutoTests" name="[31] /home/travis/build/icyphy/ptII/ptolemy/actor/lib/test/auto/ArrayUpdate1.xml (RunModel)" time="0.02" />
  <testcase classname="ptolemy.util.test.junit.AutoTests" name="[32] /home/travis/build/icyphy/ptII/ptolemy/actor/lib/test/auto/ArrayUpdate2.xml (RunModel)" time="0.017" />
  <testcase classname="ptolemy.util.test.junit.AutoTests" name="[33] /home/travis/build/icyphy/ptII/ptolemy/actor/lib/test/auto/ArrayUpdate3.xml (RunModel)" time="0.014" />
  <testcase classname="ptolemy.util.test.junit.AutoTests" name="[34] /home/travis/build/icyphy/ptII/ptolemy/actor/lib/test/auto/Assert1.xml (RunModel)" time="0.022" />
  <testcase classname="ptolemy.util.test.junit.AutoTests" name="[35] /home/travis/build/icyphy/ptII/ptolemy/actor/lib/test/auto/Assert2.xml (RunModel)" time="0.014" />
  <testcase classname="ptolemy.util.test.junit.AutoTests" name="[36] /home/travis/build/icyphy/ptII/ptolemy/actor/lib/test/auto/BooleanMultiplexor.xml (RunModel)" time="0.013" />
  <testcase classname="ptolemy.util.test.junit.AutoTests" name="[37] /home/travis/build/icyphy/ptII/ptolemy/actor/lib/test/auto/BooleanMultiplexor2.xml (RunModel)" time="0.014" />
  <testcase classname="ptolemy.util.test.junit.AutoTests" name="[38] /home/travis/build/icyphy/ptII/ptolemy/actor/lib/test/auto/BooleanMultiplexor3.xml (RunModel)" time="0.011" />
  <testcase classname="ptolemy.util.test.junit.AutoTests" name="[39] /home/travis/build/icyphy/ptII/ptolemy/actor/lib/test/auto/BooleanSelect.xml (RunModel)" time="0.022" />
  <testcase classname="ptolemy.util.test.junit.AutoTests" name="[40] /home/travis/build/icyphy/ptII/ptolemy/actor/lib/test/auto/BooleanSelect2.xml (RunModel)" time="0.012" />
  <testcase classname="ptolemy.util.test.junit.AutoTests" name="[41] /home/travis/build/icyphy/ptII/ptolemy/actor/lib/test/auto/BooleanSwitch.xml (RunModel)" time="0.017" />
  <testcase classname="ptolemy.util.test.junit.AutoTests" name="[42] /home/travis/build/icyphy/ptII/ptolemy/actor/lib/test/auto/BooleanSwitch2.xml (RunModel)" time="0.015" />
  <testcase classname="ptolemy.util.test.junit.AutoTests" name="[43] /home/travis/build/icyphy/ptII/ptolemy/actor/lib/test/auto/BooleanSwitchCloningBugWithClassRelationGroup.xml (RunModel)" time="0.02" />
  <testcase classname="ptolemy.util.test.junit.AutoTests" name="[44] /home/travis/build/icyphy/ptII/ptolemy/actor/lib/test/auto/BusActors.xml (RunModel)" time="0.023" />
  <testcase classname="ptolemy.util.test.junit.AutoTests" name="[45] /home/travis/build/icyphy/ptII/ptolemy/actor/lib/test/auto/ClassWrapper.xml (RunModel)" time="0.009" />
  <testcase classname="ptolemy.util.test.junit.AutoTests" name="[46] /home/travis/build/icyphy/ptII/ptolemy/actor/lib/test/auto/Clock.xml (RunModel)" time="0.007" />
  <testcase classname="ptolemy.util.test.junit.AutoTests" name="[47] /home/travis/build/icyphy/ptII/ptolemy/actor/lib/test/auto/Clock10.xml (RunModel)" time="0.012" />
  <testcase classname="ptolemy.util.test.junit.AutoTests" name="[48] /home/travis/build/icyphy/ptII/ptolemy/actor/lib/test/auto/Clock11.xml (RunModel)" time="0.011" />
  <testcase classname="ptolemy.util.test.junit.AutoTests" name="[49] /home/travis/build/icyphy/ptII/ptolemy/actor/lib/test/auto/Clock12.xml (RunModel)" time="0.013" />
  <testcase classname="ptolemy.util.test.junit.AutoTests" name="[50] /home/travis/build/icyphy/ptII/ptolemy/actor/lib/test/auto/Clock13.xml (RunModel)" time="0.017" />
  <testcase classname="ptolemy.util.test.junit.AutoTests" name="[51] /home/travis/build/icyphy/ptII/ptolemy/actor/lib/test/auto/Clock14.xml (RunModel)" time="0.019" />
  <testcase classname="ptolemy.util.test.junit.AutoTests" name="[52] /home/travis/build/icyphy/ptII/ptolemy/actor/lib/test/auto/Clock15.xml (RunModel)" time="0.017" />
  <testcase classname="ptolemy.util.test.junit.AutoTests" name="[53] /home/travis/build/icyphy/ptII/ptolemy/actor/lib/test/auto/Clock16.xml (RunModel)" time="0.079" />
  <testcase classname="ptolemy.util.test.junit.AutoTests" name="[54] /home/travis/build/icyphy/ptII/ptolemy/actor/lib/test/auto/Clock17.xml (RunModel)" time="0.037" />
  <testcase classname="ptolemy.util.test.junit.AutoTests" name="[55] /home/travis/build/icyphy/ptII/ptolemy/actor/lib/test/auto/Clock18.xml (RunModel)" time="0.046" />
  <testcase classname="ptolemy.util.test.junit.AutoTests" name="[56] /home/travis/build/icyphy/ptII/ptolemy/actor/lib/test/auto/Clock19.xml (RunModel)" time="0.043" />
  <testcase classname="ptolemy.util.test.junit.AutoTests" name="[57] /home/travis/build/icyphy/ptII/ptolemy/actor/lib/test/auto/Clock2.xml (RunModel)" time="0.015" />
  <testcase classname="ptolemy.util.test.junit.AutoTests" name="[58] /home/travis/build/icyphy/ptII/ptolemy/actor/lib/test/auto/Clock20.xml (RunModel)" time="0.026" />
  <testcase classname="ptolemy.util.test.junit.AutoTests" name="[59] /home/travis/build/icyphy/ptII/ptolemy/actor/lib/test/auto/Clock21.xml (RunModel)" time="0.019" />
  <testcase classname="ptolemy.util.test.junit.AutoTests" name="[60] /home/travis/build/icyphy/ptII/ptolemy/actor/lib/test/auto/Clock22.xml (RunModel)" time="0.02" />
  <testcase classname="ptolemy.util.test.junit.AutoTests" name="[61] /home/travis/build/icyphy/ptII/ptolemy/actor/lib/test/auto/Clock23.xml (RunModel)" time="0.02" />
  <testcase classname="ptolemy.util.test.junit.AutoTests" name="[62] /home/travis/build/icyphy/ptII/ptolemy/actor/lib/test/auto/Clock24.xml (RunModel)" time="0.018" />
  <testcase classname="ptolemy.util.test.junit.AutoTests" name="[63] /home/travis/build/icyphy/ptII/ptolemy/actor/lib/test/auto/Clock4.xml (RunModel)" time="0.017" />
  <testcase classname="ptolemy.util.test.junit.AutoTests" name="[64] /home/travis/build/icyphy/ptII/ptolemy/actor/lib/test/auto/Clock5.xml (RunModel)" time="0.014" />
  <testcase classname="ptolemy.util.test.junit.AutoTests" name="[65] /home/travis/build/icyphy/ptII/ptolemy/actor/lib/test/auto/Clock6.xml (RunModel)" time="0.014" />
  <testcase classname="ptolemy.util.test.junit.AutoTests" name="[66] /home/travis/build/icyphy/ptII/ptolemy/actor/lib/test/auto/Clock7.xml (RunModel)" time="0.011" />
  <testcase classname="ptolemy.util.test.junit.AutoTests" name="[67] /home/travis/build/icyphy/ptII/ptolemy/actor/lib/test/auto/Clock8.xml (RunModel)" time="0.019" />
  <testcase classname="ptolemy.util.test.junit.AutoTests" name="[68] /home/travis/build/icyphy/ptII/ptolemy/actor/lib/test/auto/Clock9.xml (RunModel)" time="0.017" />
  <testcase classname="ptolemy.util.test.junit.AutoTests" name="[69] /home/travis/build/icyphy/ptII/ptolemy/actor/lib/test/auto/CommDistDiscard.xml (RunModel)" time="0.022" />
  <testcase classname="ptolemy.util.test.junit.AutoTests" name="[70] /home/travis/build/icyphy/ptII/ptolemy/actor/lib/test/auto/Commutator.xml (RunModel)" time="0.016" />
  <testcase classname="ptolemy.util.test.junit.AutoTests" name="[71] /home/travis/build/icyphy/ptII/ptolemy/actor/lib/test/auto/Commutator2.xml (RunModel)" time="0.012" />
  <testcase classname="ptolemy.util.test.junit.AutoTests" name="[72] /home/travis/build/icyphy/ptII/ptolemy/actor/lib/test/auto/Commutator3.xml (RunModel)" time="0.014" />
  <testcase classname="ptolemy.util.test.junit.AutoTests" name="[73] /home/travis/build/icyphy/ptII/ptolemy/actor/lib/test/auto/Compare.xml (RunModel)" time="0.021" />
  <testcase classname="ptolemy.util.test.junit.AutoTests" name="[74] /home/travis/build/icyphy/ptII/ptolemy/actor/lib/test/auto/CompareDE.xml (RunModel)" time="0.019" />
  <testcase classname="ptolemy.util.test.junit.AutoTests" name="[75] /home/travis/build/icyphy/ptII/ptolemy/actor/lib/test/auto/ComplexDivide.xml (RunModel)" time="0.013" />
  <testcase classname="ptolemy.util.test.junit.AutoTests" name="[76] /home/travis/build/icyphy/ptII/ptolemy/actor/lib/test/auto/ComputeHistogram.xml (RunModel)" time="0.067" />
  <testcase classname="ptolemy.util.test.junit.AutoTests" name="[77] /home/travis/build/icyphy/ptII/ptolemy/actor/lib/test/auto/ConfigurationSelect.xml (RunModel)" time="0.028" />
  <testcase classname="ptolemy.util.test.junit.AutoTests" name="[78] /home/travis/build/icyphy/ptII/ptolemy/actor/lib/test/auto/ConfigurationSelect2.xml (RunModel)" time="0.014" />
  <testcase classname="ptolemy.util.test.junit.AutoTests" name="[79] /home/travis/build/icyphy/ptII/ptolemy/actor/lib/test/auto/ConfigurationSwitch.xml (RunModel)" time="0.026" />
  <testcase classname="ptolemy.util.test.junit.AutoTests" name="[80] /home/travis/build/icyphy/ptII/ptolemy/actor/lib/test/auto/ConfigurationSwitch2.xml (RunModel)" time="0.019" />
  <testcase classname="ptolemy.util.test.junit.AutoTests" name="[81] /home/travis/build/icyphy/ptII/ptolemy/actor/lib/test/auto/ConfigurationSwitchCloningBugWithClassRelationGroup.xml (RunModel)" time="0.019" />
  <testcase classname="ptolemy.util.test.junit.AutoTests" name="[82] /home/travis/build/icyphy/ptII/ptolemy/actor/lib/test/auto/ConfigurationSwitchSelectSDF.xml (RunModel)" time="0.016" />
  <testcase classname="ptolemy.util.test.junit.AutoTests" name="[83] /home/travis/build/icyphy/ptII/ptolemy/actor/lib/test/auto/ConfigurationSwitchSelectSDF2.xml (RunModel)" time="0.021" />
  <testcase classname="ptolemy.util.test.junit.AutoTests" name="[84] /home/travis/build/icyphy/ptII/ptolemy/actor/lib/test/auto/Const.xml (RunModel)" time="0.007" />
  <testcase classname="ptolemy.util.test.junit.AutoTests" name="[85] /home/travis/build/icyphy/ptII/ptolemy/actor/lib/test/auto/Const2.xml (RunModel)" time="0.01" />
  <testcase classname="ptolemy.util.test.junit.AutoTests" name="[86] /home/travis/build/icyphy/ptII/ptolemy/actor/lib/test/auto/Const3.xml (RunModel)" time="0.005" />
  <testcase classname="ptolemy.util.test.junit.AutoTests" name="[87] /home/travis/build/icyphy/ptII/ptolemy/actor/lib/test/auto/ConstantPublisherPort1.xml (RunModel)" time="0.024" />
  <testcase classname="ptolemy.util.test.junit.AutoTests" name="[88] /home/travis/build/icyphy/ptII/ptolemy/actor/lib/test/auto/ConstantPublisherPort2.xml (RunModel)" time="0.017" />
  <testcase classname="ptolemy.util.test.junit.AutoTests" name="[89] /home/travis/build/icyphy/ptII/ptolemy/actor/lib/test/auto/ConstantPublisherPort3.xml (RunModel)" time="0.017" />
  <testcase classname="ptolemy.util.test.junit.AutoTests" name="[90] /home/travis/build/icyphy/ptII/ptolemy/actor/lib/test/auto/ConstantPublisherPort4.xml (RunModel)" time="0.014" />
  <testcase classname="ptolemy.util.test.junit.AutoTests" name="[91] /home/travis/build/icyphy/ptII/ptolemy/actor/lib/test/auto/ConstantPublisherPort5.xml (RunModel)" time="0.031" />
  <testcase classname="ptolemy.util.test.junit.AutoTests" name="[92] /home/travis/build/icyphy/ptII/ptolemy/actor/lib/test/auto/ConstantPublisherPort6.xml (RunModel)" time="0.029" />
  <testcase classname="ptolemy.util.test.junit.AutoTests" name="[93] /home/travis/build/icyphy/ptII/ptolemy/actor/lib/test/auto/ConstantPublisherPort7.xml (RunModel)" time="0.03" />
  <testcase classname="ptolemy.util.test.junit.AutoTests" name="[94] /home/travis/build/icyphy/ptII/ptolemy/actor/lib/test/auto/ConstraintMonitor1.xml (RunModel)" time="0.026" />
  <testcase classname="ptolemy.util.test.junit.AutoTests" name="[95] /home/travis/build/icyphy/ptII/ptolemy/actor/lib/test/auto/ConstraintMonitor2.xml (RunModel)" time="0.013" />
  <testcase classname="ptolemy.util.test.junit.AutoTests" name="[96] /home/travis/build/icyphy/ptII/ptolemy/actor/lib/test/auto/ConstraintMonitor3.xml (RunModel)" time="0.013" />
  <testcase classname="ptolemy.util.test.junit.AutoTests" name="[97] /home/travis/build/icyphy/ptII/ptolemy/actor/lib/test/auto/ConstraintMonitor4.xml (RunModel)" time="0.019" />
  <testcase classname="ptolemy.util.test.junit.AutoTests" name="[98] /home/travis/build/icyphy/ptII/ptolemy/actor/lib/test/auto/ConstraintMonitor5.xml (RunModel)" time="0.013" />
  <testcase classname="ptolemy.util.test.junit.AutoTests" name="[99] /home/travis/build/icyphy/ptII/ptolemy/actor/lib/test/auto/ConstraintMonitor6.xml (RunModel)" time="0.021" />
  <testcase classname="ptolemy.util.test.junit.AutoTests" name="[100] /home/travis/build/icyphy/ptII/ptolemy/actor/lib/test/auto/ConstraintMonitor7.xml (RunModel)" time="0.013" />
  <testcase classname="ptolemy.util.test.junit.AutoTests" name="[101] /home/travis/build/icyphy/ptII/ptolemy/actor/lib/test/auto/ConstraintMonitor8.xml (RunModel)" time="0.015" />
  <testcase classname="ptolemy.util.test.junit.AutoTests" name="[102] /home/travis/build/icyphy/ptII/ptolemy/actor/lib/test/auto/Counter.xml (RunModel)" time="0.01" />
  <testcase classname="ptolemy.util.test.junit.AutoTests" name="[103] /home/travis/build/icyphy/ptII/ptolemy/actor/lib/test/auto/CurrentTimeSDF.xml (RunModel)" time="0.008" />
  <testcase classname="ptolemy.util.test.junit.AutoTests" name="[104] /home/travis/build/icyphy/ptII/ptolemy/actor/lib/test/auto/DB.xml (RunModel)" time="0.012" />
  <testcase classname="ptolemy.util.test.junit.AutoTests" name="[105] /home/travis/build/icyphy/ptII/ptolemy/actor/lib/test/auto/DBDE.xml (RunModel)" time="0.014" />
  <testcase classname="ptolemy.util.test.junit.AutoTests" name="[106] /home/travis/build/icyphy/ptII/ptolemy/actor/lib/test/auto/DateConstructor.xml (RunModel)" time="0.048" />
  <testcase classname="ptolemy.util.test.junit.AutoTests" name="[107] /home/travis/build/icyphy/ptII/ptolemy/actor/lib/test/auto/DelayTime.xml (RunModel)" time="0.016" />
  <testcase classname="ptolemy.util.test.junit.AutoTests" name="[108] /home/travis/build/icyphy/ptII/ptolemy/actor/lib/test/auto/Dictionary1.xml (RunModel)" time="0.016" />
  <testcase classname="ptolemy.util.test.junit.AutoTests" name="[109] /home/travis/build/icyphy/ptII/ptolemy/actor/lib/test/auto/Dictionary2.xml (RunModel)" time="0.015" />
  <testcase classname="ptolemy.util.test.junit.AutoTests" name="[110] /home/travis/build/icyphy/ptII/ptolemy/actor/lib/test/auto/Dictionary3.xml (RunModel)" time="0.014" />
  <testcase classname="ptolemy.util.test.junit.AutoTests" name="[111] /home/travis/build/icyphy/ptII/ptolemy/actor/lib/test/auto/Dictionary4.xml (RunModel)" time="0.019" />
  <testcase classname="ptolemy.util.test.junit.AutoTests" name="[112] /home/travis/build/icyphy/ptII/ptolemy/actor/lib/test/auto/Differential.xml (RunModel)" time="0.014" />
  <testcase classname="ptolemy.util.test.junit.AutoTests" name="[113] /home/travis/build/icyphy/ptII/ptolemy/actor/lib/test/auto/Director.xml (RunModel)" time="0.01" />
  <testcase classname="ptolemy.util.test.junit.AutoTests" name="[114] /home/travis/build/icyphy/ptII/ptolemy/actor/lib/test/auto/DiscreteClock.xml (RunModel)" time="0.008" />
  <testcase classname="ptolemy.util.test.junit.AutoTests" name="[115] /home/travis/build/icyphy/ptII/ptolemy/actor/lib/test/auto/DiscreteClock10.xml (RunModel)" time="0.013" />
  <testcase classname="ptolemy.util.test.junit.AutoTests" name="[116] /home/travis/build/icyphy/ptII/ptolemy/actor/lib/test/auto/DiscreteClock11.xml (RunModel)" time="0.013" />
  <testcase classname="ptolemy.util.test.junit.AutoTests" name="[117] /home/travis/build/icyphy/ptII/ptolemy/actor/lib/test/auto/DiscreteClock12.xml (RunModel)" time="0.012" />
  <testcase classname="ptolemy.util.test.junit.AutoTests" name="[118] /home/travis/build/icyphy/ptII/ptolemy/actor/lib/test/auto/DiscreteClock13.xml (RunModel)" time="0.017" />
  <testcase classname="ptolemy.util.test.junit.AutoTests" name="[119] /home/travis/build/icyphy/ptII/ptolemy/actor/lib/test/auto/DiscreteClock14.xml (RunModel)" time="0.017" />
  <testcase classname="ptolemy.util.test.junit.AutoTests" name="[120] /home/travis/build/icyphy/ptII/ptolemy/actor/lib/test/auto/DiscreteClock15.xml (RunModel)" time="0.013" />
  <testcase classname="ptolemy.util.test.junit.AutoTests" name="[121] /home/travis/build/icyphy/ptII/ptolemy/actor/lib/test/auto/DiscreteClock16.xml (RunModel)" time="0.041" />
  <testcase classname="ptolemy.util.test.junit.AutoTests" name="[122] /home/travis/build/icyphy/ptII/ptolemy/actor/lib/test/auto/DiscreteClock17.xml (RunModel)" time="0.041" />
  <testcase classname="ptolemy.util.test.junit.AutoTests" name="[123] /home/travis/build/icyphy/ptII/ptolemy/actor/lib/test/auto/DiscreteClock18.xml (RunModel)" time="0.043" />
  <testcase classname="ptolemy.util.test.junit.AutoTests" name="[124] /home/travis/build/icyphy/ptII/ptolemy/actor/lib/test/auto/DiscreteClock19.xml (RunModel)" time="0.04" />
  <testcase classname="ptolemy.util.test.junit.AutoTests" name="[125] /home/travis/build/icyphy/ptII/ptolemy/actor/lib/test/auto/DiscreteClock2.xml (RunModel)" time="0.013" />
  <testcase classname="ptolemy.util.test.junit.AutoTests" name="[126] /home/travis/build/icyphy/ptII/ptolemy/actor/lib/test/auto/DiscreteClock20.xml (RunModel)" time="0.017" />
  <testcase classname="ptolemy.util.test.junit.AutoTests" name="[127] /home/travis/build/icyphy/ptII/ptolemy/actor/lib/test/auto/DiscreteClock21.xml (RunModel)" time="0.016" />
  <testcase classname="ptolemy.util.test.junit.AutoTests" name="[128] /home/travis/build/icyphy/ptII/ptolemy/actor/lib/test/auto/DiscreteClock22.xml (RunModel)" time="0.018" />
  <testcase classname="ptolemy.util.test.junit.AutoTests" name="[129] /home/travis/build/icyphy/ptII/ptolemy/actor/lib/test/auto/DiscreteClock23.xml (RunModel)" time="0.022" />
  <testcase classname="ptolemy.util.test.junit.AutoTests" name="[130] /home/travis/build/icyphy/ptII/ptolemy/actor/lib/test/auto/DiscreteClock24.xml (RunModel)" time="0.02" />
  <testcase classname="ptolemy.util.test.junit.AutoTests" name="[131] /home/travis/build/icyphy/ptII/ptolemy/actor/lib/test/auto/DiscreteClock4.xml (RunModel)" time="0.014" />
  <testcase classname="ptolemy.util.test.junit.AutoTests" name="[132] /home/travis/build/icyphy/ptII/ptolemy/actor/lib/test/auto/DiscreteClock5.xml (RunModel)" time="0.01" />
  <testcase classname="ptolemy.util.test.junit.AutoTests" name="[133] /home/travis/build/icyphy/ptII/ptolemy/actor/lib/test/auto/DiscreteClock6.xml (RunModel)" time="0.009" />
  <testcase classname="ptolemy.util.test.junit.AutoTests" name="[134] /home/travis/build/icyphy/ptII/ptolemy/actor/lib/test/auto/DiscreteClock7.xml (RunModel)" time="0.01" />
  <testcase classname="ptolemy.util.test.junit.AutoTests" name="[135] /home/travis/build/icyphy/ptII/ptolemy/actor/lib/test/auto/DiscreteClock8.xml (RunModel)" time="0.014" />
  <testcase classname="ptolemy.util.test.junit.AutoTests" name="[136] /home/travis/build/icyphy/ptII/ptolemy/actor/lib/test/auto/DiscreteClock9.xml (RunModel)" time="0.014" />
  <testcase classname="ptolemy.util.test.junit.AutoTests" name="[137] /home/travis/build/icyphy/ptII/ptolemy/actor/lib/test/auto/DisplayArray.xml (RunModel)" time="0.018" />
  <testcase classname="ptolemy.util.test.junit.AutoTests" name="[138] /home/travis/build/icyphy/ptII/ptolemy/actor/lib/test/auto/Distributor.xml (RunModel)" time="0.009" />
  <testcase classname="ptolemy.util.test.junit.AutoTests" name="[139] /home/travis/build/icyphy/ptII/ptolemy/actor/lib/test/auto/Distributor2.xml (RunModel)" time="0.011" />
  <testcase classname="ptolemy.util.test.junit.AutoTests" name="[140] /home/travis/build/icyphy/ptII/ptolemy/actor/lib/test/auto/DownSample.xml (RunModel)" time="0.011" />
  <testcase classname="ptolemy.util.test.junit.AutoTests" name="[141] /home/travis/build/icyphy/ptII/ptolemy/actor/lib/test/auto/ElectronicUnitBase1.xml (RunModel)" time="0.072" />
  <testcase classname="ptolemy.util.test.junit.AutoTests" name="[142] /home/travis/build/icyphy/ptII/ptolemy/actor/lib/test/auto/ElementsToArray.xml (RunModel)" time="0.01" />
  <testcase classname="ptolemy.util.test.junit.AutoTests" name="[143] /home/travis/build/icyphy/ptII/ptolemy/actor/lib/test/auto/Equals.xml (RunModel)" time="0.019" />
  <testcase classname="ptolemy.util.test.junit.AutoTests" name="[144] /home/travis/build/icyphy/ptII/ptolemy/actor/lib/test/auto/Exec.xml (RunModel)" time="0.021" />
  <testcase classname="ptolemy.util.test.junit.AutoTests" name="[145] /home/travis/build/icyphy/ptII/ptolemy/actor/lib/test/auto/ExecEnvironment.xml (RunModel)" time="0.038" />
  <testcase classname="ptolemy.util.test.junit.AutoTests" name="[146] /home/travis/build/icyphy/ptII/ptolemy/actor/lib/test/auto/ExecNonZeroReturnOutput.xml (RunModel)" time="0.138" />
  <testcase classname="ptolemy.util.test.junit.AutoTests" name="[147] /home/travis/build/icyphy/ptII/ptolemy/actor/lib/test/auto/ExecRunDemos.xml (RunModel)" time="9.182" />
  <testcase classname="ptolemy.util.test.junit.AutoTests" name="[148] /home/travis/build/icyphy/ptII/ptolemy/actor/lib/test/auto/ExecStop.xml (RunModel)" time="5.021" />
  <testcase classname="ptolemy.util.test.junit.AutoTests" name="[149] /home/travis/build/icyphy/ptII/ptolemy/actor/lib/test/auto/ExecutionTimePN.xml (RunModel)" time="2.036" />
  <testcase classname="ptolemy.util.test.junit.AutoTests" name="[150] /home/travis/build/icyphy/ptII/ptolemy/actor/lib/test/auto/ExecutionTimeSDF.xml (RunModel)" time="6.021" />
  <testcase classname="ptolemy.util.test.junit.AutoTests" name="[151] /home/travis/build/icyphy/ptII/ptolemy/actor/lib/test/auto/Expression1.xml (RunModel)" time="0.014" />
  <testcase classname="ptolemy.util.test.junit.AutoTests" name="[152] /home/travis/build/icyphy/ptII/ptolemy/actor/lib/test/auto/Expression10.xml (RunModel)" time="0.016" />
  <testcase classname="ptolemy.util.test.junit.AutoTests" name="[153] /home/travis/build/icyphy/ptII/ptolemy/actor/lib/test/auto/Expression11.xml (RunModel)" time="0.01" />
  <testcase classname="ptolemy.util.test.junit.AutoTests" name="[154] /home/travis/build/icyphy/ptII/ptolemy/actor/lib/test/auto/Expression12.xml (RunModel)" time="0.014" />
  <testcase classname="ptolemy.util.test.junit.AutoTests" name="[155] /home/travis/build/icyphy/ptII/ptolemy/actor/lib/test/auto/Expression13.xml (RunModel)" time="0.013" />
  <testcase classname="ptolemy.util.test.junit.AutoTests" name="[156] /home/travis/build/icyphy/ptII/ptolemy/actor/lib/test/auto/Expression14.xml (RunModel)" time="0.017" />
  <testcase classname="ptolemy.util.test.junit.AutoTests" name="[157] /home/travis/build/icyphy/ptII/ptolemy/actor/lib/test/auto/Expression15.xml (RunModel)" time="0.007" />
  <testcase classname="ptolemy.util.test.junit.AutoTests" name="[158] /home/travis/build/icyphy/ptII/ptolemy/actor/lib/test/auto/Expression16.xml (RunModel)" time="0.012" />
  <testcase classname="ptolemy.util.test.junit.AutoTests" name="[159] /home/travis/build/icyphy/ptII/ptolemy/actor/lib/test/auto/Expression17.xml (RunModel)" time="0.012" />
  <testcase classname="ptolemy.util.test.junit.AutoTests" name="[160] /home/travis/build/icyphy/ptII/ptolemy/actor/lib/test/auto/Expression18.xml (RunModel)" time="0.016" />
  <testcase classname="ptolemy.util.test.junit.AutoTests" name="[161] /home/travis/build/icyphy/ptII/ptolemy/actor/lib/test/auto/Expression2.xml (RunModel)" time="0.012" />
  <testcase classname="ptolemy.util.test.junit.AutoTests" name="[162] /home/travis/build/icyphy/ptII/ptolemy/actor/lib/test/auto/Expression3.xml (RunModel)" time="0.013" />
  <testcase classname="ptolemy.util.test.junit.AutoTests" name="[163] /home/travis/build/icyphy/ptII/ptolemy/actor/lib/test/auto/Expression4.xml (RunModel)" time="0.017" />
  <testcase classname="ptolemy.util.test.junit.AutoTests" name="[164] /home/travis/build/icyphy/ptII/ptolemy/actor/lib/test/auto/Expression5.xml (RunModel)" time="0.013" />
  <testcase classname="ptolemy.util.test.junit.AutoTests" name="[165] /home/travis/build/icyphy/ptII/ptolemy/actor/lib/test/auto/Expression6.xml (RunModel)" time="0.01" />
  <testcase classname="ptolemy.util.test.junit.AutoTests" name="[166] /home/travis/build/icyphy/ptII/ptolemy/actor/lib/test/auto/Expression7.xml (RunModel)" time="0.017" />
  <testcase classname="ptolemy.util.test.junit.AutoTests" name="[167] /home/travis/build/icyphy/ptII/ptolemy/actor/lib/test/auto/Expression8.xml (RunModel)" time="0.015" />
  <testcase classname="ptolemy.util.test.junit.AutoTests" name="[168] /home/travis/build/icyphy/ptII/ptolemy/actor/lib/test/auto/Expression9.xml (RunModel)" time="0.007" />
  <testcase classname="ptolemy.util.test.junit.AutoTests" name="[169] /home/travis/build/icyphy/ptII/ptolemy/actor/lib/test/auto/ExpressionConcatenateArrayType.xml (RunModel)" time="0.026" />
  <testcase classname="ptolemy.util.test.junit.AutoTests" name="[170] /home/travis/build/icyphy/ptII/ptolemy/actor/lib/test/auto/ExpressionConcatenateArrayType2.xml (RunModel)" time="0.019" />
  <testcase classname="ptolemy.util.test.junit.AutoTests" name="[171] /home/travis/build/icyphy/ptII/ptolemy/actor/lib/test/auto/ExpressionFix.xml (RunModel)" time="0.037" />
  <testcase classname="ptolemy.util.test.junit.AutoTests" name="[172] /home/travis/build/icyphy/ptII/ptolemy/actor/lib/test/auto/ExpressionFix2.xml (RunModel)" time="0.015" />
  <testcase classname="ptolemy.util.test.junit.AutoTests" name="[173] /home/travis/build/icyphy/ptII/ptolemy/actor/lib/test/auto/ExpressionFix3.xml (RunModel)" time="0.011" />
  <testcase classname="ptolemy.util.test.junit.AutoTests" name="[174] /home/travis/build/icyphy/ptII/ptolemy/actor/lib/test/auto/FileWriter1.xml (RunModel)" time="0.011" />
  <testcase classname="ptolemy.util.test.junit.AutoTests" name="[175] /home/travis/build/icyphy/ptII/ptolemy/actor/lib/test/auto/FileWriter2.xml (RunModel)" time="0.012" />
  <testcase classname="ptolemy.util.test.junit.AutoTests" name="[176] /home/travis/build/icyphy/ptII/ptolemy/actor/lib/test/auto/FileWriter3.xml (RunModel)" time="0.015" />
  <testcase classname="ptolemy.util.test.junit.AutoTests" name="[177] /home/travis/build/icyphy/ptII/ptolemy/actor/lib/test/auto/Gaussian.xml (RunModel)" time="0.011" />
  <testcase classname="ptolemy.util.test.junit.AutoTests" name="[178] /home/travis/build/icyphy/ptII/ptolemy/actor/lib/test/auto/Gaussian1.xml (RunModel)" time="0.012" />
  <testcase classname="ptolemy.util.test.junit.AutoTests" name="[179] /home/travis/build/icyphy/ptII/ptolemy/actor/lib/test/auto/Gaussian2.xml (RunModel)" time="0.014" />
  <testcase classname="ptolemy.util.test.junit.AutoTests" name="[180] /home/travis/build/icyphy/ptII/ptolemy/actor/lib/test/auto/GradientAdaptiveLattice.xml (RunModel)" time="0.014" />
  <testcase classname="ptolemy.util.test.junit.AutoTests" name="[181] /home/travis/build/icyphy/ptII/ptolemy/actor/lib/test/auto/IIR.xml (RunModel)" time="0.011" />
  <testcase classname="ptolemy.util.test.junit.AutoTests" name="[182] /home/travis/build/icyphy/ptII/ptolemy/actor/lib/test/auto/InputOutputTransparentPorts.xml (RunModel)" time="0.018" />
  <testcase classname="ptolemy.util.test.junit.AutoTests" name="[183] /home/travis/build/icyphy/ptII/ptolemy/actor/lib/test/auto/Interpolator.xml (RunModel)" time="0.01" />
  <testcase classname="ptolemy.util.test.junit.AutoTests" name="[184] /home/travis/build/icyphy/ptII/ptolemy/actor/lib/test/auto/InterpolatorFiringLimitDE.xml (RunModel)" time="0.017" />
  <testcase classname="ptolemy.util.test.junit.AutoTests" name="[185] /home/travis/build/icyphy/ptII/ptolemy/actor/lib/test/auto/Lattice.xml (RunModel)" time="0.007" />
  <testcase classname="ptolemy.util.test.junit.AutoTests" name="[186] /home/travis/build/icyphy/ptII/ptolemy/actor/lib/test/auto/LazyAOCTestLazy.xml (RunModel)" time="0.018" />
  <testcase classname="ptolemy.util.test.junit.AutoTests" name="[187] /home/travis/build/icyphy/ptII/ptolemy/actor/lib/test/auto/LazyAOCTestNonLazy.xml (RunModel)" time="0.051" />
  <testcase classname="ptolemy.util.test.junit.AutoTests" name="[188] /home/travis/build/icyphy/ptII/ptolemy/actor/lib/test/auto/LazyInnerClass.xml (RunModel)" time="0.052" />
  <testcase classname="ptolemy.util.test.junit.AutoTests" name="[189] /home/travis/build/icyphy/ptII/ptolemy/actor/lib/test/auto/LazyPubSub.xml (RunModel)" time="0.057" />
  <testcase classname="ptolemy.util.test.junit.AutoTests" name="[190] /home/travis/build/icyphy/ptII/ptolemy/actor/lib/test/auto/LazyPubSub2.xml (RunModel)" time="0.049" />
  <testcase classname="ptolemy.util.test.junit.AutoTests" name="[191] /home/travis/build/icyphy/ptII/ptolemy/actor/lib/test/auto/LazyPubSub3.xml (RunModel)" time="0.022" />
  <testcase classname="ptolemy.util.test.junit.AutoTests" name="[192] /home/travis/build/icyphy/ptII/ptolemy/actor/lib/test/auto/LazySubClassModel.xml (RunModel)" time="0.018" />
  <testcase classname="ptolemy.util.test.junit.AutoTests" name="[193] /home/travis/build/icyphy/ptII/ptolemy/actor/lib/test/auto/LevelCrossTest1.xml (RunModel)" time="0.009" />
  <testcase classname="ptolemy.util.test.junit.AutoTests" name="[194] /home/travis/build/icyphy/ptII/ptolemy/actor/lib/test/auto/LevelCrossTest10.xml (RunModel)" time="0.013" />
  <testcase classname="ptolemy.util.test.junit.AutoTests" name="[195] /home/travis/build/icyphy/ptII/ptolemy/actor/lib/test/auto/LevelCrossTest11.xml (RunModel)" time="0.011" />
  <testcase classname="ptolemy.util.test.junit.AutoTests" name="[196] /home/travis/build/icyphy/ptII/ptolemy/actor/lib/test/auto/LevelCrossTest12.xml (RunModel)" time="0.011" />
  <testcase classname="ptolemy.util.test.junit.AutoTests" name="[197] /home/travis/build/icyphy/ptII/ptolemy/actor/lib/test/auto/LevelCrossTest13.xml (RunModel)" time="0.012" />
  <testcase classname="ptolemy.util.test.junit.AutoTests" name="[198] /home/travis/build/icyphy/ptII/ptolemy/actor/lib/test/auto/LevelCrossTest2.xml (RunModel)" time="0.01" />
  <testcase classname="ptolemy.util.test.junit.AutoTests" name="[199] /home/travis/build/icyphy/ptII/ptolemy/actor/lib/test/auto/LevelCrossTest3.xml (RunModel)" time="0.011" />
  <testcase classname="ptolemy.util.test.junit.AutoTests" name="[200] /home/travis/build/icyphy/ptII/ptolemy/actor/lib/test/auto/LevelCrossTest4.xml (RunModel)" time="0.01" />
  <testcase classname="ptolemy.util.test.junit.AutoTests" name="[201] /home/travis/build/icyphy/ptII/ptolemy/actor/lib/test/auto/LevelCrossTest5.xml (RunModel)" time="0.011" />
  <testcase classname="ptolemy.util.test.junit.AutoTests" name="[202] /home/travis/build/icyphy/ptII/ptolemy/actor/lib/test/auto/LevelCrossTest6.xml (RunModel)" time="0.011" />
  <testcase classname="ptolemy.util.test.junit.AutoTests" name="[203] /home/travis/build/icyphy/ptII/ptolemy/actor/lib/test/auto/LevelCrossTest7.xml (RunModel)" time="0.012" />
  <testcase classname="ptolemy.util.test.junit.AutoTests" name="[204] /home/travis/build/icyphy/ptII/ptolemy/actor/lib/test/auto/LevelCrossTest8.xml (RunModel)" time="0.012" />
  <testcase classname="ptolemy.util.test.junit.AutoTests" name="[205] /home/travis/build/icyphy/ptII/ptolemy/actor/lib/test/auto/LevelCrossTest9.xml (RunModel)" time="0.013" />
  <testcase classname="ptolemy.util.test.junit.AutoTests" name="[206] /home/travis/build/icyphy/ptII/ptolemy/actor/lib/test/auto/LevinsonDurbin.xml (RunModel)" time="0.008" />
  <testcase classname="ptolemy.util.test.junit.AutoTests" name="[207] /home/travis/build/icyphy/ptII/ptolemy/actor/lib/test/auto/LevinsonDurbin2.xml (RunModel)" time="0.007" />
  <testcase classname="ptolemy.util.test.junit.AutoTests" name="[208] /home/travis/build/icyphy/ptII/ptolemy/actor/lib/test/auto/LevinsonDurbin3.xml (RunModel)" time="0.007" />
  <testcase classname="ptolemy.util.test.junit.AutoTests" name="[209] /home/travis/build/icyphy/ptII/ptolemy/actor/lib/test/auto/Limiter.xml (RunModel)" time="0.02" />
  <testcase classname="ptolemy.util.test.junit.AutoTests" name="[210] /home/travis/build/icyphy/ptII/ptolemy/actor/lib/test/auto/LinearDifferenceEquationSystem.xml (RunModel)" time="0.018" />
  <testcase classname="ptolemy.util.test.junit.AutoTests" name="[211] /home/travis/build/icyphy/ptII/ptolemy/actor/lib/test/auto/LookupTable.xml (RunModel)" time="0.008" />
  <testcase classname="ptolemy.util.test.junit.AutoTests" name="[212] /home/travis/build/icyphy/ptII/ptolemy/actor/lib/test/auto/MathFunction.xml (RunModel)" time="0.017" />
  <testcase classname="ptolemy.util.test.junit.AutoTests" name="[213] /home/travis/build/icyphy/ptII/ptolemy/actor/lib/test/auto/MathFunction2.xml (RunModel)" time="0.008" />
  <testcase classname="ptolemy.util.test.junit.AutoTests" name="[214] /home/travis/build/icyphy/ptII/ptolemy/actor/lib/test/auto/MathFunction3.xml (RunModel)" time="0.014" />
  <testcase classname="ptolemy.util.test.junit.AutoTests" name="[215] /home/travis/build/icyphy/ptII/ptolemy/actor/lib/test/auto/MatrixCropBoolean.xml (RunModel)" time="0.008" />
  <testcase classname="ptolemy.util.test.junit.AutoTests" name="[216] /home/travis/build/icyphy/ptII/ptolemy/actor/lib/test/auto/MatrixCropComplex.xml (RunModel)" time="0.012" />
  <testcase classname="ptolemy.util.test.junit.AutoTests" name="[217] /home/travis/build/icyphy/ptII/ptolemy/actor/lib/test/auto/MatrixCropDouble.xml (RunModel)" time="0.008" />
  <testcase classname="ptolemy.util.test.junit.AutoTests" name="[218] /home/travis/build/icyphy/ptII/ptolemy/actor/lib/test/auto/MatrixCropFix.xml (RunModel)" time="0.014" />
  <testcase classname="ptolemy.util.test.junit.AutoTests" name="[219] /home/travis/build/icyphy/ptII/ptolemy/actor/lib/test/auto/MatrixCropInt.xml (RunModel)" time="0.008" />
  <testcase classname="ptolemy.util.test.junit.AutoTests" name="[220] /home/travis/build/icyphy/ptII/ptolemy/actor/lib/test/auto/MatrixCropLong.xml (RunModel)" time="0.008" />
  <testcase classname="ptolemy.util.test.junit.AutoTests" name="[221] /home/travis/build/icyphy/ptII/ptolemy/actor/lib/test/auto/MatrixToArray.xml (RunModel)" time="0.036" />
  <testcase classname="ptolemy.util.test.junit.AutoTests" name="[222] /home/travis/build/icyphy/ptII/ptolemy/actor/lib/test/auto/MaxIndex.xml (RunModel)" time="0.011" />
  <testcase classname="ptolemy.util.test.junit.AutoTests" name="[223] /home/travis/build/icyphy/ptII/ptolemy/actor/lib/test/auto/Maximum.xml (RunModel)" time="0.012" />
  <testcase classname="ptolemy.util.test.junit.AutoTests" name="[224] /home/travis/build/icyphy/ptII/ptolemy/actor/lib/test/auto/MaximumComplex.xml (RunModel)" time="0.011" />
  <testcase classname="ptolemy.util.test.junit.AutoTests" name="[225] /home/travis/build/icyphy/ptII/ptolemy/actor/lib/test/auto/MethodCallTest.xml (RunModel)" time="0.015" />
  <testcase classname="ptolemy.util.test.junit.AutoTests" name="[226] /home/travis/build/icyphy/ptII/ptolemy/actor/lib/test/auto/Minimum.xml (RunModel)" time="0.011" />
  <testcase classname="ptolemy.util.test.junit.AutoTests" name="[227] /home/travis/build/icyphy/ptII/ptolemy/actor/lib/test/auto/MinimumComplex.xml (RunModel)" time="0.011" />
  <testcase classname="ptolemy.util.test.junit.AutoTests" name="[228] /home/travis/build/icyphy/ptII/ptolemy/actor/lib/test/auto/MinimumMultiports.xml (RunModel)" time="0.016" />
  <testcase classname="ptolemy.util.test.junit.AutoTests" name="[229] /home/travis/build/icyphy/ptII/ptolemy/actor/lib/test/auto/ModifyDate.xml (RunModel)" time="0.033" />
  <testcase classname="ptolemy.util.test.junit.AutoTests" name="[230] /home/travis/build/icyphy/ptII/ptolemy/actor/lib/test/auto/ModifyDate2.xml (RunModel)" time="0.024" />
  <testcase classname="ptolemy.util.test.junit.AutoTests" name="[231] /home/travis/build/icyphy/ptII/ptolemy/actor/lib/test/auto/MovingAverage.xml (RunModel)" time="0.011" />
  <testcase classname="ptolemy.util.test.junit.AutoTests" name="[232] /home/travis/build/icyphy/ptII/ptolemy/actor/lib/test/auto/MovingMaximum.xml (RunModel)" time="0.008" />
  <testcase classname="ptolemy.util.test.junit.AutoTests" name="[233] /home/travis/build/icyphy/ptII/ptolemy/actor/lib/test/auto/MultipleLinksToSameRelation.xml (RunModel)" time="0.006" />
  <testcase classname="ptolemy.util.test.junit.AutoTests" name="[234] /home/travis/build/icyphy/ptII/ptolemy/actor/lib/test/auto/MultipleLinksToSameRelationDE.xml (RunModel)" time="0.007" />
  <testcase classname="ptolemy.util.test.junit.AutoTests" name="[235] /home/travis/build/icyphy/ptII/ptolemy/actor/lib/test/auto/Multiplexor.xml (RunModel)" time="0.01" />
  <testcase classname="ptolemy.util.test.junit.AutoTests" name="[236] /home/travis/build/icyphy/ptII/ptolemy/actor/lib/test/auto/Multiplexor1.xml (RunModel)" time="0.01" />
  <testcase classname="ptolemy.util.test.junit.AutoTests" name="[237] /home/travis/build/icyphy/ptII/ptolemy/actor/lib/test/auto/Multiplexor2.xml (RunModel)" time="0.012" />
  <testcase classname="ptolemy.util.test.junit.AutoTests" name="[238] /home/travis/build/icyphy/ptII/ptolemy/actor/lib/test/auto/Multiplexor3.xml (RunModel)" time="0.009" />
  <testcase classname="ptolemy.util.test.junit.AutoTests" name="[239] /home/travis/build/icyphy/ptII/ptolemy/actor/lib/test/auto/MultiplexorDE.xml (RunModel)" time="0.014" />
  <testcase classname="ptolemy.util.test.junit.AutoTests" name="[240] /home/travis/build/icyphy/ptII/ptolemy/actor/lib/test/auto/MultiportBroadcastTest.xml (RunModel)" time="0.085" />
  <testcase classname="ptolemy.util.test.junit.AutoTests" name="[241] /home/travis/build/icyphy/ptII/ptolemy/actor/lib/test/auto/MultiportOutHangDuringGetWidth.xml (RunModel)" time="0.026" />
  <testcase classname="ptolemy.util.test.junit.AutoTests" name="[242] /home/travis/build/icyphy/ptII/ptolemy/actor/lib/test/auto/NilToken.xml (RunModel)" time="0.006" />
  <testcase classname="ptolemy.util.test.junit.AutoTests" name="[243] /home/travis/build/icyphy/ptII/ptolemy/actor/lib/test/auto/NilTokenNonStrictTest.xml (RunModel)" time="0.01" />
  <testcase classname="ptolemy.util.test.junit.AutoTests" name="[244] /home/travis/build/icyphy/ptII/ptolemy/actor/lib/test/auto/NilTokenRecord.xml (RunModel)" time="0.016" />
  <testcase classname="ptolemy.util.test.junit.AutoTests" name="[245] /home/travis/build/icyphy/ptII/ptolemy/actor/lib/test/auto/NilTokenTypeTest.xml (RunModel)" time="0.023" />
  <testcase classname="ptolemy.util.test.junit.AutoTests" name="[246] /home/travis/build/icyphy/ptII/ptolemy/actor/lib/test/auto/ObjectToken1.xml (RunModel)" time="0.008" />
  <testcase classname="ptolemy.util.test.junit.AutoTests" name="[247] /home/travis/build/icyphy/ptII/ptolemy/actor/lib/test/auto/OrderedMerge.xml (RunModel)" time="0.012" />
  <testcase classname="ptolemy.util.test.junit.AutoTests" name="[248] /home/travis/build/icyphy/ptII/ptolemy/actor/lib/test/auto/OrderedRecordDisassembler.xml (RunModel)" time="0.012" />
  <testcase classname="ptolemy.util.test.junit.AutoTests" name="[249] /home/travis/build/icyphy/ptII/ptolemy/actor/lib/test/auto/OrderedRecordDisassembler2.xml (RunModel)" time="0.018" />
  <testcase classname="ptolemy.util.test.junit.AutoTests" name="[250] /home/travis/build/icyphy/ptII/ptolemy/actor/lib/test/auto/OrderedRecordUpdater.xml (RunModel)" time="0.014" />
  <testcase classname="ptolemy.util.test.junit.AutoTests" name="[251] /home/travis/build/icyphy/ptII/ptolemy/actor/lib/test/auto/OrderedRecordUpdater2.xml (RunModel)" time="0.011" />
  <testcase classname="ptolemy.util.test.junit.AutoTests" name="[252] /home/travis/build/icyphy/ptII/ptolemy/actor/lib/test/auto/PhaseUnwrap.xml (RunModel)" time="0.011" />
  <testcase classname="ptolemy.util.test.junit.AutoTests" name="[253] /home/travis/build/icyphy/ptII/ptolemy/actor/lib/test/auto/PoissonClock.xml (RunModel)" time="0.008" />
  <testcase classname="ptolemy.util.test.junit.AutoTests" name="[254] /home/travis/build/icyphy/ptII/ptolemy/actor/lib/test/auto/PoissonClock2.xml (RunModel)" time="0.013" />
  <testcase classname="ptolemy.util.test.junit.AutoTests" name="[255] /home/travis/build/icyphy/ptII/ptolemy/actor/lib/test/auto/PoissonClock3.xml (RunModel)" time="0.011" />
  <testcase classname="ptolemy.util.test.junit.AutoTests" name="[256] /home/travis/build/icyphy/ptII/ptolemy/actor/lib/test/auto/PubSubWithInitialTokens.xml (RunModel)" time="0.009" />
  <testcase classname="ptolemy.util.test.junit.AutoTests" name="[257] /home/travis/build/icyphy/ptII/ptolemy/actor/lib/test/auto/PubSubWithInitialTokens2.xml (RunModel)" time="0.013" />
  <testcase classname="ptolemy.util.test.junit.AutoTests" name="[258] /home/travis/build/icyphy/ptII/ptolemy/actor/lib/test/auto/PublisherClassNoParameter.xml (RunModel)" time="0.021" />
  <testcase classname="ptolemy.util.test.junit.AutoTests" name="[259] /home/travis/build/icyphy/ptII/ptolemy/actor/lib/test/auto/PublisherClassParameter.xml (RunModel)" time="0.019" />
  <testcase classname="ptolemy.util.test.junit.AutoTests" name="[260] /home/travis/build/icyphy/ptII/ptolemy/actor/lib/test/auto/PublisherNonStrictTest.xml (RunModel)" time="0.014" />
  <testcase classname="ptolemy.util.test.junit.AutoTests" name="[261] /home/travis/build/icyphy/ptII/ptolemy/actor/lib/test/auto/PublisherPort1.xml (RunModel)" time="0.01" />
  <testcase classname="ptolemy.util.test.junit.AutoTests" name="[262] /home/travis/build/icyphy/ptII/ptolemy/actor/lib/test/auto/PublisherPort2.xml (RunModel)" time="0.008" />
  <testcase classname="ptolemy.util.test.junit.AutoTests" name="[263] /home/travis/build/icyphy/ptII/ptolemy/actor/lib/test/auto/PublisherPort3.xml (RunModel)" time="0.021" />
  <testcase classname="ptolemy.util.test.junit.AutoTests" name="[264] /home/travis/build/icyphy/ptII/ptolemy/actor/lib/test/auto/PublisherPort4.xml (RunModel)" time="0.017" />
  <testcase classname="ptolemy.util.test.junit.AutoTests" name="[265] /home/travis/build/icyphy/ptII/ptolemy/actor/lib/test/auto/PublisherPort5.xml (RunModel)" time="0.013" />
  <testcase classname="ptolemy.util.test.junit.AutoTests" name="[266] /home/travis/build/icyphy/ptII/ptolemy/actor/lib/test/auto/PublisherPort5LookAlike.xml (RunModel)" time="0.019" />
  <testcase classname="ptolemy.util.test.junit.AutoTests" name="[267] /home/travis/build/icyphy/ptII/ptolemy/actor/lib/test/auto/PublisherPort6.xml (RunModel)" time="0.012" />
  <testcase classname="ptolemy.util.test.junit.AutoTests" name="[268] /home/travis/build/icyphy/ptII/ptolemy/actor/lib/test/auto/PublisherPort7.xml (RunModel)" time="0.013" />
  <testcase classname="ptolemy.util.test.junit.AutoTests" name="[269] /home/travis/build/icyphy/ptII/ptolemy/actor/lib/test/auto/PublisherPort8.xml (RunModel)" time="0.014" />
  <testcase classname="ptolemy.util.test.junit.AutoTests" name="[270] /home/travis/build/icyphy/ptII/ptolemy/actor/lib/test/auto/PublisherPortSubscriberChannelVariablesAOC2.xml (RunModel)" time="0.033" />
  <testcase classname="ptolemy.util.test.junit.AutoTests" name="[271] /home/travis/build/icyphy/ptII/ptolemy/actor/lib/test/auto/PublisherPortSubscriberOpaqueWidthInference.xml (RunModel)" time="0.015" />
  <testcase classname="ptolemy.util.test.junit.AutoTests" name="[272] /home/travis/build/icyphy/ptII/ptolemy/actor/lib/test/auto/PublisherPortSubscriberPortAdjacent.xml (RunModel)" time="0.016" />
  <testcase classname="ptolemy.util.test.junit.AutoTests" name="[273] /home/travis/build/icyphy/ptII/ptolemy/actor/lib/test/auto/PublisherPortSubscriberPortExpression.xml (RunModel)" time="0.015" />
  <testcase classname="ptolemy.util.test.junit.AutoTests" name="[274] /home/travis/build/icyphy/ptII/ptolemy/actor/lib/test/auto/PublisherPortSubscriberPortOpaqueD3Reverse.xml (RunModel)" time="0.031" />
  <testcase classname="ptolemy.util.test.junit.AutoTests" name="[275] /home/travis/build/icyphy/ptII/ptolemy/actor/lib/test/auto/PublisherPortSubscriberPortOpaqueWidthInference.xml (RunModel)" time="0.014" />
  <testcase classname="ptolemy.util.test.junit.AutoTests" name="[276] /home/travis/build/icyphy/ptII/ptolemy/actor/lib/test/auto/PublisherPortToplevelSubscriberPortAOC.xml (RunModel)" time="0.009" />
  <testcase classname="ptolemy.util.test.junit.AutoTests" name="[277] /home/travis/build/icyphy/ptII/ptolemy/actor/lib/test/auto/PublisherSubscriber.xml (RunModel)" time="0.014" />
  <testcase classname="ptolemy.util.test.junit.AutoTests" name="[278] /home/travis/build/icyphy/ptII/ptolemy/actor/lib/test/auto/PublisherSubscriber10.xml (RunModel)" time="0.017" />
  <testcase classname="ptolemy.util.test.junit.AutoTests" name="[279] /home/travis/build/icyphy/ptII/ptolemy/actor/lib/test/auto/PublisherSubscriber10InitialOutputs.xml (RunModel)" time="0.016" />
  <testcase classname="ptolemy.util.test.junit.AutoTests" name="[280] /home/travis/build/icyphy/ptII/ptolemy/actor/lib/test/auto/PublisherSubscriber11.xml (RunModel)" time="0.01" />
  <testcase classname="ptolemy.util.test.junit.AutoTests" name="[281] /home/travis/build/icyphy/ptII/ptolemy/actor/lib/test/auto/PublisherSubscriber12.xml (RunModel)" time="0.01" />
  <testcase classname="ptolemy.util.test.junit.AutoTests" name="[282] /home/travis/build/icyphy/ptII/ptolemy/actor/lib/test/auto/PublisherSubscriber13.xml (RunModel)" time="0.009" />
  <testcase classname="ptolemy.util.test.junit.AutoTests" name="[283] /home/travis/build/icyphy/ptII/ptolemy/actor/lib/test/auto/PublisherSubscriber14.xml (RunModel)" time="0.015" />
  <testcase classname="ptolemy.util.test.junit.AutoTests" name="[284] /home/travis/build/icyphy/ptII/ptolemy/actor/lib/test/auto/PublisherSubscriber2.xml (RunModel)" time="0.008" />
  <testcase classname="ptolemy.util.test.junit.AutoTests" name="[285] /home/travis/build/icyphy/ptII/ptolemy/actor/lib/test/auto/PublisherSubscriber3.xml (RunModel)" time="0.008" />
  <testcase classname="ptolemy.util.test.junit.AutoTests" name="[286] /home/travis/build/icyphy/ptII/ptolemy/actor/lib/test/auto/PublisherSubscriber4.xml (RunModel)" time="0.008" />
  <testcase classname="ptolemy.util.test.junit.AutoTests" name="[287] /home/travis/build/icyphy/ptII/ptolemy/actor/lib/test/auto/PublisherSubscriber5.xml (RunModel)" time="0.011" />
  <testcase classname="ptolemy.util.test.junit.AutoTests" name="[288] /home/travis/build/icyphy/ptII/ptolemy/actor/lib/test/auto/PublisherSubscriber6.xml (RunModel)" time="0.011" />
  <testcase classname="ptolemy.util.test.junit.AutoTests" name="[289] /home/travis/build/icyphy/ptII/ptolemy/actor/lib/test/auto/PublisherSubscriber7.xml (RunModel)" time="0.012" />
  <testcase classname="ptolemy.util.test.junit.AutoTests" name="[290] /home/travis/build/icyphy/ptII/ptolemy/actor/lib/test/auto/PublisherSubscriber8.xml (RunModel)" time="0.019" />
  <testcase classname="ptolemy.util.test.junit.AutoTests" name="[291] /home/travis/build/icyphy/ptII/ptolemy/actor/lib/test/auto/PublisherSubscriber9.xml (RunModel)" time="0.02" />
  <testcase classname="ptolemy.util.test.junit.AutoTests" name="[292] /home/travis/build/icyphy/ptII/ptolemy/actor/lib/test/auto/PublisherSubscriberAdjacent.xml (RunModel)" time="0.015" />
  <testcase classname="ptolemy.util.test.junit.AutoTests" name="[293] /home/travis/build/icyphy/ptII/ptolemy/actor/lib/test/auto/PublisherSubscriberChannelVariablesAOC2.xml (RunModel)" time="0.024" />
  <testcase classname="ptolemy.util.test.junit.AutoTests" name="[294] /home/travis/build/icyphy/ptII/ptolemy/actor/lib/test/auto/PublisherSubscriberD3.xml (RunModel)" time="0.012" />
  <testcase classname="ptolemy.util.test.junit.AutoTests" name="[295] /home/travis/build/icyphy/ptII/ptolemy/actor/lib/test/auto/PublisherSubscriberD3Reverse.xml (RunModel)" time="0.01" />
  <testcase classname="ptolemy.util.test.junit.AutoTests" name="[296] /home/travis/build/icyphy/ptII/ptolemy/actor/lib/test/auto/PublisherSubscriberExpression.xml (RunModel)" time="0.015" />
  <testcase classname="ptolemy.util.test.junit.AutoTests" name="[297] /home/travis/build/icyphy/ptII/ptolemy/actor/lib/test/auto/PublisherSubscriberOpaque.xml (RunModel)" time="0.015" />
  <testcase classname="ptolemy.util.test.junit.AutoTests" name="[298] /home/travis/build/icyphy/ptII/ptolemy/actor/lib/test/auto/PublisherSubscriberOpaqueD3.xml (RunModel)" time="0.019" />
  <testcase classname="ptolemy.util.test.junit.AutoTests" name="[299] /home/travis/build/icyphy/ptII/ptolemy/actor/lib/test/auto/PublisherSubscriberOpaqueD3Reverse.xml (RunModel)" time="0.022" />
  <testcase classname="ptolemy.util.test.junit.AutoTests" name="[300] /home/travis/build/icyphy/ptII/ptolemy/actor/lib/test/auto/PublisherSubscriberOpaqueWidthInference.xml (RunModel)" time="0.021" />
  <testcase classname="ptolemy.util.test.junit.AutoTests" name="[301] /home/travis/build/icyphy/ptII/ptolemy/actor/lib/test/auto/PublisherTestSubscriber.xml (RunModel)" time="0.021" />
  <testcase classname="ptolemy.util.test.junit.AutoTests" name="[302] /home/travis/build/icyphy/ptII/ptolemy/actor/lib/test/auto/PublisherToplevelSubscriberPortAOC.xml (RunModel)" time="0.011" />
  <testcase classname="ptolemy.util.test.junit.AutoTests" name="[303] /home/travis/build/icyphy/ptII/ptolemy/actor/lib/test/auto/PulseFiringLimitDE.xml (RunModel)" time="0.013" />
  <testcase classname="ptolemy.util.test.junit.AutoTests" name="[304] /home/travis/build/icyphy/ptII/ptolemy/actor/lib/test/auto/Ramp1.xml (RunModel)" time="0.007" />
  <testcase classname="ptolemy.util.test.junit.AutoTests" name="[305] /home/travis/build/icyphy/ptII/ptolemy/actor/lib/test/auto/RampFiringLimitDE.xml (RunModel)" time="0.017" />
  <testcase classname="ptolemy.util.test.junit.AutoTests" name="[306] /home/travis/build/icyphy/ptII/ptolemy/actor/lib/test/auto/RampFiringLimitSDF.xml (RunModel)" time="0.011" />
  <testcase classname="ptolemy.util.test.junit.AutoTests" name="[307] /home/travis/build/icyphy/ptII/ptolemy/actor/lib/test/auto/RandomInteger.xml (RunModel)" time="0.008" />
  <testcase classname="ptolemy.util.test.junit.AutoTests" name="[308] /home/travis/build/icyphy/ptII/ptolemy/actor/lib/test/auto/ReadFile1.xml (RunModel)" time="0.01" />
  <testcase classname="ptolemy.util.test.junit.AutoTests" name="[309] /home/travis/build/icyphy/ptII/ptolemy/actor/lib/test/auto/ReadFile2.xml (RunModel)" time="0.009" />
  <testcase classname="ptolemy.util.test.junit.AutoTests" name="[310] /home/travis/build/icyphy/ptII/ptolemy/actor/lib/test/auto/Reader.xml (RunModel)" time="0.009" />
  <testcase classname="ptolemy.util.test.junit.AutoTests" name="[311] /home/travis/build/icyphy/ptII/ptolemy/actor/lib/test/auto/RecordAssemblerDisplayNameTest.xml (RunModel)" time="2.939" />
  <testcase classname="ptolemy.util.test.junit.AutoTests" name="[312] /home/travis/build/icyphy/ptII/ptolemy/actor/lib/test/auto/RecordAssemblerTypeError.xml (RunModel)" time="0.029" />
  <testcase classname="ptolemy.util.test.junit.AutoTests" name="[313] /home/travis/build/icyphy/ptII/ptolemy/actor/lib/test/auto/RecordDisassember.xml (RunModel)" time="0.009" />
  <testcase classname="ptolemy.util.test.junit.AutoTests" name="[314] /home/travis/build/icyphy/ptII/ptolemy/actor/lib/test/auto/RecordDisassemberDisplayNameTest.xml (RunModel)" time="0.017" />
  <testcase classname="ptolemy.util.test.junit.AutoTests" name="[315] /home/travis/build/icyphy/ptII/ptolemy/actor/lib/test/auto/RecordDisassembler.xml (RunModel)" time="0.009" />
  <testcase classname="ptolemy.util.test.junit.AutoTests" name="[316] /home/travis/build/icyphy/ptII/ptolemy/actor/lib/test/auto/RecordDisassembler2.xml (RunModel)" time="0.009" />
  <testcase classname="ptolemy.util.test.junit.AutoTests" name="[317] /home/travis/build/icyphy/ptII/ptolemy/actor/lib/test/auto/RecordUpdater.xml (RunModel)" time="0.009" />
  <testcase classname="ptolemy.util.test.junit.AutoTests" name="[318] /home/travis/build/icyphy/ptII/ptolemy/actor/lib/test/auto/RecordUpdater2.xml (RunModel)" time="0.008" />
  <testcase classname="ptolemy.util.test.junit.AutoTests" name="[319] /home/travis/build/icyphy/ptII/ptolemy/actor/lib/test/auto/RecursiveLattice.xml (RunModel)" time="0.007" />
  <testcase classname="ptolemy.util.test.junit.AutoTests" name="[320] /home/travis/build/icyphy/ptII/ptolemy/actor/lib/test/auto/Router.xml (RunModel)" time="3.021" />
  <testcase classname="ptolemy.util.test.junit.AutoTests" name="[321] /home/travis/build/icyphy/ptII/ptolemy/actor/lib/test/auto/Router2.xml (RunModel)" time="3.02" />
  <testcase classname="ptolemy.util.test.junit.AutoTests" name="[322] /home/travis/build/icyphy/ptII/ptolemy/actor/lib/test/auto/RunningMaximum.xml (RunModel)" time="0.018" />
  <testcase classname="ptolemy.util.test.junit.AutoTests" name="[323] /home/travis/build/icyphy/ptII/ptolemy/actor/lib/test/auto/RunningMinimum.xml (RunModel)" time="0.016" />
  <testcase classname="ptolemy.util.test.junit.AutoTests" name="[324] /home/travis/build/icyphy/ptII/ptolemy/actor/lib/test/auto/Scale.xml (RunModel)" time="0.007" />
  <testcase classname="ptolemy.util.test.junit.AutoTests" name="[325] /home/travis/build/icyphy/ptII/ptolemy/actor/lib/test/auto/Scale2.xml (RunModel)" time="0.008" />
  <testcase classname="ptolemy.util.test.junit.AutoTests" name="[326] /home/travis/build/icyphy/ptII/ptolemy/actor/lib/test/auto/Scale3.xml (RunModel)" time="0.012" />
  <testcase classname="ptolemy.util.test.junit.AutoTests" name="[327] /home/travis/build/icyphy/ptII/ptolemy/actor/lib/test/auto/ScaleArray.xml (RunModel)" time="0.007" />
  <testcase classname="ptolemy.util.test.junit.AutoTests" name="[328] /home/travis/build/icyphy/ptII/ptolemy/actor/lib/test/auto/ScaleArray2.xml (RunModel)" time="0.007" />
  <testcase classname="ptolemy.util.test.junit.AutoTests" name="[329] /home/travis/build/icyphy/ptII/ptolemy/actor/lib/test/auto/ScaleMatrix.xml (RunModel)" time="0.135" />
  <testcase classname="ptolemy.util.test.junit.AutoTests" name="[330] /home/travis/build/icyphy/ptII/ptolemy/actor/lib/test/auto/Select.xml (RunModel)" time="0.011" />
  <testcase classname="ptolemy.util.test.junit.AutoTests" name="[331] /home/travis/build/icyphy/ptII/ptolemy/actor/lib/test/auto/Select2.xml (RunModel)" time="0.007" />
  <testcase classname="ptolemy.util.test.junit.AutoTests" name="[332] /home/travis/build/icyphy/ptII/ptolemy/actor/lib/test/auto/SequenceToArray2.xml (RunModel)" time="0.107" />
  <testcase classname="ptolemy.util.test.junit.AutoTests" name="[333] /home/travis/build/icyphy/ptII/ptolemy/actor/lib/test/auto/SequentialClock.xml (RunModel)" time="0.01" />
  <testcase classname="ptolemy.util.test.junit.AutoTests" name="[334] /home/travis/build/icyphy/ptII/ptolemy/actor/lib/test/auto/SetVariable.xml (RunModel)" time="0.01" />
  <testcase classname="ptolemy.util.test.junit.AutoTests" name="[335] /home/travis/build/icyphy/ptII/ptolemy/actor/lib/test/auto/SetVariable2.xml (RunModel)" time="0.009" />
  <testcase classname="ptolemy.util.test.junit.AutoTests" name="[336] /home/travis/build/icyphy/ptII/ptolemy/actor/lib/test/auto/SetVariable3.xml (RunModel)" time="0.01" />
  <testcase classname="ptolemy.util.test.junit.AutoTests" name="[337] /home/travis/build/icyphy/ptII/ptolemy/actor/lib/test/auto/SetVariable4.xml (RunModel)" time="0.027" />
  <testcase classname="ptolemy.util.test.junit.AutoTests" name="[338] /home/travis/build/icyphy/ptII/ptolemy/actor/lib/test/auto/SetVariable5.xml (RunModel)" time="0.026" />
  <testcase classname="ptolemy.util.test.junit.AutoTests" name="[339] /home/travis/build/icyphy/ptII/ptolemy/actor/lib/test/auto/Sinewave.xml (RunModel)" time="0.022" />
  <testcase classname="ptolemy.util.test.junit.AutoTests" name="[340] /home/travis/build/icyphy/ptII/ptolemy/actor/lib/test/auto/Sinewave2.xml (RunModel)" time="0.013" />
  <testcase classname="ptolemy.util.test.junit.AutoTests" name="[341] /home/travis/build/icyphy/ptII/ptolemy/actor/lib/test/auto/Sinewave3.xml (RunModel)" time="0.015" />
  <testcase classname="ptolemy.util.test.junit.AutoTests" name="[342] /home/travis/build/icyphy/ptII/ptolemy/actor/lib/test/auto/SingleEvent.xml (RunModel)" time="0.013" />
  <testcase classname="ptolemy.util.test.junit.AutoTests" name="[343] /home/travis/build/icyphy/ptII/ptolemy/actor/lib/test/auto/Sleep.xml (RunModel)" time="6.011" />
  <testcase classname="ptolemy.util.test.junit.AutoTests" name="[344] /home/travis/build/icyphy/ptII/ptolemy/actor/lib/test/auto/SleepMultipleFire.xml (RunModel)" time="1.015" />
  <testcase classname="ptolemy.util.test.junit.AutoTests" name="[345] /home/travis/build/icyphy/ptII/ptolemy/actor/lib/test/auto/StopDE.xml (RunModel)" time="0.011" />
  <testcase classname="ptolemy.util.test.junit.AutoTests" name="[346] /home/travis/build/icyphy/ptII/ptolemy/actor/lib/test/auto/StopSDF.xml (RunModel)" time="0.011" />
  <testcase classname="ptolemy.util.test.junit.AutoTests" name="[347] /home/travis/build/icyphy/ptII/ptolemy/actor/lib/test/auto/StringConstant.xml (RunModel)" time="0.008" />
  <testcase classname="ptolemy.util.test.junit.AutoTests" name="[348] /home/travis/build/icyphy/ptII/ptolemy/actor/lib/test/auto/SubscriberPortInitialValues1.xml (RunModel)" time="0.016" />
  <testcase classname="ptolemy.util.test.junit.AutoTests" name="[349] /home/travis/build/icyphy/ptII/ptolemy/actor/lib/test/auto/SubscriberPortInitialValues13.xml (RunModel)" time="0.022" />
  <testcase classname="ptolemy.util.test.junit.AutoTests" name="[350] /home/travis/build/icyphy/ptII/ptolemy/actor/lib/test/auto/SubscriberPortInitialValues14.xml (RunModel)" time="0.014" />
  <testcase classname="ptolemy.util.test.junit.AutoTests" name="[351] /home/travis/build/icyphy/ptII/ptolemy/actor/lib/test/auto/SubscriberPortInitialValues2.xml (RunModel)" time="0.014" />
  <testcase classname="ptolemy.util.test.junit.AutoTests" name="[352] /home/travis/build/icyphy/ptII/ptolemy/actor/lib/test/auto/SubscriberPortInitialValues3.xml (RunModel)" time="0.019" />
  <testcase classname="ptolemy.util.test.junit.AutoTests" name="[353] /home/travis/build/icyphy/ptII/ptolemy/actor/lib/test/auto/SubscriptionAggregator.xml (RunModel)" time="0.012" />
  <testcase classname="ptolemy.util.test.junit.AutoTests" name="[354] /home/travis/build/icyphy/ptII/ptolemy/actor/lib/test/auto/SubscriptionAggregator2.xml (RunModel)" time="0.014" />
  <testcase classname="ptolemy.util.test.junit.AutoTests" name="[355] /home/travis/build/icyphy/ptII/ptolemy/actor/lib/test/auto/SubscriptionAggregator3.xml (RunModel)" time="0.017" />
  <testcase classname="ptolemy.util.test.junit.AutoTests" name="[356] /home/travis/build/icyphy/ptII/ptolemy/actor/lib/test/auto/SubscriptionAggregatorMultiply.xml (RunModel)" time="0.015" />
  <testcase classname="ptolemy.util.test.junit.AutoTests" name="[357] /home/travis/build/icyphy/ptII/ptolemy/actor/lib/test/auto/SubscriptionAggregatorPortMultiply1.xml (RunModel)" time="0.024" />
  <testcase classname="ptolemy.util.test.junit.AutoTests" name="[358] /home/travis/build/icyphy/ptII/ptolemy/actor/lib/test/auto/Switch.xml (RunModel)" time="0.012" />
  <testcase classname="ptolemy.util.test.junit.AutoTests" name="[359] /home/travis/build/icyphy/ptII/ptolemy/actor/lib/test/auto/Switch2.xml (RunModel)" time="0.008" />
  <testcase classname="ptolemy.util.test.junit.AutoTests" name="[360] /home/travis/build/icyphy/ptII/ptolemy/actor/lib/test/auto/SwitchDE.xml (RunModel)" time="0.01" />
  <testcase classname="ptolemy.util.test.junit.AutoTests" name="[361] /home/travis/build/icyphy/ptII/ptolemy/actor/lib/test/auto/SynchronizerDE.xml (RunModel)" time="0.017" />
  <testcase classname="ptolemy.util.test.junit.AutoTests" name="[362] /home/travis/build/icyphy/ptII/ptolemy/actor/lib/test/auto/Test.xml (RunModel)" time="0.008" />
  <testcase classname="ptolemy.util.test.junit.AutoTests" name="[363] /home/travis/build/icyphy/ptII/ptolemy/actor/lib/test/auto/TestExceptionAttribute1.xml (RunModel)" time="0.005" />
  <testcase classname="ptolemy.util.test.junit.AutoTests" name="[364] /home/travis/build/icyphy/ptII/ptolemy/actor/lib/test/auto/TestExceptionAttribute2.xml (RunModel)" time="0.005" />
  <testcase classname="ptolemy.util.test.junit.AutoTests" name="[365] /home/travis/build/icyphy/ptII/ptolemy/actor/lib/test/auto/TestExceptionAttribute3.xml (RunModel)" time="0.006" />
  <testcase classname="ptolemy.util.test.junit.AutoTests" name="[366] /home/travis/build/icyphy/ptII/ptolemy/actor/lib/test/auto/TestExceptionAttribute4.xml (RunModel)" time="0.005" />
  <testcase classname="ptolemy.util.test.junit.AutoTests" name="[367] /home/travis/build/icyphy/ptII/ptolemy/actor/lib/test/auto/TestExceptionHandler1.xml (RunModel)" time="0.005" />
  <testcase classname="ptolemy.util.test.junit.AutoTests" name="[368] /home/travis/build/icyphy/ptII/ptolemy/actor/lib/test/auto/TestExceptionHandler2.xml (RunModel)" time="0.005" />
  <testcase classname="ptolemy.util.test.junit.AutoTests" name="[369] /home/travis/build/icyphy/ptII/ptolemy/actor/lib/test/auto/TestExceptionHandler3.xml (RunModel)" time="0.005" />
  <testcase classname="ptolemy.util.test.junit.AutoTests" name="[370] /home/travis/build/icyphy/ptII/ptolemy/actor/lib/test/auto/TestExceptionHandler4.xml (RunModel)" time="0.006" />
  <testcase classname="ptolemy.util.test.junit.AutoTests" name="[371] /home/travis/build/icyphy/ptII/ptolemy/actor/lib/test/auto/TestRequireCorrectOrder.xml (RunModel)" time="0.008" />
  <testcase classname="ptolemy.util.test.junit.AutoTests" name="[372] /home/travis/build/icyphy/ptII/ptolemy/actor/lib/test/auto/TestSimple.xml (RunModel)" time="0.006" />
  <testcase classname="ptolemy.util.test.junit.AutoTests" name="[373] /home/travis/build/icyphy/ptII/ptolemy/actor/lib/test/auto/ThrowModelError.xml (RunModel)" time="0.01" />
  <testcase classname="ptolemy.util.test.junit.AutoTests" name="[374] /home/travis/build/icyphy/ptII/ptolemy/actor/lib/test/auto/TimeDelayMicrosteps.xml (RunModel)" time="0.012" />
  <testcase classname="ptolemy.util.test.junit.AutoTests" name="[375] /home/travis/build/icyphy/ptII/ptolemy/actor/lib/test/auto/TimeDelayMicrosteps2.xml (RunModel)" time="0.013" />
  <testcase classname="ptolemy.util.test.junit.AutoTests" name="[376] /home/travis/build/icyphy/ptII/ptolemy/actor/lib/test/auto/TimeDelayMicrosteps3.xml (RunModel)" time="0.011" />
  <testcase classname="ptolemy.util.test.junit.AutoTests" name="[377] /home/travis/build/icyphy/ptII/ptolemy/actor/lib/test/auto/TimeDelayVariableMicrosteps.xml (RunModel)" time="0.011" />
  <testcase classname="ptolemy.util.test.junit.AutoTests" name="[378] /home/travis/build/icyphy/ptII/ptolemy/actor/lib/test/auto/TimeGap.xml (RunModel)" time="0.011" />
  <testcase classname="ptolemy.util.test.junit.AutoTests" name="[379] /home/travis/build/icyphy/ptII/ptolemy/actor/lib/test/auto/TimeGap2.xml (RunModel)" time="0.01" />
  <testcase classname="ptolemy.util.test.junit.AutoTests" name="[380] /home/travis/build/icyphy/ptII/ptolemy/actor/lib/test/auto/TimedSinewave.xml (RunModel)" time="0.036" />
  <testcase classname="ptolemy.util.test.junit.AutoTests" name="[381] /home/travis/build/icyphy/ptII/ptolemy/actor/lib/test/auto/TimedSinewavePhase.xml (RunModel)" time="0.02" />
  <testcase classname="ptolemy.util.test.junit.AutoTests" name="[382] /home/travis/build/icyphy/ptII/ptolemy/actor/lib/test/auto/Timer.xml (RunModel)" time="0.02" />
  <testcase classname="ptolemy.util.test.junit.AutoTests" name="[383] /home/travis/build/icyphy/ptII/ptolemy/actor/lib/test/auto/TriangularDistTestModel.xml (RunModel)" time="0.012" />
  <testcase classname="ptolemy.util.test.junit.AutoTests" name="[384] /home/travis/build/icyphy/ptII/ptolemy/actor/lib/test/auto/TrigFunction.xml (RunModel)" time="0.008" />
  <testcase classname="ptolemy.util.test.junit.AutoTests" name="[385] /home/travis/build/icyphy/ptII/ptolemy/actor/lib/test/auto/TrigFunctionDE.xml (RunModel)" time="0.014" />
  <testcase classname="ptolemy.util.test.junit.AutoTests" name="[386] /home/travis/build/icyphy/ptII/ptolemy/actor/lib/test/auto/TrigFunctionInverse.xml (RunModel)" time="0.009" />
  <testcase classname="ptolemy.util.test.junit.AutoTests" name="[387] /home/travis/build/icyphy/ptII/ptolemy/actor/lib/test/auto/TrigFunctionTan.xml (RunModel)" time="0.007" />
  <testcase classname="ptolemy.util.test.junit.AutoTests" name="[388] /home/travis/build/icyphy/ptII/ptolemy/actor/lib/test/auto/TriggeredClock.xml (RunModel)" time="0.008" />
  <testcase classname="ptolemy.util.test.junit.AutoTests" name="[389] /home/travis/build/icyphy/ptII/ptolemy/actor/lib/test/auto/URLDirectoryReader.xml (RunModel)" time="0.109" />
  <testcase classname="ptolemy.util.test.junit.AutoTests" name="[390] /home/travis/build/icyphy/ptII/ptolemy/actor/lib/test/auto/URLDirectoryReader3.xml (RunModel)" time="1.313" />
  <testcase classname="ptolemy.util.test.junit.AutoTests" name="[391] /home/travis/build/icyphy/ptII/ptolemy/actor/lib/test/auto/UnaryMathFunction.xml (RunModel)" time="0.026" />
  <testcase classname="ptolemy.util.test.junit.AutoTests" name="[392] /home/travis/build/icyphy/ptII/ptolemy/actor/lib/test/auto/Uniform.xml (RunModel)" time="0.034" />
  <testcase classname="ptolemy.util.test.junit.AutoTests" name="[393] /home/travis/build/icyphy/ptII/ptolemy/actor/lib/test/auto/UnionDisassemblerTest.xml (RunModel)" time="0.028" />
  <testcase classname="ptolemy.util.test.junit.AutoTests" name="[394] /home/travis/build/icyphy/ptII/ptolemy/actor/lib/test/auto/UtilityFunctions.xml (RunModel)" time="0.023" />
  <testcase classname="ptolemy.util.test.junit.AutoTests" name="[395] /home/travis/build/icyphy/ptII/ptolemy/actor/lib/test/auto/VariableSleep.xml (RunModel)" time="0.539" />
  <testcase classname="ptolemy.util.test.junit.AutoTests" name="[396] /home/travis/build/icyphy/ptII/ptolemy/actor/lib/test/auto/VectorAssemblerDisassemblerCT.xml (RunModel)" time="0.109" />
  <testcase classname="ptolemy.util.test.junit.AutoTests" name="[397] /home/travis/build/icyphy/ptII/ptolemy/actor/lib/test/auto/VectorAssemblerDisassemblerDE.xml (RunModel)" time="0.013" />
  <testcase classname="ptolemy.util.test.junit.AutoTests" name="[398] /home/travis/build/icyphy/ptII/ptolemy/actor/lib/test/auto/VectorAssemblerDisassemblerSDF.xml (RunModel)" time="0.011" />
  <testcase classname="ptolemy.util.test.junit.AutoTests" name="[399] /home/travis/build/icyphy/ptII/ptolemy/actor/lib/test/auto/WallClockTime.xml (RunModel)" time="1.018" />
  <testcase classname="ptolemy.util.test.junit.AutoTests" name="[400] /home/travis/build/icyphy/ptII/ptolemy/actor/lib/test/auto/WidthTestWithSubscriberPublisher.xml (RunModel)" time="0.041" />
  <testcase classname="ptolemy.util.test.junit.AutoTests" name="[401] /home/travis/build/icyphy/ptII/ptolemy/actor/lib/test/auto/WidthTestWithSubscriberPublisher2.xml (RunModel)" time="0.014" />
  <testcase classname="ptolemy.util.test.junit.AutoTests" name="[402] /home/travis/build/icyphy/ptII/ptolemy/actor/lib/test/auto/WidthTestWithSubscriberPublisher3.xml (RunModel)" time="0.019" />
  <testcase classname="ptolemy.util.test.junit.AutoTests" name="[403] /home/travis/build/icyphy/ptII/ptolemy/actor/lib/test/auto/Writer.xml (RunModel)" time="0.011" />
  <testcase classname="ptolemy.util.test.junit.AutoTests" name="[404] /home/travis/build/icyphy/ptII/ptolemy/actor/lib/test/auto/array.xml (RunModel)" time="0.012" />
  <testcase classname="ptolemy.util.test.junit.AutoTests" name="[405] /home/travis/build/icyphy/ptII/ptolemy/actor/lib/test/auto/array2.xml (RunModel)" time="0.01" />
  <testcase classname="ptolemy.util.test.junit.AutoTests" name="[406] /home/travis/build/icyphy/ptII/ptolemy/actor/lib/test/auto/arrayType.xml (RunModel)" time="0.014" />
  <testcase classname="ptolemy.util.test.junit.AutoTests" name="[407] /home/travis/build/icyphy/ptII/ptolemy/actor/lib/test/auto/arrayType10.xml (RunModel)" time="0.008" />
  <testcase classname="ptolemy.util.test.junit.AutoTests" name="[408] /home/travis/build/icyphy/ptII/ptolemy/actor/lib/test/auto/arrayType11.xml (RunModel)" time="0.013" />
  <testcase classname="ptolemy.util.test.junit.AutoTests" name="[409] /home/travis/build/icyphy/ptII/ptolemy/actor/lib/test/auto/arrayType12.xml (RunModel)" time="0.01" />
  <testcase classname="ptolemy.util.test.junit.AutoTests" name="[410] /home/travis/build/icyphy/ptII/ptolemy/actor/lib/test/auto/arrayType13.xml (RunModel)" time="0.009" />
  <testcase classname="ptolemy.util.test.junit.AutoTests" name="[411] /home/travis/build/icyphy/ptII/ptolemy/actor/lib/test/auto/arrayType14.xml (RunModel)" time="0.009" />
  <testcase classname="ptolemy.util.test.junit.AutoTests" name="[412] /home/travis/build/icyphy/ptII/ptolemy/actor/lib/test/auto/arrayType15.xml (RunModel)" time="0.01" />
  <testcase classname="ptolemy.util.test.junit.AutoTests" name="[413] /home/travis/build/icyphy/ptII/ptolemy/actor/lib/test/auto/arrayType16.xml (RunModel)" time="0.009" />
  <testcase classname="ptolemy.util.test.junit.AutoTests" name="[414] /home/travis/build/icyphy/ptII/ptolemy/actor/lib/test/auto/arrayType17.xml (RunModel)" time="0.008" />
  <testcase classname="ptolemy.util.test.junit.AutoTests" name="[415] /home/travis/build/icyphy/ptII/ptolemy/actor/lib/test/auto/arrayType18.xml (RunModel)" time="0.008" />
  <testcase classname="ptolemy.util.test.junit.AutoTests" name="[416] /home/travis/build/icyphy/ptII/ptolemy/actor/lib/test/auto/arrayType19.xml (RunModel)" time="0.009" />
  <testcase classname="ptolemy.util.test.junit.AutoTests" name="[417] /home/travis/build/icyphy/ptII/ptolemy/actor/lib/test/auto/arrayType2.xml (RunModel)" time="0.012" />
  <testcase classname="ptolemy.util.test.junit.AutoTests" name="[418] /home/travis/build/icyphy/ptII/ptolemy/actor/lib/test/auto/arrayType20.xml (RunModel)" time="0.009" />
  <testcase classname="ptolemy.util.test.junit.AutoTests" name="[419] /home/travis/build/icyphy/ptII/ptolemy/actor/lib/test/auto/arrayType21.xml (RunModel)" time="0.009" />
  <testcase classname="ptolemy.util.test.junit.AutoTests" name="[420] /home/travis/build/icyphy/ptII/ptolemy/actor/lib/test/auto/arrayType22.xml (RunModel)" time="0.007" />
  <testcase classname="ptolemy.util.test.junit.AutoTests" name="[421] /home/travis/build/icyphy/ptII/ptolemy/actor/lib/test/auto/arrayType23.xml (RunModel)" time="0.008" />
  <testcase classname="ptolemy.util.test.junit.AutoTests" name="[422] /home/travis/build/icyphy/ptII/ptolemy/actor/lib/test/auto/arrayType24.xml (RunModel)" time="0.008" />
  <testcase classname="ptolemy.util.test.junit.AutoTests" name="[423] /home/travis/build/icyphy/ptII/ptolemy/actor/lib/test/auto/arrayType25.xml (RunModel)" time="0.008" />
  <testcase classname="ptolemy.util.test.junit.AutoTests" name="[424] /home/travis/build/icyphy/ptII/ptolemy/actor/lib/test/auto/arrayType26.xml (RunModel)" time="0.009" />
  <testcase classname="ptolemy.util.test.junit.AutoTests" name="[425] /home/travis/build/icyphy/ptII/ptolemy/actor/lib/test/auto/arrayType27.xml (RunModel)" time="0.01" />
  <testcase classname="ptolemy.util.test.junit.AutoTests" name="[426] /home/travis/build/icyphy/ptII/ptolemy/actor/lib/test/auto/arrayType28.xml (RunModel)" time="0.008" />
  <testcase classname="ptolemy.util.test.junit.AutoTests" name="[427] /home/travis/build/icyphy/ptII/ptolemy/actor/lib/test/auto/arrayType3.xml (RunModel)" time="0.008" />
  <testcase classname="ptolemy.util.test.junit.AutoTests" name="[428] /home/travis/build/icyphy/ptII/ptolemy/actor/lib/test/auto/arrayType4.xml (RunModel)" time="0.009" />
  <testcase classname="ptolemy.util.test.junit.AutoTests" name="[429] /home/travis/build/icyphy/ptII/ptolemy/actor/lib/test/auto/arrayType5.xml (RunModel)" time="0.034" />
  <testcase classname="ptolemy.util.test.junit.AutoTests" name="[430] /home/travis/build/icyphy/ptII/ptolemy/actor/lib/test/auto/arrayType6.xml (RunModel)" time="0.011" />
  <testcase classname="ptolemy.util.test.junit.AutoTests" name="[431] /home/travis/build/icyphy/ptII/ptolemy/actor/lib/test/auto/arrayType7.xml (RunModel)" time="0.008" />
  <testcase classname="ptolemy.util.test.junit.AutoTests" name="[432] /home/travis/build/icyphy/ptII/ptolemy/actor/lib/test/auto/arrayType8.xml (RunModel)" time="0.009" />
  <testcase classname="ptolemy.util.test.junit.AutoTests" name="[433] /home/travis/build/icyphy/ptII/ptolemy/actor/lib/test/auto/arrayType9.xml (RunModel)" time="0.007" />
  <testcase classname="ptolemy.util.test.junit.AutoTests" name="[434] /home/travis/build/icyphy/ptII/ptolemy/actor/lib/test/auto/cast.xml (RunModel)" time="0.009" />
  <testcase classname="ptolemy.util.test.junit.AutoTests" name="[435] /home/travis/build/icyphy/ptII/ptolemy/actor/lib/test/auto/compositeMultiPort.xml (RunModel)" time="0.016" />
  <testcase classname="ptolemy.util.test.junit.AutoTests" name="[436] /home/travis/build/icyphy/ptII/ptolemy/actor/lib/test/auto/expressionCastInference.xml (RunModel)" time="0.007" />
  <testcase classname="ptolemy.util.test.junit.AutoTests" name="[437] /home/travis/build/icyphy/ptII/ptolemy/actor/lib/test/auto/expressionCastInference2.xml (RunModel)" time="0.006" />
  <testcase classname="ptolemy.util.test.junit.AutoTests" name="[438] /home/travis/build/icyphy/ptII/ptolemy/actor/lib/test/auto/expressionInference.xml (RunModel)" time="0.007" />
  <testcase classname="ptolemy.util.test.junit.AutoTests" name="[439] /home/travis/build/icyphy/ptII/ptolemy/actor/lib/test/auto/expression_bug.xml (RunModel)" time="0.007" />
  <testcase classname="ptolemy.util.test.junit.AutoTests" name="[440] /home/travis/build/icyphy/ptII/ptolemy/actor/lib/test/auto/factorial.xml (RunModel)" time="0.048" />
  <testcase classname="ptolemy.util.test.junit.AutoTests" name="[441] /home/travis/build/icyphy/ptII/ptolemy/actor/lib/test/auto/filterTest1.xml (RunModel)" time="0.012" />
  <testcase classname="ptolemy.util.test.junit.AutoTests" name="[442] /home/travis/build/icyphy/ptII/ptolemy/actor/lib/test/auto/funcApplyInConst.xml (RunModel)" time="0.005" />
  <testcase classname="ptolemy.util.test.junit.AutoTests" name="[443] /home/travis/build/icyphy/ptII/ptolemy/actor/lib/test/auto/funcApplyInExpr.xml (RunModel)" time="0.005" />
  <testcase classname="ptolemy.util.test.junit.AutoTests" name="[444] /home/travis/build/icyphy/ptII/ptolemy/actor/lib/test/auto/function.xml (RunModel)" time="0.008" />
  <testcase classname="ptolemy.util.test.junit.AutoTests" name="[445] /home/travis/build/icyphy/ptII/ptolemy/actor/lib/test/auto/function2.xml (RunModel)" time="0.007" />
  <testcase classname="ptolemy.util.test.junit.AutoTests" name="[446] /home/travis/build/icyphy/ptII/ptolemy/actor/lib/test/auto/function3.xml (RunModel)" time="0.006" />
  <testcase classname="ptolemy.util.test.junit.AutoTests" name="[447] /home/travis/build/icyphy/ptII/ptolemy/actor/lib/test/auto/functionClosureTest1.xml (RunModel)" time="0.009" />
  <testcase classname="ptolemy.util.test.junit.AutoTests" name="[448] /home/travis/build/icyphy/ptII/ptolemy/actor/lib/test/auto/functionClosureTest2.xml (RunModel)" time="0.006" />
  <testcase classname="ptolemy.util.test.junit.AutoTests" name="[449] /home/travis/build/icyphy/ptII/ptolemy/actor/lib/test/auto/functionClosureTest3.xml (RunModel)" time="0.01" />
  <testcase classname="ptolemy.util.test.junit.AutoTests" name="[450] /home/travis/build/icyphy/ptII/ptolemy/actor/lib/test/auto/functionClosureTest4.xml (RunModel)" time="0.014" />
  <testcase classname="ptolemy.util.test.junit.AutoTests" name="[451] /home/travis/build/icyphy/ptII/ptolemy/actor/lib/test/auto/functionClosureTest5.xml (RunModel)" time="0.011" />
  <testcase classname="ptolemy.util.test.junit.AutoTests" name="[452] /home/travis/build/icyphy/ptII/ptolemy/actor/lib/test/auto/functionClosureTest6.xml (RunModel)" time="0.007" />
  <testcase classname="ptolemy.util.test.junit.AutoTests" name="[453] /home/travis/build/icyphy/ptII/ptolemy/actor/lib/test/auto/functionsOnArcs.xml (RunModel)" time="0.009" />
  <testcase classname="ptolemy.util.test.junit.AutoTests" name="[454] /home/travis/build/icyphy/ptII/ptolemy/actor/lib/test/auto/functionsOnArcsHOF.xml (RunModel)" time="0.012" />
  <testcase classname="ptolemy.util.test.junit.AutoTests" name="[455] /home/travis/build/icyphy/ptII/ptolemy/actor/lib/test/auto/logic.xml (RunModel)" time="0.017" />
  <testcase classname="ptolemy.util.test.junit.AutoTests" name="[456] /home/travis/build/icyphy/ptII/ptolemy/actor/lib/test/auto/matrixType.xml (RunModel)" time="0.009" />
  <testcase classname="ptolemy.util.test.junit.AutoTests" name="[457] /home/travis/build/icyphy/ptII/ptolemy/actor/lib/test/auto/matrixType10.xml (RunModel)" time="0.008" />
  <testcase classname="ptolemy.util.test.junit.AutoTests" name="[458] /home/travis/build/icyphy/ptII/ptolemy/actor/lib/test/auto/matrixType11.xml (RunModel)" time="0.008" />
  <testcase classname="ptolemy.util.test.junit.AutoTests" name="[459] /home/travis/build/icyphy/ptII/ptolemy/actor/lib/test/auto/matrixType12.xml (RunModel)" time="0.01" />
  <testcase classname="ptolemy.util.test.junit.AutoTests" name="[460] /home/travis/build/icyphy/ptII/ptolemy/actor/lib/test/auto/matrixType13.xml (RunModel)" time="0.007" />
  <testcase classname="ptolemy.util.test.junit.AutoTests" name="[461] /home/travis/build/icyphy/ptII/ptolemy/actor/lib/test/auto/matrixType14.xml (RunModel)" time="0.009" />
  <testcase classname="ptolemy.util.test.junit.AutoTests" name="[462] /home/travis/build/icyphy/ptII/ptolemy/actor/lib/test/auto/matrixType2.xml (RunModel)" time="0.008" />
  <testcase classname="ptolemy.util.test.junit.AutoTests" name="[463] /home/travis/build/icyphy/ptII/ptolemy/actor/lib/test/auto/matrixType3.xml (RunModel)" time="0.009" />
  <testcase classname="ptolemy.util.test.junit.AutoTests" name="[464] /home/travis/build/icyphy/ptII/ptolemy/actor/lib/test/auto/matrixType4.xml (RunModel)" time="0.007" />
  <testcase classname="ptolemy.util.test.junit.AutoTests" name="[465] /home/travis/build/icyphy/ptII/ptolemy/actor/lib/test/auto/matrixType5.xml (RunModel)" time="0.007" />
  <testcase classname="ptolemy.util.test.junit.AutoTests" name="[466] /home/travis/build/icyphy/ptII/ptolemy/actor/lib/test/auto/matrixType6.xml (RunModel)" time="0.007" />
  <testcase classname="ptolemy.util.test.junit.AutoTests" name="[467] /home/travis/build/icyphy/ptII/ptolemy/actor/lib/test/auto/matrixType7.xml (RunModel)" time="0.008" />
  <testcase classname="ptolemy.util.test.junit.AutoTests" name="[468] /home/travis/build/icyphy/ptII/ptolemy/actor/lib/test/auto/matrixType8.xml (RunModel)" time="0.008" />
  <testcase classname="ptolemy.util.test.junit.AutoTests" name="[469] /home/travis/build/icyphy/ptII/ptolemy/actor/lib/test/auto/matrixType9.xml (RunModel)" time="0.007" />
  <testcase classname="ptolemy.util.test.junit.AutoTests" name="[470] /home/travis/build/icyphy/ptII/ptolemy/actor/lib/test/auto/paraFunctest.xml (RunModel)" time="0.007" />
  <testcase classname="ptolemy.util.test.junit.AutoTests" name="[471] /home/travis/build/icyphy/ptII/ptolemy/actor/lib/test/auto/paraFunctest2.xml (RunModel)" time="0.007" />
  <testcase classname="ptolemy.util.test.junit.AutoTests" name="[472] /home/travis/build/icyphy/ptII/ptolemy/actor/lib/test/auto/parameterPassing.xml (RunModel)" time="0.011" />
  <testcase classname="ptolemy.util.test.junit.AutoTests" name="[473] /home/travis/build/icyphy/ptII/ptolemy/actor/lib/test/auto/record.xml (RunModel)" time="0.008" />
  <testcase classname="ptolemy.util.test.junit.AutoTests" name="[474] /home/travis/build/icyphy/ptII/ptolemy/actor/lib/test/auto/sizedarray1.xml (RunModel)" time="0.008" />
  <testcase classname="ptolemy.util.test.junit.AutoTests" name="[475] /home/travis/build/icyphy/ptII/ptolemy/actor/lib/test/auto/sizedarray2.xml (RunModel)" time="0.009" />
  <testcase classname="ptolemy.util.test.junit.AutoTests" name="[476] /home/travis/build/icyphy/ptII/ptolemy/actor/lib/test/auto/twoPublishers.xml (RunModel)" time="0.017" />
  <system-out><![CDATA[/home/travis/build/icyphy/ptII/ptolemy/actor/lib/test/AbsoluteValue.tcl
testDefs.tcl: setting time out to 9000 seconds at Thu May 10 02:22:20 UTC 2018
77 ms. Memory: 116224K Free: 107861K (93%)
3 ms. Memory: 116224K Free: 106628K (92%)
4 ms. Memory: 116224K Free: 105991K (91%)
4 ms. Memory: 116224K Free: 105386K (91%)
/home/travis/build/icyphy/ptII/ptolemy/actor/lib/test/AddSubtract.tcl
8 ms. Memory: 116224K Free: 102990K (89%)
5 ms. Memory: 116224K Free: 102394K (88%)
4 ms. Memory: 116224K Free: 101757K (88%)
6 ms. Memory: 116224K Free: 100564K (87%)
13 ms. Memory: 116224K Free: 99967K (86%)
13 ms. Memory: 116224K Free: 99355K (85%)
/home/travis/build/icyphy/ptII/ptolemy/actor/lib/test/Average.tcl
12 ms. Memory: 116224K Free: 97548K (84%)
5 ms. Memory: 116224K Free: 96339K (83%)
/home/travis/build/icyphy/ptII/ptolemy/actor/lib/test/Bernoulli.tcl
7 ms. Memory: 116224K Free: 94517K (81%)
2 ms. Memory: 116224K Free: 93920K (81%)
/home/travis/build/icyphy/ptII/ptolemy/actor/lib/test/Clock.tcl
preinitializing
resolving types
initializing
executing number 1
wrapping up
idle
10 ms. Memory: 116224K Free: 92114K (79%)
Completed execution with 5 iterations
preinitializing
resolving types
initializing
executing number 1
wrapping up
idle
11 ms. Memory: 116224K Free: 90905K (78%)
Completed execution with 5 iterations
preinitializing
resolving types
initializing
executing number 1
wrapping up
idle
4 ms. Memory: 116224K Free: 90292K (78%)
Completed execution with 5 iterations
/home/travis/build/icyphy/ptII/ptolemy/actor/lib/test/Commutator.tcl
16 ms. Memory: 116224K Free: 88486K (76%)
5 ms. Memory: 116224K Free: 87285K (75%)
8 ms. Memory: 116224K Free: 83029K (71%)
/home/travis/build/icyphy/ptII/ptolemy/actor/lib/test/Const.tcl
3 ms. Memory: 116224K Free: 81231K (70%)
18 ms. Memory: 146944K Free: 139904K (95%)
7 ms. Memory: 146944K Free: 139904K (95%)
2 ms. Memory: 146944K Free: 138704K (94%)
1 ms. Memory: 146944K Free: 138704K (94%)
10 ms. Memory: 146944K Free: 136287K (93%)
3 ms. Memory: 146944K Free: 136287K (93%)
2 ms. Memory: 146944K Free: 135087K (92%)
/home/travis/build/icyphy/ptII/ptolemy/actor/lib/test/CurrentTime.tcl
preinitializing
resolving types
initializing
executing number 1
wrapping up
idle
22 ms. Memory: 146944K Free: 132671K (90%)
Completed execution with 11 iterations
/home/travis/build/icyphy/ptII/ptolemy/actor/lib/test/DB.tcl
3 ms. Memory: 146944K Free: 131470K (89%)
2 ms. Memory: 146944K Free: 130262K (89%)
2 ms. Memory: 146944K Free: 130262K (89%)
/home/travis/build/icyphy/ptII/ptolemy/actor/lib/test/DiscreteRandomSource.tcl
preinitializing
resolving types
initializing
executing number 1
wrapping up
idle
7 ms. Memory: 146944K Free: 129046K (88%)
Completed execution with 4 iterations
preinitializing
resolving types
initializing
executing number 1
wrapping up
idle
2 ms. Memory: 146944K Free: 127830K (87%)
Completed execution with 4 iterations
preinitializing
resolving types
initializing
executing number 1
wrapping up
idle
8 ms. Memory: 146944K Free: 127830K (87%)
Completed execution with 4 iterations
preinitializing
resolving types
initializing
executing number 1
wrapping up
idle
3 ms. Memory: 146944K Free: 127830K (87%)
Completed execution with 4 iterations
preinitializing
resolving types
initializing
executing number 1
wrapping up
idle
3 ms. Memory: 146944K Free: 126630K (86%)
Completed execution with 4 iterations
/home/travis/build/icyphy/ptII/ptolemy/actor/lib/test/Distributor.tcl
7 ms. Memory: 146944K Free: 125430K (85%)
7 ms. Memory: 146944K Free: 124229K (85%)
StreamChangeRequest.changeExecuted(): <deleteEntity name="rec2"/> succeeded
StreamChangeRequest.changeExecuted(): <deleteRelation name="r2"/> succeeded
StreamChangeRequest.changeExecuted(): Record firings per iteration succeeded
6 ms. Memory: 146944K Free: 121813K (83%)
/home/travis/build/icyphy/ptII/ptolemy/actor/lib/test/Exit.tcl
Exit.tcl: this will print a message about Manager.exitAfterWrapup, which can be ignored.
7 ms. Memory: 146944K Free: 118798K (81%)
/home/travis/build/icyphy/ptII/ptolemy/actor/lib/test/Expression.tcl
6 ms. Memory: 146944K Free: 115169K (78%)
8 ms. Memory: 146944K Free: 115169K (78%)
3 ms. Memory: 146944K Free: 113969K (78%)
preinitializing
resolving types
initializing
executing number 1
wrapping up
idle
4 ms. Memory: 146944K Free: 112769K (77%)
Completed execution with 6 iterations
3 ms. Memory: 146944K Free: 110340K (75%)
2 ms. Memory: 146944K Free: 110340K (75%)
4 ms. Memory: 146944K Free: 109139K (74%)
3 ms. Memory: 146944K Free: 107939K (73%)
4 ms. Memory: 146944K Free: 106739K (73%)
/home/travis/build/icyphy/ptII/ptolemy/actor/lib/test/Gaussian.tcl
9 ms. Memory: 146944K Free: 104338K (71%)
sleeping 1 seconds: ............................................................................................................................................................................................................................................................................................................................................................................................................................................................................................................................................................................................................................................................................................................................................................................................................................................................................................................................................................................................................................................................................................................................................................................................................................................................................................................................................................................................................................................................................................................................................................................................................................................................................................................................................................................................................................................................................................................................................................................................................................................................................................................................................................................................................................................................................................................................................................................................................................................................................................................................................................................................................................................................................................................................................................................................................................................................................................................................................................................................................................................................................................................................................................................................................................................................................................................................................................................................................................................................................................................................................................................................................................................................................................................................................................................................................................................................................................................................................................................................................................................................................................................................................................................................................................................................................................................................................................................................................................................................................................................................................................................................................................................................................................................................................................................................................................................................................................................................................................................................................................................................................................................................................................................................................................................................................................................................................................................................................................................................................................................................................................................................................................................................................................................................................................................................................................................................................................................................................................................................................................................................................................................................................................................................................................................................................................................................................................................................................................................................................................................................................................................................................................................................................................................................................................................................................................................................................................................................................................................................................................................................................................................................................................................................................................................................................................................................................................................................................................................................................................................................................................................................................................................................................................................................................................................................................................................................................................................................................................................................................................................................................................................................................................................................................................................................................................................................................................................................................................................................................................................................................................................................................................................................................................................................................................................................................................................................................................................................................................................................................................................................................................................................................................................................................................................................................................................................................................................................................................................................................................................................................................................................................................................................................................................................................................................................................................................................................................................................................................................................................................................................................................................................................................................................................................................................................................................................................................................................................................................................................................................................................................................................................................................................................................................................................................................................................................................................................................................................................................................................................................................................................................................................................................................................................................................................................................................................................................................................................................................................................................................................................................................................................................................................................................................................................................................................................................................................................................................................................................................................................................................................................................................................................................................................................................................................................................................................................................................................................................................................................................................................................................................................................................................................................................................................................................................................................................................................................................................................................................................................................................................................................................................................................................................................................................................................................................................................................................................................................................................................................................................................................................................................................................................................................................................................................................................................................................................................................................................................................................................................................................................................................................................................................................................................................................................................................................................................................................................................................................................................................................................................................................................................................................................................................................................................................................................................................................................................................................................................................................................................................................................................................................................................................................................................................................................................................................................................................................................................................................................................................................................................................................................................................................................................................................................................................................................................................................................................................................................................................................................................................................................................................................................................................................................................................................................................................................................................................................................................................................................................................................................................................................................................................................................................................................................................................................................................................................................................................................................................................................................................................................................................................................................................................................................................................................................................................................................................................................................................................................................................................................................................................................................................................................................................................................................................................................................................................................................................................................................................................................................................................................................................................................................................................................................................................................................................................................................................................................................................................................................................................................................................................................................................................................................................................................................................................................................................................................................................................................................................................................................................................................................................................................................................................................................................................................................................................................................................................................................................................................................................................................................................................................................................................................................................................................................................................................................................................................................................................................................................................................................................................................................................................................................................................................................................................................................................................................................................................................................................................................................................................................................................................................................................................................................................................................................................................................................................................................................................................................................................................................................................................................................................................................................................................................................................................................................................................................................................................................................................................................................................................................................................................................................................................................................................................................................................................................................................................................................................................................................................................................................................................................................................................................................................................................................................................................................................................................................................................................................................................................................................................................................................................................................................................................................................................................................................................................................................................................................................................................................................................................................................................................................................................................................................................................................................................................................................................................................................................................................................................................................................................................................................................................................................................................................................................................................................................................................................................................................................................................................................................................................................................................................................................................................................................................................................................................................................................................................................................................................................................................................................................................................................................................................................................................................................................................................................................................................................................................................................................................................................................................................................................................................................................................................................................................................................................................................................................................................................................................................................................................................................................................................................................................................................................................................................................................................................................................................................................................................................................................................................................................................................................................................................................................................................................................................................................................................................................................................................................................................................................................................................................................................................................................................................................................................................................................................................................................................................................................................................................................................................................................................................................................................................................................................................................................................................................................................................................................................................................................................................................................................................................................................................................................................................................................................................................................................................................................................................................................................................................................................................................................................................................................................................................................................................................................................................................................................................................................................................................................................................................................................................................................................................................................................................................................................................................................................................................................................................................................................................................................................................................................................................................................................................................................................................................................................................................................................................................................................................................................................................................................................................................................................................................................................................................................................................................................................................................................................................................................................................................................................................................................................................................................................................................................................................................................................................................................................................................................................................................................................................................................................................................................................................................................................................................................................................................................................................................................................................................................................................................................................................................................................................................................................................................................................................................................................................................................................................................................................................................................................................................................................................................................................................................................................................................................................................................................................................................................................................................................................................................................................................................................................................................................................................................................................................................................................................................................................................................................................................................................................................................................................................................................................................................................................................................................................................................................................................................................................................................................................................................................................................................................................................................................................................................................................................................................................................................................................................................................................................................................................................................................................................................................................................................................................................................................................................................................................................................................................................................................................................................................................................................................................................................................................................................................................................................................................................................................................................................................................................................................................................................................................................................................................................................................................................................................................................................................................................................................................................................................................................................................................................................................................................................................................................................................................................................................................................................................................................................................................................................................................................................................................................................................................................................................................................................................................................................................................................................................................................................................................................................................................................................................................................................................................................................................................................................................................................................................................................................................................................................................................................................................................................................................................................................................................................................................................................................................................................................................................................................................................................................................................................................................................................................................................................................................................................................................................................................................................................................................................................................................................................................................................................................................................................................................................................................................................................................................................................................................................................................................................................................................................................................................................................................................................................................................................................................................................................................................................................................................................................................................................................................................................................................................................................................................................................................................................................................................................................................................................................................................................................................................................................................................................................................................................................................................................................................................................................................................................................................................................................................................................................................................................................................................................................................................................................................................................................................................................................................................................................................................................................................................................................................................................................................................................................................................................................................................................................................................................................................................................................................................................................................................................................................................................................................................................................................................................................................................................................................................................................................................................................................................................................................................................................................................................................................................................................................................................................................................................................................................................................................................................................................................................................................................................................................................................................................................................................................................................................................................................................................................................................................................................................................................................................................................................................................................................................................................................................................................................................................................................................................................................................................................................................................................................................................................................................................................................................................................................................................................................................................................................................................................................................................................................................................................................................................................................................................................................................................................................................................................................................................................................................................................................................................................................................................................................................................................................................................................................................................................................................................................................................................................................................................................................................................................................................................................................................................................................................................................................................................................................................................................................................................................................................................................................................................................................................................................................................................................................................................................................................................................................................................................................................................................................................................................................................................................................................................................................................................................................................................................................................................................................................................................................................................................................................................................................................................................................................................................................................................................................................................................................................................................................................................................................................................................................................................................................................................................................................................................................................................................................................................................................................................................................................................................................................................................................................................................................................................................................................................................................................................................................................................................................................................................................................................................................................................................................................................................................................................................................................................................................................................................................................................................................................................................................................................................................................................................................................................................................................................................................................................................................................................................................................................................................................................................................................................................................................................................................................................................................................................................................................................................................................................................................................................................................................................................................................................................................................................................................................................................................................................................................................................................................................................................................................................................................................................................................................................................................................................................................................................................................................................................................................................................................................................................................................................................................................................................................................................................................................................................................................................................................................................................3 ms. Memory: 208384K Free: 83176K (40%)
4 ms. Memory: 208384K Free: 83176K (40%)
3 ms. Memory: 208384K Free: 83176K (40%)
6 ms. Memory: 208384K Free: 82657K (40%)
2 ms. Memory: 208384K Free: 80442K (39%)
/home/travis/build/icyphy/ptII/ptolemy/actor/lib/test/IIR.tcl
/home/travis/build/icyphy/ptII/ptolemy/actor/lib/test/Interpolator.tcl
2 ms. Memory: 208384K Free: 200294K (96%)
1 ms. Memory: 208384K Free: 197872K (95%)
2 ms. Memory: 208384K Free: 197872K (95%)
2 ms. Memory: 208384K Free: 197872K (95%)
3 ms. Memory: 208384K Free: 197872K (95%)
2 ms. Memory: 208384K Free: 195450K (94%)
2 ms. Memory: 208384K Free: 195450K (94%)
2 ms. Memory: 208384K Free: 193028K (93%)
2 ms. Memory: 208384K Free: 193028K (93%)
2 ms. Memory: 208384K Free: 193028K (93%)
/home/travis/build/icyphy/ptII/ptolemy/actor/lib/test/MathFunction.tcl
3 ms. Memory: 208384K Free: 190593K (91%)
2 ms. Memory: 208384K Free: 188171K (90%)
2 ms. Memory: 208384K Free: 188171K (90%)
2 ms. Memory: 208384K Free: 188171K (90%)
4 ms. Memory: 208384K Free: 185749K (89%)
5 ms. Memory: 208384K Free: 183327K (88%)
/home/travis/build/icyphy/ptII/ptolemy/actor/lib/test/Maximum.tcl
5 ms. Memory: 208384K Free: 183327K (88%)
4 ms. Memory: 208384K Free: 180905K (87%)
5 ms. Memory: 208384K Free: 180905K (87%)
5 ms. Memory: 208384K Free: 180905K (87%)
/home/travis/build/icyphy/ptII/ptolemy/actor/lib/test/Minimum.tcl
3 ms. Memory: 208384K Free: 178482K (86%)
2 ms. Memory: 208384K Free: 178482K (86%)
2 ms. Memory: 208384K Free: 176060K (84%)
2 ms. Memory: 208384K Free: 176060K (84%)
/home/travis/build/icyphy/ptII/ptolemy/actor/lib/test/MultiplyDivide.tcl
7 ms. Memory: 208384K Free: 173638K (83%)
9 ms. Memory: 208384K Free: 173638K (83%)
2 ms. Memory: 208384K Free: 173638K (83%)
2 ms. Memory: 208384K Free: 171216K (82%)
4 ms. Memory: 208384K Free: 171216K (82%)
/home/travis/build/icyphy/ptII/ptolemy/actor/lib/test/OrderedMerge.tcl
Connections changed on port: inputA
Connections changed on port: inputB
Connections changed on port: output
Connections changed on port: output
Connections changed on port: output
Connections changed on port: input
.top. Preinitializing ...
Invoking preinitialize():  .top.OrderedMerge
Called preinitialize()
Invoking preinitialize():  .top.Ramp
Called preinitialize()
Invoking preinitialize():  .top.Ramp2
Called preinitialize()
Invoking preinitialize():  .top.Test
Called preinitialize()
Connections changed on port: inputA
Connections changed on port: output
Connections changed on port: inputB
Connections changed on port: output
Connections changed on port: output
Connections changed on port: input
.top. Finished preinitialize().
Called initialize().
Invoking initialize():  .top.OrderedMerge
Initializing actor: .top.OrderedMerge
Adding a thread: .top.OrderedMerge
Invoking initialize():  .top.Ramp
Initializing actor: .top.Ramp
Adding a thread: .top.Ramp
Invoking initialize():  .top.Ramp2
Initializing actor: .top.Ramp2
Adding a thread: .top.Ramp2
Invoking initialize():  .top.Test
Initializing actor: .top.Test
Adding a thread: .top.Test
-- Starting thread.
Called initialize()
Called prefire()
Called fire()
-- Starting thread.
Called initialize()
Called prefire()
Called fire()
Called postfire()
Called prefire()
Called fire()
-- Starting thread.
Called initialize()
Called prefire()
Called fire()
Called postfire()
Called prefire()
Called fire()
Called fire().
Checking for deadlock:
There are 3 Blocked actors, 0 Stopped actors, and 4 active threads.
Waiting for actors to stop.
-- Starting thread.
Called initialize()
Called prefire()
Called fire()
Checking for deadlock:
There are 2 Blocked actors, 0 Stopped actors, and 4 active threads.
Waiting for actors to stop.
Called postfire()
Called prefire()
Called fire()
Checking for deadlock:
There are 3 Blocked actors, 0 Stopped actors, and 4 active threads.
Waiting for actors to stop.
Read input token from inputA with value 0.0
Next port to read input from is inputB
Called postfire()
Called prefire()
Called fire()
Checking for deadlock:
There are 2 Blocked actors, 0 Stopped actors, and 4 active threads.
Waiting for actors to stop.
Called postfire()
Called prefire()
Called fire()
Checking for deadlock:
There are 3 Blocked actors, 0 Stopped actors, and 4 active threads.
Waiting for actors to stop.
Read input token from inputB with value 0.0
Sent output token with value 0.0
Next port to read input from is inputA
Called postfire()
Called prefire()
Called fire()
Read input token from inputA with value 1.0
Checking for deadlock:
There are 2 Blocked actors, 0 Stopped actors, and 4 active threads.
Waiting for actors to stop.
-- Read input: 0.0, which is expected to match: 0.0
Called prefire()
Called fire()
Checking for deadlock:
There are 2 Blocked actors, 0 Stopped actors, and 4 active threads.
Waiting for actors to stop.
Called postfire()
Called prefire()
Called fire()
Checking for deadlock:
There are 3 Blocked actors, 0 Stopped actors, and 4 active threads.
Waiting for actors to stop.
-- Read input: 0.0, which is expected to match: 0.0
Called prefire()
Called fire()
Checking for deadlock:
There are 3 Blocked actors, 0 Stopped actors, and 4 active threads.
Waiting for actors to stop.
Sent output token with value 0.0
Next port to read input from is inputB
Called postfire()
Called prefire()
Called fire()
Read input token from inputB with value 1.5
Sent output token with value 1.0
Next port to read input from is inputA
Called postfire()
Called prefire()
Called fire()
Checking for deadlock:
There are 0 Blocked actors, 0 Stopped actors, and 4 active threads.
Waiting for actors to stop.
Called postfire()
Called prefire()
Called fire()
-- Read input: 1.0, which is expected to match: 1.0
Called prefire()
Called fire()
Checking for deadlock:
There are 2 Blocked actors, 0 Stopped actors, and 4 active threads.
Waiting for actors to stop.
Called postfire()
Called prefire()
Called fire()
Checking for deadlock:
There are 3 Blocked actors, 0 Stopped actors, and 4 active threads.
Waiting for actors to stop.
Read input token from inputA with value 2.0
-- Read input: 1.5, which is expected to match: 1.5
Called prefire()
Called fire()
Checking for deadlock:
There are 3 Blocked actors, 0 Stopped actors, and 4 active threads.
Waiting for actors to stop.
Sent output token with value 1.5
Next port to read input from is inputB
Called postfire()
Called prefire()
Called fire()
Read input token from inputB with value 3.0
Sent output token with value 2.0
Next port to read input from is inputA
Called postfire()
Called prefire()
Called fire()
Read input token from inputA with value 3.0
Called postfire()
Called prefire()
Called fire()
Checking for deadlock:
There are 2 Blocked actors, 0 Stopped actors, and 4 active threads.
Waiting for actors to stop.
-- Read input: 2.0, which is expected to match: 2.0
Called prefire()
Called fire()
Called postfire()
Called prefire()
Called fire()
Checking for deadlock:
There are 3 Blocked actors, 0 Stopped actors, and 4 active threads.
Waiting for actors to stop.
Checking for deadlock:
There are 2 Blocked actors, 0 Stopped actors, and 4 active threads.
Waiting for actors to stop.
-- Read input: 3.0, which is expected to match: 3.0
Called prefire()
Called fire()
Checking for deadlock:
There are 3 Blocked actors, 0 Stopped actors, and 4 active threads.
Waiting for actors to stop.
Sent output token with value 3.0
Next port to read input from is inputB
Called postfire()
Called prefire()
Called fire()
Read input token from inputB with value 4.5
Sent output token with value 3.0
Next port to read input from is inputA
Called postfire()
Called prefire()
Called fire()
Read input token from inputA with value 4.0
Called postfire()
Called prefire()
Called fire()
Checking for deadlock:
There are 2 Blocked actors, 0 Stopped actors, and 4 active threads.
Waiting for actors to stop.
-- Read input: 3.0, which is expected to match: 3.0
Called prefire()
Called fire()
Called postfire()
Called prefire()
Called fire()
Checking for deadlock:
There are 3 Blocked actors, 0 Stopped actors, and 4 active threads.
Waiting for actors to stop.
Checking for deadlock:
There are 2 Blocked actors, 0 Stopped actors, and 4 active threads.
Waiting for actors to stop.
-- Read input: 4.0, which is expected to match: 4.0
Called prefire()
Called fire()
Past the end of training data. Read and discard all inputs.
Checking for deadlock:
There are 3 Blocked actors, 0 Stopped actors, and 4 active threads.
Waiting for actors to stop.
Sent output token with value 4.0
Next port to read input from is inputA
Called postfire()
Called prefire()
Called fire()
Read input token from inputA with value 5.0
Sent output token with value 4.5
Next port to read input from is inputB
Called postfire()
Called prefire()
Called fire()
Read input token from inputB with value 6.0
Called postfire()
Called prefire()
Called fire()
Checking for deadlock:
There are 2 Blocked actors, 0 Stopped actors, and 4 active threads.
Waiting for actors to stop.
Called prefire()
Called fire()
Past the end of training data. Read and discard all inputs.
Called postfire()
Called prefire()
Called fire()
Checking for deadlock:
There are 3 Blocked actors, 0 Stopped actors, and 4 active threads.
Waiting for actors to stop.
Checking for deadlock:
There are 2 Blocked actors, 0 Stopped actors, and 4 active threads.
Waiting for actors to stop.
Called prefire()
Called fire()
Past the end of training data. Read and discard all inputs.
Checking for deadlock:
There are 3 Blocked actors, 0 Stopped actors, and 4 active threads.
Waiting for actors to stop.
Sent output token with value 5.0
Next port to read input from is inputA
Called postfire()
Called prefire()
Called fire()
Read input token from inputA with value 6.0
Sent output token with value 6.0
Next port to read input from is inputB
Called postfire()
Called prefire()
Called fire()
Read input token from inputB with value 7.5
Called postfire()
Called prefire()
Called fire()
Checking for deadlock:
There are 2 Blocked actors, 0 Stopped actors, and 4 active threads.
Waiting for actors to stop.
Called prefire()
Called fire()
Past the end of training data. Read and discard all inputs.
Called postfire()
Called prefire()
Called fire()
Checking for deadlock:
There are 3 Blocked actors, 0 Stopped actors, and 4 active threads.
Waiting for actors to stop.
Checking for deadlock:
There are 2 Blocked actors, 0 Stopped actors, and 4 active threads.
Waiting for actors to stop.
Called prefire()
Called fire()
Past the end of training data. Read and discard all inputs.
Checking for deadlock:
There are 3 Blocked actors, 0 Stopped actors, and 4 active threads.
Waiting for actors to stop.
Sent output token with value 6.0
Next port to read input from is inputA
Called postfire()
Called prefire()
Called fire()
Read input token from inputA with value 7.0
Sent output token with value 7.0
Next port to read input from is inputA
Called postfire()
Called prefire()
Called fire()
Checking for deadlock:
There are 2 Blocked actors, 0 Stopped actors, and 4 active threads.
Waiting for actors to stop.
Called prefire()
Called fire()
Past the end of training data. Read and discard all inputs.
Checking for deadlock:
There are 3 Blocked actors, 0 Stopped actors, and 4 active threads.
Waiting for actors to stop.
Called postfire()
Called prefire()
Called fire()
Checking for deadlock:
There are 3 Blocked actors, 0 Stopped actors, and 4 active threads.
Waiting for actors to stop.
Checking for deadlock:
There are 2 Blocked actors, 0 Stopped actors, and 4 active threads.
Waiting for actors to stop.
-- Thread wrapup() called.
Called wrapup()
Thread .top.Ramp is exiting.
Checking for deadlock:
There are 2 Blocked actors, 0 Stopped actors, and 3 active threads.
Waiting for actors to stop.
-- Thread stopped.
Read input token from inputA with value 8.0
Called prefire()
Called fire()
Past the end of training data. Read and discard all inputs.
Checking for deadlock:
There are 2 Blocked actors, 0 Stopped actors, and 3 active threads.
Waiting for actors to stop.
Sent output token with value 7.5
Next port to read input from is inputB
Called postfire()
Called prefire()
Called fire()
Called postfire()
Called prefire()
Called fire()
Checking for deadlock:
There are 2 Blocked actors, 0 Stopped actors, and 3 active threads.
Waiting for actors to stop.
Read input token from inputB with value 9.0
Called prefire()
Called fire()
Past the end of training data. Read and discard all inputs.
Checking for deadlock:
There are 2 Blocked actors, 0 Stopped actors, and 3 active threads.
Waiting for actors to stop.
Sent output token with value 8.0
Next port to read input from is inputA
Called postfire()
Called prefire()
Called fire()
Read input token from inputA with value 9.0
Checking for deadlock:
There are 1 Blocked actors, 0 Stopped actors, and 3 active threads.
Waiting for actors to stop.
Called prefire()
Called fire()
Past the end of training data. Read and discard all inputs.
Checking for deadlock:
There are 2 Blocked actors, 0 Stopped actors, and 3 active threads.
Waiting for actors to stop.
Sent output token with value 9.0
Next port to read input from is inputB
Called postfire()
Called prefire()
Called fire()
Called postfire()
Called prefire()
Called fire()
Checking for deadlock:
There are 2 Blocked actors, 0 Stopped actors, and 3 active threads.
Waiting for actors to stop.
Read input token from inputB with value 10.5
Called prefire()
Called fire()
Past the end of training data. Read and discard all inputs.
Checking for deadlock:
There are 2 Blocked actors, 0 Stopped actors, and 3 active threads.
Waiting for actors to stop.
Sent output token with value 9.0
Next port to read input from is inputA
Called postfire()
Called prefire()
Called fire()
Checking for deadlock:
There are 3 Blocked actors, 0 Stopped actors, and 3 active threads.
Actors have stopped.
Checking for deadlock:
There are 3 Blocked actors, 0 Stopped actors, and 3 active threads.
Deadlock detected.
Resolving Deadlock
Checking for deadlock:
There are 3 Blocked actors, 0 Stopped actors, and 3 active threads.
Artificial Deadlock - increasing queue capacity.
increasing the capacity of receiver ptolemy.actor.TypedIOPort {.top.OrderedMerge.inputB} to 2
Director: Called postfire().
Called postfire().
_stopRequested = false
_stopFireRequested = false
Returning from postfire(): true
Called fire().
Checking for deadlock:
There are 2 Blocked actors, 0 Stopped actors, and 3 active threads.
Waiting for actors to stop.
-- Thread wrapup() called.
Called wrapup()
Thread .top.Ramp2 is exiting.
-- Thread stopped.
Checking for deadlock:
There are 2 Blocked actors, 0 Stopped actors, and 2 active threads.
Actors have stopped.
Checking for deadlock:
There are 2 Blocked actors, 0 Stopped actors, and 2 active threads.
Deadlock detected.
Resolving Deadlock
Checking for deadlock:
There are 2 Blocked actors, 0 Stopped actors, and 2 active threads.
Deadlock detected: no processes blocked on write, but some are blocked on read.
Called postfire().
_stopRequested = false
_stopFireRequested = false
Returning from postfire(): false
Finished deactivating branches.
Called wrapup().
-- Thread wrapup() called.
Called wrapup()
Thread .top.OrderedMerge is exiting.
-- Thread wrapup() called.
Called wrapup()
Thread .top.Test is exiting.
-- Thread stopped.
-- Blocked Receiver call threw TerminateProcessException.
38 ms. Memory: 208384K Free: 163879K (79%)
.top. Preinitializing ...
Invoking preinitialize():  .top.OrderedMerge
Called preinitialize()
Invoking preinitialize():  .top.Ramp
Called preinitialize()
Invoking preinitialize():  .top.Ramp2
Called preinitialize()
Invoking preinitialize():  .top.Test
Called preinitialize()
.top. Finished preinitialize().
Called initialize().
Invoking initialize():  .top.OrderedMerge
Initializing actor: .top.OrderedMerge
Adding a thread: .top.OrderedMerge
Invoking initialize():  .top.Ramp
Initializing actor: .top.Ramp
Adding a thread: .top.Ramp
Invoking initialize():  .top.Ramp2
Initializing actor: .top.Ramp2
Adding a thread: .top.Ramp2
Invoking initialize():  .top.Test
Initializing actor: .top.Test
Adding a thread: .top.Test
-- Thread stopped.
-- Blocked Receiver call threw TerminateProcessException.
-- Starting thread.
Called initialize()
Called prefire()
Called fire()
-- Starting thread.
Called initialize()
Called prefire()
Called fire()
Called postfire()
-- Starting thread.
Called prefire()
Called initialize()
Called fire()
Called prefire()
Called fire()
Called postfire()
Called prefire()
Called fire()
Called fire().
Checking for deadlock:
There are 3 Blocked actors, 0 Stopped actors, and 4 active threads.
Waiting for actors to stop.
-- Starting thread.
Called initialize()
Called prefire()
Called fire()
Checking for deadlock:
There are 2 Blocked actors, 0 Stopped actors, and 4 active threads.
Waiting for actors to stop.
Read input token from inputA with value 0.0
Next port to read input from is inputB
Called postfire()
Called prefire()
Called fire()
Read input token from inputB with value 0.0
Sent output token with value 0.0
Next port to read input from is inputA
Called postfire()
Called prefire()
Called fire()
Checking for deadlock:
There are 1 Blocked actors, 0 Stopped actors, and 4 active threads.
Waiting for actors to stop.
-- Read input: 0.0, which is expected to match: 0.0
Called prefire()
Called fire()
Checking for deadlock:
There are 2 Blocked actors, 0 Stopped actors, and 4 active threads.
Waiting for actors to stop.
Checking for deadlock:
Called postfire()
There are 1 Blocked actors, 0 Stopped actors, and 4 active threads.
Called prefire()
Waiting for actors to stop.
Called postfire()
Called prefire()
Called fire()
Checking for deadlock:
There are 2 Blocked actors, 0 Stopped actors, and 4 active threads.
Waiting for actors to stop.
Read input token from inputA with value 1.0
Checking for deadlock:
There are 1 Blocked actors, 0 Stopped actors, and 4 active threads.
Waiting for actors to stop.
-- Read input: 0.0, which is expected to match: 0.0
Called prefire()
Called fire()
Checking for deadlock:
There are 2 Blocked actors, 0 Stopped actors, and 4 active threads.
Waiting for actors to stop.
Sent output token with value 0.0
Next port to read input from is inputB
Called postfire()
Called prefire()
Called fire()
Checking for deadlock:
There are 1 Blocked actors, 0 Stopped actors, and 4 active threads.
Waiting for actors to stop.
Called postfire()
Called prefire()
Called fire()
Checking for deadlock:
There are 2 Blocked actors, 0 Stopped actors, and 4 active threads.
Waiting for actors to stop.
Read input token from inputB with value 1.5
Called fire()
Called postfire()
Called prefire()
Called fire()
Checking for deadlock:
There are 2 Blocked actors, 0 Stopped actors, and 4 active threads.
Waiting for actors to stop.
-- Read input: 1.0, which is expected to match: 1.0
Called prefire()
Called fire()
Checking for deadlock:
Sent output token with value 1.0
There are 3 Blocked actors, 0 Stopped actors, and 4 active threads.
Waiting for actors to stop.
Next port to read input from is inputA
Called postfire()
Called prefire()
Called fire()
Read input token from inputA with value 2.0
Sent output token with value 1.5
Next port to read input from is inputB
Called postfire()
Called prefire()
Called fire()
Read input token from inputB with value 3.0
Checking for deadlock:
There are 1 Blocked actors, 0 Stopped actors, and 4 active threads.
Waiting for actors to stop.
Called postfire()
Called prefire()
Called fire()
Checking for deadlock:
There are 1 Blocked actors, 0 Stopped actors, and 4 active threads.
Waiting for actors to stop.
-- Read input: 1.5, which is expected to match: 1.5
Called prefire()
Called fire()
Sent output token with value 2.0
-- Read input: 2.0, which is expected to match: 2.0
Next port to read input from is inputA
Called postfire()
Called prefire()
Called prefire()
Called fire()
Called fire()
Called postfire()
Called prefire()
Called fire()
Checking for deadlock:
There are 2 Blocked actors, 0 Stopped actors, and 4 active threads.
Waiting for actors to stop.
Read input token from inputA with value 3.0
Sent output token with value 3.0
Next port to read input from is inputB
Called postfire()
Called prefire()
Called fire()
Read input token from inputB with value 4.5
Called postfire()
Called prefire()
-- Read input: 3.0, which is expected to match: 3.0
Called fire()
Called prefire()
Called fire()
Checking for deadlock:
There are 1 Blocked actors, 0 Stopped actors, and 4 active threads.
Waiting for actors to stop.
Checking for deadlock:
There are 2 Blocked actors, 0 Stopped actors, and 4 active threads.
Waiting for actors to stop.
Called postfire()
Called prefire()
Called fire()
Checking for deadlock:
There are 2 Blocked actors, 0 Stopped actors, and 4 active threads.
Waiting for actors to stop.
Sent output token with value 3.0
-- Read input: 3.0, which is expected to match: 3.0
Next port to read input from is inputA
Called postfire()
Called prefire()
Called fire()
Called prefire()
Called fire()
Read input token from inputA with value 4.0
Checking for deadlock:
There are 2 Blocked actors, 0 Stopped actors, and 4 active threads.
Waiting for actors to stop.
Called postfire()
Called prefire()
Called fire()
Sent output token with value 4.0
Next port to read input from is inputA
Called postfire()
Called prefire()
Called fire()
Read input token from inputA with value 5.0
Checking for deadlock:
There are 2 Blocked actors, 0 Stopped actors, and 4 active threads.
Waiting for actors to stop.
Called postfire()
Called prefire()
Called fire()
-- Read input: 4.0, which is expected to match: 4.0
Called prefire()
Called fire()
Past the end of training data. Read and discard all inputs.
Checking for deadlock:
There are 3 Blocked actors, 0 Stopped actors, and 4 active threads.
Waiting for actors to stop.
Sent output token with value 4.5
Next port to read input from is inputB
Called postfire()
Called prefire()
Called fire()
Read input token from inputB with value 6.0
Checking for deadlock:
There are 2 Blocked actors, 0 Stopped actors, and 4 active threads.
Waiting for actors to stop.
Called postfire()
Called prefire()
Called fire()
Called prefire()
Called fire()
Past the end of training data. Read and discard all inputs.
Checking for deadlock:
There are 3 Blocked actors, 0 Stopped actors, and 4 active threads.
Waiting for actors to stop.
Sent output token with value 5.0
Next port to read input from is inputA
Called postfire()
Called prefire()
Called fire()
Read input token from inputA with value 6.0
Checking for deadlock:
There are 2 Blocked actors, 0 Stopped actors, and 4 active threads.
Waiting for actors to stop.
Called postfire()
Called prefire()
Called fire()
Past the end of training data. Read and discard all inputs.
Called prefire()
Called fire()
Checking for deadlock:
There are 3 Blocked actors, 0 Stopped actors, and 4 active threads.
Waiting for actors to stop.
Sent output token with value 6.0
Called prefire()
Called fire()
Past the end of training data. Read and discard all inputs.
Next port to read input from is inputB
Called postfire()
Called prefire()
Called fire()
Checking for deadlock:
There are 3 Blocked actors, 0 Stopped actors, and 4 active threads.
Waiting for actors to stop.
Read input token from inputB with value 7.5
Sent output token with value 6.0
Next port to read input from is inputA
Called postfire()
Called prefire()
Called fire()
Read input token from inputA with value 7.0
Checking for deadlock:
There are 1 Blocked actors, 0 Stopped actors, and 4 active threads.
Waiting for actors to stop.
Checking for deadlock:
There are 0 Blocked actors, 0 Stopped actors, and 4 active threads.
Waiting for actors to stop.
Called prefire()
Called fire()
Past the end of training data. Read and discard all inputs.
Called postfire()
Called prefire()
Called fire()
Called postfire()
Called prefire()
Called fire()
Sent output token with value 7.0
Next port to read input from is inputA
Called postfire()
Called prefire()
Called fire()
Read input token from inputA with value 8.0
Called prefire()
-- Thread wrapup() called.
Called fire()
Called wrapup()
Past the end of training data. Read and discard all inputs.
Thread .top.Ramp is exiting.
-- Thread stopped.
Checking for deadlock:
There are 1 Blocked actors, 0 Stopped actors, and 3 active threads.
Waiting for actors to stop.
Checking for deadlock:
There are 1 Blocked actors, 0 Stopped actors, and 3 active threads.
Waiting for actors to stop.
Sent output token with value 7.5
Called prefire()
Called fire()
Past the end of training data. Read and discard all inputs.
Checking for deadlock:
Next port to read input from is inputB
There are 2 Blocked actors, 0 Stopped actors, and 3 active threads.
Called postfire()
Waiting for actors to stop.
Called prefire()
Called fire()
Checking for deadlock:
There are 1 Blocked actors, 0 Stopped actors, and 3 active threads.
Waiting for actors to stop.
Called postfire()
Read input token from inputB with value 9.0
Called prefire()
Called fire()
Sent output token with value 8.0
Called prefire()
Called fire()
Past the end of training data. Read and discard all inputs.
Next port to read input from is inputA
Checking for deadlock:
Called postfire()
There are 2 Blocked actors, 0 Stopped actors, and 3 active threads.
Called prefire()
Waiting for actors to stop.
Called fire()
Read input token from inputA with value 9.0
Checking for deadlock:
There are 1 Blocked actors, 0 Stopped actors, and 3 active threads.
Sent output token with value 9.0
Waiting for actors to stop.
Next port to read input from is inputB
Called prefire()
Called fire()
Called postfire()
Past the end of training data. Read and discard all inputs.
Called prefire()
Called fire()
Checking for deadlock:
There are 1 Blocked actors, 0 Stopped actors, and 3 active threads.
Waiting for actors to stop.
Read input token from inputB with value 10.5
Called postfire()
Called prefire()
Sent output token with value 9.0
Called fire()
Next port to read input from is inputA
Called postfire()
Called prefire()
Called prefire()
Called fire()
Called fire()
Past the end of training data. Read and discard all inputs.
Checking for deadlock:
There are 3 Blocked actors, 0 Stopped actors, and 3 active threads.
Actors have stopped.
Checking for deadlock:
There are 3 Blocked actors, 0 Stopped actors, and 3 active threads.
Deadlock detected.
Resolving Deadlock
Checking for deadlock:
There are 3 Blocked actors, 0 Stopped actors, and 3 active threads.
Artificial Deadlock - increasing queue capacity.
increasing the capacity of receiver ptolemy.actor.TypedIOPort {.top.OrderedMerge.inputB} to 2
Director: Called postfire().
Called postfire().
_stopRequested = false
_stopFireRequested = false
Returning from postfire(): true
Called fire().
Checking for deadlock:
There are 2 Blocked actors, 0 Stopped actors, and 3 active threads.
Waiting for actors to stop.
-- Thread wrapup() called.
Called wrapup()
Thread .top.Ramp2 is exiting.
-- Thread stopped.
Checking for deadlock:
There are 2 Blocked actors, 0 Stopped actors, and 2 active threads.
Actors have stopped.
Checking for deadlock:
There are 2 Blocked actors, 0 Stopped actors, and 2 active threads.
Deadlock detected.
Resolving Deadlock
Checking for deadlock:
There are 2 Blocked actors, 0 Stopped actors, and 2 active threads.
Deadlock detected: no processes blocked on write, but some are blocked on read.
Called postfire().
_stopRequested = false
_stopFireRequested = false
Returning from postfire(): false
Finished deactivating branches.
Called wrapup().
-- Thread wrapup() called.
-- Thread wrapup() called.
Called wrapup()
Called wrapup()
Thread .top.OrderedMerge is exiting.
Thread .top.Test is exiting.
-- Thread stopped.
44 ms. Memory: 208384K Free: 158964K (76%)
-- Thread stopped.
-- Blocked Receiver call threw TerminateProcessException.
/home/travis/build/icyphy/ptII/ptolemy/actor/lib/test/Publisher.tcl
-- Blocked Receiver call threw TerminateProcessException.
12 ms. Memory: 208384K Free: 151697K (73%)
9 ms. Memory: 208384K Free: 146853K (70%)
2 ms. Memory: 208384K Free: 142009K (68%)
5 ms. Memory: 208384K Free: 142009K (68%)
6 ms. Memory: 208384K Free: 142009K (68%)
9 ms. Memory: 208384K Free: 139587K (67%)
2 ms. Memory: 208384K Free: 139587K (67%)
8 ms. Memory: 208384K Free: 139587K (67%)
1 ms. Memory: 208384K Free: 129899K (62%)
3 ms. Memory: 208384K Free: 125055K (60%)
4 ms. Memory: 208384K Free: 125055K (60%)
2 ms. Memory: 208384K Free: 122633K (59%)
6 ms. Memory: 208384K Free: 112944K (54%)
5 ms. Memory: 208384K Free: 103255K (50%)
14 ms. Memory: 208384K Free: 91145K (44%)
/home/travis/build/icyphy/ptII/ptolemy/actor/lib/test/Pulse.tcl
7 ms. Memory: 331776K Free: 291267K (88%)
1 ms. Memory: 331776K Free: 291267K (88%)
1 ms. Memory: 331776K Free: 291267K (88%)
1 ms. Memory: 331776K Free: 291267K (88%)
1 ms. Memory: 331776K Free: 291267K (88%)
2 ms. Memory: 331776K Free: 291267K (88%)
2 ms. Memory: 331776K Free: 286536K (86%)
2 ms. Memory: 331776K Free: 286536K (86%)
2 ms. Memory: 331776K Free: 286536K (86%)
/home/travis/build/icyphy/ptII/ptolemy/actor/lib/test/Ramp.tcl
3 ms. Memory: 331776K Free: 286536K (86%)
1 ms. Memory: 331776K Free: 286536K (86%)
2 ms. Memory: 331776K Free: 281806K (85%)
1 ms. Memory: 331776K Free: 281806K (85%)
3 ms. Memory: 331776K Free: 281806K (85%)
4 ms. Memory: 331776K Free: 281806K (85%)
8 ms. Memory: 331776K Free: 281806K (85%)
5 actors
7000 microseconds per iteration to create
11 ms. Memory: 331776K Free: 277091K (84%)
2 ms. Memory: 331776K Free: 277091K (84%)
2 ms. Memory: 331776K Free: 277091K (84%)
2 ms. Memory: 331776K Free: 277091K (84%)
50 actors
48000 microseconds per iteration to create
47 ms. Memory: 331776K Free: 258209K (78%)
5 ms. Memory: 331776K Free: 258209K (78%)
13 ms. Memory: 331776K Free: 258209K (78%)
9 ms. Memory: 331776K Free: 258209K (78%)
500 actors
1571000 microseconds per iteration to create
221 ms. Memory: 331776K Free: 83524K (25%)
38 ms. Memory: 331776K Free: 79459K (24%)
90 ms. Memory: 332288K Free: 314103K (95%)
45 ms. Memory: 332288K Free: 309327K (93%)
/home/travis/build/icyphy/ptII/ptolemy/actor/lib/test/RampContinuous.tcl
6 ms. Memory: 332288K Free: 309327K (93%)
/home/travis/build/icyphy/ptII/ptolemy/actor/lib/test/RecordAssembler.tcl
4 ms. Memory: 332288K Free: 304550K (92%)
4 ms. Memory: 332288K Free: 304550K (92%)
/home/travis/build/icyphy/ptII/ptolemy/actor/lib/test/RecordDisassembler.tcl
5 ms. Memory: 332288K Free: 304550K (92%)
2 ms. Memory: 332288K Free: 299773K (90%)
7 ms. Memory: 332288K Free: 299773K (90%)
/home/travis/build/icyphy/ptII/ptolemy/actor/lib/test/Scale.tcl
3 ms. Memory: 332288K Free: 299773K (90%)
2 ms. Memory: 332288K Free: 299773K (90%)
1 ms. Memory: 332288K Free: 294980K (89%)
6 ms. Memory: 332288K Free: 294980K (89%)
2 ms. Memory: 332288K Free: 294980K (89%)
/home/travis/build/icyphy/ptII/ptolemy/actor/lib/test/SequentialClock.tcl
preinitializing
resolving types
initializing
executing number 1
wrapping up
idle
4 ms. Memory: 332288K Free: 294980K (89%)
Completed execution with 5 iterations
preinitializing
resolving types
initializing
executing number 1
wrapping up
idle
3 ms. Memory: 332288K Free: 294980K (89%)
Completed execution with 5 iterations
preinitializing
resolving types
initializing
executing number 1
wrapping up
idle
1 ms. Memory: 332288K Free: 294980K (89%)
Completed execution with 5 iterations
/home/travis/build/icyphy/ptII/ptolemy/actor/lib/test/SetVariable.tcl
3 ms. Memory: 332288K Free: 290203K (87%)
/home/travis/build/icyphy/ptII/ptolemy/actor/lib/test/Sinewave.tcl
/home/travis/build/icyphy/ptII/ptolemy/actor/lib/test/SubscriptionAggregator.tcl
4 ms. Memory: 332288K Free: 275849K (83%)
2 ms. Memory: 332288K Free: 275849K (83%)
1 ms. Memory: 332288K Free: 275849K (83%)
0 ms. Memory: 332288K Free: 275849K (83%)
1 ms. Memory: 332288K Free: 271056K (82%)
3 ms. Memory: 332288K Free: 271056K (82%)
...............................................................770 ms. Memory: 578048K Free: 230403K (40%)
/home/travis/build/icyphy/ptII/ptolemy/actor/lib/test/Test.tcl
 The next command will produce a warning about training mode,
   which may be ignored.
4 ms. Memory: 578048K Free: 230403K (40%)
57 ms. Memory: 578048K Free: 230403K (40%)
3 ms. Memory: 578048K Free: 230403K (40%)
1 ms. Memory: 578048K Free: 230403K (40%)
3 ms. Memory: 578048K Free: 225528K (39%)
3 ms. Memory: 578048K Free: 215936K (37%)
4 ms. Memory: 578048K Free: 215936K (37%)
 The next command will produce a warning about training mode,
   which may be ignored.
3 ms. Memory: 578048K Free: 215936K (37%)
 The next command will produce a warning about training mode,
   which may be ignored.
2 ms. Memory: 578048K Free: 215936K (37%)
1 ms. Memory: 578048K Free: 215936K (37%)
1 ms. Memory: 578048K Free: 215936K (37%)
2 ms. Memory: 578048K Free: 215936K (37%)


==== $PTII/ptolemy/actor/lib/test/Test.tcl: Test-2.2.3 Fail the array test with insufficient data
==== Contents of test case:

    # Uses 2.2 above
    set value [getParameter $const value]
    $value setToken [java::new ptolemy.data.ArrayToken "{1.0, 2.0, 3.0}"]
   
    set correctValues [getParameter $test correctValues]
    $correctValues setExpression "{{{1.0, 2.0, 3.0}}, {{1.0, 2.0, 3.0}}, {{1.0, 2.0, 3.0}}}"
    set requireAllCorrectValues [getParameter $test requireAllCorrectValues]
    $requireAllCorrectValues setExpression "true" 
    #puts [$e22 exportMoML]
    catch {[$e22 getManager] execute} errMsg
    list $errMsg

==== Result was:
{ptolemy.kernel.util.IllegalActionException: Exceptions occurred during wrapup:
ptolemy.kernel.util.IllegalActionException: The test produced only 2 tokens, yet the correctValues parameter was expecting 3 tokens.
Threads:
Threads: 8
Current Thread (*) _is not_ the Swing Event Dispatch Thread
Name                                Group                Pri Daemon Alive Curr
Reference Handler                   system               10  true   true   
Finalizer                           system               8   true   true   
Signal Dispatcher                   system               9   true   true   
process reaper                      system               10  true   true   
Java2D Disposer                     system               10  true   true   
AWT-XAWT                            system               6   true   true   
main                                main                 5   false  true  *
Timer-0                             main                 5   true   true   

  in .top.test

  in .top.<Unnamed Object>
Because:
The test produced only 2 tokens, yet the correctValues parameter was expecting 3 tokens.
Threads:
Threads: 8
Current Thread (*) _is not_ the Swing Event Dispatch Thread
Name                                Group                Pri Daemon Alive Curr
Reference Handler                   system               10  true   true   
Finalizer                           system               8   true   true   
Signal Dispatcher                   system               9   true   true   
process reaper                      system               10  true   true   
Java2D Disposer                     system               10  true   true   
AWT-XAWT                            system               6   true   true   
main                                main                 5   false  true  *
Timer-0                             main                 5   true   true   

  in .top.test}
---- Result should have been:
{ptolemy.kernel.util.IllegalActionException: Exceptions occurred during wrapup:
ptolemy.kernel.util.IllegalActionException: The test produced only 2 tokens, yet the correctValues parameter was expecting 3 tokens.
  in .top.test

  in .top.<Unnamed Object>
Because:
The test produced only 2 tokens, yet the correctValues parameter was expecting 3 tokens.
  in .top.test}
@@@@@ known results is more than 7 lines long, so we run diff
2a3,15
> Threads:
> Threads: 8
> Current Thread (*) _is not_ the Swing Event Dispatch Thread
> Name                                Group                Pri Daemon Alive Curr
> Reference Handler                   system               10  true   true   
> Finalizer                           system               8   true   true   
> Signal Dispatcher                   system               9   true   true   
> process reaper                      system               10  true   true   
> Java2D Disposer                     system               10  true   true   
> AWT-XAWT                            system               6   true   true   
> main                                main                 5   false  true  *
> Timer-0                             main                 5   true   true   
> 
7a21,33
> Threads:
> Threads: 8
> Current Thread (*) _is not_ the Swing Event Dispatch Thread
> Name                                Group                Pri Daemon Alive Curr
> Reference Handler                   system               10  true   true   
> Finalizer                           system               8   true   true   
> Signal Dispatcher                   system               9   true   true   
> process reaper                      system               10  true   true   
> Java2D Disposer                     system               10  true   true   
> AWT-XAWT                            system               6   true   true   
> main                                main                 5   false  true  *
> Timer-0                             main                 5   true   true   
> 
@@@@@ Done running diffText
---- Test-2.2.3 FAILED
2 ms. Memory: 578048K Free: 201296K (35%)
2 ms. Memory: 578048K Free: 191720K (33%)
/home/travis/build/icyphy/ptII/ptolemy/actor/lib/test/TestExceptionHandler.tcl
 The next command will produce a warning about training mode,
   which may be ignored.
1 ms. Memory: 578048K Free: 191720K (33%)
1 ms. Memory: 578048K Free: 191720K (33%)
2 ms. Memory: 578048K Free: 191720K (33%)
/home/travis/build/icyphy/ptII/ptolemy/actor/lib/test/UnionDisassembler.tcl
11 ms. Memory: 578048K Free: 182128K (32%)
/home/travis/build/icyphy/ptII/ptolemy/actor/lib/test/VariableClock.tcl
preinitializing
resolving types
initializing
executing number 1
wrapping up
idle
16 ms. Memory: 578048K Free: 182128K (32%)
Completed execution with 11 iterations
preinitializing
resolving types
initializing
executing number 1
wrapping up
idle
11 ms. Memory: 578048K Free: 182128K (32%)
Completed execution with 10 iterations
05/10/18 02:22:27
Failed: 1  Total Tests: 234  ((Passed: 233, Newly Passed: 0)  Known Failed: 0) /home/travis/build/icyphy/ptII/ptolemy/actor/lib/test
----------------- testing (KnownFailure) /home/travis/build/icyphy/ptII/ptolemy/actor/lib/test/auto/knownFailedTests/PublisherPortToplevelSubscriber.xml
1 ms. Memory: 578048K Free: 172379K (30%)
Known Failure: java.lang.reflect.InvocationTargetException
----------------- testing (KnownFailure) /home/travis/build/icyphy/ptII/ptolemy/actor/lib/test/auto/knownFailedTests/PublisherSubscriberPortToplevel.xml
1 ms. Memory: 578048K Free: 152882K (26%)
Known Failure: java.lang.reflect.InvocationTargetException
----------------- testing (KnownFailure) /home/travis/build/icyphy/ptII/ptolemy/actor/lib/test/auto/knownFailedTests/PublisherSubscriptionAggregatorPort.xml
4 ms. Memory: 578048K Free: 133385K (23%)
Known Failure: java.lang.reflect.InvocationTargetException
----------------- testing (KnownFailure) /home/travis/build/icyphy/ptII/ptolemy/actor/lib/test/auto/knownFailedTests/sizedarray3.xml
4 ms. Memory: 578048K Free: 113888K (20%)
Known Failure: java.lang.reflect.InvocationTargetException
No auto/*.xml tests in /home/travis/build/icyphy/ptII/ptolemy/actor/lib/test
AutoTests.java: About to close Vertx.
AutoTests.java: Vertx closed.
----------------- testing Thu May 10 02:22:28 UTC 2018 /home/travis/build/icyphy/ptII/ptolemy/actor/lib/test/auto/AbsoluteValue.xml
----------------- Instantiating /home/travis/build/icyphy/ptII/ptolemy/actor/lib/test/auto/AbsoluteValue.xml
7 ms. Memory: 581120K Free: 504209K (87%)
----------------- Invoking toplevel() on ptolemy.moml.MoMLSimpleApplication@213803b4
----------------- Done invoking toplevel() on ptolemy.moml.MoMLSimpleApplication@213803b4
reloadAllAccessors: .AbsoluteValue
----------------- testing Thu May 10 02:22:28 UTC 2018 /home/travis/build/icyphy/ptII/ptolemy/actor/lib/test/auto/AbsoluteValue2.xml
----------------- Instantiating /home/travis/build/icyphy/ptII/ptolemy/actor/lib/test/auto/AbsoluteValue2.xml
4 ms. Memory: 581120K Free: 485605K (84%)
----------------- Invoking toplevel() on ptolemy.moml.MoMLSimpleApplication@7249bd84
----------------- Done invoking toplevel() on ptolemy.moml.MoMLSimpleApplication@7249bd84
reloadAllAccessors: .AbsoluteValue2
----------------- testing Thu May 10 02:22:28 UTC 2018 /home/travis/build/icyphy/ptII/ptolemy/actor/lib/test/auto/Accumulator.xml
----------------- Instantiating /home/travis/build/icyphy/ptII/ptolemy/actor/lib/test/auto/Accumulator.xml
12 ms. Memory: 581120K Free: 475840K (82%)
----------------- Invoking toplevel() on ptolemy.moml.MoMLSimpleApplication@35d1c9e7
----------------- Done invoking toplevel() on ptolemy.moml.MoMLSimpleApplication@35d1c9e7
reloadAllAccessors: .Accumulator
----------------- testing Thu May 10 02:22:28 UTC 2018 /home/travis/build/icyphy/ptII/ptolemy/actor/lib/test/auto/Accumulator2.xml
----------------- Instantiating /home/travis/build/icyphy/ptII/ptolemy/actor/lib/test/auto/Accumulator2.xml
4 ms. Memory: 581120K Free: 469341K (81%)
----------------- Invoking toplevel() on ptolemy.moml.MoMLSimpleApplication@3db9ffd3
----------------- Done invoking toplevel() on ptolemy.moml.MoMLSimpleApplication@3db9ffd3
reloadAllAccessors: .Accumulator2
----------------- testing Thu May 10 02:22:28 UTC 2018 /home/travis/build/icyphy/ptII/ptolemy/actor/lib/test/auto/Accumulator3.xml
----------------- Instantiating /home/travis/build/icyphy/ptII/ptolemy/actor/lib/test/auto/Accumulator3.xml
3 ms. Memory: 581120K Free: 462842K (80%)
----------------- Invoking toplevel() on ptolemy.moml.MoMLSimpleApplication@23facb58
----------------- Done invoking toplevel() on ptolemy.moml.MoMLSimpleApplication@23facb58
reloadAllAccessors: .Accumulator3
----------------- testing Thu May 10 02:22:28 UTC 2018 /home/travis/build/icyphy/ptII/ptolemy/actor/lib/test/auto/ArrayAppend.xml
----------------- Instantiating /home/travis/build/icyphy/ptII/ptolemy/actor/lib/test/auto/ArrayAppend.xml
12 ms. Memory: 581120K Free: 444238K (76%)
----------------- Invoking toplevel() on ptolemy.moml.MoMLSimpleApplication@2b15b482
----------------- Done invoking toplevel() on ptolemy.moml.MoMLSimpleApplication@2b15b482
reloadAllAccessors: .ArrayAppend
----------------- testing Thu May 10 02:22:28 UTC 2018 /home/travis/build/icyphy/ptII/ptolemy/actor/lib/test/auto/ArrayAppend2.xml
----------------- Instantiating /home/travis/build/icyphy/ptII/ptolemy/actor/lib/test/auto/ArrayAppend2.xml
347 ms. Memory: 581120K Free: 356485K (61%)
----------------- Invoking toplevel() on ptolemy.moml.MoMLSimpleApplication@61360026
----------------- Done invoking toplevel() on ptolemy.moml.MoMLSimpleApplication@61360026
reloadAllAccessors: .ArrayAppend2
----------------- testing Thu May 10 02:22:28 UTC 2018 /home/travis/build/icyphy/ptII/ptolemy/actor/lib/test/auto/ArrayAppend3.xml
----------------- Instantiating /home/travis/build/icyphy/ptII/ptolemy/actor/lib/test/auto/ArrayAppend3.xml
6 ms. Memory: 581120K Free: 349986K (60%)
----------------- Invoking toplevel() on ptolemy.moml.MoMLSimpleApplication@4d95f0e8
----------------- Done invoking toplevel() on ptolemy.moml.MoMLSimpleApplication@4d95f0e8
reloadAllAccessors: .ArrayAppend3
----------------- testing Thu May 10 02:22:28 UTC 2018 /home/travis/build/icyphy/ptII/ptolemy/actor/lib/test/auto/ArrayAppend4.xml
----------------- Instantiating /home/travis/build/icyphy/ptII/ptolemy/actor/lib/test/auto/ArrayAppend4.xml
6 ms. Memory: 581120K Free: 343487K (59%)
----------------- Invoking toplevel() on ptolemy.moml.MoMLSimpleApplication@44bbbccf
----------------- Done invoking toplevel() on ptolemy.moml.MoMLSimpleApplication@44bbbccf
reloadAllAccessors: .ArrayAppend4
----------------- testing Thu May 10 02:22:28 UTC 2018 /home/travis/build/icyphy/ptII/ptolemy/actor/lib/test/auto/ArrayAppend5.xml
----------------- Instantiating /home/travis/build/icyphy/ptII/ptolemy/actor/lib/test/auto/ArrayAppend5.xml
3 ms. Memory: 581120K Free: 328148K (56%)
----------------- Invoking toplevel() on ptolemy.moml.MoMLSimpleApplication@4316ee2b
----------------- Done invoking toplevel() on ptolemy.moml.MoMLSimpleApplication@4316ee2b
reloadAllAccessors: .ArrayAppend5
----------------- testing Thu May 10 02:22:28 UTC 2018 /home/travis/build/icyphy/ptII/ptolemy/actor/lib/test/auto/ArrayAppend6.xml
----------------- Instantiating /home/travis/build/icyphy/ptII/ptolemy/actor/lib/test/auto/ArrayAppend6.xml
3 ms. Memory: 581120K Free: 318400K (55%)
----------------- Invoking toplevel() on ptolemy.moml.MoMLSimpleApplication@6c6083e5
----------------- Done invoking toplevel() on ptolemy.moml.MoMLSimpleApplication@6c6083e5
reloadAllAccessors: .ArrayAppend6
----------------- testing Thu May 10 02:22:28 UTC 2018 /home/travis/build/icyphy/ptII/ptolemy/actor/lib/test/auto/ArrayAppendPerformanceTest.xml
----------------- Instantiating /home/travis/build/icyphy/ptII/ptolemy/actor/lib/test/auto/ArrayAppendPerformanceTest.xml
24 ms. Memory: 581120K Free: 305369K (53%)
----------------- Invoking toplevel() on ptolemy.moml.MoMLSimpleApplication@282bcbb6
----------------- Done invoking toplevel() on ptolemy.moml.MoMLSimpleApplication@282bcbb6
reloadAllAccessors: .ArrayAppendPerformanceTest
----------------- testing Thu May 10 02:22:28 UTC 2018 /home/travis/build/icyphy/ptII/ptolemy/actor/lib/test/auto/ArrayAppendWithEmptyInput.xml
----------------- Instantiating /home/travis/build/icyphy/ptII/ptolemy/actor/lib/test/auto/ArrayAppendWithEmptyInput.xml
13 ms. Memory: 581120K Free: 295605K (51%)
----------------- Invoking toplevel() on ptolemy.moml.MoMLSimpleApplication@59355c18
----------------- Done invoking toplevel() on ptolemy.moml.MoMLSimpleApplication@59355c18
reloadAllAccessors: .ArrayAppendWithEmptyInput
----------------- testing Thu May 10 02:22:29 UTC 2018 /home/travis/build/icyphy/ptII/ptolemy/actor/lib/test/auto/ArrayAverage.xml
----------------- Instantiating /home/travis/build/icyphy/ptII/ptolemy/actor/lib/test/auto/ArrayAverage.xml
7 ms. Memory: 581120K Free: 277001K (48%)
----------------- Invoking toplevel() on ptolemy.moml.MoMLSimpleApplication@37acef04
----------------- Done invoking toplevel() on ptolemy.moml.MoMLSimpleApplication@37acef04
reloadAllAccessors: .ArrayAverage
----------------- testing Thu May 10 02:22:29 UTC 2018 /home/travis/build/icyphy/ptII/ptolemy/actor/lib/test/auto/ArrayContains.xml
----------------- Instantiating /home/travis/build/icyphy/ptII/ptolemy/actor/lib/test/auto/ArrayContains.xml
5 ms. Memory: 581120K Free: 267236K (46%)
----------------- Invoking toplevel() on ptolemy.moml.MoMLSimpleApplication@43c1cf85
----------------- Done invoking toplevel() on ptolemy.moml.MoMLSimpleApplication@43c1cf85
reloadAllAccessors: .ArrayContains
----------------- testing Thu May 10 02:22:29 UTC 2018 /home/travis/build/icyphy/ptII/ptolemy/actor/lib/test/auto/ArrayElement.xml
----------------- Instantiating /home/travis/build/icyphy/ptII/ptolemy/actor/lib/test/auto/ArrayElement.xml
4 ms. Memory: 581120K Free: 260737K (45%)
----------------- Invoking toplevel() on ptolemy.moml.MoMLSimpleApplication@60d497b8
----------------- Done invoking toplevel() on ptolemy.moml.MoMLSimpleApplication@60d497b8
reloadAllAccessors: .ArrayElement
----------------- testing Thu May 10 02:22:29 UTC 2018 /home/travis/build/icyphy/ptII/ptolemy/actor/lib/test/auto/ArrayElementAsMatrix.xml
----------------- Instantiating /home/travis/build/icyphy/ptII/ptolemy/actor/lib/test/auto/ArrayElementAsMatrix.xml
19 ms. Memory: 581120K Free: 247715K (43%)
----------------- Invoking toplevel() on ptolemy.moml.MoMLSimpleApplication@5a3fdb64
----------------- Done invoking toplevel() on ptolemy.moml.MoMLSimpleApplication@5a3fdb64
reloadAllAccessors: .ArrayElementAsMatrix
----------------- testing Thu May 10 02:22:29 UTC 2018 /home/travis/build/icyphy/ptII/ptolemy/actor/lib/test/auto/ArrayElementI.xml
----------------- Instantiating /home/travis/build/icyphy/ptII/ptolemy/actor/lib/test/auto/ArrayElementI.xml
3 ms. Memory: 581120K Free: 232376K (40%)
----------------- Invoking toplevel() on ptolemy.moml.MoMLSimpleApplication@3874d99c
----------------- Done invoking toplevel() on ptolemy.moml.MoMLSimpleApplication@3874d99c
reloadAllAccessors: .ArrayElementI
----------------- testing Thu May 10 02:22:29 UTC 2018 /home/travis/build/icyphy/ptII/ptolemy/actor/lib/test/auto/ArrayExtract.xml
----------------- Instantiating /home/travis/build/icyphy/ptII/ptolemy/actor/lib/test/auto/ArrayExtract.xml
4 ms. Memory: 581120K Free: 222612K (38%)
----------------- Invoking toplevel() on ptolemy.moml.MoMLSimpleApplication@73c9391b
----------------- Done invoking toplevel() on ptolemy.moml.MoMLSimpleApplication@73c9391b
reloadAllAccessors: .ArrayExtract
----------------- testing Thu May 10 02:22:29 UTC 2018 /home/travis/build/icyphy/ptII/ptolemy/actor/lib/test/auto/ArrayExtract2.xml
----------------- Instantiating /home/travis/build/icyphy/ptII/ptolemy/actor/lib/test/auto/ArrayExtract2.xml
2 ms. Memory: 581120K Free: 216113K (37%)
----------------- Invoking toplevel() on ptolemy.moml.MoMLSimpleApplication@22f0b75f
----------------- Done invoking toplevel() on ptolemy.moml.MoMLSimpleApplication@22f0b75f
reloadAllAccessors: .ArrayExtract2
----------------- testing Thu May 10 02:22:29 UTC 2018 /home/travis/build/icyphy/ptII/ptolemy/actor/lib/test/auto/ArrayLength.xml
----------------- Instantiating /home/travis/build/icyphy/ptII/ptolemy/actor/lib/test/auto/ArrayLength.xml
3 ms. Memory: 581120K Free: 209614K (36%)
----------------- Invoking toplevel() on ptolemy.moml.MoMLSimpleApplication@71f4b9fd
----------------- Done invoking toplevel() on ptolemy.moml.MoMLSimpleApplication@71f4b9fd
reloadAllAccessors: .ArrayLength
----------------- testing Thu May 10 02:22:29 UTC 2018 /home/travis/build/icyphy/ptII/ptolemy/actor/lib/test/auto/ArrayLevelCrossing.xml
----------------- Instantiating /home/travis/build/icyphy/ptII/ptolemy/actor/lib/test/auto/ArrayLevelCrossing.xml
4 ms. Memory: 581120K Free: 191017K (33%)
----------------- Invoking toplevel() on ptolemy.moml.MoMLSimpleApplication@1f9a5527
----------------- Done invoking toplevel() on ptolemy.moml.MoMLSimpleApplication@1f9a5527
reloadAllAccessors: .ArrayLevelCrossing
----------------- testing Thu May 10 02:22:29 UTC 2018 /home/travis/build/icyphy/ptII/ptolemy/actor/lib/test/auto/ArrayLevelCrossing2.xml
----------------- Instantiating /home/travis/build/icyphy/ptII/ptolemy/actor/lib/test/auto/ArrayLevelCrossing2.xml
3 ms. Memory: 581120K Free: 181253K (31%)
----------------- Invoking toplevel() on ptolemy.moml.MoMLSimpleApplication@26c5a05c
----------------- Done invoking toplevel() on ptolemy.moml.MoMLSimpleApplication@26c5a05c
reloadAllAccessors: .ArrayLevelCrossing2
----------------- testing Thu May 10 02:22:29 UTC 2018 /home/travis/build/icyphy/ptII/ptolemy/actor/lib/test/auto/ArrayPeakSearch.xml
----------------- Instantiating /home/travis/build/icyphy/ptII/ptolemy/actor/lib/test/auto/ArrayPeakSearch.xml
4 ms. Memory: 897024K Free: 834077K (93%)
----------------- Invoking toplevel() on ptolemy.moml.MoMLSimpleApplication@5224458
----------------- Done invoking toplevel() on ptolemy.moml.MoMLSimpleApplication@5224458
reloadAllAccessors: .ArrayPeakSearch
----------------- testing Thu May 10 02:22:30 UTC 2018 /home/travis/build/icyphy/ptII/ptolemy/actor/lib/test/auto/ArrayPeakSearch2.xml
----------------- Instantiating /home/travis/build/icyphy/ptII/ptolemy/actor/lib/test/auto/ArrayPeakSearch2.xml
6 ms. Memory: 897024K Free: 808513K (90%)
----------------- Invoking toplevel() on ptolemy.moml.MoMLSimpleApplication@11f5ef5d
----------------- Done invoking toplevel() on ptolemy.moml.MoMLSimpleApplication@11f5ef5d
reloadAllAccessors: .ArrayPeakSearch2
----------------- testing Thu May 10 02:22:30 UTC 2018 /home/travis/build/icyphy/ptII/ptolemy/actor/lib/test/auto/ArrayPeakSearch3.xml
----------------- Instantiating /home/travis/build/icyphy/ptII/ptolemy/actor/lib/test/auto/ArrayPeakSearch3.xml
6 ms. Memory: 897024K Free: 792891K (88%)
----------------- Invoking toplevel() on ptolemy.moml.MoMLSimpleApplication@ab6a9dc
----------------- Done invoking toplevel() on ptolemy.moml.MoMLSimpleApplication@ab6a9dc
reloadAllAccessors: .ArrayPeakSearch3
----------------- testing Thu May 10 02:22:30 UTC 2018 /home/travis/build/icyphy/ptII/ptolemy/actor/lib/test/auto/ArrayRemoveElement.xml
----------------- Instantiating /home/travis/build/icyphy/ptII/ptolemy/actor/lib/test/auto/ArrayRemoveElement.xml
6 ms. Memory: 897024K Free: 777285K (87%)
----------------- Invoking toplevel() on ptolemy.moml.MoMLSimpleApplication@2026567
----------------- Done invoking toplevel() on ptolemy.moml.MoMLSimpleApplication@2026567
reloadAllAccessors: .ArrayRemoveElement
----------------- testing Thu May 10 02:22:30 UTC 2018 /home/travis/build/icyphy/ptII/ptolemy/actor/lib/test/auto/ArraySort.xml
----------------- Instantiating /home/travis/build/icyphy/ptII/ptolemy/actor/lib/test/auto/ArraySort.xml
3 ms. Memory: 897024K Free: 761671K (85%)
----------------- Invoking toplevel() on ptolemy.moml.MoMLSimpleApplication@422b5df2
----------------- Done invoking toplevel() on ptolemy.moml.MoMLSimpleApplication@422b5df2
reloadAllAccessors: .ArraySort
----------------- testing Thu May 10 02:22:30 UTC 2018 /home/travis/build/icyphy/ptII/ptolemy/actor/lib/test/auto/ArraySum.xml
----------------- Instantiating /home/travis/build/icyphy/ptII/ptolemy/actor/lib/test/auto/ArraySum.xml
2 ms. Memory: 897024K Free: 741308K (83%)
----------------- Invoking toplevel() on ptolemy.moml.MoMLSimpleApplication@72caf226
----------------- Done invoking toplevel() on ptolemy.moml.MoMLSimpleApplication@72caf226
reloadAllAccessors: .ArraySum
----------------- testing Thu May 10 02:22:30 UTC 2018 /home/travis/build/icyphy/ptII/ptolemy/actor/lib/test/auto/ArrayToElements.xml
----------------- Instantiating /home/travis/build/icyphy/ptII/ptolemy/actor/lib/test/auto/ArrayToElements.xml
5 ms. Memory: 897024K Free: 730904K (81%)
----------------- Invoking toplevel() on ptolemy.moml.MoMLSimpleApplication@53a6fcab
----------------- Done invoking toplevel() on ptolemy.moml.MoMLSimpleApplication@53a6fcab
reloadAllAccessors: .ArrayToElements
----------------- testing Thu May 10 02:22:30 UTC 2018 /home/travis/build/icyphy/ptII/ptolemy/actor/lib/test/auto/ArrayToMatrix.xml
----------------- Instantiating /home/travis/build/icyphy/ptII/ptolemy/actor/lib/test/auto/ArrayToMatrix.xml
10 ms. Memory: 897024K Free: 710080K (79%)
----------------- Invoking toplevel() on ptolemy.moml.MoMLSimpleApplication@56325edd
----------------- Done invoking toplevel() on ptolemy.moml.MoMLSimpleApplication@56325edd
reloadAllAccessors: .ArrayToMatrix
----------------- testing Thu May 10 02:22:30 UTC 2018 /home/travis/build/icyphy/ptII/ptolemy/actor/lib/test/auto/ArrayUpdate1.xml
----------------- Instantiating /home/travis/build/icyphy/ptII/ptolemy/actor/lib/test/auto/ArrayUpdate1.xml
1 ms. Memory: 897024K Free: 699676K (78%)
----------------- Invoking toplevel() on ptolemy.moml.MoMLSimpleApplication@4291a028
----------------- Done invoking toplevel() on ptolemy.moml.MoMLSimpleApplication@4291a028
reloadAllAccessors: .ArrayUpdate1
----------------- testing Thu May 10 02:22:30 UTC 2018 /home/travis/build/icyphy/ptII/ptolemy/actor/lib/test/auto/ArrayUpdate2.xml
----------------- Instantiating /home/travis/build/icyphy/ptII/ptolemy/actor/lib/test/auto/ArrayUpdate2.xml
7 ms. Memory: 897024K Free: 679306K (76%)
----------------- Invoking toplevel() on ptolemy.moml.MoMLSimpleApplication@2e68b869
----------------- Done invoking toplevel() on ptolemy.moml.MoMLSimpleApplication@2e68b869
reloadAllAccessors: .ArrayUpdate2
----------------- testing Thu May 10 02:22:30 UTC 2018 /home/travis/build/icyphy/ptII/ptolemy/actor/lib/test/auto/ArrayUpdate3.xml
----------------- Instantiating /home/travis/build/icyphy/ptII/ptolemy/actor/lib/test/auto/ArrayUpdate3.xml
5 ms. Memory: 897024K Free: 668902K (75%)
----------------- Invoking toplevel() on ptolemy.moml.MoMLSimpleApplication@66b0c53d
----------------- Done invoking toplevel() on ptolemy.moml.MoMLSimpleApplication@66b0c53d
reloadAllAccessors: .ArrayUpdate3
----------------- testing Thu May 10 02:22:30 UTC 2018 /home/travis/build/icyphy/ptII/ptolemy/actor/lib/test/auto/Assert1.xml
----------------- Instantiating /home/travis/build/icyphy/ptII/ptolemy/actor/lib/test/auto/Assert1.xml
2 ms. Memory: 897024K Free: 658498K (73%)
----------------- Invoking toplevel() on ptolemy.moml.MoMLSimpleApplication@58ec6dd2
----------------- Done invoking toplevel() on ptolemy.moml.MoMLSimpleApplication@58ec6dd2
reloadAllAccessors: .Assert1
----------------- testing Thu May 10 02:22:30 UTC 2018 /home/travis/build/icyphy/ptII/ptolemy/actor/lib/test/auto/Assert2.xml
----------------- Instantiating /home/travis/build/icyphy/ptII/ptolemy/actor/lib/test/auto/Assert2.xml
7 ms. Memory: 897024K Free: 648094K (72%)
----------------- Invoking toplevel() on ptolemy.moml.MoMLSimpleApplication@2fffae1e
----------------- Done invoking toplevel() on ptolemy.moml.MoMLSimpleApplication@2fffae1e
reloadAllAccessors: .Assert2
----------------- testing Thu May 10 02:22:30 UTC 2018 /home/travis/build/icyphy/ptII/ptolemy/actor/lib/test/auto/BooleanMultiplexor.xml
----------------- Instantiating /home/travis/build/icyphy/ptII/ptolemy/actor/lib/test/auto/BooleanMultiplexor.xml
2 ms. Memory: 897024K Free: 637690K (71%)
----------------- Invoking toplevel() on ptolemy.moml.MoMLSimpleApplication@3ff82057
----------------- Done invoking toplevel() on ptolemy.moml.MoMLSimpleApplication@3ff82057
reloadAllAccessors: .BooleanMultiplexor
----------------- testing Thu May 10 02:22:30 UTC 2018 /home/travis/build/icyphy/ptII/ptolemy/actor/lib/test/auto/BooleanMultiplexor2.xml
----------------- Instantiating /home/travis/build/icyphy/ptII/ptolemy/actor/lib/test/auto/BooleanMultiplexor2.xml
4 ms. Memory: 897024K Free: 617327K (69%)
----------------- Invoking toplevel() on ptolemy.moml.MoMLSimpleApplication@3bd9497
----------------- Done invoking toplevel() on ptolemy.moml.MoMLSimpleApplication@3bd9497
reloadAllAccessors: .BooleanMultiplexor2
----------------- testing Thu May 10 02:22:30 UTC 2018 /home/travis/build/icyphy/ptII/ptolemy/actor/lib/test/auto/BooleanMultiplexor3.xml
----------------- Instantiating /home/travis/build/icyphy/ptII/ptolemy/actor/lib/test/auto/BooleanMultiplexor3.xml
2 ms. Memory: 897024K Free: 606923K (68%)
----------------- Invoking toplevel() on ptolemy.moml.MoMLSimpleApplication@74670a76
----------------- Done invoking toplevel() on ptolemy.moml.MoMLSimpleApplication@74670a76
reloadAllAccessors: .BooleanMultiplexor3
----------------- testing Thu May 10 02:22:30 UTC 2018 /home/travis/build/icyphy/ptII/ptolemy/actor/lib/test/auto/BooleanSelect.xml
----------------- Instantiating /home/travis/build/icyphy/ptII/ptolemy/actor/lib/test/auto/BooleanSelect.xml
7 ms. Memory: 897024K Free: 596519K (66%)
----------------- Invoking toplevel() on ptolemy.moml.MoMLSimpleApplication@4b365df4
----------------- Done invoking toplevel() on ptolemy.moml.MoMLSimpleApplication@4b365df4
reloadAllAccessors: .BooleanSelect
----------------- testing Thu May 10 02:22:30 UTC 2018 /home/travis/build/icyphy/ptII/ptolemy/actor/lib/test/auto/BooleanSelect2.xml
----------------- Instantiating /home/travis/build/icyphy/ptII/ptolemy/actor/lib/test/auto/BooleanSelect2.xml
1 ms. Memory: 897024K Free: 586115K (65%)
----------------- Invoking toplevel() on ptolemy.moml.MoMLSimpleApplication@2ed65a02
----------------- Done invoking toplevel() on ptolemy.moml.MoMLSimpleApplication@2ed65a02
reloadAllAccessors: .BooleanSelect2
----------------- testing Thu May 10 02:22:30 UTC 2018 /home/travis/build/icyphy/ptII/ptolemy/actor/lib/test/auto/BooleanSwitch.xml
----------------- Instantiating /home/travis/build/icyphy/ptII/ptolemy/actor/lib/test/auto/BooleanSwitch.xml
3 ms. Memory: 897024K Free: 565753K (63%)
----------------- Invoking toplevel() on ptolemy.moml.MoMLSimpleApplication@6a32802
----------------- Done invoking toplevel() on ptolemy.moml.MoMLSimpleApplication@6a32802
reloadAllAccessors: .BooleanSwitch
----------------- testing Thu May 10 02:22:30 UTC 2018 /home/travis/build/icyphy/ptII/ptolemy/actor/lib/test/auto/BooleanSwitch2.xml
----------------- Instantiating /home/travis/build/icyphy/ptII/ptolemy/actor/lib/test/auto/BooleanSwitch2.xml
1 ms. Memory: 897024K Free: 555349K (62%)
----------------- Invoking toplevel() on ptolemy.moml.MoMLSimpleApplication@102214ab
----------------- Done invoking toplevel() on ptolemy.moml.MoMLSimpleApplication@102214ab
reloadAllAccessors: .BooleanSwitch2
----------------- testing Thu May 10 02:22:30 UTC 2018 /home/travis/build/icyphy/ptII/ptolemy/actor/lib/test/auto/BooleanSwitchCloningBugWithClassRelationGroup.xml
----------------- Instantiating /home/travis/build/icyphy/ptII/ptolemy/actor/lib/test/auto/BooleanSwitchCloningBugWithClassRelationGroup.xml
3 ms. Memory: 897024K Free: 544945K (61%)
----------------- Invoking toplevel() on ptolemy.moml.MoMLSimpleApplication@6dc91888
----------------- Done invoking toplevel() on ptolemy.moml.MoMLSimpleApplication@6dc91888
reloadAllAccessors: .BooleanSwitchCloningBugWithClassRelationGroup
----------------- testing Thu May 10 02:22:30 UTC 2018 /home/travis/build/icyphy/ptII/ptolemy/actor/lib/test/auto/BusActors.xml
----------------- Instantiating /home/travis/build/icyphy/ptII/ptolemy/actor/lib/test/auto/BusActors.xml
2 ms. Memory: 897024K Free: 529323K (59%)
----------------- Invoking toplevel() on ptolemy.moml.MoMLSimpleApplication@316ede0f
----------------- Done invoking toplevel() on ptolemy.moml.MoMLSimpleApplication@316ede0f
reloadAllAccessors: .BusActors
----------------- testing Thu May 10 02:22:30 UTC 2018 /home/travis/build/icyphy/ptII/ptolemy/actor/lib/test/auto/ClassWrapper.xml
----------------- Instantiating /home/travis/build/icyphy/ptII/ptolemy/actor/lib/test/auto/ClassWrapper.xml
2 ms. Memory: 897024K Free: 518919K (58%)
----------------- Invoking toplevel() on ptolemy.moml.MoMLSimpleApplication@6886c2a9
----------------- Done invoking toplevel() on ptolemy.moml.MoMLSimpleApplication@6886c2a9
reloadAllAccessors: .ClassWrapper
----------------- testing Thu May 10 02:22:30 UTC 2018 /home/travis/build/icyphy/ptII/ptolemy/actor/lib/test/auto/Clock.xml
----------------- Instantiating /home/travis/build/icyphy/ptII/ptolemy/actor/lib/test/auto/Clock.xml
2 ms. Memory: 897024K Free: 498556K (56%)
----------------- Invoking toplevel() on ptolemy.moml.MoMLSimpleApplication@bda8da7
----------------- Done invoking toplevel() on ptolemy.moml.MoMLSimpleApplication@bda8da7
reloadAllAccessors: .Clock
----------------- testing Thu May 10 02:22:30 UTC 2018 /home/travis/build/icyphy/ptII/ptolemy/actor/lib/test/auto/Clock10.xml
----------------- Instantiating /home/travis/build/icyphy/ptII/ptolemy/actor/lib/test/auto/Clock10.xml
2 ms. Memory: 897024K Free: 488152K (54%)
----------------- Invoking toplevel() on ptolemy.moml.MoMLSimpleApplication@5362af1e
----------------- Done invoking toplevel() on ptolemy.moml.MoMLSimpleApplication@5362af1e
reloadAllAccessors: .Clock10
----------------- testing Thu May 10 02:22:30 UTC 2018 /home/travis/build/icyphy/ptII/ptolemy/actor/lib/test/auto/Clock11.xml
----------------- Instantiating /home/travis/build/icyphy/ptII/ptolemy/actor/lib/test/auto/Clock11.xml
2 ms. Memory: 897024K Free: 477749K (53%)
----------------- Invoking toplevel() on ptolemy.moml.MoMLSimpleApplication@7a554ce5
----------------- Done invoking toplevel() on ptolemy.moml.MoMLSimpleApplication@7a554ce5
reloadAllAccessors: .Clock11
----------------- testing Thu May 10 02:22:30 UTC 2018 /home/travis/build/icyphy/ptII/ptolemy/actor/lib/test/auto/Clock12.xml
----------------- Instantiating /home/travis/build/icyphy/ptII/ptolemy/actor/lib/test/auto/Clock12.xml
2 ms. Memory: 897024K Free: 467345K (52%)
----------------- Invoking toplevel() on ptolemy.moml.MoMLSimpleApplication@20797451
----------------- Done invoking toplevel() on ptolemy.moml.MoMLSimpleApplication@20797451
reloadAllAccessors: .Clock12
----------------- testing Thu May 10 02:22:30 UTC 2018 /home/travis/build/icyphy/ptII/ptolemy/actor/lib/test/auto/Clock13.xml
----------------- Instantiating /home/travis/build/icyphy/ptII/ptolemy/actor/lib/test/auto/Clock13.xml
4 ms. Memory: 897024K Free: 446982K (50%)
----------------- Invoking toplevel() on ptolemy.moml.MoMLSimpleApplication@72a29418
----------------- Done invoking toplevel() on ptolemy.moml.MoMLSimpleApplication@72a29418
reloadAllAccessors: .Clock13
----------------- testing Thu May 10 02:22:30 UTC 2018 /home/travis/build/icyphy/ptII/ptolemy/actor/lib/test/auto/Clock14.xml
----------------- Instantiating /home/travis/build/icyphy/ptII/ptolemy/actor/lib/test/auto/Clock14.xml
8 ms. Memory: 897024K Free: 436578K (49%)
----------------- Invoking toplevel() on ptolemy.moml.MoMLSimpleApplication@594508f
----------------- Done invoking toplevel() on ptolemy.moml.MoMLSimpleApplication@594508f
reloadAllAccessors: .Clock14
----------------- testing Thu May 10 02:22:30 UTC 2018 /home/travis/build/icyphy/ptII/ptolemy/actor/lib/test/auto/Clock15.xml
----------------- Instantiating /home/travis/build/icyphy/ptII/ptolemy/actor/lib/test/auto/Clock15.xml
8 ms. Memory: 897024K Free: 426174K (48%)
----------------- Invoking toplevel() on ptolemy.moml.MoMLSimpleApplication@58123182
----------------- Done invoking toplevel() on ptolemy.moml.MoMLSimpleApplication@58123182
reloadAllAccessors: .Clock15
----------------- testing Thu May 10 02:22:30 UTC 2018 /home/travis/build/icyphy/ptII/ptolemy/actor/lib/test/auto/Clock16.xml
----------------- Instantiating /home/travis/build/icyphy/ptII/ptolemy/actor/lib/test/auto/Clock16.xml
14 ms. Memory: 897024K Free: 405342K (45%)
----------------- Invoking toplevel() on ptolemy.moml.MoMLSimpleApplication@311b43d3
----------------- Done invoking toplevel() on ptolemy.moml.MoMLSimpleApplication@311b43d3
reloadAllAccessors: .Clock16
----------------- testing Thu May 10 02:22:30 UTC 2018 /home/travis/build/icyphy/ptII/ptolemy/actor/lib/test/auto/Clock17.xml
----------------- Instantiating /home/travis/build/icyphy/ptII/ptolemy/actor/lib/test/auto/Clock17.xml
12 ms. Memory: 897024K Free: 389720K (43%)
----------------- Invoking toplevel() on ptolemy.moml.MoMLSimpleApplication@57fa81b3
----------------- Done invoking toplevel() on ptolemy.moml.MoMLSimpleApplication@57fa81b3
reloadAllAccessors: .Clock17
----------------- testing Thu May 10 02:22:30 UTC 2018 /home/travis/build/icyphy/ptII/ptolemy/actor/lib/test/auto/Clock18.xml
----------------- Instantiating /home/travis/build/icyphy/ptII/ptolemy/actor/lib/test/auto/Clock18.xml
9 ms. Memory: 897024K Free: 364139K (41%)
----------------- Invoking toplevel() on ptolemy.moml.MoMLSimpleApplication@1da07846
----------------- Done invoking toplevel() on ptolemy.moml.MoMLSimpleApplication@1da07846
reloadAllAccessors: .Clock18
----------------- testing Thu May 10 02:22:31 UTC 2018 /home/travis/build/icyphy/ptII/ptolemy/actor/lib/test/auto/Clock19.xml
----------------- Instantiating /home/travis/build/icyphy/ptII/ptolemy/actor/lib/test/auto/Clock19.xml
14 ms. Memory: 897024K Free: 348518K (39%)
----------------- Invoking toplevel() on ptolemy.moml.MoMLSimpleApplication@55848d11
----------------- Done invoking toplevel() on ptolemy.moml.MoMLSimpleApplication@55848d11
reloadAllAccessors: .Clock19
----------------- testing Thu May 10 02:22:31 UTC 2018 /home/travis/build/icyphy/ptII/ptolemy/actor/lib/test/auto/Clock2.xml
----------------- Instantiating /home/travis/build/icyphy/ptII/ptolemy/actor/lib/test/auto/Clock2.xml
8 ms. Memory: 897024K Free: 338114K (38%)
----------------- Invoking toplevel() on ptolemy.moml.MoMLSimpleApplication@36d628c1
----------------- Done invoking toplevel() on ptolemy.moml.MoMLSimpleApplication@36d628c1
reloadAllAccessors: .Clock2
----------------- testing Thu May 10 02:22:31 UTC 2018 /home/travis/build/icyphy/ptII/ptolemy/actor/lib/test/auto/Clock20.xml
----------------- Instantiating /home/travis/build/icyphy/ptII/ptolemy/actor/lib/test/auto/Clock20.xml
12 ms. Memory: 897024K Free: 327710K (37%)
----------------- Invoking toplevel() on ptolemy.moml.MoMLSimpleApplication@40afe71d
----------------- Done invoking toplevel() on ptolemy.moml.MoMLSimpleApplication@40afe71d
reloadAllAccessors: .Clock20
----------------- testing Thu May 10 02:22:31 UTC 2018 /home/travis/build/icyphy/ptII/ptolemy/actor/lib/test/auto/Clock21.xml
----------------- Instantiating /home/travis/build/icyphy/ptII/ptolemy/actor/lib/test/auto/Clock21.xml
7 ms. Memory: 897024K Free: 307347K (34%)
----------------- Invoking toplevel() on ptolemy.moml.MoMLSimpleApplication@1adfd089
----------------- Done invoking toplevel() on ptolemy.moml.MoMLSimpleApplication@1adfd089
reloadAllAccessors: .Clock21
----------------- testing Thu May 10 02:22:31 UTC 2018 /home/travis/build/icyphy/ptII/ptolemy/actor/lib/test/auto/Clock22.xml
----------------- Instantiating /home/travis/build/icyphy/ptII/ptolemy/actor/lib/test/auto/Clock22.xml
7 ms. Memory: 897024K Free: 296943K (33%)
----------------- Invoking toplevel() on ptolemy.moml.MoMLSimpleApplication@40234263
----------------- Done invoking toplevel() on ptolemy.moml.MoMLSimpleApplication@40234263
reloadAllAccessors: .Clock22
----------------- testing Thu May 10 02:22:31 UTC 2018 /home/travis/build/icyphy/ptII/ptolemy/actor/lib/test/auto/Clock23.xml
----------------- Instantiating /home/travis/build/icyphy/ptII/ptolemy/actor/lib/test/auto/Clock23.xml
8 ms. Memory: 897024K Free: 286539K (32%)
----------------- Invoking toplevel() on ptolemy.moml.MoMLSimpleApplication@7c45c807
----------------- Done invoking toplevel() on ptolemy.moml.MoMLSimpleApplication@7c45c807
reloadAllAccessors: .Clock23
----------------- testing Thu May 10 02:22:31 UTC 2018 /home/travis/build/icyphy/ptII/ptolemy/actor/lib/test/auto/Clock24.xml
----------------- Instantiating /home/travis/build/icyphy/ptII/ptolemy/actor/lib/test/auto/Clock24.xml
7 ms. Memory: 897024K Free: 276135K (31%)
----------------- Invoking toplevel() on ptolemy.moml.MoMLSimpleApplication@4d84d23d
----------------- Done invoking toplevel() on ptolemy.moml.MoMLSimpleApplication@4d84d23d
reloadAllAccessors: .Clock24
----------------- testing Thu May 10 02:22:31 UTC 2018 /home/travis/build/icyphy/ptII/ptolemy/actor/lib/test/auto/Clock4.xml
----------------- Instantiating /home/travis/build/icyphy/ptII/ptolemy/actor/lib/test/auto/Clock4.xml
6 ms. Memory: 897024K Free: 265731K (30%)
----------------- Invoking toplevel() on ptolemy.moml.MoMLSimpleApplication@ed012a2
----------------- Done invoking toplevel() on ptolemy.moml.MoMLSimpleApplication@ed012a2
reloadAllAccessors: .Clock4
----------------- testing Thu May 10 02:22:31 UTC 2018 /home/travis/build/icyphy/ptII/ptolemy/actor/lib/test/auto/Clock5.xml
----------------- Instantiating /home/travis/build/icyphy/ptII/ptolemy/actor/lib/test/auto/Clock5.xml
3 ms. Memory: 897024K Free: 245368K (27%)
----------------- Invoking toplevel() on ptolemy.moml.MoMLSimpleApplication@7a5e4db8
----------------- Done invoking toplevel() on ptolemy.moml.MoMLSimpleApplication@7a5e4db8
reloadAllAccessors: .Clock5
----------------- testing Thu May 10 02:22:31 UTC 2018 /home/travis/build/icyphy/ptII/ptolemy/actor/lib/test/auto/Clock6.xml
----------------- Instantiating /home/travis/build/icyphy/ptII/ptolemy/actor/lib/test/auto/Clock6.xml
2 ms. Memory: 897024K Free: 234965K (26%)
----------------- Invoking toplevel() on ptolemy.moml.MoMLSimpleApplication@3b7ba9fe
----------------- Done invoking toplevel() on ptolemy.moml.MoMLSimpleApplication@3b7ba9fe
reloadAllAccessors: .Clock6
----------------- testing Thu May 10 02:22:31 UTC 2018 /home/travis/build/icyphy/ptII/ptolemy/actor/lib/test/auto/Clock7.xml
----------------- Instantiating /home/travis/build/icyphy/ptII/ptolemy/actor/lib/test/auto/Clock7.xml
3 ms. Memory: 897024K Free: 224561K (25%)
----------------- Invoking toplevel() on ptolemy.moml.MoMLSimpleApplication@5ef81bb7
----------------- Done invoking toplevel() on ptolemy.moml.MoMLSimpleApplication@5ef81bb7
reloadAllAccessors: .Clock7
----------------- testing Thu May 10 02:22:31 UTC 2018 /home/travis/build/icyphy/ptII/ptolemy/actor/lib/test/auto/Clock8.xml
----------------- Instantiating /home/travis/build/icyphy/ptII/ptolemy/actor/lib/test/auto/Clock8.xml
9 ms. Memory: 897024K Free: 214157K (24%)
----------------- Invoking toplevel() on ptolemy.moml.MoMLSimpleApplication@69b9609d
----------------- Done invoking toplevel() on ptolemy.moml.MoMLSimpleApplication@69b9609d
reloadAllAccessors: .Clock8
----------------- testing Thu May 10 02:22:31 UTC 2018 /home/travis/build/icyphy/ptII/ptolemy/actor/lib/test/auto/Clock9.xml
----------------- Instantiating /home/travis/build/icyphy/ptII/ptolemy/actor/lib/test/auto/Clock9.xml
7 ms. Memory: 897024K Free: 193794K (22%)
----------------- Invoking toplevel() on ptolemy.moml.MoMLSimpleApplication@461b7be
----------------- Done invoking toplevel() on ptolemy.moml.MoMLSimpleApplication@461b7be
reloadAllAccessors: .Clock9
----------------- testing Thu May 10 02:22:31 UTC 2018 /home/travis/build/icyphy/ptII/ptolemy/actor/lib/test/auto/CommDistDiscard.xml
----------------- Instantiating /home/travis/build/icyphy/ptII/ptolemy/actor/lib/test/auto/CommDistDiscard.xml
5 ms. Memory: 897024K Free: 183390K (20%)
----------------- Invoking toplevel() on ptolemy.moml.MoMLSimpleApplication@798cec6f
----------------- Done invoking toplevel() on ptolemy.moml.MoMLSimpleApplication@798cec6f
reloadAllAccessors: .CommDistDiscard
----------------- testing Thu May 10 02:22:31 UTC 2018 /home/travis/build/icyphy/ptII/ptolemy/actor/lib/test/auto/Commutator.xml
----------------- Instantiating /home/travis/build/icyphy/ptII/ptolemy/actor/lib/test/auto/Commutator.xml
3 ms. Memory: 897024K Free: 172986K (19%)
----------------- Invoking toplevel() on ptolemy.moml.MoMLSimpleApplication@3f7d3918
----------------- Done invoking toplevel() on ptolemy.moml.MoMLSimpleApplication@3f7d3918
reloadAllAccessors: .Commutator
----------------- testing Thu May 10 02:22:31 UTC 2018 /home/travis/build/icyphy/ptII/ptolemy/actor/lib/test/auto/Commutator2.xml
----------------- Instantiating /home/travis/build/icyphy/ptII/ptolemy/actor/lib/test/auto/Commutator2.xml
3 ms. Memory: 897024K Free: 162582K (18%)
----------------- Invoking toplevel() on ptolemy.moml.MoMLSimpleApplication@1525fa2e
----------------- Done invoking toplevel() on ptolemy.moml.MoMLSimpleApplication@1525fa2e
reloadAllAccessors: .Commutator2
----------------- testing Thu May 10 02:22:31 UTC 2018 /home/travis/build/icyphy/ptII/ptolemy/actor/lib/test/auto/Commutator3.xml
----------------- Instantiating /home/travis/build/icyphy/ptII/ptolemy/actor/lib/test/auto/Commutator3.xml
2 ms. Memory: 897024K Free: 142219K (16%)
----------------- Invoking toplevel() on ptolemy.moml.MoMLSimpleApplication@6865b035
----------------- Done invoking toplevel() on ptolemy.moml.MoMLSimpleApplication@6865b035
reloadAllAccessors: .Commutator3
----------------- testing Thu May 10 02:22:31 UTC 2018 /home/travis/build/icyphy/ptII/ptolemy/actor/lib/test/auto/Compare.xml
----------------- Instantiating /home/travis/build/icyphy/ptII/ptolemy/actor/lib/test/auto/Compare.xml
3 ms. Memory: 897024K Free: 131815K (15%)
----------------- Invoking toplevel() on ptolemy.moml.MoMLSimpleApplication@66d14e55
----------------- Done invoking toplevel() on ptolemy.moml.MoMLSimpleApplication@66d14e55
reloadAllAccessors: .Compare
----------------- testing Thu May 10 02:22:31 UTC 2018 /home/travis/build/icyphy/ptII/ptolemy/actor/lib/test/auto/CompareDE.xml
----------------- Instantiating /home/travis/build/icyphy/ptII/ptolemy/actor/lib/test/auto/CompareDE.xml
4 ms. Memory: 897024K Free: 121411K (14%)
----------------- Invoking toplevel() on ptolemy.moml.MoMLSimpleApplication@4d15e66d
----------------- Done invoking toplevel() on ptolemy.moml.MoMLSimpleApplication@4d15e66d
reloadAllAccessors: .CompareDE
----------------- testing Thu May 10 02:22:31 UTC 2018 /home/travis/build/icyphy/ptII/ptolemy/actor/lib/test/auto/ComplexDivide.xml
----------------- Instantiating /home/travis/build/icyphy/ptII/ptolemy/actor/lib/test/auto/ComplexDivide.xml
4 ms. Memory: 897024K Free: 111007K (12%)
----------------- Invoking toplevel() on ptolemy.moml.MoMLSimpleApplication@689a8be6
----------------- Done invoking toplevel() on ptolemy.moml.MoMLSimpleApplication@689a8be6
reloadAllAccessors: .ComplexDivide
----------------- testing Thu May 10 02:22:31 UTC 2018 /home/travis/build/icyphy/ptII/ptolemy/actor/lib/test/auto/ComputeHistogram.xml
----------------- Instantiating /home/travis/build/icyphy/ptII/ptolemy/actor/lib/test/auto/ComputeHistogram.xml
28 ms. Memory: 897024K Free: 95402K (11%)
----------------- Invoking toplevel() on ptolemy.moml.MoMLSimpleApplication@329ef21d
----------------- Done invoking toplevel() on ptolemy.moml.MoMLSimpleApplication@329ef21d
reloadAllAccessors: .ComputeHistogram
----------------- testing Thu May 10 02:22:31 UTC 2018 /home/travis/build/icyphy/ptII/ptolemy/actor/lib/test/auto/ConfigurationSelect.xml
----------------- Instantiating /home/travis/build/icyphy/ptII/ptolemy/actor/lib/test/auto/ConfigurationSelect.xml
15 ms. Memory: 898048K Free: 857464K (95%)
----------------- Invoking toplevel() on ptolemy.moml.MoMLSimpleApplication@367917d1
----------------- Done invoking toplevel() on ptolemy.moml.MoMLSimpleApplication@367917d1
reloadAllAccessors: .ConfigurationSelect
----------------- testing Thu May 10 02:22:31 UTC 2018 /home/travis/build/icyphy/ptII/ptolemy/actor/lib/test/auto/ConfigurationSelect2.xml
----------------- Instantiating /home/travis/build/icyphy/ptII/ptolemy/actor/lib/test/auto/ConfigurationSelect2.xml
1 ms. Memory: 898048K Free: 839750K (94%)
----------------- Invoking toplevel() on ptolemy.moml.MoMLSimpleApplication@106c3169
----------------- Done invoking toplevel() on ptolemy.moml.MoMLSimpleApplication@106c3169
reloadAllAccessors: .ConfigurationSelect2
----------------- testing Thu May 10 02:22:31 UTC 2018 /home/travis/build/icyphy/ptII/ptolemy/actor/lib/test/auto/ConfigurationSwitch.xml
----------------- Instantiating /home/travis/build/icyphy/ptII/ptolemy/actor/lib/test/auto/ConfigurationSwitch.xml
2 ms. Memory: 898048K Free: 831947K (93%)
----------------- Invoking toplevel() on ptolemy.moml.MoMLSimpleApplication@37125332
----------------- Done invoking toplevel() on ptolemy.moml.MoMLSimpleApplication@37125332
reloadAllAccessors: .ConfigurationSwitch
----------------- testing Thu May 10 02:22:31 UTC 2018 /home/travis/build/icyphy/ptII/ptolemy/actor/lib/test/auto/ConfigurationSwitch2.xml
----------------- Instantiating /home/travis/build/icyphy/ptII/ptolemy/actor/lib/test/auto/ConfigurationSwitch2.xml
3 ms. Memory: 898048K Free: 824144K (92%)
----------------- Invoking toplevel() on ptolemy.moml.MoMLSimpleApplication@22bf1111
----------------- Done invoking toplevel() on ptolemy.moml.MoMLSimpleApplication@22bf1111
reloadAllAccessors: .ConfigurationSwitch2
----------------- testing Thu May 10 02:22:31 UTC 2018 /home/travis/build/icyphy/ptII/ptolemy/actor/lib/test/auto/ConfigurationSwitchCloningBugWithClassRelationGroup.xml
----------------- Instantiating /home/travis/build/icyphy/ptII/ptolemy/actor/lib/test/auto/ConfigurationSwitchCloningBugWithClassRelationGroup.xml
1 ms. Memory: 898048K Free: 805114K (90%)
----------------- Invoking toplevel() on ptolemy.moml.MoMLSimpleApplication@11541d87
----------------- Done invoking toplevel() on ptolemy.moml.MoMLSimpleApplication@11541d87
reloadAllAccessors: .ConfigurationSwitchCloningBugWithClassRelationGroup
----------------- testing Thu May 10 02:22:31 UTC 2018 /home/travis/build/icyphy/ptII/ptolemy/actor/lib/test/auto/ConfigurationSwitchSelectSDF.xml
----------------- Instantiating /home/travis/build/icyphy/ptII/ptolemy/actor/lib/test/auto/ConfigurationSwitchSelectSDF.xml
2 ms. Memory: 898048K Free: 797311K (89%)
----------------- Invoking toplevel() on ptolemy.moml.MoMLSimpleApplication@1bb1a7c6
----------------- Done invoking toplevel() on ptolemy.moml.MoMLSimpleApplication@1bb1a7c6
reloadAllAccessors: .ConfigurationSwitchSelectSDF
----------------- testing Thu May 10 02:22:31 UTC 2018 /home/travis/build/icyphy/ptII/ptolemy/actor/lib/test/auto/ConfigurationSwitchSelectSDF2.xml
----------------- Instantiating /home/travis/build/icyphy/ptII/ptolemy/actor/lib/test/auto/ConfigurationSwitchSelectSDF2.xml
2 ms. Memory: 898048K Free: 789508K (88%)
----------------- Invoking toplevel() on ptolemy.moml.MoMLSimpleApplication@566e7dc9
----------------- Done invoking toplevel() on ptolemy.moml.MoMLSimpleApplication@566e7dc9
reloadAllAccessors: .ConfigurationSwitchSelectSDF2
----------------- testing Thu May 10 02:22:31 UTC 2018 /home/travis/build/icyphy/ptII/ptolemy/actor/lib/test/auto/Const.xml
----------------- Instantiating /home/travis/build/icyphy/ptII/ptolemy/actor/lib/test/auto/Const.xml
1 ms. Memory: 898048K Free: 774395K (86%)
----------------- Invoking toplevel() on ptolemy.moml.MoMLSimpleApplication@3da08523
----------------- Done invoking toplevel() on ptolemy.moml.MoMLSimpleApplication@3da08523
reloadAllAccessors: .Const
----------------- testing Thu May 10 02:22:31 UTC 2018 /home/travis/build/icyphy/ptII/ptolemy/actor/lib/test/auto/Const2.xml
----------------- Instantiating /home/travis/build/icyphy/ptII/ptolemy/actor/lib/test/auto/Const2.xml
1 ms. Memory: 898048K Free: 766592K (85%)
----------------- Invoking toplevel() on ptolemy.moml.MoMLSimpleApplication@55a484c7
----------------- Done invoking toplevel() on ptolemy.moml.MoMLSimpleApplication@55a484c7
reloadAllAccessors: .Const2
----------------- testing Thu May 10 02:22:31 UTC 2018 /home/travis/build/icyphy/ptII/ptolemy/actor/lib/test/auto/Const3.xml
----------------- Instantiating /home/travis/build/icyphy/ptII/ptolemy/actor/lib/test/auto/Const3.xml
1 ms. Memory: 898048K Free: 758789K (84%)
----------------- Invoking toplevel() on ptolemy.moml.MoMLSimpleApplication@3f325dac
----------------- Done invoking toplevel() on ptolemy.moml.MoMLSimpleApplication@3f325dac
reloadAllAccessors: .Const3
----------------- testing Thu May 10 02:22:31 UTC 2018 /home/travis/build/icyphy/ptII/ptolemy/actor/lib/test/auto/ConstantPublisherPort1.xml
----------------- Instantiating /home/travis/build/icyphy/ptII/ptolemy/actor/lib/test/auto/ConstantPublisherPort1.xml
7 ms. Memory: 898048K Free: 739759K (82%)
----------------- Invoking toplevel() on ptolemy.moml.MoMLSimpleApplication@6b19e582
----------------- Done invoking toplevel() on ptolemy.moml.MoMLSimpleApplication@6b19e582
reloadAllAccessors: .ConstantPublisherPort1
----------------- testing Thu May 10 02:22:31 UTC 2018 /home/travis/build/icyphy/ptII/ptolemy/actor/lib/test/auto/ConstantPublisherPort2.xml
----------------- Instantiating /home/travis/build/icyphy/ptII/ptolemy/actor/lib/test/auto/ConstantPublisherPort2.xml
3 ms. Memory: 898048K Free: 728038K (81%)
----------------- Invoking toplevel() on ptolemy.moml.MoMLSimpleApplication@3197fb6c
----------------- Done invoking toplevel() on ptolemy.moml.MoMLSimpleApplication@3197fb6c
reloadAllAccessors: .ConstantPublisherPort2
----------------- testing Thu May 10 02:22:31 UTC 2018 /home/travis/build/icyphy/ptII/ptolemy/actor/lib/test/auto/ConstantPublisherPort3.xml
----------------- Instantiating /home/travis/build/icyphy/ptII/ptolemy/actor/lib/test/auto/ConstantPublisherPort3.xml
3 ms. Memory: 898048K Free: 716318K (80%)
----------------- Invoking toplevel() on ptolemy.moml.MoMLSimpleApplication@1ca25545
----------------- Done invoking toplevel() on ptolemy.moml.MoMLSimpleApplication@1ca25545
reloadAllAccessors: .ConstantPublisherPort3
----------------- testing Thu May 10 02:22:31 UTC 2018 /home/travis/build/icyphy/ptII/ptolemy/actor/lib/test/auto/ConstantPublisherPort4.xml
----------------- Instantiating /home/travis/build/icyphy/ptII/ptolemy/actor/lib/test/auto/ConstantPublisherPort4.xml
2 ms. Memory: 898048K Free: 697288K (78%)
----------------- Invoking toplevel() on ptolemy.moml.MoMLSimpleApplication@50c942d3
----------------- Done invoking toplevel() on ptolemy.moml.MoMLSimpleApplication@50c942d3
reloadAllAccessors: .ConstantPublisherPort4
----------------- testing Thu May 10 02:22:31 UTC 2018 /home/travis/build/icyphy/ptII/ptolemy/actor/lib/test/auto/ConstantPublisherPort5.xml
----------------- Instantiating /home/travis/build/icyphy/ptII/ptolemy/actor/lib/test/auto/ConstantPublisherPort5.xml
18 ms. Memory: 898048K Free: 677764K (75%)
----------------- Invoking toplevel() on ptolemy.moml.MoMLSimpleApplication@72d60113
----------------- Done invoking toplevel() on ptolemy.moml.MoMLSimpleApplication@72d60113
reloadAllAccessors: .ConstantPublisherPort5
----------------- testing Thu May 10 02:22:31 UTC 2018 /home/travis/build/icyphy/ptII/ptolemy/actor/lib/test/auto/ConstantPublisherPort6.xml
----------------- Instantiating /home/travis/build/icyphy/ptII/ptolemy/actor/lib/test/auto/ConstantPublisherPort6.xml
14 ms. Memory: 898048K Free: 654355K (73%)
----------------- Invoking toplevel() on ptolemy.moml.MoMLSimpleApplication@14efb86a
----------------- Done invoking toplevel() on ptolemy.moml.MoMLSimpleApplication@14efb86a
reloadAllAccessors: .ConstantPublisherPort6
----------------- testing Thu May 10 02:22:32 UTC 2018 /home/travis/build/icyphy/ptII/ptolemy/actor/lib/test/auto/ConstantPublisherPort7.xml
----------------- Instantiating /home/travis/build/icyphy/ptII/ptolemy/actor/lib/test/auto/ConstantPublisherPort7.xml
15 ms. Memory: 898048K Free: 623621K (69%)
----------------- Invoking toplevel() on ptolemy.moml.MoMLSimpleApplication@8acfaaa
----------------- Done invoking toplevel() on ptolemy.moml.MoMLSimpleApplication@8acfaaa
reloadAllAccessors: .ConstantPublisherPort7
----------------- testing Thu May 10 02:22:32 UTC 2018 /home/travis/build/icyphy/ptII/ptolemy/actor/lib/test/auto/ConstraintMonitor1.xml
----------------- Instantiating /home/travis/build/icyphy/ptII/ptolemy/actor/lib/test/auto/ConstraintMonitor1.xml
3 ms. Memory: 898048K Free: 615818K (69%)
----------------- Invoking toplevel() on ptolemy.moml.MoMLSimpleApplication@11dc11
----------------- Done invoking toplevel() on ptolemy.moml.MoMLSimpleApplication@11dc11
reloadAllAccessors: .ConstraintMonitor1
----------------- testing Thu May 10 02:22:32 UTC 2018 /home/travis/build/icyphy/ptII/ptolemy/actor/lib/test/auto/ConstraintMonitor2.xml
----------------- Instantiating /home/travis/build/icyphy/ptII/ptolemy/actor/lib/test/auto/ConstraintMonitor2.xml
2 ms. Memory: 898048K Free: 608015K (68%)
----------------- Invoking toplevel() on ptolemy.moml.MoMLSimpleApplication@68772bc
----------------- Done invoking toplevel() on ptolemy.moml.MoMLSimpleApplication@68772bc
reloadAllAccessors: .ConstraintMonitor2
----------------- testing Thu May 10 02:22:32 UTC 2018 /home/travis/build/icyphy/ptII/ptolemy/actor/lib/test/auto/ConstraintMonitor3.xml
----------------- Instantiating /home/travis/build/icyphy/ptII/ptolemy/actor/lib/test/auto/ConstraintMonitor3.xml
6 ms. Memory: 898048K Free: 600212K (67%)
----------------- Invoking toplevel() on ptolemy.moml.MoMLSimpleApplication@73302375
----------------- Done invoking toplevel() on ptolemy.moml.MoMLSimpleApplication@73302375
reloadAllAccessors: .ConstraintMonitor3
----------------- testing Thu May 10 02:22:32 UTC 2018 /home/travis/build/icyphy/ptII/ptolemy/actor/lib/test/auto/ConstraintMonitor4.xml
----------------- Instantiating /home/travis/build/icyphy/ptII/ptolemy/actor/lib/test/auto/ConstraintMonitor4.xml
4 ms. Memory: 898048K Free: 585099K (65%)
----------------- Invoking toplevel() on ptolemy.moml.MoMLSimpleApplication@1c94fe54
----------------- Done invoking toplevel() on ptolemy.moml.MoMLSimpleApplication@1c94fe54
reloadAllAccessors: .ConstraintMonitor4
----------------- testing Thu May 10 02:22:32 UTC 2018 /home/travis/build/icyphy/ptII/ptolemy/actor/lib/test/auto/ConstraintMonitor5.xml
----------------- Instantiating /home/travis/build/icyphy/ptII/ptolemy/actor/lib/test/auto/ConstraintMonitor5.xml
3 ms. Memory: 898048K Free: 577296K (64%)
----------------- Invoking toplevel() on ptolemy.moml.MoMLSimpleApplication@1e3d7bbe
----------------- Done invoking toplevel() on ptolemy.moml.MoMLSimpleApplication@1e3d7bbe
reloadAllAccessors: .ConstraintMonitor5
----------------- testing Thu May 10 02:22:32 UTC 2018 /home/travis/build/icyphy/ptII/ptolemy/actor/lib/test/auto/ConstraintMonitor6.xml
----------------- Instantiating /home/travis/build/icyphy/ptII/ptolemy/actor/lib/test/auto/ConstraintMonitor6.xml
4 ms. Memory: 898048K Free: 565583K (63%)
----------------- Invoking toplevel() on ptolemy.moml.MoMLSimpleApplication@2787f478
----------------- Done invoking toplevel() on ptolemy.moml.MoMLSimpleApplication@2787f478
reloadAllAccessors: .ConstraintMonitor6
----------------- testing Thu May 10 02:22:32 UTC 2018 /home/travis/build/icyphy/ptII/ptolemy/actor/lib/test/auto/ConstraintMonitor7.xml
----------------- Instantiating /home/travis/build/icyphy/ptII/ptolemy/actor/lib/test/auto/ConstraintMonitor7.xml
3 ms. Memory: 898048K Free: 546553K (61%)
----------------- Invoking toplevel() on ptolemy.moml.MoMLSimpleApplication@6fcfeba6
----------------- Done invoking toplevel() on ptolemy.moml.MoMLSimpleApplication@6fcfeba6
reloadAllAccessors: .ConstraintMonitor7
----------------- testing Thu May 10 02:22:32 UTC 2018 /home/travis/build/icyphy/ptII/ptolemy/actor/lib/test/auto/ConstraintMonitor8.xml
----------------- Instantiating /home/travis/build/icyphy/ptII/ptolemy/actor/lib/test/auto/ConstraintMonitor8.xml
3 ms. Memory: 898048K Free: 534832K (60%)
----------------- Invoking toplevel() on ptolemy.moml.MoMLSimpleApplication@7961af19
----------------- Done invoking toplevel() on ptolemy.moml.MoMLSimpleApplication@7961af19
reloadAllAccessors: .ConstraintMonitor8
----------------- testing Thu May 10 02:22:32 UTC 2018 /home/travis/build/icyphy/ptII/ptolemy/actor/lib/test/auto/Counter.xml
----------------- Instantiating /home/travis/build/icyphy/ptII/ptolemy/actor/lib/test/auto/Counter.xml
2 ms. Memory: 898048K Free: 527029K (59%)
----------------- Invoking toplevel() on ptolemy.moml.MoMLSimpleApplication@27e78cf9
----------------- Done invoking toplevel() on ptolemy.moml.MoMLSimpleApplication@27e78cf9
reloadAllAccessors: .Counter
----------------- testing Thu May 10 02:22:32 UTC 2018 /home/travis/build/icyphy/ptII/ptolemy/actor/lib/test/auto/CurrentTimeSDF.xml
----------------- Instantiating /home/travis/build/icyphy/ptII/ptolemy/actor/lib/test/auto/CurrentTimeSDF.xml
1 ms. Memory: 898048K Free: 511916K (57%)
----------------- Invoking toplevel() on ptolemy.moml.MoMLSimpleApplication@7ed167c9
----------------- Done invoking toplevel() on ptolemy.moml.MoMLSimpleApplication@7ed167c9
reloadAllAccessors: .CurrentTimeSDF
----------------- testing Thu May 10 02:22:32 UTC 2018 /home/travis/build/icyphy/ptII/ptolemy/actor/lib/test/auto/DB.xml
----------------- Instantiating /home/travis/build/icyphy/ptII/ptolemy/actor/lib/test/auto/DB.xml
2 ms. Memory: 898048K Free: 504113K (56%)
----------------- Invoking toplevel() on ptolemy.moml.MoMLSimpleApplication@165790e6
----------------- Done invoking toplevel() on ptolemy.moml.MoMLSimpleApplication@165790e6
reloadAllAccessors: .DB
----------------- testing Thu May 10 02:22:32 UTC 2018 /home/travis/build/icyphy/ptII/ptolemy/actor/lib/test/auto/DBDE.xml
----------------- Instantiating /home/travis/build/icyphy/ptII/ptolemy/actor/lib/test/auto/DBDE.xml
2 ms. Memory: 898048K Free: 492393K (55%)
----------------- Invoking toplevel() on ptolemy.moml.MoMLSimpleApplication@277e9548
----------------- Done invoking toplevel() on ptolemy.moml.MoMLSimpleApplication@277e9548
reloadAllAccessors: .DBDE
----------------- testing Thu May 10 02:22:32 UTC 2018 /home/travis/build/icyphy/ptII/ptolemy/actor/lib/test/auto/DateConstructor.xml
----------------- Instantiating /home/travis/build/icyphy/ptII/ptolemy/actor/lib/test/auto/DateConstructor.xml
11 ms. Memory: 898048K Free: 465543K (52%)
----------------- Invoking toplevel() on ptolemy.moml.MoMLSimpleApplication@21ecc61e
----------------- Done invoking toplevel() on ptolemy.moml.MoMLSimpleApplication@21ecc61e
reloadAllAccessors: .DateConstructor
----------------- testing Thu May 10 02:22:32 UTC 2018 /home/travis/build/icyphy/ptII/ptolemy/actor/lib/test/auto/DelayTime.xml
----------------- Instantiating /home/travis/build/icyphy/ptII/ptolemy/actor/lib/test/auto/DelayTime.xml
3 ms. Memory: 898048K Free: 457741K (51%)
----------------- Invoking toplevel() on ptolemy.moml.MoMLSimpleApplication@69777914
----------------- Done invoking toplevel() on ptolemy.moml.MoMLSimpleApplication@69777914
reloadAllAccessors: .DelayTime
----------------- testing Thu May 10 02:22:32 UTC 2018 /home/travis/build/icyphy/ptII/ptolemy/actor/lib/test/auto/Dictionary1.xml
----------------- Instantiating /home/travis/build/icyphy/ptII/ptolemy/actor/lib/test/auto/Dictionary1.xml
1 ms. Memory: 898048K Free: 449938K (50%)
----------------- Invoking toplevel() on ptolemy.moml.MoMLSimpleApplication@36e2457
----------------- Done invoking toplevel() on ptolemy.moml.MoMLSimpleApplication@36e2457
reloadAllAccessors: .Dictionary1
----------------- testing Thu May 10 02:22:32 UTC 2018 /home/travis/build/icyphy/ptII/ptolemy/actor/lib/test/auto/Dictionary2.xml
----------------- Instantiating /home/travis/build/icyphy/ptII/ptolemy/actor/lib/test/auto/Dictionary2.xml
1 ms. Memory: 898048K Free: 434825K (48%)
----------------- Invoking toplevel() on ptolemy.moml.MoMLSimpleApplication@1f0ee25e
----------------- Done invoking toplevel() on ptolemy.moml.MoMLSimpleApplication@1f0ee25e
reloadAllAccessors: .Dictionary2
----------------- testing Thu May 10 02:22:32 UTC 2018 /home/travis/build/icyphy/ptII/ptolemy/actor/lib/test/auto/Dictionary3.xml
----------------- Instantiating /home/travis/build/icyphy/ptII/ptolemy/actor/lib/test/auto/Dictionary3.xml
2 ms. Memory: 898048K Free: 427022K (48%)
----------------- Invoking toplevel() on ptolemy.moml.MoMLSimpleApplication@1b94ea16
----------------- Done invoking toplevel() on ptolemy.moml.MoMLSimpleApplication@1b94ea16
reloadAllAccessors: .Dictionary3
----------------- testing Thu May 10 02:22:32 UTC 2018 /home/travis/build/icyphy/ptII/ptolemy/actor/lib/test/auto/Dictionary4.xml
----------------- Instantiating /home/travis/build/icyphy/ptII/ptolemy/actor/lib/test/auto/Dictionary4.xml
3 ms. Memory: 898048K Free: 415301K (46%)
----------------- Invoking toplevel() on ptolemy.moml.MoMLSimpleApplication@d290a42
----------------- Done invoking toplevel() on ptolemy.moml.MoMLSimpleApplication@d290a42
reloadAllAccessors: .Dictionary4
----------------- testing Thu May 10 02:22:32 UTC 2018 /home/travis/build/icyphy/ptII/ptolemy/actor/lib/test/auto/Differential.xml
----------------- Instantiating /home/travis/build/icyphy/ptII/ptolemy/actor/lib/test/auto/Differential.xml
1 ms. Memory: 898048K Free: 400188K (45%)
----------------- Invoking toplevel() on ptolemy.moml.MoMLSimpleApplication@2ec805c3
----------------- Done invoking toplevel() on ptolemy.moml.MoMLSimpleApplication@2ec805c3
reloadAllAccessors: .Differential
----------------- testing Thu May 10 02:22:32 UTC 2018 /home/travis/build/icyphy/ptII/ptolemy/actor/lib/test/auto/Director.xml
----------------- Instantiating /home/travis/build/icyphy/ptII/ptolemy/actor/lib/test/auto/Director.xml
2 ms. Memory: 898048K Free: 392385K (44%)
----------------- Invoking toplevel() on ptolemy.moml.MoMLSimpleApplication@792cfe13
----------------- Done invoking toplevel() on ptolemy.moml.MoMLSimpleApplication@792cfe13
reloadAllAccessors: .Director
----------------- testing Thu May 10 02:22:32 UTC 2018 /home/travis/build/icyphy/ptII/ptolemy/actor/lib/test/auto/DiscreteClock.xml
----------------- Instantiating /home/travis/build/icyphy/ptII/ptolemy/actor/lib/test/auto/DiscreteClock.xml
1 ms. Memory: 898048K Free: 384582K (43%)
----------------- Invoking toplevel() on ptolemy.moml.MoMLSimpleApplication@3328b1a0
----------------- Done invoking toplevel() on ptolemy.moml.MoMLSimpleApplication@3328b1a0
reloadAllAccessors: .DiscreteClock
----------------- testing Thu May 10 02:22:32 UTC 2018 /home/travis/build/icyphy/ptII/ptolemy/actor/lib/test/auto/DiscreteClock10.xml
----------------- Instantiating /home/travis/build/icyphy/ptII/ptolemy/actor/lib/test/auto/DiscreteClock10.xml
2 ms. Memory: 898048K Free: 376779K (42%)
----------------- Invoking toplevel() on ptolemy.moml.MoMLSimpleApplication@770d1708
----------------- Done invoking toplevel() on ptolemy.moml.MoMLSimpleApplication@770d1708
reloadAllAccessors: .DiscreteClock10
----------------- testing Thu May 10 02:22:32 UTC 2018 /home/travis/build/icyphy/ptII/ptolemy/actor/lib/test/auto/DiscreteClock11.xml
----------------- Instantiating /home/travis/build/icyphy/ptII/ptolemy/actor/lib/test/auto/DiscreteClock11.xml
2 ms. Memory: 898048K Free: 361666K (40%)
----------------- Invoking toplevel() on ptolemy.moml.MoMLSimpleApplication@750778cf
----------------- Done invoking toplevel() on ptolemy.moml.MoMLSimpleApplication@750778cf
reloadAllAccessors: .DiscreteClock11
----------------- testing Thu May 10 02:22:32 UTC 2018 /home/travis/build/icyphy/ptII/ptolemy/actor/lib/test/auto/DiscreteClock12.xml
----------------- Instantiating /home/travis/build/icyphy/ptII/ptolemy/actor/lib/test/auto/DiscreteClock12.xml
2 ms. Memory: 898048K Free: 353863K (39%)
----------------- Invoking toplevel() on ptolemy.moml.MoMLSimpleApplication@53fd5cab
----------------- Done invoking toplevel() on ptolemy.moml.MoMLSimpleApplication@53fd5cab
reloadAllAccessors: .DiscreteClock12
----------------- testing Thu May 10 02:22:32 UTC 2018 /home/travis/build/icyphy/ptII/ptolemy/actor/lib/test/auto/DiscreteClock13.xml
----------------- Instantiating /home/travis/build/icyphy/ptII/ptolemy/actor/lib/test/auto/DiscreteClock13.xml
6 ms. Memory: 898048K Free: 346060K (39%)
----------------- Invoking toplevel() on ptolemy.moml.MoMLSimpleApplication@12b974fd
----------------- Done invoking toplevel() on ptolemy.moml.MoMLSimpleApplication@12b974fd
reloadAllAccessors: .DiscreteClock13
----------------- testing Thu May 10 02:22:32 UTC 2018 /home/travis/build/icyphy/ptII/ptolemy/actor/lib/test/auto/DiscreteClock14.xml
----------------- Instantiating /home/travis/build/icyphy/ptII/ptolemy/actor/lib/test/auto/DiscreteClock14.xml
3 ms. Memory: 898048K Free: 330948K (37%)
----------------- Invoking toplevel() on ptolemy.moml.MoMLSimpleApplication@17e9d8dd
----------------- Done invoking toplevel() on ptolemy.moml.MoMLSimpleApplication@17e9d8dd
reloadAllAccessors: .DiscreteClock14
----------------- testing Thu May 10 02:22:32 UTC 2018 /home/travis/build/icyphy/ptII/ptolemy/actor/lib/test/auto/DiscreteClock15.xml
----------------- Instantiating /home/travis/build/icyphy/ptII/ptolemy/actor/lib/test/auto/DiscreteClock15.xml
2 ms. Memory: 898048K Free: 323145K (36%)
----------------- Invoking toplevel() on ptolemy.moml.MoMLSimpleApplication@11f74807
----------------- Done invoking toplevel() on ptolemy.moml.MoMLSimpleApplication@11f74807
reloadAllAccessors: .DiscreteClock15
----------------- testing Thu May 10 02:22:32 UTC 2018 /home/travis/build/icyphy/ptII/ptolemy/actor/lib/test/auto/DiscreteClock16.xml
----------------- Instantiating /home/travis/build/icyphy/ptII/ptolemy/actor/lib/test/auto/DiscreteClock16.xml
14 ms. Memory: 898048K Free: 307523K (34%)
----------------- Invoking toplevel() on ptolemy.moml.MoMLSimpleApplication@6252ccc1
----------------- Done invoking toplevel() on ptolemy.moml.MoMLSimpleApplication@6252ccc1
reloadAllAccessors: .DiscreteClock16
----------------- testing Thu May 10 02:22:32 UTC 2018 /home/travis/build/icyphy/ptII/ptolemy/actor/lib/test/auto/DiscreteClock17.xml
----------------- Instantiating /home/travis/build/icyphy/ptII/ptolemy/actor/lib/test/auto/DiscreteClock17.xml
13 ms. Memory: 898048K Free: 284591K (32%)
----------------- Invoking toplevel() on ptolemy.moml.MoMLSimpleApplication@1549e90a
----------------- Done invoking toplevel() on ptolemy.moml.MoMLSimpleApplication@1549e90a
reloadAllAccessors: .DiscreteClock17
----------------- testing Thu May 10 02:22:32 UTC 2018 /home/travis/build/icyphy/ptII/ptolemy/actor/lib/test/auto/DiscreteClock18.xml
----------------- Instantiating /home/travis/build/icyphy/ptII/ptolemy/actor/lib/test/auto/DiscreteClock18.xml
19 ms. Memory: 898048K Free: 268969K (30%)
----------------- Invoking toplevel() on ptolemy.moml.MoMLSimpleApplication@b635e17
----------------- Done invoking toplevel() on ptolemy.moml.MoMLSimpleApplication@b635e17
reloadAllAccessors: .DiscreteClock18
----------------- testing Thu May 10 02:22:32 UTC 2018 /home/travis/build/icyphy/ptII/ptolemy/actor/lib/test/auto/DiscreteClock19.xml
----------------- Instantiating /home/travis/build/icyphy/ptII/ptolemy/actor/lib/test/auto/DiscreteClock19.xml
11 ms. Memory: 898048K Free: 253347K (28%)
----------------- Invoking toplevel() on ptolemy.moml.MoMLSimpleApplication@5da1b9d
----------------- Done invoking toplevel() on ptolemy.moml.MoMLSimpleApplication@5da1b9d
reloadAllAccessors: .DiscreteClock19
----------------- testing Thu May 10 02:22:32 UTC 2018 /home/travis/build/icyphy/ptII/ptolemy/actor/lib/test/auto/DiscreteClock2.xml
----------------- Instantiating /home/travis/build/icyphy/ptII/ptolemy/actor/lib/test/auto/DiscreteClock2.xml
6 ms. Memory: 898048K Free: 238234K (27%)
----------------- Invoking toplevel() on ptolemy.moml.MoMLSimpleApplication@3bc38831
----------------- Done invoking toplevel() on ptolemy.moml.MoMLSimpleApplication@3bc38831
reloadAllAccessors: .DiscreteClock2
----------------- testing Thu May 10 02:22:32 UTC 2018 /home/travis/build/icyphy/ptII/ptolemy/actor/lib/test/auto/DiscreteClock20.xml
----------------- Instantiating /home/travis/build/icyphy/ptII/ptolemy/actor/lib/test/auto/DiscreteClock20.xml
7 ms. Memory: 898048K Free: 230431K (26%)
----------------- Invoking toplevel() on ptolemy.moml.MoMLSimpleApplication@31ed006c
----------------- Done invoking toplevel() on ptolemy.moml.MoMLSimpleApplication@31ed006c
reloadAllAccessors: .DiscreteClock20
----------------- testing Thu May 10 02:22:32 UTC 2018 /home/travis/build/icyphy/ptII/ptolemy/actor/lib/test/auto/DiscreteClock21.xml
----------------- Instantiating /home/travis/build/icyphy/ptII/ptolemy/actor/lib/test/auto/DiscreteClock21.xml
5 ms. Memory: 898048K Free: 222628K (25%)
----------------- Invoking toplevel() on ptolemy.moml.MoMLSimpleApplication@79eb68ae
----------------- Done invoking toplevel() on ptolemy.moml.MoMLSimpleApplication@79eb68ae
reloadAllAccessors: .DiscreteClock21
----------------- testing Thu May 10 02:22:32 UTC 2018 /home/travis/build/icyphy/ptII/ptolemy/actor/lib/test/auto/DiscreteClock22.xml
----------------- Instantiating /home/travis/build/icyphy/ptII/ptolemy/actor/lib/test/auto/DiscreteClock22.xml
7 ms. Memory: 898048K Free: 207515K (23%)
----------------- Invoking toplevel() on ptolemy.moml.MoMLSimpleApplication@da7b620
----------------- Done invoking toplevel() on ptolemy.moml.MoMLSimpleApplication@da7b620
reloadAllAccessors: .DiscreteClock22
----------------- testing Thu May 10 02:22:32 UTC 2018 /home/travis/build/icyphy/ptII/ptolemy/actor/lib/test/auto/DiscreteClock23.xml
----------------- Instantiating /home/travis/build/icyphy/ptII/ptolemy/actor/lib/test/auto/DiscreteClock23.xml
10 ms. Memory: 898048K Free: 199713K (22%)
----------------- Invoking toplevel() on ptolemy.moml.MoMLSimpleApplication@48733b4d
----------------- Done invoking toplevel() on ptolemy.moml.MoMLSimpleApplication@48733b4d
reloadAllAccessors: .DiscreteClock23
----------------- testing Thu May 10 02:22:32 UTC 2018 /home/travis/build/icyphy/ptII/ptolemy/actor/lib/test/auto/DiscreteClock24.xml
----------------- Instantiating /home/travis/build/icyphy/ptII/ptolemy/actor/lib/test/auto/DiscreteClock24.xml
7 ms. Memory: 898048K Free: 191910K (21%)
----------------- Invoking toplevel() on ptolemy.moml.MoMLSimpleApplication@5ee71e91
----------------- Done invoking toplevel() on ptolemy.moml.MoMLSimpleApplication@5ee71e91
reloadAllAccessors: .DiscreteClock24
----------------- testing Thu May 10 02:22:32 UTC 2018 /home/travis/build/icyphy/ptII/ptolemy/actor/lib/test/auto/DiscreteClock4.xml
----------------- Instantiating /home/travis/build/icyphy/ptII/ptolemy/actor/lib/test/auto/DiscreteClock4.xml
4 ms. Memory: 898048K Free: 176797K (20%)
----------------- Invoking toplevel() on ptolemy.moml.MoMLSimpleApplication@23092999
----------------- Done invoking toplevel() on ptolemy.moml.MoMLSimpleApplication@23092999
reloadAllAccessors: .DiscreteClock4
----------------- testing Thu May 10 02:22:33 UTC 2018 /home/travis/build/icyphy/ptII/ptolemy/actor/lib/test/auto/DiscreteClock5.xml
----------------- Instantiating /home/travis/build/icyphy/ptII/ptolemy/actor/lib/test/auto/DiscreteClock5.xml
1 ms. Memory: 898048K Free: 168994K (19%)
----------------- Invoking toplevel() on ptolemy.moml.MoMLSimpleApplication@e7a1d50
----------------- Done invoking toplevel() on ptolemy.moml.MoMLSimpleApplication@e7a1d50
reloadAllAccessors: .DiscreteClock5
----------------- testing Thu May 10 02:22:33 UTC 2018 /home/travis/build/icyphy/ptII/ptolemy/actor/lib/test/auto/DiscreteClock6.xml
----------------- Instantiating /home/travis/build/icyphy/ptII/ptolemy/actor/lib/test/auto/DiscreteClock6.xml
2 ms. Memory: 898048K Free: 161191K (18%)
----------------- Invoking toplevel() on ptolemy.moml.MoMLSimpleApplication@6448bfe
----------------- Done invoking toplevel() on ptolemy.moml.MoMLSimpleApplication@6448bfe
reloadAllAccessors: .DiscreteClock6
----------------- testing Thu May 10 02:22:33 UTC 2018 /home/travis/build/icyphy/ptII/ptolemy/actor/lib/test/auto/DiscreteClock7.xml
----------------- Instantiating /home/travis/build/icyphy/ptII/ptolemy/actor/lib/test/auto/DiscreteClock7.xml
2 ms. Memory: 898048K Free: 146078K (16%)
----------------- Invoking toplevel() on ptolemy.moml.MoMLSimpleApplication@4f630561
----------------- Done invoking toplevel() on ptolemy.moml.MoMLSimpleApplication@4f630561
reloadAllAccessors: .DiscreteClock7
----------------- testing Thu May 10 02:22:33 UTC 2018 /home/travis/build/icyphy/ptII/ptolemy/actor/lib/test/auto/DiscreteClock8.xml
----------------- Instantiating /home/travis/build/icyphy/ptII/ptolemy/actor/lib/test/auto/DiscreteClock8.xml
5 ms. Memory: 898048K Free: 138275K (15%)
----------------- Invoking toplevel() on ptolemy.moml.MoMLSimpleApplication@1cec4306
----------------- Done invoking toplevel() on ptolemy.moml.MoMLSimpleApplication@1cec4306
reloadAllAccessors: .DiscreteClock8
----------------- testing Thu May 10 02:22:33 UTC 2018 /home/travis/build/icyphy/ptII/ptolemy/actor/lib/test/auto/DiscreteClock9.xml
----------------- Instantiating /home/travis/build/icyphy/ptII/ptolemy/actor/lib/test/auto/DiscreteClock9.xml
2 ms. Memory: 898048K Free: 130472K (15%)
----------------- Invoking toplevel() on ptolemy.moml.MoMLSimpleApplication@44ae3281
----------------- Done invoking toplevel() on ptolemy.moml.MoMLSimpleApplication@44ae3281
reloadAllAccessors: .DiscreteClock9
----------------- testing Thu May 10 02:22:33 UTC 2018 /home/travis/build/icyphy/ptII/ptolemy/actor/lib/test/auto/DisplayArray.xml
----------------- Instantiating /home/travis/build/icyphy/ptII/ptolemy/actor/lib/test/auto/DisplayArray.xml
1 ms. Memory: 898048K Free: 115359K (13%)
----------------- Invoking toplevel() on ptolemy.moml.MoMLSimpleApplication@6e4cd1df
----------------- Done invoking toplevel() on ptolemy.moml.MoMLSimpleApplication@6e4cd1df
reloadAllAccessors: .DisplayArray
----------------- testing Thu May 10 02:22:33 UTC 2018 /home/travis/build/icyphy/ptII/ptolemy/actor/lib/test/auto/Distributor.xml
----------------- Instantiating /home/travis/build/icyphy/ptII/ptolemy/actor/lib/test/auto/Distributor.xml
2 ms. Memory: 898048K Free: 107556K (12%)
----------------- Invoking toplevel() on ptolemy.moml.MoMLSimpleApplication@5b4d6e75
----------------- Done invoking toplevel() on ptolemy.moml.MoMLSimpleApplication@5b4d6e75
reloadAllAccessors: .Distributor
----------------- testing Thu May 10 02:22:33 UTC 2018 /home/travis/build/icyphy/ptII/ptolemy/actor/lib/test/auto/Distributor2.xml
----------------- Instantiating /home/travis/build/icyphy/ptII/ptolemy/actor/lib/test/auto/Distributor2.xml
2 ms. Memory: 898048K Free: 99753K (11%)
----------------- Invoking toplevel() on ptolemy.moml.MoMLSimpleApplication@21e80ec
----------------- Done invoking toplevel() on ptolemy.moml.MoMLSimpleApplication@21e80ec
reloadAllAccessors: .Distributor2
----------------- testing Thu May 10 02:22:33 UTC 2018 /home/travis/build/icyphy/ptII/ptolemy/actor/lib/test/auto/DownSample.xml
----------------- Instantiating /home/travis/build/icyphy/ptII/ptolemy/actor/lib/test/auto/DownSample.xml
1 ms. Memory: 898048K Free: 84641K (9%)
----------------- Invoking toplevel() on ptolemy.moml.MoMLSimpleApplication@11e29e91
----------------- Done invoking toplevel() on ptolemy.moml.MoMLSimpleApplication@11e29e91
reloadAllAccessors: .DownSample
----------------- testing Thu May 10 02:22:33 UTC 2018 /home/travis/build/icyphy/ptII/ptolemy/actor/lib/test/auto/ElectronicUnitBase1.xml
----------------- Instantiating /home/travis/build/icyphy/ptII/ptolemy/actor/lib/test/auto/ElectronicUnitBase1.xml
18 ms. Memory: 1004544K Free: 949539K (95%)
----------------- Invoking toplevel() on ptolemy.moml.MoMLSimpleApplication@13e18811
----------------- Done invoking toplevel() on ptolemy.moml.MoMLSimpleApplication@13e18811
reloadAllAccessors: .ElectronicUnitBase1
----------------- testing Thu May 10 02:22:33 UTC 2018 /home/travis/build/icyphy/ptII/ptolemy/actor/lib/test/auto/ElementsToArray.xml
----------------- Instantiating /home/travis/build/icyphy/ptII/ptolemy/actor/lib/test/auto/ElementsToArray.xml
3 ms. Memory: 1004544K Free: 933783K (93%)
----------------- Invoking toplevel() on ptolemy.moml.MoMLSimpleApplication@546f74d1
----------------- Done invoking toplevel() on ptolemy.moml.MoMLSimpleApplication@546f74d1
reloadAllAccessors: .ElementsToArray
----------------- testing Thu May 10 02:22:33 UTC 2018 /home/travis/build/icyphy/ptII/ptolemy/actor/lib/test/auto/Equals.xml
----------------- Instantiating /home/travis/build/icyphy/ptII/ptolemy/actor/lib/test/auto/Equals.xml
2 ms. Memory: 1004544K Free: 924736K (92%)
----------------- Invoking toplevel() on ptolemy.moml.MoMLSimpleApplication@2dfdf0de
----------------- Done invoking toplevel() on ptolemy.moml.MoMLSimpleApplication@2dfdf0de
reloadAllAccessors: .Equals
----------------- testing Thu May 10 02:22:33 UTC 2018 /home/travis/build/icyphy/ptII/ptolemy/actor/lib/test/auto/Exec.xml
----------------- Instantiating /home/travis/build/icyphy/ptII/ptolemy/actor/lib/test/auto/Exec.xml
10 ms. Memory: 1004544K Free: 894052K (89%)
----------------- Invoking toplevel() on ptolemy.moml.MoMLSimpleApplication@2fb79456
----------------- Done invoking toplevel() on ptolemy.moml.MoMLSimpleApplication@2fb79456
reloadAllAccessors: .Exec
----------------- testing Thu May 10 02:22:33 UTC 2018 /home/travis/build/icyphy/ptII/ptolemy/actor/lib/test/auto/ExecEnvironment.xml
----------------- Instantiating /home/travis/build/icyphy/ptII/ptolemy/actor/lib/test/auto/ExecEnvironment.xml
27 ms. Memory: 1004544K Free: 866911K (86%)
----------------- Invoking toplevel() on ptolemy.moml.MoMLSimpleApplication@2df589ef
----------------- Done invoking toplevel() on ptolemy.moml.MoMLSimpleApplication@2df589ef
reloadAllAccessors: .ExecEnvironment
----------------- testing Thu May 10 02:22:33 UTC 2018 /home/travis/build/icyphy/ptII/ptolemy/actor/lib/test/auto/ExecNonZeroReturnOutput.xml
----------------- Instantiating /home/travis/build/icyphy/ptII/ptolemy/actor/lib/test/auto/ExecNonZeroReturnOutput.xml
117 ms. Memory: 1004544K Free: 794517K (79%)
----------------- Invoking toplevel() on ptolemy.moml.MoMLSimpleApplication@3957f1dc
----------------- Done invoking toplevel() on ptolemy.moml.MoMLSimpleApplication@3957f1dc
reloadAllAccessors: .ExecNonZeroReturnOutput
----------------- testing Thu May 10 02:22:33 UTC 2018 /home/travis/build/icyphy/ptII/ptolemy/actor/lib/test/auto/ExecRunDemos.xml
----------------- Instantiating /home/travis/build/icyphy/ptII/ptolemy/actor/lib/test/auto/ExecRunDemos.xml
Finished: 41 ms. Memory: 116224K Free: 100789K (87%)

Finished: 33 ms. Memory: 116224K Free: 98307K (85%)

Finished: 39 ms. Memory: 116224K Free: 98342K (85%)

Finished: 36 ms. Memory: 116224K Free: 99536K (86%)

Finished: 46 ms. Memory: 116224K Free: 100823K (87%)

9138 ms. Memory: 1004544K Free: 719816K (72%)
----------------- Invoking toplevel() on ptolemy.moml.MoMLSimpleApplication@629122c8
----------------- Done invoking toplevel() on ptolemy.moml.MoMLSimpleApplication@629122c8
reloadAllAccessors: .ExecRunDemos
----------------- testing Thu May 10 02:22:42 UTC 2018 /home/travis/build/icyphy/ptII/ptolemy/actor/lib/test/auto/ExecStop.xml
----------------- Instantiating /home/travis/build/icyphy/ptII/ptolemy/actor/lib/test/auto/ExecStop.xml
5009 ms. Memory: 1004544K Free: 529826K (53%)
----------------- Invoking toplevel() on ptolemy.moml.MoMLSimpleApplication@14759795
----------------- Done invoking toplevel() on ptolemy.moml.MoMLSimpleApplication@14759795
reloadAllAccessors: .ExecStop
----------------- testing Thu May 10 02:22:47 UTC 2018 /home/travis/build/icyphy/ptII/ptolemy/actor/lib/test/auto/ExecutionTimePN.xml
----------------- Instantiating /home/travis/build/icyphy/ptII/ptolemy/actor/lib/test/auto/ExecutionTimePN.xml
2012 ms. Memory: 1004544K Free: 480035K (48%)
----------------- Invoking toplevel() on ptolemy.moml.MoMLSimpleApplication@4621b9da
----------------- Done invoking toplevel() on ptolemy.moml.MoMLSimpleApplication@4621b9da
reloadAllAccessors: .ExecutionTimePN
----------------- testing Thu May 10 02:22:49 UTC 2018 /home/travis/build/icyphy/ptII/ptolemy/actor/lib/test/auto/ExecutionTimeSDF.xml
----------------- Instantiating /home/travis/build/icyphy/ptII/ptolemy/actor/lib/test/auto/ExecutionTimeSDF.xml
6002 ms. Memory: 1004544K Free: 455208K (45%)
----------------- Invoking toplevel() on ptolemy.moml.MoMLSimpleApplication@7bb0298f
----------------- Done invoking toplevel() on ptolemy.moml.MoMLSimpleApplication@7bb0298f
reloadAllAccessors: .ExecutionTimeSDF
----------------- testing Thu May 10 02:22:55 UTC 2018 /home/travis/build/icyphy/ptII/ptolemy/actor/lib/test/auto/Expression1.xml
----------------- Instantiating /home/travis/build/icyphy/ptII/ptolemy/actor/lib/test/auto/Expression1.xml
2 ms. Memory: 1004544K Free: 446161K (44%)
----------------- Invoking toplevel() on ptolemy.moml.MoMLSimpleApplication@2136b0df
----------------- Done invoking toplevel() on ptolemy.moml.MoMLSimpleApplication@2136b0df
reloadAllAccessors: .Expression1
----------------- testing Thu May 10 02:22:55 UTC 2018 /home/travis/build/icyphy/ptII/ptolemy/actor/lib/test/auto/Expression10.xml
----------------- Instantiating /home/travis/build/icyphy/ptII/ptolemy/actor/lib/test/auto/Expression10.xml
6 ms. Memory: 1004544K Free: 437114K (44%)
----------------- Invoking toplevel() on ptolemy.moml.MoMLSimpleApplication@43cd68ad
----------------- Done invoking toplevel() on ptolemy.moml.MoMLSimpleApplication@43cd68ad
reloadAllAccessors: .Expression10
----------------- testing Thu May 10 02:22:55 UTC 2018 /home/travis/build/icyphy/ptII/ptolemy/actor/lib/test/auto/Expression11.xml
----------------- Instantiating /home/travis/build/icyphy/ptII/ptolemy/actor/lib/test/auto/Expression11.xml
3 ms. Memory: 1004544K Free: 421358K (42%)
----------------- Invoking toplevel() on ptolemy.moml.MoMLSimpleApplication@4ea16a86
----------------- Done invoking toplevel() on ptolemy.moml.MoMLSimpleApplication@4ea16a86
reloadAllAccessors: .Expression11
----------------- testing Thu May 10 02:22:55 UTC 2018 /home/travis/build/icyphy/ptII/ptolemy/actor/lib/test/auto/Expression12.xml
----------------- Instantiating /home/travis/build/icyphy/ptII/ptolemy/actor/lib/test/auto/Expression12.xml
5 ms. Memory: 1004544K Free: 412311K (41%)
----------------- Invoking toplevel() on ptolemy.moml.MoMLSimpleApplication@62bf71ec
----------------- Done invoking toplevel() on ptolemy.moml.MoMLSimpleApplication@62bf71ec
reloadAllAccessors: .Expression12
----------------- testing Thu May 10 02:22:55 UTC 2018 /home/travis/build/icyphy/ptII/ptolemy/actor/lib/test/auto/Expression13.xml
----------------- Instantiating /home/travis/build/icyphy/ptII/ptolemy/actor/lib/test/auto/Expression13.xml
3 ms. Memory: 1004544K Free: 403264K (40%)
----------------- Invoking toplevel() on ptolemy.moml.MoMLSimpleApplication@7c996f3c
----------------- Done invoking toplevel() on ptolemy.moml.MoMLSimpleApplication@7c996f3c
reloadAllAccessors: .Expression13
----------------- testing Thu May 10 02:22:55 UTC 2018 /home/travis/build/icyphy/ptII/ptolemy/actor/lib/test/auto/Expression14.xml
----------------- Instantiating /home/travis/build/icyphy/ptII/ptolemy/actor/lib/test/auto/Expression14.xml
6 ms. Memory: 1004544K Free: 387508K (39%)
----------------- Invoking toplevel() on ptolemy.moml.MoMLSimpleApplication@71d4ff7f
----------------- Done invoking toplevel() on ptolemy.moml.MoMLSimpleApplication@71d4ff7f
reloadAllAccessors: .Expression14
----------------- testing Thu May 10 02:22:55 UTC 2018 /home/travis/build/icyphy/ptII/ptolemy/actor/lib/test/auto/Expression15.xml
----------------- Instantiating /home/travis/build/icyphy/ptII/ptolemy/actor/lib/test/auto/Expression15.xml
1 ms. Memory: 1004544K Free: 378461K (38%)
----------------- Invoking toplevel() on ptolemy.moml.MoMLSimpleApplication@449bcc1d
----------------- Done invoking toplevel() on ptolemy.moml.MoMLSimpleApplication@449bcc1d
reloadAllAccessors: .Expression15
----------------- testing Thu May 10 02:22:55 UTC 2018 /home/travis/build/icyphy/ptII/ptolemy/actor/lib/test/auto/Expression16.xml
----------------- Instantiating /home/travis/build/icyphy/ptII/ptolemy/actor/lib/test/auto/Expression16.xml
3 ms. Memory: 1004544K Free: 369414K (37%)
----------------- Invoking toplevel() on ptolemy.moml.MoMLSimpleApplication@1ab26c49
----------------- Done invoking toplevel() on ptolemy.moml.MoMLSimpleApplication@1ab26c49
reloadAllAccessors: .Expression16
----------------- testing Thu May 10 02:22:55 UTC 2018 /home/travis/build/icyphy/ptII/ptolemy/actor/lib/test/auto/Expression17.xml
----------------- Instantiating /home/travis/build/icyphy/ptII/ptolemy/actor/lib/test/auto/Expression17.xml
3 ms. Memory: 1004544K Free: 353658K (35%)
----------------- Invoking toplevel() on ptolemy.moml.MoMLSimpleApplication@11aed2a6
----------------- Done invoking toplevel() on ptolemy.moml.MoMLSimpleApplication@11aed2a6
reloadAllAccessors: .Expression17
----------------- testing Thu May 10 02:22:55 UTC 2018 /home/travis/build/icyphy/ptII/ptolemy/actor/lib/test/auto/Expression18.xml
----------------- Instantiating /home/travis/build/icyphy/ptII/ptolemy/actor/lib/test/auto/Expression18.xml
2 ms. Memory: 1004544K Free: 344611K (34%)
----------------- Invoking toplevel() on ptolemy.moml.MoMLSimpleApplication@752d38fa
----------------- Done invoking toplevel() on ptolemy.moml.MoMLSimpleApplication@752d38fa
reloadAllAccessors: .Expression18
----------------- testing Thu May 10 02:22:55 UTC 2018 /home/travis/build/icyphy/ptII/ptolemy/actor/lib/test/auto/Expression2.xml
----------------- Instantiating /home/travis/build/icyphy/ptII/ptolemy/actor/lib/test/auto/Expression2.xml
2 ms. Memory: 1004544K Free: 335564K (33%)
----------------- Invoking toplevel() on ptolemy.moml.MoMLSimpleApplication@77e4884a
----------------- Done invoking toplevel() on ptolemy.moml.MoMLSimpleApplication@77e4884a
reloadAllAccessors: .Expression2
----------------- testing Thu May 10 02:22:55 UTC 2018 /home/travis/build/icyphy/ptII/ptolemy/actor/lib/test/auto/Expression3.xml
----------------- Instantiating /home/travis/build/icyphy/ptII/ptolemy/actor/lib/test/auto/Expression3.xml
4 ms. Memory: 1004544K Free: 319808K (32%)
----------------- Invoking toplevel() on ptolemy.moml.MoMLSimpleApplication@4f55224c
----------------- Done invoking toplevel() on ptolemy.moml.MoMLSimpleApplication@4f55224c
reloadAllAccessors: .Expression3
----------------- testing Thu May 10 02:22:55 UTC 2018 /home/travis/build/icyphy/ptII/ptolemy/actor/lib/test/auto/Expression4.xml
----------------- Instantiating /home/travis/build/icyphy/ptII/ptolemy/actor/lib/test/auto/Expression4.xml
3 ms. Memory: 1004544K Free: 306237K (30%)
----------------- Invoking toplevel() on ptolemy.moml.MoMLSimpleApplication@64415ed2
----------------- Done invoking toplevel() on ptolemy.moml.MoMLSimpleApplication@64415ed2
reloadAllAccessors: .Expression4
----------------- testing Thu May 10 02:22:56 UTC 2018 /home/travis/build/icyphy/ptII/ptolemy/actor/lib/test/auto/Expression5.xml
----------------- Instantiating /home/travis/build/icyphy/ptII/ptolemy/actor/lib/test/auto/Expression5.xml
5 ms. Memory: 1004544K Free: 297190K (30%)
----------------- Invoking toplevel() on ptolemy.moml.MoMLSimpleApplication@7565470e
----------------- Done invoking toplevel() on ptolemy.moml.MoMLSimpleApplication@7565470e
reloadAllAccessors: .Expression5
----------------- testing Thu May 10 02:22:56 UTC 2018 /home/travis/build/icyphy/ptII/ptolemy/actor/lib/test/auto/Expression6.xml
----------------- Instantiating /home/travis/build/icyphy/ptII/ptolemy/actor/lib/test/auto/Expression6.xml
2 ms. Memory: 1004544K Free: 281434K (28%)
----------------- Invoking toplevel() on ptolemy.moml.MoMLSimpleApplication@5e667ead
----------------- Done invoking toplevel() on ptolemy.moml.MoMLSimpleApplication@5e667ead
reloadAllAccessors: .Expression6
----------------- testing Thu May 10 02:22:56 UTC 2018 /home/travis/build/icyphy/ptII/ptolemy/actor/lib/test/auto/Expression7.xml
----------------- Instantiating /home/travis/build/icyphy/ptII/ptolemy/actor/lib/test/auto/Expression7.xml
4 ms. Memory: 1004544K Free: 272387K (27%)
----------------- Invoking toplevel() on ptolemy.moml.MoMLSimpleApplication@63ba89c
----------------- Done invoking toplevel() on ptolemy.moml.MoMLSimpleApplication@63ba89c
reloadAllAccessors: .Expression7
----------------- testing Thu May 10 02:22:56 UTC 2018 /home/travis/build/icyphy/ptII/ptolemy/actor/lib/test/auto/Expression8.xml
----------------- Instantiating /home/travis/build/icyphy/ptII/ptolemy/actor/lib/test/auto/Expression8.xml
7 ms. Memory: 1004544K Free: 263340K (26%)
----------------- Invoking toplevel() on ptolemy.moml.MoMLSimpleApplication@76399e4c
----------------- Done invoking toplevel() on ptolemy.moml.MoMLSimpleApplication@76399e4c
reloadAllAccessors: .Expression8
----------------- testing Thu May 10 02:22:56 UTC 2018 /home/travis/build/icyphy/ptII/ptolemy/actor/lib/test/auto/Expression9.xml
----------------- Instantiating /home/travis/build/icyphy/ptII/ptolemy/actor/lib/test/auto/Expression9.xml
1 ms. Memory: 1004544K Free: 247584K (25%)
----------------- Invoking toplevel() on ptolemy.moml.MoMLSimpleApplication@d72db94
----------------- Done invoking toplevel() on ptolemy.moml.MoMLSimpleApplication@d72db94
reloadAllAccessors: .Expression9
----------------- testing Thu May 10 02:22:56 UTC 2018 /home/travis/build/icyphy/ptII/ptolemy/actor/lib/test/auto/ExpressionConcatenateArrayType.xml
----------------- Instantiating /home/travis/build/icyphy/ptII/ptolemy/actor/lib/test/auto/ExpressionConcatenateArrayType.xml
3 ms. Memory: 1004544K Free: 234006K (23%)
----------------- Invoking toplevel() on ptolemy.moml.MoMLSimpleApplication@7c127a11
----------------- Done invoking toplevel() on ptolemy.moml.MoMLSimpleApplication@7c127a11
reloadAllAccessors: .ExpressionConcatenateArrayType
----------------- testing Thu May 10 02:22:56 UTC 2018 /home/travis/build/icyphy/ptII/ptolemy/actor/lib/test/auto/ExpressionConcatenateArrayType2.xml
----------------- Instantiating /home/travis/build/icyphy/ptII/ptolemy/actor/lib/test/auto/ExpressionConcatenateArrayType2.xml
2 ms. Memory: 1004544K Free: 220427K (22%)
----------------- Invoking toplevel() on ptolemy.moml.MoMLSimpleApplication@a19d823
----------------- Done invoking toplevel() on ptolemy.moml.MoMLSimpleApplication@a19d823
reloadAllAccessors: .ExpressionConcatenateArrayType2
----------------- testing Thu May 10 02:22:56 UTC 2018 /home/travis/build/icyphy/ptII/ptolemy/actor/lib/test/auto/ExpressionFix.xml
----------------- Instantiating /home/travis/build/icyphy/ptII/ptolemy/actor/lib/test/auto/ExpressionFix.xml
12 ms. Memory: 1004544K Free: 204671K (20%)
----------------- Invoking toplevel() on ptolemy.moml.MoMLSimpleApplication@215caed5
----------------- Done invoking toplevel() on ptolemy.moml.MoMLSimpleApplication@215caed5
reloadAllAccessors: .ExpressionFix
----------------- testing Thu May 10 02:22:56 UTC 2018 /home/travis/build/icyphy/ptII/ptolemy/actor/lib/test/auto/ExpressionFix2.xml
----------------- Instantiating /home/travis/build/icyphy/ptII/ptolemy/actor/lib/test/auto/ExpressionFix2.xml
5 ms. Memory: 1004544K Free: 195624K (19%)
----------------- Invoking toplevel() on ptolemy.moml.MoMLSimpleApplication@4724b85d
----------------- Done invoking toplevel() on ptolemy.moml.MoMLSimpleApplication@4724b85d
reloadAllAccessors: .ExpressionFix2
----------------- testing Thu May 10 02:22:56 UTC 2018 /home/travis/build/icyphy/ptII/ptolemy/actor/lib/test/auto/ExpressionFix3.xml
----------------- Instantiating /home/travis/build/icyphy/ptII/ptolemy/actor/lib/test/auto/ExpressionFix3.xml
3 ms. Memory: 1004544K Free: 180696K (18%)
----------------- Invoking toplevel() on ptolemy.moml.MoMLSimpleApplication@69e46230
----------------- Done invoking toplevel() on ptolemy.moml.MoMLSimpleApplication@69e46230
reloadAllAccessors: .ExpressionFix3
----------------- testing Thu May 10 02:22:56 UTC 2018 /home/travis/build/icyphy/ptII/ptolemy/actor/lib/test/auto/FileWriter1.xml
----------------- Instantiating /home/travis/build/icyphy/ptII/ptolemy/actor/lib/test/auto/FileWriter1.xml
2 ms. Memory: 1004544K Free: 164941K (16%)
----------------- Invoking toplevel() on ptolemy.moml.MoMLSimpleApplication@189d0658
----------------- Done invoking toplevel() on ptolemy.moml.MoMLSimpleApplication@189d0658
reloadAllAccessors: .FileWriter1
----------------- testing Thu May 10 02:22:56 UTC 2018 /home/travis/build/icyphy/ptII/ptolemy/actor/lib/test/auto/FileWriter2.xml
----------------- Instantiating /home/travis/build/icyphy/ptII/ptolemy/actor/lib/test/auto/FileWriter2.xml
5 ms. Memory: 1004544K Free: 155893K (16%)
----------------- Invoking toplevel() on ptolemy.moml.MoMLSimpleApplication@304214f6
----------------- Done invoking toplevel() on ptolemy.moml.MoMLSimpleApplication@304214f6
reloadAllAccessors: .FileWriter2
----------------- testing Thu May 10 02:22:56 UTC 2018 /home/travis/build/icyphy/ptII/ptolemy/actor/lib/test/auto/FileWriter3.xml
----------------- Instantiating /home/travis/build/icyphy/ptII/ptolemy/actor/lib/test/auto/FileWriter3.xml
6 ms. Memory: 1004544K Free: 146846K (15%)
----------------- Invoking toplevel() on ptolemy.moml.MoMLSimpleApplication@33de2567
----------------- Done invoking toplevel() on ptolemy.moml.MoMLSimpleApplication@33de2567
reloadAllAccessors: .FileWriter3
----------------- testing Thu May 10 02:22:56 UTC 2018 /home/travis/build/icyphy/ptII/ptolemy/actor/lib/test/auto/Gaussian.xml
----------------- Instantiating /home/travis/build/icyphy/ptII/ptolemy/actor/lib/test/auto/Gaussian.xml
3 ms. Memory: 1004544K Free: 131091K (13%)
----------------- Invoking toplevel() on ptolemy.moml.MoMLSimpleApplication@240423c3
----------------- Done invoking toplevel() on ptolemy.moml.MoMLSimpleApplication@240423c3
reloadAllAccessors: .Gaussian
----------------- testing Thu May 10 02:22:56 UTC 2018 /home/travis/build/icyphy/ptII/ptolemy/actor/lib/test/auto/Gaussian1.xml
----------------- Instantiating /home/travis/build/icyphy/ptII/ptolemy/actor/lib/test/auto/Gaussian1.xml
2 ms. Memory: 1004544K Free: 122043K (12%)
----------------- Invoking toplevel() on ptolemy.moml.MoMLSimpleApplication@6eacf736
----------------- Done invoking toplevel() on ptolemy.moml.MoMLSimpleApplication@6eacf736
reloadAllAccessors: .Gaussian1
----------------- testing Thu May 10 02:22:56 UTC 2018 /home/travis/build/icyphy/ptII/ptolemy/actor/lib/test/auto/Gaussian2.xml
----------------- Instantiating /home/travis/build/icyphy/ptII/ptolemy/actor/lib/test/auto/Gaussian2.xml
2 ms. Memory: 1004544K Free: 112996K (11%)
----------------- Invoking toplevel() on ptolemy.moml.MoMLSimpleApplication@49c441cb
----------------- Done invoking toplevel() on ptolemy.moml.MoMLSimpleApplication@49c441cb
reloadAllAccessors: .Gaussian2
----------------- testing Thu May 10 02:22:56 UTC 2018 /home/travis/build/icyphy/ptII/ptolemy/actor/lib/test/auto/GradientAdaptiveLattice.xml
----------------- Instantiating /home/travis/build/icyphy/ptII/ptolemy/actor/lib/test/auto/GradientAdaptiveLattice.xml
2 ms. Memory: 1004544K Free: 97240K (10%)
----------------- Invoking toplevel() on ptolemy.moml.MoMLSimpleApplication@4a9e63b6
----------------- Done invoking toplevel() on ptolemy.moml.MoMLSimpleApplication@4a9e63b6
reloadAllAccessors: .GradientAdaptiveLattice
----------------- testing Thu May 10 02:22:56 UTC 2018 /home/travis/build/icyphy/ptII/ptolemy/actor/lib/test/auto/IIR.xml
----------------- Instantiating /home/travis/build/icyphy/ptII/ptolemy/actor/lib/test/auto/IIR.xml
1 ms. Memory: 1004544K Free: 88193K (9%)
----------------- Invoking toplevel() on ptolemy.moml.MoMLSimpleApplication@876bc7a
----------------- Done invoking toplevel() on ptolemy.moml.MoMLSimpleApplication@876bc7a
reloadAllAccessors: .IIR
----------------- testing Thu May 10 02:22:56 UTC 2018 /home/travis/build/icyphy/ptII/ptolemy/actor/lib/test/auto/InputOutputTransparentPorts.xml
----------------- Instantiating /home/travis/build/icyphy/ptII/ptolemy/actor/lib/test/auto/InputOutputTransparentPorts.xml
2 ms. Memory: 1004544K Free: 74615K (7%)
----------------- Invoking toplevel() on ptolemy.moml.MoMLSimpleApplication@11e5e0d0
----------------- Done invoking toplevel() on ptolemy.moml.MoMLSimpleApplication@11e5e0d0
reloadAllAccessors: .InputOutputTransparentPorts
----------------- testing Thu May 10 02:22:56 UTC 2018 /home/travis/build/icyphy/ptII/ptolemy/actor/lib/test/auto/Interpolator.xml
----------------- Instantiating /home/travis/build/icyphy/ptII/ptolemy/actor/lib/test/auto/Interpolator.xml
3 ms. Memory: 1004544K Free: 61042K (6%)
----------------- Invoking toplevel() on ptolemy.moml.MoMLSimpleApplication@349a6e1d
----------------- Done invoking toplevel() on ptolemy.moml.MoMLSimpleApplication@349a6e1d
reloadAllAccessors: .Interpolator
----------------- testing Thu May 10 02:22:56 UTC 2018 /home/travis/build/icyphy/ptII/ptolemy/actor/lib/test/auto/InterpolatorFiringLimitDE.xml
----------------- Instantiating /home/travis/build/icyphy/ptII/ptolemy/actor/lib/test/auto/InterpolatorFiringLimitDE.xml
1 ms. Memory: 1028096K Free: 980352K (95%)
----------------- Invoking toplevel() on ptolemy.moml.MoMLSimpleApplication@7c28a961
----------------- Done invoking toplevel() on ptolemy.moml.MoMLSimpleApplication@7c28a961
reloadAllAccessors: .InterpolatorFiringLimitDE
----------------- testing Thu May 10 02:22:56 UTC 2018 /home/travis/build/icyphy/ptII/ptolemy/actor/lib/test/auto/Lattice.xml
----------------- Instantiating /home/travis/build/icyphy/ptII/ptolemy/actor/lib/test/auto/Lattice.xml
1 ms. Memory: 1028096K Free: 966190K (94%)
----------------- Invoking toplevel() on ptolemy.moml.MoMLSimpleApplication@72276786
----------------- Done invoking toplevel() on ptolemy.moml.MoMLSimpleApplication@72276786
reloadAllAccessors: .Lattice
----------------- testing Thu May 10 02:22:56 UTC 2018 /home/travis/build/icyphy/ptII/ptolemy/actor/lib/test/auto/LazyAOCTestLazy.xml
----------------- Instantiating /home/travis/build/icyphy/ptII/ptolemy/actor/lib/test/auto/LazyAOCTestLazy.xml
6 ms. Memory: 1028096K Free: 957091K (93%)
----------------- Invoking toplevel() on ptolemy.moml.MoMLSimpleApplication@4b6b2e91
----------------- Done invoking toplevel() on ptolemy.moml.MoMLSimpleApplication@4b6b2e91
reloadAllAccessors: .LazyAOCTestLazy
----------------- testing Thu May 10 02:22:56 UTC 2018 /home/travis/build/icyphy/ptII/ptolemy/actor/lib/test/auto/LazyAOCTestNonLazy.xml
----------------- Instantiating /home/travis/build/icyphy/ptII/ptolemy/actor/lib/test/auto/LazyAOCTestNonLazy.xml
6 ms. Memory: 1028096K Free: 938364K (91%)
----------------- Invoking toplevel() on ptolemy.moml.MoMLSimpleApplication@bded445
----------------- Done invoking toplevel() on ptolemy.moml.MoMLSimpleApplication@bded445
reloadAllAccessors: .LazyAOCTestNonLazy
----------------- testing Thu May 10 02:22:56 UTC 2018 /home/travis/build/icyphy/ptII/ptolemy/actor/lib/test/auto/LazyInnerClass.xml
----------------- Instantiating /home/travis/build/icyphy/ptII/ptolemy/actor/lib/test/auto/LazyInnerClass.xml
28 ms. Memory: 1028096K Free: 924701K (90%)
----------------- Invoking toplevel() on ptolemy.moml.MoMLSimpleApplication@75f4c66d
----------------- Done invoking toplevel() on ptolemy.moml.MoMLSimpleApplication@75f4c66d
reloadAllAccessors: .LazyInnerClass
----------------- testing Thu May 10 02:22:56 UTC 2018 /home/travis/build/icyphy/ptII/ptolemy/actor/lib/test/auto/LazyPubSub.xml
----------------- Instantiating /home/travis/build/icyphy/ptII/ptolemy/actor/lib/test/auto/LazyPubSub.xml
14 ms. Memory: 1028096K Free: 905990K (88%)
----------------- Invoking toplevel() on ptolemy.moml.MoMLSimpleApplication@609ba6
----------------- Done invoking toplevel() on ptolemy.moml.MoMLSimpleApplication@609ba6
reloadAllAccessors: .LazyPubSub
----------------- testing Thu May 10 02:22:56 UTC 2018 /home/travis/build/icyphy/ptII/ptolemy/actor/lib/test/auto/LazyPubSub2.xml
----------------- Instantiating /home/travis/build/icyphy/ptII/ptolemy/actor/lib/test/auto/LazyPubSub2.xml
16 ms. Memory: 1028096K Free: 892326K (87%)
----------------- Invoking toplevel() on ptolemy.moml.MoMLSimpleApplication@5fbbf19a
----------------- Done invoking toplevel() on ptolemy.moml.MoMLSimpleApplication@5fbbf19a
reloadAllAccessors: .LazyPubSub2
----------------- testing Thu May 10 02:22:56 UTC 2018 /home/travis/build/icyphy/ptII/ptolemy/actor/lib/test/auto/LazyPubSub3.xml
----------------- Instantiating /home/travis/build/icyphy/ptII/ptolemy/actor/lib/test/auto/LazyPubSub3.xml
10 ms. Memory: 1028096K Free: 873519K (85%)
----------------- Invoking toplevel() on ptolemy.moml.MoMLSimpleApplication@2a2a3bdb
----------------- Done invoking toplevel() on ptolemy.moml.MoMLSimpleApplication@2a2a3bdb
reloadAllAccessors: .LazyPubSub3
----------------- testing Thu May 10 02:22:56 UTC 2018 /home/travis/build/icyphy/ptII/ptolemy/actor/lib/test/auto/LazySubClassModel.xml
----------------- Instantiating /home/travis/build/icyphy/ptII/ptolemy/actor/lib/test/auto/LazySubClassModel.xml
1 ms. Memory: 1028096K Free: 859856K (84%)
----------------- Invoking toplevel() on ptolemy.moml.MoMLSimpleApplication@b41118c
----------------- Done invoking toplevel() on ptolemy.moml.MoMLSimpleApplication@b41118c
reloadAllAccessors: .LazySubClassModel
----------------- testing Thu May 10 02:22:56 UTC 2018 /home/travis/build/icyphy/ptII/ptolemy/actor/lib/test/auto/LevelCrossTest1.xml
----------------- Instantiating /home/travis/build/icyphy/ptII/ptolemy/actor/lib/test/auto/LevelCrossTest1.xml
1 ms. Memory: 1028096K Free: 845693K (82%)
----------------- Invoking toplevel() on ptolemy.moml.MoMLSimpleApplication@54caeecd
----------------- Done invoking toplevel() on ptolemy.moml.MoMLSimpleApplication@54caeecd
reloadAllAccessors: .broken
----------------- testing Thu May 10 02:22:56 UTC 2018 /home/travis/build/icyphy/ptII/ptolemy/actor/lib/test/auto/LevelCrossTest10.xml
----------------- Instantiating /home/travis/build/icyphy/ptII/ptolemy/actor/lib/test/auto/LevelCrossTest10.xml
1 ms. Memory: 1028096K Free: 832030K (81%)
----------------- Invoking toplevel() on ptolemy.moml.MoMLSimpleApplication@6eb16644
----------------- Done invoking toplevel() on ptolemy.moml.MoMLSimpleApplication@6eb16644
reloadAllAccessors: .LevelCrossTest10
----------------- testing Thu May 10 02:22:56 UTC 2018 /home/travis/build/icyphy/ptII/ptolemy/actor/lib/test/auto/LevelCrossTest11.xml
----------------- Instantiating /home/travis/build/icyphy/ptII/ptolemy/actor/lib/test/auto/LevelCrossTest11.xml
1 ms. Memory: 1028096K Free: 813303K (79%)
----------------- Invoking toplevel() on ptolemy.moml.MoMLSimpleApplication@3285bcd6
----------------- Done invoking toplevel() on ptolemy.moml.MoMLSimpleApplication@3285bcd6
reloadAllAccessors: .LevelCrossTest11
----------------- testing Thu May 10 02:22:56 UTC 2018 /home/travis/build/icyphy/ptII/ptolemy/actor/lib/test/auto/LevelCrossTest12.xml
----------------- Instantiating /home/travis/build/icyphy/ptII/ptolemy/actor/lib/test/auto/LevelCrossTest12.xml
1 ms. Memory: 1028096K Free: 799655K (78%)
----------------- Invoking toplevel() on ptolemy.moml.MoMLSimpleApplication@3e77b7a2
----------------- Done invoking toplevel() on ptolemy.moml.MoMLSimpleApplication@3e77b7a2
reloadAllAccessors: .LevelCrossTest12
----------------- testing Thu May 10 02:22:56 UTC 2018 /home/travis/build/icyphy/ptII/ptolemy/actor/lib/test/auto/LevelCrossTest13.xml
----------------- Instantiating /home/travis/build/icyphy/ptII/ptolemy/actor/lib/test/auto/LevelCrossTest13.xml
1 ms. Memory: 1028096K Free: 786008K (76%)
----------------- Invoking toplevel() on ptolemy.moml.MoMLSimpleApplication@7460657b
----------------- Done invoking toplevel() on ptolemy.moml.MoMLSimpleApplication@7460657b
reloadAllAccessors: .LevelCrossTest13
----------------- testing Thu May 10 02:22:56 UTC 2018 /home/travis/build/icyphy/ptII/ptolemy/actor/lib/test/auto/LevelCrossTest2.xml
----------------- Instantiating /home/travis/build/icyphy/ptII/ptolemy/actor/lib/test/auto/LevelCrossTest2.xml
1 ms. Memory: 1028096K Free: 771846K (75%)
----------------- Invoking toplevel() on ptolemy.moml.MoMLSimpleApplication@77733736
----------------- Done invoking toplevel() on ptolemy.moml.MoMLSimpleApplication@77733736
reloadAllAccessors: .broken
----------------- testing Thu May 10 02:22:56 UTC 2018 /home/travis/build/icyphy/ptII/ptolemy/actor/lib/test/auto/LevelCrossTest3.xml
----------------- Instantiating /home/travis/build/icyphy/ptII/ptolemy/actor/lib/test/auto/LevelCrossTest3.xml
2 ms. Memory: 1028096K Free: 758182K (74%)
----------------- Invoking toplevel() on ptolemy.moml.MoMLSimpleApplication@34170181
----------------- Done invoking toplevel() on ptolemy.moml.MoMLSimpleApplication@34170181
reloadAllAccessors: .LevelCrossTest3
----------------- testing Thu May 10 02:22:56 UTC 2018 /home/travis/build/icyphy/ptII/ptolemy/actor/lib/test/auto/LevelCrossTest4.xml
----------------- Instantiating /home/travis/build/icyphy/ptII/ptolemy/actor/lib/test/auto/LevelCrossTest4.xml
2 ms. Memory: 1028096K Free: 744021K (72%)
----------------- Invoking toplevel() on ptolemy.moml.MoMLSimpleApplication@6298b9d6
----------------- Done invoking toplevel() on ptolemy.moml.MoMLSimpleApplication@6298b9d6
reloadAllAccessors: .broken
----------------- testing Thu May 10 02:22:56 UTC 2018 /home/travis/build/icyphy/ptII/ptolemy/actor/lib/test/auto/LevelCrossTest5.xml
----------------- Instantiating /home/travis/build/icyphy/ptII/ptolemy/actor/lib/test/auto/LevelCrossTest5.xml
1 ms. Memory: 1028096K Free: 730373K (71%)
----------------- Invoking toplevel() on ptolemy.moml.MoMLSimpleApplication@47811159
----------------- Done invoking toplevel() on ptolemy.moml.MoMLSimpleApplication@47811159
reloadAllAccessors: .LevelCrossTest5
----------------- testing Thu May 10 02:22:56 UTC 2018 /home/travis/build/icyphy/ptII/ptolemy/actor/lib/test/auto/LevelCrossTest6.xml
----------------- Instantiating /home/travis/build/icyphy/ptII/ptolemy/actor/lib/test/auto/LevelCrossTest6.xml
1 ms. Memory: 1028096K Free: 711646K (69%)
----------------- Invoking toplevel() on ptolemy.moml.MoMLSimpleApplication@505f28f0
----------------- Done invoking toplevel() on ptolemy.moml.MoMLSimpleApplication@505f28f0
reloadAllAccessors: .LevelCrossTest6
----------------- testing Thu May 10 02:22:56 UTC 2018 /home/travis/build/icyphy/ptII/ptolemy/actor/lib/test/auto/LevelCrossTest7.xml
----------------- Instantiating /home/travis/build/icyphy/ptII/ptolemy/actor/lib/test/auto/LevelCrossTest7.xml
1 ms. Memory: 1028096K Free: 697990K (68%)
----------------- Invoking toplevel() on ptolemy.moml.MoMLSimpleApplication@7d6be3a1
----------------- Done invoking toplevel() on ptolemy.moml.MoMLSimpleApplication@7d6be3a1
reloadAllAccessors: .LevelCrossTest7
----------------- testing Thu May 10 02:22:56 UTC 2018 /home/travis/build/icyphy/ptII/ptolemy/actor/lib/test/auto/LevelCrossTest8.xml
----------------- Instantiating /home/travis/build/icyphy/ptII/ptolemy/actor/lib/test/auto/LevelCrossTest8.xml
1 ms. Memory: 1028096K Free: 679263K (66%)
----------------- Invoking toplevel() on ptolemy.moml.MoMLSimpleApplication@5889bf6
----------------- Done invoking toplevel() on ptolemy.moml.MoMLSimpleApplication@5889bf6
reloadAllAccessors: .LevelCrossTest8
----------------- testing Thu May 10 02:22:56 UTC 2018 /home/travis/build/icyphy/ptII/ptolemy/actor/lib/test/auto/LevelCrossTest9.xml
----------------- Instantiating /home/travis/build/icyphy/ptII/ptolemy/actor/lib/test/auto/LevelCrossTest9.xml
1 ms. Memory: 1028096K Free: 665616K (65%)
----------------- Invoking toplevel() on ptolemy.moml.MoMLSimpleApplication@58bac9b7
----------------- Done invoking toplevel() on ptolemy.moml.MoMLSimpleApplication@58bac9b7
reloadAllAccessors: .LevelCrossTest9
----------------- testing Thu May 10 02:22:56 UTC 2018 /home/travis/build/icyphy/ptII/ptolemy/actor/lib/test/auto/LevinsonDurbin.xml
----------------- Instantiating /home/travis/build/icyphy/ptII/ptolemy/actor/lib/test/auto/LevinsonDurbin.xml
1 ms. Memory: 1028096K Free: 651454K (63%)
----------------- Invoking toplevel() on ptolemy.moml.MoMLSimpleApplication@760683ef
----------------- Done invoking toplevel() on ptolemy.moml.MoMLSimpleApplication@760683ef
reloadAllAccessors: .LevinsonDurbin
----------------- testing Thu May 10 02:22:56 UTC 2018 /home/travis/build/icyphy/ptII/ptolemy/actor/lib/test/auto/LevinsonDurbin2.xml
----------------- Instantiating /home/travis/build/icyphy/ptII/ptolemy/actor/lib/test/auto/LevinsonDurbin2.xml
1 ms. Memory: 1028096K Free: 642355K (62%)
----------------- Invoking toplevel() on ptolemy.moml.MoMLSimpleApplication@5fdfed2b
----------------- Done invoking toplevel() on ptolemy.moml.MoMLSimpleApplication@5fdfed2b
reloadAllAccessors: .LevinsonDurbin2
----------------- testing Thu May 10 02:22:56 UTC 2018 /home/travis/build/icyphy/ptII/ptolemy/actor/lib/test/auto/LevinsonDurbin3.xml
----------------- Instantiating /home/travis/build/icyphy/ptII/ptolemy/actor/lib/test/auto/LevinsonDurbin3.xml
1 ms. Memory: 1028096K Free: 633257K (62%)
----------------- Invoking toplevel() on ptolemy.moml.MoMLSimpleApplication@62a974db
----------------- Done invoking toplevel() on ptolemy.moml.MoMLSimpleApplication@62a974db
reloadAllAccessors: .LevinsonDurbin3
----------------- testing Thu May 10 02:22:56 UTC 2018 /home/travis/build/icyphy/ptII/ptolemy/actor/lib/test/auto/Limiter.xml
----------------- Instantiating /home/travis/build/icyphy/ptII/ptolemy/actor/lib/test/auto/Limiter.xml
4 ms. Memory: 1028096K Free: 614530K (60%)
----------------- Invoking toplevel() on ptolemy.moml.MoMLSimpleApplication@3fbe98b7
----------------- Done invoking toplevel() on ptolemy.moml.MoMLSimpleApplication@3fbe98b7
reloadAllAccessors: .Limiter
----------------- testing Thu May 10 02:22:56 UTC 2018 /home/travis/build/icyphy/ptII/ptolemy/actor/lib/test/auto/LinearDifferenceEquationSystem.xml
----------------- Instantiating /home/travis/build/icyphy/ptII/ptolemy/actor/lib/test/auto/LinearDifferenceEquationSystem.xml
3 ms. Memory: 1028096K Free: 600866K (58%)
----------------- Invoking toplevel() on ptolemy.moml.MoMLSimpleApplication@6f17deac
----------------- Done invoking toplevel() on ptolemy.moml.MoMLSimpleApplication@6f17deac
reloadAllAccessors: .LinearDifferenceEquationSystem
----------------- testing Thu May 10 02:22:57 UTC 2018 /home/travis/build/icyphy/ptII/ptolemy/actor/lib/test/auto/LookupTable.xml
----------------- Instantiating /home/travis/build/icyphy/ptII/ptolemy/actor/lib/test/auto/LookupTable.xml
1 ms. Memory: 1028096K Free: 586704K (57%)
----------------- Invoking toplevel() on ptolemy.moml.MoMLSimpleApplication@dea7461
----------------- Done invoking toplevel() on ptolemy.moml.MoMLSimpleApplication@dea7461
reloadAllAccessors: .LookupTable
----------------- testing Thu May 10 02:22:57 UTC 2018 /home/travis/build/icyphy/ptII/ptolemy/actor/lib/test/auto/MathFunction.xml
----------------- Instantiating /home/travis/build/icyphy/ptII/ptolemy/actor/lib/test/auto/MathFunction.xml
1 ms. Memory: 1028096K Free: 573041K (56%)
----------------- Invoking toplevel() on ptolemy.moml.MoMLSimpleApplication@21cf57bf
----------------- Done invoking toplevel() on ptolemy.moml.MoMLSimpleApplication@21cf57bf
reloadAllAccessors: .MathFunction
----------------- testing Thu May 10 02:22:57 UTC 2018 /home/travis/build/icyphy/ptII/ptolemy/actor/lib/test/auto/MathFunction2.xml
----------------- Instantiating /home/travis/build/icyphy/ptII/ptolemy/actor/lib/test/auto/MathFunction2.xml
1 ms. Memory: 1028096K Free: 558879K (54%)
----------------- Invoking toplevel() on ptolemy.moml.MoMLSimpleApplication@36e2afc5
----------------- Done invoking toplevel() on ptolemy.moml.MoMLSimpleApplication@36e2afc5
reloadAllAccessors: .MathFunction2
----------------- testing Thu May 10 02:22:57 UTC 2018 /home/travis/build/icyphy/ptII/ptolemy/actor/lib/test/auto/MathFunction3.xml
----------------- Instantiating /home/travis/build/icyphy/ptII/ptolemy/actor/lib/test/auto/MathFunction3.xml
2 ms. Memory: 1028096K Free: 545223K (53%)
----------------- Invoking toplevel() on ptolemy.moml.MoMLSimpleApplication@3999f228
----------------- Done invoking toplevel() on ptolemy.moml.MoMLSimpleApplication@3999f228
reloadAllAccessors: .MathFunction3
----------------- testing Thu May 10 02:22:57 UTC 2018 /home/travis/build/icyphy/ptII/ptolemy/actor/lib/test/auto/MatrixCropBoolean.xml
----------------- Instantiating /home/travis/build/icyphy/ptII/ptolemy/actor/lib/test/auto/MatrixCropBoolean.xml
1 ms. Memory: 1028096K Free: 531061K (52%)
----------------- Invoking toplevel() on ptolemy.moml.MoMLSimpleApplication@4c24deff
----------------- Done invoking toplevel() on ptolemy.moml.MoMLSimpleApplication@4c24deff
reloadAllAccessors: .MatrixCropBoolean
----------------- testing Thu May 10 02:22:57 UTC 2018 /home/travis/build/icyphy/ptII/ptolemy/actor/lib/test/auto/MatrixCropComplex.xml
----------------- Instantiating /home/travis/build/icyphy/ptII/ptolemy/actor/lib/test/auto/MatrixCropComplex.xml
1 ms. Memory: 1028096K Free: 521963K (51%)
----------------- Invoking toplevel() on ptolemy.moml.MoMLSimpleApplication@38cc84c4
----------------- Done invoking toplevel() on ptolemy.moml.MoMLSimpleApplication@38cc84c4
reloadAllAccessors: .MatrixCropComplex
----------------- testing Thu May 10 02:22:57 UTC 2018 /home/travis/build/icyphy/ptII/ptolemy/actor/lib/test/auto/MatrixCropDouble.xml
----------------- Instantiating /home/travis/build/icyphy/ptII/ptolemy/actor/lib/test/auto/MatrixCropDouble.xml
2 ms. Memory: 1028096K Free: 507801K (49%)
----------------- Invoking toplevel() on ptolemy.moml.MoMLSimpleApplication@23da38ba
----------------- Done invoking toplevel() on ptolemy.moml.MoMLSimpleApplication@23da38ba
reloadAllAccessors: .MatrixCropDouble
----------------- testing Thu May 10 02:22:57 UTC 2018 /home/travis/build/icyphy/ptII/ptolemy/actor/lib/test/auto/MatrixCropFix.xml
----------------- Instantiating /home/travis/build/icyphy/ptII/ptolemy/actor/lib/test/auto/MatrixCropFix.xml
1 ms. Memory: 1028096K Free: 498703K (49%)
----------------- Invoking toplevel() on ptolemy.moml.MoMLSimpleApplication@51a4d9be
----------------- Done invoking toplevel() on ptolemy.moml.MoMLSimpleApplication@51a4d9be
reloadAllAccessors: .MatrixCropFix
----------------- testing Thu May 10 02:22:57 UTC 2018 /home/travis/build/icyphy/ptII/ptolemy/actor/lib/test/auto/MatrixCropInt.xml
----------------- Instantiating /home/travis/build/icyphy/ptII/ptolemy/actor/lib/test/auto/MatrixCropInt.xml
1 ms. Memory: 1028096K Free: 484541K (47%)
----------------- Invoking toplevel() on ptolemy.moml.MoMLSimpleApplication@3eb7e44b
----------------- Done invoking toplevel() on ptolemy.moml.MoMLSimpleApplication@3eb7e44b
reloadAllAccessors: .MatrixCropInt
----------------- testing Thu May 10 02:22:57 UTC 2018 /home/travis/build/icyphy/ptII/ptolemy/actor/lib/test/auto/MatrixCropLong.xml
----------------- Instantiating /home/travis/build/icyphy/ptII/ptolemy/actor/lib/test/auto/MatrixCropLong.xml
2 ms. Memory: 1028096K Free: 475443K (46%)
----------------- Invoking toplevel() on ptolemy.moml.MoMLSimpleApplication@22293083
----------------- Done invoking toplevel() on ptolemy.moml.MoMLSimpleApplication@22293083
reloadAllAccessors: .MatrixCropLong
----------------- testing Thu May 10 02:22:57 UTC 2018 /home/travis/build/icyphy/ptII/ptolemy/actor/lib/test/auto/MatrixToArray.xml
----------------- Instantiating /home/travis/build/icyphy/ptII/ptolemy/actor/lib/test/auto/MatrixToArray.xml
5 ms. Memory: 1028096K Free: 452681K (44%)
----------------- Invoking toplevel() on ptolemy.moml.MoMLSimpleApplication@10811b77
----------------- Done invoking toplevel() on ptolemy.moml.MoMLSimpleApplication@10811b77
reloadAllAccessors: .MatrixToArray
----------------- testing Thu May 10 02:22:57 UTC 2018 /home/travis/build/icyphy/ptII/ptolemy/actor/lib/test/auto/MaxIndex.xml
----------------- Instantiating /home/travis/build/icyphy/ptII/ptolemy/actor/lib/test/auto/MaxIndex.xml
3 ms. Memory: 1028096K Free: 438519K (43%)
----------------- Invoking toplevel() on ptolemy.moml.MoMLSimpleApplication@39e74344
----------------- Done invoking toplevel() on ptolemy.moml.MoMLSimpleApplication@39e74344
reloadAllAccessors: .MaxIndex
----------------- testing Thu May 10 02:22:57 UTC 2018 /home/travis/build/icyphy/ptII/ptolemy/actor/lib/test/auto/Maximum.xml
----------------- Instantiating /home/travis/build/icyphy/ptII/ptolemy/actor/lib/test/auto/Maximum.xml
3 ms. Memory: 1028096K Free: 429421K (42%)
----------------- Invoking toplevel() on ptolemy.moml.MoMLSimpleApplication@64018eb5
----------------- Done invoking toplevel() on ptolemy.moml.MoMLSimpleApplication@64018eb5
reloadAllAccessors: .Maximum
----------------- testing Thu May 10 02:22:57 UTC 2018 /home/travis/build/icyphy/ptII/ptolemy/actor/lib/test/auto/MaximumComplex.xml
----------------- Instantiating /home/travis/build/icyphy/ptII/ptolemy/actor/lib/test/auto/MaximumComplex.xml
2 ms. Memory: 1028096K Free: 415259K (40%)
----------------- Invoking toplevel() on ptolemy.moml.MoMLSimpleApplication@4eb100bf
----------------- Done invoking toplevel() on ptolemy.moml.MoMLSimpleApplication@4eb100bf
reloadAllAccessors: .MaximumComplex
----------------- testing Thu May 10 02:22:57 UTC 2018 /home/travis/build/icyphy/ptII/ptolemy/actor/lib/test/auto/MethodCallTest.xml
----------------- Instantiating /home/travis/build/icyphy/ptII/ptolemy/actor/lib/test/auto/MethodCallTest.xml
2 ms. Memory: 1028096K Free: 401596K (39%)
----------------- Invoking toplevel() on ptolemy.moml.MoMLSimpleApplication@51c7631f
----------------- Done invoking toplevel() on ptolemy.moml.MoMLSimpleApplication@51c7631f
reloadAllAccessors: .MethodCallTest
----------------- testing Thu May 10 02:22:57 UTC 2018 /home/travis/build/icyphy/ptII/ptolemy/actor/lib/test/auto/Minimum.xml
----------------- Instantiating /home/travis/build/icyphy/ptII/ptolemy/actor/lib/test/auto/Minimum.xml
2 ms. Memory: 1028096K Free: 387434K (38%)
----------------- Invoking toplevel() on ptolemy.moml.MoMLSimpleApplication@7f5ea8ec
----------------- Done invoking toplevel() on ptolemy.moml.MoMLSimpleApplication@7f5ea8ec
reloadAllAccessors: .Minimum
----------------- testing Thu May 10 02:22:57 UTC 2018 /home/travis/build/icyphy/ptII/ptolemy/actor/lib/test/auto/MinimumComplex.xml
----------------- Instantiating /home/travis/build/icyphy/ptII/ptolemy/actor/lib/test/auto/MinimumComplex.xml
2 ms. Memory: 1028096K Free: 378336K (37%)
----------------- Invoking toplevel() on ptolemy.moml.MoMLSimpleApplication@1bc007c2
----------------- Done invoking toplevel() on ptolemy.moml.MoMLSimpleApplication@1bc007c2
reloadAllAccessors: .MinimumComplex
----------------- testing Thu May 10 02:22:57 UTC 2018 /home/travis/build/icyphy/ptII/ptolemy/actor/lib/test/auto/MinimumMultiports.xml
----------------- Instantiating /home/travis/build/icyphy/ptII/ptolemy/actor/lib/test/auto/MinimumMultiports.xml
3 ms. Memory: 1028096K Free: 359608K (35%)
----------------- Invoking toplevel() on ptolemy.moml.MoMLSimpleApplication@41848752
----------------- Done invoking toplevel() on ptolemy.moml.MoMLSimpleApplication@41848752
reloadAllAccessors: .MinimumMultiports
----------------- testing Thu May 10 02:22:57 UTC 2018 /home/travis/build/icyphy/ptII/ptolemy/actor/lib/test/auto/ModifyDate.xml
----------------- Instantiating /home/travis/build/icyphy/ptII/ptolemy/actor/lib/test/auto/ModifyDate.xml
4 ms. Memory: 1028096K Free: 341396K (33%)
----------------- Invoking toplevel() on ptolemy.moml.MoMLSimpleApplication@a9d5537
----------------- Done invoking toplevel() on ptolemy.moml.MoMLSimpleApplication@a9d5537
reloadAllAccessors: .ModifyDate
----------------- testing Thu May 10 02:22:57 UTC 2018 /home/travis/build/icyphy/ptII/ptolemy/actor/lib/test/auto/ModifyDate2.xml
----------------- Instantiating /home/travis/build/icyphy/ptII/ptolemy/actor/lib/test/auto/ModifyDate2.xml
2 ms. Memory: 1028096K Free: 322685K (31%)
----------------- Invoking toplevel() on ptolemy.moml.MoMLSimpleApplication@c2396db
----------------- Done invoking toplevel() on ptolemy.moml.MoMLSimpleApplication@c2396db
reloadAllAccessors: .ModifyDate2
----------------- testing Thu May 10 02:22:57 UTC 2018 /home/travis/build/icyphy/ptII/ptolemy/actor/lib/test/auto/MovingAverage.xml
----------------- Instantiating /home/travis/build/icyphy/ptII/ptolemy/actor/lib/test/auto/MovingAverage.xml
1 ms. Memory: 1028096K Free: 309037K (30%)
----------------- Invoking toplevel() on ptolemy.moml.MoMLSimpleApplication@63b741c1
----------------- Done invoking toplevel() on ptolemy.moml.MoMLSimpleApplication@63b741c1
reloadAllAccessors: .MovingAverage
----------------- testing Thu May 10 02:22:57 UTC 2018 /home/travis/build/icyphy/ptII/ptolemy/actor/lib/test/auto/MovingMaximum.xml
----------------- Instantiating /home/travis/build/icyphy/ptII/ptolemy/actor/lib/test/auto/MovingMaximum.xml
1 ms. Memory: 1028096K Free: 294875K (29%)
----------------- Invoking toplevel() on ptolemy.moml.MoMLSimpleApplication@1caa1283
----------------- Done invoking toplevel() on ptolemy.moml.MoMLSimpleApplication@1caa1283
reloadAllAccessors: .MovingMaximum
----------------- testing Thu May 10 02:22:57 UTC 2018 /home/travis/build/icyphy/ptII/ptolemy/actor/lib/test/auto/MultipleLinksToSameRelation.xml
----------------- Instantiating /home/travis/build/icyphy/ptII/ptolemy/actor/lib/test/auto/MultipleLinksToSameRelation.xml
2 ms. Memory: 1028096K Free: 285777K (28%)
----------------- Invoking toplevel() on ptolemy.moml.MoMLSimpleApplication@3f6daafb
----------------- Done invoking toplevel() on ptolemy.moml.MoMLSimpleApplication@3f6daafb
reloadAllAccessors: .MultipleLinksToSameRelation
----------------- testing Thu May 10 02:22:57 UTC 2018 /home/travis/build/icyphy/ptII/ptolemy/actor/lib/test/auto/MultipleLinksToSameRelationDE.xml
----------------- Instantiating /home/travis/build/icyphy/ptII/ptolemy/actor/lib/test/auto/MultipleLinksToSameRelationDE.xml
1 ms. Memory: 1028096K Free: 276679K (27%)
----------------- Invoking toplevel() on ptolemy.moml.MoMLSimpleApplication@13a39cf5
----------------- Done invoking toplevel() on ptolemy.moml.MoMLSimpleApplication@13a39cf5
reloadAllAccessors: .MultipleLinksToSameRelationDE
----------------- testing Thu May 10 02:22:57 UTC 2018 /home/travis/build/icyphy/ptII/ptolemy/actor/lib/test/auto/Multiplexor.xml
----------------- Instantiating /home/travis/build/icyphy/ptII/ptolemy/actor/lib/test/auto/Multiplexor.xml
2 ms. Memory: 1028096K Free: 262517K (26%)
----------------- Invoking toplevel() on ptolemy.moml.MoMLSimpleApplication@482c65dc
----------------- Done invoking toplevel() on ptolemy.moml.MoMLSimpleApplication@482c65dc
reloadAllAccessors: .Multiplexor
----------------- testing Thu May 10 02:22:57 UTC 2018 /home/travis/build/icyphy/ptII/ptolemy/actor/lib/test/auto/Multiplexor1.xml
----------------- Instantiating /home/travis/build/icyphy/ptII/ptolemy/actor/lib/test/auto/Multiplexor1.xml
2 ms. Memory: 1028096K Free: 253419K (25%)
----------------- Invoking toplevel() on ptolemy.moml.MoMLSimpleApplication@21c77dcd
----------------- Done invoking toplevel() on ptolemy.moml.MoMLSimpleApplication@21c77dcd
reloadAllAccessors: .Multiplexor1
----------------- testing Thu May 10 02:22:57 UTC 2018 /home/travis/build/icyphy/ptII/ptolemy/actor/lib/test/auto/Multiplexor2.xml
----------------- Instantiating /home/travis/build/icyphy/ptII/ptolemy/actor/lib/test/auto/Multiplexor2.xml
2 ms. Memory: 1028096K Free: 239257K (23%)
----------------- Invoking toplevel() on ptolemy.moml.MoMLSimpleApplication@38ebc5b8
----------------- Done invoking toplevel() on ptolemy.moml.MoMLSimpleApplication@38ebc5b8
reloadAllAccessors: .Multiplexor2
----------------- testing Thu May 10 02:22:57 UTC 2018 /home/travis/build/icyphy/ptII/ptolemy/actor/lib/test/auto/Multiplexor3.xml
----------------- Instantiating /home/travis/build/icyphy/ptII/ptolemy/actor/lib/test/auto/Multiplexor3.xml
1 ms. Memory: 1028096K Free: 230158K (22%)
----------------- Invoking toplevel() on ptolemy.moml.MoMLSimpleApplication@47c29f11
----------------- Done invoking toplevel() on ptolemy.moml.MoMLSimpleApplication@47c29f11
reloadAllAccessors: .Multiplexor3
----------------- testing Thu May 10 02:22:57 UTC 2018 /home/travis/build/icyphy/ptII/ptolemy/actor/lib/test/auto/MultiplexorDE.xml
----------------- Instantiating /home/travis/build/icyphy/ptII/ptolemy/actor/lib/test/auto/MultiplexorDE.xml
2 ms. Memory: 1028096K Free: 211439K (21%)
----------------- Invoking toplevel() on ptolemy.moml.MoMLSimpleApplication@101f977d
----------------- Done invoking toplevel() on ptolemy.moml.MoMLSimpleApplication@101f977d
reloadAllAccessors: .MultiplexorDE
----------------- testing Thu May 10 02:22:57 UTC 2018 /home/travis/build/icyphy/ptII/ptolemy/actor/lib/test/auto/MultiportBroadcastTest.xml
----------------- Instantiating /home/travis/build/icyphy/ptII/ptolemy/actor/lib/test/auto/MultiportBroadcastTest.xml
77 ms. Memory: 1028096K Free: 202341K (20%)
----------------- Invoking toplevel() on ptolemy.moml.MoMLSimpleApplication@391b7449
----------------- Done invoking toplevel() on ptolemy.moml.MoMLSimpleApplication@391b7449
reloadAllAccessors: .MultiportBroadcastTest
----------------- testing Thu May 10 02:22:57 UTC 2018 /home/travis/build/icyphy/ptII/ptolemy/actor/lib/test/auto/MultiportOutHangDuringGetWidth.xml
----------------- Instantiating /home/travis/build/icyphy/ptII/ptolemy/actor/lib/test/auto/MultiportOutHangDuringGetWidth.xml
4 ms. Memory: 1028096K Free: 179056K (17%)
----------------- Invoking toplevel() on ptolemy.moml.MoMLSimpleApplication@39e254d0
----------------- Done invoking toplevel() on ptolemy.moml.MoMLSimpleApplication@39e254d0
reloadAllAccessors: .MultiportOutHangDuringGetWidth
----------------- testing Thu May 10 02:22:57 UTC 2018 /home/travis/build/icyphy/ptII/ptolemy/actor/lib/test/auto/NilToken.xml
----------------- Instantiating /home/travis/build/icyphy/ptII/ptolemy/actor/lib/test/auto/NilToken.xml
1 ms. Memory: 1028096K Free: 169958K (17%)
----------------- Invoking toplevel() on ptolemy.moml.MoMLSimpleApplication@20af9f06
----------------- Done invoking toplevel() on ptolemy.moml.MoMLSimpleApplication@20af9f06
reloadAllAccessors: .NilToken
----------------- testing Thu May 10 02:22:57 UTC 2018 /home/travis/build/icyphy/ptII/ptolemy/actor/lib/test/auto/NilTokenNonStrictTest.xml
----------------- Instantiating /home/travis/build/icyphy/ptII/ptolemy/actor/lib/test/auto/NilTokenNonStrictTest.xml
2 ms. Memory: 1028096K Free: 155796K (15%)
----------------- Invoking toplevel() on ptolemy.moml.MoMLSimpleApplication@4aaab1e6
----------------- Done invoking toplevel() on ptolemy.moml.MoMLSimpleApplication@4aaab1e6
reloadAllAccessors: .NilTokenNonStrictTest
----------------- testing Thu May 10 02:22:57 UTC 2018 /home/travis/build/icyphy/ptII/ptolemy/actor/lib/test/auto/NilTokenRecord.xml
----------------- Instantiating /home/travis/build/icyphy/ptII/ptolemy/actor/lib/test/auto/NilTokenRecord.xml
4 ms. Memory: 1028096K Free: 146698K (14%)
----------------- Invoking toplevel() on ptolemy.moml.MoMLSimpleApplication@6e46313
----------------- Done invoking toplevel() on ptolemy.moml.MoMLSimpleApplication@6e46313
reloadAllAccessors: .NilTokenRecord
----------------- testing Thu May 10 02:22:57 UTC 2018 /home/travis/build/icyphy/ptII/ptolemy/actor/lib/test/auto/NilTokenTypeTest.xml
----------------- Instantiating /home/travis/build/icyphy/ptII/ptolemy/actor/lib/test/auto/NilTokenTypeTest.xml
3 ms. Memory: 1028096K Free: 127971K (12%)
----------------- Invoking toplevel() on ptolemy.moml.MoMLSimpleApplication@723627dc
----------------- Done invoking toplevel() on ptolemy.moml.MoMLSimpleApplication@723627dc
reloadAllAccessors: .NilTokenTypeTest
----------------- testing Thu May 10 02:22:57 UTC 2018 /home/travis/build/icyphy/ptII/ptolemy/actor/lib/test/auto/ObjectToken1.xml
----------------- Instantiating /home/travis/build/icyphy/ptII/ptolemy/actor/lib/test/auto/ObjectToken1.xml
2 ms. Memory: 1028096K Free: 118872K (12%)
----------------- Invoking toplevel() on ptolemy.moml.MoMLSimpleApplication@2e1a5266
----------------- Done invoking toplevel() on ptolemy.moml.MoMLSimpleApplication@2e1a5266
reloadAllAccessors: .ObjectToken1
----------------- testing Thu May 10 02:22:57 UTC 2018 /home/travis/build/icyphy/ptII/ptolemy/actor/lib/test/auto/OrderedMerge.xml
----------------- Instantiating /home/travis/build/icyphy/ptII/ptolemy/actor/lib/test/auto/OrderedMerge.xml
4 ms. Memory: 1028096K Free: 86514K (8%)
----------------- Invoking toplevel() on ptolemy.moml.MoMLSimpleApplication@7cfbffb9
----------------- Done invoking toplevel() on ptolemy.moml.MoMLSimpleApplication@7cfbffb9
reloadAllAccessors: .OrderedMerge
----------------- testing Thu May 10 02:22:57 UTC 2018 /home/travis/build/icyphy/ptII/ptolemy/actor/lib/test/auto/OrderedRecordDisassembler.xml
----------------- Instantiating /home/travis/build/icyphy/ptII/ptolemy/actor/lib/test/auto/OrderedRecordDisassembler.xml
2 ms. Memory: 1028096K Free: 79626K (8%)
----------------- Invoking toplevel() on ptolemy.moml.MoMLSimpleApplication@1c9204fd
----------------- Done invoking toplevel() on ptolemy.moml.MoMLSimpleApplication@1c9204fd
reloadAllAccessors: .OrderedRecordDisassembler
----------------- testing Thu May 10 02:22:57 UTC 2018 /home/travis/build/icyphy/ptII/ptolemy/actor/lib/test/auto/OrderedRecordDisassembler2.xml
----------------- Instantiating /home/travis/build/icyphy/ptII/ptolemy/actor/lib/test/auto/OrderedRecordDisassembler2.xml
2 ms. Memory: 1128448K Free: 1070782K (95%)
----------------- Invoking toplevel() on ptolemy.moml.MoMLSimpleApplication@ecd0f0a
----------------- Done invoking toplevel() on ptolemy.moml.MoMLSimpleApplication@ecd0f0a
reloadAllAccessors: .OrderedRecordDisassembler2
----------------- testing Thu May 10 02:22:57 UTC 2018 /home/travis/build/icyphy/ptII/ptolemy/actor/lib/test/auto/OrderedRecordUpdater.xml
----------------- Instantiating /home/travis/build/icyphy/ptII/ptolemy/actor/lib/test/auto/OrderedRecordUpdater.xml
2 ms. Memory: 1128448K Free: 1057231K (94%)
----------------- Invoking toplevel() on ptolemy.moml.MoMLSimpleApplication@6a40edd
----------------- Done invoking toplevel() on ptolemy.moml.MoMLSimpleApplication@6a40edd
reloadAllAccessors: .RecordUpdater
----------------- testing Thu May 10 02:22:57 UTC 2018 /home/travis/build/icyphy/ptII/ptolemy/actor/lib/test/auto/OrderedRecordUpdater2.xml
----------------- Instantiating /home/travis/build/icyphy/ptII/ptolemy/actor/lib/test/auto/OrderedRecordUpdater2.xml
2 ms. Memory: 1128448K Free: 1043680K (92%)
----------------- Invoking toplevel() on ptolemy.moml.MoMLSimpleApplication@962dc7b
----------------- Done invoking toplevel() on ptolemy.moml.MoMLSimpleApplication@962dc7b
reloadAllAccessors: .RecordUpdater2
----------------- testing Thu May 10 02:22:57 UTC 2018 /home/travis/build/icyphy/ptII/ptolemy/actor/lib/test/auto/PhaseUnwrap.xml
----------------- Instantiating /home/travis/build/icyphy/ptII/ptolemy/actor/lib/test/auto/PhaseUnwrap.xml
2 ms. Memory: 1128448K Free: 1025189K (91%)
----------------- Invoking toplevel() on ptolemy.moml.MoMLSimpleApplication@3c57fdfb
----------------- Done invoking toplevel() on ptolemy.moml.MoMLSimpleApplication@3c57fdfb
reloadAllAccessors: .PhaseUnwrap
----------------- testing Thu May 10 02:22:57 UTC 2018 /home/travis/build/icyphy/ptII/ptolemy/actor/lib/test/auto/PoissonClock.xml
----------------- Instantiating /home/travis/build/icyphy/ptII/ptolemy/actor/lib/test/auto/PoissonClock.xml
1 ms. Memory: 1128448K Free: 1011638K (90%)
----------------- Invoking toplevel() on ptolemy.moml.MoMLSimpleApplication@7018bded
----------------- Done invoking toplevel() on ptolemy.moml.MoMLSimpleApplication@7018bded
reloadAllAccessors: .PoissonClock
----------------- testing Thu May 10 02:22:57 UTC 2018 /home/travis/build/icyphy/ptII/ptolemy/actor/lib/test/auto/PoissonClock2.xml
----------------- Instantiating /home/travis/build/icyphy/ptII/ptolemy/actor/lib/test/auto/PoissonClock2.xml
1 ms. Memory: 1128448K Free: 993148K (88%)
----------------- Invoking toplevel() on ptolemy.moml.MoMLSimpleApplication@54ba0981
----------------- Done invoking toplevel() on ptolemy.moml.MoMLSimpleApplication@54ba0981
reloadAllAccessors: .PoissonClock2
----------------- testing Thu May 10 02:22:57 UTC 2018 /home/travis/build/icyphy/ptII/ptolemy/actor/lib/test/auto/PoissonClock3.xml
----------------- Instantiating /home/travis/build/icyphy/ptII/ptolemy/actor/lib/test/auto/PoissonClock3.xml
1 ms. Memory: 1128448K Free: 979597K (87%)
----------------- Invoking toplevel() on ptolemy.moml.MoMLSimpleApplication@221acb03
----------------- Done invoking toplevel() on ptolemy.moml.MoMLSimpleApplication@221acb03
reloadAllAccessors: .PoissonClock3
----------------- testing Thu May 10 02:22:57 UTC 2018 /home/travis/build/icyphy/ptII/ptolemy/actor/lib/test/auto/PubSubWithInitialTokens.xml
----------------- Instantiating /home/travis/build/icyphy/ptII/ptolemy/actor/lib/test/auto/PubSubWithInitialTokens.xml
2 ms. Memory: 1128448K Free: 961106K (85%)
----------------- Invoking toplevel() on ptolemy.moml.MoMLSimpleApplication@37a2c93a
----------------- Done invoking toplevel() on ptolemy.moml.MoMLSimpleApplication@37a2c93a
reloadAllAccessors: .PubSubWithInitialTokens
----------------- testing Thu May 10 02:22:57 UTC 2018 /home/travis/build/icyphy/ptII/ptolemy/actor/lib/test/auto/PubSubWithInitialTokens2.xml
----------------- Instantiating /home/travis/build/icyphy/ptII/ptolemy/actor/lib/test/auto/PubSubWithInitialTokens2.xml
4 ms. Memory: 1128448K Free: 947556K (84%)
----------------- Invoking toplevel() on ptolemy.moml.MoMLSimpleApplication@49be09f5
----------------- Done invoking toplevel() on ptolemy.moml.MoMLSimpleApplication@49be09f5
reloadAllAccessors: .PubSubWithInitialTokens2
----------------- testing Thu May 10 02:22:57 UTC 2018 /home/travis/build/icyphy/ptII/ptolemy/actor/lib/test/auto/PublisherClassNoParameter.xml
----------------- Instantiating /home/travis/build/icyphy/ptII/ptolemy/actor/lib/test/auto/PublisherClassNoParameter.xml
2 ms. Memory: 1128448K Free: 922290K (82%)
----------------- Invoking toplevel() on ptolemy.moml.MoMLSimpleApplication@23cdcd68
----------------- Done invoking toplevel() on ptolemy.moml.MoMLSimpleApplication@23cdcd68
reloadAllAccessors: .PublisherClassNoParameter
----------------- testing Thu May 10 02:22:57 UTC 2018 /home/travis/build/icyphy/ptII/ptolemy/actor/lib/test/auto/PublisherClassParameter.xml
----------------- Instantiating /home/travis/build/icyphy/ptII/ptolemy/actor/lib/test/auto/PublisherClassParameter.xml
2 ms. Memory: 1128448K Free: 901955K (80%)
----------------- Invoking toplevel() on ptolemy.moml.MoMLSimpleApplication@109693bf
----------------- Done invoking toplevel() on ptolemy.moml.MoMLSimpleApplication@109693bf
reloadAllAccessors: .PublisherClassParameter
----------------- testing Thu May 10 02:22:57 UTC 2018 /home/travis/build/icyphy/ptII/ptolemy/actor/lib/test/auto/PublisherNonStrictTest.xml
----------------- Instantiating /home/travis/build/icyphy/ptII/ptolemy/actor/lib/test/auto/PublisherNonStrictTest.xml
2 ms. Memory: 1128448K Free: 883465K (78%)
----------------- Invoking toplevel() on ptolemy.moml.MoMLSimpleApplication@72b66f4b
----------------- Done invoking toplevel() on ptolemy.moml.MoMLSimpleApplication@72b66f4b
reloadAllAccessors: .PublisherNonStrictTest
----------------- testing Thu May 10 02:22:57 UTC 2018 /home/travis/build/icyphy/ptII/ptolemy/actor/lib/test/auto/PublisherPort1.xml
----------------- Instantiating /home/travis/build/icyphy/ptII/ptolemy/actor/lib/test/auto/PublisherPort1.xml
2 ms. Memory: 1128448K Free: 869914K (77%)
----------------- Invoking toplevel() on ptolemy.moml.MoMLSimpleApplication@34370fef
----------------- Done invoking toplevel() on ptolemy.moml.MoMLSimpleApplication@34370fef
reloadAllAccessors: .PublisherPort1
----------------- testing Thu May 10 02:22:58 UTC 2018 /home/travis/build/icyphy/ptII/ptolemy/actor/lib/test/auto/PublisherPort2.xml
----------------- Instantiating /home/travis/build/icyphy/ptII/ptolemy/actor/lib/test/auto/PublisherPort2.xml
2 ms. Memory: 1128448K Free: 851423K (75%)
----------------- Invoking toplevel() on ptolemy.moml.MoMLSimpleApplication@3bcb483d
----------------- Done invoking toplevel() on ptolemy.moml.MoMLSimpleApplication@3bcb483d
reloadAllAccessors: .PublisherPort2
----------------- testing Thu May 10 02:22:58 UTC 2018 /home/travis/build/icyphy/ptII/ptolemy/actor/lib/test/auto/PublisherPort3.xml
----------------- Instantiating /home/travis/build/icyphy/ptII/ptolemy/actor/lib/test/auto/PublisherPort3.xml
7 ms. Memory: 1128448K Free: 837872K (74%)
----------------- Invoking toplevel() on ptolemy.moml.MoMLSimpleApplication@3605f8a9
----------------- Done invoking toplevel() on ptolemy.moml.MoMLSimpleApplication@3605f8a9
reloadAllAccessors: .PublisherPort3
----------------- testing Thu May 10 02:22:58 UTC 2018 /home/travis/build/icyphy/ptII/ptolemy/actor/lib/test/auto/PublisherPort4.xml
----------------- Instantiating /home/travis/build/icyphy/ptII/ptolemy/actor/lib/test/auto/PublisherPort4.xml
2 ms. Memory: 1128448K Free: 819382K (73%)
----------------- Invoking toplevel() on ptolemy.moml.MoMLSimpleApplication@2082bbc6
----------------- Done invoking toplevel() on ptolemy.moml.MoMLSimpleApplication@2082bbc6
reloadAllAccessors: .PublisherPort4
----------------- testing Thu May 10 02:22:58 UTC 2018 /home/travis/build/icyphy/ptII/ptolemy/actor/lib/test/auto/PublisherPort5.xml
----------------- Instantiating /home/travis/build/icyphy/ptII/ptolemy/actor/lib/test/auto/PublisherPort5.xml
4 ms. Memory: 1128448K Free: 805831K (71%)
----------------- Invoking toplevel() on ptolemy.moml.MoMLSimpleApplication@27bdeebf
----------------- Done invoking toplevel() on ptolemy.moml.MoMLSimpleApplication@27bdeebf
reloadAllAccessors: .PublisherPort5
----------------- testing Thu May 10 02:22:58 UTC 2018 /home/travis/build/icyphy/ptII/ptolemy/actor/lib/test/auto/PublisherPort5LookAlike.xml
----------------- Instantiating /home/travis/build/icyphy/ptII/ptolemy/actor/lib/test/auto/PublisherPort5LookAlike.xml
6 ms. Memory: 1128448K Free: 787340K (70%)
----------------- Invoking toplevel() on ptolemy.moml.MoMLSimpleApplication@4cfd324
----------------- Done invoking toplevel() on ptolemy.moml.MoMLSimpleApplication@4cfd324
reloadAllAccessors: .PublisherPort5LookAlike
----------------- testing Thu May 10 02:22:58 UTC 2018 /home/travis/build/icyphy/ptII/ptolemy/actor/lib/test/auto/PublisherPort6.xml
----------------- Instantiating /home/travis/build/icyphy/ptII/ptolemy/actor/lib/test/auto/PublisherPort6.xml
1 ms. Memory: 1128448K Free: 773789K (69%)
----------------- Invoking toplevel() on ptolemy.moml.MoMLSimpleApplication@63e8823
----------------- Done invoking toplevel() on ptolemy.moml.MoMLSimpleApplication@63e8823
reloadAllAccessors: .PublisherPort6
----------------- testing Thu May 10 02:22:58 UTC 2018 /home/travis/build/icyphy/ptII/ptolemy/actor/lib/test/auto/PublisherPort7.xml
----------------- Instantiating /home/travis/build/icyphy/ptII/ptolemy/actor/lib/test/auto/PublisherPort7.xml
3 ms. Memory: 1128448K Free: 755299K (67%)
----------------- Invoking toplevel() on ptolemy.moml.MoMLSimpleApplication@eff2650
----------------- Done invoking toplevel() on ptolemy.moml.MoMLSimpleApplication@eff2650
reloadAllAccessors: .PublisherPort7
----------------- testing Thu May 10 02:22:58 UTC 2018 /home/travis/build/icyphy/ptII/ptolemy/actor/lib/test/auto/PublisherPort8.xml
----------------- Instantiating /home/travis/build/icyphy/ptII/ptolemy/actor/lib/test/auto/PublisherPort8.xml
4 ms. Memory: 1128448K Free: 741748K (66%)
----------------- Invoking toplevel() on ptolemy.moml.MoMLSimpleApplication@15454053
----------------- Done invoking toplevel() on ptolemy.moml.MoMLSimpleApplication@15454053
reloadAllAccessors: .PublisherPort8
----------------- testing Thu May 10 02:22:58 UTC 2018 /home/travis/build/icyphy/ptII/ptolemy/actor/lib/test/auto/PublisherPortSubscriberChannelVariablesAOC2.xml
----------------- Instantiating /home/travis/build/icyphy/ptII/ptolemy/actor/lib/test/auto/PublisherPortSubscriberChannelVariablesAOC2.xml
4 ms. Memory: 1128448K Free: 709690K (63%)
----------------- Invoking toplevel() on ptolemy.moml.MoMLSimpleApplication@2d91e62d
----------------- Done invoking toplevel() on ptolemy.moml.MoMLSimpleApplication@2d91e62d
reloadAllAccessors: .PublisherPortSubscriberChannelVariablesAOC2
----------------- testing Thu May 10 02:22:58 UTC 2018 /home/travis/build/icyphy/ptII/ptolemy/actor/lib/test/auto/PublisherPortSubscriberOpaqueWidthInference.xml
----------------- Instantiating /home/travis/build/icyphy/ptII/ptolemy/actor/lib/test/auto/PublisherPortSubscriberOpaqueWidthInference.xml
3 ms. Memory: 1128448K Free: 696139K (62%)
----------------- Invoking toplevel() on ptolemy.moml.MoMLSimpleApplication@49a05e7c
----------------- Done invoking toplevel() on ptolemy.moml.MoMLSimpleApplication@49a05e7c
reloadAllAccessors: .PublisherPortSubscriberOpaqueWidthInference
----------------- testing Thu May 10 02:22:58 UTC 2018 /home/travis/build/icyphy/ptII/ptolemy/actor/lib/test/auto/PublisherPortSubscriberPortAdjacent.xml
----------------- Instantiating /home/travis/build/icyphy/ptII/ptolemy/actor/lib/test/auto/PublisherPortSubscriberPortAdjacent.xml
1 ms. Memory: 1128448K Free: 677649K (60%)
----------------- Invoking toplevel() on ptolemy.moml.MoMLSimpleApplication@6eabbcea
----------------- Done invoking toplevel() on ptolemy.moml.MoMLSimpleApplication@6eabbcea
reloadAllAccessors: .PublisherPortSubscriberPortAdjacent
----------------- testing Thu May 10 02:22:58 UTC 2018 /home/travis/build/icyphy/ptII/ptolemy/actor/lib/test/auto/PublisherPortSubscriberPortExpression.xml
----------------- Instantiating /home/travis/build/icyphy/ptII/ptolemy/actor/lib/test/auto/PublisherPortSubscriberPortExpression.xml
3 ms. Memory: 1128448K Free: 664098K (59%)
----------------- Invoking toplevel() on ptolemy.moml.MoMLSimpleApplication@4c8d1dd7
----------------- Done invoking toplevel() on ptolemy.moml.MoMLSimpleApplication@4c8d1dd7
reloadAllAccessors: .PublisherPortSubscriberPortExpression
----------------- testing Thu May 10 02:22:58 UTC 2018 /home/travis/build/icyphy/ptII/ptolemy/actor/lib/test/auto/PublisherPortSubscriberPortOpaqueD3Reverse.xml
----------------- Instantiating /home/travis/build/icyphy/ptII/ptolemy/actor/lib/test/auto/PublisherPortSubscriberPortOpaqueD3Reverse.xml
5 ms. Memory: 1128448K Free: 645607K (57%)
----------------- Invoking toplevel() on ptolemy.moml.MoMLSimpleApplication@319a91c6
----------------- Done invoking toplevel() on ptolemy.moml.MoMLSimpleApplication@319a91c6
reloadAllAccessors: .PublisherPortSubscriberPortOpaqueD3Reverse
----------------- testing Thu May 10 02:22:58 UTC 2018 /home/travis/build/icyphy/ptII/ptolemy/actor/lib/test/auto/PublisherPortSubscriberPortOpaqueWidthInference.xml
----------------- Instantiating /home/travis/build/icyphy/ptII/ptolemy/actor/lib/test/auto/PublisherPortSubscriberPortOpaqueWidthInference.xml
3 ms. Memory: 1128448K Free: 632056K (56%)
----------------- Invoking toplevel() on ptolemy.moml.MoMLSimpleApplication@736c7a11
----------------- Done invoking toplevel() on ptolemy.moml.MoMLSimpleApplication@736c7a11
reloadAllAccessors: .PublisherPortSubscriberPortOpaqueWidthInference
----------------- testing Thu May 10 02:22:58 UTC 2018 /home/travis/build/icyphy/ptII/ptolemy/actor/lib/test/auto/PublisherPortToplevelSubscriberPortAOC.xml
----------------- Instantiating /home/travis/build/icyphy/ptII/ptolemy/actor/lib/test/auto/PublisherPortToplevelSubscriberPortAOC.xml
.PublisherPortToplevelSubscriberPortAOC.TestExceptionAttribute: initialize() was not invoked, but wrapup() was.  This is unusual, but not always a problem.  For example, exporting JNLP will do this.
0 ms. Memory: 1128448K Free: 613566K (54%)
----------------- Invoking toplevel() on ptolemy.moml.MoMLSimpleApplication@74e707dd
----------------- Done invoking toplevel() on ptolemy.moml.MoMLSimpleApplication@74e707dd
reloadAllAccessors: .PublisherPortToplevelSubscriberPortAOC
----------------- testing Thu May 10 02:22:58 UTC 2018 /home/travis/build/icyphy/ptII/ptolemy/actor/lib/test/auto/PublisherSubscriber.xml
----------------- Instantiating /home/travis/build/icyphy/ptII/ptolemy/actor/lib/test/auto/PublisherSubscriber.xml
2 ms. Memory: 1128448K Free: 600015K (53%)
----------------- Invoking toplevel() on ptolemy.moml.MoMLSimpleApplication@72b45b05
----------------- Done invoking toplevel() on ptolemy.moml.MoMLSimpleApplication@72b45b05
reloadAllAccessors: .PublisherSubscriber
----------------- testing Thu May 10 02:22:58 UTC 2018 /home/travis/build/icyphy/ptII/ptolemy/actor/lib/test/auto/PublisherSubscriber10.xml
----------------- Instantiating /home/travis/build/icyphy/ptII/ptolemy/actor/lib/test/auto/PublisherSubscriber10.xml
4 ms. Memory: 1128448K Free: 581524K (52%)
----------------- Invoking toplevel() on ptolemy.moml.MoMLSimpleApplication@5f563deb
----------------- Done invoking toplevel() on ptolemy.moml.MoMLSimpleApplication@5f563deb
reloadAllAccessors: .PublisherSubscriber10
----------------- testing Thu May 10 02:22:58 UTC 2018 /home/travis/build/icyphy/ptII/ptolemy/actor/lib/test/auto/PublisherSubscriber10InitialOutputs.xml
----------------- Instantiating /home/travis/build/icyphy/ptII/ptolemy/actor/lib/test/auto/PublisherSubscriber10InitialOutputs.xml
4 ms. Memory: 1128448K Free: 567973K (50%)
----------------- Invoking toplevel() on ptolemy.moml.MoMLSimpleApplication@c493f46
----------------- Done invoking toplevel() on ptolemy.moml.MoMLSimpleApplication@c493f46
reloadAllAccessors: .PublisherSubscriber10InitialOutputs
----------------- testing Thu May 10 02:22:58 UTC 2018 /home/travis/build/icyphy/ptII/ptolemy/actor/lib/test/auto/PublisherSubscriber11.xml
----------------- Instantiating /home/travis/build/icyphy/ptII/ptolemy/actor/lib/test/auto/PublisherSubscriber11.xml
2 ms. Memory: 1128448K Free: 549483K (49%)
----------------- Invoking toplevel() on ptolemy.moml.MoMLSimpleApplication@395810f
----------------- Done invoking toplevel() on ptolemy.moml.MoMLSimpleApplication@395810f
reloadAllAccessors: .PublisherSubscriber11
----------------- testing Thu May 10 02:22:58 UTC 2018 /home/travis/build/icyphy/ptII/ptolemy/actor/lib/test/auto/PublisherSubscriber12.xml
----------------- Instantiating /home/travis/build/icyphy/ptII/ptolemy/actor/lib/test/auto/PublisherSubscriber12.xml
2 ms. Memory: 1128448K Free: 535932K (47%)
----------------- Invoking toplevel() on ptolemy.moml.MoMLSimpleApplication@717ddf38
----------------- Done invoking toplevel() on ptolemy.moml.MoMLSimpleApplication@717ddf38
reloadAllAccessors: .PublisherSubscriber12
----------------- testing Thu May 10 02:22:58 UTC 2018 /home/travis/build/icyphy/ptII/ptolemy/actor/lib/test/auto/PublisherSubscriber13.xml
----------------- Instantiating /home/travis/build/icyphy/ptII/ptolemy/actor/lib/test/auto/PublisherSubscriber13.xml
1 ms. Memory: 1128448K Free: 517441K (46%)
----------------- Invoking toplevel() on ptolemy.moml.MoMLSimpleApplication@631a4d7d
----------------- Done invoking toplevel() on ptolemy.moml.MoMLSimpleApplication@631a4d7d
reloadAllAccessors: .PublisherSubscriber13
----------------- testing Thu May 10 02:22:58 UTC 2018 /home/travis/build/icyphy/ptII/ptolemy/actor/lib/test/auto/PublisherSubscriber14.xml
----------------- Instantiating /home/travis/build/icyphy/ptII/ptolemy/actor/lib/test/auto/PublisherSubscriber14.xml
2 ms. Memory: 1128448K Free: 503890K (45%)
----------------- Invoking toplevel() on ptolemy.moml.MoMLSimpleApplication@18808366
----------------- Done invoking toplevel() on ptolemy.moml.MoMLSimpleApplication@18808366
reloadAllAccessors: .PublisherSubscriber14
----------------- testing Thu May 10 02:22:58 UTC 2018 /home/travis/build/icyphy/ptII/ptolemy/actor/lib/test/auto/PublisherSubscriber2.xml
----------------- Instantiating /home/travis/build/icyphy/ptII/ptolemy/actor/lib/test/auto/PublisherSubscriber2.xml
2 ms. Memory: 1128448K Free: 485400K (43%)
----------------- Invoking toplevel() on ptolemy.moml.MoMLSimpleApplication@6d2a129b
----------------- Done invoking toplevel() on ptolemy.moml.MoMLSimpleApplication@6d2a129b
reloadAllAccessors: .PublisherSubscriber2
----------------- testing Thu May 10 02:22:58 UTC 2018 /home/travis/build/icyphy/ptII/ptolemy/actor/lib/test/auto/PublisherSubscriber3.xml
----------------- Instantiating /home/travis/build/icyphy/ptII/ptolemy/actor/lib/test/auto/PublisherSubscriber3.xml
2 ms. Memory: 1128448K Free: 471849K (42%)
----------------- Invoking toplevel() on ptolemy.moml.MoMLSimpleApplication@11762a5b
----------------- Done invoking toplevel() on ptolemy.moml.MoMLSimpleApplication@11762a5b
reloadAllAccessors: .PublisherSubscriber3
----------------- testing Thu May 10 02:22:58 UTC 2018 /home/travis/build/icyphy/ptII/ptolemy/actor/lib/test/auto/PublisherSubscriber4.xml
----------------- Instantiating /home/travis/build/icyphy/ptII/ptolemy/actor/lib/test/auto/PublisherSubscriber4.xml
2 ms. Memory: 1128448K Free: 453358K (40%)
----------------- Invoking toplevel() on ptolemy.moml.MoMLSimpleApplication@4584bab9
----------------- Done invoking toplevel() on ptolemy.moml.MoMLSimpleApplication@4584bab9
reloadAllAccessors: .PublisherSubscriber4
----------------- testing Thu May 10 02:22:58 UTC 2018 /home/travis/build/icyphy/ptII/ptolemy/actor/lib/test/auto/PublisherSubscriber5.xml
----------------- Instantiating /home/travis/build/icyphy/ptII/ptolemy/actor/lib/test/auto/PublisherSubscriber5.xml
2 ms. Memory: 1128448K Free: 439808K (39%)
----------------- Invoking toplevel() on ptolemy.moml.MoMLSimpleApplication@14aa2fba
----------------- Done invoking toplevel() on ptolemy.moml.MoMLSimpleApplication@14aa2fba
reloadAllAccessors: .PublisherSubscriber5
----------------- testing Thu May 10 02:22:58 UTC 2018 /home/travis/build/icyphy/ptII/ptolemy/actor/lib/test/auto/PublisherSubscriber6.xml
----------------- Instantiating /home/travis/build/icyphy/ptII/ptolemy/actor/lib/test/auto/PublisherSubscriber6.xml
3 ms. Memory: 1128448K Free: 421317K (37%)
----------------- Invoking toplevel() on ptolemy.moml.MoMLSimpleApplication@387bc0eb
----------------- Done invoking toplevel() on ptolemy.moml.MoMLSimpleApplication@387bc0eb
reloadAllAccessors: .PublisherSubscriber6
----------------- testing Thu May 10 02:22:58 UTC 2018 /home/travis/build/icyphy/ptII/ptolemy/actor/lib/test/auto/PublisherSubscriber7.xml
----------------- Instantiating /home/travis/build/icyphy/ptII/ptolemy/actor/lib/test/auto/PublisherSubscriber7.xml
2 ms. Memory: 1128448K Free: 407766K (36%)
----------------- Invoking toplevel() on ptolemy.moml.MoMLSimpleApplication@652d3517
----------------- Done invoking toplevel() on ptolemy.moml.MoMLSimpleApplication@652d3517
reloadAllAccessors: .PublisherSubscriber7
----------------- testing Thu May 10 02:22:58 UTC 2018 /home/travis/build/icyphy/ptII/ptolemy/actor/lib/test/auto/PublisherSubscriber8.xml
----------------- Instantiating /home/travis/build/icyphy/ptII/ptolemy/actor/lib/test/auto/PublisherSubscriber8.xml
7 ms. Memory: 1128448K Free: 321521K (28%)
----------------- Invoking toplevel() on ptolemy.moml.MoMLSimpleApplication@5a250191
----------------- Done invoking toplevel() on ptolemy.moml.MoMLSimpleApplication@5a250191
reloadAllAccessors: .PublisherSubscriber8
----------------- testing Thu May 10 02:22:58 UTC 2018 /home/travis/build/icyphy/ptII/ptolemy/actor/lib/test/auto/PublisherSubscriber9.xml
----------------- Instantiating /home/travis/build/icyphy/ptII/ptolemy/actor/lib/test/auto/PublisherSubscriber9.xml
3 ms. Memory: 1128448K Free: 307970K (27%)
----------------- Invoking toplevel() on ptolemy.moml.MoMLSimpleApplication@77af273c
----------------- Done invoking toplevel() on ptolemy.moml.MoMLSimpleApplication@77af273c
reloadAllAccessors: .PublisherSubscriber9
----------------- testing Thu May 10 02:22:58 UTC 2018 /home/travis/build/icyphy/ptII/ptolemy/actor/lib/test/auto/PublisherSubscriberAdjacent.xml
----------------- Instantiating /home/travis/build/icyphy/ptII/ptolemy/actor/lib/test/auto/PublisherSubscriberAdjacent.xml
1 ms. Memory: 1128448K Free: 282688K (25%)
----------------- Invoking toplevel() on ptolemy.moml.MoMLSimpleApplication@588aa49e
----------------- Done invoking toplevel() on ptolemy.moml.MoMLSimpleApplication@588aa49e
reloadAllAccessors: .PublisherSubscriberAdjacent
----------------- testing Thu May 10 02:22:58 UTC 2018 /home/travis/build/icyphy/ptII/ptolemy/actor/lib/test/auto/PublisherSubscriberChannelVariablesAOC2.xml
----------------- Instantiating /home/travis/build/icyphy/ptII/ptolemy/actor/lib/test/auto/PublisherSubscriberChannelVariablesAOC2.xml
2 ms. Memory: 1128448K Free: 262345K (23%)
----------------- Invoking toplevel() on ptolemy.moml.MoMLSimpleApplication@2f25b930
----------------- Done invoking toplevel() on ptolemy.moml.MoMLSimpleApplication@2f25b930
reloadAllAccessors: .PublisherSubscriberChannelVariablesAOC2
----------------- testing Thu May 10 02:22:58 UTC 2018 /home/travis/build/icyphy/ptII/ptolemy/actor/lib/test/auto/PublisherSubscriberD3.xml
----------------- Instantiating /home/travis/build/icyphy/ptII/ptolemy/actor/lib/test/auto/PublisherSubscriberD3.xml
1 ms. Memory: 1128448K Free: 243855K (22%)
----------------- Invoking toplevel() on ptolemy.moml.MoMLSimpleApplication@7920511b
----------------- Done invoking toplevel() on ptolemy.moml.MoMLSimpleApplication@7920511b
reloadAllAccessors: .PublisherSubscriberD3
----------------- testing Thu May 10 02:22:58 UTC 2018 /home/travis/build/icyphy/ptII/ptolemy/actor/lib/test/auto/PublisherSubscriberD3Reverse.xml
----------------- Instantiating /home/travis/build/icyphy/ptII/ptolemy/actor/lib/test/auto/PublisherSubscriberD3Reverse.xml
2 ms. Memory: 1128448K Free: 230304K (20%)
----------------- Invoking toplevel() on ptolemy.moml.MoMLSimpleApplication@663cd426
----------------- Done invoking toplevel() on ptolemy.moml.MoMLSimpleApplication@663cd426
reloadAllAccessors: .PublisherSubscriberD3Reverse
----------------- testing Thu May 10 02:22:58 UTC 2018 /home/travis/build/icyphy/ptII/ptolemy/actor/lib/test/auto/PublisherSubscriberExpression.xml
----------------- Instantiating /home/travis/build/icyphy/ptII/ptolemy/actor/lib/test/auto/PublisherSubscriberExpression.xml
3 ms. Memory: 1128448K Free: 216753K (19%)
----------------- Invoking toplevel() on ptolemy.moml.MoMLSimpleApplication@12e10a3
----------------- Done invoking toplevel() on ptolemy.moml.MoMLSimpleApplication@12e10a3
reloadAllAccessors: .PublisherSubscriberExpression
----------------- testing Thu May 10 02:22:58 UTC 2018 /home/travis/build/icyphy/ptII/ptolemy/actor/lib/test/auto/PublisherSubscriberOpaque.xml
----------------- Instantiating /home/travis/build/icyphy/ptII/ptolemy/actor/lib/test/auto/PublisherSubscriberOpaque.xml
3 ms. Memory: 1128448K Free: 198262K (18%)
----------------- Invoking toplevel() on ptolemy.moml.MoMLSimpleApplication@8f1b2a9
----------------- Done invoking toplevel() on ptolemy.moml.MoMLSimpleApplication@8f1b2a9
reloadAllAccessors: .PublisherSubscriberOpaque
----------------- testing Thu May 10 02:22:58 UTC 2018 /home/travis/build/icyphy/ptII/ptolemy/actor/lib/test/auto/PublisherSubscriberOpaqueD3.xml
----------------- Instantiating /home/travis/build/icyphy/ptII/ptolemy/actor/lib/test/auto/PublisherSubscriberOpaqueD3.xml
4 ms. Memory: 1128448K Free: 177920K (16%)
----------------- Invoking toplevel() on ptolemy.moml.MoMLSimpleApplication@667a7b0f
----------------- Done invoking toplevel() on ptolemy.moml.MoMLSimpleApplication@667a7b0f
reloadAllAccessors: .PublisherSubscriberOpaqueD3
----------------- testing Thu May 10 02:22:58 UTC 2018 /home/travis/build/icyphy/ptII/ptolemy/actor/lib/test/auto/PublisherSubscriberOpaqueD3Reverse.xml
----------------- Instantiating /home/travis/build/icyphy/ptII/ptolemy/actor/lib/test/auto/PublisherSubscriberOpaqueD3Reverse.xml
6 ms. Memory: 1128448K Free: 159429K (14%)
----------------- Invoking toplevel() on ptolemy.moml.MoMLSimpleApplication@7eb1835a
----------------- Done invoking toplevel() on ptolemy.moml.MoMLSimpleApplication@7eb1835a
reloadAllAccessors: .PublisherSubscriberOpaqueD3Reverse
----------------- testing Thu May 10 02:22:58 UTC 2018 /home/travis/build/icyphy/ptII/ptolemy/actor/lib/test/auto/PublisherSubscriberOpaqueWidthInference.xml
----------------- Instantiating /home/travis/build/icyphy/ptII/ptolemy/actor/lib/test/auto/PublisherSubscriberOpaqueWidthInference.xml
3 ms. Memory: 1128448K Free: 145878K (13%)
----------------- Invoking toplevel() on ptolemy.moml.MoMLSimpleApplication@6b43e944
----------------- Done invoking toplevel() on ptolemy.moml.MoMLSimpleApplication@6b43e944
reloadAllAccessors: .PublisherSubscriberOpaqueWidthInference
----------------- testing Thu May 10 02:22:58 UTC 2018 /home/travis/build/icyphy/ptII/ptolemy/actor/lib/test/auto/PublisherTestSubscriber.xml
----------------- Instantiating /home/travis/build/icyphy/ptII/ptolemy/actor/lib/test/auto/PublisherTestSubscriber.xml
3 ms. Memory: 1128448K Free: 127388K (11%)
----------------- Invoking toplevel() on ptolemy.moml.MoMLSimpleApplication@4aca32cf
----------------- Done invoking toplevel() on ptolemy.moml.MoMLSimpleApplication@4aca32cf
reloadAllAccessors: .PublisherTestSubscriber
----------------- testing Thu May 10 02:22:58 UTC 2018 /home/travis/build/icyphy/ptII/ptolemy/actor/lib/test/auto/PublisherToplevelSubscriberPortAOC.xml
----------------- Instantiating /home/travis/build/icyphy/ptII/ptolemy/actor/lib/test/auto/PublisherToplevelSubscriberPortAOC.xml
2 ms. Memory: 1128448K Free: 113837K (10%)
----------------- Invoking toplevel() on ptolemy.moml.MoMLSimpleApplication@357c5514
----------------- Done invoking toplevel() on ptolemy.moml.MoMLSimpleApplication@357c5514
reloadAllAccessors: .PublisherToplevelSubscriberPortAOC
----------------- testing Thu May 10 02:22:58 UTC 2018 /home/travis/build/icyphy/ptII/ptolemy/actor/lib/test/auto/PulseFiringLimitDE.xml
----------------- Instantiating /home/travis/build/icyphy/ptII/ptolemy/actor/lib/test/auto/PulseFiringLimitDE.xml
3 ms. Memory: 1128448K Free: 95346K (8%)
----------------- Invoking toplevel() on ptolemy.moml.MoMLSimpleApplication@39ad6779
----------------- Done invoking toplevel() on ptolemy.moml.MoMLSimpleApplication@39ad6779
reloadAllAccessors: .PulseFiringLimitDE
----------------- testing Thu May 10 02:22:58 UTC 2018 /home/travis/build/icyphy/ptII/ptolemy/actor/lib/test/auto/Ramp1.xml
----------------- Instantiating /home/travis/build/icyphy/ptII/ptolemy/actor/lib/test/auto/Ramp1.xml
2 ms. Memory: 1128448K Free: 81795K (7%)
----------------- Invoking toplevel() on ptolemy.moml.MoMLSimpleApplication@2920bf63
----------------- Done invoking toplevel() on ptolemy.moml.MoMLSimpleApplication@2920bf63
reloadAllAccessors: .Ramp1
----------------- testing Thu May 10 02:22:58 UTC 2018 /home/travis/build/icyphy/ptII/ptolemy/actor/lib/test/auto/RampFiringLimitDE.xml
----------------- Instantiating /home/travis/build/icyphy/ptII/ptolemy/actor/lib/test/auto/RampFiringLimitDE.xml
9 ms. Memory: 1133568K Free: 1090926K (96%)
----------------- Invoking toplevel() on ptolemy.moml.MoMLSimpleApplication@efde4fa
----------------- Done invoking toplevel() on ptolemy.moml.MoMLSimpleApplication@efde4fa
reloadAllAccessors: .RampFiringLimitDE
----------------- testing Thu May 10 02:22:58 UTC 2018 /home/travis/build/icyphy/ptII/ptolemy/actor/lib/test/auto/RampFiringLimitSDF.xml
----------------- Instantiating /home/travis/build/icyphy/ptII/ptolemy/actor/lib/test/auto/RampFiringLimitSDF.xml
2 ms. Memory: 1133568K Free: 1073231K (95%)
----------------- Invoking toplevel() on ptolemy.moml.MoMLSimpleApplication@58dd5486
----------------- Done invoking toplevel() on ptolemy.moml.MoMLSimpleApplication@58dd5486
reloadAllAccessors: .RampFiringLimitSDF
----------------- testing Thu May 10 02:22:58 UTC 2018 /home/travis/build/icyphy/ptII/ptolemy/actor/lib/test/auto/RandomInteger.xml
----------------- Instantiating /home/travis/build/icyphy/ptII/ptolemy/actor/lib/test/auto/RandomInteger.xml
1 ms. Memory: 1133568K Free: 1058923K (93%)
----------------- Invoking toplevel() on ptolemy.moml.MoMLSimpleApplication@415db256
----------------- Done invoking toplevel() on ptolemy.moml.MoMLSimpleApplication@415db256
reloadAllAccessors: .RandomInteger
----------------- testing Thu May 10 02:22:58 UTC 2018 /home/travis/build/icyphy/ptII/ptolemy/actor/lib/test/auto/ReadFile1.xml
----------------- Instantiating /home/travis/build/icyphy/ptII/ptolemy/actor/lib/test/auto/ReadFile1.xml
1 ms. Memory: 1133568K Free: 1048760K (93%)
----------------- Invoking toplevel() on ptolemy.moml.MoMLSimpleApplication@1c8ef838
----------------- Done invoking toplevel() on ptolemy.moml.MoMLSimpleApplication@1c8ef838
reloadAllAccessors: .ReadFile1
----------------- testing Thu May 10 02:22:58 UTC 2018 /home/travis/build/icyphy/ptII/ptolemy/actor/lib/test/auto/ReadFile2.xml
----------------- Instantiating /home/travis/build/icyphy/ptII/ptolemy/actor/lib/test/auto/ReadFile2.xml
1 ms. Memory: 1133568K Free: 1034452K (91%)
----------------- Invoking toplevel() on ptolemy.moml.MoMLSimpleApplication@5812543a
----------------- Done invoking toplevel() on ptolemy.moml.MoMLSimpleApplication@5812543a
reloadAllAccessors: .ReadFile2
----------------- testing Thu May 10 02:22:58 UTC 2018 /home/travis/build/icyphy/ptII/ptolemy/actor/lib/test/auto/Reader.xml
----------------- Instantiating /home/travis/build/icyphy/ptII/ptolemy/actor/lib/test/auto/Reader.xml
actor.lib.Reader is obsolete, use actor.lib.io.ExpressionReader instead
2 ms. Memory: 1133568K Free: 1024289K (90%)
----------------- Invoking toplevel() on ptolemy.moml.MoMLSimpleApplication@57c9b56e
----------------- Done invoking toplevel() on ptolemy.moml.MoMLSimpleApplication@57c9b56e
reloadAllAccessors: .Reader
----------------- testing Thu May 10 02:22:58 UTC 2018 /home/travis/build/icyphy/ptII/ptolemy/actor/lib/test/auto/RecordAssemblerDisplayNameTest.xml
----------------- Instantiating /home/travis/build/icyphy/ptII/ptolemy/actor/lib/test/auto/RecordAssemblerDisplayNameTest.xml
2925 ms. Memory: 1204736K Free: 841894K (70%)
----------------- Invoking toplevel() on ptolemy.moml.MoMLSimpleApplication@228f1782
----------------- Done invoking toplevel() on ptolemy.moml.MoMLSimpleApplication@228f1782
reloadAllAccessors: .RecordAssemblerDisplayNameTest
----------------- testing Thu May 10 02:23:01 UTC 2018 /home/travis/build/icyphy/ptII/ptolemy/actor/lib/test/auto/RecordAssemblerTypeError.xml
----------------- Instantiating /home/travis/build/icyphy/ptII/ptolemy/actor/lib/test/auto/RecordAssemblerTypeError.xml
4 ms. Memory: 1204736K Free: 819528K (68%)
----------------- Invoking toplevel() on ptolemy.moml.MoMLSimpleApplication@1d749262
----------------- Done invoking toplevel() on ptolemy.moml.MoMLSimpleApplication@1d749262
reloadAllAccessors: .RecordAssemblerTypeError
----------------- testing Thu May 10 02:23:01 UTC 2018 /home/travis/build/icyphy/ptII/ptolemy/actor/lib/test/auto/RecordDisassember.xml
----------------- Instantiating /home/travis/build/icyphy/ptII/ptolemy/actor/lib/test/auto/RecordDisassember.xml
3 ms. Memory: 1204736K Free: 805445K (67%)
----------------- Invoking toplevel() on ptolemy.moml.MoMLSimpleApplication@6d18cbf7
----------------- Done invoking toplevel() on ptolemy.moml.MoMLSimpleApplication@6d18cbf7
reloadAllAccessors: .RecordDisassember
----------------- testing Thu May 10 02:23:01 UTC 2018 /home/travis/build/icyphy/ptII/ptolemy/actor/lib/test/auto/RecordDisassemberDisplayNameTest.xml
----------------- Instantiating /home/travis/build/icyphy/ptII/ptolemy/actor/lib/test/auto/RecordDisassemberDisplayNameTest.xml
5 ms. Memory: 1204736K Free: 791361K (66%)
----------------- Invoking toplevel() on ptolemy.moml.MoMLSimpleApplication@210969cf
----------------- Done invoking toplevel() on ptolemy.moml.MoMLSimpleApplication@210969cf
reloadAllAccessors: .RecordDisassemberDisplayNameTest
----------------- testing Thu May 10 02:23:01 UTC 2018 /home/travis/build/icyphy/ptII/ptolemy/actor/lib/test/auto/RecordDisassembler.xml
----------------- Instantiating /home/travis/build/icyphy/ptII/ptolemy/actor/lib/test/auto/RecordDisassembler.xml
2 ms. Memory: 1204736K Free: 777278K (65%)
----------------- Invoking toplevel() on ptolemy.moml.MoMLSimpleApplication@4279f2b3
----------------- Done invoking toplevel() on ptolemy.moml.MoMLSimpleApplication@4279f2b3
reloadAllAccessors: .RecordDisassembler
----------------- testing Thu May 10 02:23:01 UTC 2018 /home/travis/build/icyphy/ptII/ptolemy/actor/lib/test/auto/RecordDisassembler2.xml
----------------- Instantiating /home/travis/build/icyphy/ptII/ptolemy/actor/lib/test/auto/RecordDisassembler2.xml
3 ms. Memory: 1204736K Free: 763195K (63%)
----------------- Invoking toplevel() on ptolemy.moml.MoMLSimpleApplication@aaf5153
----------------- Done invoking toplevel() on ptolemy.moml.MoMLSimpleApplication@aaf5153
reloadAllAccessors: .RecordDisassembler2
----------------- testing Thu May 10 02:23:01 UTC 2018 /home/travis/build/icyphy/ptII/ptolemy/actor/lib/test/auto/RecordUpdater.xml
----------------- Instantiating /home/travis/build/icyphy/ptII/ptolemy/actor/lib/test/auto/RecordUpdater.xml
1 ms. Memory: 1204736K Free: 752151K (62%)
----------------- Invoking toplevel() on ptolemy.moml.MoMLSimpleApplication@76dd9e92
----------------- Done invoking toplevel() on ptolemy.moml.MoMLSimpleApplication@76dd9e92
reloadAllAccessors: .RecordUpdater
----------------- testing Thu May 10 02:23:02 UTC 2018 /home/travis/build/icyphy/ptII/ptolemy/actor/lib/test/auto/RecordUpdater2.xml
----------------- Instantiating /home/travis/build/icyphy/ptII/ptolemy/actor/lib/test/auto/RecordUpdater2.xml
1 ms. Memory: 1204736K Free: 738068K (61%)
----------------- Invoking toplevel() on ptolemy.moml.MoMLSimpleApplication@ac483b3
----------------- Done invoking toplevel() on ptolemy.moml.MoMLSimpleApplication@ac483b3
reloadAllAccessors: .RecordUpdater2
----------------- testing Thu May 10 02:23:02 UTC 2018 /home/travis/build/icyphy/ptII/ptolemy/actor/lib/test/auto/RecursiveLattice.xml
----------------- Instantiating /home/travis/build/icyphy/ptII/ptolemy/actor/lib/test/auto/RecursiveLattice.xml
1 ms. Memory: 1204736K Free: 723984K (60%)
----------------- Invoking toplevel() on ptolemy.moml.MoMLSimpleApplication@4d7880d4
----------------- Done invoking toplevel() on ptolemy.moml.MoMLSimpleApplication@4d7880d4
reloadAllAccessors: .RecursiveLattice
----------------- testing Thu May 10 02:23:02 UTC 2018 /home/travis/build/icyphy/ptII/ptolemy/actor/lib/test/auto/Router.xml
----------------- Instantiating /home/travis/build/icyphy/ptII/ptolemy/actor/lib/test/auto/Router.xml
3004 ms. Memory: 1204736K Free: 704363K (58%)
----------------- Invoking toplevel() on ptolemy.moml.MoMLSimpleApplication@1e79944c
----------------- Done invoking toplevel() on ptolemy.moml.MoMLSimpleApplication@1e79944c
reloadAllAccessors: .Router
----------------- testing Thu May 10 02:23:05 UTC 2018 /home/travis/build/icyphy/ptII/ptolemy/actor/lib/test/auto/Router2.xml
----------------- Instantiating /home/travis/build/icyphy/ptII/ptolemy/actor/lib/test/auto/Router2.xml
3003 ms. Memory: 1204736K Free: 684742K (57%)
----------------- Invoking toplevel() on ptolemy.moml.MoMLSimpleApplication@259680c9
----------------- Done invoking toplevel() on ptolemy.moml.MoMLSimpleApplication@259680c9
reloadAllAccessors: .Router2
----------------- testing Thu May 10 02:23:08 UTC 2018 /home/travis/build/icyphy/ptII/ptolemy/actor/lib/test/auto/RunningMaximum.xml
----------------- Instantiating /home/travis/build/icyphy/ptII/ptolemy/actor/lib/test/auto/RunningMaximum.xml
1 ms. Memory: 1204736K Free: 673698K (56%)
----------------- Invoking toplevel() on ptolemy.moml.MoMLSimpleApplication@73dec38e
----------------- Done invoking toplevel() on ptolemy.moml.MoMLSimpleApplication@73dec38e
reloadAllAccessors: .RunningMaximum
----------------- testing Thu May 10 02:23:08 UTC 2018 /home/travis/build/icyphy/ptII/ptolemy/actor/lib/test/auto/RunningMinimum.xml
----------------- Instantiating /home/travis/build/icyphy/ptII/ptolemy/actor/lib/test/auto/RunningMinimum.xml
1 ms. Memory: 1204736K Free: 659615K (55%)
----------------- Invoking toplevel() on ptolemy.moml.MoMLSimpleApplication@7916457e
----------------- Done invoking toplevel() on ptolemy.moml.MoMLSimpleApplication@7916457e
reloadAllAccessors: .RunningMinimum
----------------- testing Thu May 10 02:23:08 UTC 2018 /home/travis/build/icyphy/ptII/ptolemy/actor/lib/test/auto/Scale.xml
----------------- Instantiating /home/travis/build/icyphy/ptII/ptolemy/actor/lib/test/auto/Scale.xml
1 ms. Memory: 1204736K Free: 645531K (54%)
----------------- Invoking toplevel() on ptolemy.moml.MoMLSimpleApplication@72aa9ae6
----------------- Done invoking toplevel() on ptolemy.moml.MoMLSimpleApplication@72aa9ae6
reloadAllAccessors: .Scale
----------------- testing Thu May 10 02:23:08 UTC 2018 /home/travis/build/icyphy/ptII/ptolemy/actor/lib/test/auto/Scale2.xml
----------------- Instantiating /home/travis/build/icyphy/ptII/ptolemy/actor/lib/test/auto/Scale2.xml
1 ms. Memory: 1204736K Free: 631448K (52%)
----------------- Invoking toplevel() on ptolemy.moml.MoMLSimpleApplication@3ba1fe39
----------------- Done invoking toplevel() on ptolemy.moml.MoMLSimpleApplication@3ba1fe39
reloadAllAccessors: .Scale2
----------------- testing Thu May 10 02:23:08 UTC 2018 /home/travis/build/icyphy/ptII/ptolemy/actor/lib/test/auto/Scale3.xml
----------------- Instantiating /home/travis/build/icyphy/ptII/ptolemy/actor/lib/test/auto/Scale3.xml
3 ms. Memory: 1204736K Free: 617365K (51%)
----------------- Invoking toplevel() on ptolemy.moml.MoMLSimpleApplication@505320a1
----------------- Done invoking toplevel() on ptolemy.moml.MoMLSimpleApplication@505320a1
reloadAllAccessors: .Scale3
----------------- testing Thu May 10 02:23:08 UTC 2018 /home/travis/build/icyphy/ptII/ptolemy/actor/lib/test/auto/ScaleArray.xml
----------------- Instantiating /home/travis/build/icyphy/ptII/ptolemy/actor/lib/test/auto/ScaleArray.xml
1 ms. Memory: 1204736K Free: 603281K (50%)
----------------- Invoking toplevel() on ptolemy.moml.MoMLSimpleApplication@44590600
----------------- Done invoking toplevel() on ptolemy.moml.MoMLSimpleApplication@44590600
reloadAllAccessors: .ScaleArray
----------------- testing Thu May 10 02:23:08 UTC 2018 /home/travis/build/icyphy/ptII/ptolemy/actor/lib/test/auto/ScaleArray2.xml
----------------- Instantiating /home/travis/build/icyphy/ptII/ptolemy/actor/lib/test/auto/ScaleArray2.xml
2 ms. Memory: 1204736K Free: 592238K (49%)
----------------- Invoking toplevel() on ptolemy.moml.MoMLSimpleApplication@3e182fc7
----------------- Done invoking toplevel() on ptolemy.moml.MoMLSimpleApplication@3e182fc7
reloadAllAccessors: .ScaleArray2
----------------- testing Thu May 10 02:23:08 UTC 2018 /home/travis/build/icyphy/ptII/ptolemy/actor/lib/test/auto/ScaleMatrix.xml
----------------- Instantiating /home/travis/build/icyphy/ptII/ptolemy/actor/lib/test/auto/ScaleMatrix.xml
129 ms. Memory: 1204736K Free: 567084K (47%)
----------------- Invoking toplevel() on ptolemy.moml.MoMLSimpleApplication@e639ea4
----------------- Done invoking toplevel() on ptolemy.moml.MoMLSimpleApplication@e639ea4
reloadAllAccessors: .ScaleMatrix
----------------- testing Thu May 10 02:23:08 UTC 2018 /home/travis/build/icyphy/ptII/ptolemy/actor/lib/test/auto/Select.xml
----------------- Instantiating /home/travis/build/icyphy/ptII/ptolemy/actor/lib/test/auto/Select.xml
2 ms. Memory: 1204736K Free: 553000K (46%)
----------------- Invoking toplevel() on ptolemy.moml.MoMLSimpleApplication@2e44180c
----------------- Done invoking toplevel() on ptolemy.moml.MoMLSimpleApplication@2e44180c
reloadAllAccessors: .Select
----------------- testing Thu May 10 02:23:08 UTC 2018 /home/travis/build/icyphy/ptII/ptolemy/actor/lib/test/auto/Select2.xml
----------------- Instantiating /home/travis/build/icyphy/ptII/ptolemy/actor/lib/test/auto/Select2.xml
1 ms. Memory: 1204736K Free: 538917K (45%)
----------------- Invoking toplevel() on ptolemy.moml.MoMLSimpleApplication@3abae5f8
----------------- Done invoking toplevel() on ptolemy.moml.MoMLSimpleApplication@3abae5f8
reloadAllAccessors: .Select2
----------------- testing Thu May 10 02:23:08 UTC 2018 /home/travis/build/icyphy/ptII/ptolemy/actor/lib/test/auto/SequenceToArray2.xml
----------------- Instantiating /home/travis/build/icyphy/ptII/ptolemy/actor/lib/test/auto/SequenceToArray2.xml
74 ms. Memory: 1204736K Free: 464076K (39%)
----------------- Invoking toplevel() on ptolemy.moml.MoMLSimpleApplication@2369ca29
----------------- Done invoking toplevel() on ptolemy.moml.MoMLSimpleApplication@2369ca29
reloadAllAccessors: .SequenceToArray2
----------------- testing Thu May 10 02:23:08 UTC 2018 /home/travis/build/icyphy/ptII/ptolemy/actor/lib/test/auto/SequentialClock.xml
----------------- Instantiating /home/travis/build/icyphy/ptII/ptolemy/actor/lib/test/auto/SequentialClock.xml
1 ms. Memory: 1204736K Free: 453032K (38%)
----------------- Invoking toplevel() on ptolemy.moml.MoMLSimpleApplication@32efe4bd
----------------- Done invoking toplevel() on ptolemy.moml.MoMLSimpleApplication@32efe4bd
reloadAllAccessors: .SequentialClock
----------------- testing Thu May 10 02:23:08 UTC 2018 /home/travis/build/icyphy/ptII/ptolemy/actor/lib/test/auto/SetVariable.xml
----------------- Instantiating /home/travis/build/icyphy/ptII/ptolemy/actor/lib/test/auto/SetVariable.xml
2 ms. Memory: 1204736K Free: 438949K (36%)
----------------- Invoking toplevel() on ptolemy.moml.MoMLSimpleApplication@66b9d15a
----------------- Done invoking toplevel() on ptolemy.moml.MoMLSimpleApplication@66b9d15a
reloadAllAccessors: .SetVariable
----------------- testing Thu May 10 02:23:08 UTC 2018 /home/travis/build/icyphy/ptII/ptolemy/actor/lib/test/auto/SetVariable2.xml
----------------- Instantiating /home/travis/build/icyphy/ptII/ptolemy/actor/lib/test/auto/SetVariable2.xml
1 ms. Memory: 1204736K Free: 424865K (35%)
----------------- Invoking toplevel() on ptolemy.moml.MoMLSimpleApplication@4805f3f3
----------------- Done invoking toplevel() on ptolemy.moml.MoMLSimpleApplication@4805f3f3
reloadAllAccessors: .SetVariable2
----------------- testing Thu May 10 02:23:08 UTC 2018 /home/travis/build/icyphy/ptII/ptolemy/actor/lib/test/auto/SetVariable3.xml
----------------- Instantiating /home/travis/build/icyphy/ptII/ptolemy/actor/lib/test/auto/SetVariable3.xml
2 ms. Memory: 1204736K Free: 410782K (34%)
----------------- Invoking toplevel() on ptolemy.moml.MoMLSimpleApplication@50ec6059
----------------- Done invoking toplevel() on ptolemy.moml.MoMLSimpleApplication@50ec6059
reloadAllAccessors: .SetVariable3
----------------- testing Thu May 10 02:23:08 UTC 2018 /home/travis/build/icyphy/ptII/ptolemy/actor/lib/test/auto/SetVariable4.xml
----------------- Instantiating /home/travis/build/icyphy/ptII/ptolemy/actor/lib/test/auto/SetVariable4.xml
17 ms. Memory: 1204736K Free: 358046K (30%)
----------------- Invoking toplevel() on ptolemy.moml.MoMLSimpleApplication@db52cd7
----------------- Done invoking toplevel() on ptolemy.moml.MoMLSimpleApplication@db52cd7
reloadAllAccessors: .SetVariable4
----------------- testing Thu May 10 02:23:08 UTC 2018 /home/travis/build/icyphy/ptII/ptolemy/actor/lib/test/auto/SetVariable5.xml
----------------- Instantiating /home/travis/build/icyphy/ptII/ptolemy/actor/lib/test/auto/SetVariable5.xml
7 ms. Memory: 1204736K Free: 338440K (28%)
----------------- Invoking toplevel() on ptolemy.moml.MoMLSimpleApplication@194757ca
----------------- Done invoking toplevel() on ptolemy.moml.MoMLSimpleApplication@194757ca
reloadAllAccessors: .SetVariable5
----------------- testing Thu May 10 02:23:08 UTC 2018 /home/travis/build/icyphy/ptII/ptolemy/actor/lib/test/auto/Sinewave.xml
----------------- Instantiating /home/travis/build/icyphy/ptII/ptolemy/actor/lib/test/auto/Sinewave.xml
3 ms. Memory: 1204736K Free: 321859K (27%)
----------------- Invoking toplevel() on ptolemy.moml.MoMLSimpleApplication@5b8660e2
----------------- Done invoking toplevel() on ptolemy.moml.MoMLSimpleApplication@5b8660e2
reloadAllAccessors: .Sinewave
----------------- testing Thu May 10 02:23:08 UTC 2018 /home/travis/build/icyphy/ptII/ptolemy/actor/lib/test/auto/Sinewave2.xml
----------------- Instantiating /home/travis/build/icyphy/ptII/ptolemy/actor/lib/test/auto/Sinewave2.xml
4 ms. Memory: 1204736K Free: 307775K (26%)
----------------- Invoking toplevel() on ptolemy.moml.MoMLSimpleApplication@5985509d
----------------- Done invoking toplevel() on ptolemy.moml.MoMLSimpleApplication@5985509d
reloadAllAccessors: .Sinewave2
----------------- testing Thu May 10 02:23:08 UTC 2018 /home/travis/build/icyphy/ptII/ptolemy/actor/lib/test/auto/Sinewave3.xml
----------------- Instantiating /home/travis/build/icyphy/ptII/ptolemy/actor/lib/test/auto/Sinewave3.xml
6 ms. Memory: 1204736K Free: 293692K (24%)
----------------- Invoking toplevel() on ptolemy.moml.MoMLSimpleApplication@4dbe8e24
----------------- Done invoking toplevel() on ptolemy.moml.MoMLSimpleApplication@4dbe8e24
reloadAllAccessors: .Sinewave3
----------------- testing Thu May 10 02:23:08 UTC 2018 /home/travis/build/icyphy/ptII/ptolemy/actor/lib/test/auto/SingleEvent.xml
----------------- Instantiating /home/travis/build/icyphy/ptII/ptolemy/actor/lib/test/auto/SingleEvent.xml
1 ms. Memory: 1204736K Free: 279609K (23%)
----------------- Invoking toplevel() on ptolemy.moml.MoMLSimpleApplication@3a65bbdc
----------------- Done invoking toplevel() on ptolemy.moml.MoMLSimpleApplication@3a65bbdc
reloadAllAccessors: .SingleEvent
----------------- testing Thu May 10 02:23:08 UTC 2018 /home/travis/build/icyphy/ptII/ptolemy/actor/lib/test/auto/Sleep.xml
----------------- Instantiating /home/travis/build/icyphy/ptII/ptolemy/actor/lib/test/auto/Sleep.xml
6003 ms. Memory: 1204736K Free: 265525K (22%)
----------------- Invoking toplevel() on ptolemy.moml.MoMLSimpleApplication@6766cae7
----------------- Done invoking toplevel() on ptolemy.moml.MoMLSimpleApplication@6766cae7
reloadAllAccessors: .Sleep
----------------- testing Thu May 10 02:23:14 UTC 2018 /home/travis/build/icyphy/ptII/ptolemy/actor/lib/test/auto/SleepMultipleFire.xml
----------------- Instantiating /home/travis/build/icyphy/ptII/ptolemy/actor/lib/test/auto/SleepMultipleFire.xml
1005 ms. Memory: 1204736K Free: 251442K (21%)
----------------- Invoking toplevel() on ptolemy.moml.MoMLSimpleApplication@67550e27
----------------- Done invoking toplevel() on ptolemy.moml.MoMLSimpleApplication@67550e27
reloadAllAccessors: .SleepMultipleFire
----------------- testing Thu May 10 02:23:15 UTC 2018 /home/travis/build/icyphy/ptII/ptolemy/actor/lib/test/auto/StopDE.xml
----------------- Instantiating /home/travis/build/icyphy/ptII/ptolemy/actor/lib/test/auto/StopDE.xml
2 ms. Memory: 1204736K Free: 240398K (20%)
----------------- Invoking toplevel() on ptolemy.moml.MoMLSimpleApplication@5f961fd4
----------------- Done invoking toplevel() on ptolemy.moml.MoMLSimpleApplication@5f961fd4
reloadAllAccessors: .StopDE
----------------- testing Thu May 10 02:23:15 UTC 2018 /home/travis/build/icyphy/ptII/ptolemy/actor/lib/test/auto/StopSDF.xml
----------------- Instantiating /home/travis/build/icyphy/ptII/ptolemy/actor/lib/test/auto/StopSDF.xml
3 ms. Memory: 1204736K Free: 226315K (19%)
----------------- Invoking toplevel() on ptolemy.moml.MoMLSimpleApplication@1baa7bdd
----------------- Done invoking toplevel() on ptolemy.moml.MoMLSimpleApplication@1baa7bdd
reloadAllAccessors: .StopSDF
----------------- testing Thu May 10 02:23:15 UTC 2018 /home/travis/build/icyphy/ptII/ptolemy/actor/lib/test/auto/StringConstant.xml
----------------- Instantiating /home/travis/build/icyphy/ptII/ptolemy/actor/lib/test/auto/StringConstant.xml
1 ms. Memory: 1204736K Free: 212231K (18%)
----------------- Invoking toplevel() on ptolemy.moml.MoMLSimpleApplication@4ea39cde
----------------- Done invoking toplevel() on ptolemy.moml.MoMLSimpleApplication@4ea39cde
reloadAllAccessors: .StringConstant
----------------- testing Thu May 10 02:23:15 UTC 2018 /home/travis/build/icyphy/ptII/ptolemy/actor/lib/test/auto/SubscriberPortInitialValues1.xml
----------------- Instantiating /home/travis/build/icyphy/ptII/ptolemy/actor/lib/test/auto/SubscriberPortInitialValues1.xml
5 ms. Memory: 1204736K Free: 198148K (16%)
----------------- Invoking toplevel() on ptolemy.moml.MoMLSimpleApplication@7eec57f1
----------------- Done invoking toplevel() on ptolemy.moml.MoMLSimpleApplication@7eec57f1
reloadAllAccessors: .SubscriberPortInitialValues1
----------------- testing Thu May 10 02:23:15 UTC 2018 /home/travis/build/icyphy/ptII/ptolemy/actor/lib/test/auto/SubscriberPortInitialValues13.xml
----------------- Instantiating /home/travis/build/icyphy/ptII/ptolemy/actor/lib/test/auto/SubscriberPortInitialValues13.xml
4 ms. Memory: 1204736K Free: 178542K (15%)
----------------- Invoking toplevel() on ptolemy.moml.MoMLSimpleApplication@959e9f7
----------------- Done invoking toplevel() on ptolemy.moml.MoMLSimpleApplication@959e9f7
reloadAllAccessors: .SubscriberPortInitialValues13
----------------- testing Thu May 10 02:23:15 UTC 2018 /home/travis/build/icyphy/ptII/ptolemy/actor/lib/test/auto/SubscriberPortInitialValues14.xml
----------------- Instantiating /home/travis/build/icyphy/ptII/ptolemy/actor/lib/test/auto/SubscriberPortInitialValues14.xml
4 ms. Memory: 1204736K Free: 167498K (14%)
----------------- Invoking toplevel() on ptolemy.moml.MoMLSimpleApplication@6e26b7c6
----------------- Done invoking toplevel() on ptolemy.moml.MoMLSimpleApplication@6e26b7c6
reloadAllAccessors: .SubscriberPortInitialValues14
----------------- testing Thu May 10 02:23:15 UTC 2018 /home/travis/build/icyphy/ptII/ptolemy/actor/lib/test/auto/SubscriberPortInitialValues2.xml
----------------- Instantiating /home/travis/build/icyphy/ptII/ptolemy/actor/lib/test/auto/SubscriberPortInitialValues2.xml
4 ms. Memory: 1204736K Free: 153415K (13%)
----------------- Invoking toplevel() on ptolemy.moml.MoMLSimpleApplication@67181621
----------------- Done invoking toplevel() on ptolemy.moml.MoMLSimpleApplication@67181621
reloadAllAccessors: .SubscriberPortInitialValues2
----------------- testing Thu May 10 02:23:15 UTC 2018 /home/travis/build/icyphy/ptII/ptolemy/actor/lib/test/auto/SubscriberPortInitialValues3.xml
----------------- Instantiating /home/travis/build/icyphy/ptII/ptolemy/actor/lib/test/auto/SubscriberPortInitialValues3.xml
4 ms. Memory: 1204736K Free: 133793K (11%)
----------------- Invoking toplevel() on ptolemy.moml.MoMLSimpleApplication@7b620f54
----------------- Done invoking toplevel() on ptolemy.moml.MoMLSimpleApplication@7b620f54
reloadAllAccessors: .SubscriberPortInitialValues3
----------------- testing Thu May 10 02:23:15 UTC 2018 /home/travis/build/icyphy/ptII/ptolemy/actor/lib/test/auto/SubscriptionAggregator.xml
----------------- Instantiating /home/travis/build/icyphy/ptII/ptolemy/actor/lib/test/auto/SubscriptionAggregator.xml
3 ms. Memory: 1204736K Free: 119710K (10%)
----------------- Invoking toplevel() on ptolemy.moml.MoMLSimpleApplication@4be3c81f
----------------- Done invoking toplevel() on ptolemy.moml.MoMLSimpleApplication@4be3c81f
reloadAllAccessors: .SubscriptionAggregator
----------------- testing Thu May 10 02:23:15 UTC 2018 /home/travis/build/icyphy/ptII/ptolemy/actor/lib/test/auto/SubscriptionAggregator2.xml
----------------- Instantiating /home/travis/build/icyphy/ptII/ptolemy/actor/lib/test/auto/SubscriptionAggregator2.xml
4 ms. Memory: 1204736K Free: 105627K (9%)
----------------- Invoking toplevel() on ptolemy.moml.MoMLSimpleApplication@3a37a08b
----------------- Done invoking toplevel() on ptolemy.moml.MoMLSimpleApplication@3a37a08b
reloadAllAccessors: .SubscriptionAggregator2
----------------- testing Thu May 10 02:23:15 UTC 2018 /home/travis/build/icyphy/ptII/ptolemy/actor/lib/test/auto/SubscriptionAggregator3.xml
----------------- Instantiating /home/travis/build/icyphy/ptII/ptolemy/actor/lib/test/auto/SubscriptionAggregator3.xml
3 ms. Memory: 1204736K Free: 86006K (7%)
----------------- Invoking toplevel() on ptolemy.moml.MoMLSimpleApplication@6500e793
----------------- Done invoking toplevel() on ptolemy.moml.MoMLSimpleApplication@6500e793
reloadAllAccessors: .SubscriptionAggregator3
----------------- testing Thu May 10 02:23:15 UTC 2018 /home/travis/build/icyphy/ptII/ptolemy/actor/lib/test/auto/SubscriptionAggregatorMultiply.xml
----------------- Instantiating /home/travis/build/icyphy/ptII/ptolemy/actor/lib/test/auto/SubscriptionAggregatorMultiply.xml
3 ms. Memory: 1204736K Free: 69432K (6%)
----------------- Invoking toplevel() on ptolemy.moml.MoMLSimpleApplication@6c6fd4d8
----------------- Done invoking toplevel() on ptolemy.moml.MoMLSimpleApplication@6c6fd4d8
reloadAllAccessors: .SubscriptionAggregatorMultiply
----------------- testing Thu May 10 02:23:15 UTC 2018 /home/travis/build/icyphy/ptII/ptolemy/actor/lib/test/auto/SubscriptionAggregatorPortMultiply1.xml
----------------- Instantiating /home/travis/build/icyphy/ptII/ptolemy/actor/lib/test/auto/SubscriptionAggregatorPortMultiply1.xml
14 ms. Memory: 1222656K Free: 1180086K (97%)
----------------- Invoking toplevel() on ptolemy.moml.MoMLSimpleApplication@25ad38cb
----------------- Done invoking toplevel() on ptolemy.moml.MoMLSimpleApplication@25ad38cb
reloadAllAccessors: .SubscriptionAggregatorPortMultiply1
----------------- testing Thu May 10 02:23:15 UTC 2018 /home/travis/build/icyphy/ptII/ptolemy/actor/lib/test/auto/Switch.xml
----------------- Instantiating /home/travis/build/icyphy/ptII/ptolemy/actor/lib/test/auto/Switch.xml
3 ms. Memory: 1222656K Free: 1130261K (92%)
----------------- Invoking toplevel() on ptolemy.moml.MoMLSimpleApplication@7da311ca
----------------- Done invoking toplevel() on ptolemy.moml.MoMLSimpleApplication@7da311ca
reloadAllAccessors: .Switch
----------------- testing Thu May 10 02:23:15 UTC 2018 /home/travis/build/icyphy/ptII/ptolemy/actor/lib/test/auto/Switch2.xml
----------------- Instantiating /home/travis/build/icyphy/ptII/ptolemy/actor/lib/test/auto/Switch2.xml
1 ms. Memory: 1222656K Free: 1116412K (91%)
----------------- Invoking toplevel() on ptolemy.moml.MoMLSimpleApplication@7dcde583
----------------- Done invoking toplevel() on ptolemy.moml.MoMLSimpleApplication@7dcde583
reloadAllAccessors: .Switch2
----------------- testing Thu May 10 02:23:16 UTC 2018 /home/travis/build/icyphy/ptII/ptolemy/actor/lib/test/auto/SwitchDE.xml
----------------- Instantiating /home/travis/build/icyphy/ptII/ptolemy/actor/lib/test/auto/SwitchDE.xml
1 ms. Memory: 1222656K Free: 1102563K (90%)
----------------- Invoking toplevel() on ptolemy.moml.MoMLSimpleApplication@a26ecda
----------------- Done invoking toplevel() on ptolemy.moml.MoMLSimpleApplication@a26ecda
reloadAllAccessors: .SwitchDE
----------------- testing Thu May 10 02:23:16 UTC 2018 /home/travis/build/icyphy/ptII/ptolemy/actor/lib/test/auto/SynchronizerDE.xml
----------------- Instantiating /home/travis/build/icyphy/ptII/ptolemy/actor/lib/test/auto/SynchronizerDE.xml
2 ms. Memory: 1222656K Free: 1083174K (89%)
----------------- Invoking toplevel() on ptolemy.moml.MoMLSimpleApplication@777b169d
----------------- Done invoking toplevel() on ptolemy.moml.MoMLSimpleApplication@777b169d
reloadAllAccessors: .SynchronizerDE
----------------- testing Thu May 10 02:23:16 UTC 2018 /home/travis/build/icyphy/ptII/ptolemy/actor/lib/test/auto/Test.xml
----------------- Instantiating /home/travis/build/icyphy/ptII/ptolemy/actor/lib/test/auto/Test.xml
2 ms. Memory: 1222656K Free: 1069325K (87%)
----------------- Invoking toplevel() on ptolemy.moml.MoMLSimpleApplication@54607236
----------------- Done invoking toplevel() on ptolemy.moml.MoMLSimpleApplication@54607236
reloadAllAccessors: .Test
----------------- testing Thu May 10 02:23:16 UTC 2018 /home/travis/build/icyphy/ptII/ptolemy/actor/lib/test/auto/TestExceptionAttribute1.xml
----------------- Instantiating /home/travis/build/icyphy/ptII/ptolemy/actor/lib/test/auto/TestExceptionAttribute1.xml
1 ms. Memory: 1222656K Free: 1055476K (86%)
----------------- Invoking toplevel() on ptolemy.moml.MoMLSimpleApplication@49ebaf8d
----------------- Done invoking toplevel() on ptolemy.moml.MoMLSimpleApplication@49ebaf8d
reloadAllAccessors: .TestExceptionAttribute1
----------------- testing Thu May 10 02:23:16 UTC 2018 /home/travis/build/icyphy/ptII/ptolemy/actor/lib/test/auto/TestExceptionAttribute2.xml
----------------- Instantiating /home/travis/build/icyphy/ptII/ptolemy/actor/lib/test/auto/TestExceptionAttribute2.xml
1 ms. Memory: 1222656K Free: 1041628K (85%)
----------------- Invoking toplevel() on ptolemy.moml.MoMLSimpleApplication@4809e79e
----------------- Done invoking toplevel() on ptolemy.moml.MoMLSimpleApplication@4809e79e
reloadAllAccessors: .TestExceptionAttribute2
----------------- testing Thu May 10 02:23:16 UTC 2018 /home/travis/build/icyphy/ptII/ptolemy/actor/lib/test/auto/TestExceptionAttribute3.xml
----------------- Instantiating /home/travis/build/icyphy/ptII/ptolemy/actor/lib/test/auto/TestExceptionAttribute3.xml
.TestExceptionAttribute3.TestExceptionAttribute: initialize() was not invoked, but wrapup() was.  This is unusual, but not always a problem.  For example, exporting JNLP will do this.
0 ms. Memory: 1222656K Free: 1027779K (84%)
----------------- Invoking toplevel() on ptolemy.moml.MoMLSimpleApplication@6a454a5f
----------------- Done invoking toplevel() on ptolemy.moml.MoMLSimpleApplication@6a454a5f
reloadAllAccessors: .TestExceptionAttribute3
----------------- testing Thu May 10 02:23:16 UTC 2018 /home/travis/build/icyphy/ptII/ptolemy/actor/lib/test/auto/TestExceptionAttribute4.xml
----------------- Instantiating /home/travis/build/icyphy/ptII/ptolemy/actor/lib/test/auto/TestExceptionAttribute4.xml
.TestExceptionAttribute4.TestExceptionAttribute: initialize() was not invoked, but wrapup() was.  This is unusual, but not always a problem.  For example, exporting JNLP will do this.
.TestExceptionAttribute4.TestExceptionAttribute2: initialize() was not invoked, but wrapup() was.  This is unusual, but not always a problem.  For example, exporting JNLP will do this.
1 ms. Memory: 1222656K Free: 1013930K (83%)
----------------- Invoking toplevel() on ptolemy.moml.MoMLSimpleApplication@551b25b
----------------- Done invoking toplevel() on ptolemy.moml.MoMLSimpleApplication@551b25b
reloadAllAccessors: .TestExceptionAttribute4
----------------- testing Thu May 10 02:23:16 UTC 2018 /home/travis/build/icyphy/ptII/ptolemy/actor/lib/test/auto/TestExceptionHandler1.xml
----------------- Instantiating /home/travis/build/icyphy/ptII/ptolemy/actor/lib/test/auto/TestExceptionHandler1.xml
1 ms. Memory: 1222656K Free: 1000082K (82%)
----------------- Invoking toplevel() on ptolemy.moml.MoMLSimpleApplication@4f568cd
----------------- Done invoking toplevel() on ptolemy.moml.MoMLSimpleApplication@4f568cd
reloadAllAccessors: .TestExceptionHandler1
----------------- testing Thu May 10 02:23:16 UTC 2018 /home/travis/build/icyphy/ptII/ptolemy/actor/lib/test/auto/TestExceptionHandler2.xml
----------------- Instantiating /home/travis/build/icyphy/ptII/ptolemy/actor/lib/test/auto/TestExceptionHandler2.xml
0 ms. Memory: 1222656K Free: 986233K (81%)
----------------- Invoking toplevel() on ptolemy.moml.MoMLSimpleApplication@dd8c213
----------------- Done invoking toplevel() on ptolemy.moml.MoMLSimpleApplication@dd8c213
reloadAllAccessors: .TestExceptionHandler2
----------------- testing Thu May 10 02:23:16 UTC 2018 /home/travis/build/icyphy/ptII/ptolemy/actor/lib/test/auto/TestExceptionHandler3.xml
----------------- Instantiating /home/travis/build/icyphy/ptII/ptolemy/actor/lib/test/auto/TestExceptionHandler3.xml
1 ms. Memory: 1222656K Free: 975169K (80%)
----------------- Invoking toplevel() on ptolemy.moml.MoMLSimpleApplication@1918f05a
----------------- Done invoking toplevel() on ptolemy.moml.MoMLSimpleApplication@1918f05a
reloadAllAccessors: .TestExceptionHandler3
----------------- testing Thu May 10 02:23:16 UTC 2018 /home/travis/build/icyphy/ptII/ptolemy/actor/lib/test/auto/TestExceptionHandler4.xml
----------------- Instantiating /home/travis/build/icyphy/ptII/ptolemy/actor/lib/test/auto/TestExceptionHandler4.xml
1 ms. Memory: 1222656K Free: 961320K (79%)
----------------- Invoking toplevel() on ptolemy.moml.MoMLSimpleApplication@3c5d8eaa
----------------- Done invoking toplevel() on ptolemy.moml.MoMLSimpleApplication@3c5d8eaa
reloadAllAccessors: .TestExceptionHandler4
----------------- testing Thu May 10 02:23:16 UTC 2018 /home/travis/build/icyphy/ptII/ptolemy/actor/lib/test/auto/TestRequireCorrectOrder.xml
----------------- Instantiating /home/travis/build/icyphy/ptII/ptolemy/actor/lib/test/auto/TestRequireCorrectOrder.xml
2 ms. Memory: 1222656K Free: 947471K (77%)
----------------- Invoking toplevel() on ptolemy.moml.MoMLSimpleApplication@5511fc47
----------------- Done invoking toplevel() on ptolemy.moml.MoMLSimpleApplication@5511fc47
reloadAllAccessors: .TestRequireCorrectOrder
----------------- testing Thu May 10 02:23:16 UTC 2018 /home/travis/build/icyphy/ptII/ptolemy/actor/lib/test/auto/TestSimple.xml
----------------- Instantiating /home/travis/build/icyphy/ptII/ptolemy/actor/lib/test/auto/TestSimple.xml
1 ms. Memory: 1222656K Free: 933622K (76%)
----------------- Invoking toplevel() on ptolemy.moml.MoMLSimpleApplication@224f5196
----------------- Done invoking toplevel() on ptolemy.moml.MoMLSimpleApplication@224f5196
reloadAllAccessors: .TestSimple
----------------- testing Thu May 10 02:23:16 UTC 2018 /home/travis/build/icyphy/ptII/ptolemy/actor/lib/test/auto/ThrowModelError.xml
----------------- Instantiating /home/travis/build/icyphy/ptII/ptolemy/actor/lib/test/auto/ThrowModelError.xml
1 ms. Memory: 1222656K Free: 919773K (75%)
----------------- Invoking toplevel() on ptolemy.moml.MoMLSimpleApplication@3ee0b909
----------------- Done invoking toplevel() on ptolemy.moml.MoMLSimpleApplication@3ee0b909
reloadAllAccessors: .ThrowModelError
----------------- testing Thu May 10 02:23:16 UTC 2018 /home/travis/build/icyphy/ptII/ptolemy/actor/lib/test/auto/TimeDelayMicrosteps.xml
----------------- Instantiating /home/travis/build/icyphy/ptII/ptolemy/actor/lib/test/auto/TimeDelayMicrosteps.xml
2 ms. Memory: 1222656K Free: 905924K (74%)
----------------- Invoking toplevel() on ptolemy.moml.MoMLSimpleApplication@4c18c092
----------------- Done invoking toplevel() on ptolemy.moml.MoMLSimpleApplication@4c18c092
reloadAllAccessors: .TimeDelayMicrosteps
----------------- testing Thu May 10 02:23:16 UTC 2018 /home/travis/build/icyphy/ptII/ptolemy/actor/lib/test/auto/TimeDelayMicrosteps2.xml
----------------- Instantiating /home/travis/build/icyphy/ptII/ptolemy/actor/lib/test/auto/TimeDelayMicrosteps2.xml
2 ms. Memory: 1222656K Free: 892076K (73%)
----------------- Invoking toplevel() on ptolemy.moml.MoMLSimpleApplication@2ee72c47
----------------- Done invoking toplevel() on ptolemy.moml.MoMLSimpleApplication@2ee72c47
reloadAllAccessors: .TimeDelayMicrosteps2
----------------- testing Thu May 10 02:23:16 UTC 2018 /home/travis/build/icyphy/ptII/ptolemy/actor/lib/test/auto/TimeDelayMicrosteps3.xml
----------------- Instantiating /home/travis/build/icyphy/ptII/ptolemy/actor/lib/test/auto/TimeDelayMicrosteps3.xml
2 ms. Memory: 1222656K Free: 878227K (72%)
----------------- Invoking toplevel() on ptolemy.moml.MoMLSimpleApplication@190410d0
----------------- Done invoking toplevel() on ptolemy.moml.MoMLSimpleApplication@190410d0
reloadAllAccessors: .TimeDelayMicrosteps3
----------------- testing Thu May 10 02:23:16 UTC 2018 /home/travis/build/icyphy/ptII/ptolemy/actor/lib/test/auto/TimeDelayVariableMicrosteps.xml
----------------- Instantiating /home/travis/build/icyphy/ptII/ptolemy/actor/lib/test/auto/TimeDelayVariableMicrosteps.xml
2 ms. Memory: 1222656K Free: 864378K (71%)
----------------- Invoking toplevel() on ptolemy.moml.MoMLSimpleApplication@6eba804
----------------- Done invoking toplevel() on ptolemy.moml.MoMLSimpleApplication@6eba804
reloadAllAccessors: .TimeDelayVariableMicrosteps
----------------- testing Thu May 10 02:23:16 UTC 2018 /home/travis/build/icyphy/ptII/ptolemy/actor/lib/test/auto/TimeGap.xml
----------------- Instantiating /home/travis/build/icyphy/ptII/ptolemy/actor/lib/test/auto/TimeGap.xml
2 ms. Memory: 1222656K Free: 850529K (70%)
----------------- Invoking toplevel() on ptolemy.moml.MoMLSimpleApplication@5bdb21c4
----------------- Done invoking toplevel() on ptolemy.moml.MoMLSimpleApplication@5bdb21c4
reloadAllAccessors: .TimeGap
----------------- testing Thu May 10 02:23:16 UTC 2018 /home/travis/build/icyphy/ptII/ptolemy/actor/lib/test/auto/TimeGap2.xml
----------------- Instantiating /home/travis/build/icyphy/ptII/ptolemy/actor/lib/test/auto/TimeGap2.xml
1 ms. Memory: 1222656K Free: 836680K (68%)
----------------- Invoking toplevel() on ptolemy.moml.MoMLSimpleApplication@65b9a0a
----------------- Done invoking toplevel() on ptolemy.moml.MoMLSimpleApplication@65b9a0a
reloadAllAccessors: .TimeGap2
----------------- testing Thu May 10 02:23:16 UTC 2018 /home/travis/build/icyphy/ptII/ptolemy/actor/lib/test/auto/TimedSinewave.xml
----------------- Instantiating /home/travis/build/icyphy/ptII/ptolemy/actor/lib/test/auto/TimedSinewave.xml
11 ms. Memory: 1222656K Free: 811767K (66%)
----------------- Invoking toplevel() on ptolemy.moml.MoMLSimpleApplication@339eb451
----------------- Done invoking toplevel() on ptolemy.moml.MoMLSimpleApplication@339eb451
reloadAllAccessors: .TimedSinewave
----------------- testing Thu May 10 02:23:16 UTC 2018 /home/travis/build/icyphy/ptII/ptolemy/actor/lib/test/auto/TimedSinewavePhase.xml
----------------- Instantiating /home/travis/build/icyphy/ptII/ptolemy/actor/lib/test/auto/TimedSinewavePhase.xml
7 ms. Memory: 1222656K Free: 795154K (65%)
----------------- Invoking toplevel() on ptolemy.moml.MoMLSimpleApplication@3429797a
----------------- Done invoking toplevel() on ptolemy.moml.MoMLSimpleApplication@3429797a
reloadAllAccessors: .TimedSinewavePhase
----------------- testing Thu May 10 02:23:16 UTC 2018 /home/travis/build/icyphy/ptII/ptolemy/actor/lib/test/auto/Timer.xml
----------------- Instantiating /home/travis/build/icyphy/ptII/ptolemy/actor/lib/test/auto/Timer.xml
2 ms. Memory: 1222656K Free: 781305K (64%)
----------------- Invoking toplevel() on ptolemy.moml.MoMLSimpleApplication@2cd9face
----------------- Done invoking toplevel() on ptolemy.moml.MoMLSimpleApplication@2cd9face
reloadAllAccessors: .Timer
----------------- testing Thu May 10 02:23:16 UTC 2018 /home/travis/build/icyphy/ptII/ptolemy/actor/lib/test/auto/TriangularDistTestModel.xml
----------------- Instantiating /home/travis/build/icyphy/ptII/ptolemy/actor/lib/test/auto/TriangularDistTestModel.xml
2 ms. Memory: 1222656K Free: 767456K (63%)
----------------- Invoking toplevel() on ptolemy.moml.MoMLSimpleApplication@270f6536
----------------- Done invoking toplevel() on ptolemy.moml.MoMLSimpleApplication@270f6536
reloadAllAccessors: .TriangularDistTestModel
----------------- testing Thu May 10 02:23:16 UTC 2018 /home/travis/build/icyphy/ptII/ptolemy/actor/lib/test/auto/TrigFunction.xml
----------------- Instantiating /home/travis/build/icyphy/ptII/ptolemy/actor/lib/test/auto/TrigFunction.xml
1 ms. Memory: 1222656K Free: 753608K (62%)
----------------- Invoking toplevel() on ptolemy.moml.MoMLSimpleApplication@4e8aaeb5
----------------- Done invoking toplevel() on ptolemy.moml.MoMLSimpleApplication@4e8aaeb5
reloadAllAccessors: .TrigFunction
----------------- testing Thu May 10 02:23:16 UTC 2018 /home/travis/build/icyphy/ptII/ptolemy/actor/lib/test/auto/TrigFunctionDE.xml
----------------- Instantiating /home/travis/build/icyphy/ptII/ptolemy/actor/lib/test/auto/TrigFunctionDE.xml
2 ms. Memory: 1222656K Free: 739759K (61%)
----------------- Invoking toplevel() on ptolemy.moml.MoMLSimpleApplication@6f7cdfdb
----------------- Done invoking toplevel() on ptolemy.moml.MoMLSimpleApplication@6f7cdfdb
reloadAllAccessors: .TrigFunctionDE
----------------- testing Thu May 10 02:23:16 UTC 2018 /home/travis/build/icyphy/ptII/ptolemy/actor/lib/test/auto/TrigFunctionInverse.xml
----------------- Instantiating /home/travis/build/icyphy/ptII/ptolemy/actor/lib/test/auto/TrigFunctionInverse.xml
3 ms. Memory: 1222656K Free: 725910K (59%)
----------------- Invoking toplevel() on ptolemy.moml.MoMLSimpleApplication@255aaf8a
----------------- Done invoking toplevel() on ptolemy.moml.MoMLSimpleApplication@255aaf8a
reloadAllAccessors: .TrigFunctionInverse
----------------- testing Thu May 10 02:23:16 UTC 2018 /home/travis/build/icyphy/ptII/ptolemy/actor/lib/test/auto/TrigFunctionTan.xml
----------------- Instantiating /home/travis/build/icyphy/ptII/ptolemy/actor/lib/test/auto/TrigFunctionTan.xml
1 ms. Memory: 1222656K Free: 712061K (58%)
----------------- Invoking toplevel() on ptolemy.moml.MoMLSimpleApplication@645b374d
----------------- Done invoking toplevel() on ptolemy.moml.MoMLSimpleApplication@645b374d
reloadAllAccessors: .TrigFunctionTan
----------------- testing Thu May 10 02:23:16 UTC 2018 /home/travis/build/icyphy/ptII/ptolemy/actor/lib/test/auto/TriggeredClock.xml
----------------- Instantiating /home/travis/build/icyphy/ptII/ptolemy/actor/lib/test/auto/TriggeredClock.xml
2 ms. Memory: 1222656K Free: 698213K (57%)
----------------- Invoking toplevel() on ptolemy.moml.MoMLSimpleApplication@518e3b6a
----------------- Done invoking toplevel() on ptolemy.moml.MoMLSimpleApplication@518e3b6a
reloadAllAccessors: .TriggeredClock
----------------- testing Thu May 10 02:23:16 UTC 2018 /home/travis/build/icyphy/ptII/ptolemy/actor/lib/test/auto/URLDirectoryReader.xml
----------------- Instantiating /home/travis/build/icyphy/ptII/ptolemy/actor/lib/test/auto/URLDirectoryReader.xml
34 ms. Memory: 1222656K Free: 678832K (56%)
----------------- Invoking toplevel() on ptolemy.moml.MoMLSimpleApplication@6772e632
----------------- Done invoking toplevel() on ptolemy.moml.MoMLSimpleApplication@6772e632
reloadAllAccessors: .URLDirectoryReader
----------------- testing Thu May 10 02:23:16 UTC 2018 /home/travis/build/icyphy/ptII/ptolemy/actor/lib/test/auto/URLDirectoryReader3.xml
----------------- Instantiating /home/travis/build/icyphy/ptII/ptolemy/actor/lib/test/auto/URLDirectoryReader3.xml
1111 ms. Memory: 1222656K Free: 631788K (52%)
----------------- Invoking toplevel() on ptolemy.moml.MoMLSimpleApplication@53276df7
----------------- Done invoking toplevel() on ptolemy.moml.MoMLSimpleApplication@53276df7
reloadAllAccessors: .URLDirectoryReader3
----------------- testing Thu May 10 02:23:17 UTC 2018 /home/travis/build/icyphy/ptII/ptolemy/actor/lib/test/auto/UnaryMathFunction.xml
----------------- Instantiating /home/travis/build/icyphy/ptII/ptolemy/actor/lib/test/auto/UnaryMathFunction.xml
2 ms. Memory: 1222656K Free: 617939K (51%)
----------------- Invoking toplevel() on ptolemy.moml.MoMLSimpleApplication@5b50424e
----------------- Done invoking toplevel() on ptolemy.moml.MoMLSimpleApplication@5b50424e
reloadAllAccessors: .UnaryMathFunction
----------------- testing Thu May 10 02:23:17 UTC 2018 /home/travis/build/icyphy/ptII/ptolemy/actor/lib/test/auto/Uniform.xml
----------------- Instantiating /home/travis/build/icyphy/ptII/ptolemy/actor/lib/test/auto/Uniform.xml
2 ms. Memory: 1222656K Free: 604091K (49%)
----------------- Invoking toplevel() on ptolemy.moml.MoMLSimpleApplication@4e4cb786
----------------- Done invoking toplevel() on ptolemy.moml.MoMLSimpleApplication@4e4cb786
reloadAllAccessors: .Uniform
----------------- testing Thu May 10 02:23:17 UTC 2018 /home/travis/build/icyphy/ptII/ptolemy/actor/lib/test/auto/UnionDisassemblerTest.xml
----------------- Instantiating /home/travis/build/icyphy/ptII/ptolemy/actor/lib/test/auto/UnionDisassemblerTest.xml
11 ms. Memory: 1222656K Free: 590242K (48%)
----------------- Invoking toplevel() on ptolemy.moml.MoMLSimpleApplication@5861cc59
----------------- Done invoking toplevel() on ptolemy.moml.MoMLSimpleApplication@5861cc59
reloadAllAccessors: .UnionDisassemblerTest
----------------- testing Thu May 10 02:23:18 UTC 2018 /home/travis/build/icyphy/ptII/ptolemy/actor/lib/test/auto/UtilityFunctions.xml
----------------- Instantiating /home/travis/build/icyphy/ptII/ptolemy/actor/lib/test/auto/UtilityFunctions.xml
7 ms. Memory: 1222656K Free: 579178K (47%)
----------------- Invoking toplevel() on ptolemy.moml.MoMLSimpleApplication@251c5fb4
----------------- Done invoking toplevel() on ptolemy.moml.MoMLSimpleApplication@251c5fb4
reloadAllAccessors: .UtilityFunctions
----------------- testing Thu May 10 02:23:18 UTC 2018 /home/travis/build/icyphy/ptII/ptolemy/actor/lib/test/auto/VariableSleep.xml
----------------- Instantiating /home/travis/build/icyphy/ptII/ptolemy/actor/lib/test/auto/VariableSleep.xml
505 ms. Memory: 1222656K Free: 565329K (46%)
----------------- Invoking toplevel() on ptolemy.moml.MoMLSimpleApplication@57e90312
----------------- Done invoking toplevel() on ptolemy.moml.MoMLSimpleApplication@57e90312
reloadAllAccessors: .VariableSleep
----------------- testing Thu May 10 02:23:18 UTC 2018 /home/travis/build/icyphy/ptII/ptolemy/actor/lib/test/auto/VectorAssemblerDisassemblerCT.xml
----------------- Instantiating /home/travis/build/icyphy/ptII/ptolemy/actor/lib/test/auto/VectorAssemblerDisassemblerCT.xml
64 ms. Memory: 1222656K Free: 529319K (43%)
----------------- Invoking toplevel() on ptolemy.moml.MoMLSimpleApplication@6c3aeb41
----------------- Done invoking toplevel() on ptolemy.moml.MoMLSimpleApplication@6c3aeb41
reloadAllAccessors: .VectorAssemblerDisassemblerCT
----------------- testing Thu May 10 02:23:18 UTC 2018 /home/travis/build/icyphy/ptII/ptolemy/actor/lib/test/auto/VectorAssemblerDisassemblerDE.xml
----------------- Instantiating /home/travis/build/icyphy/ptII/ptolemy/actor/lib/test/auto/VectorAssemblerDisassemblerDE.xml
2 ms. Memory: 1222656K Free: 515470K (42%)
----------------- Invoking toplevel() on ptolemy.moml.MoMLSimpleApplication@4d5999c5
----------------- Done invoking toplevel() on ptolemy.moml.MoMLSimpleApplication@4d5999c5
reloadAllAccessors: .VectorAssemblerDisassemblerDE
----------------- testing Thu May 10 02:23:18 UTC 2018 /home/travis/build/icyphy/ptII/ptolemy/actor/lib/test/auto/VectorAssemblerDisassemblerSDF.xml
----------------- Instantiating /home/travis/build/icyphy/ptII/ptolemy/actor/lib/test/auto/VectorAssemblerDisassemblerSDF.xml
2 ms. Memory: 1222656K Free: 501622K (41%)
----------------- Invoking toplevel() on ptolemy.moml.MoMLSimpleApplication@25b19e9b
----------------- Done invoking toplevel() on ptolemy.moml.MoMLSimpleApplication@25b19e9b
reloadAllAccessors: .VectorAssemblerDisassemblerSDF
----------------- testing Thu May 10 02:23:18 UTC 2018 /home/travis/build/icyphy/ptII/ptolemy/actor/lib/test/auto/WallClockTime.xml
----------------- Instantiating /home/travis/build/icyphy/ptII/ptolemy/actor/lib/test/auto/WallClockTime.xml
1009 ms. Memory: 1222656K Free: 487773K (40%)
----------------- Invoking toplevel() on ptolemy.moml.MoMLSimpleApplication@3c7f41f0
----------------- Done invoking toplevel() on ptolemy.moml.MoMLSimpleApplication@3c7f41f0
reloadAllAccessors: .WallClockTime
----------------- testing Thu May 10 02:23:19 UTC 2018 /home/travis/build/icyphy/ptII/ptolemy/actor/lib/test/auto/WidthTestWithSubscriberPublisher.xml
----------------- Instantiating /home/travis/build/icyphy/ptII/ptolemy/actor/lib/test/auto/WidthTestWithSubscriberPublisher.xml
7 ms. Memory: 1222656K Free: 462843K (38%)
----------------- Invoking toplevel() on ptolemy.moml.MoMLSimpleApplication@13c0ff15
----------------- Done invoking toplevel() on ptolemy.moml.MoMLSimpleApplication@13c0ff15
reloadAllAccessors: .WidthTestWithSubscriberPublisher
----------------- testing Thu May 10 02:23:19 UTC 2018 /home/travis/build/icyphy/ptII/ptolemy/actor/lib/test/auto/WidthTestWithSubscriberPublisher2.xml
----------------- Instantiating /home/travis/build/icyphy/ptII/ptolemy/actor/lib/test/auto/WidthTestWithSubscriberPublisher2.xml
2 ms. Memory: 1222656K Free: 448994K (37%)
----------------- Invoking toplevel() on ptolemy.moml.MoMLSimpleApplication@306365a0
----------------- Done invoking toplevel() on ptolemy.moml.MoMLSimpleApplication@306365a0
reloadAllAccessors: .WidthTestWithSubscriberPublisher2
----------------- testing Thu May 10 02:23:19 UTC 2018 /home/travis/build/icyphy/ptII/ptolemy/actor/lib/test/auto/WidthTestWithSubscriberPublisher3.xml
----------------- Instantiating /home/travis/build/icyphy/ptII/ptolemy/actor/lib/test/auto/WidthTestWithSubscriberPublisher3.xml
4 ms. Memory: 1222656K Free: 435146K (36%)
----------------- Invoking toplevel() on ptolemy.moml.MoMLSimpleApplication@11e36fc5
----------------- Done invoking toplevel() on ptolemy.moml.MoMLSimpleApplication@11e36fc5
reloadAllAccessors: .WidthTestWithSubscriberPublisher3
----------------- testing Thu May 10 02:23:19 UTC 2018 /home/travis/build/icyphy/ptII/ptolemy/actor/lib/test/auto/Writer.xml
----------------- Instantiating /home/travis/build/icyphy/ptII/ptolemy/actor/lib/test/auto/Writer.xml
0
1
2
3
4
1 ms. Memory: 1222656K Free: 421297K (34%)
----------------- Invoking toplevel() on ptolemy.moml.MoMLSimpleApplication@a687bc5
----------------- Done invoking toplevel() on ptolemy.moml.MoMLSimpleApplication@a687bc5
reloadAllAccessors: .Writer
----------------- testing Thu May 10 02:23:19 UTC 2018 /home/travis/build/icyphy/ptII/ptolemy/actor/lib/test/auto/array.xml
----------------- Instantiating /home/travis/build/icyphy/ptII/ptolemy/actor/lib/test/auto/array.xml
1 ms. Memory: 1222656K Free: 407448K (33%)
----------------- Invoking toplevel() on ptolemy.moml.MoMLSimpleApplication@5e876f1a
----------------- Done invoking toplevel() on ptolemy.moml.MoMLSimpleApplication@5e876f1a
reloadAllAccessors: .array
----------------- testing Thu May 10 02:23:19 UTC 2018 /home/travis/build/icyphy/ptII/ptolemy/actor/lib/test/auto/array2.xml
----------------- Instantiating /home/travis/build/icyphy/ptII/ptolemy/actor/lib/test/auto/array2.xml
2 ms. Memory: 1222656K Free: 393600K (32%)
----------------- Invoking toplevel() on ptolemy.moml.MoMLSimpleApplication@81d55ae
----------------- Done invoking toplevel() on ptolemy.moml.MoMLSimpleApplication@81d55ae
reloadAllAccessors: .array2
----------------- testing Thu May 10 02:23:19 UTC 2018 /home/travis/build/icyphy/ptII/ptolemy/actor/lib/test/auto/arrayType.xml
----------------- Instantiating /home/travis/build/icyphy/ptII/ptolemy/actor/lib/test/auto/arrayType.xml
5 ms. Memory: 1222656K Free: 379751K (31%)
----------------- Invoking toplevel() on ptolemy.moml.MoMLSimpleApplication@200f3f93
----------------- Done invoking toplevel() on ptolemy.moml.MoMLSimpleApplication@200f3f93
reloadAllAccessors: .arrayType
----------------- testing Thu May 10 02:23:19 UTC 2018 /home/travis/build/icyphy/ptII/ptolemy/actor/lib/test/auto/arrayType10.xml
----------------- Instantiating /home/travis/build/icyphy/ptII/ptolemy/actor/lib/test/auto/arrayType10.xml
1 ms. Memory: 1222656K Free: 365902K (30%)
----------------- Invoking toplevel() on ptolemy.moml.MoMLSimpleApplication@31d7c363
----------------- Done invoking toplevel() on ptolemy.moml.MoMLSimpleApplication@31d7c363
reloadAllAccessors: .arrayType10
----------------- testing Thu May 10 02:23:19 UTC 2018 /home/travis/build/icyphy/ptII/ptolemy/actor/lib/test/auto/arrayType11.xml
----------------- Instantiating /home/travis/build/icyphy/ptII/ptolemy/actor/lib/test/auto/arrayType11.xml
1 ms. Memory: 1222656K Free: 354838K (29%)
----------------- Invoking toplevel() on ptolemy.moml.MoMLSimpleApplication@40034879
----------------- Done invoking toplevel() on ptolemy.moml.MoMLSimpleApplication@40034879
reloadAllAccessors: .arrayType11
----------------- testing Thu May 10 02:23:19 UTC 2018 /home/travis/build/icyphy/ptII/ptolemy/actor/lib/test/auto/arrayType12.xml
----------------- Instantiating /home/travis/build/icyphy/ptII/ptolemy/actor/lib/test/auto/arrayType12.xml
1 ms. Memory: 1222656K Free: 340989K (28%)
----------------- Invoking toplevel() on ptolemy.moml.MoMLSimpleApplication@634b0c73
----------------- Done invoking toplevel() on ptolemy.moml.MoMLSimpleApplication@634b0c73
reloadAllAccessors: .arrayType12
----------------- testing Thu May 10 02:23:19 UTC 2018 /home/travis/build/icyphy/ptII/ptolemy/actor/lib/test/auto/arrayType13.xml
----------------- Instantiating /home/travis/build/icyphy/ptII/ptolemy/actor/lib/test/auto/arrayType13.xml
1 ms. Memory: 1222656K Free: 327140K (27%)
----------------- Invoking toplevel() on ptolemy.moml.MoMLSimpleApplication@1f669113
----------------- Done invoking toplevel() on ptolemy.moml.MoMLSimpleApplication@1f669113
reloadAllAccessors: .arrayType13
----------------- testing Thu May 10 02:23:19 UTC 2018 /home/travis/build/icyphy/ptII/ptolemy/actor/lib/test/auto/arrayType14.xml
----------------- Instantiating /home/travis/build/icyphy/ptII/ptolemy/actor/lib/test/auto/arrayType14.xml
2 ms. Memory: 1222656K Free: 313292K (26%)
----------------- Invoking toplevel() on ptolemy.moml.MoMLSimpleApplication@21c783d1
----------------- Done invoking toplevel() on ptolemy.moml.MoMLSimpleApplication@21c783d1
reloadAllAccessors: .arrayType14
----------------- testing Thu May 10 02:23:19 UTC 2018 /home/travis/build/icyphy/ptII/ptolemy/actor/lib/test/auto/arrayType15.xml
----------------- Instantiating /home/travis/build/icyphy/ptII/ptolemy/actor/lib/test/auto/arrayType15.xml
2 ms. Memory: 1222656K Free: 299443K (24%)
----------------- Invoking toplevel() on ptolemy.moml.MoMLSimpleApplication@3511efed
----------------- Done invoking toplevel() on ptolemy.moml.MoMLSimpleApplication@3511efed
reloadAllAccessors: .arrayType15
----------------- testing Thu May 10 02:23:19 UTC 2018 /home/travis/build/icyphy/ptII/ptolemy/actor/lib/test/auto/arrayType16.xml
----------------- Instantiating /home/travis/build/icyphy/ptII/ptolemy/actor/lib/test/auto/arrayType16.xml
2 ms. Memory: 1222656K Free: 285594K (23%)
----------------- Invoking toplevel() on ptolemy.moml.MoMLSimpleApplication@4750d682
----------------- Done invoking toplevel() on ptolemy.moml.MoMLSimpleApplication@4750d682
reloadAllAccessors: .arrayType16
----------------- testing Thu May 10 02:23:20 UTC 2018 /home/travis/build/icyphy/ptII/ptolemy/actor/lib/test/auto/arrayType17.xml
----------------- Instantiating /home/travis/build/icyphy/ptII/ptolemy/actor/lib/test/auto/arrayType17.xml
1 ms. Memory: 1222656K Free: 271745K (22%)
----------------- Invoking toplevel() on ptolemy.moml.MoMLSimpleApplication@1b360a57
----------------- Done invoking toplevel() on ptolemy.moml.MoMLSimpleApplication@1b360a57
reloadAllAccessors: .arrayType17
----------------- testing Thu May 10 02:23:20 UTC 2018 /home/travis/build/icyphy/ptII/ptolemy/actor/lib/test/auto/arrayType18.xml
----------------- Instantiating /home/travis/build/icyphy/ptII/ptolemy/actor/lib/test/auto/arrayType18.xml
1 ms. Memory: 1222656K Free: 257897K (21%)
----------------- Invoking toplevel() on ptolemy.moml.MoMLSimpleApplication@2c65c4b4
----------------- Done invoking toplevel() on ptolemy.moml.MoMLSimpleApplication@2c65c4b4
reloadAllAccessors: .arrayType18
----------------- testing Thu May 10 02:23:20 UTC 2018 /home/travis/build/icyphy/ptII/ptolemy/actor/lib/test/auto/arrayType19.xml
----------------- Instantiating /home/travis/build/icyphy/ptII/ptolemy/actor/lib/test/auto/arrayType19.xml
1 ms. Memory: 1222656K Free: 244048K (20%)
----------------- Invoking toplevel() on ptolemy.moml.MoMLSimpleApplication@1159f06f
----------------- Done invoking toplevel() on ptolemy.moml.MoMLSimpleApplication@1159f06f
reloadAllAccessors: .arrayType19
----------------- testing Thu May 10 02:23:20 UTC 2018 /home/travis/build/icyphy/ptII/ptolemy/actor/lib/test/auto/arrayType2.xml
----------------- Instantiating /home/travis/build/icyphy/ptII/ptolemy/actor/lib/test/auto/arrayType2.xml
1 ms. Memory: 1222656K Free: 230199K (19%)
----------------- Invoking toplevel() on ptolemy.moml.MoMLSimpleApplication@71e79d23
----------------- Done invoking toplevel() on ptolemy.moml.MoMLSimpleApplication@71e79d23
reloadAllAccessors: .arrayType2
----------------- testing Thu May 10 02:23:20 UTC 2018 /home/travis/build/icyphy/ptII/ptolemy/actor/lib/test/auto/arrayType20.xml
----------------- Instantiating /home/travis/build/icyphy/ptII/ptolemy/actor/lib/test/auto/arrayType20.xml
1 ms. Memory: 1222656K Free: 216350K (18%)
----------------- Invoking toplevel() on ptolemy.moml.MoMLSimpleApplication@7d0746eb
----------------- Done invoking toplevel() on ptolemy.moml.MoMLSimpleApplication@7d0746eb
reloadAllAccessors: .arrayType20
----------------- testing Thu May 10 02:23:20 UTC 2018 /home/travis/build/icyphy/ptII/ptolemy/actor/lib/test/auto/arrayType21.xml
----------------- Instantiating /home/travis/build/icyphy/ptII/ptolemy/actor/lib/test/auto/arrayType21.xml
2 ms. Memory: 1222656K Free: 202501K (17%)
----------------- Invoking toplevel() on ptolemy.moml.MoMLSimpleApplication@4b934f34
----------------- Done invoking toplevel() on ptolemy.moml.MoMLSimpleApplication@4b934f34
reloadAllAccessors: .arrayType21
----------------- testing Thu May 10 02:23:20 UTC 2018 /home/travis/build/icyphy/ptII/ptolemy/actor/lib/test/auto/arrayType22.xml
----------------- Instantiating /home/travis/build/icyphy/ptII/ptolemy/actor/lib/test/auto/arrayType22.xml
1 ms. Memory: 1222656K Free: 188653K (15%)
----------------- Invoking toplevel() on ptolemy.moml.MoMLSimpleApplication@5fcca719
----------------- Done invoking toplevel() on ptolemy.moml.MoMLSimpleApplication@5fcca719
reloadAllAccessors: .arrayType22
----------------- testing Thu May 10 02:23:20 UTC 2018 /home/travis/build/icyphy/ptII/ptolemy/actor/lib/test/auto/arrayType23.xml
----------------- Instantiating /home/travis/build/icyphy/ptII/ptolemy/actor/lib/test/auto/arrayType23.xml
1 ms. Memory: 1222656K Free: 174804K (14%)
----------------- Invoking toplevel() on ptolemy.moml.MoMLSimpleApplication@4c58e654
----------------- Done invoking toplevel() on ptolemy.moml.MoMLSimpleApplication@4c58e654
reloadAllAccessors: .arrayType23
----------------- testing Thu May 10 02:23:20 UTC 2018 /home/travis/build/icyphy/ptII/ptolemy/actor/lib/test/auto/arrayType24.xml
----------------- Instantiating /home/travis/build/icyphy/ptII/ptolemy/actor/lib/test/auto/arrayType24.xml
1 ms. Memory: 1222656K Free: 160955K (13%)
----------------- Invoking toplevel() on ptolemy.moml.MoMLSimpleApplication@4d5da04c
----------------- Done invoking toplevel() on ptolemy.moml.MoMLSimpleApplication@4d5da04c
reloadAllAccessors: .arrayType24
----------------- testing Thu May 10 02:23:20 UTC 2018 /home/travis/build/icyphy/ptII/ptolemy/actor/lib/test/auto/arrayType25.xml
----------------- Instantiating /home/travis/build/icyphy/ptII/ptolemy/actor/lib/test/auto/arrayType25.xml
1 ms. Memory: 1222656K Free: 149891K (12%)
----------------- Invoking toplevel() on ptolemy.moml.MoMLSimpleApplication@618c3721
----------------- Done invoking toplevel() on ptolemy.moml.MoMLSimpleApplication@618c3721
reloadAllAccessors: .arrayType25
----------------- testing Thu May 10 02:23:20 UTC 2018 /home/travis/build/icyphy/ptII/ptolemy/actor/lib/test/auto/arrayType26.xml
----------------- Instantiating /home/travis/build/icyphy/ptII/ptolemy/actor/lib/test/auto/arrayType26.xml
1 ms. Memory: 1222656K Free: 136042K (11%)
----------------- Invoking toplevel() on ptolemy.moml.MoMLSimpleApplication@3f87ecd1
----------------- Done invoking toplevel() on ptolemy.moml.MoMLSimpleApplication@3f87ecd1
reloadAllAccessors: .arrayType26
----------------- testing Thu May 10 02:23:20 UTC 2018 /home/travis/build/icyphy/ptII/ptolemy/actor/lib/test/auto/arrayType27.xml
----------------- Instantiating /home/travis/build/icyphy/ptII/ptolemy/actor/lib/test/auto/arrayType27.xml
1 ms. Memory: 1222656K Free: 122194K (10%)
----------------- Invoking toplevel() on ptolemy.moml.MoMLSimpleApplication@7a17ff3b
----------------- Done invoking toplevel() on ptolemy.moml.MoMLSimpleApplication@7a17ff3b
reloadAllAccessors: .arrayType27
----------------- testing Thu May 10 02:23:20 UTC 2018 /home/travis/build/icyphy/ptII/ptolemy/actor/lib/test/auto/arrayType28.xml
----------------- Instantiating /home/travis/build/icyphy/ptII/ptolemy/actor/lib/test/auto/arrayType28.xml
1 ms. Memory: 1222656K Free: 108345K (9%)
----------------- Invoking toplevel() on ptolemy.moml.MoMLSimpleApplication@45efe5fc
----------------- Done invoking toplevel() on ptolemy.moml.MoMLSimpleApplication@45efe5fc
reloadAllAccessors: .arrayType28
----------------- testing Thu May 10 02:23:20 UTC 2018 /home/travis/build/icyphy/ptII/ptolemy/actor/lib/test/auto/arrayType3.xml
----------------- Instantiating /home/travis/build/icyphy/ptII/ptolemy/actor/lib/test/auto/arrayType3.xml
1 ms. Memory: 1222656K Free: 94496K (8%)
----------------- Invoking toplevel() on ptolemy.moml.MoMLSimpleApplication@1428c36f
----------------- Done invoking toplevel() on ptolemy.moml.MoMLSimpleApplication@1428c36f
reloadAllAccessors: .arrayType3
----------------- testing Thu May 10 02:23:20 UTC 2018 /home/travis/build/icyphy/ptII/ptolemy/actor/lib/test/auto/arrayType4.xml
----------------- Instantiating /home/travis/build/icyphy/ptII/ptolemy/actor/lib/test/auto/arrayType4.xml
2 ms. Memory: 1222656K Free: 80648K (7%)
----------------- Invoking toplevel() on ptolemy.moml.MoMLSimpleApplication@6c99990d
----------------- Done invoking toplevel() on ptolemy.moml.MoMLSimpleApplication@6c99990d
reloadAllAccessors: .arrayType4
----------------- testing Thu May 10 02:23:20 UTC 2018 /home/travis/build/icyphy/ptII/ptolemy/actor/lib/test/auto/arrayType5.xml
----------------- Instantiating /home/travis/build/icyphy/ptII/ptolemy/actor/lib/test/auto/arrayType5.xml
5 ms. Memory: 1266176K Free: 1213234K (96%)
----------------- Invoking toplevel() on ptolemy.moml.MoMLSimpleApplication@3574ee5b
----------------- Done invoking toplevel() on ptolemy.moml.MoMLSimpleApplication@3574ee5b
reloadAllAccessors: .arrayType5
----------------- testing Thu May 10 02:23:20 UTC 2018 /home/travis/build/icyphy/ptII/ptolemy/actor/lib/test/auto/arrayType6.xml
----------------- Instantiating /home/travis/build/icyphy/ptII/ptolemy/actor/lib/test/auto/arrayType6.xml
1 ms. Memory: 1266176K Free: 1193580K (94%)
----------------- Invoking toplevel() on ptolemy.moml.MoMLSimpleApplication@576421dd
----------------- Done invoking toplevel() on ptolemy.moml.MoMLSimpleApplication@576421dd
reloadAllAccessors: .arrayType6
----------------- testing Thu May 10 02:23:20 UTC 2018 /home/travis/build/icyphy/ptII/ptolemy/actor/lib/test/auto/arrayType7.xml
----------------- Instantiating /home/travis/build/icyphy/ptII/ptolemy/actor/lib/test/auto/arrayType7.xml
1 ms. Memory: 1266176K Free: 1178799K (93%)
----------------- Invoking toplevel() on ptolemy.moml.MoMLSimpleApplication@41b0e011
----------------- Done invoking toplevel() on ptolemy.moml.MoMLSimpleApplication@41b0e011
reloadAllAccessors: .arrayType7
----------------- testing Thu May 10 02:23:20 UTC 2018 /home/travis/build/icyphy/ptII/ptolemy/actor/lib/test/auto/arrayType8.xml
----------------- Instantiating /home/travis/build/icyphy/ptII/ptolemy/actor/lib/test/auto/arrayType8.xml
1 ms. Memory: 1266176K Free: 1164018K (92%)
----------------- Invoking toplevel() on ptolemy.moml.MoMLSimpleApplication@3283855
----------------- Done invoking toplevel() on ptolemy.moml.MoMLSimpleApplication@3283855
reloadAllAccessors: .arrayType8
----------------- testing Thu May 10 02:23:20 UTC 2018 /home/travis/build/icyphy/ptII/ptolemy/actor/lib/test/auto/arrayType9.xml
----------------- Instantiating /home/travis/build/icyphy/ptII/ptolemy/actor/lib/test/auto/arrayType9.xml
1 ms. Memory: 1266176K Free: 1149237K (91%)
----------------- Invoking toplevel() on ptolemy.moml.MoMLSimpleApplication@77314509
----------------- Done invoking toplevel() on ptolemy.moml.MoMLSimpleApplication@77314509
reloadAllAccessors: .arrayType9
----------------- testing Thu May 10 02:23:20 UTC 2018 /home/travis/build/icyphy/ptII/ptolemy/actor/lib/test/auto/cast.xml
----------------- Instantiating /home/travis/build/icyphy/ptII/ptolemy/actor/lib/test/auto/cast.xml
1 ms. Memory: 1266176K Free: 1134456K (90%)
----------------- Invoking toplevel() on ptolemy.moml.MoMLSimpleApplication@5347ea8f
----------------- Done invoking toplevel() on ptolemy.moml.MoMLSimpleApplication@5347ea8f
reloadAllAccessors: .cast
----------------- testing Thu May 10 02:23:20 UTC 2018 /home/travis/build/icyphy/ptII/ptolemy/actor/lib/test/auto/compositeMultiPort.xml
----------------- Instantiating /home/travis/build/icyphy/ptII/ptolemy/actor/lib/test/auto/compositeMultiPort.xml
2 ms. Memory: 1266176K Free: 1117137K (88%)
----------------- Invoking toplevel() on ptolemy.moml.MoMLSimpleApplication@723236b1
----------------- Done invoking toplevel() on ptolemy.moml.MoMLSimpleApplication@723236b1
reloadAllAccessors: .compositeMultiPort
----------------- testing Thu May 10 02:23:20 UTC 2018 /home/travis/build/icyphy/ptII/ptolemy/actor/lib/test/auto/expressionCastInference.xml
----------------- Instantiating /home/travis/build/icyphy/ptII/ptolemy/actor/lib/test/auto/expressionCastInference.xml
2 ms. Memory: 1266176K Free: 1102356K (87%)
----------------- Invoking toplevel() on ptolemy.moml.MoMLSimpleApplication@594e9ef6
----------------- Done invoking toplevel() on ptolemy.moml.MoMLSimpleApplication@594e9ef6
reloadAllAccessors: .expressionCastInference
----------------- testing Thu May 10 02:23:20 UTC 2018 /home/travis/build/icyphy/ptII/ptolemy/actor/lib/test/auto/expressionCastInference2.xml
----------------- Instantiating /home/travis/build/icyphy/ptII/ptolemy/actor/lib/test/auto/expressionCastInference2.xml
1 ms. Memory: 1266176K Free: 1087575K (86%)
----------------- Invoking toplevel() on ptolemy.moml.MoMLSimpleApplication@5706ee7d
----------------- Done invoking toplevel() on ptolemy.moml.MoMLSimpleApplication@5706ee7d
reloadAllAccessors: .expressionCastInference2
----------------- testing Thu May 10 02:23:20 UTC 2018 /home/travis/build/icyphy/ptII/ptolemy/actor/lib/test/auto/expressionInference.xml
----------------- Instantiating /home/travis/build/icyphy/ptII/ptolemy/actor/lib/test/auto/expressionInference.xml
1 ms. Memory: 1266176K Free: 1072794K (85%)
----------------- Invoking toplevel() on ptolemy.moml.MoMLSimpleApplication@1b7beb37
----------------- Done invoking toplevel() on ptolemy.moml.MoMLSimpleApplication@1b7beb37
reloadAllAccessors: .expressionInference
----------------- testing Thu May 10 02:23:20 UTC 2018 /home/travis/build/icyphy/ptII/ptolemy/actor/lib/test/auto/expression_bug.xml
----------------- Instantiating /home/travis/build/icyphy/ptII/ptolemy/actor/lib/test/auto/expression_bug.xml
1 ms. Memory: 1266176K Free: 1058013K (84%)
----------------- Invoking toplevel() on ptolemy.moml.MoMLSimpleApplication@2a7ee7dd
----------------- Done invoking toplevel() on ptolemy.moml.MoMLSimpleApplication@2a7ee7dd
reloadAllAccessors: .expression_bug
----------------- testing Thu May 10 02:23:20 UTC 2018 /home/travis/build/icyphy/ptII/ptolemy/actor/lib/test/auto/factorial.xml
----------------- Instantiating /home/travis/build/icyphy/ptII/ptolemy/actor/lib/test/auto/factorial.xml
36 ms. Memory: 1266176K Free: 1046466K (83%)
----------------- Invoking toplevel() on ptolemy.moml.MoMLSimpleApplication@186955bb
----------------- Done invoking toplevel() on ptolemy.moml.MoMLSimpleApplication@186955bb
reloadAllAccessors: .factorial
----------------- testing Thu May 10 02:23:20 UTC 2018 /home/travis/build/icyphy/ptII/ptolemy/actor/lib/test/auto/filterTest1.xml
----------------- Instantiating /home/travis/build/icyphy/ptII/ptolemy/actor/lib/test/auto/filterTest1.xml
3 ms. Memory: 1266176K Free: 1031685K (81%)
----------------- Invoking toplevel() on ptolemy.moml.MoMLSimpleApplication@73f14e3a
----------------- Done invoking toplevel() on ptolemy.moml.MoMLSimpleApplication@73f14e3a
reloadAllAccessors: .filterTest1
----------------- testing Thu May 10 02:23:20 UTC 2018 /home/travis/build/icyphy/ptII/ptolemy/actor/lib/test/auto/funcApplyInConst.xml
----------------- Instantiating /home/travis/build/icyphy/ptII/ptolemy/actor/lib/test/auto/funcApplyInConst.xml
1 ms. Memory: 1266176K Free: 1016903K (80%)
----------------- Invoking toplevel() on ptolemy.moml.MoMLSimpleApplication@1362ce9b
----------------- Done invoking toplevel() on ptolemy.moml.MoMLSimpleApplication@1362ce9b
reloadAllAccessors: .funcApplyInConst
----------------- testing Thu May 10 02:23:20 UTC 2018 /home/travis/build/icyphy/ptII/ptolemy/actor/lib/test/auto/funcApplyInExpr.xml
----------------- Instantiating /home/travis/build/icyphy/ptII/ptolemy/actor/lib/test/auto/funcApplyInExpr.xml
1 ms. Memory: 1266176K Free: 1002122K (79%)
----------------- Invoking toplevel() on ptolemy.moml.MoMLSimpleApplication@ea78f5b
----------------- Done invoking toplevel() on ptolemy.moml.MoMLSimpleApplication@ea78f5b
reloadAllAccessors: .funcApplyInExpr
----------------- testing Thu May 10 02:23:20 UTC 2018 /home/travis/build/icyphy/ptII/ptolemy/actor/lib/test/auto/function.xml
----------------- Instantiating /home/travis/build/icyphy/ptII/ptolemy/actor/lib/test/auto/function.xml
1 ms. Memory: 1266176K Free: 987341K (78%)
----------------- Invoking toplevel() on ptolemy.moml.MoMLSimpleApplication@c26d4ef
----------------- Done invoking toplevel() on ptolemy.moml.MoMLSimpleApplication@c26d4ef
reloadAllAccessors: .function
----------------- testing Thu May 10 02:23:20 UTC 2018 /home/travis/build/icyphy/ptII/ptolemy/actor/lib/test/auto/function2.xml
----------------- Instantiating /home/travis/build/icyphy/ptII/ptolemy/actor/lib/test/auto/function2.xml
1 ms. Memory: 1266176K Free: 975806K (77%)
----------------- Invoking toplevel() on ptolemy.moml.MoMLSimpleApplication@bf50b8e
----------------- Done invoking toplevel() on ptolemy.moml.MoMLSimpleApplication@bf50b8e
reloadAllAccessors: .function2
----------------- testing Thu May 10 02:23:20 UTC 2018 /home/travis/build/icyphy/ptII/ptolemy/actor/lib/test/auto/function3.xml
----------------- Instantiating /home/travis/build/icyphy/ptII/ptolemy/actor/lib/test/auto/function3.xml
1 ms. Memory: 1266176K Free: 961025K (76%)
----------------- Invoking toplevel() on ptolemy.moml.MoMLSimpleApplication@1cffd2
----------------- Done invoking toplevel() on ptolemy.moml.MoMLSimpleApplication@1cffd2
reloadAllAccessors: .function3
----------------- testing Thu May 10 02:23:20 UTC 2018 /home/travis/build/icyphy/ptII/ptolemy/actor/lib/test/auto/functionClosureTest1.xml
----------------- Instantiating /home/travis/build/icyphy/ptII/ptolemy/actor/lib/test/auto/functionClosureTest1.xml
1 ms. Memory: 1266176K Free: 946244K (75%)
----------------- Invoking toplevel() on ptolemy.moml.MoMLSimpleApplication@bbe9a40
----------------- Done invoking toplevel() on ptolemy.moml.MoMLSimpleApplication@bbe9a40
reloadAllAccessors: .functionClosureTest1
----------------- testing Thu May 10 02:23:20 UTC 2018 /home/travis/build/icyphy/ptII/ptolemy/actor/lib/test/auto/functionClosureTest2.xml
----------------- Instantiating /home/travis/build/icyphy/ptII/ptolemy/actor/lib/test/auto/functionClosureTest2.xml
1 ms. Memory: 1266176K Free: 931463K (74%)
----------------- Invoking toplevel() on ptolemy.moml.MoMLSimpleApplication@e77626c
----------------- Done invoking toplevel() on ptolemy.moml.MoMLSimpleApplication@e77626c
reloadAllAccessors: .functionClosureTest2
----------------- testing Thu May 10 02:23:20 UTC 2018 /home/travis/build/icyphy/ptII/ptolemy/actor/lib/test/auto/functionClosureTest3.xml
----------------- Instantiating /home/travis/build/icyphy/ptII/ptolemy/actor/lib/test/auto/functionClosureTest3.xml
1 ms. Memory: 1266176K Free: 916682K (72%)
----------------- Invoking toplevel() on ptolemy.moml.MoMLSimpleApplication@4a8a15dd
----------------- Done invoking toplevel() on ptolemy.moml.MoMLSimpleApplication@4a8a15dd
reloadAllAccessors: .functionClosureTest3
----------------- testing Thu May 10 02:23:20 UTC 2018 /home/travis/build/icyphy/ptII/ptolemy/actor/lib/test/auto/functionClosureTest4.xml
----------------- Instantiating /home/travis/build/icyphy/ptII/ptolemy/actor/lib/test/auto/functionClosureTest4.xml
3 ms. Memory: 1266176K Free: 901901K (71%)
----------------- Invoking toplevel() on ptolemy.moml.MoMLSimpleApplication@79973897
----------------- Done invoking toplevel() on ptolemy.moml.MoMLSimpleApplication@79973897
reloadAllAccessors: .functionClosureTest4
----------------- testing Thu May 10 02:23:20 UTC 2018 /home/travis/build/icyphy/ptII/ptolemy/actor/lib/test/auto/functionClosureTest5.xml
----------------- Instantiating /home/travis/build/icyphy/ptII/ptolemy/actor/lib/test/auto/functionClosureTest5.xml
4 ms. Memory: 1266176K Free: 890366K (70%)
----------------- Invoking toplevel() on ptolemy.moml.MoMLSimpleApplication@7a8e79f6
----------------- Done invoking toplevel() on ptolemy.moml.MoMLSimpleApplication@7a8e79f6
reloadAllAccessors: .functionClosureTest5
----------------- testing Thu May 10 02:23:20 UTC 2018 /home/travis/build/icyphy/ptII/ptolemy/actor/lib/test/auto/functionClosureTest6.xml
----------------- Instantiating /home/travis/build/icyphy/ptII/ptolemy/actor/lib/test/auto/functionClosureTest6.xml
1 ms. Memory: 1266176K Free: 875585K (69%)
----------------- Invoking toplevel() on ptolemy.moml.MoMLSimpleApplication@69a33751
----------------- Done invoking toplevel() on ptolemy.moml.MoMLSimpleApplication@69a33751
reloadAllAccessors: .functionClosureTest6
----------------- testing Thu May 10 02:23:20 UTC 2018 /home/travis/build/icyphy/ptII/ptolemy/actor/lib/test/auto/functionsOnArcs.xml
----------------- Instantiating /home/travis/build/icyphy/ptII/ptolemy/actor/lib/test/auto/functionsOnArcs.xml
1 ms. Memory: 1266176K Free: 860804K (68%)
----------------- Invoking toplevel() on ptolemy.moml.MoMLSimpleApplication@6287d4a2
----------------- Done invoking toplevel() on ptolemy.moml.MoMLSimpleApplication@6287d4a2
reloadAllAccessors: .functionsOnArcs
----------------- testing Thu May 10 02:23:20 UTC 2018 /home/travis/build/icyphy/ptII/ptolemy/actor/lib/test/auto/functionsOnArcsHOF.xml
----------------- Instantiating /home/travis/build/icyphy/ptII/ptolemy/actor/lib/test/auto/functionsOnArcsHOF.xml
3 ms. Memory: 1266176K Free: 846023K (67%)
----------------- Invoking toplevel() on ptolemy.moml.MoMLSimpleApplication@18952ec8
----------------- Done invoking toplevel() on ptolemy.moml.MoMLSimpleApplication@18952ec8
reloadAllAccessors: .functionsOnArcsHOF
----------------- testing Thu May 10 02:23:20 UTC 2018 /home/travis/build/icyphy/ptII/ptolemy/actor/lib/test/auto/logic.xml
----------------- Instantiating /home/travis/build/icyphy/ptII/ptolemy/actor/lib/test/auto/logic.xml
2 ms. Memory: 1266176K Free: 831242K (66%)
----------------- Invoking toplevel() on ptolemy.moml.MoMLSimpleApplication@68929efc
----------------- Done invoking toplevel() on ptolemy.moml.MoMLSimpleApplication@68929efc
reloadAllAccessors: .logic
----------------- testing Thu May 10 02:23:20 UTC 2018 /home/travis/build/icyphy/ptII/ptolemy/actor/lib/test/auto/matrixType.xml
----------------- Instantiating /home/travis/build/icyphy/ptII/ptolemy/actor/lib/test/auto/matrixType.xml
1 ms. Memory: 1266176K Free: 819706K (65%)
----------------- Invoking toplevel() on ptolemy.moml.MoMLSimpleApplication@27db680
----------------- Done invoking toplevel() on ptolemy.moml.MoMLSimpleApplication@27db680
reloadAllAccessors: .matrixType
----------------- testing Thu May 10 02:23:20 UTC 2018 /home/travis/build/icyphy/ptII/ptolemy/actor/lib/test/auto/matrixType10.xml
----------------- Instantiating /home/travis/build/icyphy/ptII/ptolemy/actor/lib/test/auto/matrixType10.xml
1 ms. Memory: 1266176K Free: 804925K (64%)
----------------- Invoking toplevel() on ptolemy.moml.MoMLSimpleApplication@64ff6108
----------------- Done invoking toplevel() on ptolemy.moml.MoMLSimpleApplication@64ff6108
reloadAllAccessors: .matrixType10
----------------- testing Thu May 10 02:23:20 UTC 2018 /home/travis/build/icyphy/ptII/ptolemy/actor/lib/test/auto/matrixType11.xml
----------------- Instantiating /home/travis/build/icyphy/ptII/ptolemy/actor/lib/test/auto/matrixType11.xml
1 ms. Memory: 1266176K Free: 790144K (62%)
----------------- Invoking toplevel() on ptolemy.moml.MoMLSimpleApplication@3f383d39
----------------- Done invoking toplevel() on ptolemy.moml.MoMLSimpleApplication@3f383d39
reloadAllAccessors: .matrixType11
----------------- testing Thu May 10 02:23:20 UTC 2018 /home/travis/build/icyphy/ptII/ptolemy/actor/lib/test/auto/matrixType12.xml
----------------- Instantiating /home/travis/build/icyphy/ptII/ptolemy/actor/lib/test/auto/matrixType12.xml
1 ms. Memory: 1266176K Free: 775364K (61%)
----------------- Invoking toplevel() on ptolemy.moml.MoMLSimpleApplication@259b50e
----------------- Done invoking toplevel() on ptolemy.moml.MoMLSimpleApplication@259b50e
reloadAllAccessors: .matrixType12
----------------- testing Thu May 10 02:23:20 UTC 2018 /home/travis/build/icyphy/ptII/ptolemy/actor/lib/test/auto/matrixType13.xml
----------------- Instantiating /home/travis/build/icyphy/ptII/ptolemy/actor/lib/test/auto/matrixType13.xml
1 ms. Memory: 1266176K Free: 760583K (60%)
----------------- Invoking toplevel() on ptolemy.moml.MoMLSimpleApplication@74f5e2c2
----------------- Done invoking toplevel() on ptolemy.moml.MoMLSimpleApplication@74f5e2c2
reloadAllAccessors: .matrixType13
----------------- testing Thu May 10 02:23:20 UTC 2018 /home/travis/build/icyphy/ptII/ptolemy/actor/lib/test/auto/matrixType14.xml
----------------- Instantiating /home/travis/build/icyphy/ptII/ptolemy/actor/lib/test/auto/matrixType14.xml
2 ms. Memory: 1266176K Free: 745802K (59%)
----------------- Invoking toplevel() on ptolemy.moml.MoMLSimpleApplication@760c53a7
----------------- Done invoking toplevel() on ptolemy.moml.MoMLSimpleApplication@760c53a7
reloadAllAccessors: .matrixType14
----------------- testing Thu May 10 02:23:20 UTC 2018 /home/travis/build/icyphy/ptII/ptolemy/actor/lib/test/auto/matrixType2.xml
----------------- Instantiating /home/travis/build/icyphy/ptII/ptolemy/actor/lib/test/auto/matrixType2.xml
1 ms. Memory: 1266176K Free: 734266K (58%)
----------------- Invoking toplevel() on ptolemy.moml.MoMLSimpleApplication@69889e7b
----------------- Done invoking toplevel() on ptolemy.moml.MoMLSimpleApplication@69889e7b
reloadAllAccessors: .matrixType2
----------------- testing Thu May 10 02:23:20 UTC 2018 /home/travis/build/icyphy/ptII/ptolemy/actor/lib/test/auto/matrixType3.xml
----------------- Instantiating /home/travis/build/icyphy/ptII/ptolemy/actor/lib/test/auto/matrixType3.xml
3 ms. Memory: 1266176K Free: 719485K (57%)
----------------- Invoking toplevel() on ptolemy.moml.MoMLSimpleApplication@7624dc0d
----------------- Done invoking toplevel() on ptolemy.moml.MoMLSimpleApplication@7624dc0d
reloadAllAccessors: .matrixType3
----------------- testing Thu May 10 02:23:20 UTC 2018 /home/travis/build/icyphy/ptII/ptolemy/actor/lib/test/auto/matrixType4.xml
----------------- Instantiating /home/travis/build/icyphy/ptII/ptolemy/actor/lib/test/auto/matrixType4.xml
1 ms. Memory: 1266176K Free: 704704K (56%)
----------------- Invoking toplevel() on ptolemy.moml.MoMLSimpleApplication@5d306146
----------------- Done invoking toplevel() on ptolemy.moml.MoMLSimpleApplication@5d306146
reloadAllAccessors: .matrixType4
----------------- testing Thu May 10 02:23:20 UTC 2018 /home/travis/build/icyphy/ptII/ptolemy/actor/lib/test/auto/matrixType5.xml
----------------- Instantiating /home/travis/build/icyphy/ptII/ptolemy/actor/lib/test/auto/matrixType5.xml
1 ms. Memory: 1266176K Free: 689923K (54%)
----------------- Invoking toplevel() on ptolemy.moml.MoMLSimpleApplication@7d40888
----------------- Done invoking toplevel() on ptolemy.moml.MoMLSimpleApplication@7d40888
reloadAllAccessors: .matrixType5
----------------- testing Thu May 10 02:23:20 UTC 2018 /home/travis/build/icyphy/ptII/ptolemy/actor/lib/test/auto/matrixType6.xml
----------------- Instantiating /home/travis/build/icyphy/ptII/ptolemy/actor/lib/test/auto/matrixType6.xml
1 ms. Memory: 1266176K Free: 675142K (53%)
----------------- Invoking toplevel() on ptolemy.moml.MoMLSimpleApplication@ed36f9
----------------- Done invoking toplevel() on ptolemy.moml.MoMLSimpleApplication@ed36f9
reloadAllAccessors: .matrixType6
----------------- testing Thu May 10 02:23:20 UTC 2018 /home/travis/build/icyphy/ptII/ptolemy/actor/lib/test/auto/matrixType7.xml
----------------- Instantiating /home/travis/build/icyphy/ptII/ptolemy/actor/lib/test/auto/matrixType7.xml
1 ms. Memory: 1266176K Free: 660361K (52%)
----------------- Invoking toplevel() on ptolemy.moml.MoMLSimpleApplication@365321b8
----------------- Done invoking toplevel() on ptolemy.moml.MoMLSimpleApplication@365321b8
reloadAllAccessors: .matrixType7
----------------- testing Thu May 10 02:23:20 UTC 2018 /home/travis/build/icyphy/ptII/ptolemy/actor/lib/test/auto/matrixType8.xml
----------------- Instantiating /home/travis/build/icyphy/ptII/ptolemy/actor/lib/test/auto/matrixType8.xml
1 ms. Memory: 1266176K Free: 648826K (51%)
----------------- Invoking toplevel() on ptolemy.moml.MoMLSimpleApplication@61a50433
----------------- Done invoking toplevel() on ptolemy.moml.MoMLSimpleApplication@61a50433
reloadAllAccessors: .matrixType8
----------------- testing Thu May 10 02:23:20 UTC 2018 /home/travis/build/icyphy/ptII/ptolemy/actor/lib/test/auto/matrixType9.xml
----------------- Instantiating /home/travis/build/icyphy/ptII/ptolemy/actor/lib/test/auto/matrixType9.xml
1 ms. Memory: 1266176K Free: 634045K (50%)
----------------- Invoking toplevel() on ptolemy.moml.MoMLSimpleApplication@63f096d0
----------------- Done invoking toplevel() on ptolemy.moml.MoMLSimpleApplication@63f096d0
reloadAllAccessors: .matrixType9
----------------- testing Thu May 10 02:23:20 UTC 2018 /home/travis/build/icyphy/ptII/ptolemy/actor/lib/test/auto/paraFunctest.xml
----------------- Instantiating /home/travis/build/icyphy/ptII/ptolemy/actor/lib/test/auto/paraFunctest.xml
1 ms. Memory: 1266176K Free: 619264K (49%)
----------------- Invoking toplevel() on ptolemy.moml.MoMLSimpleApplication@6c07866d
----------------- Done invoking toplevel() on ptolemy.moml.MoMLSimpleApplication@6c07866d
reloadAllAccessors: .paraFunctest
----------------- testing Thu May 10 02:23:20 UTC 2018 /home/travis/build/icyphy/ptII/ptolemy/actor/lib/test/auto/paraFunctest2.xml
----------------- Instantiating /home/travis/build/icyphy/ptII/ptolemy/actor/lib/test/auto/paraFunctest2.xml
2 ms. Memory: 1266176K Free: 604483K (48%)
----------------- Invoking toplevel() on ptolemy.moml.MoMLSimpleApplication@794460fb
----------------- Done invoking toplevel() on ptolemy.moml.MoMLSimpleApplication@794460fb
reloadAllAccessors: .paraFunctest2
----------------- testing Thu May 10 02:23:20 UTC 2018 /home/travis/build/icyphy/ptII/ptolemy/actor/lib/test/auto/parameterPassing.xml
----------------- Instantiating /home/travis/build/icyphy/ptII/ptolemy/actor/lib/test/auto/parameterPassing.xml
1 ms. Memory: 1266176K Free: 589702K (47%)
----------------- Invoking toplevel() on ptolemy.moml.MoMLSimpleApplication@3edc2ca
----------------- Done invoking toplevel() on ptolemy.moml.MoMLSimpleApplication@3edc2ca
reloadAllAccessors: .parameterPassing
----------------- testing Thu May 10 02:23:20 UTC 2018 /home/travis/build/icyphy/ptII/ptolemy/actor/lib/test/auto/record.xml
----------------- Instantiating /home/travis/build/icyphy/ptII/ptolemy/actor/lib/test/auto/record.xml
2 ms. Memory: 1266176K Free: 578167K (46%)
----------------- Invoking toplevel() on ptolemy.moml.MoMLSimpleApplication@37080fc0
----------------- Done invoking toplevel() on ptolemy.moml.MoMLSimpleApplication@37080fc0
reloadAllAccessors: .record
----------------- testing Thu May 10 02:23:20 UTC 2018 /home/travis/build/icyphy/ptII/ptolemy/actor/lib/test/auto/sizedarray1.xml
----------------- Instantiating /home/travis/build/icyphy/ptII/ptolemy/actor/lib/test/auto/sizedarray1.xml
1 ms. Memory: 1266176K Free: 563386K (44%)
----------------- Invoking toplevel() on ptolemy.moml.MoMLSimpleApplication@77b7d34f
----------------- Done invoking toplevel() on ptolemy.moml.MoMLSimpleApplication@77b7d34f
reloadAllAccessors: .sizedarray1
----------------- testing Thu May 10 02:23:20 UTC 2018 /home/travis/build/icyphy/ptII/ptolemy/actor/lib/test/auto/sizedarray2.xml
----------------- Instantiating /home/travis/build/icyphy/ptII/ptolemy/actor/lib/test/auto/sizedarray2.xml
2 ms. Memory: 1266176K Free: 548604K (43%)
----------------- Invoking toplevel() on ptolemy.moml.MoMLSimpleApplication@a0872a0
----------------- Done invoking toplevel() on ptolemy.moml.MoMLSimpleApplication@a0872a0
reloadAllAccessors: .sizedarray2
----------------- testing Thu May 10 02:23:20 UTC 2018 /home/travis/build/icyphy/ptII/ptolemy/actor/lib/test/auto/twoPublishers.xml
----------------- Instantiating /home/travis/build/icyphy/ptII/ptolemy/actor/lib/test/auto/twoPublishers.xml
2 ms. Memory: 1266176K Free: 528040K (42%)
----------------- Invoking toplevel() on ptolemy.moml.MoMLSimpleApplication@6d92210c
----------------- Done invoking toplevel() on ptolemy.moml.MoMLSimpleApplication@6d92210c
reloadAllAccessors: .twoPublishers
AutoTests.java: About to close Vertx.
AutoTests.java: Vertx closed.
]]></system-out>
  <system-err><![CDATA[java.lang.RuntimeException: Execution failed
	at ptolemy.moml.MoMLSimpleApplication$UnloadThread.run(MoMLSimpleApplication.java:402)
Caused by: java.lang.RuntimeException: Normally, we would exit here because Manager.exitAfterWrapup() was called.  However, because the ptolemy.ptII.exitAfterWrapup property is set, we throw this exception instead.
	at ptolemy.util.StringUtilities.exit(StringUtilities.java:365)
	at ptolemy.actor.Manager.wrapup(Manager.java:1531)
	at ptolemy.actor.Manager.execute(Manager.java:407)
	at ptolemy.actor.Manager.run(Manager.java:1263)
	at ptolemy.actor.Manager$PtolemyRunThread.run(Manager.java:1915)
Warning: '.top.test' is in training mode, set the trainingMode parameter to false before checking in
Warning: '.top.test' is in training mode, set the trainingMode parameter to false before checking in
Warning: '.top.test' is in training mode, set the trainingMode parameter to false before checking in
Warning: '.BooleanSwitch_RegressionTest_WrongTrainingValues.Test' is in training mode, set the trainingMode parameter to false before checking in
Warning: '.BooleanSwitch_RegressionTest_WrongTrainingValues.Test2' is in training mode, set the trainingMode parameter to false before checking in
Warning: '.BooleanSwitch_RegressionTest_WrongTrainingValues.Test2' The test produced 0 tokens.
Warning: '.top.testExceptionHandler' is in training mode, set the trainingMode parameter to false before checking in
java.lang.RuntimeException: Execution failed
	at ptolemy.moml.MoMLSimpleApplication$UnloadThread.run(MoMLSimpleApplication.java:402)
Caused by: ptolemy.kernel.util.IllegalActionException: PublisherPorts cannot be used at the top level, use a Publisher actor instead.
  in .PublisherPortToplevelSubscriber.PublisherPort
	at ptolemy.actor.PublisherPort.preinitialize(PublisherPort.java:403)
	at ptolemy.actor.CompositeActor.preinitialize(CompositeActor.java:1769)
	at ptolemy.actor.Manager.preinitializeAndResolveTypes(Manager.java:1040)
	at ptolemy.actor.Manager.initialize(Manager.java:710)
	at ptolemy.actor.Manager.execute(Manager.java:356)
	at ptolemy.actor.Manager.run(Manager.java:1263)
	at ptolemy.actor.Manager$PtolemyRunThread.run(Manager.java:1915)
java.lang.reflect.InvocationTargetException
	at sun.reflect.NativeConstructorAccessorImpl.newInstance0(Native Method)
	at sun.reflect.NativeConstructorAccessorImpl.newInstance(NativeConstructorAccessorImpl.java:62)
	at sun.reflect.DelegatingConstructorAccessorImpl.newInstance(DelegatingConstructorAccessorImpl.java:45)
	at java.lang.reflect.Constructor.newInstance(Constructor.java:423)
	at ptolemy.util.test.junit.AutoKnownFailedTests.RunModel(AutoKnownFailedTests.java:107)
	at sun.reflect.NativeMethodAccessorImpl.invoke0(Native Method)
	at sun.reflect.NativeMethodAccessorImpl.invoke(NativeMethodAccessorImpl.java:62)
	at sun.reflect.DelegatingMethodAccessorImpl.invoke(DelegatingMethodAccessorImpl.java:43)
	at java.lang.reflect.Method.invoke(Method.java:498)
	at org.junit.runners.model.FrameworkMethod$1.runReflectiveCall(FrameworkMethod.java:44)
	at org.junit.internal.runners.model.ReflectiveCallable.run(ReflectiveCallable.java:15)
	at org.junit.runners.model.FrameworkMethod.invokeExplosively(FrameworkMethod.java:41)
	at junitparams.internal.InvokeParameterisedMethod.evaluate(InvokeParameterisedMethod.java:102)
	at org.junit.internal.runners.statements.FailOnTimeout$1.run(FailOnTimeout.java:28)
Caused by: ptolemy.kernel.util.IllegalActionException: PublisherPorts cannot be used at the top level, use a Publisher actor instead.
  in .PublisherPortToplevelSubscriber.PublisherPort
	at ptolemy.actor.PublisherPort.preinitialize(PublisherPort.java:403)
	at ptolemy.actor.CompositeActor.preinitialize(CompositeActor.java:1769)
	at ptolemy.actor.Manager.preinitializeAndResolveTypes(Manager.java:1040)
	at ptolemy.actor.Manager.initialize(Manager.java:710)
	at ptolemy.actor.Manager.execute(Manager.java:356)
	at ptolemy.actor.Manager.run(Manager.java:1263)
	at ptolemy.actor.Manager$PtolemyRunThread.run(Manager.java:1915)
java.lang.RuntimeException: Execution failed
	at ptolemy.moml.MoMLSimpleApplication$UnloadThread.run(MoMLSimpleApplication.java:402)
Caused by: ptolemy.kernel.util.IllegalActionException: SubscriberPorts cannot be used at the top level, use a Subscriber actor instead.
  in .PublisherSubscriberPortToplevel.SubscriberPort
	at ptolemy.actor.SubscriberPort.preinitialize(SubscriberPort.java:328)
	at ptolemy.actor.CompositeActor.preinitialize(CompositeActor.java:1769)
	at ptolemy.actor.Manager.preinitializeAndResolveTypes(Manager.java:1040)
	at ptolemy.actor.Manager.initialize(Manager.java:710)
	at ptolemy.actor.Manager.execute(Manager.java:356)
	at ptolemy.actor.Manager.run(Manager.java:1263)
	at ptolemy.actor.Manager$PtolemyRunThread.run(Manager.java:1915)
java.lang.reflect.InvocationTargetException
	at sun.reflect.NativeConstructorAccessorImpl.newInstance0(Native Method)
	at sun.reflect.NativeConstructorAccessorImpl.newInstance(NativeConstructorAccessorImpl.java:62)
	at sun.reflect.DelegatingConstructorAccessorImpl.newInstance(DelegatingConstructorAccessorImpl.java:45)
	at java.lang.reflect.Constructor.newInstance(Constructor.java:423)
	at ptolemy.util.test.junit.AutoKnownFailedTests.RunModel(AutoKnownFailedTests.java:107)
	at sun.reflect.NativeMethodAccessorImpl.invoke0(Native Method)
	at sun.reflect.NativeMethodAccessorImpl.invoke(NativeMethodAccessorImpl.java:62)
	at sun.reflect.DelegatingMethodAccessorImpl.invoke(DelegatingMethodAccessorImpl.java:43)
	at java.lang.reflect.Method.invoke(Method.java:498)
	at org.junit.runners.model.FrameworkMethod$1.runReflectiveCall(FrameworkMethod.java:44)
	at org.junit.internal.runners.model.ReflectiveCallable.run(ReflectiveCallable.java:15)
	at org.junit.runners.model.FrameworkMethod.invokeExplosively(FrameworkMethod.java:41)
	at junitparams.internal.InvokeParameterisedMethod.evaluate(InvokeParameterisedMethod.java:102)
	at org.junit.internal.runners.statements.FailOnTimeout$1.run(FailOnTimeout.java:28)
Caused by: ptolemy.kernel.util.IllegalActionException: SubscriberPorts cannot be used at the top level, use a Subscriber actor instead.
  in .PublisherSubscriberPortToplevel.SubscriberPort
	at ptolemy.actor.SubscriberPort.preinitialize(SubscriberPort.java:328)
	at ptolemy.actor.CompositeActor.preinitialize(CompositeActor.java:1769)
	at ptolemy.actor.Manager.preinitializeAndResolveTypes(Manager.java:1040)
	at ptolemy.actor.Manager.initialize(Manager.java:710)
	at ptolemy.actor.Manager.execute(Manager.java:356)
	at ptolemy.actor.Manager.run(Manager.java:1263)
	at ptolemy.actor.Manager$PtolemyRunThread.run(Manager.java:1915)
java.lang.RuntimeException: Execution failed
	at ptolemy.moml.MoMLSimpleApplication$UnloadThread.run(MoMLSimpleApplication.java:402)
Caused by: ptolemy.kernel.util.IllegalActionException: SubscriptionAggregatorPorts cannot be used at the top level, use a SubscriptionAggregator actor instead.
  in .PublisherSubscriptionAggregatorPort.SubscriptionAggregatorPort
	at ptolemy.actor.SubscriptionAggregatorPort.preinitialize(SubscriptionAggregatorPort.java:353)
	at ptolemy.actor.CompositeActor.preinitialize(CompositeActor.java:1769)
	at ptolemy.actor.Manager.preinitializeAndResolveTypes(Manager.java:1040)
	at ptolemy.actor.Manager.initialize(Manager.java:710)
	at ptolemy.actor.Manager.execute(Manager.java:356)
	at ptolemy.actor.Manager.run(Manager.java:1263)
	at ptolemy.actor.Manager$PtolemyRunThread.run(Manager.java:1915)
java.lang.reflect.InvocationTargetException
	at sun.reflect.NativeConstructorAccessorImpl.newInstance0(Native Method)
	at sun.reflect.NativeConstructorAccessorImpl.newInstance(NativeConstructorAccessorImpl.java:62)
	at sun.reflect.DelegatingConstructorAccessorImpl.newInstance(DelegatingConstructorAccessorImpl.java:45)
	at java.lang.reflect.Constructor.newInstance(Constructor.java:423)
	at ptolemy.util.test.junit.AutoKnownFailedTests.RunModel(AutoKnownFailedTests.java:107)
	at sun.reflect.NativeMethodAccessorImpl.invoke0(Native Method)
	at sun.reflect.NativeMethodAccessorImpl.invoke(NativeMethodAccessorImpl.java:62)
	at sun.reflect.DelegatingMethodAccessorImpl.invoke(DelegatingMethodAccessorImpl.java:43)
	at java.lang.reflect.Method.invoke(Method.java:498)
	at org.junit.runners.model.FrameworkMethod$1.runReflectiveCall(FrameworkMethod.java:44)
	at org.junit.internal.runners.model.ReflectiveCallable.run(ReflectiveCallable.java:15)
	at org.junit.runners.model.FrameworkMethod.invokeExplosively(FrameworkMethod.java:41)
	at junitparams.internal.InvokeParameterisedMethod.evaluate(InvokeParameterisedMethod.java:102)
	at org.junit.internal.runners.statements.FailOnTimeout$1.run(FailOnTimeout.java:28)
Caused by: ptolemy.kernel.util.IllegalActionException: SubscriptionAggregatorPorts cannot be used at the top level, use a SubscriptionAggregator actor instead.
  in .PublisherSubscriptionAggregatorPort.SubscriptionAggregatorPort
	at ptolemy.actor.SubscriptionAggregatorPort.preinitialize(SubscriptionAggregatorPort.java:353)
	at ptolemy.actor.CompositeActor.preinitialize(CompositeActor.java:1769)
	at ptolemy.actor.Manager.preinitializeAndResolveTypes(Manager.java:1040)
	at ptolemy.actor.Manager.initialize(Manager.java:710)
	at ptolemy.actor.Manager.execute(Manager.java:356)
	at ptolemy.actor.Manager.run(Manager.java:1263)
	at ptolemy.actor.Manager$PtolemyRunThread.run(Manager.java:1915)
java.lang.RuntimeException: Execution failed
	at ptolemy.moml.MoMLSimpleApplication$UnloadThread.run(MoMLSimpleApplication.java:402)
Caused by: ptolemy.kernel.util.IllegalActionException: TypeTest actor has no training data.
  in .sizedarray3.TypeTest
	at ptolemy.actor.lib.TypeTest.initialize(TypeTest.java:250)
	at ptolemy.actor.Director.initialize(Director.java:938)
	at ptolemy.actor.Director.initialize(Director.java:907)
	at ptolemy.actor.sched.StaticSchedulingDirector.initialize(StaticSchedulingDirector.java:159)
	at ptolemy.domains.sdf.kernel.SDFDirector.initialize(SDFDirector.java:544)
	at ptolemy.actor.CompositeActor.initialize(CompositeActor.java:935)
	at ptolemy.actor.Manager.initialize(Manager.java:724)
	at ptolemy.actor.Manager.execute(Manager.java:356)
	at ptolemy.actor.Manager.run(Manager.java:1263)
	at ptolemy.actor.Manager$PtolemyRunThread.run(Manager.java:1915)
java.lang.reflect.InvocationTargetException
	at sun.reflect.NativeConstructorAccessorImpl.newInstance0(Native Method)
	at sun.reflect.NativeConstructorAccessorImpl.newInstance(NativeConstructorAccessorImpl.java:62)
	at sun.reflect.DelegatingConstructorAccessorImpl.newInstance(DelegatingConstructorAccessorImpl.java:45)
	at java.lang.reflect.Constructor.newInstance(Constructor.java:423)
	at ptolemy.util.test.junit.AutoKnownFailedTests.RunModel(AutoKnownFailedTests.java:107)
	at sun.reflect.NativeMethodAccessorImpl.invoke0(Native Method)
	at sun.reflect.NativeMethodAccessorImpl.invoke(NativeMethodAccessorImpl.java:62)
	at sun.reflect.DelegatingMethodAccessorImpl.invoke(DelegatingMethodAccessorImpl.java:43)
	at java.lang.reflect.Method.invoke(Method.java:498)
	at org.junit.runners.model.FrameworkMethod$1.runReflectiveCall(FrameworkMethod.java:44)
	at org.junit.internal.runners.model.ReflectiveCallable.run(ReflectiveCallable.java:15)
	at org.junit.runners.model.FrameworkMethod.invokeExplosively(FrameworkMethod.java:41)
	at junitparams.internal.InvokeParameterisedMethod.evaluate(InvokeParameterisedMethod.java:102)
	at org.junit.internal.runners.statements.FailOnTimeout$1.run(FailOnTimeout.java:28)
Caused by: ptolemy.kernel.util.IllegalActionException: TypeTest actor has no training data.
  in .sizedarray3.TypeTest
	at ptolemy.actor.lib.TypeTest.initialize(TypeTest.java:250)
	at ptolemy.actor.Director.initialize(Director.java:938)
	at ptolemy.actor.Director.initialize(Director.java:907)
	at ptolemy.actor.sched.StaticSchedulingDirector.initialize(StaticSchedulingDirector.java:159)
	at ptolemy.domains.sdf.kernel.SDFDirector.initialize(SDFDirector.java:544)
	at ptolemy.actor.CompositeActor.initialize(CompositeActor.java:935)
	at ptolemy.actor.Manager.initialize(Manager.java:724)
	at ptolemy.actor.Manager.execute(Manager.java:356)
	at ptolemy.actor.Manager.run(Manager.java:1263)
	at ptolemy.actor.Manager$PtolemyRunThread.run(Manager.java:1915)
ptolemy.kernel.util.InternalErrorException: Exec Stdout Gobbler-6: Failed while reading from java.lang.UNIXProcess$ProcessPipeInputStream@1889e92e. To avoid this, try setting the ignoreIOExceptionReadErrors parameter to true.null
  in .ExecEnvironment.Exec
Because:
Stream closed
	at ptolemy.actor.lib.Exec$_StreamReaderThread._read(Exec.java:762)
	at ptolemy.actor.lib.Exec$_StreamReaderThread.run(Exec.java:706)
Caused by: java.io.IOException: Stream closed
	at sun.nio.cs.StreamDecoder.ensureOpen(StreamDecoder.java:46)
	at sun.nio.cs.StreamDecoder.read(StreamDecoder.java:148)
	at java.io.InputStreamReader.read(InputStreamReader.java:184)
	at ptolemy.actor.lib.Exec$_StreamReaderThread._read(Exec.java:724)
	... 1 more
Caused by: java.io.IOException: Stream closed
	at sun.nio.cs.StreamDecoder.ensureOpen(StreamDecoder.java:46)
	at sun.nio.cs.StreamDecoder.read(StreamDecoder.java:148)
	at java.io.InputStreamReader.read(InputStreamReader.java:184)
	at ptolemy.actor.lib.Exec$_StreamReaderThread._read(Exec.java:724)
	at ptolemy.actor.lib.Exec$_StreamReaderThread.run(Exec.java:706)
]]></system-err>
</testsuite>
