<?xml version="1.0" encoding="UTF-8" ?>
<testsuite errors="0" failures="0" hostname="travis-job-afedecd3-1660-44a9-8de3-37514f943a8e" name="ptolemy.vergil.basic.export.test.junit.ExportModelJUnitTestBatch1" skipped="0" tests="150" time="1735.198" timestamp="2018-06-01T17:28:48">
  <properties>
    <property name="npm.executable" value="npm" />
    <property name="file.encoding.pkg" value="sun.io" />
    <property name="env.PT_TRAVIS_TEST_EXPORT1_XML" value="true" />
    <property name="ptII.mk.exists" value="true" />
    <property name="env.rvm_bin_path" value="/home/travis/.rvm/bin" />
    <property name="java.home" value="/usr/lib/jvm/java-8-oracle/jre" />
    <property name="env.TRAVIS_JOB_NUMBER" value="507.12" />
    <property name="env.DISPLAY" value=":99.0" />
    <property name="java.net.preferIPv4Stack" value="true" />
    <property name="env.SSH_TTY" value="/dev/pts/0" />
    <property name="env.RUN_TESTS" value="true" />
    <property name="timeout.short" value="1000000" />
    <property name="env.TRAVIS_STACK_NODE_ATTRIBUTES" value="/.node-attributes.yml" />
    <property name="junit.formatter" value="xml" />
    <property name="java.endorsed.dirs" value="/usr/lib/jvm/java-8-oracle/jre/lib/endorsed" />
    <property name="env.TRAVIS_SUDO" value="true" />
    <property name="env.LOGNAME" value="travis" />
    <property name="jsdoc.home" value="node_modules/@terraswarm/jsdoc" />
    <property name="debuglevel" value="source,lines,vars" />
    <property name="checkstyle.formatter" value="xml" />
    <property name="bin.vergil.makeable" value="true" />
    <property name="env._system_version" value="14.04" />
    <property name="sun.os.patch.level" value="unknown" />
    <property name="java.vendor.url" value="http://java.oracle.com/" />
    <property name="java.version" value="1.8.0_151" />
    <property name="env.TZ" value="UTC" />
    <property name="env.PT_NO_NET" value="true" />
    <property name="env.TRAVIS_PULL_REQUEST_SHA" value="" />
    <property name="env.TRAVIS_SECURE_ENV_VARS" value="true" />
    <property name="env._system_type" value="Linux" />
    <property name="java.vendor.url.bug" value="http://bugreport.sun.com/bugreport/" />
    <property name="env.SSH_CLIENT" value="10.10.16.3 57726 22" />
    <property name="npmjs-org-is-up" value="true" />
    <property name="env.GEM_HOME" value="/home/travis/.rvm/gems/ruby-2.4.1" />
    <property name="env.HAS_ANTARES_THREE_LITTLE_FRONZIES_BADGE" value="true" />
    <property name="env.PS4" value="+" />
    <property name="ant.project.invoked-targets" value="build,test.export1.xml" />
    <property name="env.TRAVIS_PULL_REQUEST_BRANCH" value="" />
    <property name="env.TRAVIS_REPO_SLUG" value="icyphy/ptII" />
    <property name="node.in.path" value="true" />
    <property name="java.maxmemory" value="1400m" />
    <property name="env.RUBY_VERSION" value="ruby-2.4.1" />
    <property name="user.name" value="travis" />
    <property name="env.LANG" value="en_US.UTF-8" />
    <property name="sun.io.unicode.encoding" value="UnicodeLittle" />
    <property name="sun.jnu.encoding" value="UTF-8" />
    <property name="java.runtime.name" value="Java(TM) SE Runtime Environment" />
    <property name="usefile" value="false" />
    <property name="return.code" value="0" />
    <property name="junit.single.formatter" value="plain" />
    <property name="env.DYLD_LIBRARY_PATH" value="/home/travis/pthla/certi-tools/lib:" />
    <property name="env.DEBIAN_FRONTEND" value="noninteractive" />
    <property name="env.SSH_CONNECTION" value="10.10.16.3 57726 10.20.0.72 22" />
    <property name="env.MYSQL_UNIX_PORT" value="/var/run/mysqld/mysqld.sock" />
    <property name="env.TRAVIS_ALLOW_FAILURE" value="false" />
    <property name="env.LC_ALL" value="en_US.UTF-8" />
    <property name="java.specification.name" value="Java Platform API Specification" />
    <property name="node.works" value="true" />
    <property name="user.timezone" value="" />
    <property name="path.separator" value=":" />
    <property name="env.PYTHON_CFLAGS" value="-g -fstack-protector --param=ssp-buffer-size=4 -Wformat -Werror=format-security" />
    <property name="timeout.long" value="4000000" />
    <property name="env.CERTI_HOME" value="/home/travis/pthla/certi-tools" />
    <property name="file.encoding" value="UTF-8" />
    <property name="ant.file.ptII" value="/home/travis/build/icyphy/ptII/build.xml" />
    <property name="javadoc.packagenames" value="com.*,diva.*,lbnl.*,org.hlacerti.*,org.json.*,org.ptolemy.*,org.terraswarm.*,ptolemy.*,ptserver.*" />
    <property name="env.TRAVIS_PULL_REQUEST_SLUG" value="" />
    <property name="ant.project.default-target" value="build" />
    <property name="env.GIT_ASKPASS" value="echo" />
    <property name="env.HOME" value="/home/travis" />
    <property name="sun.java.command" value="org.apache.tools.ant.taskdefs.optional.junit.JUnitTestRunner ptolemy.vergil.basic.export.test.junit.ExportModelJUnitTestBatch1 skipNonTests=false filtertrace=true haltOnError=false haltOnFailure=false formatter=org.apache.tools.ant.taskdefs.optional.junit.OutErrSummaryJUnitResultFormatter showoutput=true outputtoformatters=true logfailedtests=true threadid=0 logtestlistenerevents=false formatter=org.apache.tools.ant.taskdefs.optional.junit.XMLJUnitResultFormatter,/home/travis/build/icyphy/ptII/reports/junit/TEST-ptolemy.vergil.basic.export.test.junit.ExportModelJUnitTestBatch1.xml crashfile=/home/travis/build/icyphy/ptII/junitvmwatcher9116518092406102136.properties propsfile=/home/travis/build/icyphy/ptII/junit8570977843457947081.properties" />
    <property name="env.MANPATH" value="/home/travis/.nvm/versions/node/v7.10.1/share/man:/home/travis/.kiex/elixirs/elixir-1.4.5/man:/home/travis/.rvm/rubies/ruby-2.4.1/share/man:/usr/local/man:/usr/local/cmake-3.9.2/man:/usr/local/clang-5.0.0/share/man:/usr/local/share/man:/usr/share/man:/home/travis/.rvm/man" />
    <property name="env.COMPOSER_NO_INTERACTION" value="1" />
    <property name="env.JDK_SWITCHER_DEFAULT" value="oraclejdk8" />
    <property name="ant.file" value="/home/travis/build/icyphy/ptII/build.xml" />
    <property name="env.TRAVIS_COMMIT_RANGE" value="389aa8e0b31e...ed6c0b1c2cf3" />
    <property name="env._system_name" value="Ubuntu" />
    <property name="timeout" value="2400000" />
    <property name="ptII.classpath.optional.property" value="/home/travis/build/icyphy/ptII/lib/bsh-2.0b4.jar:/home/travis/build/icyphy/ptII/lib/ptCal.jar:/home/travis/build/icyphy/ptII/lib/java_cup.jar:/home/travis/build/icyphy/ptII/lib/saxon8.jar:/home/travis/build/icyphy/ptII/lib/saxon8-dom.jar:/home/travis/build/icyphy/ptII/lib/chic.jar:/home/travis/build/icyphy/ptII/lib/ptcolt.jar:/usr/lib/jvm/java-8-oracle/lib/tools.jar:/usr/lib/eclipse/plugins/org.eclipse.jdt.core_3.8.2.dist.jar:/usr/lib/eclipse/plugins/org.eclipse.core.runtime_3.8.0.dist.jar:/usr/lib/eclipse/plugins/org.eclipse.osgi_3.8.1.dist.jar:/usr/lib/eclipse/plugins/org.eclipse.core.resources_3.8.1.dist.jar:/usr/lib/eclipse/plugins/org.eclipse.equinox.common_3.6.100.dist.jar:/usr/lib/eclipse/plugins/org.eclipse.core.jobs_3.5.200.dist.jar:/usr/lib/eclipse/plugins/org.eclipse.core.contenttype_3.4.200.dist.jar:/usr/lib/eclipse/plugins/org.eclipse.equinox.preferences_3.5.0.dist.jar:/usr/lib/eclipse/plugins/org.eclipse.text_3.5.200.dist.jar:/usr/lib/eclipse/plugins/org.eclipse.ui.workbench_3.8.1.dist.jar:/usr/lib/eclipse/plugins/org.eclipse.jface_3.8.0.dist.jar:/usr/lib/eclipse/plugins/org.eclipse.swt_3.8.2.jar:/usr/lib/eclipse/plugins/org.eclipse.jface.text_3.8.1.dist.jar:/usr/lib/eclipse/plugins/org.eclipse.ui.workbench.texteditor_3.8.0.dist.jar:/usr/lib/eclipse/plugins/org.eclipse.ui.editors_3.8.0.dist.jar:/usr/lib/eclipse/plugins/org.eclipse.core.commands_3.6.1.dist.jar:/usr/lib/eclipse/plugins/org.eclipse.equinox.registry_3.5.200.dist.jar:/usr/lib/eclipse/plugins/org.eclipse.ui.console_3.5.100.dist.jar:/usr/lib/eclipse/plugins/org.eclipse.ui.forms_3.5.200.dist.jar:/usr/lib/eclipse/plugins/org.eclipse.ui.ide_3.8.1.dist.jar:/home/travis/build/icyphy/ptII/vendors/oracle/dbxml.jar:/home/travis/build/icyphy/ptII/vendors/oracle/db.jar:/home/travis/build/icyphy/ptII/vendors/misc/itext/iText.jar:/home/travis/build/icyphy/ptII/lib/g4ltl.jar:/home/travis/build/icyphy/ptII/lib/StructuralCoder.jar:/home/travis/build/icyphy/ptII/lib/org-openide-util.jar:/home/travis/build/icyphy/ptII/lib/org-openide-util-lookup.jar:/home/travis/build/icyphy/ptII/lib/org-netbeans-api-visual.jar:/home/travis/build/icyphy/ptII/vendors/jai-1_1_2_01/lib/jai_core.jar:/home/travis/build/icyphy/ptII/vendors/jai-1_1_2_01/lib/jai_codec.jar:/home/travis/build/icyphy/ptII/lib/jcerti.jar:/home/travis/build/icyphy/ptII/lib/smack.jar:/home/travis/build/icyphy/ptII/lib/smackx.jar:/home/travis/build/icyphy/ptII/lib/jetty-all-8.1.5-v20120716.jar:/home/travis/build/icyphy/ptII/lib/javax.servlet-api-3.0.1.jar:/home/travis/build/icyphy/ptII/lib/javax.mail.jar:/home/travis/build/icyphy/ptII/vendors/JMF-2.1.1e/lib/jmf.jar:/home/travis/build/icyphy/ptII/lib/jna-4.0.0-variadic.jar:/home/travis/build/icyphy/ptII/vendors/misc/joystick/Joystick.jar:/home/travis/build/icyphy/ptII/lib/ptjacl.jar:/home/travis/build/icyphy/ptII/lib/jsoup-1.8.2.jar:/home/travis/build/icyphy/ptII/lib/junit-4.8.2.jar:/home/travis/build/icyphy/ptII/lib/JUnitParams-0.4.0.jar:/home/travis/build/icyphy/ptII/ptolemy/actor/lib/excel/jxl.jar:/home/travis/build/icyphy/ptII/lib/jython.jar:/home/travis/build/icyphy/ptII/lib/kieler.jar:/home/travis/build/icyphy/ptII/vendors/opencv/share/OpenCV/java/opencv-341.jar:/home/travis/build/icyphy/ptII/lib/oscP5.jar:/home/travis/build/icyphy/ptII/lib/nrjavaserial-3.11.0.devel.jar:/usr/share/java/j3dcore.jar:/usr/share/java/j3dutils.jar:/usr/share/java/vecmath.jar:/home/travis/build/icyphy/ptII/ptolemy/distributed/jini/jar/jini-core.jar:/home/travis/build/icyphy/ptII/ptolemy/distributed/jini/jar/jini-ext.jar:/home/travis/build/icyphy/ptII/ptolemy/distributed/jini/jar/sun-util.jar:/home/travis/build/icyphy/ptII/lib/protobuf-java-2.4.1.jar:/home/travis/build/icyphy/ptII/lib/org.eclipse.paho.client.mqttv3.jar:/home/travis/build/icyphy/ptII/ptserver/lib/hessian-4.0.7.jar:/home/travis/build/icyphy/ptII/ptserver/lib/wmqtt.jar:/home/travis/build/icyphy/ptII/lib/mapss.jar:/home/travis/build/icyphy/ptII/ptolemy/actor/ptalon/antlr/antlr.jar:/home/travis/build/icyphy/ptII/lib/JRI.jar:/home/travis/build/icyphy/ptII/lib/commons-lang-2.6.jar:/home/travis/build/icyphy/ptII/lib/commons-logging-1.1.1.jar:/home/travis/build/icyphy/ptII/lib/sootclasses.jar:/home/travis/build/icyphy/ptII/ptolemy/actor/lib/database/mysql-connector-java-5.1.6-bin.jar:/home/travis/build/icyphy/ptII/vendors/misc/sphinx4/sphinx4-data-5prealpha.jar:/home/travis/build/icyphy/ptII/vendors/misc/sphinx4/sphinx4-core-5prealpha.jar:/home/travis/build/icyphy/ptII/lib/PDFRenderer.jar:/home/travis/build/icyphy/ptII/lib/svgSalamander.jar:/home/travis/build/icyphy/ptII/lib/rsyntaxtextarea-2.6.0-SNAPSHOT.jar:/home/travis/build/icyphy/ptII/lib/hazelcast-3.8.2.jar:/home/travis/build/icyphy/ptII/lib/jackson-annotations-2.9.0.jar:/home/travis/build/icyphy/ptII/lib/jackson-core-2.9.3.jar:/home/travis/build/icyphy/ptII/lib/jackson-databind-2.9.3.jar:/home/travis/build/icyphy/ptII/lib/netty-buffer-4.1.19.Final.jar:/home/travis/build/icyphy/ptII/lib/netty-codec-4.1.19.Final.jar:/home/travis/build/icyphy/ptII/lib/netty-codec-dns-4.1.19.Final.jar:/home/travis/build/icyphy/ptII/lib/netty-codec-http-4.1.19.Final.jar:/home/travis/build/icyphy/ptII/lib/netty-codec-http2-4.1.19.Final.jar:/home/travis/build/icyphy/ptII/lib/netty-common-4.1.19.Final.jar:/home/travis/build/icyphy/ptII/lib/netty-handler-4.1.19.Final.jar:/home/travis/build/icyphy/ptII/lib/netty-resolver-4.1.19.Final.jar:/home/travis/build/icyphy/ptII/lib/netty-resolver-dns-4.1.19.Final.jar:/home/travis/build/icyphy/ptII/lib/netty-transport-4.1.19.Final.jar:/home/travis/build/icyphy/ptII/lib/vertx-codegen-3.5.1.jar:/home/travis/build/icyphy/ptII/lib/vertx-core-3.5.2-SNAPSHOT.jar:/home/travis/build/icyphy/ptII/lib/vertx-hazelcast-3.5.1.jar:/home/travis/build/icyphy/ptII/lib/vertx-lang-js-3.5.1.jar:/home/travis/build/icyphy/ptII/lib/vertx-service-proxy-3.5.1.jar:/home/travis/build/icyphy/ptII/lib/vertx-web-3.5.1.jar:/home/travis/build/icyphy/ptII/lib/slf4j-api-1.7.13.jar:/home/travis/build/icyphy/ptII/lib/slf4j-simple-1.7.13.jar:/home/travis/build/icyphy/ptII/lib/webcam-capture-0.3.12.jar:/home/travis/build/icyphy/ptII/lib/bridj-0.7.0.jar:/home/travis/build/icyphy/ptII/lib/xbjlib-1.1.0.nrjavaserial.jar" />
    <property name="test.batch" value="**/junit/*.java" />
    <property name="env._" value="/usr/bin/timeout" />
    <property name="java.io.tmpdir" value="/tmp" />
    <property name="user.language" value="en" />
    <property name="env.HISTCONTROL" value="ignoredups:ignorespace" />
    <property name="env.GOROOT" value="/home/travis/.gimme/versions/go1.7.4.linux.amd64" />
    <property name="line.separator" value="&#xa;" />
    <property name="target" value="1.8" />
    <property name="env.TRAVIS_BUILD_DIR" value="/home/travis/build/icyphy/ptII" />
    <property name="env.ANT_OPTS" value="-Xmx2048m" />
    <property name="ant.file.type" value="file" />
    <property name="ptolemy.ptII.batchMode" value="true" />
    <property name="env.HISTSIZE" value="1000" />
    <property name="env.MERB_ENV" value="test" />
    <property name="java.vm.info" value="mixed mode" />
    <property name="source" value="1.8" />
    <property name="java.vm.specification.name" value="Java Virtual Machine Specification" />
    <property name="env.TRAVIS_TEST_RESULT" value="0" />
    <property name="jsdoc.command" value="node_modules/@terraswarm/jsdoc/jsdoc.js" />
    <property name="npm.works" value="true" />
    <property name="cobertura.dir" value="/home/travis/build/icyphy/ptII/vendors/cobertura-2.0.3" />
    <property name="env.rvm_path" value="/home/travis/.rvm" />
    <property name="env.GEM_PATH" value="/home/travis/.rvm/gems/ruby-2.4.1:/home/travis/.rvm/gems/ruby-2.4.1@global" />
    <property name="env.LC_CTYPE" value="en_US.UTF-8" />
    <property name="java.awt.printerjob" value="sun.print.PSPrinterJob" />
    <property name="env.TRAVIS_STACK_NAME" value="garnet" />
    <property name="ant.version" value="Apache Ant(TM) version 1.10.1 compiled on February 2 2017" />
    <property name="ptII.reports" value="/home/travis/build/icyphy/ptII/reports" />
    <property name="env.TRAVIS_STACK_TIMESTAMP" value="2017-12-05 19:33:09 UTC" />
    <property name="ant.file.type.ptII" value="file" />
    <property name="env.RBENV_SHELL" value="bash" />
    <property name="os.name" value="Linux" />
    <property name="java.specification.vendor" value="Oracle Corporation" />
    <property name="env.rvm_version" value="1.29.3 (latest)" />
    <property name="env.TERM" value="xterm" />
    <property name="java.vm.name" value="Java HotSpot(TM) 64-Bit Server VM" />
    <property name="env.TRAVIS_BUILD_NUMBER" value="507" />
    <property name="env.CI" value="true" />
    <property name="java.library.path" value="/home/travis/pthla/certi-tools/lib:/usr/lib/jni:/usr/local/share/OpenCV/java/:/usr/share/OpenCV/java::/usr/java/packages/lib/amd64:/usr/lib64:/lib64:/lib:/usr/lib" />
    <property name="env.rvm_prefix" value="/home/travis" />
    <property name="env.PATH" value="/home/travis/pthla/certi-tools/share/scripts:/home/travis/.rvm/gems/ruby-2.4.1/bin:/home/travis/.rvm/gems/ruby-2.4.1@global/bin:/home/travis/.rvm/rubies/ruby-2.4.1/bin:/home/travis/.rvm/bin:/home/travis/.nvm/versions/node/v7.10.1/bin:./node_modules/.bin:/home/travis/build/icyphy/ptII/bin:/home/travis/pthla/certi-tools/bin:/home/travis/bin:/home/travis/.local/bin:/opt/pyenv/shims:/home/travis/.phpenv/shims:/home/travis/perl5/perlbrew/bin:/home/travis/.kiex/elixirs/elixir-1.4.5/bin:/home/travis/.kiex/bin:/home/travis/gopath/bin:/home/travis/.gimme/versions/go1.7.4.linux.amd64/bin:/usr/local/phantomjs/bin:/usr/local/phantomjs:/usr/local/neo4j-3.2.7/bin:/usr/local/maven-3.5.2/bin:/usr/local/cmake-3.9.2/bin:/usr/local/clang-5.0.0/bin:/usr/local/sbin:/usr/local/bin:/usr/sbin:/usr/bin:/sbin:/bin:/home/travis/.phpenv/bin:/opt/pyenv/bin:/home/travis/.yarn/bin" />
    <property name="env.TRAVIS_OS_NAME" value="linux" />
    <property name="ant.java.version" value="1.8" />
    <property name="basedir" value="/home/travis/build/icyphy/ptII" />
    <property name="java.class.version" value="52.0" />
    <property name="env.SHLVL" value="3" />
    <property name="env.LD_LIBRARY_PATH" value="/home/travis/pthla/certi-tools/lib:/usr/lib/jni:/usr/local/share/OpenCV/java/:/usr/share/OpenCV/java:" />
    <property name="env.RACK_ENV" value="test" />
    <property name="ant.home" value="/home/travis/build/icyphy/ptII/ant" />
    <property name="env.NVM_DIR" value="/home/travis/.nvm" />
    <property name="env.PERLBREW_BASHRC_VERSION" value="0.80" />
    <property name="env.CERTI_FOM_PATH" value="/home/travis/pthla/certi-tools/share/federations" />
    <property name="env.TRAVIS_BUILD_ID" value="386761151" />
    <property name="env.PYENV_ROOT" value="/opt/pyenv" />
    <property name="env.TRAVIS_UID" value="2000" />
    <property name="env.rvm_pretty_print_flag" value="auto" />
    <property name="env.NVM_BIN" value="/home/travis/.nvm/versions/node/v7.10.1/bin" />
    <property name="env.TRAVIS_COMMIT" value="ed6c0b1c2cf3ba9d6a19d630e38c622a98204083" />
    <property name="env._system_arch" value="x86_64" />
    <property name="node.executable" value="node" />
    <property name="sun.boot.library.path" value="/usr/lib/jvm/java-8-oracle/jre/lib/amd64" />
    <property name="sun.management.compiler" value="HotSpot 64-Bit Tiered Compilers" />
    <property name="env.GOPATH" value="/home/travis/gopath" />
    <property name="java.awt.graphicsenv" value="sun.awt.X11GraphicsEnvironment" />
    <property name="ptolemy.ptII.dir" value="/home/travis/build/icyphy/ptII" />
    <property name="env.USER" value="travis" />
    <property name="env.HISTFILESIZE" value="2000" />
    <property name="timeout.longest" value="19000000" />
    <property name="env.TRAVIS_STACK_FEATURES" value="basic cassandra chromium couchdb disabled-ipv6 docker docker-compose elasticsearch firefox go-toolchain google-chrome jdk memcached mongodb mysql neo4j nodejs_interpreter perl_interpreter perlbrew phantomjs postgresql python_interpreter rabbitmq redis riak ruby_interpreter sqlite xserver" />
    <property name="env.TRAVIS_PULL_REQUEST" value="false" />
    <property name="env.PYENV_SHELL" value="bash" />
    <property name="ant.project.name" value="ptII" />
    <property name="java.vm.specification.version" value="1.8" />
    <property name="env.CERTI_VERSION" value="4.0.0" />
    <property name="env.NLSPATH" value="/usr/dt/lib/nls/msg/%L/%N.cat" />
    <property name="awt.toolkit" value="sun.awt.X11.XToolkit" />
    <property name="env.CERTI_HOST" value="localhost" />
    <property name="env.MY_RUBY_HOME" value="/home/travis/.rvm/rubies/ruby-2.4.1" />
    <property name="sun.cpu.isalist" value="" />
    <property name="java.ext.dirs" value="/usr/lib/jvm/java-8-oracle/jre/lib/ext:/usr/java/packages/lib/ext" />
    <property name="os.version" value="4.4.0-101-generic" />
    <property name="user.home" value="/home/travis" />
    <property name="env.MIX_ARCHIVES" value="/home/travis/.kiex/mix/elixir-1.4.5" />
    <property name="java.vm.vendor" value="Oracle Corporation" />
    <property name="env.TRAVIS_TAG" value="nightly" />
    <property name="env.TRAVIS_FILTERED" value="redirect_io" />
    <property name="javadoc.excludepackagenames" value="adm.cvs2svn.*,build.*,config.*,doc.coding.templates.*,jni.test.jni.meaningOfLife.*,jni.test.jni.testDeux.*,jni.test.jni.testTrois.*,org.terraswarm.accessor.accessors.web.node_modules.*,org.terraswarm.accessor.accessors.web.hosts.cordova.demo.*,org.terraswarm.accessor.accessors.web.hosts.cordova.plugins.*,org.terraswarm.accessor.accessors-svn.*,pt-modules.*,ptolemy.apps.agilent.*,ptolemy.apps.anytimecontrol.*,ptolemy.apps.apes.*,ptolemy.apps.charon.*,ptolemy.apps.crazyboard.*,ptolemy.apps.eclipse.*,ptolemy.apps.etherealSting.*,ptolemy.apps.fullscreen.*,ptolemy.apps.giotto.*,ptolemy.apps.ia.*,ptolemy.apps.interfaces.*,ptolemy.apps.jmf.*,ptolemy.apps.kurt.*,ptolemy.apps.kvm.*,ptolemy.apps.lego.*,ptolemy.apps.lejos.*,ptolemy.apps.midp.*,ptolemy.apps.mobileCoding.*,ptolemy.apps.pendulum.*,ptolemy.apps.rijndael.*,ptolemy.apps.robot.*,ptolemy.apps.security.*,ptolemy.apps.sobel.*,ptolemy.apps.soot.*,ptolemy.apps.throttle.*,ptolemy.apps.tini.*,ptolemy.apps.transmission.*,ptolemy.apps.vergil.*,ptolemy.apps.waba.*,ptolemy.apps.websensor.*,ptolemy.apps.webstart.*,ptolemy.apps.xsl.*,ptolemy.apps.zaurus.*,ptolemy.backtrack.eclipse.plugin.*,ptolemy.backtrack.test.*,ptolemy.codegen.c.actor.lib.oldJavaFiles.*,ptolemy.codegen.dsp.lib.*,ptolemy.codegen.kernel.newInterfaces.*,ptolemy.codegen.lib.*,ptolemy.copernicus.kernel.fragment.*,ptolemy.copernicus.shallow.cg.*,ptolemy.domains.giotto.demo.Hierarchy.Hierarchy.*,ptolemy.domains.giotto.demo.Multimode.Multimode.*,ptolemy.domains.giotto.demo.Simple.Simple.*,ptolemy.domains.gr.lib.experimental.*,ptolemy.domains.gro.*,ptolemy.domains.pdf.*,ptolemy.domains.ptinyos.demo.Surge.output.*,ptolemy.moml.test.NoPackageActor.java*,ptolemy.plot.adm.*,ptolemy.plot.servlet.*,reports.*,signed.*,src.*,target.*,vendors.*,ptolemy.cg.adapter.generic.program.procedural.c.mbed*,ptolemy.actor.lib.fmi.fmus.omc*,ptolemy.domains.openmodelica*,ptdb.kernel.bl.save.test.*,ptdb.kernel.bl.load.test.*,ptdb.kernel.bl.search.test.*,ptdb.kernel.bl.migration.test.*,ptdb.kernel.database.test.*,ptdb.test.*,ptdb.gui.test.*,org.ptolemy.scala.*,diva.util.java2d.svg.*,ptolemy.domains.ptinyos.*,ptolemy.actor.lib.fmi.fmipp.*,,org.terraswarm.accessor.accessors.web.node_modules.*,org.terraswarm.accessor.accessors-svn,ptolemy.actor.ptalon.demo.ptinyos.SendAndReceiveCnt.output,ptolemy.actor.ptalon.demo.ptinyos.SenseToLeds.output,ptolemy.domains.ptinyos.demo.CntToLedsAndRfm.output,ptolemy.domains.ptinyos.demo.RfmToLeds.output,ptolemy.domains.ptinyos.demo.SendAndReceiveCnt.output,ptolemy.domains.ptinyos.demo.SenseToLeds.output" />
    <property name="env.JAVA_HOME" value="/usr/lib/jvm/java-8-oracle" />
    <property name="env.PTII" value="/home/travis/build/icyphy/ptII" />
    <property name="env.TRAVIS_COMMIT_MESSAGE" value="Removed known failed test that has been failing since the C code generator was adapted for DE." />
    <property name="keystore" value="ptKeystore" />
    <property name="env.XDG_SESSION_ID" value="2" />
    <property name="junit.output.dir" value="/home/travis/build/icyphy/ptII/reports/junit" />
    <property name="npm.return.code" value="0" />
    <property name="user.dir" value="/home/travis/build/icyphy/ptII/ptolemy/vergil/basic/export/test" />
    <property name="env.TRAVIS_NODE_VERSION" value="7" />
    <property name="env.XFILESEARCHPATH" value="/usr/dt/app-defaults/%L/Dt" />
    <property name="env.TRAVIS_EVENT_TYPE" value="push" />
    <property name="env.MAIL" value="/var/mail/travis" />
    <property name="env.PWD" value="/home/travis/build/icyphy/ptII" />
    <property name="env.PERLBREW_ROOT" value="/home/travis/perl5/perlbrew" />
    <property name="timeout.npm" value="45000" />
    <property name="env.PAGER" value="cat" />
    <property name="sun.cpu.endian" value="little" />
    <property name="env.TRAVIS_BUILD_STAGE_NAME" value="Test" />
    <property name="env.PERLBREW_HOME" value="/home/travis/.perlbrew" />
    <property name="env.RAILS_ENV" value="test" />
    <property name="java.vm.version" value="25.151-b12" />
    <property name="java.class.path" value="/home/travis/build/icyphy/ptII:/home/travis/build/icyphy/ptII/lib/bsh-2.0b4.jar:/home/travis/build/icyphy/ptII/lib/ptCal.jar:/home/travis/build/icyphy/ptII/lib/java_cup.jar:/home/travis/build/icyphy/ptII/lib/saxon8.jar:/home/travis/build/icyphy/ptII/lib/saxon8-dom.jar:/home/travis/build/icyphy/ptII/lib/chic.jar:/home/travis/build/icyphy/ptII/lib/ptcolt.jar:/usr/lib/jvm/java-8-oracle/lib/tools.jar:/usr/lib/eclipse/plugins/org.eclipse.jdt.core_3.8.2.dist.jar:/usr/lib/eclipse/plugins/org.eclipse.core.runtime_3.8.0.dist.jar:/usr/lib/eclipse/plugins/org.eclipse.osgi_3.8.1.dist.jar:/usr/lib/eclipse/plugins/org.eclipse.core.resources_3.8.1.dist.jar:/usr/lib/eclipse/plugins/org.eclipse.equinox.common_3.6.100.dist.jar:/usr/lib/eclipse/plugins/org.eclipse.core.jobs_3.5.200.dist.jar:/usr/lib/eclipse/plugins/org.eclipse.core.contenttype_3.4.200.dist.jar:/usr/lib/eclipse/plugins/org.eclipse.equinox.preferences_3.5.0.dist.jar:/usr/lib/eclipse/plugins/org.eclipse.text_3.5.200.dist.jar:/usr/lib/eclipse/plugins/org.eclipse.ui.workbench_3.8.1.dist.jar:/usr/lib/eclipse/plugins/org.eclipse.jface_3.8.0.dist.jar:/usr/lib/eclipse/plugins/org.eclipse.swt_3.8.2.jar:/usr/lib/eclipse/plugins/org.eclipse.jface.text_3.8.1.dist.jar:/usr/lib/eclipse/plugins/org.eclipse.ui.workbench.texteditor_3.8.0.dist.jar:/usr/lib/eclipse/plugins/org.eclipse.ui.editors_3.8.0.dist.jar:/usr/lib/eclipse/plugins/org.eclipse.core.commands_3.6.1.dist.jar:/usr/lib/eclipse/plugins/org.eclipse.equinox.registry_3.5.200.dist.jar:/usr/lib/eclipse/plugins/org.eclipse.ui.console_3.5.100.dist.jar:/usr/lib/eclipse/plugins/org.eclipse.ui.forms_3.5.200.dist.jar:/usr/lib/eclipse/plugins/org.eclipse.ui.ide_3.8.1.dist.jar:/home/travis/build/icyphy/ptII/vendors/oracle/dbxml.jar:/home/travis/build/icyphy/ptII/vendors/oracle/db.jar:/home/travis/build/icyphy/ptII/vendors/misc/itext/iText.jar:/home/travis/build/icyphy/ptII/lib/g4ltl.jar:/home/travis/build/icyphy/ptII/lib/StructuralCoder.jar:/home/travis/build/icyphy/ptII/lib/org-openide-util.jar:/home/travis/build/icyphy/ptII/lib/org-openide-util-lookup.jar:/home/travis/build/icyphy/ptII/lib/org-netbeans-api-visual.jar:/home/travis/build/icyphy/ptII/vendors/jai-1_1_2_01/lib/jai_core.jar:/home/travis/build/icyphy/ptII/vendors/jai-1_1_2_01/lib/jai_codec.jar:/home/travis/build/icyphy/ptII/lib/jcerti.jar:/home/travis/build/icyphy/ptII/lib/smack.jar:/home/travis/build/icyphy/ptII/lib/smackx.jar:/home/travis/build/icyphy/ptII/lib/jetty-all-8.1.5-v20120716.jar:/home/travis/build/icyphy/ptII/lib/javax.servlet-api-3.0.1.jar:/home/travis/build/icyphy/ptII/lib/javax.mail.jar:/home/travis/build/icyphy/ptII/vendors/JMF-2.1.1e/lib/jmf.jar:/home/travis/build/icyphy/ptII/lib/jna-4.0.0-variadic.jar:/home/travis/build/icyphy/ptII/vendors/misc/joystick/Joystick.jar:/home/travis/build/icyphy/ptII/lib/ptjacl.jar:/home/travis/build/icyphy/ptII/lib/jsoup-1.8.2.jar:/home/travis/build/icyphy/ptII/lib/junit-4.8.2.jar:/home/travis/build/icyphy/ptII/lib/JUnitParams-0.4.0.jar:/home/travis/build/icyphy/ptII/ptolemy/actor/lib/excel/jxl.jar:/home/travis/build/icyphy/ptII/lib/jython.jar:/home/travis/build/icyphy/ptII/lib/kieler.jar:/home/travis/build/icyphy/ptII/vendors/opencv/share/OpenCV/java/opencv-341.jar:/home/travis/build/icyphy/ptII/lib/oscP5.jar:/home/travis/build/icyphy/ptII/lib/nrjavaserial-3.11.0.devel.jar:/usr/share/java/j3dcore.jar:/usr/share/java/j3dutils.jar:/usr/share/java/vecmath.jar:/home/travis/build/icyphy/ptII/ptolemy/distributed/jini/jar/jini-core.jar:/home/travis/build/icyphy/ptII/ptolemy/distributed/jini/jar/jini-ext.jar:/home/travis/build/icyphy/ptII/ptolemy/distributed/jini/jar/sun-util.jar:/home/travis/build/icyphy/ptII/lib/protobuf-java-2.4.1.jar:/home/travis/build/icyphy/ptII/lib/org.eclipse.paho.client.mqttv3.jar:/home/travis/build/icyphy/ptII/ptserver/lib/hessian-4.0.7.jar:/home/travis/build/icyphy/ptII/ptserver/lib/wmqtt.jar:/home/travis/build/icyphy/ptII/lib/mapss.jar:/home/travis/build/icyphy/ptII/ptolemy/actor/ptalon/antlr/antlr.jar:/home/travis/build/icyphy/ptII/lib/JRI.jar:/home/travis/build/icyphy/ptII/lib/commons-lang-2.6.jar:/home/travis/build/icyphy/ptII/lib/commons-logging-1.1.1.jar:/home/travis/build/icyphy/ptII/lib/sootclasses.jar:/home/travis/build/icyphy/ptII/ptolemy/actor/lib/database/mysql-connector-java-5.1.6-bin.jar:/home/travis/build/icyphy/ptII/vendors/misc/sphinx4/sphinx4-data-5prealpha.jar:/home/travis/build/icyphy/ptII/vendors/misc/sphinx4/sphinx4-core-5prealpha.jar:/home/travis/build/icyphy/ptII/lib/PDFRenderer.jar:/home/travis/build/icyphy/ptII/lib/svgSalamander.jar:/home/travis/build/icyphy/ptII/lib/rsyntaxtextarea-2.6.0-SNAPSHOT.jar:/home/travis/build/icyphy/ptII/lib/hazelcast-3.8.2.jar:/home/travis/build/icyphy/ptII/lib/jackson-annotations-2.9.0.jar:/home/travis/build/icyphy/ptII/lib/jackson-core-2.9.3.jar:/home/travis/build/icyphy/ptII/lib/jackson-databind-2.9.3.jar:/home/travis/build/icyphy/ptII/lib/netty-buffer-4.1.19.Final.jar:/home/travis/build/icyphy/ptII/lib/netty-codec-4.1.19.Final.jar:/home/travis/build/icyphy/ptII/lib/netty-codec-dns-4.1.19.Final.jar:/home/travis/build/icyphy/ptII/lib/netty-codec-http-4.1.19.Final.jar:/home/travis/build/icyphy/ptII/lib/netty-codec-http2-4.1.19.Final.jar:/home/travis/build/icyphy/ptII/lib/netty-common-4.1.19.Final.jar:/home/travis/build/icyphy/ptII/lib/netty-handler-4.1.19.Final.jar:/home/travis/build/icyphy/ptII/lib/netty-resolver-4.1.19.Final.jar:/home/travis/build/icyphy/ptII/lib/netty-resolver-dns-4.1.19.Final.jar:/home/travis/build/icyphy/ptII/lib/netty-transport-4.1.19.Final.jar:/home/travis/build/icyphy/ptII/lib/vertx-codegen-3.5.1.jar:/home/travis/build/icyphy/ptII/lib/vertx-core-3.5.2-SNAPSHOT.jar:/home/travis/build/icyphy/ptII/lib/vertx-hazelcast-3.5.1.jar:/home/travis/build/icyphy/ptII/lib/vertx-lang-js-3.5.1.jar:/home/travis/build/icyphy/ptII/lib/vertx-service-proxy-3.5.1.jar:/home/travis/build/icyphy/ptII/lib/vertx-web-3.5.1.jar:/home/travis/build/icyphy/ptII/lib/slf4j-api-1.7.13.jar:/home/travis/build/icyphy/ptII/lib/slf4j-simple-1.7.13.jar:/home/travis/build/icyphy/ptII/lib/webcam-capture-0.3.12.jar:/home/travis/build/icyphy/ptII/lib/bridj-0.7.0.jar:/home/travis/build/icyphy/ptII/lib/xbjlib-1.1.0.nrjavaserial.jar:/home/travis/build/icyphy/ptII/ptolemy/moml/test:/home/travis/build/icyphy/ptII/ant/lib/ant-launcher.jar:/home/travis/build/icyphy/ptII/ant/lib/ant.jar:/home/travis/build/icyphy/ptII/ant/lib/ant-junit.jar:/home/travis/build/icyphy/ptII/ant/lib/ant-junit4.jar" />
    <property name="ant.library.dir" value="/home/travis/build/icyphy/ptII/ant/lib" />
    <property name="os.arch" value="amd64" />
    <property name="env.TRAVIS_LANGUAGE" value="node_js" />
    <property name="env.CONTINUOUS_INTEGRATION" value="true" />
    <property name="env.TRAVIS_STACK_LANGUAGES" value="__garnet__ c c++ clojure cplusplus cpp default go groovy java node_js php pure_java python ruby scala" />
    <property name="test.name" value="ptolemy.actor.lib.test.junit.JUnitTclTest" />
    <property name="sun.java.launcher" value="SUN_STANDARD" />
    <property name="env.PYTHON_CONFIGURE_OPTS" value="--enable-unicode=ucs4 --with-wide-unicode --enable-shared --enable-ipv6 --enable-loadable-sqlite-extensions --with-computed-gotos" />
    <property name="ant.core.lib" value="/home/travis/build/icyphy/ptII/ant/lib/ant.jar" />
    <property name="java.vm.specification.vendor" value="Oracle Corporation" />
    <property name="env.BCVTB_HOME" value="/home/travis/build/icyphy/ptII/lbnl" />
    <property name="file.separator" value="/" />
    <property name="java.runtime.version" value="1.8.0_151-b12" />
    <property name="spotbugs.home" value="/home/travis/build/icyphy/ptII/vendors/spotbugs-3.1.1" />
    <property name="sun.boot.class.path" value="/usr/lib/jvm/java-8-oracle/jre/lib/resources.jar:/usr/lib/jvm/java-8-oracle/jre/lib/rt.jar:/usr/lib/jvm/java-8-oracle/jre/lib/sunrsasign.jar:/usr/lib/jvm/java-8-oracle/jre/lib/jsse.jar:/usr/lib/jvm/java-8-oracle/jre/lib/jce.jar:/usr/lib/jvm/java-8-oracle/jre/lib/charsets.jar:/usr/lib/jvm/java-8-oracle/jre/lib/jfr.jar:/usr/lib/jvm/java-8-oracle/jre/classes" />
    <property name="env.HAS_JOSH_K_SEAL_OF_APPROVAL" value="true" />
    <property name="env.TRAVIS_OSX_IMAGE" value="" />
    <property name="env.XDG_RUNTIME_DIR" value="/run/user/2000" />
    <property name="env.TRAVIS_BRANCH" value="master" />
    <property name="env.TRAVIS_JOB_ID" value="386761163" />
    <property name="env.CERTI_HOME_TRAVIS" value="/home/travis/pthla/certi-tools" />
    <property name="user.country" value="US" />
    <property name="env.SHELL" value="/bin/bash" />
    <property name="java.maxmemory.large" value="5000m" />
    <property name="model" value="" />
    <property name="env.CASHER_DIR" value="/home/travis/.casher" />
    <property name="env.NVM_CD_FLAGS" value="" />
    <property name="jshint.executable" value="/home/travis/node_modules/jshint/bin/jshint" />
    <property name="java.vendor" value="Oracle Corporation" />
    <property name="env.JRUBY_OPTS" value=" --client -J-XX:+TieredCompilation -J-XX:TieredStopAtLevel=1 -J-Xss2m -Xcompile.invokedynamic=false" />
    <property name="env.TRAVIS_PRE_CHEF_BOOTSTRAP_TIME" value="2017-12-05T19:32:55" />
    <property name="env.TRAVIS_STACK_JOB_BOARD_REGISTER" value="/.job-board-register.yml" />
    <property name="env.ELIXIR_VERSION" value="1.4.5" />
    <property name="java.specification.version" value="1.8" />
    <property name="env.IRBRC" value="/home/travis/.rvm/rubies/ruby-2.4.1/.irbrc" />
    <property name="env.TRAVIS" value="true" />
    <property name="sun.arch.data.model" value="64" />
  </properties>
  <testcase classname="ptolemy.vergil.basic.export.test.junit.ExportModelJUnitTestBatch1" name="[0] lbnl/demo/MatlabRoom/MatlabRoom.xml (RunExportModel)" time="6.371" />
  <testcase classname="ptolemy.vergil.basic.export.test.junit.ExportModelJUnitTestBatch1" name="[1] lbnl/demo/SystemCommand/SystemCommand.xml (RunExportModel)" time="3.84" />
  <testcase classname="ptolemy.vergil.basic.export.test.junit.ExportModelJUnitTestBatch1" name="[2] org/hlacerti/demo/Billard/2Billes1Fed/2Billes1Fed.xml (RunExportModel)" time="8.321" />
  <testcase classname="ptolemy.vergil.basic.export.test.junit.ExportModelJUnitTestBatch1" name="[3] org/hlacerti/demo/Billard/2Billes1Fed/PoolTable2.xml (RunExportModel)" time="8.311" />
  <testcase classname="ptolemy.vergil.basic.export.test.junit.ExportModelJUnitTestBatch1" name="[4] org/hlacerti/demo/Billard/2Billes1Fed/TwoBilliardBalls.xml (RunExportModel)" time="8.462" />
  <testcase classname="ptolemy.vergil.basic.export.test.junit.ExportModelJUnitTestBatch1" name="[5] org/hlacerti/demo/Billard/2Billes2Fed/2Billes2Fed.xml (RunExportModel)" time="8.19" />
  <testcase classname="ptolemy.vergil.basic.export.test.junit.ExportModelJUnitTestBatch1" name="[6] org/hlacerti/demo/Billard/2Billes2Fed/BillardBall1.xml (RunExportModel)" time="8.259" />
  <testcase classname="ptolemy.vergil.basic.export.test.junit.ExportModelJUnitTestBatch1" name="[7] org/hlacerti/demo/Billard/2Billes2Fed/BillardBall2.xml (RunExportModel)" time="8.255" />
  <testcase classname="ptolemy.vergil.basic.export.test.junit.ExportModelJUnitTestBatch1" name="[8] org/hlacerti/demo/Billard/2Billes2Fed/BillardTable.xml (RunExportModel)" time="8.206" />
  <testcase classname="ptolemy.vergil.basic.export.test.junit.ExportModelJUnitTestBatch1" name="[9] org/hlacerti/demo/Billard/Billard.xml (RunExportModel)" time="8.144" />
  <testcase classname="ptolemy.vergil.basic.export.test.junit.ExportModelJUnitTestBatch1" name="[10] org/hlacerti/demo/f14HLA/f14HLA.xml (RunExportModel)" time="8.22" />
  <testcase classname="ptolemy.vergil.basic.export.test.junit.ExportModelJUnitTestBatch1" name="[11] org/hlacerti/demo/IntegrationTests/IntegrationTests.xml (RunExportModel)" time="8.137" />
  <testcase classname="ptolemy.vergil.basic.export.test.junit.ExportModelJUnitTestBatch1" name="[12] org/hlacerti/demo/IntegrationTests/TimeAdvancing1Federate/TimeAdvancing1Federate.xml (RunExportModel)" time="8.164" />
  <testcase classname="ptolemy.vergil.basic.export.test.junit.ExportModelJUnitTestBatch1" name="[13] org/hlacerti/demo/IntegrationTests/TimeAdvancing2Federates/testTimeAdvancingF1.xml (RunExportModel)" time="8.141" />
  <testcase classname="ptolemy.vergil.basic.export.test.junit.ExportModelJUnitTestBatch1" name="[14] org/hlacerti/demo/IntegrationTests/TimeAdvancing2Federates/testTimeAdvancingF2.xml (RunExportModel)" time="8.142" />
  <testcase classname="ptolemy.vergil.basic.export.test.junit.ExportModelJUnitTestBatch1" name="[15] org/hlacerti/demo/IntegrationTests/TimeAdvancing2Federates/TimeAdvancing2Federates.xml (RunExportModel)" time="8.161" />
  <testcase classname="ptolemy.vergil.basic.export.test.junit.ExportModelJUnitTestBatch1" name="[16] org/hlacerti/demo/IntegrationTests/TimeAdvancing2FederatesIntervalEvents/testTimeAdvancingF1.xml (RunExportModel)" time="8.127" />
  <testcase classname="ptolemy.vergil.basic.export.test.junit.ExportModelJUnitTestBatch1" name="[17] org/hlacerti/demo/IntegrationTests/TimeAdvancing2FederatesIntervalEvents/testTimeAdvancingF2InternalEvent.xml (RunExportModel)" time="8.127" />
  <testcase classname="ptolemy.vergil.basic.export.test.junit.ExportModelJUnitTestBatch1" name="[18] org/hlacerti/demo/IntegrationTests/TimeAdvancing2FederatesIntervalEvents/TimeAdvancing2FederatesIntervalEvents.xml (RunExportModel)" time="8.11" />
  <testcase classname="ptolemy.vergil.basic.export.test.junit.ExportModelJUnitTestBatch1" name="[19] org/hlacerti/demo/SynchronizeToRealTime/SynchronizeToRealTime.xml (RunExportModel)" time="8.256" />
  <testcase classname="ptolemy.vergil.basic.export.test.junit.ExportModelJUnitTestBatch1" name="[20] org/ptolemy/machineImprovisation/demo/JazzImprovisation/JazzImprovisation.xml (RunExportModel)" time="23.023" />
  <testcase classname="ptolemy.vergil.basic.export.test.junit.ExportModelJUnitTestBatch1" name="[21] org/ptolemy/machineLearning/clustering/demo/KMeans/KMeans.xml (RunExportModel)" time="4.549" />
  <testcase classname="ptolemy.vergil.basic.export.test.junit.ExportModelJUnitTestBatch1" name="[22] org/ptolemy/machineLearning/hmm/demo/CommunicationAnomalyDetectionAOM/CommunicationAnomalyDetectionAOM.xml (RunExportModel)" time="39.209" />
  <testcase classname="ptolemy.vergil.basic.export.test.junit.ExportModelJUnitTestBatch1" name="[23] org/ptolemy/machineLearning/hmm/demo/CommunicationAnomalyDetectionCQM/CommunicationAnomalyDetectionCQM.xml (RunExportModel)" time="13.181" />
  <testcase classname="ptolemy.vergil.basic.export.test.junit.ExportModelJUnitTestBatch1" name="[24] org/ptolemy/machineLearning/particleFilter/demo/MultiRobotIntruderTracking/MultiRobotIntruderTracking.xml (RunExportModel)" time="39.323" />
  <testcase classname="ptolemy.vergil.basic.export.test.junit.ExportModelJUnitTestBatch1" name="[25] org/ptolemy/machineLearning/particleFilter/demo/OnlineTrajectoryOptimization/DistributedOnlineTrajectoryOptimization.xml (RunExportModel)" time="38.85" />
  <testcase classname="ptolemy.vergil.basic.export.test.junit.ExportModelJUnitTestBatch1" name="[26] org/ptolemy/machineLearning/particleFilter/demo/OnlineTrajectoryOptimization/OnlineTrajectoryOptimization.xml (RunExportModel)" time="38.096" />
  <testcase classname="ptolemy.vergil.basic.export.test.junit.ExportModelJUnitTestBatch1" name="[27] org/ptolemy/machineLearning/particleFilter/demo/OpenLoopSingleRobotTargetLocalization/OpenLoopSingleRobotTargetLocalization.xml (RunExportModel)" time="11.93" />
  <testcase classname="ptolemy.vergil.basic.export.test.junit.ExportModelJUnitTestBatch1" name="[28] org/ptolemy/machineLearning/particleFilter/demo/OpenLoopTwoRobotTargetLocalization/JointParticleFilter.xml (RunExportModel)" time="7.586" />
  <testcase classname="ptolemy.vergil.basic.export.test.junit.ExportModelJUnitTestBatch1" name="[29] org/ptolemy/machineLearning/particleFilter/demo/OpenLoopTwoRobotTargetLocalization/OpenLoopTwoRobotTargetLocalization.xml (RunExportModel)" time="34.958" />
  <testcase classname="ptolemy.vergil.basic.export.test.junit.ExportModelJUnitTestBatch1" name="[30] org/ptolemy/machineLearning/particleFilter/demo/ParticleFilterRange/ParticleFilterRange.xml (RunExportModel)" time="14.46" />
  <testcase classname="ptolemy.vergil.basic.export.test.junit.ExportModelJUnitTestBatch1" name="[31] org/ptolemy/optimization/demo/LeastSquaresNodeLocalization/LeastSquaresNodeLocalization.xml (RunExportModel)" time="4.59" />
  <testcase classname="ptolemy.vergil.basic.export.test.junit.ExportModelJUnitTestBatch1" name="[32] org/ptolemy/optimization/demo/LinearRegression/LinearRegression.xml (RunExportModel)" time="5.769" />
  <testcase classname="ptolemy.vergil.basic.export.test.junit.ExportModelJUnitTestBatch1" name="[33] org/ptolemy/optimization/demo/SimpleOptimization/SimpleOptimization.xml (RunExportModel)" time="4.185" />
  <testcase classname="ptolemy.vergil.basic.export.test.junit.ExportModelJUnitTestBatch1" name="[34] org/ptolemy/osc/demo/OscSendReceive/OscSendReceive.xml (RunExportModel)" time="18.199" />
  <testcase classname="ptolemy.vergil.basic.export.test.junit.ExportModelJUnitTestBatch1" name="[35] org/ptolemy/ptango/demo/BlinkyLight/BlinkyLight.xml (RunExportModel)" time="3.844" />
  <testcase classname="ptolemy.vergil.basic.export.test.junit.ExportModelJUnitTestBatch1" name="[36] org/ptolemy/ptango/demo/Chat/Chat.xml (RunExportModel)" time="3.117" />
  <testcase classname="ptolemy.vergil.basic.export.test.junit.ExportModelJUnitTestBatch1" name="[37] org/ptolemy/ptango/demo/Chat/ChatClient.xml (RunExportModel)" time="3.188" />
  <testcase classname="ptolemy.vergil.basic.export.test.junit.ExportModelJUnitTestBatch1" name="[38] org/ptolemy/ptango/demo/Chat/ChatClient2.xml (RunExportModel)" time="3.18" />
  <testcase classname="ptolemy.vergil.basic.export.test.junit.ExportModelJUnitTestBatch1" name="[39] org/ptolemy/ptango/demo/Chat/ChatServer.xml (RunExportModel)" time="3.302" />
  <testcase classname="ptolemy.vergil.basic.export.test.junit.ExportModelJUnitTestBatch1" name="[40] org/ptolemy/ptango/demo/Cookies/Cookies.xml (RunExportModel)" time="3.187" />
  <testcase classname="ptolemy.vergil.basic.export.test.junit.ExportModelJUnitTestBatch1" name="[41] org/ptolemy/ptango/demo/DOPpresence/DOPpresence.xml (RunExportModel)" time="4.757" />
  <testcase classname="ptolemy.vergil.basic.export.test.junit.ExportModelJUnitTestBatch1" name="[42] org/ptolemy/ptango/demo/EPlus70Actuator/EPlus70Actuator.xml (RunExportModel)" time="4.083" />
  <testcase classname="ptolemy.vergil.basic.export.test.junit.ExportModelJUnitTestBatch1" name="[43] org/ptolemy/ptango/demo/ErrorHandler/ErrorHandler.xml (RunExportModel)" time="3.37" />
  <testcase classname="ptolemy.vergil.basic.export.test.junit.ExportModelJUnitTestBatch1" name="[44] org/ptolemy/ptango/demo/Exception/Exception.xml (RunExportModel)" time="6.125" />
  <testcase classname="ptolemy.vergil.basic.export.test.junit.ExportModelJUnitTestBatch1" name="[45] org/ptolemy/ptango/demo/Guidance/Guidance.xml (RunExportModel)" time="3.543" />
  <testcase classname="ptolemy.vergil.basic.export.test.junit.ExportModelJUnitTestBatch1" name="[46] org/ptolemy/ptango/demo/Guidance/GuidanceSingleUserWithName.xml (RunExportModel)" time="3.217" />
  <testcase classname="ptolemy.vergil.basic.export.test.junit.ExportModelJUnitTestBatch1" name="[47] org/ptolemy/ptango/demo/OccupancyAlert/OccupancyAlert.xml (RunExportModel)" time="3.755" />
  <testcase classname="ptolemy.vergil.basic.export.test.junit.ExportModelJUnitTestBatch1" name="[48] org/ptolemy/ptango/demo/OptimizationAdvisor/OptimizationAdvisor.xml (RunExportModel)" time="12.195" />
  <testcase classname="ptolemy.vergil.basic.export.test.junit.ExportModelJUnitTestBatch1" name="[49] org/ptolemy/ptango/demo/SensorAndrew/SensorAndrew.xml (RunExportModel)" time="3.661" />
  <testcase classname="ptolemy.vergil.basic.export.test.junit.ExportModelJUnitTestBatch1" name="[50] org/ptolemy/ptango/demo/SmartRoom/SmartRoom.xml (RunExportModel)" time="4.005" />
  <testcase classname="ptolemy.vergil.basic.export.test.junit.ExportModelJUnitTestBatch1" name="[51] org/ptolemy/ptango/demo/TemperatureSimulation/TemperatureSimulation.xml (RunExportModel)" time="3.96" />
  <testcase classname="ptolemy.vergil.basic.export.test.junit.ExportModelJUnitTestBatch1" name="[52] org/ptolemy/ptango/demo/UCBPower/UCBPower.xml (RunExportModel)" time="3.419" />
  <testcase classname="ptolemy.vergil.basic.export.test.junit.ExportModelJUnitTestBatch1" name="[53] org/ptolemy/ptango/demo/UCBPower/UCBPowerAnalyzerServer.xml (RunExportModel)" time="3.362" />
  <testcase classname="ptolemy.vergil.basic.export.test.junit.ExportModelJUnitTestBatch1" name="[54] org/ptolemy/ptango/demo/UCBPowerPtera/UCBPowerPtera.xml (RunExportModel)" time="5.636" />
  <testcase classname="ptolemy.vergil.basic.export.test.junit.ExportModelJUnitTestBatch1" name="[55] org/ptolemy/ptango/demo/WebServerDE/WebServerDE.xml (RunExportModel)" time="6.958" />
  <testcase classname="ptolemy.vergil.basic.export.test.junit.ExportModelJUnitTestBatch1" name="[56] org/ptolemy/qss/demo/RLC/RLC.xml (RunExportModel)" time="4.325" />
  <testcase classname="ptolemy.vergil.basic.export.test.junit.ExportModelJUnitTestBatch1" name="[57] org/ptolemy/ssm/demo/RangeLocalizationOnMap/RangeLocalizationOnMap.xml (RunExportModel)" time="37.01" />
  <testcase classname="ptolemy.vergil.basic.export.test.junit.ExportModelJUnitTestBatch1" name="[58] org/ptolemy/ssm/demo/SingleRobotTargetLocalization/SingleRobotTargetLocalization.xml (RunExportModel)" time="10.775" />
  <testcase classname="ptolemy.vergil.basic.export.test.junit.ExportModelJUnitTestBatch1" name="[59] org/ptolemy/ssm/demo/StatePrediction/StatePrediction.xml (RunExportModel)" time="11.066" />
  <testcase classname="ptolemy.vergil.basic.export.test.junit.ExportModelJUnitTestBatch1" name="[60] org/terraswarm/accessor/demo/AugmentedReality/AugmentedReality.xml (RunExportModel)" time="3.116" />
  <testcase classname="ptolemy.vergil.basic.export.test.junit.ExportModelJUnitTestBatch1" name="[61] org/terraswarm/accessor/demo/AugmentedReality/AugmentedRealityFeedback.xml (RunExportModel)" time="84.16" />
  <testcase classname="ptolemy.vergil.basic.export.test.junit.ExportModelJUnitTestBatch1" name="[62] org/terraswarm/accessor/demo/AugmentedReality/AugmentedRealityFeedbackBlee.xml (RunExportModel)" time="38.771" />
  <testcase classname="ptolemy.vergil.basic.export.test.junit.ExportModelJUnitTestBatch1" name="[63] org/terraswarm/accessor/demo/AugmentedReality/AugmentedRealityKeyValueStore.xml (RunExportModel)" time="38.24" />
  <testcase classname="ptolemy.vergil.basic.export.test.junit.ExportModelJUnitTestBatch1" name="[64] org/terraswarm/accessor/demo/AugmentedReality/AugmentedRealityVideo.xml (RunExportModel)" time="41.465" />
  <testcase classname="ptolemy.vergil.basic.export.test.junit.ExportModelJUnitTestBatch1" name="[65] org/terraswarm/accessor/demo/AugmentedRealityVideoSOHO/AugmentedRealityVideoSOHO.xml (RunExportModel)" time="38.742" />
  <testcase classname="ptolemy.vergil.basic.export.test.junit.ExportModelJUnitTestBatch1" name="[66] org/terraswarm/accessor/demo/AugmentedRealityVideoSOHO/GenerateHueAccessors.xml (RunExportModel)" time="13.523" />
  <testcase classname="ptolemy.vergil.basic.export.test.junit.ExportModelJUnitTestBatch1" name="[67] org/terraswarm/accessor/demo/AugmentedRealityVideoSOHO/GenerateLifxAccessors.xml (RunExportModel)" time="13.873" />
  <testcase classname="ptolemy.vergil.basic.export.test.junit.ExportModelJUnitTestBatch1" name="[68] org/terraswarm/accessor/demo/AugmentedRealityVideoSOHO/GenerateMQTTAccessors.xml (RunExportModel)" time="15.629" />
  <testcase classname="ptolemy.vergil.basic.export.test.junit.ExportModelJUnitTestBatch1" name="[69] org/terraswarm/accessor/demo/AugmentedRealityVideoSOHO/KeyValueStoreServerSOHO.xml (RunExportModel)" time="38.038" />
  <testcase classname="ptolemy.vergil.basic.export.test.junit.ExportModelJUnitTestBatch1" name="[70] org/terraswarm/accessor/demo/AugmentedRealityVideoSOHO/SoundServerSOHO.xml (RunExportModel)" time="37.945" />
  <testcase classname="ptolemy.vergil.basic.export.test.junit.ExportModelJUnitTestBatch1" name="[71] org/terraswarm/accessor/demo/AugmentedRealityVideoTerra/AugmentedRealityVideoTerra.xml (RunExportModel)" time="41.367" />
  <testcase classname="ptolemy.vergil.basic.export.test.junit.ExportModelJUnitTestBatch1" name="[72] org/terraswarm/accessor/demo/AugmentedRealityVideoTerra/SoundServerTerra.xml (RunExportModel)" time="37.808" />
  <testcase classname="ptolemy.vergil.basic.export.test.junit.ExportModelJUnitTestBatch1" name="[73] org/terraswarm/accessor/demo/Hue/Hue.xml (RunExportModel)" time="3.111" />
  <testcase classname="ptolemy.vergil.basic.export.test.junit.ExportModelJUnitTestBatch1" name="[74] org/terraswarm/accessor/demo/Hue/HueToggle.xml (RunExportModel)" time="36.959" />
  <testcase classname="ptolemy.vergil.basic.export.test.junit.ExportModelJUnitTestBatch1" name="[75] org/terraswarm/accessor/demo/Hue/MotionLights.xml (RunExportModel)" time="37.207" />
  <testcase classname="ptolemy.vergil.basic.export.test.junit.ExportModelJUnitTestBatch1" name="[76] org/terraswarm/accessor/demo/Hue/OccupancyLights.xml (RunExportModel)" time="68.994" />
  <testcase classname="ptolemy.vergil.basic.export.test.junit.ExportModelJUnitTestBatch1" name="[77] org/terraswarm/accessor/demo/Lifx/Lifx.xml (RunExportModel)" time="27.374" />
  <testcase classname="ptolemy.vergil.basic.export.test.junit.ExportModelJUnitTestBatch1" name="[78] org/terraswarm/accessor/demo/NaturalLanguage/NaturalLanguage.xml (RunExportModel)" time="18.462" />
  <testcase classname="ptolemy.vergil.basic.export.test.junit.ExportModelJUnitTestBatch1" name="[79] org/terraswarm/accessor/demo/Scarab/Scarab.xml (RunExportModel)" time="38.177" />
  <testcase classname="ptolemy.vergil.basic.export.test.junit.ExportModelJUnitTestBatch1" name="[80] org/terraswarm/accessor/demo/WatchHandRaisingLight/WatchHandRaisingLight.xml (RunExportModel)" time="37.324" />
  <testcase classname="ptolemy.vergil.basic.export.test.junit.ExportModelJUnitTestBatch1" name="[81] org/terraswarm/ros/demo/Ros/Ros.xml (RunExportModel)" time="3.129" />
  <testcase classname="ptolemy.vergil.basic.export.test.junit.ExportModelJUnitTestBatch1" name="[82] org/terraswarm/ros/demo/Ros/RosPublisher.xml (RunExportModel)" time="4.059" />
  <testcase classname="ptolemy.vergil.basic.export.test.junit.ExportModelJUnitTestBatch1" name="[83] org/terraswarm/ros/demo/Ros/RosSubscriber.xml (RunExportModel)" time="4.154" />
  <testcase classname="ptolemy.vergil.basic.export.test.junit.ExportModelJUnitTestBatch1" name="[84] org/terraswarm/ros/demo/Ros/ScarabArrowKeyController.xml (RunExportModel)" time="5.996" />
  <testcase classname="ptolemy.vergil.basic.export.test.junit.ExportModelJUnitTestBatch1" name="[85] org/terraswarm/ros/demo/Ros/ScarabGoalPublisher.xml (RunExportModel)" time="4.02" />
  <testcase classname="ptolemy.vergil.basic.export.test.junit.ExportModelJUnitTestBatch1" name="[86] org/terraswarm/ros/demo/Ros/ScarabHueController.xml (RunExportModel)" time="5.914" />
  <testcase classname="ptolemy.vergil.basic.export.test.junit.ExportModelJUnitTestBatch1" name="[87] ptolemy/actor/gt/demo/BouncingBallX2/BouncingBallX2.xml (RunExportModel)" time="34.791" />
  <testcase classname="ptolemy.vergil.basic.export.test.junit.ExportModelJUnitTestBatch1" name="[88] ptolemy/actor/gt/demo/ConstOptimization/ConstOptimization.xml (RunExportModel)" time="10.98" />
  <testcase classname="ptolemy.vergil.basic.export.test.junit.ExportModelJUnitTestBatch1" name="[89] ptolemy/actor/gt/demo/ConstOptimization/ConstOptimizationDDF.xml (RunExportModel)" time="10.954" />
  <testcase classname="ptolemy.vergil.basic.export.test.junit.ExportModelJUnitTestBatch1" name="[90] ptolemy/actor/gt/demo/ConstOptimization/ConstOptimizationDE.xml (RunExportModel)" time="10.84" />
  <testcase classname="ptolemy.vergil.basic.export.test.junit.ExportModelJUnitTestBatch1" name="[91] ptolemy/actor/gt/demo/DiningPhilosophers/DiningPhilosophers.xml (RunExportModel)" time="4.6" />
  <testcase classname="ptolemy.vergil.basic.export.test.junit.ExportModelJUnitTestBatch1" name="[92] ptolemy/actor/gt/demo/GameOfLife/GameOfLife.xml (RunExportModel)" time="7.386" />
  <testcase classname="ptolemy.vergil.basic.export.test.junit.ExportModelJUnitTestBatch1" name="[93] ptolemy/actor/gt/demo/HierarchyFlattening/HierarchyFlattening.xml (RunExportModel)" time="3.27" />
  <testcase classname="ptolemy.vergil.basic.export.test.junit.ExportModelJUnitTestBatch1" name="[94] ptolemy/actor/gt/demo/MapReduce/MapReduce.xml (RunExportModel)" time="5.204" />
  <testcase classname="ptolemy.vergil.basic.export.test.junit.ExportModelJUnitTestBatch1" name="[95] ptolemy/actor/gt/demo/MapReduce/MapReduceDDF.xml (RunExportModel)" time="8.855" />
  <testcase classname="ptolemy.vergil.basic.export.test.junit.ExportModelJUnitTestBatch1" name="[96] ptolemy/actor/gt/demo/ModelExecution/ModelExecution.xml (RunExportModel)" time="13.303" />
  <testcase classname="ptolemy.vergil.basic.export.test.junit.ExportModelJUnitTestBatch1" name="[97] ptolemy/actor/gt/demo/ModelGeneration/ModelGeneration.xml (RunExportModel)" time="4.369" />
  <testcase classname="ptolemy.vergil.basic.export.test.junit.ExportModelJUnitTestBatch1" name="[98] ptolemy/actor/gt/demo/ModelGeneration/ModelGenerationDE.xml (RunExportModel)" time="4.45" />
  <testcase classname="ptolemy.vergil.basic.export.test.junit.ExportModelJUnitTestBatch1" name="[99] ptolemy/actor/gt/demo/PublisherTest/PublisherTest.xml (RunExportModel)" time="3.277" />
  <testcase classname="ptolemy.vergil.basic.export.test.junit.ExportModelJUnitTestBatch1" name="[100] ptolemy/actor/gt/demo/RegressionTest/RegressionTest.xml (RunExportModel)" time="4.345" />
  <testcase classname="ptolemy.vergil.basic.export.test.junit.ExportModelJUnitTestBatch1" name="[101] ptolemy/actor/gt/demo/SinewaveOptimization/Sinewave.xml (RunExportModel)" time="4.184" />
  <testcase classname="ptolemy.vergil.basic.export.test.junit.ExportModelJUnitTestBatch1" name="[102] ptolemy/actor/gt/demo/SinewaveOptimization/SinewaveOptimization.xml (RunExportModel)" time="6.957" />
  <testcase classname="ptolemy.vergil.basic.export.test.junit.ExportModelJUnitTestBatch1" name="[103] ptolemy/actor/lib/aspect/demo/CanBus/CanBus.xml (RunExportModel)" time="4.202" />
  <testcase classname="ptolemy.vergil.basic.export.test.junit.ExportModelJUnitTestBatch1" name="[104] ptolemy/actor/lib/aspect/demo/CarTrackingAttackModeling/CarTrackingAttackModeling.xml (RunExportModel)" time="7.494" />
  <testcase classname="ptolemy.vergil.basic.export.test.junit.ExportModelJUnitTestBatch1" name="[105] ptolemy/actor/lib/aspect/demo/CompositeQM/CompositeQM.xml (RunExportModel)" time="4.258" />
  <testcase classname="ptolemy.vergil.basic.export.test.junit.ExportModelJUnitTestBatch1" name="[106] ptolemy/actor/lib/aspect/demo/DE/DE.xml (RunExportModel)" time="4.21" />
  <testcase classname="ptolemy.vergil.basic.export.test.junit.ExportModelJUnitTestBatch1" name="[107] ptolemy/actor/lib/aspect/demo/DE/DE2.xml (RunExportModel)" time="4.709" />
  <testcase classname="ptolemy.vergil.basic.export.test.junit.ExportModelJUnitTestBatch1" name="[108] ptolemy/actor/lib/aspect/demo/MonitorExecutionTimes/MonitorExecutionTimes.xml (RunExportModel)" time="4.256" />
  <testcase classname="ptolemy.vergil.basic.export.test.junit.ExportModelJUnitTestBatch1" name="[109] ptolemy/actor/lib/colt/demo/ColtRandom/ColtRandom.xml (RunExportModel)" time="4.465" />
  <testcase classname="ptolemy.vergil.basic.export.test.junit.ExportModelJUnitTestBatch1" name="[110] ptolemy/actor/lib/comm/demo/ConvolutionalCoder/ConvolutionalCoder.xml (RunExportModel)" time="4.416" />
  <testcase classname="ptolemy.vergil.basic.export.test.junit.ExportModelJUnitTestBatch1" name="[111] ptolemy/actor/lib/comm/demo/HuffmanDecoder/HuffmanDecoder.xml (RunExportModel)" time="4.295" />
  <testcase classname="ptolemy.vergil.basic.export.test.junit.ExportModelJUnitTestBatch1" name="[112] ptolemy/actor/lib/comm/demo/Scrambler/Scrambler.xml (RunExportModel)" time="4.214" />
  <testcase classname="ptolemy.vergil.basic.export.test.junit.ExportModelJUnitTestBatch1" name="[113] ptolemy/actor/lib/comm/demo/TrellisDecoder/TrellisDecoder.xml (RunExportModel)" time="4.449" />
  <testcase classname="ptolemy.vergil.basic.export.test.junit.ExportModelJUnitTestBatch1" name="[114] ptolemy/actor/lib/comm/demo/ViterbiDecoder/ViterbiDecoder.xml (RunExportModel)" time="4.344" />
  <testcase classname="ptolemy.vergil.basic.export.test.junit.ExportModelJUnitTestBatch1" name="[115] ptolemy/actor/lib/database/demo/InteractiveQuery/InteractiveQuery.xml (RunExportModel)" time="3.227" />
  <testcase classname="ptolemy.vergil.basic.export.test.junit.ExportModelJUnitTestBatch1" name="[116] ptolemy/actor/lib/fmi/demo/FMUBouncingBall/FMUBouncingBall.xml (RunExportModel)" time="4.289" />
  <testcase classname="ptolemy.vergil.basic.export.test.junit.ExportModelJUnitTestBatch1" name="[117] ptolemy/actor/lib/fmi/demo/FMULevelStairs/FMULevelStairs.xml (RunExportModel)" time="4.151" />
  <testcase classname="ptolemy.vergil.basic.export.test.junit.ExportModelJUnitTestBatch1" name="[118] ptolemy/actor/lib/fmi/demo/FMUSimulationX/FMUSimulationX.xml (RunExportModel)" time="3.236" />
  <testcase classname="ptolemy.vergil.basic.export.test.junit.ExportModelJUnitTestBatch1" name="[119] ptolemy/actor/lib/fmi/demo/FMUSimulationX/FMUSimulationXPIController.xml (RunExportModel)" time="3.14" />
  <testcase classname="ptolemy.vergil.basic.export.test.junit.ExportModelJUnitTestBatch1" name="[120] ptolemy/actor/lib/fmi/demo/FMUStairs/FMUStairs.xml (RunExportModel)" time="4.186" />
  <testcase classname="ptolemy.vergil.basic.export.test.junit.ExportModelJUnitTestBatch1" name="[121] ptolemy/actor/lib/fmi/demo/FMUTwoBallCollision/FMUTwoBallCollision.xml (RunExportModel)" time="4.361" />
  <testcase classname="ptolemy.vergil.basic.export.test.junit.ExportModelJUnitTestBatch1" name="[122] ptolemy/actor/lib/fmi/jni/demo/FourInFourOutsDymola/FourInFourOutsDymola.xml (RunExportModel)" time="3.335" />
  <testcase classname="ptolemy.vergil.basic.export.test.junit.ExportModelJUnitTestBatch1" name="[123] ptolemy/actor/lib/fmi/jni/demo/FourInFourOutsDymola/FourInFourOutsDymolaJNI.xml (RunExportModel)" time="3.269" />
  <testcase classname="ptolemy.vergil.basic.export.test.junit.ExportModelJUnitTestBatch1" name="[124] ptolemy/actor/lib/fmi/jni/demo/FourInFourOutsDymola/FourInFourOutsDymolaWindows.xml (RunExportModel)" time="3.154" />
  <testcase classname="ptolemy.vergil.basic.export.test.junit.ExportModelJUnitTestBatch1" name="[125] ptolemy/actor/lib/gem5/demo/DramThermalModel/DramThermalModel.xml (RunExportModel)" time="6.427" />
  <testcase classname="ptolemy.vergil.basic.export.test.junit.ExportModelJUnitTestBatch1" name="[126] ptolemy/actor/lib/hoc/demo/ApplyFFT/ApplyFFT.xml (RunExportModel)" time="4.267" />
  <testcase classname="ptolemy.vergil.basic.export.test.junit.ExportModelJUnitTestBatch1" name="[127] ptolemy/actor/lib/hoc/demo/Case/Case.xml (RunExportModel)" time="4.258" />
  <testcase classname="ptolemy.vergil.basic.export.test.junit.ExportModelJUnitTestBatch1" name="[128] ptolemy/actor/lib/hoc/demo/DFTSubSet/DFTSubSet.xml (RunExportModel)" time="5.101" />
  <testcase classname="ptolemy.vergil.basic.export.test.junit.ExportModelJUnitTestBatch1" name="[129] ptolemy/actor/lib/hoc/demo/HocDE/HocDE.xml (RunExportModel)" time="4.601" />
  <testcase classname="ptolemy.vergil.basic.export.test.junit.ExportModelJUnitTestBatch1" name="[130] ptolemy/actor/lib/hoc/demo/IterateOverArray/IterateOverArray.xml (RunExportModel)" time="4.802" />
  <testcase classname="ptolemy.vergil.basic.export.test.junit.ExportModelJUnitTestBatch1" name="[131] ptolemy/actor/lib/hoc/demo/MobileFunction/MobileFunction.xml (RunExportModel)" time="4.144" />
  <testcase classname="ptolemy.vergil.basic.export.test.junit.ExportModelJUnitTestBatch1" name="[132] ptolemy/actor/lib/hoc/demo/ModelReference/ModelReference.xml (RunExportModel)" time="34.463" />
  <testcase classname="ptolemy.vergil.basic.export.test.junit.ExportModelJUnitTestBatch1" name="[133] ptolemy/actor/lib/hoc/demo/ThreadedComposite/BackgroundExecution.xml (RunExportModel)" time="13.137" />
  <testcase classname="ptolemy.vergil.basic.export.test.junit.ExportModelJUnitTestBatch1" name="[134] ptolemy/actor/lib/hoc/demo/ThreadedComposite/ConcurrentChat.xml (RunExportModel)" time="3.14" />
  <testcase classname="ptolemy.vergil.basic.export.test.junit.ExportModelJUnitTestBatch1" name="[135] ptolemy/actor/lib/hoc/demo/ThreadedComposite/MulticoreExecution.xml (RunExportModel)" time="14.207" />
  <testcase classname="ptolemy.vergil.basic.export.test.junit.ExportModelJUnitTestBatch1" name="[136] ptolemy/actor/lib/hoc/demo/ThreadedComposite/ParallelExecution.xml (RunExportModel)" time="13.168" />
  <testcase classname="ptolemy.vergil.basic.export.test.junit.ExportModelJUnitTestBatch1" name="[137] ptolemy/actor/lib/hoc/demo/ThreadedComposite/SpontaneousSources.xml (RunExportModel)" time="3.133" />
  <testcase classname="ptolemy.vergil.basic.export.test.junit.ExportModelJUnitTestBatch1" name="[138] ptolemy/actor/lib/hoc/demo/ThreadedComposite/ThreadedComposite.xml (RunExportModel)" time="3.114" />
  <testcase classname="ptolemy.vergil.basic.export.test.junit.ExportModelJUnitTestBatch1" name="[139] ptolemy/actor/lib/io/comm/demo/SerialConsole/SerialConsole.xml (RunExportModel)" time="3.167" />
  <testcase classname="ptolemy.vergil.basic.export.test.junit.ExportModelJUnitTestBatch1" name="[140] ptolemy/actor/lib/io/comm/demo/SerialPort/SerialPort.xml (RunExportModel)" time="3.125" />
  <testcase classname="ptolemy.vergil.basic.export.test.junit.ExportModelJUnitTestBatch1" name="[141] ptolemy/actor/lib/io/comm/demo/XBee/XBee.xml (RunExportModel)" time="3.126" />
  <testcase classname="ptolemy.vergil.basic.export.test.junit.ExportModelJUnitTestBatch1" name="[142] ptolemy/actor/lib/io/demo/AppendToFile/AppendToFile.xml (RunExportModel)" time="3.106" />
  <testcase classname="ptolemy.vergil.basic.export.test.junit.ExportModelJUnitTestBatch1" name="[143] ptolemy/actor/lib/io/demo/CopyFile/CopyFile.xml (RunExportModel)" time="3.104" />
  <testcase classname="ptolemy.vergil.basic.export.test.junit.ExportModelJUnitTestBatch1" name="[144] ptolemy/actor/lib/io/demo/FilePortParameter/FilePortParameter.xml (RunExportModel)" time="3.135" />
  <testcase classname="ptolemy.vergil.basic.export.test.junit.ExportModelJUnitTestBatch1" name="[145] ptolemy/actor/lib/io/demo/ReadExpressionsCommandLine/ReadExpressionsCommandLine.xml (RunExportModel)" time="3.105" />
  <testcase classname="ptolemy.vergil.basic.export.test.junit.ExportModelJUnitTestBatch1" name="[146] ptolemy/actor/lib/io/demo/ReadStdIn/ReadStdIn.xml (RunExportModel)" time="3.101" />
  <testcase classname="ptolemy.vergil.basic.export.test.junit.ExportModelJUnitTestBatch1" name="[147] ptolemy/actor/lib/jai/demo/AdaptiveMedian/AdaptiveMedian.xml (RunExportModel)" time="4.911" />
  <testcase classname="ptolemy.vergil.basic.export.test.junit.ExportModelJUnitTestBatch1" name="[148] ptolemy/actor/lib/jai/demo/ImageReconstruction/ImageReconstruction.xml (RunExportModel)" time="4.198" />
  <testcase classname="ptolemy.vergil.basic.export.test.junit.ExportModelJUnitTestBatch1" name="[149] ptolemy/actor/lib/jai/demo/VQSequenceDisplay/VQSequenceDisplay.xml (RunExportModel)" time="4.768" />
  <system-out><![CDATA[ExportModeJUnitTestBatch: There are 746 demos. Exporting demos: 1 to 150.
####### 1 Fri Jun 01 17:28:48 UTC 2018 $PTII/bin/ptinvoke ptolemy.vergil.basic.export.ExportModel -force htm  -openComposites -timeOut 30000 -whiteBackground lbnl/demo/MatlabRoom/MatlabRoom.xml $PTII/lbnl/demo/MatlabRoom/MatlabRoom
Warning: not running lbnl/demo/MatlabRoom/MatlabRoom.xml. See ptolemy/vergil/basic/export/test/junit/ExportModelJUnitTest.java
Exported /home/travis/build/icyphy/ptII/lbnl/demo/MatlabRoom/MatlabRoom/index.html
6363 ms. Memory: 152576K Free: 61737K (40%)
####### 2 Fri Jun 01 17:28:55 UTC 2018 $PTII/bin/ptinvoke ptolemy.vergil.basic.export.ExportModel -force htm  -openComposites -timeOut 30000 -whiteBackground lbnl/demo/SystemCommand/SystemCommand.xml $PTII/lbnl/demo/SystemCommand/SystemCommand
Warning: not running lbnl/demo/SystemCommand/SystemCommand.xml. See ptolemy/vergil/basic/export/test/junit/ExportModelJUnitTest.java
Exported /home/travis/build/icyphy/ptII/lbnl/demo/SystemCommand/SystemCommand/index.html
3839 ms. Memory: 207872K Free: 112336K (54%)
####### 3 Fri Jun 01 17:28:58 UTC 2018 $PTII/bin/ptinvoke ptolemy.vergil.basic.export.ExportModel -force htm  -openComposites -timeOut 30000 -whiteBackground org/hlacerti/demo/Billard/2Billes1Fed/2Billes1Fed.xml $PTII/org/hlacerti/demo/Billard/2Billes1Fed/2Billes1Fed
Warning: not running org/hlacerti/demo/Billard/2Billes1Fed/2Billes1Fed.xml. See ptolemy/vergil/basic/export/test/junit/ExportModelJUnitTest.java
----------------- Fri Jun 01 17:28:58 UTC 2018 About to sleep for 5.0 seconds before running or rerunning.  Test is: /home/travis/build/icyphy/ptII/org/hlacerti/demo/Billard/2Billes1Fed/2Billes1Fed.xml
Done sleeping
Exported /home/travis/build/icyphy/ptII/org/hlacerti/demo/Billard/2Billes1Fed/2Billes1Fed/index.html
3320 ms. Memory: 208384K Free: 132325K (64%)
####### 4 Fri Jun 01 17:29:07 UTC 2018 $PTII/bin/ptinvoke ptolemy.vergil.basic.export.ExportModel -force htm  -openComposites -timeOut 30000 -whiteBackground org/hlacerti/demo/Billard/2Billes1Fed/PoolTable2.xml $PTII/org/hlacerti/demo/Billard/2Billes1Fed/PoolTable2
Warning: not running org/hlacerti/demo/Billard/2Billes1Fed/PoolTable2.xml. See ptolemy/vergil/basic/export/test/junit/ExportModelJUnitTest.java
----------------- Fri Jun 01 17:29:07 UTC 2018 About to sleep for 5.0 seconds before running or rerunning.  Test is: /home/travis/build/icyphy/ptII/org/hlacerti/demo/Billard/2Billes1Fed/PoolTable2.xml
Done sleeping
Exported /home/travis/build/icyphy/ptII/org/hlacerti/demo/Billard/2Billes1Fed/PoolTable2/index.html
3309 ms. Memory: 244736K Free: 150702K (62%)
####### 5 Fri Jun 01 17:29:15 UTC 2018 $PTII/bin/ptinvoke ptolemy.vergil.basic.export.ExportModel -force htm  -openComposites -timeOut 30000 -whiteBackground org/hlacerti/demo/Billard/2Billes1Fed/TwoBilliardBalls.xml $PTII/org/hlacerti/demo/Billard/2Billes1Fed/TwoBilliardBalls
Warning: not running org/hlacerti/demo/Billard/2Billes1Fed/TwoBilliardBalls.xml. See ptolemy/vergil/basic/export/test/junit/ExportModelJUnitTest.java
----------------- Fri Jun 01 17:29:15 UTC 2018 About to sleep for 5.0 seconds before running or rerunning.  Test is: /home/travis/build/icyphy/ptII/org/hlacerti/demo/Billard/2Billes1Fed/TwoBilliardBalls.xml
Done sleeping
Exported /home/travis/build/icyphy/ptII/org/hlacerti/demo/Billard/2Billes1Fed/TwoBilliardBalls/index.html
3462 ms. Memory: 249856K Free: 41075K (16%)
####### 6 Fri Jun 01 17:29:23 UTC 2018 $PTII/bin/ptinvoke ptolemy.vergil.basic.export.ExportModel -force htm  -openComposites -timeOut 30000 -whiteBackground org/hlacerti/demo/Billard/2Billes2Fed/2Billes2Fed.xml $PTII/org/hlacerti/demo/Billard/2Billes2Fed/2Billes2Fed
Warning: not running org/hlacerti/demo/Billard/2Billes2Fed/2Billes2Fed.xml. See ptolemy/vergil/basic/export/test/junit/ExportModelJUnitTest.java
----------------- Fri Jun 01 17:29:23 UTC 2018 About to sleep for 5.0 seconds before running or rerunning.  Test is: /home/travis/build/icyphy/ptII/org/hlacerti/demo/Billard/2Billes2Fed/2Billes2Fed.xml
Done sleeping
Exported /home/travis/build/icyphy/ptII/org/hlacerti/demo/Billard/2Billes2Fed/2Billes2Fed/index.html
3190 ms. Memory: 284160K Free: 132889K (47%)
####### 7 Fri Jun 01 17:29:32 UTC 2018 $PTII/bin/ptinvoke ptolemy.vergil.basic.export.ExportModel -force htm  -openComposites -timeOut 30000 -whiteBackground org/hlacerti/demo/Billard/2Billes2Fed/BillardBall1.xml $PTII/org/hlacerti/demo/Billard/2Billes2Fed/BillardBall1
Warning: not running org/hlacerti/demo/Billard/2Billes2Fed/BillardBall1.xml. See ptolemy/vergil/basic/export/test/junit/ExportModelJUnitTest.java
----------------- Fri Jun 01 17:29:32 UTC 2018 About to sleep for 5.0 seconds before running or rerunning.  Test is: /home/travis/build/icyphy/ptII/org/hlacerti/demo/Billard/2Billes2Fed/BillardBall1.xml
Done sleeping
Exported /home/travis/build/icyphy/ptII/org/hlacerti/demo/Billard/2Billes2Fed/BillardBall1/index.html
3259 ms. Memory: 284672K Free: 149671K (53%)
####### 8 Fri Jun 01 17:29:40 UTC 2018 $PTII/bin/ptinvoke ptolemy.vergil.basic.export.ExportModel -force htm  -openComposites -timeOut 30000 -whiteBackground org/hlacerti/demo/Billard/2Billes2Fed/BillardBall2.xml $PTII/org/hlacerti/demo/Billard/2Billes2Fed/BillardBall2
Warning: not running org/hlacerti/demo/Billard/2Billes2Fed/BillardBall2.xml. See ptolemy/vergil/basic/export/test/junit/ExportModelJUnitTest.java
----------------- Fri Jun 01 17:29:40 UTC 2018 About to sleep for 5.0 seconds before running or rerunning.  Test is: /home/travis/build/icyphy/ptII/org/hlacerti/demo/Billard/2Billes2Fed/BillardBall2.xml
Done sleeping
Exported /home/travis/build/icyphy/ptII/org/hlacerti/demo/Billard/2Billes2Fed/BillardBall2/index.html
3255 ms. Memory: 315392K Free: 193760K (61%)
####### 9 Fri Jun 01 17:29:48 UTC 2018 $PTII/bin/ptinvoke ptolemy.vergil.basic.export.ExportModel -force htm  -openComposites -timeOut 30000 -whiteBackground org/hlacerti/demo/Billard/2Billes2Fed/BillardTable.xml $PTII/org/hlacerti/demo/Billard/2Billes2Fed/BillardTable
Warning: not running org/hlacerti/demo/Billard/2Billes2Fed/BillardTable.xml. See ptolemy/vergil/basic/export/test/junit/ExportModelJUnitTest.java
----------------- Fri Jun 01 17:29:48 UTC 2018 About to sleep for 5.0 seconds before running or rerunning.  Test is: /home/travis/build/icyphy/ptII/org/hlacerti/demo/Billard/2Billes2Fed/BillardTable.xml
Done sleeping
Exported /home/travis/build/icyphy/ptII/org/hlacerti/demo/Billard/2Billes2Fed/BillardTable/index.html
3206 ms. Memory: 318976K Free: 288116K (90%)
####### 10 Fri Jun 01 17:29:56 UTC 2018 $PTII/bin/ptinvoke ptolemy.vergil.basic.export.ExportModel -force htm  -openComposites -timeOut 30000 -whiteBackground org/hlacerti/demo/Billard/Billard.xml $PTII/org/hlacerti/demo/Billard/Billard
Warning: not running org/hlacerti/demo/Billard/Billard.xml. See ptolemy/vergil/basic/export/test/junit/ExportModelJUnitTest.java
----------------- Fri Jun 01 17:29:56 UTC 2018 About to sleep for 5.0 seconds before running or rerunning.  Test is: /home/travis/build/icyphy/ptII/org/hlacerti/demo/Billard/Billard.xml
Done sleeping
Exported /home/travis/build/icyphy/ptII/org/hlacerti/demo/Billard/Billard/index.html
3144 ms. Memory: 318976K Free: 168226K (53%)
####### 11 Fri Jun 01 17:30:05 UTC 2018 $PTII/bin/ptinvoke ptolemy.vergil.basic.export.ExportModel -force htm  -openComposites -timeOut 30000 -whiteBackground org/hlacerti/demo/f14HLA/f14HLA.xml $PTII/org/hlacerti/demo/f14HLA/f14HLA
Warning: not running org/hlacerti/demo/f14HLA/f14HLA.xml. See ptolemy/vergil/basic/export/test/junit/ExportModelJUnitTest.java
----------------- Fri Jun 01 17:30:05 UTC 2018 About to sleep for 5.0 seconds before running or rerunning.  Test is: /home/travis/build/icyphy/ptII/org/hlacerti/demo/f14HLA/f14HLA.xml
Done sleeping
Exported /home/travis/build/icyphy/ptII/org/hlacerti/demo/f14HLA/f14HLA/index.html
3220 ms. Memory: 318976K Free: 49548K (16%)
####### 12 Fri Jun 01 17:30:13 UTC 2018 $PTII/bin/ptinvoke ptolemy.vergil.basic.export.ExportModel -force htm  -openComposites -timeOut 30000 -whiteBackground org/hlacerti/demo/IntegrationTests/IntegrationTests.xml $PTII/org/hlacerti/demo/IntegrationTests/IntegrationTests
Warning: not running org/hlacerti/demo/IntegrationTests/IntegrationTests.xml. See ptolemy/vergil/basic/export/test/junit/ExportModelJUnitTest.java
----------------- Fri Jun 01 17:30:13 UTC 2018 About to sleep for 5.0 seconds before running or rerunning.  Test is: /home/travis/build/icyphy/ptII/org/hlacerti/demo/IntegrationTests/IntegrationTests.xml
Done sleeping
Exported /home/travis/build/icyphy/ptII/org/hlacerti/demo/IntegrationTests/IntegrationTests/index.html
3137 ms. Memory: 305152K Free: 181115K (59%)
####### 13 Fri Jun 01 17:30:21 UTC 2018 $PTII/bin/ptinvoke ptolemy.vergil.basic.export.ExportModel -force htm  -openComposites -timeOut 30000 -whiteBackground org/hlacerti/demo/IntegrationTests/TimeAdvancing1Federate/TimeAdvancing1Federate.xml $PTII/org/hlacerti/demo/IntegrationTests/TimeAdvancing1Federate/TimeAdvancing1Federate
Warning: not running org/hlacerti/demo/IntegrationTests/TimeAdvancing1Federate/TimeAdvancing1Federate.xml. See ptolemy/vergil/basic/export/test/junit/ExportModelJUnitTest.java
----------------- Fri Jun 01 17:30:21 UTC 2018 About to sleep for 5.0 seconds before running or rerunning.  Test is: /home/travis/build/icyphy/ptII/org/hlacerti/demo/IntegrationTests/TimeAdvancing1Federate/TimeAdvancing1Federate.xml
Done sleeping
Exported /home/travis/build/icyphy/ptII/org/hlacerti/demo/IntegrationTests/TimeAdvancing1Federate/TimeAdvancing1Federate/index.html
3164 ms. Memory: 305152K Free: 56347K (18%)
####### 14 Fri Jun 01 17:30:29 UTC 2018 $PTII/bin/ptinvoke ptolemy.vergil.basic.export.ExportModel -force htm  -openComposites -timeOut 30000 -whiteBackground org/hlacerti/demo/IntegrationTests/TimeAdvancing2Federates/testTimeAdvancingF1.xml $PTII/org/hlacerti/demo/IntegrationTests/TimeAdvancing2Federates/testTimeAdvancingF1
Warning: not running org/hlacerti/demo/IntegrationTests/TimeAdvancing2Federates/testTimeAdvancingF1.xml. See ptolemy/vergil/basic/export/test/junit/ExportModelJUnitTest.java
----------------- Fri Jun 01 17:30:29 UTC 2018 About to sleep for 5.0 seconds before running or rerunning.  Test is: /home/travis/build/icyphy/ptII/org/hlacerti/demo/IntegrationTests/TimeAdvancing2Federates/testTimeAdvancingF1.xml
Done sleeping
Exported /home/travis/build/icyphy/ptII/org/hlacerti/demo/IntegrationTests/TimeAdvancing2Federates/testTimeAdvancingF1/index.html
3141 ms. Memory: 294912K Free: 170109K (58%)
####### 15 Fri Jun 01 17:30:37 UTC 2018 $PTII/bin/ptinvoke ptolemy.vergil.basic.export.ExportModel -force htm  -openComposites -timeOut 30000 -whiteBackground org/hlacerti/demo/IntegrationTests/TimeAdvancing2Federates/testTimeAdvancingF2.xml $PTII/org/hlacerti/demo/IntegrationTests/TimeAdvancing2Federates/testTimeAdvancingF2
Warning: not running org/hlacerti/demo/IntegrationTests/TimeAdvancing2Federates/testTimeAdvancingF2.xml. See ptolemy/vergil/basic/export/test/junit/ExportModelJUnitTest.java
----------------- Fri Jun 01 17:30:37 UTC 2018 About to sleep for 5.0 seconds before running or rerunning.  Test is: /home/travis/build/icyphy/ptII/org/hlacerti/demo/IntegrationTests/TimeAdvancing2Federates/testTimeAdvancingF2.xml
Done sleeping
Exported /home/travis/build/icyphy/ptII/org/hlacerti/demo/IntegrationTests/TimeAdvancing2Federates/testTimeAdvancingF2/index.html
3141 ms. Memory: 294912K Free: 48058K (16%)
####### 16 Fri Jun 01 17:30:45 UTC 2018 $PTII/bin/ptinvoke ptolemy.vergil.basic.export.ExportModel -force htm  -openComposites -timeOut 30000 -whiteBackground org/hlacerti/demo/IntegrationTests/TimeAdvancing2Federates/TimeAdvancing2Federates.xml $PTII/org/hlacerti/demo/IntegrationTests/TimeAdvancing2Federates/TimeAdvancing2Federates
Warning: not running org/hlacerti/demo/IntegrationTests/TimeAdvancing2Federates/TimeAdvancing2Federates.xml. See ptolemy/vergil/basic/export/test/junit/ExportModelJUnitTest.java
----------------- Fri Jun 01 17:30:45 UTC 2018 About to sleep for 5.0 seconds before running or rerunning.  Test is: /home/travis/build/icyphy/ptII/org/hlacerti/demo/IntegrationTests/TimeAdvancing2Federates/TimeAdvancing2Federates.xml
Done sleeping
Exported /home/travis/build/icyphy/ptII/org/hlacerti/demo/IntegrationTests/TimeAdvancing2Federates/TimeAdvancing2Federates/index.html
3160 ms. Memory: 286720K Free: 152982K (53%)
####### 17 Fri Jun 01 17:30:54 UTC 2018 $PTII/bin/ptinvoke ptolemy.vergil.basic.export.ExportModel -force htm  -openComposites -timeOut 30000 -whiteBackground org/hlacerti/demo/IntegrationTests/TimeAdvancing2FederatesIntervalEvents/testTimeAdvancingF1.xml $PTII/org/hlacerti/demo/IntegrationTests/TimeAdvancing2FederatesIntervalEvents/testTimeAdvancingF1
Warning: not running org/hlacerti/demo/IntegrationTests/TimeAdvancing2FederatesIntervalEvents/testTimeAdvancingF1.xml. See ptolemy/vergil/basic/export/test/junit/ExportModelJUnitTest.java
----------------- Fri Jun 01 17:30:54 UTC 2018 About to sleep for 5.0 seconds before running or rerunning.  Test is: /home/travis/build/icyphy/ptII/org/hlacerti/demo/IntegrationTests/TimeAdvancing2FederatesIntervalEvents/testTimeAdvancingF1.xml
Done sleeping
Exported /home/travis/build/icyphy/ptII/org/hlacerti/demo/IntegrationTests/TimeAdvancing2FederatesIntervalEvents/testTimeAdvancingF1/index.html
3127 ms. Memory: 278528K Free: 248760K (89%)
####### 18 Fri Jun 01 17:31:02 UTC 2018 $PTII/bin/ptinvoke ptolemy.vergil.basic.export.ExportModel -force htm  -openComposites -timeOut 30000 -whiteBackground org/hlacerti/demo/IntegrationTests/TimeAdvancing2FederatesIntervalEvents/testTimeAdvancingF2InternalEvent.xml $PTII/org/hlacerti/demo/IntegrationTests/TimeAdvancing2FederatesIntervalEvents/testTimeAdvancingF2InternalEvent
Warning: not running org/hlacerti/demo/IntegrationTests/TimeAdvancing2FederatesIntervalEvents/testTimeAdvancingF2InternalEvent.xml. See ptolemy/vergil/basic/export/test/junit/ExportModelJUnitTest.java
----------------- Fri Jun 01 17:31:02 UTC 2018 About to sleep for 5.0 seconds before running or rerunning.  Test is: /home/travis/build/icyphy/ptII/org/hlacerti/demo/IntegrationTests/TimeAdvancing2FederatesIntervalEvents/testTimeAdvancingF2InternalEvent.xml
Done sleeping
Exported /home/travis/build/icyphy/ptII/org/hlacerti/demo/IntegrationTests/TimeAdvancing2FederatesIntervalEvents/testTimeAdvancingF2InternalEvent/index.html
3127 ms. Memory: 278528K Free: 124909K (45%)
####### 19 Fri Jun 01 17:31:10 UTC 2018 $PTII/bin/ptinvoke ptolemy.vergil.basic.export.ExportModel -force htm  -openComposites -timeOut 30000 -whiteBackground org/hlacerti/demo/IntegrationTests/TimeAdvancing2FederatesIntervalEvents/TimeAdvancing2FederatesIntervalEvents.xml $PTII/org/hlacerti/demo/IntegrationTests/TimeAdvancing2FederatesIntervalEvents/TimeAdvancing2FederatesIntervalEvents
Warning: not running org/hlacerti/demo/IntegrationTests/TimeAdvancing2FederatesIntervalEvents/TimeAdvancing2FederatesIntervalEvents.xml. See ptolemy/vergil/basic/export/test/junit/ExportModelJUnitTest.java
----------------- Fri Jun 01 17:31:10 UTC 2018 About to sleep for 5.0 seconds before running or rerunning.  Test is: /home/travis/build/icyphy/ptII/org/hlacerti/demo/IntegrationTests/TimeAdvancing2FederatesIntervalEvents/TimeAdvancing2FederatesIntervalEvents.xml
Done sleeping
Exported /home/travis/build/icyphy/ptII/org/hlacerti/demo/IntegrationTests/TimeAdvancing2FederatesIntervalEvents/TimeAdvancing2FederatesIntervalEvents/index.html
3110 ms. Memory: 263680K Free: 206109K (78%)
####### 20 Fri Jun 01 17:31:18 UTC 2018 $PTII/bin/ptinvoke ptolemy.vergil.basic.export.ExportModel -force htm  -openComposites -timeOut 30000 -whiteBackground org/hlacerti/demo/SynchronizeToRealTime/SynchronizeToRealTime.xml $PTII/org/hlacerti/demo/SynchronizeToRealTime/SynchronizeToRealTime
Warning: not running org/hlacerti/demo/SynchronizeToRealTime/SynchronizeToRealTime.xml. See ptolemy/vergil/basic/export/test/junit/ExportModelJUnitTest.java
----------------- Fri Jun 01 17:31:18 UTC 2018 About to sleep for 5.0 seconds before running or rerunning.  Test is: /home/travis/build/icyphy/ptII/org/hlacerti/demo/SynchronizeToRealTime/SynchronizeToRealTime.xml
Done sleeping
Exported /home/travis/build/icyphy/ptII/org/hlacerti/demo/SynchronizeToRealTime/SynchronizeToRealTime/index.html
3256 ms. Memory: 257024K Free: 175938K (68%)
####### 21 Fri Jun 01 17:31:26 UTC 2018 $PTII/bin/ptinvoke ptolemy.vergil.basic.export.ExportModel -force htm -run -openComposites -timeOut 30000 -whiteBackground org/ptolemy/machineImprovisation/demo/JazzImprovisation/JazzImprovisation.xml $PTII/org/ptolemy/machineImprovisation/demo/JazzImprovisation/JazzImprovisation
Running .JazzImprovisation
Chord: E7 Tones:[E, F#, G#, B, C#, D] Note being tested: E4
Accepted Note: E4
Chord: E7 Tones:[E, F#, G#, B, C#, D] Note being tested: G4
Chord: E7 Tones:[E, F#, G#, B, C#, D] Note being tested: G#4
Accepted Note: G#4
Chord: E7 Tones:[E, F#, G#, B, C#, D] Note being tested: B4
Accepted Note: B4
Chord: E7 Tones:[E, F#, G#, B, C#, D] Note being tested: D5
Accepted Note: D5
Chord: E7 Tones:[E, F#, G#, B, C#, D] Note being tested: F5
Chord: E7 Tones:[E, F#, G#, B, C#, D] Note being tested: G#5
Accepted Note: G#5
Chord: E7 Tones:[E, F#, G#, B, C#, D] Note being tested: E5
Accepted Note: E5
Chord: E7 Tones:[E, F#, G#, B, C#, D] Note being tested: G5
Chord: E7 Tones:[E, F#, G#, B, C#, D] Note being tested: C#5
Accepted Note: C#5
Chord: E7 Tones:[E, F#, G#, B, C#, D] Note being tested: F#4
Accepted Note: F#4
Chord: E7 Tones:[E, F#, G#, B, C#, D] Note being tested: D#5
Chord: E7 Tones:[E, F#, G#, B, C#, D] Note being tested: A4
Chord: E7 Tones:[E, F#, G#, B, C#, D] Note being tested: B4
Accepted Note: B4
Chord: E7 Tones:[E, F#, G#, B, C#, D] Note being tested: A#4
Chord: E7 Tones:[E, F#, G#, B, C#, D] Note being tested: G#4
Accepted Note: G#4
Chord: E7 Tones:[E, F#, G#, B, C#, D] Note being tested: G4
Chord: E7 Tones:[E, F#, G#, B, C#, D] Note being tested: F#4
Accepted Note: F#4
Chord: E7 Tones:[E, F#, G#, B, C#, D] Note being tested: F4
Chord: E7 Tones:[E, F#, G#, B, C#, D] Note being tested: E4
Accepted Note: E4
Chord: E7 Tones:[E, F#, G#, B, C#, D] Note being tested: D4
Accepted Note: D4
Chord: E7 Tones:[E, F#, G#, B, C#, D] Note being tested: D#4
Chord: E7 Tones:[E, F#, G#, B, C#, D] Note being tested: G4
Chord: E7 Tones:[E, F#, G#, B, C#, D] Note being tested: A4
Chord: E7 Tones:[E, F#, G#, B, C#, D] Note being tested: C#5
Accepted Note: C#5
Chord: E7 Tones:[E, F#, G#, B, C#, D] Note being tested: F5
Chord: E7 Tones:[E, F#, G#, B, C#, D] Note being tested: A5
Chord: E7 Tones:[E, F#, G#, B, C#, D] Note being tested: G4
Chord: E7 Tones:[E, F#, G#, B, C#, D] Note being tested: A4
Chord: E7 Tones:[E, F#, G#, B, C#, D] Note being tested: C#5
Accepted Note: C#5
Chord: E7 Tones:[E, F#, G#, B, C#, D] Note being tested: F5
Chord: E7 Tones:[E, F#, G#, B, C#, D] Note being tested: A5
Chord: E7 Tones:[E, F#, G#, B, C#, D] Note being tested: G4
Chord: E7 Tones:[E, F#, G#, B, C#, D] Note being tested: A4
Chord: E7 Tones:[E, F#, G#, B, C#, D] Note being tested: C#5
Accepted Note: C#5
Chord: E7 Tones:[E, F#, G#, B, C#, D] Note being tested: F5
Chord: E7 Tones:[E, F#, G#, B, C#, D] Note being tested: A5
Chord: E7 Tones:[E, F#, G#, B, C#, D] Note being tested: A#4
Chord: E7 Tones:[E, F#, G#, B, C#, D] Note being tested: G4
Chord: E7 Tones:[E, F#, G#, B, C#, D] Note being tested: G4
Chord: E7 Tones:[E, F#, G#, B, C#, D] Note being tested: A4
Chord: E7 Tones:[E, F#, G#, B, C#, D] Note being tested: C#5
Accepted Note: C#5
Chord: E7 Tones:[E, F#, G#, B, C#, D] Note being tested: F5
Chord: E7 Tones:[E, F#, G#, B, C#, D] Note being tested: A5
Chord: E7 Tones:[E, F#, G#, B, C#, D] Note being tested: G4
Chord: E7 Tones:[E, F#, G#, B, C#, D] Note being tested: A4
Chord: E7 Tones:[E, F#, G#, B, C#, D] Note being tested: C#5
Accepted Note: C#5
Chord: E7 Tones:[E, F#, G#, B, C#, D] Note being tested: F5
Chord: E7 Tones:[E, F#, G#, B, C#, D] Note being tested: A5
Chord: E7 Tones:[E, F#, G#, B, C#, D] Note being tested: G4
Chord: E7 Tones:[E, F#, G#, B, C#, D] Note being tested: A4
Chord: E7 Tones:[E, F#, G#, B, C#, D] Note being tested: C#5
Accepted Note: C#5
Chord: E7 Tones:[E, F#, G#, B, C#, D] Note being tested: F5
Chord: E7 Tones:[E, F#, G#, B, C#, D] Note being tested: A5
Chord: E7 Tones:[E, F#, G#, B, C#, D] Note being tested: E4
Accepted Note: E4
Chord: E7 Tones:[E, F#, G#, B, C#, D] Note being tested: G4
Chord: E7 Tones:[E, F#, G#, B, C#, D] Note being tested: G#4
Accepted Note: G#4
Chord: E7 Tones:[E, F#, G#, B, C#, D] Note being tested: B4
Accepted Note: B4
Chord: E7 Tones:[E, F#, G#, B, C#, D] Note being tested: D5
Accepted Note: D5
Chord: E7 Tones:[E, F#, G#, B, C#, D] Note being tested: F5
Chord: E7 Tones:[E, F#, G#, B, C#, D] Note being tested: G#5
Accepted Note: G#5
Chord: E7 Tones:[E, F#, G#, B, C#, D] Note being tested: E5
Accepted Note: E5
Chord: E7 Tones:[E, F#, G#, B, C#, D] Note being tested: G5
Chord: E7 Tones:[E, F#, G#, B, C#, D] Note being tested: C#5
Accepted Note: C#5
Chord: E7 Tones:[E, F#, G#, B, C#, D] Note being tested: F#4
Accepted Note: F#4
Chord: E7 Tones:[E, F#, G#, B, C#, D] Note being tested: D#5
Chord: E7 Tones:[E, F#, G#, B, C#, D] Note being tested: A4
Chord: E7 Tones:[E, F#, G#, B, C#, D] Note being tested: E4
Accepted Note: E4
Chord: E7 Tones:[E, F#, G#, B, C#, D] Note being tested: G4
Chord: E7 Tones:[E, F#, G#, B, C#, D] Note being tested: G#4
Accepted Note: G#4
Chord: E7 Tones:[E, F#, G#, B, C#, D] Note being tested: B4
Accepted Note: B4
Chord: E7 Tones:[E, F#, G#, B, C#, D] Note being tested: D5
Accepted Note: D5
Chord: E7 Tones:[E, F#, G#, B, C#, D] Note being tested: F5
Chord: E7 Tones:[E, F#, G#, B, C#, D] Note being tested: G#5
Accepted Note: G#5
Chord: E7 Tones:[E, F#, G#, B, C#, D] Note being tested: E5
Accepted Note: E5
Chord: E7 Tones:[E, F#, G#, B, C#, D] Note being tested: G5
Chord: E7 Tones:[E, F#, G#, B, C#, D] Note being tested: C#5
Accepted Note: C#5
Chord: E7 Tones:[E, F#, G#, B, C#, D] Note being tested: F#4
Accepted Note: F#4
Chord: E7 Tones:[E, F#, G#, B, C#, D] Note being tested: D#5
Chord: E7 Tones:[E, F#, G#, B, C#, D] Note being tested: A4
Chord: E7 Tones:[E, F#, G#, B, C#, D] Note being tested: E4
Accepted Note: E4
Chord: E7 Tones:[E, F#, G#, B, C#, D] Note being tested: G4
Chord: E7 Tones:[E, F#, G#, B, C#, D] Note being tested: G#4
Accepted Note: G#4
Chord: E7 Tones:[E, F#, G#, B, C#, D] Note being tested: B4
Accepted Note: B4
Chord: E7 Tones:[E, F#, G#, B, C#, D] Note being tested: D5
Accepted Note: D5
Chord: E7 Tones:[E, F#, G#, B, C#, D] Note being tested: F5
Chord: E7 Tones:[E, F#, G#, B, C#, D] Note being tested: G#5
Accepted Note: G#5
Chord: E7 Tones:[E, F#, G#, B, C#, D] Note being tested: E5
Accepted Note: E5
Chord: E7 Tones:[E, F#, G#, B, C#, D] Note being tested: G5
Chord: E7 Tones:[E, F#, G#, B, C#, D] Note being tested: C#5
Accepted Note: C#5
Chord: E7 Tones:[E, F#, G#, B, C#, D] Note being tested: F#4
Accepted Note: F#4
Chord: E7 Tones:[E, F#, G#, B, C#, D] Note being tested: D#5
Chord: E7 Tones:[E, F#, G#, B, C#, D] Note being tested: A4
Chord: E7 Tones:[E, F#, G#, B, C#, D] Note being tested: G4
Chord: E7 Tones:[E, F#, G#, B, C#, D] Note being tested: A4
Chord: E7 Tones:[E, F#, G#, B, C#, D] Note being tested: C#5
Accepted Note: C#5
Chord: E7 Tones:[E, F#, G#, B, C#, D] Note being tested: F5
Chord: E7 Tones:[E, F#, G#, B, C#, D] Note being tested: A5
Chord: E7 Tones:[E, F#, G#, B, C#, D] Note being tested: G4
Chord: E7 Tones:[E, F#, G#, B, C#, D] Note being tested: A4
Chord: E7 Tones:[E, F#, G#, B, C#, D] Note being tested: C#5
Accepted Note: C#5
Chord: E7 Tones:[E, F#, G#, B, C#, D] Note being tested: F5
Chord: E7 Tones:[E, F#, G#, B, C#, D] Note being tested: A5
Chord: E7 Tones:[E, F#, G#, B, C#, D] Note being tested: G4
Chord: E7 Tones:[E, F#, G#, B, C#, D] Note being tested: A4
Chord: E7 Tones:[E, F#, G#, B, C#, D] Note being tested: C#5
Accepted Note: C#5
Chord: E7 Tones:[E, F#, G#, B, C#, D] Note being tested: F5
Chord: E7 Tones:[E, F#, G#, B, C#, D] Note being tested: A5
Chord: E7 Tones:[E, F#, G#, B, C#, D] Note being tested: B4
Accepted Note: B4
Chord: E7 Tones:[E, F#, G#, B, C#, D] Note being tested: A#4
Chord: E7 Tones:[E, F#, G#, B, C#, D] Note being tested: G#4
Accepted Note: G#4
Chord: E7 Tones:[E, F#, G#, B, C#, D] Note being tested: G4
Chord: E7 Tones:[E, F#, G#, B, C#, D] Note being tested: F#4
Accepted Note: F#4
Chord: E7 Tones:[E, F#, G#, B, C#, D] Note being tested: F4
Chord: E7 Tones:[E, F#, G#, B, C#, D] Note being tested: E4
Accepted Note: E4
Chord: E7 Tones:[E, F#, G#, B, C#, D] Note being tested: D4
Accepted Note: D4
Chord: E7 Tones:[E, F#, G#, B, C#, D] Note being tested: D#4
Chord: E7 Tones:[E, F#, G#, B, C#, D] Note being tested: A#4
Chord: E7 Tones:[E, F#, G#, B, C#, D] Note being tested: G4
Chord: E7 Tones:[E, F#, G#, B, C#, D] Note being tested: A4
Chord: E7 Tones:[E, F#, G#, B, C#, D] Note being tested: C#5
Accepted Note: C#5
Chord: E7 Tones:[E, F#, G#, B, C#, D] Note being tested: F5
Chord: E7 Tones:[E, F#, G#, B, C#, D] Note being tested: A5
Chord: E7 Tones:[E, F#, G#, B, C#, D] Note being tested: G4
Chord: E7 Tones:[E, F#, G#, B, C#, D] Note being tested: A4
Chord: E7 Tones:[E, F#, G#, B, C#, D] Note being tested: C#5
Accepted Note: C#5
Chord: E7 Tones:[E, F#, G#, B, C#, D] Note being tested: F5
Chord: E7 Tones:[E, F#, G#, B, C#, D] Note being tested: A5
Chord: E7 Tones:[E, F#, G#, B, C#, D] Note being tested: G4
Chord: E7 Tones:[E, F#, G#, B, C#, D] Note being tested: A4
Chord: E7 Tones:[E, F#, G#, B, C#, D] Note being tested: C#5
Accepted Note: C#5
Chord: E7 Tones:[E, F#, G#, B, C#, D] Note being tested: F5
Chord: E7 Tones:[E, F#, G#, B, C#, D] Note being tested: A5
Chord: E7 Tones:[E, F#, G#, B, C#, D] Note being tested: B4
Accepted Note: B4
Chord: E7 Tones:[E, F#, G#, B, C#, D] Note being tested: A#4
Chord: E7 Tones:[E, F#, G#, B, C#, D] Note being tested: G#4
Accepted Note: G#4
Chord: E7 Tones:[E, F#, G#, B, C#, D] Note being tested: G4
Chord: E7 Tones:[E, F#, G#, B, C#, D] Note being tested: F#4
Accepted Note: F#4
Chord: E7 Tones:[E, F#, G#, B, C#, D] Note being tested: F4
Chord: E7 Tones:[E, F#, G#, B, C#, D] Note being tested: E4
Accepted Note: E4
Chord: E7 Tones:[E, F#, G#, B, C#, D] Note being tested: D4
Accepted Note: D4
Chord: E7 Tones:[E, F#, G#, B, C#, D] Note being tested: D#4
Chord: E7 Tones:[E, F#, G#, B, C#, D] Note being tested: G4
Chord: E7 Tones:[E, F#, G#, B, C#, D] Note being tested: A4
Chord: E7 Tones:[E, F#, G#, B, C#, D] Note being tested: C#5
Accepted Note: C#5
Chord: E7 Tones:[E, F#, G#, B, C#, D] Note being tested: F5
Chord: E7 Tones:[E, F#, G#, B, C#, D] Note being tested: A5
Chord: E7 Tones:[E, F#, G#, B, C#, D] Note being tested: G4
Chord: E7 Tones:[E, F#, G#, B, C#, D] Note being tested: A4
Chord: E7 Tones:[E, F#, G#, B, C#, D] Note being tested: C#5
Accepted Note: C#5
Chord: E7 Tones:[E, F#, G#, B, C#, D] Note being tested: F5
Chord: E7 Tones:[E, F#, G#, B, C#, D] Note being tested: A5
Chord: E7 Tones:[E, F#, G#, B, C#, D] Note being tested: G4
Chord: E7 Tones:[E, F#, G#, B, C#, D] Note being tested: A4
Chord: E7 Tones:[E, F#, G#, B, C#, D] Note being tested: C#5
Accepted Note: C#5
Chord: E7 Tones:[E, F#, G#, B, C#, D] Note being tested: F5
Chord: E7 Tones:[E, F#, G#, B, C#, D] Note being tested: A5
Chord: E7 Tones:[E, F#, G#, B, C#, D] Note being tested: G4
Chord: E7 Tones:[E, F#, G#, B, C#, D] Note being tested: A4
Chord: E7 Tones:[E, F#, G#, B, C#, D] Note being tested: C#5
Accepted Note: C#5
Chord: E7 Tones:[E, F#, G#, B, C#, D] Note being tested: F5
Chord: E7 Tones:[E, F#, G#, B, C#, D] Note being tested: A5
Chord: E7 Tones:[E, F#, G#, B, C#, D] Note being tested: G4
Chord: E7 Tones:[E, F#, G#, B, C#, D] Note being tested: A4
Chord: E7 Tones:[E, F#, G#, B, C#, D] Note being tested: C#5
Accepted Note: C#5
Chord: E7 Tones:[E, F#, G#, B, C#, D] Note being tested: F5
Chord: E7 Tones:[E, F#, G#, B, C#, D] Note being tested: A5
Chord: E7 Tones:[E, F#, G#, B, C#, D] Note being tested: G4
Chord: E7 Tones:[E, F#, G#, B, C#, D] Note being tested: A4
Chord: E7 Tones:[E, F#, G#, B, C#, D] Note being tested: C#5
Accepted Note: C#5
Chord: E7 Tones:[E, F#, G#, B, C#, D] Note being tested: F5
Chord: E7 Tones:[E, F#, G#, B, C#, D] Note being tested: A5
Chord: E7 Tones:[E, F#, G#, B, C#, D] Note being tested: A#4
Chord: E7 Tones:[E, F#, G#, B, C#, D] Note being tested: B4
Accepted Note: B4
Chord: E7 Tones:[E, F#, G#, B, C#, D] Note being tested: A#4
Chord: E7 Tones:[E, F#, G#, B, C#, D] Note being tested: G#4
Accepted Note: G#4
Chord: E7 Tones:[E, F#, G#, B, C#, D] Note being tested: G4
Chord: E7 Tones:[E, F#, G#, B, C#, D] Note being tested: F#4
Accepted Note: F#4
Chord: E7 Tones:[E, F#, G#, B, C#, D] Note being tested: F4
Chord: E7 Tones:[E, F#, G#, B, C#, D] Note being tested: E4
Accepted Note: E4
Chord: E7 Tones:[E, F#, G#, B, C#, D] Note being tested: D4
Accepted Note: D4
Chord: E7 Tones:[E, F#, G#, B, C#, D] Note being tested: D#4
Chord: E7 Tones:[E, F#, G#, B, C#, D] Note being tested: G4
Chord: E7 Tones:[E, F#, G#, B, C#, D] Note being tested: A4
Chord: E7 Tones:[E, F#, G#, B, C#, D] Note being tested: C#5
Accepted Note: C#5
Chord: E7 Tones:[E, F#, G#, B, C#, D] Note being tested: F5
Chord: E7 Tones:[E, F#, G#, B, C#, D] Note being tested: A5
Chord: E7 Tones:[E, F#, G#, B, C#, D] Note being tested: G4
Chord: E7 Tones:[E, F#, G#, B, C#, D] Note being tested: A4
Chord: E7 Tones:[E, F#, G#, B, C#, D] Note being tested: C#5
Accepted Note: C#5
Chord: E7 Tones:[E, F#, G#, B, C#, D] Note being tested: F5
Chord: E7 Tones:[E, F#, G#, B, C#, D] Note being tested: A5
Chord: E7 Tones:[E, F#, G#, B, C#, D] Note being tested: G4
Chord: E7 Tones:[E, F#, G#, B, C#, D] Note being tested: A4
Chord: E7 Tones:[E, F#, G#, B, C#, D] Note being tested: C#5
Accepted Note: C#5
Chord: E7 Tones:[E, F#, G#, B, C#, D] Note being tested: F5
Chord: E7 Tones:[E, F#, G#, B, C#, D] Note being tested: A5
Chord: E7 Tones:[E, F#, G#, B, C#, D] Note being tested: A#4
Chord: E7 Tones:[E, F#, G#, B, C#, D] Note being tested: B4
Accepted Note: B4
Chord: E7 Tones:[E, F#, G#, B, C#, D] Note being tested: A#4
Chord: E7 Tones:[E, F#, G#, B, C#, D] Note being tested: G#4
Accepted Note: G#4
Chord: E7 Tones:[E, F#, G#, B, C#, D] Note being tested: G4
Chord: E7 Tones:[E, F#, G#, B, C#, D] Note being tested: F#4
Accepted Note: F#4
Chord: E7 Tones:[E, F#, G#, B, C#, D] Note being tested: F4
Chord: E7 Tones:[E, F#, G#, B, C#, D] Note being tested: E4
Accepted Note: E4
Chord: E7 Tones:[E, F#, G#, B, C#, D] Note being tested: D4
Accepted Note: D4
Chord: E7 Tones:[E, F#, G#, B, C#, D] Note being tested: D#4
Chord: E7 Tones:[E, F#, G#, B, C#, D] Note being tested: G4
Chord: E7 Tones:[E, F#, G#, B, C#, D] Note being tested: A4
Chord: E7 Tones:[E, F#, G#, B, C#, D] Note being tested: C#5
Accepted Note: C#5
Chord: E7 Tones:[E, F#, G#, B, C#, D] Note being tested: F5
Chord: E7 Tones:[E, F#, G#, B, C#, D] Note being tested: A5
Chord: E7 Tones:[E, F#, G#, B, C#, D] Note being tested: G4
Chord: E7 Tones:[E, F#, G#, B, C#, D] Note being tested: A4
Chord: E7 Tones:[E, F#, G#, B, C#, D] Note being tested: C#5
Accepted Note: C#5
Chord: E7 Tones:[E, F#, G#, B, C#, D] Note being tested: F5
Chord: E7 Tones:[E, F#, G#, B, C#, D] Note being tested: A5
Chord: E7 Tones:[E, F#, G#, B, C#, D] Note being tested: G4
Chord: E7 Tones:[E, F#, G#, B, C#, D] Note being tested: A4
Chord: E7 Tones:[E, F#, G#, B, C#, D] Note being tested: C#5
Accepted Note: C#5
Chord: E7 Tones:[E, F#, G#, B, C#, D] Note being tested: F5
Chord: E7 Tones:[E, F#, G#, B, C#, D] Note being tested: A5
Chord: E7 Tones:[E, F#, G#, B, C#, D] Note being tested: G4
Chord: E7 Tones:[E, F#, G#, B, C#, D] Note being tested: A4
Chord: E7 Tones:[E, F#, G#, B, C#, D] Note being tested: C#5
Accepted Note: C#5
Chord: E7 Tones:[E, F#, G#, B, C#, D] Note being tested: F5
Chord: E7 Tones:[E, F#, G#, B, C#, D] Note being tested: A5
Chord: E7 Tones:[E, F#, G#, B, C#, D] Note being tested: G4
Chord: E7 Tones:[E, F#, G#, B, C#, D] Note being tested: A4
Chord: E7 Tones:[E, F#, G#, B, C#, D] Note being tested: C#5
Accepted Note: C#5
Chord: E7 Tones:[E, F#, G#, B, C#, D] Note being tested: F5
Chord: E7 Tones:[E, F#, G#, B, C#, D] Note being tested: A5
Chord: E7 Tones:[E, F#, G#, B, C#, D] Note being tested: G4
Chord: E7 Tones:[E, F#, G#, B, C#, D] Note being tested: A4
Chord: E7 Tones:[E, F#, G#, B, C#, D] Note being tested: C#5
Accepted Note: C#5
Chord: E7 Tones:[E, F#, G#, B, C#, D] Note being tested: F5
Chord: E7 Tones:[E, F#, G#, B, C#, D] Note being tested: A5
Chord: E7 Tones:[E, F#, G#, B, C#, D] Note being tested: G4
Chord: E7 Tones:[E, F#, G#, B, C#, D] Note being tested: A4
Chord: E7 Tones:[E, F#, G#, B, C#, D] Note being tested: C#5
Accepted Note: C#5
Chord: E7 Tones:[E, F#, G#, B, C#, D] Note being tested: F5
Chord: E7 Tones:[E, F#, G#, B, C#, D] Note being tested: A5
Chord: E7 Tones:[E, F#, G#, B, C#, D] Note being tested: G4
Chord: E7 Tones:[E, F#, G#, B, C#, D] Note being tested: A4
Chord: E7 Tones:[E, F#, G#, B, C#, D] Note being tested: C#5
Accepted Note: C#5
Chord: E7 Tones:[E, F#, G#, B, C#, D] Note being tested: F5
Chord: E7 Tones:[E, F#, G#, B, C#, D] Note being tested: A5
Chord: E7 Tones:[E, F#, G#, B, C#, D] Note being tested: G4
Chord: E7 Tones:[E, F#, G#, B, C#, D] Note being tested: A4
Chord: E7 Tones:[E, F#, G#, B, C#, D] Note being tested: C#5
Accepted Note: C#5
Chord: E7 Tones:[E, F#, G#, B, C#, D] Note being tested: F5
Chord: E7 Tones:[E, F#, G#, B, C#, D] Note being tested: A5
Chord: E7 Tones:[E, F#, G#, B, C#, D] Note being tested: G4
Chord: E7 Tones:[E, F#, G#, B, C#, D] Note being tested: A4
Chord: E7 Tones:[E, F#, G#, B, C#, D] Note being tested: C#5
Accepted Note: C#5
Chord: E7 Tones:[E, F#, G#, B, C#, D] Note being tested: F5
Chord: E7 Tones:[E, F#, G#, B, C#, D] Note being tested: A5
Chord: E7 Tones:[E, F#, G#, B, C#, D] Note being tested: G4
Chord: E7 Tones:[E, F#, G#, B, C#, D] Note being tested: A4
Chord: E7 Tones:[E, F#, G#, B, C#, D] Note being tested: C#5
Accepted Note: C#5
Chord: E7 Tones:[E, F#, G#, B, C#, D] Note being tested: F5
Chord: E7 Tones:[E, F#, G#, B, C#, D] Note being tested: A5
Chord: E7 Tones:[E, F#, G#, B, C#, D] Note being tested: G4
Chord: E7 Tones:[E, F#, G#, B, C#, D] Note being tested: A4
Chord: E7 Tones:[E, F#, G#, B, C#, D] Note being tested: C#5
Accepted Note: C#5
Chord: E7 Tones:[E, F#, G#, B, C#, D] Note being tested: F5
Chord: E7 Tones:[E, F#, G#, B, C#, D] Note being tested: A5
Chord: E7 Tones:[E, F#, G#, B, C#, D] Note being tested: A#4
Chord: E7 Tones:[E, F#, G#, B, C#, D] Note being tested: B4
Accepted Note: B4
Chord: E7 Tones:[E, F#, G#, B, C#, D] Note being tested: A#4
Chord: E7 Tones:[E, F#, G#, B, C#, D] Note being tested: G#4
Accepted Note: G#4
Chord: E7 Tones:[E, F#, G#, B, C#, D] Note being tested: G4
Chord: E7 Tones:[E, F#, G#, B, C#, D] Note being tested: F#4
Accepted Note: F#4
Chord: E7 Tones:[E, F#, G#, B, C#, D] Note being tested: F4
Chord: E7 Tones:[E, F#, G#, B, C#, D] Note being tested: E4
Accepted Note: E4
Chord: E7 Tones:[E, F#, G#, B, C#, D] Note being tested: D4
Accepted Note: D4
Chord: E7 Tones:[E, F#, G#, B, C#, D] Note being tested: D#4
Chord: E7 Tones:[E, F#, G#, B, C#, D] Note being tested: G4
Chord: E7 Tones:[E, F#, G#, B, C#, D] Note being tested: A4
Chord: E7 Tones:[E, F#, G#, B, C#, D] Note being tested: C#5
Accepted Note: C#5
Chord: E7 Tones:[E, F#, G#, B, C#, D] Note being tested: F5
Chord: E7 Tones:[E, F#, G#, B, C#, D] Note being tested: A5
Chord: E7 Tones:[E, F#, G#, B, C#, D] Note being tested: G4
Chord: E7 Tones:[E, F#, G#, B, C#, D] Note being tested: A4
Chord: E7 Tones:[E, F#, G#, B, C#, D] Note being tested: C#5
Accepted Note: C#5
Chord: E7 Tones:[E, F#, G#, B, C#, D] Note being tested: F5
Chord: E7 Tones:[E, F#, G#, B, C#, D] Note being tested: A5
Chord: E7 Tones:[E, F#, G#, B, C#, D] Note being tested: G4
Chord: E7 Tones:[E, F#, G#, B, C#, D] Note being tested: A4
Chord: E7 Tones:[E, F#, G#, B, C#, D] Note being tested: C#5
Accepted Note: C#5
Chord: E7 Tones:[E, F#, G#, B, C#, D] Note being tested: F5
Chord: E7 Tones:[E, F#, G#, B, C#, D] Note being tested: A5
Chord: E7 Tones:[E, F#, G#, B, C#, D] Note being tested: A#4
Chord: E7 Tones:[E, F#, G#, B, C#, D] Note being tested: G4
Chord: E7 Tones:[E, F#, G#, B, C#, D] Note being tested: A4
Chord: E7 Tones:[E, F#, G#, B, C#, D] Note being tested: C#5
Accepted Note: C#5
Chord: E7 Tones:[E, F#, G#, B, C#, D] Note being tested: F5
Chord: E7 Tones:[E, F#, G#, B, C#, D] Note being tested: A5
Chord: E7 Tones:[E, F#, G#, B, C#, D] Note being tested: G4
Chord: E7 Tones:[E, F#, G#, B, C#, D] Note being tested: A4
Chord: E7 Tones:[E, F#, G#, B, C#, D] Note being tested: C#5
Accepted Note: C#5
Chord: E7 Tones:[E, F#, G#, B, C#, D] Note being tested: F5
Chord: E7 Tones:[E, F#, G#, B, C#, D] Note being tested: A5
Chord: E7 Tones:[E, F#, G#, B, C#, D] Note being tested: G4
Chord: E7 Tones:[E, F#, G#, B, C#, D] Note being tested: A4
Chord: E7 Tones:[E, F#, G#, B, C#, D] Note being tested: C#5
Accepted Note: C#5
Chord: E7 Tones:[E, F#, G#, B, C#, D] Note being tested: F5
Chord: E7 Tones:[E, F#, G#, B, C#, D] Note being tested: A5
Chord: E7 Tones:[E, F#, G#, B, C#, D] Note being tested: B4
Accepted Note: B4
Chord: E7 Tones:[E, F#, G#, B, C#, D] Note being tested: A#4
Chord: E7 Tones:[E, F#, G#, B, C#, D] Note being tested: G#4
Accepted Note: G#4
Chord: E7 Tones:[E, F#, G#, B, C#, D] Note being tested: G4
Chord: E7 Tones:[E, F#, G#, B, C#, D] Note being tested: F#4
Accepted Note: F#4
Chord: E7 Tones:[E, F#, G#, B, C#, D] Note being tested: F4
Chord: E7 Tones:[E, F#, G#, B, C#, D] Note being tested: E4
Accepted Note: E4
Chord: E7 Tones:[E, F#, G#, B, C#, D] Note being tested: D4
Accepted Note: D4
Chord: E7 Tones:[E, F#, G#, B, C#, D] Note being tested: D#4
Chord: E7 Tones:[E, F#, G#, B, C#, D] Note being tested: A#4
Chord: E7 Tones:[E, F#, G#, B, C#, D] Note being tested: B4
Accepted Note: B4
Chord: E7 Tones:[E, F#, G#, B, C#, D] Note being tested: A#4
Chord: E7 Tones:[E, F#, G#, B, C#, D] Note being tested: G#4
Accepted Note: G#4
Chord: E7 Tones:[E, F#, G#, B, C#, D] Note being tested: G4
Chord: E7 Tones:[E, F#, G#, B, C#, D] Note being tested: F#4
Accepted Note: F#4
Chord: E7 Tones:[E, F#, G#, B, C#, D] Note being tested: F4
Chord: E7 Tones:[E, F#, G#, B, C#, D] Note being tested: E4
Accepted Note: E4
Chord: E7 Tones:[E, F#, G#, B, C#, D] Note being tested: D4
Accepted Note: D4
Chord: E7 Tones:[E, F#, G#, B, C#, D] Note being tested: D#4
Chord: E7 Tones:[E, F#, G#, B, C#, D] Note being tested: A#4
Chord: E7 Tones:[E, F#, G#, B, C#, D] Note being tested: G4
Chord: E7 Tones:[E, F#, G#, B, C#, D] Note being tested: A4
Chord: E7 Tones:[E, F#, G#, B, C#, D] Note being tested: C#5
Accepted Note: C#5
Chord: E7 Tones:[E, F#, G#, B, C#, D] Note being tested: F5
Chord: E7 Tones:[E, F#, G#, B, C#, D] Note being tested: A5
Chord: E7 Tones:[E, F#, G#, B, C#, D] Note being tested: G4
Chord: E7 Tones:[E, F#, G#, B, C#, D] Note being tested: A4
Chord: E7 Tones:[E, F#, G#, B, C#, D] Note being tested: C#5
Accepted Note: C#5
Chord: E7 Tones:[E, F#, G#, B, C#, D] Note being tested: F5
Chord: E7 Tones:[E, F#, G#, B, C#, D] Note being tested: A5
Chord: E7 Tones:[E, F#, G#, B, C#, D] Note being tested: G4
Chord: E7 Tones:[E, F#, G#, B, C#, D] Note being tested: A4
Chord: E7 Tones:[E, F#, G#, B, C#, D] Note being tested: C#5
Accepted Note: C#5
Chord: E7 Tones:[E, F#, G#, B, C#, D] Note being tested: F5
Chord: E7 Tones:[E, F#, G#, B, C#, D] Note being tested: A5
Chord: E7 Tones:[E, F#, G#, B, C#, D] Note being tested: G4
Chord: E7 Tones:[E, F#, G#, B, C#, D] Note being tested: A4
Chord: E7 Tones:[E, F#, G#, B, C#, D] Note being tested: C#5
Accepted Note: C#5
Chord: E7 Tones:[E, F#, G#, B, C#, D] Note being tested: F5
Chord: E7 Tones:[E, F#, G#, B, C#, D] Note being tested: A5
Chord: E7 Tones:[E, F#, G#, B, C#, D] Note being tested: B4
Accepted Note: B4
Chord: E7 Tones:[E, F#, G#, B, C#, D] Note being tested: A#4
Chord: E7 Tones:[E, F#, G#, B, C#, D] Note being tested: G#4
Accepted Note: G#4
Chord: E7 Tones:[E, F#, G#, B, C#, D] Note being tested: G4
Chord: E7 Tones:[E, F#, G#, B, C#, D] Note being tested: F#4
Accepted Note: F#4
Chord: E7 Tones:[E, F#, G#, B, C#, D] Note being tested: F4
Chord: E7 Tones:[E, F#, G#, B, C#, D] Note being tested: E4
Accepted Note: E4
Chord: E7 Tones:[E, F#, G#, B, C#, D] Note being tested: D4
Accepted Note: D4
Chord: E7 Tones:[E, F#, G#, B, C#, D] Note being tested: D#4
Chord: E7 Tones:[E, F#, G#, B, C#, D] Note being tested: A#4
Chord: E7 Tones:[E, F#, G#, B, C#, D] Note being tested: F5
Chord: E7 Tones:[E, F#, G#, B, C#, D] Note being tested: B4
Accepted Note: B4
Chord: E7 Tones:[E, F#, G#, B, C#, D] Note being tested: A#4
Chord: E7 Tones:[E, F#, G#, B, C#, D] Note being tested: G#4
Accepted Note: G#4
Chord: E7 Tones:[E, F#, G#, B, C#, D] Note being tested: G4
Chord: E7 Tones:[E, F#, G#, B, C#, D] Note being tested: F#4
Accepted Note: F#4
Chord: E7 Tones:[E, F#, G#, B, C#, D] Note being tested: F4
Chord: E7 Tones:[E, F#, G#, B, C#, D] Note being tested: E4
Accepted Note: E4
Chord: E7 Tones:[E, F#, G#, B, C#, D] Note being tested: D4
Accepted Note: D4
Chord: E7 Tones:[E, F#, G#, B, C#, D] Note being tested: D#4
Chord: E7 Tones:[E, F#, G#, B, C#, D] Note being tested: A#4
Chord: E7 Tones:[E, F#, G#, B, C#, D] Note being tested: E4
Accepted Note: E4
Chord: E7 Tones:[E, F#, G#, B, C#, D] Note being tested: G4
Chord: E7 Tones:[E, F#, G#, B, C#, D] Note being tested: G#4
Accepted Note: G#4
Chord: E7 Tones:[E, F#, G#, B, C#, D] Note being tested: B4
Accepted Note: B4
Chord: E7 Tones:[E, F#, G#, B, C#, D] Note being tested: D5
Accepted Note: D5
Chord: E7 Tones:[E, F#, G#, B, C#, D] Note being tested: F5
Chord: E7 Tones:[E, F#, G#, B, C#, D] Note being tested: G#5
Accepted Note: G#5
Chord: E7 Tones:[E, F#, G#, B, C#, D] Note being tested: E5
Accepted Note: E5
Chord: E7 Tones:[E, F#, G#, B, C#, D] Note being tested: G5
Chord: E7 Tones:[E, F#, G#, B, C#, D] Note being tested: C#5
Accepted Note: C#5
Chord: E7 Tones:[E, F#, G#, B, C#, D] Note being tested: F#4
Accepted Note: F#4
Chord: E7 Tones:[E, F#, G#, B, C#, D] Note being tested: D#5
Chord: E7 Tones:[E, F#, G#, B, C#, D] Note being tested: A4
Chord: E7 Tones:[E, F#, G#, B, C#, D] Note being tested: B4
Accepted Note: B4
Chord: E7 Tones:[E, F#, G#, B, C#, D] Note being tested: A#4
Chord: E7 Tones:[E, F#, G#, B, C#, D] Note being tested: G#4
Accepted Note: G#4
Chord: E7 Tones:[E, F#, G#, B, C#, D] Note being tested: G4
Chord: E7 Tones:[E, F#, G#, B, C#, D] Note being tested: F#4
Accepted Note: F#4
Chord: E7 Tones:[E, F#, G#, B, C#, D] Note being tested: F4
Chord: E7 Tones:[E, F#, G#, B, C#, D] Note being tested: E4
Accepted Note: E4
Chord: E7 Tones:[E, F#, G#, B, C#, D] Note being tested: D4
Accepted Note: D4
Chord: E7 Tones:[E, F#, G#, B, C#, D] Note being tested: D#4
Chord: E7 Tones:[E, F#, G#, B, C#, D] Note being tested: G4
Chord: E7 Tones:[E, F#, G#, B, C#, D] Note being tested: A4
Chord: E7 Tones:[E, F#, G#, B, C#, D] Note being tested: C#5
Accepted Note: C#5
Chord: E7 Tones:[E, F#, G#, B, C#, D] Note being tested: F5
Chord: E7 Tones:[E, F#, G#, B, C#, D] Note being tested: A5
Chord: E7 Tones:[E, F#, G#, B, C#, D] Note being tested: G4
Chord: E7 Tones:[E, F#, G#, B, C#, D] Note being tested: A4
Chord: E7 Tones:[E, F#, G#, B, C#, D] Note being tested: C#5
Accepted Note: C#5
Chord: E7 Tones:[E, F#, G#, B, C#, D] Note being tested: F5
Chord: E7 Tones:[E, F#, G#, B, C#, D] Note being tested: A5
Chord: E7 Tones:[E, F#, G#, B, C#, D] Note being tested: G4
Chord: E7 Tones:[E, F#, G#, B, C#, D] Note being tested: A4
Chord: E7 Tones:[E, F#, G#, B, C#, D] Note being tested: C#5
Accepted Note: C#5
Chord: E7 Tones:[E, F#, G#, B, C#, D] Note being tested: F5
Chord: E7 Tones:[E, F#, G#, B, C#, D] Note being tested: A5
Chord: E7 Tones:[E, F#, G#, B, C#, D] Note being tested: G4
Chord: E7 Tones:[E, F#, G#, B, C#, D] Note being tested: E4
Accepted Note: E4
Chord: E7 Tones:[E, F#, G#, B, C#, D] Note being tested: G4
Chord: E7 Tones:[E, F#, G#, B, C#, D] Note being tested: G#4
Accepted Note: G#4
Chord: E7 Tones:[E, F#, G#, B, C#, D] Note being tested: B4
Accepted Note: B4
Chord: E7 Tones:[E, F#, G#, B, C#, D] Note being tested: D5
Accepted Note: D5
Chord: E7 Tones:[E, F#, G#, B, C#, D] Note being tested: F5
Chord: E7 Tones:[E, F#, G#, B, C#, D] Note being tested: G#5
Accepted Note: G#5
Chord: E7 Tones:[E, F#, G#, B, C#, D] Note being tested: E5
Accepted Note: E5
Chord: E7 Tones:[E, F#, G#, B, C#, D] Note being tested: G5
Chord: E7 Tones:[E, F#, G#, B, C#, D] Note being tested: C#5
Accepted Note: C#5
Chord: E7 Tones:[E, F#, G#, B, C#, D] Note being tested: F#4
Accepted Note: F#4
Chord: E7 Tones:[E, F#, G#, B, C#, D] Note being tested: D#5
Chord: E7 Tones:[E, F#, G#, B, C#, D] Note being tested: A4
Chord: E7 Tones:[E, F#, G#, B, C#, D] Note being tested: G4
Chord: E7 Tones:[E, F#, G#, B, C#, D] Note being tested: A4
Chord: E7 Tones:[E, F#, G#, B, C#, D] Note being tested: C#5
Accepted Note: C#5
Chord: E7 Tones:[E, F#, G#, B, C#, D] Note being tested: F5
Chord: E7 Tones:[E, F#, G#, B, C#, D] Note being tested: A5
Chord: E7 Tones:[E, F#, G#, B, C#, D] Note being tested: G4
Chord: E7 Tones:[E, F#, G#, B, C#, D] Note being tested: A4
Chord: E7 Tones:[E, F#, G#, B, C#, D] Note being tested: C#5
Accepted Note: C#5
Chord: E7 Tones:[E, F#, G#, B, C#, D] Note being tested: F5
Chord: E7 Tones:[E, F#, G#, B, C#, D] Note being tested: A5
Chord: E7 Tones:[E, F#, G#, B, C#, D] Note being tested: G4
Chord: E7 Tones:[E, F#, G#, B, C#, D] Note being tested: A4
Chord: E7 Tones:[E, F#, G#, B, C#, D] Note being tested: C#5
Accepted Note: C#5
Chord: E7 Tones:[E, F#, G#, B, C#, D] Note being tested: F5
Chord: E7 Tones:[E, F#, G#, B, C#, D] Note being tested: A5
Chord: E7 Tones:[E, F#, G#, B, C#, D] Note being tested: A#4
Chord: E7 Tones:[E, F#, G#, B, C#, D] Note being tested: B4
Accepted Note: B4
Chord: E7 Tones:[E, F#, G#, B, C#, D] Note being tested: A#4
Chord: E7 Tones:[E, F#, G#, B, C#, D] Note being tested: G#4
Accepted Note: G#4
Chord: E7 Tones:[E, F#, G#, B, C#, D] Note being tested: G4
Chord: E7 Tones:[E, F#, G#, B, C#, D] Note being tested: F#4
Accepted Note: F#4
Chord: E7 Tones:[E, F#, G#, B, C#, D] Note being tested: F4
Chord: E7 Tones:[E, F#, G#, B, C#, D] Note being tested: E4
Accepted Note: E4
Chord: E7 Tones:[E, F#, G#, B, C#, D] Note being tested: D4
Accepted Note: D4
Chord: E7 Tones:[E, F#, G#, B, C#, D] Note being tested: D#4
Chord: E7 Tones:[E, F#, G#, B, C#, D] Note being tested: G4
Chord: E7 Tones:[E, F#, G#, B, C#, D] Note being tested: A4
Chord: E7 Tones:[E, F#, G#, B, C#, D] Note being tested: C#5
Accepted Note: C#5
Chord: E7 Tones:[E, F#, G#, B, C#, D] Note being tested: F5
Chord: E7 Tones:[E, F#, G#, B, C#, D] Note being tested: A5
Chord: E7 Tones:[E, F#, G#, B, C#, D] Note being tested: G4
Chord: E7 Tones:[E, F#, G#, B, C#, D] Note being tested: A4
Chord: E7 Tones:[E, F#, G#, B, C#, D] Note being tested: C#5
Accepted Note: C#5
Chord: E7 Tones:[E, F#, G#, B, C#, D] Note being tested: F5
Chord: E7 Tones:[E, F#, G#, B, C#, D] Note being tested: A5
Chord: E7 Tones:[E, F#, G#, B, C#, D] Note being tested: G4
Chord: E7 Tones:[E, F#, G#, B, C#, D] Note being tested: A4
Chord: E7 Tones:[E, F#, G#, B, C#, D] Note being tested: C#5
Accepted Note: C#5
Chord: E7 Tones:[E, F#, G#, B, C#, D] Note being tested: F5
Chord: E7 Tones:[E, F#, G#, B, C#, D] Note being tested: A5
Chord: E7 Tones:[E, F#, G#, B, C#, D] Note being tested: G4
Chord: E7 Tones:[E, F#, G#, B, C#, D] Note being tested: A4
Chord: E7 Tones:[E, F#, G#, B, C#, D] Note being tested: C#5
Accepted Note: C#5
Chord: E7 Tones:[E, F#, G#, B, C#, D] Note being tested: F5
Chord: E7 Tones:[E, F#, G#, B, C#, D] Note being tested: A5
Chord: E7 Tones:[E, F#, G#, B, C#, D] Note being tested: G4
Chord: E7 Tones:[E, F#, G#, B, C#, D] Note being tested: A4
Chord: E7 Tones:[E, F#, G#, B, C#, D] Note being tested: C#5
Accepted Note: C#5
Chord: E7 Tones:[E, F#, G#, B, C#, D] Note being tested: F5
Chord: E7 Tones:[E, F#, G#, B, C#, D] Note being tested: A5
Chord: E7 Tones:[E, F#, G#, B, C#, D] Note being tested: G4
Chord: E7 Tones:[E, F#, G#, B, C#, D] Note being tested: A4
Chord: E7 Tones:[E, F#, G#, B, C#, D] Note being tested: C#5
Accepted Note: C#5
Chord: E7 Tones:[E, F#, G#, B, C#, D] Note being tested: F5
Chord: E7 Tones:[E, F#, G#, B, C#, D] Note being tested: A5
Chord: E7 Tones:[E, F#, G#, B, C#, D] Note being tested: A#4
Chord: E7 Tones:[E, F#, G#, B, C#, D] Note being tested: G4
Chord: E7 Tones:[E, F#, G#, B, C#, D] Note being tested: A4
Chord: E7 Tones:[E, F#, G#, B, C#, D] Note being tested: C#5
Accepted Note: C#5
Chord: E7 Tones:[E, F#, G#, B, C#, D] Note being tested: F5
Chord: E7 Tones:[E, F#, G#, B, C#, D] Note being tested: A5
Chord: E7 Tones:[E, F#, G#, B, C#, D] Note being tested: G4
Chord: E7 Tones:[E, F#, G#, B, C#, D] Note being tested: A4
Chord: E7 Tones:[E, F#, G#, B, C#, D] Note being tested: C#5
Accepted Note: C#5
Chord: E7 Tones:[E, F#, G#, B, C#, D] Note being tested: F5
Chord: E7 Tones:[E, F#, G#, B, C#, D] Note being tested: A5
Chord: E7 Tones:[E, F#, G#, B, C#, D] Note being tested: G4
Chord: E7 Tones:[E, F#, G#, B, C#, D] Note being tested: A4
Chord: E7 Tones:[E, F#, G#, B, C#, D] Note being tested: C#5
Accepted Note: C#5
Chord: E7 Tones:[E, F#, G#, B, C#, D] Note being tested: F5
Chord: E7 Tones:[E, F#, G#, B, C#, D] Note being tested: A5
Chord: E7 Tones:[E, F#, G#, B, C#, D] Note being tested: B4
Accepted Note: B4
Chord: E7 Tones:[E, F#, G#, B, C#, D] Note being tested: A#4
Chord: E7 Tones:[E, F#, G#, B, C#, D] Note being tested: G#4
Accepted Note: G#4
Chord: E7 Tones:[E, F#, G#, B, C#, D] Note being tested: G4
Chord: E7 Tones:[E, F#, G#, B, C#, D] Note being tested: F#4
Accepted Note: F#4
Chord: E7 Tones:[E, F#, G#, B, C#, D] Note being tested: F4
Chord: E7 Tones:[E, F#, G#, B, C#, D] Note being tested: E4
Accepted Note: E4
Chord: E7 Tones:[E, F#, G#, B, C#, D] Note being tested: D4
Accepted Note: D4
Chord: E7 Tones:[E, F#, G#, B, C#, D] Note being tested: D#4
Chord: E7 Tones:[E, F#, G#, B, C#, D] Note being tested: A#4
Chord: E7 Tones:[E, F#, G#, B, C#, D] Note being tested: B4
Accepted Note: B4
Chord: E7 Tones:[E, F#, G#, B, C#, D] Note being tested: A#4
Chord: E7 Tones:[E, F#, G#, B, C#, D] Note being tested: G#4
Accepted Note: G#4
Chord: E7 Tones:[E, F#, G#, B, C#, D] Note being tested: G4
Chord: E7 Tones:[E, F#, G#, B, C#, D] Note being tested: F#4
Accepted Note: F#4
Chord: E7 Tones:[E, F#, G#, B, C#, D] Note being tested: F4
Chord: E7 Tones:[E, F#, G#, B, C#, D] Note being tested: E4
Accepted Note: E4
Chord: E7 Tones:[E, F#, G#, B, C#, D] Note being tested: D4
Accepted Note: D4
Chord: E7 Tones:[E, F#, G#, B, C#, D] Note being tested: D#4
Chord: E7 Tones:[E, F#, G#, B, C#, D] Note being tested: A#4
Chord: E7 Tones:[E, F#, G#, B, C#, D] Note being tested: B4
Accepted Note: B4
Chord: E7 Tones:[E, F#, G#, B, C#, D] Note being tested: A#4
Chord: E7 Tones:[E, F#, G#, B, C#, D] Note being tested: G#4
Accepted Note: G#4
Chord: E7 Tones:[E, F#, G#, B, C#, D] Note being tested: G4
Chord: E7 Tones:[E, F#, G#, B, C#, D] Note being tested: F#4
Accepted Note: F#4
Chord: E7 Tones:[E, F#, G#, B, C#, D] Note being tested: F4
Chord: E7 Tones:[E, F#, G#, B, C#, D] Note being tested: E4
Accepted Note: E4
Chord: E7 Tones:[E, F#, G#, B, C#, D] Note being tested: D4
Accepted Note: D4
Chord: E7 Tones:[E, F#, G#, B, C#, D] Note being tested: D#4
Chord: E7 Tones:[E, F#, G#, B, C#, D] Note being tested: B4
Accepted Note: B4
Chord: E7 Tones:[E, F#, G#, B, C#, D] Note being tested: A#4
Chord: E7 Tones:[E, F#, G#, B, C#, D] Note being tested: G#4
Accepted Note: G#4
Chord: E7 Tones:[E, F#, G#, B, C#, D] Note being tested: G4
Chord: E7 Tones:[E, F#, G#, B, C#, D] Note being tested: F#4
Accepted Note: F#4
Chord: E7 Tones:[E, F#, G#, B, C#, D] Note being tested: F4
Chord: E7 Tones:[E, F#, G#, B, C#, D] Note being tested: E4
Accepted Note: E4
Chord: E7 Tones:[E, F#, G#, B, C#, D] Note being tested: D4
Accepted Note: D4
Chord: E7 Tones:[E, F#, G#, B, C#, D] Note being tested: D#4
Chord: E7 Tones:[E, F#, G#, B, C#, D] Note being tested: B4
Accepted Note: B4
Chord: E7 Tones:[E, F#, G#, B, C#, D] Note being tested: A#4
Chord: E7 Tones:[E, F#, G#, B, C#, D] Note being tested: G#4
Accepted Note: G#4
Chord: E7 Tones:[E, F#, G#, B, C#, D] Note being tested: G4
Chord: E7 Tones:[E, F#, G#, B, C#, D] Note being tested: F#4
Accepted Note: F#4
Chord: E7 Tones:[E, F#, G#, B, C#, D] Note being tested: F4
Chord: E7 Tones:[E, F#, G#, B, C#, D] Note being tested: E4
Accepted Note: E4
Chord: E7 Tones:[E, F#, G#, B, C#, D] Note being tested: D4
Accepted Note: D4
Chord: E7 Tones:[E, F#, G#, B, C#, D] Note being tested: D#4
Chord: E7 Tones:[E, F#, G#, B, C#, D] Note being tested: G4
Chord: E7 Tones:[E, F#, G#, B, C#, D] Note being tested: B4
Accepted Note: B4
Chord: E7 Tones:[E, F#, G#, B, C#, D] Note being tested: A#4
Chord: E7 Tones:[E, F#, G#, B, C#, D] Note being tested: G#4
Accepted Note: G#4
Chord: E7 Tones:[E, F#, G#, B, C#, D] Note being tested: G4
Chord: E7 Tones:[E, F#, G#, B, C#, D] Note being tested: F#4
Accepted Note: F#4
Chord: E7 Tones:[E, F#, G#, B, C#, D] Note being tested: F4
Chord: E7 Tones:[E, F#, G#, B, C#, D] Note being tested: E4
Accepted Note: E4
Chord: E7 Tones:[E, F#, G#, B, C#, D] Note being tested: D4
Accepted Note: D4
Chord: E7 Tones:[E, F#, G#, B, C#, D] Note being tested: D#4
Chord: A7 Tones:[A, B, C#, E, F#, G] Note being tested: A#4
Chord: A7 Tones:[A, B, C#, E, F#, G] Note being tested: E4
Accepted Note: E4
Chord: A7 Tones:[A, B, C#, E, F#, G] Note being tested: G4
Accepted Note: G4
Chord: A7 Tones:[A, B, C#, E, F#, G] Note being tested: G#4
Chord: A7 Tones:[A, B, C#, E, F#, G] Note being tested: B4
Accepted Note: B4
Chord: A7 Tones:[A, B, C#, E, F#, G] Note being tested: D5
Chord: A7 Tones:[A, B, C#, E, F#, G] Note being tested: F5
Chord: A7 Tones:[A, B, C#, E, F#, G] Note being tested: G#5
Chord: A7 Tones:[A, B, C#, E, F#, G] Note being tested: E5
Accepted Note: E5
Chord: A7 Tones:[A, B, C#, E, F#, G] Note being tested: G5
Accepted Note: G5
Chord: A7 Tones:[A, B, C#, E, F#, G] Note being tested: C#5
Accepted Note: C#5
Chord: A7 Tones:[A, B, C#, E, F#, G] Note being tested: F#4
Accepted Note: F#4
Chord: A7 Tones:[A, B, C#, E, F#, G] Note being tested: D#5
Chord: A7 Tones:[A, B, C#, E, F#, G] Note being tested: A4
Accepted Note: A4
Chord: A7 Tones:[A, B, C#, E, F#, G] Note being tested: G4
Accepted Note: G4
Chord: A7 Tones:[A, B, C#, E, F#, G] Note being tested: A4
Accepted Note: A4
Chord: A7 Tones:[A, B, C#, E, F#, G] Note being tested: C#5
Accepted Note: C#5
Chord: A7 Tones:[A, B, C#, E, F#, G] Note being tested: F5
Chord: A7 Tones:[A, B, C#, E, F#, G] Note being tested: A5
Accepted Note: A5
Chord: A7 Tones:[A, B, C#, E, F#, G] Note being tested: E5
Accepted Note: E5
Chord: A7 Tones:[A, B, C#, E, F#, G] Note being tested: B4
Accepted Note: B4
Chord: A7 Tones:[A, B, C#, E, F#, G] Note being tested: A#4
Chord: A7 Tones:[A, B, C#, E, F#, G] Note being tested: G#4
Chord: A7 Tones:[A, B, C#, E, F#, G] Note being tested: G4
Accepted Note: G4
Chord: A7 Tones:[A, B, C#, E, F#, G] Note being tested: F#4
Accepted Note: F#4
Chord: A7 Tones:[A, B, C#, E, F#, G] Note being tested: F4
Chord: A7 Tones:[A, B, C#, E, F#, G] Note being tested: E4
Accepted Note: E4
Chord: A7 Tones:[A, B, C#, E, F#, G] Note being tested: D4
Chord: A7 Tones:[A, B, C#, E, F#, G] Note being tested: D#4
Chord: A7 Tones:[A, B, C#, E, F#, G] Note being tested: A#4
Chord: A7 Tones:[A, B, C#, E, F#, G] Note being tested: A4
Accepted Note: A4
Chord: A7 Tones:[A, B, C#, E, F#, G] Note being tested: C#5
Accepted Note: C#5
Chord: A7 Tones:[A, B, C#, E, F#, G] Note being tested: B4
Accepted Note: B4
Chord: A7 Tones:[A, B, C#, E, F#, G] Note being tested: A#4
Chord: A7 Tones:[A, B, C#, E, F#, G] Note being tested: G#4
Chord: A7 Tones:[A, B, C#, E, F#, G] Note being tested: G4
Accepted Note: G4
Chord: A7 Tones:[A, B, C#, E, F#, G] Note being tested: F#4
Accepted Note: F#4
Chord: A7 Tones:[A, B, C#, E, F#, G] Note being tested: F4
Chord: A7 Tones:[A, B, C#, E, F#, G] Note being tested: E4
Accepted Note: E4
Chord: A7 Tones:[A, B, C#, E, F#, G] Note being tested: D4
Chord: A7 Tones:[A, B, C#, E, F#, G] Note being tested: D#4
Chord: A7 Tones:[A, B, C#, E, F#, G] Note being tested: C#5
Accepted Note: C#5
Chord: A7 Tones:[A, B, C#, E, F#, G] Note being tested: F5
Chord: A7 Tones:[A, B, C#, E, F#, G] Note being tested: G4
Accepted Note: G4
Chord: A7 Tones:[A, B, C#, E, F#, G] Note being tested: A4
Accepted Note: A4
Chord: A7 Tones:[A, B, C#, E, F#, G] Note being tested: C#5
Accepted Note: C#5
Chord: A7 Tones:[A, B, C#, E, F#, G] Note being tested: F5
Chord: A7 Tones:[A, B, C#, E, F#, G] Note being tested: A5
Accepted Note: A5
Chord: A7 Tones:[A, B, C#, E, F#, G] Note being tested: A4
Accepted Note: A4
Chord: A7 Tones:[A, B, C#, E, F#, G] Note being tested: B4
Accepted Note: B4
Chord: A7 Tones:[A, B, C#, E, F#, G] Note being tested: D#5
Chord: E7 Tones:[E, F#, G#, B, C#, D] Note being tested: C#5
Accepted Note: C#5
Chord: E7 Tones:[E, F#, G#, B, C#, D] Note being tested: A#4
Chord: E7 Tones:[E, F#, G#, B, C#, D] Note being tested: B4
Accepted Note: B4
Chord: E7 Tones:[E, F#, G#, B, C#, D] Note being tested: A#4
Chord: E7 Tones:[E, F#, G#, B, C#, D] Note being tested: G#4
Accepted Note: G#4
Chord: E7 Tones:[E, F#, G#, B, C#, D] Note being tested: G4
Chord: E7 Tones:[E, F#, G#, B, C#, D] Note being tested: F#4
Accepted Note: F#4
Chord: E7 Tones:[E, F#, G#, B, C#, D] Note being tested: F4
Chord: E7 Tones:[E, F#, G#, B, C#, D] Note being tested: E4
Accepted Note: E4
Chord: E7 Tones:[E, F#, G#, B, C#, D] Note being tested: D4
Accepted Note: D4
Chord: E7 Tones:[E, F#, G#, B, C#, D] Note being tested: D#4
Chord: E7 Tones:[E, F#, G#, B, C#, D] Note being tested: F5
Chord: E7 Tones:[E, F#, G#, B, C#, D] Note being tested: A#4
Chord: E7 Tones:[E, F#, G#, B, C#, D] Note being tested: D5
Accepted Note: D5
Chord: E7 Tones:[E, F#, G#, B, C#, D] Note being tested: G4
Chord: E7 Tones:[E, F#, G#, B, C#, D] Note being tested: A4
Chord: E7 Tones:[E, F#, G#, B, C#, D] Note being tested: C#5
Accepted Note: C#5
Chord: E7 Tones:[E, F#, G#, B, C#, D] Note being tested: F5
Chord: E7 Tones:[E, F#, G#, B, C#, D] Note being tested: A5
Chord: E7 Tones:[E, F#, G#, B, C#, D] Note being tested: G4
Chord: E7 Tones:[E, F#, G#, B, C#, D] Note being tested: A4
Chord: E7 Tones:[E, F#, G#, B, C#, D] Note being tested: C#5
Accepted Note: C#5
Chord: E7 Tones:[E, F#, G#, B, C#, D] Note being tested: F5
Chord: E7 Tones:[E, F#, G#, B, C#, D] Note being tested: A5
Chord: E7 Tones:[E, F#, G#, B, C#, D] Note being tested: G4
Chord: E7 Tones:[E, F#, G#, B, C#, D] Note being tested: A4
Chord: E7 Tones:[E, F#, G#, B, C#, D] Note being tested: C#5
Accepted Note: C#5
Chord: E7 Tones:[E, F#, G#, B, C#, D] Note being tested: F5
Chord: E7 Tones:[E, F#, G#, B, C#, D] Note being tested: A5
Chord: E7 Tones:[E, F#, G#, B, C#, D] Note being tested: G4
Chord: E7 Tones:[E, F#, G#, B, C#, D] Note being tested: A4
Chord: E7 Tones:[E, F#, G#, B, C#, D] Note being tested: C#5
Accepted Note: C#5
Chord: E7 Tones:[E, F#, G#, B, C#, D] Note being tested: F5
Chord: E7 Tones:[E, F#, G#, B, C#, D] Note being tested: A5
Chord: E7 Tones:[E, F#, G#, B, C#, D] Note being tested: G4
Chord: E7 Tones:[E, F#, G#, B, C#, D] Note being tested: A4
Chord: E7 Tones:[E, F#, G#, B, C#, D] Note being tested: C#5
Accepted Note: C#5
Chord: E7 Tones:[E, F#, G#, B, C#, D] Note being tested: F5
Chord: E7 Tones:[E, F#, G#, B, C#, D] Note being tested: A5
Chord: E7 Tones:[E, F#, G#, B, C#, D] Note being tested: G4
Chord: E7 Tones:[E, F#, G#, B, C#, D] Note being tested: A4
Chord: E7 Tones:[E, F#, G#, B, C#, D] Note being tested: C#5
Accepted Note: C#5
Chord: E7 Tones:[E, F#, G#, B, C#, D] Note being tested: F5
Chord: E7 Tones:[E, F#, G#, B, C#, D] Note being tested: A5
Chord: E7 Tones:[E, F#, G#, B, C#, D] Note being tested: G4
Chord: E7 Tones:[E, F#, G#, B, C#, D] Note being tested: A4
Chord: E7 Tones:[E, F#, G#, B, C#, D] Note being tested: C#5
Accepted Note: C#5
Chord: E7 Tones:[E, F#, G#, B, C#, D] Note being tested: F5
Chord: E7 Tones:[E, F#, G#, B, C#, D] Note being tested: A5
Chord: E7 Tones:[E, F#, G#, B, C#, D] Note being tested: G4
Chord: E7 Tones:[E, F#, G#, B, C#, D] Note being tested: A4
Chord: E7 Tones:[E, F#, G#, B, C#, D] Note being tested: C#5
Accepted Note: C#5
Chord: E7 Tones:[E, F#, G#, B, C#, D] Note being tested: F5
Chord: E7 Tones:[E, F#, G#, B, C#, D] Note being tested: A5
Chord: E7 Tones:[E, F#, G#, B, C#, D] Note being tested: G4
Chord: E7 Tones:[E, F#, G#, B, C#, D] Note being tested: A4
Chord: E7 Tones:[E, F#, G#, B, C#, D] Note being tested: C#5
Accepted Note: C#5
Chord: E7 Tones:[E, F#, G#, B, C#, D] Note being tested: F5
Chord: E7 Tones:[E, F#, G#, B, C#, D] Note being tested: A5
Chord: E7 Tones:[E, F#, G#, B, C#, D] Note being tested: B4
Accepted Note: B4
Chord: E7 Tones:[E, F#, G#, B, C#, D] Note being tested: A#4
Chord: E7 Tones:[E, F#, G#, B, C#, D] Note being tested: G#4
Accepted Note: G#4
Chord: E7 Tones:[E, F#, G#, B, C#, D] Note being tested: G4
Chord: E7 Tones:[E, F#, G#, B, C#, D] Note being tested: F#4
Accepted Note: F#4
Chord: E7 Tones:[E, F#, G#, B, C#, D] Note being tested: F4
Chord: E7 Tones:[E, F#, G#, B, C#, D] Note being tested: E4
Accepted Note: E4
Chord: E7 Tones:[E, F#, G#, B, C#, D] Note being tested: D4
Accepted Note: D4
Chord: E7 Tones:[E, F#, G#, B, C#, D] Note being tested: D#4
Chord: E7 Tones:[E, F#, G#, B, C#, D] Note being tested: A#4
Chord: E7 Tones:[E, F#, G#, B, C#, D] Note being tested: B4
Accepted Note: B4
Chord: E7 Tones:[E, F#, G#, B, C#, D] Note being tested: A#4
Chord: E7 Tones:[E, F#, G#, B, C#, D] Note being tested: G#4
Accepted Note: G#4
Chord: E7 Tones:[E, F#, G#, B, C#, D] Note being tested: G4
Chord: E7 Tones:[E, F#, G#, B, C#, D] Note being tested: F#4
Accepted Note: F#4
Chord: E7 Tones:[E, F#, G#, B, C#, D] Note being tested: F4
Chord: E7 Tones:[E, F#, G#, B, C#, D] Note being tested: E4
Accepted Note: E4
Chord: E7 Tones:[E, F#, G#, B, C#, D] Note being tested: D4
Accepted Note: D4
Chord: E7 Tones:[E, F#, G#, B, C#, D] Note being tested: D#4
Chord: E7 Tones:[E, F#, G#, B, C#, D] Note being tested: B4
Accepted Note: B4
Chord: E7 Tones:[E, F#, G#, B, C#, D] Note being tested: A#4
Chord: E7 Tones:[E, F#, G#, B, C#, D] Note being tested: G4
Chord: E7 Tones:[E, F#, G#, B, C#, D] Note being tested: A4
Chord: E7 Tones:[E, F#, G#, B, C#, D] Note being tested: C#5
Accepted Note: C#5
Chord: E7 Tones:[E, F#, G#, B, C#, D] Note being tested: F5
Chord: E7 Tones:[E, F#, G#, B, C#, D] Note being tested: A5
Chord: E7 Tones:[E, F#, G#, B, C#, D] Note being tested: G4
Chord: E7 Tones:[E, F#, G#, B, C#, D] Note being tested: A4
Chord: E7 Tones:[E, F#, G#, B, C#, D] Note being tested: C#5
Accepted Note: C#5
Chord: E7 Tones:[E, F#, G#, B, C#, D] Note being tested: F5
Chord: E7 Tones:[E, F#, G#, B, C#, D] Note being tested: A5
Chord: E7 Tones:[E, F#, G#, B, C#, D] Note being tested: G4
Chord: E7 Tones:[E, F#, G#, B, C#, D] Note being tested: A4
Chord: E7 Tones:[E, F#, G#, B, C#, D] Note being tested: C#5
Accepted Note: C#5
Chord: E7 Tones:[E, F#, G#, B, C#, D] Note being tested: F5
Chord: E7 Tones:[E, F#, G#, B, C#, D] Note being tested: A5
Chord: E7 Tones:[E, F#, G#, B, C#, D] Note being tested: B4
Accepted Note: B4
Chord: E7 Tones:[E, F#, G#, B, C#, D] Note being tested: A#4
Chord: E7 Tones:[E, F#, G#, B, C#, D] Note being tested: G#4
Accepted Note: G#4
Chord: E7 Tones:[E, F#, G#, B, C#, D] Note being tested: G4
Chord: E7 Tones:[E, F#, G#, B, C#, D] Note being tested: F#4
Accepted Note: F#4
Chord: E7 Tones:[E, F#, G#, B, C#, D] Note being tested: F4
Chord: E7 Tones:[E, F#, G#, B, C#, D] Note being tested: E4
Accepted Note: E4
Chord: E7 Tones:[E, F#, G#, B, C#, D] Note being tested: D4
Accepted Note: D4
Chord: E7 Tones:[E, F#, G#, B, C#, D] Note being tested: D#4
Chord: E7 Tones:[E, F#, G#, B, C#, D] Note being tested: A#4
Chord: E7 Tones:[E, F#, G#, B, C#, D] Note being tested: B4
Accepted Note: B4
Chord: E7 Tones:[E, F#, G#, B, C#, D] Note being tested: A#4
Chord: E7 Tones:[E, F#, G#, B, C#, D] Note being tested: G#4
Accepted Note: G#4
Chord: E7 Tones:[E, F#, G#, B, C#, D] Note being tested: G4
Chord: E7 Tones:[E, F#, G#, B, C#, D] Note being tested: F#4
Accepted Note: F#4
Chord: E7 Tones:[E, F#, G#, B, C#, D] Note being tested: F4
Chord: E7 Tones:[E, F#, G#, B, C#, D] Note being tested: E4
Accepted Note: E4
Chord: E7 Tones:[E, F#, G#, B, C#, D] Note being tested: D4
Accepted Note: D4
Chord: E7 Tones:[E, F#, G#, B, C#, D] Note being tested: D#4
Chord: E7 Tones:[E, F#, G#, B, C#, D] Note being tested: G4
Chord: E7 Tones:[E, F#, G#, B, C#, D] Note being tested: A4
Chord: E7 Tones:[E, F#, G#, B, C#, D] Note being tested: C#5
Accepted Note: C#5
Chord: E7 Tones:[E, F#, G#, B, C#, D] Note being tested: F5
Chord: E7 Tones:[E, F#, G#, B, C#, D] Note being tested: A5
Chord: E7 Tones:[E, F#, G#, B, C#, D] Note being tested: G4
Chord: E7 Tones:[E, F#, G#, B, C#, D] Note being tested: A4
Chord: E7 Tones:[E, F#, G#, B, C#, D] Note being tested: C#5
Accepted Note: C#5
Chord: E7 Tones:[E, F#, G#, B, C#, D] Note being tested: F5
Chord: E7 Tones:[E, F#, G#, B, C#, D] Note being tested: A5
Chord: E7 Tones:[E, F#, G#, B, C#, D] Note being tested: G4
Chord: E7 Tones:[E, F#, G#, B, C#, D] Note being tested: A4
Chord: E7 Tones:[E, F#, G#, B, C#, D] Note being tested: C#5
Accepted Note: C#5
Chord: E7 Tones:[E, F#, G#, B, C#, D] Note being tested: F5
Chord: E7 Tones:[E, F#, G#, B, C#, D] Note being tested: A5
Chord: E7 Tones:[E, F#, G#, B, C#, D] Note being tested: A#4
Chord: E7 Tones:[E, F#, G#, B, C#, D] Note being tested: B4
Accepted Note: B4
Chord: E7 Tones:[E, F#, G#, B, C#, D] Note being tested: A#4
Chord: E7 Tones:[E, F#, G#, B, C#, D] Note being tested: G#4
Accepted Note: G#4
Chord: E7 Tones:[E, F#, G#, B, C#, D] Note being tested: G4
Chord: E7 Tones:[E, F#, G#, B, C#, D] Note being tested: F#4
Accepted Note: F#4
Chord: E7 Tones:[E, F#, G#, B, C#, D] Note being tested: F4
Chord: E7 Tones:[E, F#, G#, B, C#, D] Note being tested: E4
Accepted Note: E4
Chord: E7 Tones:[E, F#, G#, B, C#, D] Note being tested: D4
Accepted Note: D4
Chord: E7 Tones:[E, F#, G#, B, C#, D] Note being tested: D#4
Chord: E7 Tones:[E, F#, G#, B, C#, D] Note being tested: G4
Chord: E7 Tones:[E, F#, G#, B, C#, D] Note being tested: A4
Chord: E7 Tones:[E, F#, G#, B, C#, D] Note being tested: C#5
Accepted Note: C#5
Chord: E7 Tones:[E, F#, G#, B, C#, D] Note being tested: F5
Chord: E7 Tones:[E, F#, G#, B, C#, D] Note being tested: A5
Chord: E7 Tones:[E, F#, G#, B, C#, D] Note being tested: G4
Chord: E7 Tones:[E, F#, G#, B, C#, D] Note being tested: A4
Chord: E7 Tones:[E, F#, G#, B, C#, D] Note being tested: C#5
Accepted Note: C#5
Chord: E7 Tones:[E, F#, G#, B, C#, D] Note being tested: F5
Chord: E7 Tones:[E, F#, G#, B, C#, D] Note being tested: A5
Chord: E7 Tones:[E, F#, G#, B, C#, D] Note being tested: G4
Chord: E7 Tones:[E, F#, G#, B, C#, D] Note being tested: A4
Chord: E7 Tones:[E, F#, G#, B, C#, D] Note being tested: C#5
Accepted Note: C#5
Chord: E7 Tones:[E, F#, G#, B, C#, D] Note being tested: F5
Chord: E7 Tones:[E, F#, G#, B, C#, D] Note being tested: A5
Chord: E7 Tones:[E, F#, G#, B, C#, D] Note being tested: G4
Chord: E7 Tones:[E, F#, G#, B, C#, D] Note being tested: A4
Chord: E7 Tones:[E, F#, G#, B, C#, D] Note being tested: C#5
Accepted Note: C#5
Chord: E7 Tones:[E, F#, G#, B, C#, D] Note being tested: F5
Chord: E7 Tones:[E, F#, G#, B, C#, D] Note being tested: A5
Chord: E7 Tones:[E, F#, G#, B, C#, D] Note being tested: G4
Chord: E7 Tones:[E, F#, G#, B, C#, D] Note being tested: A4
Chord: E7 Tones:[E, F#, G#, B, C#, D] Note being tested: C#5
Accepted Note: C#5
Chord: E7 Tones:[E, F#, G#, B, C#, D] Note being tested: F5
Chord: E7 Tones:[E, F#, G#, B, C#, D] Note being tested: A5
Chord: E7 Tones:[E, F#, G#, B, C#, D] Note being tested: G4
Chord: E7 Tones:[E, F#, G#, B, C#, D] Note being tested: A4
Chord: E7 Tones:[E, F#, G#, B, C#, D] Note being tested: C#5
Accepted Note: C#5
Chord: E7 Tones:[E, F#, G#, B, C#, D] Note being tested: F5
Chord: E7 Tones:[E, F#, G#, B, C#, D] Note being tested: A5
Chord: E7 Tones:[E, F#, G#, B, C#, D] Note being tested: A#4
Chord: E7 Tones:[E, F#, G#, B, C#, D] Note being tested: B4
Accepted Note: B4
Chord: E7 Tones:[E, F#, G#, B, C#, D] Note being tested: A#4
Chord: E7 Tones:[E, F#, G#, B, C#, D] Note being tested: G#4
Accepted Note: G#4
Chord: E7 Tones:[E, F#, G#, B, C#, D] Note being tested: G4
Chord: E7 Tones:[E, F#, G#, B, C#, D] Note being tested: F#4
Accepted Note: F#4
Chord: E7 Tones:[E, F#, G#, B, C#, D] Note being tested: F4
Chord: E7 Tones:[E, F#, G#, B, C#, D] Note being tested: E4
Accepted Note: E4
Chord: E7 Tones:[E, F#, G#, B, C#, D] Note being tested: D4
Accepted Note: D4
Chord: E7 Tones:[E, F#, G#, B, C#, D] Note being tested: D#4
Chord: E7 Tones:[E, F#, G#, B, C#, D] Note being tested: F5
Chord: E7 Tones:[E, F#, G#, B, C#, D] Note being tested: B4
Accepted Note: B4
Chord: E7 Tones:[E, F#, G#, B, C#, D] Note being tested: A#4
Chord: E7 Tones:[E, F#, G#, B, C#, D] Note being tested: B4
Accepted Note: B4
Chord: E7 Tones:[E, F#, G#, B, C#, D] Note being tested: A#4
Chord: E7 Tones:[E, F#, G#, B, C#, D] Note being tested: G#4
Accepted Note: G#4
Chord: E7 Tones:[E, F#, G#, B, C#, D] Note being tested: G4
Chord: E7 Tones:[E, F#, G#, B, C#, D] Note being tested: F#4
Accepted Note: F#4
Chord: E7 Tones:[E, F#, G#, B, C#, D] Note being tested: F4
Chord: E7 Tones:[E, F#, G#, B, C#, D] Note being tested: E4
Accepted Note: E4
Chord: E7 Tones:[E, F#, G#, B, C#, D] Note being tested: D4
Accepted Note: D4
Chord: E7 Tones:[E, F#, G#, B, C#, D] Note being tested: D#4
Chord: E7 Tones:[E, F#, G#, B, C#, D] Note being tested: F#4
Accepted Note: F#4
Chord: E7 Tones:[E, F#, G#, B, C#, D] Note being tested: G4
Chord: E7 Tones:[E, F#, G#, B, C#, D] Note being tested: A4
Chord: E7 Tones:[E, F#, G#, B, C#, D] Note being tested: C#5
Accepted Note: C#5
Chord: E7 Tones:[E, F#, G#, B, C#, D] Note being tested: F5
Chord: E7 Tones:[E, F#, G#, B, C#, D] Note being tested: A5
Chord: E7 Tones:[E, F#, G#, B, C#, D] Note being tested: G4
Chord: E7 Tones:[E, F#, G#, B, C#, D] Note being tested: A4
Chord: E7 Tones:[E, F#, G#, B, C#, D] Note being tested: C#5
Accepted Note: C#5
Chord: E7 Tones:[E, F#, G#, B, C#, D] Note being tested: F5
Chord: E7 Tones:[E, F#, G#, B, C#, D] Note being tested: A5
Chord: E7 Tones:[E, F#, G#, B, C#, D] Note being tested: G4
Chord: E7 Tones:[E, F#, G#, B, C#, D] Note being tested: A4
Chord: E7 Tones:[E, F#, G#, B, C#, D] Note being tested: C#5
Accepted Note: C#5
Chord: E7 Tones:[E, F#, G#, B, C#, D] Note being tested: F5
Chord: E7 Tones:[E, F#, G#, B, C#, D] Note being tested: A5
Chord: E7 Tones:[E, F#, G#, B, C#, D] Note being tested: A#4
Chord: E7 Tones:[E, F#, G#, B, C#, D] Note being tested: B4
Accepted Note: B4
Chord: E7 Tones:[E, F#, G#, B, C#, D] Note being tested: G4
Chord: E7 Tones:[E, F#, G#, B, C#, D] Note being tested: A4
Chord: E7 Tones:[E, F#, G#, B, C#, D] Note being tested: C#5
Accepted Note: C#5
Chord: E7 Tones:[E, F#, G#, B, C#, D] Note being tested: F5
Chord: E7 Tones:[E, F#, G#, B, C#, D] Note being tested: A5
Chord: E7 Tones:[E, F#, G#, B, C#, D] Note being tested: G4
Chord: E7 Tones:[E, F#, G#, B, C#, D] Note being tested: A4
Chord: E7 Tones:[E, F#, G#, B, C#, D] Note being tested: C#5
Accepted Note: C#5
Chord: E7 Tones:[E, F#, G#, B, C#, D] Note being tested: F5
Chord: E7 Tones:[E, F#, G#, B, C#, D] Note being tested: A5
Chord: E7 Tones:[E, F#, G#, B, C#, D] Note being tested: G4
Chord: E7 Tones:[E, F#, G#, B, C#, D] Note being tested: A4
Chord: E7 Tones:[E, F#, G#, B, C#, D] Note being tested: C#5
Accepted Note: C#5
Chord: E7 Tones:[E, F#, G#, B, C#, D] Note being tested: F5
Chord: E7 Tones:[E, F#, G#, B, C#, D] Note being tested: A5
Chord: E7 Tones:[E, F#, G#, B, C#, D] Note being tested: B4
Accepted Note: B4
Chord: E7 Tones:[E, F#, G#, B, C#, D] Note being tested: A#4
Chord: E7 Tones:[E, F#, G#, B, C#, D] Note being tested: G#4
Accepted Note: G#4
Chord: E7 Tones:[E, F#, G#, B, C#, D] Note being tested: G4
Chord: E7 Tones:[E, F#, G#, B, C#, D] Note being tested: F#4
Accepted Note: F#4
Chord: E7 Tones:[E, F#, G#, B, C#, D] Note being tested: F4
Chord: E7 Tones:[E, F#, G#, B, C#, D] Note being tested: E4
Accepted Note: E4
Chord: E7 Tones:[E, F#, G#, B, C#, D] Note being tested: D4
Accepted Note: D4
Chord: E7 Tones:[E, F#, G#, B, C#, D] Note being tested: D#4
Chord: B7 Tones:[B, C#, D#, F#, G#, A] Note being tested: G#4
Accepted Note: G#4
Chord: B7 Tones:[B, C#, D#, F#, G#, A] Note being tested: A#4
Chord: B7 Tones:[B, C#, D#, F#, G#, A] Note being tested: G4
Chord: B7 Tones:[B, C#, D#, F#, G#, A] Note being tested: A4
Accepted Note: A4
Chord: B7 Tones:[B, C#, D#, F#, G#, A] Note being tested: C#5
Accepted Note: C#5
Chord: B7 Tones:[B, C#, D#, F#, G#, A] Note being tested: F5
Chord: B7 Tones:[B, C#, D#, F#, G#, A] Note being tested: A5
Accepted Note: A5
Chord: B7 Tones:[B, C#, D#, F#, G#, A] Note being tested: G4
Chord: B7 Tones:[B, C#, D#, F#, G#, A] Note being tested: A4
Accepted Note: A4
Chord: B7 Tones:[B, C#, D#, F#, G#, A] Note being tested: C#5
Accepted Note: C#5
Chord: B7 Tones:[B, C#, D#, F#, G#, A] Note being tested: F5
Chord: B7 Tones:[B, C#, D#, F#, G#, A] Note being tested: A5
Accepted Note: A5
Chord: B7 Tones:[B, C#, D#, F#, G#, A] Note being tested: G4
Chord: B7 Tones:[B, C#, D#, F#, G#, A] Note being tested: A4
Accepted Note: A4
Chord: B7 Tones:[B, C#, D#, F#, G#, A] Note being tested: C#5
Accepted Note: C#5
Chord: B7 Tones:[B, C#, D#, F#, G#, A] Note being tested: F5
Chord: B7 Tones:[B, C#, D#, F#, G#, A] Note being tested: A5
Accepted Note: A5
Chord: B7 Tones:[B, C#, D#, F#, G#, A] Note being tested: G4
Chord: B7 Tones:[B, C#, D#, F#, G#, A] Note being tested: A4
Accepted Note: A4
Chord: B7 Tones:[B, C#, D#, F#, G#, A] Note being tested: C#5
Accepted Note: C#5
Chord: B7 Tones:[B, C#, D#, F#, G#, A] Note being tested: F5
Chord: B7 Tones:[B, C#, D#, F#, G#, A] Note being tested: A5
Accepted Note: A5
Chord: B7 Tones:[B, C#, D#, F#, G#, A] Note being tested: G4
Chord: B7 Tones:[B, C#, D#, F#, G#, A] Note being tested: A4
Accepted Note: A4
Chord: B7 Tones:[B, C#, D#, F#, G#, A] Note being tested: C#5
Accepted Note: C#5
Chord: B7 Tones:[B, C#, D#, F#, G#, A] Note being tested: F5
Chord: B7 Tones:[B, C#, D#, F#, G#, A] Note being tested: A5
Accepted Note: A5
Chord: B7 Tones:[B, C#, D#, F#, G#, A] Note being tested: G4
Chord: B7 Tones:[B, C#, D#, F#, G#, A] Note being tested: A4
Accepted Note: A4
Chord: B7 Tones:[B, C#, D#, F#, G#, A] Note being tested: C#5
Accepted Note: C#5
Chord: B7 Tones:[B, C#, D#, F#, G#, A] Note being tested: F5
Chord: B7 Tones:[B, C#, D#, F#, G#, A] Note being tested: A5
Accepted Note: A5
Chord: B7 Tones:[B, C#, D#, F#, G#, A] Note being tested: B4
Accepted Note: B4
Chord: B7 Tones:[B, C#, D#, F#, G#, A] Note being tested: A#4
Chord: B7 Tones:[B, C#, D#, F#, G#, A] Note being tested: G#4
Accepted Note: G#4
Chord: B7 Tones:[B, C#, D#, F#, G#, A] Note being tested: G4
Chord: B7 Tones:[B, C#, D#, F#, G#, A] Note being tested: F#4
Accepted Note: F#4
Chord: B7 Tones:[B, C#, D#, F#, G#, A] Note being tested: F4
Chord: B7 Tones:[B, C#, D#, F#, G#, A] Note being tested: E4
Chord: B7 Tones:[B, C#, D#, F#, G#, A] Note being tested: D4
Chord: B7 Tones:[B, C#, D#, F#, G#, A] Note being tested: D#4
Accepted Note: D#4
Chord: B7 Tones:[B, C#, D#, F#, G#, A] Note being tested: A#4
Chord: B7 Tones:[B, C#, D#, F#, G#, A] Note being tested: G4
Chord: B7 Tones:[B, C#, D#, F#, G#, A] Note being tested: A4
Accepted Note: A4
Chord: B7 Tones:[B, C#, D#, F#, G#, A] Note being tested: C#5
Accepted Note: C#5
Chord: B7 Tones:[B, C#, D#, F#, G#, A] Note being tested: F5
Chord: B7 Tones:[B, C#, D#, F#, G#, A] Note being tested: A5
Accepted Note: A5
Chord: B7 Tones:[B, C#, D#, F#, G#, A] Note being tested: G4
Chord: B7 Tones:[B, C#, D#, F#, G#, A] Note being tested: A4
Accepted Note: A4
Chord: B7 Tones:[B, C#, D#, F#, G#, A] Note being tested: C#5
Accepted Note: C#5
Chord: B7 Tones:[B, C#, D#, F#, G#, A] Note being tested: F5
Chord: B7 Tones:[B, C#, D#, F#, G#, A] Note being tested: A5
Accepted Note: A5
Chord: B7 Tones:[B, C#, D#, F#, G#, A] Note being tested: G4
Chord: B7 Tones:[B, C#, D#, F#, G#, A] Note being tested: A4
Accepted Note: A4
Chord: B7 Tones:[B, C#, D#, F#, G#, A] Note being tested: C#5
Accepted Note: C#5
Chord: B7 Tones:[B, C#, D#, F#, G#, A] Note being tested: F5
Chord: B7 Tones:[B, C#, D#, F#, G#, A] Note being tested: A5
Accepted Note: A5
Chord: B7 Tones:[B, C#, D#, F#, G#, A] Note being tested: G4
Chord: B7 Tones:[B, C#, D#, F#, G#, A] Note being tested: A4
Accepted Note: A4
Chord: B7 Tones:[B, C#, D#, F#, G#, A] Note being tested: C#5
Accepted Note: C#5
Chord: B7 Tones:[B, C#, D#, F#, G#, A] Note being tested: F5
Chord: B7 Tones:[B, C#, D#, F#, G#, A] Note being tested: A5
Accepted Note: A5
Chord: B7 Tones:[B, C#, D#, F#, G#, A] Note being tested: G4
Chord: B7 Tones:[B, C#, D#, F#, G#, A] Note being tested: A4
Accepted Note: A4
Chord: B7 Tones:[B, C#, D#, F#, G#, A] Note being tested: C#5
Accepted Note: C#5
Chord: B7 Tones:[B, C#, D#, F#, G#, A] Note being tested: F5
Chord: B7 Tones:[B, C#, D#, F#, G#, A] Note being tested: A5
Accepted Note: A5
Chord: B7 Tones:[B, C#, D#, F#, G#, A] Note being tested: G4
Chord: B7 Tones:[B, C#, D#, F#, G#, A] Note being tested: A4
Accepted Note: A4
Chord: B7 Tones:[B, C#, D#, F#, G#, A] Note being tested: C#5
Accepted Note: C#5
Chord: B7 Tones:[B, C#, D#, F#, G#, A] Note being tested: F5
Chord: B7 Tones:[B, C#, D#, F#, G#, A] Note being tested: A5
Accepted Note: A5
Chord: B7 Tones:[B, C#, D#, F#, G#, A] Note being tested: G4
Chord: B7 Tones:[B, C#, D#, F#, G#, A] Note being tested: A4
Accepted Note: A4
Chord: B7 Tones:[B, C#, D#, F#, G#, A] Note being tested: C#5
Accepted Note: C#5
Chord: B7 Tones:[B, C#, D#, F#, G#, A] Note being tested: F5
Chord: B7 Tones:[B, C#, D#, F#, G#, A] Note being tested: A5
Accepted Note: A5
Chord: B7 Tones:[B, C#, D#, F#, G#, A] Note being tested: G4
Chord: B7 Tones:[B, C#, D#, F#, G#, A] Note being tested: A4
Accepted Note: A4
Chord: B7 Tones:[B, C#, D#, F#, G#, A] Note being tested: C#5
Accepted Note: C#5
Chord: B7 Tones:[B, C#, D#, F#, G#, A] Note being tested: F5
Chord: B7 Tones:[B, C#, D#, F#, G#, A] Note being tested: A5
Accepted Note: A5
Chord: B7 Tones:[B, C#, D#, F#, G#, A] Note being tested: G4
Chord: B7 Tones:[B, C#, D#, F#, G#, A] Note being tested: A4
Accepted Note: A4
Chord: B7 Tones:[B, C#, D#, F#, G#, A] Note being tested: C#5
Accepted Note: C#5
Chord: B7 Tones:[B, C#, D#, F#, G#, A] Note being tested: F5
Chord: B7 Tones:[B, C#, D#, F#, G#, A] Note being tested: A5
Accepted Note: A5
Chord: B7 Tones:[B, C#, D#, F#, G#, A] Note being tested: B4
Accepted Note: B4
Chord: B7 Tones:[B, C#, D#, F#, G#, A] Note being tested: A#4
Chord: B7 Tones:[B, C#, D#, F#, G#, A] Note being tested: G#4
Accepted Note: G#4
Chord: B7 Tones:[B, C#, D#, F#, G#, A] Note being tested: G4
Chord: B7 Tones:[B, C#, D#, F#, G#, A] Note being tested: F#4
Accepted Note: F#4
Chord: B7 Tones:[B, C#, D#, F#, G#, A] Note being tested: F4
Chord: B7 Tones:[B, C#, D#, F#, G#, A] Note being tested: E4
Chord: B7 Tones:[B, C#, D#, F#, G#, A] Note being tested: D4
Chord: B7 Tones:[B, C#, D#, F#, G#, A] Note being tested: D#4
Accepted Note: D#4
Chord: B7 Tones:[B, C#, D#, F#, G#, A] Note being tested: B4
Accepted Note: B4
Chord: B7 Tones:[B, C#, D#, F#, G#, A] Note being tested: A#4
Chord: B7 Tones:[B, C#, D#, F#, G#, A] Note being tested: G#4
Accepted Note: G#4
Chord: B7 Tones:[B, C#, D#, F#, G#, A] Note being tested: G4
Chord: B7 Tones:[B, C#, D#, F#, G#, A] Note being tested: F#4
Accepted Note: F#4
Chord: B7 Tones:[B, C#, D#, F#, G#, A] Note being tested: F4
Chord: B7 Tones:[B, C#, D#, F#, G#, A] Note being tested: E4
Chord: B7 Tones:[B, C#, D#, F#, G#, A] Note being tested: D4
Chord: B7 Tones:[B, C#, D#, F#, G#, A] Note being tested: D#4
Accepted Note: D#4
Chord: B7 Tones:[B, C#, D#, F#, G#, A] Note being tested: B4
Accepted Note: B4
Chord: B7 Tones:[B, C#, D#, F#, G#, A] Note being tested: A#4
Chord: B7 Tones:[B, C#, D#, F#, G#, A] Note being tested: G#4
Accepted Note: G#4
Chord: B7 Tones:[B, C#, D#, F#, G#, A] Note being tested: G4
Chord: B7 Tones:[B, C#, D#, F#, G#, A] Note being tested: F#4
Accepted Note: F#4
Chord: B7 Tones:[B, C#, D#, F#, G#, A] Note being tested: F4
Chord: B7 Tones:[B, C#, D#, F#, G#, A] Note being tested: E4
Chord: B7 Tones:[B, C#, D#, F#, G#, A] Note being tested: D4
Chord: B7 Tones:[B, C#, D#, F#, G#, A] Note being tested: D#4
Accepted Note: D#4
Chord: B7 Tones:[B, C#, D#, F#, G#, A] Note being tested: C#5
Accepted Note: C#5
Chord: B7 Tones:[B, C#, D#, F#, G#, A] Note being tested: B4
Accepted Note: B4
Chord: B7 Tones:[B, C#, D#, F#, G#, A] Note being tested: A#4
Chord: B7 Tones:[B, C#, D#, F#, G#, A] Note being tested: G#4
Accepted Note: G#4
Chord: B7 Tones:[B, C#, D#, F#, G#, A] Note being tested: G4
Chord: B7 Tones:[B, C#, D#, F#, G#, A] Note being tested: F#4
Accepted Note: F#4
Chord: B7 Tones:[B, C#, D#, F#, G#, A] Note being tested: F4
Chord: B7 Tones:[B, C#, D#, F#, G#, A] Note being tested: E4
Chord: B7 Tones:[B, C#, D#, F#, G#, A] Note being tested: D4
Chord: B7 Tones:[B, C#, D#, F#, G#, A] Note being tested: D#4
Accepted Note: D#4
Chord: B7 Tones:[B, C#, D#, F#, G#, A] Note being tested: D#5
Accepted Note: D#5
Chord: B7 Tones:[B, C#, D#, F#, G#, A] Note being tested: G4
Chord: B7 Tones:[B, C#, D#, F#, G#, A] Note being tested: A4
Accepted Note: A4
Chord: B7 Tones:[B, C#, D#, F#, G#, A] Note being tested: C#5
Accepted Note: C#5
Chord: B7 Tones:[B, C#, D#, F#, G#, A] Note being tested: F5
Chord: B7 Tones:[B, C#, D#, F#, G#, A] Note being tested: A5
Accepted Note: A5
Chord: B7 Tones:[B, C#, D#, F#, G#, A] Note being tested: A#4
Chord: B7 Tones:[B, C#, D#, F#, G#, A] Note being tested: E5
Chord: B7 Tones:[B, C#, D#, F#, G#, A] Note being tested: B4
Accepted Note: B4
Chord: B7 Tones:[B, C#, D#, F#, G#, A] Note being tested: A#4
Chord: B7 Tones:[B, C#, D#, F#, G#, A] Note being tested: G#4
Accepted Note: G#4
Chord: B7 Tones:[B, C#, D#, F#, G#, A] Note being tested: G4
Chord: B7 Tones:[B, C#, D#, F#, G#, A] Note being tested: F#4
Accepted Note: F#4
Chord: B7 Tones:[B, C#, D#, F#, G#, A] Note being tested: F4
Chord: B7 Tones:[B, C#, D#, F#, G#, A] Note being tested: E4
Chord: B7 Tones:[B, C#, D#, F#, G#, A] Note being tested: D4
Chord: B7 Tones:[B, C#, D#, F#, G#, A] Note being tested: D#4
Accepted Note: D#4
Chord: B7 Tones:[B, C#, D#, F#, G#, A] Note being tested: F5
Chord: B7 Tones:[B, C#, D#, F#, G#, A] Note being tested: A#4
Chord: B7 Tones:[B, C#, D#, F#, G#, A] Note being tested: B4
Accepted Note: B4
Chord: B7 Tones:[B, C#, D#, F#, G#, A] Note being tested: A#4
Chord: B7 Tones:[B, C#, D#, F#, G#, A] Note being tested: G#4
Accepted Note: G#4
Chord: B7 Tones:[B, C#, D#, F#, G#, A] Note being tested: G4
Chord: B7 Tones:[B, C#, D#, F#, G#, A] Note being tested: F#4
Accepted Note: F#4
Chord: B7 Tones:[B, C#, D#, F#, G#, A] Note being tested: F4
Chord: B7 Tones:[B, C#, D#, F#, G#, A] Note being tested: E4
Chord: B7 Tones:[B, C#, D#, F#, G#, A] Note being tested: D4
Chord: B7 Tones:[B, C#, D#, F#, G#, A] Note being tested: D#4
Accepted Note: D#4
Chord: B7 Tones:[B, C#, D#, F#, G#, A] Note being tested: A#4
Chord: B7 Tones:[B, C#, D#, F#, G#, A] Note being tested: B4
Accepted Note: B4
Chord: B7 Tones:[B, C#, D#, F#, G#, A] Note being tested: A#4
Chord: B7 Tones:[B, C#, D#, F#, G#, A] Note being tested: G#4
Accepted Note: G#4
Chord: B7 Tones:[B, C#, D#, F#, G#, A] Note being tested: G4
Chord: B7 Tones:[B, C#, D#, F#, G#, A] Note being tested: F#4
Accepted Note: F#4
Chord: B7 Tones:[B, C#, D#, F#, G#, A] Note being tested: F4
Chord: B7 Tones:[B, C#, D#, F#, G#, A] Note being tested: E4
Chord: B7 Tones:[B, C#, D#, F#, G#, A] Note being tested: D4
Chord: B7 Tones:[B, C#, D#, F#, G#, A] Note being tested: D#4
Accepted Note: D#4
Chord: B7 Tones:[B, C#, D#, F#, G#, A] Note being tested: B4
Accepted Note: B4
Chord: B7 Tones:[B, C#, D#, F#, G#, A] Note being tested: A#4
Chord: B7 Tones:[B, C#, D#, F#, G#, A] Note being tested: G#4
Accepted Note: G#4
Chord: B7 Tones:[B, C#, D#, F#, G#, A] Note being tested: G4
Chord: B7 Tones:[B, C#, D#, F#, G#, A] Note being tested: F#4
Accepted Note: F#4
Chord: B7 Tones:[B, C#, D#, F#, G#, A] Note being tested: F4
Chord: B7 Tones:[B, C#, D#, F#, G#, A] Note being tested: E4
Chord: B7 Tones:[B, C#, D#, F#, G#, A] Note being tested: D4
Chord: B7 Tones:[B, C#, D#, F#, G#, A] Note being tested: D#4
Accepted Note: D#4
Chord: B7 Tones:[B, C#, D#, F#, G#, A] Note being tested: B4
Accepted Note: B4
Chord: B7 Tones:[B, C#, D#, F#, G#, A] Note being tested: A#4
Chord: B7 Tones:[B, C#, D#, F#, G#, A] Note being tested: G#4
Accepted Note: G#4
Chord: B7 Tones:[B, C#, D#, F#, G#, A] Note being tested: G4
Chord: B7 Tones:[B, C#, D#, F#, G#, A] Note being tested: F#4
Accepted Note: F#4
Chord: B7 Tones:[B, C#, D#, F#, G#, A] Note being tested: F4
Chord: B7 Tones:[B, C#, D#, F#, G#, A] Note being tested: E4
Chord: B7 Tones:[B, C#, D#, F#, G#, A] Note being tested: D4
Chord: B7 Tones:[B, C#, D#, F#, G#, A] Note being tested: D#4
Accepted Note: D#4
Chord: B7 Tones:[B, C#, D#, F#, G#, A] Note being tested: G4
Chord: B7 Tones:[B, C#, D#, F#, G#, A] Note being tested: A4
Accepted Note: A4
Chord: B7 Tones:[B, C#, D#, F#, G#, A] Note being tested: C#5
Accepted Note: C#5
Chord: B7 Tones:[B, C#, D#, F#, G#, A] Note being tested: F5
Chord: B7 Tones:[B, C#, D#, F#, G#, A] Note being tested: A5
Accepted Note: A5
Chord: B7 Tones:[B, C#, D#, F#, G#, A] Note being tested: G4
Chord: B7 Tones:[B, C#, D#, F#, G#, A] Note being tested: A4
Accepted Note: A4
Chord: B7 Tones:[B, C#, D#, F#, G#, A] Note being tested: C#5
Accepted Note: C#5
Chord: B7 Tones:[B, C#, D#, F#, G#, A] Note being tested: F5
Chord: B7 Tones:[B, C#, D#, F#, G#, A] Note being tested: A5
Accepted Note: A5
Chord: B7 Tones:[B, C#, D#, F#, G#, A] Note being tested: G4
Chord: B7 Tones:[B, C#, D#, F#, G#, A] Note being tested: A4
Accepted Note: A4
Chord: B7 Tones:[B, C#, D#, F#, G#, A] Note being tested: C#5
Accepted Note: C#5
Chord: B7 Tones:[B, C#, D#, F#, G#, A] Note being tested: F5
Chord: B7 Tones:[B, C#, D#, F#, G#, A] Note being tested: A5
Accepted Note: A5
Chord: B7 Tones:[B, C#, D#, F#, G#, A] Note being tested: B4
Accepted Note: B4
Chord: B7 Tones:[B, C#, D#, F#, G#, A] Note being tested: A#4
Chord: B7 Tones:[B, C#, D#, F#, G#, A] Note being tested: G#4
Accepted Note: G#4
Chord: B7 Tones:[B, C#, D#, F#, G#, A] Note being tested: G4
Chord: B7 Tones:[B, C#, D#, F#, G#, A] Note being tested: F#4
Accepted Note: F#4
Chord: B7 Tones:[B, C#, D#, F#, G#, A] Note being tested: F4
Chord: B7 Tones:[B, C#, D#, F#, G#, A] Note being tested: E4
Chord: B7 Tones:[B, C#, D#, F#, G#, A] Note being tested: D4
Chord: B7 Tones:[B, C#, D#, F#, G#, A] Note being tested: D#4
Accepted Note: D#4
Chord: A7 Tones:[A, B, C#, E, F#, G] Note being tested: G4
Accepted Note: G4
Chord: A7 Tones:[A, B, C#, E, F#, G] Note being tested: A4
Accepted Note: A4
Chord: A7 Tones:[A, B, C#, E, F#, G] Note being tested: C#5
Accepted Note: C#5
Chord: A7 Tones:[A, B, C#, E, F#, G] Note being tested: F5
Chord: A7 Tones:[A, B, C#, E, F#, G] Note being tested: A5
Accepted Note: A5
Chord: A7 Tones:[A, B, C#, E, F#, G] Note being tested: A#4
Chord: A7 Tones:[A, B, C#, E, F#, G] Note being tested: B4
Accepted Note: B4
Chord: A7 Tones:[A, B, C#, E, F#, G] Note being tested: A#4
Chord: A7 Tones:[A, B, C#, E, F#, G] Note being tested: G#4
Chord: A7 Tones:[A, B, C#, E, F#, G] Note being tested: G4
Accepted Note: G4
Chord: A7 Tones:[A, B, C#, E, F#, G] Note being tested: F#4
Accepted Note: F#4
Chord: A7 Tones:[A, B, C#, E, F#, G] Note being tested: F4
Chord: A7 Tones:[A, B, C#, E, F#, G] Note being tested: E4
Accepted Note: E4
Chord: A7 Tones:[A, B, C#, E, F#, G] Note being tested: D4
Chord: A7 Tones:[A, B, C#, E, F#, G] Note being tested: D#4
Chord: A7 Tones:[A, B, C#, E, F#, G] Note being tested: E4
Accepted Note: E4
Chord: A7 Tones:[A, B, C#, E, F#, G] Note being tested: G4
Accepted Note: G4
Chord: A7 Tones:[A, B, C#, E, F#, G] Note being tested: G#4
Chord: A7 Tones:[A, B, C#, E, F#, G] Note being tested: B4
Accepted Note: B4
Chord: A7 Tones:[A, B, C#, E, F#, G] Note being tested: D5
Chord: A7 Tones:[A, B, C#, E, F#, G] Note being tested: F5
Chord: A7 Tones:[A, B, C#, E, F#, G] Note being tested: G#5
Chord: A7 Tones:[A, B, C#, E, F#, G] Note being tested: E5
Accepted Note: E5
Chord: A7 Tones:[A, B, C#, E, F#, G] Note being tested: G5
Accepted Note: G5
Chord: A7 Tones:[A, B, C#, E, F#, G] Note being tested: C#5
Accepted Note: C#5
Chord: A7 Tones:[A, B, C#, E, F#, G] Note being tested: F#4
Accepted Note: F#4
Chord: A7 Tones:[A, B, C#, E, F#, G] Note being tested: D#5
Chord: A7 Tones:[A, B, C#, E, F#, G] Note being tested: A4
Accepted Note: A4
Chord: A7 Tones:[A, B, C#, E, F#, G] Note being tested: A#4
Chord: A7 Tones:[A, B, C#, E, F#, G] Note being tested: B4
Accepted Note: B4
Chord: A7 Tones:[A, B, C#, E, F#, G] Note being tested: A#4
Chord: A7 Tones:[A, B, C#, E, F#, G] Note being tested: G#4
Chord: A7 Tones:[A, B, C#, E, F#, G] Note being tested: G4
Accepted Note: G4
Chord: A7 Tones:[A, B, C#, E, F#, G] Note being tested: F#4
Accepted Note: F#4
Chord: A7 Tones:[A, B, C#, E, F#, G] Note being tested: F4
Chord: A7 Tones:[A, B, C#, E, F#, G] Note being tested: E4
Accepted Note: E4
Chord: A7 Tones:[A, B, C#, E, F#, G] Note being tested: D4
Chord: A7 Tones:[A, B, C#, E, F#, G] Note being tested: D#4
Chord: A7 Tones:[A, B, C#, E, F#, G] Note being tested: B4
Accepted Note: B4
Chord: A7 Tones:[A, B, C#, E, F#, G] Note being tested: A#4
Chord: A7 Tones:[A, B, C#, E, F#, G] Note being tested: G#4
Chord: A7 Tones:[A, B, C#, E, F#, G] Note being tested: G4
Accepted Note: G4
Chord: A7 Tones:[A, B, C#, E, F#, G] Note being tested: F#4
Accepted Note: F#4
Chord: A7 Tones:[A, B, C#, E, F#, G] Note being tested: F4
Chord: A7 Tones:[A, B, C#, E, F#, G] Note being tested: E4
Accepted Note: E4
Chord: A7 Tones:[A, B, C#, E, F#, G] Note being tested: D4
Chord: A7 Tones:[A, B, C#, E, F#, G] Note being tested: D#4
Chord: A7 Tones:[A, B, C#, E, F#, G] Note being tested: B4
Accepted Note: B4
Chord: A7 Tones:[A, B, C#, E, F#, G] Note being tested: A#4
Chord: A7 Tones:[A, B, C#, E, F#, G] Note being tested: G#4
Chord: A7 Tones:[A, B, C#, E, F#, G] Note being tested: G4
Accepted Note: G4
Chord: A7 Tones:[A, B, C#, E, F#, G] Note being tested: F#4
Accepted Note: F#4
Chord: A7 Tones:[A, B, C#, E, F#, G] Note being tested: F4
Chord: A7 Tones:[A, B, C#, E, F#, G] Note being tested: E4
Accepted Note: E4
Chord: A7 Tones:[A, B, C#, E, F#, G] Note being tested: D4
Chord: A7 Tones:[A, B, C#, E, F#, G] Note being tested: D#4
Chord: A7 Tones:[A, B, C#, E, F#, G] Note being tested: G4
Accepted Note: G4
Chord: A7 Tones:[A, B, C#, E, F#, G] Note being tested: A4
Accepted Note: A4
Chord: A7 Tones:[A, B, C#, E, F#, G] Note being tested: C#5
Accepted Note: C#5
Chord: A7 Tones:[A, B, C#, E, F#, G] Note being tested: F5
Chord: A7 Tones:[A, B, C#, E, F#, G] Note being tested: A5
Accepted Note: A5
Chord: A7 Tones:[A, B, C#, E, F#, G] Note being tested: A4
Accepted Note: A4
Chord: A7 Tones:[A, B, C#, E, F#, G] Note being tested: B4
Accepted Note: B4
Chord: A7 Tones:[A, B, C#, E, F#, G] Note being tested: A#4
Chord: A7 Tones:[A, B, C#, E, F#, G] Note being tested: G#4
Chord: A7 Tones:[A, B, C#, E, F#, G] Note being tested: G4
Accepted Note: G4
Chord: A7 Tones:[A, B, C#, E, F#, G] Note being tested: F#4
Accepted Note: F#4
Chord: A7 Tones:[A, B, C#, E, F#, G] Note being tested: F4
Chord: A7 Tones:[A, B, C#, E, F#, G] Note being tested: E4
Accepted Note: E4
Chord: A7 Tones:[A, B, C#, E, F#, G] Note being tested: D4
Chord: A7 Tones:[A, B, C#, E, F#, G] Note being tested: D#4
Chord: E7 Tones:[E, F#, G#, B, C#, D] Note being tested: A#4
Chord: E7 Tones:[E, F#, G#, B, C#, D] Note being tested: G4
Chord: E7 Tones:[E, F#, G#, B, C#, D] Note being tested: A4
Chord: E7 Tones:[E, F#, G#, B, C#, D] Note being tested: C#5
Accepted Note: C#5
Chord: E7 Tones:[E, F#, G#, B, C#, D] Note being tested: F5
Chord: E7 Tones:[E, F#, G#, B, C#, D] Note being tested: A5
Chord: E7 Tones:[E, F#, G#, B, C#, D] Note being tested: F5
Chord: E7 Tones:[E, F#, G#, B, C#, D] Note being tested: B4
Accepted Note: B4
Chord: E7 Tones:[E, F#, G#, B, C#, D] Note being tested: A#4
Chord: E7 Tones:[E, F#, G#, B, C#, D] Note being tested: G#4
Accepted Note: G#4
Chord: E7 Tones:[E, F#, G#, B, C#, D] Note being tested: G4
Chord: E7 Tones:[E, F#, G#, B, C#, D] Note being tested: F#4
Accepted Note: F#4
Chord: E7 Tones:[E, F#, G#, B, C#, D] Note being tested: F4
Chord: E7 Tones:[E, F#, G#, B, C#, D] Note being tested: E4
Accepted Note: E4
Chord: E7 Tones:[E, F#, G#, B, C#, D] Note being tested: D4
Accepted Note: D4
Chord: E7 Tones:[E, F#, G#, B, C#, D] Note being tested: D#4
Chord: E7 Tones:[E, F#, G#, B, C#, D] Note being tested: A#4
Chord: E7 Tones:[E, F#, G#, B, C#, D] Note being tested: B4
Accepted Note: B4
Chord: E7 Tones:[E, F#, G#, B, C#, D] Note being tested: A#4
Chord: E7 Tones:[E, F#, G#, B, C#, D] Note being tested: G#4
Accepted Note: G#4
Chord: E7 Tones:[E, F#, G#, B, C#, D] Note being tested: G4
Chord: E7 Tones:[E, F#, G#, B, C#, D] Note being tested: F#4
Accepted Note: F#4
Chord: E7 Tones:[E, F#, G#, B, C#, D] Note being tested: F4
Chord: E7 Tones:[E, F#, G#, B, C#, D] Note being tested: E4
Accepted Note: E4
Chord: E7 Tones:[E, F#, G#, B, C#, D] Note being tested: D4
Accepted Note: D4
Chord: E7 Tones:[E, F#, G#, B, C#, D] Note being tested: D#4
Chord: E7 Tones:[E, F#, G#, B, C#, D] Note being tested: A#4
Chord: E7 Tones:[E, F#, G#, B, C#, D] Note being tested: G4
Chord: E7 Tones:[E, F#, G#, B, C#, D] Note being tested: E4
Accepted Note: E4
Chord: E7 Tones:[E, F#, G#, B, C#, D] Note being tested: G4
Chord: E7 Tones:[E, F#, G#, B, C#, D] Note being tested: G#4
Accepted Note: G#4
Chord: E7 Tones:[E, F#, G#, B, C#, D] Note being tested: B4
Accepted Note: B4
Chord: E7 Tones:[E, F#, G#, B, C#, D] Note being tested: D5
Accepted Note: D5
Chord: E7 Tones:[E, F#, G#, B, C#, D] Note being tested: F5
Chord: E7 Tones:[E, F#, G#, B, C#, D] Note being tested: G#5
Accepted Note: G#5
Chord: E7 Tones:[E, F#, G#, B, C#, D] Note being tested: E5
Accepted Note: E5
Chord: E7 Tones:[E, F#, G#, B, C#, D] Note being tested: G5
Chord: E7 Tones:[E, F#, G#, B, C#, D] Note being tested: C#5
Accepted Note: C#5
Chord: E7 Tones:[E, F#, G#, B, C#, D] Note being tested: F#4
Accepted Note: F#4
Chord: E7 Tones:[E, F#, G#, B, C#, D] Note being tested: D#5
Chord: E7 Tones:[E, F#, G#, B, C#, D] Note being tested: A4
Chord: E7 Tones:[E, F#, G#, B, C#, D] Note being tested: G4
Chord: E7 Tones:[E, F#, G#, B, C#, D] Note being tested: A4
Chord: E7 Tones:[E, F#, G#, B, C#, D] Note being tested: C#5
Accepted Note: C#5
Chord: E7 Tones:[E, F#, G#, B, C#, D] Note being tested: F5
Chord: E7 Tones:[E, F#, G#, B, C#, D] Note being tested: A5
Chord: E7 Tones:[E, F#, G#, B, C#, D] Note being tested: G4
Chord: E7 Tones:[E, F#, G#, B, C#, D] Note being tested: A4
Chord: E7 Tones:[E, F#, G#, B, C#, D] Note being tested: C#5
Accepted Note: C#5
Chord: E7 Tones:[E, F#, G#, B, C#, D] Note being tested: F5
Chord: E7 Tones:[E, F#, G#, B, C#, D] Note being tested: A5
Chord: E7 Tones:[E, F#, G#, B, C#, D] Note being tested: G4
Chord: E7 Tones:[E, F#, G#, B, C#, D] Note being tested: A4
Chord: E7 Tones:[E, F#, G#, B, C#, D] Note being tested: C#5
Accepted Note: C#5
Chord: E7 Tones:[E, F#, G#, B, C#, D] Note being tested: F5
Chord: E7 Tones:[E, F#, G#, B, C#, D] Note being tested: A5
Chord: E7 Tones:[E, F#, G#, B, C#, D] Note being tested: G4
Chord: E7 Tones:[E, F#, G#, B, C#, D] Note being tested: B4
Accepted Note: B4
Chord: E7 Tones:[E, F#, G#, B, C#, D] Note being tested: A#4
Chord: E7 Tones:[E, F#, G#, B, C#, D] Note being tested: G#4
Accepted Note: G#4
Chord: E7 Tones:[E, F#, G#, B, C#, D] Note being tested: G4
Chord: E7 Tones:[E, F#, G#, B, C#, D] Note being tested: F#4
Accepted Note: F#4
Chord: E7 Tones:[E, F#, G#, B, C#, D] Note being tested: F4
Chord: E7 Tones:[E, F#, G#, B, C#, D] Note being tested: E4
Accepted Note: E4
Chord: E7 Tones:[E, F#, G#, B, C#, D] Note being tested: D4
Accepted Note: D4
Chord: E7 Tones:[E, F#, G#, B, C#, D] Note being tested: D#4
Chord: E7 Tones:[E, F#, G#, B, C#, D] Note being tested: G4
Chord: E7 Tones:[E, F#, G#, B, C#, D] Note being tested: A4
Chord: E7 Tones:[E, F#, G#, B, C#, D] Note being tested: C#5
Accepted Note: C#5
Chord: E7 Tones:[E, F#, G#, B, C#, D] Note being tested: F5
Chord: E7 Tones:[E, F#, G#, B, C#, D] Note being tested: A5
Chord: E7 Tones:[E, F#, G#, B, C#, D] Note being tested: G4
Chord: E7 Tones:[E, F#, G#, B, C#, D] Note being tested: A4
Chord: E7 Tones:[E, F#, G#, B, C#, D] Note being tested: C#5
Accepted Note: C#5
Chord: E7 Tones:[E, F#, G#, B, C#, D] Note being tested: F5
Chord: E7 Tones:[E, F#, G#, B, C#, D] Note being tested: A5
Chord: E7 Tones:[E, F#, G#, B, C#, D] Note being tested: G4
Chord: E7 Tones:[E, F#, G#, B, C#, D] Note being tested: A4
Chord: E7 Tones:[E, F#, G#, B, C#, D] Note being tested: C#5
Accepted Note: C#5
Chord: E7 Tones:[E, F#, G#, B, C#, D] Note being tested: F5
Chord: E7 Tones:[E, F#, G#, B, C#, D] Note being tested: A5
Chord: E7 Tones:[E, F#, G#, B, C#, D] Note being tested: A#4
Chord: E7 Tones:[E, F#, G#, B, C#, D] Note being tested: G4
Chord: E7 Tones:[E, F#, G#, B, C#, D] Note being tested: A4
Chord: E7 Tones:[E, F#, G#, B, C#, D] Note being tested: C#5
Accepted Note: C#5
Chord: E7 Tones:[E, F#, G#, B, C#, D] Note being tested: F5
Chord: E7 Tones:[E, F#, G#, B, C#, D] Note being tested: A5
Chord: E7 Tones:[E, F#, G#, B, C#, D] Note being tested: G4
Chord: E7 Tones:[E, F#, G#, B, C#, D] Note being tested: A4
Chord: E7 Tones:[E, F#, G#, B, C#, D] Note being tested: C#5
Accepted Note: C#5
Chord: E7 Tones:[E, F#, G#, B, C#, D] Note being tested: F5
Chord: E7 Tones:[E, F#, G#, B, C#, D] Note being tested: A5
Chord: E7 Tones:[E, F#, G#, B, C#, D] Note being tested: G4
Chord: E7 Tones:[E, F#, G#, B, C#, D] Note being tested: A4
Chord: E7 Tones:[E, F#, G#, B, C#, D] Note being tested: C#5
Accepted Note: C#5
Chord: E7 Tones:[E, F#, G#, B, C#, D] Note being tested: F5
Chord: E7 Tones:[E, F#, G#, B, C#, D] Note being tested: A5
Chord: E7 Tones:[E, F#, G#, B, C#, D] Note being tested: G4
Chord: E7 Tones:[E, F#, G#, B, C#, D] Note being tested: A4
Chord: E7 Tones:[E, F#, G#, B, C#, D] Note being tested: C#5
Accepted Note: C#5
Chord: E7 Tones:[E, F#, G#, B, C#, D] Note being tested: F5
Chord: E7 Tones:[E, F#, G#, B, C#, D] Note being tested: A5
Chord: E7 Tones:[E, F#, G#, B, C#, D] Note being tested: G4
Chord: E7 Tones:[E, F#, G#, B, C#, D] Note being tested: A4
Chord: E7 Tones:[E, F#, G#, B, C#, D] Note being tested: C#5
Accepted Note: C#5
Chord: E7 Tones:[E, F#, G#, B, C#, D] Note being tested: F5
Chord: E7 Tones:[E, F#, G#, B, C#, D] Note being tested: A5
Chord: E7 Tones:[E, F#, G#, B, C#, D] Note being tested: G4
Chord: E7 Tones:[E, F#, G#, B, C#, D] Note being tested: A4
Chord: E7 Tones:[E, F#, G#, B, C#, D] Note being tested: C#5
Accepted Note: C#5
Chord: E7 Tones:[E, F#, G#, B, C#, D] Note being tested: F5
Chord: E7 Tones:[E, F#, G#, B, C#, D] Note being tested: A5
Chord: E7 Tones:[E, F#, G#, B, C#, D] Note being tested: B4
Accepted Note: B4
Chord: E7 Tones:[E, F#, G#, B, C#, D] Note being tested: A#4
Chord: E7 Tones:[E, F#, G#, B, C#, D] Note being tested: G#4
Accepted Note: G#4
Chord: E7 Tones:[E, F#, G#, B, C#, D] Note being tested: G4
Chord: E7 Tones:[E, F#, G#, B, C#, D] Note being tested: F#4
Accepted Note: F#4
Chord: E7 Tones:[E, F#, G#, B, C#, D] Note being tested: F4
Chord: E7 Tones:[E, F#, G#, B, C#, D] Note being tested: E4
Accepted Note: E4
Chord: E7 Tones:[E, F#, G#, B, C#, D] Note being tested: D4
Accepted Note: D4
Chord: E7 Tones:[E, F#, G#, B, C#, D] Note being tested: D#4
Chord: E7 Tones:[E, F#, G#, B, C#, D] Note being tested: G4
Chord: E7 Tones:[E, F#, G#, B, C#, D] Note being tested: A4
Chord: E7 Tones:[E, F#, G#, B, C#, D] Note being tested: C#5
Accepted Note: C#5
Chord: E7 Tones:[E, F#, G#, B, C#, D] Note being tested: F5
Chord: E7 Tones:[E, F#, G#, B, C#, D] Note being tested: A5
Chord: E7 Tones:[E, F#, G#, B, C#, D] Note being tested: G4
Chord: E7 Tones:[E, F#, G#, B, C#, D] Note being tested: A4
Chord: E7 Tones:[E, F#, G#, B, C#, D] Note being tested: C#5
Accepted Note: C#5
Chord: E7 Tones:[E, F#, G#, B, C#, D] Note being tested: F5
Chord: E7 Tones:[E, F#, G#, B, C#, D] Note being tested: A5
Chord: E7 Tones:[E, F#, G#, B, C#, D] Note being tested: G4
Chord: E7 Tones:[E, F#, G#, B, C#, D] Note being tested: A4
Chord: E7 Tones:[E, F#, G#, B, C#, D] Note being tested: C#5
Accepted Note: C#5
Chord: E7 Tones:[E, F#, G#, B, C#, D] Note being tested: F5
Chord: E7 Tones:[E, F#, G#, B, C#, D] Note being tested: A5
Chord: E7 Tones:[E, F#, G#, B, C#, D] Note being tested: A#4
Chord: E7 Tones:[E, F#, G#, B, C#, D] Note being tested: G4
Chord: E7 Tones:[E, F#, G#, B, C#, D] Note being tested: A4
Chord: E7 Tones:[E, F#, G#, B, C#, D] Note being tested: C#5
Accepted Note: C#5
Chord: E7 Tones:[E, F#, G#, B, C#, D] Note being tested: F5
Chord: E7 Tones:[E, F#, G#, B, C#, D] Note being tested: A5
Chord: E7 Tones:[E, F#, G#, B, C#, D] Note being tested: G4
Chord: E7 Tones:[E, F#, G#, B, C#, D] Note being tested: A4
Chord: E7 Tones:[E, F#, G#, B, C#, D] Note being tested: C#5
Accepted Note: C#5
Chord: E7 Tones:[E, F#, G#, B, C#, D] Note being tested: F5
Chord: E7 Tones:[E, F#, G#, B, C#, D] Note being tested: A5
Chord: E7 Tones:[E, F#, G#, B, C#, D] Note being tested: G4
Chord: E7 Tones:[E, F#, G#, B, C#, D] Note being tested: A4
Chord: E7 Tones:[E, F#, G#, B, C#, D] Note being tested: C#5
Accepted Note: C#5
Chord: E7 Tones:[E, F#, G#, B, C#, D] Note being tested: F5
Chord: E7 Tones:[E, F#, G#, B, C#, D] Note being tested: A5
Chord: E7 Tones:[E, F#, G#, B, C#, D] Note being tested: G4
Chord: E7 Tones:[E, F#, G#, B, C#, D] Note being tested: A4
Chord: E7 Tones:[E, F#, G#, B, C#, D] Note being tested: C#5
Accepted Note: C#5
Chord: E7 Tones:[E, F#, G#, B, C#, D] Note being tested: F5
Chord: E7 Tones:[E, F#, G#, B, C#, D] Note being tested: A5
Chord: E7 Tones:[E, F#, G#, B, C#, D] Note being tested: G4
Chord: E7 Tones:[E, F#, G#, B, C#, D] Note being tested: A4
Chord: E7 Tones:[E, F#, G#, B, C#, D] Note being tested: C#5
Accepted Note: C#5
Chord: E7 Tones:[E, F#, G#, B, C#, D] Note being tested: F5
Chord: E7 Tones:[E, F#, G#, B, C#, D] Note being tested: A5
Chord: E7 Tones:[E, F#, G#, B, C#, D] Note being tested: G4
Chord: E7 Tones:[E, F#, G#, B, C#, D] Note being tested: A4
Chord: E7 Tones:[E, F#, G#, B, C#, D] Note being tested: C#5
Accepted Note: C#5
Chord: E7 Tones:[E, F#, G#, B, C#, D] Note being tested: F5
Chord: E7 Tones:[E, F#, G#, B, C#, D] Note being tested: A5
Chord: E7 Tones:[E, F#, G#, B, C#, D] Note being tested: G4
Chord: E7 Tones:[E, F#, G#, B, C#, D] Note being tested: A4
Chord: E7 Tones:[E, F#, G#, B, C#, D] Note being tested: C#5
Accepted Note: C#5
Chord: E7 Tones:[E, F#, G#, B, C#, D] Note being tested: F5
Chord: E7 Tones:[E, F#, G#, B, C#, D] Note being tested: A5
Chord: E7 Tones:[E, F#, G#, B, C#, D] Note being tested: G4
Chord: E7 Tones:[E, F#, G#, B, C#, D] Note being tested: A4
Chord: E7 Tones:[E, F#, G#, B, C#, D] Note being tested: C#5
Accepted Note: C#5
Chord: E7 Tones:[E, F#, G#, B, C#, D] Note being tested: F5
Chord: E7 Tones:[E, F#, G#, B, C#, D] Note being tested: A5
Chord: E7 Tones:[E, F#, G#, B, C#, D] Note being tested: G4
Chord: E7 Tones:[E, F#, G#, B, C#, D] Note being tested: A4
Chord: E7 Tones:[E, F#, G#, B, C#, D] Note being tested: C#5
Accepted Note: C#5
Chord: E7 Tones:[E, F#, G#, B, C#, D] Note being tested: F5
Chord: E7 Tones:[E, F#, G#, B, C#, D] Note being tested: A5
Chord: E7 Tones:[E, F#, G#, B, C#, D] Note being tested: B4
Accepted Note: B4
Chord: E7 Tones:[E, F#, G#, B, C#, D] Note being tested: A#4
Chord: E7 Tones:[E, F#, G#, B, C#, D] Note being tested: G#4
Accepted Note: G#4
Chord: E7 Tones:[E, F#, G#, B, C#, D] Note being tested: G4
Chord: E7 Tones:[E, F#, G#, B, C#, D] Note being tested: F#4
Accepted Note: F#4
Chord: E7 Tones:[E, F#, G#, B, C#, D] Note being tested: F4
Chord: E7 Tones:[E, F#, G#, B, C#, D] Note being tested: E4
Accepted Note: E4
Chord: E7 Tones:[E, F#, G#, B, C#, D] Note being tested: D4
Accepted Note: D4
Chord: E7 Tones:[E, F#, G#, B, C#, D] Note being tested: D#4
Chord: E7 Tones:[E, F#, G#, B, C#, D] Note being tested: A#4
Chord: E7 Tones:[E, F#, G#, B, C#, D] Note being tested: G4
Chord: E7 Tones:[E, F#, G#, B, C#, D] Note being tested: A4
Chord: E7 Tones:[E, F#, G#, B, C#, D] Note being tested: C#5
Accepted Note: C#5
Chord: E7 Tones:[E, F#, G#, B, C#, D] Note being tested: F5
Chord: E7 Tones:[E, F#, G#, B, C#, D] Note being tested: A5
Chord: E7 Tones:[E, F#, G#, B, C#, D] Note being tested: G4
Chord: E7 Tones:[E, F#, G#, B, C#, D] Note being tested: A4
Chord: E7 Tones:[E, F#, G#, B, C#, D] Note being tested: C#5
Accepted Note: C#5
Chord: E7 Tones:[E, F#, G#, B, C#, D] Note being tested: F5
Chord: E7 Tones:[E, F#, G#, B, C#, D] Note being tested: A5
Chord: E7 Tones:[E, F#, G#, B, C#, D] Note being tested: G4
Chord: E7 Tones:[E, F#, G#, B, C#, D] Note being tested: A4
Chord: E7 Tones:[E, F#, G#, B, C#, D] Note being tested: C#5
Accepted Note: C#5
Chord: E7 Tones:[E, F#, G#, B, C#, D] Note being tested: F5
Chord: E7 Tones:[E, F#, G#, B, C#, D] Note being tested: A5
Chord: E7 Tones:[E, F#, G#, B, C#, D] Note being tested: G4
Chord: E7 Tones:[E, F#, G#, B, C#, D] Note being tested: A4
Chord: E7 Tones:[E, F#, G#, B, C#, D] Note being tested: C#5
Accepted Note: C#5
Chord: E7 Tones:[E, F#, G#, B, C#, D] Note being tested: F5
Chord: E7 Tones:[E, F#, G#, B, C#, D] Note being tested: A5
Chord: E7 Tones:[E, F#, G#, B, C#, D] Note being tested: G4
Chord: E7 Tones:[E, F#, G#, B, C#, D] Note being tested: A4
Chord: E7 Tones:[E, F#, G#, B, C#, D] Note being tested: C#5
Accepted Note: C#5
Chord: E7 Tones:[E, F#, G#, B, C#, D] Note being tested: F5
Chord: E7 Tones:[E, F#, G#, B, C#, D] Note being tested: A5
Chord: E7 Tones:[E, F#, G#, B, C#, D] Note being tested: G4
Chord: E7 Tones:[E, F#, G#, B, C#, D] Note being tested: A4
Chord: E7 Tones:[E, F#, G#, B, C#, D] Note being tested: C#5
Accepted Note: C#5
Chord: E7 Tones:[E, F#, G#, B, C#, D] Note being tested: F5
Chord: E7 Tones:[E, F#, G#, B, C#, D] Note being tested: A5
Chord: E7 Tones:[E, F#, G#, B, C#, D] Note being tested: E4
Accepted Note: E4
Chord: E7 Tones:[E, F#, G#, B, C#, D] Note being tested: G4
Chord: E7 Tones:[E, F#, G#, B, C#, D] Note being tested: G#4
Accepted Note: G#4
Chord: E7 Tones:[E, F#, G#, B, C#, D] Note being tested: B4
Accepted Note: B4
Chord: E7 Tones:[E, F#, G#, B, C#, D] Note being tested: D5
Accepted Note: D5
Chord: E7 Tones:[E, F#, G#, B, C#, D] Note being tested: F5
Chord: E7 Tones:[E, F#, G#, B, C#, D] Note being tested: G#5
Accepted Note: G#5
Chord: E7 Tones:[E, F#, G#, B, C#, D] Note being tested: E5
Accepted Note: E5
Chord: E7 Tones:[E, F#, G#, B, C#, D] Note being tested: G5
Chord: E7 Tones:[E, F#, G#, B, C#, D] Note being tested: C#5
Accepted Note: C#5
Chord: E7 Tones:[E, F#, G#, B, C#, D] Note being tested: F#4
Accepted Note: F#4
Chord: E7 Tones:[E, F#, G#, B, C#, D] Note being tested: D#5
Chord: E7 Tones:[E, F#, G#, B, C#, D] Note being tested: A4
Chord: E7 Tones:[E, F#, G#, B, C#, D] Note being tested: B4
Accepted Note: B4
Chord: E7 Tones:[E, F#, G#, B, C#, D] Note being tested: A#4
Chord: E7 Tones:[E, F#, G#, B, C#, D] Note being tested: G#4
Accepted Note: G#4
Chord: E7 Tones:[E, F#, G#, B, C#, D] Note being tested: G4
Chord: E7 Tones:[E, F#, G#, B, C#, D] Note being tested: F#4
Accepted Note: F#4
Chord: E7 Tones:[E, F#, G#, B, C#, D] Note being tested: F4
Chord: E7 Tones:[E, F#, G#, B, C#, D] Note being tested: E4
Accepted Note: E4
Chord: E7 Tones:[E, F#, G#, B, C#, D] Note being tested: D4
Accepted Note: D4
Chord: E7 Tones:[E, F#, G#, B, C#, D] Note being tested: D#4
Chord: E7 Tones:[E, F#, G#, B, C#, D] Note being tested: G4
Chord: E7 Tones:[E, F#, G#, B, C#, D] Note being tested: A#4
Chord: E7 Tones:[E, F#, G#, B, C#, D] Note being tested: G4
Chord: E7 Tones:[E, F#, G#, B, C#, D] Note being tested: A4
Chord: E7 Tones:[E, F#, G#, B, C#, D] Note being tested: C#5
Accepted Note: C#5
Chord: E7 Tones:[E, F#, G#, B, C#, D] Note being tested: F5
Chord: E7 Tones:[E, F#, G#, B, C#, D] Note being tested: A5
Chord: E7 Tones:[E, F#, G#, B, C#, D] Note being tested: G4
Chord: E7 Tones:[E, F#, G#, B, C#, D] Note being tested: A4
Chord: E7 Tones:[E, F#, G#, B, C#, D] Note being tested: C#5
Accepted Note: C#5
Chord: E7 Tones:[E, F#, G#, B, C#, D] Note being tested: F5
Chord: E7 Tones:[E, F#, G#, B, C#, D] Note being tested: A5
Chord: E7 Tones:[E, F#, G#, B, C#, D] Note being tested: G4
Chord: E7 Tones:[E, F#, G#, B, C#, D] Note being tested: A4
Chord: E7 Tones:[E, F#, G#, B, C#, D] Note being tested: C#5
Accepted Note: C#5
Chord: E7 Tones:[E, F#, G#, B, C#, D] Note being tested: F5
Chord: E7 Tones:[E, F#, G#, B, C#, D] Note being tested: A5
Chord: E7 Tones:[E, F#, G#, B, C#, D] Note being tested: B4
Accepted Note: B4
Chord: E7 Tones:[E, F#, G#, B, C#, D] Note being tested: A#4
Chord: E7 Tones:[E, F#, G#, B, C#, D] Note being tested: G#4
Accepted Note: G#4
Chord: E7 Tones:[E, F#, G#, B, C#, D] Note being tested: G4
Chord: E7 Tones:[E, F#, G#, B, C#, D] Note being tested: F#4
Accepted Note: F#4
Chord: E7 Tones:[E, F#, G#, B, C#, D] Note being tested: F4
Chord: E7 Tones:[E, F#, G#, B, C#, D] Note being tested: E4
Accepted Note: E4
Chord: E7 Tones:[E, F#, G#, B, C#, D] Note being tested: D4
Accepted Note: D4
Chord: E7 Tones:[E, F#, G#, B, C#, D] Note being tested: D#4
Chord: E7 Tones:[E, F#, G#, B, C#, D] Note being tested: A#4
Chord: E7 Tones:[E, F#, G#, B, C#, D] Note being tested: B4
Accepted Note: B4
Chord: E7 Tones:[E, F#, G#, B, C#, D] Note being tested: A#4
Chord: E7 Tones:[E, F#, G#, B, C#, D] Note being tested: G#4
Accepted Note: G#4
Chord: E7 Tones:[E, F#, G#, B, C#, D] Note being tested: G4
Chord: E7 Tones:[E, F#, G#, B, C#, D] Note being tested: F#4
Accepted Note: F#4
Chord: E7 Tones:[E, F#, G#, B, C#, D] Note being tested: F4
Chord: E7 Tones:[E, F#, G#, B, C#, D] Note being tested: E4
Accepted Note: E4
Chord: E7 Tones:[E, F#, G#, B, C#, D] Note being tested: D4
Accepted Note: D4
Chord: E7 Tones:[E, F#, G#, B, C#, D] Note being tested: D#4
Chord: B7 Tones:[B, C#, D#, F#, G#, A] Note being tested: E4
Chord: B7 Tones:[B, C#, D#, F#, G#, A] Note being tested: G4
Chord: B7 Tones:[B, C#, D#, F#, G#, A] Note being tested: G#4
Accepted Note: G#4
Chord: B7 Tones:[B, C#, D#, F#, G#, A] Note being tested: B4
Accepted Note: B4
Chord: B7 Tones:[B, C#, D#, F#, G#, A] Note being tested: D5
Chord: B7 Tones:[B, C#, D#, F#, G#, A] Note being tested: F5
Chord: B7 Tones:[B, C#, D#, F#, G#, A] Note being tested: G#5
Accepted Note: G#5
Chord: B7 Tones:[B, C#, D#, F#, G#, A] Note being tested: E5
Chord: B7 Tones:[B, C#, D#, F#, G#, A] Note being tested: G5
Chord: B7 Tones:[B, C#, D#, F#, G#, A] Note being tested: C#5
Accepted Note: C#5
Chord: B7 Tones:[B, C#, D#, F#, G#, A] Note being tested: F#4
Accepted Note: F#4
Chord: B7 Tones:[B, C#, D#, F#, G#, A] Note being tested: D#5
Accepted Note: D#5
Chord: B7 Tones:[B, C#, D#, F#, G#, A] Note being tested: A4
Accepted Note: A4
Chord: B7 Tones:[B, C#, D#, F#, G#, A] Note being tested: E4
Chord: B7 Tones:[B, C#, D#, F#, G#, A] Note being tested: G4
Chord: B7 Tones:[B, C#, D#, F#, G#, A] Note being tested: G#4
Accepted Note: G#4
Chord: B7 Tones:[B, C#, D#, F#, G#, A] Note being tested: B4
Accepted Note: B4
Chord: B7 Tones:[B, C#, D#, F#, G#, A] Note being tested: D5
Chord: B7 Tones:[B, C#, D#, F#, G#, A] Note being tested: F5
Chord: B7 Tones:[B, C#, D#, F#, G#, A] Note being tested: G#5
Accepted Note: G#5
Chord: B7 Tones:[B, C#, D#, F#, G#, A] Note being tested: E5
Chord: B7 Tones:[B, C#, D#, F#, G#, A] Note being tested: G5
Chord: B7 Tones:[B, C#, D#, F#, G#, A] Note being tested: C#5
Accepted Note: C#5
Chord: B7 Tones:[B, C#, D#, F#, G#, A] Note being tested: F#4
Accepted Note: F#4
Chord: B7 Tones:[B, C#, D#, F#, G#, A] Note being tested: D#5
Accepted Note: D#5
Chord: B7 Tones:[B, C#, D#, F#, G#, A] Note being tested: A4
Accepted Note: A4
Chord: B7 Tones:[B, C#, D#, F#, G#, A] Note being tested: E4
Chord: B7 Tones:[B, C#, D#, F#, G#, A] Note being tested: G4
Chord: B7 Tones:[B, C#, D#, F#, G#, A] Note being tested: G#4
Accepted Note: G#4
Chord: B7 Tones:[B, C#, D#, F#, G#, A] Note being tested: B4
Accepted Note: B4
Chord: B7 Tones:[B, C#, D#, F#, G#, A] Note being tested: D5
Chord: B7 Tones:[B, C#, D#, F#, G#, A] Note being tested: F5
Chord: B7 Tones:[B, C#, D#, F#, G#, A] Note being tested: G#5
Accepted Note: G#5
Chord: B7 Tones:[B, C#, D#, F#, G#, A] Note being tested: E5
Chord: B7 Tones:[B, C#, D#, F#, G#, A] Note being tested: G5
Chord: B7 Tones:[B, C#, D#, F#, G#, A] Note being tested: C#5
Accepted Note: C#5
Chord: B7 Tones:[B, C#, D#, F#, G#, A] Note being tested: F#4
Accepted Note: F#4
Chord: B7 Tones:[B, C#, D#, F#, G#, A] Note being tested: D#5
Accepted Note: D#5
Chord: B7 Tones:[B, C#, D#, F#, G#, A] Note being tested: A4
Accepted Note: A4
Chord: B7 Tones:[B, C#, D#, F#, G#, A] Note being tested: A#4
Chord: B7 Tones:[B, C#, D#, F#, G#, A] Note being tested: G4
Chord: B7 Tones:[B, C#, D#, F#, G#, A] Note being tested: A4
Accepted Note: A4
Chord: B7 Tones:[B, C#, D#, F#, G#, A] Note being tested: C#5
Accepted Note: C#5
Chord: B7 Tones:[B, C#, D#, F#, G#, A] Note being tested: F5
Chord: B7 Tones:[B, C#, D#, F#, G#, A] Note being tested: A5
Accepted Note: A5
Chord: B7 Tones:[B, C#, D#, F#, G#, A] Note being tested: G4
Chord: B7 Tones:[B, C#, D#, F#, G#, A] Note being tested: A4
Accepted Note: A4
Chord: B7 Tones:[B, C#, D#, F#, G#, A] Note being tested: C#5
Accepted Note: C#5
Chord: B7 Tones:[B, C#, D#, F#, G#, A] Note being tested: F5
Chord: B7 Tones:[B, C#, D#, F#, G#, A] Note being tested: A5
Accepted Note: A5
Chord: B7 Tones:[B, C#, D#, F#, G#, A] Note being tested: G4
Chord: B7 Tones:[B, C#, D#, F#, G#, A] Note being tested: A4
Accepted Note: A4
Chord: B7 Tones:[B, C#, D#, F#, G#, A] Note being tested: C#5
Accepted Note: C#5
Chord: B7 Tones:[B, C#, D#, F#, G#, A] Note being tested: F5
Chord: B7 Tones:[B, C#, D#, F#, G#, A] Note being tested: A5
Accepted Note: A5
Chord: B7 Tones:[B, C#, D#, F#, G#, A] Note being tested: E4
Chord: B7 Tones:[B, C#, D#, F#, G#, A] Note being tested: G4
Chord: B7 Tones:[B, C#, D#, F#, G#, A] Note being tested: G#4
Accepted Note: G#4
Chord: B7 Tones:[B, C#, D#, F#, G#, A] Note being tested: B4
Accepted Note: B4
Chord: B7 Tones:[B, C#, D#, F#, G#, A] Note being tested: D5
Chord: B7 Tones:[B, C#, D#, F#, G#, A] Note being tested: F5
Chord: B7 Tones:[B, C#, D#, F#, G#, A] Note being tested: G#5
Accepted Note: G#5
Chord: B7 Tones:[B, C#, D#, F#, G#, A] Note being tested: E5
Chord: B7 Tones:[B, C#, D#, F#, G#, A] Note being tested: G5
Chord: B7 Tones:[B, C#, D#, F#, G#, A] Note being tested: C#5
Accepted Note: C#5
Chord: B7 Tones:[B, C#, D#, F#, G#, A] Note being tested: F#4
Accepted Note: F#4
Chord: B7 Tones:[B, C#, D#, F#, G#, A] Note being tested: D#5
Accepted Note: D#5
Chord: B7 Tones:[B, C#, D#, F#, G#, A] Note being tested: A4
Accepted Note: A4
Chord: B7 Tones:[B, C#, D#, F#, G#, A] Note being tested: E4
Chord: B7 Tones:[B, C#, D#, F#, G#, A] Note being tested: G4
Chord: B7 Tones:[B, C#, D#, F#, G#, A] Note being tested: G#4
Accepted Note: G#4
Chord: B7 Tones:[B, C#, D#, F#, G#, A] Note being tested: B4
Accepted Note: B4
Chord: B7 Tones:[B, C#, D#, F#, G#, A] Note being tested: D5
Chord: B7 Tones:[B, C#, D#, F#, G#, A] Note being tested: F5
Chord: B7 Tones:[B, C#, D#, F#, G#, A] Note being tested: G#5
Accepted Note: G#5
Chord: B7 Tones:[B, C#, D#, F#, G#, A] Note being tested: E5
Chord: B7 Tones:[B, C#, D#, F#, G#, A] Note being tested: G5
Chord: B7 Tones:[B, C#, D#, F#, G#, A] Note being tested: C#5
Accepted Note: C#5
Chord: B7 Tones:[B, C#, D#, F#, G#, A] Note being tested: F#4
Accepted Note: F#4
Chord: B7 Tones:[B, C#, D#, F#, G#, A] Note being tested: D#5
Accepted Note: D#5
Chord: B7 Tones:[B, C#, D#, F#, G#, A] Note being tested: A4
Accepted Note: A4
Chord: B7 Tones:[B, C#, D#, F#, G#, A] Note being tested: E4
Chord: B7 Tones:[B, C#, D#, F#, G#, A] Note being tested: G4
Chord: B7 Tones:[B, C#, D#, F#, G#, A] Note being tested: G#4
Accepted Note: G#4
Chord: B7 Tones:[B, C#, D#, F#, G#, A] Note being tested: B4
Accepted Note: B4
Chord: B7 Tones:[B, C#, D#, F#, G#, A] Note being tested: D5
Chord: B7 Tones:[B, C#, D#, F#, G#, A] Note being tested: F5
Chord: B7 Tones:[B, C#, D#, F#, G#, A] Note being tested: G#5
Accepted Note: G#5
Chord: B7 Tones:[B, C#, D#, F#, G#, A] Note being tested: E5
Chord: B7 Tones:[B, C#, D#, F#, G#, A] Note being tested: G5
Chord: B7 Tones:[B, C#, D#, F#, G#, A] Note being tested: C#5
Accepted Note: C#5
Chord: B7 Tones:[B, C#, D#, F#, G#, A] Note being tested: F#4
Accepted Note: F#4
Chord: B7 Tones:[B, C#, D#, F#, G#, A] Note being tested: D#5
Accepted Note: D#5
Chord: B7 Tones:[B, C#, D#, F#, G#, A] Note being tested: A4
Accepted Note: A4
Chord: B7 Tones:[B, C#, D#, F#, G#, A] Note being tested: G4
Chord: B7 Tones:[B, C#, D#, F#, G#, A] Note being tested: A4
Accepted Note: A4
Chord: B7 Tones:[B, C#, D#, F#, G#, A] Note being tested: C#5
Accepted Note: C#5
Chord: B7 Tones:[B, C#, D#, F#, G#, A] Note being tested: F5
Chord: B7 Tones:[B, C#, D#, F#, G#, A] Note being tested: A5
Accepted Note: A5
Chord: B7 Tones:[B, C#, D#, F#, G#, A] Note being tested: G4
Chord: B7 Tones:[B, C#, D#, F#, G#, A] Note being tested: A4
Accepted Note: A4
Chord: B7 Tones:[B, C#, D#, F#, G#, A] Note being tested: C#5
Accepted Note: C#5
Chord: B7 Tones:[B, C#, D#, F#, G#, A] Note being tested: F5
Chord: B7 Tones:[B, C#, D#, F#, G#, A] Note being tested: A5
Accepted Note: A5
Chord: B7 Tones:[B, C#, D#, F#, G#, A] Note being tested: G4
Chord: B7 Tones:[B, C#, D#, F#, G#, A] Note being tested: A4
Accepted Note: A4
Chord: B7 Tones:[B, C#, D#, F#, G#, A] Note being tested: C#5
Accepted Note: C#5
Chord: B7 Tones:[B, C#, D#, F#, G#, A] Note being tested: F5
Chord: B7 Tones:[B, C#, D#, F#, G#, A] Note being tested: A5
Accepted Note: A5
Chord: B7 Tones:[B, C#, D#, F#, G#, A] Note being tested: B4
Accepted Note: B4
Chord: B7 Tones:[B, C#, D#, F#, G#, A] Note being tested: A#4
Chord: B7 Tones:[B, C#, D#, F#, G#, A] Note being tested: G#4
Accepted Note: G#4
Chord: B7 Tones:[B, C#, D#, F#, G#, A] Note being tested: G4
Chord: B7 Tones:[B, C#, D#, F#, G#, A] Note being tested: F#4
Accepted Note: F#4
Chord: B7 Tones:[B, C#, D#, F#, G#, A] Note being tested: F4
Chord: B7 Tones:[B, C#, D#, F#, G#, A] Note being tested: E4
Chord: B7 Tones:[B, C#, D#, F#, G#, A] Note being tested: D4
Chord: B7 Tones:[B, C#, D#, F#, G#, A] Note being tested: D#4
Accepted Note: D#4
Chord: B7 Tones:[B, C#, D#, F#, G#, A] Note being tested: G4
Chord: B7 Tones:[B, C#, D#, F#, G#, A] Note being tested: A4
Accepted Note: A4
Chord: B7 Tones:[B, C#, D#, F#, G#, A] Note being tested: C#5
Accepted Note: C#5
Chord: B7 Tones:[B, C#, D#, F#, G#, A] Note being tested: F5
Chord: B7 Tones:[B, C#, D#, F#, G#, A] Note being tested: A5
Accepted Note: A5
Chord: B7 Tones:[B, C#, D#, F#, G#, A] Note being tested: G4
Chord: B7 Tones:[B, C#, D#, F#, G#, A] Note being tested: A4
Accepted Note: A4
Chord: B7 Tones:[B, C#, D#, F#, G#, A] Note being tested: C#5
Accepted Note: C#5
Chord: B7 Tones:[B, C#, D#, F#, G#, A] Note being tested: F5
Chord: B7 Tones:[B, C#, D#, F#, G#, A] Note being tested: A5
Accepted Note: A5
Chord: B7 Tones:[B, C#, D#, F#, G#, A] Note being tested: G4
Chord: B7 Tones:[B, C#, D#, F#, G#, A] Note being tested: A4
Accepted Note: A4
Chord: B7 Tones:[B, C#, D#, F#, G#, A] Note being tested: C#5
Accepted Note: C#5
Chord: B7 Tones:[B, C#, D#, F#, G#, A] Note being tested: F5
Chord: B7 Tones:[B, C#, D#, F#, G#, A] Note being tested: A5
Accepted Note: A5
Chord: B7 Tones:[B, C#, D#, F#, G#, A] Note being tested: A#4
Chord: B7 Tones:[B, C#, D#, F#, G#, A] Note being tested: B4
Accepted Note: B4
Chord: B7 Tones:[B, C#, D#, F#, G#, A] Note being tested: A#4
Chord: B7 Tones:[B, C#, D#, F#, G#, A] Note being tested: G#4
Accepted Note: G#4
Chord: B7 Tones:[B, C#, D#, F#, G#, A] Note being tested: G4
Chord: B7 Tones:[B, C#, D#, F#, G#, A] Note being tested: F#4
Accepted Note: F#4
Chord: B7 Tones:[B, C#, D#, F#, G#, A] Note being tested: F4
Chord: B7 Tones:[B, C#, D#, F#, G#, A] Note being tested: E4
Chord: B7 Tones:[B, C#, D#, F#, G#, A] Note being tested: D4
Chord: B7 Tones:[B, C#, D#, F#, G#, A] Note being tested: D#4
Accepted Note: D#4
Chord: B7 Tones:[B, C#, D#, F#, G#, A] Note being tested: G4
Chord: B7 Tones:[B, C#, D#, F#, G#, A] Note being tested: A4
Accepted Note: A4
Chord: B7 Tones:[B, C#, D#, F#, G#, A] Note being tested: C#5
Accepted Note: C#5
Chord: B7 Tones:[B, C#, D#, F#, G#, A] Note being tested: F5
Chord: B7 Tones:[B, C#, D#, F#, G#, A] Note being tested: A5
Accepted Note: A5
Chord: B7 Tones:[B, C#, D#, F#, G#, A] Note being tested: G4
Chord: B7 Tones:[B, C#, D#, F#, G#, A] Note being tested: A4
Accepted Note: A4
Chord: B7 Tones:[B, C#, D#, F#, G#, A] Note being tested: C#5
Accepted Note: C#5
Chord: B7 Tones:[B, C#, D#, F#, G#, A] Note being tested: F5
Chord: B7 Tones:[B, C#, D#, F#, G#, A] Note being tested: A5
Accepted Note: A5
Chord: B7 Tones:[B, C#, D#, F#, G#, A] Note being tested: G4
Chord: B7 Tones:[B, C#, D#, F#, G#, A] Note being tested: A4
Accepted Note: A4
Chord: B7 Tones:[B, C#, D#, F#, G#, A] Note being tested: C#5
Accepted Note: C#5
Chord: B7 Tones:[B, C#, D#, F#, G#, A] Note being tested: F5
Chord: B7 Tones:[B, C#, D#, F#, G#, A] Note being tested: A5
Accepted Note: A5
Chord: B7 Tones:[B, C#, D#, F#, G#, A] Note being tested: A#4
Chord: B7 Tones:[B, C#, D#, F#, G#, A] Note being tested: G4
Chord: B7 Tones:[B, C#, D#, F#, G#, A] Note being tested: A4
Accepted Note: A4
Chord: B7 Tones:[B, C#, D#, F#, G#, A] Note being tested: C#5
Accepted Note: C#5
Chord: B7 Tones:[B, C#, D#, F#, G#, A] Note being tested: F5
Chord: B7 Tones:[B, C#, D#, F#, G#, A] Note being tested: A5
Accepted Note: A5
Chord: B7 Tones:[B, C#, D#, F#, G#, A] Note being tested: G4
Chord: B7 Tones:[B, C#, D#, F#, G#, A] Note being tested: A4
Accepted Note: A4
Chord: B7 Tones:[B, C#, D#, F#, G#, A] Note being tested: C#5
Accepted Note: C#5
Chord: B7 Tones:[B, C#, D#, F#, G#, A] Note being tested: F5
Chord: B7 Tones:[B, C#, D#, F#, G#, A] Note being tested: A5
Accepted Note: A5
Chord: B7 Tones:[B, C#, D#, F#, G#, A] Note being tested: G4
Chord: B7 Tones:[B, C#, D#, F#, G#, A] Note being tested: A4
Accepted Note: A4
Chord: B7 Tones:[B, C#, D#, F#, G#, A] Note being tested: C#5
Accepted Note: C#5
Chord: B7 Tones:[B, C#, D#, F#, G#, A] Note being tested: F5
Chord: B7 Tones:[B, C#, D#, F#, G#, A] Note being tested: A5
Accepted Note: A5
Chord: B7 Tones:[B, C#, D#, F#, G#, A] Note being tested: G4
Chord: B7 Tones:[B, C#, D#, F#, G#, A] Note being tested: A4
Accepted Note: A4
Chord: B7 Tones:[B, C#, D#, F#, G#, A] Note being tested: C#5
Accepted Note: C#5
Chord: B7 Tones:[B, C#, D#, F#, G#, A] Note being tested: F5
Chord: B7 Tones:[B, C#, D#, F#, G#, A] Note being tested: A5
Accepted Note: A5
Chord: B7 Tones:[B, C#, D#, F#, G#, A] Note being tested: G4
Chord: B7 Tones:[B, C#, D#, F#, G#, A] Note being tested: A4
Accepted Note: A4
Chord: B7 Tones:[B, C#, D#, F#, G#, A] Note being tested: C#5
Accepted Note: C#5
Chord: B7 Tones:[B, C#, D#, F#, G#, A] Note being tested: F5
Chord: B7 Tones:[B, C#, D#, F#, G#, A] Note being tested: A5
Accepted Note: A5
Chord: B7 Tones:[B, C#, D#, F#, G#, A] Note being tested: G4
Chord: B7 Tones:[B, C#, D#, F#, G#, A] Note being tested: A4
Accepted Note: A4
Chord: B7 Tones:[B, C#, D#, F#, G#, A] Note being tested: C#5
Accepted Note: C#5
Chord: B7 Tones:[B, C#, D#, F#, G#, A] Note being tested: F5
Chord: B7 Tones:[B, C#, D#, F#, G#, A] Note being tested: A5
Accepted Note: A5
Chord: B7 Tones:[B, C#, D#, F#, G#, A] Note being tested: E4
Chord: B7 Tones:[B, C#, D#, F#, G#, A] Note being tested: G4
Chord: B7 Tones:[B, C#, D#, F#, G#, A] Note being tested: G#4
Accepted Note: G#4
Chord: B7 Tones:[B, C#, D#, F#, G#, A] Note being tested: B4
Accepted Note: B4
Chord: B7 Tones:[B, C#, D#, F#, G#, A] Note being tested: D5
Chord: B7 Tones:[B, C#, D#, F#, G#, A] Note being tested: F5
Chord: B7 Tones:[B, C#, D#, F#, G#, A] Note being tested: G#5
Accepted Note: G#5
Chord: B7 Tones:[B, C#, D#, F#, G#, A] Note being tested: E5
Chord: B7 Tones:[B, C#, D#, F#, G#, A] Note being tested: G5
Chord: B7 Tones:[B, C#, D#, F#, G#, A] Note being tested: C#5
Accepted Note: C#5
Chord: B7 Tones:[B, C#, D#, F#, G#, A] Note being tested: F#4
Accepted Note: F#4
Chord: B7 Tones:[B, C#, D#, F#, G#, A] Note being tested: D#5
Accepted Note: D#5
Chord: B7 Tones:[B, C#, D#, F#, G#, A] Note being tested: A4
Accepted Note: A4
Chord: B7 Tones:[B, C#, D#, F#, G#, A] Note being tested: E4
Chord: B7 Tones:[B, C#, D#, F#, G#, A] Note being tested: G4
Chord: B7 Tones:[B, C#, D#, F#, G#, A] Note being tested: G#4
Accepted Note: G#4
Chord: B7 Tones:[B, C#, D#, F#, G#, A] Note being tested: B4
Accepted Note: B4
Chord: B7 Tones:[B, C#, D#, F#, G#, A] Note being tested: D5
Chord: B7 Tones:[B, C#, D#, F#, G#, A] Note being tested: F5
Chord: B7 Tones:[B, C#, D#, F#, G#, A] Note being tested: G#5
Accepted Note: G#5
Chord: B7 Tones:[B, C#, D#, F#, G#, A] Note being tested: E5
Chord: B7 Tones:[B, C#, D#, F#, G#, A] Note being tested: G5
Chord: B7 Tones:[B, C#, D#, F#, G#, A] Note being tested: C#5
Accepted Note: C#5
Chord: B7 Tones:[B, C#, D#, F#, G#, A] Note being tested: F#4
Accepted Note: F#4
Chord: B7 Tones:[B, C#, D#, F#, G#, A] Note being tested: D#5
Accepted Note: D#5
Chord: B7 Tones:[B, C#, D#, F#, G#, A] Note being tested: A4
Accepted Note: A4
Chord: B7 Tones:[B, C#, D#, F#, G#, A] Note being tested: E4
Chord: B7 Tones:[B, C#, D#, F#, G#, A] Note being tested: G4
Chord: B7 Tones:[B, C#, D#, F#, G#, A] Note being tested: G#4
Accepted Note: G#4
Chord: B7 Tones:[B, C#, D#, F#, G#, A] Note being tested: B4
Accepted Note: B4
Chord: B7 Tones:[B, C#, D#, F#, G#, A] Note being tested: D5
Chord: B7 Tones:[B, C#, D#, F#, G#, A] Note being tested: F5
Chord: B7 Tones:[B, C#, D#, F#, G#, A] Note being tested: G#5
Accepted Note: G#5
Chord: B7 Tones:[B, C#, D#, F#, G#, A] Note being tested: E5
Chord: B7 Tones:[B, C#, D#, F#, G#, A] Note being tested: G5
Chord: B7 Tones:[B, C#, D#, F#, G#, A] Note being tested: C#5
Accepted Note: C#5
Chord: B7 Tones:[B, C#, D#, F#, G#, A] Note being tested: F#4
Accepted Note: F#4
Chord: B7 Tones:[B, C#, D#, F#, G#, A] Note being tested: D#5
Accepted Note: D#5
Chord: B7 Tones:[B, C#, D#, F#, G#, A] Note being tested: A4
Accepted Note: A4
Chord: B7 Tones:[B, C#, D#, F#, G#, A] Note being tested: E4
Chord: B7 Tones:[B, C#, D#, F#, G#, A] Note being tested: G4
Chord: B7 Tones:[B, C#, D#, F#, G#, A] Note being tested: G#4
Accepted Note: G#4
Chord: B7 Tones:[B, C#, D#, F#, G#, A] Note being tested: B4
Accepted Note: B4
Chord: B7 Tones:[B, C#, D#, F#, G#, A] Note being tested: D5
Chord: B7 Tones:[B, C#, D#, F#, G#, A] Note being tested: F5
Chord: B7 Tones:[B, C#, D#, F#, G#, A] Note being tested: G#5
Accepted Note: G#5
Chord: B7 Tones:[B, C#, D#, F#, G#, A] Note being tested: E5
Chord: B7 Tones:[B, C#, D#, F#, G#, A] Note being tested: G5
Chord: B7 Tones:[B, C#, D#, F#, G#, A] Note being tested: C#5
Accepted Note: C#5
Chord: B7 Tones:[B, C#, D#, F#, G#, A] Note being tested: F#4
Accepted Note: F#4
Chord: B7 Tones:[B, C#, D#, F#, G#, A] Note being tested: D#5
Accepted Note: D#5
Chord: B7 Tones:[B, C#, D#, F#, G#, A] Note being tested: A4
Accepted Note: A4
Chord: B7 Tones:[B, C#, D#, F#, G#, A] Note being tested: B4
Accepted Note: B4
Chord: B7 Tones:[B, C#, D#, F#, G#, A] Note being tested: A#4
Chord: B7 Tones:[B, C#, D#, F#, G#, A] Note being tested: G#4
Accepted Note: G#4
Chord: B7 Tones:[B, C#, D#, F#, G#, A] Note being tested: G4
Chord: B7 Tones:[B, C#, D#, F#, G#, A] Note being tested: F#4
Accepted Note: F#4
Chord: B7 Tones:[B, C#, D#, F#, G#, A] Note being tested: F4
Chord: B7 Tones:[B, C#, D#, F#, G#, A] Note being tested: E4
Chord: B7 Tones:[B, C#, D#, F#, G#, A] Note being tested: D4
Chord: B7 Tones:[B, C#, D#, F#, G#, A] Note being tested: D#4
Accepted Note: D#4
Chord: B7 Tones:[B, C#, D#, F#, G#, A] Note being tested: B4
Accepted Note: B4
Chord: B7 Tones:[B, C#, D#, F#, G#, A] Note being tested: A#4
Chord: B7 Tones:[B, C#, D#, F#, G#, A] Note being tested: G#4
Accepted Note: G#4
Chord: B7 Tones:[B, C#, D#, F#, G#, A] Note being tested: G4
Chord: B7 Tones:[B, C#, D#, F#, G#, A] Note being tested: F#4
Accepted Note: F#4
Chord: B7 Tones:[B, C#, D#, F#, G#, A] Note being tested: F4
Chord: B7 Tones:[B, C#, D#, F#, G#, A] Note being tested: E4
Chord: B7 Tones:[B, C#, D#, F#, G#, A] Note being tested: D4
Chord: B7 Tones:[B, C#, D#, F#, G#, A] Note being tested: D#4
Accepted Note: D#4
Chord: B7 Tones:[B, C#, D#, F#, G#, A] Note being tested: B4
Accepted Note: B4
Chord: B7 Tones:[B, C#, D#, F#, G#, A] Note being tested: A#4
Chord: B7 Tones:[B, C#, D#, F#, G#, A] Note being tested: G#4
Accepted Note: G#4
Chord: B7 Tones:[B, C#, D#, F#, G#, A] Note being tested: G4
Chord: B7 Tones:[B, C#, D#, F#, G#, A] Note being tested: F#4
Accepted Note: F#4
Chord: B7 Tones:[B, C#, D#, F#, G#, A] Note being tested: F4
Chord: B7 Tones:[B, C#, D#, F#, G#, A] Note being tested: E4
Chord: B7 Tones:[B, C#, D#, F#, G#, A] Note being tested: D4
Chord: B7 Tones:[B, C#, D#, F#, G#, A] Note being tested: D#4
Accepted Note: D#4
Chord: B7 Tones:[B, C#, D#, F#, G#, A] Note being tested: B4
Accepted Note: B4
Chord: B7 Tones:[B, C#, D#, F#, G#, A] Note being tested: A#4
Chord: B7 Tones:[B, C#, D#, F#, G#, A] Note being tested: G#4
Accepted Note: G#4
Chord: B7 Tones:[B, C#, D#, F#, G#, A] Note being tested: G4
Chord: B7 Tones:[B, C#, D#, F#, G#, A] Note being tested: F#4
Accepted Note: F#4
Chord: B7 Tones:[B, C#, D#, F#, G#, A] Note being tested: F4
Chord: B7 Tones:[B, C#, D#, F#, G#, A] Note being tested: E4
Chord: B7 Tones:[B, C#, D#, F#, G#, A] Note being tested: D4
Chord: B7 Tones:[B, C#, D#, F#, G#, A] Note being tested: D#4
Accepted Note: D#4
Chord: B7 Tones:[B, C#, D#, F#, G#, A] Note being tested: E5
Chord: B7 Tones:[B, C#, D#, F#, G#, A] Note being tested: E4
Chord: B7 Tones:[B, C#, D#, F#, G#, A] Note being tested: G4
Chord: B7 Tones:[B, C#, D#, F#, G#, A] Note being tested: G#4
Accepted Note: G#4
Chord: B7 Tones:[B, C#, D#, F#, G#, A] Note being tested: B4
Accepted Note: B4
Chord: B7 Tones:[B, C#, D#, F#, G#, A] Note being tested: D5
Chord: B7 Tones:[B, C#, D#, F#, G#, A] Note being tested: F5
Chord: B7 Tones:[B, C#, D#, F#, G#, A] Note being tested: G#5
Accepted Note: G#5
Chord: B7 Tones:[B, C#, D#, F#, G#, A] Note being tested: E5
Chord: B7 Tones:[B, C#, D#, F#, G#, A] Note being tested: G5
Chord: B7 Tones:[B, C#, D#, F#, G#, A] Note being tested: C#5
Accepted Note: C#5
Chord: B7 Tones:[B, C#, D#, F#, G#, A] Note being tested: F#4
Accepted Note: F#4
Chord: B7 Tones:[B, C#, D#, F#, G#, A] Note being tested: D#5
Accepted Note: D#5
Chord: B7 Tones:[B, C#, D#, F#, G#, A] Note being tested: A4
Accepted Note: A4
Chord: B7 Tones:[B, C#, D#, F#, G#, A] Note being tested: E4
Chord: B7 Tones:[B, C#, D#, F#, G#, A] Note being tested: G4
Chord: B7 Tones:[B, C#, D#, F#, G#, A] Note being tested: G#4
Accepted Note: G#4
Chord: B7 Tones:[B, C#, D#, F#, G#, A] Note being tested: B4
Accepted Note: B4
Chord: B7 Tones:[B, C#, D#, F#, G#, A] Note being tested: D5
Chord: B7 Tones:[B, C#, D#, F#, G#, A] Note being tested: F5
Chord: B7 Tones:[B, C#, D#, F#, G#, A] Note being tested: G#5
Accepted Note: G#5
Chord: B7 Tones:[B, C#, D#, F#, G#, A] Note being tested: E5
Chord: B7 Tones:[B, C#, D#, F#, G#, A] Note being tested: G5
Chord: B7 Tones:[B, C#, D#, F#, G#, A] Note being tested: C#5
Accepted Note: C#5
Chord: B7 Tones:[B, C#, D#, F#, G#, A] Note being tested: F#4
Accepted Note: F#4
Chord: B7 Tones:[B, C#, D#, F#, G#, A] Note being tested: D#5
Accepted Note: D#5
Chord: B7 Tones:[B, C#, D#, F#, G#, A] Note being tested: A4
Accepted Note: A4
Chord: B7 Tones:[B, C#, D#, F#, G#, A] Note being tested: E4
Chord: B7 Tones:[B, C#, D#, F#, G#, A] Note being tested: G4
Chord: B7 Tones:[B, C#, D#, F#, G#, A] Note being tested: G#4
Accepted Note: G#4
Chord: B7 Tones:[B, C#, D#, F#, G#, A] Note being tested: B4
Accepted Note: B4
Chord: B7 Tones:[B, C#, D#, F#, G#, A] Note being tested: D5
Chord: B7 Tones:[B, C#, D#, F#, G#, A] Note being tested: F5
Chord: B7 Tones:[B, C#, D#, F#, G#, A] Note being tested: G#5
Accepted Note: G#5
Chord: B7 Tones:[B, C#, D#, F#, G#, A] Note being tested: E5
Chord: B7 Tones:[B, C#, D#, F#, G#, A] Note being tested: G5
Chord: B7 Tones:[B, C#, D#, F#, G#, A] Note being tested: C#5
Accepted Note: C#5
Chord: B7 Tones:[B, C#, D#, F#, G#, A] Note being tested: F#4
Accepted Note: F#4
Chord: B7 Tones:[B, C#, D#, F#, G#, A] Note being tested: D#5
Accepted Note: D#5
Chord: B7 Tones:[B, C#, D#, F#, G#, A] Note being tested: A4
Accepted Note: A4
Chord: B7 Tones:[B, C#, D#, F#, G#, A] Note being tested: E4
Chord: B7 Tones:[B, C#, D#, F#, G#, A] Note being tested: G4
Chord: B7 Tones:[B, C#, D#, F#, G#, A] Note being tested: G#4
Accepted Note: G#4
Chord: B7 Tones:[B, C#, D#, F#, G#, A] Note being tested: B4
Accepted Note: B4
Chord: B7 Tones:[B, C#, D#, F#, G#, A] Note being tested: D5
Chord: B7 Tones:[B, C#, D#, F#, G#, A] Note being tested: F5
Chord: B7 Tones:[B, C#, D#, F#, G#, A] Note being tested: G#5
Accepted Note: G#5
Chord: B7 Tones:[B, C#, D#, F#, G#, A] Note being tested: E5
Chord: B7 Tones:[B, C#, D#, F#, G#, A] Note being tested: G5
Chord: B7 Tones:[B, C#, D#, F#, G#, A] Note being tested: C#5
Accepted Note: C#5
Chord: B7 Tones:[B, C#, D#, F#, G#, A] Note being tested: F#4
Accepted Note: F#4
Chord: B7 Tones:[B, C#, D#, F#, G#, A] Note being tested: D#5
Accepted Note: D#5
Chord: B7 Tones:[B, C#, D#, F#, G#, A] Note being tested: A4
Accepted Note: A4
Chord: B7 Tones:[B, C#, D#, F#, G#, A] Note being tested: E4
Chord: B7 Tones:[B, C#, D#, F#, G#, A] Note being tested: G4
Chord: B7 Tones:[B, C#, D#, F#, G#, A] Note being tested: G#4
Accepted Note: G#4
Chord: B7 Tones:[B, C#, D#, F#, G#, A] Note being tested: B4
Accepted Note: B4
Chord: B7 Tones:[B, C#, D#, F#, G#, A] Note being tested: D5
Chord: B7 Tones:[B, C#, D#, F#, G#, A] Note being tested: F5
Chord: B7 Tones:[B, C#, D#, F#, G#, A] Note being tested: G#5
Accepted Note: G#5
Chord: B7 Tones:[B, C#, D#, F#, G#, A] Note being tested: E5
Chord: B7 Tones:[B, C#, D#, F#, G#, A] Note being tested: G5
Chord: B7 Tones:[B, C#, D#, F#, G#, A] Note being tested: C#5
Accepted Note: C#5
Chord: B7 Tones:[B, C#, D#, F#, G#, A] Note being tested: F#4
Accepted Note: F#4
Chord: B7 Tones:[B, C#, D#, F#, G#, A] Note being tested: D#5
Accepted Note: D#5
Chord: B7 Tones:[B, C#, D#, F#, G#, A] Note being tested: A4
Accepted Note: A4
Chord: B7 Tones:[B, C#, D#, F#, G#, A] Note being tested: E4
Chord: B7 Tones:[B, C#, D#, F#, G#, A] Note being tested: G4
Chord: B7 Tones:[B, C#, D#, F#, G#, A] Note being tested: G#4
Accepted Note: G#4
Chord: B7 Tones:[B, C#, D#, F#, G#, A] Note being tested: B4
Accepted Note: B4
Chord: B7 Tones:[B, C#, D#, F#, G#, A] Note being tested: D5
Chord: B7 Tones:[B, C#, D#, F#, G#, A] Note being tested: F5
Chord: B7 Tones:[B, C#, D#, F#, G#, A] Note being tested: G#5
Accepted Note: G#5
Chord: B7 Tones:[B, C#, D#, F#, G#, A] Note being tested: E5
Chord: B7 Tones:[B, C#, D#, F#, G#, A] Note being tested: G5
Chord: B7 Tones:[B, C#, D#, F#, G#, A] Note being tested: C#5
Accepted Note: C#5
Chord: B7 Tones:[B, C#, D#, F#, G#, A] Note being tested: F#4
Accepted Note: F#4
Chord: B7 Tones:[B, C#, D#, F#, G#, A] Note being tested: D#5
Accepted Note: D#5
Chord: B7 Tones:[B, C#, D#, F#, G#, A] Note being tested: A4
Accepted Note: A4
Chord: B7 Tones:[B, C#, D#, F#, G#, A] Note being tested: G4
Chord: B7 Tones:[B, C#, D#, F#, G#, A] Note being tested: A4
Accepted Note: A4
Chord: B7 Tones:[B, C#, D#, F#, G#, A] Note being tested: C#5
Accepted Note: C#5
Chord: B7 Tones:[B, C#, D#, F#, G#, A] Note being tested: F5
Chord: B7 Tones:[B, C#, D#, F#, G#, A] Note being tested: A5
Accepted Note: A5
Chord: B7 Tones:[B, C#, D#, F#, G#, A] Note being tested: G4
Chord: B7 Tones:[B, C#, D#, F#, G#, A] Note being tested: A4
Accepted Note: A4
Chord: B7 Tones:[B, C#, D#, F#, G#, A] Note being tested: C#5
Accepted Note: C#5
Chord: B7 Tones:[B, C#, D#, F#, G#, A] Note being tested: F5
Chord: B7 Tones:[B, C#, D#, F#, G#, A] Note being tested: A5
Accepted Note: A5
Chord: B7 Tones:[B, C#, D#, F#, G#, A] Note being tested: G4
Chord: B7 Tones:[B, C#, D#, F#, G#, A] Note being tested: A4
Accepted Note: A4
Chord: B7 Tones:[B, C#, D#, F#, G#, A] Note being tested: C#5
Accepted Note: C#5
Chord: B7 Tones:[B, C#, D#, F#, G#, A] Note being tested: F5
Chord: B7 Tones:[B, C#, D#, F#, G#, A] Note being tested: A5
Accepted Note: A5
Chord: B7 Tones:[B, C#, D#, F#, G#, A] Note being tested: E4
Chord: B7 Tones:[B, C#, D#, F#, G#, A] Note being tested: G4
Chord: B7 Tones:[B, C#, D#, F#, G#, A] Note being tested: G#4
Accepted Note: G#4
Chord: B7 Tones:[B, C#, D#, F#, G#, A] Note being tested: B4
Accepted Note: B4
Chord: B7 Tones:[B, C#, D#, F#, G#, A] Note being tested: D5
Chord: B7 Tones:[B, C#, D#, F#, G#, A] Note being tested: F5
Chord: B7 Tones:[B, C#, D#, F#, G#, A] Note being tested: G#5
Accepted Note: G#5
Chord: B7 Tones:[B, C#, D#, F#, G#, A] Note being tested: E5
Chord: B7 Tones:[B, C#, D#, F#, G#, A] Note being tested: G5
Chord: B7 Tones:[B, C#, D#, F#, G#, A] Note being tested: C#5
Accepted Note: C#5
Chord: B7 Tones:[B, C#, D#, F#, G#, A] Note being tested: F#4
Accepted Note: F#4
Chord: B7 Tones:[B, C#, D#, F#, G#, A] Note being tested: D#5
Accepted Note: D#5
Chord: B7 Tones:[B, C#, D#, F#, G#, A] Note being tested: A4
Accepted Note: A4
Chord: B7 Tones:[B, C#, D#, F#, G#, A] Note being tested: E4
Chord: B7 Tones:[B, C#, D#, F#, G#, A] Note being tested: G4
Chord: B7 Tones:[B, C#, D#, F#, G#, A] Note being tested: G#4
Accepted Note: G#4
Chord: B7 Tones:[B, C#, D#, F#, G#, A] Note being tested: B4
Accepted Note: B4
Chord: B7 Tones:[B, C#, D#, F#, G#, A] Note being tested: D5
Chord: B7 Tones:[B, C#, D#, F#, G#, A] Note being tested: F5
Chord: B7 Tones:[B, C#, D#, F#, G#, A] Note being tested: G#5
Accepted Note: G#5
Chord: B7 Tones:[B, C#, D#, F#, G#, A] Note being tested: E5
Chord: B7 Tones:[B, C#, D#, F#, G#, A] Note being tested: G5
Chord: B7 Tones:[B, C#, D#, F#, G#, A] Note being tested: C#5
Accepted Note: C#5
Chord: B7 Tones:[B, C#, D#, F#, G#, A] Note being tested: F#4
Accepted Note: F#4
Chord: B7 Tones:[B, C#, D#, F#, G#, A] Note being tested: D#5
Accepted Note: D#5
Chord: B7 Tones:[B, C#, D#, F#, G#, A] Note being tested: A4
Accepted Note: A4
Chord: B7 Tones:[B, C#, D#, F#, G#, A] Note being tested: E4
Chord: B7 Tones:[B, C#, D#, F#, G#, A] Note being tested: G4
Chord: B7 Tones:[B, C#, D#, F#, G#, A] Note being tested: G#4
Accepted Note: G#4
Chord: B7 Tones:[B, C#, D#, F#, G#, A] Note being tested: B4
Accepted Note: B4
Chord: B7 Tones:[B, C#, D#, F#, G#, A] Note being tested: D5
Chord: B7 Tones:[B, C#, D#, F#, G#, A] Note being tested: F5
Chord: B7 Tones:[B, C#, D#, F#, G#, A] Note being tested: G#5
Accepted Note: G#5
Chord: B7 Tones:[B, C#, D#, F#, G#, A] Note being tested: E5
Chord: B7 Tones:[B, C#, D#, F#, G#, A] Note being tested: G5
Chord: B7 Tones:[B, C#, D#, F#, G#, A] Note being tested: C#5
Accepted Note: C#5
Chord: B7 Tones:[B, C#, D#, F#, G#, A] Note being tested: F#4
Accepted Note: F#4
Chord: B7 Tones:[B, C#, D#, F#, G#, A] Note being tested: D#5
Accepted Note: D#5
Chord: B7 Tones:[B, C#, D#, F#, G#, A] Note being tested: A4
Accepted Note: A4
Chord: B7 Tones:[B, C#, D#, F#, G#, A] Note being tested: A#4
Chord: B7 Tones:[B, C#, D#, F#, G#, A] Note being tested: G4
Chord: B7 Tones:[B, C#, D#, F#, G#, A] Note being tested: A4
Accepted Note: A4
Chord: B7 Tones:[B, C#, D#, F#, G#, A] Note being tested: C#5
Accepted Note: C#5
Chord: B7 Tones:[B, C#, D#, F#, G#, A] Note being tested: F5
Chord: B7 Tones:[B, C#, D#, F#, G#, A] Note being tested: A5
Accepted Note: A5
Chord: B7 Tones:[B, C#, D#, F#, G#, A] Note being tested: G4
Chord: B7 Tones:[B, C#, D#, F#, G#, A] Note being tested: A4
Accepted Note: A4
Chord: B7 Tones:[B, C#, D#, F#, G#, A] Note being tested: C#5
Accepted Note: C#5
Chord: B7 Tones:[B, C#, D#, F#, G#, A] Note being tested: F5
Chord: B7 Tones:[B, C#, D#, F#, G#, A] Note being tested: A5
Accepted Note: A5
Chord: B7 Tones:[B, C#, D#, F#, G#, A] Note being tested: G4
Chord: B7 Tones:[B, C#, D#, F#, G#, A] Note being tested: A4
Accepted Note: A4
Chord: B7 Tones:[B, C#, D#, F#, G#, A] Note being tested: C#5
Accepted Note: C#5
Chord: B7 Tones:[B, C#, D#, F#, G#, A] Note being tested: F5
Chord: B7 Tones:[B, C#, D#, F#, G#, A] Note being tested: A5
Accepted Note: A5
Chord: B7 Tones:[B, C#, D#, F#, G#, A] Note being tested: G4
Chord: B7 Tones:[B, C#, D#, F#, G#, A] Note being tested: A4
Accepted Note: A4
Chord: B7 Tones:[B, C#, D#, F#, G#, A] Note being tested: C#5
Accepted Note: C#5
Chord: B7 Tones:[B, C#, D#, F#, G#, A] Note being tested: F5
Chord: B7 Tones:[B, C#, D#, F#, G#, A] Note being tested: A5
Accepted Note: A5
Chord: B7 Tones:[B, C#, D#, F#, G#, A] Note being tested: G4
Chord: B7 Tones:[B, C#, D#, F#, G#, A] Note being tested: A4
Accepted Note: A4
Chord: B7 Tones:[B, C#, D#, F#, G#, A] Note being tested: C#5
Accepted Note: C#5
Chord: B7 Tones:[B, C#, D#, F#, G#, A] Note being tested: F5
Chord: B7 Tones:[B, C#, D#, F#, G#, A] Note being tested: A5
Accepted Note: A5
Chord: B7 Tones:[B, C#, D#, F#, G#, A] Note being tested: G4
Chord: B7 Tones:[B, C#, D#, F#, G#, A] Note being tested: A4
Accepted Note: A4
Chord: B7 Tones:[B, C#, D#, F#, G#, A] Note being tested: C#5
Accepted Note: C#5
Chord: B7 Tones:[B, C#, D#, F#, G#, A] Note being tested: F5
Chord: B7 Tones:[B, C#, D#, F#, G#, A] Note being tested: A5
Accepted Note: A5
Chord: B7 Tones:[B, C#, D#, F#, G#, A] Note being tested: G4
Chord: B7 Tones:[B, C#, D#, F#, G#, A] Note being tested: A4
Accepted Note: A4
Chord: B7 Tones:[B, C#, D#, F#, G#, A] Note being tested: C#5
Accepted Note: C#5
Chord: B7 Tones:[B, C#, D#, F#, G#, A] Note being tested: F5
Chord: B7 Tones:[B, C#, D#, F#, G#, A] Note being tested: A5
Accepted Note: A5
Chord: B7 Tones:[B, C#, D#, F#, G#, A] Note being tested: E4
Chord: B7 Tones:[B, C#, D#, F#, G#, A] Note being tested: G4
Chord: B7 Tones:[B, C#, D#, F#, G#, A] Note being tested: G#4
Accepted Note: G#4
Chord: B7 Tones:[B, C#, D#, F#, G#, A] Note being tested: B4
Accepted Note: B4
Chord: B7 Tones:[B, C#, D#, F#, G#, A] Note being tested: D5
Chord: B7 Tones:[B, C#, D#, F#, G#, A] Note being tested: F5
Chord: B7 Tones:[B, C#, D#, F#, G#, A] Note being tested: G#5
Accepted Note: G#5
Chord: B7 Tones:[B, C#, D#, F#, G#, A] Note being tested: E5
Chord: B7 Tones:[B, C#, D#, F#, G#, A] Note being tested: G5
Chord: B7 Tones:[B, C#, D#, F#, G#, A] Note being tested: C#5
Accepted Note: C#5
Chord: B7 Tones:[B, C#, D#, F#, G#, A] Note being tested: F#4
Accepted Note: F#4
Chord: B7 Tones:[B, C#, D#, F#, G#, A] Note being tested: D#5
Accepted Note: D#5
Chord: B7 Tones:[B, C#, D#, F#, G#, A] Note being tested: A4
Accepted Note: A4
17633 ms. Memory: 1056768K Free: 313754K (30%)
Exported /home/travis/build/icyphy/ptII/org/ptolemy/machineImprovisation/demo/JazzImprovisation/JazzImprovisation/index.html
23022 ms. Memory: 1059840K Free: 594307K (56%)
####### 22 Fri Jun 01 17:31:49 UTC 2018 $PTII/bin/ptinvoke ptolemy.vergil.basic.export.ExportModel -force htm -run -openComposites -timeOut 30000 -whiteBackground org/ptolemy/machineLearning/clustering/demo/KMeans/KMeans.xml $PTII/org/ptolemy/machineLearning/clustering/demo/KMeans/KMeans
Running .KMeans
K-Means Converged in 3 iterations.
118 ms. Memory: 1059840K Free: 391557K (37%)
Exported /home/travis/build/icyphy/ptII/org/ptolemy/machineLearning/clustering/demo/KMeans/KMeans/index.html
4548 ms. Memory: 1059840K Free: 218402K (21%)
####### 23 Fri Jun 01 17:31:54 UTC 2018 $PTII/bin/ptinvoke ptolemy.vergil.basic.export.ExportModel -force htm -run -openComposites -timeOut 30000 -whiteBackground org/ptolemy/machineLearning/hmm/demo/CommunicationAnomalyDetectionAOM/CommunicationAnomalyDetectionAOM.xml $PTII/org/ptolemy/machineLearning/hmm/demo/CommunicationAnomalyDetectionAOM/CommunicationAnomalyDetectionAOM
Running .CommunicationAnomalyDetectionAOM
10.973540051592737
133.2931858128677
150.00265386729984
154.04655096443275
157.82015385464564
168.051065916055
174.89630954310005
181.85573294254243
188.40018138818127
195.16037358003697
=======
25.33281870887056
179.85390242907002
218.88590191527405
226.82584210506283
237.19190999320804
237.86682461479955
230.38238135666782
221.81982118471896
215.47892072186687
210.09446160358982
=======
27.10984377428901
177.90984753728978
217.35002464061031
249.616505055136
277.2693371597204
282.9253534115204
279.77167502168265
273.0910042065467
266.68734139439283
262.79240544743993
=======
-11.995539676616733
130.9575411554009
182.32418489998565
187.43886606353178
188.33329017718472
189.71042111294312
190.7469043195073
191.52277131924072
192.05726133910096
192.38642554301265
=======
-17.58956061593494
126.54235064246129
152.03442595126705
144.47164790013147
137.9543909663205
133.48710689123183
127.91569795589778
120.9365202932148
110.85643623194896
102.10839821162864
=======
38.3931078379551
205.67065793715497
254.69332324476053
307.98801783314207
319.79296174017765
318.86253331226993
317.2207848258334
316.16323223427923
318.48136792824823
320.99350398169685
=======
5.6377756634993
150.50285906181023
178.46856154205054
191.71941774167576
199.3024821695397
204.10801163181742
200.96315021132187
194.01154936892516
184.1448319359362
174.9275024933569
=======
ExportHTMLTimer went off after 30000 ms., calling getDirector().finish and getDirector().stopFire()
30007 ms. Memory: 1797120K Free: 1308289K (73%)
Exported /home/travis/build/icyphy/ptII/org/ptolemy/machineLearning/hmm/demo/CommunicationAnomalyDetectionAOM/CommunicationAnomalyDetectionAOM/index.html
39208 ms. Memory: 1797632K Free: 1519488K (85%)
####### 24 Fri Jun 01 17:32:33 UTC 2018 $PTII/bin/ptinvoke ptolemy.vergil.basic.export.ExportModel -force htm -run -openComposites -timeOut 30000 -whiteBackground org/ptolemy/machineLearning/hmm/demo/CommunicationAnomalyDetectionCQM/CommunicationAnomalyDetectionCQM.xml $PTII/org/ptolemy/machineLearning/hmm/demo/CommunicationAnomalyDetectionCQM/CommunicationAnomalyDetectionCQM
Running .CommunicationAnomalyDetectionCQM
59.4447356957583
285.0624042172196
356.9307564836567
=======
29.170797436452062
194.28393442977656
239.7191458792089
234.50103474735343
=======
7511 ms. Memory: 1798656K Free: 1622952K (90%)
Exported /home/travis/build/icyphy/ptII/org/ptolemy/machineLearning/hmm/demo/CommunicationAnomalyDetectionCQM/CommunicationAnomalyDetectionCQM/index.html
13180 ms. Memory: 1798656K Free: 826908K (46%)
####### 25 Fri Jun 01 17:32:46 UTC 2018 $PTII/bin/ptinvoke ptolemy.vergil.basic.export.ExportModel -force htm -run -openComposites -timeOut 30000 -whiteBackground org/ptolemy/machineLearning/particleFilter/demo/MultiRobotIntruderTracking/MultiRobotIntruderTracking.xml $PTII/org/ptolemy/machineLearning/particleFilter/demo/MultiRobotIntruderTracking/MultiRobotIntruderTracking
Running .MultiRobotIntruderTracking
ExportHTMLTimer went off after 30000 ms., calling getDirector().finish and getDirector().stopFire()
30089 ms. Memory: 1763840K Free: 686046K (39%)
Exported /home/travis/build/icyphy/ptII/org/ptolemy/machineLearning/particleFilter/demo/MultiRobotIntruderTracking/MultiRobotIntruderTracking/index.html
39322 ms. Memory: 1766912K Free: 1138414K (64%)
####### 26 Fri Jun 01 17:33:25 UTC 2018 $PTII/bin/ptinvoke ptolemy.vergil.basic.export.ExportModel -force htm -run -openComposites -timeOut 30000 -whiteBackground org/ptolemy/machineLearning/particleFilter/demo/OnlineTrajectoryOptimization/DistributedOnlineTrajectoryOptimization.xml $PTII/org/ptolemy/machineLearning/particleFilter/demo/OnlineTrajectoryOptimization/DistributedOnlineTrajectoryOptimization
Running .DistributedOnlineTrajectoryOptimization
ExportHTMLTimer went off after 30000 ms., calling getDirector().finish and getDirector().stopFire()
30199 ms. Memory: 1749504K Free: 1237389K (71%)
Exported /home/travis/build/icyphy/ptII/org/ptolemy/machineLearning/particleFilter/demo/OnlineTrajectoryOptimization/DistributedOnlineTrajectoryOptimization/index.html
38850 ms. Memory: 1749504K Free: 185435K (11%)
####### 27 Fri Jun 01 17:34:04 UTC 2018 $PTII/bin/ptinvoke ptolemy.vergil.basic.export.ExportModel -force htm -run -openComposites -timeOut 30000 -whiteBackground org/ptolemy/machineLearning/particleFilter/demo/OnlineTrajectoryOptimization/OnlineTrajectoryOptimization.xml $PTII/org/ptolemy/machineLearning/particleFilter/demo/OnlineTrajectoryOptimization/OnlineTrajectoryOptimization
Running .OnlineTrajectoryOptimization
ExportHTMLTimer went off after 30000 ms., calling getDirector().finish and getDirector().stopFire()
30619 ms. Memory: 1838592K Free: 135735K (7%)
Exported /home/travis/build/icyphy/ptII/org/ptolemy/machineLearning/particleFilter/demo/OnlineTrajectoryOptimization/OnlineTrajectoryOptimization/index.html
38096 ms. Memory: 1847808K Free: 528697K (29%)
####### 28 Fri Jun 01 17:34:42 UTC 2018 $PTII/bin/ptinvoke ptolemy.vergil.basic.export.ExportModel -force htm -run -openComposites -timeOut 30000 -whiteBackground org/ptolemy/machineLearning/particleFilter/demo/OpenLoopSingleRobotTargetLocalization/OpenLoopSingleRobotTargetLocalization.xml $PTII/org/ptolemy/machineLearning/particleFilter/demo/OpenLoopSingleRobotTargetLocalization/OpenLoopSingleRobotTargetLocalization
Running .OpenLoopSingleRobotTargetLocalization
7618 ms. Memory: 1852928K Free: 972742K (52%)
Exported /home/travis/build/icyphy/ptII/org/ptolemy/machineLearning/particleFilter/demo/OpenLoopSingleRobotTargetLocalization/OpenLoopSingleRobotTargetLocalization/index.html
11929 ms. Memory: 1852928K Free: 751628K (41%)
####### 29 Fri Jun 01 17:34:54 UTC 2018 $PTII/bin/ptinvoke ptolemy.vergil.basic.export.ExportModel -force htm -run -openComposites -timeOut 30000 -whiteBackground org/ptolemy/machineLearning/particleFilter/demo/OpenLoopTwoRobotTargetLocalization/JointParticleFilter.xml $PTII/org/ptolemy/machineLearning/particleFilter/demo/OpenLoopTwoRobotTargetLocalization/JointParticleFilter
Running .JointParticleFilter
2540 ms. Memory: 1852416K Free: 1300109K (70%)
Exported /home/travis/build/icyphy/ptII/org/ptolemy/machineLearning/particleFilter/demo/OpenLoopTwoRobotTargetLocalization/JointParticleFilter/index.html
7586 ms. Memory: 1852416K Free: 681190K (37%)
####### 30 Fri Jun 01 17:35:02 UTC 2018 $PTII/bin/ptinvoke ptolemy.vergil.basic.export.ExportModel -force htm -run -openComposites -timeOut 30000 -whiteBackground org/ptolemy/machineLearning/particleFilter/demo/OpenLoopTwoRobotTargetLocalization/OpenLoopTwoRobotTargetLocalization.xml $PTII/org/ptolemy/machineLearning/particleFilter/demo/OpenLoopTwoRobotTargetLocalization/OpenLoopTwoRobotTargetLocalization
Running .OpenLoopTwoRobotTargetLocalization
ExportHTMLTimer went off after 30000 ms., calling getDirector().finish and getDirector().stopFire()
30128 ms. Memory: 1822720K Free: 990071K (54%)
Exported /home/travis/build/icyphy/ptII/org/ptolemy/machineLearning/particleFilter/demo/OpenLoopTwoRobotTargetLocalization/OpenLoopTwoRobotTargetLocalization/index.html
34958 ms. Memory: 1822720K Free: 518048K (28%)
####### 31 Fri Jun 01 17:35:37 UTC 2018 $PTII/bin/ptinvoke ptolemy.vergil.basic.export.ExportModel -force htm -run -openComposites -timeOut 30000 -whiteBackground org/ptolemy/machineLearning/particleFilter/demo/ParticleFilterRange/ParticleFilterRange.xml $PTII/org/ptolemy/machineLearning/particleFilter/demo/ParticleFilterRange/ParticleFilterRange
Running .ParticleFilterRange
10119 ms. Memory: 1852928K Free: 1258056K (68%)
Exported /home/travis/build/icyphy/ptII/org/ptolemy/machineLearning/particleFilter/demo/ParticleFilterRange/ParticleFilterRange/index.html
14460 ms. Memory: 1852928K Free: 968894K (52%)
####### 32 Fri Jun 01 17:35:51 UTC 2018 $PTII/bin/ptinvoke ptolemy.vergil.basic.export.ExportModel -force htm -run -openComposites -timeOut 30000 -whiteBackground org/ptolemy/optimization/demo/LeastSquaresNodeLocalization/LeastSquaresNodeLocalization.xml $PTII/org/ptolemy/optimization/demo/LeastSquaresNodeLocalization/LeastSquaresNodeLocalization
Running .LeastSquaresNodeLocalization
275 ms. Memory: 1852928K Free: 589789K (32%)
Exported /home/travis/build/icyphy/ptII/org/ptolemy/optimization/demo/LeastSquaresNodeLocalization/LeastSquaresNodeLocalization/index.html
4589 ms. Memory: 1852928K Free: 422510K (23%)
####### 33 Fri Jun 01 17:35:56 UTC 2018 $PTII/bin/ptinvoke ptolemy.vergil.basic.export.ExportModel -force htm -run -openComposites -timeOut 30000 -whiteBackground org/ptolemy/optimization/demo/LinearRegression/LinearRegression.xml $PTII/org/ptolemy/optimization/demo/LinearRegression/LinearRegression
Running .LinearRegression
1347 ms. Memory: 1855488K Free: 1504886K (81%)
Exported /home/travis/build/icyphy/ptII/org/ptolemy/optimization/demo/LinearRegression/LinearRegression/index.html
5769 ms. Memory: 1855488K Free: 1219757K (66%)
####### 34 Fri Jun 01 17:36:02 UTC 2018 $PTII/bin/ptinvoke ptolemy.vergil.basic.export.ExportModel -force htm -run -openComposites -timeOut 30000 -whiteBackground org/ptolemy/optimization/demo/SimpleOptimization/SimpleOptimization.xml $PTII/org/ptolemy/optimization/demo/SimpleOptimization/SimpleOptimization
Running .SimpleOptimization
37 ms. Memory: 1855488K Free: 1094860K (59%)
Exported /home/travis/build/icyphy/ptII/org/ptolemy/optimization/demo/SimpleOptimization/SimpleOptimization/index.html
4185 ms. Memory: 1855488K Free: 1038832K (56%)
####### 35 Fri Jun 01 17:36:06 UTC 2018 $PTII/bin/ptinvoke ptolemy.vergil.basic.export.ExportModel -force htm -run -openComposites -timeOut 30000 -whiteBackground org/ptolemy/osc/demo/OscSendReceive/OscSendReceive.xml $PTII/org/ptolemy/osc/demo/OscSendReceive/OscSendReceive
Running .OscSendReceive
OscP5 0.9.9 infos, comments, questions at http://www.sojamo.de/oscP5


### [2018/6/1 17:36:7] PROCESS @ OscP5 stopped.
### [2018/6/1 17:36:7] PROCESS @ UdpClient.openSocket udp socket initialized.
### [2018/6/1 17:36:8] PROCESS @ UdpServer.start() new Unicast DatagramSocket created @ port 2224
### [2018/6/1 17:36:8] PROCESS @ UdpServer.run() UdpServer is running @ 2224
### [2018/6/1 17:36:8] INFO @ OscP5 is running. you (127.0.1.1) are listening @ port 2224
OscP5 0.9.9 infos, comments, questions at http://www.sojamo.de/oscP5


### [2018/6/1 17:36:8] PROCESS @ OscP5 stopped.
### [2018/6/1 17:36:8] PROCESS @ UdpClient.openSocket udp socket initialized.
### [2018/6/1 17:36:9] PROCESS @ UdpServer.start() new Unicast DatagramSocket created @ port 2225
### [2018/6/1 17:36:9] INFO @ OscP5 is running. you (127.0.1.1) are listening @ port 2225
### [2018/6/1 17:36:9] PROCESS @ UdpServer.run() UdpServer is running @ 2225
OscP5 0.9.9 infos, comments, questions at http://www.sojamo.de/oscP5


### [2018/6/1 17:36:9] PROCESS @ OscP5 stopped.
### [2018/6/1 17:36:9] PROCESS @ UdpClient.openSocket udp socket initialized.
### [2018/6/1 17:36:10] PROCESS @ UdpServer.start() new Unicast DatagramSocket created @ port 2227
### [2018/6/1 17:36:10] INFO @ OscP5 is running. you (127.0.1.1) are listening @ port 2227
### [2018/6/1 17:36:10] PROCESS @ UdpServer.run() UdpServer is running @ 2227
### [2018/6/1 17:36:21] PROCESS @ OscP5 stopped.
### [2018/6/1 17:36:21] PROCESS @ UdpServer.run()  socket closed.
### [2018/6/1 17:36:21] PROCESS @ UdpServer.run()  socket closed.
### [2018/6/1 17:36:21] PROCESS @ OscP5 stopped.
### [2018/6/1 17:36:21] PROCESS @ OscP5 stopped.
### [2018/6/1 17:36:21] PROCESS @ UdpServer.run()  socket closed.
14037 ms. Memory: 1855488K Free: 910355K (49%)
Exported /home/travis/build/icyphy/ptII/org/ptolemy/osc/demo/OscSendReceive/OscSendReceive/index.html
18199 ms. Memory: 1855488K Free: 869971K (47%)
####### 36 Fri Jun 01 17:36:24 UTC 2018 $PTII/bin/ptinvoke ptolemy.vergil.basic.export.ExportModel -force htm  -openComposites -timeOut 30000 -whiteBackground org/ptolemy/ptango/demo/BlinkyLight/BlinkyLight.xml $PTII/org/ptolemy/ptango/demo/BlinkyLight/BlinkyLight
Warning: not running org/ptolemy/ptango/demo/BlinkyLight/BlinkyLight.xml. See ptolemy/vergil/basic/export/test/junit/ExportModelJUnitTest.java
Exported /home/travis/build/icyphy/ptII/org/ptolemy/ptango/demo/BlinkyLight/BlinkyLight/index.html
3843 ms. Memory: 1851904K Free: 1632099K (88%)
####### 37 Fri Jun 01 17:36:28 UTC 2018 $PTII/bin/ptinvoke ptolemy.vergil.basic.export.ExportModel -force htm  -openComposites -timeOut 30000 -whiteBackground org/ptolemy/ptango/demo/Chat/Chat.xml $PTII/org/ptolemy/ptango/demo/Chat/Chat
Warning: not running org/ptolemy/ptango/demo/Chat/Chat.xml. See ptolemy/vergil/basic/export/test/junit/ExportModelJUnitTest.java
Exported /home/travis/build/icyphy/ptII/org/ptolemy/ptango/demo/Chat/Chat/index.html
3117 ms. Memory: 1851904K Free: 1508002K (81%)
####### 38 Fri Jun 01 17:36:31 UTC 2018 $PTII/bin/ptinvoke ptolemy.vergil.basic.export.ExportModel -force htm  -openComposites -timeOut 30000 -whiteBackground org/ptolemy/ptango/demo/Chat/ChatClient.xml $PTII/org/ptolemy/ptango/demo/Chat/ChatClient
Warning: not running org/ptolemy/ptango/demo/Chat/ChatClient.xml. See ptolemy/vergil/basic/export/test/junit/ExportModelJUnitTest.java
Exported /home/travis/build/icyphy/ptII/org/ptolemy/ptango/demo/Chat/ChatClient/index.html
3188 ms. Memory: 1851904K Free: 1328945K (72%)
####### 39 Fri Jun 01 17:36:34 UTC 2018 $PTII/bin/ptinvoke ptolemy.vergil.basic.export.ExportModel -force htm  -openComposites -timeOut 30000 -whiteBackground org/ptolemy/ptango/demo/Chat/ChatClient2.xml $PTII/org/ptolemy/ptango/demo/Chat/ChatClient2
Warning: not running org/ptolemy/ptango/demo/Chat/ChatClient2.xml. See ptolemy/vergil/basic/export/test/junit/ExportModelJUnitTest.java
Exported /home/travis/build/icyphy/ptII/org/ptolemy/ptango/demo/Chat/ChatClient2/index.html
3180 ms. Memory: 1851904K Free: 1151547K (62%)
####### 40 Fri Jun 01 17:36:37 UTC 2018 $PTII/bin/ptinvoke ptolemy.vergil.basic.export.ExportModel -force htm  -openComposites -timeOut 30000 -whiteBackground org/ptolemy/ptango/demo/Chat/ChatServer.xml $PTII/org/ptolemy/ptango/demo/Chat/ChatServer
Warning: not running org/ptolemy/ptango/demo/Chat/ChatServer.xml. See ptolemy/vergil/basic/export/test/junit/ExportModelJUnitTest.java
Exported /home/travis/build/icyphy/ptII/org/ptolemy/ptango/demo/Chat/ChatServer/index.html
3302 ms. Memory: 1851904K Free: 822051K (44%)
####### 41 Fri Jun 01 17:36:41 UTC 2018 $PTII/bin/ptinvoke ptolemy.vergil.basic.export.ExportModel -force htm  -openComposites -timeOut 30000 -whiteBackground org/ptolemy/ptango/demo/Cookies/Cookies.xml $PTII/org/ptolemy/ptango/demo/Cookies/Cookies
Warning: not running org/ptolemy/ptango/demo/Cookies/Cookies.xml. See ptolemy/vergil/basic/export/test/junit/ExportModelJUnitTest.java
Exported /home/travis/build/icyphy/ptII/org/ptolemy/ptango/demo/Cookies/Cookies/index.html
3187 ms. Memory: 1851904K Free: 529141K (29%)
####### 42 Fri Jun 01 17:36:44 UTC 2018 $PTII/bin/ptinvoke ptolemy.vergil.basic.export.ExportModel -force htm  -openComposites -timeOut 30000 -whiteBackground org/ptolemy/ptango/demo/DOPpresence/DOPpresence.xml $PTII/org/ptolemy/ptango/demo/DOPpresence/DOPpresence
Warning: not running org/ptolemy/ptango/demo/DOPpresence/DOPpresence.xml. See ptolemy/vergil/basic/export/test/junit/ExportModelJUnitTest.java
Exported /home/travis/build/icyphy/ptII/org/ptolemy/ptango/demo/DOPpresence/DOPpresence/index.html
4757 ms. Memory: 1853952K Free: 1161355K (63%)
####### 43 Fri Jun 01 17:36:49 UTC 2018 $PTII/bin/ptinvoke ptolemy.vergil.basic.export.ExportModel -force htm  -openComposites -timeOut 30000 -whiteBackground org/ptolemy/ptango/demo/EPlus70Actuator/EPlus70Actuator.xml $PTII/org/ptolemy/ptango/demo/EPlus70Actuator/EPlus70Actuator
Warning: not running org/ptolemy/ptango/demo/EPlus70Actuator/EPlus70Actuator.xml. See ptolemy/vergil/basic/export/test/junit/ExportModelJUnitTest.java
Exported /home/travis/build/icyphy/ptII/org/ptolemy/ptango/demo/EPlus70Actuator/EPlus70Actuator/index.html
4082 ms. Memory: 1853952K Free: 273192K (15%)
####### 44 Fri Jun 01 17:36:53 UTC 2018 $PTII/bin/ptinvoke ptolemy.vergil.basic.export.ExportModel -force htm  -openComposites -timeOut 30000 -whiteBackground org/ptolemy/ptango/demo/ErrorHandler/ErrorHandler.xml $PTII/org/ptolemy/ptango/demo/ErrorHandler/ErrorHandler
Warning: not running org/ptolemy/ptango/demo/ErrorHandler/ErrorHandler.xml. See ptolemy/vergil/basic/export/test/junit/ExportModelJUnitTest.java
Exported /home/travis/build/icyphy/ptII/org/ptolemy/ptango/demo/ErrorHandler/ErrorHandler/index.html
3369 ms. Memory: 1852928K Free: 1468944K (79%)
####### 45 Fri Jun 01 17:36:56 UTC 2018 $PTII/bin/ptinvoke ptolemy.vergil.basic.export.ExportModel -force htm  -openComposites -timeOut 30000 -whiteBackground org/ptolemy/ptango/demo/Exception/Exception.xml $PTII/org/ptolemy/ptango/demo/Exception/Exception
Warning: not running org/ptolemy/ptango/demo/Exception/Exception.xml. See ptolemy/vergil/basic/export/test/junit/ExportModelJUnitTest.java
Exported /home/travis/build/icyphy/ptII/org/ptolemy/ptango/demo/Exception/Exception/index.html
6125 ms. Memory: 1852928K Free: 1169706K (63%)
####### 46 Fri Jun 01 17:37:02 UTC 2018 $PTII/bin/ptinvoke ptolemy.vergil.basic.export.ExportModel -force htm  -openComposites -timeOut 30000 -whiteBackground org/ptolemy/ptango/demo/Guidance/Guidance.xml $PTII/org/ptolemy/ptango/demo/Guidance/Guidance
Warning: not running org/ptolemy/ptango/demo/Guidance/Guidance.xml. See ptolemy/vergil/basic/export/test/junit/ExportModelJUnitTest.java
Exported /home/travis/build/icyphy/ptII/org/ptolemy/ptango/demo/Guidance/Guidance/index.html
3543 ms. Memory: 1852928K Free: 580201K (31%)
####### 47 Fri Jun 01 17:37:06 UTC 2018 $PTII/bin/ptinvoke ptolemy.vergil.basic.export.ExportModel -force htm  -openComposites -timeOut 30000 -whiteBackground org/ptolemy/ptango/demo/Guidance/GuidanceSingleUserWithName.xml $PTII/org/ptolemy/ptango/demo/Guidance/GuidanceSingleUserWithName
Warning: not running org/ptolemy/ptango/demo/Guidance/GuidanceSingleUserWithName.xml. See ptolemy/vergil/basic/export/test/junit/ExportModelJUnitTest.java
Exported /home/travis/build/icyphy/ptII/org/ptolemy/ptango/demo/Guidance/GuidanceSingleUserWithName/index.html
3217 ms. Memory: 1852928K Free: 303794K (16%)
####### 48 Fri Jun 01 17:37:09 UTC 2018 $PTII/bin/ptinvoke ptolemy.vergil.basic.export.ExportModel -force htm  -openComposites -timeOut 30000 -whiteBackground org/ptolemy/ptango/demo/OccupancyAlert/OccupancyAlert.xml $PTII/org/ptolemy/ptango/demo/OccupancyAlert/OccupancyAlert
Warning: not running org/ptolemy/ptango/demo/OccupancyAlert/OccupancyAlert.xml. See ptolemy/vergil/basic/export/test/junit/ExportModelJUnitTest.java
Exported /home/travis/build/icyphy/ptII/org/ptolemy/ptango/demo/OccupancyAlert/OccupancyAlert/index.html
3755 ms. Memory: 1855488K Free: 1085379K (58%)
####### 49 Fri Jun 01 17:37:13 UTC 2018 $PTII/bin/ptinvoke ptolemy.vergil.basic.export.ExportModel -force htm  -openComposites -timeOut 30000 -whiteBackground org/ptolemy/ptango/demo/OptimizationAdvisor/OptimizationAdvisor.xml $PTII/org/ptolemy/ptango/demo/OptimizationAdvisor/OptimizationAdvisor
Warning: not running org/ptolemy/ptango/demo/OptimizationAdvisor/OptimizationAdvisor.xml. See ptolemy/vergil/basic/export/test/junit/ExportModelJUnitTest.java
Exported /home/travis/build/icyphy/ptII/org/ptolemy/ptango/demo/OptimizationAdvisor/OptimizationAdvisor/index.html
12195 ms. Memory: 1857536K Free: 981675K (53%)
####### 50 Fri Jun 01 17:37:25 UTC 2018 $PTII/bin/ptinvoke ptolemy.vergil.basic.export.ExportModel -force htm  -openComposites -timeOut 30000 -whiteBackground org/ptolemy/ptango/demo/SensorAndrew/SensorAndrew.xml $PTII/org/ptolemy/ptango/demo/SensorAndrew/SensorAndrew
Warning: not running org/ptolemy/ptango/demo/SensorAndrew/SensorAndrew.xml. See ptolemy/vergil/basic/export/test/junit/ExportModelJUnitTest.java
Exported /home/travis/build/icyphy/ptII/org/ptolemy/ptango/demo/SensorAndrew/SensorAndrew/index.html
3660 ms. Memory: 1857024K Free: 1580488K (85%)
####### 51 Fri Jun 01 17:37:29 UTC 2018 $PTII/bin/ptinvoke ptolemy.vergil.basic.export.ExportModel -force htm  -openComposites -timeOut 30000 -whiteBackground org/ptolemy/ptango/demo/SmartRoom/SmartRoom.xml $PTII/org/ptolemy/ptango/demo/SmartRoom/SmartRoom
Warning: not running org/ptolemy/ptango/demo/SmartRoom/SmartRoom.xml. See ptolemy/vergil/basic/export/test/junit/ExportModelJUnitTest.java
Exported /home/travis/build/icyphy/ptII/org/ptolemy/ptango/demo/SmartRoom/SmartRoom/index.html
4005 ms. Memory: 1857024K Free: 745347K (40%)
####### 52 Fri Jun 01 17:37:33 UTC 2018 $PTII/bin/ptinvoke ptolemy.vergil.basic.export.ExportModel -force htm  -openComposites -timeOut 30000 -whiteBackground org/ptolemy/ptango/demo/TemperatureSimulation/TemperatureSimulation.xml $PTII/org/ptolemy/ptango/demo/TemperatureSimulation/TemperatureSimulation
Warning: not running org/ptolemy/ptango/demo/TemperatureSimulation/TemperatureSimulation.xml. See ptolemy/vergil/basic/export/test/junit/ExportModelJUnitTest.java
Exported /home/travis/build/icyphy/ptII/org/ptolemy/ptango/demo/TemperatureSimulation/TemperatureSimulation/index.html
3960 ms. Memory: 1849856K Free: 1362612K (74%)
####### 53 Fri Jun 01 17:37:37 UTC 2018 $PTII/bin/ptinvoke ptolemy.vergil.basic.export.ExportModel -force htm  -openComposites -timeOut 30000 -whiteBackground org/ptolemy/ptango/demo/UCBPower/UCBPower.xml $PTII/org/ptolemy/ptango/demo/UCBPower/UCBPower
Warning: not running org/ptolemy/ptango/demo/UCBPower/UCBPower.xml. See ptolemy/vergil/basic/export/test/junit/ExportModelJUnitTest.java
Exported /home/travis/build/icyphy/ptII/org/ptolemy/ptango/demo/UCBPower/UCBPower/index.html
3418 ms. Memory: 1849856K Free: 860331K (47%)
####### 54 Fri Jun 01 17:37:40 UTC 2018 $PTII/bin/ptinvoke ptolemy.vergil.basic.export.ExportModel -force htm  -openComposites -timeOut 30000 -whiteBackground org/ptolemy/ptango/demo/UCBPower/UCBPowerAnalyzerServer.xml $PTII/org/ptolemy/ptango/demo/UCBPower/UCBPowerAnalyzerServer
Warning: not running org/ptolemy/ptango/demo/UCBPower/UCBPowerAnalyzerServer.xml. See ptolemy/vergil/basic/export/test/junit/ExportModelJUnitTest.java
Exported /home/travis/build/icyphy/ptII/org/ptolemy/ptango/demo/UCBPower/UCBPowerAnalyzerServer/index.html
3362 ms. Memory: 1849856K Free: 490441K (27%)
####### 55 Fri Jun 01 17:37:43 UTC 2018 $PTII/bin/ptinvoke ptolemy.vergil.basic.export.ExportModel -force htm  -openComposites -timeOut 30000 -whiteBackground org/ptolemy/ptango/demo/UCBPowerPtera/UCBPowerPtera.xml $PTII/org/ptolemy/ptango/demo/UCBPowerPtera/UCBPowerPtera
Warning: not running org/ptolemy/ptango/demo/UCBPowerPtera/UCBPowerPtera.xml. See ptolemy/vergil/basic/export/test/junit/ExportModelJUnitTest.java
Exported /home/travis/build/icyphy/ptII/org/ptolemy/ptango/demo/UCBPowerPtera/UCBPowerPtera/index.html
5634 ms. Memory: 1835008K Free: 1419654K (77%)
####### 56 Fri Jun 01 17:37:49 UTC 2018 $PTII/bin/ptinvoke ptolemy.vergil.basic.export.ExportModel -force htm  -openComposites -timeOut 30000 -whiteBackground org/ptolemy/ptango/demo/WebServerDE/WebServerDE.xml $PTII/org/ptolemy/ptango/demo/WebServerDE/WebServerDE
Warning: not running org/ptolemy/ptango/demo/WebServerDE/WebServerDE.xml. See ptolemy/vergil/basic/export/test/junit/ExportModelJUnitTest.java
Exported /home/travis/build/icyphy/ptII/org/ptolemy/ptango/demo/WebServerDE/WebServerDE/index.html
6958 ms. Memory: 1934848K Free: 1308681K (68%)
####### 57 Fri Jun 01 17:37:56 UTC 2018 $PTII/bin/ptinvoke ptolemy.vergil.basic.export.ExportModel -force htm -run -openComposites -timeOut 30000 -whiteBackground org/ptolemy/qss/demo/RLC/RLC.xml $PTII/org/ptolemy/qss/demo/RLC/RLC
Running .RLC
84 ms. Memory: 1934848K Free: 1177807K (61%)
Exported /home/travis/build/icyphy/ptII/org/ptolemy/qss/demo/RLC/RLC/index.html
4325 ms. Memory: 1934848K Free: 1032895K (53%)
####### 58 Fri Jun 01 17:38:00 UTC 2018 $PTII/bin/ptinvoke ptolemy.vergil.basic.export.ExportModel -force htm -run -openComposites -timeOut 30000 -whiteBackground org/ptolemy/ssm/demo/RangeLocalizationOnMap/RangeLocalizationOnMap.xml $PTII/org/ptolemy/ssm/demo/RangeLocalizationOnMap/RangeLocalizationOnMap
Running .RangeLocalizationOnMap
ExportHTMLTimer went off after 30000 ms., calling getDirector().finish and getDirector().stopFire()
30892 ms. Memory: 1837568K Free: 594547K (32%)
Exported /home/travis/build/icyphy/ptII/org/ptolemy/ssm/demo/RangeLocalizationOnMap/RangeLocalizationOnMap/index.html
37010 ms. Memory: 1837568K Free: 295155K (16%)
####### 59 Fri Jun 01 17:38:37 UTC 2018 $PTII/bin/ptinvoke ptolemy.vergil.basic.export.ExportModel -force htm -run -openComposites -timeOut 30000 -whiteBackground org/ptolemy/ssm/demo/SingleRobotTargetLocalization/SingleRobotTargetLocalization.xml $PTII/org/ptolemy/ssm/demo/SingleRobotTargetLocalization/SingleRobotTargetLocalization
Running .SingleRobotTargetLocalization
6204 ms. Memory: 1843712K Free: 1030240K (56%)
Exported /home/travis/build/icyphy/ptII/org/ptolemy/ssm/demo/SingleRobotTargetLocalization/SingleRobotTargetLocalization/index.html
10775 ms. Memory: 1843712K Free: 727253K (39%)
####### 60 Fri Jun 01 17:38:48 UTC 2018 $PTII/bin/ptinvoke ptolemy.vergil.basic.export.ExportModel -force htm -run -openComposites -timeOut 30000 -whiteBackground org/ptolemy/ssm/demo/StatePrediction/StatePrediction.xml $PTII/org/ptolemy/ssm/demo/StatePrediction/StatePrediction
Running .StatePrediction
6330 ms. Memory: 1860608K Free: 1328898K (71%)
Exported /home/travis/build/icyphy/ptII/org/ptolemy/ssm/demo/StatePrediction/StatePrediction/index.html
11066 ms. Memory: 1860608K Free: 982820K (53%)
####### 61 Fri Jun 01 17:38:59 UTC 2018 $PTII/bin/ptinvoke ptolemy.vergil.basic.export.ExportModel -force htm  -openComposites -timeOut 30000 -whiteBackground org/terraswarm/accessor/demo/AugmentedReality/AugmentedReality.xml $PTII/org/terraswarm/accessor/demo/AugmentedReality/AugmentedReality
Warning: not running org/terraswarm/accessor/demo/AugmentedReality/AugmentedReality.xml. See ptolemy/vergil/basic/export/test/junit/ExportModelJUnitTest.java
Exported /home/travis/build/icyphy/ptII/org/terraswarm/accessor/demo/AugmentedReality/AugmentedReality/index.html
3116 ms. Memory: 1860608K Free: 837093K (45%)
####### 62 Fri Jun 01 17:39:02 UTC 2018 $PTII/bin/ptinvoke ptolemy.vergil.basic.export.ExportModel -force htm -run -openComposites -timeOut 30000 -whiteBackground org/terraswarm/accessor/demo/AugmentedReality/AugmentedRealityFeedback.xml $PTII/org/terraswarm/accessor/demo/AugmentedReality/AugmentedRealityFeedback
JSAccessor: PT_NO_NET environment variable is set, so git pull and ptdoc are not being run.
Running .AugmentedRealityFeedback
BrowserLauncher: UnsupportedOperation: http://localhost:8089: java.lang.UnsupportedOperationException: The BROWSE action is not supported on the current platform!
ExportHTMLTimer went off after 30000 ms., calling getDirector().finish and getDirector().stopFire()
ExportHTMLTimer went off after 60000 ms., calling manager.stop().
73910 ms. Memory: 1815040K Free: 903397K (50%)
Exported /home/travis/build/icyphy/ptII/org/terraswarm/accessor/demo/AugmentedReality/AugmentedRealityFeedback/index.html
84159 ms. Memory: 1815040K Free: 858269K (47%)
####### 63 Fri Jun 01 17:40:26 UTC 2018 $PTII/bin/ptinvoke ptolemy.vergil.basic.export.ExportModel -force htm -run -openComposites -timeOut 30000 -whiteBackground org/terraswarm/accessor/demo/AugmentedReality/AugmentedRealityFeedbackBlee.xml $PTII/org/terraswarm/accessor/demo/AugmentedReality/AugmentedRealityFeedbackBlee
Running .AugmentedRealityFeedbackBlee
Mutable: BleeSensorr.js: Could not get $KEYSTORE/brokerHostFile:  ptolemy.kernel.util.IllegalActionException: Failed to read URI: /home/travis/.ptKeystore/brokerHostFile
  in .AugmentedRealityFeedbackBlee.Mutable
Because:
Cannot read file '/home/travis/.ptKeystore/brokerHostFile' or '/home/travis/.ptKeystore/brokerHostFile' (Thread[AWT-EventQueue-0,6,main])
ExportHTMLTimer went off after 30000 ms., calling getDirector().finish and getDirector().stopFire()
30054 ms. Memory: 1731072K Free: 144118K (8%)
Exported /home/travis/build/icyphy/ptII/org/terraswarm/accessor/demo/AugmentedReality/AugmentedRealityFeedbackBlee/index.html
38771 ms. Memory: 1726976K Free: 1247301K (72%)
####### 64 Fri Jun 01 17:41:05 UTC 2018 $PTII/bin/ptinvoke ptolemy.vergil.basic.export.ExportModel -force htm -run -openComposites -timeOut 30000 -whiteBackground org/terraswarm/accessor/demo/AugmentedReality/AugmentedRealityKeyValueStore.xml $PTII/org/terraswarm/accessor/demo/AugmentedReality/AugmentedRealityKeyValueStore
Running .AugmentedRealityKeyValueStore
KeyValueStore: Making an HTTP request. (Thread[AWT-EventQueue-0,6,main])
BrowserLauncher: UnsupportedOperation: http://localhost:8089: java.lang.UnsupportedOperationException: The BROWSE action is not supported on the current platform!
ExportHTMLTimer went off after 30000 ms., calling getDirector().finish and getDirector().stopFire()
UserInterface: Connection closed because model is no longer running. (Thread[AWT-EventQueue-0,6,main])
30063 ms. Memory: 1677824K Free: 743290K (44%)
Exported /home/travis/build/icyphy/ptII/org/terraswarm/accessor/demo/AugmentedReality/AugmentedRealityKeyValueStore/index.html
38240 ms. Memory: 1677824K Free: 671457K (40%)
####### 65 Fri Jun 01 17:41:43 UTC 2018 $PTII/bin/ptinvoke ptolemy.vergil.basic.export.ExportModel -force htm -run -openComposites -timeOut 30000 -whiteBackground org/terraswarm/accessor/demo/AugmentedReality/AugmentedRealityVideo.xml $PTII/org/terraswarm/accessor/demo/AugmentedReality/AugmentedRealityVideo
No physical cameras found, using WebcamDummyDriver.
Running .AugmentedRealityVideo
BrowserLauncher: UnsupportedOperation: http://localhost:8089: java.lang.UnsupportedOperationException: The BROWSE action is not supported on the current platform!
ExportHTMLTimer went off after 30000 ms., calling getDirector().finish and getDirector().stopFire()
UserInterface: Connection closed because model is no longer running. (Thread[AWT-EventQueue-0,6,main])
30082 ms. Memory: 1866240K Free: 550186K (29%)
Exported /home/travis/build/icyphy/ptII/org/terraswarm/accessor/demo/AugmentedReality/AugmentedRealityVideo/index.html
41465 ms. Memory: 1867264K Free: 1429722K (77%)
####### 66 Fri Jun 01 17:42:25 UTC 2018 $PTII/bin/ptinvoke ptolemy.vergil.basic.export.ExportModel -force htm -run -openComposites -timeOut 30000 -whiteBackground org/terraswarm/accessor/demo/AugmentedRealityVideoSOHO/AugmentedRealityVideoSOHO.xml $PTII/org/terraswarm/accessor/demo/AugmentedRealityVideoSOHO/AugmentedRealityVideoSOHO
Running .AugmentedRealityVideoSOHO
BrowserLauncher: UnsupportedOperation: http://localhost:8089: java.lang.UnsupportedOperationException: The BROWSE action is not supported on the current platform!
ExportHTMLTimer went off after 30000 ms., calling getDirector().finish and getDirector().stopFire()
UserInterface: Connection closed because model is no longer running. (Thread[AWT-EventQueue-0,6,main])
30091 ms. Memory: 2043904K Free: 1515230K (74%)
Exported /home/travis/build/icyphy/ptII/org/terraswarm/accessor/demo/AugmentedRealityVideoSOHO/AugmentedRealityVideoSOHO/index.html
38742 ms. Memory: 2043904K Free: 1409232K (69%)
####### 67 Fri Jun 01 17:43:04 UTC 2018 $PTII/bin/ptinvoke ptolemy.vergil.basic.export.ExportModel -force htm -run -openComposites -timeOut 30000 -whiteBackground org/terraswarm/accessor/demo/AugmentedRealityVideoSOHO/GenerateHueAccessors.xml $PTII/org/terraswarm/accessor/demo/AugmentedRealityVideoSOHO/GenerateHueAccessors
Running .GenerateHueAccessors
GenerateHueAccessors: GenerateHueAccessors: // Copyright (c) 2017 The Regents of the University of California.
// All rights reserved.
//
// Permission is hereby granted, without written agreement and without
// license or royalty fees, to use, copy, modify, and distribute this
// software and its documentation for any purpose, provided that the above
// copyright notice and the following two paragraphs appear in all copies
// of this software.
//
// IN NO EVENT SHALL THE UNIVERSITY OF CALIFORNIA BE LIABLE TO ANY PARTY
// FOR DIRECT, INDIRECT, SPECIAL, INCIDENTAL, OR CONSEQUENTIAL DAMAGES
// ARISING OUT OF THE USE OF THIS SOFTWARE AND ITS DOCUMENTATION, EVEN IF
// THE UNIVERSITY OF CALIFORNIA HAS BEEN ADVISED OF THE POSSIBILITY OF
// SUCH DAMAGE.
//
// THE UNIVERSITY OF CALIFORNIA SPECIFICALLY DISCLAIMS ANY WARRANTIES,
// INCLUDING, BUT NOT LIMITED TO, THE IMPLIED WARRANTIES OF
// MERCHANTABILITY AND FITNESS FOR A PARTICULAR PURPOSE. THE SOFTWARE
// PROVIDED HEREUNDER IS ON AN "AS IS" BASIS, AND THE UNIVERSITY OF
// CALIFORNIA HAS NO OBLIGATION TO PROVIDE MAINTENANCE, SUPPORT, UPDATES,
// ENHANCEMENTS, OR MODIFICATIONS.
//

/** Control a Philips Hue light bulb.
 *
 *  @accessor HueAccessorTemplate
 *  @author Christopher Brooks, based on TemperatureSensor by Edward A. Lee
 *  @input {JSON} commands JSON commands for the Hue, for example,
 *                {"id" : 1, "on" : true, "hue" : 120}
 *  @output data A JSON object.
 *  @version $$Id$$
 */
// Stop extra messages from jslint.  Note that there should be no
// space between the / and the * and global.
/*globals console, error, exports, require */
/*jshint globalstrict: true*/

"use strict";

var handle = null;
exports.setup = function() {       
    this.implement('ControllableSensor');

    this.output('data', {'type' : 'JSON'});
    
    var Hue = this.instantiate('Hue', 'devices/Hue'); 

    /* The GenerateHueAccessors.xml model substitutes in the bridgeIP here.*/
    Hue.setParameter('bridgeIP','192.168.1.221');

    /* The GenerateHueAccessors.xml model substitutes in the userName here.*/
    Hue.setParameter('userName', 'SVmAJELYPPsCJjRqbKMjg0dLgesa6ZmiKt4Bdwaq');

    var codeIn = "\
        exports.setup = function() {\n\
           this.input('in');\n\
           this.output('out');\n\
        }\n\
        exports.initialize = function() {\n\
           var thiz = this;\n\
           this.addInputHandler('in', function() {\n\
               var inValue = thiz.get('in');\n\
               console.log('HueAccessorTemplate.JavaScriptIn: value of in: ' + inValue);\n\
               var util = require('util');\n\
               console.log(util.inspect(inValue));\n\
               console.log('HueAccessorTemplate.JavaScriptIn: inValue.on: ' + inValue.on);\n\
               var on = true;\n\
               if (inValue.on !== 'on') {;\n\
                   on = false; \n\
               };\n\
               inValue = '{ \"id\": \"8\", \"on\": ' + on + '}';\n\
               thiz.send('out', JSON.parse(inValue));\n\
           });\n\
        }";
    var JavaScriptIn = this.instantiateFromCode('JavaScriptIn', codeIn, false);

    var codeOut = "\
        exports.setup = function() {\n\
           this.input('in');\n\
           this.output('out');\n\
        }\n\
        exports.initialize = function() {\n\
           var thiz = this;\n\
           this.addInputHandler('in', function() {\n\
               /* var inValue = thiz.get('in'); */\n\
               /* FIXME: Need to get real data from the Hue. */\n\
               /* var inValue = '{ \"bridgeIP\": \"192.168.1.221\", \"id\": \"8\", \"userName\": \"SVmAJELYPPsCJjRqbKMjg0dLgesa6ZmiKt4Bdwaq\" }';*/\n\
               var inValue = thiz.get('in');\n\
               var idLight = inValue['8'];\n\
               console.log('HueAccessorTemplate.JavaScriptIn: inValue: ' + inValue);\n\
               var util = require('util');\n\
               console.log(util.inspect(inValue));\n\
               console.log('HueAccessorTemplate.JavaScriptIn: idLight: ' + idLight);\n\
               console.log(util.inspect(idLight));\n\
               thiz.send('out', idLight);\n\
           });\n\
        }";

    var JavaScriptOut = this.instantiateFromCode('JavaScriptOut', codeOut, false);
    
    this.connect('control', JavaScriptIn, 'in');
    this.connect(JavaScriptIn, 'out', Hue, 'commands');
    this.connect(Hue, 'lights', JavaScriptOut, 'in');
    this.connect(JavaScriptOut, 'out', 'data');

};

exports.initialize = function() {	
    // At initialize, send the schema;
    this.send('schema', schema);
    // Also send null data.
    this.send('data', null);
};


function sendData() {
    this.send('data', {
	"id": 8,
        "on": onValue,
    });
}

var schema = {
  "type": "object",
  "properties": {
    "on": {
      	"type": "string",
      	"title": "Turn the light on or off",
      	"description": "Turn the light on or off",
      	"choices": ["on", "off"]
    }
  }
};
 (Thread[AWT-EventQueue-0,6,main])
KeyValueStore: Making an HTTP request. (Thread[AWT-EventQueue-0,6,main])
GenerateHueAccessors: GenerateHueAccessors: // Copyright (c) 2017 The Regents of the University of California.
// All rights reserved.
//
// Permission is hereby granted, without written agreement and without
// license or royalty fees, to use, copy, modify, and distribute this
// software and its documentation for any purpose, provided that the above
// copyright notice and the following two paragraphs appear in all copies
// of this software.
//
// IN NO EVENT SHALL THE UNIVERSITY OF CALIFORNIA BE LIABLE TO ANY PARTY
// FOR DIRECT, INDIRECT, SPECIAL, INCIDENTAL, OR CONSEQUENTIAL DAMAGES
// ARISING OUT OF THE USE OF THIS SOFTWARE AND ITS DOCUMENTATION, EVEN IF
// THE UNIVERSITY OF CALIFORNIA HAS BEEN ADVISED OF THE POSSIBILITY OF
// SUCH DAMAGE.
//
// THE UNIVERSITY OF CALIFORNIA SPECIFICALLY DISCLAIMS ANY WARRANTIES,
// INCLUDING, BUT NOT LIMITED TO, THE IMPLIED WARRANTIES OF
// MERCHANTABILITY AND FITNESS FOR A PARTICULAR PURPOSE. THE SOFTWARE
// PROVIDED HEREUNDER IS ON AN "AS IS" BASIS, AND THE UNIVERSITY OF
// CALIFORNIA HAS NO OBLIGATION TO PROVIDE MAINTENANCE, SUPPORT, UPDATES,
// ENHANCEMENTS, OR MODIFICATIONS.
//

/** Control a Philips Hue light bulb.
 *
 *  @accessor HueAccessorTemplate
 *  @author Christopher Brooks, based on TemperatureSensor by Edward A. Lee
 *  @input {JSON} commands JSON commands for the Hue, for example,
 *                {"id" : 1, "on" : true, "hue" : 120}
 *  @output data A JSON object.
 *  @version $$Id$$
 */
// Stop extra messages from jslint.  Note that there should be no
// space between the / and the * and global.
/*globals console, error, exports, require */
/*jshint globalstrict: true*/

"use strict";

var handle = null;
exports.setup = function() {       
    this.implement('ControllableSensor');

    this.output('data', {'type' : 'JSON'});
    
    var Hue = this.instantiate('Hue', 'devices/Hue'); 

    /* The GenerateHueAccessors.xml model substitutes in the bridgeIP here.*/
    Hue.setParameter('bridgeIP','192.168.1.221');

    /* The GenerateHueAccessors.xml model substitutes in the userName here.*/
    Hue.setParameter('userName', 'SVmAJELYPPsCJjRqbKMjg0dLgesa6ZmiKt4Bdwaq');

    var codeIn = "\
        exports.setup = function() {\n\
           this.input('in');\n\
           this.output('out');\n\
        }\n\
        exports.initialize = function() {\n\
           var thiz = this;\n\
           this.addInputHandler('in', function() {\n\
               var inValue = thiz.get('in');\n\
               console.log('HueAccessorTemplate.JavaScriptIn: value of in: ' + inValue);\n\
               var util = require('util');\n\
               console.log(util.inspect(inValue));\n\
               console.log('HueAccessorTemplate.JavaScriptIn: inValue.on: ' + inValue.on);\n\
               var on = true;\n\
               if (inValue.on !== 'on') {;\n\
                   on = false; \n\
               };\n\
               inValue = '{ \"id\": \"4\", \"on\": ' + on + '}';\n\
               thiz.send('out', JSON.parse(inValue));\n\
           });\n\
        }";
    var JavaScriptIn = this.instantiateFromCode('JavaScriptIn', codeIn, false);

    var codeOut = "\
        exports.setup = function() {\n\
           this.input('in');\n\
           this.output('out');\n\
        }\n\
        exports.initialize = function() {\n\
           var thiz = this;\n\
           this.addInputHandler('in', function() {\n\
               /* var inValue = thiz.get('in'); */\n\
               /* FIXME: Need to get real data from the Hue. */\n\
               /* var inValue = '{ \"bridgeIP\": \"192.168.1.221\", \"id\": \"4\", \"userName\": \"SVmAJELYPPsCJjRqbKMjg0dLgesa6ZmiKt4Bdwaq\" }';*/\n\
               var inValue = thiz.get('in');\n\
               var idLight = inValue['4'];\n\
               console.log('HueAccessorTemplate.JavaScriptIn: inValue: ' + inValue);\n\
               var util = require('util');\n\
               console.log(util.inspect(inValue));\n\
               console.log('HueAccessorTemplate.JavaScriptIn: idLight: ' + idLight);\n\
               console.log(util.inspect(idLight));\n\
               thiz.send('out', idLight);\n\
           });\n\
        }";

    var JavaScriptOut = this.instantiateFromCode('JavaScriptOut', codeOut, false);
    
    this.connect('control', JavaScriptIn, 'in');
    this.connect(JavaScriptIn, 'out', Hue, 'commands');
    this.connect(Hue, 'lights', JavaScriptOut, 'in');
    this.connect(JavaScriptOut, 'out', 'data');

};

exports.initialize = function() {	
    // At initialize, send the schema;
    this.send('schema', schema);
    // Also send null data.
    this.send('data', null);
};


function sendData() {
    this.send('data', {
	"id": 4,
        "on": onValue,
    });
}

var schema = {
  "type": "object",
  "properties": {
    "on": {
      	"type": "string",
      	"title": "Turn the light on or off",
      	"description": "Turn the light on or off",
      	"choices": ["on", "off"]
    }
  }
};
 (Thread[AWT-EventQueue-0,6,main])
KeyValueStore: Making an HTTP request. (Thread[AWT-EventQueue-0,6,main])
GenerateHueAccessors: GenerateHueAccessors: // Copyright (c) 2017 The Regents of the University of California.
// All rights reserved.
//
// Permission is hereby granted, without written agreement and without
// license or royalty fees, to use, copy, modify, and distribute this
// software and its documentation for any purpose, provided that the above
// copyright notice and the following two paragraphs appear in all copies
// of this software.
//
// IN NO EVENT SHALL THE UNIVERSITY OF CALIFORNIA BE LIABLE TO ANY PARTY
// FOR DIRECT, INDIRECT, SPECIAL, INCIDENTAL, OR CONSEQUENTIAL DAMAGES
// ARISING OUT OF THE USE OF THIS SOFTWARE AND ITS DOCUMENTATION, EVEN IF
// THE UNIVERSITY OF CALIFORNIA HAS BEEN ADVISED OF THE POSSIBILITY OF
// SUCH DAMAGE.
//
// THE UNIVERSITY OF CALIFORNIA SPECIFICALLY DISCLAIMS ANY WARRANTIES,
// INCLUDING, BUT NOT LIMITED TO, THE IMPLIED WARRANTIES OF
// MERCHANTABILITY AND FITNESS FOR A PARTICULAR PURPOSE. THE SOFTWARE
// PROVIDED HEREUNDER IS ON AN "AS IS" BASIS, AND THE UNIVERSITY OF
// CALIFORNIA HAS NO OBLIGATION TO PROVIDE MAINTENANCE, SUPPORT, UPDATES,
// ENHANCEMENTS, OR MODIFICATIONS.
//

/** Control a Philips Hue light bulb.
 *
 *  @accessor HueAccessorTemplate
 *  @author Christopher Brooks, based on TemperatureSensor by Edward A. Lee
 *  @input {JSON} commands JSON commands for the Hue, for example,
 *                {"id" : 1, "on" : true, "hue" : 120}
 *  @output data A JSON object.
 *  @version $$Id$$
 */
// Stop extra messages from jslint.  Note that there should be no
// space between the / and the * and global.
/*globals console, error, exports, require */
/*jshint globalstrict: true*/

"use strict";

var handle = null;
exports.setup = function() {       
    this.implement('ControllableSensor');

    this.output('data', {'type' : 'JSON'});
    
    var Hue = this.instantiate('Hue', 'devices/Hue'); 

    /* The GenerateHueAccessors.xml model substitutes in the bridgeIP here.*/
    Hue.setParameter('bridgeIP','192.168.1.221');

    /* The GenerateHueAccessors.xml model substitutes in the userName here.*/
    Hue.setParameter('userName', 'SVmAJELYPPsCJjRqbKMjg0dLgesa6ZmiKt4Bdwaq');

    var codeIn = "\
        exports.setup = function() {\n\
           this.input('in');\n\
           this.output('out');\n\
        }\n\
        exports.initialize = function() {\n\
           var thiz = this;\n\
           this.addInputHandler('in', function() {\n\
               var inValue = thiz.get('in');\n\
               console.log('HueAccessorTemplate.JavaScriptIn: value of in: ' + inValue);\n\
               var util = require('util');\n\
               console.log(util.inspect(inValue));\n\
               console.log('HueAccessorTemplate.JavaScriptIn: inValue.on: ' + inValue.on);\n\
               var on = true;\n\
               if (inValue.on !== 'on') {;\n\
                   on = false; \n\
               };\n\
               inValue = '{ \"id\": \"5\", \"on\": ' + on + '}';\n\
               thiz.send('out', JSON.parse(inValue));\n\
           });\n\
        }";
    var JavaScriptIn = this.instantiateFromCode('JavaScriptIn', codeIn, false);

    var codeOut = "\
        exports.setup = function() {\n\
           this.input('in');\n\
           this.output('out');\n\
        }\n\
        exports.initialize = function() {\n\
           var thiz = this;\n\
           this.addInputHandler('in', function() {\n\
               /* var inValue = thiz.get('in'); */\n\
               /* FIXME: Need to get real data from the Hue. */\n\
               /* var inValue = '{ \"bridgeIP\": \"192.168.1.221\", \"id\": \"5\", \"userName\": \"SVmAJELYPPsCJjRqbKMjg0dLgesa6ZmiKt4Bdwaq\" }';*/\n\
               var inValue = thiz.get('in');\n\
               var idLight = inValue['5'];\n\
               console.log('HueAccessorTemplate.JavaScriptIn: inValue: ' + inValue);\n\
               var util = require('util');\n\
               console.log(util.inspect(inValue));\n\
               console.log('HueAccessorTemplate.JavaScriptIn: idLight: ' + idLight);\n\
               console.log(util.inspect(idLight));\n\
               thiz.send('out', idLight);\n\
           });\n\
        }";

    var JavaScriptOut = this.instantiateFromCode('JavaScriptOut', codeOut, false);
    
    this.connect('control', JavaScriptIn, 'in');
    this.connect(JavaScriptIn, 'out', Hue, 'commands');
    this.connect(Hue, 'lights', JavaScriptOut, 'in');
    this.connect(JavaScriptOut, 'out', 'data');

};

exports.initialize = function() {	
    // At initialize, send the schema;
    this.send('schema', schema);
    // Also send null data.
    this.send('data', null);
};


function sendData() {
    this.send('data', {
	"id": 5,
        "on": onValue,
    });
}

var schema = {
  "type": "object",
  "properties": {
    "on": {
      	"type": "string",
      	"title": "Turn the light on or off",
      	"description": "Turn the light on or off",
      	"choices": ["on", "off"]
    }
  }
};
 (Thread[AWT-EventQueue-0,6,main])
KeyValueStore: Making an HTTP request. (Thread[AWT-EventQueue-0,6,main])
GenerateHueAccessors: GenerateHueAccessors: // Copyright (c) 2017 The Regents of the University of California.
// All rights reserved.
//
// Permission is hereby granted, without written agreement and without
// license or royalty fees, to use, copy, modify, and distribute this
// software and its documentation for any purpose, provided that the above
// copyright notice and the following two paragraphs appear in all copies
// of this software.
//
// IN NO EVENT SHALL THE UNIVERSITY OF CALIFORNIA BE LIABLE TO ANY PARTY
// FOR DIRECT, INDIRECT, SPECIAL, INCIDENTAL, OR CONSEQUENTIAL DAMAGES
// ARISING OUT OF THE USE OF THIS SOFTWARE AND ITS DOCUMENTATION, EVEN IF
// THE UNIVERSITY OF CALIFORNIA HAS BEEN ADVISED OF THE POSSIBILITY OF
// SUCH DAMAGE.
//
// THE UNIVERSITY OF CALIFORNIA SPECIFICALLY DISCLAIMS ANY WARRANTIES,
// INCLUDING, BUT NOT LIMITED TO, THE IMPLIED WARRANTIES OF
// MERCHANTABILITY AND FITNESS FOR A PARTICULAR PURPOSE. THE SOFTWARE
// PROVIDED HEREUNDER IS ON AN "AS IS" BASIS, AND THE UNIVERSITY OF
// CALIFORNIA HAS NO OBLIGATION TO PROVIDE MAINTENANCE, SUPPORT, UPDATES,
// ENHANCEMENTS, OR MODIFICATIONS.
//

/** Control a Philips Hue light bulb.
 *
 *  @accessor HueAccessorTemplate
 *  @author Christopher Brooks, based on TemperatureSensor by Edward A. Lee
 *  @input {JSON} commands JSON commands for the Hue, for example,
 *                {"id" : 1, "on" : true, "hue" : 120}
 *  @output data A JSON object.
 *  @version $$Id$$
 */
// Stop extra messages from jslint.  Note that there should be no
// space between the / and the * and global.
/*globals console, error, exports, require */
/*jshint globalstrict: true*/

"use strict";

var handle = null;
exports.setup = function() {       
    this.implement('ControllableSensor');

    this.output('data', {'type' : 'JSON'});
    
    var Hue = this.instantiate('Hue', 'devices/Hue'); 

    /* The GenerateHueAccessors.xml model substitutes in the bridgeIP here.*/
    Hue.setParameter('bridgeIP','192.168.1.221');

    /* The GenerateHueAccessors.xml model substitutes in the userName here.*/
    Hue.setParameter('userName', 'SVmAJELYPPsCJjRqbKMjg0dLgesa6ZmiKt4Bdwaq');

    var codeIn = "\
        exports.setup = function() {\n\
           this.input('in');\n\
           this.output('out');\n\
        }\n\
        exports.initialize = function() {\n\
           var thiz = this;\n\
           this.addInputHandler('in', function() {\n\
               var inValue = thiz.get('in');\n\
               console.log('HueAccessorTemplate.JavaScriptIn: value of in: ' + inValue);\n\
               var util = require('util');\n\
               console.log(util.inspect(inValue));\n\
               console.log('HueAccessorTemplate.JavaScriptIn: inValue.on: ' + inValue.on);\n\
               var on = true;\n\
               if (inValue.on !== 'on') {;\n\
                   on = false; \n\
               };\n\
               inValue = '{ \"id\": \"6\", \"on\": ' + on + '}';\n\
               thiz.send('out', JSON.parse(inValue));\n\
           });\n\
        }";
    var JavaScriptIn = this.instantiateFromCode('JavaScriptIn', codeIn, false);

    var codeOut = "\
        exports.setup = function() {\n\
           this.input('in');\n\
           this.output('out');\n\
        }\n\
        exports.initialize = function() {\n\
           var thiz = this;\n\
           this.addInputHandler('in', function() {\n\
               /* var inValue = thiz.get('in'); */\n\
               /* FIXME: Need to get real data from the Hue. */\n\
               /* var inValue = '{ \"bridgeIP\": \"192.168.1.221\", \"id\": \"6\", \"userName\": \"SVmAJELYPPsCJjRqbKMjg0dLgesa6ZmiKt4Bdwaq\" }';*/\n\
               var inValue = thiz.get('in');\n\
               var idLight = inValue['6'];\n\
               console.log('HueAccessorTemplate.JavaScriptIn: inValue: ' + inValue);\n\
               var util = require('util');\n\
               console.log(util.inspect(inValue));\n\
               console.log('HueAccessorTemplate.JavaScriptIn: idLight: ' + idLight);\n\
               console.log(util.inspect(idLight));\n\
               thiz.send('out', idLight);\n\
           });\n\
        }";

    var JavaScriptOut = this.instantiateFromCode('JavaScriptOut', codeOut, false);
    
    this.connect('control', JavaScriptIn, 'in');
    this.connect(JavaScriptIn, 'out', Hue, 'commands');
    this.connect(Hue, 'lights', JavaScriptOut, 'in');
    this.connect(JavaScriptOut, 'out', 'data');

};

exports.initialize = function() {	
    // At initialize, send the schema;
    this.send('schema', schema);
    // Also send null data.
    this.send('data', null);
};


function sendData() {
    this.send('data', {
	"id": 6,
        "on": onValue,
    });
}

var schema = {
  "type": "object",
  "properties": {
    "on": {
      	"type": "string",
      	"title": "Turn the light on or off",
      	"description": "Turn the light on or off",
      	"choices": ["on", "off"]
    }
  }
};
 (Thread[AWT-EventQueue-0,6,main])
KeyValueStore: Making an HTTP request. (Thread[AWT-EventQueue-0,6,main])
GenerateHueAccessors: GenerateHueAccessors: // Copyright (c) 2017 The Regents of the University of California.
// All rights reserved.
//
// Permission is hereby granted, without written agreement and without
// license or royalty fees, to use, copy, modify, and distribute this
// software and its documentation for any purpose, provided that the above
// copyright notice and the following two paragraphs appear in all copies
// of this software.
//
// IN NO EVENT SHALL THE UNIVERSITY OF CALIFORNIA BE LIABLE TO ANY PARTY
// FOR DIRECT, INDIRECT, SPECIAL, INCIDENTAL, OR CONSEQUENTIAL DAMAGES
// ARISING OUT OF THE USE OF THIS SOFTWARE AND ITS DOCUMENTATION, EVEN IF
// THE UNIVERSITY OF CALIFORNIA HAS BEEN ADVISED OF THE POSSIBILITY OF
// SUCH DAMAGE.
//
// THE UNIVERSITY OF CALIFORNIA SPECIFICALLY DISCLAIMS ANY WARRANTIES,
// INCLUDING, BUT NOT LIMITED TO, THE IMPLIED WARRANTIES OF
// MERCHANTABILITY AND FITNESS FOR A PARTICULAR PURPOSE. THE SOFTWARE
// PROVIDED HEREUNDER IS ON AN "AS IS" BASIS, AND THE UNIVERSITY OF
// CALIFORNIA HAS NO OBLIGATION TO PROVIDE MAINTENANCE, SUPPORT, UPDATES,
// ENHANCEMENTS, OR MODIFICATIONS.
//

/** Control a Philips Hue light bulb.
 *
 *  @accessor HueAccessorTemplate
 *  @author Christopher Brooks, based on TemperatureSensor by Edward A. Lee
 *  @input {JSON} commands JSON commands for the Hue, for example,
 *                {"id" : 1, "on" : true, "hue" : 120}
 *  @output data A JSON object.
 *  @version $$Id$$
 */
// Stop extra messages from jslint.  Note that there should be no
// space between the / and the * and global.
/*globals console, error, exports, require */
/*jshint globalstrict: true*/

"use strict";

var handle = null;
exports.setup = function() {       
    this.implement('ControllableSensor');

    this.output('data', {'type' : 'JSON'});
    
    var Hue = this.instantiate('Hue', 'devices/Hue'); 

    /* The GenerateHueAccessors.xml model substitutes in the bridgeIP here.*/
    Hue.setParameter('bridgeIP','192.168.1.221');

    /* The GenerateHueAccessors.xml model substitutes in the userName here.*/
    Hue.setParameter('userName', 'SVmAJELYPPsCJjRqbKMjg0dLgesa6ZmiKt4Bdwaq');

    var codeIn = "\
        exports.setup = function() {\n\
           this.input('in');\n\
           this.output('out');\n\
        }\n\
        exports.initialize = function() {\n\
           var thiz = this;\n\
           this.addInputHandler('in', function() {\n\
               var inValue = thiz.get('in');\n\
               console.log('HueAccessorTemplate.JavaScriptIn: value of in: ' + inValue);\n\
               var util = require('util');\n\
               console.log(util.inspect(inValue));\n\
               console.log('HueAccessorTemplate.JavaScriptIn: inValue.on: ' + inValue.on);\n\
               var on = true;\n\
               if (inValue.on !== 'on') {;\n\
                   on = false; \n\
               };\n\
               inValue = '{ \"id\": \"7\", \"on\": ' + on + '}';\n\
               thiz.send('out', JSON.parse(inValue));\n\
           });\n\
        }";
    var JavaScriptIn = this.instantiateFromCode('JavaScriptIn', codeIn, false);

    var codeOut = "\
        exports.setup = function() {\n\
           this.input('in');\n\
           this.output('out');\n\
        }\n\
        exports.initialize = function() {\n\
           var thiz = this;\n\
           this.addInputHandler('in', function() {\n\
               /* var inValue = thiz.get('in'); */\n\
               /* FIXME: Need to get real data from the Hue. */\n\
               /* var inValue = '{ \"bridgeIP\": \"192.168.1.221\", \"id\": \"7\", \"userName\": \"SVmAJELYPPsCJjRqbKMjg0dLgesa6ZmiKt4Bdwaq\" }';*/\n\
               var inValue = thiz.get('in');\n\
               var idLight = inValue['7'];\n\
               console.log('HueAccessorTemplate.JavaScriptIn: inValue: ' + inValue);\n\
               var util = require('util');\n\
               console.log(util.inspect(inValue));\n\
               console.log('HueAccessorTemplate.JavaScriptIn: idLight: ' + idLight);\n\
               console.log(util.inspect(idLight));\n\
               thiz.send('out', idLight);\n\
           });\n\
        }";

    var JavaScriptOut = this.instantiateFromCode('JavaScriptOut', codeOut, false);
    
    this.connect('control', JavaScriptIn, 'in');
    this.connect(JavaScriptIn, 'out', Hue, 'commands');
    this.connect(Hue, 'lights', JavaScriptOut, 'in');
    this.connect(JavaScriptOut, 'out', 'data');

};

exports.initialize = function() {	
    // At initialize, send the schema;
    this.send('schema', schema);
    // Also send null data.
    this.send('data', null);
};


function sendData() {
    this.send('data', {
	"id": 7,
        "on": onValue,
    });
}

var schema = {
  "type": "object",
  "properties": {
    "on": {
      	"type": "string",
      	"title": "Turn the light on or off",
      	"description": "Turn the light on or off",
      	"choices": ["on", "off"]
    }
  }
};
 (Thread[AWT-EventQueue-0,6,main])
KeyValueStore: Making an HTTP request. (Thread[AWT-EventQueue-0,6,main])
8255 ms. Memory: 2043904K Free: 598369K (29%)
Exported /home/travis/build/icyphy/ptII/org/terraswarm/accessor/demo/AugmentedRealityVideoSOHO/GenerateHueAccessors/index.html
13523 ms. Memory: 2043904K Free: 557212K (27%)
####### 68 Fri Jun 01 17:43:17 UTC 2018 $PTII/bin/ptinvoke ptolemy.vergil.basic.export.ExportModel -force htm -run -openComposites -timeOut 30000 -whiteBackground org/terraswarm/accessor/demo/AugmentedRealityVideoSOHO/GenerateLifxAccessors.xml $PTII/org/terraswarm/accessor/demo/AugmentedRealityVideoSOHO/GenerateLifxAccessors
Running .GenerateLifxAccessors
GenerateLifxAccessors: bind success (Thread[AWT-EventQueue-0,6,main])
GenerateLifxAccessors: Start discovery: Broadcast at 255.255.255.255:56700... undefined (Thread[vert.x-eventloop-thread-2,6,main])
GenerateLifxAccessors: listening: true (Thread[AWT-EventQueue-0,6,main])
7956 ms. Memory: 2041856K Free: 491492K (24%)
Exported /home/travis/build/icyphy/ptII/org/terraswarm/accessor/demo/AugmentedRealityVideoSOHO/GenerateLifxAccessors/index.html
13873 ms. Memory: 2041856K Free: 447136K (22%)
####### 69 Fri Jun 01 17:43:31 UTC 2018 $PTII/bin/ptinvoke ptolemy.vergil.basic.export.ExportModel -force htm -run -openComposites -timeOut 30000 -whiteBackground org/terraswarm/accessor/demo/AugmentedRealityVideoSOHO/GenerateMQTTAccessors.xml $PTII/org/terraswarm/accessor/demo/AugmentedRealityVideoSOHO/GenerateMQTTAccessors
Running .GenerateMQTTAccessors
GenerateBleeAccessors: GenerateBleeAccessors: "use strict";

exports.setup = function() {	
    this.output('data', {'type' : 'JSON'});
    
    var MQTTSubscriber = this.instantiate('MQTTSubscriber', 'net/MQTTSubscriber'); 
    MQTTSubscriber.input('subscribe', {
	/* 'value':'#'*/
    /* The GenerateBleeAccessors.xml model substitutes in the topic here.*/
        'value': 'device/BLEES/c098e53000b4'
    });
    
    /* The GenerateBleeAccessors.xml model substitutes in the BrokerHost here.*/
    var brokerHost = '192.168.1.200';

    /* Hint: Use the lab11 Summon app to find local SwarmBoxes with BLE. */
    MQTTSubscriber.setParameter('brokerHost', brokerHost);

    var code = "\
	exports.setup = function() {\n\
	    this.input('in');\n\
	    this.output('out');\n\
    }\n\
    exports.initialize = function() {\n\
	    var thiz = this;\n\
	    this.addInputHandler('in', function() {\n\
	    	var inValue = thiz.get('in');\n\
	        console.log('MQTTAccessor:' + inValue);\n\
		    thiz.send('out', JSON.parse(inValue));\n\
	    });\n\
    }";
    var JavaScript = this.instantiateFromCode('JavaScript', code, false);

    this.connect(JavaScript, 'out', 'data');
    this.connect(MQTTSubscriber, 'received', JavaScript, 'in');
};
 (Thread[AWT-EventQueue-0,6,main])
KeyValueStore: Making an HTTP request. (Thread[AWT-EventQueue-0,6,main])
GenerateBleeAccessors: GenerateBleeAccessors: "use strict";

exports.setup = function() {	
    this.output('data', {'type' : 'JSON'});
    
    var MQTTSubscriber = this.instantiate('MQTTSubscriber', 'net/MQTTSubscriber'); 
    MQTTSubscriber.input('subscribe', {
	/* 'value':'#'*/
    /* The GenerateBleeAccessors.xml model substitutes in the topic here.*/
        'value': 'device/BLEES/c098e530005b'
    });
    
    /* The GenerateBleeAccessors.xml model substitutes in the BrokerHost here.*/
    var brokerHost = '192.168.1.200';

    /* Hint: Use the lab11 Summon app to find local SwarmBoxes with BLE. */
    MQTTSubscriber.setParameter('brokerHost', brokerHost);

    var code = "\
	exports.setup = function() {\n\
	    this.input('in');\n\
	    this.output('out');\n\
    }\n\
    exports.initialize = function() {\n\
	    var thiz = this;\n\
	    this.addInputHandler('in', function() {\n\
	    	var inValue = thiz.get('in');\n\
	        console.log('MQTTAccessor:' + inValue);\n\
		    thiz.send('out', JSON.parse(inValue));\n\
	    });\n\
    }";
    var JavaScript = this.instantiateFromCode('JavaScript', code, false);

    this.connect(JavaScript, 'out', 'data');
    this.connect(MQTTSubscriber, 'received', JavaScript, 'in');
};
 (Thread[AWT-EventQueue-0,6,main])
KeyValueStore: Making an HTTP request. (Thread[AWT-EventQueue-0,6,main])
GenerateBleeAccessors: GenerateBleeAccessors: "use strict";

exports.setup = function() {	
    this.output('data', {'type' : 'JSON'});
    
    var MQTTSubscriber = this.instantiate('MQTTSubscriber', 'net/MQTTSubscriber'); 
    MQTTSubscriber.input('subscribe', {
	/* 'value':'#'*/
    /* The GenerateBleeAccessors.xml model substitutes in the topic here.*/
        'value': 'device/PowerBlade/c098e570021e'
    });
    
    /* The GenerateBleeAccessors.xml model substitutes in the BrokerHost here.*/
    var brokerHost = '192.168.1.200';

    /* Hint: Use the lab11 Summon app to find local SwarmBoxes with BLE. */
    MQTTSubscriber.setParameter('brokerHost', brokerHost);

    var code = "\
	exports.setup = function() {\n\
	    this.input('in');\n\
	    this.output('out');\n\
    }\n\
    exports.initialize = function() {\n\
	    var thiz = this;\n\
	    this.addInputHandler('in', function() {\n\
	    	var inValue = thiz.get('in');\n\
	        console.log('MQTTAccessor:' + inValue);\n\
		    thiz.send('out', JSON.parse(inValue));\n\
	    });\n\
    }";
    var JavaScript = this.instantiateFromCode('JavaScript', code, false);

    this.connect(JavaScript, 'out', 'data');
    this.connect(MQTTSubscriber, 'received', JavaScript, 'in');
};
 (Thread[AWT-EventQueue-0,6,main])
KeyValueStore: Making an HTTP request. (Thread[AWT-EventQueue-0,6,main])
GenerateBleeAccessors: GenerateBleeAccessors: "use strict";

exports.setup = function() {	
    this.output('data', {'type' : 'JSON'});
    
    var MQTTSubscriber = this.instantiate('MQTTSubscriber', 'net/MQTTSubscriber'); 
    MQTTSubscriber.input('subscribe', {
	/* 'value':'#'*/
    /* The GenerateBleeAccessors.xml model substitutes in the topic here.*/
        'value': 'device/PowerBlade/c098e570020b'
    });
    
    /* The GenerateBleeAccessors.xml model substitutes in the BrokerHost here.*/
    var brokerHost = '192.168.1.200';

    /* Hint: Use the lab11 Summon app to find local SwarmBoxes with BLE. */
    MQTTSubscriber.setParameter('brokerHost', brokerHost);

    var code = "\
	exports.setup = function() {\n\
	    this.input('in');\n\
	    this.output('out');\n\
    }\n\
    exports.initialize = function() {\n\
	    var thiz = this;\n\
	    this.addInputHandler('in', function() {\n\
	    	var inValue = thiz.get('in');\n\
	        console.log('MQTTAccessor:' + inValue);\n\
		    thiz.send('out', JSON.parse(inValue));\n\
	    });\n\
    }";
    var JavaScript = this.instantiateFromCode('JavaScript', code, false);

    this.connect(JavaScript, 'out', 'data');
    this.connect(MQTTSubscriber, 'received', JavaScript, 'in');
};
 (Thread[AWT-EventQueue-0,6,main])
KeyValueStore: Making an HTTP request. (Thread[AWT-EventQueue-0,6,main])
GenerateBleeAccessors: GenerateBleeAccessors: "use strict";

exports.setup = function() {	
    this.output('data', {'type' : 'JSON'});
    
    var MQTTSubscriber = this.instantiate('MQTTSubscriber', 'net/MQTTSubscriber'); 
    MQTTSubscriber.input('subscribe', {
	/* 'value':'#'*/
    /* The GenerateBleeAccessors.xml model substitutes in the topic here.*/
        'value': 'device/PowerBlade/c098e570023e'
    });
    
    /* The GenerateBleeAccessors.xml model substitutes in the BrokerHost here.*/
    var brokerHost = '192.168.1.200';

    /* Hint: Use the lab11 Summon app to find local SwarmBoxes with BLE. */
    MQTTSubscriber.setParameter('brokerHost', brokerHost);

    var code = "\
	exports.setup = function() {\n\
	    this.input('in');\n\
	    this.output('out');\n\
    }\n\
    exports.initialize = function() {\n\
	    var thiz = this;\n\
	    this.addInputHandler('in', function() {\n\
	    	var inValue = thiz.get('in');\n\
	        console.log('MQTTAccessor:' + inValue);\n\
		    thiz.send('out', JSON.parse(inValue));\n\
	    });\n\
    }";
    var JavaScript = this.instantiateFromCode('JavaScript', code, false);

    this.connect(JavaScript, 'out', 'data');
    this.connect(MQTTSubscriber, 'received', JavaScript, 'in');
};
 (Thread[AWT-EventQueue-0,6,main])
KeyValueStore: Making an HTTP request. (Thread[AWT-EventQueue-0,6,main])
GenerateBleeAccessors: GenerateBleeAccessors: "use strict";

exports.setup = function() {	
    this.output('data', {'type' : 'JSON'});
    
    var MQTTSubscriber = this.instantiate('MQTTSubscriber', 'net/MQTTSubscriber'); 
    MQTTSubscriber.input('subscribe', {
	/* 'value':'#'*/
    /* The GenerateBleeAccessors.xml model substitutes in the topic here.*/
        'value': 'device/PowerBlade/c098e570023a'
    });
    
    /* The GenerateBleeAccessors.xml model substitutes in the BrokerHost here.*/
    var brokerHost = '192.168.1.200';

    /* Hint: Use the lab11 Summon app to find local SwarmBoxes with BLE. */
    MQTTSubscriber.setParameter('brokerHost', brokerHost);

    var code = "\
	exports.setup = function() {\n\
	    this.input('in');\n\
	    this.output('out');\n\
    }\n\
    exports.initialize = function() {\n\
	    var thiz = this;\n\
	    this.addInputHandler('in', function() {\n\
	    	var inValue = thiz.get('in');\n\
	        console.log('MQTTAccessor:' + inValue);\n\
		    thiz.send('out', JSON.parse(inValue));\n\
	    });\n\
    }";
    var JavaScript = this.instantiateFromCode('JavaScript', code, false);

    this.connect(JavaScript, 'out', 'data');
    this.connect(MQTTSubscriber, 'received', JavaScript, 'in');
};
 (Thread[AWT-EventQueue-0,6,main])
KeyValueStore: Making an HTTP request. (Thread[AWT-EventQueue-0,6,main])
10138 ms. Memory: 2057216K Free: 733785K (36%)
Exported /home/travis/build/icyphy/ptII/org/terraswarm/accessor/demo/AugmentedRealityVideoSOHO/GenerateMQTTAccessors/index.html
15629 ms. Memory: 2057216K Free: 691426K (34%)
####### 70 Fri Jun 01 17:43:47 UTC 2018 $PTII/bin/ptinvoke ptolemy.vergil.basic.export.ExportModel -force htm -run -openComposites -timeOut 30000 -whiteBackground org/terraswarm/accessor/demo/AugmentedRealityVideoSOHO/KeyValueStoreServerSOHO.xml $PTII/org/terraswarm/accessor/demo/AugmentedRealityVideoSOHO/KeyValueStoreServerSOHO
Running .KeyValueStoreServerSOHO
WebServer: WebServer: Creating new server. (Thread[AWT-EventQueue-0,6,main])
WebServer: WebServer: Listening for requests. (Thread[vert.x-eventloop-thread-2,6,main])
ExportHTMLTimer went off after 30000 ms., calling getDirector().finish and getDirector().stopFire()
WebServer: WebServer: Stopping the server. (Thread[AWT-EventQueue-0,6,main])
30070 ms. Memory: 2063360K Free: 522414K (25%)
Exported /home/travis/build/icyphy/ptII/org/terraswarm/accessor/demo/AugmentedRealityVideoSOHO/KeyValueStoreServerSOHO/index.html
38037 ms. Memory: 2063360K Free: 476510K (23%)
####### 71 Fri Jun 01 17:44:25 UTC 2018 $PTII/bin/ptinvoke ptolemy.vergil.basic.export.ExportModel -force htm -run -openComposites -timeOut 30000 -whiteBackground org/terraswarm/accessor/demo/AugmentedRealityVideoSOHO/SoundServerSOHO.xml $PTII/org/terraswarm/accessor/demo/AugmentedRealityVideoSOHO/SoundServerSOHO
Running .SoundServerSOHO
KeyValueStore: Making an HTTP request. (Thread[AWT-EventQueue-0,6,main])
ExportHTMLTimer went off after 30000 ms., calling getDirector().finish and getDirector().stopFire()
30052 ms. Memory: 1750528K Free: 746776K (43%)
Exported /home/travis/build/icyphy/ptII/org/terraswarm/accessor/demo/AugmentedRealityVideoSOHO/SoundServerSOHO/index.html
37945 ms. Memory: 1750528K Free: 697656K (40%)
####### 72 Fri Jun 01 17:45:03 UTC 2018 $PTII/bin/ptinvoke ptolemy.vergil.basic.export.ExportModel -force htm -run -openComposites -timeOut 30000 -whiteBackground org/terraswarm/accessor/demo/AugmentedRealityVideoTerra/AugmentedRealityVideoTerra.xml $PTII/org/terraswarm/accessor/demo/AugmentedRealityVideoTerra/AugmentedRealityVideoTerra
Running .AugmentedRealityVideoTerra
Manager.initialize() finished: 10358 ms. Memory: 1902592K Free: 721432K (38%)
BrowserLauncher: UnsupportedOperation: http://localhost:8089: java.lang.UnsupportedOperationException: The BROWSE action is not supported on the current platform!
ExportHTMLTimer went off after 30000 ms., calling getDirector().finish and getDirector().stopFire()
UserInterface: Connection closed because model is no longer running. (Thread[AWT-EventQueue-0,6,main])
30114 ms. Memory: 2071552K Free: 995153K (48%)
Exported /home/travis/build/icyphy/ptII/org/terraswarm/accessor/demo/AugmentedRealityVideoTerra/AugmentedRealityVideoTerra/index.html
41367 ms. Memory: 2071552K Free: 925047K (45%)
####### 73 Fri Jun 01 17:45:44 UTC 2018 $PTII/bin/ptinvoke ptolemy.vergil.basic.export.ExportModel -force htm -run -openComposites -timeOut 30000 -whiteBackground org/terraswarm/accessor/demo/AugmentedRealityVideoTerra/SoundServerTerra.xml $PTII/org/terraswarm/accessor/demo/AugmentedRealityVideoTerra/SoundServerTerra
Running .SoundServerTerra
KeyValueStore: Making an HTTP request. (Thread[AWT-EventQueue-0,6,main])
ExportHTMLTimer went off after 30000 ms., calling getDirector().finish and getDirector().stopFire()
30055 ms. Memory: 2116608K Free: 1281842K (61%)
Exported /home/travis/build/icyphy/ptII/org/terraswarm/accessor/demo/AugmentedRealityVideoTerra/SoundServerTerra/index.html
37808 ms. Memory: 2116608K Free: 1245077K (59%)
####### 74 Fri Jun 01 17:46:22 UTC 2018 $PTII/bin/ptinvoke ptolemy.vergil.basic.export.ExportModel -force htm  -openComposites -timeOut 30000 -whiteBackground org/terraswarm/accessor/demo/Hue/Hue.xml $PTII/org/terraswarm/accessor/demo/Hue/Hue
Warning: not running org/terraswarm/accessor/demo/Hue/Hue.xml. See ptolemy/vergil/basic/export/test/junit/ExportModelJUnitTest.java
Exported /home/travis/build/icyphy/ptII/org/terraswarm/accessor/demo/Hue/Hue/index.html
3111 ms. Memory: 2116608K Free: 1122769K (53%)
####### 75 Fri Jun 01 17:46:25 UTC 2018 $PTII/bin/ptinvoke ptolemy.vergil.basic.export.ExportModel -force htm -run -openComposites -timeOut 30000 -whiteBackground org/terraswarm/accessor/demo/Hue/HueToggle.xml $PTII/org/terraswarm/accessor/demo/Hue/HueToggle
Running .HueToggle
Hue: Attempting to connect to: http://192.168.1.221/api/SVmAJELYPPsCJjRqbKMjg0dLgesa6ZmiKt4Bdwaq/lights/ (Thread[AWT-EventQueue-0,6,main])
Hue: Making an HTTP request. (Thread[AWT-EventQueue-0,6,main])
Hue: Hue.js: issueCommand(): '[{"id":8,"on":true,"hue":62989.005771845754}]' (Thread[AWT-EventQueue-0,6,main])
Hue: Not authenticated; queueing command. (Thread[AWT-EventQueue-0,6,main])
Hue: Hue.js: issueCommand(): '[{"id":8,"on":false,"hue":51772.87321553257}]' (Thread[AWT-EventQueue-0,6,main])
Hue: Not authenticated; queueing command. (Thread[AWT-EventQueue-0,6,main])
Hue: Hue.js: issueCommand(): '[{"id":8,"on":true,"hue":17171.286064501503}]' (Thread[AWT-EventQueue-0,6,main])
Hue: Not authenticated; queueing command. (Thread[AWT-EventQueue-0,6,main])
Hue: Hue.js: issueCommand(): '[{"id":8,"on":false,"hue":34654.66211668575}]' (Thread[AWT-EventQueue-0,6,main])
Hue: Not authenticated; queueing command. (Thread[AWT-EventQueue-0,6,main])
Hue: Hue.js: issueCommand(): '[{"id":8,"on":true,"hue":30959.28648627223}]' (Thread[AWT-EventQueue-0,6,main])
Hue: Not authenticated; queueing command. (Thread[AWT-EventQueue-0,6,main])
Hue: Hue.js: issueCommand(): '[{"id":8,"on":false,"hue":16419.57893925341}]' (Thread[AWT-EventQueue-0,6,main])
Hue: Not authenticated; queueing command. (Thread[AWT-EventQueue-0,6,main])
Hue: Hue.js: issueCommand(): '[{"id":8,"on":true,"hue":29686.423104871505}]' (Thread[AWT-EventQueue-0,6,main])
Hue: Not authenticated; queueing command. (Thread[AWT-EventQueue-0,6,main])
Hue: Hue.js: issueCommand(): '[{"id":8,"on":false,"hue":63925.774150142024}]' (Thread[AWT-EventQueue-0,6,main])
Hue: Not authenticated; queueing command. (Thread[AWT-EventQueue-0,6,main])
Hue: Hue.js: issueCommand(): '[{"id":8,"on":true,"hue":61475.54023511399}]' (Thread[AWT-EventQueue-0,6,main])
Hue: Not authenticated; queueing command. (Thread[AWT-EventQueue-0,6,main])
ExportHTMLTimer went off after 30000 ms., calling getDirector().finish and getDirector().stopFire()
30034 ms. Memory: 2172928K Free: 526172K (24%)
Exported /home/travis/build/icyphy/ptII/org/terraswarm/accessor/demo/Hue/HueToggle/index.html
36959 ms. Memory: 2172928K Free: 488960K (23%)
####### 76 Fri Jun 01 17:47:02 UTC 2018 $PTII/bin/ptinvoke ptolemy.vergil.basic.export.ExportModel -force htm -run -openComposites -timeOut 30000 -whiteBackground org/terraswarm/accessor/demo/Hue/MotionLights.xml $PTII/org/terraswarm/accessor/demo/Hue/MotionLights
Running .MotionLights
Hue: Attempting to connect to: http://192.168.2.2/api/ptolemyuser/lights/ (Thread[AWT-EventQueue-0,6,main])
Hue: Making an HTTP request. (Thread[AWT-EventQueue-0,6,main])
Hue: Hue.js: issueCommand(): '[{"id":7,"on":true,"hue":34419,"sat":150,"bri":170,"reactiontime":0},{"id":8,"on":true,"hue":34419,"sat":150,"bri":170,"reactiontime":0},{"id":9,"on":true,"hue":34419,"sat":150,"bri":170,"reactiontime":0}]' (Thread[AWT-EventQueue-0,6,main])
Hue: Not authenticated; queueing command. (Thread[AWT-EventQueue-0,6,main])
Hue: Hue.js: issueCommand(): '[{"id":7,"on":true,"hue":25423,"sat":167,"bri":127,"reactiontime":0},{"id":8,"on":true,"hue":25423,"sat":167,"bri":127,"reactiontime":0},{"id":9,"on":true,"hue":25423,"sat":167,"bri":127,"reactiontime":0}]' (Thread[AWT-EventQueue-0,6,main])
Hue: Not authenticated; queueing command. (Thread[AWT-EventQueue-0,6,main])
Hue: Hue.js: issueCommand(): '[{"id":7,"on":true,"hue":32561,"sat":134,"bri":161,"reactiontime":0},{"id":8,"on":true,"hue":32561,"sat":134,"bri":161,"reactiontime":0},{"id":9,"on":true,"hue":32561,"sat":134,"bri":161,"reactiontime":0}]' (Thread[AWT-EventQueue-0,6,main])
Hue: Not authenticated; queueing command. (Thread[AWT-EventQueue-0,6,main])
Hue: Hue.js: issueCommand(): '[{"id":7,"on":true,"hue":40188,"sat":180,"bri":179,"reactiontime":0},{"id":8,"on":true,"hue":40188,"sat":180,"bri":179,"reactiontime":0},{"id":9,"on":true,"hue":40188,"sat":180,"bri":179,"reactiontime":0}]' (Thread[AWT-EventQueue-0,6,main])
Hue: Not authenticated; queueing command. (Thread[AWT-EventQueue-0,6,main])
Hue: Hue.js: issueCommand(): '[{"id":7,"on":true,"hue":41557,"sat":137,"bri":199,"reactiontime":0},{"id":8,"on":true,"hue":41557,"sat":137,"bri":199,"reactiontime":0},{"id":9,"on":true,"hue":41557,"sat":137,"bri":199,"reactiontime":0}]' (Thread[AWT-EventQueue-0,6,main])
Hue: Not authenticated; queueing command. (Thread[AWT-EventQueue-0,6,main])
Hue: Hue.js: issueCommand(): '[{"id":7,"on":true,"hue":22880,"sat":141,"bri":164,"reactiontime":0},{"id":8,"on":true,"hue":22880,"sat":141,"bri":164,"reactiontime":0},{"id":9,"on":true,"hue":22880,"sat":141,"bri":164,"reactiontime":0}]' (Thread[AWT-EventQueue-0,6,main])
Hue: Not authenticated; queueing command. (Thread[AWT-EventQueue-0,6,main])
Hue: Hue.js: issueCommand(): '[{"id":7,"on":true,"hue":30605,"sat":147,"bri":289,"reactiontime":0},{"id":8,"on":true,"hue":30605,"sat":147,"bri":289,"reactiontime":0},{"id":9,"on":true,"hue":30605,"sat":147,"bri":289,"reactiontime":0}]' (Thread[AWT-EventQueue-0,6,main])
Hue: Not authenticated; queueing command. (Thread[AWT-EventQueue-0,6,main])
Hue: Hue.js: issueCommand(): '[{"id":7,"on":true,"hue":37645,"sat":136,"bri":251,"reactiontime":0},{"id":8,"on":true,"hue":37645,"sat":136,"bri":251,"reactiontime":0},{"id":9,"on":true,"hue":37645,"sat":136,"bri":251,"reactiontime":0}]' (Thread[AWT-EventQueue-0,6,main])
Hue: Not authenticated; queueing command. (Thread[AWT-EventQueue-0,6,main])
Hue: Hue.js: issueCommand(): '[{"id":7,"on":true,"hue":35690,"sat":135,"bri":187,"reactiontime":0},{"id":8,"on":true,"hue":35690,"sat":135,"bri":187,"reactiontime":0},{"id":9,"on":true,"hue":35690,"sat":135,"bri":187,"reactiontime":0}]' (Thread[AWT-EventQueue-0,6,main])
Hue: Not authenticated; queueing command. (Thread[AWT-EventQueue-0,6,main])
Hue: Hue.js: issueCommand(): '[{"id":7,"on":false},{"id":8,"on":false},{"id":9,"on":false}]' (Thread[AWT-EventQueue-0,6,main])
Hue: Not authenticated; queueing command. (Thread[AWT-EventQueue-0,6,main])
Hue: Hue.js: issueCommand(): '[{"id":7,"on":true,"hue":24543,"sat":165,"bri":144,"reactiontime":0},{"id":8,"on":true,"hue":24543,"sat":165,"bri":144,"reactiontime":0},{"id":9,"on":true,"hue":24543,"sat":165,"bri":144,"reactiontime":0}]' (Thread[AWT-EventQueue-0,6,main])
Hue: Not authenticated; queueing command. (Thread[AWT-EventQueue-0,6,main])
Hue: Hue.js: issueCommand(): '[{"id":7,"on":true,"hue":28552,"sat":156,"bri":207,"reactiontime":0},{"id":8,"on":true,"hue":28552,"sat":156,"bri":207,"reactiontime":0},{"id":9,"on":true,"hue":28552,"sat":156,"bri":207,"reactiontime":0}]' (Thread[AWT-EventQueue-0,6,main])
Hue: Not authenticated; queueing command. (Thread[AWT-EventQueue-0,6,main])
Hue: Hue.js: issueCommand(): '[{"id":7,"on":true,"hue":31387,"sat":126,"bri":353,"reactiontime":0},{"id":8,"on":true,"hue":31387,"sat":126,"bri":353,"reactiontime":0},{"id":9,"on":true,"hue":31387,"sat":126,"bri":353,"reactiontime":0}]' (Thread[AWT-EventQueue-0,6,main])
Hue: Not authenticated; queueing command. (Thread[AWT-EventQueue-0,6,main])
Hue: Hue.js: issueCommand(): '[{"id":7,"on":true,"hue":31681,"sat":150,"bri":189,"reactiontime":0},{"id":8,"on":true,"hue":31681,"sat":150,"bri":189,"reactiontime":0},{"id":9,"on":true,"hue":31681,"sat":150,"bri":189,"reactiontime":0}]' (Thread[AWT-EventQueue-0,6,main])
Hue: Not authenticated; queueing command. (Thread[AWT-EventQueue-0,6,main])
Hue: Hue.js: issueCommand(): '[{"id":7,"on":true,"hue":33734,"sat":146,"bri":333,"reactiontime":0},{"id":8,"on":true,"hue":33734,"sat":146,"bri":333,"reactiontime":0},{"id":9,"on":true,"hue":33734,"sat":146,"bri":333,"reactiontime":0}]' (Thread[AWT-EventQueue-0,6,main])
Hue: Not authenticated; queueing command. (Thread[AWT-EventQueue-0,6,main])
Hue: Hue.js: issueCommand(): '[{"id":7,"on":true,"hue":34712,"sat":142,"bri":117,"reactiontime":0},{"id":8,"on":true,"hue":34712,"sat":142,"bri":117,"reactiontime":0},{"id":9,"on":true,"hue":34712,"sat":142,"bri":117,"reactiontime":0}]' (Thread[AWT-EventQueue-0,6,main])
Hue: Not authenticated; queueing command. (Thread[AWT-EventQueue-0,6,main])
Hue: Hue.js: issueCommand(): '[{"id":7,"on":true,"hue":36374,"sat":116,"bri":202,"reactiontime":0},{"id":8,"on":true,"hue":36374,"sat":116,"bri":202,"reactiontime":0},{"id":9,"on":true,"hue":36374,"sat":116,"bri":202,"reactiontime":0}]' (Thread[AWT-EventQueue-0,6,main])
Hue: Not authenticated; queueing command. (Thread[AWT-EventQueue-0,6,main])
Hue: Hue.js: issueCommand(): '[{"id":7,"on":true,"hue":39699,"sat":139,"bri":183,"reactiontime":0},{"id":8,"on":true,"hue":39699,"sat":139,"bri":183,"reactiontime":0},{"id":9,"on":true,"hue":39699,"sat":139,"bri":183,"reactiontime":0}]' (Thread[AWT-EventQueue-0,6,main])
Hue: Not authenticated; queueing command. (Thread[AWT-EventQueue-0,6,main])
Hue: Hue.js: issueCommand(): '[{"id":7,"on":true,"hue":20338,"sat":142,"bri":131,"reactiontime":0},{"id":8,"on":true,"hue":20338,"sat":142,"bri":131,"reactiontime":0},{"id":9,"on":true,"hue":20338,"sat":142,"bri":131,"reactiontime":0}]' (Thread[AWT-EventQueue-0,6,main])
Hue: Not authenticated; queueing command. (Thread[AWT-EventQueue-0,6,main])
Hue: Hue.js: issueCommand(): '[{"id":7,"on":true,"hue":33147,"sat":123,"bri":264,"reactiontime":0},{"id":8,"on":true,"hue":33147,"sat":123,"bri":264,"reactiontime":0},{"id":9,"on":true,"hue":33147,"sat":123,"bri":264,"reactiontime":0}]' (Thread[AWT-EventQueue-0,6,main])
Hue: Not authenticated; queueing command. (Thread[AWT-EventQueue-0,6,main])
Hue: Hue.js: issueCommand(): '[{"id":7,"on":true,"hue":37450,"sat":131,"bri":288,"reactiontime":0},{"id":8,"on":true,"hue":37450,"sat":131,"bri":288,"reactiontime":0},{"id":9,"on":true,"hue":37450,"sat":131,"bri":288,"reactiontime":0}]' (Thread[AWT-EventQueue-0,6,main])
Hue: Not authenticated; queueing command. (Thread[AWT-EventQueue-0,6,main])
Hue: Hue.js: issueCommand(): '[{"id":7,"on":true,"hue":33147,"sat":136,"bri":325,"reactiontime":0},{"id":8,"on":true,"hue":33147,"sat":136,"bri":325,"reactiontime":0},{"id":9,"on":true,"hue":33147,"sat":136,"bri":325,"reactiontime":0}]' (Thread[AWT-EventQueue-0,6,main])
Hue: Not authenticated; queueing command. (Thread[AWT-EventQueue-0,6,main])
Hue: Hue.js: issueCommand(): '[{"id":7,"on":true,"hue":29432,"sat":115,"bri":221,"reactiontime":0},{"id":8,"on":true,"hue":29432,"sat":115,"bri":221,"reactiontime":0},{"id":9,"on":true,"hue":29432,"sat":115,"bri":221,"reactiontime":0}]' (Thread[AWT-EventQueue-0,6,main])
Hue: Not authenticated; queueing command. (Thread[AWT-EventQueue-0,6,main])
Hue: Hue.js: issueCommand(): '[{"id":7,"on":true,"hue":26498,"sat":136,"bri":137,"reactiontime":0},{"id":8,"on":true,"hue":26498,"sat":136,"bri":137,"reactiontime":0},{"id":9,"on":true,"hue":26498,"sat":136,"bri":137,"reactiontime":0}]' (Thread[AWT-EventQueue-0,6,main])
Hue: Not authenticated; queueing command. (Thread[AWT-EventQueue-0,6,main])
Hue: Hue.js: issueCommand(): '[{"id":7,"on":true,"hue":36667,"sat":153,"bri":257,"reactiontime":0},{"id":8,"on":true,"hue":36667,"sat":153,"bri":257,"reactiontime":0},{"id":9,"on":true,"hue":36667,"sat":153,"bri":257,"reactiontime":0}]' (Thread[AWT-EventQueue-0,6,main])
Hue: Not authenticated; queueing command. (Thread[AWT-EventQueue-0,6,main])
Hue: Hue.js: issueCommand(): '[{"id":7,"on":true,"hue":26303,"sat":167,"bri":179,"reactiontime":0},{"id":8,"on":true,"hue":26303,"sat":167,"bri":179,"reactiontime":0},{"id":9,"on":true,"hue":26303,"sat":167,"bri":179,"reactiontime":0}]' (Thread[AWT-EventQueue-0,6,main])
Hue: Not authenticated; queueing command. (Thread[AWT-EventQueue-0,6,main])
Hue: Hue.js: issueCommand(): '[{"id":7,"on":true,"hue":28258,"sat":92,"bri":79,"reactiontime":0},{"id":8,"on":true,"hue":28258,"sat":92,"bri":79,"reactiontime":0},{"id":9,"on":true,"hue":28258,"sat":92,"bri":79,"reactiontime":0}]' (Thread[AWT-EventQueue-0,6,main])
Hue: Not authenticated; queueing command. (Thread[AWT-EventQueue-0,6,main])
Hue: Hue.js: issueCommand(): '[{"id":7,"on":true,"hue":32463,"sat":127,"bri":364,"reactiontime":0},{"id":8,"on":true,"hue":32463,"sat":127,"bri":364,"reactiontime":0},{"id":9,"on":true,"hue":32463,"sat":127,"bri":364,"reactiontime":0}]' (Thread[AWT-EventQueue-0,6,main])
Hue: Not authenticated; queueing command. (Thread[AWT-EventQueue-0,6,main])
Hue: Hue.js: issueCommand(): '[{"id":7,"on":true,"hue":24934,"sat":142,"bri":198,"reactiontime":0},{"id":8,"on":true,"hue":24934,"sat":142,"bri":198,"reactiontime":0},{"id":9,"on":true,"hue":24934,"sat":142,"bri":198,"reactiontime":0}]' (Thread[AWT-EventQueue-0,6,main])
Hue: Not authenticated; queueing command. (Thread[AWT-EventQueue-0,6,main])
Hue: Hue.js: issueCommand(): '[{"id":7,"on":true,"hue":25423,"sat":138,"bri":209,"reactiontime":0},{"id":8,"on":true,"hue":25423,"sat":138,"bri":209,"reactiontime":0},{"id":9,"on":true,"hue":25423,"sat":138,"bri":209,"reactiontime":0}]' (Thread[AWT-EventQueue-0,6,main])
Hue: Not authenticated; queueing command. (Thread[AWT-EventQueue-0,6,main])
Hue: Hue.js: issueCommand(): '[{"id":7,"on":true,"hue":30703,"sat":131,"bri":274,"reactiontime":0},{"id":8,"on":true,"hue":30703,"sat":131,"bri":274,"reactiontime":0},{"id":9,"on":true,"hue":30703,"sat":131,"bri":274,"reactiontime":0}]' (Thread[AWT-EventQueue-0,6,main])
Hue: Not authenticated; queueing command. (Thread[AWT-EventQueue-0,6,main])
Hue: Hue.js: issueCommand(): '[{"id":7,"on":true,"hue":18871,"sat":102,"bri":176,"reactiontime":0},{"id":8,"on":true,"hue":18871,"sat":102,"bri":176,"reactiontime":0},{"id":9,"on":true,"hue":18871,"sat":102,"bri":176,"reactiontime":0}]' (Thread[AWT-EventQueue-0,6,main])
Hue: Not authenticated; queueing command. (Thread[AWT-EventQueue-0,6,main])
Hue: Hue.js: issueCommand(): '[{"id":7,"on":true,"hue":21218,"sat":107,"bri":167,"reactiontime":0},{"id":8,"on":true,"hue":21218,"sat":107,"bri":167,"reactiontime":0},{"id":9,"on":true,"hue":21218,"sat":107,"bri":167,"reactiontime":0}]' (Thread[AWT-EventQueue-0,6,main])
Hue: Not authenticated; queueing command. (Thread[AWT-EventQueue-0,6,main])
Hue: Hue.js: issueCommand(): '[{"id":7,"on":true,"hue":38232,"sat":137,"bri":237,"reactiontime":0},{"id":8,"on":true,"hue":38232,"sat":137,"bri":237,"reactiontime":0},{"id":9,"on":true,"hue":38232,"sat":137,"bri":237,"reactiontime":0}]' (Thread[AWT-EventQueue-0,6,main])
Hue: Not authenticated; queueing command. (Thread[AWT-EventQueue-0,6,main])
Hue: Hue.js: issueCommand(): '[{"id":7,"on":true,"hue":29432,"sat":184,"bri":154,"reactiontime":0},{"id":8,"on":true,"hue":29432,"sat":184,"bri":154,"reactiontime":0},{"id":9,"on":true,"hue":29432,"sat":184,"bri":154,"reactiontime":0}]' (Thread[AWT-EventQueue-0,6,main])
Hue: Not authenticated; queueing command. (Thread[AWT-EventQueue-0,6,main])
Hue: Hue.js: issueCommand(): '[{"id":7,"on":true,"hue":25520,"sat":133,"bri":291,"reactiontime":0},{"id":8,"on":true,"hue":25520,"sat":133,"bri":291,"reactiontime":0},{"id":9,"on":true,"hue":25520,"sat":133,"bri":291,"reactiontime":0}]' (Thread[AWT-EventQueue-0,6,main])
Hue: Not authenticated; queueing command. (Thread[AWT-EventQueue-0,6,main])
Hue: Hue.js: issueCommand(): '[{"id":7,"on":true,"hue":23076,"sat":132,"bri":156,"reactiontime":0},{"id":8,"on":true,"hue":23076,"sat":132,"bri":156,"reactiontime":0},{"id":9,"on":true,"hue":23076,"sat":132,"bri":156,"reactiontime":0}]' (Thread[AWT-EventQueue-0,6,main])
Hue: Not authenticated; queueing command. (Thread[AWT-EventQueue-0,6,main])
Hue: Hue.js: issueCommand(): '[{"id":7,"on":true,"hue":30703,"sat":175,"bri":169,"reactiontime":0},{"id":8,"on":true,"hue":30703,"sat":175,"bri":169,"reactiontime":0},{"id":9,"on":true,"hue":30703,"sat":175,"bri":169,"reactiontime":0}]' (Thread[AWT-EventQueue-0,6,main])
Hue: Not authenticated; queueing command. (Thread[AWT-EventQueue-0,6,main])
Hue: Hue.js: issueCommand(): '[{"id":7,"on":true,"hue":15547,"sat":193,"bri":39,"reactiontime":0},{"id":8,"on":true,"hue":15547,"sat":193,"bri":39,"reactiontime":0},{"id":9,"on":true,"hue":15547,"sat":193,"bri":39,"reactiontime":0}]' (Thread[AWT-EventQueue-0,6,main])
Hue: Not authenticated; queueing command. (Thread[AWT-EventQueue-0,6,main])
Hue: Hue.js: issueCommand(): '[{"id":7,"on":true,"hue":30409,"sat":171,"bri":142,"reactiontime":0},{"id":8,"on":true,"hue":30409,"sat":171,"bri":142,"reactiontime":0},{"id":9,"on":true,"hue":30409,"sat":171,"bri":142,"reactiontime":0}]' (Thread[AWT-EventQueue-0,6,main])
Hue: Not authenticated; queueing command. (Thread[AWT-EventQueue-0,6,main])
Hue: Hue.js: issueCommand(): '[{"id":7,"on":true,"hue":33245,"sat":177,"bri":155,"reactiontime":0},{"id":8,"on":true,"hue":33245,"sat":177,"bri":155,"reactiontime":0},{"id":9,"on":true,"hue":33245,"sat":177,"bri":155,"reactiontime":0}]' (Thread[AWT-EventQueue-0,6,main])
Hue: Not authenticated; queueing command. (Thread[AWT-EventQueue-0,6,main])
Hue: Hue.js: issueCommand(): '[{"id":7,"on":true,"hue":33930,"sat":147,"bri":197,"reactiontime":0},{"id":8,"on":true,"hue":33930,"sat":147,"bri":197,"reactiontime":0},{"id":9,"on":true,"hue":33930,"sat":147,"bri":197,"reactiontime":0}]' (Thread[AWT-EventQueue-0,6,main])
Hue: Not authenticated; queueing command. (Thread[AWT-EventQueue-0,6,main])
Hue: Hue.js: issueCommand(): '[{"id":7,"on":true,"hue":37743,"sat":147,"bri":226,"reactiontime":0},{"id":8,"on":true,"hue":37743,"sat":147,"bri":226,"reactiontime":0},{"id":9,"on":true,"hue":37743,"sat":147,"bri":226,"reactiontime":0}]' (Thread[AWT-EventQueue-0,6,main])
Hue: Not authenticated; queueing command. (Thread[AWT-EventQueue-0,6,main])
Hue: Hue.js: issueCommand(): '[{"id":7,"on":true,"hue":31681,"sat":107,"bri":196,"reactiontime":0},{"id":8,"on":true,"hue":31681,"sat":107,"bri":196,"reactiontime":0},{"id":9,"on":true,"hue":31681,"sat":107,"bri":196,"reactiontime":0}]' (Thread[AWT-EventQueue-0,6,main])
Hue: Not authenticated; queueing command. (Thread[AWT-EventQueue-0,6,main])
Hue: Hue.js: issueCommand(): '[{"id":7,"on":true,"hue":34419,"sat":154,"bri":324,"reactiontime":0},{"id":8,"on":true,"hue":34419,"sat":154,"bri":324,"reactiontime":0},{"id":9,"on":true,"hue":34419,"sat":154,"bri":324,"reactiontime":0}]' (Thread[AWT-EventQueue-0,6,main])
Hue: Not authenticated; queueing command. (Thread[AWT-EventQueue-0,6,main])
Hue: Hue.js: issueCommand(): '[{"id":7,"on":true,"hue":26694,"sat":111,"bri":112,"reactiontime":0},{"id":8,"on":true,"hue":26694,"sat":111,"bri":112,"reactiontime":0},{"id":9,"on":true,"hue":26694,"sat":111,"bri":112,"reactiontime":0}]' (Thread[AWT-EventQueue-0,6,main])
Hue: Not authenticated; queueing command. (Thread[AWT-EventQueue-0,6,main])
Hue: Hue.js: issueCommand(): '[{"id":7,"on":true,"hue":42241,"sat":137,"bri":205,"reactiontime":0},{"id":8,"on":true,"hue":42241,"sat":137,"bri":205,"reactiontime":0},{"id":9,"on":true,"hue":42241,"sat":137,"bri":205,"reactiontime":0}]' (Thread[AWT-EventQueue-0,6,main])
Hue: Not authenticated; queueing command. (Thread[AWT-EventQueue-0,6,main])
Hue: Hue.js: issueCommand(): '[{"id":7,"on":true,"hue":31192,"sat":139,"bri":190,"reactiontime":0},{"id":8,"on":true,"hue":31192,"sat":139,"bri":190,"reactiontime":0},{"id":9,"on":true,"hue":31192,"sat":139,"bri":190,"reactiontime":0}]' (Thread[AWT-EventQueue-0,6,main])
Hue: Not authenticated; queueing command. (Thread[AWT-EventQueue-0,6,main])
Hue: Hue.js: issueCommand(): '[{"id":7,"on":true,"hue":35201,"sat":139,"bri":374,"reactiontime":0},{"id":8,"on":true,"hue":35201,"sat":139,"bri":374,"reactiontime":0},{"id":9,"on":true,"hue":35201,"sat":139,"bri":374,"reactiontime":0}]' (Thread[AWT-EventQueue-0,6,main])
Hue: Not authenticated; queueing command. (Thread[AWT-EventQueue-0,6,main])
Hue: Hue.js: issueCommand(): '[{"id":7,"on":true,"hue":27280,"sat":183,"bri":148,"reactiontime":0},{"id":8,"on":true,"hue":27280,"sat":183,"bri":148,"reactiontime":0},{"id":9,"on":true,"hue":27280,"sat":183,"bri":148,"reactiontime":0}]' (Thread[AWT-EventQueue-0,6,main])
Hue: Not authenticated; queueing command. (Thread[AWT-EventQueue-0,6,main])
Hue: Hue.js: issueCommand(): '[{"id":7,"on":true,"hue":32170,"sat":164,"bri":200,"reactiontime":0},{"id":8,"on":true,"hue":32170,"sat":164,"bri":200,"reactiontime":0},{"id":9,"on":true,"hue":32170,"sat":164,"bri":200,"reactiontime":0}]' (Thread[AWT-EventQueue-0,6,main])
Hue: Not authenticated; queueing command. (Thread[AWT-EventQueue-0,6,main])
Hue: Hue.js: issueCommand(): '[{"id":7,"on":true,"hue":32952,"sat":164,"bri":99,"reactiontime":0},{"id":8,"on":true,"hue":32952,"sat":164,"bri":99,"reactiontime":0},{"id":9,"on":true,"hue":32952,"sat":164,"bri":99,"reactiontime":0}]' (Thread[AWT-EventQueue-0,6,main])
Hue: Not authenticated; queueing command. (Thread[AWT-EventQueue-0,6,main])
Hue: Hue.js: issueCommand(): '[{"id":7,"on":true,"hue":41068,"sat":184,"bri":153,"reactiontime":0},{"id":8,"on":true,"hue":41068,"sat":184,"bri":153,"reactiontime":0},{"id":9,"on":true,"hue":41068,"sat":184,"bri":153,"reactiontime":0}]' (Thread[AWT-EventQueue-0,6,main])
Hue: Not authenticated; queueing command. (Thread[AWT-EventQueue-0,6,main])
Hue: Hue.js: issueCommand(): '[{"id":7,"on":true,"hue":30605,"sat":123,"bri":307,"reactiontime":0},{"id":8,"on":true,"hue":30605,"sat":123,"bri":307,"reactiontime":0},{"id":9,"on":true,"hue":30605,"sat":123,"bri":307,"reactiontime":0}]' (Thread[AWT-EventQueue-0,6,main])
Hue: Not authenticated; queueing command. (Thread[AWT-EventQueue-0,6,main])
Hue: Hue.js: issueCommand(): '[{"id":7,"on":true,"hue":35690,"sat":141,"bri":290,"reactiontime":0},{"id":8,"on":true,"hue":35690,"sat":141,"bri":290,"reactiontime":0},{"id":9,"on":true,"hue":35690,"sat":141,"bri":290,"reactiontime":0}]' (Thread[AWT-EventQueue-0,6,main])
Hue: Not authenticated; queueing command. (Thread[AWT-EventQueue-0,6,main])
Hue: Hue.js: issueCommand(): '[{"id":7,"on":true,"hue":27672,"sat":167,"bri":98,"reactiontime":0},{"id":8,"on":true,"hue":27672,"sat":167,"bri":98,"reactiontime":0},{"id":9,"on":true,"hue":27672,"sat":167,"bri":98,"reactiontime":0}]' (Thread[AWT-EventQueue-0,6,main])
Hue: Not authenticated; queueing command. (Thread[AWT-EventQueue-0,6,main])
Hue: Hue.js: issueCommand(): '[{"id":7,"on":true,"hue":32072,"sat":161,"bri":184,"reactiontime":0},{"id":8,"on":true,"hue":32072,"sat":161,"bri":184,"reactiontime":0},{"id":9,"on":true,"hue":32072,"sat":161,"bri":184,"reactiontime":0}]' (Thread[AWT-EventQueue-0,6,main])
Hue: Not authenticated; queueing command. (Thread[AWT-EventQueue-0,6,main])
Hue: Hue.js: issueCommand(): '[{"id":7,"on":true,"hue":30116,"sat":153,"bri":161,"reactiontime":0},{"id":8,"on":true,"hue":30116,"sat":153,"bri":161,"reactiontime":0},{"id":9,"on":true,"hue":30116,"sat":153,"bri":161,"reactiontime":0}]' (Thread[AWT-EventQueue-0,6,main])
Hue: Not authenticated; queueing command. (Thread[AWT-EventQueue-0,6,main])
Hue: Hue.js: issueCommand(): '[{"id":7,"on":true,"hue":39210,"sat":134,"bri":219,"reactiontime":0},{"id":8,"on":true,"hue":39210,"sat":134,"bri":219,"reactiontime":0},{"id":9,"on":true,"hue":39210,"sat":134,"bri":219,"reactiontime":0}]' (Thread[AWT-EventQueue-0,6,main])
Hue: Not authenticated; queueing command. (Thread[AWT-EventQueue-0,6,main])
Hue: Hue.js: issueCommand(): '[{"id":7,"on":true,"hue":30507,"sat":136,"bri":184,"reactiontime":0},{"id":8,"on":true,"hue":30507,"sat":136,"bri":184,"reactiontime":0},{"id":9,"on":true,"hue":30507,"sat":136,"bri":184,"reactiontime":0}]' (Thread[AWT-EventQueue-0,6,main])
Hue: Not authenticated; queueing command. (Thread[AWT-EventQueue-0,6,main])
Hue: Hue.js: issueCommand(): '[{"id":7,"on":false},{"id":8,"on":false},{"id":9,"on":false}]' (Thread[AWT-EventQueue-0,6,main])
Hue: Not authenticated; queueing command. (Thread[AWT-EventQueue-0,6,main])
Hue: Hue.js: issueCommand(): '[{"id":7,"on":true,"hue":40774,"sat":150,"bri":72,"reactiontime":0},{"id":8,"on":true,"hue":40774,"sat":150,"bri":72,"reactiontime":0},{"id":9,"on":true,"hue":40774,"sat":150,"bri":72,"reactiontime":0}]' (Thread[AWT-EventQueue-0,6,main])
Hue: Not authenticated; queueing command. (Thread[AWT-EventQueue-0,6,main])
Hue: Hue.js: issueCommand(): '[{"id":7,"on":true,"hue":40285,"sat":121,"bri":172,"reactiontime":0},{"id":8,"on":true,"hue":40285,"sat":121,"bri":172,"reactiontime":0},{"id":9,"on":true,"hue":40285,"sat":121,"bri":172,"reactiontime":0}]' (Thread[AWT-EventQueue-0,6,main])
Hue: Not authenticated; queueing command. (Thread[AWT-EventQueue-0,6,main])
Hue: Hue.js: issueCommand(): '[{"id":7,"on":true,"hue":37645,"sat":143,"bri":245,"reactiontime":0},{"id":8,"on":true,"hue":37645,"sat":143,"bri":245,"reactiontime":0},{"id":9,"on":true,"hue":37645,"sat":143,"bri":245,"reactiontime":0}]' (Thread[AWT-EventQueue-0,6,main])
Hue: Not authenticated; queueing command. (Thread[AWT-EventQueue-0,6,main])
Hue: Hue.js: issueCommand(): '[{"id":7,"on":true,"hue":34223,"sat":118,"bri":266,"reactiontime":0},{"id":8,"on":true,"hue":34223,"sat":118,"bri":266,"reactiontime":0},{"id":9,"on":true,"hue":34223,"sat":118,"bri":266,"reactiontime":0}]' (Thread[AWT-EventQueue-0,6,main])
Hue: Not authenticated; queueing command. (Thread[AWT-EventQueue-0,6,main])
Hue: Hue.js: issueCommand(): '[{"id":7,"on":true,"hue":26303,"sat":133,"bri":157,"reactiontime":0},{"id":8,"on":true,"hue":26303,"sat":133,"bri":157,"reactiontime":0},{"id":9,"on":true,"hue":26303,"sat":133,"bri":157,"reactiontime":0}]' (Thread[AWT-EventQueue-0,6,main])
Hue: Not authenticated; queueing command. (Thread[AWT-EventQueue-0,6,main])
Hue: Hue.js: issueCommand(): '[{"id":7,"on":true,"hue":43219,"sat":137,"bri":221,"reactiontime":0},{"id":8,"on":true,"hue":43219,"sat":137,"bri":221,"reactiontime":0},{"id":9,"on":true,"hue":43219,"sat":137,"bri":221,"reactiontime":0}]' (Thread[AWT-EventQueue-0,6,main])
Hue: Not authenticated; queueing command. (Thread[AWT-EventQueue-0,6,main])
Hue: Hue.js: issueCommand(): '[{"id":7,"on":true,"hue":29529,"sat":130,"bri":127,"reactiontime":0},{"id":8,"on":true,"hue":29529,"sat":130,"bri":127,"reactiontime":0},{"id":9,"on":true,"hue":29529,"sat":130,"bri":127,"reactiontime":0}]' (Thread[AWT-EventQueue-0,6,main])
Hue: Not authenticated; queueing command. (Thread[AWT-EventQueue-0,6,main])
Hue: Hue.js: issueCommand(): '[{"id":7,"on":true,"hue":34810,"sat":143,"bri":313,"reactiontime":0},{"id":8,"on":true,"hue":34810,"sat":143,"bri":313,"reactiontime":0},{"id":9,"on":true,"hue":34810,"sat":143,"bri":313,"reactiontime":0}]' (Thread[AWT-EventQueue-0,6,main])
Hue: Not authenticated; queueing command. (Thread[AWT-EventQueue-0,6,main])
Hue: Hue.js: issueCommand(): '[{"id":7,"on":true,"hue":29236,"sat":131,"bri":355,"reactiontime":0},{"id":8,"on":true,"hue":29236,"sat":131,"bri":355,"reactiontime":0},{"id":9,"on":true,"hue":29236,"sat":131,"bri":355,"reactiontime":0}]' (Thread[AWT-EventQueue-0,6,main])
Hue: Not authenticated; queueing command. (Thread[AWT-EventQueue-0,6,main])
Hue: Hue.js: issueCommand(): '[{"id":7,"on":true,"hue":32267,"sat":137,"bri":146,"reactiontime":0},{"id":8,"on":true,"hue":32267,"sat":137,"bri":146,"reactiontime":0},{"id":9,"on":true,"hue":32267,"sat":137,"bri":146,"reactiontime":0}]' (Thread[AWT-EventQueue-0,6,main])
Hue: Not authenticated; queueing command. (Thread[AWT-EventQueue-0,6,main])
Hue: Hue.js: issueCommand(): '[{"id":7,"on":true,"hue":26303,"sat":178,"bri":166,"reactiontime":0},{"id":8,"on":true,"hue":26303,"sat":178,"bri":166,"reactiontime":0},{"id":9,"on":true,"hue":26303,"sat":178,"bri":166,"reactiontime":0}]' (Thread[AWT-EventQueue-0,6,main])
Hue: Not authenticated; queueing command. (Thread[AWT-EventQueue-0,6,main])
Hue: Hue.js: issueCommand(): '[{"id":7,"on":true,"hue":42437,"sat":136,"bri":230,"reactiontime":0},{"id":8,"on":true,"hue":42437,"sat":136,"bri":230,"reactiontime":0},{"id":9,"on":true,"hue":42437,"sat":136,"bri":230,"reactiontime":0}]' (Thread[AWT-EventQueue-0,6,main])
Hue: Not authenticated; queueing command. (Thread[AWT-EventQueue-0,6,main])
Hue: Hue.js: issueCommand(): '[{"id":7,"on":true,"hue":25716,"sat":106,"bri":204,"reactiontime":0},{"id":8,"on":true,"hue":25716,"sat":106,"bri":204,"reactiontime":0},{"id":9,"on":true,"hue":25716,"sat":106,"bri":204,"reactiontime":0}]' (Thread[AWT-EventQueue-0,6,main])
Hue: Not authenticated; queueing command. (Thread[AWT-EventQueue-0,6,main])
Hue: Hue.js: issueCommand(): '[{"id":7,"on":true,"hue":34223,"sat":134,"bri":272,"reactiontime":0},{"id":8,"on":true,"hue":34223,"sat":134,"bri":272,"reactiontime":0},{"id":9,"on":true,"hue":34223,"sat":134,"bri":272,"reactiontime":0}]' (Thread[AWT-EventQueue-0,6,main])
Hue: Not authenticated; queueing command. (Thread[AWT-EventQueue-0,6,main])
Hue: Hue.js: issueCommand(): '[{"id":7,"on":true,"hue":26107,"sat":138,"bri":282,"reactiontime":0},{"id":8,"on":true,"hue":26107,"sat":138,"bri":282,"reactiontime":0},{"id":9,"on":true,"hue":26107,"sat":138,"bri":282,"reactiontime":0}]' (Thread[AWT-EventQueue-0,6,main])
Hue: Not authenticated; queueing command. (Thread[AWT-EventQueue-0,6,main])
Hue: Hue.js: issueCommand(): '[{"id":7,"on":true,"hue":32952,"sat":133,"bri":401,"reactiontime":0},{"id":8,"on":true,"hue":32952,"sat":133,"bri":401,"reactiontime":0},{"id":9,"on":true,"hue":32952,"sat":133,"bri":401,"reactiontime":0}]' (Thread[AWT-EventQueue-0,6,main])
Hue: Not authenticated; queueing command. (Thread[AWT-EventQueue-0,6,main])
Hue: Hue.js: issueCommand(): '[{"id":7,"on":true,"hue":30312,"sat":110,"bri":261,"reactiontime":0},{"id":8,"on":true,"hue":30312,"sat":110,"bri":261,"reactiontime":0},{"id":9,"on":true,"hue":30312,"sat":110,"bri":261,"reactiontime":0}]' (Thread[AWT-EventQueue-0,6,main])
Hue: Not authenticated; queueing command. (Thread[AWT-EventQueue-0,6,main])
Hue: Hue.js: issueCommand(): '[{"id":7,"on":true,"hue":36472,"sat":116,"bri":161,"reactiontime":0},{"id":8,"on":true,"hue":36472,"sat":116,"bri":161,"reactiontime":0},{"id":9,"on":true,"hue":36472,"sat":116,"bri":161,"reactiontime":0}]' (Thread[AWT-EventQueue-0,6,main])
Hue: Not authenticated; queueing command. (Thread[AWT-EventQueue-0,6,main])
Hue: Hue.js: issueCommand(): '[{"id":7,"on":true,"hue":36276,"sat":132,"bri":195,"reactiontime":0},{"id":8,"on":true,"hue":36276,"sat":132,"bri":195,"reactiontime":0},{"id":9,"on":true,"hue":36276,"sat":132,"bri":195,"reactiontime":0}]' (Thread[AWT-EventQueue-0,6,main])
Hue: Not authenticated; queueing command. (Thread[AWT-EventQueue-0,6,main])
Hue: Hue.js: issueCommand(): '[{"id":7,"on":true,"hue":37059,"sat":56,"bri":53,"reactiontime":0},{"id":8,"on":true,"hue":37059,"sat":56,"bri":53,"reactiontime":0},{"id":9,"on":true,"hue":37059,"sat":56,"bri":53,"reactiontime":0}]' (Thread[AWT-EventQueue-0,6,main])
Hue: Not authenticated; queueing command. (Thread[AWT-EventQueue-0,6,main])
Hue: Hue.js: issueCommand(): '[{"id":7,"on":true,"hue":41948,"sat":139,"bri":268,"reactiontime":0},{"id":8,"on":true,"hue":41948,"sat":139,"bri":268,"reactiontime":0},{"id":9,"on":true,"hue":41948,"sat":139,"bri":268,"reactiontime":0}]' (Thread[AWT-EventQueue-0,6,main])
Hue: Not authenticated; queueing command. (Thread[AWT-EventQueue-0,6,main])
Hue: Hue.js: issueCommand(): '[{"id":7,"on":true,"hue":23174,"sat":111,"bri":155,"reactiontime":0},{"id":8,"on":true,"hue":23174,"sat":111,"bri":155,"reactiontime":0},{"id":9,"on":true,"hue":23174,"sat":111,"bri":155,"reactiontime":0}]' (Thread[AWT-EventQueue-0,6,main])
Hue: Not authenticated; queueing command. (Thread[AWT-EventQueue-0,6,main])
Hue: Hue.js: issueCommand(): '[{"id":7,"on":true,"hue":28063,"sat":132,"bri":108,"reactiontime":0},{"id":8,"on":true,"hue":28063,"sat":132,"bri":108,"reactiontime":0},{"id":9,"on":true,"hue":28063,"sat":132,"bri":108,"reactiontime":0}]' (Thread[AWT-EventQueue-0,6,main])
Hue: Not authenticated; queueing command. (Thread[AWT-EventQueue-0,6,main])
Hue: Hue.js: issueCommand(): '[{"id":7,"on":true,"hue":29334,"sat":119,"bri":284,"reactiontime":0},{"id":8,"on":true,"hue":29334,"sat":119,"bri":284,"reactiontime":0},{"id":9,"on":true,"hue":29334,"sat":119,"bri":284,"reactiontime":0}]' (Thread[AWT-EventQueue-0,6,main])
Hue: Not authenticated; queueing command. (Thread[AWT-EventQueue-0,6,main])
Hue: Hue.js: issueCommand(): '[{"id":7,"on":true,"hue":32267,"sat":144,"bri":288,"reactiontime":0},{"id":8,"on":true,"hue":32267,"sat":144,"bri":288,"reactiontime":0},{"id":9,"on":true,"hue":32267,"sat":144,"bri":288,"reactiontime":0}]' (Thread[AWT-EventQueue-0,6,main])
Hue: Not authenticated; queueing command. (Thread[AWT-EventQueue-0,6,main])
Hue: Hue.js: issueCommand(): '[{"id":7,"on":true,"hue":33538,"sat":141,"bri":174,"reactiontime":0},{"id":8,"on":true,"hue":33538,"sat":141,"bri":174,"reactiontime":0},{"id":9,"on":true,"hue":33538,"sat":141,"bri":174,"reactiontime":0}]' (Thread[AWT-EventQueue-0,6,main])
Hue: Not authenticated; queueing command. (Thread[AWT-EventQueue-0,6,main])
Hue: Hue.js: issueCommand(): '[{"id":7,"on":true,"hue":37645,"sat":152,"bri":320,"reactiontime":0},{"id":8,"on":true,"hue":37645,"sat":152,"bri":320,"reactiontime":0},{"id":9,"on":true,"hue":37645,"sat":152,"bri":320,"reactiontime":0}]' (Thread[AWT-EventQueue-0,6,main])
Hue: Not authenticated; queueing command. (Thread[AWT-EventQueue-0,6,main])
Hue: Hue.js: issueCommand(): '[{"id":7,"on":true,"hue":29725,"sat":160,"bri":58,"reactiontime":0},{"id":8,"on":true,"hue":29725,"sat":160,"bri":58,"reactiontime":0},{"id":9,"on":true,"hue":29725,"sat":160,"bri":58,"reactiontime":0}]' (Thread[AWT-EventQueue-0,6,main])
Hue: Not authenticated; queueing command. (Thread[AWT-EventQueue-0,6,main])
Hue: Hue.js: issueCommand(): '[{"id":7,"on":true,"hue":44979,"sat":185,"bri":154,"reactiontime":0},{"id":8,"on":true,"hue":44979,"sat":185,"bri":154,"reactiontime":0},{"id":9,"on":true,"hue":44979,"sat":185,"bri":154,"reactiontime":0}]' (Thread[AWT-EventQueue-0,6,main])
Hue: Not authenticated; queueing command. (Thread[AWT-EventQueue-0,6,main])
Hue: Hue.js: issueCommand(): '[{"id":7,"on":true,"hue":35005,"sat":136,"bri":257,"reactiontime":0},{"id":8,"on":true,"hue":35005,"sat":136,"bri":257,"reactiontime":0},{"id":9,"on":true,"hue":35005,"sat":136,"bri":257,"reactiontime":0}]' (Thread[AWT-EventQueue-0,6,main])
Hue: Not authenticated; queueing command. (Thread[AWT-EventQueue-0,6,main])
Hue: Hue.js: issueCommand(): '[{"id":7,"on":true,"hue":38819,"sat":124,"bri":254,"reactiontime":0},{"id":8,"on":true,"hue":38819,"sat":124,"bri":254,"reactiontime":0},{"id":9,"on":true,"hue":38819,"sat":124,"bri":254,"reactiontime":0}]' (Thread[AWT-EventQueue-0,6,main])
Hue: Not authenticated; queueing command. (Thread[AWT-EventQueue-0,6,main])
Hue: Hue.js: issueCommand(): '[{"id":7,"on":true,"hue":41948,"sat":134,"bri":276,"reactiontime":0},{"id":8,"on":true,"hue":41948,"sat":134,"bri":276,"reactiontime":0},{"id":9,"on":true,"hue":41948,"sat":134,"bri":276,"reactiontime":0}]' (Thread[AWT-EventQueue-0,6,main])
Hue: Not authenticated; queueing command. (Thread[AWT-EventQueue-0,6,main])
Hue: Hue.js: issueCommand(): '[{"id":7,"on":true,"hue":41263,"sat":143,"bri":116,"reactiontime":0},{"id":8,"on":true,"hue":41263,"sat":143,"bri":116,"reactiontime":0},{"id":9,"on":true,"hue":41263,"sat":143,"bri":116,"reactiontime":0}]' (Thread[AWT-EventQueue-0,6,main])
Hue: Not authenticated; queueing command. (Thread[AWT-EventQueue-0,6,main])
Hue: Hue.js: issueCommand(): '[{"id":7,"on":true,"hue":28845,"sat":127,"bri":265,"reactiontime":0},{"id":8,"on":true,"hue":28845,"sat":127,"bri":265,"reactiontime":0},{"id":9,"on":true,"hue":28845,"sat":127,"bri":265,"reactiontime":0}]' (Thread[AWT-EventQueue-0,6,main])
Hue: Not authenticated; queueing command. (Thread[AWT-EventQueue-0,6,main])
Hue: Hue.js: issueCommand(): '[{"id":7,"on":true,"hue":26596,"sat":149,"bri":255,"reactiontime":0},{"id":8,"on":true,"hue":26596,"sat":149,"bri":255,"reactiontime":0},{"id":9,"on":true,"hue":26596,"sat":149,"bri":255,"reactiontime":0}]' (Thread[AWT-EventQueue-0,6,main])
Hue: Not authenticated; queueing command. (Thread[AWT-EventQueue-0,6,main])
Hue: Hue.js: issueCommand(): '[{"id":7,"on":false},{"id":8,"on":false},{"id":9,"on":false}]' (Thread[AWT-EventQueue-0,6,main])
Hue: Not authenticated; queueing command. (Thread[AWT-EventQueue-0,6,main])
Hue: Hue.js: issueCommand(): '[{"id":7,"on":true,"hue":29725,"sat":158,"bri":250,"reactiontime":0},{"id":8,"on":true,"hue":29725,"sat":158,"bri":250,"reactiontime":0},{"id":9,"on":true,"hue":29725,"sat":158,"bri":250,"reactiontime":0}]' (Thread[AWT-EventQueue-0,6,main])
Hue: Not authenticated; queueing command. (Thread[AWT-EventQueue-0,6,main])
Hue: Hue.js: issueCommand(): '[{"id":7,"on":true,"hue":42437,"sat":137,"bri":156,"reactiontime":0},{"id":8,"on":true,"hue":42437,"sat":137,"bri":156,"reactiontime":0},{"id":9,"on":true,"hue":42437,"sat":137,"bri":156,"reactiontime":0}]' (Thread[AWT-EventQueue-0,6,main])
Hue: Not authenticated; queueing command. (Thread[AWT-EventQueue-0,6,main])
Hue: Hue.js: issueCommand(): '[{"id":7,"on":true,"hue":36472,"sat":118,"bri":109,"reactiontime":0},{"id":8,"on":true,"hue":36472,"sat":118,"bri":109,"reactiontime":0},{"id":9,"on":true,"hue":36472,"sat":118,"bri":109,"reactiontime":0}]' (Thread[AWT-EventQueue-0,6,main])
Hue: Not authenticated; queueing command. (Thread[AWT-EventQueue-0,6,main])
Hue: Hue.js: issueCommand(): '[{"id":7,"on":true,"hue":39699,"sat":146,"bri":178,"reactiontime":0},{"id":8,"on":true,"hue":39699,"sat":146,"bri":178,"reactiontime":0},{"id":9,"on":true,"hue":39699,"sat":146,"bri":178,"reactiontime":0}]' (Thread[AWT-EventQueue-0,6,main])
Hue: Not authenticated; queueing command. (Thread[AWT-EventQueue-0,6,main])
Hue: Hue.js: issueCommand(): '[{"id":7,"on":true,"hue":39210,"sat":113,"bri":247,"reactiontime":0},{"id":8,"on":true,"hue":39210,"sat":113,"bri":247,"reactiontime":0},{"id":9,"on":true,"hue":39210,"sat":113,"bri":247,"reactiontime":0}]' (Thread[AWT-EventQueue-0,6,main])
Hue: Not authenticated; queueing command. (Thread[AWT-EventQueue-0,6,main])
Hue: Hue.js: issueCommand(): '[{"id":7,"on":true,"hue":30409,"sat":167,"bri":295,"reactiontime":0},{"id":8,"on":true,"hue":30409,"sat":167,"bri":295,"reactiontime":0},{"id":9,"on":true,"hue":30409,"sat":167,"bri":295,"reactiontime":0}]' (Thread[AWT-EventQueue-0,6,main])
Hue: Not authenticated; queueing command. (Thread[AWT-EventQueue-0,6,main])
Hue: Hue.js: issueCommand(): '[{"id":7,"on":true,"hue":32170,"sat":115,"bri":267,"reactiontime":0},{"id":8,"on":true,"hue":32170,"sat":115,"bri":267,"reactiontime":0},{"id":9,"on":true,"hue":32170,"sat":115,"bri":267,"reactiontime":0}]' (Thread[AWT-EventQueue-0,6,main])
Hue: Not authenticated; queueing command. (Thread[AWT-EventQueue-0,6,main])
Hue: Hue.js: issueCommand(): '[{"id":7,"on":true,"hue":20631,"sat":136,"bri":210,"reactiontime":0},{"id":8,"on":true,"hue":20631,"sat":136,"bri":210,"reactiontime":0},{"id":9,"on":true,"hue":20631,"sat":136,"bri":210,"reactiontime":0}]' (Thread[AWT-EventQueue-0,6,main])
Hue: Not authenticated; queueing command. (Thread[AWT-EventQueue-0,6,main])
Hue: Hue.js: issueCommand(): '[{"id":7,"on":true,"hue":28649,"sat":164,"bri":313,"reactiontime":0},{"id":8,"on":true,"hue":28649,"sat":164,"bri":313,"reactiontime":0},{"id":9,"on":true,"hue":28649,"sat":164,"bri":313,"reactiontime":0}]' (Thread[AWT-EventQueue-0,6,main])
Hue: Not authenticated; queueing command. (Thread[AWT-EventQueue-0,6,main])
Hue: Hue.js: issueCommand(): '[{"id":7,"on":true,"hue":41361,"sat":173,"bri":142,"reactiontime":0},{"id":8,"on":true,"hue":41361,"sat":173,"bri":142,"reactiontime":0},{"id":9,"on":true,"hue":41361,"sat":173,"bri":142,"reactiontime":0}]' (Thread[AWT-EventQueue-0,6,main])
Hue: Not authenticated; queueing command. (Thread[AWT-EventQueue-0,6,main])
Hue: Hue.js: issueCommand(): '[{"id":7,"on":true,"hue":30898,"sat":136,"bri":372,"reactiontime":0},{"id":8,"on":true,"hue":30898,"sat":136,"bri":372,"reactiontime":0},{"id":9,"on":true,"hue":30898,"sat":136,"bri":372,"reactiontime":0}]' (Thread[AWT-EventQueue-0,6,main])
Hue: Not authenticated; queueing command. (Thread[AWT-EventQueue-0,6,main])
Hue: Hue.js: issueCommand(): '[{"id":7,"on":true,"hue":42045,"sat":165,"bri":159,"reactiontime":0},{"id":8,"on":true,"hue":42045,"sat":165,"bri":159,"reactiontime":0},{"id":9,"on":true,"hue":42045,"sat":165,"bri":159,"reactiontime":0}]' (Thread[AWT-EventQueue-0,6,main])
Hue: Not authenticated; queueing command. (Thread[AWT-EventQueue-0,6,main])
Hue: Hue.js: issueCommand(): '[{"id":7,"on":true,"hue":34516,"sat":113,"bri":248,"reactiontime":0},{"id":8,"on":true,"hue":34516,"sat":113,"bri":248,"reactiontime":0},{"id":9,"on":true,"hue":34516,"sat":113,"bri":248,"reactiontime":0}]' (Thread[AWT-EventQueue-0,6,main])
Hue: Not authenticated; queueing command. (Thread[AWT-EventQueue-0,6,main])
Hue: Hue.js: issueCommand(): '[{"id":7,"on":true,"hue":44588,"sat":142,"bri":150,"reactiontime":0},{"id":8,"on":true,"hue":44588,"sat":142,"bri":150,"reactiontime":0},{"id":9,"on":true,"hue":44588,"sat":142,"bri":150,"reactiontime":0}]' (Thread[AWT-EventQueue-0,6,main])
Hue: Not authenticated; queueing command. (Thread[AWT-EventQueue-0,6,main])
Hue: Hue.js: issueCommand(): '[{"id":7,"on":true,"hue":42045,"sat":182,"bri":146,"reactiontime":0},{"id":8,"on":true,"hue":42045,"sat":182,"bri":146,"reactiontime":0},{"id":9,"on":true,"hue":42045,"sat":182,"bri":146,"reactiontime":0}]' (Thread[AWT-EventQueue-0,6,main])
Hue: Not authenticated; queueing command. (Thread[AWT-EventQueue-0,6,main])
Hue: Hue.js: issueCommand(): '[{"id":7,"on":true,"hue":36374,"sat":136,"bri":371,"reactiontime":0},{"id":8,"on":true,"hue":36374,"sat":136,"bri":371,"reactiontime":0},{"id":9,"on":true,"hue":36374,"sat":136,"bri":371,"reactiontime":0}]' (Thread[AWT-EventQueue-0,6,main])
Hue: Not authenticated; queueing command. (Thread[AWT-EventQueue-0,6,main])
Hue: Hue.js: issueCommand(): '[{"id":7,"on":true,"hue":28552,"sat":116,"bri":218,"reactiontime":0},{"id":8,"on":true,"hue":28552,"sat":116,"bri":218,"reactiontime":0},{"id":9,"on":true,"hue":28552,"sat":116,"bri":218,"reactiontime":0}]' (Thread[AWT-EventQueue-0,6,main])
Hue: Not authenticated; queueing command. (Thread[AWT-EventQueue-0,6,main])
Hue: Hue.js: issueCommand(): '[{"id":7,"on":true,"hue":37841,"sat":144,"bri":227,"reactiontime":0},{"id":8,"on":true,"hue":37841,"sat":144,"bri":227,"reactiontime":0},{"id":9,"on":true,"hue":37841,"sat":144,"bri":227,"reactiontime":0}]' (Thread[AWT-EventQueue-0,6,main])
Hue: Not authenticated; queueing command. (Thread[AWT-EventQueue-0,6,main])
Hue: Hue.js: issueCommand(): '[{"id":7,"on":true,"hue":30018,"sat":134,"bri":312,"reactiontime":0},{"id":8,"on":true,"hue":30018,"sat":134,"bri":312,"reactiontime":0},{"id":9,"on":true,"hue":30018,"sat":134,"bri":312,"reactiontime":0}]' (Thread[AWT-EventQueue-0,6,main])
Hue: Not authenticated; queueing command. (Thread[AWT-EventQueue-0,6,main])
Hue: Hue.js: issueCommand(): '[{"id":7,"on":true,"hue":34223,"sat":142,"bri":304,"reactiontime":0},{"id":8,"on":true,"hue":34223,"sat":142,"bri":304,"reactiontime":0},{"id":9,"on":true,"hue":34223,"sat":142,"bri":304,"reactiontime":0}]' (Thread[AWT-EventQueue-0,6,main])
Hue: Not authenticated; queueing command. (Thread[AWT-EventQueue-0,6,main])
Hue: Hue.js: issueCommand(): '[{"id":7,"on":true,"hue":38232,"sat":121,"bri":290,"reactiontime":0},{"id":8,"on":true,"hue":38232,"sat":121,"bri":290,"reactiontime":0},{"id":9,"on":true,"hue":38232,"sat":121,"bri":290,"reactiontime":0}]' (Thread[AWT-EventQueue-0,6,main])
Hue: Not authenticated; queueing command. (Thread[AWT-EventQueue-0,6,main])
Hue: Hue.js: issueCommand(): '[{"id":7,"on":true,"hue":32952,"sat":131,"bri":259,"reactiontime":0},{"id":8,"on":true,"hue":32952,"sat":131,"bri":259,"reactiontime":0},{"id":9,"on":true,"hue":32952,"sat":131,"bri":259,"reactiontime":0}]' (Thread[AWT-EventQueue-0,6,main])
Hue: Not authenticated; queueing command. (Thread[AWT-EventQueue-0,6,main])
Hue: Hue.js: issueCommand(): '[{"id":7,"on":true,"hue":34321,"sat":120,"bri":278,"reactiontime":0},{"id":8,"on":true,"hue":34321,"sat":120,"bri":278,"reactiontime":0},{"id":9,"on":true,"hue":34321,"sat":120,"bri":278,"reactiontime":0}]' (Thread[AWT-EventQueue-0,6,main])
Hue: Not authenticated; queueing command. (Thread[AWT-EventQueue-0,6,main])
Hue: Hue.js: issueCommand(): '[{"id":7,"on":true,"hue":32658,"sat":122,"bri":245,"reactiontime":0},{"id":8,"on":true,"hue":32658,"sat":122,"bri":245,"reactiontime":0},{"id":9,"on":true,"hue":32658,"sat":122,"bri":245,"reactiontime":0}]' (Thread[AWT-EventQueue-0,6,main])
Hue: Not authenticated; queueing command. (Thread[AWT-EventQueue-0,6,main])
Hue: Hue.js: issueCommand(): '[{"id":7,"on":true,"hue":34712,"sat":165,"bri":222,"reactiontime":0},{"id":8,"on":true,"hue":34712,"sat":165,"bri":222,"reactiontime":0},{"id":9,"on":true,"hue":34712,"sat":165,"bri":222,"reactiontime":0}]' (Thread[AWT-EventQueue-0,6,main])
Hue: Not authenticated; queueing command. (Thread[AWT-EventQueue-0,6,main])
Hue: Hue.js: issueCommand(): '[{"id":7,"on":true,"hue":41654,"sat":119,"bri":261,"reactiontime":0},{"id":8,"on":true,"hue":41654,"sat":119,"bri":261,"reactiontime":0},{"id":9,"on":true,"hue":41654,"sat":119,"bri":261,"reactiontime":0}]' (Thread[AWT-EventQueue-0,6,main])
Hue: Not authenticated; queueing command. (Thread[AWT-EventQueue-0,6,main])
Hue: Hue.js: issueCommand(): '[{"id":7,"on":true,"hue":30801,"sat":130,"bri":328,"reactiontime":0},{"id":8,"on":true,"hue":30801,"sat":130,"bri":328,"reactiontime":0},{"id":9,"on":true,"hue":30801,"sat":130,"bri":328,"reactiontime":0}]' (Thread[AWT-EventQueue-0,6,main])
Hue: Not authenticated; queueing command. (Thread[AWT-EventQueue-0,6,main])
ExportHTMLTimer went off after 30000 ms., calling getDirector().finish and getDirector().stopFire()
30061 ms. Memory: 1998336K Free: 404967K (20%)
Exported /home/travis/build/icyphy/ptII/org/terraswarm/accessor/demo/Hue/MotionLights/index.html
37207 ms. Memory: 1998336K Free: 361285K (18%)
####### 77 Fri Jun 01 17:47:39 UTC 2018 $PTII/bin/ptinvoke ptolemy.vergil.basic.export.ExportModel -force htm -run -openComposites -timeOut 30000 -whiteBackground org/terraswarm/accessor/demo/Hue/OccupancyLights.xml $PTII/org/terraswarm/accessor/demo/Hue/OccupancyLights
Running .OccupancyLights
Hue2: Attempting to connect to: http://10.0.0.235/api/ZAjh9AYL6s795RlqgaW0CzupRXrdpSQIqfyOnVyk/lights/ (Thread[AWT-EventQueue-0,6,main])
Hue2: Making an HTTP request. (Thread[AWT-EventQueue-0,6,main])
Hue2: Hue.js: issueCommand(): '[{"id":"2","on":false}]' (Thread[AWT-EventQueue-0,6,main])
Hue2: Not authenticated; queueing command. (Thread[AWT-EventQueue-0,6,main])
Hue2: Hue.js: issueCommand(): '[{"id":"2","on":false}]' (Thread[AWT-EventQueue-0,6,main])
Hue2: Not authenticated; queueing command. (Thread[AWT-EventQueue-0,6,main])
Hue2: Hue.js: issueCommand(): '[{"id":"2","on":false}]' (Thread[AWT-EventQueue-0,6,main])
Hue2: Not authenticated; queueing command. (Thread[AWT-EventQueue-0,6,main])
Hue2: Hue.js: issueCommand(): '[{"id":"2","on":false}]' (Thread[AWT-EventQueue-0,6,main])
Hue2: Not authenticated; queueing command. (Thread[AWT-EventQueue-0,6,main])
Hue2: Hue.js: issueCommand(): '[{"id":"2","on":false}]' (Thread[AWT-EventQueue-0,6,main])
Hue2: Not authenticated; queueing command. (Thread[AWT-EventQueue-0,6,main])
Hue2: Hue.js: issueCommand(): '[{"id":"2","on":false}]' (Thread[AWT-EventQueue-0,6,main])
Hue2: Not authenticated; queueing command. (Thread[AWT-EventQueue-0,6,main])
Hue2: Hue.js: issueCommand(): '[{"id":"2","on":false}]' (Thread[AWT-EventQueue-0,6,main])
Hue2: Not authenticated; queueing command. (Thread[AWT-EventQueue-0,6,main])
ExportHTMLTimer went off after 30000 ms., calling getDirector().finish and getDirector().stopFire()
ExportHTMLTimer went off after 60000 ms., calling manager.stop().
60064 ms. Memory: 1995264K Free: 1175092K (59%)
Exported /home/travis/build/icyphy/ptII/org/terraswarm/accessor/demo/Hue/OccupancyLights/index.html
68994 ms. Memory: 1995264K Free: 1131245K (57%)
####### 78 Fri Jun 01 17:48:48 UTC 2018 $PTII/bin/ptinvoke ptolemy.vergil.basic.export.ExportModel -force htm -run -openComposites -timeOut 30000 -whiteBackground org/terraswarm/accessor/demo/Lifx/Lifx.xml $PTII/org/terraswarm/accessor/demo/Lifx/Lifx
Running .Lifx
Lifx: Start discovery: Broadcast at 255.255.255.255:56700... undefined (Thread[vert.x-eventloop-thread-3,6,main])
Lifx: Start discovery: Broadcast at 255.255.255.255:56700... undefined (Thread[vert.x-eventloop-thread-3,6,main])
Lifx: Start discovery: Broadcast at 255.255.255.255:56700... undefined (Thread[vert.x-eventloop-thread-3,6,main])
Lifx: Start discovery: Broadcast at 255.255.255.255:56700... undefined (Thread[vert.x-eventloop-thread-3,6,main])
19262 ms. Memory: 2034688K Free: 745602K (37%)
Exported /home/travis/build/icyphy/ptII/org/terraswarm/accessor/demo/Lifx/Lifx/index.html
27373 ms. Memory: 2034688K Free: 704751K (35%)
####### 79 Fri Jun 01 17:49:16 UTC 2018 $PTII/bin/ptinvoke ptolemy.vergil.basic.export.ExportModel -force htm -run -openComposites -timeOut 30000 -whiteBackground org/terraswarm/accessor/demo/NaturalLanguage/NaturalLanguage.xml $PTII/org/terraswarm/accessor/demo/NaturalLanguage/NaturalLanguage
Running .NaturalLanguage
NaturalLanguage: Making an HTTP request. (Thread[AWT-EventQueue-0,6,main])
NaturalLanguage: Making an HTTP request. (Thread[AWT-EventQueue-0,6,main])
NaturalLanguage: Making an HTTP request. (Thread[AWT-EventQueue-0,6,main])
11188 ms. Memory: 2060800K Free: 471126K (23%)
Exported /home/travis/build/icyphy/ptII/org/terraswarm/accessor/demo/NaturalLanguage/NaturalLanguage/index.html
18462 ms. Memory: 2060800K Free: 439050K (21%)
####### 80 Fri Jun 01 17:49:34 UTC 2018 $PTII/bin/ptinvoke ptolemy.vergil.basic.export.ExportModel -force htm -run -openComposites -timeOut 30000 -whiteBackground org/terraswarm/accessor/demo/Scarab/Scarab.xml $PTII/org/terraswarm/accessor/demo/Scarab/Scarab
Running .Scarab
Scarab: Connection failed. Will try again: connection timed out: /192.168.0.111:9090 (Thread[vert.x-eventloop-thread-3,6,main])
Scarab: Connection failed. Will try again: connection timed out: /192.168.0.111:9090 (Thread[vert.x-eventloop-thread-3,6,main])
Scarab: Connection failed. Will try again: connection timed out: /192.168.0.111:9090 (Thread[vert.x-eventloop-thread-3,6,main])
Scarab: Connection failed. Will try again: connection timed out: /192.168.0.111:9090 (Thread[vert.x-eventloop-thread-3,6,main])
Scarab: Connection failed. Will try again: connection timed out: /192.168.0.111:9090 (Thread[vert.x-eventloop-thread-3,6,main])
Scarab: Connection failed. Will try again: connection timed out: /192.168.0.111:9090 (Thread[vert.x-eventloop-thread-3,6,main])
Scarab: Sending over socket: {"op":"publish","topic":"/scarab/lucy/cmd_vel","msg":{"angular":{"x":0,"y":0,"z":0},"linear":{"x":0,"y":0,"z":0}}} (Thread[AWT-EventQueue-0,6,main])
Scarab: Sending over socket: {"op":"publish","topic":"/scarab/lucy/cmd_vel","msg":{"angular":{"x":0,"y":0,"z":-0.8135762532552084},"linear":{"x":0,"y":0,"z":0}}} (Thread[AWT-EventQueue-0,6,main])
Scarab: Sending over socket: {"op":"publish","topic":"/scarab/lucy/cmd_vel","msg":{"angular":{"x":0,"y":0,"z":-2.5145182291666672},"linear":{"x":0,"y":0,"z":0}}} (Thread[AWT-EventQueue-0,6,main])
Scarab: Sending over socket: {"op":"publish","topic":"/scarab/lucy/cmd_vel","msg":{"angular":{"x":0,"y":0,"z":-3.5899548339843754},"linear":{"x":0,"y":0,"z":0}}} (Thread[AWT-EventQueue-0,6,main])
Scarab: Sending over socket: {"op":"publish","topic":"/scarab/lucy/cmd_vel","msg":{"angular":{"x":0,"y":0,"z":-0.9100048828125},"linear":{"x":0,"y":0,"z":0}}} (Thread[AWT-EventQueue-0,6,main])
Scarab: Sending over socket: {"op":"publish","topic":"/scarab/lucy/cmd_vel","msg":{"angular":{"x":0,"y":0,"z":1.3370914713541668},"linear":{"x":0,"y":0,"z":0}}} (Thread[AWT-EventQueue-0,6,main])
Scarab: Sending over socket: {"op":"publish","topic":"/scarab/lucy/cmd_vel","msg":{"angular":{"x":0,"y":0,"z":0.9581563313802082},"linear":{"x":0,"y":0,"z":0}}} (Thread[AWT-EventQueue-0,6,main])
Scarab: Sending over socket: {"op":"publish","topic":"/scarab/lucy/cmd_vel","msg":{"angular":{"x":0,"y":0,"z":-2.2146042887369797},"linear":{"x":0,"y":0,"z":0}}} (Thread[AWT-EventQueue-0,6,main])
Scarab: Sending over socket: {"op":"publish","topic":"/scarab/lucy/cmd_vel","msg":{"angular":{"x":0,"y":0,"z":0.8166524251302084},"linear":{"x":0,"y":0,"z":0}}} (Thread[AWT-EventQueue-0,6,main])
Scarab: Connection failed. Will try again: connection timed out: /192.168.0.111:9090 (Thread[vert.x-eventloop-thread-3,6,main])
Scarab: Connection failed. Will try again: connection timed out: /192.168.0.111:9090 (Thread[vert.x-eventloop-thread-3,6,main])
Scarab: Connection failed. Will try again: connection timed out: /192.168.0.111:9090 (Thread[vert.x-eventloop-thread-3,6,main])
Scarab: Connection failed. Will try again: connection timed out: /192.168.0.111:9090 (Thread[vert.x-eventloop-thread-3,6,main])
Scarab: Connection failed. Will try again: connection timed out: /192.168.0.111:9090 (Thread[vert.x-eventloop-thread-3,6,main])
Scarab: Connection failed. Will try again: connection timed out: /192.168.0.111:9090 (Thread[vert.x-eventloop-thread-3,6,main])
Scarab: Sending over socket: {"op":"publish","topic":"/scarab/lucy/cmd_vel","msg":{"angular":{"x":0,"y":0,"z":2.6350213623046876},"linear":{"x":0,"y":0,"z":0}}} (Thread[AWT-EventQueue-0,6,main])
Scarab: Sending over socket: {"op":"publish","topic":"/scarab/lucy/cmd_vel","msg":{"angular":{"x":0,"y":0,"z":-2.272728678385417},"linear":{"x":0,"y":0,"z":0}}} (Thread[AWT-EventQueue-0,6,main])
Scarab: Sending over socket: {"op":"publish","topic":"/scarab/lucy/cmd_vel","msg":{"angular":{"x":0,"y":0,"z":-1.1445711263020832},"linear":{"x":0,"y":0,"z":0}}} (Thread[AWT-EventQueue-0,6,main])
Scarab: Sending over socket: {"op":"publish","topic":"/scarab/lucy/cmd_vel","msg":{"angular":{"x":0,"y":0,"z":-0.4541267903645833},"linear":{"x":0,"y":0,"z":0}}} (Thread[AWT-EventQueue-0,6,main])
Scarab: Sending over socket: {"op":"publish","topic":"/scarab/lucy/cmd_vel","msg":{"angular":{"x":0,"y":0,"z":-2.2980175781249996},"linear":{"x":0,"y":0,"z":0}}} (Thread[AWT-EventQueue-0,6,main])
Scarab: Sending over socket: {"op":"publish","topic":"/scarab/lucy/cmd_vel","msg":{"angular":{"x":0,"y":0,"z":0.9349041748046873},"linear":{"x":0,"y":0,"z":0}}} (Thread[AWT-EventQueue-0,6,main])
Scarab: Sending over socket: {"op":"publish","topic":"/scarab/lucy/cmd_vel","msg":{"angular":{"x":0,"y":0,"z":2.5243977864583336},"linear":{"x":0,"y":0,"z":0}}} (Thread[AWT-EventQueue-0,6,main])
Scarab: Sending over socket: {"op":"publish","topic":"/scarab/lucy/cmd_vel","msg":{"angular":{"x":0,"y":0,"z":0.7401078287760416},"linear":{"x":0,"y":0,"z":0}}} (Thread[AWT-EventQueue-0,6,main])
Scarab: Sending over socket: {"op":"publish","topic":"/scarab/lucy/cmd_vel","msg":{"angular":{"x":0,"y":0,"z":1.5250628662109376},"linear":{"x":0,"y":0,"z":0}}} (Thread[AWT-EventQueue-0,6,main])
Scarab: Sending over socket: {"op":"publish","topic":"/scarab/lucy/cmd_vel","msg":{"angular":{"x":0,"y":0,"z":-1.0510807291666668},"linear":{"x":0,"y":0,"z":0}}} (Thread[AWT-EventQueue-0,6,main])
Scarab: Sending over socket: {"op":"publish","topic":"/scarab/lucy/cmd_vel","msg":{"angular":{"x":0,"y":0,"z":1.9408782958984374},"linear":{"x":0,"y":0,"z":0}}} (Thread[AWT-EventQueue-0,6,main])
Scarab: Sending over socket: {"op":"publish","topic":"/scarab/lucy/cmd_vel","msg":{"angular":{"x":0,"y":0,"z":0.8895320638020834},"linear":{"x":0,"y":0,"z":0}}} (Thread[AWT-EventQueue-0,6,main])
Scarab: Sending over socket: {"op":"publish","topic":"/scarab/lucy/cmd_vel","msg":{"angular":{"x":0,"y":0,"z":0.7019287109375001},"linear":{"x":0,"y":0,"z":0}}} (Thread[AWT-EventQueue-0,6,main])
Scarab: Sending over socket: {"op":"publish","topic":"/scarab/lucy/cmd_vel","msg":{"angular":{"x":0,"y":0,"z":2.0296240234375},"linear":{"x":0,"y":0,"z":0}}} (Thread[AWT-EventQueue-0,6,main])
Scarab: Sending over socket: {"op":"publish","topic":"/scarab/lucy/cmd_vel","msg":{"angular":{"x":0,"y":0,"z":1.3230377197265626},"linear":{"x":0,"y":0,"z":0}}} (Thread[AWT-EventQueue-0,6,main])
Scarab: Connection failed. Will try again: connection timed out: /192.168.0.111:9090 (Thread[vert.x-eventloop-thread-3,6,main])
Scarab: Connection failed. Will try again: connection timed out: /192.168.0.111:9090 (Thread[vert.x-eventloop-thread-3,6,main])
Scarab: Connection failed. Will try again: connection timed out: /192.168.0.111:9090 (Thread[vert.x-eventloop-thread-3,6,main])
Scarab: Connection failed. Will try again: connection timed out: /192.168.0.111:9090 (Thread[vert.x-eventloop-thread-3,6,main])
Scarab: Connection failed. Will try again: connection timed out: /192.168.0.111:9090 (Thread[vert.x-eventloop-thread-3,6,main])
Scarab: Connection failed. Will try again: connection timed out: /192.168.0.111:9090 (Thread[vert.x-eventloop-thread-3,6,main])
Scarab: Sending over socket: {"op":"publish","topic":"/scarab/lucy/cmd_vel","msg":{"angular":{"x":0,"y":0,"z":-0.44424316406250003},"linear":{"x":0,"y":0,"z":0}}} (Thread[AWT-EventQueue-0,6,main])
Scarab: Sending over socket: {"op":"publish","topic":"/scarab/lucy/cmd_vel","msg":{"angular":{"x":0,"y":0,"z":0.33719482421875},"linear":{"x":0,"y":0,"z":0}}} (Thread[AWT-EventQueue-0,6,main])
Scarab: Sending over socket: {"op":"publish","topic":"/scarab/lucy/cmd_vel","msg":{"angular":{"x":0,"y":0,"z":0.9623461914062499},"linear":{"x":0,"y":0,"z":0}}} (Thread[AWT-EventQueue-0,6,main])
Scarab: Sending over socket: {"op":"publish","topic":"/scarab/lucy/cmd_vel","msg":{"angular":{"x":0,"y":0,"z":1.057039794921875},"linear":{"x":0,"y":0,"z":0}}} (Thread[AWT-EventQueue-0,6,main])
Scarab: Sending over socket: {"op":"publish","topic":"/scarab/lucy/cmd_vel","msg":{"angular":{"x":0,"y":0,"z":-1.3301275634765626},"linear":{"x":0,"y":0,"z":0}}} (Thread[AWT-EventQueue-0,6,main])
Scarab: Sending over socket: {"op":"publish","topic":"/scarab/lucy/cmd_vel","msg":{"angular":{"x":0,"y":0,"z":-0.41911560058593755},"linear":{"x":0,"y":0,"z":0}}} (Thread[AWT-EventQueue-0,6,main])
Scarab: Sending over socket: {"op":"publish","topic":"/scarab/lucy/cmd_vel","msg":{"angular":{"x":0,"y":0,"z":0.23539225260416666},"linear":{"x":0,"y":0,"z":0}}} (Thread[AWT-EventQueue-0,6,main])
Scarab: Sending over socket: {"op":"publish","topic":"/scarab/lucy/cmd_vel","msg":{"angular":{"x":0,"y":0,"z":-1.0958274332682294},"linear":{"x":0,"y":0,"z":0}}} (Thread[AWT-EventQueue-0,6,main])
Scarab: Sending over socket: {"op":"publish","topic":"/scarab/lucy/cmd_vel","msg":{"angular":{"x":0,"y":0,"z":2.0109822591145834},"linear":{"x":0,"y":0,"z":0}}} (Thread[AWT-EventQueue-0,6,main])
Scarab: Sending over socket: {"op":"publish","topic":"/scarab/lucy/cmd_vel","msg":{"angular":{"x":0,"y":0,"z":2.797703857421875},"linear":{"x":0,"y":0,"z":0}}} (Thread[AWT-EventQueue-0,6,main])
Scarab: Sending over socket: {"op":"publish","topic":"/scarab/lucy/cmd_vel","msg":{"angular":{"x":0,"y":0,"z":-1.6731315104166669},"linear":{"x":0,"y":0,"z":0}}} (Thread[AWT-EventQueue-0,6,main])
Scarab: Sending over socket: {"op":"publish","topic":"/scarab/lucy/cmd_vel","msg":{"angular":{"x":0,"y":0,"z":-2.074726969401042},"linear":{"x":0,"y":0,"z":0}}} (Thread[AWT-EventQueue-0,6,main])
Scarab: Sending over socket: {"op":"publish","topic":"/scarab/lucy/cmd_vel","msg":{"angular":{"x":0,"y":0,"z":2.2170556640625003},"linear":{"x":0,"y":0,"z":0}}} (Thread[AWT-EventQueue-0,6,main])
Scarab: Sending over socket: {"op":"publish","topic":"/scarab/lucy/cmd_vel","msg":{"angular":{"x":0,"y":0,"z":1.7596362304687503},"linear":{"x":0,"y":0,"z":0}}} (Thread[AWT-EventQueue-0,6,main])
Scarab: Connection failed. Will try again: connection timed out: /192.168.0.111:9090 (Thread[vert.x-eventloop-thread-3,6,main])
Scarab: Connection failed. Will try again: connection timed out: /192.168.0.111:9090 (Thread[vert.x-eventloop-thread-3,6,main])
Scarab: Connection failed. Will try again: connection timed out: /192.168.0.111:9090 (Thread[vert.x-eventloop-thread-3,6,main])
Scarab: Connection failed. Will try again: connection timed out: /192.168.0.111:9090 (Thread[vert.x-eventloop-thread-3,6,main])
Scarab: Connection failed. Will try again: connection timed out: /192.168.0.111:9090 (Thread[vert.x-eventloop-thread-3,6,main])
Scarab: Connection failed. Will try again: connection timed out: /192.168.0.111:9090 (Thread[vert.x-eventloop-thread-3,6,main])
Scarab: Sending over socket: {"op":"publish","topic":"/scarab/lucy/cmd_vel","msg":{"angular":{"x":0,"y":0,"z":1.86739501953125},"linear":{"x":0,"y":0,"z":0}}} (Thread[AWT-EventQueue-0,6,main])
Scarab: Sending over socket: {"op":"publish","topic":"/scarab/lucy/cmd_vel","msg":{"angular":{"x":0,"y":0,"z":0.890118408203125},"linear":{"x":0,"y":0,"z":0}}} (Thread[AWT-EventQueue-0,6,main])
Scarab: Sending over socket: {"op":"publish","topic":"/scarab/lucy/cmd_vel","msg":{"angular":{"x":0,"y":0,"z":1.018426513671875},"linear":{"x":0,"y":0,"z":0}}} (Thread[AWT-EventQueue-0,6,main])
Scarab: Sending over socket: {"op":"publish","topic":"/scarab/lucy/cmd_vel","msg":{"angular":{"x":0,"y":0,"z":1.26061279296875},"linear":{"x":0,"y":0,"z":0}}} (Thread[AWT-EventQueue-0,6,main])
Scarab: Sending over socket: {"op":"publish","topic":"/scarab/lucy/cmd_vel","msg":{"angular":{"x":0,"y":0,"z":1.5115136718750002},"linear":{"x":0,"y":0,"z":0}}} (Thread[AWT-EventQueue-0,6,main])
Scarab: Sending over socket: {"op":"publish","topic":"/scarab/lucy/cmd_vel","msg":{"angular":{"x":0,"y":0,"z":-1.3379514567057291},"linear":{"x":0,"y":0,"z":0}}} (Thread[AWT-EventQueue-0,6,main])
Scarab: Sending over socket: {"op":"publish","topic":"/scarab/lucy/cmd_vel","msg":{"angular":{"x":0,"y":0,"z":-0.6596803792317709},"linear":{"x":0,"y":0,"z":0}}} (Thread[AWT-EventQueue-0,6,main])
Scarab: Sending over socket: {"op":"publish","topic":"/scarab/lucy/cmd_vel","msg":{"angular":{"x":0,"y":0,"z":-1.21734375},"linear":{"x":0,"y":0,"z":0}}} (Thread[AWT-EventQueue-0,6,main])
Scarab: Sending over socket: {"op":"publish","topic":"/scarab/lucy/cmd_vel","msg":{"angular":{"x":0,"y":0,"z":-0.33833211263020835},"linear":{"x":0,"y":0,"z":0}}} (Thread[AWT-EventQueue-0,6,main])
Scarab: Sending over socket: {"op":"publish","topic":"/scarab/lucy/cmd_vel","msg":{"angular":{"x":0,"y":0,"z":0.3685595703125},"linear":{"x":0,"y":0,"z":0}}} (Thread[AWT-EventQueue-0,6,main])
Scarab: Sending over socket: {"op":"publish","topic":"/scarab/lucy/cmd_vel","msg":{"angular":{"x":0,"y":0,"z":1.7106648763020835},"linear":{"x":0,"y":0,"z":0}}} (Thread[AWT-EventQueue-0,6,main])
Scarab: Sending over socket: {"op":"publish","topic":"/scarab/lucy/cmd_vel","msg":{"angular":{"x":0,"y":0,"z":2.309789225260417},"linear":{"x":0,"y":0,"z":0}}} (Thread[AWT-EventQueue-0,6,main])
Scarab: Sending over socket: {"op":"publish","topic":"/scarab/lucy/cmd_vel","msg":{"angular":{"x":0,"y":0,"z":1.1699920654296876},"linear":{"x":0,"y":0,"z":0}}} (Thread[AWT-EventQueue-0,6,main])
Scarab: Sending over socket: {"op":"publish","topic":"/scarab/lucy/cmd_vel","msg":{"angular":{"x":0,"y":0,"z":-1.5840155029296876},"linear":{"x":0,"y":0,"z":0}}} (Thread[AWT-EventQueue-0,6,main])
Scarab: Connection failed. Will try again: connection timed out: /192.168.0.111:9090 (Thread[vert.x-eventloop-thread-3,6,main])
Scarab: Connection failed. Will try again: connection timed out: /192.168.0.111:9090 (Thread[vert.x-eventloop-thread-3,6,main])
Scarab: Connection failed. Will try again: connection timed out: /192.168.0.111:9090 (Thread[vert.x-eventloop-thread-3,6,main])
Scarab: Connection failed. Will try again: connection timed out: /192.168.0.111:9090 (Thread[vert.x-eventloop-thread-3,6,main])
Scarab: Connection failed. Will try again: connection timed out: /192.168.0.111:9090 (Thread[vert.x-eventloop-thread-3,6,main])
Scarab: Connection failed. Will try again: connection timed out: /192.168.0.111:9090 (Thread[vert.x-eventloop-thread-3,6,main])
Scarab: Sending over socket: {"op":"publish","topic":"/scarab/lucy/cmd_vel","msg":{"angular":{"x":0,"y":0,"z":1.8675168863932292},"linear":{"x":0,"y":0,"z":0}}} (Thread[AWT-EventQueue-0,6,main])
Scarab: Sending over socket: {"op":"publish","topic":"/scarab/lucy/cmd_vel","msg":{"angular":{"x":0,"y":0,"z":0.2972501627604166},"linear":{"x":0,"y":0,"z":0}}} (Thread[AWT-EventQueue-0,6,main])
Scarab: Sending over socket: {"op":"publish","topic":"/scarab/lucy/cmd_vel","msg":{"angular":{"x":0,"y":0,"z":-0.04800496419270833},"linear":{"x":0,"y":0,"z":0}}} (Thread[AWT-EventQueue-0,6,main])
Scarab: Sending over socket: {"op":"publish","topic":"/scarab/lucy/cmd_vel","msg":{"angular":{"x":0,"y":0,"z":0.1359716796875},"linear":{"x":0,"y":0,"z":0}}} (Thread[AWT-EventQueue-0,6,main])
Scarab: Sending over socket: {"op":"publish","topic":"/scarab/lucy/cmd_vel","msg":{"angular":{"x":0,"y":0,"z":0.6805057779947917},"linear":{"x":0,"y":0,"z":0}}} (Thread[AWT-EventQueue-0,6,main])
Scarab: Sending over socket: {"op":"publish","topic":"/scarab/lucy/cmd_vel","msg":{"angular":{"x":0,"y":0,"z":1.7481282552083333},"linear":{"x":0,"y":0,"z":0}}} (Thread[AWT-EventQueue-0,6,main])
Scarab: Sending over socket: {"op":"publish","topic":"/scarab/lucy/cmd_vel","msg":{"angular":{"x":0,"y":0,"z":1.6348486328125003},"linear":{"x":0,"y":0,"z":0}}} (Thread[AWT-EventQueue-0,6,main])
Scarab: Sending over socket: {"op":"publish","topic":"/scarab/lucy/cmd_vel","msg":{"angular":{"x":0,"y":0,"z":3.1570983886718755},"linear":{"x":0,"y":0,"z":0}}} (Thread[AWT-EventQueue-0,6,main])
Scarab: Sending over socket: {"op":"publish","topic":"/scarab/lucy/cmd_vel","msg":{"angular":{"x":0,"y":0,"z":3.5044140625000004},"linear":{"x":0,"y":0,"z":0}}} (Thread[AWT-EventQueue-0,6,main])
Scarab: Sending over socket: {"op":"publish","topic":"/scarab/lucy/cmd_vel","msg":{"angular":{"x":0,"y":0,"z":-1.4545593261718752},"linear":{"x":0,"y":0,"z":0}}} (Thread[AWT-EventQueue-0,6,main])
Scarab: Sending over socket: {"op":"publish","topic":"/scarab/lucy/cmd_vel","msg":{"angular":{"x":0,"y":0,"z":-2.5380554199218754},"linear":{"x":0,"y":0,"z":0}}} (Thread[AWT-EventQueue-0,6,main])
Scarab: Sending over socket: {"op":"publish","topic":"/scarab/lucy/cmd_vel","msg":{"angular":{"x":0,"y":0,"z":-1.2932116699218752},"linear":{"x":0,"y":0,"z":0}}} (Thread[AWT-EventQueue-0,6,main])
Scarab: Sending over socket: {"op":"publish","topic":"/scarab/lucy/cmd_vel","msg":{"angular":{"x":0,"y":0,"z":-1.1625309244791668},"linear":{"x":0,"y":0,"z":0}}} (Thread[AWT-EventQueue-0,6,main])
Scarab: Sending over socket: {"op":"publish","topic":"/scarab/lucy/cmd_vel","msg":{"angular":{"x":0,"y":0,"z":2.6917342122395835},"linear":{"x":0,"y":0,"z":0}}} (Thread[AWT-EventQueue-0,6,main])
Scarab: Sending over socket: {"op":"publish","topic":"/scarab/lucy/cmd_vel","msg":{"angular":{"x":0,"y":0,"z":2.3619588216145835},"linear":{"x":0,"y":0,"z":0}}} (Thread[AWT-EventQueue-0,6,main])
Scarab: Connection failed. Will try again: connection timed out: /192.168.0.111:9090 (Thread[vert.x-eventloop-thread-3,6,main])
Scarab: Connection failed. Will try again: connection timed out: /192.168.0.111:9090 (Thread[vert.x-eventloop-thread-3,6,main])
Scarab: Connection failed. Will try again: connection timed out: /192.168.0.111:9090 (Thread[vert.x-eventloop-thread-3,6,main])
Scarab: Connection failed. Will try again: connection timed out: /192.168.0.111:9090 (Thread[vert.x-eventloop-thread-3,6,main])
Scarab: Connection failed. Will try again: connection timed out: /192.168.0.111:9090 (Thread[vert.x-eventloop-thread-3,6,main])
Scarab: Connection failed. Will try again: connection timed out: /192.168.0.111:9090 (Thread[vert.x-eventloop-thread-3,6,main])
Scarab: Sending over socket: {"op":"publish","topic":"/scarab/lucy/cmd_vel","msg":{"angular":{"x":0,"y":0,"z":-1.671767578125},"linear":{"x":0,"y":0,"z":0}}} (Thread[AWT-EventQueue-0,6,main])
Scarab: Sending over socket: {"op":"publish","topic":"/scarab/lucy/cmd_vel","msg":{"angular":{"x":0,"y":0,"z":-2.6097753906250003},"linear":{"x":0,"y":0,"z":0}}} (Thread[AWT-EventQueue-0,6,main])
Scarab: Sending over socket: {"op":"publish","topic":"/scarab/lucy/cmd_vel","msg":{"angular":{"x":0,"y":0,"z":-0.5932010904947916},"linear":{"x":0,"y":0,"z":0}}} (Thread[AWT-EventQueue-0,6,main])
Scarab: Sending over socket: {"op":"publish","topic":"/scarab/lucy/cmd_vel","msg":{"angular":{"x":0,"y":0,"z":0.2849318440755208},"linear":{"x":0,"y":0,"z":0}}} (Thread[AWT-EventQueue-0,6,main])
Scarab: Sending over socket: {"op":"publish","topic":"/scarab/lucy/cmd_vel","msg":{"angular":{"x":0,"y":0,"z":2.6741422526041667},"linear":{"x":0,"y":0,"z":0}}} (Thread[AWT-EventQueue-0,6,main])
Scarab: Sending over socket: {"op":"publish","topic":"/scarab/lucy/cmd_vel","msg":{"angular":{"x":0,"y":0,"z":2.543748779296875},"linear":{"x":0,"y":0,"z":0}}} (Thread[AWT-EventQueue-0,6,main])
Scarab: Sending over socket: {"op":"publish","topic":"/scarab/lucy/cmd_vel","msg":{"angular":{"x":0,"y":0,"z":3.1963623046875},"linear":{"x":0,"y":0,"z":0}}} (Thread[AWT-EventQueue-0,6,main])
Scarab: Sending over socket: {"op":"publish","topic":"/scarab/lucy/cmd_vel","msg":{"angular":{"x":0,"y":0,"z":2.26889892578125},"linear":{"x":0,"y":0,"z":0}}} (Thread[AWT-EventQueue-0,6,main])
Scarab: Sending over socket: {"op":"publish","topic":"/scarab/lucy/cmd_vel","msg":{"angular":{"x":0,"y":0,"z":0.24448730468750002},"linear":{"x":0,"y":0,"z":0}}} (Thread[AWT-EventQueue-0,6,main])
Scarab: Sending over socket: {"op":"publish","topic":"/scarab/lucy/cmd_vel","msg":{"angular":{"x":0,"y":0,"z":0.13437866210937502},"linear":{"x":0,"y":0,"z":0}}} (Thread[AWT-EventQueue-0,6,main])
Scarab: Sending over socket: {"op":"publish","topic":"/scarab/lucy/cmd_vel","msg":{"angular":{"x":0,"y":0,"z":-0.27760416666666665},"linear":{"x":0,"y":0,"z":0}}} (Thread[AWT-EventQueue-0,6,main])
Scarab: Sending over socket: {"op":"publish","topic":"/scarab/lucy/cmd_vel","msg":{"angular":{"x":0,"y":0,"z":0.9786051432291668},"linear":{"x":0,"y":0,"z":0}}} (Thread[AWT-EventQueue-0,6,main])
Scarab: Sending over socket: {"op":"publish","topic":"/scarab/lucy/cmd_vel","msg":{"angular":{"x":0,"y":0,"z":2.0490478515625},"linear":{"x":0,"y":0,"z":0}}} (Thread[AWT-EventQueue-0,6,main])
Scarab: Sending over socket: {"op":"publish","topic":"/scarab/lucy/cmd_vel","msg":{"angular":{"x":0,"y":0,"z":0.8534126790364583},"linear":{"x":0,"y":0,"z":0}}} (Thread[AWT-EventQueue-0,6,main])
Scarab: Connection failed. Will try again: connection timed out: /192.168.0.111:9090 (Thread[vert.x-eventloop-thread-3,6,main])
Scarab: Connection failed. Will try again: connection timed out: /192.168.0.111:9090 (Thread[vert.x-eventloop-thread-3,6,main])
Scarab: Connection failed. Will try again: connection timed out: /192.168.0.111:9090 (Thread[vert.x-eventloop-thread-3,6,main])
Scarab: Connection failed. Will try again: connection timed out: /192.168.0.111:9090 (Thread[vert.x-eventloop-thread-3,6,main])
Scarab: Connection failed. Will try again: connection timed out: /192.168.0.111:9090 (Thread[vert.x-eventloop-thread-3,6,main])
Scarab: Connection failed. Will try again: connection timed out: /192.168.0.111:9090 (Thread[vert.x-eventloop-thread-3,6,main])
Scarab: Sending over socket: {"op":"publish","topic":"/scarab/lucy/cmd_vel","msg":{"angular":{"x":0,"y":0,"z":1.6957210286458335},"linear":{"x":0,"y":0,"z":0}}} (Thread[AWT-EventQueue-0,6,main])
Scarab: Sending over socket: {"op":"publish","topic":"/scarab/lucy/cmd_vel","msg":{"angular":{"x":0,"y":0,"z":0.911138916015625},"linear":{"x":0,"y":0,"z":0}}} (Thread[AWT-EventQueue-0,6,main])
Scarab: Sending over socket: {"op":"publish","topic":"/scarab/lucy/cmd_vel","msg":{"angular":{"x":0,"y":0,"z":0.30275004069010414},"linear":{"x":0,"y":0,"z":0}}} (Thread[AWT-EventQueue-0,6,main])
Scarab: Sending over socket: {"op":"publish","topic":"/scarab/lucy/cmd_vel","msg":{"angular":{"x":0,"y":0,"z":2.9220483398437502},"linear":{"x":0,"y":0,"z":0}}} (Thread[AWT-EventQueue-0,6,main])
Scarab: Sending over socket: {"op":"publish","topic":"/scarab/lucy/cmd_vel","msg":{"angular":{"x":0,"y":0,"z":-1.5887556966145833},"linear":{"x":0,"y":0,"z":0}}} (Thread[AWT-EventQueue-0,6,main])
Scarab: Sending over socket: {"op":"publish","topic":"/scarab/lucy/cmd_vel","msg":{"angular":{"x":0,"y":0,"z":-2.0277734375},"linear":{"x":0,"y":0,"z":0}}} (Thread[AWT-EventQueue-0,6,main])
Scarab: Sending over socket: {"op":"publish","topic":"/scarab/lucy/cmd_vel","msg":{"angular":{"x":0,"y":0,"z":0.09778299967447916},"linear":{"x":0,"y":0,"z":0}}} (Thread[AWT-EventQueue-0,6,main])
Scarab: Sending over socket: {"op":"publish","topic":"/scarab/lucy/cmd_vel","msg":{"angular":{"x":0,"y":0,"z":0.23583902994791667},"linear":{"x":0,"y":0,"z":0}}} (Thread[AWT-EventQueue-0,6,main])
Scarab: Sending over socket: {"op":"publish","topic":"/scarab/lucy/cmd_vel","msg":{"angular":{"x":0,"y":0,"z":-2.03846435546875},"linear":{"x":0,"y":0,"z":0}}} (Thread[AWT-EventQueue-0,6,main])
Scarab: Sending over socket: {"op":"publish","topic":"/scarab/lucy/cmd_vel","msg":{"angular":{"x":0,"y":0,"z":-2.3598974609375003},"linear":{"x":0,"y":0,"z":0}}} (Thread[AWT-EventQueue-0,6,main])
Scarab: Sending over socket: {"op":"publish","topic":"/scarab/lucy/cmd_vel","msg":{"angular":{"x":0,"y":0,"z":-1.6330491129557294},"linear":{"x":0,"y":0,"z":0}}} (Thread[AWT-EventQueue-0,6,main])
Scarab: Sending over socket: {"op":"publish","topic":"/scarab/lucy/cmd_vel","msg":{"angular":{"x":0,"y":0,"z":-1.3958123779296876},"linear":{"x":0,"y":0,"z":0}}} (Thread[AWT-EventQueue-0,6,main])
Scarab: Sending over socket: {"op":"publish","topic":"/scarab/lucy/cmd_vel","msg":{"angular":{"x":0,"y":0,"z":0.10533528645833334},"linear":{"x":0,"y":0,"z":0}}} (Thread[AWT-EventQueue-0,6,main])
Scarab: Sending over socket: {"op":"publish","topic":"/scarab/lucy/cmd_vel","msg":{"angular":{"x":0,"y":0,"z":-0.17140970865885416},"linear":{"x":0,"y":0,"z":0}}} (Thread[AWT-EventQueue-0,6,main])
Scarab: Sending over socket: {"op":"publish","topic":"/scarab/lucy/cmd_vel","msg":{"angular":{"x":0,"y":0,"z":1.2830383300781252},"linear":{"x":0,"y":0,"z":0}}} (Thread[AWT-EventQueue-0,6,main])
Scarab: Connection failed. Will try again: connection timed out: /192.168.0.111:9090 (Thread[vert.x-eventloop-thread-3,6,main])
Scarab: Connection failed. Will try again: connection timed out: /192.168.0.111:9090 (Thread[vert.x-eventloop-thread-3,6,main])
Scarab: Connection failed. Will try again: connection timed out: /192.168.0.111:9090 (Thread[vert.x-eventloop-thread-3,6,main])
Scarab: Connection failed. Will try again: connection timed out: /192.168.0.111:9090 (Thread[vert.x-eventloop-thread-3,6,main])
Scarab: Connection failed. Will try again: connection timed out: /192.168.0.111:9090 (Thread[vert.x-eventloop-thread-3,6,main])
Scarab: Connection failed. Will try again: connection timed out: /192.168.0.111:9090 (Thread[vert.x-eventloop-thread-3,6,main])
Scarab: Sending over socket: {"op":"publish","topic":"/scarab/lucy/cmd_vel","msg":{"angular":{"x":0,"y":0,"z":-2.4313850911458337},"linear":{"x":0,"y":0,"z":0}}} (Thread[AWT-EventQueue-0,6,main])
Scarab: Sending over socket: {"op":"publish","topic":"/scarab/lucy/cmd_vel","msg":{"angular":{"x":0,"y":0,"z":-3.18050048828125},"linear":{"x":0,"y":0,"z":0}}} (Thread[AWT-EventQueue-0,6,main])
Scarab: Sending over socket: {"op":"publish","topic":"/scarab/lucy/cmd_vel","msg":{"angular":{"x":0,"y":0,"z":-0.47978393554687504},"linear":{"x":0,"y":0,"z":0}}} (Thread[AWT-EventQueue-0,6,main])
Scarab: Sending over socket: {"op":"publish","topic":"/scarab/lucy/cmd_vel","msg":{"angular":{"x":0,"y":0,"z":-2.093722127278646},"linear":{"x":0,"y":0,"z":0}}} (Thread[AWT-EventQueue-0,6,main])
Scarab: Sending over socket: {"op":"publish","topic":"/scarab/lucy/cmd_vel","msg":{"angular":{"x":0,"y":0,"z":-1.2380562337239585},"linear":{"x":0,"y":0,"z":0}}} (Thread[AWT-EventQueue-0,6,main])
Scarab: Sending over socket: {"op":"publish","topic":"/scarab/lucy/cmd_vel","msg":{"angular":{"x":0,"y":0,"z":2.4568017578125003},"linear":{"x":0,"y":0,"z":0}}} (Thread[AWT-EventQueue-0,6,main])
Scarab: Sending over socket: {"op":"publish","topic":"/scarab/lucy/cmd_vel","msg":{"angular":{"x":0,"y":0,"z":0.1565439860026042},"linear":{"x":0,"y":0,"z":0}}} (Thread[AWT-EventQueue-0,6,main])
Scarab: Sending over socket: {"op":"publish","topic":"/scarab/lucy/cmd_vel","msg":{"angular":{"x":0,"y":0,"z":-0.6871419270833333},"linear":{"x":0,"y":0,"z":0}}} (Thread[AWT-EventQueue-0,6,main])
Scarab: Sending over socket: {"op":"publish","topic":"/scarab/lucy/cmd_vel","msg":{"angular":{"x":0,"y":0,"z":1.1623738606770835},"linear":{"x":0,"y":0,"z":0}}} (Thread[AWT-EventQueue-0,6,main])
Scarab: Sending over socket: {"op":"publish","topic":"/scarab/lucy/cmd_vel","msg":{"angular":{"x":0,"y":0,"z":-0.587744140625},"linear":{"x":0,"y":0,"z":0}}} (Thread[AWT-EventQueue-0,6,main])
Scarab: Sending over socket: {"op":"publish","topic":"/scarab/lucy/cmd_vel","msg":{"angular":{"x":0,"y":0,"z":1.1716082763671876},"linear":{"x":0,"y":0,"z":0}}} (Thread[AWT-EventQueue-0,6,main])
Scarab: Sending over socket: {"op":"publish","topic":"/scarab/lucy/cmd_vel","msg":{"angular":{"x":0,"y":0,"z":0.6035394287109376},"linear":{"x":0,"y":0,"z":0}}} (Thread[AWT-EventQueue-0,6,main])
Scarab: Sending over socket: {"op":"publish","topic":"/scarab/lucy/cmd_vel","msg":{"angular":{"x":0,"y":0,"z":1.003997802734375},"linear":{"x":0,"y":0,"z":0}}} (Thread[AWT-EventQueue-0,6,main])
Scarab: Sending over socket: {"op":"publish","topic":"/scarab/lucy/cmd_vel","msg":{"angular":{"x":0,"y":0,"z":-1.0068599446614583},"linear":{"x":0,"y":0,"z":0}}} (Thread[AWT-EventQueue-0,6,main])
Scarab: Sending over socket: {"op":"publish","topic":"/scarab/lucy/cmd_vel","msg":{"angular":{"x":0,"y":0,"z":0.31873291015625},"linear":{"x":0,"y":0,"z":0}}} (Thread[AWT-EventQueue-0,6,main])
Scarab: Connection failed. Will try again: connection timed out: /192.168.0.111:9090 (Thread[vert.x-eventloop-thread-3,6,main])
Scarab: Connection failed. Will try again: connection timed out: /192.168.0.111:9090 (Thread[vert.x-eventloop-thread-3,6,main])
Scarab: Connection failed. Will try again: connection timed out: /192.168.0.111:9090 (Thread[vert.x-eventloop-thread-3,6,main])
Scarab: Connection failed. Will try again: connection timed out: /192.168.0.111:9090 (Thread[vert.x-eventloop-thread-3,6,main])
Scarab: Connection failed. Will try again: connection timed out: /192.168.0.111:9090 (Thread[vert.x-eventloop-thread-3,6,main])
Scarab: Connection failed. Will try again: connection timed out: /192.168.0.111:9090 (Thread[vert.x-eventloop-thread-3,6,main])
Scarab: Sending over socket: {"op":"publish","topic":"/scarab/lucy/cmd_vel","msg":{"angular":{"x":0,"y":0,"z":-0.7817154947916667},"linear":{"x":0,"y":0,"z":0}}} (Thread[AWT-EventQueue-0,6,main])
Scarab: Sending over socket: {"op":"publish","topic":"/scarab/lucy/cmd_vel","msg":{"angular":{"x":0,"y":0,"z":1.596053466796875},"linear":{"x":0,"y":0,"z":0}}} (Thread[AWT-EventQueue-0,6,main])
Scarab: Sending over socket: {"op":"publish","topic":"/scarab/lucy/cmd_vel","msg":{"angular":{"x":0,"y":0,"z":-1.8849861653645834},"linear":{"x":0,"y":0,"z":0}}} (Thread[AWT-EventQueue-0,6,main])
Scarab: Sending over socket: {"op":"publish","topic":"/scarab/lucy/cmd_vel","msg":{"angular":{"x":0,"y":0,"z":0.11192728678385418},"linear":{"x":0,"y":0,"z":0}}} (Thread[AWT-EventQueue-0,6,main])
Scarab: Sending over socket: {"op":"publish","topic":"/scarab/lucy/cmd_vel","msg":{"angular":{"x":0,"y":0,"z":-1.6534981282552086},"linear":{"x":0,"y":0,"z":0}}} (Thread[AWT-EventQueue-0,6,main])
Scarab: Sending over socket: {"op":"publish","topic":"/scarab/lucy/cmd_vel","msg":{"angular":{"x":0,"y":0,"z":-1.0339569091796874},"linear":{"x":0,"y":0,"z":0}}} (Thread[AWT-EventQueue-0,6,main])
Scarab: Sending over socket: {"op":"publish","topic":"/scarab/lucy/cmd_vel","msg":{"angular":{"x":0,"y":0,"z":0.7102937825520834},"linear":{"x":0,"y":0,"z":0}}} (Thread[AWT-EventQueue-0,6,main])
Scarab: Sending over socket: {"op":"publish","topic":"/scarab/lucy/cmd_vel","msg":{"angular":{"x":0,"y":0,"z":0.21255777994791666},"linear":{"x":0,"y":0,"z":0}}} (Thread[AWT-EventQueue-0,6,main])
Scarab: Sending over socket: {"op":"publish","topic":"/scarab/lucy/cmd_vel","msg":{"angular":{"x":0,"y":0,"z":1.5818257649739587},"linear":{"x":0,"y":0,"z":0}}} (Thread[AWT-EventQueue-0,6,main])
Scarab: Sending over socket: {"op":"publish","topic":"/scarab/lucy/cmd_vel","msg":{"angular":{"x":0,"y":0,"z":0.5341103108723958},"linear":{"x":0,"y":0,"z":0}}} (Thread[AWT-EventQueue-0,6,main])
Scarab: Sending over socket: {"op":"publish","topic":"/scarab/lucy/cmd_vel","msg":{"angular":{"x":0,"y":0,"z":-0.1214080810546875},"linear":{"x":0,"y":0,"z":0}}} (Thread[AWT-EventQueue-0,6,main])
Scarab: Sending over socket: {"op":"publish","topic":"/scarab/lucy/cmd_vel","msg":{"angular":{"x":0,"y":0,"z":-0.54720703125},"linear":{"x":0,"y":0,"z":0}}} (Thread[AWT-EventQueue-0,6,main])
Scarab: Sending over socket: {"op":"publish","topic":"/scarab/lucy/cmd_vel","msg":{"angular":{"x":0,"y":0,"z":-2.410257568359375},"linear":{"x":0,"y":0,"z":0}}} (Thread[AWT-EventQueue-0,6,main])
Scarab: Sending over socket: {"op":"publish","topic":"/scarab/lucy/cmd_vel","msg":{"angular":{"x":0,"y":0,"z":-1.96537353515625},"linear":{"x":0,"y":0,"z":0}}} (Thread[AWT-EventQueue-0,6,main])
Scarab: Connection failed. Will try again: connection timed out: /192.168.0.111:9090 (Thread[vert.x-eventloop-thread-3,6,main])
Scarab: Connection failed. Will try again: connection timed out: /192.168.0.111:9090 (Thread[vert.x-eventloop-thread-3,6,main])
Scarab: Connection failed. Will try again: connection timed out: /192.168.0.111:9090 (Thread[vert.x-eventloop-thread-3,6,main])
Scarab: Connection failed. Will try again: connection timed out: /192.168.0.111:9090 (Thread[vert.x-eventloop-thread-3,6,main])
Scarab: Connection failed. Will try again: connection timed out: /192.168.0.111:9090 (Thread[vert.x-eventloop-thread-3,6,main])
Scarab: Connection failed. Will try again: connection timed out: /192.168.0.111:9090 (Thread[vert.x-eventloop-thread-3,6,main])
Scarab: Sending over socket: {"op":"publish","topic":"/scarab/lucy/cmd_vel","msg":{"angular":{"x":0,"y":0,"z":0.6083642578125},"linear":{"x":0,"y":0,"z":0}}} (Thread[AWT-EventQueue-0,6,main])
Scarab: Sending over socket: {"op":"publish","topic":"/scarab/lucy/cmd_vel","msg":{"angular":{"x":0,"y":0,"z":-0.23957702636718753},"linear":{"x":0,"y":0,"z":0}}} (Thread[AWT-EventQueue-0,6,main])
Scarab: Sending over socket: {"op":"publish","topic":"/scarab/lucy/cmd_vel","msg":{"angular":{"x":0,"y":0,"z":-1.2988362630208334},"linear":{"x":0,"y":0,"z":0}}} (Thread[AWT-EventQueue-0,6,main])
Scarab: Sending over socket: {"op":"publish","topic":"/scarab/lucy/cmd_vel","msg":{"angular":{"x":0,"y":0,"z":2.2399383544921876},"linear":{"x":0,"y":0,"z":0}}} (Thread[AWT-EventQueue-0,6,main])
Scarab: Sending over socket: {"op":"publish","topic":"/scarab/lucy/cmd_vel","msg":{"angular":{"x":0,"y":0,"z":0.9720963541666668},"linear":{"x":0,"y":0,"z":0}}} (Thread[AWT-EventQueue-0,6,main])
Scarab: Sending over socket: {"op":"publish","topic":"/scarab/lucy/cmd_vel","msg":{"angular":{"x":0,"y":0,"z":0.4750917561848958},"linear":{"x":0,"y":0,"z":0}}} (Thread[AWT-EventQueue-0,6,main])
Scarab: Sending over socket: {"op":"publish","topic":"/scarab/lucy/cmd_vel","msg":{"angular":{"x":0,"y":0,"z":1.8899772135416668},"linear":{"x":0,"y":0,"z":0}}} (Thread[AWT-EventQueue-0,6,main])
Scarab: Sending over socket: {"op":"publish","topic":"/scarab/lucy/cmd_vel","msg":{"angular":{"x":0,"y":0,"z":0.7625565592447917},"linear":{"x":0,"y":0,"z":0}}} (Thread[AWT-EventQueue-0,6,main])
Scarab: Sending over socket: {"op":"publish","topic":"/scarab/lucy/cmd_vel","msg":{"angular":{"x":0,"y":0,"z":0.40345703125000004},"linear":{"x":0,"y":0,"z":0}}} (Thread[AWT-EventQueue-0,6,main])
Scarab: Sending over socket: {"op":"publish","topic":"/scarab/lucy/cmd_vel","msg":{"angular":{"x":0,"y":0,"z":-1.9574450683593754},"linear":{"x":0,"y":0,"z":0}}} (Thread[AWT-EventQueue-0,6,main])
Scarab: Sending over socket: {"op":"publish","topic":"/scarab/lucy/cmd_vel","msg":{"angular":{"x":0,"y":0,"z":-1.810653686523438},"linear":{"x":0,"y":0,"z":0}}} (Thread[AWT-EventQueue-0,6,main])
Scarab: Sending over socket: {"op":"publish","topic":"/scarab/lucy/cmd_vel","msg":{"angular":{"x":0,"y":0,"z":-0.3735725911458333},"linear":{"x":0,"y":0,"z":0}}} (Thread[AWT-EventQueue-0,6,main])
Scarab: Sending over socket: {"op":"publish","topic":"/scarab/lucy/cmd_vel","msg":{"angular":{"x":0,"y":0,"z":0.122811279296875},"linear":{"x":0,"y":0,"z":0}}} (Thread[AWT-EventQueue-0,6,main])
Scarab: Sending over socket: {"op":"publish","topic":"/scarab/lucy/cmd_vel","msg":{"angular":{"x":0,"y":0,"z":2.986769002278646},"linear":{"x":0,"y":0,"z":0}}} (Thread[AWT-EventQueue-0,6,main])
Scarab: Sending over socket: {"op":"publish","topic":"/scarab/lucy/cmd_vel","msg":{"angular":{"x":0,"y":0,"z":2.3455989583333334},"linear":{"x":0,"y":0,"z":0}}} (Thread[AWT-EventQueue-0,6,main])
Scarab: Sending over socket: {"op":"publish","topic":"/scarab/lucy/cmd_vel","msg":{"angular":{"x":0,"y":0,"z":0.5998382568359376},"linear":{"x":0,"y":0,"z":0}}} (Thread[AWT-EventQueue-0,6,main])
Scarab: Sending over socket: {"op":"publish","topic":"/scarab/lucy/cmd_vel","msg":{"angular":{"x":0,"y":0,"z":0.5915515136718751},"linear":{"x":0,"y":0,"z":0}}} (Thread[AWT-EventQueue-0,6,main])
Scarab: Sending over socket: {"op":"publish","topic":"/scarab/lucy/cmd_vel","msg":{"angular":{"x":0,"y":0,"z":2.5934179687500003},"linear":{"x":0,"y":0,"z":0}}} (Thread[AWT-EventQueue-0,6,main])
Scarab: Sending over socket: {"op":"publish","topic":"/scarab/lucy/cmd_vel","msg":{"angular":{"x":0,"y":0,"z":0.6439644368489583},"linear":{"x":0,"y":0,"z":0}}} (Thread[AWT-EventQueue-0,6,main])
Scarab: Sending over socket: {"op":"publish","topic":"/scarab/lucy/cmd_vel","msg":{"angular":{"x":0,"y":0,"z":-0.4143532307942709},"linear":{"x":0,"y":0,"z":0}}} (Thread[AWT-EventQueue-0,6,main])
Scarab: Sending over socket: {"op":"publish","topic":"/scarab/lucy/cmd_vel","msg":{"angular":{"x":0,"y":0,"z":-0.08821777343750001},"linear":{"x":0,"y":0,"z":0}}} (Thread[AWT-EventQueue-0,6,main])
Scarab: Sending over socket: {"op":"publish","topic":"/scarab/lucy/cmd_vel","msg":{"angular":{"x":0,"y":0,"z":2.9030975341796874},"linear":{"x":0,"y":0,"z":0}}} (Thread[AWT-EventQueue-0,6,main])
Scarab: Sending over socket: {"op":"publish","topic":"/scarab/lucy/cmd_vel","msg":{"angular":{"x":0,"y":0,"z":2.8217659505208337},"linear":{"x":0,"y":0,"z":0}}} (Thread[AWT-EventQueue-0,6,main])
Scarab: Sending over socket: {"op":"publish","topic":"/scarab/lucy/cmd_vel","msg":{"angular":{"x":0,"y":0,"z":0.05199218750000001},"linear":{"x":0,"y":0,"z":0}}} (Thread[AWT-EventQueue-0,6,main])
Scarab: Sending over socket: {"op":"publish","topic":"/scarab/lucy/cmd_vel","msg":{"angular":{"x":0,"y":0,"z":0.6661732991536459},"linear":{"x":0,"y":0,"z":0}}} (Thread[AWT-EventQueue-0,6,main])
Scarab: Sending over socket: {"op":"publish","topic":"/scarab/lucy/cmd_vel","msg":{"angular":{"x":0,"y":0,"z":-1.1436828613281251},"linear":{"x":0,"y":0,"z":0}}} (Thread[AWT-EventQueue-0,6,main])
Scarab: Sending over socket: {"op":"publish","topic":"/scarab/lucy/cmd_vel","msg":{"angular":{"x":0,"y":0,"z":0.6013116455078126},"linear":{"x":0,"y":0,"z":0}}} (Thread[AWT-EventQueue-0,6,main])
Scarab: Sending over socket: {"op":"publish","topic":"/scarab/lucy/cmd_vel","msg":{"angular":{"x":0,"y":0,"z":2.08551025390625},"linear":{"x":0,"y":0,"z":0}}} (Thread[AWT-EventQueue-0,6,main])
Scarab: Sending over socket: {"op":"publish","topic":"/scarab/lucy/cmd_vel","msg":{"angular":{"x":0,"y":0,"z":0.45655029296875005},"linear":{"x":0,"y":0,"z":0}}} (Thread[AWT-EventQueue-0,6,main])
Scarab: Sending over socket: {"op":"publish","topic":"/scarab/lucy/cmd_vel","msg":{"angular":{"x":0,"y":0,"z":1.0404296875},"linear":{"x":0,"y":0,"z":0}}} (Thread[AWT-EventQueue-0,6,main])
Scarab: Sending over socket: {"op":"publish","topic":"/scarab/lucy/cmd_vel","msg":{"angular":{"x":0,"y":0,"z":-1.2561533610026043},"linear":{"x":0,"y":0,"z":0}}} (Thread[AWT-EventQueue-0,6,main])
Scarab: Sending over socket: {"op":"publish","topic":"/scarab/lucy/cmd_vel","msg":{"angular":{"x":0,"y":0,"z":-1.8736914062500003},"linear":{"x":0,"y":0,"z":0}}} (Thread[AWT-EventQueue-0,6,main])
Scarab: Sending over socket: {"op":"publish","topic":"/scarab/lucy/cmd_vel","msg":{"angular":{"x":0,"y":0,"z":-1.4764801025390626},"linear":{"x":0,"y":0,"z":0}}} (Thread[AWT-EventQueue-0,6,main])
Scarab: Sending over socket: {"op":"publish","topic":"/scarab/lucy/cmd_vel","msg":{"angular":{"x":0,"y":0,"z":-0.31305867513020835},"linear":{"x":0,"y":0,"z":0}}} (Thread[AWT-EventQueue-0,6,main])
Scarab: Sending over socket: {"op":"publish","topic":"/scarab/lucy/cmd_vel","msg":{"angular":{"x":0,"y":0,"z":0.5189886474609375},"linear":{"x":0,"y":0,"z":0}}} (Thread[AWT-EventQueue-0,6,main])
Scarab: Sending over socket: {"op":"publish","topic":"/scarab/lucy/cmd_vel","msg":{"angular":{"x":0,"y":0,"z":1.61836181640625},"linear":{"x":0,"y":0,"z":0}}} (Thread[AWT-EventQueue-0,6,main])
Scarab: Sending over socket: {"op":"publish","topic":"/scarab/lucy/cmd_vel","msg":{"angular":{"x":0,"y":0,"z":0.24763468424479168},"linear":{"x":0,"y":0,"z":0}}} (Thread[AWT-EventQueue-0,6,main])
Scarab: Sending over socket: {"op":"publish","topic":"/scarab/lucy/cmd_vel","msg":{"angular":{"x":0,"y":0,"z":0.6101715087890625},"linear":{"x":0,"y":0,"z":0}}} (Thread[AWT-EventQueue-0,6,main])
Scarab: Sending over socket: {"op":"publish","topic":"/scarab/lucy/cmd_vel","msg":{"angular":{"x":0,"y":0,"z":0.6520851643880208},"linear":{"x":0,"y":0,"z":0}}} (Thread[AWT-EventQueue-0,6,main])
Scarab: Sending over socket: {"op":"publish","topic":"/scarab/lucy/cmd_vel","msg":{"angular":{"x":0,"y":0,"z":-0.728536376953125},"linear":{"x":0,"y":0,"z":0}}} (Thread[AWT-EventQueue-0,6,main])
Scarab: Sending over socket: {"op":"publish","topic":"/scarab/lucy/cmd_vel","msg":{"angular":{"x":0,"y":0,"z":-1.1892010498046877},"linear":{"x":0,"y":0,"z":0}}} (Thread[AWT-EventQueue-0,6,main])
Scarab: Sending over socket: {"op":"publish","topic":"/scarab/lucy/cmd_vel","msg":{"angular":{"x":0,"y":0,"z":0.49216186523437494},"linear":{"x":0,"y":0,"z":0}}} (Thread[AWT-EventQueue-0,6,main])
Scarab: Sending over socket: {"op":"publish","topic":"/scarab/lucy/cmd_vel","msg":{"angular":{"x":0,"y":0,"z":-1.677319742838542},"linear":{"x":0,"y":0,"z":0}}} (Thread[AWT-EventQueue-0,6,main])
Scarab: Sending over socket: {"op":"publish","topic":"/scarab/lucy/cmd_vel","msg":{"angular":{"x":0,"y":0,"z":-0.23185221354166669},"linear":{"x":0,"y":0,"z":0}}} (Thread[AWT-EventQueue-0,6,main])
Scarab: Sending over socket: {"op":"publish","topic":"/scarab/lucy/cmd_vel","msg":{"angular":{"x":0,"y":0,"z":0.2978474934895833},"linear":{"x":0,"y":0,"z":0}}} (Thread[AWT-EventQueue-0,6,main])
Scarab: Sending over socket: {"op":"publish","topic":"/scarab/lucy/cmd_vel","msg":{"angular":{"x":0,"y":0,"z":-0.159749755859375},"linear":{"x":0,"y":0,"z":0}}} (Thread[AWT-EventQueue-0,6,main])
Scarab: Sending over socket: {"op":"publish","topic":"/scarab/lucy/cmd_vel","msg":{"angular":{"x":0,"y":0,"z":-0.23477864583333333},"linear":{"x":0,"y":0,"z":0}}} (Thread[AWT-EventQueue-0,6,main])
Scarab: Sending over socket: {"op":"publish","topic":"/scarab/lucy/cmd_vel","msg":{"angular":{"x":0,"y":0,"z":-0.0719085693359375},"linear":{"x":0,"y":0,"z":0}}} (Thread[AWT-EventQueue-0,6,main])
Scarab: Sending over socket: {"op":"publish","topic":"/scarab/lucy/cmd_vel","msg":{"angular":{"x":0,"y":0,"z":1.12113037109375},"linear":{"x":0,"y":0,"z":0}}} (Thread[AWT-EventQueue-0,6,main])
Scarab: Sending over socket: {"op":"publish","topic":"/scarab/lucy/cmd_vel","msg":{"angular":{"x":0,"y":0,"z":1.6335534667968752},"linear":{"x":0,"y":0,"z":0}}} (Thread[AWT-EventQueue-0,6,main])
Scarab: Sending over socket: {"op":"publish","topic":"/scarab/lucy/cmd_vel","msg":{"angular":{"x":0,"y":0,"z":1.4509456380208334},"linear":{"x":0,"y":0,"z":0}}} (Thread[AWT-EventQueue-0,6,main])
Scarab: Sending over socket: {"op":"publish","topic":"/scarab/lucy/cmd_vel","msg":{"angular":{"x":0,"y":0,"z":-0.2665679931640625},"linear":{"x":0,"y":0,"z":0}}} (Thread[AWT-EventQueue-0,6,main])
Scarab: Sending over socket: {"op":"publish","topic":"/scarab/lucy/cmd_vel","msg":{"angular":{"x":0,"y":0,"z":-0.9862750244140626},"linear":{"x":0,"y":0,"z":0}}} (Thread[AWT-EventQueue-0,6,main])
Scarab: Sending over socket: {"op":"publish","topic":"/scarab/lucy/cmd_vel","msg":{"angular":{"x":0,"y":0,"z":-3.546474609375001},"linear":{"x":0,"y":0,"z":0}}} (Thread[AWT-EventQueue-0,6,main])
Scarab: Sending over socket: {"op":"publish","topic":"/scarab/lucy/cmd_vel","msg":{"angular":{"x":0,"y":0,"z":-1.8475219726562504},"linear":{"x":0,"y":0,"z":0}}} (Thread[AWT-EventQueue-0,6,main])
Scarab: Sending over socket: {"op":"publish","topic":"/scarab/lucy/cmd_vel","msg":{"angular":{"x":0,"y":0,"z":0.24405598958333333},"linear":{"x":0,"y":0,"z":0}}} (Thread[AWT-EventQueue-0,6,main])
Scarab: Sending over socket: {"op":"publish","topic":"/scarab/lucy/cmd_vel","msg":{"angular":{"x":0,"y":0,"z":-1.9558044433593753},"linear":{"x":0,"y":0,"z":0}}} (Thread[AWT-EventQueue-0,6,main])
Scarab: Sending over socket: {"op":"publish","topic":"/scarab/lucy/cmd_vel","msg":{"angular":{"x":0,"y":0,"z":-2.3571014404296875},"linear":{"x":0,"y":0,"z":0}}} (Thread[AWT-EventQueue-0,6,main])
Scarab: Sending over socket: {"op":"publish","topic":"/scarab/lucy/cmd_vel","msg":{"angular":{"x":0,"y":0,"z":1.808042195638021},"linear":{"x":0,"y":0,"z":0}}} (Thread[AWT-EventQueue-0,6,main])
Scarab: Sending over socket: {"op":"publish","topic":"/scarab/lucy/cmd_vel","msg":{"angular":{"x":0,"y":0,"z":-1.3415366617838542},"linear":{"x":0,"y":0,"z":0}}} (Thread[AWT-EventQueue-0,6,main])
Scarab: Sending over socket: {"op":"publish","topic":"/scarab/lucy/cmd_vel","msg":{"angular":{"x":0,"y":0,"z":-0.52523193359375},"linear":{"x":0,"y":0,"z":0}}} (Thread[AWT-EventQueue-0,6,main])
Scarab: Sending over socket: {"op":"publish","topic":"/scarab/lucy/cmd_vel","msg":{"angular":{"x":0,"y":0,"z":0.585465087890625},"linear":{"x":0,"y":0,"z":0}}} (Thread[AWT-EventQueue-0,6,main])
Scarab: Sending over socket: {"op":"publish","topic":"/scarab/lucy/cmd_vel","msg":{"angular":{"x":0,"y":0,"z":-0.457855224609375},"linear":{"x":0,"y":0,"z":0}}} (Thread[AWT-EventQueue-0,6,main])
Scarab: Sending over socket: {"op":"publish","topic":"/scarab/lucy/cmd_vel","msg":{"angular":{"x":0,"y":0,"z":-0.6030078125},"linear":{"x":0,"y":0,"z":0}}} (Thread[AWT-EventQueue-0,6,main])
Scarab: Sending over socket: {"op":"publish","topic":"/scarab/lucy/cmd_vel","msg":{"angular":{"x":0,"y":0,"z":-1.5490091959635417},"linear":{"x":0,"y":0,"z":0}}} (Thread[AWT-EventQueue-0,6,main])
Scarab: Sending over socket: {"op":"publish","topic":"/scarab/lucy/cmd_vel","msg":{"angular":{"x":0,"y":0,"z":-1.2435262044270834},"linear":{"x":0,"y":0,"z":0}}} (Thread[AWT-EventQueue-0,6,main])
Scarab: Sending over socket: {"op":"publish","topic":"/scarab/lucy/cmd_vel","msg":{"angular":{"x":0,"y":0,"z":1.4979913330078127},"linear":{"x":0,"y":0,"z":0}}} (Thread[AWT-EventQueue-0,6,main])
Scarab: Sending over socket: {"op":"publish","topic":"/scarab/lucy/cmd_vel","msg":{"angular":{"x":0,"y":0,"z":1.1449568684895834},"linear":{"x":0,"y":0,"z":0}}} (Thread[AWT-EventQueue-0,6,main])
Scarab: Sending over socket: {"op":"publish","topic":"/scarab/lucy/cmd_vel","msg":{"angular":{"x":0,"y":0,"z":1.2504427083333334},"linear":{"x":0,"y":0,"z":0}}} (Thread[AWT-EventQueue-0,6,main])
Scarab: Sending over socket: {"op":"publish","topic":"/scarab/lucy/cmd_vel","msg":{"angular":{"x":0,"y":0,"z":-0.24777343750000003},"linear":{"x":0,"y":0,"z":0}}} (Thread[AWT-EventQueue-0,6,main])
Scarab: Sending over socket: {"op":"publish","topic":"/scarab/lucy/cmd_vel","msg":{"angular":{"x":0,"y":0,"z":-0.20602376302083333},"linear":{"x":0,"y":0,"z":0}}} (Thread[AWT-EventQueue-0,6,main])
Scarab: Sending over socket: {"op":"publish","topic":"/scarab/lucy/cmd_vel","msg":{"angular":{"x":0,"y":0,"z":2.126215413411458},"linear":{"x":0,"y":0,"z":0}}} (Thread[AWT-EventQueue-0,6,main])
Scarab: Sending over socket: {"op":"publish","topic":"/scarab/lucy/cmd_vel","msg":{"angular":{"x":0,"y":0,"z":0.4517181396484375},"linear":{"x":0,"y":0,"z":0}}} (Thread[AWT-EventQueue-0,6,main])
Scarab: Sending over socket: {"op":"publish","topic":"/scarab/lucy/cmd_vel","msg":{"angular":{"x":0,"y":0,"z":-0.6443033854166668},"linear":{"x":0,"y":0,"z":0}}} (Thread[AWT-EventQueue-0,6,main])
Scarab: Sending over socket: {"op":"publish","topic":"/scarab/lucy/cmd_vel","msg":{"angular":{"x":0,"y":0,"z":-1.7456404622395834},"linear":{"x":0,"y":0,"z":0}}} (Thread[AWT-EventQueue-0,6,main])
Scarab: Sending over socket: {"op":"publish","topic":"/scarab/lucy/cmd_vel","msg":{"angular":{"x":0,"y":0,"z":-0.883721923828125},"linear":{"x":0,"y":0,"z":0}}} (Thread[AWT-EventQueue-0,6,main])
Scarab: Sending over socket: {"op":"publish","topic":"/scarab/lucy/cmd_vel","msg":{"angular":{"x":0,"y":0,"z":-0.6103771972656251},"linear":{"x":0,"y":0,"z":0}}} (Thread[AWT-EventQueue-0,6,main])
Scarab: Sending over socket: {"op":"publish","topic":"/scarab/lucy/cmd_vel","msg":{"angular":{"x":0,"y":0,"z":-0.7847660319010418},"linear":{"x":0,"y":0,"z":0}}} (Thread[AWT-EventQueue-0,6,main])
Scarab: Sending over socket: {"op":"publish","topic":"/scarab/lucy/cmd_vel","msg":{"angular":{"x":0,"y":0,"z":-0.9086130777994793},"linear":{"x":0,"y":0,"z":0}}} (Thread[AWT-EventQueue-0,6,main])
Scarab: Sending over socket: {"op":"publish","topic":"/scarab/lucy/cmd_vel","msg":{"angular":{"x":0,"y":0,"z":1.0534749348958334},"linear":{"x":0,"y":0,"z":0}}} (Thread[AWT-EventQueue-0,6,main])
Scarab: Sending over socket: {"op":"publish","topic":"/scarab/lucy/cmd_vel","msg":{"angular":{"x":0,"y":0,"z":2.369553629557292},"linear":{"x":0,"y":0,"z":0}}} (Thread[AWT-EventQueue-0,6,main])
Scarab: Sending over socket: {"op":"publish","topic":"/scarab/lucy/cmd_vel","msg":{"angular":{"x":0,"y":0,"z":0.3500319417317708},"linear":{"x":0,"y":0,"z":0}}} (Thread[AWT-EventQueue-0,6,main])
Scarab: Sending over socket: {"op":"publish","topic":"/scarab/lucy/cmd_vel","msg":{"angular":{"x":0,"y":0,"z":-2.6082820638020836},"linear":{"x":0,"y":0,"z":0}}} (Thread[AWT-EventQueue-0,6,main])
Scarab: Sending over socket: {"op":"publish","topic":"/scarab/lucy/cmd_vel","msg":{"angular":{"x":0,"y":0,"z":1.6835868326822918},"linear":{"x":0,"y":0,"z":0}}} (Thread[AWT-EventQueue-0,6,main])
Scarab: Sending over socket: {"op":"publish","topic":"/scarab/lucy/cmd_vel","msg":{"angular":{"x":0,"y":0,"z":3.116015014648438},"linear":{"x":0,"y":0,"z":0}}} (Thread[AWT-EventQueue-0,6,main])
Scarab: Sending over socket: {"op":"publish","topic":"/scarab/lucy/cmd_vel","msg":{"angular":{"x":0,"y":0,"z":0},"linear":{"x":0,"y":0,"z":0}}} (Thread[AWT-EventQueue-0,6,main])
Scarab: Sending over socket: {"op":"publish","topic":"/scarab/lucy/cmd_vel","msg":{"angular":{"x":0,"y":0,"z":2.149625447591146},"linear":{"x":0,"y":0,"z":0}}} (Thread[AWT-EventQueue-0,6,main])
Scarab: Sending over socket: {"op":"publish","topic":"/scarab/lucy/cmd_vel","msg":{"angular":{"x":0,"y":0,"z":1.24611328125},"linear":{"x":0,"y":0,"z":0}}} (Thread[AWT-EventQueue-0,6,main])
Scarab: Sending over socket: {"op":"publish","topic":"/scarab/lucy/cmd_vel","msg":{"angular":{"x":0,"y":0,"z":0.1006231689453125},"linear":{"x":0,"y":0,"z":0}}} (Thread[AWT-EventQueue-0,6,main])
Scarab: Sending over socket: {"op":"publish","topic":"/scarab/lucy/cmd_vel","msg":{"angular":{"x":0,"y":0,"z":-1.50626953125},"linear":{"x":0,"y":0,"z":0}}} (Thread[AWT-EventQueue-0,6,main])
Scarab: Sending over socket: {"op":"publish","topic":"/scarab/lucy/cmd_vel","msg":{"angular":{"x":0,"y":0,"z":-0.4265380859375},"linear":{"x":0,"y":0,"z":0}}} (Thread[AWT-EventQueue-0,6,main])
Scarab: Sending over socket: {"op":"publish","topic":"/scarab/lucy/cmd_vel","msg":{"angular":{"x":0,"y":0,"z":1.5239713541666666},"linear":{"x":0,"y":0,"z":0}}} (Thread[AWT-EventQueue-0,6,main])
Scarab: Sending over socket: {"op":"publish","topic":"/scarab/lucy/cmd_vel","msg":{"angular":{"x":0,"y":0,"z":-0.05846435546875001},"linear":{"x":0,"y":0,"z":0}}} (Thread[AWT-EventQueue-0,6,main])
Scarab: Sending over socket: {"op":"publish","topic":"/scarab/lucy/cmd_vel","msg":{"angular":{"x":0,"y":0,"z":-0.16196289062500002},"linear":{"x":0,"y":0,"z":0}}} (Thread[AWT-EventQueue-0,6,main])
Scarab: Sending over socket: {"op":"publish","topic":"/scarab/lucy/cmd_vel","msg":{"angular":{"x":0,"y":0,"z":0.45280395507812504},"linear":{"x":0,"y":0,"z":0}}} (Thread[AWT-EventQueue-0,6,main])
Scarab: Sending over socket: {"op":"publish","topic":"/scarab/lucy/cmd_vel","msg":{"angular":{"x":0,"y":0,"z":-2.5720019531250005},"linear":{"x":0,"y":0,"z":0}}} (Thread[AWT-EventQueue-0,6,main])
Scarab: Sending over socket: {"op":"publish","topic":"/scarab/lucy/cmd_vel","msg":{"angular":{"x":0,"y":0,"z":-1.4627636718750001},"linear":{"x":0,"y":0,"z":0}}} (Thread[AWT-EventQueue-0,6,main])
Scarab: Sending over socket: {"op":"publish","topic":"/scarab/lucy/cmd_vel","msg":{"angular":{"x":0,"y":0,"z":-2.5483736165364586},"linear":{"x":0,"y":0,"z":0}}} (Thread[AWT-EventQueue-0,6,main])
Scarab: Sending over socket: {"op":"publish","topic":"/scarab/lucy/cmd_vel","msg":{"angular":{"x":0,"y":0,"z":0.8157735188802084},"linear":{"x":0,"y":0,"z":0}}} (Thread[AWT-EventQueue-0,6,main])
Scarab: Sending over socket: {"op":"publish","topic":"/scarab/lucy/cmd_vel","msg":{"angular":{"x":0,"y":0,"z":-0.862908935546875},"linear":{"x":0,"y":0,"z":0}}} (Thread[AWT-EventQueue-0,6,main])
Scarab: Sending over socket: {"op":"publish","topic":"/scarab/lucy/cmd_vel","msg":{"angular":{"x":0,"y":0,"z":-0.6552716064453125},"linear":{"x":0,"y":0,"z":0}}} (Thread[AWT-EventQueue-0,6,main])
Scarab: Sending over socket: {"op":"publish","topic":"/scarab/lucy/cmd_vel","msg":{"angular":{"x":0,"y":0,"z":-2.302781575520833},"linear":{"x":0,"y":0,"z":0}}} (Thread[AWT-EventQueue-0,6,main])
Scarab: Sending over socket: {"op":"publish","topic":"/scarab/lucy/cmd_vel","msg":{"angular":{"x":0,"y":0,"z":-0.6970263671875001},"linear":{"x":0,"y":0,"z":0}}} (Thread[AWT-EventQueue-0,6,main])
Scarab: Sending over socket: {"op":"publish","topic":"/scarab/lucy/cmd_vel","msg":{"angular":{"x":0,"y":0,"z":-0.32517700195312504},"linear":{"x":0,"y":0,"z":0}}} (Thread[AWT-EventQueue-0,6,main])
ExportHTMLTimer went off after 30000 ms., calling getDirector().finish and getDirector().stopFire()
Scarab: Connection closed because model is no longer running. (Thread[AWT-EventQueue-0,6,main])
Scarab: Connection closed because model is no longer running. (Thread[AWT-EventQueue-0,6,main])
Scarab: Connection closed because model is no longer running. (Thread[AWT-EventQueue-0,6,main])
Scarab: Connection closed because model is no longer running. (Thread[AWT-EventQueue-0,6,main])
Scarab: Connection closed because model is no longer running. (Thread[AWT-EventQueue-0,6,main])
Scarab: Connection closed because model is no longer running. (Thread[AWT-EventQueue-0,6,main])
30111 ms. Memory: 2071040K Free: 208164K (10%)
Exported /home/travis/build/icyphy/ptII/org/terraswarm/accessor/demo/Scarab/Scarab/index.html
38177 ms. Memory: 2071040K Free: 930422K (45%)
####### 81 Fri Jun 01 17:50:12 UTC 2018 $PTII/bin/ptinvoke ptolemy.vergil.basic.export.ExportModel -force htm -run -openComposites -timeOut 30000 -whiteBackground org/terraswarm/accessor/demo/WatchHandRaisingLight/WatchHandRaisingLight.xml $PTII/org/terraswarm/accessor/demo/WatchHandRaisingLight/WatchHandRaisingLight
Running .WatchHandRaisingLight
Hue: Attempting to connect to: http://10.0.0.234/api/EJjyWWrE5qDOqs301OarqVSqp3jfJvaOqiObxMYR/lights/ (Thread[AWT-EventQueue-0,6,main])
Hue: Making an HTTP request. (Thread[AWT-EventQueue-0,6,main])
ExportHTMLTimer went off after 30000 ms., calling getDirector().finish and getDirector().stopFire()
30045 ms. Memory: 2239488K Free: 1034885K (46%)
Exported /home/travis/build/icyphy/ptII/org/terraswarm/accessor/demo/WatchHandRaisingLight/WatchHandRaisingLight/index.html
37324 ms. Memory: 2239488K Free: 984539K (44%)
####### 82 Fri Jun 01 17:50:50 UTC 2018 $PTII/bin/ptinvoke ptolemy.vergil.basic.export.ExportModel -force htm  -openComposites -timeOut 30000 -whiteBackground org/terraswarm/ros/demo/Ros/Ros.xml $PTII/org/terraswarm/ros/demo/Ros/Ros
Warning: not running org/terraswarm/ros/demo/Ros/Ros.xml. See ptolemy/vergil/basic/export/test/junit/ExportModelJUnitTest.java
Exported /home/travis/build/icyphy/ptII/org/terraswarm/ros/demo/Ros/Ros/index.html
3129 ms. Memory: 2239488K Free: 1356536K (61%)
####### 83 Fri Jun 01 17:50:53 UTC 2018 $PTII/bin/ptinvoke ptolemy.vergil.basic.export.ExportModel -force htm  -openComposites -timeOut 30000 -whiteBackground org/terraswarm/ros/demo/Ros/RosPublisher.xml $PTII/org/terraswarm/ros/demo/Ros/RosPublisher
Warning: not running org/terraswarm/ros/demo/Ros/RosPublisher.xml. See ptolemy/vergil/basic/export/test/junit/ExportModelJUnitTest.java
Exported /home/travis/build/icyphy/ptII/org/terraswarm/ros/demo/Ros/RosPublisher/index.html
4059 ms. Memory: 2239488K Free: 1091601K (49%)
####### 84 Fri Jun 01 17:50:57 UTC 2018 $PTII/bin/ptinvoke ptolemy.vergil.basic.export.ExportModel -force htm  -openComposites -timeOut 30000 -whiteBackground org/terraswarm/ros/demo/Ros/RosSubscriber.xml $PTII/org/terraswarm/ros/demo/Ros/RosSubscriber
Warning: not running org/terraswarm/ros/demo/Ros/RosSubscriber.xml. See ptolemy/vergil/basic/export/test/junit/ExportModelJUnitTest.java
Exported /home/travis/build/icyphy/ptII/org/terraswarm/ros/demo/Ros/RosSubscriber/index.html
4154 ms. Memory: 2239488K Free: 1346798K (60%)
####### 85 Fri Jun 01 17:51:01 UTC 2018 $PTII/bin/ptinvoke ptolemy.vergil.basic.export.ExportModel -force htm  -openComposites -timeOut 30000 -whiteBackground org/terraswarm/ros/demo/Ros/ScarabArrowKeyController.xml $PTII/org/terraswarm/ros/demo/Ros/ScarabArrowKeyController
Warning: not running org/terraswarm/ros/demo/Ros/ScarabArrowKeyController.xml. See ptolemy/vergil/basic/export/test/junit/ExportModelJUnitTest.java
Exported /home/travis/build/icyphy/ptII/org/terraswarm/ros/demo/Ros/ScarabArrowKeyController/index.html
5996 ms. Memory: 2239488K Free: 1325553K (59%)
####### 86 Fri Jun 01 17:51:07 UTC 2018 $PTII/bin/ptinvoke ptolemy.vergil.basic.export.ExportModel -force htm  -openComposites -timeOut 30000 -whiteBackground org/terraswarm/ros/demo/Ros/ScarabGoalPublisher.xml $PTII/org/terraswarm/ros/demo/Ros/ScarabGoalPublisher
Warning: not running org/terraswarm/ros/demo/Ros/ScarabGoalPublisher.xml. See ptolemy/vergil/basic/export/test/junit/ExportModelJUnitTest.java
Exported /home/travis/build/icyphy/ptII/org/terraswarm/ros/demo/Ros/ScarabGoalPublisher/index.html
4020 ms. Memory: 2239488K Free: 1028743K (46%)
####### 87 Fri Jun 01 17:51:11 UTC 2018 $PTII/bin/ptinvoke ptolemy.vergil.basic.export.ExportModel -force htm  -openComposites -timeOut 30000 -whiteBackground org/terraswarm/ros/demo/Ros/ScarabHueController.xml $PTII/org/terraswarm/ros/demo/Ros/ScarabHueController
Warning: not running org/terraswarm/ros/demo/Ros/ScarabHueController.xml. See ptolemy/vergil/basic/export/test/junit/ExportModelJUnitTest.java
Exported /home/travis/build/icyphy/ptII/org/terraswarm/ros/demo/Ros/ScarabHueController/index.html
5914 ms. Memory: 2239488K Free: 1033536K (46%)
####### 88 Fri Jun 01 17:51:17 UTC 2018 $PTII/bin/ptinvoke ptolemy.vergil.basic.export.ExportModel -force htm -run -openComposites -timeOut 30000 -whiteBackground ptolemy/actor/gt/demo/BouncingBallX2/BouncingBallX2.xml $PTII/ptolemy/actor/gt/demo/BouncingBallX2/BouncingBallX2
Running .BouncingBallX2
ExportHTMLTimer went off after 30000 ms., calling getDirector().finish and getDirector().stopFire()
29739 ms. Memory: 2228736K Free: 1101105K (49%)
29385 ms. Memory: 2228736K Free: 1101105K (49%)
30017 ms. Memory: 2228736K Free: 1101105K (49%)
Exported /home/travis/build/icyphy/ptII/ptolemy/actor/gt/demo/BouncingBallX2/BouncingBallX2/index.html
34791 ms. Memory: 2228736K Free: 808368K (36%)
####### 89 Fri Jun 01 17:51:52 UTC 2018 $PTII/bin/ptinvoke ptolemy.vergil.basic.export.ExportModel -force htm -run -openComposites -timeOut 30000 -whiteBackground ptolemy/actor/gt/demo/ConstOptimization/ConstOptimization.xml $PTII/ptolemy/actor/gt/demo/ConstOptimization/ConstOptimization
Running .ConstOptimization
6406 ms. Memory: 2248704K Free: 1140428K (51%)
Exported /home/travis/build/icyphy/ptII/ptolemy/actor/gt/demo/ConstOptimization/ConstOptimization/index.html
10980 ms. Memory: 2248704K Free: 1008105K (45%)
####### 90 Fri Jun 01 17:52:03 UTC 2018 $PTII/bin/ptinvoke ptolemy.vergil.basic.export.ExportModel -force htm -run -openComposites -timeOut 30000 -whiteBackground ptolemy/actor/gt/demo/ConstOptimization/ConstOptimizationDDF.xml $PTII/ptolemy/actor/gt/demo/ConstOptimization/ConstOptimizationDDF
Running .ConstOptimizationDDF
6591 ms. Memory: 2248704K Free: 739034K (33%)
Exported /home/travis/build/icyphy/ptII/ptolemy/actor/gt/demo/ConstOptimization/ConstOptimizationDDF/index.html
10953 ms. Memory: 2238464K Free: 1195644K (53%)
####### 91 Fri Jun 01 17:52:14 UTC 2018 $PTII/bin/ptinvoke ptolemy.vergil.basic.export.ExportModel -force htm -run -openComposites -timeOut 30000 -whiteBackground ptolemy/actor/gt/demo/ConstOptimization/ConstOptimizationDE.xml $PTII/ptolemy/actor/gt/demo/ConstOptimization/ConstOptimizationDE
Running .ConstOptimizationDE
6417 ms. Memory: 2238464K Free: 886365K (40%)
Exported /home/travis/build/icyphy/ptII/ptolemy/actor/gt/demo/ConstOptimization/ConstOptimizationDE/index.html
10840 ms. Memory: 2212864K Free: 1255111K (57%)
####### 92 Fri Jun 01 17:52:24 UTC 2018 $PTII/bin/ptinvoke ptolemy.vergil.basic.export.ExportModel -force htm -run -openComposites -timeOut 30000 -whiteBackground ptolemy/actor/gt/demo/DiningPhilosophers/DiningPhilosophers.xml $PTII/ptolemy/actor/gt/demo/DiningPhilosophers/DiningPhilosophers
Running .DiningPhilosophers
236 ms. Memory: 2212864K Free: 1007216K (46%)
Exported /home/travis/build/icyphy/ptII/ptolemy/actor/gt/demo/DiningPhilosophers/DiningPhilosophers/index.html
4600 ms. Memory: 2212864K Free: 703222K (32%)
####### 93 Fri Jun 01 17:52:29 UTC 2018 $PTII/bin/ptinvoke ptolemy.vergil.basic.export.ExportModel -force htm -run -openComposites -timeOut 30000 -whiteBackground ptolemy/actor/gt/demo/GameOfLife/GameOfLife.xml $PTII/ptolemy/actor/gt/demo/GameOfLife/GameOfLife
Running .GameOfLife
608 ms. Memory: 2236416K Free: 719095K (32%)
Exported /home/travis/build/icyphy/ptII/ptolemy/actor/gt/demo/GameOfLife/GameOfLife/index.html
7386 ms. Memory: 2232832K Free: 833468K (37%)
####### 94 Fri Jun 01 17:52:36 UTC 2018 $PTII/bin/ptinvoke ptolemy.vergil.basic.export.ExportModel -force htm  -openComposites -timeOut 30000 -whiteBackground ptolemy/actor/gt/demo/HierarchyFlattening/HierarchyFlattening.xml $PTII/ptolemy/actor/gt/demo/HierarchyFlattening/HierarchyFlattening
Warning: not running ptolemy/actor/gt/demo/HierarchyFlattening/HierarchyFlattening.xml. See ptolemy/vergil/basic/export/test/junit/ExportModelJUnitTest.java
Exported /home/travis/build/icyphy/ptII/ptolemy/actor/gt/demo/HierarchyFlattening/HierarchyFlattening/index.html
3269 ms. Memory: 2243584K Free: 1140294K (51%)
####### 95 Fri Jun 01 17:52:40 UTC 2018 $PTII/bin/ptinvoke ptolemy.vergil.basic.export.ExportModel -force htm -run -openComposites -timeOut 30000 -whiteBackground ptolemy/actor/gt/demo/MapReduce/MapReduce.xml $PTII/ptolemy/actor/gt/demo/MapReduce/MapReduce
Running .MapReduce
79 ms. Memory: 2243584K Free: 600286K (27%)
Exported /home/travis/build/icyphy/ptII/ptolemy/actor/gt/demo/MapReduce/MapReduce/index.html
5204 ms. Memory: 2232320K Free: 1068405K (48%)
####### 96 Fri Jun 01 17:52:45 UTC 2018 $PTII/bin/ptinvoke ptolemy.vergil.basic.export.ExportModel -force htm  -openComposites -timeOut 30000 -whiteBackground ptolemy/actor/gt/demo/MapReduce/MapReduceDDF.xml $PTII/ptolemy/actor/gt/demo/MapReduce/MapReduceDDF
Warning: not running ptolemy/actor/gt/demo/MapReduce/MapReduceDDF.xml. See ptolemy/vergil/basic/export/test/junit/ExportModelJUnitTest.java
Exported /home/travis/build/icyphy/ptII/ptolemy/actor/gt/demo/MapReduce/MapReduceDDF/index.html
8855 ms. Memory: 2276352K Free: 760075K (33%)
####### 97 Fri Jun 01 17:52:54 UTC 2018 $PTII/bin/ptinvoke ptolemy.vergil.basic.export.ExportModel -force htm -run -openComposites -timeOut 30000 -whiteBackground ptolemy/actor/gt/demo/ModelExecution/ModelExecution.xml $PTII/ptolemy/actor/gt/demo/ModelExecution/ModelExecution
Running .ModelExecution
9 ms. Memory: 2276352K Free: 577761K (25%)
3 ms. Memory: 2276352K Free: 577747K (25%)
2 ms. Memory: 2276352K Free: 577743K (25%)
2 ms. Memory: 2276352K Free: 561322K (25%)
2 ms. Memory: 2276352K Free: 561308K (25%)
1 ms. Memory: 2276352K Free: 561301K (25%)
1 ms. Memory: 2276352K Free: 561287K (25%)
1 ms. Memory: 2276352K Free: 561273K (25%)
1 ms. Memory: 2276352K Free: 561269K (25%)
2 ms. Memory: 2276352K Free: 561255K (25%)
9006 ms. Memory: 2276352K Free: 561248K (25%)
Exported /home/travis/build/icyphy/ptII/ptolemy/actor/gt/demo/ModelExecution/ModelExecution/index.html
Warning: LinkToOpenTableaux._provideEachAttribute() .ModelExecution._Controller.InitModel, an open effigy was null?
Warning: LinkToOpenTableaux._provideEachAttribute() .ModelExecution._Controller.Execute, an open effigy was null?
Warning: LinkToOpenTableaux._provideEachAttribute() .ModelExecution._Controller.SetConstValue, an open effigy was null?
Warning: LinkToOpenTableaux._provideEachAttribute() .ModelExecution._Controller.View, an open effigy was null?
Warning: LinkToOpenTableaux._provideEachAttribute() .ModelExecution._Controller.CreateModel, an open effigy was null?
13302 ms. Memory: 2290688K Free: 1205499K (53%)
####### 98 Fri Jun 01 17:53:07 UTC 2018 $PTII/bin/ptinvoke ptolemy.vergil.basic.export.ExportModel -force htm -run -openComposites -timeOut 30000 -whiteBackground ptolemy/actor/gt/demo/ModelGeneration/ModelGeneration.xml $PTII/ptolemy/actor/gt/demo/ModelGeneration/ModelGeneration
Running .ModelGeneration
63 ms. Memory: 2290688K Free: 988516K (43%)
Exported /home/travis/build/icyphy/ptII/ptolemy/actor/gt/demo/ModelGeneration/ModelGeneration/index.html
4367 ms. Memory: 2290688K Free: 751793K (33%)
####### 99 Fri Jun 01 17:53:11 UTC 2018 $PTII/bin/ptinvoke ptolemy.vergil.basic.export.ExportModel -force htm -run -openComposites -timeOut 30000 -whiteBackground ptolemy/actor/gt/demo/ModelGeneration/ModelGenerationDE.xml $PTII/ptolemy/actor/gt/demo/ModelGeneration/ModelGenerationDE
Running .ModelGenerationDE
78 ms. Memory: 2290688K Free: 535468K (23%)
Exported /home/travis/build/icyphy/ptII/ptolemy/actor/gt/demo/ModelGeneration/ModelGenerationDE/index.html
4450 ms. Memory: 2307584K Free: 1144059K (50%)
####### 100 Fri Jun 01 17:53:16 UTC 2018 $PTII/bin/ptinvoke ptolemy.vergil.basic.export.ExportModel -force htm  -openComposites -timeOut 30000 -whiteBackground ptolemy/actor/gt/demo/PublisherTest/PublisherTest.xml $PTII/ptolemy/actor/gt/demo/PublisherTest/PublisherTest
Warning: not running ptolemy/actor/gt/demo/PublisherTest/PublisherTest.xml. See ptolemy/vergil/basic/export/test/junit/ExportModelJUnitTest.java
Exported /home/travis/build/icyphy/ptII/ptolemy/actor/gt/demo/PublisherTest/PublisherTest/index.html
3277 ms. Memory: 2307584K Free: 903545K (39%)
####### 101 Fri Jun 01 17:53:19 UTC 2018 $PTII/bin/ptinvoke ptolemy.vergil.basic.export.ExportModel -force htm -run -openComposites -timeOut 30000 -whiteBackground ptolemy/actor/gt/demo/RegressionTest/RegressionTest.xml $PTII/ptolemy/actor/gt/demo/RegressionTest/RegressionTest
Running .RegressionTest
22 ms. Memory: 2307584K Free: 611822K (27%)
Exported /home/travis/build/icyphy/ptII/ptolemy/actor/gt/demo/RegressionTest/RegressionTest/index.html
4345 ms. Memory: 2307584K Free: 592378K (26%)
####### 102 Fri Jun 01 17:53:23 UTC 2018 $PTII/bin/ptinvoke ptolemy.vergil.basic.export.ExportModel -force htm -run -openComposites -timeOut 30000 -whiteBackground ptolemy/actor/gt/demo/SinewaveOptimization/Sinewave.xml $PTII/ptolemy/actor/gt/demo/SinewaveOptimization/Sinewave
Running .Sinewave
24 ms. Memory: 2307584K Free: 482472K (21%)
Exported /home/travis/build/icyphy/ptII/ptolemy/actor/gt/demo/SinewaveOptimization/Sinewave/index.html
4183 ms. Memory: 2307584K Free: 444839K (19%)
####### 103 Fri Jun 01 17:53:28 UTC 2018 $PTII/bin/ptinvoke ptolemy.vergil.basic.export.ExportModel -force htm -run -openComposites -timeOut 30000 -whiteBackground ptolemy/actor/gt/demo/SinewaveOptimization/SinewaveOptimization.xml $PTII/ptolemy/actor/gt/demo/SinewaveOptimization/SinewaveOptimization
Running .SinewaveOptimization
2413 ms. Memory: 2328576K Free: 1109627K (48%)
Exported /home/travis/build/icyphy/ptII/ptolemy/actor/gt/demo/SinewaveOptimization/SinewaveOptimization/index.html
6957 ms. Memory: 2328576K Free: 904820K (39%)
####### 104 Fri Jun 01 17:53:35 UTC 2018 $PTII/bin/ptinvoke ptolemy.vergil.basic.export.ExportModel -force htm -run -openComposites -timeOut 30000 -whiteBackground ptolemy/actor/lib/aspect/demo/CanBus/CanBus.xml $PTII/ptolemy/actor/lib/aspect/demo/CanBus/CanBus
Running .CanBus
10 ms. Memory: 2328576K Free: 794633K (34%)
Exported /home/travis/build/icyphy/ptII/ptolemy/actor/lib/aspect/demo/CanBus/CanBus/index.html
4200 ms. Memory: 2328576K Free: 665701K (29%)
####### 105 Fri Jun 01 17:53:39 UTC 2018 $PTII/bin/ptinvoke ptolemy.vergil.basic.export.ExportModel -force htm -run -openComposites -timeOut 30000 -whiteBackground ptolemy/actor/lib/aspect/demo/CarTrackingAttackModeling/CarTrackingAttackModeling.xml $PTII/ptolemy/actor/lib/aspect/demo/CarTrackingAttackModeling/CarTrackingAttackModeling
Running .CarTrackingAttackModeling
992 ms. Memory: 2342400K Free: 1133381K (48%)
Exported /home/travis/build/icyphy/ptII/ptolemy/actor/lib/aspect/demo/CarTrackingAttackModeling/CarTrackingAttackModeling/index.html
7494 ms. Memory: 2363904K Free: 1301596K (55%)
####### 106 Fri Jun 01 17:53:46 UTC 2018 $PTII/bin/ptinvoke ptolemy.vergil.basic.export.ExportModel -force htm -run -openComposites -timeOut 30000 -whiteBackground ptolemy/actor/lib/aspect/demo/CompositeQM/CompositeQM.xml $PTII/ptolemy/actor/lib/aspect/demo/CompositeQM/CompositeQM
Running .CompositeQM
17 ms. Memory: 2363904K Free: 1161137K (49%)
Exported /home/travis/build/icyphy/ptII/ptolemy/actor/lib/aspect/demo/CompositeQM/CompositeQM/index.html
4258 ms. Memory: 2363904K Free: 1041137K (44%)
####### 107 Fri Jun 01 17:53:51 UTC 2018 $PTII/bin/ptinvoke ptolemy.vergil.basic.export.ExportModel -force htm -run -openComposites -timeOut 30000 -whiteBackground ptolemy/actor/lib/aspect/demo/DE/DE.xml $PTII/ptolemy/actor/lib/aspect/demo/DE/DE
Running .DE
WARNING: The execution aspects in this model can influence the timing of actors by delaying the 
execution, potentially changing the behavior. There is no guarantee that actors fire at the 
time they request to be fired. 
Use Ptides for deterministic DE behavior that is not influenced by execution aspects. 

23 ms. Memory: 2363904K Free: 920422K (39%)
Exported /home/travis/build/icyphy/ptII/ptolemy/actor/lib/aspect/demo/DE/DE/index.html
4210 ms. Memory: 2363904K Free: 820193K (35%)
####### 108 Fri Jun 01 17:53:55 UTC 2018 $PTII/bin/ptinvoke ptolemy.vergil.basic.export.ExportModel -force htm -run -openComposites -timeOut 30000 -whiteBackground ptolemy/actor/lib/aspect/demo/DE/DE2.xml $PTII/ptolemy/actor/lib/aspect/demo/DE/DE2
Running .DE2
WARNING: The execution aspects in this model can influence the timing of actors by delaying the 
execution, potentially changing the behavior. There is no guarantee that actors fire at the 
time they request to be fired. 
Use Ptides for deterministic DE behavior that is not influenced by execution aspects. 

51 ms. Memory: 2363904K Free: 503394K (21%)
Exported /home/travis/build/icyphy/ptII/ptolemy/actor/lib/aspect/demo/DE/DE2/index.html
4708 ms. Memory: 2390528K Free: 1268686K (53%)
####### 109 Fri Jun 01 17:54:00 UTC 2018 $PTII/bin/ptinvoke ptolemy.vergil.basic.export.ExportModel -force htm -run -openComposites -timeOut 30000 -whiteBackground ptolemy/actor/lib/aspect/demo/MonitorExecutionTimes/MonitorExecutionTimes.xml $PTII/ptolemy/actor/lib/aspect/demo/MonitorExecutionTimes/MonitorExecutionTimes
Running .MonitorExecutionTimes
WARNING: The execution aspects in this model can influence the timing of actors by delaying the 
execution, potentially changing the behavior. There is no guarantee that actors fire at the 
time they request to be fired. 
Use Ptides for deterministic DE behavior that is not influenced by execution aspects. 

42 ms. Memory: 2390528K Free: 1117392K (47%)
Exported /home/travis/build/icyphy/ptII/ptolemy/actor/lib/aspect/demo/MonitorExecutionTimes/MonitorExecutionTimes/index.html
4255 ms. Memory: 2390528K Free: 1030697K (43%)
####### 110 Fri Jun 01 17:54:04 UTC 2018 $PTII/bin/ptinvoke ptolemy.vergil.basic.export.ExportModel -force htm -run -openComposites -timeOut 30000 -whiteBackground ptolemy/actor/lib/colt/demo/ColtRandom/ColtRandom.xml $PTII/ptolemy/actor/lib/colt/demo/ColtRandom/ColtRandom
Running .ColtRandom
221 ms. Memory: 2390528K Free: 687865K (29%)
Exported /home/travis/build/icyphy/ptII/ptolemy/actor/lib/colt/demo/ColtRandom/ColtRandom/index.html
4464 ms. Memory: 2390528K Free: 576501K (24%)
####### 111 Fri Jun 01 17:54:08 UTC 2018 $PTII/bin/ptinvoke ptolemy.vergil.basic.export.ExportModel -force htm -run -openComposites -timeOut 30000 -whiteBackground ptolemy/actor/lib/comm/demo/ConvolutionalCoder/ConvolutionalCoder.xml $PTII/ptolemy/actor/lib/comm/demo/ConvolutionalCoder/ConvolutionalCoder
Running .ConvolutionalCoder
168 ms. Memory: 2390528K Free: 404702K (17%)
Exported /home/travis/build/icyphy/ptII/ptolemy/actor/lib/comm/demo/ConvolutionalCoder/ConvolutionalCoder/index.html
4416 ms. Memory: 2411008K Free: 1381670K (57%)
####### 112 Fri Jun 01 17:54:13 UTC 2018 $PTII/bin/ptinvoke ptolemy.vergil.basic.export.ExportModel -force htm -run -openComposites -timeOut 30000 -whiteBackground ptolemy/actor/lib/comm/demo/HuffmanDecoder/HuffmanDecoder.xml $PTII/ptolemy/actor/lib/comm/demo/HuffmanDecoder/HuffmanDecoder
Running .HuffmanDecoder
110 ms. Memory: 2411008K Free: 1252888K (52%)
Exported /home/travis/build/icyphy/ptII/ptolemy/actor/lib/comm/demo/HuffmanDecoder/HuffmanDecoder/index.html
4295 ms. Memory: 2411008K Free: 1209113K (50%)
####### 113 Fri Jun 01 17:54:17 UTC 2018 $PTII/bin/ptinvoke ptolemy.vergil.basic.export.ExportModel -force htm -run -openComposites -timeOut 30000 -whiteBackground ptolemy/actor/lib/comm/demo/Scrambler/Scrambler.xml $PTII/ptolemy/actor/lib/comm/demo/Scrambler/Scrambler
Running .Scrambler
80 ms. Memory: 2411008K Free: 1102049K (46%)
Exported /home/travis/build/icyphy/ptII/ptolemy/actor/lib/comm/demo/Scrambler/Scrambler/index.html
4213 ms. Memory: 2411008K Free: 1037100K (43%)
####### 114 Fri Jun 01 17:54:21 UTC 2018 $PTII/bin/ptinvoke ptolemy.vergil.basic.export.ExportModel -force htm -run -openComposites -timeOut 30000 -whiteBackground ptolemy/actor/lib/comm/demo/TrellisDecoder/TrellisDecoder.xml $PTII/ptolemy/actor/lib/comm/demo/TrellisDecoder/TrellisDecoder
Running .TrellisDecoder
177 ms. Memory: 2411008K Free: 845869K (35%)
Exported /home/travis/build/icyphy/ptII/ptolemy/actor/lib/comm/demo/TrellisDecoder/TrellisDecoder/index.html
4449 ms. Memory: 2411008K Free: 673974K (28%)
####### 115 Fri Jun 01 17:54:26 UTC 2018 $PTII/bin/ptinvoke ptolemy.vergil.basic.export.ExportModel -force htm -run -openComposites -timeOut 30000 -whiteBackground ptolemy/actor/lib/comm/demo/ViterbiDecoder/ViterbiDecoder.xml $PTII/ptolemy/actor/lib/comm/demo/ViterbiDecoder/ViterbiDecoder
Running .ViterbiDecoder
127 ms. Memory: 2411008K Free: 503467K (21%)
Exported /home/travis/build/icyphy/ptII/ptolemy/actor/lib/comm/demo/ViterbiDecoder/ViterbiDecoder/index.html
4343 ms. Memory: 2411008K Free: 392866K (16%)
####### 116 Fri Jun 01 17:54:30 UTC 2018 $PTII/bin/ptinvoke ptolemy.vergil.basic.export.ExportModel -force htm -run -openComposites -timeOut 30000 -whiteBackground ptolemy/actor/lib/database/demo/InteractiveQuery/InteractiveQuery.xml $PTII/ptolemy/actor/lib/database/demo/InteractiveQuery/InteractiveQuery
.InteractiveQuery.InteractiveShell invoked SwingUtilities.invokeAndWait()
Model ".InteractiveQuery" contains actors such cannot be run  as part of the export process from ExportModel or it has a WebExportParameters value that runBeforeExport set to false. To export run this model and export it, use vergil.
Exported /home/travis/build/icyphy/ptII/ptolemy/actor/lib/database/demo/InteractiveQuery/InteractiveQuery/index.html
3227 ms. Memory: 2441728K Free: 1385184K (57%)
####### 117 Fri Jun 01 17:54:33 UTC 2018 $PTII/bin/ptinvoke ptolemy.vergil.basic.export.ExportModel -force htm -run -openComposites -timeOut 30000 -whiteBackground ptolemy/actor/lib/fmi/demo/FMUBouncingBall/FMUBouncingBall.xml $PTII/ptolemy/actor/lib/fmi/demo/FMUBouncingBall/FMUBouncingBall
Running .FMUBouncingBall
92 ms. Memory: 2441728K Free: 1271043K (52%)
Exported /home/travis/build/icyphy/ptII/ptolemy/actor/lib/fmi/demo/FMUBouncingBall/FMUBouncingBall/index.html
4289 ms. Memory: 2441728K Free: 1246806K (51%)
####### 118 Fri Jun 01 17:54:37 UTC 2018 $PTII/bin/ptinvoke ptolemy.vergil.basic.export.ExportModel -force htm -run -openComposites -timeOut 30000 -whiteBackground ptolemy/actor/lib/fmi/demo/FMULevelStairs/FMULevelStairs.xml $PTII/ptolemy/actor/lib/fmi/demo/FMULevelStairs/FMULevelStairs
Running .FMULevelStairs
36 ms. Memory: 2441728K Free: 1154976K (47%)
Exported /home/travis/build/icyphy/ptII/ptolemy/actor/lib/fmi/demo/FMULevelStairs/FMULevelStairs/index.html
4151 ms. Memory: 2441728K Free: 1085408K (44%)
####### 119 Fri Jun 01 17:54:42 UTC 2018 $PTII/bin/ptinvoke ptolemy.vergil.basic.export.ExportModel -force htm  -openComposites -timeOut 30000 -whiteBackground ptolemy/actor/lib/fmi/demo/FMUSimulationX/FMUSimulationX.xml $PTII/ptolemy/actor/lib/fmi/demo/FMUSimulationX/FMUSimulationX
Warning: not running ptolemy/actor/lib/fmi/demo/FMUSimulationX/FMUSimulationX.xml. See ptolemy/vergil/basic/export/test/junit/ExportModelJUnitTest.java
Exported /home/travis/build/icyphy/ptII/ptolemy/actor/lib/fmi/demo/FMUSimulationX/FMUSimulationX/index.html
3236 ms. Memory: 2441728K Free: 898971K (37%)
####### 120 Fri Jun 01 17:54:45 UTC 2018 $PTII/bin/ptinvoke ptolemy.vergil.basic.export.ExportModel -force htm  -openComposites -timeOut 30000 -whiteBackground ptolemy/actor/lib/fmi/demo/FMUSimulationX/FMUSimulationXPIController.xml $PTII/ptolemy/actor/lib/fmi/demo/FMUSimulationX/FMUSimulationXPIController
Warning: not running ptolemy/actor/lib/fmi/demo/FMUSimulationX/FMUSimulationXPIController.xml. See ptolemy/vergil/basic/export/test/junit/ExportModelJUnitTest.java
Exported /home/travis/build/icyphy/ptII/ptolemy/actor/lib/fmi/demo/FMUSimulationX/FMUSimulationXPIController/index.html
3140 ms. Memory: 2441728K Free: 712606K (29%)
####### 121 Fri Jun 01 17:54:48 UTC 2018 $PTII/bin/ptinvoke ptolemy.vergil.basic.export.ExportModel -force htm -run -openComposites -timeOut 30000 -whiteBackground ptolemy/actor/lib/fmi/demo/FMUStairs/FMUStairs.xml $PTII/ptolemy/actor/lib/fmi/demo/FMUStairs/FMUStairs
Running .FMUStairs
51 ms. Memory: 2441728K Free: 598048K (24%)
Exported /home/travis/build/icyphy/ptII/ptolemy/actor/lib/fmi/demo/FMUStairs/FMUStairs/index.html
4186 ms. Memory: 2441728K Free: 504319K (21%)
####### 122 Fri Jun 01 17:54:52 UTC 2018 $PTII/bin/ptinvoke ptolemy.vergil.basic.export.ExportModel -force htm -run -openComposites -timeOut 30000 -whiteBackground ptolemy/actor/lib/fmi/demo/FMUTwoBallCollision/FMUTwoBallCollision.xml $PTII/ptolemy/actor/lib/fmi/demo/FMUTwoBallCollision/FMUTwoBallCollision
Running .FMUTwoBallCollision
72 ms. Memory: 2441728K Free: 298756K (12%)
Exported /home/travis/build/icyphy/ptII/ptolemy/actor/lib/fmi/demo/FMUTwoBallCollision/FMUTwoBallCollision/index.html
4360 ms. Memory: 2459136K Free: 1327915K (54%)
####### 123 Fri Jun 01 17:54:57 UTC 2018 $PTII/bin/ptinvoke ptolemy.vergil.basic.export.ExportModel -force htm  -openComposites -timeOut 30000 -whiteBackground ptolemy/actor/lib/fmi/jni/demo/FourInFourOutsDymola/FourInFourOutsDymola.xml $PTII/ptolemy/actor/lib/fmi/jni/demo/FourInFourOutsDymola/FourInFourOutsDymola
Warning: not running ptolemy/actor/lib/fmi/jni/demo/FourInFourOutsDymola/FourInFourOutsDymola.xml. See ptolemy/vergil/basic/export/test/junit/ExportModelJUnitTest.java
Exported /home/travis/build/icyphy/ptII/ptolemy/actor/lib/fmi/jni/demo/FourInFourOutsDymola/FourInFourOutsDymola/index.html
3335 ms. Memory: 2459136K Free: 939042K (38%)
####### 124 Fri Jun 01 17:55:00 UTC 2018 $PTII/bin/ptinvoke ptolemy.vergil.basic.export.ExportModel -force htm  -openComposites -timeOut 30000 -whiteBackground ptolemy/actor/lib/fmi/jni/demo/FourInFourOutsDymola/FourInFourOutsDymolaJNI.xml $PTII/ptolemy/actor/lib/fmi/jni/demo/FourInFourOutsDymola/FourInFourOutsDymolaJNI
Warning: not running ptolemy/actor/lib/fmi/jni/demo/FourInFourOutsDymola/FourInFourOutsDymolaJNI.xml. See ptolemy/vergil/basic/export/test/junit/ExportModelJUnitTest.java
Exported /home/travis/build/icyphy/ptII/ptolemy/actor/lib/fmi/jni/demo/FourInFourOutsDymola/FourInFourOutsDymolaJNI/index.html
3269 ms. Memory: 2459136K Free: 564443K (23%)
####### 125 Fri Jun 01 17:55:03 UTC 2018 $PTII/bin/ptinvoke ptolemy.vergil.basic.export.ExportModel -force htm  -openComposites -timeOut 30000 -whiteBackground ptolemy/actor/lib/fmi/jni/demo/FourInFourOutsDymola/FourInFourOutsDymolaWindows.xml $PTII/ptolemy/actor/lib/fmi/jni/demo/FourInFourOutsDymola/FourInFourOutsDymolaWindows
Warning: not running ptolemy/actor/lib/fmi/jni/demo/FourInFourOutsDymola/FourInFourOutsDymolaWindows.xml. See ptolemy/vergil/basic/export/test/junit/ExportModelJUnitTest.java
Exported /home/travis/build/icyphy/ptII/ptolemy/actor/lib/fmi/jni/demo/FourInFourOutsDymola/FourInFourOutsDymolaWindows/index.html
3154 ms. Memory: 2459136K Free: 380713K (15%)
####### 126 Fri Jun 01 17:55:06 UTC 2018 $PTII/bin/ptinvoke ptolemy.vergil.basic.export.ExportModel -force htm -run -openComposites -timeOut 30000 -whiteBackground ptolemy/actor/lib/gem5/demo/DramThermalModel/DramThermalModel.xml $PTII/ptolemy/actor/lib/gem5/demo/DramThermalModel/DramThermalModel
Model ".DramThermalModel" contains actors such cannot be run  as part of the export process from ExportModel or it has a WebExportParameters value that runBeforeExport set to false. To export run this model and export it, use vergil.
Exported /home/travis/build/icyphy/ptII/ptolemy/actor/lib/gem5/demo/DramThermalModel/DramThermalModel/index.html
6427 ms. Memory: 2502144K Free: 1216583K (49%)
####### 127 Fri Jun 01 17:55:13 UTC 2018 $PTII/bin/ptinvoke ptolemy.vergil.basic.export.ExportModel -force htm -run -openComposites -timeOut 30000 -whiteBackground ptolemy/actor/lib/hoc/demo/ApplyFFT/ApplyFFT.xml $PTII/ptolemy/actor/lib/hoc/demo/ApplyFFT/ApplyFFT
Running .ApplyFFT
59 ms. Memory: 2502144K Free: 1044785K (42%)
Exported /home/travis/build/icyphy/ptII/ptolemy/actor/lib/hoc/demo/ApplyFFT/ApplyFFT/index.html
4266 ms. Memory: 2502144K Free: 970886K (39%)
####### 128 Fri Jun 01 17:55:17 UTC 2018 $PTII/bin/ptinvoke ptolemy.vergil.basic.export.ExportModel -force htm -run -openComposites -timeOut 30000 -whiteBackground ptolemy/actor/lib/hoc/demo/Case/Case.xml $PTII/ptolemy/actor/lib/hoc/demo/Case/Case
Running .Case
27 ms. Memory: 2502144K Free: 850107K (34%)
Exported /home/travis/build/icyphy/ptII/ptolemy/actor/lib/hoc/demo/Case/Case/index.html
4258 ms. Memory: 2502144K Free: 680620K (27%)
####### 129 Fri Jun 01 17:55:21 UTC 2018 $PTII/bin/ptinvoke ptolemy.vergil.basic.export.ExportModel -force htm -run -openComposites -timeOut 30000 -whiteBackground ptolemy/actor/lib/hoc/demo/DFTSubSet/DFTSubSet.xml $PTII/ptolemy/actor/lib/hoc/demo/DFTSubSet/DFTSubSet
Running .DFTSubSet
197 ms. Memory: 2502144K Free: 487957K (20%)
Exported /home/travis/build/icyphy/ptII/ptolemy/actor/lib/hoc/demo/DFTSubSet/DFTSubSet/index.html
5101 ms. Memory: 2558976K Free: 1135518K (44%)
####### 130 Fri Jun 01 17:55:26 UTC 2018 $PTII/bin/ptinvoke ptolemy.vergil.basic.export.ExportModel -force htm -run -openComposites -timeOut 30000 -whiteBackground ptolemy/actor/lib/hoc/demo/HocDE/HocDE.xml $PTII/ptolemy/actor/lib/hoc/demo/HocDE/HocDE
Running .HocDE
143 ms. Memory: 2558976K Free: 929737K (36%)
Exported /home/travis/build/icyphy/ptII/ptolemy/actor/lib/hoc/demo/HocDE/HocDE/index.html
4601 ms. Memory: 2558976K Free: 520178K (20%)
####### 131 Fri Jun 01 17:55:31 UTC 2018 $PTII/bin/ptinvoke ptolemy.vergil.basic.export.ExportModel -force htm -run -openComposites -timeOut 30000 -whiteBackground ptolemy/actor/lib/hoc/demo/IterateOverArray/IterateOverArray.xml $PTII/ptolemy/actor/lib/hoc/demo/IterateOverArray/IterateOverArray
Running .IterateOverArray
543 ms. Memory: 2558976K Free: 312767K (12%)
Exported /home/travis/build/icyphy/ptII/ptolemy/actor/lib/hoc/demo/IterateOverArray/IterateOverArray/index.html
4802 ms. Memory: 2572288K Free: 1509116K (59%)
####### 132 Fri Jun 01 17:55:36 UTC 2018 $PTII/bin/ptinvoke ptolemy.vergil.basic.export.ExportModel -force htm -run -openComposites -timeOut 30000 -whiteBackground ptolemy/actor/lib/hoc/demo/MobileFunction/MobileFunction.xml $PTII/ptolemy/actor/lib/hoc/demo/MobileFunction/MobileFunction
Running .MobileFunction
15 ms. Memory: 2572288K Free: 1403199K (55%)
Exported /home/travis/build/icyphy/ptII/ptolemy/actor/lib/hoc/demo/MobileFunction/MobileFunction/index.html
4144 ms. Memory: 2572288K Free: 1350472K (53%)
####### 133 Fri Jun 01 17:55:40 UTC 2018 $PTII/bin/ptinvoke ptolemy.vergil.basic.export.ExportModel -force htm -run -openComposites -timeOut 30000 -whiteBackground ptolemy/actor/lib/hoc/demo/ModelReference/ModelReference.xml $PTII/ptolemy/actor/lib/hoc/demo/ModelReference/ModelReference
Running .ModelReference
135 ms. Memory: 2572288K Free: 1170813K (46%)
11 ms. Memory: 2572288K Free: 1170666K (46%)
ExportHTMLTimer went off after 30000 ms., calling getDirector().finish and getDirector().stopFire()
30281 ms. Memory: 2572288K Free: 1168852K (45%)
Exported /home/travis/build/icyphy/ptII/ptolemy/actor/lib/hoc/demo/ModelReference/ModelReference/index.html
34463 ms. Memory: 2572288K Free: 1141643K (44%)
####### 134 Fri Jun 01 17:56:14 UTC 2018 $PTII/bin/ptinvoke ptolemy.vergil.basic.export.ExportModel -force htm -run -openComposites -timeOut 30000 -whiteBackground ptolemy/actor/lib/hoc/demo/ThreadedComposite/BackgroundExecution.xml $PTII/ptolemy/actor/lib/hoc/demo/ThreadedComposite/BackgroundExecution
Running .BackgroundExecution
9006 ms. Memory: 2572288K Free: 1009759K (39%)
Exported /home/travis/build/icyphy/ptII/ptolemy/actor/lib/hoc/demo/ThreadedComposite/BackgroundExecution/index.html
13137 ms. Memory: 2572288K Free: 982548K (38%)
####### 135 Fri Jun 01 17:56:28 UTC 2018 $PTII/bin/ptinvoke ptolemy.vergil.basic.export.ExportModel -force htm -run -openComposites -timeOut 30000 -whiteBackground ptolemy/actor/lib/hoc/demo/ThreadedComposite/ConcurrentChat.xml $PTII/ptolemy/actor/lib/hoc/demo/ThreadedComposite/ConcurrentChat
.ConcurrentChat.ThreadedComposite.InteractiveShell invoked SwingUtilities.invokeAndWait()
Model ".ConcurrentChat" contains actors such cannot be run  as part of the export process from ExportModel or it has a WebExportParameters value that runBeforeExport set to false. To export run this model and export it, use vergil.
Exported /home/travis/build/icyphy/ptII/ptolemy/actor/lib/hoc/demo/ThreadedComposite/ConcurrentChat/index.html
3140 ms. Memory: 2572288K Free: 825263K (32%)
####### 136 Fri Jun 01 17:56:31 UTC 2018 $PTII/bin/ptinvoke ptolemy.vergil.basic.export.ExportModel -force htm -run -openComposites -timeOut 30000 -whiteBackground ptolemy/actor/lib/hoc/demo/ThreadedComposite/MulticoreExecution.xml $PTII/ptolemy/actor/lib/hoc/demo/ThreadedComposite/MulticoreExecution
Running .MulticoreExecution
10034 ms. Memory: 2572288K Free: 667839K (26%)
Exported /home/travis/build/icyphy/ptII/ptolemy/actor/lib/hoc/demo/ThreadedComposite/MulticoreExecution/index.html
14207 ms. Memory: 2572288K Free: 563967K (22%)
####### 137 Fri Jun 01 17:56:45 UTC 2018 $PTII/bin/ptinvoke ptolemy.vergil.basic.export.ExportModel -force htm -run -openComposites -timeOut 30000 -whiteBackground ptolemy/actor/lib/hoc/demo/ThreadedComposite/ParallelExecution.xml $PTII/ptolemy/actor/lib/hoc/demo/ThreadedComposite/ParallelExecution
Running .ParallelExecution
9014 ms. Memory: 2572288K Free: 456101K (18%)
Exported /home/travis/build/icyphy/ptII/ptolemy/actor/lib/hoc/demo/ThreadedComposite/ParallelExecution/index.html
13168 ms. Memory: 2572288K Free: 403352K (16%)
####### 138 Fri Jun 01 17:56:58 UTC 2018 $PTII/bin/ptinvoke ptolemy.vergil.basic.export.ExportModel -force htm -run -openComposites -timeOut 30000 -whiteBackground ptolemy/actor/lib/hoc/demo/ThreadedComposite/SpontaneousSources.xml $PTII/ptolemy/actor/lib/hoc/demo/ThreadedComposite/SpontaneousSources
.SpontaneousSources.ThreadedComposite.InteractiveShell invoked SwingUtilities.invokeAndWait()
Model ".SpontaneousSources" contains actors such cannot be run  as part of the export process from ExportModel or it has a WebExportParameters value that runBeforeExport set to false. To export run this model and export it, use vergil.
Exported /home/travis/build/icyphy/ptII/ptolemy/actor/lib/hoc/demo/ThreadedComposite/SpontaneousSources/index.html
3133 ms. Memory: 2620416K Free: 1582779K (60%)
####### 139 Fri Jun 01 17:57:01 UTC 2018 $PTII/bin/ptinvoke ptolemy.vergil.basic.export.ExportModel -force htm  -openComposites -timeOut 30000 -whiteBackground ptolemy/actor/lib/hoc/demo/ThreadedComposite/ThreadedComposite.xml $PTII/ptolemy/actor/lib/hoc/demo/ThreadedComposite/ThreadedComposite
Warning: not running ptolemy/actor/lib/hoc/demo/ThreadedComposite/ThreadedComposite.xml. See ptolemy/vergil/basic/export/test/junit/ExportModelJUnitTest.java
Exported /home/travis/build/icyphy/ptII/ptolemy/actor/lib/hoc/demo/ThreadedComposite/ThreadedComposite/index.html
3113 ms. Memory: 2620416K Free: 1472658K (56%)
####### 140 Fri Jun 01 17:57:04 UTC 2018 $PTII/bin/ptinvoke ptolemy.vergil.basic.export.ExportModel -force htm  -openComposites -timeOut 30000 -whiteBackground ptolemy/actor/lib/io/comm/demo/SerialConsole/SerialConsole.xml $PTII/ptolemy/actor/lib/io/comm/demo/SerialConsole/SerialConsole
Warning: not running ptolemy/actor/lib/io/comm/demo/SerialConsole/SerialConsole.xml. See ptolemy/vergil/basic/export/test/junit/ExportModelJUnitTest.java
Exported /home/travis/build/icyphy/ptII/ptolemy/actor/lib/io/comm/demo/SerialConsole/SerialConsole/index.html
3167 ms. Memory: 2620416K Free: 1338745K (51%)
####### 141 Fri Jun 01 17:57:08 UTC 2018 $PTII/bin/ptinvoke ptolemy.vergil.basic.export.ExportModel -force htm  -openComposites -timeOut 30000 -whiteBackground ptolemy/actor/lib/io/comm/demo/SerialPort/SerialPort.xml $PTII/ptolemy/actor/lib/io/comm/demo/SerialPort/SerialPort
Warning: not running ptolemy/actor/lib/io/comm/demo/SerialPort/SerialPort.xml. See ptolemy/vergil/basic/export/test/junit/ExportModelJUnitTest.java
Exported /home/travis/build/icyphy/ptII/ptolemy/actor/lib/io/comm/demo/SerialPort/SerialPort/index.html
3125 ms. Memory: 2620416K Free: 1231041K (47%)
####### 142 Fri Jun 01 17:57:11 UTC 2018 $PTII/bin/ptinvoke ptolemy.vergil.basic.export.ExportModel -force htm  -openComposites -timeOut 30000 -whiteBackground ptolemy/actor/lib/io/comm/demo/XBee/XBee.xml $PTII/ptolemy/actor/lib/io/comm/demo/XBee/XBee
Warning: not running ptolemy/actor/lib/io/comm/demo/XBee/XBee.xml. See ptolemy/vergil/basic/export/test/junit/ExportModelJUnitTest.java
Exported /home/travis/build/icyphy/ptII/ptolemy/actor/lib/io/comm/demo/XBee/XBee/index.html
3126 ms. Memory: 2620416K Free: 1070836K (41%)
####### 143 Fri Jun 01 17:57:14 UTC 2018 $PTII/bin/ptinvoke ptolemy.vergil.basic.export.ExportModel -force htm  -openComposites -timeOut 30000 -whiteBackground ptolemy/actor/lib/io/demo/AppendToFile/AppendToFile.xml $PTII/ptolemy/actor/lib/io/demo/AppendToFile/AppendToFile
Warning: not running ptolemy/actor/lib/io/demo/AppendToFile/AppendToFile.xml. See ptolemy/vergil/basic/export/test/junit/ExportModelJUnitTest.java
Exported /home/travis/build/icyphy/ptII/ptolemy/actor/lib/io/demo/AppendToFile/AppendToFile/index.html
3105 ms. Memory: 2620416K Free: 963188K (37%)
####### 144 Fri Jun 01 17:57:17 UTC 2018 $PTII/bin/ptinvoke ptolemy.vergil.basic.export.ExportModel -force htm  -openComposites -timeOut 30000 -whiteBackground ptolemy/actor/lib/io/demo/CopyFile/CopyFile.xml $PTII/ptolemy/actor/lib/io/demo/CopyFile/CopyFile
Warning: not running ptolemy/actor/lib/io/demo/CopyFile/CopyFile.xml. See ptolemy/vergil/basic/export/test/junit/ExportModelJUnitTest.java
Exported /home/travis/build/icyphy/ptII/ptolemy/actor/lib/io/demo/CopyFile/CopyFile/index.html
3103 ms. Memory: 2620416K Free: 854655K (33%)
####### 145 Fri Jun 01 17:57:20 UTC 2018 $PTII/bin/ptinvoke ptolemy.vergil.basic.export.ExportModel -force htm  -openComposites -timeOut 30000 -whiteBackground ptolemy/actor/lib/io/demo/FilePortParameter/FilePortParameter.xml $PTII/ptolemy/actor/lib/io/demo/FilePortParameter/FilePortParameter
Warning: not running ptolemy/actor/lib/io/demo/FilePortParameter/FilePortParameter.xml. See ptolemy/vergil/basic/export/test/junit/ExportModelJUnitTest.java
Exported /home/travis/build/icyphy/ptII/ptolemy/actor/lib/io/demo/FilePortParameter/FilePortParameter/index.html
3134 ms. Memory: 2620416K Free: 694432K (27%)
####### 146 Fri Jun 01 17:57:23 UTC 2018 $PTII/bin/ptinvoke ptolemy.vergil.basic.export.ExportModel -force htm  -openComposites -timeOut 30000 -whiteBackground ptolemy/actor/lib/io/demo/ReadExpressionsCommandLine/ReadExpressionsCommandLine.xml $PTII/ptolemy/actor/lib/io/demo/ReadExpressionsCommandLine/ReadExpressionsCommandLine
Warning: not running ptolemy/actor/lib/io/demo/ReadExpressionsCommandLine/ReadExpressionsCommandLine.xml. See ptolemy/vergil/basic/export/test/junit/ExportModelJUnitTest.java
Exported /home/travis/build/icyphy/ptII/ptolemy/actor/lib/io/demo/ReadExpressionsCommandLine/ReadExpressionsCommandLine/index.html
3105 ms. Memory: 2620416K Free: 560354K (21%)
####### 147 Fri Jun 01 17:57:26 UTC 2018 $PTII/bin/ptinvoke ptolemy.vergil.basic.export.ExportModel -force htm  -openComposites -timeOut 30000 -whiteBackground ptolemy/actor/lib/io/demo/ReadStdIn/ReadStdIn.xml $PTII/ptolemy/actor/lib/io/demo/ReadStdIn/ReadStdIn
Warning: not running ptolemy/actor/lib/io/demo/ReadStdIn/ReadStdIn.xml. See ptolemy/vergil/basic/export/test/junit/ExportModelJUnitTest.java
Exported /home/travis/build/icyphy/ptII/ptolemy/actor/lib/io/demo/ReadStdIn/ReadStdIn/index.html
3100 ms. Memory: 2620416K Free: 450281K (17%)
####### 148 Fri Jun 01 17:57:29 UTC 2018 $PTII/bin/ptinvoke ptolemy.vergil.basic.export.ExportModel -force htm -run -openComposites -timeOut 30000 -whiteBackground ptolemy/actor/lib/jai/demo/AdaptiveMedian/AdaptiveMedian.xml $PTII/ptolemy/actor/lib/jai/demo/AdaptiveMedian/AdaptiveMedian
Running .AdaptiveMedian
767 ms. Memory: 2624512K Free: 1559588K (59%)
Exported /home/travis/build/icyphy/ptII/ptolemy/actor/lib/jai/demo/AdaptiveMedian/AdaptiveMedian/index.html
4911 ms. Memory: 2624512K Free: 1531252K (58%)
####### 149 Fri Jun 01 17:57:34 UTC 2018 $PTII/bin/ptinvoke ptolemy.vergil.basic.export.ExportModel -force htm -run -openComposites -timeOut 30000 -whiteBackground ptolemy/actor/lib/jai/demo/ImageReconstruction/ImageReconstruction.xml $PTII/ptolemy/actor/lib/jai/demo/ImageReconstruction/ImageReconstruction
Running .ImageReconstruction
40 ms. Memory: 2624512K Free: 1423325K (54%)
Exported /home/travis/build/icyphy/ptII/ptolemy/actor/lib/jai/demo/ImageReconstruction/ImageReconstruction/index.html
4198 ms. Memory: 2624512K Free: 1392581K (53%)
####### 150 Fri Jun 01 17:57:38 UTC 2018 $PTII/bin/ptinvoke ptolemy.vergil.basic.export.ExportModel -force htm -run -openComposites -timeOut 30000 -whiteBackground ptolemy/actor/lib/jai/demo/VQSequenceDisplay/VQSequenceDisplay.xml $PTII/ptolemy/actor/lib/jai/demo/VQSequenceDisplay/VQSequenceDisplay
Running .VQSequenceDisplay
619 ms. Memory: 2624512K Free: 1232622K (47%)
Exported /home/travis/build/icyphy/ptII/ptolemy/actor/lib/jai/demo/VQSequenceDisplay/VQSequenceDisplay/index.html
4768 ms. Memory: 2624512K Free: 1177976K (45%)
]]></system-out>
  <system-err><![CDATA[Register Dispose
java.lang.NullPointerException
Register Dispose
java.lang.NullPointerException
Register Dispose
java.lang.NullPointerException
WARNING: Clock: Model stopped before executing actions (e.g. producing outputs) scheduled for execution at times [1.0]
WARNING: Mutable: Model stopped before executing actions (e.g. producing outputs) scheduled for execution at times [1.0]
Mutable: Connection refused.
ptolemy.kernel.util.IllegalActionException: Connection refused.
  in .AugmentedRealityFeedbackBlee.Mutable
Because:
MqttException
	at ptolemy.actor.lib.jjs.HelperBase$2.run(HelperBase.java:213)
	at ptolemy.actor.lib.jjs.JavaScript.fire(JavaScript.java:1060)
	at ptolemy.domains.de.kernel.DEDirector._fire(DEDirector.java:1948)
	at ptolemy.domains.de.kernel.DEDirector.fire(DEDirector.java:502)
	at ptolemy.actor.CompositeActor.fire(CompositeActor.java:455)
	at ptolemy.actor.Manager.iterate(Manager.java:851)
	at ptolemy.actor.Manager.execute(Manager.java:369)
	at ptolemy.vergil.basic.export.ExportModel$2.run(ExportModel.java:390)
	at java.awt.event.InvocationEvent.dispatch(InvocationEvent.java:301)
	at java.awt.EventQueue.dispatchEventImpl(EventQueue.java:756)
	at java.awt.EventQueue.access$500(EventQueue.java:97)
	at java.awt.EventQueue$3.run(EventQueue.java:709)
	at java.awt.EventQueue$3.run(EventQueue.java:703)
	at java.security.AccessController.doPrivileged(Native Method)
	at java.security.ProtectionDomain$JavaSecurityAccessImpl.doIntersectionPrivilege(ProtectionDomain.java:80)
	at java.awt.EventQueue.dispatchEvent(EventQueue.java:726)
	at java.awt.EventDispatchThread.pumpOneEventForFilters(EventDispatchThread.java:201)
	at java.awt.EventDispatchThread.pumpEventsForFilter(EventDispatchThread.java:116)
	at java.awt.EventDispatchThread.pumpEventsForHierarchy(EventDispatchThread.java:105)
	at java.awt.EventDispatchThread.pumpEvents(EventDispatchThread.java:101)
	at java.awt.EventDispatchThread.pumpEvents(EventDispatchThread.java:93)
	at java.awt.EventDispatchThread.run(EventDispatchThread.java:82)
Caused by: MqttException (0) - java.net.UnknownHostException: ThisIsNotAPipeNorIsITheBrokerHostIPAddress.UseSummonToFindALocalBroker
	at org.eclipse.paho.client.mqttv3.internal.ExceptionHelper.createMqttException(ExceptionHelper.java:38)
	at org.eclipse.paho.client.mqttv3.internal.ClientComms$ConnectBG.run(ClientComms.java:715)
	at java.util.concurrent.Executors$RunnableAdapter.call(Executors.java:511)
	at java.util.concurrent.FutureTask.run(FutureTask.java:266)
	at java.util.concurrent.ScheduledThreadPoolExecutor$ScheduledFutureTask.access$201(ScheduledThreadPoolExecutor.java:180)
	at java.util.concurrent.ScheduledThreadPoolExecutor$ScheduledFutureTask.run(ScheduledThreadPoolExecutor.java:293)
	at java.util.concurrent.ThreadPoolExecutor.runWorker(ThreadPoolExecutor.java:1149)
	at java.util.concurrent.ThreadPoolExecutor$Worker.run(ThreadPoolExecutor.java:624)
	at java.lang.Thread.run(Thread.java:748)
Caused by: java.net.UnknownHostException: ThisIsNotAPipeNorIsITheBrokerHostIPAddress.UseSummonToFindALocalBroker
	at java.net.AbstractPlainSocketImpl.connect(AbstractPlainSocketImpl.java:184)
	at java.net.SocksSocketImpl.connect(SocksSocketImpl.java:392)
	at java.net.Socket.connect(Socket.java:589)
	at org.eclipse.paho.client.mqttv3.internal.TCPNetworkModule.start(TCPNetworkModule.java:84)
	at org.eclipse.paho.client.mqttv3.internal.ClientComms$ConnectBG.run(ClientComms.java:701)
	... 7 more
Caused by: MqttException (0) - java.net.UnknownHostException: ThisIsNotAPipeNorIsITheBrokerHostIPAddress.UseSummonToFindALocalBroker
	at org.eclipse.paho.client.mqttv3.internal.ExceptionHelper.createMqttException(ExceptionHelper.java:38)
	at org.eclipse.paho.client.mqttv3.internal.ClientComms$ConnectBG.run(ClientComms.java:715)
	at java.util.concurrent.Executors$RunnableAdapter.call(Executors.java:511)
	at java.util.concurrent.FutureTask.run(FutureTask.java:266)
	at java.util.concurrent.ScheduledThreadPoolExecutor$ScheduledFutureTask.access$201(ScheduledThreadPoolExecutor.java:180)
	at java.util.concurrent.ScheduledThreadPoolExecutor$ScheduledFutureTask.run(ScheduledThreadPoolExecutor.java:293)
	at java.util.concurrent.ThreadPoolExecutor.runWorker(ThreadPoolExecutor.java:1149)
	at java.util.concurrent.ThreadPoolExecutor$Worker.run(ThreadPoolExecutor.java:624)
	at java.lang.Thread.run(Thread.java:748)
Caused by: java.net.UnknownHostException: ThisIsNotAPipeNorIsITheBrokerHostIPAddress.UseSummonToFindALocalBroker
	at java.net.AbstractPlainSocketImpl.connect(AbstractPlainSocketImpl.java:184)
	at java.net.SocksSocketImpl.connect(SocksSocketImpl.java:392)
	at java.net.Socket.connect(Socket.java:589)
	at org.eclipse.paho.client.mqttv3.internal.TCPNetworkModule.start(TCPNetworkModule.java:84)
	at org.eclipse.paho.client.mqttv3.internal.ClientComms$ConnectBG.run(ClientComms.java:701)
	... 7 more
WARNING: Clock: Model stopped before executing actions (e.g. producing outputs) scheduled for execution at times [24.0]
WARNING: Clock: Model stopped before executing actions (e.g. producing outputs) scheduled for execution at times [22.0]
[AWT-EventQueue-0] INFO com.github.sarxos.webcam.Webcam - WebcamDefaultDriver capture driver will be used
[atomic-processor-1] INFO com.github.sarxos.webcam.ds.cgt.WebcamOpenTask - Opening webcam Dummy Webcam 0
[atomic-processor-1] INFO com.github.sarxos.webcam.ds.cgt.WebcamCloseTask - Closing Dummy Webcam 0
WARNING: Camera: Model stopped before executing actions (e.g. producing outputs) scheduled for execution at times [21.076]
[atomic-processor-1] INFO com.github.sarxos.webcam.ds.cgt.WebcamOpenTask - Opening webcam Dummy Webcam 0
[atomic-processor-1] INFO com.github.sarxos.webcam.ds.cgt.WebcamCloseTask - Closing Dummy Webcam 0
WARNING: Camera: Model stopped before executing actions (e.g. producing outputs) scheduled for execution at times [21.419]
WARNING: GenerateLifxAccessors: Model stopped before executing actions (e.g. producing outputs) scheduled for execution at times [7.0, 11.0]
HttpClientHelper.java: Received an error for request 0: io.netty.channel.ConnectTimeoutException: connection timed out: /192.168.1.217:8099
io.netty.channel.ConnectTimeoutException: connection timed out: /192.168.1.217:8099
	at io.netty.channel.nio.AbstractNioChannel$AbstractNioUnsafe$1.run(AbstractNioChannel.java:267)
	at io.netty.util.concurrent.PromiseTask$RunnableAdapter.call(PromiseTask.java:38)
	at io.netty.util.concurrent.ScheduledFutureTask.run(ScheduledFutureTask.java:125)
	at io.netty.util.concurrent.AbstractEventExecutor.safeExecute(AbstractEventExecutor.java:163)
	at io.netty.util.concurrent.SingleThreadEventExecutor.runAllTasks(SingleThreadEventExecutor.java:404)
	at io.netty.channel.nio.NioEventLoop.run(NioEventLoop.java:463)
	at io.netty.util.concurrent.SingleThreadEventExecutor$5.run(SingleThreadEventExecutor.java:886)
	at io.netty.util.concurrent.FastThreadLocalRunnable.run(FastThreadLocalRunnable.java:30)
	at java.lang.Thread.run(Thread.java:748)
HttpClientHelper.java: Received an error for request 1: io.netty.channel.ConnectTimeoutException: connection timed out: /192.168.1.217:8099
io.netty.channel.ConnectTimeoutException: connection timed out: /192.168.1.217:8099
	at io.netty.channel.nio.AbstractNioChannel$AbstractNioUnsafe$1.run(AbstractNioChannel.java:267)
	at io.netty.util.concurrent.PromiseTask$RunnableAdapter.call(PromiseTask.java:38)
	at io.netty.util.concurrent.ScheduledFutureTask.run(ScheduledFutureTask.java:125)
	at io.netty.util.concurrent.AbstractEventExecutor.safeExecute(AbstractEventExecutor.java:163)
	at io.netty.util.concurrent.SingleThreadEventExecutor.runAllTasks(SingleThreadEventExecutor.java:404)
	at io.netty.channel.nio.NioEventLoop.run(NioEventLoop.java:463)
	at io.netty.util.concurrent.SingleThreadEventExecutor$5.run(SingleThreadEventExecutor.java:886)
	at io.netty.util.concurrent.FastThreadLocalRunnable.run(FastThreadLocalRunnable.java:30)
	at java.lang.Thread.run(Thread.java:748)
HttpClientHelper.java: Received an error for request 2: io.netty.channel.ConnectTimeoutException: connection timed out: /192.168.1.217:8099
io.netty.channel.ConnectTimeoutException: connection timed out: /192.168.1.217:8099
	at io.netty.channel.nio.AbstractNioChannel$AbstractNioUnsafe$1.run(AbstractNioChannel.java:267)
	at io.netty.util.concurrent.PromiseTask$RunnableAdapter.call(PromiseTask.java:38)
	at io.netty.util.concurrent.ScheduledFutureTask.run(ScheduledFutureTask.java:125)
	at io.netty.util.concurrent.AbstractEventExecutor.safeExecute(AbstractEventExecutor.java:163)
	at io.netty.util.concurrent.SingleThreadEventExecutor.runAllTasks(SingleThreadEventExecutor.java:404)
	at io.netty.channel.nio.NioEventLoop.run(NioEventLoop.java:463)
	at io.netty.util.concurrent.SingleThreadEventExecutor$5.run(SingleThreadEventExecutor.java:886)
	at io.netty.util.concurrent.FastThreadLocalRunnable.run(FastThreadLocalRunnable.java:30)
	at java.lang.Thread.run(Thread.java:748)
HttpClientHelper.java: Received an error for request 3: io.netty.channel.ConnectTimeoutException: connection timed out: /192.168.1.217:8099
io.netty.channel.ConnectTimeoutException: connection timed out: /192.168.1.217:8099
	at io.netty.channel.nio.AbstractNioChannel$AbstractNioUnsafe$1.run(AbstractNioChannel.java:267)
	at io.netty.util.concurrent.PromiseTask$RunnableAdapter.call(PromiseTask.java:38)
	at io.netty.util.concurrent.ScheduledFutureTask.run(ScheduledFutureTask.java:125)
	at io.netty.util.concurrent.AbstractEventExecutor.safeExecute(AbstractEventExecutor.java:163)
	at io.netty.util.concurrent.SingleThreadEventExecutor.runAllTasks(SingleThreadEventExecutor.java:404)
	at io.netty.channel.nio.NioEventLoop.run(NioEventLoop.java:463)
	at io.netty.util.concurrent.SingleThreadEventExecutor$5.run(SingleThreadEventExecutor.java:886)
	at io.netty.util.concurrent.FastThreadLocalRunnable.run(FastThreadLocalRunnable.java:30)
	at java.lang.Thread.run(Thread.java:748)
HttpClientHelper.java: Received an error for request 4: io.netty.channel.ConnectTimeoutException: connection timed out: /192.168.1.217:8099
io.netty.channel.ConnectTimeoutException: connection timed out: /192.168.1.217:8099
	at io.netty.channel.nio.AbstractNioChannel$AbstractNioUnsafe$1.run(AbstractNioChannel.java:267)
	at io.netty.util.concurrent.PromiseTask$RunnableAdapter.call(PromiseTask.java:38)
	at io.netty.util.concurrent.ScheduledFutureTask.run(ScheduledFutureTask.java:125)
	at io.netty.util.concurrent.AbstractEventExecutor.safeExecute(AbstractEventExecutor.java:163)
	at io.netty.util.concurrent.SingleThreadEventExecutor.runAllTasks(SingleThreadEventExecutor.java:404)
	at io.netty.channel.nio.NioEventLoop.run(NioEventLoop.java:463)
	at io.netty.util.concurrent.SingleThreadEventExecutor$5.run(SingleThreadEventExecutor.java:886)
	at io.netty.util.concurrent.FastThreadLocalRunnable.run(FastThreadLocalRunnable.java:30)
	at java.lang.Thread.run(Thread.java:748)
HttpClientHelper.java: Received an error for request 5: io.netty.channel.ConnectTimeoutException: connection timed out: /192.168.1.217:8099
io.netty.channel.ConnectTimeoutException: connection timed out: /192.168.1.217:8099
	at io.netty.channel.nio.AbstractNioChannel$AbstractNioUnsafe$1.run(AbstractNioChannel.java:267)
	at io.netty.util.concurrent.PromiseTask$RunnableAdapter.call(PromiseTask.java:38)
	at io.netty.util.concurrent.ScheduledFutureTask.run(ScheduledFutureTask.java:125)
	at io.netty.util.concurrent.AbstractEventExecutor.safeExecute(AbstractEventExecutor.java:163)
	at io.netty.util.concurrent.SingleThreadEventExecutor.runAllTasks(SingleThreadEventExecutor.java:404)
	at io.netty.channel.nio.NioEventLoop.run(NioEventLoop.java:463)
	at io.netty.util.concurrent.SingleThreadEventExecutor$5.run(SingleThreadEventExecutor.java:886)
	at io.netty.util.concurrent.FastThreadLocalRunnable.run(FastThreadLocalRunnable.java:30)
	at java.lang.Thread.run(Thread.java:748)
HttpClientHelper.java: Received an error for request 0: io.netty.channel.ConnectTimeoutException: connection timed out: /192.168.1.217:8099
io.netty.channel.ConnectTimeoutException: connection timed out: /192.168.1.217:8099
	at io.netty.channel.nio.AbstractNioChannel$AbstractNioUnsafe$1.run(AbstractNioChannel.java:267)
	at io.netty.util.concurrent.PromiseTask$RunnableAdapter.call(PromiseTask.java:38)
	at io.netty.util.concurrent.ScheduledFutureTask.run(ScheduledFutureTask.java:125)
	at io.netty.util.concurrent.AbstractEventExecutor.safeExecute(AbstractEventExecutor.java:163)
	at io.netty.util.concurrent.SingleThreadEventExecutor.runAllTasks(SingleThreadEventExecutor.java:404)
	at io.netty.channel.nio.NioEventLoop.run(NioEventLoop.java:463)
	at io.netty.util.concurrent.SingleThreadEventExecutor$5.run(SingleThreadEventExecutor.java:886)
	at io.netty.util.concurrent.FastThreadLocalRunnable.run(FastThreadLocalRunnable.java:30)
	at java.lang.Thread.run(Thread.java:748)
[atomic-processor-1] INFO com.github.sarxos.webcam.ds.cgt.WebcamOpenTask - Opening webcam Dummy Webcam 0
[atomic-processor-1] INFO com.github.sarxos.webcam.ds.cgt.WebcamCloseTask - Closing Dummy Webcam 0
HttpClientHelper.java: Received an error for request 0: io.netty.channel.ConnectTimeoutException: connection timed out: /192.168.1.221:80
io.netty.channel.ConnectTimeoutException: connection timed out: /192.168.1.221:80
	at io.netty.channel.nio.AbstractNioChannel$AbstractNioUnsafe$1.run(AbstractNioChannel.java:267)
	at io.netty.util.concurrent.PromiseTask$RunnableAdapter.call(PromiseTask.java:38)
	at io.netty.util.concurrent.ScheduledFutureTask.run(ScheduledFutureTask.java:125)
	at io.netty.util.concurrent.AbstractEventExecutor.safeExecute(AbstractEventExecutor.java:163)
	at io.netty.util.concurrent.SingleThreadEventExecutor.runAllTasks(SingleThreadEventExecutor.java:404)
	at io.netty.channel.nio.NioEventLoop.run(NioEventLoop.java:463)
	at io.netty.util.concurrent.SingleThreadEventExecutor$5.run(SingleThreadEventExecutor.java:886)
	at io.netty.util.concurrent.FastThreadLocalRunnable.run(FastThreadLocalRunnable.java:30)
	at java.lang.Thread.run(Thread.java:748)
Hue: connection timed out: /192.168.1.221:80
[atomic-processor-1] INFO com.github.sarxos.webcam.ds.cgt.WebcamOpenTask - Opening webcam Dummy Webcam 0
HttpClientHelper.java: Received an error for request 0: io.netty.channel.ConnectTimeoutException: connection timed out: /192.168.2.2:80
io.netty.channel.ConnectTimeoutException: connection timed out: /192.168.2.2:80
	at io.netty.channel.nio.AbstractNioChannel$AbstractNioUnsafe$1.run(AbstractNioChannel.java:267)
	at io.netty.util.concurrent.PromiseTask$RunnableAdapter.call(PromiseTask.java:38)
	at io.netty.util.concurrent.ScheduledFutureTask.run(ScheduledFutureTask.java:125)
	at io.netty.util.concurrent.AbstractEventExecutor.safeExecute(AbstractEventExecutor.java:163)
	at io.netty.util.concurrent.SingleThreadEventExecutor.runAllTasks(SingleThreadEventExecutor.java:404)
	at io.netty.channel.nio.NioEventLoop.run(NioEventLoop.java:463)
	at io.netty.util.concurrent.SingleThreadEventExecutor$5.run(SingleThreadEventExecutor.java:886)
	at io.netty.util.concurrent.FastThreadLocalRunnable.run(FastThreadLocalRunnable.java:30)
	at java.lang.Thread.run(Thread.java:748)
Hue: connection timed out: /192.168.2.2:80
[atomic-processor-1] INFO com.github.sarxos.webcam.ds.cgt.WebcamCloseTask - Closing Dummy Webcam 0
[atomic-processor-1] INFO com.github.sarxos.webcam.ds.cgt.WebcamOpenTask - Opening webcam Dummy Webcam 0
HttpClientHelper.java: Received an error for request 0: io.netty.channel.ConnectTimeoutException: connection timed out: /10.0.0.235:80
io.netty.channel.ConnectTimeoutException: connection timed out: /10.0.0.235:80
	at io.netty.channel.nio.AbstractNioChannel$AbstractNioUnsafe$1.run(AbstractNioChannel.java:267)
	at io.netty.util.concurrent.PromiseTask$RunnableAdapter.call(PromiseTask.java:38)
	at io.netty.util.concurrent.ScheduledFutureTask.run(ScheduledFutureTask.java:125)
	at io.netty.util.concurrent.AbstractEventExecutor.safeExecute(AbstractEventExecutor.java:163)
	at io.netty.util.concurrent.SingleThreadEventExecutor.runAllTasks(SingleThreadEventExecutor.java:404)
	at io.netty.channel.nio.NioEventLoop.run(NioEventLoop.java:463)
	at io.netty.util.concurrent.SingleThreadEventExecutor$5.run(SingleThreadEventExecutor.java:886)
	at io.netty.util.concurrent.FastThreadLocalRunnable.run(FastThreadLocalRunnable.java:30)
	at java.lang.Thread.run(Thread.java:748)
[atomic-processor-1] INFO com.github.sarxos.webcam.ds.cgt.WebcamCloseTask - Closing Dummy Webcam 0
WARNING: Camera: Model stopped before executing actions (e.g. producing outputs) scheduled for execution at times [27.885, 16.67, 29.911, 5.4030000000000005, 20.759, 19.740000000000002, 50.316, 31.953, 26.868000000000002, 12.573, 15.636000000000001, 9.487, 37.044000000000004, 7.445, 18.721, 21.783, 30.934, 28.905, 36.026, 23.822, 25.846, 11.542, 42.145, 6.413, 32.973, 8.465, 48.277, 49.294000000000004, 44.193000000000005, 43.17, 40.122, 52.370000000000005, 22.804000000000002, 41.145, 35.01, 24.829, 33.992000000000004, 45.216, 54.397, 13.594000000000001, 46.234, 10.516, 53.39, 51.346000000000004, 39.09, 47.260000000000005, 14.617, 17.69, 38.063]
Lifx: Bind failed: java.net.BindException: Address already in use
WARNING: Lifx: Model stopped before executing actions (e.g. producing outputs) scheduled for execution at times [14.1]
WARNING: GenerateQueries: Model stopped before executing actions (e.g. producing outputs) scheduled for execution at times [7.679]
[atomic-processor-1] INFO com.github.sarxos.webcam.ds.cgt.WebcamOpenTask - Opening webcam Dummy Webcam 0
Scarab: Connection failed after 11 tries: connection timed out: /192.168.0.111:9090
Scarab: Connection failed after 11 tries: connection timed out: /192.168.0.111:9090
Scarab: Connection failed after 11 tries: connection timed out: /192.168.0.111:9090
Scarab: Connection failed after 11 tries: connection timed out: /192.168.0.111:9090
Scarab: Connection failed after 11 tries: connection timed out: /192.168.0.111:9090
Scarab: Connection failed after 11 tries: connection timed out: /192.168.0.111:9090
Scarab: Unsent messages remain that were queued before the socket opened: [{"op":"unadvertise","topic":"/scarab/lucy/goal"}]
Scarab: Unsent messages remain that were queued before the socket opened: [{"op":"publish","topic":"/scarab/lucy/cmd_vel","msg":{"angular":{"x":0,"y":0,"z":0},"linear":{"x":0,"y":0,"z":0}}}, {"op":"publish","topic":"/scarab/lucy/cmd_vel","msg":{"angular":{"x":0,"y":0,"z":-0.8135762532552084},"linear":{"x":0,"y":0,"z":0}}}, {"op":"publish","topic":"/scarab/lucy/cmd_vel","msg":{"angular":{"x":0,"y":0,"z":-2.5145182291666672},"linear":{"x":0,"y":0,"z":0}}}, {"op":"publish","topic":"/scarab/lucy/cmd_vel","msg":{"angular":{"x":0,"y":0,"z":-3.5899548339843754},"linear":{"x":0,"y":0,"z":0}}}, {"op":"publish","topic":"/scarab/lucy/cmd_vel","msg":{"angular":{"x":0,"y":0,"z":-0.9100048828125},"linear":{"x":0,"y":0,"z":0}}}, {"op":"publish","topic":"/scarab/lucy/cmd_vel","msg":{"angular":{"x":0,"y":0,"z":1.3370914713541668},"linear":{"x":0,"y":0,"z":0}}}, {"op":"publish","topic":"/scarab/lucy/cmd_vel","msg":{"angular":{"x":0,"y":0,"z":0.9581563313802082},"linear":{"x":0,"y":0,"z":0}}}, {"op":"publish","topic":"/scarab/lucy/cmd_vel","msg":{"angular":{"x":0,"y":0,"z":-2.2146042887369797},"linear":{"x":0,"y":0,"z":0}}}, {"op":"publish","topic":"/scarab/lucy/cmd_vel","msg":{"angular":{"x":0,"y":0,"z":0.8166524251302084},"linear":{"x":0,"y":0,"z":0}}}, {"op":"publish","topic":"/scarab/lucy/cmd_vel","msg":{"angular":{"x":0,"y":0,"z":2.6350213623046876},"linear":{"x":0,"y":0,"z":0}}}, {"op":"publish","topic":"/scarab/lucy/cmd_vel","msg":{"angular":{"x":0,"y":0,"z":-2.272728678385417},"linear":{"x":0,"y":0,"z":0}}}, {"op":"publish","topic":"/scarab/lucy/cmd_vel","msg":{"angular":{"x":0,"y":0,"z":-1.1445711263020832},"linear":{"x":0,"y":0,"z":0}}}, {"op":"publish","topic":"/scarab/lucy/cmd_vel","msg":{"angular":{"x":0,"y":0,"z":-0.4541267903645833},"linear":{"x":0,"y":0,"z":0}}}, {"op":"publish","topic":"/scarab/lucy/cmd_vel","msg":{"angular":{"x":0,"y":0,"z":-2.2980175781249996},"linear":{"x":0,"y":0,"z":0}}}, {"op":"publish","topic":"/scarab/lucy/cmd_vel","msg":{"angular":{"x":0,"y":0,"z":0.9349041748046873},"linear":{"x":0,"y":0,"z":0}}}, {"op":"publish","topic":"/scarab/lucy/cmd_vel","msg":{"angular":{"x":0,"y":0,"z":2.5243977864583336},"linear":{"x":0,"y":0,"z":0}}}, {"op":"publish","topic":"/scarab/lucy/cmd_vel","msg":{"angular":{"x":0,"y":0,"z":0.7401078287760416},"linear":{"x":0,"y":0,"z":0}}}, {"op":"publish","topic":"/scarab/lucy/cmd_vel","msg":{"angular":{"x":0,"y":0,"z":1.5250628662109376},"linear":{"x":0,"y":0,"z":0}}}, {"op":"publish","topic":"/scarab/lucy/cmd_vel","msg":{"angular":{"x":0,"y":0,"z":-1.0510807291666668},"linear":{"x":0,"y":0,"z":0}}}, {"op":"publish","topic":"/scarab/lucy/cmd_vel","msg":{"angular":{"x":0,"y":0,"z":1.9408782958984374},"linear":{"x":0,"y":0,"z":0}}}, {"op":"publish","topic":"/scarab/lucy/cmd_vel","msg":{"angular":{"x":0,"y":0,"z":0.8895320638020834},"linear":{"x":0,"y":0,"z":0}}}, {"op":"publish","topic":"/scarab/lucy/cmd_vel","msg":{"angular":{"x":0,"y":0,"z":0.7019287109375001},"linear":{"x":0,"y":0,"z":0}}}, {"op":"publish","topic":"/scarab/lucy/cmd_vel","msg":{"angular":{"x":0,"y":0,"z":2.0296240234375},"linear":{"x":0,"y":0,"z":0}}}, {"op":"publish","topic":"/scarab/lucy/cmd_vel","msg":{"angular":{"x":0,"y":0,"z":1.3230377197265626},"linear":{"x":0,"y":0,"z":0}}}, {"op":"publish","topic":"/scarab/lucy/cmd_vel","msg":{"angular":{"x":0,"y":0,"z":-0.44424316406250003},"linear":{"x":0,"y":0,"z":0}}}, {"op":"publish","topic":"/scarab/lucy/cmd_vel","msg":{"angular":{"x":0,"y":0,"z":0.33719482421875},"linear":{"x":0,"y":0,"z":0}}}, {"op":"publish","topic":"/scarab/lucy/cmd_vel","msg":{"angular":{"x":0,"y":0,"z":0.9623461914062499},"linear":{"x":0,"y":0,"z":0}}}, {"op":"publish","topic":"/scarab/lucy/cmd_vel","msg":{"angular":{"x":0,"y":0,"z":1.057039794921875},"linear":{"x":0,"y":0,"z":0}}}, {"op":"publish","topic":"/scarab/lucy/cmd_vel","msg":{"angular":{"x":0,"y":0,"z":-1.3301275634765626},"linear":{"x":0,"y":0,"z":0}}}, {"op":"publish","topic":"/scarab/lucy/cmd_vel","msg":{"angular":{"x":0,"y":0,"z":-0.41911560058593755},"linear":{"x":0,"y":0,"z":0}}}, {"op":"publish","topic":"/scarab/lucy/cmd_vel","msg":{"angular":{"x":0,"y":0,"z":0.23539225260416666},"linear":{"x":0,"y":0,"z":0}}}, {"op":"publish","topic":"/scarab/lucy/cmd_vel","msg":{"angular":{"x":0,"y":0,"z":-1.0958274332682294},"linear":{"x":0,"y":0,"z":0}}}, {"op":"publish","topic":"/scarab/lucy/cmd_vel","msg":{"angular":{"x":0,"y":0,"z":2.0109822591145834},"linear":{"x":0,"y":0,"z":0}}}, {"op":"publish","topic":"/scarab/lucy/cmd_vel","msg":{"angular":{"x":0,"y":0,"z":2.797703857421875},"linear":{"x":0,"y":0,"z":0}}}, {"op":"publish","topic":"/scarab/lucy/cmd_vel","msg":{"angular":{"x":0,"y":0,"z":-1.6731315104166669},"linear":{"x":0,"y":0,"z":0}}}, {"op":"publish","topic":"/scarab/lucy/cmd_vel","msg":{"angular":{"x":0,"y":0,"z":-2.074726969401042},"linear":{"x":0,"y":0,"z":0}}}, {"op":"publish","topic":"/scarab/lucy/cmd_vel","msg":{"angular":{"x":0,"y":0,"z":2.2170556640625003},"linear":{"x":0,"y":0,"z":0}}}, {"op":"publish","topic":"/scarab/lucy/cmd_vel","msg":{"angular":{"x":0,"y":0,"z":1.7596362304687503},"linear":{"x":0,"y":0,"z":0}}}, {"op":"publish","topic":"/scarab/lucy/cmd_vel","msg":{"angular":{"x":0,"y":0,"z":1.86739501953125},"linear":{"x":0,"y":0,"z":0}}}, {"op":"publish","topic":"/scarab/lucy/cmd_vel","msg":{"angular":{"x":0,"y":0,"z":0.890118408203125},"linear":{"x":0,"y":0,"z":0}}}, {"op":"publish","topic":"/scarab/lucy/cmd_vel","msg":{"angular":{"x":0,"y":0,"z":1.018426513671875},"linear":{"x":0,"y":0,"z":0}}}, {"op":"publish","topic":"/scarab/lucy/cmd_vel","msg":{"angular":{"x":0,"y":0,"z":1.26061279296875},"linear":{"x":0,"y":0,"z":0}}}, {"op":"publish","topic":"/scarab/lucy/cmd_vel","msg":{"angular":{"x":0,"y":0,"z":1.5115136718750002},"linear":{"x":0,"y":0,"z":0}}}, {"op":"publish","topic":"/scarab/lucy/cmd_vel","msg":{"angular":{"x":0,"y":0,"z":-1.3379514567057291},"linear":{"x":0,"y":0,"z":0}}}, {"op":"publish","topic":"/scarab/lucy/cmd_vel","msg":{"angular":{"x":0,"y":0,"z":-0.6596803792317709},"linear":{"x":0,"y":0,"z":0}}}, {"op":"publish","topic":"/scarab/lucy/cmd_vel","msg":{"angular":{"x":0,"y":0,"z":-1.21734375},"linear":{"x":0,"y":0,"z":0}}}, {"op":"publish","topic":"/scarab/lucy/cmd_vel","msg":{"angular":{"x":0,"y":0,"z":-0.33833211263020835},"linear":{"x":0,"y":0,"z":0}}}, {"op":"publish","topic":"/scarab/lucy/cmd_vel","msg":{"angular":{"x":0,"y":0,"z":0.3685595703125},"linear":{"x":0,"y":0,"z":0}}}, {"op":"publish","topic":"/scarab/lucy/cmd_vel","msg":{"angular":{"x":0,"y":0,"z":1.7106648763020835},"linear":{"x":0,"y":0,"z":0}}}, {"op":"publish","topic":"/scarab/lucy/cmd_vel","msg":{"angular":{"x":0,"y":0,"z":2.309789225260417},"linear":{"x":0,"y":0,"z":0}}}, {"op":"publish","topic":"/scarab/lucy/cmd_vel","msg":{"angular":{"x":0,"y":0,"z":1.1699920654296876},"linear":{"x":0,"y":0,"z":0}}}, {"op":"publish","topic":"/scarab/lucy/cmd_vel","msg":{"angular":{"x":0,"y":0,"z":-1.5840155029296876},"linear":{"x":0,"y":0,"z":0}}}, {"op":"publish","topic":"/scarab/lucy/cmd_vel","msg":{"angular":{"x":0,"y":0,"z":1.8675168863932292},"linear":{"x":0,"y":0,"z":0}}}, {"op":"publish","topic":"/scarab/lucy/cmd_vel","msg":{"angular":{"x":0,"y":0,"z":0.2972501627604166},"linear":{"x":0,"y":0,"z":0}}}, {"op":"publish","topic":"/scarab/lucy/cmd_vel","msg":{"angular":{"x":0,"y":0,"z":-0.04800496419270833},"linear":{"x":0,"y":0,"z":0}}}, {"op":"publish","topic":"/scarab/lucy/cmd_vel","msg":{"angular":{"x":0,"y":0,"z":0.1359716796875},"linear":{"x":0,"y":0,"z":0}}}, {"op":"publish","topic":"/scarab/lucy/cmd_vel","msg":{"angular":{"x":0,"y":0,"z":0.6805057779947917},"linear":{"x":0,"y":0,"z":0}}}, {"op":"publish","topic":"/scarab/lucy/cmd_vel","msg":{"angular":{"x":0,"y":0,"z":1.7481282552083333},"linear":{"x":0,"y":0,"z":0}}}, {"op":"publish","topic":"/scarab/lucy/cmd_vel","msg":{"angular":{"x":0,"y":0,"z":1.6348486328125003},"linear":{"x":0,"y":0,"z":0}}}, {"op":"publish","topic":"/scarab/lucy/cmd_vel","msg":{"angular":{"x":0,"y":0,"z":3.1570983886718755},"linear":{"x":0,"y":0,"z":0}}}, {"op":"publish","topic":"/scarab/lucy/cmd_vel","msg":{"angular":{"x":0,"y":0,"z":3.5044140625000004},"linear":{"x":0,"y":0,"z":0}}}, {"op":"publish","topic":"/scarab/lucy/cmd_vel","msg":{"angular":{"x":0,"y":0,"z":-1.4545593261718752},"linear":{"x":0,"y":0,"z":0}}}, {"op":"publish","topic":"/scarab/lucy/cmd_vel","msg":{"angular":{"x":0,"y":0,"z":-2.5380554199218754},"linear":{"x":0,"y":0,"z":0}}}, {"op":"publish","topic":"/scarab/lucy/cmd_vel","msg":{"angular":{"x":0,"y":0,"z":-1.2932116699218752},"linear":{"x":0,"y":0,"z":0}}}, {"op":"publish","topic":"/scarab/lucy/cmd_vel","msg":{"angular":{"x":0,"y":0,"z":-1.1625309244791668},"linear":{"x":0,"y":0,"z":0}}}, {"op":"publish","topic":"/scarab/lucy/cmd_vel","msg":{"angular":{"x":0,"y":0,"z":2.6917342122395835},"linear":{"x":0,"y":0,"z":0}}}, {"op":"publish","topic":"/scarab/lucy/cmd_vel","msg":{"angular":{"x":0,"y":0,"z":2.3619588216145835},"linear":{"x":0,"y":0,"z":0}}}, {"op":"publish","topic":"/scarab/lucy/cmd_vel","msg":{"angular":{"x":0,"y":0,"z":-1.671767578125},"linear":{"x":0,"y":0,"z":0}}}, {"op":"publish","topic":"/scarab/lucy/cmd_vel","msg":{"angular":{"x":0,"y":0,"z":-2.6097753906250003},"linear":{"x":0,"y":0,"z":0}}}, {"op":"publish","topic":"/scarab/lucy/cmd_vel","msg":{"angular":{"x":0,"y":0,"z":-0.5932010904947916},"linear":{"x":0,"y":0,"z":0}}}, {"op":"publish","topic":"/scarab/lucy/cmd_vel","msg":{"angular":{"x":0,"y":0,"z":0.2849318440755208},"linear":{"x":0,"y":0,"z":0}}}, {"op":"publish","topic":"/scarab/lucy/cmd_vel","msg":{"angular":{"x":0,"y":0,"z":2.6741422526041667},"linear":{"x":0,"y":0,"z":0}}}, {"op":"publish","topic":"/scarab/lucy/cmd_vel","msg":{"angular":{"x":0,"y":0,"z":2.543748779296875},"linear":{"x":0,"y":0,"z":0}}}, {"op":"publish","topic":"/scarab/lucy/cmd_vel","msg":{"angular":{"x":0,"y":0,"z":3.1963623046875},"linear":{"x":0,"y":0,"z":0}}}, {"op":"publish","topic":"/scarab/lucy/cmd_vel","msg":{"angular":{"x":0,"y":0,"z":2.26889892578125},"linear":{"x":0,"y":0,"z":0}}}, {"op":"publish","topic":"/scarab/lucy/cmd_vel","msg":{"angular":{"x":0,"y":0,"z":0.24448730468750002},"linear":{"x":0,"y":0,"z":0}}}, {"op":"publish","topic":"/scarab/lucy/cmd_vel","msg":{"angular":{"x":0,"y":0,"z":0.13437866210937502},"linear":{"x":0,"y":0,"z":0}}}, {"op":"publish","topic":"/scarab/lucy/cmd_vel","msg":{"angular":{"x":0,"y":0,"z":-0.27760416666666665},"linear":{"x":0,"y":0,"z":0}}}, {"op":"publish","topic":"/scarab/lucy/cmd_vel","msg":{"angular":{"x":0,"y":0,"z":0.9786051432291668},"linear":{"x":0,"y":0,"z":0}}}, {"op":"publish","topic":"/scarab/lucy/cmd_vel","msg":{"angular":{"x":0,"y":0,"z":2.0490478515625},"linear":{"x":0,"y":0,"z":0}}}, {"op":"publish","topic":"/scarab/lucy/cmd_vel","msg":{"angular":{"x":0,"y":0,"z":0.8534126790364583},"linear":{"x":0,"y":0,"z":0}}}, {"op":"publish","topic":"/scarab/lucy/cmd_vel","msg":{"angular":{"x":0,"y":0,"z":1.6957210286458335},"linear":{"x":0,"y":0,"z":0}}}, {"op":"publish","topic":"/scarab/lucy/cmd_vel","msg":{"angular":{"x":0,"y":0,"z":0.911138916015625},"linear":{"x":0,"y":0,"z":0}}}, {"op":"publish","topic":"/scarab/lucy/cmd_vel","msg":{"angular":{"x":0,"y":0,"z":0.30275004069010414},"linear":{"x":0,"y":0,"z":0}}}, {"op":"publish","topic":"/scarab/lucy/cmd_vel","msg":{"angular":{"x":0,"y":0,"z":2.9220483398437502},"linear":{"x":0,"y":0,"z":0}}}, {"op":"publish","topic":"/scarab/lucy/cmd_vel","msg":{"angular":{"x":0,"y":0,"z":-1.5887556966145833},"linear":{"x":0,"y":0,"z":0}}}, {"op":"publish","topic":"/scarab/lucy/cmd_vel","msg":{"angular":{"x":0,"y":0,"z":-2.0277734375},"linear":{"x":0,"y":0,"z":0}}}, {"op":"publish","topic":"/scarab/lucy/cmd_vel","msg":{"angular":{"x":0,"y":0,"z":0.09778299967447916},"linear":{"x":0,"y":0,"z":0}}}, {"op":"publish","topic":"/scarab/lucy/cmd_vel","msg":{"angular":{"x":0,"y":0,"z":0.23583902994791667},"linear":{"x":0,"y":0,"z":0}}}, {"op":"publish","topic":"/scarab/lucy/cmd_vel","msg":{"angular":{"x":0,"y":0,"z":-2.03846435546875},"linear":{"x":0,"y":0,"z":0}}}, {"op":"publish","topic":"/scarab/lucy/cmd_vel","msg":{"angular":{"x":0,"y":0,"z":-2.3598974609375003},"linear":{"x":0,"y":0,"z":0}}}, {"op":"publish","topic":"/scarab/lucy/cmd_vel","msg":{"angular":{"x":0,"y":0,"z":-1.6330491129557294},"linear":{"x":0,"y":0,"z":0}}}, {"op":"publish","topic":"/scarab/lucy/cmd_vel","msg":{"angular":{"x":0,"y":0,"z":-1.3958123779296876},"linear":{"x":0,"y":0,"z":0}}}, {"op":"publish","topic":"/scarab/lucy/cmd_vel","msg":{"angular":{"x":0,"y":0,"z":0.10533528645833334},"linear":{"x":0,"y":0,"z":0}}}, {"op":"publish","topic":"/scarab/lucy/cmd_vel","msg":{"angular":{"x":0,"y":0,"z":-0.17140970865885416},"linear":{"x":0,"y":0,"z":0}}}, {"op":"publish","topic":"/scarab/lucy/cmd_vel","msg":{"angular":{"x":0,"y":0,"z":1.2830383300781252},"linear":{"x":0,"y":0,"z":0}}}, {"op":"publish","topic":"/scarab/lucy/cmd_vel","msg":{"angular":{"x":0,"y":0,"z":-2.4313850911458337},"linear":{"x":0,"y":0,"z":0}}}, {"op":"publish","topic":"/scarab/lucy/cmd_vel","msg":{"angular":{"x":0,"y":0,"z":-3.18050048828125},"linear":{"x":0,"y":0,"z":0}}}, {"op":"publish","topic":"/scarab/lucy/cmd_vel","msg":{"angular":{"x":0,"y":0,"z":-0.47978393554687504},"linear":{"x":0,"y":0,"z":0}}}, {"op":"publish","topic":"/scarab/lucy/cmd_vel","msg":{"angular":{"x":0,"y":0,"z":-2.093722127278646},"linear":{"x":0,"y":0,"z":0}}}, {"op":"publish","topic":"/scarab/lucy/cmd_vel","msg":{"angular":{"x":0,"y":0,"z":-1.2380562337239585},"linear":{"x":0,"y":0,"z":0}}}, {"op":"publish","topic":"/scarab/lucy/cmd_vel","msg":{"angular":{"x":0,"y":0,"z":2.4568017578125003},"linear":{"x":0,"y":0,"z":0}}}, {"op":"publish","topic":"/scarab/lucy/cmd_vel","msg":{"angular":{"x":0,"y":0,"z":0.1565439860026042},"linear":{"x":0,"y":0,"z":0}}}, {"op":"publish","topic":"/scarab/lucy/cmd_vel","msg":{"angular":{"x":0,"y":0,"z":-0.6871419270833333},"linear":{"x":0,"y":0,"z":0}}}, {"op":"publish","topic":"/scarab/lucy/cmd_vel","msg":{"angular":{"x":0,"y":0,"z":1.1623738606770835},"linear":{"x":0,"y":0,"z":0}}}, {"op":"publish","topic":"/scarab/lucy/cmd_vel","msg":{"angular":{"x":0,"y":0,"z":-0.587744140625},"linear":{"x":0,"y":0,"z":0}}}, {"op":"publish","topic":"/scarab/lucy/cmd_vel","msg":{"angular":{"x":0,"y":0,"z":1.1716082763671876},"linear":{"x":0,"y":0,"z":0}}}, {"op":"publish","topic":"/scarab/lucy/cmd_vel","msg":{"angular":{"x":0,"y":0,"z":0.6035394287109376},"linear":{"x":0,"y":0,"z":0}}}, {"op":"publish","topic":"/scarab/lucy/cmd_vel","msg":{"angular":{"x":0,"y":0,"z":1.003997802734375},"linear":{"x":0,"y":0,"z":0}}}, {"op":"publish","topic":"/scarab/lucy/cmd_vel","msg":{"angular":{"x":0,"y":0,"z":-1.0068599446614583},"linear":{"x":0,"y":0,"z":0}}}, {"op":"publish","topic":"/scarab/lucy/cmd_vel","msg":{"angular":{"x":0,"y":0,"z":0.31873291015625},"linear":{"x":0,"y":0,"z":0}}}, {"op":"publish","topic":"/scarab/lucy/cmd_vel","msg":{"angular":{"x":0,"y":0,"z":-0.7817154947916667},"linear":{"x":0,"y":0,"z":0}}}, {"op":"publish","topic":"/scarab/lucy/cmd_vel","msg":{"angular":{"x":0,"y":0,"z":1.596053466796875},"linear":{"x":0,"y":0,"z":0}}}, {"op":"publish","topic":"/scarab/lucy/cmd_vel","msg":{"angular":{"x":0,"y":0,"z":-1.8849861653645834},"linear":{"x":0,"y":0,"z":0}}}, {"op":"publish","topic":"/scarab/lucy/cmd_vel","msg":{"angular":{"x":0,"y":0,"z":0.11192728678385418},"linear":{"x":0,"y":0,"z":0}}}, {"op":"publish","topic":"/scarab/lucy/cmd_vel","msg":{"angular":{"x":0,"y":0,"z":-1.6534981282552086},"linear":{"x":0,"y":0,"z":0}}}, {"op":"publish","topic":"/scarab/lucy/cmd_vel","msg":{"angular":{"x":0,"y":0,"z":-1.0339569091796874},"linear":{"x":0,"y":0,"z":0}}}, {"op":"publish","topic":"/scarab/lucy/cmd_vel","msg":{"angular":{"x":0,"y":0,"z":0.7102937825520834},"linear":{"x":0,"y":0,"z":0}}}, {"op":"publish","topic":"/scarab/lucy/cmd_vel","msg":{"angular":{"x":0,"y":0,"z":0.21255777994791666},"linear":{"x":0,"y":0,"z":0}}}, {"op":"publish","topic":"/scarab/lucy/cmd_vel","msg":{"angular":{"x":0,"y":0,"z":1.5818257649739587},"linear":{"x":0,"y":0,"z":0}}}, {"op":"publish","topic":"/scarab/lucy/cmd_vel","msg":{"angular":{"x":0,"y":0,"z":0.5341103108723958},"linear":{"x":0,"y":0,"z":0}}}, {"op":"publish","topic":"/scarab/lucy/cmd_vel","msg":{"angular":{"x":0,"y":0,"z":-0.1214080810546875},"linear":{"x":0,"y":0,"z":0}}}, {"op":"publish","topic":"/scarab/lucy/cmd_vel","msg":{"angular":{"x":0,"y":0,"z":-0.54720703125},"linear":{"x":0,"y":0,"z":0}}}, {"op":"publish","topic":"/scarab/lucy/cmd_vel","msg":{"angular":{"x":0,"y":0,"z":-2.410257568359375},"linear":{"x":0,"y":0,"z":0}}}, {"op":"publish","topic":"/scarab/lucy/cmd_vel","msg":{"angular":{"x":0,"y":0,"z":-1.96537353515625},"linear":{"x":0,"y":0,"z":0}}}, {"op":"publish","topic":"/scarab/lucy/cmd_vel","msg":{"angular":{"x":0,"y":0,"z":0.6083642578125},"linear":{"x":0,"y":0,"z":0}}}, {"op":"publish","topic":"/scarab/lucy/cmd_vel","msg":{"angular":{"x":0,"y":0,"z":-0.23957702636718753},"linear":{"x":0,"y":0,"z":0}}}, {"op":"publish","topic":"/scarab/lucy/cmd_vel","msg":{"angular":{"x":0,"y":0,"z":-1.2988362630208334},"linear":{"x":0,"y":0,"z":0}}}, {"op":"publish","topic":"/scarab/lucy/cmd_vel","msg":{"angular":{"x":0,"y":0,"z":2.2399383544921876},"linear":{"x":0,"y":0,"z":0}}}, {"op":"publish","topic":"/scarab/lucy/cmd_vel","msg":{"angular":{"x":0,"y":0,"z":0.9720963541666668},"linear":{"x":0,"y":0,"z":0}}}, {"op":"publish","topic":"/scarab/lucy/cmd_vel","msg":{"angular":{"x":0,"y":0,"z":0.4750917561848958},"linear":{"x":0,"y":0,"z":0}}}, {"op":"publish","topic":"/scarab/lucy/cmd_vel","msg":{"angular":{"x":0,"y":0,"z":1.8899772135416668},"linear":{"x":0,"y":0,"z":0}}}, {"op":"publish","topic":"/scarab/lucy/cmd_vel","msg":{"angular":{"x":0,"y":0,"z":0.7625565592447917},"linear":{"x":0,"y":0,"z":0}}}, {"op":"publish","topic":"/scarab/lucy/cmd_vel","msg":{"angular":{"x":0,"y":0,"z":0.40345703125000004},"linear":{"x":0,"y":0,"z":0}}}, {"op":"publish","topic":"/scarab/lucy/cmd_vel","msg":{"angular":{"x":0,"y":0,"z":-1.9574450683593754},"linear":{"x":0,"y":0,"z":0}}}, {"op":"publish","topic":"/scarab/lucy/cmd_vel","msg":{"angular":{"x":0,"y":0,"z":-1.810653686523438},"linear":{"x":0,"y":0,"z":0}}}, {"op":"publish","topic":"/scarab/lucy/cmd_vel","msg":{"angular":{"x":0,"y":0,"z":-0.3735725911458333},"linear":{"x":0,"y":0,"z":0}}}, {"op":"publish","topic":"/scarab/lucy/cmd_vel","msg":{"angular":{"x":0,"y":0,"z":0.122811279296875},"linear":{"x":0,"y":0,"z":0}}}, {"op":"publish","topic":"/scarab/lucy/cmd_vel","msg":{"angular":{"x":0,"y":0,"z":2.986769002278646},"linear":{"x":0,"y":0,"z":0}}}, {"op":"publish","topic":"/scarab/lucy/cmd_vel","msg":{"angular":{"x":0,"y":0,"z":2.3455989583333334},"linear":{"x":0,"y":0,"z":0}}}, {"op":"publish","topic":"/scarab/lucy/cmd_vel","msg":{"angular":{"x":0,"y":0,"z":0.5998382568359376},"linear":{"x":0,"y":0,"z":0}}}, {"op":"publish","topic":"/scarab/lucy/cmd_vel","msg":{"angular":{"x":0,"y":0,"z":0.5915515136718751},"linear":{"x":0,"y":0,"z":0}}}, {"op":"publish","topic":"/scarab/lucy/cmd_vel","msg":{"angular":{"x":0,"y":0,"z":2.5934179687500003},"linear":{"x":0,"y":0,"z":0}}}, {"op":"publish","topic":"/scarab/lucy/cmd_vel","msg":{"angular":{"x":0,"y":0,"z":0.6439644368489583},"linear":{"x":0,"y":0,"z":0}}}, {"op":"publish","topic":"/scarab/lucy/cmd_vel","msg":{"angular":{"x":0,"y":0,"z":-0.4143532307942709},"linear":{"x":0,"y":0,"z":0}}}, {"op":"publish","topic":"/scarab/lucy/cmd_vel","msg":{"angular":{"x":0,"y":0,"z":-0.08821777343750001},"linear":{"x":0,"y":0,"z":0}}}, {"op":"publish","topic":"/scarab/lucy/cmd_vel","msg":{"angular":{"x":0,"y":0,"z":2.9030975341796874},"linear":{"x":0,"y":0,"z":0}}}, {"op":"publish","topic":"/scarab/lucy/cmd_vel","msg":{"angular":{"x":0,"y":0,"z":2.8217659505208337},"linear":{"x":0,"y":0,"z":0}}}, {"op":"publish","topic":"/scarab/lucy/cmd_vel","msg":{"angular":{"x":0,"y":0,"z":0.05199218750000001},"linear":{"x":0,"y":0,"z":0}}}, {"op":"publish","topic":"/scarab/lucy/cmd_vel","msg":{"angular":{"x":0,"y":0,"z":0.6661732991536459},"linear":{"x":0,"y":0,"z":0}}}, {"op":"publish","topic":"/scarab/lucy/cmd_vel","msg":{"angular":{"x":0,"y":0,"z":-1.1436828613281251},"linear":{"x":0,"y":0,"z":0}}}, {"op":"publish","topic":"/scarab/lucy/cmd_vel","msg":{"angular":{"x":0,"y":0,"z":0.6013116455078126},"linear":{"x":0,"y":0,"z":0}}}, {"op":"publish","topic":"/scarab/lucy/cmd_vel","msg":{"angular":{"x":0,"y":0,"z":2.08551025390625},"linear":{"x":0,"y":0,"z":0}}}, {"op":"publish","topic":"/scarab/lucy/cmd_vel","msg":{"angular":{"x":0,"y":0,"z":0.45655029296875005},"linear":{"x":0,"y":0,"z":0}}}, {"op":"publish","topic":"/scarab/lucy/cmd_vel","msg":{"angular":{"x":0,"y":0,"z":1.0404296875},"linear":{"x":0,"y":0,"z":0}}}, {"op":"publish","topic":"/scarab/lucy/cmd_vel","msg":{"angular":{"x":0,"y":0,"z":-1.2561533610026043},"linear":{"x":0,"y":0,"z":0}}}, {"op":"publish","topic":"/scarab/lucy/cmd_vel","msg":{"angular":{"x":0,"y":0,"z":-1.8736914062500003},"linear":{"x":0,"y":0,"z":0}}}, {"op":"publish","topic":"/scarab/lucy/cmd_vel","msg":{"angular":{"x":0,"y":0,"z":-1.4764801025390626},"linear":{"x":0,"y":0,"z":0}}}, {"op":"publish","topic":"/scarab/lucy/cmd_vel","msg":{"angular":{"x":0,"y":0,"z":-0.31305867513020835},"linear":{"x":0,"y":0,"z":0}}}, {"op":"publish","topic":"/scarab/lucy/cmd_vel","msg":{"angular":{"x":0,"y":0,"z":0.5189886474609375},"linear":{"x":0,"y":0,"z":0}}}, {"op":"publish","topic":"/scarab/lucy/cmd_vel","msg":{"angular":{"x":0,"y":0,"z":1.61836181640625},"linear":{"x":0,"y":0,"z":0}}}, {"op":"publish","topic":"/scarab/lucy/cmd_vel","msg":{"angular":{"x":0,"y":0,"z":0.24763468424479168},"linear":{"x":0,"y":0,"z":0}}}, {"op":"publish","topic":"/scarab/lucy/cmd_vel","msg":{"angular":{"x":0,"y":0,"z":0.6101715087890625},"linear":{"x":0,"y":0,"z":0}}}, {"op":"publish","topic":"/scarab/lucy/cmd_vel","msg":{"angular":{"x":0,"y":0,"z":0.6520851643880208},"linear":{"x":0,"y":0,"z":0}}}, {"op":"publish","topic":"/scarab/lucy/cmd_vel","msg":{"angular":{"x":0,"y":0,"z":-0.728536376953125},"linear":{"x":0,"y":0,"z":0}}}, {"op":"publish","topic":"/scarab/lucy/cmd_vel","msg":{"angular":{"x":0,"y":0,"z":-1.1892010498046877},"linear":{"x":0,"y":0,"z":0}}}, {"op":"publish","topic":"/scarab/lucy/cmd_vel","msg":{"angular":{"x":0,"y":0,"z":0.49216186523437494},"linear":{"x":0,"y":0,"z":0}}}, {"op":"publish","topic":"/scarab/lucy/cmd_vel","msg":{"angular":{"x":0,"y":0,"z":-1.677319742838542},"linear":{"x":0,"y":0,"z":0}}}, {"op":"publish","topic":"/scarab/lucy/cmd_vel","msg":{"angular":{"x":0,"y":0,"z":-0.23185221354166669},"linear":{"x":0,"y":0,"z":0}}}, {"op":"publish","topic":"/scarab/lucy/cmd_vel","msg":{"angular":{"x":0,"y":0,"z":0.2978474934895833},"linear":{"x":0,"y":0,"z":0}}}, {"op":"publish","topic":"/scarab/lucy/cmd_vel","msg":{"angular":{"x":0,"y":0,"z":-0.159749755859375},"linear":{"x":0,"y":0,"z":0}}}, {"op":"publish","topic":"/scarab/lucy/cmd_vel","msg":{"angular":{"x":0,"y":0,"z":-0.23477864583333333},"linear":{"x":0,"y":0,"z":0}}}, {"op":"publish","topic":"/scarab/lucy/cmd_vel","msg":{"angular":{"x":0,"y":0,"z":-0.0719085693359375},"linear":{"x":0,"y":0,"z":0}}}, {"op":"publish","topic":"/scarab/lucy/cmd_vel","msg":{"angular":{"x":0,"y":0,"z":1.12113037109375},"linear":{"x":0,"y":0,"z":0}}}, {"op":"publish","topic":"/scarab/lucy/cmd_vel","msg":{"angular":{"x":0,"y":0,"z":1.6335534667968752},"linear":{"x":0,"y":0,"z":0}}}, {"op":"publish","topic":"/scarab/lucy/cmd_vel","msg":{"angular":{"x":0,"y":0,"z":1.4509456380208334},"linear":{"x":0,"y":0,"z":0}}}, {"op":"publish","topic":"/scarab/lucy/cmd_vel","msg":{"angular":{"x":0,"y":0,"z":-0.2665679931640625},"linear":{"x":0,"y":0,"z":0}}}, {"op":"publish","topic":"/scarab/lucy/cmd_vel","msg":{"angular":{"x":0,"y":0,"z":-0.9862750244140626},"linear":{"x":0,"y":0,"z":0}}}, {"op":"publish","topic":"/scarab/lucy/cmd_vel","msg":{"angular":{"x":0,"y":0,"z":-3.546474609375001},"linear":{"x":0,"y":0,"z":0}}}, {"op":"publish","topic":"/scarab/lucy/cmd_vel","msg":{"angular":{"x":0,"y":0,"z":-1.8475219726562504},"linear":{"x":0,"y":0,"z":0}}}, {"op":"publish","topic":"/scarab/lucy/cmd_vel","msg":{"angular":{"x":0,"y":0,"z":0.24405598958333333},"linear":{"x":0,"y":0,"z":0}}}, {"op":"publish","topic":"/scarab/lucy/cmd_vel","msg":{"angular":{"x":0,"y":0,"z":-1.9558044433593753},"linear":{"x":0,"y":0,"z":0}}}, {"op":"publish","topic":"/scarab/lucy/cmd_vel","msg":{"angular":{"x":0,"y":0,"z":-2.3571014404296875},"linear":{"x":0,"y":0,"z":0}}}, {"op":"publish","topic":"/scarab/lucy/cmd_vel","msg":{"angular":{"x":0,"y":0,"z":1.808042195638021},"linear":{"x":0,"y":0,"z":0}}}, {"op":"publish","topic":"/scarab/lucy/cmd_vel","msg":{"angular":{"x":0,"y":0,"z":-1.3415366617838542},"linear":{"x":0,"y":0,"z":0}}}, {"op":"publish","topic":"/scarab/lucy/cmd_vel","msg":{"angular":{"x":0,"y":0,"z":-0.52523193359375},"linear":{"x":0,"y":0,"z":0}}}, {"op":"publish","topic":"/scarab/lucy/cmd_vel","msg":{"angular":{"x":0,"y":0,"z":0.585465087890625},"linear":{"x":0,"y":0,"z":0}}}, {"op":"publish","topic":"/scarab/lucy/cmd_vel","msg":{"angular":{"x":0,"y":0,"z":-0.457855224609375},"linear":{"x":0,"y":0,"z":0}}}, {"op":"publish","topic":"/scarab/lucy/cmd_vel","msg":{"angular":{"x":0,"y":0,"z":-0.6030078125},"linear":{"x":0,"y":0,"z":0}}}, {"op":"publish","topic":"/scarab/lucy/cmd_vel","msg":{"angular":{"x":0,"y":0,"z":-1.5490091959635417},"linear":{"x":0,"y":0,"z":0}}}, {"op":"publish","topic":"/scarab/lucy/cmd_vel","msg":{"angular":{"x":0,"y":0,"z":-1.2435262044270834},"linear":{"x":0,"y":0,"z":0}}}, {"op":"publish","topic":"/scarab/lucy/cmd_vel","msg":{"angular":{"x":0,"y":0,"z":1.4979913330078127},"linear":{"x":0,"y":0,"z":0}}}, {"op":"publish","topic":"/scarab/lucy/cmd_vel","msg":{"angular":{"x":0,"y":0,"z":1.1449568684895834},"linear":{"x":0,"y":0,"z":0}}}, {"op":"publish","topic":"/scarab/lucy/cmd_vel","msg":{"angular":{"x":0,"y":0,"z":1.2504427083333334},"linear":{"x":0,"y":0,"z":0}}}, {"op":"publish","topic":"/scarab/lucy/cmd_vel","msg":{"angular":{"x":0,"y":0,"z":-0.24777343750000003},"linear":{"x":0,"y":0,"z":0}}}, {"op":"publish","topic":"/scarab/lucy/cmd_vel","msg":{"angular":{"x":0,"y":0,"z":-0.20602376302083333},"linear":{"x":0,"y":0,"z":0}}}, {"op":"publish","topic":"/scarab/lucy/cmd_vel","msg":{"angular":{"x":0,"y":0,"z":2.126215413411458},"linear":{"x":0,"y":0,"z":0}}}, {"op":"publish","topic":"/scarab/lucy/cmd_vel","msg":{"angular":{"x":0,"y":0,"z":0.4517181396484375},"linear":{"x":0,"y":0,"z":0}}}, {"op":"publish","topic":"/scarab/lucy/cmd_vel","msg":{"angular":{"x":0,"y":0,"z":-0.6443033854166668},"linear":{"x":0,"y":0,"z":0}}}, {"op":"publish","topic":"/scarab/lucy/cmd_vel","msg":{"angular":{"x":0,"y":0,"z":-1.7456404622395834},"linear":{"x":0,"y":0,"z":0}}}, {"op":"publish","topic":"/scarab/lucy/cmd_vel","msg":{"angular":{"x":0,"y":0,"z":-0.883721923828125},"linear":{"x":0,"y":0,"z":0}}}, {"op":"publish","topic":"/scarab/lucy/cmd_vel","msg":{"angular":{"x":0,"y":0,"z":-0.6103771972656251},"linear":{"x":0,"y":0,"z":0}}}, {"op":"publish","topic":"/scarab/lucy/cmd_vel","msg":{"angular":{"x":0,"y":0,"z":-0.7847660319010418},"linear":{"x":0,"y":0,"z":0}}}, {"op":"publish","topic":"/scarab/lucy/cmd_vel","msg":{"angular":{"x":0,"y":0,"z":-0.9086130777994793},"linear":{"x":0,"y":0,"z":0}}}, {"op":"publish","topic":"/scarab/lucy/cmd_vel","msg":{"angular":{"x":0,"y":0,"z":1.0534749348958334},"linear":{"x":0,"y":0,"z":0}}}, {"op":"publish","topic":"/scarab/lucy/cmd_vel","msg":{"angular":{"x":0,"y":0,"z":2.369553629557292},"linear":{"x":0,"y":0,"z":0}}}, {"op":"publish","topic":"/scarab/lucy/cmd_vel","msg":{"angular":{"x":0,"y":0,"z":0.3500319417317708},"linear":{"x":0,"y":0,"z":0}}}, {"op":"publish","topic":"/scarab/lucy/cmd_vel","msg":{"angular":{"x":0,"y":0,"z":-2.6082820638020836},"linear":{"x":0,"y":0,"z":0}}}, {"op":"publish","topic":"/scarab/lucy/cmd_vel","msg":{"angular":{"x":0,"y":0,"z":1.6835868326822918},"linear":{"x":0,"y":0,"z":0}}}, {"op":"publish","topic":"/scarab/lucy/cmd_vel","msg":{"angular":{"x":0,"y":0,"z":3.116015014648438},"linear":{"x":0,"y":0,"z":0}}}, {"op":"publish","topic":"/scarab/lucy/cmd_vel","msg":{"angular":{"x":0,"y":0,"z":0},"linear":{"x":0,"y":0,"z":0}}}, {"op":"publish","topic":"/scarab/lucy/cmd_vel","msg":{"angular":{"x":0,"y":0,"z":2.149625447591146},"linear":{"x":0,"y":0,"z":0}}}, {"op":"publish","topic":"/scarab/lucy/cmd_vel","msg":{"angular":{"x":0,"y":0,"z":1.24611328125},"linear":{"x":0,"y":0,"z":0}}}, {"op":"publish","topic":"/scarab/lucy/cmd_vel","msg":{"angular":{"x":0,"y":0,"z":0.1006231689453125},"linear":{"x":0,"y":0,"z":0}}}, {"op":"publish","topic":"/scarab/lucy/cmd_vel","msg":{"angular":{"x":0,"y":0,"z":-1.50626953125},"linear":{"x":0,"y":0,"z":0}}}, {"op":"publish","topic":"/scarab/lucy/cmd_vel","msg":{"angular":{"x":0,"y":0,"z":-0.4265380859375},"linear":{"x":0,"y":0,"z":0}}}, {"op":"publish","topic":"/scarab/lucy/cmd_vel","msg":{"angular":{"x":0,"y":0,"z":1.5239713541666666},"linear":{"x":0,"y":0,"z":0}}}, {"op":"publish","topic":"/scarab/lucy/cmd_vel","msg":{"angular":{"x":0,"y":0,"z":-0.05846435546875001},"linear":{"x":0,"y":0,"z":0}}}, {"op":"publish","topic":"/scarab/lucy/cmd_vel","msg":{"angular":{"x":0,"y":0,"z":-0.16196289062500002},"linear":{"x":0,"y":0,"z":0}}}, {"op":"publish","topic":"/scarab/lucy/cmd_vel","msg":{"angular":{"x":0,"y":0,"z":0.45280395507812504},"linear":{"x":0,"y":0,"z":0}}}, {"op":"publish","topic":"/scarab/lucy/cmd_vel","msg":{"angular":{"x":0,"y":0,"z":-2.5720019531250005},"linear":{"x":0,"y":0,"z":0}}}, {"op":"publish","topic":"/scarab/lucy/cmd_vel","msg":{"angular":{"x":0,"y":0,"z":-1.4627636718750001},"linear":{"x":0,"y":0,"z":0}}}, {"op":"publish","topic":"/scarab/lucy/cmd_vel","msg":{"angular":{"x":0,"y":0,"z":-2.5483736165364586},"linear":{"x":0,"y":0,"z":0}}}, {"op":"publish","topic":"/scarab/lucy/cmd_vel","msg":{"angular":{"x":0,"y":0,"z":0.8157735188802084},"linear":{"x":0,"y":0,"z":0}}}, {"op":"publish","topic":"/scarab/lucy/cmd_vel","msg":{"angular":{"x":0,"y":0,"z":-0.862908935546875},"linear":{"x":0,"y":0,"z":0}}}, {"op":"publish","topic":"/scarab/lucy/cmd_vel","msg":{"angular":{"x":0,"y":0,"z":-0.6552716064453125},"linear":{"x":0,"y":0,"z":0}}}, {"op":"publish","topic":"/scarab/lucy/cmd_vel","msg":{"angular":{"x":0,"y":0,"z":-2.302781575520833},"linear":{"x":0,"y":0,"z":0}}}, {"op":"publish","topic":"/scarab/lucy/cmd_vel","msg":{"angular":{"x":0,"y":0,"z":-0.6970263671875001},"linear":{"x":0,"y":0,"z":0}}}, {"op":"publish","topic":"/scarab/lucy/cmd_vel","msg":{"angular":{"x":0,"y":0,"z":-0.32517700195312504},"linear":{"x":0,"y":0,"z":0}}}, {"op":"publish","topic":"/scarab/lucy/cmd_vel","msg":{"linear":{"x":0,"y":0,"z":0},"angular":{"x":0,"y":0,"z":0}}}, {"op":"unadvertise","topic":"/scarab/lucy/cmd_vel"}]
Scarab: Unsent messages remain that were queued before the socket opened: [{"op":"unadvertise","topic":"/scarab/lucy/cancel"}]
[atomic-processor-1] INFO com.github.sarxos.webcam.ds.cgt.WebcamCloseTask - Closing Dummy Webcam 0
Jun 01, 2018 5:50:21 PM io.vertx.core.impl.BlockedThreadChecker
WARNING: Thread Thread[vert.x-eventloop-thread-3,6,main] has been blocked for 2176 ms, time limit is 2000
HttpClientHelper.java: Received an error for request 0: io.netty.channel.ConnectTimeoutException: connection timed out: /10.0.0.234:80
io.netty.channel.ConnectTimeoutException: connection timed out: /10.0.0.234:80
	at io.netty.channel.nio.AbstractNioChannel$AbstractNioUnsafe$1.run(AbstractNioChannel.java:267)
	at io.netty.util.concurrent.PromiseTask$RunnableAdapter.call(PromiseTask.java:38)
	at io.netty.util.concurrent.ScheduledFutureTask.run(ScheduledFutureTask.java:125)
	at io.netty.util.concurrent.AbstractEventExecutor.safeExecute(AbstractEventExecutor.java:163)
	at io.netty.util.concurrent.SingleThreadEventExecutor.runAllTasks(SingleThreadEventExecutor.java:404)
	at io.netty.channel.nio.NioEventLoop.run(NioEventLoop.java:463)
	at io.netty.util.concurrent.SingleThreadEventExecutor$5.run(SingleThreadEventExecutor.java:886)
	at io.netty.util.concurrent.FastThreadLocalRunnable.run(FastThreadLocalRunnable.java:30)
	at java.lang.Thread.run(Thread.java:748)
Hue: connection timed out: /10.0.0.234:80
TransformationEditor: Ignoring clone of .Utilities beause we don't known how to import it. Exception was: ptolemy.kernel.util.NameDuplicationException: Attempt to insert object named "Utilities" into container named ".library", which already contains an object with that name.
TransformationEditor: Ignoring clone of .Directors beause we don't known how to import it. Exception was: ptolemy.kernel.util.NameDuplicationException: Attempt to insert object named "Directors" into container named ".library", which already contains an object with that name.
TransformationEditor: Ignoring clone of .Actors beause we don't known how to import it. Exception was: ptolemy.kernel.util.NameDuplicationException: Attempt to insert object named "Actors" into container named ".library", which already contains an object with that name.
TransformationEditor: Ignoring clone of .MoreLibraries beause we don't known how to import it. Exception was: ptolemy.kernel.util.NameDuplicationException: Attempt to insert object named "MoreLibraries" into container named ".library", which already contains an object with that name.
TransformationEditor: Ignoring clone of .Utilities beause we don't known how to import it. Exception was: ptolemy.kernel.util.NameDuplicationException: Attempt to insert object named "Utilities" into container named ".library", which already contains an object with that name.
TransformationEditor: Ignoring clone of .Directors beause we don't known how to import it. Exception was: ptolemy.kernel.util.NameDuplicationException: Attempt to insert object named "Directors" into container named ".library", which already contains an object with that name.
TransformationEditor: Ignoring clone of .Actors beause we don't known how to import it. Exception was: ptolemy.kernel.util.NameDuplicationException: Attempt to insert object named "Actors" into container named ".library", which already contains an object with that name.
TransformationEditor: Ignoring clone of .MoreLibraries beause we don't known how to import it. Exception was: ptolemy.kernel.util.NameDuplicationException: Attempt to insert object named "MoreLibraries" into container named ".library", which already contains an object with that name.
TransformationEditor: Ignoring clone of .Utilities beause we don't known how to import it. Exception was: ptolemy.kernel.util.NameDuplicationException: Attempt to insert object named "Utilities" into container named ".library", which already contains an object with that name.
TransformationEditor: Ignoring clone of .Directors beause we don't known how to import it. Exception was: ptolemy.kernel.util.NameDuplicationException: Attempt to insert object named "Directors" into container named ".library", which already contains an object with that name.
TransformationEditor: Ignoring clone of .Actors beause we don't known how to import it. Exception was: ptolemy.kernel.util.NameDuplicationException: Attempt to insert object named "Actors" into container named ".library", which already contains an object with that name.
TransformationEditor: Ignoring clone of .MoreLibraries beause we don't known how to import it. Exception was: ptolemy.kernel.util.NameDuplicationException: Attempt to insert object named "MoreLibraries" into container named ".library", which already contains an object with that name.
TransformationEditor: Ignoring clone of .Utilities beause we don't known how to import it. Exception was: ptolemy.kernel.util.NameDuplicationException: Attempt to insert object named "Utilities" into container named ".library", which already contains an object with that name.
TransformationEditor: Ignoring clone of .Directors beause we don't known how to import it. Exception was: ptolemy.kernel.util.NameDuplicationException: Attempt to insert object named "Directors" into container named ".library", which already contains an object with that name.
TransformationEditor: Ignoring clone of .Actors beause we don't known how to import it. Exception was: ptolemy.kernel.util.NameDuplicationException: Attempt to insert object named "Actors" into container named ".library", which already contains an object with that name.
TransformationEditor: Ignoring clone of .MoreLibraries beause we don't known how to import it. Exception was: ptolemy.kernel.util.NameDuplicationException: Attempt to insert object named "MoreLibraries" into container named ".library", which already contains an object with that name.
TransformationEditor: Ignoring clone of .Utilities beause we don't known how to import it. Exception was: ptolemy.kernel.util.NameDuplicationException: Attempt to insert object named "Utilities" into container named ".library", which already contains an object with that name.
TransformationEditor: Ignoring clone of .Directors beause we don't known how to import it. Exception was: ptolemy.kernel.util.NameDuplicationException: Attempt to insert object named "Directors" into container named ".library", which already contains an object with that name.
TransformationEditor: Ignoring clone of .Actors beause we don't known how to import it. Exception was: ptolemy.kernel.util.NameDuplicationException: Attempt to insert object named "Actors" into container named ".library", which already contains an object with that name.
TransformationEditor: Ignoring clone of .MoreLibraries beause we don't known how to import it. Exception was: ptolemy.kernel.util.NameDuplicationException: Attempt to insert object named "MoreLibraries" into container named ".library", which already contains an object with that name.
TransformationEditor: Ignoring clone of .Utilities beause we don't known how to import it. Exception was: ptolemy.kernel.util.NameDuplicationException: Attempt to insert object named "Utilities" into container named ".library", which already contains an object with that name.
TransformationEditor: Ignoring clone of .Directors beause we don't known how to import it. Exception was: ptolemy.kernel.util.NameDuplicationException: Attempt to insert object named "Directors" into container named ".library", which already contains an object with that name.
TransformationEditor: Ignoring clone of .Actors beause we don't known how to import it. Exception was: ptolemy.kernel.util.NameDuplicationException: Attempt to insert object named "Actors" into container named ".library", which already contains an object with that name.
TransformationEditor: Ignoring clone of .MoreLibraries beause we don't known how to import it. Exception was: ptolemy.kernel.util.NameDuplicationException: Attempt to insert object named "MoreLibraries" into container named ".library", which already contains an object with that name.
TransformationEditor: Ignoring clone of .Utilities beause we don't known how to import it. Exception was: ptolemy.kernel.util.NameDuplicationException: Attempt to insert object named "Utilities" into container named ".library", which already contains an object with that name.
TransformationEditor: Ignoring clone of .Directors beause we don't known how to import it. Exception was: ptolemy.kernel.util.NameDuplicationException: Attempt to insert object named "Directors" into container named ".library", which already contains an object with that name.
TransformationEditor: Ignoring clone of .Actors beause we don't known how to import it. Exception was: ptolemy.kernel.util.NameDuplicationException: Attempt to insert object named "Actors" into container named ".library", which already contains an object with that name.
TransformationEditor: Ignoring clone of .MoreLibraries beause we don't known how to import it. Exception was: ptolemy.kernel.util.NameDuplicationException: Attempt to insert object named "MoreLibraries" into container named ".library", which already contains an object with that name.
TransformationEditor: Ignoring clone of .Utilities beause we don't known how to import it. Exception was: ptolemy.kernel.util.NameDuplicationException: Attempt to insert object named "Utilities" into container named ".library", which already contains an object with that name.
TransformationEditor: Ignoring clone of .Directors beause we don't known how to import it. Exception was: ptolemy.kernel.util.NameDuplicationException: Attempt to insert object named "Directors" into container named ".library", which already contains an object with that name.
TransformationEditor: Ignoring clone of .Actors beause we don't known how to import it. Exception was: ptolemy.kernel.util.NameDuplicationException: Attempt to insert object named "Actors" into container named ".library", which already contains an object with that name.
TransformationEditor: Ignoring clone of .MoreLibraries beause we don't known how to import it. Exception was: ptolemy.kernel.util.NameDuplicationException: Attempt to insert object named "MoreLibraries" into container named ".library", which already contains an object with that name.
TransformationEditor: Ignoring clone of .Utilities beause we don't known how to import it. Exception was: ptolemy.kernel.util.NameDuplicationException: Attempt to insert object named "Utilities" into container named ".library", which already contains an object with that name.
TransformationEditor: Ignoring clone of .Directors beause we don't known how to import it. Exception was: ptolemy.kernel.util.NameDuplicationException: Attempt to insert object named "Directors" into container named ".library", which already contains an object with that name.
TransformationEditor: Ignoring clone of .Actors beause we don't known how to import it. Exception was: ptolemy.kernel.util.NameDuplicationException: Attempt to insert object named "Actors" into container named ".library", which already contains an object with that name.
TransformationEditor: Ignoring clone of .MoreLibraries beause we don't known how to import it. Exception was: ptolemy.kernel.util.NameDuplicationException: Attempt to insert object named "MoreLibraries" into container named ".library", which already contains an object with that name.
TransformationEditor: Ignoring clone of .Utilities beause we don't known how to import it. Exception was: ptolemy.kernel.util.NameDuplicationException: Attempt to insert object named "Utilities" into container named ".library", which already contains an object with that name.
TransformationEditor: Ignoring clone of .Directors beause we don't known how to import it. Exception was: ptolemy.kernel.util.NameDuplicationException: Attempt to insert object named "Directors" into container named ".library", which already contains an object with that name.
TransformationEditor: Ignoring clone of .Actors beause we don't known how to import it. Exception was: ptolemy.kernel.util.NameDuplicationException: Attempt to insert object named "Actors" into container named ".library", which already contains an object with that name.
TransformationEditor: Ignoring clone of .MoreLibraries beause we don't known how to import it. Exception was: ptolemy.kernel.util.NameDuplicationException: Attempt to insert object named "MoreLibraries" into container named ".library", which already contains an object with that name.
TransformationEditor: Ignoring clone of .Utilities beause we don't known how to import it. Exception was: ptolemy.kernel.util.NameDuplicationException: Attempt to insert object named "Utilities" into container named ".library", which already contains an object with that name.
TransformationEditor: Ignoring clone of .Directors beause we don't known how to import it. Exception was: ptolemy.kernel.util.NameDuplicationException: Attempt to insert object named "Directors" into container named ".library", which already contains an object with that name.
TransformationEditor: Ignoring clone of .Actors beause we don't known how to import it. Exception was: ptolemy.kernel.util.NameDuplicationException: Attempt to insert object named "Actors" into container named ".library", which already contains an object with that name.
TransformationEditor: Ignoring clone of .MoreLibraries beause we don't known how to import it. Exception was: ptolemy.kernel.util.NameDuplicationException: Attempt to insert object named "MoreLibraries" into container named ".library", which already contains an object with that name.
TransformationEditor: Ignoring clone of .Utilities beause we don't known how to import it. Exception was: ptolemy.kernel.util.NameDuplicationException: Attempt to insert object named "Utilities" into container named ".library", which already contains an object with that name.
TransformationEditor: Ignoring clone of .Directors beause we don't known how to import it. Exception was: ptolemy.kernel.util.NameDuplicationException: Attempt to insert object named "Directors" into container named ".library", which already contains an object with that name.
TransformationEditor: Ignoring clone of .Actors beause we don't known how to import it. Exception was: ptolemy.kernel.util.NameDuplicationException: Attempt to insert object named "Actors" into container named ".library", which already contains an object with that name.
TransformationEditor: Ignoring clone of .MoreLibraries beause we don't known how to import it. Exception was: ptolemy.kernel.util.NameDuplicationException: Attempt to insert object named "MoreLibraries" into container named ".library", which already contains an object with that name.
TransformationEditor: Ignoring clone of .Utilities beause we don't known how to import it. Exception was: ptolemy.kernel.util.NameDuplicationException: Attempt to insert object named "Utilities" into container named ".library", which already contains an object with that name.
TransformationEditor: Ignoring clone of .Directors beause we don't known how to import it. Exception was: ptolemy.kernel.util.NameDuplicationException: Attempt to insert object named "Directors" into container named ".library", which already contains an object with that name.
TransformationEditor: Ignoring clone of .Actors beause we don't known how to import it. Exception was: ptolemy.kernel.util.NameDuplicationException: Attempt to insert object named "Actors" into container named ".library", which already contains an object with that name.
TransformationEditor: Ignoring clone of .MoreLibraries beause we don't known how to import it. Exception was: ptolemy.kernel.util.NameDuplicationException: Attempt to insert object named "MoreLibraries" into container named ".library", which already contains an object with that name.
TransformationEditor: Ignoring clone of .Utilities beause we don't known how to import it. Exception was: ptolemy.kernel.util.NameDuplicationException: Attempt to insert object named "Utilities" into container named ".library", which already contains an object with that name.
TransformationEditor: Ignoring clone of .Directors beause we don't known how to import it. Exception was: ptolemy.kernel.util.NameDuplicationException: Attempt to insert object named "Directors" into container named ".library", which already contains an object with that name.
TransformationEditor: Ignoring clone of .Actors beause we don't known how to import it. Exception was: ptolemy.kernel.util.NameDuplicationException: Attempt to insert object named "Actors" into container named ".library", which already contains an object with that name.
TransformationEditor: Ignoring clone of .MoreLibraries beause we don't known how to import it. Exception was: ptolemy.kernel.util.NameDuplicationException: Attempt to insert object named "MoreLibraries" into container named ".library", which already contains an object with that name.
TransformationEditor: Ignoring clone of .Utilities beause we don't known how to import it. Exception was: ptolemy.kernel.util.NameDuplicationException: Attempt to insert object named "Utilities" into container named ".library", which already contains an object with that name.
TransformationEditor: Ignoring clone of .Directors beause we don't known how to import it. Exception was: ptolemy.kernel.util.NameDuplicationException: Attempt to insert object named "Directors" into container named ".library", which already contains an object with that name.
TransformationEditor: Ignoring clone of .Actors beause we don't known how to import it. Exception was: ptolemy.kernel.util.NameDuplicationException: Attempt to insert object named "Actors" into container named ".library", which already contains an object with that name.
TransformationEditor: Ignoring clone of .MoreLibraries beause we don't known how to import it. Exception was: ptolemy.kernel.util.NameDuplicationException: Attempt to insert object named "MoreLibraries" into container named ".library", which already contains an object with that name.
TransformationEditor: Ignoring clone of .Utilities beause we don't known how to import it. Exception was: ptolemy.kernel.util.NameDuplicationException: Attempt to insert object named "Utilities" into container named ".library", which already contains an object with that name.
TransformationEditor: Ignoring clone of .Directors beause we don't known how to import it. Exception was: ptolemy.kernel.util.NameDuplicationException: Attempt to insert object named "Directors" into container named ".library", which already contains an object with that name.
TransformationEditor: Ignoring clone of .Actors beause we don't known how to import it. Exception was: ptolemy.kernel.util.NameDuplicationException: Attempt to insert object named "Actors" into container named ".library", which already contains an object with that name.
TransformationEditor: Ignoring clone of .MoreLibraries beause we don't known how to import it. Exception was: ptolemy.kernel.util.NameDuplicationException: Attempt to insert object named "MoreLibraries" into container named ".library", which already contains an object with that name.
TransformationEditor: Ignoring clone of .Utilities beause we don't known how to import it. Exception was: ptolemy.kernel.util.NameDuplicationException: Attempt to insert object named "Utilities" into container named ".library", which already contains an object with that name.
TransformationEditor: Ignoring clone of .Directors beause we don't known how to import it. Exception was: ptolemy.kernel.util.NameDuplicationException: Attempt to insert object named "Directors" into container named ".library", which already contains an object with that name.
TransformationEditor: Ignoring clone of .Actors beause we don't known how to import it. Exception was: ptolemy.kernel.util.NameDuplicationException: Attempt to insert object named "Actors" into container named ".library", which already contains an object with that name.
TransformationEditor: Ignoring clone of .MoreLibraries beause we don't known how to import it. Exception was: ptolemy.kernel.util.NameDuplicationException: Attempt to insert object named "MoreLibraries" into container named ".library", which already contains an object with that name.
TransformationEditor: Ignoring clone of .Utilities beause we don't known how to import it. Exception was: ptolemy.kernel.util.NameDuplicationException: Attempt to insert object named "Utilities" into container named ".library", which already contains an object with that name.
TransformationEditor: Ignoring clone of .Directors beause we don't known how to import it. Exception was: ptolemy.kernel.util.NameDuplicationException: Attempt to insert object named "Directors" into container named ".library", which already contains an object with that name.
TransformationEditor: Ignoring clone of .Actors beause we don't known how to import it. Exception was: ptolemy.kernel.util.NameDuplicationException: Attempt to insert object named "Actors" into container named ".library", which already contains an object with that name.
TransformationEditor: Ignoring clone of .MoreLibraries beause we don't known how to import it. Exception was: ptolemy.kernel.util.NameDuplicationException: Attempt to insert object named "MoreLibraries" into container named ".library", which already contains an object with that name.
TransformationEditor: Ignoring clone of .Utilities beause we don't known how to import it. Exception was: ptolemy.kernel.util.NameDuplicationException: Attempt to insert object named "Utilities" into container named ".library", which already contains an object with that name.
TransformationEditor: Ignoring clone of .Directors beause we don't known how to import it. Exception was: ptolemy.kernel.util.NameDuplicationException: Attempt to insert object named "Directors" into container named ".library", which already contains an object with that name.
TransformationEditor: Ignoring clone of .Actors beause we don't known how to import it. Exception was: ptolemy.kernel.util.NameDuplicationException: Attempt to insert object named "Actors" into container named ".library", which already contains an object with that name.
TransformationEditor: Ignoring clone of .MoreLibraries beause we don't known how to import it. Exception was: ptolemy.kernel.util.NameDuplicationException: Attempt to insert object named "MoreLibraries" into container named ".library", which already contains an object with that name.
TransformationEditor: Ignoring clone of .Utilities beause we don't known how to import it. Exception was: ptolemy.kernel.util.NameDuplicationException: Attempt to insert object named "Utilities" into container named ".library", which already contains an object with that name.
TransformationEditor: Ignoring clone of .Directors beause we don't known how to import it. Exception was: ptolemy.kernel.util.NameDuplicationException: Attempt to insert object named "Directors" into container named ".library", which already contains an object with that name.
TransformationEditor: Ignoring clone of .Actors beause we don't known how to import it. Exception was: ptolemy.kernel.util.NameDuplicationException: Attempt to insert object named "Actors" into container named ".library", which already contains an object with that name.
TransformationEditor: Ignoring clone of .MoreLibraries beause we don't known how to import it. Exception was: ptolemy.kernel.util.NameDuplicationException: Attempt to insert object named "MoreLibraries" into container named ".library", which already contains an object with that name.
TransformationEditor: Ignoring clone of .Utilities beause we don't known how to import it. Exception was: ptolemy.kernel.util.NameDuplicationException: Attempt to insert object named "Utilities" into container named ".library", which already contains an object with that name.
TransformationEditor: Ignoring clone of .Directors beause we don't known how to import it. Exception was: ptolemy.kernel.util.NameDuplicationException: Attempt to insert object named "Directors" into container named ".library", which already contains an object with that name.
TransformationEditor: Ignoring clone of .Actors beause we don't known how to import it. Exception was: ptolemy.kernel.util.NameDuplicationException: Attempt to insert object named "Actors" into container named ".library", which already contains an object with that name.
TransformationEditor: Ignoring clone of .MoreLibraries beause we don't known how to import it. Exception was: ptolemy.kernel.util.NameDuplicationException: Attempt to insert object named "MoreLibraries" into container named ".library", which already contains an object with that name.
TransformationEditor: Ignoring clone of .Utilities beause we don't known how to import it. Exception was: ptolemy.kernel.util.NameDuplicationException: Attempt to insert object named "Utilities" into container named ".library", which already contains an object with that name.
TransformationEditor: Ignoring clone of .Directors beause we don't known how to import it. Exception was: ptolemy.kernel.util.NameDuplicationException: Attempt to insert object named "Directors" into container named ".library", which already contains an object with that name.
TransformationEditor: Ignoring clone of .Actors beause we don't known how to import it. Exception was: ptolemy.kernel.util.NameDuplicationException: Attempt to insert object named "Actors" into container named ".library", which already contains an object with that name.
TransformationEditor: Ignoring clone of .MoreLibraries beause we don't known how to import it. Exception was: ptolemy.kernel.util.NameDuplicationException: Attempt to insert object named "MoreLibraries" into container named ".library", which already contains an object with that name.
TransformationEditor: Ignoring clone of .Utilities beause we don't known how to import it. Exception was: ptolemy.kernel.util.NameDuplicationException: Attempt to insert object named "Utilities" into container named ".library", which already contains an object with that name.
TransformationEditor: Ignoring clone of .Directors beause we don't known how to import it. Exception was: ptolemy.kernel.util.NameDuplicationException: Attempt to insert object named "Directors" into container named ".library", which already contains an object with that name.
TransformationEditor: Ignoring clone of .Actors beause we don't known how to import it. Exception was: ptolemy.kernel.util.NameDuplicationException: Attempt to insert object named "Actors" into container named ".library", which already contains an object with that name.
TransformationEditor: Ignoring clone of .MoreLibraries beause we don't known how to import it. Exception was: ptolemy.kernel.util.NameDuplicationException: Attempt to insert object named "MoreLibraries" into container named ".library", which already contains an object with that name.
TransformationEditor: Ignoring clone of .Utilities beause we don't known how to import it. Exception was: ptolemy.kernel.util.NameDuplicationException: Attempt to insert object named "Utilities" into container named ".library", which already contains an object with that name.
TransformationEditor: Ignoring clone of .Directors beause we don't known how to import it. Exception was: ptolemy.kernel.util.NameDuplicationException: Attempt to insert object named "Directors" into container named ".library", which already contains an object with that name.
TransformationEditor: Ignoring clone of .Actors beause we don't known how to import it. Exception was: ptolemy.kernel.util.NameDuplicationException: Attempt to insert object named "Actors" into container named ".library", which already contains an object with that name.
TransformationEditor: Ignoring clone of .MoreLibraries beause we don't known how to import it. Exception was: ptolemy.kernel.util.NameDuplicationException: Attempt to insert object named "MoreLibraries" into container named ".library", which already contains an object with that name.
TransformationEditor: Ignoring clone of .Utilities beause we don't known how to import it. Exception was: ptolemy.kernel.util.NameDuplicationException: Attempt to insert object named "Utilities" into container named ".library", which already contains an object with that name.
TransformationEditor: Ignoring clone of .Directors beause we don't known how to import it. Exception was: ptolemy.kernel.util.NameDuplicationException: Attempt to insert object named "Directors" into container named ".library", which already contains an object with that name.
TransformationEditor: Ignoring clone of .Actors beause we don't known how to import it. Exception was: ptolemy.kernel.util.NameDuplicationException: Attempt to insert object named "Actors" into container named ".library", which already contains an object with that name.
TransformationEditor: Ignoring clone of .MoreLibraries beause we don't known how to import it. Exception was: ptolemy.kernel.util.NameDuplicationException: Attempt to insert object named "MoreLibraries" into container named ".library", which already contains an object with that name.
TransformationEditor: Ignoring clone of .Utilities beause we don't known how to import it. Exception was: ptolemy.kernel.util.NameDuplicationException: Attempt to insert object named "Utilities" into container named ".library", which already contains an object with that name.
TransformationEditor: Ignoring clone of .Directors beause we don't known how to import it. Exception was: ptolemy.kernel.util.NameDuplicationException: Attempt to insert object named "Directors" into container named ".library", which already contains an object with that name.
TransformationEditor: Ignoring clone of .Actors beause we don't known how to import it. Exception was: ptolemy.kernel.util.NameDuplicationException: Attempt to insert object named "Actors" into container named ".library", which already contains an object with that name.
TransformationEditor: Ignoring clone of .MoreLibraries beause we don't known how to import it. Exception was: ptolemy.kernel.util.NameDuplicationException: Attempt to insert object named "MoreLibraries" into container named ".library", which already contains an object with that name.
TransformationEditor: Ignoring clone of .Utilities beause we don't known how to import it. Exception was: ptolemy.kernel.util.NameDuplicationException: Attempt to insert object named "Utilities" into container named ".library", which already contains an object with that name.
TransformationEditor: Ignoring clone of .Directors beause we don't known how to import it. Exception was: ptolemy.kernel.util.NameDuplicationException: Attempt to insert object named "Directors" into container named ".library", which already contains an object with that name.
TransformationEditor: Ignoring clone of .Actors beause we don't known how to import it. Exception was: ptolemy.kernel.util.NameDuplicationException: Attempt to insert object named "Actors" into container named ".library", which already contains an object with that name.
TransformationEditor: Ignoring clone of .MoreLibraries beause we don't known how to import it. Exception was: ptolemy.kernel.util.NameDuplicationException: Attempt to insert object named "MoreLibraries" into container named ".library", which already contains an object with that name.
TransformationEditor: Ignoring clone of .Utilities beause we don't known how to import it. Exception was: ptolemy.kernel.util.NameDuplicationException: Attempt to insert object named "Utilities" into container named ".library", which already contains an object with that name.
TransformationEditor: Ignoring clone of .Directors beause we don't known how to import it. Exception was: ptolemy.kernel.util.NameDuplicationException: Attempt to insert object named "Directors" into container named ".library", which already contains an object with that name.
TransformationEditor: Ignoring clone of .Actors beause we don't known how to import it. Exception was: ptolemy.kernel.util.NameDuplicationException: Attempt to insert object named "Actors" into container named ".library", which already contains an object with that name.
TransformationEditor: Ignoring clone of .MoreLibraries beause we don't known how to import it. Exception was: ptolemy.kernel.util.NameDuplicationException: Attempt to insert object named "MoreLibraries" into container named ".library", which already contains an object with that name.
TransformationEditor: Ignoring clone of .Utilities beause we don't known how to import it. Exception was: ptolemy.kernel.util.NameDuplicationException: Attempt to insert object named "Utilities" into container named ".library", which already contains an object with that name.
TransformationEditor: Ignoring clone of .Directors beause we don't known how to import it. Exception was: ptolemy.kernel.util.NameDuplicationException: Attempt to insert object named "Directors" into container named ".library", which already contains an object with that name.
TransformationEditor: Ignoring clone of .Actors beause we don't known how to import it. Exception was: ptolemy.kernel.util.NameDuplicationException: Attempt to insert object named "Actors" into container named ".library", which already contains an object with that name.
TransformationEditor: Ignoring clone of .MoreLibraries beause we don't known how to import it. Exception was: ptolemy.kernel.util.NameDuplicationException: Attempt to insert object named "MoreLibraries" into container named ".library", which already contains an object with that name.
TransformationEditor: Ignoring clone of .Utilities beause we don't known how to import it. Exception was: ptolemy.kernel.util.NameDuplicationException: Attempt to insert object named "Utilities" into container named ".library", which already contains an object with that name.
TransformationEditor: Ignoring clone of .Directors beause we don't known how to import it. Exception was: ptolemy.kernel.util.NameDuplicationException: Attempt to insert object named "Directors" into container named ".library", which already contains an object with that name.
TransformationEditor: Ignoring clone of .Actors beause we don't known how to import it. Exception was: ptolemy.kernel.util.NameDuplicationException: Attempt to insert object named "Actors" into container named ".library", which already contains an object with that name.
TransformationEditor: Ignoring clone of .MoreLibraries beause we don't known how to import it. Exception was: ptolemy.kernel.util.NameDuplicationException: Attempt to insert object named "MoreLibraries" into container named ".library", which already contains an object with that name.
TransformationEditor: Ignoring clone of .Utilities beause we don't known how to import it. Exception was: ptolemy.kernel.util.NameDuplicationException: Attempt to insert object named "Utilities" into container named ".library", which already contains an object with that name.
TransformationEditor: Ignoring clone of .Directors beause we don't known how to import it. Exception was: ptolemy.kernel.util.NameDuplicationException: Attempt to insert object named "Directors" into container named ".library", which already contains an object with that name.
TransformationEditor: Ignoring clone of .Actors beause we don't known how to import it. Exception was: ptolemy.kernel.util.NameDuplicationException: Attempt to insert object named "Actors" into container named ".library", which already contains an object with that name.
TransformationEditor: Ignoring clone of .MoreLibraries beause we don't known how to import it. Exception was: ptolemy.kernel.util.NameDuplicationException: Attempt to insert object named "MoreLibraries" into container named ".library", which already contains an object with that name.
TransformationEditor: Ignoring clone of .Utilities beause we don't known how to import it. Exception was: ptolemy.kernel.util.NameDuplicationException: Attempt to insert object named "Utilities" into container named ".library", which already contains an object with that name.
TransformationEditor: Ignoring clone of .Directors beause we don't known how to import it. Exception was: ptolemy.kernel.util.NameDuplicationException: Attempt to insert object named "Directors" into container named ".library", which already contains an object with that name.
TransformationEditor: Ignoring clone of .Actors beause we don't known how to import it. Exception was: ptolemy.kernel.util.NameDuplicationException: Attempt to insert object named "Actors" into container named ".library", which already contains an object with that name.
TransformationEditor: Ignoring clone of .MoreLibraries beause we don't known how to import it. Exception was: ptolemy.kernel.util.NameDuplicationException: Attempt to insert object named "MoreLibraries" into container named ".library", which already contains an object with that name.
TransformationEditor: Ignoring clone of .Utilities beause we don't known how to import it. Exception was: ptolemy.kernel.util.NameDuplicationException: Attempt to insert object named "Utilities" into container named ".library", which already contains an object with that name.
TransformationEditor: Ignoring clone of .Directors beause we don't known how to import it. Exception was: ptolemy.kernel.util.NameDuplicationException: Attempt to insert object named "Directors" into container named ".library", which already contains an object with that name.
TransformationEditor: Ignoring clone of .Actors beause we don't known how to import it. Exception was: ptolemy.kernel.util.NameDuplicationException: Attempt to insert object named "Actors" into container named ".library", which already contains an object with that name.
TransformationEditor: Ignoring clone of .MoreLibraries beause we don't known how to import it. Exception was: ptolemy.kernel.util.NameDuplicationException: Attempt to insert object named "MoreLibraries" into container named ".library", which already contains an object with that name.
TransformationEditor: Ignoring clone of .Utilities beause we don't known how to import it. Exception was: ptolemy.kernel.util.NameDuplicationException: Attempt to insert object named "Utilities" into container named ".library", which already contains an object with that name.
TransformationEditor: Ignoring clone of .Directors beause we don't known how to import it. Exception was: ptolemy.kernel.util.NameDuplicationException: Attempt to insert object named "Directors" into container named ".library", which already contains an object with that name.
TransformationEditor: Ignoring clone of .Actors beause we don't known how to import it. Exception was: ptolemy.kernel.util.NameDuplicationException: Attempt to insert object named "Actors" into container named ".library", which already contains an object with that name.
TransformationEditor: Ignoring clone of .MoreLibraries beause we don't known how to import it. Exception was: ptolemy.kernel.util.NameDuplicationException: Attempt to insert object named "MoreLibraries" into container named ".library", which already contains an object with that name.
TransformationEditor: Ignoring clone of .Utilities beause we don't known how to import it. Exception was: ptolemy.kernel.util.NameDuplicationException: Attempt to insert object named "Utilities" into container named ".library", which already contains an object with that name.
TransformationEditor: Ignoring clone of .Directors beause we don't known how to import it. Exception was: ptolemy.kernel.util.NameDuplicationException: Attempt to insert object named "Directors" into container named ".library", which already contains an object with that name.
TransformationEditor: Ignoring clone of .Actors beause we don't known how to import it. Exception was: ptolemy.kernel.util.NameDuplicationException: Attempt to insert object named "Actors" into container named ".library", which already contains an object with that name.
TransformationEditor: Ignoring clone of .MoreLibraries beause we don't known how to import it. Exception was: ptolemy.kernel.util.NameDuplicationException: Attempt to insert object named "MoreLibraries" into container named ".library", which already contains an object with that name.
TransformationEditor: Ignoring clone of .Utilities beause we don't known how to import it. Exception was: ptolemy.kernel.util.NameDuplicationException: Attempt to insert object named "Utilities" into container named ".library", which already contains an object with that name.
TransformationEditor: Ignoring clone of .Directors beause we don't known how to import it. Exception was: ptolemy.kernel.util.NameDuplicationException: Attempt to insert object named "Directors" into container named ".library", which already contains an object with that name.
TransformationEditor: Ignoring clone of .Actors beause we don't known how to import it. Exception was: ptolemy.kernel.util.NameDuplicationException: Attempt to insert object named "Actors" into container named ".library", which already contains an object with that name.
TransformationEditor: Ignoring clone of .MoreLibraries beause we don't known how to import it. Exception was: ptolemy.kernel.util.NameDuplicationException: Attempt to insert object named "MoreLibraries" into container named ".library", which already contains an object with that name.
TransformationEditor: Ignoring clone of .Utilities beause we don't known how to import it. Exception was: ptolemy.kernel.util.NameDuplicationException: Attempt to insert object named "Utilities" into container named ".library", which already contains an object with that name.
TransformationEditor: Ignoring clone of .Directors beause we don't known how to import it. Exception was: ptolemy.kernel.util.NameDuplicationException: Attempt to insert object named "Directors" into container named ".library", which already contains an object with that name.
TransformationEditor: Ignoring clone of .Actors beause we don't known how to import it. Exception was: ptolemy.kernel.util.NameDuplicationException: Attempt to insert object named "Actors" into container named ".library", which already contains an object with that name.
TransformationEditor: Ignoring clone of .MoreLibraries beause we don't known how to import it. Exception was: ptolemy.kernel.util.NameDuplicationException: Attempt to insert object named "MoreLibraries" into container named ".library", which already contains an object with that name.
TransformationEditor: Ignoring clone of .Utilities beause we don't known how to import it. Exception was: ptolemy.kernel.util.NameDuplicationException: Attempt to insert object named "Utilities" into container named ".library", which already contains an object with that name.
TransformationEditor: Ignoring clone of .Directors beause we don't known how to import it. Exception was: ptolemy.kernel.util.NameDuplicationException: Attempt to insert object named "Directors" into container named ".library", which already contains an object with that name.
TransformationEditor: Ignoring clone of .Actors beause we don't known how to import it. Exception was: ptolemy.kernel.util.NameDuplicationException: Attempt to insert object named "Actors" into container named ".library", which already contains an object with that name.
TransformationEditor: Ignoring clone of .MoreLibraries beause we don't known how to import it. Exception was: ptolemy.kernel.util.NameDuplicationException: Attempt to insert object named "MoreLibraries" into container named ".library", which already contains an object with that name.
TransformationEditor: Ignoring clone of .Utilities beause we don't known how to import it. Exception was: ptolemy.kernel.util.NameDuplicationException: Attempt to insert object named "Utilities" into container named ".library", which already contains an object with that name.
TransformationEditor: Ignoring clone of .Directors beause we don't known how to import it. Exception was: ptolemy.kernel.util.NameDuplicationException: Attempt to insert object named "Directors" into container named ".library", which already contains an object with that name.
TransformationEditor: Ignoring clone of .Actors beause we don't known how to import it. Exception was: ptolemy.kernel.util.NameDuplicationException: Attempt to insert object named "Actors" into container named ".library", which already contains an object with that name.
TransformationEditor: Ignoring clone of .MoreLibraries beause we don't known how to import it. Exception was: ptolemy.kernel.util.NameDuplicationException: Attempt to insert object named "MoreLibraries" into container named ".library", which already contains an object with that name.
TransformationEditor: Ignoring clone of .Utilities beause we don't known how to import it. Exception was: ptolemy.kernel.util.NameDuplicationException: Attempt to insert object named "Utilities" into container named ".library", which already contains an object with that name.
TransformationEditor: Ignoring clone of .Directors beause we don't known how to import it. Exception was: ptolemy.kernel.util.NameDuplicationException: Attempt to insert object named "Directors" into container named ".library", which already contains an object with that name.
TransformationEditor: Ignoring clone of .Actors beause we don't known how to import it. Exception was: ptolemy.kernel.util.NameDuplicationException: Attempt to insert object named "Actors" into container named ".library", which already contains an object with that name.
TransformationEditor: Ignoring clone of .MoreLibraries beause we don't known how to import it. Exception was: ptolemy.kernel.util.NameDuplicationException: Attempt to insert object named "MoreLibraries" into container named ".library", which already contains an object with that name.
TransformationEditor: Ignoring clone of .Utilities beause we don't known how to import it. Exception was: ptolemy.kernel.util.NameDuplicationException: Attempt to insert object named "Utilities" into container named ".library", which already contains an object with that name.
TransformationEditor: Ignoring clone of .Directors beause we don't known how to import it. Exception was: ptolemy.kernel.util.NameDuplicationException: Attempt to insert object named "Directors" into container named ".library", which already contains an object with that name.
TransformationEditor: Ignoring clone of .Actors beause we don't known how to import it. Exception was: ptolemy.kernel.util.NameDuplicationException: Attempt to insert object named "Actors" into container named ".library", which already contains an object with that name.
TransformationEditor: Ignoring clone of .MoreLibraries beause we don't known how to import it. Exception was: ptolemy.kernel.util.NameDuplicationException: Attempt to insert object named "MoreLibraries" into container named ".library", which already contains an object with that name.
TransformationEditor: Ignoring clone of .Utilities beause we don't known how to import it. Exception was: ptolemy.kernel.util.NameDuplicationException: Attempt to insert object named "Utilities" into container named ".library", which already contains an object with that name.
TransformationEditor: Ignoring clone of .Directors beause we don't known how to import it. Exception was: ptolemy.kernel.util.NameDuplicationException: Attempt to insert object named "Directors" into container named ".library", which already contains an object with that name.
TransformationEditor: Ignoring clone of .Actors beause we don't known how to import it. Exception was: ptolemy.kernel.util.NameDuplicationException: Attempt to insert object named "Actors" into container named ".library", which already contains an object with that name.
TransformationEditor: Ignoring clone of .MoreLibraries beause we don't known how to import it. Exception was: ptolemy.kernel.util.NameDuplicationException: Attempt to insert object named "MoreLibraries" into container named ".library", which already contains an object with that name.
TransformationEditor: Ignoring clone of .Utilities beause we don't known how to import it. Exception was: ptolemy.kernel.util.NameDuplicationException: Attempt to insert object named "Utilities" into container named ".library", which already contains an object with that name.
TransformationEditor: Ignoring clone of .Directors beause we don't known how to import it. Exception was: ptolemy.kernel.util.NameDuplicationException: Attempt to insert object named "Directors" into container named ".library", which already contains an object with that name.
TransformationEditor: Ignoring clone of .Actors beause we don't known how to import it. Exception was: ptolemy.kernel.util.NameDuplicationException: Attempt to insert object named "Actors" into container named ".library", which already contains an object with that name.
TransformationEditor: Ignoring clone of .MoreLibraries beause we don't known how to import it. Exception was: ptolemy.kernel.util.NameDuplicationException: Attempt to insert object named "MoreLibraries" into container named ".library", which already contains an object with that name.
TransformationEditor: Ignoring clone of .Utilities beause we don't known how to import it. Exception was: ptolemy.kernel.util.NameDuplicationException: Attempt to insert object named "Utilities" into container named ".library", which already contains an object with that name.
TransformationEditor: Ignoring clone of .Directors beause we don't known how to import it. Exception was: ptolemy.kernel.util.NameDuplicationException: Attempt to insert object named "Directors" into container named ".library", which already contains an object with that name.
TransformationEditor: Ignoring clone of .Actors beause we don't known how to import it. Exception was: ptolemy.kernel.util.NameDuplicationException: Attempt to insert object named "Actors" into container named ".library", which already contains an object with that name.
TransformationEditor: Ignoring clone of .MoreLibraries beause we don't known how to import it. Exception was: ptolemy.kernel.util.NameDuplicationException: Attempt to insert object named "MoreLibraries" into container named ".library", which already contains an object with that name.
TransformationEditor: Ignoring clone of .Utilities beause we don't known how to import it. Exception was: ptolemy.kernel.util.NameDuplicationException: Attempt to insert object named "Utilities" into container named ".library", which already contains an object with that name.
TransformationEditor: Ignoring clone of .Directors beause we don't known how to import it. Exception was: ptolemy.kernel.util.NameDuplicationException: Attempt to insert object named "Directors" into container named ".library", which already contains an object with that name.
TransformationEditor: Ignoring clone of .Actors beause we don't known how to import it. Exception was: ptolemy.kernel.util.NameDuplicationException: Attempt to insert object named "Actors" into container named ".library", which already contains an object with that name.
TransformationEditor: Ignoring clone of .MoreLibraries beause we don't known how to import it. Exception was: ptolemy.kernel.util.NameDuplicationException: Attempt to insert object named "MoreLibraries" into container named ".library", which already contains an object with that name.
TransformationEditor: Ignoring clone of .Utilities beause we don't known how to import it. Exception was: ptolemy.kernel.util.NameDuplicationException: Attempt to insert object named "Utilities" into container named ".library", which already contains an object with that name.
TransformationEditor: Ignoring clone of .Directors beause we don't known how to import it. Exception was: ptolemy.kernel.util.NameDuplicationException: Attempt to insert object named "Directors" into container named ".library", which already contains an object with that name.
TransformationEditor: Ignoring clone of .Actors beause we don't known how to import it. Exception was: ptolemy.kernel.util.NameDuplicationException: Attempt to insert object named "Actors" into container named ".library", which already contains an object with that name.
TransformationEditor: Ignoring clone of .MoreLibraries beause we don't known how to import it. Exception was: ptolemy.kernel.util.NameDuplicationException: Attempt to insert object named "MoreLibraries" into container named ".library", which already contains an object with that name.
TransformationEditor: Ignoring clone of .Utilities beause we don't known how to import it. Exception was: ptolemy.kernel.util.NameDuplicationException: Attempt to insert object named "Utilities" into container named ".library", which already contains an object with that name.
TransformationEditor: Ignoring clone of .Directors beause we don't known how to import it. Exception was: ptolemy.kernel.util.NameDuplicationException: Attempt to insert object named "Directors" into container named ".library", which already contains an object with that name.
TransformationEditor: Ignoring clone of .Actors beause we don't known how to import it. Exception was: ptolemy.kernel.util.NameDuplicationException: Attempt to insert object named "Actors" into container named ".library", which already contains an object with that name.
TransformationEditor: Ignoring clone of .MoreLibraries beause we don't known how to import it. Exception was: ptolemy.kernel.util.NameDuplicationException: Attempt to insert object named "MoreLibraries" into container named ".library", which already contains an object with that name.
TransformationEditor: Ignoring clone of .Utilities beause we don't known how to import it. Exception was: ptolemy.kernel.util.NameDuplicationException: Attempt to insert object named "Utilities" into container named ".library", which already contains an object with that name.
TransformationEditor: Ignoring clone of .Directors beause we don't known how to import it. Exception was: ptolemy.kernel.util.NameDuplicationException: Attempt to insert object named "Directors" into container named ".library", which already contains an object with that name.
TransformationEditor: Ignoring clone of .Actors beause we don't known how to import it. Exception was: ptolemy.kernel.util.NameDuplicationException: Attempt to insert object named "Actors" into container named ".library", which already contains an object with that name.
TransformationEditor: Ignoring clone of .MoreLibraries beause we don't known how to import it. Exception was: ptolemy.kernel.util.NameDuplicationException: Attempt to insert object named "MoreLibraries" into container named ".library", which already contains an object with that name.
TransformationEditor: Ignoring clone of .Utilities beause we don't known how to import it. Exception was: ptolemy.kernel.util.NameDuplicationException: Attempt to insert object named "Utilities" into container named ".library", which already contains an object with that name.
TransformationEditor: Ignoring clone of .Directors beause we don't known how to import it. Exception was: ptolemy.kernel.util.NameDuplicationException: Attempt to insert object named "Directors" into container named ".library", which already contains an object with that name.
TransformationEditor: Ignoring clone of .Actors beause we don't known how to import it. Exception was: ptolemy.kernel.util.NameDuplicationException: Attempt to insert object named "Actors" into container named ".library", which already contains an object with that name.
TransformationEditor: Ignoring clone of .MoreLibraries beause we don't known how to import it. Exception was: ptolemy.kernel.util.NameDuplicationException: Attempt to insert object named "MoreLibraries" into container named ".library", which already contains an object with that name.
TransformationEditor: Ignoring clone of .Utilities beause we don't known how to import it. Exception was: ptolemy.kernel.util.NameDuplicationException: Attempt to insert object named "Utilities" into container named ".library", which already contains an object with that name.
TransformationEditor: Ignoring clone of .Directors beause we don't known how to import it. Exception was: ptolemy.kernel.util.NameDuplicationException: Attempt to insert object named "Directors" into container named ".library", which already contains an object with that name.
TransformationEditor: Ignoring clone of .Actors beause we don't known how to import it. Exception was: ptolemy.kernel.util.NameDuplicationException: Attempt to insert object named "Actors" into container named ".library", which already contains an object with that name.
TransformationEditor: Ignoring clone of .MoreLibraries beause we don't known how to import it. Exception was: ptolemy.kernel.util.NameDuplicationException: Attempt to insert object named "MoreLibraries" into container named ".library", which already contains an object with that name.
TransformationEditor: Ignoring clone of .Utilities beause we don't known how to import it. Exception was: ptolemy.kernel.util.NameDuplicationException: Attempt to insert object named "Utilities" into container named ".library", which already contains an object with that name.
TransformationEditor: Ignoring clone of .Directors beause we don't known how to import it. Exception was: ptolemy.kernel.util.NameDuplicationException: Attempt to insert object named "Directors" into container named ".library", which already contains an object with that name.
TransformationEditor: Ignoring clone of .Actors beause we don't known how to import it. Exception was: ptolemy.kernel.util.NameDuplicationException: Attempt to insert object named "Actors" into container named ".library", which already contains an object with that name.
TransformationEditor: Ignoring clone of .MoreLibraries beause we don't known how to import it. Exception was: ptolemy.kernel.util.NameDuplicationException: Attempt to insert object named "MoreLibraries" into container named ".library", which already contains an object with that name.
TransformationEditor: Ignoring clone of .Utilities beause we don't known how to import it. Exception was: ptolemy.kernel.util.NameDuplicationException: Attempt to insert object named "Utilities" into container named ".library", which already contains an object with that name.
TransformationEditor: Ignoring clone of .Directors beause we don't known how to import it. Exception was: ptolemy.kernel.util.NameDuplicationException: Attempt to insert object named "Directors" into container named ".library", which already contains an object with that name.
TransformationEditor: Ignoring clone of .Actors beause we don't known how to import it. Exception was: ptolemy.kernel.util.NameDuplicationException: Attempt to insert object named "Actors" into container named ".library", which already contains an object with that name.
TransformationEditor: Ignoring clone of .MoreLibraries beause we don't known how to import it. Exception was: ptolemy.kernel.util.NameDuplicationException: Attempt to insert object named "MoreLibraries" into container named ".library", which already contains an object with that name.
TransformationEditor: Ignoring clone of .Utilities beause we don't known how to import it. Exception was: ptolemy.kernel.util.NameDuplicationException: Attempt to insert object named "Utilities" into container named ".library", which already contains an object with that name.
TransformationEditor: Ignoring clone of .Directors beause we don't known how to import it. Exception was: ptolemy.kernel.util.NameDuplicationException: Attempt to insert object named "Directors" into container named ".library", which already contains an object with that name.
TransformationEditor: Ignoring clone of .Actors beause we don't known how to import it. Exception was: ptolemy.kernel.util.NameDuplicationException: Attempt to insert object named "Actors" into container named ".library", which already contains an object with that name.
TransformationEditor: Ignoring clone of .MoreLibraries beause we don't known how to import it. Exception was: ptolemy.kernel.util.NameDuplicationException: Attempt to insert object named "MoreLibraries" into container named ".library", which already contains an object with that name.
TransformationEditor: Ignoring clone of .Utilities beause we don't known how to import it. Exception was: ptolemy.kernel.util.NameDuplicationException: Attempt to insert object named "Utilities" into container named ".library", which already contains an object with that name.
TransformationEditor: Ignoring clone of .Directors beause we don't known how to import it. Exception was: ptolemy.kernel.util.NameDuplicationException: Attempt to insert object named "Directors" into container named ".library", which already contains an object with that name.
TransformationEditor: Ignoring clone of .Actors beause we don't known how to import it. Exception was: ptolemy.kernel.util.NameDuplicationException: Attempt to insert object named "Actors" into container named ".library", which already contains an object with that name.
TransformationEditor: Ignoring clone of .MoreLibraries beause we don't known how to import it. Exception was: ptolemy.kernel.util.NameDuplicationException: Attempt to insert object named "MoreLibraries" into container named ".library", which already contains an object with that name.
TransformationEditor: Ignoring clone of .Utilities beause we don't known how to import it. Exception was: ptolemy.kernel.util.NameDuplicationException: Attempt to insert object named "Utilities" into container named ".library", which already contains an object with that name.
TransformationEditor: Ignoring clone of .Directors beause we don't known how to import it. Exception was: ptolemy.kernel.util.NameDuplicationException: Attempt to insert object named "Directors" into container named ".library", which already contains an object with that name.
TransformationEditor: Ignoring clone of .Actors beause we don't known how to import it. Exception was: ptolemy.kernel.util.NameDuplicationException: Attempt to insert object named "Actors" into container named ".library", which already contains an object with that name.
TransformationEditor: Ignoring clone of .MoreLibraries beause we don't known how to import it. Exception was: ptolemy.kernel.util.NameDuplicationException: Attempt to insert object named "MoreLibraries" into container named ".library", which already contains an object with that name.
TransformationEditor: Ignoring clone of .Utilities beause we don't known how to import it. Exception was: ptolemy.kernel.util.NameDuplicationException: Attempt to insert object named "Utilities" into container named ".library", which already contains an object with that name.
TransformationEditor: Ignoring clone of .Directors beause we don't known how to import it. Exception was: ptolemy.kernel.util.NameDuplicationException: Attempt to insert object named "Directors" into container named ".library", which already contains an object with that name.
TransformationEditor: Ignoring clone of .Actors beause we don't known how to import it. Exception was: ptolemy.kernel.util.NameDuplicationException: Attempt to insert object named "Actors" into container named ".library", which already contains an object with that name.
TransformationEditor: Ignoring clone of .MoreLibraries beause we don't known how to import it. Exception was: ptolemy.kernel.util.NameDuplicationException: Attempt to insert object named "MoreLibraries" into container named ".library", which already contains an object with that name.
TransformationEditor: Ignoring clone of .Utilities beause we don't known how to import it. Exception was: ptolemy.kernel.util.NameDuplicationException: Attempt to insert object named "Utilities" into container named ".library", which already contains an object with that name.
TransformationEditor: Ignoring clone of .Directors beause we don't known how to import it. Exception was: ptolemy.kernel.util.NameDuplicationException: Attempt to insert object named "Directors" into container named ".library", which already contains an object with that name.
TransformationEditor: Ignoring clone of .Actors beause we don't known how to import it. Exception was: ptolemy.kernel.util.NameDuplicationException: Attempt to insert object named "Actors" into container named ".library", which already contains an object with that name.
TransformationEditor: Ignoring clone of .MoreLibraries beause we don't known how to import it. Exception was: ptolemy.kernel.util.NameDuplicationException: Attempt to insert object named "MoreLibraries" into container named ".library", which already contains an object with that name.
TransformationEditor: Ignoring clone of .Utilities beause we don't known how to import it. Exception was: ptolemy.kernel.util.NameDuplicationException: Attempt to insert object named "Utilities" into container named ".library", which already contains an object with that name.
TransformationEditor: Ignoring clone of .Directors beause we don't known how to import it. Exception was: ptolemy.kernel.util.NameDuplicationException: Attempt to insert object named "Directors" into container named ".library", which already contains an object with that name.
TransformationEditor: Ignoring clone of .Actors beause we don't known how to import it. Exception was: ptolemy.kernel.util.NameDuplicationException: Attempt to insert object named "Actors" into container named ".library", which already contains an object with that name.
TransformationEditor: Ignoring clone of .MoreLibraries beause we don't known how to import it. Exception was: ptolemy.kernel.util.NameDuplicationException: Attempt to insert object named "MoreLibraries" into container named ".library", which already contains an object with that name.
TransformationEditor: Ignoring clone of .Utilities beause we don't known how to import it. Exception was: ptolemy.kernel.util.NameDuplicationException: Attempt to insert object named "Utilities" into container named ".library", which already contains an object with that name.
TransformationEditor: Ignoring clone of .Directors beause we don't known how to import it. Exception was: ptolemy.kernel.util.NameDuplicationException: Attempt to insert object named "Directors" into container named ".library", which already contains an object with that name.
TransformationEditor: Ignoring clone of .Actors beause we don't known how to import it. Exception was: ptolemy.kernel.util.NameDuplicationException: Attempt to insert object named "Actors" into container named ".library", which already contains an object with that name.
TransformationEditor: Ignoring clone of .MoreLibraries beause we don't known how to import it. Exception was: ptolemy.kernel.util.NameDuplicationException: Attempt to insert object named "MoreLibraries" into container named ".library", which already contains an object with that name.
TransformationEditor: Ignoring clone of .Utilities beause we don't known how to import it. Exception was: ptolemy.kernel.util.NameDuplicationException: Attempt to insert object named "Utilities" into container named ".library", which already contains an object with that name.
TransformationEditor: Ignoring clone of .Directors beause we don't known how to import it. Exception was: ptolemy.kernel.util.NameDuplicationException: Attempt to insert object named "Directors" into container named ".library", which already contains an object with that name.
TransformationEditor: Ignoring clone of .Actors beause we don't known how to import it. Exception was: ptolemy.kernel.util.NameDuplicationException: Attempt to insert object named "Actors" into container named ".library", which already contains an object with that name.
TransformationEditor: Ignoring clone of .MoreLibraries beause we don't known how to import it. Exception was: ptolemy.kernel.util.NameDuplicationException: Attempt to insert object named "MoreLibraries" into container named ".library", which already contains an object with that name.
TransformationEditor: Ignoring clone of .Utilities beause we don't known how to import it. Exception was: ptolemy.kernel.util.NameDuplicationException: Attempt to insert object named "Utilities" into container named ".library", which already contains an object with that name.
TransformationEditor: Ignoring clone of .Directors beause we don't known how to import it. Exception was: ptolemy.kernel.util.NameDuplicationException: Attempt to insert object named "Directors" into container named ".library", which already contains an object with that name.
TransformationEditor: Ignoring clone of .Actors beause we don't known how to import it. Exception was: ptolemy.kernel.util.NameDuplicationException: Attempt to insert object named "Actors" into container named ".library", which already contains an object with that name.
TransformationEditor: Ignoring clone of .MoreLibraries beause we don't known how to import it. Exception was: ptolemy.kernel.util.NameDuplicationException: Attempt to insert object named "MoreLibraries" into container named ".library", which already contains an object with that name.
TransformationEditor: Ignoring clone of .Utilities beause we don't known how to import it. Exception was: ptolemy.kernel.util.NameDuplicationException: Attempt to insert object named "Utilities" into container named ".library", which already contains an object with that name.
TransformationEditor: Ignoring clone of .Directors beause we don't known how to import it. Exception was: ptolemy.kernel.util.NameDuplicationException: Attempt to insert object named "Directors" into container named ".library", which already contains an object with that name.
TransformationEditor: Ignoring clone of .Actors beause we don't known how to import it. Exception was: ptolemy.kernel.util.NameDuplicationException: Attempt to insert object named "Actors" into container named ".library", which already contains an object with that name.
TransformationEditor: Ignoring clone of .MoreLibraries beause we don't known how to import it. Exception was: ptolemy.kernel.util.NameDuplicationException: Attempt to insert object named "MoreLibraries" into container named ".library", which already contains an object with that name.
TransformationEditor: Ignoring clone of .Utilities beause we don't known how to import it. Exception was: ptolemy.kernel.util.NameDuplicationException: Attempt to insert object named "Utilities" into container named ".library", which already contains an object with that name.
TransformationEditor: Ignoring clone of .Directors beause we don't known how to import it. Exception was: ptolemy.kernel.util.NameDuplicationException: Attempt to insert object named "Directors" into container named ".library", which already contains an object with that name.
TransformationEditor: Ignoring clone of .Actors beause we don't known how to import it. Exception was: ptolemy.kernel.util.NameDuplicationException: Attempt to insert object named "Actors" into container named ".library", which already contains an object with that name.
TransformationEditor: Ignoring clone of .MoreLibraries beause we don't known how to import it. Exception was: ptolemy.kernel.util.NameDuplicationException: Attempt to insert object named "MoreLibraries" into container named ".library", which already contains an object with that name.
TransformationEditor: Ignoring clone of .Utilities beause we don't known how to import it. Exception was: ptolemy.kernel.util.NameDuplicationException: Attempt to insert object named "Utilities" into container named ".library", which already contains an object with that name.
TransformationEditor: Ignoring clone of .Directors beause we don't known how to import it. Exception was: ptolemy.kernel.util.NameDuplicationException: Attempt to insert object named "Directors" into container named ".library", which already contains an object with that name.
TransformationEditor: Ignoring clone of .Actors beause we don't known how to import it. Exception was: ptolemy.kernel.util.NameDuplicationException: Attempt to insert object named "Actors" into container named ".library", which already contains an object with that name.
TransformationEditor: Ignoring clone of .MoreLibraries beause we don't known how to import it. Exception was: ptolemy.kernel.util.NameDuplicationException: Attempt to insert object named "MoreLibraries" into container named ".library", which already contains an object with that name.
TransformationEditor: Ignoring clone of .Utilities beause we don't known how to import it. Exception was: ptolemy.kernel.util.NameDuplicationException: Attempt to insert object named "Utilities" into container named ".library", which already contains an object with that name.
TransformationEditor: Ignoring clone of .Directors beause we don't known how to import it. Exception was: ptolemy.kernel.util.NameDuplicationException: Attempt to insert object named "Directors" into container named ".library", which already contains an object with that name.
TransformationEditor: Ignoring clone of .Actors beause we don't known how to import it. Exception was: ptolemy.kernel.util.NameDuplicationException: Attempt to insert object named "Actors" into container named ".library", which already contains an object with that name.
TransformationEditor: Ignoring clone of .MoreLibraries beause we don't known how to import it. Exception was: ptolemy.kernel.util.NameDuplicationException: Attempt to insert object named "MoreLibraries" into container named ".library", which already contains an object with that name.
TransformationEditor: Ignoring clone of .Utilities beause we don't known how to import it. Exception was: ptolemy.kernel.util.NameDuplicationException: Attempt to insert object named "Utilities" into container named ".library", which already contains an object with that name.
TransformationEditor: Ignoring clone of .Directors beause we don't known how to import it. Exception was: ptolemy.kernel.util.NameDuplicationException: Attempt to insert object named "Directors" into container named ".library", which already contains an object with that name.
TransformationEditor: Ignoring clone of .Actors beause we don't known how to import it. Exception was: ptolemy.kernel.util.NameDuplicationException: Attempt to insert object named "Actors" into container named ".library", which already contains an object with that name.
TransformationEditor: Ignoring clone of .MoreLibraries beause we don't known how to import it. Exception was: ptolemy.kernel.util.NameDuplicationException: Attempt to insert object named "MoreLibraries" into container named ".library", which already contains an object with that name.
TransformationEditor: Ignoring clone of .Utilities beause we don't known how to import it. Exception was: ptolemy.kernel.util.NameDuplicationException: Attempt to insert object named "Utilities" into container named ".library", which already contains an object with that name.
TransformationEditor: Ignoring clone of .Directors beause we don't known how to import it. Exception was: ptolemy.kernel.util.NameDuplicationException: Attempt to insert object named "Directors" into container named ".library", which already contains an object with that name.
TransformationEditor: Ignoring clone of .Actors beause we don't known how to import it. Exception was: ptolemy.kernel.util.NameDuplicationException: Attempt to insert object named "Actors" into container named ".library", which already contains an object with that name.
TransformationEditor: Ignoring clone of .MoreLibraries beause we don't known how to import it. Exception was: ptolemy.kernel.util.NameDuplicationException: Attempt to insert object named "MoreLibraries" into container named ".library", which already contains an object with that name.
TransformationEditor: Ignoring clone of .Utilities beause we don't known how to import it. Exception was: ptolemy.kernel.util.NameDuplicationException: Attempt to insert object named "Utilities" into container named ".library", which already contains an object with that name.
TransformationEditor: Ignoring clone of .Directors beause we don't known how to import it. Exception was: ptolemy.kernel.util.NameDuplicationException: Attempt to insert object named "Directors" into container named ".library", which already contains an object with that name.
TransformationEditor: Ignoring clone of .Actors beause we don't known how to import it. Exception was: ptolemy.kernel.util.NameDuplicationException: Attempt to insert object named "Actors" into container named ".library", which already contains an object with that name.
TransformationEditor: Ignoring clone of .MoreLibraries beause we don't known how to import it. Exception was: ptolemy.kernel.util.NameDuplicationException: Attempt to insert object named "MoreLibraries" into container named ".library", which already contains an object with that name.
TransformationEditor: Ignoring clone of .Utilities beause we don't known how to import it. Exception was: ptolemy.kernel.util.NameDuplicationException: Attempt to insert object named "Utilities" into container named ".library", which already contains an object with that name.
TransformationEditor: Ignoring clone of .Directors beause we don't known how to import it. Exception was: ptolemy.kernel.util.NameDuplicationException: Attempt to insert object named "Directors" into container named ".library", which already contains an object with that name.
TransformationEditor: Ignoring clone of .Actors beause we don't known how to import it. Exception was: ptolemy.kernel.util.NameDuplicationException: Attempt to insert object named "Actors" into container named ".library", which already contains an object with that name.
TransformationEditor: Ignoring clone of .MoreLibraries beause we don't known how to import it. Exception was: ptolemy.kernel.util.NameDuplicationException: Attempt to insert object named "MoreLibraries" into container named ".library", which already contains an object with that name.
TransformationEditor: Ignoring clone of .Utilities beause we don't known how to import it. Exception was: ptolemy.kernel.util.NameDuplicationException: Attempt to insert object named "Utilities" into container named ".library", which already contains an object with that name.
TransformationEditor: Ignoring clone of .Directors beause we don't known how to import it. Exception was: ptolemy.kernel.util.NameDuplicationException: Attempt to insert object named "Directors" into container named ".library", which already contains an object with that name.
TransformationEditor: Ignoring clone of .Actors beause we don't known how to import it. Exception was: ptolemy.kernel.util.NameDuplicationException: Attempt to insert object named "Actors" into container named ".library", which already contains an object with that name.
TransformationEditor: Ignoring clone of .MoreLibraries beause we don't known how to import it. Exception was: ptolemy.kernel.util.NameDuplicationException: Attempt to insert object named "MoreLibraries" into container named ".library", which already contains an object with that name.
TransformationEditor: Ignoring clone of .Utilities beause we don't known how to import it. Exception was: ptolemy.kernel.util.NameDuplicationException: Attempt to insert object named "Utilities" into container named ".library", which already contains an object with that name.
TransformationEditor: Ignoring clone of .Directors beause we don't known how to import it. Exception was: ptolemy.kernel.util.NameDuplicationException: Attempt to insert object named "Directors" into container named ".library", which already contains an object with that name.
TransformationEditor: Ignoring clone of .Actors beause we don't known how to import it. Exception was: ptolemy.kernel.util.NameDuplicationException: Attempt to insert object named "Actors" into container named ".library", which already contains an object with that name.
TransformationEditor: Ignoring clone of .MoreLibraries beause we don't known how to import it. Exception was: ptolemy.kernel.util.NameDuplicationException: Attempt to insert object named "MoreLibraries" into container named ".library", which already contains an object with that name.
TransformationEditor: Ignoring clone of .Utilities beause we don't known how to import it. Exception was: ptolemy.kernel.util.NameDuplicationException: Attempt to insert object named "Utilities" into container named ".library", which already contains an object with that name.
TransformationEditor: Ignoring clone of .Directors beause we don't known how to import it. Exception was: ptolemy.kernel.util.NameDuplicationException: Attempt to insert object named "Directors" into container named ".library", which already contains an object with that name.
TransformationEditor: Ignoring clone of .Actors beause we don't known how to import it. Exception was: ptolemy.kernel.util.NameDuplicationException: Attempt to insert object named "Actors" into container named ".library", which already contains an object with that name.
TransformationEditor: Ignoring clone of .MoreLibraries beause we don't known how to import it. Exception was: ptolemy.kernel.util.NameDuplicationException: Attempt to insert object named "MoreLibraries" into container named ".library", which already contains an object with that name.
TransformationEditor: Ignoring clone of .Utilities beause we don't known how to import it. Exception was: ptolemy.kernel.util.NameDuplicationException: Attempt to insert object named "Utilities" into container named ".library", which already contains an object with that name.
TransformationEditor: Ignoring clone of .Directors beause we don't known how to import it. Exception was: ptolemy.kernel.util.NameDuplicationException: Attempt to insert object named "Directors" into container named ".library", which already contains an object with that name.
TransformationEditor: Ignoring clone of .Actors beause we don't known how to import it. Exception was: ptolemy.kernel.util.NameDuplicationException: Attempt to insert object named "Actors" into container named ".library", which already contains an object with that name.
TransformationEditor: Ignoring clone of .MoreLibraries beause we don't known how to import it. Exception was: ptolemy.kernel.util.NameDuplicationException: Attempt to insert object named "MoreLibraries" into container named ".library", which already contains an object with that name.
TransformationEditor: Ignoring clone of .Utilities beause we don't known how to import it. Exception was: ptolemy.kernel.util.NameDuplicationException: Attempt to insert object named "Utilities" into container named ".library", which already contains an object with that name.
TransformationEditor: Ignoring clone of .Directors beause we don't known how to import it. Exception was: ptolemy.kernel.util.NameDuplicationException: Attempt to insert object named "Directors" into container named ".library", which already contains an object with that name.
TransformationEditor: Ignoring clone of .Actors beause we don't known how to import it. Exception was: ptolemy.kernel.util.NameDuplicationException: Attempt to insert object named "Actors" into container named ".library", which already contains an object with that name.
TransformationEditor: Ignoring clone of .MoreLibraries beause we don't known how to import it. Exception was: ptolemy.kernel.util.NameDuplicationException: Attempt to insert object named "MoreLibraries" into container named ".library", which already contains an object with that name.
TransformationEditor: Ignoring clone of .Utilities beause we don't known how to import it. Exception was: ptolemy.kernel.util.NameDuplicationException: Attempt to insert object named "Utilities" into container named ".library", which already contains an object with that name.
TransformationEditor: Ignoring clone of .Directors beause we don't known how to import it. Exception was: ptolemy.kernel.util.NameDuplicationException: Attempt to insert object named "Directors" into container named ".library", which already contains an object with that name.
TransformationEditor: Ignoring clone of .Actors beause we don't known how to import it. Exception was: ptolemy.kernel.util.NameDuplicationException: Attempt to insert object named "Actors" into container named ".library", which already contains an object with that name.
TransformationEditor: Ignoring clone of .MoreLibraries beause we don't known how to import it. Exception was: ptolemy.kernel.util.NameDuplicationException: Attempt to insert object named "MoreLibraries" into container named ".library", which already contains an object with that name.
TransformationEditor: Ignoring clone of .Utilities beause we don't known how to import it. Exception was: ptolemy.kernel.util.NameDuplicationException: Attempt to insert object named "Utilities" into container named ".library", which already contains an object with that name.
TransformationEditor: Ignoring clone of .Directors beause we don't known how to import it. Exception was: ptolemy.kernel.util.NameDuplicationException: Attempt to insert object named "Directors" into container named ".library", which already contains an object with that name.
TransformationEditor: Ignoring clone of .Actors beause we don't known how to import it. Exception was: ptolemy.kernel.util.NameDuplicationException: Attempt to insert object named "Actors" into container named ".library", which already contains an object with that name.
TransformationEditor: Ignoring clone of .MoreLibraries beause we don't known how to import it. Exception was: ptolemy.kernel.util.NameDuplicationException: Attempt to insert object named "MoreLibraries" into container named ".library", which already contains an object with that name.
TransformationEditor: Ignoring clone of .Utilities beause we don't known how to import it. Exception was: ptolemy.kernel.util.NameDuplicationException: Attempt to insert object named "Utilities" into container named ".library", which already contains an object with that name.
TransformationEditor: Ignoring clone of .Directors beause we don't known how to import it. Exception was: ptolemy.kernel.util.NameDuplicationException: Attempt to insert object named "Directors" into container named ".library", which already contains an object with that name.
TransformationEditor: Ignoring clone of .Actors beause we don't known how to import it. Exception was: ptolemy.kernel.util.NameDuplicationException: Attempt to insert object named "Actors" into container named ".library", which already contains an object with that name.
TransformationEditor: Ignoring clone of .MoreLibraries beause we don't known how to import it. Exception was: ptolemy.kernel.util.NameDuplicationException: Attempt to insert object named "MoreLibraries" into container named ".library", which already contains an object with that name.
TransformationEditor: Ignoring clone of .Utilities beause we don't known how to import it. Exception was: ptolemy.kernel.util.NameDuplicationException: Attempt to insert object named "Utilities" into container named ".library", which already contains an object with that name.
TransformationEditor: Ignoring clone of .Directors beause we don't known how to import it. Exception was: ptolemy.kernel.util.NameDuplicationException: Attempt to insert object named "Directors" into container named ".library", which already contains an object with that name.
TransformationEditor: Ignoring clone of .Actors beause we don't known how to import it. Exception was: ptolemy.kernel.util.NameDuplicationException: Attempt to insert object named "Actors" into container named ".library", which already contains an object with that name.
TransformationEditor: Ignoring clone of .MoreLibraries beause we don't known how to import it. Exception was: ptolemy.kernel.util.NameDuplicationException: Attempt to insert object named "MoreLibraries" into container named ".library", which already contains an object with that name.
TransformationEditor: Ignoring clone of .Utilities beause we don't known how to import it. Exception was: ptolemy.kernel.util.NameDuplicationException: Attempt to insert object named "Utilities" into container named ".library", which already contains an object with that name.
TransformationEditor: Ignoring clone of .Directors beause we don't known how to import it. Exception was: ptolemy.kernel.util.NameDuplicationException: Attempt to insert object named "Directors" into container named ".library", which already contains an object with that name.
TransformationEditor: Ignoring clone of .Actors beause we don't known how to import it. Exception was: ptolemy.kernel.util.NameDuplicationException: Attempt to insert object named "Actors" into container named ".library", which already contains an object with that name.
TransformationEditor: Ignoring clone of .MoreLibraries beause we don't known how to import it. Exception was: ptolemy.kernel.util.NameDuplicationException: Attempt to insert object named "MoreLibraries" into container named ".library", which already contains an object with that name.
TransformationEditor: Ignoring clone of .Utilities beause we don't known how to import it. Exception was: ptolemy.kernel.util.NameDuplicationException: Attempt to insert object named "Utilities" into container named ".library", which already contains an object with that name.
TransformationEditor: Ignoring clone of .Directors beause we don't known how to import it. Exception was: ptolemy.kernel.util.NameDuplicationException: Attempt to insert object named "Directors" into container named ".library", which already contains an object with that name.
TransformationEditor: Ignoring clone of .Actors beause we don't known how to import it. Exception was: ptolemy.kernel.util.NameDuplicationException: Attempt to insert object named "Actors" into container named ".library", which already contains an object with that name.
TransformationEditor: Ignoring clone of .MoreLibraries beause we don't known how to import it. Exception was: ptolemy.kernel.util.NameDuplicationException: Attempt to insert object named "MoreLibraries" into container named ".library", which already contains an object with that name.
TransformationEditor: Ignoring clone of .Utilities beause we don't known how to import it. Exception was: ptolemy.kernel.util.NameDuplicationException: Attempt to insert object named "Utilities" into container named ".library", which already contains an object with that name.
TransformationEditor: Ignoring clone of .Directors beause we don't known how to import it. Exception was: ptolemy.kernel.util.NameDuplicationException: Attempt to insert object named "Directors" into container named ".library", which already contains an object with that name.
TransformationEditor: Ignoring clone of .Actors beause we don't known how to import it. Exception was: ptolemy.kernel.util.NameDuplicationException: Attempt to insert object named "Actors" into container named ".library", which already contains an object with that name.
TransformationEditor: Ignoring clone of .MoreLibraries beause we don't known how to import it. Exception was: ptolemy.kernel.util.NameDuplicationException: Attempt to insert object named "MoreLibraries" into container named ".library", which already contains an object with that name.
TransformationEditor: Ignoring clone of .Utilities beause we don't known how to import it. Exception was: ptolemy.kernel.util.NameDuplicationException: Attempt to insert object named "Utilities" into container named ".library", which already contains an object with that name.
TransformationEditor: Ignoring clone of .Directors beause we don't known how to import it. Exception was: ptolemy.kernel.util.NameDuplicationException: Attempt to insert object named "Directors" into container named ".library", which already contains an object with that name.
TransformationEditor: Ignoring clone of .Actors beause we don't known how to import it. Exception was: ptolemy.kernel.util.NameDuplicationException: Attempt to insert object named "Actors" into container named ".library", which already contains an object with that name.
TransformationEditor: Ignoring clone of .MoreLibraries beause we don't known how to import it. Exception was: ptolemy.kernel.util.NameDuplicationException: Attempt to insert object named "MoreLibraries" into container named ".library", which already contains an object with that name.
TransformationEditor: Ignoring clone of .Utilities beause we don't known how to import it. Exception was: ptolemy.kernel.util.NameDuplicationException: Attempt to insert object named "Utilities" into container named ".library", which already contains an object with that name.
TransformationEditor: Ignoring clone of .Directors beause we don't known how to import it. Exception was: ptolemy.kernel.util.NameDuplicationException: Attempt to insert object named "Directors" into container named ".library", which already contains an object with that name.
TransformationEditor: Ignoring clone of .Actors beause we don't known how to import it. Exception was: ptolemy.kernel.util.NameDuplicationException: Attempt to insert object named "Actors" into container named ".library", which already contains an object with that name.
TransformationEditor: Ignoring clone of .MoreLibraries beause we don't known how to import it. Exception was: ptolemy.kernel.util.NameDuplicationException: Attempt to insert object named "MoreLibraries" into container named ".library", which already contains an object with that name.
TransformationEditor: Ignoring clone of .Utilities beause we don't known how to import it. Exception was: ptolemy.kernel.util.NameDuplicationException: Attempt to insert object named "Utilities" into container named ".library", which already contains an object with that name.
TransformationEditor: Ignoring clone of .Directors beause we don't known how to import it. Exception was: ptolemy.kernel.util.NameDuplicationException: Attempt to insert object named "Directors" into container named ".library", which already contains an object with that name.
TransformationEditor: Ignoring clone of .Actors beause we don't known how to import it. Exception was: ptolemy.kernel.util.NameDuplicationException: Attempt to insert object named "Actors" into container named ".library", which already contains an object with that name.
TransformationEditor: Ignoring clone of .MoreLibraries beause we don't known how to import it. Exception was: ptolemy.kernel.util.NameDuplicationException: Attempt to insert object named "MoreLibraries" into container named ".library", which already contains an object with that name.
TransformationEditor: Ignoring clone of .Utilities beause we don't known how to import it. Exception was: ptolemy.kernel.util.NameDuplicationException: Attempt to insert object named "Utilities" into container named ".library", which already contains an object with that name.
TransformationEditor: Ignoring clone of .Directors beause we don't known how to import it. Exception was: ptolemy.kernel.util.NameDuplicationException: Attempt to insert object named "Directors" into container named ".library", which already contains an object with that name.
TransformationEditor: Ignoring clone of .Actors beause we don't known how to import it. Exception was: ptolemy.kernel.util.NameDuplicationException: Attempt to insert object named "Actors" into container named ".library", which already contains an object with that name.
TransformationEditor: Ignoring clone of .MoreLibraries beause we don't known how to import it. Exception was: ptolemy.kernel.util.NameDuplicationException: Attempt to insert object named "MoreLibraries" into container named ".library", which already contains an object with that name.
TransformationEditor: Ignoring clone of .Utilities beause we don't known how to import it. Exception was: ptolemy.kernel.util.NameDuplicationException: Attempt to insert object named "Utilities" into container named ".library", which already contains an object with that name.
TransformationEditor: Ignoring clone of .Directors beause we don't known how to import it. Exception was: ptolemy.kernel.util.NameDuplicationException: Attempt to insert object named "Directors" into container named ".library", which already contains an object with that name.
TransformationEditor: Ignoring clone of .Actors beause we don't known how to import it. Exception was: ptolemy.kernel.util.NameDuplicationException: Attempt to insert object named "Actors" into container named ".library", which already contains an object with that name.
TransformationEditor: Ignoring clone of .MoreLibraries beause we don't known how to import it. Exception was: ptolemy.kernel.util.NameDuplicationException: Attempt to insert object named "MoreLibraries" into container named ".library", which already contains an object with that name.
TransformationEditor: Ignoring clone of .Utilities beause we don't known how to import it. Exception was: ptolemy.kernel.util.NameDuplicationException: Attempt to insert object named "Utilities" into container named ".library", which already contains an object with that name.
TransformationEditor: Ignoring clone of .Directors beause we don't known how to import it. Exception was: ptolemy.kernel.util.NameDuplicationException: Attempt to insert object named "Directors" into container named ".library", which already contains an object with that name.
TransformationEditor: Ignoring clone of .Actors beause we don't known how to import it. Exception was: ptolemy.kernel.util.NameDuplicationException: Attempt to insert object named "Actors" into container named ".library", which already contains an object with that name.
TransformationEditor: Ignoring clone of .MoreLibraries beause we don't known how to import it. Exception was: ptolemy.kernel.util.NameDuplicationException: Attempt to insert object named "MoreLibraries" into container named ".library", which already contains an object with that name.
TransformationEditor: Ignoring clone of .Utilities beause we don't known how to import it. Exception was: ptolemy.kernel.util.NameDuplicationException: Attempt to insert object named "Utilities" into container named ".library", which already contains an object with that name.
TransformationEditor: Ignoring clone of .Directors beause we don't known how to import it. Exception was: ptolemy.kernel.util.NameDuplicationException: Attempt to insert object named "Directors" into container named ".library", which already contains an object with that name.
TransformationEditor: Ignoring clone of .Actors beause we don't known how to import it. Exception was: ptolemy.kernel.util.NameDuplicationException: Attempt to insert object named "Actors" into container named ".library", which already contains an object with that name.
TransformationEditor: Ignoring clone of .MoreLibraries beause we don't known how to import it. Exception was: ptolemy.kernel.util.NameDuplicationException: Attempt to insert object named "MoreLibraries" into container named ".library", which already contains an object with that name.
TransformationEditor: Ignoring clone of .Utilities beause we don't known how to import it. Exception was: ptolemy.kernel.util.NameDuplicationException: Attempt to insert object named "Utilities" into container named ".library", which already contains an object with that name.
TransformationEditor: Ignoring clone of .Directors beause we don't known how to import it. Exception was: ptolemy.kernel.util.NameDuplicationException: Attempt to insert object named "Directors" into container named ".library", which already contains an object with that name.
TransformationEditor: Ignoring clone of .Actors beause we don't known how to import it. Exception was: ptolemy.kernel.util.NameDuplicationException: Attempt to insert object named "Actors" into container named ".library", which already contains an object with that name.
TransformationEditor: Ignoring clone of .MoreLibraries beause we don't known how to import it. Exception was: ptolemy.kernel.util.NameDuplicationException: Attempt to insert object named "MoreLibraries" into container named ".library", which already contains an object with that name.
TransformationEditor: Ignoring clone of .Utilities beause we don't known how to import it. Exception was: ptolemy.kernel.util.NameDuplicationException: Attempt to insert object named "Utilities" into container named ".library", which already contains an object with that name.
TransformationEditor: Ignoring clone of .Directors beause we don't known how to import it. Exception was: ptolemy.kernel.util.NameDuplicationException: Attempt to insert object named "Directors" into container named ".library", which already contains an object with that name.
TransformationEditor: Ignoring clone of .Actors beause we don't known how to import it. Exception was: ptolemy.kernel.util.NameDuplicationException: Attempt to insert object named "Actors" into container named ".library", which already contains an object with that name.
TransformationEditor: Ignoring clone of .MoreLibraries beause we don't known how to import it. Exception was: ptolemy.kernel.util.NameDuplicationException: Attempt to insert object named "MoreLibraries" into container named ".library", which already contains an object with that name.
TransformationEditor: Ignoring clone of .Utilities beause we don't known how to import it. Exception was: ptolemy.kernel.util.NameDuplicationException: Attempt to insert object named "Utilities" into container named ".library", which already contains an object with that name.
TransformationEditor: Ignoring clone of .Directors beause we don't known how to import it. Exception was: ptolemy.kernel.util.NameDuplicationException: Attempt to insert object named "Directors" into container named ".library", which already contains an object with that name.
TransformationEditor: Ignoring clone of .Actors beause we don't known how to import it. Exception was: ptolemy.kernel.util.NameDuplicationException: Attempt to insert object named "Actors" into container named ".library", which already contains an object with that name.
TransformationEditor: Ignoring clone of .MoreLibraries beause we don't known how to import it. Exception was: ptolemy.kernel.util.NameDuplicationException: Attempt to insert object named "MoreLibraries" into container named ".library", which already contains an object with that name.
TransformationEditor: Ignoring clone of .Utilities beause we don't known how to import it. Exception was: ptolemy.kernel.util.NameDuplicationException: Attempt to insert object named "Utilities" into container named ".library", which already contains an object with that name.
TransformationEditor: Ignoring clone of .Directors beause we don't known how to import it. Exception was: ptolemy.kernel.util.NameDuplicationException: Attempt to insert object named "Directors" into container named ".library", which already contains an object with that name.
TransformationEditor: Ignoring clone of .Actors beause we don't known how to import it. Exception was: ptolemy.kernel.util.NameDuplicationException: Attempt to insert object named "Actors" into container named ".library", which already contains an object with that name.
TransformationEditor: Ignoring clone of .MoreLibraries beause we don't known how to import it. Exception was: ptolemy.kernel.util.NameDuplicationException: Attempt to insert object named "MoreLibraries" into container named ".library", which already contains an object with that name.
TransformationEditor: Ignoring clone of .Utilities beause we don't known how to import it. Exception was: ptolemy.kernel.util.NameDuplicationException: Attempt to insert object named "Utilities" into container named ".library", which already contains an object with that name.
TransformationEditor: Ignoring clone of .Directors beause we don't known how to import it. Exception was: ptolemy.kernel.util.NameDuplicationException: Attempt to insert object named "Directors" into container named ".library", which already contains an object with that name.
TransformationEditor: Ignoring clone of .Actors beause we don't known how to import it. Exception was: ptolemy.kernel.util.NameDuplicationException: Attempt to insert object named "Actors" into container named ".library", which already contains an object with that name.
TransformationEditor: Ignoring clone of .MoreLibraries beause we don't known how to import it. Exception was: ptolemy.kernel.util.NameDuplicationException: Attempt to insert object named "MoreLibraries" into container named ".library", which already contains an object with that name.
TransformationEditor: Ignoring clone of .Utilities beause we don't known how to import it. Exception was: ptolemy.kernel.util.NameDuplicationException: Attempt to insert object named "Utilities" into container named ".library", which already contains an object with that name.
TransformationEditor: Ignoring clone of .Directors beause we don't known how to import it. Exception was: ptolemy.kernel.util.NameDuplicationException: Attempt to insert object named "Directors" into container named ".library", which already contains an object with that name.
TransformationEditor: Ignoring clone of .Actors beause we don't known how to import it. Exception was: ptolemy.kernel.util.NameDuplicationException: Attempt to insert object named "Actors" into container named ".library", which already contains an object with that name.
TransformationEditor: Ignoring clone of .MoreLibraries beause we don't known how to import it. Exception was: ptolemy.kernel.util.NameDuplicationException: Attempt to insert object named "MoreLibraries" into container named ".library", which already contains an object with that name.
TransformationEditor: Ignoring clone of .Utilities beause we don't known how to import it. Exception was: ptolemy.kernel.util.NameDuplicationException: Attempt to insert object named "Utilities" into container named ".library", which already contains an object with that name.
TransformationEditor: Ignoring clone of .Directors beause we don't known how to import it. Exception was: ptolemy.kernel.util.NameDuplicationException: Attempt to insert object named "Directors" into container named ".library", which already contains an object with that name.
TransformationEditor: Ignoring clone of .Actors beause we don't known how to import it. Exception was: ptolemy.kernel.util.NameDuplicationException: Attempt to insert object named "Actors" into container named ".library", which already contains an object with that name.
TransformationEditor: Ignoring clone of .MoreLibraries beause we don't known how to import it. Exception was: ptolemy.kernel.util.NameDuplicationException: Attempt to insert object named "MoreLibraries" into container named ".library", which already contains an object with that name.
TransformationEditor: Ignoring clone of .Utilities beause we don't known how to import it. Exception was: ptolemy.kernel.util.NameDuplicationException: Attempt to insert object named "Utilities" into container named ".library", which already contains an object with that name.
TransformationEditor: Ignoring clone of .Directors beause we don't known how to import it. Exception was: ptolemy.kernel.util.NameDuplicationException: Attempt to insert object named "Directors" into container named ".library", which already contains an object with that name.
TransformationEditor: Ignoring clone of .Actors beause we don't known how to import it. Exception was: ptolemy.kernel.util.NameDuplicationException: Attempt to insert object named "Actors" into container named ".library", which already contains an object with that name.
TransformationEditor: Ignoring clone of .MoreLibraries beause we don't known how to import it. Exception was: ptolemy.kernel.util.NameDuplicationException: Attempt to insert object named "MoreLibraries" into container named ".library", which already contains an object with that name.
TransformationEditor: Ignoring clone of .Utilities beause we don't known how to import it. Exception was: ptolemy.kernel.util.NameDuplicationException: Attempt to insert object named "Utilities" into container named ".library", which already contains an object with that name.
TransformationEditor: Ignoring clone of .Directors beause we don't known how to import it. Exception was: ptolemy.kernel.util.NameDuplicationException: Attempt to insert object named "Directors" into container named ".library", which already contains an object with that name.
TransformationEditor: Ignoring clone of .Actors beause we don't known how to import it. Exception was: ptolemy.kernel.util.NameDuplicationException: Attempt to insert object named "Actors" into container named ".library", which already contains an object with that name.
TransformationEditor: Ignoring clone of .MoreLibraries beause we don't known how to import it. Exception was: ptolemy.kernel.util.NameDuplicationException: Attempt to insert object named "MoreLibraries" into container named ".library", which already contains an object with that name.
TransformationEditor: Ignoring clone of .Utilities beause we don't known how to import it. Exception was: ptolemy.kernel.util.NameDuplicationException: Attempt to insert object named "Utilities" into container named ".library", which already contains an object with that name.
TransformationEditor: Ignoring clone of .Directors beause we don't known how to import it. Exception was: ptolemy.kernel.util.NameDuplicationException: Attempt to insert object named "Directors" into container named ".library", which already contains an object with that name.
TransformationEditor: Ignoring clone of .Actors beause we don't known how to import it. Exception was: ptolemy.kernel.util.NameDuplicationException: Attempt to insert object named "Actors" into container named ".library", which already contains an object with that name.
TransformationEditor: Ignoring clone of .MoreLibraries beause we don't known how to import it. Exception was: ptolemy.kernel.util.NameDuplicationException: Attempt to insert object named "MoreLibraries" into container named ".library", which already contains an object with that name.
TransformationEditor: Ignoring clone of .Utilities beause we don't known how to import it. Exception was: ptolemy.kernel.util.NameDuplicationException: Attempt to insert object named "Utilities" into container named ".library", which already contains an object with that name.
TransformationEditor: Ignoring clone of .Directors beause we don't known how to import it. Exception was: ptolemy.kernel.util.NameDuplicationException: Attempt to insert object named "Directors" into container named ".library", which already contains an object with that name.
TransformationEditor: Ignoring clone of .Actors beause we don't known how to import it. Exception was: ptolemy.kernel.util.NameDuplicationException: Attempt to insert object named "Actors" into container named ".library", which already contains an object with that name.
TransformationEditor: Ignoring clone of .MoreLibraries beause we don't known how to import it. Exception was: ptolemy.kernel.util.NameDuplicationException: Attempt to insert object named "MoreLibraries" into container named ".library", which already contains an object with that name.
TransformationEditor: Ignoring clone of .Utilities beause we don't known how to import it. Exception was: ptolemy.kernel.util.NameDuplicationException: Attempt to insert object named "Utilities" into container named ".library", which already contains an object with that name.
TransformationEditor: Ignoring clone of .Directors beause we don't known how to import it. Exception was: ptolemy.kernel.util.NameDuplicationException: Attempt to insert object named "Directors" into container named ".library", which already contains an object with that name.
TransformationEditor: Ignoring clone of .Actors beause we don't known how to import it. Exception was: ptolemy.kernel.util.NameDuplicationException: Attempt to insert object named "Actors" into container named ".library", which already contains an object with that name.
TransformationEditor: Ignoring clone of .MoreLibraries beause we don't known how to import it. Exception was: ptolemy.kernel.util.NameDuplicationException: Attempt to insert object named "MoreLibraries" into container named ".library", which already contains an object with that name.
TransformationEditor: Ignoring clone of .Utilities beause we don't known how to import it. Exception was: ptolemy.kernel.util.NameDuplicationException: Attempt to insert object named "Utilities" into container named ".library", which already contains an object with that name.
TransformationEditor: Ignoring clone of .Directors beause we don't known how to import it. Exception was: ptolemy.kernel.util.NameDuplicationException: Attempt to insert object named "Directors" into container named ".library", which already contains an object with that name.
TransformationEditor: Ignoring clone of .Actors beause we don't known how to import it. Exception was: ptolemy.kernel.util.NameDuplicationException: Attempt to insert object named "Actors" into container named ".library", which already contains an object with that name.
TransformationEditor: Ignoring clone of .MoreLibraries beause we don't known how to import it. Exception was: ptolemy.kernel.util.NameDuplicationException: Attempt to insert object named "MoreLibraries" into container named ".library", which already contains an object with that name.
TransformationEditor: Ignoring clone of .Utilities beause we don't known how to import it. Exception was: ptolemy.kernel.util.NameDuplicationException: Attempt to insert object named "Utilities" into container named ".library", which already contains an object with that name.
TransformationEditor: Ignoring clone of .Directors beause we don't known how to import it. Exception was: ptolemy.kernel.util.NameDuplicationException: Attempt to insert object named "Directors" into container named ".library", which already contains an object with that name.
TransformationEditor: Ignoring clone of .Actors beause we don't known how to import it. Exception was: ptolemy.kernel.util.NameDuplicationException: Attempt to insert object named "Actors" into container named ".library", which already contains an object with that name.
TransformationEditor: Ignoring clone of .MoreLibraries beause we don't known how to import it. Exception was: ptolemy.kernel.util.NameDuplicationException: Attempt to insert object named "MoreLibraries" into container named ".library", which already contains an object with that name.
Jun 01, 2018 5:55:35 PM sun.awt.X11.XToolkit processException
WARNING: Exception on Toolkit thread
java.lang.NullPointerException
	at java.awt.Component$BltBufferStrategy.contentsLost(Component.java:4479)
	at java.awt.Component$BltSubRegionBufferStrategy.showIfNotLost(Component.java:4542)
	at javax.swing.BufferStrategyPaintManager.show(BufferStrategyPaintManager.java:252)
	at javax.swing.RepaintManager.show(RepaintManager.java:1379)
	at javax.swing.SwingPaintEventDispatcher.createPaintEvent(SwingPaintEventDispatcher.java:61)
	at sun.awt.X11.XWindow.postPaintEvent(XWindow.java:564)
	at sun.awt.X11.XContentWindow.postPaintEvent(XContentWindow.java:163)
	at sun.awt.X11.XWindow.handleExposeEvent(XWindow.java:558)
	at sun.awt.X11.XContentWindow.handleExposeEvent(XContentWindow.java:45)
	at sun.awt.X11.XBaseWindow.dispatchEvent(XBaseWindow.java:1110)
	at sun.awt.X11.XBaseWindow.dispatchToWindow(XBaseWindow.java:1086)
	at sun.awt.X11.XToolkit.dispatchEvent(XToolkit.java:502)
	at sun.awt.X11.XToolkit.run(XToolkit.java:616)
	at sun.awt.X11.XToolkit.run(XToolkit.java:532)
	at java.lang.Thread.run(Thread.java:748)

Could not find mediaLib accelerator wrapper classes. Continuing in pure Java mode.
]]></system-err>
</testsuite>
