<?xml version="1.0" encoding="UTF-8" ?>
<testsuite errors="0" failures="0" hostname="travis-job-d8ef998d-2c65-4607-aaac-89fee256a39b" name="ptolemy.domains.de.test.junit.JUnitTclTest" skipped="0" tests="101" time="127.899" timestamp="2018-05-10T01:19:11">
  <properties>
    <property name="npm.executable" value="npm" />
    <property name="file.encoding.pkg" value="sun.io" />
    <property name="ptII.mk.exists" value="true" />
    <property name="env.rvm_bin_path" value="/home/travis/.rvm/bin" />
    <property name="java.home" value="/usr/lib/jvm/java-8-oracle/jre" />
    <property name="env.TRAVIS_JOB_NUMBER" value="411.7" />
    <property name="env.DISPLAY" value=":99.0" />
    <property name="java.net.preferIPv4Stack" value="true" />
    <property name="env.SSH_TTY" value="/dev/pts/0" />
    <property name="env.RUN_TESTS" value="true" />
    <property name="timeout.short" value="1000000" />
    <property name="env.TRAVIS_STACK_NODE_ATTRIBUTES" value="/.node-attributes.yml" />
    <property name="junit.formatter" value="xml" />
    <property name="java.endorsed.dirs" value="/usr/lib/jvm/java-8-oracle/jre/lib/endorsed" />
    <property name="env.TRAVIS_SUDO" value="true" />
    <property name="env.LOGNAME" value="travis" />
    <property name="jsdoc.home" value="node_modules/@terraswarm/jsdoc" />
    <property name="debuglevel" value="source,lines,vars" />
    <property name="checkstyle.formatter" value="xml" />
    <property name="bin.vergil.makeable" value="true" />
    <property name="env._system_version" value="14.04" />
    <property name="sun.os.patch.level" value="unknown" />
    <property name="java.vendor.url" value="http://java.oracle.com/" />
    <property name="java.version" value="1.8.0_151" />
    <property name="env.TZ" value="UTC" />
    <property name="env.PT_NO_NET" value="true" />
    <property name="env.TRAVIS_PULL_REQUEST_SHA" value="" />
    <property name="env.TRAVIS_SECURE_ENV_VARS" value="true" />
    <property name="env._system_type" value="Linux" />
    <property name="java.vendor.url.bug" value="http://bugreport.sun.com/bugreport/" />
    <property name="env.SSH_CLIENT" value="10.10.16.8 53674 22" />
    <property name="env.GEM_HOME" value="/home/travis/.rvm/gems/ruby-2.4.1" />
    <property name="env.HAS_ANTARES_THREE_LITTLE_FRONZIES_BADGE" value="true" />
    <property name="env.PS4" value="+" />
    <property name="ant.project.invoked-targets" value="build,test.core2.xml" />
    <property name="env.TRAVIS_PULL_REQUEST_BRANCH" value="" />
    <property name="env.TRAVIS_REPO_SLUG" value="icyphy/ptII" />
    <property name="node.in.path" value="true" />
    <property name="java.maxmemory" value="1400m" />
    <property name="env.RUBY_VERSION" value="ruby-2.4.1" />
    <property name="user.name" value="travis" />
    <property name="env.LANG" value="en_US.UTF-8" />
    <property name="sun.io.unicode.encoding" value="UnicodeLittle" />
    <property name="sun.jnu.encoding" value="UTF-8" />
    <property name="java.runtime.name" value="Java(TM) SE Runtime Environment" />
    <property name="usefile" value="false" />
    <property name="return.code" value="0" />
    <property name="junit.single.formatter" value="plain" />
    <property name="env.DYLD_LIBRARY_PATH" value="/home/travis/pthla/certi-tools/lib:" />
    <property name="env.DEBIAN_FRONTEND" value="noninteractive" />
    <property name="env.SSH_CONNECTION" value="10.10.16.8 53674 10.20.0.90 22" />
    <property name="env.MYSQL_UNIX_PORT" value="/var/run/mysqld/mysqld.sock" />
    <property name="env.TRAVIS_ALLOW_FAILURE" value="false" />
    <property name="env.LC_ALL" value="en_US.UTF-8" />
    <property name="java.specification.name" value="Java Platform API Specification" />
    <property name="node.works" value="true" />
    <property name="user.timezone" value="" />
    <property name="path.separator" value=":" />
    <property name="env.PYTHON_CFLAGS" value="-g -fstack-protector --param=ssp-buffer-size=4 -Wformat -Werror=format-security" />
    <property name="timeout.long" value="4000000" />
    <property name="env.CERTI_HOME" value="/home/travis/pthla/certi-tools" />
    <property name="file.encoding" value="UTF-8" />
    <property name="ant.file.ptII" value="/home/travis/build/icyphy/ptII/build.xml" />
    <property name="javadoc.packagenames" value="com.*,diva.*,lbnl.*,org.hlacerti.*,org.json.*,org.ptolemy.*,org.terraswarm.*,ptolemy.*,ptserver.*" />
    <property name="env.TRAVIS_PULL_REQUEST_SLUG" value="" />
    <property name="ant.project.default-target" value="build" />
    <property name="env.GIT_ASKPASS" value="echo" />
    <property name="env.HOME" value="/home/travis" />
    <property name="sun.java.command" value="org.apache.tools.ant.taskdefs.optional.junit.JUnitTestRunner ptolemy.domains.de.test.junit.JUnitTclTest skipNonTests=false filtertrace=true haltOnError=false haltOnFailure=false formatter=org.apache.tools.ant.taskdefs.optional.junit.OutErrSummaryJUnitResultFormatter showoutput=true outputtoformatters=true logfailedtests=true threadid=0 logtestlistenerevents=false formatter=org.apache.tools.ant.taskdefs.optional.junit.XMLJUnitResultFormatter,/home/travis/build/icyphy/ptII/reports/junit/TEST-ptolemy.domains.de.test.junit.JUnitTclTest.xml crashfile=/home/travis/build/icyphy/ptII/junitvmwatcher7009443963228860895.properties propsfile=/home/travis/build/icyphy/ptII/junit6025951289739752577.properties" />
    <property name="env.MANPATH" value="/home/travis/.nvm/versions/node/v7.10.1/share/man:/home/travis/.kiex/elixirs/elixir-1.4.5/man:/home/travis/.rvm/rubies/ruby-2.4.1/share/man:/usr/local/man:/usr/local/cmake-3.9.2/man:/usr/local/clang-5.0.0/share/man:/usr/local/share/man:/usr/share/man:/home/travis/.rvm/man" />
    <property name="env.COMPOSER_NO_INTERACTION" value="1" />
    <property name="env.JDK_SWITCHER_DEFAULT" value="oraclejdk8" />
    <property name="ant.file" value="/home/travis/build/icyphy/ptII/build.xml" />
    <property name="env.TRAVIS_COMMIT_RANGE" value="712d3efebbeae51969f1d6ca9a5beb394f1a24e8...a35e0c44513de30172a090eeb5d722d5b8cbec98" />
    <property name="env._system_name" value="Ubuntu" />
    <property name="timeout" value="2400000" />
    <property name="ptII.classpath.optional.property" value="/home/travis/build/icyphy/ptII/lib/bsh-2.0b4.jar:/home/travis/build/icyphy/ptII/lib/ptCal.jar:/home/travis/build/icyphy/ptII/lib/java_cup.jar:/home/travis/build/icyphy/ptII/lib/saxon8.jar:/home/travis/build/icyphy/ptII/lib/saxon8-dom.jar:/home/travis/build/icyphy/ptII/lib/chic.jar:/home/travis/build/icyphy/ptII/lib/ptcolt.jar:/usr/lib/jvm/java-8-oracle/lib/tools.jar:/usr/lib/eclipse/plugins/org.eclipse.jdt.core_3.8.2.dist.jar:/usr/lib/eclipse/plugins/org.eclipse.core.runtime_3.8.0.dist.jar:/usr/lib/eclipse/plugins/org.eclipse.osgi_3.8.1.dist.jar:/usr/lib/eclipse/plugins/org.eclipse.core.resources_3.8.1.dist.jar:/usr/lib/eclipse/plugins/org.eclipse.equinox.common_3.6.100.dist.jar:/usr/lib/eclipse/plugins/org.eclipse.core.jobs_3.5.200.dist.jar:/usr/lib/eclipse/plugins/org.eclipse.core.contenttype_3.4.200.dist.jar:/usr/lib/eclipse/plugins/org.eclipse.equinox.preferences_3.5.0.dist.jar:/usr/lib/eclipse/plugins/org.eclipse.text_3.5.200.dist.jar:/usr/lib/eclipse/plugins/org.eclipse.ui.workbench_3.8.1.dist.jar:/usr/lib/eclipse/plugins/org.eclipse.jface_3.8.0.dist.jar:/usr/lib/eclipse/plugins/org.eclipse.swt_3.8.2.jar:/usr/lib/eclipse/plugins/org.eclipse.jface.text_3.8.1.dist.jar:/usr/lib/eclipse/plugins/org.eclipse.ui.workbench.texteditor_3.8.0.dist.jar:/usr/lib/eclipse/plugins/org.eclipse.ui.editors_3.8.0.dist.jar:/usr/lib/eclipse/plugins/org.eclipse.core.commands_3.6.1.dist.jar:/usr/lib/eclipse/plugins/org.eclipse.equinox.registry_3.5.200.dist.jar:/usr/lib/eclipse/plugins/org.eclipse.ui.console_3.5.100.dist.jar:/usr/lib/eclipse/plugins/org.eclipse.ui.forms_3.5.200.dist.jar:/usr/lib/eclipse/plugins/org.eclipse.ui.ide_3.8.1.dist.jar:/home/travis/build/icyphy/ptII/vendors/oracle/dbxml.jar:/home/travis/build/icyphy/ptII/vendors/oracle/db.jar:/home/travis/build/icyphy/ptII/vendors/misc/itext/iText.jar:/home/travis/build/icyphy/ptII/lib/g4ltl.jar:/home/travis/build/icyphy/ptII/lib/StructuralCoder.jar:/home/travis/build/icyphy/ptII/lib/org-openide-util.jar:/home/travis/build/icyphy/ptII/lib/org-openide-util-lookup.jar:/home/travis/build/icyphy/ptII/lib/org-netbeans-api-visual.jar:/home/travis/build/icyphy/ptII/vendors/jai-1_1_2_01/lib/jai_core.jar:/home/travis/build/icyphy/ptII/vendors/jai-1_1_2_01/lib/jai_codec.jar:/home/travis/build/icyphy/ptII/lib/jcerti.jar:/home/travis/build/icyphy/ptII/lib/smack.jar:/home/travis/build/icyphy/ptII/lib/smackx.jar:/home/travis/build/icyphy/ptII/lib/jetty-all-8.1.5-v20120716.jar:/home/travis/build/icyphy/ptII/lib/javax.servlet-api-3.0.1.jar:/home/travis/build/icyphy/ptII/lib/javax.mail.jar:/home/travis/build/icyphy/ptII/vendors/JMF-2.1.1e/lib/jmf.jar:/home/travis/build/icyphy/ptII/lib/jna-4.0.0-variadic.jar:/home/travis/build/icyphy/ptII/vendors/misc/joystick/Joystick.jar:/home/travis/build/icyphy/ptII/lib/ptjacl.jar:/home/travis/build/icyphy/ptII/lib/jsoup-1.8.2.jar:/home/travis/build/icyphy/ptII/lib/junit-4.8.2.jar:/home/travis/build/icyphy/ptII/lib/JUnitParams-0.4.0.jar:/home/travis/build/icyphy/ptII/ptolemy/actor/lib/excel/jxl.jar:/home/travis/build/icyphy/ptII/lib/jython.jar:/home/travis/build/icyphy/ptII/lib/kieler.jar:/home/travis/build/icyphy/ptII/vendors/opencv/share/OpenCV/java/opencv-341.jar:/home/travis/build/icyphy/ptII/lib/oscP5.jar:/home/travis/build/icyphy/ptII/lib/nrjavaserial-3.11.0.devel.jar:/usr/share/java/j3dcore.jar:/usr/share/java/j3dutils.jar:/usr/share/java/vecmath.jar:/home/travis/build/icyphy/ptII/ptolemy/distributed/jini/jar/jini-core.jar:/home/travis/build/icyphy/ptII/ptolemy/distributed/jini/jar/jini-ext.jar:/home/travis/build/icyphy/ptII/ptolemy/distributed/jini/jar/sun-util.jar:/home/travis/build/icyphy/ptII/lib/protobuf-java-2.4.1.jar:/home/travis/build/icyphy/ptII/lib/org.eclipse.paho.client.mqttv3.jar:/home/travis/build/icyphy/ptII/ptserver/lib/hessian-4.0.7.jar:/home/travis/build/icyphy/ptII/ptserver/lib/wmqtt.jar:/home/travis/build/icyphy/ptII/lib/mapss.jar:/home/travis/build/icyphy/ptII/ptolemy/actor/ptalon/antlr/antlr.jar:/home/travis/build/icyphy/ptII/lib/JRI.jar:/home/travis/build/icyphy/ptII/lib/commons-lang-2.6.jar:/home/travis/build/icyphy/ptII/lib/commons-logging-1.1.1.jar:/home/travis/build/icyphy/ptII/lib/sootclasses.jar:/home/travis/build/icyphy/ptII/ptolemy/actor/lib/database/mysql-connector-java-5.1.6-bin.jar:/home/travis/build/icyphy/ptII/vendors/misc/sphinx4/sphinx4-data-5prealpha.jar:/home/travis/build/icyphy/ptII/vendors/misc/sphinx4/sphinx4-core-5prealpha.jar:/home/travis/build/icyphy/ptII/lib/PDFRenderer.jar:/home/travis/build/icyphy/ptII/lib/svgSalamander.jar:/home/travis/build/icyphy/ptII/lib/rsyntaxtextarea-2.6.0-SNAPSHOT.jar:/home/travis/build/icyphy/ptII/lib/hazelcast-3.8.2.jar:/home/travis/build/icyphy/ptII/lib/jackson-annotations-2.9.0.jar:/home/travis/build/icyphy/ptII/lib/jackson-core-2.9.3.jar:/home/travis/build/icyphy/ptII/lib/jackson-databind-2.9.3.jar:/home/travis/build/icyphy/ptII/lib/netty-buffer-4.1.19.Final.jar:/home/travis/build/icyphy/ptII/lib/netty-codec-4.1.19.Final.jar:/home/travis/build/icyphy/ptII/lib/netty-codec-dns-4.1.19.Final.jar:/home/travis/build/icyphy/ptII/lib/netty-codec-http-4.1.19.Final.jar:/home/travis/build/icyphy/ptII/lib/netty-codec-http2-4.1.19.Final.jar:/home/travis/build/icyphy/ptII/lib/netty-common-4.1.19.Final.jar:/home/travis/build/icyphy/ptII/lib/netty-handler-4.1.19.Final.jar:/home/travis/build/icyphy/ptII/lib/netty-resolver-4.1.19.Final.jar:/home/travis/build/icyphy/ptII/lib/netty-resolver-dns-4.1.19.Final.jar:/home/travis/build/icyphy/ptII/lib/netty-transport-4.1.19.Final.jar:/home/travis/build/icyphy/ptII/lib/vertx-codegen-3.5.1.jar:/home/travis/build/icyphy/ptII/lib/vertx-core-3.5.2-SNAPSHOT.jar:/home/travis/build/icyphy/ptII/lib/vertx-hazelcast-3.5.1.jar:/home/travis/build/icyphy/ptII/lib/vertx-lang-js-3.5.1.jar:/home/travis/build/icyphy/ptII/lib/vertx-service-proxy-3.5.1.jar:/home/travis/build/icyphy/ptII/lib/vertx-web-3.5.1.jar:/home/travis/build/icyphy/ptII/lib/slf4j-api-1.7.13.jar:/home/travis/build/icyphy/ptII/lib/slf4j-simple-1.7.13.jar:/home/travis/build/icyphy/ptII/lib/webcam-capture-0.3.12.jar:/home/travis/build/icyphy/ptII/lib/bridj-0.7.0.jar:/home/travis/build/icyphy/ptII/lib/xbjlib-1.1.0.nrjavaserial.jar" />
    <property name="test.batch" value="**/junit/*.java" />
    <property name="env._" value="/usr/bin/timeout" />
    <property name="java.io.tmpdir" value="/tmp" />
    <property name="user.language" value="en" />
    <property name="env.HISTCONTROL" value="ignoredups:ignorespace" />
    <property name="env.GOROOT" value="/home/travis/.gimme/versions/go1.7.4.linux.amd64" />
    <property name="line.separator" value="&#xa;" />
    <property name="target" value="1.8" />
    <property name="env.TRAVIS_BUILD_DIR" value="/home/travis/build/icyphy/ptII" />
    <property name="env.ANT_OPTS" value="-Xmx2048m" />
    <property name="ant.file.type" value="file" />
    <property name="ptolemy.ptII.batchMode" value="true" />
    <property name="env.HISTSIZE" value="1000" />
    <property name="env.MERB_ENV" value="test" />
    <property name="java.vm.info" value="mixed mode" />
    <property name="source" value="1.8" />
    <property name="java.vm.specification.name" value="Java Virtual Machine Specification" />
    <property name="env.TRAVIS_TEST_RESULT" value="0" />
    <property name="jsdoc.command" value="node_modules/@terraswarm/jsdoc/jsdoc.js" />
    <property name="npm.works" value="true" />
    <property name="cobertura.dir" value="/home/travis/build/icyphy/ptII/vendors/cobertura-2.0.3" />
    <property name="env.rvm_path" value="/home/travis/.rvm" />
    <property name="env.GEM_PATH" value="/home/travis/.rvm/gems/ruby-2.4.1:/home/travis/.rvm/gems/ruby-2.4.1@global" />
    <property name="env.LC_CTYPE" value="en_US.UTF-8" />
    <property name="java.awt.printerjob" value="sun.print.PSPrinterJob" />
    <property name="env.TRAVIS_STACK_NAME" value="garnet" />
    <property name="ant.version" value="Apache Ant(TM) version 1.10.1 compiled on February 2 2017" />
    <property name="ptII.reports" value="/home/travis/build/icyphy/ptII/reports" />
    <property name="env.TRAVIS_STACK_TIMESTAMP" value="2017-12-05 19:33:09 UTC" />
    <property name="ant.file.type.ptII" value="file" />
    <property name="env.RBENV_SHELL" value="bash" />
    <property name="os.name" value="Linux" />
    <property name="java.specification.vendor" value="Oracle Corporation" />
    <property name="env.rvm_version" value="1.29.3 (latest)" />
    <property name="env.TERM" value="xterm" />
    <property name="java.vm.name" value="Java HotSpot(TM) 64-Bit Server VM" />
    <property name="env.TRAVIS_BUILD_NUMBER" value="411" />
    <property name="env.CI" value="true" />
    <property name="java.library.path" value="/home/travis/pthla/certi-tools/lib:/usr/lib/jni:/usr/local/share/OpenCV/java/:/usr/share/OpenCV/java::/usr/java/packages/lib/amd64:/usr/lib64:/lib64:/lib:/usr/lib" />
    <property name="env.rvm_prefix" value="/home/travis" />
    <property name="env.PATH" value="/home/travis/pthla/certi-tools/share/scripts:/home/travis/.rvm/gems/ruby-2.4.1/bin:/home/travis/.rvm/gems/ruby-2.4.1@global/bin:/home/travis/.rvm/rubies/ruby-2.4.1/bin:/home/travis/.rvm/bin:/home/travis/.nvm/versions/node/v7.10.1/bin:./node_modules/.bin:/home/travis/build/icyphy/ptII/bin:/home/travis/pthla/certi-tools/bin:/home/travis/bin:/home/travis/.local/bin:/opt/pyenv/shims:/home/travis/.phpenv/shims:/home/travis/perl5/perlbrew/bin:/home/travis/.kiex/elixirs/elixir-1.4.5/bin:/home/travis/.kiex/bin:/home/travis/gopath/bin:/home/travis/.gimme/versions/go1.7.4.linux.amd64/bin:/usr/local/phantomjs/bin:/usr/local/phantomjs:/usr/local/neo4j-3.2.7/bin:/usr/local/maven-3.5.2/bin:/usr/local/cmake-3.9.2/bin:/usr/local/clang-5.0.0/bin:/usr/local/sbin:/usr/local/bin:/usr/sbin:/usr/bin:/sbin:/bin:/home/travis/.phpenv/bin:/opt/pyenv/bin:/home/travis/.yarn/bin" />
    <property name="env.TRAVIS_OS_NAME" value="linux" />
    <property name="ant.java.version" value="1.8" />
    <property name="basedir" value="/home/travis/build/icyphy/ptII" />
    <property name="java.class.version" value="52.0" />
    <property name="env.SHLVL" value="3" />
    <property name="env.LD_LIBRARY_PATH" value="/home/travis/pthla/certi-tools/lib:/usr/lib/jni:/usr/local/share/OpenCV/java/:/usr/share/OpenCV/java:" />
    <property name="env.RACK_ENV" value="test" />
    <property name="ant.home" value="/home/travis/build/icyphy/ptII/ant" />
    <property name="env.NVM_DIR" value="/home/travis/.nvm" />
    <property name="env.PERLBREW_BASHRC_VERSION" value="0.80" />
    <property name="env.CERTI_FOM_PATH" value="/home/travis/pthla/certi-tools/share/federations" />
    <property name="env.TRAVIS_BUILD_ID" value="377083647" />
    <property name="env.PYENV_ROOT" value="/opt/pyenv" />
    <property name="env.TRAVIS_UID" value="2000" />
    <property name="env.rvm_pretty_print_flag" value="auto" />
    <property name="env.NVM_BIN" value="/home/travis/.nvm/versions/node/v7.10.1/bin" />
    <property name="env.TRAVIS_COMMIT" value="a35e0c44513de30172a090eeb5d722d5b8cbec98" />
    <property name="env._system_arch" value="x86_64" />
    <property name="node.executable" value="node" />
    <property name="sun.boot.library.path" value="/usr/lib/jvm/java-8-oracle/jre/lib/amd64" />
    <property name="sun.management.compiler" value="HotSpot 64-Bit Tiered Compilers" />
    <property name="env.GOPATH" value="/home/travis/gopath" />
    <property name="java.awt.graphicsenv" value="sun.awt.X11GraphicsEnvironment" />
    <property name="ptolemy.ptII.dir" value="/home/travis/build/icyphy/ptII" />
    <property name="env.USER" value="travis" />
    <property name="env.HISTFILESIZE" value="2000" />
    <property name="timeout.longest" value="19000000" />
    <property name="env.TRAVIS_STACK_FEATURES" value="basic cassandra chromium couchdb disabled-ipv6 docker docker-compose elasticsearch firefox go-toolchain google-chrome jdk memcached mongodb mysql neo4j nodejs_interpreter perl_interpreter perlbrew phantomjs postgresql python_interpreter rabbitmq redis riak ruby_interpreter sqlite xserver" />
    <property name="env.TRAVIS_PULL_REQUEST" value="false" />
    <property name="env.PYENV_SHELL" value="bash" />
    <property name="ant.project.name" value="ptII" />
    <property name="java.vm.specification.version" value="1.8" />
    <property name="env.CERTI_VERSION" value="4.0.0" />
    <property name="env.NLSPATH" value="/usr/dt/lib/nls/msg/%L/%N.cat" />
    <property name="awt.toolkit" value="sun.awt.X11.XToolkit" />
    <property name="env.CERTI_HOST" value="localhost" />
    <property name="env.MY_RUBY_HOME" value="/home/travis/.rvm/rubies/ruby-2.4.1" />
    <property name="sun.cpu.isalist" value="" />
    <property name="java.ext.dirs" value="/usr/lib/jvm/java-8-oracle/jre/lib/ext:/usr/java/packages/lib/ext" />
    <property name="os.version" value="4.4.0-101-generic" />
    <property name="user.home" value="/home/travis" />
    <property name="env.MIX_ARCHIVES" value="/home/travis/.kiex/mix/elixir-1.4.5" />
    <property name="java.vm.vendor" value="Oracle Corporation" />
    <property name="env.TRAVIS_TAG" value="nightly" />
    <property name="env.TRAVIS_FILTERED" value="pty" />
    <property name="env.PTII" value="/home/travis/build/icyphy/ptII" />
    <property name="env.JAVA_HOME" value="/usr/lib/jvm/java-8-oracle" />
    <property name="javadoc.excludepackagenames" value="adm.cvs2svn.*,build.*,config.*,doc.coding.templates.*,jni.test.jni.meaningOfLife.*,jni.test.jni.testDeux.*,jni.test.jni.testTrois.*,org.terraswarm.accessor.accessors.web.node_modules.*,org.terraswarm.accessor.accessors.web.hosts.cordova.demo.*,org.terraswarm.accessor.accessors.web.hosts.cordova.plugins.*,org.terraswarm.accessor.accessors-svn.*,pt-modules.*,ptolemy.apps.agilent.*,ptolemy.apps.anytimecontrol.*,ptolemy.apps.apes.*,ptolemy.apps.charon.*,ptolemy.apps.crazyboard.*,ptolemy.apps.eclipse.*,ptolemy.apps.etherealSting.*,ptolemy.apps.fullscreen.*,ptolemy.apps.giotto.*,ptolemy.apps.ia.*,ptolemy.apps.interfaces.*,ptolemy.apps.jmf.*,ptolemy.apps.kurt.*,ptolemy.apps.kvm.*,ptolemy.apps.lego.*,ptolemy.apps.lejos.*,ptolemy.apps.midp.*,ptolemy.apps.mobileCoding.*,ptolemy.apps.pendulum.*,ptolemy.apps.rijndael.*,ptolemy.apps.robot.*,ptolemy.apps.security.*,ptolemy.apps.sobel.*,ptolemy.apps.soot.*,ptolemy.apps.throttle.*,ptolemy.apps.tini.*,ptolemy.apps.transmission.*,ptolemy.apps.vergil.*,ptolemy.apps.waba.*,ptolemy.apps.websensor.*,ptolemy.apps.webstart.*,ptolemy.apps.xsl.*,ptolemy.apps.zaurus.*,ptolemy.backtrack.eclipse.plugin.*,ptolemy.backtrack.test.*,ptolemy.codegen.c.actor.lib.oldJavaFiles.*,ptolemy.codegen.dsp.lib.*,ptolemy.codegen.kernel.newInterfaces.*,ptolemy.codegen.lib.*,ptolemy.copernicus.kernel.fragment.*,ptolemy.copernicus.shallow.cg.*,ptolemy.domains.giotto.demo.Hierarchy.Hierarchy.*,ptolemy.domains.giotto.demo.Multimode.Multimode.*,ptolemy.domains.giotto.demo.Simple.Simple.*,ptolemy.domains.gr.lib.experimental.*,ptolemy.domains.gro.*,ptolemy.domains.pdf.*,ptolemy.domains.ptinyos.demo.Surge.output.*,ptolemy.moml.test.NoPackageActor.java*,ptolemy.plot.adm.*,ptolemy.plot.servlet.*,reports.*,signed.*,src.*,target.*,vendors.*,ptolemy.copernicus.applet.*,ptolemy.media.viewer.*,ptolemy.cg.adapter.generic.program.procedural.c.mbed*,ptolemy.actor.lib.fmi.fmus.omc*,ptolemy.domains.openmodelica*,ptdb.kernel.bl.save.test.*,ptdb.kernel.bl.load.test.*,ptdb.kernel.bl.search.test.*,ptdb.kernel.bl.migration.test.*,ptdb.kernel.database.test.*,ptdb.test.*,ptdb.gui.test.*,org.ptolemy.scala.*,diva.util.java2d.svg.*,ptolemy.domains.ptinyos.*,ptolemy.actor.lib.fmi.fmipp.*,,org.terraswarm.accessor.accessors.web.node_modules.*,org.terraswarm.accessor.accessors-svn,ptolemy.actor.ptalon.demo.ptinyos.SendAndReceiveCnt.output,ptolemy.actor.ptalon.demo.ptinyos.SenseToLeds.output,ptolemy.domains.ptinyos.demo.CntToLedsAndRfm.output,ptolemy.domains.ptinyos.demo.RfmToLeds.output,ptolemy.domains.ptinyos.demo.SendAndReceiveCnt.output,ptolemy.domains.ptinyos.demo.SenseToLeds.output" />
    <property name="env.TRAVIS_COMMIT_MESSAGE" value="Fixed typo: missing $ from last change." />
    <property name="keystore" value="ptKeystore" />
    <property name="env.XDG_SESSION_ID" value="2" />
    <property name="junit.output.dir" value="/home/travis/build/icyphy/ptII/reports/junit" />
    <property name="npm.return.code" value="0" />
    <property name="user.dir" value="/home/travis/build/icyphy/ptII/ptolemy/domains/de/test" />
    <property name="env.XFILESEARCHPATH" value="/usr/dt/app-defaults/%L/Dt" />
    <property name="env.TRAVIS_NODE_VERSION" value="7" />
    <property name="env.TRAVIS_EVENT_TYPE" value="cron" />
    <property name="env.MAIL" value="/var/mail/travis" />
    <property name="env.PWD" value="/home/travis/build/icyphy/ptII" />
    <property name="env.PERLBREW_ROOT" value="/home/travis/perl5/perlbrew" />
    <property name="timeout.npm" value="45000" />
    <property name="env.PT_TRAVIS_TEST_CORE2_XML" value="true" />
    <property name="env.PAGER" value="cat" />
    <property name="sun.cpu.endian" value="little" />
    <property name="env.TRAVIS_BUILD_STAGE_NAME" value="Test" />
    <property name="env.PERLBREW_HOME" value="/home/travis/.perlbrew" />
    <property name="java.vm.version" value="25.151-b12" />
    <property name="env.RAILS_ENV" value="test" />
    <property name="java.class.path" value="/home/travis/build/icyphy/ptII:/home/travis/build/icyphy/ptII/lib/bsh-2.0b4.jar:/home/travis/build/icyphy/ptII/lib/ptCal.jar:/home/travis/build/icyphy/ptII/lib/java_cup.jar:/home/travis/build/icyphy/ptII/lib/saxon8.jar:/home/travis/build/icyphy/ptII/lib/saxon8-dom.jar:/home/travis/build/icyphy/ptII/lib/chic.jar:/home/travis/build/icyphy/ptII/lib/ptcolt.jar:/usr/lib/jvm/java-8-oracle/lib/tools.jar:/usr/lib/eclipse/plugins/org.eclipse.jdt.core_3.8.2.dist.jar:/usr/lib/eclipse/plugins/org.eclipse.core.runtime_3.8.0.dist.jar:/usr/lib/eclipse/plugins/org.eclipse.osgi_3.8.1.dist.jar:/usr/lib/eclipse/plugins/org.eclipse.core.resources_3.8.1.dist.jar:/usr/lib/eclipse/plugins/org.eclipse.equinox.common_3.6.100.dist.jar:/usr/lib/eclipse/plugins/org.eclipse.core.jobs_3.5.200.dist.jar:/usr/lib/eclipse/plugins/org.eclipse.core.contenttype_3.4.200.dist.jar:/usr/lib/eclipse/plugins/org.eclipse.equinox.preferences_3.5.0.dist.jar:/usr/lib/eclipse/plugins/org.eclipse.text_3.5.200.dist.jar:/usr/lib/eclipse/plugins/org.eclipse.ui.workbench_3.8.1.dist.jar:/usr/lib/eclipse/plugins/org.eclipse.jface_3.8.0.dist.jar:/usr/lib/eclipse/plugins/org.eclipse.swt_3.8.2.jar:/usr/lib/eclipse/plugins/org.eclipse.jface.text_3.8.1.dist.jar:/usr/lib/eclipse/plugins/org.eclipse.ui.workbench.texteditor_3.8.0.dist.jar:/usr/lib/eclipse/plugins/org.eclipse.ui.editors_3.8.0.dist.jar:/usr/lib/eclipse/plugins/org.eclipse.core.commands_3.6.1.dist.jar:/usr/lib/eclipse/plugins/org.eclipse.equinox.registry_3.5.200.dist.jar:/usr/lib/eclipse/plugins/org.eclipse.ui.console_3.5.100.dist.jar:/usr/lib/eclipse/plugins/org.eclipse.ui.forms_3.5.200.dist.jar:/usr/lib/eclipse/plugins/org.eclipse.ui.ide_3.8.1.dist.jar:/home/travis/build/icyphy/ptII/vendors/oracle/dbxml.jar:/home/travis/build/icyphy/ptII/vendors/oracle/db.jar:/home/travis/build/icyphy/ptII/vendors/misc/itext/iText.jar:/home/travis/build/icyphy/ptII/lib/g4ltl.jar:/home/travis/build/icyphy/ptII/lib/StructuralCoder.jar:/home/travis/build/icyphy/ptII/lib/org-openide-util.jar:/home/travis/build/icyphy/ptII/lib/org-openide-util-lookup.jar:/home/travis/build/icyphy/ptII/lib/org-netbeans-api-visual.jar:/home/travis/build/icyphy/ptII/vendors/jai-1_1_2_01/lib/jai_core.jar:/home/travis/build/icyphy/ptII/vendors/jai-1_1_2_01/lib/jai_codec.jar:/home/travis/build/icyphy/ptII/lib/jcerti.jar:/home/travis/build/icyphy/ptII/lib/smack.jar:/home/travis/build/icyphy/ptII/lib/smackx.jar:/home/travis/build/icyphy/ptII/lib/jetty-all-8.1.5-v20120716.jar:/home/travis/build/icyphy/ptII/lib/javax.servlet-api-3.0.1.jar:/home/travis/build/icyphy/ptII/lib/javax.mail.jar:/home/travis/build/icyphy/ptII/vendors/JMF-2.1.1e/lib/jmf.jar:/home/travis/build/icyphy/ptII/lib/jna-4.0.0-variadic.jar:/home/travis/build/icyphy/ptII/vendors/misc/joystick/Joystick.jar:/home/travis/build/icyphy/ptII/lib/ptjacl.jar:/home/travis/build/icyphy/ptII/lib/jsoup-1.8.2.jar:/home/travis/build/icyphy/ptII/lib/junit-4.8.2.jar:/home/travis/build/icyphy/ptII/lib/JUnitParams-0.4.0.jar:/home/travis/build/icyphy/ptII/ptolemy/actor/lib/excel/jxl.jar:/home/travis/build/icyphy/ptII/lib/jython.jar:/home/travis/build/icyphy/ptII/lib/kieler.jar:/home/travis/build/icyphy/ptII/vendors/opencv/share/OpenCV/java/opencv-341.jar:/home/travis/build/icyphy/ptII/lib/oscP5.jar:/home/travis/build/icyphy/ptII/lib/nrjavaserial-3.11.0.devel.jar:/usr/share/java/j3dcore.jar:/usr/share/java/j3dutils.jar:/usr/share/java/vecmath.jar:/home/travis/build/icyphy/ptII/ptolemy/distributed/jini/jar/jini-core.jar:/home/travis/build/icyphy/ptII/ptolemy/distributed/jini/jar/jini-ext.jar:/home/travis/build/icyphy/ptII/ptolemy/distributed/jini/jar/sun-util.jar:/home/travis/build/icyphy/ptII/lib/protobuf-java-2.4.1.jar:/home/travis/build/icyphy/ptII/lib/org.eclipse.paho.client.mqttv3.jar:/home/travis/build/icyphy/ptII/ptserver/lib/hessian-4.0.7.jar:/home/travis/build/icyphy/ptII/ptserver/lib/wmqtt.jar:/home/travis/build/icyphy/ptII/lib/mapss.jar:/home/travis/build/icyphy/ptII/ptolemy/actor/ptalon/antlr/antlr.jar:/home/travis/build/icyphy/ptII/lib/JRI.jar:/home/travis/build/icyphy/ptII/lib/commons-lang-2.6.jar:/home/travis/build/icyphy/ptII/lib/commons-logging-1.1.1.jar:/home/travis/build/icyphy/ptII/lib/sootclasses.jar:/home/travis/build/icyphy/ptII/ptolemy/actor/lib/database/mysql-connector-java-5.1.6-bin.jar:/home/travis/build/icyphy/ptII/vendors/misc/sphinx4/sphinx4-data-5prealpha.jar:/home/travis/build/icyphy/ptII/vendors/misc/sphinx4/sphinx4-core-5prealpha.jar:/home/travis/build/icyphy/ptII/lib/PDFRenderer.jar:/home/travis/build/icyphy/ptII/lib/svgSalamander.jar:/home/travis/build/icyphy/ptII/lib/rsyntaxtextarea-2.6.0-SNAPSHOT.jar:/home/travis/build/icyphy/ptII/lib/hazelcast-3.8.2.jar:/home/travis/build/icyphy/ptII/lib/jackson-annotations-2.9.0.jar:/home/travis/build/icyphy/ptII/lib/jackson-core-2.9.3.jar:/home/travis/build/icyphy/ptII/lib/jackson-databind-2.9.3.jar:/home/travis/build/icyphy/ptII/lib/netty-buffer-4.1.19.Final.jar:/home/travis/build/icyphy/ptII/lib/netty-codec-4.1.19.Final.jar:/home/travis/build/icyphy/ptII/lib/netty-codec-dns-4.1.19.Final.jar:/home/travis/build/icyphy/ptII/lib/netty-codec-http-4.1.19.Final.jar:/home/travis/build/icyphy/ptII/lib/netty-codec-http2-4.1.19.Final.jar:/home/travis/build/icyphy/ptII/lib/netty-common-4.1.19.Final.jar:/home/travis/build/icyphy/ptII/lib/netty-handler-4.1.19.Final.jar:/home/travis/build/icyphy/ptII/lib/netty-resolver-4.1.19.Final.jar:/home/travis/build/icyphy/ptII/lib/netty-resolver-dns-4.1.19.Final.jar:/home/travis/build/icyphy/ptII/lib/netty-transport-4.1.19.Final.jar:/home/travis/build/icyphy/ptII/lib/vertx-codegen-3.5.1.jar:/home/travis/build/icyphy/ptII/lib/vertx-core-3.5.2-SNAPSHOT.jar:/home/travis/build/icyphy/ptII/lib/vertx-hazelcast-3.5.1.jar:/home/travis/build/icyphy/ptII/lib/vertx-lang-js-3.5.1.jar:/home/travis/build/icyphy/ptII/lib/vertx-service-proxy-3.5.1.jar:/home/travis/build/icyphy/ptII/lib/vertx-web-3.5.1.jar:/home/travis/build/icyphy/ptII/lib/slf4j-api-1.7.13.jar:/home/travis/build/icyphy/ptII/lib/slf4j-simple-1.7.13.jar:/home/travis/build/icyphy/ptII/lib/webcam-capture-0.3.12.jar:/home/travis/build/icyphy/ptII/lib/bridj-0.7.0.jar:/home/travis/build/icyphy/ptII/lib/xbjlib-1.1.0.nrjavaserial.jar:/home/travis/build/icyphy/ptII/ptolemy/moml/test:/home/travis/build/icyphy/ptII/ant/lib/ant-launcher.jar:/home/travis/build/icyphy/ptII/ant/lib/ant.jar:/home/travis/build/icyphy/ptII/ant/lib/ant-junit.jar:/home/travis/build/icyphy/ptII/ant/lib/ant-junit4.jar" />
    <property name="ant.library.dir" value="/home/travis/build/icyphy/ptII/ant/lib" />
    <property name="os.arch" value="amd64" />
    <property name="env.TRAVIS_LANGUAGE" value="node_js" />
    <property name="env.CONTINUOUS_INTEGRATION" value="true" />
    <property name="env.TRAVIS_STACK_LANGUAGES" value="__garnet__ c c++ clojure cplusplus cpp default go groovy java node_js php pure_java python ruby scala" />
    <property name="test.name" value="ptolemy.actor.lib.test.junit.JUnitTclTest" />
    <property name="sun.java.launcher" value="SUN_STANDARD" />
    <property name="env.PYTHON_CONFIGURE_OPTS" value="--enable-unicode=ucs4 --with-wide-unicode --enable-shared --enable-ipv6 --enable-loadable-sqlite-extensions --with-computed-gotos" />
    <property name="ant.core.lib" value="/home/travis/build/icyphy/ptII/ant/lib/ant.jar" />
    <property name="java.vm.specification.vendor" value="Oracle Corporation" />
    <property name="env.BCVTB_HOME" value="/home/travis/build/icyphy/ptII/lbnl" />
    <property name="file.separator" value="/" />
    <property name="spotbugs.home" value="/home/travis/build/icyphy/ptII/vendors/spotbugs-3.1.1" />
    <property name="java.runtime.version" value="1.8.0_151-b12" />
    <property name="sun.boot.class.path" value="/usr/lib/jvm/java-8-oracle/jre/lib/resources.jar:/usr/lib/jvm/java-8-oracle/jre/lib/rt.jar:/usr/lib/jvm/java-8-oracle/jre/lib/sunrsasign.jar:/usr/lib/jvm/java-8-oracle/jre/lib/jsse.jar:/usr/lib/jvm/java-8-oracle/jre/lib/jce.jar:/usr/lib/jvm/java-8-oracle/jre/lib/charsets.jar:/usr/lib/jvm/java-8-oracle/jre/lib/jfr.jar:/usr/lib/jvm/java-8-oracle/jre/classes" />
    <property name="env.HAS_JOSH_K_SEAL_OF_APPROVAL" value="true" />
    <property name="env.TRAVIS_OSX_IMAGE" value="" />
    <property name="env.XDG_RUNTIME_DIR" value="/run/user/2000" />
    <property name="env.TRAVIS_BRANCH" value="master" />
    <property name="env.TRAVIS_JOB_ID" value="377083654" />
    <property name="user.country" value="US" />
    <property name="env.CERTI_HOME_TRAVIS" value="/home/travis/pthla/certi-tools" />
    <property name="env.SHELL" value="/bin/bash" />
    <property name="java.maxmemory.large" value="5000m" />
    <property name="model" value="" />
    <property name="env.CASHER_DIR" value="/home/travis/.casher" />
    <property name="env.NVM_CD_FLAGS" value="" />
    <property name="jshint.executable" value="/home/travis/node_modules/jshint/bin/jshint" />
    <property name="java.vendor" value="Oracle Corporation" />
    <property name="env.JRUBY_OPTS" value=" --client -J-XX:+TieredCompilation -J-XX:TieredStopAtLevel=1 -J-Xss2m -Xcompile.invokedynamic=false" />
    <property name="env.TRAVIS_PRE_CHEF_BOOTSTRAP_TIME" value="2017-12-05T19:32:55" />
    <property name="env.ELIXIR_VERSION" value="1.4.5" />
    <property name="env.TRAVIS_STACK_JOB_BOARD_REGISTER" value="/.job-board-register.yml" />
    <property name="java.specification.version" value="1.8" />
    <property name="env.IRBRC" value="/home/travis/.rvm/rubies/ruby-2.4.1/.irbrc" />
    <property name="env.TRAVIS" value="true" />
    <property name="sun.arch.data.model" value="64" />
  </properties>
  <testcase classname="ptolemy.util.test.junit.TclTests" name="[0] /home/travis/build/icyphy/ptII/ptolemy/domains/de/test/DependencyLoop.tcl (RunTclFile)" time="0.794" />
  <testcase classname="ptolemy.util.test.junit.TclTests" name="[1] /home/travis/build/icyphy/ptII/ptolemy/domains/de/test/RunDETestsAsQSS.tcl (RunTclFile)" time="87.697" />
  <testcase classname="ptolemy.util.test.junit.AutoKnownFailedTests" name="[0] /home/travis/build/icyphy/ptII/ptolemy/domains/de/test/auto/knownFailedTests/DESDFClockTest.xml (RunModel)" time="2.029" />
  <testcase classname="ptolemy.util.test.junit.AutoKnownFailedTests" name="[1] /home/travis/build/icyphy/ptII/ptolemy/domains/de/test/auto/knownFailedTests/DirectFeedback.xml (RunModel)" time="0.022" />
  <testcase classname="ptolemy.util.test.junit.AutoKnownFailedTests" name="[2] /home/travis/build/icyphy/ptII/ptolemy/domains/de/test/auto/knownFailedTests/FSMSource.xml (RunModel)" time="0.02" />
  <testcase classname="ptolemy.util.test.junit.AutoKnownFailedTests" name="[3] /home/travis/build/icyphy/ptII/ptolemy/domains/de/test/auto/knownFailedTests/HierarchicalModel.xml (RunModel)" time="0.035" />
  <testcase classname="ptolemy.util.test.junit.AutoKnownFailedTests" name="[4] /home/travis/build/icyphy/ptII/ptolemy/domains/de/test/auto/knownFailedTests/dependencyLoop.xml (RunModel)" time="0.03" />
  <testcase classname="ptolemy.util.test.junit.AutoKnownFailedTests" name="[5] /home/travis/build/icyphy/ptII/ptolemy/domains/de/test/auto/knownFailedTests/dependencyLoop2.xml (RunModel)" time="0.037" />
  <testcase classname="ptolemy.util.test.junit.AutoNameArchTests" name="[0] ThereAreNoAutoTests (RunModel)" time="0.001" />
  <testcase classname="ptolemy.util.test.junit.AutoTests" name="[0] /home/travis/build/icyphy/ptII/ptolemy/domains/de/test/auto/ActorDepthCalculation_actorWithoutPorts.xml (RunModel)" time="0.011" />
  <testcase classname="ptolemy.util.test.junit.AutoTests" name="[1] /home/travis/build/icyphy/ptII/ptolemy/domains/de/test/auto/AssemblyLine.xml (RunModel)" time="0.016" />
  <testcase classname="ptolemy.util.test.junit.AutoTests" name="[2] /home/travis/build/icyphy/ptII/ptolemy/domains/de/test/auto/CQBug1.xml (RunModel)" time="0.01" />
  <testcase classname="ptolemy.util.test.junit.AutoTests" name="[3] /home/travis/build/icyphy/ptII/ptolemy/domains/de/test/auto/CancelFireAt.xml (RunModel)" time="0.009" />
  <testcase classname="ptolemy.util.test.junit.AutoTests" name="[4] /home/travis/build/icyphy/ptII/ptolemy/domains/de/test/auto/CausalityAndComposabilityAnalysis.xml (RunModel)" time="0.008" />
  <testcase classname="ptolemy.util.test.junit.AutoTests" name="[5] /home/travis/build/icyphy/ptII/ptolemy/domains/de/test/auto/CausalityInterface1.xml (RunModel)" time="0.01" />
  <testcase classname="ptolemy.util.test.junit.AutoTests" name="[6] /home/travis/build/icyphy/ptII/ptolemy/domains/de/test/auto/CausalityInterface15.xml (RunModel)" time="0.01" />
  <testcase classname="ptolemy.util.test.junit.AutoTests" name="[7] /home/travis/build/icyphy/ptII/ptolemy/domains/de/test/auto/CausalityInterface2.xml (RunModel)" time="0.011" />
  <testcase classname="ptolemy.util.test.junit.AutoTests" name="[8] /home/travis/build/icyphy/ptII/ptolemy/domains/de/test/auto/CausalityInterface3.xml (RunModel)" time="0.008" />
  <testcase classname="ptolemy.util.test.junit.AutoTests" name="[9] /home/travis/build/icyphy/ptII/ptolemy/domains/de/test/auto/ClockDrift.xml (RunModel)" time="0.031" />
  <testcase classname="ptolemy.util.test.junit.AutoTests" name="[10] /home/travis/build/icyphy/ptII/ptolemy/domains/de/test/auto/ClockDriftAndValueChange.xml (RunModel)" time="0.024" />
  <testcase classname="ptolemy.util.test.junit.AutoTests" name="[11] /home/travis/build/icyphy/ptII/ptolemy/domains/de/test/auto/ClockDriftChange.xml (RunModel)" time="0.021" />
  <testcase classname="ptolemy.util.test.junit.AutoTests" name="[12] /home/travis/build/icyphy/ptII/ptolemy/domains/de/test/auto/ComposableCausalityAnalysis.xml (RunModel)" time="0.013" />
  <testcase classname="ptolemy.util.test.junit.AutoTests" name="[13] /home/travis/build/icyphy/ptII/ptolemy/domains/de/test/auto/DEFixedPointLimitation.xml (RunModel)" time="0.008" />
  <testcase classname="ptolemy.util.test.junit.AutoTests" name="[14] /home/travis/build/icyphy/ptII/ptolemy/domains/de/test/auto/DEScheduleTest.xml (RunModel)" time="0.008" />
  <testcase classname="ptolemy.util.test.junit.AutoTests" name="[15] /home/travis/build/icyphy/ptII/ptolemy/domains/de/test/auto/DEinDEwithStartTimes.xml (RunModel)" time="0.01" />
  <testcase classname="ptolemy.util.test.junit.AutoTests" name="[16] /home/travis/build/icyphy/ptII/ptolemy/domains/de/test/auto/DEinDEwithStartTimes2.xml (RunModel)" time="0.01" />
  <testcase classname="ptolemy.util.test.junit.AutoTests" name="[17] /home/travis/build/icyphy/ptII/ptolemy/domains/de/test/auto/DateDemo.xml (RunModel)" time="0.023" />
  <testcase classname="ptolemy.util.test.junit.AutoTests" name="[18] /home/travis/build/icyphy/ptII/ptolemy/domains/de/test/auto/DateToEvent.xml (RunModel)" time="2.033" />
  <testcase classname="ptolemy.util.test.junit.AutoTests" name="[19] /home/travis/build/icyphy/ptII/ptolemy/domains/de/test/auto/DepthTest1.xml (RunModel)" time="0.007" />
  <testcase classname="ptolemy.util.test.junit.AutoTests" name="[20] /home/travis/build/icyphy/ptII/ptolemy/domains/de/test/auto/DepthTest2.xml (RunModel)" time="0.017" />
  <testcase classname="ptolemy.util.test.junit.AutoTests" name="[21] /home/travis/build/icyphy/ptII/ptolemy/domains/de/test/auto/DepthTest3.xml (RunModel)" time="0.008" />
  <testcase classname="ptolemy.util.test.junit.AutoTests" name="[22] /home/travis/build/icyphy/ptII/ptolemy/domains/de/test/auto/DepthTest4.xml (RunModel)" time="0.012" />
  <testcase classname="ptolemy.util.test.junit.AutoTests" name="[23] /home/travis/build/icyphy/ptII/ptolemy/domains/de/test/auto/DepthTest5.xml (RunModel)" time="0.018" />
  <testcase classname="ptolemy.util.test.junit.AutoTests" name="[24] /home/travis/build/icyphy/ptII/ptolemy/domains/de/test/auto/DepthTest6.xml (RunModel)" time="0.015" />
  <testcase classname="ptolemy.util.test.junit.AutoTests" name="[25] /home/travis/build/icyphy/ptII/ptolemy/domains/de/test/auto/DepthTest7.xml (RunModel)" time="0.012" />
  <testcase classname="ptolemy.util.test.junit.AutoTests" name="[26] /home/travis/build/icyphy/ptII/ptolemy/domains/de/test/auto/EventToDate.xml (RunModel)" time="3.034" />
  <testcase classname="ptolemy.util.test.junit.AutoTests" name="[27] /home/travis/build/icyphy/ptII/ptolemy/domains/de/test/auto/FSM1.xml (RunModel)" time="0.03" />
  <testcase classname="ptolemy.util.test.junit.AutoTests" name="[28] /home/travis/build/icyphy/ptII/ptolemy/domains/de/test/auto/FSM7.xml (RunModel)" time="0.029" />
  <testcase classname="ptolemy.util.test.junit.AutoTests" name="[29] /home/travis/build/icyphy/ptII/ptolemy/domains/de/test/auto/Inspection.xml (RunModel)" time="0.048" />
  <testcase classname="ptolemy.util.test.junit.AutoTests" name="[30] /home/travis/build/icyphy/ptII/ptolemy/domains/de/test/auto/Iteration.xml (RunModel)" time="0.018" />
  <testcase classname="ptolemy.util.test.junit.AutoTests" name="[31] /home/travis/build/icyphy/ptII/ptolemy/domains/de/test/auto/LineFault.xml (RunModel)" time="0.547" />
  <testcase classname="ptolemy.util.test.junit.AutoTests" name="[32] /home/travis/build/icyphy/ptII/ptolemy/domains/de/test/auto/MergeModel1Add.xml (RunModel)" time="0.046" />
  <testcase classname="ptolemy.util.test.junit.AutoTests" name="[33] /home/travis/build/icyphy/ptII/ptolemy/domains/de/test/auto/MergeModel2Add.xml (RunModel)" time="0.034" />
  <testcase classname="ptolemy.util.test.junit.AutoTests" name="[34] /home/travis/build/icyphy/ptII/ptolemy/domains/de/test/auto/MergeModel3Add.xml (RunModel)" time="0.04" />
  <testcase classname="ptolemy.util.test.junit.AutoTests" name="[35] /home/travis/build/icyphy/ptII/ptolemy/domains/de/test/auto/MergeWithoutDiscard.xml (RunModel)" time="0.011" />
  <testcase classname="ptolemy.util.test.junit.AutoTests" name="[36] /home/travis/build/icyphy/ptII/ptolemy/domains/de/test/auto/Modal1.xml (RunModel)" time="0.025" />
  <testcase classname="ptolemy.util.test.junit.AutoTests" name="[37] /home/travis/build/icyphy/ptII/ptolemy/domains/de/test/auto/Modal2.xml (RunModel)" time="0.033" />
  <testcase classname="ptolemy.util.test.junit.AutoTests" name="[38] /home/travis/build/icyphy/ptII/ptolemy/domains/de/test/auto/Modal3.xml (RunModel)" time="0.026" />
  <testcase classname="ptolemy.util.test.junit.AutoTests" name="[39] /home/travis/build/icyphy/ptII/ptolemy/domains/de/test/auto/Modal4.xml (RunModel)" time="0.033" />
  <testcase classname="ptolemy.util.test.junit.AutoTests" name="[40] /home/travis/build/icyphy/ptII/ptolemy/domains/de/test/auto/Modal5.xml (RunModel)" time="0.029" />
  <testcase classname="ptolemy.util.test.junit.AutoTests" name="[41] /home/travis/build/icyphy/ptII/ptolemy/domains/de/test/auto/Modal6.xml (RunModel)" time="0.027" />
  <testcase classname="ptolemy.util.test.junit.AutoTests" name="[42] /home/travis/build/icyphy/ptII/ptolemy/domains/de/test/auto/Modal7.xml (RunModel)" time="0.027" />
  <testcase classname="ptolemy.util.test.junit.AutoTests" name="[43] /home/travis/build/icyphy/ptII/ptolemy/domains/de/test/auto/ModalModel.xml (RunModel)" time="0.155" />
  <testcase classname="ptolemy.util.test.junit.AutoTests" name="[44] /home/travis/build/icyphy/ptII/ptolemy/domains/de/test/auto/ModalSource.xml (RunModel)" time="0.019" />
  <testcase classname="ptolemy.util.test.junit.AutoTests" name="[45] /home/travis/build/icyphy/ptII/ptolemy/domains/de/test/auto/NonInterruptibleTimerZeroDelay.xml (RunModel)" time="0.009" />
  <testcase classname="ptolemy.util.test.junit.AutoTests" name="[46] /home/travis/build/icyphy/ptII/ptolemy/domains/de/test/auto/OpenQueueingNetwork.xml (RunModel)" time="2.146" />
  <testcase classname="ptolemy.util.test.junit.AutoTests" name="[47] /home/travis/build/icyphy/ptII/ptolemy/domains/de/test/auto/OpenQueuingNetwork.xml (RunModel)" time="0.27" />
  <testcase classname="ptolemy.util.test.junit.AutoTests" name="[48] /home/travis/build/icyphy/ptII/ptolemy/domains/de/test/auto/PeriodicSampler.xml (RunModel)" time="0.013" />
  <testcase classname="ptolemy.util.test.junit.AutoTests" name="[49] /home/travis/build/icyphy/ptII/ptolemy/domains/de/test/auto/PersistentIO.xml (RunModel)" time="0.019" />
  <testcase classname="ptolemy.util.test.junit.AutoTests" name="[50] /home/travis/build/icyphy/ptII/ptolemy/domains/de/test/auto/PortParameterResetOnInitialize.xml (RunModel)" time="0.008" />
  <testcase classname="ptolemy.util.test.junit.AutoTests" name="[51] /home/travis/build/icyphy/ptII/ptolemy/domains/de/test/auto/PortParameterUpdates.xml (RunModel)" time="0.019" />
  <testcase classname="ptolemy.util.test.junit.AutoTests" name="[52] /home/travis/build/icyphy/ptII/ptolemy/domains/de/test/auto/QueueAndServer.xml (RunModel)" time="0.021" />
  <testcase classname="ptolemy.util.test.junit.AutoTests" name="[53] /home/travis/build/icyphy/ptII/ptolemy/domains/de/test/auto/Records.xml (RunModel)" time="0.017" />
  <testcase classname="ptolemy.util.test.junit.AutoTests" name="[54] /home/travis/build/icyphy/ptII/ptolemy/domains/de/test/auto/ResetTransitionWithStartTime1.xml (RunModel)" time="0.016" />
  <testcase classname="ptolemy.util.test.junit.AutoTests" name="[55] /home/travis/build/icyphy/ptII/ptolemy/domains/de/test/auto/ResetTransitionWithStartTime2.xml (RunModel)" time="0.019" />
  <testcase classname="ptolemy.util.test.junit.AutoTests" name="[56] /home/travis/build/icyphy/ptII/ptolemy/domains/de/test/auto/ResetTransitionWithStartTime3.xml (RunModel)" time="0.02" />
  <testcase classname="ptolemy.util.test.junit.AutoTests" name="[57] /home/travis/build/icyphy/ptII/ptolemy/domains/de/test/auto/ResetTransitionWithStartTime4.xml (RunModel)" time="0.021" />
  <testcase classname="ptolemy.util.test.junit.AutoTests" name="[58] /home/travis/build/icyphy/ptII/ptolemy/domains/de/test/auto/ResettableTimer1.xml (RunModel)" time="0.011" />
  <testcase classname="ptolemy.util.test.junit.AutoTests" name="[59] /home/travis/build/icyphy/ptII/ptolemy/domains/de/test/auto/ResettableTimer2.xml (RunModel)" time="0.009" />
  <testcase classname="ptolemy.util.test.junit.AutoTests" name="[60] /home/travis/build/icyphy/ptII/ptolemy/domains/de/test/auto/ResettableTimer3.xml (RunModel)" time="0.008" />
  <testcase classname="ptolemy.util.test.junit.AutoTests" name="[61] /home/travis/build/icyphy/ptII/ptolemy/domains/de/test/auto/ResettableTimer4.xml (RunModel)" time="0.011" />
  <testcase classname="ptolemy.util.test.junit.AutoTests" name="[62] /home/travis/build/icyphy/ptII/ptolemy/domains/de/test/auto/ResettableTimer5.xml (RunModel)" time="0.009" />
  <testcase classname="ptolemy.util.test.junit.AutoTests" name="[63] /home/travis/build/icyphy/ptII/ptolemy/domains/de/test/auto/ResettableTimer6.xml (RunModel)" time="0.017" />
  <testcase classname="ptolemy.util.test.junit.AutoTests" name="[64] /home/travis/build/icyphy/ptII/ptolemy/domains/de/test/auto/ServerZeroDelay.xml (RunModel)" time="0.01" />
  <testcase classname="ptolemy.util.test.junit.AutoTests" name="[65] /home/travis/build/icyphy/ptII/ptolemy/domains/de/test/auto/SmartSender.xml (RunModel)" time="3.009" />
  <testcase classname="ptolemy.util.test.junit.AutoTests" name="[66] /home/travis/build/icyphy/ptII/ptolemy/domains/de/test/auto/ThreadedComposite.xml (RunModel)" time="0.141" />
  <testcase classname="ptolemy.util.test.junit.AutoTests" name="[67] /home/travis/build/icyphy/ptII/ptolemy/domains/de/test/auto/Time.xml (RunModel)" time="0.422" />
  <testcase classname="ptolemy.util.test.junit.AutoTests" name="[68] /home/travis/build/icyphy/ptII/ptolemy/domains/de/test/auto/TimeDelayZeroDelay.xml (RunModel)" time="0.009" />
  <testcase classname="ptolemy.util.test.junit.AutoTests" name="[69] /home/travis/build/icyphy/ptII/ptolemy/domains/de/test/auto/TimerZeroDelay.xml (RunModel)" time="0.009" />
  <testcase classname="ptolemy.util.test.junit.AutoTests" name="[70] /home/travis/build/icyphy/ptII/ptolemy/domains/de/test/auto/TimingParadox.xml (RunModel)" time="0.345" />
  <testcase classname="ptolemy.util.test.junit.AutoTests" name="[71] /home/travis/build/icyphy/ptII/ptolemy/domains/de/test/auto/TransferInputs.xml (RunModel)" time="0.009" />
  <testcase classname="ptolemy.util.test.junit.AutoTests" name="[72] /home/travis/build/icyphy/ptII/ptolemy/domains/de/test/auto/TransferOutputs2.xml (RunModel)" time="0.011" />
  <testcase classname="ptolemy.util.test.junit.AutoTests" name="[73] /home/travis/build/icyphy/ptII/ptolemy/domains/de/test/auto/Trilateration.xml (RunModel)" time="11.398" />
  <testcase classname="ptolemy.util.test.junit.AutoTests" name="[74] /home/travis/build/icyphy/ptII/ptolemy/domains/de/test/auto/TwoSigmaDelta.xml (RunModel)" time="2.118" />
  <testcase classname="ptolemy.util.test.junit.AutoTests" name="[75] /home/travis/build/icyphy/ptII/ptolemy/domains/de/test/auto/VariableDelay.xml (RunModel)" time="0.016" />
  <testcase classname="ptolemy.util.test.junit.AutoTests" name="[76] /home/travis/build/icyphy/ptII/ptolemy/domains/de/test/auto/VariableDelay2.xml (RunModel)" time="0.009" />
  <testcase classname="ptolemy.util.test.junit.AutoTests" name="[77] /home/travis/build/icyphy/ptII/ptolemy/domains/de/test/auto/VariableDelayZeroDelay.xml (RunModel)" time="0.009" />
  <testcase classname="ptolemy.util.test.junit.AutoTests" name="[78] /home/travis/build/icyphy/ptII/ptolemy/domains/de/test/auto/VariableDelayZeroDelay2.xml (RunModel)" time="0.009" />
  <testcase classname="ptolemy.util.test.junit.AutoTests" name="[79] /home/travis/build/icyphy/ptII/ptolemy/domains/de/test/auto/deInCt.xml (RunModel)" time="0.017" />
  <testcase classname="ptolemy.util.test.junit.AutoTests" name="[80] /home/travis/build/icyphy/ptII/ptolemy/domains/de/test/auto/deInCt2.xml (RunModel)" time="0.016" />
  <testcase classname="ptolemy.util.test.junit.AutoTests" name="[81] /home/travis/build/icyphy/ptII/ptolemy/domains/de/test/auto/dynamicCausalityInterface1.xml (RunModel)" time="0.016" />
  <testcase classname="ptolemy.util.test.junit.AutoTests" name="[82] /home/travis/build/icyphy/ptII/ptolemy/domains/de/test/auto/fsm_de_test.xml (RunModel)" time="0.02" />
  <testcase classname="ptolemy.util.test.junit.AutoTests" name="[83] /home/travis/build/icyphy/ptII/ptolemy/domains/de/test/auto/functionDependencyReconstruction.xml (RunModel)" time="0.028" />
  <testcase classname="ptolemy.util.test.junit.AutoTests" name="[84] /home/travis/build/icyphy/ptII/ptolemy/domains/de/test/auto/multirate.xml (RunModel)" time="0.014" />
  <testcase classname="ptolemy.util.test.junit.AutoTests" name="[85] /home/travis/build/icyphy/ptII/ptolemy/domains/de/test/auto/multirate2.xml (RunModel)" time="0.013" />
  <testcase classname="ptolemy.util.test.junit.AutoTests" name="[86] /home/travis/build/icyphy/ptII/ptolemy/domains/de/test/auto/realtime.xml (RunModel)" time="10.011" />
  <testcase classname="ptolemy.util.test.junit.AutoTests" name="[87] /home/travis/build/icyphy/ptII/ptolemy/domains/de/test/auto/relationGroup.xml (RunModel)" time="0.012" />
  <testcase classname="ptolemy.util.test.junit.AutoTests" name="[88] /home/travis/build/icyphy/ptII/ptolemy/domains/de/test/auto/relationGroup2.xml (RunModel)" time="0.008" />
  <testcase classname="ptolemy.util.test.junit.AutoTests" name="[89] /home/travis/build/icyphy/ptII/ptolemy/domains/de/test/auto/sortWithOpaquePorts.xml (RunModel)" time="0.011" />
  <testcase classname="ptolemy.util.test.junit.AutoTests" name="[90] /home/travis/build/icyphy/ptII/ptolemy/domains/de/test/auto/transferInputsandOutputs.xml (RunModel)" time="0.019" />
  <testcase classname="ptolemy.util.test.junit.AutoTests" name="[91] /home/travis/build/icyphy/ptII/ptolemy/domains/de/test/auto/triggerType.xml (RunModel)" time="0.015" />
  <system-out><![CDATA[/home/travis/build/icyphy/ptII/ptolemy/domains/de/test/DependencyLoop.tcl
testDefs.tcl: setting time out to 9000 seconds at Thu May 10 01:19:11 UTC 2018
36 ms. Memory: 116224K Free: 95043K (82%)
6 ms. Memory: 146944K Free: 137842K (94%)
/home/travis/build/icyphy/ptII/ptolemy/domains/de/test/RunDETestsAsQSS.tcl
Run the DE tests using ptolemy.domains.qss.test.QSSDirectorTest, which extends QSSDirector and prints a message in the constructors.
------------------ testing $PTII/ptolemy/domains/de/test/auto/knownFailedTests/dependencyLoop.xml (Known Failure) 
6 ms. Memory: 146944K Free: 133567K (91%)


==== $PTIIhome/travis/build/icyphy/ptII/ptolemy/domains/de/test/../../../../: Auto Automatic test in file $PTII/ptolemy/domains/de/test/auto/knownFailedTests/dependencyLoop.xml
==== Contents of test case:

	    # FIXME: we should use $relativeFilename here, but it
	    # might have backslashes under Windows, which causes no end
	    # of trouble.
	    createAndExecute $file
	    list {}
	
.... Test generated KNOWN error:
    while executing
ptolemy.kernel.util.IllegalActionException: Found a zero delay loop containing .dependencyLoop.original
  in .dependencyLoop and .dependencyLoop.original
	at ptolemy.actor.util.CausalityInterfaceForComposites._computeOutputPortDepth(CausalityInterfaceForComposites.java:759)
	at ptolemy.actor.util.CausalityInterfaceForComposites._computeInputDepth(CausalityInterfaceForComposites.java:696)
	at ptolemy.actor.util.CausalityInterfaceForComposites._computeOutputPortDepth(CausalityInterfaceForComposites.java:765)
	at ptolemy.actor.util.CausalityInterfaceForComposites._computeInputDepth(CausalityInterfaceForComposites.java:696)
	at ptolemy.actor.util.CausalityInterfaceForComposites._computeOutputPortDepth(CausalityInterfaceForComposites.java:765)
	at ptolemy.actor.util.CausalityInterfaceForComposites._computeInputDepth(CausalityInterfaceForComposites.java:696)
	at ptolemy.actor.util.CausalityInterfaceForComposites._computeActorDepth(CausalityInterfaceForComposites.java:532)
	at ptolemy.actor.util.CausalityInterfaceForComposites.checkForCycles(CausalityInterfaceForComposites.java:96)
	at ptolemy.domains.de.kernel.DEDirector.preinitialize(DEDirector.java:1337)
	at ptolemy.actor.CompositeActor.preinitialize(CompositeActor.java:1828)
	at ptolemy.actor.Manager.preinitializeAndResolveTypes(Manager.java:1040)
	at ptolemy.actor.Manager.initialize(Manager.java:710)
	at ptolemy.actor.Manager.execute(Manager.java:356)
	at ptolemy.actor.Manager.run(Manager.java:1263)
	at ptolemy.actor.Manager$PtolemyRunThread.run(Manager.java:1915)

    while executing
ptolemy.kernel.util.IllegalActionException: Found a zero delay loop containing .dependencyLoop.original
  in .dependencyLoop and .dependencyLoop.original
    while executing
"java::new ptolemy.moml.MoMLSimpleApplication $file
"
    (procedure "createAndExecute" line 2)
    invoked from within
"createAndExecute $file"
    ("uplevel" body line 5)
    invoked from within
"uplevel $contents_of_test"
------------------ testing $PTII/ptolemy/domains/de/test/auto/knownFailedTests/DESDFClockTest.xml (Known Failure) 
2145 ms. Memory: 146944K Free: 116480K (79%)


==== $PTIIhome/travis/build/icyphy/ptII/ptolemy/domains/de/test/../../../../: Auto Automatic test in file $PTII/ptolemy/domains/de/test/auto/knownFailedTests/DESDFClockTest.xml
==== Contents of test case:

	    # FIXME: we should use $relativeFilename here, but it
	    # might have backslashes under Windows, which causes no end
	    # of trouble.
	    createAndExecute $file
	    list {}
	
.... Test generated KNOWN error:
    while executing
ptolemy.kernel.util.IllegalActionException: Actor is not ready to fire.  Perhaps UpSample.prefire() returned false? Try debugging the actor by selecting "Listen to Actor".  Also, for SDF check moml for tokenConsumptionRate on input.
  in .DESDFClockTest.Play Bell.Copy1:SDF Director and .DESDFClockTest.Play Bell.UpSample
	at ptolemy.actor.sched.StaticSchedulingDirector.fire(StaticSchedulingDirector.java:227)
	at ptolemy.domains.sdf.kernel.SDFDirector.fire(SDFDirector.java:500)
	at ptolemy.actor.CompositeActor.fire(CompositeActor.java:455)
	at ptolemy.domains.de.kernel.DEDirector._fire(DEDirector.java:1948)
	at ptolemy.domains.de.kernel.DEDirector.fire(DEDirector.java:502)
	at ptolemy.actor.CompositeActor.fire(CompositeActor.java:455)
	at ptolemy.actor.Manager.iterate(Manager.java:851)
	at ptolemy.actor.Manager.execute(Manager.java:369)
	at ptolemy.actor.Manager.run(Manager.java:1263)
	at ptolemy.actor.Manager$PtolemyRunThread.run(Manager.java:1915)

    while executing
ptolemy.kernel.util.IllegalActionException: Actor is not ready to fire.  Perhaps UpSample.prefire() returned false? Try debugging the actor by selecting "Listen to Actor".  Also, for SDF check moml for tokenConsumptionRate on input.
  in .DESDFClockTest.Play Bell.Copy1:SDF Director and .DESDFClockTest.Play Bell.UpSample
    while executing
"java::new ptolemy.moml.MoMLSimpleApplication $file
"
    (procedure "createAndExecute" line 2)
    invoked from within
"createAndExecute $file"
    ("uplevel" body line 5)
    invoked from within
"uplevel $contents_of_test"
------------------ testing $PTII/ptolemy/domains/de/test/auto/knownFailedTests/FSMSource.xml (Known Failure) 
41 ms. Memory: 146944K Free: 107490K (73%)
!!!! Auto was marked as failing, but now passes
------------------ testing $PTII/ptolemy/domains/de/test/auto/knownFailedTests/dependencyLoop2.xml (Known Failure) 
7 ms. Memory: 146944K Free: 105606K (72%)


==== $PTIIhome/travis/build/icyphy/ptII/ptolemy/domains/de/test/../../../../: Auto Automatic test in file $PTII/ptolemy/domains/de/test/auto/knownFailedTests/dependencyLoop2.xml
==== Contents of test case:

	    # FIXME: we should use $relativeFilename here, but it
	    # might have backslashes under Windows, which causes no end
	    # of trouble.
	    createAndExecute $file
	    list {}
	
.... Test generated KNOWN error:
    while executing
ptolemy.kernel.util.IllegalActionException: Found a zero delay loop containing .dependencyLoop2.original
  in .dependencyLoop2 and .dependencyLoop2.original
	at ptolemy.actor.util.CausalityInterfaceForComposites._computeOutputPortDepth(CausalityInterfaceForComposites.java:759)
	at ptolemy.actor.util.CausalityInterfaceForComposites._computeInputDepth(CausalityInterfaceForComposites.java:696)
	at ptolemy.actor.util.CausalityInterfaceForComposites._computeOutputPortDepth(CausalityInterfaceForComposites.java:765)
	at ptolemy.actor.util.CausalityInterfaceForComposites._computeInputDepth(CausalityInterfaceForComposites.java:696)
	at ptolemy.actor.util.CausalityInterfaceForComposites._computeOutputPortDepth(CausalityInterfaceForComposites.java:765)
	at ptolemy.actor.util.CausalityInterfaceForComposites._computeInputDepth(CausalityInterfaceForComposites.java:696)
	at ptolemy.actor.util.CausalityInterfaceForComposites._computeActorDepth(CausalityInterfaceForComposites.java:532)
	at ptolemy.actor.util.CausalityInterfaceForComposites.checkForCycles(CausalityInterfaceForComposites.java:96)
	at ptolemy.domains.de.kernel.DEDirector.preinitialize(DEDirector.java:1337)
	at ptolemy.actor.CompositeActor.preinitialize(CompositeActor.java:1828)
	at ptolemy.actor.Manager.preinitializeAndResolveTypes(Manager.java:1040)
	at ptolemy.actor.Manager.initialize(Manager.java:710)
	at ptolemy.actor.Manager.execute(Manager.java:356)
	at ptolemy.actor.Manager.run(Manager.java:1263)
	at ptolemy.actor.Manager$PtolemyRunThread.run(Manager.java:1915)

    while executing
ptolemy.kernel.util.IllegalActionException: Found a zero delay loop containing .dependencyLoop2.original
  in .dependencyLoop2 and .dependencyLoop2.original
    while executing
"java::new ptolemy.moml.MoMLSimpleApplication $file
"
    (procedure "createAndExecute" line 2)
    invoked from within
"createAndExecute $file"
    ("uplevel" body line 5)
    invoked from within
"uplevel $contents_of_test"
------------------ testing $PTII/ptolemy/domains/de/test/auto/knownFailedTests/HierarchicalModel.xml (Known Failure) 
4 ms. Memory: 146944K Free: 85075K (58%)


==== $PTIIhome/travis/build/icyphy/ptII/ptolemy/domains/de/test/../../../../: Auto Automatic test in file $PTII/ptolemy/domains/de/test/auto/knownFailedTests/HierarchicalModel.xml
==== Contents of test case:

	    # FIXME: we should use $relativeFilename here, but it
	    # might have backslashes under Windows, which causes no end
	    # of trouble.
	    createAndExecute $file
	    list {}
	
.... Test generated KNOWN error:
    while executing
ptolemy.kernel.util.IllegalActionException: Found a zero delay loop containing .HierarchicalModel.A
  in .HierarchicalModel and .HierarchicalModel.A
	at ptolemy.actor.util.CausalityInterfaceForComposites._computeOutputPortDepth(CausalityInterfaceForComposites.java:759)
	at ptolemy.actor.util.CausalityInterfaceForComposites._computeInputDepth(CausalityInterfaceForComposites.java:696)
	at ptolemy.actor.util.CausalityInterfaceForComposites._computeOutputPortDepth(CausalityInterfaceForComposites.java:765)
	at ptolemy.actor.util.CausalityInterfaceForComposites._computeInputDepth(CausalityInterfaceForComposites.java:696)
	at ptolemy.actor.util.CausalityInterfaceForComposites._computeOutputPortDepth(CausalityInterfaceForComposites.java:765)
	at ptolemy.actor.util.CausalityInterfaceForComposites._computeInputDepth(CausalityInterfaceForComposites.java:696)
	at ptolemy.actor.util.CausalityInterfaceForComposites._computeActorDepth(CausalityInterfaceForComposites.java:532)
	at ptolemy.actor.util.CausalityInterfaceForComposites.checkForCycles(CausalityInterfaceForComposites.java:96)
	at ptolemy.domains.de.kernel.DEDirector.preinitialize(DEDirector.java:1337)
	at ptolemy.actor.CompositeActor.preinitialize(CompositeActor.java:1828)
	at ptolemy.actor.Manager.preinitializeAndResolveTypes(Manager.java:1040)
	at ptolemy.actor.Manager.initialize(Manager.java:710)
	at ptolemy.actor.Manager.execute(Manager.java:356)
	at ptolemy.actor.Manager.run(Manager.java:1263)
	at ptolemy.actor.Manager$PtolemyRunThread.run(Manager.java:1915)

    while executing
ptolemy.kernel.util.IllegalActionException: Found a zero delay loop containing .HierarchicalModel.A
  in .HierarchicalModel and .HierarchicalModel.A
    while executing
"java::new ptolemy.moml.MoMLSimpleApplication $file
"
    (procedure "createAndExecute" line 2)
    invoked from within
"createAndExecute $file"
    ("uplevel" body line 5)
    invoked from within
"uplevel $contents_of_test"
------------------ testing $PTII/ptolemy/domains/de/test/auto/knownFailedTests/DirectFeedback.xml (Known Failure) 
4 ms. Memory: 146944K Free: 140394K (96%)


==== $PTIIhome/travis/build/icyphy/ptII/ptolemy/domains/de/test/../../../../: Auto Automatic test in file $PTII/ptolemy/domains/de/test/auto/knownFailedTests/DirectFeedback.xml
==== Contents of test case:

	    # FIXME: we should use $relativeFilename here, but it
	    # might have backslashes under Windows, which causes no end
	    # of trouble.
	    createAndExecute $file
	    list {}
	
.... Test generated KNOWN error:
    while executing
ptolemy.kernel.util.IllegalActionException: Test fails in iteration 1.
Value was: 1.0. Should have been: 2.0
  in .DirectFeedback.Test
	at ptolemy.actor.lib.Test.fire(Test.java:268)
	at ptolemy.domains.de.kernel.DEDirector._fire(DEDirector.java:1948)
	at ptolemy.domains.de.kernel.DEDirector.fire(DEDirector.java:502)
	at ptolemy.actor.CompositeActor.fire(CompositeActor.java:455)
	at ptolemy.actor.Manager.iterate(Manager.java:851)
	at ptolemy.actor.Manager.execute(Manager.java:369)
	at ptolemy.actor.Manager.run(Manager.java:1263)
	at ptolemy.actor.Manager$PtolemyRunThread.run(Manager.java:1915)

    while executing
ptolemy.kernel.util.IllegalActionException: Test fails in iteration 1.
Value was: 1.0. Should have been: 2.0
  in .DirectFeedback.Test
    while executing
"java::new ptolemy.moml.MoMLSimpleApplication $file
"
    (procedure "createAndExecute" line 2)
    invoked from within
"createAndExecute $file"
    ("uplevel" body line 5)
    invoked from within
"uplevel $contents_of_test"
------------------ testing $PTII/ptolemy/domains/de/test/auto/ActorDepthCalculation_actorWithoutPorts.xml
auto.tcl: Setting watchdog for 200 seconds at Thu May 10 01:19:14 UTC 2018
5 ms. Memory: 146944K Free: 132818K (90%)
ptolemy.util.test.WatchDog.cancel(): canceling Thu May 10 01:19:14 UTC 2018
auto.tcl: Setting watchdog for 200 seconds at Thu May 10 01:19:14 UTC 2018
4 ms. Memory: 146944K Free: 130729K (89%)
ptolemy.util.test.WatchDog.cancel(): canceling Thu May 10 01:19:14 UTC 2018
------------------ testing $PTII/ptolemy/domains/de/test/auto/AssemblyLine.xml
auto.tcl: Setting watchdog for 200 seconds at Thu May 10 01:19:14 UTC 2018
11 ms. Memory: 208384K Free: 187964K (90%)
ptolemy.util.test.WatchDog.cancel(): canceling Thu May 10 01:19:15 UTC 2018
auto.tcl: Setting watchdog for 200 seconds at Thu May 10 01:19:15 UTC 2018
9 ms. Memory: 208384K Free: 187145K (90%)
ptolemy.util.test.WatchDog.cancel(): canceling Thu May 10 01:19:15 UTC 2018
------------------ testing $PTII/ptolemy/domains/de/test/auto/CQBug1.xml
auto.tcl: Setting watchdog for 200 seconds at Thu May 10 01:19:15 UTC 2018
11 ms. Memory: 208384K Free: 197980K (95%)
ptolemy.util.test.WatchDog.cancel(): canceling Thu May 10 01:19:15 UTC 2018
auto.tcl: Setting watchdog for 200 seconds at Thu May 10 01:19:15 UTC 2018
2 ms. Memory: 208384K Free: 197980K (95%)
ptolemy.util.test.WatchDog.cancel(): canceling Thu May 10 01:19:15 UTC 2018
------------------ testing $PTII/ptolemy/domains/de/test/auto/CancelFireAt.xml
auto.tcl: Setting watchdog for 200 seconds at Thu May 10 01:19:15 UTC 2018
3 ms. Memory: 208384K Free: 201258K (97%)
ptolemy.util.test.WatchDog.cancel(): canceling Thu May 10 01:19:15 UTC 2018
auto.tcl: Setting watchdog for 200 seconds at Thu May 10 01:19:15 UTC 2018
2 ms. Memory: 208384K Free: 199168K (96%)
ptolemy.util.test.WatchDog.cancel(): canceling Thu May 10 01:19:15 UTC 2018
------------------ testing $PTII/ptolemy/domains/de/test/auto/CausalityAndComposabilityAnalysis.xml
auto.tcl: Setting watchdog for 200 seconds at Thu May 10 01:19:15 UTC 2018
23 ms. Memory: 208384K Free: 198766K (95%)
ptolemy.util.test.WatchDog.cancel(): canceling Thu May 10 01:19:15 UTC 2018
auto.tcl: Setting watchdog for 200 seconds at Thu May 10 01:19:15 UTC 2018
5 ms. Memory: 208384K Free: 196338K (94%)
ptolemy.util.test.WatchDog.cancel(): canceling Thu May 10 01:19:15 UTC 2018
------------------ testing $PTII/ptolemy/domains/de/test/auto/CausalityInterface1.xml
auto.tcl: Setting watchdog for 200 seconds at Thu May 10 01:19:15 UTC 2018
15 ms. Memory: 208384K Free: 196277K (94%)
ptolemy.util.test.WatchDog.cancel(): canceling Thu May 10 01:19:15 UTC 2018
auto.tcl: Setting watchdog for 200 seconds at Thu May 10 01:19:15 UTC 2018
3 ms. Memory: 208384K Free: 196277K (94%)
ptolemy.util.test.WatchDog.cancel(): canceling Thu May 10 01:19:15 UTC 2018
------------------ testing $PTII/ptolemy/domains/de/test/auto/CausalityInterface15.xml
auto.tcl: Setting watchdog for 200 seconds at Thu May 10 01:19:15 UTC 2018
10 ms. Memory: 208384K Free: 196268K (94%)
ptolemy.util.test.WatchDog.cancel(): canceling Thu May 10 01:19:15 UTC 2018
auto.tcl: Setting watchdog for 200 seconds at Thu May 10 01:19:15 UTC 2018
9 ms. Memory: 208384K Free: 194178K (93%)
ptolemy.util.test.WatchDog.cancel(): canceling Thu May 10 01:19:15 UTC 2018
------------------ testing $PTII/ptolemy/domains/de/test/auto/CausalityInterface2.xml
auto.tcl: Setting watchdog for 200 seconds at Thu May 10 01:19:15 UTC 2018
6 ms. Memory: 208384K Free: 196251K (94%)
ptolemy.util.test.WatchDog.cancel(): canceling Thu May 10 01:19:15 UTC 2018
auto.tcl: Setting watchdog for 200 seconds at Thu May 10 01:19:15 UTC 2018
3 ms. Memory: 208384K Free: 196251K (94%)
ptolemy.util.test.WatchDog.cancel(): canceling Thu May 10 01:19:15 UTC 2018
------------------ testing $PTII/ptolemy/domains/de/test/auto/CausalityInterface3.xml
auto.tcl: Setting watchdog for 200 seconds at Thu May 10 01:19:15 UTC 2018
4 ms. Memory: 208384K Free: 196263K (94%)
ptolemy.util.test.WatchDog.cancel(): canceling Thu May 10 01:19:15 UTC 2018
auto.tcl: Setting watchdog for 200 seconds at Thu May 10 01:19:15 UTC 2018
5 ms. Memory: 208384K Free: 196263K (94%)
ptolemy.util.test.WatchDog.cancel(): canceling Thu May 10 01:19:15 UTC 2018
------------------ testing $PTII/ptolemy/domains/de/test/auto/ClockDrift.xml
auto.tcl: Setting watchdog for 200 seconds at Thu May 10 01:19:15 UTC 2018
52 ms. Memory: 208384K Free: 187527K (90%)
ptolemy.util.test.WatchDog.cancel(): canceling Thu May 10 01:19:15 UTC 2018
auto.tcl: Setting watchdog for 200 seconds at Thu May 10 01:19:15 UTC 2018
67 ms. Memory: 208384K Free: 185437K (89%)
ptolemy.util.test.WatchDog.cancel(): canceling Thu May 10 01:19:16 UTC 2018
------------------ testing $PTII/ptolemy/domains/de/test/auto/ClockDriftAndValueChange.xml
auto.tcl: Setting watchdog for 200 seconds at Thu May 10 01:19:16 UTC 2018
49 ms. Memory: 208384K Free: 187362K (90%)
ptolemy.util.test.WatchDog.cancel(): canceling Thu May 10 01:19:16 UTC 2018
auto.tcl: Setting watchdog for 200 seconds at Thu May 10 01:19:16 UTC 2018
32 ms. Memory: 208384K Free: 185272K (89%)
ptolemy.util.test.WatchDog.cancel(): canceling Thu May 10 01:19:16 UTC 2018
------------------ testing $PTII/ptolemy/domains/de/test/auto/ClockDriftChange.xml
auto.tcl: Setting watchdog for 200 seconds at Thu May 10 01:19:16 UTC 2018
36 ms. Memory: 208384K Free: 190680K (92%)
ptolemy.util.test.WatchDog.cancel(): canceling Thu May 10 01:19:16 UTC 2018
auto.tcl: Setting watchdog for 200 seconds at Thu May 10 01:19:16 UTC 2018
29 ms. Memory: 208384K Free: 188590K (91%)
ptolemy.util.test.WatchDog.cancel(): canceling Thu May 10 01:19:16 UTC 2018
------------------ testing $PTII/ptolemy/domains/de/test/auto/ComposableCausalityAnalysis.xml
auto.tcl: Setting watchdog for 200 seconds at Thu May 10 01:19:16 UTC 2018
5 ms. Memory: 208384K Free: 196125K (94%)
ptolemy.util.test.WatchDog.cancel(): canceling Thu May 10 01:19:16 UTC 2018
auto.tcl: Setting watchdog for 200 seconds at Thu May 10 01:19:16 UTC 2018
2 ms. Memory: 208384K Free: 194035K (93%)
ptolemy.util.test.WatchDog.cancel(): canceling Thu May 10 01:19:16 UTC 2018
------------------ testing $PTII/ptolemy/domains/de/test/auto/DEFixedPointLimitation.xml
auto.tcl: Setting watchdog for 200 seconds at Thu May 10 01:19:16 UTC 2018
2 ms. Memory: 208384K Free: 196205K (94%)
ptolemy.util.test.WatchDog.cancel(): canceling Thu May 10 01:19:16 UTC 2018
auto.tcl: Setting watchdog for 200 seconds at Thu May 10 01:19:16 UTC 2018
2 ms. Memory: 208384K Free: 196205K (94%)
ptolemy.util.test.WatchDog.cancel(): canceling Thu May 10 01:19:16 UTC 2018
------------------ testing $PTII/ptolemy/domains/de/test/auto/DEScheduleTest.xml
auto.tcl: Setting watchdog for 200 seconds at Thu May 10 01:19:16 UTC 2018
5 ms. Memory: 208384K Free: 198668K (95%)
ptolemy.util.test.WatchDog.cancel(): canceling Thu May 10 01:19:16 UTC 2018
auto.tcl: Setting watchdog for 200 seconds at Thu May 10 01:19:16 UTC 2018
4 ms. Memory: 208384K Free: 196241K (94%)
ptolemy.util.test.WatchDog.cancel(): canceling Thu May 10 01:19:16 UTC 2018
------------------ testing $PTII/ptolemy/domains/de/test/auto/DEinDEwithStartTimes.xml
auto.tcl: Setting watchdog for 200 seconds at Thu May 10 01:19:16 UTC 2018
8 ms. Memory: 208384K Free: 196210K (94%)
ptolemy.util.test.WatchDog.cancel(): canceling Thu May 10 01:19:16 UTC 2018
auto.tcl: Setting watchdog for 200 seconds at Thu May 10 01:19:16 UTC 2018
4 ms. Memory: 208384K Free: 194120K (93%)
ptolemy.util.test.WatchDog.cancel(): canceling Thu May 10 01:19:16 UTC 2018
------------------ testing $PTII/ptolemy/domains/de/test/auto/DEinDEwithStartTimes2.xml
auto.tcl: Setting watchdog for 200 seconds at Thu May 10 01:19:16 UTC 2018
4 ms. Memory: 208384K Free: 196527K (94%)
ptolemy.util.test.WatchDog.cancel(): canceling Thu May 10 01:19:16 UTC 2018
auto.tcl: Setting watchdog for 200 seconds at Thu May 10 01:19:16 UTC 2018
4 ms. Memory: 208384K Free: 194100K (93%)
ptolemy.util.test.WatchDog.cancel(): canceling Thu May 10 01:19:16 UTC 2018
------------------ testing $PTII/ptolemy/domains/de/test/auto/DateDemo.xml
auto.tcl: Setting watchdog for 200 seconds at Thu May 10 01:19:16 UTC 2018
20 ms. Memory: 208384K Free: 188659K (91%)
ptolemy.util.test.WatchDog.cancel(): canceling Thu May 10 01:19:16 UTC 2018
auto.tcl: Setting watchdog for 200 seconds at Thu May 10 01:19:16 UTC 2018
7 ms. Memory: 208384K Free: 186569K (90%)
ptolemy.util.test.WatchDog.cancel(): canceling Thu May 10 01:19:16 UTC 2018
------------------ testing $PTII/ptolemy/domains/de/test/auto/DateToEvent.xml
auto.tcl: Setting watchdog for 200 seconds at Thu May 10 01:19:17 UTC 2018
2009 ms. Memory: 208384K Free: 183419K (88%)
ptolemy.util.test.WatchDog.cancel(): canceling Thu May 10 01:19:19 UTC 2018
auto.tcl: Setting watchdog for 200 seconds at Thu May 10 01:19:19 UTC 2018
2006 ms. Memory: 208384K Free: 180961K (87%)
ptolemy.util.test.WatchDog.cancel(): canceling Thu May 10 01:19:21 UTC 2018
------------------ testing $PTII/ptolemy/domains/de/test/auto/DepthTest1.xml
auto.tcl: Setting watchdog for 200 seconds at Thu May 10 01:19:21 UTC 2018
3 ms. Memory: 208384K Free: 197844K (95%)
ptolemy.util.test.WatchDog.cancel(): canceling Thu May 10 01:19:21 UTC 2018
auto.tcl: Setting watchdog for 200 seconds at Thu May 10 01:19:21 UTC 2018
4 ms. Memory: 208384K Free: 197844K (95%)
ptolemy.util.test.WatchDog.cancel(): canceling Thu May 10 01:19:21 UTC 2018
------------------ testing $PTII/ptolemy/domains/de/test/auto/DepthTest2.xml
auto.tcl: Setting watchdog for 200 seconds at Thu May 10 01:19:21 UTC 2018
3 ms. Memory: 208384K Free: 194436K (93%)
ptolemy.util.test.WatchDog.cancel(): canceling Thu May 10 01:19:21 UTC 2018
auto.tcl: Setting watchdog for 200 seconds at Thu May 10 01:19:21 UTC 2018
7 ms. Memory: 208384K Free: 194436K (93%)
ptolemy.util.test.WatchDog.cancel(): canceling Thu May 10 01:19:21 UTC 2018
------------------ testing $PTII/ptolemy/domains/de/test/auto/DepthTest3.xml
auto.tcl: Setting watchdog for 200 seconds at Thu May 10 01:19:21 UTC 2018
2 ms. Memory: 208384K Free: 198177K (95%)
ptolemy.util.test.WatchDog.cancel(): canceling Thu May 10 01:19:21 UTC 2018
auto.tcl: Setting watchdog for 200 seconds at Thu May 10 01:19:21 UTC 2018
2 ms. Memory: 208384K Free: 198177K (95%)
ptolemy.util.test.WatchDog.cancel(): canceling Thu May 10 01:19:21 UTC 2018
------------------ testing $PTII/ptolemy/domains/de/test/auto/DepthTest4.xml
auto.tcl: Setting watchdog for 200 seconds at Thu May 10 01:19:21 UTC 2018
8 ms. Memory: 208384K Free: 196174K (94%)
ptolemy.util.test.WatchDog.cancel(): canceling Thu May 10 01:19:21 UTC 2018
auto.tcl: Setting watchdog for 200 seconds at Thu May 10 01:19:21 UTC 2018
2 ms. Memory: 208384K Free: 196174K (94%)
ptolemy.util.test.WatchDog.cancel(): canceling Thu May 10 01:19:21 UTC 2018
------------------ testing $PTII/ptolemy/domains/de/test/auto/DepthTest5.xml
auto.tcl: Setting watchdog for 200 seconds at Thu May 10 01:19:21 UTC 2018
3 ms. Memory: 208384K Free: 196121K (94%)
ptolemy.util.test.WatchDog.cancel(): canceling Thu May 10 01:19:21 UTC 2018
auto.tcl: Setting watchdog for 200 seconds at Thu May 10 01:19:21 UTC 2018
2 ms. Memory: 208384K Free: 196121K (94%)
ptolemy.util.test.WatchDog.cancel(): canceling Thu May 10 01:19:21 UTC 2018
------------------ testing $PTII/ptolemy/domains/de/test/auto/DepthTest6.xml
auto.tcl: Setting watchdog for 200 seconds at Thu May 10 01:19:21 UTC 2018
4 ms. Memory: 208384K Free: 196098K (94%)
ptolemy.util.test.WatchDog.cancel(): canceling Thu May 10 01:19:21 UTC 2018
auto.tcl: Setting watchdog for 200 seconds at Thu May 10 01:19:21 UTC 2018
2 ms. Memory: 208384K Free: 196098K (94%)
ptolemy.util.test.WatchDog.cancel(): canceling Thu May 10 01:19:21 UTC 2018
------------------ testing $PTII/ptolemy/domains/de/test/auto/DepthTest7.xml
auto.tcl: Setting watchdog for 200 seconds at Thu May 10 01:19:21 UTC 2018
3 ms. Memory: 208384K Free: 196093K (94%)
ptolemy.util.test.WatchDog.cancel(): canceling Thu May 10 01:19:21 UTC 2018
auto.tcl: Setting watchdog for 200 seconds at Thu May 10 01:19:21 UTC 2018
2 ms. Memory: 208384K Free: 196093K (94%)
ptolemy.util.test.WatchDog.cancel(): canceling Thu May 10 01:19:21 UTC 2018
------------------ testing $PTII/ptolemy/domains/de/test/auto/EventToDate.xml
auto.tcl: Setting watchdog for 200 seconds at Thu May 10 01:19:21 UTC 2018
3005 ms. Memory: 208384K Free: 185665K (89%)
ptolemy.util.test.WatchDog.cancel(): canceling Thu May 10 01:19:24 UTC 2018
auto.tcl: Setting watchdog for 200 seconds at Thu May 10 01:19:24 UTC 2018
3004 ms. Memory: 208384K Free: 185665K (89%)
ptolemy.util.test.WatchDog.cancel(): canceling Thu May 10 01:19:27 UTC 2018
------------------ testing $PTII/ptolemy/domains/de/test/auto/FSM1.xml
auto.tcl: Setting watchdog for 200 seconds at Thu May 10 01:19:27 UTC 2018
46 ms. Memory: 208384K Free: 189166K (91%)
ptolemy.util.test.WatchDog.cancel(): canceling Thu May 10 01:19:27 UTC 2018
auto.tcl: Setting watchdog for 200 seconds at Thu May 10 01:19:27 UTC 2018
23 ms. Memory: 208384K Free: 184986K (89%)
ptolemy.util.test.WatchDog.cancel(): canceling Thu May 10 01:19:27 UTC 2018
------------------ testing $PTII/ptolemy/domains/de/test/auto/FSM7.xml
auto.tcl: Setting watchdog for 200 seconds at Thu May 10 01:19:27 UTC 2018
31 ms. Memory: 208384K Free: 187619K (90%)
ptolemy.util.test.WatchDog.cancel(): canceling Thu May 10 01:19:28 UTC 2018
auto.tcl: Setting watchdog for 200 seconds at Thu May 10 01:19:28 UTC 2018
18 ms. Memory: 208384K Free: 185191K (89%)
ptolemy.util.test.WatchDog.cancel(): canceling Thu May 10 01:19:28 UTC 2018
------------------ testing $PTII/ptolemy/domains/de/test/auto/Inspection.xml
auto.tcl: Setting watchdog for 200 seconds at Thu May 10 01:19:28 UTC 2018
38 ms. Memory: 208384K Free: 188495K (90%)
ptolemy.util.test.WatchDog.cancel(): canceling Thu May 10 01:19:28 UTC 2018
auto.tcl: Setting watchdog for 200 seconds at Thu May 10 01:19:28 UTC 2018
30 ms. Memory: 208384K Free: 186405K (89%)
ptolemy.util.test.WatchDog.cancel(): canceling Thu May 10 01:19:28 UTC 2018
------------------ testing $PTII/ptolemy/domains/de/test/auto/Iteration.xml
auto.tcl: Setting watchdog for 200 seconds at Thu May 10 01:19:28 UTC 2018
11 ms. Memory: 208384K Free: 193813K (93%)
ptolemy.util.test.WatchDog.cancel(): canceling Thu May 10 01:19:28 UTC 2018
auto.tcl: Setting watchdog for 200 seconds at Thu May 10 01:19:28 UTC 2018
8 ms. Memory: 208384K Free: 193813K (93%)
ptolemy.util.test.WatchDog.cancel(): canceling Thu May 10 01:19:28 UTC 2018
------------------ testing $PTII/ptolemy/domains/de/test/auto/LineFault.xml
auto.tcl: Setting watchdog for 200 seconds at Thu May 10 01:19:28 UTC 2018
722 ms. Memory: 208384K Free: 195978K (94%)
ptolemy.util.test.WatchDog.cancel(): canceling Thu May 10 01:19:29 UTC 2018
auto.tcl: Setting watchdog for 200 seconds at Thu May 10 01:19:29 UTC 2018
556 ms. Memory: 208384K Free: 138929K (67%)
ptolemy.util.test.WatchDog.cancel(): canceling Thu May 10 01:19:29 UTC 2018
------------------ testing $PTII/ptolemy/domains/de/test/auto/MergeModel1Add.xml
auto.tcl: Setting watchdog for 200 seconds at Thu May 10 01:19:29 UTC 2018
24 ms. Memory: 331264K Free: 298714K (90%)
ptolemy.util.test.WatchDog.cancel(): canceling Thu May 10 01:19:30 UTC 2018
auto.tcl: Setting watchdog for 200 seconds at Thu May 10 01:19:30 UTC 2018
11 ms. Memory: 331264K Free: 298714K (90%)
ptolemy.util.test.WatchDog.cancel(): canceling Thu May 10 01:19:30 UTC 2018
------------------ testing $PTII/ptolemy/domains/de/test/auto/MergeModel2Add.xml
auto.tcl: Setting watchdog for 200 seconds at Thu May 10 01:19:30 UTC 2018
10 ms. Memory: 331264K Free: 303995K (92%)
ptolemy.util.test.WatchDog.cancel(): canceling Thu May 10 01:19:30 UTC 2018
auto.tcl: Setting watchdog for 200 seconds at Thu May 10 01:19:30 UTC 2018
12 ms. Memory: 331264K Free: 300052K (91%)
ptolemy.util.test.WatchDog.cancel(): canceling Thu May 10 01:19:30 UTC 2018
------------------ testing $PTII/ptolemy/domains/de/test/auto/MergeModel3Add.xml
auto.tcl: Setting watchdog for 200 seconds at Thu May 10 01:19:30 UTC 2018
10 ms. Memory: 331264K Free: 304005K (92%)
ptolemy.util.test.WatchDog.cancel(): canceling Thu May 10 01:19:30 UTC 2018
auto.tcl: Setting watchdog for 200 seconds at Thu May 10 01:19:30 UTC 2018
9 ms. Memory: 331264K Free: 300062K (91%)
ptolemy.util.test.WatchDog.cancel(): canceling Thu May 10 01:19:30 UTC 2018
------------------ testing $PTII/ptolemy/domains/de/test/auto/MergeWithoutDiscard.xml
auto.tcl: Setting watchdog for 200 seconds at Thu May 10 01:19:30 UTC 2018
4 ms. Memory: 331264K Free: 319372K (96%)
ptolemy.util.test.WatchDog.cancel(): canceling Thu May 10 01:19:30 UTC 2018
auto.tcl: Setting watchdog for 200 seconds at Thu May 10 01:19:30 UTC 2018
2 ms. Memory: 331264K Free: 315429K (95%)
ptolemy.util.test.WatchDog.cancel(): canceling Thu May 10 01:19:30 UTC 2018
------------------ testing $PTII/ptolemy/domains/de/test/auto/Modal1.xml
auto.tcl: Setting watchdog for 200 seconds at Thu May 10 01:19:30 UTC 2018
25 ms. Memory: 331264K Free: 309327K (93%)
ptolemy.util.test.WatchDog.cancel(): canceling Thu May 10 01:19:30 UTC 2018
auto.tcl: Setting watchdog for 200 seconds at Thu May 10 01:19:30 UTC 2018
20 ms. Memory: 331264K Free: 305384K (92%)
ptolemy.util.test.WatchDog.cancel(): canceling Thu May 10 01:19:30 UTC 2018
------------------ testing $PTII/ptolemy/domains/de/test/auto/Modal2.xml
auto.tcl: Setting watchdog for 200 seconds at Thu May 10 01:19:30 UTC 2018
19 ms. Memory: 331264K Free: 309208K (93%)
ptolemy.util.test.WatchDog.cancel(): canceling Thu May 10 01:19:30 UTC 2018
auto.tcl: Setting watchdog for 200 seconds at Thu May 10 01:19:30 UTC 2018
17 ms. Memory: 331264K Free: 305265K (92%)
ptolemy.util.test.WatchDog.cancel(): canceling Thu May 10 01:19:30 UTC 2018
------------------ testing $PTII/ptolemy/domains/de/test/auto/Modal3.xml
auto.tcl: Setting watchdog for 200 seconds at Thu May 10 01:19:30 UTC 2018
17 ms. Memory: 331264K Free: 309484K (93%)
ptolemy.util.test.WatchDog.cancel(): canceling Thu May 10 01:19:30 UTC 2018
auto.tcl: Setting watchdog for 200 seconds at Thu May 10 01:19:30 UTC 2018
9 ms. Memory: 331264K Free: 305256K (92%)
ptolemy.util.test.WatchDog.cancel(): canceling Thu May 10 01:19:30 UTC 2018
------------------ testing $PTII/ptolemy/domains/de/test/auto/Modal4.xml
auto.tcl: Setting watchdog for 200 seconds at Thu May 10 01:19:30 UTC 2018
26 ms. Memory: 331264K Free: 309212K (93%)
ptolemy.util.test.WatchDog.cancel(): canceling Thu May 10 01:19:30 UTC 2018
auto.tcl: Setting watchdog for 200 seconds at Thu May 10 01:19:30 UTC 2018
12 ms. Memory: 331264K Free: 305269K (92%)
ptolemy.util.test.WatchDog.cancel(): canceling Thu May 10 01:19:30 UTC 2018
------------------ testing $PTII/ptolemy/domains/de/test/auto/Modal5.xml
auto.tcl: Setting watchdog for 200 seconds at Thu May 10 01:19:30 UTC 2018
18 ms. Memory: 331264K Free: 309200K (93%)
ptolemy.util.test.WatchDog.cancel(): canceling Thu May 10 01:19:30 UTC 2018
auto.tcl: Setting watchdog for 200 seconds at Thu May 10 01:19:30 UTC 2018
13 ms. Memory: 331264K Free: 305257K (92%)
ptolemy.util.test.WatchDog.cancel(): canceling Thu May 10 01:19:30 UTC 2018
------------------ testing $PTII/ptolemy/domains/de/test/auto/Modal6.xml
auto.tcl: Setting watchdog for 200 seconds at Thu May 10 01:19:31 UTC 2018
13 ms. Memory: 331264K Free: 309196K (93%)
ptolemy.util.test.WatchDog.cancel(): canceling Thu May 10 01:19:31 UTC 2018
auto.tcl: Setting watchdog for 200 seconds at Thu May 10 01:19:31 UTC 2018
19 ms. Memory: 331264K Free: 305253K (92%)
ptolemy.util.test.WatchDog.cancel(): canceling Thu May 10 01:19:31 UTC 2018
------------------ testing $PTII/ptolemy/domains/de/test/auto/Modal7.xml
auto.tcl: Setting watchdog for 200 seconds at Thu May 10 01:19:31 UTC 2018
23 ms. Memory: 331264K Free: 309196K (93%)
ptolemy.util.test.WatchDog.cancel(): canceling Thu May 10 01:19:31 UTC 2018
auto.tcl: Setting watchdog for 200 seconds at Thu May 10 01:19:31 UTC 2018
11 ms. Memory: 331264K Free: 305253K (92%)
ptolemy.util.test.WatchDog.cancel(): canceling Thu May 10 01:19:31 UTC 2018
------------------ testing $PTII/ptolemy/domains/de/test/auto/ModalModel.xml
auto.tcl: Setting watchdog for 200 seconds at Thu May 10 01:19:31 UTC 2018
208 ms. Memory: 331264K Free: 245726K (74%)
ptolemy.util.test.WatchDog.cancel(): canceling Thu May 10 01:19:31 UTC 2018
auto.tcl: Setting watchdog for 200 seconds at Thu May 10 01:19:31 UTC 2018
188 ms. Memory: 331264K Free: 190510K (58%)
ptolemy.util.test.WatchDog.cancel(): canceling Thu May 10 01:19:31 UTC 2018
------------------ testing $PTII/ptolemy/domains/de/test/auto/ModalSource.xml
auto.tcl: Setting watchdog for 200 seconds at Thu May 10 01:19:31 UTC 2018
10 ms. Memory: 331264K Free: 315968K (95%)
ptolemy.util.test.WatchDog.cancel(): canceling Thu May 10 01:19:31 UTC 2018
auto.tcl: Setting watchdog for 200 seconds at Thu May 10 01:19:31 UTC 2018
5 ms. Memory: 331264K Free: 312440K (94%)
ptolemy.util.test.WatchDog.cancel(): canceling Thu May 10 01:19:31 UTC 2018
------------------ testing $PTII/ptolemy/domains/de/test/auto/NonInterruptibleTimerZeroDelay.xml
auto.tcl: Setting watchdog for 200 seconds at Thu May 10 01:19:31 UTC 2018
4 ms. Memory: 331264K Free: 320325K (97%)
ptolemy.util.test.WatchDog.cancel(): canceling Thu May 10 01:19:31 UTC 2018
auto.tcl: Setting watchdog for 200 seconds at Thu May 10 01:19:31 UTC 2018
2 ms. Memory: 331264K Free: 316798K (96%)
ptolemy.util.test.WatchDog.cancel(): canceling Thu May 10 01:19:31 UTC 2018
------------------ testing $PTII/ptolemy/domains/de/test/auto/OpenQueueingNetwork.xml
auto.tcl: Setting watchdog for 200 seconds at Thu May 10 01:19:31 UTC 2018
2648 ms. Memory: 317952K Free: 159963K (50%)
ptolemy.util.test.WatchDog.cancel(): canceling Thu May 10 01:19:34 UTC 2018
auto.tcl: Setting watchdog for 200 seconds at Thu May 10 01:19:34 UTC 2018
2489 ms. Memory: 287232K Free: 213627K (74%)
ptolemy.util.test.WatchDog.cancel(): canceling Thu May 10 01:19:37 UTC 2018
------------------ testing $PTII/ptolemy/domains/de/test/auto/OpenQueuingNetwork.xml
auto.tcl: Setting watchdog for 200 seconds at Thu May 10 01:19:37 UTC 2018
230 ms. Memory: 287232K Free: 182849K (64%)
ptolemy.util.test.WatchDog.cancel(): canceling Thu May 10 01:19:37 UTC 2018
auto.tcl: Setting watchdog for 200 seconds at Thu May 10 01:19:37 UTC 2018
230 ms. Memory: 287232K Free: 122392K (43%)
ptolemy.util.test.WatchDog.cancel(): canceling Thu May 10 01:19:37 UTC 2018
------------------ testing $PTII/ptolemy/domains/de/test/auto/PeriodicSampler.xml
auto.tcl: Setting watchdog for 200 seconds at Thu May 10 01:19:37 UTC 2018
2 ms. Memory: 289792K Free: 274327K (95%)
ptolemy.util.test.WatchDog.cancel(): canceling Thu May 10 01:19:37 UTC 2018
auto.tcl: Setting watchdog for 200 seconds at Thu May 10 01:19:37 UTC 2018
2 ms. Memory: 289792K Free: 274327K (95%)
ptolemy.util.test.WatchDog.cancel(): canceling Thu May 10 01:19:37 UTC 2018
------------------ testing $PTII/ptolemy/domains/de/test/auto/PersistentIO.xml
auto.tcl: Setting watchdog for 200 seconds at Thu May 10 01:19:37 UTC 2018
10 ms. Memory: 287232K Free: 266498K (93%)
ptolemy.util.test.WatchDog.cancel(): canceling Thu May 10 01:19:37 UTC 2018
auto.tcl: Setting watchdog for 200 seconds at Thu May 10 01:19:37 UTC 2018
4 ms. Memory: 287232K Free: 266498K (93%)
ptolemy.util.test.WatchDog.cancel(): canceling Thu May 10 01:19:37 UTC 2018
------------------ testing $PTII/ptolemy/domains/de/test/auto/PortParameterResetOnInitialize.xml
auto.tcl: Setting watchdog for 200 seconds at Thu May 10 01:19:38 UTC 2018
3 ms. Memory: 289280K Free: 274284K (95%)
ptolemy.util.test.WatchDog.cancel(): canceling Thu May 10 01:19:38 UTC 2018
auto.tcl: Setting watchdog for 200 seconds at Thu May 10 01:19:38 UTC 2018
2 ms. Memory: 289280K Free: 274284K (95%)
ptolemy.util.test.WatchDog.cancel(): canceling Thu May 10 01:19:38 UTC 2018
------------------ testing $PTII/ptolemy/domains/de/test/auto/PortParameterUpdates.xml
auto.tcl: Setting watchdog for 200 seconds at Thu May 10 01:19:38 UTC 2018
8 ms. Memory: 287232K Free: 274310K (96%)
ptolemy.util.test.WatchDog.cancel(): canceling Thu May 10 01:19:38 UTC 2018
auto.tcl: Setting watchdog for 200 seconds at Thu May 10 01:19:38 UTC 2018
4 ms. Memory: 287232K Free: 271415K (94%)
ptolemy.util.test.WatchDog.cancel(): canceling Thu May 10 01:19:38 UTC 2018
------------------ testing $PTII/ptolemy/domains/de/test/auto/QueueAndServer.xml
auto.tcl: Setting watchdog for 200 seconds at Thu May 10 01:19:38 UTC 2018
8 ms. Memory: 289280K Free: 273543K (95%)
ptolemy.util.test.WatchDog.cancel(): canceling Thu May 10 01:19:38 UTC 2018
auto.tcl: Setting watchdog for 200 seconds at Thu May 10 01:19:38 UTC 2018
7 ms. Memory: 289280K Free: 273442K (95%)
ptolemy.util.test.WatchDog.cancel(): canceling Thu May 10 01:19:38 UTC 2018
------------------ testing $PTII/ptolemy/domains/de/test/auto/Records.xml
auto.tcl: Setting watchdog for 200 seconds at Thu May 10 01:19:38 UTC 2018
5 ms. Memory: 287232K Free: 274216K (95%)
ptolemy.util.test.WatchDog.cancel(): canceling Thu May 10 01:19:38 UTC 2018
auto.tcl: Setting watchdog for 200 seconds at Thu May 10 01:19:38 UTC 2018
5 ms. Memory: 287232K Free: 274216K (95%)
ptolemy.util.test.WatchDog.cancel(): canceling Thu May 10 01:19:38 UTC 2018
------------------ testing $PTII/ptolemy/domains/de/test/auto/ResetTransitionWithStartTime1.xml
auto.tcl: Setting watchdog for 200 seconds at Thu May 10 01:19:38 UTC 2018
6 ms. Memory: 288768K Free: 272915K (95%)
ptolemy.util.test.WatchDog.cancel(): canceling Thu May 10 01:19:38 UTC 2018
auto.tcl: Setting watchdog for 200 seconds at Thu May 10 01:19:38 UTC 2018
6 ms. Memory: 288768K Free: 270019K (94%)
ptolemy.util.test.WatchDog.cancel(): canceling Thu May 10 01:19:38 UTC 2018
------------------ testing $PTII/ptolemy/domains/de/test/auto/ResetTransitionWithStartTime2.xml
auto.tcl: Setting watchdog for 200 seconds at Thu May 10 01:19:38 UTC 2018
5 ms. Memory: 287232K Free: 271471K (95%)
ptolemy.util.test.WatchDog.cancel(): canceling Thu May 10 01:19:38 UTC 2018
auto.tcl: Setting watchdog for 200 seconds at Thu May 10 01:19:38 UTC 2018
5 ms. Memory: 287232K Free: 268575K (94%)
ptolemy.util.test.WatchDog.cancel(): canceling Thu May 10 01:19:38 UTC 2018
------------------ testing $PTII/ptolemy/domains/de/test/auto/ResetTransitionWithStartTime3.xml
auto.tcl: Setting watchdog for 200 seconds at Thu May 10 01:19:38 UTC 2018
5 ms. Memory: 288768K Free: 272889K (95%)
ptolemy.util.test.WatchDog.cancel(): canceling Thu May 10 01:19:38 UTC 2018
auto.tcl: Setting watchdog for 200 seconds at Thu May 10 01:19:38 UTC 2018
6 ms. Memory: 288768K Free: 269993K (93%)
ptolemy.util.test.WatchDog.cancel(): canceling Thu May 10 01:19:38 UTC 2018
------------------ testing $PTII/ptolemy/domains/de/test/auto/ResetTransitionWithStartTime4.xml
auto.tcl: Setting watchdog for 200 seconds at Thu May 10 01:19:38 UTC 2018
4 ms. Memory: 287232K Free: 271367K (94%)
ptolemy.util.test.WatchDog.cancel(): canceling Thu May 10 01:19:38 UTC 2018
auto.tcl: Setting watchdog for 200 seconds at Thu May 10 01:19:38 UTC 2018
4 ms. Memory: 287232K Free: 271367K (94%)
ptolemy.util.test.WatchDog.cancel(): canceling Thu May 10 01:19:38 UTC 2018
------------------ testing $PTII/ptolemy/domains/de/test/auto/ResettableTimer1.xml
auto.tcl: Setting watchdog for 200 seconds at Thu May 10 01:19:38 UTC 2018
2 ms. Memory: 288768K Free: 275762K (95%)
ptolemy.util.test.WatchDog.cancel(): canceling Thu May 10 01:19:38 UTC 2018
auto.tcl: Setting watchdog for 200 seconds at Thu May 10 01:19:38 UTC 2018
2 ms. Memory: 288768K Free: 275762K (95%)
ptolemy.util.test.WatchDog.cancel(): canceling Thu May 10 01:19:38 UTC 2018
------------------ testing $PTII/ptolemy/domains/de/test/auto/ResettableTimer2.xml
auto.tcl: Setting watchdog for 200 seconds at Thu May 10 01:19:38 UTC 2018
2 ms. Memory: 287232K Free: 274385K (96%)
ptolemy.util.test.WatchDog.cancel(): canceling Thu May 10 01:19:38 UTC 2018
auto.tcl: Setting watchdog for 200 seconds at Thu May 10 01:19:38 UTC 2018
2 ms. Memory: 287232K Free: 274385K (96%)
ptolemy.util.test.WatchDog.cancel(): canceling Thu May 10 01:19:38 UTC 2018
------------------ testing $PTII/ptolemy/domains/de/test/auto/ResettableTimer3.xml
auto.tcl: Setting watchdog for 200 seconds at Thu May 10 01:19:38 UTC 2018
1 ms. Memory: 288256K Free: 275308K (96%)
ptolemy.util.test.WatchDog.cancel(): canceling Thu May 10 01:19:38 UTC 2018
auto.tcl: Setting watchdog for 200 seconds at Thu May 10 01:19:38 UTC 2018
1 ms. Memory: 288256K Free: 275308K (96%)
ptolemy.util.test.WatchDog.cancel(): canceling Thu May 10 01:19:38 UTC 2018
------------------ testing $PTII/ptolemy/domains/de/test/auto/ResettableTimer4.xml
auto.tcl: Setting watchdog for 200 seconds at Thu May 10 01:19:38 UTC 2018
1 ms. Memory: 287232K Free: 274397K (96%)
ptolemy.util.test.WatchDog.cancel(): canceling Thu May 10 01:19:38 UTC 2018
auto.tcl: Setting watchdog for 200 seconds at Thu May 10 01:19:38 UTC 2018
1 ms. Memory: 287232K Free: 274397K (96%)
ptolemy.util.test.WatchDog.cancel(): canceling Thu May 10 01:19:38 UTC 2018
------------------ testing $PTII/ptolemy/domains/de/test/auto/ResettableTimer5.xml
auto.tcl: Setting watchdog for 200 seconds at Thu May 10 01:19:38 UTC 2018
2 ms. Memory: 288256K Free: 273369K (95%)
ptolemy.util.test.WatchDog.cancel(): canceling Thu May 10 01:19:38 UTC 2018
auto.tcl: Setting watchdog for 200 seconds at Thu May 10 01:19:38 UTC 2018
1 ms. Memory: 288256K Free: 273369K (95%)
ptolemy.util.test.WatchDog.cancel(): canceling Thu May 10 01:19:38 UTC 2018
------------------ testing $PTII/ptolemy/domains/de/test/auto/ResettableTimer6.xml
auto.tcl: Setting watchdog for 200 seconds at Thu May 10 01:19:38 UTC 2018
1 ms. Memory: 287232K Free: 272202K (95%)
ptolemy.util.test.WatchDog.cancel(): canceling Thu May 10 01:19:38 UTC 2018
auto.tcl: Setting watchdog for 200 seconds at Thu May 10 01:19:38 UTC 2018
2 ms. Memory: 287232K Free: 272202K (95%)
ptolemy.util.test.WatchDog.cancel(): canceling Thu May 10 01:19:38 UTC 2018
------------------ testing $PTII/ptolemy/domains/de/test/auto/ServerZeroDelay.xml
auto.tcl: Setting watchdog for 200 seconds at Thu May 10 01:19:38 UTC 2018
3 ms. Memory: 288256K Free: 275368K (96%)
ptolemy.util.test.WatchDog.cancel(): canceling Thu May 10 01:19:39 UTC 2018
auto.tcl: Setting watchdog for 200 seconds at Thu May 10 01:19:39 UTC 2018
2 ms. Memory: 288256K Free: 275368K (96%)
ptolemy.util.test.WatchDog.cancel(): canceling Thu May 10 01:19:39 UTC 2018
------------------ testing $PTII/ptolemy/domains/de/test/auto/SmartSender.xml
auto.tcl: Setting watchdog for 200 seconds at Thu May 10 01:19:39 UTC 2018
3001 ms. Memory: 287232K Free: 272288K (95%)
ptolemy.util.test.WatchDog.cancel(): canceling Thu May 10 01:19:42 UTC 2018
auto.tcl: Setting watchdog for 200 seconds at Thu May 10 01:19:42 UTC 2018
3002 ms. Memory: 287232K Free: 272288K (95%)
ptolemy.util.test.WatchDog.cancel(): canceling Thu May 10 01:19:45 UTC 2018
------------------ testing $PTII/ptolemy/domains/de/test/auto/ThreadedComposite.xml
auto.tcl: Setting watchdog for 200 seconds at Thu May 10 01:19:45 UTC 2018
230 ms. Memory: 288256K Free: 252205K (87%)
ptolemy.util.test.WatchDog.cancel(): canceling Thu May 10 01:19:45 UTC 2018
auto.tcl: Setting watchdog for 200 seconds at Thu May 10 01:19:45 UTC 2018
164 ms. Memory: 288256K Free: 234096K (81%)
ptolemy.util.test.WatchDog.cancel(): canceling Thu May 10 01:19:45 UTC 2018
------------------ testing $PTII/ptolemy/domains/de/test/auto/Time.xml
auto.tcl: Setting watchdog for 200 seconds at Thu May 10 01:19:45 UTC 2018
494 ms. Memory: 287232K Free: 212208K (74%)
ptolemy.util.test.WatchDog.cancel(): canceling Thu May 10 01:19:46 UTC 2018
auto.tcl: Setting watchdog for 200 seconds at Thu May 10 01:19:46 UTC 2018
446 ms. Memory: 287232K Free: 154614K (54%)
ptolemy.util.test.WatchDog.cancel(): canceling Thu May 10 01:19:46 UTC 2018
------------------ testing $PTII/ptolemy/domains/de/test/auto/TimeDelayZeroDelay.xml
auto.tcl: Setting watchdog for 200 seconds at Thu May 10 01:19:46 UTC 2018
2 ms. Memory: 287744K Free: 275362K (96%)
ptolemy.util.test.WatchDog.cancel(): canceling Thu May 10 01:19:46 UTC 2018
auto.tcl: Setting watchdog for 200 seconds at Thu May 10 01:19:46 UTC 2018
2 ms. Memory: 287744K Free: 275362K (96%)
ptolemy.util.test.WatchDog.cancel(): canceling Thu May 10 01:19:46 UTC 2018
------------------ testing $PTII/ptolemy/domains/de/test/auto/TimerZeroDelay.xml
auto.tcl: Setting watchdog for 200 seconds at Thu May 10 01:19:46 UTC 2018
3 ms. Memory: 287232K Free: 274959K (96%)
ptolemy.util.test.WatchDog.cancel(): canceling Thu May 10 01:19:46 UTC 2018
auto.tcl: Setting watchdog for 200 seconds at Thu May 10 01:19:46 UTC 2018
2 ms. Memory: 287232K Free: 274959K (96%)
ptolemy.util.test.WatchDog.cancel(): canceling Thu May 10 01:19:46 UTC 2018
------------------ testing $PTII/ptolemy/domains/de/test/auto/TimingParadox.xml
auto.tcl: Setting watchdog for 200 seconds at Thu May 10 01:19:46 UTC 2018
326 ms. Memory: 287744K Free: 207567K (72%)
ptolemy.util.test.WatchDog.cancel(): canceling Thu May 10 01:19:47 UTC 2018
auto.tcl: Setting watchdog for 200 seconds at Thu May 10 01:19:47 UTC 2018
324 ms. Memory: 287744K Free: 169220K (59%)
ptolemy.util.test.WatchDog.cancel(): canceling Thu May 10 01:19:47 UTC 2018
------------------ testing $PTII/ptolemy/domains/de/test/auto/TransferInputs.xml
auto.tcl: Setting watchdog for 200 seconds at Thu May 10 01:19:47 UTC 2018
9 ms. Memory: 287744K Free: 274326K (95%)
ptolemy.util.test.WatchDog.cancel(): canceling Thu May 10 01:19:47 UTC 2018
auto.tcl: Setting watchdog for 200 seconds at Thu May 10 01:19:47 UTC 2018
1 ms. Memory: 287744K Free: 274326K (95%)
ptolemy.util.test.WatchDog.cancel(): canceling Thu May 10 01:19:47 UTC 2018
------------------ testing $PTII/ptolemy/domains/de/test/auto/TransferOutputs2.xml
auto.tcl: Setting watchdog for 200 seconds at Thu May 10 01:19:47 UTC 2018
3 ms. Memory: 287232K Free: 272344K (95%)
ptolemy.util.test.WatchDog.cancel(): canceling Thu May 10 01:19:47 UTC 2018
auto.tcl: Setting watchdog for 200 seconds at Thu May 10 01:19:47 UTC 2018
3 ms. Memory: 287232K Free: 269756K (94%)
ptolemy.util.test.WatchDog.cancel(): canceling Thu May 10 01:19:47 UTC 2018
------------------ testing $PTII/ptolemy/domains/de/test/auto/Trilateration.xml
auto.tcl: Setting watchdog for 200 seconds at Thu May 10 01:19:47 UTC 2018
13474 ms. Memory: 473088K Free: 215476K (46%)
ptolemy.util.test.WatchDog.cancel(): canceling Thu May 10 01:20:02 UTC 2018
auto.tcl: Setting watchdog for 200 seconds at Thu May 10 01:20:02 UTC 2018
10905 ms. Memory: 352256K Free: 134465K (38%)
ptolemy.util.test.WatchDog.cancel(): canceling Thu May 10 01:20:13 UTC 2018
------------------ testing $PTII/ptolemy/domains/de/test/auto/TwoSigmaDelta.xml
auto.tcl: Setting watchdog for 200 seconds at Thu May 10 01:20:13 UTC 2018
2726 ms. Memory: 339968K Free: 297599K (88%)
ptolemy.util.test.WatchDog.cancel(): canceling Thu May 10 01:20:16 UTC 2018
auto.tcl: Setting watchdog for 200 seconds at Thu May 10 01:20:16 UTC 2018
1981 ms. Memory: 326144K Free: 301098K (92%)
ptolemy.util.test.WatchDog.cancel(): canceling Thu May 10 01:20:18 UTC 2018
------------------ testing $PTII/ptolemy/domains/de/test/auto/VariableDelay.xml
auto.tcl: Setting watchdog for 200 seconds at Thu May 10 01:20:18 UTC 2018
3 ms. Memory: 328192K Free: 313999K (96%)
ptolemy.util.test.WatchDog.cancel(): canceling Thu May 10 01:20:18 UTC 2018
auto.tcl: Setting watchdog for 200 seconds at Thu May 10 01:20:18 UTC 2018
2 ms. Memory: 328192K Free: 310324K (95%)
ptolemy.util.test.WatchDog.cancel(): canceling Thu May 10 01:20:18 UTC 2018
------------------ testing $PTII/ptolemy/domains/de/test/auto/VariableDelay2.xml
auto.tcl: Setting watchdog for 200 seconds at Thu May 10 01:20:18 UTC 2018
7 ms. Memory: 326144K Free: 314808K (97%)
ptolemy.util.test.WatchDog.cancel(): canceling Thu May 10 01:20:18 UTC 2018
auto.tcl: Setting watchdog for 200 seconds at Thu May 10 01:20:18 UTC 2018
2 ms. Memory: 326144K Free: 311149K (95%)
ptolemy.util.test.WatchDog.cancel(): canceling Thu May 10 01:20:18 UTC 2018
------------------ testing $PTII/ptolemy/domains/de/test/auto/VariableDelayZeroDelay.xml
auto.tcl: Setting watchdog for 200 seconds at Thu May 10 01:20:18 UTC 2018
2 ms. Memory: 328192K Free: 314407K (96%)
ptolemy.util.test.WatchDog.cancel(): canceling Thu May 10 01:20:18 UTC 2018
auto.tcl: Setting watchdog for 200 seconds at Thu May 10 01:20:18 UTC 2018
2 ms. Memory: 328192K Free: 310749K (95%)
ptolemy.util.test.WatchDog.cancel(): canceling Thu May 10 01:20:18 UTC 2018
------------------ testing $PTII/ptolemy/domains/de/test/auto/VariableDelayZeroDelay2.xml
auto.tcl: Setting watchdog for 200 seconds at Thu May 10 01:20:18 UTC 2018
2 ms. Memory: 326144K Free: 312358K (96%)
ptolemy.util.test.WatchDog.cancel(): canceling Thu May 10 01:20:18 UTC 2018
auto.tcl: Setting watchdog for 200 seconds at Thu May 10 01:20:18 UTC 2018
2 ms. Memory: 326144K Free: 308684K (95%)
ptolemy.util.test.WatchDog.cancel(): canceling Thu May 10 01:20:18 UTC 2018
------------------ testing $PTII/ptolemy/domains/de/test/auto/deInCt.xml
auto.tcl: Setting watchdog for 200 seconds at Thu May 10 01:20:18 UTC 2018
0
1
1
1
0
0
0
0
0
0
1
1
1
1
0
0
0
1
1
1
0
0
0
1
1
1
0
0
0
1
1
1
0
0
0
0
1
1
1
0
0
0
1
1
1
1
16 ms. Memory: 327680K Free: 310229K (95%)
ptolemy.util.test.WatchDog.cancel(): canceling Thu May 10 01:20:18 UTC 2018
auto.tcl: Setting watchdog for 200 seconds at Thu May 10 01:20:18 UTC 2018
0
1
1
1
1
0
0
0
1
1
0
0
1
1
1
1
1
1
1
0
0
1
1
1
1
0
0
0
1
1
1
0
0
0
0
5 ms. Memory: 327680K Free: 310229K (95%)
ptolemy.util.test.WatchDog.cancel(): canceling Thu May 10 01:20:18 UTC 2018
------------------ testing $PTII/ptolemy/domains/de/test/auto/deInCt2.xml
auto.tcl: Setting watchdog for 200 seconds at Thu May 10 01:20:18 UTC 2018
0
1
1
1
0
0
1
1
1
0
0
1
1
1
0
0
1
1
1
0
0
1
1
1
0
0
1
1
1
0
0
1
1
1
0
0
1
1
1
0
0
0
18 ms. Memory: 326144K Free: 308697K (95%)
ptolemy.util.test.WatchDog.cancel(): canceling Thu May 10 01:20:18 UTC 2018
auto.tcl: Setting watchdog for 200 seconds at Thu May 10 01:20:18 UTC 2018
0
1
1
1
0
0
1
1
1
0
0
1
1
1
0
0
1
1
1
0
0
1
1
1
0
0
1
1
1
0
0
1
1
1
0
0
1
1
1
0
0
0
8 ms. Memory: 326144K Free: 308697K (95%)
ptolemy.util.test.WatchDog.cancel(): canceling Thu May 10 01:20:18 UTC 2018
------------------ testing $PTII/ptolemy/domains/de/test/auto/dynamicCausalityInterface1.xml
auto.tcl: Setting watchdog for 200 seconds at Thu May 10 01:20:18 UTC 2018
1 ms. Memory: 327680K Free: 306554K (94%)
ptolemy.util.test.WatchDog.cancel(): canceling Thu May 10 01:20:18 UTC 2018
auto.tcl: Setting watchdog for 200 seconds at Thu May 10 01:20:18 UTC 2018
0 ms. Memory: 327680K Free: 306554K (94%)
ptolemy.util.test.WatchDog.cancel(): canceling Thu May 10 01:20:18 UTC 2018
------------------ testing $PTII/ptolemy/domains/de/test/auto/fsm_de_test.xml
auto.tcl: Setting watchdog for 200 seconds at Thu May 10 01:20:18 UTC 2018
7 ms. Memory: 326144K Free: 304905K (93%)
ptolemy.util.test.WatchDog.cancel(): canceling Thu May 10 01:20:18 UTC 2018
auto.tcl: Setting watchdog for 200 seconds at Thu May 10 01:20:18 UTC 2018
5 ms. Memory: 326144K Free: 304905K (93%)
ptolemy.util.test.WatchDog.cancel(): canceling Thu May 10 01:20:18 UTC 2018
------------------ testing $PTII/ptolemy/domains/de/test/auto/functionDependencyReconstruction.xml
auto.tcl: Setting watchdog for 200 seconds at Thu May 10 01:20:18 UTC 2018
4 ms. Memory: 327168K Free: 298619K (91%)
ptolemy.util.test.WatchDog.cancel(): canceling Thu May 10 01:20:18 UTC 2018
auto.tcl: Setting watchdog for 200 seconds at Thu May 10 01:20:18 UTC 2018
2 ms. Memory: 327168K Free: 298619K (91%)
ptolemy.util.test.WatchDog.cancel(): canceling Thu May 10 01:20:18 UTC 2018
------------------ testing $PTII/ptolemy/domains/de/test/auto/multirate.xml
auto.tcl: Setting watchdog for 200 seconds at Thu May 10 01:20:19 UTC 2018
6 ms. Memory: 326144K Free: 308436K (95%)
ptolemy.util.test.WatchDog.cancel(): canceling Thu May 10 01:20:19 UTC 2018
auto.tcl: Setting watchdog for 200 seconds at Thu May 10 01:20:19 UTC 2018
3 ms. Memory: 326144K Free: 308436K (95%)
ptolemy.util.test.WatchDog.cancel(): canceling Thu May 10 01:20:19 UTC 2018
------------------ testing $PTII/ptolemy/domains/de/test/auto/multirate2.xml
auto.tcl: Setting watchdog for 200 seconds at Thu May 10 01:20:19 UTC 2018
4 ms. Memory: 327168K Free: 309650K (95%)
ptolemy.util.test.WatchDog.cancel(): canceling Thu May 10 01:20:19 UTC 2018
auto.tcl: Setting watchdog for 200 seconds at Thu May 10 01:20:19 UTC 2018
3 ms. Memory: 327168K Free: 309650K (95%)
ptolemy.util.test.WatchDog.cancel(): canceling Thu May 10 01:20:19 UTC 2018
------------------ testing $PTII/ptolemy/domains/de/test/auto/realtime.xml
auto.tcl: Setting watchdog for 200 seconds at Thu May 10 01:20:19 UTC 2018
10001 ms. Memory: 326144K Free: 308620K (95%)
ptolemy.util.test.WatchDog.cancel(): canceling Thu May 10 01:20:29 UTC 2018
auto.tcl: Setting watchdog for 200 seconds at Thu May 10 01:20:29 UTC 2018
10002 ms. Memory: 326144K Free: 308620K (95%)
ptolemy.util.test.WatchDog.cancel(): canceling Thu May 10 01:20:39 UTC 2018
------------------ testing $PTII/ptolemy/domains/de/test/auto/relationGroup.xml
auto.tcl: Setting watchdog for 200 seconds at Thu May 10 01:20:39 UTC 2018
8 ms. Memory: 327168K Free: 313349K (96%)
ptolemy.util.test.WatchDog.cancel(): canceling Thu May 10 01:20:39 UTC 2018
auto.tcl: Setting watchdog for 200 seconds at Thu May 10 01:20:39 UTC 2018
1 ms. Memory: 327168K Free: 313349K (96%)
ptolemy.util.test.WatchDog.cancel(): canceling Thu May 10 01:20:39 UTC 2018
------------------ testing $PTII/ptolemy/domains/de/test/auto/relationGroup2.xml
auto.tcl: Setting watchdog for 200 seconds at Thu May 10 01:20:39 UTC 2018
1 ms. Memory: 326144K Free: 312351K (96%)
ptolemy.util.test.WatchDog.cancel(): canceling Thu May 10 01:20:39 UTC 2018
auto.tcl: Setting watchdog for 200 seconds at Thu May 10 01:20:39 UTC 2018
1 ms. Memory: 326144K Free: 312351K (96%)
ptolemy.util.test.WatchDog.cancel(): canceling Thu May 10 01:20:39 UTC 2018
------------------ testing $PTII/ptolemy/domains/de/test/auto/sortWithOpaquePorts.xml
auto.tcl: Setting watchdog for 200 seconds at Thu May 10 01:20:39 UTC 2018
1 ms. Memory: 326656K Free: 312864K (96%)
ptolemy.util.test.WatchDog.cancel(): canceling Thu May 10 01:20:39 UTC 2018
auto.tcl: Setting watchdog for 200 seconds at Thu May 10 01:20:39 UTC 2018
2 ms. Memory: 326656K Free: 309189K (95%)
ptolemy.util.test.WatchDog.cancel(): canceling Thu May 10 01:20:39 UTC 2018
------------------ testing $PTII/ptolemy/domains/de/test/auto/transferInputsandOutputs.xml
auto.tcl: Setting watchdog for 200 seconds at Thu May 10 01:20:39 UTC 2018
2 ms. Memory: 326144K Free: 308680K (95%)
ptolemy.util.test.WatchDog.cancel(): canceling Thu May 10 01:20:39 UTC 2018
auto.tcl: Setting watchdog for 200 seconds at Thu May 10 01:20:39 UTC 2018
1 ms. Memory: 326144K Free: 308680K (95%)
ptolemy.util.test.WatchDog.cancel(): canceling Thu May 10 01:20:39 UTC 2018
------------------ testing $PTII/ptolemy/domains/de/test/auto/triggerType.xml
auto.tcl: Setting watchdog for 200 seconds at Thu May 10 01:20:39 UTC 2018
2 ms. Memory: 326656K Free: 312802K (96%)
ptolemy.util.test.WatchDog.cancel(): canceling Thu May 10 01:20:39 UTC 2018
auto.tcl: Setting watchdog for 200 seconds at Thu May 10 01:20:39 UTC 2018
1 ms. Memory: 326656K Free: 309127K (95%)
ptolemy.util.test.WatchDog.cancel(): canceling Thu May 10 01:20:39 UTC 2018
05/10/18 01:20:39
Failed: 0  Total Tests: 192  ((Passed: 187, Newly Passed: 1)  Known Failed: 5) /home/travis/build/icyphy/ptII/ptolemy/domains/de/test
05/10/18 01:20:39
Failed: 0  Total Tests: 192  ((Passed: 187, Newly Passed: 1)  Known Failed: 5) /home/travis/build/icyphy/ptII/ptolemy/domains/de/test
----------------- testing (KnownFailure) /home/travis/build/icyphy/ptII/ptolemy/domains/de/test/auto/knownFailedTests/DESDFClockTest.xml
2009 ms. Memory: 326144K Free: 302542K (93%)
Known Failure: java.lang.reflect.InvocationTargetException
----------------- testing (KnownFailure) /home/travis/build/icyphy/ptII/ptolemy/domains/de/test/auto/knownFailedTests/DirectFeedback.xml
2 ms. Memory: 326144K Free: 282963K (87%)
Known Failure: java.lang.reflect.InvocationTargetException
----------------- testing (KnownFailure) /home/travis/build/icyphy/ptII/ptolemy/domains/de/test/auto/knownFailedTests/FSMSource.xml
4 ms. Memory: 326144K Free: 258481K (79%)
----------------- testing (KnownFailure) /home/travis/build/icyphy/ptII/ptolemy/domains/de/test/auto/knownFailedTests/HierarchicalModel.xml
2 ms. Memory: 326144K Free: 233991K (72%)
Known Failure: java.lang.reflect.InvocationTargetException
----------------- testing (KnownFailure) /home/travis/build/icyphy/ptII/ptolemy/domains/de/test/auto/knownFailedTests/dependencyLoop.xml
2 ms. Memory: 326144K Free: 204622K (63%)
Known Failure: java.lang.reflect.InvocationTargetException
----------------- testing (KnownFailure) /home/travis/build/icyphy/ptII/ptolemy/domains/de/test/auto/knownFailedTests/dependencyLoop2.xml
3 ms. Memory: 326144K Free: 175237K (54%)
Known Failure: java.lang.reflect.InvocationTargetException
No auto/*.xml tests in /home/travis/build/icyphy/ptII/ptolemy/domains/de/test
AutoTests.java: About to close Vertx.
AutoTests.java: Vertx closed.
----------------- testing Thu May 10 01:20:41 UTC 2018 /home/travis/build/icyphy/ptII/ptolemy/domains/de/test/auto/ActorDepthCalculation_actorWithoutPorts.xml
----------------- Instantiating /home/travis/build/icyphy/ptII/ptolemy/domains/de/test/auto/ActorDepthCalculation_actorWithoutPorts.xml
1 ms. Memory: 326144K Free: 145869K (45%)
----------------- Invoking toplevel() on ptolemy.moml.MoMLSimpleApplication@3e779290
----------------- Done invoking toplevel() on ptolemy.moml.MoMLSimpleApplication@3e779290
reloadAllAccessors: .ActorDepthCalculation_actorWithoutPorts
----------------- testing Thu May 10 01:20:41 UTC 2018 /home/travis/build/icyphy/ptII/ptolemy/domains/de/test/auto/AssemblyLine.xml
----------------- Instantiating /home/travis/build/icyphy/ptII/ptolemy/domains/de/test/auto/AssemblyLine.xml
1 ms. Memory: 326144K Free: 131168K (40%)
----------------- Invoking toplevel() on ptolemy.moml.MoMLSimpleApplication@7a7b324c
----------------- Done invoking toplevel() on ptolemy.moml.MoMLSimpleApplication@7a7b324c
reloadAllAccessors: .AssemblyLine
----------------- testing Thu May 10 01:20:41 UTC 2018 /home/travis/build/icyphy/ptII/ptolemy/domains/de/test/auto/CQBug1.xml
----------------- Instantiating /home/travis/build/icyphy/ptII/ptolemy/domains/de/test/auto/CQBug1.xml
0 ms. Memory: 326144K Free: 121379K (37%)
----------------- Invoking toplevel() on ptolemy.moml.MoMLSimpleApplication@2bb1b31e
----------------- Done invoking toplevel() on ptolemy.moml.MoMLSimpleApplication@2bb1b31e
reloadAllAccessors: .CQBug1
----------------- testing Thu May 10 01:20:41 UTC 2018 /home/travis/build/icyphy/ptII/ptolemy/domains/de/test/auto/CancelFireAt.xml
----------------- Instantiating /home/travis/build/icyphy/ptII/ptolemy/domains/de/test/auto/CancelFireAt.xml
1 ms. Memory: 326144K Free: 111589K (34%)
----------------- Invoking toplevel() on ptolemy.moml.MoMLSimpleApplication@5bf2f12
----------------- Done invoking toplevel() on ptolemy.moml.MoMLSimpleApplication@5bf2f12
reloadAllAccessors: .CancelFireAt
----------------- testing Thu May 10 01:20:41 UTC 2018 /home/travis/build/icyphy/ptII/ptolemy/domains/de/test/auto/CausalityAndComposabilityAnalysis.xml
----------------- Instantiating /home/travis/build/icyphy/ptII/ptolemy/domains/de/test/auto/CausalityAndComposabilityAnalysis.xml
1 ms. Memory: 326144K Free: 101800K (31%)
----------------- Invoking toplevel() on ptolemy.moml.MoMLSimpleApplication@26cd2b1d
----------------- Done invoking toplevel() on ptolemy.moml.MoMLSimpleApplication@26cd2b1d
reloadAllAccessors: .CausalityAndComposabilityAnalysis
----------------- testing Thu May 10 01:20:41 UTC 2018 /home/travis/build/icyphy/ptII/ptolemy/domains/de/test/auto/CausalityInterface1.xml
----------------- Instantiating /home/travis/build/icyphy/ptII/ptolemy/domains/de/test/auto/CausalityInterface1.xml
3 ms. Memory: 326144K Free: 92010K (28%)
----------------- Invoking toplevel() on ptolemy.moml.MoMLSimpleApplication@fe81193
----------------- Done invoking toplevel() on ptolemy.moml.MoMLSimpleApplication@fe81193
reloadAllAccessors: .CausalityInterface1
----------------- testing Thu May 10 01:20:41 UTC 2018 /home/travis/build/icyphy/ptII/ptolemy/domains/de/test/auto/CausalityInterface15.xml
----------------- Instantiating /home/travis/build/icyphy/ptII/ptolemy/domains/de/test/auto/CausalityInterface15.xml
1 ms. Memory: 326144K Free: 76160K (23%)
----------------- Invoking toplevel() on ptolemy.moml.MoMLSimpleApplication@4a0664a5
----------------- Done invoking toplevel() on ptolemy.moml.MoMLSimpleApplication@4a0664a5
reloadAllAccessors: .CausalityInterface15
----------------- testing Thu May 10 01:20:41 UTC 2018 /home/travis/build/icyphy/ptII/ptolemy/domains/de/test/auto/CausalityInterface2.xml
----------------- Instantiating /home/travis/build/icyphy/ptII/ptolemy/domains/de/test/auto/CausalityInterface2.xml
1 ms. Memory: 315904K Free: 301032K (95%)
----------------- Invoking toplevel() on ptolemy.moml.MoMLSimpleApplication@5464d3e1
----------------- Done invoking toplevel() on ptolemy.moml.MoMLSimpleApplication@5464d3e1
reloadAllAccessors: .CausalityInterface2
----------------- testing Thu May 10 01:20:41 UTC 2018 /home/travis/build/icyphy/ptII/ptolemy/domains/de/test/auto/CausalityInterface3.xml
----------------- Instantiating /home/travis/build/icyphy/ptII/ptolemy/domains/de/test/auto/CausalityInterface3.xml
1 ms. Memory: 315904K Free: 289374K (92%)
----------------- Invoking toplevel() on ptolemy.moml.MoMLSimpleApplication@7a06291
----------------- Done invoking toplevel() on ptolemy.moml.MoMLSimpleApplication@7a06291
reloadAllAccessors: .CausalityInterface3
----------------- testing Thu May 10 01:20:41 UTC 2018 /home/travis/build/icyphy/ptII/ptolemy/domains/de/test/auto/ClockDrift.xml
----------------- Instantiating /home/travis/build/icyphy/ptII/ptolemy/domains/de/test/auto/ClockDrift.xml
13 ms. Memory: 315904K Free: 270637K (86%)
----------------- Invoking toplevel() on ptolemy.moml.MoMLSimpleApplication@3de282a9
----------------- Done invoking toplevel() on ptolemy.moml.MoMLSimpleApplication@3de282a9
reloadAllAccessors: .ClockDrift
----------------- testing Thu May 10 01:20:41 UTC 2018 /home/travis/build/icyphy/ptII/ptolemy/domains/de/test/auto/ClockDriftAndValueChange.xml
----------------- Instantiating /home/travis/build/icyphy/ptII/ptolemy/domains/de/test/auto/ClockDriftAndValueChange.xml
8 ms. Memory: 315904K Free: 251918K (80%)
----------------- Invoking toplevel() on ptolemy.moml.MoMLSimpleApplication@3e44a0d8
----------------- Done invoking toplevel() on ptolemy.moml.MoMLSimpleApplication@3e44a0d8
reloadAllAccessors: .ClockDriftAndValueChange
----------------- testing Thu May 10 01:20:41 UTC 2018 /home/travis/build/icyphy/ptII/ptolemy/domains/de/test/auto/ClockDriftChange.xml
----------------- Instantiating /home/travis/build/icyphy/ptII/ptolemy/domains/de/test/auto/ClockDriftChange.xml
8 ms. Memory: 315904K Free: 237863K (75%)
----------------- Invoking toplevel() on ptolemy.moml.MoMLSimpleApplication@1179cedd
----------------- Done invoking toplevel() on ptolemy.moml.MoMLSimpleApplication@1179cedd
reloadAllAccessors: .ClockDriftChange
----------------- testing Thu May 10 01:20:42 UTC 2018 /home/travis/build/icyphy/ptII/ptolemy/domains/de/test/auto/ComposableCausalityAnalysis.xml
----------------- Instantiating /home/travis/build/icyphy/ptII/ptolemy/domains/de/test/auto/ComposableCausalityAnalysis.xml
1 ms. Memory: 315904K Free: 223808K (71%)
----------------- Invoking toplevel() on ptolemy.moml.MoMLSimpleApplication@38c63bd5
----------------- Done invoking toplevel() on ptolemy.moml.MoMLSimpleApplication@38c63bd5
reloadAllAccessors: .ComposableCausalityAnalysis
----------------- testing Thu May 10 01:20:42 UTC 2018 /home/travis/build/icyphy/ptII/ptolemy/domains/de/test/auto/DEFixedPointLimitation.xml
----------------- Instantiating /home/travis/build/icyphy/ptII/ptolemy/domains/de/test/auto/DEFixedPointLimitation.xml
1 ms. Memory: 315904K Free: 212150K (67%)
----------------- Invoking toplevel() on ptolemy.moml.MoMLSimpleApplication@71df4f18
----------------- Done invoking toplevel() on ptolemy.moml.MoMLSimpleApplication@71df4f18
reloadAllAccessors: .DEFixedPointLimitation
----------------- testing Thu May 10 01:20:42 UTC 2018 /home/travis/build/icyphy/ptII/ptolemy/domains/de/test/auto/DEScheduleTest.xml
----------------- Instantiating /home/travis/build/icyphy/ptII/ptolemy/domains/de/test/auto/DEScheduleTest.xml
1 ms. Memory: 315904K Free: 202790K (64%)
----------------- Invoking toplevel() on ptolemy.moml.MoMLSimpleApplication@1ca25e7a
----------------- Done invoking toplevel() on ptolemy.moml.MoMLSimpleApplication@1ca25e7a
reloadAllAccessors: .DEScheduleTest
----------------- testing Thu May 10 01:20:42 UTC 2018 /home/travis/build/icyphy/ptII/ptolemy/domains/de/test/auto/DEinDEwithStartTimes.xml
----------------- Instantiating /home/travis/build/icyphy/ptII/ptolemy/domains/de/test/auto/DEinDEwithStartTimes.xml
2 ms. Memory: 315904K Free: 188751K (60%)
----------------- Invoking toplevel() on ptolemy.moml.MoMLSimpleApplication@5ead36a9
----------------- Done invoking toplevel() on ptolemy.moml.MoMLSimpleApplication@5ead36a9
reloadAllAccessors: .DEinDEwithStartTimes
----------------- testing Thu May 10 01:20:42 UTC 2018 /home/travis/build/icyphy/ptII/ptolemy/domains/de/test/auto/DEinDEwithStartTimes2.xml
----------------- Instantiating /home/travis/build/icyphy/ptII/ptolemy/domains/de/test/auto/DEinDEwithStartTimes2.xml
1 ms. Memory: 315904K Free: 174704K (55%)
----------------- Invoking toplevel() on ptolemy.moml.MoMLSimpleApplication@55e8702b
----------------- Done invoking toplevel() on ptolemy.moml.MoMLSimpleApplication@55e8702b
reloadAllAccessors: .DEinDEwithStartTimes2
----------------- testing Thu May 10 01:20:42 UTC 2018 /home/travis/build/icyphy/ptII/ptolemy/domains/de/test/auto/DateDemo.xml
----------------- Instantiating /home/travis/build/icyphy/ptII/ptolemy/domains/de/test/auto/DateDemo.xml
5 ms. Memory: 315904K Free: 155969K (49%)
----------------- Invoking toplevel() on ptolemy.moml.MoMLSimpleApplication@6c1fa009
----------------- Done invoking toplevel() on ptolemy.moml.MoMLSimpleApplication@6c1fa009
reloadAllAccessors: .DateDemo
----------------- testing Thu May 10 01:20:42 UTC 2018 /home/travis/build/icyphy/ptII/ptolemy/domains/de/test/auto/DateToEvent.xml
----------------- Instantiating /home/travis/build/icyphy/ptII/ptolemy/domains/de/test/auto/DateToEvent.xml
2003 ms. Memory: 315904K Free: 130248K (41%)
----------------- Invoking toplevel() on ptolemy.moml.MoMLSimpleApplication@36442b54
----------------- Done invoking toplevel() on ptolemy.moml.MoMLSimpleApplication@36442b54
reloadAllAccessors: .DateToEvent
----------------- testing Thu May 10 01:20:44 UTC 2018 /home/travis/build/icyphy/ptII/ptolemy/domains/de/test/auto/DepthTest1.xml
----------------- Instantiating /home/travis/build/icyphy/ptII/ptolemy/domains/de/test/auto/DepthTest1.xml
1 ms. Memory: 315904K Free: 120889K (38%)
----------------- Invoking toplevel() on ptolemy.moml.MoMLSimpleApplication@3aaa133a
----------------- Done invoking toplevel() on ptolemy.moml.MoMLSimpleApplication@3aaa133a
reloadAllAccessors: .DepthTest1
----------------- testing Thu May 10 01:20:44 UTC 2018 /home/travis/build/icyphy/ptII/ptolemy/domains/de/test/auto/DepthTest2.xml
----------------- Instantiating /home/travis/build/icyphy/ptII/ptolemy/domains/de/test/auto/DepthTest2.xml
1 ms. Memory: 315904K Free: 106834K (34%)
----------------- Invoking toplevel() on ptolemy.moml.MoMLSimpleApplication@35fea34e
----------------- Done invoking toplevel() on ptolemy.moml.MoMLSimpleApplication@35fea34e
reloadAllAccessors: .DepthTest2
----------------- testing Thu May 10 01:20:44 UTC 2018 /home/travis/build/icyphy/ptII/ptolemy/domains/de/test/auto/DepthTest3.xml
----------------- Instantiating /home/travis/build/icyphy/ptII/ptolemy/domains/de/test/auto/DepthTest3.xml
2 ms. Memory: 315904K Free: 97474K (31%)
----------------- Invoking toplevel() on ptolemy.moml.MoMLSimpleApplication@dce215b
----------------- Done invoking toplevel() on ptolemy.moml.MoMLSimpleApplication@dce215b
reloadAllAccessors: .DepthTest3
----------------- testing Thu May 10 01:20:44 UTC 2018 /home/travis/build/icyphy/ptII/ptolemy/domains/de/test/auto/DepthTest4.xml
----------------- Instantiating /home/travis/build/icyphy/ptII/ptolemy/domains/de/test/auto/DepthTest4.xml
2 ms. Memory: 315904K Free: 88115K (28%)
----------------- Invoking toplevel() on ptolemy.moml.MoMLSimpleApplication@14569d11
----------------- Done invoking toplevel() on ptolemy.moml.MoMLSimpleApplication@14569d11
reloadAllAccessors: .DepthTest4
----------------- testing Thu May 10 01:20:44 UTC 2018 /home/travis/build/icyphy/ptII/ptolemy/domains/de/test/auto/DepthTest5.xml
----------------- Instantiating /home/travis/build/icyphy/ptII/ptolemy/domains/de/test/auto/DepthTest5.xml
6 ms. Memory: 305152K Free: 297177K (97%)
----------------- Invoking toplevel() on ptolemy.moml.MoMLSimpleApplication@19c9b050
----------------- Done invoking toplevel() on ptolemy.moml.MoMLSimpleApplication@19c9b050
reloadAllAccessors: .DepthTest5
----------------- testing Thu May 10 01:20:44 UTC 2018 /home/travis/build/icyphy/ptII/ptolemy/domains/de/test/auto/DepthTest6.xml
----------------- Instantiating /home/travis/build/icyphy/ptII/ptolemy/domains/de/test/auto/DepthTest6.xml
2 ms. Memory: 305152K Free: 284433K (93%)
----------------- Invoking toplevel() on ptolemy.moml.MoMLSimpleApplication@5b46f14d
----------------- Done invoking toplevel() on ptolemy.moml.MoMLSimpleApplication@5b46f14d
reloadAllAccessors: .DepthTest6
----------------- testing Thu May 10 01:20:44 UTC 2018 /home/travis/build/icyphy/ptII/ptolemy/domains/de/test/auto/DepthTest7.xml
----------------- Instantiating /home/travis/build/icyphy/ptII/ptolemy/domains/de/test/auto/DepthTest7.xml
1 ms. Memory: 305152K Free: 277710K (91%)
----------------- Invoking toplevel() on ptolemy.moml.MoMLSimpleApplication@3d4c0277
----------------- Done invoking toplevel() on ptolemy.moml.MoMLSimpleApplication@3d4c0277
reloadAllAccessors: .DepthTest7
----------------- testing Thu May 10 01:20:44 UTC 2018 /home/travis/build/icyphy/ptII/ptolemy/domains/de/test/auto/EventToDate.xml
----------------- Instantiating /home/travis/build/icyphy/ptII/ptolemy/domains/de/test/auto/EventToDate.xml
3004 ms. Memory: 305152K Free: 259786K (85%)
----------------- Invoking toplevel() on ptolemy.moml.MoMLSimpleApplication@49290446
----------------- Done invoking toplevel() on ptolemy.moml.MoMLSimpleApplication@49290446
reloadAllAccessors: .EventToDate
----------------- testing Thu May 10 01:20:47 UTC 2018 /home/travis/build/icyphy/ptII/ptolemy/domains/de/test/auto/FSM1.xml
----------------- Instantiating /home/travis/build/icyphy/ptII/ptolemy/domains/de/test/auto/FSM1.xml
9 ms. Memory: 305152K Free: 242609K (80%)
----------------- Invoking toplevel() on ptolemy.moml.MoMLSimpleApplication@492caffc
----------------- Done invoking toplevel() on ptolemy.moml.MoMLSimpleApplication@492caffc
reloadAllAccessors: .FSM1
----------------- testing Thu May 10 01:20:47 UTC 2018 /home/travis/build/icyphy/ptII/ptolemy/domains/de/test/auto/FSM7.xml
----------------- Instantiating /home/travis/build/icyphy/ptII/ptolemy/domains/de/test/auto/FSM7.xml
8 ms. Memory: 305152K Free: 226890K (74%)
----------------- Invoking toplevel() on ptolemy.moml.MoMLSimpleApplication@299516cc
----------------- Done invoking toplevel() on ptolemy.moml.MoMLSimpleApplication@299516cc
reloadAllAccessors: .FSM7
----------------- testing Thu May 10 01:20:47 UTC 2018 /home/travis/build/icyphy/ptII/ptolemy/domains/de/test/auto/Inspection.xml
----------------- Instantiating /home/travis/build/icyphy/ptII/ptolemy/domains/de/test/auto/Inspection.xml
23 ms. Memory: 305152K Free: 211180K (69%)
----------------- Invoking toplevel() on ptolemy.moml.MoMLSimpleApplication@29e259e7
----------------- Done invoking toplevel() on ptolemy.moml.MoMLSimpleApplication@29e259e7
reloadAllAccessors: .Inspection
----------------- testing Thu May 10 01:20:47 UTC 2018 /home/travis/build/icyphy/ptII/ptolemy/domains/de/test/auto/Iteration.xml
----------------- Instantiating /home/travis/build/icyphy/ptII/ptolemy/domains/de/test/auto/Iteration.xml
4 ms. Memory: 305152K Free: 200733K (66%)
----------------- Invoking toplevel() on ptolemy.moml.MoMLSimpleApplication@285590c5
----------------- Done invoking toplevel() on ptolemy.moml.MoMLSimpleApplication@285590c5
reloadAllAccessors: .Iteration
----------------- testing Thu May 10 01:20:47 UTC 2018 /home/travis/build/icyphy/ptII/ptolemy/domains/de/test/auto/LineFault.xml
----------------- Instantiating /home/travis/build/icyphy/ptII/ptolemy/domains/de/test/auto/LineFault.xml
428 ms. Memory: 305152K Free: 81922K (27%)
----------------- Invoking toplevel() on ptolemy.moml.MoMLSimpleApplication@72fd7bfc
----------------- Done invoking toplevel() on ptolemy.moml.MoMLSimpleApplication@72fd7bfc
reloadAllAccessors: .LineFault
----------------- testing Thu May 10 01:20:47 UTC 2018 /home/travis/build/icyphy/ptII/ptolemy/domains/de/test/auto/MergeModel1Add.xml
----------------- Instantiating /home/travis/build/icyphy/ptII/ptolemy/domains/de/test/auto/MergeModel1Add.xml
4 ms. Memory: 295936K Free: 274277K (93%)
----------------- Invoking toplevel() on ptolemy.moml.MoMLSimpleApplication@16d864d3
----------------- Done invoking toplevel() on ptolemy.moml.MoMLSimpleApplication@16d864d3
reloadAllAccessors: .MergeModel1Add
----------------- testing Thu May 10 01:20:47 UTC 2018 /home/travis/build/icyphy/ptII/ptolemy/domains/de/test/auto/MergeModel2Add.xml
----------------- Instantiating /home/travis/build/icyphy/ptII/ptolemy/domains/de/test/auto/MergeModel2Add.xml
6 ms. Memory: 295936K Free: 251851K (85%)
----------------- Invoking toplevel() on ptolemy.moml.MoMLSimpleApplication@fd715f5
----------------- Done invoking toplevel() on ptolemy.moml.MoMLSimpleApplication@fd715f5
reloadAllAccessors: .MergeModel2Add
----------------- testing Thu May 10 01:20:48 UTC 2018 /home/travis/build/icyphy/ptII/ptolemy/domains/de/test/auto/MergeModel3Add.xml
----------------- Instantiating /home/travis/build/icyphy/ptII/ptolemy/domains/de/test/auto/MergeModel3Add.xml
7 ms. Memory: 295936K Free: 229378K (78%)
----------------- Invoking toplevel() on ptolemy.moml.MoMLSimpleApplication@15511456
----------------- Done invoking toplevel() on ptolemy.moml.MoMLSimpleApplication@15511456
reloadAllAccessors: .MergeModel3Add
----------------- testing Thu May 10 01:20:48 UTC 2018 /home/travis/build/icyphy/ptII/ptolemy/domains/de/test/auto/MergeWithoutDiscard.xml
----------------- Instantiating /home/travis/build/icyphy/ptII/ptolemy/domains/de/test/auto/MergeWithoutDiscard.xml
1 ms. Memory: 295936K Free: 223663K (76%)
----------------- Invoking toplevel() on ptolemy.moml.MoMLSimpleApplication@10891da7
----------------- Done invoking toplevel() on ptolemy.moml.MoMLSimpleApplication@10891da7
reloadAllAccessors: .MergeWithoutDiscard
----------------- testing Thu May 10 01:20:48 UTC 2018 /home/travis/build/icyphy/ptII/ptolemy/domains/de/test/auto/Modal1.xml
----------------- Instantiating /home/travis/build/icyphy/ptII/ptolemy/domains/de/test/auto/Modal1.xml
5 ms. Memory: 295936K Free: 208387K (70%)
----------------- Invoking toplevel() on ptolemy.moml.MoMLSimpleApplication@7d913dec
----------------- Done invoking toplevel() on ptolemy.moml.MoMLSimpleApplication@7d913dec
reloadAllAccessors: .Modal1
----------------- testing Thu May 10 01:20:48 UTC 2018 /home/travis/build/icyphy/ptII/ptolemy/domains/de/test/auto/Modal2.xml
----------------- Instantiating /home/travis/build/icyphy/ptII/ptolemy/domains/de/test/auto/Modal2.xml
13 ms. Memory: 295936K Free: 194079K (66%)
----------------- Invoking toplevel() on ptolemy.moml.MoMLSimpleApplication@6d90b76a
----------------- Done invoking toplevel() on ptolemy.moml.MoMLSimpleApplication@6d90b76a
reloadAllAccessors: .Modal2
----------------- testing Thu May 10 01:20:48 UTC 2018 /home/travis/build/icyphy/ptII/ptolemy/domains/de/test/auto/Modal3.xml
----------------- Instantiating /home/travis/build/icyphy/ptII/ptolemy/domains/de/test/auto/Modal3.xml
6 ms. Memory: 295936K Free: 177377K (60%)
----------------- Invoking toplevel() on ptolemy.moml.MoMLSimpleApplication@3b79546c
----------------- Done invoking toplevel() on ptolemy.moml.MoMLSimpleApplication@3b79546c
reloadAllAccessors: .Modal3
----------------- testing Thu May 10 01:20:48 UTC 2018 /home/travis/build/icyphy/ptII/ptolemy/domains/de/test/auto/Modal4.xml
----------------- Instantiating /home/travis/build/icyphy/ptII/ptolemy/domains/de/test/auto/Modal4.xml
10 ms. Memory: 295936K Free: 161610K (55%)
----------------- Invoking toplevel() on ptolemy.moml.MoMLSimpleApplication@cba26a1
----------------- Done invoking toplevel() on ptolemy.moml.MoMLSimpleApplication@cba26a1
reloadAllAccessors: .Modal4
----------------- testing Thu May 10 01:20:48 UTC 2018 /home/travis/build/icyphy/ptII/ptolemy/domains/de/test/auto/Modal5.xml
----------------- Instantiating /home/travis/build/icyphy/ptII/ptolemy/domains/de/test/auto/Modal5.xml
8 ms. Memory: 295936K Free: 144908K (49%)
----------------- Invoking toplevel() on ptolemy.moml.MoMLSimpleApplication@64a0db6
----------------- Done invoking toplevel() on ptolemy.moml.MoMLSimpleApplication@64a0db6
reloadAllAccessors: .Modal5
----------------- testing Thu May 10 01:20:48 UTC 2018 /home/travis/build/icyphy/ptII/ptolemy/domains/de/test/auto/Modal6.xml
----------------- Instantiating /home/travis/build/icyphy/ptII/ptolemy/domains/de/test/auto/Modal6.xml
9 ms. Memory: 295936K Free: 130552K (44%)
----------------- Invoking toplevel() on ptolemy.moml.MoMLSimpleApplication@5ce90d0c
----------------- Done invoking toplevel() on ptolemy.moml.MoMLSimpleApplication@5ce90d0c
reloadAllAccessors: .Modal6
----------------- testing Thu May 10 01:20:48 UTC 2018 /home/travis/build/icyphy/ptII/ptolemy/domains/de/test/auto/Modal7.xml
----------------- Instantiating /home/travis/build/icyphy/ptII/ptolemy/domains/de/test/auto/Modal7.xml
6 ms. Memory: 295936K Free: 113858K (38%)
----------------- Invoking toplevel() on ptolemy.moml.MoMLSimpleApplication@24c858a4
----------------- Done invoking toplevel() on ptolemy.moml.MoMLSimpleApplication@24c858a4
reloadAllAccessors: .Modal7
----------------- testing Thu May 10 01:20:48 UTC 2018 /home/travis/build/icyphy/ptII/ptolemy/domains/de/test/auto/ModalModel.xml
----------------- Instantiating /home/travis/build/icyphy/ptII/ptolemy/domains/de/test/auto/ModalModel.xml
115 ms. Memory: 286720K Free: 245800K (86%)
----------------- Invoking toplevel() on ptolemy.moml.MoMLSimpleApplication@67539915
----------------- Done invoking toplevel() on ptolemy.moml.MoMLSimpleApplication@67539915
reloadAllAccessors: .ModalModel
----------------- testing Thu May 10 01:20:48 UTC 2018 /home/travis/build/icyphy/ptII/ptolemy/domains/de/test/auto/ModalSource.xml
----------------- Instantiating /home/travis/build/icyphy/ptII/ptolemy/domains/de/test/auto/ModalSource.xml
4 ms. Memory: 286720K Free: 234721K (82%)
----------------- Invoking toplevel() on ptolemy.moml.MoMLSimpleApplication@45906073
----------------- Done invoking toplevel() on ptolemy.moml.MoMLSimpleApplication@45906073
reloadAllAccessors: .ModalSource
----------------- testing Thu May 10 01:20:48 UTC 2018 /home/travis/build/icyphy/ptII/ptolemy/domains/de/test/auto/NonInterruptibleTimerZeroDelay.xml
----------------- Instantiating /home/travis/build/icyphy/ptII/ptolemy/domains/de/test/auto/NonInterruptibleTimerZeroDelay.xml
2 ms. Memory: 286720K Free: 228600K (80%)
----------------- Invoking toplevel() on ptolemy.moml.MoMLSimpleApplication@1fa202b3
----------------- Done invoking toplevel() on ptolemy.moml.MoMLSimpleApplication@1fa202b3
reloadAllAccessors: .NonInterruptibleTimerZeroDelay
----------------- testing Thu May 10 01:20:48 UTC 2018 /home/travis/build/icyphy/ptII/ptolemy/domains/de/test/auto/OpenQueueingNetwork.xml
----------------- Instantiating /home/travis/build/icyphy/ptII/ptolemy/domains/de/test/auto/OpenQueueingNetwork.xml
2058 ms. Memory: 263168K Free: 201782K (77%)
----------------- Invoking toplevel() on ptolemy.moml.MoMLSimpleApplication@317971b1
----------------- Done invoking toplevel() on ptolemy.moml.MoMLSimpleApplication@317971b1
reloadAllAccessors: .OpenQueueingNetwork
----------------- testing Thu May 10 01:20:50 UTC 2018 /home/travis/build/icyphy/ptII/ptolemy/domains/de/test/auto/OpenQueuingNetwork.xml
----------------- Instantiating /home/travis/build/icyphy/ptII/ptolemy/domains/de/test/auto/OpenQueuingNetwork.xml
211 ms. Memory: 263168K Free: 108040K (41%)
----------------- Invoking toplevel() on ptolemy.moml.MoMLSimpleApplication@6df407a
----------------- Done invoking toplevel() on ptolemy.moml.MoMLSimpleApplication@6df407a
reloadAllAccessors: .OpenQueuingNetwork
----------------- testing Thu May 10 01:20:50 UTC 2018 /home/travis/build/icyphy/ptII/ptolemy/domains/de/test/auto/PeriodicSampler.xml
----------------- Instantiating /home/travis/build/icyphy/ptII/ptolemy/domains/de/test/auto/PeriodicSampler.xml
6 ms. Memory: 263168K Free: 102255K (39%)
----------------- Invoking toplevel() on ptolemy.moml.MoMLSimpleApplication@25607400
----------------- Done invoking toplevel() on ptolemy.moml.MoMLSimpleApplication@25607400
reloadAllAccessors: .PeriodicSampler
----------------- testing Thu May 10 01:20:50 UTC 2018 /home/travis/build/icyphy/ptII/ptolemy/domains/de/test/auto/PersistentIO.xml
----------------- Instantiating /home/travis/build/icyphy/ptII/ptolemy/domains/de/test/auto/PersistentIO.xml
5 ms. Memory: 263168K Free: 90660K (34%)
----------------- Invoking toplevel() on ptolemy.moml.MoMLSimpleApplication@cfcb0f3
----------------- Done invoking toplevel() on ptolemy.moml.MoMLSimpleApplication@cfcb0f3
reloadAllAccessors: .PersistentIO
----------------- testing Thu May 10 01:20:50 UTC 2018 /home/travis/build/icyphy/ptII/ptolemy/domains/de/test/auto/PortParameterResetOnInitialize.xml
----------------- Instantiating /home/travis/build/icyphy/ptII/ptolemy/domains/de/test/auto/PortParameterResetOnInitialize.xml
1 ms. Memory: 263168K Free: 84866K (32%)
----------------- Invoking toplevel() on ptolemy.moml.MoMLSimpleApplication@5a49c0d4
----------------- Done invoking toplevel() on ptolemy.moml.MoMLSimpleApplication@5a49c0d4
reloadAllAccessors: .PortParameterResetOnInitialize
----------------- testing Thu May 10 01:20:50 UTC 2018 /home/travis/build/icyphy/ptII/ptolemy/domains/de/test/auto/PortParameterUpdates.xml
----------------- Instantiating /home/travis/build/icyphy/ptII/ptolemy/domains/de/test/auto/PortParameterUpdates.xml
7 ms. Memory: 263168K Free: 77286K (29%)
----------------- Invoking toplevel() on ptolemy.moml.MoMLSimpleApplication@70514689
----------------- Done invoking toplevel() on ptolemy.moml.MoMLSimpleApplication@70514689
reloadAllAccessors: .PortParameterUpdates
----------------- testing Thu May 10 01:20:50 UTC 2018 /home/travis/build/icyphy/ptII/ptolemy/domains/de/test/auto/QueueAndServer.xml
----------------- Instantiating /home/travis/build/icyphy/ptII/ptolemy/domains/de/test/auto/QueueAndServer.xml
6 ms. Memory: 254464K Free: 239567K (94%)
----------------- Invoking toplevel() on ptolemy.moml.MoMLSimpleApplication@796044ea
----------------- Done invoking toplevel() on ptolemy.moml.MoMLSimpleApplication@796044ea
reloadAllAccessors: .QueueAndServer
----------------- testing Thu May 10 01:20:50 UTC 2018 /home/travis/build/icyphy/ptII/ptolemy/domains/de/test/auto/Records.xml
----------------- Instantiating /home/travis/build/icyphy/ptII/ptolemy/domains/de/test/auto/Records.xml
7 ms. Memory: 254464K Free: 231905K (91%)
----------------- Invoking toplevel() on ptolemy.moml.MoMLSimpleApplication@38560298
----------------- Done invoking toplevel() on ptolemy.moml.MoMLSimpleApplication@38560298
reloadAllAccessors: .Records
----------------- testing Thu May 10 01:20:50 UTC 2018 /home/travis/build/icyphy/ptII/ptolemy/domains/de/test/auto/ResetTransitionWithStartTime1.xml
----------------- Instantiating /home/travis/build/icyphy/ptII/ptolemy/domains/de/test/auto/ResetTransitionWithStartTime1.xml
4 ms. Memory: 254464K Free: 221002K (87%)
----------------- Invoking toplevel() on ptolemy.moml.MoMLSimpleApplication@55e11216
----------------- Done invoking toplevel() on ptolemy.moml.MoMLSimpleApplication@55e11216
reloadAllAccessors: .ResetTransitionWithStartTime1
----------------- testing Thu May 10 01:20:51 UTC 2018 /home/travis/build/icyphy/ptII/ptolemy/domains/de/test/auto/ResetTransitionWithStartTime2.xml
----------------- Instantiating /home/travis/build/icyphy/ptII/ptolemy/domains/de/test/auto/ResetTransitionWithStartTime2.xml
4 ms. Memory: 254464K Free: 210124K (83%)
----------------- Invoking toplevel() on ptolemy.moml.MoMLSimpleApplication@723fa3ad
----------------- Done invoking toplevel() on ptolemy.moml.MoMLSimpleApplication@723fa3ad
reloadAllAccessors: .ResetTransitionWithStartTime2
----------------- testing Thu May 10 01:20:51 UTC 2018 /home/travis/build/icyphy/ptII/ptolemy/domains/de/test/auto/ResetTransitionWithStartTime3.xml
----------------- Instantiating /home/travis/build/icyphy/ptII/ptolemy/domains/de/test/auto/ResetTransitionWithStartTime3.xml
4 ms. Memory: 254464K Free: 199238K (78%)
----------------- Invoking toplevel() on ptolemy.moml.MoMLSimpleApplication@65c436fb
----------------- Done invoking toplevel() on ptolemy.moml.MoMLSimpleApplication@65c436fb
reloadAllAccessors: .ResetTransitionWithStartTime3
----------------- testing Thu May 10 01:20:51 UTC 2018 /home/travis/build/icyphy/ptII/ptolemy/domains/de/test/auto/ResetTransitionWithStartTime4.xml
----------------- Instantiating /home/travis/build/icyphy/ptII/ptolemy/domains/de/test/auto/ResetTransitionWithStartTime4.xml
3 ms. Memory: 254464K Free: 190085K (75%)
----------------- Invoking toplevel() on ptolemy.moml.MoMLSimpleApplication@31a3960a
----------------- Done invoking toplevel() on ptolemy.moml.MoMLSimpleApplication@31a3960a
reloadAllAccessors: .ResetTransitionWithStartTime4
----------------- testing Thu May 10 01:20:51 UTC 2018 /home/travis/build/icyphy/ptII/ptolemy/domains/de/test/auto/ResettableTimer1.xml
----------------- Instantiating /home/travis/build/icyphy/ptII/ptolemy/domains/de/test/auto/ResettableTimer1.xml
2 ms. Memory: 254464K Free: 184392K (72%)
----------------- Invoking toplevel() on ptolemy.moml.MoMLSimpleApplication@4ff20e84
----------------- Done invoking toplevel() on ptolemy.moml.MoMLSimpleApplication@4ff20e84
reloadAllAccessors: .ResettableTimer1
----------------- testing Thu May 10 01:20:51 UTC 2018 /home/travis/build/icyphy/ptII/ptolemy/domains/de/test/auto/ResettableTimer2.xml
----------------- Instantiating /home/travis/build/icyphy/ptII/ptolemy/domains/de/test/auto/ResettableTimer2.xml
1 ms. Memory: 254464K Free: 178698K (70%)
----------------- Invoking toplevel() on ptolemy.moml.MoMLSimpleApplication@5359a93d
----------------- Done invoking toplevel() on ptolemy.moml.MoMLSimpleApplication@5359a93d
reloadAllAccessors: .ResettableTimer2
----------------- testing Thu May 10 01:20:51 UTC 2018 /home/travis/build/icyphy/ptII/ptolemy/domains/de/test/auto/ResettableTimer3.xml
----------------- Instantiating /home/travis/build/icyphy/ptII/ptolemy/domains/de/test/auto/ResettableTimer3.xml
1 ms. Memory: 254464K Free: 173020K (68%)
----------------- Invoking toplevel() on ptolemy.moml.MoMLSimpleApplication@51e4ff6a
----------------- Done invoking toplevel() on ptolemy.moml.MoMLSimpleApplication@51e4ff6a
reloadAllAccessors: .ResettableTimer3
----------------- testing Thu May 10 01:20:51 UTC 2018 /home/travis/build/icyphy/ptII/ptolemy/domains/de/test/auto/ResettableTimer4.xml
----------------- Instantiating /home/travis/build/icyphy/ptII/ptolemy/domains/de/test/auto/ResettableTimer4.xml
1 ms. Memory: 254464K Free: 167335K (66%)
----------------- Invoking toplevel() on ptolemy.moml.MoMLSimpleApplication@cca046c
----------------- Done invoking toplevel() on ptolemy.moml.MoMLSimpleApplication@cca046c
reloadAllAccessors: .ResettableTimer4
----------------- testing Thu May 10 01:20:51 UTC 2018 /home/travis/build/icyphy/ptII/ptolemy/domains/de/test/auto/ResettableTimer5.xml
----------------- Instantiating /home/travis/build/icyphy/ptII/ptolemy/domains/de/test/auto/ResettableTimer5.xml
1 ms. Memory: 254464K Free: 159931K (63%)
----------------- Invoking toplevel() on ptolemy.moml.MoMLSimpleApplication@20ba9231
----------------- Done invoking toplevel() on ptolemy.moml.MoMLSimpleApplication@20ba9231
reloadAllAccessors: .ResettableTimer5
----------------- testing Thu May 10 01:20:51 UTC 2018 /home/travis/build/icyphy/ptII/ptolemy/domains/de/test/auto/ResettableTimer6.xml
----------------- Instantiating /home/travis/build/icyphy/ptII/ptolemy/domains/de/test/auto/ResettableTimer6.xml
4 ms. Memory: 254464K Free: 152510K (60%)
----------------- Invoking toplevel() on ptolemy.moml.MoMLSimpleApplication@7fc4c7ef
----------------- Done invoking toplevel() on ptolemy.moml.MoMLSimpleApplication@7fc4c7ef
reloadAllAccessors: .ResettableTimer6
----------------- testing Thu May 10 01:20:51 UTC 2018 /home/travis/build/icyphy/ptII/ptolemy/domains/de/test/auto/ServerZeroDelay.xml
----------------- Instantiating /home/travis/build/icyphy/ptII/ptolemy/domains/de/test/auto/ServerZeroDelay.xml
1 ms. Memory: 254464K Free: 146816K (58%)
----------------- Invoking toplevel() on ptolemy.moml.MoMLSimpleApplication@c32ed61
----------------- Done invoking toplevel() on ptolemy.moml.MoMLSimpleApplication@c32ed61
reloadAllAccessors: .ServerZeroDelay
----------------- testing Thu May 10 01:20:51 UTC 2018 /home/travis/build/icyphy/ptII/ptolemy/domains/de/test/auto/SmartSender.xml
----------------- Instantiating /home/travis/build/icyphy/ptII/ptolemy/domains/de/test/auto/SmartSender.xml
3002 ms. Memory: 254464K Free: 141123K (55%)
----------------- Invoking toplevel() on ptolemy.moml.MoMLSimpleApplication@4539f440
----------------- Done invoking toplevel() on ptolemy.moml.MoMLSimpleApplication@4539f440
reloadAllAccessors: .SmartSender
----------------- testing Thu May 10 01:20:54 UTC 2018 /home/travis/build/icyphy/ptII/ptolemy/domains/de/test/auto/ThreadedComposite.xml
----------------- Instantiating /home/travis/build/icyphy/ptII/ptolemy/domains/de/test/auto/ThreadedComposite.xml
118 ms. Memory: 254464K Free: 111256K (44%)
----------------- Invoking toplevel() on ptolemy.moml.MoMLSimpleApplication@227083dd
----------------- Done invoking toplevel() on ptolemy.moml.MoMLSimpleApplication@227083dd
reloadAllAccessors: .ThreadedComposite
----------------- testing Thu May 10 01:20:54 UTC 2018 /home/travis/build/icyphy/ptII/ptolemy/domains/de/test/auto/Time.xml
----------------- Instantiating /home/travis/build/icyphy/ptII/ptolemy/domains/de/test/auto/Time.xml
413 ms. Memory: 246784K Free: 217730K (88%)
----------------- Invoking toplevel() on ptolemy.moml.MoMLSimpleApplication@2d6a184b
----------------- Done invoking toplevel() on ptolemy.moml.MoMLSimpleApplication@2d6a184b
reloadAllAccessors: .Time
----------------- testing Thu May 10 01:20:54 UTC 2018 /home/travis/build/icyphy/ptII/ptolemy/domains/de/test/auto/TimeDelayZeroDelay.xml
----------------- Instantiating /home/travis/build/icyphy/ptII/ptolemy/domains/de/test/auto/TimeDelayZeroDelay.xml
2 ms. Memory: 246784K Free: 211786K (86%)
----------------- Invoking toplevel() on ptolemy.moml.MoMLSimpleApplication@521e32db
----------------- Done invoking toplevel() on ptolemy.moml.MoMLSimpleApplication@521e32db
reloadAllAccessors: .TimeDelayZeroDelay
----------------- testing Thu May 10 01:20:54 UTC 2018 /home/travis/build/icyphy/ptII/ptolemy/domains/de/test/auto/TimerZeroDelay.xml
----------------- Instantiating /home/travis/build/icyphy/ptII/ptolemy/domains/de/test/auto/TimerZeroDelay.xml
1 ms. Memory: 246784K Free: 206741K (84%)
----------------- Invoking toplevel() on ptolemy.moml.MoMLSimpleApplication@33cf9ced
----------------- Done invoking toplevel() on ptolemy.moml.MoMLSimpleApplication@33cf9ced
reloadAllAccessors: .TimerZeroDelay
----------------- testing Thu May 10 01:20:54 UTC 2018 /home/travis/build/icyphy/ptII/ptolemy/domains/de/test/auto/TimingParadox.xml
----------------- Instantiating /home/travis/build/icyphy/ptII/ptolemy/domains/de/test/auto/TimingParadox.xml
287 ms. Memory: 246784K Free: 136608K (55%)
----------------- Invoking toplevel() on ptolemy.moml.MoMLSimpleApplication@19656a2b
----------------- Done invoking toplevel() on ptolemy.moml.MoMLSimpleApplication@19656a2b
reloadAllAccessors: .TimingParadox
----------------- testing Thu May 10 01:20:55 UTC 2018 /home/travis/build/icyphy/ptII/ptolemy/domains/de/test/auto/TransferInputs.xml
----------------- Instantiating /home/travis/build/icyphy/ptII/ptolemy/domains/de/test/auto/TransferInputs.xml
1 ms. Memory: 246784K Free: 130437K (53%)
----------------- Invoking toplevel() on ptolemy.moml.MoMLSimpleApplication@1ec99fbf
----------------- Done invoking toplevel() on ptolemy.moml.MoMLSimpleApplication@1ec99fbf
reloadAllAccessors: .TransferInputs
----------------- testing Thu May 10 01:20:55 UTC 2018 /home/travis/build/icyphy/ptII/ptolemy/domains/de/test/auto/TransferOutputs2.xml
----------------- Instantiating /home/travis/build/icyphy/ptII/ptolemy/domains/de/test/auto/TransferOutputs2.xml
2 ms. Memory: 246784K Free: 120040K (49%)
----------------- Invoking toplevel() on ptolemy.moml.MoMLSimpleApplication@3930ba3d
----------------- Done invoking toplevel() on ptolemy.moml.MoMLSimpleApplication@3930ba3d
reloadAllAccessors: .TransferOutputs2
----------------- testing Thu May 10 01:20:55 UTC 2018 /home/travis/build/icyphy/ptII/ptolemy/domains/de/test/auto/Trilateration.xml
----------------- Instantiating /home/travis/build/icyphy/ptII/ptolemy/domains/de/test/auto/Trilateration.xml
10733 ms. Memory: 637952K Free: 127955K (20%)
----------------- Invoking toplevel() on ptolemy.moml.MoMLSimpleApplication@6aaaf905
----------------- Done invoking toplevel() on ptolemy.moml.MoMLSimpleApplication@6aaaf905
reloadAllAccessors: .Trilateration
----------------- testing Thu May 10 01:21:06 UTC 2018 /home/travis/build/icyphy/ptII/ptolemy/domains/de/test/auto/TwoSigmaDelta.xml
----------------- Instantiating /home/travis/build/icyphy/ptII/ptolemy/domains/de/test/auto/TwoSigmaDelta.xml
2061 ms. Memory: 607232K Free: 350494K (58%)
----------------- Invoking toplevel() on ptolemy.moml.MoMLSimpleApplication@4ea87aed
----------------- Done invoking toplevel() on ptolemy.moml.MoMLSimpleApplication@4ea87aed
reloadAllAccessors: .TwoSigmaDelta
----------------- testing Thu May 10 01:21:08 UTC 2018 /home/travis/build/icyphy/ptII/ptolemy/domains/de/test/auto/VariableDelay.xml
----------------- Instantiating /home/travis/build/icyphy/ptII/ptolemy/domains/de/test/auto/VariableDelay.xml
2 ms. Memory: 607232K Free: 333971K (55%)
----------------- Invoking toplevel() on ptolemy.moml.MoMLSimpleApplication@3916194
----------------- Done invoking toplevel() on ptolemy.moml.MoMLSimpleApplication@3916194
reloadAllAccessors: .VariableDelay
----------------- testing Thu May 10 01:21:08 UTC 2018 /home/travis/build/icyphy/ptII/ptolemy/domains/de/test/auto/VariableDelay2.xml
----------------- Instantiating /home/travis/build/icyphy/ptII/ptolemy/domains/de/test/auto/VariableDelay2.xml
2 ms. Memory: 607232K Free: 322806K (53%)
----------------- Invoking toplevel() on ptolemy.moml.MoMLSimpleApplication@494f3564
----------------- Done invoking toplevel() on ptolemy.moml.MoMLSimpleApplication@494f3564
reloadAllAccessors: .VariableDelay2
----------------- testing Thu May 10 01:21:08 UTC 2018 /home/travis/build/icyphy/ptII/ptolemy/domains/de/test/auto/VariableDelayZeroDelay.xml
----------------- Instantiating /home/travis/build/icyphy/ptII/ptolemy/domains/de/test/auto/VariableDelayZeroDelay.xml
2 ms. Memory: 607232K Free: 311971K (51%)
----------------- Invoking toplevel() on ptolemy.moml.MoMLSimpleApplication@59bf223e
----------------- Done invoking toplevel() on ptolemy.moml.MoMLSimpleApplication@59bf223e
reloadAllAccessors: .VariableDelayZeroDelay
----------------- testing Thu May 10 01:21:08 UTC 2018 /home/travis/build/icyphy/ptII/ptolemy/domains/de/test/auto/VariableDelayZeroDelay2.xml
----------------- Instantiating /home/travis/build/icyphy/ptII/ptolemy/domains/de/test/auto/VariableDelayZeroDelay2.xml
1 ms. Memory: 607232K Free: 300806K (50%)
----------------- Invoking toplevel() on ptolemy.moml.MoMLSimpleApplication@6822560
----------------- Done invoking toplevel() on ptolemy.moml.MoMLSimpleApplication@6822560
reloadAllAccessors: .VariableDelayZeroDelay2
----------------- testing Thu May 10 01:21:08 UTC 2018 /home/travis/build/icyphy/ptII/ptolemy/domains/de/test/auto/deInCt.xml
----------------- Instantiating /home/travis/build/icyphy/ptII/ptolemy/domains/de/test/auto/deInCt.xml
0
1
1
1
0
0
0
1
1
1
1
0
0
0
1
1
1
0
0
0
0
1
1
1
0
0
0
1
1
1
0
0
1
1
1
0
0
0
1
1
1
0
0
0
1
1
1
1
9 ms. Memory: 607232K Free: 289641K (48%)
----------------- Invoking toplevel() on ptolemy.moml.MoMLSimpleApplication@47a5115b
----------------- Done invoking toplevel() on ptolemy.moml.MoMLSimpleApplication@47a5115b
reloadAllAccessors: .deInCt
----------------- testing Thu May 10 01:21:08 UTC 2018 /home/travis/build/icyphy/ptII/ptolemy/domains/de/test/auto/deInCt2.xml
----------------- Instantiating /home/travis/build/icyphy/ptII/ptolemy/domains/de/test/auto/deInCt2.xml
0
1
1
1
0
0
1
1
1
0
0
1
1
1
0
0
1
1
1
0
0
1
1
1
0
0
1
1
1
0
0
1
1
1
0
0
1
1
1
0
0
0
8 ms. Memory: 607232K Free: 278804K (46%)
----------------- Invoking toplevel() on ptolemy.moml.MoMLSimpleApplication@6448d161
----------------- Done invoking toplevel() on ptolemy.moml.MoMLSimpleApplication@6448d161
reloadAllAccessors: .deInCt2
----------------- testing Thu May 10 01:21:08 UTC 2018 /home/travis/build/icyphy/ptII/ptolemy/domains/de/test/auto/dynamicCausalityInterface1.xml
----------------- Instantiating /home/travis/build/icyphy/ptII/ptolemy/domains/de/test/auto/dynamicCausalityInterface1.xml
1 ms. Memory: 607232K Free: 262386K (43%)
----------------- Invoking toplevel() on ptolemy.moml.MoMLSimpleApplication@1e2069ab
----------------- Done invoking toplevel() on ptolemy.moml.MoMLSimpleApplication@1e2069ab
reloadAllAccessors: .dynamicCausalityInterface1
----------------- testing Thu May 10 01:21:08 UTC 2018 /home/travis/build/icyphy/ptII/ptolemy/domains/de/test/auto/fsm_de_test.xml
----------------- Instantiating /home/travis/build/icyphy/ptII/ptolemy/domains/de/test/auto/fsm_de_test.xml
4 ms. Memory: 607232K Free: 245968K (41%)
----------------- Invoking toplevel() on ptolemy.moml.MoMLSimpleApplication@9137b3a
----------------- Done invoking toplevel() on ptolemy.moml.MoMLSimpleApplication@9137b3a
reloadAllAccessors: .fsm_de_test
----------------- testing Thu May 10 01:21:08 UTC 2018 /home/travis/build/icyphy/ptII/ptolemy/domains/de/test/auto/functionDependencyReconstruction.xml
----------------- Instantiating /home/travis/build/icyphy/ptII/ptolemy/domains/de/test/auto/functionDependencyReconstruction.xml
1 ms. Memory: 607232K Free: 224610K (37%)
----------------- Invoking toplevel() on ptolemy.moml.MoMLSimpleApplication@3164ef83
----------------- Done invoking toplevel() on ptolemy.moml.MoMLSimpleApplication@3164ef83
reloadAllAccessors: .functionDependencyReconstruction
----------------- testing Thu May 10 01:21:08 UTC 2018 /home/travis/build/icyphy/ptII/ptolemy/domains/de/test/auto/multirate.xml
----------------- Instantiating /home/travis/build/icyphy/ptII/ptolemy/domains/de/test/auto/multirate.xml
3 ms. Memory: 607232K Free: 208184K (34%)
----------------- Invoking toplevel() on ptolemy.moml.MoMLSimpleApplication@13f5e6c3
----------------- Done invoking toplevel() on ptolemy.moml.MoMLSimpleApplication@13f5e6c3
reloadAllAccessors: .multirate
----------------- testing Thu May 10 01:21:08 UTC 2018 /home/travis/build/icyphy/ptII/ptolemy/domains/de/test/auto/multirate2.xml
----------------- Instantiating /home/travis/build/icyphy/ptII/ptolemy/domains/de/test/auto/multirate2.xml
3 ms. Memory: 607232K Free: 191750K (32%)
----------------- Invoking toplevel() on ptolemy.moml.MoMLSimpleApplication@7ab6c3ce
----------------- Done invoking toplevel() on ptolemy.moml.MoMLSimpleApplication@7ab6c3ce
reloadAllAccessors: .multirate2
----------------- testing Thu May 10 01:21:08 UTC 2018 /home/travis/build/icyphy/ptII/ptolemy/domains/de/test/auto/realtime.xml
----------------- Instantiating /home/travis/build/icyphy/ptII/ptolemy/domains/de/test/auto/realtime.xml
10001 ms. Memory: 607232K Free: 180915K (30%)
----------------- Invoking toplevel() on ptolemy.moml.MoMLSimpleApplication@3a2f04ca
----------------- Done invoking toplevel() on ptolemy.moml.MoMLSimpleApplication@3a2f04ca
reloadAllAccessors: .realtime
----------------- testing Thu May 10 01:21:18 UTC 2018 /home/travis/build/icyphy/ptII/ptolemy/domains/de/test/auto/relationGroup.xml
----------------- Instantiating /home/travis/build/icyphy/ptII/ptolemy/domains/de/test/auto/relationGroup.xml
5 ms. Memory: 607232K Free: 169750K (28%)
----------------- Invoking toplevel() on ptolemy.moml.MoMLSimpleApplication@2f429244
----------------- Done invoking toplevel() on ptolemy.moml.MoMLSimpleApplication@2f429244
reloadAllAccessors: .relationGroup
----------------- testing Thu May 10 01:21:18 UTC 2018 /home/travis/build/icyphy/ptII/ptolemy/domains/de/test/auto/relationGroup2.xml
----------------- Instantiating /home/travis/build/icyphy/ptII/ptolemy/domains/de/test/auto/relationGroup2.xml
1 ms. Memory: 607232K Free: 158586K (26%)
----------------- Invoking toplevel() on ptolemy.moml.MoMLSimpleApplication@1bdc345e
----------------- Done invoking toplevel() on ptolemy.moml.MoMLSimpleApplication@1bdc345e
reloadAllAccessors: .relationGroup2
----------------- testing Thu May 10 01:21:18 UTC 2018 /home/travis/build/icyphy/ptII/ptolemy/domains/de/test/auto/sortWithOpaquePorts.xml
----------------- Instantiating /home/travis/build/icyphy/ptII/ptolemy/domains/de/test/auto/sortWithOpaquePorts.xml
1 ms. Memory: 607232K Free: 147750K (24%)
----------------- Invoking toplevel() on ptolemy.moml.MoMLSimpleApplication@175d704a
----------------- Done invoking toplevel() on ptolemy.moml.MoMLSimpleApplication@175d704a
reloadAllAccessors: .sortWithOpaquePorts
----------------- testing Thu May 10 01:21:18 UTC 2018 /home/travis/build/icyphy/ptII/ptolemy/domains/de/test/auto/transferInputsandOutputs.xml
----------------- Instantiating /home/travis/build/icyphy/ptII/ptolemy/domains/de/test/auto/transferInputsandOutputs.xml
2 ms. Memory: 607232K Free: 131324K (22%)
----------------- Invoking toplevel() on ptolemy.moml.MoMLSimpleApplication@2861de19
----------------- Done invoking toplevel() on ptolemy.moml.MoMLSimpleApplication@2861de19
reloadAllAccessors: .transferInputsandOutputs
----------------- testing Thu May 10 01:21:18 UTC 2018 /home/travis/build/icyphy/ptII/ptolemy/domains/de/test/auto/triggerType.xml
----------------- Instantiating /home/travis/build/icyphy/ptII/ptolemy/domains/de/test/auto/triggerType.xml
1 ms. Memory: 607232K Free: 120160K (20%)
----------------- Invoking toplevel() on ptolemy.moml.MoMLSimpleApplication@e3b3325
----------------- Done invoking toplevel() on ptolemy.moml.MoMLSimpleApplication@e3b3325
reloadAllAccessors: .triggerType
AutoTests.java: About to close Vertx.
AutoTests.java: Vertx closed.
]]></system-out>
  <system-err><![CDATA[java.lang.RuntimeException: Execution failed
	at ptolemy.moml.MoMLSimpleApplication$UnloadThread.run(MoMLSimpleApplication.java:402)
Caused by: ptolemy.kernel.util.IllegalActionException: Found a zero delay loop containing .dependencyLoop.original
  in .dependencyLoop and .dependencyLoop.original
	at ptolemy.actor.util.CausalityInterfaceForComposites._computeOutputPortDepth(CausalityInterfaceForComposites.java:759)
	at ptolemy.actor.util.CausalityInterfaceForComposites._computeInputDepth(CausalityInterfaceForComposites.java:696)
	at ptolemy.actor.util.CausalityInterfaceForComposites._computeOutputPortDepth(CausalityInterfaceForComposites.java:765)
	at ptolemy.actor.util.CausalityInterfaceForComposites._computeInputDepth(CausalityInterfaceForComposites.java:696)
	at ptolemy.actor.util.CausalityInterfaceForComposites._computeOutputPortDepth(CausalityInterfaceForComposites.java:765)
	at ptolemy.actor.util.CausalityInterfaceForComposites._computeInputDepth(CausalityInterfaceForComposites.java:696)
	at ptolemy.actor.util.CausalityInterfaceForComposites._computeActorDepth(CausalityInterfaceForComposites.java:532)
	at ptolemy.actor.util.CausalityInterfaceForComposites.checkForCycles(CausalityInterfaceForComposites.java:96)
	at ptolemy.domains.de.kernel.DEDirector.preinitialize(DEDirector.java:1337)
	at ptolemy.actor.CompositeActor.preinitialize(CompositeActor.java:1828)
	at ptolemy.actor.Manager.preinitializeAndResolveTypes(Manager.java:1040)
	at ptolemy.actor.Manager.initialize(Manager.java:710)
	at ptolemy.actor.Manager.execute(Manager.java:356)
	at ptolemy.actor.Manager.run(Manager.java:1263)
	at ptolemy.actor.Manager$PtolemyRunThread.run(Manager.java:1915)
java.lang.RuntimeException: Execution failed
	at ptolemy.moml.MoMLSimpleApplication$UnloadThread.run(MoMLSimpleApplication.java:402)
Caused by: ptolemy.kernel.util.IllegalActionException: Found a zero delay loop containing .dependencyLoop2.original
  in .dependencyLoop2 and .dependencyLoop2.original
	at ptolemy.actor.util.CausalityInterfaceForComposites._computeOutputPortDepth(CausalityInterfaceForComposites.java:759)
	at ptolemy.actor.util.CausalityInterfaceForComposites._computeInputDepth(CausalityInterfaceForComposites.java:696)
	at ptolemy.actor.util.CausalityInterfaceForComposites._computeOutputPortDepth(CausalityInterfaceForComposites.java:765)
	at ptolemy.actor.util.CausalityInterfaceForComposites._computeInputDepth(CausalityInterfaceForComposites.java:696)
	at ptolemy.actor.util.CausalityInterfaceForComposites._computeOutputPortDepth(CausalityInterfaceForComposites.java:765)
	at ptolemy.actor.util.CausalityInterfaceForComposites._computeInputDepth(CausalityInterfaceForComposites.java:696)
	at ptolemy.actor.util.CausalityInterfaceForComposites._computeActorDepth(CausalityInterfaceForComposites.java:532)
	at ptolemy.actor.util.CausalityInterfaceForComposites.checkForCycles(CausalityInterfaceForComposites.java:96)
	at ptolemy.domains.de.kernel.DEDirector.preinitialize(DEDirector.java:1337)
	at ptolemy.actor.CompositeActor.preinitialize(CompositeActor.java:1828)
	at ptolemy.actor.Manager.preinitializeAndResolveTypes(Manager.java:1040)
	at ptolemy.actor.Manager.initialize(Manager.java:710)
	at ptolemy.actor.Manager.execute(Manager.java:356)
	at ptolemy.actor.Manager.run(Manager.java:1263)
	at ptolemy.actor.Manager$PtolemyRunThread.run(Manager.java:1915)
java.lang.RuntimeException: Execution failed
	at ptolemy.moml.MoMLSimpleApplication$UnloadThread.run(MoMLSimpleApplication.java:402)
Caused by: ptolemy.kernel.util.IllegalActionException: Found a zero delay loop containing .dependencyLoop.original
  in .dependencyLoop and .dependencyLoop.original
	at ptolemy.actor.util.CausalityInterfaceForComposites._computeOutputPortDepth(CausalityInterfaceForComposites.java:759)
	at ptolemy.actor.util.CausalityInterfaceForComposites._computeInputDepth(CausalityInterfaceForComposites.java:696)
	at ptolemy.actor.util.CausalityInterfaceForComposites._computeOutputPortDepth(CausalityInterfaceForComposites.java:765)
	at ptolemy.actor.util.CausalityInterfaceForComposites._computeInputDepth(CausalityInterfaceForComposites.java:696)
	at ptolemy.actor.util.CausalityInterfaceForComposites._computeOutputPortDepth(CausalityInterfaceForComposites.java:765)
	at ptolemy.actor.util.CausalityInterfaceForComposites._computeInputDepth(CausalityInterfaceForComposites.java:696)
	at ptolemy.actor.util.CausalityInterfaceForComposites._computeActorDepth(CausalityInterfaceForComposites.java:532)
	at ptolemy.actor.util.CausalityInterfaceForComposites.checkForCycles(CausalityInterfaceForComposites.java:96)
	at ptolemy.domains.de.kernel.DEDirector.preinitialize(DEDirector.java:1337)
	at ptolemy.actor.CompositeActor.preinitialize(CompositeActor.java:1828)
	at ptolemy.actor.Manager.preinitializeAndResolveTypes(Manager.java:1040)
	at ptolemy.actor.Manager.initialize(Manager.java:710)
	at ptolemy.actor.Manager.execute(Manager.java:356)
	at ptolemy.actor.Manager.run(Manager.java:1263)
	at ptolemy.actor.Manager$PtolemyRunThread.run(Manager.java:1915)
java.lang.RuntimeException: Execution failed
	at ptolemy.moml.MoMLSimpleApplication$UnloadThread.run(MoMLSimpleApplication.java:402)
Caused by: ptolemy.kernel.util.IllegalActionException: Actor is not ready to fire.  Perhaps UpSample.prefire() returned false? Try debugging the actor by selecting "Listen to Actor".  Also, for SDF check moml for tokenConsumptionRate on input.
  in .DESDFClockTest.Play Bell.Copy1:SDF Director and .DESDFClockTest.Play Bell.UpSample
	at ptolemy.actor.sched.StaticSchedulingDirector.fire(StaticSchedulingDirector.java:227)
	at ptolemy.domains.sdf.kernel.SDFDirector.fire(SDFDirector.java:500)
	at ptolemy.actor.CompositeActor.fire(CompositeActor.java:455)
	at ptolemy.domains.de.kernel.DEDirector._fire(DEDirector.java:1948)
	at ptolemy.domains.de.kernel.DEDirector.fire(DEDirector.java:502)
	at ptolemy.actor.CompositeActor.fire(CompositeActor.java:455)
	at ptolemy.actor.Manager.iterate(Manager.java:851)
	at ptolemy.actor.Manager.execute(Manager.java:369)
	at ptolemy.actor.Manager.run(Manager.java:1263)
	at ptolemy.actor.Manager$PtolemyRunThread.run(Manager.java:1915)
java.lang.RuntimeException: Execution failed
	at ptolemy.moml.MoMLSimpleApplication$UnloadThread.run(MoMLSimpleApplication.java:402)
Caused by: ptolemy.kernel.util.IllegalActionException: Found a zero delay loop containing .dependencyLoop2.original
  in .dependencyLoop2 and .dependencyLoop2.original
	at ptolemy.actor.util.CausalityInterfaceForComposites._computeOutputPortDepth(CausalityInterfaceForComposites.java:759)
	at ptolemy.actor.util.CausalityInterfaceForComposites._computeInputDepth(CausalityInterfaceForComposites.java:696)
	at ptolemy.actor.util.CausalityInterfaceForComposites._computeOutputPortDepth(CausalityInterfaceForComposites.java:765)
	at ptolemy.actor.util.CausalityInterfaceForComposites._computeInputDepth(CausalityInterfaceForComposites.java:696)
	at ptolemy.actor.util.CausalityInterfaceForComposites._computeOutputPortDepth(CausalityInterfaceForComposites.java:765)
	at ptolemy.actor.util.CausalityInterfaceForComposites._computeInputDepth(CausalityInterfaceForComposites.java:696)
	at ptolemy.actor.util.CausalityInterfaceForComposites._computeActorDepth(CausalityInterfaceForComposites.java:532)
	at ptolemy.actor.util.CausalityInterfaceForComposites.checkForCycles(CausalityInterfaceForComposites.java:96)
	at ptolemy.domains.de.kernel.DEDirector.preinitialize(DEDirector.java:1337)
	at ptolemy.actor.CompositeActor.preinitialize(CompositeActor.java:1828)
	at ptolemy.actor.Manager.preinitializeAndResolveTypes(Manager.java:1040)
	at ptolemy.actor.Manager.initialize(Manager.java:710)
	at ptolemy.actor.Manager.execute(Manager.java:356)
	at ptolemy.actor.Manager.run(Manager.java:1263)
	at ptolemy.actor.Manager$PtolemyRunThread.run(Manager.java:1915)
java.lang.RuntimeException: Execution failed
	at ptolemy.moml.MoMLSimpleApplication$UnloadThread.run(MoMLSimpleApplication.java:402)
Caused by: ptolemy.kernel.util.IllegalActionException: Found a zero delay loop containing .HierarchicalModel.A
  in .HierarchicalModel and .HierarchicalModel.A
	at ptolemy.actor.util.CausalityInterfaceForComposites._computeOutputPortDepth(CausalityInterfaceForComposites.java:759)
	at ptolemy.actor.util.CausalityInterfaceForComposites._computeInputDepth(CausalityInterfaceForComposites.java:696)
	at ptolemy.actor.util.CausalityInterfaceForComposites._computeOutputPortDepth(CausalityInterfaceForComposites.java:765)
	at ptolemy.actor.util.CausalityInterfaceForComposites._computeInputDepth(CausalityInterfaceForComposites.java:696)
	at ptolemy.actor.util.CausalityInterfaceForComposites._computeOutputPortDepth(CausalityInterfaceForComposites.java:765)
	at ptolemy.actor.util.CausalityInterfaceForComposites._computeInputDepth(CausalityInterfaceForComposites.java:696)
	at ptolemy.actor.util.CausalityInterfaceForComposites._computeActorDepth(CausalityInterfaceForComposites.java:532)
	at ptolemy.actor.util.CausalityInterfaceForComposites.checkForCycles(CausalityInterfaceForComposites.java:96)
	at ptolemy.domains.de.kernel.DEDirector.preinitialize(DEDirector.java:1337)
	at ptolemy.actor.CompositeActor.preinitialize(CompositeActor.java:1828)
	at ptolemy.actor.Manager.preinitializeAndResolveTypes(Manager.java:1040)
	at ptolemy.actor.Manager.initialize(Manager.java:710)
	at ptolemy.actor.Manager.execute(Manager.java:356)
	at ptolemy.actor.Manager.run(Manager.java:1263)
	at ptolemy.actor.Manager$PtolemyRunThread.run(Manager.java:1915)
java.lang.RuntimeException: Execution failed
	at ptolemy.moml.MoMLSimpleApplication$UnloadThread.run(MoMLSimpleApplication.java:402)
Caused by: ptolemy.kernel.util.IllegalActionException: Test fails in iteration 1.
Value was: 1.0. Should have been: 2.0
  in .DirectFeedback.Test
	at ptolemy.actor.lib.Test.fire(Test.java:268)
	at ptolemy.domains.de.kernel.DEDirector._fire(DEDirector.java:1948)
	at ptolemy.domains.de.kernel.DEDirector.fire(DEDirector.java:502)
	at ptolemy.actor.CompositeActor.fire(CompositeActor.java:455)
	at ptolemy.actor.Manager.iterate(Manager.java:851)
	at ptolemy.actor.Manager.execute(Manager.java:369)
	at ptolemy.actor.Manager.run(Manager.java:1263)
	at ptolemy.actor.Manager$PtolemyRunThread.run(Manager.java:1915)
java.lang.RuntimeException: Execution failed
	at ptolemy.moml.MoMLSimpleApplication$UnloadThread.run(MoMLSimpleApplication.java:402)
Caused by: ptolemy.kernel.util.IllegalActionException: Actor is not ready to fire.  Perhaps UpSample.prefire() returned false? Try debugging the actor by selecting "Listen to Actor".  Also, for SDF check moml for tokenConsumptionRate on input.
  in .DESDFClockTest.Play Bell.Copy1:SDF Director and .DESDFClockTest.Play Bell.UpSample
	at ptolemy.actor.sched.StaticSchedulingDirector.fire(StaticSchedulingDirector.java:227)
	at ptolemy.domains.sdf.kernel.SDFDirector.fire(SDFDirector.java:500)
	at ptolemy.actor.CompositeActor.fire(CompositeActor.java:455)
	at ptolemy.domains.de.kernel.DEDirector._fire(DEDirector.java:1948)
	at ptolemy.domains.de.kernel.DEDirector.fire(DEDirector.java:502)
	at ptolemy.actor.CompositeActor.fire(CompositeActor.java:455)
	at ptolemy.actor.Manager.iterate(Manager.java:851)
	at ptolemy.actor.Manager.execute(Manager.java:369)
	at ptolemy.actor.Manager.run(Manager.java:1263)
	at ptolemy.actor.Manager$PtolemyRunThread.run(Manager.java:1915)
java.lang.reflect.InvocationTargetException
	at sun.reflect.NativeConstructorAccessorImpl.newInstance0(Native Method)
	at sun.reflect.NativeConstructorAccessorImpl.newInstance(NativeConstructorAccessorImpl.java:62)
	at sun.reflect.DelegatingConstructorAccessorImpl.newInstance(DelegatingConstructorAccessorImpl.java:45)
	at java.lang.reflect.Constructor.newInstance(Constructor.java:423)
	at ptolemy.util.test.junit.AutoKnownFailedTests.RunModel(AutoKnownFailedTests.java:107)
	at sun.reflect.NativeMethodAccessorImpl.invoke0(Native Method)
	at sun.reflect.NativeMethodAccessorImpl.invoke(NativeMethodAccessorImpl.java:62)
	at sun.reflect.DelegatingMethodAccessorImpl.invoke(DelegatingMethodAccessorImpl.java:43)
	at java.lang.reflect.Method.invoke(Method.java:498)
	at org.junit.runners.model.FrameworkMethod$1.runReflectiveCall(FrameworkMethod.java:44)
	at org.junit.internal.runners.model.ReflectiveCallable.run(ReflectiveCallable.java:15)
	at org.junit.runners.model.FrameworkMethod.invokeExplosively(FrameworkMethod.java:41)
	at junitparams.internal.InvokeParameterisedMethod.evaluate(InvokeParameterisedMethod.java:102)
	at org.junit.internal.runners.statements.FailOnTimeout$1.run(FailOnTimeout.java:28)
Caused by: ptolemy.kernel.util.IllegalActionException: Actor is not ready to fire.  Perhaps UpSample.prefire() returned false? Try debugging the actor by selecting "Listen to Actor".  Also, for SDF check moml for tokenConsumptionRate on input.
  in .DESDFClockTest.Play Bell.Copy1:SDF Director and .DESDFClockTest.Play Bell.UpSample
	at ptolemy.actor.sched.StaticSchedulingDirector.fire(StaticSchedulingDirector.java:227)
	at ptolemy.domains.sdf.kernel.SDFDirector.fire(SDFDirector.java:500)
	at ptolemy.actor.CompositeActor.fire(CompositeActor.java:455)
	at ptolemy.domains.de.kernel.DEDirector._fire(DEDirector.java:1948)
	at ptolemy.domains.de.kernel.DEDirector.fire(DEDirector.java:502)
	at ptolemy.actor.CompositeActor.fire(CompositeActor.java:455)
	at ptolemy.actor.Manager.iterate(Manager.java:851)
	at ptolemy.actor.Manager.execute(Manager.java:369)
	at ptolemy.actor.Manager.run(Manager.java:1263)
	at ptolemy.actor.Manager$PtolemyRunThread.run(Manager.java:1915)
java.lang.RuntimeException: Execution failed
	at ptolemy.moml.MoMLSimpleApplication$UnloadThread.run(MoMLSimpleApplication.java:402)
Caused by: ptolemy.kernel.util.IllegalActionException: Test fails in iteration 1.
Value was: 1.0. Should have been: 2.0
  in .DirectFeedback.Test
	at ptolemy.actor.lib.Test.fire(Test.java:268)
	at ptolemy.domains.de.kernel.DEDirector._fire(DEDirector.java:1948)
	at ptolemy.domains.de.kernel.DEDirector.fire(DEDirector.java:502)
	at ptolemy.actor.CompositeActor.fire(CompositeActor.java:455)
	at ptolemy.actor.Manager.iterate(Manager.java:851)
	at ptolemy.actor.Manager.execute(Manager.java:369)
	at ptolemy.actor.Manager.run(Manager.java:1263)
	at ptolemy.actor.Manager$PtolemyRunThread.run(Manager.java:1915)
java.lang.reflect.InvocationTargetException
	at sun.reflect.NativeConstructorAccessorImpl.newInstance0(Native Method)
	at sun.reflect.NativeConstructorAccessorImpl.newInstance(NativeConstructorAccessorImpl.java:62)
	at sun.reflect.DelegatingConstructorAccessorImpl.newInstance(DelegatingConstructorAccessorImpl.java:45)
	at java.lang.reflect.Constructor.newInstance(Constructor.java:423)
	at ptolemy.util.test.junit.AutoKnownFailedTests.RunModel(AutoKnownFailedTests.java:107)
	at sun.reflect.NativeMethodAccessorImpl.invoke0(Native Method)
	at sun.reflect.NativeMethodAccessorImpl.invoke(NativeMethodAccessorImpl.java:62)
	at sun.reflect.DelegatingMethodAccessorImpl.invoke(DelegatingMethodAccessorImpl.java:43)
	at java.lang.reflect.Method.invoke(Method.java:498)
	at org.junit.runners.model.FrameworkMethod$1.runReflectiveCall(FrameworkMethod.java:44)
	at org.junit.internal.runners.model.ReflectiveCallable.run(ReflectiveCallable.java:15)
	at org.junit.runners.model.FrameworkMethod.invokeExplosively(FrameworkMethod.java:41)
	at junitparams.internal.InvokeParameterisedMethod.evaluate(InvokeParameterisedMethod.java:102)
	at org.junit.internal.runners.statements.FailOnTimeout$1.run(FailOnTimeout.java:28)
Caused by: ptolemy.kernel.util.IllegalActionException: Test fails in iteration 1.
Value was: 1.0. Should have been: 2.0
  in .DirectFeedback.Test
	at ptolemy.actor.lib.Test.fire(Test.java:268)
	at ptolemy.domains.de.kernel.DEDirector._fire(DEDirector.java:1948)
	at ptolemy.domains.de.kernel.DEDirector.fire(DEDirector.java:502)
	at ptolemy.actor.CompositeActor.fire(CompositeActor.java:455)
	at ptolemy.actor.Manager.iterate(Manager.java:851)
	at ptolemy.actor.Manager.execute(Manager.java:369)
	at ptolemy.actor.Manager.run(Manager.java:1263)
	at ptolemy.actor.Manager$PtolemyRunThread.run(Manager.java:1915)
java.lang.RuntimeException: Execution failed
	at ptolemy.moml.MoMLSimpleApplication$UnloadThread.run(MoMLSimpleApplication.java:402)
Caused by: ptolemy.kernel.util.IllegalActionException: Found a zero delay loop containing .HierarchicalModel.A
  in .HierarchicalModel and .HierarchicalModel.A
	at ptolemy.actor.util.CausalityInterfaceForComposites._computeOutputPortDepth(CausalityInterfaceForComposites.java:759)
	at ptolemy.actor.util.CausalityInterfaceForComposites._computeInputDepth(CausalityInterfaceForComposites.java:696)
	at ptolemy.actor.util.CausalityInterfaceForComposites._computeOutputPortDepth(CausalityInterfaceForComposites.java:765)
	at ptolemy.actor.util.CausalityInterfaceForComposites._computeInputDepth(CausalityInterfaceForComposites.java:696)
	at ptolemy.actor.util.CausalityInterfaceForComposites._computeOutputPortDepth(CausalityInterfaceForComposites.java:765)
	at ptolemy.actor.util.CausalityInterfaceForComposites._computeInputDepth(CausalityInterfaceForComposites.java:696)
	at ptolemy.actor.util.CausalityInterfaceForComposites._computeActorDepth(CausalityInterfaceForComposites.java:532)
	at ptolemy.actor.util.CausalityInterfaceForComposites.checkForCycles(CausalityInterfaceForComposites.java:96)
	at ptolemy.domains.de.kernel.DEDirector.preinitialize(DEDirector.java:1337)
	at ptolemy.actor.CompositeActor.preinitialize(CompositeActor.java:1828)
	at ptolemy.actor.Manager.preinitializeAndResolveTypes(Manager.java:1040)
	at ptolemy.actor.Manager.initialize(Manager.java:710)
	at ptolemy.actor.Manager.execute(Manager.java:356)
	at ptolemy.actor.Manager.run(Manager.java:1263)
	at ptolemy.actor.Manager$PtolemyRunThread.run(Manager.java:1915)
java.lang.reflect.InvocationTargetException
	at sun.reflect.NativeConstructorAccessorImpl.newInstance0(Native Method)
	at sun.reflect.NativeConstructorAccessorImpl.newInstance(NativeConstructorAccessorImpl.java:62)
	at sun.reflect.DelegatingConstructorAccessorImpl.newInstance(DelegatingConstructorAccessorImpl.java:45)
	at java.lang.reflect.Constructor.newInstance(Constructor.java:423)
	at ptolemy.util.test.junit.AutoKnownFailedTests.RunModel(AutoKnownFailedTests.java:107)
	at sun.reflect.NativeMethodAccessorImpl.invoke0(Native Method)
	at sun.reflect.NativeMethodAccessorImpl.invoke(NativeMethodAccessorImpl.java:62)
	at sun.reflect.DelegatingMethodAccessorImpl.invoke(DelegatingMethodAccessorImpl.java:43)
	at java.lang.reflect.Method.invoke(Method.java:498)
	at org.junit.runners.model.FrameworkMethod$1.runReflectiveCall(FrameworkMethod.java:44)
	at org.junit.internal.runners.model.ReflectiveCallable.run(ReflectiveCallable.java:15)
	at org.junit.runners.model.FrameworkMethod.invokeExplosively(FrameworkMethod.java:41)
	at junitparams.internal.InvokeParameterisedMethod.evaluate(InvokeParameterisedMethod.java:102)
	at org.junit.internal.runners.statements.FailOnTimeout$1.run(FailOnTimeout.java:28)
Caused by: ptolemy.kernel.util.IllegalActionException: Found a zero delay loop containing .HierarchicalModel.A
  in .HierarchicalModel and .HierarchicalModel.A
	at ptolemy.actor.util.CausalityInterfaceForComposites._computeOutputPortDepth(CausalityInterfaceForComposites.java:759)
	at ptolemy.actor.util.CausalityInterfaceForComposites._computeInputDepth(CausalityInterfaceForComposites.java:696)
	at ptolemy.actor.util.CausalityInterfaceForComposites._computeOutputPortDepth(CausalityInterfaceForComposites.java:765)
	at ptolemy.actor.util.CausalityInterfaceForComposites._computeInputDepth(CausalityInterfaceForComposites.java:696)
	at ptolemy.actor.util.CausalityInterfaceForComposites._computeOutputPortDepth(CausalityInterfaceForComposites.java:765)
	at ptolemy.actor.util.CausalityInterfaceForComposites._computeInputDepth(CausalityInterfaceForComposites.java:696)
	at ptolemy.actor.util.CausalityInterfaceForComposites._computeActorDepth(CausalityInterfaceForComposites.java:532)
	at ptolemy.actor.util.CausalityInterfaceForComposites.checkForCycles(CausalityInterfaceForComposites.java:96)
	at ptolemy.domains.de.kernel.DEDirector.preinitialize(DEDirector.java:1337)
	at ptolemy.actor.CompositeActor.preinitialize(CompositeActor.java:1828)
	at ptolemy.actor.Manager.preinitializeAndResolveTypes(Manager.java:1040)
	at ptolemy.actor.Manager.initialize(Manager.java:710)
	at ptolemy.actor.Manager.execute(Manager.java:356)
	at ptolemy.actor.Manager.run(Manager.java:1263)
	at ptolemy.actor.Manager$PtolemyRunThread.run(Manager.java:1915)
java.lang.RuntimeException: Execution failed
	at ptolemy.moml.MoMLSimpleApplication$UnloadThread.run(MoMLSimpleApplication.java:402)
Caused by: ptolemy.kernel.util.IllegalActionException: Found a zero delay loop containing .dependencyLoop.original
  in .dependencyLoop and .dependencyLoop.original
	at ptolemy.actor.util.CausalityInterfaceForComposites._computeOutputPortDepth(CausalityInterfaceForComposites.java:759)
	at ptolemy.actor.util.CausalityInterfaceForComposites._computeInputDepth(CausalityInterfaceForComposites.java:696)
	at ptolemy.actor.util.CausalityInterfaceForComposites._computeOutputPortDepth(CausalityInterfaceForComposites.java:765)
	at ptolemy.actor.util.CausalityInterfaceForComposites._computeInputDepth(CausalityInterfaceForComposites.java:696)
	at ptolemy.actor.util.CausalityInterfaceForComposites._computeOutputPortDepth(CausalityInterfaceForComposites.java:765)
	at ptolemy.actor.util.CausalityInterfaceForComposites._computeInputDepth(CausalityInterfaceForComposites.java:696)
	at ptolemy.actor.util.CausalityInterfaceForComposites._computeActorDepth(CausalityInterfaceForComposites.java:532)
	at ptolemy.actor.util.CausalityInterfaceForComposites.checkForCycles(CausalityInterfaceForComposites.java:96)
	at ptolemy.domains.de.kernel.DEDirector.preinitialize(DEDirector.java:1337)
	at ptolemy.actor.CompositeActor.preinitialize(CompositeActor.java:1828)
	at ptolemy.actor.Manager.preinitializeAndResolveTypes(Manager.java:1040)
	at ptolemy.actor.Manager.initialize(Manager.java:710)
	at ptolemy.actor.Manager.execute(Manager.java:356)
	at ptolemy.actor.Manager.run(Manager.java:1263)
	at ptolemy.actor.Manager$PtolemyRunThread.run(Manager.java:1915)
java.lang.reflect.InvocationTargetException
	at sun.reflect.NativeConstructorAccessorImpl.newInstance0(Native Method)
	at sun.reflect.NativeConstructorAccessorImpl.newInstance(NativeConstructorAccessorImpl.java:62)
	at sun.reflect.DelegatingConstructorAccessorImpl.newInstance(DelegatingConstructorAccessorImpl.java:45)
	at java.lang.reflect.Constructor.newInstance(Constructor.java:423)
	at ptolemy.util.test.junit.AutoKnownFailedTests.RunModel(AutoKnownFailedTests.java:107)
	at sun.reflect.NativeMethodAccessorImpl.invoke0(Native Method)
	at sun.reflect.NativeMethodAccessorImpl.invoke(NativeMethodAccessorImpl.java:62)
	at sun.reflect.DelegatingMethodAccessorImpl.invoke(DelegatingMethodAccessorImpl.java:43)
	at java.lang.reflect.Method.invoke(Method.java:498)
	at org.junit.runners.model.FrameworkMethod$1.runReflectiveCall(FrameworkMethod.java:44)
	at org.junit.internal.runners.model.ReflectiveCallable.run(ReflectiveCallable.java:15)
	at org.junit.runners.model.FrameworkMethod.invokeExplosively(FrameworkMethod.java:41)
	at junitparams.internal.InvokeParameterisedMethod.evaluate(InvokeParameterisedMethod.java:102)
	at org.junit.internal.runners.statements.FailOnTimeout$1.run(FailOnTimeout.java:28)
Caused by: ptolemy.kernel.util.IllegalActionException: Found a zero delay loop containing .dependencyLoop.original
  in .dependencyLoop and .dependencyLoop.original
	at ptolemy.actor.util.CausalityInterfaceForComposites._computeOutputPortDepth(CausalityInterfaceForComposites.java:759)
	at ptolemy.actor.util.CausalityInterfaceForComposites._computeInputDepth(CausalityInterfaceForComposites.java:696)
	at ptolemy.actor.util.CausalityInterfaceForComposites._computeOutputPortDepth(CausalityInterfaceForComposites.java:765)
	at ptolemy.actor.util.CausalityInterfaceForComposites._computeInputDepth(CausalityInterfaceForComposites.java:696)
	at ptolemy.actor.util.CausalityInterfaceForComposites._computeOutputPortDepth(CausalityInterfaceForComposites.java:765)
	at ptolemy.actor.util.CausalityInterfaceForComposites._computeInputDepth(CausalityInterfaceForComposites.java:696)
	at ptolemy.actor.util.CausalityInterfaceForComposites._computeActorDepth(CausalityInterfaceForComposites.java:532)
	at ptolemy.actor.util.CausalityInterfaceForComposites.checkForCycles(CausalityInterfaceForComposites.java:96)
	at ptolemy.domains.de.kernel.DEDirector.preinitialize(DEDirector.java:1337)
	at ptolemy.actor.CompositeActor.preinitialize(CompositeActor.java:1828)
	at ptolemy.actor.Manager.preinitializeAndResolveTypes(Manager.java:1040)
	at ptolemy.actor.Manager.initialize(Manager.java:710)
	at ptolemy.actor.Manager.execute(Manager.java:356)
	at ptolemy.actor.Manager.run(Manager.java:1263)
	at ptolemy.actor.Manager$PtolemyRunThread.run(Manager.java:1915)
java.lang.RuntimeException: Execution failed
	at ptolemy.moml.MoMLSimpleApplication$UnloadThread.run(MoMLSimpleApplication.java:402)
Caused by: ptolemy.kernel.util.IllegalActionException: Found a zero delay loop containing .dependencyLoop2.original
  in .dependencyLoop2 and .dependencyLoop2.original
	at ptolemy.actor.util.CausalityInterfaceForComposites._computeOutputPortDepth(CausalityInterfaceForComposites.java:759)
	at ptolemy.actor.util.CausalityInterfaceForComposites._computeInputDepth(CausalityInterfaceForComposites.java:696)
	at ptolemy.actor.util.CausalityInterfaceForComposites._computeOutputPortDepth(CausalityInterfaceForComposites.java:765)
	at ptolemy.actor.util.CausalityInterfaceForComposites._computeInputDepth(CausalityInterfaceForComposites.java:696)
	at ptolemy.actor.util.CausalityInterfaceForComposites._computeOutputPortDepth(CausalityInterfaceForComposites.java:765)
	at ptolemy.actor.util.CausalityInterfaceForComposites._computeInputDepth(CausalityInterfaceForComposites.java:696)
	at ptolemy.actor.util.CausalityInterfaceForComposites._computeActorDepth(CausalityInterfaceForComposites.java:532)
	at ptolemy.actor.util.CausalityInterfaceForComposites.checkForCycles(CausalityInterfaceForComposites.java:96)
	at ptolemy.domains.de.kernel.DEDirector.preinitialize(DEDirector.java:1337)
	at ptolemy.actor.CompositeActor.preinitialize(CompositeActor.java:1828)
	at ptolemy.actor.Manager.preinitializeAndResolveTypes(Manager.java:1040)
	at ptolemy.actor.Manager.initialize(Manager.java:710)
	at ptolemy.actor.Manager.execute(Manager.java:356)
	at ptolemy.actor.Manager.run(Manager.java:1263)
	at ptolemy.actor.Manager$PtolemyRunThread.run(Manager.java:1915)
java.lang.reflect.InvocationTargetException
	at sun.reflect.NativeConstructorAccessorImpl.newInstance0(Native Method)
	at sun.reflect.NativeConstructorAccessorImpl.newInstance(NativeConstructorAccessorImpl.java:62)
	at sun.reflect.DelegatingConstructorAccessorImpl.newInstance(DelegatingConstructorAccessorImpl.java:45)
	at java.lang.reflect.Constructor.newInstance(Constructor.java:423)
	at ptolemy.util.test.junit.AutoKnownFailedTests.RunModel(AutoKnownFailedTests.java:107)
	at sun.reflect.NativeMethodAccessorImpl.invoke0(Native Method)
	at sun.reflect.NativeMethodAccessorImpl.invoke(NativeMethodAccessorImpl.java:62)
	at sun.reflect.DelegatingMethodAccessorImpl.invoke(DelegatingMethodAccessorImpl.java:43)
	at java.lang.reflect.Method.invoke(Method.java:498)
	at org.junit.runners.model.FrameworkMethod$1.runReflectiveCall(FrameworkMethod.java:44)
	at org.junit.internal.runners.model.ReflectiveCallable.run(ReflectiveCallable.java:15)
	at org.junit.runners.model.FrameworkMethod.invokeExplosively(FrameworkMethod.java:41)
	at junitparams.internal.InvokeParameterisedMethod.evaluate(InvokeParameterisedMethod.java:102)
	at org.junit.internal.runners.statements.FailOnTimeout$1.run(FailOnTimeout.java:28)
Caused by: ptolemy.kernel.util.IllegalActionException: Found a zero delay loop containing .dependencyLoop2.original
  in .dependencyLoop2 and .dependencyLoop2.original
	at ptolemy.actor.util.CausalityInterfaceForComposites._computeOutputPortDepth(CausalityInterfaceForComposites.java:759)
	at ptolemy.actor.util.CausalityInterfaceForComposites._computeInputDepth(CausalityInterfaceForComposites.java:696)
	at ptolemy.actor.util.CausalityInterfaceForComposites._computeOutputPortDepth(CausalityInterfaceForComposites.java:765)
	at ptolemy.actor.util.CausalityInterfaceForComposites._computeInputDepth(CausalityInterfaceForComposites.java:696)
	at ptolemy.actor.util.CausalityInterfaceForComposites._computeOutputPortDepth(CausalityInterfaceForComposites.java:765)
	at ptolemy.actor.util.CausalityInterfaceForComposites._computeInputDepth(CausalityInterfaceForComposites.java:696)
	at ptolemy.actor.util.CausalityInterfaceForComposites._computeActorDepth(CausalityInterfaceForComposites.java:532)
	at ptolemy.actor.util.CausalityInterfaceForComposites.checkForCycles(CausalityInterfaceForComposites.java:96)
	at ptolemy.domains.de.kernel.DEDirector.preinitialize(DEDirector.java:1337)
	at ptolemy.actor.CompositeActor.preinitialize(CompositeActor.java:1828)
	at ptolemy.actor.Manager.preinitializeAndResolveTypes(Manager.java:1040)
	at ptolemy.actor.Manager.initialize(Manager.java:710)
	at ptolemy.actor.Manager.execute(Manager.java:356)
	at ptolemy.actor.Manager.run(Manager.java:1263)
	at ptolemy.actor.Manager$PtolemyRunThread.run(Manager.java:1915)
]]></system-err>
</testsuite>
