<?xml version="1.0" encoding="UTF-8" ?>
<testsuite errors="0" failures="0" hostname="travis-job-448ba533-b225-4b80-af6d-87eb6f1236c3" name="ptolemy.actor.lib.jjs.test.junit.JUnitTclTest" skipped="0" tests="94" time="601.681" timestamp="2018-04-19T21:40:19">
  <properties>
    <property name="npm.executable" value="npm" />
    <property name="file.encoding.pkg" value="sun.io" />
    <property name="ptII.mk.exists" value="true" />
    <property name="env.rvm_bin_path" value="/home/travis/.rvm/bin" />
    <property name="java.home" value="/usr/lib/jvm/java-8-oracle/jre" />
    <property name="env.TRAVIS_JOB_NUMBER" value="280.5" />
    <property name="env.DISPLAY" value=":99.0" />
    <property name="java.net.preferIPv4Stack" value="true" />
    <property name="env.SSH_TTY" value="/dev/pts/0" />
    <property name="timeout.short" value="1000000" />
    <property name="env.TRAVIS_STACK_NODE_ATTRIBUTES" value="/.node-attributes.yml" />
    <property name="junit.formatter" value="xml" />
    <property name="java.endorsed.dirs" value="/usr/lib/jvm/java-8-oracle/jre/lib/endorsed" />
    <property name="env.TRAVIS_SUDO" value="true" />
    <property name="env.LOGNAME" value="travis" />
    <property name="jsdoc.home" value="node_modules/@terraswarm/jsdoc" />
    <property name="debuglevel" value="source,lines,vars" />
    <property name="checkstyle.formatter" value="xml" />
    <property name="bin.vergil.makeable" value="true" />
    <property name="env._system_version" value="14.04" />
    <property name="sun.os.patch.level" value="unknown" />
    <property name="java.vendor.url" value="http://java.oracle.com/" />
    <property name="java.version" value="1.8.0_151" />
    <property name="env.TZ" value="UTC" />
    <property name="env.PT_NO_NET" value="true" />
    <property name="env.TRAVIS_PULL_REQUEST_SHA" value="" />
    <property name="env.TRAVIS_SECURE_ENV_VARS" value="true" />
    <property name="env._system_type" value="Linux" />
    <property name="java.vendor.url.bug" value="http://bugreport.sun.com/bugreport/" />
    <property name="env.SSH_CLIENT" value="10.10.16.8 55158 22" />
    <property name="npmjs-org-is-up" value="true" />
    <property name="env.GEM_HOME" value="/home/travis/.rvm/gems/ruby-2.4.1" />
    <property name="env.HAS_ANTARES_THREE_LITTLE_FRONZIES_BADGE" value="true" />
    <property name="env.PS4" value="+" />
    <property name="ant.project.invoked-targets" value="build,test.capecode3.xml" />
    <property name="env.TRAVIS_PULL_REQUEST_BRANCH" value="" />
    <property name="env.TRAVIS_REPO_SLUG" value="icyphy/ptII" />
    <property name="env.PT_TRAVIS_TEST_CAPECODE3_XML" value="true" />
    <property name="node.in.path" value="true" />
    <property name="java.maxmemory" value="1400m" />
    <property name="env.RUBY_VERSION" value="ruby-2.4.1" />
    <property name="user.name" value="travis" />
    <property name="env.LANG" value="en_US.UTF-8" />
    <property name="sun.io.unicode.encoding" value="UnicodeLittle" />
    <property name="sun.jnu.encoding" value="UTF-8" />
    <property name="java.runtime.name" value="Java(TM) SE Runtime Environment" />
    <property name="usefile" value="false" />
    <property name="return.code" value="0" />
    <property name="junit.single.formatter" value="plain" />
    <property name="env.DYLD_LIBRARY_PATH" value="/home/travis/pthla/certi-tools/lib:" />
    <property name="env.DEBIAN_FRONTEND" value="noninteractive" />
    <property name="env.SSH_CONNECTION" value="10.10.16.8 55158 10.20.0.205 22" />
    <property name="env.MYSQL_UNIX_PORT" value="/var/run/mysqld/mysqld.sock" />
    <property name="env.TRAVIS_ALLOW_FAILURE" value="false" />
    <property name="env.LC_ALL" value="en_US.UTF-8" />
    <property name="java.specification.name" value="Java Platform API Specification" />
    <property name="node.works" value="true" />
    <property name="user.timezone" value="" />
    <property name="path.separator" value=":" />
    <property name="env.PYTHON_CFLAGS" value="-g -fstack-protector --param=ssp-buffer-size=4 -Wformat -Werror=format-security" />
    <property name="timeout.long" value="4000000" />
    <property name="env.CERTI_HOME" value="/home/travis/pthla/certi-tools" />
    <property name="file.encoding" value="UTF-8" />
    <property name="ant.file.ptII" value="/home/travis/build/icyphy/ptII/build.xml" />
    <property name="javadoc.packagenames" value="com.*,diva.*,lbnl.*,org.hlacerti.*,org.json.*,org.ptolemy.*,org.terraswarm.*,ptolemy.*,ptserver.*" />
    <property name="env.TRAVIS_PULL_REQUEST_SLUG" value="" />
    <property name="ant.project.default-target" value="build" />
    <property name="env.GIT_ASKPASS" value="echo" />
    <property name="env.HOME" value="/home/travis" />
    <property name="sun.java.command" value="org.apache.tools.ant.taskdefs.optional.junit.JUnitTestRunner ptolemy.actor.lib.jjs.test.junit.JUnitTclTest skipNonTests=false filtertrace=true haltOnError=false haltOnFailure=false formatter=org.apache.tools.ant.taskdefs.optional.junit.OutErrSummaryJUnitResultFormatter showoutput=true outputtoformatters=true logfailedtests=true threadid=0 logtestlistenerevents=false formatter=org.apache.tools.ant.taskdefs.optional.junit.XMLJUnitResultFormatter,/home/travis/build/icyphy/ptII/reports/junit/TEST-ptolemy.actor.lib.jjs.test.junit.JUnitTclTest.xml crashfile=/home/travis/build/icyphy/ptII/junitvmwatcher5736226075803716512.properties propsfile=/home/travis/build/icyphy/ptII/junit1322818569712211487.properties" />
    <property name="env.MANPATH" value="/home/travis/.nvm/versions/node/v7.10.1/share/man:/home/travis/.kiex/elixirs/elixir-1.4.5/man:/home/travis/.rvm/rubies/ruby-2.4.1/share/man:/usr/local/man:/usr/local/cmake-3.9.2/man:/usr/local/clang-5.0.0/share/man:/usr/local/share/man:/usr/share/man:/home/travis/.rvm/man" />
    <property name="env.COMPOSER_NO_INTERACTION" value="1" />
    <property name="env.JDK_SWITCHER_DEFAULT" value="oraclejdk8" />
    <property name="ant.file" value="/home/travis/build/icyphy/ptII/build.xml" />
    <property name="env.TRAVIS_COMMIT_RANGE" value="a93bee5f95d0...f407f8917684" />
    <property name="env._system_name" value="Ubuntu" />
    <property name="timeout" value="2400000" />
    <property name="ptII.classpath.optional.property" value="/home/travis/build/icyphy/ptII/lib/bsh-2.0b4.jar:/home/travis/build/icyphy/ptII/lib/ptCal.jar:/home/travis/build/icyphy/ptII/lib/java_cup.jar:/home/travis/build/icyphy/ptII/lib/saxon8.jar:/home/travis/build/icyphy/ptII/lib/saxon8-dom.jar:/home/travis/build/icyphy/ptII/lib/chic.jar:/home/travis/build/icyphy/ptII/lib/ptcolt.jar:/usr/lib/jvm/java-8-oracle/lib/tools.jar:/home/travis/build/icyphy/ptII/vendors/oracle/dbxml.jar:/home/travis/build/icyphy/ptII/vendors/oracle/db.jar:/home/travis/build/icyphy/ptII/vendors/misc/itext/iText.jar:/home/travis/build/icyphy/ptII/lib/g4ltl.jar:/home/travis/build/icyphy/ptII/lib/StructuralCoder.jar:/home/travis/build/icyphy/ptII/lib/org-openide-util.jar:/home/travis/build/icyphy/ptII/lib/org-openide-util-lookup.jar:/home/travis/build/icyphy/ptII/lib/org-netbeans-api-visual.jar:/home/travis/build/icyphy/ptII/vendors/jai-1_1_2_01/lib/jai_core.jar:/home/travis/build/icyphy/ptII/vendors/jai-1_1_2_01/lib/jai_codec.jar:/home/travis/build/icyphy/ptII/lib/jcerti.jar:/home/travis/build/icyphy/ptII/lib/smack.jar:/home/travis/build/icyphy/ptII/lib/smackx.jar:/home/travis/build/icyphy/ptII/lib/jetty-all-8.1.5-v20120716.jar:/home/travis/build/icyphy/ptII/lib/javax.servlet-api-3.0.1.jar:/home/travis/build/icyphy/ptII/lib/javax.mail.jar:/home/travis/build/icyphy/ptII/vendors/JMF-2.1.1e/lib/jmf.jar:/home/travis/build/icyphy/ptII/lib/jna-4.0.0-variadic.jar:/home/travis/build/icyphy/ptII/vendors/misc/joystick/Joystick.jar:/home/travis/build/icyphy/ptII/lib/ptjacl.jar:/home/travis/build/icyphy/ptII/lib/jsoup-1.8.2.jar:/home/travis/build/icyphy/ptII/lib/junit-4.8.2.jar:/home/travis/build/icyphy/ptII/lib/JUnitParams-0.4.0.jar:/home/travis/build/icyphy/ptII/ptolemy/actor/lib/excel/jxl.jar:/home/travis/build/icyphy/ptII/lib/jython.jar:/home/travis/build/icyphy/ptII/lib/kieler.jar:/home/travis/build/icyphy/ptII/vendors/opencv/share/OpenCV/java/opencv-341.jar:/home/travis/build/icyphy/ptII/lib/oscP5.jar:/home/travis/build/icyphy/ptII/lib/nrjavaserial-3.11.0.devel.jar:/home/travis/build/icyphy/ptII/ptolemy/distributed/jini/jar/jini-core.jar:/home/travis/build/icyphy/ptII/ptolemy/distributed/jini/jar/jini-ext.jar:/home/travis/build/icyphy/ptII/ptolemy/distributed/jini/jar/sun-util.jar:/home/travis/build/icyphy/ptII/lib/protobuf-java-2.4.1.jar:/home/travis/build/icyphy/ptII/lib/org.eclipse.paho.client.mqttv3.jar:/home/travis/build/icyphy/ptII/ptserver/lib/hessian-4.0.7.jar:/home/travis/build/icyphy/ptII/ptserver/lib/wmqtt.jar:/home/travis/build/icyphy/ptII/lib/mapss.jar:/home/travis/build/icyphy/ptII/ptolemy/actor/ptalon/antlr/antlr.jar:/home/travis/build/icyphy/ptII/lib/JRI.jar:/home/travis/build/icyphy/ptII/lib/commons-lang-2.6.jar:/home/travis/build/icyphy/ptII/lib/commons-logging-1.1.1.jar:/home/travis/build/icyphy/ptII/lib/sootclasses.jar:/home/travis/build/icyphy/ptII/ptolemy/actor/lib/database/mysql-connector-java-5.1.6-bin.jar:/home/travis/build/icyphy/ptII/vendors/misc/sphinx4/sphinx4-data-5prealpha.jar:/home/travis/build/icyphy/ptII/vendors/misc/sphinx4/sphinx4-core-5prealpha.jar:/home/travis/build/icyphy/ptII/lib/PDFRenderer.jar:/home/travis/build/icyphy/ptII/lib/svgSalamander.jar:/home/travis/build/icyphy/ptII/lib/rsyntaxtextarea-2.6.0-SNAPSHOT.jar:/home/travis/build/icyphy/ptII/lib/hazelcast-3.8.2.jar:/home/travis/build/icyphy/ptII/lib/jackson-annotations-2.9.0.jar:/home/travis/build/icyphy/ptII/lib/jackson-core-2.9.3.jar:/home/travis/build/icyphy/ptII/lib/jackson-databind-2.9.3.jar:/home/travis/build/icyphy/ptII/lib/netty-buffer-4.1.19.Final.jar:/home/travis/build/icyphy/ptII/lib/netty-codec-4.1.19.Final.jar:/home/travis/build/icyphy/ptII/lib/netty-codec-dns-4.1.19.Final.jar:/home/travis/build/icyphy/ptII/lib/netty-codec-http-4.1.19.Final.jar:/home/travis/build/icyphy/ptII/lib/netty-codec-http2-4.1.19.Final.jar:/home/travis/build/icyphy/ptII/lib/netty-common-4.1.19.Final.jar:/home/travis/build/icyphy/ptII/lib/netty-handler-4.1.19.Final.jar:/home/travis/build/icyphy/ptII/lib/netty-resolver-4.1.19.Final.jar:/home/travis/build/icyphy/ptII/lib/netty-resolver-dns-4.1.19.Final.jar:/home/travis/build/icyphy/ptII/lib/netty-transport-4.1.19.Final.jar:/home/travis/build/icyphy/ptII/lib/vertx-codegen-3.5.1.jar:/home/travis/build/icyphy/ptII/lib/vertx-core-3.5.1.jar:/home/travis/build/icyphy/ptII/lib/vertx-hazelcast-3.5.1.jar:/home/travis/build/icyphy/ptII/lib/vertx-lang-js-3.5.1.jar:/home/travis/build/icyphy/ptII/lib/vertx-service-proxy-3.5.1.jar:/home/travis/build/icyphy/ptII/lib/vertx-web-3.5.1.jar:/home/travis/build/icyphy/ptII/lib/slf4j-api-1.7.13.jar:/home/travis/build/icyphy/ptII/lib/slf4j-simple-1.7.13.jar:/home/travis/build/icyphy/ptII/lib/webcam-capture-0.3.12.jar:/home/travis/build/icyphy/ptII/lib/bridj-0.7.0.jar:/home/travis/build/icyphy/ptII/lib/xbjlib-1.1.0.nrjavaserial.jar" />
    <property name="test.batch" value="**/junit/*.java" />
    <property name="env._" value="/usr/bin/timeout" />
    <property name="java.io.tmpdir" value="/tmp" />
    <property name="user.language" value="en" />
    <property name="env.HISTCONTROL" value="ignoredups:ignorespace" />
    <property name="env.GOROOT" value="/home/travis/.gimme/versions/go1.7.4.linux.amd64" />
    <property name="line.separator" value="&#xa;" />
    <property name="target" value="1.8" />
    <property name="env.TRAVIS_BUILD_DIR" value="/home/travis/build/icyphy/ptII" />
    <property name="env.ANT_OPTS" value="-Xmx1024m" />
    <property name="ant.file.type" value="file" />
    <property name="ptolemy.ptII.batchMode" value="true" />
    <property name="env.HISTSIZE" value="1000" />
    <property name="env.MERB_ENV" value="test" />
    <property name="java.vm.info" value="mixed mode" />
    <property name="source" value="1.8" />
    <property name="java.vm.specification.name" value="Java Virtual Machine Specification" />
    <property name="env.TRAVIS_TEST_RESULT" value="0" />
    <property name="jsdoc.command" value="node_modules/@terraswarm/jsdoc/jsdoc.js" />
    <property name="npm.works" value="true" />
    <property name="cobertura.dir" value="/home/travis/build/icyphy/ptII/vendors/cobertura-2.0.3" />
    <property name="env.rvm_path" value="/home/travis/.rvm" />
    <property name="env.GEM_PATH" value="/home/travis/.rvm/gems/ruby-2.4.1:/home/travis/.rvm/gems/ruby-2.4.1@global" />
    <property name="env.LC_CTYPE" value="en_US.UTF-8" />
    <property name="java.awt.printerjob" value="sun.print.PSPrinterJob" />
    <property name="env.TRAVIS_STACK_NAME" value="garnet" />
    <property name="ant.version" value="Apache Ant(TM) version 1.10.1 compiled on February 2 2017" />
    <property name="ptII.reports" value="/home/travis/build/icyphy/ptII/reports" />
    <property name="env.TRAVIS_STACK_TIMESTAMP" value="2017-12-05 19:33:09 UTC" />
    <property name="ant.file.type.ptII" value="file" />
    <property name="env.RBENV_SHELL" value="bash" />
    <property name="os.name" value="Linux" />
    <property name="java.specification.vendor" value="Oracle Corporation" />
    <property name="env.rvm_version" value="1.29.3 (latest)" />
    <property name="env.TERM" value="xterm" />
    <property name="java.vm.name" value="Java HotSpot(TM) 64-Bit Server VM" />
    <property name="env.TRAVIS_BUILD_NUMBER" value="280" />
    <property name="env.CI" value="true" />
    <property name="java.library.path" value="/home/travis/pthla/certi-tools/lib:/usr/lib/jni:/usr/local/share/OpenCV/java/:/usr/share/OpenCV/java::/usr/java/packages/lib/amd64:/usr/lib64:/lib64:/lib:/usr/lib" />
    <property name="env.rvm_prefix" value="/home/travis" />
    <property name="env.PATH" value="/home/travis/pthla/certi-tools/share/scripts:/home/travis/.rvm/gems/ruby-2.4.1/bin:/home/travis/.rvm/gems/ruby-2.4.1@global/bin:/home/travis/.rvm/rubies/ruby-2.4.1/bin:/home/travis/.rvm/bin:/home/travis/.nvm/versions/node/v7.10.1/bin:./node_modules/.bin:/home/travis/build/icyphy/ptII/bin:/home/travis/pthla/certi-tools/bin:/home/travis/bin:/home/travis/.local/bin:/opt/pyenv/shims:/home/travis/.phpenv/shims:/home/travis/perl5/perlbrew/bin:/home/travis/.kiex/elixirs/elixir-1.4.5/bin:/home/travis/.kiex/bin:/home/travis/gopath/bin:/home/travis/.gimme/versions/go1.7.4.linux.amd64/bin:/usr/local/phantomjs/bin:/usr/local/phantomjs:/usr/local/neo4j-3.2.7/bin:/usr/local/maven-3.5.2/bin:/usr/local/cmake-3.9.2/bin:/usr/local/clang-5.0.0/bin:/usr/local/sbin:/usr/local/bin:/usr/sbin:/usr/bin:/sbin:/bin:/home/travis/.phpenv/bin:/opt/pyenv/bin:/home/travis/.yarn/bin" />
    <property name="env.TRAVIS_OS_NAME" value="linux" />
    <property name="ant.java.version" value="1.8" />
    <property name="basedir" value="/home/travis/build/icyphy/ptII" />
    <property name="java.class.version" value="52.0" />
    <property name="env.SHLVL" value="3" />
    <property name="env.LD_LIBRARY_PATH" value="/home/travis/pthla/certi-tools/lib:/usr/lib/jni:/usr/local/share/OpenCV/java/:/usr/share/OpenCV/java:" />
    <property name="env.RACK_ENV" value="test" />
    <property name="ant.home" value="/home/travis/build/icyphy/ptII/ant" />
    <property name="env.NVM_DIR" value="/home/travis/.nvm" />
    <property name="env.PERLBREW_BASHRC_VERSION" value="0.80" />
    <property name="env.CERTI_FOM_PATH" value="/home/travis/pthla/certi-tools/share/federations" />
    <property name="env.TRAVIS_BUILD_ID" value="368856345" />
    <property name="env.PYENV_ROOT" value="/opt/pyenv" />
    <property name="env.TRAVIS_UID" value="2000" />
    <property name="env.rvm_pretty_print_flag" value="auto" />
    <property name="env.NVM_BIN" value="/home/travis/.nvm/versions/node/v7.10.1/bin" />
    <property name="env.TRAVIS_COMMIT" value="f407f8917684d7c94b9eeb5c205c6f761e16a276" />
    <property name="env._system_arch" value="x86_64" />
    <property name="node.executable" value="node" />
    <property name="sun.boot.library.path" value="/usr/lib/jvm/java-8-oracle/jre/lib/amd64" />
    <property name="sun.management.compiler" value="HotSpot 64-Bit Tiered Compilers" />
    <property name="java.awt.graphicsenv" value="sun.awt.X11GraphicsEnvironment" />
    <property name="env.GOPATH" value="/home/travis/gopath" />
    <property name="ptolemy.ptII.dir" value="/home/travis/build/icyphy/ptII" />
    <property name="env.USER" value="travis" />
    <property name="env.HISTFILESIZE" value="2000" />
    <property name="timeout.longest" value="19000000" />
    <property name="env.TRAVIS_STACK_FEATURES" value="basic cassandra chromium couchdb disabled-ipv6 docker docker-compose elasticsearch firefox go-toolchain google-chrome jdk memcached mongodb mysql neo4j nodejs_interpreter perl_interpreter perlbrew phantomjs postgresql python_interpreter rabbitmq redis riak ruby_interpreter sqlite xserver" />
    <property name="env.TRAVIS_PULL_REQUEST" value="false" />
    <property name="env.PYENV_SHELL" value="bash" />
    <property name="ant.project.name" value="ptII" />
    <property name="java.vm.specification.version" value="1.8" />
    <property name="env.CERTI_VERSION" value="4.0.0" />
    <property name="env.NLSPATH" value="/usr/dt/lib/nls/msg/%L/%N.cat" />
    <property name="env.CERTI_HOST" value="localhost" />
    <property name="awt.toolkit" value="sun.awt.X11.XToolkit" />
    <property name="env.MY_RUBY_HOME" value="/home/travis/.rvm/rubies/ruby-2.4.1" />
    <property name="sun.cpu.isalist" value="" />
    <property name="java.ext.dirs" value="/usr/lib/jvm/java-8-oracle/jre/lib/ext:/usr/java/packages/lib/ext" />
    <property name="os.version" value="4.4.0-101-generic" />
    <property name="user.home" value="/home/travis" />
    <property name="env.MIX_ARCHIVES" value="/home/travis/.kiex/mix/elixir-1.4.5" />
    <property name="java.vm.vendor" value="Oracle Corporation" />
    <property name="env.TRAVIS_TAG" value="nightly" />
    <property name="env.TRAVIS_FILTERED" value="redirect_io" />
    <property name="env.JAVA_HOME" value="/usr/lib/jvm/java-8-oracle" />
    <property name="javadoc.excludepackagenames" value="adm.cvs2svn.*,build.*,config.*,doc.coding.templates.*,jni.test.jni.meaningOfLife.*,jni.test.jni.testDeux.*,jni.test.jni.testTrois.*,org.terraswarm.accessor.accessors.web.node_modules.*,org.terraswarm.accessor.accessors.web.hosts.cordova.demo.*,org.terraswarm.accessor.accessors.web.hosts.cordova.plugins.*,org.terraswarm.accessor.accessors-svn.*,pt-modules.*,ptolemy.apps.agilent.*,ptolemy.apps.anytimecontrol.*,ptolemy.apps.apes.*,ptolemy.apps.charon.*,ptolemy.apps.crazyboard.*,ptolemy.apps.eclipse.*,ptolemy.apps.etherealSting.*,ptolemy.apps.fullscreen.*,ptolemy.apps.giotto.*,ptolemy.apps.ia.*,ptolemy.apps.interfaces.*,ptolemy.apps.jmf.*,ptolemy.apps.kurt.*,ptolemy.apps.kvm.*,ptolemy.apps.lego.*,ptolemy.apps.lejos.*,ptolemy.apps.midp.*,ptolemy.apps.mobileCoding.*,ptolemy.apps.pendulum.*,ptolemy.apps.rijndael.*,ptolemy.apps.robot.*,ptolemy.apps.security.*,ptolemy.apps.sobel.*,ptolemy.apps.soot.*,ptolemy.apps.throttle.*,ptolemy.apps.tini.*,ptolemy.apps.transmission.*,ptolemy.apps.vergil.*,ptolemy.apps.waba.*,ptolemy.apps.websensor.*,ptolemy.apps.webstart.*,ptolemy.apps.xsl.*,ptolemy.apps.zaurus.*,ptolemy.backtrack.eclipse.plugin.*,ptolemy.backtrack.test.*,ptolemy.codegen.c.actor.lib.oldJavaFiles.*,ptolemy.codegen.dsp.lib.*,ptolemy.codegen.kernel.newInterfaces.*,ptolemy.codegen.lib.*,ptolemy.copernicus.kernel.fragment.*,ptolemy.copernicus.shallow.cg.*,ptolemy.domains.giotto.demo.Hierarchy.Hierarchy.*,ptolemy.domains.giotto.demo.Multimode.Multimode.*,ptolemy.domains.giotto.demo.Simple.Simple.*,ptolemy.domains.gr.lib.experimental.*,ptolemy.domains.gro.*,ptolemy.domains.pdf.*,ptolemy.domains.ptinyos.demo.Surge.output.*,ptolemy.moml.test.NoPackageActor.java*,ptolemy.plot.adm.*,ptolemy.plot.servlet.*,reports.*,signed.*,src.*,target.*,vendors.*,ptolemy.copernicus.applet.*,ptolemy.media.viewer.*,ptolemy.apps.eclipse.awt.*,ptolemy.backtrack.*,ptolemy.backtrack.ast.*,ptolemy.cg.adapter.generic.program.procedural.c.mbed*,ptolemy.domains.gr.*,ptolemy.matlab.*,ptolemy.actor.lib.fmi.fmus.omc*,ptolemy.domains.openmodelica*,ptdb.kernel.bl.save.test.*,ptdb.kernel.bl.load.test.*,ptdb.kernel.bl.search.test.*,ptdb.kernel.bl.migration.test.*,ptdb.kernel.database.test.*,ptdb.test.*,ptdb.gui.test.*,org.ptolemy.scala.*,diva.util.java2d.svg.*,ptolemy.domains.ptinyos.*,ptolemy.actor.lib.fmi.fmipp.*,,org.terraswarm.accessor.accessors.web.node_modules.*,org.terraswarm.accessor.accessors-svn,ptolemy.actor.ptalon.demo.ptinyos.SendAndReceiveCnt.output,ptolemy.actor.ptalon.demo.ptinyos.SenseToLeds.output,ptolemy.domains.ptinyos.demo.CntToLedsAndRfm.output,ptolemy.domains.ptinyos.demo.RfmToLeds.output,ptolemy.domains.ptinyos.demo.SendAndReceiveCnt.output,ptolemy.domains.ptinyos.demo.SenseToLeds.output" />
    <property name="env.PTII" value="/home/travis/build/icyphy/ptII" />
    <property name="env.TRAVIS_COMMIT_MESSAGE" value="Master files changed" />
    <property name="keystore" value="ptKeystore" />
    <property name="env.XDG_SESSION_ID" value="2" />
    <property name="junit.output.dir" value="/home/travis/build/icyphy/ptII/reports/junit" />
    <property name="npm.return.code" value="0" />
    <property name="user.dir" value="/home/travis/build/icyphy/ptII/ptolemy/actor/lib/jjs/test" />
    <property name="env.XFILESEARCHPATH" value="/usr/dt/app-defaults/%L/Dt" />
    <property name="env.TRAVIS_NODE_VERSION" value="7" />
    <property name="env.TRAVIS_EVENT_TYPE" value="push" />
    <property name="env.MAIL" value="/var/mail/travis" />
    <property name="env.PWD" value="/home/travis/build/icyphy/ptII" />
    <property name="env.PERLBREW_ROOT" value="/home/travis/perl5/perlbrew" />
    <property name="timeout.npm" value="45000" />
    <property name="sun.cpu.endian" value="little" />
    <property name="env.PAGER" value="cat" />
    <property name="env.TRAVIS_BUILD_STAGE_NAME" value="" />
    <property name="env.PERLBREW_HOME" value="/home/travis/.perlbrew" />
    <property name="java.vm.version" value="25.151-b12" />
    <property name="env.RAILS_ENV" value="test" />
    <property name="java.class.path" value="/home/travis/build/icyphy/ptII:/home/travis/build/icyphy/ptII/lib/bsh-2.0b4.jar:/home/travis/build/icyphy/ptII/lib/ptCal.jar:/home/travis/build/icyphy/ptII/lib/java_cup.jar:/home/travis/build/icyphy/ptII/lib/saxon8.jar:/home/travis/build/icyphy/ptII/lib/saxon8-dom.jar:/home/travis/build/icyphy/ptII/lib/chic.jar:/home/travis/build/icyphy/ptII/lib/ptcolt.jar:/usr/lib/jvm/java-8-oracle/lib/tools.jar:/home/travis/build/icyphy/ptII/vendors/oracle/dbxml.jar:/home/travis/build/icyphy/ptII/vendors/oracle/db.jar:/home/travis/build/icyphy/ptII/vendors/misc/itext/iText.jar:/home/travis/build/icyphy/ptII/lib/g4ltl.jar:/home/travis/build/icyphy/ptII/lib/StructuralCoder.jar:/home/travis/build/icyphy/ptII/lib/org-openide-util.jar:/home/travis/build/icyphy/ptII/lib/org-openide-util-lookup.jar:/home/travis/build/icyphy/ptII/lib/org-netbeans-api-visual.jar:/home/travis/build/icyphy/ptII/vendors/jai-1_1_2_01/lib/jai_core.jar:/home/travis/build/icyphy/ptII/vendors/jai-1_1_2_01/lib/jai_codec.jar:/home/travis/build/icyphy/ptII/lib/jcerti.jar:/home/travis/build/icyphy/ptII/lib/smack.jar:/home/travis/build/icyphy/ptII/lib/smackx.jar:/home/travis/build/icyphy/ptII/lib/jetty-all-8.1.5-v20120716.jar:/home/travis/build/icyphy/ptII/lib/javax.servlet-api-3.0.1.jar:/home/travis/build/icyphy/ptII/lib/javax.mail.jar:/home/travis/build/icyphy/ptII/vendors/JMF-2.1.1e/lib/jmf.jar:/home/travis/build/icyphy/ptII/lib/jna-4.0.0-variadic.jar:/home/travis/build/icyphy/ptII/vendors/misc/joystick/Joystick.jar:/home/travis/build/icyphy/ptII/lib/ptjacl.jar:/home/travis/build/icyphy/ptII/lib/jsoup-1.8.2.jar:/home/travis/build/icyphy/ptII/lib/junit-4.8.2.jar:/home/travis/build/icyphy/ptII/lib/JUnitParams-0.4.0.jar:/home/travis/build/icyphy/ptII/ptolemy/actor/lib/excel/jxl.jar:/home/travis/build/icyphy/ptII/lib/jython.jar:/home/travis/build/icyphy/ptII/lib/kieler.jar:/home/travis/build/icyphy/ptII/vendors/opencv/share/OpenCV/java/opencv-341.jar:/home/travis/build/icyphy/ptII/lib/oscP5.jar:/home/travis/build/icyphy/ptII/lib/nrjavaserial-3.11.0.devel.jar:/home/travis/build/icyphy/ptII/ptolemy/distributed/jini/jar/jini-core.jar:/home/travis/build/icyphy/ptII/ptolemy/distributed/jini/jar/jini-ext.jar:/home/travis/build/icyphy/ptII/ptolemy/distributed/jini/jar/sun-util.jar:/home/travis/build/icyphy/ptII/lib/protobuf-java-2.4.1.jar:/home/travis/build/icyphy/ptII/lib/org.eclipse.paho.client.mqttv3.jar:/home/travis/build/icyphy/ptII/ptserver/lib/hessian-4.0.7.jar:/home/travis/build/icyphy/ptII/ptserver/lib/wmqtt.jar:/home/travis/build/icyphy/ptII/lib/mapss.jar:/home/travis/build/icyphy/ptII/ptolemy/actor/ptalon/antlr/antlr.jar:/home/travis/build/icyphy/ptII/lib/JRI.jar:/home/travis/build/icyphy/ptII/lib/commons-lang-2.6.jar:/home/travis/build/icyphy/ptII/lib/commons-logging-1.1.1.jar:/home/travis/build/icyphy/ptII/lib/sootclasses.jar:/home/travis/build/icyphy/ptII/ptolemy/actor/lib/database/mysql-connector-java-5.1.6-bin.jar:/home/travis/build/icyphy/ptII/vendors/misc/sphinx4/sphinx4-data-5prealpha.jar:/home/travis/build/icyphy/ptII/vendors/misc/sphinx4/sphinx4-core-5prealpha.jar:/home/travis/build/icyphy/ptII/lib/PDFRenderer.jar:/home/travis/build/icyphy/ptII/lib/svgSalamander.jar:/home/travis/build/icyphy/ptII/lib/rsyntaxtextarea-2.6.0-SNAPSHOT.jar:/home/travis/build/icyphy/ptII/lib/hazelcast-3.8.2.jar:/home/travis/build/icyphy/ptII/lib/jackson-annotations-2.9.0.jar:/home/travis/build/icyphy/ptII/lib/jackson-core-2.9.3.jar:/home/travis/build/icyphy/ptII/lib/jackson-databind-2.9.3.jar:/home/travis/build/icyphy/ptII/lib/netty-buffer-4.1.19.Final.jar:/home/travis/build/icyphy/ptII/lib/netty-codec-4.1.19.Final.jar:/home/travis/build/icyphy/ptII/lib/netty-codec-dns-4.1.19.Final.jar:/home/travis/build/icyphy/ptII/lib/netty-codec-http-4.1.19.Final.jar:/home/travis/build/icyphy/ptII/lib/netty-codec-http2-4.1.19.Final.jar:/home/travis/build/icyphy/ptII/lib/netty-common-4.1.19.Final.jar:/home/travis/build/icyphy/ptII/lib/netty-handler-4.1.19.Final.jar:/home/travis/build/icyphy/ptII/lib/netty-resolver-4.1.19.Final.jar:/home/travis/build/icyphy/ptII/lib/netty-resolver-dns-4.1.19.Final.jar:/home/travis/build/icyphy/ptII/lib/netty-transport-4.1.19.Final.jar:/home/travis/build/icyphy/ptII/lib/vertx-codegen-3.5.1.jar:/home/travis/build/icyphy/ptII/lib/vertx-core-3.5.1.jar:/home/travis/build/icyphy/ptII/lib/vertx-hazelcast-3.5.1.jar:/home/travis/build/icyphy/ptII/lib/vertx-lang-js-3.5.1.jar:/home/travis/build/icyphy/ptII/lib/vertx-service-proxy-3.5.1.jar:/home/travis/build/icyphy/ptII/lib/vertx-web-3.5.1.jar:/home/travis/build/icyphy/ptII/lib/slf4j-api-1.7.13.jar:/home/travis/build/icyphy/ptII/lib/slf4j-simple-1.7.13.jar:/home/travis/build/icyphy/ptII/lib/webcam-capture-0.3.12.jar:/home/travis/build/icyphy/ptII/lib/bridj-0.7.0.jar:/home/travis/build/icyphy/ptII/lib/xbjlib-1.1.0.nrjavaserial.jar:/home/travis/build/icyphy/ptII/ptolemy/moml/test:/home/travis/build/icyphy/ptII/ant/lib/ant-launcher.jar:/home/travis/build/icyphy/ptII/ant/lib/ant.jar:/home/travis/build/icyphy/ptII/ant/lib/ant-junit.jar:/home/travis/build/icyphy/ptII/ant/lib/ant-junit4.jar" />
    <property name="ant.library.dir" value="/home/travis/build/icyphy/ptII/ant/lib" />
    <property name="os.arch" value="amd64" />
    <property name="env.TRAVIS_LANGUAGE" value="node_js" />
    <property name="env.CONTINUOUS_INTEGRATION" value="true" />
    <property name="env.TRAVIS_STACK_LANGUAGES" value="__garnet__ c c++ clojure cplusplus cpp default go groovy java node_js php pure_java python ruby scala" />
    <property name="test.name" value="ptolemy.actor.lib.test.junit.JUnitTclTest" />
    <property name="sun.java.launcher" value="SUN_STANDARD" />
    <property name="env.PYTHON_CONFIGURE_OPTS" value="--enable-unicode=ucs4 --with-wide-unicode --enable-shared --enable-ipv6 --enable-loadable-sqlite-extensions --with-computed-gotos" />
    <property name="ant.core.lib" value="/home/travis/build/icyphy/ptII/ant/lib/ant.jar" />
    <property name="java.vm.specification.vendor" value="Oracle Corporation" />
    <property name="env.BCVTB_HOME" value="/home/travis/build/icyphy/ptII/lbnl" />
    <property name="file.separator" value="/" />
    <property name="java.runtime.version" value="1.8.0_151-b12" />
    <property name="spotbugs.home" value="/home/travis/build/icyphy/ptII/vendors/spotbugs-3.1.1" />
    <property name="sun.boot.class.path" value="/usr/lib/jvm/java-8-oracle/jre/lib/resources.jar:/usr/lib/jvm/java-8-oracle/jre/lib/rt.jar:/usr/lib/jvm/java-8-oracle/jre/lib/sunrsasign.jar:/usr/lib/jvm/java-8-oracle/jre/lib/jsse.jar:/usr/lib/jvm/java-8-oracle/jre/lib/jce.jar:/usr/lib/jvm/java-8-oracle/jre/lib/charsets.jar:/usr/lib/jvm/java-8-oracle/jre/lib/jfr.jar:/usr/lib/jvm/java-8-oracle/jre/classes" />
    <property name="env.HAS_JOSH_K_SEAL_OF_APPROVAL" value="true" />
    <property name="env.TRAVIS_OSX_IMAGE" value="" />
    <property name="env.XDG_RUNTIME_DIR" value="/run/user/2000" />
    <property name="env.TRAVIS_BRANCH" value="master" />
    <property name="env.TRAVIS_JOB_ID" value="368856350" />
    <property name="user.country" value="US" />
    <property name="env.CERTI_HOME_TRAVIS" value="/home/travis/pthla/certi-tools" />
    <property name="env.SHELL" value="/bin/bash" />
    <property name="java.maxmemory.large" value="8000m" />
    <property name="model" value="" />
    <property name="env.CASHER_DIR" value="/home/travis/.casher" />
    <property name="env.NVM_CD_FLAGS" value="" />
    <property name="jshint.executable" value="/home/travis/node_modules/jshint/bin/jshint" />
    <property name="java.vendor" value="Oracle Corporation" />
    <property name="env.JRUBY_OPTS" value=" --client -J-XX:+TieredCompilation -J-XX:TieredStopAtLevel=1 -J-Xss2m -Xcompile.invokedynamic=false" />
    <property name="env.TRAVIS_PRE_CHEF_BOOTSTRAP_TIME" value="2017-12-05T19:32:55" />
    <property name="env.ELIXIR_VERSION" value="1.4.5" />
    <property name="env.TRAVIS_STACK_JOB_BOARD_REGISTER" value="/.job-board-register.yml" />
    <property name="java.specification.version" value="1.8" />
    <property name="env.TRAVIS" value="true" />
    <property name="env.IRBRC" value="/home/travis/.rvm/rubies/ruby-2.4.1/.irbrc" />
    <property name="sun.arch.data.model" value="64" />
  </properties>
  <testcase classname="ptolemy.util.test.junit.TclTests" name="[0] /home/travis/build/icyphy/ptII/ptolemy/actor/lib/jjs/test/NashornAccessorHostApplication.tcl (RunTclFile)" time="0.156" />
  <testcase classname="ptolemy.util.test.junit.AutoKnownFailedTests" name="[0] ThereAreNoKnowFailedTests (RunModel)" time="0.001" />
  <testcase classname="ptolemy.util.test.junit.AutoNameArchTests" name="[0] ThereAreNoAutoTests (RunModel)" time="0.001" />
  <testcase classname="ptolemy.util.test.junit.AutoTests" name="[0] /home/travis/build/icyphy/ptII/ptolemy/actor/lib/jjs/test/auto/InputHandlers1.xml (RunModel)" time="10.035" />
  <testcase classname="ptolemy.util.test.junit.AutoTests" name="[1] /home/travis/build/icyphy/ptII/ptolemy/actor/lib/jjs/test/auto/InputHandlers2.xml (RunModel)" time="7.254" />
  <testcase classname="ptolemy.util.test.junit.AutoTests" name="[2] /home/travis/build/icyphy/ptII/ptolemy/actor/lib/jjs/test/auto/JSParameter1.xml (RunModel)" time="6.94" />
  <testcase classname="ptolemy.util.test.junit.AutoTests" name="[3] /home/travis/build/icyphy/ptII/ptolemy/actor/lib/jjs/test/auto/JSParameter2.xml (RunModel)" time="6.729" />
  <testcase classname="ptolemy.util.test.junit.AutoTests" name="[4] /home/travis/build/icyphy/ptII/ptolemy/actor/lib/jjs/test/auto/JSParameter3.xml (RunModel)" time="6.775" />
  <testcase classname="ptolemy.util.test.junit.AutoTests" name="[5] /home/travis/build/icyphy/ptII/ptolemy/actor/lib/jjs/test/auto/JSParameter4.xml (RunModel)" time="6.658" />
  <testcase classname="ptolemy.util.test.junit.AutoTests" name="[6] /home/travis/build/icyphy/ptII/ptolemy/actor/lib/jjs/test/auto/JSParameter5.xml (RunModel)" time="6.694" />
  <testcase classname="ptolemy.util.test.junit.AutoTests" name="[7] /home/travis/build/icyphy/ptII/ptolemy/actor/lib/jjs/test/auto/JavaScript1.xml (RunModel)" time="6.541" />
  <testcase classname="ptolemy.util.test.junit.AutoTests" name="[8] /home/travis/build/icyphy/ptII/ptolemy/actor/lib/jjs/test/auto/JavaScript10.xml (RunModel)" time="6.409" />
  <testcase classname="ptolemy.util.test.junit.AutoTests" name="[9] /home/travis/build/icyphy/ptII/ptolemy/actor/lib/jjs/test/auto/JavaScript11.xml (RunModel)" time="6.495" />
  <testcase classname="ptolemy.util.test.junit.AutoTests" name="[10] /home/travis/build/icyphy/ptII/ptolemy/actor/lib/jjs/test/auto/JavaScript12.xml (RunModel)" time="6.57" />
  <testcase classname="ptolemy.util.test.junit.AutoTests" name="[11] /home/travis/build/icyphy/ptII/ptolemy/actor/lib/jjs/test/auto/JavaScript13.xml (RunModel)" time="6.699" />
  <testcase classname="ptolemy.util.test.junit.AutoTests" name="[12] /home/travis/build/icyphy/ptII/ptolemy/actor/lib/jjs/test/auto/JavaScript14.xml (RunModel)" time="6.203" />
  <testcase classname="ptolemy.util.test.junit.AutoTests" name="[13] /home/travis/build/icyphy/ptII/ptolemy/actor/lib/jjs/test/auto/JavaScript15.xml (RunModel)" time="6.315" />
  <testcase classname="ptolemy.util.test.junit.AutoTests" name="[14] /home/travis/build/icyphy/ptII/ptolemy/actor/lib/jjs/test/auto/JavaScript16.xml (RunModel)" time="6.372" />
  <testcase classname="ptolemy.util.test.junit.AutoTests" name="[15] /home/travis/build/icyphy/ptII/ptolemy/actor/lib/jjs/test/auto/JavaScript17.xml (RunModel)" time="6.174" />
  <testcase classname="ptolemy.util.test.junit.AutoTests" name="[16] /home/travis/build/icyphy/ptII/ptolemy/actor/lib/jjs/test/auto/JavaScript18.xml (RunModel)" time="6.28" />
  <testcase classname="ptolemy.util.test.junit.AutoTests" name="[17] /home/travis/build/icyphy/ptII/ptolemy/actor/lib/jjs/test/auto/JavaScript19.xml (RunModel)" time="6.059" />
  <testcase classname="ptolemy.util.test.junit.AutoTests" name="[18] /home/travis/build/icyphy/ptII/ptolemy/actor/lib/jjs/test/auto/JavaScript2.xml (RunModel)" time="6.007" />
  <testcase classname="ptolemy.util.test.junit.AutoTests" name="[19] /home/travis/build/icyphy/ptII/ptolemy/actor/lib/jjs/test/auto/JavaScript20.xml (RunModel)" time="6.211" />
  <testcase classname="ptolemy.util.test.junit.AutoTests" name="[20] /home/travis/build/icyphy/ptII/ptolemy/actor/lib/jjs/test/auto/JavaScript21.xml (RunModel)" time="6.169" />
  <testcase classname="ptolemy.util.test.junit.AutoTests" name="[21] /home/travis/build/icyphy/ptII/ptolemy/actor/lib/jjs/test/auto/JavaScript22.xml (RunModel)" time="6.334" />
  <testcase classname="ptolemy.util.test.junit.AutoTests" name="[22] /home/travis/build/icyphy/ptII/ptolemy/actor/lib/jjs/test/auto/JavaScript23.xml (RunModel)" time="6.141" />
  <testcase classname="ptolemy.util.test.junit.AutoTests" name="[23] /home/travis/build/icyphy/ptII/ptolemy/actor/lib/jjs/test/auto/JavaScript24.xml (RunModel)" time="6.199" />
  <testcase classname="ptolemy.util.test.junit.AutoTests" name="[24] /home/travis/build/icyphy/ptII/ptolemy/actor/lib/jjs/test/auto/JavaScript25.xml (RunModel)" time="6.095" />
  <testcase classname="ptolemy.util.test.junit.AutoTests" name="[25] /home/travis/build/icyphy/ptII/ptolemy/actor/lib/jjs/test/auto/JavaScript26.xml (RunModel)" time="6.196" />
  <testcase classname="ptolemy.util.test.junit.AutoTests" name="[26] /home/travis/build/icyphy/ptII/ptolemy/actor/lib/jjs/test/auto/JavaScript27.xml (RunModel)" time="6.357" />
  <testcase classname="ptolemy.util.test.junit.AutoTests" name="[27] /home/travis/build/icyphy/ptII/ptolemy/actor/lib/jjs/test/auto/JavaScript3.xml (RunModel)" time="6.818" />
  <testcase classname="ptolemy.util.test.junit.AutoTests" name="[28] /home/travis/build/icyphy/ptII/ptolemy/actor/lib/jjs/test/auto/JavaScript4.xml (RunModel)" time="6.659" />
  <testcase classname="ptolemy.util.test.junit.AutoTests" name="[29] /home/travis/build/icyphy/ptII/ptolemy/actor/lib/jjs/test/auto/JavaScript5.xml (RunModel)" time="6.16" />
  <testcase classname="ptolemy.util.test.junit.AutoTests" name="[30] /home/travis/build/icyphy/ptII/ptolemy/actor/lib/jjs/test/auto/JavaScript6.xml (RunModel)" time="7.397" />
  <testcase classname="ptolemy.util.test.junit.AutoTests" name="[31] /home/travis/build/icyphy/ptII/ptolemy/actor/lib/jjs/test/auto/JavaScript7.xml (RunModel)" time="7.064" />
  <testcase classname="ptolemy.util.test.junit.AutoTests" name="[32] /home/travis/build/icyphy/ptII/ptolemy/actor/lib/jjs/test/auto/JavaScript8.xml (RunModel)" time="6.164" />
  <testcase classname="ptolemy.util.test.junit.AutoTests" name="[33] /home/travis/build/icyphy/ptII/ptolemy/actor/lib/jjs/test/auto/JavaScript9.xml (RunModel)" time="6.028" />
  <testcase classname="ptolemy.util.test.junit.AutoTests" name="[34] /home/travis/build/icyphy/ptII/ptolemy/actor/lib/jjs/test/auto/JavaScriptAbsentInputs.xml (RunModel)" time="6.054" />
  <testcase classname="ptolemy.util.test.junit.AutoTests" name="[35] /home/travis/build/icyphy/ptII/ptolemy/actor/lib/jjs/test/auto/JavaScriptAbsentInputsPersistent.xml (RunModel)" time="6.295" />
  <testcase classname="ptolemy.util.test.junit.AutoTests" name="[36] /home/travis/build/icyphy/ptII/ptolemy/actor/lib/jjs/test/auto/JavaScriptArray.xml (RunModel)" time="6.002" />
  <testcase classname="ptolemy.util.test.junit.AutoTests" name="[37] /home/travis/build/icyphy/ptII/ptolemy/actor/lib/jjs/test/auto/JavaScriptArray2.xml (RunModel)" time="6.028" />
  <testcase classname="ptolemy.util.test.junit.AutoTests" name="[38] /home/travis/build/icyphy/ptII/ptolemy/actor/lib/jjs/test/auto/JavaScriptBooleanToken.xml (RunModel)" time="6.276" />
  <testcase classname="ptolemy.util.test.junit.AutoTests" name="[39] /home/travis/build/icyphy/ptII/ptolemy/actor/lib/jjs/test/auto/JavaScriptBuildPtolemyModel.xml (RunModel)" time="5.981" />
  <testcase classname="ptolemy.util.test.junit.AutoTests" name="[40] /home/travis/build/icyphy/ptII/ptolemy/actor/lib/jjs/test/auto/JavaScriptBuildPtolemyModelAndSend.xml (RunModel)" time="6.004" />
  <testcase classname="ptolemy.util.test.junit.AutoTests" name="[41] /home/travis/build/icyphy/ptII/ptolemy/actor/lib/jjs/test/auto/JavaScriptBuildPtolemyModelAndSendAndReceive.xml (RunModel)" time="6.963" />
  <testcase classname="ptolemy.util.test.junit.AutoTests" name="[42] /home/travis/build/icyphy/ptII/ptolemy/actor/lib/jjs/test/auto/JavaScriptCount.xml (RunModel)" time="5.912" />
  <testcase classname="ptolemy.util.test.junit.AutoTests" name="[43] /home/travis/build/icyphy/ptII/ptolemy/actor/lib/jjs/test/auto/JavaScriptDoubleToken.xml (RunModel)" time="5.985" />
  <testcase classname="ptolemy.util.test.junit.AutoTests" name="[44] /home/travis/build/icyphy/ptII/ptolemy/actor/lib/jjs/test/auto/JavaScriptErrorOutput.xml (RunModel)" time="6.09" />
  <testcase classname="ptolemy.util.test.junit.AutoTests" name="[45] /home/travis/build/icyphy/ptII/ptolemy/actor/lib/jjs/test/auto/JavaScriptFactorial.xml (RunModel)" time="5.921" />
  <testcase classname="ptolemy.util.test.junit.AutoTests" name="[46] /home/travis/build/icyphy/ptII/ptolemy/actor/lib/jjs/test/auto/JavaScriptInputHandler1.xml (RunModel)" time="5.877" />
  <testcase classname="ptolemy.util.test.junit.AutoTests" name="[47] /home/travis/build/icyphy/ptII/ptolemy/actor/lib/jjs/test/auto/JavaScriptInputHandler2.xml (RunModel)" time="5.89" />
  <testcase classname="ptolemy.util.test.junit.AutoTests" name="[48] /home/travis/build/icyphy/ptII/ptolemy/actor/lib/jjs/test/auto/JavaScriptInputHandler3.xml (RunModel)" time="6.345" />
  <testcase classname="ptolemy.util.test.junit.AutoTests" name="[49] /home/travis/build/icyphy/ptII/ptolemy/actor/lib/jjs/test/auto/JavaScriptIntToken.xml (RunModel)" time="5.959" />
  <testcase classname="ptolemy.util.test.junit.AutoTests" name="[50] /home/travis/build/icyphy/ptII/ptolemy/actor/lib/jjs/test/auto/JavaScriptLongToken.xml (RunModel)" time="6.301" />
  <testcase classname="ptolemy.util.test.junit.AutoTests" name="[51] /home/travis/build/icyphy/ptII/ptolemy/actor/lib/jjs/test/auto/JavaScriptLongToken2.xml (RunModel)" time="7.093" />
  <testcase classname="ptolemy.util.test.junit.AutoTests" name="[52] /home/travis/build/icyphy/ptII/ptolemy/actor/lib/jjs/test/auto/JavaScriptReadParameter.xml (RunModel)" time="5.963" />
  <testcase classname="ptolemy.util.test.junit.AutoTests" name="[53] /home/travis/build/icyphy/ptII/ptolemy/actor/lib/jjs/test/auto/JavaScriptReceiveDate.xml (RunModel)" time="5.91" />
  <testcase classname="ptolemy.util.test.junit.AutoTests" name="[54] /home/travis/build/icyphy/ptII/ptolemy/actor/lib/jjs/test/auto/JavaScriptRecord.xml (RunModel)" time="6.097" />
  <testcase classname="ptolemy.util.test.junit.AutoTests" name="[55] /home/travis/build/icyphy/ptII/ptolemy/actor/lib/jjs/test/auto/JavaScriptRecordToken.xml (RunModel)" time="6.037" />
  <testcase classname="ptolemy.util.test.junit.AutoTests" name="[56] /home/travis/build/icyphy/ptII/ptolemy/actor/lib/jjs/test/auto/JavaScriptSendArray.xml (RunModel)" time="6.205" />
  <testcase classname="ptolemy.util.test.junit.AutoTests" name="[57] /home/travis/build/icyphy/ptII/ptolemy/actor/lib/jjs/test/auto/JavaScriptSendArray2.xml (RunModel)" time="6.252" />
  <testcase classname="ptolemy.util.test.junit.AutoTests" name="[58] /home/travis/build/icyphy/ptII/ptolemy/actor/lib/jjs/test/auto/JavaScriptSendBoolean.xml (RunModel)" time="6.131" />
  <testcase classname="ptolemy.util.test.junit.AutoTests" name="[59] /home/travis/build/icyphy/ptII/ptolemy/actor/lib/jjs/test/auto/JavaScriptSendDate.xml (RunModel)" time="6.222" />
  <testcase classname="ptolemy.util.test.junit.AutoTests" name="[60] /home/travis/build/icyphy/ptII/ptolemy/actor/lib/jjs/test/auto/JavaScriptSendDouble.xml (RunModel)" time="5.991" />
  <testcase classname="ptolemy.util.test.junit.AutoTests" name="[61] /home/travis/build/icyphy/ptII/ptolemy/actor/lib/jjs/test/auto/JavaScriptSendInt.xml (RunModel)" time="6.002" />
  <testcase classname="ptolemy.util.test.junit.AutoTests" name="[62] /home/travis/build/icyphy/ptII/ptolemy/actor/lib/jjs/test/auto/JavaScriptSendMatrix.xml (RunModel)" time="5.938" />
  <testcase classname="ptolemy.util.test.junit.AutoTests" name="[63] /home/travis/build/icyphy/ptII/ptolemy/actor/lib/jjs/test/auto/JavaScriptSendNativeArray.xml (RunModel)" time="7.09" />
  <testcase classname="ptolemy.util.test.junit.AutoTests" name="[64] /home/travis/build/icyphy/ptII/ptolemy/actor/lib/jjs/test/auto/JavaScriptSendNativeObject.xml (RunModel)" time="7.155" />
  <testcase classname="ptolemy.util.test.junit.AutoTests" name="[65] /home/travis/build/icyphy/ptII/ptolemy/actor/lib/jjs/test/auto/JavaScriptSendNull.xml (RunModel)" time="5.952" />
  <testcase classname="ptolemy.util.test.junit.AutoTests" name="[66] /home/travis/build/icyphy/ptII/ptolemy/actor/lib/jjs/test/auto/JavaScriptSendNullToInput.xml (RunModel)" time="8.05" />
  <testcase classname="ptolemy.util.test.junit.AutoTests" name="[67] /home/travis/build/icyphy/ptII/ptolemy/actor/lib/jjs/test/auto/JavaScriptSendRecord.xml (RunModel)" time="5.908" />
  <testcase classname="ptolemy.util.test.junit.AutoTests" name="[68] /home/travis/build/icyphy/ptII/ptolemy/actor/lib/jjs/test/auto/JavaScriptSendRecord2.xml (RunModel)" time="5.915" />
  <testcase classname="ptolemy.util.test.junit.AutoTests" name="[69] /home/travis/build/icyphy/ptII/ptolemy/actor/lib/jjs/test/auto/JavaScriptSendRecord3.xml (RunModel)" time="5.961" />
  <testcase classname="ptolemy.util.test.junit.AutoTests" name="[70] /home/travis/build/icyphy/ptII/ptolemy/actor/lib/jjs/test/auto/JavaScriptSendString.xml (RunModel)" time="6.121" />
  <testcase classname="ptolemy.util.test.junit.AutoTests" name="[71] /home/travis/build/icyphy/ptII/ptolemy/actor/lib/jjs/test/auto/JavaScriptSendToInput.xml (RunModel)" time="7.893" />
  <testcase classname="ptolemy.util.test.junit.AutoTests" name="[72] /home/travis/build/icyphy/ptII/ptolemy/actor/lib/jjs/test/auto/JavaScriptSetInterval.xml (RunModel)" time="6.591" />
  <testcase classname="ptolemy.util.test.junit.AutoTests" name="[73] /home/travis/build/icyphy/ptII/ptolemy/actor/lib/jjs/test/auto/JavaScriptSetInterval2.xml (RunModel)" time="6.486" />
  <testcase classname="ptolemy.util.test.junit.AutoTests" name="[74] /home/travis/build/icyphy/ptII/ptolemy/actor/lib/jjs/test/auto/JavaScriptSetTimeout.xml (RunModel)" time="6.05" />
  <testcase classname="ptolemy.util.test.junit.AutoTests" name="[75] /home/travis/build/icyphy/ptII/ptolemy/actor/lib/jjs/test/auto/JavaScriptStringToken.xml (RunModel)" time="5.914" />
  <testcase classname="ptolemy.util.test.junit.AutoTests" name="[76] /home/travis/build/icyphy/ptII/ptolemy/actor/lib/jjs/test/auto/JavaScriptTestAutoInputEtc.xml (RunModel)" time="7.908" />
  <testcase classname="ptolemy.util.test.junit.AutoTests" name="[77] /home/travis/build/icyphy/ptII/ptolemy/actor/lib/jjs/test/auto/JavaScriptThisActor.xml (RunModel)" time="6.069" />
  <testcase classname="ptolemy.util.test.junit.AutoTests" name="[78] /home/travis/build/icyphy/ptII/ptolemy/actor/lib/jjs/test/auto/JavaScriptTimeout.xml (RunModel)" time="6.432" />
  <testcase classname="ptolemy.util.test.junit.AutoTests" name="[79] /home/travis/build/icyphy/ptII/ptolemy/actor/lib/jjs/test/auto/JavaScriptWriteParameter.xml (RunModel)" time="6.328" />
  <testcase classname="ptolemy.util.test.junit.AutoTests" name="[80] /home/travis/build/icyphy/ptII/ptolemy/actor/lib/jjs/test/auto/RampDisplay.xml (RunModel)" time="27.783" />
  <testcase classname="ptolemy.util.test.junit.AutoTests" name="[81] /home/travis/build/icyphy/ptII/ptolemy/actor/lib/jjs/test/auto/SelfBuilder.xml (RunModel)" time="6.159" />
  <testcase classname="ptolemy.util.test.junit.AutoTests" name="[82] /home/travis/build/icyphy/ptII/ptolemy/actor/lib/jjs/test/auto/SelfBuilder10.xml (RunModel)" time="5.954" />
  <testcase classname="ptolemy.util.test.junit.AutoTests" name="[83] /home/travis/build/icyphy/ptII/ptolemy/actor/lib/jjs/test/auto/SelfBuilder2.xml (RunModel)" time="5.965" />
  <testcase classname="ptolemy.util.test.junit.AutoTests" name="[84] /home/travis/build/icyphy/ptII/ptolemy/actor/lib/jjs/test/auto/SelfBuilder3.xml (RunModel)" time="5.955" />
  <testcase classname="ptolemy.util.test.junit.AutoTests" name="[85] /home/travis/build/icyphy/ptII/ptolemy/actor/lib/jjs/test/auto/SelfBuilder4.xml (RunModel)" time="6.06" />
  <testcase classname="ptolemy.util.test.junit.AutoTests" name="[86] /home/travis/build/icyphy/ptII/ptolemy/actor/lib/jjs/test/auto/SelfBuilder5.xml (RunModel)" time="6.059" />
  <testcase classname="ptolemy.util.test.junit.AutoTests" name="[87] /home/travis/build/icyphy/ptII/ptolemy/actor/lib/jjs/test/auto/SelfBuilder6.xml (RunModel)" time="5.956" />
  <testcase classname="ptolemy.util.test.junit.AutoTests" name="[88] /home/travis/build/icyphy/ptII/ptolemy/actor/lib/jjs/test/auto/SelfBuilder7.xml (RunModel)" time="6.085" />
  <testcase classname="ptolemy.util.test.junit.AutoTests" name="[89] /home/travis/build/icyphy/ptII/ptolemy/actor/lib/jjs/test/auto/SelfBuilder8.xml (RunModel)" time="6.111" />
  <testcase classname="ptolemy.util.test.junit.AutoTests" name="[90] /home/travis/build/icyphy/ptII/ptolemy/actor/lib/jjs/test/auto/SelfBuilder9.xml (RunModel)" time="6.159" />
  <system-out><![CDATA[/home/travis/build/icyphy/ptII/ptolemy/actor/lib/jjs/test/NashornAccessorHostApplication.tcl
testDefs.tcl: setting time out to 9000 seconds at Thu Apr 19 21:40:19 UTC 2018


==== $PTII/ptolemy/actor/lib/jjs/test/NashornAccessorHostApplication.tcl: NashornAccessorHostApplication-0.0.1 No way to test the command line arguments
==== Contents of test case:

    list "Unfortunately, the Nashorn Host spawns a separate thread, so there"  "is no way to asyncronously wait to get the results back."  "This makes it difficult to test the command line argument processing."

==== Result was:
{Unfortunately, the Nashorn Host spawns a separate thread, so there} {is no way to asyncronously wait to get the results back.} {This makes it difficult to test the command line argument processing.}
---- KNOWN Failure, Result should have been:
1
---- NashornAccessorHostApplication-0.0.1 Failed, but this is a KNOWN failure
04/19/18 09:40:19
Failed: 0  Total Tests: 1  ((Passed: 0, Newly Passed: 0)  Known Failed: 1) /home/travis/build/icyphy/ptII/ptolemy/actor/lib/jjs/test
No auto/knownFailedTests/*.xml tests in /home/travis/build/icyphy/ptII/ptolemy/actor/lib/jjs/test
No auto/*.xml tests in /home/travis/build/icyphy/ptII/ptolemy/actor/lib/jjs/test
AutoTests.java: About to close Vertx.
AutoTests.java: Vertx closed.
----------------- testing Thu Apr 19 21:40:19 UTC 2018 /home/travis/build/icyphy/ptII/ptolemy/actor/lib/jjs/test/auto/InputHandlers1.xml
----------------- Thu Apr 19 21:40:19 UTC 2018 About to sleep for 5.0 seconds before rerunning.  Test is: /home/travis/build/icyphy/ptII/ptolemy/actor/lib/jjs/test/auto/InputHandlers1.xml
1765 ms. Memory: 218112K Free: 163646K (75%)
reloadAllAccessors: .InputHandlers1
----------------- testing Thu Apr 19 21:40:29 UTC 2018 /home/travis/build/icyphy/ptII/ptolemy/actor/lib/jjs/test/auto/InputHandlers2.xml
----------------- Thu Apr 19 21:40:29 UTC 2018 About to sleep for 5.0 seconds before rerunning.  Test is: /home/travis/build/icyphy/ptII/ptolemy/actor/lib/jjs/test/auto/InputHandlers2.xml
1376 ms. Memory: 296448K Free: 201213K (68%)
reloadAllAccessors: .InputHandlers2
----------------- testing Thu Apr 19 21:40:36 UTC 2018 /home/travis/build/icyphy/ptII/ptolemy/actor/lib/jjs/test/auto/JSParameter1.xml
----------------- Thu Apr 19 21:40:36 UTC 2018 About to sleep for 5.0 seconds before rerunning.  Test is: /home/travis/build/icyphy/ptII/ptolemy/actor/lib/jjs/test/auto/JSParameter1.xml
1103 ms. Memory: 428032K Free: 373250K (87%)
reloadAllAccessors: .JSParameter1
----------------- testing Thu Apr 19 21:40:43 UTC 2018 /home/travis/build/icyphy/ptII/ptolemy/actor/lib/jjs/test/auto/JSParameter2.xml
----------------- Thu Apr 19 21:40:43 UTC 2018 About to sleep for 5.0 seconds before rerunning.  Test is: /home/travis/build/icyphy/ptII/ptolemy/actor/lib/jjs/test/auto/JSParameter2.xml
1143 ms. Memory: 429056K Free: 364098K (85%)
reloadAllAccessors: .JSParameter2
----------------- testing Thu Apr 19 21:40:50 UTC 2018 /home/travis/build/icyphy/ptII/ptolemy/actor/lib/jjs/test/auto/JSParameter3.xml
----------------- Thu Apr 19 21:40:50 UTC 2018 About to sleep for 5.0 seconds before rerunning.  Test is: /home/travis/build/icyphy/ptII/ptolemy/actor/lib/jjs/test/auto/JSParameter3.xml
962 ms. Memory: 429056K Free: 50038K (12%)
reloadAllAccessors: .JSParameter3
----------------- testing Thu Apr 19 21:40:57 UTC 2018 /home/travis/build/icyphy/ptII/ptolemy/actor/lib/jjs/test/auto/JSParameter4.xml
----------------- Thu Apr 19 21:40:57 UTC 2018 About to sleep for 5.0 seconds before rerunning.  Test is: /home/travis/build/icyphy/ptII/ptolemy/actor/lib/jjs/test/auto/JSParameter4.xml
939 ms. Memory: 582144K Free: 198052K (34%)
reloadAllAccessors: .JSParameter4
----------------- testing Thu Apr 19 21:41:04 UTC 2018 /home/travis/build/icyphy/ptII/ptolemy/actor/lib/jjs/test/auto/JSParameter5.xml
----------------- Thu Apr 19 21:41:04 UTC 2018 About to sleep for 5.0 seconds before rerunning.  Test is: /home/travis/build/icyphy/ptII/ptolemy/actor/lib/jjs/test/auto/JSParameter5.xml
1118 ms. Memory: 607744K Free: 456270K (75%)
reloadAllAccessors: .JSParameter5
----------------- testing Thu Apr 19 21:41:10 UTC 2018 /home/travis/build/icyphy/ptII/ptolemy/actor/lib/jjs/test/auto/JavaScript1.xml
----------------- Thu Apr 19 21:41:10 UTC 2018 About to sleep for 5.0 seconds before rerunning.  Test is: /home/travis/build/icyphy/ptII/ptolemy/actor/lib/jjs/test/auto/JavaScript1.xml
927 ms. Memory: 607744K Free: 142044K (23%)
reloadAllAccessors: .JavaScript1
----------------- testing Thu Apr 19 21:41:17 UTC 2018 /home/travis/build/icyphy/ptII/ptolemy/actor/lib/jjs/test/auto/JavaScript10.xml
----------------- Thu Apr 19 21:41:17 UTC 2018 About to sleep for 5.0 seconds before rerunning.  Test is: /home/travis/build/icyphy/ptII/ptolemy/actor/lib/jjs/test/auto/JavaScript10.xml
825 ms. Memory: 681472K Free: 351128K (52%)
reloadAllAccessors: .JavaScript10
----------------- testing Thu Apr 19 21:41:23 UTC 2018 /home/travis/build/icyphy/ptII/ptolemy/actor/lib/jjs/test/auto/JavaScript11.xml
----------------- Thu Apr 19 21:41:23 UTC 2018 About to sleep for 5.0 seconds before rerunning.  Test is: /home/travis/build/icyphy/ptII/ptolemy/actor/lib/jjs/test/auto/JavaScript11.xml
994 ms. Memory: 675840K Free: 534072K (79%)
reloadAllAccessors: .JavaScript11
----------------- testing Thu Apr 19 21:41:30 UTC 2018 /home/travis/build/icyphy/ptII/ptolemy/actor/lib/jjs/test/auto/JavaScript12.xml
----------------- Thu Apr 19 21:41:30 UTC 2018 About to sleep for 5.0 seconds before rerunning.  Test is: /home/travis/build/icyphy/ptII/ptolemy/actor/lib/jjs/test/auto/JavaScript12.xml
0
1
2
3
4
5
6
7
8
9
5 ms. Memory: 675840K Free: 201479K (30%)
1052 ms. Memory: 675840K Free: 198785K (29%)
reloadAllAccessors: .JavaScript12
----------------- testing Thu Apr 19 21:41:36 UTC 2018 /home/travis/build/icyphy/ptII/ptolemy/actor/lib/jjs/test/auto/JavaScript13.xml
----------------- Thu Apr 19 21:41:36 UTC 2018 About to sleep for 5.0 seconds before rerunning.  Test is: /home/travis/build/icyphy/ptII/ptolemy/actor/lib/jjs/test/auto/JavaScript13.xml
0
1
2
3
4
5
6
7
8
9
9 ms. Memory: 700928K Free: 523490K (75%)
1057 ms. Memory: 700928K Free: 523490K (75%)
reloadAllAccessors: .JavaScript13
----------------- testing Thu Apr 19 21:41:43 UTC 2018 /home/travis/build/icyphy/ptII/ptolemy/actor/lib/jjs/test/auto/JavaScript14.xml
----------------- Thu Apr 19 21:41:43 UTC 2018 About to sleep for 5.0 seconds before rerunning.  Test is: /home/travis/build/icyphy/ptII/ptolemy/actor/lib/jjs/test/auto/JavaScript14.xml
762 ms. Memory: 700928K Free: 215358K (31%)
reloadAllAccessors: .JavaScript14
----------------- testing Thu Apr 19 21:41:49 UTC 2018 /home/travis/build/icyphy/ptII/ptolemy/actor/lib/jjs/test/auto/JavaScript15.xml
----------------- Thu Apr 19 21:41:49 UTC 2018 About to sleep for 5.0 seconds before rerunning.  Test is: /home/travis/build/icyphy/ptII/ptolemy/actor/lib/jjs/test/auto/JavaScript15.xml
824 ms. Memory: 687104K Free: 381515K (56%)
reloadAllAccessors: .JavaScript15
----------------- testing Thu Apr 19 21:41:56 UTC 2018 /home/travis/build/icyphy/ptII/ptolemy/actor/lib/jjs/test/auto/JavaScript16.xml
----------------- Thu Apr 19 21:41:56 UTC 2018 About to sleep for 5.0 seconds before rerunning.  Test is: /home/travis/build/icyphy/ptII/ptolemy/actor/lib/jjs/test/auto/JavaScript16.xml
956 ms. Memory: 697856K Free: 573034K (82%)
reloadAllAccessors: .JavaScript16
----------------- testing Thu Apr 19 21:42:02 UTC 2018 /home/travis/build/icyphy/ptII/ptolemy/actor/lib/jjs/test/auto/JavaScript17.xml
----------------- Thu Apr 19 21:42:02 UTC 2018 About to sleep for 5.0 seconds before rerunning.  Test is: /home/travis/build/icyphy/ptII/ptolemy/actor/lib/jjs/test/auto/JavaScript17.xml
746 ms. Memory: 697856K Free: 263608K (38%)
reloadAllAccessors: .JavaScript17
----------------- testing Thu Apr 19 21:42:08 UTC 2018 /home/travis/build/icyphy/ptII/ptolemy/actor/lib/jjs/test/auto/JavaScript18.xml
----------------- Thu Apr 19 21:42:08 UTC 2018 About to sleep for 5.0 seconds before rerunning.  Test is: /home/travis/build/icyphy/ptII/ptolemy/actor/lib/jjs/test/auto/JavaScript18.xml
856 ms. Memory: 694272K Free: 544268K (78%)
reloadAllAccessors: .JavaScript18
----------------- testing Thu Apr 19 21:42:14 UTC 2018 /home/travis/build/icyphy/ptII/ptolemy/actor/lib/jjs/test/auto/JavaScript19.xml
----------------- Thu Apr 19 21:42:14 UTC 2018 About to sleep for 5.0 seconds before rerunning.  Test is: /home/travis/build/icyphy/ptII/ptolemy/actor/lib/jjs/test/auto/JavaScript19.xml
676 ms. Memory: 694272K Free: 236768K (34%)
reloadAllAccessors: .JavaScript19
----------------- testing Thu Apr 19 21:42:20 UTC 2018 /home/travis/build/icyphy/ptII/ptolemy/actor/lib/jjs/test/auto/JavaScript2.xml
----------------- Thu Apr 19 21:42:20 UTC 2018 About to sleep for 5.0 seconds before rerunning.  Test is: /home/travis/build/icyphy/ptII/ptolemy/actor/lib/jjs/test/auto/JavaScript2.xml
605 ms. Memory: 716288K Free: 423850K (59%)
reloadAllAccessors: .JavaScript2
----------------- testing Thu Apr 19 21:42:26 UTC 2018 /home/travis/build/icyphy/ptII/ptolemy/actor/lib/jjs/test/auto/JavaScript20.xml
----------------- Thu Apr 19 21:42:26 UTC 2018 About to sleep for 5.0 seconds before rerunning.  Test is: /home/travis/build/icyphy/ptII/ptolemy/actor/lib/jjs/test/auto/JavaScript20.xml
809 ms. Memory: 694272K Free: 577318K (83%)
reloadAllAccessors: .JavaScript20
----------------- testing Thu Apr 19 21:42:33 UTC 2018 /home/travis/build/icyphy/ptII/ptolemy/actor/lib/jjs/test/auto/JavaScript21.xml
----------------- Thu Apr 19 21:42:33 UTC 2018 About to sleep for 5.0 seconds before rerunning.  Test is: /home/travis/build/icyphy/ptII/ptolemy/actor/lib/jjs/test/auto/JavaScript21.xml
740 ms. Memory: 694272K Free: 270498K (39%)
reloadAllAccessors: .JavaScript21
----------------- testing Thu Apr 19 21:42:39 UTC 2018 /home/travis/build/icyphy/ptII/ptolemy/actor/lib/jjs/test/auto/JavaScript22.xml
----------------- Thu Apr 19 21:42:39 UTC 2018 About to sleep for 5.0 seconds before rerunning.  Test is: /home/travis/build/icyphy/ptII/ptolemy/actor/lib/jjs/test/auto/JavaScript22.xml
845 ms. Memory: 732160K Free: 597802K (82%)
reloadAllAccessors: .JavaScript22
----------------- testing Thu Apr 19 21:42:45 UTC 2018 /home/travis/build/icyphy/ptII/ptolemy/actor/lib/jjs/test/auto/JavaScript23.xml
----------------- Thu Apr 19 21:42:45 UTC 2018 About to sleep for 5.0 seconds before rerunning.  Test is: /home/travis/build/icyphy/ptII/ptolemy/actor/lib/jjs/test/auto/JavaScript23.xml
739 ms. Memory: 732160K Free: 295192K (40%)
reloadAllAccessors: .JavaScript23
----------------- testing Thu Apr 19 21:42:51 UTC 2018 /home/travis/build/icyphy/ptII/ptolemy/actor/lib/jjs/test/auto/JavaScript24.xml
----------------- Thu Apr 19 21:42:51 UTC 2018 About to sleep for 5.0 seconds before rerunning.  Test is: /home/travis/build/icyphy/ptII/ptolemy/actor/lib/jjs/test/auto/JavaScript24.xml
768 ms. Memory: 732160K Free: 468343K (64%)
reloadAllAccessors: .JavaScript24
----------------- testing Thu Apr 19 21:42:57 UTC 2018 /home/travis/build/icyphy/ptII/ptolemy/actor/lib/jjs/test/auto/JavaScript25.xml
----------------- Thu Apr 19 21:42:57 UTC 2018 About to sleep for 5.0 seconds before rerunning.  Test is: /home/travis/build/icyphy/ptII/ptolemy/actor/lib/jjs/test/auto/JavaScript25.xml
699 ms. Memory: 732160K Free: 170020K (23%)
reloadAllAccessors: .JavaScript25
----------------- testing Thu Apr 19 21:43:04 UTC 2018 /home/travis/build/icyphy/ptII/ptolemy/actor/lib/jjs/test/auto/JavaScript26.xml
----------------- Thu Apr 19 21:43:04 UTC 2018 About to sleep for 5.0 seconds before rerunning.  Test is: /home/travis/build/icyphy/ptII/ptolemy/actor/lib/jjs/test/auto/JavaScript26.xml
674 ms. Memory: 730112K Free: 342871K (47%)
reloadAllAccessors: .JavaScript26
----------------- testing Thu Apr 19 21:43:10 UTC 2018 /home/travis/build/icyphy/ptII/ptolemy/actor/lib/jjs/test/auto/JavaScript27.xml
----------------- Thu Apr 19 21:43:10 UTC 2018 About to sleep for 5.0 seconds before rerunning.  Test is: /home/travis/build/icyphy/ptII/ptolemy/actor/lib/jjs/test/auto/JavaScript27.xml
933 ms. Memory: 731136K Free: 515327K (70%)
reloadAllAccessors: .JavaScript27
----------------- testing Thu Apr 19 21:43:16 UTC 2018 /home/travis/build/icyphy/ptII/ptolemy/actor/lib/jjs/test/auto/JavaScript3.xml
----------------- Thu Apr 19 21:43:16 UTC 2018 About to sleep for 5.0 seconds before rerunning.  Test is: /home/travis/build/icyphy/ptII/ptolemy/actor/lib/jjs/test/auto/JavaScript3.xml
1451 ms. Memory: 739840K Free: 681404K (92%)
reloadAllAccessors: .JavaScript3
----------------- testing Thu Apr 19 21:43:23 UTC 2018 /home/travis/build/icyphy/ptII/ptolemy/actor/lib/jjs/test/auto/JavaScript4.xml
----------------- Thu Apr 19 21:43:23 UTC 2018 About to sleep for 5.0 seconds before rerunning.  Test is: /home/travis/build/icyphy/ptII/ptolemy/actor/lib/jjs/test/auto/JavaScript4.xml
1268 ms. Memory: 739840K Free: 234500K (32%)
reloadAllAccessors: .JavaScript4
----------------- testing Thu Apr 19 21:43:30 UTC 2018 /home/travis/build/icyphy/ptII/ptolemy/actor/lib/jjs/test/auto/JavaScript5.xml
----------------- Thu Apr 19 21:43:30 UTC 2018 About to sleep for 5.0 seconds before rerunning.  Test is: /home/travis/build/icyphy/ptII/ptolemy/actor/lib/jjs/test/auto/JavaScript5.xml
694 ms. Memory: 741376K Free: 401940K (54%)
reloadAllAccessors: .JavaScript5
----------------- testing Thu Apr 19 21:43:36 UTC 2018 /home/travis/build/icyphy/ptII/ptolemy/actor/lib/jjs/test/auto/JavaScript6.xml
----------------- Thu Apr 19 21:43:36 UTC 2018 About to sleep for 5.0 seconds before rerunning.  Test is: /home/travis/build/icyphy/ptII/ptolemy/actor/lib/jjs/test/auto/JavaScript6.xml
1500 ms. Memory: 741376K Free: 264361K (36%)
reloadAllAccessors: .JavaScript6
----------------- testing Thu Apr 19 21:43:43 UTC 2018 /home/travis/build/icyphy/ptII/ptolemy/actor/lib/jjs/test/auto/JavaScript7.xml
----------------- Thu Apr 19 21:43:43 UTC 2018 About to sleep for 5.0 seconds before rerunning.  Test is: /home/travis/build/icyphy/ptII/ptolemy/actor/lib/jjs/test/auto/JavaScript7.xml
1211 ms. Memory: 742912K Free: 130349K (18%)
reloadAllAccessors: .JavaScript7
----------------- testing Thu Apr 19 21:43:50 UTC 2018 /home/travis/build/icyphy/ptII/ptolemy/actor/lib/jjs/test/auto/JavaScript8.xml
----------------- Thu Apr 19 21:43:50 UTC 2018 About to sleep for 5.0 seconds before rerunning.  Test is: /home/travis/build/icyphy/ptII/ptolemy/actor/lib/jjs/test/auto/JavaScript8.xml
622 ms. Memory: 749568K Free: 470858K (63%)
reloadAllAccessors: .JavaScript8
----------------- testing Thu Apr 19 21:43:56 UTC 2018 /home/travis/build/icyphy/ptII/ptolemy/actor/lib/jjs/test/auto/JavaScript9.xml
----------------- Thu Apr 19 21:43:56 UTC 2018 About to sleep for 5.0 seconds before rerunning.  Test is: /home/travis/build/icyphy/ptII/ptolemy/actor/lib/jjs/test/auto/JavaScript9.xml
655 ms. Memory: 751104K Free: 649228K (86%)
reloadAllAccessors: .JavaScript9
----------------- testing Thu Apr 19 21:44:02 UTC 2018 /home/travis/build/icyphy/ptII/ptolemy/actor/lib/jjs/test/auto/JavaScriptAbsentInputs.xml
----------------- Thu Apr 19 21:44:02 UTC 2018 About to sleep for 5.0 seconds before rerunning.  Test is: /home/travis/build/icyphy/ptII/ptolemy/actor/lib/jjs/test/auto/JavaScriptAbsentInputs.xml
689 ms. Memory: 751104K Free: 342808K (46%)
reloadAllAccessors: .JavaScriptAbsentInputs
----------------- testing Thu Apr 19 21:44:08 UTC 2018 /home/travis/build/icyphy/ptII/ptolemy/actor/lib/jjs/test/auto/JavaScriptAbsentInputsPersistent.xml
----------------- Thu Apr 19 21:44:08 UTC 2018 About to sleep for 5.0 seconds before rerunning.  Test is: /home/travis/build/icyphy/ptII/ptolemy/actor/lib/jjs/test/auto/JavaScriptAbsentInputsPersistent.xml
882 ms. Memory: 751104K Free: 518620K (69%)
reloadAllAccessors: .JavaScriptAbsentInputsPersistent
----------------- testing Thu Apr 19 21:44:15 UTC 2018 /home/travis/build/icyphy/ptII/ptolemy/actor/lib/jjs/test/auto/JavaScriptArray.xml
----------------- Thu Apr 19 21:44:15 UTC 2018 About to sleep for 5.0 seconds before rerunning.  Test is: /home/travis/build/icyphy/ptII/ptolemy/actor/lib/jjs/test/auto/JavaScriptArray.xml
638 ms. Memory: 751104K Free: 210803K (28%)
reloadAllAccessors: .JavaScriptArray
----------------- testing Thu Apr 19 21:44:21 UTC 2018 /home/travis/build/icyphy/ptII/ptolemy/actor/lib/jjs/test/auto/JavaScriptArray2.xml
----------------- Thu Apr 19 21:44:21 UTC 2018 About to sleep for 5.0 seconds before rerunning.  Test is: /home/travis/build/icyphy/ptII/ptolemy/actor/lib/jjs/test/auto/JavaScriptArray2.xml
590 ms. Memory: 752640K Free: 395065K (52%)
reloadAllAccessors: .JavaScriptArray2
----------------- testing Thu Apr 19 21:44:27 UTC 2018 /home/travis/build/icyphy/ptII/ptolemy/actor/lib/jjs/test/auto/JavaScriptBooleanToken.xml
----------------- Thu Apr 19 21:44:27 UTC 2018 About to sleep for 5.0 seconds before rerunning.  Test is: /home/travis/build/icyphy/ptII/ptolemy/actor/lib/jjs/test/auto/JavaScriptBooleanToken.xml
884 ms. Memory: 760832K Free: 734646K (97%)
reloadAllAccessors: .JavaScriptBooleanToken
----------------- testing Thu Apr 19 21:44:33 UTC 2018 /home/travis/build/icyphy/ptII/ptolemy/actor/lib/jjs/test/auto/JavaScriptBuildPtolemyModel.xml
----------------- Thu Apr 19 21:44:33 UTC 2018 About to sleep for 5.0 seconds before rerunning.  Test is: /home/travis/build/icyphy/ptII/ptolemy/actor/lib/jjs/test/auto/JavaScriptBuildPtolemyModel.xml
0
1
2
3
4
5
6
7
8
9
3 ms. Memory: 760832K Free: 430646K (57%)
609 ms. Memory: 760832K Free: 430646K (57%)
reloadAllAccessors: .JavaScriptBuildPtolemyModel
----------------- testing Thu Apr 19 21:44:39 UTC 2018 /home/travis/build/icyphy/ptII/ptolemy/actor/lib/jjs/test/auto/JavaScriptBuildPtolemyModelAndSend.xml
----------------- Thu Apr 19 21:44:39 UTC 2018 About to sleep for 5.0 seconds before rerunning.  Test is: /home/travis/build/icyphy/ptII/ptolemy/actor/lib/jjs/test/auto/JavaScriptBuildPtolemyModelAndSend.xml
664 ms. Memory: 762368K Free: 615232K (81%)
reloadAllAccessors: .JavaScriptBuildPtolemyModelAndSend
----------------- testing Thu Apr 19 21:44:45 UTC 2018 /home/travis/build/icyphy/ptII/ptolemy/actor/lib/jjs/test/auto/JavaScriptBuildPtolemyModelAndSendAndReceive.xml
----------------- Thu Apr 19 21:44:45 UTC 2018 About to sleep for 5.0 seconds before rerunning.  Test is: /home/travis/build/icyphy/ptII/ptolemy/actor/lib/jjs/test/auto/JavaScriptBuildPtolemyModelAndSendAndReceive.xml
0
1
2
3
4
5
6
7
8
9
2 ms. Memory: 763392K Free: 503416K (66%)
1192 ms. Memory: 763392K Free: 499967K (65%)
reloadAllAccessors: .JavaScriptBuildPtolemyModelAndSendAndReceive
----------------- testing Thu Apr 19 21:44:52 UTC 2018 /home/travis/build/icyphy/ptII/ptolemy/actor/lib/jjs/test/auto/JavaScriptCount.xml
----------------- Thu Apr 19 21:44:52 UTC 2018 About to sleep for 5.0 seconds before rerunning.  Test is: /home/travis/build/icyphy/ptII/ptolemy/actor/lib/jjs/test/auto/JavaScriptCount.xml
582 ms. Memory: 763392K Free: 194676K (26%)
reloadAllAccessors: .JavaScriptCount
----------------- testing Thu Apr 19 21:44:58 UTC 2018 /home/travis/build/icyphy/ptII/ptolemy/actor/lib/jjs/test/auto/JavaScriptDoubleToken.xml
----------------- Thu Apr 19 21:44:58 UTC 2018 About to sleep for 5.0 seconds before rerunning.  Test is: /home/travis/build/icyphy/ptII/ptolemy/actor/lib/jjs/test/auto/JavaScriptDoubleToken.xml
569 ms. Memory: 764416K Free: 381224K (50%)
reloadAllAccessors: .JavaScriptDoubleToken
----------------- testing Thu Apr 19 21:45:04 UTC 2018 /home/travis/build/icyphy/ptII/ptolemy/actor/lib/jjs/test/auto/JavaScriptErrorOutput.xml
----------------- Thu Apr 19 21:45:04 UTC 2018 About to sleep for 5.0 seconds before rerunning.  Test is: /home/travis/build/icyphy/ptII/ptolemy/actor/lib/jjs/test/auto/JavaScriptErrorOutput.xml
750 ms. Memory: 769536K Free: 742169K (96%)
reloadAllAccessors: .JavaScriptErrorOutput
----------------- testing Thu Apr 19 21:45:10 UTC 2018 /home/travis/build/icyphy/ptII/ptolemy/actor/lib/jjs/test/auto/JavaScriptFactorial.xml
----------------- Thu Apr 19 21:45:10 UTC 2018 About to sleep for 5.0 seconds before rerunning.  Test is: /home/travis/build/icyphy/ptII/ptolemy/actor/lib/jjs/test/auto/JavaScriptFactorial.xml
600 ms. Memory: 769536K Free: 433584K (56%)
reloadAllAccessors: .JavaScriptFactorial
----------------- testing Thu Apr 19 21:45:16 UTC 2018 /home/travis/build/icyphy/ptII/ptolemy/actor/lib/jjs/test/auto/JavaScriptInputHandler1.xml
----------------- Thu Apr 19 21:45:16 UTC 2018 About to sleep for 5.0 seconds before rerunning.  Test is: /home/travis/build/icyphy/ptII/ptolemy/actor/lib/jjs/test/auto/JavaScriptInputHandler1.xml
555 ms. Memory: 770560K Free: 628600K (82%)
reloadAllAccessors: .JavaScriptInputHandler1
----------------- testing Thu Apr 19 21:45:22 UTC 2018 /home/travis/build/icyphy/ptII/ptolemy/actor/lib/jjs/test/auto/JavaScriptInputHandler2.xml
----------------- Thu Apr 19 21:45:22 UTC 2018 About to sleep for 5.0 seconds before rerunning.  Test is: /home/travis/build/icyphy/ptII/ptolemy/actor/lib/jjs/test/auto/JavaScriptInputHandler2.xml
567 ms. Memory: 770560K Free: 317809K (41%)
reloadAllAccessors: .JavaScriptInputHandler2
----------------- testing Thu Apr 19 21:45:28 UTC 2018 /home/travis/build/icyphy/ptII/ptolemy/actor/lib/jjs/test/auto/JavaScriptInputHandler3.xml
----------------- Thu Apr 19 21:45:28 UTC 2018 About to sleep for 5.0 seconds before rerunning.  Test is: /home/travis/build/icyphy/ptII/ptolemy/actor/lib/jjs/test/auto/JavaScriptInputHandler3.xml
913 ms. Memory: 771072K Free: 499073K (65%)
reloadAllAccessors: .JavaScriptInputHandler3
----------------- testing Thu Apr 19 21:45:34 UTC 2018 /home/travis/build/icyphy/ptII/ptolemy/actor/lib/jjs/test/auto/JavaScriptIntToken.xml
----------------- Thu Apr 19 21:45:34 UTC 2018 About to sleep for 5.0 seconds before rerunning.  Test is: /home/travis/build/icyphy/ptII/ptolemy/actor/lib/jjs/test/auto/JavaScriptIntToken.xml
591 ms. Memory: 771072K Free: 191956K (25%)
reloadAllAccessors: .JavaScriptIntToken
----------------- testing Thu Apr 19 21:45:40 UTC 2018 /home/travis/build/icyphy/ptII/ptolemy/actor/lib/jjs/test/auto/JavaScriptLongToken.xml
----------------- Thu Apr 19 21:45:40 UTC 2018 About to sleep for 5.0 seconds before rerunning.  Test is: /home/travis/build/icyphy/ptII/ptolemy/actor/lib/jjs/test/auto/JavaScriptLongToken.xml
748 ms. Memory: 771584K Free: 382497K (50%)
reloadAllAccessors: .JavaScriptLongToken
----------------- testing Thu Apr 19 21:45:46 UTC 2018 /home/travis/build/icyphy/ptII/ptolemy/actor/lib/jjs/test/auto/JavaScriptLongToken2.xml
----------------- Thu Apr 19 21:45:46 UTC 2018 About to sleep for 5.0 seconds before rerunning.  Test is: /home/travis/build/icyphy/ptII/ptolemy/actor/lib/jjs/test/auto/JavaScriptLongToken2.xml
1411 ms. Memory: 778752K Free: 436885K (56%)
reloadAllAccessors: .JavaScriptLongToken2
----------------- testing Thu Apr 19 21:45:53 UTC 2018 /home/travis/build/icyphy/ptII/ptolemy/actor/lib/jjs/test/auto/JavaScriptReadParameter.xml
----------------- Thu Apr 19 21:45:53 UTC 2018 About to sleep for 5.0 seconds before rerunning.  Test is: /home/travis/build/icyphy/ptII/ptolemy/actor/lib/jjs/test/auto/JavaScriptReadParameter.xml
628 ms. Memory: 779264K Free: 624510K (80%)
reloadAllAccessors: .JavaScriptReadParameter
----------------- testing Thu Apr 19 21:45:59 UTC 2018 /home/travis/build/icyphy/ptII/ptolemy/actor/lib/jjs/test/auto/JavaScriptReceiveDate.xml
----------------- Thu Apr 19 21:45:59 UTC 2018 About to sleep for 5.0 seconds before rerunning.  Test is: /home/travis/build/icyphy/ptII/ptolemy/actor/lib/jjs/test/auto/JavaScriptReceiveDate.xml
JavaScript: localFunctions.js: convertToToken(Tue Jan 01 1957 00:00:00 GMT+0000 (UTC), -410227200000, Tue Jan 01 1957 00:00:00 GMT+0000 (UTC) (Thread[JavaScriptReceiveDate,1,main])
580 ms. Memory: 779264K Free: 311987K (40%)
reloadAllAccessors: .JavaScriptReceiveDate
----------------- testing Thu Apr 19 21:46:05 UTC 2018 /home/travis/build/icyphy/ptII/ptolemy/actor/lib/jjs/test/auto/JavaScriptRecord.xml
----------------- Thu Apr 19 21:46:05 UTC 2018 About to sleep for 5.0 seconds before rerunning.  Test is: /home/travis/build/icyphy/ptII/ptolemy/actor/lib/jjs/test/auto/JavaScriptRecord.xml
731 ms. Memory: 780800K Free: 507040K (65%)
reloadAllAccessors: .JavaScriptRecord
----------------- testing Thu Apr 19 21:46:11 UTC 2018 /home/travis/build/icyphy/ptII/ptolemy/actor/lib/jjs/test/auto/JavaScriptRecordToken.xml
----------------- Thu Apr 19 21:46:11 UTC 2018 About to sleep for 5.0 seconds before rerunning.  Test is: /home/travis/build/icyphy/ptII/ptolemy/actor/lib/jjs/test/auto/JavaScriptRecordToken.xml
655 ms. Memory: 780800K Free: 195366K (25%)
reloadAllAccessors: .JavaScriptRecordToken
----------------- testing Thu Apr 19 21:46:17 UTC 2018 /home/travis/build/icyphy/ptII/ptolemy/actor/lib/jjs/test/auto/JavaScriptSendArray.xml
----------------- Thu Apr 19 21:46:17 UTC 2018 About to sleep for 5.0 seconds before rerunning.  Test is: /home/travis/build/icyphy/ptII/ptolemy/actor/lib/jjs/test/auto/JavaScriptSendArray.xml
712 ms. Memory: 780800K Free: 398106K (51%)
reloadAllAccessors: .JavaScriptSendArray
----------------- testing Thu Apr 19 21:46:24 UTC 2018 /home/travis/build/icyphy/ptII/ptolemy/actor/lib/jjs/test/auto/JavaScriptSendArray2.xml
----------------- Thu Apr 19 21:46:24 UTC 2018 About to sleep for 5.0 seconds before rerunning.  Test is: /home/travis/build/icyphy/ptII/ptolemy/actor/lib/jjs/test/auto/JavaScriptSendArray2.xml
855 ms. Memory: 781312K Free: 761688K (97%)
reloadAllAccessors: .JavaScriptSendArray2
----------------- testing Thu Apr 19 21:46:30 UTC 2018 /home/travis/build/icyphy/ptII/ptolemy/actor/lib/jjs/test/auto/JavaScriptSendBoolean.xml
----------------- Thu Apr 19 21:46:30 UTC 2018 About to sleep for 5.0 seconds before rerunning.  Test is: /home/travis/build/icyphy/ptII/ptolemy/actor/lib/jjs/test/auto/JavaScriptSendBoolean.xml
748 ms. Memory: 781312K Free: 458904K (59%)
reloadAllAccessors: .JavaScriptSendBoolean
----------------- testing Thu Apr 19 21:46:36 UTC 2018 /home/travis/build/icyphy/ptII/ptolemy/actor/lib/jjs/test/auto/JavaScriptSendDate.xml
----------------- Thu Apr 19 21:46:36 UTC 2018 About to sleep for 5.0 seconds before rerunning.  Test is: /home/travis/build/icyphy/ptII/ptolemy/actor/lib/jjs/test/auto/JavaScriptSendDate.xml
JavaScript: localFunctions.js: convertToToken(Thu Nov 13 2014 16:37:14 GMT+0000 (UTC), 1415896634546, Thu Nov 13 2014 16:37:14 GMT+0000 (UTC) (Thread[JavaScriptSendDate,1,main])
777 ms. Memory: 781312K Free: 660057K (84%)
reloadAllAccessors: .JavaScriptSendDate
----------------- testing Thu Apr 19 21:46:42 UTC 2018 /home/travis/build/icyphy/ptII/ptolemy/actor/lib/jjs/test/auto/JavaScriptSendDouble.xml
----------------- Thu Apr 19 21:46:42 UTC 2018 About to sleep for 5.0 seconds before rerunning.  Test is: /home/travis/build/icyphy/ptII/ptolemy/actor/lib/jjs/test/auto/JavaScriptSendDouble.xml
616 ms. Memory: 781312K Free: 358005K (46%)
reloadAllAccessors: .JavaScriptSendDouble
----------------- testing Thu Apr 19 21:46:48 UTC 2018 /home/travis/build/icyphy/ptII/ptolemy/actor/lib/jjs/test/auto/JavaScriptSendInt.xml
----------------- Thu Apr 19 21:46:48 UTC 2018 About to sleep for 5.0 seconds before rerunning.  Test is: /home/travis/build/icyphy/ptII/ptolemy/actor/lib/jjs/test/auto/JavaScriptSendInt.xml
626 ms. Memory: 781824K Free: 562284K (72%)
reloadAllAccessors: .JavaScriptSendInt
----------------- testing Thu Apr 19 21:46:54 UTC 2018 /home/travis/build/icyphy/ptII/ptolemy/actor/lib/jjs/test/auto/JavaScriptSendMatrix.xml
----------------- Thu Apr 19 21:46:54 UTC 2018 About to sleep for 5.0 seconds before rerunning.  Test is: /home/travis/build/icyphy/ptII/ptolemy/actor/lib/jjs/test/auto/JavaScriptSendMatrix.xml
596 ms. Memory: 781824K Free: 259312K (33%)
reloadAllAccessors: .JavaScriptSendMatrix
----------------- testing Thu Apr 19 21:47:00 UTC 2018 /home/travis/build/icyphy/ptII/ptolemy/actor/lib/jjs/test/auto/JavaScriptSendNativeArray.xml
----------------- Thu Apr 19 21:47:00 UTC 2018 About to sleep for 5.0 seconds before rerunning.  Test is: /home/travis/build/icyphy/ptII/ptolemy/actor/lib/jjs/test/auto/JavaScriptSendNativeArray.xml
1363 ms. Memory: 782336K Free: 164214K (21%)
reloadAllAccessors: .JavaScriptSendNativeArray
----------------- testing Thu Apr 19 21:47:07 UTC 2018 /home/travis/build/icyphy/ptII/ptolemy/actor/lib/jjs/test/auto/JavaScriptSendNativeObject.xml
----------------- Thu Apr 19 21:47:07 UTC 2018 About to sleep for 5.0 seconds before rerunning.  Test is: /home/travis/build/icyphy/ptII/ptolemy/actor/lib/jjs/test/auto/JavaScriptSendNativeObject.xml
1252 ms. Memory: 789504K Free: 232578K (29%)
reloadAllAccessors: .JavaScriptSendNativeObject
----------------- testing Thu Apr 19 21:47:14 UTC 2018 /home/travis/build/icyphy/ptII/ptolemy/actor/lib/jjs/test/auto/JavaScriptSendNull.xml
----------------- Thu Apr 19 21:47:14 UTC 2018 About to sleep for 5.0 seconds before rerunning.  Test is: /home/travis/build/icyphy/ptII/ptolemy/actor/lib/jjs/test/auto/JavaScriptSendNull.xml
550 ms. Memory: 789504K Free: 435198K (55%)
reloadAllAccessors: .JavaScriptSendNull
----------------- testing Thu Apr 19 21:47:20 UTC 2018 /home/travis/build/icyphy/ptII/ptolemy/actor/lib/jjs/test/auto/JavaScriptSendNullToInput.xml
----------------- Thu Apr 19 21:47:20 UTC 2018 About to sleep for 5.0 seconds before rerunning.  Test is: /home/travis/build/icyphy/ptII/ptolemy/actor/lib/jjs/test/auto/JavaScriptSendNullToInput.xml
2683 ms. Memory: 788992K Free: 633038K (80%)
reloadAllAccessors: .JavaScriptSendNullToInput
----------------- testing Thu Apr 19 21:47:28 UTC 2018 /home/travis/build/icyphy/ptII/ptolemy/actor/lib/jjs/test/auto/JavaScriptSendRecord.xml
----------------- Thu Apr 19 21:47:28 UTC 2018 About to sleep for 5.0 seconds before rerunning.  Test is: /home/travis/build/icyphy/ptII/ptolemy/actor/lib/jjs/test/auto/JavaScriptSendRecord.xml
574 ms. Memory: 788992K Free: 327381K (41%)
reloadAllAccessors: .JavaScriptSendRecord
----------------- testing Thu Apr 19 21:47:34 UTC 2018 /home/travis/build/icyphy/ptII/ptolemy/actor/lib/jjs/test/auto/JavaScriptSendRecord2.xml
----------------- Thu Apr 19 21:47:34 UTC 2018 About to sleep for 5.0 seconds before rerunning.  Test is: /home/travis/build/icyphy/ptII/ptolemy/actor/lib/jjs/test/auto/JavaScriptSendRecord2.xml
600 ms. Memory: 789504K Free: 531906K (67%)
reloadAllAccessors: .JavaScriptSendRecord2
----------------- testing Thu Apr 19 21:47:40 UTC 2018 /home/travis/build/icyphy/ptII/ptolemy/actor/lib/jjs/test/auto/JavaScriptSendRecord3.xml
----------------- Thu Apr 19 21:47:40 UTC 2018 About to sleep for 5.0 seconds before rerunning.  Test is: /home/travis/build/icyphy/ptII/ptolemy/actor/lib/jjs/test/auto/JavaScriptSendRecord3.xml
604 ms. Memory: 789504K Free: 226412K (29%)
reloadAllAccessors: .JavaScriptSendRecord3
----------------- testing Thu Apr 19 21:47:46 UTC 2018 /home/travis/build/icyphy/ptII/ptolemy/actor/lib/jjs/test/auto/JavaScriptSendString.xml
----------------- Thu Apr 19 21:47:46 UTC 2018 About to sleep for 5.0 seconds before rerunning.  Test is: /home/travis/build/icyphy/ptII/ptolemy/actor/lib/jjs/test/auto/JavaScriptSendString.xml
755 ms. Memory: 793088K Free: 595125K (75%)
reloadAllAccessors: .JavaScriptSendString
----------------- testing Thu Apr 19 21:47:52 UTC 2018 /home/travis/build/icyphy/ptII/ptolemy/actor/lib/jjs/test/auto/JavaScriptSendToInput.xml
----------------- Thu Apr 19 21:47:52 UTC 2018 About to sleep for 5.0 seconds before rerunning.  Test is: /home/travis/build/icyphy/ptII/ptolemy/actor/lib/jjs/test/auto/JavaScriptSendToInput.xml
2563 ms. Memory: 793088K Free: 285609K (36%)
reloadAllAccessors: .JavaScriptSendToInput
----------------- testing Thu Apr 19 21:48:00 UTC 2018 /home/travis/build/icyphy/ptII/ptolemy/actor/lib/jjs/test/auto/JavaScriptSetInterval.xml
----------------- Thu Apr 19 21:48:00 UTC 2018 About to sleep for 5.0 seconds before rerunning.  Test is: /home/travis/build/icyphy/ptII/ptolemy/actor/lib/jjs/test/auto/JavaScriptSetInterval.xml
1207 ms. Memory: 793600K Free: 490387K (62%)
reloadAllAccessors: .JavaScriptSetInterval
----------------- testing Thu Apr 19 21:48:07 UTC 2018 /home/travis/build/icyphy/ptII/ptolemy/actor/lib/jjs/test/auto/JavaScriptSetInterval2.xml
----------------- Thu Apr 19 21:48:07 UTC 2018 About to sleep for 5.0 seconds before rerunning.  Test is: /home/travis/build/icyphy/ptII/ptolemy/actor/lib/jjs/test/auto/JavaScriptSetInterval2.xml
1081 ms. Memory: 793600K Free: 189163K (24%)
reloadAllAccessors: .JavaScriptSetInterval2
----------------- testing Thu Apr 19 21:48:13 UTC 2018 /home/travis/build/icyphy/ptII/ptolemy/actor/lib/jjs/test/auto/JavaScriptSetTimeout.xml
----------------- Thu Apr 19 21:48:13 UTC 2018 About to sleep for 5.0 seconds before rerunning.  Test is: /home/travis/build/icyphy/ptII/ptolemy/actor/lib/jjs/test/auto/JavaScriptSetTimeout.xml
738 ms. Memory: 795136K Free: 391188K (49%)
reloadAllAccessors: .JavaScriptSetTimeout
----------------- testing Thu Apr 19 21:48:19 UTC 2018 /home/travis/build/icyphy/ptII/ptolemy/actor/lib/jjs/test/auto/JavaScriptStringToken.xml
----------------- Thu Apr 19 21:48:19 UTC 2018 About to sleep for 5.0 seconds before rerunning.  Test is: /home/travis/build/icyphy/ptII/ptolemy/actor/lib/jjs/test/auto/JavaScriptStringToken.xml
610 ms. Memory: 795136K Free: 592278K (74%)
reloadAllAccessors: .JavaScriptStringToken
----------------- testing Thu Apr 19 21:48:25 UTC 2018 /home/travis/build/icyphy/ptII/ptolemy/actor/lib/jjs/test/auto/JavaScriptTestAutoInputEtc.xml
----------------- Thu Apr 19 21:48:25 UTC 2018 About to sleep for 5.0 seconds before rerunning.  Test is: /home/travis/build/icyphy/ptII/ptolemy/actor/lib/jjs/test/auto/JavaScriptTestAutoInputEtc.xml
2548 ms. Memory: 795136K Free: 277011K (35%)
reloadAllAccessors: .JavaScriptTestAutoInputEtc
----------------- testing Thu Apr 19 21:48:33 UTC 2018 /home/travis/build/icyphy/ptII/ptolemy/actor/lib/jjs/test/auto/JavaScriptThisActor.xml
----------------- Thu Apr 19 21:48:33 UTC 2018 About to sleep for 5.0 seconds before rerunning.  Test is: /home/travis/build/icyphy/ptII/ptolemy/actor/lib/jjs/test/auto/JavaScriptThisActor.xml
716 ms. Memory: 795136K Free: 481890K (61%)
reloadAllAccessors: .JavaScriptThisActor
----------------- testing Thu Apr 19 21:48:39 UTC 2018 /home/travis/build/icyphy/ptII/ptolemy/actor/lib/jjs/test/auto/JavaScriptTimeout.xml
----------------- Thu Apr 19 21:48:39 UTC 2018 About to sleep for 5.0 seconds before rerunning.  Test is: /home/travis/build/icyphy/ptII/ptolemy/actor/lib/jjs/test/auto/JavaScriptTimeout.xml
JavaScript: JavaScriptTimeout: timeout = 100 (Thread[JavaScriptTimeout,1,main])
JavaScript: JavaScriptTimeout: timeout = 100 (Thread[JavaScriptTimeout,1,main])
JavaScript: JavaScriptTimeout: timeout = 100 (Thread[JavaScriptTimeout,1,main])
JavaScript: JavaScriptTimeout: timeout = 100 (Thread[JavaScriptTimeout,1,main])
JavaScript: JavaScriptTimeout: timeout = 100 (Thread[JavaScriptTimeout,1,main])
JavaScript: JavaScriptTimeout: timeout = 100 (Thread[JavaScriptTimeout,1,main])
1062 ms. Memory: 795136K Free: 171574K (22%)
reloadAllAccessors: .JavaScriptTimeout
----------------- testing Thu Apr 19 21:48:46 UTC 2018 /home/travis/build/icyphy/ptII/ptolemy/actor/lib/jjs/test/auto/JavaScriptWriteParameter.xml
----------------- Thu Apr 19 21:48:46 UTC 2018 About to sleep for 5.0 seconds before rerunning.  Test is: /home/travis/build/icyphy/ptII/ptolemy/actor/lib/jjs/test/auto/JavaScriptWriteParameter.xml
691 ms. Memory: 798208K Free: 567075K (71%)
reloadAllAccessors: .JavaScriptWriteParameter
----------------- testing Thu Apr 19 21:48:52 UTC 2018 /home/travis/build/icyphy/ptII/ptolemy/actor/lib/jjs/test/auto/RampDisplay.xml
----------------- Thu Apr 19 21:48:52 UTC 2018 About to sleep for 5.0 seconds before rerunning.  Test is: /home/travis/build/icyphy/ptII/ptolemy/actor/lib/jjs/test/auto/RampDisplay.xml
JSAccessor: PT_NO_NET environment variable is set, so git pull and ptdoc are not being run.
TextDisplayHelper: 1
TextDisplayHelper: 2
TextDisplayHelper: 3
TextDisplayHelper: 4
TextDisplayHelper: 5
7730 ms. Memory: 802304K Free: 291078K (36%)
reloadAllAccessors: .RampDisplay
This is the first time that the reloadAllAccessors method has been invoked in this JVM, so the the accessors repo will be checked out or updated and JSDoc invoked. Note that running the tests may end up invoking a new JVM for each directory, so the repo may be checked out or updated and JSDoc invoked more than once when the tests are run.
----------------- Thu Apr 19 21:49:07 UTC 2018 About to sleep for 5.0 seconds before rerunning.  Test is: /home/travis/build/icyphy/ptII/ptolemy/actor/lib/jjs/test/auto/RampDisplay.xml
----------------- Reloaded Accessors and testing again Thu Apr 19 21:49:12 UTC 2018 /home/travis/build/icyphy/ptII/ptolemy/actor/lib/jjs/test/auto/RampDisplay.xml
TextDisplayHelper: 1
TextDisplayHelper: 2
TextDisplayHelper: 3
TextDisplayHelper: 4
TextDisplayHelper: 5
7733 ms. Memory: 803328K Free: 242036K (30%)
----------------- testing Thu Apr 19 21:49:20 UTC 2018 /home/travis/build/icyphy/ptII/ptolemy/actor/lib/jjs/test/auto/SelfBuilder.xml
----------------- Thu Apr 19 21:49:20 UTC 2018 About to sleep for 5.0 seconds before rerunning.  Test is: /home/travis/build/icyphy/ptII/ptolemy/actor/lib/jjs/test/auto/SelfBuilder.xml
808 ms. Memory: 805888K Free: 645365K (80%)
reloadAllAccessors: .SelfBuilder
----------------- testing Thu Apr 19 21:49:26 UTC 2018 /home/travis/build/icyphy/ptII/ptolemy/actor/lib/jjs/test/auto/SelfBuilder10.xml
----------------- Thu Apr 19 21:49:26 UTC 2018 About to sleep for 5.0 seconds before rerunning.  Test is: /home/travis/build/icyphy/ptII/ptolemy/actor/lib/jjs/test/auto/SelfBuilder10.xml
606 ms. Memory: 805888K Free: 324604K (40%)
reloadAllAccessors: .SelfBuilder10
----------------- testing Thu Apr 19 21:49:32 UTC 2018 /home/travis/build/icyphy/ptII/ptolemy/actor/lib/jjs/test/auto/SelfBuilder2.xml
----------------- Thu Apr 19 21:49:32 UTC 2018 About to sleep for 5.0 seconds before rerunning.  Test is: /home/travis/build/icyphy/ptII/ptolemy/actor/lib/jjs/test/auto/SelfBuilder2.xml
577 ms. Memory: 805888K Free: 528452K (66%)
reloadAllAccessors: .SelfBuilder2
----------------- testing Thu Apr 19 21:49:38 UTC 2018 /home/travis/build/icyphy/ptII/ptolemy/actor/lib/jjs/test/auto/SelfBuilder3.xml
----------------- Thu Apr 19 21:49:38 UTC 2018 About to sleep for 5.0 seconds before rerunning.  Test is: /home/travis/build/icyphy/ptII/ptolemy/actor/lib/jjs/test/auto/SelfBuilder3.xml
609 ms. Memory: 805888K Free: 222855K (28%)
reloadAllAccessors: .SelfBuilder3
----------------- testing Thu Apr 19 21:49:44 UTC 2018 /home/travis/build/icyphy/ptII/ptolemy/actor/lib/jjs/test/auto/SelfBuilder4.xml
----------------- Thu Apr 19 21:49:44 UTC 2018 About to sleep for 5.0 seconds before rerunning.  Test is: /home/travis/build/icyphy/ptII/ptolemy/actor/lib/jjs/test/auto/SelfBuilder4.xml
630 ms. Memory: 805888K Free: 426534K (53%)
reloadAllAccessors: .SelfBuilder4
----------------- testing Thu Apr 19 21:49:50 UTC 2018 /home/travis/build/icyphy/ptII/ptolemy/actor/lib/jjs/test/auto/SelfBuilder5.xml
----------------- Thu Apr 19 21:49:50 UTC 2018 About to sleep for 5.0 seconds before rerunning.  Test is: /home/travis/build/icyphy/ptII/ptolemy/actor/lib/jjs/test/auto/SelfBuilder5.xml
726 ms. Memory: 802816K Free: 614417K (77%)
reloadAllAccessors: .SelfBuilder5
----------------- testing Thu Apr 19 21:49:56 UTC 2018 /home/travis/build/icyphy/ptII/ptolemy/actor/lib/jjs/test/auto/SelfBuilder6.xml
----------------- Thu Apr 19 21:49:56 UTC 2018 About to sleep for 5.0 seconds before rerunning.  Test is: /home/travis/build/icyphy/ptII/ptolemy/actor/lib/jjs/test/auto/SelfBuilder6.xml
606 ms. Memory: 802816K Free: 289726K (36%)
reloadAllAccessors: .SelfBuilder6
----------------- testing Thu Apr 19 21:50:02 UTC 2018 /home/travis/build/icyphy/ptII/ptolemy/actor/lib/jjs/test/auto/SelfBuilder7.xml
----------------- Thu Apr 19 21:50:02 UTC 2018 About to sleep for 5.0 seconds before rerunning.  Test is: /home/travis/build/icyphy/ptII/ptolemy/actor/lib/jjs/test/auto/SelfBuilder7.xml
727 ms. Memory: 805376K Free: 495433K (62%)
reloadAllAccessors: .SelfBuilder7
----------------- testing Thu Apr 19 21:50:08 UTC 2018 /home/travis/build/icyphy/ptII/ptolemy/actor/lib/jjs/test/auto/SelfBuilder8.xml
----------------- Thu Apr 19 21:50:08 UTC 2018 About to sleep for 5.0 seconds before rerunning.  Test is: /home/travis/build/icyphy/ptII/ptolemy/actor/lib/jjs/test/auto/SelfBuilder8.xml
699 ms. Memory: 805376K Free: 183388K (23%)
reloadAllAccessors: .SelfBuilder8
----------------- testing Thu Apr 19 21:50:14 UTC 2018 /home/travis/build/icyphy/ptII/ptolemy/actor/lib/jjs/test/auto/SelfBuilder9.xml
----------------- Thu Apr 19 21:50:14 UTC 2018 About to sleep for 5.0 seconds before rerunning.  Test is: /home/travis/build/icyphy/ptII/ptolemy/actor/lib/jjs/test/auto/SelfBuilder9.xml
601 ms. Memory: 811520K Free: 586884K (72%)
reloadAllAccessors: .SelfBuilder9
AutoTests.java: About to close Vertx.
AutoTests.java: Vertx closed.
]]></system-out>
  <system-err><![CDATA[WARNING: JavaScript: Model stopped before executing actions (e.g. producing outputs) scheduled for execution at times [0.8]
WARNING: JavaScript: Model stopped before executing actions (e.g. producing outputs) scheduled for execution at times [0.6]
WARNING: TestSpontaneous: Model stopped before executing actions (e.g. producing outputs) scheduled for execution at times [6.0]
WARNING: TestSpontaneous: Model stopped before executing actions (e.g. producing outputs) scheduled for execution at times [6.0]
]]></system-err>
</testsuite>
