<?xml version="1.0" encoding="UTF-8" ?>
<testsuite errors="0" failures="1" hostname="travis-job-60ad834b-fbee-47aa-82d1-31fc28e543c6" name="ptolemy.actor.lib.test.junit.JUnitTclTest" skipped="0" tests="518" time="71.373" timestamp="2018-05-10T14:46:35">
  <properties>
    <property name="npm.executable" value="npm" />
    <property name="file.encoding.pkg" value="sun.io" />
    <property name="ptII.mk.exists" value="true" />
    <property name="env.rvm_bin_path" value="/home/travis/.rvm/bin" />
    <property name="java.home" value="/usr/lib/jvm/java-8-oracle/jre" />
    <property name="env.TRAVIS_JOB_NUMBER" value="416.6" />
    <property name="env.DISPLAY" value=":99.0" />
    <property name="java.net.preferIPv4Stack" value="true" />
    <property name="env.SSH_TTY" value="/dev/pts/0" />
    <property name="env.RUN_TESTS" value="true" />
    <property name="timeout.short" value="1000000" />
    <property name="env.TRAVIS_STACK_NODE_ATTRIBUTES" value="/.node-attributes.yml" />
    <property name="junit.formatter" value="xml" />
    <property name="java.endorsed.dirs" value="/usr/lib/jvm/java-8-oracle/jre/lib/endorsed" />
    <property name="env.TRAVIS_SUDO" value="true" />
    <property name="env.LOGNAME" value="travis" />
    <property name="env.PT_TRAVIS_TEST_CORE1_XML" value="true" />
    <property name="jsdoc.home" value="node_modules/@terraswarm/jsdoc" />
    <property name="debuglevel" value="source,lines,vars" />
    <property name="checkstyle.formatter" value="xml" />
    <property name="bin.vergil.makeable" value="true" />
    <property name="env._system_version" value="14.04" />
    <property name="sun.os.patch.level" value="unknown" />
    <property name="java.vendor.url" value="http://java.oracle.com/" />
    <property name="java.version" value="1.8.0_151" />
    <property name="env.TZ" value="UTC" />
    <property name="env.PT_NO_NET" value="true" />
    <property name="env.TRAVIS_PULL_REQUEST_SHA" value="" />
    <property name="env.TRAVIS_SECURE_ENV_VARS" value="true" />
    <property name="env._system_type" value="Linux" />
    <property name="java.vendor.url.bug" value="http://bugreport.sun.com/bugreport/" />
    <property name="env.SSH_CLIENT" value="10.10.4.28 36360 22" />
    <property name="env.GEM_HOME" value="/home/travis/.rvm/gems/ruby-2.4.1" />
    <property name="env.HAS_ANTARES_THREE_LITTLE_FRONZIES_BADGE" value="true" />
    <property name="env.PS4" value="+" />
    <property name="ant.project.invoked-targets" value="build,test.core1.xml" />
    <property name="env.TRAVIS_PULL_REQUEST_BRANCH" value="" />
    <property name="env.TRAVIS_REPO_SLUG" value="icyphy/ptII" />
    <property name="node.in.path" value="true" />
    <property name="java.maxmemory" value="1400m" />
    <property name="env.RUBY_VERSION" value="ruby-2.4.1" />
    <property name="user.name" value="travis" />
    <property name="env.LANG" value="en_US.UTF-8" />
    <property name="sun.io.unicode.encoding" value="UnicodeLittle" />
    <property name="sun.jnu.encoding" value="UTF-8" />
    <property name="java.runtime.name" value="Java(TM) SE Runtime Environment" />
    <property name="usefile" value="false" />
    <property name="return.code" value="0" />
    <property name="junit.single.formatter" value="plain" />
    <property name="env.DYLD_LIBRARY_PATH" value="/home/travis/pthla/certi-tools/lib:" />
    <property name="env.DEBIAN_FRONTEND" value="noninteractive" />
    <property name="env.SSH_CONNECTION" value="10.10.4.28 36360 10.20.255.83 22" />
    <property name="env.MYSQL_UNIX_PORT" value="/var/run/mysqld/mysqld.sock" />
    <property name="env.TRAVIS_ALLOW_FAILURE" value="false" />
    <property name="env.LC_ALL" value="en_US.UTF-8" />
    <property name="java.specification.name" value="Java Platform API Specification" />
    <property name="node.works" value="true" />
    <property name="user.timezone" value="" />
    <property name="path.separator" value=":" />
    <property name="env.PYTHON_CFLAGS" value="-g -fstack-protector --param=ssp-buffer-size=4 -Wformat -Werror=format-security" />
    <property name="timeout.long" value="4000000" />
    <property name="env.CERTI_HOME" value="/home/travis/pthla/certi-tools" />
    <property name="file.encoding" value="UTF-8" />
    <property name="ant.file.ptII" value="/home/travis/build/icyphy/ptII/build.xml" />
    <property name="javadoc.packagenames" value="com.*,diva.*,lbnl.*,org.hlacerti.*,org.json.*,org.ptolemy.*,org.terraswarm.*,ptolemy.*,ptserver.*" />
    <property name="env.TRAVIS_PULL_REQUEST_SLUG" value="" />
    <property name="ant.project.default-target" value="build" />
    <property name="env.GIT_ASKPASS" value="echo" />
    <property name="env.HOME" value="/home/travis" />
    <property name="sun.java.command" value="org.apache.tools.ant.taskdefs.optional.junit.JUnitTestRunner ptolemy.actor.lib.test.junit.JUnitTclTest skipNonTests=false filtertrace=true haltOnError=false haltOnFailure=false formatter=org.apache.tools.ant.taskdefs.optional.junit.OutErrSummaryJUnitResultFormatter showoutput=true outputtoformatters=true logfailedtests=true threadid=0 logtestlistenerevents=false formatter=org.apache.tools.ant.taskdefs.optional.junit.XMLJUnitResultFormatter,/home/travis/build/icyphy/ptII/reports/junit/TEST-ptolemy.actor.lib.test.junit.JUnitTclTest.xml crashfile=/home/travis/build/icyphy/ptII/junitvmwatcher2427820389797084701.properties propsfile=/home/travis/build/icyphy/ptII/junit8931116698994723760.properties" />
    <property name="env.MANPATH" value="/home/travis/.nvm/versions/node/v7.10.1/share/man:/home/travis/.kiex/elixirs/elixir-1.4.5/man:/home/travis/.rvm/rubies/ruby-2.4.1/share/man:/usr/local/man:/usr/local/cmake-3.9.2/man:/usr/local/clang-5.0.0/share/man:/usr/local/share/man:/usr/share/man:/home/travis/.rvm/man" />
    <property name="env.COMPOSER_NO_INTERACTION" value="1" />
    <property name="env.JDK_SWITCHER_DEFAULT" value="oraclejdk8" />
    <property name="ant.file" value="/home/travis/build/icyphy/ptII/build.xml" />
    <property name="env.TRAVIS_COMMIT_RANGE" value="6115f0ac09d4...7f7223a67197" />
    <property name="env._system_name" value="Ubuntu" />
    <property name="timeout" value="2400000" />
    <property name="ptII.classpath.optional.property" value="/home/travis/build/icyphy/ptII/lib/bsh-2.0b4.jar:/home/travis/build/icyphy/ptII/lib/ptCal.jar:/home/travis/build/icyphy/ptII/lib/java_cup.jar:/home/travis/build/icyphy/ptII/lib/saxon8.jar:/home/travis/build/icyphy/ptII/lib/saxon8-dom.jar:/home/travis/build/icyphy/ptII/lib/chic.jar:/home/travis/build/icyphy/ptII/lib/ptcolt.jar:/usr/lib/jvm/java-8-oracle/lib/tools.jar:/usr/lib/eclipse/plugins/org.eclipse.jdt.core_3.8.2.dist.jar:/usr/lib/eclipse/plugins/org.eclipse.core.runtime_3.8.0.dist.jar:/usr/lib/eclipse/plugins/org.eclipse.osgi_3.8.1.dist.jar:/usr/lib/eclipse/plugins/org.eclipse.core.resources_3.8.1.dist.jar:/usr/lib/eclipse/plugins/org.eclipse.equinox.common_3.6.100.dist.jar:/usr/lib/eclipse/plugins/org.eclipse.core.jobs_3.5.200.dist.jar:/usr/lib/eclipse/plugins/org.eclipse.core.contenttype_3.4.200.dist.jar:/usr/lib/eclipse/plugins/org.eclipse.equinox.preferences_3.5.0.dist.jar:/usr/lib/eclipse/plugins/org.eclipse.text_3.5.200.dist.jar:/usr/lib/eclipse/plugins/org.eclipse.ui.workbench_3.8.1.dist.jar:/usr/lib/eclipse/plugins/org.eclipse.jface_3.8.0.dist.jar:/usr/lib/eclipse/plugins/org.eclipse.swt_3.8.2.jar:/usr/lib/eclipse/plugins/org.eclipse.jface.text_3.8.1.dist.jar:/usr/lib/eclipse/plugins/org.eclipse.ui.workbench.texteditor_3.8.0.dist.jar:/usr/lib/eclipse/plugins/org.eclipse.ui.editors_3.8.0.dist.jar:/usr/lib/eclipse/plugins/org.eclipse.core.commands_3.6.1.dist.jar:/usr/lib/eclipse/plugins/org.eclipse.equinox.registry_3.5.200.dist.jar:/usr/lib/eclipse/plugins/org.eclipse.ui.console_3.5.100.dist.jar:/usr/lib/eclipse/plugins/org.eclipse.ui.forms_3.5.200.dist.jar:/usr/lib/eclipse/plugins/org.eclipse.ui.ide_3.8.1.dist.jar:/home/travis/build/icyphy/ptII/vendors/oracle/dbxml.jar:/home/travis/build/icyphy/ptII/vendors/oracle/db.jar:/home/travis/build/icyphy/ptII/vendors/misc/itext/iText.jar:/home/travis/build/icyphy/ptII/lib/g4ltl.jar:/home/travis/build/icyphy/ptII/lib/StructuralCoder.jar:/home/travis/build/icyphy/ptII/lib/org-openide-util.jar:/home/travis/build/icyphy/ptII/lib/org-openide-util-lookup.jar:/home/travis/build/icyphy/ptII/lib/org-netbeans-api-visual.jar:/home/travis/build/icyphy/ptII/vendors/jai-1_1_2_01/lib/jai_core.jar:/home/travis/build/icyphy/ptII/vendors/jai-1_1_2_01/lib/jai_codec.jar:/home/travis/build/icyphy/ptII/lib/jcerti.jar:/home/travis/build/icyphy/ptII/lib/smack.jar:/home/travis/build/icyphy/ptII/lib/smackx.jar:/home/travis/build/icyphy/ptII/lib/jetty-all-8.1.5-v20120716.jar:/home/travis/build/icyphy/ptII/lib/javax.servlet-api-3.0.1.jar:/home/travis/build/icyphy/ptII/lib/javax.mail.jar:/home/travis/build/icyphy/ptII/vendors/JMF-2.1.1e/lib/jmf.jar:/home/travis/build/icyphy/ptII/lib/jna-4.0.0-variadic.jar:/home/travis/build/icyphy/ptII/vendors/misc/joystick/Joystick.jar:/home/travis/build/icyphy/ptII/lib/ptjacl.jar:/home/travis/build/icyphy/ptII/lib/jsoup-1.8.2.jar:/home/travis/build/icyphy/ptII/lib/junit-4.8.2.jar:/home/travis/build/icyphy/ptII/lib/JUnitParams-0.4.0.jar:/home/travis/build/icyphy/ptII/ptolemy/actor/lib/excel/jxl.jar:/home/travis/build/icyphy/ptII/lib/jython.jar:/home/travis/build/icyphy/ptII/lib/kieler.jar:/home/travis/build/icyphy/ptII/vendors/opencv/share/OpenCV/java/opencv-341.jar:/home/travis/build/icyphy/ptII/lib/oscP5.jar:/home/travis/build/icyphy/ptII/lib/nrjavaserial-3.11.0.devel.jar:/usr/share/java/j3dcore.jar:/usr/share/java/j3dutils.jar:/usr/share/java/vecmath.jar:/home/travis/build/icyphy/ptII/ptolemy/distributed/jini/jar/jini-core.jar:/home/travis/build/icyphy/ptII/ptolemy/distributed/jini/jar/jini-ext.jar:/home/travis/build/icyphy/ptII/ptolemy/distributed/jini/jar/sun-util.jar:/home/travis/build/icyphy/ptII/lib/protobuf-java-2.4.1.jar:/home/travis/build/icyphy/ptII/lib/org.eclipse.paho.client.mqttv3.jar:/home/travis/build/icyphy/ptII/ptserver/lib/hessian-4.0.7.jar:/home/travis/build/icyphy/ptII/ptserver/lib/wmqtt.jar:/home/travis/build/icyphy/ptII/lib/mapss.jar:/home/travis/build/icyphy/ptII/ptolemy/actor/ptalon/antlr/antlr.jar:/home/travis/build/icyphy/ptII/lib/JRI.jar:/home/travis/build/icyphy/ptII/lib/commons-lang-2.6.jar:/home/travis/build/icyphy/ptII/lib/commons-logging-1.1.1.jar:/home/travis/build/icyphy/ptII/lib/sootclasses.jar:/home/travis/build/icyphy/ptII/ptolemy/actor/lib/database/mysql-connector-java-5.1.6-bin.jar:/home/travis/build/icyphy/ptII/vendors/misc/sphinx4/sphinx4-data-5prealpha.jar:/home/travis/build/icyphy/ptII/vendors/misc/sphinx4/sphinx4-core-5prealpha.jar:/home/travis/build/icyphy/ptII/lib/PDFRenderer.jar:/home/travis/build/icyphy/ptII/lib/svgSalamander.jar:/home/travis/build/icyphy/ptII/lib/rsyntaxtextarea-2.6.0-SNAPSHOT.jar:/home/travis/build/icyphy/ptII/lib/hazelcast-3.8.2.jar:/home/travis/build/icyphy/ptII/lib/jackson-annotations-2.9.0.jar:/home/travis/build/icyphy/ptII/lib/jackson-core-2.9.3.jar:/home/travis/build/icyphy/ptII/lib/jackson-databind-2.9.3.jar:/home/travis/build/icyphy/ptII/lib/netty-buffer-4.1.19.Final.jar:/home/travis/build/icyphy/ptII/lib/netty-codec-4.1.19.Final.jar:/home/travis/build/icyphy/ptII/lib/netty-codec-dns-4.1.19.Final.jar:/home/travis/build/icyphy/ptII/lib/netty-codec-http-4.1.19.Final.jar:/home/travis/build/icyphy/ptII/lib/netty-codec-http2-4.1.19.Final.jar:/home/travis/build/icyphy/ptII/lib/netty-common-4.1.19.Final.jar:/home/travis/build/icyphy/ptII/lib/netty-handler-4.1.19.Final.jar:/home/travis/build/icyphy/ptII/lib/netty-resolver-4.1.19.Final.jar:/home/travis/build/icyphy/ptII/lib/netty-resolver-dns-4.1.19.Final.jar:/home/travis/build/icyphy/ptII/lib/netty-transport-4.1.19.Final.jar:/home/travis/build/icyphy/ptII/lib/vertx-codegen-3.5.1.jar:/home/travis/build/icyphy/ptII/lib/vertx-core-3.5.2-SNAPSHOT.jar:/home/travis/build/icyphy/ptII/lib/vertx-hazelcast-3.5.1.jar:/home/travis/build/icyphy/ptII/lib/vertx-lang-js-3.5.1.jar:/home/travis/build/icyphy/ptII/lib/vertx-service-proxy-3.5.1.jar:/home/travis/build/icyphy/ptII/lib/vertx-web-3.5.1.jar:/home/travis/build/icyphy/ptII/lib/slf4j-api-1.7.13.jar:/home/travis/build/icyphy/ptII/lib/slf4j-simple-1.7.13.jar:/home/travis/build/icyphy/ptII/lib/webcam-capture-0.3.12.jar:/home/travis/build/icyphy/ptII/lib/bridj-0.7.0.jar:/home/travis/build/icyphy/ptII/lib/xbjlib-1.1.0.nrjavaserial.jar" />
    <property name="test.batch" value="**/junit/*.java" />
    <property name="env._" value="/usr/bin/timeout" />
    <property name="java.io.tmpdir" value="/tmp" />
    <property name="user.language" value="en" />
    <property name="env.HISTCONTROL" value="ignoredups:ignorespace" />
    <property name="env.GOROOT" value="/home/travis/.gimme/versions/go1.7.4.linux.amd64" />
    <property name="line.separator" value="&#xa;" />
    <property name="target" value="1.8" />
    <property name="env.TRAVIS_BUILD_DIR" value="/home/travis/build/icyphy/ptII" />
    <property name="env.ANT_OPTS" value="-Xmx2048m" />
    <property name="ant.file.type" value="file" />
    <property name="ptolemy.ptII.batchMode" value="true" />
    <property name="env.HISTSIZE" value="1000" />
    <property name="env.MERB_ENV" value="test" />
    <property name="java.vm.info" value="mixed mode" />
    <property name="source" value="1.8" />
    <property name="java.vm.specification.name" value="Java Virtual Machine Specification" />
    <property name="env.TRAVIS_TEST_RESULT" value="0" />
    <property name="jsdoc.command" value="node_modules/@terraswarm/jsdoc/jsdoc.js" />
    <property name="npm.works" value="true" />
    <property name="cobertura.dir" value="/home/travis/build/icyphy/ptII/vendors/cobertura-2.0.3" />
    <property name="env.rvm_path" value="/home/travis/.rvm" />
    <property name="env.GEM_PATH" value="/home/travis/.rvm/gems/ruby-2.4.1:/home/travis/.rvm/gems/ruby-2.4.1@global" />
    <property name="env.LC_CTYPE" value="en_US.UTF-8" />
    <property name="java.awt.printerjob" value="sun.print.PSPrinterJob" />
    <property name="env.TRAVIS_STACK_NAME" value="garnet" />
    <property name="ant.version" value="Apache Ant(TM) version 1.10.1 compiled on February 2 2017" />
    <property name="ptII.reports" value="/home/travis/build/icyphy/ptII/reports" />
    <property name="env.TRAVIS_STACK_TIMESTAMP" value="2017-12-05 19:33:09 UTC" />
    <property name="ant.file.type.ptII" value="file" />
    <property name="env.RBENV_SHELL" value="bash" />
    <property name="os.name" value="Linux" />
    <property name="java.specification.vendor" value="Oracle Corporation" />
    <property name="env.rvm_version" value="1.29.3 (latest)" />
    <property name="env.TERM" value="xterm" />
    <property name="java.vm.name" value="Java HotSpot(TM) 64-Bit Server VM" />
    <property name="env.TRAVIS_BUILD_NUMBER" value="416" />
    <property name="env.CI" value="true" />
    <property name="java.library.path" value="/home/travis/pthla/certi-tools/lib:/usr/lib/jni:/usr/local/share/OpenCV/java/:/usr/share/OpenCV/java::/usr/java/packages/lib/amd64:/usr/lib64:/lib64:/lib:/usr/lib" />
    <property name="env.rvm_prefix" value="/home/travis" />
    <property name="env.PATH" value="/home/travis/pthla/certi-tools/share/scripts:/home/travis/.rvm/gems/ruby-2.4.1/bin:/home/travis/.rvm/gems/ruby-2.4.1@global/bin:/home/travis/.rvm/rubies/ruby-2.4.1/bin:/home/travis/.rvm/bin:/home/travis/.nvm/versions/node/v7.10.1/bin:./node_modules/.bin:/home/travis/build/icyphy/ptII/bin:/home/travis/pthla/certi-tools/bin:/home/travis/bin:/home/travis/.local/bin:/opt/pyenv/shims:/home/travis/.phpenv/shims:/home/travis/perl5/perlbrew/bin:/home/travis/.kiex/elixirs/elixir-1.4.5/bin:/home/travis/.kiex/bin:/home/travis/gopath/bin:/home/travis/.gimme/versions/go1.7.4.linux.amd64/bin:/usr/local/phantomjs/bin:/usr/local/phantomjs:/usr/local/neo4j-3.2.7/bin:/usr/local/maven-3.5.2/bin:/usr/local/cmake-3.9.2/bin:/usr/local/clang-5.0.0/bin:/usr/local/sbin:/usr/local/bin:/usr/sbin:/usr/bin:/sbin:/bin:/home/travis/.phpenv/bin:/opt/pyenv/bin:/home/travis/.yarn/bin" />
    <property name="env.TRAVIS_OS_NAME" value="linux" />
    <property name="ant.java.version" value="1.8" />
    <property name="basedir" value="/home/travis/build/icyphy/ptII" />
    <property name="java.class.version" value="52.0" />
    <property name="env.SHLVL" value="3" />
    <property name="env.LD_LIBRARY_PATH" value="/home/travis/pthla/certi-tools/lib:/usr/lib/jni:/usr/local/share/OpenCV/java/:/usr/share/OpenCV/java:" />
    <property name="env.RACK_ENV" value="test" />
    <property name="ant.home" value="/home/travis/build/icyphy/ptII/ant" />
    <property name="env.NVM_DIR" value="/home/travis/.nvm" />
    <property name="env.PERLBREW_BASHRC_VERSION" value="0.80" />
    <property name="env.CERTI_FOM_PATH" value="/home/travis/pthla/certi-tools/share/federations" />
    <property name="env.TRAVIS_BUILD_ID" value="377305014" />
    <property name="env.PYENV_ROOT" value="/opt/pyenv" />
    <property name="env.TRAVIS_UID" value="2000" />
    <property name="env.rvm_pretty_print_flag" value="auto" />
    <property name="env.NVM_BIN" value="/home/travis/.nvm/versions/node/v7.10.1/bin" />
    <property name="env.TRAVIS_COMMIT" value="7f7223a671976c0d47442ed481b4fd459e9d4bce" />
    <property name="env._system_arch" value="x86_64" />
    <property name="node.executable" value="node" />
    <property name="sun.boot.library.path" value="/usr/lib/jvm/java-8-oracle/jre/lib/amd64" />
    <property name="sun.management.compiler" value="HotSpot 64-Bit Tiered Compilers" />
    <property name="env.GOPATH" value="/home/travis/gopath" />
    <property name="java.awt.graphicsenv" value="sun.awt.X11GraphicsEnvironment" />
    <property name="ptolemy.ptII.dir" value="/home/travis/build/icyphy/ptII" />
    <property name="env.USER" value="travis" />
    <property name="env.HISTFILESIZE" value="2000" />
    <property name="timeout.longest" value="19000000" />
    <property name="env.TRAVIS_STACK_FEATURES" value="basic cassandra chromium couchdb disabled-ipv6 docker docker-compose elasticsearch firefox go-toolchain google-chrome jdk memcached mongodb mysql neo4j nodejs_interpreter perl_interpreter perlbrew phantomjs postgresql python_interpreter rabbitmq redis riak ruby_interpreter sqlite xserver" />
    <property name="env.TRAVIS_PULL_REQUEST" value="false" />
    <property name="env.PYENV_SHELL" value="bash" />
    <property name="ant.project.name" value="ptII" />
    <property name="java.vm.specification.version" value="1.8" />
    <property name="env.CERTI_VERSION" value="4.0.0" />
    <property name="env.NLSPATH" value="/usr/dt/lib/nls/msg/%L/%N.cat" />
    <property name="awt.toolkit" value="sun.awt.X11.XToolkit" />
    <property name="env.CERTI_HOST" value="localhost" />
    <property name="env.MY_RUBY_HOME" value="/home/travis/.rvm/rubies/ruby-2.4.1" />
    <property name="sun.cpu.isalist" value="" />
    <property name="java.ext.dirs" value="/usr/lib/jvm/java-8-oracle/jre/lib/ext:/usr/java/packages/lib/ext" />
    <property name="os.version" value="4.4.0-101-generic" />
    <property name="user.home" value="/home/travis" />
    <property name="env.MIX_ARCHIVES" value="/home/travis/.kiex/mix/elixir-1.4.5" />
    <property name="java.vm.vendor" value="Oracle Corporation" />
    <property name="env.TRAVIS_TAG" value="nightly" />
    <property name="env.TRAVIS_FILTERED" value="pty" />
    <property name="env.PTII" value="/home/travis/build/icyphy/ptII" />
    <property name="env.JAVA_HOME" value="/usr/lib/jvm/java-8-oracle" />
    <property name="javadoc.excludepackagenames" value="adm.cvs2svn.*,build.*,config.*,doc.coding.templates.*,jni.test.jni.meaningOfLife.*,jni.test.jni.testDeux.*,jni.test.jni.testTrois.*,org.terraswarm.accessor.accessors.web.node_modules.*,org.terraswarm.accessor.accessors.web.hosts.cordova.demo.*,org.terraswarm.accessor.accessors.web.hosts.cordova.plugins.*,org.terraswarm.accessor.accessors-svn.*,pt-modules.*,ptolemy.apps.agilent.*,ptolemy.apps.anytimecontrol.*,ptolemy.apps.apes.*,ptolemy.apps.charon.*,ptolemy.apps.crazyboard.*,ptolemy.apps.eclipse.*,ptolemy.apps.etherealSting.*,ptolemy.apps.fullscreen.*,ptolemy.apps.giotto.*,ptolemy.apps.ia.*,ptolemy.apps.interfaces.*,ptolemy.apps.jmf.*,ptolemy.apps.kurt.*,ptolemy.apps.kvm.*,ptolemy.apps.lego.*,ptolemy.apps.lejos.*,ptolemy.apps.midp.*,ptolemy.apps.mobileCoding.*,ptolemy.apps.pendulum.*,ptolemy.apps.rijndael.*,ptolemy.apps.robot.*,ptolemy.apps.security.*,ptolemy.apps.sobel.*,ptolemy.apps.soot.*,ptolemy.apps.throttle.*,ptolemy.apps.tini.*,ptolemy.apps.transmission.*,ptolemy.apps.vergil.*,ptolemy.apps.waba.*,ptolemy.apps.websensor.*,ptolemy.apps.webstart.*,ptolemy.apps.xsl.*,ptolemy.apps.zaurus.*,ptolemy.backtrack.eclipse.plugin.*,ptolemy.backtrack.test.*,ptolemy.codegen.c.actor.lib.oldJavaFiles.*,ptolemy.codegen.dsp.lib.*,ptolemy.codegen.kernel.newInterfaces.*,ptolemy.codegen.lib.*,ptolemy.copernicus.kernel.fragment.*,ptolemy.copernicus.shallow.cg.*,ptolemy.domains.giotto.demo.Hierarchy.Hierarchy.*,ptolemy.domains.giotto.demo.Multimode.Multimode.*,ptolemy.domains.giotto.demo.Simple.Simple.*,ptolemy.domains.gr.lib.experimental.*,ptolemy.domains.gro.*,ptolemy.domains.pdf.*,ptolemy.domains.ptinyos.demo.Surge.output.*,ptolemy.moml.test.NoPackageActor.java*,ptolemy.plot.adm.*,ptolemy.plot.servlet.*,reports.*,signed.*,src.*,target.*,vendors.*,ptolemy.copernicus.applet.*,ptolemy.media.viewer.*,ptolemy.cg.adapter.generic.program.procedural.c.mbed*,ptolemy.actor.lib.fmi.fmus.omc*,ptolemy.domains.openmodelica*,ptdb.kernel.bl.save.test.*,ptdb.kernel.bl.load.test.*,ptdb.kernel.bl.search.test.*,ptdb.kernel.bl.migration.test.*,ptdb.kernel.database.test.*,ptdb.test.*,ptdb.gui.test.*,org.ptolemy.scala.*,diva.util.java2d.svg.*,ptolemy.domains.ptinyos.*,ptolemy.actor.lib.fmi.fmipp.*,,org.terraswarm.accessor.accessors.web.node_modules.*,org.terraswarm.accessor.accessors-svn,ptolemy.actor.ptalon.demo.ptinyos.SendAndReceiveCnt.output,ptolemy.actor.ptalon.demo.ptinyos.SenseToLeds.output,ptolemy.domains.ptinyos.demo.CntToLedsAndRfm.output,ptolemy.domains.ptinyos.demo.RfmToLeds.output,ptolemy.domains.ptinyos.demo.SendAndReceiveCnt.output,ptolemy.domains.ptinyos.demo.SenseToLeds.output" />
    <property name="env.TRAVIS_COMMIT_MESSAGE" value="Added second batch of export demos." />
    <property name="keystore" value="ptKeystore" />
    <property name="env.XDG_SESSION_ID" value="2" />
    <property name="junit.output.dir" value="/home/travis/build/icyphy/ptII/reports/junit" />
    <property name="npm.return.code" value="0" />
    <property name="user.dir" value="/home/travis/build/icyphy/ptII/ptolemy/actor/lib/test" />
    <property name="env.XFILESEARCHPATH" value="/usr/dt/app-defaults/%L/Dt" />
    <property name="env.TRAVIS_NODE_VERSION" value="7" />
    <property name="env.TRAVIS_EVENT_TYPE" value="push" />
    <property name="env.MAIL" value="/var/mail/travis" />
    <property name="env.PWD" value="/home/travis/build/icyphy/ptII" />
    <property name="env.PERLBREW_ROOT" value="/home/travis/perl5/perlbrew" />
    <property name="timeout.npm" value="45000" />
    <property name="env.PAGER" value="cat" />
    <property name="sun.cpu.endian" value="little" />
    <property name="env.TRAVIS_BUILD_STAGE_NAME" value="Test" />
    <property name="env.PERLBREW_HOME" value="/home/travis/.perlbrew" />
    <property name="java.vm.version" value="25.151-b12" />
    <property name="env.RAILS_ENV" value="test" />
    <property name="java.class.path" value="/home/travis/.ptolemyII:/home/travis/.ptolemyII/*:/home/travis/build/icyphy/ptII:/home/travis/build/icyphy/ptII/lib/bsh-2.0b4.jar:/home/travis/build/icyphy/ptII/lib/ptCal.jar:/home/travis/build/icyphy/ptII/lib/java_cup.jar:/home/travis/build/icyphy/ptII/lib/saxon8.jar:/home/travis/build/icyphy/ptII/lib/saxon8-dom.jar:/home/travis/build/icyphy/ptII/lib/chic.jar:/home/travis/build/icyphy/ptII/lib/ptcolt.jar:/usr/lib/jvm/java-8-oracle/lib/tools.jar:/usr/lib/eclipse/plugins/org.eclipse.jdt.core_3.8.2.dist.jar:/usr/lib/eclipse/plugins/org.eclipse.core.runtime_3.8.0.dist.jar:/usr/lib/eclipse/plugins/org.eclipse.osgi_3.8.1.dist.jar:/usr/lib/eclipse/plugins/org.eclipse.core.resources_3.8.1.dist.jar:/usr/lib/eclipse/plugins/org.eclipse.equinox.common_3.6.100.dist.jar:/usr/lib/eclipse/plugins/org.eclipse.core.jobs_3.5.200.dist.jar:/usr/lib/eclipse/plugins/org.eclipse.core.contenttype_3.4.200.dist.jar:/usr/lib/eclipse/plugins/org.eclipse.equinox.preferences_3.5.0.dist.jar:/usr/lib/eclipse/plugins/org.eclipse.text_3.5.200.dist.jar:/usr/lib/eclipse/plugins/org.eclipse.ui.workbench_3.8.1.dist.jar:/usr/lib/eclipse/plugins/org.eclipse.jface_3.8.0.dist.jar:/usr/lib/eclipse/plugins/org.eclipse.swt_3.8.2.jar:/usr/lib/eclipse/plugins/org.eclipse.jface.text_3.8.1.dist.jar:/usr/lib/eclipse/plugins/org.eclipse.ui.workbench.texteditor_3.8.0.dist.jar:/usr/lib/eclipse/plugins/org.eclipse.ui.editors_3.8.0.dist.jar:/usr/lib/eclipse/plugins/org.eclipse.core.commands_3.6.1.dist.jar:/usr/lib/eclipse/plugins/org.eclipse.equinox.registry_3.5.200.dist.jar:/usr/lib/eclipse/plugins/org.eclipse.ui.console_3.5.100.dist.jar:/usr/lib/eclipse/plugins/org.eclipse.ui.forms_3.5.200.dist.jar:/usr/lib/eclipse/plugins/org.eclipse.ui.ide_3.8.1.dist.jar:/home/travis/build/icyphy/ptII/vendors/oracle/dbxml.jar:/home/travis/build/icyphy/ptII/vendors/oracle/db.jar:/home/travis/build/icyphy/ptII/vendors/misc/itext/iText.jar:/home/travis/build/icyphy/ptII/lib/g4ltl.jar:/home/travis/build/icyphy/ptII/lib/StructuralCoder.jar:/home/travis/build/icyphy/ptII/lib/org-openide-util.jar:/home/travis/build/icyphy/ptII/lib/org-openide-util-lookup.jar:/home/travis/build/icyphy/ptII/lib/org-netbeans-api-visual.jar:/home/travis/build/icyphy/ptII/vendors/jai-1_1_2_01/lib/jai_core.jar:/home/travis/build/icyphy/ptII/vendors/jai-1_1_2_01/lib/jai_codec.jar:/home/travis/build/icyphy/ptII/lib/jcerti.jar:/home/travis/build/icyphy/ptII/lib/smack.jar:/home/travis/build/icyphy/ptII/lib/smackx.jar:/home/travis/build/icyphy/ptII/lib/jetty-all-8.1.5-v20120716.jar:/home/travis/build/icyphy/ptII/lib/javax.servlet-api-3.0.1.jar:/home/travis/build/icyphy/ptII/lib/javax.mail.jar:/home/travis/build/icyphy/ptII/vendors/JMF-2.1.1e/lib/jmf.jar:/home/travis/build/icyphy/ptII/lib/jna-4.0.0-variadic.jar:/home/travis/build/icyphy/ptII/vendors/misc/joystick/Joystick.jar:/home/travis/build/icyphy/ptII/lib/ptjacl.jar:/home/travis/build/icyphy/ptII/lib/jsoup-1.8.2.jar:/home/travis/build/icyphy/ptII/lib/junit-4.8.2.jar:/home/travis/build/icyphy/ptII/lib/JUnitParams-0.4.0.jar:/home/travis/build/icyphy/ptII/ptolemy/actor/lib/excel/jxl.jar:/home/travis/build/icyphy/ptII/lib/jython.jar:/home/travis/build/icyphy/ptII/lib/kieler.jar:/home/travis/build/icyphy/ptII/vendors/opencv/share/OpenCV/java/opencv-341.jar:/home/travis/build/icyphy/ptII/lib/oscP5.jar:/home/travis/build/icyphy/ptII/lib/nrjavaserial-3.11.0.devel.jar:/usr/share/java/j3dcore.jar:/usr/share/java/j3dutils.jar:/usr/share/java/vecmath.jar:/home/travis/build/icyphy/ptII/ptolemy/distributed/jini/jar/jini-core.jar:/home/travis/build/icyphy/ptII/ptolemy/distributed/jini/jar/jini-ext.jar:/home/travis/build/icyphy/ptII/ptolemy/distributed/jini/jar/sun-util.jar:/home/travis/build/icyphy/ptII/lib/protobuf-java-2.4.1.jar:/home/travis/build/icyphy/ptII/lib/org.eclipse.paho.client.mqttv3.jar:/home/travis/build/icyphy/ptII/ptserver/lib/hessian-4.0.7.jar:/home/travis/build/icyphy/ptII/ptserver/lib/wmqtt.jar:/home/travis/build/icyphy/ptII/lib/mapss.jar:/home/travis/build/icyphy/ptII/ptolemy/actor/ptalon/antlr/antlr.jar:/home/travis/build/icyphy/ptII/lib/JRI.jar:/home/travis/build/icyphy/ptII/lib/commons-lang-2.6.jar:/home/travis/build/icyphy/ptII/lib/commons-logging-1.1.1.jar:/home/travis/build/icyphy/ptII/lib/sootclasses.jar:/home/travis/build/icyphy/ptII/ptolemy/actor/lib/database/mysql-connector-java-5.1.6-bin.jar:/home/travis/build/icyphy/ptII/vendors/misc/sphinx4/sphinx4-data-5prealpha.jar:/home/travis/build/icyphy/ptII/vendors/misc/sphinx4/sphinx4-core-5prealpha.jar:/home/travis/build/icyphy/ptII/lib/PDFRenderer.jar:/home/travis/build/icyphy/ptII/lib/svgSalamander.jar:/home/travis/build/icyphy/ptII/lib/rsyntaxtextarea-2.6.0-SNAPSHOT.jar:/home/travis/build/icyphy/ptII/lib/hazelcast-3.8.2.jar:/home/travis/build/icyphy/ptII/lib/jackson-annotations-2.9.0.jar:/home/travis/build/icyphy/ptII/lib/jackson-core-2.9.3.jar:/home/travis/build/icyphy/ptII/lib/jackson-databind-2.9.3.jar:/home/travis/build/icyphy/ptII/lib/netty-buffer-4.1.19.Final.jar:/home/travis/build/icyphy/ptII/lib/netty-codec-4.1.19.Final.jar:/home/travis/build/icyphy/ptII/lib/netty-codec-dns-4.1.19.Final.jar:/home/travis/build/icyphy/ptII/lib/netty-codec-http-4.1.19.Final.jar:/home/travis/build/icyphy/ptII/lib/netty-codec-http2-4.1.19.Final.jar:/home/travis/build/icyphy/ptII/lib/netty-common-4.1.19.Final.jar:/home/travis/build/icyphy/ptII/lib/netty-handler-4.1.19.Final.jar:/home/travis/build/icyphy/ptII/lib/netty-resolver-4.1.19.Final.jar:/home/travis/build/icyphy/ptII/lib/netty-resolver-dns-4.1.19.Final.jar:/home/travis/build/icyphy/ptII/lib/netty-transport-4.1.19.Final.jar:/home/travis/build/icyphy/ptII/lib/vertx-codegen-3.5.1.jar:/home/travis/build/icyphy/ptII/lib/vertx-core-3.5.2-SNAPSHOT.jar:/home/travis/build/icyphy/ptII/lib/vertx-hazelcast-3.5.1.jar:/home/travis/build/icyphy/ptII/lib/vertx-lang-js-3.5.1.jar:/home/travis/build/icyphy/ptII/lib/vertx-service-proxy-3.5.1.jar:/home/travis/build/icyphy/ptII/lib/vertx-web-3.5.1.jar:/home/travis/build/icyphy/ptII/lib/slf4j-api-1.7.13.jar:/home/travis/build/icyphy/ptII/lib/slf4j-simple-1.7.13.jar:/home/travis/build/icyphy/ptII/lib/webcam-capture-0.3.12.jar:/home/travis/build/icyphy/ptII/lib/bridj-0.7.0.jar:/home/travis/build/icyphy/ptII/lib/xbjlib-1.1.0.nrjavaserial.jar:/home/travis/build/icyphy/ptII/ptolemy/moml/test:/home/travis/build/icyphy/ptII/ant/lib/ant-launcher.jar:/home/travis/build/icyphy/ptII/ant/lib/ant.jar:/home/travis/build/icyphy/ptII/ant/lib/ant-junit.jar:/home/travis/build/icyphy/ptII/ant/lib/ant-junit4.jar" />
    <property name="ant.library.dir" value="/home/travis/build/icyphy/ptII/ant/lib" />
    <property name="os.arch" value="amd64" />
    <property name="env.TRAVIS_LANGUAGE" value="node_js" />
    <property name="env.CONTINUOUS_INTEGRATION" value="true" />
    <property name="env.TRAVIS_STACK_LANGUAGES" value="__garnet__ c c++ clojure cplusplus cpp default go groovy java node_js php pure_java python ruby scala" />
    <property name="test.name" value="ptolemy.actor.lib.test.junit.JUnitTclTest" />
    <property name="sun.java.launcher" value="SUN_STANDARD" />
    <property name="env.PYTHON_CONFIGURE_OPTS" value="--enable-unicode=ucs4 --with-wide-unicode --enable-shared --enable-ipv6 --enable-loadable-sqlite-extensions --with-computed-gotos" />
    <property name="ant.core.lib" value="/home/travis/build/icyphy/ptII/ant/lib/ant.jar" />
    <property name="java.vm.specification.vendor" value="Oracle Corporation" />
    <property name="env.BCVTB_HOME" value="/home/travis/build/icyphy/ptII/lbnl" />
    <property name="file.separator" value="/" />
    <property name="spotbugs.home" value="/home/travis/build/icyphy/ptII/vendors/spotbugs-3.1.1" />
    <property name="java.runtime.version" value="1.8.0_151-b12" />
    <property name="sun.boot.class.path" value="/usr/lib/jvm/java-8-oracle/jre/lib/resources.jar:/usr/lib/jvm/java-8-oracle/jre/lib/rt.jar:/usr/lib/jvm/java-8-oracle/jre/lib/sunrsasign.jar:/usr/lib/jvm/java-8-oracle/jre/lib/jsse.jar:/usr/lib/jvm/java-8-oracle/jre/lib/jce.jar:/usr/lib/jvm/java-8-oracle/jre/lib/charsets.jar:/usr/lib/jvm/java-8-oracle/jre/lib/jfr.jar:/usr/lib/jvm/java-8-oracle/jre/classes" />
    <property name="env.HAS_JOSH_K_SEAL_OF_APPROVAL" value="true" />
    <property name="env.TRAVIS_OSX_IMAGE" value="" />
    <property name="env.XDG_RUNTIME_DIR" value="/run/user/2000" />
    <property name="env.TRAVIS_BRANCH" value="master" />
    <property name="env.TRAVIS_JOB_ID" value="377305020" />
    <property name="user.country" value="US" />
    <property name="env.CERTI_HOME_TRAVIS" value="/home/travis/pthla/certi-tools" />
    <property name="env.SHELL" value="/bin/bash" />
    <property name="java.maxmemory.large" value="5000m" />
    <property name="model" value="" />
    <property name="env.CASHER_DIR" value="/home/travis/.casher" />
    <property name="env.NVM_CD_FLAGS" value="" />
    <property name="jshint.executable" value="/home/travis/node_modules/jshint/bin/jshint" />
    <property name="java.vendor" value="Oracle Corporation" />
    <property name="env.JRUBY_OPTS" value=" --client -J-XX:+TieredCompilation -J-XX:TieredStopAtLevel=1 -J-Xss2m -Xcompile.invokedynamic=false" />
    <property name="env.TRAVIS_PRE_CHEF_BOOTSTRAP_TIME" value="2017-12-05T19:32:55" />
    <property name="env.ELIXIR_VERSION" value="1.4.5" />
    <property name="env.TRAVIS_STACK_JOB_BOARD_REGISTER" value="/.job-board-register.yml" />
    <property name="java.specification.version" value="1.8" />
    <property name="env.IRBRC" value="/home/travis/.rvm/rubies/ruby-2.4.1/.irbrc" />
    <property name="env.TRAVIS" value="true" />
    <property name="sun.arch.data.model" value="64" />
  </properties>
  <testcase classname="ptolemy.util.test.junit.TclTests" name="[0] /home/travis/build/icyphy/ptII/ptolemy/actor/lib/test/AbsoluteValue.tcl (RunTclFile)" time="0.53" />
  <testcase classname="ptolemy.util.test.junit.TclTests" name="[1] /home/travis/build/icyphy/ptII/ptolemy/actor/lib/test/AddSubtract.tcl (RunTclFile)" time="0.088" />
  <testcase classname="ptolemy.util.test.junit.TclTests" name="[2] /home/travis/build/icyphy/ptII/ptolemy/actor/lib/test/Average.tcl (RunTclFile)" time="0.038" />
  <testcase classname="ptolemy.util.test.junit.TclTests" name="[3] /home/travis/build/icyphy/ptII/ptolemy/actor/lib/test/Bernoulli.tcl (RunTclFile)" time="0.022" />
  <testcase classname="ptolemy.util.test.junit.TclTests" name="[4] /home/travis/build/icyphy/ptII/ptolemy/actor/lib/test/Clock.tcl (RunTclFile)" time="0.103" />
  <testcase classname="ptolemy.util.test.junit.TclTests" name="[5] /home/travis/build/icyphy/ptII/ptolemy/actor/lib/test/Commutator.tcl (RunTclFile)" time="0.167" />
  <testcase classname="ptolemy.util.test.junit.TclTests" name="[6] /home/travis/build/icyphy/ptII/ptolemy/actor/lib/test/Const.tcl (RunTclFile)" time="0.12" />
  <testcase classname="ptolemy.util.test.junit.TclTests" name="[7] /home/travis/build/icyphy/ptII/ptolemy/actor/lib/test/CurrentTime.tcl (RunTclFile)" time="0.051" />
  <testcase classname="ptolemy.util.test.junit.TclTests" name="[8] /home/travis/build/icyphy/ptII/ptolemy/actor/lib/test/DB.tcl (RunTclFile)" time="0.05" />
  <testcase classname="ptolemy.util.test.junit.TclTests" name="[9] /home/travis/build/icyphy/ptII/ptolemy/actor/lib/test/DiscreteRandomSource.tcl (RunTclFile)" time="0.057" />
  <testcase classname="ptolemy.util.test.junit.TclTests" name="[10] /home/travis/build/icyphy/ptII/ptolemy/actor/lib/test/Distributor.tcl (RunTclFile)" time="0.088" />
  <testcase classname="ptolemy.util.test.junit.TclTests" name="[11] /home/travis/build/icyphy/ptII/ptolemy/actor/lib/test/Exit.tcl (RunTclFile)" time="0.059" />
  <testcase classname="ptolemy.util.test.junit.TclTests" name="[12] /home/travis/build/icyphy/ptII/ptolemy/actor/lib/test/Expression.tcl (RunTclFile)" time="0.119" />
  <testcase classname="ptolemy.util.test.junit.TclTests" name="[13] /home/travis/build/icyphy/ptII/ptolemy/actor/lib/test/Gaussian.tcl (RunTclFile)" time="0.322" />
  <testcase classname="ptolemy.util.test.junit.TclTests" name="[14] /home/travis/build/icyphy/ptII/ptolemy/actor/lib/test/IIR.tcl (RunTclFile)" time="0.06" />
  <testcase classname="ptolemy.util.test.junit.TclTests" name="[15] /home/travis/build/icyphy/ptII/ptolemy/actor/lib/test/Interpolator.tcl (RunTclFile)" time="0.172" />
  <testcase classname="ptolemy.util.test.junit.TclTests" name="[16] /home/travis/build/icyphy/ptII/ptolemy/actor/lib/test/MathFunction.tcl (RunTclFile)" time="0.101" />
  <testcase classname="ptolemy.util.test.junit.TclTests" name="[17] /home/travis/build/icyphy/ptII/ptolemy/actor/lib/test/Maximum.tcl (RunTclFile)" time="0.055" />
  <testcase classname="ptolemy.util.test.junit.TclTests" name="[18] /home/travis/build/icyphy/ptII/ptolemy/actor/lib/test/Minimum.tcl (RunTclFile)" time="0.044" />
  <testcase classname="ptolemy.util.test.junit.TclTests" name="[19] /home/travis/build/icyphy/ptII/ptolemy/actor/lib/test/MultiplyDivide.tcl (RunTclFile)" time="0.046" />
  <testcase classname="ptolemy.util.test.junit.TclTests" name="[20] /home/travis/build/icyphy/ptII/ptolemy/actor/lib/test/OrderedMerge.tcl (RunTclFile)" time="0.112" />
  <testcase classname="ptolemy.util.test.junit.TclTests" name="[21] /home/travis/build/icyphy/ptII/ptolemy/actor/lib/test/Publisher.tcl (RunTclFile)" time="1.003" />
  <testcase classname="ptolemy.util.test.junit.TclTests" name="[22] /home/travis/build/icyphy/ptII/ptolemy/actor/lib/test/Pulse.tcl (RunTclFile)" time="0.087" />
  <testcase classname="ptolemy.util.test.junit.TclTests" name="[23] /home/travis/build/icyphy/ptII/ptolemy/actor/lib/test/Ramp.tcl (RunTclFile)" time="2.381" />
  <testcase classname="ptolemy.util.test.junit.TclTests" name="[24] /home/travis/build/icyphy/ptII/ptolemy/actor/lib/test/RampContinuous.tcl (RunTclFile)" time="0.028" />
  <testcase classname="ptolemy.util.test.junit.TclTests" name="[25] /home/travis/build/icyphy/ptII/ptolemy/actor/lib/test/RecordAssembler.tcl (RunTclFile)" time="0.024" />
  <testcase classname="ptolemy.util.test.junit.TclTests" name="[26] /home/travis/build/icyphy/ptII/ptolemy/actor/lib/test/RecordDisassembler.tcl (RunTclFile)" time="0.031" />
  <testcase classname="ptolemy.util.test.junit.TclTests" name="[27] /home/travis/build/icyphy/ptII/ptolemy/actor/lib/test/Scale.tcl (RunTclFile)" time="0.034" />
  <testcase classname="ptolemy.util.test.junit.TclTests" name="[28] /home/travis/build/icyphy/ptII/ptolemy/actor/lib/test/SequentialClock.tcl (RunTclFile)" time="0.033" />
  <testcase classname="ptolemy.util.test.junit.TclTests" name="[29] /home/travis/build/icyphy/ptII/ptolemy/actor/lib/test/SetVariable.tcl (RunTclFile)" time="0.017" />
  <testcase classname="ptolemy.util.test.junit.TclTests" name="[30] /home/travis/build/icyphy/ptII/ptolemy/actor/lib/test/Sinewave.tcl (RunTclFile)" time="0.058" />
  <testcase classname="ptolemy.util.test.junit.TclTests" name="[31] /home/travis/build/icyphy/ptII/ptolemy/actor/lib/test/SubscriptionAggregator.tcl (RunTclFile)" time="2.498" />
  <testcase classname="ptolemy.util.test.junit.TclTests" name="[32] /home/travis/build/icyphy/ptII/ptolemy/actor/lib/test/Test.tcl (RunTclFile)" time="0.232">
    <failure message="Number of failed tests is has increased. expected:&lt;0&gt; but was:&lt;1&gt;" type="junit.framework.AssertionFailedError">junit.framework.AssertionFailedError: Number of failed tests is has increased. expected:&lt;0&gt; but was:&lt;1&gt;
	at ptolemy.util.test.junit.TclTests.RunTclFile(TclTests.java:286)
	at junitparams.internal.InvokeParameterisedMethod.evaluate(InvokeParameterisedMethod.java:102)
	at junitparams.internal.ParameterisedTestMethodRunner.runMethodInvoker(ParameterisedTestMethodRunner.java:47)
	at junitparams.internal.ParameterisedTestMethodRunner.runTestMethod(ParameterisedTestMethodRunner.java:41)
	at junitparams.internal.ParameterisedTestClassRunner.runParameterisedTest(ParameterisedTestClassRunner.java:143)
	at junitparams.JUnitParamsRunner.runChild(JUnitParamsRunner.java:237)
	at junitparams.JUnitParamsRunner.runChild(JUnitParamsRunner.java:215)
</failure>
  </testcase>
  <testcase classname="ptolemy.util.test.junit.TclTests" name="[33] /home/travis/build/icyphy/ptII/ptolemy/actor/lib/test/TestExceptionHandler.tcl (RunTclFile)" time="0.013" />
  <testcase classname="ptolemy.util.test.junit.TclTests" name="[34] /home/travis/build/icyphy/ptII/ptolemy/actor/lib/test/UnionDisassembler.tcl (RunTclFile)" time="0.083" />
  <testcase classname="ptolemy.util.test.junit.TclTests" name="[35] /home/travis/build/icyphy/ptII/ptolemy/actor/lib/test/VariableClock.tcl (RunTclFile)" time="0.033" />
  <testcase classname="ptolemy.util.test.junit.AutoKnownFailedTests" name="[0] /home/travis/build/icyphy/ptII/ptolemy/actor/lib/test/auto/knownFailedTests/PublisherPortToplevelSubscriber.xml (RunModel)" time="0.018" />
  <testcase classname="ptolemy.util.test.junit.AutoKnownFailedTests" name="[1] /home/travis/build/icyphy/ptII/ptolemy/actor/lib/test/auto/knownFailedTests/PublisherSubscriberPortToplevel.xml (RunModel)" time="0.023" />
  <testcase classname="ptolemy.util.test.junit.AutoKnownFailedTests" name="[2] /home/travis/build/icyphy/ptII/ptolemy/actor/lib/test/auto/knownFailedTests/PublisherSubscriptionAggregatorPort.xml (RunModel)" time="0.019" />
  <testcase classname="ptolemy.util.test.junit.AutoKnownFailedTests" name="[3] /home/travis/build/icyphy/ptII/ptolemy/actor/lib/test/auto/knownFailedTests/sizedarray3.xml (RunModel)" time="0.026" />
  <testcase classname="ptolemy.util.test.junit.AutoNameArchTests" name="[0] ThereAreNoAutoTests (RunModel)" time="0.0" />
  <testcase classname="ptolemy.util.test.junit.AutoTests" name="[0] /home/travis/build/icyphy/ptII/ptolemy/actor/lib/test/auto/AbsoluteValue.xml (RunModel)" time="0.1" />
  <testcase classname="ptolemy.util.test.junit.AutoTests" name="[1] /home/travis/build/icyphy/ptII/ptolemy/actor/lib/test/auto/AbsoluteValue2.xml (RunModel)" time="0.057" />
  <testcase classname="ptolemy.util.test.junit.AutoTests" name="[2] /home/travis/build/icyphy/ptII/ptolemy/actor/lib/test/auto/Accumulator.xml (RunModel)" time="0.052" />
  <testcase classname="ptolemy.util.test.junit.AutoTests" name="[3] /home/travis/build/icyphy/ptII/ptolemy/actor/lib/test/auto/Accumulator2.xml (RunModel)" time="0.056" />
  <testcase classname="ptolemy.util.test.junit.AutoTests" name="[4] /home/travis/build/icyphy/ptII/ptolemy/actor/lib/test/auto/Accumulator3.xml (RunModel)" time="0.051" />
  <testcase classname="ptolemy.util.test.junit.AutoTests" name="[5] /home/travis/build/icyphy/ptII/ptolemy/actor/lib/test/auto/ArrayAppend.xml (RunModel)" time="0.053" />
  <testcase classname="ptolemy.util.test.junit.AutoTests" name="[6] /home/travis/build/icyphy/ptII/ptolemy/actor/lib/test/auto/ArrayAppend2.xml (RunModel)" time="0.545" />
  <testcase classname="ptolemy.util.test.junit.AutoTests" name="[7] /home/travis/build/icyphy/ptII/ptolemy/actor/lib/test/auto/ArrayAppend3.xml (RunModel)" time="0.023" />
  <testcase classname="ptolemy.util.test.junit.AutoTests" name="[8] /home/travis/build/icyphy/ptII/ptolemy/actor/lib/test/auto/ArrayAppend4.xml (RunModel)" time="0.025" />
  <testcase classname="ptolemy.util.test.junit.AutoTests" name="[9] /home/travis/build/icyphy/ptII/ptolemy/actor/lib/test/auto/ArrayAppend5.xml (RunModel)" time="0.023" />
  <testcase classname="ptolemy.util.test.junit.AutoTests" name="[10] /home/travis/build/icyphy/ptII/ptolemy/actor/lib/test/auto/ArrayAppend6.xml (RunModel)" time="0.026" />
  <testcase classname="ptolemy.util.test.junit.AutoTests" name="[11] /home/travis/build/icyphy/ptII/ptolemy/actor/lib/test/auto/ArrayAppendPerformanceTest.xml (RunModel)" time="0.051" />
  <testcase classname="ptolemy.util.test.junit.AutoTests" name="[12] /home/travis/build/icyphy/ptII/ptolemy/actor/lib/test/auto/ArrayAppendWithEmptyInput.xml (RunModel)" time="0.041" />
  <testcase classname="ptolemy.util.test.junit.AutoTests" name="[13] /home/travis/build/icyphy/ptII/ptolemy/actor/lib/test/auto/ArrayAverage.xml (RunModel)" time="0.039" />
  <testcase classname="ptolemy.util.test.junit.AutoTests" name="[14] /home/travis/build/icyphy/ptII/ptolemy/actor/lib/test/auto/ArrayContains.xml (RunModel)" time="0.029" />
  <testcase classname="ptolemy.util.test.junit.AutoTests" name="[15] /home/travis/build/icyphy/ptII/ptolemy/actor/lib/test/auto/ArrayElement.xml (RunModel)" time="0.025" />
  <testcase classname="ptolemy.util.test.junit.AutoTests" name="[16] /home/travis/build/icyphy/ptII/ptolemy/actor/lib/test/auto/ArrayElementAsMatrix.xml (RunModel)" time="0.057" />
  <testcase classname="ptolemy.util.test.junit.AutoTests" name="[17] /home/travis/build/icyphy/ptII/ptolemy/actor/lib/test/auto/ArrayElementI.xml (RunModel)" time="0.022" />
  <testcase classname="ptolemy.util.test.junit.AutoTests" name="[18] /home/travis/build/icyphy/ptII/ptolemy/actor/lib/test/auto/ArrayExtract.xml (RunModel)" time="0.03" />
  <testcase classname="ptolemy.util.test.junit.AutoTests" name="[19] /home/travis/build/icyphy/ptII/ptolemy/actor/lib/test/auto/ArrayExtract2.xml (RunModel)" time="0.026" />
  <testcase classname="ptolemy.util.test.junit.AutoTests" name="[20] /home/travis/build/icyphy/ptII/ptolemy/actor/lib/test/auto/ArrayLength.xml (RunModel)" time="0.026" />
  <testcase classname="ptolemy.util.test.junit.AutoTests" name="[21] /home/travis/build/icyphy/ptII/ptolemy/actor/lib/test/auto/ArrayLevelCrossing.xml (RunModel)" time="0.041" />
  <testcase classname="ptolemy.util.test.junit.AutoTests" name="[22] /home/travis/build/icyphy/ptII/ptolemy/actor/lib/test/auto/ArrayLevelCrossing2.xml (RunModel)" time="0.037" />
  <testcase classname="ptolemy.util.test.junit.AutoTests" name="[23] /home/travis/build/icyphy/ptII/ptolemy/actor/lib/test/auto/ArrayPeakSearch.xml (RunModel)" time="0.527" />
  <testcase classname="ptolemy.util.test.junit.AutoTests" name="[24] /home/travis/build/icyphy/ptII/ptolemy/actor/lib/test/auto/ArrayPeakSearch2.xml (RunModel)" time="0.062" />
  <testcase classname="ptolemy.util.test.junit.AutoTests" name="[25] /home/travis/build/icyphy/ptII/ptolemy/actor/lib/test/auto/ArrayPeakSearch3.xml (RunModel)" time="0.047" />
  <testcase classname="ptolemy.util.test.junit.AutoTests" name="[26] /home/travis/build/icyphy/ptII/ptolemy/actor/lib/test/auto/ArrayRemoveElement.xml (RunModel)" time="0.032" />
  <testcase classname="ptolemy.util.test.junit.AutoTests" name="[27] /home/travis/build/icyphy/ptII/ptolemy/actor/lib/test/auto/ArraySort.xml (RunModel)" time="0.043" />
  <testcase classname="ptolemy.util.test.junit.AutoTests" name="[28] /home/travis/build/icyphy/ptII/ptolemy/actor/lib/test/auto/ArraySum.xml (RunModel)" time="0.022" />
  <testcase classname="ptolemy.util.test.junit.AutoTests" name="[29] /home/travis/build/icyphy/ptII/ptolemy/actor/lib/test/auto/ArrayToElements.xml (RunModel)" time="0.03" />
  <testcase classname="ptolemy.util.test.junit.AutoTests" name="[30] /home/travis/build/icyphy/ptII/ptolemy/actor/lib/test/auto/ArrayToMatrix.xml (RunModel)" time="0.107" />
  <testcase classname="ptolemy.util.test.junit.AutoTests" name="[31] /home/travis/build/icyphy/ptII/ptolemy/actor/lib/test/auto/ArrayUpdate1.xml (RunModel)" time="0.03" />
  <testcase classname="ptolemy.util.test.junit.AutoTests" name="[32] /home/travis/build/icyphy/ptII/ptolemy/actor/lib/test/auto/ArrayUpdate2.xml (RunModel)" time="0.027" />
  <testcase classname="ptolemy.util.test.junit.AutoTests" name="[33] /home/travis/build/icyphy/ptII/ptolemy/actor/lib/test/auto/ArrayUpdate3.xml (RunModel)" time="0.022" />
  <testcase classname="ptolemy.util.test.junit.AutoTests" name="[34] /home/travis/build/icyphy/ptII/ptolemy/actor/lib/test/auto/Assert1.xml (RunModel)" time="0.03" />
  <testcase classname="ptolemy.util.test.junit.AutoTests" name="[35] /home/travis/build/icyphy/ptII/ptolemy/actor/lib/test/auto/Assert2.xml (RunModel)" time="0.014" />
  <testcase classname="ptolemy.util.test.junit.AutoTests" name="[36] /home/travis/build/icyphy/ptII/ptolemy/actor/lib/test/auto/BooleanMultiplexor.xml (RunModel)" time="0.017" />
  <testcase classname="ptolemy.util.test.junit.AutoTests" name="[37] /home/travis/build/icyphy/ptII/ptolemy/actor/lib/test/auto/BooleanMultiplexor2.xml (RunModel)" time="0.028" />
  <testcase classname="ptolemy.util.test.junit.AutoTests" name="[38] /home/travis/build/icyphy/ptII/ptolemy/actor/lib/test/auto/BooleanMultiplexor3.xml (RunModel)" time="0.033" />
  <testcase classname="ptolemy.util.test.junit.AutoTests" name="[39] /home/travis/build/icyphy/ptII/ptolemy/actor/lib/test/auto/BooleanSelect.xml (RunModel)" time="0.035" />
  <testcase classname="ptolemy.util.test.junit.AutoTests" name="[40] /home/travis/build/icyphy/ptII/ptolemy/actor/lib/test/auto/BooleanSelect2.xml (RunModel)" time="0.018" />
  <testcase classname="ptolemy.util.test.junit.AutoTests" name="[41] /home/travis/build/icyphy/ptII/ptolemy/actor/lib/test/auto/BooleanSwitch.xml (RunModel)" time="0.025" />
  <testcase classname="ptolemy.util.test.junit.AutoTests" name="[42] /home/travis/build/icyphy/ptII/ptolemy/actor/lib/test/auto/BooleanSwitch2.xml (RunModel)" time="0.021" />
  <testcase classname="ptolemy.util.test.junit.AutoTests" name="[43] /home/travis/build/icyphy/ptII/ptolemy/actor/lib/test/auto/BooleanSwitchCloningBugWithClassRelationGroup.xml (RunModel)" time="0.04" />
  <testcase classname="ptolemy.util.test.junit.AutoTests" name="[44] /home/travis/build/icyphy/ptII/ptolemy/actor/lib/test/auto/BusActors.xml (RunModel)" time="0.051" />
  <testcase classname="ptolemy.util.test.junit.AutoTests" name="[45] /home/travis/build/icyphy/ptII/ptolemy/actor/lib/test/auto/ClassWrapper.xml (RunModel)" time="0.012" />
  <testcase classname="ptolemy.util.test.junit.AutoTests" name="[46] /home/travis/build/icyphy/ptII/ptolemy/actor/lib/test/auto/Clock.xml (RunModel)" time="0.026" />
  <testcase classname="ptolemy.util.test.junit.AutoTests" name="[47] /home/travis/build/icyphy/ptII/ptolemy/actor/lib/test/auto/Clock10.xml (RunModel)" time="0.027" />
  <testcase classname="ptolemy.util.test.junit.AutoTests" name="[48] /home/travis/build/icyphy/ptII/ptolemy/actor/lib/test/auto/Clock11.xml (RunModel)" time="0.024" />
  <testcase classname="ptolemy.util.test.junit.AutoTests" name="[49] /home/travis/build/icyphy/ptII/ptolemy/actor/lib/test/auto/Clock12.xml (RunModel)" time="0.018" />
  <testcase classname="ptolemy.util.test.junit.AutoTests" name="[50] /home/travis/build/icyphy/ptII/ptolemy/actor/lib/test/auto/Clock13.xml (RunModel)" time="0.025" />
  <testcase classname="ptolemy.util.test.junit.AutoTests" name="[51] /home/travis/build/icyphy/ptII/ptolemy/actor/lib/test/auto/Clock14.xml (RunModel)" time="0.021" />
  <testcase classname="ptolemy.util.test.junit.AutoTests" name="[52] /home/travis/build/icyphy/ptII/ptolemy/actor/lib/test/auto/Clock15.xml (RunModel)" time="0.017" />
  <testcase classname="ptolemy.util.test.junit.AutoTests" name="[53] /home/travis/build/icyphy/ptII/ptolemy/actor/lib/test/auto/Clock16.xml (RunModel)" time="0.098" />
  <testcase classname="ptolemy.util.test.junit.AutoTests" name="[54] /home/travis/build/icyphy/ptII/ptolemy/actor/lib/test/auto/Clock17.xml (RunModel)" time="0.092" />
  <testcase classname="ptolemy.util.test.junit.AutoTests" name="[55] /home/travis/build/icyphy/ptII/ptolemy/actor/lib/test/auto/Clock18.xml (RunModel)" time="0.05" />
  <testcase classname="ptolemy.util.test.junit.AutoTests" name="[56] /home/travis/build/icyphy/ptII/ptolemy/actor/lib/test/auto/Clock19.xml (RunModel)" time="0.057" />
  <testcase classname="ptolemy.util.test.junit.AutoTests" name="[57] /home/travis/build/icyphy/ptII/ptolemy/actor/lib/test/auto/Clock2.xml (RunModel)" time="0.016" />
  <testcase classname="ptolemy.util.test.junit.AutoTests" name="[58] /home/travis/build/icyphy/ptII/ptolemy/actor/lib/test/auto/Clock20.xml (RunModel)" time="0.025" />
  <testcase classname="ptolemy.util.test.junit.AutoTests" name="[59] /home/travis/build/icyphy/ptII/ptolemy/actor/lib/test/auto/Clock21.xml (RunModel)" time="0.022" />
  <testcase classname="ptolemy.util.test.junit.AutoTests" name="[60] /home/travis/build/icyphy/ptII/ptolemy/actor/lib/test/auto/Clock22.xml (RunModel)" time="0.021" />
  <testcase classname="ptolemy.util.test.junit.AutoTests" name="[61] /home/travis/build/icyphy/ptII/ptolemy/actor/lib/test/auto/Clock23.xml (RunModel)" time="0.021" />
  <testcase classname="ptolemy.util.test.junit.AutoTests" name="[62] /home/travis/build/icyphy/ptII/ptolemy/actor/lib/test/auto/Clock24.xml (RunModel)" time="0.019" />
  <testcase classname="ptolemy.util.test.junit.AutoTests" name="[63] /home/travis/build/icyphy/ptII/ptolemy/actor/lib/test/auto/Clock4.xml (RunModel)" time="0.015" />
  <testcase classname="ptolemy.util.test.junit.AutoTests" name="[64] /home/travis/build/icyphy/ptII/ptolemy/actor/lib/test/auto/Clock5.xml (RunModel)" time="0.018" />
  <testcase classname="ptolemy.util.test.junit.AutoTests" name="[65] /home/travis/build/icyphy/ptII/ptolemy/actor/lib/test/auto/Clock6.xml (RunModel)" time="0.016" />
  <testcase classname="ptolemy.util.test.junit.AutoTests" name="[66] /home/travis/build/icyphy/ptII/ptolemy/actor/lib/test/auto/Clock7.xml (RunModel)" time="0.015" />
  <testcase classname="ptolemy.util.test.junit.AutoTests" name="[67] /home/travis/build/icyphy/ptII/ptolemy/actor/lib/test/auto/Clock8.xml (RunModel)" time="0.019" />
  <testcase classname="ptolemy.util.test.junit.AutoTests" name="[68] /home/travis/build/icyphy/ptII/ptolemy/actor/lib/test/auto/Clock9.xml (RunModel)" time="0.017" />
  <testcase classname="ptolemy.util.test.junit.AutoTests" name="[69] /home/travis/build/icyphy/ptII/ptolemy/actor/lib/test/auto/CommDistDiscard.xml (RunModel)" time="0.034" />
  <testcase classname="ptolemy.util.test.junit.AutoTests" name="[70] /home/travis/build/icyphy/ptII/ptolemy/actor/lib/test/auto/Commutator.xml (RunModel)" time="0.018" />
  <testcase classname="ptolemy.util.test.junit.AutoTests" name="[71] /home/travis/build/icyphy/ptII/ptolemy/actor/lib/test/auto/Commutator2.xml (RunModel)" time="0.014" />
  <testcase classname="ptolemy.util.test.junit.AutoTests" name="[72] /home/travis/build/icyphy/ptII/ptolemy/actor/lib/test/auto/Commutator3.xml (RunModel)" time="0.017" />
  <testcase classname="ptolemy.util.test.junit.AutoTests" name="[73] /home/travis/build/icyphy/ptII/ptolemy/actor/lib/test/auto/Compare.xml (RunModel)" time="0.029" />
  <testcase classname="ptolemy.util.test.junit.AutoTests" name="[74] /home/travis/build/icyphy/ptII/ptolemy/actor/lib/test/auto/CompareDE.xml (RunModel)" time="0.027" />
  <testcase classname="ptolemy.util.test.junit.AutoTests" name="[75] /home/travis/build/icyphy/ptII/ptolemy/actor/lib/test/auto/ComplexDivide.xml (RunModel)" time="0.011" />
  <testcase classname="ptolemy.util.test.junit.AutoTests" name="[76] /home/travis/build/icyphy/ptII/ptolemy/actor/lib/test/auto/ComputeHistogram.xml (RunModel)" time="0.12" />
  <testcase classname="ptolemy.util.test.junit.AutoTests" name="[77] /home/travis/build/icyphy/ptII/ptolemy/actor/lib/test/auto/ConfigurationSelect.xml (RunModel)" time="0.024" />
  <testcase classname="ptolemy.util.test.junit.AutoTests" name="[78] /home/travis/build/icyphy/ptII/ptolemy/actor/lib/test/auto/ConfigurationSelect2.xml (RunModel)" time="0.017" />
  <testcase classname="ptolemy.util.test.junit.AutoTests" name="[79] /home/travis/build/icyphy/ptII/ptolemy/actor/lib/test/auto/ConfigurationSwitch.xml (RunModel)" time="0.026" />
  <testcase classname="ptolemy.util.test.junit.AutoTests" name="[80] /home/travis/build/icyphy/ptII/ptolemy/actor/lib/test/auto/ConfigurationSwitch2.xml (RunModel)" time="0.025" />
  <testcase classname="ptolemy.util.test.junit.AutoTests" name="[81] /home/travis/build/icyphy/ptII/ptolemy/actor/lib/test/auto/ConfigurationSwitchCloningBugWithClassRelationGroup.xml (RunModel)" time="0.021" />
  <testcase classname="ptolemy.util.test.junit.AutoTests" name="[82] /home/travis/build/icyphy/ptII/ptolemy/actor/lib/test/auto/ConfigurationSwitchSelectSDF.xml (RunModel)" time="0.015" />
  <testcase classname="ptolemy.util.test.junit.AutoTests" name="[83] /home/travis/build/icyphy/ptII/ptolemy/actor/lib/test/auto/ConfigurationSwitchSelectSDF2.xml (RunModel)" time="0.016" />
  <testcase classname="ptolemy.util.test.junit.AutoTests" name="[84] /home/travis/build/icyphy/ptII/ptolemy/actor/lib/test/auto/Const.xml (RunModel)" time="0.008" />
  <testcase classname="ptolemy.util.test.junit.AutoTests" name="[85] /home/travis/build/icyphy/ptII/ptolemy/actor/lib/test/auto/Const2.xml (RunModel)" time="0.013" />
  <testcase classname="ptolemy.util.test.junit.AutoTests" name="[86] /home/travis/build/icyphy/ptII/ptolemy/actor/lib/test/auto/Const3.xml (RunModel)" time="0.006" />
  <testcase classname="ptolemy.util.test.junit.AutoTests" name="[87] /home/travis/build/icyphy/ptII/ptolemy/actor/lib/test/auto/ConstantPublisherPort1.xml (RunModel)" time="0.025" />
  <testcase classname="ptolemy.util.test.junit.AutoTests" name="[88] /home/travis/build/icyphy/ptII/ptolemy/actor/lib/test/auto/ConstantPublisherPort2.xml (RunModel)" time="0.029" />
  <testcase classname="ptolemy.util.test.junit.AutoTests" name="[89] /home/travis/build/icyphy/ptII/ptolemy/actor/lib/test/auto/ConstantPublisherPort3.xml (RunModel)" time="0.025" />
  <testcase classname="ptolemy.util.test.junit.AutoTests" name="[90] /home/travis/build/icyphy/ptII/ptolemy/actor/lib/test/auto/ConstantPublisherPort4.xml (RunModel)" time="0.023" />
  <testcase classname="ptolemy.util.test.junit.AutoTests" name="[91] /home/travis/build/icyphy/ptII/ptolemy/actor/lib/test/auto/ConstantPublisherPort5.xml (RunModel)" time="0.04" />
  <testcase classname="ptolemy.util.test.junit.AutoTests" name="[92] /home/travis/build/icyphy/ptII/ptolemy/actor/lib/test/auto/ConstantPublisherPort6.xml (RunModel)" time="0.038" />
  <testcase classname="ptolemy.util.test.junit.AutoTests" name="[93] /home/travis/build/icyphy/ptII/ptolemy/actor/lib/test/auto/ConstantPublisherPort7.xml (RunModel)" time="0.034" />
  <testcase classname="ptolemy.util.test.junit.AutoTests" name="[94] /home/travis/build/icyphy/ptII/ptolemy/actor/lib/test/auto/ConstraintMonitor1.xml (RunModel)" time="0.031" />
  <testcase classname="ptolemy.util.test.junit.AutoTests" name="[95] /home/travis/build/icyphy/ptII/ptolemy/actor/lib/test/auto/ConstraintMonitor2.xml (RunModel)" time="0.017" />
  <testcase classname="ptolemy.util.test.junit.AutoTests" name="[96] /home/travis/build/icyphy/ptII/ptolemy/actor/lib/test/auto/ConstraintMonitor3.xml (RunModel)" time="0.016" />
  <testcase classname="ptolemy.util.test.junit.AutoTests" name="[97] /home/travis/build/icyphy/ptII/ptolemy/actor/lib/test/auto/ConstraintMonitor4.xml (RunModel)" time="0.019" />
  <testcase classname="ptolemy.util.test.junit.AutoTests" name="[98] /home/travis/build/icyphy/ptII/ptolemy/actor/lib/test/auto/ConstraintMonitor5.xml (RunModel)" time="0.015" />
  <testcase classname="ptolemy.util.test.junit.AutoTests" name="[99] /home/travis/build/icyphy/ptII/ptolemy/actor/lib/test/auto/ConstraintMonitor6.xml (RunModel)" time="0.026" />
  <testcase classname="ptolemy.util.test.junit.AutoTests" name="[100] /home/travis/build/icyphy/ptII/ptolemy/actor/lib/test/auto/ConstraintMonitor7.xml (RunModel)" time="0.022" />
  <testcase classname="ptolemy.util.test.junit.AutoTests" name="[101] /home/travis/build/icyphy/ptII/ptolemy/actor/lib/test/auto/ConstraintMonitor8.xml (RunModel)" time="0.028" />
  <testcase classname="ptolemy.util.test.junit.AutoTests" name="[102] /home/travis/build/icyphy/ptII/ptolemy/actor/lib/test/auto/Counter.xml (RunModel)" time="0.015" />
  <testcase classname="ptolemy.util.test.junit.AutoTests" name="[103] /home/travis/build/icyphy/ptII/ptolemy/actor/lib/test/auto/CurrentTimeSDF.xml (RunModel)" time="0.01" />
  <testcase classname="ptolemy.util.test.junit.AutoTests" name="[104] /home/travis/build/icyphy/ptII/ptolemy/actor/lib/test/auto/DB.xml (RunModel)" time="0.022" />
  <testcase classname="ptolemy.util.test.junit.AutoTests" name="[105] /home/travis/build/icyphy/ptII/ptolemy/actor/lib/test/auto/DBDE.xml (RunModel)" time="0.034" />
  <testcase classname="ptolemy.util.test.junit.AutoTests" name="[106] /home/travis/build/icyphy/ptII/ptolemy/actor/lib/test/auto/DateConstructor.xml (RunModel)" time="0.073" />
  <testcase classname="ptolemy.util.test.junit.AutoTests" name="[107] /home/travis/build/icyphy/ptII/ptolemy/actor/lib/test/auto/DelayTime.xml (RunModel)" time="0.022" />
  <testcase classname="ptolemy.util.test.junit.AutoTests" name="[108] /home/travis/build/icyphy/ptII/ptolemy/actor/lib/test/auto/Dictionary1.xml (RunModel)" time="0.021" />
  <testcase classname="ptolemy.util.test.junit.AutoTests" name="[109] /home/travis/build/icyphy/ptII/ptolemy/actor/lib/test/auto/Dictionary2.xml (RunModel)" time="0.023" />
  <testcase classname="ptolemy.util.test.junit.AutoTests" name="[110] /home/travis/build/icyphy/ptII/ptolemy/actor/lib/test/auto/Dictionary3.xml (RunModel)" time="0.017" />
  <testcase classname="ptolemy.util.test.junit.AutoTests" name="[111] /home/travis/build/icyphy/ptII/ptolemy/actor/lib/test/auto/Dictionary4.xml (RunModel)" time="0.034" />
  <testcase classname="ptolemy.util.test.junit.AutoTests" name="[112] /home/travis/build/icyphy/ptII/ptolemy/actor/lib/test/auto/Differential.xml (RunModel)" time="0.015" />
  <testcase classname="ptolemy.util.test.junit.AutoTests" name="[113] /home/travis/build/icyphy/ptII/ptolemy/actor/lib/test/auto/Director.xml (RunModel)" time="0.015" />
  <testcase classname="ptolemy.util.test.junit.AutoTests" name="[114] /home/travis/build/icyphy/ptII/ptolemy/actor/lib/test/auto/DiscreteClock.xml (RunModel)" time="0.012" />
  <testcase classname="ptolemy.util.test.junit.AutoTests" name="[115] /home/travis/build/icyphy/ptII/ptolemy/actor/lib/test/auto/DiscreteClock10.xml (RunModel)" time="0.019" />
  <testcase classname="ptolemy.util.test.junit.AutoTests" name="[116] /home/travis/build/icyphy/ptII/ptolemy/actor/lib/test/auto/DiscreteClock11.xml (RunModel)" time="0.016" />
  <testcase classname="ptolemy.util.test.junit.AutoTests" name="[117] /home/travis/build/icyphy/ptII/ptolemy/actor/lib/test/auto/DiscreteClock12.xml (RunModel)" time="0.02" />
  <testcase classname="ptolemy.util.test.junit.AutoTests" name="[118] /home/travis/build/icyphy/ptII/ptolemy/actor/lib/test/auto/DiscreteClock13.xml (RunModel)" time="0.02" />
  <testcase classname="ptolemy.util.test.junit.AutoTests" name="[119] /home/travis/build/icyphy/ptII/ptolemy/actor/lib/test/auto/DiscreteClock14.xml (RunModel)" time="0.018" />
  <testcase classname="ptolemy.util.test.junit.AutoTests" name="[120] /home/travis/build/icyphy/ptII/ptolemy/actor/lib/test/auto/DiscreteClock15.xml (RunModel)" time="0.021" />
  <testcase classname="ptolemy.util.test.junit.AutoTests" name="[121] /home/travis/build/icyphy/ptII/ptolemy/actor/lib/test/auto/DiscreteClock16.xml (RunModel)" time="0.055" />
  <testcase classname="ptolemy.util.test.junit.AutoTests" name="[122] /home/travis/build/icyphy/ptII/ptolemy/actor/lib/test/auto/DiscreteClock17.xml (RunModel)" time="0.055" />
  <testcase classname="ptolemy.util.test.junit.AutoTests" name="[123] /home/travis/build/icyphy/ptII/ptolemy/actor/lib/test/auto/DiscreteClock18.xml (RunModel)" time="0.062" />
  <testcase classname="ptolemy.util.test.junit.AutoTests" name="[124] /home/travis/build/icyphy/ptII/ptolemy/actor/lib/test/auto/DiscreteClock19.xml (RunModel)" time="0.052" />
  <testcase classname="ptolemy.util.test.junit.AutoTests" name="[125] /home/travis/build/icyphy/ptII/ptolemy/actor/lib/test/auto/DiscreteClock2.xml (RunModel)" time="0.016" />
  <testcase classname="ptolemy.util.test.junit.AutoTests" name="[126] /home/travis/build/icyphy/ptII/ptolemy/actor/lib/test/auto/DiscreteClock20.xml (RunModel)" time="0.022" />
  <testcase classname="ptolemy.util.test.junit.AutoTests" name="[127] /home/travis/build/icyphy/ptII/ptolemy/actor/lib/test/auto/DiscreteClock21.xml (RunModel)" time="0.026" />
  <testcase classname="ptolemy.util.test.junit.AutoTests" name="[128] /home/travis/build/icyphy/ptII/ptolemy/actor/lib/test/auto/DiscreteClock22.xml (RunModel)" time="0.023" />
  <testcase classname="ptolemy.util.test.junit.AutoTests" name="[129] /home/travis/build/icyphy/ptII/ptolemy/actor/lib/test/auto/DiscreteClock23.xml (RunModel)" time="0.028" />
  <testcase classname="ptolemy.util.test.junit.AutoTests" name="[130] /home/travis/build/icyphy/ptII/ptolemy/actor/lib/test/auto/DiscreteClock24.xml (RunModel)" time="0.024" />
  <testcase classname="ptolemy.util.test.junit.AutoTests" name="[131] /home/travis/build/icyphy/ptII/ptolemy/actor/lib/test/auto/DiscreteClock4.xml (RunModel)" time="0.022" />
  <testcase classname="ptolemy.util.test.junit.AutoTests" name="[132] /home/travis/build/icyphy/ptII/ptolemy/actor/lib/test/auto/DiscreteClock5.xml (RunModel)" time="0.014" />
  <testcase classname="ptolemy.util.test.junit.AutoTests" name="[133] /home/travis/build/icyphy/ptII/ptolemy/actor/lib/test/auto/DiscreteClock6.xml (RunModel)" time="0.017" />
  <testcase classname="ptolemy.util.test.junit.AutoTests" name="[134] /home/travis/build/icyphy/ptII/ptolemy/actor/lib/test/auto/DiscreteClock7.xml (RunModel)" time="0.015" />
  <testcase classname="ptolemy.util.test.junit.AutoTests" name="[135] /home/travis/build/icyphy/ptII/ptolemy/actor/lib/test/auto/DiscreteClock8.xml (RunModel)" time="0.015" />
  <testcase classname="ptolemy.util.test.junit.AutoTests" name="[136] /home/travis/build/icyphy/ptII/ptolemy/actor/lib/test/auto/DiscreteClock9.xml (RunModel)" time="0.018" />
  <testcase classname="ptolemy.util.test.junit.AutoTests" name="[137] /home/travis/build/icyphy/ptII/ptolemy/actor/lib/test/auto/DisplayArray.xml (RunModel)" time="0.022" />
  <testcase classname="ptolemy.util.test.junit.AutoTests" name="[138] /home/travis/build/icyphy/ptII/ptolemy/actor/lib/test/auto/Distributor.xml (RunModel)" time="0.013" />
  <testcase classname="ptolemy.util.test.junit.AutoTests" name="[139] /home/travis/build/icyphy/ptII/ptolemy/actor/lib/test/auto/Distributor2.xml (RunModel)" time="0.015" />
  <testcase classname="ptolemy.util.test.junit.AutoTests" name="[140] /home/travis/build/icyphy/ptII/ptolemy/actor/lib/test/auto/DownSample.xml (RunModel)" time="0.016" />
  <testcase classname="ptolemy.util.test.junit.AutoTests" name="[141] /home/travis/build/icyphy/ptII/ptolemy/actor/lib/test/auto/ElectronicUnitBase1.xml (RunModel)" time="0.113" />
  <testcase classname="ptolemy.util.test.junit.AutoTests" name="[142] /home/travis/build/icyphy/ptII/ptolemy/actor/lib/test/auto/ElementsToArray.xml (RunModel)" time="0.013" />
  <testcase classname="ptolemy.util.test.junit.AutoTests" name="[143] /home/travis/build/icyphy/ptII/ptolemy/actor/lib/test/auto/Equals.xml (RunModel)" time="0.02" />
  <testcase classname="ptolemy.util.test.junit.AutoTests" name="[144] /home/travis/build/icyphy/ptII/ptolemy/actor/lib/test/auto/Exec.xml (RunModel)" time="0.024" />
  <testcase classname="ptolemy.util.test.junit.AutoTests" name="[145] /home/travis/build/icyphy/ptII/ptolemy/actor/lib/test/auto/ExecEnvironment.xml (RunModel)" time="0.044" />
  <testcase classname="ptolemy.util.test.junit.AutoTests" name="[146] /home/travis/build/icyphy/ptII/ptolemy/actor/lib/test/auto/ExecNonZeroReturnOutput.xml (RunModel)" time="0.181" />
  <testcase classname="ptolemy.util.test.junit.AutoTests" name="[147] /home/travis/build/icyphy/ptII/ptolemy/actor/lib/test/auto/ExecRunDemos.xml (RunModel)" time="10.976" />
  <testcase classname="ptolemy.util.test.junit.AutoTests" name="[148] /home/travis/build/icyphy/ptII/ptolemy/actor/lib/test/auto/ExecStop.xml (RunModel)" time="5.033" />
  <testcase classname="ptolemy.util.test.junit.AutoTests" name="[149] /home/travis/build/icyphy/ptII/ptolemy/actor/lib/test/auto/ExecutionTimePN.xml (RunModel)" time="2.042" />
  <testcase classname="ptolemy.util.test.junit.AutoTests" name="[150] /home/travis/build/icyphy/ptII/ptolemy/actor/lib/test/auto/ExecutionTimeSDF.xml (RunModel)" time="6.036" />
  <testcase classname="ptolemy.util.test.junit.AutoTests" name="[151] /home/travis/build/icyphy/ptII/ptolemy/actor/lib/test/auto/Expression1.xml (RunModel)" time="0.011" />
  <testcase classname="ptolemy.util.test.junit.AutoTests" name="[152] /home/travis/build/icyphy/ptII/ptolemy/actor/lib/test/auto/Expression10.xml (RunModel)" time="0.02" />
  <testcase classname="ptolemy.util.test.junit.AutoTests" name="[153] /home/travis/build/icyphy/ptII/ptolemy/actor/lib/test/auto/Expression11.xml (RunModel)" time="0.016" />
  <testcase classname="ptolemy.util.test.junit.AutoTests" name="[154] /home/travis/build/icyphy/ptII/ptolemy/actor/lib/test/auto/Expression12.xml (RunModel)" time="0.019" />
  <testcase classname="ptolemy.util.test.junit.AutoTests" name="[155] /home/travis/build/icyphy/ptII/ptolemy/actor/lib/test/auto/Expression13.xml (RunModel)" time="0.019" />
  <testcase classname="ptolemy.util.test.junit.AutoTests" name="[156] /home/travis/build/icyphy/ptII/ptolemy/actor/lib/test/auto/Expression14.xml (RunModel)" time="0.023" />
  <testcase classname="ptolemy.util.test.junit.AutoTests" name="[157] /home/travis/build/icyphy/ptII/ptolemy/actor/lib/test/auto/Expression15.xml (RunModel)" time="0.011" />
  <testcase classname="ptolemy.util.test.junit.AutoTests" name="[158] /home/travis/build/icyphy/ptII/ptolemy/actor/lib/test/auto/Expression16.xml (RunModel)" time="0.016" />
  <testcase classname="ptolemy.util.test.junit.AutoTests" name="[159] /home/travis/build/icyphy/ptII/ptolemy/actor/lib/test/auto/Expression17.xml (RunModel)" time="0.014" />
  <testcase classname="ptolemy.util.test.junit.AutoTests" name="[160] /home/travis/build/icyphy/ptII/ptolemy/actor/lib/test/auto/Expression18.xml (RunModel)" time="0.019" />
  <testcase classname="ptolemy.util.test.junit.AutoTests" name="[161] /home/travis/build/icyphy/ptII/ptolemy/actor/lib/test/auto/Expression2.xml (RunModel)" time="0.027" />
  <testcase classname="ptolemy.util.test.junit.AutoTests" name="[162] /home/travis/build/icyphy/ptII/ptolemy/actor/lib/test/auto/Expression3.xml (RunModel)" time="0.013" />
  <testcase classname="ptolemy.util.test.junit.AutoTests" name="[163] /home/travis/build/icyphy/ptII/ptolemy/actor/lib/test/auto/Expression4.xml (RunModel)" time="0.026" />
  <testcase classname="ptolemy.util.test.junit.AutoTests" name="[164] /home/travis/build/icyphy/ptII/ptolemy/actor/lib/test/auto/Expression5.xml (RunModel)" time="0.015" />
  <testcase classname="ptolemy.util.test.junit.AutoTests" name="[165] /home/travis/build/icyphy/ptII/ptolemy/actor/lib/test/auto/Expression6.xml (RunModel)" time="0.012" />
  <testcase classname="ptolemy.util.test.junit.AutoTests" name="[166] /home/travis/build/icyphy/ptII/ptolemy/actor/lib/test/auto/Expression7.xml (RunModel)" time="0.014" />
  <testcase classname="ptolemy.util.test.junit.AutoTests" name="[167] /home/travis/build/icyphy/ptII/ptolemy/actor/lib/test/auto/Expression8.xml (RunModel)" time="0.015" />
  <testcase classname="ptolemy.util.test.junit.AutoTests" name="[168] /home/travis/build/icyphy/ptII/ptolemy/actor/lib/test/auto/Expression9.xml (RunModel)" time="0.011" />
  <testcase classname="ptolemy.util.test.junit.AutoTests" name="[169] /home/travis/build/icyphy/ptII/ptolemy/actor/lib/test/auto/ExpressionConcatenateArrayType.xml (RunModel)" time="0.034" />
  <testcase classname="ptolemy.util.test.junit.AutoTests" name="[170] /home/travis/build/icyphy/ptII/ptolemy/actor/lib/test/auto/ExpressionConcatenateArrayType2.xml (RunModel)" time="0.022" />
  <testcase classname="ptolemy.util.test.junit.AutoTests" name="[171] /home/travis/build/icyphy/ptII/ptolemy/actor/lib/test/auto/ExpressionFix.xml (RunModel)" time="0.044" />
  <testcase classname="ptolemy.util.test.junit.AutoTests" name="[172] /home/travis/build/icyphy/ptII/ptolemy/actor/lib/test/auto/ExpressionFix2.xml (RunModel)" time="0.021" />
  <testcase classname="ptolemy.util.test.junit.AutoTests" name="[173] /home/travis/build/icyphy/ptII/ptolemy/actor/lib/test/auto/ExpressionFix3.xml (RunModel)" time="0.014" />
  <testcase classname="ptolemy.util.test.junit.AutoTests" name="[174] /home/travis/build/icyphy/ptII/ptolemy/actor/lib/test/auto/FileWriter1.xml (RunModel)" time="0.011" />
  <testcase classname="ptolemy.util.test.junit.AutoTests" name="[175] /home/travis/build/icyphy/ptII/ptolemy/actor/lib/test/auto/FileWriter2.xml (RunModel)" time="0.016" />
  <testcase classname="ptolemy.util.test.junit.AutoTests" name="[176] /home/travis/build/icyphy/ptII/ptolemy/actor/lib/test/auto/FileWriter3.xml (RunModel)" time="0.019" />
  <testcase classname="ptolemy.util.test.junit.AutoTests" name="[177] /home/travis/build/icyphy/ptII/ptolemy/actor/lib/test/auto/Gaussian.xml (RunModel)" time="0.015" />
  <testcase classname="ptolemy.util.test.junit.AutoTests" name="[178] /home/travis/build/icyphy/ptII/ptolemy/actor/lib/test/auto/Gaussian1.xml (RunModel)" time="0.02" />
  <testcase classname="ptolemy.util.test.junit.AutoTests" name="[179] /home/travis/build/icyphy/ptII/ptolemy/actor/lib/test/auto/Gaussian2.xml (RunModel)" time="0.025" />
  <testcase classname="ptolemy.util.test.junit.AutoTests" name="[180] /home/travis/build/icyphy/ptII/ptolemy/actor/lib/test/auto/GradientAdaptiveLattice.xml (RunModel)" time="0.03" />
  <testcase classname="ptolemy.util.test.junit.AutoTests" name="[181] /home/travis/build/icyphy/ptII/ptolemy/actor/lib/test/auto/IIR.xml (RunModel)" time="0.016" />
  <testcase classname="ptolemy.util.test.junit.AutoTests" name="[182] /home/travis/build/icyphy/ptII/ptolemy/actor/lib/test/auto/InputOutputTransparentPorts.xml (RunModel)" time="0.032" />
  <testcase classname="ptolemy.util.test.junit.AutoTests" name="[183] /home/travis/build/icyphy/ptII/ptolemy/actor/lib/test/auto/Interpolator.xml (RunModel)" time="0.014" />
  <testcase classname="ptolemy.util.test.junit.AutoTests" name="[184] /home/travis/build/icyphy/ptII/ptolemy/actor/lib/test/auto/InterpolatorFiringLimitDE.xml (RunModel)" time="0.023" />
  <testcase classname="ptolemy.util.test.junit.AutoTests" name="[185] /home/travis/build/icyphy/ptII/ptolemy/actor/lib/test/auto/Lattice.xml (RunModel)" time="0.011" />
  <testcase classname="ptolemy.util.test.junit.AutoTests" name="[186] /home/travis/build/icyphy/ptII/ptolemy/actor/lib/test/auto/LazyAOCTestLazy.xml (RunModel)" time="0.047" />
  <testcase classname="ptolemy.util.test.junit.AutoTests" name="[187] /home/travis/build/icyphy/ptII/ptolemy/actor/lib/test/auto/LazyAOCTestNonLazy.xml (RunModel)" time="0.053" />
  <testcase classname="ptolemy.util.test.junit.AutoTests" name="[188] /home/travis/build/icyphy/ptII/ptolemy/actor/lib/test/auto/LazyInnerClass.xml (RunModel)" time="0.038" />
  <testcase classname="ptolemy.util.test.junit.AutoTests" name="[189] /home/travis/build/icyphy/ptII/ptolemy/actor/lib/test/auto/LazyPubSub.xml (RunModel)" time="0.035" />
  <testcase classname="ptolemy.util.test.junit.AutoTests" name="[190] /home/travis/build/icyphy/ptII/ptolemy/actor/lib/test/auto/LazyPubSub2.xml (RunModel)" time="0.04" />
  <testcase classname="ptolemy.util.test.junit.AutoTests" name="[191] /home/travis/build/icyphy/ptII/ptolemy/actor/lib/test/auto/LazyPubSub3.xml (RunModel)" time="0.069" />
  <testcase classname="ptolemy.util.test.junit.AutoTests" name="[192] /home/travis/build/icyphy/ptII/ptolemy/actor/lib/test/auto/LazySubClassModel.xml (RunModel)" time="0.043" />
  <testcase classname="ptolemy.util.test.junit.AutoTests" name="[193] /home/travis/build/icyphy/ptII/ptolemy/actor/lib/test/auto/LevelCrossTest1.xml (RunModel)" time="0.014" />
  <testcase classname="ptolemy.util.test.junit.AutoTests" name="[194] /home/travis/build/icyphy/ptII/ptolemy/actor/lib/test/auto/LevelCrossTest10.xml (RunModel)" time="0.021" />
  <testcase classname="ptolemy.util.test.junit.AutoTests" name="[195] /home/travis/build/icyphy/ptII/ptolemy/actor/lib/test/auto/LevelCrossTest11.xml (RunModel)" time="0.022" />
  <testcase classname="ptolemy.util.test.junit.AutoTests" name="[196] /home/travis/build/icyphy/ptII/ptolemy/actor/lib/test/auto/LevelCrossTest12.xml (RunModel)" time="0.018" />
  <testcase classname="ptolemy.util.test.junit.AutoTests" name="[197] /home/travis/build/icyphy/ptII/ptolemy/actor/lib/test/auto/LevelCrossTest13.xml (RunModel)" time="0.02" />
  <testcase classname="ptolemy.util.test.junit.AutoTests" name="[198] /home/travis/build/icyphy/ptII/ptolemy/actor/lib/test/auto/LevelCrossTest2.xml (RunModel)" time="0.016" />
  <testcase classname="ptolemy.util.test.junit.AutoTests" name="[199] /home/travis/build/icyphy/ptII/ptolemy/actor/lib/test/auto/LevelCrossTest3.xml (RunModel)" time="0.018" />
  <testcase classname="ptolemy.util.test.junit.AutoTests" name="[200] /home/travis/build/icyphy/ptII/ptolemy/actor/lib/test/auto/LevelCrossTest4.xml (RunModel)" time="0.013" />
  <testcase classname="ptolemy.util.test.junit.AutoTests" name="[201] /home/travis/build/icyphy/ptII/ptolemy/actor/lib/test/auto/LevelCrossTest5.xml (RunModel)" time="0.021" />
  <testcase classname="ptolemy.util.test.junit.AutoTests" name="[202] /home/travis/build/icyphy/ptII/ptolemy/actor/lib/test/auto/LevelCrossTest6.xml (RunModel)" time="0.026" />
  <testcase classname="ptolemy.util.test.junit.AutoTests" name="[203] /home/travis/build/icyphy/ptII/ptolemy/actor/lib/test/auto/LevelCrossTest7.xml (RunModel)" time="0.02" />
  <testcase classname="ptolemy.util.test.junit.AutoTests" name="[204] /home/travis/build/icyphy/ptII/ptolemy/actor/lib/test/auto/LevelCrossTest8.xml (RunModel)" time="0.017" />
  <testcase classname="ptolemy.util.test.junit.AutoTests" name="[205] /home/travis/build/icyphy/ptII/ptolemy/actor/lib/test/auto/LevelCrossTest9.xml (RunModel)" time="0.017" />
  <testcase classname="ptolemy.util.test.junit.AutoTests" name="[206] /home/travis/build/icyphy/ptII/ptolemy/actor/lib/test/auto/LevinsonDurbin.xml (RunModel)" time="0.012" />
  <testcase classname="ptolemy.util.test.junit.AutoTests" name="[207] /home/travis/build/icyphy/ptII/ptolemy/actor/lib/test/auto/LevinsonDurbin2.xml (RunModel)" time="0.011" />
  <testcase classname="ptolemy.util.test.junit.AutoTests" name="[208] /home/travis/build/icyphy/ptII/ptolemy/actor/lib/test/auto/LevinsonDurbin3.xml (RunModel)" time="0.011" />
  <testcase classname="ptolemy.util.test.junit.AutoTests" name="[209] /home/travis/build/icyphy/ptII/ptolemy/actor/lib/test/auto/Limiter.xml (RunModel)" time="0.032" />
  <testcase classname="ptolemy.util.test.junit.AutoTests" name="[210] /home/travis/build/icyphy/ptII/ptolemy/actor/lib/test/auto/LinearDifferenceEquationSystem.xml (RunModel)" time="0.027" />
  <testcase classname="ptolemy.util.test.junit.AutoTests" name="[211] /home/travis/build/icyphy/ptII/ptolemy/actor/lib/test/auto/LookupTable.xml (RunModel)" time="0.012" />
  <testcase classname="ptolemy.util.test.junit.AutoTests" name="[212] /home/travis/build/icyphy/ptII/ptolemy/actor/lib/test/auto/MathFunction.xml (RunModel)" time="0.027" />
  <testcase classname="ptolemy.util.test.junit.AutoTests" name="[213] /home/travis/build/icyphy/ptII/ptolemy/actor/lib/test/auto/MathFunction2.xml (RunModel)" time="0.01" />
  <testcase classname="ptolemy.util.test.junit.AutoTests" name="[214] /home/travis/build/icyphy/ptII/ptolemy/actor/lib/test/auto/MathFunction3.xml (RunModel)" time="0.024" />
  <testcase classname="ptolemy.util.test.junit.AutoTests" name="[215] /home/travis/build/icyphy/ptII/ptolemy/actor/lib/test/auto/MatrixCropBoolean.xml (RunModel)" time="0.013" />
  <testcase classname="ptolemy.util.test.junit.AutoTests" name="[216] /home/travis/build/icyphy/ptII/ptolemy/actor/lib/test/auto/MatrixCropComplex.xml (RunModel)" time="0.011" />
  <testcase classname="ptolemy.util.test.junit.AutoTests" name="[217] /home/travis/build/icyphy/ptII/ptolemy/actor/lib/test/auto/MatrixCropDouble.xml (RunModel)" time="0.012" />
  <testcase classname="ptolemy.util.test.junit.AutoTests" name="[218] /home/travis/build/icyphy/ptII/ptolemy/actor/lib/test/auto/MatrixCropFix.xml (RunModel)" time="0.013" />
  <testcase classname="ptolemy.util.test.junit.AutoTests" name="[219] /home/travis/build/icyphy/ptII/ptolemy/actor/lib/test/auto/MatrixCropInt.xml (RunModel)" time="0.011" />
  <testcase classname="ptolemy.util.test.junit.AutoTests" name="[220] /home/travis/build/icyphy/ptII/ptolemy/actor/lib/test/auto/MatrixCropLong.xml (RunModel)" time="0.013" />
  <testcase classname="ptolemy.util.test.junit.AutoTests" name="[221] /home/travis/build/icyphy/ptII/ptolemy/actor/lib/test/auto/MatrixToArray.xml (RunModel)" time="0.059" />
  <testcase classname="ptolemy.util.test.junit.AutoTests" name="[222] /home/travis/build/icyphy/ptII/ptolemy/actor/lib/test/auto/MaxIndex.xml (RunModel)" time="0.014" />
  <testcase classname="ptolemy.util.test.junit.AutoTests" name="[223] /home/travis/build/icyphy/ptII/ptolemy/actor/lib/test/auto/Maximum.xml (RunModel)" time="0.018" />
  <testcase classname="ptolemy.util.test.junit.AutoTests" name="[224] /home/travis/build/icyphy/ptII/ptolemy/actor/lib/test/auto/MaximumComplex.xml (RunModel)" time="0.028" />
  <testcase classname="ptolemy.util.test.junit.AutoTests" name="[225] /home/travis/build/icyphy/ptII/ptolemy/actor/lib/test/auto/MethodCallTest.xml (RunModel)" time="0.024" />
  <testcase classname="ptolemy.util.test.junit.AutoTests" name="[226] /home/travis/build/icyphy/ptII/ptolemy/actor/lib/test/auto/Minimum.xml (RunModel)" time="0.016" />
  <testcase classname="ptolemy.util.test.junit.AutoTests" name="[227] /home/travis/build/icyphy/ptII/ptolemy/actor/lib/test/auto/MinimumComplex.xml (RunModel)" time="0.017" />
  <testcase classname="ptolemy.util.test.junit.AutoTests" name="[228] /home/travis/build/icyphy/ptII/ptolemy/actor/lib/test/auto/MinimumMultiports.xml (RunModel)" time="0.025" />
  <testcase classname="ptolemy.util.test.junit.AutoTests" name="[229] /home/travis/build/icyphy/ptII/ptolemy/actor/lib/test/auto/ModifyDate.xml (RunModel)" time="0.054" />
  <testcase classname="ptolemy.util.test.junit.AutoTests" name="[230] /home/travis/build/icyphy/ptII/ptolemy/actor/lib/test/auto/ModifyDate2.xml (RunModel)" time="0.04" />
  <testcase classname="ptolemy.util.test.junit.AutoTests" name="[231] /home/travis/build/icyphy/ptII/ptolemy/actor/lib/test/auto/MovingAverage.xml (RunModel)" time="0.016" />
  <testcase classname="ptolemy.util.test.junit.AutoTests" name="[232] /home/travis/build/icyphy/ptII/ptolemy/actor/lib/test/auto/MovingMaximum.xml (RunModel)" time="0.012" />
  <testcase classname="ptolemy.util.test.junit.AutoTests" name="[233] /home/travis/build/icyphy/ptII/ptolemy/actor/lib/test/auto/MultipleLinksToSameRelation.xml (RunModel)" time="0.009" />
  <testcase classname="ptolemy.util.test.junit.AutoTests" name="[234] /home/travis/build/icyphy/ptII/ptolemy/actor/lib/test/auto/MultipleLinksToSameRelationDE.xml (RunModel)" time="0.011" />
  <testcase classname="ptolemy.util.test.junit.AutoTests" name="[235] /home/travis/build/icyphy/ptII/ptolemy/actor/lib/test/auto/Multiplexor.xml (RunModel)" time="0.016" />
  <testcase classname="ptolemy.util.test.junit.AutoTests" name="[236] /home/travis/build/icyphy/ptII/ptolemy/actor/lib/test/auto/Multiplexor1.xml (RunModel)" time="0.016" />
  <testcase classname="ptolemy.util.test.junit.AutoTests" name="[237] /home/travis/build/icyphy/ptII/ptolemy/actor/lib/test/auto/Multiplexor2.xml (RunModel)" time="0.018" />
  <testcase classname="ptolemy.util.test.junit.AutoTests" name="[238] /home/travis/build/icyphy/ptII/ptolemy/actor/lib/test/auto/Multiplexor3.xml (RunModel)" time="0.011" />
  <testcase classname="ptolemy.util.test.junit.AutoTests" name="[239] /home/travis/build/icyphy/ptII/ptolemy/actor/lib/test/auto/MultiplexorDE.xml (RunModel)" time="0.023" />
  <testcase classname="ptolemy.util.test.junit.AutoTests" name="[240] /home/travis/build/icyphy/ptII/ptolemy/actor/lib/test/auto/MultiportBroadcastTest.xml (RunModel)" time="0.107" />
  <testcase classname="ptolemy.util.test.junit.AutoTests" name="[241] /home/travis/build/icyphy/ptII/ptolemy/actor/lib/test/auto/MultiportOutHangDuringGetWidth.xml (RunModel)" time="0.05" />
  <testcase classname="ptolemy.util.test.junit.AutoTests" name="[242] /home/travis/build/icyphy/ptII/ptolemy/actor/lib/test/auto/NilToken.xml (RunModel)" time="0.009" />
  <testcase classname="ptolemy.util.test.junit.AutoTests" name="[243] /home/travis/build/icyphy/ptII/ptolemy/actor/lib/test/auto/NilTokenNonStrictTest.xml (RunModel)" time="0.015" />
  <testcase classname="ptolemy.util.test.junit.AutoTests" name="[244] /home/travis/build/icyphy/ptII/ptolemy/actor/lib/test/auto/NilTokenRecord.xml (RunModel)" time="0.03" />
  <testcase classname="ptolemy.util.test.junit.AutoTests" name="[245] /home/travis/build/icyphy/ptII/ptolemy/actor/lib/test/auto/NilTokenTypeTest.xml (RunModel)" time="0.037" />
  <testcase classname="ptolemy.util.test.junit.AutoTests" name="[246] /home/travis/build/icyphy/ptII/ptolemy/actor/lib/test/auto/ObjectToken1.xml (RunModel)" time="0.012" />
  <testcase classname="ptolemy.util.test.junit.AutoTests" name="[247] /home/travis/build/icyphy/ptII/ptolemy/actor/lib/test/auto/OrderedMerge.xml (RunModel)" time="0.024" />
  <testcase classname="ptolemy.util.test.junit.AutoTests" name="[248] /home/travis/build/icyphy/ptII/ptolemy/actor/lib/test/auto/OrderedRecordDisassembler.xml (RunModel)" time="0.023" />
  <testcase classname="ptolemy.util.test.junit.AutoTests" name="[249] /home/travis/build/icyphy/ptII/ptolemy/actor/lib/test/auto/OrderedRecordDisassembler2.xml (RunModel)" time="0.024" />
  <testcase classname="ptolemy.util.test.junit.AutoTests" name="[250] /home/travis/build/icyphy/ptII/ptolemy/actor/lib/test/auto/OrderedRecordUpdater.xml (RunModel)" time="0.018" />
  <testcase classname="ptolemy.util.test.junit.AutoTests" name="[251] /home/travis/build/icyphy/ptII/ptolemy/actor/lib/test/auto/OrderedRecordUpdater2.xml (RunModel)" time="0.016" />
  <testcase classname="ptolemy.util.test.junit.AutoTests" name="[252] /home/travis/build/icyphy/ptII/ptolemy/actor/lib/test/auto/PhaseUnwrap.xml (RunModel)" time="0.016" />
  <testcase classname="ptolemy.util.test.junit.AutoTests" name="[253] /home/travis/build/icyphy/ptII/ptolemy/actor/lib/test/auto/PoissonClock.xml (RunModel)" time="0.011" />
  <testcase classname="ptolemy.util.test.junit.AutoTests" name="[254] /home/travis/build/icyphy/ptII/ptolemy/actor/lib/test/auto/PoissonClock2.xml (RunModel)" time="0.021" />
  <testcase classname="ptolemy.util.test.junit.AutoTests" name="[255] /home/travis/build/icyphy/ptII/ptolemy/actor/lib/test/auto/PoissonClock3.xml (RunModel)" time="0.016" />
  <testcase classname="ptolemy.util.test.junit.AutoTests" name="[256] /home/travis/build/icyphy/ptII/ptolemy/actor/lib/test/auto/PubSubWithInitialTokens.xml (RunModel)" time="0.019" />
  <testcase classname="ptolemy.util.test.junit.AutoTests" name="[257] /home/travis/build/icyphy/ptII/ptolemy/actor/lib/test/auto/PubSubWithInitialTokens2.xml (RunModel)" time="0.014" />
  <testcase classname="ptolemy.util.test.junit.AutoTests" name="[258] /home/travis/build/icyphy/ptII/ptolemy/actor/lib/test/auto/PublisherClassNoParameter.xml (RunModel)" time="0.032" />
  <testcase classname="ptolemy.util.test.junit.AutoTests" name="[259] /home/travis/build/icyphy/ptII/ptolemy/actor/lib/test/auto/PublisherClassParameter.xml (RunModel)" time="0.029" />
  <testcase classname="ptolemy.util.test.junit.AutoTests" name="[260] /home/travis/build/icyphy/ptII/ptolemy/actor/lib/test/auto/PublisherNonStrictTest.xml (RunModel)" time="0.02" />
  <testcase classname="ptolemy.util.test.junit.AutoTests" name="[261] /home/travis/build/icyphy/ptII/ptolemy/actor/lib/test/auto/PublisherPort1.xml (RunModel)" time="0.013" />
  <testcase classname="ptolemy.util.test.junit.AutoTests" name="[262] /home/travis/build/icyphy/ptII/ptolemy/actor/lib/test/auto/PublisherPort2.xml (RunModel)" time="0.011" />
  <testcase classname="ptolemy.util.test.junit.AutoTests" name="[263] /home/travis/build/icyphy/ptII/ptolemy/actor/lib/test/auto/PublisherPort3.xml (RunModel)" time="0.025" />
  <testcase classname="ptolemy.util.test.junit.AutoTests" name="[264] /home/travis/build/icyphy/ptII/ptolemy/actor/lib/test/auto/PublisherPort4.xml (RunModel)" time="0.016" />
  <testcase classname="ptolemy.util.test.junit.AutoTests" name="[265] /home/travis/build/icyphy/ptII/ptolemy/actor/lib/test/auto/PublisherPort5.xml (RunModel)" time="0.018" />
  <testcase classname="ptolemy.util.test.junit.AutoTests" name="[266] /home/travis/build/icyphy/ptII/ptolemy/actor/lib/test/auto/PublisherPort5LookAlike.xml (RunModel)" time="0.025" />
  <testcase classname="ptolemy.util.test.junit.AutoTests" name="[267] /home/travis/build/icyphy/ptII/ptolemy/actor/lib/test/auto/PublisherPort6.xml (RunModel)" time="0.017" />
  <testcase classname="ptolemy.util.test.junit.AutoTests" name="[268] /home/travis/build/icyphy/ptII/ptolemy/actor/lib/test/auto/PublisherPort7.xml (RunModel)" time="0.019" />
  <testcase classname="ptolemy.util.test.junit.AutoTests" name="[269] /home/travis/build/icyphy/ptII/ptolemy/actor/lib/test/auto/PublisherPort8.xml (RunModel)" time="0.02" />
  <testcase classname="ptolemy.util.test.junit.AutoTests" name="[270] /home/travis/build/icyphy/ptII/ptolemy/actor/lib/test/auto/PublisherPortSubscriberChannelVariablesAOC2.xml (RunModel)" time="0.042" />
  <testcase classname="ptolemy.util.test.junit.AutoTests" name="[271] /home/travis/build/icyphy/ptII/ptolemy/actor/lib/test/auto/PublisherPortSubscriberOpaqueWidthInference.xml (RunModel)" time="0.023" />
  <testcase classname="ptolemy.util.test.junit.AutoTests" name="[272] /home/travis/build/icyphy/ptII/ptolemy/actor/lib/test/auto/PublisherPortSubscriberPortAdjacent.xml (RunModel)" time="0.025" />
  <testcase classname="ptolemy.util.test.junit.AutoTests" name="[273] /home/travis/build/icyphy/ptII/ptolemy/actor/lib/test/auto/PublisherPortSubscriberPortExpression.xml (RunModel)" time="0.022" />
  <testcase classname="ptolemy.util.test.junit.AutoTests" name="[274] /home/travis/build/icyphy/ptII/ptolemy/actor/lib/test/auto/PublisherPortSubscriberPortOpaqueD3Reverse.xml (RunModel)" time="0.027" />
  <testcase classname="ptolemy.util.test.junit.AutoTests" name="[275] /home/travis/build/icyphy/ptII/ptolemy/actor/lib/test/auto/PublisherPortSubscriberPortOpaqueWidthInference.xml (RunModel)" time="0.021" />
  <testcase classname="ptolemy.util.test.junit.AutoTests" name="[276] /home/travis/build/icyphy/ptII/ptolemy/actor/lib/test/auto/PublisherPortToplevelSubscriberPortAOC.xml (RunModel)" time="0.013" />
  <testcase classname="ptolemy.util.test.junit.AutoTests" name="[277] /home/travis/build/icyphy/ptII/ptolemy/actor/lib/test/auto/PublisherSubscriber.xml (RunModel)" time="0.016" />
  <testcase classname="ptolemy.util.test.junit.AutoTests" name="[278] /home/travis/build/icyphy/ptII/ptolemy/actor/lib/test/auto/PublisherSubscriber10.xml (RunModel)" time="0.026" />
  <testcase classname="ptolemy.util.test.junit.AutoTests" name="[279] /home/travis/build/icyphy/ptII/ptolemy/actor/lib/test/auto/PublisherSubscriber10InitialOutputs.xml (RunModel)" time="0.027" />
  <testcase classname="ptolemy.util.test.junit.AutoTests" name="[280] /home/travis/build/icyphy/ptII/ptolemy/actor/lib/test/auto/PublisherSubscriber11.xml (RunModel)" time="0.018" />
  <testcase classname="ptolemy.util.test.junit.AutoTests" name="[281] /home/travis/build/icyphy/ptII/ptolemy/actor/lib/test/auto/PublisherSubscriber12.xml (RunModel)" time="0.018" />
  <testcase classname="ptolemy.util.test.junit.AutoTests" name="[282] /home/travis/build/icyphy/ptII/ptolemy/actor/lib/test/auto/PublisherSubscriber13.xml (RunModel)" time="0.014" />
  <testcase classname="ptolemy.util.test.junit.AutoTests" name="[283] /home/travis/build/icyphy/ptII/ptolemy/actor/lib/test/auto/PublisherSubscriber14.xml (RunModel)" time="0.024" />
  <testcase classname="ptolemy.util.test.junit.AutoTests" name="[284] /home/travis/build/icyphy/ptII/ptolemy/actor/lib/test/auto/PublisherSubscriber2.xml (RunModel)" time="0.015" />
  <testcase classname="ptolemy.util.test.junit.AutoTests" name="[285] /home/travis/build/icyphy/ptII/ptolemy/actor/lib/test/auto/PublisherSubscriber3.xml (RunModel)" time="0.014" />
  <testcase classname="ptolemy.util.test.junit.AutoTests" name="[286] /home/travis/build/icyphy/ptII/ptolemy/actor/lib/test/auto/PublisherSubscriber4.xml (RunModel)" time="0.012" />
  <testcase classname="ptolemy.util.test.junit.AutoTests" name="[287] /home/travis/build/icyphy/ptII/ptolemy/actor/lib/test/auto/PublisherSubscriber5.xml (RunModel)" time="0.025" />
  <testcase classname="ptolemy.util.test.junit.AutoTests" name="[288] /home/travis/build/icyphy/ptII/ptolemy/actor/lib/test/auto/PublisherSubscriber6.xml (RunModel)" time="0.021" />
  <testcase classname="ptolemy.util.test.junit.AutoTests" name="[289] /home/travis/build/icyphy/ptII/ptolemy/actor/lib/test/auto/PublisherSubscriber7.xml (RunModel)" time="0.024" />
  <testcase classname="ptolemy.util.test.junit.AutoTests" name="[290] /home/travis/build/icyphy/ptII/ptolemy/actor/lib/test/auto/PublisherSubscriber8.xml (RunModel)" time="0.028" />
  <testcase classname="ptolemy.util.test.junit.AutoTests" name="[291] /home/travis/build/icyphy/ptII/ptolemy/actor/lib/test/auto/PublisherSubscriber9.xml (RunModel)" time="0.022" />
  <testcase classname="ptolemy.util.test.junit.AutoTests" name="[292] /home/travis/build/icyphy/ptII/ptolemy/actor/lib/test/auto/PublisherSubscriberAdjacent.xml (RunModel)" time="0.03" />
  <testcase classname="ptolemy.util.test.junit.AutoTests" name="[293] /home/travis/build/icyphy/ptII/ptolemy/actor/lib/test/auto/PublisherSubscriberChannelVariablesAOC2.xml (RunModel)" time="0.035" />
  <testcase classname="ptolemy.util.test.junit.AutoTests" name="[294] /home/travis/build/icyphy/ptII/ptolemy/actor/lib/test/auto/PublisherSubscriberD3.xml (RunModel)" time="0.018" />
  <testcase classname="ptolemy.util.test.junit.AutoTests" name="[295] /home/travis/build/icyphy/ptII/ptolemy/actor/lib/test/auto/PublisherSubscriberD3Reverse.xml (RunModel)" time="0.015" />
  <testcase classname="ptolemy.util.test.junit.AutoTests" name="[296] /home/travis/build/icyphy/ptII/ptolemy/actor/lib/test/auto/PublisherSubscriberExpression.xml (RunModel)" time="0.024" />
  <testcase classname="ptolemy.util.test.junit.AutoTests" name="[297] /home/travis/build/icyphy/ptII/ptolemy/actor/lib/test/auto/PublisherSubscriberOpaque.xml (RunModel)" time="0.022" />
  <testcase classname="ptolemy.util.test.junit.AutoTests" name="[298] /home/travis/build/icyphy/ptII/ptolemy/actor/lib/test/auto/PublisherSubscriberOpaqueD3.xml (RunModel)" time="0.029" />
  <testcase classname="ptolemy.util.test.junit.AutoTests" name="[299] /home/travis/build/icyphy/ptII/ptolemy/actor/lib/test/auto/PublisherSubscriberOpaqueD3Reverse.xml (RunModel)" time="0.026" />
  <testcase classname="ptolemy.util.test.junit.AutoTests" name="[300] /home/travis/build/icyphy/ptII/ptolemy/actor/lib/test/auto/PublisherSubscriberOpaqueWidthInference.xml (RunModel)" time="0.026" />
  <testcase classname="ptolemy.util.test.junit.AutoTests" name="[301] /home/travis/build/icyphy/ptII/ptolemy/actor/lib/test/auto/PublisherTestSubscriber.xml (RunModel)" time="0.019" />
  <testcase classname="ptolemy.util.test.junit.AutoTests" name="[302] /home/travis/build/icyphy/ptII/ptolemy/actor/lib/test/auto/PublisherToplevelSubscriberPortAOC.xml (RunModel)" time="0.012" />
  <testcase classname="ptolemy.util.test.junit.AutoTests" name="[303] /home/travis/build/icyphy/ptII/ptolemy/actor/lib/test/auto/PulseFiringLimitDE.xml (RunModel)" time="0.019" />
  <testcase classname="ptolemy.util.test.junit.AutoTests" name="[304] /home/travis/build/icyphy/ptII/ptolemy/actor/lib/test/auto/Ramp1.xml (RunModel)" time="0.009" />
  <testcase classname="ptolemy.util.test.junit.AutoTests" name="[305] /home/travis/build/icyphy/ptII/ptolemy/actor/lib/test/auto/RampFiringLimitDE.xml (RunModel)" time="0.013" />
  <testcase classname="ptolemy.util.test.junit.AutoTests" name="[306] /home/travis/build/icyphy/ptII/ptolemy/actor/lib/test/auto/RampFiringLimitSDF.xml (RunModel)" time="0.013" />
  <testcase classname="ptolemy.util.test.junit.AutoTests" name="[307] /home/travis/build/icyphy/ptII/ptolemy/actor/lib/test/auto/RandomInteger.xml (RunModel)" time="0.013" />
  <testcase classname="ptolemy.util.test.junit.AutoTests" name="[308] /home/travis/build/icyphy/ptII/ptolemy/actor/lib/test/auto/ReadFile1.xml (RunModel)" time="0.011" />
  <testcase classname="ptolemy.util.test.junit.AutoTests" name="[309] /home/travis/build/icyphy/ptII/ptolemy/actor/lib/test/auto/ReadFile2.xml (RunModel)" time="0.015" />
  <testcase classname="ptolemy.util.test.junit.AutoTests" name="[310] /home/travis/build/icyphy/ptII/ptolemy/actor/lib/test/auto/Reader.xml (RunModel)" time="0.012" />
  <testcase classname="ptolemy.util.test.junit.AutoTests" name="[311] /home/travis/build/icyphy/ptII/ptolemy/actor/lib/test/auto/RecordAssemblerDisplayNameTest.xml (RunModel)" time="5.644" />
  <testcase classname="ptolemy.util.test.junit.AutoTests" name="[312] /home/travis/build/icyphy/ptII/ptolemy/actor/lib/test/auto/RecordAssemblerTypeError.xml (RunModel)" time="0.044" />
  <testcase classname="ptolemy.util.test.junit.AutoTests" name="[313] /home/travis/build/icyphy/ptII/ptolemy/actor/lib/test/auto/RecordDisassember.xml (RunModel)" time="0.012" />
  <testcase classname="ptolemy.util.test.junit.AutoTests" name="[314] /home/travis/build/icyphy/ptII/ptolemy/actor/lib/test/auto/RecordDisassemberDisplayNameTest.xml (RunModel)" time="0.025" />
  <testcase classname="ptolemy.util.test.junit.AutoTests" name="[315] /home/travis/build/icyphy/ptII/ptolemy/actor/lib/test/auto/RecordDisassembler.xml (RunModel)" time="0.015" />
  <testcase classname="ptolemy.util.test.junit.AutoTests" name="[316] /home/travis/build/icyphy/ptII/ptolemy/actor/lib/test/auto/RecordDisassembler2.xml (RunModel)" time="0.013" />
  <testcase classname="ptolemy.util.test.junit.AutoTests" name="[317] /home/travis/build/icyphy/ptII/ptolemy/actor/lib/test/auto/RecordUpdater.xml (RunModel)" time="0.011" />
  <testcase classname="ptolemy.util.test.junit.AutoTests" name="[318] /home/travis/build/icyphy/ptII/ptolemy/actor/lib/test/auto/RecordUpdater2.xml (RunModel)" time="0.012" />
  <testcase classname="ptolemy.util.test.junit.AutoTests" name="[319] /home/travis/build/icyphy/ptII/ptolemy/actor/lib/test/auto/RecursiveLattice.xml (RunModel)" time="0.011" />
  <testcase classname="ptolemy.util.test.junit.AutoTests" name="[320] /home/travis/build/icyphy/ptII/ptolemy/actor/lib/test/auto/Router.xml (RunModel)" time="3.031" />
  <testcase classname="ptolemy.util.test.junit.AutoTests" name="[321] /home/travis/build/icyphy/ptII/ptolemy/actor/lib/test/auto/Router2.xml (RunModel)" time="3.069" />
  <testcase classname="ptolemy.util.test.junit.AutoTests" name="[322] /home/travis/build/icyphy/ptII/ptolemy/actor/lib/test/auto/RunningMaximum.xml (RunModel)" time="0.017" />
  <testcase classname="ptolemy.util.test.junit.AutoTests" name="[323] /home/travis/build/icyphy/ptII/ptolemy/actor/lib/test/auto/RunningMinimum.xml (RunModel)" time="0.013" />
  <testcase classname="ptolemy.util.test.junit.AutoTests" name="[324] /home/travis/build/icyphy/ptII/ptolemy/actor/lib/test/auto/Scale.xml (RunModel)" time="0.01" />
  <testcase classname="ptolemy.util.test.junit.AutoTests" name="[325] /home/travis/build/icyphy/ptII/ptolemy/actor/lib/test/auto/Scale2.xml (RunModel)" time="0.013" />
  <testcase classname="ptolemy.util.test.junit.AutoTests" name="[326] /home/travis/build/icyphy/ptII/ptolemy/actor/lib/test/auto/Scale3.xml (RunModel)" time="0.019" />
  <testcase classname="ptolemy.util.test.junit.AutoTests" name="[327] /home/travis/build/icyphy/ptII/ptolemy/actor/lib/test/auto/ScaleArray.xml (RunModel)" time="0.01" />
  <testcase classname="ptolemy.util.test.junit.AutoTests" name="[328] /home/travis/build/icyphy/ptII/ptolemy/actor/lib/test/auto/ScaleArray2.xml (RunModel)" time="0.01" />
  <testcase classname="ptolemy.util.test.junit.AutoTests" name="[329] /home/travis/build/icyphy/ptII/ptolemy/actor/lib/test/auto/ScaleMatrix.xml (RunModel)" time="0.167" />
  <testcase classname="ptolemy.util.test.junit.AutoTests" name="[330] /home/travis/build/icyphy/ptII/ptolemy/actor/lib/test/auto/Select.xml (RunModel)" time="0.018" />
  <testcase classname="ptolemy.util.test.junit.AutoTests" name="[331] /home/travis/build/icyphy/ptII/ptolemy/actor/lib/test/auto/Select2.xml (RunModel)" time="0.011" />
  <testcase classname="ptolemy.util.test.junit.AutoTests" name="[332] /home/travis/build/icyphy/ptII/ptolemy/actor/lib/test/auto/SequenceToArray2.xml (RunModel)" time="0.158" />
  <testcase classname="ptolemy.util.test.junit.AutoTests" name="[333] /home/travis/build/icyphy/ptII/ptolemy/actor/lib/test/auto/SequentialClock.xml (RunModel)" time="0.016" />
  <testcase classname="ptolemy.util.test.junit.AutoTests" name="[334] /home/travis/build/icyphy/ptII/ptolemy/actor/lib/test/auto/SetVariable.xml (RunModel)" time="0.014" />
  <testcase classname="ptolemy.util.test.junit.AutoTests" name="[335] /home/travis/build/icyphy/ptII/ptolemy/actor/lib/test/auto/SetVariable2.xml (RunModel)" time="0.013" />
  <testcase classname="ptolemy.util.test.junit.AutoTests" name="[336] /home/travis/build/icyphy/ptII/ptolemy/actor/lib/test/auto/SetVariable3.xml (RunModel)" time="0.02" />
  <testcase classname="ptolemy.util.test.junit.AutoTests" name="[337] /home/travis/build/icyphy/ptII/ptolemy/actor/lib/test/auto/SetVariable4.xml (RunModel)" time="0.034" />
  <testcase classname="ptolemy.util.test.junit.AutoTests" name="[338] /home/travis/build/icyphy/ptII/ptolemy/actor/lib/test/auto/SetVariable5.xml (RunModel)" time="0.045" />
  <testcase classname="ptolemy.util.test.junit.AutoTests" name="[339] /home/travis/build/icyphy/ptII/ptolemy/actor/lib/test/auto/Sinewave.xml (RunModel)" time="0.033" />
  <testcase classname="ptolemy.util.test.junit.AutoTests" name="[340] /home/travis/build/icyphy/ptII/ptolemy/actor/lib/test/auto/Sinewave2.xml (RunModel)" time="0.021" />
  <testcase classname="ptolemy.util.test.junit.AutoTests" name="[341] /home/travis/build/icyphy/ptII/ptolemy/actor/lib/test/auto/Sinewave3.xml (RunModel)" time="0.023" />
  <testcase classname="ptolemy.util.test.junit.AutoTests" name="[342] /home/travis/build/icyphy/ptII/ptolemy/actor/lib/test/auto/SingleEvent.xml (RunModel)" time="0.009" />
  <testcase classname="ptolemy.util.test.junit.AutoTests" name="[343] /home/travis/build/icyphy/ptII/ptolemy/actor/lib/test/auto/Sleep.xml (RunModel)" time="6.016" />
  <testcase classname="ptolemy.util.test.junit.AutoTests" name="[344] /home/travis/build/icyphy/ptII/ptolemy/actor/lib/test/auto/SleepMultipleFire.xml (RunModel)" time="1.021" />
  <testcase classname="ptolemy.util.test.junit.AutoTests" name="[345] /home/travis/build/icyphy/ptII/ptolemy/actor/lib/test/auto/StopDE.xml (RunModel)" time="0.018" />
  <testcase classname="ptolemy.util.test.junit.AutoTests" name="[346] /home/travis/build/icyphy/ptII/ptolemy/actor/lib/test/auto/StopSDF.xml (RunModel)" time="0.017" />
  <testcase classname="ptolemy.util.test.junit.AutoTests" name="[347] /home/travis/build/icyphy/ptII/ptolemy/actor/lib/test/auto/StringConstant.xml (RunModel)" time="0.011" />
  <testcase classname="ptolemy.util.test.junit.AutoTests" name="[348] /home/travis/build/icyphy/ptII/ptolemy/actor/lib/test/auto/SubscriberPortInitialValues1.xml (RunModel)" time="0.023" />
  <testcase classname="ptolemy.util.test.junit.AutoTests" name="[349] /home/travis/build/icyphy/ptII/ptolemy/actor/lib/test/auto/SubscriberPortInitialValues13.xml (RunModel)" time="0.034" />
  <testcase classname="ptolemy.util.test.junit.AutoTests" name="[350] /home/travis/build/icyphy/ptII/ptolemy/actor/lib/test/auto/SubscriberPortInitialValues14.xml (RunModel)" time="0.02" />
  <testcase classname="ptolemy.util.test.junit.AutoTests" name="[351] /home/travis/build/icyphy/ptII/ptolemy/actor/lib/test/auto/SubscriberPortInitialValues2.xml (RunModel)" time="0.018" />
  <testcase classname="ptolemy.util.test.junit.AutoTests" name="[352] /home/travis/build/icyphy/ptII/ptolemy/actor/lib/test/auto/SubscriberPortInitialValues3.xml (RunModel)" time="0.023" />
  <testcase classname="ptolemy.util.test.junit.AutoTests" name="[353] /home/travis/build/icyphy/ptII/ptolemy/actor/lib/test/auto/SubscriptionAggregator.xml (RunModel)" time="0.016" />
  <testcase classname="ptolemy.util.test.junit.AutoTests" name="[354] /home/travis/build/icyphy/ptII/ptolemy/actor/lib/test/auto/SubscriptionAggregator2.xml (RunModel)" time="0.016" />
  <testcase classname="ptolemy.util.test.junit.AutoTests" name="[355] /home/travis/build/icyphy/ptII/ptolemy/actor/lib/test/auto/SubscriptionAggregator3.xml (RunModel)" time="0.025" />
  <testcase classname="ptolemy.util.test.junit.AutoTests" name="[356] /home/travis/build/icyphy/ptII/ptolemy/actor/lib/test/auto/SubscriptionAggregatorMultiply.xml (RunModel)" time="0.02" />
  <testcase classname="ptolemy.util.test.junit.AutoTests" name="[357] /home/travis/build/icyphy/ptII/ptolemy/actor/lib/test/auto/SubscriptionAggregatorPortMultiply1.xml (RunModel)" time="0.02" />
  <testcase classname="ptolemy.util.test.junit.AutoTests" name="[358] /home/travis/build/icyphy/ptII/ptolemy/actor/lib/test/auto/Switch.xml (RunModel)" time="0.018" />
  <testcase classname="ptolemy.util.test.junit.AutoTests" name="[359] /home/travis/build/icyphy/ptII/ptolemy/actor/lib/test/auto/Switch2.xml (RunModel)" time="0.012" />
  <testcase classname="ptolemy.util.test.junit.AutoTests" name="[360] /home/travis/build/icyphy/ptII/ptolemy/actor/lib/test/auto/SwitchDE.xml (RunModel)" time="0.019" />
  <testcase classname="ptolemy.util.test.junit.AutoTests" name="[361] /home/travis/build/icyphy/ptII/ptolemy/actor/lib/test/auto/SynchronizerDE.xml (RunModel)" time="0.027" />
  <testcase classname="ptolemy.util.test.junit.AutoTests" name="[362] /home/travis/build/icyphy/ptII/ptolemy/actor/lib/test/auto/Test.xml (RunModel)" time="0.012" />
  <testcase classname="ptolemy.util.test.junit.AutoTests" name="[363] /home/travis/build/icyphy/ptII/ptolemy/actor/lib/test/auto/TestExceptionAttribute1.xml (RunModel)" time="0.007" />
  <testcase classname="ptolemy.util.test.junit.AutoTests" name="[364] /home/travis/build/icyphy/ptII/ptolemy/actor/lib/test/auto/TestExceptionAttribute2.xml (RunModel)" time="0.007" />
  <testcase classname="ptolemy.util.test.junit.AutoTests" name="[365] /home/travis/build/icyphy/ptII/ptolemy/actor/lib/test/auto/TestExceptionAttribute3.xml (RunModel)" time="0.007" />
  <testcase classname="ptolemy.util.test.junit.AutoTests" name="[366] /home/travis/build/icyphy/ptII/ptolemy/actor/lib/test/auto/TestExceptionAttribute4.xml (RunModel)" time="0.008" />
  <testcase classname="ptolemy.util.test.junit.AutoTests" name="[367] /home/travis/build/icyphy/ptII/ptolemy/actor/lib/test/auto/TestExceptionHandler1.xml (RunModel)" time="0.008" />
  <testcase classname="ptolemy.util.test.junit.AutoTests" name="[368] /home/travis/build/icyphy/ptII/ptolemy/actor/lib/test/auto/TestExceptionHandler2.xml (RunModel)" time="0.009" />
  <testcase classname="ptolemy.util.test.junit.AutoTests" name="[369] /home/travis/build/icyphy/ptII/ptolemy/actor/lib/test/auto/TestExceptionHandler3.xml (RunModel)" time="0.008" />
  <testcase classname="ptolemy.util.test.junit.AutoTests" name="[370] /home/travis/build/icyphy/ptII/ptolemy/actor/lib/test/auto/TestExceptionHandler4.xml (RunModel)" time="0.008" />
  <testcase classname="ptolemy.util.test.junit.AutoTests" name="[371] /home/travis/build/icyphy/ptII/ptolemy/actor/lib/test/auto/TestRequireCorrectOrder.xml (RunModel)" time="0.012" />
  <testcase classname="ptolemy.util.test.junit.AutoTests" name="[372] /home/travis/build/icyphy/ptII/ptolemy/actor/lib/test/auto/TestSimple.xml (RunModel)" time="0.008" />
  <testcase classname="ptolemy.util.test.junit.AutoTests" name="[373] /home/travis/build/icyphy/ptII/ptolemy/actor/lib/test/auto/ThrowModelError.xml (RunModel)" time="0.014" />
  <testcase classname="ptolemy.util.test.junit.AutoTests" name="[374] /home/travis/build/icyphy/ptII/ptolemy/actor/lib/test/auto/TimeDelayMicrosteps.xml (RunModel)" time="0.019" />
  <testcase classname="ptolemy.util.test.junit.AutoTests" name="[375] /home/travis/build/icyphy/ptII/ptolemy/actor/lib/test/auto/TimeDelayMicrosteps2.xml (RunModel)" time="0.021" />
  <testcase classname="ptolemy.util.test.junit.AutoTests" name="[376] /home/travis/build/icyphy/ptII/ptolemy/actor/lib/test/auto/TimeDelayMicrosteps3.xml (RunModel)" time="0.023" />
  <testcase classname="ptolemy.util.test.junit.AutoTests" name="[377] /home/travis/build/icyphy/ptII/ptolemy/actor/lib/test/auto/TimeDelayVariableMicrosteps.xml (RunModel)" time="0.016" />
  <testcase classname="ptolemy.util.test.junit.AutoTests" name="[378] /home/travis/build/icyphy/ptII/ptolemy/actor/lib/test/auto/TimeGap.xml (RunModel)" time="0.017" />
  <testcase classname="ptolemy.util.test.junit.AutoTests" name="[379] /home/travis/build/icyphy/ptII/ptolemy/actor/lib/test/auto/TimeGap2.xml (RunModel)" time="0.014" />
  <testcase classname="ptolemy.util.test.junit.AutoTests" name="[380] /home/travis/build/icyphy/ptII/ptolemy/actor/lib/test/auto/TimedSinewave.xml (RunModel)" time="0.059" />
  <testcase classname="ptolemy.util.test.junit.AutoTests" name="[381] /home/travis/build/icyphy/ptII/ptolemy/actor/lib/test/auto/TimedSinewavePhase.xml (RunModel)" time="0.058" />
  <testcase classname="ptolemy.util.test.junit.AutoTests" name="[382] /home/travis/build/icyphy/ptII/ptolemy/actor/lib/test/auto/Timer.xml (RunModel)" time="0.017" />
  <testcase classname="ptolemy.util.test.junit.AutoTests" name="[383] /home/travis/build/icyphy/ptII/ptolemy/actor/lib/test/auto/TriangularDistTestModel.xml (RunModel)" time="0.019" />
  <testcase classname="ptolemy.util.test.junit.AutoTests" name="[384] /home/travis/build/icyphy/ptII/ptolemy/actor/lib/test/auto/TrigFunction.xml (RunModel)" time="0.01" />
  <testcase classname="ptolemy.util.test.junit.AutoTests" name="[385] /home/travis/build/icyphy/ptII/ptolemy/actor/lib/test/auto/TrigFunctionDE.xml (RunModel)" time="0.015" />
  <testcase classname="ptolemy.util.test.junit.AutoTests" name="[386] /home/travis/build/icyphy/ptII/ptolemy/actor/lib/test/auto/TrigFunctionInverse.xml (RunModel)" time="0.013" />
  <testcase classname="ptolemy.util.test.junit.AutoTests" name="[387] /home/travis/build/icyphy/ptII/ptolemy/actor/lib/test/auto/TrigFunctionTan.xml (RunModel)" time="0.008" />
  <testcase classname="ptolemy.util.test.junit.AutoTests" name="[388] /home/travis/build/icyphy/ptII/ptolemy/actor/lib/test/auto/TriggeredClock.xml (RunModel)" time="0.012" />
  <testcase classname="ptolemy.util.test.junit.AutoTests" name="[389] /home/travis/build/icyphy/ptII/ptolemy/actor/lib/test/auto/URLDirectoryReader.xml (RunModel)" time="0.143" />
  <testcase classname="ptolemy.util.test.junit.AutoTests" name="[390] /home/travis/build/icyphy/ptII/ptolemy/actor/lib/test/auto/URLDirectoryReader3.xml (RunModel)" time="1.434" />
  <testcase classname="ptolemy.util.test.junit.AutoTests" name="[391] /home/travis/build/icyphy/ptII/ptolemy/actor/lib/test/auto/UnaryMathFunction.xml (RunModel)" time="0.031" />
  <testcase classname="ptolemy.util.test.junit.AutoTests" name="[392] /home/travis/build/icyphy/ptII/ptolemy/actor/lib/test/auto/Uniform.xml (RunModel)" time="0.016" />
  <testcase classname="ptolemy.util.test.junit.AutoTests" name="[393] /home/travis/build/icyphy/ptII/ptolemy/actor/lib/test/auto/UnionDisassemblerTest.xml (RunModel)" time="0.009" />
  <testcase classname="ptolemy.util.test.junit.AutoTests" name="[394] /home/travis/build/icyphy/ptII/ptolemy/actor/lib/test/auto/UtilityFunctions.xml (RunModel)" time="0.008" />
  <testcase classname="ptolemy.util.test.junit.AutoTests" name="[395] /home/travis/build/icyphy/ptII/ptolemy/actor/lib/test/auto/VariableSleep.xml (RunModel)" time="0.515" />
  <testcase classname="ptolemy.util.test.junit.AutoTests" name="[396] /home/travis/build/icyphy/ptII/ptolemy/actor/lib/test/auto/VectorAssemblerDisassemblerCT.xml (RunModel)" time="0.156" />
  <testcase classname="ptolemy.util.test.junit.AutoTests" name="[397] /home/travis/build/icyphy/ptII/ptolemy/actor/lib/test/auto/VectorAssemblerDisassemblerDE.xml (RunModel)" time="0.023" />
  <testcase classname="ptolemy.util.test.junit.AutoTests" name="[398] /home/travis/build/icyphy/ptII/ptolemy/actor/lib/test/auto/VectorAssemblerDisassemblerSDF.xml (RunModel)" time="0.016" />
  <testcase classname="ptolemy.util.test.junit.AutoTests" name="[399] /home/travis/build/icyphy/ptII/ptolemy/actor/lib/test/auto/WallClockTime.xml (RunModel)" time="1.017" />
  <testcase classname="ptolemy.util.test.junit.AutoTests" name="[400] /home/travis/build/icyphy/ptII/ptolemy/actor/lib/test/auto/WidthTestWithSubscriberPublisher.xml (RunModel)" time="0.065" />
  <testcase classname="ptolemy.util.test.junit.AutoTests" name="[401] /home/travis/build/icyphy/ptII/ptolemy/actor/lib/test/auto/WidthTestWithSubscriberPublisher2.xml (RunModel)" time="0.019" />
  <testcase classname="ptolemy.util.test.junit.AutoTests" name="[402] /home/travis/build/icyphy/ptII/ptolemy/actor/lib/test/auto/WidthTestWithSubscriberPublisher3.xml (RunModel)" time="0.013" />
  <testcase classname="ptolemy.util.test.junit.AutoTests" name="[403] /home/travis/build/icyphy/ptII/ptolemy/actor/lib/test/auto/Writer.xml (RunModel)" time="0.008" />
  <testcase classname="ptolemy.util.test.junit.AutoTests" name="[404] /home/travis/build/icyphy/ptII/ptolemy/actor/lib/test/auto/array.xml (RunModel)" time="0.011" />
  <testcase classname="ptolemy.util.test.junit.AutoTests" name="[405] /home/travis/build/icyphy/ptII/ptolemy/actor/lib/test/auto/array2.xml (RunModel)" time="0.018" />
  <testcase classname="ptolemy.util.test.junit.AutoTests" name="[406] /home/travis/build/icyphy/ptII/ptolemy/actor/lib/test/auto/arrayType.xml (RunModel)" time="0.014" />
  <testcase classname="ptolemy.util.test.junit.AutoTests" name="[407] /home/travis/build/icyphy/ptII/ptolemy/actor/lib/test/auto/arrayType10.xml (RunModel)" time="0.011" />
  <testcase classname="ptolemy.util.test.junit.AutoTests" name="[408] /home/travis/build/icyphy/ptII/ptolemy/actor/lib/test/auto/arrayType11.xml (RunModel)" time="0.01" />
  <testcase classname="ptolemy.util.test.junit.AutoTests" name="[409] /home/travis/build/icyphy/ptII/ptolemy/actor/lib/test/auto/arrayType12.xml (RunModel)" time="0.012" />
  <testcase classname="ptolemy.util.test.junit.AutoTests" name="[410] /home/travis/build/icyphy/ptII/ptolemy/actor/lib/test/auto/arrayType13.xml (RunModel)" time="0.012" />
  <testcase classname="ptolemy.util.test.junit.AutoTests" name="[411] /home/travis/build/icyphy/ptII/ptolemy/actor/lib/test/auto/arrayType14.xml (RunModel)" time="0.012" />
  <testcase classname="ptolemy.util.test.junit.AutoTests" name="[412] /home/travis/build/icyphy/ptII/ptolemy/actor/lib/test/auto/arrayType15.xml (RunModel)" time="0.012" />
  <testcase classname="ptolemy.util.test.junit.AutoTests" name="[413] /home/travis/build/icyphy/ptII/ptolemy/actor/lib/test/auto/arrayType16.xml (RunModel)" time="0.013" />
  <testcase classname="ptolemy.util.test.junit.AutoTests" name="[414] /home/travis/build/icyphy/ptII/ptolemy/actor/lib/test/auto/arrayType17.xml (RunModel)" time="0.011" />
  <testcase classname="ptolemy.util.test.junit.AutoTests" name="[415] /home/travis/build/icyphy/ptII/ptolemy/actor/lib/test/auto/arrayType18.xml (RunModel)" time="0.011" />
  <testcase classname="ptolemy.util.test.junit.AutoTests" name="[416] /home/travis/build/icyphy/ptII/ptolemy/actor/lib/test/auto/arrayType19.xml (RunModel)" time="0.012" />
  <testcase classname="ptolemy.util.test.junit.AutoTests" name="[417] /home/travis/build/icyphy/ptII/ptolemy/actor/lib/test/auto/arrayType2.xml (RunModel)" time="0.011" />
  <testcase classname="ptolemy.util.test.junit.AutoTests" name="[418] /home/travis/build/icyphy/ptII/ptolemy/actor/lib/test/auto/arrayType20.xml (RunModel)" time="0.012" />
  <testcase classname="ptolemy.util.test.junit.AutoTests" name="[419] /home/travis/build/icyphy/ptII/ptolemy/actor/lib/test/auto/arrayType21.xml (RunModel)" time="0.01" />
  <testcase classname="ptolemy.util.test.junit.AutoTests" name="[420] /home/travis/build/icyphy/ptII/ptolemy/actor/lib/test/auto/arrayType22.xml (RunModel)" time="0.01" />
  <testcase classname="ptolemy.util.test.junit.AutoTests" name="[421] /home/travis/build/icyphy/ptII/ptolemy/actor/lib/test/auto/arrayType23.xml (RunModel)" time="0.011" />
  <testcase classname="ptolemy.util.test.junit.AutoTests" name="[422] /home/travis/build/icyphy/ptII/ptolemy/actor/lib/test/auto/arrayType24.xml (RunModel)" time="0.012" />
  <testcase classname="ptolemy.util.test.junit.AutoTests" name="[423] /home/travis/build/icyphy/ptII/ptolemy/actor/lib/test/auto/arrayType25.xml (RunModel)" time="0.012" />
  <testcase classname="ptolemy.util.test.junit.AutoTests" name="[424] /home/travis/build/icyphy/ptII/ptolemy/actor/lib/test/auto/arrayType26.xml (RunModel)" time="0.012" />
  <testcase classname="ptolemy.util.test.junit.AutoTests" name="[425] /home/travis/build/icyphy/ptII/ptolemy/actor/lib/test/auto/arrayType27.xml (RunModel)" time="0.012" />
  <testcase classname="ptolemy.util.test.junit.AutoTests" name="[426] /home/travis/build/icyphy/ptII/ptolemy/actor/lib/test/auto/arrayType28.xml (RunModel)" time="0.011" />
  <testcase classname="ptolemy.util.test.junit.AutoTests" name="[427] /home/travis/build/icyphy/ptII/ptolemy/actor/lib/test/auto/arrayType3.xml (RunModel)" time="0.011" />
  <testcase classname="ptolemy.util.test.junit.AutoTests" name="[428] /home/travis/build/icyphy/ptII/ptolemy/actor/lib/test/auto/arrayType4.xml (RunModel)" time="0.012" />
  <testcase classname="ptolemy.util.test.junit.AutoTests" name="[429] /home/travis/build/icyphy/ptII/ptolemy/actor/lib/test/auto/arrayType5.xml (RunModel)" time="0.012" />
  <testcase classname="ptolemy.util.test.junit.AutoTests" name="[430] /home/travis/build/icyphy/ptII/ptolemy/actor/lib/test/auto/arrayType6.xml (RunModel)" time="0.011" />
  <testcase classname="ptolemy.util.test.junit.AutoTests" name="[431] /home/travis/build/icyphy/ptII/ptolemy/actor/lib/test/auto/arrayType7.xml (RunModel)" time="0.011" />
  <testcase classname="ptolemy.util.test.junit.AutoTests" name="[432] /home/travis/build/icyphy/ptII/ptolemy/actor/lib/test/auto/arrayType8.xml (RunModel)" time="0.011" />
  <testcase classname="ptolemy.util.test.junit.AutoTests" name="[433] /home/travis/build/icyphy/ptII/ptolemy/actor/lib/test/auto/arrayType9.xml (RunModel)" time="0.009" />
  <testcase classname="ptolemy.util.test.junit.AutoTests" name="[434] /home/travis/build/icyphy/ptII/ptolemy/actor/lib/test/auto/cast.xml (RunModel)" time="0.011" />
  <testcase classname="ptolemy.util.test.junit.AutoTests" name="[435] /home/travis/build/icyphy/ptII/ptolemy/actor/lib/test/auto/compositeMultiPort.xml (RunModel)" time="0.022" />
  <testcase classname="ptolemy.util.test.junit.AutoTests" name="[436] /home/travis/build/icyphy/ptII/ptolemy/actor/lib/test/auto/expressionCastInference.xml (RunModel)" time="0.01" />
  <testcase classname="ptolemy.util.test.junit.AutoTests" name="[437] /home/travis/build/icyphy/ptII/ptolemy/actor/lib/test/auto/expressionCastInference2.xml (RunModel)" time="0.009" />
  <testcase classname="ptolemy.util.test.junit.AutoTests" name="[438] /home/travis/build/icyphy/ptII/ptolemy/actor/lib/test/auto/expressionInference.xml (RunModel)" time="0.009" />
  <testcase classname="ptolemy.util.test.junit.AutoTests" name="[439] /home/travis/build/icyphy/ptII/ptolemy/actor/lib/test/auto/expression_bug.xml (RunModel)" time="0.009" />
  <testcase classname="ptolemy.util.test.junit.AutoTests" name="[440] /home/travis/build/icyphy/ptII/ptolemy/actor/lib/test/auto/factorial.xml (RunModel)" time="0.057" />
  <testcase classname="ptolemy.util.test.junit.AutoTests" name="[441] /home/travis/build/icyphy/ptII/ptolemy/actor/lib/test/auto/filterTest1.xml (RunModel)" time="0.017" />
  <testcase classname="ptolemy.util.test.junit.AutoTests" name="[442] /home/travis/build/icyphy/ptII/ptolemy/actor/lib/test/auto/funcApplyInConst.xml (RunModel)" time="0.006" />
  <testcase classname="ptolemy.util.test.junit.AutoTests" name="[443] /home/travis/build/icyphy/ptII/ptolemy/actor/lib/test/auto/funcApplyInExpr.xml (RunModel)" time="0.007" />
  <testcase classname="ptolemy.util.test.junit.AutoTests" name="[444] /home/travis/build/icyphy/ptII/ptolemy/actor/lib/test/auto/function.xml (RunModel)" time="0.012" />
  <testcase classname="ptolemy.util.test.junit.AutoTests" name="[445] /home/travis/build/icyphy/ptII/ptolemy/actor/lib/test/auto/function2.xml (RunModel)" time="0.013" />
  <testcase classname="ptolemy.util.test.junit.AutoTests" name="[446] /home/travis/build/icyphy/ptII/ptolemy/actor/lib/test/auto/function3.xml (RunModel)" time="0.011" />
  <testcase classname="ptolemy.util.test.junit.AutoTests" name="[447] /home/travis/build/icyphy/ptII/ptolemy/actor/lib/test/auto/functionClosureTest1.xml (RunModel)" time="0.03" />
  <testcase classname="ptolemy.util.test.junit.AutoTests" name="[448] /home/travis/build/icyphy/ptII/ptolemy/actor/lib/test/auto/functionClosureTest2.xml (RunModel)" time="0.009" />
  <testcase classname="ptolemy.util.test.junit.AutoTests" name="[449] /home/travis/build/icyphy/ptII/ptolemy/actor/lib/test/auto/functionClosureTest3.xml (RunModel)" time="0.013" />
  <testcase classname="ptolemy.util.test.junit.AutoTests" name="[450] /home/travis/build/icyphy/ptII/ptolemy/actor/lib/test/auto/functionClosureTest4.xml (RunModel)" time="0.017" />
  <testcase classname="ptolemy.util.test.junit.AutoTests" name="[451] /home/travis/build/icyphy/ptII/ptolemy/actor/lib/test/auto/functionClosureTest5.xml (RunModel)" time="0.014" />
  <testcase classname="ptolemy.util.test.junit.AutoTests" name="[452] /home/travis/build/icyphy/ptII/ptolemy/actor/lib/test/auto/functionClosureTest6.xml (RunModel)" time="0.011" />
  <testcase classname="ptolemy.util.test.junit.AutoTests" name="[453] /home/travis/build/icyphy/ptII/ptolemy/actor/lib/test/auto/functionsOnArcs.xml (RunModel)" time="0.016" />
  <testcase classname="ptolemy.util.test.junit.AutoTests" name="[454] /home/travis/build/icyphy/ptII/ptolemy/actor/lib/test/auto/functionsOnArcsHOF.xml (RunModel)" time="0.016" />
  <testcase classname="ptolemy.util.test.junit.AutoTests" name="[455] /home/travis/build/icyphy/ptII/ptolemy/actor/lib/test/auto/logic.xml (RunModel)" time="0.02" />
  <testcase classname="ptolemy.util.test.junit.AutoTests" name="[456] /home/travis/build/icyphy/ptII/ptolemy/actor/lib/test/auto/matrixType.xml (RunModel)" time="0.012" />
  <testcase classname="ptolemy.util.test.junit.AutoTests" name="[457] /home/travis/build/icyphy/ptII/ptolemy/actor/lib/test/auto/matrixType10.xml (RunModel)" time="0.01" />
  <testcase classname="ptolemy.util.test.junit.AutoTests" name="[458] /home/travis/build/icyphy/ptII/ptolemy/actor/lib/test/auto/matrixType11.xml (RunModel)" time="0.01" />
  <testcase classname="ptolemy.util.test.junit.AutoTests" name="[459] /home/travis/build/icyphy/ptII/ptolemy/actor/lib/test/auto/matrixType12.xml (RunModel)" time="0.01" />
  <testcase classname="ptolemy.util.test.junit.AutoTests" name="[460] /home/travis/build/icyphy/ptII/ptolemy/actor/lib/test/auto/matrixType13.xml (RunModel)" time="0.014" />
  <testcase classname="ptolemy.util.test.junit.AutoTests" name="[461] /home/travis/build/icyphy/ptII/ptolemy/actor/lib/test/auto/matrixType14.xml (RunModel)" time="0.011" />
  <testcase classname="ptolemy.util.test.junit.AutoTests" name="[462] /home/travis/build/icyphy/ptII/ptolemy/actor/lib/test/auto/matrixType2.xml (RunModel)" time="0.011" />
  <testcase classname="ptolemy.util.test.junit.AutoTests" name="[463] /home/travis/build/icyphy/ptII/ptolemy/actor/lib/test/auto/matrixType3.xml (RunModel)" time="0.009" />
  <testcase classname="ptolemy.util.test.junit.AutoTests" name="[464] /home/travis/build/icyphy/ptII/ptolemy/actor/lib/test/auto/matrixType4.xml (RunModel)" time="0.009" />
  <testcase classname="ptolemy.util.test.junit.AutoTests" name="[465] /home/travis/build/icyphy/ptII/ptolemy/actor/lib/test/auto/matrixType5.xml (RunModel)" time="0.009" />
  <testcase classname="ptolemy.util.test.junit.AutoTests" name="[466] /home/travis/build/icyphy/ptII/ptolemy/actor/lib/test/auto/matrixType6.xml (RunModel)" time="0.01" />
  <testcase classname="ptolemy.util.test.junit.AutoTests" name="[467] /home/travis/build/icyphy/ptII/ptolemy/actor/lib/test/auto/matrixType7.xml (RunModel)" time="0.01" />
  <testcase classname="ptolemy.util.test.junit.AutoTests" name="[468] /home/travis/build/icyphy/ptII/ptolemy/actor/lib/test/auto/matrixType8.xml (RunModel)" time="0.012" />
  <testcase classname="ptolemy.util.test.junit.AutoTests" name="[469] /home/travis/build/icyphy/ptII/ptolemy/actor/lib/test/auto/matrixType9.xml (RunModel)" time="0.011" />
  <testcase classname="ptolemy.util.test.junit.AutoTests" name="[470] /home/travis/build/icyphy/ptII/ptolemy/actor/lib/test/auto/paraFunctest.xml (RunModel)" time="0.009" />
  <testcase classname="ptolemy.util.test.junit.AutoTests" name="[471] /home/travis/build/icyphy/ptII/ptolemy/actor/lib/test/auto/paraFunctest2.xml (RunModel)" time="0.009" />
  <testcase classname="ptolemy.util.test.junit.AutoTests" name="[472] /home/travis/build/icyphy/ptII/ptolemy/actor/lib/test/auto/parameterPassing.xml (RunModel)" time="0.009" />
  <testcase classname="ptolemy.util.test.junit.AutoTests" name="[473] /home/travis/build/icyphy/ptII/ptolemy/actor/lib/test/auto/record.xml (RunModel)" time="0.01" />
  <testcase classname="ptolemy.util.test.junit.AutoTests" name="[474] /home/travis/build/icyphy/ptII/ptolemy/actor/lib/test/auto/sizedarray1.xml (RunModel)" time="0.011" />
  <testcase classname="ptolemy.util.test.junit.AutoTests" name="[475] /home/travis/build/icyphy/ptII/ptolemy/actor/lib/test/auto/sizedarray2.xml (RunModel)" time="0.013" />
  <testcase classname="ptolemy.util.test.junit.AutoTests" name="[476] /home/travis/build/icyphy/ptII/ptolemy/actor/lib/test/auto/twoPublishers.xml (RunModel)" time="0.025" />
  <system-out><![CDATA[/home/travis/build/icyphy/ptII/ptolemy/actor/lib/test/AbsoluteValue.tcl
testDefs.tcl: setting time out to 9000 seconds at Thu May 10 14:46:35 UTC 2018
91 ms. Memory: 116224K Free: 107850K (93%)
5 ms. Memory: 116224K Free: 106645K (92%)
6 ms. Memory: 116224K Free: 106015K (91%)
5 ms. Memory: 116224K Free: 104835K (90%)
/home/travis/build/icyphy/ptII/ptolemy/actor/lib/test/AddSubtract.tcl
10 ms. Memory: 116224K Free: 103048K (89%)
7 ms. Memory: 116224K Free: 102442K (88%)
7 ms. Memory: 116224K Free: 101245K (87%)
11 ms. Memory: 116224K Free: 100639K (87%)
7 ms. Memory: 116224K Free: 100033K (86%)
5 ms. Memory: 116224K Free: 99435K (86%)
/home/travis/build/icyphy/ptII/ptolemy/actor/lib/test/Average.tcl
8 ms. Memory: 116224K Free: 97640K (84%)
7 ms. Memory: 116224K Free: 96444K (83%)
/home/travis/build/icyphy/ptII/ptolemy/actor/lib/test/Bernoulli.tcl
6 ms. Memory: 116224K Free: 94666K (81%)
2 ms. Memory: 116224K Free: 94075K (81%)
/home/travis/build/icyphy/ptII/ptolemy/actor/lib/test/Clock.tcl
preinitializing
resolving types
initializing
executing number 1
wrapping up
idle
17 ms. Memory: 116224K Free: 91652K (79%)
Completed execution with 5 iterations
preinitializing
resolving types
initializing
executing number 1
wrapping up
idle
22 ms. Memory: 116224K Free: 91046K (78%)
Completed execution with 5 iterations
preinitializing
resolving types
initializing
executing number 1
wrapping up
idle
4 ms. Memory: 116224K Free: 90439K (78%)
Completed execution with 5 iterations
/home/travis/build/icyphy/ptII/ptolemy/actor/lib/test/Commutator.tcl
18 ms. Memory: 116224K Free: 88653K (76%)
11 ms. Memory: 116224K Free: 87472K (75%)
11 ms. Memory: 116224K Free: 83088K (71%)
/home/travis/build/icyphy/ptII/ptolemy/actor/lib/test/Const.tcl
5 ms. Memory: 116224K Free: 81054K (70%)
15 ms. Memory: 116224K Free: 110635K (95%)
3 ms. Memory: 116224K Free: 110023K (95%)
2 ms. Memory: 116224K Free: 109428K (94%)
2 ms. Memory: 116224K Free: 108816K (94%)
14 ms. Memory: 116224K Free: 106997K (92%)
12 ms. Memory: 116224K Free: 105747K (91%)
9 ms. Memory: 116224K Free: 104555K (90%)
/home/travis/build/icyphy/ptII/ptolemy/actor/lib/test/CurrentTime.tcl
preinitializing
resolving types
initializing
executing number 1
wrapping up
idle
19 ms. Memory: 116224K Free: 102720K (88%)
Completed execution with 11 iterations
/home/travis/build/icyphy/ptII/ptolemy/actor/lib/test/DB.tcl
12 ms. Memory: 116224K Free: 100917K (87%)
2 ms. Memory: 116224K Free: 100305K (86%)
2 ms. Memory: 116224K Free: 99693K (86%)
/home/travis/build/icyphy/ptII/ptolemy/actor/lib/test/DiscreteRandomSource.tcl
preinitializing
resolving types
initializing
executing number 1
wrapping up
idle
13 ms. Memory: 116224K Free: 98470K (85%)
Completed execution with 4 iterations
preinitializing
resolving types
initializing
executing number 1
wrapping up
idle
3 ms. Memory: 116224K Free: 97874K (84%)
Completed execution with 4 iterations
preinitializing
resolving types
initializing
executing number 1
wrapping up
idle
2 ms. Memory: 116224K Free: 97278K (84%)
Completed execution with 4 iterations
preinitializing
resolving types
initializing
executing number 1
wrapping up
idle
15 ms. Memory: 116224K Free: 97278K (84%)
Completed execution with 4 iterations
preinitializing
resolving types
initializing
executing number 1
wrapping up
idle
4 ms. Memory: 116224K Free: 96682K (83%)
Completed execution with 4 iterations
/home/travis/build/icyphy/ptII/ptolemy/actor/lib/test/Distributor.tcl
14 ms. Memory: 116224K Free: 94895K (82%)
10 ms. Memory: 116224K Free: 94300K (81%)
StreamChangeRequest.changeExecuted(): <deleteEntity name="rec2"/> succeeded
StreamChangeRequest.changeExecuted(): <deleteRelation name="r2"/> succeeded
StreamChangeRequest.changeExecuted(): Record firings per iteration succeeded
7 ms. Memory: 116224K Free: 91877K (79%)
/home/travis/build/icyphy/ptII/ptolemy/actor/lib/test/Exit.tcl
Exit.tcl: this will print a message about Manager.exitAfterWrapup, which can be ignored.
4 ms. Memory: 116224K Free: 88251K (76%)
/home/travis/build/icyphy/ptII/ptolemy/actor/lib/test/Expression.tcl
13 ms. Memory: 116224K Free: 85850K (74%)
4 ms. Memory: 116224K Free: 85222K (73%)
4 ms. Memory: 116224K Free: 84626K (73%)
preinitializing
resolving types
initializing
executing number 1
wrapping up
idle
7 ms. Memory: 116224K Free: 82823K (71%)
Completed execution with 6 iterations
4 ms. Memory: 116224K Free: 82227K (71%)
3 ms. Memory: 116224K Free: 81600K (70%)
25 ms. Memory: 116224K Free: 110101K (95%)
4 ms. Memory: 116224K Free: 108932K (94%)
5 ms. Memory: 116224K Free: 107634K (93%)
/home/travis/build/icyphy/ptII/ptolemy/actor/lib/test/Gaussian.tcl
4 ms. Memory: 116224K Free: 105881K (91%)
sleeping 1 seconds: ..............................................................................................................................................................................................................................................................................................................................................................................................................................................................................................................................................................................................................................................................................................................................................................................................................................................................................................................................................................................................................................................................................................................................................................................................................................................................................................................................................................................................................................................................................................................................................................................................................................................................................................................................................................................................................................................................................................................................................................................................................................................................................................................................................................................................................................................................................................................................................................................................................................................................................................................................................................................................................................................................................................................................................................................................................................................................................................................................................................................................................................................................................................................................................................................................................................................................................................................................................................................................................................................................................................................................................................................................................................................................................................................................................................................................................................................................................................................................................................................................................................................................................................................................................................................................................................................................................................................................................................................................................................................................................................................................................................................................................................................................................................................................................................................................................................................................................................................................................................................................................................................................................................................................................................................................................................................................................................................................................................................................................................................................................................................................................................................................................................................................................................................................................................................................................................................................................................................................................................................................................................................................................................................................................................................................................................3 ms. Memory: 146944K Free: 140664K (96%)
7 ms. Memory: 146944K Free: 139474K (95%)
2 ms. Memory: 146944K Free: 139474K (95%)
9 ms. Memory: 146944K Free: 138285K (94%)
2 ms. Memory: 146944K Free: 138285K (94%)
/home/travis/build/icyphy/ptII/ptolemy/actor/lib/test/IIR.tcl
/home/travis/build/icyphy/ptII/ptolemy/actor/lib/test/Interpolator.tcl
7 ms. Memory: 146944K Free: 133357K (91%)
5 ms. Memory: 146944K Free: 133357K (91%)
6 ms. Memory: 146944K Free: 132168K (90%)
2 ms. Memory: 146944K Free: 132168K (90%)
5 ms. Memory: 146944K Free: 130978K (89%)
12 ms. Memory: 146944K Free: 130978K (89%)
8 ms. Memory: 146944K Free: 129789K (88%)
8 ms. Memory: 146944K Free: 128599K (88%)
2 ms. Memory: 146944K Free: 127409K (87%)
3 ms. Memory: 146944K Free: 127409K (87%)
/home/travis/build/icyphy/ptII/ptolemy/actor/lib/test/MathFunction.tcl
8 ms. Memory: 146944K Free: 125030K (85%)
3 ms. Memory: 146944K Free: 123841K (84%)
3 ms. Memory: 146944K Free: 122651K (83%)
3 ms. Memory: 146944K Free: 121461K (83%)
5 ms. Memory: 146944K Free: 120271K (82%)
13 ms. Memory: 146944K Free: 119082K (81%)
/home/travis/build/icyphy/ptII/ptolemy/actor/lib/test/Maximum.tcl
5 ms. Memory: 146944K Free: 116703K (79%)
7 ms. Memory: 146944K Free: 115513K (79%)
7 ms. Memory: 146944K Free: 115513K (79%)
6 ms. Memory: 146944K Free: 114323K (78%)
/home/travis/build/icyphy/ptII/ptolemy/actor/lib/test/Minimum.tcl
11 ms. Memory: 146944K Free: 113134K (77%)
6 ms. Memory: 146944K Free: 111944K (76%)
4 ms. Memory: 146944K Free: 111944K (76%)
3 ms. Memory: 146944K Free: 110755K (75%)
/home/travis/build/icyphy/ptII/ptolemy/actor/lib/test/MultiplyDivide.tcl
12 ms. Memory: 146944K Free: 108375K (74%)
10 ms. Memory: 146944K Free: 108375K (74%)
3 ms. Memory: 146944K Free: 107185K (73%)
3 ms. Memory: 146944K Free: 105995K (72%)
2 ms. Memory: 146944K Free: 105995K (72%)
/home/travis/build/icyphy/ptII/ptolemy/actor/lib/test/OrderedMerge.tcl
Connections changed on port: inputA
Connections changed on port: inputB
Connections changed on port: output
Connections changed on port: output
Connections changed on port: output
Connections changed on port: input
.top. Preinitializing ...
Invoking preinitialize():  .top.OrderedMerge
Called preinitialize()
Invoking preinitialize():  .top.Ramp
Called preinitialize()
Invoking preinitialize():  .top.Ramp2
Called preinitialize()
Invoking preinitialize():  .top.Test
Called preinitialize()
Connections changed on port: inputA
Connections changed on port: output
Connections changed on port: inputB
Connections changed on port: output
Connections changed on port: output
Connections changed on port: input
.top. Finished preinitialize().
Called initialize().
Invoking initialize():  .top.OrderedMerge
Initializing actor: .top.OrderedMerge
Adding a thread: .top.OrderedMerge
Invoking initialize():  .top.Ramp
Initializing actor: .top.Ramp
Adding a thread: .top.Ramp
Invoking initialize():  .top.Ramp2
Initializing actor: .top.Ramp2
Adding a thread: .top.Ramp2
Invoking initialize():  .top.Test
Initializing actor: .top.Test
Adding a thread: .top.Test
-- Starting thread.
Called initialize()
Called prefire()
Called fire()
-- Starting thread.
Called initialize()
Called prefire()
Called fire()
Called postfire()
Called prefire()
Called fire()
-- Starting thread.
Called initialize()
Called prefire()
Called fire()
Called postfire()
Called prefire()
Called fire()
Called fire().
Checking for deadlock:
There are 3 Blocked actors, 0 Stopped actors, and 4 active threads.
Waiting for actors to stop.
-- Starting thread.
Called initialize()
Called prefire()
Called fire()
Checking for deadlock:
There are 2 Blocked actors, 0 Stopped actors, and 4 active threads.
Waiting for actors to stop.
Called postfire()
Called prefire()
Called fire()
Checking for deadlock:
There are 3 Blocked actors, 0 Stopped actors, and 4 active threads.
Waiting for actors to stop.
Read input token from inputA with value 0.0
Next port to read input from is inputB
Called postfire()
Called prefire()
Called fire()
Checking for deadlock:
There are 2 Blocked actors, 0 Stopped actors, and 4 active threads.
Waiting for actors to stop.
Called postfire()
Called prefire()
Called fire()
Checking for deadlock:
There are 3 Blocked actors, 0 Stopped actors, and 4 active threads.
Waiting for actors to stop.
Read input token from inputB with value 0.0
Checking for deadlock:
There are 2 Blocked actors, 0 Stopped actors, and 4 active threads.
Waiting for actors to stop.
-- Read input: 0.0, which is expected to match: 0.0
Called prefire()
Called fire()
Checking for deadlock:
There are 3 Blocked actors, 0 Stopped actors, and 4 active threads.
Waiting for actors to stop.
Sent output token with value 0.0
Next port to read input from is inputA
Called postfire()
Called prefire()
Called fire()
Checking for deadlock:
There are 2 Blocked actors, 0 Stopped actors, and 4 active threads.
Waiting for actors to stop.
Called postfire()
Called prefire()
Called fire()
Checking for deadlock:
There are 3 Blocked actors, 0 Stopped actors, and 4 active threads.
Waiting for actors to stop.
Read input token from inputA with value 1.0
Checking for deadlock:
There are 2 Blocked actors, 0 Stopped actors, and 4 active threads.
Waiting for actors to stop.
-- Read input: 0.0, which is expected to match: 0.0
Called prefire()
Called fire()
Checking for deadlock:
There are 3 Blocked actors, 0 Stopped actors, and 4 active threads.
Waiting for actors to stop.
Sent output token with value 0.0
Next port to read input from is inputB
Called postfire()
Called prefire()
Called fire()
Checking for deadlock:
There are 2 Blocked actors, 0 Stopped actors, and 4 active threads.
Waiting for actors to stop.
Called postfire()
Called prefire()
Called fire()
Checking for deadlock:
There are 3 Blocked actors, 0 Stopped actors, and 4 active threads.
Waiting for actors to stop.
Read input token from inputB with value 1.5
Checking for deadlock:
There are 2 Blocked actors, 0 Stopped actors, and 4 active threads.
Waiting for actors to stop.
-- Read input: 1.0, which is expected to match: 1.0
Called prefire()
Called fire()
Checking for deadlock:
There are 3 Blocked actors, 0 Stopped actors, and 4 active threads.
Waiting for actors to stop.
Sent output token with value 1.0
Next port to read input from is inputA
Called postfire()
Called prefire()
Called fire()
Called postfire()
Called prefire()
Called fire()
Checking for deadlock:
There are 3 Blocked actors, 0 Stopped actors, and 4 active threads.
Waiting for actors to stop.
Read input token from inputA with value 2.0
-- Read input: 1.5, which is expected to match: 1.5
Called prefire()
Called fire()
Checking for deadlock:
There are 3 Blocked actors, 0 Stopped actors, and 4 active threads.
Waiting for actors to stop.
Sent output token with value 1.5
Next port to read input from is inputB
Called postfire()
Called prefire()
Called fire()
Checking for deadlock:
There are 2 Blocked actors, 0 Stopped actors, and 4 active threads.
Waiting for actors to stop.
Called postfire()
Called prefire()
Called fire()
Checking for deadlock:
There are 3 Blocked actors, 0 Stopped actors, and 4 active threads.
Waiting for actors to stop.
Read input token from inputB with value 3.0
Checking for deadlock:
There are 2 Blocked actors, 0 Stopped actors, and 4 active threads.
Waiting for actors to stop.
-- Read input: 2.0, which is expected to match: 2.0
Called prefire()
Called fire()
Checking for deadlock:
There are 3 Blocked actors, 0 Stopped actors, and 4 active threads.
Waiting for actors to stop.
Sent output token with value 2.0
Next port to read input from is inputA
Called postfire()
Called prefire()
Called fire()
Called postfire()
Called prefire()
Called fire()
Checking for deadlock:
There are 3 Blocked actors, 0 Stopped actors, and 4 active threads.
Waiting for actors to stop.
Read input token from inputA with value 3.0
-- Read input: 3.0, which is expected to match: 3.0
Called prefire()
Called fire()
Checking for deadlock:
There are 3 Blocked actors, 0 Stopped actors, and 4 active threads.
Waiting for actors to stop.
Sent output token with value 3.0
Next port to read input from is inputB
Called postfire()
Called prefire()
Called fire()
Checking for deadlock:
There are 2 Blocked actors, 0 Stopped actors, and 4 active threads.
Waiting for actors to stop.
Called postfire()
Called prefire()
Called fire()
Checking for deadlock:
There are 3 Blocked actors, 0 Stopped actors, and 4 active threads.
Waiting for actors to stop.
Read input token from inputB with value 4.5
Checking for deadlock:
There are 2 Blocked actors, 0 Stopped actors, and 4 active threads.
Waiting for actors to stop.
-- Read input: 3.0, which is expected to match: 3.0
Called prefire()
Called fire()
Checking for deadlock:
There are 3 Blocked actors, 0 Stopped actors, and 4 active threads.
Waiting for actors to stop.
Sent output token with value 3.0
Next port to read input from is inputA
Called postfire()
Called prefire()
Called fire()
Called postfire()
Called prefire()
Called fire()
Checking for deadlock:
There are 3 Blocked actors, 0 Stopped actors, and 4 active threads.
Waiting for actors to stop.
Read input token from inputA with value 4.0
-- Read input: 4.0, which is expected to match: 4.0
Called prefire()
Called fire()
Past the end of training data. Read and discard all inputs.
Checking for deadlock:
There are 3 Blocked actors, 0 Stopped actors, and 4 active threads.
Waiting for actors to stop.
Sent output token with value 4.0
Next port to read input from is inputA
Called postfire()
Called prefire()
Called fire()
Called postfire()
Called prefire()
Called fire()
Checking for deadlock:
There are 3 Blocked actors, 0 Stopped actors, and 4 active threads.
Waiting for actors to stop.
Read input token from inputA with value 5.0
Called prefire()
Called fire()
Past the end of training data. Read and discard all inputs.
Checking for deadlock:
There are 3 Blocked actors, 0 Stopped actors, and 4 active threads.
Waiting for actors to stop.
Sent output token with value 4.5
Next port to read input from is inputB
Called postfire()
Called prefire()
Called fire()
Checking for deadlock:
There are 2 Blocked actors, 0 Stopped actors, and 4 active threads.
Waiting for actors to stop.
Called postfire()
Called prefire()
Called fire()
Checking for deadlock:
There are 3 Blocked actors, 0 Stopped actors, and 4 active threads.
Waiting for actors to stop.
Read input token from inputB with value 6.0
Checking for deadlock:
There are 2 Blocked actors, 0 Stopped actors, and 4 active threads.
Waiting for actors to stop.
Called prefire()
Called fire()
Past the end of training data. Read and discard all inputs.
Checking for deadlock:
There are 3 Blocked actors, 0 Stopped actors, and 4 active threads.
Waiting for actors to stop.
Sent output token with value 5.0
Next port to read input from is inputA
Called postfire()
Called prefire()
Called fire()
Called postfire()
Called prefire()
Called fire()
Checking for deadlock:
There are 3 Blocked actors, 0 Stopped actors, and 4 active threads.
Waiting for actors to stop.
Read input token from inputA with value 6.0
Called prefire()
Called fire()
Past the end of training data. Read and discard all inputs.
Checking for deadlock:
There are 3 Blocked actors, 0 Stopped actors, and 4 active threads.
Waiting for actors to stop.
Sent output token with value 6.0
Next port to read input from is inputB
Called postfire()
Called prefire()
Called fire()
Checking for deadlock:
There are 2 Blocked actors, 0 Stopped actors, and 4 active threads.
Waiting for actors to stop.
Called postfire()
Called prefire()
Called fire()
Checking for deadlock:
There are 3 Blocked actors, 0 Stopped actors, and 4 active threads.
Waiting for actors to stop.
Read input token from inputB with value 7.5
Checking for deadlock:
There are 2 Blocked actors, 0 Stopped actors, and 4 active threads.
Waiting for actors to stop.
Called prefire()
Called fire()
Past the end of training data. Read and discard all inputs.
Checking for deadlock:
There are 3 Blocked actors, 0 Stopped actors, and 4 active threads.
Waiting for actors to stop.
Sent output token with value 6.0
Next port to read input from is inputA
Called postfire()
Called prefire()
Called fire()
Called postfire()
Called prefire()
Called fire()
Checking for deadlock:
There are 3 Blocked actors, 0 Stopped actors, and 4 active threads.
Waiting for actors to stop.
Read input token from inputA with value 7.0
Called prefire()
Called fire()
Past the end of training data. Read and discard all inputs.
Checking for deadlock:
There are 3 Blocked actors, 0 Stopped actors, and 4 active threads.
Waiting for actors to stop.
Sent output token with value 7.0
Next port to read input from is inputA
Called postfire()
Called prefire()
Called fire()
-- Thread wrapup() called.
Called wrapup()
Thread .top.Ramp is exiting.
-- Thread stopped.
Checking for deadlock:
There are 2 Blocked actors, 0 Stopped actors, and 3 active threads.
Waiting for actors to stop.
Read input token from inputA with value 8.0
Called prefire()
Called fire()
Past the end of training data. Read and discard all inputs.
Checking for deadlock:
There are 2 Blocked actors, 0 Stopped actors, and 3 active threads.
Waiting for actors to stop.
Sent output token with value 7.5
Next port to read input from is inputB
Called postfire()
Called prefire()
Called fire()
Checking for deadlock:
There are 1 Blocked actors, 0 Stopped actors, and 3 active threads.
Waiting for actors to stop.
Called postfire()
Called prefire()
Called fire()
Checking for deadlock:
There are 2 Blocked actors, 0 Stopped actors, and 3 active threads.
Waiting for actors to stop.
Read input token from inputB with value 9.0
Checking for deadlock:
There are 1 Blocked actors, 0 Stopped actors, and 3 active threads.
Waiting for actors to stop.
Called prefire()
Called fire()
Past the end of training data. Read and discard all inputs.
Checking for deadlock:
There are 2 Blocked actors, 0 Stopped actors, and 3 active threads.
Waiting for actors to stop.
Sent output token with value 8.0
Next port to read input from is inputA
Called postfire()
Called prefire()
Called fire()
Read input token from inputA with value 9.0
Checking for deadlock:
There are 1 Blocked actors, 0 Stopped actors, and 3 active threads.
Waiting for actors to stop.
Called prefire()
Called fire()
Past the end of training data. Read and discard all inputs.
Checking for deadlock:
There are 2 Blocked actors, 0 Stopped actors, and 3 active threads.
Waiting for actors to stop.
Sent output token with value 9.0
Next port to read input from is inputB
Called postfire()
Called prefire()
Called fire()
Checking for deadlock:
There are 1 Blocked actors, 0 Stopped actors, and 3 active threads.
Waiting for actors to stop.
Called postfire()
Called prefire()
Called fire()
Checking for deadlock:
There are 2 Blocked actors, 0 Stopped actors, and 3 active threads.
Waiting for actors to stop.
Read input token from inputB with value 10.5
Checking for deadlock:
There are 1 Blocked actors, 0 Stopped actors, and 3 active threads.
Waiting for actors to stop.
Called prefire()
Called fire()
Past the end of training data. Read and discard all inputs.
Checking for deadlock:
There are 2 Blocked actors, 0 Stopped actors, and 3 active threads.
Waiting for actors to stop.
Sent output token with value 9.0
Next port to read input from is inputA
Called postfire()
Called prefire()
Called fire()
Checking for deadlock:
There are 3 Blocked actors, 0 Stopped actors, and 3 active threads.
Actors have stopped.
Checking for deadlock:
There are 3 Blocked actors, 0 Stopped actors, and 3 active threads.
Deadlock detected.
Resolving Deadlock
Checking for deadlock:
There are 3 Blocked actors, 0 Stopped actors, and 3 active threads.
Artificial Deadlock - increasing queue capacity.
increasing the capacity of receiver ptolemy.actor.TypedIOPort {.top.OrderedMerge.inputB} to 2
Director: Called postfire().
Called postfire().
_stopRequested = false
_stopFireRequested = false
Returning from postfire(): true
Called fire().
Checking for deadlock:
There are 2 Blocked actors, 0 Stopped actors, and 3 active threads.
Waiting for actors to stop.
-- Thread wrapup() called.
Called wrapup()
Thread .top.Ramp2 is exiting.
-- Thread stopped.
Checking for deadlock:
There are 2 Blocked actors, 0 Stopped actors, and 2 active threads.
Actors have stopped.
Checking for deadlock:
There are 2 Blocked actors, 0 Stopped actors, and 2 active threads.
Deadlock detected.
Resolving Deadlock
Checking for deadlock:
There are 2 Blocked actors, 0 Stopped actors, and 2 active threads.
Deadlock detected: no processes blocked on write, but some are blocked on read.
Called postfire().
_stopRequested = false
_stopFireRequested = false
Returning from postfire(): false
Finished deactivating branches.
Called wrapup().
-- Thread wrapup() called.
Called wrapup()
Thread .top.Test is exiting.
-- Thread stopped.
-- Blocked Receiver call threw TerminateProcessException.
-- Thread wrapup() called.
Called wrapup()
Thread .top.OrderedMerge is exiting.
45 ms. Memory: 146944K Free: 101158K (69%)
.top. Preinitializing ...
Invoking preinitialize():  .top.OrderedMerge
Called preinitialize()
Invoking preinitialize():  .top.Ramp
Called preinitialize()
Invoking preinitialize():  .top.Ramp2
Called preinitialize()
Invoking preinitialize():  .top.Test
Called preinitialize()
.top. Finished preinitialize().
Called initialize().
Invoking initialize():  .top.OrderedMerge
Initializing actor: .top.OrderedMerge
Adding a thread: .top.OrderedMerge
Invoking initialize():  .top.Ramp
Initializing actor: .top.Ramp
Adding a thread: .top.Ramp
Invoking initialize():  .top.Ramp2
Initializing actor: .top.Ramp2
Adding a thread: .top.Ramp2
Invoking initialize():  .top.Test
Initializing actor: .top.Test
Adding a thread: .top.Test
-- Thread stopped.
-- Blocked Receiver call threw TerminateProcessException.
-- Starting thread.
Called initialize()
Called prefire()
Called fire()
-- Starting thread.
Called initialize()
Called prefire()
Called fire()
Called postfire()
Called prefire()
Called fire()
-- Starting thread.
Called initialize()
Called prefire()
Called fire()
Called postfire()
Called prefire()
Called fire()
Called fire().
Checking for deadlock:
There are 3 Blocked actors, 0 Stopped actors, and 4 active threads.
Waiting for actors to stop.
-- Starting thread.
Called initialize()
Called prefire()
Called fire()
Checking for deadlock:
There are 2 Blocked actors, 0 Stopped actors, and 4 active threads.
Waiting for actors to stop.
Called postfire()
Called prefire()
Called fire()
Checking for deadlock:
There are 3 Blocked actors, 0 Stopped actors, and 4 active threads.
Waiting for actors to stop.
Read input token from inputA with value 0.0
Next port to read input from is inputB
Called postfire()
Called prefire()
Called fire()
Checking for deadlock:
There are 2 Blocked actors, 0 Stopped actors, and 4 active threads.
Waiting for actors to stop.
Called postfire()
Called prefire()
Called fire()
Checking for deadlock:
There are 3 Blocked actors, 0 Stopped actors, and 4 active threads.
Waiting for actors to stop.
Read input token from inputB with value 0.0
Checking for deadlock:
There are 2 Blocked actors, 0 Stopped actors, and 4 active threads.
Waiting for actors to stop.
-- Read input: 0.0, which is expected to match: 0.0
Called prefire()
Called fire()
Checking for deadlock:
There are 3 Blocked actors, 0 Stopped actors, and 4 active threads.
Waiting for actors to stop.
Sent output token with value 0.0
Next port to read input from is inputA
Called postfire()
Called prefire()
Called fire()
Checking for deadlock:
There are 2 Blocked actors, 0 Stopped actors, and 4 active threads.
Waiting for actors to stop.
Called postfire()
Called prefire()
Called fire()
Checking for deadlock:
There are 3 Blocked actors, 0 Stopped actors, and 4 active threads.
Waiting for actors to stop.
Read input token from inputA with value 1.0
Checking for deadlock:
There are 2 Blocked actors, 0 Stopped actors, and 4 active threads.
Waiting for actors to stop.
-- Read input: 0.0, which is expected to match: 0.0
Called prefire()
Called fire()
Checking for deadlock:
There are 3 Blocked actors, 0 Stopped actors, and 4 active threads.
Waiting for actors to stop.
Sent output token with value 0.0
Next port to read input from is inputB
Called postfire()
Called prefire()
Called fire()
Checking for deadlock:
There are 2 Blocked actors, 0 Stopped actors, and 4 active threads.
Waiting for actors to stop.
Called postfire()
Called prefire()
Called fire()
Checking for deadlock:
There are 3 Blocked actors, 0 Stopped actors, and 4 active threads.
Waiting for actors to stop.
Read input token from inputB with value 1.5
Checking for deadlock:
There are 2 Blocked actors, 0 Stopped actors, and 4 active threads.
Waiting for actors to stop.
-- Read input: 1.0, which is expected to match: 1.0
Called prefire()
Called fire()
Checking for deadlock:
There are 3 Blocked actors, 0 Stopped actors, and 4 active threads.
Waiting for actors to stop.
Sent output token with value 1.0
Next port to read input from is inputA
Called postfire()
Called prefire()
Called fire()
Checking for deadlock:
There are 2 Blocked actors, 0 Stopped actors, and 4 active threads.
Waiting for actors to stop.
Called postfire()
Called prefire()
Called fire()
Checking for deadlock:
There are 3 Blocked actors, 0 Stopped actors, and 4 active threads.
Waiting for actors to stop.
Read input token from inputA with value 2.0
Checking for deadlock:
There are 2 Blocked actors, 0 Stopped actors, and 4 active threads.
Waiting for actors to stop.
-- Read input: 1.5, which is expected to match: 1.5
Called prefire()
Called fire()
Checking for deadlock:
There are 3 Blocked actors, 0 Stopped actors, and 4 active threads.
Waiting for actors to stop.
Sent output token with value 1.5
Next port to read input from is inputB
Called postfire()
Called prefire()
Called fire()
Checking for deadlock:
There are 2 Blocked actors, 0 Stopped actors, and 4 active threads.
Waiting for actors to stop.
Called postfire()
Called prefire()
Called fire()
Checking for deadlock:
There are 3 Blocked actors, 0 Stopped actors, and 4 active threads.
Waiting for actors to stop.
Read input token from inputB with value 3.0
Checking for deadlock:
There are 2 Blocked actors, 0 Stopped actors, and 4 active threads.
Waiting for actors to stop.
-- Read input: 2.0, which is expected to match: 2.0
Called prefire()
Called fire()
Checking for deadlock:
There are 3 Blocked actors, 0 Stopped actors, and 4 active threads.
Waiting for actors to stop.
Sent output token with value 2.0
Next port to read input from is inputA
Called postfire()
Called prefire()
Called fire()
Called postfire()
Called prefire()
Called fire()
Checking for deadlock:
There are 3 Blocked actors, 0 Stopped actors, and 4 active threads.
Waiting for actors to stop.
Read input token from inputA with value 3.0
-- Read input: 3.0, which is expected to match: 3.0
Called prefire()
Called fire()
Checking for deadlock:
There are 3 Blocked actors, 0 Stopped actors, and 4 active threads.
Waiting for actors to stop.
Sent output token with value 3.0
Next port to read input from is inputB
Called postfire()
Called prefire()
Called fire()
Checking for deadlock:
There are 2 Blocked actors, 0 Stopped actors, and 4 active threads.
Waiting for actors to stop.
Called postfire()
Called prefire()
Called fire()
Checking for deadlock:
There are 3 Blocked actors, 0 Stopped actors, and 4 active threads.
Waiting for actors to stop.
Read input token from inputB with value 4.5
Checking for deadlock:
There are 2 Blocked actors, 0 Stopped actors, and 4 active threads.
Waiting for actors to stop.
-- Read input: 3.0, which is expected to match: 3.0
Called prefire()
Called fire()
Checking for deadlock:
There are 3 Blocked actors, 0 Stopped actors, and 4 active threads.
Waiting for actors to stop.
Sent output token with value 3.0
Next port to read input from is inputA
Called postfire()
Called prefire()
Called fire()
Called postfire()
Called prefire()
Called fire()
Checking for deadlock:
There are 3 Blocked actors, 0 Stopped actors, and 4 active threads.
Waiting for actors to stop.
Read input token from inputA with value 4.0
-- Read input: 4.0, which is expected to match: 4.0
Called prefire()
Called fire()
Past the end of training data. Read and discard all inputs.
Checking for deadlock:
There are 3 Blocked actors, 0 Stopped actors, and 4 active threads.
Waiting for actors to stop.
Sent output token with value 4.0
Next port to read input from is inputA
Called postfire()
Called prefire()
Called fire()
Called postfire()
Called prefire()
Called fire()
Checking for deadlock:
There are 3 Blocked actors, 0 Stopped actors, and 4 active threads.
Waiting for actors to stop.
Read input token from inputA with value 5.0
Called prefire()
Called fire()
Past the end of training data. Read and discard all inputs.
Checking for deadlock:
There are 3 Blocked actors, 0 Stopped actors, and 4 active threads.
Waiting for actors to stop.
Sent output token with value 4.5
Next port to read input from is inputB
Called postfire()
Called prefire()
Called fire()
Checking for deadlock:
There are 2 Blocked actors, 0 Stopped actors, and 4 active threads.
Waiting for actors to stop.
Called postfire()
Called prefire()
Called fire()
Checking for deadlock:
There are 3 Blocked actors, 0 Stopped actors, and 4 active threads.
Waiting for actors to stop.
Read input token from inputB with value 6.0
Checking for deadlock:
There are 2 Blocked actors, 0 Stopped actors, and 4 active threads.
Waiting for actors to stop.
Called prefire()
Called fire()
Past the end of training data. Read and discard all inputs.
Checking for deadlock:
There are 3 Blocked actors, 0 Stopped actors, and 4 active threads.
Waiting for actors to stop.
Sent output token with value 5.0
Next port to read input from is inputA
Called postfire()
Called prefire()
Called fire()
Called postfire()
Called prefire()
Called fire()
Checking for deadlock:
There are 3 Blocked actors, 0 Stopped actors, and 4 active threads.
Waiting for actors to stop.
Read input token from inputA with value 6.0
Called prefire()
Called fire()
Past the end of training data. Read and discard all inputs.
Checking for deadlock:
There are 3 Blocked actors, 0 Stopped actors, and 4 active threads.
Waiting for actors to stop.
Sent output token with value 6.0
Next port to read input from is inputB
Called postfire()
Called prefire()
Called fire()
Checking for deadlock:
There are 2 Blocked actors, 0 Stopped actors, and 4 active threads.
Waiting for actors to stop.
Called postfire()
Called prefire()
Called fire()
Checking for deadlock:
There are 3 Blocked actors, 0 Stopped actors, and 4 active threads.
Waiting for actors to stop.
Read input token from inputB with value 7.5
Checking for deadlock:
There are 2 Blocked actors, 0 Stopped actors, and 4 active threads.
Waiting for actors to stop.
Called prefire()
Called fire()
Past the end of training data. Read and discard all inputs.
Checking for deadlock:
There are 3 Blocked actors, 0 Stopped actors, and 4 active threads.
Waiting for actors to stop.
Sent output token with value 6.0
Next port to read input from is inputA
Called postfire()
Called prefire()
Called fire()
Called postfire()
Called prefire()
Called fire()
Checking for deadlock:
There are 3 Blocked actors, 0 Stopped actors, and 4 active threads.
Waiting for actors to stop.
Read input token from inputA with value 7.0
Called prefire()
Called fire()
Past the end of training data. Read and discard all inputs.
Checking for deadlock:
There are 3 Blocked actors, 0 Stopped actors, and 4 active threads.
Waiting for actors to stop.
Sent output token with value 7.0
Next port to read input from is inputA
Called postfire()
Called prefire()
Called fire()
-- Thread wrapup() called.
Called wrapup()
Thread .top.Ramp is exiting.
-- Thread stopped.
Checking for deadlock:
There are 2 Blocked actors, 0 Stopped actors, and 3 active threads.
Waiting for actors to stop.
Read input token from inputA with value 8.0
Called prefire()
Called fire()
Past the end of training data. Read and discard all inputs.
Checking for deadlock:
There are 2 Blocked actors, 0 Stopped actors, and 3 active threads.
Waiting for actors to stop.
Sent output token with value 7.5
Next port to read input from is inputB
Called postfire()
Called prefire()
Called fire()
Checking for deadlock:
There are 1 Blocked actors, 0 Stopped actors, and 3 active threads.
Waiting for actors to stop.
Called postfire()
Called prefire()
Called fire()
Checking for deadlock:
There are 2 Blocked actors, 0 Stopped actors, and 3 active threads.
Waiting for actors to stop.
Read input token from inputB with value 9.0
Checking for deadlock:
There are 1 Blocked actors, 0 Stopped actors, and 3 active threads.
Waiting for actors to stop.
Called prefire()
Called fire()
Past the end of training data. Read and discard all inputs.
Checking for deadlock:
There are 2 Blocked actors, 0 Stopped actors, and 3 active threads.
Waiting for actors to stop.
Sent output token with value 8.0
Next port to read input from is inputA
Called postfire()
Called prefire()
Called fire()
Read input token from inputA with value 9.0
Checking for deadlock:
There are 1 Blocked actors, 0 Stopped actors, and 3 active threads.
Waiting for actors to stop.
Called prefire()
Called fire()
Past the end of training data. Read and discard all inputs.
Checking for deadlock:
There are 2 Blocked actors, 0 Stopped actors, and 3 active threads.
Waiting for actors to stop.
Sent output token with value 9.0
Next port to read input from is inputB
Called postfire()
Called prefire()
Called fire()
Checking for deadlock:
There are 1 Blocked actors, 0 Stopped actors, and 3 active threads.
Waiting for actors to stop.
Called postfire()
Called prefire()
Called fire()
Checking for deadlock:
There are 2 Blocked actors, 0 Stopped actors, and 3 active threads.
Waiting for actors to stop.
Read input token from inputB with value 10.5
Checking for deadlock:
There are 1 Blocked actors, 0 Stopped actors, and 3 active threads.
Waiting for actors to stop.
Called prefire()
Called fire()
Past the end of training data. Read and discard all inputs.
Checking for deadlock:
There are 2 Blocked actors, 0 Stopped actors, and 3 active threads.
Waiting for actors to stop.
Sent output token with value 9.0
Next port to read input from is inputA
Called postfire()
Called prefire()
Called fire()
Checking for deadlock:
There are 3 Blocked actors, 0 Stopped actors, and 3 active threads.
Actors have stopped.
Checking for deadlock:
There are 3 Blocked actors, 0 Stopped actors, and 3 active threads.
Deadlock detected.
Resolving Deadlock
Checking for deadlock:
There are 3 Blocked actors, 0 Stopped actors, and 3 active threads.
Artificial Deadlock - increasing queue capacity.
increasing the capacity of receiver ptolemy.actor.TypedIOPort {.top.OrderedMerge.inputB} to 2
Director: Called postfire().
Called postfire().
_stopRequested = false
_stopFireRequested = false
Returning from postfire(): true
Called fire().
Checking for deadlock:
There are 2 Blocked actors, 0 Stopped actors, and 3 active threads.
Waiting for actors to stop.
-- Thread wrapup() called.
Called wrapup()
Thread .top.Ramp2 is exiting.
-- Thread stopped.
Checking for deadlock:
There are 2 Blocked actors, 0 Stopped actors, and 2 active threads.
Actors have stopped.
Checking for deadlock:
There are 2 Blocked actors, 0 Stopped actors, and 2 active threads.
Deadlock detected.
Resolving Deadlock
Checking for deadlock:
There are 2 Blocked actors, 0 Stopped actors, and 2 active threads.
Deadlock detected: no processes blocked on write, but some are blocked on read.
Called postfire().
_stopRequested = false
_stopFireRequested = false
Returning from postfire(): false
Finished deactivating branches.
Called wrapup().
-- Thread wrapup() called.
Called wrapup()
Thread .top.Test is exiting.
-- Thread stopped.
-- Blocked Receiver call threw TerminateProcessException.
-- Thread wrapup() called.
Called wrapup()
Thread .top.OrderedMerge is exiting.
34 ms. Memory: 146944K Free: 98701K (67%)
/home/travis/build/icyphy/ptII/ptolemy/actor/lib/test/Publisher.tcl
-- Thread stopped.
-- Blocked Receiver call threw TerminateProcessException.
15 ms. Memory: 146944K Free: 91563K (62%)
9 ms. Memory: 146944K Free: 85615K (58%)
8 ms. Memory: 146944K Free: 82046K (56%)
9 ms. Memory: 146944K Free: 80856K (55%)
3 ms. Memory: 146944K Free: 80414K (55%)
26 ms. Memory: 146944K Free: 139419K (95%)
4 ms. Memory: 146944K Free: 138241K (94%)
8 ms. Memory: 146944K Free: 138241K (94%)
1 ms. Memory: 146944K Free: 128808K (88%)
7 ms. Memory: 146944K Free: 124096K (84%)
3 ms. Memory: 146944K Free: 124096K (84%)
6 ms. Memory: 146944K Free: 121740K (83%)
8 ms. Memory: 146944K Free: 113493K (77%)
7 ms. Memory: 146944K Free: 102890K (70%)
10 ms. Memory: 146944K Free: 91108K (62%)
/home/travis/build/icyphy/ptII/ptolemy/actor/lib/test/Pulse.tcl
6 ms. Memory: 209920K Free: 171618K (82%)
9 ms. Memory: 209920K Free: 171618K (82%)
1 ms. Memory: 209920K Free: 171618K (82%)
2 ms. Memory: 209920K Free: 169222K (81%)
2 ms. Memory: 209920K Free: 169222K (81%)
10 ms. Memory: 209920K Free: 169222K (81%)
6 ms. Memory: 209920K Free: 166834K (79%)
5 ms. Memory: 209920K Free: 166834K (79%)
2 ms. Memory: 209920K Free: 166834K (79%)
/home/travis/build/icyphy/ptII/ptolemy/actor/lib/test/Ramp.tcl
3 ms. Memory: 209920K Free: 164446K (78%)
2 ms. Memory: 209920K Free: 164446K (78%)
2 ms. Memory: 209920K Free: 162043K (77%)
2 ms. Memory: 209920K Free: 162043K (77%)
4 ms. Memory: 209920K Free: 162043K (77%)
5 ms. Memory: 209920K Free: 159639K (76%)
5 ms. Memory: 209920K Free: 159639K (76%)
5 actors
6000 microseconds per iteration to create
7 ms. Memory: 209920K Free: 157235K (75%)
3 ms. Memory: 209920K Free: 157235K (75%)
3 ms. Memory: 209920K Free: 154831K (74%)
2 ms. Memory: 209920K Free: 154831K (74%)
50 actors
35000 microseconds per iteration to create
37 ms. Memory: 209920K Free: 140456K (67%)
8 ms. Memory: 209920K Free: 138060K (66%)
24 ms. Memory: 209920K Free: 138060K (66%)
6 ms. Memory: 209920K Free: 135657K (65%)
500 actors
1700000 microseconds per iteration to create
314 ms. Memory: 209920K Free: 85358K (41%)
59 ms. Memory: 209920K Free: 80537K (38%)
81 ms. Memory: 333312K Free: 314751K (94%)
41 ms. Memory: 333312K Free: 309928K (93%)
/home/travis/build/icyphy/ptII/ptolemy/actor/lib/test/RampContinuous.tcl
12 ms. Memory: 333312K Free: 309928K (93%)
/home/travis/build/icyphy/ptII/ptolemy/actor/lib/test/RecordAssembler.tcl
7 ms. Memory: 333312K Free: 309928K (93%)
6 ms. Memory: 333312K Free: 305088K (92%)
/home/travis/build/icyphy/ptII/ptolemy/actor/lib/test/RecordDisassembler.tcl
6 ms. Memory: 333312K Free: 305088K (92%)
7 ms. Memory: 333312K Free: 305088K (92%)
5 ms. Memory: 333312K Free: 305088K (92%)
/home/travis/build/icyphy/ptII/ptolemy/actor/lib/test/Scale.tcl
4 ms. Memory: 333312K Free: 300265K (90%)
2 ms. Memory: 333312K Free: 300265K (90%)
2 ms. Memory: 333312K Free: 300265K (90%)
4 ms. Memory: 333312K Free: 300265K (90%)
3 ms. Memory: 333312K Free: 300265K (90%)
/home/travis/build/icyphy/ptII/ptolemy/actor/lib/test/SequentialClock.tcl
preinitializing
resolving types
initializing
executing number 1
wrapping up
idle
7 ms. Memory: 333312K Free: 295442K (89%)
Completed execution with 5 iterations
preinitializing
resolving types
initializing
executing number 1
wrapping up
idle
5 ms. Memory: 333312K Free: 295442K (89%)
Completed execution with 5 iterations
preinitializing
resolving types
initializing
executing number 1
wrapping up
idle
2 ms. Memory: 333312K Free: 295442K (89%)
Completed execution with 5 iterations
/home/travis/build/icyphy/ptII/ptolemy/actor/lib/test/SetVariable.tcl
5 ms. Memory: 333312K Free: 295442K (89%)
/home/travis/build/icyphy/ptII/ptolemy/actor/lib/test/Sinewave.tcl
/home/travis/build/icyphy/ptII/ptolemy/actor/lib/test/SubscriptionAggregator.tcl
6 ms. Memory: 333312K Free: 280939K (84%)
3 ms. Memory: 333312K Free: 280939K (84%)
1 ms. Memory: 333312K Free: 280939K (84%)
1 ms. Memory: 333312K Free: 276100K (83%)
2 ms. Memory: 333312K Free: 276100K (83%)
5 ms. Memory: 333312K Free: 271269K (81%)
...............................................................1046 ms. Memory: 481280K Free: 298732K (62%)
/home/travis/build/icyphy/ptII/ptolemy/actor/lib/test/Test.tcl
 The next command will produce a warning about training mode,
   which may be ignored.
5 ms. Memory: 481280K Free: 298732K (62%)
77 ms. Memory: 481280K Free: 298732K (62%)
2 ms. Memory: 481280K Free: 298732K (62%)
2 ms. Memory: 481280K Free: 294856K (61%)
4 ms. Memory: 481280K Free: 287132K (60%)
4 ms. Memory: 481280K Free: 287132K (60%)
4 ms. Memory: 481280K Free: 287132K (60%)
 The next command will produce a warning about training mode,
   which may be ignored.
12 ms. Memory: 481280K Free: 287132K (60%)
 The next command will produce a warning about training mode,
   which may be ignored.
3 ms. Memory: 481280K Free: 287132K (60%)
2 ms. Memory: 481280K Free: 287132K (60%)
2 ms. Memory: 481280K Free: 287132K (60%)
2 ms. Memory: 481280K Free: 279422K (58%)


==== $PTII/ptolemy/actor/lib/test/Test.tcl: Test-2.2.3 Fail the array test with insufficient data
==== Contents of test case:

    # Uses 2.2 above
    set value [getParameter $const value]
    $value setToken [java::new ptolemy.data.ArrayToken "{1.0, 2.0, 3.0}"]
   
    set correctValues [getParameter $test correctValues]
    $correctValues setExpression "{{{1.0, 2.0, 3.0}}, {{1.0, 2.0, 3.0}}, {{1.0, 2.0, 3.0}}}"
    set requireAllCorrectValues [getParameter $test requireAllCorrectValues]
    $requireAllCorrectValues setExpression "true" 
    #puts [$e22 exportMoML]
    catch {[$e22 getManager] execute} errMsg
    list $errMsg

==== Result was:
{ptolemy.kernel.util.IllegalActionException: Exceptions occurred during wrapup:
ptolemy.kernel.util.IllegalActionException: The test produced only 2 tokens, yet the correctValues parameter was expecting 3 tokens.
Threads:
Threads: 8
Current Thread (*) _is not_ the Swing Event Dispatch Thread
Name                                Group                Pri Daemon Alive Curr
Reference Handler                   system               10  true   true   
Finalizer                           system               8   true   true   
Signal Dispatcher                   system               9   true   true   
process reaper                      system               10  true   true   
Java2D Disposer                     system               10  true   true   
AWT-XAWT                            system               6   true   true   
main                                main                 5   false  true  *
Timer-0                             main                 5   true   true   

  in .top.test

  in .top.<Unnamed Object>
Because:
The test produced only 2 tokens, yet the correctValues parameter was expecting 3 tokens.
Threads:
Threads: 8
Current Thread (*) _is not_ the Swing Event Dispatch Thread
Name                                Group                Pri Daemon Alive Curr
Reference Handler                   system               10  true   true   
Finalizer                           system               8   true   true   
Signal Dispatcher                   system               9   true   true   
process reaper                      system               10  true   true   
Java2D Disposer                     system               10  true   true   
AWT-XAWT                            system               6   true   true   
main                                main                 5   false  true  *
Timer-0                             main                 5   true   true   

  in .top.test}
---- Result should have been:
{ptolemy.kernel.util.IllegalActionException: Exceptions occurred during wrapup:
ptolemy.kernel.util.IllegalActionException: The test produced only 2 tokens, yet the correctValues parameter was expecting 3 tokens.
  in .top.test

  in .top.<Unnamed Object>
Because:
The test produced only 2 tokens, yet the correctValues parameter was expecting 3 tokens.
  in .top.test}
@@@@@ known results is more than 7 lines long, so we run diff
2a3,15
> Threads:
> Threads: 8
> Current Thread (*) _is not_ the Swing Event Dispatch Thread
> Name                                Group                Pri Daemon Alive Curr
> Reference Handler                   system               10  true   true   
> Finalizer                           system               8   true   true   
> Signal Dispatcher                   system               9   true   true   
> process reaper                      system               10  true   true   
> Java2D Disposer                     system               10  true   true   
> AWT-XAWT                            system               6   true   true   
> main                                main                 5   false  true  *
> Timer-0                             main                 5   true   true   
> 
7a21,33
> Threads:
> Threads: 8
> Current Thread (*) _is not_ the Swing Event Dispatch Thread
> Name                                Group                Pri Daemon Alive Curr
> Reference Handler                   system               10  true   true   
> Finalizer                           system               8   true   true   
> Signal Dispatcher                   system               9   true   true   
> process reaper                      system               10  true   true   
> Java2D Disposer                     system               10  true   true   
> AWT-XAWT                            system               6   true   true   
> main                                main                 5   false  true  *
> Timer-0                             main                 5   true   true   
> 
@@@@@ Done running diffText
---- Test-2.2.3 FAILED
2 ms. Memory: 481280K Free: 267778K (56%)
3 ms. Memory: 481280K Free: 267778K (56%)
/home/travis/build/icyphy/ptII/ptolemy/actor/lib/test/TestExceptionHandler.tcl
 The next command will produce a warning about training mode,
   which may be ignored.
2 ms. Memory: 481280K Free: 267778K (56%)
1 ms. Memory: 481280K Free: 260070K (54%)
1 ms. Memory: 481280K Free: 260070K (54%)
/home/travis/build/icyphy/ptII/ptolemy/actor/lib/test/UnionDisassembler.tcl
31 ms. Memory: 481280K Free: 252362K (52%)
/home/travis/build/icyphy/ptII/ptolemy/actor/lib/test/VariableClock.tcl
preinitializing
resolving types
initializing
executing number 1
wrapping up
idle
14 ms. Memory: 481280K Free: 252362K (52%)
Completed execution with 11 iterations
preinitializing
resolving types
initializing
executing number 1
wrapping up
idle
4 ms. Memory: 481280K Free: 252362K (52%)
Completed execution with 10 iterations
05/10/18 02:46:44
Failed: 1  Total Tests: 234  ((Passed: 233, Newly Passed: 0)  Known Failed: 0) /home/travis/build/icyphy/ptII/ptolemy/actor/lib/test
----------------- testing (KnownFailure) /home/travis/build/icyphy/ptII/ptolemy/actor/lib/test/auto/knownFailedTests/PublisherPortToplevelSubscriber.xml
0 ms. Memory: 481280K Free: 244610K (51%)
Known Failure: java.lang.reflect.InvocationTargetException
----------------- testing (KnownFailure) /home/travis/build/icyphy/ptII/ptolemy/actor/lib/test/auto/knownFailedTests/PublisherSubscriberPortToplevel.xml
0 ms. Memory: 481280K Free: 229107K (48%)
Known Failure: java.lang.reflect.InvocationTargetException
----------------- testing (KnownFailure) /home/travis/build/icyphy/ptII/ptolemy/actor/lib/test/auto/knownFailedTests/PublisherSubscriptionAggregatorPort.xml
1 ms. Memory: 481280K Free: 213603K (44%)
Known Failure: java.lang.reflect.InvocationTargetException
----------------- testing (KnownFailure) /home/travis/build/icyphy/ptII/ptolemy/actor/lib/test/auto/knownFailedTests/sizedarray3.xml
4 ms. Memory: 481280K Free: 198100K (41%)
Known Failure: java.lang.reflect.InvocationTargetException
No auto/*.xml tests in /home/travis/build/icyphy/ptII/ptolemy/actor/lib/test
AutoTests.java: About to close Vertx.
AutoTests.java: Vertx closed.
----------------- testing Thu May 10 14:46:44 UTC 2018 /home/travis/build/icyphy/ptII/ptolemy/actor/lib/test/auto/AbsoluteValue.xml
----------------- Instantiating /home/travis/build/icyphy/ptII/ptolemy/actor/lib/test/auto/AbsoluteValue.xml
6 ms. Memory: 481280K Free: 120757K (25%)
----------------- Invoking toplevel() on ptolemy.moml.MoMLSimpleApplication@3a582eb3
----------------- Done invoking toplevel() on ptolemy.moml.MoMLSimpleApplication@3a582eb3
reloadAllAccessors: .AbsoluteValue
----------------- testing Thu May 10 14:46:44 UTC 2018 /home/travis/build/icyphy/ptII/ptolemy/actor/lib/test/auto/AbsoluteValue2.xml
----------------- Instantiating /home/travis/build/icyphy/ptII/ptolemy/actor/lib/test/auto/AbsoluteValue2.xml
13 ms. Memory: 481280K Free: 109121K (23%)
----------------- Invoking toplevel() on ptolemy.moml.MoMLSimpleApplication@5bcc2514
----------------- Done invoking toplevel() on ptolemy.moml.MoMLSimpleApplication@5bcc2514
reloadAllAccessors: .AbsoluteValue2
----------------- testing Thu May 10 14:46:44 UTC 2018 /home/travis/build/icyphy/ptII/ptolemy/actor/lib/test/auto/Accumulator.xml
----------------- Instantiating /home/travis/build/icyphy/ptII/ptolemy/actor/lib/test/auto/Accumulator.xml
19 ms. Memory: 481280K Free: 97478K (20%)
----------------- Invoking toplevel() on ptolemy.moml.MoMLSimpleApplication@7091f8de
----------------- Done invoking toplevel() on ptolemy.moml.MoMLSimpleApplication@7091f8de
reloadAllAccessors: .Accumulator
----------------- testing Thu May 10 14:46:45 UTC 2018 /home/travis/build/icyphy/ptII/ptolemy/actor/lib/test/auto/Accumulator2.xml
----------------- Instantiating /home/travis/build/icyphy/ptII/ptolemy/actor/lib/test/auto/Accumulator2.xml
11 ms. Memory: 481280K Free: 89726K (19%)
----------------- Invoking toplevel() on ptolemy.moml.MoMLSimpleApplication@b932b44
----------------- Done invoking toplevel() on ptolemy.moml.MoMLSimpleApplication@b932b44
reloadAllAccessors: .Accumulator2
----------------- testing Thu May 10 14:46:45 UTC 2018 /home/travis/build/icyphy/ptII/ptolemy/actor/lib/test/auto/Accumulator3.xml
----------------- Instantiating /home/travis/build/icyphy/ptII/ptolemy/actor/lib/test/auto/Accumulator3.xml
5 ms. Memory: 481280K Free: 74266K (15%)
----------------- Invoking toplevel() on ptolemy.moml.MoMLSimpleApplication@3f0d05ea
----------------- Done invoking toplevel() on ptolemy.moml.MoMLSimpleApplication@3f0d05ea
reloadAllAccessors: .Accumulator3
----------------- testing Thu May 10 14:46:45 UTC 2018 /home/travis/build/icyphy/ptII/ptolemy/actor/lib/test/auto/ArrayAppend.xml
----------------- Instantiating /home/travis/build/icyphy/ptII/ptolemy/actor/lib/test/auto/ArrayAppend.xml
9 ms. Memory: 481280K Free: 66514K (14%)
----------------- Invoking toplevel() on ptolemy.moml.MoMLSimpleApplication@4d80c224
----------------- Done invoking toplevel() on ptolemy.moml.MoMLSimpleApplication@4d80c224
reloadAllAccessors: .ArrayAppend
----------------- testing Thu May 10 14:46:45 UTC 2018 /home/travis/build/icyphy/ptII/ptolemy/actor/lib/test/auto/ArrayAppend2.xml
----------------- Instantiating /home/travis/build/icyphy/ptII/ptolemy/actor/lib/test/auto/ArrayAppend2.xml
445 ms. Memory: 484864K Free: 356009K (73%)
----------------- Invoking toplevel() on ptolemy.moml.MoMLSimpleApplication@3a3c1712
----------------- Done invoking toplevel() on ptolemy.moml.MoMLSimpleApplication@3a3c1712
reloadAllAccessors: .ArrayAppend2
----------------- testing Thu May 10 14:46:45 UTC 2018 /home/travis/build/icyphy/ptII/ptolemy/actor/lib/test/auto/ArrayAppend3.xml
----------------- Instantiating /home/travis/build/icyphy/ptII/ptolemy/actor/lib/test/auto/ArrayAppend3.xml
4 ms. Memory: 484864K Free: 341721K (70%)
----------------- Invoking toplevel() on ptolemy.moml.MoMLSimpleApplication@8aa0a10
----------------- Done invoking toplevel() on ptolemy.moml.MoMLSimpleApplication@8aa0a10
reloadAllAccessors: .ArrayAppend3
----------------- testing Thu May 10 14:46:45 UTC 2018 /home/travis/build/icyphy/ptII/ptolemy/actor/lib/test/auto/ArrayAppend4.xml
----------------- Instantiating /home/travis/build/icyphy/ptII/ptolemy/actor/lib/test/auto/ArrayAppend4.xml
3 ms. Memory: 484864K Free: 333961K (69%)
----------------- Invoking toplevel() on ptolemy.moml.MoMLSimpleApplication@4df6b5ec
----------------- Done invoking toplevel() on ptolemy.moml.MoMLSimpleApplication@4df6b5ec
reloadAllAccessors: .ArrayAppend4
----------------- testing Thu May 10 14:46:45 UTC 2018 /home/travis/build/icyphy/ptII/ptolemy/actor/lib/test/auto/ArrayAppend5.xml
----------------- Instantiating /home/travis/build/icyphy/ptII/ptolemy/actor/lib/test/auto/ArrayAppend5.xml
7 ms. Memory: 484864K Free: 319688K (66%)
----------------- Invoking toplevel() on ptolemy.moml.MoMLSimpleApplication@6ead31b7
----------------- Done invoking toplevel() on ptolemy.moml.MoMLSimpleApplication@6ead31b7
reloadAllAccessors: .ArrayAppend5
----------------- testing Thu May 10 14:46:45 UTC 2018 /home/travis/build/icyphy/ptII/ptolemy/actor/lib/test/auto/ArrayAppend6.xml
----------------- Instantiating /home/travis/build/icyphy/ptII/ptolemy/actor/lib/test/auto/ArrayAppend6.xml
5 ms. Memory: 484864K Free: 311936K (64%)
----------------- Invoking toplevel() on ptolemy.moml.MoMLSimpleApplication@19eb2d60
----------------- Done invoking toplevel() on ptolemy.moml.MoMLSimpleApplication@19eb2d60
reloadAllAccessors: .ArrayAppend6
----------------- testing Thu May 10 14:46:45 UTC 2018 /home/travis/build/icyphy/ptII/ptolemy/actor/lib/test/auto/ArrayAppendPerformanceTest.xml
----------------- Instantiating /home/travis/build/icyphy/ptII/ptolemy/actor/lib/test/auto/ArrayAppendPerformanceTest.xml
23 ms. Memory: 484864K Free: 301600K (62%)
----------------- Invoking toplevel() on ptolemy.moml.MoMLSimpleApplication@4d62fb23
----------------- Done invoking toplevel() on ptolemy.moml.MoMLSimpleApplication@4d62fb23
reloadAllAccessors: .ArrayAppendPerformanceTest
----------------- testing Thu May 10 14:46:46 UTC 2018 /home/travis/build/icyphy/ptII/ptolemy/actor/lib/test/auto/ArrayAppendWithEmptyInput.xml
----------------- Instantiating /home/travis/build/icyphy/ptII/ptolemy/actor/lib/test/auto/ArrayAppendWithEmptyInput.xml
11 ms. Memory: 484864K Free: 284727K (59%)
----------------- Invoking toplevel() on ptolemy.moml.MoMLSimpleApplication@7f1b3303
----------------- Done invoking toplevel() on ptolemy.moml.MoMLSimpleApplication@7f1b3303
reloadAllAccessors: .ArrayAppendWithEmptyInput
----------------- testing Thu May 10 14:46:46 UTC 2018 /home/travis/build/icyphy/ptII/ptolemy/actor/lib/test/auto/ArrayAverage.xml
----------------- Instantiating /home/travis/build/icyphy/ptII/ptolemy/actor/lib/test/auto/ArrayAverage.xml
6 ms. Memory: 484864K Free: 274375K (57%)
----------------- Invoking toplevel() on ptolemy.moml.MoMLSimpleApplication@24b91530
----------------- Done invoking toplevel() on ptolemy.moml.MoMLSimpleApplication@24b91530
reloadAllAccessors: .ArrayAverage
----------------- testing Thu May 10 14:46:46 UTC 2018 /home/travis/build/icyphy/ptII/ptolemy/actor/lib/test/auto/ArrayContains.xml
----------------- Instantiating /home/travis/build/icyphy/ptII/ptolemy/actor/lib/test/auto/ArrayContains.xml
2 ms. Memory: 484864K Free: 266615K (55%)
----------------- Invoking toplevel() on ptolemy.moml.MoMLSimpleApplication@22164dcc
----------------- Done invoking toplevel() on ptolemy.moml.MoMLSimpleApplication@22164dcc
reloadAllAccessors: .ArrayContains
----------------- testing Thu May 10 14:46:46 UTC 2018 /home/travis/build/icyphy/ptII/ptolemy/actor/lib/test/auto/ArrayElement.xml
----------------- Instantiating /home/travis/build/icyphy/ptII/ptolemy/actor/lib/test/auto/ArrayElement.xml
4 ms. Memory: 484864K Free: 252327K (52%)
----------------- Invoking toplevel() on ptolemy.moml.MoMLSimpleApplication@42a29533
----------------- Done invoking toplevel() on ptolemy.moml.MoMLSimpleApplication@42a29533
reloadAllAccessors: .ArrayElement
----------------- testing Thu May 10 14:46:46 UTC 2018 /home/travis/build/icyphy/ptII/ptolemy/actor/lib/test/auto/ArrayElementAsMatrix.xml
----------------- Instantiating /home/travis/build/icyphy/ptII/ptolemy/actor/lib/test/auto/ArrayElementAsMatrix.xml
19 ms. Memory: 484864K Free: 241991K (50%)
----------------- Invoking toplevel() on ptolemy.moml.MoMLSimpleApplication@49e129d2
----------------- Done invoking toplevel() on ptolemy.moml.MoMLSimpleApplication@49e129d2
reloadAllAccessors: .ArrayElementAsMatrix
----------------- testing Thu May 10 14:46:46 UTC 2018 /home/travis/build/icyphy/ptII/ptolemy/actor/lib/test/auto/ArrayElementI.xml
----------------- Instantiating /home/travis/build/icyphy/ptII/ptolemy/actor/lib/test/auto/ArrayElementI.xml
4 ms. Memory: 484864K Free: 234223K (48%)
----------------- Invoking toplevel() on ptolemy.moml.MoMLSimpleApplication@228ada92
----------------- Done invoking toplevel() on ptolemy.moml.MoMLSimpleApplication@228ada92
reloadAllAccessors: .ArrayElementI
----------------- testing Thu May 10 14:46:46 UTC 2018 /home/travis/build/icyphy/ptII/ptolemy/actor/lib/test/auto/ArrayExtract.xml
----------------- Instantiating /home/travis/build/icyphy/ptII/ptolemy/actor/lib/test/auto/ArrayExtract.xml
6 ms. Memory: 484864K Free: 219934K (45%)
----------------- Invoking toplevel() on ptolemy.moml.MoMLSimpleApplication@2054b90f
----------------- Done invoking toplevel() on ptolemy.moml.MoMLSimpleApplication@2054b90f
reloadAllAccessors: .ArrayExtract
----------------- testing Thu May 10 14:46:46 UTC 2018 /home/travis/build/icyphy/ptII/ptolemy/actor/lib/test/auto/ArrayExtract2.xml
----------------- Instantiating /home/travis/build/icyphy/ptII/ptolemy/actor/lib/test/auto/ArrayExtract2.xml
2 ms. Memory: 484864K Free: 212166K (44%)
----------------- Invoking toplevel() on ptolemy.moml.MoMLSimpleApplication@10075625
----------------- Done invoking toplevel() on ptolemy.moml.MoMLSimpleApplication@10075625
reloadAllAccessors: .ArrayExtract2
----------------- testing Thu May 10 14:46:46 UTC 2018 /home/travis/build/icyphy/ptII/ptolemy/actor/lib/test/auto/ArrayLength.xml
----------------- Instantiating /home/travis/build/icyphy/ptII/ptolemy/actor/lib/test/auto/ArrayLength.xml
2 ms. Memory: 484864K Free: 206998K (43%)
----------------- Invoking toplevel() on ptolemy.moml.MoMLSimpleApplication@15db8b9e
----------------- Done invoking toplevel() on ptolemy.moml.MoMLSimpleApplication@15db8b9e
reloadAllAccessors: .ArrayLength
----------------- testing Thu May 10 14:46:46 UTC 2018 /home/travis/build/icyphy/ptII/ptolemy/actor/lib/test/auto/ArrayLevelCrossing.xml
----------------- Instantiating /home/travis/build/icyphy/ptII/ptolemy/actor/lib/test/auto/ArrayLevelCrossing.xml
6 ms. Memory: 484864K Free: 190094K (39%)
----------------- Invoking toplevel() on ptolemy.moml.MoMLSimpleApplication@5ae165a3
----------------- Done invoking toplevel() on ptolemy.moml.MoMLSimpleApplication@5ae165a3
reloadAllAccessors: .ArrayLevelCrossing
----------------- testing Thu May 10 14:46:46 UTC 2018 /home/travis/build/icyphy/ptII/ptolemy/actor/lib/test/auto/ArrayLevelCrossing2.xml
----------------- Instantiating /home/travis/build/icyphy/ptII/ptolemy/actor/lib/test/auto/ArrayLevelCrossing2.xml
3 ms. Memory: 484864K Free: 182342K (38%)
----------------- Invoking toplevel() on ptolemy.moml.MoMLSimpleApplication@1691a09f
----------------- Done invoking toplevel() on ptolemy.moml.MoMLSimpleApplication@1691a09f
reloadAllAccessors: .ArrayLevelCrossing2
----------------- testing Thu May 10 14:46:46 UTC 2018 /home/travis/build/icyphy/ptII/ptolemy/actor/lib/test/auto/ArrayPeakSearch.xml
----------------- Instantiating /home/travis/build/icyphy/ptII/ptolemy/actor/lib/test/auto/ArrayPeakSearch.xml
13 ms. Memory: 734208K Free: 683761K (93%)
----------------- Invoking toplevel() on ptolemy.moml.MoMLSimpleApplication@3c9340b
----------------- Done invoking toplevel() on ptolemy.moml.MoMLSimpleApplication@3c9340b
reloadAllAccessors: .ArrayPeakSearch
----------------- testing Thu May 10 14:46:47 UTC 2018 /home/travis/build/icyphy/ptII/ptolemy/actor/lib/test/auto/ArrayPeakSearch2.xml
----------------- Instantiating /home/travis/build/icyphy/ptII/ptolemy/actor/lib/test/auto/ArrayPeakSearch2.xml
11 ms. Memory: 734208K Free: 663876K (90%)
----------------- Invoking toplevel() on ptolemy.moml.MoMLSimpleApplication@1d7736f0
----------------- Done invoking toplevel() on ptolemy.moml.MoMLSimpleApplication@1d7736f0
reloadAllAccessors: .ArrayPeakSearch2
----------------- testing Thu May 10 14:46:47 UTC 2018 /home/travis/build/icyphy/ptII/ptolemy/actor/lib/test/auto/ArrayPeakSearch3.xml
----------------- Instantiating /home/travis/build/icyphy/ptII/ptolemy/actor/lib/test/auto/ArrayPeakSearch3.xml
7 ms. Memory: 734208K Free: 651424K (89%)
----------------- Invoking toplevel() on ptolemy.moml.MoMLSimpleApplication@29e5b0ab
----------------- Done invoking toplevel() on ptolemy.moml.MoMLSimpleApplication@29e5b0ab
reloadAllAccessors: .ArrayPeakSearch3
----------------- testing Thu May 10 14:46:47 UTC 2018 /home/travis/build/icyphy/ptII/ptolemy/actor/lib/test/auto/ArrayRemoveElement.xml
----------------- Instantiating /home/travis/build/icyphy/ptII/ptolemy/actor/lib/test/auto/ArrayRemoveElement.xml
3 ms. Memory: 734208K Free: 638981K (87%)
----------------- Invoking toplevel() on ptolemy.moml.MoMLSimpleApplication@781cd48a
----------------- Done invoking toplevel() on ptolemy.moml.MoMLSimpleApplication@781cd48a
reloadAllAccessors: .ArrayRemoveElement
----------------- testing Thu May 10 14:46:47 UTC 2018 /home/travis/build/icyphy/ptII/ptolemy/actor/lib/test/auto/ArraySort.xml
----------------- Instantiating /home/travis/build/icyphy/ptII/ptolemy/actor/lib/test/auto/ArraySort.xml
2 ms. Memory: 734208K Free: 619135K (84%)
----------------- Invoking toplevel() on ptolemy.moml.MoMLSimpleApplication@392fc3f3
----------------- Done invoking toplevel() on ptolemy.moml.MoMLSimpleApplication@392fc3f3
reloadAllAccessors: .ArraySort
----------------- testing Thu May 10 14:46:47 UTC 2018 /home/travis/build/icyphy/ptII/ptolemy/actor/lib/test/auto/ArraySum.xml
----------------- Instantiating /home/travis/build/icyphy/ptII/ptolemy/actor/lib/test/auto/ArraySum.xml
3 ms. Memory: 734208K Free: 609811K (83%)
----------------- Invoking toplevel() on ptolemy.moml.MoMLSimpleApplication@30cf2cc
----------------- Done invoking toplevel() on ptolemy.moml.MoMLSimpleApplication@30cf2cc
reloadAllAccessors: .ArraySum
----------------- testing Thu May 10 14:46:47 UTC 2018 /home/travis/build/icyphy/ptII/ptolemy/actor/lib/test/auto/ArrayToElements.xml
----------------- Instantiating /home/travis/build/icyphy/ptII/ptolemy/actor/lib/test/auto/ArrayToElements.xml
6 ms. Memory: 734208K Free: 600486K (82%)
----------------- Invoking toplevel() on ptolemy.moml.MoMLSimpleApplication@2ff31dc9
----------------- Done invoking toplevel() on ptolemy.moml.MoMLSimpleApplication@2ff31dc9
reloadAllAccessors: .ArrayToElements
----------------- testing Thu May 10 14:46:47 UTC 2018 /home/travis/build/icyphy/ptII/ptolemy/actor/lib/test/auto/ArrayToMatrix.xml
----------------- Instantiating /home/travis/build/icyphy/ptII/ptolemy/actor/lib/test/auto/ArrayToMatrix.xml
24 ms. Memory: 734208K Free: 574410K (78%)
----------------- Invoking toplevel() on ptolemy.moml.MoMLSimpleApplication@6b55d977
----------------- Done invoking toplevel() on ptolemy.moml.MoMLSimpleApplication@6b55d977
reloadAllAccessors: .ArrayToMatrix
----------------- testing Thu May 10 14:46:47 UTC 2018 /home/travis/build/icyphy/ptII/ptolemy/actor/lib/test/auto/ArrayUpdate1.xml
----------------- Instantiating /home/travis/build/icyphy/ptII/ptolemy/actor/lib/test/auto/ArrayUpdate1.xml
2 ms. Memory: 734208K Free: 568205K (77%)
----------------- Invoking toplevel() on ptolemy.moml.MoMLSimpleApplication@610b86ad
----------------- Done invoking toplevel() on ptolemy.moml.MoMLSimpleApplication@610b86ad
reloadAllAccessors: .ArrayUpdate1
----------------- testing Thu May 10 14:46:47 UTC 2018 /home/travis/build/icyphy/ptII/ptolemy/actor/lib/test/auto/ArrayUpdate2.xml
----------------- Instantiating /home/travis/build/icyphy/ptII/ptolemy/actor/lib/test/auto/ArrayUpdate2.xml
6 ms. Memory: 734208K Free: 558888K (76%)
----------------- Invoking toplevel() on ptolemy.moml.MoMLSimpleApplication@17bbc2e2
----------------- Done invoking toplevel() on ptolemy.moml.MoMLSimpleApplication@17bbc2e2
reloadAllAccessors: .ArrayUpdate2
----------------- testing Thu May 10 14:46:47 UTC 2018 /home/travis/build/icyphy/ptII/ptolemy/actor/lib/test/auto/ArrayUpdate3.xml
----------------- Instantiating /home/travis/build/icyphy/ptII/ptolemy/actor/lib/test/auto/ArrayUpdate3.xml
3 ms. Memory: 734208K Free: 552683K (75%)
----------------- Invoking toplevel() on ptolemy.moml.MoMLSimpleApplication@3040b4b7
----------------- Done invoking toplevel() on ptolemy.moml.MoMLSimpleApplication@3040b4b7
reloadAllAccessors: .ArrayUpdate3
----------------- testing Thu May 10 14:46:47 UTC 2018 /home/travis/build/icyphy/ptII/ptolemy/actor/lib/test/auto/Assert1.xml
----------------- Instantiating /home/travis/build/icyphy/ptII/ptolemy/actor/lib/test/auto/Assert1.xml
8 ms. Memory: 734208K Free: 539058K (73%)
----------------- Invoking toplevel() on ptolemy.moml.MoMLSimpleApplication@25c97355
----------------- Done invoking toplevel() on ptolemy.moml.MoMLSimpleApplication@25c97355
reloadAllAccessors: .Assert1
----------------- testing Thu May 10 14:46:47 UTC 2018 /home/travis/build/icyphy/ptII/ptolemy/actor/lib/test/auto/Assert2.xml
----------------- Instantiating /home/travis/build/icyphy/ptII/ptolemy/actor/lib/test/auto/Assert2.xml
3 ms. Memory: 734208K Free: 532852K (73%)
----------------- Invoking toplevel() on ptolemy.moml.MoMLSimpleApplication@521f743d
----------------- Done invoking toplevel() on ptolemy.moml.MoMLSimpleApplication@521f743d
reloadAllAccessors: .Assert2
----------------- testing Thu May 10 14:46:47 UTC 2018 /home/travis/build/icyphy/ptII/ptolemy/actor/lib/test/auto/BooleanMultiplexor.xml
----------------- Instantiating /home/travis/build/icyphy/ptII/ptolemy/actor/lib/test/auto/BooleanMultiplexor.xml
3 ms. Memory: 734208K Free: 523528K (71%)
----------------- Invoking toplevel() on ptolemy.moml.MoMLSimpleApplication@3a46e5fa
----------------- Done invoking toplevel() on ptolemy.moml.MoMLSimpleApplication@3a46e5fa
reloadAllAccessors: .BooleanMultiplexor
----------------- testing Thu May 10 14:46:47 UTC 2018 /home/travis/build/icyphy/ptII/ptolemy/actor/lib/test/auto/BooleanMultiplexor2.xml
----------------- Instantiating /home/travis/build/icyphy/ptII/ptolemy/actor/lib/test/auto/BooleanMultiplexor2.xml
13 ms. Memory: 734208K Free: 506784K (69%)
----------------- Invoking toplevel() on ptolemy.moml.MoMLSimpleApplication@39ae4587
----------------- Done invoking toplevel() on ptolemy.moml.MoMLSimpleApplication@39ae4587
reloadAllAccessors: .BooleanMultiplexor2
----------------- testing Thu May 10 14:46:47 UTC 2018 /home/travis/build/icyphy/ptII/ptolemy/actor/lib/test/auto/BooleanMultiplexor3.xml
----------------- Instantiating /home/travis/build/icyphy/ptII/ptolemy/actor/lib/test/auto/BooleanMultiplexor3.xml
8 ms. Memory: 734208K Free: 500578K (68%)
----------------- Invoking toplevel() on ptolemy.moml.MoMLSimpleApplication@35dabef6
----------------- Done invoking toplevel() on ptolemy.moml.MoMLSimpleApplication@35dabef6
reloadAllAccessors: .BooleanMultiplexor3
----------------- testing Thu May 10 14:46:47 UTC 2018 /home/travis/build/icyphy/ptII/ptolemy/actor/lib/test/auto/BooleanSelect.xml
----------------- Instantiating /home/travis/build/icyphy/ptII/ptolemy/actor/lib/test/auto/BooleanSelect.xml
9 ms. Memory: 734208K Free: 491270K (67%)
----------------- Invoking toplevel() on ptolemy.moml.MoMLSimpleApplication@2bcde933
----------------- Done invoking toplevel() on ptolemy.moml.MoMLSimpleApplication@2bcde933
reloadAllAccessors: .BooleanSelect
----------------- testing Thu May 10 14:46:47 UTC 2018 /home/travis/build/icyphy/ptII/ptolemy/actor/lib/test/auto/BooleanSelect2.xml
----------------- Instantiating /home/travis/build/icyphy/ptII/ptolemy/actor/lib/test/auto/BooleanSelect2.xml
2 ms. Memory: 734208K Free: 477645K (65%)
----------------- Invoking toplevel() on ptolemy.moml.MoMLSimpleApplication@50ddf25f
----------------- Done invoking toplevel() on ptolemy.moml.MoMLSimpleApplication@50ddf25f
reloadAllAccessors: .BooleanSelect2
----------------- testing Thu May 10 14:46:47 UTC 2018 /home/travis/build/icyphy/ptII/ptolemy/actor/lib/test/auto/BooleanSwitch.xml
----------------- Instantiating /home/travis/build/icyphy/ptII/ptolemy/actor/lib/test/auto/BooleanSwitch.xml
6 ms. Memory: 734208K Free: 468320K (64%)
----------------- Invoking toplevel() on ptolemy.moml.MoMLSimpleApplication@f138950
----------------- Done invoking toplevel() on ptolemy.moml.MoMLSimpleApplication@f138950
reloadAllAccessors: .BooleanSwitch
----------------- testing Thu May 10 14:46:48 UTC 2018 /home/travis/build/icyphy/ptII/ptolemy/actor/lib/test/auto/BooleanSwitch2.xml
----------------- Instantiating /home/travis/build/icyphy/ptII/ptolemy/actor/lib/test/auto/BooleanSwitch2.xml
2 ms. Memory: 734208K Free: 462115K (63%)
----------------- Invoking toplevel() on ptolemy.moml.MoMLSimpleApplication@28e6f1da
----------------- Done invoking toplevel() on ptolemy.moml.MoMLSimpleApplication@28e6f1da
reloadAllAccessors: .BooleanSwitch2
----------------- testing Thu May 10 14:46:48 UTC 2018 /home/travis/build/icyphy/ptII/ptolemy/actor/lib/test/auto/BooleanSwitchCloningBugWithClassRelationGroup.xml
----------------- Instantiating /home/travis/build/icyphy/ptII/ptolemy/actor/lib/test/auto/BooleanSwitchCloningBugWithClassRelationGroup.xml
3 ms. Memory: 734208K Free: 452807K (62%)
----------------- Invoking toplevel() on ptolemy.moml.MoMLSimpleApplication@3b8d8942
----------------- Done invoking toplevel() on ptolemy.moml.MoMLSimpleApplication@3b8d8942
reloadAllAccessors: .BooleanSwitchCloningBugWithClassRelationGroup
----------------- testing Thu May 10 14:46:48 UTC 2018 /home/travis/build/icyphy/ptII/ptolemy/actor/lib/test/auto/BusActors.xml
----------------- Instantiating /home/travis/build/icyphy/ptII/ptolemy/actor/lib/test/auto/BusActors.xml
7 ms. Memory: 734208K Free: 432956K (59%)
----------------- Invoking toplevel() on ptolemy.moml.MoMLSimpleApplication@61352866
----------------- Done invoking toplevel() on ptolemy.moml.MoMLSimpleApplication@61352866
reloadAllAccessors: .BusActors
----------------- testing Thu May 10 14:46:48 UTC 2018 /home/travis/build/icyphy/ptII/ptolemy/actor/lib/test/auto/ClassWrapper.xml
----------------- Instantiating /home/travis/build/icyphy/ptII/ptolemy/actor/lib/test/auto/ClassWrapper.xml
3 ms. Memory: 734208K Free: 426750K (58%)
----------------- Invoking toplevel() on ptolemy.moml.MoMLSimpleApplication@66cf1d7f
----------------- Done invoking toplevel() on ptolemy.moml.MoMLSimpleApplication@66cf1d7f
reloadAllAccessors: .ClassWrapper
----------------- testing Thu May 10 14:46:48 UTC 2018 /home/travis/build/icyphy/ptII/ptolemy/actor/lib/test/auto/Clock.xml
----------------- Instantiating /home/travis/build/icyphy/ptII/ptolemy/actor/lib/test/auto/Clock.xml
4 ms. Memory: 734208K Free: 420545K (57%)
----------------- Invoking toplevel() on ptolemy.moml.MoMLSimpleApplication@2eb4aa04
----------------- Done invoking toplevel() on ptolemy.moml.MoMLSimpleApplication@2eb4aa04
reloadAllAccessors: .Clock
----------------- testing Thu May 10 14:46:48 UTC 2018 /home/travis/build/icyphy/ptII/ptolemy/actor/lib/test/auto/Clock10.xml
----------------- Instantiating /home/travis/build/icyphy/ptII/ptolemy/actor/lib/test/auto/Clock10.xml
6 ms. Memory: 734208K Free: 403801K (55%)
----------------- Invoking toplevel() on ptolemy.moml.MoMLSimpleApplication@7645682a
----------------- Done invoking toplevel() on ptolemy.moml.MoMLSimpleApplication@7645682a
reloadAllAccessors: .Clock10
----------------- testing Thu May 10 14:46:48 UTC 2018 /home/travis/build/icyphy/ptII/ptolemy/actor/lib/test/auto/Clock11.xml
----------------- Instantiating /home/travis/build/icyphy/ptII/ptolemy/actor/lib/test/auto/Clock11.xml
6 ms. Memory: 734208K Free: 394492K (54%)
----------------- Invoking toplevel() on ptolemy.moml.MoMLSimpleApplication@557b77ac
----------------- Done invoking toplevel() on ptolemy.moml.MoMLSimpleApplication@557b77ac
reloadAllAccessors: .Clock11
----------------- testing Thu May 10 14:46:48 UTC 2018 /home/travis/build/icyphy/ptII/ptolemy/actor/lib/test/auto/Clock12.xml
----------------- Instantiating /home/travis/build/icyphy/ptII/ptolemy/actor/lib/test/auto/Clock12.xml
3 ms. Memory: 734208K Free: 385184K (52%)
----------------- Invoking toplevel() on ptolemy.moml.MoMLSimpleApplication@3450e279
----------------- Done invoking toplevel() on ptolemy.moml.MoMLSimpleApplication@3450e279
reloadAllAccessors: .Clock12
----------------- testing Thu May 10 14:46:48 UTC 2018 /home/travis/build/icyphy/ptII/ptolemy/actor/lib/test/auto/Clock13.xml
----------------- Instantiating /home/travis/build/icyphy/ptII/ptolemy/actor/lib/test/auto/Clock13.xml
6 ms. Memory: 734208K Free: 368456K (50%)
----------------- Invoking toplevel() on ptolemy.moml.MoMLSimpleApplication@48e46dde
----------------- Done invoking toplevel() on ptolemy.moml.MoMLSimpleApplication@48e46dde
reloadAllAccessors: .Clock13
----------------- testing Thu May 10 14:46:48 UTC 2018 /home/travis/build/icyphy/ptII/ptolemy/actor/lib/test/auto/Clock14.xml
----------------- Instantiating /home/travis/build/icyphy/ptII/ptolemy/actor/lib/test/auto/Clock14.xml
3 ms. Memory: 734208K Free: 359148K (49%)
----------------- Invoking toplevel() on ptolemy.moml.MoMLSimpleApplication@1a72bd87
----------------- Done invoking toplevel() on ptolemy.moml.MoMLSimpleApplication@1a72bd87
reloadAllAccessors: .Clock14
----------------- testing Thu May 10 14:46:48 UTC 2018 /home/travis/build/icyphy/ptII/ptolemy/actor/lib/test/auto/Clock15.xml
----------------- Instantiating /home/travis/build/icyphy/ptII/ptolemy/actor/lib/test/auto/Clock15.xml
3 ms. Memory: 734208K Free: 349824K (48%)
----------------- Invoking toplevel() on ptolemy.moml.MoMLSimpleApplication@157cb928
----------------- Done invoking toplevel() on ptolemy.moml.MoMLSimpleApplication@157cb928
reloadAllAccessors: .Clock15
----------------- testing Thu May 10 14:46:48 UTC 2018 /home/travis/build/icyphy/ptII/ptolemy/actor/lib/test/auto/Clock16.xml
----------------- Instantiating /home/travis/build/icyphy/ptII/ptolemy/actor/lib/test/auto/Clock16.xml
29 ms. Memory: 734208K Free: 326858K (45%)
----------------- Invoking toplevel() on ptolemy.moml.MoMLSimpleApplication@7cbd6eab
----------------- Done invoking toplevel() on ptolemy.moml.MoMLSimpleApplication@7cbd6eab
reloadAllAccessors: .Clock16
----------------- testing Thu May 10 14:46:48 UTC 2018 /home/travis/build/icyphy/ptII/ptolemy/actor/lib/test/auto/Clock17.xml
----------------- Instantiating /home/travis/build/icyphy/ptII/ptolemy/actor/lib/test/auto/Clock17.xml
29 ms. Memory: 734208K Free: 308210K (42%)
----------------- Invoking toplevel() on ptolemy.moml.MoMLSimpleApplication@849f6ad
----------------- Done invoking toplevel() on ptolemy.moml.MoMLSimpleApplication@849f6ad
reloadAllAccessors: .Clock17
----------------- testing Thu May 10 14:46:48 UTC 2018 /home/travis/build/icyphy/ptII/ptolemy/actor/lib/test/auto/Clock18.xml
----------------- Instantiating /home/travis/build/icyphy/ptII/ptolemy/actor/lib/test/auto/Clock18.xml
17 ms. Memory: 734208K Free: 292680K (40%)
----------------- Invoking toplevel() on ptolemy.moml.MoMLSimpleApplication@5ac4ee7c
----------------- Done invoking toplevel() on ptolemy.moml.MoMLSimpleApplication@5ac4ee7c
reloadAllAccessors: .Clock18
----------------- testing Thu May 10 14:46:48 UTC 2018 /home/travis/build/icyphy/ptII/ptolemy/actor/lib/test/auto/Clock19.xml
----------------- Instantiating /home/travis/build/icyphy/ptII/ptolemy/actor/lib/test/auto/Clock19.xml
23 ms. Memory: 734208K Free: 277150K (38%)
----------------- Invoking toplevel() on ptolemy.moml.MoMLSimpleApplication@4dec29ba
----------------- Done invoking toplevel() on ptolemy.moml.MoMLSimpleApplication@4dec29ba
reloadAllAccessors: .Clock19
----------------- testing Thu May 10 14:46:48 UTC 2018 /home/travis/build/icyphy/ptII/ptolemy/actor/lib/test/auto/Clock2.xml
----------------- Instantiating /home/travis/build/icyphy/ptII/ptolemy/actor/lib/test/auto/Clock2.xml
7 ms. Memory: 734208K Free: 263525K (36%)
----------------- Invoking toplevel() on ptolemy.moml.MoMLSimpleApplication@12b4aaec
----------------- Done invoking toplevel() on ptolemy.moml.MoMLSimpleApplication@12b4aaec
reloadAllAccessors: .Clock2
----------------- testing Thu May 10 14:46:48 UTC 2018 /home/travis/build/icyphy/ptII/ptolemy/actor/lib/test/auto/Clock20.xml
----------------- Instantiating /home/travis/build/icyphy/ptII/ptolemy/actor/lib/test/auto/Clock20.xml
9 ms. Memory: 734208K Free: 254217K (35%)
----------------- Invoking toplevel() on ptolemy.moml.MoMLSimpleApplication@79d05aea
----------------- Done invoking toplevel() on ptolemy.moml.MoMLSimpleApplication@79d05aea
reloadAllAccessors: .Clock20
----------------- testing Thu May 10 14:46:48 UTC 2018 /home/travis/build/icyphy/ptII/ptolemy/actor/lib/test/auto/Clock21.xml
----------------- Instantiating /home/travis/build/icyphy/ptII/ptolemy/actor/lib/test/auto/Clock21.xml
8 ms. Memory: 734208K Free: 244892K (33%)
----------------- Invoking toplevel() on ptolemy.moml.MoMLSimpleApplication@612718a2
----------------- Done invoking toplevel() on ptolemy.moml.MoMLSimpleApplication@612718a2
reloadAllAccessors: .Clock21
----------------- testing Thu May 10 14:46:48 UTC 2018 /home/travis/build/icyphy/ptII/ptolemy/actor/lib/test/auto/Clock22.xml
----------------- Instantiating /home/travis/build/icyphy/ptII/ptolemy/actor/lib/test/auto/Clock22.xml
7 ms. Memory: 734208K Free: 228148K (31%)
----------------- Invoking toplevel() on ptolemy.moml.MoMLSimpleApplication@69327736
----------------- Done invoking toplevel() on ptolemy.moml.MoMLSimpleApplication@69327736
reloadAllAccessors: .Clock22
----------------- testing Thu May 10 14:46:48 UTC 2018 /home/travis/build/icyphy/ptII/ptolemy/actor/lib/test/auto/Clock23.xml
----------------- Instantiating /home/travis/build/icyphy/ptII/ptolemy/actor/lib/test/auto/Clock23.xml
5 ms. Memory: 734208K Free: 218832K (30%)
----------------- Invoking toplevel() on ptolemy.moml.MoMLSimpleApplication@7695b9ff
----------------- Done invoking toplevel() on ptolemy.moml.MoMLSimpleApplication@7695b9ff
reloadAllAccessors: .Clock23
----------------- testing Thu May 10 14:46:48 UTC 2018 /home/travis/build/icyphy/ptII/ptolemy/actor/lib/test/auto/Clock24.xml
----------------- Instantiating /home/travis/build/icyphy/ptII/ptolemy/actor/lib/test/auto/Clock24.xml
3 ms. Memory: 734208K Free: 209508K (29%)
----------------- Invoking toplevel() on ptolemy.moml.MoMLSimpleApplication@1a30f875
----------------- Done invoking toplevel() on ptolemy.moml.MoMLSimpleApplication@1a30f875
reloadAllAccessors: .Clock24
----------------- testing Thu May 10 14:46:48 UTC 2018 /home/travis/build/icyphy/ptII/ptolemy/actor/lib/test/auto/Clock4.xml
----------------- Instantiating /home/travis/build/icyphy/ptII/ptolemy/actor/lib/test/auto/Clock4.xml
3 ms. Memory: 734208K Free: 195883K (27%)
----------------- Invoking toplevel() on ptolemy.moml.MoMLSimpleApplication@5bc63f8b
----------------- Done invoking toplevel() on ptolemy.moml.MoMLSimpleApplication@5bc63f8b
reloadAllAccessors: .Clock4
----------------- testing Thu May 10 14:46:49 UTC 2018 /home/travis/build/icyphy/ptII/ptolemy/actor/lib/test/auto/Clock5.xml
----------------- Instantiating /home/travis/build/icyphy/ptII/ptolemy/actor/lib/test/auto/Clock5.xml
3 ms. Memory: 734208K Free: 186558K (25%)
----------------- Invoking toplevel() on ptolemy.moml.MoMLSimpleApplication@51899269
----------------- Done invoking toplevel() on ptolemy.moml.MoMLSimpleApplication@51899269
reloadAllAccessors: .Clock5
----------------- testing Thu May 10 14:46:49 UTC 2018 /home/travis/build/icyphy/ptII/ptolemy/actor/lib/test/auto/Clock6.xml
----------------- Instantiating /home/travis/build/icyphy/ptII/ptolemy/actor/lib/test/auto/Clock6.xml
2 ms. Memory: 734208K Free: 180353K (25%)
----------------- Invoking toplevel() on ptolemy.moml.MoMLSimpleApplication@5f2cf14b
----------------- Done invoking toplevel() on ptolemy.moml.MoMLSimpleApplication@5f2cf14b
reloadAllAccessors: .Clock6
----------------- testing Thu May 10 14:46:49 UTC 2018 /home/travis/build/icyphy/ptII/ptolemy/actor/lib/test/auto/Clock7.xml
----------------- Instantiating /home/travis/build/icyphy/ptII/ptolemy/actor/lib/test/auto/Clock7.xml
3 ms. Memory: 734208K Free: 174147K (24%)
----------------- Invoking toplevel() on ptolemy.moml.MoMLSimpleApplication@2f74155c
----------------- Done invoking toplevel() on ptolemy.moml.MoMLSimpleApplication@2f74155c
reloadAllAccessors: .Clock7
----------------- testing Thu May 10 14:46:49 UTC 2018 /home/travis/build/icyphy/ptII/ptolemy/actor/lib/test/auto/Clock8.xml
----------------- Instantiating /home/travis/build/icyphy/ptII/ptolemy/actor/lib/test/auto/Clock8.xml
4 ms. Memory: 734208K Free: 157419K (21%)
----------------- Invoking toplevel() on ptolemy.moml.MoMLSimpleApplication@165cdf0f
----------------- Done invoking toplevel() on ptolemy.moml.MoMLSimpleApplication@165cdf0f
reloadAllAccessors: .Clock8
----------------- testing Thu May 10 14:46:49 UTC 2018 /home/travis/build/icyphy/ptII/ptolemy/actor/lib/test/auto/Clock9.xml
----------------- Instantiating /home/travis/build/icyphy/ptII/ptolemy/actor/lib/test/auto/Clock9.xml
5 ms. Memory: 734208K Free: 148095K (20%)
----------------- Invoking toplevel() on ptolemy.moml.MoMLSimpleApplication@69bd776b
----------------- Done invoking toplevel() on ptolemy.moml.MoMLSimpleApplication@69bd776b
reloadAllAccessors: .Clock9
----------------- testing Thu May 10 14:46:49 UTC 2018 /home/travis/build/icyphy/ptII/ptolemy/actor/lib/test/auto/CommDistDiscard.xml
----------------- Instantiating /home/travis/build/icyphy/ptII/ptolemy/actor/lib/test/auto/CommDistDiscard.xml
6 ms. Memory: 734208K Free: 138786K (19%)
----------------- Invoking toplevel() on ptolemy.moml.MoMLSimpleApplication@38175790
----------------- Done invoking toplevel() on ptolemy.moml.MoMLSimpleApplication@38175790
reloadAllAccessors: .CommDistDiscard
----------------- testing Thu May 10 14:46:49 UTC 2018 /home/travis/build/icyphy/ptII/ptolemy/actor/lib/test/auto/Commutator.xml
----------------- Instantiating /home/travis/build/icyphy/ptII/ptolemy/actor/lib/test/auto/Commutator.xml
1 ms. Memory: 734208K Free: 125161K (17%)
----------------- Invoking toplevel() on ptolemy.moml.MoMLSimpleApplication@6cfaa83c
----------------- Done invoking toplevel() on ptolemy.moml.MoMLSimpleApplication@6cfaa83c
reloadAllAccessors: .Commutator
----------------- testing Thu May 10 14:46:49 UTC 2018 /home/travis/build/icyphy/ptII/ptolemy/actor/lib/test/auto/Commutator2.xml
----------------- Instantiating /home/travis/build/icyphy/ptII/ptolemy/actor/lib/test/auto/Commutator2.xml
1 ms. Memory: 734208K Free: 118956K (16%)
----------------- Invoking toplevel() on ptolemy.moml.MoMLSimpleApplication@2419c49b
----------------- Done invoking toplevel() on ptolemy.moml.MoMLSimpleApplication@2419c49b
reloadAllAccessors: .Commutator2
----------------- testing Thu May 10 14:46:49 UTC 2018 /home/travis/build/icyphy/ptII/ptolemy/actor/lib/test/auto/Commutator3.xml
----------------- Instantiating /home/travis/build/icyphy/ptII/ptolemy/actor/lib/test/auto/Commutator3.xml
3 ms. Memory: 734208K Free: 112750K (15%)
----------------- Invoking toplevel() on ptolemy.moml.MoMLSimpleApplication@681638ae
----------------- Done invoking toplevel() on ptolemy.moml.MoMLSimpleApplication@681638ae
reloadAllAccessors: .Commutator3
----------------- testing Thu May 10 14:46:49 UTC 2018 /home/travis/build/icyphy/ptII/ptolemy/actor/lib/test/auto/Compare.xml
----------------- Instantiating /home/travis/build/icyphy/ptII/ptolemy/actor/lib/test/auto/Compare.xml
3 ms. Memory: 734208K Free: 96006K (13%)
----------------- Invoking toplevel() on ptolemy.moml.MoMLSimpleApplication@f7ebf66
----------------- Done invoking toplevel() on ptolemy.moml.MoMLSimpleApplication@f7ebf66
reloadAllAccessors: .Compare
----------------- testing Thu May 10 14:46:49 UTC 2018 /home/travis/build/icyphy/ptII/ptolemy/actor/lib/test/auto/CompareDE.xml
----------------- Instantiating /home/travis/build/icyphy/ptII/ptolemy/actor/lib/test/auto/CompareDE.xml
6 ms. Memory: 734208K Free: 86682K (12%)
----------------- Invoking toplevel() on ptolemy.moml.MoMLSimpleApplication@76eca7db
----------------- Done invoking toplevel() on ptolemy.moml.MoMLSimpleApplication@76eca7db
reloadAllAccessors: .CompareDE
----------------- testing Thu May 10 14:46:49 UTC 2018 /home/travis/build/icyphy/ptII/ptolemy/actor/lib/test/auto/ComplexDivide.xml
----------------- Instantiating /home/travis/build/icyphy/ptII/ptolemy/actor/lib/test/auto/ComplexDivide.xml
2 ms. Memory: 734208K Free: 80476K (11%)
----------------- Invoking toplevel() on ptolemy.moml.MoMLSimpleApplication@3a851018
----------------- Done invoking toplevel() on ptolemy.moml.MoMLSimpleApplication@3a851018
reloadAllAccessors: .ComplexDivide
----------------- testing Thu May 10 14:46:49 UTC 2018 /home/travis/build/icyphy/ptII/ptolemy/actor/lib/test/auto/ComputeHistogram.xml
----------------- Instantiating /home/travis/build/icyphy/ptII/ptolemy/actor/lib/test/auto/ComputeHistogram.xml
64 ms. Memory: 734208K Free: 680715K (93%)
----------------- Invoking toplevel() on ptolemy.moml.MoMLSimpleApplication@26e546df
----------------- Done invoking toplevel() on ptolemy.moml.MoMLSimpleApplication@26e546df
reloadAllAccessors: .ComputeHistogram
----------------- testing Thu May 10 14:46:49 UTC 2018 /home/travis/build/icyphy/ptII/ptolemy/actor/lib/test/auto/ConfigurationSelect.xml
----------------- Instantiating /home/travis/build/icyphy/ptII/ptolemy/actor/lib/test/auto/ConfigurationSelect.xml
6 ms. Memory: 734208K Free: 665737K (91%)
----------------- Invoking toplevel() on ptolemy.moml.MoMLSimpleApplication@5905973b
----------------- Done invoking toplevel() on ptolemy.moml.MoMLSimpleApplication@5905973b
reloadAllAccessors: .ConfigurationSelect
----------------- testing Thu May 10 14:46:49 UTC 2018 /home/travis/build/icyphy/ptII/ptolemy/actor/lib/test/auto/ConfigurationSelect2.xml
----------------- Instantiating /home/travis/build/icyphy/ptII/ptolemy/actor/lib/test/auto/ConfigurationSelect2.xml
3 ms. Memory: 734208K Free: 659532K (90%)
----------------- Invoking toplevel() on ptolemy.moml.MoMLSimpleApplication@5c5126ad
----------------- Done invoking toplevel() on ptolemy.moml.MoMLSimpleApplication@5c5126ad
reloadAllAccessors: .ConfigurationSelect2
----------------- testing Thu May 10 14:46:49 UTC 2018 /home/travis/build/icyphy/ptII/ptolemy/actor/lib/test/auto/ConfigurationSwitch.xml
----------------- Instantiating /home/travis/build/icyphy/ptII/ptolemy/actor/lib/test/auto/ConfigurationSwitch.xml
3 ms. Memory: 734208K Free: 644554K (88%)
----------------- Invoking toplevel() on ptolemy.moml.MoMLSimpleApplication@5909a008
----------------- Done invoking toplevel() on ptolemy.moml.MoMLSimpleApplication@5909a008
reloadAllAccessors: .ConfigurationSwitch
----------------- testing Thu May 10 14:46:49 UTC 2018 /home/travis/build/icyphy/ptII/ptolemy/actor/lib/test/auto/ConfigurationSwitch2.xml
----------------- Instantiating /home/travis/build/icyphy/ptII/ptolemy/actor/lib/test/auto/ConfigurationSwitch2.xml
3 ms. Memory: 734208K Free: 635229K (87%)
----------------- Invoking toplevel() on ptolemy.moml.MoMLSimpleApplication@22bcfd32
----------------- Done invoking toplevel() on ptolemy.moml.MoMLSimpleApplication@22bcfd32
reloadAllAccessors: .ConfigurationSwitch2
----------------- testing Thu May 10 14:46:49 UTC 2018 /home/travis/build/icyphy/ptII/ptolemy/actor/lib/test/auto/ConfigurationSwitchCloningBugWithClassRelationGroup.xml
----------------- Instantiating /home/travis/build/icyphy/ptII/ptolemy/actor/lib/test/auto/ConfigurationSwitchCloningBugWithClassRelationGroup.xml
1 ms. Memory: 734208K Free: 620260K (84%)
----------------- Invoking toplevel() on ptolemy.moml.MoMLSimpleApplication@4778fa3c
----------------- Done invoking toplevel() on ptolemy.moml.MoMLSimpleApplication@4778fa3c
reloadAllAccessors: .ConfigurationSwitchCloningBugWithClassRelationGroup
----------------- testing Thu May 10 14:46:49 UTC 2018 /home/travis/build/icyphy/ptII/ptolemy/actor/lib/test/auto/ConfigurationSwitchSelectSDF.xml
----------------- Instantiating /home/travis/build/icyphy/ptII/ptolemy/actor/lib/test/auto/ConfigurationSwitchSelectSDF.xml
3 ms. Memory: 734208K Free: 610943K (83%)
----------------- Invoking toplevel() on ptolemy.moml.MoMLSimpleApplication@660c3771
----------------- Done invoking toplevel() on ptolemy.moml.MoMLSimpleApplication@660c3771
reloadAllAccessors: .ConfigurationSwitchSelectSDF
----------------- testing Thu May 10 14:46:49 UTC 2018 /home/travis/build/icyphy/ptII/ptolemy/actor/lib/test/auto/ConfigurationSwitchSelectSDF2.xml
----------------- Instantiating /home/travis/build/icyphy/ptII/ptolemy/actor/lib/test/auto/ConfigurationSwitchSelectSDF2.xml
2 ms. Memory: 734208K Free: 601635K (82%)
----------------- Invoking toplevel() on ptolemy.moml.MoMLSimpleApplication@79fe5ea5
----------------- Done invoking toplevel() on ptolemy.moml.MoMLSimpleApplication@79fe5ea5
reloadAllAccessors: .ConfigurationSwitchSelectSDF2
----------------- testing Thu May 10 14:46:49 UTC 2018 /home/travis/build/icyphy/ptII/ptolemy/actor/lib/test/auto/Const.xml
----------------- Instantiating /home/travis/build/icyphy/ptII/ptolemy/actor/lib/test/auto/Const.xml
1 ms. Memory: 734208K Free: 589776K (80%)
----------------- Invoking toplevel() on ptolemy.moml.MoMLSimpleApplication@44a78ab8
----------------- Done invoking toplevel() on ptolemy.moml.MoMLSimpleApplication@44a78ab8
reloadAllAccessors: .Const
----------------- testing Thu May 10 14:46:49 UTC 2018 /home/travis/build/icyphy/ptII/ptolemy/actor/lib/test/auto/Const2.xml
----------------- Instantiating /home/travis/build/icyphy/ptII/ptolemy/actor/lib/test/auto/Const2.xml
1 ms. Memory: 734208K Free: 583570K (79%)
----------------- Invoking toplevel() on ptolemy.moml.MoMLSimpleApplication@670b7c37
----------------- Done invoking toplevel() on ptolemy.moml.MoMLSimpleApplication@670b7c37
reloadAllAccessors: .Const2
----------------- testing Thu May 10 14:46:49 UTC 2018 /home/travis/build/icyphy/ptII/ptolemy/actor/lib/test/auto/Const3.xml
----------------- Instantiating /home/travis/build/icyphy/ptII/ptolemy/actor/lib/test/auto/Const3.xml
1 ms. Memory: 734208K Free: 571711K (78%)
----------------- Invoking toplevel() on ptolemy.moml.MoMLSimpleApplication@564744fd
----------------- Done invoking toplevel() on ptolemy.moml.MoMLSimpleApplication@564744fd
reloadAllAccessors: .Const3
----------------- testing Thu May 10 14:46:49 UTC 2018 /home/travis/build/icyphy/ptII/ptolemy/actor/lib/test/auto/ConstantPublisherPort1.xml
----------------- Instantiating /home/travis/build/icyphy/ptII/ptolemy/actor/lib/test/auto/ConstantPublisherPort1.xml
6 ms. Memory: 734208K Free: 562395K (77%)
----------------- Invoking toplevel() on ptolemy.moml.MoMLSimpleApplication@5de0ec5a
----------------- Done invoking toplevel() on ptolemy.moml.MoMLSimpleApplication@5de0ec5a
reloadAllAccessors: .ConstantPublisherPort1
----------------- testing Thu May 10 14:46:49 UTC 2018 /home/travis/build/icyphy/ptII/ptolemy/actor/lib/test/auto/ConstantPublisherPort2.xml
----------------- Instantiating /home/travis/build/icyphy/ptII/ptolemy/actor/lib/test/auto/ConstantPublisherPort2.xml
11 ms. Memory: 734208K Free: 553070K (75%)
----------------- Invoking toplevel() on ptolemy.moml.MoMLSimpleApplication@697e160c
----------------- Done invoking toplevel() on ptolemy.moml.MoMLSimpleApplication@697e160c
reloadAllAccessors: .ConstantPublisherPort2
----------------- testing Thu May 10 14:46:49 UTC 2018 /home/travis/build/icyphy/ptII/ptolemy/actor/lib/test/auto/ConstantPublisherPort3.xml
----------------- Instantiating /home/travis/build/icyphy/ptII/ptolemy/actor/lib/test/auto/ConstantPublisherPort3.xml
7 ms. Memory: 734208K Free: 538093K (73%)
----------------- Invoking toplevel() on ptolemy.moml.MoMLSimpleApplication@31c1bd07
----------------- Done invoking toplevel() on ptolemy.moml.MoMLSimpleApplication@31c1bd07
reloadAllAccessors: .ConstantPublisherPort3
----------------- testing Thu May 10 14:46:49 UTC 2018 /home/travis/build/icyphy/ptII/ptolemy/actor/lib/test/auto/ConstantPublisherPort4.xml
----------------- Instantiating /home/travis/build/icyphy/ptII/ptolemy/actor/lib/test/auto/ConstantPublisherPort4.xml
5 ms. Memory: 734208K Free: 528768K (72%)
----------------- Invoking toplevel() on ptolemy.moml.MoMLSimpleApplication@2e643d05
----------------- Done invoking toplevel() on ptolemy.moml.MoMLSimpleApplication@2e643d05
reloadAllAccessors: .ConstantPublisherPort4
----------------- testing Thu May 10 14:46:49 UTC 2018 /home/travis/build/icyphy/ptII/ptolemy/actor/lib/test/auto/ConstantPublisherPort5.xml
----------------- Instantiating /home/travis/build/icyphy/ptII/ptolemy/actor/lib/test/auto/ConstantPublisherPort5.xml
21 ms. Memory: 734208K Free: 507585K (69%)
----------------- Invoking toplevel() on ptolemy.moml.MoMLSimpleApplication@2d4e1628
----------------- Done invoking toplevel() on ptolemy.moml.MoMLSimpleApplication@2d4e1628
reloadAllAccessors: .ConstantPublisherPort5
----------------- testing Thu May 10 14:46:50 UTC 2018 /home/travis/build/icyphy/ptII/ptolemy/actor/lib/test/auto/ConstantPublisherPort6.xml
----------------- Instantiating /home/travis/build/icyphy/ptII/ptolemy/actor/lib/test/auto/ConstantPublisherPort6.xml
19 ms. Memory: 734208K Free: 488968K (67%)
----------------- Invoking toplevel() on ptolemy.moml.MoMLSimpleApplication@86494c8
----------------- Done invoking toplevel() on ptolemy.moml.MoMLSimpleApplication@86494c8
reloadAllAccessors: .ConstantPublisherPort6
----------------- testing Thu May 10 14:46:50 UTC 2018 /home/travis/build/icyphy/ptII/ptolemy/actor/lib/test/auto/ConstantPublisherPort7.xml
----------------- Instantiating /home/travis/build/icyphy/ptII/ptolemy/actor/lib/test/auto/ConstantPublisherPort7.xml
16 ms. Memory: 734208K Free: 470351K (64%)
----------------- Invoking toplevel() on ptolemy.moml.MoMLSimpleApplication@138a25a5
----------------- Done invoking toplevel() on ptolemy.moml.MoMLSimpleApplication@138a25a5
reloadAllAccessors: .ConstantPublisherPort7
----------------- testing Thu May 10 14:46:50 UTC 2018 /home/travis/build/icyphy/ptII/ptolemy/actor/lib/test/auto/ConstraintMonitor1.xml
----------------- Instantiating /home/travis/build/icyphy/ptII/ptolemy/actor/lib/test/auto/ConstraintMonitor1.xml
5 ms. Memory: 734208K Free: 455373K (62%)
----------------- Invoking toplevel() on ptolemy.moml.MoMLSimpleApplication@6cc0bf4f
----------------- Done invoking toplevel() on ptolemy.moml.MoMLSimpleApplication@6cc0bf4f
reloadAllAccessors: .ConstraintMonitor1
----------------- testing Thu May 10 14:46:50 UTC 2018 /home/travis/build/icyphy/ptII/ptolemy/actor/lib/test/auto/ConstraintMonitor2.xml
----------------- Instantiating /home/travis/build/icyphy/ptII/ptolemy/actor/lib/test/auto/ConstraintMonitor2.xml
2 ms. Memory: 734208K Free: 449168K (61%)
----------------- Invoking toplevel() on ptolemy.moml.MoMLSimpleApplication@75347c51
----------------- Done invoking toplevel() on ptolemy.moml.MoMLSimpleApplication@75347c51
reloadAllAccessors: .ConstraintMonitor2
----------------- testing Thu May 10 14:46:50 UTC 2018 /home/travis/build/icyphy/ptII/ptolemy/actor/lib/test/auto/ConstraintMonitor3.xml
----------------- Instantiating /home/travis/build/icyphy/ptII/ptolemy/actor/lib/test/auto/ConstraintMonitor3.xml
2 ms. Memory: 734208K Free: 437309K (60%)
----------------- Invoking toplevel() on ptolemy.moml.MoMLSimpleApplication@54a1b0fe
----------------- Done invoking toplevel() on ptolemy.moml.MoMLSimpleApplication@54a1b0fe
reloadAllAccessors: .ConstraintMonitor3
----------------- testing Thu May 10 14:46:50 UTC 2018 /home/travis/build/icyphy/ptII/ptolemy/actor/lib/test/auto/ConstraintMonitor4.xml
----------------- Instantiating /home/travis/build/icyphy/ptII/ptolemy/actor/lib/test/auto/ConstraintMonitor4.xml
5 ms. Memory: 734208K Free: 427985K (58%)
----------------- Invoking toplevel() on ptolemy.moml.MoMLSimpleApplication@ff9ed6d
----------------- Done invoking toplevel() on ptolemy.moml.MoMLSimpleApplication@ff9ed6d
reloadAllAccessors: .ConstraintMonitor4
----------------- testing Thu May 10 14:46:50 UTC 2018 /home/travis/build/icyphy/ptII/ptolemy/actor/lib/test/auto/ConstraintMonitor5.xml
----------------- Instantiating /home/travis/build/icyphy/ptII/ptolemy/actor/lib/test/auto/ConstraintMonitor5.xml
1 ms. Memory: 734208K Free: 418660K (57%)
----------------- Invoking toplevel() on ptolemy.moml.MoMLSimpleApplication@10b3e6f3
----------------- Done invoking toplevel() on ptolemy.moml.MoMLSimpleApplication@10b3e6f3
reloadAllAccessors: .ConstraintMonitor5
----------------- testing Thu May 10 14:46:50 UTC 2018 /home/travis/build/icyphy/ptII/ptolemy/actor/lib/test/auto/ConstraintMonitor6.xml
----------------- Instantiating /home/travis/build/icyphy/ptII/ptolemy/actor/lib/test/auto/ConstraintMonitor6.xml
7 ms. Memory: 734208K Free: 403698K (55%)
----------------- Invoking toplevel() on ptolemy.moml.MoMLSimpleApplication@671423f9
----------------- Done invoking toplevel() on ptolemy.moml.MoMLSimpleApplication@671423f9
reloadAllAccessors: .ConstraintMonitor6
----------------- testing Thu May 10 14:46:50 UTC 2018 /home/travis/build/icyphy/ptII/ptolemy/actor/lib/test/auto/ConstraintMonitor7.xml
----------------- Instantiating /home/travis/build/icyphy/ptII/ptolemy/actor/lib/test/auto/ConstraintMonitor7.xml
4 ms. Memory: 734208K Free: 394390K (54%)
----------------- Invoking toplevel() on ptolemy.moml.MoMLSimpleApplication@1112680f
----------------- Done invoking toplevel() on ptolemy.moml.MoMLSimpleApplication@1112680f
reloadAllAccessors: .ConstraintMonitor7
----------------- testing Thu May 10 14:46:50 UTC 2018 /home/travis/build/icyphy/ptII/ptolemy/actor/lib/test/auto/ConstraintMonitor8.xml
----------------- Instantiating /home/travis/build/icyphy/ptII/ptolemy/actor/lib/test/auto/ConstraintMonitor8.xml
8 ms. Memory: 734208K Free: 379412K (52%)
----------------- Invoking toplevel() on ptolemy.moml.MoMLSimpleApplication@29621603
----------------- Done invoking toplevel() on ptolemy.moml.MoMLSimpleApplication@29621603
reloadAllAccessors: .ConstraintMonitor8
----------------- testing Thu May 10 14:46:50 UTC 2018 /home/travis/build/icyphy/ptII/ptolemy/actor/lib/test/auto/Counter.xml
----------------- Instantiating /home/travis/build/icyphy/ptII/ptolemy/actor/lib/test/auto/Counter.xml
4 ms. Memory: 734208K Free: 373206K (51%)
----------------- Invoking toplevel() on ptolemy.moml.MoMLSimpleApplication@7360ff6e
----------------- Done invoking toplevel() on ptolemy.moml.MoMLSimpleApplication@7360ff6e
reloadAllAccessors: .Counter
----------------- testing Thu May 10 14:46:50 UTC 2018 /home/travis/build/icyphy/ptII/ptolemy/actor/lib/test/auto/CurrentTimeSDF.xml
----------------- Instantiating /home/travis/build/icyphy/ptII/ptolemy/actor/lib/test/auto/CurrentTimeSDF.xml
2 ms. Memory: 734208K Free: 367001K (50%)
----------------- Invoking toplevel() on ptolemy.moml.MoMLSimpleApplication@e4f3c2f
----------------- Done invoking toplevel() on ptolemy.moml.MoMLSimpleApplication@e4f3c2f
reloadAllAccessors: .CurrentTimeSDF
----------------- testing Thu May 10 14:46:50 UTC 2018 /home/travis/build/icyphy/ptII/ptolemy/actor/lib/test/auto/DB.xml
----------------- Instantiating /home/travis/build/icyphy/ptII/ptolemy/actor/lib/test/auto/DB.xml
9 ms. Memory: 734208K Free: 355141K (48%)
----------------- Invoking toplevel() on ptolemy.moml.MoMLSimpleApplication@1c2e772b
----------------- Done invoking toplevel() on ptolemy.moml.MoMLSimpleApplication@1c2e772b
reloadAllAccessors: .DB
----------------- testing Thu May 10 14:46:50 UTC 2018 /home/travis/build/icyphy/ptII/ptolemy/actor/lib/test/auto/DBDE.xml
----------------- Instantiating /home/travis/build/icyphy/ptII/ptolemy/actor/lib/test/auto/DBDE.xml
2 ms. Memory: 734208K Free: 345817K (47%)
----------------- Invoking toplevel() on ptolemy.moml.MoMLSimpleApplication@1ccfe29a
----------------- Done invoking toplevel() on ptolemy.moml.MoMLSimpleApplication@1ccfe29a
reloadAllAccessors: .DBDE
----------------- testing Thu May 10 14:46:50 UTC 2018 /home/travis/build/icyphy/ptII/ptolemy/actor/lib/test/auto/DateConstructor.xml
----------------- Instantiating /home/travis/build/icyphy/ptII/ptolemy/actor/lib/test/auto/DateConstructor.xml
20 ms. Memory: 734208K Free: 321498K (44%)
----------------- Invoking toplevel() on ptolemy.moml.MoMLSimpleApplication@91dfa4d
----------------- Done invoking toplevel() on ptolemy.moml.MoMLSimpleApplication@91dfa4d
reloadAllAccessors: .DateConstructor
----------------- testing Thu May 10 14:46:50 UTC 2018 /home/travis/build/icyphy/ptII/ptolemy/actor/lib/test/auto/DelayTime.xml
----------------- Instantiating /home/travis/build/icyphy/ptII/ptolemy/actor/lib/test/auto/DelayTime.xml
3 ms. Memory: 734208K Free: 312174K (43%)
----------------- Invoking toplevel() on ptolemy.moml.MoMLSimpleApplication@69896a60
----------------- Done invoking toplevel() on ptolemy.moml.MoMLSimpleApplication@69896a60
reloadAllAccessors: .DelayTime
----------------- testing Thu May 10 14:46:50 UTC 2018 /home/travis/build/icyphy/ptII/ptolemy/actor/lib/test/auto/Dictionary1.xml
----------------- Instantiating /home/travis/build/icyphy/ptII/ptolemy/actor/lib/test/auto/Dictionary1.xml
3 ms. Memory: 734208K Free: 297196K (40%)
----------------- Invoking toplevel() on ptolemy.moml.MoMLSimpleApplication@5b3d4f95
----------------- Done invoking toplevel() on ptolemy.moml.MoMLSimpleApplication@5b3d4f95
reloadAllAccessors: .Dictionary1
----------------- testing Thu May 10 14:46:50 UTC 2018 /home/travis/build/icyphy/ptII/ptolemy/actor/lib/test/auto/Dictionary2.xml
----------------- Instantiating /home/travis/build/icyphy/ptII/ptolemy/actor/lib/test/auto/Dictionary2.xml
6 ms. Memory: 734208K Free: 287872K (39%)
----------------- Invoking toplevel() on ptolemy.moml.MoMLSimpleApplication@346dd6b2
----------------- Done invoking toplevel() on ptolemy.moml.MoMLSimpleApplication@346dd6b2
reloadAllAccessors: .Dictionary2
----------------- testing Thu May 10 14:46:50 UTC 2018 /home/travis/build/icyphy/ptII/ptolemy/actor/lib/test/auto/Dictionary3.xml
----------------- Instantiating /home/travis/build/icyphy/ptII/ptolemy/actor/lib/test/auto/Dictionary3.xml
2 ms. Memory: 734208K Free: 278548K (38%)
----------------- Invoking toplevel() on ptolemy.moml.MoMLSimpleApplication@3ac36f41
----------------- Done invoking toplevel() on ptolemy.moml.MoMLSimpleApplication@3ac36f41
reloadAllAccessors: .Dictionary3
----------------- testing Thu May 10 14:46:50 UTC 2018 /home/travis/build/icyphy/ptII/ptolemy/actor/lib/test/auto/Dictionary4.xml
----------------- Instantiating /home/travis/build/icyphy/ptII/ptolemy/actor/lib/test/auto/Dictionary4.xml
7 ms. Memory: 734208K Free: 263578K (36%)
----------------- Invoking toplevel() on ptolemy.moml.MoMLSimpleApplication@535ae2d0
----------------- Done invoking toplevel() on ptolemy.moml.MoMLSimpleApplication@535ae2d0
reloadAllAccessors: .Dictionary4
----------------- testing Thu May 10 14:46:50 UTC 2018 /home/travis/build/icyphy/ptII/ptolemy/actor/lib/test/auto/Differential.xml
----------------- Instantiating /home/travis/build/icyphy/ptII/ptolemy/actor/lib/test/auto/Differential.xml
4 ms. Memory: 734208K Free: 257372K (35%)
----------------- Invoking toplevel() on ptolemy.moml.MoMLSimpleApplication@243df586
----------------- Done invoking toplevel() on ptolemy.moml.MoMLSimpleApplication@243df586
reloadAllAccessors: .Differential
----------------- testing Thu May 10 14:46:50 UTC 2018 /home/travis/build/icyphy/ptII/ptolemy/actor/lib/test/auto/Director.xml
----------------- Instantiating /home/travis/build/icyphy/ptII/ptolemy/actor/lib/test/auto/Director.xml
5 ms. Memory: 734208K Free: 245513K (33%)
----------------- Invoking toplevel() on ptolemy.moml.MoMLSimpleApplication@7a23ad67
----------------- Done invoking toplevel() on ptolemy.moml.MoMLSimpleApplication@7a23ad67
reloadAllAccessors: .Director
----------------- testing Thu May 10 14:46:50 UTC 2018 /home/travis/build/icyphy/ptII/ptolemy/actor/lib/test/auto/DiscreteClock.xml
----------------- Instantiating /home/travis/build/icyphy/ptII/ptolemy/actor/lib/test/auto/DiscreteClock.xml
2 ms. Memory: 734208K Free: 239307K (33%)
----------------- Invoking toplevel() on ptolemy.moml.MoMLSimpleApplication@85921f2
----------------- Done invoking toplevel() on ptolemy.moml.MoMLSimpleApplication@85921f2
reloadAllAccessors: .DiscreteClock
----------------- testing Thu May 10 14:46:50 UTC 2018 /home/travis/build/icyphy/ptII/ptolemy/actor/lib/test/auto/DiscreteClock10.xml
----------------- Instantiating /home/travis/build/icyphy/ptII/ptolemy/actor/lib/test/auto/DiscreteClock10.xml
4 ms. Memory: 734208K Free: 229991K (31%)
----------------- Invoking toplevel() on ptolemy.moml.MoMLSimpleApplication@4208310f
----------------- Done invoking toplevel() on ptolemy.moml.MoMLSimpleApplication@4208310f
reloadAllAccessors: .DiscreteClock10
----------------- testing Thu May 10 14:46:50 UTC 2018 /home/travis/build/icyphy/ptII/ptolemy/actor/lib/test/auto/DiscreteClock11.xml
----------------- Instantiating /home/travis/build/icyphy/ptII/ptolemy/actor/lib/test/auto/DiscreteClock11.xml
3 ms. Memory: 734208K Free: 215013K (29%)
----------------- Invoking toplevel() on ptolemy.moml.MoMLSimpleApplication@2de9b400
----------------- Done invoking toplevel() on ptolemy.moml.MoMLSimpleApplication@2de9b400
reloadAllAccessors: .DiscreteClock11
----------------- testing Thu May 10 14:46:50 UTC 2018 /home/travis/build/icyphy/ptII/ptolemy/actor/lib/test/auto/DiscreteClock12.xml
----------------- Instantiating /home/travis/build/icyphy/ptII/ptolemy/actor/lib/test/auto/DiscreteClock12.xml
3 ms. Memory: 734208K Free: 205705K (28%)
----------------- Invoking toplevel() on ptolemy.moml.MoMLSimpleApplication@1c6a5f71
----------------- Done invoking toplevel() on ptolemy.moml.MoMLSimpleApplication@1c6a5f71
reloadAllAccessors: .DiscreteClock12
----------------- testing Thu May 10 14:46:50 UTC 2018 /home/travis/build/icyphy/ptII/ptolemy/actor/lib/test/auto/DiscreteClock13.xml
----------------- Instantiating /home/travis/build/icyphy/ptII/ptolemy/actor/lib/test/auto/DiscreteClock13.xml
5 ms. Memory: 734208K Free: 190735K (26%)
----------------- Invoking toplevel() on ptolemy.moml.MoMLSimpleApplication@2a8dc7da
----------------- Done invoking toplevel() on ptolemy.moml.MoMLSimpleApplication@2a8dc7da
reloadAllAccessors: .DiscreteClock13
----------------- testing Thu May 10 14:46:51 UTC 2018 /home/travis/build/icyphy/ptII/ptolemy/actor/lib/test/auto/DiscreteClock14.xml
----------------- Instantiating /home/travis/build/icyphy/ptII/ptolemy/actor/lib/test/auto/DiscreteClock14.xml
4 ms. Memory: 734208K Free: 181411K (25%)
----------------- Invoking toplevel() on ptolemy.moml.MoMLSimpleApplication@67b4cb42
----------------- Done invoking toplevel() on ptolemy.moml.MoMLSimpleApplication@67b4cb42
reloadAllAccessors: .DiscreteClock14
----------------- testing Thu May 10 14:46:51 UTC 2018 /home/travis/build/icyphy/ptII/ptolemy/actor/lib/test/auto/DiscreteClock15.xml
----------------- Instantiating /home/travis/build/icyphy/ptII/ptolemy/actor/lib/test/auto/DiscreteClock15.xml
4 ms. Memory: 734208K Free: 172086K (23%)
----------------- Invoking toplevel() on ptolemy.moml.MoMLSimpleApplication@7c2b0cd8
----------------- Done invoking toplevel() on ptolemy.moml.MoMLSimpleApplication@7c2b0cd8
reloadAllAccessors: .DiscreteClock15
----------------- testing Thu May 10 14:46:51 UTC 2018 /home/travis/build/icyphy/ptII/ptolemy/actor/lib/test/auto/DiscreteClock16.xml
----------------- Instantiating /home/travis/build/icyphy/ptII/ptolemy/actor/lib/test/auto/DiscreteClock16.xml
17 ms. Memory: 734208K Free: 150903K (21%)
----------------- Invoking toplevel() on ptolemy.moml.MoMLSimpleApplication@219cbdc4
----------------- Done invoking toplevel() on ptolemy.moml.MoMLSimpleApplication@219cbdc4
reloadAllAccessors: .DiscreteClock16
----------------- testing Thu May 10 14:46:51 UTC 2018 /home/travis/build/icyphy/ptII/ptolemy/actor/lib/test/auto/DiscreteClock17.xml
----------------- Instantiating /home/travis/build/icyphy/ptII/ptolemy/actor/lib/test/auto/DiscreteClock17.xml
18 ms. Memory: 734208K Free: 132246K (18%)
----------------- Invoking toplevel() on ptolemy.moml.MoMLSimpleApplication@5ccf9da3
----------------- Done invoking toplevel() on ptolemy.moml.MoMLSimpleApplication@5ccf9da3
reloadAllAccessors: .DiscreteClock17
----------------- testing Thu May 10 14:46:51 UTC 2018 /home/travis/build/icyphy/ptII/ptolemy/actor/lib/test/auto/DiscreteClock18.xml
----------------- Instantiating /home/travis/build/icyphy/ptII/ptolemy/actor/lib/test/auto/DiscreteClock18.xml
24 ms. Memory: 734208K Free: 111071K (15%)
----------------- Invoking toplevel() on ptolemy.moml.MoMLSimpleApplication@2ce1acab
----------------- Done invoking toplevel() on ptolemy.moml.MoMLSimpleApplication@2ce1acab
reloadAllAccessors: .DiscreteClock18
----------------- testing Thu May 10 14:46:51 UTC 2018 /home/travis/build/icyphy/ptII/ptolemy/actor/lib/test/auto/DiscreteClock19.xml
----------------- Instantiating /home/travis/build/icyphy/ptII/ptolemy/actor/lib/test/auto/DiscreteClock19.xml
12 ms. Memory: 734208K Free: 95533K (13%)
----------------- Invoking toplevel() on ptolemy.moml.MoMLSimpleApplication@4468c73
----------------- Done invoking toplevel() on ptolemy.moml.MoMLSimpleApplication@4468c73
reloadAllAccessors: .DiscreteClock19
----------------- testing Thu May 10 14:46:51 UTC 2018 /home/travis/build/icyphy/ptII/ptolemy/actor/lib/test/auto/DiscreteClock2.xml
----------------- Instantiating /home/travis/build/icyphy/ptII/ptolemy/actor/lib/test/auto/DiscreteClock2.xml
7 ms. Memory: 734208K Free: 83674K (11%)
----------------- Invoking toplevel() on ptolemy.moml.MoMLSimpleApplication@6436d939
----------------- Done invoking toplevel() on ptolemy.moml.MoMLSimpleApplication@6436d939
reloadAllAccessors: .DiscreteClock2
----------------- testing Thu May 10 14:46:51 UTC 2018 /home/travis/build/icyphy/ptII/ptolemy/actor/lib/test/auto/DiscreteClock20.xml
----------------- Instantiating /home/travis/build/icyphy/ptII/ptolemy/actor/lib/test/auto/DiscreteClock20.xml
9 ms. Memory: 734208K Free: 75737K (10%)
----------------- Invoking toplevel() on ptolemy.moml.MoMLSimpleApplication@618ab056
----------------- Done invoking toplevel() on ptolemy.moml.MoMLSimpleApplication@618ab056
reloadAllAccessors: .DiscreteClock20
----------------- testing Thu May 10 14:46:51 UTC 2018 /home/travis/build/icyphy/ptII/ptolemy/actor/lib/test/auto/DiscreteClock21.xml
----------------- Instantiating /home/travis/build/icyphy/ptII/ptolemy/actor/lib/test/auto/DiscreteClock21.xml
5 ms. Memory: 846848K Free: 799986K (94%)
----------------- Invoking toplevel() on ptolemy.moml.MoMLSimpleApplication@1fa4f270
----------------- Done invoking toplevel() on ptolemy.moml.MoMLSimpleApplication@1fa4f270
reloadAllAccessors: .DiscreteClock21
----------------- testing Thu May 10 14:46:51 UTC 2018 /home/travis/build/icyphy/ptII/ptolemy/actor/lib/test/auto/DiscreteClock22.xml
----------------- Instantiating /home/travis/build/icyphy/ptII/ptolemy/actor/lib/test/auto/DiscreteClock22.xml
8 ms. Memory: 846848K Free: 784556K (93%)
----------------- Invoking toplevel() on ptolemy.moml.MoMLSimpleApplication@26032b9b
----------------- Done invoking toplevel() on ptolemy.moml.MoMLSimpleApplication@26032b9b
reloadAllAccessors: .DiscreteClock22
----------------- testing Thu May 10 14:46:51 UTC 2018 /home/travis/build/icyphy/ptII/ptolemy/actor/lib/test/auto/DiscreteClock23.xml
----------------- Instantiating /home/travis/build/icyphy/ptII/ptolemy/actor/lib/test/auto/DiscreteClock23.xml
12 ms. Memory: 846848K Free: 774555K (91%)
----------------- Invoking toplevel() on ptolemy.moml.MoMLSimpleApplication@e5c4113
----------------- Done invoking toplevel() on ptolemy.moml.MoMLSimpleApplication@e5c4113
reloadAllAccessors: .DiscreteClock23
----------------- testing Thu May 10 14:46:51 UTC 2018 /home/travis/build/icyphy/ptII/ptolemy/actor/lib/test/auto/DiscreteClock24.xml
----------------- Instantiating /home/travis/build/icyphy/ptII/ptolemy/actor/lib/test/auto/DiscreteClock24.xml
7 ms. Memory: 846848K Free: 759154K (90%)
----------------- Invoking toplevel() on ptolemy.moml.MoMLSimpleApplication@4af7691c
----------------- Done invoking toplevel() on ptolemy.moml.MoMLSimpleApplication@4af7691c
reloadAllAccessors: .DiscreteClock24
----------------- testing Thu May 10 14:46:51 UTC 2018 /home/travis/build/icyphy/ptII/ptolemy/actor/lib/test/auto/DiscreteClock4.xml
----------------- Instantiating /home/travis/build/icyphy/ptII/ptolemy/actor/lib/test/auto/DiscreteClock4.xml
8 ms. Memory: 846848K Free: 749153K (88%)
----------------- Invoking toplevel() on ptolemy.moml.MoMLSimpleApplication@60f2da58
----------------- Done invoking toplevel() on ptolemy.moml.MoMLSimpleApplication@60f2da58
reloadAllAccessors: .DiscreteClock4
----------------- testing Thu May 10 14:46:51 UTC 2018 /home/travis/build/icyphy/ptII/ptolemy/actor/lib/test/auto/DiscreteClock5.xml
----------------- Instantiating /home/travis/build/icyphy/ptII/ptolemy/actor/lib/test/auto/DiscreteClock5.xml
2 ms. Memory: 846848K Free: 733752K (87%)
----------------- Invoking toplevel() on ptolemy.moml.MoMLSimpleApplication@3c46aa3d
----------------- Done invoking toplevel() on ptolemy.moml.MoMLSimpleApplication@3c46aa3d
reloadAllAccessors: .DiscreteClock5
----------------- testing Thu May 10 14:46:51 UTC 2018 /home/travis/build/icyphy/ptII/ptolemy/actor/lib/test/auto/DiscreteClock6.xml
----------------- Instantiating /home/travis/build/icyphy/ptII/ptolemy/actor/lib/test/auto/DiscreteClock6.xml
4 ms. Memory: 846848K Free: 723751K (85%)
----------------- Invoking toplevel() on ptolemy.moml.MoMLSimpleApplication@6c305f83
----------------- Done invoking toplevel() on ptolemy.moml.MoMLSimpleApplication@6c305f83
reloadAllAccessors: .DiscreteClock6
----------------- testing Thu May 10 14:46:51 UTC 2018 /home/travis/build/icyphy/ptII/ptolemy/actor/lib/test/auto/DiscreteClock7.xml
----------------- Instantiating /home/travis/build/icyphy/ptII/ptolemy/actor/lib/test/auto/DiscreteClock7.xml
2 ms. Memory: 846848K Free: 708350K (84%)
----------------- Invoking toplevel() on ptolemy.moml.MoMLSimpleApplication@7b216ad8
----------------- Done invoking toplevel() on ptolemy.moml.MoMLSimpleApplication@7b216ad8
reloadAllAccessors: .DiscreteClock7
----------------- testing Thu May 10 14:46:51 UTC 2018 /home/travis/build/icyphy/ptII/ptolemy/actor/lib/test/auto/DiscreteClock8.xml
----------------- Instantiating /home/travis/build/icyphy/ptII/ptolemy/actor/lib/test/auto/DiscreteClock8.xml
2 ms. Memory: 846848K Free: 698348K (82%)
----------------- Invoking toplevel() on ptolemy.moml.MoMLSimpleApplication@7ed285c3
----------------- Done invoking toplevel() on ptolemy.moml.MoMLSimpleApplication@7ed285c3
reloadAllAccessors: .DiscreteClock8
----------------- testing Thu May 10 14:46:51 UTC 2018 /home/travis/build/icyphy/ptII/ptolemy/actor/lib/test/auto/DiscreteClock9.xml
----------------- Instantiating /home/travis/build/icyphy/ptII/ptolemy/actor/lib/test/auto/DiscreteClock9.xml
2 ms. Memory: 846848K Free: 688347K (81%)
----------------- Invoking toplevel() on ptolemy.moml.MoMLSimpleApplication@627d7c82
----------------- Done invoking toplevel() on ptolemy.moml.MoMLSimpleApplication@627d7c82
reloadAllAccessors: .DiscreteClock9
----------------- testing Thu May 10 14:46:51 UTC 2018 /home/travis/build/icyphy/ptII/ptolemy/actor/lib/test/auto/DisplayArray.xml
----------------- Instantiating /home/travis/build/icyphy/ptII/ptolemy/actor/lib/test/auto/DisplayArray.xml
1 ms. Memory: 846848K Free: 672946K (79%)
----------------- Invoking toplevel() on ptolemy.moml.MoMLSimpleApplication@5f741bd6
----------------- Done invoking toplevel() on ptolemy.moml.MoMLSimpleApplication@5f741bd6
reloadAllAccessors: .DisplayArray
----------------- testing Thu May 10 14:46:51 UTC 2018 /home/travis/build/icyphy/ptII/ptolemy/actor/lib/test/auto/Distributor.xml
----------------- Instantiating /home/travis/build/icyphy/ptII/ptolemy/actor/lib/test/auto/Distributor.xml
2 ms. Memory: 846848K Free: 662945K (78%)
----------------- Invoking toplevel() on ptolemy.moml.MoMLSimpleApplication@2f3dbe74
----------------- Done invoking toplevel() on ptolemy.moml.MoMLSimpleApplication@2f3dbe74
reloadAllAccessors: .Distributor
----------------- testing Thu May 10 14:46:51 UTC 2018 /home/travis/build/icyphy/ptII/ptolemy/actor/lib/test/auto/Distributor2.xml
----------------- Instantiating /home/travis/build/icyphy/ptII/ptolemy/actor/lib/test/auto/Distributor2.xml
2 ms. Memory: 846848K Free: 647543K (76%)
----------------- Invoking toplevel() on ptolemy.moml.MoMLSimpleApplication@7a0806e7
----------------- Done invoking toplevel() on ptolemy.moml.MoMLSimpleApplication@7a0806e7
reloadAllAccessors: .Distributor2
----------------- testing Thu May 10 14:46:51 UTC 2018 /home/travis/build/icyphy/ptII/ptolemy/actor/lib/test/auto/DownSample.xml
----------------- Instantiating /home/travis/build/icyphy/ptII/ptolemy/actor/lib/test/auto/DownSample.xml
2 ms. Memory: 846848K Free: 637542K (75%)
----------------- Invoking toplevel() on ptolemy.moml.MoMLSimpleApplication@7261904c
----------------- Done invoking toplevel() on ptolemy.moml.MoMLSimpleApplication@7261904c
reloadAllAccessors: .DownSample
----------------- testing Thu May 10 14:46:51 UTC 2018 /home/travis/build/icyphy/ptII/ptolemy/actor/lib/test/auto/ElectronicUnitBase1.xml
----------------- Instantiating /home/travis/build/icyphy/ptII/ptolemy/actor/lib/test/auto/ElectronicUnitBase1.xml
30 ms. Memory: 846848K Free: 612124K (72%)
----------------- Invoking toplevel() on ptolemy.moml.MoMLSimpleApplication@65be43b1
----------------- Done invoking toplevel() on ptolemy.moml.MoMLSimpleApplication@65be43b1
reloadAllAccessors: .ElectronicUnitBase1
----------------- testing Thu May 10 14:46:51 UTC 2018 /home/travis/build/icyphy/ptII/ptolemy/actor/lib/test/auto/ElementsToArray.xml
----------------- Instantiating /home/travis/build/icyphy/ptII/ptolemy/actor/lib/test/auto/ElementsToArray.xml
3 ms. Memory: 846848K Free: 602123K (71%)
----------------- Invoking toplevel() on ptolemy.moml.MoMLSimpleApplication@71ed06dc
----------------- Done invoking toplevel() on ptolemy.moml.MoMLSimpleApplication@71ed06dc
reloadAllAccessors: .ElementsToArray
----------------- testing Thu May 10 14:46:51 UTC 2018 /home/travis/build/icyphy/ptII/ptolemy/actor/lib/test/auto/Equals.xml
----------------- Instantiating /home/travis/build/icyphy/ptII/ptolemy/actor/lib/test/auto/Equals.xml
4 ms. Memory: 846848K Free: 592122K (70%)
----------------- Invoking toplevel() on ptolemy.moml.MoMLSimpleApplication@2279ea2b
----------------- Done invoking toplevel() on ptolemy.moml.MoMLSimpleApplication@2279ea2b
reloadAllAccessors: .Equals
----------------- testing Thu May 10 14:46:52 UTC 2018 /home/travis/build/icyphy/ptII/ptolemy/actor/lib/test/auto/Exec.xml
----------------- Instantiating /home/travis/build/icyphy/ptII/ptolemy/actor/lib/test/auto/Exec.xml
10 ms. Memory: 846848K Free: 566844K (67%)
----------------- Invoking toplevel() on ptolemy.moml.MoMLSimpleApplication@4e323027
----------------- Done invoking toplevel() on ptolemy.moml.MoMLSimpleApplication@4e323027
reloadAllAccessors: .Exec
----------------- testing Thu May 10 14:46:52 UTC 2018 /home/travis/build/icyphy/ptII/ptolemy/actor/lib/test/auto/ExecEnvironment.xml
----------------- Instantiating /home/travis/build/icyphy/ptII/ptolemy/actor/lib/test/auto/ExecEnvironment.xml
24 ms. Memory: 846848K Free: 541841K (64%)
----------------- Invoking toplevel() on ptolemy.moml.MoMLSimpleApplication@45491833
----------------- Done invoking toplevel() on ptolemy.moml.MoMLSimpleApplication@45491833
reloadAllAccessors: .ExecEnvironment
----------------- testing Thu May 10 14:46:52 UTC 2018 /home/travis/build/icyphy/ptII/ptolemy/actor/lib/test/auto/ExecNonZeroReturnOutput.xml
----------------- Instantiating /home/travis/build/icyphy/ptII/ptolemy/actor/lib/test/auto/ExecNonZeroReturnOutput.xml
158 ms. Memory: 846848K Free: 461432K (54%)
----------------- Invoking toplevel() on ptolemy.moml.MoMLSimpleApplication@61d91757
----------------- Done invoking toplevel() on ptolemy.moml.MoMLSimpleApplication@61d91757
reloadAllAccessors: .ExecNonZeroReturnOutput
----------------- testing Thu May 10 14:46:52 UTC 2018 /home/travis/build/icyphy/ptII/ptolemy/actor/lib/test/auto/ExecRunDemos.xml
----------------- Instantiating /home/travis/build/icyphy/ptII/ptolemy/actor/lib/test/auto/ExecRunDemos.xml
Finished: 95 ms. Memory: 116224K Free: 100789K (87%)

Finished: 86 ms. Memory: 116224K Free: 98249K (85%)

Finished: 62 ms. Memory: 116224K Free: 98342K (85%)

Finished: 69 ms. Memory: 116224K Free: 99450K (86%)

Finished: 51 ms. Memory: 116224K Free: 100823K (87%)

10915 ms. Memory: 846848K Free: 391394K (46%)
----------------- Invoking toplevel() on ptolemy.moml.MoMLSimpleApplication@630b1cf5
----------------- Done invoking toplevel() on ptolemy.moml.MoMLSimpleApplication@630b1cf5
reloadAllAccessors: .ExecRunDemos
----------------- testing Thu May 10 14:47:03 UTC 2018 /home/travis/build/icyphy/ptII/ptolemy/actor/lib/test/auto/ExecStop.xml
----------------- Instantiating /home/travis/build/icyphy/ptII/ptolemy/actor/lib/test/auto/ExecStop.xml
5014 ms. Memory: 846848K Free: 255979K (30%)
----------------- Invoking toplevel() on ptolemy.moml.MoMLSimpleApplication@12763f0a
----------------- Done invoking toplevel() on ptolemy.moml.MoMLSimpleApplication@12763f0a
reloadAllAccessors: .ExecStop
----------------- testing Thu May 10 14:47:08 UTC 2018 /home/travis/build/icyphy/ptII/ptolemy/actor/lib/test/auto/ExecutionTimePN.xml
----------------- Instantiating /home/travis/build/icyphy/ptII/ptolemy/actor/lib/test/auto/ExecutionTimePN.xml
2010 ms. Memory: 846848K Free: 205973K (24%)
----------------- Invoking toplevel() on ptolemy.moml.MoMLSimpleApplication@3ee60dd8
----------------- Done invoking toplevel() on ptolemy.moml.MoMLSimpleApplication@3ee60dd8
reloadAllAccessors: .ExecutionTimePN
----------------- testing Thu May 10 14:47:10 UTC 2018 /home/travis/build/icyphy/ptII/ptolemy/actor/lib/test/auto/ExecutionTimeSDF.xml
----------------- Instantiating /home/travis/build/icyphy/ptII/ptolemy/actor/lib/test/auto/ExecutionTimeSDF.xml
6007 ms. Memory: 846848K Free: 190955K (23%)
----------------- Invoking toplevel() on ptolemy.moml.MoMLSimpleApplication@4a111b99
----------------- Done invoking toplevel() on ptolemy.moml.MoMLSimpleApplication@4a111b99
reloadAllAccessors: .ExecutionTimeSDF
----------------- testing Thu May 10 14:47:16 UTC 2018 /home/travis/build/icyphy/ptII/ptolemy/actor/lib/test/auto/Expression1.xml
----------------- Instantiating /home/travis/build/icyphy/ptII/ptolemy/actor/lib/test/auto/Expression1.xml
2 ms. Memory: 846848K Free: 175554K (21%)
----------------- Invoking toplevel() on ptolemy.moml.MoMLSimpleApplication@2b424d31
----------------- Done invoking toplevel() on ptolemy.moml.MoMLSimpleApplication@2b424d31
reloadAllAccessors: .Expression1
----------------- testing Thu May 10 14:47:16 UTC 2018 /home/travis/build/icyphy/ptII/ptolemy/actor/lib/test/auto/Expression10.xml
----------------- Instantiating /home/travis/build/icyphy/ptII/ptolemy/actor/lib/test/auto/Expression10.xml
5 ms. Memory: 846848K Free: 165553K (20%)
----------------- Invoking toplevel() on ptolemy.moml.MoMLSimpleApplication@2394df4
----------------- Done invoking toplevel() on ptolemy.moml.MoMLSimpleApplication@2394df4
reloadAllAccessors: .Expression10
----------------- testing Thu May 10 14:47:16 UTC 2018 /home/travis/build/icyphy/ptII/ptolemy/actor/lib/test/auto/Expression11.xml
----------------- Instantiating /home/travis/build/icyphy/ptII/ptolemy/actor/lib/test/auto/Expression11.xml
3 ms. Memory: 846848K Free: 150152K (18%)
----------------- Invoking toplevel() on ptolemy.moml.MoMLSimpleApplication@24fdfc44
----------------- Done invoking toplevel() on ptolemy.moml.MoMLSimpleApplication@24fdfc44
reloadAllAccessors: .Expression11
----------------- testing Thu May 10 14:47:16 UTC 2018 /home/travis/build/icyphy/ptII/ptolemy/actor/lib/test/auto/Expression12.xml
----------------- Instantiating /home/travis/build/icyphy/ptII/ptolemy/actor/lib/test/auto/Expression12.xml
4 ms. Memory: 846848K Free: 140151K (17%)
----------------- Invoking toplevel() on ptolemy.moml.MoMLSimpleApplication@7c6359dc
----------------- Done invoking toplevel() on ptolemy.moml.MoMLSimpleApplication@7c6359dc
reloadAllAccessors: .Expression12
----------------- testing Thu May 10 14:47:16 UTC 2018 /home/travis/build/icyphy/ptII/ptolemy/actor/lib/test/auto/Expression13.xml
----------------- Instantiating /home/travis/build/icyphy/ptII/ptolemy/actor/lib/test/auto/Expression13.xml
5 ms. Memory: 846848K Free: 130149K (15%)
----------------- Invoking toplevel() on ptolemy.moml.MoMLSimpleApplication@18ba028d
----------------- Done invoking toplevel() on ptolemy.moml.MoMLSimpleApplication@18ba028d
reloadAllAccessors: .Expression13
----------------- testing Thu May 10 14:47:16 UTC 2018 /home/travis/build/icyphy/ptII/ptolemy/actor/lib/test/auto/Expression14.xml
----------------- Instantiating /home/travis/build/icyphy/ptII/ptolemy/actor/lib/test/auto/Expression14.xml
5 ms. Memory: 846848K Free: 114748K (14%)
----------------- Invoking toplevel() on ptolemy.moml.MoMLSimpleApplication@67f41063
----------------- Done invoking toplevel() on ptolemy.moml.MoMLSimpleApplication@67f41063
reloadAllAccessors: .Expression14
----------------- testing Thu May 10 14:47:16 UTC 2018 /home/travis/build/icyphy/ptII/ptolemy/actor/lib/test/auto/Expression15.xml
----------------- Instantiating /home/travis/build/icyphy/ptII/ptolemy/actor/lib/test/auto/Expression15.xml
2 ms. Memory: 846848K Free: 104747K (12%)
----------------- Invoking toplevel() on ptolemy.moml.MoMLSimpleApplication@37b1b25
----------------- Done invoking toplevel() on ptolemy.moml.MoMLSimpleApplication@37b1b25
reloadAllAccessors: .Expression15
----------------- testing Thu May 10 14:47:16 UTC 2018 /home/travis/build/icyphy/ptII/ptolemy/actor/lib/test/auto/Expression16.xml
----------------- Instantiating /home/travis/build/icyphy/ptII/ptolemy/actor/lib/test/auto/Expression16.xml
3 ms. Memory: 846848K Free: 89346K (11%)
----------------- Invoking toplevel() on ptolemy.moml.MoMLSimpleApplication@38726e28
----------------- Done invoking toplevel() on ptolemy.moml.MoMLSimpleApplication@38726e28
reloadAllAccessors: .Expression16
----------------- testing Thu May 10 14:47:16 UTC 2018 /home/travis/build/icyphy/ptII/ptolemy/actor/lib/test/auto/Expression17.xml
----------------- Instantiating /home/travis/build/icyphy/ptII/ptolemy/actor/lib/test/auto/Expression17.xml
4 ms. Memory: 846848K Free: 79345K (9%)
----------------- Invoking toplevel() on ptolemy.moml.MoMLSimpleApplication@7fa43ea0
----------------- Done invoking toplevel() on ptolemy.moml.MoMLSimpleApplication@7fa43ea0
reloadAllAccessors: .Expression17
----------------- testing Thu May 10 14:47:16 UTC 2018 /home/travis/build/icyphy/ptII/ptolemy/actor/lib/test/auto/Expression18.xml
----------------- Instantiating /home/travis/build/icyphy/ptII/ptolemy/actor/lib/test/auto/Expression18.xml
2 ms. Memory: 846848K Free: 63944K (8%)
----------------- Invoking toplevel() on ptolemy.moml.MoMLSimpleApplication@be19908
----------------- Done invoking toplevel() on ptolemy.moml.MoMLSimpleApplication@be19908
reloadAllAccessors: .Expression18
----------------- testing Thu May 10 14:47:16 UTC 2018 /home/travis/build/icyphy/ptII/ptolemy/actor/lib/test/auto/Expression2.xml
----------------- Instantiating /home/travis/build/icyphy/ptII/ptolemy/actor/lib/test/auto/Expression2.xml
13 ms. Memory: 869888K Free: 828775K (95%)
----------------- Invoking toplevel() on ptolemy.moml.MoMLSimpleApplication@3145911e
----------------- Done invoking toplevel() on ptolemy.moml.MoMLSimpleApplication@3145911e
reloadAllAccessors: .Expression2
----------------- testing Thu May 10 14:47:16 UTC 2018 /home/travis/build/icyphy/ptII/ptolemy/actor/lib/test/auto/Expression3.xml
----------------- Instantiating /home/travis/build/icyphy/ptII/ptolemy/actor/lib/test/auto/Expression3.xml
3 ms. Memory: 869888K Free: 814595K (94%)
----------------- Invoking toplevel() on ptolemy.moml.MoMLSimpleApplication@502d8fd9
----------------- Done invoking toplevel() on ptolemy.moml.MoMLSimpleApplication@502d8fd9
reloadAllAccessors: .Expression3
----------------- testing Thu May 10 14:47:16 UTC 2018 /home/travis/build/icyphy/ptII/ptolemy/actor/lib/test/auto/Expression4.xml
----------------- Instantiating /home/travis/build/icyphy/ptII/ptolemy/actor/lib/test/auto/Expression4.xml
5 ms. Memory: 869888K Free: 799147K (92%)
----------------- Invoking toplevel() on ptolemy.moml.MoMLSimpleApplication@436e42ff
----------------- Done invoking toplevel() on ptolemy.moml.MoMLSimpleApplication@436e42ff
reloadAllAccessors: .Expression4
----------------- testing Thu May 10 14:47:16 UTC 2018 /home/travis/build/icyphy/ptII/ptolemy/actor/lib/test/auto/Expression5.xml
----------------- Instantiating /home/travis/build/icyphy/ptII/ptolemy/actor/lib/test/auto/Expression5.xml
3 ms. Memory: 869888K Free: 791590K (91%)
----------------- Invoking toplevel() on ptolemy.moml.MoMLSimpleApplication@40204ddc
----------------- Done invoking toplevel() on ptolemy.moml.MoMLSimpleApplication@40204ddc
reloadAllAccessors: .Expression5
----------------- testing Thu May 10 14:47:16 UTC 2018 /home/travis/build/icyphy/ptII/ptolemy/actor/lib/test/auto/Expression6.xml
----------------- Instantiating /home/travis/build/icyphy/ptII/ptolemy/actor/lib/test/auto/Expression6.xml
3 ms. Memory: 869888K Free: 779929K (90%)
----------------- Invoking toplevel() on ptolemy.moml.MoMLSimpleApplication@49e98b2e
----------------- Done invoking toplevel() on ptolemy.moml.MoMLSimpleApplication@49e98b2e
reloadAllAccessors: .Expression6
----------------- testing Thu May 10 14:47:16 UTC 2018 /home/travis/build/icyphy/ptII/ptolemy/actor/lib/test/auto/Expression7.xml
----------------- Instantiating /home/travis/build/icyphy/ptII/ptolemy/actor/lib/test/auto/Expression7.xml
3 ms. Memory: 869888K Free: 772372K (89%)
----------------- Invoking toplevel() on ptolemy.moml.MoMLSimpleApplication@437781a4
----------------- Done invoking toplevel() on ptolemy.moml.MoMLSimpleApplication@437781a4
reloadAllAccessors: .Expression7
----------------- testing Thu May 10 14:47:16 UTC 2018 /home/travis/build/icyphy/ptII/ptolemy/actor/lib/test/auto/Expression8.xml
----------------- Instantiating /home/travis/build/icyphy/ptII/ptolemy/actor/lib/test/auto/Expression8.xml
4 ms. Memory: 869888K Free: 760711K (87%)
----------------- Invoking toplevel() on ptolemy.moml.MoMLSimpleApplication@38e8a28f
----------------- Done invoking toplevel() on ptolemy.moml.MoMLSimpleApplication@38e8a28f
reloadAllAccessors: .Expression8
----------------- testing Thu May 10 14:47:16 UTC 2018 /home/travis/build/icyphy/ptII/ptolemy/actor/lib/test/auto/Expression9.xml
----------------- Instantiating /home/travis/build/icyphy/ptII/ptolemy/actor/lib/test/auto/Expression9.xml
1 ms. Memory: 869888K Free: 753154K (87%)
----------------- Invoking toplevel() on ptolemy.moml.MoMLSimpleApplication@7eec2e87
----------------- Done invoking toplevel() on ptolemy.moml.MoMLSimpleApplication@7eec2e87
reloadAllAccessors: .Expression9
----------------- testing Thu May 10 14:47:16 UTC 2018 /home/travis/build/icyphy/ptII/ptolemy/actor/lib/test/auto/ExpressionConcatenateArrayType.xml
----------------- Instantiating /home/travis/build/icyphy/ptII/ptolemy/actor/lib/test/auto/ExpressionConcatenateArrayType.xml
2 ms. Memory: 869888K Free: 737714K (85%)
----------------- Invoking toplevel() on ptolemy.moml.MoMLSimpleApplication@1111fdc9
----------------- Done invoking toplevel() on ptolemy.moml.MoMLSimpleApplication@1111fdc9
reloadAllAccessors: .ExpressionConcatenateArrayType
----------------- testing Thu May 10 14:47:16 UTC 2018 /home/travis/build/icyphy/ptII/ptolemy/actor/lib/test/auto/ExpressionConcatenateArrayType2.xml
----------------- Instantiating /home/travis/build/icyphy/ptII/ptolemy/actor/lib/test/auto/ExpressionConcatenateArrayType2.xml
2 ms. Memory: 869888K Free: 726344K (83%)
----------------- Invoking toplevel() on ptolemy.moml.MoMLSimpleApplication@572ab840
----------------- Done invoking toplevel() on ptolemy.moml.MoMLSimpleApplication@572ab840
reloadAllAccessors: .ExpressionConcatenateArrayType2
----------------- testing Thu May 10 14:47:16 UTC 2018 /home/travis/build/icyphy/ptII/ptolemy/actor/lib/test/auto/ExpressionFix.xml
----------------- Instantiating /home/travis/build/icyphy/ptII/ptolemy/actor/lib/test/auto/ExpressionFix.xml
17 ms. Memory: 869888K Free: 710888K (82%)
----------------- Invoking toplevel() on ptolemy.moml.MoMLSimpleApplication@598c955f
----------------- Done invoking toplevel() on ptolemy.moml.MoMLSimpleApplication@598c955f
reloadAllAccessors: .ExpressionFix
----------------- testing Thu May 10 14:47:16 UTC 2018 /home/travis/build/icyphy/ptII/ptolemy/actor/lib/test/auto/ExpressionFix2.xml
----------------- Instantiating /home/travis/build/icyphy/ptII/ptolemy/actor/lib/test/auto/ExpressionFix2.xml
5 ms. Memory: 869888K Free: 703331K (81%)
----------------- Invoking toplevel() on ptolemy.moml.MoMLSimpleApplication@380b4433
----------------- Done invoking toplevel() on ptolemy.moml.MoMLSimpleApplication@380b4433
reloadAllAccessors: .ExpressionFix2
----------------- testing Thu May 10 14:47:16 UTC 2018 /home/travis/build/icyphy/ptII/ptolemy/actor/lib/test/auto/ExpressionFix3.xml
----------------- Instantiating /home/travis/build/icyphy/ptII/ptolemy/actor/lib/test/auto/ExpressionFix3.xml
4 ms. Memory: 869888K Free: 691670K (80%)
----------------- Invoking toplevel() on ptolemy.moml.MoMLSimpleApplication@253ba671
----------------- Done invoking toplevel() on ptolemy.moml.MoMLSimpleApplication@253ba671
reloadAllAccessors: .ExpressionFix3
----------------- testing Thu May 10 14:47:16 UTC 2018 /home/travis/build/icyphy/ptII/ptolemy/actor/lib/test/auto/FileWriter1.xml
----------------- Instantiating /home/travis/build/icyphy/ptII/ptolemy/actor/lib/test/auto/FileWriter1.xml
3 ms. Memory: 869888K Free: 680009K (78%)
----------------- Invoking toplevel() on ptolemy.moml.MoMLSimpleApplication@23ff02a6
----------------- Done invoking toplevel() on ptolemy.moml.MoMLSimpleApplication@23ff02a6
reloadAllAccessors: .FileWriter1
----------------- testing Thu May 10 14:47:16 UTC 2018 /home/travis/build/icyphy/ptII/ptolemy/actor/lib/test/auto/FileWriter2.xml
----------------- Instantiating /home/travis/build/icyphy/ptII/ptolemy/actor/lib/test/auto/FileWriter2.xml
6 ms. Memory: 869888K Free: 672452K (77%)
----------------- Invoking toplevel() on ptolemy.moml.MoMLSimpleApplication@6f5a12fc
----------------- Done invoking toplevel() on ptolemy.moml.MoMLSimpleApplication@6f5a12fc
reloadAllAccessors: .FileWriter2
----------------- testing Thu May 10 14:47:16 UTC 2018 /home/travis/build/icyphy/ptII/ptolemy/actor/lib/test/auto/FileWriter3.xml
----------------- Instantiating /home/travis/build/icyphy/ptII/ptolemy/actor/lib/test/auto/FileWriter3.xml
6 ms. Memory: 869888K Free: 660790K (76%)
----------------- Invoking toplevel() on ptolemy.moml.MoMLSimpleApplication@21785a7f
----------------- Done invoking toplevel() on ptolemy.moml.MoMLSimpleApplication@21785a7f
reloadAllAccessors: .FileWriter3
----------------- testing Thu May 10 14:47:17 UTC 2018 /home/travis/build/icyphy/ptII/ptolemy/actor/lib/test/auto/Gaussian.xml
----------------- Instantiating /home/travis/build/icyphy/ptII/ptolemy/actor/lib/test/auto/Gaussian.xml
1 ms. Memory: 869888K Free: 653233K (75%)
----------------- Invoking toplevel() on ptolemy.moml.MoMLSimpleApplication@75321924
----------------- Done invoking toplevel() on ptolemy.moml.MoMLSimpleApplication@75321924
reloadAllAccessors: .Gaussian
----------------- testing Thu May 10 14:47:17 UTC 2018 /home/travis/build/icyphy/ptII/ptolemy/actor/lib/test/auto/Gaussian1.xml
----------------- Instantiating /home/travis/build/icyphy/ptII/ptolemy/actor/lib/test/auto/Gaussian1.xml
2 ms. Memory: 869888K Free: 641572K (74%)
----------------- Invoking toplevel() on ptolemy.moml.MoMLSimpleApplication@403ce59f
----------------- Done invoking toplevel() on ptolemy.moml.MoMLSimpleApplication@403ce59f
reloadAllAccessors: .Gaussian1
----------------- testing Thu May 10 14:47:17 UTC 2018 /home/travis/build/icyphy/ptII/ptolemy/actor/lib/test/auto/Gaussian2.xml
----------------- Instantiating /home/travis/build/icyphy/ptII/ptolemy/actor/lib/test/auto/Gaussian2.xml
2 ms. Memory: 869888K Free: 634015K (73%)
----------------- Invoking toplevel() on ptolemy.moml.MoMLSimpleApplication@73622c67
----------------- Done invoking toplevel() on ptolemy.moml.MoMLSimpleApplication@73622c67
reloadAllAccessors: .Gaussian2
----------------- testing Thu May 10 14:47:17 UTC 2018 /home/travis/build/icyphy/ptII/ptolemy/actor/lib/test/auto/GradientAdaptiveLattice.xml
----------------- Instantiating /home/travis/build/icyphy/ptII/ptolemy/actor/lib/test/auto/GradientAdaptiveLattice.xml
12 ms. Memory: 869888K Free: 622354K (72%)
----------------- Invoking toplevel() on ptolemy.moml.MoMLSimpleApplication@121b8c36
----------------- Done invoking toplevel() on ptolemy.moml.MoMLSimpleApplication@121b8c36
reloadAllAccessors: .GradientAdaptiveLattice
----------------- testing Thu May 10 14:47:17 UTC 2018 /home/travis/build/icyphy/ptII/ptolemy/actor/lib/test/auto/IIR.xml
----------------- Instantiating /home/travis/build/icyphy/ptII/ptolemy/actor/lib/test/auto/IIR.xml
2 ms. Memory: 869888K Free: 614797K (71%)
----------------- Invoking toplevel() on ptolemy.moml.MoMLSimpleApplication@727da7f
----------------- Done invoking toplevel() on ptolemy.moml.MoMLSimpleApplication@727da7f
reloadAllAccessors: .IIR
----------------- testing Thu May 10 14:47:17 UTC 2018 /home/travis/build/icyphy/ptII/ptolemy/actor/lib/test/auto/InputOutputTransparentPorts.xml
----------------- Instantiating /home/travis/build/icyphy/ptII/ptolemy/actor/lib/test/auto/InputOutputTransparentPorts.xml
3 ms. Memory: 869888K Free: 599341K (69%)
----------------- Invoking toplevel() on ptolemy.moml.MoMLSimpleApplication@1929d51c
----------------- Done invoking toplevel() on ptolemy.moml.MoMLSimpleApplication@1929d51c
reloadAllAccessors: .InputOutputTransparentPorts
----------------- testing Thu May 10 14:47:17 UTC 2018 /home/travis/build/icyphy/ptII/ptolemy/actor/lib/test/auto/Interpolator.xml
----------------- Instantiating /home/travis/build/icyphy/ptII/ptolemy/actor/lib/test/auto/Interpolator.xml
5 ms. Memory: 869888K Free: 591784K (68%)
----------------- Invoking toplevel() on ptolemy.moml.MoMLSimpleApplication@53b02961
----------------- Done invoking toplevel() on ptolemy.moml.MoMLSimpleApplication@53b02961
reloadAllAccessors: .Interpolator
----------------- testing Thu May 10 14:47:17 UTC 2018 /home/travis/build/icyphy/ptII/ptolemy/actor/lib/test/auto/InterpolatorFiringLimitDE.xml
----------------- Instantiating /home/travis/build/icyphy/ptII/ptolemy/actor/lib/test/auto/InterpolatorFiringLimitDE.xml
3 ms. Memory: 869888K Free: 576328K (66%)
----------------- Invoking toplevel() on ptolemy.moml.MoMLSimpleApplication@1d4f914
----------------- Done invoking toplevel() on ptolemy.moml.MoMLSimpleApplication@1d4f914
reloadAllAccessors: .InterpolatorFiringLimitDE
----------------- testing Thu May 10 14:47:17 UTC 2018 /home/travis/build/icyphy/ptII/ptolemy/actor/lib/test/auto/Lattice.xml
----------------- Instantiating /home/travis/build/icyphy/ptII/ptolemy/actor/lib/test/auto/Lattice.xml
1 ms. Memory: 869888K Free: 564667K (65%)
----------------- Invoking toplevel() on ptolemy.moml.MoMLSimpleApplication@631d67d
----------------- Done invoking toplevel() on ptolemy.moml.MoMLSimpleApplication@631d67d
reloadAllAccessors: .Lattice
----------------- testing Thu May 10 14:47:17 UTC 2018 /home/travis/build/icyphy/ptII/ptolemy/actor/lib/test/auto/LazyAOCTestLazy.xml
----------------- Instantiating /home/travis/build/icyphy/ptII/ptolemy/actor/lib/test/auto/LazyAOCTestLazy.xml
19 ms. Memory: 869888K Free: 557110K (64%)
----------------- Invoking toplevel() on ptolemy.moml.MoMLSimpleApplication@174e678b
----------------- Done invoking toplevel() on ptolemy.moml.MoMLSimpleApplication@174e678b
reloadAllAccessors: .LazyAOCTestLazy
----------------- testing Thu May 10 14:47:17 UTC 2018 /home/travis/build/icyphy/ptII/ptolemy/actor/lib/test/auto/LazyAOCTestNonLazy.xml
----------------- Instantiating /home/travis/build/icyphy/ptII/ptolemy/actor/lib/test/auto/LazyAOCTestNonLazy.xml
10 ms. Memory: 869888K Free: 541670K (62%)
----------------- Invoking toplevel() on ptolemy.moml.MoMLSimpleApplication@40751a1a
----------------- Done invoking toplevel() on ptolemy.moml.MoMLSimpleApplication@40751a1a
reloadAllAccessors: .LazyAOCTestNonLazy
----------------- testing Thu May 10 14:47:17 UTC 2018 /home/travis/build/icyphy/ptII/ptolemy/actor/lib/test/auto/LazyInnerClass.xml
----------------- Instantiating /home/travis/build/icyphy/ptII/ptolemy/actor/lib/test/auto/LazyInnerClass.xml
14 ms. Memory: 869888K Free: 530319K (61%)
----------------- Invoking toplevel() on ptolemy.moml.MoMLSimpleApplication@432c7a0c
----------------- Done invoking toplevel() on ptolemy.moml.MoMLSimpleApplication@432c7a0c
reloadAllAccessors: .LazyInnerClass
----------------- testing Thu May 10 14:47:17 UTC 2018 /home/travis/build/icyphy/ptII/ptolemy/actor/lib/test/auto/LazyPubSub.xml
----------------- Instantiating /home/travis/build/icyphy/ptII/ptolemy/actor/lib/test/auto/LazyPubSub.xml
15 ms. Memory: 869888K Free: 514863K (59%)
----------------- Invoking toplevel() on ptolemy.moml.MoMLSimpleApplication@2a4e317
----------------- Done invoking toplevel() on ptolemy.moml.MoMLSimpleApplication@2a4e317
reloadAllAccessors: .LazyPubSub
----------------- testing Thu May 10 14:47:17 UTC 2018 /home/travis/build/icyphy/ptII/ptolemy/actor/lib/test/auto/LazyPubSub2.xml
----------------- Instantiating /home/travis/build/icyphy/ptII/ptolemy/actor/lib/test/auto/LazyPubSub2.xml
17 ms. Memory: 869888K Free: 499733K (57%)
----------------- Invoking toplevel() on ptolemy.moml.MoMLSimpleApplication@337c9eb8
----------------- Done invoking toplevel() on ptolemy.moml.MoMLSimpleApplication@337c9eb8
reloadAllAccessors: .LazyPubSub2
----------------- testing Thu May 10 14:47:17 UTC 2018 /home/travis/build/icyphy/ptII/ptolemy/actor/lib/test/auto/LazyPubSub3.xml
----------------- Instantiating /home/travis/build/icyphy/ptII/ptolemy/actor/lib/test/auto/LazyPubSub3.xml
23 ms. Memory: 869888K Free: 480498K (55%)
----------------- Invoking toplevel() on ptolemy.moml.MoMLSimpleApplication@e61d31f
----------------- Done invoking toplevel() on ptolemy.moml.MoMLSimpleApplication@e61d31f
reloadAllAccessors: .LazyPubSub3
----------------- testing Thu May 10 14:47:17 UTC 2018 /home/travis/build/icyphy/ptII/ptolemy/actor/lib/test/auto/LazySubClassModel.xml
----------------- Instantiating /home/travis/build/icyphy/ptII/ptolemy/actor/lib/test/auto/LazySubClassModel.xml
2 ms. Memory: 869888K Free: 469155K (54%)
----------------- Invoking toplevel() on ptolemy.moml.MoMLSimpleApplication@6fcb3e20
----------------- Done invoking toplevel() on ptolemy.moml.MoMLSimpleApplication@6fcb3e20
reloadAllAccessors: .LazySubClassModel
----------------- testing Thu May 10 14:47:17 UTC 2018 /home/travis/build/icyphy/ptII/ptolemy/actor/lib/test/auto/LevelCrossTest1.xml
----------------- Instantiating /home/travis/build/icyphy/ptII/ptolemy/actor/lib/test/auto/LevelCrossTest1.xml
1 ms. Memory: 869888K Free: 457493K (53%)
----------------- Invoking toplevel() on ptolemy.moml.MoMLSimpleApplication@279f81b3
----------------- Done invoking toplevel() on ptolemy.moml.MoMLSimpleApplication@279f81b3
reloadAllAccessors: .broken
----------------- testing Thu May 10 14:47:17 UTC 2018 /home/travis/build/icyphy/ptII/ptolemy/actor/lib/test/auto/LevelCrossTest10.xml
----------------- Instantiating /home/travis/build/icyphy/ptII/ptolemy/actor/lib/test/auto/LevelCrossTest10.xml
1 ms. Memory: 869888K Free: 446142K (51%)
----------------- Invoking toplevel() on ptolemy.moml.MoMLSimpleApplication@519c4aa7
----------------- Done invoking toplevel() on ptolemy.moml.MoMLSimpleApplication@519c4aa7
reloadAllAccessors: .LevelCrossTest10
----------------- testing Thu May 10 14:47:17 UTC 2018 /home/travis/build/icyphy/ptII/ptolemy/actor/lib/test/auto/LevelCrossTest11.xml
----------------- Instantiating /home/travis/build/icyphy/ptII/ptolemy/actor/lib/test/auto/LevelCrossTest11.xml
2 ms. Memory: 869888K Free: 430686K (50%)
----------------- Invoking toplevel() on ptolemy.moml.MoMLSimpleApplication@39735ebc
----------------- Done invoking toplevel() on ptolemy.moml.MoMLSimpleApplication@39735ebc
reloadAllAccessors: .LevelCrossTest11
----------------- testing Thu May 10 14:47:17 UTC 2018 /home/travis/build/icyphy/ptII/ptolemy/actor/lib/test/auto/LevelCrossTest12.xml
----------------- Instantiating /home/travis/build/icyphy/ptII/ptolemy/actor/lib/test/auto/LevelCrossTest12.xml
2 ms. Memory: 869888K Free: 415230K (48%)
----------------- Invoking toplevel() on ptolemy.moml.MoMLSimpleApplication@5d4d3330
----------------- Done invoking toplevel() on ptolemy.moml.MoMLSimpleApplication@5d4d3330
reloadAllAccessors: .LevelCrossTest12
----------------- testing Thu May 10 14:47:17 UTC 2018 /home/travis/build/icyphy/ptII/ptolemy/actor/lib/test/auto/LevelCrossTest13.xml
----------------- Instantiating /home/travis/build/icyphy/ptII/ptolemy/actor/lib/test/auto/LevelCrossTest13.xml
1 ms. Memory: 869888K Free: 403879K (46%)
----------------- Invoking toplevel() on ptolemy.moml.MoMLSimpleApplication@1768bef0
----------------- Done invoking toplevel() on ptolemy.moml.MoMLSimpleApplication@1768bef0
reloadAllAccessors: .LevelCrossTest13
----------------- testing Thu May 10 14:47:17 UTC 2018 /home/travis/build/icyphy/ptII/ptolemy/actor/lib/test/auto/LevelCrossTest2.xml
----------------- Instantiating /home/travis/build/icyphy/ptII/ptolemy/actor/lib/test/auto/LevelCrossTest2.xml
2 ms. Memory: 869888K Free: 388423K (45%)
----------------- Invoking toplevel() on ptolemy.moml.MoMLSimpleApplication@4fc7627e
----------------- Done invoking toplevel() on ptolemy.moml.MoMLSimpleApplication@4fc7627e
reloadAllAccessors: .broken
----------------- testing Thu May 10 14:47:17 UTC 2018 /home/travis/build/icyphy/ptII/ptolemy/actor/lib/test/auto/LevelCrossTest3.xml
----------------- Instantiating /home/travis/build/icyphy/ptII/ptolemy/actor/lib/test/auto/LevelCrossTest3.xml
2 ms. Memory: 869888K Free: 377071K (43%)
----------------- Invoking toplevel() on ptolemy.moml.MoMLSimpleApplication@1a82296c
----------------- Done invoking toplevel() on ptolemy.moml.MoMLSimpleApplication@1a82296c
reloadAllAccessors: .LevelCrossTest3
----------------- testing Thu May 10 14:47:17 UTC 2018 /home/travis/build/icyphy/ptII/ptolemy/actor/lib/test/auto/LevelCrossTest4.xml
----------------- Instantiating /home/travis/build/icyphy/ptII/ptolemy/actor/lib/test/auto/LevelCrossTest4.xml
1 ms. Memory: 869888K Free: 365410K (42%)
----------------- Invoking toplevel() on ptolemy.moml.MoMLSimpleApplication@4f844a28
----------------- Done invoking toplevel() on ptolemy.moml.MoMLSimpleApplication@4f844a28
reloadAllAccessors: .broken
----------------- testing Thu May 10 14:47:17 UTC 2018 /home/travis/build/icyphy/ptII/ptolemy/actor/lib/test/auto/LevelCrossTest5.xml
----------------- Instantiating /home/travis/build/icyphy/ptII/ptolemy/actor/lib/test/auto/LevelCrossTest5.xml
4 ms. Memory: 869888K Free: 354074K (41%)
----------------- Invoking toplevel() on ptolemy.moml.MoMLSimpleApplication@37507781
----------------- Done invoking toplevel() on ptolemy.moml.MoMLSimpleApplication@37507781
reloadAllAccessors: .LevelCrossTest5
----------------- testing Thu May 10 14:47:17 UTC 2018 /home/travis/build/icyphy/ptII/ptolemy/actor/lib/test/auto/LevelCrossTest6.xml
----------------- Instantiating /home/travis/build/icyphy/ptII/ptolemy/actor/lib/test/auto/LevelCrossTest6.xml
4 ms. Memory: 869888K Free: 333706K (38%)
----------------- Invoking toplevel() on ptolemy.moml.MoMLSimpleApplication@5a0ca8b7
----------------- Done invoking toplevel() on ptolemy.moml.MoMLSimpleApplication@5a0ca8b7
reloadAllAccessors: .LevelCrossTest6
----------------- testing Thu May 10 14:47:17 UTC 2018 /home/travis/build/icyphy/ptII/ptolemy/actor/lib/test/auto/LevelCrossTest7.xml
----------------- Instantiating /home/travis/build/icyphy/ptII/ptolemy/actor/lib/test/auto/LevelCrossTest7.xml
1 ms. Memory: 869888K Free: 322354K (37%)
----------------- Invoking toplevel() on ptolemy.moml.MoMLSimpleApplication@33d24f24
----------------- Done invoking toplevel() on ptolemy.moml.MoMLSimpleApplication@33d24f24
reloadAllAccessors: .LevelCrossTest7
----------------- testing Thu May 10 14:47:17 UTC 2018 /home/travis/build/icyphy/ptII/ptolemy/actor/lib/test/auto/LevelCrossTest8.xml
----------------- Instantiating /home/travis/build/icyphy/ptII/ptolemy/actor/lib/test/auto/LevelCrossTest8.xml
2 ms. Memory: 869888K Free: 306898K (35%)
----------------- Invoking toplevel() on ptolemy.moml.MoMLSimpleApplication@31a646ef
----------------- Done invoking toplevel() on ptolemy.moml.MoMLSimpleApplication@31a646ef
reloadAllAccessors: .LevelCrossTest8
----------------- testing Thu May 10 14:47:17 UTC 2018 /home/travis/build/icyphy/ptII/ptolemy/actor/lib/test/auto/LevelCrossTest9.xml
----------------- Instantiating /home/travis/build/icyphy/ptII/ptolemy/actor/lib/test/auto/LevelCrossTest9.xml
1 ms. Memory: 869888K Free: 295546K (34%)
----------------- Invoking toplevel() on ptolemy.moml.MoMLSimpleApplication@5c9e12f7
----------------- Done invoking toplevel() on ptolemy.moml.MoMLSimpleApplication@5c9e12f7
reloadAllAccessors: .LevelCrossTest9
----------------- testing Thu May 10 14:47:17 UTC 2018 /home/travis/build/icyphy/ptII/ptolemy/actor/lib/test/auto/LevinsonDurbin.xml
----------------- Instantiating /home/travis/build/icyphy/ptII/ptolemy/actor/lib/test/auto/LevinsonDurbin.xml
2 ms. Memory: 869888K Free: 283885K (33%)
----------------- Invoking toplevel() on ptolemy.moml.MoMLSimpleApplication@1bbf4064
----------------- Done invoking toplevel() on ptolemy.moml.MoMLSimpleApplication@1bbf4064
reloadAllAccessors: .LevinsonDurbin
----------------- testing Thu May 10 14:47:17 UTC 2018 /home/travis/build/icyphy/ptII/ptolemy/actor/lib/test/auto/LevinsonDurbin2.xml
----------------- Instantiating /home/travis/build/icyphy/ptII/ptolemy/actor/lib/test/auto/LevinsonDurbin2.xml
2 ms. Memory: 869888K Free: 272224K (31%)
----------------- Invoking toplevel() on ptolemy.moml.MoMLSimpleApplication@78ec9357
----------------- Done invoking toplevel() on ptolemy.moml.MoMLSimpleApplication@78ec9357
reloadAllAccessors: .LevinsonDurbin2
----------------- testing Thu May 10 14:47:17 UTC 2018 /home/travis/build/icyphy/ptII/ptolemy/actor/lib/test/auto/LevinsonDurbin3.xml
----------------- Instantiating /home/travis/build/icyphy/ptII/ptolemy/actor/lib/test/auto/LevinsonDurbin3.xml
1 ms. Memory: 869888K Free: 264667K (30%)
----------------- Invoking toplevel() on ptolemy.moml.MoMLSimpleApplication@32f4a871
----------------- Done invoking toplevel() on ptolemy.moml.MoMLSimpleApplication@32f4a871
reloadAllAccessors: .LevinsonDurbin3
----------------- testing Thu May 10 14:47:17 UTC 2018 /home/travis/build/icyphy/ptII/ptolemy/actor/lib/test/auto/Limiter.xml
----------------- Instantiating /home/travis/build/icyphy/ptII/ptolemy/actor/lib/test/auto/Limiter.xml
5 ms. Memory: 869888K Free: 249227K (29%)
----------------- Invoking toplevel() on ptolemy.moml.MoMLSimpleApplication@77ea062e
----------------- Done invoking toplevel() on ptolemy.moml.MoMLSimpleApplication@77ea062e
reloadAllAccessors: .Limiter
----------------- testing Thu May 10 14:47:18 UTC 2018 /home/travis/build/icyphy/ptII/ptolemy/actor/lib/test/auto/LinearDifferenceEquationSystem.xml
----------------- Instantiating /home/travis/build/icyphy/ptII/ptolemy/actor/lib/test/auto/LinearDifferenceEquationSystem.xml
3 ms. Memory: 869888K Free: 237875K (27%)
----------------- Invoking toplevel() on ptolemy.moml.MoMLSimpleApplication@67d71d0
----------------- Done invoking toplevel() on ptolemy.moml.MoMLSimpleApplication@67d71d0
reloadAllAccessors: .LinearDifferenceEquationSystem
----------------- testing Thu May 10 14:47:18 UTC 2018 /home/travis/build/icyphy/ptII/ptolemy/actor/lib/test/auto/LookupTable.xml
----------------- Instantiating /home/travis/build/icyphy/ptII/ptolemy/actor/lib/test/auto/LookupTable.xml
1 ms. Memory: 869888K Free: 226214K (26%)
----------------- Invoking toplevel() on ptolemy.moml.MoMLSimpleApplication@78025591
----------------- Done invoking toplevel() on ptolemy.moml.MoMLSimpleApplication@78025591
reloadAllAccessors: .LookupTable
----------------- testing Thu May 10 14:47:18 UTC 2018 /home/travis/build/icyphy/ptII/ptolemy/actor/lib/test/auto/MathFunction.xml
----------------- Instantiating /home/travis/build/icyphy/ptII/ptolemy/actor/lib/test/auto/MathFunction.xml
2 ms. Memory: 869888K Free: 214863K (25%)
----------------- Invoking toplevel() on ptolemy.moml.MoMLSimpleApplication@79784608
----------------- Done invoking toplevel() on ptolemy.moml.MoMLSimpleApplication@79784608
reloadAllAccessors: .MathFunction
----------------- testing Thu May 10 14:47:18 UTC 2018 /home/travis/build/icyphy/ptII/ptolemy/actor/lib/test/auto/MathFunction2.xml
----------------- Instantiating /home/travis/build/icyphy/ptII/ptolemy/actor/lib/test/auto/MathFunction2.xml
1 ms. Memory: 869888K Free: 203201K (23%)
----------------- Invoking toplevel() on ptolemy.moml.MoMLSimpleApplication@282efcb4
----------------- Done invoking toplevel() on ptolemy.moml.MoMLSimpleApplication@282efcb4
reloadAllAccessors: .MathFunction2
----------------- testing Thu May 10 14:47:18 UTC 2018 /home/travis/build/icyphy/ptII/ptolemy/actor/lib/test/auto/MathFunction3.xml
----------------- Instantiating /home/travis/build/icyphy/ptII/ptolemy/actor/lib/test/auto/MathFunction3.xml
2 ms. Memory: 869888K Free: 191850K (22%)
----------------- Invoking toplevel() on ptolemy.moml.MoMLSimpleApplication@5593c540
----------------- Done invoking toplevel() on ptolemy.moml.MoMLSimpleApplication@5593c540
reloadAllAccessors: .MathFunction3
----------------- testing Thu May 10 14:47:18 UTC 2018 /home/travis/build/icyphy/ptII/ptolemy/actor/lib/test/auto/MatrixCropBoolean.xml
----------------- Instantiating /home/travis/build/icyphy/ptII/ptolemy/actor/lib/test/auto/MatrixCropBoolean.xml
1 ms. Memory: 869888K Free: 180189K (21%)
----------------- Invoking toplevel() on ptolemy.moml.MoMLSimpleApplication@528d5437
----------------- Done invoking toplevel() on ptolemy.moml.MoMLSimpleApplication@528d5437
reloadAllAccessors: .MatrixCropBoolean
----------------- testing Thu May 10 14:47:18 UTC 2018 /home/travis/build/icyphy/ptII/ptolemy/actor/lib/test/auto/MatrixCropComplex.xml
----------------- Instantiating /home/travis/build/icyphy/ptII/ptolemy/actor/lib/test/auto/MatrixCropComplex.xml
2 ms. Memory: 869888K Free: 168527K (19%)
----------------- Invoking toplevel() on ptolemy.moml.MoMLSimpleApplication@10fda91c
----------------- Done invoking toplevel() on ptolemy.moml.MoMLSimpleApplication@10fda91c
reloadAllAccessors: .MatrixCropComplex
----------------- testing Thu May 10 14:47:18 UTC 2018 /home/travis/build/icyphy/ptII/ptolemy/actor/lib/test/auto/MatrixCropDouble.xml
----------------- Instantiating /home/travis/build/icyphy/ptII/ptolemy/actor/lib/test/auto/MatrixCropDouble.xml
3 ms. Memory: 869888K Free: 160970K (19%)
----------------- Invoking toplevel() on ptolemy.moml.MoMLSimpleApplication@70736c08
----------------- Done invoking toplevel() on ptolemy.moml.MoMLSimpleApplication@70736c08
reloadAllAccessors: .MatrixCropDouble
----------------- testing Thu May 10 14:47:18 UTC 2018 /home/travis/build/icyphy/ptII/ptolemy/actor/lib/test/auto/MatrixCropFix.xml
----------------- Instantiating /home/travis/build/icyphy/ptII/ptolemy/actor/lib/test/auto/MatrixCropFix.xml
2 ms. Memory: 869888K Free: 149309K (17%)
----------------- Invoking toplevel() on ptolemy.moml.MoMLSimpleApplication@10019509
----------------- Done invoking toplevel() on ptolemy.moml.MoMLSimpleApplication@10019509
reloadAllAccessors: .MatrixCropFix
----------------- testing Thu May 10 14:47:18 UTC 2018 /home/travis/build/icyphy/ptII/ptolemy/actor/lib/test/auto/MatrixCropInt.xml
----------------- Instantiating /home/travis/build/icyphy/ptII/ptolemy/actor/lib/test/auto/MatrixCropInt.xml
1 ms. Memory: 869888K Free: 141752K (16%)
----------------- Invoking toplevel() on ptolemy.moml.MoMLSimpleApplication@554d7b6
----------------- Done invoking toplevel() on ptolemy.moml.MoMLSimpleApplication@554d7b6
reloadAllAccessors: .MatrixCropInt
----------------- testing Thu May 10 14:47:18 UTC 2018 /home/travis/build/icyphy/ptII/ptolemy/actor/lib/test/auto/MatrixCropLong.xml
----------------- Instantiating /home/travis/build/icyphy/ptII/ptolemy/actor/lib/test/auto/MatrixCropLong.xml
2 ms. Memory: 869888K Free: 130091K (15%)
----------------- Invoking toplevel() on ptolemy.moml.MoMLSimpleApplication@6d551cae
----------------- Done invoking toplevel() on ptolemy.moml.MoMLSimpleApplication@6d551cae
reloadAllAccessors: .MatrixCropLong
----------------- testing Thu May 10 14:47:18 UTC 2018 /home/travis/build/icyphy/ptII/ptolemy/actor/lib/test/auto/MatrixToArray.xml
----------------- Instantiating /home/travis/build/icyphy/ptII/ptolemy/actor/lib/test/auto/MatrixToArray.xml
7 ms. Memory: 869888K Free: 111182K (13%)
----------------- Invoking toplevel() on ptolemy.moml.MoMLSimpleApplication@462f796f
----------------- Done invoking toplevel() on ptolemy.moml.MoMLSimpleApplication@462f796f
reloadAllAccessors: .MatrixToArray
----------------- testing Thu May 10 14:47:18 UTC 2018 /home/travis/build/icyphy/ptII/ptolemy/actor/lib/test/auto/MaxIndex.xml
----------------- Instantiating /home/travis/build/icyphy/ptII/ptolemy/actor/lib/test/auto/MaxIndex.xml
2 ms. Memory: 869888K Free: 99521K (11%)
----------------- Invoking toplevel() on ptolemy.moml.MoMLSimpleApplication@121d4257
----------------- Done invoking toplevel() on ptolemy.moml.MoMLSimpleApplication@121d4257
reloadAllAccessors: .MaxIndex
----------------- testing Thu May 10 14:47:18 UTC 2018 /home/travis/build/icyphy/ptII/ptolemy/actor/lib/test/auto/Maximum.xml
----------------- Instantiating /home/travis/build/icyphy/ptII/ptolemy/actor/lib/test/auto/Maximum.xml
2 ms. Memory: 869888K Free: 88185K (10%)
----------------- Invoking toplevel() on ptolemy.moml.MoMLSimpleApplication@55567b9e
----------------- Done invoking toplevel() on ptolemy.moml.MoMLSimpleApplication@55567b9e
reloadAllAccessors: .Maximum
----------------- testing Thu May 10 14:47:18 UTC 2018 /home/travis/build/icyphy/ptII/ptolemy/actor/lib/test/auto/MaximumComplex.xml
----------------- Instantiating /home/travis/build/icyphy/ptII/ptolemy/actor/lib/test/auto/MaximumComplex.xml
13 ms. Memory: 967168K Free: 925911K (96%)
----------------- Invoking toplevel() on ptolemy.moml.MoMLSimpleApplication@666756b0
----------------- Done invoking toplevel() on ptolemy.moml.MoMLSimpleApplication@666756b0
reloadAllAccessors: .MaximumComplex
----------------- testing Thu May 10 14:47:18 UTC 2018 /home/travis/build/icyphy/ptII/ptolemy/actor/lib/test/auto/MethodCallTest.xml
----------------- Instantiating /home/travis/build/icyphy/ptII/ptolemy/actor/lib/test/auto/MethodCallTest.xml
2 ms. Memory: 967168K Free: 906469K (94%)
----------------- Invoking toplevel() on ptolemy.moml.MoMLSimpleApplication@5dc6a15b
----------------- Done invoking toplevel() on ptolemy.moml.MoMLSimpleApplication@5dc6a15b
reloadAllAccessors: .MethodCallTest
----------------- testing Thu May 10 14:47:18 UTC 2018 /home/travis/build/icyphy/ptII/ptolemy/actor/lib/test/auto/Minimum.xml
----------------- Instantiating /home/travis/build/icyphy/ptII/ptolemy/actor/lib/test/auto/Minimum.xml
3 ms. Memory: 967168K Free: 893601K (92%)
----------------- Invoking toplevel() on ptolemy.moml.MoMLSimpleApplication@6523da8b
----------------- Done invoking toplevel() on ptolemy.moml.MoMLSimpleApplication@6523da8b
reloadAllAccessors: .Minimum
----------------- testing Thu May 10 14:47:18 UTC 2018 /home/travis/build/icyphy/ptII/ptolemy/actor/lib/test/auto/MinimumComplex.xml
----------------- Instantiating /home/travis/build/icyphy/ptII/ptolemy/actor/lib/test/auto/MinimumComplex.xml
3 ms. Memory: 967168K Free: 884933K (91%)
----------------- Invoking toplevel() on ptolemy.moml.MoMLSimpleApplication@7feb702f
----------------- Done invoking toplevel() on ptolemy.moml.MoMLSimpleApplication@7feb702f
reloadAllAccessors: .MinimumComplex
----------------- testing Thu May 10 14:47:18 UTC 2018 /home/travis/build/icyphy/ptII/ptolemy/actor/lib/test/auto/MinimumMultiports.xml
----------------- Instantiating /home/travis/build/icyphy/ptII/ptolemy/actor/lib/test/auto/MinimumMultiports.xml
3 ms. Memory: 967168K Free: 867715K (90%)
----------------- Invoking toplevel() on ptolemy.moml.MoMLSimpleApplication@c922465
----------------- Done invoking toplevel() on ptolemy.moml.MoMLSimpleApplication@c922465
reloadAllAccessors: .MinimumMultiports
----------------- testing Thu May 10 14:47:18 UTC 2018 /home/travis/build/icyphy/ptII/ptolemy/actor/lib/test/auto/ModifyDate.xml
----------------- Instantiating /home/travis/build/icyphy/ptII/ptolemy/actor/lib/test/auto/ModifyDate.xml
5 ms. Memory: 967168K Free: 850363K (88%)
----------------- Invoking toplevel() on ptolemy.moml.MoMLSimpleApplication@4022484a
----------------- Done invoking toplevel() on ptolemy.moml.MoMLSimpleApplication@4022484a
reloadAllAccessors: .ModifyDate
----------------- testing Thu May 10 14:47:18 UTC 2018 /home/travis/build/icyphy/ptII/ptolemy/actor/lib/test/auto/ModifyDate2.xml
----------------- Instantiating /home/travis/build/icyphy/ptII/ptolemy/actor/lib/test/auto/ModifyDate2.xml
3 ms. Memory: 967168K Free: 828827K (86%)
----------------- Invoking toplevel() on ptolemy.moml.MoMLSimpleApplication@1bcea428
----------------- Done invoking toplevel() on ptolemy.moml.MoMLSimpleApplication@1bcea428
reloadAllAccessors: .ModifyDate2
----------------- testing Thu May 10 14:47:18 UTC 2018 /home/travis/build/icyphy/ptII/ptolemy/actor/lib/test/auto/MovingAverage.xml
----------------- Instantiating /home/travis/build/icyphy/ptII/ptolemy/actor/lib/test/auto/MovingAverage.xml
2 ms. Memory: 967168K Free: 820159K (85%)
----------------- Invoking toplevel() on ptolemy.moml.MoMLSimpleApplication@1a58e098
----------------- Done invoking toplevel() on ptolemy.moml.MoMLSimpleApplication@1a58e098
reloadAllAccessors: .MovingAverage
----------------- testing Thu May 10 14:47:18 UTC 2018 /home/travis/build/icyphy/ptII/ptolemy/actor/lib/test/auto/MovingMaximum.xml
----------------- Instantiating /home/travis/build/icyphy/ptII/ptolemy/actor/lib/test/auto/MovingMaximum.xml
1 ms. Memory: 967168K Free: 807291K (83%)
----------------- Invoking toplevel() on ptolemy.moml.MoMLSimpleApplication@6d6409df
----------------- Done invoking toplevel() on ptolemy.moml.MoMLSimpleApplication@6d6409df
reloadAllAccessors: .MovingMaximum
----------------- testing Thu May 10 14:47:18 UTC 2018 /home/travis/build/icyphy/ptII/ptolemy/actor/lib/test/auto/MultipleLinksToSameRelation.xml
----------------- Instantiating /home/travis/build/icyphy/ptII/ptolemy/actor/lib/test/auto/MultipleLinksToSameRelation.xml
2 ms. Memory: 967168K Free: 798623K (83%)
----------------- Invoking toplevel() on ptolemy.moml.MoMLSimpleApplication@6b1713c0
----------------- Done invoking toplevel() on ptolemy.moml.MoMLSimpleApplication@6b1713c0
reloadAllAccessors: .MultipleLinksToSameRelation
----------------- testing Thu May 10 14:47:18 UTC 2018 /home/travis/build/icyphy/ptII/ptolemy/actor/lib/test/auto/MultipleLinksToSameRelationDE.xml
----------------- Instantiating /home/travis/build/icyphy/ptII/ptolemy/actor/lib/test/auto/MultipleLinksToSameRelationDE.xml
3 ms. Memory: 967168K Free: 785756K (81%)
----------------- Invoking toplevel() on ptolemy.moml.MoMLSimpleApplication@72a9d1b0
----------------- Done invoking toplevel() on ptolemy.moml.MoMLSimpleApplication@72a9d1b0
reloadAllAccessors: .MultipleLinksToSameRelationDE
----------------- testing Thu May 10 14:47:18 UTC 2018 /home/travis/build/icyphy/ptII/ptolemy/actor/lib/test/auto/Multiplexor.xml
----------------- Instantiating /home/travis/build/icyphy/ptII/ptolemy/actor/lib/test/auto/Multiplexor.xml
2 ms. Memory: 967168K Free: 772888K (80%)
----------------- Invoking toplevel() on ptolemy.moml.MoMLSimpleApplication@73373689
----------------- Done invoking toplevel() on ptolemy.moml.MoMLSimpleApplication@73373689
reloadAllAccessors: .Multiplexor
----------------- testing Thu May 10 14:47:18 UTC 2018 /home/travis/build/icyphy/ptII/ptolemy/actor/lib/test/auto/Multiplexor1.xml
----------------- Instantiating /home/travis/build/icyphy/ptII/ptolemy/actor/lib/test/auto/Multiplexor1.xml
2 ms. Memory: 967168K Free: 764220K (79%)
----------------- Invoking toplevel() on ptolemy.moml.MoMLSimpleApplication@4a60b99f
----------------- Done invoking toplevel() on ptolemy.moml.MoMLSimpleApplication@4a60b99f
reloadAllAccessors: .Multiplexor1
----------------- testing Thu May 10 14:47:18 UTC 2018 /home/travis/build/icyphy/ptII/ptolemy/actor/lib/test/auto/Multiplexor2.xml
----------------- Instantiating /home/travis/build/icyphy/ptII/ptolemy/actor/lib/test/auto/Multiplexor2.xml
3 ms. Memory: 967168K Free: 747002K (77%)
----------------- Invoking toplevel() on ptolemy.moml.MoMLSimpleApplication@21d510b9
----------------- Done invoking toplevel() on ptolemy.moml.MoMLSimpleApplication@21d510b9
reloadAllAccessors: .Multiplexor2
----------------- testing Thu May 10 14:47:18 UTC 2018 /home/travis/build/icyphy/ptII/ptolemy/actor/lib/test/auto/Multiplexor3.xml
----------------- Instantiating /home/travis/build/icyphy/ptII/ptolemy/actor/lib/test/auto/Multiplexor3.xml
2 ms. Memory: 967168K Free: 738334K (76%)
----------------- Invoking toplevel() on ptolemy.moml.MoMLSimpleApplication@2878f0ff
----------------- Done invoking toplevel() on ptolemy.moml.MoMLSimpleApplication@2878f0ff
reloadAllAccessors: .Multiplexor3
----------------- testing Thu May 10 14:47:18 UTC 2018 /home/travis/build/icyphy/ptII/ptolemy/actor/lib/test/auto/MultiplexorDE.xml
----------------- Instantiating /home/travis/build/icyphy/ptII/ptolemy/actor/lib/test/auto/MultiplexorDE.xml
3 ms. Memory: 967168K Free: 721117K (75%)
----------------- Invoking toplevel() on ptolemy.moml.MoMLSimpleApplication@7a48bb75
----------------- Done invoking toplevel() on ptolemy.moml.MoMLSimpleApplication@7a48bb75
reloadAllAccessors: .MultiplexorDE
----------------- testing Thu May 10 14:47:18 UTC 2018 /home/travis/build/icyphy/ptII/ptolemy/actor/lib/test/auto/MultiportBroadcastTest.xml
----------------- Instantiating /home/travis/build/icyphy/ptII/ptolemy/actor/lib/test/auto/MultiportBroadcastTest.xml
96 ms. Memory: 967168K Free: 712448K (74%)
----------------- Invoking toplevel() on ptolemy.moml.MoMLSimpleApplication@48c9327a
----------------- Done invoking toplevel() on ptolemy.moml.MoMLSimpleApplication@48c9327a
reloadAllAccessors: .MultiportBroadcastTest
----------------- testing Thu May 10 14:47:18 UTC 2018 /home/travis/build/icyphy/ptII/ptolemy/actor/lib/test/auto/MultiportOutHangDuringGetWidth.xml
----------------- Instantiating /home/travis/build/icyphy/ptII/ptolemy/actor/lib/test/auto/MultiportOutHangDuringGetWidth.xml
10 ms. Memory: 967168K Free: 690897K (71%)
----------------- Invoking toplevel() on ptolemy.moml.MoMLSimpleApplication@779a923f
----------------- Done invoking toplevel() on ptolemy.moml.MoMLSimpleApplication@779a923f
reloadAllAccessors: .MultiportOutHangDuringGetWidth
----------------- testing Thu May 10 14:47:18 UTC 2018 /home/travis/build/icyphy/ptII/ptolemy/actor/lib/test/auto/NilToken.xml
----------------- Instantiating /home/travis/build/icyphy/ptII/ptolemy/actor/lib/test/auto/NilToken.xml
1 ms. Memory: 967168K Free: 682228K (71%)
----------------- Invoking toplevel() on ptolemy.moml.MoMLSimpleApplication@12e4866a
----------------- Done invoking toplevel() on ptolemy.moml.MoMLSimpleApplication@12e4866a
reloadAllAccessors: .NilToken
----------------- testing Thu May 10 14:47:18 UTC 2018 /home/travis/build/icyphy/ptII/ptolemy/actor/lib/test/auto/NilTokenNonStrictTest.xml
----------------- Instantiating /home/travis/build/icyphy/ptII/ptolemy/actor/lib/test/auto/NilTokenNonStrictTest.xml
4 ms. Memory: 967168K Free: 669361K (69%)
----------------- Invoking toplevel() on ptolemy.moml.MoMLSimpleApplication@264b693
----------------- Done invoking toplevel() on ptolemy.moml.MoMLSimpleApplication@264b693
reloadAllAccessors: .NilTokenNonStrictTest
----------------- testing Thu May 10 14:47:18 UTC 2018 /home/travis/build/icyphy/ptII/ptolemy/actor/lib/test/auto/NilTokenRecord.xml
----------------- Instantiating /home/travis/build/icyphy/ptII/ptolemy/actor/lib/test/auto/NilTokenRecord.xml
6 ms. Memory: 967168K Free: 660693K (68%)
----------------- Invoking toplevel() on ptolemy.moml.MoMLSimpleApplication@62a8f819
----------------- Done invoking toplevel() on ptolemy.moml.MoMLSimpleApplication@62a8f819
reloadAllAccessors: .NilTokenRecord
----------------- testing Thu May 10 14:47:18 UTC 2018 /home/travis/build/icyphy/ptII/ptolemy/actor/lib/test/auto/NilTokenTypeTest.xml
----------------- Instantiating /home/travis/build/icyphy/ptII/ptolemy/actor/lib/test/auto/NilTokenTypeTest.xml
3 ms. Memory: 967168K Free: 639141K (66%)
----------------- Invoking toplevel() on ptolemy.moml.MoMLSimpleApplication@147cd14c
----------------- Done invoking toplevel() on ptolemy.moml.MoMLSimpleApplication@147cd14c
reloadAllAccessors: .NilTokenTypeTest
----------------- testing Thu May 10 14:47:19 UTC 2018 /home/travis/build/icyphy/ptII/ptolemy/actor/lib/test/auto/ObjectToken1.xml
----------------- Instantiating /home/travis/build/icyphy/ptII/ptolemy/actor/lib/test/auto/ObjectToken1.xml
2 ms. Memory: 967168K Free: 626273K (65%)
----------------- Invoking toplevel() on ptolemy.moml.MoMLSimpleApplication@e304c3d
----------------- Done invoking toplevel() on ptolemy.moml.MoMLSimpleApplication@e304c3d
reloadAllAccessors: .ObjectToken1
----------------- testing Thu May 10 14:47:19 UTC 2018 /home/travis/build/icyphy/ptII/ptolemy/actor/lib/test/auto/OrderedMerge.xml
----------------- Instantiating /home/travis/build/icyphy/ptII/ptolemy/actor/lib/test/auto/OrderedMerge.xml
17 ms. Memory: 967168K Free: 600268K (62%)
----------------- Invoking toplevel() on ptolemy.moml.MoMLSimpleApplication@44455599
----------------- Done invoking toplevel() on ptolemy.moml.MoMLSimpleApplication@44455599
reloadAllAccessors: .OrderedMerge
----------------- testing Thu May 10 14:47:19 UTC 2018 /home/travis/build/icyphy/ptII/ptolemy/actor/lib/test/auto/OrderedRecordDisassembler.xml
----------------- Instantiating /home/travis/build/icyphy/ptII/ptolemy/actor/lib/test/auto/OrderedRecordDisassembler.xml
4 ms. Memory: 967168K Free: 587401K (61%)
----------------- Invoking toplevel() on ptolemy.moml.MoMLSimpleApplication@b0cffed
----------------- Done invoking toplevel() on ptolemy.moml.MoMLSimpleApplication@b0cffed
reloadAllAccessors: .OrderedRecordDisassembler
----------------- testing Thu May 10 14:47:19 UTC 2018 /home/travis/build/icyphy/ptII/ptolemy/actor/lib/test/auto/OrderedRecordDisassembler2.xml
----------------- Instantiating /home/travis/build/icyphy/ptII/ptolemy/actor/lib/test/auto/OrderedRecordDisassembler2.xml
4 ms. Memory: 967168K Free: 574382K (59%)
----------------- Invoking toplevel() on ptolemy.moml.MoMLSimpleApplication@2b07da68
----------------- Done invoking toplevel() on ptolemy.moml.MoMLSimpleApplication@2b07da68
reloadAllAccessors: .OrderedRecordDisassembler2
----------------- testing Thu May 10 14:47:19 UTC 2018 /home/travis/build/icyphy/ptII/ptolemy/actor/lib/test/auto/OrderedRecordUpdater.xml
----------------- Instantiating /home/travis/build/icyphy/ptII/ptolemy/actor/lib/test/auto/OrderedRecordUpdater.xml
2 ms. Memory: 967168K Free: 561515K (58%)
----------------- Invoking toplevel() on ptolemy.moml.MoMLSimpleApplication@4202fa6e
----------------- Done invoking toplevel() on ptolemy.moml.MoMLSimpleApplication@4202fa6e
reloadAllAccessors: .RecordUpdater
----------------- testing Thu May 10 14:47:19 UTC 2018 /home/travis/build/icyphy/ptII/ptolemy/actor/lib/test/auto/OrderedRecordUpdater2.xml
----------------- Instantiating /home/travis/build/icyphy/ptII/ptolemy/actor/lib/test/auto/OrderedRecordUpdater2.xml
3 ms. Memory: 967168K Free: 552847K (57%)
----------------- Invoking toplevel() on ptolemy.moml.MoMLSimpleApplication@be600e7
----------------- Done invoking toplevel() on ptolemy.moml.MoMLSimpleApplication@be600e7
reloadAllAccessors: .RecordUpdater2
----------------- testing Thu May 10 14:47:19 UTC 2018 /home/travis/build/icyphy/ptII/ptolemy/actor/lib/test/auto/PhaseUnwrap.xml
----------------- Instantiating /home/travis/build/icyphy/ptII/ptolemy/actor/lib/test/auto/PhaseUnwrap.xml
2 ms. Memory: 967168K Free: 539979K (56%)
----------------- Invoking toplevel() on ptolemy.moml.MoMLSimpleApplication@3506f4d7
----------------- Done invoking toplevel() on ptolemy.moml.MoMLSimpleApplication@3506f4d7
reloadAllAccessors: .PhaseUnwrap
----------------- testing Thu May 10 14:47:19 UTC 2018 /home/travis/build/icyphy/ptII/ptolemy/actor/lib/test/auto/PoissonClock.xml
----------------- Instantiating /home/travis/build/icyphy/ptII/ptolemy/actor/lib/test/auto/PoissonClock.xml
2 ms. Memory: 967168K Free: 531311K (55%)
----------------- Invoking toplevel() on ptolemy.moml.MoMLSimpleApplication@457b9c6d
----------------- Done invoking toplevel() on ptolemy.moml.MoMLSimpleApplication@457b9c6d
reloadAllAccessors: .PoissonClock
----------------- testing Thu May 10 14:47:19 UTC 2018 /home/travis/build/icyphy/ptII/ptolemy/actor/lib/test/auto/PoissonClock2.xml
----------------- Instantiating /home/travis/build/icyphy/ptII/ptolemy/actor/lib/test/auto/PoissonClock2.xml
2 ms. Memory: 967168K Free: 518443K (54%)
----------------- Invoking toplevel() on ptolemy.moml.MoMLSimpleApplication@7ad6911a
----------------- Done invoking toplevel() on ptolemy.moml.MoMLSimpleApplication@7ad6911a
reloadAllAccessors: .PoissonClock2
----------------- testing Thu May 10 14:47:19 UTC 2018 /home/travis/build/icyphy/ptII/ptolemy/actor/lib/test/auto/PoissonClock3.xml
----------------- Instantiating /home/travis/build/icyphy/ptII/ptolemy/actor/lib/test/auto/PoissonClock3.xml
2 ms. Memory: 967168K Free: 505576K (52%)
----------------- Invoking toplevel() on ptolemy.moml.MoMLSimpleApplication@2a5e8b63
----------------- Done invoking toplevel() on ptolemy.moml.MoMLSimpleApplication@2a5e8b63
reloadAllAccessors: .PoissonClock3
----------------- testing Thu May 10 14:47:19 UTC 2018 /home/travis/build/icyphy/ptII/ptolemy/actor/lib/test/auto/PubSubWithInitialTokens.xml
----------------- Instantiating /home/travis/build/icyphy/ptII/ptolemy/actor/lib/test/auto/PubSubWithInitialTokens.xml
2 ms. Memory: 967168K Free: 496908K (51%)
----------------- Invoking toplevel() on ptolemy.moml.MoMLSimpleApplication@7b859b84
----------------- Done invoking toplevel() on ptolemy.moml.MoMLSimpleApplication@7b859b84
reloadAllAccessors: .PubSubWithInitialTokens
----------------- testing Thu May 10 14:47:19 UTC 2018 /home/travis/build/icyphy/ptII/ptolemy/actor/lib/test/auto/PubSubWithInitialTokens2.xml
----------------- Instantiating /home/travis/build/icyphy/ptII/ptolemy/actor/lib/test/auto/PubSubWithInitialTokens2.xml
2 ms. Memory: 967168K Free: 484040K (50%)
----------------- Invoking toplevel() on ptolemy.moml.MoMLSimpleApplication@1f4237b7
----------------- Done invoking toplevel() on ptolemy.moml.MoMLSimpleApplication@1f4237b7
reloadAllAccessors: .PubSubWithInitialTokens2
----------------- testing Thu May 10 14:47:19 UTC 2018 /home/travis/build/icyphy/ptII/ptolemy/actor/lib/test/auto/PublisherClassNoParameter.xml
----------------- Instantiating /home/travis/build/icyphy/ptII/ptolemy/actor/lib/test/auto/PublisherClassNoParameter.xml
2 ms. Memory: 967168K Free: 471022K (49%)
----------------- Invoking toplevel() on ptolemy.moml.MoMLSimpleApplication@5d04cda
----------------- Done invoking toplevel() on ptolemy.moml.MoMLSimpleApplication@5d04cda
reloadAllAccessors: .PublisherClassNoParameter
----------------- testing Thu May 10 14:47:19 UTC 2018 /home/travis/build/icyphy/ptII/ptolemy/actor/lib/test/auto/PublisherClassParameter.xml
----------------- Instantiating /home/travis/build/icyphy/ptII/ptolemy/actor/lib/test/auto/PublisherClassParameter.xml
2 ms. Memory: 967168K Free: 449478K (46%)
----------------- Invoking toplevel() on ptolemy.moml.MoMLSimpleApplication@369d2104
----------------- Done invoking toplevel() on ptolemy.moml.MoMLSimpleApplication@369d2104
reloadAllAccessors: .PublisherClassParameter
----------------- testing Thu May 10 14:47:19 UTC 2018 /home/travis/build/icyphy/ptII/ptolemy/actor/lib/test/auto/PublisherNonStrictTest.xml
----------------- Instantiating /home/travis/build/icyphy/ptII/ptolemy/actor/lib/test/auto/PublisherNonStrictTest.xml
3 ms. Memory: 967168K Free: 436468K (45%)
----------------- Invoking toplevel() on ptolemy.moml.MoMLSimpleApplication@29118099
----------------- Done invoking toplevel() on ptolemy.moml.MoMLSimpleApplication@29118099
reloadAllAccessors: .PublisherNonStrictTest
----------------- testing Thu May 10 14:47:19 UTC 2018 /home/travis/build/icyphy/ptII/ptolemy/actor/lib/test/auto/PublisherPort1.xml
----------------- Instantiating /home/travis/build/icyphy/ptII/ptolemy/actor/lib/test/auto/PublisherPort1.xml
2 ms. Memory: 967168K Free: 423600K (44%)
----------------- Invoking toplevel() on ptolemy.moml.MoMLSimpleApplication@4b0706a0
----------------- Done invoking toplevel() on ptolemy.moml.MoMLSimpleApplication@4b0706a0
reloadAllAccessors: .PublisherPort1
----------------- testing Thu May 10 14:47:19 UTC 2018 /home/travis/build/icyphy/ptII/ptolemy/actor/lib/test/auto/PublisherPort2.xml
----------------- Instantiating /home/travis/build/icyphy/ptII/ptolemy/actor/lib/test/auto/PublisherPort2.xml
2 ms. Memory: 967168K Free: 414932K (43%)
----------------- Invoking toplevel() on ptolemy.moml.MoMLSimpleApplication@483caf8d
----------------- Done invoking toplevel() on ptolemy.moml.MoMLSimpleApplication@483caf8d
reloadAllAccessors: .PublisherPort2
----------------- testing Thu May 10 14:47:19 UTC 2018 /home/travis/build/icyphy/ptII/ptolemy/actor/lib/test/auto/PublisherPort3.xml
----------------- Instantiating /home/travis/build/icyphy/ptII/ptolemy/actor/lib/test/auto/PublisherPort3.xml
10 ms. Memory: 967168K Free: 402065K (42%)
----------------- Invoking toplevel() on ptolemy.moml.MoMLSimpleApplication@73fecd83
----------------- Done invoking toplevel() on ptolemy.moml.MoMLSimpleApplication@73fecd83
reloadAllAccessors: .PublisherPort3
----------------- testing Thu May 10 14:47:19 UTC 2018 /home/travis/build/icyphy/ptII/ptolemy/actor/lib/test/auto/PublisherPort4.xml
----------------- Instantiating /home/travis/build/icyphy/ptII/ptolemy/actor/lib/test/auto/PublisherPort4.xml
2 ms. Memory: 967168K Free: 389197K (40%)
----------------- Invoking toplevel() on ptolemy.moml.MoMLSimpleApplication@e13964e
----------------- Done invoking toplevel() on ptolemy.moml.MoMLSimpleApplication@e13964e
reloadAllAccessors: .PublisherPort4
----------------- testing Thu May 10 14:47:19 UTC 2018 /home/travis/build/icyphy/ptII/ptolemy/actor/lib/test/auto/PublisherPort5.xml
----------------- Instantiating /home/travis/build/icyphy/ptII/ptolemy/actor/lib/test/auto/PublisherPort5.xml
4 ms. Memory: 967168K Free: 376195K (39%)
----------------- Invoking toplevel() on ptolemy.moml.MoMLSimpleApplication@ef5272
----------------- Done invoking toplevel() on ptolemy.moml.MoMLSimpleApplication@ef5272
reloadAllAccessors: .PublisherPort5
----------------- testing Thu May 10 14:47:19 UTC 2018 /home/travis/build/icyphy/ptII/ptolemy/actor/lib/test/auto/PublisherPort5LookAlike.xml
----------------- Instantiating /home/travis/build/icyphy/ptII/ptolemy/actor/lib/test/auto/PublisherPort5LookAlike.xml
10 ms. Memory: 967168K Free: 358985K (37%)
----------------- Invoking toplevel() on ptolemy.moml.MoMLSimpleApplication@672b7ba4
----------------- Done invoking toplevel() on ptolemy.moml.MoMLSimpleApplication@672b7ba4
reloadAllAccessors: .PublisherPort5LookAlike
----------------- testing Thu May 10 14:47:19 UTC 2018 /home/travis/build/icyphy/ptII/ptolemy/actor/lib/test/auto/PublisherPort6.xml
----------------- Instantiating /home/travis/build/icyphy/ptII/ptolemy/actor/lib/test/auto/PublisherPort6.xml
3 ms. Memory: 967168K Free: 345967K (36%)
----------------- Invoking toplevel() on ptolemy.moml.MoMLSimpleApplication@1d8cd288
----------------- Done invoking toplevel() on ptolemy.moml.MoMLSimpleApplication@1d8cd288
reloadAllAccessors: .PublisherPort6
----------------- testing Thu May 10 14:47:19 UTC 2018 /home/travis/build/icyphy/ptII/ptolemy/actor/lib/test/auto/PublisherPort7.xml
----------------- Instantiating /home/travis/build/icyphy/ptII/ptolemy/actor/lib/test/auto/PublisherPort7.xml
4 ms. Memory: 967168K Free: 328765K (34%)
----------------- Invoking toplevel() on ptolemy.moml.MoMLSimpleApplication@73623ea5
----------------- Done invoking toplevel() on ptolemy.moml.MoMLSimpleApplication@73623ea5
reloadAllAccessors: .PublisherPort7
----------------- testing Thu May 10 14:47:19 UTC 2018 /home/travis/build/icyphy/ptII/ptolemy/actor/lib/test/auto/PublisherPort8.xml
----------------- Instantiating /home/travis/build/icyphy/ptII/ptolemy/actor/lib/test/auto/PublisherPort8.xml
5 ms. Memory: 967168K Free: 315747K (33%)
----------------- Invoking toplevel() on ptolemy.moml.MoMLSimpleApplication@4fdb75ec
----------------- Done invoking toplevel() on ptolemy.moml.MoMLSimpleApplication@4fdb75ec
reloadAllAccessors: .PublisherPort8
----------------- testing Thu May 10 14:47:19 UTC 2018 /home/travis/build/icyphy/ptII/ptolemy/actor/lib/test/auto/PublisherPortSubscriberChannelVariablesAOC2.xml
----------------- Instantiating /home/travis/build/icyphy/ptII/ptolemy/actor/lib/test/auto/PublisherPortSubscriberChannelVariablesAOC2.xml
4 ms. Memory: 967168K Free: 289860K (30%)
----------------- Invoking toplevel() on ptolemy.moml.MoMLSimpleApplication@5d27b939
----------------- Done invoking toplevel() on ptolemy.moml.MoMLSimpleApplication@5d27b939
reloadAllAccessors: .PublisherPortSubscriberChannelVariablesAOC2
----------------- testing Thu May 10 14:47:19 UTC 2018 /home/travis/build/icyphy/ptII/ptolemy/actor/lib/test/auto/PublisherPortSubscriberOpaqueWidthInference.xml
----------------- Instantiating /home/travis/build/icyphy/ptII/ptolemy/actor/lib/test/auto/PublisherPortSubscriberOpaqueWidthInference.xml
4 ms. Memory: 967168K Free: 272643K (28%)
----------------- Invoking toplevel() on ptolemy.moml.MoMLSimpleApplication@3a831725
----------------- Done invoking toplevel() on ptolemy.moml.MoMLSimpleApplication@3a831725
reloadAllAccessors: .PublisherPortSubscriberOpaqueWidthInference
----------------- testing Thu May 10 14:47:19 UTC 2018 /home/travis/build/icyphy/ptII/ptolemy/actor/lib/test/auto/PublisherPortSubscriberPortAdjacent.xml
----------------- Instantiating /home/travis/build/icyphy/ptII/ptolemy/actor/lib/test/auto/PublisherPortSubscriberPortAdjacent.xml
2 ms. Memory: 967168K Free: 259640K (27%)
----------------- Invoking toplevel() on ptolemy.moml.MoMLSimpleApplication@4a4ccb9b
----------------- Done invoking toplevel() on ptolemy.moml.MoMLSimpleApplication@4a4ccb9b
reloadAllAccessors: .PublisherPortSubscriberPortAdjacent
----------------- testing Thu May 10 14:47:19 UTC 2018 /home/travis/build/icyphy/ptII/ptolemy/actor/lib/test/auto/PublisherPortSubscriberPortExpression.xml
----------------- Instantiating /home/travis/build/icyphy/ptII/ptolemy/actor/lib/test/auto/PublisherPortSubscriberPortExpression.xml
4 ms. Memory: 967168K Free: 242423K (25%)
----------------- Invoking toplevel() on ptolemy.moml.MoMLSimpleApplication@2526e36d
----------------- Done invoking toplevel() on ptolemy.moml.MoMLSimpleApplication@2526e36d
reloadAllAccessors: .PublisherPortSubscriberPortExpression
----------------- testing Thu May 10 14:47:19 UTC 2018 /home/travis/build/icyphy/ptII/ptolemy/actor/lib/test/auto/PublisherPortSubscriberPortOpaqueD3Reverse.xml
----------------- Instantiating /home/travis/build/icyphy/ptII/ptolemy/actor/lib/test/auto/PublisherPortSubscriberPortOpaqueD3Reverse.xml
7 ms. Memory: 967168K Free: 229405K (24%)
----------------- Invoking toplevel() on ptolemy.moml.MoMLSimpleApplication@2a7e9c58
----------------- Done invoking toplevel() on ptolemy.moml.MoMLSimpleApplication@2a7e9c58
reloadAllAccessors: .PublisherPortSubscriberPortOpaqueD3Reverse
----------------- testing Thu May 10 14:47:19 UTC 2018 /home/travis/build/icyphy/ptII/ptolemy/actor/lib/test/auto/PublisherPortSubscriberPortOpaqueWidthInference.xml
----------------- Instantiating /home/travis/build/icyphy/ptII/ptolemy/actor/lib/test/auto/PublisherPortSubscriberPortOpaqueWidthInference.xml
3 ms. Memory: 967168K Free: 212195K (22%)
----------------- Invoking toplevel() on ptolemy.moml.MoMLSimpleApplication@283d3923
----------------- Done invoking toplevel() on ptolemy.moml.MoMLSimpleApplication@283d3923
reloadAllAccessors: .PublisherPortSubscriberPortOpaqueWidthInference
----------------- testing Thu May 10 14:47:19 UTC 2018 /home/travis/build/icyphy/ptII/ptolemy/actor/lib/test/auto/PublisherPortToplevelSubscriberPortAOC.xml
----------------- Instantiating /home/travis/build/icyphy/ptII/ptolemy/actor/lib/test/auto/PublisherPortToplevelSubscriberPortAOC.xml
.PublisherPortToplevelSubscriberPortAOC.TestExceptionAttribute: initialize() was not invoked, but wrapup() was.  This is unusual, but not always a problem.  For example, exporting JNLP will do this.
1 ms. Memory: 967168K Free: 203527K (21%)
----------------- Invoking toplevel() on ptolemy.moml.MoMLSimpleApplication@75aa55ac
----------------- Done invoking toplevel() on ptolemy.moml.MoMLSimpleApplication@75aa55ac
reloadAllAccessors: .PublisherPortToplevelSubscriberPortAOC
----------------- testing Thu May 10 14:47:19 UTC 2018 /home/travis/build/icyphy/ptII/ptolemy/actor/lib/test/auto/PublisherSubscriber.xml
----------------- Instantiating /home/travis/build/icyphy/ptII/ptolemy/actor/lib/test/auto/PublisherSubscriber.xml
3 ms. Memory: 967168K Free: 186309K (19%)
----------------- Invoking toplevel() on ptolemy.moml.MoMLSimpleApplication@445ca077
----------------- Done invoking toplevel() on ptolemy.moml.MoMLSimpleApplication@445ca077
reloadAllAccessors: .PublisherSubscriber
----------------- testing Thu May 10 14:47:19 UTC 2018 /home/travis/build/icyphy/ptII/ptolemy/actor/lib/test/auto/PublisherSubscriber10.xml
----------------- Instantiating /home/travis/build/icyphy/ptII/ptolemy/actor/lib/test/auto/PublisherSubscriber10.xml
6 ms. Memory: 967168K Free: 173291K (18%)
----------------- Invoking toplevel() on ptolemy.moml.MoMLSimpleApplication@1b1fd522
----------------- Done invoking toplevel() on ptolemy.moml.MoMLSimpleApplication@1b1fd522
reloadAllAccessors: .PublisherSubscriber10
----------------- testing Thu May 10 14:47:19 UTC 2018 /home/travis/build/icyphy/ptII/ptolemy/actor/lib/test/auto/PublisherSubscriber10InitialOutputs.xml
----------------- Instantiating /home/travis/build/icyphy/ptII/ptolemy/actor/lib/test/auto/PublisherSubscriber10InitialOutputs.xml
7 ms. Memory: 967168K Free: 156073K (16%)
----------------- Invoking toplevel() on ptolemy.moml.MoMLSimpleApplication@1a253c11
----------------- Done invoking toplevel() on ptolemy.moml.MoMLSimpleApplication@1a253c11
reloadAllAccessors: .PublisherSubscriber10InitialOutputs
----------------- testing Thu May 10 14:47:19 UTC 2018 /home/travis/build/icyphy/ptII/ptolemy/actor/lib/test/auto/PublisherSubscriber11.xml
----------------- Instantiating /home/travis/build/icyphy/ptII/ptolemy/actor/lib/test/auto/PublisherSubscriber11.xml
3 ms. Memory: 967168K Free: 143206K (15%)
----------------- Invoking toplevel() on ptolemy.moml.MoMLSimpleApplication@6f66ce86
----------------- Done invoking toplevel() on ptolemy.moml.MoMLSimpleApplication@6f66ce86
reloadAllAccessors: .PublisherSubscriber11
----------------- testing Thu May 10 14:47:19 UTC 2018 /home/travis/build/icyphy/ptII/ptolemy/actor/lib/test/auto/PublisherSubscriber12.xml
----------------- Instantiating /home/travis/build/icyphy/ptII/ptolemy/actor/lib/test/auto/PublisherSubscriber12.xml
3 ms. Memory: 967168K Free: 134538K (14%)
----------------- Invoking toplevel() on ptolemy.moml.MoMLSimpleApplication@9674fa1
----------------- Done invoking toplevel() on ptolemy.moml.MoMLSimpleApplication@9674fa1
reloadAllAccessors: .PublisherSubscriber12
----------------- testing Thu May 10 14:47:19 UTC 2018 /home/travis/build/icyphy/ptII/ptolemy/actor/lib/test/auto/PublisherSubscriber13.xml
----------------- Instantiating /home/travis/build/icyphy/ptII/ptolemy/actor/lib/test/auto/PublisherSubscriber13.xml
3 ms. Memory: 967168K Free: 121670K (13%)
----------------- Invoking toplevel() on ptolemy.moml.MoMLSimpleApplication@672064f9
----------------- Done invoking toplevel() on ptolemy.moml.MoMLSimpleApplication@672064f9
reloadAllAccessors: .PublisherSubscriber13
----------------- testing Thu May 10 14:47:19 UTC 2018 /home/travis/build/icyphy/ptII/ptolemy/actor/lib/test/auto/PublisherSubscriber14.xml
----------------- Instantiating /home/travis/build/icyphy/ptII/ptolemy/actor/lib/test/auto/PublisherSubscriber14.xml
4 ms. Memory: 967168K Free: 108668K (11%)
----------------- Invoking toplevel() on ptolemy.moml.MoMLSimpleApplication@34194a09
----------------- Done invoking toplevel() on ptolemy.moml.MoMLSimpleApplication@34194a09
reloadAllAccessors: .PublisherSubscriber14
----------------- testing Thu May 10 14:47:20 UTC 2018 /home/travis/build/icyphy/ptII/ptolemy/actor/lib/test/auto/PublisherSubscriber2.xml
----------------- Instantiating /home/travis/build/icyphy/ptII/ptolemy/actor/lib/test/auto/PublisherSubscriber2.xml
3 ms. Memory: 967168K Free: 95801K (10%)
----------------- Invoking toplevel() on ptolemy.moml.MoMLSimpleApplication@44488dd3
----------------- Done invoking toplevel() on ptolemy.moml.MoMLSimpleApplication@44488dd3
reloadAllAccessors: .PublisherSubscriber2
----------------- testing Thu May 10 14:47:20 UTC 2018 /home/travis/build/icyphy/ptII/ptolemy/actor/lib/test/auto/PublisherSubscriber3.xml
----------------- Instantiating /home/travis/build/icyphy/ptII/ptolemy/actor/lib/test/auto/PublisherSubscriber3.xml
2 ms. Memory: 967168K Free: 87132K (9%)
----------------- Invoking toplevel() on ptolemy.moml.MoMLSimpleApplication@37299fd0
----------------- Done invoking toplevel() on ptolemy.moml.MoMLSimpleApplication@37299fd0
reloadAllAccessors: .PublisherSubscriber3
----------------- testing Thu May 10 14:47:20 UTC 2018 /home/travis/build/icyphy/ptII/ptolemy/actor/lib/test/auto/PublisherSubscriber4.xml
----------------- Instantiating /home/travis/build/icyphy/ptII/ptolemy/actor/lib/test/auto/PublisherSubscriber4.xml
3 ms. Memory: 967168K Free: 74265K (8%)
----------------- Invoking toplevel() on ptolemy.moml.MoMLSimpleApplication@3c00e83f
----------------- Done invoking toplevel() on ptolemy.moml.MoMLSimpleApplication@3c00e83f
reloadAllAccessors: .PublisherSubscriber4
----------------- testing Thu May 10 14:47:20 UTC 2018 /home/travis/build/icyphy/ptII/ptolemy/actor/lib/test/auto/PublisherSubscriber5.xml
----------------- Instantiating /home/travis/build/icyphy/ptII/ptolemy/actor/lib/test/auto/PublisherSubscriber5.xml
10 ms. Memory: 979968K Free: 938459K (96%)
----------------- Invoking toplevel() on ptolemy.moml.MoMLSimpleApplication@4a9e94c3
----------------- Done invoking toplevel() on ptolemy.moml.MoMLSimpleApplication@4a9e94c3
reloadAllAccessors: .PublisherSubscriber5
----------------- testing Thu May 10 14:47:20 UTC 2018 /home/travis/build/icyphy/ptII/ptolemy/actor/lib/test/auto/PublisherSubscriber6.xml
----------------- Instantiating /home/travis/build/icyphy/ptII/ptolemy/actor/lib/test/auto/PublisherSubscriber6.xml
5 ms. Memory: 979968K Free: 919456K (94%)
----------------- Invoking toplevel() on ptolemy.moml.MoMLSimpleApplication@63bb1f24
----------------- Done invoking toplevel() on ptolemy.moml.MoMLSimpleApplication@63bb1f24
reloadAllAccessors: .PublisherSubscriber6
----------------- testing Thu May 10 14:47:20 UTC 2018 /home/travis/build/icyphy/ptII/ptolemy/actor/lib/test/auto/PublisherSubscriber7.xml
----------------- Instantiating /home/travis/build/icyphy/ptII/ptolemy/actor/lib/test/auto/PublisherSubscriber7.xml
6 ms. Memory: 979968K Free: 902664K (92%)
----------------- Invoking toplevel() on ptolemy.moml.MoMLSimpleApplication@16958a67
----------------- Done invoking toplevel() on ptolemy.moml.MoMLSimpleApplication@16958a67
reloadAllAccessors: .PublisherSubscriber7
----------------- testing Thu May 10 14:47:20 UTC 2018 /home/travis/build/icyphy/ptII/ptolemy/actor/lib/test/auto/PublisherSubscriber8.xml
----------------- Instantiating /home/travis/build/icyphy/ptII/ptolemy/actor/lib/test/auto/PublisherSubscriber8.xml
10 ms. Memory: 979968K Free: 846304K (86%)
----------------- Invoking toplevel() on ptolemy.moml.MoMLSimpleApplication@40061332
----------------- Done invoking toplevel() on ptolemy.moml.MoMLSimpleApplication@40061332
reloadAllAccessors: .PublisherSubscriber8
----------------- testing Thu May 10 14:47:20 UTC 2018 /home/travis/build/icyphy/ptII/ptolemy/actor/lib/test/auto/PublisherSubscriber9.xml
----------------- Instantiating /home/travis/build/icyphy/ptII/ptolemy/actor/lib/test/auto/PublisherSubscriber9.xml
4 ms. Memory: 979968K Free: 829511K (85%)
----------------- Invoking toplevel() on ptolemy.moml.MoMLSimpleApplication@6d21cc84
----------------- Done invoking toplevel() on ptolemy.moml.MoMLSimpleApplication@6d21cc84
reloadAllAccessors: .PublisherSubscriber9
----------------- testing Thu May 10 14:47:20 UTC 2018 /home/travis/build/icyphy/ptII/ptolemy/actor/lib/test/auto/PublisherSubscriberAdjacent.xml
----------------- Instantiating /home/travis/build/icyphy/ptII/ptolemy/actor/lib/test/auto/PublisherSubscriberAdjacent.xml
2 ms. Memory: 979968K Free: 812719K (83%)
----------------- Invoking toplevel() on ptolemy.moml.MoMLSimpleApplication@19dda8c0
----------------- Done invoking toplevel() on ptolemy.moml.MoMLSimpleApplication@19dda8c0
reloadAllAccessors: .PublisherSubscriberAdjacent
----------------- testing Thu May 10 14:47:20 UTC 2018 /home/travis/build/icyphy/ptII/ptolemy/actor/lib/test/auto/PublisherSubscriberChannelVariablesAOC2.xml
----------------- Instantiating /home/travis/build/icyphy/ptII/ptolemy/actor/lib/test/auto/PublisherSubscriberChannelVariablesAOC2.xml
3 ms. Memory: 979968K Free: 791024K (81%)
----------------- Invoking toplevel() on ptolemy.moml.MoMLSimpleApplication@29956713
----------------- Done invoking toplevel() on ptolemy.moml.MoMLSimpleApplication@29956713
reloadAllAccessors: .PublisherSubscriberChannelVariablesAOC2
----------------- testing Thu May 10 14:47:20 UTC 2018 /home/travis/build/icyphy/ptII/ptolemy/actor/lib/test/auto/PublisherSubscriberD3.xml
----------------- Instantiating /home/travis/build/icyphy/ptII/ptolemy/actor/lib/test/auto/PublisherSubscriberD3.xml
2 ms. Memory: 979968K Free: 774240K (79%)
----------------- Invoking toplevel() on ptolemy.moml.MoMLSimpleApplication@565084fc
----------------- Done invoking toplevel() on ptolemy.moml.MoMLSimpleApplication@565084fc
reloadAllAccessors: .PublisherSubscriberD3
----------------- testing Thu May 10 14:47:20 UTC 2018 /home/travis/build/icyphy/ptII/ptolemy/actor/lib/test/auto/PublisherSubscriberD3Reverse.xml
----------------- Instantiating /home/travis/build/icyphy/ptII/ptolemy/actor/lib/test/auto/PublisherSubscriberD3Reverse.xml
2 ms. Memory: 979968K Free: 761798K (78%)
----------------- Invoking toplevel() on ptolemy.moml.MoMLSimpleApplication@13e8b1d4
----------------- Done invoking toplevel() on ptolemy.moml.MoMLSimpleApplication@13e8b1d4
reloadAllAccessors: .PublisherSubscriberD3Reverse
----------------- testing Thu May 10 14:47:20 UTC 2018 /home/travis/build/icyphy/ptII/ptolemy/actor/lib/test/auto/PublisherSubscriberExpression.xml
----------------- Instantiating /home/travis/build/icyphy/ptII/ptolemy/actor/lib/test/auto/PublisherSubscriberExpression.xml
4 ms. Memory: 979968K Free: 748779K (76%)
----------------- Invoking toplevel() on ptolemy.moml.MoMLSimpleApplication@725a3426
----------------- Done invoking toplevel() on ptolemy.moml.MoMLSimpleApplication@725a3426
reloadAllAccessors: .PublisherSubscriberExpression
----------------- testing Thu May 10 14:47:20 UTC 2018 /home/travis/build/icyphy/ptII/ptolemy/actor/lib/test/auto/PublisherSubscriberOpaque.xml
----------------- Instantiating /home/travis/build/icyphy/ptII/ptolemy/actor/lib/test/auto/PublisherSubscriberOpaque.xml
4 ms. Memory: 979968K Free: 731987K (75%)
----------------- Invoking toplevel() on ptolemy.moml.MoMLSimpleApplication@811014c
----------------- Done invoking toplevel() on ptolemy.moml.MoMLSimpleApplication@811014c
reloadAllAccessors: .PublisherSubscriberOpaque
----------------- testing Thu May 10 14:47:20 UTC 2018 /home/travis/build/icyphy/ptII/ptolemy/actor/lib/test/auto/PublisherSubscriberOpaqueD3.xml
----------------- Instantiating /home/travis/build/icyphy/ptII/ptolemy/actor/lib/test/auto/PublisherSubscriberOpaqueD3.xml
7 ms. Memory: 979968K Free: 718968K (73%)
----------------- Invoking toplevel() on ptolemy.moml.MoMLSimpleApplication@73a6bcb7
----------------- Done invoking toplevel() on ptolemy.moml.MoMLSimpleApplication@73a6bcb7
reloadAllAccessors: .PublisherSubscriberOpaqueD3
----------------- testing Thu May 10 14:47:20 UTC 2018 /home/travis/build/icyphy/ptII/ptolemy/actor/lib/test/auto/PublisherSubscriberOpaqueD3Reverse.xml
----------------- Instantiating /home/travis/build/icyphy/ptII/ptolemy/actor/lib/test/auto/PublisherSubscriberOpaqueD3Reverse.xml
7 ms. Memory: 979968K Free: 702167K (72%)
----------------- Invoking toplevel() on ptolemy.moml.MoMLSimpleApplication@7849ac81
----------------- Done invoking toplevel() on ptolemy.moml.MoMLSimpleApplication@7849ac81
reloadAllAccessors: .PublisherSubscriberOpaqueD3Reverse
----------------- testing Thu May 10 14:47:20 UTC 2018 /home/travis/build/icyphy/ptII/ptolemy/actor/lib/test/auto/PublisherSubscriberOpaqueWidthInference.xml
----------------- Instantiating /home/travis/build/icyphy/ptII/ptolemy/actor/lib/test/auto/PublisherSubscriberOpaqueWidthInference.xml
5 ms. Memory: 979968K Free: 685375K (70%)
----------------- Invoking toplevel() on ptolemy.moml.MoMLSimpleApplication@382e7a6c
----------------- Done invoking toplevel() on ptolemy.moml.MoMLSimpleApplication@382e7a6c
reloadAllAccessors: .PublisherSubscriberOpaqueWidthInference
----------------- testing Thu May 10 14:47:20 UTC 2018 /home/travis/build/icyphy/ptII/ptolemy/actor/lib/test/auto/PublisherTestSubscriber.xml
----------------- Instantiating /home/travis/build/icyphy/ptII/ptolemy/actor/lib/test/auto/PublisherTestSubscriber.xml
3 ms. Memory: 979968K Free: 672357K (69%)
----------------- Invoking toplevel() on ptolemy.moml.MoMLSimpleApplication@594d7c4c
----------------- Done invoking toplevel() on ptolemy.moml.MoMLSimpleApplication@594d7c4c
reloadAllAccessors: .PublisherTestSubscriber
----------------- testing Thu May 10 14:47:20 UTC 2018 /home/travis/build/icyphy/ptII/ptolemy/actor/lib/test/auto/PublisherToplevelSubscriberPortAOC.xml
----------------- Instantiating /home/travis/build/icyphy/ptII/ptolemy/actor/lib/test/auto/PublisherToplevelSubscriberPortAOC.xml
2 ms. Memory: 979968K Free: 659914K (67%)
----------------- Invoking toplevel() on ptolemy.moml.MoMLSimpleApplication@58916b9f
----------------- Done invoking toplevel() on ptolemy.moml.MoMLSimpleApplication@58916b9f
reloadAllAccessors: .PublisherToplevelSubscriberPortAOC
----------------- testing Thu May 10 14:47:20 UTC 2018 /home/travis/build/icyphy/ptII/ptolemy/actor/lib/test/auto/PulseFiringLimitDE.xml
----------------- Instantiating /home/travis/build/icyphy/ptII/ptolemy/actor/lib/test/auto/PulseFiringLimitDE.xml
2 ms. Memory: 979968K Free: 647472K (66%)
----------------- Invoking toplevel() on ptolemy.moml.MoMLSimpleApplication@2f3d20d2
----------------- Done invoking toplevel() on ptolemy.moml.MoMLSimpleApplication@2f3d20d2
reloadAllAccessors: .PulseFiringLimitDE
----------------- testing Thu May 10 14:47:20 UTC 2018 /home/travis/build/icyphy/ptII/ptolemy/actor/lib/test/auto/Ramp1.xml
----------------- Instantiating /home/travis/build/icyphy/ptII/ptolemy/actor/lib/test/auto/Ramp1.xml
1 ms. Memory: 979968K Free: 638804K (65%)
----------------- Invoking toplevel() on ptolemy.moml.MoMLSimpleApplication@89959b6
----------------- Done invoking toplevel() on ptolemy.moml.MoMLSimpleApplication@89959b6
reloadAllAccessors: .Ramp1
----------------- testing Thu May 10 14:47:20 UTC 2018 /home/travis/build/icyphy/ptII/ptolemy/actor/lib/test/auto/RampFiringLimitDE.xml
----------------- Instantiating /home/travis/build/icyphy/ptII/ptolemy/actor/lib/test/auto/RampFiringLimitDE.xml
3 ms. Memory: 979968K Free: 626361K (64%)
----------------- Invoking toplevel() on ptolemy.moml.MoMLSimpleApplication@7757b412
----------------- Done invoking toplevel() on ptolemy.moml.MoMLSimpleApplication@7757b412
reloadAllAccessors: .RampFiringLimitDE
----------------- testing Thu May 10 14:47:20 UTC 2018 /home/travis/build/icyphy/ptII/ptolemy/actor/lib/test/auto/RampFiringLimitSDF.xml
----------------- Instantiating /home/travis/build/icyphy/ptII/ptolemy/actor/lib/test/auto/RampFiringLimitSDF.xml
2 ms. Memory: 979968K Free: 613919K (63%)
----------------- Invoking toplevel() on ptolemy.moml.MoMLSimpleApplication@23103dd
----------------- Done invoking toplevel() on ptolemy.moml.MoMLSimpleApplication@23103dd
reloadAllAccessors: .RampFiringLimitSDF
----------------- testing Thu May 10 14:47:20 UTC 2018 /home/travis/build/icyphy/ptII/ptolemy/actor/lib/test/auto/RandomInteger.xml
----------------- Instantiating /home/travis/build/icyphy/ptII/ptolemy/actor/lib/test/auto/RandomInteger.xml
2 ms. Memory: 979968K Free: 605251K (62%)
----------------- Invoking toplevel() on ptolemy.moml.MoMLSimpleApplication@449beab5
----------------- Done invoking toplevel() on ptolemy.moml.MoMLSimpleApplication@449beab5
reloadAllAccessors: .RandomInteger
----------------- testing Thu May 10 14:47:20 UTC 2018 /home/travis/build/icyphy/ptII/ptolemy/actor/lib/test/auto/ReadFile1.xml
----------------- Instantiating /home/travis/build/icyphy/ptII/ptolemy/actor/lib/test/auto/ReadFile1.xml
2 ms. Memory: 979968K Free: 592808K (60%)
----------------- Invoking toplevel() on ptolemy.moml.MoMLSimpleApplication@719d8523
----------------- Done invoking toplevel() on ptolemy.moml.MoMLSimpleApplication@719d8523
reloadAllAccessors: .ReadFile1
----------------- testing Thu May 10 14:47:20 UTC 2018 /home/travis/build/icyphy/ptII/ptolemy/actor/lib/test/auto/ReadFile2.xml
----------------- Instantiating /home/travis/build/icyphy/ptII/ptolemy/actor/lib/test/auto/ReadFile2.xml
1 ms. Memory: 979968K Free: 584140K (60%)
----------------- Invoking toplevel() on ptolemy.moml.MoMLSimpleApplication@4f59c601
----------------- Done invoking toplevel() on ptolemy.moml.MoMLSimpleApplication@4f59c601
reloadAllAccessors: .ReadFile2
----------------- testing Thu May 10 14:47:20 UTC 2018 /home/travis/build/icyphy/ptII/ptolemy/actor/lib/test/auto/Reader.xml
----------------- Instantiating /home/travis/build/icyphy/ptII/ptolemy/actor/lib/test/auto/Reader.xml
actor.lib.Reader is obsolete, use actor.lib.io.ExpressionReader instead
1 ms. Memory: 979968K Free: 571697K (58%)
----------------- Invoking toplevel() on ptolemy.moml.MoMLSimpleApplication@3f38fe8c
----------------- Done invoking toplevel() on ptolemy.moml.MoMLSimpleApplication@3f38fe8c
reloadAllAccessors: .Reader
----------------- testing Thu May 10 14:47:20 UTC 2018 /home/travis/build/icyphy/ptII/ptolemy/actor/lib/test/auto/RecordAssemblerDisplayNameTest.xml
----------------- Instantiating /home/travis/build/icyphy/ptII/ptolemy/actor/lib/test/auto/RecordAssemblerDisplayNameTest.xml
5624 ms. Memory: 1035264K Free: 263246K (25%)
----------------- Invoking toplevel() on ptolemy.moml.MoMLSimpleApplication@72ae0fe2
----------------- Done invoking toplevel() on ptolemy.moml.MoMLSimpleApplication@72ae0fe2
reloadAllAccessors: .RecordAssemblerDisplayNameTest
----------------- testing Thu May 10 14:47:26 UTC 2018 /home/travis/build/icyphy/ptII/ptolemy/actor/lib/test/auto/RecordAssemblerTypeError.xml
----------------- Instantiating /home/travis/build/icyphy/ptII/ptolemy/actor/lib/test/auto/RecordAssemblerTypeError.xml
7 ms. Memory: 1035264K Free: 239212K (23%)
----------------- Invoking toplevel() on ptolemy.moml.MoMLSimpleApplication@749d0609
----------------- Done invoking toplevel() on ptolemy.moml.MoMLSimpleApplication@749d0609
reloadAllAccessors: .RecordAssemblerTypeError
----------------- testing Thu May 10 14:47:26 UTC 2018 /home/travis/build/icyphy/ptII/ptolemy/actor/lib/test/auto/RecordDisassember.xml
----------------- Instantiating /home/travis/build/icyphy/ptII/ptolemy/actor/lib/test/auto/RecordDisassember.xml
3 ms. Memory: 1035264K Free: 226836K (22%)
----------------- Invoking toplevel() on ptolemy.moml.MoMLSimpleApplication@7b2af98f
----------------- Done invoking toplevel() on ptolemy.moml.MoMLSimpleApplication@7b2af98f
reloadAllAccessors: .RecordDisassember
----------------- testing Thu May 10 14:47:26 UTC 2018 /home/travis/build/icyphy/ptII/ptolemy/actor/lib/test/auto/RecordDisassemberDisplayNameTest.xml
----------------- Instantiating /home/travis/build/icyphy/ptII/ptolemy/actor/lib/test/auto/RecordDisassemberDisplayNameTest.xml
6 ms. Memory: 1035264K Free: 209787K (20%)
----------------- Invoking toplevel() on ptolemy.moml.MoMLSimpleApplication@94ab8a2
----------------- Done invoking toplevel() on ptolemy.moml.MoMLSimpleApplication@94ab8a2
reloadAllAccessors: .RecordDisassemberDisplayNameTest
----------------- testing Thu May 10 14:47:26 UTC 2018 /home/travis/build/icyphy/ptII/ptolemy/actor/lib/test/auto/RecordDisassembler.xml
----------------- Instantiating /home/travis/build/icyphy/ptII/ptolemy/actor/lib/test/auto/RecordDisassembler.xml
2 ms. Memory: 1035264K Free: 197411K (19%)
----------------- Invoking toplevel() on ptolemy.moml.MoMLSimpleApplication@320d0996
----------------- Done invoking toplevel() on ptolemy.moml.MoMLSimpleApplication@320d0996
reloadAllAccessors: .RecordDisassembler
----------------- testing Thu May 10 14:47:26 UTC 2018 /home/travis/build/icyphy/ptII/ptolemy/actor/lib/test/auto/RecordDisassembler2.xml
----------------- Instantiating /home/travis/build/icyphy/ptII/ptolemy/actor/lib/test/auto/RecordDisassembler2.xml
3 ms. Memory: 1035264K Free: 188098K (18%)
----------------- Invoking toplevel() on ptolemy.moml.MoMLSimpleApplication@55e9bcd1
----------------- Done invoking toplevel() on ptolemy.moml.MoMLSimpleApplication@55e9bcd1
reloadAllAccessors: .RecordDisassembler2
----------------- testing Thu May 10 14:47:26 UTC 2018 /home/travis/build/icyphy/ptII/ptolemy/actor/lib/test/auto/RecordUpdater.xml
----------------- Instantiating /home/travis/build/icyphy/ptII/ptolemy/actor/lib/test/auto/RecordUpdater.xml
2 ms. Memory: 1035264K Free: 175721K (17%)
----------------- Invoking toplevel() on ptolemy.moml.MoMLSimpleApplication@408989c1
----------------- Done invoking toplevel() on ptolemy.moml.MoMLSimpleApplication@408989c1
reloadAllAccessors: .RecordUpdater
----------------- testing Thu May 10 14:47:26 UTC 2018 /home/travis/build/icyphy/ptII/ptolemy/actor/lib/test/auto/RecordUpdater2.xml
----------------- Instantiating /home/travis/build/icyphy/ptII/ptolemy/actor/lib/test/auto/RecordUpdater2.xml
2 ms. Memory: 1035264K Free: 163345K (16%)
----------------- Invoking toplevel() on ptolemy.moml.MoMLSimpleApplication@3a8ea1d6
----------------- Done invoking toplevel() on ptolemy.moml.MoMLSimpleApplication@3a8ea1d6
reloadAllAccessors: .RecordUpdater2
----------------- testing Thu May 10 14:47:26 UTC 2018 /home/travis/build/icyphy/ptII/ptolemy/actor/lib/test/auto/RecursiveLattice.xml
----------------- Instantiating /home/travis/build/icyphy/ptII/ptolemy/actor/lib/test/auto/RecursiveLattice.xml
1 ms. Memory: 1035264K Free: 150969K (15%)
----------------- Invoking toplevel() on ptolemy.moml.MoMLSimpleApplication@dc306fa
----------------- Done invoking toplevel() on ptolemy.moml.MoMLSimpleApplication@dc306fa
reloadAllAccessors: .RecursiveLattice
----------------- testing Thu May 10 14:47:26 UTC 2018 /home/travis/build/icyphy/ptII/ptolemy/actor/lib/test/auto/Router.xml
----------------- Instantiating /home/travis/build/icyphy/ptII/ptolemy/actor/lib/test/auto/Router.xml
3004 ms. Memory: 1035264K Free: 133920K (13%)
----------------- Invoking toplevel() on ptolemy.moml.MoMLSimpleApplication@22b38280
----------------- Done invoking toplevel() on ptolemy.moml.MoMLSimpleApplication@22b38280
reloadAllAccessors: .Router
----------------- testing Thu May 10 14:47:29 UTC 2018 /home/travis/build/icyphy/ptII/ptolemy/actor/lib/test/auto/Router2.xml
----------------- Instantiating /home/travis/build/icyphy/ptII/ptolemy/actor/lib/test/auto/Router2.xml
3006 ms. Memory: 1035264K Free: 119950K (12%)
----------------- Invoking toplevel() on ptolemy.moml.MoMLSimpleApplication@112b5adf
----------------- Done invoking toplevel() on ptolemy.moml.MoMLSimpleApplication@112b5adf
reloadAllAccessors: .Router2
----------------- testing Thu May 10 14:47:32 UTC 2018 /home/travis/build/icyphy/ptII/ptolemy/actor/lib/test/auto/RunningMaximum.xml
----------------- Instantiating /home/travis/build/icyphy/ptII/ptolemy/actor/lib/test/auto/RunningMaximum.xml
2 ms. Memory: 1035264K Free: 107574K (10%)
----------------- Invoking toplevel() on ptolemy.moml.MoMLSimpleApplication@7f5ac8ff
----------------- Done invoking toplevel() on ptolemy.moml.MoMLSimpleApplication@7f5ac8ff
reloadAllAccessors: .RunningMaximum
----------------- testing Thu May 10 14:47:32 UTC 2018 /home/travis/build/icyphy/ptII/ptolemy/actor/lib/test/auto/RunningMinimum.xml
----------------- Instantiating /home/travis/build/icyphy/ptII/ptolemy/actor/lib/test/auto/RunningMinimum.xml
2 ms. Memory: 1035264K Free: 95197K (9%)
----------------- Invoking toplevel() on ptolemy.moml.MoMLSimpleApplication@4c30f8e5
----------------- Done invoking toplevel() on ptolemy.moml.MoMLSimpleApplication@4c30f8e5
reloadAllAccessors: .RunningMinimum
----------------- testing Thu May 10 14:47:32 UTC 2018 /home/travis/build/icyphy/ptII/ptolemy/actor/lib/test/auto/Scale.xml
----------------- Instantiating /home/travis/build/icyphy/ptII/ptolemy/actor/lib/test/auto/Scale.xml
2 ms. Memory: 1035264K Free: 82821K (8%)
----------------- Invoking toplevel() on ptolemy.moml.MoMLSimpleApplication@61fa2a7c
----------------- Done invoking toplevel() on ptolemy.moml.MoMLSimpleApplication@61fa2a7c
reloadAllAccessors: .Scale
----------------- testing Thu May 10 14:47:32 UTC 2018 /home/travis/build/icyphy/ptII/ptolemy/actor/lib/test/auto/Scale2.xml
----------------- Instantiating /home/travis/build/icyphy/ptII/ptolemy/actor/lib/test/auto/Scale2.xml
3 ms. Memory: 1035264K Free: 70445K (7%)
----------------- Invoking toplevel() on ptolemy.moml.MoMLSimpleApplication@3d05267d
----------------- Done invoking toplevel() on ptolemy.moml.MoMLSimpleApplication@3d05267d
reloadAllAccessors: .Scale2
----------------- testing Thu May 10 14:47:32 UTC 2018 /home/travis/build/icyphy/ptII/ptolemy/actor/lib/test/auto/Scale3.xml
----------------- Instantiating /home/travis/build/icyphy/ptII/ptolemy/actor/lib/test/auto/Scale3.xml
4 ms. Memory: 1035264K Free: 64531K (6%)
----------------- Invoking toplevel() on ptolemy.moml.MoMLSimpleApplication@11e2fff1
----------------- Done invoking toplevel() on ptolemy.moml.MoMLSimpleApplication@11e2fff1
reloadAllAccessors: .Scale3
----------------- testing Thu May 10 14:47:32 UTC 2018 /home/travis/build/icyphy/ptII/ptolemy/actor/lib/test/auto/ScaleArray.xml
----------------- Instantiating /home/travis/build/icyphy/ptII/ptolemy/actor/lib/test/auto/ScaleArray.xml
2 ms. Memory: 1043456K Free: 989419K (95%)
----------------- Invoking toplevel() on ptolemy.moml.MoMLSimpleApplication@3c264578
----------------- Done invoking toplevel() on ptolemy.moml.MoMLSimpleApplication@3c264578
reloadAllAccessors: .ScaleArray
----------------- testing Thu May 10 14:47:32 UTC 2018 /home/travis/build/icyphy/ptII/ptolemy/actor/lib/test/auto/ScaleArray2.xml
----------------- Instantiating /home/travis/build/icyphy/ptII/ptolemy/actor/lib/test/auto/ScaleArray2.xml
1 ms. Memory: 1043456K Free: 974747K (93%)
----------------- Invoking toplevel() on ptolemy.moml.MoMLSimpleApplication@38a7e24
----------------- Done invoking toplevel() on ptolemy.moml.MoMLSimpleApplication@38a7e24
reloadAllAccessors: .ScaleArray2
----------------- testing Thu May 10 14:47:32 UTC 2018 /home/travis/build/icyphy/ptII/ptolemy/actor/lib/test/auto/ScaleMatrix.xml
----------------- Instantiating /home/travis/build/icyphy/ptII/ptolemy/actor/lib/test/auto/ScaleMatrix.xml
157 ms. Memory: 1043456K Free: 951605K (91%)
----------------- Invoking toplevel() on ptolemy.moml.MoMLSimpleApplication@5ea886ef
----------------- Done invoking toplevel() on ptolemy.moml.MoMLSimpleApplication@5ea886ef
reloadAllAccessors: .ScaleMatrix
----------------- testing Thu May 10 14:47:32 UTC 2018 /home/travis/build/icyphy/ptII/ptolemy/actor/lib/test/auto/Select.xml
----------------- Instantiating /home/travis/build/icyphy/ptII/ptolemy/actor/lib/test/auto/Select.xml
3 ms. Memory: 1043456K Free: 936933K (90%)
----------------- Invoking toplevel() on ptolemy.moml.MoMLSimpleApplication@3b65eb7c
----------------- Done invoking toplevel() on ptolemy.moml.MoMLSimpleApplication@3b65eb7c
reloadAllAccessors: .Select
----------------- testing Thu May 10 14:47:32 UTC 2018 /home/travis/build/icyphy/ptII/ptolemy/actor/lib/test/auto/Select2.xml
----------------- Instantiating /home/travis/build/icyphy/ptII/ptolemy/actor/lib/test/auto/Select2.xml
1 ms. Memory: 1043456K Free: 922261K (88%)
----------------- Invoking toplevel() on ptolemy.moml.MoMLSimpleApplication@2a93d85f
----------------- Done invoking toplevel() on ptolemy.moml.MoMLSimpleApplication@2a93d85f
reloadAllAccessors: .Select2
----------------- testing Thu May 10 14:47:32 UTC 2018 /home/travis/build/icyphy/ptII/ptolemy/actor/lib/test/auto/SequenceToArray2.xml
----------------- Instantiating /home/travis/build/icyphy/ptII/ptolemy/actor/lib/test/auto/SequenceToArray2.xml
108 ms. Memory: 1043456K Free: 839275K (80%)
----------------- Invoking toplevel() on ptolemy.moml.MoMLSimpleApplication@d868a69
----------------- Done invoking toplevel() on ptolemy.moml.MoMLSimpleApplication@d868a69
reloadAllAccessors: .SequenceToArray2
----------------- testing Thu May 10 14:47:33 UTC 2018 /home/travis/build/icyphy/ptII/ptolemy/actor/lib/test/auto/SequentialClock.xml
----------------- Instantiating /home/travis/build/icyphy/ptII/ptolemy/actor/lib/test/auto/SequentialClock.xml
2 ms. Memory: 1043456K Free: 824603K (79%)
----------------- Invoking toplevel() on ptolemy.moml.MoMLSimpleApplication@518d32f3
----------------- Done invoking toplevel() on ptolemy.moml.MoMLSimpleApplication@518d32f3
reloadAllAccessors: .SequentialClock
----------------- testing Thu May 10 14:47:33 UTC 2018 /home/travis/build/icyphy/ptII/ptolemy/actor/lib/test/auto/SetVariable.xml
----------------- Instantiating /home/travis/build/icyphy/ptII/ptolemy/actor/lib/test/auto/SetVariable.xml
5 ms. Memory: 1043456K Free: 809932K (78%)
----------------- Invoking toplevel() on ptolemy.moml.MoMLSimpleApplication@3e8172a7
----------------- Done invoking toplevel() on ptolemy.moml.MoMLSimpleApplication@3e8172a7
reloadAllAccessors: .SetVariable
----------------- testing Thu May 10 14:47:33 UTC 2018 /home/travis/build/icyphy/ptII/ptolemy/actor/lib/test/auto/SetVariable2.xml
----------------- Instantiating /home/travis/build/icyphy/ptII/ptolemy/actor/lib/test/auto/SetVariable2.xml
2 ms. Memory: 1043456K Free: 795259K (76%)
----------------- Invoking toplevel() on ptolemy.moml.MoMLSimpleApplication@2f1377d7
----------------- Done invoking toplevel() on ptolemy.moml.MoMLSimpleApplication@2f1377d7
reloadAllAccessors: .SetVariable2
----------------- testing Thu May 10 14:47:33 UTC 2018 /home/travis/build/icyphy/ptII/ptolemy/actor/lib/test/auto/SetVariable3.xml
----------------- Instantiating /home/travis/build/icyphy/ptII/ptolemy/actor/lib/test/auto/SetVariable3.xml
7 ms. Memory: 1043456K Free: 780587K (75%)
----------------- Invoking toplevel() on ptolemy.moml.MoMLSimpleApplication@6a2503b3
----------------- Done invoking toplevel() on ptolemy.moml.MoMLSimpleApplication@6a2503b3
reloadAllAccessors: .SetVariable3
----------------- testing Thu May 10 14:47:33 UTC 2018 /home/travis/build/icyphy/ptII/ptolemy/actor/lib/test/auto/SetVariable4.xml
----------------- Instantiating /home/travis/build/icyphy/ptII/ptolemy/actor/lib/test/auto/SetVariable4.xml
18 ms. Memory: 1043456K Free: 722454K (69%)
----------------- Invoking toplevel() on ptolemy.moml.MoMLSimpleApplication@28d9bc4b
----------------- Done invoking toplevel() on ptolemy.moml.MoMLSimpleApplication@28d9bc4b
reloadAllAccessors: .SetVariable4
----------------- testing Thu May 10 14:47:33 UTC 2018 /home/travis/build/icyphy/ptII/ptolemy/actor/lib/test/auto/SetVariable5.xml
----------------- Instantiating /home/travis/build/icyphy/ptII/ptolemy/actor/lib/test/auto/SetVariable5.xml
22 ms. Memory: 1043456K Free: 701557K (67%)
----------------- Invoking toplevel() on ptolemy.moml.MoMLSimpleApplication@6175b977
----------------- Done invoking toplevel() on ptolemy.moml.MoMLSimpleApplication@6175b977
reloadAllAccessors: .SetVariable5
----------------- testing Thu May 10 14:47:33 UTC 2018 /home/travis/build/icyphy/ptII/ptolemy/actor/lib/test/auto/Sinewave.xml
----------------- Instantiating /home/travis/build/icyphy/ptII/ptolemy/actor/lib/test/auto/Sinewave.xml
5 ms. Memory: 1043456K Free: 680676K (65%)
----------------- Invoking toplevel() on ptolemy.moml.MoMLSimpleApplication@5098a7ea
----------------- Done invoking toplevel() on ptolemy.moml.MoMLSimpleApplication@5098a7ea
reloadAllAccessors: .Sinewave
----------------- testing Thu May 10 14:47:33 UTC 2018 /home/travis/build/icyphy/ptII/ptolemy/actor/lib/test/auto/Sinewave2.xml
----------------- Instantiating /home/travis/build/icyphy/ptII/ptolemy/actor/lib/test/auto/Sinewave2.xml
6 ms. Memory: 1043456K Free: 666004K (64%)
----------------- Invoking toplevel() on ptolemy.moml.MoMLSimpleApplication@7b9cdcd0
----------------- Done invoking toplevel() on ptolemy.moml.MoMLSimpleApplication@7b9cdcd0
reloadAllAccessors: .Sinewave2
----------------- testing Thu May 10 14:47:33 UTC 2018 /home/travis/build/icyphy/ptII/ptolemy/actor/lib/test/auto/Sinewave3.xml
----------------- Instantiating /home/travis/build/icyphy/ptII/ptolemy/actor/lib/test/auto/Sinewave3.xml
7 ms. Memory: 1043456K Free: 649078K (62%)
----------------- Invoking toplevel() on ptolemy.moml.MoMLSimpleApplication@5e51c7e7
----------------- Done invoking toplevel() on ptolemy.moml.MoMLSimpleApplication@5e51c7e7
reloadAllAccessors: .Sinewave3
----------------- testing Thu May 10 14:47:33 UTC 2018 /home/travis/build/icyphy/ptII/ptolemy/actor/lib/test/auto/SingleEvent.xml
----------------- Instantiating /home/travis/build/icyphy/ptII/ptolemy/actor/lib/test/auto/SingleEvent.xml
1 ms. Memory: 1043456K Free: 634406K (61%)
----------------- Invoking toplevel() on ptolemy.moml.MoMLSimpleApplication@7ae75981
----------------- Done invoking toplevel() on ptolemy.moml.MoMLSimpleApplication@7ae75981
reloadAllAccessors: .SingleEvent
----------------- testing Thu May 10 14:47:33 UTC 2018 /home/travis/build/icyphy/ptII/ptolemy/actor/lib/test/auto/Sleep.xml
----------------- Instantiating /home/travis/build/icyphy/ptII/ptolemy/actor/lib/test/auto/Sleep.xml
6003 ms. Memory: 1043456K Free: 619734K (59%)
----------------- Invoking toplevel() on ptolemy.moml.MoMLSimpleApplication@5bb36afb
----------------- Done invoking toplevel() on ptolemy.moml.MoMLSimpleApplication@5bb36afb
reloadAllAccessors: .Sleep
----------------- testing Thu May 10 14:47:39 UTC 2018 /home/travis/build/icyphy/ptII/ptolemy/actor/lib/test/auto/SleepMultipleFire.xml
----------------- Instantiating /home/travis/build/icyphy/ptII/ptolemy/actor/lib/test/auto/SleepMultipleFire.xml
1006 ms. Memory: 1043456K Free: 605062K (58%)
----------------- Invoking toplevel() on ptolemy.moml.MoMLSimpleApplication@3187f17f
----------------- Done invoking toplevel() on ptolemy.moml.MoMLSimpleApplication@3187f17f
reloadAllAccessors: .SleepMultipleFire
----------------- testing Thu May 10 14:47:40 UTC 2018 /home/travis/build/icyphy/ptII/ptolemy/actor/lib/test/auto/StopDE.xml
----------------- Instantiating /home/travis/build/icyphy/ptII/ptolemy/actor/lib/test/auto/StopDE.xml
3 ms. Memory: 1043456K Free: 590390K (57%)
----------------- Invoking toplevel() on ptolemy.moml.MoMLSimpleApplication@110903fc
----------------- Done invoking toplevel() on ptolemy.moml.MoMLSimpleApplication@110903fc
reloadAllAccessors: .StopDE
----------------- testing Thu May 10 14:47:40 UTC 2018 /home/travis/build/icyphy/ptII/ptolemy/actor/lib/test/auto/StopSDF.xml
----------------- Instantiating /home/travis/build/icyphy/ptII/ptolemy/actor/lib/test/auto/StopSDF.xml
3 ms. Memory: 1043456K Free: 575719K (55%)
----------------- Invoking toplevel() on ptolemy.moml.MoMLSimpleApplication@77b960c1
----------------- Done invoking toplevel() on ptolemy.moml.MoMLSimpleApplication@77b960c1
reloadAllAccessors: .StopSDF
----------------- testing Thu May 10 14:47:40 UTC 2018 /home/travis/build/icyphy/ptII/ptolemy/actor/lib/test/auto/StringConstant.xml
----------------- Instantiating /home/travis/build/icyphy/ptII/ptolemy/actor/lib/test/auto/StringConstant.xml
2 ms. Memory: 1043456K Free: 561047K (54%)
----------------- Invoking toplevel() on ptolemy.moml.MoMLSimpleApplication@5c3f783b
----------------- Done invoking toplevel() on ptolemy.moml.MoMLSimpleApplication@5c3f783b
reloadAllAccessors: .StringConstant
----------------- testing Thu May 10 14:47:40 UTC 2018 /home/travis/build/icyphy/ptII/ptolemy/actor/lib/test/auto/SubscriberPortInitialValues1.xml
----------------- Instantiating /home/travis/build/icyphy/ptII/ptolemy/actor/lib/test/auto/SubscriberPortInitialValues1.xml
6 ms. Memory: 1043456K Free: 546374K (52%)
----------------- Invoking toplevel() on ptolemy.moml.MoMLSimpleApplication@43034aaf
----------------- Done invoking toplevel() on ptolemy.moml.MoMLSimpleApplication@43034aaf
reloadAllAccessors: .SubscriberPortInitialValues1
----------------- testing Thu May 10 14:47:40 UTC 2018 /home/travis/build/icyphy/ptII/ptolemy/actor/lib/test/auto/SubscriberPortInitialValues13.xml
----------------- Instantiating /home/travis/build/icyphy/ptII/ptolemy/actor/lib/test/auto/SubscriberPortInitialValues13.xml
5 ms. Memory: 1043456K Free: 525478K (50%)
----------------- Invoking toplevel() on ptolemy.moml.MoMLSimpleApplication@584b8b49
----------------- Done invoking toplevel() on ptolemy.moml.MoMLSimpleApplication@584b8b49
reloadAllAccessors: .SubscriberPortInitialValues13
----------------- testing Thu May 10 14:47:40 UTC 2018 /home/travis/build/icyphy/ptII/ptolemy/actor/lib/test/auto/SubscriberPortInitialValues14.xml
----------------- Instantiating /home/travis/build/icyphy/ptII/ptolemy/actor/lib/test/auto/SubscriberPortInitialValues14.xml
4 ms. Memory: 1043456K Free: 510806K (49%)
----------------- Invoking toplevel() on ptolemy.moml.MoMLSimpleApplication@308c55d2
----------------- Done invoking toplevel() on ptolemy.moml.MoMLSimpleApplication@308c55d2
reloadAllAccessors: .SubscriberPortInitialValues14
----------------- testing Thu May 10 14:47:40 UTC 2018 /home/travis/build/icyphy/ptII/ptolemy/actor/lib/test/auto/SubscriberPortInitialValues2.xml
----------------- Instantiating /home/travis/build/icyphy/ptII/ptolemy/actor/lib/test/auto/SubscriberPortInitialValues2.xml
4 ms. Memory: 1043456K Free: 496134K (48%)
----------------- Invoking toplevel() on ptolemy.moml.MoMLSimpleApplication@14d44176
----------------- Done invoking toplevel() on ptolemy.moml.MoMLSimpleApplication@14d44176
reloadAllAccessors: .SubscriberPortInitialValues2
----------------- testing Thu May 10 14:47:40 UTC 2018 /home/travis/build/icyphy/ptII/ptolemy/actor/lib/test/auto/SubscriberPortInitialValues3.xml
----------------- Instantiating /home/travis/build/icyphy/ptII/ptolemy/actor/lib/test/auto/SubscriberPortInitialValues3.xml
5 ms. Memory: 1043456K Free: 472983K (45%)
----------------- Invoking toplevel() on ptolemy.moml.MoMLSimpleApplication@af8edb2
----------------- Done invoking toplevel() on ptolemy.moml.MoMLSimpleApplication@af8edb2
reloadAllAccessors: .SubscriberPortInitialValues3
----------------- testing Thu May 10 14:47:40 UTC 2018 /home/travis/build/icyphy/ptII/ptolemy/actor/lib/test/auto/SubscriptionAggregator.xml
----------------- Instantiating /home/travis/build/icyphy/ptII/ptolemy/actor/lib/test/auto/SubscriptionAggregator.xml
3 ms. Memory: 1043456K Free: 458311K (44%)
----------------- Invoking toplevel() on ptolemy.moml.MoMLSimpleApplication@37c7a061
----------------- Done invoking toplevel() on ptolemy.moml.MoMLSimpleApplication@37c7a061
reloadAllAccessors: .SubscriptionAggregator
----------------- testing Thu May 10 14:47:40 UTC 2018 /home/travis/build/icyphy/ptII/ptolemy/actor/lib/test/auto/SubscriptionAggregator2.xml
----------------- Instantiating /home/travis/build/icyphy/ptII/ptolemy/actor/lib/test/auto/SubscriptionAggregator2.xml
3 ms. Memory: 1043456K Free: 443639K (43%)
----------------- Invoking toplevel() on ptolemy.moml.MoMLSimpleApplication@7f16700e
----------------- Done invoking toplevel() on ptolemy.moml.MoMLSimpleApplication@7f16700e
reloadAllAccessors: .SubscriptionAggregator2
----------------- testing Thu May 10 14:47:40 UTC 2018 /home/travis/build/icyphy/ptII/ptolemy/actor/lib/test/auto/SubscriptionAggregator3.xml
----------------- Instantiating /home/travis/build/icyphy/ptII/ptolemy/actor/lib/test/auto/SubscriptionAggregator3.xml
3 ms. Memory: 1043456K Free: 422743K (41%)
----------------- Invoking toplevel() on ptolemy.moml.MoMLSimpleApplication@2dbef4d0
----------------- Done invoking toplevel() on ptolemy.moml.MoMLSimpleApplication@2dbef4d0
reloadAllAccessors: .SubscriptionAggregator3
----------------- testing Thu May 10 14:47:40 UTC 2018 /home/travis/build/icyphy/ptII/ptolemy/actor/lib/test/auto/SubscriptionAggregatorMultiply.xml
----------------- Instantiating /home/travis/build/icyphy/ptII/ptolemy/actor/lib/test/auto/SubscriptionAggregatorMultiply.xml
3 ms. Memory: 1043456K Free: 408071K (39%)
----------------- Invoking toplevel() on ptolemy.moml.MoMLSimpleApplication@5fe6df46
----------------- Done invoking toplevel() on ptolemy.moml.MoMLSimpleApplication@5fe6df46
reloadAllAccessors: .SubscriptionAggregatorMultiply
----------------- testing Thu May 10 14:47:40 UTC 2018 /home/travis/build/icyphy/ptII/ptolemy/actor/lib/test/auto/SubscriptionAggregatorPortMultiply1.xml
----------------- Instantiating /home/travis/build/icyphy/ptII/ptolemy/actor/lib/test/auto/SubscriptionAggregatorPortMultiply1.xml
5 ms. Memory: 1043456K Free: 393399K (38%)
----------------- Invoking toplevel() on ptolemy.moml.MoMLSimpleApplication@38912f1c
----------------- Done invoking toplevel() on ptolemy.moml.MoMLSimpleApplication@38912f1c
reloadAllAccessors: .SubscriptionAggregatorPortMultiply1
----------------- testing Thu May 10 14:47:40 UTC 2018 /home/travis/build/icyphy/ptII/ptolemy/actor/lib/test/auto/Switch.xml
----------------- Instantiating /home/travis/build/icyphy/ptII/ptolemy/actor/lib/test/auto/Switch.xml
5 ms. Memory: 1043456K Free: 341474K (33%)
----------------- Invoking toplevel() on ptolemy.moml.MoMLSimpleApplication@4dd33b11
----------------- Done invoking toplevel() on ptolemy.moml.MoMLSimpleApplication@4dd33b11
reloadAllAccessors: .Switch
----------------- testing Thu May 10 14:47:40 UTC 2018 /home/travis/build/icyphy/ptII/ptolemy/actor/lib/test/auto/Switch2.xml
----------------- Instantiating /home/travis/build/icyphy/ptII/ptolemy/actor/lib/test/auto/Switch2.xml
1 ms. Memory: 1043456K Free: 326802K (31%)
----------------- Invoking toplevel() on ptolemy.moml.MoMLSimpleApplication@22997df7
----------------- Done invoking toplevel() on ptolemy.moml.MoMLSimpleApplication@22997df7
reloadAllAccessors: .Switch2
----------------- testing Thu May 10 14:47:40 UTC 2018 /home/travis/build/icyphy/ptII/ptolemy/actor/lib/test/auto/SwitchDE.xml
----------------- Instantiating /home/travis/build/icyphy/ptII/ptolemy/actor/lib/test/auto/SwitchDE.xml
3 ms. Memory: 1043456K Free: 312130K (30%)
----------------- Invoking toplevel() on ptolemy.moml.MoMLSimpleApplication@5b2fc2d
----------------- Done invoking toplevel() on ptolemy.moml.MoMLSimpleApplication@5b2fc2d
reloadAllAccessors: .SwitchDE
----------------- testing Thu May 10 14:47:40 UTC 2018 /home/travis/build/icyphy/ptII/ptolemy/actor/lib/test/auto/SynchronizerDE.xml
----------------- Instantiating /home/travis/build/icyphy/ptII/ptolemy/actor/lib/test/auto/SynchronizerDE.xml
5 ms. Memory: 1043456K Free: 291233K (28%)
----------------- Invoking toplevel() on ptolemy.moml.MoMLSimpleApplication@dbe6428
----------------- Done invoking toplevel() on ptolemy.moml.MoMLSimpleApplication@dbe6428
reloadAllAccessors: .SynchronizerDE
----------------- testing Thu May 10 14:47:40 UTC 2018 /home/travis/build/icyphy/ptII/ptolemy/actor/lib/test/auto/Test.xml
----------------- Instantiating /home/travis/build/icyphy/ptII/ptolemy/actor/lib/test/auto/Test.xml
3 ms. Memory: 1043456K Free: 276561K (27%)
----------------- Invoking toplevel() on ptolemy.moml.MoMLSimpleApplication@15fa98cc
----------------- Done invoking toplevel() on ptolemy.moml.MoMLSimpleApplication@15fa98cc
reloadAllAccessors: .Test
----------------- testing Thu May 10 14:47:40 UTC 2018 /home/travis/build/icyphy/ptII/ptolemy/actor/lib/test/auto/TestExceptionAttribute1.xml
----------------- Instantiating /home/travis/build/icyphy/ptII/ptolemy/actor/lib/test/auto/TestExceptionAttribute1.xml
1 ms. Memory: 1043456K Free: 259636K (25%)
----------------- Invoking toplevel() on ptolemy.moml.MoMLSimpleApplication@5c18aee1
----------------- Done invoking toplevel() on ptolemy.moml.MoMLSimpleApplication@5c18aee1
reloadAllAccessors: .TestExceptionAttribute1
----------------- testing Thu May 10 14:47:40 UTC 2018 /home/travis/build/icyphy/ptII/ptolemy/actor/lib/test/auto/TestExceptionAttribute2.xml
----------------- Instantiating /home/travis/build/icyphy/ptII/ptolemy/actor/lib/test/auto/TestExceptionAttribute2.xml
1 ms. Memory: 1043456K Free: 244964K (23%)
----------------- Invoking toplevel() on ptolemy.moml.MoMLSimpleApplication@4509f79a
----------------- Done invoking toplevel() on ptolemy.moml.MoMLSimpleApplication@4509f79a
reloadAllAccessors: .TestExceptionAttribute2
----------------- testing Thu May 10 14:47:40 UTC 2018 /home/travis/build/icyphy/ptII/ptolemy/actor/lib/test/auto/TestExceptionAttribute3.xml
----------------- Instantiating /home/travis/build/icyphy/ptII/ptolemy/actor/lib/test/auto/TestExceptionAttribute3.xml
.TestExceptionAttribute3.TestExceptionAttribute: initialize() was not invoked, but wrapup() was.  This is unusual, but not always a problem.  For example, exporting JNLP will do this.
1 ms. Memory: 1043456K Free: 230292K (22%)
----------------- Invoking toplevel() on ptolemy.moml.MoMLSimpleApplication@5189d24e
----------------- Done invoking toplevel() on ptolemy.moml.MoMLSimpleApplication@5189d24e
reloadAllAccessors: .TestExceptionAttribute3
----------------- testing Thu May 10 14:47:40 UTC 2018 /home/travis/build/icyphy/ptII/ptolemy/actor/lib/test/auto/TestExceptionAttribute4.xml
----------------- Instantiating /home/travis/build/icyphy/ptII/ptolemy/actor/lib/test/auto/TestExceptionAttribute4.xml
.TestExceptionAttribute4.TestExceptionAttribute: initialize() was not invoked, but wrapup() was.  This is unusual, but not always a problem.  For example, exporting JNLP will do this.
.TestExceptionAttribute4.TestExceptionAttribute2: initialize() was not invoked, but wrapup() was.  This is unusual, but not always a problem.  For example, exporting JNLP will do this.
1 ms. Memory: 1043456K Free: 215620K (21%)
----------------- Invoking toplevel() on ptolemy.moml.MoMLSimpleApplication@ceffbe8
----------------- Done invoking toplevel() on ptolemy.moml.MoMLSimpleApplication@ceffbe8
reloadAllAccessors: .TestExceptionAttribute4
----------------- testing Thu May 10 14:47:40 UTC 2018 /home/travis/build/icyphy/ptII/ptolemy/actor/lib/test/auto/TestExceptionHandler1.xml
----------------- Instantiating /home/travis/build/icyphy/ptII/ptolemy/actor/lib/test/auto/TestExceptionHandler1.xml
2 ms. Memory: 1043456K Free: 200948K (19%)
----------------- Invoking toplevel() on ptolemy.moml.MoMLSimpleApplication@1cc709f4
----------------- Done invoking toplevel() on ptolemy.moml.MoMLSimpleApplication@1cc709f4
reloadAllAccessors: .TestExceptionHandler1
----------------- testing Thu May 10 14:47:40 UTC 2018 /home/travis/build/icyphy/ptII/ptolemy/actor/lib/test/auto/TestExceptionHandler2.xml
----------------- Instantiating /home/travis/build/icyphy/ptII/ptolemy/actor/lib/test/auto/TestExceptionHandler2.xml
1 ms. Memory: 1043456K Free: 186276K (18%)
----------------- Invoking toplevel() on ptolemy.moml.MoMLSimpleApplication@2e156b66
----------------- Done invoking toplevel() on ptolemy.moml.MoMLSimpleApplication@2e156b66
reloadAllAccessors: .TestExceptionHandler2
----------------- testing Thu May 10 14:47:41 UTC 2018 /home/travis/build/icyphy/ptII/ptolemy/actor/lib/test/auto/TestExceptionHandler3.xml
----------------- Instantiating /home/travis/build/icyphy/ptII/ptolemy/actor/lib/test/auto/TestExceptionHandler3.xml
0 ms. Memory: 1043456K Free: 171604K (16%)
----------------- Invoking toplevel() on ptolemy.moml.MoMLSimpleApplication@47818c91
----------------- Done invoking toplevel() on ptolemy.moml.MoMLSimpleApplication@47818c91
reloadAllAccessors: .TestExceptionHandler3
----------------- testing Thu May 10 14:47:41 UTC 2018 /home/travis/build/icyphy/ptII/ptolemy/actor/lib/test/auto/TestExceptionHandler4.xml
----------------- Instantiating /home/travis/build/icyphy/ptII/ptolemy/actor/lib/test/auto/TestExceptionHandler4.xml
1 ms. Memory: 1043456K Free: 156933K (15%)
----------------- Invoking toplevel() on ptolemy.moml.MoMLSimpleApplication@2fc4ff96
----------------- Done invoking toplevel() on ptolemy.moml.MoMLSimpleApplication@2fc4ff96
reloadAllAccessors: .TestExceptionHandler4
----------------- testing Thu May 10 14:47:41 UTC 2018 /home/travis/build/icyphy/ptII/ptolemy/actor/lib/test/auto/TestRequireCorrectOrder.xml
----------------- Instantiating /home/travis/build/icyphy/ptII/ptolemy/actor/lib/test/auto/TestRequireCorrectOrder.xml
3 ms. Memory: 1043456K Free: 142261K (14%)
----------------- Invoking toplevel() on ptolemy.moml.MoMLSimpleApplication@2087a96
----------------- Done invoking toplevel() on ptolemy.moml.MoMLSimpleApplication@2087a96
reloadAllAccessors: .TestRequireCorrectOrder
----------------- testing Thu May 10 14:47:41 UTC 2018 /home/travis/build/icyphy/ptII/ptolemy/actor/lib/test/auto/TestSimple.xml
----------------- Instantiating /home/travis/build/icyphy/ptII/ptolemy/actor/lib/test/auto/TestSimple.xml
1 ms. Memory: 1043456K Free: 125334K (12%)
----------------- Invoking toplevel() on ptolemy.moml.MoMLSimpleApplication@5981b115
----------------- Done invoking toplevel() on ptolemy.moml.MoMLSimpleApplication@5981b115
reloadAllAccessors: .TestSimple
----------------- testing Thu May 10 14:47:41 UTC 2018 /home/travis/build/icyphy/ptII/ptolemy/actor/lib/test/auto/ThrowModelError.xml
----------------- Instantiating /home/travis/build/icyphy/ptII/ptolemy/actor/lib/test/auto/ThrowModelError.xml
2 ms. Memory: 1043456K Free: 110662K (11%)
----------------- Invoking toplevel() on ptolemy.moml.MoMLSimpleApplication@576f3be6
----------------- Done invoking toplevel() on ptolemy.moml.MoMLSimpleApplication@576f3be6
reloadAllAccessors: .ThrowModelError
----------------- testing Thu May 10 14:47:41 UTC 2018 /home/travis/build/icyphy/ptII/ptolemy/actor/lib/test/auto/TimeDelayMicrosteps.xml
----------------- Instantiating /home/travis/build/icyphy/ptII/ptolemy/actor/lib/test/auto/TimeDelayMicrosteps.xml
4 ms. Memory: 1043456K Free: 95991K (9%)
----------------- Invoking toplevel() on ptolemy.moml.MoMLSimpleApplication@1a6fb883
----------------- Done invoking toplevel() on ptolemy.moml.MoMLSimpleApplication@1a6fb883
reloadAllAccessors: .TimeDelayMicrosteps
----------------- testing Thu May 10 14:47:41 UTC 2018 /home/travis/build/icyphy/ptII/ptolemy/actor/lib/test/auto/TimeDelayMicrosteps2.xml
----------------- Instantiating /home/travis/build/icyphy/ptII/ptolemy/actor/lib/test/auto/TimeDelayMicrosteps2.xml
5 ms. Memory: 1043456K Free: 81319K (8%)
----------------- Invoking toplevel() on ptolemy.moml.MoMLSimpleApplication@5b94f3c1
----------------- Done invoking toplevel() on ptolemy.moml.MoMLSimpleApplication@5b94f3c1
reloadAllAccessors: .TimeDelayMicrosteps2
----------------- testing Thu May 10 14:47:41 UTC 2018 /home/travis/build/icyphy/ptII/ptolemy/actor/lib/test/auto/TimeDelayMicrosteps3.xml
----------------- Instantiating /home/travis/build/icyphy/ptII/ptolemy/actor/lib/test/auto/TimeDelayMicrosteps3.xml
10 ms. Memory: 1075712K Free: 1032421K (96%)
----------------- Invoking toplevel() on ptolemy.moml.MoMLSimpleApplication@656ab5ac
----------------- Done invoking toplevel() on ptolemy.moml.MoMLSimpleApplication@656ab5ac
reloadAllAccessors: .TimeDelayMicrosteps3
----------------- testing Thu May 10 14:47:41 UTC 2018 /home/travis/build/icyphy/ptII/ptolemy/actor/lib/test/auto/TimeDelayVariableMicrosteps.xml
----------------- Instantiating /home/travis/build/icyphy/ptII/ptolemy/actor/lib/test/auto/TimeDelayVariableMicrosteps.xml
3 ms. Memory: 1075712K Free: 1014544K (94%)
----------------- Invoking toplevel() on ptolemy.moml.MoMLSimpleApplication@78b5f5eb
----------------- Done invoking toplevel() on ptolemy.moml.MoMLSimpleApplication@78b5f5eb
reloadAllAccessors: .TimeDelayVariableMicrosteps
----------------- testing Thu May 10 14:47:41 UTC 2018 /home/travis/build/icyphy/ptII/ptolemy/actor/lib/test/auto/TimeGap.xml
----------------- Instantiating /home/travis/build/icyphy/ptII/ptolemy/actor/lib/test/auto/TimeGap.xml
3 ms. Memory: 1075712K Free: 1002350K (93%)
----------------- Invoking toplevel() on ptolemy.moml.MoMLSimpleApplication@24ffcfac
----------------- Done invoking toplevel() on ptolemy.moml.MoMLSimpleApplication@24ffcfac
reloadAllAccessors: .TimeGap
----------------- testing Thu May 10 14:47:41 UTC 2018 /home/travis/build/icyphy/ptII/ptolemy/actor/lib/test/auto/TimeGap2.xml
----------------- Instantiating /home/travis/build/icyphy/ptII/ptolemy/actor/lib/test/auto/TimeGap2.xml
2 ms. Memory: 1075712K Free: 990157K (92%)
----------------- Invoking toplevel() on ptolemy.moml.MoMLSimpleApplication@32d3e4b8
----------------- Done invoking toplevel() on ptolemy.moml.MoMLSimpleApplication@32d3e4b8
reloadAllAccessors: .TimeGap2
----------------- testing Thu May 10 14:47:41 UTC 2018 /home/travis/build/icyphy/ptII/ptolemy/actor/lib/test/auto/TimedSinewave.xml
----------------- Instantiating /home/travis/build/icyphy/ptII/ptolemy/actor/lib/test/auto/TimedSinewave.xml
22 ms. Memory: 1075712K Free: 968168K (90%)
----------------- Invoking toplevel() on ptolemy.moml.MoMLSimpleApplication@1c797713
----------------- Done invoking toplevel() on ptolemy.moml.MoMLSimpleApplication@1c797713
reloadAllAccessors: .TimedSinewave
----------------- testing Thu May 10 14:47:41 UTC 2018 /home/travis/build/icyphy/ptII/ptolemy/actor/lib/test/auto/TimedSinewavePhase.xml
----------------- Instantiating /home/travis/build/icyphy/ptII/ptolemy/actor/lib/test/auto/TimedSinewavePhase.xml
17 ms. Memory: 1075712K Free: 951073K (88%)
----------------- Invoking toplevel() on ptolemy.moml.MoMLSimpleApplication@7b0b2acd
----------------- Done invoking toplevel() on ptolemy.moml.MoMLSimpleApplication@7b0b2acd
reloadAllAccessors: .TimedSinewavePhase
----------------- testing Thu May 10 14:47:41 UTC 2018 /home/travis/build/icyphy/ptII/ptolemy/actor/lib/test/auto/Timer.xml
----------------- Instantiating /home/travis/build/icyphy/ptII/ptolemy/actor/lib/test/auto/Timer.xml
2 ms. Memory: 1075712K Free: 938879K (87%)
----------------- Invoking toplevel() on ptolemy.moml.MoMLSimpleApplication@77cb253a
----------------- Done invoking toplevel() on ptolemy.moml.MoMLSimpleApplication@77cb253a
reloadAllAccessors: .Timer
----------------- testing Thu May 10 14:47:41 UTC 2018 /home/travis/build/icyphy/ptII/ptolemy/actor/lib/test/auto/TriangularDistTestModel.xml
----------------- Instantiating /home/travis/build/icyphy/ptII/ptolemy/actor/lib/test/auto/TriangularDistTestModel.xml
3 ms. Memory: 1075712K Free: 926686K (86%)
----------------- Invoking toplevel() on ptolemy.moml.MoMLSimpleApplication@5d34484a
----------------- Done invoking toplevel() on ptolemy.moml.MoMLSimpleApplication@5d34484a
reloadAllAccessors: .TriangularDistTestModel
----------------- testing Thu May 10 14:47:41 UTC 2018 /home/travis/build/icyphy/ptII/ptolemy/actor/lib/test/auto/TrigFunction.xml
----------------- Instantiating /home/travis/build/icyphy/ptII/ptolemy/actor/lib/test/auto/TrigFunction.xml
2 ms. Memory: 1075712K Free: 914493K (85%)
----------------- Invoking toplevel() on ptolemy.moml.MoMLSimpleApplication@14bf267a
----------------- Done invoking toplevel() on ptolemy.moml.MoMLSimpleApplication@14bf267a
reloadAllAccessors: .TrigFunction
----------------- testing Thu May 10 14:47:41 UTC 2018 /home/travis/build/icyphy/ptII/ptolemy/actor/lib/test/auto/TrigFunctionDE.xml
----------------- Instantiating /home/travis/build/icyphy/ptII/ptolemy/actor/lib/test/auto/TrigFunctionDE.xml
3 ms. Memory: 1075712K Free: 902300K (84%)
----------------- Invoking toplevel() on ptolemy.moml.MoMLSimpleApplication@493195b2
----------------- Done invoking toplevel() on ptolemy.moml.MoMLSimpleApplication@493195b2
reloadAllAccessors: .TrigFunctionDE
----------------- testing Thu May 10 14:47:41 UTC 2018 /home/travis/build/icyphy/ptII/ptolemy/actor/lib/test/auto/TrigFunctionInverse.xml
----------------- Instantiating /home/travis/build/icyphy/ptII/ptolemy/actor/lib/test/auto/TrigFunctionInverse.xml
2 ms. Memory: 1075712K Free: 890106K (83%)
----------------- Invoking toplevel() on ptolemy.moml.MoMLSimpleApplication@66a2136b
----------------- Done invoking toplevel() on ptolemy.moml.MoMLSimpleApplication@66a2136b
reloadAllAccessors: .TrigFunctionInverse
----------------- testing Thu May 10 14:47:41 UTC 2018 /home/travis/build/icyphy/ptII/ptolemy/actor/lib/test/auto/TrigFunctionTan.xml
----------------- Instantiating /home/travis/build/icyphy/ptII/ptolemy/actor/lib/test/auto/TrigFunctionTan.xml
2 ms. Memory: 1075712K Free: 877913K (82%)
----------------- Invoking toplevel() on ptolemy.moml.MoMLSimpleApplication@6234fe77
----------------- Done invoking toplevel() on ptolemy.moml.MoMLSimpleApplication@6234fe77
reloadAllAccessors: .TrigFunctionTan
----------------- testing Thu May 10 14:47:41 UTC 2018 /home/travis/build/icyphy/ptII/ptolemy/actor/lib/test/auto/TriggeredClock.xml
----------------- Instantiating /home/travis/build/icyphy/ptII/ptolemy/actor/lib/test/auto/TriggeredClock.xml
1 ms. Memory: 1075712K Free: 865720K (80%)
----------------- Invoking toplevel() on ptolemy.moml.MoMLSimpleApplication@64b1e21d
----------------- Done invoking toplevel() on ptolemy.moml.MoMLSimpleApplication@64b1e21d
reloadAllAccessors: .TriggeredClock
----------------- testing Thu May 10 14:47:41 UTC 2018 /home/travis/build/icyphy/ptII/ptolemy/actor/lib/test/auto/URLDirectoryReader.xml
----------------- Instantiating /home/travis/build/icyphy/ptII/ptolemy/actor/lib/test/auto/URLDirectoryReader.xml
46 ms. Memory: 1075712K Free: 848644K (79%)
----------------- Invoking toplevel() on ptolemy.moml.MoMLSimpleApplication@1cd1c472
----------------- Done invoking toplevel() on ptolemy.moml.MoMLSimpleApplication@1cd1c472
reloadAllAccessors: .URLDirectoryReader
----------------- testing Thu May 10 14:47:41 UTC 2018 /home/travis/build/icyphy/ptII/ptolemy/actor/lib/test/auto/URLDirectoryReader3.xml
----------------- Instantiating /home/travis/build/icyphy/ptII/ptolemy/actor/lib/test/auto/URLDirectoryReader3.xml
1223 ms. Memory: 1075712K Free: 797387K (74%)
----------------- Invoking toplevel() on ptolemy.moml.MoMLSimpleApplication@145e6a0c
----------------- Done invoking toplevel() on ptolemy.moml.MoMLSimpleApplication@145e6a0c
reloadAllAccessors: .URLDirectoryReader3
----------------- testing Thu May 10 14:47:43 UTC 2018 /home/travis/build/icyphy/ptII/ptolemy/actor/lib/test/auto/UnaryMathFunction.xml
----------------- Instantiating /home/travis/build/icyphy/ptII/ptolemy/actor/lib/test/auto/UnaryMathFunction.xml
9 ms. Memory: 1075712K Free: 780311K (73%)
----------------- Invoking toplevel() on ptolemy.moml.MoMLSimpleApplication@42262180
----------------- Done invoking toplevel() on ptolemy.moml.MoMLSimpleApplication@42262180
reloadAllAccessors: .UnaryMathFunction
----------------- testing Thu May 10 14:47:43 UTC 2018 /home/travis/build/icyphy/ptII/ptolemy/actor/lib/test/auto/Uniform.xml
----------------- Instantiating /home/travis/build/icyphy/ptII/ptolemy/actor/lib/test/auto/Uniform.xml
1 ms. Memory: 1075712K Free: 768118K (71%)
----------------- Invoking toplevel() on ptolemy.moml.MoMLSimpleApplication@4677c0aa
----------------- Done invoking toplevel() on ptolemy.moml.MoMLSimpleApplication@4677c0aa
reloadAllAccessors: .Uniform
----------------- testing Thu May 10 14:47:43 UTC 2018 /home/travis/build/icyphy/ptII/ptolemy/actor/lib/test/auto/UnionDisassemblerTest.xml
----------------- Instantiating /home/travis/build/icyphy/ptII/ptolemy/actor/lib/test/auto/UnionDisassemblerTest.xml
8 ms. Memory: 1075712K Free: 755925K (70%)
----------------- Invoking toplevel() on ptolemy.moml.MoMLSimpleApplication@5090c8c7
----------------- Done invoking toplevel() on ptolemy.moml.MoMLSimpleApplication@5090c8c7
reloadAllAccessors: .UnionDisassemblerTest
----------------- testing Thu May 10 14:47:43 UTC 2018 /home/travis/build/icyphy/ptII/ptolemy/actor/lib/test/auto/UtilityFunctions.xml
----------------- Instantiating /home/travis/build/icyphy/ptII/ptolemy/actor/lib/test/auto/UtilityFunctions.xml
1 ms. Memory: 1075712K Free: 743732K (69%)
----------------- Invoking toplevel() on ptolemy.moml.MoMLSimpleApplication@5b62a02f
----------------- Done invoking toplevel() on ptolemy.moml.MoMLSimpleApplication@5b62a02f
reloadAllAccessors: .UtilityFunctions
----------------- testing Thu May 10 14:47:43 UTC 2018 /home/travis/build/icyphy/ptII/ptolemy/actor/lib/test/auto/VariableSleep.xml
----------------- Instantiating /home/travis/build/icyphy/ptII/ptolemy/actor/lib/test/auto/VariableSleep.xml
502 ms. Memory: 1075712K Free: 731538K (68%)
----------------- Invoking toplevel() on ptolemy.moml.MoMLSimpleApplication@e114800
----------------- Done invoking toplevel() on ptolemy.moml.MoMLSimpleApplication@e114800
reloadAllAccessors: .VariableSleep
----------------- testing Thu May 10 14:47:43 UTC 2018 /home/travis/build/icyphy/ptII/ptolemy/actor/lib/test/auto/VectorAssemblerDisassemblerCT.xml
----------------- Instantiating /home/travis/build/icyphy/ptII/ptolemy/actor/lib/test/auto/VectorAssemblerDisassemblerCT.xml
95 ms. Memory: 1075712K Free: 699781K (65%)
----------------- Invoking toplevel() on ptolemy.moml.MoMLSimpleApplication@378da9ff
----------------- Done invoking toplevel() on ptolemy.moml.MoMLSimpleApplication@378da9ff
reloadAllAccessors: .VectorAssemblerDisassemblerCT
----------------- testing Thu May 10 14:47:43 UTC 2018 /home/travis/build/icyphy/ptII/ptolemy/actor/lib/test/auto/VectorAssemblerDisassemblerDE.xml
----------------- Instantiating /home/travis/build/icyphy/ptII/ptolemy/actor/lib/test/auto/VectorAssemblerDisassemblerDE.xml
4 ms. Memory: 1075712K Free: 687588K (64%)
----------------- Invoking toplevel() on ptolemy.moml.MoMLSimpleApplication@12c55f58
----------------- Done invoking toplevel() on ptolemy.moml.MoMLSimpleApplication@12c55f58
reloadAllAccessors: .VectorAssemblerDisassemblerDE
----------------- testing Thu May 10 14:47:43 UTC 2018 /home/travis/build/icyphy/ptII/ptolemy/actor/lib/test/auto/VectorAssemblerDisassemblerSDF.xml
----------------- Instantiating /home/travis/build/icyphy/ptII/ptolemy/actor/lib/test/auto/VectorAssemblerDisassemblerSDF.xml
3 ms. Memory: 1075712K Free: 675394K (63%)
----------------- Invoking toplevel() on ptolemy.moml.MoMLSimpleApplication@5aa13db0
----------------- Done invoking toplevel() on ptolemy.moml.MoMLSimpleApplication@5aa13db0
reloadAllAccessors: .VectorAssemblerDisassemblerSDF
----------------- testing Thu May 10 14:47:43 UTC 2018 /home/travis/build/icyphy/ptII/ptolemy/actor/lib/test/auto/WallClockTime.xml
----------------- Instantiating /home/travis/build/icyphy/ptII/ptolemy/actor/lib/test/auto/WallClockTime.xml
1004 ms. Memory: 1075712K Free: 663201K (62%)
----------------- Invoking toplevel() on ptolemy.moml.MoMLSimpleApplication@21e555d2
----------------- Done invoking toplevel() on ptolemy.moml.MoMLSimpleApplication@21e555d2
reloadAllAccessors: .WallClockTime
----------------- testing Thu May 10 14:47:44 UTC 2018 /home/travis/build/icyphy/ptII/ptolemy/actor/lib/test/auto/WidthTestWithSubscriberPublisher.xml
----------------- Instantiating /home/travis/build/icyphy/ptII/ptolemy/actor/lib/test/auto/WidthTestWithSubscriberPublisher.xml
13 ms. Memory: 1075712K Free: 636354K (59%)
----------------- Invoking toplevel() on ptolemy.moml.MoMLSimpleApplication@6ea598ec
----------------- Done invoking toplevel() on ptolemy.moml.MoMLSimpleApplication@6ea598ec
reloadAllAccessors: .WidthTestWithSubscriberPublisher
----------------- testing Thu May 10 14:47:45 UTC 2018 /home/travis/build/icyphy/ptII/ptolemy/actor/lib/test/auto/WidthTestWithSubscriberPublisher2.xml
----------------- Instantiating /home/travis/build/icyphy/ptII/ptolemy/actor/lib/test/auto/WidthTestWithSubscriberPublisher2.xml
3 ms. Memory: 1075712K Free: 624160K (58%)
----------------- Invoking toplevel() on ptolemy.moml.MoMLSimpleApplication@5e7ce836
----------------- Done invoking toplevel() on ptolemy.moml.MoMLSimpleApplication@5e7ce836
reloadAllAccessors: .WidthTestWithSubscriberPublisher2
----------------- testing Thu May 10 14:47:45 UTC 2018 /home/travis/build/icyphy/ptII/ptolemy/actor/lib/test/auto/WidthTestWithSubscriberPublisher3.xml
----------------- Instantiating /home/travis/build/icyphy/ptII/ptolemy/actor/lib/test/auto/WidthTestWithSubscriberPublisher3.xml
2 ms. Memory: 1075712K Free: 611967K (57%)
----------------- Invoking toplevel() on ptolemy.moml.MoMLSimpleApplication@486f1013
----------------- Done invoking toplevel() on ptolemy.moml.MoMLSimpleApplication@486f1013
reloadAllAccessors: .WidthTestWithSubscriberPublisher3
----------------- testing Thu May 10 14:47:45 UTC 2018 /home/travis/build/icyphy/ptII/ptolemy/actor/lib/test/auto/Writer.xml
----------------- Instantiating /home/travis/build/icyphy/ptII/ptolemy/actor/lib/test/auto/Writer.xml
0
1
2
3
4
2 ms. Memory: 1075712K Free: 599774K (56%)
----------------- Invoking toplevel() on ptolemy.moml.MoMLSimpleApplication@6fb97d7f
----------------- Done invoking toplevel() on ptolemy.moml.MoMLSimpleApplication@6fb97d7f
reloadAllAccessors: .Writer
----------------- testing Thu May 10 14:47:45 UTC 2018 /home/travis/build/icyphy/ptII/ptolemy/actor/lib/test/auto/array.xml
----------------- Instantiating /home/travis/build/icyphy/ptII/ptolemy/actor/lib/test/auto/array.xml
2 ms. Memory: 1075712K Free: 587581K (55%)
----------------- Invoking toplevel() on ptolemy.moml.MoMLSimpleApplication@1ac31a4f
----------------- Done invoking toplevel() on ptolemy.moml.MoMLSimpleApplication@1ac31a4f
reloadAllAccessors: .array
----------------- testing Thu May 10 14:47:45 UTC 2018 /home/travis/build/icyphy/ptII/ptolemy/actor/lib/test/auto/array2.xml
----------------- Instantiating /home/travis/build/icyphy/ptII/ptolemy/actor/lib/test/auto/array2.xml
9 ms. Memory: 1075712K Free: 572958K (53%)
----------------- Invoking toplevel() on ptolemy.moml.MoMLSimpleApplication@6dae65d3
----------------- Done invoking toplevel() on ptolemy.moml.MoMLSimpleApplication@6dae65d3
reloadAllAccessors: .array2
----------------- testing Thu May 10 14:47:45 UTC 2018 /home/travis/build/icyphy/ptII/ptolemy/actor/lib/test/auto/arrayType.xml
----------------- Instantiating /home/travis/build/icyphy/ptII/ptolemy/actor/lib/test/auto/arrayType.xml
2 ms. Memory: 1075712K Free: 560765K (52%)
----------------- Invoking toplevel() on ptolemy.moml.MoMLSimpleApplication@6290775a
----------------- Done invoking toplevel() on ptolemy.moml.MoMLSimpleApplication@6290775a
reloadAllAccessors: .arrayType
----------------- testing Thu May 10 14:47:45 UTC 2018 /home/travis/build/icyphy/ptII/ptolemy/actor/lib/test/auto/arrayType10.xml
----------------- Instantiating /home/travis/build/icyphy/ptII/ptolemy/actor/lib/test/auto/arrayType10.xml
2 ms. Memory: 1075712K Free: 548572K (51%)
----------------- Invoking toplevel() on ptolemy.moml.MoMLSimpleApplication@51583fa2
----------------- Done invoking toplevel() on ptolemy.moml.MoMLSimpleApplication@51583fa2
reloadAllAccessors: .arrayType10
----------------- testing Thu May 10 14:47:45 UTC 2018 /home/travis/build/icyphy/ptII/ptolemy/actor/lib/test/auto/arrayType11.xml
----------------- Instantiating /home/travis/build/icyphy/ptII/ptolemy/actor/lib/test/auto/arrayType11.xml
1 ms. Memory: 1075712K Free: 536379K (50%)
----------------- Invoking toplevel() on ptolemy.moml.MoMLSimpleApplication@692c3efd
----------------- Done invoking toplevel() on ptolemy.moml.MoMLSimpleApplication@692c3efd
reloadAllAccessors: .arrayType11
----------------- testing Thu May 10 14:47:45 UTC 2018 /home/travis/build/icyphy/ptII/ptolemy/actor/lib/test/auto/arrayType12.xml
----------------- Instantiating /home/travis/build/icyphy/ptII/ptolemy/actor/lib/test/auto/arrayType12.xml
2 ms. Memory: 1075712K Free: 524186K (49%)
----------------- Invoking toplevel() on ptolemy.moml.MoMLSimpleApplication@1a22a2bd
----------------- Done invoking toplevel() on ptolemy.moml.MoMLSimpleApplication@1a22a2bd
reloadAllAccessors: .arrayType12
----------------- testing Thu May 10 14:47:45 UTC 2018 /home/travis/build/icyphy/ptII/ptolemy/actor/lib/test/auto/arrayType13.xml
----------------- Instantiating /home/travis/build/icyphy/ptII/ptolemy/actor/lib/test/auto/arrayType13.xml
1 ms. Memory: 1075712K Free: 511992K (48%)
----------------- Invoking toplevel() on ptolemy.moml.MoMLSimpleApplication@7790c1a5
----------------- Done invoking toplevel() on ptolemy.moml.MoMLSimpleApplication@7790c1a5
reloadAllAccessors: .arrayType13
----------------- testing Thu May 10 14:47:45 UTC 2018 /home/travis/build/icyphy/ptII/ptolemy/actor/lib/test/auto/arrayType14.xml
----------------- Instantiating /home/travis/build/icyphy/ptII/ptolemy/actor/lib/test/auto/arrayType14.xml
2 ms. Memory: 1075712K Free: 499799K (46%)
----------------- Invoking toplevel() on ptolemy.moml.MoMLSimpleApplication@32e4cdd0
----------------- Done invoking toplevel() on ptolemy.moml.MoMLSimpleApplication@32e4cdd0
reloadAllAccessors: .arrayType14
----------------- testing Thu May 10 14:47:45 UTC 2018 /home/travis/build/icyphy/ptII/ptolemy/actor/lib/test/auto/arrayType15.xml
----------------- Instantiating /home/travis/build/icyphy/ptII/ptolemy/actor/lib/test/auto/arrayType15.xml
1 ms. Memory: 1075712K Free: 487606K (45%)
----------------- Invoking toplevel() on ptolemy.moml.MoMLSimpleApplication@546d948d
----------------- Done invoking toplevel() on ptolemy.moml.MoMLSimpleApplication@546d948d
reloadAllAccessors: .arrayType15
----------------- testing Thu May 10 14:47:45 UTC 2018 /home/travis/build/icyphy/ptII/ptolemy/actor/lib/test/auto/arrayType16.xml
----------------- Instantiating /home/travis/build/icyphy/ptII/ptolemy/actor/lib/test/auto/arrayType16.xml
1 ms. Memory: 1075712K Free: 475413K (44%)
----------------- Invoking toplevel() on ptolemy.moml.MoMLSimpleApplication@2bb83f2d
----------------- Done invoking toplevel() on ptolemy.moml.MoMLSimpleApplication@2bb83f2d
reloadAllAccessors: .arrayType16
----------------- testing Thu May 10 14:47:45 UTC 2018 /home/travis/build/icyphy/ptII/ptolemy/actor/lib/test/auto/arrayType17.xml
----------------- Instantiating /home/travis/build/icyphy/ptII/ptolemy/actor/lib/test/auto/arrayType17.xml
2 ms. Memory: 1075712K Free: 463219K (43%)
----------------- Invoking toplevel() on ptolemy.moml.MoMLSimpleApplication@200f3f93
----------------- Done invoking toplevel() on ptolemy.moml.MoMLSimpleApplication@200f3f93
reloadAllAccessors: .arrayType17
----------------- testing Thu May 10 14:47:45 UTC 2018 /home/travis/build/icyphy/ptII/ptolemy/actor/lib/test/auto/arrayType18.xml
----------------- Instantiating /home/travis/build/icyphy/ptII/ptolemy/actor/lib/test/auto/arrayType18.xml
2 ms. Memory: 1075712K Free: 451026K (42%)
----------------- Invoking toplevel() on ptolemy.moml.MoMLSimpleApplication@31d7c363
----------------- Done invoking toplevel() on ptolemy.moml.MoMLSimpleApplication@31d7c363
reloadAllAccessors: .arrayType18
----------------- testing Thu May 10 14:47:45 UTC 2018 /home/travis/build/icyphy/ptII/ptolemy/actor/lib/test/auto/arrayType19.xml
----------------- Instantiating /home/travis/build/icyphy/ptII/ptolemy/actor/lib/test/auto/arrayType19.xml
2 ms. Memory: 1075712K Free: 438833K (41%)
----------------- Invoking toplevel() on ptolemy.moml.MoMLSimpleApplication@40034879
----------------- Done invoking toplevel() on ptolemy.moml.MoMLSimpleApplication@40034879
reloadAllAccessors: .arrayType19
----------------- testing Thu May 10 14:47:45 UTC 2018 /home/travis/build/icyphy/ptII/ptolemy/actor/lib/test/auto/arrayType2.xml
----------------- Instantiating /home/travis/build/icyphy/ptII/ptolemy/actor/lib/test/auto/arrayType2.xml
1 ms. Memory: 1075712K Free: 426639K (40%)
----------------- Invoking toplevel() on ptolemy.moml.MoMLSimpleApplication@19dde7ea
----------------- Done invoking toplevel() on ptolemy.moml.MoMLSimpleApplication@19dde7ea
reloadAllAccessors: .arrayType2
----------------- testing Thu May 10 14:47:45 UTC 2018 /home/travis/build/icyphy/ptII/ptolemy/actor/lib/test/auto/arrayType20.xml
----------------- Instantiating /home/travis/build/icyphy/ptII/ptolemy/actor/lib/test/auto/arrayType20.xml
2 ms. Memory: 1075712K Free: 414446K (39%)
----------------- Invoking toplevel() on ptolemy.moml.MoMLSimpleApplication@68638c72
----------------- Done invoking toplevel() on ptolemy.moml.MoMLSimpleApplication@68638c72
reloadAllAccessors: .arrayType20
----------------- testing Thu May 10 14:47:45 UTC 2018 /home/travis/build/icyphy/ptII/ptolemy/actor/lib/test/auto/arrayType21.xml
----------------- Instantiating /home/travis/build/icyphy/ptII/ptolemy/actor/lib/test/auto/arrayType21.xml
2 ms. Memory: 1075712K Free: 402253K (37%)
----------------- Invoking toplevel() on ptolemy.moml.MoMLSimpleApplication@71192e9
----------------- Done invoking toplevel() on ptolemy.moml.MoMLSimpleApplication@71192e9
reloadAllAccessors: .arrayType21
----------------- testing Thu May 10 14:47:45 UTC 2018 /home/travis/build/icyphy/ptII/ptolemy/actor/lib/test/auto/arrayType22.xml
----------------- Instantiating /home/travis/build/icyphy/ptII/ptolemy/actor/lib/test/auto/arrayType22.xml
1 ms. Memory: 1075712K Free: 390059K (36%)
----------------- Invoking toplevel() on ptolemy.moml.MoMLSimpleApplication@66d8fbb
----------------- Done invoking toplevel() on ptolemy.moml.MoMLSimpleApplication@66d8fbb
reloadAllAccessors: .arrayType22
----------------- testing Thu May 10 14:47:45 UTC 2018 /home/travis/build/icyphy/ptII/ptolemy/actor/lib/test/auto/arrayType23.xml
----------------- Instantiating /home/travis/build/icyphy/ptII/ptolemy/actor/lib/test/auto/arrayType23.xml
1 ms. Memory: 1075712K Free: 377866K (35%)
----------------- Invoking toplevel() on ptolemy.moml.MoMLSimpleApplication@24cfbdc4
----------------- Done invoking toplevel() on ptolemy.moml.MoMLSimpleApplication@24cfbdc4
reloadAllAccessors: .arrayType23
----------------- testing Thu May 10 14:47:45 UTC 2018 /home/travis/build/icyphy/ptII/ptolemy/actor/lib/test/auto/arrayType24.xml
----------------- Instantiating /home/travis/build/icyphy/ptII/ptolemy/actor/lib/test/auto/arrayType24.xml
1 ms. Memory: 1075712K Free: 365673K (34%)
----------------- Invoking toplevel() on ptolemy.moml.MoMLSimpleApplication@3fa65134
----------------- Done invoking toplevel() on ptolemy.moml.MoMLSimpleApplication@3fa65134
reloadAllAccessors: .arrayType24
----------------- testing Thu May 10 14:47:45 UTC 2018 /home/travis/build/icyphy/ptII/ptolemy/actor/lib/test/auto/arrayType25.xml
----------------- Instantiating /home/travis/build/icyphy/ptII/ptolemy/actor/lib/test/auto/arrayType25.xml
1 ms. Memory: 1075712K Free: 353480K (33%)
----------------- Invoking toplevel() on ptolemy.moml.MoMLSimpleApplication@7cbea58
----------------- Done invoking toplevel() on ptolemy.moml.MoMLSimpleApplication@7cbea58
reloadAllAccessors: .arrayType25
----------------- testing Thu May 10 14:47:45 UTC 2018 /home/travis/build/icyphy/ptII/ptolemy/actor/lib/test/auto/arrayType26.xml
----------------- Instantiating /home/travis/build/icyphy/ptII/ptolemy/actor/lib/test/auto/arrayType26.xml
1 ms. Memory: 1075712K Free: 341286K (32%)
----------------- Invoking toplevel() on ptolemy.moml.MoMLSimpleApplication@219f981a
----------------- Done invoking toplevel() on ptolemy.moml.MoMLSimpleApplication@219f981a
reloadAllAccessors: .arrayType26
----------------- testing Thu May 10 14:47:45 UTC 2018 /home/travis/build/icyphy/ptII/ptolemy/actor/lib/test/auto/arrayType27.xml
----------------- Instantiating /home/travis/build/icyphy/ptII/ptolemy/actor/lib/test/auto/arrayType27.xml
1 ms. Memory: 1075712K Free: 326663K (30%)
----------------- Invoking toplevel() on ptolemy.moml.MoMLSimpleApplication@71e79d23
----------------- Done invoking toplevel() on ptolemy.moml.MoMLSimpleApplication@71e79d23
reloadAllAccessors: .arrayType27
----------------- testing Thu May 10 14:47:45 UTC 2018 /home/travis/build/icyphy/ptII/ptolemy/actor/lib/test/auto/arrayType28.xml
----------------- Instantiating /home/travis/build/icyphy/ptII/ptolemy/actor/lib/test/auto/arrayType28.xml
2 ms. Memory: 1075712K Free: 314470K (29%)
----------------- Invoking toplevel() on ptolemy.moml.MoMLSimpleApplication@5bb0b2ef
----------------- Done invoking toplevel() on ptolemy.moml.MoMLSimpleApplication@5bb0b2ef
reloadAllAccessors: .arrayType28
----------------- testing Thu May 10 14:47:45 UTC 2018 /home/travis/build/icyphy/ptII/ptolemy/actor/lib/test/auto/arrayType3.xml
----------------- Instantiating /home/travis/build/icyphy/ptII/ptolemy/actor/lib/test/auto/arrayType3.xml
2 ms. Memory: 1075712K Free: 302277K (28%)
----------------- Invoking toplevel() on ptolemy.moml.MoMLSimpleApplication@1fdbc418
----------------- Done invoking toplevel() on ptolemy.moml.MoMLSimpleApplication@1fdbc418
reloadAllAccessors: .arrayType3
----------------- testing Thu May 10 14:47:45 UTC 2018 /home/travis/build/icyphy/ptII/ptolemy/actor/lib/test/auto/arrayType4.xml
----------------- Instantiating /home/travis/build/icyphy/ptII/ptolemy/actor/lib/test/auto/arrayType4.xml
2 ms. Memory: 1075712K Free: 290083K (27%)
----------------- Invoking toplevel() on ptolemy.moml.MoMLSimpleApplication@3819b699
----------------- Done invoking toplevel() on ptolemy.moml.MoMLSimpleApplication@3819b699
reloadAllAccessors: .arrayType4
----------------- testing Thu May 10 14:47:45 UTC 2018 /home/travis/build/icyphy/ptII/ptolemy/actor/lib/test/auto/arrayType5.xml
----------------- Instantiating /home/travis/build/icyphy/ptII/ptolemy/actor/lib/test/auto/arrayType5.xml
2 ms. Memory: 1075712K Free: 277890K (26%)
----------------- Invoking toplevel() on ptolemy.moml.MoMLSimpleApplication@78664801
----------------- Done invoking toplevel() on ptolemy.moml.MoMLSimpleApplication@78664801
reloadAllAccessors: .arrayType5
----------------- testing Thu May 10 14:47:45 UTC 2018 /home/travis/build/icyphy/ptII/ptolemy/actor/lib/test/auto/arrayType6.xml
----------------- Instantiating /home/travis/build/icyphy/ptII/ptolemy/actor/lib/test/auto/arrayType6.xml
1 ms. Memory: 1075712K Free: 265697K (25%)
----------------- Invoking toplevel() on ptolemy.moml.MoMLSimpleApplication@1210a38a
----------------- Done invoking toplevel() on ptolemy.moml.MoMLSimpleApplication@1210a38a
reloadAllAccessors: .arrayType6
----------------- testing Thu May 10 14:47:45 UTC 2018 /home/travis/build/icyphy/ptII/ptolemy/actor/lib/test/auto/arrayType7.xml
----------------- Instantiating /home/travis/build/icyphy/ptII/ptolemy/actor/lib/test/auto/arrayType7.xml
2 ms. Memory: 1075712K Free: 253503K (24%)
----------------- Invoking toplevel() on ptolemy.moml.MoMLSimpleApplication@68ecf54b
----------------- Done invoking toplevel() on ptolemy.moml.MoMLSimpleApplication@68ecf54b
reloadAllAccessors: .arrayType7
----------------- testing Thu May 10 14:47:45 UTC 2018 /home/travis/build/icyphy/ptII/ptolemy/actor/lib/test/auto/arrayType8.xml
----------------- Instantiating /home/travis/build/icyphy/ptII/ptolemy/actor/lib/test/auto/arrayType8.xml
2 ms. Memory: 1075712K Free: 241310K (22%)
----------------- Invoking toplevel() on ptolemy.moml.MoMLSimpleApplication@1f99411d
----------------- Done invoking toplevel() on ptolemy.moml.MoMLSimpleApplication@1f99411d
reloadAllAccessors: .arrayType8
----------------- testing Thu May 10 14:47:45 UTC 2018 /home/travis/build/icyphy/ptII/ptolemy/actor/lib/test/auto/arrayType9.xml
----------------- Instantiating /home/travis/build/icyphy/ptII/ptolemy/actor/lib/test/auto/arrayType9.xml
1 ms. Memory: 1075712K Free: 229117K (21%)
----------------- Invoking toplevel() on ptolemy.moml.MoMLSimpleApplication@953a7bc
----------------- Done invoking toplevel() on ptolemy.moml.MoMLSimpleApplication@953a7bc
reloadAllAccessors: .arrayType9
----------------- testing Thu May 10 14:47:45 UTC 2018 /home/travis/build/icyphy/ptII/ptolemy/actor/lib/test/auto/cast.xml
----------------- Instantiating /home/travis/build/icyphy/ptII/ptolemy/actor/lib/test/auto/cast.xml
2 ms. Memory: 1075712K Free: 216924K (20%)
----------------- Invoking toplevel() on ptolemy.moml.MoMLSimpleApplication@eb59ef1
----------------- Done invoking toplevel() on ptolemy.moml.MoMLSimpleApplication@eb59ef1
reloadAllAccessors: .cast
----------------- testing Thu May 10 14:47:45 UTC 2018 /home/travis/build/icyphy/ptII/ptolemy/actor/lib/test/auto/compositeMultiPort.xml
----------------- Instantiating /home/travis/build/icyphy/ptII/ptolemy/actor/lib/test/auto/compositeMultiPort.xml
4 ms. Memory: 1075712K Free: 199832K (19%)
----------------- Invoking toplevel() on ptolemy.moml.MoMLSimpleApplication@1fc5e5fa
----------------- Done invoking toplevel() on ptolemy.moml.MoMLSimpleApplication@1fc5e5fa
reloadAllAccessors: .compositeMultiPort
----------------- testing Thu May 10 14:47:45 UTC 2018 /home/travis/build/icyphy/ptII/ptolemy/actor/lib/test/auto/expressionCastInference.xml
----------------- Instantiating /home/travis/build/icyphy/ptII/ptolemy/actor/lib/test/auto/expressionCastInference.xml
3 ms. Memory: 1075712K Free: 187639K (17%)
----------------- Invoking toplevel() on ptolemy.moml.MoMLSimpleApplication@115e0370
----------------- Done invoking toplevel() on ptolemy.moml.MoMLSimpleApplication@115e0370
reloadAllAccessors: .expressionCastInference
----------------- testing Thu May 10 14:47:45 UTC 2018 /home/travis/build/icyphy/ptII/ptolemy/actor/lib/test/auto/expressionCastInference2.xml
----------------- Instantiating /home/travis/build/icyphy/ptII/ptolemy/actor/lib/test/auto/expressionCastInference2.xml
2 ms. Memory: 1075712K Free: 175445K (16%)
----------------- Invoking toplevel() on ptolemy.moml.MoMLSimpleApplication@25a88ca0
----------------- Done invoking toplevel() on ptolemy.moml.MoMLSimpleApplication@25a88ca0
reloadAllAccessors: .expressionCastInference2
----------------- testing Thu May 10 14:47:45 UTC 2018 /home/travis/build/icyphy/ptII/ptolemy/actor/lib/test/auto/expressionInference.xml
----------------- Instantiating /home/travis/build/icyphy/ptII/ptolemy/actor/lib/test/auto/expressionInference.xml
2 ms. Memory: 1075712K Free: 163252K (15%)
----------------- Invoking toplevel() on ptolemy.moml.MoMLSimpleApplication@191ea4bd
----------------- Done invoking toplevel() on ptolemy.moml.MoMLSimpleApplication@191ea4bd
reloadAllAccessors: .expressionInference
----------------- testing Thu May 10 14:47:45 UTC 2018 /home/travis/build/icyphy/ptII/ptolemy/actor/lib/test/auto/expression_bug.xml
----------------- Instantiating /home/travis/build/icyphy/ptII/ptolemy/actor/lib/test/auto/expression_bug.xml
2 ms. Memory: 1075712K Free: 151059K (14%)
----------------- Invoking toplevel() on ptolemy.moml.MoMLSimpleApplication@326ca12c
----------------- Done invoking toplevel() on ptolemy.moml.MoMLSimpleApplication@326ca12c
reloadAllAccessors: .expression_bug
----------------- testing Thu May 10 14:47:45 UTC 2018 /home/travis/build/icyphy/ptII/ptolemy/actor/lib/test/auto/factorial.xml
----------------- Instantiating /home/travis/build/icyphy/ptII/ptolemy/actor/lib/test/auto/factorial.xml
40 ms. Memory: 1075712K Free: 138865K (13%)
----------------- Invoking toplevel() on ptolemy.moml.MoMLSimpleApplication@3c643cb8
----------------- Done invoking toplevel() on ptolemy.moml.MoMLSimpleApplication@3c643cb8
reloadAllAccessors: .factorial
----------------- testing Thu May 10 14:47:45 UTC 2018 /home/travis/build/icyphy/ptII/ptolemy/actor/lib/test/auto/filterTest1.xml
----------------- Instantiating /home/travis/build/icyphy/ptII/ptolemy/actor/lib/test/auto/filterTest1.xml
4 ms. Memory: 1075712K Free: 126672K (12%)
----------------- Invoking toplevel() on ptolemy.moml.MoMLSimpleApplication@9b95492
----------------- Done invoking toplevel() on ptolemy.moml.MoMLSimpleApplication@9b95492
reloadAllAccessors: .filterTest1
----------------- testing Thu May 10 14:47:45 UTC 2018 /home/travis/build/icyphy/ptII/ptolemy/actor/lib/test/auto/funcApplyInConst.xml
----------------- Instantiating /home/travis/build/icyphy/ptII/ptolemy/actor/lib/test/auto/funcApplyInConst.xml
1 ms. Memory: 1075712K Free: 112050K (10%)
----------------- Invoking toplevel() on ptolemy.moml.MoMLSimpleApplication@25b11212
----------------- Done invoking toplevel() on ptolemy.moml.MoMLSimpleApplication@25b11212
reloadAllAccessors: .funcApplyInConst
----------------- testing Thu May 10 14:47:45 UTC 2018 /home/travis/build/icyphy/ptII/ptolemy/actor/lib/test/auto/funcApplyInExpr.xml
----------------- Instantiating /home/travis/build/icyphy/ptII/ptolemy/actor/lib/test/auto/funcApplyInExpr.xml
2 ms. Memory: 1075712K Free: 99856K (9%)
----------------- Invoking toplevel() on ptolemy.moml.MoMLSimpleApplication@66e38b94
----------------- Done invoking toplevel() on ptolemy.moml.MoMLSimpleApplication@66e38b94
reloadAllAccessors: .funcApplyInExpr
----------------- testing Thu May 10 14:47:45 UTC 2018 /home/travis/build/icyphy/ptII/ptolemy/actor/lib/test/auto/function.xml
----------------- Instantiating /home/travis/build/icyphy/ptII/ptolemy/actor/lib/test/auto/function.xml
3 ms. Memory: 1075712K Free: 87663K (8%)
----------------- Invoking toplevel() on ptolemy.moml.MoMLSimpleApplication@4dfb14b0
----------------- Done invoking toplevel() on ptolemy.moml.MoMLSimpleApplication@4dfb14b0
reloadAllAccessors: .function
----------------- testing Thu May 10 14:47:45 UTC 2018 /home/travis/build/icyphy/ptII/ptolemy/actor/lib/test/auto/function2.xml
----------------- Instantiating /home/travis/build/icyphy/ptII/ptolemy/actor/lib/test/auto/function2.xml
2 ms. Memory: 1075712K Free: 75470K (7%)
----------------- Invoking toplevel() on ptolemy.moml.MoMLSimpleApplication@2df8b0b3
----------------- Done invoking toplevel() on ptolemy.moml.MoMLSimpleApplication@2df8b0b3
reloadAllAccessors: .function2
----------------- testing Thu May 10 14:47:45 UTC 2018 /home/travis/build/icyphy/ptII/ptolemy/actor/lib/test/auto/function3.xml
----------------- Instantiating /home/travis/build/icyphy/ptII/ptolemy/actor/lib/test/auto/function3.xml
2 ms. Memory: 1075712K Free: 63276K (6%)
----------------- Invoking toplevel() on ptolemy.moml.MoMLSimpleApplication@22f5a9c1
----------------- Done invoking toplevel() on ptolemy.moml.MoMLSimpleApplication@22f5a9c1
reloadAllAccessors: .function3
----------------- testing Thu May 10 14:47:45 UTC 2018 /home/travis/build/icyphy/ptII/ptolemy/actor/lib/test/auto/functionClosureTest1.xml
----------------- Instantiating /home/travis/build/icyphy/ptII/ptolemy/actor/lib/test/auto/functionClosureTest1.xml
2 ms. Memory: 1086976K Free: 1031241K (95%)
----------------- Invoking toplevel() on ptolemy.moml.MoMLSimpleApplication@c9e2519
----------------- Done invoking toplevel() on ptolemy.moml.MoMLSimpleApplication@c9e2519
reloadAllAccessors: .functionClosureTest1
----------------- testing Thu May 10 14:47:45 UTC 2018 /home/travis/build/icyphy/ptII/ptolemy/actor/lib/test/auto/functionClosureTest2.xml
----------------- Instantiating /home/travis/build/icyphy/ptII/ptolemy/actor/lib/test/auto/functionClosureTest2.xml
1 ms. Memory: 1086976K Free: 1018633K (94%)
----------------- Invoking toplevel() on ptolemy.moml.MoMLSimpleApplication@b3d812c
----------------- Done invoking toplevel() on ptolemy.moml.MoMLSimpleApplication@b3d812c
reloadAllAccessors: .functionClosureTest2
----------------- testing Thu May 10 14:47:45 UTC 2018 /home/travis/build/icyphy/ptII/ptolemy/actor/lib/test/auto/functionClosureTest3.xml
----------------- Instantiating /home/travis/build/icyphy/ptII/ptolemy/actor/lib/test/auto/functionClosureTest3.xml
2 ms. Memory: 1086976K Free: 1006025K (93%)
----------------- Invoking toplevel() on ptolemy.moml.MoMLSimpleApplication@49afb0ee
----------------- Done invoking toplevel() on ptolemy.moml.MoMLSimpleApplication@49afb0ee
reloadAllAccessors: .functionClosureTest3
----------------- testing Thu May 10 14:47:45 UTC 2018 /home/travis/build/icyphy/ptII/ptolemy/actor/lib/test/auto/functionClosureTest4.xml
----------------- Instantiating /home/travis/build/icyphy/ptII/ptolemy/actor/lib/test/auto/functionClosureTest4.xml
2 ms. Memory: 1086976K Free: 993416K (91%)
----------------- Invoking toplevel() on ptolemy.moml.MoMLSimpleApplication@1cd7ee5e
----------------- Done invoking toplevel() on ptolemy.moml.MoMLSimpleApplication@1cd7ee5e
reloadAllAccessors: .functionClosureTest4
----------------- testing Thu May 10 14:47:45 UTC 2018 /home/travis/build/icyphy/ptII/ptolemy/actor/lib/test/auto/functionClosureTest5.xml
----------------- Instantiating /home/travis/build/icyphy/ptII/ptolemy/actor/lib/test/auto/functionClosureTest5.xml
3 ms. Memory: 1086976K Free: 980808K (90%)
----------------- Invoking toplevel() on ptolemy.moml.MoMLSimpleApplication@72a6b767
----------------- Done invoking toplevel() on ptolemy.moml.MoMLSimpleApplication@72a6b767
reloadAllAccessors: .functionClosureTest5
----------------- testing Thu May 10 14:47:45 UTC 2018 /home/travis/build/icyphy/ptII/ptolemy/actor/lib/test/auto/functionClosureTest6.xml
----------------- Instantiating /home/travis/build/icyphy/ptII/ptolemy/actor/lib/test/auto/functionClosureTest6.xml
3 ms. Memory: 1086976K Free: 968199K (89%)
----------------- Invoking toplevel() on ptolemy.moml.MoMLSimpleApplication@577ff469
----------------- Done invoking toplevel() on ptolemy.moml.MoMLSimpleApplication@577ff469
reloadAllAccessors: .functionClosureTest6
----------------- testing Thu May 10 14:47:45 UTC 2018 /home/travis/build/icyphy/ptII/ptolemy/actor/lib/test/auto/functionsOnArcs.xml
----------------- Instantiating /home/travis/build/icyphy/ptII/ptolemy/actor/lib/test/auto/functionsOnArcs.xml
3 ms. Memory: 1086976K Free: 955590K (88%)
----------------- Invoking toplevel() on ptolemy.moml.MoMLSimpleApplication@29bcac1c
----------------- Done invoking toplevel() on ptolemy.moml.MoMLSimpleApplication@29bcac1c
reloadAllAccessors: .functionsOnArcs
----------------- testing Thu May 10 14:47:46 UTC 2018 /home/travis/build/icyphy/ptII/ptolemy/actor/lib/test/auto/functionsOnArcsHOF.xml
----------------- Instantiating /home/travis/build/icyphy/ptII/ptolemy/actor/lib/test/auto/functionsOnArcsHOF.xml
3 ms. Memory: 1086976K Free: 942982K (87%)
----------------- Invoking toplevel() on ptolemy.moml.MoMLSimpleApplication@2ea9f2c7
----------------- Done invoking toplevel() on ptolemy.moml.MoMLSimpleApplication@2ea9f2c7
reloadAllAccessors: .functionsOnArcsHOF
----------------- testing Thu May 10 14:47:46 UTC 2018 /home/travis/build/icyphy/ptII/ptolemy/actor/lib/test/auto/logic.xml
----------------- Instantiating /home/travis/build/icyphy/ptII/ptolemy/actor/lib/test/auto/logic.xml
2 ms. Memory: 1086976K Free: 925476K (85%)
----------------- Invoking toplevel() on ptolemy.moml.MoMLSimpleApplication@6b9dce6b
----------------- Done invoking toplevel() on ptolemy.moml.MoMLSimpleApplication@6b9dce6b
reloadAllAccessors: .logic
----------------- testing Thu May 10 14:47:46 UTC 2018 /home/travis/build/icyphy/ptII/ptolemy/actor/lib/test/auto/matrixType.xml
----------------- Instantiating /home/travis/build/icyphy/ptII/ptolemy/actor/lib/test/auto/matrixType.xml
2 ms. Memory: 1086976K Free: 912867K (84%)
----------------- Invoking toplevel() on ptolemy.moml.MoMLSimpleApplication@28040f6e
----------------- Done invoking toplevel() on ptolemy.moml.MoMLSimpleApplication@28040f6e
reloadAllAccessors: .matrixType
----------------- testing Thu May 10 14:47:46 UTC 2018 /home/travis/build/icyphy/ptII/ptolemy/actor/lib/test/auto/matrixType10.xml
----------------- Instantiating /home/travis/build/icyphy/ptII/ptolemy/actor/lib/test/auto/matrixType10.xml
1 ms. Memory: 1086976K Free: 900259K (83%)
----------------- Invoking toplevel() on ptolemy.moml.MoMLSimpleApplication@7c2163fa
----------------- Done invoking toplevel() on ptolemy.moml.MoMLSimpleApplication@7c2163fa
reloadAllAccessors: .matrixType10
----------------- testing Thu May 10 14:47:46 UTC 2018 /home/travis/build/icyphy/ptII/ptolemy/actor/lib/test/auto/matrixType11.xml
----------------- Instantiating /home/travis/build/icyphy/ptII/ptolemy/actor/lib/test/auto/matrixType11.xml
2 ms. Memory: 1086976K Free: 887650K (82%)
----------------- Invoking toplevel() on ptolemy.moml.MoMLSimpleApplication@445d8874
----------------- Done invoking toplevel() on ptolemy.moml.MoMLSimpleApplication@445d8874
reloadAllAccessors: .matrixType11
----------------- testing Thu May 10 14:47:46 UTC 2018 /home/travis/build/icyphy/ptII/ptolemy/actor/lib/test/auto/matrixType12.xml
----------------- Instantiating /home/travis/build/icyphy/ptII/ptolemy/actor/lib/test/auto/matrixType12.xml
2 ms. Memory: 1086976K Free: 877883K (81%)
----------------- Invoking toplevel() on ptolemy.moml.MoMLSimpleApplication@6f09cbe7
----------------- Done invoking toplevel() on ptolemy.moml.MoMLSimpleApplication@6f09cbe7
reloadAllAccessors: .matrixType12
----------------- testing Thu May 10 14:47:46 UTC 2018 /home/travis/build/icyphy/ptII/ptolemy/actor/lib/test/auto/matrixType13.xml
----------------- Instantiating /home/travis/build/icyphy/ptII/ptolemy/actor/lib/test/auto/matrixType13.xml
2 ms. Memory: 1086976K Free: 865275K (80%)
----------------- Invoking toplevel() on ptolemy.moml.MoMLSimpleApplication@1a87876f
----------------- Done invoking toplevel() on ptolemy.moml.MoMLSimpleApplication@1a87876f
reloadAllAccessors: .matrixType13
----------------- testing Thu May 10 14:47:46 UTC 2018 /home/travis/build/icyphy/ptII/ptolemy/actor/lib/test/auto/matrixType14.xml
----------------- Instantiating /home/travis/build/icyphy/ptII/ptolemy/actor/lib/test/auto/matrixType14.xml
2 ms. Memory: 1086976K Free: 852666K (78%)
----------------- Invoking toplevel() on ptolemy.moml.MoMLSimpleApplication@63e92898
----------------- Done invoking toplevel() on ptolemy.moml.MoMLSimpleApplication@63e92898
reloadAllAccessors: .matrixType14
----------------- testing Thu May 10 14:47:46 UTC 2018 /home/travis/build/icyphy/ptII/ptolemy/actor/lib/test/auto/matrixType2.xml
----------------- Instantiating /home/travis/build/icyphy/ptII/ptolemy/actor/lib/test/auto/matrixType2.xml
2 ms. Memory: 1086976K Free: 840058K (77%)
----------------- Invoking toplevel() on ptolemy.moml.MoMLSimpleApplication@1d3f7260
----------------- Done invoking toplevel() on ptolemy.moml.MoMLSimpleApplication@1d3f7260
reloadAllAccessors: .matrixType2
----------------- testing Thu May 10 14:47:46 UTC 2018 /home/travis/build/icyphy/ptII/ptolemy/actor/lib/test/auto/matrixType3.xml
----------------- Instantiating /home/travis/build/icyphy/ptII/ptolemy/actor/lib/test/auto/matrixType3.xml
1 ms. Memory: 1086976K Free: 827449K (76%)
----------------- Invoking toplevel() on ptolemy.moml.MoMLSimpleApplication@2d947b2f
----------------- Done invoking toplevel() on ptolemy.moml.MoMLSimpleApplication@2d947b2f
reloadAllAccessors: .matrixType3
----------------- testing Thu May 10 14:47:46 UTC 2018 /home/travis/build/icyphy/ptII/ptolemy/actor/lib/test/auto/matrixType4.xml
----------------- Instantiating /home/travis/build/icyphy/ptII/ptolemy/actor/lib/test/auto/matrixType4.xml
2 ms. Memory: 1086976K Free: 814841K (75%)
----------------- Invoking toplevel() on ptolemy.moml.MoMLSimpleApplication@5464fa72
----------------- Done invoking toplevel() on ptolemy.moml.MoMLSimpleApplication@5464fa72
reloadAllAccessors: .matrixType4
----------------- testing Thu May 10 14:47:46 UTC 2018 /home/travis/build/icyphy/ptII/ptolemy/actor/lib/test/auto/matrixType5.xml
----------------- Instantiating /home/travis/build/icyphy/ptII/ptolemy/actor/lib/test/auto/matrixType5.xml
1 ms. Memory: 1086976K Free: 802232K (74%)
----------------- Invoking toplevel() on ptolemy.moml.MoMLSimpleApplication@64ff6108
----------------- Done invoking toplevel() on ptolemy.moml.MoMLSimpleApplication@64ff6108
reloadAllAccessors: .matrixType5
----------------- testing Thu May 10 14:47:46 UTC 2018 /home/travis/build/icyphy/ptII/ptolemy/actor/lib/test/auto/matrixType6.xml
----------------- Instantiating /home/travis/build/icyphy/ptII/ptolemy/actor/lib/test/auto/matrixType6.xml
1 ms. Memory: 1086976K Free: 789624K (73%)
----------------- Invoking toplevel() on ptolemy.moml.MoMLSimpleApplication@3f383d39
----------------- Done invoking toplevel() on ptolemy.moml.MoMLSimpleApplication@3f383d39
reloadAllAccessors: .matrixType6
----------------- testing Thu May 10 14:47:46 UTC 2018 /home/travis/build/icyphy/ptII/ptolemy/actor/lib/test/auto/matrixType7.xml
----------------- Instantiating /home/travis/build/icyphy/ptII/ptolemy/actor/lib/test/auto/matrixType7.xml
2 ms. Memory: 1086976K Free: 777015K (71%)
----------------- Invoking toplevel() on ptolemy.moml.MoMLSimpleApplication@7527371e
----------------- Done invoking toplevel() on ptolemy.moml.MoMLSimpleApplication@7527371e
reloadAllAccessors: .matrixType7
----------------- testing Thu May 10 14:47:46 UTC 2018 /home/travis/build/icyphy/ptII/ptolemy/actor/lib/test/auto/matrixType8.xml
----------------- Instantiating /home/travis/build/icyphy/ptII/ptolemy/actor/lib/test/auto/matrixType8.xml
1 ms. Memory: 1086976K Free: 764407K (70%)
----------------- Invoking toplevel() on ptolemy.moml.MoMLSimpleApplication@7d1e1d09
----------------- Done invoking toplevel() on ptolemy.moml.MoMLSimpleApplication@7d1e1d09
reloadAllAccessors: .matrixType8
----------------- testing Thu May 10 14:47:46 UTC 2018 /home/travis/build/icyphy/ptII/ptolemy/actor/lib/test/auto/matrixType9.xml
----------------- Instantiating /home/travis/build/icyphy/ptII/ptolemy/actor/lib/test/auto/matrixType9.xml
2 ms. Memory: 1086976K Free: 751798K (69%)
----------------- Invoking toplevel() on ptolemy.moml.MoMLSimpleApplication@457d7bb4
----------------- Done invoking toplevel() on ptolemy.moml.MoMLSimpleApplication@457d7bb4
reloadAllAccessors: .matrixType9
----------------- testing Thu May 10 14:47:46 UTC 2018 /home/travis/build/icyphy/ptII/ptolemy/actor/lib/test/auto/paraFunctest.xml
----------------- Instantiating /home/travis/build/icyphy/ptII/ptolemy/actor/lib/test/auto/paraFunctest.xml
2 ms. Memory: 1086976K Free: 739190K (68%)
----------------- Invoking toplevel() on ptolemy.moml.MoMLSimpleApplication@3e015003
----------------- Done invoking toplevel() on ptolemy.moml.MoMLSimpleApplication@3e015003
reloadAllAccessors: .paraFunctest
----------------- testing Thu May 10 14:47:46 UTC 2018 /home/travis/build/icyphy/ptII/ptolemy/actor/lib/test/auto/paraFunctest2.xml
----------------- Instantiating /home/travis/build/icyphy/ptII/ptolemy/actor/lib/test/auto/paraFunctest2.xml
1 ms. Memory: 1086976K Free: 726581K (67%)
----------------- Invoking toplevel() on ptolemy.moml.MoMLSimpleApplication@6d43347b
----------------- Done invoking toplevel() on ptolemy.moml.MoMLSimpleApplication@6d43347b
reloadAllAccessors: .paraFunctest2
----------------- testing Thu May 10 14:47:46 UTC 2018 /home/travis/build/icyphy/ptII/ptolemy/actor/lib/test/auto/parameterPassing.xml
----------------- Instantiating /home/travis/build/icyphy/ptII/ptolemy/actor/lib/test/auto/parameterPassing.xml
1 ms. Memory: 1086976K Free: 716818K (66%)
----------------- Invoking toplevel() on ptolemy.moml.MoMLSimpleApplication@127238ad
----------------- Done invoking toplevel() on ptolemy.moml.MoMLSimpleApplication@127238ad
reloadAllAccessors: .parameterPassing
----------------- testing Thu May 10 14:47:46 UTC 2018 /home/travis/build/icyphy/ptII/ptolemy/actor/lib/test/auto/record.xml
----------------- Instantiating /home/travis/build/icyphy/ptII/ptolemy/actor/lib/test/auto/record.xml
2 ms. Memory: 1086976K Free: 704209K (65%)
----------------- Invoking toplevel() on ptolemy.moml.MoMLSimpleApplication@456001b7
----------------- Done invoking toplevel() on ptolemy.moml.MoMLSimpleApplication@456001b7
reloadAllAccessors: .record
----------------- testing Thu May 10 14:47:46 UTC 2018 /home/travis/build/icyphy/ptII/ptolemy/actor/lib/test/auto/sizedarray1.xml
----------------- Instantiating /home/travis/build/icyphy/ptII/ptolemy/actor/lib/test/auto/sizedarray1.xml
2 ms. Memory: 1086976K Free: 691601K (64%)
----------------- Invoking toplevel() on ptolemy.moml.MoMLSimpleApplication@711357a3
----------------- Done invoking toplevel() on ptolemy.moml.MoMLSimpleApplication@711357a3
reloadAllAccessors: .sizedarray1
----------------- testing Thu May 10 14:47:46 UTC 2018 /home/travis/build/icyphy/ptII/ptolemy/actor/lib/test/auto/sizedarray2.xml
----------------- Instantiating /home/travis/build/icyphy/ptII/ptolemy/actor/lib/test/auto/sizedarray2.xml
1 ms. Memory: 1086976K Free: 678992K (62%)
----------------- Invoking toplevel() on ptolemy.moml.MoMLSimpleApplication@71ae7789
----------------- Done invoking toplevel() on ptolemy.moml.MoMLSimpleApplication@71ae7789
reloadAllAccessors: .sizedarray2
----------------- testing Thu May 10 14:47:46 UTC 2018 /home/travis/build/icyphy/ptII/ptolemy/actor/lib/test/auto/twoPublishers.xml
----------------- Instantiating /home/travis/build/icyphy/ptII/ptolemy/actor/lib/test/auto/twoPublishers.xml
2 ms. Memory: 1086976K Free: 661501K (61%)
----------------- Invoking toplevel() on ptolemy.moml.MoMLSimpleApplication@5ada4a7f
----------------- Done invoking toplevel() on ptolemy.moml.MoMLSimpleApplication@5ada4a7f
reloadAllAccessors: .twoPublishers
AutoTests.java: About to close Vertx.
AutoTests.java: Vertx closed.
]]></system-out>
  <system-err><![CDATA[java.lang.RuntimeException: Execution failed
	at ptolemy.moml.MoMLSimpleApplication$UnloadThread.run(MoMLSimpleApplication.java:402)
Caused by: java.lang.RuntimeException: Normally, we would exit here because Manager.exitAfterWrapup() was called.  However, because the ptolemy.ptII.exitAfterWrapup property is set, we throw this exception instead.
	at ptolemy.util.StringUtilities.exit(StringUtilities.java:365)
	at ptolemy.actor.Manager.wrapup(Manager.java:1531)
	at ptolemy.actor.Manager.execute(Manager.java:407)
	at ptolemy.actor.Manager.run(Manager.java:1263)
	at ptolemy.actor.Manager$PtolemyRunThread.run(Manager.java:1915)
Warning: '.top.test' is in training mode, set the trainingMode parameter to false before checking in
Warning: '.top.test' is in training mode, set the trainingMode parameter to false before checking in
Warning: '.top.test' is in training mode, set the trainingMode parameter to false before checking in
Warning: '.BooleanSwitch_RegressionTest_WrongTrainingValues.Test' is in training mode, set the trainingMode parameter to false before checking in
Warning: '.BooleanSwitch_RegressionTest_WrongTrainingValues.Test2' is in training mode, set the trainingMode parameter to false before checking in
Warning: '.BooleanSwitch_RegressionTest_WrongTrainingValues.Test2' The test produced 0 tokens.
Warning: '.top.testExceptionHandler' is in training mode, set the trainingMode parameter to false before checking in
java.lang.RuntimeException: Execution failed
	at ptolemy.moml.MoMLSimpleApplication$UnloadThread.run(MoMLSimpleApplication.java:402)
Caused by: ptolemy.kernel.util.IllegalActionException: PublisherPorts cannot be used at the top level, use a Publisher actor instead.
  in .PublisherPortToplevelSubscriber.PublisherPort
	at ptolemy.actor.PublisherPort.preinitialize(PublisherPort.java:403)
	at ptolemy.actor.CompositeActor.preinitialize(CompositeActor.java:1769)
	at ptolemy.actor.Manager.preinitializeAndResolveTypes(Manager.java:1040)
	at ptolemy.actor.Manager.initialize(Manager.java:710)
	at ptolemy.actor.Manager.execute(Manager.java:356)
	at ptolemy.actor.Manager.run(Manager.java:1263)
	at ptolemy.actor.Manager$PtolemyRunThread.run(Manager.java:1915)
java.lang.reflect.InvocationTargetException
	at sun.reflect.NativeConstructorAccessorImpl.newInstance0(Native Method)
	at sun.reflect.NativeConstructorAccessorImpl.newInstance(NativeConstructorAccessorImpl.java:62)
	at sun.reflect.DelegatingConstructorAccessorImpl.newInstance(DelegatingConstructorAccessorImpl.java:45)
	at java.lang.reflect.Constructor.newInstance(Constructor.java:423)
	at ptolemy.util.test.junit.AutoKnownFailedTests.RunModel(AutoKnownFailedTests.java:107)
	at sun.reflect.NativeMethodAccessorImpl.invoke0(Native Method)
	at sun.reflect.NativeMethodAccessorImpl.invoke(NativeMethodAccessorImpl.java:62)
	at sun.reflect.DelegatingMethodAccessorImpl.invoke(DelegatingMethodAccessorImpl.java:43)
	at java.lang.reflect.Method.invoke(Method.java:498)
	at org.junit.runners.model.FrameworkMethod$1.runReflectiveCall(FrameworkMethod.java:44)
	at org.junit.internal.runners.model.ReflectiveCallable.run(ReflectiveCallable.java:15)
	at org.junit.runners.model.FrameworkMethod.invokeExplosively(FrameworkMethod.java:41)
	at junitparams.internal.InvokeParameterisedMethod.evaluate(InvokeParameterisedMethod.java:102)
	at org.junit.internal.runners.statements.FailOnTimeout$1.run(FailOnTimeout.java:28)
Caused by: ptolemy.kernel.util.IllegalActionException: PublisherPorts cannot be used at the top level, use a Publisher actor instead.
  in .PublisherPortToplevelSubscriber.PublisherPort
	at ptolemy.actor.PublisherPort.preinitialize(PublisherPort.java:403)
	at ptolemy.actor.CompositeActor.preinitialize(CompositeActor.java:1769)
	at ptolemy.actor.Manager.preinitializeAndResolveTypes(Manager.java:1040)
	at ptolemy.actor.Manager.initialize(Manager.java:710)
	at ptolemy.actor.Manager.execute(Manager.java:356)
	at ptolemy.actor.Manager.run(Manager.java:1263)
	at ptolemy.actor.Manager$PtolemyRunThread.run(Manager.java:1915)
java.lang.RuntimeException: Execution failed
	at ptolemy.moml.MoMLSimpleApplication$UnloadThread.run(MoMLSimpleApplication.java:402)
Caused by: ptolemy.kernel.util.IllegalActionException: SubscriberPorts cannot be used at the top level, use a Subscriber actor instead.
  in .PublisherSubscriberPortToplevel.SubscriberPort
	at ptolemy.actor.SubscriberPort.preinitialize(SubscriberPort.java:328)
	at ptolemy.actor.CompositeActor.preinitialize(CompositeActor.java:1769)
	at ptolemy.actor.Manager.preinitializeAndResolveTypes(Manager.java:1040)
	at ptolemy.actor.Manager.initialize(Manager.java:710)
	at ptolemy.actor.Manager.execute(Manager.java:356)
	at ptolemy.actor.Manager.run(Manager.java:1263)
	at ptolemy.actor.Manager$PtolemyRunThread.run(Manager.java:1915)
java.lang.reflect.InvocationTargetException
	at sun.reflect.NativeConstructorAccessorImpl.newInstance0(Native Method)
	at sun.reflect.NativeConstructorAccessorImpl.newInstance(NativeConstructorAccessorImpl.java:62)
	at sun.reflect.DelegatingConstructorAccessorImpl.newInstance(DelegatingConstructorAccessorImpl.java:45)
	at java.lang.reflect.Constructor.newInstance(Constructor.java:423)
	at ptolemy.util.test.junit.AutoKnownFailedTests.RunModel(AutoKnownFailedTests.java:107)
	at sun.reflect.NativeMethodAccessorImpl.invoke0(Native Method)
	at sun.reflect.NativeMethodAccessorImpl.invoke(NativeMethodAccessorImpl.java:62)
	at sun.reflect.DelegatingMethodAccessorImpl.invoke(DelegatingMethodAccessorImpl.java:43)
	at java.lang.reflect.Method.invoke(Method.java:498)
	at org.junit.runners.model.FrameworkMethod$1.runReflectiveCall(FrameworkMethod.java:44)
	at org.junit.internal.runners.model.ReflectiveCallable.run(ReflectiveCallable.java:15)
	at org.junit.runners.model.FrameworkMethod.invokeExplosively(FrameworkMethod.java:41)
	at junitparams.internal.InvokeParameterisedMethod.evaluate(InvokeParameterisedMethod.java:102)
	at org.junit.internal.runners.statements.FailOnTimeout$1.run(FailOnTimeout.java:28)
Caused by: ptolemy.kernel.util.IllegalActionException: SubscriberPorts cannot be used at the top level, use a Subscriber actor instead.
  in .PublisherSubscriberPortToplevel.SubscriberPort
	at ptolemy.actor.SubscriberPort.preinitialize(SubscriberPort.java:328)
	at ptolemy.actor.CompositeActor.preinitialize(CompositeActor.java:1769)
	at ptolemy.actor.Manager.preinitializeAndResolveTypes(Manager.java:1040)
	at ptolemy.actor.Manager.initialize(Manager.java:710)
	at ptolemy.actor.Manager.execute(Manager.java:356)
	at ptolemy.actor.Manager.run(Manager.java:1263)
	at ptolemy.actor.Manager$PtolemyRunThread.run(Manager.java:1915)
java.lang.RuntimeException: Execution failed
	at ptolemy.moml.MoMLSimpleApplication$UnloadThread.run(MoMLSimpleApplication.java:402)
Caused by: ptolemy.kernel.util.IllegalActionException: SubscriptionAggregatorPorts cannot be used at the top level, use a SubscriptionAggregator actor instead.
  in .PublisherSubscriptionAggregatorPort.SubscriptionAggregatorPort
	at ptolemy.actor.SubscriptionAggregatorPort.preinitialize(SubscriptionAggregatorPort.java:353)
	at ptolemy.actor.CompositeActor.preinitialize(CompositeActor.java:1769)
	at ptolemy.actor.Manager.preinitializeAndResolveTypes(Manager.java:1040)
	at ptolemy.actor.Manager.initialize(Manager.java:710)
	at ptolemy.actor.Manager.execute(Manager.java:356)
	at ptolemy.actor.Manager.run(Manager.java:1263)
	at ptolemy.actor.Manager$PtolemyRunThread.run(Manager.java:1915)
java.lang.reflect.InvocationTargetException
	at sun.reflect.NativeConstructorAccessorImpl.newInstance0(Native Method)
	at sun.reflect.NativeConstructorAccessorImpl.newInstance(NativeConstructorAccessorImpl.java:62)
	at sun.reflect.DelegatingConstructorAccessorImpl.newInstance(DelegatingConstructorAccessorImpl.java:45)
	at java.lang.reflect.Constructor.newInstance(Constructor.java:423)
	at ptolemy.util.test.junit.AutoKnownFailedTests.RunModel(AutoKnownFailedTests.java:107)
	at sun.reflect.NativeMethodAccessorImpl.invoke0(Native Method)
	at sun.reflect.NativeMethodAccessorImpl.invoke(NativeMethodAccessorImpl.java:62)
	at sun.reflect.DelegatingMethodAccessorImpl.invoke(DelegatingMethodAccessorImpl.java:43)
	at java.lang.reflect.Method.invoke(Method.java:498)
	at org.junit.runners.model.FrameworkMethod$1.runReflectiveCall(FrameworkMethod.java:44)
	at org.junit.internal.runners.model.ReflectiveCallable.run(ReflectiveCallable.java:15)
	at org.junit.runners.model.FrameworkMethod.invokeExplosively(FrameworkMethod.java:41)
	at junitparams.internal.InvokeParameterisedMethod.evaluate(InvokeParameterisedMethod.java:102)
	at org.junit.internal.runners.statements.FailOnTimeout$1.run(FailOnTimeout.java:28)
Caused by: ptolemy.kernel.util.IllegalActionException: SubscriptionAggregatorPorts cannot be used at the top level, use a SubscriptionAggregator actor instead.
  in .PublisherSubscriptionAggregatorPort.SubscriptionAggregatorPort
	at ptolemy.actor.SubscriptionAggregatorPort.preinitialize(SubscriptionAggregatorPort.java:353)
	at ptolemy.actor.CompositeActor.preinitialize(CompositeActor.java:1769)
	at ptolemy.actor.Manager.preinitializeAndResolveTypes(Manager.java:1040)
	at ptolemy.actor.Manager.initialize(Manager.java:710)
	at ptolemy.actor.Manager.execute(Manager.java:356)
	at ptolemy.actor.Manager.run(Manager.java:1263)
	at ptolemy.actor.Manager$PtolemyRunThread.run(Manager.java:1915)
java.lang.RuntimeException: Execution failed
	at ptolemy.moml.MoMLSimpleApplication$UnloadThread.run(MoMLSimpleApplication.java:402)
Caused by: ptolemy.kernel.util.IllegalActionException: TypeTest actor has no training data.
  in .sizedarray3.TypeTest
	at ptolemy.actor.lib.TypeTest.initialize(TypeTest.java:250)
	at ptolemy.actor.Director.initialize(Director.java:938)
	at ptolemy.actor.Director.initialize(Director.java:907)
	at ptolemy.actor.sched.StaticSchedulingDirector.initialize(StaticSchedulingDirector.java:159)
	at ptolemy.domains.sdf.kernel.SDFDirector.initialize(SDFDirector.java:544)
	at ptolemy.actor.CompositeActor.initialize(CompositeActor.java:935)
	at ptolemy.actor.Manager.initialize(Manager.java:724)
	at ptolemy.actor.Manager.execute(Manager.java:356)
	at ptolemy.actor.Manager.run(Manager.java:1263)
	at ptolemy.actor.Manager$PtolemyRunThread.run(Manager.java:1915)
java.lang.reflect.InvocationTargetException
	at sun.reflect.NativeConstructorAccessorImpl.newInstance0(Native Method)
	at sun.reflect.NativeConstructorAccessorImpl.newInstance(NativeConstructorAccessorImpl.java:62)
	at sun.reflect.DelegatingConstructorAccessorImpl.newInstance(DelegatingConstructorAccessorImpl.java:45)
	at java.lang.reflect.Constructor.newInstance(Constructor.java:423)
	at ptolemy.util.test.junit.AutoKnownFailedTests.RunModel(AutoKnownFailedTests.java:107)
	at sun.reflect.NativeMethodAccessorImpl.invoke0(Native Method)
	at sun.reflect.NativeMethodAccessorImpl.invoke(NativeMethodAccessorImpl.java:62)
	at sun.reflect.DelegatingMethodAccessorImpl.invoke(DelegatingMethodAccessorImpl.java:43)
	at java.lang.reflect.Method.invoke(Method.java:498)
	at org.junit.runners.model.FrameworkMethod$1.runReflectiveCall(FrameworkMethod.java:44)
	at org.junit.internal.runners.model.ReflectiveCallable.run(ReflectiveCallable.java:15)
	at org.junit.runners.model.FrameworkMethod.invokeExplosively(FrameworkMethod.java:41)
	at junitparams.internal.InvokeParameterisedMethod.evaluate(InvokeParameterisedMethod.java:102)
	at org.junit.internal.runners.statements.FailOnTimeout$1.run(FailOnTimeout.java:28)
Caused by: ptolemy.kernel.util.IllegalActionException: TypeTest actor has no training data.
  in .sizedarray3.TypeTest
	at ptolemy.actor.lib.TypeTest.initialize(TypeTest.java:250)
	at ptolemy.actor.Director.initialize(Director.java:938)
	at ptolemy.actor.Director.initialize(Director.java:907)
	at ptolemy.actor.sched.StaticSchedulingDirector.initialize(StaticSchedulingDirector.java:159)
	at ptolemy.domains.sdf.kernel.SDFDirector.initialize(SDFDirector.java:544)
	at ptolemy.actor.CompositeActor.initialize(CompositeActor.java:935)
	at ptolemy.actor.Manager.initialize(Manager.java:724)
	at ptolemy.actor.Manager.execute(Manager.java:356)
	at ptolemy.actor.Manager.run(Manager.java:1263)
	at ptolemy.actor.Manager$PtolemyRunThread.run(Manager.java:1915)
]]></system-err>
</testsuite>
