<?xml version="1.0" encoding="UTF-8" ?>
<testsuite errors="0" failures="0" hostname="travis-job-dc6b996a-84f5-496f-ae70-b1982fe3e866" name="ptolemy.domains.de.test.junit.JUnitTclTest" skipped="0" tests="101" time="126.155" timestamp="2018-05-12T14:13:51">
  <properties>
    <property name="npm.executable" value="npm" />
    <property name="file.encoding.pkg" value="sun.io" />
    <property name="ptII.mk.exists" value="true" />
    <property name="env.rvm_bin_path" value="/home/travis/.rvm/bin" />
    <property name="java.home" value="/usr/lib/jvm/java-8-oracle/jre" />
    <property name="env.TRAVIS_JOB_NUMBER" value="433.7" />
    <property name="env.DISPLAY" value=":99.0" />
    <property name="java.net.preferIPv4Stack" value="true" />
    <property name="env.SSH_TTY" value="/dev/pts/0" />
    <property name="env.RUN_TESTS" value="true" />
    <property name="timeout.short" value="1000000" />
    <property name="env.TRAVIS_STACK_NODE_ATTRIBUTES" value="/.node-attributes.yml" />
    <property name="junit.formatter" value="xml" />
    <property name="java.endorsed.dirs" value="/usr/lib/jvm/java-8-oracle/jre/lib/endorsed" />
    <property name="env.TRAVIS_SUDO" value="true" />
    <property name="env.LOGNAME" value="travis" />
    <property name="jsdoc.home" value="node_modules/@terraswarm/jsdoc" />
    <property name="debuglevel" value="source,lines,vars" />
    <property name="checkstyle.formatter" value="xml" />
    <property name="bin.vergil.makeable" value="true" />
    <property name="env._system_version" value="14.04" />
    <property name="sun.os.patch.level" value="unknown" />
    <property name="java.vendor.url" value="http://java.oracle.com/" />
    <property name="java.version" value="1.8.0_151" />
    <property name="env.TZ" value="UTC" />
    <property name="env.PT_NO_NET" value="true" />
    <property name="env.TRAVIS_PULL_REQUEST_SHA" value="" />
    <property name="env.TRAVIS_SECURE_ENV_VARS" value="true" />
    <property name="env._system_type" value="Linux" />
    <property name="java.vendor.url.bug" value="http://bugreport.sun.com/bugreport/" />
    <property name="env.SSH_CLIENT" value="10.10.16.10 38964 22" />
    <property name="env.GEM_HOME" value="/home/travis/.rvm/gems/ruby-2.4.1" />
    <property name="env.HAS_ANTARES_THREE_LITTLE_FRONZIES_BADGE" value="true" />
    <property name="env.PS4" value="+" />
    <property name="ant.project.invoked-targets" value="build,test.core2.xml" />
    <property name="env.TRAVIS_PULL_REQUEST_BRANCH" value="" />
    <property name="env.TRAVIS_REPO_SLUG" value="icyphy/ptII" />
    <property name="node.in.path" value="true" />
    <property name="java.maxmemory" value="1400m" />
    <property name="env.RUBY_VERSION" value="ruby-2.4.1" />
    <property name="user.name" value="travis" />
    <property name="env.LANG" value="en_US.UTF-8" />
    <property name="sun.io.unicode.encoding" value="UnicodeLittle" />
    <property name="sun.jnu.encoding" value="UTF-8" />
    <property name="java.runtime.name" value="Java(TM) SE Runtime Environment" />
    <property name="usefile" value="false" />
    <property name="return.code" value="0" />
    <property name="junit.single.formatter" value="plain" />
    <property name="env.DYLD_LIBRARY_PATH" value="/home/travis/pthla/certi-tools/lib:" />
    <property name="env.DEBIAN_FRONTEND" value="noninteractive" />
    <property name="env.SSH_CONNECTION" value="10.10.16.10 38964 10.20.0.98 22" />
    <property name="env.MYSQL_UNIX_PORT" value="/var/run/mysqld/mysqld.sock" />
    <property name="env.TRAVIS_ALLOW_FAILURE" value="false" />
    <property name="env.LC_ALL" value="en_US.UTF-8" />
    <property name="java.specification.name" value="Java Platform API Specification" />
    <property name="node.works" value="true" />
    <property name="user.timezone" value="" />
    <property name="path.separator" value=":" />
    <property name="env.PYTHON_CFLAGS" value="-g -fstack-protector --param=ssp-buffer-size=4 -Wformat -Werror=format-security" />
    <property name="timeout.long" value="4000000" />
    <property name="env.CERTI_HOME" value="/home/travis/pthla/certi-tools" />
    <property name="file.encoding" value="UTF-8" />
    <property name="ant.file.ptII" value="/home/travis/build/icyphy/ptII/build.xml" />
    <property name="javadoc.packagenames" value="com.*,diva.*,lbnl.*,org.hlacerti.*,org.json.*,org.ptolemy.*,org.terraswarm.*,ptolemy.*,ptserver.*" />
    <property name="env.TRAVIS_PULL_REQUEST_SLUG" value="" />
    <property name="ant.project.default-target" value="build" />
    <property name="env.GIT_ASKPASS" value="echo" />
    <property name="env.HOME" value="/home/travis" />
    <property name="sun.java.command" value="org.apache.tools.ant.taskdefs.optional.junit.JUnitTestRunner ptolemy.domains.de.test.junit.JUnitTclTest skipNonTests=false filtertrace=true haltOnError=false haltOnFailure=false formatter=org.apache.tools.ant.taskdefs.optional.junit.OutErrSummaryJUnitResultFormatter showoutput=true outputtoformatters=true logfailedtests=true threadid=0 logtestlistenerevents=false formatter=org.apache.tools.ant.taskdefs.optional.junit.XMLJUnitResultFormatter,/home/travis/build/icyphy/ptII/reports/junit/TEST-ptolemy.domains.de.test.junit.JUnitTclTest.xml crashfile=/home/travis/build/icyphy/ptII/junitvmwatcher6747666483511064079.properties propsfile=/home/travis/build/icyphy/ptII/junit7074045672840747048.properties" />
    <property name="env.MANPATH" value="/home/travis/.nvm/versions/node/v7.10.1/share/man:/home/travis/.kiex/elixirs/elixir-1.4.5/man:/home/travis/.rvm/rubies/ruby-2.4.1/share/man:/usr/local/man:/usr/local/cmake-3.9.2/man:/usr/local/clang-5.0.0/share/man:/usr/local/share/man:/usr/share/man:/home/travis/.rvm/man" />
    <property name="env.COMPOSER_NO_INTERACTION" value="1" />
    <property name="env.JDK_SWITCHER_DEFAULT" value="oraclejdk8" />
    <property name="ant.file" value="/home/travis/build/icyphy/ptII/build.xml" />
    <property name="env.TRAVIS_COMMIT_RANGE" value="19b13553cfd6...ed9785f00f28" />
    <property name="env._system_name" value="Ubuntu" />
    <property name="timeout" value="2400000" />
    <property name="ptII.classpath.optional.property" value="/home/travis/build/icyphy/ptII/lib/bsh-2.0b4.jar:/home/travis/build/icyphy/ptII/lib/ptCal.jar:/home/travis/build/icyphy/ptII/lib/java_cup.jar:/home/travis/build/icyphy/ptII/lib/saxon8.jar:/home/travis/build/icyphy/ptII/lib/saxon8-dom.jar:/home/travis/build/icyphy/ptII/lib/chic.jar:/home/travis/build/icyphy/ptII/lib/ptcolt.jar:/usr/lib/jvm/java-8-oracle/lib/tools.jar:/usr/lib/eclipse/plugins/org.eclipse.jdt.core_3.8.2.dist.jar:/usr/lib/eclipse/plugins/org.eclipse.core.runtime_3.8.0.dist.jar:/usr/lib/eclipse/plugins/org.eclipse.osgi_3.8.1.dist.jar:/usr/lib/eclipse/plugins/org.eclipse.core.resources_3.8.1.dist.jar:/usr/lib/eclipse/plugins/org.eclipse.equinox.common_3.6.100.dist.jar:/usr/lib/eclipse/plugins/org.eclipse.core.jobs_3.5.200.dist.jar:/usr/lib/eclipse/plugins/org.eclipse.core.contenttype_3.4.200.dist.jar:/usr/lib/eclipse/plugins/org.eclipse.equinox.preferences_3.5.0.dist.jar:/usr/lib/eclipse/plugins/org.eclipse.text_3.5.200.dist.jar:/usr/lib/eclipse/plugins/org.eclipse.ui.workbench_3.8.1.dist.jar:/usr/lib/eclipse/plugins/org.eclipse.jface_3.8.0.dist.jar:/usr/lib/eclipse/plugins/org.eclipse.swt_3.8.2.jar:/usr/lib/eclipse/plugins/org.eclipse.jface.text_3.8.1.dist.jar:/usr/lib/eclipse/plugins/org.eclipse.ui.workbench.texteditor_3.8.0.dist.jar:/usr/lib/eclipse/plugins/org.eclipse.ui.editors_3.8.0.dist.jar:/usr/lib/eclipse/plugins/org.eclipse.core.commands_3.6.1.dist.jar:/usr/lib/eclipse/plugins/org.eclipse.equinox.registry_3.5.200.dist.jar:/usr/lib/eclipse/plugins/org.eclipse.ui.console_3.5.100.dist.jar:/usr/lib/eclipse/plugins/org.eclipse.ui.forms_3.5.200.dist.jar:/usr/lib/eclipse/plugins/org.eclipse.ui.ide_3.8.1.dist.jar:/home/travis/build/icyphy/ptII/vendors/oracle/dbxml.jar:/home/travis/build/icyphy/ptII/vendors/oracle/db.jar:/home/travis/build/icyphy/ptII/vendors/misc/itext/iText.jar:/home/travis/build/icyphy/ptII/lib/g4ltl.jar:/home/travis/build/icyphy/ptII/lib/StructuralCoder.jar:/home/travis/build/icyphy/ptII/lib/org-openide-util.jar:/home/travis/build/icyphy/ptII/lib/org-openide-util-lookup.jar:/home/travis/build/icyphy/ptII/lib/org-netbeans-api-visual.jar:/home/travis/build/icyphy/ptII/vendors/jai-1_1_2_01/lib/jai_core.jar:/home/travis/build/icyphy/ptII/vendors/jai-1_1_2_01/lib/jai_codec.jar:/home/travis/build/icyphy/ptII/lib/jcerti.jar:/home/travis/build/icyphy/ptII/lib/smack.jar:/home/travis/build/icyphy/ptII/lib/smackx.jar:/home/travis/build/icyphy/ptII/lib/jetty-all-8.1.5-v20120716.jar:/home/travis/build/icyphy/ptII/lib/javax.servlet-api-3.0.1.jar:/home/travis/build/icyphy/ptII/lib/javax.mail.jar:/home/travis/build/icyphy/ptII/vendors/JMF-2.1.1e/lib/jmf.jar:/home/travis/build/icyphy/ptII/lib/jna-4.0.0-variadic.jar:/home/travis/build/icyphy/ptII/vendors/misc/joystick/Joystick.jar:/home/travis/build/icyphy/ptII/lib/ptjacl.jar:/home/travis/build/icyphy/ptII/lib/jsoup-1.8.2.jar:/home/travis/build/icyphy/ptII/lib/junit-4.8.2.jar:/home/travis/build/icyphy/ptII/lib/JUnitParams-0.4.0.jar:/home/travis/build/icyphy/ptII/ptolemy/actor/lib/excel/jxl.jar:/home/travis/build/icyphy/ptII/lib/jython.jar:/home/travis/build/icyphy/ptII/lib/kieler.jar:/home/travis/build/icyphy/ptII/vendors/opencv/share/OpenCV/java/opencv-341.jar:/home/travis/build/icyphy/ptII/lib/oscP5.jar:/home/travis/build/icyphy/ptII/lib/nrjavaserial-3.11.0.devel.jar:/usr/share/java/j3dcore.jar:/usr/share/java/j3dutils.jar:/usr/share/java/vecmath.jar:/home/travis/build/icyphy/ptII/ptolemy/distributed/jini/jar/jini-core.jar:/home/travis/build/icyphy/ptII/ptolemy/distributed/jini/jar/jini-ext.jar:/home/travis/build/icyphy/ptII/ptolemy/distributed/jini/jar/sun-util.jar:/home/travis/build/icyphy/ptII/lib/protobuf-java-2.4.1.jar:/home/travis/build/icyphy/ptII/lib/org.eclipse.paho.client.mqttv3.jar:/home/travis/build/icyphy/ptII/ptserver/lib/hessian-4.0.7.jar:/home/travis/build/icyphy/ptII/ptserver/lib/wmqtt.jar:/home/travis/build/icyphy/ptII/lib/mapss.jar:/home/travis/build/icyphy/ptII/ptolemy/actor/ptalon/antlr/antlr.jar:/home/travis/build/icyphy/ptII/lib/JRI.jar:/home/travis/build/icyphy/ptII/lib/commons-lang-2.6.jar:/home/travis/build/icyphy/ptII/lib/commons-logging-1.1.1.jar:/home/travis/build/icyphy/ptII/lib/sootclasses.jar:/home/travis/build/icyphy/ptII/ptolemy/actor/lib/database/mysql-connector-java-5.1.6-bin.jar:/home/travis/build/icyphy/ptII/vendors/misc/sphinx4/sphinx4-data-5prealpha.jar:/home/travis/build/icyphy/ptII/vendors/misc/sphinx4/sphinx4-core-5prealpha.jar:/home/travis/build/icyphy/ptII/lib/PDFRenderer.jar:/home/travis/build/icyphy/ptII/lib/svgSalamander.jar:/home/travis/build/icyphy/ptII/lib/rsyntaxtextarea-2.6.0-SNAPSHOT.jar:/home/travis/build/icyphy/ptII/lib/hazelcast-3.8.2.jar:/home/travis/build/icyphy/ptII/lib/jackson-annotations-2.9.0.jar:/home/travis/build/icyphy/ptII/lib/jackson-core-2.9.3.jar:/home/travis/build/icyphy/ptII/lib/jackson-databind-2.9.3.jar:/home/travis/build/icyphy/ptII/lib/netty-buffer-4.1.19.Final.jar:/home/travis/build/icyphy/ptII/lib/netty-codec-4.1.19.Final.jar:/home/travis/build/icyphy/ptII/lib/netty-codec-dns-4.1.19.Final.jar:/home/travis/build/icyphy/ptII/lib/netty-codec-http-4.1.19.Final.jar:/home/travis/build/icyphy/ptII/lib/netty-codec-http2-4.1.19.Final.jar:/home/travis/build/icyphy/ptII/lib/netty-common-4.1.19.Final.jar:/home/travis/build/icyphy/ptII/lib/netty-handler-4.1.19.Final.jar:/home/travis/build/icyphy/ptII/lib/netty-resolver-4.1.19.Final.jar:/home/travis/build/icyphy/ptII/lib/netty-resolver-dns-4.1.19.Final.jar:/home/travis/build/icyphy/ptII/lib/netty-transport-4.1.19.Final.jar:/home/travis/build/icyphy/ptII/lib/vertx-codegen-3.5.1.jar:/home/travis/build/icyphy/ptII/lib/vertx-core-3.5.2-SNAPSHOT.jar:/home/travis/build/icyphy/ptII/lib/vertx-hazelcast-3.5.1.jar:/home/travis/build/icyphy/ptII/lib/vertx-lang-js-3.5.1.jar:/home/travis/build/icyphy/ptII/lib/vertx-service-proxy-3.5.1.jar:/home/travis/build/icyphy/ptII/lib/vertx-web-3.5.1.jar:/home/travis/build/icyphy/ptII/lib/slf4j-api-1.7.13.jar:/home/travis/build/icyphy/ptII/lib/slf4j-simple-1.7.13.jar:/home/travis/build/icyphy/ptII/lib/webcam-capture-0.3.12.jar:/home/travis/build/icyphy/ptII/lib/bridj-0.7.0.jar:/home/travis/build/icyphy/ptII/lib/xbjlib-1.1.0.nrjavaserial.jar" />
    <property name="test.batch" value="**/junit/*.java" />
    <property name="env._" value="/usr/bin/timeout" />
    <property name="java.io.tmpdir" value="/tmp" />
    <property name="user.language" value="en" />
    <property name="env.HISTCONTROL" value="ignoredups:ignorespace" />
    <property name="env.GOROOT" value="/home/travis/.gimme/versions/go1.7.4.linux.amd64" />
    <property name="line.separator" value="&#xa;" />
    <property name="target" value="1.8" />
    <property name="env.TRAVIS_BUILD_DIR" value="/home/travis/build/icyphy/ptII" />
    <property name="env.ANT_OPTS" value="-Xmx2048m" />
    <property name="ant.file.type" value="file" />
    <property name="ptolemy.ptII.batchMode" value="true" />
    <property name="env.HISTSIZE" value="1000" />
    <property name="env.MERB_ENV" value="test" />
    <property name="java.vm.info" value="mixed mode" />
    <property name="source" value="1.8" />
    <property name="java.vm.specification.name" value="Java Virtual Machine Specification" />
    <property name="env.TRAVIS_TEST_RESULT" value="0" />
    <property name="jsdoc.command" value="node_modules/@terraswarm/jsdoc/jsdoc.js" />
    <property name="npm.works" value="true" />
    <property name="cobertura.dir" value="/home/travis/build/icyphy/ptII/vendors/cobertura-2.0.3" />
    <property name="env.rvm_path" value="/home/travis/.rvm" />
    <property name="env.GEM_PATH" value="/home/travis/.rvm/gems/ruby-2.4.1:/home/travis/.rvm/gems/ruby-2.4.1@global" />
    <property name="env.LC_CTYPE" value="en_US.UTF-8" />
    <property name="java.awt.printerjob" value="sun.print.PSPrinterJob" />
    <property name="env.TRAVIS_STACK_NAME" value="garnet" />
    <property name="ant.version" value="Apache Ant(TM) version 1.10.1 compiled on February 2 2017" />
    <property name="ptII.reports" value="/home/travis/build/icyphy/ptII/reports" />
    <property name="env.TRAVIS_STACK_TIMESTAMP" value="2017-12-05 19:33:09 UTC" />
    <property name="ant.file.type.ptII" value="file" />
    <property name="env.RBENV_SHELL" value="bash" />
    <property name="os.name" value="Linux" />
    <property name="java.specification.vendor" value="Oracle Corporation" />
    <property name="env.rvm_version" value="1.29.3 (latest)" />
    <property name="env.TERM" value="xterm" />
    <property name="java.vm.name" value="Java HotSpot(TM) 64-Bit Server VM" />
    <property name="env.TRAVIS_BUILD_NUMBER" value="433" />
    <property name="env.CI" value="true" />
    <property name="java.library.path" value="/home/travis/pthla/certi-tools/lib:/usr/lib/jni:/usr/local/share/OpenCV/java/:/usr/share/OpenCV/java::/usr/java/packages/lib/amd64:/usr/lib64:/lib64:/lib:/usr/lib" />
    <property name="env.rvm_prefix" value="/home/travis" />
    <property name="env.PATH" value="/home/travis/pthla/certi-tools/share/scripts:/home/travis/.rvm/gems/ruby-2.4.1/bin:/home/travis/.rvm/gems/ruby-2.4.1@global/bin:/home/travis/.rvm/rubies/ruby-2.4.1/bin:/home/travis/.rvm/bin:/home/travis/.nvm/versions/node/v7.10.1/bin:./node_modules/.bin:/home/travis/build/icyphy/ptII/bin:/home/travis/pthla/certi-tools/bin:/home/travis/bin:/home/travis/.local/bin:/opt/pyenv/shims:/home/travis/.phpenv/shims:/home/travis/perl5/perlbrew/bin:/home/travis/.kiex/elixirs/elixir-1.4.5/bin:/home/travis/.kiex/bin:/home/travis/gopath/bin:/home/travis/.gimme/versions/go1.7.4.linux.amd64/bin:/usr/local/phantomjs/bin:/usr/local/phantomjs:/usr/local/neo4j-3.2.7/bin:/usr/local/maven-3.5.2/bin:/usr/local/cmake-3.9.2/bin:/usr/local/clang-5.0.0/bin:/usr/local/sbin:/usr/local/bin:/usr/sbin:/usr/bin:/sbin:/bin:/home/travis/.phpenv/bin:/opt/pyenv/bin:/home/travis/.yarn/bin" />
    <property name="env.TRAVIS_OS_NAME" value="linux" />
    <property name="ant.java.version" value="1.8" />
    <property name="basedir" value="/home/travis/build/icyphy/ptII" />
    <property name="java.class.version" value="52.0" />
    <property name="env.SHLVL" value="3" />
    <property name="env.LD_LIBRARY_PATH" value="/home/travis/pthla/certi-tools/lib:/usr/lib/jni:/usr/local/share/OpenCV/java/:/usr/share/OpenCV/java:" />
    <property name="env.RACK_ENV" value="test" />
    <property name="ant.home" value="/home/travis/build/icyphy/ptII/ant" />
    <property name="env.NVM_DIR" value="/home/travis/.nvm" />
    <property name="env.PERLBREW_BASHRC_VERSION" value="0.80" />
    <property name="env.CERTI_FOM_PATH" value="/home/travis/pthla/certi-tools/share/federations" />
    <property name="env.TRAVIS_BUILD_ID" value="378096024" />
    <property name="env.PYENV_ROOT" value="/opt/pyenv" />
    <property name="env.TRAVIS_UID" value="2000" />
    <property name="env.rvm_pretty_print_flag" value="auto" />
    <property name="env.NVM_BIN" value="/home/travis/.nvm/versions/node/v7.10.1/bin" />
    <property name="env.TRAVIS_COMMIT" value="ed9785f00f2831fae5ac8b3355cbae5f77cfed48" />
    <property name="env._system_arch" value="x86_64" />
    <property name="node.executable" value="node" />
    <property name="sun.boot.library.path" value="/usr/lib/jvm/java-8-oracle/jre/lib/amd64" />
    <property name="sun.management.compiler" value="HotSpot 64-Bit Tiered Compilers" />
    <property name="java.awt.graphicsenv" value="sun.awt.X11GraphicsEnvironment" />
    <property name="env.GOPATH" value="/home/travis/gopath" />
    <property name="ptolemy.ptII.dir" value="/home/travis/build/icyphy/ptII" />
    <property name="env.USER" value="travis" />
    <property name="env.HISTFILESIZE" value="2000" />
    <property name="timeout.longest" value="19000000" />
    <property name="env.TRAVIS_STACK_FEATURES" value="basic cassandra chromium couchdb disabled-ipv6 docker docker-compose elasticsearch firefox go-toolchain google-chrome jdk memcached mongodb mysql neo4j nodejs_interpreter perl_interpreter perlbrew phantomjs postgresql python_interpreter rabbitmq redis riak ruby_interpreter sqlite xserver" />
    <property name="env.TRAVIS_PULL_REQUEST" value="false" />
    <property name="env.PYENV_SHELL" value="bash" />
    <property name="ant.project.name" value="ptII" />
    <property name="java.vm.specification.version" value="1.8" />
    <property name="env.CERTI_VERSION" value="4.0.0" />
    <property name="env.NLSPATH" value="/usr/dt/lib/nls/msg/%L/%N.cat" />
    <property name="env.CERTI_HOST" value="localhost" />
    <property name="awt.toolkit" value="sun.awt.X11.XToolkit" />
    <property name="env.MY_RUBY_HOME" value="/home/travis/.rvm/rubies/ruby-2.4.1" />
    <property name="sun.cpu.isalist" value="" />
    <property name="java.ext.dirs" value="/usr/lib/jvm/java-8-oracle/jre/lib/ext:/usr/java/packages/lib/ext" />
    <property name="os.version" value="4.4.0-101-generic" />
    <property name="user.home" value="/home/travis" />
    <property name="env.MIX_ARCHIVES" value="/home/travis/.kiex/mix/elixir-1.4.5" />
    <property name="java.vm.vendor" value="Oracle Corporation" />
    <property name="env.TRAVIS_TAG" value="nightly" />
    <property name="env.TRAVIS_FILTERED" value="redirect_io" />
    <property name="env.PTII" value="/home/travis/build/icyphy/ptII" />
    <property name="env.JAVA_HOME" value="/usr/lib/jvm/java-8-oracle" />
    <property name="javadoc.excludepackagenames" value="adm.cvs2svn.*,build.*,config.*,doc.coding.templates.*,jni.test.jni.meaningOfLife.*,jni.test.jni.testDeux.*,jni.test.jni.testTrois.*,org.terraswarm.accessor.accessors.web.node_modules.*,org.terraswarm.accessor.accessors.web.hosts.cordova.demo.*,org.terraswarm.accessor.accessors.web.hosts.cordova.plugins.*,org.terraswarm.accessor.accessors-svn.*,pt-modules.*,ptolemy.apps.agilent.*,ptolemy.apps.anytimecontrol.*,ptolemy.apps.apes.*,ptolemy.apps.charon.*,ptolemy.apps.crazyboard.*,ptolemy.apps.eclipse.*,ptolemy.apps.etherealSting.*,ptolemy.apps.fullscreen.*,ptolemy.apps.giotto.*,ptolemy.apps.ia.*,ptolemy.apps.interfaces.*,ptolemy.apps.jmf.*,ptolemy.apps.kurt.*,ptolemy.apps.kvm.*,ptolemy.apps.lego.*,ptolemy.apps.lejos.*,ptolemy.apps.midp.*,ptolemy.apps.mobileCoding.*,ptolemy.apps.pendulum.*,ptolemy.apps.rijndael.*,ptolemy.apps.robot.*,ptolemy.apps.security.*,ptolemy.apps.sobel.*,ptolemy.apps.soot.*,ptolemy.apps.throttle.*,ptolemy.apps.tini.*,ptolemy.apps.transmission.*,ptolemy.apps.vergil.*,ptolemy.apps.waba.*,ptolemy.apps.websensor.*,ptolemy.apps.webstart.*,ptolemy.apps.xsl.*,ptolemy.apps.zaurus.*,ptolemy.backtrack.eclipse.plugin.*,ptolemy.backtrack.test.*,ptolemy.codegen.c.actor.lib.oldJavaFiles.*,ptolemy.codegen.dsp.lib.*,ptolemy.codegen.kernel.newInterfaces.*,ptolemy.codegen.lib.*,ptolemy.copernicus.kernel.fragment.*,ptolemy.copernicus.shallow.cg.*,ptolemy.domains.giotto.demo.Hierarchy.Hierarchy.*,ptolemy.domains.giotto.demo.Multimode.Multimode.*,ptolemy.domains.giotto.demo.Simple.Simple.*,ptolemy.domains.gr.lib.experimental.*,ptolemy.domains.gro.*,ptolemy.domains.pdf.*,ptolemy.domains.ptinyos.demo.Surge.output.*,ptolemy.moml.test.NoPackageActor.java*,ptolemy.plot.adm.*,ptolemy.plot.servlet.*,reports.*,signed.*,src.*,target.*,vendors.*,ptolemy.cg.adapter.generic.program.procedural.c.mbed*,ptolemy.actor.lib.fmi.fmus.omc*,ptolemy.domains.openmodelica*,ptdb.kernel.bl.save.test.*,ptdb.kernel.bl.load.test.*,ptdb.kernel.bl.search.test.*,ptdb.kernel.bl.migration.test.*,ptdb.kernel.database.test.*,ptdb.test.*,ptdb.gui.test.*,org.ptolemy.scala.*,diva.util.java2d.svg.*,ptolemy.domains.ptinyos.*,ptolemy.actor.lib.fmi.fmipp.*,,org.terraswarm.accessor.accessors.web.node_modules.*,org.terraswarm.accessor.accessors-svn,ptolemy.actor.ptalon.demo.ptinyos.SendAndReceiveCnt.output,ptolemy.actor.ptalon.demo.ptinyos.SenseToLeds.output,ptolemy.domains.ptinyos.demo.CntToLedsAndRfm.output,ptolemy.domains.ptinyos.demo.RfmToLeds.output,ptolemy.domains.ptinyos.demo.SendAndReceiveCnt.output,ptolemy.domains.ptinyos.demo.SenseToLeds.output" />
    <property name="env.TRAVIS_COMMIT_MESSAGE" value="Adjusted model numbers in export batches." />
    <property name="env.XDG_SESSION_ID" value="2" />
    <property name="keystore" value="ptKeystore" />
    <property name="junit.output.dir" value="/home/travis/build/icyphy/ptII/reports/junit" />
    <property name="npm.return.code" value="0" />
    <property name="user.dir" value="/home/travis/build/icyphy/ptII/ptolemy/domains/de/test" />
    <property name="env.XFILESEARCHPATH" value="/usr/dt/app-defaults/%L/Dt" />
    <property name="env.TRAVIS_NODE_VERSION" value="7" />
    <property name="env.TRAVIS_EVENT_TYPE" value="push" />
    <property name="env.MAIL" value="/var/mail/travis" />
    <property name="env.PWD" value="/home/travis/build/icyphy/ptII" />
    <property name="env.PERLBREW_ROOT" value="/home/travis/perl5/perlbrew" />
    <property name="timeout.npm" value="45000" />
    <property name="env.PT_TRAVIS_TEST_CORE2_XML" value="true" />
    <property name="env.PAGER" value="cat" />
    <property name="sun.cpu.endian" value="little" />
    <property name="env.TRAVIS_BUILD_STAGE_NAME" value="Test" />
    <property name="env.PERLBREW_HOME" value="/home/travis/.perlbrew" />
    <property name="env.RAILS_ENV" value="test" />
    <property name="java.vm.version" value="25.151-b12" />
    <property name="java.class.path" value="/home/travis/build/icyphy/ptII:/home/travis/build/icyphy/ptII/lib/bsh-2.0b4.jar:/home/travis/build/icyphy/ptII/lib/ptCal.jar:/home/travis/build/icyphy/ptII/lib/java_cup.jar:/home/travis/build/icyphy/ptII/lib/saxon8.jar:/home/travis/build/icyphy/ptII/lib/saxon8-dom.jar:/home/travis/build/icyphy/ptII/lib/chic.jar:/home/travis/build/icyphy/ptII/lib/ptcolt.jar:/usr/lib/jvm/java-8-oracle/lib/tools.jar:/usr/lib/eclipse/plugins/org.eclipse.jdt.core_3.8.2.dist.jar:/usr/lib/eclipse/plugins/org.eclipse.core.runtime_3.8.0.dist.jar:/usr/lib/eclipse/plugins/org.eclipse.osgi_3.8.1.dist.jar:/usr/lib/eclipse/plugins/org.eclipse.core.resources_3.8.1.dist.jar:/usr/lib/eclipse/plugins/org.eclipse.equinox.common_3.6.100.dist.jar:/usr/lib/eclipse/plugins/org.eclipse.core.jobs_3.5.200.dist.jar:/usr/lib/eclipse/plugins/org.eclipse.core.contenttype_3.4.200.dist.jar:/usr/lib/eclipse/plugins/org.eclipse.equinox.preferences_3.5.0.dist.jar:/usr/lib/eclipse/plugins/org.eclipse.text_3.5.200.dist.jar:/usr/lib/eclipse/plugins/org.eclipse.ui.workbench_3.8.1.dist.jar:/usr/lib/eclipse/plugins/org.eclipse.jface_3.8.0.dist.jar:/usr/lib/eclipse/plugins/org.eclipse.swt_3.8.2.jar:/usr/lib/eclipse/plugins/org.eclipse.jface.text_3.8.1.dist.jar:/usr/lib/eclipse/plugins/org.eclipse.ui.workbench.texteditor_3.8.0.dist.jar:/usr/lib/eclipse/plugins/org.eclipse.ui.editors_3.8.0.dist.jar:/usr/lib/eclipse/plugins/org.eclipse.core.commands_3.6.1.dist.jar:/usr/lib/eclipse/plugins/org.eclipse.equinox.registry_3.5.200.dist.jar:/usr/lib/eclipse/plugins/org.eclipse.ui.console_3.5.100.dist.jar:/usr/lib/eclipse/plugins/org.eclipse.ui.forms_3.5.200.dist.jar:/usr/lib/eclipse/plugins/org.eclipse.ui.ide_3.8.1.dist.jar:/home/travis/build/icyphy/ptII/vendors/oracle/dbxml.jar:/home/travis/build/icyphy/ptII/vendors/oracle/db.jar:/home/travis/build/icyphy/ptII/vendors/misc/itext/iText.jar:/home/travis/build/icyphy/ptII/lib/g4ltl.jar:/home/travis/build/icyphy/ptII/lib/StructuralCoder.jar:/home/travis/build/icyphy/ptII/lib/org-openide-util.jar:/home/travis/build/icyphy/ptII/lib/org-openide-util-lookup.jar:/home/travis/build/icyphy/ptII/lib/org-netbeans-api-visual.jar:/home/travis/build/icyphy/ptII/vendors/jai-1_1_2_01/lib/jai_core.jar:/home/travis/build/icyphy/ptII/vendors/jai-1_1_2_01/lib/jai_codec.jar:/home/travis/build/icyphy/ptII/lib/jcerti.jar:/home/travis/build/icyphy/ptII/lib/smack.jar:/home/travis/build/icyphy/ptII/lib/smackx.jar:/home/travis/build/icyphy/ptII/lib/jetty-all-8.1.5-v20120716.jar:/home/travis/build/icyphy/ptII/lib/javax.servlet-api-3.0.1.jar:/home/travis/build/icyphy/ptII/lib/javax.mail.jar:/home/travis/build/icyphy/ptII/vendors/JMF-2.1.1e/lib/jmf.jar:/home/travis/build/icyphy/ptII/lib/jna-4.0.0-variadic.jar:/home/travis/build/icyphy/ptII/vendors/misc/joystick/Joystick.jar:/home/travis/build/icyphy/ptII/lib/ptjacl.jar:/home/travis/build/icyphy/ptII/lib/jsoup-1.8.2.jar:/home/travis/build/icyphy/ptII/lib/junit-4.8.2.jar:/home/travis/build/icyphy/ptII/lib/JUnitParams-0.4.0.jar:/home/travis/build/icyphy/ptII/ptolemy/actor/lib/excel/jxl.jar:/home/travis/build/icyphy/ptII/lib/jython.jar:/home/travis/build/icyphy/ptII/lib/kieler.jar:/home/travis/build/icyphy/ptII/vendors/opencv/share/OpenCV/java/opencv-341.jar:/home/travis/build/icyphy/ptII/lib/oscP5.jar:/home/travis/build/icyphy/ptII/lib/nrjavaserial-3.11.0.devel.jar:/usr/share/java/j3dcore.jar:/usr/share/java/j3dutils.jar:/usr/share/java/vecmath.jar:/home/travis/build/icyphy/ptII/ptolemy/distributed/jini/jar/jini-core.jar:/home/travis/build/icyphy/ptII/ptolemy/distributed/jini/jar/jini-ext.jar:/home/travis/build/icyphy/ptII/ptolemy/distributed/jini/jar/sun-util.jar:/home/travis/build/icyphy/ptII/lib/protobuf-java-2.4.1.jar:/home/travis/build/icyphy/ptII/lib/org.eclipse.paho.client.mqttv3.jar:/home/travis/build/icyphy/ptII/ptserver/lib/hessian-4.0.7.jar:/home/travis/build/icyphy/ptII/ptserver/lib/wmqtt.jar:/home/travis/build/icyphy/ptII/lib/mapss.jar:/home/travis/build/icyphy/ptII/ptolemy/actor/ptalon/antlr/antlr.jar:/home/travis/build/icyphy/ptII/lib/JRI.jar:/home/travis/build/icyphy/ptII/lib/commons-lang-2.6.jar:/home/travis/build/icyphy/ptII/lib/commons-logging-1.1.1.jar:/home/travis/build/icyphy/ptII/lib/sootclasses.jar:/home/travis/build/icyphy/ptII/ptolemy/actor/lib/database/mysql-connector-java-5.1.6-bin.jar:/home/travis/build/icyphy/ptII/vendors/misc/sphinx4/sphinx4-data-5prealpha.jar:/home/travis/build/icyphy/ptII/vendors/misc/sphinx4/sphinx4-core-5prealpha.jar:/home/travis/build/icyphy/ptII/lib/PDFRenderer.jar:/home/travis/build/icyphy/ptII/lib/svgSalamander.jar:/home/travis/build/icyphy/ptII/lib/rsyntaxtextarea-2.6.0-SNAPSHOT.jar:/home/travis/build/icyphy/ptII/lib/hazelcast-3.8.2.jar:/home/travis/build/icyphy/ptII/lib/jackson-annotations-2.9.0.jar:/home/travis/build/icyphy/ptII/lib/jackson-core-2.9.3.jar:/home/travis/build/icyphy/ptII/lib/jackson-databind-2.9.3.jar:/home/travis/build/icyphy/ptII/lib/netty-buffer-4.1.19.Final.jar:/home/travis/build/icyphy/ptII/lib/netty-codec-4.1.19.Final.jar:/home/travis/build/icyphy/ptII/lib/netty-codec-dns-4.1.19.Final.jar:/home/travis/build/icyphy/ptII/lib/netty-codec-http-4.1.19.Final.jar:/home/travis/build/icyphy/ptII/lib/netty-codec-http2-4.1.19.Final.jar:/home/travis/build/icyphy/ptII/lib/netty-common-4.1.19.Final.jar:/home/travis/build/icyphy/ptII/lib/netty-handler-4.1.19.Final.jar:/home/travis/build/icyphy/ptII/lib/netty-resolver-4.1.19.Final.jar:/home/travis/build/icyphy/ptII/lib/netty-resolver-dns-4.1.19.Final.jar:/home/travis/build/icyphy/ptII/lib/netty-transport-4.1.19.Final.jar:/home/travis/build/icyphy/ptII/lib/vertx-codegen-3.5.1.jar:/home/travis/build/icyphy/ptII/lib/vertx-core-3.5.2-SNAPSHOT.jar:/home/travis/build/icyphy/ptII/lib/vertx-hazelcast-3.5.1.jar:/home/travis/build/icyphy/ptII/lib/vertx-lang-js-3.5.1.jar:/home/travis/build/icyphy/ptII/lib/vertx-service-proxy-3.5.1.jar:/home/travis/build/icyphy/ptII/lib/vertx-web-3.5.1.jar:/home/travis/build/icyphy/ptII/lib/slf4j-api-1.7.13.jar:/home/travis/build/icyphy/ptII/lib/slf4j-simple-1.7.13.jar:/home/travis/build/icyphy/ptII/lib/webcam-capture-0.3.12.jar:/home/travis/build/icyphy/ptII/lib/bridj-0.7.0.jar:/home/travis/build/icyphy/ptII/lib/xbjlib-1.1.0.nrjavaserial.jar:/home/travis/build/icyphy/ptII/ptolemy/moml/test:/home/travis/build/icyphy/ptII/ant/lib/ant-launcher.jar:/home/travis/build/icyphy/ptII/ant/lib/ant.jar:/home/travis/build/icyphy/ptII/ant/lib/ant-junit.jar:/home/travis/build/icyphy/ptII/ant/lib/ant-junit4.jar" />
    <property name="ant.library.dir" value="/home/travis/build/icyphy/ptII/ant/lib" />
    <property name="os.arch" value="amd64" />
    <property name="env.TRAVIS_LANGUAGE" value="node_js" />
    <property name="env.CONTINUOUS_INTEGRATION" value="true" />
    <property name="env.TRAVIS_STACK_LANGUAGES" value="__garnet__ c c++ clojure cplusplus cpp default go groovy java node_js php pure_java python ruby scala" />
    <property name="test.name" value="ptolemy.actor.lib.test.junit.JUnitTclTest" />
    <property name="sun.java.launcher" value="SUN_STANDARD" />
    <property name="env.PYTHON_CONFIGURE_OPTS" value="--enable-unicode=ucs4 --with-wide-unicode --enable-shared --enable-ipv6 --enable-loadable-sqlite-extensions --with-computed-gotos" />
    <property name="ant.core.lib" value="/home/travis/build/icyphy/ptII/ant/lib/ant.jar" />
    <property name="java.vm.specification.vendor" value="Oracle Corporation" />
    <property name="env.BCVTB_HOME" value="/home/travis/build/icyphy/ptII/lbnl" />
    <property name="file.separator" value="/" />
    <property name="java.runtime.version" value="1.8.0_151-b12" />
    <property name="spotbugs.home" value="/home/travis/build/icyphy/ptII/vendors/spotbugs-3.1.1" />
    <property name="sun.boot.class.path" value="/usr/lib/jvm/java-8-oracle/jre/lib/resources.jar:/usr/lib/jvm/java-8-oracle/jre/lib/rt.jar:/usr/lib/jvm/java-8-oracle/jre/lib/sunrsasign.jar:/usr/lib/jvm/java-8-oracle/jre/lib/jsse.jar:/usr/lib/jvm/java-8-oracle/jre/lib/jce.jar:/usr/lib/jvm/java-8-oracle/jre/lib/charsets.jar:/usr/lib/jvm/java-8-oracle/jre/lib/jfr.jar:/usr/lib/jvm/java-8-oracle/jre/classes" />
    <property name="env.HAS_JOSH_K_SEAL_OF_APPROVAL" value="true" />
    <property name="env.TRAVIS_OSX_IMAGE" value="" />
    <property name="env.XDG_RUNTIME_DIR" value="/run/user/2000" />
    <property name="env.TRAVIS_JOB_ID" value="378096031" />
    <property name="env.TRAVIS_BRANCH" value="master" />
    <property name="user.country" value="US" />
    <property name="env.CERTI_HOME_TRAVIS" value="/home/travis/pthla/certi-tools" />
    <property name="env.SHELL" value="/bin/bash" />
    <property name="java.maxmemory.large" value="5000m" />
    <property name="model" value="" />
    <property name="env.CASHER_DIR" value="/home/travis/.casher" />
    <property name="env.NVM_CD_FLAGS" value="" />
    <property name="jshint.executable" value="/home/travis/node_modules/jshint/bin/jshint" />
    <property name="java.vendor" value="Oracle Corporation" />
    <property name="env.JRUBY_OPTS" value=" --client -J-XX:+TieredCompilation -J-XX:TieredStopAtLevel=1 -J-Xss2m -Xcompile.invokedynamic=false" />
    <property name="env.TRAVIS_PRE_CHEF_BOOTSTRAP_TIME" value="2017-12-05T19:32:55" />
    <property name="env.ELIXIR_VERSION" value="1.4.5" />
    <property name="env.TRAVIS_STACK_JOB_BOARD_REGISTER" value="/.job-board-register.yml" />
    <property name="java.specification.version" value="1.8" />
    <property name="env.IRBRC" value="/home/travis/.rvm/rubies/ruby-2.4.1/.irbrc" />
    <property name="env.TRAVIS" value="true" />
    <property name="sun.arch.data.model" value="64" />
  </properties>
  <testcase classname="ptolemy.util.test.junit.TclTests" name="[0] /home/travis/build/icyphy/ptII/ptolemy/domains/de/test/DependencyLoop.tcl (RunTclFile)" time="0.653" />
  <testcase classname="ptolemy.util.test.junit.TclTests" name="[1] /home/travis/build/icyphy/ptII/ptolemy/domains/de/test/RunDETestsAsQSS.tcl (RunTclFile)" time="86.365" />
  <testcase classname="ptolemy.util.test.junit.AutoKnownFailedTests" name="[0] /home/travis/build/icyphy/ptII/ptolemy/domains/de/test/auto/knownFailedTests/DESDFClockTest.xml (RunModel)" time="2.024" />
  <testcase classname="ptolemy.util.test.junit.AutoKnownFailedTests" name="[1] /home/travis/build/icyphy/ptII/ptolemy/domains/de/test/auto/knownFailedTests/DirectFeedback.xml (RunModel)" time="0.014" />
  <testcase classname="ptolemy.util.test.junit.AutoKnownFailedTests" name="[2] /home/travis/build/icyphy/ptII/ptolemy/domains/de/test/auto/knownFailedTests/FSMSource.xml (RunModel)" time="0.011" />
  <testcase classname="ptolemy.util.test.junit.AutoKnownFailedTests" name="[3] /home/travis/build/icyphy/ptII/ptolemy/domains/de/test/auto/knownFailedTests/HierarchicalModel.xml (RunModel)" time="0.026" />
  <testcase classname="ptolemy.util.test.junit.AutoKnownFailedTests" name="[4] /home/travis/build/icyphy/ptII/ptolemy/domains/de/test/auto/knownFailedTests/dependencyLoop.xml (RunModel)" time="0.027" />
  <testcase classname="ptolemy.util.test.junit.AutoKnownFailedTests" name="[5] /home/travis/build/icyphy/ptII/ptolemy/domains/de/test/auto/knownFailedTests/dependencyLoop2.xml (RunModel)" time="0.026" />
  <testcase classname="ptolemy.util.test.junit.AutoNameArchTests" name="[0] ThereAreNoAutoTests (RunModel)" time="0.0" />
  <testcase classname="ptolemy.util.test.junit.AutoTests" name="[0] /home/travis/build/icyphy/ptII/ptolemy/domains/de/test/auto/ActorDepthCalculation_actorWithoutPorts.xml (RunModel)" time="0.01" />
  <testcase classname="ptolemy.util.test.junit.AutoTests" name="[1] /home/travis/build/icyphy/ptII/ptolemy/domains/de/test/auto/AssemblyLine.xml (RunModel)" time="0.015" />
  <testcase classname="ptolemy.util.test.junit.AutoTests" name="[2] /home/travis/build/icyphy/ptII/ptolemy/domains/de/test/auto/CQBug1.xml (RunModel)" time="0.007" />
  <testcase classname="ptolemy.util.test.junit.AutoTests" name="[3] /home/travis/build/icyphy/ptII/ptolemy/domains/de/test/auto/CancelFireAt.xml (RunModel)" time="0.018" />
  <testcase classname="ptolemy.util.test.junit.AutoTests" name="[4] /home/travis/build/icyphy/ptII/ptolemy/domains/de/test/auto/CausalityAndComposabilityAnalysis.xml (RunModel)" time="0.014" />
  <testcase classname="ptolemy.util.test.junit.AutoTests" name="[5] /home/travis/build/icyphy/ptII/ptolemy/domains/de/test/auto/CausalityInterface1.xml (RunModel)" time="0.012" />
  <testcase classname="ptolemy.util.test.junit.AutoTests" name="[6] /home/travis/build/icyphy/ptII/ptolemy/domains/de/test/auto/CausalityInterface15.xml (RunModel)" time="0.018" />
  <testcase classname="ptolemy.util.test.junit.AutoTests" name="[7] /home/travis/build/icyphy/ptII/ptolemy/domains/de/test/auto/CausalityInterface2.xml (RunModel)" time="0.011" />
  <testcase classname="ptolemy.util.test.junit.AutoTests" name="[8] /home/travis/build/icyphy/ptII/ptolemy/domains/de/test/auto/CausalityInterface3.xml (RunModel)" time="0.016" />
  <testcase classname="ptolemy.util.test.junit.AutoTests" name="[9] /home/travis/build/icyphy/ptII/ptolemy/domains/de/test/auto/ClockDrift.xml (RunModel)" time="0.034" />
  <testcase classname="ptolemy.util.test.junit.AutoTests" name="[10] /home/travis/build/icyphy/ptII/ptolemy/domains/de/test/auto/ClockDriftAndValueChange.xml (RunModel)" time="0.028" />
  <testcase classname="ptolemy.util.test.junit.AutoTests" name="[11] /home/travis/build/icyphy/ptII/ptolemy/domains/de/test/auto/ClockDriftChange.xml (RunModel)" time="0.023" />
  <testcase classname="ptolemy.util.test.junit.AutoTests" name="[12] /home/travis/build/icyphy/ptII/ptolemy/domains/de/test/auto/ComposableCausalityAnalysis.xml (RunModel)" time="0.012" />
  <testcase classname="ptolemy.util.test.junit.AutoTests" name="[13] /home/travis/build/icyphy/ptII/ptolemy/domains/de/test/auto/DEFixedPointLimitation.xml (RunModel)" time="0.01" />
  <testcase classname="ptolemy.util.test.junit.AutoTests" name="[14] /home/travis/build/icyphy/ptII/ptolemy/domains/de/test/auto/DEScheduleTest.xml (RunModel)" time="0.008" />
  <testcase classname="ptolemy.util.test.junit.AutoTests" name="[15] /home/travis/build/icyphy/ptII/ptolemy/domains/de/test/auto/DEinDEwithStartTimes.xml (RunModel)" time="0.009" />
  <testcase classname="ptolemy.util.test.junit.AutoTests" name="[16] /home/travis/build/icyphy/ptII/ptolemy/domains/de/test/auto/DEinDEwithStartTimes2.xml (RunModel)" time="0.009" />
  <testcase classname="ptolemy.util.test.junit.AutoTests" name="[17] /home/travis/build/icyphy/ptII/ptolemy/domains/de/test/auto/DateDemo.xml (RunModel)" time="0.019" />
  <testcase classname="ptolemy.util.test.junit.AutoTests" name="[18] /home/travis/build/icyphy/ptII/ptolemy/domains/de/test/auto/DateToEvent.xml (RunModel)" time="2.028" />
  <testcase classname="ptolemy.util.test.junit.AutoTests" name="[19] /home/travis/build/icyphy/ptII/ptolemy/domains/de/test/auto/DepthTest1.xml (RunModel)" time="0.008" />
  <testcase classname="ptolemy.util.test.junit.AutoTests" name="[20] /home/travis/build/icyphy/ptII/ptolemy/domains/de/test/auto/DepthTest2.xml (RunModel)" time="0.017" />
  <testcase classname="ptolemy.util.test.junit.AutoTests" name="[21] /home/travis/build/icyphy/ptII/ptolemy/domains/de/test/auto/DepthTest3.xml (RunModel)" time="0.007" />
  <testcase classname="ptolemy.util.test.junit.AutoTests" name="[22] /home/travis/build/icyphy/ptII/ptolemy/domains/de/test/auto/DepthTest4.xml (RunModel)" time="0.012" />
  <testcase classname="ptolemy.util.test.junit.AutoTests" name="[23] /home/travis/build/icyphy/ptII/ptolemy/domains/de/test/auto/DepthTest5.xml (RunModel)" time="0.013" />
  <testcase classname="ptolemy.util.test.junit.AutoTests" name="[24] /home/travis/build/icyphy/ptII/ptolemy/domains/de/test/auto/DepthTest6.xml (RunModel)" time="0.012" />
  <testcase classname="ptolemy.util.test.junit.AutoTests" name="[25] /home/travis/build/icyphy/ptII/ptolemy/domains/de/test/auto/DepthTest7.xml (RunModel)" time="0.011" />
  <testcase classname="ptolemy.util.test.junit.AutoTests" name="[26] /home/travis/build/icyphy/ptII/ptolemy/domains/de/test/auto/EventToDate.xml (RunModel)" time="3.033" />
  <testcase classname="ptolemy.util.test.junit.AutoTests" name="[27] /home/travis/build/icyphy/ptII/ptolemy/domains/de/test/auto/FSM1.xml (RunModel)" time="0.054" />
  <testcase classname="ptolemy.util.test.junit.AutoTests" name="[28] /home/travis/build/icyphy/ptII/ptolemy/domains/de/test/auto/FSM7.xml (RunModel)" time="0.041" />
  <testcase classname="ptolemy.util.test.junit.AutoTests" name="[29] /home/travis/build/icyphy/ptII/ptolemy/domains/de/test/auto/Inspection.xml (RunModel)" time="0.039" />
  <testcase classname="ptolemy.util.test.junit.AutoTests" name="[30] /home/travis/build/icyphy/ptII/ptolemy/domains/de/test/auto/Iteration.xml (RunModel)" time="0.022" />
  <testcase classname="ptolemy.util.test.junit.AutoTests" name="[31] /home/travis/build/icyphy/ptII/ptolemy/domains/de/test/auto/LineFault.xml (RunModel)" time="0.527" />
  <testcase classname="ptolemy.util.test.junit.AutoTests" name="[32] /home/travis/build/icyphy/ptII/ptolemy/domains/de/test/auto/MergeModel1Add.xml (RunModel)" time="0.04" />
  <testcase classname="ptolemy.util.test.junit.AutoTests" name="[33] /home/travis/build/icyphy/ptII/ptolemy/domains/de/test/auto/MergeModel2Add.xml (RunModel)" time="0.034" />
  <testcase classname="ptolemy.util.test.junit.AutoTests" name="[34] /home/travis/build/icyphy/ptII/ptolemy/domains/de/test/auto/MergeModel3Add.xml (RunModel)" time="0.038" />
  <testcase classname="ptolemy.util.test.junit.AutoTests" name="[35] /home/travis/build/icyphy/ptII/ptolemy/domains/de/test/auto/MergeWithoutDiscard.xml (RunModel)" time="0.009" />
  <testcase classname="ptolemy.util.test.junit.AutoTests" name="[36] /home/travis/build/icyphy/ptII/ptolemy/domains/de/test/auto/Modal1.xml (RunModel)" time="0.025" />
  <testcase classname="ptolemy.util.test.junit.AutoTests" name="[37] /home/travis/build/icyphy/ptII/ptolemy/domains/de/test/auto/Modal2.xml (RunModel)" time="0.033" />
  <testcase classname="ptolemy.util.test.junit.AutoTests" name="[38] /home/travis/build/icyphy/ptII/ptolemy/domains/de/test/auto/Modal3.xml (RunModel)" time="0.024" />
  <testcase classname="ptolemy.util.test.junit.AutoTests" name="[39] /home/travis/build/icyphy/ptII/ptolemy/domains/de/test/auto/Modal4.xml (RunModel)" time="0.027" />
  <testcase classname="ptolemy.util.test.junit.AutoTests" name="[40] /home/travis/build/icyphy/ptII/ptolemy/domains/de/test/auto/Modal5.xml (RunModel)" time="0.026" />
  <testcase classname="ptolemy.util.test.junit.AutoTests" name="[41] /home/travis/build/icyphy/ptII/ptolemy/domains/de/test/auto/Modal6.xml (RunModel)" time="0.025" />
  <testcase classname="ptolemy.util.test.junit.AutoTests" name="[42] /home/travis/build/icyphy/ptII/ptolemy/domains/de/test/auto/Modal7.xml (RunModel)" time="0.025" />
  <testcase classname="ptolemy.util.test.junit.AutoTests" name="[43] /home/travis/build/icyphy/ptII/ptolemy/domains/de/test/auto/ModalModel.xml (RunModel)" time="0.138" />
  <testcase classname="ptolemy.util.test.junit.AutoTests" name="[44] /home/travis/build/icyphy/ptII/ptolemy/domains/de/test/auto/ModalSource.xml (RunModel)" time="0.016" />
  <testcase classname="ptolemy.util.test.junit.AutoTests" name="[45] /home/travis/build/icyphy/ptII/ptolemy/domains/de/test/auto/NonInterruptibleTimerZeroDelay.xml (RunModel)" time="0.01" />
  <testcase classname="ptolemy.util.test.junit.AutoTests" name="[46] /home/travis/build/icyphy/ptII/ptolemy/domains/de/test/auto/OpenQueueingNetwork.xml (RunModel)" time="2.112" />
  <testcase classname="ptolemy.util.test.junit.AutoTests" name="[47] /home/travis/build/icyphy/ptII/ptolemy/domains/de/test/auto/OpenQueuingNetwork.xml (RunModel)" time="0.216" />
  <testcase classname="ptolemy.util.test.junit.AutoTests" name="[48] /home/travis/build/icyphy/ptII/ptolemy/domains/de/test/auto/PeriodicSampler.xml (RunModel)" time="0.009" />
  <testcase classname="ptolemy.util.test.junit.AutoTests" name="[49] /home/travis/build/icyphy/ptII/ptolemy/domains/de/test/auto/PersistentIO.xml (RunModel)" time="0.019" />
  <testcase classname="ptolemy.util.test.junit.AutoTests" name="[50] /home/travis/build/icyphy/ptII/ptolemy/domains/de/test/auto/PortParameterResetOnInitialize.xml (RunModel)" time="0.01" />
  <testcase classname="ptolemy.util.test.junit.AutoTests" name="[51] /home/travis/build/icyphy/ptII/ptolemy/domains/de/test/auto/PortParameterUpdates.xml (RunModel)" time="0.013" />
  <testcase classname="ptolemy.util.test.junit.AutoTests" name="[52] /home/travis/build/icyphy/ptII/ptolemy/domains/de/test/auto/QueueAndServer.xml (RunModel)" time="0.017" />
  <testcase classname="ptolemy.util.test.junit.AutoTests" name="[53] /home/travis/build/icyphy/ptII/ptolemy/domains/de/test/auto/Records.xml (RunModel)" time="0.012" />
  <testcase classname="ptolemy.util.test.junit.AutoTests" name="[54] /home/travis/build/icyphy/ptII/ptolemy/domains/de/test/auto/ResetTransitionWithStartTime1.xml (RunModel)" time="0.017" />
  <testcase classname="ptolemy.util.test.junit.AutoTests" name="[55] /home/travis/build/icyphy/ptII/ptolemy/domains/de/test/auto/ResetTransitionWithStartTime2.xml (RunModel)" time="0.017" />
  <testcase classname="ptolemy.util.test.junit.AutoTests" name="[56] /home/travis/build/icyphy/ptII/ptolemy/domains/de/test/auto/ResetTransitionWithStartTime3.xml (RunModel)" time="0.018" />
  <testcase classname="ptolemy.util.test.junit.AutoTests" name="[57] /home/travis/build/icyphy/ptII/ptolemy/domains/de/test/auto/ResetTransitionWithStartTime4.xml (RunModel)" time="0.017" />
  <testcase classname="ptolemy.util.test.junit.AutoTests" name="[58] /home/travis/build/icyphy/ptII/ptolemy/domains/de/test/auto/ResettableTimer1.xml (RunModel)" time="0.01" />
  <testcase classname="ptolemy.util.test.junit.AutoTests" name="[59] /home/travis/build/icyphy/ptII/ptolemy/domains/de/test/auto/ResettableTimer2.xml (RunModel)" time="0.009" />
  <testcase classname="ptolemy.util.test.junit.AutoTests" name="[60] /home/travis/build/icyphy/ptII/ptolemy/domains/de/test/auto/ResettableTimer3.xml (RunModel)" time="0.008" />
  <testcase classname="ptolemy.util.test.junit.AutoTests" name="[61] /home/travis/build/icyphy/ptII/ptolemy/domains/de/test/auto/ResettableTimer4.xml (RunModel)" time="0.008" />
  <testcase classname="ptolemy.util.test.junit.AutoTests" name="[62] /home/travis/build/icyphy/ptII/ptolemy/domains/de/test/auto/ResettableTimer5.xml (RunModel)" time="0.009" />
  <testcase classname="ptolemy.util.test.junit.AutoTests" name="[63] /home/travis/build/icyphy/ptII/ptolemy/domains/de/test/auto/ResettableTimer6.xml (RunModel)" time="0.01" />
  <testcase classname="ptolemy.util.test.junit.AutoTests" name="[64] /home/travis/build/icyphy/ptII/ptolemy/domains/de/test/auto/ServerZeroDelay.xml (RunModel)" time="0.01" />
  <testcase classname="ptolemy.util.test.junit.AutoTests" name="[65] /home/travis/build/icyphy/ptII/ptolemy/domains/de/test/auto/SmartSender.xml (RunModel)" time="3.014" />
  <testcase classname="ptolemy.util.test.junit.AutoTests" name="[66] /home/travis/build/icyphy/ptII/ptolemy/domains/de/test/auto/ThreadedComposite.xml (RunModel)" time="0.129" />
  <testcase classname="ptolemy.util.test.junit.AutoTests" name="[67] /home/travis/build/icyphy/ptII/ptolemy/domains/de/test/auto/Time.xml (RunModel)" time="0.399" />
  <testcase classname="ptolemy.util.test.junit.AutoTests" name="[68] /home/travis/build/icyphy/ptII/ptolemy/domains/de/test/auto/TimeDelayZeroDelay.xml (RunModel)" time="0.013" />
  <testcase classname="ptolemy.util.test.junit.AutoTests" name="[69] /home/travis/build/icyphy/ptII/ptolemy/domains/de/test/auto/TimerZeroDelay.xml (RunModel)" time="0.01" />
  <testcase classname="ptolemy.util.test.junit.AutoTests" name="[70] /home/travis/build/icyphy/ptII/ptolemy/domains/de/test/auto/TimingParadox.xml (RunModel)" time="0.361" />
  <testcase classname="ptolemy.util.test.junit.AutoTests" name="[71] /home/travis/build/icyphy/ptII/ptolemy/domains/de/test/auto/TransferInputs.xml (RunModel)" time="0.016" />
  <testcase classname="ptolemy.util.test.junit.AutoTests" name="[72] /home/travis/build/icyphy/ptII/ptolemy/domains/de/test/auto/TransferOutputs2.xml (RunModel)" time="0.016" />
  <testcase classname="ptolemy.util.test.junit.AutoTests" name="[73] /home/travis/build/icyphy/ptII/ptolemy/domains/de/test/auto/Trilateration.xml (RunModel)" time="11.452" />
  <testcase classname="ptolemy.util.test.junit.AutoTests" name="[74] /home/travis/build/icyphy/ptII/ptolemy/domains/de/test/auto/TwoSigmaDelta.xml (RunModel)" time="1.978" />
  <testcase classname="ptolemy.util.test.junit.AutoTests" name="[75] /home/travis/build/icyphy/ptII/ptolemy/domains/de/test/auto/VariableDelay.xml (RunModel)" time="0.008" />
  <testcase classname="ptolemy.util.test.junit.AutoTests" name="[76] /home/travis/build/icyphy/ptII/ptolemy/domains/de/test/auto/VariableDelay2.xml (RunModel)" time="0.019" />
  <testcase classname="ptolemy.util.test.junit.AutoTests" name="[77] /home/travis/build/icyphy/ptII/ptolemy/domains/de/test/auto/VariableDelayZeroDelay.xml (RunModel)" time="0.013" />
  <testcase classname="ptolemy.util.test.junit.AutoTests" name="[78] /home/travis/build/icyphy/ptII/ptolemy/domains/de/test/auto/VariableDelayZeroDelay2.xml (RunModel)" time="0.009" />
  <testcase classname="ptolemy.util.test.junit.AutoTests" name="[79] /home/travis/build/icyphy/ptII/ptolemy/domains/de/test/auto/deInCt.xml (RunModel)" time="0.019" />
  <testcase classname="ptolemy.util.test.junit.AutoTests" name="[80] /home/travis/build/icyphy/ptII/ptolemy/domains/de/test/auto/deInCt2.xml (RunModel)" time="0.022" />
  <testcase classname="ptolemy.util.test.junit.AutoTests" name="[81] /home/travis/build/icyphy/ptII/ptolemy/domains/de/test/auto/dynamicCausalityInterface1.xml (RunModel)" time="0.019" />
  <testcase classname="ptolemy.util.test.junit.AutoTests" name="[82] /home/travis/build/icyphy/ptII/ptolemy/domains/de/test/auto/fsm_de_test.xml (RunModel)" time="0.021" />
  <testcase classname="ptolemy.util.test.junit.AutoTests" name="[83] /home/travis/build/icyphy/ptII/ptolemy/domains/de/test/auto/functionDependencyReconstruction.xml (RunModel)" time="0.03" />
  <testcase classname="ptolemy.util.test.junit.AutoTests" name="[84] /home/travis/build/icyphy/ptII/ptolemy/domains/de/test/auto/multirate.xml (RunModel)" time="0.014" />
  <testcase classname="ptolemy.util.test.junit.AutoTests" name="[85] /home/travis/build/icyphy/ptII/ptolemy/domains/de/test/auto/multirate2.xml (RunModel)" time="0.018" />
  <testcase classname="ptolemy.util.test.junit.AutoTests" name="[86] /home/travis/build/icyphy/ptII/ptolemy/domains/de/test/auto/realtime.xml (RunModel)" time="10.011" />
  <testcase classname="ptolemy.util.test.junit.AutoTests" name="[87] /home/travis/build/icyphy/ptII/ptolemy/domains/de/test/auto/relationGroup.xml (RunModel)" time="0.006" />
  <testcase classname="ptolemy.util.test.junit.AutoTests" name="[88] /home/travis/build/icyphy/ptII/ptolemy/domains/de/test/auto/relationGroup2.xml (RunModel)" time="0.008" />
  <testcase classname="ptolemy.util.test.junit.AutoTests" name="[89] /home/travis/build/icyphy/ptII/ptolemy/domains/de/test/auto/sortWithOpaquePorts.xml (RunModel)" time="0.013" />
  <testcase classname="ptolemy.util.test.junit.AutoTests" name="[90] /home/travis/build/icyphy/ptII/ptolemy/domains/de/test/auto/transferInputsandOutputs.xml (RunModel)" time="0.014" />
  <testcase classname="ptolemy.util.test.junit.AutoTests" name="[91] /home/travis/build/icyphy/ptII/ptolemy/domains/de/test/auto/triggerType.xml (RunModel)" time="0.01" />
  <system-out><![CDATA[/home/travis/build/icyphy/ptII/ptolemy/domains/de/test/DependencyLoop.tcl
testDefs.tcl: setting time out to 9000 seconds at Sat May 12 14:13:51 UTC 2018
13 ms. Memory: 116224K Free: 94939K (82%)
11 ms. Memory: 116224K Free: 107438K (92%)
/home/travis/build/icyphy/ptII/ptolemy/domains/de/test/RunDETestsAsQSS.tcl
Run the DE tests using ptolemy.domains.qss.test.QSSDirectorTest, which extends QSSDirector and prints a message in the constructors.
------------------ testing $PTII/ptolemy/domains/de/test/auto/knownFailedTests/dependencyLoop.xml (Known Failure) 
13 ms. Memory: 116224K Free: 104279K (90%)


==== $PTIIhome/travis/build/icyphy/ptII/ptolemy/domains/de/test/../../../../: Auto Automatic test in file $PTII/ptolemy/domains/de/test/auto/knownFailedTests/dependencyLoop.xml
==== Contents of test case:

	    # FIXME: we should use $relativeFilename here, but it
	    # might have backslashes under Windows, which causes no end
	    # of trouble.
	    createAndExecute $file
	    list {}
	
.... Test generated KNOWN error:
    while executing
ptolemy.kernel.util.IllegalActionException: Found a zero delay loop containing .dependencyLoop.original
  in .dependencyLoop and .dependencyLoop.original
	at ptolemy.actor.util.CausalityInterfaceForComposites._computeOutputPortDepth(CausalityInterfaceForComposites.java:759)
	at ptolemy.actor.util.CausalityInterfaceForComposites._computeInputDepth(CausalityInterfaceForComposites.java:696)
	at ptolemy.actor.util.CausalityInterfaceForComposites._computeOutputPortDepth(CausalityInterfaceForComposites.java:765)
	at ptolemy.actor.util.CausalityInterfaceForComposites._computeInputDepth(CausalityInterfaceForComposites.java:696)
	at ptolemy.actor.util.CausalityInterfaceForComposites._computeOutputPortDepth(CausalityInterfaceForComposites.java:765)
	at ptolemy.actor.util.CausalityInterfaceForComposites._computeInputDepth(CausalityInterfaceForComposites.java:696)
	at ptolemy.actor.util.CausalityInterfaceForComposites._computeActorDepth(CausalityInterfaceForComposites.java:532)
	at ptolemy.actor.util.CausalityInterfaceForComposites.checkForCycles(CausalityInterfaceForComposites.java:96)
	at ptolemy.domains.de.kernel.DEDirector.preinitialize(DEDirector.java:1337)
	at ptolemy.actor.CompositeActor.preinitialize(CompositeActor.java:1828)
	at ptolemy.actor.Manager.preinitializeAndResolveTypes(Manager.java:1040)
	at ptolemy.actor.Manager.initialize(Manager.java:710)
	at ptolemy.actor.Manager.execute(Manager.java:356)
	at ptolemy.actor.Manager.run(Manager.java:1263)
	at ptolemy.actor.Manager$PtolemyRunThread.run(Manager.java:1915)

    while executing
ptolemy.kernel.util.IllegalActionException: Found a zero delay loop containing .dependencyLoop.original
  in .dependencyLoop and .dependencyLoop.original
    while executing
"java::new ptolemy.moml.MoMLSimpleApplication $file
"
    (procedure "createAndExecute" line 2)
    invoked from within
"createAndExecute $file"
    ("uplevel" body line 5)
    invoked from within
"uplevel $contents_of_test"
------------------ testing $PTII/ptolemy/domains/de/test/auto/knownFailedTests/DESDFClockTest.xml (Known Failure) 
2061 ms. Memory: 116224K Free: 89579K (77%)


==== $PTIIhome/travis/build/icyphy/ptII/ptolemy/domains/de/test/../../../../: Auto Automatic test in file $PTII/ptolemy/domains/de/test/auto/knownFailedTests/DESDFClockTest.xml
==== Contents of test case:

	    # FIXME: we should use $relativeFilename here, but it
	    # might have backslashes under Windows, which causes no end
	    # of trouble.
	    createAndExecute $file
	    list {}
	
.... Test generated KNOWN error:
    while executing
ptolemy.kernel.util.IllegalActionException: Actor is not ready to fire.  Perhaps UpSample.prefire() returned false? Try debugging the actor by selecting "Listen to Actor".  Also, for SDF check moml for tokenConsumptionRate on input.
  in .DESDFClockTest.Play Bell.Copy1:SDF Director and .DESDFClockTest.Play Bell.UpSample
	at ptolemy.actor.sched.StaticSchedulingDirector.fire(StaticSchedulingDirector.java:227)
	at ptolemy.domains.sdf.kernel.SDFDirector.fire(SDFDirector.java:500)
	at ptolemy.actor.CompositeActor.fire(CompositeActor.java:455)
	at ptolemy.domains.de.kernel.DEDirector._fire(DEDirector.java:1948)
	at ptolemy.domains.de.kernel.DEDirector.fire(DEDirector.java:502)
	at ptolemy.actor.CompositeActor.fire(CompositeActor.java:455)
	at ptolemy.actor.Manager.iterate(Manager.java:851)
	at ptolemy.actor.Manager.execute(Manager.java:369)
	at ptolemy.actor.Manager.run(Manager.java:1263)
	at ptolemy.actor.Manager$PtolemyRunThread.run(Manager.java:1915)

    while executing
ptolemy.kernel.util.IllegalActionException: Actor is not ready to fire.  Perhaps UpSample.prefire() returned false? Try debugging the actor by selecting "Listen to Actor".  Also, for SDF check moml for tokenConsumptionRate on input.
  in .DESDFClockTest.Play Bell.Copy1:SDF Director and .DESDFClockTest.Play Bell.UpSample
    while executing
"java::new ptolemy.moml.MoMLSimpleApplication $file
"
    (procedure "createAndExecute" line 2)
    invoked from within
"createAndExecute $file"
    ("uplevel" body line 5)
    invoked from within
"uplevel $contents_of_test"
------------------ testing $PTII/ptolemy/domains/de/test/auto/knownFailedTests/FSMSource.xml (Known Failure) 
55 ms. Memory: 116224K Free: 111435K (96%)
!!!! Auto was marked as failing, but now passes
------------------ testing $PTII/ptolemy/domains/de/test/auto/knownFailedTests/dependencyLoop2.xml (Known Failure) 
4 ms. Memory: 116224K Free: 93615K (81%)


==== $PTIIhome/travis/build/icyphy/ptII/ptolemy/domains/de/test/../../../../: Auto Automatic test in file $PTII/ptolemy/domains/de/test/auto/knownFailedTests/dependencyLoop2.xml
==== Contents of test case:

	    # FIXME: we should use $relativeFilename here, but it
	    # might have backslashes under Windows, which causes no end
	    # of trouble.
	    createAndExecute $file
	    list {}
	
.... Test generated KNOWN error:
    while executing
ptolemy.kernel.util.IllegalActionException: Found a zero delay loop containing .dependencyLoop2.original
  in .dependencyLoop2 and .dependencyLoop2.original
	at ptolemy.actor.util.CausalityInterfaceForComposites._computeOutputPortDepth(CausalityInterfaceForComposites.java:759)
	at ptolemy.actor.util.CausalityInterfaceForComposites._computeInputDepth(CausalityInterfaceForComposites.java:696)
	at ptolemy.actor.util.CausalityInterfaceForComposites._computeOutputPortDepth(CausalityInterfaceForComposites.java:765)
	at ptolemy.actor.util.CausalityInterfaceForComposites._computeInputDepth(CausalityInterfaceForComposites.java:696)
	at ptolemy.actor.util.CausalityInterfaceForComposites._computeOutputPortDepth(CausalityInterfaceForComposites.java:765)
	at ptolemy.actor.util.CausalityInterfaceForComposites._computeInputDepth(CausalityInterfaceForComposites.java:696)
	at ptolemy.actor.util.CausalityInterfaceForComposites._computeActorDepth(CausalityInterfaceForComposites.java:532)
	at ptolemy.actor.util.CausalityInterfaceForComposites.checkForCycles(CausalityInterfaceForComposites.java:96)
	at ptolemy.domains.de.kernel.DEDirector.preinitialize(DEDirector.java:1337)
	at ptolemy.actor.CompositeActor.preinitialize(CompositeActor.java:1828)
	at ptolemy.actor.Manager.preinitializeAndResolveTypes(Manager.java:1040)
	at ptolemy.actor.Manager.initialize(Manager.java:710)
	at ptolemy.actor.Manager.execute(Manager.java:356)
	at ptolemy.actor.Manager.run(Manager.java:1263)
	at ptolemy.actor.Manager$PtolemyRunThread.run(Manager.java:1915)

    while executing
ptolemy.kernel.util.IllegalActionException: Found a zero delay loop containing .dependencyLoop2.original
  in .dependencyLoop2 and .dependencyLoop2.original
    while executing
"java::new ptolemy.moml.MoMLSimpleApplication $file
"
    (procedure "createAndExecute" line 2)
    invoked from within
"createAndExecute $file"
    ("uplevel" body line 5)
    invoked from within
"uplevel $contents_of_test"
------------------ testing $PTII/ptolemy/domains/de/test/auto/knownFailedTests/HierarchicalModel.xml (Known Failure) 
13 ms. Memory: 146944K Free: 134497K (92%)


==== $PTIIhome/travis/build/icyphy/ptII/ptolemy/domains/de/test/../../../../: Auto Automatic test in file $PTII/ptolemy/domains/de/test/auto/knownFailedTests/HierarchicalModel.xml
==== Contents of test case:

	    # FIXME: we should use $relativeFilename here, but it
	    # might have backslashes under Windows, which causes no end
	    # of trouble.
	    createAndExecute $file
	    list {}
	
.... Test generated KNOWN error:
    while executing
ptolemy.kernel.util.IllegalActionException: Found a zero delay loop containing .HierarchicalModel.A
  in .HierarchicalModel and .HierarchicalModel.A
	at ptolemy.actor.util.CausalityInterfaceForComposites._computeOutputPortDepth(CausalityInterfaceForComposites.java:759)
	at ptolemy.actor.util.CausalityInterfaceForComposites._computeInputDepth(CausalityInterfaceForComposites.java:696)
	at ptolemy.actor.util.CausalityInterfaceForComposites._computeOutputPortDepth(CausalityInterfaceForComposites.java:765)
	at ptolemy.actor.util.CausalityInterfaceForComposites._computeInputDepth(CausalityInterfaceForComposites.java:696)
	at ptolemy.actor.util.CausalityInterfaceForComposites._computeOutputPortDepth(CausalityInterfaceForComposites.java:765)
	at ptolemy.actor.util.CausalityInterfaceForComposites._computeInputDepth(CausalityInterfaceForComposites.java:696)
	at ptolemy.actor.util.CausalityInterfaceForComposites._computeActorDepth(CausalityInterfaceForComposites.java:532)
	at ptolemy.actor.util.CausalityInterfaceForComposites.checkForCycles(CausalityInterfaceForComposites.java:96)
	at ptolemy.domains.de.kernel.DEDirector.preinitialize(DEDirector.java:1337)
	at ptolemy.actor.CompositeActor.preinitialize(CompositeActor.java:1828)
	at ptolemy.actor.Manager.preinitializeAndResolveTypes(Manager.java:1040)
	at ptolemy.actor.Manager.initialize(Manager.java:710)
	at ptolemy.actor.Manager.execute(Manager.java:356)
	at ptolemy.actor.Manager.run(Manager.java:1263)
	at ptolemy.actor.Manager$PtolemyRunThread.run(Manager.java:1915)

    while executing
ptolemy.kernel.util.IllegalActionException: Found a zero delay loop containing .HierarchicalModel.A
  in .HierarchicalModel and .HierarchicalModel.A
    while executing
"java::new ptolemy.moml.MoMLSimpleApplication $file
"
    (procedure "createAndExecute" line 2)
    invoked from within
"createAndExecute $file"
    ("uplevel" body line 5)
    invoked from within
"uplevel $contents_of_test"
------------------ testing $PTII/ptolemy/domains/de/test/auto/knownFailedTests/DirectFeedback.xml (Known Failure) 
5 ms. Memory: 146944K Free: 129478K (88%)


==== $PTIIhome/travis/build/icyphy/ptII/ptolemy/domains/de/test/../../../../: Auto Automatic test in file $PTII/ptolemy/domains/de/test/auto/knownFailedTests/DirectFeedback.xml
==== Contents of test case:

	    # FIXME: we should use $relativeFilename here, but it
	    # might have backslashes under Windows, which causes no end
	    # of trouble.
	    createAndExecute $file
	    list {}
	
.... Test generated KNOWN error:
    while executing
ptolemy.kernel.util.IllegalActionException: Test fails in iteration 1.
Value was: 1.0. Should have been: 2.0
  in .DirectFeedback.Test
	at ptolemy.actor.lib.Test.fire(Test.java:268)
	at ptolemy.domains.de.kernel.DEDirector._fire(DEDirector.java:1948)
	at ptolemy.domains.de.kernel.DEDirector.fire(DEDirector.java:502)
	at ptolemy.actor.CompositeActor.fire(CompositeActor.java:455)
	at ptolemy.actor.Manager.iterate(Manager.java:851)
	at ptolemy.actor.Manager.execute(Manager.java:369)
	at ptolemy.actor.Manager.run(Manager.java:1263)
	at ptolemy.actor.Manager$PtolemyRunThread.run(Manager.java:1915)

    while executing
ptolemy.kernel.util.IllegalActionException: Test fails in iteration 1.
Value was: 1.0. Should have been: 2.0
  in .DirectFeedback.Test
    while executing
"java::new ptolemy.moml.MoMLSimpleApplication $file
"
    (procedure "createAndExecute" line 2)
    invoked from within
"createAndExecute $file"
    ("uplevel" body line 5)
    invoked from within
"uplevel $contents_of_test"
------------------ testing $PTII/ptolemy/domains/de/test/auto/ActorDepthCalculation_actorWithoutPorts.xml
auto.tcl: Setting watchdog for 200 seconds at Sat May 12 14:13:54 UTC 2018
8 ms. Memory: 146944K Free: 121720K (83%)
ptolemy.util.test.WatchDog.cancel(): canceling Sat May 12 14:13:54 UTC 2018
auto.tcl: Setting watchdog for 200 seconds at Sat May 12 14:13:54 UTC 2018
3 ms. Memory: 146944K Free: 120662K (82%)
ptolemy.util.test.WatchDog.cancel(): canceling Sat May 12 14:13:54 UTC 2018
------------------ testing $PTII/ptolemy/domains/de/test/auto/AssemblyLine.xml
auto.tcl: Setting watchdog for 200 seconds at Sat May 12 14:13:55 UTC 2018
10 ms. Memory: 146944K Free: 127580K (87%)
ptolemy.util.test.WatchDog.cancel(): canceling Sat May 12 14:13:55 UTC 2018
auto.tcl: Setting watchdog for 200 seconds at Sat May 12 14:13:55 UTC 2018
6 ms. Memory: 146944K Free: 126531K (86%)
ptolemy.util.test.WatchDog.cancel(): canceling Sat May 12 14:13:55 UTC 2018
------------------ testing $PTII/ptolemy/domains/de/test/auto/CQBug1.xml
auto.tcl: Setting watchdog for 200 seconds at Sat May 12 14:13:55 UTC 2018
6 ms. Memory: 146944K Free: 138219K (94%)
ptolemy.util.test.WatchDog.cancel(): canceling Sat May 12 14:13:55 UTC 2018
auto.tcl: Setting watchdog for 200 seconds at Sat May 12 14:13:55 UTC 2018
2 ms. Memory: 146944K Free: 138219K (94%)
ptolemy.util.test.WatchDog.cancel(): canceling Sat May 12 14:13:55 UTC 2018
------------------ testing $PTII/ptolemy/domains/de/test/auto/CancelFireAt.xml
auto.tcl: Setting watchdog for 200 seconds at Sat May 12 14:13:55 UTC 2018
6 ms. Memory: 146944K Free: 140305K (95%)
ptolemy.util.test.WatchDog.cancel(): canceling Sat May 12 14:13:55 UTC 2018
auto.tcl: Setting watchdog for 200 seconds at Sat May 12 14:13:55 UTC 2018
3 ms. Memory: 146944K Free: 139256K (95%)
ptolemy.util.test.WatchDog.cancel(): canceling Sat May 12 14:13:55 UTC 2018
------------------ testing $PTII/ptolemy/domains/de/test/auto/CausalityAndComposabilityAnalysis.xml
auto.tcl: Setting watchdog for 200 seconds at Sat May 12 14:13:55 UTC 2018
9 ms. Memory: 146944K Free: 137756K (94%)
ptolemy.util.test.WatchDog.cancel(): canceling Sat May 12 14:13:55 UTC 2018
auto.tcl: Setting watchdog for 200 seconds at Sat May 12 14:13:55 UTC 2018
5 ms. Memory: 146944K Free: 136704K (93%)
ptolemy.util.test.WatchDog.cancel(): canceling Sat May 12 14:13:55 UTC 2018
------------------ testing $PTII/ptolemy/domains/de/test/auto/CausalityInterface1.xml
auto.tcl: Setting watchdog for 200 seconds at Sat May 12 14:13:55 UTC 2018
11 ms. Memory: 146944K Free: 136235K (93%)
ptolemy.util.test.WatchDog.cancel(): canceling Sat May 12 14:13:55 UTC 2018
auto.tcl: Setting watchdog for 200 seconds at Sat May 12 14:13:55 UTC 2018
6 ms. Memory: 146944K Free: 135186K (92%)
ptolemy.util.test.WatchDog.cancel(): canceling Sat May 12 14:13:55 UTC 2018
------------------ testing $PTII/ptolemy/domains/de/test/auto/CausalityInterface15.xml
auto.tcl: Setting watchdog for 200 seconds at Sat May 12 14:13:55 UTC 2018
10 ms. Memory: 146944K Free: 135178K (92%)
ptolemy.util.test.WatchDog.cancel(): canceling Sat May 12 14:13:56 UTC 2018
auto.tcl: Setting watchdog for 200 seconds at Sat May 12 14:13:56 UTC 2018
4 ms. Memory: 146944K Free: 134129K (91%)
ptolemy.util.test.WatchDog.cancel(): canceling Sat May 12 14:13:56 UTC 2018
------------------ testing $PTII/ptolemy/domains/de/test/auto/CausalityInterface2.xml
auto.tcl: Setting watchdog for 200 seconds at Sat May 12 14:13:56 UTC 2018
3 ms. Memory: 146944K Free: 136211K (93%)
ptolemy.util.test.WatchDog.cancel(): canceling Sat May 12 14:13:56 UTC 2018
auto.tcl: Setting watchdog for 200 seconds at Sat May 12 14:13:56 UTC 2018
2 ms. Memory: 146944K Free: 136211K (93%)
ptolemy.util.test.WatchDog.cancel(): canceling Sat May 12 14:13:56 UTC 2018
------------------ testing $PTII/ptolemy/domains/de/test/auto/CausalityInterface3.xml
auto.tcl: Setting watchdog for 200 seconds at Sat May 12 14:13:56 UTC 2018
7 ms. Memory: 146944K Free: 136206K (93%)
ptolemy.util.test.WatchDog.cancel(): canceling Sat May 12 14:13:56 UTC 2018
auto.tcl: Setting watchdog for 200 seconds at Sat May 12 14:13:56 UTC 2018
7 ms. Memory: 146944K Free: 135150K (92%)
ptolemy.util.test.WatchDog.cancel(): canceling Sat May 12 14:13:56 UTC 2018
------------------ testing $PTII/ptolemy/domains/de/test/auto/ClockDrift.xml
auto.tcl: Setting watchdog for 200 seconds at Sat May 12 14:13:56 UTC 2018
83 ms. Memory: 146944K Free: 128014K (87%)
ptolemy.util.test.WatchDog.cancel(): canceling Sat May 12 14:13:56 UTC 2018
auto.tcl: Setting watchdog for 200 seconds at Sat May 12 14:13:56 UTC 2018
53 ms. Memory: 146944K Free: 124853K (85%)
ptolemy.util.test.WatchDog.cancel(): canceling Sat May 12 14:13:56 UTC 2018
------------------ testing $PTII/ptolemy/domains/de/test/auto/ClockDriftAndValueChange.xml
auto.tcl: Setting watchdog for 200 seconds at Sat May 12 14:13:56 UTC 2018
22 ms. Memory: 146944K Free: 127785K (87%)
ptolemy.util.test.WatchDog.cancel(): canceling Sat May 12 14:13:56 UTC 2018
auto.tcl: Setting watchdog for 200 seconds at Sat May 12 14:13:56 UTC 2018
23 ms. Memory: 146944K Free: 124607K (85%)
ptolemy.util.test.WatchDog.cancel(): canceling Sat May 12 14:13:56 UTC 2018
------------------ testing $PTII/ptolemy/domains/de/test/auto/ClockDriftChange.xml
auto.tcl: Setting watchdog for 200 seconds at Sat May 12 14:13:56 UTC 2018
23 ms. Memory: 146944K Free: 130546K (89%)
ptolemy.util.test.WatchDog.cancel(): canceling Sat May 12 14:13:56 UTC 2018
auto.tcl: Setting watchdog for 200 seconds at Sat May 12 14:13:56 UTC 2018
16 ms. Memory: 146944K Free: 128433K (87%)
ptolemy.util.test.WatchDog.cancel(): canceling Sat May 12 14:13:56 UTC 2018
------------------ testing $PTII/ptolemy/domains/de/test/auto/ComposableCausalityAnalysis.xml
auto.tcl: Setting watchdog for 200 seconds at Sat May 12 14:13:56 UTC 2018
3 ms. Memory: 146944K Free: 135107K (92%)
ptolemy.util.test.WatchDog.cancel(): canceling Sat May 12 14:13:56 UTC 2018
auto.tcl: Setting watchdog for 200 seconds at Sat May 12 14:13:56 UTC 2018
2 ms. Memory: 146944K Free: 134042K (91%)
ptolemy.util.test.WatchDog.cancel(): canceling Sat May 12 14:13:56 UTC 2018
------------------ testing $PTII/ptolemy/domains/de/test/auto/DEFixedPointLimitation.xml
auto.tcl: Setting watchdog for 200 seconds at Sat May 12 14:13:56 UTC 2018
1 ms. Memory: 146944K Free: 137175K (93%)
ptolemy.util.test.WatchDog.cancel(): canceling Sat May 12 14:13:56 UTC 2018
auto.tcl: Setting watchdog for 200 seconds at Sat May 12 14:13:56 UTC 2018
1 ms. Memory: 146944K Free: 136126K (93%)
ptolemy.util.test.WatchDog.cancel(): canceling Sat May 12 14:13:56 UTC 2018
------------------ testing $PTII/ptolemy/domains/de/test/auto/DEScheduleTest.xml
auto.tcl: Setting watchdog for 200 seconds at Sat May 12 14:13:56 UTC 2018
3 ms. Memory: 146944K Free: 137313K (93%)
ptolemy.util.test.WatchDog.cancel(): canceling Sat May 12 14:13:56 UTC 2018
auto.tcl: Setting watchdog for 200 seconds at Sat May 12 14:13:56 UTC 2018
6 ms. Memory: 146944K Free: 136138K (93%)
ptolemy.util.test.WatchDog.cancel(): canceling Sat May 12 14:13:56 UTC 2018
------------------ testing $PTII/ptolemy/domains/de/test/auto/DEinDEwithStartTimes.xml
auto.tcl: Setting watchdog for 200 seconds at Sat May 12 14:13:56 UTC 2018
7 ms. Memory: 146944K Free: 136115K (93%)
ptolemy.util.test.WatchDog.cancel(): canceling Sat May 12 14:13:56 UTC 2018
auto.tcl: Setting watchdog for 200 seconds at Sat May 12 14:13:56 UTC 2018
3 ms. Memory: 146944K Free: 134011K (91%)
ptolemy.util.test.WatchDog.cancel(): canceling Sat May 12 14:13:56 UTC 2018
------------------ testing $PTII/ptolemy/domains/de/test/auto/DEinDEwithStartTimes2.xml
auto.tcl: Setting watchdog for 200 seconds at Sat May 12 14:13:57 UTC 2018
5 ms. Memory: 146944K Free: 135149K (92%)
ptolemy.util.test.WatchDog.cancel(): canceling Sat May 12 14:13:57 UTC 2018
auto.tcl: Setting watchdog for 200 seconds at Sat May 12 14:13:57 UTC 2018
3 ms. Memory: 146944K Free: 133990K (91%)
ptolemy.util.test.WatchDog.cancel(): canceling Sat May 12 14:13:57 UTC 2018
------------------ testing $PTII/ptolemy/domains/de/test/auto/DateDemo.xml
auto.tcl: Setting watchdog for 200 seconds at Sat May 12 14:13:57 UTC 2018
12 ms. Memory: 146944K Free: 129116K (88%)
ptolemy.util.test.WatchDog.cancel(): canceling Sat May 12 14:13:57 UTC 2018
auto.tcl: Setting watchdog for 200 seconds at Sat May 12 14:13:57 UTC 2018
6 ms. Memory: 146944K Free: 127011K (86%)
ptolemy.util.test.WatchDog.cancel(): canceling Sat May 12 14:13:57 UTC 2018
------------------ testing $PTII/ptolemy/domains/de/test/auto/DateToEvent.xml
auto.tcl: Setting watchdog for 200 seconds at Sat May 12 14:13:57 UTC 2018
2010 ms. Memory: 146944K Free: 123169K (84%)
ptolemy.util.test.WatchDog.cancel(): canceling Sat May 12 14:13:59 UTC 2018
auto.tcl: Setting watchdog for 200 seconds at Sat May 12 14:13:59 UTC 2018
2004 ms. Memory: 146944K Free: 122120K (83%)
ptolemy.util.test.WatchDog.cancel(): canceling Sat May 12 14:14:01 UTC 2018
------------------ testing $PTII/ptolemy/domains/de/test/auto/DepthTest1.xml
auto.tcl: Setting watchdog for 200 seconds at Sat May 12 14:14:01 UTC 2018
5 ms. Memory: 146944K Free: 136966K (93%)
ptolemy.util.test.WatchDog.cancel(): canceling Sat May 12 14:14:01 UTC 2018
auto.tcl: Setting watchdog for 200 seconds at Sat May 12 14:14:01 UTC 2018
2 ms. Memory: 146944K Free: 136856K (93%)
ptolemy.util.test.WatchDog.cancel(): canceling Sat May 12 14:14:01 UTC 2018
------------------ testing $PTII/ptolemy/domains/de/test/auto/DepthTest2.xml
auto.tcl: Setting watchdog for 200 seconds at Sat May 12 14:14:01 UTC 2018
7 ms. Memory: 146944K Free: 133753K (91%)
ptolemy.util.test.WatchDog.cancel(): canceling Sat May 12 14:14:01 UTC 2018
auto.tcl: Setting watchdog for 200 seconds at Sat May 12 14:14:01 UTC 2018
6 ms. Memory: 146944K Free: 133753K (91%)
ptolemy.util.test.WatchDog.cancel(): canceling Sat May 12 14:14:01 UTC 2018
------------------ testing $PTII/ptolemy/domains/de/test/auto/DepthTest3.xml
auto.tcl: Setting watchdog for 200 seconds at Sat May 12 14:14:01 UTC 2018
3 ms. Memory: 146944K Free: 138534K (94%)
ptolemy.util.test.WatchDog.cancel(): canceling Sat May 12 14:14:01 UTC 2018
auto.tcl: Setting watchdog for 200 seconds at Sat May 12 14:14:01 UTC 2018
2 ms. Memory: 146944K Free: 138534K (94%)
ptolemy.util.test.WatchDog.cancel(): canceling Sat May 12 14:14:01 UTC 2018
------------------ testing $PTII/ptolemy/domains/de/test/auto/DepthTest4.xml
auto.tcl: Setting watchdog for 200 seconds at Sat May 12 14:14:01 UTC 2018
3 ms. Memory: 146944K Free: 135785K (92%)
ptolemy.util.test.WatchDog.cancel(): canceling Sat May 12 14:14:01 UTC 2018
auto.tcl: Setting watchdog for 200 seconds at Sat May 12 14:14:01 UTC 2018
2 ms. Memory: 146944K Free: 134737K (92%)
ptolemy.util.test.WatchDog.cancel(): canceling Sat May 12 14:14:01 UTC 2018
------------------ testing $PTII/ptolemy/domains/de/test/auto/DepthTest5.xml
auto.tcl: Setting watchdog for 200 seconds at Sat May 12 14:14:01 UTC 2018
6 ms. Memory: 146944K Free: 134667K (92%)
ptolemy.util.test.WatchDog.cancel(): canceling Sat May 12 14:14:01 UTC 2018
auto.tcl: Setting watchdog for 200 seconds at Sat May 12 14:14:01 UTC 2018
2 ms. Memory: 146944K Free: 134667K (92%)
ptolemy.util.test.WatchDog.cancel(): canceling Sat May 12 14:14:01 UTC 2018
------------------ testing $PTII/ptolemy/domains/de/test/auto/DepthTest6.xml
auto.tcl: Setting watchdog for 200 seconds at Sat May 12 14:14:01 UTC 2018
5 ms. Memory: 146944K Free: 134612K (92%)
ptolemy.util.test.WatchDog.cancel(): canceling Sat May 12 14:14:01 UTC 2018
auto.tcl: Setting watchdog for 200 seconds at Sat May 12 14:14:01 UTC 2018
2 ms. Memory: 146944K Free: 134612K (92%)
ptolemy.util.test.WatchDog.cancel(): canceling Sat May 12 14:14:01 UTC 2018
------------------ testing $PTII/ptolemy/domains/de/test/auto/DepthTest7.xml
auto.tcl: Setting watchdog for 200 seconds at Sat May 12 14:14:01 UTC 2018
3 ms. Memory: 146944K Free: 135705K (92%)
ptolemy.util.test.WatchDog.cancel(): canceling Sat May 12 14:14:01 UTC 2018
auto.tcl: Setting watchdog for 200 seconds at Sat May 12 14:14:01 UTC 2018
2 ms. Memory: 146944K Free: 134656K (92%)
ptolemy.util.test.WatchDog.cancel(): canceling Sat May 12 14:14:01 UTC 2018
------------------ testing $PTII/ptolemy/domains/de/test/auto/EventToDate.xml
auto.tcl: Setting watchdog for 200 seconds at Sat May 12 14:14:01 UTC 2018
3005 ms. Memory: 146944K Free: 123980K (84%)
ptolemy.util.test.WatchDog.cancel(): canceling Sat May 12 14:14:04 UTC 2018
auto.tcl: Setting watchdog for 200 seconds at Sat May 12 14:14:04 UTC 2018
3004 ms. Memory: 146944K Free: 123980K (84%)
ptolemy.util.test.WatchDog.cancel(): canceling Sat May 12 14:14:07 UTC 2018
------------------ testing $PTII/ptolemy/domains/de/test/auto/FSM1.xml
auto.tcl: Setting watchdog for 200 seconds at Sat May 12 14:14:08 UTC 2018
27 ms. Memory: 146944K Free: 127635K (87%)
ptolemy.util.test.WatchDog.cancel(): canceling Sat May 12 14:14:08 UTC 2018
auto.tcl: Setting watchdog for 200 seconds at Sat May 12 14:14:08 UTC 2018
29 ms. Memory: 146944K Free: 124465K (85%)
ptolemy.util.test.WatchDog.cancel(): canceling Sat May 12 14:14:08 UTC 2018
------------------ testing $PTII/ptolemy/domains/de/test/auto/FSM7.xml
auto.tcl: Setting watchdog for 200 seconds at Sat May 12 14:14:08 UTC 2018
24 ms. Memory: 146944K Free: 126777K (86%)
ptolemy.util.test.WatchDog.cancel(): canceling Sat May 12 14:14:08 UTC 2018
auto.tcl: Setting watchdog for 200 seconds at Sat May 12 14:14:08 UTC 2018
21 ms. Memory: 146944K Free: 123583K (84%)
ptolemy.util.test.WatchDog.cancel(): canceling Sat May 12 14:14:08 UTC 2018
------------------ testing $PTII/ptolemy/domains/de/test/auto/Inspection.xml
auto.tcl: Setting watchdog for 200 seconds at Sat May 12 14:14:08 UTC 2018
43 ms. Memory: 146944K Free: 127565K (87%)
ptolemy.util.test.WatchDog.cancel(): canceling Sat May 12 14:14:08 UTC 2018
auto.tcl: Setting watchdog for 200 seconds at Sat May 12 14:14:08 UTC 2018
28 ms. Memory: 146944K Free: 125452K (85%)
ptolemy.util.test.WatchDog.cancel(): canceling Sat May 12 14:14:08 UTC 2018
------------------ testing $PTII/ptolemy/domains/de/test/auto/Iteration.xml
auto.tcl: Setting watchdog for 200 seconds at Sat May 12 14:14:08 UTC 2018
6 ms. Memory: 146944K Free: 133362K (91%)
ptolemy.util.test.WatchDog.cancel(): canceling Sat May 12 14:14:08 UTC 2018
auto.tcl: Setting watchdog for 200 seconds at Sat May 12 14:14:08 UTC 2018
6 ms. Memory: 146944K Free: 132313K (90%)
ptolemy.util.test.WatchDog.cancel(): canceling Sat May 12 14:14:08 UTC 2018
------------------ testing $PTII/ptolemy/domains/de/test/auto/LineFault.xml
auto.tcl: Setting watchdog for 200 seconds at Sat May 12 14:14:08 UTC 2018
475 ms. Memory: 146944K Free: 137724K (94%)
ptolemy.util.test.WatchDog.cancel(): canceling Sat May 12 14:14:09 UTC 2018
auto.tcl: Setting watchdog for 200 seconds at Sat May 12 14:14:09 UTC 2018
455 ms. Memory: 146944K Free: 81438K (55%)
ptolemy.util.test.WatchDog.cancel(): canceling Sat May 12 14:14:09 UTC 2018
------------------ testing $PTII/ptolemy/domains/de/test/auto/MergeModel1Add.xml
auto.tcl: Setting watchdog for 200 seconds at Sat May 12 14:14:09 UTC 2018
23 ms. Memory: 209920K Free: 180036K (86%)
ptolemy.util.test.WatchDog.cancel(): canceling Sat May 12 14:14:09 UTC 2018
auto.tcl: Setting watchdog for 200 seconds at Sat May 12 14:14:09 UTC 2018
13 ms. Memory: 209920K Free: 178132K (85%)
ptolemy.util.test.WatchDog.cancel(): canceling Sat May 12 14:14:09 UTC 2018
------------------ testing $PTII/ptolemy/domains/de/test/auto/MergeModel2Add.xml
auto.tcl: Setting watchdog for 200 seconds at Sat May 12 14:14:09 UTC 2018
14 ms. Memory: 210432K Free: 183821K (87%)
ptolemy.util.test.WatchDog.cancel(): canceling Sat May 12 14:14:10 UTC 2018
auto.tcl: Setting watchdog for 200 seconds at Sat May 12 14:14:10 UTC 2018
11 ms. Memory: 210432K Free: 181933K (86%)
ptolemy.util.test.WatchDog.cancel(): canceling Sat May 12 14:14:10 UTC 2018
------------------ testing $PTII/ptolemy/domains/de/test/auto/MergeModel3Add.xml
auto.tcl: Setting watchdog for 200 seconds at Sat May 12 14:14:10 UTC 2018
11 ms. Memory: 209920K Free: 183288K (87%)
ptolemy.util.test.WatchDog.cancel(): canceling Sat May 12 14:14:10 UTC 2018
auto.tcl: Setting watchdog for 200 seconds at Sat May 12 14:14:10 UTC 2018
10 ms. Memory: 209920K Free: 181392K (86%)
ptolemy.util.test.WatchDog.cancel(): canceling Sat May 12 14:14:10 UTC 2018
------------------ testing $PTII/ptolemy/domains/de/test/auto/MergeWithoutDiscard.xml
auto.tcl: Setting watchdog for 200 seconds at Sat May 12 14:14:10 UTC 2018
3 ms. Memory: 210432K Free: 198398K (94%)
ptolemy.util.test.WatchDog.cancel(): canceling Sat May 12 14:14:10 UTC 2018
auto.tcl: Setting watchdog for 200 seconds at Sat May 12 14:14:10 UTC 2018
2 ms. Memory: 210432K Free: 198398K (94%)
ptolemy.util.test.WatchDog.cancel(): canceling Sat May 12 14:14:10 UTC 2018
------------------ testing $PTII/ptolemy/domains/de/test/auto/Modal1.xml
auto.tcl: Setting watchdog for 200 seconds at Sat May 12 14:14:10 UTC 2018
22 ms. Memory: 210432K Free: 190439K (90%)
ptolemy.util.test.WatchDog.cancel(): canceling Sat May 12 14:14:10 UTC 2018
auto.tcl: Setting watchdog for 200 seconds at Sat May 12 14:14:10 UTC 2018
24 ms. Memory: 210432K Free: 186625K (89%)
ptolemy.util.test.WatchDog.cancel(): canceling Sat May 12 14:14:10 UTC 2018
------------------ testing $PTII/ptolemy/domains/de/test/auto/Modal2.xml
auto.tcl: Setting watchdog for 200 seconds at Sat May 12 14:14:10 UTC 2018
16 ms. Memory: 210432K Free: 190297K (90%)
ptolemy.util.test.WatchDog.cancel(): canceling Sat May 12 14:14:10 UTC 2018
auto.tcl: Setting watchdog for 200 seconds at Sat May 12 14:14:10 UTC 2018
17 ms. Memory: 210432K Free: 186474K (89%)
ptolemy.util.test.WatchDog.cancel(): canceling Sat May 12 14:14:10 UTC 2018
------------------ testing $PTII/ptolemy/domains/de/test/auto/Modal3.xml
auto.tcl: Setting watchdog for 200 seconds at Sat May 12 14:14:10 UTC 2018
12 ms. Memory: 210432K Free: 190373K (90%)
ptolemy.util.test.WatchDog.cancel(): canceling Sat May 12 14:14:10 UTC 2018
auto.tcl: Setting watchdog for 200 seconds at Sat May 12 14:14:10 UTC 2018
13 ms. Memory: 210432K Free: 186513K (89%)
ptolemy.util.test.WatchDog.cancel(): canceling Sat May 12 14:14:10 UTC 2018
------------------ testing $PTII/ptolemy/domains/de/test/auto/Modal4.xml
auto.tcl: Setting watchdog for 200 seconds at Sat May 12 14:14:10 UTC 2018
11 ms. Memory: 208384K Free: 188276K (90%)
ptolemy.util.test.WatchDog.cancel(): canceling Sat May 12 14:14:10 UTC 2018
auto.tcl: Setting watchdog for 200 seconds at Sat May 12 14:14:10 UTC 2018
20 ms. Memory: 208384K Free: 184453K (89%)
ptolemy.util.test.WatchDog.cancel(): canceling Sat May 12 14:14:10 UTC 2018
------------------ testing $PTII/ptolemy/domains/de/test/auto/Modal5.xml
auto.tcl: Setting watchdog for 200 seconds at Sat May 12 14:14:10 UTC 2018
18 ms. Memory: 209920K Free: 189859K (90%)
ptolemy.util.test.WatchDog.cancel(): canceling Sat May 12 14:14:10 UTC 2018
auto.tcl: Setting watchdog for 200 seconds at Sat May 12 14:14:10 UTC 2018
12 ms. Memory: 209920K Free: 186053K (89%)
ptolemy.util.test.WatchDog.cancel(): canceling Sat May 12 14:14:10 UTC 2018
------------------ testing $PTII/ptolemy/domains/de/test/auto/Modal6.xml
auto.tcl: Setting watchdog for 200 seconds at Sat May 12 14:14:10 UTC 2018
12 ms. Memory: 209920K Free: 189850K (90%)
ptolemy.util.test.WatchDog.cancel(): canceling Sat May 12 14:14:10 UTC 2018
auto.tcl: Setting watchdog for 200 seconds at Sat May 12 14:14:10 UTC 2018
15 ms. Memory: 209920K Free: 185981K (89%)
ptolemy.util.test.WatchDog.cancel(): canceling Sat May 12 14:14:10 UTC 2018
------------------ testing $PTII/ptolemy/domains/de/test/auto/Modal7.xml
auto.tcl: Setting watchdog for 200 seconds at Sat May 12 14:14:10 UTC 2018
10 ms. Memory: 209920K Free: 187862K (89%)
ptolemy.util.test.WatchDog.cancel(): canceling Sat May 12 14:14:11 UTC 2018
auto.tcl: Setting watchdog for 200 seconds at Sat May 12 14:14:11 UTC 2018
10 ms. Memory: 209920K Free: 185951K (89%)
ptolemy.util.test.WatchDog.cancel(): canceling Sat May 12 14:14:11 UTC 2018
------------------ testing $PTII/ptolemy/domains/de/test/auto/ModalModel.xml
auto.tcl: Setting watchdog for 200 seconds at Sat May 12 14:14:11 UTC 2018
156 ms. Memory: 209920K Free: 129026K (61%)
ptolemy.util.test.WatchDog.cancel(): canceling Sat May 12 14:14:11 UTC 2018
auto.tcl: Setting watchdog for 200 seconds at Sat May 12 14:14:11 UTC 2018
182 ms. Memory: 209920K Free: 197184K (94%)
ptolemy.util.test.WatchDog.cancel(): canceling Sat May 12 14:14:11 UTC 2018
------------------ testing $PTII/ptolemy/domains/de/test/auto/ModalSource.xml
auto.tcl: Setting watchdog for 200 seconds at Sat May 12 14:14:11 UTC 2018
6 ms. Memory: 209920K Free: 194973K (93%)
ptolemy.util.test.WatchDog.cancel(): canceling Sat May 12 14:14:11 UTC 2018
auto.tcl: Setting watchdog for 200 seconds at Sat May 12 14:14:11 UTC 2018
6 ms. Memory: 209920K Free: 193224K (92%)
ptolemy.util.test.WatchDog.cancel(): canceling Sat May 12 14:14:11 UTC 2018
------------------ testing $PTII/ptolemy/domains/de/test/auto/NonInterruptibleTimerZeroDelay.xml
auto.tcl: Setting watchdog for 200 seconds at Sat May 12 14:14:11 UTC 2018
3 ms. Memory: 336896K Free: 326130K (97%)
ptolemy.util.test.WatchDog.cancel(): canceling Sat May 12 14:14:11 UTC 2018
auto.tcl: Setting watchdog for 200 seconds at Sat May 12 14:14:11 UTC 2018
2 ms. Memory: 336896K Free: 322647K (96%)
ptolemy.util.test.WatchDog.cancel(): canceling Sat May 12 14:14:11 UTC 2018
------------------ testing $PTII/ptolemy/domains/de/test/auto/OpenQueueingNetwork.xml
auto.tcl: Setting watchdog for 200 seconds at Sat May 12 14:14:11 UTC 2018
2861 ms. Memory: 336384K Free: 195404K (58%)
ptolemy.util.test.WatchDog.cancel(): canceling Sat May 12 14:14:14 UTC 2018
auto.tcl: Setting watchdog for 200 seconds at Sat May 12 14:14:14 UTC 2018
2321 ms. Memory: 468480K Free: 425619K (91%)
ptolemy.util.test.WatchDog.cancel(): canceling Sat May 12 14:14:17 UTC 2018
------------------ testing $PTII/ptolemy/domains/de/test/auto/OpenQueuingNetwork.xml
auto.tcl: Setting watchdog for 200 seconds at Sat May 12 14:14:17 UTC 2018
223 ms. Memory: 468480K Free: 369011K (79%)
ptolemy.util.test.WatchDog.cancel(): canceling Sat May 12 14:14:17 UTC 2018
auto.tcl: Setting watchdog for 200 seconds at Sat May 12 14:14:17 UTC 2018
211 ms. Memory: 468480K Free: 312232K (67%)
ptolemy.util.test.WatchDog.cancel(): canceling Sat May 12 14:14:17 UTC 2018
------------------ testing $PTII/ptolemy/domains/de/test/auto/PeriodicSampler.xml
auto.tcl: Setting watchdog for 200 seconds at Sat May 12 14:14:17 UTC 2018
2 ms. Memory: 470016K Free: 451731K (96%)
ptolemy.util.test.WatchDog.cancel(): canceling Sat May 12 14:14:17 UTC 2018
auto.tcl: Setting watchdog for 200 seconds at Sat May 12 14:14:17 UTC 2018
2 ms. Memory: 470016K Free: 451731K (96%)
ptolemy.util.test.WatchDog.cancel(): canceling Sat May 12 14:14:17 UTC 2018
------------------ testing $PTII/ptolemy/domains/de/test/auto/PersistentIO.xml
auto.tcl: Setting watchdog for 200 seconds at Sat May 12 14:14:17 UTC 2018
9 ms. Memory: 468480K Free: 445616K (95%)
ptolemy.util.test.WatchDog.cancel(): canceling Sat May 12 14:14:17 UTC 2018
auto.tcl: Setting watchdog for 200 seconds at Sat May 12 14:14:17 UTC 2018
3 ms. Memory: 468480K Free: 445616K (95%)
ptolemy.util.test.WatchDog.cancel(): canceling Sat May 12 14:14:17 UTC 2018
------------------ testing $PTII/ptolemy/domains/de/test/auto/PortParameterResetOnInitialize.xml
auto.tcl: Setting watchdog for 200 seconds at Sat May 12 14:14:17 UTC 2018
2 ms. Memory: 470016K Free: 452111K (96%)
ptolemy.util.test.WatchDog.cancel(): canceling Sat May 12 14:14:17 UTC 2018
auto.tcl: Setting watchdog for 200 seconds at Sat May 12 14:14:17 UTC 2018
2 ms. Memory: 470016K Free: 452111K (96%)
ptolemy.util.test.WatchDog.cancel(): canceling Sat May 12 14:14:17 UTC 2018
------------------ testing $PTII/ptolemy/domains/de/test/auto/PortParameterUpdates.xml
auto.tcl: Setting watchdog for 200 seconds at Sat May 12 14:14:17 UTC 2018
3 ms. Memory: 468480K Free: 445627K (95%)
ptolemy.util.test.WatchDog.cancel(): canceling Sat May 12 14:14:17 UTC 2018
auto.tcl: Setting watchdog for 200 seconds at Sat May 12 14:14:17 UTC 2018
3 ms. Memory: 468480K Free: 445627K (95%)
ptolemy.util.test.WatchDog.cancel(): canceling Sat May 12 14:14:17 UTC 2018
------------------ testing $PTII/ptolemy/domains/de/test/auto/QueueAndServer.xml
auto.tcl: Setting watchdog for 200 seconds at Sat May 12 14:14:17 UTC 2018
10 ms. Memory: 469504K Free: 450405K (96%)
ptolemy.util.test.WatchDog.cancel(): canceling Sat May 12 14:14:17 UTC 2018
auto.tcl: Setting watchdog for 200 seconds at Sat May 12 14:14:17 UTC 2018
5 ms. Memory: 469504K Free: 450405K (96%)
ptolemy.util.test.WatchDog.cancel(): canceling Sat May 12 14:14:17 UTC 2018
------------------ testing $PTII/ptolemy/domains/de/test/auto/Records.xml
auto.tcl: Setting watchdog for 200 seconds at Sat May 12 14:14:18 UTC 2018
6 ms. Memory: 468480K Free: 454484K (97%)
ptolemy.util.test.WatchDog.cancel(): canceling Sat May 12 14:14:18 UTC 2018
auto.tcl: Setting watchdog for 200 seconds at Sat May 12 14:14:18 UTC 2018
2 ms. Memory: 468480K Free: 449322K (96%)
ptolemy.util.test.WatchDog.cancel(): canceling Sat May 12 14:14:18 UTC 2018
------------------ testing $PTII/ptolemy/domains/de/test/auto/ResetTransitionWithStartTime1.xml
auto.tcl: Setting watchdog for 200 seconds at Sat May 12 14:14:18 UTC 2018
12 ms. Memory: 469504K Free: 450372K (96%)
ptolemy.util.test.WatchDog.cancel(): canceling Sat May 12 14:14:18 UTC 2018
auto.tcl: Setting watchdog for 200 seconds at Sat May 12 14:14:18 UTC 2018
7 ms. Memory: 469504K Free: 450372K (96%)
ptolemy.util.test.WatchDog.cancel(): canceling Sat May 12 14:14:18 UTC 2018
------------------ testing $PTII/ptolemy/domains/de/test/auto/ResetTransitionWithStartTime2.xml
auto.tcl: Setting watchdog for 200 seconds at Sat May 12 14:14:18 UTC 2018
4 ms. Memory: 468480K Free: 449420K (96%)
ptolemy.util.test.WatchDog.cancel(): canceling Sat May 12 14:14:18 UTC 2018
auto.tcl: Setting watchdog for 200 seconds at Sat May 12 14:14:18 UTC 2018
4 ms. Memory: 468480K Free: 449420K (96%)
ptolemy.util.test.WatchDog.cancel(): canceling Sat May 12 14:14:18 UTC 2018
------------------ testing $PTII/ptolemy/domains/de/test/auto/ResetTransitionWithStartTime3.xml
auto.tcl: Setting watchdog for 200 seconds at Sat May 12 14:14:18 UTC 2018
4 ms. Memory: 469504K Free: 450346K (96%)
ptolemy.util.test.WatchDog.cancel(): canceling Sat May 12 14:14:18 UTC 2018
auto.tcl: Setting watchdog for 200 seconds at Sat May 12 14:14:18 UTC 2018
5 ms. Memory: 469504K Free: 450346K (96%)
ptolemy.util.test.WatchDog.cancel(): canceling Sat May 12 14:14:18 UTC 2018
------------------ testing $PTII/ptolemy/domains/de/test/auto/ResetTransitionWithStartTime4.xml
auto.tcl: Setting watchdog for 200 seconds at Sat May 12 14:14:18 UTC 2018
4 ms. Memory: 468480K Free: 449416K (96%)
ptolemy.util.test.WatchDog.cancel(): canceling Sat May 12 14:14:18 UTC 2018
auto.tcl: Setting watchdog for 200 seconds at Sat May 12 14:14:18 UTC 2018
3 ms. Memory: 468480K Free: 449416K (96%)
ptolemy.util.test.WatchDog.cancel(): canceling Sat May 12 14:14:18 UTC 2018
------------------ testing $PTII/ptolemy/domains/de/test/auto/ResettableTimer1.xml
auto.tcl: Setting watchdog for 200 seconds at Sat May 12 14:14:18 UTC 2018
4 ms. Memory: 468992K Free: 451134K (96%)
ptolemy.util.test.WatchDog.cancel(): canceling Sat May 12 14:14:18 UTC 2018
auto.tcl: Setting watchdog for 200 seconds at Sat May 12 14:14:18 UTC 2018
2 ms. Memory: 468992K Free: 451134K (96%)
ptolemy.util.test.WatchDog.cancel(): canceling Sat May 12 14:14:18 UTC 2018
------------------ testing $PTII/ptolemy/domains/de/test/auto/ResettableTimer2.xml
auto.tcl: Setting watchdog for 200 seconds at Sat May 12 14:14:18 UTC 2018
2 ms. Memory: 468480K Free: 454631K (97%)
ptolemy.util.test.WatchDog.cancel(): canceling Sat May 12 14:14:18 UTC 2018
auto.tcl: Setting watchdog for 200 seconds at Sat May 12 14:14:18 UTC 2018
2 ms. Memory: 468480K Free: 454631K (97%)
ptolemy.util.test.WatchDog.cancel(): canceling Sat May 12 14:14:18 UTC 2018
------------------ testing $PTII/ptolemy/domains/de/test/auto/ResettableTimer3.xml
auto.tcl: Setting watchdog for 200 seconds at Sat May 12 14:14:18 UTC 2018
1 ms. Memory: 468992K Free: 451192K (96%)
ptolemy.util.test.WatchDog.cancel(): canceling Sat May 12 14:14:18 UTC 2018
auto.tcl: Setting watchdog for 200 seconds at Sat May 12 14:14:18 UTC 2018
1 ms. Memory: 468992K Free: 451192K (96%)
ptolemy.util.test.WatchDog.cancel(): canceling Sat May 12 14:14:18 UTC 2018
------------------ testing $PTII/ptolemy/domains/de/test/auto/ResettableTimer4.xml
auto.tcl: Setting watchdog for 200 seconds at Sat May 12 14:14:18 UTC 2018
1 ms. Memory: 468480K Free: 454644K (97%)
ptolemy.util.test.WatchDog.cancel(): canceling Sat May 12 14:14:18 UTC 2018
auto.tcl: Setting watchdog for 200 seconds at Sat May 12 14:14:18 UTC 2018
2 ms. Memory: 468480K Free: 454644K (97%)
ptolemy.util.test.WatchDog.cancel(): canceling Sat May 12 14:14:18 UTC 2018
------------------ testing $PTII/ptolemy/domains/de/test/auto/ResettableTimer5.xml
auto.tcl: Setting watchdog for 200 seconds at Sat May 12 14:14:18 UTC 2018
2 ms. Memory: 468992K Free: 451203K (96%)
ptolemy.util.test.WatchDog.cancel(): canceling Sat May 12 14:14:18 UTC 2018
auto.tcl: Setting watchdog for 200 seconds at Sat May 12 14:14:18 UTC 2018
1 ms. Memory: 468992K Free: 451203K (96%)
ptolemy.util.test.WatchDog.cancel(): canceling Sat May 12 14:14:18 UTC 2018
------------------ testing $PTII/ptolemy/domains/de/test/auto/ResettableTimer6.xml
auto.tcl: Setting watchdog for 200 seconds at Sat May 12 14:14:18 UTC 2018
1 ms. Memory: 468480K Free: 454511K (97%)
ptolemy.util.test.WatchDog.cancel(): canceling Sat May 12 14:14:18 UTC 2018
auto.tcl: Setting watchdog for 200 seconds at Sat May 12 14:14:18 UTC 2018
1 ms. Memory: 468480K Free: 454511K (97%)
ptolemy.util.test.WatchDog.cancel(): canceling Sat May 12 14:14:18 UTC 2018
------------------ testing $PTII/ptolemy/domains/de/test/auto/ServerZeroDelay.xml
auto.tcl: Setting watchdog for 200 seconds at Sat May 12 14:14:18 UTC 2018
2 ms. Memory: 468992K Free: 455094K (97%)
ptolemy.util.test.WatchDog.cancel(): canceling Sat May 12 14:14:18 UTC 2018
auto.tcl: Setting watchdog for 200 seconds at Sat May 12 14:14:18 UTC 2018
2 ms. Memory: 468992K Free: 455094K (97%)
ptolemy.util.test.WatchDog.cancel(): canceling Sat May 12 14:14:18 UTC 2018
------------------ testing $PTII/ptolemy/domains/de/test/auto/SmartSender.xml
auto.tcl: Setting watchdog for 200 seconds at Sat May 12 14:14:18 UTC 2018
3001 ms. Memory: 468480K Free: 450707K (96%)
ptolemy.util.test.WatchDog.cancel(): canceling Sat May 12 14:14:21 UTC 2018
auto.tcl: Setting watchdog for 200 seconds at Sat May 12 14:14:21 UTC 2018
3002 ms. Memory: 468480K Free: 450707K (96%)
ptolemy.util.test.WatchDog.cancel(): canceling Sat May 12 14:14:24 UTC 2018
------------------ testing $PTII/ptolemy/domains/de/test/auto/ThreadedComposite.xml
auto.tcl: Setting watchdog for 200 seconds at Sat May 12 14:14:24 UTC 2018
194 ms. Memory: 468992K Free: 433054K (92%)
ptolemy.util.test.WatchDog.cancel(): canceling Sat May 12 14:14:25 UTC 2018
auto.tcl: Setting watchdog for 200 seconds at Sat May 12 14:14:25 UTC 2018
142 ms. Memory: 468992K Free: 412410K (88%)
ptolemy.util.test.WatchDog.cancel(): canceling Sat May 12 14:14:25 UTC 2018
------------------ testing $PTII/ptolemy/domains/de/test/auto/Time.xml
auto.tcl: Setting watchdog for 200 seconds at Sat May 12 14:14:25 UTC 2018
480 ms. Memory: 468480K Free: 403902K (86%)
ptolemy.util.test.WatchDog.cancel(): canceling Sat May 12 14:14:25 UTC 2018
auto.tcl: Setting watchdog for 200 seconds at Sat May 12 14:14:25 UTC 2018
436 ms. Memory: 468480K Free: 352285K (75%)
ptolemy.util.test.WatchDog.cancel(): canceling Sat May 12 14:14:26 UTC 2018
------------------ testing $PTII/ptolemy/domains/de/test/auto/TimeDelayZeroDelay.xml
auto.tcl: Setting watchdog for 200 seconds at Sat May 12 14:14:26 UTC 2018
2 ms. Memory: 468992K Free: 454931K (97%)
ptolemy.util.test.WatchDog.cancel(): canceling Sat May 12 14:14:26 UTC 2018
auto.tcl: Setting watchdog for 200 seconds at Sat May 12 14:14:26 UTC 2018
2 ms. Memory: 468992K Free: 454931K (97%)
ptolemy.util.test.WatchDog.cancel(): canceling Sat May 12 14:14:26 UTC 2018
------------------ testing $PTII/ptolemy/domains/de/test/auto/TimerZeroDelay.xml
auto.tcl: Setting watchdog for 200 seconds at Sat May 12 14:14:26 UTC 2018
2 ms. Memory: 468480K Free: 454544K (97%)
ptolemy.util.test.WatchDog.cancel(): canceling Sat May 12 14:14:26 UTC 2018
auto.tcl: Setting watchdog for 200 seconds at Sat May 12 14:14:26 UTC 2018
2 ms. Memory: 468480K Free: 454544K (97%)
ptolemy.util.test.WatchDog.cancel(): canceling Sat May 12 14:14:26 UTC 2018
------------------ testing $PTII/ptolemy/domains/de/test/auto/TimingParadox.xml
auto.tcl: Setting watchdog for 200 seconds at Sat May 12 14:14:26 UTC 2018
331 ms. Memory: 468992K Free: 389112K (83%)
ptolemy.util.test.WatchDog.cancel(): canceling Sat May 12 14:14:26 UTC 2018
auto.tcl: Setting watchdog for 200 seconds at Sat May 12 14:14:26 UTC 2018
298 ms. Memory: 468992K Free: 352980K (75%)
ptolemy.util.test.WatchDog.cancel(): canceling Sat May 12 14:14:27 UTC 2018
------------------ testing $PTII/ptolemy/domains/de/test/auto/TransferInputs.xml
auto.tcl: Setting watchdog for 200 seconds at Sat May 12 14:14:27 UTC 2018
6 ms. Memory: 468992K Free: 453960K (97%)
ptolemy.util.test.WatchDog.cancel(): canceling Sat May 12 14:14:27 UTC 2018
auto.tcl: Setting watchdog for 200 seconds at Sat May 12 14:14:27 UTC 2018
1 ms. Memory: 468992K Free: 453960K (97%)
ptolemy.util.test.WatchDog.cancel(): canceling Sat May 12 14:14:27 UTC 2018
------------------ testing $PTII/ptolemy/domains/de/test/auto/TransferOutputs2.xml
auto.tcl: Setting watchdog for 200 seconds at Sat May 12 14:14:27 UTC 2018
2 ms. Memory: 468480K Free: 445502K (95%)
ptolemy.util.test.WatchDog.cancel(): canceling Sat May 12 14:14:27 UTC 2018
auto.tcl: Setting watchdog for 200 seconds at Sat May 12 14:14:27 UTC 2018
3 ms. Memory: 468480K Free: 445502K (95%)
ptolemy.util.test.WatchDog.cancel(): canceling Sat May 12 14:14:27 UTC 2018
------------------ testing $PTII/ptolemy/domains/de/test/auto/Trilateration.xml
auto.tcl: Setting watchdog for 200 seconds at Sat May 12 14:14:27 UTC 2018
13390 ms. Memory: 622080K Free: 215324K (35%)
ptolemy.util.test.WatchDog.cancel(): canceling Sat May 12 14:14:41 UTC 2018
auto.tcl: Setting watchdog for 200 seconds at Sat May 12 14:14:41 UTC 2018
10836 ms. Memory: 487936K Free: 349378K (72%)
ptolemy.util.test.WatchDog.cancel(): canceling Sat May 12 14:14:52 UTC 2018
------------------ testing $PTII/ptolemy/domains/de/test/auto/TwoSigmaDelta.xml
auto.tcl: Setting watchdog for 200 seconds at Sat May 12 14:14:52 UTC 2018
2541 ms. Memory: 484864K Free: 187078K (39%)
ptolemy.util.test.WatchDog.cancel(): canceling Sat May 12 14:14:55 UTC 2018
auto.tcl: Setting watchdog for 200 seconds at Sat May 12 14:14:55 UTC 2018
2019 ms. Memory: 468992K Free: 344246K (73%)
ptolemy.util.test.WatchDog.cancel(): canceling Sat May 12 14:14:57 UTC 2018
------------------ testing $PTII/ptolemy/domains/de/test/auto/VariableDelay.xml
auto.tcl: Setting watchdog for 200 seconds at Sat May 12 14:14:57 UTC 2018
2 ms. Memory: 466432K Free: 451491K (97%)
ptolemy.util.test.WatchDog.cancel(): canceling Sat May 12 14:14:57 UTC 2018
auto.tcl: Setting watchdog for 200 seconds at Sat May 12 14:14:57 UTC 2018
1 ms. Memory: 466432K Free: 451491K (97%)
ptolemy.util.test.WatchDog.cancel(): canceling Sat May 12 14:14:57 UTC 2018
------------------ testing $PTII/ptolemy/domains/de/test/auto/VariableDelay2.xml
auto.tcl: Setting watchdog for 200 seconds at Sat May 12 14:14:57 UTC 2018
2 ms. Memory: 468992K Free: 454466K (97%)
ptolemy.util.test.WatchDog.cancel(): canceling Sat May 12 14:14:57 UTC 2018
auto.tcl: Setting watchdog for 200 seconds at Sat May 12 14:14:57 UTC 2018
2 ms. Memory: 468992K Free: 454466K (97%)
ptolemy.util.test.WatchDog.cancel(): canceling Sat May 12 14:14:57 UTC 2018
------------------ testing $PTII/ptolemy/domains/de/test/auto/VariableDelayZeroDelay.xml
auto.tcl: Setting watchdog for 200 seconds at Sat May 12 14:14:57 UTC 2018
1 ms. Memory: 466432K Free: 448055K (96%)
ptolemy.util.test.WatchDog.cancel(): canceling Sat May 12 14:14:57 UTC 2018
auto.tcl: Setting watchdog for 200 seconds at Sat May 12 14:14:57 UTC 2018
2 ms. Memory: 466432K Free: 448055K (96%)
ptolemy.util.test.WatchDog.cancel(): canceling Sat May 12 14:14:57 UTC 2018
------------------ testing $PTII/ptolemy/domains/de/test/auto/VariableDelayZeroDelay2.xml
auto.tcl: Setting watchdog for 200 seconds at Sat May 12 14:14:57 UTC 2018
1 ms. Memory: 468480K Free: 450101K (96%)
ptolemy.util.test.WatchDog.cancel(): canceling Sat May 12 14:14:57 UTC 2018
auto.tcl: Setting watchdog for 200 seconds at Sat May 12 14:14:57 UTC 2018
1 ms. Memory: 468480K Free: 450101K (96%)
ptolemy.util.test.WatchDog.cancel(): canceling Sat May 12 14:14:57 UTC 2018
------------------ testing $PTII/ptolemy/domains/de/test/auto/deInCt.xml
auto.tcl: Setting watchdog for 200 seconds at Sat May 12 14:14:57 UTC 2018
0
1
1
1
1
0
0
0
1
1
1
0
0
0
1
1
1
0
0
0
0
0
1
1
1
1
0
0
0
1
1
1
1
0
0
0
1
1
1
0
0
0
1
1
1
0
0
0
0
18 ms. Memory: 466432K Free: 448041K (96%)
ptolemy.util.test.WatchDog.cancel(): canceling Sat May 12 14:14:57 UTC 2018
auto.tcl: Setting watchdog for 200 seconds at Sat May 12 14:14:57 UTC 2018
0
1
1
1
0
0
0
0
1
1
1
0
0
0
1
1
1
0
0
0
0
1
1
1
1
0
0
0
1
1
1
0
0
0
1
1
1
0
0
0
1
1
1
0
0
0
1
1
1
1
10 ms. Memory: 466432K Free: 448041K (96%)
ptolemy.util.test.WatchDog.cancel(): canceling Sat May 12 14:14:57 UTC 2018
------------------ testing $PTII/ptolemy/domains/de/test/auto/deInCt2.xml
auto.tcl: Setting watchdog for 200 seconds at Sat May 12 14:14:57 UTC 2018
0
1
1
1
0
0
1
1
1
0
0
1
1
1
0
0
1
1
1
0
0
1
1
1
0
0
1
1
1
0
0
1
1
1
0
0
1
1
1
0
0
0
9 ms. Memory: 468480K Free: 450088K (96%)
ptolemy.util.test.WatchDog.cancel(): canceling Sat May 12 14:14:57 UTC 2018
auto.tcl: Setting watchdog for 200 seconds at Sat May 12 14:14:57 UTC 2018
0
1
1
1
0
0
1
1
1
0
0
1
1
1
0
0
1
1
1
0
0
1
1
1
0
0
1
1
1
0
0
1
1
1
0
0
1
1
1
0
0
0
4 ms. Memory: 468480K Free: 450088K (96%)
ptolemy.util.test.WatchDog.cancel(): canceling Sat May 12 14:14:57 UTC 2018
------------------ testing $PTII/ptolemy/domains/de/test/auto/dynamicCausalityInterface1.xml
auto.tcl: Setting watchdog for 200 seconds at Sat May 12 14:14:57 UTC 2018
1 ms. Memory: 466432K Free: 446247K (96%)
ptolemy.util.test.WatchDog.cancel(): canceling Sat May 12 14:14:57 UTC 2018
auto.tcl: Setting watchdog for 200 seconds at Sat May 12 14:14:57 UTC 2018
1 ms. Memory: 466432K Free: 446247K (96%)
ptolemy.util.test.WatchDog.cancel(): canceling Sat May 12 14:14:57 UTC 2018
------------------ testing $PTII/ptolemy/domains/de/test/auto/fsm_de_test.xml
auto.tcl: Setting watchdog for 200 seconds at Sat May 12 14:14:57 UTC 2018
10 ms. Memory: 467968K Free: 443819K (95%)
ptolemy.util.test.WatchDog.cancel(): canceling Sat May 12 14:14:57 UTC 2018
auto.tcl: Setting watchdog for 200 seconds at Sat May 12 14:14:57 UTC 2018
5 ms. Memory: 467968K Free: 443819K (95%)
ptolemy.util.test.WatchDog.cancel(): canceling Sat May 12 14:14:57 UTC 2018
------------------ testing $PTII/ptolemy/domains/de/test/auto/functionDependencyReconstruction.xml
auto.tcl: Setting watchdog for 200 seconds at Sat May 12 14:14:57 UTC 2018
5 ms. Memory: 466432K Free: 436624K (94%)
ptolemy.util.test.WatchDog.cancel(): canceling Sat May 12 14:14:58 UTC 2018
auto.tcl: Setting watchdog for 200 seconds at Sat May 12 14:14:58 UTC 2018
3 ms. Memory: 466432K Free: 430975K (92%)
ptolemy.util.test.WatchDog.cancel(): canceling Sat May 12 14:14:58 UTC 2018
------------------ testing $PTII/ptolemy/domains/de/test/auto/multirate.xml
auto.tcl: Setting watchdog for 200 seconds at Sat May 12 14:14:58 UTC 2018
6 ms. Memory: 467968K Free: 447536K (96%)
ptolemy.util.test.WatchDog.cancel(): canceling Sat May 12 14:14:58 UTC 2018
auto.tcl: Setting watchdog for 200 seconds at Sat May 12 14:14:58 UTC 2018
2 ms. Memory: 467968K Free: 447536K (96%)
ptolemy.util.test.WatchDog.cancel(): canceling Sat May 12 14:14:58 UTC 2018
------------------ testing $PTII/ptolemy/domains/de/test/auto/multirate2.xml
auto.tcl: Setting watchdog for 200 seconds at Sat May 12 14:14:58 UTC 2018
2 ms. Memory: 466432K Free: 447996K (96%)
ptolemy.util.test.WatchDog.cancel(): canceling Sat May 12 14:14:58 UTC 2018
auto.tcl: Setting watchdog for 200 seconds at Sat May 12 14:14:58 UTC 2018
2 ms. Memory: 466432K Free: 442347K (95%)
ptolemy.util.test.WatchDog.cancel(): canceling Sat May 12 14:14:58 UTC 2018
------------------ testing $PTII/ptolemy/domains/de/test/auto/realtime.xml
auto.tcl: Setting watchdog for 200 seconds at Sat May 12 14:14:58 UTC 2018
10005 ms. Memory: 467456K Free: 449009K (96%)
ptolemy.util.test.WatchDog.cancel(): canceling Sat May 12 14:15:08 UTC 2018
auto.tcl: Setting watchdog for 200 seconds at Sat May 12 14:15:08 UTC 2018
10002 ms. Memory: 467456K Free: 449009K (96%)
ptolemy.util.test.WatchDog.cancel(): canceling Sat May 12 14:15:18 UTC 2018
------------------ testing $PTII/ptolemy/domains/de/test/auto/relationGroup.xml
auto.tcl: Setting watchdog for 200 seconds at Sat May 12 14:15:18 UTC 2018
9 ms. Memory: 466432K Free: 448020K (96%)
ptolemy.util.test.WatchDog.cancel(): canceling Sat May 12 14:15:18 UTC 2018
auto.tcl: Setting watchdog for 200 seconds at Sat May 12 14:15:18 UTC 2018
1 ms. Memory: 466432K Free: 448020K (96%)
ptolemy.util.test.WatchDog.cancel(): canceling Sat May 12 14:15:18 UTC 2018
------------------ testing $PTII/ptolemy/domains/de/test/auto/relationGroup2.xml
auto.tcl: Setting watchdog for 200 seconds at Sat May 12 14:15:18 UTC 2018
2 ms. Memory: 467456K Free: 449070K (96%)
ptolemy.util.test.WatchDog.cancel(): canceling Sat May 12 14:15:18 UTC 2018
auto.tcl: Setting watchdog for 200 seconds at Sat May 12 14:15:18 UTC 2018
1 ms. Memory: 467456K Free: 449070K (96%)
ptolemy.util.test.WatchDog.cancel(): canceling Sat May 12 14:15:18 UTC 2018
------------------ testing $PTII/ptolemy/domains/de/test/auto/sortWithOpaquePorts.xml
auto.tcl: Setting watchdog for 200 seconds at Sat May 12 14:15:18 UTC 2018
1 ms. Memory: 466432K Free: 448048K (96%)
ptolemy.util.test.WatchDog.cancel(): canceling Sat May 12 14:15:18 UTC 2018
auto.tcl: Setting watchdog for 200 seconds at Sat May 12 14:15:18 UTC 2018
1 ms. Memory: 466432K Free: 448048K (96%)
ptolemy.util.test.WatchDog.cancel(): canceling Sat May 12 14:15:18 UTC 2018
------------------ testing $PTII/ptolemy/domains/de/test/auto/transferInputsandOutputs.xml
auto.tcl: Setting watchdog for 200 seconds at Sat May 12 14:15:18 UTC 2018
1 ms. Memory: 467456K Free: 443419K (95%)
ptolemy.util.test.WatchDog.cancel(): canceling Sat May 12 14:15:18 UTC 2018
auto.tcl: Setting watchdog for 200 seconds at Sat May 12 14:15:18 UTC 2018
2 ms. Memory: 467456K Free: 443419K (95%)
ptolemy.util.test.WatchDog.cancel(): canceling Sat May 12 14:15:18 UTC 2018
------------------ testing $PTII/ptolemy/domains/de/test/auto/triggerType.xml
auto.tcl: Setting watchdog for 200 seconds at Sat May 12 14:15:18 UTC 2018
1 ms. Memory: 466432K Free: 447986K (96%)
ptolemy.util.test.WatchDog.cancel(): canceling Sat May 12 14:15:18 UTC 2018
auto.tcl: Setting watchdog for 200 seconds at Sat May 12 14:15:18 UTC 2018
1 ms. Memory: 466432K Free: 447986K (96%)
ptolemy.util.test.WatchDog.cancel(): canceling Sat May 12 14:15:18 UTC 2018
05/12/18 02:15:18
Failed: 0  Total Tests: 192  ((Passed: 187, Newly Passed: 1)  Known Failed: 5) /home/travis/build/icyphy/ptII/ptolemy/domains/de/test
05/12/18 02:15:18
Failed: 0  Total Tests: 192  ((Passed: 187, Newly Passed: 1)  Known Failed: 5) /home/travis/build/icyphy/ptII/ptolemy/domains/de/test
----------------- testing (KnownFailure) /home/travis/build/icyphy/ptII/ptolemy/domains/de/test/auto/knownFailedTests/DESDFClockTest.xml
2008 ms. Memory: 466944K Free: 433124K (93%)
Known Failure: java.lang.reflect.InvocationTargetException
----------------- testing (KnownFailure) /home/travis/build/icyphy/ptII/ptolemy/domains/de/test/auto/knownFailedTests/DirectFeedback.xml
1 ms. Memory: 466944K Free: 402322K (86%)
Known Failure: java.lang.reflect.InvocationTargetException
----------------- testing (KnownFailure) /home/travis/build/icyphy/ptII/ptolemy/domains/de/test/auto/knownFailedTests/FSMSource.xml
4 ms. Memory: 466944K Free: 371519K (80%)
----------------- testing (KnownFailure) /home/travis/build/icyphy/ptII/ptolemy/domains/de/test/auto/knownFailedTests/HierarchicalModel.xml
2 ms. Memory: 466944K Free: 340701K (73%)
Known Failure: java.lang.reflect.InvocationTargetException
----------------- testing (KnownFailure) /home/travis/build/icyphy/ptII/ptolemy/domains/de/test/auto/knownFailedTests/dependencyLoop.xml
2 ms. Memory: 466944K Free: 302191K (65%)
Known Failure: java.lang.reflect.InvocationTargetException
----------------- testing (KnownFailure) /home/travis/build/icyphy/ptII/ptolemy/domains/de/test/auto/knownFailedTests/dependencyLoop2.xml
2 ms. Memory: 466944K Free: 263672K (56%)
Known Failure: java.lang.reflect.InvocationTargetException
No auto/*.xml tests in /home/travis/build/icyphy/ptII/ptolemy/domains/de/test
AutoTests.java: About to close Vertx.
AutoTests.java: Vertx closed.
----------------- testing Sat May 12 14:15:20 UTC 2018 /home/travis/build/icyphy/ptII/ptolemy/domains/de/test/auto/ActorDepthCalculation_actorWithoutPorts.xml
----------------- Instantiating /home/travis/build/icyphy/ptII/ptolemy/domains/de/test/auto/ActorDepthCalculation_actorWithoutPorts.xml
1 ms. Memory: 466944K Free: 225169K (48%)
----------------- Invoking toplevel() on ptolemy.moml.MoMLSimpleApplication@301f19d2
----------------- Done invoking toplevel() on ptolemy.moml.MoMLSimpleApplication@301f19d2
reloadAllAccessors: .ActorDepthCalculation_actorWithoutPorts
----------------- testing Sat May 12 14:15:20 UTC 2018 /home/travis/build/icyphy/ptII/ptolemy/domains/de/test/auto/AssemblyLine.xml
----------------- Instantiating /home/travis/build/icyphy/ptII/ptolemy/domains/de/test/auto/AssemblyLine.xml
1 ms. Memory: 466944K Free: 209768K (45%)
----------------- Invoking toplevel() on ptolemy.moml.MoMLSimpleApplication@1a3f0822
----------------- Done invoking toplevel() on ptolemy.moml.MoMLSimpleApplication@1a3f0822
reloadAllAccessors: .AssemblyLine
----------------- testing Sat May 12 14:15:20 UTC 2018 /home/travis/build/icyphy/ptII/ptolemy/domains/de/test/auto/CQBug1.xml
----------------- Instantiating /home/travis/build/icyphy/ptII/ptolemy/domains/de/test/auto/CQBug1.xml
0 ms. Memory: 466944K Free: 194367K (42%)
----------------- Invoking toplevel() on ptolemy.moml.MoMLSimpleApplication@6e60cf40
----------------- Done invoking toplevel() on ptolemy.moml.MoMLSimpleApplication@6e60cf40
reloadAllAccessors: .CQBug1
----------------- testing Sat May 12 14:15:20 UTC 2018 /home/travis/build/icyphy/ptII/ptolemy/domains/de/test/auto/CancelFireAt.xml
----------------- Instantiating /home/travis/build/icyphy/ptII/ptolemy/domains/de/test/auto/CancelFireAt.xml
4 ms. Memory: 466944K Free: 178966K (38%)
----------------- Invoking toplevel() on ptolemy.moml.MoMLSimpleApplication@67e1cd01
----------------- Done invoking toplevel() on ptolemy.moml.MoMLSimpleApplication@67e1cd01
reloadAllAccessors: .CancelFireAt
----------------- testing Sat May 12 14:15:20 UTC 2018 /home/travis/build/icyphy/ptII/ptolemy/domains/de/test/auto/CausalityAndComposabilityAnalysis.xml
----------------- Instantiating /home/travis/build/icyphy/ptII/ptolemy/domains/de/test/auto/CausalityAndComposabilityAnalysis.xml
1 ms. Memory: 466944K Free: 163565K (35%)
----------------- Invoking toplevel() on ptolemy.moml.MoMLSimpleApplication@46791f01
----------------- Done invoking toplevel() on ptolemy.moml.MoMLSimpleApplication@46791f01
reloadAllAccessors: .CausalityAndComposabilityAnalysis
----------------- testing Sat May 12 14:15:20 UTC 2018 /home/travis/build/icyphy/ptII/ptolemy/domains/de/test/auto/CausalityInterface1.xml
----------------- Instantiating /home/travis/build/icyphy/ptII/ptolemy/domains/de/test/auto/CausalityInterface1.xml
5 ms. Memory: 466944K Free: 148164K (32%)
----------------- Invoking toplevel() on ptolemy.moml.MoMLSimpleApplication@6cb9a128
----------------- Done invoking toplevel() on ptolemy.moml.MoMLSimpleApplication@6cb9a128
reloadAllAccessors: .CausalityInterface1
----------------- testing Sat May 12 14:15:20 UTC 2018 /home/travis/build/icyphy/ptII/ptolemy/domains/de/test/auto/CausalityInterface15.xml
----------------- Instantiating /home/travis/build/icyphy/ptII/ptolemy/domains/de/test/auto/CausalityInterface15.xml
2 ms. Memory: 466944K Free: 132763K (28%)
----------------- Invoking toplevel() on ptolemy.moml.MoMLSimpleApplication@16d0bd01
----------------- Done invoking toplevel() on ptolemy.moml.MoMLSimpleApplication@16d0bd01
reloadAllAccessors: .CausalityInterface15
----------------- testing Sat May 12 14:15:20 UTC 2018 /home/travis/build/icyphy/ptII/ptolemy/domains/de/test/auto/CausalityInterface2.xml
----------------- Instantiating /home/travis/build/icyphy/ptII/ptolemy/domains/de/test/auto/CausalityInterface2.xml
1 ms. Memory: 466944K Free: 117362K (25%)
----------------- Invoking toplevel() on ptolemy.moml.MoMLSimpleApplication@1357bc8f
----------------- Done invoking toplevel() on ptolemy.moml.MoMLSimpleApplication@1357bc8f
reloadAllAccessors: .CausalityInterface2
----------------- testing Sat May 12 14:15:20 UTC 2018 /home/travis/build/icyphy/ptII/ptolemy/domains/de/test/auto/CausalityInterface3.xml
----------------- Instantiating /home/travis/build/icyphy/ptII/ptolemy/domains/de/test/auto/CausalityInterface3.xml
2 ms. Memory: 466944K Free: 101961K (22%)
----------------- Invoking toplevel() on ptolemy.moml.MoMLSimpleApplication@10fe2741
----------------- Done invoking toplevel() on ptolemy.moml.MoMLSimpleApplication@10fe2741
reloadAllAccessors: .CausalityInterface3
----------------- testing Sat May 12 14:15:20 UTC 2018 /home/travis/build/icyphy/ptII/ptolemy/domains/de/test/auto/ClockDrift.xml
----------------- Instantiating /home/travis/build/icyphy/ptII/ptolemy/domains/de/test/auto/ClockDrift.xml
10 ms. Memory: 466944K Free: 78843K (17%)
----------------- Invoking toplevel() on ptolemy.moml.MoMLSimpleApplication@6614a8
----------------- Done invoking toplevel() on ptolemy.moml.MoMLSimpleApplication@6614a8
reloadAllAccessors: .ClockDrift
----------------- testing Sat May 12 14:15:20 UTC 2018 /home/travis/build/icyphy/ptII/ptolemy/domains/de/test/auto/ClockDriftAndValueChange.xml
----------------- Instantiating /home/travis/build/icyphy/ptII/ptolemy/domains/de/test/auto/ClockDriftAndValueChange.xml
9 ms. Memory: 449024K Free: 421673K (94%)
----------------- Invoking toplevel() on ptolemy.moml.MoMLSimpleApplication@56244ed3
----------------- Done invoking toplevel() on ptolemy.moml.MoMLSimpleApplication@56244ed3
reloadAllAccessors: .ClockDriftAndValueChange
----------------- testing Sat May 12 14:15:20 UTC 2018 /home/travis/build/icyphy/ptII/ptolemy/domains/de/test/auto/ClockDriftChange.xml
----------------- Instantiating /home/travis/build/icyphy/ptII/ptolemy/domains/de/test/auto/ClockDriftChange.xml
7 ms. Memory: 449024K Free: 396018K (88%)
----------------- Invoking toplevel() on ptolemy.moml.MoMLSimpleApplication@f09916b
----------------- Done invoking toplevel() on ptolemy.moml.MoMLSimpleApplication@f09916b
reloadAllAccessors: .ClockDriftChange
----------------- testing Sat May 12 14:15:20 UTC 2018 /home/travis/build/icyphy/ptII/ptolemy/domains/de/test/auto/ComposableCausalityAnalysis.xml
----------------- Instantiating /home/travis/build/icyphy/ptII/ptolemy/domains/de/test/auto/ComposableCausalityAnalysis.xml
1 ms. Memory: 449024K Free: 381314K (85%)
----------------- Invoking toplevel() on ptolemy.moml.MoMLSimpleApplication@531c0b87
----------------- Done invoking toplevel() on ptolemy.moml.MoMLSimpleApplication@531c0b87
reloadAllAccessors: .ComposableCausalityAnalysis
----------------- testing Sat May 12 14:15:20 UTC 2018 /home/travis/build/icyphy/ptII/ptolemy/domains/de/test/auto/DEFixedPointLimitation.xml
----------------- Instantiating /home/travis/build/icyphy/ptII/ptolemy/domains/de/test/auto/DEFixedPointLimitation.xml
1 ms. Memory: 449024K Free: 366609K (82%)
----------------- Invoking toplevel() on ptolemy.moml.MoMLSimpleApplication@33b261d7
----------------- Done invoking toplevel() on ptolemy.moml.MoMLSimpleApplication@33b261d7
reloadAllAccessors: .DEFixedPointLimitation
----------------- testing Sat May 12 14:15:20 UTC 2018 /home/travis/build/icyphy/ptII/ptolemy/domains/de/test/auto/DEScheduleTest.xml
----------------- Instantiating /home/travis/build/icyphy/ptII/ptolemy/domains/de/test/auto/DEScheduleTest.xml
1 ms. Memory: 449024K Free: 351904K (78%)
----------------- Invoking toplevel() on ptolemy.moml.MoMLSimpleApplication@47202066
----------------- Done invoking toplevel() on ptolemy.moml.MoMLSimpleApplication@47202066
reloadAllAccessors: .DEScheduleTest
----------------- testing Sat May 12 14:15:21 UTC 2018 /home/travis/build/icyphy/ptII/ptolemy/domains/de/test/auto/DEinDEwithStartTimes.xml
----------------- Instantiating /home/travis/build/icyphy/ptII/ptolemy/domains/de/test/auto/DEinDEwithStartTimes.xml
1 ms. Memory: 449024K Free: 337199K (75%)
----------------- Invoking toplevel() on ptolemy.moml.MoMLSimpleApplication@20076a9c
----------------- Done invoking toplevel() on ptolemy.moml.MoMLSimpleApplication@20076a9c
reloadAllAccessors: .DEinDEwithStartTimes
----------------- testing Sat May 12 14:15:21 UTC 2018 /home/travis/build/icyphy/ptII/ptolemy/domains/de/test/auto/DEinDEwithStartTimes2.xml
----------------- Instantiating /home/travis/build/icyphy/ptII/ptolemy/domains/de/test/auto/DEinDEwithStartTimes2.xml
2 ms. Memory: 449024K Free: 322495K (72%)
----------------- Invoking toplevel() on ptolemy.moml.MoMLSimpleApplication@4c4ad002
----------------- Done invoking toplevel() on ptolemy.moml.MoMLSimpleApplication@4c4ad002
reloadAllAccessors: .DEinDEwithStartTimes2
----------------- testing Sat May 12 14:15:21 UTC 2018 /home/travis/build/icyphy/ptII/ptolemy/domains/de/test/auto/DateDemo.xml
----------------- Instantiating /home/travis/build/icyphy/ptII/ptolemy/domains/de/test/auto/DateDemo.xml
3 ms. Memory: 449024K Free: 300422K (67%)
----------------- Invoking toplevel() on ptolemy.moml.MoMLSimpleApplication@20568af9
----------------- Done invoking toplevel() on ptolemy.moml.MoMLSimpleApplication@20568af9
reloadAllAccessors: .DateDemo
----------------- testing Sat May 12 14:15:21 UTC 2018 /home/travis/build/icyphy/ptII/ptolemy/domains/de/test/auto/DateToEvent.xml
----------------- Instantiating /home/travis/build/icyphy/ptII/ptolemy/domains/de/test/auto/DateToEvent.xml
2004 ms. Memory: 449024K Free: 267419K (60%)
----------------- Invoking toplevel() on ptolemy.moml.MoMLSimpleApplication@3b477c52
----------------- Done invoking toplevel() on ptolemy.moml.MoMLSimpleApplication@3b477c52
reloadAllAccessors: .DateToEvent
----------------- testing Sat May 12 14:15:23 UTC 2018 /home/travis/build/icyphy/ptII/ptolemy/domains/de/test/auto/DepthTest1.xml
----------------- Instantiating /home/travis/build/icyphy/ptII/ptolemy/domains/de/test/auto/DepthTest1.xml
1 ms. Memory: 449024K Free: 252715K (56%)
----------------- Invoking toplevel() on ptolemy.moml.MoMLSimpleApplication@562b1da0
----------------- Done invoking toplevel() on ptolemy.moml.MoMLSimpleApplication@562b1da0
reloadAllAccessors: .DepthTest1
----------------- testing Sat May 12 14:15:23 UTC 2018 /home/travis/build/icyphy/ptII/ptolemy/domains/de/test/auto/DepthTest2.xml
----------------- Instantiating /home/travis/build/icyphy/ptII/ptolemy/domains/de/test/auto/DepthTest2.xml
2 ms. Memory: 449024K Free: 238010K (53%)
----------------- Invoking toplevel() on ptolemy.moml.MoMLSimpleApplication@2adb9862
----------------- Done invoking toplevel() on ptolemy.moml.MoMLSimpleApplication@2adb9862
reloadAllAccessors: .DepthTest2
----------------- testing Sat May 12 14:15:23 UTC 2018 /home/travis/build/icyphy/ptII/ptolemy/domains/de/test/auto/DepthTest3.xml
----------------- Instantiating /home/travis/build/icyphy/ptII/ptolemy/domains/de/test/auto/DepthTest3.xml
1 ms. Memory: 449024K Free: 223305K (50%)
----------------- Invoking toplevel() on ptolemy.moml.MoMLSimpleApplication@66e7129b
----------------- Done invoking toplevel() on ptolemy.moml.MoMLSimpleApplication@66e7129b
reloadAllAccessors: .DepthTest3
----------------- testing Sat May 12 14:15:23 UTC 2018 /home/travis/build/icyphy/ptII/ptolemy/domains/de/test/auto/DepthTest4.xml
----------------- Instantiating /home/travis/build/icyphy/ptII/ptolemy/domains/de/test/auto/DepthTest4.xml
2 ms. Memory: 449024K Free: 208600K (46%)
----------------- Invoking toplevel() on ptolemy.moml.MoMLSimpleApplication@740cf6f3
----------------- Done invoking toplevel() on ptolemy.moml.MoMLSimpleApplication@740cf6f3
reloadAllAccessors: .DepthTest4
----------------- testing Sat May 12 14:15:23 UTC 2018 /home/travis/build/icyphy/ptII/ptolemy/domains/de/test/auto/DepthTest5.xml
----------------- Instantiating /home/travis/build/icyphy/ptII/ptolemy/domains/de/test/auto/DepthTest5.xml
2 ms. Memory: 449024K Free: 193896K (43%)
----------------- Invoking toplevel() on ptolemy.moml.MoMLSimpleApplication@4b679d63
----------------- Done invoking toplevel() on ptolemy.moml.MoMLSimpleApplication@4b679d63
reloadAllAccessors: .DepthTest5
----------------- testing Sat May 12 14:15:23 UTC 2018 /home/travis/build/icyphy/ptII/ptolemy/domains/de/test/auto/DepthTest6.xml
----------------- Instantiating /home/travis/build/icyphy/ptII/ptolemy/domains/de/test/auto/DepthTest6.xml
2 ms. Memory: 449024K Free: 179191K (40%)
----------------- Invoking toplevel() on ptolemy.moml.MoMLSimpleApplication@cc3a432
----------------- Done invoking toplevel() on ptolemy.moml.MoMLSimpleApplication@cc3a432
reloadAllAccessors: .DepthTest6
----------------- testing Sat May 12 14:15:23 UTC 2018 /home/travis/build/icyphy/ptII/ptolemy/domains/de/test/auto/DepthTest7.xml
----------------- Instantiating /home/travis/build/icyphy/ptII/ptolemy/domains/de/test/auto/DepthTest7.xml
1 ms. Memory: 449024K Free: 164486K (37%)
----------------- Invoking toplevel() on ptolemy.moml.MoMLSimpleApplication@544a4643
----------------- Done invoking toplevel() on ptolemy.moml.MoMLSimpleApplication@544a4643
reloadAllAccessors: .DepthTest7
----------------- testing Sat May 12 14:15:23 UTC 2018 /home/travis/build/icyphy/ptII/ptolemy/domains/de/test/auto/EventToDate.xml
----------------- Instantiating /home/travis/build/icyphy/ptII/ptolemy/domains/de/test/auto/EventToDate.xml
3003 ms. Memory: 449024K Free: 138837K (31%)
----------------- Invoking toplevel() on ptolemy.moml.MoMLSimpleApplication@736cd229
----------------- Done invoking toplevel() on ptolemy.moml.MoMLSimpleApplication@736cd229
reloadAllAccessors: .EventToDate
----------------- testing Sat May 12 14:15:26 UTC 2018 /home/travis/build/icyphy/ptII/ptolemy/domains/de/test/auto/FSM1.xml
----------------- Instantiating /home/travis/build/icyphy/ptII/ptolemy/domains/de/test/auto/FSM1.xml
19 ms. Memory: 449024K Free: 116764K (26%)
----------------- Invoking toplevel() on ptolemy.moml.MoMLSimpleApplication@646d8a54
----------------- Done invoking toplevel() on ptolemy.moml.MoMLSimpleApplication@646d8a54
reloadAllAccessors: .FSM1
----------------- testing Sat May 12 14:15:26 UTC 2018 /home/travis/build/icyphy/ptII/ptolemy/domains/de/test/auto/FSM7.xml
----------------- Instantiating /home/travis/build/icyphy/ptII/ptolemy/domains/de/test/auto/FSM7.xml
15 ms. Memory: 449024K Free: 94699K (21%)
----------------- Invoking toplevel() on ptolemy.moml.MoMLSimpleApplication@cffe3b4
----------------- Done invoking toplevel() on ptolemy.moml.MoMLSimpleApplication@cffe3b4
reloadAllAccessors: .FSM7
----------------- testing Sat May 12 14:15:26 UTC 2018 /home/travis/build/icyphy/ptII/ptolemy/domains/de/test/auto/Inspection.xml
----------------- Instantiating /home/travis/build/icyphy/ptII/ptolemy/domains/de/test/auto/Inspection.xml
14 ms. Memory: 449024K Free: 76130K (17%)
----------------- Invoking toplevel() on ptolemy.moml.MoMLSimpleApplication@55eaafd3
----------------- Done invoking toplevel() on ptolemy.moml.MoMLSimpleApplication@55eaafd3
reloadAllAccessors: .Inspection
----------------- testing Sat May 12 14:15:26 UTC 2018 /home/travis/build/icyphy/ptII/ptolemy/domains/de/test/auto/Iteration.xml
----------------- Instantiating /home/travis/build/icyphy/ptII/ptolemy/domains/de/test/auto/Iteration.xml
7 ms. Memory: 432640K Free: 416661K (96%)
----------------- Invoking toplevel() on ptolemy.moml.MoMLSimpleApplication@3e23bff3
----------------- Done invoking toplevel() on ptolemy.moml.MoMLSimpleApplication@3e23bff3
reloadAllAccessors: .Iteration
----------------- testing Sat May 12 14:15:26 UTC 2018 /home/travis/build/icyphy/ptII/ptolemy/domains/de/test/auto/LineFault.xml
----------------- Instantiating /home/travis/build/icyphy/ptII/ptolemy/domains/de/test/auto/LineFault.xml
408 ms. Memory: 432640K Free: 291473K (67%)
----------------- Invoking toplevel() on ptolemy.moml.MoMLSimpleApplication@762ff2f4
----------------- Done invoking toplevel() on ptolemy.moml.MoMLSimpleApplication@762ff2f4
reloadAllAccessors: .LineFault
----------------- testing Sat May 12 14:15:26 UTC 2018 /home/travis/build/icyphy/ptII/ptolemy/domains/de/test/auto/MergeModel1Add.xml
----------------- Instantiating /home/travis/build/icyphy/ptII/ptolemy/domains/de/test/auto/MergeModel1Add.xml
5 ms. Memory: 432640K Free: 266866K (62%)
----------------- Invoking toplevel() on ptolemy.moml.MoMLSimpleApplication@62badfb
----------------- Done invoking toplevel() on ptolemy.moml.MoMLSimpleApplication@62badfb
reloadAllAccessors: .MergeModel1Add
----------------- testing Sat May 12 14:15:26 UTC 2018 /home/travis/build/icyphy/ptII/ptolemy/domains/de/test/auto/MergeModel2Add.xml
----------------- Instantiating /home/travis/build/icyphy/ptII/ptolemy/domains/de/test/auto/MergeModel2Add.xml
5 ms. Memory: 432640K Free: 245806K (57%)
----------------- Invoking toplevel() on ptolemy.moml.MoMLSimpleApplication@4107dff3
----------------- Done invoking toplevel() on ptolemy.moml.MoMLSimpleApplication@4107dff3
reloadAllAccessors: .MergeModel2Add
----------------- testing Sat May 12 14:15:26 UTC 2018 /home/travis/build/icyphy/ptII/ptolemy/domains/de/test/auto/MergeModel3Add.xml
----------------- Instantiating /home/travis/build/icyphy/ptII/ptolemy/domains/de/test/auto/MergeModel3Add.xml
5 ms. Memory: 432640K Free: 224747K (52%)
----------------- Invoking toplevel() on ptolemy.moml.MoMLSimpleApplication@d217da6
----------------- Done invoking toplevel() on ptolemy.moml.MoMLSimpleApplication@d217da6
reloadAllAccessors: .MergeModel3Add
----------------- testing Sat May 12 14:15:27 UTC 2018 /home/travis/build/icyphy/ptII/ptolemy/domains/de/test/auto/MergeWithoutDiscard.xml
----------------- Instantiating /home/travis/build/icyphy/ptII/ptolemy/domains/de/test/auto/MergeWithoutDiscard.xml
1 ms. Memory: 432640K Free: 211942K (49%)
----------------- Invoking toplevel() on ptolemy.moml.MoMLSimpleApplication@41a14b0a
----------------- Done invoking toplevel() on ptolemy.moml.MoMLSimpleApplication@41a14b0a
reloadAllAccessors: .MergeWithoutDiscard
----------------- testing Sat May 12 14:15:27 UTC 2018 /home/travis/build/icyphy/ptII/ptolemy/domains/de/test/auto/Modal1.xml
----------------- Instantiating /home/travis/build/icyphy/ptII/ptolemy/domains/de/test/auto/Modal1.xml
6 ms. Memory: 432640K Free: 197897K (46%)
----------------- Invoking toplevel() on ptolemy.moml.MoMLSimpleApplication@6eb1f6d1
----------------- Done invoking toplevel() on ptolemy.moml.MoMLSimpleApplication@6eb1f6d1
reloadAllAccessors: .Modal1
----------------- testing Sat May 12 14:15:27 UTC 2018 /home/travis/build/icyphy/ptII/ptolemy/domains/de/test/auto/Modal2.xml
----------------- Instantiating /home/travis/build/icyphy/ptII/ptolemy/domains/de/test/auto/Modal2.xml
13 ms. Memory: 432640K Free: 183867K (42%)
----------------- Invoking toplevel() on ptolemy.moml.MoMLSimpleApplication@1718dd3d
----------------- Done invoking toplevel() on ptolemy.moml.MoMLSimpleApplication@1718dd3d
reloadAllAccessors: .Modal2
----------------- testing Sat May 12 14:15:27 UTC 2018 /home/travis/build/icyphy/ptII/ptolemy/domains/de/test/auto/Modal3.xml
----------------- Instantiating /home/travis/build/icyphy/ptII/ptolemy/domains/de/test/auto/Modal3.xml
6 ms. Memory: 432640K Free: 169822K (39%)
----------------- Invoking toplevel() on ptolemy.moml.MoMLSimpleApplication@20748d67
----------------- Done invoking toplevel() on ptolemy.moml.MoMLSimpleApplication@20748d67
reloadAllAccessors: .Modal3
----------------- testing Sat May 12 14:15:27 UTC 2018 /home/travis/build/icyphy/ptII/ptolemy/domains/de/test/auto/Modal4.xml
----------------- Instantiating /home/travis/build/icyphy/ptII/ptolemy/domains/de/test/auto/Modal4.xml
7 ms. Memory: 432640K Free: 152270K (35%)
----------------- Invoking toplevel() on ptolemy.moml.MoMLSimpleApplication@5d1bd3c4
----------------- Done invoking toplevel() on ptolemy.moml.MoMLSimpleApplication@5d1bd3c4
reloadAllAccessors: .Modal4
----------------- testing Sat May 12 14:15:27 UTC 2018 /home/travis/build/icyphy/ptII/ptolemy/domains/de/test/auto/Modal5.xml
----------------- Instantiating /home/travis/build/icyphy/ptII/ptolemy/domains/de/test/auto/Modal5.xml
7 ms. Memory: 432640K Free: 132459K (31%)
----------------- Invoking toplevel() on ptolemy.moml.MoMLSimpleApplication@1aafb804
----------------- Done invoking toplevel() on ptolemy.moml.MoMLSimpleApplication@1aafb804
reloadAllAccessors: .Modal5
----------------- testing Sat May 12 14:15:27 UTC 2018 /home/travis/build/icyphy/ptII/ptolemy/domains/de/test/auto/Modal6.xml
----------------- Instantiating /home/travis/build/icyphy/ptII/ptolemy/domains/de/test/auto/Modal6.xml
7 ms. Memory: 432640K Free: 114906K (27%)
----------------- Invoking toplevel() on ptolemy.moml.MoMLSimpleApplication@5a7664ee
----------------- Done invoking toplevel() on ptolemy.moml.MoMLSimpleApplication@5a7664ee
reloadAllAccessors: .Modal6
----------------- testing Sat May 12 14:15:27 UTC 2018 /home/travis/build/icyphy/ptII/ptolemy/domains/de/test/auto/Modal7.xml
----------------- Instantiating /home/travis/build/icyphy/ptII/ptolemy/domains/de/test/auto/Modal7.xml
6 ms. Memory: 432640K Free: 97346K (23%)
----------------- Invoking toplevel() on ptolemy.moml.MoMLSimpleApplication@6cb1623a
----------------- Done invoking toplevel() on ptolemy.moml.MoMLSimpleApplication@6cb1623a
reloadAllAccessors: .Modal7
----------------- testing Sat May 12 14:15:27 UTC 2018 /home/travis/build/icyphy/ptII/ptolemy/domains/de/test/auto/ModalModel.xml
----------------- Instantiating /home/travis/build/icyphy/ptII/ptolemy/domains/de/test/auto/ModalModel.xml
100 ms. Memory: 416768K Free: 360225K (86%)
----------------- Invoking toplevel() on ptolemy.moml.MoMLSimpleApplication@2b98cc8d
----------------- Done invoking toplevel() on ptolemy.moml.MoMLSimpleApplication@2b98cc8d
reloadAllAccessors: .ModalModel
----------------- testing Sat May 12 14:15:27 UTC 2018 /home/travis/build/icyphy/ptII/ptolemy/domains/de/test/auto/ModalSource.xml
----------------- Instantiating /home/travis/build/icyphy/ptII/ptolemy/domains/de/test/auto/ModalSource.xml
4 ms. Memory: 416768K Free: 346886K (83%)
----------------- Invoking toplevel() on ptolemy.moml.MoMLSimpleApplication@442e785f
----------------- Done invoking toplevel() on ptolemy.moml.MoMLSimpleApplication@442e785f
reloadAllAccessors: .ModalSource
----------------- testing Sat May 12 14:15:27 UTC 2018 /home/travis/build/icyphy/ptII/ptolemy/domains/de/test/auto/NonInterruptibleTimerZeroDelay.xml
----------------- Instantiating /home/travis/build/icyphy/ptII/ptolemy/domains/de/test/auto/NonInterruptibleTimerZeroDelay.xml
1 ms. Memory: 416768K Free: 340189K (82%)
----------------- Invoking toplevel() on ptolemy.moml.MoMLSimpleApplication@6c4196f9
----------------- Done invoking toplevel() on ptolemy.moml.MoMLSimpleApplication@6c4196f9
reloadAllAccessors: .NonInterruptibleTimerZeroDelay
----------------- testing Sat May 12 14:15:27 UTC 2018 /home/travis/build/icyphy/ptII/ptolemy/domains/de/test/auto/OpenQueueingNetwork.xml
----------------- Instantiating /home/travis/build/icyphy/ptII/ptolemy/domains/de/test/auto/OpenQueueingNetwork.xml
2020 ms. Memory: 387072K Free: 343170K (89%)
----------------- Invoking toplevel() on ptolemy.moml.MoMLSimpleApplication@467e6090
----------------- Done invoking toplevel() on ptolemy.moml.MoMLSimpleApplication@467e6090
reloadAllAccessors: .OpenQueueingNetwork
----------------- testing Sat May 12 14:15:29 UTC 2018 /home/travis/build/icyphy/ptII/ptolemy/domains/de/test/auto/OpenQueuingNetwork.xml
----------------- Instantiating /home/travis/build/icyphy/ptII/ptolemy/domains/de/test/auto/OpenQueuingNetwork.xml
166 ms. Memory: 387072K Free: 251713K (65%)
----------------- Invoking toplevel() on ptolemy.moml.MoMLSimpleApplication@7f24e527
----------------- Done invoking toplevel() on ptolemy.moml.MoMLSimpleApplication@7f24e527
reloadAllAccessors: .OpenQueuingNetwork
----------------- testing Sat May 12 14:15:29 UTC 2018 /home/travis/build/icyphy/ptII/ptolemy/domains/de/test/auto/PeriodicSampler.xml
----------------- Instantiating /home/travis/build/icyphy/ptII/ptolemy/domains/de/test/auto/PeriodicSampler.xml
1 ms. Memory: 387072K Free: 244717K (63%)
----------------- Invoking toplevel() on ptolemy.moml.MoMLSimpleApplication@630a7636
----------------- Done invoking toplevel() on ptolemy.moml.MoMLSimpleApplication@630a7636
reloadAllAccessors: .PeriodicSampler
----------------- testing Sat May 12 14:15:29 UTC 2018 /home/travis/build/icyphy/ptII/ptolemy/domains/de/test/auto/PersistentIO.xml
----------------- Instantiating /home/travis/build/icyphy/ptII/ptolemy/domains/de/test/auto/PersistentIO.xml
3 ms. Memory: 387072K Free: 232491K (60%)
----------------- Invoking toplevel() on ptolemy.moml.MoMLSimpleApplication@3a4e79e5
----------------- Done invoking toplevel() on ptolemy.moml.MoMLSimpleApplication@3a4e79e5
reloadAllAccessors: .PersistentIO
----------------- testing Sat May 12 14:15:29 UTC 2018 /home/travis/build/icyphy/ptII/ptolemy/domains/de/test/auto/PortParameterResetOnInitialize.xml
----------------- Instantiating /home/travis/build/icyphy/ptII/ptolemy/domains/de/test/auto/PortParameterResetOnInitialize.xml
1 ms. Memory: 387072K Free: 222436K (57%)
----------------- Invoking toplevel() on ptolemy.moml.MoMLSimpleApplication@3768d051
----------------- Done invoking toplevel() on ptolemy.moml.MoMLSimpleApplication@3768d051
reloadAllAccessors: .PortParameterResetOnInitialize
----------------- testing Sat May 12 14:15:29 UTC 2018 /home/travis/build/icyphy/ptII/ptolemy/domains/de/test/auto/PortParameterUpdates.xml
----------------- Instantiating /home/travis/build/icyphy/ptII/ptolemy/domains/de/test/auto/PortParameterUpdates.xml
3 ms. Memory: 387072K Free: 213250K (55%)
----------------- Invoking toplevel() on ptolemy.moml.MoMLSimpleApplication@34fd25a6
----------------- Done invoking toplevel() on ptolemy.moml.MoMLSimpleApplication@34fd25a6
reloadAllAccessors: .PortParameterUpdates
----------------- testing Sat May 12 14:15:29 UTC 2018 /home/travis/build/icyphy/ptII/ptolemy/domains/de/test/auto/QueueAndServer.xml
----------------- Instantiating /home/travis/build/icyphy/ptII/ptolemy/domains/de/test/auto/QueueAndServer.xml
5 ms. Memory: 387072K Free: 203189K (52%)
----------------- Invoking toplevel() on ptolemy.moml.MoMLSimpleApplication@351f5937
----------------- Done invoking toplevel() on ptolemy.moml.MoMLSimpleApplication@351f5937
reloadAllAccessors: .QueueAndServer
----------------- testing Sat May 12 14:15:29 UTC 2018 /home/travis/build/icyphy/ptII/ptolemy/domains/de/test/auto/Records.xml
----------------- Instantiating /home/travis/build/icyphy/ptII/ptolemy/domains/de/test/auto/Records.xml
2 ms. Memory: 387072K Free: 193129K (50%)
----------------- Invoking toplevel() on ptolemy.moml.MoMLSimpleApplication@79f37d8b
----------------- Done invoking toplevel() on ptolemy.moml.MoMLSimpleApplication@79f37d8b
reloadAllAccessors: .Records
----------------- testing Sat May 12 14:15:29 UTC 2018 /home/travis/build/icyphy/ptII/ptolemy/domains/de/test/auto/ResetTransitionWithStartTime1.xml
----------------- Instantiating /home/travis/build/icyphy/ptII/ptolemy/domains/de/test/auto/ResetTransitionWithStartTime1.xml
4 ms. Memory: 387072K Free: 180878K (47%)
----------------- Invoking toplevel() on ptolemy.moml.MoMLSimpleApplication@43858381
----------------- Done invoking toplevel() on ptolemy.moml.MoMLSimpleApplication@43858381
reloadAllAccessors: .ResetTransitionWithStartTime1
----------------- testing Sat May 12 14:15:29 UTC 2018 /home/travis/build/icyphy/ptII/ptolemy/domains/de/test/auto/ResetTransitionWithStartTime2.xml
----------------- Instantiating /home/travis/build/icyphy/ptII/ptolemy/domains/de/test/auto/ResetTransitionWithStartTime2.xml
4 ms. Memory: 387072K Free: 167753K (43%)
----------------- Invoking toplevel() on ptolemy.moml.MoMLSimpleApplication@4f895ba0
----------------- Done invoking toplevel() on ptolemy.moml.MoMLSimpleApplication@4f895ba0
reloadAllAccessors: .ResetTransitionWithStartTime2
----------------- testing Sat May 12 14:15:29 UTC 2018 /home/travis/build/icyphy/ptII/ptolemy/domains/de/test/auto/ResetTransitionWithStartTime3.xml
----------------- Instantiating /home/travis/build/icyphy/ptII/ptolemy/domains/de/test/auto/ResetTransitionWithStartTime3.xml
4 ms. Memory: 387072K Free: 155510K (40%)
----------------- Invoking toplevel() on ptolemy.moml.MoMLSimpleApplication@1d9cb241
----------------- Done invoking toplevel() on ptolemy.moml.MoMLSimpleApplication@1d9cb241
reloadAllAccessors: .ResetTransitionWithStartTime3
----------------- testing Sat May 12 14:15:29 UTC 2018 /home/travis/build/icyphy/ptII/ptolemy/domains/de/test/auto/ResetTransitionWithStartTime4.xml
----------------- Instantiating /home/travis/build/icyphy/ptII/ptolemy/domains/de/test/auto/ResetTransitionWithStartTime4.xml
3 ms. Memory: 387072K Free: 142385K (37%)
----------------- Invoking toplevel() on ptolemy.moml.MoMLSimpleApplication@7485d31f
----------------- Done invoking toplevel() on ptolemy.moml.MoMLSimpleApplication@7485d31f
reloadAllAccessors: .ResetTransitionWithStartTime4
----------------- testing Sat May 12 14:15:29 UTC 2018 /home/travis/build/icyphy/ptII/ptolemy/domains/de/test/auto/ResettableTimer1.xml
----------------- Instantiating /home/travis/build/icyphy/ptII/ptolemy/domains/de/test/auto/ResettableTimer1.xml
2 ms. Memory: 387072K Free: 133199K (34%)
----------------- Invoking toplevel() on ptolemy.moml.MoMLSimpleApplication@6f31d09a
----------------- Done invoking toplevel() on ptolemy.moml.MoMLSimpleApplication@6f31d09a
reloadAllAccessors: .ResettableTimer1
----------------- testing Sat May 12 14:15:29 UTC 2018 /home/travis/build/icyphy/ptII/ptolemy/domains/de/test/auto/ResettableTimer2.xml
----------------- Instantiating /home/travis/build/icyphy/ptII/ptolemy/domains/de/test/auto/ResettableTimer2.xml
2 ms. Memory: 387072K Free: 123131K (32%)
----------------- Invoking toplevel() on ptolemy.moml.MoMLSimpleApplication@627149ac
----------------- Done invoking toplevel() on ptolemy.moml.MoMLSimpleApplication@627149ac
reloadAllAccessors: .ResettableTimer2
----------------- testing Sat May 12 14:15:29 UTC 2018 /home/travis/build/icyphy/ptII/ptolemy/domains/de/test/auto/ResettableTimer3.xml
----------------- Instantiating /home/travis/build/icyphy/ptII/ptolemy/domains/de/test/auto/ResettableTimer3.xml
1 ms. Memory: 387072K Free: 113062K (29%)
----------------- Invoking toplevel() on ptolemy.moml.MoMLSimpleApplication@7371d512
----------------- Done invoking toplevel() on ptolemy.moml.MoMLSimpleApplication@7371d512
reloadAllAccessors: .ResettableTimer3
----------------- testing Sat May 12 14:15:29 UTC 2018 /home/travis/build/icyphy/ptII/ptolemy/domains/de/test/auto/ResettableTimer4.xml
----------------- Instantiating /home/travis/build/icyphy/ptII/ptolemy/domains/de/test/auto/ResettableTimer4.xml
1 ms. Memory: 387072K Free: 103876K (27%)
----------------- Invoking toplevel() on ptolemy.moml.MoMLSimpleApplication@12b368bf
----------------- Done invoking toplevel() on ptolemy.moml.MoMLSimpleApplication@12b368bf
reloadAllAccessors: .ResettableTimer4
----------------- testing Sat May 12 14:15:29 UTC 2018 /home/travis/build/icyphy/ptII/ptolemy/domains/de/test/auto/ResettableTimer5.xml
----------------- Instantiating /home/travis/build/icyphy/ptII/ptolemy/domains/de/test/auto/ResettableTimer5.xml
1 ms. Memory: 387072K Free: 93823K (24%)
----------------- Invoking toplevel() on ptolemy.moml.MoMLSimpleApplication@59a30dd3
----------------- Done invoking toplevel() on ptolemy.moml.MoMLSimpleApplication@59a30dd3
reloadAllAccessors: .ResettableTimer5
----------------- testing Sat May 12 14:15:29 UTC 2018 /home/travis/build/icyphy/ptII/ptolemy/domains/de/test/auto/ResettableTimer6.xml
----------------- Instantiating /home/travis/build/icyphy/ptII/ptolemy/domains/de/test/auto/ResettableTimer6.xml
1 ms. Memory: 387072K Free: 84637K (22%)
----------------- Invoking toplevel() on ptolemy.moml.MoMLSimpleApplication@f9fb046
----------------- Done invoking toplevel() on ptolemy.moml.MoMLSimpleApplication@f9fb046
reloadAllAccessors: .ResettableTimer6
----------------- testing Sat May 12 14:15:29 UTC 2018 /home/travis/build/icyphy/ptII/ptolemy/domains/de/test/auto/ServerZeroDelay.xml
----------------- Instantiating /home/travis/build/icyphy/ptII/ptolemy/domains/de/test/auto/ServerZeroDelay.xml
2 ms. Memory: 387072K Free: 77641K (20%)
----------------- Invoking toplevel() on ptolemy.moml.MoMLSimpleApplication@67e2c65e
----------------- Done invoking toplevel() on ptolemy.moml.MoMLSimpleApplication@67e2c65e
reloadAllAccessors: .ServerZeroDelay
----------------- testing Sat May 12 14:15:29 UTC 2018 /home/travis/build/icyphy/ptII/ptolemy/domains/de/test/auto/SmartSender.xml
----------------- Instantiating /home/travis/build/icyphy/ptII/ptolemy/domains/de/test/auto/SmartSender.xml
3007 ms. Memory: 374784K Free: 363229K (97%)
----------------- Invoking toplevel() on ptolemy.moml.MoMLSimpleApplication@7127abcc
----------------- Done invoking toplevel() on ptolemy.moml.MoMLSimpleApplication@7127abcc
reloadAllAccessors: .SmartSender
----------------- testing Sat May 12 14:15:32 UTC 2018 /home/travis/build/icyphy/ptII/ptolemy/domains/de/test/auto/ThreadedComposite.xml
----------------- Instantiating /home/travis/build/icyphy/ptII/ptolemy/domains/de/test/auto/ThreadedComposite.xml
98 ms. Memory: 374784K Free: 334828K (89%)
----------------- Invoking toplevel() on ptolemy.moml.MoMLSimpleApplication@c0d62c5
----------------- Done invoking toplevel() on ptolemy.moml.MoMLSimpleApplication@c0d62c5
reloadAllAccessors: .ThreadedComposite
----------------- testing Sat May 12 14:15:33 UTC 2018 /home/travis/build/icyphy/ptII/ptolemy/domains/de/test/auto/Time.xml
----------------- Instantiating /home/travis/build/icyphy/ptII/ptolemy/domains/de/test/auto/Time.xml
389 ms. Memory: 374784K Free: 275839K (74%)
----------------- Invoking toplevel() on ptolemy.moml.MoMLSimpleApplication@162ba93c
----------------- Done invoking toplevel() on ptolemy.moml.MoMLSimpleApplication@162ba93c
reloadAllAccessors: .Time
----------------- testing Sat May 12 14:15:33 UTC 2018 /home/travis/build/icyphy/ptII/ptolemy/domains/de/test/auto/TimeDelayZeroDelay.xml
----------------- Instantiating /home/travis/build/icyphy/ptII/ptolemy/domains/de/test/auto/TimeDelayZeroDelay.xml
2 ms. Memory: 374784K Free: 266454K (71%)
----------------- Invoking toplevel() on ptolemy.moml.MoMLSimpleApplication@3d360890
----------------- Done invoking toplevel() on ptolemy.moml.MoMLSimpleApplication@3d360890
reloadAllAccessors: .TimeDelayZeroDelay
----------------- testing Sat May 12 14:15:33 UTC 2018 /home/travis/build/icyphy/ptII/ptolemy/domains/de/test/auto/TimerZeroDelay.xml
----------------- Instantiating /home/travis/build/icyphy/ptII/ptolemy/domains/de/test/auto/TimerZeroDelay.xml
1 ms. Memory: 374784K Free: 260005K (69%)
----------------- Invoking toplevel() on ptolemy.moml.MoMLSimpleApplication@381e9227
----------------- Done invoking toplevel() on ptolemy.moml.MoMLSimpleApplication@381e9227
reloadAllAccessors: .TimerZeroDelay
----------------- testing Sat May 12 14:15:33 UTC 2018 /home/travis/build/icyphy/ptII/ptolemy/domains/de/test/auto/TimingParadox.xml
----------------- Instantiating /home/travis/build/icyphy/ptII/ptolemy/domains/de/test/auto/TimingParadox.xml
282 ms. Memory: 374784K Free: 189270K (51%)
----------------- Invoking toplevel() on ptolemy.moml.MoMLSimpleApplication@7733691c
----------------- Done invoking toplevel() on ptolemy.moml.MoMLSimpleApplication@7733691c
reloadAllAccessors: .TimingParadox
----------------- testing Sat May 12 14:15:33 UTC 2018 /home/travis/build/icyphy/ptII/ptolemy/domains/de/test/auto/TransferInputs.xml
----------------- Instantiating /home/travis/build/icyphy/ptII/ptolemy/domains/de/test/auto/TransferInputs.xml
1 ms. Memory: 374784K Free: 179886K (48%)
----------------- Invoking toplevel() on ptolemy.moml.MoMLSimpleApplication@42de3bda
----------------- Done invoking toplevel() on ptolemy.moml.MoMLSimpleApplication@42de3bda
reloadAllAccessors: .TransferInputs
----------------- testing Sat May 12 14:15:33 UTC 2018 /home/travis/build/icyphy/ptII/ptolemy/domains/de/test/auto/TransferOutputs2.xml
----------------- Instantiating /home/travis/build/icyphy/ptII/ptolemy/domains/de/test/auto/TransferOutputs2.xml
2 ms. Memory: 374784K Free: 167568K (45%)
----------------- Invoking toplevel() on ptolemy.moml.MoMLSimpleApplication@49aef3dd
----------------- Done invoking toplevel() on ptolemy.moml.MoMLSimpleApplication@49aef3dd
reloadAllAccessors: .TransferOutputs2
----------------- testing Sat May 12 14:15:33 UTC 2018 /home/travis/build/icyphy/ptII/ptolemy/domains/de/test/auto/Trilateration.xml
----------------- Instantiating /home/travis/build/icyphy/ptII/ptolemy/domains/de/test/auto/Trilateration.xml
10734 ms. Memory: 644608K Free: 109968K (17%)
----------------- Invoking toplevel() on ptolemy.moml.MoMLSimpleApplication@51e3f36a
----------------- Done invoking toplevel() on ptolemy.moml.MoMLSimpleApplication@51e3f36a
reloadAllAccessors: .Trilateration
----------------- testing Sat May 12 14:15:45 UTC 2018 /home/travis/build/icyphy/ptII/ptolemy/domains/de/test/auto/TwoSigmaDelta.xml
----------------- Instantiating /home/travis/build/icyphy/ptII/ptolemy/domains/de/test/auto/TwoSigmaDelta.xml
1912 ms. Memory: 618496K Free: 356565K (58%)
----------------- Invoking toplevel() on ptolemy.moml.MoMLSimpleApplication@3796a86d
----------------- Done invoking toplevel() on ptolemy.moml.MoMLSimpleApplication@3796a86d
reloadAllAccessors: .TwoSigmaDelta
----------------- testing Sat May 12 14:15:47 UTC 2018 /home/travis/build/icyphy/ptII/ptolemy/domains/de/test/auto/VariableDelay.xml
----------------- Instantiating /home/travis/build/icyphy/ptII/ptolemy/domains/de/test/auto/VariableDelay.xml
2 ms. Memory: 618496K Free: 339346K (55%)
----------------- Invoking toplevel() on ptolemy.moml.MoMLSimpleApplication@4633ea45
----------------- Done invoking toplevel() on ptolemy.moml.MoMLSimpleApplication@4633ea45
reloadAllAccessors: .VariableDelay
----------------- testing Sat May 12 14:15:47 UTC 2018 /home/travis/build/icyphy/ptII/ptolemy/domains/de/test/auto/VariableDelay2.xml
----------------- Instantiating /home/travis/build/icyphy/ptII/ptolemy/domains/de/test/auto/VariableDelay2.xml
1 ms. Memory: 618496K Free: 328108K (53%)
----------------- Invoking toplevel() on ptolemy.moml.MoMLSimpleApplication@5cdf3577
----------------- Done invoking toplevel() on ptolemy.moml.MoMLSimpleApplication@5cdf3577
reloadAllAccessors: .VariableDelay2
----------------- testing Sat May 12 14:15:47 UTC 2018 /home/travis/build/icyphy/ptII/ptolemy/domains/de/test/auto/VariableDelayZeroDelay.xml
----------------- Instantiating /home/travis/build/icyphy/ptII/ptolemy/domains/de/test/auto/VariableDelayZeroDelay.xml
4 ms. Memory: 618496K Free: 316869K (51%)
----------------- Invoking toplevel() on ptolemy.moml.MoMLSimpleApplication@456b632
----------------- Done invoking toplevel() on ptolemy.moml.MoMLSimpleApplication@456b632
reloadAllAccessors: .VariableDelayZeroDelay
----------------- testing Sat May 12 14:15:47 UTC 2018 /home/travis/build/icyphy/ptII/ptolemy/domains/de/test/auto/VariableDelayZeroDelay2.xml
----------------- Instantiating /home/travis/build/icyphy/ptII/ptolemy/domains/de/test/auto/VariableDelayZeroDelay2.xml
2 ms. Memory: 618496K Free: 305630K (49%)
----------------- Invoking toplevel() on ptolemy.moml.MoMLSimpleApplication@7e3ae4c9
----------------- Done invoking toplevel() on ptolemy.moml.MoMLSimpleApplication@7e3ae4c9
reloadAllAccessors: .VariableDelayZeroDelay2
----------------- testing Sat May 12 14:15:47 UTC 2018 /home/travis/build/icyphy/ptII/ptolemy/domains/de/test/auto/deInCt.xml
----------------- Instantiating /home/travis/build/icyphy/ptII/ptolemy/domains/de/test/auto/deInCt.xml
0
1
1
1
1
1
0
0
0
0
0
1
1
1
0
0
0
1
1
1
1
0
0
0
0
1
1
1
0
0
0
10 ms. Memory: 618496K Free: 294392K (48%)
----------------- Invoking toplevel() on ptolemy.moml.MoMLSimpleApplication@19e2f811
----------------- Done invoking toplevel() on ptolemy.moml.MoMLSimpleApplication@19e2f811
reloadAllAccessors: .deInCt
----------------- testing Sat May 12 14:15:47 UTC 2018 /home/travis/build/icyphy/ptII/ptolemy/domains/de/test/auto/deInCt2.xml
----------------- Instantiating /home/travis/build/icyphy/ptII/ptolemy/domains/de/test/auto/deInCt2.xml
0
1
1
1
0
0
1
1
1
0
0
1
1
1
0
0
1
1
1
0
0
1
1
1
0
0
1
1
1
0
0
1
1
1
0
0
1
1
1
0
0
0
14 ms. Memory: 618496K Free: 283151K (46%)
----------------- Invoking toplevel() on ptolemy.moml.MoMLSimpleApplication@3a6b2d5f
----------------- Done invoking toplevel() on ptolemy.moml.MoMLSimpleApplication@3a6b2d5f
reloadAllAccessors: .deInCt2
----------------- testing Sat May 12 14:15:47 UTC 2018 /home/travis/build/icyphy/ptII/ptolemy/domains/de/test/auto/dynamicCausalityInterface1.xml
----------------- Instantiating /home/travis/build/icyphy/ptII/ptolemy/domains/de/test/auto/dynamicCausalityInterface1.xml
2 ms. Memory: 618496K Free: 266531K (43%)
----------------- Invoking toplevel() on ptolemy.moml.MoMLSimpleApplication@72ca1f57
----------------- Done invoking toplevel() on ptolemy.moml.MoMLSimpleApplication@72ca1f57
reloadAllAccessors: .dynamicCausalityInterface1
----------------- testing Sat May 12 14:15:47 UTC 2018 /home/travis/build/icyphy/ptII/ptolemy/domains/de/test/auto/fsm_de_test.xml
----------------- Instantiating /home/travis/build/icyphy/ptII/ptolemy/domains/de/test/auto/fsm_de_test.xml
4 ms. Memory: 618496K Free: 249910K (40%)
----------------- Invoking toplevel() on ptolemy.moml.MoMLSimpleApplication@7bd7e816
----------------- Done invoking toplevel() on ptolemy.moml.MoMLSimpleApplication@7bd7e816
reloadAllAccessors: .fsm_de_test
----------------- testing Sat May 12 14:15:47 UTC 2018 /home/travis/build/icyphy/ptII/ptolemy/domains/de/test/auto/functionDependencyReconstruction.xml
----------------- Instantiating /home/travis/build/icyphy/ptII/ptolemy/domains/de/test/auto/functionDependencyReconstruction.xml
2 ms. Memory: 618496K Free: 227939K (37%)
----------------- Invoking toplevel() on ptolemy.moml.MoMLSimpleApplication@11063b5a
----------------- Done invoking toplevel() on ptolemy.moml.MoMLSimpleApplication@11063b5a
reloadAllAccessors: .functionDependencyReconstruction
----------------- testing Sat May 12 14:15:47 UTC 2018 /home/travis/build/icyphy/ptII/ptolemy/domains/de/test/auto/multirate.xml
----------------- Instantiating /home/travis/build/icyphy/ptII/ptolemy/domains/de/test/auto/multirate.xml
2 ms. Memory: 618496K Free: 211318K (34%)
----------------- Invoking toplevel() on ptolemy.moml.MoMLSimpleApplication@40ca2884
----------------- Done invoking toplevel() on ptolemy.moml.MoMLSimpleApplication@40ca2884
reloadAllAccessors: .multirate
----------------- testing Sat May 12 14:15:47 UTC 2018 /home/travis/build/icyphy/ptII/ptolemy/domains/de/test/auto/multirate2.xml
----------------- Instantiating /home/travis/build/icyphy/ptII/ptolemy/domains/de/test/auto/multirate2.xml
2 ms. Memory: 618496K Free: 200080K (32%)
----------------- Invoking toplevel() on ptolemy.moml.MoMLSimpleApplication@226c1c34
----------------- Done invoking toplevel() on ptolemy.moml.MoMLSimpleApplication@226c1c34
reloadAllAccessors: .multirate2
----------------- testing Sat May 12 14:15:47 UTC 2018 /home/travis/build/icyphy/ptII/ptolemy/domains/de/test/auto/realtime.xml
----------------- Instantiating /home/travis/build/icyphy/ptII/ptolemy/domains/de/test/auto/realtime.xml
10001 ms. Memory: 618496K Free: 188841K (31%)
----------------- Invoking toplevel() on ptolemy.moml.MoMLSimpleApplication@450ab73d
----------------- Done invoking toplevel() on ptolemy.moml.MoMLSimpleApplication@450ab73d
reloadAllAccessors: .realtime
----------------- testing Sat May 12 14:15:57 UTC 2018 /home/travis/build/icyphy/ptII/ptolemy/domains/de/test/auto/relationGroup.xml
----------------- Instantiating /home/travis/build/icyphy/ptII/ptolemy/domains/de/test/auto/relationGroup.xml
1 ms. Memory: 618496K Free: 177095K (29%)
----------------- Invoking toplevel() on ptolemy.moml.MoMLSimpleApplication@677e3c7b
----------------- Done invoking toplevel() on ptolemy.moml.MoMLSimpleApplication@677e3c7b
reloadAllAccessors: .relationGroup
----------------- testing Sat May 12 14:15:57 UTC 2018 /home/travis/build/icyphy/ptII/ptolemy/domains/de/test/auto/relationGroup2.xml
----------------- Instantiating /home/travis/build/icyphy/ptII/ptolemy/domains/de/test/auto/relationGroup2.xml
1 ms. Memory: 618496K Free: 165857K (27%)
----------------- Invoking toplevel() on ptolemy.moml.MoMLSimpleApplication@3c88226a
----------------- Done invoking toplevel() on ptolemy.moml.MoMLSimpleApplication@3c88226a
reloadAllAccessors: .relationGroup2
----------------- testing Sat May 12 14:15:57 UTC 2018 /home/travis/build/icyphy/ptII/ptolemy/domains/de/test/auto/sortWithOpaquePorts.xml
----------------- Instantiating /home/travis/build/icyphy/ptII/ptolemy/domains/de/test/auto/sortWithOpaquePorts.xml
1 ms. Memory: 618496K Free: 154618K (25%)
----------------- Invoking toplevel() on ptolemy.moml.MoMLSimpleApplication@24934aaa
----------------- Done invoking toplevel() on ptolemy.moml.MoMLSimpleApplication@24934aaa
reloadAllAccessors: .sortWithOpaquePorts
----------------- testing Sat May 12 14:15:57 UTC 2018 /home/travis/build/icyphy/ptII/ptolemy/domains/de/test/auto/transferInputsandOutputs.xml
----------------- Instantiating /home/travis/build/icyphy/ptII/ptolemy/domains/de/test/auto/transferInputsandOutputs.xml
2 ms. Memory: 618496K Free: 137997K (22%)
----------------- Invoking toplevel() on ptolemy.moml.MoMLSimpleApplication@407ca749
----------------- Done invoking toplevel() on ptolemy.moml.MoMLSimpleApplication@407ca749
reloadAllAccessors: .transferInputsandOutputs
----------------- testing Sat May 12 14:15:57 UTC 2018 /home/travis/build/icyphy/ptII/ptolemy/domains/de/test/auto/triggerType.xml
----------------- Instantiating /home/travis/build/icyphy/ptII/ptolemy/domains/de/test/auto/triggerType.xml
1 ms. Memory: 618496K Free: 126759K (20%)
----------------- Invoking toplevel() on ptolemy.moml.MoMLSimpleApplication@37243101
----------------- Done invoking toplevel() on ptolemy.moml.MoMLSimpleApplication@37243101
reloadAllAccessors: .triggerType
AutoTests.java: About to close Vertx.
AutoTests.java: Vertx closed.
]]></system-out>
  <system-err><![CDATA[java.lang.RuntimeException: Execution failed
	at ptolemy.moml.MoMLSimpleApplication$UnloadThread.run(MoMLSimpleApplication.java:402)
Caused by: ptolemy.kernel.util.IllegalActionException: Found a zero delay loop containing .dependencyLoop.original
  in .dependencyLoop and .dependencyLoop.original
	at ptolemy.actor.util.CausalityInterfaceForComposites._computeOutputPortDepth(CausalityInterfaceForComposites.java:759)
	at ptolemy.actor.util.CausalityInterfaceForComposites._computeInputDepth(CausalityInterfaceForComposites.java:696)
	at ptolemy.actor.util.CausalityInterfaceForComposites._computeOutputPortDepth(CausalityInterfaceForComposites.java:765)
	at ptolemy.actor.util.CausalityInterfaceForComposites._computeInputDepth(CausalityInterfaceForComposites.java:696)
	at ptolemy.actor.util.CausalityInterfaceForComposites._computeOutputPortDepth(CausalityInterfaceForComposites.java:765)
	at ptolemy.actor.util.CausalityInterfaceForComposites._computeInputDepth(CausalityInterfaceForComposites.java:696)
	at ptolemy.actor.util.CausalityInterfaceForComposites._computeActorDepth(CausalityInterfaceForComposites.java:532)
	at ptolemy.actor.util.CausalityInterfaceForComposites.checkForCycles(CausalityInterfaceForComposites.java:96)
	at ptolemy.domains.de.kernel.DEDirector.preinitialize(DEDirector.java:1337)
	at ptolemy.actor.CompositeActor.preinitialize(CompositeActor.java:1828)
	at ptolemy.actor.Manager.preinitializeAndResolveTypes(Manager.java:1040)
	at ptolemy.actor.Manager.initialize(Manager.java:710)
	at ptolemy.actor.Manager.execute(Manager.java:356)
	at ptolemy.actor.Manager.run(Manager.java:1263)
	at ptolemy.actor.Manager$PtolemyRunThread.run(Manager.java:1915)
java.lang.RuntimeException: Execution failed
	at ptolemy.moml.MoMLSimpleApplication$UnloadThread.run(MoMLSimpleApplication.java:402)
Caused by: ptolemy.kernel.util.IllegalActionException: Found a zero delay loop containing .dependencyLoop2.original
  in .dependencyLoop2 and .dependencyLoop2.original
	at ptolemy.actor.util.CausalityInterfaceForComposites._computeOutputPortDepth(CausalityInterfaceForComposites.java:759)
	at ptolemy.actor.util.CausalityInterfaceForComposites._computeInputDepth(CausalityInterfaceForComposites.java:696)
	at ptolemy.actor.util.CausalityInterfaceForComposites._computeOutputPortDepth(CausalityInterfaceForComposites.java:765)
	at ptolemy.actor.util.CausalityInterfaceForComposites._computeInputDepth(CausalityInterfaceForComposites.java:696)
	at ptolemy.actor.util.CausalityInterfaceForComposites._computeOutputPortDepth(CausalityInterfaceForComposites.java:765)
	at ptolemy.actor.util.CausalityInterfaceForComposites._computeInputDepth(CausalityInterfaceForComposites.java:696)
	at ptolemy.actor.util.CausalityInterfaceForComposites._computeActorDepth(CausalityInterfaceForComposites.java:532)
	at ptolemy.actor.util.CausalityInterfaceForComposites.checkForCycles(CausalityInterfaceForComposites.java:96)
	at ptolemy.domains.de.kernel.DEDirector.preinitialize(DEDirector.java:1337)
	at ptolemy.actor.CompositeActor.preinitialize(CompositeActor.java:1828)
	at ptolemy.actor.Manager.preinitializeAndResolveTypes(Manager.java:1040)
	at ptolemy.actor.Manager.initialize(Manager.java:710)
	at ptolemy.actor.Manager.execute(Manager.java:356)
	at ptolemy.actor.Manager.run(Manager.java:1263)
	at ptolemy.actor.Manager$PtolemyRunThread.run(Manager.java:1915)
java.lang.RuntimeException: Execution failed
	at ptolemy.moml.MoMLSimpleApplication$UnloadThread.run(MoMLSimpleApplication.java:402)
Caused by: ptolemy.kernel.util.IllegalActionException: Found a zero delay loop containing .dependencyLoop.original
  in .dependencyLoop and .dependencyLoop.original
	at ptolemy.actor.util.CausalityInterfaceForComposites._computeOutputPortDepth(CausalityInterfaceForComposites.java:759)
	at ptolemy.actor.util.CausalityInterfaceForComposites._computeInputDepth(CausalityInterfaceForComposites.java:696)
	at ptolemy.actor.util.CausalityInterfaceForComposites._computeOutputPortDepth(CausalityInterfaceForComposites.java:765)
	at ptolemy.actor.util.CausalityInterfaceForComposites._computeInputDepth(CausalityInterfaceForComposites.java:696)
	at ptolemy.actor.util.CausalityInterfaceForComposites._computeOutputPortDepth(CausalityInterfaceForComposites.java:765)
	at ptolemy.actor.util.CausalityInterfaceForComposites._computeInputDepth(CausalityInterfaceForComposites.java:696)
	at ptolemy.actor.util.CausalityInterfaceForComposites._computeActorDepth(CausalityInterfaceForComposites.java:532)
	at ptolemy.actor.util.CausalityInterfaceForComposites.checkForCycles(CausalityInterfaceForComposites.java:96)
	at ptolemy.domains.de.kernel.DEDirector.preinitialize(DEDirector.java:1337)
	at ptolemy.actor.CompositeActor.preinitialize(CompositeActor.java:1828)
	at ptolemy.actor.Manager.preinitializeAndResolveTypes(Manager.java:1040)
	at ptolemy.actor.Manager.initialize(Manager.java:710)
	at ptolemy.actor.Manager.execute(Manager.java:356)
	at ptolemy.actor.Manager.run(Manager.java:1263)
	at ptolemy.actor.Manager$PtolemyRunThread.run(Manager.java:1915)
java.lang.RuntimeException: Execution failed
	at ptolemy.moml.MoMLSimpleApplication$UnloadThread.run(MoMLSimpleApplication.java:402)
Caused by: ptolemy.kernel.util.IllegalActionException: Actor is not ready to fire.  Perhaps UpSample.prefire() returned false? Try debugging the actor by selecting "Listen to Actor".  Also, for SDF check moml for tokenConsumptionRate on input.
  in .DESDFClockTest.Play Bell.Copy1:SDF Director and .DESDFClockTest.Play Bell.UpSample
	at ptolemy.actor.sched.StaticSchedulingDirector.fire(StaticSchedulingDirector.java:227)
	at ptolemy.domains.sdf.kernel.SDFDirector.fire(SDFDirector.java:500)
	at ptolemy.actor.CompositeActor.fire(CompositeActor.java:455)
	at ptolemy.domains.de.kernel.DEDirector._fire(DEDirector.java:1948)
	at ptolemy.domains.de.kernel.DEDirector.fire(DEDirector.java:502)
	at ptolemy.actor.CompositeActor.fire(CompositeActor.java:455)
	at ptolemy.actor.Manager.iterate(Manager.java:851)
	at ptolemy.actor.Manager.execute(Manager.java:369)
	at ptolemy.actor.Manager.run(Manager.java:1263)
	at ptolemy.actor.Manager$PtolemyRunThread.run(Manager.java:1915)
java.lang.RuntimeException: Execution failed
	at ptolemy.moml.MoMLSimpleApplication$UnloadThread.run(MoMLSimpleApplication.java:402)
Caused by: ptolemy.kernel.util.IllegalActionException: Found a zero delay loop containing .dependencyLoop2.original
  in .dependencyLoop2 and .dependencyLoop2.original
	at ptolemy.actor.util.CausalityInterfaceForComposites._computeOutputPortDepth(CausalityInterfaceForComposites.java:759)
	at ptolemy.actor.util.CausalityInterfaceForComposites._computeInputDepth(CausalityInterfaceForComposites.java:696)
	at ptolemy.actor.util.CausalityInterfaceForComposites._computeOutputPortDepth(CausalityInterfaceForComposites.java:765)
	at ptolemy.actor.util.CausalityInterfaceForComposites._computeInputDepth(CausalityInterfaceForComposites.java:696)
	at ptolemy.actor.util.CausalityInterfaceForComposites._computeOutputPortDepth(CausalityInterfaceForComposites.java:765)
	at ptolemy.actor.util.CausalityInterfaceForComposites._computeInputDepth(CausalityInterfaceForComposites.java:696)
	at ptolemy.actor.util.CausalityInterfaceForComposites._computeActorDepth(CausalityInterfaceForComposites.java:532)
	at ptolemy.actor.util.CausalityInterfaceForComposites.checkForCycles(CausalityInterfaceForComposites.java:96)
	at ptolemy.domains.de.kernel.DEDirector.preinitialize(DEDirector.java:1337)
	at ptolemy.actor.CompositeActor.preinitialize(CompositeActor.java:1828)
	at ptolemy.actor.Manager.preinitializeAndResolveTypes(Manager.java:1040)
	at ptolemy.actor.Manager.initialize(Manager.java:710)
	at ptolemy.actor.Manager.execute(Manager.java:356)
	at ptolemy.actor.Manager.run(Manager.java:1263)
	at ptolemy.actor.Manager$PtolemyRunThread.run(Manager.java:1915)
java.lang.RuntimeException: Execution failed
	at ptolemy.moml.MoMLSimpleApplication$UnloadThread.run(MoMLSimpleApplication.java:402)
Caused by: ptolemy.kernel.util.IllegalActionException: Found a zero delay loop containing .HierarchicalModel.A
  in .HierarchicalModel and .HierarchicalModel.A
	at ptolemy.actor.util.CausalityInterfaceForComposites._computeOutputPortDepth(CausalityInterfaceForComposites.java:759)
	at ptolemy.actor.util.CausalityInterfaceForComposites._computeInputDepth(CausalityInterfaceForComposites.java:696)
	at ptolemy.actor.util.CausalityInterfaceForComposites._computeOutputPortDepth(CausalityInterfaceForComposites.java:765)
	at ptolemy.actor.util.CausalityInterfaceForComposites._computeInputDepth(CausalityInterfaceForComposites.java:696)
	at ptolemy.actor.util.CausalityInterfaceForComposites._computeOutputPortDepth(CausalityInterfaceForComposites.java:765)
	at ptolemy.actor.util.CausalityInterfaceForComposites._computeInputDepth(CausalityInterfaceForComposites.java:696)
	at ptolemy.actor.util.CausalityInterfaceForComposites._computeActorDepth(CausalityInterfaceForComposites.java:532)
	at ptolemy.actor.util.CausalityInterfaceForComposites.checkForCycles(CausalityInterfaceForComposites.java:96)
	at ptolemy.domains.de.kernel.DEDirector.preinitialize(DEDirector.java:1337)
	at ptolemy.actor.CompositeActor.preinitialize(CompositeActor.java:1828)
	at ptolemy.actor.Manager.preinitializeAndResolveTypes(Manager.java:1040)
	at ptolemy.actor.Manager.initialize(Manager.java:710)
	at ptolemy.actor.Manager.execute(Manager.java:356)
	at ptolemy.actor.Manager.run(Manager.java:1263)
	at ptolemy.actor.Manager$PtolemyRunThread.run(Manager.java:1915)
java.lang.RuntimeException: Execution failed
	at ptolemy.moml.MoMLSimpleApplication$UnloadThread.run(MoMLSimpleApplication.java:402)
Caused by: ptolemy.kernel.util.IllegalActionException: Test fails in iteration 1.
Value was: 1.0. Should have been: 2.0
  in .DirectFeedback.Test
	at ptolemy.actor.lib.Test.fire(Test.java:268)
	at ptolemy.domains.de.kernel.DEDirector._fire(DEDirector.java:1948)
	at ptolemy.domains.de.kernel.DEDirector.fire(DEDirector.java:502)
	at ptolemy.actor.CompositeActor.fire(CompositeActor.java:455)
	at ptolemy.actor.Manager.iterate(Manager.java:851)
	at ptolemy.actor.Manager.execute(Manager.java:369)
	at ptolemy.actor.Manager.run(Manager.java:1263)
	at ptolemy.actor.Manager$PtolemyRunThread.run(Manager.java:1915)
java.lang.RuntimeException: Execution failed
	at ptolemy.moml.MoMLSimpleApplication$UnloadThread.run(MoMLSimpleApplication.java:402)
Caused by: ptolemy.kernel.util.IllegalActionException: Actor is not ready to fire.  Perhaps UpSample.prefire() returned false? Try debugging the actor by selecting "Listen to Actor".  Also, for SDF check moml for tokenConsumptionRate on input.
  in .DESDFClockTest.Play Bell.Copy1:SDF Director and .DESDFClockTest.Play Bell.UpSample
	at ptolemy.actor.sched.StaticSchedulingDirector.fire(StaticSchedulingDirector.java:227)
	at ptolemy.domains.sdf.kernel.SDFDirector.fire(SDFDirector.java:500)
	at ptolemy.actor.CompositeActor.fire(CompositeActor.java:455)
	at ptolemy.domains.de.kernel.DEDirector._fire(DEDirector.java:1948)
	at ptolemy.domains.de.kernel.DEDirector.fire(DEDirector.java:502)
	at ptolemy.actor.CompositeActor.fire(CompositeActor.java:455)
	at ptolemy.actor.Manager.iterate(Manager.java:851)
	at ptolemy.actor.Manager.execute(Manager.java:369)
	at ptolemy.actor.Manager.run(Manager.java:1263)
	at ptolemy.actor.Manager$PtolemyRunThread.run(Manager.java:1915)
java.lang.reflect.InvocationTargetException
	at sun.reflect.NativeConstructorAccessorImpl.newInstance0(Native Method)
	at sun.reflect.NativeConstructorAccessorImpl.newInstance(NativeConstructorAccessorImpl.java:62)
	at sun.reflect.DelegatingConstructorAccessorImpl.newInstance(DelegatingConstructorAccessorImpl.java:45)
	at java.lang.reflect.Constructor.newInstance(Constructor.java:423)
	at ptolemy.util.test.junit.AutoKnownFailedTests.RunModel(AutoKnownFailedTests.java:107)
	at sun.reflect.NativeMethodAccessorImpl.invoke0(Native Method)
	at sun.reflect.NativeMethodAccessorImpl.invoke(NativeMethodAccessorImpl.java:62)
	at sun.reflect.DelegatingMethodAccessorImpl.invoke(DelegatingMethodAccessorImpl.java:43)
	at java.lang.reflect.Method.invoke(Method.java:498)
	at org.junit.runners.model.FrameworkMethod$1.runReflectiveCall(FrameworkMethod.java:44)
	at org.junit.internal.runners.model.ReflectiveCallable.run(ReflectiveCallable.java:15)
	at org.junit.runners.model.FrameworkMethod.invokeExplosively(FrameworkMethod.java:41)
	at junitparams.internal.InvokeParameterisedMethod.evaluate(InvokeParameterisedMethod.java:102)
	at org.junit.internal.runners.statements.FailOnTimeout$1.run(FailOnTimeout.java:28)
Caused by: ptolemy.kernel.util.IllegalActionException: Actor is not ready to fire.  Perhaps UpSample.prefire() returned false? Try debugging the actor by selecting "Listen to Actor".  Also, for SDF check moml for tokenConsumptionRate on input.
  in .DESDFClockTest.Play Bell.Copy1:SDF Director and .DESDFClockTest.Play Bell.UpSample
	at ptolemy.actor.sched.StaticSchedulingDirector.fire(StaticSchedulingDirector.java:227)
	at ptolemy.domains.sdf.kernel.SDFDirector.fire(SDFDirector.java:500)
	at ptolemy.actor.CompositeActor.fire(CompositeActor.java:455)
	at ptolemy.domains.de.kernel.DEDirector._fire(DEDirector.java:1948)
	at ptolemy.domains.de.kernel.DEDirector.fire(DEDirector.java:502)
	at ptolemy.actor.CompositeActor.fire(CompositeActor.java:455)
	at ptolemy.actor.Manager.iterate(Manager.java:851)
	at ptolemy.actor.Manager.execute(Manager.java:369)
	at ptolemy.actor.Manager.run(Manager.java:1263)
	at ptolemy.actor.Manager$PtolemyRunThread.run(Manager.java:1915)
java.lang.RuntimeException: Execution failed
	at ptolemy.moml.MoMLSimpleApplication$UnloadThread.run(MoMLSimpleApplication.java:402)
Caused by: ptolemy.kernel.util.IllegalActionException: Test fails in iteration 1.
Value was: 1.0. Should have been: 2.0
  in .DirectFeedback.Test
	at ptolemy.actor.lib.Test.fire(Test.java:268)
	at ptolemy.domains.de.kernel.DEDirector._fire(DEDirector.java:1948)
	at ptolemy.domains.de.kernel.DEDirector.fire(DEDirector.java:502)
	at ptolemy.actor.CompositeActor.fire(CompositeActor.java:455)
	at ptolemy.actor.Manager.iterate(Manager.java:851)
	at ptolemy.actor.Manager.execute(Manager.java:369)
	at ptolemy.actor.Manager.run(Manager.java:1263)
	at ptolemy.actor.Manager$PtolemyRunThread.run(Manager.java:1915)
java.lang.reflect.InvocationTargetException
	at sun.reflect.NativeConstructorAccessorImpl.newInstance0(Native Method)
	at sun.reflect.NativeConstructorAccessorImpl.newInstance(NativeConstructorAccessorImpl.java:62)
	at sun.reflect.DelegatingConstructorAccessorImpl.newInstance(DelegatingConstructorAccessorImpl.java:45)
	at java.lang.reflect.Constructor.newInstance(Constructor.java:423)
	at ptolemy.util.test.junit.AutoKnownFailedTests.RunModel(AutoKnownFailedTests.java:107)
	at sun.reflect.NativeMethodAccessorImpl.invoke0(Native Method)
	at sun.reflect.NativeMethodAccessorImpl.invoke(NativeMethodAccessorImpl.java:62)
	at sun.reflect.DelegatingMethodAccessorImpl.invoke(DelegatingMethodAccessorImpl.java:43)
	at java.lang.reflect.Method.invoke(Method.java:498)
	at org.junit.runners.model.FrameworkMethod$1.runReflectiveCall(FrameworkMethod.java:44)
	at org.junit.internal.runners.model.ReflectiveCallable.run(ReflectiveCallable.java:15)
	at org.junit.runners.model.FrameworkMethod.invokeExplosively(FrameworkMethod.java:41)
	at junitparams.internal.InvokeParameterisedMethod.evaluate(InvokeParameterisedMethod.java:102)
	at org.junit.internal.runners.statements.FailOnTimeout$1.run(FailOnTimeout.java:28)
Caused by: ptolemy.kernel.util.IllegalActionException: Test fails in iteration 1.
Value was: 1.0. Should have been: 2.0
  in .DirectFeedback.Test
	at ptolemy.actor.lib.Test.fire(Test.java:268)
	at ptolemy.domains.de.kernel.DEDirector._fire(DEDirector.java:1948)
	at ptolemy.domains.de.kernel.DEDirector.fire(DEDirector.java:502)
	at ptolemy.actor.CompositeActor.fire(CompositeActor.java:455)
	at ptolemy.actor.Manager.iterate(Manager.java:851)
	at ptolemy.actor.Manager.execute(Manager.java:369)
	at ptolemy.actor.Manager.run(Manager.java:1263)
	at ptolemy.actor.Manager$PtolemyRunThread.run(Manager.java:1915)
java.lang.RuntimeException: Execution failed
	at ptolemy.moml.MoMLSimpleApplication$UnloadThread.run(MoMLSimpleApplication.java:402)
Caused by: ptolemy.kernel.util.IllegalActionException: Found a zero delay loop containing .HierarchicalModel.A
  in .HierarchicalModel and .HierarchicalModel.A
	at ptolemy.actor.util.CausalityInterfaceForComposites._computeOutputPortDepth(CausalityInterfaceForComposites.java:759)
	at ptolemy.actor.util.CausalityInterfaceForComposites._computeInputDepth(CausalityInterfaceForComposites.java:696)
	at ptolemy.actor.util.CausalityInterfaceForComposites._computeOutputPortDepth(CausalityInterfaceForComposites.java:765)
	at ptolemy.actor.util.CausalityInterfaceForComposites._computeInputDepth(CausalityInterfaceForComposites.java:696)
	at ptolemy.actor.util.CausalityInterfaceForComposites._computeOutputPortDepth(CausalityInterfaceForComposites.java:765)
	at ptolemy.actor.util.CausalityInterfaceForComposites._computeInputDepth(CausalityInterfaceForComposites.java:696)
	at ptolemy.actor.util.CausalityInterfaceForComposites._computeActorDepth(CausalityInterfaceForComposites.java:532)
	at ptolemy.actor.util.CausalityInterfaceForComposites.checkForCycles(CausalityInterfaceForComposites.java:96)
	at ptolemy.domains.de.kernel.DEDirector.preinitialize(DEDirector.java:1337)
	at ptolemy.actor.CompositeActor.preinitialize(CompositeActor.java:1828)
	at ptolemy.actor.Manager.preinitializeAndResolveTypes(Manager.java:1040)
	at ptolemy.actor.Manager.initialize(Manager.java:710)
	at ptolemy.actor.Manager.execute(Manager.java:356)
	at ptolemy.actor.Manager.run(Manager.java:1263)
	at ptolemy.actor.Manager$PtolemyRunThread.run(Manager.java:1915)
java.lang.reflect.InvocationTargetException
	at sun.reflect.NativeConstructorAccessorImpl.newInstance0(Native Method)
	at sun.reflect.NativeConstructorAccessorImpl.newInstance(NativeConstructorAccessorImpl.java:62)
	at sun.reflect.DelegatingConstructorAccessorImpl.newInstance(DelegatingConstructorAccessorImpl.java:45)
	at java.lang.reflect.Constructor.newInstance(Constructor.java:423)
	at ptolemy.util.test.junit.AutoKnownFailedTests.RunModel(AutoKnownFailedTests.java:107)
	at sun.reflect.NativeMethodAccessorImpl.invoke0(Native Method)
	at sun.reflect.NativeMethodAccessorImpl.invoke(NativeMethodAccessorImpl.java:62)
	at sun.reflect.DelegatingMethodAccessorImpl.invoke(DelegatingMethodAccessorImpl.java:43)
	at java.lang.reflect.Method.invoke(Method.java:498)
	at org.junit.runners.model.FrameworkMethod$1.runReflectiveCall(FrameworkMethod.java:44)
	at org.junit.internal.runners.model.ReflectiveCallable.run(ReflectiveCallable.java:15)
	at org.junit.runners.model.FrameworkMethod.invokeExplosively(FrameworkMethod.java:41)
	at junitparams.internal.InvokeParameterisedMethod.evaluate(InvokeParameterisedMethod.java:102)
	at org.junit.internal.runners.statements.FailOnTimeout$1.run(FailOnTimeout.java:28)
Caused by: ptolemy.kernel.util.IllegalActionException: Found a zero delay loop containing .HierarchicalModel.A
  in .HierarchicalModel and .HierarchicalModel.A
	at ptolemy.actor.util.CausalityInterfaceForComposites._computeOutputPortDepth(CausalityInterfaceForComposites.java:759)
	at ptolemy.actor.util.CausalityInterfaceForComposites._computeInputDepth(CausalityInterfaceForComposites.java:696)
	at ptolemy.actor.util.CausalityInterfaceForComposites._computeOutputPortDepth(CausalityInterfaceForComposites.java:765)
	at ptolemy.actor.util.CausalityInterfaceForComposites._computeInputDepth(CausalityInterfaceForComposites.java:696)
	at ptolemy.actor.util.CausalityInterfaceForComposites._computeOutputPortDepth(CausalityInterfaceForComposites.java:765)
	at ptolemy.actor.util.CausalityInterfaceForComposites._computeInputDepth(CausalityInterfaceForComposites.java:696)
	at ptolemy.actor.util.CausalityInterfaceForComposites._computeActorDepth(CausalityInterfaceForComposites.java:532)
	at ptolemy.actor.util.CausalityInterfaceForComposites.checkForCycles(CausalityInterfaceForComposites.java:96)
	at ptolemy.domains.de.kernel.DEDirector.preinitialize(DEDirector.java:1337)
	at ptolemy.actor.CompositeActor.preinitialize(CompositeActor.java:1828)
	at ptolemy.actor.Manager.preinitializeAndResolveTypes(Manager.java:1040)
	at ptolemy.actor.Manager.initialize(Manager.java:710)
	at ptolemy.actor.Manager.execute(Manager.java:356)
	at ptolemy.actor.Manager.run(Manager.java:1263)
	at ptolemy.actor.Manager$PtolemyRunThread.run(Manager.java:1915)
java.lang.RuntimeException: Execution failed
	at ptolemy.moml.MoMLSimpleApplication$UnloadThread.run(MoMLSimpleApplication.java:402)
Caused by: ptolemy.kernel.util.IllegalActionException: Found a zero delay loop containing .dependencyLoop.original
  in .dependencyLoop and .dependencyLoop.original
	at ptolemy.actor.util.CausalityInterfaceForComposites._computeOutputPortDepth(CausalityInterfaceForComposites.java:759)
	at ptolemy.actor.util.CausalityInterfaceForComposites._computeInputDepth(CausalityInterfaceForComposites.java:696)
	at ptolemy.actor.util.CausalityInterfaceForComposites._computeOutputPortDepth(CausalityInterfaceForComposites.java:765)
	at ptolemy.actor.util.CausalityInterfaceForComposites._computeInputDepth(CausalityInterfaceForComposites.java:696)
	at ptolemy.actor.util.CausalityInterfaceForComposites._computeOutputPortDepth(CausalityInterfaceForComposites.java:765)
	at ptolemy.actor.util.CausalityInterfaceForComposites._computeInputDepth(CausalityInterfaceForComposites.java:696)
	at ptolemy.actor.util.CausalityInterfaceForComposites._computeActorDepth(CausalityInterfaceForComposites.java:532)
	at ptolemy.actor.util.CausalityInterfaceForComposites.checkForCycles(CausalityInterfaceForComposites.java:96)
	at ptolemy.domains.de.kernel.DEDirector.preinitialize(DEDirector.java:1337)
	at ptolemy.actor.CompositeActor.preinitialize(CompositeActor.java:1828)
	at ptolemy.actor.Manager.preinitializeAndResolveTypes(Manager.java:1040)
	at ptolemy.actor.Manager.initialize(Manager.java:710)
	at ptolemy.actor.Manager.execute(Manager.java:356)
	at ptolemy.actor.Manager.run(Manager.java:1263)
	at ptolemy.actor.Manager$PtolemyRunThread.run(Manager.java:1915)
java.lang.reflect.InvocationTargetException
	at sun.reflect.NativeConstructorAccessorImpl.newInstance0(Native Method)
	at sun.reflect.NativeConstructorAccessorImpl.newInstance(NativeConstructorAccessorImpl.java:62)
	at sun.reflect.DelegatingConstructorAccessorImpl.newInstance(DelegatingConstructorAccessorImpl.java:45)
	at java.lang.reflect.Constructor.newInstance(Constructor.java:423)
	at ptolemy.util.test.junit.AutoKnownFailedTests.RunModel(AutoKnownFailedTests.java:107)
	at sun.reflect.NativeMethodAccessorImpl.invoke0(Native Method)
	at sun.reflect.NativeMethodAccessorImpl.invoke(NativeMethodAccessorImpl.java:62)
	at sun.reflect.DelegatingMethodAccessorImpl.invoke(DelegatingMethodAccessorImpl.java:43)
	at java.lang.reflect.Method.invoke(Method.java:498)
	at org.junit.runners.model.FrameworkMethod$1.runReflectiveCall(FrameworkMethod.java:44)
	at org.junit.internal.runners.model.ReflectiveCallable.run(ReflectiveCallable.java:15)
	at org.junit.runners.model.FrameworkMethod.invokeExplosively(FrameworkMethod.java:41)
	at junitparams.internal.InvokeParameterisedMethod.evaluate(InvokeParameterisedMethod.java:102)
	at org.junit.internal.runners.statements.FailOnTimeout$1.run(FailOnTimeout.java:28)
Caused by: ptolemy.kernel.util.IllegalActionException: Found a zero delay loop containing .dependencyLoop.original
  in .dependencyLoop and .dependencyLoop.original
	at ptolemy.actor.util.CausalityInterfaceForComposites._computeOutputPortDepth(CausalityInterfaceForComposites.java:759)
	at ptolemy.actor.util.CausalityInterfaceForComposites._computeInputDepth(CausalityInterfaceForComposites.java:696)
	at ptolemy.actor.util.CausalityInterfaceForComposites._computeOutputPortDepth(CausalityInterfaceForComposites.java:765)
	at ptolemy.actor.util.CausalityInterfaceForComposites._computeInputDepth(CausalityInterfaceForComposites.java:696)
	at ptolemy.actor.util.CausalityInterfaceForComposites._computeOutputPortDepth(CausalityInterfaceForComposites.java:765)
	at ptolemy.actor.util.CausalityInterfaceForComposites._computeInputDepth(CausalityInterfaceForComposites.java:696)
	at ptolemy.actor.util.CausalityInterfaceForComposites._computeActorDepth(CausalityInterfaceForComposites.java:532)
	at ptolemy.actor.util.CausalityInterfaceForComposites.checkForCycles(CausalityInterfaceForComposites.java:96)
	at ptolemy.domains.de.kernel.DEDirector.preinitialize(DEDirector.java:1337)
	at ptolemy.actor.CompositeActor.preinitialize(CompositeActor.java:1828)
	at ptolemy.actor.Manager.preinitializeAndResolveTypes(Manager.java:1040)
	at ptolemy.actor.Manager.initialize(Manager.java:710)
	at ptolemy.actor.Manager.execute(Manager.java:356)
	at ptolemy.actor.Manager.run(Manager.java:1263)
	at ptolemy.actor.Manager$PtolemyRunThread.run(Manager.java:1915)
java.lang.RuntimeException: Execution failed
	at ptolemy.moml.MoMLSimpleApplication$UnloadThread.run(MoMLSimpleApplication.java:402)
Caused by: ptolemy.kernel.util.IllegalActionException: Found a zero delay loop containing .dependencyLoop2.original
  in .dependencyLoop2 and .dependencyLoop2.original
	at ptolemy.actor.util.CausalityInterfaceForComposites._computeOutputPortDepth(CausalityInterfaceForComposites.java:759)
	at ptolemy.actor.util.CausalityInterfaceForComposites._computeInputDepth(CausalityInterfaceForComposites.java:696)
	at ptolemy.actor.util.CausalityInterfaceForComposites._computeOutputPortDepth(CausalityInterfaceForComposites.java:765)
	at ptolemy.actor.util.CausalityInterfaceForComposites._computeInputDepth(CausalityInterfaceForComposites.java:696)
	at ptolemy.actor.util.CausalityInterfaceForComposites._computeOutputPortDepth(CausalityInterfaceForComposites.java:765)
	at ptolemy.actor.util.CausalityInterfaceForComposites._computeInputDepth(CausalityInterfaceForComposites.java:696)
	at ptolemy.actor.util.CausalityInterfaceForComposites._computeActorDepth(CausalityInterfaceForComposites.java:532)
	at ptolemy.actor.util.CausalityInterfaceForComposites.checkForCycles(CausalityInterfaceForComposites.java:96)
	at ptolemy.domains.de.kernel.DEDirector.preinitialize(DEDirector.java:1337)
	at ptolemy.actor.CompositeActor.preinitialize(CompositeActor.java:1828)
	at ptolemy.actor.Manager.preinitializeAndResolveTypes(Manager.java:1040)
	at ptolemy.actor.Manager.initialize(Manager.java:710)
	at ptolemy.actor.Manager.execute(Manager.java:356)
	at ptolemy.actor.Manager.run(Manager.java:1263)
	at ptolemy.actor.Manager$PtolemyRunThread.run(Manager.java:1915)
java.lang.reflect.InvocationTargetException
	at sun.reflect.NativeConstructorAccessorImpl.newInstance0(Native Method)
	at sun.reflect.NativeConstructorAccessorImpl.newInstance(NativeConstructorAccessorImpl.java:62)
	at sun.reflect.DelegatingConstructorAccessorImpl.newInstance(DelegatingConstructorAccessorImpl.java:45)
	at java.lang.reflect.Constructor.newInstance(Constructor.java:423)
	at ptolemy.util.test.junit.AutoKnownFailedTests.RunModel(AutoKnownFailedTests.java:107)
	at sun.reflect.NativeMethodAccessorImpl.invoke0(Native Method)
	at sun.reflect.NativeMethodAccessorImpl.invoke(NativeMethodAccessorImpl.java:62)
	at sun.reflect.DelegatingMethodAccessorImpl.invoke(DelegatingMethodAccessorImpl.java:43)
	at java.lang.reflect.Method.invoke(Method.java:498)
	at org.junit.runners.model.FrameworkMethod$1.runReflectiveCall(FrameworkMethod.java:44)
	at org.junit.internal.runners.model.ReflectiveCallable.run(ReflectiveCallable.java:15)
	at org.junit.runners.model.FrameworkMethod.invokeExplosively(FrameworkMethod.java:41)
	at junitparams.internal.InvokeParameterisedMethod.evaluate(InvokeParameterisedMethod.java:102)
	at org.junit.internal.runners.statements.FailOnTimeout$1.run(FailOnTimeout.java:28)
Caused by: ptolemy.kernel.util.IllegalActionException: Found a zero delay loop containing .dependencyLoop2.original
  in .dependencyLoop2 and .dependencyLoop2.original
	at ptolemy.actor.util.CausalityInterfaceForComposites._computeOutputPortDepth(CausalityInterfaceForComposites.java:759)
	at ptolemy.actor.util.CausalityInterfaceForComposites._computeInputDepth(CausalityInterfaceForComposites.java:696)
	at ptolemy.actor.util.CausalityInterfaceForComposites._computeOutputPortDepth(CausalityInterfaceForComposites.java:765)
	at ptolemy.actor.util.CausalityInterfaceForComposites._computeInputDepth(CausalityInterfaceForComposites.java:696)
	at ptolemy.actor.util.CausalityInterfaceForComposites._computeOutputPortDepth(CausalityInterfaceForComposites.java:765)
	at ptolemy.actor.util.CausalityInterfaceForComposites._computeInputDepth(CausalityInterfaceForComposites.java:696)
	at ptolemy.actor.util.CausalityInterfaceForComposites._computeActorDepth(CausalityInterfaceForComposites.java:532)
	at ptolemy.actor.util.CausalityInterfaceForComposites.checkForCycles(CausalityInterfaceForComposites.java:96)
	at ptolemy.domains.de.kernel.DEDirector.preinitialize(DEDirector.java:1337)
	at ptolemy.actor.CompositeActor.preinitialize(CompositeActor.java:1828)
	at ptolemy.actor.Manager.preinitializeAndResolveTypes(Manager.java:1040)
	at ptolemy.actor.Manager.initialize(Manager.java:710)
	at ptolemy.actor.Manager.execute(Manager.java:356)
	at ptolemy.actor.Manager.run(Manager.java:1263)
	at ptolemy.actor.Manager$PtolemyRunThread.run(Manager.java:1915)
]]></system-err>
</testsuite>
