<?xml version="1.0" encoding="UTF-8" ?>
<testsuite errors="0" failures="0" hostname="travis-job-d5243e94-e46c-430b-8778-2ca916bb2b34" name="ptolemy.domains.de.test.junit.JUnitTclTest" skipped="0" tests="101" time="151.851" timestamp="2018-05-30T01:31:47">
  <properties>
    <property name="npm.executable" value="npm" />
    <property name="file.encoding.pkg" value="sun.io" />
    <property name="ptII.mk.exists" value="true" />
    <property name="env.rvm_bin_path" value="/home/travis/.rvm/bin" />
    <property name="java.home" value="/usr/lib/jvm/java-8-oracle/jre" />
    <property name="env.TRAVIS_JOB_NUMBER" value="488.8" />
    <property name="env.DISPLAY" value=":99.0" />
    <property name="java.net.preferIPv4Stack" value="true" />
    <property name="env.SSH_TTY" value="/dev/pts/0" />
    <property name="env.RUN_TESTS" value="false" />
    <property name="timeout.short" value="1000000" />
    <property name="env.TRAVIS_STACK_NODE_ATTRIBUTES" value="/.node-attributes.yml" />
    <property name="junit.formatter" value="xml" />
    <property name="java.endorsed.dirs" value="/usr/lib/jvm/java-8-oracle/jre/lib/endorsed" />
    <property name="env.TRAVIS_SUDO" value="true" />
    <property name="env.LOGNAME" value="travis" />
    <property name="jsdoc.home" value="node_modules/@terraswarm/jsdoc" />
    <property name="debuglevel" value="source,lines,vars" />
    <property name="checkstyle.formatter" value="xml" />
    <property name="bin.vergil.makeable" value="true" />
    <property name="env._system_version" value="14.04" />
    <property name="sun.os.patch.level" value="unknown" />
    <property name="java.vendor.url" value="http://java.oracle.com/" />
    <property name="java.version" value="1.8.0_151" />
    <property name="env.TZ" value="UTC" />
    <property name="env.PT_NO_NET" value="true" />
    <property name="env.TRAVIS_PULL_REQUEST_SHA" value="" />
    <property name="env.TRAVIS_SECURE_ENV_VARS" value="true" />
    <property name="env._system_type" value="Linux" />
    <property name="java.vendor.url.bug" value="http://bugreport.sun.com/bugreport/" />
    <property name="env.SSH_CLIENT" value="10.10.4.22 36594 22" />
    <property name="npmjs-org-is-up" value="true" />
    <property name="env.GEM_HOME" value="/home/travis/.rvm/gems/ruby-2.4.1" />
    <property name="env.HAS_ANTARES_THREE_LITTLE_FRONZIES_BADGE" value="true" />
    <property name="env.PS4" value="+" />
    <property name="ant.project.invoked-targets" value="build,test.core2.xml" />
    <property name="env.TRAVIS_PULL_REQUEST_BRANCH" value="" />
    <property name="env.TRAVIS_REPO_SLUG" value="icyphy/ptII" />
    <property name="node.in.path" value="true" />
    <property name="java.maxmemory" value="1400m" />
    <property name="env.RUBY_VERSION" value="ruby-2.4.1" />
    <property name="user.name" value="travis" />
    <property name="env.LANG" value="en_US.UTF-8" />
    <property name="sun.io.unicode.encoding" value="UnicodeLittle" />
    <property name="sun.jnu.encoding" value="UTF-8" />
    <property name="java.runtime.name" value="Java(TM) SE Runtime Environment" />
    <property name="usefile" value="false" />
    <property name="return.code" value="0" />
    <property name="junit.single.formatter" value="plain" />
    <property name="env.DYLD_LIBRARY_PATH" value="/home/travis/pthla/certi-tools/lib:" />
    <property name="env.DEBIAN_FRONTEND" value="noninteractive" />
    <property name="env.SSH_CONNECTION" value="10.10.4.22 36594 10.20.0.168 22" />
    <property name="env.MYSQL_UNIX_PORT" value="/var/run/mysqld/mysqld.sock" />
    <property name="env.TRAVIS_ALLOW_FAILURE" value="false" />
    <property name="env.LC_ALL" value="en_US.UTF-8" />
    <property name="java.specification.name" value="Java Platform API Specification" />
    <property name="node.works" value="true" />
    <property name="user.timezone" value="" />
    <property name="path.separator" value=":" />
    <property name="env.PYTHON_CFLAGS" value="-g -fstack-protector --param=ssp-buffer-size=4 -Wformat -Werror=format-security" />
    <property name="timeout.long" value="4000000" />
    <property name="env.CERTI_HOME" value="/home/travis/pthla/certi-tools" />
    <property name="file.encoding" value="UTF-8" />
    <property name="ant.file.ptII" value="/home/travis/build/icyphy/ptII/build.xml" />
    <property name="javadoc.packagenames" value="com.*,diva.*,lbnl.*,org.hlacerti.*,org.json.*,org.ptolemy.*,org.terraswarm.*,ptolemy.*,ptserver.*" />
    <property name="env.TRAVIS_PULL_REQUEST_SLUG" value="" />
    <property name="ant.project.default-target" value="build" />
    <property name="env.GIT_ASKPASS" value="echo" />
    <property name="env.HOME" value="/home/travis" />
    <property name="sun.java.command" value="org.apache.tools.ant.taskdefs.optional.junit.JUnitTestRunner ptolemy.domains.de.test.junit.JUnitTclTest skipNonTests=false filtertrace=true haltOnError=false haltOnFailure=false formatter=org.apache.tools.ant.taskdefs.optional.junit.OutErrSummaryJUnitResultFormatter showoutput=true outputtoformatters=true logfailedtests=true threadid=0 logtestlistenerevents=false formatter=org.apache.tools.ant.taskdefs.optional.junit.XMLJUnitResultFormatter,/home/travis/build/icyphy/ptII/reports/junit/TEST-ptolemy.domains.de.test.junit.JUnitTclTest.xml crashfile=/home/travis/build/icyphy/ptII/junitvmwatcher3500514082223300653.properties propsfile=/home/travis/build/icyphy/ptII/junit8746102988279379308.properties" />
    <property name="env.MANPATH" value="/home/travis/.nvm/versions/node/v7.10.1/share/man:/home/travis/.kiex/elixirs/elixir-1.4.5/man:/home/travis/.rvm/rubies/ruby-2.4.1/share/man:/usr/local/man:/usr/local/cmake-3.9.2/man:/usr/local/clang-5.0.0/share/man:/usr/local/share/man:/usr/share/man:/home/travis/.rvm/man" />
    <property name="env.COMPOSER_NO_INTERACTION" value="1" />
    <property name="env.JDK_SWITCHER_DEFAULT" value="oraclejdk8" />
    <property name="ant.file" value="/home/travis/build/icyphy/ptII/build.xml" />
    <property name="env.TRAVIS_COMMIT_RANGE" value="1f50d503a76267c30975524ecf7773a1b6d4b2a6...582d6b3aa45f26384a0dd004ecbce731238e4d41" />
    <property name="env._system_name" value="Ubuntu" />
    <property name="timeout" value="2400000" />
    <property name="ptII.classpath.optional.property" value="/home/travis/build/icyphy/ptII/lib/bsh-2.0b4.jar:/home/travis/build/icyphy/ptII/lib/ptCal.jar:/home/travis/build/icyphy/ptII/lib/java_cup.jar:/home/travis/build/icyphy/ptII/lib/saxon8.jar:/home/travis/build/icyphy/ptII/lib/saxon8-dom.jar:/home/travis/build/icyphy/ptII/lib/chic.jar:/home/travis/build/icyphy/ptII/lib/ptcolt.jar:/usr/lib/jvm/java-8-oracle/lib/tools.jar:/usr/lib/eclipse/plugins/org.eclipse.jdt.core_3.8.2.dist.jar:/usr/lib/eclipse/plugins/org.eclipse.core.runtime_3.8.0.dist.jar:/usr/lib/eclipse/plugins/org.eclipse.osgi_3.8.1.dist.jar:/usr/lib/eclipse/plugins/org.eclipse.core.resources_3.8.1.dist.jar:/usr/lib/eclipse/plugins/org.eclipse.equinox.common_3.6.100.dist.jar:/usr/lib/eclipse/plugins/org.eclipse.core.jobs_3.5.200.dist.jar:/usr/lib/eclipse/plugins/org.eclipse.core.contenttype_3.4.200.dist.jar:/usr/lib/eclipse/plugins/org.eclipse.equinox.preferences_3.5.0.dist.jar:/usr/lib/eclipse/plugins/org.eclipse.text_3.5.200.dist.jar:/usr/lib/eclipse/plugins/org.eclipse.ui.workbench_3.8.1.dist.jar:/usr/lib/eclipse/plugins/org.eclipse.jface_3.8.0.dist.jar:/usr/lib/eclipse/plugins/org.eclipse.swt_3.8.2.jar:/usr/lib/eclipse/plugins/org.eclipse.jface.text_3.8.1.dist.jar:/usr/lib/eclipse/plugins/org.eclipse.ui.workbench.texteditor_3.8.0.dist.jar:/usr/lib/eclipse/plugins/org.eclipse.ui.editors_3.8.0.dist.jar:/usr/lib/eclipse/plugins/org.eclipse.core.commands_3.6.1.dist.jar:/usr/lib/eclipse/plugins/org.eclipse.equinox.registry_3.5.200.dist.jar:/usr/lib/eclipse/plugins/org.eclipse.ui.console_3.5.100.dist.jar:/usr/lib/eclipse/plugins/org.eclipse.ui.forms_3.5.200.dist.jar:/usr/lib/eclipse/plugins/org.eclipse.ui.ide_3.8.1.dist.jar:/home/travis/build/icyphy/ptII/vendors/oracle/dbxml.jar:/home/travis/build/icyphy/ptII/vendors/oracle/db.jar:/home/travis/build/icyphy/ptII/vendors/misc/itext/iText.jar:/home/travis/build/icyphy/ptII/lib/g4ltl.jar:/home/travis/build/icyphy/ptII/lib/StructuralCoder.jar:/home/travis/build/icyphy/ptII/lib/org-openide-util.jar:/home/travis/build/icyphy/ptII/lib/org-openide-util-lookup.jar:/home/travis/build/icyphy/ptII/lib/org-netbeans-api-visual.jar:/home/travis/build/icyphy/ptII/vendors/jai-1_1_2_01/lib/jai_core.jar:/home/travis/build/icyphy/ptII/vendors/jai-1_1_2_01/lib/jai_codec.jar:/home/travis/build/icyphy/ptII/lib/jcerti.jar:/home/travis/build/icyphy/ptII/lib/smack.jar:/home/travis/build/icyphy/ptII/lib/smackx.jar:/home/travis/build/icyphy/ptII/lib/jetty-all-8.1.5-v20120716.jar:/home/travis/build/icyphy/ptII/lib/javax.servlet-api-3.0.1.jar:/home/travis/build/icyphy/ptII/lib/javax.mail.jar:/home/travis/build/icyphy/ptII/vendors/JMF-2.1.1e/lib/jmf.jar:/home/travis/build/icyphy/ptII/lib/jna-4.0.0-variadic.jar:/home/travis/build/icyphy/ptII/vendors/misc/joystick/Joystick.jar:/home/travis/build/icyphy/ptII/lib/ptjacl.jar:/home/travis/build/icyphy/ptII/lib/jsoup-1.8.2.jar:/home/travis/build/icyphy/ptII/lib/junit-4.8.2.jar:/home/travis/build/icyphy/ptII/lib/JUnitParams-0.4.0.jar:/home/travis/build/icyphy/ptII/ptolemy/actor/lib/excel/jxl.jar:/home/travis/build/icyphy/ptII/lib/jython.jar:/home/travis/build/icyphy/ptII/lib/kieler.jar:/home/travis/build/icyphy/ptII/vendors/opencv/share/OpenCV/java/opencv-341.jar:/home/travis/build/icyphy/ptII/lib/oscP5.jar:/home/travis/build/icyphy/ptII/lib/nrjavaserial-3.11.0.devel.jar:/usr/share/java/j3dcore.jar:/usr/share/java/j3dutils.jar:/usr/share/java/vecmath.jar:/home/travis/build/icyphy/ptII/ptolemy/distributed/jini/jar/jini-core.jar:/home/travis/build/icyphy/ptII/ptolemy/distributed/jini/jar/jini-ext.jar:/home/travis/build/icyphy/ptII/ptolemy/distributed/jini/jar/sun-util.jar:/home/travis/build/icyphy/ptII/lib/protobuf-java-2.4.1.jar:/home/travis/build/icyphy/ptII/lib/org.eclipse.paho.client.mqttv3.jar:/home/travis/build/icyphy/ptII/ptserver/lib/hessian-4.0.7.jar:/home/travis/build/icyphy/ptII/ptserver/lib/wmqtt.jar:/home/travis/build/icyphy/ptII/lib/mapss.jar:/home/travis/build/icyphy/ptII/ptolemy/actor/ptalon/antlr/antlr.jar:/home/travis/build/icyphy/ptII/lib/JRI.jar:/home/travis/build/icyphy/ptII/lib/commons-lang-2.6.jar:/home/travis/build/icyphy/ptII/lib/commons-logging-1.1.1.jar:/home/travis/build/icyphy/ptII/lib/sootclasses.jar:/home/travis/build/icyphy/ptII/ptolemy/actor/lib/database/mysql-connector-java-5.1.6-bin.jar:/home/travis/build/icyphy/ptII/vendors/misc/sphinx4/sphinx4-data-5prealpha.jar:/home/travis/build/icyphy/ptII/vendors/misc/sphinx4/sphinx4-core-5prealpha.jar:/home/travis/build/icyphy/ptII/lib/PDFRenderer.jar:/home/travis/build/icyphy/ptII/lib/svgSalamander.jar:/home/travis/build/icyphy/ptII/lib/rsyntaxtextarea-2.6.0-SNAPSHOT.jar:/home/travis/build/icyphy/ptII/lib/hazelcast-3.8.2.jar:/home/travis/build/icyphy/ptII/lib/jackson-annotations-2.9.0.jar:/home/travis/build/icyphy/ptII/lib/jackson-core-2.9.3.jar:/home/travis/build/icyphy/ptII/lib/jackson-databind-2.9.3.jar:/home/travis/build/icyphy/ptII/lib/netty-buffer-4.1.19.Final.jar:/home/travis/build/icyphy/ptII/lib/netty-codec-4.1.19.Final.jar:/home/travis/build/icyphy/ptII/lib/netty-codec-dns-4.1.19.Final.jar:/home/travis/build/icyphy/ptII/lib/netty-codec-http-4.1.19.Final.jar:/home/travis/build/icyphy/ptII/lib/netty-codec-http2-4.1.19.Final.jar:/home/travis/build/icyphy/ptII/lib/netty-common-4.1.19.Final.jar:/home/travis/build/icyphy/ptII/lib/netty-handler-4.1.19.Final.jar:/home/travis/build/icyphy/ptII/lib/netty-resolver-4.1.19.Final.jar:/home/travis/build/icyphy/ptII/lib/netty-resolver-dns-4.1.19.Final.jar:/home/travis/build/icyphy/ptII/lib/netty-transport-4.1.19.Final.jar:/home/travis/build/icyphy/ptII/lib/vertx-codegen-3.5.1.jar:/home/travis/build/icyphy/ptII/lib/vertx-core-3.5.2-SNAPSHOT.jar:/home/travis/build/icyphy/ptII/lib/vertx-hazelcast-3.5.1.jar:/home/travis/build/icyphy/ptII/lib/vertx-lang-js-3.5.1.jar:/home/travis/build/icyphy/ptII/lib/vertx-service-proxy-3.5.1.jar:/home/travis/build/icyphy/ptII/lib/vertx-web-3.5.1.jar:/home/travis/build/icyphy/ptII/lib/slf4j-api-1.7.13.jar:/home/travis/build/icyphy/ptII/lib/slf4j-simple-1.7.13.jar:/home/travis/build/icyphy/ptII/lib/webcam-capture-0.3.12.jar:/home/travis/build/icyphy/ptII/lib/bridj-0.7.0.jar:/home/travis/build/icyphy/ptII/lib/xbjlib-1.1.0.nrjavaserial.jar" />
    <property name="test.batch" value="**/junit/*.java" />
    <property name="env._" value="/usr/bin/timeout" />
    <property name="java.io.tmpdir" value="/tmp" />
    <property name="user.language" value="en" />
    <property name="env.HISTCONTROL" value="ignoredups:ignorespace" />
    <property name="env.GOROOT" value="/home/travis/.gimme/versions/go1.7.4.linux.amd64" />
    <property name="line.separator" value="&#xa;" />
    <property name="target" value="1.8" />
    <property name="env.TRAVIS_BUILD_DIR" value="/home/travis/build/icyphy/ptII" />
    <property name="env.ANT_OPTS" value="-Xmx2048m" />
    <property name="ant.file.type" value="file" />
    <property name="ptolemy.ptII.batchMode" value="true" />
    <property name="env.HISTSIZE" value="1000" />
    <property name="env.MERB_ENV" value="test" />
    <property name="java.vm.info" value="mixed mode" />
    <property name="source" value="1.8" />
    <property name="java.vm.specification.name" value="Java Virtual Machine Specification" />
    <property name="env.TRAVIS_TEST_RESULT" value="0" />
    <property name="jsdoc.command" value="node_modules/@terraswarm/jsdoc/jsdoc.js" />
    <property name="npm.works" value="true" />
    <property name="cobertura.dir" value="/home/travis/build/icyphy/ptII/vendors/cobertura-2.0.3" />
    <property name="env.rvm_path" value="/home/travis/.rvm" />
    <property name="env.GEM_PATH" value="/home/travis/.rvm/gems/ruby-2.4.1:/home/travis/.rvm/gems/ruby-2.4.1@global" />
    <property name="env.LC_CTYPE" value="en_US.UTF-8" />
    <property name="java.awt.printerjob" value="sun.print.PSPrinterJob" />
    <property name="env.TRAVIS_STACK_NAME" value="garnet" />
    <property name="ant.version" value="Apache Ant(TM) version 1.10.1 compiled on February 2 2017" />
    <property name="ptII.reports" value="/home/travis/build/icyphy/ptII/reports" />
    <property name="env.TRAVIS_STACK_TIMESTAMP" value="2017-12-05 19:33:09 UTC" />
    <property name="ant.file.type.ptII" value="file" />
    <property name="env.RBENV_SHELL" value="bash" />
    <property name="os.name" value="Linux" />
    <property name="java.specification.vendor" value="Oracle Corporation" />
    <property name="env.rvm_version" value="1.29.3 (latest)" />
    <property name="env.TERM" value="xterm" />
    <property name="java.vm.name" value="Java HotSpot(TM) 64-Bit Server VM" />
    <property name="env.TRAVIS_BUILD_NUMBER" value="488" />
    <property name="env.CI" value="true" />
    <property name="java.library.path" value="/home/travis/pthla/certi-tools/lib:/usr/lib/jni:/usr/local/share/OpenCV/java/:/usr/share/OpenCV/java::/usr/java/packages/lib/amd64:/usr/lib64:/lib64:/lib:/usr/lib" />
    <property name="env.rvm_prefix" value="/home/travis" />
    <property name="env.PATH" value="/home/travis/pthla/certi-tools/share/scripts:/home/travis/.rvm/gems/ruby-2.4.1/bin:/home/travis/.rvm/gems/ruby-2.4.1@global/bin:/home/travis/.rvm/rubies/ruby-2.4.1/bin:/home/travis/.rvm/bin:/home/travis/.nvm/versions/node/v7.10.1/bin:./node_modules/.bin:/home/travis/build/icyphy/ptII/bin:/home/travis/pthla/certi-tools/bin:/home/travis/bin:/home/travis/.local/bin:/opt/pyenv/shims:/home/travis/.phpenv/shims:/home/travis/perl5/perlbrew/bin:/home/travis/.kiex/elixirs/elixir-1.4.5/bin:/home/travis/.kiex/bin:/home/travis/gopath/bin:/home/travis/.gimme/versions/go1.7.4.linux.amd64/bin:/usr/local/phantomjs/bin:/usr/local/phantomjs:/usr/local/neo4j-3.2.7/bin:/usr/local/maven-3.5.2/bin:/usr/local/cmake-3.9.2/bin:/usr/local/clang-5.0.0/bin:/usr/local/sbin:/usr/local/bin:/usr/sbin:/usr/bin:/sbin:/bin:/home/travis/.phpenv/bin:/opt/pyenv/bin:/home/travis/.yarn/bin" />
    <property name="env.TRAVIS_OS_NAME" value="linux" />
    <property name="ant.java.version" value="1.8" />
    <property name="basedir" value="/home/travis/build/icyphy/ptII" />
    <property name="java.class.version" value="52.0" />
    <property name="env.SHLVL" value="3" />
    <property name="env.LD_LIBRARY_PATH" value="/home/travis/pthla/certi-tools/lib:/usr/lib/jni:/usr/local/share/OpenCV/java/:/usr/share/OpenCV/java:" />
    <property name="env.RACK_ENV" value="test" />
    <property name="ant.home" value="/home/travis/build/icyphy/ptII/ant" />
    <property name="env.NVM_DIR" value="/home/travis/.nvm" />
    <property name="env.PERLBREW_BASHRC_VERSION" value="0.80" />
    <property name="env.CERTI_FOM_PATH" value="/home/travis/pthla/certi-tools/share/federations" />
    <property name="env.TRAVIS_BUILD_ID" value="385464444" />
    <property name="env.PYENV_ROOT" value="/opt/pyenv" />
    <property name="env.TRAVIS_UID" value="2000" />
    <property name="env.rvm_pretty_print_flag" value="auto" />
    <property name="env.NVM_BIN" value="/home/travis/.nvm/versions/node/v7.10.1/bin" />
    <property name="env.TRAVIS_COMMIT" value="582d6b3aa45f26384a0dd004ecbce731238e4d41" />
    <property name="env._system_arch" value="x86_64" />
    <property name="node.executable" value="node" />
    <property name="sun.boot.library.path" value="/usr/lib/jvm/java-8-oracle/jre/lib/amd64" />
    <property name="sun.management.compiler" value="HotSpot 64-Bit Tiered Compilers" />
    <property name="env.GOPATH" value="/home/travis/gopath" />
    <property name="java.awt.graphicsenv" value="sun.awt.X11GraphicsEnvironment" />
    <property name="ptolemy.ptII.dir" value="/home/travis/build/icyphy/ptII" />
    <property name="env.USER" value="travis" />
    <property name="env.HISTFILESIZE" value="2000" />
    <property name="timeout.longest" value="19000000" />
    <property name="env.TRAVIS_STACK_FEATURES" value="basic cassandra chromium couchdb disabled-ipv6 docker docker-compose elasticsearch firefox go-toolchain google-chrome jdk memcached mongodb mysql neo4j nodejs_interpreter perl_interpreter perlbrew phantomjs postgresql python_interpreter rabbitmq redis riak ruby_interpreter sqlite xserver" />
    <property name="env.TRAVIS_PULL_REQUEST" value="false" />
    <property name="env.PYENV_SHELL" value="bash" />
    <property name="ant.project.name" value="ptII" />
    <property name="java.vm.specification.version" value="1.8" />
    <property name="env.CERTI_VERSION" value="4.0.0" />
    <property name="env.NLSPATH" value="/usr/dt/lib/nls/msg/%L/%N.cat" />
    <property name="awt.toolkit" value="sun.awt.X11.XToolkit" />
    <property name="env.CERTI_HOST" value="localhost" />
    <property name="env.MY_RUBY_HOME" value="/home/travis/.rvm/rubies/ruby-2.4.1" />
    <property name="sun.cpu.isalist" value="" />
    <property name="java.ext.dirs" value="/usr/lib/jvm/java-8-oracle/jre/lib/ext:/usr/java/packages/lib/ext" />
    <property name="os.version" value="4.4.0-101-generic" />
    <property name="user.home" value="/home/travis" />
    <property name="env.MIX_ARCHIVES" value="/home/travis/.kiex/mix/elixir-1.4.5" />
    <property name="java.vm.vendor" value="Oracle Corporation" />
    <property name="env.TRAVIS_TAG" value="nightly" />
    <property name="env.TRAVIS_FILTERED" value="redirect_io" />
    <property name="javadoc.excludepackagenames" value="adm.cvs2svn.*,build.*,config.*,doc.coding.templates.*,jni.test.jni.meaningOfLife.*,jni.test.jni.testDeux.*,jni.test.jni.testTrois.*,org.terraswarm.accessor.accessors.web.node_modules.*,org.terraswarm.accessor.accessors.web.hosts.cordova.demo.*,org.terraswarm.accessor.accessors.web.hosts.cordova.plugins.*,org.terraswarm.accessor.accessors-svn.*,pt-modules.*,ptolemy.apps.agilent.*,ptolemy.apps.anytimecontrol.*,ptolemy.apps.apes.*,ptolemy.apps.charon.*,ptolemy.apps.crazyboard.*,ptolemy.apps.eclipse.*,ptolemy.apps.etherealSting.*,ptolemy.apps.fullscreen.*,ptolemy.apps.giotto.*,ptolemy.apps.ia.*,ptolemy.apps.interfaces.*,ptolemy.apps.jmf.*,ptolemy.apps.kurt.*,ptolemy.apps.kvm.*,ptolemy.apps.lego.*,ptolemy.apps.lejos.*,ptolemy.apps.midp.*,ptolemy.apps.mobileCoding.*,ptolemy.apps.pendulum.*,ptolemy.apps.rijndael.*,ptolemy.apps.robot.*,ptolemy.apps.security.*,ptolemy.apps.sobel.*,ptolemy.apps.soot.*,ptolemy.apps.throttle.*,ptolemy.apps.tini.*,ptolemy.apps.transmission.*,ptolemy.apps.vergil.*,ptolemy.apps.waba.*,ptolemy.apps.websensor.*,ptolemy.apps.webstart.*,ptolemy.apps.xsl.*,ptolemy.apps.zaurus.*,ptolemy.backtrack.eclipse.plugin.*,ptolemy.backtrack.test.*,ptolemy.codegen.c.actor.lib.oldJavaFiles.*,ptolemy.codegen.dsp.lib.*,ptolemy.codegen.kernel.newInterfaces.*,ptolemy.codegen.lib.*,ptolemy.copernicus.kernel.fragment.*,ptolemy.copernicus.shallow.cg.*,ptolemy.domains.giotto.demo.Hierarchy.Hierarchy.*,ptolemy.domains.giotto.demo.Multimode.Multimode.*,ptolemy.domains.giotto.demo.Simple.Simple.*,ptolemy.domains.gr.lib.experimental.*,ptolemy.domains.gro.*,ptolemy.domains.pdf.*,ptolemy.domains.ptinyos.demo.Surge.output.*,ptolemy.moml.test.NoPackageActor.java*,ptolemy.plot.adm.*,ptolemy.plot.servlet.*,reports.*,signed.*,src.*,target.*,vendors.*,ptolemy.cg.adapter.generic.program.procedural.c.mbed*,ptolemy.actor.lib.fmi.fmus.omc*,ptolemy.domains.openmodelica*,ptdb.kernel.bl.save.test.*,ptdb.kernel.bl.load.test.*,ptdb.kernel.bl.search.test.*,ptdb.kernel.bl.migration.test.*,ptdb.kernel.database.test.*,ptdb.test.*,ptdb.gui.test.*,org.ptolemy.scala.*,diva.util.java2d.svg.*,ptolemy.domains.ptinyos.*,ptolemy.actor.lib.fmi.fmipp.*,,org.terraswarm.accessor.accessors.web.node_modules.*,org.terraswarm.accessor.accessors-svn,ptolemy.actor.ptalon.demo.ptinyos.SendAndReceiveCnt.output,ptolemy.actor.ptalon.demo.ptinyos.SenseToLeds.output,ptolemy.domains.ptinyos.demo.CntToLedsAndRfm.output,ptolemy.domains.ptinyos.demo.RfmToLeds.output,ptolemy.domains.ptinyos.demo.SendAndReceiveCnt.output,ptolemy.domains.ptinyos.demo.SenseToLeds.output" />
    <property name="env.JAVA_HOME" value="/usr/lib/jvm/java-8-oracle" />
    <property name="env.PTII" value="/home/travis/build/icyphy/ptII" />
    <property name="env.TRAVIS_COMMIT_MESSAGE" value="Better message about architecture-specific auto directory." />
    <property name="keystore" value="ptKeystore" />
    <property name="env.XDG_SESSION_ID" value="2" />
    <property name="junit.output.dir" value="/home/travis/build/icyphy/ptII/reports/junit" />
    <property name="npm.return.code" value="0" />
    <property name="user.dir" value="/home/travis/build/icyphy/ptII/ptolemy/domains/de/test" />
    <property name="env.TRAVIS_NODE_VERSION" value="7" />
    <property name="env.XFILESEARCHPATH" value="/usr/dt/app-defaults/%L/Dt" />
    <property name="env.TRAVIS_EVENT_TYPE" value="cron" />
    <property name="env.MAIL" value="/var/mail/travis" />
    <property name="env.PWD" value="/home/travis/build/icyphy/ptII" />
    <property name="env.PERLBREW_ROOT" value="/home/travis/perl5/perlbrew" />
    <property name="timeout.npm" value="45000" />
    <property name="env.PT_TRAVIS_TEST_CORE2_XML" value="true" />
    <property name="env.PAGER" value="cat" />
    <property name="sun.cpu.endian" value="little" />
    <property name="env.TRAVIS_BUILD_STAGE_NAME" value="Test" />
    <property name="env.PERLBREW_HOME" value="/home/travis/.perlbrew" />
    <property name="env.RAILS_ENV" value="test" />
    <property name="java.vm.version" value="25.151-b12" />
    <property name="java.class.path" value="/home/travis/build/icyphy/ptII:/home/travis/build/icyphy/ptII/lib/bsh-2.0b4.jar:/home/travis/build/icyphy/ptII/lib/ptCal.jar:/home/travis/build/icyphy/ptII/lib/java_cup.jar:/home/travis/build/icyphy/ptII/lib/saxon8.jar:/home/travis/build/icyphy/ptII/lib/saxon8-dom.jar:/home/travis/build/icyphy/ptII/lib/chic.jar:/home/travis/build/icyphy/ptII/lib/ptcolt.jar:/usr/lib/jvm/java-8-oracle/lib/tools.jar:/usr/lib/eclipse/plugins/org.eclipse.jdt.core_3.8.2.dist.jar:/usr/lib/eclipse/plugins/org.eclipse.core.runtime_3.8.0.dist.jar:/usr/lib/eclipse/plugins/org.eclipse.osgi_3.8.1.dist.jar:/usr/lib/eclipse/plugins/org.eclipse.core.resources_3.8.1.dist.jar:/usr/lib/eclipse/plugins/org.eclipse.equinox.common_3.6.100.dist.jar:/usr/lib/eclipse/plugins/org.eclipse.core.jobs_3.5.200.dist.jar:/usr/lib/eclipse/plugins/org.eclipse.core.contenttype_3.4.200.dist.jar:/usr/lib/eclipse/plugins/org.eclipse.equinox.preferences_3.5.0.dist.jar:/usr/lib/eclipse/plugins/org.eclipse.text_3.5.200.dist.jar:/usr/lib/eclipse/plugins/org.eclipse.ui.workbench_3.8.1.dist.jar:/usr/lib/eclipse/plugins/org.eclipse.jface_3.8.0.dist.jar:/usr/lib/eclipse/plugins/org.eclipse.swt_3.8.2.jar:/usr/lib/eclipse/plugins/org.eclipse.jface.text_3.8.1.dist.jar:/usr/lib/eclipse/plugins/org.eclipse.ui.workbench.texteditor_3.8.0.dist.jar:/usr/lib/eclipse/plugins/org.eclipse.ui.editors_3.8.0.dist.jar:/usr/lib/eclipse/plugins/org.eclipse.core.commands_3.6.1.dist.jar:/usr/lib/eclipse/plugins/org.eclipse.equinox.registry_3.5.200.dist.jar:/usr/lib/eclipse/plugins/org.eclipse.ui.console_3.5.100.dist.jar:/usr/lib/eclipse/plugins/org.eclipse.ui.forms_3.5.200.dist.jar:/usr/lib/eclipse/plugins/org.eclipse.ui.ide_3.8.1.dist.jar:/home/travis/build/icyphy/ptII/vendors/oracle/dbxml.jar:/home/travis/build/icyphy/ptII/vendors/oracle/db.jar:/home/travis/build/icyphy/ptII/vendors/misc/itext/iText.jar:/home/travis/build/icyphy/ptII/lib/g4ltl.jar:/home/travis/build/icyphy/ptII/lib/StructuralCoder.jar:/home/travis/build/icyphy/ptII/lib/org-openide-util.jar:/home/travis/build/icyphy/ptII/lib/org-openide-util-lookup.jar:/home/travis/build/icyphy/ptII/lib/org-netbeans-api-visual.jar:/home/travis/build/icyphy/ptII/vendors/jai-1_1_2_01/lib/jai_core.jar:/home/travis/build/icyphy/ptII/vendors/jai-1_1_2_01/lib/jai_codec.jar:/home/travis/build/icyphy/ptII/lib/jcerti.jar:/home/travis/build/icyphy/ptII/lib/smack.jar:/home/travis/build/icyphy/ptII/lib/smackx.jar:/home/travis/build/icyphy/ptII/lib/jetty-all-8.1.5-v20120716.jar:/home/travis/build/icyphy/ptII/lib/javax.servlet-api-3.0.1.jar:/home/travis/build/icyphy/ptII/lib/javax.mail.jar:/home/travis/build/icyphy/ptII/vendors/JMF-2.1.1e/lib/jmf.jar:/home/travis/build/icyphy/ptII/lib/jna-4.0.0-variadic.jar:/home/travis/build/icyphy/ptII/vendors/misc/joystick/Joystick.jar:/home/travis/build/icyphy/ptII/lib/ptjacl.jar:/home/travis/build/icyphy/ptII/lib/jsoup-1.8.2.jar:/home/travis/build/icyphy/ptII/lib/junit-4.8.2.jar:/home/travis/build/icyphy/ptII/lib/JUnitParams-0.4.0.jar:/home/travis/build/icyphy/ptII/ptolemy/actor/lib/excel/jxl.jar:/home/travis/build/icyphy/ptII/lib/jython.jar:/home/travis/build/icyphy/ptII/lib/kieler.jar:/home/travis/build/icyphy/ptII/vendors/opencv/share/OpenCV/java/opencv-341.jar:/home/travis/build/icyphy/ptII/lib/oscP5.jar:/home/travis/build/icyphy/ptII/lib/nrjavaserial-3.11.0.devel.jar:/usr/share/java/j3dcore.jar:/usr/share/java/j3dutils.jar:/usr/share/java/vecmath.jar:/home/travis/build/icyphy/ptII/ptolemy/distributed/jini/jar/jini-core.jar:/home/travis/build/icyphy/ptII/ptolemy/distributed/jini/jar/jini-ext.jar:/home/travis/build/icyphy/ptII/ptolemy/distributed/jini/jar/sun-util.jar:/home/travis/build/icyphy/ptII/lib/protobuf-java-2.4.1.jar:/home/travis/build/icyphy/ptII/lib/org.eclipse.paho.client.mqttv3.jar:/home/travis/build/icyphy/ptII/ptserver/lib/hessian-4.0.7.jar:/home/travis/build/icyphy/ptII/ptserver/lib/wmqtt.jar:/home/travis/build/icyphy/ptII/lib/mapss.jar:/home/travis/build/icyphy/ptII/ptolemy/actor/ptalon/antlr/antlr.jar:/home/travis/build/icyphy/ptII/lib/JRI.jar:/home/travis/build/icyphy/ptII/lib/commons-lang-2.6.jar:/home/travis/build/icyphy/ptII/lib/commons-logging-1.1.1.jar:/home/travis/build/icyphy/ptII/lib/sootclasses.jar:/home/travis/build/icyphy/ptII/ptolemy/actor/lib/database/mysql-connector-java-5.1.6-bin.jar:/home/travis/build/icyphy/ptII/vendors/misc/sphinx4/sphinx4-data-5prealpha.jar:/home/travis/build/icyphy/ptII/vendors/misc/sphinx4/sphinx4-core-5prealpha.jar:/home/travis/build/icyphy/ptII/lib/PDFRenderer.jar:/home/travis/build/icyphy/ptII/lib/svgSalamander.jar:/home/travis/build/icyphy/ptII/lib/rsyntaxtextarea-2.6.0-SNAPSHOT.jar:/home/travis/build/icyphy/ptII/lib/hazelcast-3.8.2.jar:/home/travis/build/icyphy/ptII/lib/jackson-annotations-2.9.0.jar:/home/travis/build/icyphy/ptII/lib/jackson-core-2.9.3.jar:/home/travis/build/icyphy/ptII/lib/jackson-databind-2.9.3.jar:/home/travis/build/icyphy/ptII/lib/netty-buffer-4.1.19.Final.jar:/home/travis/build/icyphy/ptII/lib/netty-codec-4.1.19.Final.jar:/home/travis/build/icyphy/ptII/lib/netty-codec-dns-4.1.19.Final.jar:/home/travis/build/icyphy/ptII/lib/netty-codec-http-4.1.19.Final.jar:/home/travis/build/icyphy/ptII/lib/netty-codec-http2-4.1.19.Final.jar:/home/travis/build/icyphy/ptII/lib/netty-common-4.1.19.Final.jar:/home/travis/build/icyphy/ptII/lib/netty-handler-4.1.19.Final.jar:/home/travis/build/icyphy/ptII/lib/netty-resolver-4.1.19.Final.jar:/home/travis/build/icyphy/ptII/lib/netty-resolver-dns-4.1.19.Final.jar:/home/travis/build/icyphy/ptII/lib/netty-transport-4.1.19.Final.jar:/home/travis/build/icyphy/ptII/lib/vertx-codegen-3.5.1.jar:/home/travis/build/icyphy/ptII/lib/vertx-core-3.5.2-SNAPSHOT.jar:/home/travis/build/icyphy/ptII/lib/vertx-hazelcast-3.5.1.jar:/home/travis/build/icyphy/ptII/lib/vertx-lang-js-3.5.1.jar:/home/travis/build/icyphy/ptII/lib/vertx-service-proxy-3.5.1.jar:/home/travis/build/icyphy/ptII/lib/vertx-web-3.5.1.jar:/home/travis/build/icyphy/ptII/lib/slf4j-api-1.7.13.jar:/home/travis/build/icyphy/ptII/lib/slf4j-simple-1.7.13.jar:/home/travis/build/icyphy/ptII/lib/webcam-capture-0.3.12.jar:/home/travis/build/icyphy/ptII/lib/bridj-0.7.0.jar:/home/travis/build/icyphy/ptII/lib/xbjlib-1.1.0.nrjavaserial.jar:/home/travis/build/icyphy/ptII/ptolemy/moml/test:/home/travis/build/icyphy/ptII/ant/lib/ant-launcher.jar:/home/travis/build/icyphy/ptII/ant/lib/ant.jar:/home/travis/build/icyphy/ptII/ant/lib/ant-junit.jar:/home/travis/build/icyphy/ptII/ant/lib/ant-junit4.jar" />
    <property name="ant.library.dir" value="/home/travis/build/icyphy/ptII/ant/lib" />
    <property name="os.arch" value="amd64" />
    <property name="env.TRAVIS_LANGUAGE" value="node_js" />
    <property name="env.CONTINUOUS_INTEGRATION" value="true" />
    <property name="env.TRAVIS_STACK_LANGUAGES" value="__garnet__ c c++ clojure cplusplus cpp default go groovy java node_js php pure_java python ruby scala" />
    <property name="test.name" value="ptolemy.actor.lib.test.junit.JUnitTclTest" />
    <property name="sun.java.launcher" value="SUN_STANDARD" />
    <property name="env.PYTHON_CONFIGURE_OPTS" value="--enable-unicode=ucs4 --with-wide-unicode --enable-shared --enable-ipv6 --enable-loadable-sqlite-extensions --with-computed-gotos" />
    <property name="ant.core.lib" value="/home/travis/build/icyphy/ptII/ant/lib/ant.jar" />
    <property name="java.vm.specification.vendor" value="Oracle Corporation" />
    <property name="env.BCVTB_HOME" value="/home/travis/build/icyphy/ptII/lbnl" />
    <property name="file.separator" value="/" />
    <property name="java.runtime.version" value="1.8.0_151-b12" />
    <property name="spotbugs.home" value="/home/travis/build/icyphy/ptII/vendors/spotbugs-3.1.1" />
    <property name="sun.boot.class.path" value="/usr/lib/jvm/java-8-oracle/jre/lib/resources.jar:/usr/lib/jvm/java-8-oracle/jre/lib/rt.jar:/usr/lib/jvm/java-8-oracle/jre/lib/sunrsasign.jar:/usr/lib/jvm/java-8-oracle/jre/lib/jsse.jar:/usr/lib/jvm/java-8-oracle/jre/lib/jce.jar:/usr/lib/jvm/java-8-oracle/jre/lib/charsets.jar:/usr/lib/jvm/java-8-oracle/jre/lib/jfr.jar:/usr/lib/jvm/java-8-oracle/jre/classes" />
    <property name="env.HAS_JOSH_K_SEAL_OF_APPROVAL" value="true" />
    <property name="env.TRAVIS_OSX_IMAGE" value="" />
    <property name="env.XDG_RUNTIME_DIR" value="/run/user/2000" />
    <property name="env.TRAVIS_BRANCH" value="master" />
    <property name="env.TRAVIS_JOB_ID" value="385464452" />
    <property name="env.CERTI_HOME_TRAVIS" value="/home/travis/pthla/certi-tools" />
    <property name="user.country" value="US" />
    <property name="env.SHELL" value="/bin/bash" />
    <property name="java.maxmemory.large" value="5000m" />
    <property name="model" value="" />
    <property name="env.CASHER_DIR" value="/home/travis/.casher" />
    <property name="env.NVM_CD_FLAGS" value="" />
    <property name="jshint.executable" value="/home/travis/node_modules/jshint/bin/jshint" />
    <property name="java.vendor" value="Oracle Corporation" />
    <property name="env.JRUBY_OPTS" value=" --client -J-XX:+TieredCompilation -J-XX:TieredStopAtLevel=1 -J-Xss2m -Xcompile.invokedynamic=false" />
    <property name="env.TRAVIS_PRE_CHEF_BOOTSTRAP_TIME" value="2017-12-05T19:32:55" />
    <property name="env.TRAVIS_STACK_JOB_BOARD_REGISTER" value="/.job-board-register.yml" />
    <property name="env.ELIXIR_VERSION" value="1.4.5" />
    <property name="java.specification.version" value="1.8" />
    <property name="env.IRBRC" value="/home/travis/.rvm/rubies/ruby-2.4.1/.irbrc" />
    <property name="env.TRAVIS" value="true" />
    <property name="sun.arch.data.model" value="64" />
  </properties>
  <testcase classname="ptolemy.util.test.junit.TclTests" name="[0] /home/travis/build/icyphy/ptII/ptolemy/domains/de/test/DependencyLoop.tcl (RunTclFile)" time="0.849" />
  <testcase classname="ptolemy.util.test.junit.TclTests" name="[1] /home/travis/build/icyphy/ptII/ptolemy/domains/de/test/RunDETestsAsQSS.tcl (RunTclFile)" time="105.786" />
  <testcase classname="ptolemy.util.test.junit.AutoKnownFailedTests" name="[0] /home/travis/build/icyphy/ptII/ptolemy/domains/de/test/auto/knownFailedTests/DESDFClockTest.xml (RunModel)" time="2.044" />
  <testcase classname="ptolemy.util.test.junit.AutoKnownFailedTests" name="[1] /home/travis/build/icyphy/ptII/ptolemy/domains/de/test/auto/knownFailedTests/DirectFeedback.xml (RunModel)" time="0.01" />
  <testcase classname="ptolemy.util.test.junit.AutoKnownFailedTests" name="[2] /home/travis/build/icyphy/ptII/ptolemy/domains/de/test/auto/knownFailedTests/FSMSource.xml (RunModel)" time="0.018" />
  <testcase classname="ptolemy.util.test.junit.AutoKnownFailedTests" name="[3] /home/travis/build/icyphy/ptII/ptolemy/domains/de/test/auto/knownFailedTests/HierarchicalModel.xml (RunModel)" time="0.064" />
  <testcase classname="ptolemy.util.test.junit.AutoKnownFailedTests" name="[4] /home/travis/build/icyphy/ptII/ptolemy/domains/de/test/auto/knownFailedTests/dependencyLoop.xml (RunModel)" time="0.042" />
  <testcase classname="ptolemy.util.test.junit.AutoKnownFailedTests" name="[5] /home/travis/build/icyphy/ptII/ptolemy/domains/de/test/auto/knownFailedTests/dependencyLoop2.xml (RunModel)" time="0.052" />
  <testcase classname="ptolemy.util.test.junit.AutoNameArchTests" name="[0] ThereAreNoAutoArchTests (RunModel)" time="0.0" />
  <testcase classname="ptolemy.util.test.junit.AutoTests" name="[0] /home/travis/build/icyphy/ptII/ptolemy/domains/de/test/auto/ActorDepthCalculation_actorWithoutPorts.xml (RunModel)" time="0.024" />
  <testcase classname="ptolemy.util.test.junit.AutoTests" name="[1] /home/travis/build/icyphy/ptII/ptolemy/domains/de/test/auto/AssemblyLine.xml (RunModel)" time="0.032" />
  <testcase classname="ptolemy.util.test.junit.AutoTests" name="[2] /home/travis/build/icyphy/ptII/ptolemy/domains/de/test/auto/CQBug1.xml (RunModel)" time="0.009" />
  <testcase classname="ptolemy.util.test.junit.AutoTests" name="[3] /home/travis/build/icyphy/ptII/ptolemy/domains/de/test/auto/CancelFireAt.xml (RunModel)" time="0.006" />
  <testcase classname="ptolemy.util.test.junit.AutoTests" name="[4] /home/travis/build/icyphy/ptII/ptolemy/domains/de/test/auto/CausalityAndComposabilityAnalysis.xml (RunModel)" time="0.011" />
  <testcase classname="ptolemy.util.test.junit.AutoTests" name="[5] /home/travis/build/icyphy/ptII/ptolemy/domains/de/test/auto/CausalityInterface1.xml (RunModel)" time="0.013" />
  <testcase classname="ptolemy.util.test.junit.AutoTests" name="[6] /home/travis/build/icyphy/ptII/ptolemy/domains/de/test/auto/CausalityInterface15.xml (RunModel)" time="0.014" />
  <testcase classname="ptolemy.util.test.junit.AutoTests" name="[7] /home/travis/build/icyphy/ptII/ptolemy/domains/de/test/auto/CausalityInterface2.xml (RunModel)" time="0.012" />
  <testcase classname="ptolemy.util.test.junit.AutoTests" name="[8] /home/travis/build/icyphy/ptII/ptolemy/domains/de/test/auto/CausalityInterface3.xml (RunModel)" time="0.012" />
  <testcase classname="ptolemy.util.test.junit.AutoTests" name="[9] /home/travis/build/icyphy/ptII/ptolemy/domains/de/test/auto/ClockDrift.xml (RunModel)" time="0.033" />
  <testcase classname="ptolemy.util.test.junit.AutoTests" name="[10] /home/travis/build/icyphy/ptII/ptolemy/domains/de/test/auto/ClockDriftAndValueChange.xml (RunModel)" time="0.043" />
  <testcase classname="ptolemy.util.test.junit.AutoTests" name="[11] /home/travis/build/icyphy/ptII/ptolemy/domains/de/test/auto/ClockDriftChange.xml (RunModel)" time="0.033" />
  <testcase classname="ptolemy.util.test.junit.AutoTests" name="[12] /home/travis/build/icyphy/ptII/ptolemy/domains/de/test/auto/ComposableCausalityAnalysis.xml (RunModel)" time="0.021" />
  <testcase classname="ptolemy.util.test.junit.AutoTests" name="[13] /home/travis/build/icyphy/ptII/ptolemy/domains/de/test/auto/DEFixedPointLimitation.xml (RunModel)" time="0.012" />
  <testcase classname="ptolemy.util.test.junit.AutoTests" name="[14] /home/travis/build/icyphy/ptII/ptolemy/domains/de/test/auto/DEScheduleTest.xml (RunModel)" time="0.034" />
  <testcase classname="ptolemy.util.test.junit.AutoTests" name="[15] /home/travis/build/icyphy/ptII/ptolemy/domains/de/test/auto/DEinDEwithStartTimes.xml (RunModel)" time="0.026" />
  <testcase classname="ptolemy.util.test.junit.AutoTests" name="[16] /home/travis/build/icyphy/ptII/ptolemy/domains/de/test/auto/DEinDEwithStartTimes2.xml (RunModel)" time="0.017" />
  <testcase classname="ptolemy.util.test.junit.AutoTests" name="[17] /home/travis/build/icyphy/ptII/ptolemy/domains/de/test/auto/DateDemo.xml (RunModel)" time="0.033" />
  <testcase classname="ptolemy.util.test.junit.AutoTests" name="[18] /home/travis/build/icyphy/ptII/ptolemy/domains/de/test/auto/DateToEvent.xml (RunModel)" time="2.043" />
  <testcase classname="ptolemy.util.test.junit.AutoTests" name="[19] /home/travis/build/icyphy/ptII/ptolemy/domains/de/test/auto/DepthTest1.xml (RunModel)" time="0.01" />
  <testcase classname="ptolemy.util.test.junit.AutoTests" name="[20] /home/travis/build/icyphy/ptII/ptolemy/domains/de/test/auto/DepthTest2.xml (RunModel)" time="0.024" />
  <testcase classname="ptolemy.util.test.junit.AutoTests" name="[21] /home/travis/build/icyphy/ptII/ptolemy/domains/de/test/auto/DepthTest3.xml (RunModel)" time="0.009" />
  <testcase classname="ptolemy.util.test.junit.AutoTests" name="[22] /home/travis/build/icyphy/ptII/ptolemy/domains/de/test/auto/DepthTest4.xml (RunModel)" time="0.016" />
  <testcase classname="ptolemy.util.test.junit.AutoTests" name="[23] /home/travis/build/icyphy/ptII/ptolemy/domains/de/test/auto/DepthTest5.xml (RunModel)" time="0.02" />
  <testcase classname="ptolemy.util.test.junit.AutoTests" name="[24] /home/travis/build/icyphy/ptII/ptolemy/domains/de/test/auto/DepthTest6.xml (RunModel)" time="0.022" />
  <testcase classname="ptolemy.util.test.junit.AutoTests" name="[25] /home/travis/build/icyphy/ptII/ptolemy/domains/de/test/auto/DepthTest7.xml (RunModel)" time="0.016" />
  <testcase classname="ptolemy.util.test.junit.AutoTests" name="[26] /home/travis/build/icyphy/ptII/ptolemy/domains/de/test/auto/EventToDate.xml (RunModel)" time="3.05" />
  <testcase classname="ptolemy.util.test.junit.AutoTests" name="[27] /home/travis/build/icyphy/ptII/ptolemy/domains/de/test/auto/FSM1.xml (RunModel)" time="0.043" />
  <testcase classname="ptolemy.util.test.junit.AutoTests" name="[28] /home/travis/build/icyphy/ptII/ptolemy/domains/de/test/auto/FSM7.xml (RunModel)" time="0.048" />
  <testcase classname="ptolemy.util.test.junit.AutoTests" name="[29] /home/travis/build/icyphy/ptII/ptolemy/domains/de/test/auto/Inspection.xml (RunModel)" time="0.055" />
  <testcase classname="ptolemy.util.test.junit.AutoTests" name="[30] /home/travis/build/icyphy/ptII/ptolemy/domains/de/test/auto/Iteration.xml (RunModel)" time="0.025" />
  <testcase classname="ptolemy.util.test.junit.AutoTests" name="[31] /home/travis/build/icyphy/ptII/ptolemy/domains/de/test/auto/LineFault.xml (RunModel)" time="0.858" />
  <testcase classname="ptolemy.util.test.junit.AutoTests" name="[32] /home/travis/build/icyphy/ptII/ptolemy/domains/de/test/auto/MergeModel1Add.xml (RunModel)" time="0.063" />
  <testcase classname="ptolemy.util.test.junit.AutoTests" name="[33] /home/travis/build/icyphy/ptII/ptolemy/domains/de/test/auto/MergeModel2Add.xml (RunModel)" time="0.058" />
  <testcase classname="ptolemy.util.test.junit.AutoTests" name="[34] /home/travis/build/icyphy/ptII/ptolemy/domains/de/test/auto/MergeModel3Add.xml (RunModel)" time="0.062" />
  <testcase classname="ptolemy.util.test.junit.AutoTests" name="[35] /home/travis/build/icyphy/ptII/ptolemy/domains/de/test/auto/MergeWithoutDiscard.xml (RunModel)" time="0.013" />
  <testcase classname="ptolemy.util.test.junit.AutoTests" name="[36] /home/travis/build/icyphy/ptII/ptolemy/domains/de/test/auto/Modal1.xml (RunModel)" time="0.042" />
  <testcase classname="ptolemy.util.test.junit.AutoTests" name="[37] /home/travis/build/icyphy/ptII/ptolemy/domains/de/test/auto/Modal2.xml (RunModel)" time="0.055" />
  <testcase classname="ptolemy.util.test.junit.AutoTests" name="[38] /home/travis/build/icyphy/ptII/ptolemy/domains/de/test/auto/Modal3.xml (RunModel)" time="0.039" />
  <testcase classname="ptolemy.util.test.junit.AutoTests" name="[39] /home/travis/build/icyphy/ptII/ptolemy/domains/de/test/auto/Modal4.xml (RunModel)" time="0.046" />
  <testcase classname="ptolemy.util.test.junit.AutoTests" name="[40] /home/travis/build/icyphy/ptII/ptolemy/domains/de/test/auto/Modal5.xml (RunModel)" time="0.039" />
  <testcase classname="ptolemy.util.test.junit.AutoTests" name="[41] /home/travis/build/icyphy/ptII/ptolemy/domains/de/test/auto/Modal6.xml (RunModel)" time="0.041" />
  <testcase classname="ptolemy.util.test.junit.AutoTests" name="[42] /home/travis/build/icyphy/ptII/ptolemy/domains/de/test/auto/Modal7.xml (RunModel)" time="0.047" />
  <testcase classname="ptolemy.util.test.junit.AutoTests" name="[43] /home/travis/build/icyphy/ptII/ptolemy/domains/de/test/auto/ModalModel.xml (RunModel)" time="0.297" />
  <testcase classname="ptolemy.util.test.junit.AutoTests" name="[44] /home/travis/build/icyphy/ptII/ptolemy/domains/de/test/auto/ModalSource.xml (RunModel)" time="0.029" />
  <testcase classname="ptolemy.util.test.junit.AutoTests" name="[45] /home/travis/build/icyphy/ptII/ptolemy/domains/de/test/auto/NonInterruptibleTimerZeroDelay.xml (RunModel)" time="0.013" />
  <testcase classname="ptolemy.util.test.junit.AutoTests" name="[46] /home/travis/build/icyphy/ptII/ptolemy/domains/de/test/auto/OpenQueueingNetwork.xml (RunModel)" time="2.863" />
  <testcase classname="ptolemy.util.test.junit.AutoTests" name="[47] /home/travis/build/icyphy/ptII/ptolemy/domains/de/test/auto/OpenQueuingNetwork.xml (RunModel)" time="0.337" />
  <testcase classname="ptolemy.util.test.junit.AutoTests" name="[48] /home/travis/build/icyphy/ptII/ptolemy/domains/de/test/auto/PeriodicSampler.xml (RunModel)" time="0.009" />
  <testcase classname="ptolemy.util.test.junit.AutoTests" name="[49] /home/travis/build/icyphy/ptII/ptolemy/domains/de/test/auto/PersistentIO.xml (RunModel)" time="0.031" />
  <testcase classname="ptolemy.util.test.junit.AutoTests" name="[50] /home/travis/build/icyphy/ptII/ptolemy/domains/de/test/auto/PortParameterResetOnInitialize.xml (RunModel)" time="0.012" />
  <testcase classname="ptolemy.util.test.junit.AutoTests" name="[51] /home/travis/build/icyphy/ptII/ptolemy/domains/de/test/auto/PortParameterUpdates.xml (RunModel)" time="0.022" />
  <testcase classname="ptolemy.util.test.junit.AutoTests" name="[52] /home/travis/build/icyphy/ptII/ptolemy/domains/de/test/auto/QueueAndServer.xml (RunModel)" time="0.03" />
  <testcase classname="ptolemy.util.test.junit.AutoTests" name="[53] /home/travis/build/icyphy/ptII/ptolemy/domains/de/test/auto/Records.xml (RunModel)" time="0.031" />
  <testcase classname="ptolemy.util.test.junit.AutoTests" name="[54] /home/travis/build/icyphy/ptII/ptolemy/domains/de/test/auto/ResetTransitionWithStartTime1.xml (RunModel)" time="0.034" />
  <testcase classname="ptolemy.util.test.junit.AutoTests" name="[55] /home/travis/build/icyphy/ptII/ptolemy/domains/de/test/auto/ResetTransitionWithStartTime2.xml (RunModel)" time="0.023" />
  <testcase classname="ptolemy.util.test.junit.AutoTests" name="[56] /home/travis/build/icyphy/ptII/ptolemy/domains/de/test/auto/ResetTransitionWithStartTime3.xml (RunModel)" time="0.027" />
  <testcase classname="ptolemy.util.test.junit.AutoTests" name="[57] /home/travis/build/icyphy/ptII/ptolemy/domains/de/test/auto/ResetTransitionWithStartTime4.xml (RunModel)" time="0.022" />
  <testcase classname="ptolemy.util.test.junit.AutoTests" name="[58] /home/travis/build/icyphy/ptII/ptolemy/domains/de/test/auto/ResettableTimer1.xml (RunModel)" time="0.02" />
  <testcase classname="ptolemy.util.test.junit.AutoTests" name="[59] /home/travis/build/icyphy/ptII/ptolemy/domains/de/test/auto/ResettableTimer2.xml (RunModel)" time="0.012" />
  <testcase classname="ptolemy.util.test.junit.AutoTests" name="[60] /home/travis/build/icyphy/ptII/ptolemy/domains/de/test/auto/ResettableTimer3.xml (RunModel)" time="0.011" />
  <testcase classname="ptolemy.util.test.junit.AutoTests" name="[61] /home/travis/build/icyphy/ptII/ptolemy/domains/de/test/auto/ResettableTimer4.xml (RunModel)" time="0.011" />
  <testcase classname="ptolemy.util.test.junit.AutoTests" name="[62] /home/travis/build/icyphy/ptII/ptolemy/domains/de/test/auto/ResettableTimer5.xml (RunModel)" time="0.013" />
  <testcase classname="ptolemy.util.test.junit.AutoTests" name="[63] /home/travis/build/icyphy/ptII/ptolemy/domains/de/test/auto/ResettableTimer6.xml (RunModel)" time="0.014" />
  <testcase classname="ptolemy.util.test.junit.AutoTests" name="[64] /home/travis/build/icyphy/ptII/ptolemy/domains/de/test/auto/ServerZeroDelay.xml (RunModel)" time="0.012" />
  <testcase classname="ptolemy.util.test.junit.AutoTests" name="[65] /home/travis/build/icyphy/ptII/ptolemy/domains/de/test/auto/SmartSender.xml (RunModel)" time="3.011" />
  <testcase classname="ptolemy.util.test.junit.AutoTests" name="[66] /home/travis/build/icyphy/ptII/ptolemy/domains/de/test/auto/ThreadedComposite.xml (RunModel)" time="0.286" />
  <testcase classname="ptolemy.util.test.junit.AutoTests" name="[67] /home/travis/build/icyphy/ptII/ptolemy/domains/de/test/auto/Time.xml (RunModel)" time="0.72" />
  <testcase classname="ptolemy.util.test.junit.AutoTests" name="[68] /home/travis/build/icyphy/ptII/ptolemy/domains/de/test/auto/TimeDelayZeroDelay.xml (RunModel)" time="0.032" />
  <testcase classname="ptolemy.util.test.junit.AutoTests" name="[69] /home/travis/build/icyphy/ptII/ptolemy/domains/de/test/auto/TimerZeroDelay.xml (RunModel)" time="0.018" />
  <testcase classname="ptolemy.util.test.junit.AutoTests" name="[70] /home/travis/build/icyphy/ptII/ptolemy/domains/de/test/auto/TimingParadox.xml (RunModel)" time="0.502" />
  <testcase classname="ptolemy.util.test.junit.AutoTests" name="[71] /home/travis/build/icyphy/ptII/ptolemy/domains/de/test/auto/TransferInputs.xml (RunModel)" time="0.012" />
  <testcase classname="ptolemy.util.test.junit.AutoTests" name="[72] /home/travis/build/icyphy/ptII/ptolemy/domains/de/test/auto/TransferOutputs2.xml (RunModel)" time="0.027" />
  <testcase classname="ptolemy.util.test.junit.AutoTests" name="[73] /home/travis/build/icyphy/ptII/ptolemy/domains/de/test/auto/Trilateration.xml (RunModel)" time="14.484" />
  <testcase classname="ptolemy.util.test.junit.AutoTests" name="[74] /home/travis/build/icyphy/ptII/ptolemy/domains/de/test/auto/TwoSigmaDelta.xml (RunModel)" time="2.211" />
  <testcase classname="ptolemy.util.test.junit.AutoTests" name="[75] /home/travis/build/icyphy/ptII/ptolemy/domains/de/test/auto/VariableDelay.xml (RunModel)" time="0.013" />
  <testcase classname="ptolemy.util.test.junit.AutoTests" name="[76] /home/travis/build/icyphy/ptII/ptolemy/domains/de/test/auto/VariableDelay2.xml (RunModel)" time="0.011" />
  <testcase classname="ptolemy.util.test.junit.AutoTests" name="[77] /home/travis/build/icyphy/ptII/ptolemy/domains/de/test/auto/VariableDelayZeroDelay.xml (RunModel)" time="0.018" />
  <testcase classname="ptolemy.util.test.junit.AutoTests" name="[78] /home/travis/build/icyphy/ptII/ptolemy/domains/de/test/auto/VariableDelayZeroDelay2.xml (RunModel)" time="0.014" />
  <testcase classname="ptolemy.util.test.junit.AutoTests" name="[79] /home/travis/build/icyphy/ptII/ptolemy/domains/de/test/auto/deInCt.xml (RunModel)" time="0.026" />
  <testcase classname="ptolemy.util.test.junit.AutoTests" name="[80] /home/travis/build/icyphy/ptII/ptolemy/domains/de/test/auto/deInCt2.xml (RunModel)" time="0.017" />
  <testcase classname="ptolemy.util.test.junit.AutoTests" name="[81] /home/travis/build/icyphy/ptII/ptolemy/domains/de/test/auto/dynamicCausalityInterface1.xml (RunModel)" time="0.025" />
  <testcase classname="ptolemy.util.test.junit.AutoTests" name="[82] /home/travis/build/icyphy/ptII/ptolemy/domains/de/test/auto/fsm_de_test.xml (RunModel)" time="0.034" />
  <testcase classname="ptolemy.util.test.junit.AutoTests" name="[83] /home/travis/build/icyphy/ptII/ptolemy/domains/de/test/auto/functionDependencyReconstruction.xml (RunModel)" time="0.042" />
  <testcase classname="ptolemy.util.test.junit.AutoTests" name="[84] /home/travis/build/icyphy/ptII/ptolemy/domains/de/test/auto/multirate.xml (RunModel)" time="0.021" />
  <testcase classname="ptolemy.util.test.junit.AutoTests" name="[85] /home/travis/build/icyphy/ptII/ptolemy/domains/de/test/auto/multirate2.xml (RunModel)" time="0.02" />
  <testcase classname="ptolemy.util.test.junit.AutoTests" name="[86] /home/travis/build/icyphy/ptII/ptolemy/domains/de/test/auto/realtime.xml (RunModel)" time="10.014" />
  <testcase classname="ptolemy.util.test.junit.AutoTests" name="[87] /home/travis/build/icyphy/ptII/ptolemy/domains/de/test/auto/relationGroup.xml (RunModel)" time="0.008" />
  <testcase classname="ptolemy.util.test.junit.AutoTests" name="[88] /home/travis/build/icyphy/ptII/ptolemy/domains/de/test/auto/relationGroup2.xml (RunModel)" time="0.006" />
  <testcase classname="ptolemy.util.test.junit.AutoTests" name="[89] /home/travis/build/icyphy/ptII/ptolemy/domains/de/test/auto/sortWithOpaquePorts.xml (RunModel)" time="0.009" />
  <testcase classname="ptolemy.util.test.junit.AutoTests" name="[90] /home/travis/build/icyphy/ptII/ptolemy/domains/de/test/auto/transferInputsandOutputs.xml (RunModel)" time="0.02" />
  <testcase classname="ptolemy.util.test.junit.AutoTests" name="[91] /home/travis/build/icyphy/ptII/ptolemy/domains/de/test/auto/triggerType.xml (RunModel)" time="0.012" />
  <system-out><![CDATA[/home/travis/build/icyphy/ptII/ptolemy/domains/de/test/DependencyLoop.tcl
testDefs.tcl: setting time out to 9000 seconds at Wed May 30 01:31:47 UTC 2018
19 ms. Memory: 116224K Free: 95036K (82%)
17 ms. Memory: 116224K Free: 107457K (92%)
/home/travis/build/icyphy/ptII/ptolemy/domains/de/test/RunDETestsAsQSS.tcl
Run the DE tests using ptolemy.domains.qss.test.QSSDirectorTest, which extends QSSDirector and prints a message in the constructors.
------------------ testing $PTII/ptolemy/domains/de/test/auto/knownFailedTests/dependencyLoop.xml (Known Failure) 
9 ms. Memory: 116224K Free: 104297K (90%)


==== $PTIIhome/travis/build/icyphy/ptII/ptolemy/domains/de/test/../../../../: Auto Automatic test in file $PTII/ptolemy/domains/de/test/auto/knownFailedTests/dependencyLoop.xml
==== Contents of test case:

	    # FIXME: we should use $relativeFilename here, but it
	    # might have backslashes under Windows, which causes no end
	    # of trouble.
	    createAndExecute $file
	    list {}
	
.... Test generated KNOWN error:
    while executing
ptolemy.kernel.util.IllegalActionException: Found a zero delay loop containing .dependencyLoop.original
  in .dependencyLoop and .dependencyLoop.original
	at ptolemy.actor.util.CausalityInterfaceForComposites._computeOutputPortDepth(CausalityInterfaceForComposites.java:759)
	at ptolemy.actor.util.CausalityInterfaceForComposites._computeInputDepth(CausalityInterfaceForComposites.java:696)
	at ptolemy.actor.util.CausalityInterfaceForComposites._computeOutputPortDepth(CausalityInterfaceForComposites.java:765)
	at ptolemy.actor.util.CausalityInterfaceForComposites._computeInputDepth(CausalityInterfaceForComposites.java:696)
	at ptolemy.actor.util.CausalityInterfaceForComposites._computeOutputPortDepth(CausalityInterfaceForComposites.java:765)
	at ptolemy.actor.util.CausalityInterfaceForComposites._computeInputDepth(CausalityInterfaceForComposites.java:696)
	at ptolemy.actor.util.CausalityInterfaceForComposites._computeActorDepth(CausalityInterfaceForComposites.java:532)
	at ptolemy.actor.util.CausalityInterfaceForComposites.checkForCycles(CausalityInterfaceForComposites.java:96)
	at ptolemy.domains.de.kernel.DEDirector.preinitialize(DEDirector.java:1337)
	at ptolemy.actor.CompositeActor.preinitialize(CompositeActor.java:1828)
	at ptolemy.actor.Manager.preinitializeAndResolveTypes(Manager.java:1040)
	at ptolemy.actor.Manager.initialize(Manager.java:710)
	at ptolemy.actor.Manager.execute(Manager.java:356)
	at ptolemy.actor.Manager.run(Manager.java:1263)
	at ptolemy.actor.Manager$PtolemyRunThread.run(Manager.java:1915)

    while executing
ptolemy.kernel.util.IllegalActionException: Found a zero delay loop containing .dependencyLoop.original
  in .dependencyLoop and .dependencyLoop.original
    while executing
"java::new ptolemy.moml.MoMLSimpleApplication $file
"
    (procedure "createAndExecute" line 2)
    invoked from within
"createAndExecute $file"
    ("uplevel" body line 5)
    invoked from within
"uplevel $contents_of_test"
------------------ testing $PTII/ptolemy/domains/de/test/auto/knownFailedTests/DESDFClockTest.xml (Known Failure) 
2077 ms. Memory: 116224K Free: 89670K (77%)


==== $PTIIhome/travis/build/icyphy/ptII/ptolemy/domains/de/test/../../../../: Auto Automatic test in file $PTII/ptolemy/domains/de/test/auto/knownFailedTests/DESDFClockTest.xml
==== Contents of test case:

	    # FIXME: we should use $relativeFilename here, but it
	    # might have backslashes under Windows, which causes no end
	    # of trouble.
	    createAndExecute $file
	    list {}
	
.... Test generated KNOWN error:
    while executing
ptolemy.kernel.util.IllegalActionException: Actor is not ready to fire.  Perhaps UpSample.prefire() returned false? Try debugging the actor by selecting "Listen to Actor".  Also, for SDF check moml for tokenConsumptionRate on input.
  in .DESDFClockTest.Play Bell.Copy1:SDF Director and .DESDFClockTest.Play Bell.UpSample
	at ptolemy.actor.sched.StaticSchedulingDirector.fire(StaticSchedulingDirector.java:227)
	at ptolemy.domains.sdf.kernel.SDFDirector.fire(SDFDirector.java:500)
	at ptolemy.actor.CompositeActor.fire(CompositeActor.java:455)
	at ptolemy.domains.de.kernel.DEDirector._fire(DEDirector.java:1948)
	at ptolemy.domains.de.kernel.DEDirector.fire(DEDirector.java:502)
	at ptolemy.actor.CompositeActor.fire(CompositeActor.java:455)
	at ptolemy.actor.Manager.iterate(Manager.java:851)
	at ptolemy.actor.Manager.execute(Manager.java:369)
	at ptolemy.actor.Manager.run(Manager.java:1263)
	at ptolemy.actor.Manager$PtolemyRunThread.run(Manager.java:1915)

    while executing
ptolemy.kernel.util.IllegalActionException: Actor is not ready to fire.  Perhaps UpSample.prefire() returned false? Try debugging the actor by selecting "Listen to Actor".  Also, for SDF check moml for tokenConsumptionRate on input.
  in .DESDFClockTest.Play Bell.Copy1:SDF Director and .DESDFClockTest.Play Bell.UpSample
    while executing
"java::new ptolemy.moml.MoMLSimpleApplication $file
"
    (procedure "createAndExecute" line 2)
    invoked from within
"createAndExecute $file"
    ("uplevel" body line 5)
    invoked from within
"uplevel $contents_of_test"
------------------ testing $PTII/ptolemy/domains/de/test/auto/knownFailedTests/FSMSource.xml (Known Failure) 
41 ms. Memory: 116224K Free: 111697K (96%)
!!!! Auto was marked as failing, but now passes
------------------ testing $PTII/ptolemy/domains/de/test/auto/knownFailedTests/dependencyLoop2.xml (Known Failure) 
7 ms. Memory: 116224K Free: 94244K (81%)


==== $PTIIhome/travis/build/icyphy/ptII/ptolemy/domains/de/test/../../../../: Auto Automatic test in file $PTII/ptolemy/domains/de/test/auto/knownFailedTests/dependencyLoop2.xml
==== Contents of test case:

	    # FIXME: we should use $relativeFilename here, but it
	    # might have backslashes under Windows, which causes no end
	    # of trouble.
	    createAndExecute $file
	    list {}
	
.... Test generated KNOWN error:
    while executing
ptolemy.kernel.util.IllegalActionException: Found a zero delay loop containing .dependencyLoop2.original
  in .dependencyLoop2 and .dependencyLoop2.original
	at ptolemy.actor.util.CausalityInterfaceForComposites._computeOutputPortDepth(CausalityInterfaceForComposites.java:759)
	at ptolemy.actor.util.CausalityInterfaceForComposites._computeInputDepth(CausalityInterfaceForComposites.java:696)
	at ptolemy.actor.util.CausalityInterfaceForComposites._computeOutputPortDepth(CausalityInterfaceForComposites.java:765)
	at ptolemy.actor.util.CausalityInterfaceForComposites._computeInputDepth(CausalityInterfaceForComposites.java:696)
	at ptolemy.actor.util.CausalityInterfaceForComposites._computeOutputPortDepth(CausalityInterfaceForComposites.java:765)
	at ptolemy.actor.util.CausalityInterfaceForComposites._computeInputDepth(CausalityInterfaceForComposites.java:696)
	at ptolemy.actor.util.CausalityInterfaceForComposites._computeActorDepth(CausalityInterfaceForComposites.java:532)
	at ptolemy.actor.util.CausalityInterfaceForComposites.checkForCycles(CausalityInterfaceForComposites.java:96)
	at ptolemy.domains.de.kernel.DEDirector.preinitialize(DEDirector.java:1337)
	at ptolemy.actor.CompositeActor.preinitialize(CompositeActor.java:1828)
	at ptolemy.actor.Manager.preinitializeAndResolveTypes(Manager.java:1040)
	at ptolemy.actor.Manager.initialize(Manager.java:710)
	at ptolemy.actor.Manager.execute(Manager.java:356)
	at ptolemy.actor.Manager.run(Manager.java:1263)
	at ptolemy.actor.Manager$PtolemyRunThread.run(Manager.java:1915)

    while executing
ptolemy.kernel.util.IllegalActionException: Found a zero delay loop containing .dependencyLoop2.original
  in .dependencyLoop2 and .dependencyLoop2.original
    while executing
"java::new ptolemy.moml.MoMLSimpleApplication $file
"
    (procedure "createAndExecute" line 2)
    invoked from within
"createAndExecute $file"
    ("uplevel" body line 5)
    invoked from within
"uplevel $contents_of_test"
------------------ testing $PTII/ptolemy/domains/de/test/auto/knownFailedTests/HierarchicalModel.xml (Known Failure) 
7 ms. Memory: 146944K Free: 134495K (92%)


==== $PTIIhome/travis/build/icyphy/ptII/ptolemy/domains/de/test/../../../../: Auto Automatic test in file $PTII/ptolemy/domains/de/test/auto/knownFailedTests/HierarchicalModel.xml
==== Contents of test case:

	    # FIXME: we should use $relativeFilename here, but it
	    # might have backslashes under Windows, which causes no end
	    # of trouble.
	    createAndExecute $file
	    list {}
	
.... Test generated KNOWN error:
    while executing
ptolemy.kernel.util.IllegalActionException: Found a zero delay loop containing .HierarchicalModel.A
  in .HierarchicalModel and .HierarchicalModel.A
	at ptolemy.actor.util.CausalityInterfaceForComposites._computeOutputPortDepth(CausalityInterfaceForComposites.java:759)
	at ptolemy.actor.util.CausalityInterfaceForComposites._computeInputDepth(CausalityInterfaceForComposites.java:696)
	at ptolemy.actor.util.CausalityInterfaceForComposites._computeOutputPortDepth(CausalityInterfaceForComposites.java:765)
	at ptolemy.actor.util.CausalityInterfaceForComposites._computeInputDepth(CausalityInterfaceForComposites.java:696)
	at ptolemy.actor.util.CausalityInterfaceForComposites._computeOutputPortDepth(CausalityInterfaceForComposites.java:765)
	at ptolemy.actor.util.CausalityInterfaceForComposites._computeInputDepth(CausalityInterfaceForComposites.java:696)
	at ptolemy.actor.util.CausalityInterfaceForComposites._computeActorDepth(CausalityInterfaceForComposites.java:532)
	at ptolemy.actor.util.CausalityInterfaceForComposites.checkForCycles(CausalityInterfaceForComposites.java:96)
	at ptolemy.domains.de.kernel.DEDirector.preinitialize(DEDirector.java:1337)
	at ptolemy.actor.CompositeActor.preinitialize(CompositeActor.java:1828)
	at ptolemy.actor.Manager.preinitializeAndResolveTypes(Manager.java:1040)
	at ptolemy.actor.Manager.initialize(Manager.java:710)
	at ptolemy.actor.Manager.execute(Manager.java:356)
	at ptolemy.actor.Manager.run(Manager.java:1263)
	at ptolemy.actor.Manager$PtolemyRunThread.run(Manager.java:1915)

    while executing
ptolemy.kernel.util.IllegalActionException: Found a zero delay loop containing .HierarchicalModel.A
  in .HierarchicalModel and .HierarchicalModel.A
    while executing
"java::new ptolemy.moml.MoMLSimpleApplication $file
"
    (procedure "createAndExecute" line 2)
    invoked from within
"createAndExecute $file"
    ("uplevel" body line 5)
    invoked from within
"uplevel $contents_of_test"
------------------ testing $PTII/ptolemy/domains/de/test/auto/knownFailedTests/DirectFeedback.xml (Known Failure) 
10 ms. Memory: 146944K Free: 130543K (89%)


==== $PTIIhome/travis/build/icyphy/ptII/ptolemy/domains/de/test/../../../../: Auto Automatic test in file $PTII/ptolemy/domains/de/test/auto/knownFailedTests/DirectFeedback.xml
==== Contents of test case:

	    # FIXME: we should use $relativeFilename here, but it
	    # might have backslashes under Windows, which causes no end
	    # of trouble.
	    createAndExecute $file
	    list {}
	
.... Test generated KNOWN error:
    while executing
ptolemy.kernel.util.IllegalActionException: Test fails in iteration 1.
Value was: 1.0. Should have been: 2.0
  in .DirectFeedback.Test
	at ptolemy.actor.lib.Test.fire(Test.java:268)
	at ptolemy.domains.de.kernel.DEDirector._fire(DEDirector.java:1948)
	at ptolemy.domains.de.kernel.DEDirector.fire(DEDirector.java:502)
	at ptolemy.actor.CompositeActor.fire(CompositeActor.java:455)
	at ptolemy.actor.Manager.iterate(Manager.java:851)
	at ptolemy.actor.Manager.execute(Manager.java:369)
	at ptolemy.actor.Manager.run(Manager.java:1263)
	at ptolemy.actor.Manager$PtolemyRunThread.run(Manager.java:1915)

    while executing
ptolemy.kernel.util.IllegalActionException: Test fails in iteration 1.
Value was: 1.0. Should have been: 2.0
  in .DirectFeedback.Test
    while executing
"java::new ptolemy.moml.MoMLSimpleApplication $file
"
    (procedure "createAndExecute" line 2)
    invoked from within
"createAndExecute $file"
    ("uplevel" body line 5)
    invoked from within
"uplevel $contents_of_test"
------------------ testing $PTII/ptolemy/domains/de/test/auto/ActorDepthCalculation_actorWithoutPorts.xml
auto.tcl: Setting watchdog for 200 seconds at Wed May 30 01:31:51 UTC 2018
13 ms. Memory: 146944K Free: 121761K (83%)
ptolemy.util.test.WatchDog.cancel(): canceling Wed May 30 01:31:51 UTC 2018
auto.tcl: Setting watchdog for 200 seconds at Wed May 30 01:31:51 UTC 2018
13 ms. Memory: 146944K Free: 120707K (82%)
ptolemy.util.test.WatchDog.cancel(): canceling Wed May 30 01:31:51 UTC 2018
------------------ testing $PTII/ptolemy/domains/de/test/auto/AssemblyLine.xml
auto.tcl: Setting watchdog for 200 seconds at Wed May 30 01:31:51 UTC 2018
14 ms. Memory: 146944K Free: 129234K (88%)
ptolemy.util.test.WatchDog.cancel(): canceling Wed May 30 01:31:52 UTC 2018
auto.tcl: Setting watchdog for 200 seconds at Wed May 30 01:31:52 UTC 2018
12 ms. Memory: 146944K Free: 128195K (87%)
ptolemy.util.test.WatchDog.cancel(): canceling Wed May 30 01:31:52 UTC 2018
------------------ testing $PTII/ptolemy/domains/de/test/auto/CQBug1.xml
auto.tcl: Setting watchdog for 200 seconds at Wed May 30 01:31:52 UTC 2018
4 ms. Memory: 146944K Free: 138347K (94%)
ptolemy.util.test.WatchDog.cancel(): canceling Wed May 30 01:31:52 UTC 2018
auto.tcl: Setting watchdog for 200 seconds at Wed May 30 01:31:52 UTC 2018
3 ms. Memory: 146944K Free: 138347K (94%)
ptolemy.util.test.WatchDog.cancel(): canceling Wed May 30 01:31:52 UTC 2018
------------------ testing $PTII/ptolemy/domains/de/test/auto/CancelFireAt.xml
auto.tcl: Setting watchdog for 200 seconds at Wed May 30 01:31:52 UTC 2018
12 ms. Memory: 146944K Free: 140315K (95%)
ptolemy.util.test.WatchDog.cancel(): canceling Wed May 30 01:31:52 UTC 2018
auto.tcl: Setting watchdog for 200 seconds at Wed May 30 01:31:52 UTC 2018
5 ms. Memory: 146944K Free: 139275K (95%)
ptolemy.util.test.WatchDog.cancel(): canceling Wed May 30 01:31:52 UTC 2018
------------------ testing $PTII/ptolemy/domains/de/test/auto/CausalityAndComposabilityAnalysis.xml
auto.tcl: Setting watchdog for 200 seconds at Wed May 30 01:31:52 UTC 2018
31 ms. Memory: 146944K Free: 136998K (93%)
ptolemy.util.test.WatchDog.cancel(): canceling Wed May 30 01:31:52 UTC 2018
auto.tcl: Setting watchdog for 200 seconds at Wed May 30 01:31:52 UTC 2018
7 ms. Memory: 146944K Free: 136998K (93%)
ptolemy.util.test.WatchDog.cancel(): canceling Wed May 30 01:31:52 UTC 2018
------------------ testing $PTII/ptolemy/domains/de/test/auto/CausalityInterface1.xml
auto.tcl: Setting watchdog for 200 seconds at Wed May 30 01:31:52 UTC 2018
16 ms. Memory: 146944K Free: 136314K (93%)
ptolemy.util.test.WatchDog.cancel(): canceling Wed May 30 01:31:52 UTC 2018
auto.tcl: Setting watchdog for 200 seconds at Wed May 30 01:31:52 UTC 2018
5 ms. Memory: 146944K Free: 135274K (92%)
ptolemy.util.test.WatchDog.cancel(): canceling Wed May 30 01:31:52 UTC 2018
------------------ testing $PTII/ptolemy/domains/de/test/auto/CausalityInterface15.xml
auto.tcl: Setting watchdog for 200 seconds at Wed May 30 01:31:52 UTC 2018
5 ms. Memory: 146944K Free: 135265K (92%)
ptolemy.util.test.WatchDog.cancel(): canceling Wed May 30 01:31:52 UTC 2018
auto.tcl: Setting watchdog for 200 seconds at Wed May 30 01:31:52 UTC 2018
5 ms. Memory: 146944K Free: 134225K (91%)
ptolemy.util.test.WatchDog.cancel(): canceling Wed May 30 01:31:52 UTC 2018
------------------ testing $PTII/ptolemy/domains/de/test/auto/CausalityInterface2.xml
auto.tcl: Setting watchdog for 200 seconds at Wed May 30 01:31:52 UTC 2018
10 ms. Memory: 146944K Free: 136289K (93%)
ptolemy.util.test.WatchDog.cancel(): canceling Wed May 30 01:31:52 UTC 2018
auto.tcl: Setting watchdog for 200 seconds at Wed May 30 01:31:52 UTC 2018
5 ms. Memory: 146944K Free: 136289K (93%)
ptolemy.util.test.WatchDog.cancel(): canceling Wed May 30 01:31:52 UTC 2018
------------------ testing $PTII/ptolemy/domains/de/test/auto/CausalityInterface3.xml
auto.tcl: Setting watchdog for 200 seconds at Wed May 30 01:31:52 UTC 2018
5 ms. Memory: 146944K Free: 136301K (93%)
ptolemy.util.test.WatchDog.cancel(): canceling Wed May 30 01:31:52 UTC 2018
auto.tcl: Setting watchdog for 200 seconds at Wed May 30 01:31:52 UTC 2018
4 ms. Memory: 146944K Free: 135261K (92%)
ptolemy.util.test.WatchDog.cancel(): canceling Wed May 30 01:31:52 UTC 2018
------------------ testing $PTII/ptolemy/domains/de/test/auto/ClockDrift.xml
auto.tcl: Setting watchdog for 200 seconds at Wed May 30 01:31:52 UTC 2018
137 ms. Memory: 146944K Free: 128109K (87%)
ptolemy.util.test.WatchDog.cancel(): canceling Wed May 30 01:31:53 UTC 2018
auto.tcl: Setting watchdog for 200 seconds at Wed May 30 01:31:53 UTC 2018
96 ms. Memory: 146944K Free: 124989K (85%)
ptolemy.util.test.WatchDog.cancel(): canceling Wed May 30 01:31:53 UTC 2018
------------------ testing $PTII/ptolemy/domains/de/test/auto/ClockDriftAndValueChange.xml
auto.tcl: Setting watchdog for 200 seconds at Wed May 30 01:31:53 UTC 2018
41 ms. Memory: 146944K Free: 127942K (87%)
ptolemy.util.test.WatchDog.cancel(): canceling Wed May 30 01:31:53 UTC 2018
auto.tcl: Setting watchdog for 200 seconds at Wed May 30 01:31:53 UTC 2018
48 ms. Memory: 146944K Free: 124822K (85%)
ptolemy.util.test.WatchDog.cancel(): canceling Wed May 30 01:31:53 UTC 2018
------------------ testing $PTII/ptolemy/domains/de/test/auto/ClockDriftChange.xml
auto.tcl: Setting watchdog for 200 seconds at Wed May 30 01:31:53 UTC 2018
43 ms. Memory: 146944K Free: 130730K (89%)
ptolemy.util.test.WatchDog.cancel(): canceling Wed May 30 01:31:53 UTC 2018
auto.tcl: Setting watchdog for 200 seconds at Wed May 30 01:31:53 UTC 2018
32 ms. Memory: 146944K Free: 127500K (87%)
ptolemy.util.test.WatchDog.cancel(): canceling Wed May 30 01:31:53 UTC 2018
------------------ testing $PTII/ptolemy/domains/de/test/auto/ComposableCausalityAnalysis.xml
auto.tcl: Setting watchdog for 200 seconds at Wed May 30 01:31:53 UTC 2018
2 ms. Memory: 146944K Free: 135135K (92%)
ptolemy.util.test.WatchDog.cancel(): canceling Wed May 30 01:31:53 UTC 2018
auto.tcl: Setting watchdog for 200 seconds at Wed May 30 01:31:53 UTC 2018
3 ms. Memory: 146944K Free: 134095K (91%)
ptolemy.util.test.WatchDog.cancel(): canceling Wed May 30 01:31:53 UTC 2018
------------------ testing $PTII/ptolemy/domains/de/test/auto/DEFixedPointLimitation.xml
auto.tcl: Setting watchdog for 200 seconds at Wed May 30 01:31:53 UTC 2018
3 ms. Memory: 146944K Free: 135943K (93%)
ptolemy.util.test.WatchDog.cancel(): canceling Wed May 30 01:31:53 UTC 2018
auto.tcl: Setting watchdog for 200 seconds at Wed May 30 01:31:53 UTC 2018
2 ms. Memory: 146944K Free: 135943K (93%)
ptolemy.util.test.WatchDog.cancel(): canceling Wed May 30 01:31:53 UTC 2018
------------------ testing $PTII/ptolemy/domains/de/test/auto/DEScheduleTest.xml
auto.tcl: Setting watchdog for 200 seconds at Wed May 30 01:31:53 UTC 2018
10 ms. Memory: 146944K Free: 137017K (93%)
ptolemy.util.test.WatchDog.cancel(): canceling Wed May 30 01:31:53 UTC 2018
auto.tcl: Setting watchdog for 200 seconds at Wed May 30 01:31:53 UTC 2018
5 ms. Memory: 146944K Free: 135977K (93%)
ptolemy.util.test.WatchDog.cancel(): canceling Wed May 30 01:31:53 UTC 2018
------------------ testing $PTII/ptolemy/domains/de/test/auto/DEinDEwithStartTimes.xml
auto.tcl: Setting watchdog for 200 seconds at Wed May 30 01:31:54 UTC 2018
6 ms. Memory: 146944K Free: 134906K (92%)
ptolemy.util.test.WatchDog.cancel(): canceling Wed May 30 01:31:54 UTC 2018
auto.tcl: Setting watchdog for 200 seconds at Wed May 30 01:31:54 UTC 2018
9 ms. Memory: 146944K Free: 133866K (91%)
ptolemy.util.test.WatchDog.cancel(): canceling Wed May 30 01:31:54 UTC 2018
------------------ testing $PTII/ptolemy/domains/de/test/auto/DEinDEwithStartTimes2.xml
auto.tcl: Setting watchdog for 200 seconds at Wed May 30 01:31:54 UTC 2018
14 ms. Memory: 146944K Free: 134887K (92%)
ptolemy.util.test.WatchDog.cancel(): canceling Wed May 30 01:31:54 UTC 2018
auto.tcl: Setting watchdog for 200 seconds at Wed May 30 01:31:54 UTC 2018
11 ms. Memory: 146944K Free: 133847K (91%)
ptolemy.util.test.WatchDog.cancel(): canceling Wed May 30 01:31:54 UTC 2018
------------------ testing $PTII/ptolemy/domains/de/test/auto/DateDemo.xml
auto.tcl: Setting watchdog for 200 seconds at Wed May 30 01:31:54 UTC 2018
13 ms. Memory: 146944K Free: 129032K (88%)
ptolemy.util.test.WatchDog.cancel(): canceling Wed May 30 01:31:54 UTC 2018
auto.tcl: Setting watchdog for 200 seconds at Wed May 30 01:31:54 UTC 2018
11 ms. Memory: 146944K Free: 126952K (86%)
ptolemy.util.test.WatchDog.cancel(): canceling Wed May 30 01:31:54 UTC 2018
------------------ testing $PTII/ptolemy/domains/de/test/auto/DateToEvent.xml
auto.tcl: Setting watchdog for 200 seconds at Wed May 30 01:31:54 UTC 2018
2024 ms. Memory: 146944K Free: 123208K (84%)
ptolemy.util.test.WatchDog.cancel(): canceling Wed May 30 01:31:56 UTC 2018
auto.tcl: Setting watchdog for 200 seconds at Wed May 30 01:31:56 UTC 2018
2008 ms. Memory: 146944K Free: 122168K (83%)
ptolemy.util.test.WatchDog.cancel(): canceling Wed May 30 01:31:58 UTC 2018
------------------ testing $PTII/ptolemy/domains/de/test/auto/DepthTest1.xml
auto.tcl: Setting watchdog for 200 seconds at Wed May 30 01:31:58 UTC 2018
6 ms. Memory: 146944K Free: 138201K (94%)
ptolemy.util.test.WatchDog.cancel(): canceling Wed May 30 01:31:58 UTC 2018
auto.tcl: Setting watchdog for 200 seconds at Wed May 30 01:31:58 UTC 2018
2 ms. Memory: 146944K Free: 138201K (94%)
ptolemy.util.test.WatchDog.cancel(): canceling Wed May 30 01:31:58 UTC 2018
------------------ testing $PTII/ptolemy/domains/de/test/auto/DepthTest2.xml
auto.tcl: Setting watchdog for 200 seconds at Wed May 30 01:31:58 UTC 2018
4 ms. Memory: 146944K Free: 133904K (91%)
ptolemy.util.test.WatchDog.cancel(): canceling Wed May 30 01:31:58 UTC 2018
auto.tcl: Setting watchdog for 200 seconds at Wed May 30 01:31:58 UTC 2018
3 ms. Memory: 146944K Free: 133904K (91%)
ptolemy.util.test.WatchDog.cancel(): canceling Wed May 30 01:31:58 UTC 2018
------------------ testing $PTII/ptolemy/domains/de/test/auto/DepthTest3.xml
auto.tcl: Setting watchdog for 200 seconds at Wed May 30 01:31:58 UTC 2018
3 ms. Memory: 146944K Free: 138645K (94%)
ptolemy.util.test.WatchDog.cancel(): canceling Wed May 30 01:31:58 UTC 2018
auto.tcl: Setting watchdog for 200 seconds at Wed May 30 01:31:58 UTC 2018
3 ms. Memory: 146944K Free: 138645K (94%)
ptolemy.util.test.WatchDog.cancel(): canceling Wed May 30 01:31:58 UTC 2018
------------------ testing $PTII/ptolemy/domains/de/test/auto/DepthTest4.xml
auto.tcl: Setting watchdog for 200 seconds at Wed May 30 01:31:58 UTC 2018
5 ms. Memory: 146944K Free: 135929K (93%)
ptolemy.util.test.WatchDog.cancel(): canceling Wed May 30 01:31:58 UTC 2018
auto.tcl: Setting watchdog for 200 seconds at Wed May 30 01:31:58 UTC 2018
3 ms. Memory: 146944K Free: 134889K (92%)
ptolemy.util.test.WatchDog.cancel(): canceling Wed May 30 01:31:58 UTC 2018
------------------ testing $PTII/ptolemy/domains/de/test/auto/DepthTest5.xml
auto.tcl: Setting watchdog for 200 seconds at Wed May 30 01:31:58 UTC 2018
8 ms. Memory: 146944K Free: 134835K (92%)
ptolemy.util.test.WatchDog.cancel(): canceling Wed May 30 01:31:58 UTC 2018
auto.tcl: Setting watchdog for 200 seconds at Wed May 30 01:31:58 UTC 2018
10 ms. Memory: 146944K Free: 134835K (92%)
ptolemy.util.test.WatchDog.cancel(): canceling Wed May 30 01:31:58 UTC 2018
------------------ testing $PTII/ptolemy/domains/de/test/auto/DepthTest6.xml
auto.tcl: Setting watchdog for 200 seconds at Wed May 30 01:31:59 UTC 2018
10 ms. Memory: 146944K Free: 134795K (92%)
ptolemy.util.test.WatchDog.cancel(): canceling Wed May 30 01:31:59 UTC 2018
auto.tcl: Setting watchdog for 200 seconds at Wed May 30 01:31:59 UTC 2018
3 ms. Memory: 146944K Free: 134795K (92%)
ptolemy.util.test.WatchDog.cancel(): canceling Wed May 30 01:31:59 UTC 2018
------------------ testing $PTII/ptolemy/domains/de/test/auto/DepthTest7.xml
auto.tcl: Setting watchdog for 200 seconds at Wed May 30 01:31:59 UTC 2018
3 ms. Memory: 146944K Free: 135831K (92%)
ptolemy.util.test.WatchDog.cancel(): canceling Wed May 30 01:31:59 UTC 2018
auto.tcl: Setting watchdog for 200 seconds at Wed May 30 01:31:59 UTC 2018
3 ms. Memory: 146944K Free: 134792K (92%)
ptolemy.util.test.WatchDog.cancel(): canceling Wed May 30 01:31:59 UTC 2018
------------------ testing $PTII/ptolemy/domains/de/test/auto/EventToDate.xml
auto.tcl: Setting watchdog for 200 seconds at Wed May 30 01:31:59 UTC 2018
3018 ms. Memory: 146944K Free: 125453K (85%)
ptolemy.util.test.WatchDog.cancel(): canceling Wed May 30 01:32:02 UTC 2018
auto.tcl: Setting watchdog for 200 seconds at Wed May 30 01:32:02 UTC 2018
3005 ms. Memory: 146944K Free: 125453K (85%)
ptolemy.util.test.WatchDog.cancel(): canceling Wed May 30 01:32:05 UTC 2018
------------------ testing $PTII/ptolemy/domains/de/test/auto/FSM1.xml
auto.tcl: Setting watchdog for 200 seconds at Wed May 30 01:32:05 UTC 2018
38 ms. Memory: 146944K Free: 127764K (87%)
ptolemy.util.test.WatchDog.cancel(): canceling Wed May 30 01:32:05 UTC 2018
auto.tcl: Setting watchdog for 200 seconds at Wed May 30 01:32:05 UTC 2018
28 ms. Memory: 146944K Free: 124628K (85%)
ptolemy.util.test.WatchDog.cancel(): canceling Wed May 30 01:32:05 UTC 2018
------------------ testing $PTII/ptolemy/domains/de/test/auto/FSM7.xml
auto.tcl: Setting watchdog for 200 seconds at Wed May 30 01:32:05 UTC 2018
16 ms. Memory: 146944K Free: 126907K (86%)
ptolemy.util.test.WatchDog.cancel(): canceling Wed May 30 01:32:05 UTC 2018
auto.tcl: Setting watchdog for 200 seconds at Wed May 30 01:32:05 UTC 2018
19 ms. Memory: 146944K Free: 123739K (84%)
ptolemy.util.test.WatchDog.cancel(): canceling Wed May 30 01:32:05 UTC 2018
------------------ testing $PTII/ptolemy/domains/de/test/auto/Inspection.xml
auto.tcl: Setting watchdog for 200 seconds at Wed May 30 01:32:05 UTC 2018
85 ms. Memory: 146944K Free: 127697K (87%)
ptolemy.util.test.WatchDog.cancel(): canceling Wed May 30 01:32:05 UTC 2018
auto.tcl: Setting watchdog for 200 seconds at Wed May 30 01:32:05 UTC 2018
62 ms. Memory: 146944K Free: 125609K (85%)
ptolemy.util.test.WatchDog.cancel(): canceling Wed May 30 01:32:05 UTC 2018
------------------ testing $PTII/ptolemy/domains/de/test/auto/Iteration.xml
auto.tcl: Setting watchdog for 200 seconds at Wed May 30 01:32:05 UTC 2018
18 ms. Memory: 146944K Free: 133506K (91%)
ptolemy.util.test.WatchDog.cancel(): canceling Wed May 30 01:32:05 UTC 2018
auto.tcl: Setting watchdog for 200 seconds at Wed May 30 01:32:05 UTC 2018
17 ms. Memory: 146944K Free: 132466K (90%)
ptolemy.util.test.WatchDog.cancel(): canceling Wed May 30 01:32:06 UTC 2018
------------------ testing $PTII/ptolemy/domains/de/test/auto/LineFault.xml
auto.tcl: Setting watchdog for 200 seconds at Wed May 30 01:32:06 UTC 2018
1241 ms. Memory: 146944K Free: 137415K (94%)
ptolemy.util.test.WatchDog.cancel(): canceling Wed May 30 01:32:07 UTC 2018
auto.tcl: Setting watchdog for 200 seconds at Wed May 30 01:32:07 UTC 2018
1107 ms. Memory: 146944K Free: 82160K (56%)
ptolemy.util.test.WatchDog.cancel(): canceling Wed May 30 01:32:08 UTC 2018
------------------ testing $PTII/ptolemy/domains/de/test/auto/MergeModel1Add.xml
auto.tcl: Setting watchdog for 200 seconds at Wed May 30 01:32:08 UTC 2018
38 ms. Memory: 209920K Free: 179879K (86%)
ptolemy.util.test.WatchDog.cancel(): canceling Wed May 30 01:32:09 UTC 2018
auto.tcl: Setting watchdog for 200 seconds at Wed May 30 01:32:09 UTC 2018
24 ms. Memory: 209920K Free: 177982K (85%)
ptolemy.util.test.WatchDog.cancel(): canceling Wed May 30 01:32:09 UTC 2018
------------------ testing $PTII/ptolemy/domains/de/test/auto/MergeModel2Add.xml
auto.tcl: Setting watchdog for 200 seconds at Wed May 30 01:32:09 UTC 2018
17 ms. Memory: 210432K Free: 181823K (86%)
ptolemy.util.test.WatchDog.cancel(): canceling Wed May 30 01:32:09 UTC 2018
auto.tcl: Setting watchdog for 200 seconds at Wed May 30 01:32:09 UTC 2018
18 ms. Memory: 210432K Free: 181823K (86%)
ptolemy.util.test.WatchDog.cancel(): canceling Wed May 30 01:32:09 UTC 2018
------------------ testing $PTII/ptolemy/domains/de/test/auto/MergeModel3Add.xml
auto.tcl: Setting watchdog for 200 seconds at Wed May 30 01:32:09 UTC 2018
15 ms. Memory: 209920K Free: 183089K (87%)
ptolemy.util.test.WatchDog.cancel(): canceling Wed May 30 01:32:09 UTC 2018
auto.tcl: Setting watchdog for 200 seconds at Wed May 30 01:32:09 UTC 2018
17 ms. Memory: 209920K Free: 181201K (86%)
ptolemy.util.test.WatchDog.cancel(): canceling Wed May 30 01:32:09 UTC 2018
------------------ testing $PTII/ptolemy/domains/de/test/auto/MergeWithoutDiscard.xml
auto.tcl: Setting watchdog for 200 seconds at Wed May 30 01:32:09 UTC 2018
3 ms. Memory: 210432K Free: 198151K (94%)
ptolemy.util.test.WatchDog.cancel(): canceling Wed May 30 01:32:09 UTC 2018
auto.tcl: Setting watchdog for 200 seconds at Wed May 30 01:32:09 UTC 2018
1 ms. Memory: 210432K Free: 198151K (94%)
ptolemy.util.test.WatchDog.cancel(): canceling Wed May 30 01:32:09 UTC 2018
------------------ testing $PTII/ptolemy/domains/de/test/auto/Modal1.xml
auto.tcl: Setting watchdog for 200 seconds at Wed May 30 01:32:09 UTC 2018
21 ms. Memory: 210432K Free: 190205K (90%)
ptolemy.util.test.WatchDog.cancel(): canceling Wed May 30 01:32:09 UTC 2018
auto.tcl: Setting watchdog for 200 seconds at Wed May 30 01:32:09 UTC 2018
37 ms. Memory: 210432K Free: 186421K (89%)
ptolemy.util.test.WatchDog.cancel(): canceling Wed May 30 01:32:09 UTC 2018
------------------ testing $PTII/ptolemy/domains/de/test/auto/Modal2.xml
auto.tcl: Setting watchdog for 200 seconds at Wed May 30 01:32:09 UTC 2018
13 ms. Memory: 210432K Free: 190087K (90%)
ptolemy.util.test.WatchDog.cancel(): canceling Wed May 30 01:32:09 UTC 2018
auto.tcl: Setting watchdog for 200 seconds at Wed May 30 01:32:09 UTC 2018
16 ms. Memory: 210432K Free: 186279K (89%)
ptolemy.util.test.WatchDog.cancel(): canceling Wed May 30 01:32:09 UTC 2018
------------------ testing $PTII/ptolemy/domains/de/test/auto/Modal3.xml
auto.tcl: Setting watchdog for 200 seconds at Wed May 30 01:32:09 UTC 2018
19 ms. Memory: 210432K Free: 190086K (90%)
ptolemy.util.test.WatchDog.cancel(): canceling Wed May 30 01:32:09 UTC 2018
auto.tcl: Setting watchdog for 200 seconds at Wed May 30 01:32:09 UTC 2018
17 ms. Memory: 210432K Free: 186293K (89%)
ptolemy.util.test.WatchDog.cancel(): canceling Wed May 30 01:32:09 UTC 2018
------------------ testing $PTII/ptolemy/domains/de/test/auto/Modal4.xml
auto.tcl: Setting watchdog for 200 seconds at Wed May 30 01:32:09 UTC 2018
30 ms. Memory: 208384K Free: 185526K (89%)
ptolemy.util.test.WatchDog.cancel(): canceling Wed May 30 01:32:10 UTC 2018
auto.tcl: Setting watchdog for 200 seconds at Wed May 30 01:32:10 UTC 2018
28 ms. Memory: 208384K Free: 181750K (87%)
ptolemy.util.test.WatchDog.cancel(): canceling Wed May 30 01:32:10 UTC 2018
------------------ testing $PTII/ptolemy/domains/de/test/auto/Modal5.xml
auto.tcl: Setting watchdog for 200 seconds at Wed May 30 01:32:10 UTC 2018
34 ms. Memory: 209920K Free: 189660K (90%)
ptolemy.util.test.WatchDog.cancel(): canceling Wed May 30 01:32:10 UTC 2018
auto.tcl: Setting watchdog for 200 seconds at Wed May 30 01:32:10 UTC 2018
19 ms. Memory: 209920K Free: 185859K (89%)
ptolemy.util.test.WatchDog.cancel(): canceling Wed May 30 01:32:10 UTC 2018
------------------ testing $PTII/ptolemy/domains/de/test/auto/Modal6.xml
auto.tcl: Setting watchdog for 200 seconds at Wed May 30 01:32:10 UTC 2018
16 ms. Memory: 209920K Free: 189650K (90%)
ptolemy.util.test.WatchDog.cancel(): canceling Wed May 30 01:32:10 UTC 2018
auto.tcl: Setting watchdog for 200 seconds at Wed May 30 01:32:10 UTC 2018
19 ms. Memory: 209920K Free: 185873K (89%)
ptolemy.util.test.WatchDog.cancel(): canceling Wed May 30 01:32:10 UTC 2018
------------------ testing $PTII/ptolemy/domains/de/test/auto/Modal7.xml
auto.tcl: Setting watchdog for 200 seconds at Wed May 30 01:32:10 UTC 2018
23 ms. Memory: 209920K Free: 187682K (89%)
ptolemy.util.test.WatchDog.cancel(): canceling Wed May 30 01:32:10 UTC 2018
auto.tcl: Setting watchdog for 200 seconds at Wed May 30 01:32:10 UTC 2018
15 ms. Memory: 209920K Free: 185794K (89%)
ptolemy.util.test.WatchDog.cancel(): canceling Wed May 30 01:32:10 UTC 2018
------------------ testing $PTII/ptolemy/domains/de/test/auto/ModalModel.xml
auto.tcl: Setting watchdog for 200 seconds at Wed May 30 01:32:10 UTC 2018
339 ms. Memory: 209920K Free: 128811K (61%)
ptolemy.util.test.WatchDog.cancel(): canceling Wed May 30 01:32:11 UTC 2018
auto.tcl: Setting watchdog for 200 seconds at Wed May 30 01:32:11 UTC 2018
313 ms. Memory: 209920K Free: 196963K (94%)
ptolemy.util.test.WatchDog.cancel(): canceling Wed May 30 01:32:11 UTC 2018
------------------ testing $PTII/ptolemy/domains/de/test/auto/ModalSource.xml
auto.tcl: Setting watchdog for 200 seconds at Wed May 30 01:32:11 UTC 2018
9 ms. Memory: 209920K Free: 194707K (93%)
ptolemy.util.test.WatchDog.cancel(): canceling Wed May 30 01:32:11 UTC 2018
auto.tcl: Setting watchdog for 200 seconds at Wed May 30 01:32:11 UTC 2018
10 ms. Memory: 209920K Free: 192971K (92%)
ptolemy.util.test.WatchDog.cancel(): canceling Wed May 30 01:32:11 UTC 2018
------------------ testing $PTII/ptolemy/domains/de/test/auto/NonInterruptibleTimerZeroDelay.xml
auto.tcl: Setting watchdog for 200 seconds at Wed May 30 01:32:11 UTC 2018
5 ms. Memory: 336896K Free: 325123K (97%)
ptolemy.util.test.WatchDog.cancel(): canceling Wed May 30 01:32:11 UTC 2018
auto.tcl: Setting watchdog for 200 seconds at Wed May 30 01:32:11 UTC 2018
4 ms. Memory: 336896K Free: 321650K (95%)
ptolemy.util.test.WatchDog.cancel(): canceling Wed May 30 01:32:11 UTC 2018
------------------ testing $PTII/ptolemy/domains/de/test/auto/OpenQueueingNetwork.xml
auto.tcl: Setting watchdog for 200 seconds at Wed May 30 01:32:11 UTC 2018
5392 ms. Memory: 313344K Free: 173984K (56%)
ptolemy.util.test.WatchDog.cancel(): canceling Wed May 30 01:32:17 UTC 2018
auto.tcl: Setting watchdog for 200 seconds at Wed May 30 01:32:17 UTC 2018
3218 ms. Memory: 284160K Free: 266969K (94%)
ptolemy.util.test.WatchDog.cancel(): canceling Wed May 30 01:32:20 UTC 2018
------------------ testing $PTII/ptolemy/domains/de/test/auto/OpenQueuingNetwork.xml
auto.tcl: Setting watchdog for 200 seconds at Wed May 30 01:32:20 UTC 2018
391 ms. Memory: 285696K Free: 188911K (66%)
ptolemy.util.test.WatchDog.cancel(): canceling Wed May 30 01:32:20 UTC 2018
auto.tcl: Setting watchdog for 200 seconds at Wed May 30 01:32:20 UTC 2018
363 ms. Memory: 285696K Free: 129003K (45%)
ptolemy.util.test.WatchDog.cancel(): canceling Wed May 30 01:32:21 UTC 2018
------------------ testing $PTII/ptolemy/domains/de/test/auto/PeriodicSampler.xml
auto.tcl: Setting watchdog for 200 seconds at Wed May 30 01:32:21 UTC 2018
3 ms. Memory: 284672K Free: 268490K (94%)
ptolemy.util.test.WatchDog.cancel(): canceling Wed May 30 01:32:21 UTC 2018
auto.tcl: Setting watchdog for 200 seconds at Wed May 30 01:32:21 UTC 2018
3 ms. Memory: 284672K Free: 268490K (94%)
ptolemy.util.test.WatchDog.cancel(): canceling Wed May 30 01:32:21 UTC 2018
------------------ testing $PTII/ptolemy/domains/de/test/auto/PersistentIO.xml
auto.tcl: Setting watchdog for 200 seconds at Wed May 30 01:32:21 UTC 2018
11 ms. Memory: 284160K Free: 262844K (92%)
ptolemy.util.test.WatchDog.cancel(): canceling Wed May 30 01:32:21 UTC 2018
auto.tcl: Setting watchdog for 200 seconds at Wed May 30 01:32:21 UTC 2018
6 ms. Memory: 284160K Free: 262844K (92%)
ptolemy.util.test.WatchDog.cancel(): canceling Wed May 30 01:32:21 UTC 2018
------------------ testing $PTII/ptolemy/domains/de/test/auto/PortParameterResetOnInitialize.xml
auto.tcl: Setting watchdog for 200 seconds at Wed May 30 01:32:21 UTC 2018
4 ms. Memory: 284160K Free: 268447K (94%)
ptolemy.util.test.WatchDog.cancel(): canceling Wed May 30 01:32:21 UTC 2018
auto.tcl: Setting watchdog for 200 seconds at Wed May 30 01:32:21 UTC 2018
3 ms. Memory: 284160K Free: 268447K (94%)
ptolemy.util.test.WatchDog.cancel(): canceling Wed May 30 01:32:21 UTC 2018
------------------ testing $PTII/ptolemy/domains/de/test/auto/PortParameterUpdates.xml
auto.tcl: Setting watchdog for 200 seconds at Wed May 30 01:32:21 UTC 2018
13 ms. Memory: 285184K Free: 269554K (95%)
ptolemy.util.test.WatchDog.cancel(): canceling Wed May 30 01:32:21 UTC 2018
auto.tcl: Setting watchdog for 200 seconds at Wed May 30 01:32:21 UTC 2018
7 ms. Memory: 285184K Free: 266696K (94%)
ptolemy.util.test.WatchDog.cancel(): canceling Wed May 30 01:32:21 UTC 2018
------------------ testing $PTII/ptolemy/domains/de/test/auto/QueueAndServer.xml
auto.tcl: Setting watchdog for 200 seconds at Wed May 30 01:32:21 UTC 2018
25 ms. Memory: 284160K Free: 265642K (93%)
ptolemy.util.test.WatchDog.cancel(): canceling Wed May 30 01:32:21 UTC 2018
auto.tcl: Setting watchdog for 200 seconds at Wed May 30 01:32:21 UTC 2018
15 ms. Memory: 284160K Free: 265642K (93%)
ptolemy.util.test.WatchDog.cancel(): canceling Wed May 30 01:32:21 UTC 2018
------------------ testing $PTII/ptolemy/domains/de/test/auto/Records.xml
auto.tcl: Setting watchdog for 200 seconds at Wed May 30 01:32:21 UTC 2018
11 ms. Memory: 285184K Free: 271495K (95%)
ptolemy.util.test.WatchDog.cancel(): canceling Wed May 30 01:32:21 UTC 2018
auto.tcl: Setting watchdog for 200 seconds at Wed May 30 01:32:21 UTC 2018
3 ms. Memory: 285184K Free: 271495K (95%)
ptolemy.util.test.WatchDog.cancel(): canceling Wed May 30 01:32:21 UTC 2018
------------------ testing $PTII/ptolemy/domains/de/test/auto/ResetTransitionWithStartTime1.xml
auto.tcl: Setting watchdog for 200 seconds at Wed May 30 01:32:21 UTC 2018
11 ms. Memory: 284160K Free: 267614K (94%)
ptolemy.util.test.WatchDog.cancel(): canceling Wed May 30 01:32:22 UTC 2018
auto.tcl: Setting watchdog for 200 seconds at Wed May 30 01:32:22 UTC 2018
9 ms. Memory: 284160K Free: 264747K (93%)
ptolemy.util.test.WatchDog.cancel(): canceling Wed May 30 01:32:22 UTC 2018
------------------ testing $PTII/ptolemy/domains/de/test/auto/ResetTransitionWithStartTime2.xml
auto.tcl: Setting watchdog for 200 seconds at Wed May 30 01:32:22 UTC 2018
7 ms. Memory: 285184K Free: 268694K (94%)
ptolemy.util.test.WatchDog.cancel(): canceling Wed May 30 01:32:22 UTC 2018
auto.tcl: Setting watchdog for 200 seconds at Wed May 30 01:32:22 UTC 2018
9 ms. Memory: 285184K Free: 265819K (93%)
ptolemy.util.test.WatchDog.cancel(): canceling Wed May 30 01:32:22 UTC 2018
------------------ testing $PTII/ptolemy/domains/de/test/auto/ResetTransitionWithStartTime3.xml
auto.tcl: Setting watchdog for 200 seconds at Wed May 30 01:32:22 UTC 2018
7 ms. Memory: 284160K Free: 267626K (94%)
ptolemy.util.test.WatchDog.cancel(): canceling Wed May 30 01:32:22 UTC 2018
auto.tcl: Setting watchdog for 200 seconds at Wed May 30 01:32:22 UTC 2018
9 ms. Memory: 284160K Free: 264751K (93%)
ptolemy.util.test.WatchDog.cancel(): canceling Wed May 30 01:32:22 UTC 2018
------------------ testing $PTII/ptolemy/domains/de/test/auto/ResetTransitionWithStartTime4.xml
auto.tcl: Setting watchdog for 200 seconds at Wed May 30 01:32:22 UTC 2018
7 ms. Memory: 284672K Free: 268186K (94%)
ptolemy.util.test.WatchDog.cancel(): canceling Wed May 30 01:32:22 UTC 2018
auto.tcl: Setting watchdog for 200 seconds at Wed May 30 01:32:22 UTC 2018
4 ms. Memory: 284672K Free: 268186K (94%)
ptolemy.util.test.WatchDog.cancel(): canceling Wed May 30 01:32:22 UTC 2018
------------------ testing $PTII/ptolemy/domains/de/test/auto/ResettableTimer1.xml
auto.tcl: Setting watchdog for 200 seconds at Wed May 30 01:32:22 UTC 2018
4 ms. Memory: 284160K Free: 268484K (94%)
ptolemy.util.test.WatchDog.cancel(): canceling Wed May 30 01:32:22 UTC 2018
auto.tcl: Setting watchdog for 200 seconds at Wed May 30 01:32:22 UTC 2018
4 ms. Memory: 284160K Free: 268484K (94%)
ptolemy.util.test.WatchDog.cancel(): canceling Wed May 30 01:32:22 UTC 2018
------------------ testing $PTII/ptolemy/domains/de/test/auto/ResettableTimer2.xml
auto.tcl: Setting watchdog for 200 seconds at Wed May 30 01:32:22 UTC 2018
5 ms. Memory: 284672K Free: 269071K (95%)
ptolemy.util.test.WatchDog.cancel(): canceling Wed May 30 01:32:22 UTC 2018
auto.tcl: Setting watchdog for 200 seconds at Wed May 30 01:32:22 UTC 2018
3 ms. Memory: 284672K Free: 269071K (95%)
ptolemy.util.test.WatchDog.cancel(): canceling Wed May 30 01:32:22 UTC 2018
------------------ testing $PTII/ptolemy/domains/de/test/auto/ResettableTimer3.xml
auto.tcl: Setting watchdog for 200 seconds at Wed May 30 01:32:22 UTC 2018
2 ms. Memory: 284160K Free: 268500K (94%)
ptolemy.util.test.WatchDog.cancel(): canceling Wed May 30 01:32:22 UTC 2018
auto.tcl: Setting watchdog for 200 seconds at Wed May 30 01:32:22 UTC 2018
2 ms. Memory: 284160K Free: 268500K (94%)
ptolemy.util.test.WatchDog.cancel(): canceling Wed May 30 01:32:22 UTC 2018
------------------ testing $PTII/ptolemy/domains/de/test/auto/ResettableTimer4.xml
auto.tcl: Setting watchdog for 200 seconds at Wed May 30 01:32:22 UTC 2018
2 ms. Memory: 284672K Free: 269067K (95%)
ptolemy.util.test.WatchDog.cancel(): canceling Wed May 30 01:32:22 UTC 2018
auto.tcl: Setting watchdog for 200 seconds at Wed May 30 01:32:22 UTC 2018
5 ms. Memory: 284672K Free: 269067K (95%)
ptolemy.util.test.WatchDog.cancel(): canceling Wed May 30 01:32:22 UTC 2018
------------------ testing $PTII/ptolemy/domains/de/test/auto/ResettableTimer5.xml
auto.tcl: Setting watchdog for 200 seconds at Wed May 30 01:32:22 UTC 2018
4 ms. Memory: 284160K Free: 268526K (94%)
ptolemy.util.test.WatchDog.cancel(): canceling Wed May 30 01:32:22 UTC 2018
auto.tcl: Setting watchdog for 200 seconds at Wed May 30 01:32:22 UTC 2018
4 ms. Memory: 284160K Free: 268526K (94%)
ptolemy.util.test.WatchDog.cancel(): canceling Wed May 30 01:32:22 UTC 2018
------------------ testing $PTII/ptolemy/domains/de/test/auto/ResettableTimer6.xml
auto.tcl: Setting watchdog for 200 seconds at Wed May 30 01:32:22 UTC 2018
2 ms. Memory: 284672K Free: 270999K (95%)
ptolemy.util.test.WatchDog.cancel(): canceling Wed May 30 01:32:22 UTC 2018
auto.tcl: Setting watchdog for 200 seconds at Wed May 30 01:32:22 UTC 2018
2 ms. Memory: 284672K Free: 270999K (95%)
ptolemy.util.test.WatchDog.cancel(): canceling Wed May 30 01:32:22 UTC 2018
------------------ testing $PTII/ptolemy/domains/de/test/auto/ServerZeroDelay.xml
auto.tcl: Setting watchdog for 200 seconds at Wed May 30 01:32:22 UTC 2018
6 ms. Memory: 284160K Free: 270528K (95%)
ptolemy.util.test.WatchDog.cancel(): canceling Wed May 30 01:32:22 UTC 2018
auto.tcl: Setting watchdog for 200 seconds at Wed May 30 01:32:22 UTC 2018
4 ms. Memory: 284160K Free: 270528K (95%)
ptolemy.util.test.WatchDog.cancel(): canceling Wed May 30 01:32:22 UTC 2018
------------------ testing $PTII/ptolemy/domains/de/test/auto/SmartSender.xml
auto.tcl: Setting watchdog for 200 seconds at Wed May 30 01:32:22 UTC 2018
3003 ms. Memory: 284672K Free: 269015K (94%)
ptolemy.util.test.WatchDog.cancel(): canceling Wed May 30 01:32:26 UTC 2018
auto.tcl: Setting watchdog for 200 seconds at Wed May 30 01:32:26 UTC 2018
3003 ms. Memory: 284672K Free: 269015K (94%)
ptolemy.util.test.WatchDog.cancel(): canceling Wed May 30 01:32:29 UTC 2018
------------------ testing $PTII/ptolemy/domains/de/test/auto/ThreadedComposite.xml
auto.tcl: Setting watchdog for 200 seconds at Wed May 30 01:32:29 UTC 2018
452 ms. Memory: 284160K Free: 243630K (86%)
ptolemy.util.test.WatchDog.cancel(): canceling Wed May 30 01:32:29 UTC 2018
auto.tcl: Setting watchdog for 200 seconds at Wed May 30 01:32:29 UTC 2018
319 ms. Memory: 284160K Free: 225747K (79%)
ptolemy.util.test.WatchDog.cancel(): canceling Wed May 30 01:32:29 UTC 2018
------------------ testing $PTII/ptolemy/domains/de/test/auto/Time.xml
auto.tcl: Setting watchdog for 200 seconds at Wed May 30 01:32:29 UTC 2018
1092 ms. Memory: 284672K Free: 220022K (77%)
ptolemy.util.test.WatchDog.cancel(): canceling Wed May 30 01:32:31 UTC 2018
auto.tcl: Setting watchdog for 200 seconds at Wed May 30 01:32:31 UTC 2018
1021 ms. Memory: 284672K Free: 168565K (59%)
ptolemy.util.test.WatchDog.cancel(): canceling Wed May 30 01:32:32 UTC 2018
------------------ testing $PTII/ptolemy/domains/de/test/auto/TimeDelayZeroDelay.xml
auto.tcl: Setting watchdog for 200 seconds at Wed May 30 01:32:32 UTC 2018
2 ms. Memory: 284160K Free: 271017K (95%)
ptolemy.util.test.WatchDog.cancel(): canceling Wed May 30 01:32:32 UTC 2018
auto.tcl: Setting watchdog for 200 seconds at Wed May 30 01:32:32 UTC 2018
3 ms. Memory: 284160K Free: 271017K (95%)
ptolemy.util.test.WatchDog.cancel(): canceling Wed May 30 01:32:32 UTC 2018
------------------ testing $PTII/ptolemy/domains/de/test/auto/TimerZeroDelay.xml
auto.tcl: Setting watchdog for 200 seconds at Wed May 30 01:32:32 UTC 2018
3 ms. Memory: 284672K Free: 271592K (95%)
ptolemy.util.test.WatchDog.cancel(): canceling Wed May 30 01:32:32 UTC 2018
auto.tcl: Setting watchdog for 200 seconds at Wed May 30 01:32:32 UTC 2018
3 ms. Memory: 284672K Free: 271592K (95%)
ptolemy.util.test.WatchDog.cancel(): canceling Wed May 30 01:32:32 UTC 2018
------------------ testing $PTII/ptolemy/domains/de/test/auto/TimingParadox.xml
auto.tcl: Setting watchdog for 200 seconds at Wed May 30 01:32:32 UTC 2018
584 ms. Memory: 284160K Free: 207811K (73%)
ptolemy.util.test.WatchDog.cancel(): canceling Wed May 30 01:32:33 UTC 2018
auto.tcl: Setting watchdog for 200 seconds at Wed May 30 01:32:33 UTC 2018
535 ms. Memory: 284160K Free: 174539K (61%)
ptolemy.util.test.WatchDog.cancel(): canceling Wed May 30 01:32:33 UTC 2018
------------------ testing $PTII/ptolemy/domains/de/test/auto/TransferInputs.xml
auto.tcl: Setting watchdog for 200 seconds at Wed May 30 01:32:33 UTC 2018
4 ms. Memory: 284672K Free: 270465K (95%)
ptolemy.util.test.WatchDog.cancel(): canceling Wed May 30 01:32:33 UTC 2018
auto.tcl: Setting watchdog for 200 seconds at Wed May 30 01:32:33 UTC 2018
2 ms. Memory: 284672K Free: 270465K (95%)
ptolemy.util.test.WatchDog.cancel(): canceling Wed May 30 01:32:33 UTC 2018
------------------ testing $PTII/ptolemy/domains/de/test/auto/TransferOutputs2.xml
auto.tcl: Setting watchdog for 200 seconds at Wed May 30 01:32:33 UTC 2018
15 ms. Memory: 284160K Free: 266453K (94%)
ptolemy.util.test.WatchDog.cancel(): canceling Wed May 30 01:32:33 UTC 2018
auto.tcl: Setting watchdog for 200 seconds at Wed May 30 01:32:33 UTC 2018
5 ms. Memory: 284160K Free: 263878K (93%)
ptolemy.util.test.WatchDog.cancel(): canceling Wed May 30 01:32:33 UTC 2018
------------------ testing $PTII/ptolemy/domains/de/test/auto/Trilateration.xml
auto.tcl: Setting watchdog for 200 seconds at Wed May 30 01:32:33 UTC 2018
16682 ms. Memory: 308736K Free: 231781K (75%)
ptolemy.util.test.WatchDog.cancel(): canceling Wed May 30 01:32:52 UTC 2018
auto.tcl: Setting watchdog for 200 seconds at Wed May 30 01:32:52 UTC 2018
13637 ms. Memory: 204800K Free: 126941K (62%)
ptolemy.util.test.WatchDog.cancel(): canceling Wed May 30 01:33:05 UTC 2018
------------------ testing $PTII/ptolemy/domains/de/test/auto/TwoSigmaDelta.xml
auto.tcl: Setting watchdog for 200 seconds at Wed May 30 01:33:06 UTC 2018
3918 ms. Memory: 194560K Free: 139740K (72%)
ptolemy.util.test.WatchDog.cancel(): canceling Wed May 30 01:33:10 UTC 2018
auto.tcl: Setting watchdog for 200 seconds at Wed May 30 01:33:10 UTC 2018
2635 ms. Memory: 186368K Free: 120790K (65%)
ptolemy.util.test.WatchDog.cancel(): canceling Wed May 30 01:33:12 UTC 2018
------------------ testing $PTII/ptolemy/domains/de/test/auto/VariableDelay.xml
auto.tcl: Setting watchdog for 200 seconds at Wed May 30 01:33:12 UTC 2018
3 ms. Memory: 187392K Free: 173779K (93%)
ptolemy.util.test.WatchDog.cancel(): canceling Wed May 30 01:33:12 UTC 2018
auto.tcl: Setting watchdog for 200 seconds at Wed May 30 01:33:12 UTC 2018
2 ms. Memory: 187392K Free: 173779K (93%)
ptolemy.util.test.WatchDog.cancel(): canceling Wed May 30 01:33:12 UTC 2018
------------------ testing $PTII/ptolemy/domains/de/test/auto/VariableDelay2.xml
auto.tcl: Setting watchdog for 200 seconds at Wed May 30 01:33:12 UTC 2018
10 ms. Memory: 186368K Free: 173179K (93%)
ptolemy.util.test.WatchDog.cancel(): canceling Wed May 30 01:33:12 UTC 2018
auto.tcl: Setting watchdog for 200 seconds at Wed May 30 01:33:12 UTC 2018
3 ms. Memory: 186368K Free: 173179K (93%)
ptolemy.util.test.WatchDog.cancel(): canceling Wed May 30 01:33:12 UTC 2018
------------------ testing $PTII/ptolemy/domains/de/test/auto/VariableDelayZeroDelay.xml
auto.tcl: Setting watchdog for 200 seconds at Wed May 30 01:33:12 UTC 2018
2 ms. Memory: 186880K Free: 175366K (94%)
ptolemy.util.test.WatchDog.cancel(): canceling Wed May 30 01:33:12 UTC 2018
auto.tcl: Setting watchdog for 200 seconds at Wed May 30 01:33:12 UTC 2018
3 ms. Memory: 186880K Free: 173689K (93%)
ptolemy.util.test.WatchDog.cancel(): canceling Wed May 30 01:33:12 UTC 2018
------------------ testing $PTII/ptolemy/domains/de/test/auto/VariableDelayZeroDelay2.xml
auto.tcl: Setting watchdog for 200 seconds at Wed May 30 01:33:13 UTC 2018
3 ms. Memory: 186368K Free: 173152K (93%)
ptolemy.util.test.WatchDog.cancel(): canceling Wed May 30 01:33:13 UTC 2018
auto.tcl: Setting watchdog for 200 seconds at Wed May 30 01:33:13 UTC 2018
3 ms. Memory: 186368K Free: 173152K (93%)
ptolemy.util.test.WatchDog.cancel(): canceling Wed May 30 01:33:13 UTC 2018
------------------ testing $PTII/ptolemy/domains/de/test/auto/deInCt.xml
auto.tcl: Setting watchdog for 200 seconds at Wed May 30 01:33:13 UTC 2018
0
1
1
1
1
0
0
0
1
1
1
1
0
0
1
1
1
0
0
0
1
1
1
1
1
0
0
0
0
1
1
1
1
1
14 ms. Memory: 186880K Free: 173675K (93%)
ptolemy.util.test.WatchDog.cancel(): canceling Wed May 30 01:33:13 UTC 2018
auto.tcl: Setting watchdog for 200 seconds at Wed May 30 01:33:13 UTC 2018
0
1
1
1
1
0
0
1
1
1
1
1
1
1
1
1
1
1
8 ms. Memory: 186880K Free: 171991K (92%)
ptolemy.util.test.WatchDog.cancel(): canceling Wed May 30 01:33:13 UTC 2018
------------------ testing $PTII/ptolemy/domains/de/test/auto/deInCt2.xml
auto.tcl: Setting watchdog for 200 seconds at Wed May 30 01:33:13 UTC 2018
0
1
1
1
0
0
1
1
1
0
0
1
1
1
0
0
1
1
1
0
0
1
1
1
0
0
1
1
1
0
0
1
1
1
0
0
1
1
1
0
0
0
20 ms. Memory: 186368K Free: 173163K (93%)
ptolemy.util.test.WatchDog.cancel(): canceling Wed May 30 01:33:13 UTC 2018
auto.tcl: Setting watchdog for 200 seconds at Wed May 30 01:33:13 UTC 2018
0
1
1
1
0
0
1
1
1
0
0
1
1
1
0
0
1
1
1
0
0
1
1
1
0
0
1
1
1
0
0
1
1
1
0
0
1
1
1
0
0
0
7 ms. Memory: 186368K Free: 171487K (92%)
ptolemy.util.test.WatchDog.cancel(): canceling Wed May 30 01:33:13 UTC 2018
------------------ testing $PTII/ptolemy/domains/de/test/auto/dynamicCausalityInterface1.xml
auto.tcl: Setting watchdog for 200 seconds at Wed May 30 01:33:13 UTC 2018
5 ms. Memory: 186880K Free: 169701K (91%)
ptolemy.util.test.WatchDog.cancel(): canceling Wed May 30 01:33:13 UTC 2018
auto.tcl: Setting watchdog for 200 seconds at Wed May 30 01:33:13 UTC 2018
1 ms. Memory: 186880K Free: 169701K (91%)
ptolemy.util.test.WatchDog.cancel(): canceling Wed May 30 01:33:13 UTC 2018
------------------ testing $PTII/ptolemy/domains/de/test/auto/fsm_de_test.xml
auto.tcl: Setting watchdog for 200 seconds at Wed May 30 01:33:13 UTC 2018
8 ms. Memory: 186368K Free: 169685K (91%)
ptolemy.util.test.WatchDog.cancel(): canceling Wed May 30 01:33:13 UTC 2018
auto.tcl: Setting watchdog for 200 seconds at Wed May 30 01:33:13 UTC 2018
6 ms. Memory: 186368K Free: 167993K (90%)
ptolemy.util.test.WatchDog.cancel(): canceling Wed May 30 01:33:13 UTC 2018
------------------ testing $PTII/ptolemy/domains/de/test/auto/functionDependencyReconstruction.xml
auto.tcl: Setting watchdog for 200 seconds at Wed May 30 01:33:13 UTC 2018
4 ms. Memory: 186880K Free: 161782K (87%)
ptolemy.util.test.WatchDog.cancel(): canceling Wed May 30 01:33:13 UTC 2018
auto.tcl: Setting watchdog for 200 seconds at Wed May 30 01:33:13 UTC 2018
4 ms. Memory: 186880K Free: 160090K (86%)
ptolemy.util.test.WatchDog.cancel(): canceling Wed May 30 01:33:13 UTC 2018
------------------ testing $PTII/ptolemy/domains/de/test/auto/multirate.xml
auto.tcl: Setting watchdog for 200 seconds at Wed May 30 01:33:13 UTC 2018
5 ms. Memory: 186368K Free: 171230K (92%)
ptolemy.util.test.WatchDog.cancel(): canceling Wed May 30 01:33:13 UTC 2018
auto.tcl: Setting watchdog for 200 seconds at Wed May 30 01:33:13 UTC 2018
8 ms. Memory: 186368K Free: 169552K (91%)
ptolemy.util.test.WatchDog.cancel(): canceling Wed May 30 01:33:13 UTC 2018
------------------ testing $PTII/ptolemy/domains/de/test/auto/multirate2.xml
auto.tcl: Setting watchdog for 200 seconds at Wed May 30 01:33:13 UTC 2018
7 ms. Memory: 186880K Free: 171923K (92%)
ptolemy.util.test.WatchDog.cancel(): canceling Wed May 30 01:33:13 UTC 2018
auto.tcl: Setting watchdog for 200 seconds at Wed May 30 01:33:13 UTC 2018
6 ms. Memory: 186880K Free: 170246K (91%)
ptolemy.util.test.WatchDog.cancel(): canceling Wed May 30 01:33:13 UTC 2018
------------------ testing $PTII/ptolemy/domains/de/test/auto/realtime.xml
auto.tcl: Setting watchdog for 200 seconds at Wed May 30 01:33:13 UTC 2018
10002 ms. Memory: 186368K Free: 174157K (93%)
ptolemy.util.test.WatchDog.cancel(): canceling Wed May 30 01:33:23 UTC 2018
auto.tcl: Setting watchdog for 200 seconds at Wed May 30 01:33:23 UTC 2018
10002 ms. Memory: 186368K Free: 174157K (93%)
ptolemy.util.test.WatchDog.cancel(): canceling Wed May 30 01:33:33 UTC 2018
------------------ testing $PTII/ptolemy/domains/de/test/auto/relationGroup.xml
auto.tcl: Setting watchdog for 200 seconds at Wed May 30 01:33:33 UTC 2018
1 ms. Memory: 186880K Free: 176373K (94%)
ptolemy.util.test.WatchDog.cancel(): canceling Wed May 30 01:33:33 UTC 2018
auto.tcl: Setting watchdog for 200 seconds at Wed May 30 01:33:33 UTC 2018
1 ms. Memory: 186880K Free: 176373K (94%)
ptolemy.util.test.WatchDog.cancel(): canceling Wed May 30 01:33:33 UTC 2018
------------------ testing $PTII/ptolemy/domains/de/test/auto/relationGroup2.xml
auto.tcl: Setting watchdog for 200 seconds at Wed May 30 01:33:33 UTC 2018
1 ms. Memory: 186368K Free: 174854K (94%)
ptolemy.util.test.WatchDog.cancel(): canceling Wed May 30 01:33:33 UTC 2018
auto.tcl: Setting watchdog for 200 seconds at Wed May 30 01:33:33 UTC 2018
2 ms. Memory: 186368K Free: 174854K (94%)
ptolemy.util.test.WatchDog.cancel(): canceling Wed May 30 01:33:33 UTC 2018
------------------ testing $PTII/ptolemy/domains/de/test/auto/sortWithOpaquePorts.xml
auto.tcl: Setting watchdog for 200 seconds at Wed May 30 01:33:34 UTC 2018
6 ms. Memory: 186368K Free: 173163K (93%)
ptolemy.util.test.WatchDog.cancel(): canceling Wed May 30 01:33:34 UTC 2018
auto.tcl: Setting watchdog for 200 seconds at Wed May 30 01:33:34 UTC 2018
2 ms. Memory: 186368K Free: 173163K (93%)
ptolemy.util.test.WatchDog.cancel(): canceling Wed May 30 01:33:34 UTC 2018
------------------ testing $PTII/ptolemy/domains/de/test/auto/transferInputsandOutputs.xml
auto.tcl: Setting watchdog for 200 seconds at Wed May 30 01:33:34 UTC 2018
2 ms. Memory: 186368K Free: 171488K (92%)
ptolemy.util.test.WatchDog.cancel(): canceling Wed May 30 01:33:34 UTC 2018
auto.tcl: Setting watchdog for 200 seconds at Wed May 30 01:33:34 UTC 2018
2 ms. Memory: 186368K Free: 169804K (91%)
ptolemy.util.test.WatchDog.cancel(): canceling Wed May 30 01:33:34 UTC 2018
------------------ testing $PTII/ptolemy/domains/de/test/auto/triggerType.xml
auto.tcl: Setting watchdog for 200 seconds at Wed May 30 01:33:34 UTC 2018
2 ms. Memory: 186368K Free: 174777K (94%)
ptolemy.util.test.WatchDog.cancel(): canceling Wed May 30 01:33:34 UTC 2018
auto.tcl: Setting watchdog for 200 seconds at Wed May 30 01:33:34 UTC 2018
2 ms. Memory: 186368K Free: 173101K (93%)
ptolemy.util.test.WatchDog.cancel(): canceling Wed May 30 01:33:34 UTC 2018
05/30/18 01:33:34
Failed: 0  Total Tests: 192  ((Passed: 187, Newly Passed: 1)  Known Failed: 5) /home/travis/build/icyphy/ptII/ptolemy/domains/de/test
05/30/18 01:33:34
Failed: 0  Total Tests: 192  ((Passed: 187, Newly Passed: 1)  Known Failed: 5) /home/travis/build/icyphy/ptII/ptolemy/domains/de/test
----------------- testing (KnownFailure) /home/travis/build/icyphy/ptII/ptolemy/domains/de/test/auto/knownFailedTests/DESDFClockTest.xml
2017 ms. Memory: 186368K Free: 163875K (88%)
Known Failure: java.lang.reflect.InvocationTargetException
----------------- testing (KnownFailure) /home/travis/build/icyphy/ptII/ptolemy/domains/de/test/auto/knownFailedTests/DirectFeedback.xml
1 ms. Memory: 186368K Free: 153363K (82%)
Known Failure: java.lang.reflect.InvocationTargetException
----------------- testing (KnownFailure) /home/travis/build/icyphy/ptII/ptolemy/domains/de/test/auto/knownFailedTests/FSMSource.xml
6 ms. Memory: 186368K Free: 140751K (76%)
----------------- testing (KnownFailure) /home/travis/build/icyphy/ptII/ptolemy/domains/de/test/auto/knownFailedTests/HierarchicalModel.xml
4 ms. Memory: 186368K Free: 121810K (65%)
Known Failure: java.lang.reflect.InvocationTargetException
----------------- testing (KnownFailure) /home/travis/build/icyphy/ptII/ptolemy/domains/de/test/auto/knownFailedTests/dependencyLoop.xml
2 ms. Memory: 186368K Free: 100785K (54%)
Known Failure: java.lang.reflect.InvocationTargetException
----------------- testing (KnownFailure) /home/travis/build/icyphy/ptII/ptolemy/domains/de/test/auto/knownFailedTests/dependencyLoop2.xml
3 ms. Memory: 186368K Free: 79744K (43%)
Known Failure: java.lang.reflect.InvocationTargetException
No auto/linux-amd64/*.xml tests in /home/travis/build/icyphy/ptII/ptolemy/domains/de/test
AutoTests.java: About to close Vertx.
AutoTests.java: Vertx closed.
----------------- testing Wed May 30 01:33:36 UTC 2018 /home/travis/build/icyphy/ptII/ptolemy/domains/de/test/auto/ActorDepthCalculation_actorWithoutPorts.xml
----------------- Instantiating /home/travis/build/icyphy/ptII/ptolemy/domains/de/test/auto/ActorDepthCalculation_actorWithoutPorts.xml
2 ms. Memory: 182784K Free: 168387K (92%)
----------------- Invoking toplevel() on ptolemy.moml.MoMLSimpleApplication@5b623557
----------------- Done invoking toplevel() on ptolemy.moml.MoMLSimpleApplication@5b623557
reloadAllAccessors: .ActorDepthCalculation_actorWithoutPorts
----------------- testing Wed May 30 01:33:36 UTC 2018 /home/travis/build/icyphy/ptII/ptolemy/domains/de/test/auto/AssemblyLine.xml
----------------- Instantiating /home/travis/build/icyphy/ptII/ptolemy/domains/de/test/auto/AssemblyLine.xml
5 ms. Memory: 182784K Free: 159144K (87%)
----------------- Invoking toplevel() on ptolemy.moml.MoMLSimpleApplication@66640359
----------------- Done invoking toplevel() on ptolemy.moml.MoMLSimpleApplication@66640359
reloadAllAccessors: .AssemblyLine
----------------- testing Wed May 30 01:33:36 UTC 2018 /home/travis/build/icyphy/ptII/ptolemy/domains/de/test/auto/CQBug1.xml
----------------- Instantiating /home/travis/build/icyphy/ptII/ptolemy/domains/de/test/auto/CQBug1.xml
1 ms. Memory: 182784K Free: 155072K (85%)
----------------- Invoking toplevel() on ptolemy.moml.MoMLSimpleApplication@168265c
----------------- Done invoking toplevel() on ptolemy.moml.MoMLSimpleApplication@168265c
reloadAllAccessors: .CQBug1
----------------- testing Wed May 30 01:33:36 UTC 2018 /home/travis/build/icyphy/ptII/ptolemy/domains/de/test/auto/CancelFireAt.xml
----------------- Instantiating /home/travis/build/icyphy/ptII/ptolemy/domains/de/test/auto/CancelFireAt.xml
1 ms. Memory: 182784K Free: 150978K (83%)
----------------- Invoking toplevel() on ptolemy.moml.MoMLSimpleApplication@1226347d
----------------- Done invoking toplevel() on ptolemy.moml.MoMLSimpleApplication@1226347d
reloadAllAccessors: .CancelFireAt
----------------- testing Wed May 30 01:33:36 UTC 2018 /home/travis/build/icyphy/ptII/ptolemy/domains/de/test/auto/CausalityAndComposabilityAnalysis.xml
----------------- Instantiating /home/travis/build/icyphy/ptII/ptolemy/domains/de/test/auto/CausalityAndComposabilityAnalysis.xml
2 ms. Memory: 182784K Free: 145909K (80%)
----------------- Invoking toplevel() on ptolemy.moml.MoMLSimpleApplication@733f83f7
----------------- Done invoking toplevel() on ptolemy.moml.MoMLSimpleApplication@733f83f7
reloadAllAccessors: .CausalityAndComposabilityAnalysis
----------------- testing Wed May 30 01:33:36 UTC 2018 /home/travis/build/icyphy/ptII/ptolemy/domains/de/test/auto/CausalityInterface1.xml
----------------- Instantiating /home/travis/build/icyphy/ptII/ptolemy/domains/de/test/auto/CausalityInterface1.xml
3 ms. Memory: 182784K Free: 138750K (76%)
----------------- Invoking toplevel() on ptolemy.moml.MoMLSimpleApplication@7994fc98
----------------- Done invoking toplevel() on ptolemy.moml.MoMLSimpleApplication@7994fc98
reloadAllAccessors: .CausalityInterface1
----------------- testing Wed May 30 01:33:36 UTC 2018 /home/travis/build/icyphy/ptII/ptolemy/domains/de/test/auto/CausalityInterface15.xml
----------------- Instantiating /home/travis/build/icyphy/ptII/ptolemy/domains/de/test/auto/CausalityInterface15.xml
1 ms. Memory: 182784K Free: 132635K (73%)
----------------- Invoking toplevel() on ptolemy.moml.MoMLSimpleApplication@74069681
----------------- Done invoking toplevel() on ptolemy.moml.MoMLSimpleApplication@74069681
reloadAllAccessors: .CausalityInterface15
----------------- testing Wed May 30 01:33:36 UTC 2018 /home/travis/build/icyphy/ptII/ptolemy/domains/de/test/auto/CausalityInterface2.xml
----------------- Instantiating /home/travis/build/icyphy/ptII/ptolemy/domains/de/test/auto/CausalityInterface2.xml
1 ms. Memory: 182784K Free: 127549K (70%)
----------------- Invoking toplevel() on ptolemy.moml.MoMLSimpleApplication@783cec60
----------------- Done invoking toplevel() on ptolemy.moml.MoMLSimpleApplication@783cec60
reloadAllAccessors: .CausalityInterface2
----------------- testing Wed May 30 01:33:36 UTC 2018 /home/travis/build/icyphy/ptII/ptolemy/domains/de/test/auto/CausalityInterface3.xml
----------------- Instantiating /home/travis/build/icyphy/ptII/ptolemy/domains/de/test/auto/CausalityInterface3.xml
1 ms. Memory: 182784K Free: 120388K (66%)
----------------- Invoking toplevel() on ptolemy.moml.MoMLSimpleApplication@3cdb8fdf
----------------- Done invoking toplevel() on ptolemy.moml.MoMLSimpleApplication@3cdb8fdf
reloadAllAccessors: .CausalityInterface3
----------------- testing Wed May 30 01:33:36 UTC 2018 /home/travis/build/icyphy/ptII/ptolemy/domains/de/test/auto/ClockDrift.xml
----------------- Instantiating /home/travis/build/icyphy/ptII/ptolemy/domains/de/test/auto/ClockDrift.xml
11 ms. Memory: 182784K Free: 106122K (58%)
----------------- Invoking toplevel() on ptolemy.moml.MoMLSimpleApplication@58f07af6
----------------- Done invoking toplevel() on ptolemy.moml.MoMLSimpleApplication@58f07af6
reloadAllAccessors: .ClockDrift
----------------- testing Wed May 30 01:33:36 UTC 2018 /home/travis/build/icyphy/ptII/ptolemy/domains/de/test/auto/ClockDriftAndValueChange.xml
----------------- Instantiating /home/travis/build/icyphy/ptII/ptolemy/domains/de/test/auto/ClockDriftAndValueChange.xml
12 ms. Memory: 182784K Free: 90812K (50%)
----------------- Invoking toplevel() on ptolemy.moml.MoMLSimpleApplication@2afe890f
----------------- Done invoking toplevel() on ptolemy.moml.MoMLSimpleApplication@2afe890f
reloadAllAccessors: .ClockDriftAndValueChange
----------------- testing Wed May 30 01:33:36 UTC 2018 /home/travis/build/icyphy/ptII/ptolemy/domains/de/test/auto/ClockDriftChange.xml
----------------- Instantiating /home/travis/build/icyphy/ptII/ptolemy/domains/de/test/auto/ClockDriftChange.xml
11 ms. Memory: 182784K Free: 78583K (43%)
----------------- Invoking toplevel() on ptolemy.moml.MoMLSimpleApplication@55add68
----------------- Done invoking toplevel() on ptolemy.moml.MoMLSimpleApplication@55add68
reloadAllAccessors: .ClockDriftChange
----------------- testing Wed May 30 01:33:36 UTC 2018 /home/travis/build/icyphy/ptII/ptolemy/domains/de/test/auto/ComposableCausalityAnalysis.xml
----------------- Instantiating /home/travis/build/icyphy/ptII/ptolemy/domains/de/test/auto/ComposableCausalityAnalysis.xml
2 ms. Memory: 179200K Free: 168975K (94%)
----------------- Invoking toplevel() on ptolemy.moml.MoMLSimpleApplication@67e9f124
----------------- Done invoking toplevel() on ptolemy.moml.MoMLSimpleApplication@67e9f124
reloadAllAccessors: .ComposableCausalityAnalysis
----------------- testing Wed May 30 01:33:36 UTC 2018 /home/travis/build/icyphy/ptII/ptolemy/domains/de/test/auto/DEFixedPointLimitation.xml
----------------- Instantiating /home/travis/build/icyphy/ptII/ptolemy/domains/de/test/auto/DEFixedPointLimitation.xml
1 ms. Memory: 179200K Free: 162362K (91%)
----------------- Invoking toplevel() on ptolemy.moml.MoMLSimpleApplication@61d94ce6
----------------- Done invoking toplevel() on ptolemy.moml.MoMLSimpleApplication@61d94ce6
reloadAllAccessors: .DEFixedPointLimitation
----------------- testing Wed May 30 01:33:36 UTC 2018 /home/travis/build/icyphy/ptII/ptolemy/domains/de/test/auto/DEScheduleTest.xml
----------------- Instantiating /home/travis/build/icyphy/ptII/ptolemy/domains/de/test/auto/DEScheduleTest.xml
2 ms. Memory: 179200K Free: 156735K (87%)
----------------- Invoking toplevel() on ptolemy.moml.MoMLSimpleApplication@78b54360
----------------- Done invoking toplevel() on ptolemy.moml.MoMLSimpleApplication@78b54360
reloadAllAccessors: .DEScheduleTest
----------------- testing Wed May 30 01:33:36 UTC 2018 /home/travis/build/icyphy/ptII/ptolemy/domains/de/test/auto/DEinDEwithStartTimes.xml
----------------- Instantiating /home/travis/build/icyphy/ptII/ptolemy/domains/de/test/auto/DEinDEwithStartTimes.xml
3 ms. Memory: 179200K Free: 149841K (84%)
----------------- Invoking toplevel() on ptolemy.moml.MoMLSimpleApplication@1aab9829
----------------- Done invoking toplevel() on ptolemy.moml.MoMLSimpleApplication@1aab9829
reloadAllAccessors: .DEinDEwithStartTimes
----------------- testing Wed May 30 01:33:36 UTC 2018 /home/travis/build/icyphy/ptII/ptolemy/domains/de/test/auto/DEinDEwithStartTimes2.xml
----------------- Instantiating /home/travis/build/icyphy/ptII/ptolemy/domains/de/test/auto/DEinDEwithStartTimes2.xml
2 ms. Memory: 179200K Free: 141224K (79%)
----------------- Invoking toplevel() on ptolemy.moml.MoMLSimpleApplication@4035d967
----------------- Done invoking toplevel() on ptolemy.moml.MoMLSimpleApplication@4035d967
reloadAllAccessors: .DEinDEwithStartTimes2
----------------- testing Wed May 30 01:33:36 UTC 2018 /home/travis/build/icyphy/ptII/ptolemy/domains/de/test/auto/DateDemo.xml
----------------- Instantiating /home/travis/build/icyphy/ptII/ptolemy/domains/de/test/auto/DateDemo.xml
5 ms. Memory: 179200K Free: 127740K (71%)
----------------- Invoking toplevel() on ptolemy.moml.MoMLSimpleApplication@3d424130
----------------- Done invoking toplevel() on ptolemy.moml.MoMLSimpleApplication@3d424130
reloadAllAccessors: .DateDemo
----------------- testing Wed May 30 01:33:36 UTC 2018 /home/travis/build/icyphy/ptII/ptolemy/domains/de/test/auto/DateToEvent.xml
----------------- Instantiating /home/travis/build/icyphy/ptII/ptolemy/domains/de/test/auto/DateToEvent.xml
2004 ms. Memory: 179200K Free: 109022K (61%)
----------------- Invoking toplevel() on ptolemy.moml.MoMLSimpleApplication@5ea94083
----------------- Done invoking toplevel() on ptolemy.moml.MoMLSimpleApplication@5ea94083
reloadAllAccessors: .DateToEvent
----------------- testing Wed May 30 01:33:39 UTC 2018 /home/travis/build/icyphy/ptII/ptolemy/domains/de/test/auto/DepthTest1.xml
----------------- Instantiating /home/travis/build/icyphy/ptII/ptolemy/domains/de/test/auto/DepthTest1.xml
2 ms. Memory: 179200K Free: 104389K (58%)
----------------- Invoking toplevel() on ptolemy.moml.MoMLSimpleApplication@4d893f17
----------------- Done invoking toplevel() on ptolemy.moml.MoMLSimpleApplication@4d893f17
reloadAllAccessors: .DepthTest1
----------------- testing Wed May 30 01:33:39 UTC 2018 /home/travis/build/icyphy/ptII/ptolemy/domains/de/test/auto/DepthTest2.xml
----------------- Instantiating /home/travis/build/icyphy/ptII/ptolemy/domains/de/test/auto/DepthTest2.xml
2 ms. Memory: 179200K Free: 95843K (53%)
----------------- Invoking toplevel() on ptolemy.moml.MoMLSimpleApplication@5fcbf225
----------------- Done invoking toplevel() on ptolemy.moml.MoMLSimpleApplication@5fcbf225
reloadAllAccessors: .DepthTest2
----------------- testing Wed May 30 01:33:39 UTC 2018 /home/travis/build/icyphy/ptII/ptolemy/domains/de/test/auto/DepthTest3.xml
----------------- Instantiating /home/travis/build/icyphy/ptII/ptolemy/domains/de/test/auto/DepthTest3.xml
1 ms. Memory: 179200K Free: 91915K (51%)
----------------- Invoking toplevel() on ptolemy.moml.MoMLSimpleApplication@44699136
----------------- Done invoking toplevel() on ptolemy.moml.MoMLSimpleApplication@44699136
reloadAllAccessors: .DepthTest3
----------------- testing Wed May 30 01:33:39 UTC 2018 /home/travis/build/icyphy/ptII/ptolemy/domains/de/test/auto/DepthTest4.xml
----------------- Instantiating /home/travis/build/icyphy/ptII/ptolemy/domains/de/test/auto/DepthTest4.xml
2 ms. Memory: 179200K Free: 85318K (48%)
----------------- Invoking toplevel() on ptolemy.moml.MoMLSimpleApplication@5387a9a2
----------------- Done invoking toplevel() on ptolemy.moml.MoMLSimpleApplication@5387a9a2
reloadAllAccessors: .DepthTest4
----------------- testing Wed May 30 01:33:39 UTC 2018 /home/travis/build/icyphy/ptII/ptolemy/domains/de/test/auto/DepthTest5.xml
----------------- Instantiating /home/travis/build/icyphy/ptII/ptolemy/domains/de/test/auto/DepthTest5.xml
3 ms. Memory: 179200K Free: 77735K (43%)
----------------- Invoking toplevel() on ptolemy.moml.MoMLSimpleApplication@67c06caf
----------------- Done invoking toplevel() on ptolemy.moml.MoMLSimpleApplication@67c06caf
reloadAllAccessors: .DepthTest5
----------------- testing Wed May 30 01:33:39 UTC 2018 /home/travis/build/icyphy/ptII/ptolemy/domains/de/test/auto/DepthTest6.xml
----------------- Instantiating /home/travis/build/icyphy/ptII/ptolemy/domains/de/test/auto/DepthTest6.xml
2 ms. Memory: 175616K Free: 165239K (94%)
----------------- Invoking toplevel() on ptolemy.moml.MoMLSimpleApplication@412d3cf9
----------------- Done invoking toplevel() on ptolemy.moml.MoMLSimpleApplication@412d3cf9
reloadAllAccessors: .DepthTest6
----------------- testing Wed May 30 01:33:39 UTC 2018 /home/travis/build/icyphy/ptII/ptolemy/domains/de/test/auto/DepthTest7.xml
----------------- Instantiating /home/travis/build/icyphy/ptII/ptolemy/domains/de/test/auto/DepthTest7.xml
2 ms. Memory: 175616K Free: 159087K (91%)
----------------- Invoking toplevel() on ptolemy.moml.MoMLSimpleApplication@14405930
----------------- Done invoking toplevel() on ptolemy.moml.MoMLSimpleApplication@14405930
reloadAllAccessors: .DepthTest7
----------------- testing Wed May 30 01:33:39 UTC 2018 /home/travis/build/icyphy/ptII/ptolemy/domains/de/test/auto/EventToDate.xml
----------------- Instantiating /home/travis/build/icyphy/ptII/ptolemy/domains/de/test/auto/EventToDate.xml
3005 ms. Memory: 175616K Free: 143433K (82%)
----------------- Invoking toplevel() on ptolemy.moml.MoMLSimpleApplication@6e8a7589
----------------- Done invoking toplevel() on ptolemy.moml.MoMLSimpleApplication@6e8a7589
reloadAllAccessors: .EventToDate
----------------- testing Wed May 30 01:33:42 UTC 2018 /home/travis/build/icyphy/ptII/ptolemy/domains/de/test/auto/FSM1.xml
----------------- Instantiating /home/travis/build/icyphy/ptII/ptolemy/domains/de/test/auto/FSM1.xml
10 ms. Memory: 175616K Free: 128695K (73%)
----------------- Invoking toplevel() on ptolemy.moml.MoMLSimpleApplication@7fb72655
----------------- Done invoking toplevel() on ptolemy.moml.MoMLSimpleApplication@7fb72655
reloadAllAccessors: .FSM1
----------------- testing Wed May 30 01:33:42 UTC 2018 /home/travis/build/icyphy/ptII/ptolemy/domains/de/test/auto/FSM7.xml
----------------- Instantiating /home/travis/build/icyphy/ptII/ptolemy/domains/de/test/auto/FSM7.xml
12 ms. Memory: 175616K Free: 113936K (65%)
----------------- Invoking toplevel() on ptolemy.moml.MoMLSimpleApplication@42431c7a
----------------- Done invoking toplevel() on ptolemy.moml.MoMLSimpleApplication@42431c7a
reloadAllAccessors: .FSM7
----------------- testing Wed May 30 01:33:42 UTC 2018 /home/travis/build/icyphy/ptII/ptolemy/domains/de/test/auto/Inspection.xml
----------------- Instantiating /home/travis/build/icyphy/ptII/ptolemy/domains/de/test/auto/Inspection.xml
18 ms. Memory: 175616K Free: 99208K (56%)
----------------- Invoking toplevel() on ptolemy.moml.MoMLSimpleApplication@321838d7
----------------- Done invoking toplevel() on ptolemy.moml.MoMLSimpleApplication@321838d7
reloadAllAccessors: .Inspection
----------------- testing Wed May 30 01:33:42 UTC 2018 /home/travis/build/icyphy/ptII/ptolemy/domains/de/test/auto/Iteration.xml
----------------- Instantiating /home/travis/build/icyphy/ptII/ptolemy/domains/de/test/auto/Iteration.xml
7 ms. Memory: 175616K Free: 90117K (51%)
----------------- Invoking toplevel() on ptolemy.moml.MoMLSimpleApplication@1c89ab77
----------------- Done invoking toplevel() on ptolemy.moml.MoMLSimpleApplication@1c89ab77
reloadAllAccessors: .Iteration
----------------- testing Wed May 30 01:33:42 UTC 2018 /home/travis/build/icyphy/ptII/ptolemy/domains/de/test/auto/LineFault.xml
----------------- Instantiating /home/travis/build/icyphy/ptII/ptolemy/domains/de/test/auto/LineFault.xml
665 ms. Memory: 170496K Free: 149078K (87%)
----------------- Invoking toplevel() on ptolemy.moml.MoMLSimpleApplication@125dd1ba
----------------- Done invoking toplevel() on ptolemy.moml.MoMLSimpleApplication@125dd1ba
reloadAllAccessors: .LineFault
----------------- testing Wed May 30 01:33:43 UTC 2018 /home/travis/build/icyphy/ptII/ptolemy/domains/de/test/auto/MergeModel1Add.xml
----------------- Instantiating /home/travis/build/icyphy/ptII/ptolemy/domains/de/test/auto/MergeModel1Add.xml
10 ms. Memory: 170496K Free: 127275K (75%)
----------------- Invoking toplevel() on ptolemy.moml.MoMLSimpleApplication@7e485898
----------------- Done invoking toplevel() on ptolemy.moml.MoMLSimpleApplication@7e485898
reloadAllAccessors: .MergeModel1Add
----------------- testing Wed May 30 01:33:43 UTC 2018 /home/travis/build/icyphy/ptII/ptolemy/domains/de/test/auto/MergeModel2Add.xml
----------------- Instantiating /home/travis/build/icyphy/ptII/ptolemy/domains/de/test/auto/MergeModel2Add.xml
10 ms. Memory: 170496K Free: 107079K (63%)
----------------- Invoking toplevel() on ptolemy.moml.MoMLSimpleApplication@3580714b
----------------- Done invoking toplevel() on ptolemy.moml.MoMLSimpleApplication@3580714b
reloadAllAccessors: .MergeModel2Add
----------------- testing Wed May 30 01:33:43 UTC 2018 /home/travis/build/icyphy/ptII/ptolemy/domains/de/test/auto/MergeModel3Add.xml
----------------- Instantiating /home/travis/build/icyphy/ptII/ptolemy/domains/de/test/auto/MergeModel3Add.xml
8 ms. Memory: 170496K Free: 87205K (51%)
----------------- Invoking toplevel() on ptolemy.moml.MoMLSimpleApplication@161f7d8
----------------- Done invoking toplevel() on ptolemy.moml.MoMLSimpleApplication@161f7d8
reloadAllAccessors: .MergeModel3Add
----------------- testing Wed May 30 01:33:43 UTC 2018 /home/travis/build/icyphy/ptII/ptolemy/domains/de/test/auto/MergeWithoutDiscard.xml
----------------- Instantiating /home/travis/build/icyphy/ptII/ptolemy/domains/de/test/auto/MergeWithoutDiscard.xml
1 ms. Memory: 170496K Free: 81251K (48%)
----------------- Invoking toplevel() on ptolemy.moml.MoMLSimpleApplication@43068439
----------------- Done invoking toplevel() on ptolemy.moml.MoMLSimpleApplication@43068439
reloadAllAccessors: .MergeWithoutDiscard
----------------- testing Wed May 30 01:33:43 UTC 2018 /home/travis/build/icyphy/ptII/ptolemy/domains/de/test/auto/Modal1.xml
----------------- Instantiating /home/travis/build/icyphy/ptII/ptolemy/domains/de/test/auto/Modal1.xml
10 ms. Memory: 166400K Free: 150728K (91%)
----------------- Invoking toplevel() on ptolemy.moml.MoMLSimpleApplication@31c27dd2
----------------- Done invoking toplevel() on ptolemy.moml.MoMLSimpleApplication@31c27dd2
reloadAllAccessors: .Modal1
----------------- testing Wed May 30 01:33:43 UTC 2018 /home/travis/build/icyphy/ptII/ptolemy/domains/de/test/auto/Modal2.xml
----------------- Instantiating /home/travis/build/icyphy/ptII/ptolemy/domains/de/test/auto/Modal2.xml
18 ms. Memory: 166400K Free: 136218K (82%)
----------------- Invoking toplevel() on ptolemy.moml.MoMLSimpleApplication@6aa3438c
----------------- Done invoking toplevel() on ptolemy.moml.MoMLSimpleApplication@6aa3438c
reloadAllAccessors: .Modal2
----------------- testing Wed May 30 01:33:43 UTC 2018 /home/travis/build/icyphy/ptII/ptolemy/domains/de/test/auto/Modal3.xml
----------------- Instantiating /home/travis/build/icyphy/ptII/ptolemy/domains/de/test/auto/Modal3.xml
10 ms. Memory: 166400K Free: 121921K (73%)
----------------- Invoking toplevel() on ptolemy.moml.MoMLSimpleApplication@67fd38fd
----------------- Done invoking toplevel() on ptolemy.moml.MoMLSimpleApplication@67fd38fd
reloadAllAccessors: .Modal3
----------------- testing Wed May 30 01:33:43 UTC 2018 /home/travis/build/icyphy/ptII/ptolemy/domains/de/test/auto/Modal4.xml
----------------- Instantiating /home/travis/build/icyphy/ptII/ptolemy/domains/de/test/auto/Modal4.xml
12 ms. Memory: 166400K Free: 107041K (64%)
----------------- Invoking toplevel() on ptolemy.moml.MoMLSimpleApplication@6ae7a4e9
----------------- Done invoking toplevel() on ptolemy.moml.MoMLSimpleApplication@6ae7a4e9
reloadAllAccessors: .Modal4
----------------- testing Wed May 30 01:33:43 UTC 2018 /home/travis/build/icyphy/ptII/ptolemy/domains/de/test/auto/Modal5.xml
----------------- Instantiating /home/travis/build/icyphy/ptII/ptolemy/domains/de/test/auto/Modal5.xml
12 ms. Memory: 166400K Free: 92021K (55%)
----------------- Invoking toplevel() on ptolemy.moml.MoMLSimpleApplication@73f90722
----------------- Done invoking toplevel() on ptolemy.moml.MoMLSimpleApplication@73f90722
reloadAllAccessors: .Modal5
----------------- testing Wed May 30 01:33:43 UTC 2018 /home/travis/build/icyphy/ptII/ptolemy/domains/de/test/auto/Modal6.xml
----------------- Instantiating /home/travis/build/icyphy/ptII/ptolemy/domains/de/test/auto/Modal6.xml
10 ms. Memory: 166400K Free: 77708K (47%)
----------------- Invoking toplevel() on ptolemy.moml.MoMLSimpleApplication@6638729b
----------------- Done invoking toplevel() on ptolemy.moml.MoMLSimpleApplication@6638729b
reloadAllAccessors: .Modal6
----------------- testing Wed May 30 01:33:43 UTC 2018 /home/travis/build/icyphy/ptII/ptolemy/domains/de/test/auto/Modal7.xml
----------------- Instantiating /home/travis/build/icyphy/ptII/ptolemy/domains/de/test/auto/Modal7.xml
10 ms. Memory: 164352K Free: 145455K (89%)
----------------- Invoking toplevel() on ptolemy.moml.MoMLSimpleApplication@22782d3c
----------------- Done invoking toplevel() on ptolemy.moml.MoMLSimpleApplication@22782d3c
reloadAllAccessors: .Modal7
----------------- testing Wed May 30 01:33:43 UTC 2018 /home/travis/build/icyphy/ptII/ptolemy/domains/de/test/auto/ModalModel.xml
----------------- Instantiating /home/travis/build/icyphy/ptII/ptolemy/domains/de/test/auto/ModalModel.xml
229 ms. Memory: 164352K Free: 74302K (45%)
----------------- Invoking toplevel() on ptolemy.moml.MoMLSimpleApplication@51b20a20
----------------- Done invoking toplevel() on ptolemy.moml.MoMLSimpleApplication@51b20a20
reloadAllAccessors: .ModalModel
----------------- testing Wed May 30 01:33:44 UTC 2018 /home/travis/build/icyphy/ptII/ptolemy/domains/de/test/auto/ModalSource.xml
----------------- Instantiating /home/travis/build/icyphy/ptII/ptolemy/domains/de/test/auto/ModalSource.xml
6 ms. Memory: 160768K Free: 143397K (89%)
----------------- Invoking toplevel() on ptolemy.moml.MoMLSimpleApplication@259c09b4
----------------- Done invoking toplevel() on ptolemy.moml.MoMLSimpleApplication@259c09b4
reloadAllAccessors: .ModalSource
----------------- testing Wed May 30 01:33:44 UTC 2018 /home/travis/build/icyphy/ptII/ptolemy/domains/de/test/auto/NonInterruptibleTimerZeroDelay.xml
----------------- Instantiating /home/travis/build/icyphy/ptII/ptolemy/domains/de/test/auto/NonInterruptibleTimerZeroDelay.xml
2 ms. Memory: 160768K Free: 138907K (86%)
----------------- Invoking toplevel() on ptolemy.moml.MoMLSimpleApplication@77924780
----------------- Done invoking toplevel() on ptolemy.moml.MoMLSimpleApplication@77924780
reloadAllAccessors: .NonInterruptibleTimerZeroDelay
----------------- testing Wed May 30 01:33:44 UTC 2018 /home/travis/build/icyphy/ptII/ptolemy/domains/de/test/auto/OpenQueueingNetwork.xml
----------------- Instantiating /home/travis/build/icyphy/ptII/ptolemy/domains/de/test/auto/OpenQueueingNetwork.xml
2749 ms. Memory: 142848K Free: 107739K (75%)
----------------- Invoking toplevel() on ptolemy.moml.MoMLSimpleApplication@70cc4879
----------------- Done invoking toplevel() on ptolemy.moml.MoMLSimpleApplication@70cc4879
reloadAllAccessors: .OpenQueueingNetwork
----------------- testing Wed May 30 01:33:46 UTC 2018 /home/travis/build/icyphy/ptII/ptolemy/domains/de/test/auto/OpenQueuingNetwork.xml
----------------- Instantiating /home/travis/build/icyphy/ptII/ptolemy/domains/de/test/auto/OpenQueuingNetwork.xml
268 ms. Memory: 142336K Free: 80775K (57%)
----------------- Invoking toplevel() on ptolemy.moml.MoMLSimpleApplication@414ed3a8
----------------- Done invoking toplevel() on ptolemy.moml.MoMLSimpleApplication@414ed3a8
reloadAllAccessors: .OpenQueuingNetwork
----------------- testing Wed May 30 01:33:47 UTC 2018 /home/travis/build/icyphy/ptII/ptolemy/domains/de/test/auto/PeriodicSampler.xml
----------------- Instantiating /home/travis/build/icyphy/ptII/ptolemy/domains/de/test/auto/PeriodicSampler.xml
2 ms. Memory: 142336K Free: 75091K (53%)
----------------- Invoking toplevel() on ptolemy.moml.MoMLSimpleApplication@137ca8e7
----------------- Done invoking toplevel() on ptolemy.moml.MoMLSimpleApplication@137ca8e7
reloadAllAccessors: .PeriodicSampler
----------------- testing Wed May 30 01:33:47 UTC 2018 /home/travis/build/icyphy/ptII/ptolemy/domains/de/test/auto/PersistentIO.xml
----------------- Instantiating /home/travis/build/icyphy/ptII/ptolemy/domains/de/test/auto/PersistentIO.xml
5 ms. Memory: 139776K Free: 121172K (87%)
----------------- Invoking toplevel() on ptolemy.moml.MoMLSimpleApplication@654adee6
----------------- Done invoking toplevel() on ptolemy.moml.MoMLSimpleApplication@654adee6
reloadAllAccessors: .PersistentIO
----------------- testing Wed May 30 01:33:47 UTC 2018 /home/travis/build/icyphy/ptII/ptolemy/domains/de/test/auto/PortParameterResetOnInitialize.xml
----------------- Instantiating /home/travis/build/icyphy/ptII/ptolemy/domains/de/test/auto/PortParameterResetOnInitialize.xml
2 ms. Memory: 139776K Free: 115911K (83%)
----------------- Invoking toplevel() on ptolemy.moml.MoMLSimpleApplication@776c519c
----------------- Done invoking toplevel() on ptolemy.moml.MoMLSimpleApplication@776c519c
reloadAllAccessors: .PortParameterResetOnInitialize
----------------- testing Wed May 30 01:33:47 UTC 2018 /home/travis/build/icyphy/ptII/ptolemy/domains/de/test/auto/PortParameterUpdates.xml
----------------- Instantiating /home/travis/build/icyphy/ptII/ptolemy/domains/de/test/auto/PortParameterUpdates.xml
6 ms. Memory: 139776K Free: 108874K (78%)
----------------- Invoking toplevel() on ptolemy.moml.MoMLSimpleApplication@58b9d11f
----------------- Done invoking toplevel() on ptolemy.moml.MoMLSimpleApplication@58b9d11f
reloadAllAccessors: .PortParameterUpdates
----------------- testing Wed May 30 01:33:47 UTC 2018 /home/travis/build/icyphy/ptII/ptolemy/domains/de/test/auto/QueueAndServer.xml
----------------- Instantiating /home/travis/build/icyphy/ptII/ptolemy/domains/de/test/auto/QueueAndServer.xml
8 ms. Memory: 139776K Free: 99472K (71%)
----------------- Invoking toplevel() on ptolemy.moml.MoMLSimpleApplication@158a1823
----------------- Done invoking toplevel() on ptolemy.moml.MoMLSimpleApplication@158a1823
reloadAllAccessors: .QueueAndServer
----------------- testing Wed May 30 01:33:47 UTC 2018 /home/travis/build/icyphy/ptII/ptolemy/domains/de/test/auto/Records.xml
----------------- Instantiating /home/travis/build/icyphy/ptII/ptolemy/domains/de/test/auto/Records.xml
10 ms. Memory: 139776K Free: 93027K (67%)
----------------- Invoking toplevel() on ptolemy.moml.MoMLSimpleApplication@53b3aa91
----------------- Done invoking toplevel() on ptolemy.moml.MoMLSimpleApplication@53b3aa91
reloadAllAccessors: .Records
----------------- testing Wed May 30 01:33:47 UTC 2018 /home/travis/build/icyphy/ptII/ptolemy/domains/de/test/auto/ResetTransitionWithStartTime1.xml
----------------- Instantiating /home/travis/build/icyphy/ptII/ptolemy/domains/de/test/auto/ResetTransitionWithStartTime1.xml
9 ms. Memory: 139776K Free: 83673K (60%)
----------------- Invoking toplevel() on ptolemy.moml.MoMLSimpleApplication@52db0f1a
----------------- Done invoking toplevel() on ptolemy.moml.MoMLSimpleApplication@52db0f1a
reloadAllAccessors: .ResetTransitionWithStartTime1
----------------- testing Wed May 30 01:33:47 UTC 2018 /home/travis/build/icyphy/ptII/ptolemy/domains/de/test/auto/ResetTransitionWithStartTime2.xml
----------------- Instantiating /home/travis/build/icyphy/ptII/ptolemy/domains/de/test/auto/ResetTransitionWithStartTime2.xml
6 ms. Memory: 139776K Free: 74270K (53%)
----------------- Invoking toplevel() on ptolemy.moml.MoMLSimpleApplication@57b8e826
----------------- Done invoking toplevel() on ptolemy.moml.MoMLSimpleApplication@57b8e826
reloadAllAccessors: .ResetTransitionWithStartTime2
----------------- testing Wed May 30 01:33:47 UTC 2018 /home/travis/build/icyphy/ptII/ptolemy/domains/de/test/auto/ResetTransitionWithStartTime3.xml
----------------- Instantiating /home/travis/build/icyphy/ptII/ptolemy/domains/de/test/auto/ResetTransitionWithStartTime3.xml
6 ms. Memory: 139264K Free: 122254K (88%)
----------------- Invoking toplevel() on ptolemy.moml.MoMLSimpleApplication@363b41f3
----------------- Done invoking toplevel() on ptolemy.moml.MoMLSimpleApplication@363b41f3
reloadAllAccessors: .ResetTransitionWithStartTime3
----------------- testing Wed May 30 01:33:47 UTC 2018 /home/travis/build/icyphy/ptII/ptolemy/domains/de/test/auto/ResetTransitionWithStartTime4.xml
----------------- Instantiating /home/travis/build/icyphy/ptII/ptolemy/domains/de/test/auto/ResetTransitionWithStartTime4.xml
4 ms. Memory: 139264K Free: 113565K (82%)
----------------- Invoking toplevel() on ptolemy.moml.MoMLSimpleApplication@48200aa6
----------------- Done invoking toplevel() on ptolemy.moml.MoMLSimpleApplication@48200aa6
reloadAllAccessors: .ResetTransitionWithStartTime4
----------------- testing Wed May 30 01:33:47 UTC 2018 /home/travis/build/icyphy/ptII/ptolemy/domains/de/test/auto/ResettableTimer1.xml
----------------- Instantiating /home/travis/build/icyphy/ptII/ptolemy/domains/de/test/auto/ResettableTimer1.xml
3 ms. Memory: 139264K Free: 107846K (77%)
----------------- Invoking toplevel() on ptolemy.moml.MoMLSimpleApplication@4d38fd5a
----------------- Done invoking toplevel() on ptolemy.moml.MoMLSimpleApplication@4d38fd5a
reloadAllAccessors: .ResettableTimer1
----------------- testing Wed May 30 01:33:47 UTC 2018 /home/travis/build/icyphy/ptII/ptolemy/domains/de/test/auto/ResettableTimer2.xml
----------------- Instantiating /home/travis/build/icyphy/ptII/ptolemy/domains/de/test/auto/ResettableTimer2.xml
2 ms. Memory: 139264K Free: 102748K (74%)
----------------- Invoking toplevel() on ptolemy.moml.MoMLSimpleApplication@266cd8a
----------------- Done invoking toplevel() on ptolemy.moml.MoMLSimpleApplication@266cd8a
reloadAllAccessors: .ResettableTimer2
----------------- testing Wed May 30 01:33:47 UTC 2018 /home/travis/build/icyphy/ptII/ptolemy/domains/de/test/auto/ResettableTimer3.xml
----------------- Instantiating /home/travis/build/icyphy/ptII/ptolemy/domains/de/test/auto/ResettableTimer3.xml
2 ms. Memory: 139264K Free: 98172K (70%)
----------------- Invoking toplevel() on ptolemy.moml.MoMLSimpleApplication@1fac9b84
----------------- Done invoking toplevel() on ptolemy.moml.MoMLSimpleApplication@1fac9b84
reloadAllAccessors: .ResettableTimer3
----------------- testing Wed May 30 01:33:47 UTC 2018 /home/travis/build/icyphy/ptII/ptolemy/domains/de/test/auto/ResettableTimer4.xml
----------------- Instantiating /home/travis/build/icyphy/ptII/ptolemy/domains/de/test/auto/ResettableTimer4.xml
1 ms. Memory: 139264K Free: 93598K (67%)
----------------- Invoking toplevel() on ptolemy.moml.MoMLSimpleApplication@4b06c58f
----------------- Done invoking toplevel() on ptolemy.moml.MoMLSimpleApplication@4b06c58f
reloadAllAccessors: .ResettableTimer4
----------------- testing Wed May 30 01:33:47 UTC 2018 /home/travis/build/icyphy/ptII/ptolemy/domains/de/test/auto/ResettableTimer5.xml
----------------- Instantiating /home/travis/build/icyphy/ptII/ptolemy/domains/de/test/auto/ResettableTimer5.xml
2 ms. Memory: 139264K Free: 88424K (63%)
----------------- Invoking toplevel() on ptolemy.moml.MoMLSimpleApplication@561e2d47
----------------- Done invoking toplevel() on ptolemy.moml.MoMLSimpleApplication@561e2d47
reloadAllAccessors: .ResettableTimer5
----------------- testing Wed May 30 01:33:47 UTC 2018 /home/travis/build/icyphy/ptII/ptolemy/domains/de/test/auto/ResettableTimer6.xml
----------------- Instantiating /home/travis/build/icyphy/ptII/ptolemy/domains/de/test/auto/ResettableTimer6.xml
2 ms. Memory: 139264K Free: 82726K (59%)
----------------- Invoking toplevel() on ptolemy.moml.MoMLSimpleApplication@200b3b7a
----------------- Done invoking toplevel() on ptolemy.moml.MoMLSimpleApplication@200b3b7a
reloadAllAccessors: .ResettableTimer6
----------------- testing Wed May 30 01:33:47 UTC 2018 /home/travis/build/icyphy/ptII/ptolemy/domains/de/test/auto/ServerZeroDelay.xml
----------------- Instantiating /home/travis/build/icyphy/ptII/ptolemy/domains/de/test/auto/ServerZeroDelay.xml
3 ms. Memory: 139264K Free: 77549K (56%)
----------------- Invoking toplevel() on ptolemy.moml.MoMLSimpleApplication@74e21ee2
----------------- Done invoking toplevel() on ptolemy.moml.MoMLSimpleApplication@74e21ee2
reloadAllAccessors: .ServerZeroDelay
----------------- testing Wed May 30 01:33:47 UTC 2018 /home/travis/build/icyphy/ptII/ptolemy/domains/de/test/auto/SmartSender.xml
----------------- Instantiating /home/travis/build/icyphy/ptII/ptolemy/domains/de/test/auto/SmartSender.xml
3001 ms. Memory: 139264K Free: 72983K (52%)
----------------- Invoking toplevel() on ptolemy.moml.MoMLSimpleApplication@6b18e452
----------------- Done invoking toplevel() on ptolemy.moml.MoMLSimpleApplication@6b18e452
reloadAllAccessors: .SmartSender
----------------- testing Wed May 30 01:33:50 UTC 2018 /home/travis/build/icyphy/ptII/ptolemy/domains/de/test/auto/ThreadedComposite.xml
----------------- Instantiating /home/travis/build/icyphy/ptII/ptolemy/domains/de/test/auto/ThreadedComposite.xml
251 ms. Memory: 137216K Free: 102775K (75%)
----------------- Invoking toplevel() on ptolemy.moml.MoMLSimpleApplication@63e556c3
----------------- Done invoking toplevel() on ptolemy.moml.MoMLSimpleApplication@63e556c3
reloadAllAccessors: .ThreadedComposite
----------------- testing Wed May 30 01:33:51 UTC 2018 /home/travis/build/icyphy/ptII/ptolemy/domains/de/test/auto/Time.xml
----------------- Instantiating /home/travis/build/icyphy/ptII/ptolemy/domains/de/test/auto/Time.xml
688 ms. Memory: 135168K Free: 101092K (75%)
----------------- Invoking toplevel() on ptolemy.moml.MoMLSimpleApplication@1496e7c7
----------------- Done invoking toplevel() on ptolemy.moml.MoMLSimpleApplication@1496e7c7
reloadAllAccessors: .Time
----------------- testing Wed May 30 01:33:51 UTC 2018 /home/travis/build/icyphy/ptII/ptolemy/domains/de/test/auto/TimeDelayZeroDelay.xml
----------------- Instantiating /home/travis/build/icyphy/ptII/ptolemy/domains/de/test/auto/TimeDelayZeroDelay.xml
3 ms. Memory: 135168K Free: 96284K (71%)
----------------- Invoking toplevel() on ptolemy.moml.MoMLSimpleApplication@56731608
----------------- Done invoking toplevel() on ptolemy.moml.MoMLSimpleApplication@56731608
reloadAllAccessors: .TimeDelayZeroDelay
----------------- testing Wed May 30 01:33:51 UTC 2018 /home/travis/build/icyphy/ptII/ptolemy/domains/de/test/auto/TimerZeroDelay.xml
----------------- Instantiating /home/travis/build/icyphy/ptII/ptolemy/domains/de/test/auto/TimerZeroDelay.xml
3 ms. Memory: 135168K Free: 92167K (68%)
----------------- Invoking toplevel() on ptolemy.moml.MoMLSimpleApplication@1a4c023b
----------------- Done invoking toplevel() on ptolemy.moml.MoMLSimpleApplication@1a4c023b
reloadAllAccessors: .TimerZeroDelay
----------------- testing Wed May 30 01:33:51 UTC 2018 /home/travis/build/icyphy/ptII/ptolemy/domains/de/test/auto/TimingParadox.xml
----------------- Instantiating /home/travis/build/icyphy/ptII/ptolemy/domains/de/test/auto/TimingParadox.xml
412 ms. Memory: 134656K Free: 76059K (56%)
----------------- Invoking toplevel() on ptolemy.moml.MoMLSimpleApplication@4b85cbc6
----------------- Done invoking toplevel() on ptolemy.moml.MoMLSimpleApplication@4b85cbc6
reloadAllAccessors: .TimingParadox
----------------- testing Wed May 30 01:33:52 UTC 2018 /home/travis/build/icyphy/ptII/ptolemy/domains/de/test/auto/TransferInputs.xml
----------------- Instantiating /home/travis/build/icyphy/ptII/ptolemy/domains/de/test/auto/TransferInputs.xml
1 ms. Memory: 134656K Free: 70846K (53%)
----------------- Invoking toplevel() on ptolemy.moml.MoMLSimpleApplication@5abe2caa
----------------- Done invoking toplevel() on ptolemy.moml.MoMLSimpleApplication@5abe2caa
reloadAllAccessors: .TransferInputs
----------------- testing Wed May 30 01:33:52 UTC 2018 /home/travis/build/icyphy/ptII/ptolemy/domains/de/test/auto/TransferOutputs2.xml
----------------- Instantiating /home/travis/build/icyphy/ptII/ptolemy/domains/de/test/auto/TransferOutputs2.xml
3 ms. Memory: 132608K Free: 111837K (84%)
----------------- Invoking toplevel() on ptolemy.moml.MoMLSimpleApplication@57694999
----------------- Done invoking toplevel() on ptolemy.moml.MoMLSimpleApplication@57694999
reloadAllAccessors: .TransferOutputs2
----------------- testing Wed May 30 01:33:52 UTC 2018 /home/travis/build/icyphy/ptII/ptolemy/domains/de/test/auto/Trilateration.xml
----------------- Instantiating /home/travis/build/icyphy/ptII/ptolemy/domains/de/test/auto/Trilateration.xml
13432 ms. Memory: 416768K Free: 256205K (61%)
----------------- Invoking toplevel() on ptolemy.moml.MoMLSimpleApplication@254d1f45
----------------- Done invoking toplevel() on ptolemy.moml.MoMLSimpleApplication@254d1f45
reloadAllAccessors: .Trilateration
----------------- testing Wed May 30 01:34:06 UTC 2018 /home/travis/build/icyphy/ptII/ptolemy/domains/de/test/auto/TwoSigmaDelta.xml
----------------- Instantiating /home/travis/build/icyphy/ptII/ptolemy/domains/de/test/auto/TwoSigmaDelta.xml
2146 ms. Memory: 399872K Free: 284548K (71%)
----------------- Invoking toplevel() on ptolemy.moml.MoMLSimpleApplication@7bf77721
----------------- Done invoking toplevel() on ptolemy.moml.MoMLSimpleApplication@7bf77721
reloadAllAccessors: .TwoSigmaDelta
----------------- testing Wed May 30 01:34:09 UTC 2018 /home/travis/build/icyphy/ptII/ptolemy/domains/de/test/auto/VariableDelay.xml
----------------- Instantiating /home/travis/build/icyphy/ptII/ptolemy/domains/de/test/auto/VariableDelay.xml
2 ms. Memory: 399872K Free: 271075K (68%)
----------------- Invoking toplevel() on ptolemy.moml.MoMLSimpleApplication@74050b5
----------------- Done invoking toplevel() on ptolemy.moml.MoMLSimpleApplication@74050b5
reloadAllAccessors: .VariableDelay
----------------- testing Wed May 30 01:34:09 UTC 2018 /home/travis/build/icyphy/ptII/ptolemy/domains/de/test/auto/VariableDelay2.xml
----------------- Instantiating /home/travis/build/icyphy/ptII/ptolemy/domains/de/test/auto/VariableDelay2.xml
2 ms. Memory: 399872K Free: 264206K (66%)
----------------- Invoking toplevel() on ptolemy.moml.MoMLSimpleApplication@54e4fdd0
----------------- Done invoking toplevel() on ptolemy.moml.MoMLSimpleApplication@54e4fdd0
reloadAllAccessors: .VariableDelay2
----------------- testing Wed May 30 01:34:09 UTC 2018 /home/travis/build/icyphy/ptII/ptolemy/domains/de/test/auto/VariableDelayZeroDelay.xml
----------------- Instantiating /home/travis/build/icyphy/ptII/ptolemy/domains/de/test/auto/VariableDelayZeroDelay.xml
9 ms. Memory: 399872K Free: 257338K (64%)
----------------- Invoking toplevel() on ptolemy.moml.MoMLSimpleApplication@77101135
----------------- Done invoking toplevel() on ptolemy.moml.MoMLSimpleApplication@77101135
reloadAllAccessors: .VariableDelayZeroDelay
----------------- testing Wed May 30 01:34:09 UTC 2018 /home/travis/build/icyphy/ptII/ptolemy/domains/de/test/auto/VariableDelayZeroDelay2.xml
----------------- Instantiating /home/travis/build/icyphy/ptII/ptolemy/domains/de/test/auto/VariableDelayZeroDelay2.xml
2 ms. Memory: 399872K Free: 250367K (63%)
----------------- Invoking toplevel() on ptolemy.moml.MoMLSimpleApplication@fe526d0
----------------- Done invoking toplevel() on ptolemy.moml.MoMLSimpleApplication@fe526d0
reloadAllAccessors: .VariableDelayZeroDelay2
----------------- testing Wed May 30 01:34:09 UTC 2018 /home/travis/build/icyphy/ptII/ptolemy/domains/de/test/auto/deInCt.xml
----------------- Instantiating /home/travis/build/icyphy/ptII/ptolemy/domains/de/test/auto/deInCt.xml
0
1
1
1
1
0
0
0
1
1
1
0
0
1
1
1
0
0
0
1
1
1
0
0
0
0
1
1
1
0
0
0
0
0
0
1
1
1
0
0
0
1
1
0
0
0
0
0
14 ms. Memory: 399872K Free: 240303K (60%)
----------------- Invoking toplevel() on ptolemy.moml.MoMLSimpleApplication@6cf9593f
----------------- Done invoking toplevel() on ptolemy.moml.MoMLSimpleApplication@6cf9593f
reloadAllAccessors: .deInCt
----------------- testing Wed May 30 01:34:09 UTC 2018 /home/travis/build/icyphy/ptII/ptolemy/domains/de/test/auto/deInCt2.xml
----------------- Instantiating /home/travis/build/icyphy/ptII/ptolemy/domains/de/test/auto/deInCt2.xml
0
1
1
1
0
0
1
1
1
0
0
1
1
1
0
0
1
1
1
0
0
1
1
1
0
0
1
1
1
0
0
1
1
1
0
0
1
1
1
0
0
0
6 ms. Memory: 399872K Free: 230238K (58%)
----------------- Invoking toplevel() on ptolemy.moml.MoMLSimpleApplication@6648b03f
----------------- Done invoking toplevel() on ptolemy.moml.MoMLSimpleApplication@6648b03f
reloadAllAccessors: .deInCt2
----------------- testing Wed May 30 01:34:09 UTC 2018 /home/travis/build/icyphy/ptII/ptolemy/domains/de/test/auto/dynamicCausalityInterface1.xml
----------------- Instantiating /home/travis/build/icyphy/ptII/ptolemy/domains/de/test/auto/dynamicCausalityInterface1.xml
1 ms. Memory: 399872K Free: 216892K (54%)
----------------- Invoking toplevel() on ptolemy.moml.MoMLSimpleApplication@ee0e2cf
----------------- Done invoking toplevel() on ptolemy.moml.MoMLSimpleApplication@ee0e2cf
reloadAllAccessors: .dynamicCausalityInterface1
----------------- testing Wed May 30 01:34:09 UTC 2018 /home/travis/build/icyphy/ptII/ptolemy/domains/de/test/auto/fsm_de_test.xml
----------------- Instantiating /home/travis/build/icyphy/ptII/ptolemy/domains/de/test/auto/fsm_de_test.xml
5 ms. Memory: 399872K Free: 203649K (51%)
----------------- Invoking toplevel() on ptolemy.moml.MoMLSimpleApplication@34f3659e
----------------- Done invoking toplevel() on ptolemy.moml.MoMLSimpleApplication@34f3659e
reloadAllAccessors: .fsm_de_test
----------------- testing Wed May 30 01:34:09 UTC 2018 /home/travis/build/icyphy/ptII/ptolemy/domains/de/test/auto/functionDependencyReconstruction.xml
----------------- Instantiating /home/travis/build/icyphy/ptII/ptolemy/domains/de/test/auto/functionDependencyReconstruction.xml
3 ms. Memory: 399872K Free: 183928K (46%)
----------------- Invoking toplevel() on ptolemy.moml.MoMLSimpleApplication@3ba7ea5c
----------------- Done invoking toplevel() on ptolemy.moml.MoMLSimpleApplication@3ba7ea5c
reloadAllAccessors: .functionDependencyReconstruction
----------------- testing Wed May 30 01:34:09 UTC 2018 /home/travis/build/icyphy/ptII/ptolemy/domains/de/test/auto/multirate.xml
----------------- Instantiating /home/travis/build/icyphy/ptII/ptolemy/domains/de/test/auto/multirate.xml
4 ms. Memory: 399872K Free: 173864K (43%)
----------------- Invoking toplevel() on ptolemy.moml.MoMLSimpleApplication@30c50200
----------------- Done invoking toplevel() on ptolemy.moml.MoMLSimpleApplication@30c50200
reloadAllAccessors: .multirate
----------------- testing Wed May 30 01:34:09 UTC 2018 /home/travis/build/icyphy/ptII/ptolemy/domains/de/test/auto/multirate2.xml
----------------- Instantiating /home/travis/build/icyphy/ptII/ptolemy/domains/de/test/auto/multirate2.xml
4 ms. Memory: 399872K Free: 163800K (41%)
----------------- Invoking toplevel() on ptolemy.moml.MoMLSimpleApplication@10fdc20f
----------------- Done invoking toplevel() on ptolemy.moml.MoMLSimpleApplication@10fdc20f
reloadAllAccessors: .multirate2
----------------- testing Wed May 30 01:34:09 UTC 2018 /home/travis/build/icyphy/ptII/ptolemy/domains/de/test/auto/realtime.xml
----------------- Instantiating /home/travis/build/icyphy/ptII/ptolemy/domains/de/test/auto/realtime.xml
10001 ms. Memory: 399872K Free: 153642K (38%)
----------------- Invoking toplevel() on ptolemy.moml.MoMLSimpleApplication@3b92ac5a
----------------- Done invoking toplevel() on ptolemy.moml.MoMLSimpleApplication@3b92ac5a
reloadAllAccessors: .realtime
----------------- testing Wed May 30 01:34:19 UTC 2018 /home/travis/build/icyphy/ptII/ptolemy/domains/de/test/auto/relationGroup.xml
----------------- Instantiating /home/travis/build/icyphy/ptII/ptolemy/domains/de/test/auto/relationGroup.xml
1 ms. Memory: 399872K Free: 146774K (37%)
----------------- Invoking toplevel() on ptolemy.moml.MoMLSimpleApplication@3794ad21
----------------- Done invoking toplevel() on ptolemy.moml.MoMLSimpleApplication@3794ad21
reloadAllAccessors: .relationGroup
----------------- testing Wed May 30 01:34:19 UTC 2018 /home/travis/build/icyphy/ptII/ptolemy/domains/de/test/auto/relationGroup2.xml
----------------- Instantiating /home/travis/build/icyphy/ptII/ptolemy/domains/de/test/auto/relationGroup2.xml
1 ms. Memory: 399872K Free: 139804K (35%)
----------------- Invoking toplevel() on ptolemy.moml.MoMLSimpleApplication@95767a6
----------------- Done invoking toplevel() on ptolemy.moml.MoMLSimpleApplication@95767a6
reloadAllAccessors: .relationGroup2
----------------- testing Wed May 30 01:34:19 UTC 2018 /home/travis/build/icyphy/ptII/ptolemy/domains/de/test/auto/sortWithOpaquePorts.xml
----------------- Instantiating /home/travis/build/icyphy/ptII/ptolemy/domains/de/test/auto/sortWithOpaquePorts.xml
1 ms. Memory: 399872K Free: 132935K (33%)
----------------- Invoking toplevel() on ptolemy.moml.MoMLSimpleApplication@827666b
----------------- Done invoking toplevel() on ptolemy.moml.MoMLSimpleApplication@827666b
reloadAllAccessors: .sortWithOpaquePorts
----------------- testing Wed May 30 01:34:19 UTC 2018 /home/travis/build/icyphy/ptII/ptolemy/domains/de/test/auto/transferInputsandOutputs.xml
----------------- Instantiating /home/travis/build/icyphy/ptII/ptolemy/domains/de/test/auto/transferInputsandOutputs.xml
3 ms. Memory: 399872K Free: 122769K (31%)
----------------- Invoking toplevel() on ptolemy.moml.MoMLSimpleApplication@e03df45
----------------- Done invoking toplevel() on ptolemy.moml.MoMLSimpleApplication@e03df45
reloadAllAccessors: .transferInputsandOutputs
----------------- testing Wed May 30 01:34:19 UTC 2018 /home/travis/build/icyphy/ptII/ptolemy/domains/de/test/auto/triggerType.xml
----------------- Instantiating /home/travis/build/icyphy/ptII/ptolemy/domains/de/test/auto/triggerType.xml
1 ms. Memory: 399872K Free: 115900K (29%)
----------------- Invoking toplevel() on ptolemy.moml.MoMLSimpleApplication@493891f9
----------------- Done invoking toplevel() on ptolemy.moml.MoMLSimpleApplication@493891f9
reloadAllAccessors: .triggerType
AutoTests.java: About to close Vertx.
AutoTests.java: Vertx closed.
]]></system-out>
  <system-err><![CDATA[java.lang.RuntimeException: Execution failed
	at ptolemy.moml.MoMLSimpleApplication$UnloadThread.run(MoMLSimpleApplication.java:402)
Caused by: ptolemy.kernel.util.IllegalActionException: Found a zero delay loop containing .dependencyLoop.original
  in .dependencyLoop and .dependencyLoop.original
	at ptolemy.actor.util.CausalityInterfaceForComposites._computeOutputPortDepth(CausalityInterfaceForComposites.java:759)
	at ptolemy.actor.util.CausalityInterfaceForComposites._computeInputDepth(CausalityInterfaceForComposites.java:696)
	at ptolemy.actor.util.CausalityInterfaceForComposites._computeOutputPortDepth(CausalityInterfaceForComposites.java:765)
	at ptolemy.actor.util.CausalityInterfaceForComposites._computeInputDepth(CausalityInterfaceForComposites.java:696)
	at ptolemy.actor.util.CausalityInterfaceForComposites._computeOutputPortDepth(CausalityInterfaceForComposites.java:765)
	at ptolemy.actor.util.CausalityInterfaceForComposites._computeInputDepth(CausalityInterfaceForComposites.java:696)
	at ptolemy.actor.util.CausalityInterfaceForComposites._computeActorDepth(CausalityInterfaceForComposites.java:532)
	at ptolemy.actor.util.CausalityInterfaceForComposites.checkForCycles(CausalityInterfaceForComposites.java:96)
	at ptolemy.domains.de.kernel.DEDirector.preinitialize(DEDirector.java:1337)
	at ptolemy.actor.CompositeActor.preinitialize(CompositeActor.java:1828)
	at ptolemy.actor.Manager.preinitializeAndResolveTypes(Manager.java:1040)
	at ptolemy.actor.Manager.initialize(Manager.java:710)
	at ptolemy.actor.Manager.execute(Manager.java:356)
	at ptolemy.actor.Manager.run(Manager.java:1263)
	at ptolemy.actor.Manager$PtolemyRunThread.run(Manager.java:1915)
java.lang.RuntimeException: Execution failed
	at ptolemy.moml.MoMLSimpleApplication$UnloadThread.run(MoMLSimpleApplication.java:402)
Caused by: ptolemy.kernel.util.IllegalActionException: Found a zero delay loop containing .dependencyLoop2.original
  in .dependencyLoop2 and .dependencyLoop2.original
	at ptolemy.actor.util.CausalityInterfaceForComposites._computeOutputPortDepth(CausalityInterfaceForComposites.java:759)
	at ptolemy.actor.util.CausalityInterfaceForComposites._computeInputDepth(CausalityInterfaceForComposites.java:696)
	at ptolemy.actor.util.CausalityInterfaceForComposites._computeOutputPortDepth(CausalityInterfaceForComposites.java:765)
	at ptolemy.actor.util.CausalityInterfaceForComposites._computeInputDepth(CausalityInterfaceForComposites.java:696)
	at ptolemy.actor.util.CausalityInterfaceForComposites._computeOutputPortDepth(CausalityInterfaceForComposites.java:765)
	at ptolemy.actor.util.CausalityInterfaceForComposites._computeInputDepth(CausalityInterfaceForComposites.java:696)
	at ptolemy.actor.util.CausalityInterfaceForComposites._computeActorDepth(CausalityInterfaceForComposites.java:532)
	at ptolemy.actor.util.CausalityInterfaceForComposites.checkForCycles(CausalityInterfaceForComposites.java:96)
	at ptolemy.domains.de.kernel.DEDirector.preinitialize(DEDirector.java:1337)
	at ptolemy.actor.CompositeActor.preinitialize(CompositeActor.java:1828)
	at ptolemy.actor.Manager.preinitializeAndResolveTypes(Manager.java:1040)
	at ptolemy.actor.Manager.initialize(Manager.java:710)
	at ptolemy.actor.Manager.execute(Manager.java:356)
	at ptolemy.actor.Manager.run(Manager.java:1263)
	at ptolemy.actor.Manager$PtolemyRunThread.run(Manager.java:1915)
java.lang.RuntimeException: Execution failed
	at ptolemy.moml.MoMLSimpleApplication$UnloadThread.run(MoMLSimpleApplication.java:402)
Caused by: ptolemy.kernel.util.IllegalActionException: Found a zero delay loop containing .dependencyLoop.original
  in .dependencyLoop and .dependencyLoop.original
	at ptolemy.actor.util.CausalityInterfaceForComposites._computeOutputPortDepth(CausalityInterfaceForComposites.java:759)
	at ptolemy.actor.util.CausalityInterfaceForComposites._computeInputDepth(CausalityInterfaceForComposites.java:696)
	at ptolemy.actor.util.CausalityInterfaceForComposites._computeOutputPortDepth(CausalityInterfaceForComposites.java:765)
	at ptolemy.actor.util.CausalityInterfaceForComposites._computeInputDepth(CausalityInterfaceForComposites.java:696)
	at ptolemy.actor.util.CausalityInterfaceForComposites._computeOutputPortDepth(CausalityInterfaceForComposites.java:765)
	at ptolemy.actor.util.CausalityInterfaceForComposites._computeInputDepth(CausalityInterfaceForComposites.java:696)
	at ptolemy.actor.util.CausalityInterfaceForComposites._computeActorDepth(CausalityInterfaceForComposites.java:532)
	at ptolemy.actor.util.CausalityInterfaceForComposites.checkForCycles(CausalityInterfaceForComposites.java:96)
	at ptolemy.domains.de.kernel.DEDirector.preinitialize(DEDirector.java:1337)
	at ptolemy.actor.CompositeActor.preinitialize(CompositeActor.java:1828)
	at ptolemy.actor.Manager.preinitializeAndResolveTypes(Manager.java:1040)
	at ptolemy.actor.Manager.initialize(Manager.java:710)
	at ptolemy.actor.Manager.execute(Manager.java:356)
	at ptolemy.actor.Manager.run(Manager.java:1263)
	at ptolemy.actor.Manager$PtolemyRunThread.run(Manager.java:1915)
java.lang.RuntimeException: Execution failed
	at ptolemy.moml.MoMLSimpleApplication$UnloadThread.run(MoMLSimpleApplication.java:402)
Caused by: ptolemy.kernel.util.IllegalActionException: Actor is not ready to fire.  Perhaps UpSample.prefire() returned false? Try debugging the actor by selecting "Listen to Actor".  Also, for SDF check moml for tokenConsumptionRate on input.
  in .DESDFClockTest.Play Bell.Copy1:SDF Director and .DESDFClockTest.Play Bell.UpSample
	at ptolemy.actor.sched.StaticSchedulingDirector.fire(StaticSchedulingDirector.java:227)
	at ptolemy.domains.sdf.kernel.SDFDirector.fire(SDFDirector.java:500)
	at ptolemy.actor.CompositeActor.fire(CompositeActor.java:455)
	at ptolemy.domains.de.kernel.DEDirector._fire(DEDirector.java:1948)
	at ptolemy.domains.de.kernel.DEDirector.fire(DEDirector.java:502)
	at ptolemy.actor.CompositeActor.fire(CompositeActor.java:455)
	at ptolemy.actor.Manager.iterate(Manager.java:851)
	at ptolemy.actor.Manager.execute(Manager.java:369)
	at ptolemy.actor.Manager.run(Manager.java:1263)
	at ptolemy.actor.Manager$PtolemyRunThread.run(Manager.java:1915)
java.lang.RuntimeException: Execution failed
	at ptolemy.moml.MoMLSimpleApplication$UnloadThread.run(MoMLSimpleApplication.java:402)
Caused by: ptolemy.kernel.util.IllegalActionException: Found a zero delay loop containing .dependencyLoop2.original
  in .dependencyLoop2 and .dependencyLoop2.original
	at ptolemy.actor.util.CausalityInterfaceForComposites._computeOutputPortDepth(CausalityInterfaceForComposites.java:759)
	at ptolemy.actor.util.CausalityInterfaceForComposites._computeInputDepth(CausalityInterfaceForComposites.java:696)
	at ptolemy.actor.util.CausalityInterfaceForComposites._computeOutputPortDepth(CausalityInterfaceForComposites.java:765)
	at ptolemy.actor.util.CausalityInterfaceForComposites._computeInputDepth(CausalityInterfaceForComposites.java:696)
	at ptolemy.actor.util.CausalityInterfaceForComposites._computeOutputPortDepth(CausalityInterfaceForComposites.java:765)
	at ptolemy.actor.util.CausalityInterfaceForComposites._computeInputDepth(CausalityInterfaceForComposites.java:696)
	at ptolemy.actor.util.CausalityInterfaceForComposites._computeActorDepth(CausalityInterfaceForComposites.java:532)
	at ptolemy.actor.util.CausalityInterfaceForComposites.checkForCycles(CausalityInterfaceForComposites.java:96)
	at ptolemy.domains.de.kernel.DEDirector.preinitialize(DEDirector.java:1337)
	at ptolemy.actor.CompositeActor.preinitialize(CompositeActor.java:1828)
	at ptolemy.actor.Manager.preinitializeAndResolveTypes(Manager.java:1040)
	at ptolemy.actor.Manager.initialize(Manager.java:710)
	at ptolemy.actor.Manager.execute(Manager.java:356)
	at ptolemy.actor.Manager.run(Manager.java:1263)
	at ptolemy.actor.Manager$PtolemyRunThread.run(Manager.java:1915)
java.lang.RuntimeException: Execution failed
	at ptolemy.moml.MoMLSimpleApplication$UnloadThread.run(MoMLSimpleApplication.java:402)
Caused by: ptolemy.kernel.util.IllegalActionException: Found a zero delay loop containing .HierarchicalModel.A
  in .HierarchicalModel and .HierarchicalModel.A
	at ptolemy.actor.util.CausalityInterfaceForComposites._computeOutputPortDepth(CausalityInterfaceForComposites.java:759)
	at ptolemy.actor.util.CausalityInterfaceForComposites._computeInputDepth(CausalityInterfaceForComposites.java:696)
	at ptolemy.actor.util.CausalityInterfaceForComposites._computeOutputPortDepth(CausalityInterfaceForComposites.java:765)
	at ptolemy.actor.util.CausalityInterfaceForComposites._computeInputDepth(CausalityInterfaceForComposites.java:696)
	at ptolemy.actor.util.CausalityInterfaceForComposites._computeOutputPortDepth(CausalityInterfaceForComposites.java:765)
	at ptolemy.actor.util.CausalityInterfaceForComposites._computeInputDepth(CausalityInterfaceForComposites.java:696)
	at ptolemy.actor.util.CausalityInterfaceForComposites._computeActorDepth(CausalityInterfaceForComposites.java:532)
	at ptolemy.actor.util.CausalityInterfaceForComposites.checkForCycles(CausalityInterfaceForComposites.java:96)
	at ptolemy.domains.de.kernel.DEDirector.preinitialize(DEDirector.java:1337)
	at ptolemy.actor.CompositeActor.preinitialize(CompositeActor.java:1828)
	at ptolemy.actor.Manager.preinitializeAndResolveTypes(Manager.java:1040)
	at ptolemy.actor.Manager.initialize(Manager.java:710)
	at ptolemy.actor.Manager.execute(Manager.java:356)
	at ptolemy.actor.Manager.run(Manager.java:1263)
	at ptolemy.actor.Manager$PtolemyRunThread.run(Manager.java:1915)
java.lang.RuntimeException: Execution failed
	at ptolemy.moml.MoMLSimpleApplication$UnloadThread.run(MoMLSimpleApplication.java:402)
Caused by: ptolemy.kernel.util.IllegalActionException: Test fails in iteration 1.
Value was: 1.0. Should have been: 2.0
  in .DirectFeedback.Test
	at ptolemy.actor.lib.Test.fire(Test.java:268)
	at ptolemy.domains.de.kernel.DEDirector._fire(DEDirector.java:1948)
	at ptolemy.domains.de.kernel.DEDirector.fire(DEDirector.java:502)
	at ptolemy.actor.CompositeActor.fire(CompositeActor.java:455)
	at ptolemy.actor.Manager.iterate(Manager.java:851)
	at ptolemy.actor.Manager.execute(Manager.java:369)
	at ptolemy.actor.Manager.run(Manager.java:1263)
	at ptolemy.actor.Manager$PtolemyRunThread.run(Manager.java:1915)
java.lang.RuntimeException: Execution failed
	at ptolemy.moml.MoMLSimpleApplication$UnloadThread.run(MoMLSimpleApplication.java:402)
Caused by: ptolemy.kernel.util.IllegalActionException: Actor is not ready to fire.  Perhaps UpSample.prefire() returned false? Try debugging the actor by selecting "Listen to Actor".  Also, for SDF check moml for tokenConsumptionRate on input.
  in .DESDFClockTest.Play Bell.Copy1:SDF Director and .DESDFClockTest.Play Bell.UpSample
	at ptolemy.actor.sched.StaticSchedulingDirector.fire(StaticSchedulingDirector.java:227)
	at ptolemy.domains.sdf.kernel.SDFDirector.fire(SDFDirector.java:500)
	at ptolemy.actor.CompositeActor.fire(CompositeActor.java:455)
	at ptolemy.domains.de.kernel.DEDirector._fire(DEDirector.java:1948)
	at ptolemy.domains.de.kernel.DEDirector.fire(DEDirector.java:502)
	at ptolemy.actor.CompositeActor.fire(CompositeActor.java:455)
	at ptolemy.actor.Manager.iterate(Manager.java:851)
	at ptolemy.actor.Manager.execute(Manager.java:369)
	at ptolemy.actor.Manager.run(Manager.java:1263)
	at ptolemy.actor.Manager$PtolemyRunThread.run(Manager.java:1915)
java.lang.reflect.InvocationTargetException
	at sun.reflect.NativeConstructorAccessorImpl.newInstance0(Native Method)
	at sun.reflect.NativeConstructorAccessorImpl.newInstance(NativeConstructorAccessorImpl.java:62)
	at sun.reflect.DelegatingConstructorAccessorImpl.newInstance(DelegatingConstructorAccessorImpl.java:45)
	at java.lang.reflect.Constructor.newInstance(Constructor.java:423)
	at ptolemy.util.test.junit.AutoKnownFailedTests.RunModel(AutoKnownFailedTests.java:107)
	at sun.reflect.NativeMethodAccessorImpl.invoke0(Native Method)
	at sun.reflect.NativeMethodAccessorImpl.invoke(NativeMethodAccessorImpl.java:62)
	at sun.reflect.DelegatingMethodAccessorImpl.invoke(DelegatingMethodAccessorImpl.java:43)
	at java.lang.reflect.Method.invoke(Method.java:498)
	at org.junit.runners.model.FrameworkMethod$1.runReflectiveCall(FrameworkMethod.java:44)
	at org.junit.internal.runners.model.ReflectiveCallable.run(ReflectiveCallable.java:15)
	at org.junit.runners.model.FrameworkMethod.invokeExplosively(FrameworkMethod.java:41)
	at junitparams.internal.InvokeParameterisedMethod.evaluate(InvokeParameterisedMethod.java:102)
	at org.junit.internal.runners.statements.FailOnTimeout$1.run(FailOnTimeout.java:28)
Caused by: ptolemy.kernel.util.IllegalActionException: Actor is not ready to fire.  Perhaps UpSample.prefire() returned false? Try debugging the actor by selecting "Listen to Actor".  Also, for SDF check moml for tokenConsumptionRate on input.
  in .DESDFClockTest.Play Bell.Copy1:SDF Director and .DESDFClockTest.Play Bell.UpSample
	at ptolemy.actor.sched.StaticSchedulingDirector.fire(StaticSchedulingDirector.java:227)
	at ptolemy.domains.sdf.kernel.SDFDirector.fire(SDFDirector.java:500)
	at ptolemy.actor.CompositeActor.fire(CompositeActor.java:455)
	at ptolemy.domains.de.kernel.DEDirector._fire(DEDirector.java:1948)
	at ptolemy.domains.de.kernel.DEDirector.fire(DEDirector.java:502)
	at ptolemy.actor.CompositeActor.fire(CompositeActor.java:455)
	at ptolemy.actor.Manager.iterate(Manager.java:851)
	at ptolemy.actor.Manager.execute(Manager.java:369)
	at ptolemy.actor.Manager.run(Manager.java:1263)
	at ptolemy.actor.Manager$PtolemyRunThread.run(Manager.java:1915)
java.lang.RuntimeException: Execution failed
	at ptolemy.moml.MoMLSimpleApplication$UnloadThread.run(MoMLSimpleApplication.java:402)
Caused by: ptolemy.kernel.util.IllegalActionException: Test fails in iteration 1.
Value was: 1.0. Should have been: 2.0
  in .DirectFeedback.Test
	at ptolemy.actor.lib.Test.fire(Test.java:268)
	at ptolemy.domains.de.kernel.DEDirector._fire(DEDirector.java:1948)
	at ptolemy.domains.de.kernel.DEDirector.fire(DEDirector.java:502)
	at ptolemy.actor.CompositeActor.fire(CompositeActor.java:455)
	at ptolemy.actor.Manager.iterate(Manager.java:851)
	at ptolemy.actor.Manager.execute(Manager.java:369)
	at ptolemy.actor.Manager.run(Manager.java:1263)
	at ptolemy.actor.Manager$PtolemyRunThread.run(Manager.java:1915)
java.lang.reflect.InvocationTargetException
	at sun.reflect.NativeConstructorAccessorImpl.newInstance0(Native Method)
	at sun.reflect.NativeConstructorAccessorImpl.newInstance(NativeConstructorAccessorImpl.java:62)
	at sun.reflect.DelegatingConstructorAccessorImpl.newInstance(DelegatingConstructorAccessorImpl.java:45)
	at java.lang.reflect.Constructor.newInstance(Constructor.java:423)
	at ptolemy.util.test.junit.AutoKnownFailedTests.RunModel(AutoKnownFailedTests.java:107)
	at sun.reflect.NativeMethodAccessorImpl.invoke0(Native Method)
	at sun.reflect.NativeMethodAccessorImpl.invoke(NativeMethodAccessorImpl.java:62)
	at sun.reflect.DelegatingMethodAccessorImpl.invoke(DelegatingMethodAccessorImpl.java:43)
	at java.lang.reflect.Method.invoke(Method.java:498)
	at org.junit.runners.model.FrameworkMethod$1.runReflectiveCall(FrameworkMethod.java:44)
	at org.junit.internal.runners.model.ReflectiveCallable.run(ReflectiveCallable.java:15)
	at org.junit.runners.model.FrameworkMethod.invokeExplosively(FrameworkMethod.java:41)
	at junitparams.internal.InvokeParameterisedMethod.evaluate(InvokeParameterisedMethod.java:102)
	at org.junit.internal.runners.statements.FailOnTimeout$1.run(FailOnTimeout.java:28)
Caused by: ptolemy.kernel.util.IllegalActionException: Test fails in iteration 1.
Value was: 1.0. Should have been: 2.0
  in .DirectFeedback.Test
	at ptolemy.actor.lib.Test.fire(Test.java:268)
	at ptolemy.domains.de.kernel.DEDirector._fire(DEDirector.java:1948)
	at ptolemy.domains.de.kernel.DEDirector.fire(DEDirector.java:502)
	at ptolemy.actor.CompositeActor.fire(CompositeActor.java:455)
	at ptolemy.actor.Manager.iterate(Manager.java:851)
	at ptolemy.actor.Manager.execute(Manager.java:369)
	at ptolemy.actor.Manager.run(Manager.java:1263)
	at ptolemy.actor.Manager$PtolemyRunThread.run(Manager.java:1915)
java.lang.RuntimeException: Execution failed
	at ptolemy.moml.MoMLSimpleApplication$UnloadThread.run(MoMLSimpleApplication.java:402)
Caused by: ptolemy.kernel.util.IllegalActionException: Found a zero delay loop containing .HierarchicalModel.A
  in .HierarchicalModel and .HierarchicalModel.A
	at ptolemy.actor.util.CausalityInterfaceForComposites._computeOutputPortDepth(CausalityInterfaceForComposites.java:759)
	at ptolemy.actor.util.CausalityInterfaceForComposites._computeInputDepth(CausalityInterfaceForComposites.java:696)
	at ptolemy.actor.util.CausalityInterfaceForComposites._computeOutputPortDepth(CausalityInterfaceForComposites.java:765)
	at ptolemy.actor.util.CausalityInterfaceForComposites._computeInputDepth(CausalityInterfaceForComposites.java:696)
	at ptolemy.actor.util.CausalityInterfaceForComposites._computeOutputPortDepth(CausalityInterfaceForComposites.java:765)
	at ptolemy.actor.util.CausalityInterfaceForComposites._computeInputDepth(CausalityInterfaceForComposites.java:696)
	at ptolemy.actor.util.CausalityInterfaceForComposites._computeActorDepth(CausalityInterfaceForComposites.java:532)
	at ptolemy.actor.util.CausalityInterfaceForComposites.checkForCycles(CausalityInterfaceForComposites.java:96)
	at ptolemy.domains.de.kernel.DEDirector.preinitialize(DEDirector.java:1337)
	at ptolemy.actor.CompositeActor.preinitialize(CompositeActor.java:1828)
	at ptolemy.actor.Manager.preinitializeAndResolveTypes(Manager.java:1040)
	at ptolemy.actor.Manager.initialize(Manager.java:710)
	at ptolemy.actor.Manager.execute(Manager.java:356)
	at ptolemy.actor.Manager.run(Manager.java:1263)
	at ptolemy.actor.Manager$PtolemyRunThread.run(Manager.java:1915)
java.lang.reflect.InvocationTargetException
	at sun.reflect.NativeConstructorAccessorImpl.newInstance0(Native Method)
	at sun.reflect.NativeConstructorAccessorImpl.newInstance(NativeConstructorAccessorImpl.java:62)
	at sun.reflect.DelegatingConstructorAccessorImpl.newInstance(DelegatingConstructorAccessorImpl.java:45)
	at java.lang.reflect.Constructor.newInstance(Constructor.java:423)
	at ptolemy.util.test.junit.AutoKnownFailedTests.RunModel(AutoKnownFailedTests.java:107)
	at sun.reflect.NativeMethodAccessorImpl.invoke0(Native Method)
	at sun.reflect.NativeMethodAccessorImpl.invoke(NativeMethodAccessorImpl.java:62)
	at sun.reflect.DelegatingMethodAccessorImpl.invoke(DelegatingMethodAccessorImpl.java:43)
	at java.lang.reflect.Method.invoke(Method.java:498)
	at org.junit.runners.model.FrameworkMethod$1.runReflectiveCall(FrameworkMethod.java:44)
	at org.junit.internal.runners.model.ReflectiveCallable.run(ReflectiveCallable.java:15)
	at org.junit.runners.model.FrameworkMethod.invokeExplosively(FrameworkMethod.java:41)
	at junitparams.internal.InvokeParameterisedMethod.evaluate(InvokeParameterisedMethod.java:102)
	at org.junit.internal.runners.statements.FailOnTimeout$1.run(FailOnTimeout.java:28)
Caused by: ptolemy.kernel.util.IllegalActionException: Found a zero delay loop containing .HierarchicalModel.A
  in .HierarchicalModel and .HierarchicalModel.A
	at ptolemy.actor.util.CausalityInterfaceForComposites._computeOutputPortDepth(CausalityInterfaceForComposites.java:759)
	at ptolemy.actor.util.CausalityInterfaceForComposites._computeInputDepth(CausalityInterfaceForComposites.java:696)
	at ptolemy.actor.util.CausalityInterfaceForComposites._computeOutputPortDepth(CausalityInterfaceForComposites.java:765)
	at ptolemy.actor.util.CausalityInterfaceForComposites._computeInputDepth(CausalityInterfaceForComposites.java:696)
	at ptolemy.actor.util.CausalityInterfaceForComposites._computeOutputPortDepth(CausalityInterfaceForComposites.java:765)
	at ptolemy.actor.util.CausalityInterfaceForComposites._computeInputDepth(CausalityInterfaceForComposites.java:696)
	at ptolemy.actor.util.CausalityInterfaceForComposites._computeActorDepth(CausalityInterfaceForComposites.java:532)
	at ptolemy.actor.util.CausalityInterfaceForComposites.checkForCycles(CausalityInterfaceForComposites.java:96)
	at ptolemy.domains.de.kernel.DEDirector.preinitialize(DEDirector.java:1337)
	at ptolemy.actor.CompositeActor.preinitialize(CompositeActor.java:1828)
	at ptolemy.actor.Manager.preinitializeAndResolveTypes(Manager.java:1040)
	at ptolemy.actor.Manager.initialize(Manager.java:710)
	at ptolemy.actor.Manager.execute(Manager.java:356)
	at ptolemy.actor.Manager.run(Manager.java:1263)
	at ptolemy.actor.Manager$PtolemyRunThread.run(Manager.java:1915)
java.lang.RuntimeException: Execution failed
	at ptolemy.moml.MoMLSimpleApplication$UnloadThread.run(MoMLSimpleApplication.java:402)
Caused by: ptolemy.kernel.util.IllegalActionException: Found a zero delay loop containing .dependencyLoop.original
  in .dependencyLoop and .dependencyLoop.original
	at ptolemy.actor.util.CausalityInterfaceForComposites._computeOutputPortDepth(CausalityInterfaceForComposites.java:759)
	at ptolemy.actor.util.CausalityInterfaceForComposites._computeInputDepth(CausalityInterfaceForComposites.java:696)
	at ptolemy.actor.util.CausalityInterfaceForComposites._computeOutputPortDepth(CausalityInterfaceForComposites.java:765)
	at ptolemy.actor.util.CausalityInterfaceForComposites._computeInputDepth(CausalityInterfaceForComposites.java:696)
	at ptolemy.actor.util.CausalityInterfaceForComposites._computeOutputPortDepth(CausalityInterfaceForComposites.java:765)
	at ptolemy.actor.util.CausalityInterfaceForComposites._computeInputDepth(CausalityInterfaceForComposites.java:696)
	at ptolemy.actor.util.CausalityInterfaceForComposites._computeActorDepth(CausalityInterfaceForComposites.java:532)
	at ptolemy.actor.util.CausalityInterfaceForComposites.checkForCycles(CausalityInterfaceForComposites.java:96)
	at ptolemy.domains.de.kernel.DEDirector.preinitialize(DEDirector.java:1337)
	at ptolemy.actor.CompositeActor.preinitialize(CompositeActor.java:1828)
	at ptolemy.actor.Manager.preinitializeAndResolveTypes(Manager.java:1040)
	at ptolemy.actor.Manager.initialize(Manager.java:710)
	at ptolemy.actor.Manager.execute(Manager.java:356)
	at ptolemy.actor.Manager.run(Manager.java:1263)
	at ptolemy.actor.Manager$PtolemyRunThread.run(Manager.java:1915)
java.lang.reflect.InvocationTargetException
	at sun.reflect.NativeConstructorAccessorImpl.newInstance0(Native Method)
	at sun.reflect.NativeConstructorAccessorImpl.newInstance(NativeConstructorAccessorImpl.java:62)
	at sun.reflect.DelegatingConstructorAccessorImpl.newInstance(DelegatingConstructorAccessorImpl.java:45)
	at java.lang.reflect.Constructor.newInstance(Constructor.java:423)
	at ptolemy.util.test.junit.AutoKnownFailedTests.RunModel(AutoKnownFailedTests.java:107)
	at sun.reflect.NativeMethodAccessorImpl.invoke0(Native Method)
	at sun.reflect.NativeMethodAccessorImpl.invoke(NativeMethodAccessorImpl.java:62)
	at sun.reflect.DelegatingMethodAccessorImpl.invoke(DelegatingMethodAccessorImpl.java:43)
	at java.lang.reflect.Method.invoke(Method.java:498)
	at org.junit.runners.model.FrameworkMethod$1.runReflectiveCall(FrameworkMethod.java:44)
	at org.junit.internal.runners.model.ReflectiveCallable.run(ReflectiveCallable.java:15)
	at org.junit.runners.model.FrameworkMethod.invokeExplosively(FrameworkMethod.java:41)
	at junitparams.internal.InvokeParameterisedMethod.evaluate(InvokeParameterisedMethod.java:102)
	at org.junit.internal.runners.statements.FailOnTimeout$1.run(FailOnTimeout.java:28)
Caused by: ptolemy.kernel.util.IllegalActionException: Found a zero delay loop containing .dependencyLoop.original
  in .dependencyLoop and .dependencyLoop.original
	at ptolemy.actor.util.CausalityInterfaceForComposites._computeOutputPortDepth(CausalityInterfaceForComposites.java:759)
	at ptolemy.actor.util.CausalityInterfaceForComposites._computeInputDepth(CausalityInterfaceForComposites.java:696)
	at ptolemy.actor.util.CausalityInterfaceForComposites._computeOutputPortDepth(CausalityInterfaceForComposites.java:765)
	at ptolemy.actor.util.CausalityInterfaceForComposites._computeInputDepth(CausalityInterfaceForComposites.java:696)
	at ptolemy.actor.util.CausalityInterfaceForComposites._computeOutputPortDepth(CausalityInterfaceForComposites.java:765)
	at ptolemy.actor.util.CausalityInterfaceForComposites._computeInputDepth(CausalityInterfaceForComposites.java:696)
	at ptolemy.actor.util.CausalityInterfaceForComposites._computeActorDepth(CausalityInterfaceForComposites.java:532)
	at ptolemy.actor.util.CausalityInterfaceForComposites.checkForCycles(CausalityInterfaceForComposites.java:96)
	at ptolemy.domains.de.kernel.DEDirector.preinitialize(DEDirector.java:1337)
	at ptolemy.actor.CompositeActor.preinitialize(CompositeActor.java:1828)
	at ptolemy.actor.Manager.preinitializeAndResolveTypes(Manager.java:1040)
	at ptolemy.actor.Manager.initialize(Manager.java:710)
	at ptolemy.actor.Manager.execute(Manager.java:356)
	at ptolemy.actor.Manager.run(Manager.java:1263)
	at ptolemy.actor.Manager$PtolemyRunThread.run(Manager.java:1915)
java.lang.RuntimeException: Execution failed
	at ptolemy.moml.MoMLSimpleApplication$UnloadThread.run(MoMLSimpleApplication.java:402)
Caused by: ptolemy.kernel.util.IllegalActionException: Found a zero delay loop containing .dependencyLoop2.original
  in .dependencyLoop2 and .dependencyLoop2.original
	at ptolemy.actor.util.CausalityInterfaceForComposites._computeOutputPortDepth(CausalityInterfaceForComposites.java:759)
	at ptolemy.actor.util.CausalityInterfaceForComposites._computeInputDepth(CausalityInterfaceForComposites.java:696)
	at ptolemy.actor.util.CausalityInterfaceForComposites._computeOutputPortDepth(CausalityInterfaceForComposites.java:765)
	at ptolemy.actor.util.CausalityInterfaceForComposites._computeInputDepth(CausalityInterfaceForComposites.java:696)
	at ptolemy.actor.util.CausalityInterfaceForComposites._computeOutputPortDepth(CausalityInterfaceForComposites.java:765)
	at ptolemy.actor.util.CausalityInterfaceForComposites._computeInputDepth(CausalityInterfaceForComposites.java:696)
	at ptolemy.actor.util.CausalityInterfaceForComposites._computeActorDepth(CausalityInterfaceForComposites.java:532)
	at ptolemy.actor.util.CausalityInterfaceForComposites.checkForCycles(CausalityInterfaceForComposites.java:96)
	at ptolemy.domains.de.kernel.DEDirector.preinitialize(DEDirector.java:1337)
	at ptolemy.actor.CompositeActor.preinitialize(CompositeActor.java:1828)
	at ptolemy.actor.Manager.preinitializeAndResolveTypes(Manager.java:1040)
	at ptolemy.actor.Manager.initialize(Manager.java:710)
	at ptolemy.actor.Manager.execute(Manager.java:356)
	at ptolemy.actor.Manager.run(Manager.java:1263)
	at ptolemy.actor.Manager$PtolemyRunThread.run(Manager.java:1915)
java.lang.reflect.InvocationTargetException
	at sun.reflect.NativeConstructorAccessorImpl.newInstance0(Native Method)
	at sun.reflect.NativeConstructorAccessorImpl.newInstance(NativeConstructorAccessorImpl.java:62)
	at sun.reflect.DelegatingConstructorAccessorImpl.newInstance(DelegatingConstructorAccessorImpl.java:45)
	at java.lang.reflect.Constructor.newInstance(Constructor.java:423)
	at ptolemy.util.test.junit.AutoKnownFailedTests.RunModel(AutoKnownFailedTests.java:107)
	at sun.reflect.NativeMethodAccessorImpl.invoke0(Native Method)
	at sun.reflect.NativeMethodAccessorImpl.invoke(NativeMethodAccessorImpl.java:62)
	at sun.reflect.DelegatingMethodAccessorImpl.invoke(DelegatingMethodAccessorImpl.java:43)
	at java.lang.reflect.Method.invoke(Method.java:498)
	at org.junit.runners.model.FrameworkMethod$1.runReflectiveCall(FrameworkMethod.java:44)
	at org.junit.internal.runners.model.ReflectiveCallable.run(ReflectiveCallable.java:15)
	at org.junit.runners.model.FrameworkMethod.invokeExplosively(FrameworkMethod.java:41)
	at junitparams.internal.InvokeParameterisedMethod.evaluate(InvokeParameterisedMethod.java:102)
	at org.junit.internal.runners.statements.FailOnTimeout$1.run(FailOnTimeout.java:28)
Caused by: ptolemy.kernel.util.IllegalActionException: Found a zero delay loop containing .dependencyLoop2.original
  in .dependencyLoop2 and .dependencyLoop2.original
	at ptolemy.actor.util.CausalityInterfaceForComposites._computeOutputPortDepth(CausalityInterfaceForComposites.java:759)
	at ptolemy.actor.util.CausalityInterfaceForComposites._computeInputDepth(CausalityInterfaceForComposites.java:696)
	at ptolemy.actor.util.CausalityInterfaceForComposites._computeOutputPortDepth(CausalityInterfaceForComposites.java:765)
	at ptolemy.actor.util.CausalityInterfaceForComposites._computeInputDepth(CausalityInterfaceForComposites.java:696)
	at ptolemy.actor.util.CausalityInterfaceForComposites._computeOutputPortDepth(CausalityInterfaceForComposites.java:765)
	at ptolemy.actor.util.CausalityInterfaceForComposites._computeInputDepth(CausalityInterfaceForComposites.java:696)
	at ptolemy.actor.util.CausalityInterfaceForComposites._computeActorDepth(CausalityInterfaceForComposites.java:532)
	at ptolemy.actor.util.CausalityInterfaceForComposites.checkForCycles(CausalityInterfaceForComposites.java:96)
	at ptolemy.domains.de.kernel.DEDirector.preinitialize(DEDirector.java:1337)
	at ptolemy.actor.CompositeActor.preinitialize(CompositeActor.java:1828)
	at ptolemy.actor.Manager.preinitializeAndResolveTypes(Manager.java:1040)
	at ptolemy.actor.Manager.initialize(Manager.java:710)
	at ptolemy.actor.Manager.execute(Manager.java:356)
	at ptolemy.actor.Manager.run(Manager.java:1263)
	at ptolemy.actor.Manager$PtolemyRunThread.run(Manager.java:1915)
]]></system-err>
</testsuite>
