<?xml version="1.0" encoding="UTF-8" ?>
<testsuite errors="0" failures="0" hostname="travis-job-f6cc12bc-684b-47ba-b44e-e0fffe5d2ff8" name="ptolemy.data.ontologies.test.junit.JUnitTclTest" skipped="0" tests="40" time="11.705" timestamp="2018-05-02T16:15:06">
  <properties>
    <property name="npm.executable" value="npm" />
    <property name="file.encoding.pkg" value="sun.io" />
    <property name="ptII.mk.exists" value="true" />
    <property name="env.HEARTBEAT_TOKEN" value="resetByPtIITravisBuild.sh" />
    <property name="env.rvm_bin_path" value="/home/travis/.rvm/bin" />
    <property name="java.home" value="/usr/lib/jvm/java-8-oracle/jre" />
    <property name="env.TRAVIS_JOB_NUMBER" value="382.6" />
    <property name="env.DISPLAY" value=":99.0" />
    <property name="java.net.preferIPv4Stack" value="true" />
    <property name="env.SSH_TTY" value="/dev/pts/0" />
    <property name="env.RUN_TESTS" value="true" />
    <property name="timeout.short" value="1000000" />
    <property name="env.TRAVIS_STACK_NODE_ATTRIBUTES" value="/.node-attributes.yml" />
    <property name="junit.formatter" value="xml" />
    <property name="java.endorsed.dirs" value="/usr/lib/jvm/java-8-oracle/jre/lib/endorsed" />
    <property name="env.TRAVIS_SUDO" value="true" />
    <property name="env.LOGNAME" value="travis" />
    <property name="env.PT_TRAVIS_TEST_CORE1_XML" value="true" />
    <property name="jsdoc.home" value="node_modules/@terraswarm/jsdoc" />
    <property name="debuglevel" value="source,lines,vars" />
    <property name="checkstyle.formatter" value="xml" />
    <property name="bin.vergil.makeable" value="true" />
    <property name="env._system_version" value="14.04" />
    <property name="sun.os.patch.level" value="unknown" />
    <property name="java.vendor.url" value="http://java.oracle.com/" />
    <property name="java.version" value="1.8.0_151" />
    <property name="env.TZ" value="UTC" />
    <property name="env.PT_NO_NET" value="true" />
    <property name="env.TRAVIS_PULL_REQUEST_SHA" value="" />
    <property name="env.TRAVIS_SECURE_ENV_VARS" value="true" />
    <property name="env._system_type" value="Linux" />
    <property name="java.vendor.url.bug" value="http://bugreport.sun.com/bugreport/" />
    <property name="env.SSH_CLIENT" value="10.10.4.36 43018 22" />
    <property name="npmjs-org-is-up" value="true" />
    <property name="env.GEM_HOME" value="/home/travis/.rvm/gems/ruby-2.4.1" />
    <property name="env.HAS_ANTARES_THREE_LITTLE_FRONZIES_BADGE" value="true" />
    <property name="env.PS4" value="+" />
    <property name="ant.project.invoked-targets" value="build,test.core1.xml" />
    <property name="env.TRAVIS_PULL_REQUEST_BRANCH" value="" />
    <property name="env.TRAVIS_REPO_SLUG" value="icyphy/ptII" />
    <property name="node.in.path" value="true" />
    <property name="java.maxmemory" value="1400m" />
    <property name="env.RUBY_VERSION" value="ruby-2.4.1" />
    <property name="user.name" value="travis" />
    <property name="env.LANG" value="en_US.UTF-8" />
    <property name="sun.io.unicode.encoding" value="UnicodeLittle" />
    <property name="sun.jnu.encoding" value="UTF-8" />
    <property name="java.runtime.name" value="Java(TM) SE Runtime Environment" />
    <property name="usefile" value="false" />
    <property name="return.code" value="0" />
    <property name="junit.single.formatter" value="plain" />
    <property name="env.DYLD_LIBRARY_PATH" value="/home/travis/pthla/certi-tools/lib:" />
    <property name="env.DEBIAN_FRONTEND" value="noninteractive" />
    <property name="env.SSH_CONNECTION" value="10.10.4.36 43018 10.20.255.69 22" />
    <property name="env.MYSQL_UNIX_PORT" value="/var/run/mysqld/mysqld.sock" />
    <property name="env.TRAVIS_ALLOW_FAILURE" value="false" />
    <property name="env.LC_ALL" value="en_US.UTF-8" />
    <property name="java.specification.name" value="Java Platform API Specification" />
    <property name="node.works" value="true" />
    <property name="user.timezone" value="" />
    <property name="path.separator" value=":" />
    <property name="env.PYTHON_CFLAGS" value="-g -fstack-protector --param=ssp-buffer-size=4 -Wformat -Werror=format-security" />
    <property name="timeout.long" value="4000000" />
    <property name="env.CERTI_HOME" value="/home/travis/pthla/certi-tools" />
    <property name="file.encoding" value="UTF-8" />
    <property name="ant.file.ptII" value="/home/travis/build/icyphy/ptII/build.xml" />
    <property name="javadoc.packagenames" value="com.*,diva.*,lbnl.*,org.hlacerti.*,org.json.*,org.ptolemy.*,org.terraswarm.*,ptolemy.*,ptserver.*" />
    <property name="env.TRAVIS_PULL_REQUEST_SLUG" value="" />
    <property name="ant.project.default-target" value="build" />
    <property name="env.GIT_ASKPASS" value="echo" />
    <property name="env.HOME" value="/home/travis" />
    <property name="sun.java.command" value="org.apache.tools.ant.taskdefs.optional.junit.JUnitTestRunner ptolemy.data.ontologies.test.junit.JUnitTclTest skipNonTests=false filtertrace=true haltOnError=false haltOnFailure=false formatter=org.apache.tools.ant.taskdefs.optional.junit.OutErrSummaryJUnitResultFormatter showoutput=true outputtoformatters=true logfailedtests=true threadid=0 logtestlistenerevents=false formatter=org.apache.tools.ant.taskdefs.optional.junit.XMLJUnitResultFormatter,/home/travis/build/icyphy/ptII/reports/junit/TEST-ptolemy.data.ontologies.test.junit.JUnitTclTest.xml crashfile=/home/travis/build/icyphy/ptII/junitvmwatcher3850917510484774603.properties propsfile=/home/travis/build/icyphy/ptII/junit4474815066876512975.properties" />
    <property name="env.MANPATH" value="/home/travis/.nvm/versions/node/v7.10.1/share/man:/home/travis/.kiex/elixirs/elixir-1.4.5/man:/home/travis/.rvm/rubies/ruby-2.4.1/share/man:/usr/local/man:/usr/local/cmake-3.9.2/man:/usr/local/clang-5.0.0/share/man:/usr/local/share/man:/usr/share/man:/home/travis/.rvm/man" />
    <property name="env.COMPOSER_NO_INTERACTION" value="1" />
    <property name="env.JDK_SWITCHER_DEFAULT" value="oraclejdk8" />
    <property name="ant.file" value="/home/travis/build/icyphy/ptII/build.xml" />
    <property name="env.TRAVIS_COMMIT_RANGE" value="1adf8b37eadb...c207d2ecf6b4" />
    <property name="env._system_name" value="Ubuntu" />
    <property name="timeout" value="2400000" />
    <property name="ptII.classpath.optional.property" value="/home/travis/build/icyphy/ptII/lib/bsh-2.0b4.jar:/home/travis/build/icyphy/ptII/lib/ptCal.jar:/home/travis/build/icyphy/ptII/lib/java_cup.jar:/home/travis/build/icyphy/ptII/lib/saxon8.jar:/home/travis/build/icyphy/ptII/lib/saxon8-dom.jar:/home/travis/build/icyphy/ptII/lib/chic.jar:/home/travis/build/icyphy/ptII/lib/ptcolt.jar:/usr/lib/jvm/java-8-oracle/lib/tools.jar:/usr/lib/eclipse/plugins/org.eclipse.jdt.core_3.8.2.dist.jar:/usr/lib/eclipse/plugins/org.eclipse.core.runtime_3.8.0.dist.jar:/usr/lib/eclipse/plugins/org.eclipse.osgi_3.8.1.dist.jar:/usr/lib/eclipse/plugins/org.eclipse.core.resources_3.8.1.dist.jar:/usr/lib/eclipse/plugins/org.eclipse.equinox.common_3.6.100.dist.jar:/usr/lib/eclipse/plugins/org.eclipse.core.jobs_3.5.200.dist.jar:/usr/lib/eclipse/plugins/org.eclipse.core.contenttype_3.4.200.dist.jar:/usr/lib/eclipse/plugins/org.eclipse.equinox.preferences_3.5.0.dist.jar:/usr/lib/eclipse/plugins/org.eclipse.text_3.5.200.dist.jar:/usr/lib/eclipse/plugins/org.eclipse.ui.workbench_3.8.1.dist.jar:/usr/lib/eclipse/plugins/org.eclipse.jface_3.8.0.dist.jar:/usr/lib/eclipse/plugins/org.eclipse.swt_3.8.2.jar:/usr/lib/eclipse/plugins/org.eclipse.jface.text_3.8.1.dist.jar:/usr/lib/eclipse/plugins/org.eclipse.ui.workbench.texteditor_3.8.0.dist.jar:/usr/lib/eclipse/plugins/org.eclipse.ui.editors_3.8.0.dist.jar:/usr/lib/eclipse/plugins/org.eclipse.core.commands_3.6.1.dist.jar:/usr/lib/eclipse/plugins/org.eclipse.equinox.registry_3.5.200.dist.jar:/usr/lib/eclipse/plugins/org.eclipse.ui.console_3.5.100.dist.jar:/usr/lib/eclipse/plugins/org.eclipse.ui.forms_3.5.200.dist.jar:/usr/lib/eclipse/plugins/org.eclipse.ui.ide_3.8.1.dist.jar:/home/travis/build/icyphy/ptII/vendors/oracle/dbxml.jar:/home/travis/build/icyphy/ptII/vendors/oracle/db.jar:/home/travis/build/icyphy/ptII/vendors/misc/itext/iText.jar:/home/travis/build/icyphy/ptII/lib/g4ltl.jar:/home/travis/build/icyphy/ptII/lib/StructuralCoder.jar:/home/travis/build/icyphy/ptII/lib/org-openide-util.jar:/home/travis/build/icyphy/ptII/lib/org-openide-util-lookup.jar:/home/travis/build/icyphy/ptII/lib/org-netbeans-api-visual.jar:/home/travis/build/icyphy/ptII/vendors/jai-1_1_2_01/lib/jai_core.jar:/home/travis/build/icyphy/ptII/vendors/jai-1_1_2_01/lib/jai_codec.jar:/home/travis/build/icyphy/ptII/lib/jcerti.jar:/home/travis/build/icyphy/ptII/lib/smack.jar:/home/travis/build/icyphy/ptII/lib/smackx.jar:/home/travis/build/icyphy/ptII/lib/jetty-all-8.1.5-v20120716.jar:/home/travis/build/icyphy/ptII/lib/javax.servlet-api-3.0.1.jar:/home/travis/build/icyphy/ptII/lib/javax.mail.jar:/home/travis/build/icyphy/ptII/vendors/JMF-2.1.1e/lib/jmf.jar:/home/travis/build/icyphy/ptII/lib/jna-4.0.0-variadic.jar:/home/travis/build/icyphy/ptII/vendors/misc/joystick/Joystick.jar:/home/travis/build/icyphy/ptII/lib/ptjacl.jar:/home/travis/build/icyphy/ptII/lib/jsoup-1.8.2.jar:/home/travis/build/icyphy/ptII/lib/junit-4.8.2.jar:/home/travis/build/icyphy/ptII/lib/JUnitParams-0.4.0.jar:/home/travis/build/icyphy/ptII/ptolemy/actor/lib/excel/jxl.jar:/home/travis/build/icyphy/ptII/lib/jython.jar:/home/travis/build/icyphy/ptII/lib/kieler.jar:/home/travis/build/icyphy/ptII/vendors/opencv/share/OpenCV/java/opencv-341.jar:/home/travis/build/icyphy/ptII/lib/oscP5.jar:/home/travis/build/icyphy/ptII/lib/nrjavaserial-3.11.0.devel.jar:/usr/share/java/j3dcore.jar:/usr/share/java/j3dutils.jar:/usr/share/java/vecmath.jar:/home/travis/build/icyphy/ptII/ptolemy/distributed/jini/jar/jini-core.jar:/home/travis/build/icyphy/ptII/ptolemy/distributed/jini/jar/jini-ext.jar:/home/travis/build/icyphy/ptII/ptolemy/distributed/jini/jar/sun-util.jar:/home/travis/build/icyphy/ptII/lib/protobuf-java-2.4.1.jar:/home/travis/build/icyphy/ptII/lib/org.eclipse.paho.client.mqttv3.jar:/home/travis/build/icyphy/ptII/ptserver/lib/hessian-4.0.7.jar:/home/travis/build/icyphy/ptII/ptserver/lib/wmqtt.jar:/home/travis/build/icyphy/ptII/lib/mapss.jar:/home/travis/build/icyphy/ptII/ptolemy/actor/ptalon/antlr/antlr.jar:/home/travis/build/icyphy/ptII/lib/JRI.jar:/home/travis/build/icyphy/ptII/lib/commons-lang-2.6.jar:/home/travis/build/icyphy/ptII/lib/commons-logging-1.1.1.jar:/home/travis/build/icyphy/ptII/lib/sootclasses.jar:/home/travis/build/icyphy/ptII/ptolemy/actor/lib/database/mysql-connector-java-5.1.6-bin.jar:/home/travis/build/icyphy/ptII/vendors/misc/sphinx4/sphinx4-data-5prealpha.jar:/home/travis/build/icyphy/ptII/vendors/misc/sphinx4/sphinx4-core-5prealpha.jar:/home/travis/build/icyphy/ptII/lib/PDFRenderer.jar:/home/travis/build/icyphy/ptII/lib/svgSalamander.jar:/home/travis/build/icyphy/ptII/lib/rsyntaxtextarea-2.6.0-SNAPSHOT.jar:/home/travis/build/icyphy/ptII/lib/hazelcast-3.8.2.jar:/home/travis/build/icyphy/ptII/lib/jackson-annotations-2.9.0.jar:/home/travis/build/icyphy/ptII/lib/jackson-core-2.9.3.jar:/home/travis/build/icyphy/ptII/lib/jackson-databind-2.9.3.jar:/home/travis/build/icyphy/ptII/lib/netty-buffer-4.1.19.Final.jar:/home/travis/build/icyphy/ptII/lib/netty-codec-4.1.19.Final.jar:/home/travis/build/icyphy/ptII/lib/netty-codec-dns-4.1.19.Final.jar:/home/travis/build/icyphy/ptII/lib/netty-codec-http-4.1.19.Final.jar:/home/travis/build/icyphy/ptII/lib/netty-codec-http2-4.1.19.Final.jar:/home/travis/build/icyphy/ptII/lib/netty-common-4.1.19.Final.jar:/home/travis/build/icyphy/ptII/lib/netty-handler-4.1.19.Final.jar:/home/travis/build/icyphy/ptII/lib/netty-resolver-4.1.19.Final.jar:/home/travis/build/icyphy/ptII/lib/netty-resolver-dns-4.1.19.Final.jar:/home/travis/build/icyphy/ptII/lib/netty-transport-4.1.19.Final.jar:/home/travis/build/icyphy/ptII/lib/vertx-codegen-3.5.1.jar:/home/travis/build/icyphy/ptII/lib/vertx-core-3.5.1.jar:/home/travis/build/icyphy/ptII/lib/vertx-hazelcast-3.5.1.jar:/home/travis/build/icyphy/ptII/lib/vertx-lang-js-3.5.1.jar:/home/travis/build/icyphy/ptII/lib/vertx-service-proxy-3.5.1.jar:/home/travis/build/icyphy/ptII/lib/vertx-web-3.5.1.jar:/home/travis/build/icyphy/ptII/lib/slf4j-api-1.7.13.jar:/home/travis/build/icyphy/ptII/lib/slf4j-simple-1.7.13.jar:/home/travis/build/icyphy/ptII/lib/webcam-capture-0.3.12.jar:/home/travis/build/icyphy/ptII/lib/bridj-0.7.0.jar:/home/travis/build/icyphy/ptII/lib/xbjlib-1.1.0.nrjavaserial.jar" />
    <property name="test.batch" value="**/junit/*.java" />
    <property name="env._" value="/usr/bin/timeout" />
    <property name="java.io.tmpdir" value="/tmp" />
    <property name="user.language" value="en" />
    <property name="env.HISTCONTROL" value="ignoredups:ignorespace" />
    <property name="env.GOROOT" value="/home/travis/.gimme/versions/go1.7.4.linux.amd64" />
    <property name="line.separator" value="&#xa;" />
    <property name="target" value="1.8" />
    <property name="env.TRAVIS_BUILD_DIR" value="/home/travis/build/icyphy/ptII" />
    <property name="env.ANT_OPTS" value="-Xmx2048m" />
    <property name="ant.file.type" value="file" />
    <property name="ptolemy.ptII.batchMode" value="true" />
    <property name="env.HISTSIZE" value="1000" />
    <property name="env.MERB_ENV" value="test" />
    <property name="java.vm.info" value="mixed mode" />
    <property name="source" value="1.8" />
    <property name="java.vm.specification.name" value="Java Virtual Machine Specification" />
    <property name="env.TRAVIS_TEST_RESULT" value="0" />
    <property name="jsdoc.command" value="node_modules/@terraswarm/jsdoc/jsdoc.js" />
    <property name="npm.works" value="true" />
    <property name="cobertura.dir" value="/home/travis/build/icyphy/ptII/vendors/cobertura-2.0.3" />
    <property name="env.rvm_path" value="/home/travis/.rvm" />
    <property name="env.GEM_PATH" value="/home/travis/.rvm/gems/ruby-2.4.1:/home/travis/.rvm/gems/ruby-2.4.1@global" />
    <property name="env.LC_CTYPE" value="en_US.UTF-8" />
    <property name="java.awt.printerjob" value="sun.print.PSPrinterJob" />
    <property name="env.TRAVIS_STACK_NAME" value="garnet" />
    <property name="ant.version" value="Apache Ant(TM) version 1.10.1 compiled on February 2 2017" />
    <property name="ptII.reports" value="/home/travis/build/icyphy/ptII/reports" />
    <property name="env.TRAVIS_STACK_TIMESTAMP" value="2017-12-05 19:33:09 UTC" />
    <property name="ant.file.type.ptII" value="file" />
    <property name="env.RBENV_SHELL" value="bash" />
    <property name="os.name" value="Linux" />
    <property name="java.specification.vendor" value="Oracle Corporation" />
    <property name="env.rvm_version" value="1.29.3 (latest)" />
    <property name="env.TERM" value="xterm" />
    <property name="java.vm.name" value="Java HotSpot(TM) 64-Bit Server VM" />
    <property name="env.TRAVIS_BUILD_NUMBER" value="382" />
    <property name="env.CI" value="true" />
    <property name="java.library.path" value="/home/travis/pthla/certi-tools/lib:/usr/lib/jni:/usr/local/share/OpenCV/java/:/usr/share/OpenCV/java::/usr/java/packages/lib/amd64:/usr/lib64:/lib64:/lib:/usr/lib" />
    <property name="env.rvm_prefix" value="/home/travis" />
    <property name="env.PATH" value="/home/travis/pthla/certi-tools/share/scripts:/home/travis/.rvm/gems/ruby-2.4.1/bin:/home/travis/.rvm/gems/ruby-2.4.1@global/bin:/home/travis/.rvm/rubies/ruby-2.4.1/bin:/home/travis/.rvm/bin:/home/travis/.nvm/versions/node/v7.10.1/bin:./node_modules/.bin:/home/travis/build/icyphy/ptII/bin:/home/travis/pthla/certi-tools/bin:/home/travis/bin:/home/travis/.local/bin:/opt/pyenv/shims:/home/travis/.phpenv/shims:/home/travis/perl5/perlbrew/bin:/home/travis/.kiex/elixirs/elixir-1.4.5/bin:/home/travis/.kiex/bin:/home/travis/gopath/bin:/home/travis/.gimme/versions/go1.7.4.linux.amd64/bin:/usr/local/phantomjs/bin:/usr/local/phantomjs:/usr/local/neo4j-3.2.7/bin:/usr/local/maven-3.5.2/bin:/usr/local/cmake-3.9.2/bin:/usr/local/clang-5.0.0/bin:/usr/local/sbin:/usr/local/bin:/usr/sbin:/usr/bin:/sbin:/bin:/home/travis/.phpenv/bin:/opt/pyenv/bin:/home/travis/.yarn/bin" />
    <property name="env.TRAVIS_OS_NAME" value="linux" />
    <property name="ant.java.version" value="1.8" />
    <property name="basedir" value="/home/travis/build/icyphy/ptII" />
    <property name="java.class.version" value="52.0" />
    <property name="env.SHLVL" value="3" />
    <property name="env.LD_LIBRARY_PATH" value="/home/travis/pthla/certi-tools/lib:/usr/lib/jni:/usr/local/share/OpenCV/java/:/usr/share/OpenCV/java:" />
    <property name="env.RACK_ENV" value="test" />
    <property name="ant.home" value="/home/travis/build/icyphy/ptII/ant" />
    <property name="env.NVM_DIR" value="/home/travis/.nvm" />
    <property name="env.PERLBREW_BASHRC_VERSION" value="0.80" />
    <property name="env.CERTI_FOM_PATH" value="/home/travis/pthla/certi-tools/share/federations" />
    <property name="env.TRAVIS_BUILD_ID" value="374002652" />
    <property name="env.PYENV_ROOT" value="/opt/pyenv" />
    <property name="env.TRAVIS_UID" value="2000" />
    <property name="env.rvm_pretty_print_flag" value="auto" />
    <property name="env.NVM_BIN" value="/home/travis/.nvm/versions/node/v7.10.1/bin" />
    <property name="env.TRAVIS_COMMIT" value="c207d2ecf6b441f0f856ff325b8a5f8fdafefefd" />
    <property name="env._system_arch" value="x86_64" />
    <property name="node.executable" value="node" />
    <property name="sun.boot.library.path" value="/usr/lib/jvm/java-8-oracle/jre/lib/amd64" />
    <property name="sun.management.compiler" value="HotSpot 64-Bit Tiered Compilers" />
    <property name="env.GOPATH" value="/home/travis/gopath" />
    <property name="java.awt.graphicsenv" value="sun.awt.X11GraphicsEnvironment" />
    <property name="ptolemy.ptII.dir" value="/home/travis/build/icyphy/ptII" />
    <property name="env.USER" value="travis" />
    <property name="env.HISTFILESIZE" value="2000" />
    <property name="timeout.longest" value="19000000" />
    <property name="env.TRAVIS_STACK_FEATURES" value="basic cassandra chromium couchdb disabled-ipv6 docker docker-compose elasticsearch firefox go-toolchain google-chrome jdk memcached mongodb mysql neo4j nodejs_interpreter perl_interpreter perlbrew phantomjs postgresql python_interpreter rabbitmq redis riak ruby_interpreter sqlite xserver" />
    <property name="env.TRAVIS_PULL_REQUEST" value="false" />
    <property name="env.PYENV_SHELL" value="bash" />
    <property name="ant.project.name" value="ptII" />
    <property name="java.vm.specification.version" value="1.8" />
    <property name="env.CERTI_VERSION" value="4.0.0" />
    <property name="env.NLSPATH" value="/usr/dt/lib/nls/msg/%L/%N.cat" />
    <property name="awt.toolkit" value="sun.awt.X11.XToolkit" />
    <property name="env.CERTI_HOST" value="localhost" />
    <property name="env.MY_RUBY_HOME" value="/home/travis/.rvm/rubies/ruby-2.4.1" />
    <property name="sun.cpu.isalist" value="" />
    <property name="java.ext.dirs" value="/usr/lib/jvm/java-8-oracle/jre/lib/ext:/usr/java/packages/lib/ext" />
    <property name="os.version" value="4.4.0-101-generic" />
    <property name="user.home" value="/home/travis" />
    <property name="env.MIX_ARCHIVES" value="/home/travis/.kiex/mix/elixir-1.4.5" />
    <property name="java.vm.vendor" value="Oracle Corporation" />
    <property name="env.TRAVIS_TAG" value="nightly" />
    <property name="env.TRAVIS_FILTERED" value="redirect_io" />
    <property name="javadoc.excludepackagenames" value="adm.cvs2svn.*,build.*,config.*,doc.coding.templates.*,jni.test.jni.meaningOfLife.*,jni.test.jni.testDeux.*,jni.test.jni.testTrois.*,org.terraswarm.accessor.accessors.web.node_modules.*,org.terraswarm.accessor.accessors.web.hosts.cordova.demo.*,org.terraswarm.accessor.accessors.web.hosts.cordova.plugins.*,org.terraswarm.accessor.accessors-svn.*,pt-modules.*,ptolemy.apps.agilent.*,ptolemy.apps.anytimecontrol.*,ptolemy.apps.apes.*,ptolemy.apps.charon.*,ptolemy.apps.crazyboard.*,ptolemy.apps.eclipse.*,ptolemy.apps.etherealSting.*,ptolemy.apps.fullscreen.*,ptolemy.apps.giotto.*,ptolemy.apps.ia.*,ptolemy.apps.interfaces.*,ptolemy.apps.jmf.*,ptolemy.apps.kurt.*,ptolemy.apps.kvm.*,ptolemy.apps.lego.*,ptolemy.apps.lejos.*,ptolemy.apps.midp.*,ptolemy.apps.mobileCoding.*,ptolemy.apps.pendulum.*,ptolemy.apps.rijndael.*,ptolemy.apps.robot.*,ptolemy.apps.security.*,ptolemy.apps.sobel.*,ptolemy.apps.soot.*,ptolemy.apps.throttle.*,ptolemy.apps.tini.*,ptolemy.apps.transmission.*,ptolemy.apps.vergil.*,ptolemy.apps.waba.*,ptolemy.apps.websensor.*,ptolemy.apps.webstart.*,ptolemy.apps.xsl.*,ptolemy.apps.zaurus.*,ptolemy.backtrack.eclipse.plugin.*,ptolemy.backtrack.test.*,ptolemy.codegen.c.actor.lib.oldJavaFiles.*,ptolemy.codegen.dsp.lib.*,ptolemy.codegen.kernel.newInterfaces.*,ptolemy.codegen.lib.*,ptolemy.copernicus.kernel.fragment.*,ptolemy.copernicus.shallow.cg.*,ptolemy.domains.giotto.demo.Hierarchy.Hierarchy.*,ptolemy.domains.giotto.demo.Multimode.Multimode.*,ptolemy.domains.giotto.demo.Simple.Simple.*,ptolemy.domains.gr.lib.experimental.*,ptolemy.domains.gro.*,ptolemy.domains.pdf.*,ptolemy.domains.ptinyos.demo.Surge.output.*,ptolemy.moml.test.NoPackageActor.java*,ptolemy.plot.adm.*,ptolemy.plot.servlet.*,reports.*,signed.*,src.*,target.*,vendors.*,ptolemy.copernicus.applet.*,ptolemy.media.viewer.*,ptolemy.cg.adapter.generic.program.procedural.c.mbed*,ptolemy.actor.lib.fmi.fmus.omc*,ptolemy.domains.openmodelica*,ptdb.kernel.bl.save.test.*,ptdb.kernel.bl.load.test.*,ptdb.kernel.bl.search.test.*,ptdb.kernel.bl.migration.test.*,ptdb.kernel.database.test.*,ptdb.test.*,ptdb.gui.test.*,org.ptolemy.scala.*,diva.util.java2d.svg.*,ptolemy.domains.ptinyos.*,ptolemy.actor.lib.fmi.fmipp.*,,org.terraswarm.accessor.accessors.web.node_modules.*,org.terraswarm.accessor.accessors-svn,ptolemy.actor.ptalon.demo.ptinyos.SendAndReceiveCnt.output,ptolemy.actor.ptalon.demo.ptinyos.SenseToLeds.output,ptolemy.domains.ptinyos.demo.CntToLedsAndRfm.output,ptolemy.domains.ptinyos.demo.RfmToLeds.output,ptolemy.domains.ptinyos.demo.SendAndReceiveCnt.output,ptolemy.domains.ptinyos.demo.SenseToLeds.output" />
    <property name="env.JAVA_HOME" value="/usr/lib/jvm/java-8-oracle" />
    <property name="env.PTII" value="/home/travis/build/icyphy/ptII" />
    <property name="env.TRAVIS_COMMIT_MESSAGE" value="More debugging messages." />
    <property name="keystore" value="ptKeystore" />
    <property name="env.XDG_SESSION_ID" value="2" />
    <property name="junit.output.dir" value="/home/travis/build/icyphy/ptII/reports/junit" />
    <property name="npm.return.code" value="0" />
    <property name="user.dir" value="/home/travis/build/icyphy/ptII/ptolemy/data/ontologies/test" />
    <property name="env.TRAVIS_NODE_VERSION" value="7" />
    <property name="env.XFILESEARCHPATH" value="/usr/dt/app-defaults/%L/Dt" />
    <property name="env.TRAVIS_EVENT_TYPE" value="push" />
    <property name="env.MAIL" value="/var/mail/travis" />
    <property name="env.PWD" value="/home/travis/build/icyphy/ptII" />
    <property name="env.PERLBREW_ROOT" value="/home/travis/perl5/perlbrew" />
    <property name="timeout.npm" value="45000" />
    <property name="env.PAGER" value="cat" />
    <property name="sun.cpu.endian" value="little" />
    <property name="env.TRAVIS_BUILD_STAGE_NAME" value="Test" />
    <property name="env.PERLBREW_HOME" value="/home/travis/.perlbrew" />
    <property name="env.RAILS_ENV" value="test" />
    <property name="java.vm.version" value="25.151-b12" />
    <property name="java.class.path" value="/home/travis/.ptolemyII:/home/travis/.ptolemyII/*:/home/travis/build/icyphy/ptII:/home/travis/build/icyphy/ptII/lib/bsh-2.0b4.jar:/home/travis/build/icyphy/ptII/lib/ptCal.jar:/home/travis/build/icyphy/ptII/lib/java_cup.jar:/home/travis/build/icyphy/ptII/lib/saxon8.jar:/home/travis/build/icyphy/ptII/lib/saxon8-dom.jar:/home/travis/build/icyphy/ptII/lib/chic.jar:/home/travis/build/icyphy/ptII/lib/ptcolt.jar:/usr/lib/jvm/java-8-oracle/lib/tools.jar:/usr/lib/eclipse/plugins/org.eclipse.jdt.core_3.8.2.dist.jar:/usr/lib/eclipse/plugins/org.eclipse.core.runtime_3.8.0.dist.jar:/usr/lib/eclipse/plugins/org.eclipse.osgi_3.8.1.dist.jar:/usr/lib/eclipse/plugins/org.eclipse.core.resources_3.8.1.dist.jar:/usr/lib/eclipse/plugins/org.eclipse.equinox.common_3.6.100.dist.jar:/usr/lib/eclipse/plugins/org.eclipse.core.jobs_3.5.200.dist.jar:/usr/lib/eclipse/plugins/org.eclipse.core.contenttype_3.4.200.dist.jar:/usr/lib/eclipse/plugins/org.eclipse.equinox.preferences_3.5.0.dist.jar:/usr/lib/eclipse/plugins/org.eclipse.text_3.5.200.dist.jar:/usr/lib/eclipse/plugins/org.eclipse.ui.workbench_3.8.1.dist.jar:/usr/lib/eclipse/plugins/org.eclipse.jface_3.8.0.dist.jar:/usr/lib/eclipse/plugins/org.eclipse.swt_3.8.2.jar:/usr/lib/eclipse/plugins/org.eclipse.jface.text_3.8.1.dist.jar:/usr/lib/eclipse/plugins/org.eclipse.ui.workbench.texteditor_3.8.0.dist.jar:/usr/lib/eclipse/plugins/org.eclipse.ui.editors_3.8.0.dist.jar:/usr/lib/eclipse/plugins/org.eclipse.core.commands_3.6.1.dist.jar:/usr/lib/eclipse/plugins/org.eclipse.equinox.registry_3.5.200.dist.jar:/usr/lib/eclipse/plugins/org.eclipse.ui.console_3.5.100.dist.jar:/usr/lib/eclipse/plugins/org.eclipse.ui.forms_3.5.200.dist.jar:/usr/lib/eclipse/plugins/org.eclipse.ui.ide_3.8.1.dist.jar:/home/travis/build/icyphy/ptII/vendors/oracle/dbxml.jar:/home/travis/build/icyphy/ptII/vendors/oracle/db.jar:/home/travis/build/icyphy/ptII/vendors/misc/itext/iText.jar:/home/travis/build/icyphy/ptII/lib/g4ltl.jar:/home/travis/build/icyphy/ptII/lib/StructuralCoder.jar:/home/travis/build/icyphy/ptII/lib/org-openide-util.jar:/home/travis/build/icyphy/ptII/lib/org-openide-util-lookup.jar:/home/travis/build/icyphy/ptII/lib/org-netbeans-api-visual.jar:/home/travis/build/icyphy/ptII/vendors/jai-1_1_2_01/lib/jai_core.jar:/home/travis/build/icyphy/ptII/vendors/jai-1_1_2_01/lib/jai_codec.jar:/home/travis/build/icyphy/ptII/lib/jcerti.jar:/home/travis/build/icyphy/ptII/lib/smack.jar:/home/travis/build/icyphy/ptII/lib/smackx.jar:/home/travis/build/icyphy/ptII/lib/jetty-all-8.1.5-v20120716.jar:/home/travis/build/icyphy/ptII/lib/javax.servlet-api-3.0.1.jar:/home/travis/build/icyphy/ptII/lib/javax.mail.jar:/home/travis/build/icyphy/ptII/vendors/JMF-2.1.1e/lib/jmf.jar:/home/travis/build/icyphy/ptII/lib/jna-4.0.0-variadic.jar:/home/travis/build/icyphy/ptII/vendors/misc/joystick/Joystick.jar:/home/travis/build/icyphy/ptII/lib/ptjacl.jar:/home/travis/build/icyphy/ptII/lib/jsoup-1.8.2.jar:/home/travis/build/icyphy/ptII/lib/junit-4.8.2.jar:/home/travis/build/icyphy/ptII/lib/JUnitParams-0.4.0.jar:/home/travis/build/icyphy/ptII/ptolemy/actor/lib/excel/jxl.jar:/home/travis/build/icyphy/ptII/lib/jython.jar:/home/travis/build/icyphy/ptII/lib/kieler.jar:/home/travis/build/icyphy/ptII/vendors/opencv/share/OpenCV/java/opencv-341.jar:/home/travis/build/icyphy/ptII/lib/oscP5.jar:/home/travis/build/icyphy/ptII/lib/nrjavaserial-3.11.0.devel.jar:/usr/share/java/j3dcore.jar:/usr/share/java/j3dutils.jar:/usr/share/java/vecmath.jar:/home/travis/build/icyphy/ptII/ptolemy/distributed/jini/jar/jini-core.jar:/home/travis/build/icyphy/ptII/ptolemy/distributed/jini/jar/jini-ext.jar:/home/travis/build/icyphy/ptII/ptolemy/distributed/jini/jar/sun-util.jar:/home/travis/build/icyphy/ptII/lib/protobuf-java-2.4.1.jar:/home/travis/build/icyphy/ptII/lib/org.eclipse.paho.client.mqttv3.jar:/home/travis/build/icyphy/ptII/ptserver/lib/hessian-4.0.7.jar:/home/travis/build/icyphy/ptII/ptserver/lib/wmqtt.jar:/home/travis/build/icyphy/ptII/lib/mapss.jar:/home/travis/build/icyphy/ptII/ptolemy/actor/ptalon/antlr/antlr.jar:/home/travis/build/icyphy/ptII/lib/JRI.jar:/home/travis/build/icyphy/ptII/lib/commons-lang-2.6.jar:/home/travis/build/icyphy/ptII/lib/commons-logging-1.1.1.jar:/home/travis/build/icyphy/ptII/lib/sootclasses.jar:/home/travis/build/icyphy/ptII/ptolemy/actor/lib/database/mysql-connector-java-5.1.6-bin.jar:/home/travis/build/icyphy/ptII/vendors/misc/sphinx4/sphinx4-data-5prealpha.jar:/home/travis/build/icyphy/ptII/vendors/misc/sphinx4/sphinx4-core-5prealpha.jar:/home/travis/build/icyphy/ptII/lib/PDFRenderer.jar:/home/travis/build/icyphy/ptII/lib/svgSalamander.jar:/home/travis/build/icyphy/ptII/lib/rsyntaxtextarea-2.6.0-SNAPSHOT.jar:/home/travis/build/icyphy/ptII/lib/hazelcast-3.8.2.jar:/home/travis/build/icyphy/ptII/lib/jackson-annotations-2.9.0.jar:/home/travis/build/icyphy/ptII/lib/jackson-core-2.9.3.jar:/home/travis/build/icyphy/ptII/lib/jackson-databind-2.9.3.jar:/home/travis/build/icyphy/ptII/lib/netty-buffer-4.1.19.Final.jar:/home/travis/build/icyphy/ptII/lib/netty-codec-4.1.19.Final.jar:/home/travis/build/icyphy/ptII/lib/netty-codec-dns-4.1.19.Final.jar:/home/travis/build/icyphy/ptII/lib/netty-codec-http-4.1.19.Final.jar:/home/travis/build/icyphy/ptII/lib/netty-codec-http2-4.1.19.Final.jar:/home/travis/build/icyphy/ptII/lib/netty-common-4.1.19.Final.jar:/home/travis/build/icyphy/ptII/lib/netty-handler-4.1.19.Final.jar:/home/travis/build/icyphy/ptII/lib/netty-resolver-4.1.19.Final.jar:/home/travis/build/icyphy/ptII/lib/netty-resolver-dns-4.1.19.Final.jar:/home/travis/build/icyphy/ptII/lib/netty-transport-4.1.19.Final.jar:/home/travis/build/icyphy/ptII/lib/vertx-codegen-3.5.1.jar:/home/travis/build/icyphy/ptII/lib/vertx-core-3.5.1.jar:/home/travis/build/icyphy/ptII/lib/vertx-hazelcast-3.5.1.jar:/home/travis/build/icyphy/ptII/lib/vertx-lang-js-3.5.1.jar:/home/travis/build/icyphy/ptII/lib/vertx-service-proxy-3.5.1.jar:/home/travis/build/icyphy/ptII/lib/vertx-web-3.5.1.jar:/home/travis/build/icyphy/ptII/lib/slf4j-api-1.7.13.jar:/home/travis/build/icyphy/ptII/lib/slf4j-simple-1.7.13.jar:/home/travis/build/icyphy/ptII/lib/webcam-capture-0.3.12.jar:/home/travis/build/icyphy/ptII/lib/bridj-0.7.0.jar:/home/travis/build/icyphy/ptII/lib/xbjlib-1.1.0.nrjavaserial.jar:/home/travis/build/icyphy/ptII/ptolemy/moml/test:/home/travis/build/icyphy/ptII/ant/lib/ant-launcher.jar:/home/travis/build/icyphy/ptII/ant/lib/ant.jar:/home/travis/build/icyphy/ptII/ant/lib/ant-junit.jar:/home/travis/build/icyphy/ptII/ant/lib/ant-junit4.jar" />
    <property name="ant.library.dir" value="/home/travis/build/icyphy/ptII/ant/lib" />
    <property name="os.arch" value="amd64" />
    <property name="env.TRAVIS_LANGUAGE" value="node_js" />
    <property name="env.CONTINUOUS_INTEGRATION" value="true" />
    <property name="env.TRAVIS_STACK_LANGUAGES" value="__garnet__ c c++ clojure cplusplus cpp default go groovy java node_js php pure_java python ruby scala" />
    <property name="test.name" value="ptolemy.actor.lib.test.junit.JUnitTclTest" />
    <property name="sun.java.launcher" value="SUN_STANDARD" />
    <property name="env.PYTHON_CONFIGURE_OPTS" value="--enable-unicode=ucs4 --with-wide-unicode --enable-shared --enable-ipv6 --enable-loadable-sqlite-extensions --with-computed-gotos" />
    <property name="ant.core.lib" value="/home/travis/build/icyphy/ptII/ant/lib/ant.jar" />
    <property name="java.vm.specification.vendor" value="Oracle Corporation" />
    <property name="env.BCVTB_HOME" value="/home/travis/build/icyphy/ptII/lbnl" />
    <property name="file.separator" value="/" />
    <property name="java.runtime.version" value="1.8.0_151-b12" />
    <property name="spotbugs.home" value="/home/travis/build/icyphy/ptII/vendors/spotbugs-3.1.1" />
    <property name="sun.boot.class.path" value="/usr/lib/jvm/java-8-oracle/jre/lib/resources.jar:/usr/lib/jvm/java-8-oracle/jre/lib/rt.jar:/usr/lib/jvm/java-8-oracle/jre/lib/sunrsasign.jar:/usr/lib/jvm/java-8-oracle/jre/lib/jsse.jar:/usr/lib/jvm/java-8-oracle/jre/lib/jce.jar:/usr/lib/jvm/java-8-oracle/jre/lib/charsets.jar:/usr/lib/jvm/java-8-oracle/jre/lib/jfr.jar:/usr/lib/jvm/java-8-oracle/jre/classes" />
    <property name="env.HAS_JOSH_K_SEAL_OF_APPROVAL" value="true" />
    <property name="env.TRAVIS_OSX_IMAGE" value="" />
    <property name="env.XDG_RUNTIME_DIR" value="/run/user/2000" />
    <property name="env.TRAVIS_BRANCH" value="master" />
    <property name="env.TRAVIS_JOB_ID" value="374002658" />
    <property name="env.CERTI_HOME_TRAVIS" value="/home/travis/pthla/certi-tools" />
    <property name="user.country" value="US" />
    <property name="env.SHELL" value="/bin/bash" />
    <property name="java.maxmemory.large" value="5000m" />
    <property name="model" value="" />
    <property name="env.CASHER_DIR" value="/home/travis/.casher" />
    <property name="env.NVM_CD_FLAGS" value="" />
    <property name="jshint.executable" value="/home/travis/node_modules/jshint/bin/jshint" />
    <property name="java.vendor" value="Oracle Corporation" />
    <property name="env.JRUBY_OPTS" value=" --client -J-XX:+TieredCompilation -J-XX:TieredStopAtLevel=1 -J-Xss2m -Xcompile.invokedynamic=false" />
    <property name="env.TRAVIS_PRE_CHEF_BOOTSTRAP_TIME" value="2017-12-05T19:32:55" />
    <property name="env.TRAVIS_STACK_JOB_BOARD_REGISTER" value="/.job-board-register.yml" />
    <property name="env.ELIXIR_VERSION" value="1.4.5" />
    <property name="java.specification.version" value="1.8" />
    <property name="env.IRBRC" value="/home/travis/.rvm/rubies/ruby-2.4.1/.irbrc" />
    <property name="env.TRAVIS" value="true" />
    <property name="sun.arch.data.model" value="64" />
  </properties>
  <testcase classname="ptolemy.util.test.junit.TclTests" name="[0] ThereAreNoTclTests (RunTclFile)" time="0.002" />
  <testcase classname="ptolemy.util.test.junit.AutoKnownFailedTests" name="[0] ThereAreNoKnowFailedTests (RunModel)" time="0.001" />
  <testcase classname="ptolemy.util.test.junit.AutoNameArchTests" name="[0] ThereAreNoAutoTests (RunModel)" time="0.004" />
  <testcase classname="ptolemy.util.test.junit.AutoTests" name="[0] /home/travis/build/icyphy/ptII/ptolemy/data/ontologies/test/auto/BackwardResolutionShouldInferBackwards.xml (RunModel)" time="0.391" />
  <testcase classname="ptolemy.util.test.junit.AutoTests" name="[1] /home/travis/build/icyphy/ptII/ptolemy/data/ontologies/test/auto/BackwardResolutionShouldInferBackwards2.xml (RunModel)" time="0.108" />
  <testcase classname="ptolemy.util.test.junit.AutoTests" name="[2] /home/travis/build/icyphy/ptII/ptolemy/data/ontologies/test/auto/BackwardResolutionShouldntInferForwards.xml (RunModel)" time="0.129" />
  <testcase classname="ptolemy.util.test.junit.AutoTests" name="[3] /home/travis/build/icyphy/ptII/ptolemy/data/ontologies/test/auto/BooleanSwitchDemoProductLattice.xml (RunModel)" time="1.739" />
  <testcase classname="ptolemy.util.test.junit.AutoTests" name="[4] /home/travis/build/icyphy/ptII/ptolemy/data/ontologies/test/auto/CarTracking.xml (RunModel)" time="4.009" />
  <testcase classname="ptolemy.util.test.junit.AutoTests" name="[5] /home/travis/build/icyphy/ptII/ptolemy/data/ontologies/test/auto/Const.xml (RunModel)" time="0.16" />
  <testcase classname="ptolemy.util.test.junit.AutoTests" name="[6] /home/travis/build/icyphy/ptII/ptolemy/data/ontologies/test/auto/ConstAbstractInterpretation.xml (RunModel)" time="0.1" />
  <testcase classname="ptolemy.util.test.junit.AutoTests" name="[7] /home/travis/build/icyphy/ptII/ptolemy/data/ontologies/test/auto/ConstMultiplyDivideDemoProductLattice.xml (RunModel)" time="0.359" />
  <testcase classname="ptolemy.util.test.junit.AutoTests" name="[8] /home/travis/build/icyphy/ptII/ptolemy/data/ontologies/test/auto/ConstNonconst.xml (RunModel)" time="0.075" />
  <testcase classname="ptolemy.util.test.junit.AutoTests" name="[9] /home/travis/build/icyphy/ptII/ptolemy/data/ontologies/test/auto/ConstScaleDemoProductLattice.xml (RunModel)" time="0.343" />
  <testcase classname="ptolemy.util.test.junit.AutoTests" name="[10] /home/travis/build/icyphy/ptII/ptolemy/data/ontologies/test/auto/DeltaConstraintTest.xml (RunModel)" time="0.108" />
  <testcase classname="ptolemy.util.test.junit.AutoTests" name="[11] /home/travis/build/icyphy/ptII/ptolemy/data/ontologies/test/auto/DerivedUnitConceptTestCase.xml (RunModel)" time="0.137" />
  <testcase classname="ptolemy.util.test.junit.AutoTests" name="[12] /home/travis/build/icyphy/ptII/ptolemy/data/ontologies/test/auto/ExceptionAnalysisUsingManager.xml (RunModel)" time="0.09" />
  <testcase classname="ptolemy.util.test.junit.AutoTests" name="[13] /home/travis/build/icyphy/ptII/ptolemy/data/ontologies/test/auto/GreatestFixedPoint.xml (RunModel)" time="0.048" />
  <testcase classname="ptolemy.util.test.junit.AutoTests" name="[14] /home/travis/build/icyphy/ptII/ptolemy/data/ontologies/test/auto/InequalityExpression.xml (RunModel)" time="0.05" />
  <testcase classname="ptolemy.util.test.junit.AutoTests" name="[15] /home/travis/build/icyphy/ptII/ptolemy/data/ontologies/test/auto/IntegratorBackwardInference.xml (RunModel)" time="0.041" />
  <testcase classname="ptolemy.util.test.junit.AutoTests" name="[16] /home/travis/build/icyphy/ptII/ptolemy/data/ontologies/test/auto/IntegratorBidirectionalInference.xml (RunModel)" time="0.052" />
  <testcase classname="ptolemy.util.test.junit.AutoTests" name="[17] /home/travis/build/icyphy/ptII/ptolemy/data/ontologies/test/auto/IntegratorForwardInference.xml (RunModel)" time="0.052" />
  <testcase classname="ptolemy.util.test.junit.AutoTests" name="[18] /home/travis/build/icyphy/ptII/ptolemy/data/ontologies/test/auto/IntegratorInferBackwardForward.xml (RunModel)" time="0.058" />
  <testcase classname="ptolemy.util.test.junit.AutoTests" name="[19] /home/travis/build/icyphy/ptII/ptolemy/data/ontologies/test/auto/LeastUpperBoundConstraint.xml (RunModel)" time="0.038" />
  <testcase classname="ptolemy.util.test.junit.AutoTests" name="[20] /home/travis/build/icyphy/ptII/ptolemy/data/ontologies/test/auto/MonotonicityAnalysis.xml (RunModel)" time="0.139" />
  <testcase classname="ptolemy.util.test.junit.AutoTests" name="[21] /home/travis/build/icyphy/ptII/ptolemy/data/ontologies/test/auto/MultiplyDivideUnits.xml (RunModel)" time="0.212" />
  <testcase classname="ptolemy.util.test.junit.AutoTests" name="[22] /home/travis/build/icyphy/ptII/ptolemy/data/ontologies/test/auto/NestedRecordTest.xml (RunModel)" time="0.089" />
  <testcase classname="ptolemy.util.test.junit.AutoTests" name="[23] /home/travis/build/icyphy/ptII/ptolemy/data/ontologies/test/auto/Observable.xml (RunModel)" time="0.067" />
  <testcase classname="ptolemy.util.test.junit.AutoTests" name="[24] /home/travis/build/icyphy/ptII/ptolemy/data/ontologies/test/auto/ProductLatticeRecordConceptTest.xml (RunModel)" time="0.265" />
  <testcase classname="ptolemy.util.test.junit.AutoTests" name="[25] /home/travis/build/icyphy/ptII/ptolemy/data/ontologies/test/auto/ProductLatticeWithConstantPropagation.xml (RunModel)" time="0.691" />
  <testcase classname="ptolemy.util.test.junit.AutoTests" name="[26] /home/travis/build/icyphy/ptII/ptolemy/data/ontologies/test/auto/RecordBidirectionalMissingFieldOnOneSideTest.xml (RunModel)" time="0.083" />
  <testcase classname="ptolemy.util.test.junit.AutoTests" name="[27] /home/travis/build/icyphy/ptII/ptolemy/data/ontologies/test/auto/RecordBidirectionalNoCommonFields.xml (RunModel)" time="0.07" />
  <testcase classname="ptolemy.util.test.junit.AutoTests" name="[28] /home/travis/build/icyphy/ptII/ptolemy/data/ontologies/test/auto/RecordBidirectionalUnmatched.xml (RunModel)" time="0.08" />
  <testcase classname="ptolemy.util.test.junit.AutoTests" name="[29] /home/travis/build/icyphy/ptII/ptolemy/data/ontologies/test/auto/RecordForwardInference.xml (RunModel)" time="0.081" />
  <testcase classname="ptolemy.util.test.junit.AutoTests" name="[30] /home/travis/build/icyphy/ptII/ptolemy/data/ontologies/test/auto/SIUnitExample.xml (RunModel)" time="0.295" />
  <testcase classname="ptolemy.util.test.junit.AutoTests" name="[31] /home/travis/build/icyphy/ptII/ptolemy/data/ontologies/test/auto/SIUnitExampleMultiport.xml (RunModel)" time="0.207" />
  <testcase classname="ptolemy.util.test.junit.AutoTests" name="[32] /home/travis/build/icyphy/ptII/ptolemy/data/ontologies/test/auto/SimpleConstPropagation.xml (RunModel)" time="0.113" />
  <testcase classname="ptolemy.util.test.junit.AutoTests" name="[33] /home/travis/build/icyphy/ptII/ptolemy/data/ontologies/test/auto/SimpleNonconstDemo.xml (RunModel)" time="0.084" />
  <testcase classname="ptolemy.util.test.junit.AutoTests" name="[34] /home/travis/build/icyphy/ptII/ptolemy/data/ontologies/test/auto/TemperatureUnits.xml (RunModel)" time="0.18" />
  <testcase classname="ptolemy.util.test.junit.AutoTests" name="[35] /home/travis/build/icyphy/ptII/ptolemy/data/ontologies/test/auto/TimeUnitIntegration.xml (RunModel)" time="0.124" />
  <testcase classname="ptolemy.util.test.junit.AutoTests" name="[36] /home/travis/build/icyphy/ptII/ptolemy/data/ontologies/test/auto/UnitSystemExample.xml (RunModel)" time="0.312" />
  <system-out><![CDATA[No tcl tests in /home/travis/build/icyphy/ptII/ptolemy/data/ontologies/test
No auto/knownFailedTests/*.xml tests in /home/travis/build/icyphy/ptII/ptolemy/data/ontologies/test
No auto/*.xml tests in /home/travis/build/icyphy/ptII/ptolemy/data/ontologies/test
AutoTests.java: About to close Vertx.
AutoTests.java: Vertx closed.
----------------- testing Wed May 02 16:15:07 UTC 2018 /home/travis/build/icyphy/ptII/ptolemy/data/ontologies/test/auto/BackwardResolutionShouldInferBackwards.xml
----------------- Instantiating /home/travis/build/icyphy/ptII/ptolemy/data/ontologies/test/auto/BackwardResolutionShouldInferBackwards.xml
105 ms. Memory: 146944K Free: 134055K (91%)
----------------- Invoking toplevel() on ptolemy.moml.MoMLSimpleApplication@9f1d1d
----------------- Done invoking toplevel() on ptolemy.moml.MoMLSimpleApplication@9f1d1d
reloadAllAccessors: .BackwardResolutionShouldInferBackwards
----------------- testing Wed May 02 16:15:07 UTC 2018 /home/travis/build/icyphy/ptII/ptolemy/data/ontologies/test/auto/BackwardResolutionShouldInferBackwards2.xml
----------------- Instantiating /home/travis/build/icyphy/ptII/ptolemy/data/ontologies/test/auto/BackwardResolutionShouldInferBackwards2.xml
33 ms. Memory: 146944K Free: 116585K (79%)
----------------- Invoking toplevel() on ptolemy.moml.MoMLSimpleApplication@7e3ade36
----------------- Done invoking toplevel() on ptolemy.moml.MoMLSimpleApplication@7e3ade36
reloadAllAccessors: .BackwardResolutionShouldInferBackwards2
----------------- testing Wed May 02 16:15:07 UTC 2018 /home/travis/build/icyphy/ptII/ptolemy/data/ontologies/test/auto/BackwardResolutionShouldntInferForwards.xml
----------------- Instantiating /home/travis/build/icyphy/ptII/ptolemy/data/ontologies/test/auto/BackwardResolutionShouldntInferForwards.xml
32 ms. Memory: 146944K Free: 103051K (70%)
----------------- Invoking toplevel() on ptolemy.moml.MoMLSimpleApplication@492a1800
----------------- Done invoking toplevel() on ptolemy.moml.MoMLSimpleApplication@492a1800
reloadAllAccessors: .BackwardResolutionShouldntInferForwards
----------------- testing Wed May 02 16:15:07 UTC 2018 /home/travis/build/icyphy/ptII/ptolemy/data/ontologies/test/auto/BooleanSwitchDemoProductLattice.xml
----------------- Instantiating /home/travis/build/icyphy/ptII/ptolemy/data/ontologies/test/auto/BooleanSwitchDemoProductLattice.xml
1062 ms. Memory: 332800K Free: 200824K (60%)
----------------- Invoking toplevel() on ptolemy.moml.MoMLSimpleApplication@22c9634b
----------------- Done invoking toplevel() on ptolemy.moml.MoMLSimpleApplication@22c9634b
reloadAllAccessors: .BooleanSwitchDemoProductLattice
----------------- testing Wed May 02 16:15:09 UTC 2018 /home/travis/build/icyphy/ptII/ptolemy/data/ontologies/test/auto/CarTracking.xml
----------------- Instantiating /home/travis/build/icyphy/ptII/ptolemy/data/ontologies/test/auto/CarTracking.xml
3460 ms. Memory: 578560K Free: 537518K (93%)
----------------- Invoking toplevel() on ptolemy.moml.MoMLSimpleApplication@5f85f766
----------------- Done invoking toplevel() on ptolemy.moml.MoMLSimpleApplication@5f85f766
reloadAllAccessors: .CarTracking
----------------- testing Wed May 02 16:15:13 UTC 2018 /home/travis/build/icyphy/ptII/ptolemy/data/ontologies/test/auto/Const.xml
----------------- Instantiating /home/travis/build/icyphy/ptII/ptolemy/data/ontologies/test/auto/Const.xml
86 ms. Memory: 578560K Free: 481177K (83%)
----------------- Invoking toplevel() on ptolemy.moml.MoMLSimpleApplication@8dae032
----------------- Done invoking toplevel() on ptolemy.moml.MoMLSimpleApplication@8dae032
reloadAllAccessors: .Const
----------------- testing Wed May 02 16:15:13 UTC 2018 /home/travis/build/icyphy/ptII/ptolemy/data/ontologies/test/auto/ConstAbstractInterpretation.xml
----------------- Instantiating /home/travis/build/icyphy/ptII/ptolemy/data/ontologies/test/auto/ConstAbstractInterpretation.xml
65 ms. Memory: 578560K Free: 446731K (77%)
----------------- Invoking toplevel() on ptolemy.moml.MoMLSimpleApplication@30a797d0
----------------- Done invoking toplevel() on ptolemy.moml.MoMLSimpleApplication@30a797d0
reloadAllAccessors: .ConstAbstractInterpretation
----------------- testing Wed May 02 16:15:13 UTC 2018 /home/travis/build/icyphy/ptII/ptolemy/data/ontologies/test/auto/ConstMultiplyDivideDemoProductLattice.xml
----------------- Instantiating /home/travis/build/icyphy/ptII/ptolemy/data/ontologies/test/auto/ConstMultiplyDivideDemoProductLattice.xml
205 ms. Memory: 578560K Free: 289322K (50%)
----------------- Invoking toplevel() on ptolemy.moml.MoMLSimpleApplication@27b27f37
----------------- Done invoking toplevel() on ptolemy.moml.MoMLSimpleApplication@27b27f37
reloadAllAccessors: .ConstMultiplyDivideDemoProductLattice
----------------- testing Wed May 02 16:15:14 UTC 2018 /home/travis/build/icyphy/ptII/ptolemy/data/ontologies/test/auto/ConstNonconst.xml
----------------- Instantiating /home/travis/build/icyphy/ptII/ptolemy/data/ontologies/test/auto/ConstNonconst.xml
44 ms. Memory: 578560K Free: 254899K (44%)
----------------- Invoking toplevel() on ptolemy.moml.MoMLSimpleApplication@57fec120
----------------- Done invoking toplevel() on ptolemy.moml.MoMLSimpleApplication@57fec120
reloadAllAccessors: .ConstNonconst
----------------- testing Wed May 02 16:15:14 UTC 2018 /home/travis/build/icyphy/ptII/ptolemy/data/ontologies/test/auto/ConstScaleDemoProductLattice.xml
----------------- Instantiating /home/travis/build/icyphy/ptII/ptolemy/data/ontologies/test/auto/ConstScaleDemoProductLattice.xml
266 ms. Memory: 578560K Free: 92614K (16%)
----------------- Invoking toplevel() on ptolemy.moml.MoMLSimpleApplication@1b5a381c
----------------- Done invoking toplevel() on ptolemy.moml.MoMLSimpleApplication@1b5a381c
reloadAllAccessors: .ConstScaleDemoProductLattice
----------------- testing Wed May 02 16:15:14 UTC 2018 /home/travis/build/icyphy/ptII/ptolemy/data/ontologies/test/auto/DeltaConstraintTest.xml
----------------- Instantiating /home/travis/build/icyphy/ptII/ptolemy/data/ontologies/test/auto/DeltaConstraintTest.xml
67 ms. Memory: 873984K Free: 845428K (97%)
----------------- Invoking toplevel() on ptolemy.moml.MoMLSimpleApplication@2264be14
----------------- Done invoking toplevel() on ptolemy.moml.MoMLSimpleApplication@2264be14
reloadAllAccessors: .DeltaConstraintTest
----------------- testing Wed May 02 16:15:14 UTC 2018 /home/travis/build/icyphy/ptII/ptolemy/data/ontologies/test/auto/DerivedUnitConceptTestCase.xml
----------------- Instantiating /home/travis/build/icyphy/ptII/ptolemy/data/ontologies/test/auto/DerivedUnitConceptTestCase.xml
45 ms. Memory: 873984K Free: 801301K (92%)
----------------- Invoking toplevel() on ptolemy.moml.MoMLSimpleApplication@1031b536
----------------- Done invoking toplevel() on ptolemy.moml.MoMLSimpleApplication@1031b536
reloadAllAccessors: .DerivedUnitConceptTestCase
----------------- testing Wed May 02 16:15:14 UTC 2018 /home/travis/build/icyphy/ptII/ptolemy/data/ontologies/test/auto/ExceptionAnalysisUsingManager.xml
----------------- Instantiating /home/travis/build/icyphy/ptII/ptolemy/data/ontologies/test/auto/ExceptionAnalysisUsingManager.xml
12 ms. Memory: 873984K Free: 780313K (89%)
----------------- Invoking toplevel() on ptolemy.moml.MoMLSimpleApplication@631833f2
----------------- Done invoking toplevel() on ptolemy.moml.MoMLSimpleApplication@631833f2
reloadAllAccessors: .ExceptionAnalysisUsingManager
----------------- testing Wed May 02 16:15:14 UTC 2018 /home/travis/build/icyphy/ptII/ptolemy/data/ontologies/test/auto/GreatestFixedPoint.xml
----------------- Instantiating /home/travis/build/icyphy/ptII/ptolemy/data/ontologies/test/auto/GreatestFixedPoint.xml
11 ms. Memory: 873984K Free: 754099K (86%)
----------------- Invoking toplevel() on ptolemy.moml.MoMLSimpleApplication@7720b53b
----------------- Done invoking toplevel() on ptolemy.moml.MoMLSimpleApplication@7720b53b
reloadAllAccessors: .GreatestFixedPoint
----------------- testing Wed May 02 16:15:14 UTC 2018 /home/travis/build/icyphy/ptII/ptolemy/data/ontologies/test/auto/InequalityExpression.xml
----------------- Instantiating /home/travis/build/icyphy/ptII/ptolemy/data/ontologies/test/auto/InequalityExpression.xml
19 ms. Memory: 873984K Free: 738362K (84%)
----------------- Invoking toplevel() on ptolemy.moml.MoMLSimpleApplication@17dc56dd
----------------- Done invoking toplevel() on ptolemy.moml.MoMLSimpleApplication@17dc56dd
reloadAllAccessors: .InequalityExpression
----------------- testing Wed May 02 16:15:14 UTC 2018 /home/travis/build/icyphy/ptII/ptolemy/data/ontologies/test/auto/IntegratorBackwardInference.xml
----------------- Instantiating /home/travis/build/icyphy/ptII/ptolemy/data/ontologies/test/auto/IntegratorBackwardInference.xml
19 ms. Memory: 873984K Free: 722617K (83%)
----------------- Invoking toplevel() on ptolemy.moml.MoMLSimpleApplication@3c26d78a
----------------- Done invoking toplevel() on ptolemy.moml.MoMLSimpleApplication@3c26d78a
reloadAllAccessors: .IntegratorBackwardInference
----------------- testing Wed May 02 16:15:15 UTC 2018 /home/travis/build/icyphy/ptII/ptolemy/data/ontologies/test/auto/IntegratorBidirectionalInference.xml
----------------- Instantiating /home/travis/build/icyphy/ptII/ptolemy/data/ontologies/test/auto/IntegratorBidirectionalInference.xml
22 ms. Memory: 873984K Free: 706888K (81%)
----------------- Invoking toplevel() on ptolemy.moml.MoMLSimpleApplication@cd7c374
----------------- Done invoking toplevel() on ptolemy.moml.MoMLSimpleApplication@cd7c374
reloadAllAccessors: .IntegratorBidirectionalInference
----------------- testing Wed May 02 16:15:15 UTC 2018 /home/travis/build/icyphy/ptII/ptolemy/data/ontologies/test/auto/IntegratorForwardInference.xml
----------------- Instantiating /home/travis/build/icyphy/ptII/ptolemy/data/ontologies/test/auto/IntegratorForwardInference.xml
18 ms. Memory: 873984K Free: 691144K (79%)
----------------- Invoking toplevel() on ptolemy.moml.MoMLSimpleApplication@2e26a592
----------------- Done invoking toplevel() on ptolemy.moml.MoMLSimpleApplication@2e26a592
reloadAllAccessors: .IntegratorForwardInference
----------------- testing Wed May 02 16:15:15 UTC 2018 /home/travis/build/icyphy/ptII/ptolemy/data/ontologies/test/auto/IntegratorInferBackwardForward.xml
----------------- Instantiating /home/travis/build/icyphy/ptII/ptolemy/data/ontologies/test/auto/IntegratorInferBackwardForward.xml
35 ms. Memory: 873984K Free: 659662K (75%)
----------------- Invoking toplevel() on ptolemy.moml.MoMLSimpleApplication@3fe82e7c
----------------- Done invoking toplevel() on ptolemy.moml.MoMLSimpleApplication@3fe82e7c
reloadAllAccessors: .IntegratorInferBackwardForward
----------------- testing Wed May 02 16:15:15 UTC 2018 /home/travis/build/icyphy/ptII/ptolemy/data/ontologies/test/auto/LeastUpperBoundConstraint.xml
----------------- Instantiating /home/travis/build/icyphy/ptII/ptolemy/data/ontologies/test/auto/LeastUpperBoundConstraint.xml
24 ms. Memory: 873984K Free: 643933K (74%)
----------------- Invoking toplevel() on ptolemy.moml.MoMLSimpleApplication@503107ae
----------------- Done invoking toplevel() on ptolemy.moml.MoMLSimpleApplication@503107ae
reloadAllAccessors: .LeastUpperBoundConstraint
----------------- testing Wed May 02 16:15:15 UTC 2018 /home/travis/build/icyphy/ptII/ptolemy/data/ontologies/test/auto/MonotonicityAnalysis.xml
----------------- Instantiating /home/travis/build/icyphy/ptII/ptolemy/data/ontologies/test/auto/MonotonicityAnalysis.xml
89 ms. Memory: 873984K Free: 601950K (69%)
----------------- Invoking toplevel() on ptolemy.moml.MoMLSimpleApplication@565a50f5
----------------- Done invoking toplevel() on ptolemy.moml.MoMLSimpleApplication@565a50f5
reloadAllAccessors: .MonotonicityAnalysis
----------------- testing Wed May 02 16:15:15 UTC 2018 /home/travis/build/icyphy/ptII/ptolemy/data/ontologies/test/auto/MultiplyDivideUnits.xml
----------------- Instantiating /home/travis/build/icyphy/ptII/ptolemy/data/ontologies/test/auto/MultiplyDivideUnits.xml
87 ms. Memory: 873984K Free: 491744K (56%)
----------------- Invoking toplevel() on ptolemy.moml.MoMLSimpleApplication@259a5adb
----------------- Done invoking toplevel() on ptolemy.moml.MoMLSimpleApplication@259a5adb
reloadAllAccessors: .MultiplyDivideUnits
----------------- testing Wed May 02 16:15:15 UTC 2018 /home/travis/build/icyphy/ptII/ptolemy/data/ontologies/test/auto/NestedRecordTest.xml
----------------- Instantiating /home/travis/build/icyphy/ptII/ptolemy/data/ontologies/test/auto/NestedRecordTest.xml
50 ms. Memory: 873984K Free: 439274K (50%)
----------------- Invoking toplevel() on ptolemy.moml.MoMLSimpleApplication@3bad021f
----------------- Done invoking toplevel() on ptolemy.moml.MoMLSimpleApplication@3bad021f
reloadAllAccessors: .NestedRecordTest
----------------- testing Wed May 02 16:15:15 UTC 2018 /home/travis/build/icyphy/ptII/ptolemy/data/ontologies/test/auto/Observable.xml
----------------- Instantiating /home/travis/build/icyphy/ptII/ptolemy/data/ontologies/test/auto/Observable.xml
23 ms. Memory: 873984K Free: 413052K (47%)
----------------- Invoking toplevel() on ptolemy.moml.MoMLSimpleApplication@3489712d
----------------- Done invoking toplevel() on ptolemy.moml.MoMLSimpleApplication@3489712d
reloadAllAccessors: .Observable
----------------- testing Wed May 02 16:15:15 UTC 2018 /home/travis/build/icyphy/ptII/ptolemy/data/ontologies/test/auto/ProductLatticeRecordConceptTest.xml
----------------- Instantiating /home/travis/build/icyphy/ptII/ptolemy/data/ontologies/test/auto/ProductLatticeRecordConceptTest.xml
230 ms. Memory: 873984K Free: 302934K (35%)
----------------- Invoking toplevel() on ptolemy.moml.MoMLSimpleApplication@e1dc788
----------------- Done invoking toplevel() on ptolemy.moml.MoMLSimpleApplication@e1dc788
reloadAllAccessors: .ProductLatticeRecordConceptTest
----------------- testing Wed May 02 16:15:16 UTC 2018 /home/travis/build/icyphy/ptII/ptolemy/data/ontologies/test/auto/ProductLatticeWithConstantPropagation.xml
----------------- Instantiating /home/travis/build/icyphy/ptII/ptolemy/data/ontologies/test/auto/ProductLatticeWithConstantPropagation.xml
519 ms. Memory: 873984K Free: 787657K (90%)
----------------- Invoking toplevel() on ptolemy.moml.MoMLSimpleApplication@6d65d92a
----------------- Done invoking toplevel() on ptolemy.moml.MoMLSimpleApplication@6d65d92a
reloadAllAccessors: .ProductLatticeWithConstantPropagation
----------------- testing Wed May 02 16:15:16 UTC 2018 /home/travis/build/icyphy/ptII/ptolemy/data/ontologies/test/auto/RecordBidirectionalMissingFieldOnOneSideTest.xml
----------------- Instantiating /home/travis/build/icyphy/ptII/ptolemy/data/ontologies/test/auto/RecordBidirectionalMissingFieldOnOneSideTest.xml
57 ms. Memory: 873984K Free: 742816K (85%)
----------------- Invoking toplevel() on ptolemy.moml.MoMLSimpleApplication@114e36d8
----------------- Done invoking toplevel() on ptolemy.moml.MoMLSimpleApplication@114e36d8
reloadAllAccessors: .RecordBidirectionalMissingFieldOnOneSideTest
----------------- testing Wed May 02 16:15:16 UTC 2018 /home/travis/build/icyphy/ptII/ptolemy/data/ontologies/test/auto/RecordBidirectionalNoCommonFields.xml
----------------- Instantiating /home/travis/build/icyphy/ptII/ptolemy/data/ontologies/test/auto/RecordBidirectionalNoCommonFields.xml
36 ms. Memory: 873984K Free: 711252K (81%)
----------------- Invoking toplevel() on ptolemy.moml.MoMLSimpleApplication@59d13cee
----------------- Done invoking toplevel() on ptolemy.moml.MoMLSimpleApplication@59d13cee
reloadAllAccessors: .RecordBidirectionalNoCommonFields
----------------- testing Wed May 02 16:15:16 UTC 2018 /home/travis/build/icyphy/ptII/ptolemy/data/ontologies/test/auto/RecordBidirectionalUnmatched.xml
----------------- Instantiating /home/travis/build/icyphy/ptII/ptolemy/data/ontologies/test/auto/RecordBidirectionalUnmatched.xml
48 ms. Memory: 873984K Free: 671898K (77%)
----------------- Invoking toplevel() on ptolemy.moml.MoMLSimpleApplication@66f7826d
----------------- Done invoking toplevel() on ptolemy.moml.MoMLSimpleApplication@66f7826d
reloadAllAccessors: .RecordBidirectionalUnmatched
----------------- testing Wed May 02 16:15:16 UTC 2018 /home/travis/build/icyphy/ptII/ptolemy/data/ontologies/test/auto/RecordForwardInference.xml
----------------- Instantiating /home/travis/build/icyphy/ptII/ptolemy/data/ontologies/test/auto/RecordForwardInference.xml
57 ms. Memory: 873984K Free: 636491K (73%)
----------------- Invoking toplevel() on ptolemy.moml.MoMLSimpleApplication@68cb5173
----------------- Done invoking toplevel() on ptolemy.moml.MoMLSimpleApplication@68cb5173
reloadAllAccessors: .RecordForwardInference
----------------- testing Wed May 02 16:15:17 UTC 2018 /home/travis/build/icyphy/ptII/ptolemy/data/ontologies/test/auto/SIUnitExample.xml
----------------- Instantiating /home/travis/build/icyphy/ptII/ptolemy/data/ontologies/test/auto/SIUnitExample.xml
91 ms. Memory: 873984K Free: 490879K (56%)
----------------- Invoking toplevel() on ptolemy.moml.MoMLSimpleApplication@5d23546e
----------------- Done invoking toplevel() on ptolemy.moml.MoMLSimpleApplication@5d23546e
reloadAllAccessors: .SIUnitExample
----------------- testing Wed May 02 16:15:17 UTC 2018 /home/travis/build/icyphy/ptII/ptolemy/data/ontologies/test/auto/SIUnitExampleMultiport.xml
----------------- Instantiating /home/travis/build/icyphy/ptII/ptolemy/data/ontologies/test/auto/SIUnitExampleMultiport.xml
86 ms. Memory: 873984K Free: 392454K (45%)
----------------- Invoking toplevel() on ptolemy.moml.MoMLSimpleApplication@665433fe
----------------- Done invoking toplevel() on ptolemy.moml.MoMLSimpleApplication@665433fe
reloadAllAccessors: .SIUnitExampleMultiport
----------------- testing Wed May 02 16:15:17 UTC 2018 /home/travis/build/icyphy/ptII/ptolemy/data/ontologies/test/auto/SimpleConstPropagation.xml
----------------- Instantiating /home/travis/build/icyphy/ptII/ptolemy/data/ontologies/test/auto/SimpleConstPropagation.xml
45 ms. Memory: 873984K Free: 341287K (39%)
----------------- Invoking toplevel() on ptolemy.moml.MoMLSimpleApplication@62eb4977
----------------- Done invoking toplevel() on ptolemy.moml.MoMLSimpleApplication@62eb4977
reloadAllAccessors: .SimpleConstPropagation
----------------- testing Wed May 02 16:15:17 UTC 2018 /home/travis/build/icyphy/ptII/ptolemy/data/ontologies/test/auto/SimpleNonconstDemo.xml
----------------- Instantiating /home/travis/build/icyphy/ptII/ptolemy/data/ontologies/test/auto/SimpleNonconstDemo.xml
48 ms. Memory: 873984K Free: 297993K (34%)
----------------- Invoking toplevel() on ptolemy.moml.MoMLSimpleApplication@34350bab
----------------- Done invoking toplevel() on ptolemy.moml.MoMLSimpleApplication@34350bab
reloadAllAccessors: .SimpleNonconstDemo
----------------- testing Wed May 02 16:15:17 UTC 2018 /home/travis/build/icyphy/ptII/ptolemy/data/ontologies/test/auto/TemperatureUnits.xml
----------------- Instantiating /home/travis/build/icyphy/ptII/ptolemy/data/ontologies/test/auto/TemperatureUnits.xml
68 ms. Memory: 873984K Free: 193449K (22%)
----------------- Invoking toplevel() on ptolemy.moml.MoMLSimpleApplication@34c3f593
----------------- Done invoking toplevel() on ptolemy.moml.MoMLSimpleApplication@34c3f593
reloadAllAccessors: .TemperatureUnits
----------------- testing Wed May 02 16:15:17 UTC 2018 /home/travis/build/icyphy/ptII/ptolemy/data/ontologies/test/auto/TimeUnitIntegration.xml
----------------- Instantiating /home/travis/build/icyphy/ptII/ptolemy/data/ontologies/test/auto/TimeUnitIntegration.xml
93 ms. Memory: 873984K Free: 138334K (16%)
----------------- Invoking toplevel() on ptolemy.moml.MoMLSimpleApplication@63e93b96
----------------- Done invoking toplevel() on ptolemy.moml.MoMLSimpleApplication@63e93b96
reloadAllAccessors: .TimeUnitIntegration
----------------- testing Wed May 02 16:15:18 UTC 2018 /home/travis/build/icyphy/ptII/ptolemy/data/ontologies/test/auto/UnitSystemExample.xml
----------------- Instantiating /home/travis/build/icyphy/ptII/ptolemy/data/ontologies/test/auto/UnitSystemExample.xml
95 ms. Memory: 1346048K Free: 1218343K (91%)
----------------- Invoking toplevel() on ptolemy.moml.MoMLSimpleApplication@19f64acf
----------------- Done invoking toplevel() on ptolemy.moml.MoMLSimpleApplication@19f64acf
reloadAllAccessors: .UnitSystemExample
AutoTests.java: About to close Vertx.
AutoTests.java: Vertx closed.
]]></system-out>
  <system-err><![CDATA[]]></system-err>
</testsuite>
