<?xml version="1.0" encoding="UTF-8" ?>
<testsuite errors="0" failures="0" hostname="travis-job-cdaf2992-9217-4d27-8a2a-ef436837bdfc" name="ptolemy.domains.ptides.test.junit.JUnitTclTest" skipped="0" tests="70" time="71.773" timestamp="2018-05-22T18:26:50">
  <properties>
    <property name="npm.executable" value="npm" />
    <property name="file.encoding.pkg" value="sun.io" />
    <property name="ptII.mk.exists" value="true" />
    <property name="env.rvm_bin_path" value="/home/travis/.rvm/bin" />
    <property name="java.home" value="/usr/lib/jvm/java-8-oracle/jre" />
    <property name="env.TRAVIS_JOB_NUMBER" value="463.8" />
    <property name="env.DISPLAY" value=":99.0" />
    <property name="java.net.preferIPv4Stack" value="true" />
    <property name="env.SSH_TTY" value="/dev/pts/0" />
    <property name="env.RUN_TESTS" value="true" />
    <property name="timeout.short" value="1000000" />
    <property name="env.TRAVIS_STACK_NODE_ATTRIBUTES" value="/.node-attributes.yml" />
    <property name="junit.formatter" value="xml" />
    <property name="java.endorsed.dirs" value="/usr/lib/jvm/java-8-oracle/jre/lib/endorsed" />
    <property name="env.TRAVIS_SUDO" value="true" />
    <property name="env.LOGNAME" value="travis" />
    <property name="jsdoc.home" value="node_modules/@terraswarm/jsdoc" />
    <property name="debuglevel" value="source,lines,vars" />
    <property name="checkstyle.formatter" value="xml" />
    <property name="bin.vergil.makeable" value="true" />
    <property name="env._system_version" value="14.04" />
    <property name="sun.os.patch.level" value="unknown" />
    <property name="java.vendor.url" value="http://java.oracle.com/" />
    <property name="java.version" value="1.8.0_151" />
    <property name="env.TZ" value="UTC" />
    <property name="env.PT_NO_NET" value="true" />
    <property name="env.TRAVIS_PULL_REQUEST_SHA" value="" />
    <property name="env.TRAVIS_SECURE_ENV_VARS" value="true" />
    <property name="env._system_type" value="Linux" />
    <property name="java.vendor.url.bug" value="http://bugreport.sun.com/bugreport/" />
    <property name="env.SSH_CLIENT" value="10.10.4.37 43168 22" />
    <property name="npmjs-org-is-up" value="true" />
    <property name="env.GEM_HOME" value="/home/travis/.rvm/gems/ruby-2.4.1" />
    <property name="env.HAS_ANTARES_THREE_LITTLE_FRONZIES_BADGE" value="true" />
    <property name="env.PS4" value="+" />
    <property name="ant.project.invoked-targets" value="build,test.core2.xml" />
    <property name="env.TRAVIS_PULL_REQUEST_BRANCH" value="" />
    <property name="env.TRAVIS_REPO_SLUG" value="icyphy/ptII" />
    <property name="node.in.path" value="true" />
    <property name="java.maxmemory" value="1400m" />
    <property name="env.RUBY_VERSION" value="ruby-2.4.1" />
    <property name="user.name" value="travis" />
    <property name="env.LANG" value="en_US.UTF-8" />
    <property name="sun.io.unicode.encoding" value="UnicodeLittle" />
    <property name="sun.jnu.encoding" value="UTF-8" />
    <property name="java.runtime.name" value="Java(TM) SE Runtime Environment" />
    <property name="usefile" value="false" />
    <property name="return.code" value="0" />
    <property name="junit.single.formatter" value="plain" />
    <property name="env.DYLD_LIBRARY_PATH" value="/home/travis/pthla/certi-tools/lib:" />
    <property name="env.DEBIAN_FRONTEND" value="noninteractive" />
    <property name="env.SSH_CONNECTION" value="10.10.4.37 43168 10.20.2.109 22" />
    <property name="env.MYSQL_UNIX_PORT" value="/var/run/mysqld/mysqld.sock" />
    <property name="env.TRAVIS_ALLOW_FAILURE" value="false" />
    <property name="env.LC_ALL" value="en_US.UTF-8" />
    <property name="java.specification.name" value="Java Platform API Specification" />
    <property name="node.works" value="true" />
    <property name="user.timezone" value="" />
    <property name="path.separator" value=":" />
    <property name="env.PYTHON_CFLAGS" value="-g -fstack-protector --param=ssp-buffer-size=4 -Wformat -Werror=format-security" />
    <property name="timeout.long" value="4000000" />
    <property name="env.CERTI_HOME" value="/home/travis/pthla/certi-tools" />
    <property name="file.encoding" value="UTF-8" />
    <property name="ant.file.ptII" value="/home/travis/build/icyphy/ptII/build.xml" />
    <property name="javadoc.packagenames" value="com.*,diva.*,lbnl.*,org.hlacerti.*,org.json.*,org.ptolemy.*,org.terraswarm.*,ptolemy.*,ptserver.*" />
    <property name="env.TRAVIS_PULL_REQUEST_SLUG" value="" />
    <property name="ant.project.default-target" value="build" />
    <property name="env.GIT_ASKPASS" value="echo" />
    <property name="env.HOME" value="/home/travis" />
    <property name="sun.java.command" value="org.apache.tools.ant.taskdefs.optional.junit.JUnitTestRunner ptolemy.domains.ptides.test.junit.JUnitTclTest skipNonTests=false filtertrace=true haltOnError=false haltOnFailure=false formatter=org.apache.tools.ant.taskdefs.optional.junit.OutErrSummaryJUnitResultFormatter showoutput=true outputtoformatters=true logfailedtests=true threadid=0 logtestlistenerevents=false formatter=org.apache.tools.ant.taskdefs.optional.junit.XMLJUnitResultFormatter,/home/travis/build/icyphy/ptII/reports/junit/TEST-ptolemy.domains.ptides.test.junit.JUnitTclTest.xml crashfile=/home/travis/build/icyphy/ptII/junitvmwatcher8998020529689350444.properties propsfile=/home/travis/build/icyphy/ptII/junit2680604421553808581.properties" />
    <property name="env.MANPATH" value="/home/travis/.nvm/versions/node/v7.10.1/share/man:/home/travis/.kiex/elixirs/elixir-1.4.5/man:/home/travis/.rvm/rubies/ruby-2.4.1/share/man:/usr/local/man:/usr/local/cmake-3.9.2/man:/usr/local/clang-5.0.0/share/man:/usr/local/share/man:/usr/share/man:/home/travis/.rvm/man" />
    <property name="env.COMPOSER_NO_INTERACTION" value="1" />
    <property name="env.JDK_SWITCHER_DEFAULT" value="oraclejdk8" />
    <property name="ant.file" value="/home/travis/build/icyphy/ptII/build.xml" />
    <property name="env.TRAVIS_COMMIT_RANGE" value="603ebf3c7f2e...f7e03f79ff3e" />
    <property name="env._system_name" value="Ubuntu" />
    <property name="timeout" value="2400000" />
    <property name="ptII.classpath.optional.property" value="/home/travis/build/icyphy/ptII/lib/bsh-2.0b4.jar:/home/travis/build/icyphy/ptII/lib/ptCal.jar:/home/travis/build/icyphy/ptII/lib/java_cup.jar:/home/travis/build/icyphy/ptII/lib/saxon8.jar:/home/travis/build/icyphy/ptII/lib/saxon8-dom.jar:/home/travis/build/icyphy/ptII/lib/chic.jar:/home/travis/build/icyphy/ptII/lib/ptcolt.jar:/usr/lib/jvm/java-8-oracle/lib/tools.jar:/usr/lib/eclipse/plugins/org.eclipse.jdt.core_3.8.2.dist.jar:/usr/lib/eclipse/plugins/org.eclipse.core.runtime_3.8.0.dist.jar:/usr/lib/eclipse/plugins/org.eclipse.osgi_3.8.1.dist.jar:/usr/lib/eclipse/plugins/org.eclipse.core.resources_3.8.1.dist.jar:/usr/lib/eclipse/plugins/org.eclipse.equinox.common_3.6.100.dist.jar:/usr/lib/eclipse/plugins/org.eclipse.core.jobs_3.5.200.dist.jar:/usr/lib/eclipse/plugins/org.eclipse.core.contenttype_3.4.200.dist.jar:/usr/lib/eclipse/plugins/org.eclipse.equinox.preferences_3.5.0.dist.jar:/usr/lib/eclipse/plugins/org.eclipse.text_3.5.200.dist.jar:/usr/lib/eclipse/plugins/org.eclipse.ui.workbench_3.8.1.dist.jar:/usr/lib/eclipse/plugins/org.eclipse.jface_3.8.0.dist.jar:/usr/lib/eclipse/plugins/org.eclipse.swt_3.8.2.jar:/usr/lib/eclipse/plugins/org.eclipse.jface.text_3.8.1.dist.jar:/usr/lib/eclipse/plugins/org.eclipse.ui.workbench.texteditor_3.8.0.dist.jar:/usr/lib/eclipse/plugins/org.eclipse.ui.editors_3.8.0.dist.jar:/usr/lib/eclipse/plugins/org.eclipse.core.commands_3.6.1.dist.jar:/usr/lib/eclipse/plugins/org.eclipse.equinox.registry_3.5.200.dist.jar:/usr/lib/eclipse/plugins/org.eclipse.ui.console_3.5.100.dist.jar:/usr/lib/eclipse/plugins/org.eclipse.ui.forms_3.5.200.dist.jar:/usr/lib/eclipse/plugins/org.eclipse.ui.ide_3.8.1.dist.jar:/home/travis/build/icyphy/ptII/vendors/oracle/dbxml.jar:/home/travis/build/icyphy/ptII/vendors/oracle/db.jar:/home/travis/build/icyphy/ptII/vendors/misc/itext/iText.jar:/home/travis/build/icyphy/ptII/lib/g4ltl.jar:/home/travis/build/icyphy/ptII/lib/StructuralCoder.jar:/home/travis/build/icyphy/ptII/lib/org-openide-util.jar:/home/travis/build/icyphy/ptII/lib/org-openide-util-lookup.jar:/home/travis/build/icyphy/ptII/lib/org-netbeans-api-visual.jar:/home/travis/build/icyphy/ptII/vendors/jai-1_1_2_01/lib/jai_core.jar:/home/travis/build/icyphy/ptII/vendors/jai-1_1_2_01/lib/jai_codec.jar:/home/travis/build/icyphy/ptII/lib/jcerti.jar:/home/travis/build/icyphy/ptII/lib/smack.jar:/home/travis/build/icyphy/ptII/lib/smackx.jar:/home/travis/build/icyphy/ptII/lib/jetty-all-8.1.5-v20120716.jar:/home/travis/build/icyphy/ptII/lib/javax.servlet-api-3.0.1.jar:/home/travis/build/icyphy/ptII/lib/javax.mail.jar:/home/travis/build/icyphy/ptII/vendors/JMF-2.1.1e/lib/jmf.jar:/home/travis/build/icyphy/ptII/lib/jna-4.0.0-variadic.jar:/home/travis/build/icyphy/ptII/vendors/misc/joystick/Joystick.jar:/home/travis/build/icyphy/ptII/lib/ptjacl.jar:/home/travis/build/icyphy/ptII/lib/jsoup-1.8.2.jar:/home/travis/build/icyphy/ptII/lib/junit-4.8.2.jar:/home/travis/build/icyphy/ptII/lib/JUnitParams-0.4.0.jar:/home/travis/build/icyphy/ptII/ptolemy/actor/lib/excel/jxl.jar:/home/travis/build/icyphy/ptII/lib/jython.jar:/home/travis/build/icyphy/ptII/lib/kieler.jar:/home/travis/build/icyphy/ptII/vendors/opencv/share/OpenCV/java/opencv-341.jar:/home/travis/build/icyphy/ptII/lib/oscP5.jar:/home/travis/build/icyphy/ptII/lib/nrjavaserial-3.11.0.devel.jar:/usr/share/java/j3dcore.jar:/usr/share/java/j3dutils.jar:/usr/share/java/vecmath.jar:/home/travis/build/icyphy/ptII/ptolemy/distributed/jini/jar/jini-core.jar:/home/travis/build/icyphy/ptII/ptolemy/distributed/jini/jar/jini-ext.jar:/home/travis/build/icyphy/ptII/ptolemy/distributed/jini/jar/sun-util.jar:/home/travis/build/icyphy/ptII/lib/protobuf-java-2.4.1.jar:/home/travis/build/icyphy/ptII/lib/org.eclipse.paho.client.mqttv3.jar:/home/travis/build/icyphy/ptII/ptserver/lib/hessian-4.0.7.jar:/home/travis/build/icyphy/ptII/ptserver/lib/wmqtt.jar:/home/travis/build/icyphy/ptII/lib/mapss.jar:/home/travis/build/icyphy/ptII/ptolemy/actor/ptalon/antlr/antlr.jar:/home/travis/build/icyphy/ptII/lib/JRI.jar:/home/travis/build/icyphy/ptII/lib/commons-lang-2.6.jar:/home/travis/build/icyphy/ptII/lib/commons-logging-1.1.1.jar:/home/travis/build/icyphy/ptII/lib/sootclasses.jar:/home/travis/build/icyphy/ptII/ptolemy/actor/lib/database/mysql-connector-java-5.1.6-bin.jar:/home/travis/build/icyphy/ptII/vendors/misc/sphinx4/sphinx4-data-5prealpha.jar:/home/travis/build/icyphy/ptII/vendors/misc/sphinx4/sphinx4-core-5prealpha.jar:/home/travis/build/icyphy/ptII/lib/PDFRenderer.jar:/home/travis/build/icyphy/ptII/lib/svgSalamander.jar:/home/travis/build/icyphy/ptII/lib/rsyntaxtextarea-2.6.0-SNAPSHOT.jar:/home/travis/build/icyphy/ptII/lib/hazelcast-3.8.2.jar:/home/travis/build/icyphy/ptII/lib/jackson-annotations-2.9.0.jar:/home/travis/build/icyphy/ptII/lib/jackson-core-2.9.3.jar:/home/travis/build/icyphy/ptII/lib/jackson-databind-2.9.3.jar:/home/travis/build/icyphy/ptII/lib/netty-buffer-4.1.19.Final.jar:/home/travis/build/icyphy/ptII/lib/netty-codec-4.1.19.Final.jar:/home/travis/build/icyphy/ptII/lib/netty-codec-dns-4.1.19.Final.jar:/home/travis/build/icyphy/ptII/lib/netty-codec-http-4.1.19.Final.jar:/home/travis/build/icyphy/ptII/lib/netty-codec-http2-4.1.19.Final.jar:/home/travis/build/icyphy/ptII/lib/netty-common-4.1.19.Final.jar:/home/travis/build/icyphy/ptII/lib/netty-handler-4.1.19.Final.jar:/home/travis/build/icyphy/ptII/lib/netty-resolver-4.1.19.Final.jar:/home/travis/build/icyphy/ptII/lib/netty-resolver-dns-4.1.19.Final.jar:/home/travis/build/icyphy/ptII/lib/netty-transport-4.1.19.Final.jar:/home/travis/build/icyphy/ptII/lib/vertx-codegen-3.5.1.jar:/home/travis/build/icyphy/ptII/lib/vertx-core-3.5.2-SNAPSHOT.jar:/home/travis/build/icyphy/ptII/lib/vertx-hazelcast-3.5.1.jar:/home/travis/build/icyphy/ptII/lib/vertx-lang-js-3.5.1.jar:/home/travis/build/icyphy/ptII/lib/vertx-service-proxy-3.5.1.jar:/home/travis/build/icyphy/ptII/lib/vertx-web-3.5.1.jar:/home/travis/build/icyphy/ptII/lib/slf4j-api-1.7.13.jar:/home/travis/build/icyphy/ptII/lib/slf4j-simple-1.7.13.jar:/home/travis/build/icyphy/ptII/lib/webcam-capture-0.3.12.jar:/home/travis/build/icyphy/ptII/lib/bridj-0.7.0.jar:/home/travis/build/icyphy/ptII/lib/xbjlib-1.1.0.nrjavaserial.jar" />
    <property name="test.batch" value="**/junit/*.java" />
    <property name="env._" value="/usr/bin/timeout" />
    <property name="java.io.tmpdir" value="/tmp" />
    <property name="user.language" value="en" />
    <property name="env.HISTCONTROL" value="ignoredups:ignorespace" />
    <property name="env.GOROOT" value="/home/travis/.gimme/versions/go1.7.4.linux.amd64" />
    <property name="line.separator" value="&#xa;" />
    <property name="target" value="1.8" />
    <property name="env.TRAVIS_BUILD_DIR" value="/home/travis/build/icyphy/ptII" />
    <property name="env.ANT_OPTS" value="-Xmx2048m" />
    <property name="ant.file.type" value="file" />
    <property name="ptolemy.ptII.batchMode" value="true" />
    <property name="env.HISTSIZE" value="1000" />
    <property name="env.MERB_ENV" value="test" />
    <property name="java.vm.info" value="mixed mode" />
    <property name="source" value="1.8" />
    <property name="java.vm.specification.name" value="Java Virtual Machine Specification" />
    <property name="env.TRAVIS_TEST_RESULT" value="0" />
    <property name="jsdoc.command" value="node_modules/@terraswarm/jsdoc/jsdoc.js" />
    <property name="npm.works" value="true" />
    <property name="cobertura.dir" value="/home/travis/build/icyphy/ptII/vendors/cobertura-2.0.3" />
    <property name="env.rvm_path" value="/home/travis/.rvm" />
    <property name="env.GEM_PATH" value="/home/travis/.rvm/gems/ruby-2.4.1:/home/travis/.rvm/gems/ruby-2.4.1@global" />
    <property name="env.LC_CTYPE" value="en_US.UTF-8" />
    <property name="java.awt.printerjob" value="sun.print.PSPrinterJob" />
    <property name="env.TRAVIS_STACK_NAME" value="garnet" />
    <property name="ant.version" value="Apache Ant(TM) version 1.10.1 compiled on February 2 2017" />
    <property name="ptII.reports" value="/home/travis/build/icyphy/ptII/reports" />
    <property name="env.TRAVIS_STACK_TIMESTAMP" value="2017-12-05 19:33:09 UTC" />
    <property name="ant.file.type.ptII" value="file" />
    <property name="env.RBENV_SHELL" value="bash" />
    <property name="os.name" value="Linux" />
    <property name="java.specification.vendor" value="Oracle Corporation" />
    <property name="env.rvm_version" value="1.29.3 (latest)" />
    <property name="env.TERM" value="xterm" />
    <property name="java.vm.name" value="Java HotSpot(TM) 64-Bit Server VM" />
    <property name="env.TRAVIS_BUILD_NUMBER" value="463" />
    <property name="env.CI" value="true" />
    <property name="java.library.path" value="/home/travis/pthla/certi-tools/lib:/usr/lib/jni:/usr/local/share/OpenCV/java/:/usr/share/OpenCV/java::/usr/java/packages/lib/amd64:/usr/lib64:/lib64:/lib:/usr/lib" />
    <property name="env.rvm_prefix" value="/home/travis" />
    <property name="env.PATH" value="/home/travis/pthla/certi-tools/share/scripts:/home/travis/.rvm/gems/ruby-2.4.1/bin:/home/travis/.rvm/gems/ruby-2.4.1@global/bin:/home/travis/.rvm/rubies/ruby-2.4.1/bin:/home/travis/.rvm/bin:/home/travis/.nvm/versions/node/v7.10.1/bin:./node_modules/.bin:/home/travis/build/icyphy/ptII/bin:/home/travis/pthla/certi-tools/bin:/home/travis/bin:/home/travis/.local/bin:/opt/pyenv/shims:/home/travis/.phpenv/shims:/home/travis/perl5/perlbrew/bin:/home/travis/.kiex/elixirs/elixir-1.4.5/bin:/home/travis/.kiex/bin:/home/travis/gopath/bin:/home/travis/.gimme/versions/go1.7.4.linux.amd64/bin:/usr/local/phantomjs/bin:/usr/local/phantomjs:/usr/local/neo4j-3.2.7/bin:/usr/local/maven-3.5.2/bin:/usr/local/cmake-3.9.2/bin:/usr/local/clang-5.0.0/bin:/usr/local/sbin:/usr/local/bin:/usr/sbin:/usr/bin:/sbin:/bin:/home/travis/.phpenv/bin:/opt/pyenv/bin:/home/travis/.yarn/bin" />
    <property name="env.TRAVIS_OS_NAME" value="linux" />
    <property name="ant.java.version" value="1.8" />
    <property name="basedir" value="/home/travis/build/icyphy/ptII" />
    <property name="java.class.version" value="52.0" />
    <property name="env.SHLVL" value="3" />
    <property name="env.LD_LIBRARY_PATH" value="/home/travis/pthla/certi-tools/lib:/usr/lib/jni:/usr/local/share/OpenCV/java/:/usr/share/OpenCV/java:" />
    <property name="env.RACK_ENV" value="test" />
    <property name="ant.home" value="/home/travis/build/icyphy/ptII/ant" />
    <property name="env.NVM_DIR" value="/home/travis/.nvm" />
    <property name="env.PERLBREW_BASHRC_VERSION" value="0.80" />
    <property name="env.CERTI_FOM_PATH" value="/home/travis/pthla/certi-tools/share/federations" />
    <property name="env.TRAVIS_BUILD_ID" value="382276482" />
    <property name="env.PYENV_ROOT" value="/opt/pyenv" />
    <property name="env.TRAVIS_UID" value="2000" />
    <property name="env.rvm_pretty_print_flag" value="auto" />
    <property name="env.NVM_BIN" value="/home/travis/.nvm/versions/node/v7.10.1/bin" />
    <property name="env.TRAVIS_COMMIT" value="f7e03f79ff3ed815fccb0fa282d27dc74313f83e" />
    <property name="env._system_arch" value="x86_64" />
    <property name="node.executable" value="node" />
    <property name="sun.boot.library.path" value="/usr/lib/jvm/java-8-oracle/jre/lib/amd64" />
    <property name="sun.management.compiler" value="HotSpot 64-Bit Tiered Compilers" />
    <property name="env.GOPATH" value="/home/travis/gopath" />
    <property name="java.awt.graphicsenv" value="sun.awt.X11GraphicsEnvironment" />
    <property name="ptolemy.ptII.dir" value="/home/travis/build/icyphy/ptII" />
    <property name="env.USER" value="travis" />
    <property name="env.HISTFILESIZE" value="2000" />
    <property name="timeout.longest" value="19000000" />
    <property name="env.TRAVIS_STACK_FEATURES" value="basic cassandra chromium couchdb disabled-ipv6 docker docker-compose elasticsearch firefox go-toolchain google-chrome jdk memcached mongodb mysql neo4j nodejs_interpreter perl_interpreter perlbrew phantomjs postgresql python_interpreter rabbitmq redis riak ruby_interpreter sqlite xserver" />
    <property name="env.TRAVIS_PULL_REQUEST" value="false" />
    <property name="env.PYENV_SHELL" value="bash" />
    <property name="ant.project.name" value="ptII" />
    <property name="java.vm.specification.version" value="1.8" />
    <property name="env.CERTI_VERSION" value="4.0.0" />
    <property name="env.NLSPATH" value="/usr/dt/lib/nls/msg/%L/%N.cat" />
    <property name="awt.toolkit" value="sun.awt.X11.XToolkit" />
    <property name="env.CERTI_HOST" value="localhost" />
    <property name="env.MY_RUBY_HOME" value="/home/travis/.rvm/rubies/ruby-2.4.1" />
    <property name="sun.cpu.isalist" value="" />
    <property name="java.ext.dirs" value="/usr/lib/jvm/java-8-oracle/jre/lib/ext:/usr/java/packages/lib/ext" />
    <property name="os.version" value="4.4.0-101-generic" />
    <property name="user.home" value="/home/travis" />
    <property name="env.MIX_ARCHIVES" value="/home/travis/.kiex/mix/elixir-1.4.5" />
    <property name="java.vm.vendor" value="Oracle Corporation" />
    <property name="env.TRAVIS_TAG" value="nightly" />
    <property name="env.TRAVIS_FILTERED" value="redirect_io" />
    <property name="javadoc.excludepackagenames" value="adm.cvs2svn.*,build.*,config.*,doc.coding.templates.*,jni.test.jni.meaningOfLife.*,jni.test.jni.testDeux.*,jni.test.jni.testTrois.*,org.terraswarm.accessor.accessors.web.node_modules.*,org.terraswarm.accessor.accessors.web.hosts.cordova.demo.*,org.terraswarm.accessor.accessors.web.hosts.cordova.plugins.*,org.terraswarm.accessor.accessors-svn.*,pt-modules.*,ptolemy.apps.agilent.*,ptolemy.apps.anytimecontrol.*,ptolemy.apps.apes.*,ptolemy.apps.charon.*,ptolemy.apps.crazyboard.*,ptolemy.apps.eclipse.*,ptolemy.apps.etherealSting.*,ptolemy.apps.fullscreen.*,ptolemy.apps.giotto.*,ptolemy.apps.ia.*,ptolemy.apps.interfaces.*,ptolemy.apps.jmf.*,ptolemy.apps.kurt.*,ptolemy.apps.kvm.*,ptolemy.apps.lego.*,ptolemy.apps.lejos.*,ptolemy.apps.midp.*,ptolemy.apps.mobileCoding.*,ptolemy.apps.pendulum.*,ptolemy.apps.rijndael.*,ptolemy.apps.robot.*,ptolemy.apps.security.*,ptolemy.apps.sobel.*,ptolemy.apps.soot.*,ptolemy.apps.throttle.*,ptolemy.apps.tini.*,ptolemy.apps.transmission.*,ptolemy.apps.vergil.*,ptolemy.apps.waba.*,ptolemy.apps.websensor.*,ptolemy.apps.webstart.*,ptolemy.apps.xsl.*,ptolemy.apps.zaurus.*,ptolemy.backtrack.eclipse.plugin.*,ptolemy.backtrack.test.*,ptolemy.codegen.c.actor.lib.oldJavaFiles.*,ptolemy.codegen.dsp.lib.*,ptolemy.codegen.kernel.newInterfaces.*,ptolemy.codegen.lib.*,ptolemy.copernicus.kernel.fragment.*,ptolemy.copernicus.shallow.cg.*,ptolemy.domains.giotto.demo.Hierarchy.Hierarchy.*,ptolemy.domains.giotto.demo.Multimode.Multimode.*,ptolemy.domains.giotto.demo.Simple.Simple.*,ptolemy.domains.gr.lib.experimental.*,ptolemy.domains.gro.*,ptolemy.domains.pdf.*,ptolemy.domains.ptinyos.demo.Surge.output.*,ptolemy.moml.test.NoPackageActor.java*,ptolemy.plot.adm.*,ptolemy.plot.servlet.*,reports.*,signed.*,src.*,target.*,vendors.*,ptolemy.cg.adapter.generic.program.procedural.c.mbed*,ptolemy.actor.lib.fmi.fmus.omc*,ptolemy.domains.openmodelica*,ptdb.kernel.bl.save.test.*,ptdb.kernel.bl.load.test.*,ptdb.kernel.bl.search.test.*,ptdb.kernel.bl.migration.test.*,ptdb.kernel.database.test.*,ptdb.test.*,ptdb.gui.test.*,org.ptolemy.scala.*,diva.util.java2d.svg.*,ptolemy.domains.ptinyos.*,ptolemy.actor.lib.fmi.fmipp.*,,org.terraswarm.accessor.accessors.web.node_modules.*,org.terraswarm.accessor.accessors-svn,ptolemy.actor.ptalon.demo.ptinyos.SendAndReceiveCnt.output,ptolemy.actor.ptalon.demo.ptinyos.SenseToLeds.output,ptolemy.domains.ptinyos.demo.CntToLedsAndRfm.output,ptolemy.domains.ptinyos.demo.RfmToLeds.output,ptolemy.domains.ptinyos.demo.SendAndReceiveCnt.output,ptolemy.domains.ptinyos.demo.SenseToLeds.output" />
    <property name="env.JAVA_HOME" value="/usr/lib/jvm/java-8-oracle" />
    <property name="env.PTII" value="/home/travis/build/icyphy/ptII" />
    <property name="env.TRAVIS_COMMIT_MESSAGE" value="Exclude ptolemy/domains/ptinyos/demo because PtinyOS is probably not installed." />
    <property name="keystore" value="ptKeystore" />
    <property name="env.XDG_SESSION_ID" value="2" />
    <property name="junit.output.dir" value="/home/travis/build/icyphy/ptII/reports/junit" />
    <property name="npm.return.code" value="0" />
    <property name="user.dir" value="/home/travis/build/icyphy/ptII/ptolemy/domains/ptides/test" />
    <property name="env.TRAVIS_NODE_VERSION" value="7" />
    <property name="env.XFILESEARCHPATH" value="/usr/dt/app-defaults/%L/Dt" />
    <property name="env.TRAVIS_EVENT_TYPE" value="push" />
    <property name="env.MAIL" value="/var/mail/travis" />
    <property name="env.PWD" value="/home/travis/build/icyphy/ptII" />
    <property name="env.PERLBREW_ROOT" value="/home/travis/perl5/perlbrew" />
    <property name="timeout.npm" value="45000" />
    <property name="env.PT_TRAVIS_TEST_CORE2_XML" value="true" />
    <property name="env.PAGER" value="cat" />
    <property name="sun.cpu.endian" value="little" />
    <property name="env.TRAVIS_BUILD_STAGE_NAME" value="Test" />
    <property name="env.PERLBREW_HOME" value="/home/travis/.perlbrew" />
    <property name="env.RAILS_ENV" value="test" />
    <property name="java.vm.version" value="25.151-b12" />
    <property name="java.class.path" value="/home/travis/build/icyphy/ptII:/home/travis/build/icyphy/ptII/lib/bsh-2.0b4.jar:/home/travis/build/icyphy/ptII/lib/ptCal.jar:/home/travis/build/icyphy/ptII/lib/java_cup.jar:/home/travis/build/icyphy/ptII/lib/saxon8.jar:/home/travis/build/icyphy/ptII/lib/saxon8-dom.jar:/home/travis/build/icyphy/ptII/lib/chic.jar:/home/travis/build/icyphy/ptII/lib/ptcolt.jar:/usr/lib/jvm/java-8-oracle/lib/tools.jar:/usr/lib/eclipse/plugins/org.eclipse.jdt.core_3.8.2.dist.jar:/usr/lib/eclipse/plugins/org.eclipse.core.runtime_3.8.0.dist.jar:/usr/lib/eclipse/plugins/org.eclipse.osgi_3.8.1.dist.jar:/usr/lib/eclipse/plugins/org.eclipse.core.resources_3.8.1.dist.jar:/usr/lib/eclipse/plugins/org.eclipse.equinox.common_3.6.100.dist.jar:/usr/lib/eclipse/plugins/org.eclipse.core.jobs_3.5.200.dist.jar:/usr/lib/eclipse/plugins/org.eclipse.core.contenttype_3.4.200.dist.jar:/usr/lib/eclipse/plugins/org.eclipse.equinox.preferences_3.5.0.dist.jar:/usr/lib/eclipse/plugins/org.eclipse.text_3.5.200.dist.jar:/usr/lib/eclipse/plugins/org.eclipse.ui.workbench_3.8.1.dist.jar:/usr/lib/eclipse/plugins/org.eclipse.jface_3.8.0.dist.jar:/usr/lib/eclipse/plugins/org.eclipse.swt_3.8.2.jar:/usr/lib/eclipse/plugins/org.eclipse.jface.text_3.8.1.dist.jar:/usr/lib/eclipse/plugins/org.eclipse.ui.workbench.texteditor_3.8.0.dist.jar:/usr/lib/eclipse/plugins/org.eclipse.ui.editors_3.8.0.dist.jar:/usr/lib/eclipse/plugins/org.eclipse.core.commands_3.6.1.dist.jar:/usr/lib/eclipse/plugins/org.eclipse.equinox.registry_3.5.200.dist.jar:/usr/lib/eclipse/plugins/org.eclipse.ui.console_3.5.100.dist.jar:/usr/lib/eclipse/plugins/org.eclipse.ui.forms_3.5.200.dist.jar:/usr/lib/eclipse/plugins/org.eclipse.ui.ide_3.8.1.dist.jar:/home/travis/build/icyphy/ptII/vendors/oracle/dbxml.jar:/home/travis/build/icyphy/ptII/vendors/oracle/db.jar:/home/travis/build/icyphy/ptII/vendors/misc/itext/iText.jar:/home/travis/build/icyphy/ptII/lib/g4ltl.jar:/home/travis/build/icyphy/ptII/lib/StructuralCoder.jar:/home/travis/build/icyphy/ptII/lib/org-openide-util.jar:/home/travis/build/icyphy/ptII/lib/org-openide-util-lookup.jar:/home/travis/build/icyphy/ptII/lib/org-netbeans-api-visual.jar:/home/travis/build/icyphy/ptII/vendors/jai-1_1_2_01/lib/jai_core.jar:/home/travis/build/icyphy/ptII/vendors/jai-1_1_2_01/lib/jai_codec.jar:/home/travis/build/icyphy/ptII/lib/jcerti.jar:/home/travis/build/icyphy/ptII/lib/smack.jar:/home/travis/build/icyphy/ptII/lib/smackx.jar:/home/travis/build/icyphy/ptII/lib/jetty-all-8.1.5-v20120716.jar:/home/travis/build/icyphy/ptII/lib/javax.servlet-api-3.0.1.jar:/home/travis/build/icyphy/ptII/lib/javax.mail.jar:/home/travis/build/icyphy/ptII/vendors/JMF-2.1.1e/lib/jmf.jar:/home/travis/build/icyphy/ptII/lib/jna-4.0.0-variadic.jar:/home/travis/build/icyphy/ptII/vendors/misc/joystick/Joystick.jar:/home/travis/build/icyphy/ptII/lib/ptjacl.jar:/home/travis/build/icyphy/ptII/lib/jsoup-1.8.2.jar:/home/travis/build/icyphy/ptII/lib/junit-4.8.2.jar:/home/travis/build/icyphy/ptII/lib/JUnitParams-0.4.0.jar:/home/travis/build/icyphy/ptII/ptolemy/actor/lib/excel/jxl.jar:/home/travis/build/icyphy/ptII/lib/jython.jar:/home/travis/build/icyphy/ptII/lib/kieler.jar:/home/travis/build/icyphy/ptII/vendors/opencv/share/OpenCV/java/opencv-341.jar:/home/travis/build/icyphy/ptII/lib/oscP5.jar:/home/travis/build/icyphy/ptII/lib/nrjavaserial-3.11.0.devel.jar:/usr/share/java/j3dcore.jar:/usr/share/java/j3dutils.jar:/usr/share/java/vecmath.jar:/home/travis/build/icyphy/ptII/ptolemy/distributed/jini/jar/jini-core.jar:/home/travis/build/icyphy/ptII/ptolemy/distributed/jini/jar/jini-ext.jar:/home/travis/build/icyphy/ptII/ptolemy/distributed/jini/jar/sun-util.jar:/home/travis/build/icyphy/ptII/lib/protobuf-java-2.4.1.jar:/home/travis/build/icyphy/ptII/lib/org.eclipse.paho.client.mqttv3.jar:/home/travis/build/icyphy/ptII/ptserver/lib/hessian-4.0.7.jar:/home/travis/build/icyphy/ptII/ptserver/lib/wmqtt.jar:/home/travis/build/icyphy/ptII/lib/mapss.jar:/home/travis/build/icyphy/ptII/ptolemy/actor/ptalon/antlr/antlr.jar:/home/travis/build/icyphy/ptII/lib/JRI.jar:/home/travis/build/icyphy/ptII/lib/commons-lang-2.6.jar:/home/travis/build/icyphy/ptII/lib/commons-logging-1.1.1.jar:/home/travis/build/icyphy/ptII/lib/sootclasses.jar:/home/travis/build/icyphy/ptII/ptolemy/actor/lib/database/mysql-connector-java-5.1.6-bin.jar:/home/travis/build/icyphy/ptII/vendors/misc/sphinx4/sphinx4-data-5prealpha.jar:/home/travis/build/icyphy/ptII/vendors/misc/sphinx4/sphinx4-core-5prealpha.jar:/home/travis/build/icyphy/ptII/lib/PDFRenderer.jar:/home/travis/build/icyphy/ptII/lib/svgSalamander.jar:/home/travis/build/icyphy/ptII/lib/rsyntaxtextarea-2.6.0-SNAPSHOT.jar:/home/travis/build/icyphy/ptII/lib/hazelcast-3.8.2.jar:/home/travis/build/icyphy/ptII/lib/jackson-annotations-2.9.0.jar:/home/travis/build/icyphy/ptII/lib/jackson-core-2.9.3.jar:/home/travis/build/icyphy/ptII/lib/jackson-databind-2.9.3.jar:/home/travis/build/icyphy/ptII/lib/netty-buffer-4.1.19.Final.jar:/home/travis/build/icyphy/ptII/lib/netty-codec-4.1.19.Final.jar:/home/travis/build/icyphy/ptII/lib/netty-codec-dns-4.1.19.Final.jar:/home/travis/build/icyphy/ptII/lib/netty-codec-http-4.1.19.Final.jar:/home/travis/build/icyphy/ptII/lib/netty-codec-http2-4.1.19.Final.jar:/home/travis/build/icyphy/ptII/lib/netty-common-4.1.19.Final.jar:/home/travis/build/icyphy/ptII/lib/netty-handler-4.1.19.Final.jar:/home/travis/build/icyphy/ptII/lib/netty-resolver-4.1.19.Final.jar:/home/travis/build/icyphy/ptII/lib/netty-resolver-dns-4.1.19.Final.jar:/home/travis/build/icyphy/ptII/lib/netty-transport-4.1.19.Final.jar:/home/travis/build/icyphy/ptII/lib/vertx-codegen-3.5.1.jar:/home/travis/build/icyphy/ptII/lib/vertx-core-3.5.2-SNAPSHOT.jar:/home/travis/build/icyphy/ptII/lib/vertx-hazelcast-3.5.1.jar:/home/travis/build/icyphy/ptII/lib/vertx-lang-js-3.5.1.jar:/home/travis/build/icyphy/ptII/lib/vertx-service-proxy-3.5.1.jar:/home/travis/build/icyphy/ptII/lib/vertx-web-3.5.1.jar:/home/travis/build/icyphy/ptII/lib/slf4j-api-1.7.13.jar:/home/travis/build/icyphy/ptII/lib/slf4j-simple-1.7.13.jar:/home/travis/build/icyphy/ptII/lib/webcam-capture-0.3.12.jar:/home/travis/build/icyphy/ptII/lib/bridj-0.7.0.jar:/home/travis/build/icyphy/ptII/lib/xbjlib-1.1.0.nrjavaserial.jar:/home/travis/build/icyphy/ptII/ptolemy/moml/test:/home/travis/build/icyphy/ptII/ant/lib/ant-launcher.jar:/home/travis/build/icyphy/ptII/ant/lib/ant.jar:/home/travis/build/icyphy/ptII/ant/lib/ant-junit.jar:/home/travis/build/icyphy/ptII/ant/lib/ant-junit4.jar" />
    <property name="ant.library.dir" value="/home/travis/build/icyphy/ptII/ant/lib" />
    <property name="os.arch" value="amd64" />
    <property name="env.TRAVIS_LANGUAGE" value="node_js" />
    <property name="env.CONTINUOUS_INTEGRATION" value="true" />
    <property name="env.TRAVIS_STACK_LANGUAGES" value="__garnet__ c c++ clojure cplusplus cpp default go groovy java node_js php pure_java python ruby scala" />
    <property name="test.name" value="ptolemy.actor.lib.test.junit.JUnitTclTest" />
    <property name="sun.java.launcher" value="SUN_STANDARD" />
    <property name="env.PYTHON_CONFIGURE_OPTS" value="--enable-unicode=ucs4 --with-wide-unicode --enable-shared --enable-ipv6 --enable-loadable-sqlite-extensions --with-computed-gotos" />
    <property name="ant.core.lib" value="/home/travis/build/icyphy/ptII/ant/lib/ant.jar" />
    <property name="java.vm.specification.vendor" value="Oracle Corporation" />
    <property name="env.BCVTB_HOME" value="/home/travis/build/icyphy/ptII/lbnl" />
    <property name="file.separator" value="/" />
    <property name="java.runtime.version" value="1.8.0_151-b12" />
    <property name="spotbugs.home" value="/home/travis/build/icyphy/ptII/vendors/spotbugs-3.1.1" />
    <property name="sun.boot.class.path" value="/usr/lib/jvm/java-8-oracle/jre/lib/resources.jar:/usr/lib/jvm/java-8-oracle/jre/lib/rt.jar:/usr/lib/jvm/java-8-oracle/jre/lib/sunrsasign.jar:/usr/lib/jvm/java-8-oracle/jre/lib/jsse.jar:/usr/lib/jvm/java-8-oracle/jre/lib/jce.jar:/usr/lib/jvm/java-8-oracle/jre/lib/charsets.jar:/usr/lib/jvm/java-8-oracle/jre/lib/jfr.jar:/usr/lib/jvm/java-8-oracle/jre/classes" />
    <property name="env.HAS_JOSH_K_SEAL_OF_APPROVAL" value="true" />
    <property name="env.TRAVIS_OSX_IMAGE" value="" />
    <property name="env.XDG_RUNTIME_DIR" value="/run/user/2000" />
    <property name="env.TRAVIS_BRANCH" value="master" />
    <property name="env.TRAVIS_JOB_ID" value="382276497" />
    <property name="env.CERTI_HOME_TRAVIS" value="/home/travis/pthla/certi-tools" />
    <property name="user.country" value="US" />
    <property name="env.SHELL" value="/bin/bash" />
    <property name="java.maxmemory.large" value="5000m" />
    <property name="model" value="" />
    <property name="env.CASHER_DIR" value="/home/travis/.casher" />
    <property name="env.NVM_CD_FLAGS" value="" />
    <property name="jshint.executable" value="/home/travis/node_modules/jshint/bin/jshint" />
    <property name="java.vendor" value="Oracle Corporation" />
    <property name="env.JRUBY_OPTS" value=" --client -J-XX:+TieredCompilation -J-XX:TieredStopAtLevel=1 -J-Xss2m -Xcompile.invokedynamic=false" />
    <property name="env.TRAVIS_PRE_CHEF_BOOTSTRAP_TIME" value="2017-12-05T19:32:55" />
    <property name="env.TRAVIS_STACK_JOB_BOARD_REGISTER" value="/.job-board-register.yml" />
    <property name="env.ELIXIR_VERSION" value="1.4.5" />
    <property name="java.specification.version" value="1.8" />
    <property name="env.IRBRC" value="/home/travis/.rvm/rubies/ruby-2.4.1/.irbrc" />
    <property name="env.TRAVIS" value="true" />
    <property name="sun.arch.data.model" value="64" />
  </properties>
  <testcase classname="ptolemy.util.test.junit.TclTests" name="[0] ThereAreNoTclTests (RunTclFile)" time="0.001" />
  <testcase classname="ptolemy.util.test.junit.AutoKnownFailedTests" name="[0] ThereAreNoKnowFailedTests (RunModel)" time="0.002" />
  <testcase classname="ptolemy.util.test.junit.AutoNameArchTests" name="[0] ThereAreNoAutoTests (RunModel)" time="0.002" />
  <testcase classname="ptolemy.util.test.junit.AutoTests" name="[0] /home/travis/build/icyphy/ptII/ptolemy/domains/ptides/test/auto/2FPSchedulers.xml (RunModel)" time="0.582" />
  <testcase classname="ptolemy.util.test.junit.AutoTests" name="[1] /home/travis/build/icyphy/ptII/ptolemy/domains/ptides/test/auto/AddEDFDelayOffset.xml (RunModel)" time="0.143" />
  <testcase classname="ptolemy.util.test.junit.AutoTests" name="[2] /home/travis/build/icyphy/ptII/ptolemy/domains/ptides/test/auto/AutoThrottling.xml (RunModel)" time="0.076" />
  <testcase classname="ptolemy.util.test.junit.AutoTests" name="[3] /home/travis/build/icyphy/ptII/ptolemy/domains/ptides/test/auto/ClockDrift.xml (RunModel)" time="0.097" />
  <testcase classname="ptolemy.util.test.junit.AutoTests" name="[4] /home/travis/build/icyphy/ptII/ptolemy/domains/ptides/test/auto/ClockDrift1.xml (RunModel)" time="0.083" />
  <testcase classname="ptolemy.util.test.junit.AutoTests" name="[5] /home/travis/build/icyphy/ptII/ptolemy/domains/ptides/test/auto/CoSimulation.xml (RunModel)" time="2.567" />
  <testcase classname="ptolemy.util.test.junit.AutoTests" name="[6] /home/travis/build/icyphy/ptII/ptolemy/domains/ptides/test/auto/Continuous.xml (RunModel)" time="0.13" />
  <testcase classname="ptolemy.util.test.junit.AutoTests" name="[7] /home/travis/build/icyphy/ptII/ptolemy/domains/ptides/test/auto/Controller.xml (RunModel)" time="2.667" />
  <testcase classname="ptolemy.util.test.junit.AutoTests" name="[8] /home/travis/build/icyphy/ptII/ptolemy/domains/ptides/test/auto/DCASwith1FCFSScheduler.xml (RunModel)" time="0.142" />
  <testcase classname="ptolemy.util.test.junit.AutoTests" name="[9] /home/travis/build/icyphy/ptII/ptolemy/domains/ptides/test/auto/DCASwith2FCFSSchedulers.xml (RunModel)" time="0.139" />
  <testcase classname="ptolemy.util.test.junit.AutoTests" name="[10] /home/travis/build/icyphy/ptII/ptolemy/domains/ptides/test/auto/DistributedPowerPlant.xml (RunModel)" time="0.918" />
  <testcase classname="ptolemy.util.test.junit.AutoTests" name="[11] /home/travis/build/icyphy/ptII/ptolemy/domains/ptides/test/auto/EDFPreempt.xml (RunModel)" time="0.131" />
  <testcase classname="ptolemy.util.test.junit.AutoTests" name="[12] /home/travis/build/icyphy/ptII/ptolemy/domains/ptides/test/auto/EDFPreempt1.xml (RunModel)" time="0.138" />
  <testcase classname="ptolemy.util.test.junit.AutoTests" name="[13] /home/travis/build/icyphy/ptII/ptolemy/domains/ptides/test/auto/EDFScheduler.xml (RunModel)" time="0.079" />
  <testcase classname="ptolemy.util.test.junit.AutoTests" name="[14] /home/travis/build/icyphy/ptII/ptolemy/domains/ptides/test/auto/EDFScheduler1.xml (RunModel)" time="0.082" />
  <testcase classname="ptolemy.util.test.junit.AutoTests" name="[15] /home/travis/build/icyphy/ptII/ptolemy/domains/ptides/test/auto/EDFTwoAddSub.xml (RunModel)" time="0.195" />
  <testcase classname="ptolemy.util.test.junit.AutoTests" name="[16] /home/travis/build/icyphy/ptII/ptolemy/domains/ptides/test/auto/FCFSScheduler.xml (RunModel)" time="0.071" />
  <testcase classname="ptolemy.util.test.junit.AutoTests" name="[17] /home/travis/build/icyphy/ptII/ptolemy/domains/ptides/test/auto/FPScheduler1.xml (RunModel)" time="0.055" />
  <testcase classname="ptolemy.util.test.junit.AutoTests" name="[18] /home/travis/build/icyphy/ptII/ptolemy/domains/ptides/test/auto/Feedback.xml (RunModel)" time="0.052" />
  <testcase classname="ptolemy.util.test.junit.AutoTests" name="[19] /home/travis/build/icyphy/ptII/ptolemy/domains/ptides/test/auto/Feedback2.xml (RunModel)" time="0.058" />
  <testcase classname="ptolemy.util.test.junit.AutoTests" name="[20] /home/travis/build/icyphy/ptII/ptolemy/domains/ptides/test/auto/LocalSource.xml (RunModel)" time="0.094" />
  <testcase classname="ptolemy.util.test.junit.AutoTests" name="[21] /home/travis/build/icyphy/ptII/ptolemy/domains/ptides/test/auto/LocalSource3.xml (RunModel)" time="0.094" />
  <testcase classname="ptolemy.util.test.junit.AutoTests" name="[22] /home/travis/build/icyphy/ptII/ptolemy/domains/ptides/test/auto/LocalSourceActuator.xml (RunModel)" time="0.044" />
  <testcase classname="ptolemy.util.test.junit.AutoTests" name="[23] /home/travis/build/icyphy/ptII/ptolemy/domains/ptides/test/auto/Microstep.xml (RunModel)" time="0.065" />
  <testcase classname="ptolemy.util.test.junit.AutoTests" name="[24] /home/travis/build/icyphy/ptII/ptolemy/domains/ptides/test/auto/MixedSimulator.xml (RunModel)" time="0.092" />
  <testcase classname="ptolemy.util.test.junit.AutoTests" name="[25] /home/travis/build/icyphy/ptII/ptolemy/domains/ptides/test/auto/ModelDelay.xml (RunModel)" time="0.093" />
  <testcase classname="ptolemy.util.test.junit.AutoTests" name="[26] /home/travis/build/icyphy/ptII/ptolemy/domains/ptides/test/auto/MultiPlatformTDMA.xml (RunModel)" time="0.395" />
  <testcase classname="ptolemy.util.test.junit.AutoTests" name="[27] /home/travis/build/icyphy/ptII/ptolemy/domains/ptides/test/auto/MultiPlatformTDMA2.xml (RunModel)" time="0.248" />
  <testcase classname="ptolemy.util.test.junit.AutoTests" name="[28] /home/travis/build/icyphy/ptII/ptolemy/domains/ptides/test/auto/Network.xml (RunModel)" time="0.075" />
  <testcase classname="ptolemy.util.test.junit.AutoTests" name="[29] /home/travis/build/icyphy/ptII/ptolemy/domains/ptides/test/auto/Network1.xml (RunModel)" time="0.083" />
  <testcase classname="ptolemy.util.test.junit.AutoTests" name="[30] /home/travis/build/icyphy/ptII/ptolemy/domains/ptides/test/auto/Network2.xml (RunModel)" time="0.066" />
  <testcase classname="ptolemy.util.test.junit.AutoTests" name="[31] /home/travis/build/icyphy/ptII/ptolemy/domains/ptides/test/auto/Network3.xml (RunModel)" time="0.108" />
  <testcase classname="ptolemy.util.test.junit.AutoTests" name="[32] /home/travis/build/icyphy/ptII/ptolemy/domains/ptides/test/auto/Network4.xml (RunModel)" time="0.075" />
  <testcase classname="ptolemy.util.test.junit.AutoTests" name="[33] /home/travis/build/icyphy/ptII/ptolemy/domains/ptides/test/auto/NetworkMicrostepTest.xml (RunModel)" time="0.084" />
  <testcase classname="ptolemy.util.test.junit.AutoTests" name="[34] /home/travis/build/icyphy/ptII/ptolemy/domains/ptides/test/auto/NetworkPorts.xml (RunModel)" time="0.098" />
  <testcase classname="ptolemy.util.test.junit.AutoTests" name="[35] /home/travis/build/icyphy/ptII/ptolemy/domains/ptides/test/auto/OneMerger.xml (RunModel)" time="0.068" />
  <testcase classname="ptolemy.util.test.junit.AutoTests" name="[36] /home/travis/build/icyphy/ptII/ptolemy/domains/ptides/test/auto/OnePlatform.xml (RunModel)" time="0.116" />
  <testcase classname="ptolemy.util.test.junit.AutoTests" name="[37] /home/travis/build/icyphy/ptII/ptolemy/domains/ptides/test/auto/OnePlatform1.xml (RunModel)" time="0.086" />
  <testcase classname="ptolemy.util.test.junit.AutoTests" name="[38] /home/travis/build/icyphy/ptII/ptolemy/domains/ptides/test/auto/OnePlatform2.xml (RunModel)" time="0.09" />
  <testcase classname="ptolemy.util.test.junit.AutoTests" name="[39] /home/travis/build/icyphy/ptII/ptolemy/domains/ptides/test/auto/OnePlatform3.xml (RunModel)" time="0.071" />
  <testcase classname="ptolemy.util.test.junit.AutoTests" name="[40] /home/travis/build/icyphy/ptII/ptolemy/domains/ptides/test/auto/OnePlatform4.xml (RunModel)" time="0.091" />
  <testcase classname="ptolemy.util.test.junit.AutoTests" name="[41] /home/travis/build/icyphy/ptII/ptolemy/domains/ptides/test/auto/OnePlatform5.xml (RunModel)" time="0.075" />
  <testcase classname="ptolemy.util.test.junit.AutoTests" name="[42] /home/travis/build/icyphy/ptII/ptolemy/domains/ptides/test/auto/OnePlatformCausalLoop.xml (RunModel)" time="0.076" />
  <testcase classname="ptolemy.util.test.junit.AutoTests" name="[43] /home/travis/build/icyphy/ptII/ptolemy/domains/ptides/test/auto/OnePlatformRealTime.xml (RunModel)" time="0.063" />
  <testcase classname="ptolemy.util.test.junit.AutoTests" name="[44] /home/travis/build/icyphy/ptII/ptolemy/domains/ptides/test/auto/OnePlatformThreePathsRealDelay.xml (RunModel)" time="0.118" />
  <testcase classname="ptolemy.util.test.junit.AutoTests" name="[45] /home/travis/build/icyphy/ptII/ptolemy/domains/ptides/test/auto/OnePlatformminDelay.xml (RunModel)" time="0.068" />
  <testcase classname="ptolemy.util.test.junit.AutoTests" name="[46] /home/travis/build/icyphy/ptII/ptolemy/domains/ptides/test/auto/PowerManagementUnitSamplingWithCurrentLocalTime.xml (RunModel)" time="0.482" />
  <testcase classname="ptolemy.util.test.junit.AutoTests" name="[47] /home/travis/build/icyphy/ptII/ptolemy/domains/ptides/test/auto/PowerPlant.xml (RunModel)" time="0.568" />
  <testcase classname="ptolemy.util.test.junit.AutoTests" name="[48] /home/travis/build/icyphy/ptII/ptolemy/domains/ptides/test/auto/PreemptDeadline.xml (RunModel)" time="0.061" />
  <testcase classname="ptolemy.util.test.junit.AutoTests" name="[49] /home/travis/build/icyphy/ptII/ptolemy/domains/ptides/test/auto/PreemptEDFOnePlatformTwoPaths.xml (RunModel)" time="0.063" />
  <testcase classname="ptolemy.util.test.junit.AutoTests" name="[50] /home/travis/build/icyphy/ptII/ptolemy/domains/ptides/test/auto/PreemptOnePlatform.xml (RunModel)" time="0.05" />
  <testcase classname="ptolemy.util.test.junit.AutoTests" name="[51] /home/travis/build/icyphy/ptII/ptolemy/domains/ptides/test/auto/PrintingPress.xml (RunModel)" time="53.358" />
  <testcase classname="ptolemy.util.test.junit.AutoTests" name="[52] /home/travis/build/icyphy/ptII/ptolemy/domains/ptides/test/auto/PtidesMulticoreDirector.xml (RunModel)" time="0.09" />
  <testcase classname="ptolemy.util.test.junit.AutoTests" name="[53] /home/travis/build/icyphy/ptII/ptolemy/domains/ptides/test/auto/PtidesSynchrophasor.xml (RunModel)" time="2.548" />
  <testcase classname="ptolemy.util.test.junit.AutoTests" name="[54] /home/travis/build/icyphy/ptII/ptolemy/domains/ptides/test/auto/SafeToProcessInsideTransparent.xml (RunModel)" time="0.058" />
  <testcase classname="ptolemy.util.test.junit.AutoTests" name="[55] /home/travis/build/icyphy/ptII/ptolemy/domains/ptides/test/auto/SafeToProcessTwoPaths.xml (RunModel)" time="0.059" />
  <testcase classname="ptolemy.util.test.junit.AutoTests" name="[56] /home/travis/build/icyphy/ptII/ptolemy/domains/ptides/test/auto/Sensor.xml (RunModel)" time="0.036" />
  <testcase classname="ptolemy.util.test.junit.AutoTests" name="[57] /home/travis/build/icyphy/ptII/ptolemy/domains/ptides/test/auto/SensorActuatorModelDelayOnly.xml (RunModel)" time="0.04" />
  <testcase classname="ptolemy.util.test.junit.AutoTests" name="[58] /home/travis/build/icyphy/ptII/ptolemy/domains/ptides/test/auto/SensorActuatorNoDelay.xml (RunModel)" time="0.032" />
  <testcase classname="ptolemy.util.test.junit.AutoTests" name="[59] /home/travis/build/icyphy/ptII/ptolemy/domains/ptides/test/auto/TIIModalExample.xml (RunModel)" time="0.124" />
  <testcase classname="ptolemy.util.test.junit.AutoTests" name="[60] /home/travis/build/icyphy/ptII/ptolemy/domains/ptides/test/auto/TIIMultiPlatformPowerSupply.xml (RunModel)" time="1.435" />
  <testcase classname="ptolemy.util.test.junit.AutoTests" name="[61] /home/travis/build/icyphy/ptII/ptolemy/domains/ptides/test/auto/TIIPowerPlant.xml (RunModel)" time="0.527" />
  <testcase classname="ptolemy.util.test.junit.AutoTests" name="[62] /home/travis/build/icyphy/ptII/ptolemy/domains/ptides/test/auto/TIIPowerPlantHeartbeat.xml (RunModel)" time="0.177" />
  <testcase classname="ptolemy.util.test.junit.AutoTests" name="[63] /home/travis/build/icyphy/ptII/ptolemy/domains/ptides/test/auto/TwoMergers.xml (RunModel)" time="0.066" />
  <testcase classname="ptolemy.util.test.junit.AutoTests" name="[64] /home/travis/build/icyphy/ptII/ptolemy/domains/ptides/test/auto/TwoTasks.xml (RunModel)" time="0.07" />
  <testcase classname="ptolemy.util.test.junit.AutoTests" name="[65] /home/travis/build/icyphy/ptII/ptolemy/domains/ptides/test/auto/TwoTasksInSequence.xml (RunModel)" time="0.088" />
  <testcase classname="ptolemy.util.test.junit.AutoTests" name="[66] /home/travis/build/icyphy/ptII/ptolemy/domains/ptides/test/auto/VariableDelay.xml (RunModel)" time="0.04" />
  <system-out><![CDATA[No tcl tests in /home/travis/build/icyphy/ptII/ptolemy/domains/ptides/test
No auto/knownFailedTests/*.xml tests in /home/travis/build/icyphy/ptII/ptolemy/domains/ptides/test
No auto/*.xml tests in /home/travis/build/icyphy/ptII/ptolemy/domains/ptides/test
AutoTests.java: About to close Vertx.
AutoTests.java: Vertx closed.
----------------- testing Tue May 22 18:26:50 UTC 2018 /home/travis/build/icyphy/ptII/ptolemy/domains/ptides/test/auto/2FPSchedulers.xml
----------------- Instantiating /home/travis/build/icyphy/ptII/ptolemy/domains/ptides/test/auto/2FPSchedulers.xml
79 ms. Memory: 116224K Free: 99110K (85%)
----------------- Invoking toplevel() on ptolemy.moml.MoMLSimpleApplication@3ea16fa4
----------------- Done invoking toplevel() on ptolemy.moml.MoMLSimpleApplication@3ea16fa4
reloadAllAccessors: .2FPSchedulers
----------------- testing Tue May 22 18:26:51 UTC 2018 /home/travis/build/icyphy/ptII/ptolemy/domains/ptides/test/auto/AddEDFDelayOffset.xml
----------------- Instantiating /home/travis/build/icyphy/ptII/ptolemy/domains/ptides/test/auto/AddEDFDelayOffset.xml
36 ms. Memory: 116224K Free: 84161K (72%)
----------------- Invoking toplevel() on ptolemy.moml.MoMLSimpleApplication@1d61c318
----------------- Done invoking toplevel() on ptolemy.moml.MoMLSimpleApplication@1d61c318
reloadAllAccessors: .AddEDFDelayOffset
----------------- testing Tue May 22 18:26:51 UTC 2018 /home/travis/build/icyphy/ptII/ptolemy/domains/ptides/test/auto/AutoThrottling.xml
----------------- Instantiating /home/travis/build/icyphy/ptII/ptolemy/domains/ptides/test/auto/AutoThrottling.xml
23 ms. Memory: 116224K Free: 108205K (93%)
----------------- Invoking toplevel() on ptolemy.moml.MoMLSimpleApplication@72d70109
----------------- Done invoking toplevel() on ptolemy.moml.MoMLSimpleApplication@72d70109
reloadAllAccessors: .AutoThrottling
----------------- testing Tue May 22 18:26:51 UTC 2018 /home/travis/build/icyphy/ptII/ptolemy/domains/ptides/test/auto/ClockDrift.xml
----------------- Instantiating /home/travis/build/icyphy/ptII/ptolemy/domains/ptides/test/auto/ClockDrift.xml
18 ms. Memory: 116224K Free: 99332K (85%)
----------------- Invoking toplevel() on ptolemy.moml.MoMLSimpleApplication@22a6df36
----------------- Done invoking toplevel() on ptolemy.moml.MoMLSimpleApplication@22a6df36
reloadAllAccessors: .ClockDrift
----------------- testing Tue May 22 18:26:51 UTC 2018 /home/travis/build/icyphy/ptII/ptolemy/domains/ptides/test/auto/ClockDrift1.xml
----------------- Instantiating /home/travis/build/icyphy/ptII/ptolemy/domains/ptides/test/auto/ClockDrift1.xml
15 ms. Memory: 116224K Free: 89926K (77%)
----------------- Invoking toplevel() on ptolemy.moml.MoMLSimpleApplication@4764500
----------------- Done invoking toplevel() on ptolemy.moml.MoMLSimpleApplication@4764500
reloadAllAccessors: .ClockDrift1
----------------- testing Tue May 22 18:26:51 UTC 2018 /home/travis/build/icyphy/ptII/ptolemy/domains/ptides/test/auto/CoSimulation.xml
----------------- Instantiating /home/travis/build/icyphy/ptII/ptolemy/domains/ptides/test/auto/CoSimulation.xml
1530 ms. Memory: 209920K Free: 156841K (75%)
----------------- Invoking toplevel() on ptolemy.moml.MoMLSimpleApplication@4bf16a9f
----------------- Done invoking toplevel() on ptolemy.moml.MoMLSimpleApplication@4bf16a9f
reloadAllAccessors: .CoSimulation
----------------- testing Tue May 22 18:26:54 UTC 2018 /home/travis/build/icyphy/ptII/ptolemy/domains/ptides/test/auto/Continuous.xml
----------------- Instantiating /home/travis/build/icyphy/ptII/ptolemy/domains/ptides/test/auto/Continuous.xml
37 ms. Memory: 209920K Free: 141608K (67%)
----------------- Invoking toplevel() on ptolemy.moml.MoMLSimpleApplication@1b4391f6
----------------- Done invoking toplevel() on ptolemy.moml.MoMLSimpleApplication@1b4391f6
reloadAllAccessors: .Continuous
----------------- testing Tue May 22 18:26:54 UTC 2018 /home/travis/build/icyphy/ptII/ptolemy/domains/ptides/test/auto/Controller.xml
----------------- Instantiating /home/travis/build/icyphy/ptII/ptolemy/domains/ptides/test/auto/Controller.xml
2463 ms. Memory: 332800K Free: 207879K (62%)
----------------- Invoking toplevel() on ptolemy.moml.MoMLSimpleApplication@828bb12
----------------- Done invoking toplevel() on ptolemy.moml.MoMLSimpleApplication@828bb12
reloadAllAccessors: .Controller
----------------- testing Tue May 22 18:26:56 UTC 2018 /home/travis/build/icyphy/ptII/ptolemy/domains/ptides/test/auto/DCASwith1FCFSScheduler.xml
----------------- Instantiating /home/travis/build/icyphy/ptII/ptolemy/domains/ptides/test/auto/DCASwith1FCFSScheduler.xml
12 ms. Memory: 332800K Free: 185646K (56%)
----------------- Invoking toplevel() on ptolemy.moml.MoMLSimpleApplication@622bf32
----------------- Done invoking toplevel() on ptolemy.moml.MoMLSimpleApplication@622bf32
reloadAllAccessors: .DCASwith1FCFSScheduler
----------------- testing Tue May 22 18:26:57 UTC 2018 /home/travis/build/icyphy/ptII/ptolemy/domains/ptides/test/auto/DCASwith2FCFSSchedulers.xml
----------------- Instantiating /home/travis/build/icyphy/ptII/ptolemy/domains/ptides/test/auto/DCASwith2FCFSSchedulers.xml
11 ms. Memory: 332800K Free: 160973K (48%)
----------------- Invoking toplevel() on ptolemy.moml.MoMLSimpleApplication@6260bf7e
----------------- Done invoking toplevel() on ptolemy.moml.MoMLSimpleApplication@6260bf7e
reloadAllAccessors: .DCASwith2FCFSSchedulers
----------------- testing Tue May 22 18:26:57 UTC 2018 /home/travis/build/icyphy/ptII/ptolemy/domains/ptides/test/auto/DistributedPowerPlant.xml
----------------- Instantiating /home/travis/build/icyphy/ptII/ptolemy/domains/ptides/test/auto/DistributedPowerPlant.xml
541 ms. Memory: 332800K Free: 282755K (85%)
----------------- Invoking toplevel() on ptolemy.moml.MoMLSimpleApplication@7b8a30ac
----------------- Done invoking toplevel() on ptolemy.moml.MoMLSimpleApplication@7b8a30ac
reloadAllAccessors: .DistributedPowerPlant
----------------- testing Tue May 22 18:26:58 UTC 2018 /home/travis/build/icyphy/ptII/ptolemy/domains/ptides/test/auto/EDFPreempt.xml
----------------- Instantiating /home/travis/build/icyphy/ptII/ptolemy/domains/ptides/test/auto/EDFPreempt.xml
29 ms. Memory: 332800K Free: 265701K (80%)
----------------- Invoking toplevel() on ptolemy.moml.MoMLSimpleApplication@4161d227
----------------- Done invoking toplevel() on ptolemy.moml.MoMLSimpleApplication@4161d227
reloadAllAccessors: .EDFPreempt
----------------- testing Tue May 22 18:26:58 UTC 2018 /home/travis/build/icyphy/ptII/ptolemy/domains/ptides/test/auto/EDFPreempt1.xml
----------------- Instantiating /home/travis/build/icyphy/ptII/ptolemy/domains/ptides/test/auto/EDFPreempt1.xml
51 ms. Memory: 332800K Free: 241983K (73%)
----------------- Invoking toplevel() on ptolemy.moml.MoMLSimpleApplication@512f248d
----------------- Done invoking toplevel() on ptolemy.moml.MoMLSimpleApplication@512f248d
reloadAllAccessors: .EDFPreempt1
----------------- testing Tue May 22 18:26:58 UTC 2018 /home/travis/build/icyphy/ptII/ptolemy/domains/ptides/test/auto/EDFScheduler.xml
----------------- Instantiating /home/travis/build/icyphy/ptII/ptolemy/domains/ptides/test/auto/EDFScheduler.xml
14 ms. Memory: 332800K Free: 222241K (67%)
----------------- Invoking toplevel() on ptolemy.moml.MoMLSimpleApplication@4a4dcab3
----------------- Done invoking toplevel() on ptolemy.moml.MoMLSimpleApplication@4a4dcab3
reloadAllAccessors: .EDFScheduler
----------------- testing Tue May 22 18:26:58 UTC 2018 /home/travis/build/icyphy/ptII/ptolemy/domains/ptides/test/auto/EDFScheduler1.xml
----------------- Instantiating /home/travis/build/icyphy/ptII/ptolemy/domains/ptides/test/auto/EDFScheduler1.xml
14 ms. Memory: 332800K Free: 200178K (60%)
----------------- Invoking toplevel() on ptolemy.moml.MoMLSimpleApplication@1e2d1c19
----------------- Done invoking toplevel() on ptolemy.moml.MoMLSimpleApplication@1e2d1c19
reloadAllAccessors: .EDFScheduler1
----------------- testing Tue May 22 18:26:58 UTC 2018 /home/travis/build/icyphy/ptII/ptolemy/domains/ptides/test/auto/EDFTwoAddSub.xml
----------------- Instantiating /home/travis/build/icyphy/ptII/ptolemy/domains/ptides/test/auto/EDFTwoAddSub.xml
83 ms. Memory: 332800K Free: 165626K (50%)
----------------- Invoking toplevel() on ptolemy.moml.MoMLSimpleApplication@1217fde8
----------------- Done invoking toplevel() on ptolemy.moml.MoMLSimpleApplication@1217fde8
reloadAllAccessors: .EDFTwoAddSub
----------------- testing Tue May 22 18:26:58 UTC 2018 /home/travis/build/icyphy/ptII/ptolemy/domains/ptides/test/auto/FCFSScheduler.xml
----------------- Instantiating /home/travis/build/icyphy/ptII/ptolemy/domains/ptides/test/auto/FCFSScheduler.xml
8 ms. Memory: 332800K Free: 148494K (45%)
----------------- Invoking toplevel() on ptolemy.moml.MoMLSimpleApplication@38a2fe10
----------------- Done invoking toplevel() on ptolemy.moml.MoMLSimpleApplication@38a2fe10
reloadAllAccessors: .FCFSScheduler
----------------- testing Tue May 22 18:26:58 UTC 2018 /home/travis/build/icyphy/ptII/ptolemy/domains/ptides/test/auto/FPScheduler1.xml
----------------- Instantiating /home/travis/build/icyphy/ptII/ptolemy/domains/ptides/test/auto/FPScheduler1.xml
9 ms. Memory: 332800K Free: 133724K (40%)
----------------- Invoking toplevel() on ptolemy.moml.MoMLSimpleApplication@692be9c6
----------------- Done invoking toplevel() on ptolemy.moml.MoMLSimpleApplication@692be9c6
reloadAllAccessors: .FPScheduler1
----------------- testing Tue May 22 18:26:58 UTC 2018 /home/travis/build/icyphy/ptII/ptolemy/domains/ptides/test/auto/Feedback.xml
----------------- Instantiating /home/travis/build/icyphy/ptII/ptolemy/domains/ptides/test/auto/Feedback.xml
17 ms. Memory: 332800K Free: 119892K (36%)
----------------- Invoking toplevel() on ptolemy.moml.MoMLSimpleApplication@100863c
----------------- Done invoking toplevel() on ptolemy.moml.MoMLSimpleApplication@100863c
reloadAllAccessors: .Feedback
----------------- testing Tue May 22 18:26:58 UTC 2018 /home/travis/build/icyphy/ptII/ptolemy/domains/ptides/test/auto/Feedback2.xml
----------------- Instantiating /home/travis/build/icyphy/ptII/ptolemy/domains/ptides/test/auto/Feedback2.xml
24 ms. Memory: 332800K Free: 106729K (32%)
----------------- Invoking toplevel() on ptolemy.moml.MoMLSimpleApplication@6fabbd35
----------------- Done invoking toplevel() on ptolemy.moml.MoMLSimpleApplication@6fabbd35
reloadAllAccessors: .Feedback2
----------------- testing Tue May 22 18:26:59 UTC 2018 /home/travis/build/icyphy/ptII/ptolemy/domains/ptides/test/auto/LocalSource.xml
----------------- Instantiating /home/travis/build/icyphy/ptII/ptolemy/domains/ptides/test/auto/LocalSource.xml
28 ms. Memory: 332800K Free: 87974K (26%)
----------------- Invoking toplevel() on ptolemy.moml.MoMLSimpleApplication@130753b0
----------------- Done invoking toplevel() on ptolemy.moml.MoMLSimpleApplication@130753b0
reloadAllAccessors: .LocalSource
----------------- testing Tue May 22 18:26:59 UTC 2018 /home/travis/build/icyphy/ptII/ptolemy/domains/ptides/test/auto/LocalSource3.xml
----------------- Instantiating /home/travis/build/icyphy/ptII/ptolemy/domains/ptides/test/auto/LocalSource3.xml
25 ms. Memory: 479744K Free: 464749K (97%)
----------------- Invoking toplevel() on ptolemy.moml.MoMLSimpleApplication@7b8b6e8f
----------------- Done invoking toplevel() on ptolemy.moml.MoMLSimpleApplication@7b8b6e8f
reloadAllAccessors: .LocalSource3
----------------- testing Tue May 22 18:26:59 UTC 2018 /home/travis/build/icyphy/ptII/ptolemy/domains/ptides/test/auto/LocalSourceActuator.xml
----------------- Instantiating /home/travis/build/icyphy/ptII/ptolemy/domains/ptides/test/auto/LocalSourceActuator.xml
8 ms. Memory: 479744K Free: 450867K (94%)
----------------- Invoking toplevel() on ptolemy.moml.MoMLSimpleApplication@443a5b32
----------------- Done invoking toplevel() on ptolemy.moml.MoMLSimpleApplication@443a5b32
reloadAllAccessors: .LocalSourceActuator
----------------- testing Tue May 22 18:26:59 UTC 2018 /home/travis/build/icyphy/ptII/ptolemy/domains/ptides/test/auto/Microstep.xml
----------------- Instantiating /home/travis/build/icyphy/ptII/ptolemy/domains/ptides/test/auto/Microstep.xml
14 ms. Memory: 479744K Free: 437670K (91%)
----------------- Invoking toplevel() on ptolemy.moml.MoMLSimpleApplication@695a248a
----------------- Done invoking toplevel() on ptolemy.moml.MoMLSimpleApplication@695a248a
reloadAllAccessors: .Microstep
----------------- testing Tue May 22 18:26:59 UTC 2018 /home/travis/build/icyphy/ptII/ptolemy/domains/ptides/test/auto/MixedSimulator.xml
----------------- Instantiating /home/travis/build/icyphy/ptII/ptolemy/domains/ptides/test/auto/MixedSimulator.xml
30 ms. Memory: 479744K Free: 415933K (87%)
----------------- Invoking toplevel() on ptolemy.moml.MoMLSimpleApplication@223a3d6c
----------------- Done invoking toplevel() on ptolemy.moml.MoMLSimpleApplication@223a3d6c
reloadAllAccessors: .MixedSimulator
----------------- testing Tue May 22 18:26:59 UTC 2018 /home/travis/build/icyphy/ptII/ptolemy/domains/ptides/test/auto/ModelDelay.xml
----------------- Instantiating /home/travis/build/icyphy/ptII/ptolemy/domains/ptides/test/auto/ModelDelay.xml
18 ms. Memory: 479744K Free: 402827K (84%)
----------------- Invoking toplevel() on ptolemy.moml.MoMLSimpleApplication@647fccab
----------------- Done invoking toplevel() on ptolemy.moml.MoMLSimpleApplication@647fccab
reloadAllAccessors: .ModelDelay
----------------- testing Tue May 22 18:26:59 UTC 2018 /home/travis/build/icyphy/ptII/ptolemy/domains/ptides/test/auto/MultiPlatformTDMA.xml
----------------- Instantiating /home/travis/build/icyphy/ptII/ptolemy/domains/ptides/test/auto/MultiPlatformTDMA.xml
98 ms. Memory: 479744K Free: 352235K (73%)
----------------- Invoking toplevel() on ptolemy.moml.MoMLSimpleApplication@55d8c08c
----------------- Done invoking toplevel() on ptolemy.moml.MoMLSimpleApplication@55d8c08c
reloadAllAccessors: .MultiPlatformTDMA
----------------- testing Tue May 22 18:26:59 UTC 2018 /home/travis/build/icyphy/ptII/ptolemy/domains/ptides/test/auto/MultiPlatformTDMA2.xml
----------------- Instantiating /home/travis/build/icyphy/ptII/ptolemy/domains/ptides/test/auto/MultiPlatformTDMA2.xml
102 ms. Memory: 479744K Free: 302372K (63%)
----------------- Invoking toplevel() on ptolemy.moml.MoMLSimpleApplication@2ab38f95
----------------- Done invoking toplevel() on ptolemy.moml.MoMLSimpleApplication@2ab38f95
reloadAllAccessors: .MultiPlatformTDMA2
----------------- testing Tue May 22 18:27:00 UTC 2018 /home/travis/build/icyphy/ptII/ptolemy/domains/ptides/test/auto/Network.xml
----------------- Instantiating /home/travis/build/icyphy/ptII/ptolemy/domains/ptides/test/auto/Network.xml
15 ms. Memory: 479744K Free: 283245K (59%)
----------------- Invoking toplevel() on ptolemy.moml.MoMLSimpleApplication@2287c209
----------------- Done invoking toplevel() on ptolemy.moml.MoMLSimpleApplication@2287c209
reloadAllAccessors: .Network
----------------- testing Tue May 22 18:27:00 UTC 2018 /home/travis/build/icyphy/ptII/ptolemy/domains/ptides/test/auto/Network1.xml
----------------- Instantiating /home/travis/build/icyphy/ptII/ptolemy/domains/ptides/test/auto/Network1.xml
14 ms. Memory: 479744K Free: 264886K (55%)
----------------- Invoking toplevel() on ptolemy.moml.MoMLSimpleApplication@c29fd07
----------------- Done invoking toplevel() on ptolemy.moml.MoMLSimpleApplication@c29fd07
reloadAllAccessors: .Network1
----------------- testing Tue May 22 18:27:00 UTC 2018 /home/travis/build/icyphy/ptII/ptolemy/domains/ptides/test/auto/Network2.xml
----------------- Instantiating /home/travis/build/icyphy/ptII/ptolemy/domains/ptides/test/auto/Network2.xml
11 ms. Memory: 479744K Free: 248370K (52%)
----------------- Invoking toplevel() on ptolemy.moml.MoMLSimpleApplication@1d1d1616
----------------- Done invoking toplevel() on ptolemy.moml.MoMLSimpleApplication@1d1d1616
reloadAllAccessors: .Network2
----------------- testing Tue May 22 18:27:00 UTC 2018 /home/travis/build/icyphy/ptII/ptolemy/domains/ptides/test/auto/Network3.xml
----------------- Instantiating /home/travis/build/icyphy/ptII/ptolemy/domains/ptides/test/auto/Network3.xml
16 ms. Memory: 479744K Free: 216880K (45%)
----------------- Invoking toplevel() on ptolemy.moml.MoMLSimpleApplication@165ed8f3
----------------- Done invoking toplevel() on ptolemy.moml.MoMLSimpleApplication@165ed8f3
reloadAllAccessors: .Network3
----------------- testing Tue May 22 18:27:00 UTC 2018 /home/travis/build/icyphy/ptII/ptolemy/domains/ptides/test/auto/Network4.xml
----------------- Instantiating /home/travis/build/icyphy/ptII/ptolemy/domains/ptides/test/auto/Network4.xml
12 ms. Memory: 479744K Free: 197754K (41%)
----------------- Invoking toplevel() on ptolemy.moml.MoMLSimpleApplication@7fa2f975
----------------- Done invoking toplevel() on ptolemy.moml.MoMLSimpleApplication@7fa2f975
reloadAllAccessors: .Network4
----------------- testing Tue May 22 18:27:00 UTC 2018 /home/travis/build/icyphy/ptII/ptolemy/domains/ptides/test/auto/NetworkMicrostepTest.xml
----------------- Instantiating /home/travis/build/icyphy/ptII/ptolemy/domains/ptides/test/auto/NetworkMicrostepTest.xml
14 ms. Memory: 479744K Free: 179379K (37%)
----------------- Invoking toplevel() on ptolemy.moml.MoMLSimpleApplication@234b18d
----------------- Done invoking toplevel() on ptolemy.moml.MoMLSimpleApplication@234b18d
reloadAllAccessors: .NetworkMicrostepTest
----------------- testing Tue May 22 18:27:00 UTC 2018 /home/travis/build/icyphy/ptII/ptolemy/domains/ptides/test/auto/NetworkPorts.xml
----------------- Instantiating /home/travis/build/icyphy/ptII/ptolemy/domains/ptides/test/auto/NetworkPorts.xml
12 ms. Memory: 479744K Free: 154977K (32%)
----------------- Invoking toplevel() on ptolemy.moml.MoMLSimpleApplication@764abdf3
----------------- Done invoking toplevel() on ptolemy.moml.MoMLSimpleApplication@764abdf3
reloadAllAccessors: .NetworkPorts
----------------- testing Tue May 22 18:27:00 UTC 2018 /home/travis/build/icyphy/ptII/ptolemy/domains/ptides/test/auto/OneMerger.xml
----------------- Instantiating /home/travis/build/icyphy/ptII/ptolemy/domains/ptides/test/auto/OneMerger.xml
6 ms. Memory: 479744K Free: 136618K (28%)
----------------- Invoking toplevel() on ptolemy.moml.MoMLSimpleApplication@20c47a47
----------------- Done invoking toplevel() on ptolemy.moml.MoMLSimpleApplication@20c47a47
reloadAllAccessors: .OneMerger
----------------- testing Tue May 22 18:27:00 UTC 2018 /home/travis/build/icyphy/ptII/ptolemy/domains/ptides/test/auto/OnePlatform.xml
----------------- Instantiating /home/travis/build/icyphy/ptII/ptolemy/domains/ptides/test/auto/OnePlatform.xml
29 ms. Memory: 479744K Free: 112247K (23%)
----------------- Invoking toplevel() on ptolemy.moml.MoMLSimpleApplication@364cd21a
----------------- Done invoking toplevel() on ptolemy.moml.MoMLSimpleApplication@364cd21a
reloadAllAccessors: .OnePlatform
----------------- testing Tue May 22 18:27:00 UTC 2018 /home/travis/build/icyphy/ptII/ptolemy/domains/ptides/test/auto/OnePlatform1.xml
----------------- Instantiating /home/travis/build/icyphy/ptII/ptolemy/domains/ptides/test/auto/OnePlatform1.xml
21 ms. Memory: 479744K Free: 93888K (20%)
----------------- Invoking toplevel() on ptolemy.moml.MoMLSimpleApplication@378028a8
----------------- Done invoking toplevel() on ptolemy.moml.MoMLSimpleApplication@378028a8
reloadAllAccessors: .OnePlatform1
----------------- testing Tue May 22 18:27:01 UTC 2018 /home/travis/build/icyphy/ptII/ptolemy/domains/ptides/test/auto/OnePlatform2.xml
----------------- Instantiating /home/travis/build/icyphy/ptII/ptolemy/domains/ptides/test/auto/OnePlatform2.xml
19 ms. Memory: 480256K Free: 465561K (97%)
----------------- Invoking toplevel() on ptolemy.moml.MoMLSimpleApplication@66cba1e4
----------------- Done invoking toplevel() on ptolemy.moml.MoMLSimpleApplication@66cba1e4
reloadAllAccessors: .OnePlatform2
----------------- testing Tue May 22 18:27:01 UTC 2018 /home/travis/build/icyphy/ptII/ptolemy/domains/ptides/test/auto/OnePlatform3.xml
----------------- Instantiating /home/travis/build/icyphy/ptII/ptolemy/domains/ptides/test/auto/OnePlatform3.xml
18 ms. Memory: 480256K Free: 446662K (93%)
----------------- Invoking toplevel() on ptolemy.moml.MoMLSimpleApplication@2c6f6f9a
----------------- Done invoking toplevel() on ptolemy.moml.MoMLSimpleApplication@2c6f6f9a
reloadAllAccessors: .OnePlatform3
----------------- testing Tue May 22 18:27:01 UTC 2018 /home/travis/build/icyphy/ptII/ptolemy/domains/ptides/test/auto/OnePlatform4.xml
----------------- Instantiating /home/travis/build/icyphy/ptII/ptolemy/domains/ptides/test/auto/OnePlatform4.xml
20 ms. Memory: 480256K Free: 422496K (88%)
----------------- Invoking toplevel() on ptolemy.moml.MoMLSimpleApplication@61475bf2
----------------- Done invoking toplevel() on ptolemy.moml.MoMLSimpleApplication@61475bf2
reloadAllAccessors: .OnePlatform4
----------------- testing Tue May 22 18:27:01 UTC 2018 /home/travis/build/icyphy/ptII/ptolemy/domains/ptides/test/auto/OnePlatform5.xml
----------------- Instantiating /home/travis/build/icyphy/ptII/ptolemy/domains/ptides/test/auto/OnePlatform5.xml
13 ms. Memory: 480256K Free: 403589K (84%)
----------------- Invoking toplevel() on ptolemy.moml.MoMLSimpleApplication@67da82cf
----------------- Done invoking toplevel() on ptolemy.moml.MoMLSimpleApplication@67da82cf
reloadAllAccessors: .OnePlatform5
----------------- testing Tue May 22 18:27:01 UTC 2018 /home/travis/build/icyphy/ptII/ptolemy/domains/ptides/test/auto/OnePlatformCausalLoop.xml
----------------- Instantiating /home/travis/build/icyphy/ptII/ptolemy/domains/ptides/test/auto/OnePlatformCausalLoop.xml
13 ms. Memory: 480256K Free: 385223K (80%)
----------------- Invoking toplevel() on ptolemy.moml.MoMLSimpleApplication@61355088
----------------- Done invoking toplevel() on ptolemy.moml.MoMLSimpleApplication@61355088
reloadAllAccessors: .OnePlatformCausalLoop
----------------- testing Tue May 22 18:27:01 UTC 2018 /home/travis/build/icyphy/ptII/ptolemy/domains/ptides/test/auto/OnePlatformRealTime.xml
----------------- Instantiating /home/travis/build/icyphy/ptII/ptolemy/domains/ptides/test/auto/OnePlatformRealTime.xml
12 ms. Memory: 480256K Free: 368934K (77%)
----------------- Invoking toplevel() on ptolemy.moml.MoMLSimpleApplication@ee70a65
----------------- Done invoking toplevel() on ptolemy.moml.MoMLSimpleApplication@ee70a65
reloadAllAccessors: .OnePlatformRealTime
----------------- testing Tue May 22 18:27:01 UTC 2018 /home/travis/build/icyphy/ptII/ptolemy/domains/ptides/test/auto/OnePlatformThreePathsRealDelay.xml
----------------- Instantiating /home/travis/build/icyphy/ptII/ptolemy/domains/ptides/test/auto/OnePlatformThreePathsRealDelay.xml
37 ms. Memory: 480256K Free: 339515K (71%)
----------------- Invoking toplevel() on ptolemy.moml.MoMLSimpleApplication@13439b15
----------------- Done invoking toplevel() on ptolemy.moml.MoMLSimpleApplication@13439b15
reloadAllAccessors: .OnePlatformThreePathsRealDelay
----------------- testing Tue May 22 18:27:01 UTC 2018 /home/travis/build/icyphy/ptII/ptolemy/domains/ptides/test/auto/OnePlatformminDelay.xml
----------------- Instantiating /home/travis/build/icyphy/ptII/ptolemy/domains/ptides/test/auto/OnePlatformminDelay.xml
14 ms. Memory: 480256K Free: 320624K (67%)
----------------- Invoking toplevel() on ptolemy.moml.MoMLSimpleApplication@327b33d
----------------- Done invoking toplevel() on ptolemy.moml.MoMLSimpleApplication@327b33d
reloadAllAccessors: .OnePlatformminDelay
----------------- testing Tue May 22 18:27:01 UTC 2018 /home/travis/build/icyphy/ptII/ptolemy/domains/ptides/test/auto/PowerManagementUnitSamplingWithCurrentLocalTime.xml
----------------- Instantiating /home/travis/build/icyphy/ptII/ptolemy/domains/ptides/test/auto/PowerManagementUnitSamplingWithCurrentLocalTime.xml
229 ms. Memory: 480256K Free: 210401K (44%)
----------------- Invoking toplevel() on ptolemy.moml.MoMLSimpleApplication@2f818124
----------------- Done invoking toplevel() on ptolemy.moml.MoMLSimpleApplication@2f818124
reloadAllAccessors: .PowerManagementUnitSamplingWithCurrentLocalTime
----------------- testing Tue May 22 18:27:02 UTC 2018 /home/travis/build/icyphy/ptII/ptolemy/domains/ptides/test/auto/PowerPlant.xml
----------------- Instantiating /home/travis/build/icyphy/ptII/ptolemy/domains/ptides/test/auto/PowerPlant.xml
336 ms. Memory: 480256K Free: 91751K (19%)
----------------- Invoking toplevel() on ptolemy.moml.MoMLSimpleApplication@471f3387
----------------- Done invoking toplevel() on ptolemy.moml.MoMLSimpleApplication@471f3387
reloadAllAccessors: .PowerPlant
----------------- testing Tue May 22 18:27:02 UTC 2018 /home/travis/build/icyphy/ptII/ptolemy/domains/ptides/test/auto/PreemptDeadline.xml
----------------- Instantiating /home/travis/build/icyphy/ptII/ptolemy/domains/ptides/test/auto/PreemptDeadline.xml
17 ms. Memory: 456192K Free: 442941K (97%)
----------------- Invoking toplevel() on ptolemy.moml.MoMLSimpleApplication@79c01542
----------------- Done invoking toplevel() on ptolemy.moml.MoMLSimpleApplication@79c01542
reloadAllAccessors: .PtidesBasicPreemptDeadline
----------------- testing Tue May 22 18:27:02 UTC 2018 /home/travis/build/icyphy/ptII/ptolemy/domains/ptides/test/auto/PreemptEDFOnePlatformTwoPaths.xml
----------------- Instantiating /home/travis/build/icyphy/ptII/ptolemy/domains/ptides/test/auto/PreemptEDFOnePlatformTwoPaths.xml
13 ms. Memory: 456192K Free: 423337K (93%)
----------------- Invoking toplevel() on ptolemy.moml.MoMLSimpleApplication@471f9470
----------------- Done invoking toplevel() on ptolemy.moml.MoMLSimpleApplication@471f9470
reloadAllAccessors: .PreemptEDFOnePlatformTwoPaths
----------------- testing Tue May 22 18:27:02 UTC 2018 /home/travis/build/icyphy/ptII/ptolemy/domains/ptides/test/auto/PreemptOnePlatform.xml
----------------- Instantiating /home/travis/build/icyphy/ptII/ptolemy/domains/ptides/test/auto/PreemptOnePlatform.xml
10 ms. Memory: 456192K Free: 405460K (89%)
----------------- Invoking toplevel() on ptolemy.moml.MoMLSimpleApplication@59a35670
----------------- Done invoking toplevel() on ptolemy.moml.MoMLSimpleApplication@59a35670
reloadAllAccessors: .PreemptOnePlatform
----------------- testing Tue May 22 18:27:02 UTC 2018 /home/travis/build/icyphy/ptII/ptolemy/domains/ptides/test/auto/PrintingPress.xml
----------------- Instantiating /home/travis/build/icyphy/ptII/ptolemy/domains/ptides/test/auto/PrintingPress.xml
52057 ms. Memory: 432128K Free: 99054K (23%)
----------------- Invoking toplevel() on ptolemy.moml.MoMLSimpleApplication@24c59663
----------------- Done invoking toplevel() on ptolemy.moml.MoMLSimpleApplication@24c59663
reloadAllAccessors: .PrintingPress
----------------- testing Tue May 22 18:27:56 UTC 2018 /home/travis/build/icyphy/ptII/ptolemy/domains/ptides/test/auto/PtidesMulticoreDirector.xml
----------------- Instantiating /home/travis/build/icyphy/ptII/ptolemy/domains/ptides/test/auto/PtidesMulticoreDirector.xml
13 ms. Memory: 432128K Free: 60704K (14%)
----------------- Invoking toplevel() on ptolemy.moml.MoMLSimpleApplication@4f08e439
----------------- Done invoking toplevel() on ptolemy.moml.MoMLSimpleApplication@4f08e439
reloadAllAccessors: .PtidesMulticoreDirector
----------------- testing Tue May 22 18:27:56 UTC 2018 /home/travis/build/icyphy/ptII/ptolemy/domains/ptides/test/auto/PtidesSynchrophasor.xml
----------------- Instantiating /home/travis/build/icyphy/ptII/ptolemy/domains/ptides/test/auto/PtidesSynchrophasor.xml
2291 ms. Memory: 421888K Free: 113836K (27%)
----------------- Invoking toplevel() on ptolemy.moml.MoMLSimpleApplication@741f4a14
----------------- Done invoking toplevel() on ptolemy.moml.MoMLSimpleApplication@741f4a14
reloadAllAccessors: .PtidesSynchrophasor
----------------- testing Tue May 22 18:27:58 UTC 2018 /home/travis/build/icyphy/ptII/ptolemy/domains/ptides/test/auto/SafeToProcessInsideTransparent.xml
----------------- Instantiating /home/travis/build/icyphy/ptII/ptolemy/domains/ptides/test/auto/SafeToProcessInsideTransparent.xml
18 ms. Memory: 421888K Free: 93305K (22%)
----------------- Invoking toplevel() on ptolemy.moml.MoMLSimpleApplication@78d9bc7f
----------------- Done invoking toplevel() on ptolemy.moml.MoMLSimpleApplication@78d9bc7f
reloadAllAccessors: .SafeToProcessInsideTransparent
----------------- testing Tue May 22 18:27:59 UTC 2018 /home/travis/build/icyphy/ptII/ptolemy/domains/ptides/test/auto/SafeToProcessTwoPaths.xml
----------------- Instantiating /home/travis/build/icyphy/ptII/ptolemy/domains/ptides/test/auto/SafeToProcessTwoPaths.xml
9 ms. Memory: 421888K Free: 66047K (16%)
----------------- Invoking toplevel() on ptolemy.moml.MoMLSimpleApplication@44c5c71d
----------------- Done invoking toplevel() on ptolemy.moml.MoMLSimpleApplication@44c5c71d
reloadAllAccessors: .SafeToProcessTwoPaths
----------------- testing Tue May 22 18:27:59 UTC 2018 /home/travis/build/icyphy/ptII/ptolemy/domains/ptides/test/auto/Sensor.xml
----------------- Instantiating /home/travis/build/icyphy/ptII/ptolemy/domains/ptides/test/auto/Sensor.xml
7 ms. Memory: 403968K Free: 369351K (91%)
----------------- Invoking toplevel() on ptolemy.moml.MoMLSimpleApplication@6aff8c35
----------------- Done invoking toplevel() on ptolemy.moml.MoMLSimpleApplication@6aff8c35
reloadAllAccessors: .Sensor
----------------- testing Tue May 22 18:27:59 UTC 2018 /home/travis/build/icyphy/ptII/ptolemy/domains/ptides/test/auto/SensorActuatorModelDelayOnly.xml
----------------- Instantiating /home/travis/build/icyphy/ptII/ptolemy/domains/ptides/test/auto/SensorActuatorModelDelayOnly.xml
15 ms. Memory: 403968K Free: 356013K (88%)
----------------- Invoking toplevel() on ptolemy.moml.MoMLSimpleApplication@6a3f998d
----------------- Done invoking toplevel() on ptolemy.moml.MoMLSimpleApplication@6a3f998d
reloadAllAccessors: .SensorActuatorModelDelayOnly
----------------- testing Tue May 22 18:27:59 UTC 2018 /home/travis/build/icyphy/ptII/ptolemy/domains/ptides/test/auto/SensorActuatorNoDelay.xml
----------------- Instantiating /home/travis/build/icyphy/ptII/ptolemy/domains/ptides/test/auto/SensorActuatorNoDelay.xml
5 ms. Memory: 403968K Free: 345998K (86%)
----------------- Invoking toplevel() on ptolemy.moml.MoMLSimpleApplication@3bc2d4c9
----------------- Done invoking toplevel() on ptolemy.moml.MoMLSimpleApplication@3bc2d4c9
reloadAllAccessors: .SensorActuatorNoDelay
----------------- testing Tue May 22 18:27:59 UTC 2018 /home/travis/build/icyphy/ptII/ptolemy/domains/ptides/test/auto/TIIModalExample.xml
----------------- Instantiating /home/travis/build/icyphy/ptII/ptolemy/domains/ptides/test/auto/TIIModalExample.xml
19 ms. Memory: 403968K Free: 316783K (78%)
----------------- Invoking toplevel() on ptolemy.moml.MoMLSimpleApplication@259cd4ea
----------------- Done invoking toplevel() on ptolemy.moml.MoMLSimpleApplication@259cd4ea
reloadAllAccessors: .TIIModalExample
----------------- testing Tue May 22 18:27:59 UTC 2018 /home/travis/build/icyphy/ptII/ptolemy/domains/ptides/test/auto/TIIMultiPlatformPowerSupply.xml
----------------- Instantiating /home/travis/build/icyphy/ptII/ptolemy/domains/ptides/test/auto/TIIMultiPlatformPowerSupply.xml
833 ms. Memory: 391168K Free: 256221K (66%)
----------------- Invoking toplevel() on ptolemy.moml.MoMLSimpleApplication@282bcf13
----------------- Done invoking toplevel() on ptolemy.moml.MoMLSimpleApplication@282bcf13
reloadAllAccessors: .TIIMultiPlatformPowerSupply
----------------- testing Tue May 22 18:28:00 UTC 2018 /home/travis/build/icyphy/ptII/ptolemy/domains/ptides/test/auto/TIIPowerPlant.xml
----------------- Instantiating /home/travis/build/icyphy/ptII/ptolemy/domains/ptides/test/auto/TIIPowerPlant.xml
313 ms. Memory: 391168K Free: 131685K (34%)
----------------- Invoking toplevel() on ptolemy.moml.MoMLSimpleApplication@2a22b75b
----------------- Done invoking toplevel() on ptolemy.moml.MoMLSimpleApplication@2a22b75b
reloadAllAccessors: .PP_TIIPtidesBasicPowerPlant
----------------- testing Tue May 22 18:28:01 UTC 2018 /home/travis/build/icyphy/ptII/ptolemy/domains/ptides/test/auto/TIIPowerPlantHeartbeat.xml
----------------- Instantiating /home/travis/build/icyphy/ptII/ptolemy/domains/ptides/test/auto/TIIPowerPlantHeartbeat.xml
80 ms. Memory: 391168K Free: 67867K (17%)
----------------- Invoking toplevel() on ptolemy.moml.MoMLSimpleApplication@9720e90
----------------- Done invoking toplevel() on ptolemy.moml.MoMLSimpleApplication@9720e90
reloadAllAccessors: .PP_TIIPtidesBasicPowerPlantHeartbeat
----------------- testing Tue May 22 18:28:01 UTC 2018 /home/travis/build/icyphy/ptII/ptolemy/domains/ptides/test/auto/TwoMergers.xml
----------------- Instantiating /home/travis/build/icyphy/ptII/ptolemy/domains/ptides/test/auto/TwoMergers.xml
22 ms. Memory: 373248K Free: 338683K (91%)
----------------- Invoking toplevel() on ptolemy.moml.MoMLSimpleApplication@3d16edb1
----------------- Done invoking toplevel() on ptolemy.moml.MoMLSimpleApplication@3d16edb1
reloadAllAccessors: .TwoMergers
----------------- testing Tue May 22 18:28:01 UTC 2018 /home/travis/build/icyphy/ptII/ptolemy/domains/ptides/test/auto/TwoTasks.xml
----------------- Instantiating /home/travis/build/icyphy/ptII/ptolemy/domains/ptides/test/auto/TwoTasks.xml
15 ms. Memory: 373248K Free: 313767K (84%)
----------------- Invoking toplevel() on ptolemy.moml.MoMLSimpleApplication@6f390f2d
----------------- Done invoking toplevel() on ptolemy.moml.MoMLSimpleApplication@6f390f2d
reloadAllAccessors: .TwoTasks
----------------- testing Tue May 22 18:28:01 UTC 2018 /home/travis/build/icyphy/ptII/ptolemy/domains/ptides/test/auto/TwoTasksInSequence.xml
----------------- Instantiating /home/travis/build/icyphy/ptII/ptolemy/domains/ptides/test/auto/TwoTasksInSequence.xml
42 ms. Memory: 373248K Free: 292854K (78%)
----------------- Invoking toplevel() on ptolemy.moml.MoMLSimpleApplication@60cc4e4d
----------------- Done invoking toplevel() on ptolemy.moml.MoMLSimpleApplication@60cc4e4d
reloadAllAccessors: .TwoTasksInSequence
----------------- testing Tue May 22 18:28:01 UTC 2018 /home/travis/build/icyphy/ptII/ptolemy/domains/ptides/test/auto/VariableDelay.xml
----------------- Instantiating /home/travis/build/icyphy/ptII/ptolemy/domains/ptides/test/auto/VariableDelay.xml
7 ms. Memory: 373248K Free: 277815K (74%)
----------------- Invoking toplevel() on ptolemy.moml.MoMLSimpleApplication@c82375b
----------------- Done invoking toplevel() on ptolemy.moml.MoMLSimpleApplication@c82375b
reloadAllAccessors: .VariableDelay
AutoTests.java: About to close Vertx.
AutoTests.java: Vertx closed.
]]></system-out>
  <system-err><![CDATA[]]></system-err>
</testsuite>
