<?xml version="1.0" encoding="UTF-8" ?>
<testsuite errors="0" failures="1" hostname="travis-job-6cde1622-a646-433f-904a-1f69d56b4dd9" name="ptolemy.actor.lib.test.junit.JUnitTclTest" skipped="0" tests="518" time="73.772" timestamp="2018-05-09T23:58:48">
  <properties>
    <property name="npm.executable" value="npm" />
    <property name="file.encoding.pkg" value="sun.io" />
    <property name="ptII.mk.exists" value="true" />
    <property name="env.rvm_bin_path" value="/home/travis/.rvm/bin" />
    <property name="java.home" value="/usr/lib/jvm/java-8-oracle/jre" />
    <property name="env.TRAVIS_JOB_NUMBER" value="410.6" />
    <property name="env.DISPLAY" value=":99.0" />
    <property name="java.net.preferIPv4Stack" value="true" />
    <property name="env.SSH_TTY" value="/dev/pts/0" />
    <property name="env.RUN_TESTS" value="true" />
    <property name="timeout.short" value="1000000" />
    <property name="env.TRAVIS_STACK_NODE_ATTRIBUTES" value="/.node-attributes.yml" />
    <property name="junit.formatter" value="xml" />
    <property name="java.endorsed.dirs" value="/usr/lib/jvm/java-8-oracle/jre/lib/endorsed" />
    <property name="env.TRAVIS_SUDO" value="true" />
    <property name="env.LOGNAME" value="travis" />
    <property name="env.PT_TRAVIS_TEST_CORE1_XML" value="true" />
    <property name="jsdoc.home" value="node_modules/@terraswarm/jsdoc" />
    <property name="debuglevel" value="source,lines,vars" />
    <property name="checkstyle.formatter" value="xml" />
    <property name="bin.vergil.makeable" value="true" />
    <property name="env._system_version" value="14.04" />
    <property name="sun.os.patch.level" value="unknown" />
    <property name="java.vendor.url" value="http://java.oracle.com/" />
    <property name="java.version" value="1.8.0_151" />
    <property name="env.TZ" value="UTC" />
    <property name="env.PT_NO_NET" value="true" />
    <property name="env.TRAVIS_PULL_REQUEST_SHA" value="" />
    <property name="env.TRAVIS_SECURE_ENV_VARS" value="true" />
    <property name="env._system_type" value="Linux" />
    <property name="java.vendor.url.bug" value="http://bugreport.sun.com/bugreport/" />
    <property name="env.SSH_CLIENT" value="10.10.4.28 55374 22" />
    <property name="env.GEM_HOME" value="/home/travis/.rvm/gems/ruby-2.4.1" />
    <property name="env.HAS_ANTARES_THREE_LITTLE_FRONZIES_BADGE" value="true" />
    <property name="env.PS4" value="+" />
    <property name="ant.project.invoked-targets" value="build,test.core1.xml" />
    <property name="env.TRAVIS_PULL_REQUEST_BRANCH" value="" />
    <property name="env.TRAVIS_REPO_SLUG" value="icyphy/ptII" />
    <property name="node.in.path" value="true" />
    <property name="java.maxmemory" value="1400m" />
    <property name="env.RUBY_VERSION" value="ruby-2.4.1" />
    <property name="user.name" value="travis" />
    <property name="env.LANG" value="en_US.UTF-8" />
    <property name="sun.io.unicode.encoding" value="UnicodeLittle" />
    <property name="sun.jnu.encoding" value="UTF-8" />
    <property name="java.runtime.name" value="Java(TM) SE Runtime Environment" />
    <property name="usefile" value="false" />
    <property name="return.code" value="0" />
    <property name="junit.single.formatter" value="plain" />
    <property name="env.DYLD_LIBRARY_PATH" value="/home/travis/pthla/certi-tools/lib:" />
    <property name="env.DEBIAN_FRONTEND" value="noninteractive" />
    <property name="env.SSH_CONNECTION" value="10.10.4.28 55374 10.20.0.3 22" />
    <property name="env.MYSQL_UNIX_PORT" value="/var/run/mysqld/mysqld.sock" />
    <property name="env.TRAVIS_ALLOW_FAILURE" value="false" />
    <property name="env.LC_ALL" value="en_US.UTF-8" />
    <property name="java.specification.name" value="Java Platform API Specification" />
    <property name="node.works" value="true" />
    <property name="user.timezone" value="" />
    <property name="path.separator" value=":" />
    <property name="env.PYTHON_CFLAGS" value="-g -fstack-protector --param=ssp-buffer-size=4 -Wformat -Werror=format-security" />
    <property name="timeout.long" value="4000000" />
    <property name="env.CERTI_HOME" value="/home/travis/pthla/certi-tools" />
    <property name="file.encoding" value="UTF-8" />
    <property name="ant.file.ptII" value="/home/travis/build/icyphy/ptII/build.xml" />
    <property name="javadoc.packagenames" value="com.*,diva.*,lbnl.*,org.hlacerti.*,org.json.*,org.ptolemy.*,org.terraswarm.*,ptolemy.*,ptserver.*" />
    <property name="env.TRAVIS_PULL_REQUEST_SLUG" value="" />
    <property name="ant.project.default-target" value="build" />
    <property name="env.GIT_ASKPASS" value="echo" />
    <property name="env.HOME" value="/home/travis" />
    <property name="sun.java.command" value="org.apache.tools.ant.taskdefs.optional.junit.JUnitTestRunner ptolemy.actor.lib.test.junit.JUnitTclTest skipNonTests=false filtertrace=true haltOnError=false haltOnFailure=false formatter=org.apache.tools.ant.taskdefs.optional.junit.OutErrSummaryJUnitResultFormatter showoutput=true outputtoformatters=true logfailedtests=true threadid=0 logtestlistenerevents=false formatter=org.apache.tools.ant.taskdefs.optional.junit.XMLJUnitResultFormatter,/home/travis/build/icyphy/ptII/reports/junit/TEST-ptolemy.actor.lib.test.junit.JUnitTclTest.xml crashfile=/home/travis/build/icyphy/ptII/junitvmwatcher4650042538695241338.properties propsfile=/home/travis/build/icyphy/ptII/junit1845015294836412954.properties" />
    <property name="env.MANPATH" value="/home/travis/.nvm/versions/node/v7.10.1/share/man:/home/travis/.kiex/elixirs/elixir-1.4.5/man:/home/travis/.rvm/rubies/ruby-2.4.1/share/man:/usr/local/man:/usr/local/cmake-3.9.2/man:/usr/local/clang-5.0.0/share/man:/usr/local/share/man:/usr/share/man:/home/travis/.rvm/man" />
    <property name="env.COMPOSER_NO_INTERACTION" value="1" />
    <property name="env.JDK_SWITCHER_DEFAULT" value="oraclejdk8" />
    <property name="ant.file" value="/home/travis/build/icyphy/ptII/build.xml" />
    <property name="env.TRAVIS_COMMIT_RANGE" value="712d3efebbea...a35e0c44513d" />
    <property name="env._system_name" value="Ubuntu" />
    <property name="timeout" value="2400000" />
    <property name="ptII.classpath.optional.property" value="/home/travis/build/icyphy/ptII/lib/bsh-2.0b4.jar:/home/travis/build/icyphy/ptII/lib/ptCal.jar:/home/travis/build/icyphy/ptII/lib/java_cup.jar:/home/travis/build/icyphy/ptII/lib/saxon8.jar:/home/travis/build/icyphy/ptII/lib/saxon8-dom.jar:/home/travis/build/icyphy/ptII/lib/chic.jar:/home/travis/build/icyphy/ptII/lib/ptcolt.jar:/usr/lib/jvm/java-8-oracle/lib/tools.jar:/usr/lib/eclipse/plugins/org.eclipse.jdt.core_3.8.2.dist.jar:/usr/lib/eclipse/plugins/org.eclipse.core.runtime_3.8.0.dist.jar:/usr/lib/eclipse/plugins/org.eclipse.osgi_3.8.1.dist.jar:/usr/lib/eclipse/plugins/org.eclipse.core.resources_3.8.1.dist.jar:/usr/lib/eclipse/plugins/org.eclipse.equinox.common_3.6.100.dist.jar:/usr/lib/eclipse/plugins/org.eclipse.core.jobs_3.5.200.dist.jar:/usr/lib/eclipse/plugins/org.eclipse.core.contenttype_3.4.200.dist.jar:/usr/lib/eclipse/plugins/org.eclipse.equinox.preferences_3.5.0.dist.jar:/usr/lib/eclipse/plugins/org.eclipse.text_3.5.200.dist.jar:/usr/lib/eclipse/plugins/org.eclipse.ui.workbench_3.8.1.dist.jar:/usr/lib/eclipse/plugins/org.eclipse.jface_3.8.0.dist.jar:/usr/lib/eclipse/plugins/org.eclipse.swt_3.8.2.jar:/usr/lib/eclipse/plugins/org.eclipse.jface.text_3.8.1.dist.jar:/usr/lib/eclipse/plugins/org.eclipse.ui.workbench.texteditor_3.8.0.dist.jar:/usr/lib/eclipse/plugins/org.eclipse.ui.editors_3.8.0.dist.jar:/usr/lib/eclipse/plugins/org.eclipse.core.commands_3.6.1.dist.jar:/usr/lib/eclipse/plugins/org.eclipse.equinox.registry_3.5.200.dist.jar:/usr/lib/eclipse/plugins/org.eclipse.ui.console_3.5.100.dist.jar:/usr/lib/eclipse/plugins/org.eclipse.ui.forms_3.5.200.dist.jar:/usr/lib/eclipse/plugins/org.eclipse.ui.ide_3.8.1.dist.jar:/home/travis/build/icyphy/ptII/vendors/oracle/dbxml.jar:/home/travis/build/icyphy/ptII/vendors/oracle/db.jar:/home/travis/build/icyphy/ptII/vendors/misc/itext/iText.jar:/home/travis/build/icyphy/ptII/lib/g4ltl.jar:/home/travis/build/icyphy/ptII/lib/StructuralCoder.jar:/home/travis/build/icyphy/ptII/lib/org-openide-util.jar:/home/travis/build/icyphy/ptII/lib/org-openide-util-lookup.jar:/home/travis/build/icyphy/ptII/lib/org-netbeans-api-visual.jar:/home/travis/build/icyphy/ptII/vendors/jai-1_1_2_01/lib/jai_core.jar:/home/travis/build/icyphy/ptII/vendors/jai-1_1_2_01/lib/jai_codec.jar:/home/travis/build/icyphy/ptII/lib/jcerti.jar:/home/travis/build/icyphy/ptII/lib/smack.jar:/home/travis/build/icyphy/ptII/lib/smackx.jar:/home/travis/build/icyphy/ptII/lib/jetty-all-8.1.5-v20120716.jar:/home/travis/build/icyphy/ptII/lib/javax.servlet-api-3.0.1.jar:/home/travis/build/icyphy/ptII/lib/javax.mail.jar:/home/travis/build/icyphy/ptII/vendors/JMF-2.1.1e/lib/jmf.jar:/home/travis/build/icyphy/ptII/lib/jna-4.0.0-variadic.jar:/home/travis/build/icyphy/ptII/vendors/misc/joystick/Joystick.jar:/home/travis/build/icyphy/ptII/lib/ptjacl.jar:/home/travis/build/icyphy/ptII/lib/jsoup-1.8.2.jar:/home/travis/build/icyphy/ptII/lib/junit-4.8.2.jar:/home/travis/build/icyphy/ptII/lib/JUnitParams-0.4.0.jar:/home/travis/build/icyphy/ptII/ptolemy/actor/lib/excel/jxl.jar:/home/travis/build/icyphy/ptII/lib/jython.jar:/home/travis/build/icyphy/ptII/lib/kieler.jar:/home/travis/build/icyphy/ptII/vendors/opencv/share/OpenCV/java/opencv-341.jar:/home/travis/build/icyphy/ptII/lib/oscP5.jar:/home/travis/build/icyphy/ptII/lib/nrjavaserial-3.11.0.devel.jar:/usr/share/java/j3dcore.jar:/usr/share/java/j3dutils.jar:/usr/share/java/vecmath.jar:/home/travis/build/icyphy/ptII/ptolemy/distributed/jini/jar/jini-core.jar:/home/travis/build/icyphy/ptII/ptolemy/distributed/jini/jar/jini-ext.jar:/home/travis/build/icyphy/ptII/ptolemy/distributed/jini/jar/sun-util.jar:/home/travis/build/icyphy/ptII/lib/protobuf-java-2.4.1.jar:/home/travis/build/icyphy/ptII/lib/org.eclipse.paho.client.mqttv3.jar:/home/travis/build/icyphy/ptII/ptserver/lib/hessian-4.0.7.jar:/home/travis/build/icyphy/ptII/ptserver/lib/wmqtt.jar:/home/travis/build/icyphy/ptII/lib/mapss.jar:/home/travis/build/icyphy/ptII/ptolemy/actor/ptalon/antlr/antlr.jar:/home/travis/build/icyphy/ptII/lib/JRI.jar:/home/travis/build/icyphy/ptII/lib/commons-lang-2.6.jar:/home/travis/build/icyphy/ptII/lib/commons-logging-1.1.1.jar:/home/travis/build/icyphy/ptII/lib/sootclasses.jar:/home/travis/build/icyphy/ptII/ptolemy/actor/lib/database/mysql-connector-java-5.1.6-bin.jar:/home/travis/build/icyphy/ptII/vendors/misc/sphinx4/sphinx4-data-5prealpha.jar:/home/travis/build/icyphy/ptII/vendors/misc/sphinx4/sphinx4-core-5prealpha.jar:/home/travis/build/icyphy/ptII/lib/PDFRenderer.jar:/home/travis/build/icyphy/ptII/lib/svgSalamander.jar:/home/travis/build/icyphy/ptII/lib/rsyntaxtextarea-2.6.0-SNAPSHOT.jar:/home/travis/build/icyphy/ptII/lib/hazelcast-3.8.2.jar:/home/travis/build/icyphy/ptII/lib/jackson-annotations-2.9.0.jar:/home/travis/build/icyphy/ptII/lib/jackson-core-2.9.3.jar:/home/travis/build/icyphy/ptII/lib/jackson-databind-2.9.3.jar:/home/travis/build/icyphy/ptII/lib/netty-buffer-4.1.19.Final.jar:/home/travis/build/icyphy/ptII/lib/netty-codec-4.1.19.Final.jar:/home/travis/build/icyphy/ptII/lib/netty-codec-dns-4.1.19.Final.jar:/home/travis/build/icyphy/ptII/lib/netty-codec-http-4.1.19.Final.jar:/home/travis/build/icyphy/ptII/lib/netty-codec-http2-4.1.19.Final.jar:/home/travis/build/icyphy/ptII/lib/netty-common-4.1.19.Final.jar:/home/travis/build/icyphy/ptII/lib/netty-handler-4.1.19.Final.jar:/home/travis/build/icyphy/ptII/lib/netty-resolver-4.1.19.Final.jar:/home/travis/build/icyphy/ptII/lib/netty-resolver-dns-4.1.19.Final.jar:/home/travis/build/icyphy/ptII/lib/netty-transport-4.1.19.Final.jar:/home/travis/build/icyphy/ptII/lib/vertx-codegen-3.5.1.jar:/home/travis/build/icyphy/ptII/lib/vertx-core-3.5.2-SNAPSHOT.jar:/home/travis/build/icyphy/ptII/lib/vertx-hazelcast-3.5.1.jar:/home/travis/build/icyphy/ptII/lib/vertx-lang-js-3.5.1.jar:/home/travis/build/icyphy/ptII/lib/vertx-service-proxy-3.5.1.jar:/home/travis/build/icyphy/ptII/lib/vertx-web-3.5.1.jar:/home/travis/build/icyphy/ptII/lib/slf4j-api-1.7.13.jar:/home/travis/build/icyphy/ptII/lib/slf4j-simple-1.7.13.jar:/home/travis/build/icyphy/ptII/lib/webcam-capture-0.3.12.jar:/home/travis/build/icyphy/ptII/lib/bridj-0.7.0.jar:/home/travis/build/icyphy/ptII/lib/xbjlib-1.1.0.nrjavaserial.jar" />
    <property name="test.batch" value="**/junit/*.java" />
    <property name="env._" value="/usr/bin/timeout" />
    <property name="java.io.tmpdir" value="/tmp" />
    <property name="user.language" value="en" />
    <property name="env.HISTCONTROL" value="ignoredups:ignorespace" />
    <property name="env.GOROOT" value="/home/travis/.gimme/versions/go1.7.4.linux.amd64" />
    <property name="line.separator" value="&#xa;" />
    <property name="target" value="1.8" />
    <property name="env.TRAVIS_BUILD_DIR" value="/home/travis/build/icyphy/ptII" />
    <property name="env.ANT_OPTS" value="-Xmx2048m" />
    <property name="ant.file.type" value="file" />
    <property name="ptolemy.ptII.batchMode" value="true" />
    <property name="env.HISTSIZE" value="1000" />
    <property name="env.MERB_ENV" value="test" />
    <property name="java.vm.info" value="mixed mode" />
    <property name="source" value="1.8" />
    <property name="java.vm.specification.name" value="Java Virtual Machine Specification" />
    <property name="env.TRAVIS_TEST_RESULT" value="0" />
    <property name="jsdoc.command" value="node_modules/@terraswarm/jsdoc/jsdoc.js" />
    <property name="npm.works" value="true" />
    <property name="cobertura.dir" value="/home/travis/build/icyphy/ptII/vendors/cobertura-2.0.3" />
    <property name="env.rvm_path" value="/home/travis/.rvm" />
    <property name="env.GEM_PATH" value="/home/travis/.rvm/gems/ruby-2.4.1:/home/travis/.rvm/gems/ruby-2.4.1@global" />
    <property name="env.LC_CTYPE" value="en_US.UTF-8" />
    <property name="java.awt.printerjob" value="sun.print.PSPrinterJob" />
    <property name="env.TRAVIS_STACK_NAME" value="garnet" />
    <property name="ant.version" value="Apache Ant(TM) version 1.10.1 compiled on February 2 2017" />
    <property name="ptII.reports" value="/home/travis/build/icyphy/ptII/reports" />
    <property name="env.TRAVIS_STACK_TIMESTAMP" value="2017-12-05 19:33:09 UTC" />
    <property name="ant.file.type.ptII" value="file" />
    <property name="env.RBENV_SHELL" value="bash" />
    <property name="os.name" value="Linux" />
    <property name="java.specification.vendor" value="Oracle Corporation" />
    <property name="env.rvm_version" value="1.29.3 (latest)" />
    <property name="env.TERM" value="xterm" />
    <property name="java.vm.name" value="Java HotSpot(TM) 64-Bit Server VM" />
    <property name="env.TRAVIS_BUILD_NUMBER" value="410" />
    <property name="env.CI" value="true" />
    <property name="java.library.path" value="/home/travis/pthla/certi-tools/lib:/usr/lib/jni:/usr/local/share/OpenCV/java/:/usr/share/OpenCV/java::/usr/java/packages/lib/amd64:/usr/lib64:/lib64:/lib:/usr/lib" />
    <property name="env.rvm_prefix" value="/home/travis" />
    <property name="env.PATH" value="/home/travis/pthla/certi-tools/share/scripts:/home/travis/.rvm/gems/ruby-2.4.1/bin:/home/travis/.rvm/gems/ruby-2.4.1@global/bin:/home/travis/.rvm/rubies/ruby-2.4.1/bin:/home/travis/.rvm/bin:/home/travis/.nvm/versions/node/v7.10.1/bin:./node_modules/.bin:/home/travis/build/icyphy/ptII/bin:/home/travis/pthla/certi-tools/bin:/home/travis/bin:/home/travis/.local/bin:/opt/pyenv/shims:/home/travis/.phpenv/shims:/home/travis/perl5/perlbrew/bin:/home/travis/.kiex/elixirs/elixir-1.4.5/bin:/home/travis/.kiex/bin:/home/travis/gopath/bin:/home/travis/.gimme/versions/go1.7.4.linux.amd64/bin:/usr/local/phantomjs/bin:/usr/local/phantomjs:/usr/local/neo4j-3.2.7/bin:/usr/local/maven-3.5.2/bin:/usr/local/cmake-3.9.2/bin:/usr/local/clang-5.0.0/bin:/usr/local/sbin:/usr/local/bin:/usr/sbin:/usr/bin:/sbin:/bin:/home/travis/.phpenv/bin:/opt/pyenv/bin:/home/travis/.yarn/bin" />
    <property name="env.TRAVIS_OS_NAME" value="linux" />
    <property name="ant.java.version" value="1.8" />
    <property name="basedir" value="/home/travis/build/icyphy/ptII" />
    <property name="java.class.version" value="52.0" />
    <property name="env.SHLVL" value="3" />
    <property name="env.LD_LIBRARY_PATH" value="/home/travis/pthla/certi-tools/lib:/usr/lib/jni:/usr/local/share/OpenCV/java/:/usr/share/OpenCV/java:" />
    <property name="env.RACK_ENV" value="test" />
    <property name="ant.home" value="/home/travis/build/icyphy/ptII/ant" />
    <property name="env.NVM_DIR" value="/home/travis/.nvm" />
    <property name="env.PERLBREW_BASHRC_VERSION" value="0.80" />
    <property name="env.CERTI_FOM_PATH" value="/home/travis/pthla/certi-tools/share/federations" />
    <property name="env.TRAVIS_BUILD_ID" value="377070374" />
    <property name="env.PYENV_ROOT" value="/opt/pyenv" />
    <property name="env.TRAVIS_UID" value="2000" />
    <property name="env.rvm_pretty_print_flag" value="auto" />
    <property name="env.NVM_BIN" value="/home/travis/.nvm/versions/node/v7.10.1/bin" />
    <property name="env.TRAVIS_COMMIT" value="a35e0c44513de30172a090eeb5d722d5b8cbec98" />
    <property name="env._system_arch" value="x86_64" />
    <property name="node.executable" value="node" />
    <property name="sun.boot.library.path" value="/usr/lib/jvm/java-8-oracle/jre/lib/amd64" />
    <property name="sun.management.compiler" value="HotSpot 64-Bit Tiered Compilers" />
    <property name="env.GOPATH" value="/home/travis/gopath" />
    <property name="java.awt.graphicsenv" value="sun.awt.X11GraphicsEnvironment" />
    <property name="ptolemy.ptII.dir" value="/home/travis/build/icyphy/ptII" />
    <property name="env.USER" value="travis" />
    <property name="env.HISTFILESIZE" value="2000" />
    <property name="timeout.longest" value="19000000" />
    <property name="env.TRAVIS_STACK_FEATURES" value="basic cassandra chromium couchdb disabled-ipv6 docker docker-compose elasticsearch firefox go-toolchain google-chrome jdk memcached mongodb mysql neo4j nodejs_interpreter perl_interpreter perlbrew phantomjs postgresql python_interpreter rabbitmq redis riak ruby_interpreter sqlite xserver" />
    <property name="env.TRAVIS_PULL_REQUEST" value="false" />
    <property name="env.PYENV_SHELL" value="bash" />
    <property name="ant.project.name" value="ptII" />
    <property name="java.vm.specification.version" value="1.8" />
    <property name="env.CERTI_VERSION" value="4.0.0" />
    <property name="env.NLSPATH" value="/usr/dt/lib/nls/msg/%L/%N.cat" />
    <property name="awt.toolkit" value="sun.awt.X11.XToolkit" />
    <property name="env.CERTI_HOST" value="localhost" />
    <property name="env.MY_RUBY_HOME" value="/home/travis/.rvm/rubies/ruby-2.4.1" />
    <property name="sun.cpu.isalist" value="" />
    <property name="java.ext.dirs" value="/usr/lib/jvm/java-8-oracle/jre/lib/ext:/usr/java/packages/lib/ext" />
    <property name="os.version" value="4.4.0-101-generic" />
    <property name="user.home" value="/home/travis" />
    <property name="env.MIX_ARCHIVES" value="/home/travis/.kiex/mix/elixir-1.4.5" />
    <property name="java.vm.vendor" value="Oracle Corporation" />
    <property name="env.TRAVIS_TAG" value="nightly" />
    <property name="env.TRAVIS_FILTERED" value="pty" />
    <property name="env.PTII" value="/home/travis/build/icyphy/ptII" />
    <property name="env.JAVA_HOME" value="/usr/lib/jvm/java-8-oracle" />
    <property name="javadoc.excludepackagenames" value="adm.cvs2svn.*,build.*,config.*,doc.coding.templates.*,jni.test.jni.meaningOfLife.*,jni.test.jni.testDeux.*,jni.test.jni.testTrois.*,org.terraswarm.accessor.accessors.web.node_modules.*,org.terraswarm.accessor.accessors.web.hosts.cordova.demo.*,org.terraswarm.accessor.accessors.web.hosts.cordova.plugins.*,org.terraswarm.accessor.accessors-svn.*,pt-modules.*,ptolemy.apps.agilent.*,ptolemy.apps.anytimecontrol.*,ptolemy.apps.apes.*,ptolemy.apps.charon.*,ptolemy.apps.crazyboard.*,ptolemy.apps.eclipse.*,ptolemy.apps.etherealSting.*,ptolemy.apps.fullscreen.*,ptolemy.apps.giotto.*,ptolemy.apps.ia.*,ptolemy.apps.interfaces.*,ptolemy.apps.jmf.*,ptolemy.apps.kurt.*,ptolemy.apps.kvm.*,ptolemy.apps.lego.*,ptolemy.apps.lejos.*,ptolemy.apps.midp.*,ptolemy.apps.mobileCoding.*,ptolemy.apps.pendulum.*,ptolemy.apps.rijndael.*,ptolemy.apps.robot.*,ptolemy.apps.security.*,ptolemy.apps.sobel.*,ptolemy.apps.soot.*,ptolemy.apps.throttle.*,ptolemy.apps.tini.*,ptolemy.apps.transmission.*,ptolemy.apps.vergil.*,ptolemy.apps.waba.*,ptolemy.apps.websensor.*,ptolemy.apps.webstart.*,ptolemy.apps.xsl.*,ptolemy.apps.zaurus.*,ptolemy.backtrack.eclipse.plugin.*,ptolemy.backtrack.test.*,ptolemy.codegen.c.actor.lib.oldJavaFiles.*,ptolemy.codegen.dsp.lib.*,ptolemy.codegen.kernel.newInterfaces.*,ptolemy.codegen.lib.*,ptolemy.copernicus.kernel.fragment.*,ptolemy.copernicus.shallow.cg.*,ptolemy.domains.giotto.demo.Hierarchy.Hierarchy.*,ptolemy.domains.giotto.demo.Multimode.Multimode.*,ptolemy.domains.giotto.demo.Simple.Simple.*,ptolemy.domains.gr.lib.experimental.*,ptolemy.domains.gro.*,ptolemy.domains.pdf.*,ptolemy.domains.ptinyos.demo.Surge.output.*,ptolemy.moml.test.NoPackageActor.java*,ptolemy.plot.adm.*,ptolemy.plot.servlet.*,reports.*,signed.*,src.*,target.*,vendors.*,ptolemy.copernicus.applet.*,ptolemy.media.viewer.*,ptolemy.cg.adapter.generic.program.procedural.c.mbed*,ptolemy.actor.lib.fmi.fmus.omc*,ptolemy.domains.openmodelica*,ptdb.kernel.bl.save.test.*,ptdb.kernel.bl.load.test.*,ptdb.kernel.bl.search.test.*,ptdb.kernel.bl.migration.test.*,ptdb.kernel.database.test.*,ptdb.test.*,ptdb.gui.test.*,org.ptolemy.scala.*,diva.util.java2d.svg.*,ptolemy.domains.ptinyos.*,ptolemy.actor.lib.fmi.fmipp.*,,org.terraswarm.accessor.accessors.web.node_modules.*,org.terraswarm.accessor.accessors-svn,ptolemy.actor.ptalon.demo.ptinyos.SendAndReceiveCnt.output,ptolemy.actor.ptalon.demo.ptinyos.SenseToLeds.output,ptolemy.domains.ptinyos.demo.CntToLedsAndRfm.output,ptolemy.domains.ptinyos.demo.RfmToLeds.output,ptolemy.domains.ptinyos.demo.SendAndReceiveCnt.output,ptolemy.domains.ptinyos.demo.SenseToLeds.output" />
    <property name="env.TRAVIS_COMMIT_MESSAGE" value="Fixed typo: missing $ from last change." />
    <property name="keystore" value="ptKeystore" />
    <property name="env.XDG_SESSION_ID" value="2" />
    <property name="junit.output.dir" value="/home/travis/build/icyphy/ptII/reports/junit" />
    <property name="npm.return.code" value="0" />
    <property name="user.dir" value="/home/travis/build/icyphy/ptII/ptolemy/actor/lib/test" />
    <property name="env.XFILESEARCHPATH" value="/usr/dt/app-defaults/%L/Dt" />
    <property name="env.TRAVIS_NODE_VERSION" value="7" />
    <property name="env.TRAVIS_EVENT_TYPE" value="push" />
    <property name="env.MAIL" value="/var/mail/travis" />
    <property name="env.PWD" value="/home/travis/build/icyphy/ptII" />
    <property name="env.PERLBREW_ROOT" value="/home/travis/perl5/perlbrew" />
    <property name="timeout.npm" value="45000" />
    <property name="env.PAGER" value="cat" />
    <property name="sun.cpu.endian" value="little" />
    <property name="env.TRAVIS_BUILD_STAGE_NAME" value="Test" />
    <property name="env.PERLBREW_HOME" value="/home/travis/.perlbrew" />
    <property name="java.vm.version" value="25.151-b12" />
    <property name="env.RAILS_ENV" value="test" />
    <property name="java.class.path" value="/home/travis/.ptolemyII:/home/travis/.ptolemyII/*:/home/travis/build/icyphy/ptII:/home/travis/build/icyphy/ptII/lib/bsh-2.0b4.jar:/home/travis/build/icyphy/ptII/lib/ptCal.jar:/home/travis/build/icyphy/ptII/lib/java_cup.jar:/home/travis/build/icyphy/ptII/lib/saxon8.jar:/home/travis/build/icyphy/ptII/lib/saxon8-dom.jar:/home/travis/build/icyphy/ptII/lib/chic.jar:/home/travis/build/icyphy/ptII/lib/ptcolt.jar:/usr/lib/jvm/java-8-oracle/lib/tools.jar:/usr/lib/eclipse/plugins/org.eclipse.jdt.core_3.8.2.dist.jar:/usr/lib/eclipse/plugins/org.eclipse.core.runtime_3.8.0.dist.jar:/usr/lib/eclipse/plugins/org.eclipse.osgi_3.8.1.dist.jar:/usr/lib/eclipse/plugins/org.eclipse.core.resources_3.8.1.dist.jar:/usr/lib/eclipse/plugins/org.eclipse.equinox.common_3.6.100.dist.jar:/usr/lib/eclipse/plugins/org.eclipse.core.jobs_3.5.200.dist.jar:/usr/lib/eclipse/plugins/org.eclipse.core.contenttype_3.4.200.dist.jar:/usr/lib/eclipse/plugins/org.eclipse.equinox.preferences_3.5.0.dist.jar:/usr/lib/eclipse/plugins/org.eclipse.text_3.5.200.dist.jar:/usr/lib/eclipse/plugins/org.eclipse.ui.workbench_3.8.1.dist.jar:/usr/lib/eclipse/plugins/org.eclipse.jface_3.8.0.dist.jar:/usr/lib/eclipse/plugins/org.eclipse.swt_3.8.2.jar:/usr/lib/eclipse/plugins/org.eclipse.jface.text_3.8.1.dist.jar:/usr/lib/eclipse/plugins/org.eclipse.ui.workbench.texteditor_3.8.0.dist.jar:/usr/lib/eclipse/plugins/org.eclipse.ui.editors_3.8.0.dist.jar:/usr/lib/eclipse/plugins/org.eclipse.core.commands_3.6.1.dist.jar:/usr/lib/eclipse/plugins/org.eclipse.equinox.registry_3.5.200.dist.jar:/usr/lib/eclipse/plugins/org.eclipse.ui.console_3.5.100.dist.jar:/usr/lib/eclipse/plugins/org.eclipse.ui.forms_3.5.200.dist.jar:/usr/lib/eclipse/plugins/org.eclipse.ui.ide_3.8.1.dist.jar:/home/travis/build/icyphy/ptII/vendors/oracle/dbxml.jar:/home/travis/build/icyphy/ptII/vendors/oracle/db.jar:/home/travis/build/icyphy/ptII/vendors/misc/itext/iText.jar:/home/travis/build/icyphy/ptII/lib/g4ltl.jar:/home/travis/build/icyphy/ptII/lib/StructuralCoder.jar:/home/travis/build/icyphy/ptII/lib/org-openide-util.jar:/home/travis/build/icyphy/ptII/lib/org-openide-util-lookup.jar:/home/travis/build/icyphy/ptII/lib/org-netbeans-api-visual.jar:/home/travis/build/icyphy/ptII/vendors/jai-1_1_2_01/lib/jai_core.jar:/home/travis/build/icyphy/ptII/vendors/jai-1_1_2_01/lib/jai_codec.jar:/home/travis/build/icyphy/ptII/lib/jcerti.jar:/home/travis/build/icyphy/ptII/lib/smack.jar:/home/travis/build/icyphy/ptII/lib/smackx.jar:/home/travis/build/icyphy/ptII/lib/jetty-all-8.1.5-v20120716.jar:/home/travis/build/icyphy/ptII/lib/javax.servlet-api-3.0.1.jar:/home/travis/build/icyphy/ptII/lib/javax.mail.jar:/home/travis/build/icyphy/ptII/vendors/JMF-2.1.1e/lib/jmf.jar:/home/travis/build/icyphy/ptII/lib/jna-4.0.0-variadic.jar:/home/travis/build/icyphy/ptII/vendors/misc/joystick/Joystick.jar:/home/travis/build/icyphy/ptII/lib/ptjacl.jar:/home/travis/build/icyphy/ptII/lib/jsoup-1.8.2.jar:/home/travis/build/icyphy/ptII/lib/junit-4.8.2.jar:/home/travis/build/icyphy/ptII/lib/JUnitParams-0.4.0.jar:/home/travis/build/icyphy/ptII/ptolemy/actor/lib/excel/jxl.jar:/home/travis/build/icyphy/ptII/lib/jython.jar:/home/travis/build/icyphy/ptII/lib/kieler.jar:/home/travis/build/icyphy/ptII/vendors/opencv/share/OpenCV/java/opencv-341.jar:/home/travis/build/icyphy/ptII/lib/oscP5.jar:/home/travis/build/icyphy/ptII/lib/nrjavaserial-3.11.0.devel.jar:/usr/share/java/j3dcore.jar:/usr/share/java/j3dutils.jar:/usr/share/java/vecmath.jar:/home/travis/build/icyphy/ptII/ptolemy/distributed/jini/jar/jini-core.jar:/home/travis/build/icyphy/ptII/ptolemy/distributed/jini/jar/jini-ext.jar:/home/travis/build/icyphy/ptII/ptolemy/distributed/jini/jar/sun-util.jar:/home/travis/build/icyphy/ptII/lib/protobuf-java-2.4.1.jar:/home/travis/build/icyphy/ptII/lib/org.eclipse.paho.client.mqttv3.jar:/home/travis/build/icyphy/ptII/ptserver/lib/hessian-4.0.7.jar:/home/travis/build/icyphy/ptII/ptserver/lib/wmqtt.jar:/home/travis/build/icyphy/ptII/lib/mapss.jar:/home/travis/build/icyphy/ptII/ptolemy/actor/ptalon/antlr/antlr.jar:/home/travis/build/icyphy/ptII/lib/JRI.jar:/home/travis/build/icyphy/ptII/lib/commons-lang-2.6.jar:/home/travis/build/icyphy/ptII/lib/commons-logging-1.1.1.jar:/home/travis/build/icyphy/ptII/lib/sootclasses.jar:/home/travis/build/icyphy/ptII/ptolemy/actor/lib/database/mysql-connector-java-5.1.6-bin.jar:/home/travis/build/icyphy/ptII/vendors/misc/sphinx4/sphinx4-data-5prealpha.jar:/home/travis/build/icyphy/ptII/vendors/misc/sphinx4/sphinx4-core-5prealpha.jar:/home/travis/build/icyphy/ptII/lib/PDFRenderer.jar:/home/travis/build/icyphy/ptII/lib/svgSalamander.jar:/home/travis/build/icyphy/ptII/lib/rsyntaxtextarea-2.6.0-SNAPSHOT.jar:/home/travis/build/icyphy/ptII/lib/hazelcast-3.8.2.jar:/home/travis/build/icyphy/ptII/lib/jackson-annotations-2.9.0.jar:/home/travis/build/icyphy/ptII/lib/jackson-core-2.9.3.jar:/home/travis/build/icyphy/ptII/lib/jackson-databind-2.9.3.jar:/home/travis/build/icyphy/ptII/lib/netty-buffer-4.1.19.Final.jar:/home/travis/build/icyphy/ptII/lib/netty-codec-4.1.19.Final.jar:/home/travis/build/icyphy/ptII/lib/netty-codec-dns-4.1.19.Final.jar:/home/travis/build/icyphy/ptII/lib/netty-codec-http-4.1.19.Final.jar:/home/travis/build/icyphy/ptII/lib/netty-codec-http2-4.1.19.Final.jar:/home/travis/build/icyphy/ptII/lib/netty-common-4.1.19.Final.jar:/home/travis/build/icyphy/ptII/lib/netty-handler-4.1.19.Final.jar:/home/travis/build/icyphy/ptII/lib/netty-resolver-4.1.19.Final.jar:/home/travis/build/icyphy/ptII/lib/netty-resolver-dns-4.1.19.Final.jar:/home/travis/build/icyphy/ptII/lib/netty-transport-4.1.19.Final.jar:/home/travis/build/icyphy/ptII/lib/vertx-codegen-3.5.1.jar:/home/travis/build/icyphy/ptII/lib/vertx-core-3.5.2-SNAPSHOT.jar:/home/travis/build/icyphy/ptII/lib/vertx-hazelcast-3.5.1.jar:/home/travis/build/icyphy/ptII/lib/vertx-lang-js-3.5.1.jar:/home/travis/build/icyphy/ptII/lib/vertx-service-proxy-3.5.1.jar:/home/travis/build/icyphy/ptII/lib/vertx-web-3.5.1.jar:/home/travis/build/icyphy/ptII/lib/slf4j-api-1.7.13.jar:/home/travis/build/icyphy/ptII/lib/slf4j-simple-1.7.13.jar:/home/travis/build/icyphy/ptII/lib/webcam-capture-0.3.12.jar:/home/travis/build/icyphy/ptII/lib/bridj-0.7.0.jar:/home/travis/build/icyphy/ptII/lib/xbjlib-1.1.0.nrjavaserial.jar:/home/travis/build/icyphy/ptII/ptolemy/moml/test:/home/travis/build/icyphy/ptII/ant/lib/ant-launcher.jar:/home/travis/build/icyphy/ptII/ant/lib/ant.jar:/home/travis/build/icyphy/ptII/ant/lib/ant-junit.jar:/home/travis/build/icyphy/ptII/ant/lib/ant-junit4.jar" />
    <property name="ant.library.dir" value="/home/travis/build/icyphy/ptII/ant/lib" />
    <property name="os.arch" value="amd64" />
    <property name="env.TRAVIS_LANGUAGE" value="node_js" />
    <property name="env.CONTINUOUS_INTEGRATION" value="true" />
    <property name="env.TRAVIS_STACK_LANGUAGES" value="__garnet__ c c++ clojure cplusplus cpp default go groovy java node_js php pure_java python ruby scala" />
    <property name="test.name" value="ptolemy.actor.lib.test.junit.JUnitTclTest" />
    <property name="sun.java.launcher" value="SUN_STANDARD" />
    <property name="env.PYTHON_CONFIGURE_OPTS" value="--enable-unicode=ucs4 --with-wide-unicode --enable-shared --enable-ipv6 --enable-loadable-sqlite-extensions --with-computed-gotos" />
    <property name="ant.core.lib" value="/home/travis/build/icyphy/ptII/ant/lib/ant.jar" />
    <property name="java.vm.specification.vendor" value="Oracle Corporation" />
    <property name="env.BCVTB_HOME" value="/home/travis/build/icyphy/ptII/lbnl" />
    <property name="file.separator" value="/" />
    <property name="spotbugs.home" value="/home/travis/build/icyphy/ptII/vendors/spotbugs-3.1.1" />
    <property name="java.runtime.version" value="1.8.0_151-b12" />
    <property name="sun.boot.class.path" value="/usr/lib/jvm/java-8-oracle/jre/lib/resources.jar:/usr/lib/jvm/java-8-oracle/jre/lib/rt.jar:/usr/lib/jvm/java-8-oracle/jre/lib/sunrsasign.jar:/usr/lib/jvm/java-8-oracle/jre/lib/jsse.jar:/usr/lib/jvm/java-8-oracle/jre/lib/jce.jar:/usr/lib/jvm/java-8-oracle/jre/lib/charsets.jar:/usr/lib/jvm/java-8-oracle/jre/lib/jfr.jar:/usr/lib/jvm/java-8-oracle/jre/classes" />
    <property name="env.HAS_JOSH_K_SEAL_OF_APPROVAL" value="true" />
    <property name="env.TRAVIS_OSX_IMAGE" value="" />
    <property name="env.XDG_RUNTIME_DIR" value="/run/user/2000" />
    <property name="env.TRAVIS_BRANCH" value="master" />
    <property name="env.TRAVIS_JOB_ID" value="377070380" />
    <property name="user.country" value="US" />
    <property name="env.CERTI_HOME_TRAVIS" value="/home/travis/pthla/certi-tools" />
    <property name="env.SHELL" value="/bin/bash" />
    <property name="java.maxmemory.large" value="5000m" />
    <property name="model" value="" />
    <property name="env.CASHER_DIR" value="/home/travis/.casher" />
    <property name="env.NVM_CD_FLAGS" value="" />
    <property name="jshint.executable" value="/home/travis/node_modules/jshint/bin/jshint" />
    <property name="java.vendor" value="Oracle Corporation" />
    <property name="env.JRUBY_OPTS" value=" --client -J-XX:+TieredCompilation -J-XX:TieredStopAtLevel=1 -J-Xss2m -Xcompile.invokedynamic=false" />
    <property name="env.TRAVIS_PRE_CHEF_BOOTSTRAP_TIME" value="2017-12-05T19:32:55" />
    <property name="env.ELIXIR_VERSION" value="1.4.5" />
    <property name="env.TRAVIS_STACK_JOB_BOARD_REGISTER" value="/.job-board-register.yml" />
    <property name="java.specification.version" value="1.8" />
    <property name="env.IRBRC" value="/home/travis/.rvm/rubies/ruby-2.4.1/.irbrc" />
    <property name="env.TRAVIS" value="true" />
    <property name="sun.arch.data.model" value="64" />
  </properties>
  <testcase classname="ptolemy.util.test.junit.TclTests" name="[0] /home/travis/build/icyphy/ptII/ptolemy/actor/lib/test/AbsoluteValue.tcl (RunTclFile)" time="0.562" />
  <testcase classname="ptolemy.util.test.junit.TclTests" name="[1] /home/travis/build/icyphy/ptII/ptolemy/actor/lib/test/AddSubtract.tcl (RunTclFile)" time="0.128" />
  <testcase classname="ptolemy.util.test.junit.TclTests" name="[2] /home/travis/build/icyphy/ptII/ptolemy/actor/lib/test/Average.tcl (RunTclFile)" time="0.073" />
  <testcase classname="ptolemy.util.test.junit.TclTests" name="[3] /home/travis/build/icyphy/ptII/ptolemy/actor/lib/test/Bernoulli.tcl (RunTclFile)" time="0.046" />
  <testcase classname="ptolemy.util.test.junit.TclTests" name="[4] /home/travis/build/icyphy/ptII/ptolemy/actor/lib/test/Clock.tcl (RunTclFile)" time="0.093" />
  <testcase classname="ptolemy.util.test.junit.TclTests" name="[5] /home/travis/build/icyphy/ptII/ptolemy/actor/lib/test/Commutator.tcl (RunTclFile)" time="0.16" />
  <testcase classname="ptolemy.util.test.junit.TclTests" name="[6] /home/travis/build/icyphy/ptII/ptolemy/actor/lib/test/Const.tcl (RunTclFile)" time="0.145" />
  <testcase classname="ptolemy.util.test.junit.TclTests" name="[7] /home/travis/build/icyphy/ptII/ptolemy/actor/lib/test/CurrentTime.tcl (RunTclFile)" time="0.029" />
  <testcase classname="ptolemy.util.test.junit.TclTests" name="[8] /home/travis/build/icyphy/ptII/ptolemy/actor/lib/test/DB.tcl (RunTclFile)" time="0.028" />
  <testcase classname="ptolemy.util.test.junit.TclTests" name="[9] /home/travis/build/icyphy/ptII/ptolemy/actor/lib/test/DiscreteRandomSource.tcl (RunTclFile)" time="0.045" />
  <testcase classname="ptolemy.util.test.junit.TclTests" name="[10] /home/travis/build/icyphy/ptII/ptolemy/actor/lib/test/Distributor.tcl (RunTclFile)" time="0.057" />
  <testcase classname="ptolemy.util.test.junit.TclTests" name="[11] /home/travis/build/icyphy/ptII/ptolemy/actor/lib/test/Exit.tcl (RunTclFile)" time="0.07" />
  <testcase classname="ptolemy.util.test.junit.TclTests" name="[12] /home/travis/build/icyphy/ptII/ptolemy/actor/lib/test/Expression.tcl (RunTclFile)" time="0.191" />
  <testcase classname="ptolemy.util.test.junit.TclTests" name="[13] /home/travis/build/icyphy/ptII/ptolemy/actor/lib/test/Gaussian.tcl (RunTclFile)" time="0.649" />
  <testcase classname="ptolemy.util.test.junit.TclTests" name="[14] /home/travis/build/icyphy/ptII/ptolemy/actor/lib/test/IIR.tcl (RunTclFile)" time="0.031" />
  <testcase classname="ptolemy.util.test.junit.TclTests" name="[15] /home/travis/build/icyphy/ptII/ptolemy/actor/lib/test/Interpolator.tcl (RunTclFile)" time="0.097" />
  <testcase classname="ptolemy.util.test.junit.TclTests" name="[16] /home/travis/build/icyphy/ptII/ptolemy/actor/lib/test/MathFunction.tcl (RunTclFile)" time="0.094" />
  <testcase classname="ptolemy.util.test.junit.TclTests" name="[17] /home/travis/build/icyphy/ptII/ptolemy/actor/lib/test/Maximum.tcl (RunTclFile)" time="0.063" />
  <testcase classname="ptolemy.util.test.junit.TclTests" name="[18] /home/travis/build/icyphy/ptII/ptolemy/actor/lib/test/Minimum.tcl (RunTclFile)" time="0.046" />
  <testcase classname="ptolemy.util.test.junit.TclTests" name="[19] /home/travis/build/icyphy/ptII/ptolemy/actor/lib/test/MultiplyDivide.tcl (RunTclFile)" time="0.064" />
  <testcase classname="ptolemy.util.test.junit.TclTests" name="[20] /home/travis/build/icyphy/ptII/ptolemy/actor/lib/test/OrderedMerge.tcl (RunTclFile)" time="0.139" />
  <testcase classname="ptolemy.util.test.junit.TclTests" name="[21] /home/travis/build/icyphy/ptII/ptolemy/actor/lib/test/Publisher.tcl (RunTclFile)" time="1.018" />
  <testcase classname="ptolemy.util.test.junit.TclTests" name="[22] /home/travis/build/icyphy/ptII/ptolemy/actor/lib/test/Pulse.tcl (RunTclFile)" time="0.068" />
  <testcase classname="ptolemy.util.test.junit.TclTests" name="[23] /home/travis/build/icyphy/ptII/ptolemy/actor/lib/test/Ramp.tcl (RunTclFile)" time="3.185" />
  <testcase classname="ptolemy.util.test.junit.TclTests" name="[24] /home/travis/build/icyphy/ptII/ptolemy/actor/lib/test/RampContinuous.tcl (RunTclFile)" time="0.023" />
  <testcase classname="ptolemy.util.test.junit.TclTests" name="[25] /home/travis/build/icyphy/ptII/ptolemy/actor/lib/test/RecordAssembler.tcl (RunTclFile)" time="0.021" />
  <testcase classname="ptolemy.util.test.junit.TclTests" name="[26] /home/travis/build/icyphy/ptII/ptolemy/actor/lib/test/RecordDisassembler.tcl (RunTclFile)" time="0.036" />
  <testcase classname="ptolemy.util.test.junit.TclTests" name="[27] /home/travis/build/icyphy/ptII/ptolemy/actor/lib/test/Scale.tcl (RunTclFile)" time="0.034" />
  <testcase classname="ptolemy.util.test.junit.TclTests" name="[28] /home/travis/build/icyphy/ptII/ptolemy/actor/lib/test/SequentialClock.tcl (RunTclFile)" time="0.019" />
  <testcase classname="ptolemy.util.test.junit.TclTests" name="[29] /home/travis/build/icyphy/ptII/ptolemy/actor/lib/test/SetVariable.tcl (RunTclFile)" time="0.019" />
  <testcase classname="ptolemy.util.test.junit.TclTests" name="[30] /home/travis/build/icyphy/ptII/ptolemy/actor/lib/test/Sinewave.tcl (RunTclFile)" time="0.081" />
  <testcase classname="ptolemy.util.test.junit.TclTests" name="[31] /home/travis/build/icyphy/ptII/ptolemy/actor/lib/test/SubscriptionAggregator.tcl (RunTclFile)" time="2.6" />
  <testcase classname="ptolemy.util.test.junit.TclTests" name="[32] /home/travis/build/icyphy/ptII/ptolemy/actor/lib/test/Test.tcl (RunTclFile)" time="0.238">
    <failure message="Number of failed tests is has increased. expected:&lt;0&gt; but was:&lt;1&gt;" type="junit.framework.AssertionFailedError">junit.framework.AssertionFailedError: Number of failed tests is has increased. expected:&lt;0&gt; but was:&lt;1&gt;
	at ptolemy.util.test.junit.TclTests.RunTclFile(TclTests.java:286)
	at junitparams.internal.InvokeParameterisedMethod.evaluate(InvokeParameterisedMethod.java:102)
	at junitparams.internal.ParameterisedTestMethodRunner.runMethodInvoker(ParameterisedTestMethodRunner.java:47)
	at junitparams.internal.ParameterisedTestMethodRunner.runTestMethod(ParameterisedTestMethodRunner.java:41)
	at junitparams.internal.ParameterisedTestClassRunner.runParameterisedTest(ParameterisedTestClassRunner.java:143)
	at junitparams.JUnitParamsRunner.runChild(JUnitParamsRunner.java:237)
	at junitparams.JUnitParamsRunner.runChild(JUnitParamsRunner.java:215)
</failure>
  </testcase>
  <testcase classname="ptolemy.util.test.junit.TclTests" name="[33] /home/travis/build/icyphy/ptII/ptolemy/actor/lib/test/TestExceptionHandler.tcl (RunTclFile)" time="0.012" />
  <testcase classname="ptolemy.util.test.junit.TclTests" name="[34] /home/travis/build/icyphy/ptII/ptolemy/actor/lib/test/UnionDisassembler.tcl (RunTclFile)" time="0.057" />
  <testcase classname="ptolemy.util.test.junit.TclTests" name="[35] /home/travis/build/icyphy/ptII/ptolemy/actor/lib/test/VariableClock.tcl (RunTclFile)" time="0.02" />
  <testcase classname="ptolemy.util.test.junit.AutoKnownFailedTests" name="[0] /home/travis/build/icyphy/ptII/ptolemy/actor/lib/test/auto/knownFailedTests/PublisherPortToplevelSubscriber.xml (RunModel)" time="0.02" />
  <testcase classname="ptolemy.util.test.junit.AutoKnownFailedTests" name="[1] /home/travis/build/icyphy/ptII/ptolemy/actor/lib/test/auto/knownFailedTests/PublisherSubscriberPortToplevel.xml (RunModel)" time="0.019" />
  <testcase classname="ptolemy.util.test.junit.AutoKnownFailedTests" name="[2] /home/travis/build/icyphy/ptII/ptolemy/actor/lib/test/auto/knownFailedTests/PublisherSubscriptionAggregatorPort.xml (RunModel)" time="0.023" />
  <testcase classname="ptolemy.util.test.junit.AutoKnownFailedTests" name="[3] /home/travis/build/icyphy/ptII/ptolemy/actor/lib/test/auto/knownFailedTests/sizedarray3.xml (RunModel)" time="0.037" />
  <testcase classname="ptolemy.util.test.junit.AutoNameArchTests" name="[0] ThereAreNoAutoTests (RunModel)" time="0.001" />
  <testcase classname="ptolemy.util.test.junit.AutoTests" name="[0] /home/travis/build/icyphy/ptII/ptolemy/actor/lib/test/auto/AbsoluteValue.xml (RunModel)" time="0.115" />
  <testcase classname="ptolemy.util.test.junit.AutoTests" name="[1] /home/travis/build/icyphy/ptII/ptolemy/actor/lib/test/auto/AbsoluteValue2.xml (RunModel)" time="0.099" />
  <testcase classname="ptolemy.util.test.junit.AutoTests" name="[2] /home/travis/build/icyphy/ptII/ptolemy/actor/lib/test/auto/Accumulator.xml (RunModel)" time="0.084" />
  <testcase classname="ptolemy.util.test.junit.AutoTests" name="[3] /home/travis/build/icyphy/ptII/ptolemy/actor/lib/test/auto/Accumulator2.xml (RunModel)" time="0.045" />
  <testcase classname="ptolemy.util.test.junit.AutoTests" name="[4] /home/travis/build/icyphy/ptII/ptolemy/actor/lib/test/auto/Accumulator3.xml (RunModel)" time="0.019" />
  <testcase classname="ptolemy.util.test.junit.AutoTests" name="[5] /home/travis/build/icyphy/ptII/ptolemy/actor/lib/test/auto/ArrayAppend.xml (RunModel)" time="0.062" />
  <testcase classname="ptolemy.util.test.junit.AutoTests" name="[6] /home/travis/build/icyphy/ptII/ptolemy/actor/lib/test/auto/ArrayAppend2.xml (RunModel)" time="0.677" />
  <testcase classname="ptolemy.util.test.junit.AutoTests" name="[7] /home/travis/build/icyphy/ptII/ptolemy/actor/lib/test/auto/ArrayAppend3.xml (RunModel)" time="0.059" />
  <testcase classname="ptolemy.util.test.junit.AutoTests" name="[8] /home/travis/build/icyphy/ptII/ptolemy/actor/lib/test/auto/ArrayAppend4.xml (RunModel)" time="0.035" />
  <testcase classname="ptolemy.util.test.junit.AutoTests" name="[9] /home/travis/build/icyphy/ptII/ptolemy/actor/lib/test/auto/ArrayAppend5.xml (RunModel)" time="0.024" />
  <testcase classname="ptolemy.util.test.junit.AutoTests" name="[10] /home/travis/build/icyphy/ptII/ptolemy/actor/lib/test/auto/ArrayAppend6.xml (RunModel)" time="0.024" />
  <testcase classname="ptolemy.util.test.junit.AutoTests" name="[11] /home/travis/build/icyphy/ptII/ptolemy/actor/lib/test/auto/ArrayAppendPerformanceTest.xml (RunModel)" time="0.051" />
  <testcase classname="ptolemy.util.test.junit.AutoTests" name="[12] /home/travis/build/icyphy/ptII/ptolemy/actor/lib/test/auto/ArrayAppendWithEmptyInput.xml (RunModel)" time="0.084" />
  <testcase classname="ptolemy.util.test.junit.AutoTests" name="[13] /home/travis/build/icyphy/ptII/ptolemy/actor/lib/test/auto/ArrayAverage.xml (RunModel)" time="0.082" />
  <testcase classname="ptolemy.util.test.junit.AutoTests" name="[14] /home/travis/build/icyphy/ptII/ptolemy/actor/lib/test/auto/ArrayContains.xml (RunModel)" time="0.026" />
  <testcase classname="ptolemy.util.test.junit.AutoTests" name="[15] /home/travis/build/icyphy/ptII/ptolemy/actor/lib/test/auto/ArrayElement.xml (RunModel)" time="0.029" />
  <testcase classname="ptolemy.util.test.junit.AutoTests" name="[16] /home/travis/build/icyphy/ptII/ptolemy/actor/lib/test/auto/ArrayElementAsMatrix.xml (RunModel)" time="0.063" />
  <testcase classname="ptolemy.util.test.junit.AutoTests" name="[17] /home/travis/build/icyphy/ptII/ptolemy/actor/lib/test/auto/ArrayElementI.xml (RunModel)" time="0.035" />
  <testcase classname="ptolemy.util.test.junit.AutoTests" name="[18] /home/travis/build/icyphy/ptII/ptolemy/actor/lib/test/auto/ArrayExtract.xml (RunModel)" time="0.046" />
  <testcase classname="ptolemy.util.test.junit.AutoTests" name="[19] /home/travis/build/icyphy/ptII/ptolemy/actor/lib/test/auto/ArrayExtract2.xml (RunModel)" time="0.631" />
  <testcase classname="ptolemy.util.test.junit.AutoTests" name="[20] /home/travis/build/icyphy/ptII/ptolemy/actor/lib/test/auto/ArrayLength.xml (RunModel)" time="0.034" />
  <testcase classname="ptolemy.util.test.junit.AutoTests" name="[21] /home/travis/build/icyphy/ptII/ptolemy/actor/lib/test/auto/ArrayLevelCrossing.xml (RunModel)" time="0.053" />
  <testcase classname="ptolemy.util.test.junit.AutoTests" name="[22] /home/travis/build/icyphy/ptII/ptolemy/actor/lib/test/auto/ArrayLevelCrossing2.xml (RunModel)" time="0.039" />
  <testcase classname="ptolemy.util.test.junit.AutoTests" name="[23] /home/travis/build/icyphy/ptII/ptolemy/actor/lib/test/auto/ArrayPeakSearch.xml (RunModel)" time="0.059" />
  <testcase classname="ptolemy.util.test.junit.AutoTests" name="[24] /home/travis/build/icyphy/ptII/ptolemy/actor/lib/test/auto/ArrayPeakSearch2.xml (RunModel)" time="0.065" />
  <testcase classname="ptolemy.util.test.junit.AutoTests" name="[25] /home/travis/build/icyphy/ptII/ptolemy/actor/lib/test/auto/ArrayPeakSearch3.xml (RunModel)" time="0.044" />
  <testcase classname="ptolemy.util.test.junit.AutoTests" name="[26] /home/travis/build/icyphy/ptII/ptolemy/actor/lib/test/auto/ArrayRemoveElement.xml (RunModel)" time="0.04" />
  <testcase classname="ptolemy.util.test.junit.AutoTests" name="[27] /home/travis/build/icyphy/ptII/ptolemy/actor/lib/test/auto/ArraySort.xml (RunModel)" time="0.051" />
  <testcase classname="ptolemy.util.test.junit.AutoTests" name="[28] /home/travis/build/icyphy/ptII/ptolemy/actor/lib/test/auto/ArraySum.xml (RunModel)" time="0.024" />
  <testcase classname="ptolemy.util.test.junit.AutoTests" name="[29] /home/travis/build/icyphy/ptII/ptolemy/actor/lib/test/auto/ArrayToElements.xml (RunModel)" time="0.037" />
  <testcase classname="ptolemy.util.test.junit.AutoTests" name="[30] /home/travis/build/icyphy/ptII/ptolemy/actor/lib/test/auto/ArrayToMatrix.xml (RunModel)" time="0.076" />
  <testcase classname="ptolemy.util.test.junit.AutoTests" name="[31] /home/travis/build/icyphy/ptII/ptolemy/actor/lib/test/auto/ArrayUpdate1.xml (RunModel)" time="0.031" />
  <testcase classname="ptolemy.util.test.junit.AutoTests" name="[32] /home/travis/build/icyphy/ptII/ptolemy/actor/lib/test/auto/ArrayUpdate2.xml (RunModel)" time="0.037" />
  <testcase classname="ptolemy.util.test.junit.AutoTests" name="[33] /home/travis/build/icyphy/ptII/ptolemy/actor/lib/test/auto/ArrayUpdate3.xml (RunModel)" time="0.019" />
  <testcase classname="ptolemy.util.test.junit.AutoTests" name="[34] /home/travis/build/icyphy/ptII/ptolemy/actor/lib/test/auto/Assert1.xml (RunModel)" time="0.025" />
  <testcase classname="ptolemy.util.test.junit.AutoTests" name="[35] /home/travis/build/icyphy/ptII/ptolemy/actor/lib/test/auto/Assert2.xml (RunModel)" time="0.019" />
  <testcase classname="ptolemy.util.test.junit.AutoTests" name="[36] /home/travis/build/icyphy/ptII/ptolemy/actor/lib/test/auto/BooleanMultiplexor.xml (RunModel)" time="0.026" />
  <testcase classname="ptolemy.util.test.junit.AutoTests" name="[37] /home/travis/build/icyphy/ptII/ptolemy/actor/lib/test/auto/BooleanMultiplexor2.xml (RunModel)" time="0.04" />
  <testcase classname="ptolemy.util.test.junit.AutoTests" name="[38] /home/travis/build/icyphy/ptII/ptolemy/actor/lib/test/auto/BooleanMultiplexor3.xml (RunModel)" time="0.025" />
  <testcase classname="ptolemy.util.test.junit.AutoTests" name="[39] /home/travis/build/icyphy/ptII/ptolemy/actor/lib/test/auto/BooleanSelect.xml (RunModel)" time="0.024" />
  <testcase classname="ptolemy.util.test.junit.AutoTests" name="[40] /home/travis/build/icyphy/ptII/ptolemy/actor/lib/test/auto/BooleanSelect2.xml (RunModel)" time="0.02" />
  <testcase classname="ptolemy.util.test.junit.AutoTests" name="[41] /home/travis/build/icyphy/ptII/ptolemy/actor/lib/test/auto/BooleanSwitch.xml (RunModel)" time="0.027" />
  <testcase classname="ptolemy.util.test.junit.AutoTests" name="[42] /home/travis/build/icyphy/ptII/ptolemy/actor/lib/test/auto/BooleanSwitch2.xml (RunModel)" time="0.021" />
  <testcase classname="ptolemy.util.test.junit.AutoTests" name="[43] /home/travis/build/icyphy/ptII/ptolemy/actor/lib/test/auto/BooleanSwitchCloningBugWithClassRelationGroup.xml (RunModel)" time="0.047" />
  <testcase classname="ptolemy.util.test.junit.AutoTests" name="[44] /home/travis/build/icyphy/ptII/ptolemy/actor/lib/test/auto/BusActors.xml (RunModel)" time="0.05" />
  <testcase classname="ptolemy.util.test.junit.AutoTests" name="[45] /home/travis/build/icyphy/ptII/ptolemy/actor/lib/test/auto/ClassWrapper.xml (RunModel)" time="0.017" />
  <testcase classname="ptolemy.util.test.junit.AutoTests" name="[46] /home/travis/build/icyphy/ptII/ptolemy/actor/lib/test/auto/Clock.xml (RunModel)" time="0.025" />
  <testcase classname="ptolemy.util.test.junit.AutoTests" name="[47] /home/travis/build/icyphy/ptII/ptolemy/actor/lib/test/auto/Clock10.xml (RunModel)" time="0.032" />
  <testcase classname="ptolemy.util.test.junit.AutoTests" name="[48] /home/travis/build/icyphy/ptII/ptolemy/actor/lib/test/auto/Clock11.xml (RunModel)" time="0.029" />
  <testcase classname="ptolemy.util.test.junit.AutoTests" name="[49] /home/travis/build/icyphy/ptII/ptolemy/actor/lib/test/auto/Clock12.xml (RunModel)" time="0.03" />
  <testcase classname="ptolemy.util.test.junit.AutoTests" name="[50] /home/travis/build/icyphy/ptII/ptolemy/actor/lib/test/auto/Clock13.xml (RunModel)" time="0.032" />
  <testcase classname="ptolemy.util.test.junit.AutoTests" name="[51] /home/travis/build/icyphy/ptII/ptolemy/actor/lib/test/auto/Clock14.xml (RunModel)" time="0.035" />
  <testcase classname="ptolemy.util.test.junit.AutoTests" name="[52] /home/travis/build/icyphy/ptII/ptolemy/actor/lib/test/auto/Clock15.xml (RunModel)" time="0.019" />
  <testcase classname="ptolemy.util.test.junit.AutoTests" name="[53] /home/travis/build/icyphy/ptII/ptolemy/actor/lib/test/auto/Clock16.xml (RunModel)" time="0.145" />
  <testcase classname="ptolemy.util.test.junit.AutoTests" name="[54] /home/travis/build/icyphy/ptII/ptolemy/actor/lib/test/auto/Clock17.xml (RunModel)" time="0.087" />
  <testcase classname="ptolemy.util.test.junit.AutoTests" name="[55] /home/travis/build/icyphy/ptII/ptolemy/actor/lib/test/auto/Clock18.xml (RunModel)" time="0.076" />
  <testcase classname="ptolemy.util.test.junit.AutoTests" name="[56] /home/travis/build/icyphy/ptII/ptolemy/actor/lib/test/auto/Clock19.xml (RunModel)" time="0.065" />
  <testcase classname="ptolemy.util.test.junit.AutoTests" name="[57] /home/travis/build/icyphy/ptII/ptolemy/actor/lib/test/auto/Clock2.xml (RunModel)" time="0.023" />
  <testcase classname="ptolemy.util.test.junit.AutoTests" name="[58] /home/travis/build/icyphy/ptII/ptolemy/actor/lib/test/auto/Clock20.xml (RunModel)" time="0.036" />
  <testcase classname="ptolemy.util.test.junit.AutoTests" name="[59] /home/travis/build/icyphy/ptII/ptolemy/actor/lib/test/auto/Clock21.xml (RunModel)" time="0.024" />
  <testcase classname="ptolemy.util.test.junit.AutoTests" name="[60] /home/travis/build/icyphy/ptII/ptolemy/actor/lib/test/auto/Clock22.xml (RunModel)" time="0.023" />
  <testcase classname="ptolemy.util.test.junit.AutoTests" name="[61] /home/travis/build/icyphy/ptII/ptolemy/actor/lib/test/auto/Clock23.xml (RunModel)" time="0.026" />
  <testcase classname="ptolemy.util.test.junit.AutoTests" name="[62] /home/travis/build/icyphy/ptII/ptolemy/actor/lib/test/auto/Clock24.xml (RunModel)" time="0.025" />
  <testcase classname="ptolemy.util.test.junit.AutoTests" name="[63] /home/travis/build/icyphy/ptII/ptolemy/actor/lib/test/auto/Clock4.xml (RunModel)" time="0.021" />
  <testcase classname="ptolemy.util.test.junit.AutoTests" name="[64] /home/travis/build/icyphy/ptII/ptolemy/actor/lib/test/auto/Clock5.xml (RunModel)" time="0.023" />
  <testcase classname="ptolemy.util.test.junit.AutoTests" name="[65] /home/travis/build/icyphy/ptII/ptolemy/actor/lib/test/auto/Clock6.xml (RunModel)" time="0.027" />
  <testcase classname="ptolemy.util.test.junit.AutoTests" name="[66] /home/travis/build/icyphy/ptII/ptolemy/actor/lib/test/auto/Clock7.xml (RunModel)" time="0.017" />
  <testcase classname="ptolemy.util.test.junit.AutoTests" name="[67] /home/travis/build/icyphy/ptII/ptolemy/actor/lib/test/auto/Clock8.xml (RunModel)" time="0.023" />
  <testcase classname="ptolemy.util.test.junit.AutoTests" name="[68] /home/travis/build/icyphy/ptII/ptolemy/actor/lib/test/auto/Clock9.xml (RunModel)" time="0.02" />
  <testcase classname="ptolemy.util.test.junit.AutoTests" name="[69] /home/travis/build/icyphy/ptII/ptolemy/actor/lib/test/auto/CommDistDiscard.xml (RunModel)" time="0.033" />
  <testcase classname="ptolemy.util.test.junit.AutoTests" name="[70] /home/travis/build/icyphy/ptII/ptolemy/actor/lib/test/auto/Commutator.xml (RunModel)" time="0.019" />
  <testcase classname="ptolemy.util.test.junit.AutoTests" name="[71] /home/travis/build/icyphy/ptII/ptolemy/actor/lib/test/auto/Commutator2.xml (RunModel)" time="0.028" />
  <testcase classname="ptolemy.util.test.junit.AutoTests" name="[72] /home/travis/build/icyphy/ptII/ptolemy/actor/lib/test/auto/Commutator3.xml (RunModel)" time="0.018" />
  <testcase classname="ptolemy.util.test.junit.AutoTests" name="[73] /home/travis/build/icyphy/ptII/ptolemy/actor/lib/test/auto/Compare.xml (RunModel)" time="0.03" />
  <testcase classname="ptolemy.util.test.junit.AutoTests" name="[74] /home/travis/build/icyphy/ptII/ptolemy/actor/lib/test/auto/CompareDE.xml (RunModel)" time="0.029" />
  <testcase classname="ptolemy.util.test.junit.AutoTests" name="[75] /home/travis/build/icyphy/ptII/ptolemy/actor/lib/test/auto/ComplexDivide.xml (RunModel)" time="0.013" />
  <testcase classname="ptolemy.util.test.junit.AutoTests" name="[76] /home/travis/build/icyphy/ptII/ptolemy/actor/lib/test/auto/ComputeHistogram.xml (RunModel)" time="0.129" />
  <testcase classname="ptolemy.util.test.junit.AutoTests" name="[77] /home/travis/build/icyphy/ptII/ptolemy/actor/lib/test/auto/ConfigurationSelect.xml (RunModel)" time="0.032" />
  <testcase classname="ptolemy.util.test.junit.AutoTests" name="[78] /home/travis/build/icyphy/ptII/ptolemy/actor/lib/test/auto/ConfigurationSelect2.xml (RunModel)" time="0.021" />
  <testcase classname="ptolemy.util.test.junit.AutoTests" name="[79] /home/travis/build/icyphy/ptII/ptolemy/actor/lib/test/auto/ConfigurationSwitch.xml (RunModel)" time="0.026" />
  <testcase classname="ptolemy.util.test.junit.AutoTests" name="[80] /home/travis/build/icyphy/ptII/ptolemy/actor/lib/test/auto/ConfigurationSwitch2.xml (RunModel)" time="0.021" />
  <testcase classname="ptolemy.util.test.junit.AutoTests" name="[81] /home/travis/build/icyphy/ptII/ptolemy/actor/lib/test/auto/ConfigurationSwitchCloningBugWithClassRelationGroup.xml (RunModel)" time="0.028" />
  <testcase classname="ptolemy.util.test.junit.AutoTests" name="[82] /home/travis/build/icyphy/ptII/ptolemy/actor/lib/test/auto/ConfigurationSwitchSelectSDF.xml (RunModel)" time="0.02" />
  <testcase classname="ptolemy.util.test.junit.AutoTests" name="[83] /home/travis/build/icyphy/ptII/ptolemy/actor/lib/test/auto/ConfigurationSwitchSelectSDF2.xml (RunModel)" time="0.022" />
  <testcase classname="ptolemy.util.test.junit.AutoTests" name="[84] /home/travis/build/icyphy/ptII/ptolemy/actor/lib/test/auto/Const.xml (RunModel)" time="0.01" />
  <testcase classname="ptolemy.util.test.junit.AutoTests" name="[85] /home/travis/build/icyphy/ptII/ptolemy/actor/lib/test/auto/Const2.xml (RunModel)" time="0.011" />
  <testcase classname="ptolemy.util.test.junit.AutoTests" name="[86] /home/travis/build/icyphy/ptII/ptolemy/actor/lib/test/auto/Const3.xml (RunModel)" time="0.006" />
  <testcase classname="ptolemy.util.test.junit.AutoTests" name="[87] /home/travis/build/icyphy/ptII/ptolemy/actor/lib/test/auto/ConstantPublisherPort1.xml (RunModel)" time="0.027" />
  <testcase classname="ptolemy.util.test.junit.AutoTests" name="[88] /home/travis/build/icyphy/ptII/ptolemy/actor/lib/test/auto/ConstantPublisherPort2.xml (RunModel)" time="0.022" />
  <testcase classname="ptolemy.util.test.junit.AutoTests" name="[89] /home/travis/build/icyphy/ptII/ptolemy/actor/lib/test/auto/ConstantPublisherPort3.xml (RunModel)" time="0.023" />
  <testcase classname="ptolemy.util.test.junit.AutoTests" name="[90] /home/travis/build/icyphy/ptII/ptolemy/actor/lib/test/auto/ConstantPublisherPort4.xml (RunModel)" time="0.022" />
  <testcase classname="ptolemy.util.test.junit.AutoTests" name="[91] /home/travis/build/icyphy/ptII/ptolemy/actor/lib/test/auto/ConstantPublisherPort5.xml (RunModel)" time="0.038" />
  <testcase classname="ptolemy.util.test.junit.AutoTests" name="[92] /home/travis/build/icyphy/ptII/ptolemy/actor/lib/test/auto/ConstantPublisherPort6.xml (RunModel)" time="0.037" />
  <testcase classname="ptolemy.util.test.junit.AutoTests" name="[93] /home/travis/build/icyphy/ptII/ptolemy/actor/lib/test/auto/ConstantPublisherPort7.xml (RunModel)" time="0.045" />
  <testcase classname="ptolemy.util.test.junit.AutoTests" name="[94] /home/travis/build/icyphy/ptII/ptolemy/actor/lib/test/auto/ConstraintMonitor1.xml (RunModel)" time="0.031" />
  <testcase classname="ptolemy.util.test.junit.AutoTests" name="[95] /home/travis/build/icyphy/ptII/ptolemy/actor/lib/test/auto/ConstraintMonitor2.xml (RunModel)" time="0.013" />
  <testcase classname="ptolemy.util.test.junit.AutoTests" name="[96] /home/travis/build/icyphy/ptII/ptolemy/actor/lib/test/auto/ConstraintMonitor3.xml (RunModel)" time="0.013" />
  <testcase classname="ptolemy.util.test.junit.AutoTests" name="[97] /home/travis/build/icyphy/ptII/ptolemy/actor/lib/test/auto/ConstraintMonitor4.xml (RunModel)" time="0.02" />
  <testcase classname="ptolemy.util.test.junit.AutoTests" name="[98] /home/travis/build/icyphy/ptII/ptolemy/actor/lib/test/auto/ConstraintMonitor5.xml (RunModel)" time="0.016" />
  <testcase classname="ptolemy.util.test.junit.AutoTests" name="[99] /home/travis/build/icyphy/ptII/ptolemy/actor/lib/test/auto/ConstraintMonitor6.xml (RunModel)" time="0.021" />
  <testcase classname="ptolemy.util.test.junit.AutoTests" name="[100] /home/travis/build/icyphy/ptII/ptolemy/actor/lib/test/auto/ConstraintMonitor7.xml (RunModel)" time="0.023" />
  <testcase classname="ptolemy.util.test.junit.AutoTests" name="[101] /home/travis/build/icyphy/ptII/ptolemy/actor/lib/test/auto/ConstraintMonitor8.xml (RunModel)" time="0.027" />
  <testcase classname="ptolemy.util.test.junit.AutoTests" name="[102] /home/travis/build/icyphy/ptII/ptolemy/actor/lib/test/auto/Counter.xml (RunModel)" time="0.016" />
  <testcase classname="ptolemy.util.test.junit.AutoTests" name="[103] /home/travis/build/icyphy/ptII/ptolemy/actor/lib/test/auto/CurrentTimeSDF.xml (RunModel)" time="0.012" />
  <testcase classname="ptolemy.util.test.junit.AutoTests" name="[104] /home/travis/build/icyphy/ptII/ptolemy/actor/lib/test/auto/DB.xml (RunModel)" time="0.018" />
  <testcase classname="ptolemy.util.test.junit.AutoTests" name="[105] /home/travis/build/icyphy/ptII/ptolemy/actor/lib/test/auto/DBDE.xml (RunModel)" time="0.02" />
  <testcase classname="ptolemy.util.test.junit.AutoTests" name="[106] /home/travis/build/icyphy/ptII/ptolemy/actor/lib/test/auto/DateConstructor.xml (RunModel)" time="0.069" />
  <testcase classname="ptolemy.util.test.junit.AutoTests" name="[107] /home/travis/build/icyphy/ptII/ptolemy/actor/lib/test/auto/DelayTime.xml (RunModel)" time="0.018" />
  <testcase classname="ptolemy.util.test.junit.AutoTests" name="[108] /home/travis/build/icyphy/ptII/ptolemy/actor/lib/test/auto/Dictionary1.xml (RunModel)" time="0.019" />
  <testcase classname="ptolemy.util.test.junit.AutoTests" name="[109] /home/travis/build/icyphy/ptII/ptolemy/actor/lib/test/auto/Dictionary2.xml (RunModel)" time="0.018" />
  <testcase classname="ptolemy.util.test.junit.AutoTests" name="[110] /home/travis/build/icyphy/ptII/ptolemy/actor/lib/test/auto/Dictionary3.xml (RunModel)" time="0.019" />
  <testcase classname="ptolemy.util.test.junit.AutoTests" name="[111] /home/travis/build/icyphy/ptII/ptolemy/actor/lib/test/auto/Dictionary4.xml (RunModel)" time="0.022" />
  <testcase classname="ptolemy.util.test.junit.AutoTests" name="[112] /home/travis/build/icyphy/ptII/ptolemy/actor/lib/test/auto/Differential.xml (RunModel)" time="0.015" />
  <testcase classname="ptolemy.util.test.junit.AutoTests" name="[113] /home/travis/build/icyphy/ptII/ptolemy/actor/lib/test/auto/Director.xml (RunModel)" time="0.012" />
  <testcase classname="ptolemy.util.test.junit.AutoTests" name="[114] /home/travis/build/icyphy/ptII/ptolemy/actor/lib/test/auto/DiscreteClock.xml (RunModel)" time="0.01" />
  <testcase classname="ptolemy.util.test.junit.AutoTests" name="[115] /home/travis/build/icyphy/ptII/ptolemy/actor/lib/test/auto/DiscreteClock10.xml (RunModel)" time="0.018" />
  <testcase classname="ptolemy.util.test.junit.AutoTests" name="[116] /home/travis/build/icyphy/ptII/ptolemy/actor/lib/test/auto/DiscreteClock11.xml (RunModel)" time="0.019" />
  <testcase classname="ptolemy.util.test.junit.AutoTests" name="[117] /home/travis/build/icyphy/ptII/ptolemy/actor/lib/test/auto/DiscreteClock12.xml (RunModel)" time="0.02" />
  <testcase classname="ptolemy.util.test.junit.AutoTests" name="[118] /home/travis/build/icyphy/ptII/ptolemy/actor/lib/test/auto/DiscreteClock13.xml (RunModel)" time="0.02" />
  <testcase classname="ptolemy.util.test.junit.AutoTests" name="[119] /home/travis/build/icyphy/ptII/ptolemy/actor/lib/test/auto/DiscreteClock14.xml (RunModel)" time="0.022" />
  <testcase classname="ptolemy.util.test.junit.AutoTests" name="[120] /home/travis/build/icyphy/ptII/ptolemy/actor/lib/test/auto/DiscreteClock15.xml (RunModel)" time="0.018" />
  <testcase classname="ptolemy.util.test.junit.AutoTests" name="[121] /home/travis/build/icyphy/ptII/ptolemy/actor/lib/test/auto/DiscreteClock16.xml (RunModel)" time="0.061" />
  <testcase classname="ptolemy.util.test.junit.AutoTests" name="[122] /home/travis/build/icyphy/ptII/ptolemy/actor/lib/test/auto/DiscreteClock17.xml (RunModel)" time="0.066" />
  <testcase classname="ptolemy.util.test.junit.AutoTests" name="[123] /home/travis/build/icyphy/ptII/ptolemy/actor/lib/test/auto/DiscreteClock18.xml (RunModel)" time="0.061" />
  <testcase classname="ptolemy.util.test.junit.AutoTests" name="[124] /home/travis/build/icyphy/ptII/ptolemy/actor/lib/test/auto/DiscreteClock19.xml (RunModel)" time="0.061" />
  <testcase classname="ptolemy.util.test.junit.AutoTests" name="[125] /home/travis/build/icyphy/ptII/ptolemy/actor/lib/test/auto/DiscreteClock2.xml (RunModel)" time="0.014" />
  <testcase classname="ptolemy.util.test.junit.AutoTests" name="[126] /home/travis/build/icyphy/ptII/ptolemy/actor/lib/test/auto/DiscreteClock20.xml (RunModel)" time="0.037" />
  <testcase classname="ptolemy.util.test.junit.AutoTests" name="[127] /home/travis/build/icyphy/ptII/ptolemy/actor/lib/test/auto/DiscreteClock21.xml (RunModel)" time="0.028" />
  <testcase classname="ptolemy.util.test.junit.AutoTests" name="[128] /home/travis/build/icyphy/ptII/ptolemy/actor/lib/test/auto/DiscreteClock22.xml (RunModel)" time="0.021" />
  <testcase classname="ptolemy.util.test.junit.AutoTests" name="[129] /home/travis/build/icyphy/ptII/ptolemy/actor/lib/test/auto/DiscreteClock23.xml (RunModel)" time="0.033" />
  <testcase classname="ptolemy.util.test.junit.AutoTests" name="[130] /home/travis/build/icyphy/ptII/ptolemy/actor/lib/test/auto/DiscreteClock24.xml (RunModel)" time="0.025" />
  <testcase classname="ptolemy.util.test.junit.AutoTests" name="[131] /home/travis/build/icyphy/ptII/ptolemy/actor/lib/test/auto/DiscreteClock4.xml (RunModel)" time="0.018" />
  <testcase classname="ptolemy.util.test.junit.AutoTests" name="[132] /home/travis/build/icyphy/ptII/ptolemy/actor/lib/test/auto/DiscreteClock5.xml (RunModel)" time="0.014" />
  <testcase classname="ptolemy.util.test.junit.AutoTests" name="[133] /home/travis/build/icyphy/ptII/ptolemy/actor/lib/test/auto/DiscreteClock6.xml (RunModel)" time="0.012" />
  <testcase classname="ptolemy.util.test.junit.AutoTests" name="[134] /home/travis/build/icyphy/ptII/ptolemy/actor/lib/test/auto/DiscreteClock7.xml (RunModel)" time="0.015" />
  <testcase classname="ptolemy.util.test.junit.AutoTests" name="[135] /home/travis/build/icyphy/ptII/ptolemy/actor/lib/test/auto/DiscreteClock8.xml (RunModel)" time="0.018" />
  <testcase classname="ptolemy.util.test.junit.AutoTests" name="[136] /home/travis/build/icyphy/ptII/ptolemy/actor/lib/test/auto/DiscreteClock9.xml (RunModel)" time="0.019" />
  <testcase classname="ptolemy.util.test.junit.AutoTests" name="[137] /home/travis/build/icyphy/ptII/ptolemy/actor/lib/test/auto/DisplayArray.xml (RunModel)" time="0.022" />
  <testcase classname="ptolemy.util.test.junit.AutoTests" name="[138] /home/travis/build/icyphy/ptII/ptolemy/actor/lib/test/auto/Distributor.xml (RunModel)" time="0.012" />
  <testcase classname="ptolemy.util.test.junit.AutoTests" name="[139] /home/travis/build/icyphy/ptII/ptolemy/actor/lib/test/auto/Distributor2.xml (RunModel)" time="0.016" />
  <testcase classname="ptolemy.util.test.junit.AutoTests" name="[140] /home/travis/build/icyphy/ptII/ptolemy/actor/lib/test/auto/DownSample.xml (RunModel)" time="0.013" />
  <testcase classname="ptolemy.util.test.junit.AutoTests" name="[141] /home/travis/build/icyphy/ptII/ptolemy/actor/lib/test/auto/ElectronicUnitBase1.xml (RunModel)" time="0.101" />
  <testcase classname="ptolemy.util.test.junit.AutoTests" name="[142] /home/travis/build/icyphy/ptII/ptolemy/actor/lib/test/auto/ElementsToArray.xml (RunModel)" time="0.015" />
  <testcase classname="ptolemy.util.test.junit.AutoTests" name="[143] /home/travis/build/icyphy/ptII/ptolemy/actor/lib/test/auto/Equals.xml (RunModel)" time="0.021" />
  <testcase classname="ptolemy.util.test.junit.AutoTests" name="[144] /home/travis/build/icyphy/ptII/ptolemy/actor/lib/test/auto/Exec.xml (RunModel)" time="0.025" />
  <testcase classname="ptolemy.util.test.junit.AutoTests" name="[145] /home/travis/build/icyphy/ptII/ptolemy/actor/lib/test/auto/ExecEnvironment.xml (RunModel)" time="0.039" />
  <testcase classname="ptolemy.util.test.junit.AutoTests" name="[146] /home/travis/build/icyphy/ptII/ptolemy/actor/lib/test/auto/ExecNonZeroReturnOutput.xml (RunModel)" time="0.202" />
  <testcase classname="ptolemy.util.test.junit.AutoTests" name="[147] /home/travis/build/icyphy/ptII/ptolemy/actor/lib/test/auto/ExecRunDemos.xml (RunModel)" time="10.082" />
  <testcase classname="ptolemy.util.test.junit.AutoTests" name="[148] /home/travis/build/icyphy/ptII/ptolemy/actor/lib/test/auto/ExecStop.xml (RunModel)" time="5.024" />
  <testcase classname="ptolemy.util.test.junit.AutoTests" name="[149] /home/travis/build/icyphy/ptII/ptolemy/actor/lib/test/auto/ExecutionTimePN.xml (RunModel)" time="2.04" />
  <testcase classname="ptolemy.util.test.junit.AutoTests" name="[150] /home/travis/build/icyphy/ptII/ptolemy/actor/lib/test/auto/ExecutionTimeSDF.xml (RunModel)" time="6.052" />
  <testcase classname="ptolemy.util.test.junit.AutoTests" name="[151] /home/travis/build/icyphy/ptII/ptolemy/actor/lib/test/auto/Expression1.xml (RunModel)" time="0.009" />
  <testcase classname="ptolemy.util.test.junit.AutoTests" name="[152] /home/travis/build/icyphy/ptII/ptolemy/actor/lib/test/auto/Expression10.xml (RunModel)" time="0.022" />
  <testcase classname="ptolemy.util.test.junit.AutoTests" name="[153] /home/travis/build/icyphy/ptII/ptolemy/actor/lib/test/auto/Expression11.xml (RunModel)" time="0.015" />
  <testcase classname="ptolemy.util.test.junit.AutoTests" name="[154] /home/travis/build/icyphy/ptII/ptolemy/actor/lib/test/auto/Expression12.xml (RunModel)" time="0.019" />
  <testcase classname="ptolemy.util.test.junit.AutoTests" name="[155] /home/travis/build/icyphy/ptII/ptolemy/actor/lib/test/auto/Expression13.xml (RunModel)" time="0.023" />
  <testcase classname="ptolemy.util.test.junit.AutoTests" name="[156] /home/travis/build/icyphy/ptII/ptolemy/actor/lib/test/auto/Expression14.xml (RunModel)" time="0.034" />
  <testcase classname="ptolemy.util.test.junit.AutoTests" name="[157] /home/travis/build/icyphy/ptII/ptolemy/actor/lib/test/auto/Expression15.xml (RunModel)" time="0.014" />
  <testcase classname="ptolemy.util.test.junit.AutoTests" name="[158] /home/travis/build/icyphy/ptII/ptolemy/actor/lib/test/auto/Expression16.xml (RunModel)" time="0.017" />
  <testcase classname="ptolemy.util.test.junit.AutoTests" name="[159] /home/travis/build/icyphy/ptII/ptolemy/actor/lib/test/auto/Expression17.xml (RunModel)" time="0.017" />
  <testcase classname="ptolemy.util.test.junit.AutoTests" name="[160] /home/travis/build/icyphy/ptII/ptolemy/actor/lib/test/auto/Expression18.xml (RunModel)" time="0.022" />
  <testcase classname="ptolemy.util.test.junit.AutoTests" name="[161] /home/travis/build/icyphy/ptII/ptolemy/actor/lib/test/auto/Expression2.xml (RunModel)" time="0.026" />
  <testcase classname="ptolemy.util.test.junit.AutoTests" name="[162] /home/travis/build/icyphy/ptII/ptolemy/actor/lib/test/auto/Expression3.xml (RunModel)" time="0.031" />
  <testcase classname="ptolemy.util.test.junit.AutoTests" name="[163] /home/travis/build/icyphy/ptII/ptolemy/actor/lib/test/auto/Expression4.xml (RunModel)" time="0.043" />
  <testcase classname="ptolemy.util.test.junit.AutoTests" name="[164] /home/travis/build/icyphy/ptII/ptolemy/actor/lib/test/auto/Expression5.xml (RunModel)" time="0.024" />
  <testcase classname="ptolemy.util.test.junit.AutoTests" name="[165] /home/travis/build/icyphy/ptII/ptolemy/actor/lib/test/auto/Expression6.xml (RunModel)" time="0.024" />
  <testcase classname="ptolemy.util.test.junit.AutoTests" name="[166] /home/travis/build/icyphy/ptII/ptolemy/actor/lib/test/auto/Expression7.xml (RunModel)" time="0.023" />
  <testcase classname="ptolemy.util.test.junit.AutoTests" name="[167] /home/travis/build/icyphy/ptII/ptolemy/actor/lib/test/auto/Expression8.xml (RunModel)" time="0.039" />
  <testcase classname="ptolemy.util.test.junit.AutoTests" name="[168] /home/travis/build/icyphy/ptII/ptolemy/actor/lib/test/auto/Expression9.xml (RunModel)" time="0.013" />
  <testcase classname="ptolemy.util.test.junit.AutoTests" name="[169] /home/travis/build/icyphy/ptII/ptolemy/actor/lib/test/auto/ExpressionConcatenateArrayType.xml (RunModel)" time="0.037" />
  <testcase classname="ptolemy.util.test.junit.AutoTests" name="[170] /home/travis/build/icyphy/ptII/ptolemy/actor/lib/test/auto/ExpressionConcatenateArrayType2.xml (RunModel)" time="0.028" />
  <testcase classname="ptolemy.util.test.junit.AutoTests" name="[171] /home/travis/build/icyphy/ptII/ptolemy/actor/lib/test/auto/ExpressionFix.xml (RunModel)" time="0.062" />
  <testcase classname="ptolemy.util.test.junit.AutoTests" name="[172] /home/travis/build/icyphy/ptII/ptolemy/actor/lib/test/auto/ExpressionFix2.xml (RunModel)" time="0.018" />
  <testcase classname="ptolemy.util.test.junit.AutoTests" name="[173] /home/travis/build/icyphy/ptII/ptolemy/actor/lib/test/auto/ExpressionFix3.xml (RunModel)" time="0.014" />
  <testcase classname="ptolemy.util.test.junit.AutoTests" name="[174] /home/travis/build/icyphy/ptII/ptolemy/actor/lib/test/auto/FileWriter1.xml (RunModel)" time="0.018" />
  <testcase classname="ptolemy.util.test.junit.AutoTests" name="[175] /home/travis/build/icyphy/ptII/ptolemy/actor/lib/test/auto/FileWriter2.xml (RunModel)" time="0.014" />
  <testcase classname="ptolemy.util.test.junit.AutoTests" name="[176] /home/travis/build/icyphy/ptII/ptolemy/actor/lib/test/auto/FileWriter3.xml (RunModel)" time="0.015" />
  <testcase classname="ptolemy.util.test.junit.AutoTests" name="[177] /home/travis/build/icyphy/ptII/ptolemy/actor/lib/test/auto/Gaussian.xml (RunModel)" time="0.019" />
  <testcase classname="ptolemy.util.test.junit.AutoTests" name="[178] /home/travis/build/icyphy/ptII/ptolemy/actor/lib/test/auto/Gaussian1.xml (RunModel)" time="0.023" />
  <testcase classname="ptolemy.util.test.junit.AutoTests" name="[179] /home/travis/build/icyphy/ptII/ptolemy/actor/lib/test/auto/Gaussian2.xml (RunModel)" time="0.02" />
  <testcase classname="ptolemy.util.test.junit.AutoTests" name="[180] /home/travis/build/icyphy/ptII/ptolemy/actor/lib/test/auto/GradientAdaptiveLattice.xml (RunModel)" time="0.022" />
  <testcase classname="ptolemy.util.test.junit.AutoTests" name="[181] /home/travis/build/icyphy/ptII/ptolemy/actor/lib/test/auto/IIR.xml (RunModel)" time="0.015" />
  <testcase classname="ptolemy.util.test.junit.AutoTests" name="[182] /home/travis/build/icyphy/ptII/ptolemy/actor/lib/test/auto/InputOutputTransparentPorts.xml (RunModel)" time="0.027" />
  <testcase classname="ptolemy.util.test.junit.AutoTests" name="[183] /home/travis/build/icyphy/ptII/ptolemy/actor/lib/test/auto/Interpolator.xml (RunModel)" time="0.015" />
  <testcase classname="ptolemy.util.test.junit.AutoTests" name="[184] /home/travis/build/icyphy/ptII/ptolemy/actor/lib/test/auto/InterpolatorFiringLimitDE.xml (RunModel)" time="0.02" />
  <testcase classname="ptolemy.util.test.junit.AutoTests" name="[185] /home/travis/build/icyphy/ptII/ptolemy/actor/lib/test/auto/Lattice.xml (RunModel)" time="0.012" />
  <testcase classname="ptolemy.util.test.junit.AutoTests" name="[186] /home/travis/build/icyphy/ptII/ptolemy/actor/lib/test/auto/LazyAOCTestLazy.xml (RunModel)" time="0.03" />
  <testcase classname="ptolemy.util.test.junit.AutoTests" name="[187] /home/travis/build/icyphy/ptII/ptolemy/actor/lib/test/auto/LazyAOCTestNonLazy.xml (RunModel)" time="0.025" />
  <testcase classname="ptolemy.util.test.junit.AutoTests" name="[188] /home/travis/build/icyphy/ptII/ptolemy/actor/lib/test/auto/LazyInnerClass.xml (RunModel)" time="0.027" />
  <testcase classname="ptolemy.util.test.junit.AutoTests" name="[189] /home/travis/build/icyphy/ptII/ptolemy/actor/lib/test/auto/LazyPubSub.xml (RunModel)" time="0.047" />
  <testcase classname="ptolemy.util.test.junit.AutoTests" name="[190] /home/travis/build/icyphy/ptII/ptolemy/actor/lib/test/auto/LazyPubSub2.xml (RunModel)" time="0.051" />
  <testcase classname="ptolemy.util.test.junit.AutoTests" name="[191] /home/travis/build/icyphy/ptII/ptolemy/actor/lib/test/auto/LazyPubSub3.xml (RunModel)" time="0.089" />
  <testcase classname="ptolemy.util.test.junit.AutoTests" name="[192] /home/travis/build/icyphy/ptII/ptolemy/actor/lib/test/auto/LazySubClassModel.xml (RunModel)" time="0.043" />
  <testcase classname="ptolemy.util.test.junit.AutoTests" name="[193] /home/travis/build/icyphy/ptII/ptolemy/actor/lib/test/auto/LevelCrossTest1.xml (RunModel)" time="0.014" />
  <testcase classname="ptolemy.util.test.junit.AutoTests" name="[194] /home/travis/build/icyphy/ptII/ptolemy/actor/lib/test/auto/LevelCrossTest10.xml (RunModel)" time="0.022" />
  <testcase classname="ptolemy.util.test.junit.AutoTests" name="[195] /home/travis/build/icyphy/ptII/ptolemy/actor/lib/test/auto/LevelCrossTest11.xml (RunModel)" time="0.018" />
  <testcase classname="ptolemy.util.test.junit.AutoTests" name="[196] /home/travis/build/icyphy/ptII/ptolemy/actor/lib/test/auto/LevelCrossTest12.xml (RunModel)" time="0.02" />
  <testcase classname="ptolemy.util.test.junit.AutoTests" name="[197] /home/travis/build/icyphy/ptII/ptolemy/actor/lib/test/auto/LevelCrossTest13.xml (RunModel)" time="0.018" />
  <testcase classname="ptolemy.util.test.junit.AutoTests" name="[198] /home/travis/build/icyphy/ptII/ptolemy/actor/lib/test/auto/LevelCrossTest2.xml (RunModel)" time="0.015" />
  <testcase classname="ptolemy.util.test.junit.AutoTests" name="[199] /home/travis/build/icyphy/ptII/ptolemy/actor/lib/test/auto/LevelCrossTest3.xml (RunModel)" time="0.017" />
  <testcase classname="ptolemy.util.test.junit.AutoTests" name="[200] /home/travis/build/icyphy/ptII/ptolemy/actor/lib/test/auto/LevelCrossTest4.xml (RunModel)" time="0.014" />
  <testcase classname="ptolemy.util.test.junit.AutoTests" name="[201] /home/travis/build/icyphy/ptII/ptolemy/actor/lib/test/auto/LevelCrossTest5.xml (RunModel)" time="0.017" />
  <testcase classname="ptolemy.util.test.junit.AutoTests" name="[202] /home/travis/build/icyphy/ptII/ptolemy/actor/lib/test/auto/LevelCrossTest6.xml (RunModel)" time="0.017" />
  <testcase classname="ptolemy.util.test.junit.AutoTests" name="[203] /home/travis/build/icyphy/ptII/ptolemy/actor/lib/test/auto/LevelCrossTest7.xml (RunModel)" time="0.022" />
  <testcase classname="ptolemy.util.test.junit.AutoTests" name="[204] /home/travis/build/icyphy/ptII/ptolemy/actor/lib/test/auto/LevelCrossTest8.xml (RunModel)" time="0.018" />
  <testcase classname="ptolemy.util.test.junit.AutoTests" name="[205] /home/travis/build/icyphy/ptII/ptolemy/actor/lib/test/auto/LevelCrossTest9.xml (RunModel)" time="0.018" />
  <testcase classname="ptolemy.util.test.junit.AutoTests" name="[206] /home/travis/build/icyphy/ptII/ptolemy/actor/lib/test/auto/LevinsonDurbin.xml (RunModel)" time="0.012" />
  <testcase classname="ptolemy.util.test.junit.AutoTests" name="[207] /home/travis/build/icyphy/ptII/ptolemy/actor/lib/test/auto/LevinsonDurbin2.xml (RunModel)" time="0.01" />
  <testcase classname="ptolemy.util.test.junit.AutoTests" name="[208] /home/travis/build/icyphy/ptII/ptolemy/actor/lib/test/auto/LevinsonDurbin3.xml (RunModel)" time="0.01" />
  <testcase classname="ptolemy.util.test.junit.AutoTests" name="[209] /home/travis/build/icyphy/ptII/ptolemy/actor/lib/test/auto/Limiter.xml (RunModel)" time="0.049" />
  <testcase classname="ptolemy.util.test.junit.AutoTests" name="[210] /home/travis/build/icyphy/ptII/ptolemy/actor/lib/test/auto/LinearDifferenceEquationSystem.xml (RunModel)" time="0.04" />
  <testcase classname="ptolemy.util.test.junit.AutoTests" name="[211] /home/travis/build/icyphy/ptII/ptolemy/actor/lib/test/auto/LookupTable.xml (RunModel)" time="0.025" />
  <testcase classname="ptolemy.util.test.junit.AutoTests" name="[212] /home/travis/build/icyphy/ptII/ptolemy/actor/lib/test/auto/MathFunction.xml (RunModel)" time="0.034" />
  <testcase classname="ptolemy.util.test.junit.AutoTests" name="[213] /home/travis/build/icyphy/ptII/ptolemy/actor/lib/test/auto/MathFunction2.xml (RunModel)" time="0.014" />
  <testcase classname="ptolemy.util.test.junit.AutoTests" name="[214] /home/travis/build/icyphy/ptII/ptolemy/actor/lib/test/auto/MathFunction3.xml (RunModel)" time="0.031" />
  <testcase classname="ptolemy.util.test.junit.AutoTests" name="[215] /home/travis/build/icyphy/ptII/ptolemy/actor/lib/test/auto/MatrixCropBoolean.xml (RunModel)" time="0.015" />
  <testcase classname="ptolemy.util.test.junit.AutoTests" name="[216] /home/travis/build/icyphy/ptII/ptolemy/actor/lib/test/auto/MatrixCropComplex.xml (RunModel)" time="0.015" />
  <testcase classname="ptolemy.util.test.junit.AutoTests" name="[217] /home/travis/build/icyphy/ptII/ptolemy/actor/lib/test/auto/MatrixCropDouble.xml (RunModel)" time="0.014" />
  <testcase classname="ptolemy.util.test.junit.AutoTests" name="[218] /home/travis/build/icyphy/ptII/ptolemy/actor/lib/test/auto/MatrixCropFix.xml (RunModel)" time="0.018" />
  <testcase classname="ptolemy.util.test.junit.AutoTests" name="[219] /home/travis/build/icyphy/ptII/ptolemy/actor/lib/test/auto/MatrixCropInt.xml (RunModel)" time="0.016" />
  <testcase classname="ptolemy.util.test.junit.AutoTests" name="[220] /home/travis/build/icyphy/ptII/ptolemy/actor/lib/test/auto/MatrixCropLong.xml (RunModel)" time="0.028" />
  <testcase classname="ptolemy.util.test.junit.AutoTests" name="[221] /home/travis/build/icyphy/ptII/ptolemy/actor/lib/test/auto/MatrixToArray.xml (RunModel)" time="0.085" />
  <testcase classname="ptolemy.util.test.junit.AutoTests" name="[222] /home/travis/build/icyphy/ptII/ptolemy/actor/lib/test/auto/MaxIndex.xml (RunModel)" time="0.016" />
  <testcase classname="ptolemy.util.test.junit.AutoTests" name="[223] /home/travis/build/icyphy/ptII/ptolemy/actor/lib/test/auto/Maximum.xml (RunModel)" time="0.019" />
  <testcase classname="ptolemy.util.test.junit.AutoTests" name="[224] /home/travis/build/icyphy/ptII/ptolemy/actor/lib/test/auto/MaximumComplex.xml (RunModel)" time="0.027" />
  <testcase classname="ptolemy.util.test.junit.AutoTests" name="[225] /home/travis/build/icyphy/ptII/ptolemy/actor/lib/test/auto/MethodCallTest.xml (RunModel)" time="0.033" />
  <testcase classname="ptolemy.util.test.junit.AutoTests" name="[226] /home/travis/build/icyphy/ptII/ptolemy/actor/lib/test/auto/Minimum.xml (RunModel)" time="0.018" />
  <testcase classname="ptolemy.util.test.junit.AutoTests" name="[227] /home/travis/build/icyphy/ptII/ptolemy/actor/lib/test/auto/MinimumComplex.xml (RunModel)" time="0.018" />
  <testcase classname="ptolemy.util.test.junit.AutoTests" name="[228] /home/travis/build/icyphy/ptII/ptolemy/actor/lib/test/auto/MinimumMultiports.xml (RunModel)" time="0.027" />
  <testcase classname="ptolemy.util.test.junit.AutoTests" name="[229] /home/travis/build/icyphy/ptII/ptolemy/actor/lib/test/auto/ModifyDate.xml (RunModel)" time="0.055" />
  <testcase classname="ptolemy.util.test.junit.AutoTests" name="[230] /home/travis/build/icyphy/ptII/ptolemy/actor/lib/test/auto/ModifyDate2.xml (RunModel)" time="0.042" />
  <testcase classname="ptolemy.util.test.junit.AutoTests" name="[231] /home/travis/build/icyphy/ptII/ptolemy/actor/lib/test/auto/MovingAverage.xml (RunModel)" time="0.021" />
  <testcase classname="ptolemy.util.test.junit.AutoTests" name="[232] /home/travis/build/icyphy/ptII/ptolemy/actor/lib/test/auto/MovingMaximum.xml (RunModel)" time="0.012" />
  <testcase classname="ptolemy.util.test.junit.AutoTests" name="[233] /home/travis/build/icyphy/ptII/ptolemy/actor/lib/test/auto/MultipleLinksToSameRelation.xml (RunModel)" time="0.009" />
  <testcase classname="ptolemy.util.test.junit.AutoTests" name="[234] /home/travis/build/icyphy/ptII/ptolemy/actor/lib/test/auto/MultipleLinksToSameRelationDE.xml (RunModel)" time="0.012" />
  <testcase classname="ptolemy.util.test.junit.AutoTests" name="[235] /home/travis/build/icyphy/ptII/ptolemy/actor/lib/test/auto/Multiplexor.xml (RunModel)" time="0.016" />
  <testcase classname="ptolemy.util.test.junit.AutoTests" name="[236] /home/travis/build/icyphy/ptII/ptolemy/actor/lib/test/auto/Multiplexor1.xml (RunModel)" time="0.016" />
  <testcase classname="ptolemy.util.test.junit.AutoTests" name="[237] /home/travis/build/icyphy/ptII/ptolemy/actor/lib/test/auto/Multiplexor2.xml (RunModel)" time="0.018" />
  <testcase classname="ptolemy.util.test.junit.AutoTests" name="[238] /home/travis/build/icyphy/ptII/ptolemy/actor/lib/test/auto/Multiplexor3.xml (RunModel)" time="0.011" />
  <testcase classname="ptolemy.util.test.junit.AutoTests" name="[239] /home/travis/build/icyphy/ptII/ptolemy/actor/lib/test/auto/MultiplexorDE.xml (RunModel)" time="0.024" />
  <testcase classname="ptolemy.util.test.junit.AutoTests" name="[240] /home/travis/build/icyphy/ptII/ptolemy/actor/lib/test/auto/MultiportBroadcastTest.xml (RunModel)" time="0.109" />
  <testcase classname="ptolemy.util.test.junit.AutoTests" name="[241] /home/travis/build/icyphy/ptII/ptolemy/actor/lib/test/auto/MultiportOutHangDuringGetWidth.xml (RunModel)" time="0.051" />
  <testcase classname="ptolemy.util.test.junit.AutoTests" name="[242] /home/travis/build/icyphy/ptII/ptolemy/actor/lib/test/auto/NilToken.xml (RunModel)" time="0.01" />
  <testcase classname="ptolemy.util.test.junit.AutoTests" name="[243] /home/travis/build/icyphy/ptII/ptolemy/actor/lib/test/auto/NilTokenNonStrictTest.xml (RunModel)" time="0.016" />
  <testcase classname="ptolemy.util.test.junit.AutoTests" name="[244] /home/travis/build/icyphy/ptII/ptolemy/actor/lib/test/auto/NilTokenRecord.xml (RunModel)" time="0.034" />
  <testcase classname="ptolemy.util.test.junit.AutoTests" name="[245] /home/travis/build/icyphy/ptII/ptolemy/actor/lib/test/auto/NilTokenTypeTest.xml (RunModel)" time="0.042" />
  <testcase classname="ptolemy.util.test.junit.AutoTests" name="[246] /home/travis/build/icyphy/ptII/ptolemy/actor/lib/test/auto/ObjectToken1.xml (RunModel)" time="0.013" />
  <testcase classname="ptolemy.util.test.junit.AutoTests" name="[247] /home/travis/build/icyphy/ptII/ptolemy/actor/lib/test/auto/OrderedMerge.xml (RunModel)" time="0.02" />
  <testcase classname="ptolemy.util.test.junit.AutoTests" name="[248] /home/travis/build/icyphy/ptII/ptolemy/actor/lib/test/auto/OrderedRecordDisassembler.xml (RunModel)" time="0.022" />
  <testcase classname="ptolemy.util.test.junit.AutoTests" name="[249] /home/travis/build/icyphy/ptII/ptolemy/actor/lib/test/auto/OrderedRecordDisassembler2.xml (RunModel)" time="0.029" />
  <testcase classname="ptolemy.util.test.junit.AutoTests" name="[250] /home/travis/build/icyphy/ptII/ptolemy/actor/lib/test/auto/OrderedRecordUpdater.xml (RunModel)" time="0.028" />
  <testcase classname="ptolemy.util.test.junit.AutoTests" name="[251] /home/travis/build/icyphy/ptII/ptolemy/actor/lib/test/auto/OrderedRecordUpdater2.xml (RunModel)" time="0.018" />
  <testcase classname="ptolemy.util.test.junit.AutoTests" name="[252] /home/travis/build/icyphy/ptII/ptolemy/actor/lib/test/auto/PhaseUnwrap.xml (RunModel)" time="0.019" />
  <testcase classname="ptolemy.util.test.junit.AutoTests" name="[253] /home/travis/build/icyphy/ptII/ptolemy/actor/lib/test/auto/PoissonClock.xml (RunModel)" time="0.013" />
  <testcase classname="ptolemy.util.test.junit.AutoTests" name="[254] /home/travis/build/icyphy/ptII/ptolemy/actor/lib/test/auto/PoissonClock2.xml (RunModel)" time="0.028" />
  <testcase classname="ptolemy.util.test.junit.AutoTests" name="[255] /home/travis/build/icyphy/ptII/ptolemy/actor/lib/test/auto/PoissonClock3.xml (RunModel)" time="0.018" />
  <testcase classname="ptolemy.util.test.junit.AutoTests" name="[256] /home/travis/build/icyphy/ptII/ptolemy/actor/lib/test/auto/PubSubWithInitialTokens.xml (RunModel)" time="0.015" />
  <testcase classname="ptolemy.util.test.junit.AutoTests" name="[257] /home/travis/build/icyphy/ptII/ptolemy/actor/lib/test/auto/PubSubWithInitialTokens2.xml (RunModel)" time="0.018" />
  <testcase classname="ptolemy.util.test.junit.AutoTests" name="[258] /home/travis/build/icyphy/ptII/ptolemy/actor/lib/test/auto/PublisherClassNoParameter.xml (RunModel)" time="0.036" />
  <testcase classname="ptolemy.util.test.junit.AutoTests" name="[259] /home/travis/build/icyphy/ptII/ptolemy/actor/lib/test/auto/PublisherClassParameter.xml (RunModel)" time="0.031" />
  <testcase classname="ptolemy.util.test.junit.AutoTests" name="[260] /home/travis/build/icyphy/ptII/ptolemy/actor/lib/test/auto/PublisherNonStrictTest.xml (RunModel)" time="0.022" />
  <testcase classname="ptolemy.util.test.junit.AutoTests" name="[261] /home/travis/build/icyphy/ptII/ptolemy/actor/lib/test/auto/PublisherPort1.xml (RunModel)" time="0.027" />
  <testcase classname="ptolemy.util.test.junit.AutoTests" name="[262] /home/travis/build/icyphy/ptII/ptolemy/actor/lib/test/auto/PublisherPort2.xml (RunModel)" time="0.017" />
  <testcase classname="ptolemy.util.test.junit.AutoTests" name="[263] /home/travis/build/icyphy/ptII/ptolemy/actor/lib/test/auto/PublisherPort3.xml (RunModel)" time="0.02" />
  <testcase classname="ptolemy.util.test.junit.AutoTests" name="[264] /home/travis/build/icyphy/ptII/ptolemy/actor/lib/test/auto/PublisherPort4.xml (RunModel)" time="0.02" />
  <testcase classname="ptolemy.util.test.junit.AutoTests" name="[265] /home/travis/build/icyphy/ptII/ptolemy/actor/lib/test/auto/PublisherPort5.xml (RunModel)" time="0.022" />
  <testcase classname="ptolemy.util.test.junit.AutoTests" name="[266] /home/travis/build/icyphy/ptII/ptolemy/actor/lib/test/auto/PublisherPort5LookAlike.xml (RunModel)" time="0.026" />
  <testcase classname="ptolemy.util.test.junit.AutoTests" name="[267] /home/travis/build/icyphy/ptII/ptolemy/actor/lib/test/auto/PublisherPort6.xml (RunModel)" time="0.017" />
  <testcase classname="ptolemy.util.test.junit.AutoTests" name="[268] /home/travis/build/icyphy/ptII/ptolemy/actor/lib/test/auto/PublisherPort7.xml (RunModel)" time="0.023" />
  <testcase classname="ptolemy.util.test.junit.AutoTests" name="[269] /home/travis/build/icyphy/ptII/ptolemy/actor/lib/test/auto/PublisherPort8.xml (RunModel)" time="0.029" />
  <testcase classname="ptolemy.util.test.junit.AutoTests" name="[270] /home/travis/build/icyphy/ptII/ptolemy/actor/lib/test/auto/PublisherPortSubscriberChannelVariablesAOC2.xml (RunModel)" time="0.065" />
  <testcase classname="ptolemy.util.test.junit.AutoTests" name="[271] /home/travis/build/icyphy/ptII/ptolemy/actor/lib/test/auto/PublisherPortSubscriberOpaqueWidthInference.xml (RunModel)" time="0.036" />
  <testcase classname="ptolemy.util.test.junit.AutoTests" name="[272] /home/travis/build/icyphy/ptII/ptolemy/actor/lib/test/auto/PublisherPortSubscriberPortAdjacent.xml (RunModel)" time="0.037" />
  <testcase classname="ptolemy.util.test.junit.AutoTests" name="[273] /home/travis/build/icyphy/ptII/ptolemy/actor/lib/test/auto/PublisherPortSubscriberPortExpression.xml (RunModel)" time="0.032" />
  <testcase classname="ptolemy.util.test.junit.AutoTests" name="[274] /home/travis/build/icyphy/ptII/ptolemy/actor/lib/test/auto/PublisherPortSubscriberPortOpaqueD3Reverse.xml (RunModel)" time="0.057" />
  <testcase classname="ptolemy.util.test.junit.AutoTests" name="[275] /home/travis/build/icyphy/ptII/ptolemy/actor/lib/test/auto/PublisherPortSubscriberPortOpaqueWidthInference.xml (RunModel)" time="0.037" />
  <testcase classname="ptolemy.util.test.junit.AutoTests" name="[276] /home/travis/build/icyphy/ptII/ptolemy/actor/lib/test/auto/PublisherPortToplevelSubscriberPortAOC.xml (RunModel)" time="0.014" />
  <testcase classname="ptolemy.util.test.junit.AutoTests" name="[277] /home/travis/build/icyphy/ptII/ptolemy/actor/lib/test/auto/PublisherSubscriber.xml (RunModel)" time="0.02" />
  <testcase classname="ptolemy.util.test.junit.AutoTests" name="[278] /home/travis/build/icyphy/ptII/ptolemy/actor/lib/test/auto/PublisherSubscriber10.xml (RunModel)" time="0.029" />
  <testcase classname="ptolemy.util.test.junit.AutoTests" name="[279] /home/travis/build/icyphy/ptII/ptolemy/actor/lib/test/auto/PublisherSubscriber10InitialOutputs.xml (RunModel)" time="0.029" />
  <testcase classname="ptolemy.util.test.junit.AutoTests" name="[280] /home/travis/build/icyphy/ptII/ptolemy/actor/lib/test/auto/PublisherSubscriber11.xml (RunModel)" time="0.016" />
  <testcase classname="ptolemy.util.test.junit.AutoTests" name="[281] /home/travis/build/icyphy/ptII/ptolemy/actor/lib/test/auto/PublisherSubscriber12.xml (RunModel)" time="0.021" />
  <testcase classname="ptolemy.util.test.junit.AutoTests" name="[282] /home/travis/build/icyphy/ptII/ptolemy/actor/lib/test/auto/PublisherSubscriber13.xml (RunModel)" time="0.015" />
  <testcase classname="ptolemy.util.test.junit.AutoTests" name="[283] /home/travis/build/icyphy/ptII/ptolemy/actor/lib/test/auto/PublisherSubscriber14.xml (RunModel)" time="0.024" />
  <testcase classname="ptolemy.util.test.junit.AutoTests" name="[284] /home/travis/build/icyphy/ptII/ptolemy/actor/lib/test/auto/PublisherSubscriber2.xml (RunModel)" time="0.014" />
  <testcase classname="ptolemy.util.test.junit.AutoTests" name="[285] /home/travis/build/icyphy/ptII/ptolemy/actor/lib/test/auto/PublisherSubscriber3.xml (RunModel)" time="0.015" />
  <testcase classname="ptolemy.util.test.junit.AutoTests" name="[286] /home/travis/build/icyphy/ptII/ptolemy/actor/lib/test/auto/PublisherSubscriber4.xml (RunModel)" time="0.012" />
  <testcase classname="ptolemy.util.test.junit.AutoTests" name="[287] /home/travis/build/icyphy/ptII/ptolemy/actor/lib/test/auto/PublisherSubscriber5.xml (RunModel)" time="0.016" />
  <testcase classname="ptolemy.util.test.junit.AutoTests" name="[288] /home/travis/build/icyphy/ptII/ptolemy/actor/lib/test/auto/PublisherSubscriber6.xml (RunModel)" time="0.017" />
  <testcase classname="ptolemy.util.test.junit.AutoTests" name="[289] /home/travis/build/icyphy/ptII/ptolemy/actor/lib/test/auto/PublisherSubscriber7.xml (RunModel)" time="0.018" />
  <testcase classname="ptolemy.util.test.junit.AutoTests" name="[290] /home/travis/build/icyphy/ptII/ptolemy/actor/lib/test/auto/PublisherSubscriber8.xml (RunModel)" time="0.034" />
  <testcase classname="ptolemy.util.test.junit.AutoTests" name="[291] /home/travis/build/icyphy/ptII/ptolemy/actor/lib/test/auto/PublisherSubscriber9.xml (RunModel)" time="0.022" />
  <testcase classname="ptolemy.util.test.junit.AutoTests" name="[292] /home/travis/build/icyphy/ptII/ptolemy/actor/lib/test/auto/PublisherSubscriberAdjacent.xml (RunModel)" time="0.025" />
  <testcase classname="ptolemy.util.test.junit.AutoTests" name="[293] /home/travis/build/icyphy/ptII/ptolemy/actor/lib/test/auto/PublisherSubscriberChannelVariablesAOC2.xml (RunModel)" time="0.042" />
  <testcase classname="ptolemy.util.test.junit.AutoTests" name="[294] /home/travis/build/icyphy/ptII/ptolemy/actor/lib/test/auto/PublisherSubscriberD3.xml (RunModel)" time="0.023" />
  <testcase classname="ptolemy.util.test.junit.AutoTests" name="[295] /home/travis/build/icyphy/ptII/ptolemy/actor/lib/test/auto/PublisherSubscriberD3Reverse.xml (RunModel)" time="0.017" />
  <testcase classname="ptolemy.util.test.junit.AutoTests" name="[296] /home/travis/build/icyphy/ptII/ptolemy/actor/lib/test/auto/PublisherSubscriberExpression.xml (RunModel)" time="0.029" />
  <testcase classname="ptolemy.util.test.junit.AutoTests" name="[297] /home/travis/build/icyphy/ptII/ptolemy/actor/lib/test/auto/PublisherSubscriberOpaque.xml (RunModel)" time="0.023" />
  <testcase classname="ptolemy.util.test.junit.AutoTests" name="[298] /home/travis/build/icyphy/ptII/ptolemy/actor/lib/test/auto/PublisherSubscriberOpaqueD3.xml (RunModel)" time="0.031" />
  <testcase classname="ptolemy.util.test.junit.AutoTests" name="[299] /home/travis/build/icyphy/ptII/ptolemy/actor/lib/test/auto/PublisherSubscriberOpaqueD3Reverse.xml (RunModel)" time="0.028" />
  <testcase classname="ptolemy.util.test.junit.AutoTests" name="[300] /home/travis/build/icyphy/ptII/ptolemy/actor/lib/test/auto/PublisherSubscriberOpaqueWidthInference.xml (RunModel)" time="0.021" />
  <testcase classname="ptolemy.util.test.junit.AutoTests" name="[301] /home/travis/build/icyphy/ptII/ptolemy/actor/lib/test/auto/PublisherTestSubscriber.xml (RunModel)" time="0.021" />
  <testcase classname="ptolemy.util.test.junit.AutoTests" name="[302] /home/travis/build/icyphy/ptII/ptolemy/actor/lib/test/auto/PublisherToplevelSubscriberPortAOC.xml (RunModel)" time="0.016" />
  <testcase classname="ptolemy.util.test.junit.AutoTests" name="[303] /home/travis/build/icyphy/ptII/ptolemy/actor/lib/test/auto/PulseFiringLimitDE.xml (RunModel)" time="0.018" />
  <testcase classname="ptolemy.util.test.junit.AutoTests" name="[304] /home/travis/build/icyphy/ptII/ptolemy/actor/lib/test/auto/Ramp1.xml (RunModel)" time="0.009" />
  <testcase classname="ptolemy.util.test.junit.AutoTests" name="[305] /home/travis/build/icyphy/ptII/ptolemy/actor/lib/test/auto/RampFiringLimitDE.xml (RunModel)" time="0.016" />
  <testcase classname="ptolemy.util.test.junit.AutoTests" name="[306] /home/travis/build/icyphy/ptII/ptolemy/actor/lib/test/auto/RampFiringLimitSDF.xml (RunModel)" time="0.014" />
  <testcase classname="ptolemy.util.test.junit.AutoTests" name="[307] /home/travis/build/icyphy/ptII/ptolemy/actor/lib/test/auto/RandomInteger.xml (RunModel)" time="0.01" />
  <testcase classname="ptolemy.util.test.junit.AutoTests" name="[308] /home/travis/build/icyphy/ptII/ptolemy/actor/lib/test/auto/ReadFile1.xml (RunModel)" time="0.012" />
  <testcase classname="ptolemy.util.test.junit.AutoTests" name="[309] /home/travis/build/icyphy/ptII/ptolemy/actor/lib/test/auto/ReadFile2.xml (RunModel)" time="0.008" />
  <testcase classname="ptolemy.util.test.junit.AutoTests" name="[310] /home/travis/build/icyphy/ptII/ptolemy/actor/lib/test/auto/Reader.xml (RunModel)" time="0.018" />
  <testcase classname="ptolemy.util.test.junit.AutoTests" name="[311] /home/travis/build/icyphy/ptII/ptolemy/actor/lib/test/auto/RecordAssemblerDisplayNameTest.xml (RunModel)" time="5.28" />
  <testcase classname="ptolemy.util.test.junit.AutoTests" name="[312] /home/travis/build/icyphy/ptII/ptolemy/actor/lib/test/auto/RecordAssemblerTypeError.xml (RunModel)" time="0.047" />
  <testcase classname="ptolemy.util.test.junit.AutoTests" name="[313] /home/travis/build/icyphy/ptII/ptolemy/actor/lib/test/auto/RecordDisassember.xml (RunModel)" time="0.022" />
  <testcase classname="ptolemy.util.test.junit.AutoTests" name="[314] /home/travis/build/icyphy/ptII/ptolemy/actor/lib/test/auto/RecordDisassemberDisplayNameTest.xml (RunModel)" time="0.027" />
  <testcase classname="ptolemy.util.test.junit.AutoTests" name="[315] /home/travis/build/icyphy/ptII/ptolemy/actor/lib/test/auto/RecordDisassembler.xml (RunModel)" time="0.014" />
  <testcase classname="ptolemy.util.test.junit.AutoTests" name="[316] /home/travis/build/icyphy/ptII/ptolemy/actor/lib/test/auto/RecordDisassembler2.xml (RunModel)" time="0.014" />
  <testcase classname="ptolemy.util.test.junit.AutoTests" name="[317] /home/travis/build/icyphy/ptII/ptolemy/actor/lib/test/auto/RecordUpdater.xml (RunModel)" time="0.012" />
  <testcase classname="ptolemy.util.test.junit.AutoTests" name="[318] /home/travis/build/icyphy/ptII/ptolemy/actor/lib/test/auto/RecordUpdater2.xml (RunModel)" time="0.012" />
  <testcase classname="ptolemy.util.test.junit.AutoTests" name="[319] /home/travis/build/icyphy/ptII/ptolemy/actor/lib/test/auto/RecursiveLattice.xml (RunModel)" time="0.01" />
  <testcase classname="ptolemy.util.test.junit.AutoTests" name="[320] /home/travis/build/icyphy/ptII/ptolemy/actor/lib/test/auto/Router.xml (RunModel)" time="3.031" />
  <testcase classname="ptolemy.util.test.junit.AutoTests" name="[321] /home/travis/build/icyphy/ptII/ptolemy/actor/lib/test/auto/Router2.xml (RunModel)" time="3.031" />
  <testcase classname="ptolemy.util.test.junit.AutoTests" name="[322] /home/travis/build/icyphy/ptII/ptolemy/actor/lib/test/auto/RunningMaximum.xml (RunModel)" time="0.022" />
  <testcase classname="ptolemy.util.test.junit.AutoTests" name="[323] /home/travis/build/icyphy/ptII/ptolemy/actor/lib/test/auto/RunningMinimum.xml (RunModel)" time="0.014" />
  <testcase classname="ptolemy.util.test.junit.AutoTests" name="[324] /home/travis/build/icyphy/ptII/ptolemy/actor/lib/test/auto/Scale.xml (RunModel)" time="0.013" />
  <testcase classname="ptolemy.util.test.junit.AutoTests" name="[325] /home/travis/build/icyphy/ptII/ptolemy/actor/lib/test/auto/Scale2.xml (RunModel)" time="0.012" />
  <testcase classname="ptolemy.util.test.junit.AutoTests" name="[326] /home/travis/build/icyphy/ptII/ptolemy/actor/lib/test/auto/Scale3.xml (RunModel)" time="0.019" />
  <testcase classname="ptolemy.util.test.junit.AutoTests" name="[327] /home/travis/build/icyphy/ptII/ptolemy/actor/lib/test/auto/ScaleArray.xml (RunModel)" time="0.01" />
  <testcase classname="ptolemy.util.test.junit.AutoTests" name="[328] /home/travis/build/icyphy/ptII/ptolemy/actor/lib/test/auto/ScaleArray2.xml (RunModel)" time="0.01" />
  <testcase classname="ptolemy.util.test.junit.AutoTests" name="[329] /home/travis/build/icyphy/ptII/ptolemy/actor/lib/test/auto/ScaleMatrix.xml (RunModel)" time="0.295" />
  <testcase classname="ptolemy.util.test.junit.AutoTests" name="[330] /home/travis/build/icyphy/ptII/ptolemy/actor/lib/test/auto/Select.xml (RunModel)" time="0.019" />
  <testcase classname="ptolemy.util.test.junit.AutoTests" name="[331] /home/travis/build/icyphy/ptII/ptolemy/actor/lib/test/auto/Select2.xml (RunModel)" time="0.011" />
  <testcase classname="ptolemy.util.test.junit.AutoTests" name="[332] /home/travis/build/icyphy/ptII/ptolemy/actor/lib/test/auto/SequenceToArray2.xml (RunModel)" time="0.132" />
  <testcase classname="ptolemy.util.test.junit.AutoTests" name="[333] /home/travis/build/icyphy/ptII/ptolemy/actor/lib/test/auto/SequentialClock.xml (RunModel)" time="0.021" />
  <testcase classname="ptolemy.util.test.junit.AutoTests" name="[334] /home/travis/build/icyphy/ptII/ptolemy/actor/lib/test/auto/SetVariable.xml (RunModel)" time="0.016" />
  <testcase classname="ptolemy.util.test.junit.AutoTests" name="[335] /home/travis/build/icyphy/ptII/ptolemy/actor/lib/test/auto/SetVariable2.xml (RunModel)" time="0.024" />
  <testcase classname="ptolemy.util.test.junit.AutoTests" name="[336] /home/travis/build/icyphy/ptII/ptolemy/actor/lib/test/auto/SetVariable3.xml (RunModel)" time="0.023" />
  <testcase classname="ptolemy.util.test.junit.AutoTests" name="[337] /home/travis/build/icyphy/ptII/ptolemy/actor/lib/test/auto/SetVariable4.xml (RunModel)" time="0.038" />
  <testcase classname="ptolemy.util.test.junit.AutoTests" name="[338] /home/travis/build/icyphy/ptII/ptolemy/actor/lib/test/auto/SetVariable5.xml (RunModel)" time="0.051" />
  <testcase classname="ptolemy.util.test.junit.AutoTests" name="[339] /home/travis/build/icyphy/ptII/ptolemy/actor/lib/test/auto/Sinewave.xml (RunModel)" time="0.037" />
  <testcase classname="ptolemy.util.test.junit.AutoTests" name="[340] /home/travis/build/icyphy/ptII/ptolemy/actor/lib/test/auto/Sinewave2.xml (RunModel)" time="0.025" />
  <testcase classname="ptolemy.util.test.junit.AutoTests" name="[341] /home/travis/build/icyphy/ptII/ptolemy/actor/lib/test/auto/Sinewave3.xml (RunModel)" time="0.031" />
  <testcase classname="ptolemy.util.test.junit.AutoTests" name="[342] /home/travis/build/icyphy/ptII/ptolemy/actor/lib/test/auto/SingleEvent.xml (RunModel)" time="0.02" />
  <testcase classname="ptolemy.util.test.junit.AutoTests" name="[343] /home/travis/build/icyphy/ptII/ptolemy/actor/lib/test/auto/Sleep.xml (RunModel)" time="6.017" />
  <testcase classname="ptolemy.util.test.junit.AutoTests" name="[344] /home/travis/build/icyphy/ptII/ptolemy/actor/lib/test/auto/SleepMultipleFire.xml (RunModel)" time="1.022" />
  <testcase classname="ptolemy.util.test.junit.AutoTests" name="[345] /home/travis/build/icyphy/ptII/ptolemy/actor/lib/test/auto/StopDE.xml (RunModel)" time="0.015" />
  <testcase classname="ptolemy.util.test.junit.AutoTests" name="[346] /home/travis/build/icyphy/ptII/ptolemy/actor/lib/test/auto/StopSDF.xml (RunModel)" time="0.016" />
  <testcase classname="ptolemy.util.test.junit.AutoTests" name="[347] /home/travis/build/icyphy/ptII/ptolemy/actor/lib/test/auto/StringConstant.xml (RunModel)" time="0.017" />
  <testcase classname="ptolemy.util.test.junit.AutoTests" name="[348] /home/travis/build/icyphy/ptII/ptolemy/actor/lib/test/auto/SubscriberPortInitialValues1.xml (RunModel)" time="0.027" />
  <testcase classname="ptolemy.util.test.junit.AutoTests" name="[349] /home/travis/build/icyphy/ptII/ptolemy/actor/lib/test/auto/SubscriberPortInitialValues13.xml (RunModel)" time="0.039" />
  <testcase classname="ptolemy.util.test.junit.AutoTests" name="[350] /home/travis/build/icyphy/ptII/ptolemy/actor/lib/test/auto/SubscriberPortInitialValues14.xml (RunModel)" time="0.026" />
  <testcase classname="ptolemy.util.test.junit.AutoTests" name="[351] /home/travis/build/icyphy/ptII/ptolemy/actor/lib/test/auto/SubscriberPortInitialValues2.xml (RunModel)" time="0.025" />
  <testcase classname="ptolemy.util.test.junit.AutoTests" name="[352] /home/travis/build/icyphy/ptII/ptolemy/actor/lib/test/auto/SubscriberPortInitialValues3.xml (RunModel)" time="0.031" />
  <testcase classname="ptolemy.util.test.junit.AutoTests" name="[353] /home/travis/build/icyphy/ptII/ptolemy/actor/lib/test/auto/SubscriptionAggregator.xml (RunModel)" time="0.016" />
  <testcase classname="ptolemy.util.test.junit.AutoTests" name="[354] /home/travis/build/icyphy/ptII/ptolemy/actor/lib/test/auto/SubscriptionAggregator2.xml (RunModel)" time="0.017" />
  <testcase classname="ptolemy.util.test.junit.AutoTests" name="[355] /home/travis/build/icyphy/ptII/ptolemy/actor/lib/test/auto/SubscriptionAggregator3.xml (RunModel)" time="0.027" />
  <testcase classname="ptolemy.util.test.junit.AutoTests" name="[356] /home/travis/build/icyphy/ptII/ptolemy/actor/lib/test/auto/SubscriptionAggregatorMultiply.xml (RunModel)" time="0.023" />
  <testcase classname="ptolemy.util.test.junit.AutoTests" name="[357] /home/travis/build/icyphy/ptII/ptolemy/actor/lib/test/auto/SubscriptionAggregatorPortMultiply1.xml (RunModel)" time="0.02" />
  <testcase classname="ptolemy.util.test.junit.AutoTests" name="[358] /home/travis/build/icyphy/ptII/ptolemy/actor/lib/test/auto/Switch.xml (RunModel)" time="0.026" />
  <testcase classname="ptolemy.util.test.junit.AutoTests" name="[359] /home/travis/build/icyphy/ptII/ptolemy/actor/lib/test/auto/Switch2.xml (RunModel)" time="0.014" />
  <testcase classname="ptolemy.util.test.junit.AutoTests" name="[360] /home/travis/build/icyphy/ptII/ptolemy/actor/lib/test/auto/SwitchDE.xml (RunModel)" time="0.02" />
  <testcase classname="ptolemy.util.test.junit.AutoTests" name="[361] /home/travis/build/icyphy/ptII/ptolemy/actor/lib/test/auto/SynchronizerDE.xml (RunModel)" time="0.029" />
  <testcase classname="ptolemy.util.test.junit.AutoTests" name="[362] /home/travis/build/icyphy/ptII/ptolemy/actor/lib/test/auto/Test.xml (RunModel)" time="0.013" />
  <testcase classname="ptolemy.util.test.junit.AutoTests" name="[363] /home/travis/build/icyphy/ptII/ptolemy/actor/lib/test/auto/TestExceptionAttribute1.xml (RunModel)" time="0.015" />
  <testcase classname="ptolemy.util.test.junit.AutoTests" name="[364] /home/travis/build/icyphy/ptII/ptolemy/actor/lib/test/auto/TestExceptionAttribute2.xml (RunModel)" time="0.009" />
  <testcase classname="ptolemy.util.test.junit.AutoTests" name="[365] /home/travis/build/icyphy/ptII/ptolemy/actor/lib/test/auto/TestExceptionAttribute3.xml (RunModel)" time="0.008" />
  <testcase classname="ptolemy.util.test.junit.AutoTests" name="[366] /home/travis/build/icyphy/ptII/ptolemy/actor/lib/test/auto/TestExceptionAttribute4.xml (RunModel)" time="0.01" />
  <testcase classname="ptolemy.util.test.junit.AutoTests" name="[367] /home/travis/build/icyphy/ptII/ptolemy/actor/lib/test/auto/TestExceptionHandler1.xml (RunModel)" time="0.009" />
  <testcase classname="ptolemy.util.test.junit.AutoTests" name="[368] /home/travis/build/icyphy/ptII/ptolemy/actor/lib/test/auto/TestExceptionHandler2.xml (RunModel)" time="0.013" />
  <testcase classname="ptolemy.util.test.junit.AutoTests" name="[369] /home/travis/build/icyphy/ptII/ptolemy/actor/lib/test/auto/TestExceptionHandler3.xml (RunModel)" time="0.008" />
  <testcase classname="ptolemy.util.test.junit.AutoTests" name="[370] /home/travis/build/icyphy/ptII/ptolemy/actor/lib/test/auto/TestExceptionHandler4.xml (RunModel)" time="0.009" />
  <testcase classname="ptolemy.util.test.junit.AutoTests" name="[371] /home/travis/build/icyphy/ptII/ptolemy/actor/lib/test/auto/TestRequireCorrectOrder.xml (RunModel)" time="0.012" />
  <testcase classname="ptolemy.util.test.junit.AutoTests" name="[372] /home/travis/build/icyphy/ptII/ptolemy/actor/lib/test/auto/TestSimple.xml (RunModel)" time="0.011" />
  <testcase classname="ptolemy.util.test.junit.AutoTests" name="[373] /home/travis/build/icyphy/ptII/ptolemy/actor/lib/test/auto/ThrowModelError.xml (RunModel)" time="0.013" />
  <testcase classname="ptolemy.util.test.junit.AutoTests" name="[374] /home/travis/build/icyphy/ptII/ptolemy/actor/lib/test/auto/TimeDelayMicrosteps.xml (RunModel)" time="0.025" />
  <testcase classname="ptolemy.util.test.junit.AutoTests" name="[375] /home/travis/build/icyphy/ptII/ptolemy/actor/lib/test/auto/TimeDelayMicrosteps2.xml (RunModel)" time="0.028" />
  <testcase classname="ptolemy.util.test.junit.AutoTests" name="[376] /home/travis/build/icyphy/ptII/ptolemy/actor/lib/test/auto/TimeDelayMicrosteps3.xml (RunModel)" time="0.024" />
  <testcase classname="ptolemy.util.test.junit.AutoTests" name="[377] /home/travis/build/icyphy/ptII/ptolemy/actor/lib/test/auto/TimeDelayVariableMicrosteps.xml (RunModel)" time="0.02" />
  <testcase classname="ptolemy.util.test.junit.AutoTests" name="[378] /home/travis/build/icyphy/ptII/ptolemy/actor/lib/test/auto/TimeGap.xml (RunModel)" time="0.019" />
  <testcase classname="ptolemy.util.test.junit.AutoTests" name="[379] /home/travis/build/icyphy/ptII/ptolemy/actor/lib/test/auto/TimeGap2.xml (RunModel)" time="0.014" />
  <testcase classname="ptolemy.util.test.junit.AutoTests" name="[380] /home/travis/build/icyphy/ptII/ptolemy/actor/lib/test/auto/TimedSinewave.xml (RunModel)" time="0.071" />
  <testcase classname="ptolemy.util.test.junit.AutoTests" name="[381] /home/travis/build/icyphy/ptII/ptolemy/actor/lib/test/auto/TimedSinewavePhase.xml (RunModel)" time="0.07" />
  <testcase classname="ptolemy.util.test.junit.AutoTests" name="[382] /home/travis/build/icyphy/ptII/ptolemy/actor/lib/test/auto/Timer.xml (RunModel)" time="0.017" />
  <testcase classname="ptolemy.util.test.junit.AutoTests" name="[383] /home/travis/build/icyphy/ptII/ptolemy/actor/lib/test/auto/TriangularDistTestModel.xml (RunModel)" time="0.022" />
  <testcase classname="ptolemy.util.test.junit.AutoTests" name="[384] /home/travis/build/icyphy/ptII/ptolemy/actor/lib/test/auto/TrigFunction.xml (RunModel)" time="0.012" />
  <testcase classname="ptolemy.util.test.junit.AutoTests" name="[385] /home/travis/build/icyphy/ptII/ptolemy/actor/lib/test/auto/TrigFunctionDE.xml (RunModel)" time="0.016" />
  <testcase classname="ptolemy.util.test.junit.AutoTests" name="[386] /home/travis/build/icyphy/ptII/ptolemy/actor/lib/test/auto/TrigFunctionInverse.xml (RunModel)" time="0.014" />
  <testcase classname="ptolemy.util.test.junit.AutoTests" name="[387] /home/travis/build/icyphy/ptII/ptolemy/actor/lib/test/auto/TrigFunctionTan.xml (RunModel)" time="0.009" />
  <testcase classname="ptolemy.util.test.junit.AutoTests" name="[388] /home/travis/build/icyphy/ptII/ptolemy/actor/lib/test/auto/TriggeredClock.xml (RunModel)" time="0.011" />
  <testcase classname="ptolemy.util.test.junit.AutoTests" name="[389] /home/travis/build/icyphy/ptII/ptolemy/actor/lib/test/auto/URLDirectoryReader.xml (RunModel)" time="0.114" />
  <testcase classname="ptolemy.util.test.junit.AutoTests" name="[390] /home/travis/build/icyphy/ptII/ptolemy/actor/lib/test/auto/URLDirectoryReader3.xml (RunModel)" time="1.462" />
  <testcase classname="ptolemy.util.test.junit.AutoTests" name="[391] /home/travis/build/icyphy/ptII/ptolemy/actor/lib/test/auto/UnaryMathFunction.xml (RunModel)" time="0.073" />
  <testcase classname="ptolemy.util.test.junit.AutoTests" name="[392] /home/travis/build/icyphy/ptII/ptolemy/actor/lib/test/auto/Uniform.xml (RunModel)" time="0.044" />
  <testcase classname="ptolemy.util.test.junit.AutoTests" name="[393] /home/travis/build/icyphy/ptII/ptolemy/actor/lib/test/auto/UnionDisassemblerTest.xml (RunModel)" time="0.05" />
  <testcase classname="ptolemy.util.test.junit.AutoTests" name="[394] /home/travis/build/icyphy/ptII/ptolemy/actor/lib/test/auto/UtilityFunctions.xml (RunModel)" time="0.011" />
  <testcase classname="ptolemy.util.test.junit.AutoTests" name="[395] /home/travis/build/icyphy/ptII/ptolemy/actor/lib/test/auto/VariableSleep.xml (RunModel)" time="0.518" />
  <testcase classname="ptolemy.util.test.junit.AutoTests" name="[396] /home/travis/build/icyphy/ptII/ptolemy/actor/lib/test/auto/VectorAssemblerDisassemblerCT.xml (RunModel)" time="0.228" />
  <testcase classname="ptolemy.util.test.junit.AutoTests" name="[397] /home/travis/build/icyphy/ptII/ptolemy/actor/lib/test/auto/VectorAssemblerDisassemblerDE.xml (RunModel)" time="0.022" />
  <testcase classname="ptolemy.util.test.junit.AutoTests" name="[398] /home/travis/build/icyphy/ptII/ptolemy/actor/lib/test/auto/VectorAssemblerDisassemblerSDF.xml (RunModel)" time="0.018" />
  <testcase classname="ptolemy.util.test.junit.AutoTests" name="[399] /home/travis/build/icyphy/ptII/ptolemy/actor/lib/test/auto/WallClockTime.xml (RunModel)" time="1.02" />
  <testcase classname="ptolemy.util.test.junit.AutoTests" name="[400] /home/travis/build/icyphy/ptII/ptolemy/actor/lib/test/auto/WidthTestWithSubscriberPublisher.xml (RunModel)" time="0.091" />
  <testcase classname="ptolemy.util.test.junit.AutoTests" name="[401] /home/travis/build/icyphy/ptII/ptolemy/actor/lib/test/auto/WidthTestWithSubscriberPublisher2.xml (RunModel)" time="0.02" />
  <testcase classname="ptolemy.util.test.junit.AutoTests" name="[402] /home/travis/build/icyphy/ptII/ptolemy/actor/lib/test/auto/WidthTestWithSubscriberPublisher3.xml (RunModel)" time="0.034" />
  <testcase classname="ptolemy.util.test.junit.AutoTests" name="[403] /home/travis/build/icyphy/ptII/ptolemy/actor/lib/test/auto/Writer.xml (RunModel)" time="0.012" />
  <testcase classname="ptolemy.util.test.junit.AutoTests" name="[404] /home/travis/build/icyphy/ptII/ptolemy/actor/lib/test/auto/array.xml (RunModel)" time="0.013" />
  <testcase classname="ptolemy.util.test.junit.AutoTests" name="[405] /home/travis/build/icyphy/ptII/ptolemy/actor/lib/test/auto/array2.xml (RunModel)" time="0.012" />
  <testcase classname="ptolemy.util.test.junit.AutoTests" name="[406] /home/travis/build/icyphy/ptII/ptolemy/actor/lib/test/auto/arrayType.xml (RunModel)" time="0.014" />
  <testcase classname="ptolemy.util.test.junit.AutoTests" name="[407] /home/travis/build/icyphy/ptII/ptolemy/actor/lib/test/auto/arrayType10.xml (RunModel)" time="0.012" />
  <testcase classname="ptolemy.util.test.junit.AutoTests" name="[408] /home/travis/build/icyphy/ptII/ptolemy/actor/lib/test/auto/arrayType11.xml (RunModel)" time="0.011" />
  <testcase classname="ptolemy.util.test.junit.AutoTests" name="[409] /home/travis/build/icyphy/ptII/ptolemy/actor/lib/test/auto/arrayType12.xml (RunModel)" time="0.012" />
  <testcase classname="ptolemy.util.test.junit.AutoTests" name="[410] /home/travis/build/icyphy/ptII/ptolemy/actor/lib/test/auto/arrayType13.xml (RunModel)" time="0.014" />
  <testcase classname="ptolemy.util.test.junit.AutoTests" name="[411] /home/travis/build/icyphy/ptII/ptolemy/actor/lib/test/auto/arrayType14.xml (RunModel)" time="0.017" />
  <testcase classname="ptolemy.util.test.junit.AutoTests" name="[412] /home/travis/build/icyphy/ptII/ptolemy/actor/lib/test/auto/arrayType15.xml (RunModel)" time="0.018" />
  <testcase classname="ptolemy.util.test.junit.AutoTests" name="[413] /home/travis/build/icyphy/ptII/ptolemy/actor/lib/test/auto/arrayType16.xml (RunModel)" time="0.035" />
  <testcase classname="ptolemy.util.test.junit.AutoTests" name="[414] /home/travis/build/icyphy/ptII/ptolemy/actor/lib/test/auto/arrayType17.xml (RunModel)" time="0.018" />
  <testcase classname="ptolemy.util.test.junit.AutoTests" name="[415] /home/travis/build/icyphy/ptII/ptolemy/actor/lib/test/auto/arrayType18.xml (RunModel)" time="0.013" />
  <testcase classname="ptolemy.util.test.junit.AutoTests" name="[416] /home/travis/build/icyphy/ptII/ptolemy/actor/lib/test/auto/arrayType19.xml (RunModel)" time="0.017" />
  <testcase classname="ptolemy.util.test.junit.AutoTests" name="[417] /home/travis/build/icyphy/ptII/ptolemy/actor/lib/test/auto/arrayType2.xml (RunModel)" time="0.019" />
  <testcase classname="ptolemy.util.test.junit.AutoTests" name="[418] /home/travis/build/icyphy/ptII/ptolemy/actor/lib/test/auto/arrayType20.xml (RunModel)" time="0.013" />
  <testcase classname="ptolemy.util.test.junit.AutoTests" name="[419] /home/travis/build/icyphy/ptII/ptolemy/actor/lib/test/auto/arrayType21.xml (RunModel)" time="0.015" />
  <testcase classname="ptolemy.util.test.junit.AutoTests" name="[420] /home/travis/build/icyphy/ptII/ptolemy/actor/lib/test/auto/arrayType22.xml (RunModel)" time="0.012" />
  <testcase classname="ptolemy.util.test.junit.AutoTests" name="[421] /home/travis/build/icyphy/ptII/ptolemy/actor/lib/test/auto/arrayType23.xml (RunModel)" time="0.013" />
  <testcase classname="ptolemy.util.test.junit.AutoTests" name="[422] /home/travis/build/icyphy/ptII/ptolemy/actor/lib/test/auto/arrayType24.xml (RunModel)" time="0.014" />
  <testcase classname="ptolemy.util.test.junit.AutoTests" name="[423] /home/travis/build/icyphy/ptII/ptolemy/actor/lib/test/auto/arrayType25.xml (RunModel)" time="0.016" />
  <testcase classname="ptolemy.util.test.junit.AutoTests" name="[424] /home/travis/build/icyphy/ptII/ptolemy/actor/lib/test/auto/arrayType26.xml (RunModel)" time="0.013" />
  <testcase classname="ptolemy.util.test.junit.AutoTests" name="[425] /home/travis/build/icyphy/ptII/ptolemy/actor/lib/test/auto/arrayType27.xml (RunModel)" time="0.016" />
  <testcase classname="ptolemy.util.test.junit.AutoTests" name="[426] /home/travis/build/icyphy/ptII/ptolemy/actor/lib/test/auto/arrayType28.xml (RunModel)" time="0.016" />
  <testcase classname="ptolemy.util.test.junit.AutoTests" name="[427] /home/travis/build/icyphy/ptII/ptolemy/actor/lib/test/auto/arrayType3.xml (RunModel)" time="0.013" />
  <testcase classname="ptolemy.util.test.junit.AutoTests" name="[428] /home/travis/build/icyphy/ptII/ptolemy/actor/lib/test/auto/arrayType4.xml (RunModel)" time="0.014" />
  <testcase classname="ptolemy.util.test.junit.AutoTests" name="[429] /home/travis/build/icyphy/ptII/ptolemy/actor/lib/test/auto/arrayType5.xml (RunModel)" time="0.014" />
  <testcase classname="ptolemy.util.test.junit.AutoTests" name="[430] /home/travis/build/icyphy/ptII/ptolemy/actor/lib/test/auto/arrayType6.xml (RunModel)" time="0.011" />
  <testcase classname="ptolemy.util.test.junit.AutoTests" name="[431] /home/travis/build/icyphy/ptII/ptolemy/actor/lib/test/auto/arrayType7.xml (RunModel)" time="0.029" />
  <testcase classname="ptolemy.util.test.junit.AutoTests" name="[432] /home/travis/build/icyphy/ptII/ptolemy/actor/lib/test/auto/arrayType8.xml (RunModel)" time="0.013" />
  <testcase classname="ptolemy.util.test.junit.AutoTests" name="[433] /home/travis/build/icyphy/ptII/ptolemy/actor/lib/test/auto/arrayType9.xml (RunModel)" time="0.014" />
  <testcase classname="ptolemy.util.test.junit.AutoTests" name="[434] /home/travis/build/icyphy/ptII/ptolemy/actor/lib/test/auto/cast.xml (RunModel)" time="0.013" />
  <testcase classname="ptolemy.util.test.junit.AutoTests" name="[435] /home/travis/build/icyphy/ptII/ptolemy/actor/lib/test/auto/compositeMultiPort.xml (RunModel)" time="0.024" />
  <testcase classname="ptolemy.util.test.junit.AutoTests" name="[436] /home/travis/build/icyphy/ptII/ptolemy/actor/lib/test/auto/expressionCastInference.xml (RunModel)" time="0.014" />
  <testcase classname="ptolemy.util.test.junit.AutoTests" name="[437] /home/travis/build/icyphy/ptII/ptolemy/actor/lib/test/auto/expressionCastInference2.xml (RunModel)" time="0.01" />
  <testcase classname="ptolemy.util.test.junit.AutoTests" name="[438] /home/travis/build/icyphy/ptII/ptolemy/actor/lib/test/auto/expressionInference.xml (RunModel)" time="0.01" />
  <testcase classname="ptolemy.util.test.junit.AutoTests" name="[439] /home/travis/build/icyphy/ptII/ptolemy/actor/lib/test/auto/expression_bug.xml (RunModel)" time="0.012" />
  <testcase classname="ptolemy.util.test.junit.AutoTests" name="[440] /home/travis/build/icyphy/ptII/ptolemy/actor/lib/test/auto/factorial.xml (RunModel)" time="0.083" />
  <testcase classname="ptolemy.util.test.junit.AutoTests" name="[441] /home/travis/build/icyphy/ptII/ptolemy/actor/lib/test/auto/filterTest1.xml (RunModel)" time="0.022" />
  <testcase classname="ptolemy.util.test.junit.AutoTests" name="[442] /home/travis/build/icyphy/ptII/ptolemy/actor/lib/test/auto/funcApplyInConst.xml (RunModel)" time="0.008" />
  <testcase classname="ptolemy.util.test.junit.AutoTests" name="[443] /home/travis/build/icyphy/ptII/ptolemy/actor/lib/test/auto/funcApplyInExpr.xml (RunModel)" time="0.008" />
  <testcase classname="ptolemy.util.test.junit.AutoTests" name="[444] /home/travis/build/icyphy/ptII/ptolemy/actor/lib/test/auto/function.xml (RunModel)" time="0.014" />
  <testcase classname="ptolemy.util.test.junit.AutoTests" name="[445] /home/travis/build/icyphy/ptII/ptolemy/actor/lib/test/auto/function2.xml (RunModel)" time="0.013" />
  <testcase classname="ptolemy.util.test.junit.AutoTests" name="[446] /home/travis/build/icyphy/ptII/ptolemy/actor/lib/test/auto/function3.xml (RunModel)" time="0.009" />
  <testcase classname="ptolemy.util.test.junit.AutoTests" name="[447] /home/travis/build/icyphy/ptII/ptolemy/actor/lib/test/auto/functionClosureTest1.xml (RunModel)" time="0.016" />
  <testcase classname="ptolemy.util.test.junit.AutoTests" name="[448] /home/travis/build/icyphy/ptII/ptolemy/actor/lib/test/auto/functionClosureTest2.xml (RunModel)" time="0.009" />
  <testcase classname="ptolemy.util.test.junit.AutoTests" name="[449] /home/travis/build/icyphy/ptII/ptolemy/actor/lib/test/auto/functionClosureTest3.xml (RunModel)" time="0.016" />
  <testcase classname="ptolemy.util.test.junit.AutoTests" name="[450] /home/travis/build/icyphy/ptII/ptolemy/actor/lib/test/auto/functionClosureTest4.xml (RunModel)" time="0.023" />
  <testcase classname="ptolemy.util.test.junit.AutoTests" name="[451] /home/travis/build/icyphy/ptII/ptolemy/actor/lib/test/auto/functionClosureTest5.xml (RunModel)" time="0.017" />
  <testcase classname="ptolemy.util.test.junit.AutoTests" name="[452] /home/travis/build/icyphy/ptII/ptolemy/actor/lib/test/auto/functionClosureTest6.xml (RunModel)" time="0.01" />
  <testcase classname="ptolemy.util.test.junit.AutoTests" name="[453] /home/travis/build/icyphy/ptII/ptolemy/actor/lib/test/auto/functionsOnArcs.xml (RunModel)" time="0.016" />
  <testcase classname="ptolemy.util.test.junit.AutoTests" name="[454] /home/travis/build/icyphy/ptII/ptolemy/actor/lib/test/auto/functionsOnArcsHOF.xml (RunModel)" time="0.018" />
  <testcase classname="ptolemy.util.test.junit.AutoTests" name="[455] /home/travis/build/icyphy/ptII/ptolemy/actor/lib/test/auto/logic.xml (RunModel)" time="0.028" />
  <testcase classname="ptolemy.util.test.junit.AutoTests" name="[456] /home/travis/build/icyphy/ptII/ptolemy/actor/lib/test/auto/matrixType.xml (RunModel)" time="0.014" />
  <testcase classname="ptolemy.util.test.junit.AutoTests" name="[457] /home/travis/build/icyphy/ptII/ptolemy/actor/lib/test/auto/matrixType10.xml (RunModel)" time="0.013" />
  <testcase classname="ptolemy.util.test.junit.AutoTests" name="[458] /home/travis/build/icyphy/ptII/ptolemy/actor/lib/test/auto/matrixType11.xml (RunModel)" time="0.011" />
  <testcase classname="ptolemy.util.test.junit.AutoTests" name="[459] /home/travis/build/icyphy/ptII/ptolemy/actor/lib/test/auto/matrixType12.xml (RunModel)" time="0.016" />
  <testcase classname="ptolemy.util.test.junit.AutoTests" name="[460] /home/travis/build/icyphy/ptII/ptolemy/actor/lib/test/auto/matrixType13.xml (RunModel)" time="0.014" />
  <testcase classname="ptolemy.util.test.junit.AutoTests" name="[461] /home/travis/build/icyphy/ptII/ptolemy/actor/lib/test/auto/matrixType14.xml (RunModel)" time="0.013" />
  <testcase classname="ptolemy.util.test.junit.AutoTests" name="[462] /home/travis/build/icyphy/ptII/ptolemy/actor/lib/test/auto/matrixType2.xml (RunModel)" time="0.014" />
  <testcase classname="ptolemy.util.test.junit.AutoTests" name="[463] /home/travis/build/icyphy/ptII/ptolemy/actor/lib/test/auto/matrixType3.xml (RunModel)" time="0.012" />
  <testcase classname="ptolemy.util.test.junit.AutoTests" name="[464] /home/travis/build/icyphy/ptII/ptolemy/actor/lib/test/auto/matrixType4.xml (RunModel)" time="0.012" />
  <testcase classname="ptolemy.util.test.junit.AutoTests" name="[465] /home/travis/build/icyphy/ptII/ptolemy/actor/lib/test/auto/matrixType5.xml (RunModel)" time="0.012" />
  <testcase classname="ptolemy.util.test.junit.AutoTests" name="[466] /home/travis/build/icyphy/ptII/ptolemy/actor/lib/test/auto/matrixType6.xml (RunModel)" time="0.012" />
  <testcase classname="ptolemy.util.test.junit.AutoTests" name="[467] /home/travis/build/icyphy/ptII/ptolemy/actor/lib/test/auto/matrixType7.xml (RunModel)" time="0.012" />
  <testcase classname="ptolemy.util.test.junit.AutoTests" name="[468] /home/travis/build/icyphy/ptII/ptolemy/actor/lib/test/auto/matrixType8.xml (RunModel)" time="0.013" />
  <testcase classname="ptolemy.util.test.junit.AutoTests" name="[469] /home/travis/build/icyphy/ptII/ptolemy/actor/lib/test/auto/matrixType9.xml (RunModel)" time="0.011" />
  <testcase classname="ptolemy.util.test.junit.AutoTests" name="[470] /home/travis/build/icyphy/ptII/ptolemy/actor/lib/test/auto/paraFunctest.xml (RunModel)" time="0.01" />
  <testcase classname="ptolemy.util.test.junit.AutoTests" name="[471] /home/travis/build/icyphy/ptII/ptolemy/actor/lib/test/auto/paraFunctest2.xml (RunModel)" time="0.011" />
  <testcase classname="ptolemy.util.test.junit.AutoTests" name="[472] /home/travis/build/icyphy/ptII/ptolemy/actor/lib/test/auto/parameterPassing.xml (RunModel)" time="0.012" />
  <testcase classname="ptolemy.util.test.junit.AutoTests" name="[473] /home/travis/build/icyphy/ptII/ptolemy/actor/lib/test/auto/record.xml (RunModel)" time="0.015" />
  <testcase classname="ptolemy.util.test.junit.AutoTests" name="[474] /home/travis/build/icyphy/ptII/ptolemy/actor/lib/test/auto/sizedarray1.xml (RunModel)" time="0.014" />
  <testcase classname="ptolemy.util.test.junit.AutoTests" name="[475] /home/travis/build/icyphy/ptII/ptolemy/actor/lib/test/auto/sizedarray2.xml (RunModel)" time="0.014" />
  <testcase classname="ptolemy.util.test.junit.AutoTests" name="[476] /home/travis/build/icyphy/ptII/ptolemy/actor/lib/test/auto/twoPublishers.xml (RunModel)" time="0.03" />
  <system-out><![CDATA[/home/travis/build/icyphy/ptII/ptolemy/actor/lib/test/AbsoluteValue.tcl
testDefs.tcl: setting time out to 9000 seconds at Wed May 09 23:58:48 UTC 2018
88 ms. Memory: 116224K Free: 107878K (93%)
5 ms. Memory: 116224K Free: 106644K (92%)
6 ms. Memory: 116224K Free: 106008K (91%)
5 ms. Memory: 116224K Free: 105403K (91%)
/home/travis/build/icyphy/ptII/ptolemy/actor/lib/test/AddSubtract.tcl
22 ms. Memory: 116224K Free: 103007K (89%)
14 ms. Memory: 116224K Free: 102411K (88%)
6 ms. Memory: 116224K Free: 101774K (88%)
16 ms. Memory: 116224K Free: 100581K (87%)
7 ms. Memory: 116224K Free: 99984K (86%)
10 ms. Memory: 116224K Free: 99371K (85%)
/home/travis/build/icyphy/ptII/ptolemy/actor/lib/test/Average.tcl
14 ms. Memory: 116224K Free: 97565K (84%)
18 ms. Memory: 116224K Free: 96356K (83%)
/home/travis/build/icyphy/ptII/ptolemy/actor/lib/test/Bernoulli.tcl
6 ms. Memory: 116224K Free: 94533K (81%)
7 ms. Memory: 116224K Free: 93937K (81%)
/home/travis/build/icyphy/ptII/ptolemy/actor/lib/test/Clock.tcl
preinitializing
resolving types
initializing
executing number 1
wrapping up
idle
13 ms. Memory: 116224K Free: 92131K (79%)
Completed execution with 5 iterations
preinitializing
resolving types
initializing
executing number 1
wrapping up
idle
4 ms. Memory: 116224K Free: 90922K (78%)
Completed execution with 5 iterations
preinitializing
resolving types
initializing
executing number 1
wrapping up
idle
4 ms. Memory: 116224K Free: 90309K (78%)
Completed execution with 5 iterations
/home/travis/build/icyphy/ptII/ptolemy/actor/lib/test/Commutator.tcl
16 ms. Memory: 116224K Free: 88503K (76%)
15 ms. Memory: 116224K Free: 87302K (75%)
12 ms. Memory: 116224K Free: 83045K (71%)
/home/travis/build/icyphy/ptII/ptolemy/actor/lib/test/Const.tcl
4 ms. Memory: 116224K Free: 81105K (70%)
13 ms. Memory: 116224K Free: 110640K (95%)
3 ms. Memory: 116224K Free: 110025K (95%)
2 ms. Memory: 116224K Free: 109410K (94%)
2 ms. Memory: 116224K Free: 108795K (94%)
28 ms. Memory: 116224K Free: 106997K (92%)
18 ms. Memory: 116224K Free: 106358K (92%)
4 ms. Memory: 116224K Free: 105149K (90%)
/home/travis/build/icyphy/ptII/ptolemy/actor/lib/test/CurrentTime.tcl
preinitializing
resolving types
initializing
executing number 1
wrapping up
idle
10 ms. Memory: 116224K Free: 103343K (89%)
Completed execution with 11 iterations
/home/travis/build/icyphy/ptII/ptolemy/actor/lib/test/DB.tcl
5 ms. Memory: 116224K Free: 101546K (87%)
2 ms. Memory: 116224K Free: 100946K (87%)
2 ms. Memory: 116224K Free: 100331K (86%)
/home/travis/build/icyphy/ptII/ptolemy/actor/lib/test/DiscreteRandomSource.tcl
preinitializing
resolving types
initializing
executing number 1
wrapping up
idle
8 ms. Memory: 116224K Free: 99125K (85%)
Completed execution with 4 iterations
preinitializing
resolving types
initializing
executing number 1
wrapping up
idle
5 ms. Memory: 116224K Free: 98510K (85%)
Completed execution with 4 iterations
preinitializing
resolving types
initializing
executing number 1
wrapping up
idle
9 ms. Memory: 116224K Free: 97895K (84%)
Completed execution with 4 iterations
preinitializing
resolving types
initializing
executing number 1
wrapping up
idle
3 ms. Memory: 116224K Free: 97296K (84%)
Completed execution with 4 iterations
preinitializing
resolving types
initializing
executing number 1
wrapping up
idle
4 ms. Memory: 116224K Free: 97296K (84%)
Completed execution with 4 iterations
/home/travis/build/icyphy/ptII/ptolemy/actor/lib/test/Distributor.tcl
6 ms. Memory: 116224K Free: 95498K (82%)
5 ms. Memory: 116224K Free: 94891K (82%)
StreamChangeRequest.changeExecuted(): <deleteEntity name="rec2"/> succeeded
StreamChangeRequest.changeExecuted(): <deleteRelation name="r2"/> succeeded
StreamChangeRequest.changeExecuted(): Record firings per iteration succeeded
8 ms. Memory: 116224K Free: 92471K (80%)
/home/travis/build/icyphy/ptII/ptolemy/actor/lib/test/Exit.tcl
Exit.tcl: this will print a message about Manager.exitAfterWrapup, which can be ignored.
8 ms. Memory: 116224K Free: 88828K (76%)
/home/travis/build/icyphy/ptII/ptolemy/actor/lib/test/Expression.tcl
8 ms. Memory: 116224K Free: 86392K (74%)
10 ms. Memory: 116224K Free: 85769K (74%)
4 ms. Memory: 116224K Free: 85162K (73%)
preinitializing
resolving types
initializing
executing number 1
wrapping up
idle
15 ms. Memory: 116224K Free: 83341K (72%)
Completed execution with 6 iterations
12 ms. Memory: 116224K Free: 82726K (71%)
14 ms. Memory: 116224K Free: 82111K (71%)
36 ms. Memory: 116224K Free: 110665K (95%)
13 ms. Memory: 116224K Free: 109343K (94%)
9 ms. Memory: 116224K Free: 108150K (93%)
/home/travis/build/icyphy/ptII/ptolemy/actor/lib/test/Gaussian.tcl
7 ms. Memory: 116224K Free: 106368K (92%)
sleeping 1 seconds: ............................................................................................................................................................................................................................................................................................................................................................................................................................................................................................................................................................................................................................................................................................................................................................................................................................................................................................................................................................................................................................................................................................................................................................................................................................................................................................................................................................................................................................................................................................................................................................................................................................................................................................................................................................................................................................................................................................................................................................................................................................................................................................................................................................................................................................................................................................................................................................................................................................................................................................................................................................................................................................................................................................................................................................................................................................................................................................................................................................................................................................................................................................................................................................................................................................................................................................................................................................................................................................................................................................................................................................................................................................................................................................................................................................................................................................................................................................................................................................................................................................................................................................................................................................................................................................................................................................................................................................................................................................................................................................................................................................................................................................................................................................................................................................................................................................................................................................................................................................................................................................................................................................................................................................................................................................................................................................................................................................................................................................................................................................................................................................................................................................................................................................................................................................................................................................................................................................................................................................................................................................................................................................................................................................................................................................................................................................................................................................................................................................................................................................................................................................................................................................................................................................................................................................................................................................................................................................................................................................................................................................................................................................................................................................................................................................................................................................................................................................................................................................................................................................................................................................................................................................................................................................................................................................................................................................................................................................................................................................................................................................................................................................................................................................................................................................................................................................................................................................................................................................................................................................................................................................................................................................................................................................................................................................................................................................................................................................................................................................................................................................................................................................................................................................................................................................................................................................................................................................................................................................................................................................................................................................................................................................................................................................................................................................................................................................................................................................................................................................................................................................................................................................................................................................................................................................................................................................................................................................................................................................................................................................................................................................................................................................................................................................................................................................................................................................................................................................................................................................................................................................................................................................................................................................................................................................................................................................................................................................................................................................................................................................................................................................................................................................................................................................................................................................................................................................................................................................................................................................................................................................................................................................................................................................................................................................................................................................................................................................................................................................................................................................................................................................................................................................................................................................................................................................................................................................................................................................................................................................................................................................................................................................................................................................................................................................................................................................................................................................................................................................................................................................................................................................................................................................................................................................................................................................................................................................................................................................................................................................................................................................................................................................................................................................................................................................................................................................................................................................................................................................................................................................................................................................................................................................................................................................................................................................................................................................................................................................................................................................................................................................................................................................................................................................................................................................................................................................................................................................................................................................................................................................................................................................................................................................................................................................................................................................................................................................................................................................................................................................................................................................................................................................................................................................................................................................................................................................................................................................................................................................................................................................................................................................................................................................................................................................................................................................................................................................................................................................................................................................................................................................................................................................................................................................................................................................................................................................................................................................................................................................................................................................................................................................................................................................................................................................................................................................................................................................................................................................................................................................................................................................................................................................................................................................................................................................................................................................................................................................................................................................................................................................................................................................................................................................................................................................................................................................................................................................................................................................................................................................................................................................................................................................................................................................................................................................................................................................................................................................................................................................................................................................................................................................................................................................................................................................................................................................................................................................................................................................................................................................................................................................................................................................................................................................................................................................................................................................................................................................................................................................................................................................................................................................................................................................................................................................................................................................................................................................................................................................................................................................................................................................4 ms. Memory: 146944K Free: 82151K (56%)
4 ms. Memory: 146944K Free: 80948K (55%)
2 ms. Memory: 146944K Free: 80948K (55%)
3 ms. Memory: 146944K Free: 80445K (55%)
23 ms. Memory: 146944K Free: 140603K (96%)
/home/travis/build/icyphy/ptII/ptolemy/actor/lib/test/IIR.tcl
/home/travis/build/icyphy/ptII/ptolemy/actor/lib/test/Interpolator.tcl
4 ms. Memory: 146944K Free: 136815K (93%)
3 ms. Memory: 146944K Free: 135608K (92%)
2 ms. Memory: 146944K Free: 135608K (92%)
3 ms. Memory: 146944K Free: 134402K (91%)
3 ms. Memory: 146944K Free: 134402K (91%)
4 ms. Memory: 146944K Free: 133195K (91%)
4 ms. Memory: 146944K Free: 131988K (90%)
4 ms. Memory: 146944K Free: 130782K (89%)
3 ms. Memory: 146944K Free: 130782K (89%)
3 ms. Memory: 146944K Free: 129575K (88%)
/home/travis/build/icyphy/ptII/ptolemy/actor/lib/test/MathFunction.tcl
6 ms. Memory: 146944K Free: 127162K (87%)
3 ms. Memory: 146944K Free: 125955K (86%)
3 ms. Memory: 146944K Free: 124749K (85%)
3 ms. Memory: 146944K Free: 124749K (85%)
6 ms. Memory: 146944K Free: 123537K (84%)
13 ms. Memory: 146944K Free: 121124K (82%)
/home/travis/build/icyphy/ptII/ptolemy/actor/lib/test/Maximum.tcl
8 ms. Memory: 146944K Free: 118712K (81%)
8 ms. Memory: 146944K Free: 118712K (81%)
9 ms. Memory: 146944K Free: 117505K (80%)
9 ms. Memory: 146944K Free: 117505K (80%)
/home/travis/build/icyphy/ptII/ptolemy/actor/lib/test/Minimum.tcl
10 ms. Memory: 146944K Free: 115092K (78%)
8 ms. Memory: 146944K Free: 115092K (78%)
3 ms. Memory: 146944K Free: 113885K (78%)
3 ms. Memory: 146944K Free: 112679K (77%)
/home/travis/build/icyphy/ptII/ptolemy/actor/lib/test/MultiplyDivide.tcl
6 ms. Memory: 146944K Free: 111472K (76%)
14 ms. Memory: 146944K Free: 110266K (75%)
3 ms. Memory: 146944K Free: 110266K (75%)
10 ms. Memory: 146944K Free: 109059K (74%)
6 ms. Memory: 146944K Free: 107853K (73%)
/home/travis/build/icyphy/ptII/ptolemy/actor/lib/test/OrderedMerge.tcl
Connections changed on port: inputA
Connections changed on port: inputB
Connections changed on port: output
Connections changed on port: output
Connections changed on port: output
Connections changed on port: input
.top. Preinitializing ...
Invoking preinitialize():  .top.OrderedMerge
Called preinitialize()
Invoking preinitialize():  .top.Ramp
Called preinitialize()
Invoking preinitialize():  .top.Ramp2
Called preinitialize()
Invoking preinitialize():  .top.Test
Called preinitialize()
Connections changed on port: inputA
Connections changed on port: output
Connections changed on port: inputB
Connections changed on port: output
Connections changed on port: output
Connections changed on port: input
.top. Finished preinitialize().
Called initialize().
Invoking initialize():  .top.OrderedMerge
Initializing actor: .top.OrderedMerge
Adding a thread: .top.OrderedMerge
Invoking initialize():  .top.Ramp
Initializing actor: .top.Ramp
Adding a thread: .top.Ramp
Invoking initialize():  .top.Ramp2
Initializing actor: .top.Ramp2
Adding a thread: .top.Ramp2
Invoking initialize():  .top.Test
Initializing actor: .top.Test
Adding a thread: .top.Test
-- Starting thread.
Called initialize()
Called prefire()
Called fire()
-- Starting thread.
Called initialize()
Called prefire()
Called fire()
Called postfire()
Called prefire()
Called fire()
-- Starting thread.
Called initialize()
Called prefire()
Called fire()
Called postfire()
Called prefire()
Called fire()
Called fire().
Checking for deadlock:
There are 3 Blocked actors, 0 Stopped actors, and 4 active threads.
Waiting for actors to stop.
-- Starting thread.
Called initialize()
Called prefire()
Called fire()
Checking for deadlock:
There are 2 Blocked actors, 0 Stopped actors, and 4 active threads.
Waiting for actors to stop.
Called postfire()
Called prefire()
Called fire()
Checking for deadlock:
There are 3 Blocked actors, 0 Stopped actors, and 4 active threads.
Waiting for actors to stop.
Read input token from inputA with value 0.0
Next port to read input from is inputB
Called postfire()
Called prefire()
Called fire()
Checking for deadlock:
There are 2 Blocked actors, 0 Stopped actors, and 4 active threads.
Waiting for actors to stop.
Called postfire()
Called prefire()
Called fire()
Checking for deadlock:
There are 3 Blocked actors, 0 Stopped actors, and 4 active threads.
Waiting for actors to stop.
Read input token from inputB with value 0.0
Checking for deadlock:
There are 2 Blocked actors, 0 Stopped actors, and 4 active threads.
Waiting for actors to stop.
-- Read input: 0.0, which is expected to match: 0.0
Called prefire()
Called fire()
Checking for deadlock:
There are 3 Blocked actors, 0 Stopped actors, and 4 active threads.
Waiting for actors to stop.
Sent output token with value 0.0
Next port to read input from is inputA
Called postfire()
Called prefire()
Called fire()
Called postfire()
Called prefire()
Called fire()
Checking for deadlock:
There are 3 Blocked actors, 0 Stopped actors, and 4 active threads.
Waiting for actors to stop.
Read input token from inputA with value 1.0
-- Read input: 0.0, which is expected to match: 0.0
Called prefire()
Called fire()
Checking for deadlock:
There are 3 Blocked actors, 0 Stopped actors, and 4 active threads.
Waiting for actors to stop.
Sent output token with value 0.0
Next port to read input from is inputB
Called postfire()
Called prefire()
Called fire()
Checking for deadlock:
There are 2 Blocked actors, 0 Stopped actors, and 4 active threads.
Waiting for actors to stop.
Called postfire()
Called prefire()
Called fire()
Checking for deadlock:
There are 3 Blocked actors, 0 Stopped actors, and 4 active threads.
Waiting for actors to stop.
Read input token from inputB with value 1.5
Checking for deadlock:
There are 2 Blocked actors, 0 Stopped actors, and 4 active threads.
Waiting for actors to stop.
-- Read input: 1.0, which is expected to match: 1.0
Called prefire()
Called fire()
Checking for deadlock:
There are 3 Blocked actors, 0 Stopped actors, and 4 active threads.
Waiting for actors to stop.
Sent output token with value 1.0
Next port to read input from is inputA
Called postfire()
Called prefire()
Called fire()
Called postfire()
Called prefire()
Called fire()
Checking for deadlock:
There are 3 Blocked actors, 0 Stopped actors, and 4 active threads.
Waiting for actors to stop.
Read input token from inputA with value 2.0
Sent output token with value 1.5
Checking for deadlock:
-- Read input: 1.5, which is expected to match: 1.5
There are 2 Blocked actors, 0 Stopped actors, and 4 active threads.
Waiting for actors to stop.
Called prefire()
Called fire()
Checking for deadlock:
There are 3 Blocked actors, 0 Stopped actors, and 4 active threads.
Waiting for actors to stop.
Next port to read input from is inputB
Called postfire()
Called prefire()
Called fire()
Checking for deadlock:
There are 2 Blocked actors, 0 Stopped actors, and 4 active threads.
Waiting for actors to stop.
Read input token from inputB with value 3.0
Called postfire()
Called prefire()
Called fire()
Sent output token with value 2.0
-- Read input: 2.0, which is expected to match: 2.0
Checking for deadlock:
There are 2 Blocked actors, 0 Stopped actors, and 4 active threads.
Called prefire()
Waiting for actors to stop.
Called fire()
Checking for deadlock:
There are 3 Blocked actors, 0 Stopped actors, and 4 active threads.
Waiting for actors to stop.
Next port to read input from is inputA
Called postfire()
Called prefire()
Called fire()
Called postfire()
Called prefire()
Called fire()
Checking for deadlock:
There are 3 Blocked actors, 0 Stopped actors, and 4 active threads.
Waiting for actors to stop.
Read input token from inputA with value 3.0
Sent output token with value 3.0
-- Read input: 3.0, which is expected to match: 3.0
Next port to read input from is inputB
Called postfire()
Called prefire()
Called fire()
Checking for deadlock:
There are 2 Blocked actors, 0 Stopped actors, and 4 active threads.
Waiting for actors to stop.
Called prefire()
Called fire()
Checking for deadlock:
There are 2 Blocked actors, 0 Stopped actors, and 4 active threads.
Waiting for actors to stop.
Read input token from inputB with value 4.5
Called postfire()
Called prefire()
Called fire()
Checking for deadlock:
Sent output token with value 3.0
There are 2 Blocked actors, 0 Stopped actors, and 4 active threads.
Waiting for actors to stop.
-- Read input: 3.0, which is expected to match: 3.0
Called prefire()
Called fire()
Checking for deadlock:
There are 3 Blocked actors, 0 Stopped actors, and 4 active threads.
Waiting for actors to stop.
Next port to read input from is inputA
Called postfire()
Called prefire()
Called fire()
Checking for deadlock:
There are 2 Blocked actors, 0 Stopped actors, and 4 active threads.
Waiting for actors to stop.
Read input token from inputA with value 4.0
Called postfire()
Called prefire()
Called fire()
Checking for deadlock:
There are 3 Blocked actors, 0 Stopped actors, and 4 active threads.
Waiting for actors to stop.
Checking for deadlock:
There are 2 Blocked actors, 0 Stopped actors, and 4 active threads.
Waiting for actors to stop.
Sent output token with value 4.0
Next port to read input from is inputA
Called postfire()
Called prefire()
-- Read input: 4.0, which is expected to match: 4.0
Called prefire()
Called fire()
Past the end of training data. Read and discard all inputs.
Called fire()
Checking for deadlock:
There are 3 Blocked actors, 0 Stopped actors, and 4 active threads.
Waiting for actors to stop.
Checking for deadlock:
There are 2 Blocked actors, 0 Stopped actors, and 4 active threads.
Read input token from inputA with value 5.0
Waiting for actors to stop.
Called postfire()
Called prefire()
Called prefire()
Checking for deadlock:
Called fire()
Called fire()
Past the end of training data. Read and discard all inputs.
There are 1 Blocked actors, 0 Stopped actors, and 4 active threads.
Waiting for actors to stop.
Checking for deadlock:
There are 3 Blocked actors, 0 Stopped actors, and 4 active threads.
Waiting for actors to stop.
Sent output token with value 4.5
Next port to read input from is inputB
Called postfire()
Called prefire()
Called fire()
Checking for deadlock:
There are 2 Blocked actors, 0 Stopped actors, and 4 active threads.
Waiting for actors to stop.
Read input token from inputB with value 6.0
Called postfire()
Called prefire()
Called fire()
Checking for deadlock:
There are 3 Blocked actors, 0 Stopped actors, and 4 active threads.
Waiting for actors to stop.
Checking for deadlock:
Sent output token with value 5.0
There are 2 Blocked actors, 0 Stopped actors, and 4 active threads.
Waiting for actors to stop.
Called prefire()
Called fire()
Past the end of training data. Read and discard all inputs.
Checking for deadlock:
There are 3 Blocked actors, 0 Stopped actors, and 4 active threads.
Waiting for actors to stop.
Next port to read input from is inputA
Called postfire()
Called prefire()
Called fire()
Called postfire()
Read input token from inputA with value 6.0
Called prefire()
Called fire()
Checking for deadlock:
There are 3 Blocked actors, 0 Stopped actors, and 4 active threads.
Waiting for actors to stop.
Checking for deadlock:
Called prefire()
There are 2 Blocked actors, 0 Stopped actors, and 4 active threads.
Called fire()
Waiting for actors to stop.
Past the end of training data. Read and discard all inputs.
Sent output token with value 6.0
Checking for deadlock:
There are 3 Blocked actors, 0 Stopped actors, and 4 active threads.
Waiting for actors to stop.
Next port to read input from is inputB
Called postfire()
Called prefire()
Called fire()
Checking for deadlock:
There are 2 Blocked actors, 0 Stopped actors, and 4 active threads.
Waiting for actors to stop.
Read input token from inputB with value 7.5
Called postfire()
Called prefire()
Called fire()
Sent output token with value 6.0
Checking for deadlock:
There are 2 Blocked actors, 0 Stopped actors, and 4 active threads.
Waiting for actors to stop.
Next port to read input from is inputA
Called postfire()
Called prefire()
Called fire()
Called prefire()
Past the end of training data. Read and discard all inputs.
Called fire()
Checking for deadlock:
There are 3 Blocked actors, 0 Stopped actors, and 4 active threads.
Waiting for actors to stop.
Checking for deadlock:
There are 2 Blocked actors, 0 Stopped actors, and 4 active threads.
Waiting for actors to stop.
Called postfire()
Called prefire()
Called fire()
Checking for deadlock:
There are 3 Blocked actors, 0 Stopped actors, and 4 active threads.
Waiting for actors to stop.
Read input token from inputA with value 7.0
Checking for deadlock:
There are 2 Blocked actors, 0 Stopped actors, and 4 active threads.
Waiting for actors to stop.
Sent output token with value 7.0
Called prefire()
Next port to read input from is inputA
Called fire()
Past the end of training data. Read and discard all inputs.
Called postfire()
Called prefire()
Called fire()
Checking for deadlock:
There are 2 Blocked actors, 0 Stopped actors, and 4 active threads.
Waiting for actors to stop.
-- Thread wrapup() called.
Read input token from inputA with value 8.0
Called wrapup()
Called prefire()
Called fire()
Past the end of training data. Read and discard all inputs.
Checking for deadlock:
There are 2 Blocked actors, 0 Stopped actors, and 4 active threads.
Waiting for actors to stop.
Sent output token with value 7.5
Thread .top.Ramp is exiting.
Checking for deadlock:
-- Thread stopped.
There are 2 Blocked actors, 0 Stopped actors, and 3 active threads.
Waiting for actors to stop.
Next port to read input from is inputB
Called postfire()
Called prefire()
Called fire()
Read input token from inputB with value 9.0
Called postfire()
Called prefire()
Called fire()
Sent output token with value 8.0
Checking for deadlock:
There are 1 Blocked actors, 0 Stopped actors, and 3 active threads.
Called prefire()
Waiting for actors to stop.
Called fire()
Past the end of training data. Read and discard all inputs.
Next port to read input from is inputA
Called postfire()
Checking for deadlock:
There are 2 Blocked actors, 0 Stopped actors, and 3 active threads.
Waiting for actors to stop.
Called prefire()
Called fire()
Read input token from inputA with value 9.0
Checking for deadlock:
There are 1 Blocked actors, 0 Stopped actors, and 3 active threads.
Waiting for actors to stop.
Sent output token with value 9.0
Called prefire()
Called fire()
Past the end of training data. Read and discard all inputs.
Next port to read input from is inputB
Called postfire()
Called prefire()
Called fire()
Checking for deadlock:
There are 2 Blocked actors, 0 Stopped actors, and 3 active threads.
Waiting for actors to stop.
Checking for deadlock:
There are 1 Blocked actors, 0 Stopped actors, and 3 active threads.
Waiting for actors to stop.
Called postfire()
Called prefire()
Called fire()
Read input token from inputB with value 10.5
Checking for deadlock:
There are 2 Blocked actors, 0 Stopped actors, and 3 active threads.
Waiting for actors to stop.
Checking for deadlock:
There are 1 Blocked actors, 0 Stopped actors, and 3 active threads.
Waiting for actors to stop.
Sent output token with value 9.0
Called prefire()
Called fire()
Past the end of training data. Read and discard all inputs.
Next port to read input from is inputA
Called postfire()
Called prefire()
Checking for deadlock:
There are 2 Blocked actors, 0 Stopped actors, and 3 active threads.
Waiting for actors to stop.
Called fire()
Checking for deadlock:
There are 3 Blocked actors, 0 Stopped actors, and 3 active threads.
Actors have stopped.
Checking for deadlock:
There are 3 Blocked actors, 0 Stopped actors, and 3 active threads.
Deadlock detected.
Resolving Deadlock
Checking for deadlock:
There are 3 Blocked actors, 0 Stopped actors, and 3 active threads.
Artificial Deadlock - increasing queue capacity.
increasing the capacity of receiver ptolemy.actor.TypedIOPort {.top.OrderedMerge.inputB} to 2
Director: Called postfire().
Called postfire().
_stopRequested = false
_stopFireRequested = false
Returning from postfire(): true
Called fire().
Checking for deadlock:
There are 2 Blocked actors, 0 Stopped actors, and 3 active threads.
Waiting for actors to stop.
-- Thread wrapup() called.
Called wrapup()
Thread .top.Ramp2 is exiting.
-- Thread stopped.
Checking for deadlock:
There are 2 Blocked actors, 0 Stopped actors, and 2 active threads.
Actors have stopped.
Checking for deadlock:
There are 2 Blocked actors, 0 Stopped actors, and 2 active threads.
Deadlock detected.
Resolving Deadlock
Checking for deadlock:
There are 2 Blocked actors, 0 Stopped actors, and 2 active threads.
Deadlock detected: no processes blocked on write, but some are blocked on read.
Called postfire().
_stopRequested = false
_stopFireRequested = false
Returning from postfire(): false
Finished deactivating branches.
Called wrapup().
-- Thread wrapup() called.
Called wrapup()
Thread .top.OrderedMerge is exiting.
-- Thread stopped.
-- Thread wrapup() called.
-- Blocked Receiver call threw TerminateProcessException.
Called wrapup()
Thread .top.Test is exiting.
-- Thread stopped.
-- Blocked Receiver call threw TerminateProcessException.
60 ms. Memory: 146944K Free: 104189K (71%)
.top. Preinitializing ...
Invoking preinitialize():  .top.OrderedMerge
Called preinitialize()
Invoking preinitialize():  .top.Ramp
Called preinitialize()
Invoking preinitialize():  .top.Ramp2
Called preinitialize()
Invoking preinitialize():  .top.Test
Called preinitialize()
.top. Finished preinitialize().
Called initialize().
Invoking initialize():  .top.OrderedMerge
Initializing actor: .top.OrderedMerge
Adding a thread: .top.OrderedMerge
Invoking initialize():  .top.Ramp
Initializing actor: .top.Ramp
Adding a thread: .top.Ramp
Invoking initialize():  .top.Ramp2
Initializing actor: .top.Ramp2
Adding a thread: .top.Ramp2
Invoking initialize():  .top.Test
Initializing actor: .top.Test
Adding a thread: .top.Test
-- Starting thread.
Called initialize()
Called prefire()
Called fire()
Called fire().
Checking for deadlock:
There are 1 Blocked actors, 0 Stopped actors, and 4 active threads.
Waiting for actors to stop.
-- Starting thread.
Called initialize()
Called prefire()
Called fire()
Checking for deadlock:
-- Starting thread.
There are 2 Blocked actors, 0 Stopped actors, and 4 active threads.
Waiting for actors to stop.
-- Starting thread.
Called initialize()
Called prefire()
Called fire()
Called postfire()
Called prefire()
Called fire()
Called initialize()
Called prefire()
Called fire()
Called postfire()
Called prefire()
Called fire()
Checking for deadlock:
There are 3 Blocked actors, 0 Stopped actors, and 4 active threads.
Waiting for actors to stop.
Read input token from inputA with value 0.0
Next port to read input from is inputB
Called postfire()
Called prefire()
Called fire()
Read input token from inputB with value 0.0
Sent output token with value 0.0
Next port to read input from is inputA
Called postfire()
Called prefire()
Called fire()
Checking for deadlock:
There are 1 Blocked actors, 0 Stopped actors, and 4 active threads.
Waiting for actors to stop.
Called postfire()
-- Read input: 0.0, which is expected to match: 0.0
Called prefire()
Called fire()
Called prefire()
Called fire()
Checking for deadlock:
There are 2 Blocked actors, 0 Stopped actors, and 4 active threads.
Waiting for actors to stop.
Called postfire()
Called prefire()
Called fire()
Checking for deadlock:
Read input token from inputA with value 1.0
There are 2 Blocked actors, 0 Stopped actors, and 4 active threads.
Waiting for actors to stop.
Called postfire()
Called prefire()
Called fire()
Sent output token with value 0.0
Checking for deadlock:
There are 1 Blocked actors, 0 Stopped actors, and 4 active threads.
Waiting for actors to stop.
-- Read input: 0.0, which is expected to match: 0.0
Next port to read input from is inputB
Called postfire()
Called prefire()
Called fire()
Called prefire()
Called fire()
Read input token from inputB with value 1.5
Sent output token with value 1.0
Checking for deadlock:
There are 1 Blocked actors, 0 Stopped actors, and 4 active threads.
Waiting for actors to stop.
Called postfire()
Called prefire()
Called fire()
-- Read input: 1.0, which is expected to match: 1.0
Called prefire()
Called fire()
Next port to read input from is inputA
Called postfire()
Called prefire()
Called fire()
Checking for deadlock:
There are 2 Blocked actors, 0 Stopped actors, and 4 active threads.
Waiting for actors to stop.
Read input token from inputA with value 2.0
Sent output token with value 1.5
Next port to read input from is inputB
Called postfire()
Called prefire()
Called fire()
Read input token from inputB with value 3.0
Checking for deadlock:
There are 0 Blocked actors, 0 Stopped actors, and 4 active threads.
Waiting for actors to stop.
-- Read input: 1.5, which is expected to match: 1.5
Called prefire()
Called fire()
Sent output token with value 2.0
-- Read input: 2.0, which is expected to match: 2.0
Called prefire()
Called fire()
Called postfire()
Called prefire()
Called fire()
Checking for deadlock:
There are 2 Blocked actors, 0 Stopped actors, and 4 active threads.
Waiting for actors to stop.
Called postfire()
Called prefire()
Called fire()
Checking for deadlock:
There are 3 Blocked actors, 0 Stopped actors, and 4 active threads.
Waiting for actors to stop.
Next port to read input from is inputA
Called postfire()
Called prefire()
Called fire()
Read input token from inputA with value 3.0
Checking for deadlock:
There are 2 Blocked actors, 0 Stopped actors, and 4 active threads.
Waiting for actors to stop.
Called postfire()
Called prefire()
Called fire()
Checking for deadlock:
There are 3 Blocked actors, 0 Stopped actors, and 4 active threads.
Waiting for actors to stop.
Sent output token with value 3.0
-- Read input: 3.0, which is expected to match: 3.0
Checking for deadlock:
Called prefire()
Called fire()
There are 2 Blocked actors, 0 Stopped actors, and 4 active threads.
Waiting for actors to stop.
Next port to read input from is inputB
Called postfire()
Called prefire()
Called fire()
Read input token from inputB with value 4.5
Sent output token with value 3.0
Next port to read input from is inputA
Called postfire()
Called prefire()
Called fire()
Read input token from inputA with value 4.0
Checking for deadlock:
There are 1 Blocked actors, 0 Stopped actors, and 4 active threads.
Waiting for actors to stop.
Called postfire()
Called postfire()
Called prefire()
Called fire()
Checking for deadlock:
There are 1 Blocked actors, 0 Stopped actors, and 4 active threads.
Waiting for actors to stop.
-- Read input: 3.0, which is expected to match: 3.0
Called prefire()
Called fire()
Called prefire()
Called fire()
Checking for deadlock:
There are 3 Blocked actors, 0 Stopped actors, and 4 active threads.
Waiting for actors to stop.
Checking for deadlock:
There are 2 Blocked actors, 0 Stopped actors, and 4 active threads.
Waiting for actors to stop.
Sent output token with value 4.0
-- Read input: 4.0, which is expected to match: 4.0
Next port to read input from is inputA
Called postfire()
Called prefire()
Called fire()
Called prefire()
Called fire()
Past the end of training data. Read and discard all inputs.
Checking for deadlock:
There are 2 Blocked actors, 0 Stopped actors, and 4 active threads.
Waiting for actors to stop.
Called postfire()
Called prefire()
Called fire()
Read input token from inputA with value 5.0
Checking for deadlock:
There are 3 Blocked actors, 0 Stopped actors, and 4 active threads.
Waiting for actors to stop.
Sent output token with value 4.5
Called prefire()
Called fire()
Checking for deadlock:
Past the end of training data. Read and discard all inputs.
There are 2 Blocked actors, 0 Stopped actors, and 4 active threads.
Waiting for actors to stop.
Checking for deadlock:
There are 3 Blocked actors, 0 Stopped actors, and 4 active threads.
Waiting for actors to stop.
Next port to read input from is inputB
Called postfire()
Called prefire()
Called fire()
Read input token from inputB with value 6.0
Sent output token with value 5.0
Next port to read input from is inputA
Called postfire()
Called prefire()
Called fire()
Read input token from inputA with value 6.0
Checking for deadlock:
There are 1 Blocked actors, 0 Stopped actors, and 4 active threads.
Waiting for actors to stop.
Called postfire()
Called prefire()
Called prefire()
Called fire()
Past the end of training data. Read and discard all inputs.
Called postfire()
Called prefire()
Called fire()
Called fire()
Checking for deadlock:
There are 0 Blocked actors, 0 Stopped actors, and 4 active threads.
Waiting for actors to stop.
Checking for deadlock:
There are 1 Blocked actors, 0 Stopped actors, and 4 active threads.
Waiting for actors to stop.
Called prefire()
Called fire()
Past the end of training data. Read and discard all inputs.
Checking for deadlock:
There are 3 Blocked actors, 0 Stopped actors, and 4 active threads.
Waiting for actors to stop.
Sent output token with value 6.0
Next port to read input from is inputB
Called postfire()
Called prefire()
Called fire()
Read input token from inputB with value 7.5
Sent output token with value 6.0
Next port to read input from is inputA
Called postfire()
Called prefire()
Called fire()
Read input token from inputA with value 7.0
Checking for deadlock:
There are 1 Blocked actors, 0 Stopped actors, and 4 active threads.
Waiting for actors to stop.
Called postfire()
Called prefire()
Called prefire()
Called fire()
Called postfire()
Called prefire()
Called fire()
Called fire()
Past the end of training data. Read and discard all inputs.
Checking for deadlock:
There are 3 Blocked actors, 0 Stopped actors, and 4 active threads.
Waiting for actors to stop.
Sent output token with value 7.0
Next port to read input from is inputA
Called postfire()
Called prefire()
Called fire()
Read input token from inputA with value 8.0
-- Thread wrapup() called.
Called wrapup()
Thread .top.Ramp is exiting.
-- Thread stopped.
Checking for deadlock:
There are 2 Blocked actors, 0 Stopped actors, and 3 active threads.
Waiting for actors to stop.
Called prefire()
Called fire()
Past the end of training data. Read and discard all inputs.
Checking for deadlock:
There are 2 Blocked actors, 0 Stopped actors, and 3 active threads.
Waiting for actors to stop.
Sent output token with value 7.5
Next port to read input from is inputB
Called postfire()
Called prefire()
Called fire()
Read input token from inputB with value 9.0
Checking for deadlock:
There are 1 Blocked actors, 0 Stopped actors, and 3 active threads.
Waiting for actors to stop.
Called postfire()
Called prefire()
Called fire()
Called prefire()
Called fire()
Past the end of training data. Read and discard all inputs.
Checking for deadlock:
There are 2 Blocked actors, 0 Stopped actors, and 3 active threads.
Waiting for actors to stop.
Sent output token with value 8.0
Next port to read input from is inputA
Called postfire()
Called prefire()
Called fire()
Read input token from inputA with value 9.0
Checking for deadlock:
There are 2 Blocked actors, 0 Stopped actors, and 3 active threads.
Waiting for actors to stop.
Called prefire()
Called fire()
Past the end of training data. Read and discard all inputs.
Checking for deadlock:
There are 2 Blocked actors, 0 Stopped actors, and 3 active threads.
Waiting for actors to stop.
Sent output token with value 9.0
Next port to read input from is inputB
Called postfire()
Called prefire()
Called fire()
Read input token from inputB with value 10.5
Checking for deadlock:
There are 1 Blocked actors, 0 Stopped actors, and 3 active threads.
Waiting for actors to stop.
Called postfire()
Checking for deadlock:
There are 0 Blocked actors, 0 Stopped actors, and 3 active threads.
Waiting for actors to stop.
Called prefire()
Called fire()
Past the end of training data. Read and discard all inputs.
Called prefire()
Called fire()
Sent output token with value 9.0
Checking for deadlock:
There are 1 Blocked actors, 0 Stopped actors, and 3 active threads.
Waiting for actors to stop.
Called prefire()
Next port to read input from is inputA
Called fire()
Called postfire()
Past the end of training data. Read and discard all inputs.
Called prefire()
Called fire()
Checking for deadlock:
There are 2 Blocked actors, 0 Stopped actors, and 3 active threads.
Waiting for actors to stop.
Checking for deadlock:
There are 3 Blocked actors, 0 Stopped actors, and 3 active threads.
Actors have stopped.
Checking for deadlock:
There are 3 Blocked actors, 0 Stopped actors, and 3 active threads.
Deadlock detected.
Resolving Deadlock
Checking for deadlock:
There are 3 Blocked actors, 0 Stopped actors, and 3 active threads.
Artificial Deadlock - increasing queue capacity.
increasing the capacity of receiver ptolemy.actor.TypedIOPort {.top.OrderedMerge.inputB} to 2
Director: Called postfire().
Called postfire().
_stopRequested = false
_stopFireRequested = false
Returning from postfire(): true
Called fire().
Checking for deadlock:
There are 2 Blocked actors, 0 Stopped actors, and 3 active threads.
Waiting for actors to stop.
-- Thread wrapup() called.
Called wrapup()
Thread .top.Ramp2 is exiting.
-- Thread stopped.
Checking for deadlock:
There are 2 Blocked actors, 0 Stopped actors, and 2 active threads.
Actors have stopped.
Checking for deadlock:
There are 2 Blocked actors, 0 Stopped actors, and 2 active threads.
Deadlock detected.
Resolving Deadlock
Checking for deadlock:
There are 2 Blocked actors, 0 Stopped actors, and 2 active threads.
Deadlock detected: no processes blocked on write, but some are blocked on read.
Called postfire().
_stopRequested = false
_stopFireRequested = false
Returning from postfire(): false
Finished deactivating branches.
Called wrapup().
-- Thread wrapup() called.
Called wrapup()
Thread .top.Test is exiting.
-- Thread stopped.
-- Blocked Receiver call threw TerminateProcessException.
-- Thread wrapup() called.
Called wrapup()
Thread .top.OrderedMerge is exiting.
-- Thread stopped.
-- Blocked Receiver call threw TerminateProcessException.
48 ms. Memory: 146944K Free: 100525K (68%)
/home/travis/build/icyphy/ptII/ptolemy/actor/lib/test/Publisher.tcl
29 ms. Memory: 146944K Free: 94492K (64%)
8 ms. Memory: 146944K Free: 88428K (60%)
8 ms. Memory: 146944K Free: 83602K (57%)
7 ms. Memory: 146944K Free: 83602K (57%)
8 ms. Memory: 146944K Free: 82395K (56%)
11 ms. Memory: 146944K Free: 81189K (55%)
3 ms. Memory: 146944K Free: 81189K (55%)
9 ms. Memory: 146944K Free: 80402K (55%)
2 ms. Memory: 207872K Free: 192002K (92%)
8 ms. Memory: 207872K Free: 187331K (90%)
4 ms. Memory: 207872K Free: 187331K (90%)
2 ms. Memory: 207872K Free: 184995K (89%)
11 ms. Memory: 207872K Free: 175653K (85%)
9 ms. Memory: 207872K Free: 166311K (80%)
9 ms. Memory: 207872K Free: 154634K (74%)
/home/travis/build/icyphy/ptII/ptolemy/actor/lib/test/Pulse.tcl
10 ms. Memory: 207872K Free: 112499K (54%)
8 ms. Memory: 207872K Free: 110147K (53%)
2 ms. Memory: 207872K Free: 110147K (53%)
2 ms. Memory: 207872K Free: 110147K (53%)
1 ms. Memory: 207872K Free: 110147K (53%)
2 ms. Memory: 207872K Free: 107796K (52%)
4 ms. Memory: 207872K Free: 107796K (52%)
2 ms. Memory: 207872K Free: 107796K (52%)
6 ms. Memory: 207872K Free: 105460K (51%)
/home/travis/build/icyphy/ptII/ptolemy/actor/lib/test/Ramp.tcl
10 ms. Memory: 207872K Free: 103125K (50%)
5 ms. Memory: 207872K Free: 103125K (50%)
3 ms. Memory: 207872K Free: 103125K (50%)
2 ms. Memory: 207872K Free: 100789K (48%)
8 ms. Memory: 207872K Free: 100789K (48%)
13 ms. Memory: 207872K Free: 100789K (48%)
9 ms. Memory: 207872K Free: 98438K (47%)
5 actors
11000 microseconds per iteration to create
15 ms. Memory: 207872K Free: 96094K (46%)
5 ms. Memory: 207872K Free: 96094K (46%)
3 ms. Memory: 207872K Free: 96094K (46%)
3 ms. Memory: 207872K Free: 93743K (45%)
50 actors
76000 microseconds per iteration to create
71 ms. Memory: 207872K Free: 79738K (38%)
44 ms. Memory: 208896K Free: 198474K (95%)
13 ms. Memory: 208896K Free: 198474K (95%)
7 ms. Memory: 208896K Free: 195948K (94%)
500 actors
2306000 microseconds per iteration to create
388 ms. Memory: 329728K Free: 265766K (81%)
49 ms. Memory: 329728K Free: 261005K (79%)
52 ms. Memory: 329728K Free: 256244K (78%)
48 ms. Memory: 329728K Free: 246705K (75%)
/home/travis/build/icyphy/ptII/ptolemy/actor/lib/test/RampContinuous.tcl
11 ms. Memory: 329728K Free: 246705K (75%)
/home/travis/build/icyphy/ptII/ptolemy/actor/lib/test/RecordAssembler.tcl
6 ms. Memory: 329728K Free: 246705K (75%)
6 ms. Memory: 329728K Free: 246705K (75%)
/home/travis/build/icyphy/ptII/ptolemy/actor/lib/test/RecordDisassembler.tcl
8 ms. Memory: 329728K Free: 241944K (73%)
7 ms. Memory: 329728K Free: 241944K (73%)
7 ms. Memory: 329728K Free: 241944K (73%)
/home/travis/build/icyphy/ptII/ptolemy/actor/lib/test/Scale.tcl
4 ms. Memory: 329728K Free: 237167K (72%)
2 ms. Memory: 329728K Free: 237167K (72%)
2 ms. Memory: 329728K Free: 237167K (72%)
8 ms. Memory: 329728K Free: 237167K (72%)
3 ms. Memory: 329728K Free: 237167K (72%)
/home/travis/build/icyphy/ptII/ptolemy/actor/lib/test/SequentialClock.tcl
preinitializing
resolving types
initializing
executing number 1
wrapping up
idle
4 ms. Memory: 329728K Free: 232406K (70%)
Completed execution with 5 iterations
preinitializing
resolving types
initializing
executing number 1
wrapping up
idle
2 ms. Memory: 329728K Free: 232406K (70%)
Completed execution with 5 iterations
preinitializing
resolving types
initializing
executing number 1
wrapping up
idle
1 ms. Memory: 329728K Free: 232406K (70%)
Completed execution with 5 iterations
/home/travis/build/icyphy/ptII/ptolemy/actor/lib/test/SetVariable.tcl
7 ms. Memory: 329728K Free: 232406K (70%)
/home/travis/build/icyphy/ptII/ptolemy/actor/lib/test/Sinewave.tcl
/home/travis/build/icyphy/ptII/ptolemy/actor/lib/test/SubscriptionAggregator.tcl
6 ms. Memory: 329728K Free: 218105K (66%)
4 ms. Memory: 329728K Free: 218105K (66%)
1 ms. Memory: 329728K Free: 218105K (66%)
1 ms. Memory: 329728K Free: 218105K (66%)
1 ms. Memory: 329728K Free: 213343K (65%)
5 ms. Memory: 329728K Free: 208566K (63%)
...............................................................1007 ms. Memory: 479232K Free: 310698K (65%)
/home/travis/build/icyphy/ptII/ptolemy/actor/lib/test/Test.tcl
 The next command will produce a warning about training mode,
   which may be ignored.
5 ms. Memory: 479232K Free: 310698K (65%)
78 ms. Memory: 479232K Free: 310698K (65%)
3 ms. Memory: 479232K Free: 306817K (64%)
2 ms. Memory: 479232K Free: 306817K (64%)
3 ms. Memory: 479232K Free: 306817K (64%)
4 ms. Memory: 479232K Free: 306817K (64%)
4 ms. Memory: 479232K Free: 299109K (62%)
 The next command will produce a warning about training mode,
   which may be ignored.
5 ms. Memory: 479232K Free: 299109K (62%)
 The next command will produce a warning about training mode,
   which may be ignored.
3 ms. Memory: 479232K Free: 299109K (62%)
1 ms. Memory: 479232K Free: 299109K (62%)
2 ms. Memory: 479232K Free: 299109K (62%)
5 ms. Memory: 479232K Free: 299109K (62%)


==== $PTII/ptolemy/actor/lib/test/Test.tcl: Test-2.2.3 Fail the array test with insufficient data
==== Contents of test case:

    # Uses 2.2 above
    set value [getParameter $const value]
    $value setToken [java::new ptolemy.data.ArrayToken "{1.0, 2.0, 3.0}"]
   
    set correctValues [getParameter $test correctValues]
    $correctValues setExpression "{{{1.0, 2.0, 3.0}}, {{1.0, 2.0, 3.0}}, {{1.0, 2.0, 3.0}}}"
    set requireAllCorrectValues [getParameter $test requireAllCorrectValues]
    $requireAllCorrectValues setExpression "true" 
    #puts [$e22 exportMoML]
    catch {[$e22 getManager] execute} errMsg
    list $errMsg

==== Result was:
{ptolemy.kernel.util.IllegalActionException: Exceptions occurred during wrapup:
ptolemy.kernel.util.IllegalActionException: The test produced only 2 tokens, yet the correctValues parameter was expecting 3 tokens.
Threads:
Threads: 8
Current Thread (*) _is not_ the Swing Event Dispatch Thread
Name                                Group                Pri Daemon Alive Curr
Reference Handler                   system               10  true   true   
Finalizer                           system               8   true   true   
Signal Dispatcher                   system               9   true   true   
process reaper                      system               10  true   true   
Java2D Disposer                     system               10  true   true   
AWT-XAWT                            system               6   true   true   
main                                main                 5   false  true  *
Timer-0                             main                 5   true   true   

  in .top.test

  in .top.<Unnamed Object>
Because:
The test produced only 2 tokens, yet the correctValues parameter was expecting 3 tokens.
Threads:
Threads: 8
Current Thread (*) _is not_ the Swing Event Dispatch Thread
Name                                Group                Pri Daemon Alive Curr
Reference Handler                   system               10  true   true   
Finalizer                           system               8   true   true   
Signal Dispatcher                   system               9   true   true   
process reaper                      system               10  true   true   
Java2D Disposer                     system               10  true   true   
AWT-XAWT                            system               6   true   true   
main                                main                 5   false  true  *
Timer-0                             main                 5   true   true   

  in .top.test}
---- Result should have been:
{ptolemy.kernel.util.IllegalActionException: Exceptions occurred during wrapup:
ptolemy.kernel.util.IllegalActionException: The test produced only 2 tokens, yet the correctValues parameter was expecting 3 tokens.
  in .top.test

  in .top.<Unnamed Object>
Because:
The test produced only 2 tokens, yet the correctValues parameter was expecting 3 tokens.
  in .top.test}
@@@@@ known results is more than 7 lines long, so we run diff
2a3,15
> Threads:
> Threads: 8
> Current Thread (*) _is not_ the Swing Event Dispatch Thread
> Name                                Group                Pri Daemon Alive Curr
> Reference Handler                   system               10  true   true   
> Finalizer                           system               8   true   true   
> Signal Dispatcher                   system               9   true   true   
> process reaper                      system               10  true   true   
> Java2D Disposer                     system               10  true   true   
> AWT-XAWT                            system               6   true   true   
> main                                main                 5   false  true  *
> Timer-0                             main                 5   true   true   
> 
7a21,33
> Threads:
> Threads: 8
> Current Thread (*) _is not_ the Swing Event Dispatch Thread
> Name                                Group                Pri Daemon Alive Curr
> Reference Handler                   system               10  true   true   
> Finalizer                           system               8   true   true   
> Signal Dispatcher                   system               9   true   true   
> process reaper                      system               10  true   true   
> Java2D Disposer                     system               10  true   true   
> AWT-XAWT                            system               6   true   true   
> main                                main                 5   false  true  *
> Timer-0                             main                 5   true   true   
> 
@@@@@ Done running diffText
---- Test-2.2.3 FAILED
6 ms. Memory: 479232K Free: 287450K (60%)
4 ms. Memory: 479232K Free: 279758K (58%)
/home/travis/build/icyphy/ptII/ptolemy/actor/lib/test/TestExceptionHandler.tcl
 The next command will produce a warning about training mode,
   which may be ignored.
2 ms. Memory: 479232K Free: 279758K (58%)
1 ms. Memory: 479232K Free: 279758K (58%)
1 ms. Memory: 479232K Free: 279758K (58%)
/home/travis/build/icyphy/ptII/ptolemy/actor/lib/test/UnionDisassembler.tcl
18 ms. Memory: 479232K Free: 272066K (57%)
/home/travis/build/icyphy/ptII/ptolemy/actor/lib/test/VariableClock.tcl
preinitializing
resolving types
initializing
executing number 1
wrapping up
idle
4 ms. Memory: 479232K Free: 264374K (55%)
Completed execution with 11 iterations
preinitializing
resolving types
initializing
executing number 1
wrapping up
idle
4 ms. Memory: 479232K Free: 264374K (55%)
Completed execution with 10 iterations
05/09/18 11:58:59
Failed: 1  Total Tests: 234  ((Passed: 233, Newly Passed: 0)  Known Failed: 0) /home/travis/build/icyphy/ptII/ptolemy/actor/lib/test
----------------- testing (KnownFailure) /home/travis/build/icyphy/ptII/ptolemy/actor/lib/test/auto/knownFailedTests/PublisherPortToplevelSubscriber.xml
0 ms. Memory: 479232K Free: 256612K (54%)
Known Failure: java.lang.reflect.InvocationTargetException
----------------- testing (KnownFailure) /home/travis/build/icyphy/ptII/ptolemy/actor/lib/test/auto/knownFailedTests/PublisherSubscriberPortToplevel.xml
0 ms. Memory: 479232K Free: 241088K (50%)
Known Failure: java.lang.reflect.InvocationTargetException
----------------- testing (KnownFailure) /home/travis/build/icyphy/ptII/ptolemy/actor/lib/test/auto/knownFailedTests/PublisherSubscriptionAggregatorPort.xml
1 ms. Memory: 479232K Free: 225564K (47%)
Known Failure: java.lang.reflect.InvocationTargetException
----------------- testing (KnownFailure) /home/travis/build/icyphy/ptII/ptolemy/actor/lib/test/auto/knownFailedTests/sizedarray3.xml
9 ms. Memory: 479232K Free: 210040K (44%)
Known Failure: java.lang.reflect.InvocationTargetException
No auto/*.xml tests in /home/travis/build/icyphy/ptII/ptolemy/actor/lib/test
AutoTests.java: About to close Vertx.
AutoTests.java: Vertx closed.
----------------- testing Wed May 09 23:58:59 UTC 2018 /home/travis/build/icyphy/ptII/ptolemy/actor/lib/test/auto/AbsoluteValue.xml
----------------- Instantiating /home/travis/build/icyphy/ptII/ptolemy/actor/lib/test/auto/AbsoluteValue.xml
11 ms. Memory: 479232K Free: 140392K (29%)
----------------- Invoking toplevel() on ptolemy.moml.MoMLSimpleApplication@64f5daff
----------------- Done invoking toplevel() on ptolemy.moml.MoMLSimpleApplication@64f5daff
reloadAllAccessors: .AbsoluteValue
----------------- testing Wed May 09 23:58:59 UTC 2018 /home/travis/build/icyphy/ptII/ptolemy/actor/lib/test/auto/AbsoluteValue2.xml
----------------- Instantiating /home/travis/build/icyphy/ptII/ptolemy/actor/lib/test/auto/AbsoluteValue2.xml
13 ms. Memory: 479232K Free: 121041K (25%)
----------------- Invoking toplevel() on ptolemy.moml.MoMLSimpleApplication@71de91c9
----------------- Done invoking toplevel() on ptolemy.moml.MoMLSimpleApplication@71de91c9
reloadAllAccessors: .AbsoluteValue2
----------------- testing Wed May 09 23:58:59 UTC 2018 /home/travis/build/icyphy/ptII/ptolemy/actor/lib/test/auto/Accumulator.xml
----------------- Instantiating /home/travis/build/icyphy/ptII/ptolemy/actor/lib/test/auto/Accumulator.xml
16 ms. Memory: 479232K Free: 109398K (23%)
----------------- Invoking toplevel() on ptolemy.moml.MoMLSimpleApplication@4b4dd74e
----------------- Done invoking toplevel() on ptolemy.moml.MoMLSimpleApplication@4b4dd74e
reloadAllAccessors: .Accumulator
----------------- testing Wed May 09 23:59:00 UTC 2018 /home/travis/build/icyphy/ptII/ptolemy/actor/lib/test/auto/Accumulator2.xml
----------------- Instantiating /home/travis/build/icyphy/ptII/ptolemy/actor/lib/test/auto/Accumulator2.xml
6 ms. Memory: 479232K Free: 101636K (21%)
----------------- Invoking toplevel() on ptolemy.moml.MoMLSimpleApplication@2893a7c9
----------------- Done invoking toplevel() on ptolemy.moml.MoMLSimpleApplication@2893a7c9
reloadAllAccessors: .Accumulator2
----------------- testing Wed May 09 23:59:00 UTC 2018 /home/travis/build/icyphy/ptII/ptolemy/actor/lib/test/auto/Accumulator3.xml
----------------- Instantiating /home/travis/build/icyphy/ptII/ptolemy/actor/lib/test/auto/Accumulator3.xml
5 ms. Memory: 479232K Free: 93874K (20%)
----------------- Invoking toplevel() on ptolemy.moml.MoMLSimpleApplication@2593aca1
----------------- Done invoking toplevel() on ptolemy.moml.MoMLSimpleApplication@2593aca1
reloadAllAccessors: .Accumulator3
----------------- testing Wed May 09 23:59:00 UTC 2018 /home/travis/build/icyphy/ptII/ptolemy/actor/lib/test/auto/ArrayAppend.xml
----------------- Instantiating /home/travis/build/icyphy/ptII/ptolemy/actor/lib/test/auto/ArrayAppend.xml
12 ms. Memory: 479232K Free: 78420K (16%)
----------------- Invoking toplevel() on ptolemy.moml.MoMLSimpleApplication@1130a6c6
----------------- Done invoking toplevel() on ptolemy.moml.MoMLSimpleApplication@1130a6c6
reloadAllAccessors: .ArrayAppend
----------------- testing Wed May 09 23:59:00 UTC 2018 /home/travis/build/icyphy/ptII/ptolemy/actor/lib/test/auto/ArrayAppend2.xml
----------------- Instantiating /home/travis/build/icyphy/ptII/ptolemy/actor/lib/test/auto/ArrayAppend2.xml
647 ms. Memory: 479744K Free: 386999K (81%)
----------------- Invoking toplevel() on ptolemy.moml.MoMLSimpleApplication@5cac578b
----------------- Done invoking toplevel() on ptolemy.moml.MoMLSimpleApplication@5cac578b
reloadAllAccessors: .ArrayAppend2
----------------- testing Wed May 09 23:59:00 UTC 2018 /home/travis/build/icyphy/ptII/ptolemy/actor/lib/test/auto/ArrayAppend3.xml
----------------- Instantiating /home/travis/build/icyphy/ptII/ptolemy/actor/lib/test/auto/ArrayAppend3.xml
12 ms. Memory: 479744K Free: 372775K (78%)
----------------- Invoking toplevel() on ptolemy.moml.MoMLSimpleApplication@3bde6693
----------------- Done invoking toplevel() on ptolemy.moml.MoMLSimpleApplication@3bde6693
reloadAllAccessors: .ArrayAppend3
----------------- testing Wed May 09 23:59:00 UTC 2018 /home/travis/build/icyphy/ptII/ptolemy/actor/lib/test/auto/ArrayAppend4.xml
----------------- Instantiating /home/travis/build/icyphy/ptII/ptolemy/actor/lib/test/auto/ArrayAppend4.xml
8 ms. Memory: 479744K Free: 366953K (76%)
----------------- Invoking toplevel() on ptolemy.moml.MoMLSimpleApplication@625de95e
----------------- Done invoking toplevel() on ptolemy.moml.MoMLSimpleApplication@625de95e
reloadAllAccessors: .ArrayAppend4
----------------- testing Wed May 09 23:59:01 UTC 2018 /home/travis/build/icyphy/ptII/ptolemy/actor/lib/test/auto/ArrayAppend5.xml
----------------- Instantiating /home/travis/build/icyphy/ptII/ptolemy/actor/lib/test/auto/ArrayAppend5.xml
5 ms. Memory: 479744K Free: 354669K (74%)
----------------- Invoking toplevel() on ptolemy.moml.MoMLSimpleApplication@1fae89e7
----------------- Done invoking toplevel() on ptolemy.moml.MoMLSimpleApplication@1fae89e7
reloadAllAccessors: .ArrayAppend5
----------------- testing Wed May 09 23:59:01 UTC 2018 /home/travis/build/icyphy/ptII/ptolemy/actor/lib/test/auto/ArrayAppend6.xml
----------------- Instantiating /home/travis/build/icyphy/ptII/ptolemy/actor/lib/test/auto/ArrayAppend6.xml
5 ms. Memory: 479744K Free: 348847K (73%)
----------------- Invoking toplevel() on ptolemy.moml.MoMLSimpleApplication@60f65e0f
----------------- Done invoking toplevel() on ptolemy.moml.MoMLSimpleApplication@60f65e0f
reloadAllAccessors: .ArrayAppend6
----------------- testing Wed May 09 23:59:01 UTC 2018 /home/travis/build/icyphy/ptII/ptolemy/actor/lib/test/auto/ArrayAppendPerformanceTest.xml
----------------- Instantiating /home/travis/build/icyphy/ptII/ptolemy/actor/lib/test/auto/ArrayAppendPerformanceTest.xml
22 ms. Memory: 479744K Free: 337204K (70%)
----------------- Invoking toplevel() on ptolemy.moml.MoMLSimpleApplication@3de6643b
----------------- Done invoking toplevel() on ptolemy.moml.MoMLSimpleApplication@3de6643b
reloadAllAccessors: .ArrayAppendPerformanceTest
----------------- testing Wed May 09 23:59:01 UTC 2018 /home/travis/build/icyphy/ptII/ptolemy/actor/lib/test/auto/ArrayAppendWithEmptyInput.xml
----------------- Instantiating /home/travis/build/icyphy/ptII/ptolemy/actor/lib/test/auto/ArrayAppendWithEmptyInput.xml
28 ms. Memory: 479744K Free: 322988K (67%)
----------------- Invoking toplevel() on ptolemy.moml.MoMLSimpleApplication@32c45ca6
----------------- Done invoking toplevel() on ptolemy.moml.MoMLSimpleApplication@32c45ca6
reloadAllAccessors: .ArrayAppendWithEmptyInput
----------------- testing Wed May 09 23:59:01 UTC 2018 /home/travis/build/icyphy/ptII/ptolemy/actor/lib/test/auto/ArrayAverage.xml
----------------- Instantiating /home/travis/build/icyphy/ptII/ptolemy/actor/lib/test/auto/ArrayAverage.xml
8 ms. Memory: 479744K Free: 315218K (66%)
----------------- Invoking toplevel() on ptolemy.moml.MoMLSimpleApplication@2c352731
----------------- Done invoking toplevel() on ptolemy.moml.MoMLSimpleApplication@2c352731
reloadAllAccessors: .ArrayAverage
----------------- testing Wed May 09 23:59:01 UTC 2018 /home/travis/build/icyphy/ptII/ptolemy/actor/lib/test/auto/ArrayContains.xml
----------------- Instantiating /home/travis/build/icyphy/ptII/ptolemy/actor/lib/test/auto/ArrayContains.xml
3 ms. Memory: 479744K Free: 309396K (64%)
----------------- Invoking toplevel() on ptolemy.moml.MoMLSimpleApplication@373990d3
----------------- Done invoking toplevel() on ptolemy.moml.MoMLSimpleApplication@373990d3
reloadAllAccessors: .ArrayContains
----------------- testing Wed May 09 23:59:01 UTC 2018 /home/travis/build/icyphy/ptII/ptolemy/actor/lib/test/auto/ArrayElement.xml
----------------- Instantiating /home/travis/build/icyphy/ptII/ptolemy/actor/lib/test/auto/ArrayElement.xml
5 ms. Memory: 479744K Free: 297105K (62%)
----------------- Invoking toplevel() on ptolemy.moml.MoMLSimpleApplication@2e76f826
----------------- Done invoking toplevel() on ptolemy.moml.MoMLSimpleApplication@2e76f826
reloadAllAccessors: .ArrayElement
----------------- testing Wed May 09 23:59:01 UTC 2018 /home/travis/build/icyphy/ptII/ptolemy/actor/lib/test/auto/ArrayElementAsMatrix.xml
----------------- Instantiating /home/travis/build/icyphy/ptII/ptolemy/actor/lib/test/auto/ArrayElementAsMatrix.xml
21 ms. Memory: 479744K Free: 285414K (59%)
----------------- Invoking toplevel() on ptolemy.moml.MoMLSimpleApplication@5bbd4a61
----------------- Done invoking toplevel() on ptolemy.moml.MoMLSimpleApplication@5bbd4a61
reloadAllAccessors: .ArrayElementAsMatrix
----------------- testing Wed May 09 23:59:01 UTC 2018 /home/travis/build/icyphy/ptII/ptolemy/actor/lib/test/auto/ArrayElementI.xml
----------------- Instantiating /home/travis/build/icyphy/ptII/ptolemy/actor/lib/test/auto/ArrayElementI.xml
5 ms. Memory: 479744K Free: 279576K (58%)
----------------- Invoking toplevel() on ptolemy.moml.MoMLSimpleApplication@79d5b4b4
----------------- Done invoking toplevel() on ptolemy.moml.MoMLSimpleApplication@79d5b4b4
reloadAllAccessors: .ArrayElementI
----------------- testing Wed May 09 23:59:01 UTC 2018 /home/travis/build/icyphy/ptII/ptolemy/actor/lib/test/auto/ArrayExtract.xml
----------------- Instantiating /home/travis/build/icyphy/ptII/ptolemy/actor/lib/test/auto/ArrayExtract.xml
15 ms. Memory: 479744K Free: 263404K (55%)
----------------- Invoking toplevel() on ptolemy.moml.MoMLSimpleApplication@50013c19
----------------- Done invoking toplevel() on ptolemy.moml.MoMLSimpleApplication@50013c19
reloadAllAccessors: .ArrayExtract
----------------- testing Wed May 09 23:59:01 UTC 2018 /home/travis/build/icyphy/ptII/ptolemy/actor/lib/test/auto/ArrayExtract2.xml
----------------- Instantiating /home/travis/build/icyphy/ptII/ptolemy/actor/lib/test/auto/ArrayExtract2.xml
3 ms. Memory: 734208K Free: 691221K (94%)
----------------- Invoking toplevel() on ptolemy.moml.MoMLSimpleApplication@1537c67a
----------------- Done invoking toplevel() on ptolemy.moml.MoMLSimpleApplication@1537c67a
reloadAllAccessors: .ArrayExtract2
----------------- testing Wed May 09 23:59:02 UTC 2018 /home/travis/build/icyphy/ptII/ptolemy/actor/lib/test/auto/ArrayLength.xml
----------------- Instantiating /home/travis/build/icyphy/ptII/ptolemy/actor/lib/test/auto/ArrayLength.xml
2 ms. Memory: 734208K Free: 668472K (91%)
----------------- Invoking toplevel() on ptolemy.moml.MoMLSimpleApplication@1d6b4892
----------------- Done invoking toplevel() on ptolemy.moml.MoMLSimpleApplication@1d6b4892
reloadAllAccessors: .ArrayLength
----------------- testing Wed May 09 23:59:02 UTC 2018 /home/travis/build/icyphy/ptII/ptolemy/actor/lib/test/auto/ArrayLevelCrossing.xml
----------------- Instantiating /home/travis/build/icyphy/ptII/ptolemy/actor/lib/test/auto/ArrayLevelCrossing.xml
10 ms. Memory: 734208K Free: 659011K (90%)
----------------- Invoking toplevel() on ptolemy.moml.MoMLSimpleApplication@7e429eb
----------------- Done invoking toplevel() on ptolemy.moml.MoMLSimpleApplication@7e429eb
reloadAllAccessors: .ArrayLevelCrossing
----------------- testing Wed May 09 23:59:02 UTC 2018 /home/travis/build/icyphy/ptII/ptolemy/actor/lib/test/auto/ArrayLevelCrossing2.xml
----------------- Instantiating /home/travis/build/icyphy/ptII/ptolemy/actor/lib/test/auto/ArrayLevelCrossing2.xml
5 ms. Memory: 734208K Free: 649687K (88%)
----------------- Invoking toplevel() on ptolemy.moml.MoMLSimpleApplication@66ea2e09
----------------- Done invoking toplevel() on ptolemy.moml.MoMLSimpleApplication@66ea2e09
reloadAllAccessors: .ArrayLevelCrossing2
----------------- testing Wed May 09 23:59:02 UTC 2018 /home/travis/build/icyphy/ptII/ptolemy/actor/lib/test/auto/ArrayPeakSearch.xml
----------------- Instantiating /home/travis/build/icyphy/ptII/ptolemy/actor/lib/test/auto/ArrayPeakSearch.xml
5 ms. Memory: 734208K Free: 637250K (87%)
----------------- Invoking toplevel() on ptolemy.moml.MoMLSimpleApplication@5e5107be
----------------- Done invoking toplevel() on ptolemy.moml.MoMLSimpleApplication@5e5107be
reloadAllAccessors: .ArrayPeakSearch
----------------- testing Wed May 09 23:59:02 UTC 2018 /home/travis/build/icyphy/ptII/ptolemy/actor/lib/test/auto/ArrayPeakSearch2.xml
----------------- Instantiating /home/travis/build/icyphy/ptII/ptolemy/actor/lib/test/auto/ArrayPeakSearch2.xml
10 ms. Memory: 734208K Free: 614484K (84%)
----------------- Invoking toplevel() on ptolemy.moml.MoMLSimpleApplication@5d8246d5
----------------- Done invoking toplevel() on ptolemy.moml.MoMLSimpleApplication@5d8246d5
reloadAllAccessors: .ArrayPeakSearch2
----------------- testing Wed May 09 23:59:02 UTC 2018 /home/travis/build/icyphy/ptII/ptolemy/actor/lib/test/auto/ArrayPeakSearch3.xml
----------------- Instantiating /home/travis/build/icyphy/ptII/ptolemy/actor/lib/test/auto/ArrayPeakSearch3.xml
7 ms. Memory: 734208K Free: 602063K (82%)
----------------- Invoking toplevel() on ptolemy.moml.MoMLSimpleApplication@22420120
----------------- Done invoking toplevel() on ptolemy.moml.MoMLSimpleApplication@22420120
reloadAllAccessors: .ArrayPeakSearch3
----------------- testing Wed May 09 23:59:02 UTC 2018 /home/travis/build/icyphy/ptII/ptolemy/actor/lib/test/auto/ArrayRemoveElement.xml
----------------- Instantiating /home/travis/build/icyphy/ptII/ptolemy/actor/lib/test/auto/ArrayRemoveElement.xml
4 ms. Memory: 734208K Free: 589626K (80%)
----------------- Invoking toplevel() on ptolemy.moml.MoMLSimpleApplication@43ef2cf4
----------------- Done invoking toplevel() on ptolemy.moml.MoMLSimpleApplication@43ef2cf4
reloadAllAccessors: .ArrayRemoveElement
----------------- testing Wed May 09 23:59:02 UTC 2018 /home/travis/build/icyphy/ptII/ptolemy/actor/lib/test/auto/ArraySort.xml
----------------- Instantiating /home/travis/build/icyphy/ptII/ptolemy/actor/lib/test/auto/ArraySort.xml
6 ms. Memory: 734208K Free: 577180K (79%)
----------------- Invoking toplevel() on ptolemy.moml.MoMLSimpleApplication@1fff995e
----------------- Done invoking toplevel() on ptolemy.moml.MoMLSimpleApplication@1fff995e
reloadAllAccessors: .ArraySort
----------------- testing Wed May 09 23:59:02 UTC 2018 /home/travis/build/icyphy/ptII/ptolemy/actor/lib/test/auto/ArraySum.xml
----------------- Instantiating /home/travis/build/icyphy/ptII/ptolemy/actor/lib/test/auto/ArraySum.xml
8 ms. Memory: 734208K Free: 567864K (77%)
----------------- Invoking toplevel() on ptolemy.moml.MoMLSimpleApplication@166b9e83
----------------- Done invoking toplevel() on ptolemy.moml.MoMLSimpleApplication@166b9e83
reloadAllAccessors: .ArraySum
----------------- testing Wed May 09 23:59:02 UTC 2018 /home/travis/build/icyphy/ptII/ptolemy/actor/lib/test/auto/ArrayToElements.xml
----------------- Instantiating /home/travis/build/icyphy/ptII/ptolemy/actor/lib/test/auto/ArrayToElements.xml
16 ms. Memory: 734208K Free: 548212K (75%)
----------------- Invoking toplevel() on ptolemy.moml.MoMLSimpleApplication@6f07385d
----------------- Done invoking toplevel() on ptolemy.moml.MoMLSimpleApplication@6f07385d
reloadAllAccessors: .ArrayToElements
----------------- testing Wed May 09 23:59:02 UTC 2018 /home/travis/build/icyphy/ptII/ptolemy/actor/lib/test/auto/ArrayToMatrix.xml
----------------- Instantiating /home/travis/build/icyphy/ptII/ptolemy/actor/lib/test/auto/ArrayToMatrix.xml
16 ms. Memory: 734208K Free: 529548K (72%)
----------------- Invoking toplevel() on ptolemy.moml.MoMLSimpleApplication@4a5c8e7d
----------------- Done invoking toplevel() on ptolemy.moml.MoMLSimpleApplication@4a5c8e7d
reloadAllAccessors: .ArrayToMatrix
----------------- testing Wed May 09 23:59:02 UTC 2018 /home/travis/build/icyphy/ptII/ptolemy/actor/lib/test/auto/ArrayUpdate1.xml
----------------- Instantiating /home/travis/build/icyphy/ptII/ptolemy/actor/lib/test/auto/ArrayUpdate1.xml
17 ms. Memory: 734208K Free: 523338K (71%)
----------------- Invoking toplevel() on ptolemy.moml.MoMLSimpleApplication@1d1a3185
----------------- Done invoking toplevel() on ptolemy.moml.MoMLSimpleApplication@1d1a3185
reloadAllAccessors: .ArrayUpdate1
----------------- testing Wed May 09 23:59:03 UTC 2018 /home/travis/build/icyphy/ptII/ptolemy/actor/lib/test/auto/ArrayUpdate2.xml
----------------- Instantiating /home/travis/build/icyphy/ptII/ptolemy/actor/lib/test/auto/ArrayUpdate2.xml
10 ms. Memory: 734208K Free: 514006K (70%)
----------------- Invoking toplevel() on ptolemy.moml.MoMLSimpleApplication@6bdbe91
----------------- Done invoking toplevel() on ptolemy.moml.MoMLSimpleApplication@6bdbe91
reloadAllAccessors: .ArrayUpdate2
----------------- testing Wed May 09 23:59:03 UTC 2018 /home/travis/build/icyphy/ptII/ptolemy/actor/lib/test/auto/ArrayUpdate3.xml
----------------- Instantiating /home/travis/build/icyphy/ptII/ptolemy/actor/lib/test/auto/ArrayUpdate3.xml
6 ms. Memory: 734208K Free: 507795K (69%)
----------------- Invoking toplevel() on ptolemy.moml.MoMLSimpleApplication@6a9ed459
----------------- Done invoking toplevel() on ptolemy.moml.MoMLSimpleApplication@6a9ed459
reloadAllAccessors: .ArrayUpdate3
----------------- testing Wed May 09 23:59:03 UTC 2018 /home/travis/build/icyphy/ptII/ptolemy/actor/lib/test/auto/Assert1.xml
----------------- Instantiating /home/travis/build/icyphy/ptII/ptolemy/actor/lib/test/auto/Assert1.xml
8 ms. Memory: 734208K Free: 491257K (67%)
----------------- Invoking toplevel() on ptolemy.moml.MoMLSimpleApplication@132bca14
----------------- Done invoking toplevel() on ptolemy.moml.MoMLSimpleApplication@132bca14
reloadAllAccessors: .Assert1
----------------- testing Wed May 09 23:59:03 UTC 2018 /home/travis/build/icyphy/ptII/ptolemy/actor/lib/test/auto/Assert2.xml
----------------- Instantiating /home/travis/build/icyphy/ptII/ptolemy/actor/lib/test/auto/Assert2.xml
7 ms. Memory: 734208K Free: 485046K (66%)
----------------- Invoking toplevel() on ptolemy.moml.MoMLSimpleApplication@bfdef75
----------------- Done invoking toplevel() on ptolemy.moml.MoMLSimpleApplication@bfdef75
reloadAllAccessors: .Assert2
----------------- testing Wed May 09 23:59:03 UTC 2018 /home/travis/build/icyphy/ptII/ptolemy/actor/lib/test/auto/BooleanMultiplexor.xml
----------------- Instantiating /home/travis/build/icyphy/ptII/ptolemy/actor/lib/test/auto/BooleanMultiplexor.xml
3 ms. Memory: 734208K Free: 475714K (65%)
----------------- Invoking toplevel() on ptolemy.moml.MoMLSimpleApplication@64d8dfb5
----------------- Done invoking toplevel() on ptolemy.moml.MoMLSimpleApplication@64d8dfb5
reloadAllAccessors: .BooleanMultiplexor
----------------- testing Wed May 09 23:59:03 UTC 2018 /home/travis/build/icyphy/ptII/ptolemy/actor/lib/test/auto/BooleanMultiplexor2.xml
----------------- Instantiating /home/travis/build/icyphy/ptII/ptolemy/actor/lib/test/auto/BooleanMultiplexor2.xml
20 ms. Memory: 734208K Free: 466382K (64%)
----------------- Invoking toplevel() on ptolemy.moml.MoMLSimpleApplication@3bd9497
----------------- Done invoking toplevel() on ptolemy.moml.MoMLSimpleApplication@3bd9497
reloadAllAccessors: .BooleanMultiplexor2
----------------- testing Wed May 09 23:59:03 UTC 2018 /home/travis/build/icyphy/ptII/ptolemy/actor/lib/test/auto/BooleanMultiplexor3.xml
----------------- Instantiating /home/travis/build/icyphy/ptII/ptolemy/actor/lib/test/auto/BooleanMultiplexor3.xml
3 ms. Memory: 734208K Free: 449844K (61%)
----------------- Invoking toplevel() on ptolemy.moml.MoMLSimpleApplication@50cefa1
----------------- Done invoking toplevel() on ptolemy.moml.MoMLSimpleApplication@50cefa1
reloadAllAccessors: .BooleanMultiplexor3
----------------- testing Wed May 09 23:59:03 UTC 2018 /home/travis/build/icyphy/ptII/ptolemy/actor/lib/test/auto/BooleanSelect.xml
----------------- Instantiating /home/travis/build/icyphy/ptII/ptolemy/actor/lib/test/auto/BooleanSelect.xml
5 ms. Memory: 734208K Free: 440512K (60%)
----------------- Invoking toplevel() on ptolemy.moml.MoMLSimpleApplication@fbd5afe
----------------- Done invoking toplevel() on ptolemy.moml.MoMLSimpleApplication@fbd5afe
reloadAllAccessors: .BooleanSelect
----------------- testing Wed May 09 23:59:03 UTC 2018 /home/travis/build/icyphy/ptII/ptolemy/actor/lib/test/auto/BooleanSelect2.xml
----------------- Instantiating /home/travis/build/icyphy/ptII/ptolemy/actor/lib/test/auto/BooleanSelect2.xml
3 ms. Memory: 734208K Free: 434301K (59%)
----------------- Invoking toplevel() on ptolemy.moml.MoMLSimpleApplication@673bb0d9
----------------- Done invoking toplevel() on ptolemy.moml.MoMLSimpleApplication@673bb0d9
reloadAllAccessors: .BooleanSelect2
----------------- testing Wed May 09 23:59:03 UTC 2018 /home/travis/build/icyphy/ptII/ptolemy/actor/lib/test/auto/BooleanSwitch.xml
----------------- Instantiating /home/travis/build/icyphy/ptII/ptolemy/actor/lib/test/auto/BooleanSwitch.xml
6 ms. Memory: 734208K Free: 424969K (58%)
----------------- Invoking toplevel() on ptolemy.moml.MoMLSimpleApplication@7c6652ee
----------------- Done invoking toplevel() on ptolemy.moml.MoMLSimpleApplication@7c6652ee
reloadAllAccessors: .BooleanSwitch
----------------- testing Wed May 09 23:59:03 UTC 2018 /home/travis/build/icyphy/ptII/ptolemy/actor/lib/test/auto/BooleanSwitch2.xml
----------------- Instantiating /home/travis/build/icyphy/ptII/ptolemy/actor/lib/test/auto/BooleanSwitch2.xml
2 ms. Memory: 734208K Free: 418758K (57%)
----------------- Invoking toplevel() on ptolemy.moml.MoMLSimpleApplication@5bf07c91
----------------- Done invoking toplevel() on ptolemy.moml.MoMLSimpleApplication@5bf07c91
reloadAllAccessors: .BooleanSwitch2
----------------- testing Wed May 09 23:59:03 UTC 2018 /home/travis/build/icyphy/ptII/ptolemy/actor/lib/test/auto/BooleanSwitchCloningBugWithClassRelationGroup.xml
----------------- Instantiating /home/travis/build/icyphy/ptII/ptolemy/actor/lib/test/auto/BooleanSwitchCloningBugWithClassRelationGroup.xml
5 ms. Memory: 734208K Free: 399098K (54%)
----------------- Invoking toplevel() on ptolemy.moml.MoMLSimpleApplication@5312c93
----------------- Done invoking toplevel() on ptolemy.moml.MoMLSimpleApplication@5312c93
reloadAllAccessors: .BooleanSwitchCloningBugWithClassRelationGroup
----------------- testing Wed May 09 23:59:03 UTC 2018 /home/travis/build/icyphy/ptII/ptolemy/actor/lib/test/auto/BusActors.xml
----------------- Instantiating /home/travis/build/icyphy/ptII/ptolemy/actor/lib/test/auto/BusActors.xml
7 ms. Memory: 734208K Free: 386677K (53%)
----------------- Invoking toplevel() on ptolemy.moml.MoMLSimpleApplication@b110cc9
----------------- Done invoking toplevel() on ptolemy.moml.MoMLSimpleApplication@b110cc9
reloadAllAccessors: .BusActors
----------------- testing Wed May 09 23:59:03 UTC 2018 /home/travis/build/icyphy/ptII/ptolemy/actor/lib/test/auto/ClassWrapper.xml
----------------- Instantiating /home/travis/build/icyphy/ptII/ptolemy/actor/lib/test/auto/ClassWrapper.xml
4 ms. Memory: 734208K Free: 380466K (52%)
----------------- Invoking toplevel() on ptolemy.moml.MoMLSimpleApplication@543d63df
----------------- Done invoking toplevel() on ptolemy.moml.MoMLSimpleApplication@543d63df
reloadAllAccessors: .ClassWrapper
----------------- testing Wed May 09 23:59:03 UTC 2018 /home/travis/build/icyphy/ptII/ptolemy/actor/lib/test/auto/Clock.xml
----------------- Instantiating /home/travis/build/icyphy/ptII/ptolemy/actor/lib/test/auto/Clock.xml
5 ms. Memory: 734208K Free: 374256K (51%)
----------------- Invoking toplevel() on ptolemy.moml.MoMLSimpleApplication@5a064c9c
----------------- Done invoking toplevel() on ptolemy.moml.MoMLSimpleApplication@5a064c9c
reloadAllAccessors: .Clock
----------------- testing Wed May 09 23:59:03 UTC 2018 /home/travis/build/icyphy/ptII/ptolemy/actor/lib/test/auto/Clock10.xml
----------------- Instantiating /home/travis/build/icyphy/ptII/ptolemy/actor/lib/test/auto/Clock10.xml
7 ms. Memory: 734208K Free: 354596K (48%)
----------------- Invoking toplevel() on ptolemy.moml.MoMLSimpleApplication@63e041c8
----------------- Done invoking toplevel() on ptolemy.moml.MoMLSimpleApplication@63e041c8
reloadAllAccessors: .Clock10
----------------- testing Wed May 09 23:59:03 UTC 2018 /home/travis/build/icyphy/ptII/ptolemy/actor/lib/test/auto/Clock11.xml
----------------- Instantiating /home/travis/build/icyphy/ptII/ptolemy/actor/lib/test/auto/Clock11.xml
9 ms. Memory: 734208K Free: 345280K (47%)
----------------- Invoking toplevel() on ptolemy.moml.MoMLSimpleApplication@20797451
----------------- Done invoking toplevel() on ptolemy.moml.MoMLSimpleApplication@20797451
reloadAllAccessors: .Clock11
----------------- testing Wed May 09 23:59:03 UTC 2018 /home/travis/build/icyphy/ptII/ptolemy/actor/lib/test/auto/Clock12.xml
----------------- Instantiating /home/travis/build/icyphy/ptII/ptolemy/actor/lib/test/auto/Clock12.xml
7 ms. Memory: 734208K Free: 335963K (46%)
----------------- Invoking toplevel() on ptolemy.moml.MoMLSimpleApplication@7ea1f6ad
----------------- Done invoking toplevel() on ptolemy.moml.MoMLSimpleApplication@7ea1f6ad
reloadAllAccessors: .Clock12
----------------- testing Wed May 09 23:59:03 UTC 2018 /home/travis/build/icyphy/ptII/ptolemy/actor/lib/test/auto/Clock13.xml
----------------- Instantiating /home/travis/build/icyphy/ptII/ptolemy/actor/lib/test/auto/Clock13.xml
11 ms. Memory: 734208K Free: 326639K (44%)
----------------- Invoking toplevel() on ptolemy.moml.MoMLSimpleApplication@7d81e66
----------------- Done invoking toplevel() on ptolemy.moml.MoMLSimpleApplication@7d81e66
reloadAllAccessors: .Clock13
----------------- testing Wed May 09 23:59:03 UTC 2018 /home/travis/build/icyphy/ptII/ptolemy/actor/lib/test/auto/Clock14.xml
----------------- Instantiating /home/travis/build/icyphy/ptII/ptolemy/actor/lib/test/auto/Clock14.xml
11 ms. Memory: 734208K Free: 317316K (43%)
----------------- Invoking toplevel() on ptolemy.moml.MoMLSimpleApplication@13bcefd7
----------------- Done invoking toplevel() on ptolemy.moml.MoMLSimpleApplication@13bcefd7
reloadAllAccessors: .Clock14
----------------- testing Wed May 09 23:59:03 UTC 2018 /home/travis/build/icyphy/ptII/ptolemy/actor/lib/test/auto/Clock15.xml
----------------- Instantiating /home/travis/build/icyphy/ptII/ptolemy/actor/lib/test/auto/Clock15.xml
3 ms. Memory: 734208K Free: 297664K (41%)
----------------- Invoking toplevel() on ptolemy.moml.MoMLSimpleApplication@45533430
----------------- Done invoking toplevel() on ptolemy.moml.MoMLSimpleApplication@45533430
reloadAllAccessors: .Clock15
----------------- testing Wed May 09 23:59:03 UTC 2018 /home/travis/build/icyphy/ptII/ptolemy/actor/lib/test/auto/Clock16.xml
----------------- Instantiating /home/travis/build/icyphy/ptII/ptolemy/actor/lib/test/auto/Clock16.xml
32 ms. Memory: 734208K Free: 282113K (38%)
----------------- Invoking toplevel() on ptolemy.moml.MoMLSimpleApplication@79519948
----------------- Done invoking toplevel() on ptolemy.moml.MoMLSimpleApplication@79519948
reloadAllAccessors: .Clock16
----------------- testing Wed May 09 23:59:04 UTC 2018 /home/travis/build/icyphy/ptII/ptolemy/actor/lib/test/auto/Clock17.xml
----------------- Instantiating /home/travis/build/icyphy/ptII/ptolemy/actor/lib/test/auto/Clock17.xml
40 ms. Memory: 734208K Free: 263433K (36%)
----------------- Invoking toplevel() on ptolemy.moml.MoMLSimpleApplication@397482d2
----------------- Done invoking toplevel() on ptolemy.moml.MoMLSimpleApplication@397482d2
reloadAllAccessors: .Clock17
----------------- testing Wed May 09 23:59:04 UTC 2018 /home/travis/build/icyphy/ptII/ptolemy/actor/lib/test/auto/Clock18.xml
----------------- Instantiating /home/travis/build/icyphy/ptII/ptolemy/actor/lib/test/auto/Clock18.xml
30 ms. Memory: 734208K Free: 247898K (34%)
----------------- Invoking toplevel() on ptolemy.moml.MoMLSimpleApplication@226a8db0
----------------- Done invoking toplevel() on ptolemy.moml.MoMLSimpleApplication@226a8db0
reloadAllAccessors: .Clock18
----------------- testing Wed May 09 23:59:04 UTC 2018 /home/travis/build/icyphy/ptII/ptolemy/actor/lib/test/auto/Clock19.xml
----------------- Instantiating /home/travis/build/icyphy/ptII/ptolemy/actor/lib/test/auto/Clock19.xml
19 ms. Memory: 734208K Free: 232356K (32%)
----------------- Invoking toplevel() on ptolemy.moml.MoMLSimpleApplication@1f53b33e
----------------- Done invoking toplevel() on ptolemy.moml.MoMLSimpleApplication@1f53b33e
reloadAllAccessors: .Clock19
----------------- testing Wed May 09 23:59:04 UTC 2018 /home/travis/build/icyphy/ptII/ptolemy/actor/lib/test/auto/Clock2.xml
----------------- Instantiating /home/travis/build/icyphy/ptII/ptolemy/actor/lib/test/auto/Clock2.xml
5 ms. Memory: 734208K Free: 215817K (29%)
----------------- Invoking toplevel() on ptolemy.moml.MoMLSimpleApplication@2faed0ed
----------------- Done invoking toplevel() on ptolemy.moml.MoMLSimpleApplication@2faed0ed
reloadAllAccessors: .Clock2
----------------- testing Wed May 09 23:59:04 UTC 2018 /home/travis/build/icyphy/ptII/ptolemy/actor/lib/test/auto/Clock20.xml
----------------- Instantiating /home/travis/build/icyphy/ptII/ptolemy/actor/lib/test/auto/Clock20.xml
14 ms. Memory: 734208K Free: 206485K (28%)
----------------- Invoking toplevel() on ptolemy.moml.MoMLSimpleApplication@730d8936
----------------- Done invoking toplevel() on ptolemy.moml.MoMLSimpleApplication@730d8936
reloadAllAccessors: .Clock20
----------------- testing Wed May 09 23:59:04 UTC 2018 /home/travis/build/icyphy/ptII/ptolemy/actor/lib/test/auto/Clock21.xml
----------------- Instantiating /home/travis/build/icyphy/ptII/ptolemy/actor/lib/test/auto/Clock21.xml
5 ms. Memory: 734208K Free: 197153K (27%)
----------------- Invoking toplevel() on ptolemy.moml.MoMLSimpleApplication@518cae9d
----------------- Done invoking toplevel() on ptolemy.moml.MoMLSimpleApplication@518cae9d
reloadAllAccessors: .Clock21
----------------- testing Wed May 09 23:59:04 UTC 2018 /home/travis/build/icyphy/ptII/ptolemy/actor/lib/test/auto/Clock22.xml
----------------- Instantiating /home/travis/build/icyphy/ptII/ptolemy/actor/lib/test/auto/Clock22.xml
4 ms. Memory: 734208K Free: 187821K (26%)
----------------- Invoking toplevel() on ptolemy.moml.MoMLSimpleApplication@4cf9b7b9
----------------- Done invoking toplevel() on ptolemy.moml.MoMLSimpleApplication@4cf9b7b9
reloadAllAccessors: .Clock22
----------------- testing Wed May 09 23:59:04 UTC 2018 /home/travis/build/icyphy/ptII/ptolemy/actor/lib/test/auto/Clock23.xml
----------------- Instantiating /home/travis/build/icyphy/ptII/ptolemy/actor/lib/test/auto/Clock23.xml
7 ms. Memory: 734208K Free: 168161K (23%)
----------------- Invoking toplevel() on ptolemy.moml.MoMLSimpleApplication@2c8adb2e
----------------- Done invoking toplevel() on ptolemy.moml.MoMLSimpleApplication@2c8adb2e
reloadAllAccessors: .Clock23
----------------- testing Wed May 09 23:59:04 UTC 2018 /home/travis/build/icyphy/ptII/ptolemy/actor/lib/test/auto/Clock24.xml
----------------- Instantiating /home/travis/build/icyphy/ptII/ptolemy/actor/lib/test/auto/Clock24.xml
5 ms. Memory: 734208K Free: 158829K (22%)
----------------- Invoking toplevel() on ptolemy.moml.MoMLSimpleApplication@19a5d2a0
----------------- Done invoking toplevel() on ptolemy.moml.MoMLSimpleApplication@19a5d2a0
reloadAllAccessors: .Clock24
----------------- testing Wed May 09 23:59:04 UTC 2018 /home/travis/build/icyphy/ptII/ptolemy/actor/lib/test/auto/Clock4.xml
----------------- Instantiating /home/travis/build/icyphy/ptII/ptolemy/actor/lib/test/auto/Clock4.xml
4 ms. Memory: 734208K Free: 152619K (21%)
----------------- Invoking toplevel() on ptolemy.moml.MoMLSimpleApplication@377750f4
----------------- Done invoking toplevel() on ptolemy.moml.MoMLSimpleApplication@377750f4
reloadAllAccessors: .Clock4
----------------- testing Wed May 09 23:59:04 UTC 2018 /home/travis/build/icyphy/ptII/ptolemy/actor/lib/test/auto/Clock5.xml
----------------- Instantiating /home/travis/build/icyphy/ptII/ptolemy/actor/lib/test/auto/Clock5.xml
4 ms. Memory: 734208K Free: 143287K (20%)
----------------- Invoking toplevel() on ptolemy.moml.MoMLSimpleApplication@69316e1a
----------------- Done invoking toplevel() on ptolemy.moml.MoMLSimpleApplication@69316e1a
reloadAllAccessors: .Clock5
----------------- testing Wed May 09 23:59:04 UTC 2018 /home/travis/build/icyphy/ptII/ptolemy/actor/lib/test/auto/Clock6.xml
----------------- Instantiating /home/travis/build/icyphy/ptII/ptolemy/actor/lib/test/auto/Clock6.xml
5 ms. Memory: 734208K Free: 137076K (19%)
----------------- Invoking toplevel() on ptolemy.moml.MoMLSimpleApplication@43f6de6d
----------------- Done invoking toplevel() on ptolemy.moml.MoMLSimpleApplication@43f6de6d
reloadAllAccessors: .Clock6
----------------- testing Wed May 09 23:59:04 UTC 2018 /home/travis/build/icyphy/ptII/ptolemy/actor/lib/test/auto/Clock7.xml
----------------- Instantiating /home/travis/build/icyphy/ptII/ptolemy/actor/lib/test/auto/Clock7.xml
3 ms. Memory: 734208K Free: 120538K (16%)
----------------- Invoking toplevel() on ptolemy.moml.MoMLSimpleApplication@38dd9979
----------------- Done invoking toplevel() on ptolemy.moml.MoMLSimpleApplication@38dd9979
reloadAllAccessors: .Clock7
----------------- testing Wed May 09 23:59:04 UTC 2018 /home/travis/build/icyphy/ptII/ptolemy/actor/lib/test/auto/Clock8.xml
----------------- Instantiating /home/travis/build/icyphy/ptII/ptolemy/actor/lib/test/auto/Clock8.xml
5 ms. Memory: 734208K Free: 111222K (15%)
----------------- Invoking toplevel() on ptolemy.moml.MoMLSimpleApplication@42d1ffee
----------------- Done invoking toplevel() on ptolemy.moml.MoMLSimpleApplication@42d1ffee
reloadAllAccessors: .Clock8
----------------- testing Wed May 09 23:59:04 UTC 2018 /home/travis/build/icyphy/ptII/ptolemy/actor/lib/test/auto/Clock9.xml
----------------- Instantiating /home/travis/build/icyphy/ptII/ptolemy/actor/lib/test/auto/Clock9.xml
3 ms. Memory: 734208K Free: 101906K (14%)
----------------- Invoking toplevel() on ptolemy.moml.MoMLSimpleApplication@673ad37a
----------------- Done invoking toplevel() on ptolemy.moml.MoMLSimpleApplication@673ad37a
reloadAllAccessors: .Clock9
----------------- testing Wed May 09 23:59:04 UTC 2018 /home/travis/build/icyphy/ptII/ptolemy/actor/lib/test/auto/CommDistDiscard.xml
----------------- Instantiating /home/travis/build/icyphy/ptII/ptolemy/actor/lib/test/auto/CommDistDiscard.xml
5 ms. Memory: 734208K Free: 95695K (13%)
----------------- Invoking toplevel() on ptolemy.moml.MoMLSimpleApplication@43a0cb51
----------------- Done invoking toplevel() on ptolemy.moml.MoMLSimpleApplication@43a0cb51
reloadAllAccessors: .CommDistDiscard
----------------- testing Wed May 09 23:59:04 UTC 2018 /home/travis/build/icyphy/ptII/ptolemy/actor/lib/test/auto/Commutator.xml
----------------- Instantiating /home/travis/build/icyphy/ptII/ptolemy/actor/lib/test/auto/Commutator.xml
2 ms. Memory: 734208K Free: 76376K (10%)
----------------- Invoking toplevel() on ptolemy.moml.MoMLSimpleApplication@315d3e39
----------------- Done invoking toplevel() on ptolemy.moml.MoMLSimpleApplication@315d3e39
reloadAllAccessors: .Commutator
----------------- testing Wed May 09 23:59:04 UTC 2018 /home/travis/build/icyphy/ptII/ptolemy/actor/lib/test/auto/Commutator2.xml
----------------- Instantiating /home/travis/build/icyphy/ptII/ptolemy/actor/lib/test/auto/Commutator2.xml
2 ms. Memory: 734208K Free: 690605K (94%)
----------------- Invoking toplevel() on ptolemy.moml.MoMLSimpleApplication@6865b035
----------------- Done invoking toplevel() on ptolemy.moml.MoMLSimpleApplication@6865b035
reloadAllAccessors: .Commutator2
----------------- testing Wed May 09 23:59:04 UTC 2018 /home/travis/build/icyphy/ptII/ptolemy/actor/lib/test/auto/Commutator3.xml
----------------- Instantiating /home/travis/build/icyphy/ptII/ptolemy/actor/lib/test/auto/Commutator3.xml
3 ms. Memory: 734208K Free: 676886K (92%)
----------------- Invoking toplevel() on ptolemy.moml.MoMLSimpleApplication@76779fcf
----------------- Done invoking toplevel() on ptolemy.moml.MoMLSimpleApplication@76779fcf
reloadAllAccessors: .Commutator3
----------------- testing Wed May 09 23:59:05 UTC 2018 /home/travis/build/icyphy/ptII/ptolemy/actor/lib/test/auto/Compare.xml
----------------- Instantiating /home/travis/build/icyphy/ptII/ptolemy/actor/lib/test/auto/Compare.xml
3 ms. Memory: 734208K Free: 667470K (91%)
----------------- Invoking toplevel() on ptolemy.moml.MoMLSimpleApplication@2f7c881
----------------- Done invoking toplevel() on ptolemy.moml.MoMLSimpleApplication@2f7c881
reloadAllAccessors: .Compare
----------------- testing Wed May 09 23:59:05 UTC 2018 /home/travis/build/icyphy/ptII/ptolemy/actor/lib/test/auto/CompareDE.xml
----------------- Instantiating /home/travis/build/icyphy/ptII/ptolemy/actor/lib/test/auto/CompareDE.xml
7 ms. Memory: 734208K Free: 658138K (90%)
----------------- Invoking toplevel() on ptolemy.moml.MoMLSimpleApplication@5c42bab7
----------------- Done invoking toplevel() on ptolemy.moml.MoMLSimpleApplication@5c42bab7
reloadAllAccessors: .CompareDE
----------------- testing Wed May 09 23:59:05 UTC 2018 /home/travis/build/icyphy/ptII/ptolemy/actor/lib/test/auto/ComplexDivide.xml
----------------- Instantiating /home/travis/build/icyphy/ptII/ptolemy/actor/lib/test/auto/ComplexDivide.xml
2 ms. Memory: 734208K Free: 644419K (88%)
----------------- Invoking toplevel() on ptolemy.moml.MoMLSimpleApplication@a71667
----------------- Done invoking toplevel() on ptolemy.moml.MoMLSimpleApplication@a71667
reloadAllAccessors: .ComplexDivide
----------------- testing Wed May 09 23:59:05 UTC 2018 /home/travis/build/icyphy/ptII/ptolemy/actor/lib/test/auto/ComputeHistogram.xml
----------------- Instantiating /home/travis/build/icyphy/ptII/ptolemy/actor/lib/test/auto/ComputeHistogram.xml
70 ms. Memory: 734208K Free: 628876K (86%)
----------------- Invoking toplevel() on ptolemy.moml.MoMLSimpleApplication@6d70814b
----------------- Done invoking toplevel() on ptolemy.moml.MoMLSimpleApplication@6d70814b
reloadAllAccessors: .ComputeHistogram
----------------- testing Wed May 09 23:59:05 UTC 2018 /home/travis/build/icyphy/ptII/ptolemy/actor/lib/test/auto/ConfigurationSelect.xml
----------------- Instantiating /home/travis/build/icyphy/ptII/ptolemy/actor/lib/test/auto/ConfigurationSelect.xml
7 ms. Memory: 734208K Free: 619544K (84%)
----------------- Invoking toplevel() on ptolemy.moml.MoMLSimpleApplication@2ebf1d00
----------------- Done invoking toplevel() on ptolemy.moml.MoMLSimpleApplication@2ebf1d00
reloadAllAccessors: .ConfigurationSelect
----------------- testing Wed May 09 23:59:05 UTC 2018 /home/travis/build/icyphy/ptII/ptolemy/actor/lib/test/auto/ConfigurationSelect2.xml
----------------- Instantiating /home/travis/build/icyphy/ptII/ptolemy/actor/lib/test/auto/ConfigurationSelect2.xml
4 ms. Memory: 734208K Free: 605825K (83%)
----------------- Invoking toplevel() on ptolemy.moml.MoMLSimpleApplication@2d7f545d
----------------- Done invoking toplevel() on ptolemy.moml.MoMLSimpleApplication@2d7f545d
reloadAllAccessors: .ConfigurationSelect2
----------------- testing Wed May 09 23:59:05 UTC 2018 /home/travis/build/icyphy/ptII/ptolemy/actor/lib/test/auto/ConfigurationSwitch.xml
----------------- Instantiating /home/travis/build/icyphy/ptII/ptolemy/actor/lib/test/auto/ConfigurationSwitch.xml
3 ms. Memory: 734208K Free: 596493K (81%)
----------------- Invoking toplevel() on ptolemy.moml.MoMLSimpleApplication@188603e6
----------------- Done invoking toplevel() on ptolemy.moml.MoMLSimpleApplication@188603e6
reloadAllAccessors: .ConfigurationSwitch
----------------- testing Wed May 09 23:59:05 UTC 2018 /home/travis/build/icyphy/ptII/ptolemy/actor/lib/test/auto/ConfigurationSwitch2.xml
----------------- Instantiating /home/travis/build/icyphy/ptII/ptolemy/actor/lib/test/auto/ConfigurationSwitch2.xml
5 ms. Memory: 734208K Free: 587161K (80%)
----------------- Invoking toplevel() on ptolemy.moml.MoMLSimpleApplication@663fa9c7
----------------- Done invoking toplevel() on ptolemy.moml.MoMLSimpleApplication@663fa9c7
reloadAllAccessors: .ConfigurationSwitch2
----------------- testing Wed May 09 23:59:05 UTC 2018 /home/travis/build/icyphy/ptII/ptolemy/actor/lib/test/auto/ConfigurationSwitchCloningBugWithClassRelationGroup.xml
----------------- Instantiating /home/travis/build/icyphy/ptII/ptolemy/actor/lib/test/auto/ConfigurationSwitchCloningBugWithClassRelationGroup.xml
2 ms. Memory: 734208K Free: 570320K (78%)
----------------- Invoking toplevel() on ptolemy.moml.MoMLSimpleApplication@568a9687
----------------- Done invoking toplevel() on ptolemy.moml.MoMLSimpleApplication@568a9687
reloadAllAccessors: .ConfigurationSwitchCloningBugWithClassRelationGroup
----------------- testing Wed May 09 23:59:05 UTC 2018 /home/travis/build/icyphy/ptII/ptolemy/actor/lib/test/auto/ConfigurationSwitchSelectSDF.xml
----------------- Instantiating /home/travis/build/icyphy/ptII/ptolemy/actor/lib/test/auto/ConfigurationSwitchSelectSDF.xml
4 ms. Memory: 734208K Free: 560988K (76%)
----------------- Invoking toplevel() on ptolemy.moml.MoMLSimpleApplication@1bdf1ee6
----------------- Done invoking toplevel() on ptolemy.moml.MoMLSimpleApplication@1bdf1ee6
reloadAllAccessors: .ConfigurationSwitchSelectSDF
----------------- testing Wed May 09 23:59:05 UTC 2018 /home/travis/build/icyphy/ptII/ptolemy/actor/lib/test/auto/ConfigurationSwitchSelectSDF2.xml
----------------- Instantiating /home/travis/build/icyphy/ptII/ptolemy/actor/lib/test/auto/ConfigurationSwitchSelectSDF2.xml
2 ms. Memory: 734208K Free: 551672K (75%)
----------------- Invoking toplevel() on ptolemy.moml.MoMLSimpleApplication@3b58e6eb
----------------- Done invoking toplevel() on ptolemy.moml.MoMLSimpleApplication@3b58e6eb
reloadAllAccessors: .ConfigurationSwitchSelectSDF2
----------------- testing Wed May 09 23:59:05 UTC 2018 /home/travis/build/icyphy/ptII/ptolemy/actor/lib/test/auto/Const.xml
----------------- Instantiating /home/travis/build/icyphy/ptII/ptolemy/actor/lib/test/auto/Const.xml
1 ms. Memory: 734208K Free: 545462K (74%)
----------------- Invoking toplevel() on ptolemy.moml.MoMLSimpleApplication@458f7c8
----------------- Done invoking toplevel() on ptolemy.moml.MoMLSimpleApplication@458f7c8
reloadAllAccessors: .Const
----------------- testing Wed May 09 23:59:05 UTC 2018 /home/travis/build/icyphy/ptII/ptolemy/actor/lib/test/auto/Const2.xml
----------------- Instantiating /home/travis/build/icyphy/ptII/ptolemy/actor/lib/test/auto/Const2.xml
1 ms. Memory: 734208K Free: 531743K (72%)
----------------- Invoking toplevel() on ptolemy.moml.MoMLSimpleApplication@603363e9
----------------- Done invoking toplevel() on ptolemy.moml.MoMLSimpleApplication@603363e9
reloadAllAccessors: .Const2
----------------- testing Wed May 09 23:59:05 UTC 2018 /home/travis/build/icyphy/ptII/ptolemy/actor/lib/test/auto/Const3.xml
----------------- Instantiating /home/travis/build/icyphy/ptII/ptolemy/actor/lib/test/auto/Const3.xml
1 ms. Memory: 734208K Free: 525532K (72%)
----------------- Invoking toplevel() on ptolemy.moml.MoMLSimpleApplication@3469cd8a
----------------- Done invoking toplevel() on ptolemy.moml.MoMLSimpleApplication@3469cd8a
reloadAllAccessors: .Const3
----------------- testing Wed May 09 23:59:05 UTC 2018 /home/travis/build/icyphy/ptII/ptolemy/actor/lib/test/auto/ConstantPublisherPort1.xml
----------------- Instantiating /home/travis/build/icyphy/ptII/ptolemy/actor/lib/test/auto/ConstantPublisherPort1.xml
7 ms. Memory: 734208K Free: 516216K (70%)
----------------- Invoking toplevel() on ptolemy.moml.MoMLSimpleApplication@9f139af
----------------- Done invoking toplevel() on ptolemy.moml.MoMLSimpleApplication@9f139af
reloadAllAccessors: .ConstantPublisherPort1
----------------- testing Wed May 09 23:59:05 UTC 2018 /home/travis/build/icyphy/ptII/ptolemy/actor/lib/test/auto/ConstantPublisherPort2.xml
----------------- Instantiating /home/travis/build/icyphy/ptII/ptolemy/actor/lib/test/auto/ConstantPublisherPort2.xml
5 ms. Memory: 734208K Free: 499376K (68%)
----------------- Invoking toplevel() on ptolemy.moml.MoMLSimpleApplication@7a609e7c
----------------- Done invoking toplevel() on ptolemy.moml.MoMLSimpleApplication@7a609e7c
reloadAllAccessors: .ConstantPublisherPort2
----------------- testing Wed May 09 23:59:05 UTC 2018 /home/travis/build/icyphy/ptII/ptolemy/actor/lib/test/auto/ConstantPublisherPort3.xml
----------------- Instantiating /home/travis/build/icyphy/ptII/ptolemy/actor/lib/test/auto/ConstantPublisherPort3.xml
6 ms. Memory: 734208K Free: 490044K (67%)
----------------- Invoking toplevel() on ptolemy.moml.MoMLSimpleApplication@57c1ea02
----------------- Done invoking toplevel() on ptolemy.moml.MoMLSimpleApplication@57c1ea02
reloadAllAccessors: .ConstantPublisherPort3
----------------- testing Wed May 09 23:59:05 UTC 2018 /home/travis/build/icyphy/ptII/ptolemy/actor/lib/test/auto/ConstantPublisherPort4.xml
----------------- Instantiating /home/travis/build/icyphy/ptII/ptolemy/actor/lib/test/auto/ConstantPublisherPort4.xml
4 ms. Memory: 734208K Free: 476690K (65%)
----------------- Invoking toplevel() on ptolemy.moml.MoMLSimpleApplication@7d9b4317
----------------- Done invoking toplevel() on ptolemy.moml.MoMLSimpleApplication@7d9b4317
reloadAllAccessors: .ConstantPublisherPort4
----------------- testing Wed May 09 23:59:05 UTC 2018 /home/travis/build/icyphy/ptII/ptolemy/actor/lib/test/auto/ConstantPublisherPort5.xml
----------------- Instantiating /home/travis/build/icyphy/ptII/ptolemy/actor/lib/test/auto/ConstantPublisherPort5.xml
18 ms. Memory: 734208K Free: 453639K (62%)
----------------- Invoking toplevel() on ptolemy.moml.MoMLSimpleApplication@4f2fa55d
----------------- Done invoking toplevel() on ptolemy.moml.MoMLSimpleApplication@4f2fa55d
reloadAllAccessors: .ConstantPublisherPort5
----------------- testing Wed May 09 23:59:05 UTC 2018 /home/travis/build/icyphy/ptII/ptolemy/actor/lib/test/auto/ConstantPublisherPort6.xml
----------------- Instantiating /home/travis/build/icyphy/ptII/ptolemy/actor/lib/test/auto/ConstantPublisherPort6.xml
19 ms. Memory: 734208K Free: 434991K (59%)
----------------- Invoking toplevel() on ptolemy.moml.MoMLSimpleApplication@4c5cfbfe
----------------- Done invoking toplevel() on ptolemy.moml.MoMLSimpleApplication@4c5cfbfe
reloadAllAccessors: .ConstantPublisherPort6
----------------- testing Wed May 09 23:59:05 UTC 2018 /home/travis/build/icyphy/ptII/ptolemy/actor/lib/test/auto/ConstantPublisherPort7.xml
----------------- Instantiating /home/travis/build/icyphy/ptII/ptolemy/actor/lib/test/auto/ConstantPublisherPort7.xml
24 ms. Memory: 734208K Free: 416343K (57%)
----------------- Invoking toplevel() on ptolemy.moml.MoMLSimpleApplication@616f115
----------------- Done invoking toplevel() on ptolemy.moml.MoMLSimpleApplication@616f115
reloadAllAccessors: .ConstantPublisherPort7
----------------- testing Wed May 09 23:59:05 UTC 2018 /home/travis/build/icyphy/ptII/ptolemy/actor/lib/test/auto/ConstraintMonitor1.xml
----------------- Instantiating /home/travis/build/icyphy/ptII/ptolemy/actor/lib/test/auto/ConstraintMonitor1.xml
9 ms. Memory: 734208K Free: 399503K (54%)
----------------- Invoking toplevel() on ptolemy.moml.MoMLSimpleApplication@1ccf67de
----------------- Done invoking toplevel() on ptolemy.moml.MoMLSimpleApplication@1ccf67de
reloadAllAccessors: .ConstraintMonitor1
----------------- testing Wed May 09 23:59:05 UTC 2018 /home/travis/build/icyphy/ptII/ptolemy/actor/lib/test/auto/ConstraintMonitor2.xml
----------------- Instantiating /home/travis/build/icyphy/ptII/ptolemy/actor/lib/test/auto/ConstraintMonitor2.xml
2 ms. Memory: 734208K Free: 393292K (54%)
----------------- Invoking toplevel() on ptolemy.moml.MoMLSimpleApplication@2678e44d
----------------- Done invoking toplevel() on ptolemy.moml.MoMLSimpleApplication@2678e44d
reloadAllAccessors: .ConstraintMonitor2
----------------- testing Wed May 09 23:59:05 UTC 2018 /home/travis/build/icyphy/ptII/ptolemy/actor/lib/test/auto/ConstraintMonitor3.xml
----------------- Instantiating /home/travis/build/icyphy/ptII/ptolemy/actor/lib/test/auto/ConstraintMonitor3.xml
2 ms. Memory: 734208K Free: 387082K (53%)
----------------- Invoking toplevel() on ptolemy.moml.MoMLSimpleApplication@1a4f3fb5
----------------- Done invoking toplevel() on ptolemy.moml.MoMLSimpleApplication@1a4f3fb5
reloadAllAccessors: .ConstraintMonitor3
----------------- testing Wed May 09 23:59:06 UTC 2018 /home/travis/build/icyphy/ptII/ptolemy/actor/lib/test/auto/ConstraintMonitor4.xml
----------------- Instantiating /home/travis/build/icyphy/ptII/ptolemy/actor/lib/test/auto/ConstraintMonitor4.xml
3 ms. Memory: 734208K Free: 377750K (51%)
----------------- Invoking toplevel() on ptolemy.moml.MoMLSimpleApplication@7fffe6b3
----------------- Done invoking toplevel() on ptolemy.moml.MoMLSimpleApplication@7fffe6b3
reloadAllAccessors: .ConstraintMonitor4
----------------- testing Wed May 09 23:59:06 UTC 2018 /home/travis/build/icyphy/ptII/ptolemy/actor/lib/test/auto/ConstraintMonitor5.xml
----------------- Instantiating /home/travis/build/icyphy/ptII/ptolemy/actor/lib/test/auto/ConstraintMonitor5.xml
2 ms. Memory: 734208K Free: 360909K (49%)
----------------- Invoking toplevel() on ptolemy.moml.MoMLSimpleApplication@51001935
----------------- Done invoking toplevel() on ptolemy.moml.MoMLSimpleApplication@51001935
reloadAllAccessors: .ConstraintMonitor5
----------------- testing Wed May 09 23:59:06 UTC 2018 /home/travis/build/icyphy/ptII/ptolemy/actor/lib/test/auto/ConstraintMonitor6.xml
----------------- Instantiating /home/travis/build/icyphy/ptII/ptolemy/actor/lib/test/auto/ConstraintMonitor6.xml
4 ms. Memory: 734208K Free: 351577K (48%)
----------------- Invoking toplevel() on ptolemy.moml.MoMLSimpleApplication@7ccf17bd
----------------- Done invoking toplevel() on ptolemy.moml.MoMLSimpleApplication@7ccf17bd
reloadAllAccessors: .ConstraintMonitor6
----------------- testing Wed May 09 23:59:06 UTC 2018 /home/travis/build/icyphy/ptII/ptolemy/actor/lib/test/auto/ConstraintMonitor7.xml
----------------- Instantiating /home/travis/build/icyphy/ptII/ptolemy/actor/lib/test/auto/ConstraintMonitor7.xml
4 ms. Memory: 734208K Free: 342245K (47%)
----------------- Invoking toplevel() on ptolemy.moml.MoMLSimpleApplication@6bca62bb
----------------- Done invoking toplevel() on ptolemy.moml.MoMLSimpleApplication@6bca62bb
reloadAllAccessors: .ConstraintMonitor7
----------------- testing Wed May 09 23:59:06 UTC 2018 /home/travis/build/icyphy/ptII/ptolemy/actor/lib/test/auto/ConstraintMonitor8.xml
----------------- Instantiating /home/travis/build/icyphy/ptII/ptolemy/actor/lib/test/auto/ConstraintMonitor8.xml
8 ms. Memory: 734208K Free: 325405K (44%)
----------------- Invoking toplevel() on ptolemy.moml.MoMLSimpleApplication@728246c5
----------------- Done invoking toplevel() on ptolemy.moml.MoMLSimpleApplication@728246c5
reloadAllAccessors: .ConstraintMonitor8
----------------- testing Wed May 09 23:59:06 UTC 2018 /home/travis/build/icyphy/ptII/ptolemy/actor/lib/test/auto/Counter.xml
----------------- Instantiating /home/travis/build/icyphy/ptII/ptolemy/actor/lib/test/auto/Counter.xml
3 ms. Memory: 734208K Free: 319194K (43%)
----------------- Invoking toplevel() on ptolemy.moml.MoMLSimpleApplication@2066c3c7
----------------- Done invoking toplevel() on ptolemy.moml.MoMLSimpleApplication@2066c3c7
reloadAllAccessors: .Counter
----------------- testing Wed May 09 23:59:06 UTC 2018 /home/travis/build/icyphy/ptII/ptolemy/actor/lib/test/auto/CurrentTimeSDF.xml
----------------- Instantiating /home/travis/build/icyphy/ptII/ptolemy/actor/lib/test/auto/CurrentTimeSDF.xml
2 ms. Memory: 734208K Free: 312984K (43%)
----------------- Invoking toplevel() on ptolemy.moml.MoMLSimpleApplication@2f52d4b1
----------------- Done invoking toplevel() on ptolemy.moml.MoMLSimpleApplication@2f52d4b1
reloadAllAccessors: .CurrentTimeSDF
----------------- testing Wed May 09 23:59:06 UTC 2018 /home/travis/build/icyphy/ptII/ptolemy/actor/lib/test/auto/DB.xml
----------------- Instantiating /home/travis/build/icyphy/ptII/ptolemy/actor/lib/test/auto/DB.xml
3 ms. Memory: 734208K Free: 299265K (41%)
----------------- Invoking toplevel() on ptolemy.moml.MoMLSimpleApplication@4bf499b1
----------------- Done invoking toplevel() on ptolemy.moml.MoMLSimpleApplication@4bf499b1
reloadAllAccessors: .DB
----------------- testing Wed May 09 23:59:06 UTC 2018 /home/travis/build/icyphy/ptII/ptolemy/actor/lib/test/auto/DBDE.xml
----------------- Instantiating /home/travis/build/icyphy/ptII/ptolemy/actor/lib/test/auto/DBDE.xml
3 ms. Memory: 734208K Free: 289933K (39%)
----------------- Invoking toplevel() on ptolemy.moml.MoMLSimpleApplication@4bd47279
----------------- Done invoking toplevel() on ptolemy.moml.MoMLSimpleApplication@4bd47279
reloadAllAccessors: .DBDE
----------------- testing Wed May 09 23:59:06 UTC 2018 /home/travis/build/icyphy/ptII/ptolemy/actor/lib/test/auto/DateConstructor.xml
----------------- Instantiating /home/travis/build/icyphy/ptII/ptolemy/actor/lib/test/auto/DateConstructor.xml
19 ms. Memory: 734208K Free: 271261K (37%)
----------------- Invoking toplevel() on ptolemy.moml.MoMLSimpleApplication@6b2d9e84
----------------- Done invoking toplevel() on ptolemy.moml.MoMLSimpleApplication@6b2d9e84
reloadAllAccessors: .DateConstructor
----------------- testing Wed May 09 23:59:06 UTC 2018 /home/travis/build/icyphy/ptII/ptolemy/actor/lib/test/auto/DelayTime.xml
----------------- Instantiating /home/travis/build/icyphy/ptII/ptolemy/actor/lib/test/auto/DelayTime.xml
4 ms. Memory: 734208K Free: 254420K (35%)
----------------- Invoking toplevel() on ptolemy.moml.MoMLSimpleApplication@3e868d1
----------------- Done invoking toplevel() on ptolemy.moml.MoMLSimpleApplication@3e868d1
reloadAllAccessors: .DelayTime
----------------- testing Wed May 09 23:59:06 UTC 2018 /home/travis/build/icyphy/ptII/ptolemy/actor/lib/test/auto/Dictionary1.xml
----------------- Instantiating /home/travis/build/icyphy/ptII/ptolemy/actor/lib/test/auto/Dictionary1.xml
2 ms. Memory: 734208K Free: 245104K (33%)
----------------- Invoking toplevel() on ptolemy.moml.MoMLSimpleApplication@3938a4b3
----------------- Done invoking toplevel() on ptolemy.moml.MoMLSimpleApplication@3938a4b3
reloadAllAccessors: .Dictionary1
----------------- testing Wed May 09 23:59:06 UTC 2018 /home/travis/build/icyphy/ptII/ptolemy/actor/lib/test/auto/Dictionary2.xml
----------------- Instantiating /home/travis/build/icyphy/ptII/ptolemy/actor/lib/test/auto/Dictionary2.xml
2 ms. Memory: 734208K Free: 235772K (32%)
----------------- Invoking toplevel() on ptolemy.moml.MoMLSimpleApplication@218de11a
----------------- Done invoking toplevel() on ptolemy.moml.MoMLSimpleApplication@218de11a
reloadAllAccessors: .Dictionary2
----------------- testing Wed May 09 23:59:06 UTC 2018 /home/travis/build/icyphy/ptII/ptolemy/actor/lib/test/auto/Dictionary3.xml
----------------- Instantiating /home/travis/build/icyphy/ptII/ptolemy/actor/lib/test/auto/Dictionary3.xml
2 ms. Memory: 734208K Free: 226440K (31%)
----------------- Invoking toplevel() on ptolemy.moml.MoMLSimpleApplication@28e6f6ec
----------------- Done invoking toplevel() on ptolemy.moml.MoMLSimpleApplication@28e6f6ec
reloadAllAccessors: .Dictionary3
----------------- testing Wed May 09 23:59:06 UTC 2018 /home/travis/build/icyphy/ptII/ptolemy/actor/lib/test/auto/Dictionary4.xml
----------------- Instantiating /home/travis/build/icyphy/ptII/ptolemy/actor/lib/test/auto/Dictionary4.xml
4 ms. Memory: 734208K Free: 209600K (29%)
----------------- Invoking toplevel() on ptolemy.moml.MoMLSimpleApplication@6a954072
----------------- Done invoking toplevel() on ptolemy.moml.MoMLSimpleApplication@6a954072
reloadAllAccessors: .Dictionary4
----------------- testing Wed May 09 23:59:06 UTC 2018 /home/travis/build/icyphy/ptII/ptolemy/actor/lib/test/auto/Differential.xml
----------------- Instantiating /home/travis/build/icyphy/ptII/ptolemy/actor/lib/test/auto/Differential.xml
2 ms. Memory: 734208K Free: 203389K (28%)
----------------- Invoking toplevel() on ptolemy.moml.MoMLSimpleApplication@11bac86f
----------------- Done invoking toplevel() on ptolemy.moml.MoMLSimpleApplication@11bac86f
reloadAllAccessors: .Differential
----------------- testing Wed May 09 23:59:06 UTC 2018 /home/travis/build/icyphy/ptII/ptolemy/actor/lib/test/auto/Director.xml
----------------- Instantiating /home/travis/build/icyphy/ptII/ptolemy/actor/lib/test/auto/Director.xml
2 ms. Memory: 734208K Free: 197179K (27%)
----------------- Invoking toplevel() on ptolemy.moml.MoMLSimpleApplication@5ed37867
----------------- Done invoking toplevel() on ptolemy.moml.MoMLSimpleApplication@5ed37867
reloadAllAccessors: .Director
----------------- testing Wed May 09 23:59:06 UTC 2018 /home/travis/build/icyphy/ptII/ptolemy/actor/lib/test/auto/DiscreteClock.xml
----------------- Instantiating /home/travis/build/icyphy/ptII/ptolemy/actor/lib/test/auto/DiscreteClock.xml
2 ms. Memory: 734208K Free: 183460K (25%)
----------------- Invoking toplevel() on ptolemy.moml.MoMLSimpleApplication@4423a739
----------------- Done invoking toplevel() on ptolemy.moml.MoMLSimpleApplication@4423a739
reloadAllAccessors: .DiscreteClock
----------------- testing Wed May 09 23:59:06 UTC 2018 /home/travis/build/icyphy/ptII/ptolemy/actor/lib/test/auto/DiscreteClock10.xml
----------------- Instantiating /home/travis/build/icyphy/ptII/ptolemy/actor/lib/test/auto/DiscreteClock10.xml
4 ms. Memory: 734208K Free: 174136K (24%)
----------------- Invoking toplevel() on ptolemy.moml.MoMLSimpleApplication@369b8d7a
----------------- Done invoking toplevel() on ptolemy.moml.MoMLSimpleApplication@369b8d7a
reloadAllAccessors: .DiscreteClock10
----------------- testing Wed May 09 23:59:06 UTC 2018 /home/travis/build/icyphy/ptII/ptolemy/actor/lib/test/auto/DiscreteClock11.xml
----------------- Instantiating /home/travis/build/icyphy/ptII/ptolemy/actor/lib/test/auto/DiscreteClock11.xml
3 ms. Memory: 734208K Free: 164804K (22%)
----------------- Invoking toplevel() on ptolemy.moml.MoMLSimpleApplication@66efc5c8
----------------- Done invoking toplevel() on ptolemy.moml.MoMLSimpleApplication@66efc5c8
reloadAllAccessors: .DiscreteClock11
----------------- testing Wed May 09 23:59:06 UTC 2018 /home/travis/build/icyphy/ptII/ptolemy/actor/lib/test/auto/DiscreteClock12.xml
----------------- Instantiating /home/travis/build/icyphy/ptII/ptolemy/actor/lib/test/auto/DiscreteClock12.xml
3 ms. Memory: 734208K Free: 147963K (20%)
----------------- Invoking toplevel() on ptolemy.moml.MoMLSimpleApplication@3b138ae3
----------------- Done invoking toplevel() on ptolemy.moml.MoMLSimpleApplication@3b138ae3
reloadAllAccessors: .DiscreteClock12
----------------- testing Wed May 09 23:59:06 UTC 2018 /home/travis/build/icyphy/ptII/ptolemy/actor/lib/test/auto/DiscreteClock13.xml
----------------- Instantiating /home/travis/build/icyphy/ptII/ptolemy/actor/lib/test/auto/DiscreteClock13.xml
4 ms. Memory: 734208K Free: 138646K (19%)
----------------- Invoking toplevel() on ptolemy.moml.MoMLSimpleApplication@47a2d7ba
----------------- Done invoking toplevel() on ptolemy.moml.MoMLSimpleApplication@47a2d7ba
reloadAllAccessors: .DiscreteClock13
----------------- testing Wed May 09 23:59:06 UTC 2018 /home/travis/build/icyphy/ptII/ptolemy/actor/lib/test/auto/DiscreteClock14.xml
----------------- Instantiating /home/travis/build/icyphy/ptII/ptolemy/actor/lib/test/auto/DiscreteClock14.xml
7 ms. Memory: 734208K Free: 129314K (18%)
----------------- Invoking toplevel() on ptolemy.moml.MoMLSimpleApplication@6911f484
----------------- Done invoking toplevel() on ptolemy.moml.MoMLSimpleApplication@6911f484
reloadAllAccessors: .DiscreteClock14
----------------- testing Wed May 09 23:59:06 UTC 2018 /home/travis/build/icyphy/ptII/ptolemy/actor/lib/test/auto/DiscreteClock15.xml
----------------- Instantiating /home/travis/build/icyphy/ptII/ptolemy/actor/lib/test/auto/DiscreteClock15.xml
4 ms. Memory: 734208K Free: 112474K (15%)
----------------- Invoking toplevel() on ptolemy.moml.MoMLSimpleApplication@24a8727f
----------------- Done invoking toplevel() on ptolemy.moml.MoMLSimpleApplication@24a8727f
reloadAllAccessors: .DiscreteClock15
----------------- testing Wed May 09 23:59:06 UTC 2018 /home/travis/build/icyphy/ptII/ptolemy/actor/lib/test/auto/DiscreteClock16.xml
----------------- Instantiating /home/travis/build/icyphy/ptII/ptolemy/actor/lib/test/auto/DiscreteClock16.xml
22 ms. Memory: 734208K Free: 96939K (13%)
----------------- Invoking toplevel() on ptolemy.moml.MoMLSimpleApplication@300a1123
----------------- Done invoking toplevel() on ptolemy.moml.MoMLSimpleApplication@300a1123
reloadAllAccessors: .DiscreteClock16
----------------- testing Wed May 09 23:59:06 UTC 2018 /home/travis/build/icyphy/ptII/ptolemy/actor/lib/test/auto/DiscreteClock17.xml
----------------- Instantiating /home/travis/build/icyphy/ptII/ptolemy/actor/lib/test/auto/DiscreteClock17.xml
24 ms. Memory: 734208K Free: 78276K (11%)
----------------- Invoking toplevel() on ptolemy.moml.MoMLSimpleApplication@44683d57
----------------- Done invoking toplevel() on ptolemy.moml.MoMLSimpleApplication@44683d57
reloadAllAccessors: .DiscreteClock17
----------------- testing Wed May 09 23:59:06 UTC 2018 /home/travis/build/icyphy/ptII/ptolemy/actor/lib/test/auto/DiscreteClock18.xml
----------------- Instantiating /home/travis/build/icyphy/ptII/ptolemy/actor/lib/test/auto/DiscreteClock18.xml
16 ms. Memory: 838144K Free: 788861K (94%)
----------------- Invoking toplevel() on ptolemy.moml.MoMLSimpleApplication@6cde1547
----------------- Done invoking toplevel() on ptolemy.moml.MoMLSimpleApplication@6cde1547
reloadAllAccessors: .DiscreteClock18
----------------- testing Wed May 09 23:59:07 UTC 2018 /home/travis/build/icyphy/ptII/ptolemy/actor/lib/test/auto/DiscreteClock19.xml
----------------- Instantiating /home/travis/build/icyphy/ptII/ptolemy/actor/lib/test/auto/DiscreteClock19.xml
24 ms. Memory: 838144K Free: 765376K (91%)
----------------- Invoking toplevel() on ptolemy.moml.MoMLSimpleApplication@1b0a682d
----------------- Done invoking toplevel() on ptolemy.moml.MoMLSimpleApplication@1b0a682d
reloadAllAccessors: .DiscreteClock19
----------------- testing Wed May 09 23:59:07 UTC 2018 /home/travis/build/icyphy/ptII/ptolemy/actor/lib/test/auto/DiscreteClock2.xml
----------------- Instantiating /home/travis/build/icyphy/ptII/ptolemy/actor/lib/test/auto/DiscreteClock2.xml
3 ms. Memory: 838144K Free: 757972K (90%)
----------------- Invoking toplevel() on ptolemy.moml.MoMLSimpleApplication@414101b8
----------------- Done invoking toplevel() on ptolemy.moml.MoMLSimpleApplication@414101b8
reloadAllAccessors: .DiscreteClock2
----------------- testing Wed May 09 23:59:07 UTC 2018 /home/travis/build/icyphy/ptII/ptolemy/actor/lib/test/auto/DiscreteClock20.xml
----------------- Instantiating /home/travis/build/icyphy/ptII/ptolemy/actor/lib/test/auto/DiscreteClock20.xml
14 ms. Memory: 838144K Free: 743789K (89%)
----------------- Invoking toplevel() on ptolemy.moml.MoMLSimpleApplication@36425656
----------------- Done invoking toplevel() on ptolemy.moml.MoMLSimpleApplication@36425656
reloadAllAccessors: .DiscreteClock20
----------------- testing Wed May 09 23:59:07 UTC 2018 /home/travis/build/icyphy/ptII/ptolemy/actor/lib/test/auto/DiscreteClock21.xml
----------------- Instantiating /home/travis/build/icyphy/ptII/ptolemy/actor/lib/test/auto/DiscreteClock21.xml
9 ms. Memory: 838144K Free: 736385K (88%)
----------------- Invoking toplevel() on ptolemy.moml.MoMLSimpleApplication@6474d7ef
----------------- Done invoking toplevel() on ptolemy.moml.MoMLSimpleApplication@6474d7ef
reloadAllAccessors: .DiscreteClock21
----------------- testing Wed May 09 23:59:07 UTC 2018 /home/travis/build/icyphy/ptII/ptolemy/actor/lib/test/auto/DiscreteClock22.xml
----------------- Instantiating /home/travis/build/icyphy/ptII/ptolemy/actor/lib/test/auto/DiscreteClock22.xml
7 ms. Memory: 838144K Free: 728981K (87%)
----------------- Invoking toplevel() on ptolemy.moml.MoMLSimpleApplication@70ef62ce
----------------- Done invoking toplevel() on ptolemy.moml.MoMLSimpleApplication@70ef62ce
reloadAllAccessors: .DiscreteClock22
----------------- testing Wed May 09 23:59:07 UTC 2018 /home/travis/build/icyphy/ptII/ptolemy/actor/lib/test/auto/DiscreteClock23.xml
----------------- Instantiating /home/travis/build/icyphy/ptII/ptolemy/actor/lib/test/auto/DiscreteClock23.xml
13 ms. Memory: 838144K Free: 714798K (85%)
----------------- Invoking toplevel() on ptolemy.moml.MoMLSimpleApplication@5ee71e91
----------------- Done invoking toplevel() on ptolemy.moml.MoMLSimpleApplication@5ee71e91
reloadAllAccessors: .DiscreteClock23
----------------- testing Wed May 09 23:59:07 UTC 2018 /home/travis/build/icyphy/ptII/ptolemy/actor/lib/test/auto/DiscreteClock24.xml
----------------- Instantiating /home/travis/build/icyphy/ptII/ptolemy/actor/lib/test/auto/DiscreteClock24.xml
7 ms. Memory: 838144K Free: 707394K (84%)
----------------- Invoking toplevel() on ptolemy.moml.MoMLSimpleApplication@7fe4f616
----------------- Done invoking toplevel() on ptolemy.moml.MoMLSimpleApplication@7fe4f616
reloadAllAccessors: .DiscreteClock24
----------------- testing Wed May 09 23:59:07 UTC 2018 /home/travis/build/icyphy/ptII/ptolemy/actor/lib/test/auto/DiscreteClock4.xml
----------------- Instantiating /home/travis/build/icyphy/ptII/ptolemy/actor/lib/test/auto/DiscreteClock4.xml
5 ms. Memory: 838144K Free: 699990K (84%)
----------------- Invoking toplevel() on ptolemy.moml.MoMLSimpleApplication@3fc97982
----------------- Done invoking toplevel() on ptolemy.moml.MoMLSimpleApplication@3fc97982
reloadAllAccessors: .DiscreteClock4
----------------- testing Wed May 09 23:59:07 UTC 2018 /home/travis/build/icyphy/ptII/ptolemy/actor/lib/test/auto/DiscreteClock5.xml
----------------- Instantiating /home/travis/build/icyphy/ptII/ptolemy/actor/lib/test/auto/DiscreteClock5.xml
2 ms. Memory: 838144K Free: 685806K (82%)
----------------- Invoking toplevel() on ptolemy.moml.MoMLSimpleApplication@629f4b63
----------------- Done invoking toplevel() on ptolemy.moml.MoMLSimpleApplication@629f4b63
reloadAllAccessors: .DiscreteClock5
----------------- testing Wed May 09 23:59:07 UTC 2018 /home/travis/build/icyphy/ptII/ptolemy/actor/lib/test/auto/DiscreteClock6.xml
----------------- Instantiating /home/travis/build/icyphy/ptII/ptolemy/actor/lib/test/auto/DiscreteClock6.xml
2 ms. Memory: 838144K Free: 678403K (81%)
----------------- Invoking toplevel() on ptolemy.moml.MoMLSimpleApplication@41becae1
----------------- Done invoking toplevel() on ptolemy.moml.MoMLSimpleApplication@41becae1
reloadAllAccessors: .DiscreteClock6
----------------- testing Wed May 09 23:59:07 UTC 2018 /home/travis/build/icyphy/ptII/ptolemy/actor/lib/test/auto/DiscreteClock7.xml
----------------- Instantiating /home/travis/build/icyphy/ptII/ptolemy/actor/lib/test/auto/DiscreteClock7.xml
2 ms. Memory: 838144K Free: 670999K (80%)
----------------- Invoking toplevel() on ptolemy.moml.MoMLSimpleApplication@463a9107
----------------- Done invoking toplevel() on ptolemy.moml.MoMLSimpleApplication@463a9107
reloadAllAccessors: .DiscreteClock7
----------------- testing Wed May 09 23:59:07 UTC 2018 /home/travis/build/icyphy/ptII/ptolemy/actor/lib/test/auto/DiscreteClock8.xml
----------------- Instantiating /home/travis/build/icyphy/ptII/ptolemy/actor/lib/test/auto/DiscreteClock8.xml
7 ms. Memory: 838144K Free: 656815K (78%)
----------------- Invoking toplevel() on ptolemy.moml.MoMLSimpleApplication@5911a0
----------------- Done invoking toplevel() on ptolemy.moml.MoMLSimpleApplication@5911a0
reloadAllAccessors: .DiscreteClock8
----------------- testing Wed May 09 23:59:07 UTC 2018 /home/travis/build/icyphy/ptII/ptolemy/actor/lib/test/auto/DiscreteClock9.xml
----------------- Instantiating /home/travis/build/icyphy/ptII/ptolemy/actor/lib/test/auto/DiscreteClock9.xml
7 ms. Memory: 838144K Free: 649411K (77%)
----------------- Invoking toplevel() on ptolemy.moml.MoMLSimpleApplication@661e307a
----------------- Done invoking toplevel() on ptolemy.moml.MoMLSimpleApplication@661e307a
reloadAllAccessors: .DiscreteClock9
----------------- testing Wed May 09 23:59:07 UTC 2018 /home/travis/build/icyphy/ptII/ptolemy/actor/lib/test/auto/DisplayArray.xml
----------------- Instantiating /home/travis/build/icyphy/ptII/ptolemy/actor/lib/test/auto/DisplayArray.xml
2 ms. Memory: 838144K Free: 642008K (77%)
----------------- Invoking toplevel() on ptolemy.moml.MoMLSimpleApplication@4ba9ed4b
----------------- Done invoking toplevel() on ptolemy.moml.MoMLSimpleApplication@4ba9ed4b
reloadAllAccessors: .DisplayArray
----------------- testing Wed May 09 23:59:07 UTC 2018 /home/travis/build/icyphy/ptII/ptolemy/actor/lib/test/auto/Distributor.xml
----------------- Instantiating /home/travis/build/icyphy/ptII/ptolemy/actor/lib/test/auto/Distributor.xml
2 ms. Memory: 838144K Free: 627824K (75%)
----------------- Invoking toplevel() on ptolemy.moml.MoMLSimpleApplication@3281caf0
----------------- Done invoking toplevel() on ptolemy.moml.MoMLSimpleApplication@3281caf0
reloadAllAccessors: .Distributor
----------------- testing Wed May 09 23:59:07 UTC 2018 /home/travis/build/icyphy/ptII/ptolemy/actor/lib/test/auto/Distributor2.xml
----------------- Instantiating /home/travis/build/icyphy/ptII/ptolemy/actor/lib/test/auto/Distributor2.xml
3 ms. Memory: 838144K Free: 620420K (74%)
----------------- Invoking toplevel() on ptolemy.moml.MoMLSimpleApplication@57df01d2
----------------- Done invoking toplevel() on ptolemy.moml.MoMLSimpleApplication@57df01d2
reloadAllAccessors: .Distributor2
----------------- testing Wed May 09 23:59:07 UTC 2018 /home/travis/build/icyphy/ptII/ptolemy/actor/lib/test/auto/DownSample.xml
----------------- Instantiating /home/travis/build/icyphy/ptII/ptolemy/actor/lib/test/auto/DownSample.xml
2 ms. Memory: 838144K Free: 613017K (73%)
----------------- Invoking toplevel() on ptolemy.moml.MoMLSimpleApplication@74b467c6
----------------- Done invoking toplevel() on ptolemy.moml.MoMLSimpleApplication@74b467c6
reloadAllAccessors: .DownSample
----------------- testing Wed May 09 23:59:07 UTC 2018 /home/travis/build/icyphy/ptII/ptolemy/actor/lib/test/auto/ElectronicUnitBase1.xml
----------------- Instantiating /home/travis/build/icyphy/ptII/ptolemy/actor/lib/test/auto/ElectronicUnitBase1.xml
29 ms. Memory: 838144K Free: 587711K (70%)
----------------- Invoking toplevel() on ptolemy.moml.MoMLSimpleApplication@4c7bc2b8
----------------- Done invoking toplevel() on ptolemy.moml.MoMLSimpleApplication@4c7bc2b8
reloadAllAccessors: .ElectronicUnitBase1
----------------- testing Wed May 09 23:59:07 UTC 2018 /home/travis/build/icyphy/ptII/ptolemy/actor/lib/test/auto/ElementsToArray.xml
----------------- Instantiating /home/travis/build/icyphy/ptII/ptolemy/actor/lib/test/auto/ElementsToArray.xml
4 ms. Memory: 838144K Free: 580308K (69%)
----------------- Invoking toplevel() on ptolemy.moml.MoMLSimpleApplication@6f8caf7d
----------------- Done invoking toplevel() on ptolemy.moml.MoMLSimpleApplication@6f8caf7d
reloadAllAccessors: .ElementsToArray
----------------- testing Wed May 09 23:59:07 UTC 2018 /home/travis/build/icyphy/ptII/ptolemy/actor/lib/test/auto/Equals.xml
----------------- Instantiating /home/travis/build/icyphy/ptII/ptolemy/actor/lib/test/auto/Equals.xml
4 ms. Memory: 838144K Free: 572904K (68%)
----------------- Invoking toplevel() on ptolemy.moml.MoMLSimpleApplication@5aeab459
----------------- Done invoking toplevel() on ptolemy.moml.MoMLSimpleApplication@5aeab459
reloadAllAccessors: .Equals
----------------- testing Wed May 09 23:59:07 UTC 2018 /home/travis/build/icyphy/ptII/ptolemy/actor/lib/test/auto/Exec.xml
----------------- Instantiating /home/travis/build/icyphy/ptII/ptolemy/actor/lib/test/auto/Exec.xml
12 ms. Memory: 838144K Free: 550206K (66%)
----------------- Invoking toplevel() on ptolemy.moml.MoMLSimpleApplication@7f55c627
----------------- Done invoking toplevel() on ptolemy.moml.MoMLSimpleApplication@7f55c627
reloadAllAccessors: .Exec
----------------- testing Wed May 09 23:59:07 UTC 2018 /home/travis/build/icyphy/ptII/ptolemy/actor/lib/test/auto/ExecEnvironment.xml
----------------- Instantiating /home/travis/build/icyphy/ptII/ptolemy/actor/lib/test/auto/ExecEnvironment.xml
25 ms. Memory: 838144K Free: 524293K (63%)
----------------- Invoking toplevel() on ptolemy.moml.MoMLSimpleApplication@2df589ef
----------------- Done invoking toplevel() on ptolemy.moml.MoMLSimpleApplication@2df589ef
reloadAllAccessors: .ExecEnvironment
----------------- testing Wed May 09 23:59:07 UTC 2018 /home/travis/build/icyphy/ptII/ptolemy/actor/lib/test/auto/ExecNonZeroReturnOutput.xml
----------------- Instantiating /home/travis/build/icyphy/ptII/ptolemy/actor/lib/test/auto/ExecNonZeroReturnOutput.xml
169 ms. Memory: 838144K Free: 465064K (55%)
----------------- Invoking toplevel() on ptolemy.moml.MoMLSimpleApplication@4ef09ab4
----------------- Done invoking toplevel() on ptolemy.moml.MoMLSimpleApplication@4ef09ab4
reloadAllAccessors: .ExecNonZeroReturnOutput
----------------- testing Wed May 09 23:59:08 UTC 2018 /home/travis/build/icyphy/ptII/ptolemy/actor/lib/test/auto/ExecRunDemos.xml
----------------- Instantiating /home/travis/build/icyphy/ptII/ptolemy/actor/lib/test/auto/ExecRunDemos.xml
Finished: 59 ms. Memory: 116224K Free: 100789K (87%)

Finished: 46 ms. Memory: 116224K Free: 98294K (85%)

Finished: 96 ms. Memory: 116224K Free: 98341K (85%)

Finished: 50 ms. Memory: 116224K Free: 99536K (86%)

Finished: 53 ms. Memory: 116224K Free: 100823K (87%)

10036 ms. Memory: 838144K Free: 399045K (48%)
----------------- Invoking toplevel() on ptolemy.moml.MoMLSimpleApplication@3640b767
----------------- Done invoking toplevel() on ptolemy.moml.MoMLSimpleApplication@3640b767
reloadAllAccessors: .ExecRunDemos
----------------- testing Wed May 09 23:59:18 UTC 2018 /home/travis/build/icyphy/ptII/ptolemy/actor/lib/test/auto/ExecStop.xml
----------------- Instantiating /home/travis/build/icyphy/ptII/ptolemy/actor/lib/test/auto/ExecStop.xml
5007 ms. Memory: 838144K Free: 287990K (34%)
----------------- Invoking toplevel() on ptolemy.moml.MoMLSimpleApplication@28ab3fbb
----------------- Done invoking toplevel() on ptolemy.moml.MoMLSimpleApplication@28ab3fbb
reloadAllAccessors: .ExecStop
----------------- testing Wed May 09 23:59:23 UTC 2018 /home/travis/build/icyphy/ptII/ptolemy/actor/lib/test/auto/ExecutionTimePN.xml
----------------- Instantiating /home/travis/build/icyphy/ptII/ptolemy/actor/lib/test/auto/ExecutionTimePN.xml
2007 ms. Memory: 838144K Free: 240474K (29%)
----------------- Invoking toplevel() on ptolemy.moml.MoMLSimpleApplication@2729701a
----------------- Done invoking toplevel() on ptolemy.moml.MoMLSimpleApplication@2729701a
reloadAllAccessors: .ExecutionTimePN
----------------- testing Wed May 09 23:59:25 UTC 2018 /home/travis/build/icyphy/ptII/ptolemy/actor/lib/test/auto/ExecutionTimeSDF.xml
----------------- Instantiating /home/travis/build/icyphy/ptII/ptolemy/actor/lib/test/auto/ExecutionTimeSDF.xml
6014 ms. Memory: 838144K Free: 225667K (27%)
----------------- Invoking toplevel() on ptolemy.moml.MoMLSimpleApplication@799759f2
----------------- Done invoking toplevel() on ptolemy.moml.MoMLSimpleApplication@799759f2
reloadAllAccessors: .ExecutionTimeSDF
----------------- testing Wed May 09 23:59:31 UTC 2018 /home/travis/build/icyphy/ptII/ptolemy/actor/lib/test/auto/Expression1.xml
----------------- Instantiating /home/travis/build/icyphy/ptII/ptolemy/actor/lib/test/auto/Expression1.xml
2 ms. Memory: 838144K Free: 218263K (26%)
----------------- Invoking toplevel() on ptolemy.moml.MoMLSimpleApplication@f2278f0
----------------- Done invoking toplevel() on ptolemy.moml.MoMLSimpleApplication@f2278f0
reloadAllAccessors: .Expression1
----------------- testing Wed May 09 23:59:31 UTC 2018 /home/travis/build/icyphy/ptII/ptolemy/actor/lib/test/auto/Expression10.xml
----------------- Instantiating /home/travis/build/icyphy/ptII/ptolemy/actor/lib/test/auto/Expression10.xml
8 ms. Memory: 838144K Free: 210860K (25%)
----------------- Invoking toplevel() on ptolemy.moml.MoMLSimpleApplication@763781d9
----------------- Done invoking toplevel() on ptolemy.moml.MoMLSimpleApplication@763781d9
reloadAllAccessors: .Expression10
----------------- testing Wed May 09 23:59:31 UTC 2018 /home/travis/build/icyphy/ptII/ptolemy/actor/lib/test/auto/Expression11.xml
----------------- Instantiating /home/travis/build/icyphy/ptII/ptolemy/actor/lib/test/auto/Expression11.xml
3 ms. Memory: 838144K Free: 196675K (23%)
----------------- Invoking toplevel() on ptolemy.moml.MoMLSimpleApplication@2a972c32
----------------- Done invoking toplevel() on ptolemy.moml.MoMLSimpleApplication@2a972c32
reloadAllAccessors: .Expression11
----------------- testing Wed May 09 23:59:31 UTC 2018 /home/travis/build/icyphy/ptII/ptolemy/actor/lib/test/auto/Expression12.xml
----------------- Instantiating /home/travis/build/icyphy/ptII/ptolemy/actor/lib/test/auto/Expression12.xml
4 ms. Memory: 838144K Free: 189272K (23%)
----------------- Invoking toplevel() on ptolemy.moml.MoMLSimpleApplication@20e1ed52
----------------- Done invoking toplevel() on ptolemy.moml.MoMLSimpleApplication@20e1ed52
reloadAllAccessors: .Expression12
----------------- testing Wed May 09 23:59:31 UTC 2018 /home/travis/build/icyphy/ptII/ptolemy/actor/lib/test/auto/Expression13.xml
----------------- Instantiating /home/travis/build/icyphy/ptII/ptolemy/actor/lib/test/auto/Expression13.xml
8 ms. Memory: 838144K Free: 181868K (22%)
----------------- Invoking toplevel() on ptolemy.moml.MoMLSimpleApplication@60352f37
----------------- Done invoking toplevel() on ptolemy.moml.MoMLSimpleApplication@60352f37
reloadAllAccessors: .Expression13
----------------- testing Wed May 09 23:59:31 UTC 2018 /home/travis/build/icyphy/ptII/ptolemy/actor/lib/test/auto/Expression14.xml
----------------- Instantiating /home/travis/build/icyphy/ptII/ptolemy/actor/lib/test/auto/Expression14.xml
9 ms. Memory: 838144K Free: 163967K (20%)
----------------- Invoking toplevel() on ptolemy.moml.MoMLSimpleApplication@13c8ebc1
----------------- Done invoking toplevel() on ptolemy.moml.MoMLSimpleApplication@13c8ebc1
reloadAllAccessors: .Expression14
----------------- testing Wed May 09 23:59:31 UTC 2018 /home/travis/build/icyphy/ptII/ptolemy/actor/lib/test/auto/Expression15.xml
----------------- Instantiating /home/travis/build/icyphy/ptII/ptolemy/actor/lib/test/auto/Expression15.xml
2 ms. Memory: 838144K Free: 156563K (19%)
----------------- Invoking toplevel() on ptolemy.moml.MoMLSimpleApplication@646d45
----------------- Done invoking toplevel() on ptolemy.moml.MoMLSimpleApplication@646d45
reloadAllAccessors: .Expression15
----------------- testing Wed May 09 23:59:31 UTC 2018 /home/travis/build/icyphy/ptII/ptolemy/actor/lib/test/auto/Expression16.xml
----------------- Instantiating /home/travis/build/icyphy/ptII/ptolemy/actor/lib/test/auto/Expression16.xml
4 ms. Memory: 838144K Free: 149159K (18%)
----------------- Invoking toplevel() on ptolemy.moml.MoMLSimpleApplication@788e05d5
----------------- Done invoking toplevel() on ptolemy.moml.MoMLSimpleApplication@788e05d5
reloadAllAccessors: .Expression16
----------------- testing Wed May 09 23:59:31 UTC 2018 /home/travis/build/icyphy/ptII/ptolemy/actor/lib/test/auto/Expression17.xml
----------------- Instantiating /home/travis/build/icyphy/ptII/ptolemy/actor/lib/test/auto/Expression17.xml
4 ms. Memory: 838144K Free: 134975K (16%)
----------------- Invoking toplevel() on ptolemy.moml.MoMLSimpleApplication@1184556
----------------- Done invoking toplevel() on ptolemy.moml.MoMLSimpleApplication@1184556
reloadAllAccessors: .Expression17
----------------- testing Wed May 09 23:59:31 UTC 2018 /home/travis/build/icyphy/ptII/ptolemy/actor/lib/test/auto/Expression18.xml
----------------- Instantiating /home/travis/build/icyphy/ptII/ptolemy/actor/lib/test/auto/Expression18.xml
4 ms. Memory: 838144K Free: 127572K (15%)
----------------- Invoking toplevel() on ptolemy.moml.MoMLSimpleApplication@7beb5de8
----------------- Done invoking toplevel() on ptolemy.moml.MoMLSimpleApplication@7beb5de8
reloadAllAccessors: .Expression18
----------------- testing Wed May 09 23:59:31 UTC 2018 /home/travis/build/icyphy/ptII/ptolemy/actor/lib/test/auto/Expression2.xml
----------------- Instantiating /home/travis/build/icyphy/ptII/ptolemy/actor/lib/test/auto/Expression2.xml
6 ms. Memory: 838144K Free: 120168K (14%)
----------------- Invoking toplevel() on ptolemy.moml.MoMLSimpleApplication@5ed41db
----------------- Done invoking toplevel() on ptolemy.moml.MoMLSimpleApplication@5ed41db
reloadAllAccessors: .Expression2
----------------- testing Wed May 09 23:59:31 UTC 2018 /home/travis/build/icyphy/ptII/ptolemy/actor/lib/test/auto/Expression3.xml
----------------- Instantiating /home/travis/build/icyphy/ptII/ptolemy/actor/lib/test/auto/Expression3.xml
18 ms. Memory: 838144K Free: 105984K (13%)
----------------- Invoking toplevel() on ptolemy.moml.MoMLSimpleApplication@651709ed
----------------- Done invoking toplevel() on ptolemy.moml.MoMLSimpleApplication@651709ed
reloadAllAccessors: .Expression3
----------------- testing Wed May 09 23:59:31 UTC 2018 /home/travis/build/icyphy/ptII/ptolemy/actor/lib/test/auto/Expression4.xml
----------------- Instantiating /home/travis/build/icyphy/ptII/ptolemy/actor/lib/test/auto/Expression4.xml
9 ms. Memory: 838144K Free: 94871K (11%)
----------------- Invoking toplevel() on ptolemy.moml.MoMLSimpleApplication@66a69c77
----------------- Done invoking toplevel() on ptolemy.moml.MoMLSimpleApplication@66a69c77
reloadAllAccessors: .Expression4
----------------- testing Wed May 09 23:59:31 UTC 2018 /home/travis/build/icyphy/ptII/ptolemy/actor/lib/test/auto/Expression5.xml
----------------- Instantiating /home/travis/build/icyphy/ptII/ptolemy/actor/lib/test/auto/Expression5.xml
7 ms. Memory: 838144K Free: 87467K (10%)
----------------- Invoking toplevel() on ptolemy.moml.MoMLSimpleApplication@460c423f
----------------- Done invoking toplevel() on ptolemy.moml.MoMLSimpleApplication@460c423f
reloadAllAccessors: .Expression5
----------------- testing Wed May 09 23:59:31 UTC 2018 /home/travis/build/icyphy/ptII/ptolemy/actor/lib/test/auto/Expression6.xml
----------------- Instantiating /home/travis/build/icyphy/ptII/ptolemy/actor/lib/test/auto/Expression6.xml
5 ms. Memory: 838144K Free: 73283K (9%)
----------------- Invoking toplevel() on ptolemy.moml.MoMLSimpleApplication@36b712d6
----------------- Done invoking toplevel() on ptolemy.moml.MoMLSimpleApplication@36b712d6
reloadAllAccessors: .Expression6
----------------- testing Wed May 09 23:59:31 UTC 2018 /home/travis/build/icyphy/ptII/ptolemy/actor/lib/test/auto/Expression7.xml
----------------- Instantiating /home/travis/build/icyphy/ptII/ptolemy/actor/lib/test/auto/Expression7.xml
4 ms. Memory: 838144K Free: 65879K (8%)
----------------- Invoking toplevel() on ptolemy.moml.MoMLSimpleApplication@5ca2603c
----------------- Done invoking toplevel() on ptolemy.moml.MoMLSimpleApplication@5ca2603c
reloadAllAccessors: .Expression7
----------------- testing Wed May 09 23:59:31 UTC 2018 /home/travis/build/icyphy/ptII/ptolemy/actor/lib/test/auto/Expression8.xml
----------------- Instantiating /home/travis/build/icyphy/ptII/ptolemy/actor/lib/test/auto/Expression8.xml
7 ms. Memory: 859136K Free: 812108K (95%)
----------------- Invoking toplevel() on ptolemy.moml.MoMLSimpleApplication@dd72842
----------------- Done invoking toplevel() on ptolemy.moml.MoMLSimpleApplication@dd72842
reloadAllAccessors: .Expression8
----------------- testing Wed May 09 23:59:31 UTC 2018 /home/travis/build/icyphy/ptII/ptolemy/actor/lib/test/auto/Expression9.xml
----------------- Instantiating /home/travis/build/icyphy/ptII/ptolemy/actor/lib/test/auto/Expression9.xml
2 ms. Memory: 859136K Free: 796953K (93%)
----------------- Invoking toplevel() on ptolemy.moml.MoMLSimpleApplication@5100735f
----------------- Done invoking toplevel() on ptolemy.moml.MoMLSimpleApplication@5100735f
reloadAllAccessors: .Expression9
----------------- testing Wed May 09 23:59:31 UTC 2018 /home/travis/build/icyphy/ptII/ptolemy/actor/lib/test/auto/ExpressionConcatenateArrayType.xml
----------------- Instantiating /home/travis/build/icyphy/ptII/ptolemy/actor/lib/test/auto/ExpressionConcatenateArrayType.xml
3 ms. Memory: 859136K Free: 782033K (91%)
----------------- Invoking toplevel() on ptolemy.moml.MoMLSimpleApplication@5e0f7a22
----------------- Done invoking toplevel() on ptolemy.moml.MoMLSimpleApplication@5e0f7a22
reloadAllAccessors: .ExpressionConcatenateArrayType
----------------- testing Wed May 09 23:59:31 UTC 2018 /home/travis/build/icyphy/ptII/ptolemy/actor/lib/test/auto/ExpressionConcatenateArrayType2.xml
----------------- Instantiating /home/travis/build/icyphy/ptII/ptolemy/actor/lib/test/auto/ExpressionConcatenateArrayType2.xml
3 ms. Memory: 859136K Free: 766878K (89%)
----------------- Invoking toplevel() on ptolemy.moml.MoMLSimpleApplication@52025e3b
----------------- Done invoking toplevel() on ptolemy.moml.MoMLSimpleApplication@52025e3b
reloadAllAccessors: .ExpressionConcatenateArrayType2
----------------- testing Wed May 09 23:59:31 UTC 2018 /home/travis/build/icyphy/ptII/ptolemy/actor/lib/test/auto/ExpressionFix.xml
----------------- Instantiating /home/travis/build/icyphy/ptII/ptolemy/actor/lib/test/auto/ExpressionFix.xml
30 ms. Memory: 859136K Free: 756888K (88%)
----------------- Invoking toplevel() on ptolemy.moml.MoMLSimpleApplication@94b93f
----------------- Done invoking toplevel() on ptolemy.moml.MoMLSimpleApplication@94b93f
reloadAllAccessors: .ExpressionFix
----------------- testing Wed May 09 23:59:31 UTC 2018 /home/travis/build/icyphy/ptII/ptolemy/actor/lib/test/auto/ExpressionFix2.xml
----------------- Instantiating /home/travis/build/icyphy/ptII/ptolemy/actor/lib/test/auto/ExpressionFix2.xml
3 ms. Memory: 859136K Free: 741733K (86%)
----------------- Invoking toplevel() on ptolemy.moml.MoMLSimpleApplication@112c0877
----------------- Done invoking toplevel() on ptolemy.moml.MoMLSimpleApplication@112c0877
reloadAllAccessors: .ExpressionFix2
----------------- testing Wed May 09 23:59:31 UTC 2018 /home/travis/build/icyphy/ptII/ptolemy/actor/lib/test/auto/ExpressionFix3.xml
----------------- Instantiating /home/travis/build/icyphy/ptII/ptolemy/actor/lib/test/auto/ExpressionFix3.xml
4 ms. Memory: 859136K Free: 731786K (85%)
----------------- Invoking toplevel() on ptolemy.moml.MoMLSimpleApplication@62bcdf04
----------------- Done invoking toplevel() on ptolemy.moml.MoMLSimpleApplication@62bcdf04
reloadAllAccessors: .ExpressionFix3
----------------- testing Wed May 09 23:59:32 UTC 2018 /home/travis/build/icyphy/ptII/ptolemy/actor/lib/test/auto/FileWriter1.xml
----------------- Instantiating /home/travis/build/icyphy/ptII/ptolemy/actor/lib/test/auto/FileWriter1.xml
4 ms. Memory: 859136K Free: 716631K (83%)
----------------- Invoking toplevel() on ptolemy.moml.MoMLSimpleApplication@7195ae3a
----------------- Done invoking toplevel() on ptolemy.moml.MoMLSimpleApplication@7195ae3a
reloadAllAccessors: .FileWriter1
----------------- testing Wed May 09 23:59:32 UTC 2018 /home/travis/build/icyphy/ptII/ptolemy/actor/lib/test/auto/FileWriter2.xml
----------------- Instantiating /home/travis/build/icyphy/ptII/ptolemy/actor/lib/test/auto/FileWriter2.xml
3 ms. Memory: 859136K Free: 706684K (82%)
----------------- Invoking toplevel() on ptolemy.moml.MoMLSimpleApplication@67432f52
----------------- Done invoking toplevel() on ptolemy.moml.MoMLSimpleApplication@67432f52
reloadAllAccessors: .FileWriter2
----------------- testing Wed May 09 23:59:32 UTC 2018 /home/travis/build/icyphy/ptII/ptolemy/actor/lib/test/auto/FileWriter3.xml
----------------- Instantiating /home/travis/build/icyphy/ptII/ptolemy/actor/lib/test/auto/FileWriter3.xml
2 ms. Memory: 859136K Free: 696738K (81%)
----------------- Invoking toplevel() on ptolemy.moml.MoMLSimpleApplication@771ef73a
----------------- Done invoking toplevel() on ptolemy.moml.MoMLSimpleApplication@771ef73a
reloadAllAccessors: .FileWriter3
----------------- testing Wed May 09 23:59:32 UTC 2018 /home/travis/build/icyphy/ptII/ptolemy/actor/lib/test/auto/Gaussian.xml
----------------- Instantiating /home/travis/build/icyphy/ptII/ptolemy/actor/lib/test/auto/Gaussian.xml
3 ms. Memory: 859136K Free: 681582K (79%)
----------------- Invoking toplevel() on ptolemy.moml.MoMLSimpleApplication@5bbb4b97
----------------- Done invoking toplevel() on ptolemy.moml.MoMLSimpleApplication@5bbb4b97
reloadAllAccessors: .Gaussian
----------------- testing Wed May 09 23:59:32 UTC 2018 /home/travis/build/icyphy/ptII/ptolemy/actor/lib/test/auto/Gaussian1.xml
----------------- Instantiating /home/travis/build/icyphy/ptII/ptolemy/actor/lib/test/auto/Gaussian1.xml
3 ms. Memory: 859136K Free: 671635K (78%)
----------------- Invoking toplevel() on ptolemy.moml.MoMLSimpleApplication@77cea95b
----------------- Done invoking toplevel() on ptolemy.moml.MoMLSimpleApplication@77cea95b
reloadAllAccessors: .Gaussian1
----------------- testing Wed May 09 23:59:32 UTC 2018 /home/travis/build/icyphy/ptII/ptolemy/actor/lib/test/auto/Gaussian2.xml
----------------- Instantiating /home/travis/build/icyphy/ptII/ptolemy/actor/lib/test/auto/Gaussian2.xml
3 ms. Memory: 859136K Free: 656480K (76%)
----------------- Invoking toplevel() on ptolemy.moml.MoMLSimpleApplication@358f0d06
----------------- Done invoking toplevel() on ptolemy.moml.MoMLSimpleApplication@358f0d06
reloadAllAccessors: .Gaussian2
----------------- testing Wed May 09 23:59:32 UTC 2018 /home/travis/build/icyphy/ptII/ptolemy/actor/lib/test/auto/GradientAdaptiveLattice.xml
----------------- Instantiating /home/travis/build/icyphy/ptII/ptolemy/actor/lib/test/auto/GradientAdaptiveLattice.xml
4 ms. Memory: 859136K Free: 646533K (75%)
----------------- Invoking toplevel() on ptolemy.moml.MoMLSimpleApplication@699379c9
----------------- Done invoking toplevel() on ptolemy.moml.MoMLSimpleApplication@699379c9
reloadAllAccessors: .GradientAdaptiveLattice
----------------- testing Wed May 09 23:59:32 UTC 2018 /home/travis/build/icyphy/ptII/ptolemy/actor/lib/test/auto/IIR.xml
----------------- Instantiating /home/travis/build/icyphy/ptII/ptolemy/actor/lib/test/auto/IIR.xml
2 ms. Memory: 859136K Free: 631378K (73%)
----------------- Invoking toplevel() on ptolemy.moml.MoMLSimpleApplication@4f03763d
----------------- Done invoking toplevel() on ptolemy.moml.MoMLSimpleApplication@4f03763d
reloadAllAccessors: .IIR
----------------- testing Wed May 09 23:59:32 UTC 2018 /home/travis/build/icyphy/ptII/ptolemy/actor/lib/test/auto/InputOutputTransparentPorts.xml
----------------- Instantiating /home/travis/build/icyphy/ptII/ptolemy/actor/lib/test/auto/InputOutputTransparentPorts.xml
3 ms. Memory: 859136K Free: 616458K (72%)
----------------- Invoking toplevel() on ptolemy.moml.MoMLSimpleApplication@5a01c6b8
----------------- Done invoking toplevel() on ptolemy.moml.MoMLSimpleApplication@5a01c6b8
reloadAllAccessors: .InputOutputTransparentPorts
----------------- testing Wed May 09 23:59:32 UTC 2018 /home/travis/build/icyphy/ptII/ptolemy/actor/lib/test/auto/Interpolator.xml
----------------- Instantiating /home/travis/build/icyphy/ptII/ptolemy/actor/lib/test/auto/Interpolator.xml
5 ms. Memory: 859136K Free: 601303K (70%)
----------------- Invoking toplevel() on ptolemy.moml.MoMLSimpleApplication@1f445f2a
----------------- Done invoking toplevel() on ptolemy.moml.MoMLSimpleApplication@1f445f2a
reloadAllAccessors: .Interpolator
----------------- testing Wed May 09 23:59:32 UTC 2018 /home/travis/build/icyphy/ptII/ptolemy/actor/lib/test/auto/InterpolatorFiringLimitDE.xml
----------------- Instantiating /home/travis/build/icyphy/ptII/ptolemy/actor/lib/test/auto/InterpolatorFiringLimitDE.xml
4 ms. Memory: 859136K Free: 591356K (69%)
----------------- Invoking toplevel() on ptolemy.moml.MoMLSimpleApplication@6797225d
----------------- Done invoking toplevel() on ptolemy.moml.MoMLSimpleApplication@6797225d
reloadAllAccessors: .InterpolatorFiringLimitDE
----------------- testing Wed May 09 23:59:32 UTC 2018 /home/travis/build/icyphy/ptII/ptolemy/actor/lib/test/auto/Lattice.xml
----------------- Instantiating /home/travis/build/icyphy/ptII/ptolemy/actor/lib/test/auto/Lattice.xml
2 ms. Memory: 859136K Free: 581410K (68%)
----------------- Invoking toplevel() on ptolemy.moml.MoMLSimpleApplication@13718cb4
----------------- Done invoking toplevel() on ptolemy.moml.MoMLSimpleApplication@13718cb4
reloadAllAccessors: .Lattice
----------------- testing Wed May 09 23:59:32 UTC 2018 /home/travis/build/icyphy/ptII/ptolemy/actor/lib/test/auto/LazyAOCTestLazy.xml
----------------- Instantiating /home/travis/build/icyphy/ptII/ptolemy/actor/lib/test/auto/LazyAOCTestLazy.xml
10 ms. Memory: 859136K Free: 566254K (66%)
----------------- Invoking toplevel() on ptolemy.moml.MoMLSimpleApplication@32ebecce
----------------- Done invoking toplevel() on ptolemy.moml.MoMLSimpleApplication@32ebecce
reloadAllAccessors: .LazyAOCTestLazy
----------------- testing Wed May 09 23:59:32 UTC 2018 /home/travis/build/icyphy/ptII/ptolemy/actor/lib/test/auto/LazyAOCTestNonLazy.xml
----------------- Instantiating /home/travis/build/icyphy/ptII/ptolemy/actor/lib/test/auto/LazyAOCTestNonLazy.xml
3 ms. Memory: 859136K Free: 551318K (64%)
----------------- Invoking toplevel() on ptolemy.moml.MoMLSimpleApplication@2d88654c
----------------- Done invoking toplevel() on ptolemy.moml.MoMLSimpleApplication@2d88654c
reloadAllAccessors: .LazyAOCTestNonLazy
----------------- testing Wed May 09 23:59:32 UTC 2018 /home/travis/build/icyphy/ptII/ptolemy/actor/lib/test/auto/LazyInnerClass.xml
----------------- Instantiating /home/travis/build/icyphy/ptII/ptolemy/actor/lib/test/auto/LazyInnerClass.xml
15 ms. Memory: 859136K Free: 536163K (62%)
----------------- Invoking toplevel() on ptolemy.moml.MoMLSimpleApplication@e508b5
----------------- Done invoking toplevel() on ptolemy.moml.MoMLSimpleApplication@e508b5
reloadAllAccessors: .LazyInnerClass
----------------- testing Wed May 09 23:59:32 UTC 2018 /home/travis/build/icyphy/ptII/ptolemy/actor/lib/test/auto/LazyPubSub.xml
----------------- Instantiating /home/travis/build/icyphy/ptII/ptolemy/actor/lib/test/auto/LazyPubSub.xml
19 ms. Memory: 859136K Free: 521227K (61%)
----------------- Invoking toplevel() on ptolemy.moml.MoMLSimpleApplication@655cd5c0
----------------- Done invoking toplevel() on ptolemy.moml.MoMLSimpleApplication@655cd5c0
reloadAllAccessors: .LazyPubSub
----------------- testing Wed May 09 23:59:32 UTC 2018 /home/travis/build/icyphy/ptII/ptolemy/actor/lib/test/auto/LazyPubSub2.xml
----------------- Instantiating /home/travis/build/icyphy/ptII/ptolemy/actor/lib/test/auto/LazyPubSub2.xml
31 ms. Memory: 859136K Free: 501090K (58%)
----------------- Invoking toplevel() on ptolemy.moml.MoMLSimpleApplication@5963c8
----------------- Done invoking toplevel() on ptolemy.moml.MoMLSimpleApplication@5963c8
reloadAllAccessors: .LazyPubSub2
----------------- testing Wed May 09 23:59:32 UTC 2018 /home/travis/build/icyphy/ptII/ptolemy/actor/lib/test/auto/LazyPubSub3.xml
----------------- Instantiating /home/travis/build/icyphy/ptII/ptolemy/actor/lib/test/auto/LazyPubSub3.xml
34 ms. Memory: 859136K Free: 486154K (57%)
----------------- Invoking toplevel() on ptolemy.moml.MoMLSimpleApplication@bfe1083
----------------- Done invoking toplevel() on ptolemy.moml.MoMLSimpleApplication@bfe1083
reloadAllAccessors: .LazyPubSub3
----------------- testing Wed May 09 23:59:32 UTC 2018 /home/travis/build/icyphy/ptII/ptolemy/actor/lib/test/auto/LazySubClassModel.xml
----------------- Instantiating /home/travis/build/icyphy/ptII/ptolemy/actor/lib/test/auto/LazySubClassModel.xml
2 ms. Memory: 859136K Free: 471218K (55%)
----------------- Invoking toplevel() on ptolemy.moml.MoMLSimpleApplication@2eae71b5
----------------- Done invoking toplevel() on ptolemy.moml.MoMLSimpleApplication@2eae71b5
reloadAllAccessors: .LazySubClassModel
----------------- testing Wed May 09 23:59:32 UTC 2018 /home/travis/build/icyphy/ptII/ptolemy/actor/lib/test/auto/LevelCrossTest1.xml
----------------- Instantiating /home/travis/build/icyphy/ptII/ptolemy/actor/lib/test/auto/LevelCrossTest1.xml
1 ms. Memory: 859136K Free: 456063K (53%)
----------------- Invoking toplevel() on ptolemy.moml.MoMLSimpleApplication@2cf670c
----------------- Done invoking toplevel() on ptolemy.moml.MoMLSimpleApplication@2cf670c
reloadAllAccessors: .broken
----------------- testing Wed May 09 23:59:32 UTC 2018 /home/travis/build/icyphy/ptII/ptolemy/actor/lib/test/auto/LevelCrossTest10.xml
----------------- Instantiating /home/travis/build/icyphy/ptII/ptolemy/actor/lib/test/auto/LevelCrossTest10.xml
1 ms. Memory: 859136K Free: 441143K (51%)
----------------- Invoking toplevel() on ptolemy.moml.MoMLSimpleApplication@187afcca
----------------- Done invoking toplevel() on ptolemy.moml.MoMLSimpleApplication@187afcca
reloadAllAccessors: .LevelCrossTest10
----------------- testing Wed May 09 23:59:32 UTC 2018 /home/travis/build/icyphy/ptII/ptolemy/actor/lib/test/auto/LevelCrossTest11.xml
----------------- Instantiating /home/travis/build/icyphy/ptII/ptolemy/actor/lib/test/auto/LevelCrossTest11.xml
1 ms. Memory: 859136K Free: 420998K (49%)
----------------- Invoking toplevel() on ptolemy.moml.MoMLSimpleApplication@1a71b5bb
----------------- Done invoking toplevel() on ptolemy.moml.MoMLSimpleApplication@1a71b5bb
reloadAllAccessors: .LevelCrossTest11
----------------- testing Wed May 09 23:59:32 UTC 2018 /home/travis/build/icyphy/ptII/ptolemy/actor/lib/test/auto/LevelCrossTest12.xml
----------------- Instantiating /home/travis/build/icyphy/ptII/ptolemy/actor/lib/test/auto/LevelCrossTest12.xml
2 ms. Memory: 859136K Free: 406063K (47%)
----------------- Invoking toplevel() on ptolemy.moml.MoMLSimpleApplication@12342cd1
----------------- Done invoking toplevel() on ptolemy.moml.MoMLSimpleApplication@12342cd1
reloadAllAccessors: .LevelCrossTest12
----------------- testing Wed May 09 23:59:32 UTC 2018 /home/travis/build/icyphy/ptII/ptolemy/actor/lib/test/auto/LevelCrossTest13.xml
----------------- Instantiating /home/travis/build/icyphy/ptII/ptolemy/actor/lib/test/auto/LevelCrossTest13.xml
2 ms. Memory: 859136K Free: 385934K (45%)
----------------- Invoking toplevel() on ptolemy.moml.MoMLSimpleApplication@64b42df8
----------------- Done invoking toplevel() on ptolemy.moml.MoMLSimpleApplication@64b42df8
reloadAllAccessors: .LevelCrossTest13
----------------- testing Wed May 09 23:59:32 UTC 2018 /home/travis/build/icyphy/ptII/ptolemy/actor/lib/test/auto/LevelCrossTest2.xml
----------------- Instantiating /home/travis/build/icyphy/ptII/ptolemy/actor/lib/test/auto/LevelCrossTest2.xml
2 ms. Memory: 859136K Free: 375987K (44%)
----------------- Invoking toplevel() on ptolemy.moml.MoMLSimpleApplication@1a6a75c2
----------------- Done invoking toplevel() on ptolemy.moml.MoMLSimpleApplication@1a6a75c2
reloadAllAccessors: .broken
----------------- testing Wed May 09 23:59:32 UTC 2018 /home/travis/build/icyphy/ptII/ptolemy/actor/lib/test/auto/LevelCrossTest3.xml
----------------- Instantiating /home/travis/build/icyphy/ptII/ptolemy/actor/lib/test/auto/LevelCrossTest3.xml
2 ms. Memory: 859136K Free: 360832K (42%)
----------------- Invoking toplevel() on ptolemy.moml.MoMLSimpleApplication@7b091559
----------------- Done invoking toplevel() on ptolemy.moml.MoMLSimpleApplication@7b091559
reloadAllAccessors: .LevelCrossTest3
----------------- testing Wed May 09 23:59:32 UTC 2018 /home/travis/build/icyphy/ptII/ptolemy/actor/lib/test/auto/LevelCrossTest4.xml
----------------- Instantiating /home/travis/build/icyphy/ptII/ptolemy/actor/lib/test/auto/LevelCrossTest4.xml
2 ms. Memory: 859136K Free: 350885K (41%)
----------------- Invoking toplevel() on ptolemy.moml.MoMLSimpleApplication@7aef68d9
----------------- Done invoking toplevel() on ptolemy.moml.MoMLSimpleApplication@7aef68d9
reloadAllAccessors: .broken
----------------- testing Wed May 09 23:59:32 UTC 2018 /home/travis/build/icyphy/ptII/ptolemy/actor/lib/test/auto/LevelCrossTest5.xml
----------------- Instantiating /home/travis/build/icyphy/ptII/ptolemy/actor/lib/test/auto/LevelCrossTest5.xml
2 ms. Memory: 859136K Free: 340938K (40%)
----------------- Invoking toplevel() on ptolemy.moml.MoMLSimpleApplication@b030493
----------------- Done invoking toplevel() on ptolemy.moml.MoMLSimpleApplication@b030493
reloadAllAccessors: .LevelCrossTest5
----------------- testing Wed May 09 23:59:32 UTC 2018 /home/travis/build/icyphy/ptII/ptolemy/actor/lib/test/auto/LevelCrossTest6.xml
----------------- Instantiating /home/travis/build/icyphy/ptII/ptolemy/actor/lib/test/auto/LevelCrossTest6.xml
2 ms. Memory: 859136K Free: 320794K (37%)
----------------- Invoking toplevel() on ptolemy.moml.MoMLSimpleApplication@782b530e
----------------- Done invoking toplevel() on ptolemy.moml.MoMLSimpleApplication@782b530e
reloadAllAccessors: .LevelCrossTest6
----------------- testing Wed May 09 23:59:32 UTC 2018 /home/travis/build/icyphy/ptII/ptolemy/actor/lib/test/auto/LevelCrossTest7.xml
----------------- Instantiating /home/travis/build/icyphy/ptII/ptolemy/actor/lib/test/auto/LevelCrossTest7.xml
1 ms. Memory: 859136K Free: 305858K (36%)
----------------- Invoking toplevel() on ptolemy.moml.MoMLSimpleApplication@1e742ed1
----------------- Done invoking toplevel() on ptolemy.moml.MoMLSimpleApplication@1e742ed1
reloadAllAccessors: .LevelCrossTest7
----------------- testing Wed May 09 23:59:32 UTC 2018 /home/travis/build/icyphy/ptII/ptolemy/actor/lib/test/auto/LevelCrossTest8.xml
----------------- Instantiating /home/travis/build/icyphy/ptII/ptolemy/actor/lib/test/auto/LevelCrossTest8.xml
1 ms. Memory: 859136K Free: 285713K (33%)
----------------- Invoking toplevel() on ptolemy.moml.MoMLSimpleApplication@2c1d9f45
----------------- Done invoking toplevel() on ptolemy.moml.MoMLSimpleApplication@2c1d9f45
reloadAllAccessors: .LevelCrossTest8
----------------- testing Wed May 09 23:59:32 UTC 2018 /home/travis/build/icyphy/ptII/ptolemy/actor/lib/test/auto/LevelCrossTest9.xml
----------------- Instantiating /home/travis/build/icyphy/ptII/ptolemy/actor/lib/test/auto/LevelCrossTest9.xml
2 ms. Memory: 859136K Free: 270777K (32%)
----------------- Invoking toplevel() on ptolemy.moml.MoMLSimpleApplication@200b74a5
----------------- Done invoking toplevel() on ptolemy.moml.MoMLSimpleApplication@200b74a5
reloadAllAccessors: .LevelCrossTest9
----------------- testing Wed May 09 23:59:32 UTC 2018 /home/travis/build/icyphy/ptII/ptolemy/actor/lib/test/auto/LevinsonDurbin.xml
----------------- Instantiating /home/travis/build/icyphy/ptII/ptolemy/actor/lib/test/auto/LevinsonDurbin.xml
2 ms. Memory: 859136K Free: 255622K (30%)
----------------- Invoking toplevel() on ptolemy.moml.MoMLSimpleApplication@9f14c13
----------------- Done invoking toplevel() on ptolemy.moml.MoMLSimpleApplication@9f14c13
reloadAllAccessors: .LevinsonDurbin
----------------- testing Wed May 09 23:59:32 UTC 2018 /home/travis/build/icyphy/ptII/ptolemy/actor/lib/test/auto/LevinsonDurbin2.xml
----------------- Instantiating /home/travis/build/icyphy/ptII/ptolemy/actor/lib/test/auto/LevinsonDurbin2.xml
1 ms. Memory: 859136K Free: 245676K (29%)
----------------- Invoking toplevel() on ptolemy.moml.MoMLSimpleApplication@64960846
----------------- Done invoking toplevel() on ptolemy.moml.MoMLSimpleApplication@64960846
reloadAllAccessors: .LevinsonDurbin2
----------------- testing Wed May 09 23:59:33 UTC 2018 /home/travis/build/icyphy/ptII/ptolemy/actor/lib/test/auto/LevinsonDurbin3.xml
----------------- Instantiating /home/travis/build/icyphy/ptII/ptolemy/actor/lib/test/auto/LevinsonDurbin3.xml
2 ms. Memory: 859136K Free: 230520K (27%)
----------------- Invoking toplevel() on ptolemy.moml.MoMLSimpleApplication@2b3e6993
----------------- Done invoking toplevel() on ptolemy.moml.MoMLSimpleApplication@2b3e6993
reloadAllAccessors: .LevinsonDurbin3
----------------- testing Wed May 09 23:59:33 UTC 2018 /home/travis/build/icyphy/ptII/ptolemy/actor/lib/test/auto/Limiter.xml
----------------- Instantiating /home/travis/build/icyphy/ptII/ptolemy/actor/lib/test/auto/Limiter.xml
5 ms. Memory: 859136K Free: 215592K (25%)
----------------- Invoking toplevel() on ptolemy.moml.MoMLSimpleApplication@6685ed5
----------------- Done invoking toplevel() on ptolemy.moml.MoMLSimpleApplication@6685ed5
reloadAllAccessors: .Limiter
----------------- testing Wed May 09 23:59:33 UTC 2018 /home/travis/build/icyphy/ptII/ptolemy/actor/lib/test/auto/LinearDifferenceEquationSystem.xml
----------------- Instantiating /home/travis/build/icyphy/ptII/ptolemy/actor/lib/test/auto/LinearDifferenceEquationSystem.xml
12 ms. Memory: 859136K Free: 200656K (23%)
----------------- Invoking toplevel() on ptolemy.moml.MoMLSimpleApplication@43e37aa5
----------------- Done invoking toplevel() on ptolemy.moml.MoMLSimpleApplication@43e37aa5
reloadAllAccessors: .LinearDifferenceEquationSystem
----------------- testing Wed May 09 23:59:33 UTC 2018 /home/travis/build/icyphy/ptII/ptolemy/actor/lib/test/auto/LookupTable.xml
----------------- Instantiating /home/travis/build/icyphy/ptII/ptolemy/actor/lib/test/auto/LookupTable.xml
3 ms. Memory: 859136K Free: 185501K (22%)
----------------- Invoking toplevel() on ptolemy.moml.MoMLSimpleApplication@67cc2579
----------------- Done invoking toplevel() on ptolemy.moml.MoMLSimpleApplication@67cc2579
reloadAllAccessors: .LookupTable
----------------- testing Wed May 09 23:59:33 UTC 2018 /home/travis/build/icyphy/ptII/ptolemy/actor/lib/test/auto/MathFunction.xml
----------------- Instantiating /home/travis/build/icyphy/ptII/ptolemy/actor/lib/test/auto/MathFunction.xml
8 ms. Memory: 859136K Free: 170565K (20%)
----------------- Invoking toplevel() on ptolemy.moml.MoMLSimpleApplication@4cb9ac34
----------------- Done invoking toplevel() on ptolemy.moml.MoMLSimpleApplication@4cb9ac34
reloadAllAccessors: .MathFunction
----------------- testing Wed May 09 23:59:33 UTC 2018 /home/travis/build/icyphy/ptII/ptolemy/actor/lib/test/auto/MathFunction2.xml
----------------- Instantiating /home/travis/build/icyphy/ptII/ptolemy/actor/lib/test/auto/MathFunction2.xml
2 ms. Memory: 859136K Free: 155410K (18%)
----------------- Invoking toplevel() on ptolemy.moml.MoMLSimpleApplication@1e648167
----------------- Done invoking toplevel() on ptolemy.moml.MoMLSimpleApplication@1e648167
reloadAllAccessors: .MathFunction2
----------------- testing Wed May 09 23:59:33 UTC 2018 /home/travis/build/icyphy/ptII/ptolemy/actor/lib/test/auto/MathFunction3.xml
----------------- Instantiating /home/travis/build/icyphy/ptII/ptolemy/actor/lib/test/auto/MathFunction3.xml
3 ms. Memory: 859136K Free: 140474K (16%)
----------------- Invoking toplevel() on ptolemy.moml.MoMLSimpleApplication@4c9d7e98
----------------- Done invoking toplevel() on ptolemy.moml.MoMLSimpleApplication@4c9d7e98
reloadAllAccessors: .MathFunction3
----------------- testing Wed May 09 23:59:33 UTC 2018 /home/travis/build/icyphy/ptII/ptolemy/actor/lib/test/auto/MatrixCropBoolean.xml
----------------- Instantiating /home/travis/build/icyphy/ptII/ptolemy/actor/lib/test/auto/MatrixCropBoolean.xml
3 ms. Memory: 859136K Free: 125318K (15%)
----------------- Invoking toplevel() on ptolemy.moml.MoMLSimpleApplication@12b5c7dc
----------------- Done invoking toplevel() on ptolemy.moml.MoMLSimpleApplication@12b5c7dc
reloadAllAccessors: .MatrixCropBoolean
----------------- testing Wed May 09 23:59:33 UTC 2018 /home/travis/build/icyphy/ptII/ptolemy/actor/lib/test/auto/MatrixCropComplex.xml
----------------- Instantiating /home/travis/build/icyphy/ptII/ptolemy/actor/lib/test/auto/MatrixCropComplex.xml
4 ms. Memory: 859136K Free: 115372K (13%)
----------------- Invoking toplevel() on ptolemy.moml.MoMLSimpleApplication@41221925
----------------- Done invoking toplevel() on ptolemy.moml.MoMLSimpleApplication@41221925
reloadAllAccessors: .MatrixCropComplex
----------------- testing Wed May 09 23:59:33 UTC 2018 /home/travis/build/icyphy/ptII/ptolemy/actor/lib/test/auto/MatrixCropDouble.xml
----------------- Instantiating /home/travis/build/icyphy/ptII/ptolemy/actor/lib/test/auto/MatrixCropDouble.xml
3 ms. Memory: 859136K Free: 100217K (12%)
----------------- Invoking toplevel() on ptolemy.moml.MoMLSimpleApplication@7f3902c
----------------- Done invoking toplevel() on ptolemy.moml.MoMLSimpleApplication@7f3902c
reloadAllAccessors: .MatrixCropDouble
----------------- testing Wed May 09 23:59:33 UTC 2018 /home/travis/build/icyphy/ptII/ptolemy/actor/lib/test/auto/MatrixCropFix.xml
----------------- Instantiating /home/travis/build/icyphy/ptII/ptolemy/actor/lib/test/auto/MatrixCropFix.xml
3 ms. Memory: 859136K Free: 90270K (11%)
----------------- Invoking toplevel() on ptolemy.moml.MoMLSimpleApplication@37f8e61f
----------------- Done invoking toplevel() on ptolemy.moml.MoMLSimpleApplication@37f8e61f
reloadAllAccessors: .MatrixCropFix
----------------- testing Wed May 09 23:59:33 UTC 2018 /home/travis/build/icyphy/ptII/ptolemy/actor/lib/test/auto/MatrixCropInt.xml
----------------- Instantiating /home/travis/build/icyphy/ptII/ptolemy/actor/lib/test/auto/MatrixCropInt.xml
3 ms. Memory: 859136K Free: 75115K (9%)
----------------- Invoking toplevel() on ptolemy.moml.MoMLSimpleApplication@4c24deff
----------------- Done invoking toplevel() on ptolemy.moml.MoMLSimpleApplication@4c24deff
reloadAllAccessors: .MatrixCropInt
----------------- testing Wed May 09 23:59:33 UTC 2018 /home/travis/build/icyphy/ptII/ptolemy/actor/lib/test/auto/MatrixCropLong.xml
----------------- Instantiating /home/travis/build/icyphy/ptII/ptolemy/actor/lib/test/auto/MatrixCropLong.xml
2 ms. Memory: 961024K Free: 913758K (95%)
----------------- Invoking toplevel() on ptolemy.moml.MoMLSimpleApplication@30b00f74
----------------- Done invoking toplevel() on ptolemy.moml.MoMLSimpleApplication@30b00f74
reloadAllAccessors: .MatrixCropLong
----------------- testing Wed May 09 23:59:33 UTC 2018 /home/travis/build/icyphy/ptII/ptolemy/actor/lib/test/auto/MatrixToArray.xml
----------------- Instantiating /home/travis/build/icyphy/ptII/ptolemy/actor/lib/test/auto/MatrixToArray.xml
9 ms. Memory: 961024K Free: 886149K (92%)
----------------- Invoking toplevel() on ptolemy.moml.MoMLSimpleApplication@d744cec
----------------- Done invoking toplevel() on ptolemy.moml.MoMLSimpleApplication@d744cec
reloadAllAccessors: .MatrixToArray
----------------- testing Wed May 09 23:59:33 UTC 2018 /home/travis/build/icyphy/ptII/ptolemy/actor/lib/test/auto/MaxIndex.xml
----------------- Instantiating /home/travis/build/icyphy/ptII/ptolemy/actor/lib/test/auto/MaxIndex.xml
3 ms. Memory: 961024K Free: 874776K (91%)
----------------- Invoking toplevel() on ptolemy.moml.MoMLSimpleApplication@5236db1e
----------------- Done invoking toplevel() on ptolemy.moml.MoMLSimpleApplication@5236db1e
reloadAllAccessors: .MaxIndex
----------------- testing Wed May 09 23:59:33 UTC 2018 /home/travis/build/icyphy/ptII/ptolemy/actor/lib/test/auto/Maximum.xml
----------------- Instantiating /home/travis/build/icyphy/ptII/ptolemy/actor/lib/test/auto/Maximum.xml
3 ms. Memory: 961024K Free: 858572K (89%)
----------------- Invoking toplevel() on ptolemy.moml.MoMLSimpleApplication@4346232b
----------------- Done invoking toplevel() on ptolemy.moml.MoMLSimpleApplication@4346232b
reloadAllAccessors: .Maximum
----------------- testing Wed May 09 23:59:33 UTC 2018 /home/travis/build/icyphy/ptII/ptolemy/actor/lib/test/auto/MaximumComplex.xml
----------------- Instantiating /home/travis/build/icyphy/ptII/ptolemy/actor/lib/test/auto/MaximumComplex.xml
7 ms. Memory: 961024K Free: 847199K (88%)
----------------- Invoking toplevel() on ptolemy.moml.MoMLSimpleApplication@5d4155f3
----------------- Done invoking toplevel() on ptolemy.moml.MoMLSimpleApplication@5d4155f3
reloadAllAccessors: .MaximumComplex
----------------- testing Wed May 09 23:59:33 UTC 2018 /home/travis/build/icyphy/ptII/ptolemy/actor/lib/test/auto/MethodCallTest.xml
----------------- Instantiating /home/travis/build/icyphy/ptII/ptolemy/actor/lib/test/auto/MethodCallTest.xml
3 ms. Memory: 961024K Free: 830995K (86%)
----------------- Invoking toplevel() on ptolemy.moml.MoMLSimpleApplication@720e2fdf
----------------- Done invoking toplevel() on ptolemy.moml.MoMLSimpleApplication@720e2fdf
reloadAllAccessors: .MethodCallTest
----------------- testing Wed May 09 23:59:33 UTC 2018 /home/travis/build/icyphy/ptII/ptolemy/actor/lib/test/auto/Minimum.xml
----------------- Instantiating /home/travis/build/icyphy/ptII/ptolemy/actor/lib/test/auto/Minimum.xml
4 ms. Memory: 961024K Free: 819621K (85%)
----------------- Invoking toplevel() on ptolemy.moml.MoMLSimpleApplication@6d6a7ca2
----------------- Done invoking toplevel() on ptolemy.moml.MoMLSimpleApplication@6d6a7ca2
reloadAllAccessors: .Minimum
----------------- testing Wed May 09 23:59:33 UTC 2018 /home/travis/build/icyphy/ptII/ptolemy/actor/lib/test/auto/MinimumComplex.xml
----------------- Instantiating /home/travis/build/icyphy/ptII/ptolemy/actor/lib/test/auto/MinimumComplex.xml
3 ms. Memory: 961024K Free: 803418K (84%)
----------------- Invoking toplevel() on ptolemy.moml.MoMLSimpleApplication@730bbabe
----------------- Done invoking toplevel() on ptolemy.moml.MoMLSimpleApplication@730bbabe
reloadAllAccessors: .MinimumComplex
----------------- testing Wed May 09 23:59:33 UTC 2018 /home/travis/build/icyphy/ptII/ptolemy/actor/lib/test/auto/MinimumMultiports.xml
----------------- Instantiating /home/travis/build/icyphy/ptII/ptolemy/actor/lib/test/auto/MinimumMultiports.xml
5 ms. Memory: 961024K Free: 792044K (82%)
----------------- Invoking toplevel() on ptolemy.moml.MoMLSimpleApplication@1c384d41
----------------- Done invoking toplevel() on ptolemy.moml.MoMLSimpleApplication@1c384d41
reloadAllAccessors: .MinimumMultiports
----------------- testing Wed May 09 23:59:33 UTC 2018 /home/travis/build/icyphy/ptII/ptolemy/actor/lib/test/auto/ModifyDate.xml
----------------- Instantiating /home/travis/build/icyphy/ptII/ptolemy/actor/lib/test/auto/ModifyDate.xml
7 ms. Memory: 961024K Free: 764435K (80%)
----------------- Invoking toplevel() on ptolemy.moml.MoMLSimpleApplication@177787f6
----------------- Done invoking toplevel() on ptolemy.moml.MoMLSimpleApplication@177787f6
reloadAllAccessors: .ModifyDate
----------------- testing Wed May 09 23:59:33 UTC 2018 /home/travis/build/icyphy/ptII/ptolemy/actor/lib/test/auto/ModifyDate2.xml
----------------- Instantiating /home/travis/build/icyphy/ptII/ptolemy/actor/lib/test/auto/ModifyDate2.xml
3 ms. Memory: 961024K Free: 747375K (78%)
----------------- Invoking toplevel() on ptolemy.moml.MoMLSimpleApplication@64b7c6ef
----------------- Done invoking toplevel() on ptolemy.moml.MoMLSimpleApplication@64b7c6ef
reloadAllAccessors: .ModifyDate2
----------------- testing Wed May 09 23:59:33 UTC 2018 /home/travis/build/icyphy/ptII/ptolemy/actor/lib/test/auto/MovingAverage.xml
----------------- Instantiating /home/travis/build/icyphy/ptII/ptolemy/actor/lib/test/auto/MovingAverage.xml
7 ms. Memory: 961024K Free: 731171K (76%)
----------------- Invoking toplevel() on ptolemy.moml.MoMLSimpleApplication@64d751da
----------------- Done invoking toplevel() on ptolemy.moml.MoMLSimpleApplication@64d751da
reloadAllAccessors: .MovingAverage
----------------- testing Wed May 09 23:59:33 UTC 2018 /home/travis/build/icyphy/ptII/ptolemy/actor/lib/test/auto/MovingMaximum.xml
----------------- Instantiating /home/travis/build/icyphy/ptII/ptolemy/actor/lib/test/auto/MovingMaximum.xml
2 ms. Memory: 961024K Free: 719798K (75%)
----------------- Invoking toplevel() on ptolemy.moml.MoMLSimpleApplication@38d6a781
----------------- Done invoking toplevel() on ptolemy.moml.MoMLSimpleApplication@38d6a781
reloadAllAccessors: .MovingMaximum
----------------- testing Wed May 09 23:59:33 UTC 2018 /home/travis/build/icyphy/ptII/ptolemy/actor/lib/test/auto/MultipleLinksToSameRelation.xml
----------------- Instantiating /home/travis/build/icyphy/ptII/ptolemy/actor/lib/test/auto/MultipleLinksToSameRelation.xml
3 ms. Memory: 961024K Free: 703594K (73%)
----------------- Invoking toplevel() on ptolemy.moml.MoMLSimpleApplication@678f8b22
----------------- Done invoking toplevel() on ptolemy.moml.MoMLSimpleApplication@678f8b22
reloadAllAccessors: .MultipleLinksToSameRelation
----------------- testing Wed May 09 23:59:33 UTC 2018 /home/travis/build/icyphy/ptII/ptolemy/actor/lib/test/auto/MultipleLinksToSameRelationDE.xml
----------------- Instantiating /home/travis/build/icyphy/ptII/ptolemy/actor/lib/test/auto/MultipleLinksToSameRelationDE.xml
3 ms. Memory: 961024K Free: 692221K (72%)
----------------- Invoking toplevel() on ptolemy.moml.MoMLSimpleApplication@727d67e4
----------------- Done invoking toplevel() on ptolemy.moml.MoMLSimpleApplication@727d67e4
reloadAllAccessors: .MultipleLinksToSameRelationDE
----------------- testing Wed May 09 23:59:33 UTC 2018 /home/travis/build/icyphy/ptII/ptolemy/actor/lib/test/auto/Multiplexor.xml
----------------- Instantiating /home/travis/build/icyphy/ptII/ptolemy/actor/lib/test/auto/Multiplexor.xml
2 ms. Memory: 961024K Free: 676017K (70%)
----------------- Invoking toplevel() on ptolemy.moml.MoMLSimpleApplication@64089200
----------------- Done invoking toplevel() on ptolemy.moml.MoMLSimpleApplication@64089200
reloadAllAccessors: .Multiplexor
----------------- testing Wed May 09 23:59:33 UTC 2018 /home/travis/build/icyphy/ptII/ptolemy/actor/lib/test/auto/Multiplexor1.xml
----------------- Instantiating /home/travis/build/icyphy/ptII/ptolemy/actor/lib/test/auto/Multiplexor1.xml
3 ms. Memory: 961024K Free: 664644K (69%)
----------------- Invoking toplevel() on ptolemy.moml.MoMLSimpleApplication@54fb1035
----------------- Done invoking toplevel() on ptolemy.moml.MoMLSimpleApplication@54fb1035
reloadAllAccessors: .Multiplexor1
----------------- testing Wed May 09 23:59:33 UTC 2018 /home/travis/build/icyphy/ptII/ptolemy/actor/lib/test/auto/Multiplexor2.xml
----------------- Instantiating /home/travis/build/icyphy/ptII/ptolemy/actor/lib/test/auto/Multiplexor2.xml
4 ms. Memory: 961024K Free: 648440K (67%)
----------------- Invoking toplevel() on ptolemy.moml.MoMLSimpleApplication@287e825d
----------------- Done invoking toplevel() on ptolemy.moml.MoMLSimpleApplication@287e825d
reloadAllAccessors: .Multiplexor2
----------------- testing Wed May 09 23:59:33 UTC 2018 /home/travis/build/icyphy/ptII/ptolemy/actor/lib/test/auto/Multiplexor3.xml
----------------- Instantiating /home/travis/build/icyphy/ptII/ptolemy/actor/lib/test/auto/Multiplexor3.xml
2 ms. Memory: 961024K Free: 637067K (66%)
----------------- Invoking toplevel() on ptolemy.moml.MoMLSimpleApplication@30afd402
----------------- Done invoking toplevel() on ptolemy.moml.MoMLSimpleApplication@30afd402
reloadAllAccessors: .Multiplexor3
----------------- testing Wed May 09 23:59:33 UTC 2018 /home/travis/build/icyphy/ptII/ptolemy/actor/lib/test/auto/MultiplexorDE.xml
----------------- Instantiating /home/travis/build/icyphy/ptII/ptolemy/actor/lib/test/auto/MultiplexorDE.xml
2 ms. Memory: 961024K Free: 615176K (64%)
----------------- Invoking toplevel() on ptolemy.moml.MoMLSimpleApplication@775a7366
----------------- Done invoking toplevel() on ptolemy.moml.MoMLSimpleApplication@775a7366
reloadAllAccessors: .MultiplexorDE
----------------- testing Wed May 09 23:59:33 UTC 2018 /home/travis/build/icyphy/ptII/ptolemy/actor/lib/test/auto/MultiportBroadcastTest.xml
----------------- Instantiating /home/travis/build/icyphy/ptII/ptolemy/actor/lib/test/auto/MultiportBroadcastTest.xml
94 ms. Memory: 961024K Free: 603803K (63%)
----------------- Invoking toplevel() on ptolemy.moml.MoMLSimpleApplication@14c85de3
----------------- Done invoking toplevel() on ptolemy.moml.MoMLSimpleApplication@14c85de3
reloadAllAccessors: .MultiportBroadcastTest
----------------- testing Wed May 09 23:59:34 UTC 2018 /home/travis/build/icyphy/ptII/ptolemy/actor/lib/test/auto/MultiportOutHangDuringGetWidth.xml
----------------- Instantiating /home/travis/build/icyphy/ptII/ptolemy/actor/lib/test/auto/MultiportOutHangDuringGetWidth.xml
10 ms. Memory: 961024K Free: 581896K (61%)
----------------- Invoking toplevel() on ptolemy.moml.MoMLSimpleApplication@1aff186b
----------------- Done invoking toplevel() on ptolemy.moml.MoMLSimpleApplication@1aff186b
reloadAllAccessors: .MultiportOutHangDuringGetWidth
----------------- testing Wed May 09 23:59:34 UTC 2018 /home/travis/build/icyphy/ptII/ptolemy/actor/lib/test/auto/NilToken.xml
----------------- Instantiating /home/travis/build/icyphy/ptII/ptolemy/actor/lib/test/auto/NilToken.xml
1 ms. Memory: 961024K Free: 570523K (59%)
----------------- Invoking toplevel() on ptolemy.moml.MoMLSimpleApplication@6ed5f018
----------------- Done invoking toplevel() on ptolemy.moml.MoMLSimpleApplication@6ed5f018
reloadAllAccessors: .NilToken
----------------- testing Wed May 09 23:59:34 UTC 2018 /home/travis/build/icyphy/ptII/ptolemy/actor/lib/test/auto/NilTokenNonStrictTest.xml
----------------- Instantiating /home/travis/build/icyphy/ptII/ptolemy/actor/lib/test/auto/NilTokenNonStrictTest.xml
2 ms. Memory: 961024K Free: 554319K (58%)
----------------- Invoking toplevel() on ptolemy.moml.MoMLSimpleApplication@3cb7f3ba
----------------- Done invoking toplevel() on ptolemy.moml.MoMLSimpleApplication@3cb7f3ba
reloadAllAccessors: .NilTokenNonStrictTest
----------------- testing Wed May 09 23:59:34 UTC 2018 /home/travis/build/icyphy/ptII/ptolemy/actor/lib/test/auto/NilTokenRecord.xml
----------------- Instantiating /home/travis/build/icyphy/ptII/ptolemy/actor/lib/test/auto/NilTokenRecord.xml
8 ms. Memory: 961024K Free: 542946K (56%)
----------------- Invoking toplevel() on ptolemy.moml.MoMLSimpleApplication@394bbf04
----------------- Done invoking toplevel() on ptolemy.moml.MoMLSimpleApplication@394bbf04
reloadAllAccessors: .NilTokenRecord
----------------- testing Wed May 09 23:59:34 UTC 2018 /home/travis/build/icyphy/ptII/ptolemy/actor/lib/test/auto/NilTokenTypeTest.xml
----------------- Instantiating /home/travis/build/icyphy/ptII/ptolemy/actor/lib/test/auto/NilTokenTypeTest.xml
5 ms. Memory: 961024K Free: 525870K (55%)
----------------- Invoking toplevel() on ptolemy.moml.MoMLSimpleApplication@65780cda
----------------- Done invoking toplevel() on ptolemy.moml.MoMLSimpleApplication@65780cda
reloadAllAccessors: .NilTokenTypeTest
----------------- testing Wed May 09 23:59:34 UTC 2018 /home/travis/build/icyphy/ptII/ptolemy/actor/lib/test/auto/ObjectToken1.xml
----------------- Instantiating /home/travis/build/icyphy/ptII/ptolemy/actor/lib/test/auto/ObjectToken1.xml
2 ms. Memory: 961024K Free: 509666K (53%)
----------------- Invoking toplevel() on ptolemy.moml.MoMLSimpleApplication@43e0867
----------------- Done invoking toplevel() on ptolemy.moml.MoMLSimpleApplication@43e0867
reloadAllAccessors: .ObjectToken1
----------------- testing Wed May 09 23:59:34 UTC 2018 /home/travis/build/icyphy/ptII/ptolemy/actor/lib/test/auto/OrderedMerge.xml
----------------- Instantiating /home/travis/build/icyphy/ptII/ptolemy/actor/lib/test/auto/OrderedMerge.xml
9 ms. Memory: 961024K Free: 475546K (49%)
----------------- Invoking toplevel() on ptolemy.moml.MoMLSimpleApplication@e280135
----------------- Done invoking toplevel() on ptolemy.moml.MoMLSimpleApplication@e280135
reloadAllAccessors: .OrderedMerge
----------------- testing Wed May 09 23:59:34 UTC 2018 /home/travis/build/icyphy/ptII/ptolemy/actor/lib/test/auto/OrderedRecordDisassembler.xml
----------------- Instantiating /home/travis/build/icyphy/ptII/ptolemy/actor/lib/test/auto/OrderedRecordDisassembler.xml
4 ms. Memory: 961024K Free: 459342K (48%)
----------------- Invoking toplevel() on ptolemy.moml.MoMLSimpleApplication@deb812f
----------------- Done invoking toplevel() on ptolemy.moml.MoMLSimpleApplication@deb812f
reloadAllAccessors: .OrderedRecordDisassembler
----------------- testing Wed May 09 23:59:34 UTC 2018 /home/travis/build/icyphy/ptII/ptolemy/actor/lib/test/auto/OrderedRecordDisassembler2.xml
----------------- Instantiating /home/travis/build/icyphy/ptII/ptolemy/actor/lib/test/auto/OrderedRecordDisassembler2.xml
6 ms. Memory: 961024K Free: 447969K (47%)
----------------- Invoking toplevel() on ptolemy.moml.MoMLSimpleApplication@8e9f76d
----------------- Done invoking toplevel() on ptolemy.moml.MoMLSimpleApplication@8e9f76d
reloadAllAccessors: .OrderedRecordDisassembler2
----------------- testing Wed May 09 23:59:34 UTC 2018 /home/travis/build/icyphy/ptII/ptolemy/actor/lib/test/auto/OrderedRecordUpdater.xml
----------------- Instantiating /home/travis/build/icyphy/ptII/ptolemy/actor/lib/test/auto/OrderedRecordUpdater.xml
2 ms. Memory: 961024K Free: 431765K (45%)
----------------- Invoking toplevel() on ptolemy.moml.MoMLSimpleApplication@4e2a6ad3
----------------- Done invoking toplevel() on ptolemy.moml.MoMLSimpleApplication@4e2a6ad3
reloadAllAccessors: .RecordUpdater
----------------- testing Wed May 09 23:59:34 UTC 2018 /home/travis/build/icyphy/ptII/ptolemy/actor/lib/test/auto/OrderedRecordUpdater2.xml
----------------- Instantiating /home/travis/build/icyphy/ptII/ptolemy/actor/lib/test/auto/OrderedRecordUpdater2.xml
4 ms. Memory: 961024K Free: 420392K (44%)
----------------- Invoking toplevel() on ptolemy.moml.MoMLSimpleApplication@b49ffda
----------------- Done invoking toplevel() on ptolemy.moml.MoMLSimpleApplication@b49ffda
reloadAllAccessors: .RecordUpdater2
----------------- testing Wed May 09 23:59:34 UTC 2018 /home/travis/build/icyphy/ptII/ptolemy/actor/lib/test/auto/PhaseUnwrap.xml
----------------- Instantiating /home/travis/build/icyphy/ptII/ptolemy/actor/lib/test/auto/PhaseUnwrap.xml
3 ms. Memory: 961024K Free: 404188K (42%)
----------------- Invoking toplevel() on ptolemy.moml.MoMLSimpleApplication@1774ce3b
----------------- Done invoking toplevel() on ptolemy.moml.MoMLSimpleApplication@1774ce3b
reloadAllAccessors: .PhaseUnwrap
----------------- testing Wed May 09 23:59:34 UTC 2018 /home/travis/build/icyphy/ptII/ptolemy/actor/lib/test/auto/PoissonClock.xml
----------------- Instantiating /home/travis/build/icyphy/ptII/ptolemy/actor/lib/test/auto/PoissonClock.xml
2 ms. Memory: 961024K Free: 392815K (41%)
----------------- Invoking toplevel() on ptolemy.moml.MoMLSimpleApplication@48b27a4a
----------------- Done invoking toplevel() on ptolemy.moml.MoMLSimpleApplication@48b27a4a
reloadAllAccessors: .PoissonClock
----------------- testing Wed May 09 23:59:34 UTC 2018 /home/travis/build/icyphy/ptII/ptolemy/actor/lib/test/auto/PoissonClock2.xml
----------------- Instantiating /home/travis/build/icyphy/ptII/ptolemy/actor/lib/test/auto/PoissonClock2.xml
2 ms. Memory: 961024K Free: 376611K (39%)
----------------- Invoking toplevel() on ptolemy.moml.MoMLSimpleApplication@478bf658
----------------- Done invoking toplevel() on ptolemy.moml.MoMLSimpleApplication@478bf658
reloadAllAccessors: .PoissonClock2
----------------- testing Wed May 09 23:59:34 UTC 2018 /home/travis/build/icyphy/ptII/ptolemy/actor/lib/test/auto/PoissonClock3.xml
----------------- Instantiating /home/travis/build/icyphy/ptII/ptolemy/actor/lib/test/auto/PoissonClock3.xml
2 ms. Memory: 961024K Free: 365238K (38%)
----------------- Invoking toplevel() on ptolemy.moml.MoMLSimpleApplication@80f8400
----------------- Done invoking toplevel() on ptolemy.moml.MoMLSimpleApplication@80f8400
reloadAllAccessors: .PoissonClock3
----------------- testing Wed May 09 23:59:34 UTC 2018 /home/travis/build/icyphy/ptII/ptolemy/actor/lib/test/auto/PubSubWithInitialTokens.xml
----------------- Instantiating /home/travis/build/icyphy/ptII/ptolemy/actor/lib/test/auto/PubSubWithInitialTokens.xml
3 ms. Memory: 961024K Free: 349034K (36%)
----------------- Invoking toplevel() on ptolemy.moml.MoMLSimpleApplication@1c3a0fd0
----------------- Done invoking toplevel() on ptolemy.moml.MoMLSimpleApplication@1c3a0fd0
reloadAllAccessors: .PubSubWithInitialTokens
----------------- testing Wed May 09 23:59:34 UTC 2018 /home/travis/build/icyphy/ptII/ptolemy/actor/lib/test/auto/PubSubWithInitialTokens2.xml
----------------- Instantiating /home/travis/build/icyphy/ptII/ptolemy/actor/lib/test/auto/PubSubWithInitialTokens2.xml
3 ms. Memory: 961024K Free: 337661K (35%)
----------------- Invoking toplevel() on ptolemy.moml.MoMLSimpleApplication@3f261f73
----------------- Done invoking toplevel() on ptolemy.moml.MoMLSimpleApplication@3f261f73
reloadAllAccessors: .PubSubWithInitialTokens2
----------------- testing Wed May 09 23:59:34 UTC 2018 /home/travis/build/icyphy/ptII/ptolemy/actor/lib/test/auto/PublisherClassNoParameter.xml
----------------- Instantiating /home/travis/build/icyphy/ptII/ptolemy/actor/lib/test/auto/PublisherClassNoParameter.xml
3 ms. Memory: 961024K Free: 315762K (33%)
----------------- Invoking toplevel() on ptolemy.moml.MoMLSimpleApplication@4b810c71
----------------- Done invoking toplevel() on ptolemy.moml.MoMLSimpleApplication@4b810c71
reloadAllAccessors: .PublisherClassNoParameter
----------------- testing Wed May 09 23:59:34 UTC 2018 /home/travis/build/icyphy/ptII/ptolemy/actor/lib/test/auto/PublisherClassParameter.xml
----------------- Instantiating /home/travis/build/icyphy/ptII/ptolemy/actor/lib/test/auto/PublisherClassParameter.xml
3 ms. Memory: 961024K Free: 298687K (31%)
----------------- Invoking toplevel() on ptolemy.moml.MoMLSimpleApplication@162504a8
----------------- Done invoking toplevel() on ptolemy.moml.MoMLSimpleApplication@162504a8
reloadAllAccessors: .PublisherClassParameter
----------------- testing Wed May 09 23:59:34 UTC 2018 /home/travis/build/icyphy/ptII/ptolemy/actor/lib/test/auto/PublisherNonStrictTest.xml
----------------- Instantiating /home/travis/build/icyphy/ptII/ptolemy/actor/lib/test/auto/PublisherNonStrictTest.xml
3 ms. Memory: 961024K Free: 282483K (29%)
----------------- Invoking toplevel() on ptolemy.moml.MoMLSimpleApplication@48d03b94
----------------- Done invoking toplevel() on ptolemy.moml.MoMLSimpleApplication@48d03b94
reloadAllAccessors: .PublisherNonStrictTest
----------------- testing Wed May 09 23:59:34 UTC 2018 /home/travis/build/icyphy/ptII/ptolemy/actor/lib/test/auto/PublisherPort1.xml
----------------- Instantiating /home/travis/build/icyphy/ptII/ptolemy/actor/lib/test/auto/PublisherPort1.xml
7 ms. Memory: 961024K Free: 271109K (28%)
----------------- Invoking toplevel() on ptolemy.moml.MoMLSimpleApplication@5af7b053
----------------- Done invoking toplevel() on ptolemy.moml.MoMLSimpleApplication@5af7b053
reloadAllAccessors: .PublisherPort1
----------------- testing Wed May 09 23:59:34 UTC 2018 /home/travis/build/icyphy/ptII/ptolemy/actor/lib/test/auto/PublisherPort2.xml
----------------- Instantiating /home/travis/build/icyphy/ptII/ptolemy/actor/lib/test/auto/PublisherPort2.xml
2 ms. Memory: 961024K Free: 254906K (27%)
----------------- Invoking toplevel() on ptolemy.moml.MoMLSimpleApplication@79f4aa1e
----------------- Done invoking toplevel() on ptolemy.moml.MoMLSimpleApplication@79f4aa1e
reloadAllAccessors: .PublisherPort2
----------------- testing Wed May 09 23:59:34 UTC 2018 /home/travis/build/icyphy/ptII/ptolemy/actor/lib/test/auto/PublisherPort3.xml
----------------- Instantiating /home/travis/build/icyphy/ptII/ptolemy/actor/lib/test/auto/PublisherPort3.xml
4 ms. Memory: 961024K Free: 243532K (25%)
----------------- Invoking toplevel() on ptolemy.moml.MoMLSimpleApplication@43458917
----------------- Done invoking toplevel() on ptolemy.moml.MoMLSimpleApplication@43458917
reloadAllAccessors: .PublisherPort3
----------------- testing Wed May 09 23:59:34 UTC 2018 /home/travis/build/icyphy/ptII/ptolemy/actor/lib/test/auto/PublisherPort4.xml
----------------- Instantiating /home/travis/build/icyphy/ptII/ptolemy/actor/lib/test/auto/PublisherPort4.xml
5 ms. Memory: 961024K Free: 227329K (24%)
----------------- Invoking toplevel() on ptolemy.moml.MoMLSimpleApplication@160039af
----------------- Done invoking toplevel() on ptolemy.moml.MoMLSimpleApplication@160039af
reloadAllAccessors: .PublisherPort4
----------------- testing Wed May 09 23:59:34 UTC 2018 /home/travis/build/icyphy/ptII/ptolemy/actor/lib/test/auto/PublisherPort5.xml
----------------- Instantiating /home/travis/build/icyphy/ptII/ptolemy/actor/lib/test/auto/PublisherPort5.xml
5 ms. Memory: 961024K Free: 215955K (22%)
----------------- Invoking toplevel() on ptolemy.moml.MoMLSimpleApplication@40eae67b
----------------- Done invoking toplevel() on ptolemy.moml.MoMLSimpleApplication@40eae67b
reloadAllAccessors: .PublisherPort5
----------------- testing Wed May 09 23:59:34 UTC 2018 /home/travis/build/icyphy/ptII/ptolemy/actor/lib/test/auto/PublisherPort5LookAlike.xml
----------------- Instantiating /home/travis/build/icyphy/ptII/ptolemy/actor/lib/test/auto/PublisherPort5LookAlike.xml
6 ms. Memory: 961024K Free: 199752K (21%)
----------------- Invoking toplevel() on ptolemy.moml.MoMLSimpleApplication@11bbd86a
----------------- Done invoking toplevel() on ptolemy.moml.MoMLSimpleApplication@11bbd86a
reloadAllAccessors: .PublisherPort5LookAlike
----------------- testing Wed May 09 23:59:34 UTC 2018 /home/travis/build/icyphy/ptII/ptolemy/actor/lib/test/auto/PublisherPort6.xml
----------------- Instantiating /home/travis/build/icyphy/ptII/ptolemy/actor/lib/test/auto/PublisherPort6.xml
3 ms. Memory: 961024K Free: 188378K (20%)
----------------- Invoking toplevel() on ptolemy.moml.MoMLSimpleApplication@6ef4e7c9
----------------- Done invoking toplevel() on ptolemy.moml.MoMLSimpleApplication@6ef4e7c9
reloadAllAccessors: .PublisherPort6
----------------- testing Wed May 09 23:59:34 UTC 2018 /home/travis/build/icyphy/ptII/ptolemy/actor/lib/test/auto/PublisherPort7.xml
----------------- Instantiating /home/travis/build/icyphy/ptII/ptolemy/actor/lib/test/auto/PublisherPort7.xml
5 ms. Memory: 961024K Free: 172174K (18%)
----------------- Invoking toplevel() on ptolemy.moml.MoMLSimpleApplication@30deb075
----------------- Done invoking toplevel() on ptolemy.moml.MoMLSimpleApplication@30deb075
reloadAllAccessors: .PublisherPort7
----------------- testing Wed May 09 23:59:34 UTC 2018 /home/travis/build/icyphy/ptII/ptolemy/actor/lib/test/auto/PublisherPort8.xml
----------------- Instantiating /home/travis/build/icyphy/ptII/ptolemy/actor/lib/test/auto/PublisherPort8.xml
8 ms. Memory: 961024K Free: 160801K (17%)
----------------- Invoking toplevel() on ptolemy.moml.MoMLSimpleApplication@720b844e
----------------- Done invoking toplevel() on ptolemy.moml.MoMLSimpleApplication@720b844e
reloadAllAccessors: .PublisherPort8
----------------- testing Wed May 09 23:59:34 UTC 2018 /home/travis/build/icyphy/ptII/ptolemy/actor/lib/test/auto/PublisherPortSubscriberChannelVariablesAOC2.xml
----------------- Instantiating /home/travis/build/icyphy/ptII/ptolemy/actor/lib/test/auto/PublisherPortSubscriberChannelVariablesAOC2.xml
6 ms. Memory: 961024K Free: 133208K (14%)
----------------- Invoking toplevel() on ptolemy.moml.MoMLSimpleApplication@faffec5
----------------- Done invoking toplevel() on ptolemy.moml.MoMLSimpleApplication@faffec5
reloadAllAccessors: .PublisherPortSubscriberChannelVariablesAOC2
----------------- testing Wed May 09 23:59:35 UTC 2018 /home/travis/build/icyphy/ptII/ptolemy/actor/lib/test/auto/PublisherPortSubscriberOpaqueWidthInference.xml
----------------- Instantiating /home/travis/build/icyphy/ptII/ptolemy/actor/lib/test/auto/PublisherPortSubscriberOpaqueWidthInference.xml
10 ms. Memory: 961024K Free: 121835K (13%)
----------------- Invoking toplevel() on ptolemy.moml.MoMLSimpleApplication@7ee01ae9
----------------- Done invoking toplevel() on ptolemy.moml.MoMLSimpleApplication@7ee01ae9
reloadAllAccessors: .PublisherPortSubscriberOpaqueWidthInference
----------------- testing Wed May 09 23:59:35 UTC 2018 /home/travis/build/icyphy/ptII/ptolemy/actor/lib/test/auto/PublisherPortSubscriberPortAdjacent.xml
----------------- Instantiating /home/travis/build/icyphy/ptII/ptolemy/actor/lib/test/auto/PublisherPortSubscriberPortAdjacent.xml
5 ms. Memory: 961024K Free: 99928K (10%)
----------------- Invoking toplevel() on ptolemy.moml.MoMLSimpleApplication@a7f9366
----------------- Done invoking toplevel() on ptolemy.moml.MoMLSimpleApplication@a7f9366
reloadAllAccessors: .PublisherPortSubscriberPortAdjacent
----------------- testing Wed May 09 23:59:35 UTC 2018 /home/travis/build/icyphy/ptII/ptolemy/actor/lib/test/auto/PublisherPortSubscriberPortExpression.xml
----------------- Instantiating /home/travis/build/icyphy/ptII/ptolemy/actor/lib/test/auto/PublisherPortSubscriberPortExpression.xml
8 ms. Memory: 961024K Free: 88555K (9%)
----------------- Invoking toplevel() on ptolemy.moml.MoMLSimpleApplication@3d35282d
----------------- Done invoking toplevel() on ptolemy.moml.MoMLSimpleApplication@3d35282d
reloadAllAccessors: .PublisherPortSubscriberPortExpression
----------------- testing Wed May 09 23:59:35 UTC 2018 /home/travis/build/icyphy/ptII/ptolemy/actor/lib/test/auto/PublisherPortSubscriberPortOpaqueD3Reverse.xml
----------------- Instantiating /home/travis/build/icyphy/ptII/ptolemy/actor/lib/test/auto/PublisherPortSubscriberPortOpaqueD3Reverse.xml
14 ms. Memory: 961024K Free: 69299K (7%)
----------------- Invoking toplevel() on ptolemy.moml.MoMLSimpleApplication@3e29f795
----------------- Done invoking toplevel() on ptolemy.moml.MoMLSimpleApplication@3e29f795
reloadAllAccessors: .PublisherPortSubscriberPortOpaqueD3Reverse
----------------- testing Wed May 09 23:59:35 UTC 2018 /home/travis/build/icyphy/ptII/ptolemy/actor/lib/test/auto/PublisherPortSubscriberPortOpaqueWidthInference.xml
----------------- Instantiating /home/travis/build/icyphy/ptII/ptolemy/actor/lib/test/auto/PublisherPortSubscriberPortOpaqueWidthInference.xml
5 ms. Memory: 965632K Free: 915406K (95%)
----------------- Invoking toplevel() on ptolemy.moml.MoMLSimpleApplication@46b2907c
----------------- Done invoking toplevel() on ptolemy.moml.MoMLSimpleApplication@46b2907c
reloadAllAccessors: .PublisherPortSubscriberPortOpaqueWidthInference
----------------- testing Wed May 09 23:59:35 UTC 2018 /home/travis/build/icyphy/ptII/ptolemy/actor/lib/test/auto/PublisherPortToplevelSubscriberPortAOC.xml
----------------- Instantiating /home/travis/build/icyphy/ptII/ptolemy/actor/lib/test/auto/PublisherPortToplevelSubscriberPortAOC.xml
.PublisherPortToplevelSubscriberPortAOC.TestExceptionAttribute: initialize() was not invoked, but wrapup() was.  This is unusual, but not always a problem.  For example, exporting JNLP will do this.
1 ms. Memory: 965632K Free: 899996K (93%)
----------------- Invoking toplevel() on ptolemy.moml.MoMLSimpleApplication@4ef917d5
----------------- Done invoking toplevel() on ptolemy.moml.MoMLSimpleApplication@4ef917d5
reloadAllAccessors: .PublisherPortToplevelSubscriberPortAOC
----------------- testing Wed May 09 23:59:35 UTC 2018 /home/travis/build/icyphy/ptII/ptolemy/actor/lib/test/auto/PublisherSubscriber.xml
----------------- Instantiating /home/travis/build/icyphy/ptII/ptolemy/actor/lib/test/auto/PublisherSubscriber.xml
4 ms. Memory: 965632K Free: 884586K (92%)
----------------- Invoking toplevel() on ptolemy.moml.MoMLSimpleApplication@1c5f42a
----------------- Done invoking toplevel() on ptolemy.moml.MoMLSimpleApplication@1c5f42a
reloadAllAccessors: .PublisherSubscriber
----------------- testing Wed May 09 23:59:35 UTC 2018 /home/travis/build/icyphy/ptII/ptolemy/actor/lib/test/auto/PublisherSubscriber10.xml
----------------- Instantiating /home/travis/build/icyphy/ptII/ptolemy/actor/lib/test/auto/PublisherSubscriber10.xml
8 ms. Memory: 965632K Free: 867518K (90%)
----------------- Invoking toplevel() on ptolemy.moml.MoMLSimpleApplication@68193f42
----------------- Done invoking toplevel() on ptolemy.moml.MoMLSimpleApplication@68193f42
reloadAllAccessors: .PublisherSubscriber10
----------------- testing Wed May 09 23:59:35 UTC 2018 /home/travis/build/icyphy/ptII/ptolemy/actor/lib/test/auto/PublisherSubscriber10InitialOutputs.xml
----------------- Instantiating /home/travis/build/icyphy/ptII/ptolemy/actor/lib/test/auto/PublisherSubscriber10InitialOutputs.xml
7 ms. Memory: 965632K Free: 846422K (88%)
----------------- Invoking toplevel() on ptolemy.moml.MoMLSimpleApplication@2db606c5
----------------- Done invoking toplevel() on ptolemy.moml.MoMLSimpleApplication@2db606c5
reloadAllAccessors: .PublisherSubscriber10InitialOutputs
----------------- testing Wed May 09 23:59:35 UTC 2018 /home/travis/build/icyphy/ptII/ptolemy/actor/lib/test/auto/PublisherSubscriber11.xml
----------------- Instantiating /home/travis/build/icyphy/ptII/ptolemy/actor/lib/test/auto/PublisherSubscriber11.xml
4 ms. Memory: 965632K Free: 835049K (86%)
----------------- Invoking toplevel() on ptolemy.moml.MoMLSimpleApplication@4a9e94c3
----------------- Done invoking toplevel() on ptolemy.moml.MoMLSimpleApplication@4a9e94c3
reloadAllAccessors: .PublisherSubscriber11
----------------- testing Wed May 09 23:59:35 UTC 2018 /home/travis/build/icyphy/ptII/ptolemy/actor/lib/test/auto/PublisherSubscriber12.xml
----------------- Instantiating /home/travis/build/icyphy/ptII/ptolemy/actor/lib/test/auto/PublisherSubscriber12.xml
4 ms. Memory: 965632K Free: 819639K (85%)
----------------- Invoking toplevel() on ptolemy.moml.MoMLSimpleApplication@21e8bae8
----------------- Done invoking toplevel() on ptolemy.moml.MoMLSimpleApplication@21e8bae8
reloadAllAccessors: .PublisherSubscriber12
----------------- testing Wed May 09 23:59:35 UTC 2018 /home/travis/build/icyphy/ptII/ptolemy/actor/lib/test/auto/PublisherSubscriber13.xml
----------------- Instantiating /home/travis/build/icyphy/ptII/ptolemy/actor/lib/test/auto/PublisherSubscriber13.xml
3 ms. Memory: 965632K Free: 804229K (83%)
----------------- Invoking toplevel() on ptolemy.moml.MoMLSimpleApplication@3a00b247
----------------- Done invoking toplevel() on ptolemy.moml.MoMLSimpleApplication@3a00b247
reloadAllAccessors: .PublisherSubscriber13
----------------- testing Wed May 09 23:59:35 UTC 2018 /home/travis/build/icyphy/ptII/ptolemy/actor/lib/test/auto/PublisherSubscriber14.xml
----------------- Instantiating /home/travis/build/icyphy/ptII/ptolemy/actor/lib/test/auto/PublisherSubscriber14.xml
3 ms. Memory: 965632K Free: 787153K (82%)
----------------- Invoking toplevel() on ptolemy.moml.MoMLSimpleApplication@6109d36c
----------------- Done invoking toplevel() on ptolemy.moml.MoMLSimpleApplication@6109d36c
reloadAllAccessors: .PublisherSubscriber14
----------------- testing Wed May 09 23:59:35 UTC 2018 /home/travis/build/icyphy/ptII/ptolemy/actor/lib/test/auto/PublisherSubscriber2.xml
----------------- Instantiating /home/travis/build/icyphy/ptII/ptolemy/actor/lib/test/auto/PublisherSubscriber2.xml
3 ms. Memory: 965632K Free: 771743K (80%)
----------------- Invoking toplevel() on ptolemy.moml.MoMLSimpleApplication@453ede64
----------------- Done invoking toplevel() on ptolemy.moml.MoMLSimpleApplication@453ede64
reloadAllAccessors: .PublisherSubscriber2
----------------- testing Wed May 09 23:59:35 UTC 2018 /home/travis/build/icyphy/ptII/ptolemy/actor/lib/test/auto/PublisherSubscriber3.xml
----------------- Instantiating /home/travis/build/icyphy/ptII/ptolemy/actor/lib/test/auto/PublisherSubscriber3.xml
2 ms. Memory: 965632K Free: 760349K (79%)
----------------- Invoking toplevel() on ptolemy.moml.MoMLSimpleApplication@23e3ea9b
----------------- Done invoking toplevel() on ptolemy.moml.MoMLSimpleApplication@23e3ea9b
reloadAllAccessors: .PublisherSubscriber3
----------------- testing Wed May 09 23:59:35 UTC 2018 /home/travis/build/icyphy/ptII/ptolemy/actor/lib/test/auto/PublisherSubscriber4.xml
----------------- Instantiating /home/travis/build/icyphy/ptII/ptolemy/actor/lib/test/auto/PublisherSubscriber4.xml
3 ms. Memory: 965632K Free: 744939K (77%)
----------------- Invoking toplevel() on ptolemy.moml.MoMLSimpleApplication@4783a165
----------------- Done invoking toplevel() on ptolemy.moml.MoMLSimpleApplication@4783a165
reloadAllAccessors: .PublisherSubscriber4
----------------- testing Wed May 09 23:59:35 UTC 2018 /home/travis/build/icyphy/ptII/ptolemy/actor/lib/test/auto/PublisherSubscriber5.xml
----------------- Instantiating /home/travis/build/icyphy/ptII/ptolemy/actor/lib/test/auto/PublisherSubscriber5.xml
3 ms. Memory: 965632K Free: 729529K (76%)
----------------- Invoking toplevel() on ptolemy.moml.MoMLSimpleApplication@512b56e7
----------------- Done invoking toplevel() on ptolemy.moml.MoMLSimpleApplication@512b56e7
reloadAllAccessors: .PublisherSubscriber5
----------------- testing Wed May 09 23:59:35 UTC 2018 /home/travis/build/icyphy/ptII/ptolemy/actor/lib/test/auto/PublisherSubscriber6.xml
----------------- Instantiating /home/travis/build/icyphy/ptII/ptolemy/actor/lib/test/auto/PublisherSubscriber6.xml
3 ms. Memory: 965632K Free: 718156K (74%)
----------------- Invoking toplevel() on ptolemy.moml.MoMLSimpleApplication@2dbcd67f
----------------- Done invoking toplevel() on ptolemy.moml.MoMLSimpleApplication@2dbcd67f
reloadAllAccessors: .PublisherSubscriber6
----------------- testing Wed May 09 23:59:35 UTC 2018 /home/travis/build/icyphy/ptII/ptolemy/actor/lib/test/auto/PublisherSubscriber7.xml
----------------- Instantiating /home/travis/build/icyphy/ptII/ptolemy/actor/lib/test/auto/PublisherSubscriber7.xml
3 ms. Memory: 965632K Free: 702746K (73%)
----------------- Invoking toplevel() on ptolemy.moml.MoMLSimpleApplication@57bb8f8e
----------------- Done invoking toplevel() on ptolemy.moml.MoMLSimpleApplication@57bb8f8e
reloadAllAccessors: .PublisherSubscriber7
----------------- testing Wed May 09 23:59:35 UTC 2018 /home/travis/build/icyphy/ptII/ptolemy/actor/lib/test/auto/PublisherSubscriber8.xml
----------------- Instantiating /home/travis/build/icyphy/ptII/ptolemy/actor/lib/test/auto/PublisherSubscriber8.xml
13 ms. Memory: 965632K Free: 634506K (66%)
----------------- Invoking toplevel() on ptolemy.moml.MoMLSimpleApplication@1b835047
----------------- Done invoking toplevel() on ptolemy.moml.MoMLSimpleApplication@1b835047
reloadAllAccessors: .PublisherSubscriber8
----------------- testing Wed May 09 23:59:35 UTC 2018 /home/travis/build/icyphy/ptII/ptolemy/actor/lib/test/auto/PublisherSubscriber9.xml
----------------- Instantiating /home/travis/build/icyphy/ptII/ptolemy/actor/lib/test/auto/PublisherSubscriber9.xml
4 ms. Memory: 965632K Free: 619096K (64%)
----------------- Invoking toplevel() on ptolemy.moml.MoMLSimpleApplication@724fac7d
----------------- Done invoking toplevel() on ptolemy.moml.MoMLSimpleApplication@724fac7d
reloadAllAccessors: .PublisherSubscriber9
----------------- testing Wed May 09 23:59:35 UTC 2018 /home/travis/build/icyphy/ptII/ptolemy/actor/lib/test/auto/PublisherSubscriberAdjacent.xml
----------------- Instantiating /home/travis/build/icyphy/ptII/ptolemy/actor/lib/test/auto/PublisherSubscriberAdjacent.xml
3 ms. Memory: 965632K Free: 602036K (62%)
----------------- Invoking toplevel() on ptolemy.moml.MoMLSimpleApplication@77cb5170
----------------- Done invoking toplevel() on ptolemy.moml.MoMLSimpleApplication@77cb5170
reloadAllAccessors: .PublisherSubscriberAdjacent
----------------- testing Wed May 09 23:59:35 UTC 2018 /home/travis/build/icyphy/ptII/ptolemy/actor/lib/test/auto/PublisherSubscriberChannelVariablesAOC2.xml
----------------- Instantiating /home/travis/build/icyphy/ptII/ptolemy/actor/lib/test/auto/PublisherSubscriberChannelVariablesAOC2.xml
4 ms. Memory: 965632K Free: 575237K (60%)
----------------- Invoking toplevel() on ptolemy.moml.MoMLSimpleApplication@47589fd6
----------------- Done invoking toplevel() on ptolemy.moml.MoMLSimpleApplication@47589fd6
reloadAllAccessors: .PublisherSubscriberChannelVariablesAOC2
----------------- testing Wed May 09 23:59:35 UTC 2018 /home/travis/build/icyphy/ptII/ptolemy/actor/lib/test/auto/PublisherSubscriberD3.xml
----------------- Instantiating /home/travis/build/icyphy/ptII/ptolemy/actor/lib/test/auto/PublisherSubscriberD3.xml
2 ms. Memory: 965632K Free: 559827K (58%)
----------------- Invoking toplevel() on ptolemy.moml.MoMLSimpleApplication@fbe6a80
----------------- Done invoking toplevel() on ptolemy.moml.MoMLSimpleApplication@fbe6a80
reloadAllAccessors: .PublisherSubscriberD3
----------------- testing Wed May 09 23:59:35 UTC 2018 /home/travis/build/icyphy/ptII/ptolemy/actor/lib/test/auto/PublisherSubscriberD3Reverse.xml
----------------- Instantiating /home/travis/build/icyphy/ptII/ptolemy/actor/lib/test/auto/PublisherSubscriberD3Reverse.xml
2 ms. Memory: 965632K Free: 548453K (57%)
----------------- Invoking toplevel() on ptolemy.moml.MoMLSimpleApplication@62e39edd
----------------- Done invoking toplevel() on ptolemy.moml.MoMLSimpleApplication@62e39edd
reloadAllAccessors: .PublisherSubscriberD3Reverse
----------------- testing Wed May 09 23:59:35 UTC 2018 /home/travis/build/icyphy/ptII/ptolemy/actor/lib/test/auto/PublisherSubscriberExpression.xml
----------------- Instantiating /home/travis/build/icyphy/ptII/ptolemy/actor/lib/test/auto/PublisherSubscriberExpression.xml
5 ms. Memory: 965632K Free: 527357K (55%)
----------------- Invoking toplevel() on ptolemy.moml.MoMLSimpleApplication@44883c08
----------------- Done invoking toplevel() on ptolemy.moml.MoMLSimpleApplication@44883c08
reloadAllAccessors: .PublisherSubscriberExpression
----------------- testing Wed May 09 23:59:35 UTC 2018 /home/travis/build/icyphy/ptII/ptolemy/actor/lib/test/auto/PublisherSubscriberOpaque.xml
----------------- Instantiating /home/travis/build/icyphy/ptII/ptolemy/actor/lib/test/auto/PublisherSubscriberOpaque.xml
5 ms. Memory: 965632K Free: 515983K (53%)
----------------- Invoking toplevel() on ptolemy.moml.MoMLSimpleApplication@8be3d99
----------------- Done invoking toplevel() on ptolemy.moml.MoMLSimpleApplication@8be3d99
reloadAllAccessors: .PublisherSubscriberOpaque
----------------- testing Wed May 09 23:59:35 UTC 2018 /home/travis/build/icyphy/ptII/ptolemy/actor/lib/test/auto/PublisherSubscriberOpaqueD3.xml
----------------- Instantiating /home/travis/build/icyphy/ptII/ptolemy/actor/lib/test/auto/PublisherSubscriberOpaqueD3.xml
6 ms. Memory: 965632K Free: 494871K (51%)
----------------- Invoking toplevel() on ptolemy.moml.MoMLSimpleApplication@3f2d45ab
----------------- Done invoking toplevel() on ptolemy.moml.MoMLSimpleApplication@3f2d45ab
reloadAllAccessors: .PublisherSubscriberOpaqueD3
----------------- testing Wed May 09 23:59:35 UTC 2018 /home/travis/build/icyphy/ptII/ptolemy/actor/lib/test/auto/PublisherSubscriberOpaqueD3Reverse.xml
----------------- Instantiating /home/travis/build/icyphy/ptII/ptolemy/actor/lib/test/auto/PublisherSubscriberOpaqueD3Reverse.xml
7 ms. Memory: 965632K Free: 473766K (49%)
----------------- Invoking toplevel() on ptolemy.moml.MoMLSimpleApplication@4bd4dd60
----------------- Done invoking toplevel() on ptolemy.moml.MoMLSimpleApplication@4bd4dd60
reloadAllAccessors: .PublisherSubscriberOpaqueD3Reverse
----------------- testing Wed May 09 23:59:35 UTC 2018 /home/travis/build/icyphy/ptII/ptolemy/actor/lib/test/auto/PublisherSubscriberOpaqueWidthInference.xml
----------------- Instantiating /home/travis/build/icyphy/ptII/ptolemy/actor/lib/test/auto/PublisherSubscriberOpaqueWidthInference.xml
5 ms. Memory: 965632K Free: 456690K (47%)
----------------- Invoking toplevel() on ptolemy.moml.MoMLSimpleApplication@2806a950
----------------- Done invoking toplevel() on ptolemy.moml.MoMLSimpleApplication@2806a950
reloadAllAccessors: .PublisherSubscriberOpaqueWidthInference
----------------- testing Wed May 09 23:59:35 UTC 2018 /home/travis/build/icyphy/ptII/ptolemy/actor/lib/test/auto/PublisherTestSubscriber.xml
----------------- Instantiating /home/travis/build/icyphy/ptII/ptolemy/actor/lib/test/auto/PublisherTestSubscriber.xml
4 ms. Memory: 965632K Free: 441280K (46%)
----------------- Invoking toplevel() on ptolemy.moml.MoMLSimpleApplication@53005a29
----------------- Done invoking toplevel() on ptolemy.moml.MoMLSimpleApplication@53005a29
reloadAllAccessors: .PublisherTestSubscriber
----------------- testing Wed May 09 23:59:36 UTC 2018 /home/travis/build/icyphy/ptII/ptolemy/actor/lib/test/auto/PublisherToplevelSubscriberPortAOC.xml
----------------- Instantiating /home/travis/build/icyphy/ptII/ptolemy/actor/lib/test/auto/PublisherToplevelSubscriberPortAOC.xml
3 ms. Memory: 965632K Free: 429907K (45%)
----------------- Invoking toplevel() on ptolemy.moml.MoMLSimpleApplication@17edddd3
----------------- Done invoking toplevel() on ptolemy.moml.MoMLSimpleApplication@17edddd3
reloadAllAccessors: .PublisherToplevelSubscriberPortAOC
----------------- testing Wed May 09 23:59:36 UTC 2018 /home/travis/build/icyphy/ptII/ptolemy/actor/lib/test/auto/PulseFiringLimitDE.xml
----------------- Instantiating /home/travis/build/icyphy/ptII/ptolemy/actor/lib/test/auto/PulseFiringLimitDE.xml
3 ms. Memory: 965632K Free: 414497K (43%)
----------------- Invoking toplevel() on ptolemy.moml.MoMLSimpleApplication@1f79c2a8
----------------- Done invoking toplevel() on ptolemy.moml.MoMLSimpleApplication@1f79c2a8
reloadAllAccessors: .PulseFiringLimitDE
----------------- testing Wed May 09 23:59:36 UTC 2018 /home/travis/build/icyphy/ptII/ptolemy/actor/lib/test/auto/Ramp1.xml
----------------- Instantiating /home/travis/build/icyphy/ptII/ptolemy/actor/lib/test/auto/Ramp1.xml
1 ms. Memory: 965632K Free: 399087K (41%)
----------------- Invoking toplevel() on ptolemy.moml.MoMLSimpleApplication@765631b8
----------------- Done invoking toplevel() on ptolemy.moml.MoMLSimpleApplication@765631b8
reloadAllAccessors: .Ramp1
----------------- testing Wed May 09 23:59:36 UTC 2018 /home/travis/build/icyphy/ptII/ptolemy/actor/lib/test/auto/RampFiringLimitDE.xml
----------------- Instantiating /home/travis/build/icyphy/ptII/ptolemy/actor/lib/test/auto/RampFiringLimitDE.xml
4 ms. Memory: 965632K Free: 387713K (40%)
----------------- Invoking toplevel() on ptolemy.moml.MoMLSimpleApplication@7c21dc81
----------------- Done invoking toplevel() on ptolemy.moml.MoMLSimpleApplication@7c21dc81
reloadAllAccessors: .RampFiringLimitDE
----------------- testing Wed May 09 23:59:36 UTC 2018 /home/travis/build/icyphy/ptII/ptolemy/actor/lib/test/auto/RampFiringLimitSDF.xml
----------------- Instantiating /home/travis/build/icyphy/ptII/ptolemy/actor/lib/test/auto/RampFiringLimitSDF.xml
2 ms. Memory: 965632K Free: 372303K (39%)
----------------- Invoking toplevel() on ptolemy.moml.MoMLSimpleApplication@49ba455a
----------------- Done invoking toplevel() on ptolemy.moml.MoMLSimpleApplication@49ba455a
reloadAllAccessors: .RampFiringLimitSDF
----------------- testing Wed May 09 23:59:36 UTC 2018 /home/travis/build/icyphy/ptII/ptolemy/actor/lib/test/auto/RandomInteger.xml
----------------- Instantiating /home/travis/build/icyphy/ptII/ptolemy/actor/lib/test/auto/RandomInteger.xml
2 ms. Memory: 965632K Free: 360930K (37%)
----------------- Invoking toplevel() on ptolemy.moml.MoMLSimpleApplication@59423565
----------------- Done invoking toplevel() on ptolemy.moml.MoMLSimpleApplication@59423565
reloadAllAccessors: .RandomInteger
----------------- testing Wed May 09 23:59:36 UTC 2018 /home/travis/build/icyphy/ptII/ptolemy/actor/lib/test/auto/ReadFile1.xml
----------------- Instantiating /home/travis/build/icyphy/ptII/ptolemy/actor/lib/test/auto/ReadFile1.xml
1 ms. Memory: 965632K Free: 345520K (36%)
----------------- Invoking toplevel() on ptolemy.moml.MoMLSimpleApplication@6553070f
----------------- Done invoking toplevel() on ptolemy.moml.MoMLSimpleApplication@6553070f
reloadAllAccessors: .ReadFile1
----------------- testing Wed May 09 23:59:36 UTC 2018 /home/travis/build/icyphy/ptII/ptolemy/actor/lib/test/auto/ReadFile2.xml
----------------- Instantiating /home/travis/build/icyphy/ptII/ptolemy/actor/lib/test/auto/ReadFile2.xml
1 ms. Memory: 965632K Free: 330110K (34%)
----------------- Invoking toplevel() on ptolemy.moml.MoMLSimpleApplication@20609846
----------------- Done invoking toplevel() on ptolemy.moml.MoMLSimpleApplication@20609846
reloadAllAccessors: .ReadFile2
----------------- testing Wed May 09 23:59:36 UTC 2018 /home/travis/build/icyphy/ptII/ptolemy/actor/lib/test/auto/Reader.xml
----------------- Instantiating /home/travis/build/icyphy/ptII/ptolemy/actor/lib/test/auto/Reader.xml
actor.lib.Reader is obsolete, use actor.lib.io.ExpressionReader instead
4 ms. Memory: 965632K Free: 318737K (33%)
----------------- Invoking toplevel() on ptolemy.moml.MoMLSimpleApplication@6a3005ee
----------------- Done invoking toplevel() on ptolemy.moml.MoMLSimpleApplication@6a3005ee
reloadAllAccessors: .Reader
----------------- testing Wed May 09 23:59:36 UTC 2018 /home/travis/build/icyphy/ptII/ptolemy/actor/lib/test/auto/RecordAssemblerDisplayNameTest.xml
----------------- Instantiating /home/travis/build/icyphy/ptII/ptolemy/actor/lib/test/auto/RecordAssemblerDisplayNameTest.xml
5264 ms. Memory: 1024512K Free: 905623K (88%)
----------------- Invoking toplevel() on ptolemy.moml.MoMLSimpleApplication@2dabfc69
----------------- Done invoking toplevel() on ptolemy.moml.MoMLSimpleApplication@2dabfc69
reloadAllAccessors: .RecordAssemblerDisplayNameTest
----------------- testing Wed May 09 23:59:41 UTC 2018 /home/travis/build/icyphy/ptII/ptolemy/actor/lib/test/auto/RecordAssemblerTypeError.xml
----------------- Instantiating /home/travis/build/icyphy/ptII/ptolemy/actor/lib/test/auto/RecordAssemblerTypeError.xml
5 ms. Memory: 1024512K Free: 880860K (86%)
----------------- Invoking toplevel() on ptolemy.moml.MoMLSimpleApplication@432b5346
----------------- Done invoking toplevel() on ptolemy.moml.MoMLSimpleApplication@432b5346
reloadAllAccessors: .RecordAssemblerTypeError
----------------- testing Wed May 09 23:59:41 UTC 2018 /home/travis/build/icyphy/ptII/ptolemy/actor/lib/test/auto/RecordDisassember.xml
----------------- Instantiating /home/travis/build/icyphy/ptII/ptolemy/actor/lib/test/auto/RecordDisassember.xml
5 ms. Memory: 1024512K Free: 865225K (84%)
----------------- Invoking toplevel() on ptolemy.moml.MoMLSimpleApplication@3aad4a56
----------------- Done invoking toplevel() on ptolemy.moml.MoMLSimpleApplication@3aad4a56
reloadAllAccessors: .RecordDisassember
----------------- testing Wed May 09 23:59:41 UTC 2018 /home/travis/build/icyphy/ptII/ptolemy/actor/lib/test/auto/RecordDisassemberDisplayNameTest.xml
----------------- Instantiating /home/travis/build/icyphy/ptII/ptolemy/actor/lib/test/auto/RecordDisassemberDisplayNameTest.xml
7 ms. Memory: 1024512K Free: 849591K (83%)
----------------- Invoking toplevel() on ptolemy.moml.MoMLSimpleApplication@236097e6
----------------- Done invoking toplevel() on ptolemy.moml.MoMLSimpleApplication@236097e6
reloadAllAccessors: .RecordDisassemberDisplayNameTest
----------------- testing Wed May 09 23:59:41 UTC 2018 /home/travis/build/icyphy/ptII/ptolemy/actor/lib/test/auto/RecordDisassembler.xml
----------------- Instantiating /home/travis/build/icyphy/ptII/ptolemy/actor/lib/test/auto/RecordDisassembler.xml
2 ms. Memory: 1024512K Free: 837419K (82%)
----------------- Invoking toplevel() on ptolemy.moml.MoMLSimpleApplication@5f3dd4ad
----------------- Done invoking toplevel() on ptolemy.moml.MoMLSimpleApplication@5f3dd4ad
reloadAllAccessors: .RecordDisassembler
----------------- testing Wed May 09 23:59:41 UTC 2018 /home/travis/build/icyphy/ptII/ptolemy/actor/lib/test/auto/RecordDisassembler2.xml
----------------- Instantiating /home/travis/build/icyphy/ptII/ptolemy/actor/lib/test/auto/RecordDisassembler2.xml
3 ms. Memory: 1024512K Free: 821785K (80%)
----------------- Invoking toplevel() on ptolemy.moml.MoMLSimpleApplication@197089bb
----------------- Done invoking toplevel() on ptolemy.moml.MoMLSimpleApplication@197089bb
reloadAllAccessors: .RecordDisassembler2
----------------- testing Wed May 09 23:59:41 UTC 2018 /home/travis/build/icyphy/ptII/ptolemy/actor/lib/test/auto/RecordUpdater.xml
----------------- Instantiating /home/travis/build/icyphy/ptII/ptolemy/actor/lib/test/auto/RecordUpdater.xml
3 ms. Memory: 1024512K Free: 806150K (79%)
----------------- Invoking toplevel() on ptolemy.moml.MoMLSimpleApplication@1e14558d
----------------- Done invoking toplevel() on ptolemy.moml.MoMLSimpleApplication@1e14558d
reloadAllAccessors: .RecordUpdater
----------------- testing Wed May 09 23:59:41 UTC 2018 /home/travis/build/icyphy/ptII/ptolemy/actor/lib/test/auto/RecordUpdater2.xml
----------------- Instantiating /home/travis/build/icyphy/ptII/ptolemy/actor/lib/test/auto/RecordUpdater2.xml
2 ms. Memory: 1024512K Free: 793978K (77%)
----------------- Invoking toplevel() on ptolemy.moml.MoMLSimpleApplication@72025c90
----------------- Done invoking toplevel() on ptolemy.moml.MoMLSimpleApplication@72025c90
reloadAllAccessors: .RecordUpdater2
----------------- testing Wed May 09 23:59:41 UTC 2018 /home/travis/build/icyphy/ptII/ptolemy/actor/lib/test/auto/RecursiveLattice.xml
----------------- Instantiating /home/travis/build/icyphy/ptII/ptolemy/actor/lib/test/auto/RecursiveLattice.xml
1 ms. Memory: 1024512K Free: 778344K (76%)
----------------- Invoking toplevel() on ptolemy.moml.MoMLSimpleApplication@6ce17587
----------------- Done invoking toplevel() on ptolemy.moml.MoMLSimpleApplication@6ce17587
reloadAllAccessors: .RecursiveLattice
----------------- testing Wed May 09 23:59:41 UTC 2018 /home/travis/build/icyphy/ptII/ptolemy/actor/lib/test/auto/Router.xml
----------------- Instantiating /home/travis/build/icyphy/ptII/ptolemy/actor/lib/test/auto/Router.xml
3005 ms. Memory: 1024512K Free: 762710K (74%)
----------------- Invoking toplevel() on ptolemy.moml.MoMLSimpleApplication@48cf91c7
----------------- Done invoking toplevel() on ptolemy.moml.MoMLSimpleApplication@48cf91c7
reloadAllAccessors: .Router
----------------- testing Wed May 09 23:59:44 UTC 2018 /home/travis/build/icyphy/ptII/ptolemy/actor/lib/test/auto/Router2.xml
----------------- Instantiating /home/travis/build/icyphy/ptII/ptolemy/actor/lib/test/auto/Router2.xml
3005 ms. Memory: 1024512K Free: 750538K (73%)
----------------- Invoking toplevel() on ptolemy.moml.MoMLSimpleApplication@30d99027
----------------- Done invoking toplevel() on ptolemy.moml.MoMLSimpleApplication@30d99027
reloadAllAccessors: .Router2
----------------- testing Wed May 09 23:59:47 UTC 2018 /home/travis/build/icyphy/ptII/ptolemy/actor/lib/test/auto/RunningMaximum.xml
----------------- Instantiating /home/travis/build/icyphy/ptII/ptolemy/actor/lib/test/auto/RunningMaximum.xml
2 ms. Memory: 1024512K Free: 734903K (72%)
----------------- Invoking toplevel() on ptolemy.moml.MoMLSimpleApplication@29a54ca3
----------------- Done invoking toplevel() on ptolemy.moml.MoMLSimpleApplication@29a54ca3
reloadAllAccessors: .RunningMaximum
----------------- testing Wed May 09 23:59:47 UTC 2018 /home/travis/build/icyphy/ptII/ptolemy/actor/lib/test/auto/RunningMinimum.xml
----------------- Instantiating /home/travis/build/icyphy/ptII/ptolemy/actor/lib/test/auto/RunningMinimum.xml
3 ms. Memory: 1024512K Free: 719269K (70%)
----------------- Invoking toplevel() on ptolemy.moml.MoMLSimpleApplication@394a7b18
----------------- Done invoking toplevel() on ptolemy.moml.MoMLSimpleApplication@394a7b18
reloadAllAccessors: .RunningMinimum
----------------- testing Wed May 09 23:59:47 UTC 2018 /home/travis/build/icyphy/ptII/ptolemy/actor/lib/test/auto/Scale.xml
----------------- Instantiating /home/travis/build/icyphy/ptII/ptolemy/actor/lib/test/auto/Scale.xml
2 ms. Memory: 1024512K Free: 703635K (69%)
----------------- Invoking toplevel() on ptolemy.moml.MoMLSimpleApplication@4ab4f30e
----------------- Done invoking toplevel() on ptolemy.moml.MoMLSimpleApplication@4ab4f30e
reloadAllAccessors: .Scale
----------------- testing Wed May 09 23:59:47 UTC 2018 /home/travis/build/icyphy/ptII/ptolemy/actor/lib/test/auto/Scale2.xml
----------------- Instantiating /home/travis/build/icyphy/ptII/ptolemy/actor/lib/test/auto/Scale2.xml
1 ms. Memory: 1024512K Free: 691463K (67%)
----------------- Invoking toplevel() on ptolemy.moml.MoMLSimpleApplication@5ea886ef
----------------- Done invoking toplevel() on ptolemy.moml.MoMLSimpleApplication@5ea886ef
reloadAllAccessors: .Scale2
----------------- testing Wed May 09 23:59:47 UTC 2018 /home/travis/build/icyphy/ptII/ptolemy/actor/lib/test/auto/Scale3.xml
----------------- Instantiating /home/travis/build/icyphy/ptII/ptolemy/actor/lib/test/auto/Scale3.xml
4 ms. Memory: 1024512K Free: 675828K (66%)
----------------- Invoking toplevel() on ptolemy.moml.MoMLSimpleApplication@4ddf6473
----------------- Done invoking toplevel() on ptolemy.moml.MoMLSimpleApplication@4ddf6473
reloadAllAccessors: .Scale3
----------------- testing Wed May 09 23:59:47 UTC 2018 /home/travis/build/icyphy/ptII/ptolemy/actor/lib/test/auto/ScaleArray.xml
----------------- Instantiating /home/travis/build/icyphy/ptII/ptolemy/actor/lib/test/auto/ScaleArray.xml
2 ms. Memory: 1024512K Free: 660194K (64%)
----------------- Invoking toplevel() on ptolemy.moml.MoMLSimpleApplication@72aa9ae6
----------------- Done invoking toplevel() on ptolemy.moml.MoMLSimpleApplication@72aa9ae6
reloadAllAccessors: .ScaleArray
----------------- testing Wed May 09 23:59:47 UTC 2018 /home/travis/build/icyphy/ptII/ptolemy/actor/lib/test/auto/ScaleArray2.xml
----------------- Instantiating /home/travis/build/icyphy/ptII/ptolemy/actor/lib/test/auto/ScaleArray2.xml
2 ms. Memory: 1024512K Free: 648022K (63%)
----------------- Invoking toplevel() on ptolemy.moml.MoMLSimpleApplication@22b21150
----------------- Done invoking toplevel() on ptolemy.moml.MoMLSimpleApplication@22b21150
reloadAllAccessors: .ScaleArray2
----------------- testing Wed May 09 23:59:47 UTC 2018 /home/travis/build/icyphy/ptII/ptolemy/actor/lib/test/auto/ScaleMatrix.xml
----------------- Instantiating /home/travis/build/icyphy/ptII/ptolemy/actor/lib/test/auto/ScaleMatrix.xml
285 ms. Memory: 1024512K Free: 626287K (61%)
----------------- Invoking toplevel() on ptolemy.moml.MoMLSimpleApplication@6711aee0
----------------- Done invoking toplevel() on ptolemy.moml.MoMLSimpleApplication@6711aee0
reloadAllAccessors: .ScaleMatrix
----------------- testing Wed May 09 23:59:48 UTC 2018 /home/travis/build/icyphy/ptII/ptolemy/actor/lib/test/auto/Select.xml
----------------- Instantiating /home/travis/build/icyphy/ptII/ptolemy/actor/lib/test/auto/Select.xml
4 ms. Memory: 1024512K Free: 610653K (60%)
----------------- Invoking toplevel() on ptolemy.moml.MoMLSimpleApplication@55a4d5a8
----------------- Done invoking toplevel() on ptolemy.moml.MoMLSimpleApplication@55a4d5a8
reloadAllAccessors: .Select
----------------- testing Wed May 09 23:59:48 UTC 2018 /home/travis/build/icyphy/ptII/ptolemy/actor/lib/test/auto/Select2.xml
----------------- Instantiating /home/travis/build/icyphy/ptII/ptolemy/actor/lib/test/auto/Select2.xml
1 ms. Memory: 1024512K Free: 598481K (58%)
----------------- Invoking toplevel() on ptolemy.moml.MoMLSimpleApplication@4bb7acb1
----------------- Done invoking toplevel() on ptolemy.moml.MoMLSimpleApplication@4bb7acb1
reloadAllAccessors: .Select2
----------------- testing Wed May 09 23:59:48 UTC 2018 /home/travis/build/icyphy/ptII/ptolemy/actor/lib/test/auto/SequenceToArray2.xml
----------------- Instantiating /home/travis/build/icyphy/ptII/ptolemy/actor/lib/test/auto/SequenceToArray2.xml
83 ms. Memory: 1024512K Free: 515885K (50%)
----------------- Invoking toplevel() on ptolemy.moml.MoMLSimpleApplication@14b5b7dd
----------------- Done invoking toplevel() on ptolemy.moml.MoMLSimpleApplication@14b5b7dd
reloadAllAccessors: .SequenceToArray2
----------------- testing Wed May 09 23:59:48 UTC 2018 /home/travis/build/icyphy/ptII/ptolemy/actor/lib/test/auto/SequentialClock.xml
----------------- Instantiating /home/travis/build/icyphy/ptII/ptolemy/actor/lib/test/auto/SequentialClock.xml
3 ms. Memory: 1024512K Free: 500250K (49%)
----------------- Invoking toplevel() on ptolemy.moml.MoMLSimpleApplication@24e6e6b0
----------------- Done invoking toplevel() on ptolemy.moml.MoMLSimpleApplication@24e6e6b0
reloadAllAccessors: .SequentialClock
----------------- testing Wed May 09 23:59:48 UTC 2018 /home/travis/build/icyphy/ptII/ptolemy/actor/lib/test/auto/SetVariable.xml
----------------- Instantiating /home/travis/build/icyphy/ptII/ptolemy/actor/lib/test/auto/SetVariable.xml
3 ms. Memory: 1024512K Free: 484616K (47%)
----------------- Invoking toplevel() on ptolemy.moml.MoMLSimpleApplication@3e6e1241
----------------- Done invoking toplevel() on ptolemy.moml.MoMLSimpleApplication@3e6e1241
reloadAllAccessors: .SetVariable
----------------- testing Wed May 09 23:59:48 UTC 2018 /home/travis/build/icyphy/ptII/ptolemy/actor/lib/test/auto/SetVariable2.xml
----------------- Instantiating /home/travis/build/icyphy/ptII/ptolemy/actor/lib/test/auto/SetVariable2.xml
6 ms. Memory: 1024512K Free: 472444K (46%)
----------------- Invoking toplevel() on ptolemy.moml.MoMLSimpleApplication@1547d3a
----------------- Done invoking toplevel() on ptolemy.moml.MoMLSimpleApplication@1547d3a
reloadAllAccessors: .SetVariable2
----------------- testing Wed May 09 23:59:48 UTC 2018 /home/travis/build/icyphy/ptII/ptolemy/actor/lib/test/auto/SetVariable3.xml
----------------- Instantiating /home/travis/build/icyphy/ptII/ptolemy/actor/lib/test/auto/SetVariable3.xml
10 ms. Memory: 1024512K Free: 456810K (45%)
----------------- Invoking toplevel() on ptolemy.moml.MoMLSimpleApplication@13b0f7c8
----------------- Done invoking toplevel() on ptolemy.moml.MoMLSimpleApplication@13b0f7c8
reloadAllAccessors: .SetVariable3
----------------- testing Wed May 09 23:59:48 UTC 2018 /home/travis/build/icyphy/ptII/ptolemy/actor/lib/test/auto/SetVariable4.xml
----------------- Instantiating /home/travis/build/icyphy/ptII/ptolemy/actor/lib/test/auto/SetVariable4.xml
20 ms. Memory: 1024512K Free: 398574K (39%)
----------------- Invoking toplevel() on ptolemy.moml.MoMLSimpleApplication@4de94d6f
----------------- Done invoking toplevel() on ptolemy.moml.MoMLSimpleApplication@4de94d6f
reloadAllAccessors: .SetVariable4
----------------- testing Wed May 09 23:59:48 UTC 2018 /home/travis/build/icyphy/ptII/ptolemy/actor/lib/test/auto/SetVariable5.xml
----------------- Instantiating /home/travis/build/icyphy/ptII/ptolemy/actor/lib/test/auto/SetVariable5.xml
21 ms. Memory: 1024512K Free: 380300K (37%)
----------------- Invoking toplevel() on ptolemy.moml.MoMLSimpleApplication@46c64f2a
----------------- Done invoking toplevel() on ptolemy.moml.MoMLSimpleApplication@46c64f2a
reloadAllAccessors: .SetVariable5
----------------- testing Wed May 09 23:59:48 UTC 2018 /home/travis/build/icyphy/ptII/ptolemy/actor/lib/test/auto/Sinewave.xml
----------------- Instantiating /home/travis/build/icyphy/ptII/ptolemy/actor/lib/test/auto/Sinewave.xml
8 ms. Memory: 1024512K Free: 358580K (35%)
----------------- Invoking toplevel() on ptolemy.moml.MoMLSimpleApplication@67a04ef5
----------------- Done invoking toplevel() on ptolemy.moml.MoMLSimpleApplication@67a04ef5
reloadAllAccessors: .Sinewave
----------------- testing Wed May 09 23:59:48 UTC 2018 /home/travis/build/icyphy/ptII/ptolemy/actor/lib/test/auto/Sinewave2.xml
----------------- Instantiating /home/travis/build/icyphy/ptII/ptolemy/actor/lib/test/auto/Sinewave2.xml
10 ms. Memory: 1024512K Free: 342945K (33%)
----------------- Invoking toplevel() on ptolemy.moml.MoMLSimpleApplication@6e6a37b1
----------------- Done invoking toplevel() on ptolemy.moml.MoMLSimpleApplication@6e6a37b1
reloadAllAccessors: .Sinewave2
----------------- testing Wed May 09 23:59:48 UTC 2018 /home/travis/build/icyphy/ptII/ptolemy/actor/lib/test/auto/Sinewave3.xml
----------------- Instantiating /home/travis/build/icyphy/ptII/ptolemy/actor/lib/test/auto/Sinewave3.xml
15 ms. Memory: 1024512K Free: 327311K (32%)
----------------- Invoking toplevel() on ptolemy.moml.MoMLSimpleApplication@178cf594
----------------- Done invoking toplevel() on ptolemy.moml.MoMLSimpleApplication@178cf594
reloadAllAccessors: .Sinewave3
----------------- testing Wed May 09 23:59:48 UTC 2018 /home/travis/build/icyphy/ptII/ptolemy/actor/lib/test/auto/SingleEvent.xml
----------------- Instantiating /home/travis/build/icyphy/ptII/ptolemy/actor/lib/test/auto/SingleEvent.xml
1 ms. Memory: 1024512K Free: 315139K (31%)
----------------- Invoking toplevel() on ptolemy.moml.MoMLSimpleApplication@688913c8
----------------- Done invoking toplevel() on ptolemy.moml.MoMLSimpleApplication@688913c8
reloadAllAccessors: .SingleEvent
----------------- testing Wed May 09 23:59:48 UTC 2018 /home/travis/build/icyphy/ptII/ptolemy/actor/lib/test/auto/Sleep.xml
----------------- Instantiating /home/travis/build/icyphy/ptII/ptolemy/actor/lib/test/auto/Sleep.xml
6004 ms. Memory: 1024512K Free: 299505K (29%)
----------------- Invoking toplevel() on ptolemy.moml.MoMLSimpleApplication@31924bd6
----------------- Done invoking toplevel() on ptolemy.moml.MoMLSimpleApplication@31924bd6
reloadAllAccessors: .Sleep
----------------- testing Wed May 09 23:59:54 UTC 2018 /home/travis/build/icyphy/ptII/ptolemy/actor/lib/test/auto/SleepMultipleFire.xml
----------------- Instantiating /home/travis/build/icyphy/ptII/ptolemy/actor/lib/test/auto/SleepMultipleFire.xml
1005 ms. Memory: 1024512K Free: 283871K (28%)
----------------- Invoking toplevel() on ptolemy.moml.MoMLSimpleApplication@e24d62f
----------------- Done invoking toplevel() on ptolemy.moml.MoMLSimpleApplication@e24d62f
reloadAllAccessors: .SleepMultipleFire
----------------- testing Wed May 09 23:59:55 UTC 2018 /home/travis/build/icyphy/ptII/ptolemy/actor/lib/test/auto/StopDE.xml
----------------- Instantiating /home/travis/build/icyphy/ptII/ptolemy/actor/lib/test/auto/StopDE.xml
3 ms. Memory: 1024512K Free: 271699K (27%)
----------------- Invoking toplevel() on ptolemy.moml.MoMLSimpleApplication@59fda3d4
----------------- Done invoking toplevel() on ptolemy.moml.MoMLSimpleApplication@59fda3d4
reloadAllAccessors: .StopDE
----------------- testing Wed May 09 23:59:55 UTC 2018 /home/travis/build/icyphy/ptII/ptolemy/actor/lib/test/auto/StopSDF.xml
----------------- Instantiating /home/travis/build/icyphy/ptII/ptolemy/actor/lib/test/auto/StopSDF.xml
4 ms. Memory: 1024512K Free: 256064K (25%)
----------------- Invoking toplevel() on ptolemy.moml.MoMLSimpleApplication@581464f1
----------------- Done invoking toplevel() on ptolemy.moml.MoMLSimpleApplication@581464f1
reloadAllAccessors: .StopSDF
----------------- testing Wed May 09 23:59:55 UTC 2018 /home/travis/build/icyphy/ptII/ptolemy/actor/lib/test/auto/StringConstant.xml
----------------- Instantiating /home/travis/build/icyphy/ptII/ptolemy/actor/lib/test/auto/StringConstant.xml
4 ms. Memory: 1024512K Free: 240430K (23%)
----------------- Invoking toplevel() on ptolemy.moml.MoMLSimpleApplication@5136ec24
----------------- Done invoking toplevel() on ptolemy.moml.MoMLSimpleApplication@5136ec24
reloadAllAccessors: .StringConstant
----------------- testing Wed May 09 23:59:55 UTC 2018 /home/travis/build/icyphy/ptII/ptolemy/actor/lib/test/auto/SubscriberPortInitialValues1.xml
----------------- Instantiating /home/travis/build/icyphy/ptII/ptolemy/actor/lib/test/auto/SubscriberPortInitialValues1.xml
9 ms. Memory: 1024512K Free: 228258K (22%)
----------------- Invoking toplevel() on ptolemy.moml.MoMLSimpleApplication@7d8827f8
----------------- Done invoking toplevel() on ptolemy.moml.MoMLSimpleApplication@7d8827f8
reloadAllAccessors: .SubscriberPortInitialValues1
----------------- testing Wed May 09 23:59:55 UTC 2018 /home/travis/build/icyphy/ptII/ptolemy/actor/lib/test/auto/SubscriberPortInitialValues13.xml
----------------- Instantiating /home/travis/build/icyphy/ptII/ptolemy/actor/lib/test/auto/SubscriberPortInitialValues13.xml
6 ms. Memory: 1024512K Free: 206522K (20%)
----------------- Invoking toplevel() on ptolemy.moml.MoMLSimpleApplication@7a964d28
----------------- Done invoking toplevel() on ptolemy.moml.MoMLSimpleApplication@7a964d28
reloadAllAccessors: .SubscriberPortInitialValues13
----------------- testing Wed May 09 23:59:55 UTC 2018 /home/travis/build/icyphy/ptII/ptolemy/actor/lib/test/auto/SubscriberPortInitialValues14.xml
----------------- Instantiating /home/travis/build/icyphy/ptII/ptolemy/actor/lib/test/auto/SubscriberPortInitialValues14.xml
7 ms. Memory: 1024512K Free: 190887K (19%)
----------------- Invoking toplevel() on ptolemy.moml.MoMLSimpleApplication@6c49ffd8
----------------- Done invoking toplevel() on ptolemy.moml.MoMLSimpleApplication@6c49ffd8
reloadAllAccessors: .SubscriberPortInitialValues14
----------------- testing Wed May 09 23:59:55 UTC 2018 /home/travis/build/icyphy/ptII/ptolemy/actor/lib/test/auto/SubscriberPortInitialValues2.xml
----------------- Instantiating /home/travis/build/icyphy/ptII/ptolemy/actor/lib/test/auto/SubscriberPortInitialValues2.xml
5 ms. Memory: 1024512K Free: 175253K (17%)
----------------- Invoking toplevel() on ptolemy.moml.MoMLSimpleApplication@27f00580
----------------- Done invoking toplevel() on ptolemy.moml.MoMLSimpleApplication@27f00580
reloadAllAccessors: .SubscriberPortInitialValues2
----------------- testing Wed May 09 23:59:55 UTC 2018 /home/travis/build/icyphy/ptII/ptolemy/actor/lib/test/auto/SubscriberPortInitialValues3.xml
----------------- Instantiating /home/travis/build/icyphy/ptII/ptolemy/actor/lib/test/auto/SubscriberPortInitialValues3.xml
5 ms. Memory: 1024512K Free: 156995K (15%)
----------------- Invoking toplevel() on ptolemy.moml.MoMLSimpleApplication@46b3fcdd
----------------- Done invoking toplevel() on ptolemy.moml.MoMLSimpleApplication@46b3fcdd
reloadAllAccessors: .SubscriberPortInitialValues3
----------------- testing Wed May 09 23:59:55 UTC 2018 /home/travis/build/icyphy/ptII/ptolemy/actor/lib/test/auto/SubscriptionAggregator.xml
----------------- Instantiating /home/travis/build/icyphy/ptII/ptolemy/actor/lib/test/auto/SubscriptionAggregator.xml
3 ms. Memory: 1024512K Free: 141361K (14%)
----------------- Invoking toplevel() on ptolemy.moml.MoMLSimpleApplication@7eee088a
----------------- Done invoking toplevel() on ptolemy.moml.MoMLSimpleApplication@7eee088a
reloadAllAccessors: .SubscriptionAggregator
----------------- testing Wed May 09 23:59:56 UTC 2018 /home/travis/build/icyphy/ptII/ptolemy/actor/lib/test/auto/SubscriptionAggregator2.xml
----------------- Instantiating /home/travis/build/icyphy/ptII/ptolemy/actor/lib/test/auto/SubscriptionAggregator2.xml
3 ms. Memory: 1024512K Free: 125727K (12%)
----------------- Invoking toplevel() on ptolemy.moml.MoMLSimpleApplication@51e9167e
----------------- Done invoking toplevel() on ptolemy.moml.MoMLSimpleApplication@51e9167e
reloadAllAccessors: .SubscriptionAggregator2
----------------- testing Wed May 09 23:59:56 UTC 2018 /home/travis/build/icyphy/ptII/ptolemy/actor/lib/test/auto/SubscriptionAggregator3.xml
----------------- Instantiating /home/travis/build/icyphy/ptII/ptolemy/actor/lib/test/auto/SubscriptionAggregator3.xml
6 ms. Memory: 1024512K Free: 107453K (10%)
----------------- Invoking toplevel() on ptolemy.moml.MoMLSimpleApplication@4dd711f8
----------------- Done invoking toplevel() on ptolemy.moml.MoMLSimpleApplication@4dd711f8
reloadAllAccessors: .SubscriptionAggregator3
----------------- testing Wed May 09 23:59:56 UTC 2018 /home/travis/build/icyphy/ptII/ptolemy/actor/lib/test/auto/SubscriptionAggregatorMultiply.xml
----------------- Instantiating /home/travis/build/icyphy/ptII/ptolemy/actor/lib/test/auto/SubscriptionAggregatorMultiply.xml
3 ms. Memory: 1024512K Free: 91819K (9%)
----------------- Invoking toplevel() on ptolemy.moml.MoMLSimpleApplication@68ec6899
----------------- Done invoking toplevel() on ptolemy.moml.MoMLSimpleApplication@68ec6899
reloadAllAccessors: .SubscriptionAggregatorMultiply
----------------- testing Wed May 09 23:59:56 UTC 2018 /home/travis/build/icyphy/ptII/ptolemy/actor/lib/test/auto/SubscriptionAggregatorPortMultiply1.xml
----------------- Instantiating /home/travis/build/icyphy/ptII/ptolemy/actor/lib/test/auto/SubscriptionAggregatorPortMultiply1.xml
5 ms. Memory: 1024512K Free: 76184K (7%)
----------------- Invoking toplevel() on ptolemy.moml.MoMLSimpleApplication@1b68febd
----------------- Done invoking toplevel() on ptolemy.moml.MoMLSimpleApplication@1b68febd
reloadAllAccessors: .SubscriptionAggregatorPortMultiply1
----------------- testing Wed May 09 23:59:56 UTC 2018 /home/travis/build/icyphy/ptII/ptolemy/actor/lib/test/auto/Switch.xml
----------------- Instantiating /home/travis/build/icyphy/ptII/ptolemy/actor/lib/test/auto/Switch.xml
5 ms. Memory: 1054208K Free: 966851K (92%)
----------------- Invoking toplevel() on ptolemy.moml.MoMLSimpleApplication@1043556b
----------------- Done invoking toplevel() on ptolemy.moml.MoMLSimpleApplication@1043556b
reloadAllAccessors: .Switch
----------------- testing Wed May 09 23:59:56 UTC 2018 /home/travis/build/icyphy/ptII/ptolemy/actor/lib/test/auto/Switch2.xml
----------------- Instantiating /home/travis/build/icyphy/ptII/ptolemy/actor/lib/test/auto/Switch2.xml
2 ms. Memory: 1054208K Free: 950919K (90%)
----------------- Invoking toplevel() on ptolemy.moml.MoMLSimpleApplication@de171a9
----------------- Done invoking toplevel() on ptolemy.moml.MoMLSimpleApplication@de171a9
reloadAllAccessors: .Switch2
----------------- testing Wed May 09 23:59:56 UTC 2018 /home/travis/build/icyphy/ptII/ptolemy/actor/lib/test/auto/SwitchDE.xml
----------------- Instantiating /home/travis/build/icyphy/ptII/ptolemy/actor/lib/test/auto/SwitchDE.xml
2 ms. Memory: 1054208K Free: 934997K (89%)
----------------- Invoking toplevel() on ptolemy.moml.MoMLSimpleApplication@2289867f
----------------- Done invoking toplevel() on ptolemy.moml.MoMLSimpleApplication@2289867f
reloadAllAccessors: .SwitchDE
----------------- testing Wed May 09 23:59:56 UTC 2018 /home/travis/build/icyphy/ptII/ptolemy/actor/lib/test/auto/SynchronizerDE.xml
----------------- Instantiating /home/travis/build/icyphy/ptII/ptolemy/actor/lib/test/auto/SynchronizerDE.xml
5 ms. Memory: 1054208K Free: 912693K (87%)
----------------- Invoking toplevel() on ptolemy.moml.MoMLSimpleApplication@4b541dba
----------------- Done invoking toplevel() on ptolemy.moml.MoMLSimpleApplication@4b541dba
reloadAllAccessors: .SynchronizerDE
----------------- testing Wed May 09 23:59:56 UTC 2018 /home/travis/build/icyphy/ptII/ptolemy/actor/lib/test/auto/Test.xml
----------------- Instantiating /home/travis/build/icyphy/ptII/ptolemy/actor/lib/test/auto/Test.xml
3 ms. Memory: 1054208K Free: 896770K (85%)
----------------- Invoking toplevel() on ptolemy.moml.MoMLSimpleApplication@34b6b557
----------------- Done invoking toplevel() on ptolemy.moml.MoMLSimpleApplication@34b6b557
reloadAllAccessors: .Test
----------------- testing Wed May 09 23:59:56 UTC 2018 /home/travis/build/icyphy/ptII/ptolemy/actor/lib/test/auto/TestExceptionAttribute1.xml
----------------- Instantiating /home/travis/build/icyphy/ptII/ptolemy/actor/lib/test/auto/TestExceptionAttribute1.xml
1 ms. Memory: 1054208K Free: 884039K (84%)
----------------- Invoking toplevel() on ptolemy.moml.MoMLSimpleApplication@4284301b
----------------- Done invoking toplevel() on ptolemy.moml.MoMLSimpleApplication@4284301b
reloadAllAccessors: .TestExceptionAttribute1
----------------- testing Wed May 09 23:59:56 UTC 2018 /home/travis/build/icyphy/ptII/ptolemy/actor/lib/test/auto/TestExceptionAttribute2.xml
----------------- Instantiating /home/travis/build/icyphy/ptII/ptolemy/actor/lib/test/auto/TestExceptionAttribute2.xml
1 ms. Memory: 1054208K Free: 868116K (82%)
----------------- Invoking toplevel() on ptolemy.moml.MoMLSimpleApplication@52279b8a
----------------- Done invoking toplevel() on ptolemy.moml.MoMLSimpleApplication@52279b8a
reloadAllAccessors: .TestExceptionAttribute2
----------------- testing Wed May 09 23:59:56 UTC 2018 /home/travis/build/icyphy/ptII/ptolemy/actor/lib/test/auto/TestExceptionAttribute3.xml
----------------- Instantiating /home/travis/build/icyphy/ptII/ptolemy/actor/lib/test/auto/TestExceptionAttribute3.xml
.TestExceptionAttribute3.TestExceptionAttribute: initialize() was not invoked, but wrapup() was.  This is unusual, but not always a problem.  For example, exporting JNLP will do this.
0 ms. Memory: 1054208K Free: 852194K (81%)
----------------- Invoking toplevel() on ptolemy.moml.MoMLSimpleApplication@62227ca5
----------------- Done invoking toplevel() on ptolemy.moml.MoMLSimpleApplication@62227ca5
reloadAllAccessors: .TestExceptionAttribute3
----------------- testing Wed May 09 23:59:56 UTC 2018 /home/travis/build/icyphy/ptII/ptolemy/actor/lib/test/auto/TestExceptionAttribute4.xml
----------------- Instantiating /home/travis/build/icyphy/ptII/ptolemy/actor/lib/test/auto/TestExceptionAttribute4.xml
.TestExceptionAttribute4.TestExceptionAttribute: initialize() was not invoked, but wrapup() was.  This is unusual, but not always a problem.  For example, exporting JNLP will do this.
.TestExceptionAttribute4.TestExceptionAttribute2: initialize() was not invoked, but wrapup() was.  This is unusual, but not always a problem.  For example, exporting JNLP will do this.
1 ms. Memory: 1054208K Free: 836271K (79%)
----------------- Invoking toplevel() on ptolemy.moml.MoMLSimpleApplication@6340aed4
----------------- Done invoking toplevel() on ptolemy.moml.MoMLSimpleApplication@6340aed4
reloadAllAccessors: .TestExceptionAttribute4
----------------- testing Wed May 09 23:59:56 UTC 2018 /home/travis/build/icyphy/ptII/ptolemy/actor/lib/test/auto/TestExceptionHandler1.xml
----------------- Instantiating /home/travis/build/icyphy/ptII/ptolemy/actor/lib/test/auto/TestExceptionHandler1.xml
1 ms. Memory: 1054208K Free: 823540K (78%)
----------------- Invoking toplevel() on ptolemy.moml.MoMLSimpleApplication@496f945f
----------------- Done invoking toplevel() on ptolemy.moml.MoMLSimpleApplication@496f945f
reloadAllAccessors: .TestExceptionHandler1
----------------- testing Wed May 09 23:59:56 UTC 2018 /home/travis/build/icyphy/ptII/ptolemy/actor/lib/test/auto/TestExceptionHandler2.xml
----------------- Instantiating /home/travis/build/icyphy/ptII/ptolemy/actor/lib/test/auto/TestExceptionHandler2.xml
1 ms. Memory: 1054208K Free: 807617K (77%)
----------------- Invoking toplevel() on ptolemy.moml.MoMLSimpleApplication@43bd66f4
----------------- Done invoking toplevel() on ptolemy.moml.MoMLSimpleApplication@43bd66f4
reloadAllAccessors: .TestExceptionHandler2
----------------- testing Wed May 09 23:59:56 UTC 2018 /home/travis/build/icyphy/ptII/ptolemy/actor/lib/test/auto/TestExceptionHandler3.xml
----------------- Instantiating /home/travis/build/icyphy/ptII/ptolemy/actor/lib/test/auto/TestExceptionHandler3.xml
1 ms. Memory: 1054208K Free: 791695K (75%)
----------------- Invoking toplevel() on ptolemy.moml.MoMLSimpleApplication@5598a006
----------------- Done invoking toplevel() on ptolemy.moml.MoMLSimpleApplication@5598a006
reloadAllAccessors: .TestExceptionHandler3
----------------- testing Wed May 09 23:59:56 UTC 2018 /home/travis/build/icyphy/ptII/ptolemy/actor/lib/test/auto/TestExceptionHandler4.xml
----------------- Instantiating /home/travis/build/icyphy/ptII/ptolemy/actor/lib/test/auto/TestExceptionHandler4.xml
0 ms. Memory: 1054208K Free: 775773K (74%)
----------------- Invoking toplevel() on ptolemy.moml.MoMLSimpleApplication@66a65a40
----------------- Done invoking toplevel() on ptolemy.moml.MoMLSimpleApplication@66a65a40
reloadAllAccessors: .TestExceptionHandler4
----------------- testing Wed May 09 23:59:56 UTC 2018 /home/travis/build/icyphy/ptII/ptolemy/actor/lib/test/auto/TestRequireCorrectOrder.xml
----------------- Instantiating /home/travis/build/icyphy/ptII/ptolemy/actor/lib/test/auto/TestRequireCorrectOrder.xml
3 ms. Memory: 1054208K Free: 759850K (72%)
----------------- Invoking toplevel() on ptolemy.moml.MoMLSimpleApplication@27559693
----------------- Done invoking toplevel() on ptolemy.moml.MoMLSimpleApplication@27559693
reloadAllAccessors: .TestRequireCorrectOrder
----------------- testing Wed May 09 23:59:56 UTC 2018 /home/travis/build/icyphy/ptII/ptolemy/actor/lib/test/auto/TestSimple.xml
----------------- Instantiating /home/travis/build/icyphy/ptII/ptolemy/actor/lib/test/auto/TestSimple.xml
4 ms. Memory: 1054208K Free: 747119K (71%)
----------------- Invoking toplevel() on ptolemy.moml.MoMLSimpleApplication@3b402b36
----------------- Done invoking toplevel() on ptolemy.moml.MoMLSimpleApplication@3b402b36
reloadAllAccessors: .TestSimple
----------------- testing Wed May 09 23:59:56 UTC 2018 /home/travis/build/icyphy/ptII/ptolemy/actor/lib/test/auto/ThrowModelError.xml
----------------- Instantiating /home/travis/build/icyphy/ptII/ptolemy/actor/lib/test/auto/ThrowModelError.xml
2 ms. Memory: 1054208K Free: 731196K (69%)
----------------- Invoking toplevel() on ptolemy.moml.MoMLSimpleApplication@749a72f3
----------------- Done invoking toplevel() on ptolemy.moml.MoMLSimpleApplication@749a72f3
reloadAllAccessors: .ThrowModelError
----------------- testing Wed May 09 23:59:56 UTC 2018 /home/travis/build/icyphy/ptII/ptolemy/actor/lib/test/auto/TimeDelayMicrosteps.xml
----------------- Instantiating /home/travis/build/icyphy/ptII/ptolemy/actor/lib/test/auto/TimeDelayMicrosteps.xml
4 ms. Memory: 1054208K Free: 715274K (68%)
----------------- Invoking toplevel() on ptolemy.moml.MoMLSimpleApplication@3b842818
----------------- Done invoking toplevel() on ptolemy.moml.MoMLSimpleApplication@3b842818
reloadAllAccessors: .TimeDelayMicrosteps
----------------- testing Wed May 09 23:59:56 UTC 2018 /home/travis/build/icyphy/ptII/ptolemy/actor/lib/test/auto/TimeDelayMicrosteps2.xml
----------------- Instantiating /home/travis/build/icyphy/ptII/ptolemy/actor/lib/test/auto/TimeDelayMicrosteps2.xml
8 ms. Memory: 1054208K Free: 699351K (66%)
----------------- Invoking toplevel() on ptolemy.moml.MoMLSimpleApplication@79d46bad
----------------- Done invoking toplevel() on ptolemy.moml.MoMLSimpleApplication@79d46bad
reloadAllAccessors: .TimeDelayMicrosteps2
----------------- testing Wed May 09 23:59:56 UTC 2018 /home/travis/build/icyphy/ptII/ptolemy/actor/lib/test/auto/TimeDelayMicrosteps3.xml
----------------- Instantiating /home/travis/build/icyphy/ptII/ptolemy/actor/lib/test/auto/TimeDelayMicrosteps3.xml
4 ms. Memory: 1054208K Free: 686620K (65%)
----------------- Invoking toplevel() on ptolemy.moml.MoMLSimpleApplication@4c18c092
----------------- Done invoking toplevel() on ptolemy.moml.MoMLSimpleApplication@4c18c092
reloadAllAccessors: .TimeDelayMicrosteps3
----------------- testing Wed May 09 23:59:56 UTC 2018 /home/travis/build/icyphy/ptII/ptolemy/actor/lib/test/auto/TimeDelayVariableMicrosteps.xml
----------------- Instantiating /home/travis/build/icyphy/ptII/ptolemy/actor/lib/test/auto/TimeDelayVariableMicrosteps.xml
5 ms. Memory: 1054208K Free: 670697K (64%)
----------------- Invoking toplevel() on ptolemy.moml.MoMLSimpleApplication@4303e4c6
----------------- Done invoking toplevel() on ptolemy.moml.MoMLSimpleApplication@4303e4c6
reloadAllAccessors: .TimeDelayVariableMicrosteps
----------------- testing Wed May 09 23:59:56 UTC 2018 /home/travis/build/icyphy/ptII/ptolemy/actor/lib/test/auto/TimeGap.xml
----------------- Instantiating /home/travis/build/icyphy/ptII/ptolemy/actor/lib/test/auto/TimeGap.xml
6 ms. Memory: 1054208K Free: 654775K (62%)
----------------- Invoking toplevel() on ptolemy.moml.MoMLSimpleApplication@3a948921
----------------- Done invoking toplevel() on ptolemy.moml.MoMLSimpleApplication@3a948921
reloadAllAccessors: .TimeGap
----------------- testing Wed May 09 23:59:56 UTC 2018 /home/travis/build/icyphy/ptII/ptolemy/actor/lib/test/auto/TimeGap2.xml
----------------- Instantiating /home/travis/build/icyphy/ptII/ptolemy/actor/lib/test/auto/TimeGap2.xml
3 ms. Memory: 1054208K Free: 638853K (61%)
----------------- Invoking toplevel() on ptolemy.moml.MoMLSimpleApplication@2b365f37
----------------- Done invoking toplevel() on ptolemy.moml.MoMLSimpleApplication@2b365f37
reloadAllAccessors: .TimeGap2
----------------- testing Wed May 09 23:59:56 UTC 2018 /home/travis/build/icyphy/ptII/ptolemy/actor/lib/test/auto/TimedSinewave.xml
----------------- Instantiating /home/travis/build/icyphy/ptII/ptolemy/actor/lib/test/auto/TimedSinewave.xml
24 ms. Memory: 1054208K Free: 616549K (58%)
----------------- Invoking toplevel() on ptolemy.moml.MoMLSimpleApplication@3dfae6d2
----------------- Done invoking toplevel() on ptolemy.moml.MoMLSimpleApplication@3dfae6d2
reloadAllAccessors: .TimedSinewave
----------------- testing Wed May 09 23:59:56 UTC 2018 /home/travis/build/icyphy/ptII/ptolemy/actor/lib/test/auto/TimedSinewavePhase.xml
----------------- Instantiating /home/travis/build/icyphy/ptII/ptolemy/actor/lib/test/auto/TimedSinewavePhase.xml
22 ms. Memory: 1054208K Free: 603817K (57%)
----------------- Invoking toplevel() on ptolemy.moml.MoMLSimpleApplication@433650d0
----------------- Done invoking toplevel() on ptolemy.moml.MoMLSimpleApplication@433650d0
reloadAllAccessors: .TimedSinewavePhase
----------------- testing Wed May 09 23:59:56 UTC 2018 /home/travis/build/icyphy/ptII/ptolemy/actor/lib/test/auto/Timer.xml
----------------- Instantiating /home/travis/build/icyphy/ptII/ptolemy/actor/lib/test/auto/Timer.xml
2 ms. Memory: 1054208K Free: 587894K (56%)
----------------- Invoking toplevel() on ptolemy.moml.MoMLSimpleApplication@3604698c
----------------- Done invoking toplevel() on ptolemy.moml.MoMLSimpleApplication@3604698c
reloadAllAccessors: .Timer
----------------- testing Wed May 09 23:59:56 UTC 2018 /home/travis/build/icyphy/ptII/ptolemy/actor/lib/test/auto/TriangularDistTestModel.xml
----------------- Instantiating /home/travis/build/icyphy/ptII/ptolemy/actor/lib/test/auto/TriangularDistTestModel.xml
2 ms. Memory: 1054208K Free: 571972K (54%)
----------------- Invoking toplevel() on ptolemy.moml.MoMLSimpleApplication@19907f9d
----------------- Done invoking toplevel() on ptolemy.moml.MoMLSimpleApplication@19907f9d
reloadAllAccessors: .TriangularDistTestModel
----------------- testing Wed May 09 23:59:56 UTC 2018 /home/travis/build/icyphy/ptII/ptolemy/actor/lib/test/auto/TrigFunction.xml
----------------- Instantiating /home/travis/build/icyphy/ptII/ptolemy/actor/lib/test/auto/TrigFunction.xml
2 ms. Memory: 1054208K Free: 556050K (53%)
----------------- Invoking toplevel() on ptolemy.moml.MoMLSimpleApplication@c1957ff
----------------- Done invoking toplevel() on ptolemy.moml.MoMLSimpleApplication@c1957ff
reloadAllAccessors: .TrigFunction
----------------- testing Wed May 09 23:59:56 UTC 2018 /home/travis/build/icyphy/ptII/ptolemy/actor/lib/test/auto/TrigFunctionDE.xml
----------------- Instantiating /home/travis/build/icyphy/ptII/ptolemy/actor/lib/test/auto/TrigFunctionDE.xml
3 ms. Memory: 1054208K Free: 543318K (52%)
----------------- Invoking toplevel() on ptolemy.moml.MoMLSimpleApplication@17600aee
----------------- Done invoking toplevel() on ptolemy.moml.MoMLSimpleApplication@17600aee
reloadAllAccessors: .TrigFunctionDE
----------------- testing Wed May 09 23:59:56 UTC 2018 /home/travis/build/icyphy/ptII/ptolemy/actor/lib/test/auto/TrigFunctionInverse.xml
----------------- Instantiating /home/travis/build/icyphy/ptII/ptolemy/actor/lib/test/auto/TrigFunctionInverse.xml
2 ms. Memory: 1054208K Free: 527395K (50%)
----------------- Invoking toplevel() on ptolemy.moml.MoMLSimpleApplication@46246032
----------------- Done invoking toplevel() on ptolemy.moml.MoMLSimpleApplication@46246032
reloadAllAccessors: .TrigFunctionInverse
----------------- testing Wed May 09 23:59:56 UTC 2018 /home/travis/build/icyphy/ptII/ptolemy/actor/lib/test/auto/TrigFunctionTan.xml
----------------- Instantiating /home/travis/build/icyphy/ptII/ptolemy/actor/lib/test/auto/TrigFunctionTan.xml
1 ms. Memory: 1054208K Free: 511473K (49%)
----------------- Invoking toplevel() on ptolemy.moml.MoMLSimpleApplication@22d59be9
----------------- Done invoking toplevel() on ptolemy.moml.MoMLSimpleApplication@22d59be9
reloadAllAccessors: .TrigFunctionTan
----------------- testing Wed May 09 23:59:56 UTC 2018 /home/travis/build/icyphy/ptII/ptolemy/actor/lib/test/auto/TriggeredClock.xml
----------------- Instantiating /home/travis/build/icyphy/ptII/ptolemy/actor/lib/test/auto/TriggeredClock.xml
1 ms. Memory: 1054208K Free: 495551K (47%)
----------------- Invoking toplevel() on ptolemy.moml.MoMLSimpleApplication@366f0260
----------------- Done invoking toplevel() on ptolemy.moml.MoMLSimpleApplication@366f0260
reloadAllAccessors: .TriggeredClock
----------------- testing Wed May 09 23:59:56 UTC 2018 /home/travis/build/icyphy/ptII/ptolemy/actor/lib/test/auto/URLDirectoryReader.xml
----------------- Instantiating /home/travis/build/icyphy/ptII/ptolemy/actor/lib/test/auto/URLDirectoryReader.xml
55 ms. Memory: 1054208K Free: 479629K (45%)
----------------- Invoking toplevel() on ptolemy.moml.MoMLSimpleApplication@21204300
----------------- Done invoking toplevel() on ptolemy.moml.MoMLSimpleApplication@21204300
reloadAllAccessors: .URLDirectoryReader
----------------- testing Wed May 09 23:59:56 UTC 2018 /home/travis/build/icyphy/ptII/ptolemy/actor/lib/test/auto/URLDirectoryReader3.xml
----------------- Instantiating /home/travis/build/icyphy/ptII/ptolemy/actor/lib/test/auto/URLDirectoryReader3.xml
1247 ms. Memory: 1054208K Free: 428692K (41%)
----------------- Invoking toplevel() on ptolemy.moml.MoMLSimpleApplication@2393b866
----------------- Done invoking toplevel() on ptolemy.moml.MoMLSimpleApplication@2393b866
reloadAllAccessors: .URLDirectoryReader3
----------------- testing Wed May 09 23:59:58 UTC 2018 /home/travis/build/icyphy/ptII/ptolemy/actor/lib/test/auto/UnaryMathFunction.xml
----------------- Instantiating /home/travis/build/icyphy/ptII/ptolemy/actor/lib/test/auto/UnaryMathFunction.xml
11 ms. Memory: 1054208K Free: 412769K (39%)
----------------- Invoking toplevel() on ptolemy.moml.MoMLSimpleApplication@4e14e5d2
----------------- Done invoking toplevel() on ptolemy.moml.MoMLSimpleApplication@4e14e5d2
reloadAllAccessors: .UnaryMathFunction
----------------- testing Wed May 09 23:59:58 UTC 2018 /home/travis/build/icyphy/ptII/ptolemy/actor/lib/test/auto/Uniform.xml
----------------- Instantiating /home/travis/build/icyphy/ptII/ptolemy/actor/lib/test/auto/Uniform.xml
10 ms. Memory: 1054208K Free: 396847K (38%)
----------------- Invoking toplevel() on ptolemy.moml.MoMLSimpleApplication@5286a8c
----------------- Done invoking toplevel() on ptolemy.moml.MoMLSimpleApplication@5286a8c
reloadAllAccessors: .Uniform
----------------- testing Wed May 09 23:59:58 UTC 2018 /home/travis/build/icyphy/ptII/ptolemy/actor/lib/test/auto/UnionDisassemblerTest.xml
----------------- Instantiating /home/travis/build/icyphy/ptII/ptolemy/actor/lib/test/auto/UnionDisassemblerTest.xml
29 ms. Memory: 1054208K Free: 380924K (36%)
----------------- Invoking toplevel() on ptolemy.moml.MoMLSimpleApplication@1e8271d4
----------------- Done invoking toplevel() on ptolemy.moml.MoMLSimpleApplication@1e8271d4
reloadAllAccessors: .UnionDisassemblerTest
----------------- testing Wed May 09 23:59:58 UTC 2018 /home/travis/build/icyphy/ptII/ptolemy/actor/lib/test/auto/UtilityFunctions.xml
----------------- Instantiating /home/travis/build/icyphy/ptII/ptolemy/actor/lib/test/auto/UtilityFunctions.xml
1 ms. Memory: 1054208K Free: 365002K (35%)
----------------- Invoking toplevel() on ptolemy.moml.MoMLSimpleApplication@6916f453
----------------- Done invoking toplevel() on ptolemy.moml.MoMLSimpleApplication@6916f453
reloadAllAccessors: .UtilityFunctions
----------------- testing Wed May 09 23:59:58 UTC 2018 /home/travis/build/icyphy/ptII/ptolemy/actor/lib/test/auto/VariableSleep.xml
----------------- Instantiating /home/travis/build/icyphy/ptII/ptolemy/actor/lib/test/auto/VariableSleep.xml
504 ms. Memory: 1054208K Free: 352270K (33%)
----------------- Invoking toplevel() on ptolemy.moml.MoMLSimpleApplication@57fc7e49
----------------- Done invoking toplevel() on ptolemy.moml.MoMLSimpleApplication@57fc7e49
reloadAllAccessors: .VariableSleep
----------------- testing Wed May 09 23:59:59 UTC 2018 /home/travis/build/icyphy/ptII/ptolemy/actor/lib/test/auto/VectorAssemblerDisassemblerCT.xml
----------------- Instantiating /home/travis/build/icyphy/ptII/ptolemy/actor/lib/test/auto/VectorAssemblerDisassemblerCT.xml
154 ms. Memory: 1054208K Free: 323584K (31%)
----------------- Invoking toplevel() on ptolemy.moml.MoMLSimpleApplication@3fa4ef3d
----------------- Done invoking toplevel() on ptolemy.moml.MoMLSimpleApplication@3fa4ef3d
reloadAllAccessors: .VectorAssemblerDisassemblerCT
----------------- testing Wed May 09 23:59:59 UTC 2018 /home/travis/build/icyphy/ptII/ptolemy/actor/lib/test/auto/VectorAssemblerDisassemblerDE.xml
----------------- Instantiating /home/travis/build/icyphy/ptII/ptolemy/actor/lib/test/auto/VectorAssemblerDisassemblerDE.xml
4 ms. Memory: 1054208K Free: 307662K (29%)
----------------- Invoking toplevel() on ptolemy.moml.MoMLSimpleApplication@34398331
----------------- Done invoking toplevel() on ptolemy.moml.MoMLSimpleApplication@34398331
reloadAllAccessors: .VectorAssemblerDisassemblerDE
----------------- testing Wed May 09 23:59:59 UTC 2018 /home/travis/build/icyphy/ptII/ptolemy/actor/lib/test/auto/VectorAssemblerDisassemblerSDF.xml
----------------- Instantiating /home/travis/build/icyphy/ptII/ptolemy/actor/lib/test/auto/VectorAssemblerDisassemblerSDF.xml
3 ms. Memory: 1054208K Free: 291739K (28%)
----------------- Invoking toplevel() on ptolemy.moml.MoMLSimpleApplication@5f0dd28c
----------------- Done invoking toplevel() on ptolemy.moml.MoMLSimpleApplication@5f0dd28c
reloadAllAccessors: .VectorAssemblerDisassemblerSDF
----------------- testing Wed May 09 23:59:59 UTC 2018 /home/travis/build/icyphy/ptII/ptolemy/actor/lib/test/auto/WallClockTime.xml
----------------- Instantiating /home/travis/build/icyphy/ptII/ptolemy/actor/lib/test/auto/WallClockTime.xml
1006 ms. Memory: 1054208K Free: 275817K (26%)
----------------- Invoking toplevel() on ptolemy.moml.MoMLSimpleApplication@67558822
----------------- Done invoking toplevel() on ptolemy.moml.MoMLSimpleApplication@67558822
reloadAllAccessors: .WallClockTime
----------------- testing Thu May 10 00:00:00 UTC 2018 /home/travis/build/icyphy/ptII/ptolemy/actor/lib/test/auto/WidthTestWithSubscriberPublisher.xml
----------------- Instantiating /home/travis/build/icyphy/ptII/ptolemy/actor/lib/test/auto/WidthTestWithSubscriberPublisher.xml
8 ms. Memory: 1054208K Free: 250338K (24%)
----------------- Invoking toplevel() on ptolemy.moml.MoMLSimpleApplication@17ae4d12
----------------- Done invoking toplevel() on ptolemy.moml.MoMLSimpleApplication@17ae4d12
reloadAllAccessors: .WidthTestWithSubscriberPublisher
----------------- testing Thu May 10 00:00:00 UTC 2018 /home/travis/build/icyphy/ptII/ptolemy/actor/lib/test/auto/WidthTestWithSubscriberPublisher2.xml
----------------- Instantiating /home/travis/build/icyphy/ptII/ptolemy/actor/lib/test/auto/WidthTestWithSubscriberPublisher2.xml
3 ms. Memory: 1054208K Free: 234415K (22%)
----------------- Invoking toplevel() on ptolemy.moml.MoMLSimpleApplication@3176c216
----------------- Done invoking toplevel() on ptolemy.moml.MoMLSimpleApplication@3176c216
reloadAllAccessors: .WidthTestWithSubscriberPublisher2
----------------- testing Thu May 10 00:00:00 UTC 2018 /home/travis/build/icyphy/ptII/ptolemy/actor/lib/test/auto/WidthTestWithSubscriberPublisher3.xml
----------------- Instantiating /home/travis/build/icyphy/ptII/ptolemy/actor/lib/test/auto/WidthTestWithSubscriberPublisher3.xml
3 ms. Memory: 1054208K Free: 218493K (21%)
----------------- Invoking toplevel() on ptolemy.moml.MoMLSimpleApplication@6279b5d6
----------------- Done invoking toplevel() on ptolemy.moml.MoMLSimpleApplication@6279b5d6
reloadAllAccessors: .WidthTestWithSubscriberPublisher3
----------------- testing Thu May 10 00:00:00 UTC 2018 /home/travis/build/icyphy/ptII/ptolemy/actor/lib/test/auto/Writer.xml
----------------- Instantiating /home/travis/build/icyphy/ptII/ptolemy/actor/lib/test/auto/Writer.xml
0
1
2
3
4
2 ms. Memory: 1054208K Free: 202571K (19%)
----------------- Invoking toplevel() on ptolemy.moml.MoMLSimpleApplication@ecab551
----------------- Done invoking toplevel() on ptolemy.moml.MoMLSimpleApplication@ecab551
reloadAllAccessors: .Writer
----------------- testing Thu May 10 00:00:00 UTC 2018 /home/travis/build/icyphy/ptII/ptolemy/actor/lib/test/auto/array.xml
----------------- Instantiating /home/travis/build/icyphy/ptII/ptolemy/actor/lib/test/auto/array.xml
3 ms. Memory: 1054208K Free: 189839K (18%)
----------------- Invoking toplevel() on ptolemy.moml.MoMLSimpleApplication@424032c8
----------------- Done invoking toplevel() on ptolemy.moml.MoMLSimpleApplication@424032c8
reloadAllAccessors: .array
----------------- testing Thu May 10 00:00:00 UTC 2018 /home/travis/build/icyphy/ptII/ptolemy/actor/lib/test/auto/array2.xml
----------------- Instantiating /home/travis/build/icyphy/ptII/ptolemy/actor/lib/test/auto/array2.xml
3 ms. Memory: 1054208K Free: 173916K (16%)
----------------- Invoking toplevel() on ptolemy.moml.MoMLSimpleApplication@ab9a3ee
----------------- Done invoking toplevel() on ptolemy.moml.MoMLSimpleApplication@ab9a3ee
reloadAllAccessors: .array2
----------------- testing Thu May 10 00:00:00 UTC 2018 /home/travis/build/icyphy/ptII/ptolemy/actor/lib/test/auto/arrayType.xml
----------------- Instantiating /home/travis/build/icyphy/ptII/ptolemy/actor/lib/test/auto/arrayType.xml
1 ms. Memory: 1054208K Free: 157994K (15%)
----------------- Invoking toplevel() on ptolemy.moml.MoMLSimpleApplication@61ac0d7d
----------------- Done invoking toplevel() on ptolemy.moml.MoMLSimpleApplication@61ac0d7d
reloadAllAccessors: .arrayType
----------------- testing Thu May 10 00:00:00 UTC 2018 /home/travis/build/icyphy/ptII/ptolemy/actor/lib/test/auto/arrayType10.xml
----------------- Instantiating /home/travis/build/icyphy/ptII/ptolemy/actor/lib/test/auto/arrayType10.xml
2 ms. Memory: 1054208K Free: 142072K (13%)
----------------- Invoking toplevel() on ptolemy.moml.MoMLSimpleApplication@619eb7c8
----------------- Done invoking toplevel() on ptolemy.moml.MoMLSimpleApplication@619eb7c8
reloadAllAccessors: .arrayType10
----------------- testing Thu May 10 00:00:00 UTC 2018 /home/travis/build/icyphy/ptII/ptolemy/actor/lib/test/auto/arrayType11.xml
----------------- Instantiating /home/travis/build/icyphy/ptII/ptolemy/actor/lib/test/auto/arrayType11.xml
1 ms. Memory: 1054208K Free: 126149K (12%)
----------------- Invoking toplevel() on ptolemy.moml.MoMLSimpleApplication@3fc8d4cb
----------------- Done invoking toplevel() on ptolemy.moml.MoMLSimpleApplication@3fc8d4cb
reloadAllAccessors: .arrayType11
----------------- testing Thu May 10 00:00:00 UTC 2018 /home/travis/build/icyphy/ptII/ptolemy/actor/lib/test/auto/arrayType12.xml
----------------- Instantiating /home/travis/build/icyphy/ptII/ptolemy/actor/lib/test/auto/arrayType12.xml
2 ms. Memory: 1054208K Free: 113418K (11%)
----------------- Invoking toplevel() on ptolemy.moml.MoMLSimpleApplication@533fda17
----------------- Done invoking toplevel() on ptolemy.moml.MoMLSimpleApplication@533fda17
reloadAllAccessors: .arrayType12
----------------- testing Thu May 10 00:00:00 UTC 2018 /home/travis/build/icyphy/ptII/ptolemy/actor/lib/test/auto/arrayType13.xml
----------------- Instantiating /home/travis/build/icyphy/ptII/ptolemy/actor/lib/test/auto/arrayType13.xml
2 ms. Memory: 1054208K Free: 97495K (9%)
----------------- Invoking toplevel() on ptolemy.moml.MoMLSimpleApplication@97086ec
----------------- Done invoking toplevel() on ptolemy.moml.MoMLSimpleApplication@97086ec
reloadAllAccessors: .arrayType13
----------------- testing Thu May 10 00:00:00 UTC 2018 /home/travis/build/icyphy/ptII/ptolemy/actor/lib/test/auto/arrayType14.xml
----------------- Instantiating /home/travis/build/icyphy/ptII/ptolemy/actor/lib/test/auto/arrayType14.xml
3 ms. Memory: 1054208K Free: 81573K (8%)
----------------- Invoking toplevel() on ptolemy.moml.MoMLSimpleApplication@7c6fb35a
----------------- Done invoking toplevel() on ptolemy.moml.MoMLSimpleApplication@7c6fb35a
reloadAllAccessors: .arrayType14
----------------- testing Thu May 10 00:00:00 UTC 2018 /home/travis/build/icyphy/ptII/ptolemy/actor/lib/test/auto/arrayType15.xml
----------------- Instantiating /home/travis/build/icyphy/ptII/ptolemy/actor/lib/test/auto/arrayType15.xml
3 ms. Memory: 1054208K Free: 65650K (6%)
----------------- Invoking toplevel() on ptolemy.moml.MoMLSimpleApplication@49271cf8
----------------- Done invoking toplevel() on ptolemy.moml.MoMLSimpleApplication@49271cf8
reloadAllAccessors: .arrayType15
----------------- testing Thu May 10 00:00:00 UTC 2018 /home/travis/build/icyphy/ptII/ptolemy/actor/lib/test/auto/arrayType16.xml
----------------- Instantiating /home/travis/build/icyphy/ptII/ptolemy/actor/lib/test/auto/arrayType16.xml
5 ms. Memory: 1065472K Free: 1002561K (94%)
----------------- Invoking toplevel() on ptolemy.moml.MoMLSimpleApplication@6f459b61
----------------- Done invoking toplevel() on ptolemy.moml.MoMLSimpleApplication@6f459b61
reloadAllAccessors: .arrayType16
----------------- testing Thu May 10 00:00:00 UTC 2018 /home/travis/build/icyphy/ptII/ptolemy/actor/lib/test/auto/arrayType17.xml
----------------- Instantiating /home/travis/build/icyphy/ptII/ptolemy/actor/lib/test/auto/arrayType17.xml
2 ms. Memory: 1065472K Free: 986785K (93%)
----------------- Invoking toplevel() on ptolemy.moml.MoMLSimpleApplication@3511efed
----------------- Done invoking toplevel() on ptolemy.moml.MoMLSimpleApplication@3511efed
reloadAllAccessors: .arrayType17
----------------- testing Thu May 10 00:00:00 UTC 2018 /home/travis/build/icyphy/ptII/ptolemy/actor/lib/test/auto/arrayType18.xml
----------------- Instantiating /home/travis/build/icyphy/ptII/ptolemy/actor/lib/test/auto/arrayType18.xml
2 ms. Memory: 1065472K Free: 971009K (91%)
----------------- Invoking toplevel() on ptolemy.moml.MoMLSimpleApplication@3412affb
----------------- Done invoking toplevel() on ptolemy.moml.MoMLSimpleApplication@3412affb
reloadAllAccessors: .arrayType18
----------------- testing Thu May 10 00:00:00 UTC 2018 /home/travis/build/icyphy/ptII/ptolemy/actor/lib/test/auto/arrayType19.xml
----------------- Instantiating /home/travis/build/icyphy/ptII/ptolemy/actor/lib/test/auto/arrayType19.xml
1 ms. Memory: 1065472K Free: 955234K (90%)
----------------- Invoking toplevel() on ptolemy.moml.MoMLSimpleApplication@76bd8697
----------------- Done invoking toplevel() on ptolemy.moml.MoMLSimpleApplication@76bd8697
reloadAllAccessors: .arrayType19
----------------- testing Thu May 10 00:00:01 UTC 2018 /home/travis/build/icyphy/ptII/ptolemy/actor/lib/test/auto/arrayType2.xml
----------------- Instantiating /home/travis/build/icyphy/ptII/ptolemy/actor/lib/test/auto/arrayType2.xml
1 ms. Memory: 1065472K Free: 939458K (88%)
----------------- Invoking toplevel() on ptolemy.moml.MoMLSimpleApplication@704a0770
----------------- Done invoking toplevel() on ptolemy.moml.MoMLSimpleApplication@704a0770
reloadAllAccessors: .arrayType2
----------------- testing Thu May 10 00:00:01 UTC 2018 /home/travis/build/icyphy/ptII/ptolemy/actor/lib/test/auto/arrayType20.xml
----------------- Instantiating /home/travis/build/icyphy/ptII/ptolemy/actor/lib/test/auto/arrayType20.xml
2 ms. Memory: 1065472K Free: 923682K (87%)
----------------- Invoking toplevel() on ptolemy.moml.MoMLSimpleApplication@23f78023
----------------- Done invoking toplevel() on ptolemy.moml.MoMLSimpleApplication@23f78023
reloadAllAccessors: .arrayType20
----------------- testing Thu May 10 00:00:01 UTC 2018 /home/travis/build/icyphy/ptII/ptolemy/actor/lib/test/auto/arrayType21.xml
----------------- Instantiating /home/travis/build/icyphy/ptII/ptolemy/actor/lib/test/auto/arrayType21.xml
2 ms. Memory: 1065472K Free: 907907K (85%)
----------------- Invoking toplevel() on ptolemy.moml.MoMLSimpleApplication@49a450c
----------------- Done invoking toplevel() on ptolemy.moml.MoMLSimpleApplication@49a450c
reloadAllAccessors: .arrayType21
----------------- testing Thu May 10 00:00:01 UTC 2018 /home/travis/build/icyphy/ptII/ptolemy/actor/lib/test/auto/arrayType22.xml
----------------- Instantiating /home/travis/build/icyphy/ptII/ptolemy/actor/lib/test/auto/arrayType22.xml
1 ms. Memory: 1065472K Free: 895168K (84%)
----------------- Invoking toplevel() on ptolemy.moml.MoMLSimpleApplication@1ff55a04
----------------- Done invoking toplevel() on ptolemy.moml.MoMLSimpleApplication@1ff55a04
reloadAllAccessors: .arrayType22
----------------- testing Thu May 10 00:00:01 UTC 2018 /home/travis/build/icyphy/ptII/ptolemy/actor/lib/test/auto/arrayType23.xml
----------------- Instantiating /home/travis/build/icyphy/ptII/ptolemy/actor/lib/test/auto/arrayType23.xml
1 ms. Memory: 1065472K Free: 879392K (83%)
----------------- Invoking toplevel() on ptolemy.moml.MoMLSimpleApplication@ffe42f3
----------------- Done invoking toplevel() on ptolemy.moml.MoMLSimpleApplication@ffe42f3
reloadAllAccessors: .arrayType23
----------------- testing Thu May 10 00:00:01 UTC 2018 /home/travis/build/icyphy/ptII/ptolemy/actor/lib/test/auto/arrayType24.xml
----------------- Instantiating /home/travis/build/icyphy/ptII/ptolemy/actor/lib/test/auto/arrayType24.xml
1 ms. Memory: 1065472K Free: 863617K (81%)
----------------- Invoking toplevel() on ptolemy.moml.MoMLSimpleApplication@3ffd8c79
----------------- Done invoking toplevel() on ptolemy.moml.MoMLSimpleApplication@3ffd8c79
reloadAllAccessors: .arrayType24
----------------- testing Thu May 10 00:00:01 UTC 2018 /home/travis/build/icyphy/ptII/ptolemy/actor/lib/test/auto/arrayType25.xml
----------------- Instantiating /home/travis/build/icyphy/ptII/ptolemy/actor/lib/test/auto/arrayType25.xml
2 ms. Memory: 1065472K Free: 847841K (80%)
----------------- Invoking toplevel() on ptolemy.moml.MoMLSimpleApplication@2b223915
----------------- Done invoking toplevel() on ptolemy.moml.MoMLSimpleApplication@2b223915
reloadAllAccessors: .arrayType25
----------------- testing Thu May 10 00:00:01 UTC 2018 /home/travis/build/icyphy/ptII/ptolemy/actor/lib/test/auto/arrayType26.xml
----------------- Instantiating /home/travis/build/icyphy/ptII/ptolemy/actor/lib/test/auto/arrayType26.xml
2 ms. Memory: 1065472K Free: 832065K (78%)
----------------- Invoking toplevel() on ptolemy.moml.MoMLSimpleApplication@1c93e4a9
----------------- Done invoking toplevel() on ptolemy.moml.MoMLSimpleApplication@1c93e4a9
reloadAllAccessors: .arrayType26
----------------- testing Thu May 10 00:00:01 UTC 2018 /home/travis/build/icyphy/ptII/ptolemy/actor/lib/test/auto/arrayType27.xml
----------------- Instantiating /home/travis/build/icyphy/ptII/ptolemy/actor/lib/test/auto/arrayType27.xml
2 ms. Memory: 1065472K Free: 816290K (77%)
----------------- Invoking toplevel() on ptolemy.moml.MoMLSimpleApplication@20bdbbc7
----------------- Done invoking toplevel() on ptolemy.moml.MoMLSimpleApplication@20bdbbc7
reloadAllAccessors: .arrayType27
----------------- testing Thu May 10 00:00:01 UTC 2018 /home/travis/build/icyphy/ptII/ptolemy/actor/lib/test/auto/arrayType28.xml
----------------- Instantiating /home/travis/build/icyphy/ptII/ptolemy/actor/lib/test/auto/arrayType28.xml
4 ms. Memory: 1065472K Free: 803551K (75%)
----------------- Invoking toplevel() on ptolemy.moml.MoMLSimpleApplication@5b5ce969
----------------- Done invoking toplevel() on ptolemy.moml.MoMLSimpleApplication@5b5ce969
reloadAllAccessors: .arrayType28
----------------- testing Thu May 10 00:00:01 UTC 2018 /home/travis/build/icyphy/ptII/ptolemy/actor/lib/test/auto/arrayType3.xml
----------------- Instantiating /home/travis/build/icyphy/ptII/ptolemy/actor/lib/test/auto/arrayType3.xml
1 ms. Memory: 1065472K Free: 787775K (74%)
----------------- Invoking toplevel() on ptolemy.moml.MoMLSimpleApplication@2554891b
----------------- Done invoking toplevel() on ptolemy.moml.MoMLSimpleApplication@2554891b
reloadAllAccessors: .arrayType3
----------------- testing Thu May 10 00:00:01 UTC 2018 /home/travis/build/icyphy/ptII/ptolemy/actor/lib/test/auto/arrayType4.xml
----------------- Instantiating /home/travis/build/icyphy/ptII/ptolemy/actor/lib/test/auto/arrayType4.xml
2 ms. Memory: 1065472K Free: 772000K (72%)
----------------- Invoking toplevel() on ptolemy.moml.MoMLSimpleApplication@5bd84c18
----------------- Done invoking toplevel() on ptolemy.moml.MoMLSimpleApplication@5bd84c18
reloadAllAccessors: .arrayType4
----------------- testing Thu May 10 00:00:01 UTC 2018 /home/travis/build/icyphy/ptII/ptolemy/actor/lib/test/auto/arrayType5.xml
----------------- Instantiating /home/travis/build/icyphy/ptII/ptolemy/actor/lib/test/auto/arrayType5.xml
2 ms. Memory: 1065472K Free: 756224K (71%)
----------------- Invoking toplevel() on ptolemy.moml.MoMLSimpleApplication@2a8c7cd
----------------- Done invoking toplevel() on ptolemy.moml.MoMLSimpleApplication@2a8c7cd
reloadAllAccessors: .arrayType5
----------------- testing Thu May 10 00:00:01 UTC 2018 /home/travis/build/icyphy/ptII/ptolemy/actor/lib/test/auto/arrayType6.xml
----------------- Instantiating /home/travis/build/icyphy/ptII/ptolemy/actor/lib/test/auto/arrayType6.xml
2 ms. Memory: 1065472K Free: 740448K (69%)
----------------- Invoking toplevel() on ptolemy.moml.MoMLSimpleApplication@5eae7a7b
----------------- Done invoking toplevel() on ptolemy.moml.MoMLSimpleApplication@5eae7a7b
reloadAllAccessors: .arrayType6
----------------- testing Thu May 10 00:00:01 UTC 2018 /home/travis/build/icyphy/ptII/ptolemy/actor/lib/test/auto/arrayType7.xml
----------------- Instantiating /home/travis/build/icyphy/ptII/ptolemy/actor/lib/test/auto/arrayType7.xml
6 ms. Memory: 1065472K Free: 724672K (68%)
----------------- Invoking toplevel() on ptolemy.moml.MoMLSimpleApplication@5bb7ba63
----------------- Done invoking toplevel() on ptolemy.moml.MoMLSimpleApplication@5bb7ba63
reloadAllAccessors: .arrayType7
----------------- testing Thu May 10 00:00:01 UTC 2018 /home/travis/build/icyphy/ptII/ptolemy/actor/lib/test/auto/arrayType8.xml
----------------- Instantiating /home/travis/build/icyphy/ptII/ptolemy/actor/lib/test/auto/arrayType8.xml
2 ms. Memory: 1065472K Free: 711934K (67%)
----------------- Invoking toplevel() on ptolemy.moml.MoMLSimpleApplication@18ea792b
----------------- Done invoking toplevel() on ptolemy.moml.MoMLSimpleApplication@18ea792b
reloadAllAccessors: .arrayType8
----------------- testing Thu May 10 00:00:01 UTC 2018 /home/travis/build/icyphy/ptII/ptolemy/actor/lib/test/auto/arrayType9.xml
----------------- Instantiating /home/travis/build/icyphy/ptII/ptolemy/actor/lib/test/auto/arrayType9.xml
3 ms. Memory: 1065472K Free: 696158K (65%)
----------------- Invoking toplevel() on ptolemy.moml.MoMLSimpleApplication@4c02a277
----------------- Done invoking toplevel() on ptolemy.moml.MoMLSimpleApplication@4c02a277
reloadAllAccessors: .arrayType9
----------------- testing Thu May 10 00:00:01 UTC 2018 /home/travis/build/icyphy/ptII/ptolemy/actor/lib/test/auto/cast.xml
----------------- Instantiating /home/travis/build/icyphy/ptII/ptolemy/actor/lib/test/auto/cast.xml
3 ms. Memory: 1065472K Free: 680382K (64%)
----------------- Invoking toplevel() on ptolemy.moml.MoMLSimpleApplication@3000f253
----------------- Done invoking toplevel() on ptolemy.moml.MoMLSimpleApplication@3000f253
reloadAllAccessors: .cast
----------------- testing Thu May 10 00:00:01 UTC 2018 /home/travis/build/icyphy/ptII/ptolemy/actor/lib/test/auto/compositeMultiPort.xml
----------------- Instantiating /home/travis/build/icyphy/ptII/ptolemy/actor/lib/test/auto/compositeMultiPort.xml
4 ms. Memory: 1065472K Free: 664606K (62%)
----------------- Invoking toplevel() on ptolemy.moml.MoMLSimpleApplication@211ce201
----------------- Done invoking toplevel() on ptolemy.moml.MoMLSimpleApplication@211ce201
reloadAllAccessors: .compositeMultiPort
----------------- testing Thu May 10 00:00:01 UTC 2018 /home/travis/build/icyphy/ptII/ptolemy/actor/lib/test/auto/expressionCastInference.xml
----------------- Instantiating /home/travis/build/icyphy/ptII/ptolemy/actor/lib/test/auto/expressionCastInference.xml
2 ms. Memory: 1065472K Free: 648831K (61%)
----------------- Invoking toplevel() on ptolemy.moml.MoMLSimpleApplication@30c04a64
----------------- Done invoking toplevel() on ptolemy.moml.MoMLSimpleApplication@30c04a64
reloadAllAccessors: .expressionCastInference
----------------- testing Thu May 10 00:00:01 UTC 2018 /home/travis/build/icyphy/ptII/ptolemy/actor/lib/test/auto/expressionCastInference2.xml
----------------- Instantiating /home/travis/build/icyphy/ptII/ptolemy/actor/lib/test/auto/expressionCastInference2.xml
2 ms. Memory: 1065472K Free: 633055K (59%)
----------------- Invoking toplevel() on ptolemy.moml.MoMLSimpleApplication@51599440
----------------- Done invoking toplevel() on ptolemy.moml.MoMLSimpleApplication@51599440
reloadAllAccessors: .expressionCastInference2
----------------- testing Thu May 10 00:00:01 UTC 2018 /home/travis/build/icyphy/ptII/ptolemy/actor/lib/test/auto/expressionInference.xml
----------------- Instantiating /home/travis/build/icyphy/ptII/ptolemy/actor/lib/test/auto/expressionInference.xml
2 ms. Memory: 1065472K Free: 617279K (58%)
----------------- Invoking toplevel() on ptolemy.moml.MoMLSimpleApplication@40bfa501
----------------- Done invoking toplevel() on ptolemy.moml.MoMLSimpleApplication@40bfa501
reloadAllAccessors: .expressionInference
----------------- testing Thu May 10 00:00:01 UTC 2018 /home/travis/build/icyphy/ptII/ptolemy/actor/lib/test/auto/expression_bug.xml
----------------- Instantiating /home/travis/build/icyphy/ptII/ptolemy/actor/lib/test/auto/expression_bug.xml
1 ms. Memory: 1065472K Free: 604541K (57%)
----------------- Invoking toplevel() on ptolemy.moml.MoMLSimpleApplication@70e3de10
----------------- Done invoking toplevel() on ptolemy.moml.MoMLSimpleApplication@70e3de10
reloadAllAccessors: .expression_bug
----------------- testing Thu May 10 00:00:01 UTC 2018 /home/travis/build/icyphy/ptII/ptolemy/actor/lib/test/auto/factorial.xml
----------------- Instantiating /home/travis/build/icyphy/ptII/ptolemy/actor/lib/test/auto/factorial.xml
62 ms. Memory: 1065472K Free: 588765K (55%)
----------------- Invoking toplevel() on ptolemy.moml.MoMLSimpleApplication@9771508
----------------- Done invoking toplevel() on ptolemy.moml.MoMLSimpleApplication@9771508
reloadAllAccessors: .factorial
----------------- testing Thu May 10 00:00:01 UTC 2018 /home/travis/build/icyphy/ptII/ptolemy/actor/lib/test/auto/filterTest1.xml
----------------- Instantiating /home/travis/build/icyphy/ptII/ptolemy/actor/lib/test/auto/filterTest1.xml
3 ms. Memory: 1065472K Free: 572989K (54%)
----------------- Invoking toplevel() on ptolemy.moml.MoMLSimpleApplication@4d008d91
----------------- Done invoking toplevel() on ptolemy.moml.MoMLSimpleApplication@4d008d91
reloadAllAccessors: .filterTest1
----------------- testing Thu May 10 00:00:01 UTC 2018 /home/travis/build/icyphy/ptII/ptolemy/actor/lib/test/auto/funcApplyInConst.xml
----------------- Instantiating /home/travis/build/icyphy/ptII/ptolemy/actor/lib/test/auto/funcApplyInConst.xml
1 ms. Memory: 1065472K Free: 557214K (52%)
----------------- Invoking toplevel() on ptolemy.moml.MoMLSimpleApplication@318b4a38
----------------- Done invoking toplevel() on ptolemy.moml.MoMLSimpleApplication@318b4a38
reloadAllAccessors: .funcApplyInConst
----------------- testing Thu May 10 00:00:01 UTC 2018 /home/travis/build/icyphy/ptII/ptolemy/actor/lib/test/auto/funcApplyInExpr.xml
----------------- Instantiating /home/travis/build/icyphy/ptII/ptolemy/actor/lib/test/auto/funcApplyInExpr.xml
2 ms. Memory: 1065472K Free: 541438K (51%)
----------------- Invoking toplevel() on ptolemy.moml.MoMLSimpleApplication@2d9cb2db
----------------- Done invoking toplevel() on ptolemy.moml.MoMLSimpleApplication@2d9cb2db
reloadAllAccessors: .funcApplyInExpr
----------------- testing Thu May 10 00:00:01 UTC 2018 /home/travis/build/icyphy/ptII/ptolemy/actor/lib/test/auto/function.xml
----------------- Instantiating /home/travis/build/icyphy/ptII/ptolemy/actor/lib/test/auto/function.xml
2 ms. Memory: 1065472K Free: 525662K (49%)
----------------- Invoking toplevel() on ptolemy.moml.MoMLSimpleApplication@7d69301
----------------- Done invoking toplevel() on ptolemy.moml.MoMLSimpleApplication@7d69301
reloadAllAccessors: .function
----------------- testing Thu May 10 00:00:01 UTC 2018 /home/travis/build/icyphy/ptII/ptolemy/actor/lib/test/auto/function2.xml
----------------- Instantiating /home/travis/build/icyphy/ptII/ptolemy/actor/lib/test/auto/function2.xml
2 ms. Memory: 1065472K Free: 512924K (48%)
----------------- Invoking toplevel() on ptolemy.moml.MoMLSimpleApplication@4ef2b472
----------------- Done invoking toplevel() on ptolemy.moml.MoMLSimpleApplication@4ef2b472
reloadAllAccessors: .function2
----------------- testing Thu May 10 00:00:01 UTC 2018 /home/travis/build/icyphy/ptII/ptolemy/actor/lib/test/auto/function3.xml
----------------- Instantiating /home/travis/build/icyphy/ptII/ptolemy/actor/lib/test/auto/function3.xml
2 ms. Memory: 1065472K Free: 497148K (47%)
----------------- Invoking toplevel() on ptolemy.moml.MoMLSimpleApplication@53810573
----------------- Done invoking toplevel() on ptolemy.moml.MoMLSimpleApplication@53810573
reloadAllAccessors: .function3
----------------- testing Thu May 10 00:00:01 UTC 2018 /home/travis/build/icyphy/ptII/ptolemy/actor/lib/test/auto/functionClosureTest1.xml
----------------- Instantiating /home/travis/build/icyphy/ptII/ptolemy/actor/lib/test/auto/functionClosureTest1.xml
2 ms. Memory: 1065472K Free: 481373K (45%)
----------------- Invoking toplevel() on ptolemy.moml.MoMLSimpleApplication@5726591a
----------------- Done invoking toplevel() on ptolemy.moml.MoMLSimpleApplication@5726591a
reloadAllAccessors: .functionClosureTest1
----------------- testing Thu May 10 00:00:01 UTC 2018 /home/travis/build/icyphy/ptII/ptolemy/actor/lib/test/auto/functionClosureTest2.xml
----------------- Instantiating /home/travis/build/icyphy/ptII/ptolemy/actor/lib/test/auto/functionClosureTest2.xml
2 ms. Memory: 1065472K Free: 465597K (44%)
----------------- Invoking toplevel() on ptolemy.moml.MoMLSimpleApplication@6c551ff0
----------------- Done invoking toplevel() on ptolemy.moml.MoMLSimpleApplication@6c551ff0
reloadAllAccessors: .functionClosureTest2
----------------- testing Thu May 10 00:00:01 UTC 2018 /home/travis/build/icyphy/ptII/ptolemy/actor/lib/test/auto/functionClosureTest3.xml
----------------- Instantiating /home/travis/build/icyphy/ptII/ptolemy/actor/lib/test/auto/functionClosureTest3.xml
2 ms. Memory: 1065472K Free: 449821K (42%)
----------------- Invoking toplevel() on ptolemy.moml.MoMLSimpleApplication@52c8be8d
----------------- Done invoking toplevel() on ptolemy.moml.MoMLSimpleApplication@52c8be8d
reloadAllAccessors: .functionClosureTest3
----------------- testing Thu May 10 00:00:01 UTC 2018 /home/travis/build/icyphy/ptII/ptolemy/actor/lib/test/auto/functionClosureTest4.xml
----------------- Instantiating /home/travis/build/icyphy/ptII/ptolemy/actor/lib/test/auto/functionClosureTest4.xml
4 ms. Memory: 1065472K Free: 434045K (41%)
----------------- Invoking toplevel() on ptolemy.moml.MoMLSimpleApplication@7432a6f7
----------------- Done invoking toplevel() on ptolemy.moml.MoMLSimpleApplication@7432a6f7
reloadAllAccessors: .functionClosureTest4
----------------- testing Thu May 10 00:00:01 UTC 2018 /home/travis/build/icyphy/ptII/ptolemy/actor/lib/test/auto/functionClosureTest5.xml
----------------- Instantiating /home/travis/build/icyphy/ptII/ptolemy/actor/lib/test/auto/functionClosureTest5.xml
6 ms. Memory: 1065472K Free: 418270K (39%)
----------------- Invoking toplevel() on ptolemy.moml.MoMLSimpleApplication@7d9bae36
----------------- Done invoking toplevel() on ptolemy.moml.MoMLSimpleApplication@7d9bae36
reloadAllAccessors: .functionClosureTest5
----------------- testing Thu May 10 00:00:01 UTC 2018 /home/travis/build/icyphy/ptII/ptolemy/actor/lib/test/auto/functionClosureTest6.xml
----------------- Instantiating /home/travis/build/icyphy/ptII/ptolemy/actor/lib/test/auto/functionClosureTest6.xml
2 ms. Memory: 1065472K Free: 405531K (38%)
----------------- Invoking toplevel() on ptolemy.moml.MoMLSimpleApplication@1645b5c9
----------------- Done invoking toplevel() on ptolemy.moml.MoMLSimpleApplication@1645b5c9
reloadAllAccessors: .functionClosureTest6
----------------- testing Thu May 10 00:00:01 UTC 2018 /home/travis/build/icyphy/ptII/ptolemy/actor/lib/test/auto/functionsOnArcs.xml
----------------- Instantiating /home/travis/build/icyphy/ptII/ptolemy/actor/lib/test/auto/functionsOnArcs.xml
5 ms. Memory: 1065472K Free: 389755K (37%)
----------------- Invoking toplevel() on ptolemy.moml.MoMLSimpleApplication@38e34294
----------------- Done invoking toplevel() on ptolemy.moml.MoMLSimpleApplication@38e34294
reloadAllAccessors: .functionsOnArcs
----------------- testing Thu May 10 00:00:01 UTC 2018 /home/travis/build/icyphy/ptII/ptolemy/actor/lib/test/auto/functionsOnArcsHOF.xml
----------------- Instantiating /home/travis/build/icyphy/ptII/ptolemy/actor/lib/test/auto/functionsOnArcsHOF.xml
4 ms. Memory: 1065472K Free: 373980K (35%)
----------------- Invoking toplevel() on ptolemy.moml.MoMLSimpleApplication@3217c148
----------------- Done invoking toplevel() on ptolemy.moml.MoMLSimpleApplication@3217c148
reloadAllAccessors: .functionsOnArcsHOF
----------------- testing Thu May 10 00:00:01 UTC 2018 /home/travis/build/icyphy/ptII/ptolemy/actor/lib/test/auto/logic.xml
----------------- Instantiating /home/travis/build/icyphy/ptII/ptolemy/actor/lib/test/auto/logic.xml
3 ms. Memory: 1065472K Free: 358204K (34%)
----------------- Invoking toplevel() on ptolemy.moml.MoMLSimpleApplication@426bf2d5
----------------- Done invoking toplevel() on ptolemy.moml.MoMLSimpleApplication@426bf2d5
reloadAllAccessors: .logic
----------------- testing Thu May 10 00:00:01 UTC 2018 /home/travis/build/icyphy/ptII/ptolemy/actor/lib/test/auto/matrixType.xml
----------------- Instantiating /home/travis/build/icyphy/ptII/ptolemy/actor/lib/test/auto/matrixType.xml
1 ms. Memory: 1065472K Free: 342428K (32%)
----------------- Invoking toplevel() on ptolemy.moml.MoMLSimpleApplication@37017ca
----------------- Done invoking toplevel() on ptolemy.moml.MoMLSimpleApplication@37017ca
reloadAllAccessors: .matrixType
----------------- testing Thu May 10 00:00:01 UTC 2018 /home/travis/build/icyphy/ptII/ptolemy/actor/lib/test/auto/matrixType10.xml
----------------- Instantiating /home/travis/build/icyphy/ptII/ptolemy/actor/lib/test/auto/matrixType10.xml
2 ms. Memory: 1065472K Free: 326652K (31%)
----------------- Invoking toplevel() on ptolemy.moml.MoMLSimpleApplication@638c0eb8
----------------- Done invoking toplevel() on ptolemy.moml.MoMLSimpleApplication@638c0eb8
reloadAllAccessors: .matrixType10
----------------- testing Thu May 10 00:00:01 UTC 2018 /home/travis/build/icyphy/ptII/ptolemy/actor/lib/test/auto/matrixType11.xml
----------------- Instantiating /home/travis/build/icyphy/ptII/ptolemy/actor/lib/test/auto/matrixType11.xml
2 ms. Memory: 1065472K Free: 310877K (29%)
----------------- Invoking toplevel() on ptolemy.moml.MoMLSimpleApplication@56b55c68
----------------- Done invoking toplevel() on ptolemy.moml.MoMLSimpleApplication@56b55c68
reloadAllAccessors: .matrixType11
----------------- testing Thu May 10 00:00:01 UTC 2018 /home/travis/build/icyphy/ptII/ptolemy/actor/lib/test/auto/matrixType12.xml
----------------- Instantiating /home/travis/build/icyphy/ptII/ptolemy/actor/lib/test/auto/matrixType12.xml
2 ms. Memory: 1065472K Free: 298132K (28%)
----------------- Invoking toplevel() on ptolemy.moml.MoMLSimpleApplication@3576b22f
----------------- Done invoking toplevel() on ptolemy.moml.MoMLSimpleApplication@3576b22f
reloadAllAccessors: .matrixType12
----------------- testing Thu May 10 00:00:01 UTC 2018 /home/travis/build/icyphy/ptII/ptolemy/actor/lib/test/auto/matrixType13.xml
----------------- Instantiating /home/travis/build/icyphy/ptII/ptolemy/actor/lib/test/auto/matrixType13.xml
2 ms. Memory: 1065472K Free: 282356K (27%)
----------------- Invoking toplevel() on ptolemy.moml.MoMLSimpleApplication@5464fa72
----------------- Done invoking toplevel() on ptolemy.moml.MoMLSimpleApplication@5464fa72
reloadAllAccessors: .matrixType13
----------------- testing Thu May 10 00:00:01 UTC 2018 /home/travis/build/icyphy/ptII/ptolemy/actor/lib/test/auto/matrixType14.xml
----------------- Instantiating /home/travis/build/icyphy/ptII/ptolemy/actor/lib/test/auto/matrixType14.xml
2 ms. Memory: 1065472K Free: 266580K (25%)
----------------- Invoking toplevel() on ptolemy.moml.MoMLSimpleApplication@5d42fd3a
----------------- Done invoking toplevel() on ptolemy.moml.MoMLSimpleApplication@5d42fd3a
reloadAllAccessors: .matrixType14
----------------- testing Thu May 10 00:00:01 UTC 2018 /home/travis/build/icyphy/ptII/ptolemy/actor/lib/test/auto/matrixType2.xml
----------------- Instantiating /home/travis/build/icyphy/ptII/ptolemy/actor/lib/test/auto/matrixType2.xml
1 ms. Memory: 1065472K Free: 250804K (24%)
----------------- Invoking toplevel() on ptolemy.moml.MoMLSimpleApplication@53596a93
----------------- Done invoking toplevel() on ptolemy.moml.MoMLSimpleApplication@53596a93
reloadAllAccessors: .matrixType2
----------------- testing Thu May 10 00:00:02 UTC 2018 /home/travis/build/icyphy/ptII/ptolemy/actor/lib/test/auto/matrixType3.xml
----------------- Instantiating /home/travis/build/icyphy/ptII/ptolemy/actor/lib/test/auto/matrixType3.xml
1 ms. Memory: 1065472K Free: 235029K (22%)
----------------- Invoking toplevel() on ptolemy.moml.MoMLSimpleApplication@7527371e
----------------- Done invoking toplevel() on ptolemy.moml.MoMLSimpleApplication@7527371e
reloadAllAccessors: .matrixType3
----------------- testing Thu May 10 00:00:02 UTC 2018 /home/travis/build/icyphy/ptII/ptolemy/actor/lib/test/auto/matrixType4.xml
----------------- Instantiating /home/travis/build/icyphy/ptII/ptolemy/actor/lib/test/auto/matrixType4.xml
2 ms. Memory: 1065472K Free: 219253K (21%)
----------------- Invoking toplevel() on ptolemy.moml.MoMLSimpleApplication@530bf2f7
----------------- Done invoking toplevel() on ptolemy.moml.MoMLSimpleApplication@530bf2f7
reloadAllAccessors: .matrixType4
----------------- testing Thu May 10 00:00:02 UTC 2018 /home/travis/build/icyphy/ptII/ptolemy/actor/lib/test/auto/matrixType5.xml
----------------- Instantiating /home/travis/build/icyphy/ptII/ptolemy/actor/lib/test/auto/matrixType5.xml
1 ms. Memory: 1065472K Free: 203477K (19%)
----------------- Invoking toplevel() on ptolemy.moml.MoMLSimpleApplication@457d7bb4
----------------- Done invoking toplevel() on ptolemy.moml.MoMLSimpleApplication@457d7bb4
reloadAllAccessors: .matrixType5
----------------- testing Thu May 10 00:00:02 UTC 2018 /home/travis/build/icyphy/ptII/ptolemy/actor/lib/test/auto/matrixType6.xml
----------------- Instantiating /home/travis/build/icyphy/ptII/ptolemy/actor/lib/test/auto/matrixType6.xml
2 ms. Memory: 1065472K Free: 190739K (18%)
----------------- Invoking toplevel() on ptolemy.moml.MoMLSimpleApplication@6e14fb14
----------------- Done invoking toplevel() on ptolemy.moml.MoMLSimpleApplication@6e14fb14
reloadAllAccessors: .matrixType6
----------------- testing Thu May 10 00:00:02 UTC 2018 /home/travis/build/icyphy/ptII/ptolemy/actor/lib/test/auto/matrixType7.xml
----------------- Instantiating /home/travis/build/icyphy/ptII/ptolemy/actor/lib/test/auto/matrixType7.xml
1 ms. Memory: 1065472K Free: 174963K (16%)
----------------- Invoking toplevel() on ptolemy.moml.MoMLSimpleApplication@46c262d1
----------------- Done invoking toplevel() on ptolemy.moml.MoMLSimpleApplication@46c262d1
reloadAllAccessors: .matrixType7
----------------- testing Thu May 10 00:00:02 UTC 2018 /home/travis/build/icyphy/ptII/ptolemy/actor/lib/test/auto/matrixType8.xml
----------------- Instantiating /home/travis/build/icyphy/ptII/ptolemy/actor/lib/test/auto/matrixType8.xml
2 ms. Memory: 1065472K Free: 159187K (15%)
----------------- Invoking toplevel() on ptolemy.moml.MoMLSimpleApplication@7b8b32c6
----------------- Done invoking toplevel() on ptolemy.moml.MoMLSimpleApplication@7b8b32c6
reloadAllAccessors: .matrixType8
----------------- testing Thu May 10 00:00:02 UTC 2018 /home/travis/build/icyphy/ptII/ptolemy/actor/lib/test/auto/matrixType9.xml
----------------- Instantiating /home/travis/build/icyphy/ptII/ptolemy/actor/lib/test/auto/matrixType9.xml
1 ms. Memory: 1065472K Free: 143412K (13%)
----------------- Invoking toplevel() on ptolemy.moml.MoMLSimpleApplication@5725f47f
----------------- Done invoking toplevel() on ptolemy.moml.MoMLSimpleApplication@5725f47f
reloadAllAccessors: .matrixType9
----------------- testing Thu May 10 00:00:02 UTC 2018 /home/travis/build/icyphy/ptII/ptolemy/actor/lib/test/auto/paraFunctest.xml
----------------- Instantiating /home/travis/build/icyphy/ptII/ptolemy/actor/lib/test/auto/paraFunctest.xml
1 ms. Memory: 1065472K Free: 127636K (12%)
----------------- Invoking toplevel() on ptolemy.moml.MoMLSimpleApplication@b0f6ffa
----------------- Done invoking toplevel() on ptolemy.moml.MoMLSimpleApplication@b0f6ffa
reloadAllAccessors: .paraFunctest
----------------- testing Thu May 10 00:00:02 UTC 2018 /home/travis/build/icyphy/ptII/ptolemy/actor/lib/test/auto/paraFunctest2.xml
----------------- Instantiating /home/travis/build/icyphy/ptII/ptolemy/actor/lib/test/auto/paraFunctest2.xml
2 ms. Memory: 1065472K Free: 111860K (10%)
----------------- Invoking toplevel() on ptolemy.moml.MoMLSimpleApplication@26c1b6db
----------------- Done invoking toplevel() on ptolemy.moml.MoMLSimpleApplication@26c1b6db
reloadAllAccessors: .paraFunctest2
----------------- testing Thu May 10 00:00:02 UTC 2018 /home/travis/build/icyphy/ptII/ptolemy/actor/lib/test/auto/parameterPassing.xml
----------------- Instantiating /home/travis/build/icyphy/ptII/ptolemy/actor/lib/test/auto/parameterPassing.xml
1 ms. Memory: 1065472K Free: 96085K (9%)
----------------- Invoking toplevel() on ptolemy.moml.MoMLSimpleApplication@f79b56
----------------- Done invoking toplevel() on ptolemy.moml.MoMLSimpleApplication@f79b56
reloadAllAccessors: .parameterPassing
----------------- testing Thu May 10 00:00:02 UTC 2018 /home/travis/build/icyphy/ptII/ptolemy/actor/lib/test/auto/record.xml
----------------- Instantiating /home/travis/build/icyphy/ptII/ptolemy/actor/lib/test/auto/record.xml
4 ms. Memory: 1065472K Free: 83346K (8%)
----------------- Invoking toplevel() on ptolemy.moml.MoMLSimpleApplication@653ffb09
----------------- Done invoking toplevel() on ptolemy.moml.MoMLSimpleApplication@653ffb09
reloadAllAccessors: .record
----------------- testing Thu May 10 00:00:02 UTC 2018 /home/travis/build/icyphy/ptII/ptolemy/actor/lib/test/auto/sizedarray1.xml
----------------- Instantiating /home/travis/build/icyphy/ptII/ptolemy/actor/lib/test/auto/sizedarray1.xml
2 ms. Memory: 1065472K Free: 66304K (6%)
----------------- Invoking toplevel() on ptolemy.moml.MoMLSimpleApplication@1fc521df
----------------- Done invoking toplevel() on ptolemy.moml.MoMLSimpleApplication@1fc521df
reloadAllAccessors: .sizedarray1
----------------- testing Thu May 10 00:00:02 UTC 2018 /home/travis/build/icyphy/ptII/ptolemy/actor/lib/test/auto/sizedarray2.xml
----------------- Instantiating /home/travis/build/icyphy/ptII/ptolemy/actor/lib/test/auto/sizedarray2.xml
2 ms. Memory: 1105408K Free: 1049623K (95%)
----------------- Invoking toplevel() on ptolemy.moml.MoMLSimpleApplication@1d5b9155
----------------- Done invoking toplevel() on ptolemy.moml.MoMLSimpleApplication@1d5b9155
reloadAllAccessors: .sizedarray2
----------------- testing Thu May 10 00:00:02 UTC 2018 /home/travis/build/icyphy/ptII/ptolemy/actor/lib/test/auto/twoPublishers.xml
----------------- Instantiating /home/travis/build/icyphy/ptII/ptolemy/actor/lib/test/auto/twoPublishers.xml
2 ms. Memory: 1105408K Free: 1031467K (93%)
----------------- Invoking toplevel() on ptolemy.moml.MoMLSimpleApplication@79380191
----------------- Done invoking toplevel() on ptolemy.moml.MoMLSimpleApplication@79380191
reloadAllAccessors: .twoPublishers
AutoTests.java: About to close Vertx.
AutoTests.java: Vertx closed.
]]></system-out>
  <system-err><![CDATA[java.lang.RuntimeException: Execution failed
	at ptolemy.moml.MoMLSimpleApplication$UnloadThread.run(MoMLSimpleApplication.java:402)
Caused by: java.lang.RuntimeException: Normally, we would exit here because Manager.exitAfterWrapup() was called.  However, because the ptolemy.ptII.exitAfterWrapup property is set, we throw this exception instead.
	at ptolemy.util.StringUtilities.exit(StringUtilities.java:365)
	at ptolemy.actor.Manager.wrapup(Manager.java:1531)
	at ptolemy.actor.Manager.execute(Manager.java:407)
	at ptolemy.actor.Manager.run(Manager.java:1263)
	at ptolemy.actor.Manager$PtolemyRunThread.run(Manager.java:1915)
Warning: '.top.test' is in training mode, set the trainingMode parameter to false before checking in
Warning: '.top.test' is in training mode, set the trainingMode parameter to false before checking in
Warning: '.top.test' is in training mode, set the trainingMode parameter to false before checking in
Warning: '.BooleanSwitch_RegressionTest_WrongTrainingValues.Test' is in training mode, set the trainingMode parameter to false before checking in
Warning: '.BooleanSwitch_RegressionTest_WrongTrainingValues.Test2' is in training mode, set the trainingMode parameter to false before checking in
Warning: '.BooleanSwitch_RegressionTest_WrongTrainingValues.Test2' The test produced 0 tokens.
Warning: '.top.testExceptionHandler' is in training mode, set the trainingMode parameter to false before checking in
java.lang.RuntimeException: Execution failed
	at ptolemy.moml.MoMLSimpleApplication$UnloadThread.run(MoMLSimpleApplication.java:402)
Caused by: ptolemy.kernel.util.IllegalActionException: PublisherPorts cannot be used at the top level, use a Publisher actor instead.
  in .PublisherPortToplevelSubscriber.PublisherPort
	at ptolemy.actor.PublisherPort.preinitialize(PublisherPort.java:403)
	at ptolemy.actor.CompositeActor.preinitialize(CompositeActor.java:1769)
	at ptolemy.actor.Manager.preinitializeAndResolveTypes(Manager.java:1040)
	at ptolemy.actor.Manager.initialize(Manager.java:710)
	at ptolemy.actor.Manager.execute(Manager.java:356)
	at ptolemy.actor.Manager.run(Manager.java:1263)
	at ptolemy.actor.Manager$PtolemyRunThread.run(Manager.java:1915)
java.lang.reflect.InvocationTargetException
	at sun.reflect.NativeConstructorAccessorImpl.newInstance0(Native Method)
	at sun.reflect.NativeConstructorAccessorImpl.newInstance(NativeConstructorAccessorImpl.java:62)
	at sun.reflect.DelegatingConstructorAccessorImpl.newInstance(DelegatingConstructorAccessorImpl.java:45)
	at java.lang.reflect.Constructor.newInstance(Constructor.java:423)
	at ptolemy.util.test.junit.AutoKnownFailedTests.RunModel(AutoKnownFailedTests.java:107)
	at sun.reflect.NativeMethodAccessorImpl.invoke0(Native Method)
	at sun.reflect.NativeMethodAccessorImpl.invoke(NativeMethodAccessorImpl.java:62)
	at sun.reflect.DelegatingMethodAccessorImpl.invoke(DelegatingMethodAccessorImpl.java:43)
	at java.lang.reflect.Method.invoke(Method.java:498)
	at org.junit.runners.model.FrameworkMethod$1.runReflectiveCall(FrameworkMethod.java:44)
	at org.junit.internal.runners.model.ReflectiveCallable.run(ReflectiveCallable.java:15)
	at org.junit.runners.model.FrameworkMethod.invokeExplosively(FrameworkMethod.java:41)
	at junitparams.internal.InvokeParameterisedMethod.evaluate(InvokeParameterisedMethod.java:102)
	at org.junit.internal.runners.statements.FailOnTimeout$1.run(FailOnTimeout.java:28)
Caused by: ptolemy.kernel.util.IllegalActionException: PublisherPorts cannot be used at the top level, use a Publisher actor instead.
  in .PublisherPortToplevelSubscriber.PublisherPort
	at ptolemy.actor.PublisherPort.preinitialize(PublisherPort.java:403)
	at ptolemy.actor.CompositeActor.preinitialize(CompositeActor.java:1769)
	at ptolemy.actor.Manager.preinitializeAndResolveTypes(Manager.java:1040)
	at ptolemy.actor.Manager.initialize(Manager.java:710)
	at ptolemy.actor.Manager.execute(Manager.java:356)
	at ptolemy.actor.Manager.run(Manager.java:1263)
	at ptolemy.actor.Manager$PtolemyRunThread.run(Manager.java:1915)
java.lang.RuntimeException: Execution failed
	at ptolemy.moml.MoMLSimpleApplication$UnloadThread.run(MoMLSimpleApplication.java:402)
Caused by: ptolemy.kernel.util.IllegalActionException: SubscriberPorts cannot be used at the top level, use a Subscriber actor instead.
  in .PublisherSubscriberPortToplevel.SubscriberPort
	at ptolemy.actor.SubscriberPort.preinitialize(SubscriberPort.java:328)
	at ptolemy.actor.CompositeActor.preinitialize(CompositeActor.java:1769)
	at ptolemy.actor.Manager.preinitializeAndResolveTypes(Manager.java:1040)
	at ptolemy.actor.Manager.initialize(Manager.java:710)
	at ptolemy.actor.Manager.execute(Manager.java:356)
	at ptolemy.actor.Manager.run(Manager.java:1263)
	at ptolemy.actor.Manager$PtolemyRunThread.run(Manager.java:1915)
java.lang.reflect.InvocationTargetException
	at sun.reflect.NativeConstructorAccessorImpl.newInstance0(Native Method)
	at sun.reflect.NativeConstructorAccessorImpl.newInstance(NativeConstructorAccessorImpl.java:62)
	at sun.reflect.DelegatingConstructorAccessorImpl.newInstance(DelegatingConstructorAccessorImpl.java:45)
	at java.lang.reflect.Constructor.newInstance(Constructor.java:423)
	at ptolemy.util.test.junit.AutoKnownFailedTests.RunModel(AutoKnownFailedTests.java:107)
	at sun.reflect.NativeMethodAccessorImpl.invoke0(Native Method)
	at sun.reflect.NativeMethodAccessorImpl.invoke(NativeMethodAccessorImpl.java:62)
	at sun.reflect.DelegatingMethodAccessorImpl.invoke(DelegatingMethodAccessorImpl.java:43)
	at java.lang.reflect.Method.invoke(Method.java:498)
	at org.junit.runners.model.FrameworkMethod$1.runReflectiveCall(FrameworkMethod.java:44)
	at org.junit.internal.runners.model.ReflectiveCallable.run(ReflectiveCallable.java:15)
	at org.junit.runners.model.FrameworkMethod.invokeExplosively(FrameworkMethod.java:41)
	at junitparams.internal.InvokeParameterisedMethod.evaluate(InvokeParameterisedMethod.java:102)
	at org.junit.internal.runners.statements.FailOnTimeout$1.run(FailOnTimeout.java:28)
Caused by: ptolemy.kernel.util.IllegalActionException: SubscriberPorts cannot be used at the top level, use a Subscriber actor instead.
  in .PublisherSubscriberPortToplevel.SubscriberPort
	at ptolemy.actor.SubscriberPort.preinitialize(SubscriberPort.java:328)
	at ptolemy.actor.CompositeActor.preinitialize(CompositeActor.java:1769)
	at ptolemy.actor.Manager.preinitializeAndResolveTypes(Manager.java:1040)
	at ptolemy.actor.Manager.initialize(Manager.java:710)
	at ptolemy.actor.Manager.execute(Manager.java:356)
	at ptolemy.actor.Manager.run(Manager.java:1263)
	at ptolemy.actor.Manager$PtolemyRunThread.run(Manager.java:1915)
java.lang.RuntimeException: Execution failed
	at ptolemy.moml.MoMLSimpleApplication$UnloadThread.run(MoMLSimpleApplication.java:402)
Caused by: ptolemy.kernel.util.IllegalActionException: SubscriptionAggregatorPorts cannot be used at the top level, use a SubscriptionAggregator actor instead.
  in .PublisherSubscriptionAggregatorPort.SubscriptionAggregatorPort
	at ptolemy.actor.SubscriptionAggregatorPort.preinitialize(SubscriptionAggregatorPort.java:353)
	at ptolemy.actor.CompositeActor.preinitialize(CompositeActor.java:1769)
	at ptolemy.actor.Manager.preinitializeAndResolveTypes(Manager.java:1040)
	at ptolemy.actor.Manager.initialize(Manager.java:710)
	at ptolemy.actor.Manager.execute(Manager.java:356)
	at ptolemy.actor.Manager.run(Manager.java:1263)
	at ptolemy.actor.Manager$PtolemyRunThread.run(Manager.java:1915)
java.lang.reflect.InvocationTargetException
	at sun.reflect.NativeConstructorAccessorImpl.newInstance0(Native Method)
	at sun.reflect.NativeConstructorAccessorImpl.newInstance(NativeConstructorAccessorImpl.java:62)
	at sun.reflect.DelegatingConstructorAccessorImpl.newInstance(DelegatingConstructorAccessorImpl.java:45)
	at java.lang.reflect.Constructor.newInstance(Constructor.java:423)
	at ptolemy.util.test.junit.AutoKnownFailedTests.RunModel(AutoKnownFailedTests.java:107)
	at sun.reflect.NativeMethodAccessorImpl.invoke0(Native Method)
	at sun.reflect.NativeMethodAccessorImpl.invoke(NativeMethodAccessorImpl.java:62)
	at sun.reflect.DelegatingMethodAccessorImpl.invoke(DelegatingMethodAccessorImpl.java:43)
	at java.lang.reflect.Method.invoke(Method.java:498)
	at org.junit.runners.model.FrameworkMethod$1.runReflectiveCall(FrameworkMethod.java:44)
	at org.junit.internal.runners.model.ReflectiveCallable.run(ReflectiveCallable.java:15)
	at org.junit.runners.model.FrameworkMethod.invokeExplosively(FrameworkMethod.java:41)
	at junitparams.internal.InvokeParameterisedMethod.evaluate(InvokeParameterisedMethod.java:102)
	at org.junit.internal.runners.statements.FailOnTimeout$1.run(FailOnTimeout.java:28)
Caused by: ptolemy.kernel.util.IllegalActionException: SubscriptionAggregatorPorts cannot be used at the top level, use a SubscriptionAggregator actor instead.
  in .PublisherSubscriptionAggregatorPort.SubscriptionAggregatorPort
	at ptolemy.actor.SubscriptionAggregatorPort.preinitialize(SubscriptionAggregatorPort.java:353)
	at ptolemy.actor.CompositeActor.preinitialize(CompositeActor.java:1769)
	at ptolemy.actor.Manager.preinitializeAndResolveTypes(Manager.java:1040)
	at ptolemy.actor.Manager.initialize(Manager.java:710)
	at ptolemy.actor.Manager.execute(Manager.java:356)
	at ptolemy.actor.Manager.run(Manager.java:1263)
	at ptolemy.actor.Manager$PtolemyRunThread.run(Manager.java:1915)
java.lang.RuntimeException: Execution failed
	at ptolemy.moml.MoMLSimpleApplication$UnloadThread.run(MoMLSimpleApplication.java:402)
Caused by: ptolemy.kernel.util.IllegalActionException: TypeTest actor has no training data.
  in .sizedarray3.TypeTest
	at ptolemy.actor.lib.TypeTest.initialize(TypeTest.java:250)
	at ptolemy.actor.Director.initialize(Director.java:938)
	at ptolemy.actor.Director.initialize(Director.java:907)
	at ptolemy.actor.sched.StaticSchedulingDirector.initialize(StaticSchedulingDirector.java:159)
	at ptolemy.domains.sdf.kernel.SDFDirector.initialize(SDFDirector.java:544)
	at ptolemy.actor.CompositeActor.initialize(CompositeActor.java:935)
	at ptolemy.actor.Manager.initialize(Manager.java:724)
	at ptolemy.actor.Manager.execute(Manager.java:356)
	at ptolemy.actor.Manager.run(Manager.java:1263)
	at ptolemy.actor.Manager$PtolemyRunThread.run(Manager.java:1915)
java.lang.reflect.InvocationTargetException
	at sun.reflect.NativeConstructorAccessorImpl.newInstance0(Native Method)
	at sun.reflect.NativeConstructorAccessorImpl.newInstance(NativeConstructorAccessorImpl.java:62)
	at sun.reflect.DelegatingConstructorAccessorImpl.newInstance(DelegatingConstructorAccessorImpl.java:45)
	at java.lang.reflect.Constructor.newInstance(Constructor.java:423)
	at ptolemy.util.test.junit.AutoKnownFailedTests.RunModel(AutoKnownFailedTests.java:107)
	at sun.reflect.NativeMethodAccessorImpl.invoke0(Native Method)
	at sun.reflect.NativeMethodAccessorImpl.invoke(NativeMethodAccessorImpl.java:62)
	at sun.reflect.DelegatingMethodAccessorImpl.invoke(DelegatingMethodAccessorImpl.java:43)
	at java.lang.reflect.Method.invoke(Method.java:498)
	at org.junit.runners.model.FrameworkMethod$1.runReflectiveCall(FrameworkMethod.java:44)
	at org.junit.internal.runners.model.ReflectiveCallable.run(ReflectiveCallable.java:15)
	at org.junit.runners.model.FrameworkMethod.invokeExplosively(FrameworkMethod.java:41)
	at junitparams.internal.InvokeParameterisedMethod.evaluate(InvokeParameterisedMethod.java:102)
	at org.junit.internal.runners.statements.FailOnTimeout$1.run(FailOnTimeout.java:28)
Caused by: ptolemy.kernel.util.IllegalActionException: TypeTest actor has no training data.
  in .sizedarray3.TypeTest
	at ptolemy.actor.lib.TypeTest.initialize(TypeTest.java:250)
	at ptolemy.actor.Director.initialize(Director.java:938)
	at ptolemy.actor.Director.initialize(Director.java:907)
	at ptolemy.actor.sched.StaticSchedulingDirector.initialize(StaticSchedulingDirector.java:159)
	at ptolemy.domains.sdf.kernel.SDFDirector.initialize(SDFDirector.java:544)
	at ptolemy.actor.CompositeActor.initialize(CompositeActor.java:935)
	at ptolemy.actor.Manager.initialize(Manager.java:724)
	at ptolemy.actor.Manager.execute(Manager.java:356)
	at ptolemy.actor.Manager.run(Manager.java:1263)
	at ptolemy.actor.Manager$PtolemyRunThread.run(Manager.java:1915)
ptolemy.kernel.util.InternalErrorException: Exec Stdout Gobbler-6: Failed while reading from java.lang.UNIXProcess$ProcessPipeInputStream@3532f20f. To avoid this, try setting the ignoreIOExceptionReadErrors parameter to true.null
  in .ExecEnvironment.Exec
Because:
Stream closed
	at ptolemy.actor.lib.Exec$_StreamReaderThread._read(Exec.java:762)
	at ptolemy.actor.lib.Exec$_StreamReaderThread.run(Exec.java:706)
Caused by: java.io.IOException: Stream closed
	at sun.nio.cs.StreamDecoder.ensureOpen(StreamDecoder.java:46)
	at sun.nio.cs.StreamDecoder.read(StreamDecoder.java:148)
	at java.io.InputStreamReader.read(InputStreamReader.java:184)
	at ptolemy.actor.lib.Exec$_StreamReaderThread._read(Exec.java:724)
	... 1 more
Caused by: java.io.IOException: Stream closed
	at sun.nio.cs.StreamDecoder.ensureOpen(StreamDecoder.java:46)
	at sun.nio.cs.StreamDecoder.read(StreamDecoder.java:148)
	at java.io.InputStreamReader.read(InputStreamReader.java:184)
	at ptolemy.actor.lib.Exec$_StreamReaderThread._read(Exec.java:724)
	at ptolemy.actor.lib.Exec$_StreamReaderThread.run(Exec.java:706)
]]></system-err>
</testsuite>
