<?xml version="1.0" encoding="UTF-8" ?>
<testsuite errors="0" failures="0" hostname="travis-job-be4c4ace-6f25-4ce9-8646-dca3b218d7ff" name="ptolemy.actor.lib.jjs.test.junit.JUnitTclTest" skipped="0" tests="94" time="612.031" timestamp="2018-05-10T00:09:20">
  <properties>
    <property name="npm.executable" value="npm" />
    <property name="file.encoding.pkg" value="sun.io" />
    <property name="ptII.mk.exists" value="true" />
    <property name="env.rvm_bin_path" value="/home/travis/.rvm/bin" />
    <property name="java.home" value="/usr/lib/jvm/java-8-oracle/jre" />
    <property name="env.TRAVIS_JOB_NUMBER" value="410.5" />
    <property name="env.DISPLAY" value=":99.0" />
    <property name="java.net.preferIPv4Stack" value="true" />
    <property name="env.SSH_TTY" value="/dev/pts/0" />
    <property name="env.RUN_TESTS" value="true" />
    <property name="timeout.short" value="1000000" />
    <property name="env.TRAVIS_STACK_NODE_ATTRIBUTES" value="/.node-attributes.yml" />
    <property name="junit.formatter" value="xml" />
    <property name="java.endorsed.dirs" value="/usr/lib/jvm/java-8-oracle/jre/lib/endorsed" />
    <property name="env.TRAVIS_SUDO" value="true" />
    <property name="env.LOGNAME" value="travis" />
    <property name="jsdoc.home" value="node_modules/@terraswarm/jsdoc" />
    <property name="debuglevel" value="source,lines,vars" />
    <property name="checkstyle.formatter" value="xml" />
    <property name="bin.vergil.makeable" value="true" />
    <property name="env._system_version" value="14.04" />
    <property name="sun.os.patch.level" value="unknown" />
    <property name="java.vendor.url" value="http://java.oracle.com/" />
    <property name="java.version" value="1.8.0_151" />
    <property name="env.TZ" value="UTC" />
    <property name="env.PT_NO_NET" value="true" />
    <property name="env.TRAVIS_PULL_REQUEST_SHA" value="" />
    <property name="env.TRAVIS_SECURE_ENV_VARS" value="true" />
    <property name="env._system_type" value="Linux" />
    <property name="java.vendor.url.bug" value="http://bugreport.sun.com/bugreport/" />
    <property name="env.SSH_CLIENT" value="10.10.4.39 55666 22" />
    <property name="env.GEM_HOME" value="/home/travis/.rvm/gems/ruby-2.4.1" />
    <property name="env.HAS_ANTARES_THREE_LITTLE_FRONZIES_BADGE" value="true" />
    <property name="env.PS4" value="+" />
    <property name="ant.project.invoked-targets" value="build,test.capecode3.xml" />
    <property name="env.TRAVIS_PULL_REQUEST_BRANCH" value="" />
    <property name="env.TRAVIS_REPO_SLUG" value="icyphy/ptII" />
    <property name="env.PT_TRAVIS_TEST_CAPECODE3_XML" value="true" />
    <property name="node.in.path" value="true" />
    <property name="java.maxmemory" value="1400m" />
    <property name="env.RUBY_VERSION" value="ruby-2.4.1" />
    <property name="user.name" value="travis" />
    <property name="env.LANG" value="en_US.UTF-8" />
    <property name="sun.io.unicode.encoding" value="UnicodeLittle" />
    <property name="sun.jnu.encoding" value="UTF-8" />
    <property name="java.runtime.name" value="Java(TM) SE Runtime Environment" />
    <property name="usefile" value="false" />
    <property name="return.code" value="0" />
    <property name="junit.single.formatter" value="plain" />
    <property name="env.DYLD_LIBRARY_PATH" value="/home/travis/pthla/certi-tools/lib:" />
    <property name="env.DEBIAN_FRONTEND" value="noninteractive" />
    <property name="env.SSH_CONNECTION" value="10.10.4.39 55666 10.20.0.250 22" />
    <property name="env.MYSQL_UNIX_PORT" value="/var/run/mysqld/mysqld.sock" />
    <property name="env.TRAVIS_ALLOW_FAILURE" value="false" />
    <property name="env.LC_ALL" value="en_US.UTF-8" />
    <property name="java.specification.name" value="Java Platform API Specification" />
    <property name="node.works" value="true" />
    <property name="user.timezone" value="" />
    <property name="path.separator" value=":" />
    <property name="env.PYTHON_CFLAGS" value="-g -fstack-protector --param=ssp-buffer-size=4 -Wformat -Werror=format-security" />
    <property name="timeout.long" value="4000000" />
    <property name="env.CERTI_HOME" value="/home/travis/pthla/certi-tools" />
    <property name="file.encoding" value="UTF-8" />
    <property name="ant.file.ptII" value="/home/travis/build/icyphy/ptII/build.xml" />
    <property name="javadoc.packagenames" value="com.*,diva.*,lbnl.*,org.hlacerti.*,org.json.*,org.ptolemy.*,org.terraswarm.*,ptolemy.*,ptserver.*" />
    <property name="env.TRAVIS_PULL_REQUEST_SLUG" value="" />
    <property name="ant.project.default-target" value="build" />
    <property name="env.GIT_ASKPASS" value="echo" />
    <property name="env.HOME" value="/home/travis" />
    <property name="sun.java.command" value="org.apache.tools.ant.taskdefs.optional.junit.JUnitTestRunner ptolemy.actor.lib.jjs.test.junit.JUnitTclTest skipNonTests=false filtertrace=true haltOnError=false haltOnFailure=false formatter=org.apache.tools.ant.taskdefs.optional.junit.OutErrSummaryJUnitResultFormatter showoutput=true outputtoformatters=true logfailedtests=true threadid=0 logtestlistenerevents=false formatter=org.apache.tools.ant.taskdefs.optional.junit.XMLJUnitResultFormatter,/home/travis/build/icyphy/ptII/reports/junit/TEST-ptolemy.actor.lib.jjs.test.junit.JUnitTclTest.xml crashfile=/home/travis/build/icyphy/ptII/junitvmwatcher7405393468005802733.properties propsfile=/home/travis/build/icyphy/ptII/junit1408512906695213503.properties" />
    <property name="env.MANPATH" value="/home/travis/.nvm/versions/node/v7.10.1/share/man:/home/travis/.kiex/elixirs/elixir-1.4.5/man:/home/travis/.rvm/rubies/ruby-2.4.1/share/man:/usr/local/man:/usr/local/cmake-3.9.2/man:/usr/local/clang-5.0.0/share/man:/usr/local/share/man:/usr/share/man:/home/travis/.rvm/man" />
    <property name="env.COMPOSER_NO_INTERACTION" value="1" />
    <property name="env.JDK_SWITCHER_DEFAULT" value="oraclejdk8" />
    <property name="ant.file" value="/home/travis/build/icyphy/ptII/build.xml" />
    <property name="env.TRAVIS_COMMIT_RANGE" value="712d3efebbea...a35e0c44513d" />
    <property name="env._system_name" value="Ubuntu" />
    <property name="timeout" value="2400000" />
    <property name="ptII.classpath.optional.property" value="/home/travis/build/icyphy/ptII/lib/bsh-2.0b4.jar:/home/travis/build/icyphy/ptII/lib/ptCal.jar:/home/travis/build/icyphy/ptII/lib/java_cup.jar:/home/travis/build/icyphy/ptII/lib/saxon8.jar:/home/travis/build/icyphy/ptII/lib/saxon8-dom.jar:/home/travis/build/icyphy/ptII/lib/chic.jar:/home/travis/build/icyphy/ptII/lib/ptcolt.jar:/usr/lib/jvm/java-8-oracle/lib/tools.jar:/usr/lib/eclipse/plugins/org.eclipse.jdt.core_3.8.2.dist.jar:/usr/lib/eclipse/plugins/org.eclipse.core.runtime_3.8.0.dist.jar:/usr/lib/eclipse/plugins/org.eclipse.osgi_3.8.1.dist.jar:/usr/lib/eclipse/plugins/org.eclipse.core.resources_3.8.1.dist.jar:/usr/lib/eclipse/plugins/org.eclipse.equinox.common_3.6.100.dist.jar:/usr/lib/eclipse/plugins/org.eclipse.core.jobs_3.5.200.dist.jar:/usr/lib/eclipse/plugins/org.eclipse.core.contenttype_3.4.200.dist.jar:/usr/lib/eclipse/plugins/org.eclipse.equinox.preferences_3.5.0.dist.jar:/usr/lib/eclipse/plugins/org.eclipse.text_3.5.200.dist.jar:/usr/lib/eclipse/plugins/org.eclipse.ui.workbench_3.8.1.dist.jar:/usr/lib/eclipse/plugins/org.eclipse.jface_3.8.0.dist.jar:/usr/lib/eclipse/plugins/org.eclipse.swt_3.8.2.jar:/usr/lib/eclipse/plugins/org.eclipse.jface.text_3.8.1.dist.jar:/usr/lib/eclipse/plugins/org.eclipse.ui.workbench.texteditor_3.8.0.dist.jar:/usr/lib/eclipse/plugins/org.eclipse.ui.editors_3.8.0.dist.jar:/usr/lib/eclipse/plugins/org.eclipse.core.commands_3.6.1.dist.jar:/usr/lib/eclipse/plugins/org.eclipse.equinox.registry_3.5.200.dist.jar:/usr/lib/eclipse/plugins/org.eclipse.ui.console_3.5.100.dist.jar:/usr/lib/eclipse/plugins/org.eclipse.ui.forms_3.5.200.dist.jar:/usr/lib/eclipse/plugins/org.eclipse.ui.ide_3.8.1.dist.jar:/home/travis/build/icyphy/ptII/vendors/oracle/dbxml.jar:/home/travis/build/icyphy/ptII/vendors/oracle/db.jar:/home/travis/build/icyphy/ptII/vendors/misc/itext/iText.jar:/home/travis/build/icyphy/ptII/lib/g4ltl.jar:/home/travis/build/icyphy/ptII/lib/StructuralCoder.jar:/home/travis/build/icyphy/ptII/lib/org-openide-util.jar:/home/travis/build/icyphy/ptII/lib/org-openide-util-lookup.jar:/home/travis/build/icyphy/ptII/lib/org-netbeans-api-visual.jar:/home/travis/build/icyphy/ptII/vendors/jai-1_1_2_01/lib/jai_core.jar:/home/travis/build/icyphy/ptII/vendors/jai-1_1_2_01/lib/jai_codec.jar:/home/travis/build/icyphy/ptII/lib/jcerti.jar:/home/travis/build/icyphy/ptII/lib/smack.jar:/home/travis/build/icyphy/ptII/lib/smackx.jar:/home/travis/build/icyphy/ptII/lib/jetty-all-8.1.5-v20120716.jar:/home/travis/build/icyphy/ptII/lib/javax.servlet-api-3.0.1.jar:/home/travis/build/icyphy/ptII/lib/javax.mail.jar:/home/travis/build/icyphy/ptII/vendors/JMF-2.1.1e/lib/jmf.jar:/home/travis/build/icyphy/ptII/lib/jna-4.0.0-variadic.jar:/home/travis/build/icyphy/ptII/vendors/misc/joystick/Joystick.jar:/home/travis/build/icyphy/ptII/lib/ptjacl.jar:/home/travis/build/icyphy/ptII/lib/jsoup-1.8.2.jar:/home/travis/build/icyphy/ptII/lib/junit-4.8.2.jar:/home/travis/build/icyphy/ptII/lib/JUnitParams-0.4.0.jar:/home/travis/build/icyphy/ptII/ptolemy/actor/lib/excel/jxl.jar:/home/travis/build/icyphy/ptII/lib/jython.jar:/home/travis/build/icyphy/ptII/lib/kieler.jar:/home/travis/build/icyphy/ptII/vendors/opencv/share/OpenCV/java/opencv-341.jar:/home/travis/build/icyphy/ptII/lib/oscP5.jar:/home/travis/build/icyphy/ptII/lib/nrjavaserial-3.11.0.devel.jar:/usr/share/java/j3dcore.jar:/usr/share/java/j3dutils.jar:/usr/share/java/vecmath.jar:/home/travis/build/icyphy/ptII/ptolemy/distributed/jini/jar/jini-core.jar:/home/travis/build/icyphy/ptII/ptolemy/distributed/jini/jar/jini-ext.jar:/home/travis/build/icyphy/ptII/ptolemy/distributed/jini/jar/sun-util.jar:/home/travis/build/icyphy/ptII/lib/protobuf-java-2.4.1.jar:/home/travis/build/icyphy/ptII/lib/org.eclipse.paho.client.mqttv3.jar:/home/travis/build/icyphy/ptII/ptserver/lib/hessian-4.0.7.jar:/home/travis/build/icyphy/ptII/ptserver/lib/wmqtt.jar:/home/travis/build/icyphy/ptII/lib/mapss.jar:/home/travis/build/icyphy/ptII/ptolemy/actor/ptalon/antlr/antlr.jar:/home/travis/build/icyphy/ptII/lib/JRI.jar:/home/travis/build/icyphy/ptII/lib/commons-lang-2.6.jar:/home/travis/build/icyphy/ptII/lib/commons-logging-1.1.1.jar:/home/travis/build/icyphy/ptII/lib/sootclasses.jar:/home/travis/build/icyphy/ptII/ptolemy/actor/lib/database/mysql-connector-java-5.1.6-bin.jar:/home/travis/build/icyphy/ptII/vendors/misc/sphinx4/sphinx4-data-5prealpha.jar:/home/travis/build/icyphy/ptII/vendors/misc/sphinx4/sphinx4-core-5prealpha.jar:/home/travis/build/icyphy/ptII/lib/PDFRenderer.jar:/home/travis/build/icyphy/ptII/lib/svgSalamander.jar:/home/travis/build/icyphy/ptII/lib/rsyntaxtextarea-2.6.0-SNAPSHOT.jar:/home/travis/build/icyphy/ptII/lib/hazelcast-3.8.2.jar:/home/travis/build/icyphy/ptII/lib/jackson-annotations-2.9.0.jar:/home/travis/build/icyphy/ptII/lib/jackson-core-2.9.3.jar:/home/travis/build/icyphy/ptII/lib/jackson-databind-2.9.3.jar:/home/travis/build/icyphy/ptII/lib/netty-buffer-4.1.19.Final.jar:/home/travis/build/icyphy/ptII/lib/netty-codec-4.1.19.Final.jar:/home/travis/build/icyphy/ptII/lib/netty-codec-dns-4.1.19.Final.jar:/home/travis/build/icyphy/ptII/lib/netty-codec-http-4.1.19.Final.jar:/home/travis/build/icyphy/ptII/lib/netty-codec-http2-4.1.19.Final.jar:/home/travis/build/icyphy/ptII/lib/netty-common-4.1.19.Final.jar:/home/travis/build/icyphy/ptII/lib/netty-handler-4.1.19.Final.jar:/home/travis/build/icyphy/ptII/lib/netty-resolver-4.1.19.Final.jar:/home/travis/build/icyphy/ptII/lib/netty-resolver-dns-4.1.19.Final.jar:/home/travis/build/icyphy/ptII/lib/netty-transport-4.1.19.Final.jar:/home/travis/build/icyphy/ptII/lib/vertx-codegen-3.5.1.jar:/home/travis/build/icyphy/ptII/lib/vertx-core-3.5.2-SNAPSHOT.jar:/home/travis/build/icyphy/ptII/lib/vertx-hazelcast-3.5.1.jar:/home/travis/build/icyphy/ptII/lib/vertx-lang-js-3.5.1.jar:/home/travis/build/icyphy/ptII/lib/vertx-service-proxy-3.5.1.jar:/home/travis/build/icyphy/ptII/lib/vertx-web-3.5.1.jar:/home/travis/build/icyphy/ptII/lib/slf4j-api-1.7.13.jar:/home/travis/build/icyphy/ptII/lib/slf4j-simple-1.7.13.jar:/home/travis/build/icyphy/ptII/lib/webcam-capture-0.3.12.jar:/home/travis/build/icyphy/ptII/lib/bridj-0.7.0.jar:/home/travis/build/icyphy/ptII/lib/xbjlib-1.1.0.nrjavaserial.jar" />
    <property name="test.batch" value="**/junit/*.java" />
    <property name="env._" value="/usr/bin/timeout" />
    <property name="java.io.tmpdir" value="/tmp" />
    <property name="user.language" value="en" />
    <property name="env.HISTCONTROL" value="ignoredups:ignorespace" />
    <property name="env.GOROOT" value="/home/travis/.gimme/versions/go1.7.4.linux.amd64" />
    <property name="line.separator" value="&#xa;" />
    <property name="target" value="1.8" />
    <property name="env.TRAVIS_BUILD_DIR" value="/home/travis/build/icyphy/ptII" />
    <property name="env.ANT_OPTS" value="-Xmx2048m" />
    <property name="ant.file.type" value="file" />
    <property name="ptolemy.ptII.batchMode" value="true" />
    <property name="env.HISTSIZE" value="1000" />
    <property name="env.MERB_ENV" value="test" />
    <property name="java.vm.info" value="mixed mode" />
    <property name="source" value="1.8" />
    <property name="java.vm.specification.name" value="Java Virtual Machine Specification" />
    <property name="env.TRAVIS_TEST_RESULT" value="0" />
    <property name="jsdoc.command" value="node_modules/@terraswarm/jsdoc/jsdoc.js" />
    <property name="npm.works" value="true" />
    <property name="cobertura.dir" value="/home/travis/build/icyphy/ptII/vendors/cobertura-2.0.3" />
    <property name="env.rvm_path" value="/home/travis/.rvm" />
    <property name="env.GEM_PATH" value="/home/travis/.rvm/gems/ruby-2.4.1:/home/travis/.rvm/gems/ruby-2.4.1@global" />
    <property name="env.LC_CTYPE" value="en_US.UTF-8" />
    <property name="java.awt.printerjob" value="sun.print.PSPrinterJob" />
    <property name="env.TRAVIS_STACK_NAME" value="garnet" />
    <property name="ant.version" value="Apache Ant(TM) version 1.10.1 compiled on February 2 2017" />
    <property name="ptII.reports" value="/home/travis/build/icyphy/ptII/reports" />
    <property name="env.TRAVIS_STACK_TIMESTAMP" value="2017-12-05 19:33:09 UTC" />
    <property name="ant.file.type.ptII" value="file" />
    <property name="env.RBENV_SHELL" value="bash" />
    <property name="os.name" value="Linux" />
    <property name="java.specification.vendor" value="Oracle Corporation" />
    <property name="env.rvm_version" value="1.29.3 (latest)" />
    <property name="env.TERM" value="xterm" />
    <property name="java.vm.name" value="Java HotSpot(TM) 64-Bit Server VM" />
    <property name="env.TRAVIS_BUILD_NUMBER" value="410" />
    <property name="env.CI" value="true" />
    <property name="java.library.path" value="/home/travis/pthla/certi-tools/lib:/usr/lib/jni:/usr/local/share/OpenCV/java/:/usr/share/OpenCV/java::/usr/java/packages/lib/amd64:/usr/lib64:/lib64:/lib:/usr/lib" />
    <property name="env.rvm_prefix" value="/home/travis" />
    <property name="env.PATH" value="/home/travis/pthla/certi-tools/share/scripts:/home/travis/.rvm/gems/ruby-2.4.1/bin:/home/travis/.rvm/gems/ruby-2.4.1@global/bin:/home/travis/.rvm/rubies/ruby-2.4.1/bin:/home/travis/.rvm/bin:/home/travis/.nvm/versions/node/v7.10.1/bin:./node_modules/.bin:/home/travis/build/icyphy/ptII/bin:/home/travis/pthla/certi-tools/bin:/home/travis/bin:/home/travis/.local/bin:/opt/pyenv/shims:/home/travis/.phpenv/shims:/home/travis/perl5/perlbrew/bin:/home/travis/.kiex/elixirs/elixir-1.4.5/bin:/home/travis/.kiex/bin:/home/travis/gopath/bin:/home/travis/.gimme/versions/go1.7.4.linux.amd64/bin:/usr/local/phantomjs/bin:/usr/local/phantomjs:/usr/local/neo4j-3.2.7/bin:/usr/local/maven-3.5.2/bin:/usr/local/cmake-3.9.2/bin:/usr/local/clang-5.0.0/bin:/usr/local/sbin:/usr/local/bin:/usr/sbin:/usr/bin:/sbin:/bin:/home/travis/.phpenv/bin:/opt/pyenv/bin:/home/travis/.yarn/bin" />
    <property name="env.TRAVIS_OS_NAME" value="linux" />
    <property name="ant.java.version" value="1.8" />
    <property name="basedir" value="/home/travis/build/icyphy/ptII" />
    <property name="java.class.version" value="52.0" />
    <property name="env.SHLVL" value="3" />
    <property name="env.LD_LIBRARY_PATH" value="/home/travis/pthla/certi-tools/lib:/usr/lib/jni:/usr/local/share/OpenCV/java/:/usr/share/OpenCV/java:" />
    <property name="env.RACK_ENV" value="test" />
    <property name="ant.home" value="/home/travis/build/icyphy/ptII/ant" />
    <property name="env.NVM_DIR" value="/home/travis/.nvm" />
    <property name="env.PERLBREW_BASHRC_VERSION" value="0.80" />
    <property name="env.CERTI_FOM_PATH" value="/home/travis/pthla/certi-tools/share/federations" />
    <property name="env.TRAVIS_BUILD_ID" value="377070374" />
    <property name="env.PYENV_ROOT" value="/opt/pyenv" />
    <property name="env.TRAVIS_UID" value="2000" />
    <property name="env.rvm_pretty_print_flag" value="auto" />
    <property name="env.NVM_BIN" value="/home/travis/.nvm/versions/node/v7.10.1/bin" />
    <property name="env.TRAVIS_COMMIT" value="a35e0c44513de30172a090eeb5d722d5b8cbec98" />
    <property name="env._system_arch" value="x86_64" />
    <property name="node.executable" value="node" />
    <property name="sun.boot.library.path" value="/usr/lib/jvm/java-8-oracle/jre/lib/amd64" />
    <property name="sun.management.compiler" value="HotSpot 64-Bit Tiered Compilers" />
    <property name="env.GOPATH" value="/home/travis/gopath" />
    <property name="java.awt.graphicsenv" value="sun.awt.X11GraphicsEnvironment" />
    <property name="ptolemy.ptII.dir" value="/home/travis/build/icyphy/ptII" />
    <property name="env.USER" value="travis" />
    <property name="env.HISTFILESIZE" value="2000" />
    <property name="timeout.longest" value="19000000" />
    <property name="env.TRAVIS_STACK_FEATURES" value="basic cassandra chromium couchdb disabled-ipv6 docker docker-compose elasticsearch firefox go-toolchain google-chrome jdk memcached mongodb mysql neo4j nodejs_interpreter perl_interpreter perlbrew phantomjs postgresql python_interpreter rabbitmq redis riak ruby_interpreter sqlite xserver" />
    <property name="env.TRAVIS_PULL_REQUEST" value="false" />
    <property name="env.PYENV_SHELL" value="bash" />
    <property name="ant.project.name" value="ptII" />
    <property name="java.vm.specification.version" value="1.8" />
    <property name="env.CERTI_VERSION" value="4.0.0" />
    <property name="env.NLSPATH" value="/usr/dt/lib/nls/msg/%L/%N.cat" />
    <property name="awt.toolkit" value="sun.awt.X11.XToolkit" />
    <property name="env.CERTI_HOST" value="localhost" />
    <property name="env.MY_RUBY_HOME" value="/home/travis/.rvm/rubies/ruby-2.4.1" />
    <property name="sun.cpu.isalist" value="" />
    <property name="java.ext.dirs" value="/usr/lib/jvm/java-8-oracle/jre/lib/ext:/usr/java/packages/lib/ext" />
    <property name="os.version" value="4.4.0-101-generic" />
    <property name="user.home" value="/home/travis" />
    <property name="env.MIX_ARCHIVES" value="/home/travis/.kiex/mix/elixir-1.4.5" />
    <property name="java.vm.vendor" value="Oracle Corporation" />
    <property name="env.TRAVIS_TAG" value="nightly" />
    <property name="env.TRAVIS_FILTERED" value="pty" />
    <property name="env.PTII" value="/home/travis/build/icyphy/ptII" />
    <property name="env.JAVA_HOME" value="/usr/lib/jvm/java-8-oracle" />
    <property name="javadoc.excludepackagenames" value="adm.cvs2svn.*,build.*,config.*,doc.coding.templates.*,jni.test.jni.meaningOfLife.*,jni.test.jni.testDeux.*,jni.test.jni.testTrois.*,org.terraswarm.accessor.accessors.web.node_modules.*,org.terraswarm.accessor.accessors.web.hosts.cordova.demo.*,org.terraswarm.accessor.accessors.web.hosts.cordova.plugins.*,org.terraswarm.accessor.accessors-svn.*,pt-modules.*,ptolemy.apps.agilent.*,ptolemy.apps.anytimecontrol.*,ptolemy.apps.apes.*,ptolemy.apps.charon.*,ptolemy.apps.crazyboard.*,ptolemy.apps.eclipse.*,ptolemy.apps.etherealSting.*,ptolemy.apps.fullscreen.*,ptolemy.apps.giotto.*,ptolemy.apps.ia.*,ptolemy.apps.interfaces.*,ptolemy.apps.jmf.*,ptolemy.apps.kurt.*,ptolemy.apps.kvm.*,ptolemy.apps.lego.*,ptolemy.apps.lejos.*,ptolemy.apps.midp.*,ptolemy.apps.mobileCoding.*,ptolemy.apps.pendulum.*,ptolemy.apps.rijndael.*,ptolemy.apps.robot.*,ptolemy.apps.security.*,ptolemy.apps.sobel.*,ptolemy.apps.soot.*,ptolemy.apps.throttle.*,ptolemy.apps.tini.*,ptolemy.apps.transmission.*,ptolemy.apps.vergil.*,ptolemy.apps.waba.*,ptolemy.apps.websensor.*,ptolemy.apps.webstart.*,ptolemy.apps.xsl.*,ptolemy.apps.zaurus.*,ptolemy.backtrack.eclipse.plugin.*,ptolemy.backtrack.test.*,ptolemy.codegen.c.actor.lib.oldJavaFiles.*,ptolemy.codegen.dsp.lib.*,ptolemy.codegen.kernel.newInterfaces.*,ptolemy.codegen.lib.*,ptolemy.copernicus.kernel.fragment.*,ptolemy.copernicus.shallow.cg.*,ptolemy.domains.giotto.demo.Hierarchy.Hierarchy.*,ptolemy.domains.giotto.demo.Multimode.Multimode.*,ptolemy.domains.giotto.demo.Simple.Simple.*,ptolemy.domains.gr.lib.experimental.*,ptolemy.domains.gro.*,ptolemy.domains.pdf.*,ptolemy.domains.ptinyos.demo.Surge.output.*,ptolemy.moml.test.NoPackageActor.java*,ptolemy.plot.adm.*,ptolemy.plot.servlet.*,reports.*,signed.*,src.*,target.*,vendors.*,ptolemy.copernicus.applet.*,ptolemy.media.viewer.*,ptolemy.cg.adapter.generic.program.procedural.c.mbed*,ptolemy.actor.lib.fmi.fmus.omc*,ptolemy.domains.openmodelica*,ptdb.kernel.bl.save.test.*,ptdb.kernel.bl.load.test.*,ptdb.kernel.bl.search.test.*,ptdb.kernel.bl.migration.test.*,ptdb.kernel.database.test.*,ptdb.test.*,ptdb.gui.test.*,org.ptolemy.scala.*,diva.util.java2d.svg.*,ptolemy.domains.ptinyos.*,ptolemy.actor.lib.fmi.fmipp.*,,org.terraswarm.accessor.accessors.web.node_modules.*,org.terraswarm.accessor.accessors-svn,ptolemy.actor.ptalon.demo.ptinyos.SendAndReceiveCnt.output,ptolemy.actor.ptalon.demo.ptinyos.SenseToLeds.output,ptolemy.domains.ptinyos.demo.CntToLedsAndRfm.output,ptolemy.domains.ptinyos.demo.RfmToLeds.output,ptolemy.domains.ptinyos.demo.SendAndReceiveCnt.output,ptolemy.domains.ptinyos.demo.SenseToLeds.output" />
    <property name="env.TRAVIS_COMMIT_MESSAGE" value="Fixed typo: missing $ from last change." />
    <property name="keystore" value="ptKeystore" />
    <property name="env.XDG_SESSION_ID" value="2" />
    <property name="junit.output.dir" value="/home/travis/build/icyphy/ptII/reports/junit" />
    <property name="npm.return.code" value="0" />
    <property name="user.dir" value="/home/travis/build/icyphy/ptII/ptolemy/actor/lib/jjs/test" />
    <property name="env.XFILESEARCHPATH" value="/usr/dt/app-defaults/%L/Dt" />
    <property name="env.TRAVIS_NODE_VERSION" value="7" />
    <property name="env.TRAVIS_EVENT_TYPE" value="push" />
    <property name="env.MAIL" value="/var/mail/travis" />
    <property name="env.PWD" value="/home/travis/build/icyphy/ptII" />
    <property name="env.PERLBREW_ROOT" value="/home/travis/perl5/perlbrew" />
    <property name="timeout.npm" value="45000" />
    <property name="env.PAGER" value="cat" />
    <property name="sun.cpu.endian" value="little" />
    <property name="env.TRAVIS_BUILD_STAGE_NAME" value="Test" />
    <property name="env.PERLBREW_HOME" value="/home/travis/.perlbrew" />
    <property name="java.vm.version" value="25.151-b12" />
    <property name="env.RAILS_ENV" value="test" />
    <property name="java.class.path" value="/home/travis/build/icyphy/ptII:/home/travis/build/icyphy/ptII/lib/bsh-2.0b4.jar:/home/travis/build/icyphy/ptII/lib/ptCal.jar:/home/travis/build/icyphy/ptII/lib/java_cup.jar:/home/travis/build/icyphy/ptII/lib/saxon8.jar:/home/travis/build/icyphy/ptII/lib/saxon8-dom.jar:/home/travis/build/icyphy/ptII/lib/chic.jar:/home/travis/build/icyphy/ptII/lib/ptcolt.jar:/usr/lib/jvm/java-8-oracle/lib/tools.jar:/usr/lib/eclipse/plugins/org.eclipse.jdt.core_3.8.2.dist.jar:/usr/lib/eclipse/plugins/org.eclipse.core.runtime_3.8.0.dist.jar:/usr/lib/eclipse/plugins/org.eclipse.osgi_3.8.1.dist.jar:/usr/lib/eclipse/plugins/org.eclipse.core.resources_3.8.1.dist.jar:/usr/lib/eclipse/plugins/org.eclipse.equinox.common_3.6.100.dist.jar:/usr/lib/eclipse/plugins/org.eclipse.core.jobs_3.5.200.dist.jar:/usr/lib/eclipse/plugins/org.eclipse.core.contenttype_3.4.200.dist.jar:/usr/lib/eclipse/plugins/org.eclipse.equinox.preferences_3.5.0.dist.jar:/usr/lib/eclipse/plugins/org.eclipse.text_3.5.200.dist.jar:/usr/lib/eclipse/plugins/org.eclipse.ui.workbench_3.8.1.dist.jar:/usr/lib/eclipse/plugins/org.eclipse.jface_3.8.0.dist.jar:/usr/lib/eclipse/plugins/org.eclipse.swt_3.8.2.jar:/usr/lib/eclipse/plugins/org.eclipse.jface.text_3.8.1.dist.jar:/usr/lib/eclipse/plugins/org.eclipse.ui.workbench.texteditor_3.8.0.dist.jar:/usr/lib/eclipse/plugins/org.eclipse.ui.editors_3.8.0.dist.jar:/usr/lib/eclipse/plugins/org.eclipse.core.commands_3.6.1.dist.jar:/usr/lib/eclipse/plugins/org.eclipse.equinox.registry_3.5.200.dist.jar:/usr/lib/eclipse/plugins/org.eclipse.ui.console_3.5.100.dist.jar:/usr/lib/eclipse/plugins/org.eclipse.ui.forms_3.5.200.dist.jar:/usr/lib/eclipse/plugins/org.eclipse.ui.ide_3.8.1.dist.jar:/home/travis/build/icyphy/ptII/vendors/oracle/dbxml.jar:/home/travis/build/icyphy/ptII/vendors/oracle/db.jar:/home/travis/build/icyphy/ptII/vendors/misc/itext/iText.jar:/home/travis/build/icyphy/ptII/lib/g4ltl.jar:/home/travis/build/icyphy/ptII/lib/StructuralCoder.jar:/home/travis/build/icyphy/ptII/lib/org-openide-util.jar:/home/travis/build/icyphy/ptII/lib/org-openide-util-lookup.jar:/home/travis/build/icyphy/ptII/lib/org-netbeans-api-visual.jar:/home/travis/build/icyphy/ptII/vendors/jai-1_1_2_01/lib/jai_core.jar:/home/travis/build/icyphy/ptII/vendors/jai-1_1_2_01/lib/jai_codec.jar:/home/travis/build/icyphy/ptII/lib/jcerti.jar:/home/travis/build/icyphy/ptII/lib/smack.jar:/home/travis/build/icyphy/ptII/lib/smackx.jar:/home/travis/build/icyphy/ptII/lib/jetty-all-8.1.5-v20120716.jar:/home/travis/build/icyphy/ptII/lib/javax.servlet-api-3.0.1.jar:/home/travis/build/icyphy/ptII/lib/javax.mail.jar:/home/travis/build/icyphy/ptII/vendors/JMF-2.1.1e/lib/jmf.jar:/home/travis/build/icyphy/ptII/lib/jna-4.0.0-variadic.jar:/home/travis/build/icyphy/ptII/vendors/misc/joystick/Joystick.jar:/home/travis/build/icyphy/ptII/lib/ptjacl.jar:/home/travis/build/icyphy/ptII/lib/jsoup-1.8.2.jar:/home/travis/build/icyphy/ptII/lib/junit-4.8.2.jar:/home/travis/build/icyphy/ptII/lib/JUnitParams-0.4.0.jar:/home/travis/build/icyphy/ptII/ptolemy/actor/lib/excel/jxl.jar:/home/travis/build/icyphy/ptII/lib/jython.jar:/home/travis/build/icyphy/ptII/lib/kieler.jar:/home/travis/build/icyphy/ptII/vendors/opencv/share/OpenCV/java/opencv-341.jar:/home/travis/build/icyphy/ptII/lib/oscP5.jar:/home/travis/build/icyphy/ptII/lib/nrjavaserial-3.11.0.devel.jar:/usr/share/java/j3dcore.jar:/usr/share/java/j3dutils.jar:/usr/share/java/vecmath.jar:/home/travis/build/icyphy/ptII/ptolemy/distributed/jini/jar/jini-core.jar:/home/travis/build/icyphy/ptII/ptolemy/distributed/jini/jar/jini-ext.jar:/home/travis/build/icyphy/ptII/ptolemy/distributed/jini/jar/sun-util.jar:/home/travis/build/icyphy/ptII/lib/protobuf-java-2.4.1.jar:/home/travis/build/icyphy/ptII/lib/org.eclipse.paho.client.mqttv3.jar:/home/travis/build/icyphy/ptII/ptserver/lib/hessian-4.0.7.jar:/home/travis/build/icyphy/ptII/ptserver/lib/wmqtt.jar:/home/travis/build/icyphy/ptII/lib/mapss.jar:/home/travis/build/icyphy/ptII/ptolemy/actor/ptalon/antlr/antlr.jar:/home/travis/build/icyphy/ptII/lib/JRI.jar:/home/travis/build/icyphy/ptII/lib/commons-lang-2.6.jar:/home/travis/build/icyphy/ptII/lib/commons-logging-1.1.1.jar:/home/travis/build/icyphy/ptII/lib/sootclasses.jar:/home/travis/build/icyphy/ptII/ptolemy/actor/lib/database/mysql-connector-java-5.1.6-bin.jar:/home/travis/build/icyphy/ptII/vendors/misc/sphinx4/sphinx4-data-5prealpha.jar:/home/travis/build/icyphy/ptII/vendors/misc/sphinx4/sphinx4-core-5prealpha.jar:/home/travis/build/icyphy/ptII/lib/PDFRenderer.jar:/home/travis/build/icyphy/ptII/lib/svgSalamander.jar:/home/travis/build/icyphy/ptII/lib/rsyntaxtextarea-2.6.0-SNAPSHOT.jar:/home/travis/build/icyphy/ptII/lib/hazelcast-3.8.2.jar:/home/travis/build/icyphy/ptII/lib/jackson-annotations-2.9.0.jar:/home/travis/build/icyphy/ptII/lib/jackson-core-2.9.3.jar:/home/travis/build/icyphy/ptII/lib/jackson-databind-2.9.3.jar:/home/travis/build/icyphy/ptII/lib/netty-buffer-4.1.19.Final.jar:/home/travis/build/icyphy/ptII/lib/netty-codec-4.1.19.Final.jar:/home/travis/build/icyphy/ptII/lib/netty-codec-dns-4.1.19.Final.jar:/home/travis/build/icyphy/ptII/lib/netty-codec-http-4.1.19.Final.jar:/home/travis/build/icyphy/ptII/lib/netty-codec-http2-4.1.19.Final.jar:/home/travis/build/icyphy/ptII/lib/netty-common-4.1.19.Final.jar:/home/travis/build/icyphy/ptII/lib/netty-handler-4.1.19.Final.jar:/home/travis/build/icyphy/ptII/lib/netty-resolver-4.1.19.Final.jar:/home/travis/build/icyphy/ptII/lib/netty-resolver-dns-4.1.19.Final.jar:/home/travis/build/icyphy/ptII/lib/netty-transport-4.1.19.Final.jar:/home/travis/build/icyphy/ptII/lib/vertx-codegen-3.5.1.jar:/home/travis/build/icyphy/ptII/lib/vertx-core-3.5.2-SNAPSHOT.jar:/home/travis/build/icyphy/ptII/lib/vertx-hazelcast-3.5.1.jar:/home/travis/build/icyphy/ptII/lib/vertx-lang-js-3.5.1.jar:/home/travis/build/icyphy/ptII/lib/vertx-service-proxy-3.5.1.jar:/home/travis/build/icyphy/ptII/lib/vertx-web-3.5.1.jar:/home/travis/build/icyphy/ptII/lib/slf4j-api-1.7.13.jar:/home/travis/build/icyphy/ptII/lib/slf4j-simple-1.7.13.jar:/home/travis/build/icyphy/ptII/lib/webcam-capture-0.3.12.jar:/home/travis/build/icyphy/ptII/lib/bridj-0.7.0.jar:/home/travis/build/icyphy/ptII/lib/xbjlib-1.1.0.nrjavaserial.jar:/home/travis/build/icyphy/ptII/ptolemy/moml/test:/home/travis/build/icyphy/ptII/ant/lib/ant-launcher.jar:/home/travis/build/icyphy/ptII/ant/lib/ant.jar:/home/travis/build/icyphy/ptII/ant/lib/ant-junit.jar:/home/travis/build/icyphy/ptII/ant/lib/ant-junit4.jar" />
    <property name="ant.library.dir" value="/home/travis/build/icyphy/ptII/ant/lib" />
    <property name="os.arch" value="amd64" />
    <property name="env.TRAVIS_LANGUAGE" value="node_js" />
    <property name="env.CONTINUOUS_INTEGRATION" value="true" />
    <property name="env.TRAVIS_STACK_LANGUAGES" value="__garnet__ c c++ clojure cplusplus cpp default go groovy java node_js php pure_java python ruby scala" />
    <property name="test.name" value="ptolemy.actor.lib.test.junit.JUnitTclTest" />
    <property name="sun.java.launcher" value="SUN_STANDARD" />
    <property name="env.PYTHON_CONFIGURE_OPTS" value="--enable-unicode=ucs4 --with-wide-unicode --enable-shared --enable-ipv6 --enable-loadable-sqlite-extensions --with-computed-gotos" />
    <property name="ant.core.lib" value="/home/travis/build/icyphy/ptII/ant/lib/ant.jar" />
    <property name="java.vm.specification.vendor" value="Oracle Corporation" />
    <property name="env.BCVTB_HOME" value="/home/travis/build/icyphy/ptII/lbnl" />
    <property name="file.separator" value="/" />
    <property name="spotbugs.home" value="/home/travis/build/icyphy/ptII/vendors/spotbugs-3.1.1" />
    <property name="java.runtime.version" value="1.8.0_151-b12" />
    <property name="sun.boot.class.path" value="/usr/lib/jvm/java-8-oracle/jre/lib/resources.jar:/usr/lib/jvm/java-8-oracle/jre/lib/rt.jar:/usr/lib/jvm/java-8-oracle/jre/lib/sunrsasign.jar:/usr/lib/jvm/java-8-oracle/jre/lib/jsse.jar:/usr/lib/jvm/java-8-oracle/jre/lib/jce.jar:/usr/lib/jvm/java-8-oracle/jre/lib/charsets.jar:/usr/lib/jvm/java-8-oracle/jre/lib/jfr.jar:/usr/lib/jvm/java-8-oracle/jre/classes" />
    <property name="env.HAS_JOSH_K_SEAL_OF_APPROVAL" value="true" />
    <property name="env.TRAVIS_OSX_IMAGE" value="" />
    <property name="env.XDG_RUNTIME_DIR" value="/run/user/2000" />
    <property name="env.TRAVIS_BRANCH" value="master" />
    <property name="env.TRAVIS_JOB_ID" value="377070379" />
    <property name="user.country" value="US" />
    <property name="env.CERTI_HOME_TRAVIS" value="/home/travis/pthla/certi-tools" />
    <property name="env.SHELL" value="/bin/bash" />
    <property name="java.maxmemory.large" value="5000m" />
    <property name="model" value="" />
    <property name="env.CASHER_DIR" value="/home/travis/.casher" />
    <property name="env.NVM_CD_FLAGS" value="" />
    <property name="jshint.executable" value="/home/travis/node_modules/jshint/bin/jshint" />
    <property name="java.vendor" value="Oracle Corporation" />
    <property name="env.JRUBY_OPTS" value=" --client -J-XX:+TieredCompilation -J-XX:TieredStopAtLevel=1 -J-Xss2m -Xcompile.invokedynamic=false" />
    <property name="env.TRAVIS_PRE_CHEF_BOOTSTRAP_TIME" value="2017-12-05T19:32:55" />
    <property name="env.ELIXIR_VERSION" value="1.4.5" />
    <property name="env.TRAVIS_STACK_JOB_BOARD_REGISTER" value="/.job-board-register.yml" />
    <property name="java.specification.version" value="1.8" />
    <property name="env.IRBRC" value="/home/travis/.rvm/rubies/ruby-2.4.1/.irbrc" />
    <property name="env.TRAVIS" value="true" />
    <property name="sun.arch.data.model" value="64" />
  </properties>
  <testcase classname="ptolemy.util.test.junit.TclTests" name="[0] /home/travis/build/icyphy/ptII/ptolemy/actor/lib/jjs/test/NashornAccessorHostApplication.tcl (RunTclFile)" time="0.127" />
  <testcase classname="ptolemy.util.test.junit.AutoKnownFailedTests" name="[0] ThereAreNoKnowFailedTests (RunModel)" time="0.0" />
  <testcase classname="ptolemy.util.test.junit.AutoNameArchTests" name="[0] ThereAreNoAutoTests (RunModel)" time="0.0" />
  <testcase classname="ptolemy.util.test.junit.AutoTests" name="[0] /home/travis/build/icyphy/ptII/ptolemy/actor/lib/jjs/test/auto/InputHandlers1.xml (RunModel)" time="11.345" />
  <testcase classname="ptolemy.util.test.junit.AutoTests" name="[1] /home/travis/build/icyphy/ptII/ptolemy/actor/lib/jjs/test/auto/InputHandlers2.xml (RunModel)" time="7.985" />
  <testcase classname="ptolemy.util.test.junit.AutoTests" name="[2] /home/travis/build/icyphy/ptII/ptolemy/actor/lib/jjs/test/auto/JSParameter1.xml (RunModel)" time="7.532" />
  <testcase classname="ptolemy.util.test.junit.AutoTests" name="[3] /home/travis/build/icyphy/ptII/ptolemy/actor/lib/jjs/test/auto/JSParameter2.xml (RunModel)" time="7.539" />
  <testcase classname="ptolemy.util.test.junit.AutoTests" name="[4] /home/travis/build/icyphy/ptII/ptolemy/actor/lib/jjs/test/auto/JSParameter3.xml (RunModel)" time="7.323" />
  <testcase classname="ptolemy.util.test.junit.AutoTests" name="[5] /home/travis/build/icyphy/ptII/ptolemy/actor/lib/jjs/test/auto/JSParameter4.xml (RunModel)" time="7.096" />
  <testcase classname="ptolemy.util.test.junit.AutoTests" name="[6] /home/travis/build/icyphy/ptII/ptolemy/actor/lib/jjs/test/auto/JSParameter5.xml (RunModel)" time="7.15" />
  <testcase classname="ptolemy.util.test.junit.AutoTests" name="[7] /home/travis/build/icyphy/ptII/ptolemy/actor/lib/jjs/test/auto/JavaScript1.xml (RunModel)" time="6.931" />
  <testcase classname="ptolemy.util.test.junit.AutoTests" name="[8] /home/travis/build/icyphy/ptII/ptolemy/actor/lib/jjs/test/auto/JavaScript10.xml (RunModel)" time="6.707" />
  <testcase classname="ptolemy.util.test.junit.AutoTests" name="[9] /home/travis/build/icyphy/ptII/ptolemy/actor/lib/jjs/test/auto/JavaScript11.xml (RunModel)" time="6.88" />
  <testcase classname="ptolemy.util.test.junit.AutoTests" name="[10] /home/travis/build/icyphy/ptII/ptolemy/actor/lib/jjs/test/auto/JavaScript12.xml (RunModel)" time="6.684" />
  <testcase classname="ptolemy.util.test.junit.AutoTests" name="[11] /home/travis/build/icyphy/ptII/ptolemy/actor/lib/jjs/test/auto/JavaScript13.xml (RunModel)" time="6.735" />
  <testcase classname="ptolemy.util.test.junit.AutoTests" name="[12] /home/travis/build/icyphy/ptII/ptolemy/actor/lib/jjs/test/auto/JavaScript14.xml (RunModel)" time="6.435" />
  <testcase classname="ptolemy.util.test.junit.AutoTests" name="[13] /home/travis/build/icyphy/ptII/ptolemy/actor/lib/jjs/test/auto/JavaScript15.xml (RunModel)" time="6.415" />
  <testcase classname="ptolemy.util.test.junit.AutoTests" name="[14] /home/travis/build/icyphy/ptII/ptolemy/actor/lib/jjs/test/auto/JavaScript16.xml (RunModel)" time="6.574" />
  <testcase classname="ptolemy.util.test.junit.AutoTests" name="[15] /home/travis/build/icyphy/ptII/ptolemy/actor/lib/jjs/test/auto/JavaScript17.xml (RunModel)" time="6.503" />
  <testcase classname="ptolemy.util.test.junit.AutoTests" name="[16] /home/travis/build/icyphy/ptII/ptolemy/actor/lib/jjs/test/auto/JavaScript18.xml (RunModel)" time="6.467" />
  <testcase classname="ptolemy.util.test.junit.AutoTests" name="[17] /home/travis/build/icyphy/ptII/ptolemy/actor/lib/jjs/test/auto/JavaScript19.xml (RunModel)" time="6.306" />
  <testcase classname="ptolemy.util.test.junit.AutoTests" name="[18] /home/travis/build/icyphy/ptII/ptolemy/actor/lib/jjs/test/auto/JavaScript2.xml (RunModel)" time="6.618" />
  <testcase classname="ptolemy.util.test.junit.AutoTests" name="[19] /home/travis/build/icyphy/ptII/ptolemy/actor/lib/jjs/test/auto/JavaScript20.xml (RunModel)" time="6.802" />
  <testcase classname="ptolemy.util.test.junit.AutoTests" name="[20] /home/travis/build/icyphy/ptII/ptolemy/actor/lib/jjs/test/auto/JavaScript21.xml (RunModel)" time="6.184" />
  <testcase classname="ptolemy.util.test.junit.AutoTests" name="[21] /home/travis/build/icyphy/ptII/ptolemy/actor/lib/jjs/test/auto/JavaScript22.xml (RunModel)" time="6.25" />
  <testcase classname="ptolemy.util.test.junit.AutoTests" name="[22] /home/travis/build/icyphy/ptII/ptolemy/actor/lib/jjs/test/auto/JavaScript23.xml (RunModel)" time="6.539" />
  <testcase classname="ptolemy.util.test.junit.AutoTests" name="[23] /home/travis/build/icyphy/ptII/ptolemy/actor/lib/jjs/test/auto/JavaScript24.xml (RunModel)" time="6.44" />
  <testcase classname="ptolemy.util.test.junit.AutoTests" name="[24] /home/travis/build/icyphy/ptII/ptolemy/actor/lib/jjs/test/auto/JavaScript25.xml (RunModel)" time="6.405" />
  <testcase classname="ptolemy.util.test.junit.AutoTests" name="[25] /home/travis/build/icyphy/ptII/ptolemy/actor/lib/jjs/test/auto/JavaScript26.xml (RunModel)" time="6.342" />
  <testcase classname="ptolemy.util.test.junit.AutoTests" name="[26] /home/travis/build/icyphy/ptII/ptolemy/actor/lib/jjs/test/auto/JavaScript27.xml (RunModel)" time="6.34" />
  <testcase classname="ptolemy.util.test.junit.AutoTests" name="[27] /home/travis/build/icyphy/ptII/ptolemy/actor/lib/jjs/test/auto/JavaScript3.xml (RunModel)" time="7.356" />
  <testcase classname="ptolemy.util.test.junit.AutoTests" name="[28] /home/travis/build/icyphy/ptII/ptolemy/actor/lib/jjs/test/auto/JavaScript4.xml (RunModel)" time="6.732" />
  <testcase classname="ptolemy.util.test.junit.AutoTests" name="[29] /home/travis/build/icyphy/ptII/ptolemy/actor/lib/jjs/test/auto/JavaScript5.xml (RunModel)" time="6.111" />
  <testcase classname="ptolemy.util.test.junit.AutoTests" name="[30] /home/travis/build/icyphy/ptII/ptolemy/actor/lib/jjs/test/auto/JavaScript6.xml (RunModel)" time="7.252" />
  <testcase classname="ptolemy.util.test.junit.AutoTests" name="[31] /home/travis/build/icyphy/ptII/ptolemy/actor/lib/jjs/test/auto/JavaScript7.xml (RunModel)" time="7.8" />
  <testcase classname="ptolemy.util.test.junit.AutoTests" name="[32] /home/travis/build/icyphy/ptII/ptolemy/actor/lib/jjs/test/auto/JavaScript8.xml (RunModel)" time="6.333" />
  <testcase classname="ptolemy.util.test.junit.AutoTests" name="[33] /home/travis/build/icyphy/ptII/ptolemy/actor/lib/jjs/test/auto/JavaScript9.xml (RunModel)" time="6.258" />
  <testcase classname="ptolemy.util.test.junit.AutoTests" name="[34] /home/travis/build/icyphy/ptII/ptolemy/actor/lib/jjs/test/auto/JavaScriptAbsentInputs.xml (RunModel)" time="6.344" />
  <testcase classname="ptolemy.util.test.junit.AutoTests" name="[35] /home/travis/build/icyphy/ptII/ptolemy/actor/lib/jjs/test/auto/JavaScriptAbsentInputsPersistent.xml (RunModel)" time="6.295" />
  <testcase classname="ptolemy.util.test.junit.AutoTests" name="[36] /home/travis/build/icyphy/ptII/ptolemy/actor/lib/jjs/test/auto/JavaScriptArray.xml (RunModel)" time="6.38" />
  <testcase classname="ptolemy.util.test.junit.AutoTests" name="[37] /home/travis/build/icyphy/ptII/ptolemy/actor/lib/jjs/test/auto/JavaScriptArray2.xml (RunModel)" time="6.081" />
  <testcase classname="ptolemy.util.test.junit.AutoTests" name="[38] /home/travis/build/icyphy/ptII/ptolemy/actor/lib/jjs/test/auto/JavaScriptBooleanToken.xml (RunModel)" time="6.312" />
  <testcase classname="ptolemy.util.test.junit.AutoTests" name="[39] /home/travis/build/icyphy/ptII/ptolemy/actor/lib/jjs/test/auto/JavaScriptBuildPtolemyModel.xml (RunModel)" time="6.132" />
  <testcase classname="ptolemy.util.test.junit.AutoTests" name="[40] /home/travis/build/icyphy/ptII/ptolemy/actor/lib/jjs/test/auto/JavaScriptBuildPtolemyModelAndSend.xml (RunModel)" time="6.234" />
  <testcase classname="ptolemy.util.test.junit.AutoTests" name="[41] /home/travis/build/icyphy/ptII/ptolemy/actor/lib/jjs/test/auto/JavaScriptBuildPtolemyModelAndSendAndReceive.xml (RunModel)" time="7.835" />
  <testcase classname="ptolemy.util.test.junit.AutoTests" name="[42] /home/travis/build/icyphy/ptII/ptolemy/actor/lib/jjs/test/auto/JavaScriptCount.xml (RunModel)" time="6.237" />
  <testcase classname="ptolemy.util.test.junit.AutoTests" name="[43] /home/travis/build/icyphy/ptII/ptolemy/actor/lib/jjs/test/auto/JavaScriptDoubleToken.xml (RunModel)" time="6.231" />
  <testcase classname="ptolemy.util.test.junit.AutoTests" name="[44] /home/travis/build/icyphy/ptII/ptolemy/actor/lib/jjs/test/auto/JavaScriptErrorOutput.xml (RunModel)" time="6.197" />
  <testcase classname="ptolemy.util.test.junit.AutoTests" name="[45] /home/travis/build/icyphy/ptII/ptolemy/actor/lib/jjs/test/auto/JavaScriptFactorial.xml (RunModel)" time="6.2" />
  <testcase classname="ptolemy.util.test.junit.AutoTests" name="[46] /home/travis/build/icyphy/ptII/ptolemy/actor/lib/jjs/test/auto/JavaScriptInputHandler1.xml (RunModel)" time="5.987" />
  <testcase classname="ptolemy.util.test.junit.AutoTests" name="[47] /home/travis/build/icyphy/ptII/ptolemy/actor/lib/jjs/test/auto/JavaScriptInputHandler2.xml (RunModel)" time="6.046" />
  <testcase classname="ptolemy.util.test.junit.AutoTests" name="[48] /home/travis/build/icyphy/ptII/ptolemy/actor/lib/jjs/test/auto/JavaScriptInputHandler3.xml (RunModel)" time="6.465" />
  <testcase classname="ptolemy.util.test.junit.AutoTests" name="[49] /home/travis/build/icyphy/ptII/ptolemy/actor/lib/jjs/test/auto/JavaScriptIntToken.xml (RunModel)" time="6.504" />
  <testcase classname="ptolemy.util.test.junit.AutoTests" name="[50] /home/travis/build/icyphy/ptII/ptolemy/actor/lib/jjs/test/auto/JavaScriptLongToken.xml (RunModel)" time="6.556" />
  <testcase classname="ptolemy.util.test.junit.AutoTests" name="[51] /home/travis/build/icyphy/ptII/ptolemy/actor/lib/jjs/test/auto/JavaScriptLongToken2.xml (RunModel)" time="7.401" />
  <testcase classname="ptolemy.util.test.junit.AutoTests" name="[52] /home/travis/build/icyphy/ptII/ptolemy/actor/lib/jjs/test/auto/JavaScriptReadParameter.xml (RunModel)" time="6.352" />
  <testcase classname="ptolemy.util.test.junit.AutoTests" name="[53] /home/travis/build/icyphy/ptII/ptolemy/actor/lib/jjs/test/auto/JavaScriptReceiveDate.xml (RunModel)" time="6.175" />
  <testcase classname="ptolemy.util.test.junit.AutoTests" name="[54] /home/travis/build/icyphy/ptII/ptolemy/actor/lib/jjs/test/auto/JavaScriptRecord.xml (RunModel)" time="6.136" />
  <testcase classname="ptolemy.util.test.junit.AutoTests" name="[55] /home/travis/build/icyphy/ptII/ptolemy/actor/lib/jjs/test/auto/JavaScriptRecordToken.xml (RunModel)" time="6.489" />
  <testcase classname="ptolemy.util.test.junit.AutoTests" name="[56] /home/travis/build/icyphy/ptII/ptolemy/actor/lib/jjs/test/auto/JavaScriptSendArray.xml (RunModel)" time="6.152" />
  <testcase classname="ptolemy.util.test.junit.AutoTests" name="[57] /home/travis/build/icyphy/ptII/ptolemy/actor/lib/jjs/test/auto/JavaScriptSendArray2.xml (RunModel)" time="6.39" />
  <testcase classname="ptolemy.util.test.junit.AutoTests" name="[58] /home/travis/build/icyphy/ptII/ptolemy/actor/lib/jjs/test/auto/JavaScriptSendBoolean.xml (RunModel)" time="6.059" />
  <testcase classname="ptolemy.util.test.junit.AutoTests" name="[59] /home/travis/build/icyphy/ptII/ptolemy/actor/lib/jjs/test/auto/JavaScriptSendDate.xml (RunModel)" time="6.03" />
  <testcase classname="ptolemy.util.test.junit.AutoTests" name="[60] /home/travis/build/icyphy/ptII/ptolemy/actor/lib/jjs/test/auto/JavaScriptSendDouble.xml (RunModel)" time="6.09" />
  <testcase classname="ptolemy.util.test.junit.AutoTests" name="[61] /home/travis/build/icyphy/ptII/ptolemy/actor/lib/jjs/test/auto/JavaScriptSendInt.xml (RunModel)" time="6.202" />
  <testcase classname="ptolemy.util.test.junit.AutoTests" name="[62] /home/travis/build/icyphy/ptII/ptolemy/actor/lib/jjs/test/auto/JavaScriptSendMatrix.xml (RunModel)" time="6.217" />
  <testcase classname="ptolemy.util.test.junit.AutoTests" name="[63] /home/travis/build/icyphy/ptII/ptolemy/actor/lib/jjs/test/auto/JavaScriptSendNativeArray.xml (RunModel)" time="7.513" />
  <testcase classname="ptolemy.util.test.junit.AutoTests" name="[64] /home/travis/build/icyphy/ptII/ptolemy/actor/lib/jjs/test/auto/JavaScriptSendNativeObject.xml (RunModel)" time="7.434" />
  <testcase classname="ptolemy.util.test.junit.AutoTests" name="[65] /home/travis/build/icyphy/ptII/ptolemy/actor/lib/jjs/test/auto/JavaScriptSendNull.xml (RunModel)" time="6.131" />
  <testcase classname="ptolemy.util.test.junit.AutoTests" name="[66] /home/travis/build/icyphy/ptII/ptolemy/actor/lib/jjs/test/auto/JavaScriptSendNullToInput.xml (RunModel)" time="8.044" />
  <testcase classname="ptolemy.util.test.junit.AutoTests" name="[67] /home/travis/build/icyphy/ptII/ptolemy/actor/lib/jjs/test/auto/JavaScriptSendRecord.xml (RunModel)" time="6.067" />
  <testcase classname="ptolemy.util.test.junit.AutoTests" name="[68] /home/travis/build/icyphy/ptII/ptolemy/actor/lib/jjs/test/auto/JavaScriptSendRecord2.xml (RunModel)" time="6.452" />
  <testcase classname="ptolemy.util.test.junit.AutoTests" name="[69] /home/travis/build/icyphy/ptII/ptolemy/actor/lib/jjs/test/auto/JavaScriptSendRecord3.xml (RunModel)" time="6.197" />
  <testcase classname="ptolemy.util.test.junit.AutoTests" name="[70] /home/travis/build/icyphy/ptII/ptolemy/actor/lib/jjs/test/auto/JavaScriptSendString.xml (RunModel)" time="6.036" />
  <testcase classname="ptolemy.util.test.junit.AutoTests" name="[71] /home/travis/build/icyphy/ptII/ptolemy/actor/lib/jjs/test/auto/JavaScriptSendToInput.xml (RunModel)" time="7.969" />
  <testcase classname="ptolemy.util.test.junit.AutoTests" name="[72] /home/travis/build/icyphy/ptII/ptolemy/actor/lib/jjs/test/auto/JavaScriptSetInterval.xml (RunModel)" time="6.849" />
  <testcase classname="ptolemy.util.test.junit.AutoTests" name="[73] /home/travis/build/icyphy/ptII/ptolemy/actor/lib/jjs/test/auto/JavaScriptSetInterval2.xml (RunModel)" time="6.501" />
  <testcase classname="ptolemy.util.test.junit.AutoTests" name="[74] /home/travis/build/icyphy/ptII/ptolemy/actor/lib/jjs/test/auto/JavaScriptSetTimeout.xml (RunModel)" time="6.255" />
  <testcase classname="ptolemy.util.test.junit.AutoTests" name="[75] /home/travis/build/icyphy/ptII/ptolemy/actor/lib/jjs/test/auto/JavaScriptStringToken.xml (RunModel)" time="6.38" />
  <testcase classname="ptolemy.util.test.junit.AutoTests" name="[76] /home/travis/build/icyphy/ptII/ptolemy/actor/lib/jjs/test/auto/JavaScriptTestAutoInputEtc.xml (RunModel)" time="8.399" />
  <testcase classname="ptolemy.util.test.junit.AutoTests" name="[77] /home/travis/build/icyphy/ptII/ptolemy/actor/lib/jjs/test/auto/JavaScriptThisActor.xml (RunModel)" time="6.234" />
  <testcase classname="ptolemy.util.test.junit.AutoTests" name="[78] /home/travis/build/icyphy/ptII/ptolemy/actor/lib/jjs/test/auto/JavaScriptTimeout.xml (RunModel)" time="6.557" />
  <testcase classname="ptolemy.util.test.junit.AutoTests" name="[79] /home/travis/build/icyphy/ptII/ptolemy/actor/lib/jjs/test/auto/JavaScriptWriteParameter.xml (RunModel)" time="6.072" />
  <testcase classname="ptolemy.util.test.junit.AutoTests" name="[80] /home/travis/build/icyphy/ptII/ptolemy/actor/lib/jjs/test/auto/RampDisplay.xml (RunModel)" time="16.127" />
  <testcase classname="ptolemy.util.test.junit.AutoTests" name="[81] /home/travis/build/icyphy/ptII/ptolemy/actor/lib/jjs/test/auto/SelfBuilder.xml (RunModel)" time="6.155" />
  <testcase classname="ptolemy.util.test.junit.AutoTests" name="[82] /home/travis/build/icyphy/ptII/ptolemy/actor/lib/jjs/test/auto/SelfBuilder10.xml (RunModel)" time="6.225" />
  <testcase classname="ptolemy.util.test.junit.AutoTests" name="[83] /home/travis/build/icyphy/ptII/ptolemy/actor/lib/jjs/test/auto/SelfBuilder2.xml (RunModel)" time="6.103" />
  <testcase classname="ptolemy.util.test.junit.AutoTests" name="[84] /home/travis/build/icyphy/ptII/ptolemy/actor/lib/jjs/test/auto/SelfBuilder3.xml (RunModel)" time="6.153" />
  <testcase classname="ptolemy.util.test.junit.AutoTests" name="[85] /home/travis/build/icyphy/ptII/ptolemy/actor/lib/jjs/test/auto/SelfBuilder4.xml (RunModel)" time="6.029" />
  <testcase classname="ptolemy.util.test.junit.AutoTests" name="[86] /home/travis/build/icyphy/ptII/ptolemy/actor/lib/jjs/test/auto/SelfBuilder5.xml (RunModel)" time="6.092" />
  <testcase classname="ptolemy.util.test.junit.AutoTests" name="[87] /home/travis/build/icyphy/ptII/ptolemy/actor/lib/jjs/test/auto/SelfBuilder6.xml (RunModel)" time="6.354" />
  <testcase classname="ptolemy.util.test.junit.AutoTests" name="[88] /home/travis/build/icyphy/ptII/ptolemy/actor/lib/jjs/test/auto/SelfBuilder7.xml (RunModel)" time="6.411" />
  <testcase classname="ptolemy.util.test.junit.AutoTests" name="[89] /home/travis/build/icyphy/ptII/ptolemy/actor/lib/jjs/test/auto/SelfBuilder8.xml (RunModel)" time="6.222" />
  <testcase classname="ptolemy.util.test.junit.AutoTests" name="[90] /home/travis/build/icyphy/ptII/ptolemy/actor/lib/jjs/test/auto/SelfBuilder9.xml (RunModel)" time="6.155" />
  <system-out><![CDATA[/home/travis/build/icyphy/ptII/ptolemy/actor/lib/jjs/test/NashornAccessorHostApplication.tcl
testDefs.tcl: setting time out to 9000 seconds at Thu May 10 00:09:20 UTC 2018


==== $PTII/ptolemy/actor/lib/jjs/test/NashornAccessorHostApplication.tcl: NashornAccessorHostApplication-0.0.1 No way to test the command line arguments
==== Contents of test case:

    list "Unfortunately, the Nashorn Host spawns a separate thread, so there"  "is no way to asyncronously wait to get the results back."  "This makes it difficult to test the command line argument processing."

==== Result was:
{Unfortunately, the Nashorn Host spawns a separate thread, so there} {is no way to asyncronously wait to get the results back.} {This makes it difficult to test the command line argument processing.}
---- KNOWN Failure, Result should have been:
1
---- NashornAccessorHostApplication-0.0.1 Failed, but this is a KNOWN failure
05/10/18 12:09:20
Failed: 0  Total Tests: 1  ((Passed: 0, Newly Passed: 0)  Known Failed: 1) /home/travis/build/icyphy/ptII/ptolemy/actor/lib/jjs/test
No auto/knownFailedTests/*.xml tests in /home/travis/build/icyphy/ptII/ptolemy/actor/lib/jjs/test
No auto/*.xml tests in /home/travis/build/icyphy/ptII/ptolemy/actor/lib/jjs/test
AutoTests.java: About to close Vertx.
AutoTests.java: Vertx closed.
----------------- testing Thu May 10 00:09:20 UTC 2018 /home/travis/build/icyphy/ptII/ptolemy/actor/lib/jjs/test/auto/InputHandlers1.xml
----------------- Thu May 10 00:09:20 UTC 2018 About to sleep for 5.0 seconds before running or rerunning.  Test is: /home/travis/build/icyphy/ptII/ptolemy/actor/lib/jjs/test/auto/InputHandlers1.xml
Done sleeping
----------------- Instantiating /home/travis/build/icyphy/ptII/ptolemy/actor/lib/jjs/test/auto/InputHandlers1.xml
2709 ms. Memory: 214016K Free: 156453K (73%)
----------------- Invoking toplevel() on ptolemy.moml.MoMLSimpleApplication@26b699ec
----------------- Done invoking toplevel() on ptolemy.moml.MoMLSimpleApplication@26b699ec
reloadAllAccessors: .InputHandlers1
----------------- testing Thu May 10 00:09:32 UTC 2018 /home/travis/build/icyphy/ptII/ptolemy/actor/lib/jjs/test/auto/InputHandlers2.xml
----------------- Thu May 10 00:09:32 UTC 2018 About to sleep for 5.0 seconds before running or rerunning.  Test is: /home/travis/build/icyphy/ptII/ptolemy/actor/lib/jjs/test/auto/InputHandlers2.xml
Done sleeping
----------------- Instantiating /home/travis/build/icyphy/ptII/ptolemy/actor/lib/jjs/test/auto/InputHandlers2.xml
1768 ms. Memory: 288256K Free: 182037K (63%)
----------------- Invoking toplevel() on ptolemy.moml.MoMLSimpleApplication@114afef5
----------------- Done invoking toplevel() on ptolemy.moml.MoMLSimpleApplication@114afef5
reloadAllAccessors: .InputHandlers2
----------------- testing Thu May 10 00:09:40 UTC 2018 /home/travis/build/icyphy/ptII/ptolemy/actor/lib/jjs/test/auto/JSParameter1.xml
----------------- Thu May 10 00:09:40 UTC 2018 About to sleep for 5.0 seconds before running or rerunning.  Test is: /home/travis/build/icyphy/ptII/ptolemy/actor/lib/jjs/test/auto/JSParameter1.xml
Done sleeping
----------------- Instantiating /home/travis/build/icyphy/ptII/ptolemy/actor/lib/jjs/test/auto/JSParameter1.xml
1458 ms. Memory: 411648K Free: 362569K (88%)
----------------- Invoking toplevel() on ptolemy.moml.MoMLSimpleApplication@1dc644f7
----------------- Done invoking toplevel() on ptolemy.moml.MoMLSimpleApplication@1dc644f7
reloadAllAccessors: .JSParameter1
----------------- testing Thu May 10 00:09:47 UTC 2018 /home/travis/build/icyphy/ptII/ptolemy/actor/lib/jjs/test/auto/JSParameter2.xml
----------------- Thu May 10 00:09:47 UTC 2018 About to sleep for 5.0 seconds before running or rerunning.  Test is: /home/travis/build/icyphy/ptII/ptolemy/actor/lib/jjs/test/auto/JSParameter2.xml
Done sleeping
----------------- Instantiating /home/travis/build/icyphy/ptII/ptolemy/actor/lib/jjs/test/auto/JSParameter2.xml
1644 ms. Memory: 412160K Free: 333962K (81%)
----------------- Invoking toplevel() on ptolemy.moml.MoMLSimpleApplication@50e31dc6
----------------- Done invoking toplevel() on ptolemy.moml.MoMLSimpleApplication@50e31dc6
reloadAllAccessors: .JSParameter2
----------------- testing Thu May 10 00:09:55 UTC 2018 /home/travis/build/icyphy/ptII/ptolemy/actor/lib/jjs/test/auto/JSParameter3.xml
----------------- Thu May 10 00:09:55 UTC 2018 About to sleep for 5.0 seconds before running or rerunning.  Test is: /home/travis/build/icyphy/ptII/ptolemy/actor/lib/jjs/test/auto/JSParameter3.xml
Done sleeping
----------------- Instantiating /home/travis/build/icyphy/ptII/ptolemy/actor/lib/jjs/test/auto/JSParameter3.xml
1380 ms. Memory: 547328K Free: 444799K (81%)
----------------- Invoking toplevel() on ptolemy.moml.MoMLSimpleApplication@33f5dab7
----------------- Done invoking toplevel() on ptolemy.moml.MoMLSimpleApplication@33f5dab7
reloadAllAccessors: .JSParameter3
----------------- testing Thu May 10 00:10:02 UTC 2018 /home/travis/build/icyphy/ptII/ptolemy/actor/lib/jjs/test/auto/JSParameter4.xml
----------------- Thu May 10 00:10:02 UTC 2018 About to sleep for 5.0 seconds before running or rerunning.  Test is: /home/travis/build/icyphy/ptII/ptolemy/actor/lib/jjs/test/auto/JSParameter4.xml
Done sleeping
----------------- Instantiating /home/travis/build/icyphy/ptII/ptolemy/actor/lib/jjs/test/auto/JSParameter4.xml
1257 ms. Memory: 547328K Free: 129169K (24%)
----------------- Invoking toplevel() on ptolemy.moml.MoMLSimpleApplication@958153a
----------------- Done invoking toplevel() on ptolemy.moml.MoMLSimpleApplication@958153a
reloadAllAccessors: .JSParameter4
----------------- testing Thu May 10 00:10:09 UTC 2018 /home/travis/build/icyphy/ptII/ptolemy/actor/lib/jjs/test/auto/JSParameter5.xml
----------------- Thu May 10 00:10:09 UTC 2018 About to sleep for 5.0 seconds before running or rerunning.  Test is: /home/travis/build/icyphy/ptII/ptolemy/actor/lib/jjs/test/auto/JSParameter5.xml
Done sleeping
----------------- Instantiating /home/travis/build/icyphy/ptII/ptolemy/actor/lib/jjs/test/auto/JSParameter5.xml
1204 ms. Memory: 571904K Free: 349432K (61%)
----------------- Invoking toplevel() on ptolemy.moml.MoMLSimpleApplication@27af5fb8
----------------- Done invoking toplevel() on ptolemy.moml.MoMLSimpleApplication@27af5fb8
reloadAllAccessors: .JSParameter5
----------------- testing Thu May 10 00:10:16 UTC 2018 /home/travis/build/icyphy/ptII/ptolemy/actor/lib/jjs/test/auto/JavaScript1.xml
----------------- Thu May 10 00:10:16 UTC 2018 About to sleep for 5.0 seconds before running or rerunning.  Test is: /home/travis/build/icyphy/ptII/ptolemy/actor/lib/jjs/test/auto/JavaScript1.xml
Done sleeping
----------------- Instantiating /home/travis/build/icyphy/ptII/ptolemy/actor/lib/jjs/test/auto/JavaScript1.xml
1214 ms. Memory: 763392K Free: 635578K (83%)
----------------- Invoking toplevel() on ptolemy.moml.MoMLSimpleApplication@26adfb75
----------------- Done invoking toplevel() on ptolemy.moml.MoMLSimpleApplication@26adfb75
reloadAllAccessors: .JavaScript1
----------------- testing Thu May 10 00:10:23 UTC 2018 /home/travis/build/icyphy/ptII/ptolemy/actor/lib/jjs/test/auto/JavaScript10.xml
----------------- Thu May 10 00:10:23 UTC 2018 About to sleep for 5.0 seconds before running or rerunning.  Test is: /home/travis/build/icyphy/ptII/ptolemy/actor/lib/jjs/test/auto/JavaScript10.xml
Done sleeping
----------------- Instantiating /home/travis/build/icyphy/ptII/ptolemy/actor/lib/jjs/test/auto/JavaScript10.xml
1075 ms. Memory: 763392K Free: 322368K (42%)
----------------- Invoking toplevel() on ptolemy.moml.MoMLSimpleApplication@72550436
----------------- Done invoking toplevel() on ptolemy.moml.MoMLSimpleApplication@72550436
reloadAllAccessors: .JavaScript10
----------------- testing Thu May 10 00:10:30 UTC 2018 /home/travis/build/icyphy/ptII/ptolemy/actor/lib/jjs/test/auto/JavaScript11.xml
----------------- Thu May 10 00:10:30 UTC 2018 About to sleep for 5.0 seconds before running or rerunning.  Test is: /home/travis/build/icyphy/ptII/ptolemy/actor/lib/jjs/test/auto/JavaScript11.xml
Done sleeping
----------------- Instantiating /home/travis/build/icyphy/ptII/ptolemy/actor/lib/jjs/test/auto/JavaScript11.xml
1242 ms. Memory: 766464K Free: 590837K (77%)
----------------- Invoking toplevel() on ptolemy.moml.MoMLSimpleApplication@6028ed11
----------------- Done invoking toplevel() on ptolemy.moml.MoMLSimpleApplication@6028ed11
reloadAllAccessors: .JavaScript11
----------------- testing Thu May 10 00:10:37 UTC 2018 /home/travis/build/icyphy/ptII/ptolemy/actor/lib/jjs/test/auto/JavaScript12.xml
----------------- Thu May 10 00:10:37 UTC 2018 About to sleep for 5.0 seconds before running or rerunning.  Test is: /home/travis/build/icyphy/ptII/ptolemy/actor/lib/jjs/test/auto/JavaScript12.xml
Done sleeping
----------------- Instantiating /home/travis/build/icyphy/ptII/ptolemy/actor/lib/jjs/test/auto/JavaScript12.xml
0
1
2
3
4
5
6
7
8
9
8 ms. Memory: 766464K Free: 259065K (34%)
1100 ms. Memory: 766464K Free: 255955K (33%)
----------------- Invoking toplevel() on ptolemy.moml.MoMLSimpleApplication@465dc94
----------------- Done invoking toplevel() on ptolemy.moml.MoMLSimpleApplication@465dc94
reloadAllAccessors: .JavaScript12
----------------- testing Thu May 10 00:10:44 UTC 2018 /home/travis/build/icyphy/ptII/ptolemy/actor/lib/jjs/test/auto/JavaScript13.xml
----------------- Thu May 10 00:10:44 UTC 2018 About to sleep for 5.0 seconds before running or rerunning.  Test is: /home/travis/build/icyphy/ptII/ptolemy/actor/lib/jjs/test/auto/JavaScript13.xml
Done sleeping
----------------- Instantiating /home/travis/build/icyphy/ptII/ptolemy/actor/lib/jjs/test/auto/JavaScript13.xml
0
1
2
3
4
5
6
7
8
9
6 ms. Memory: 961024K Free: 834450K (87%)
1109 ms. Memory: 961024K Free: 834450K (87%)
----------------- Invoking toplevel() on ptolemy.moml.MoMLSimpleApplication@705ede73
----------------- Done invoking toplevel() on ptolemy.moml.MoMLSimpleApplication@705ede73
reloadAllAccessors: .JavaScript13
----------------- testing Thu May 10 00:10:50 UTC 2018 /home/travis/build/icyphy/ptII/ptolemy/actor/lib/jjs/test/auto/JavaScript14.xml
----------------- Thu May 10 00:10:50 UTC 2018 About to sleep for 5.0 seconds before running or rerunning.  Test is: /home/travis/build/icyphy/ptII/ptolemy/actor/lib/jjs/test/auto/JavaScript14.xml
Done sleeping
----------------- Instantiating /home/travis/build/icyphy/ptII/ptolemy/actor/lib/jjs/test/auto/JavaScript14.xml
856 ms. Memory: 961024K Free: 520242K (54%)
----------------- Invoking toplevel() on ptolemy.moml.MoMLSimpleApplication@290988eb
----------------- Done invoking toplevel() on ptolemy.moml.MoMLSimpleApplication@290988eb
reloadAllAccessors: .JavaScript14
----------------- testing Thu May 10 00:10:57 UTC 2018 /home/travis/build/icyphy/ptII/ptolemy/actor/lib/jjs/test/auto/JavaScript15.xml
----------------- Thu May 10 00:10:57 UTC 2018 About to sleep for 5.0 seconds before running or rerunning.  Test is: /home/travis/build/icyphy/ptII/ptolemy/actor/lib/jjs/test/auto/JavaScript15.xml
Done sleeping
----------------- Instantiating /home/travis/build/icyphy/ptII/ptolemy/actor/lib/jjs/test/auto/JavaScript15.xml
876 ms. Memory: 961024K Free: 213589K (22%)
----------------- Invoking toplevel() on ptolemy.moml.MoMLSimpleApplication@7e5a6473
----------------- Done invoking toplevel() on ptolemy.moml.MoMLSimpleApplication@7e5a6473
reloadAllAccessors: .JavaScript15
----------------- testing Thu May 10 00:11:03 UTC 2018 /home/travis/build/icyphy/ptII/ptolemy/actor/lib/jjs/test/auto/JavaScript16.xml
----------------- Thu May 10 00:11:03 UTC 2018 About to sleep for 5.0 seconds before running or rerunning.  Test is: /home/travis/build/icyphy/ptII/ptolemy/actor/lib/jjs/test/auto/JavaScript16.xml
Done sleeping
----------------- Instantiating /home/travis/build/icyphy/ptII/ptolemy/actor/lib/jjs/test/auto/JavaScript16.xml
979 ms. Memory: 966656K Free: 636239K (66%)
----------------- Invoking toplevel() on ptolemy.moml.MoMLSimpleApplication@5e88b251
----------------- Done invoking toplevel() on ptolemy.moml.MoMLSimpleApplication@5e88b251
reloadAllAccessors: .JavaScript16
----------------- testing Thu May 10 00:11:10 UTC 2018 /home/travis/build/icyphy/ptII/ptolemy/actor/lib/jjs/test/auto/JavaScript17.xml
----------------- Thu May 10 00:11:10 UTC 2018 About to sleep for 5.0 seconds before running or rerunning.  Test is: /home/travis/build/icyphy/ptII/ptolemy/actor/lib/jjs/test/auto/JavaScript17.xml
Done sleeping
----------------- Instantiating /home/travis/build/icyphy/ptII/ptolemy/actor/lib/jjs/test/auto/JavaScript17.xml
1044 ms. Memory: 966656K Free: 326155K (34%)
----------------- Invoking toplevel() on ptolemy.moml.MoMLSimpleApplication@2ac19ac9
----------------- Done invoking toplevel() on ptolemy.moml.MoMLSimpleApplication@2ac19ac9
reloadAllAccessors: .JavaScript17
----------------- testing Thu May 10 00:11:16 UTC 2018 /home/travis/build/icyphy/ptII/ptolemy/actor/lib/jjs/test/auto/JavaScript18.xml
----------------- Thu May 10 00:11:16 UTC 2018 About to sleep for 5.0 seconds before running or rerunning.  Test is: /home/travis/build/icyphy/ptII/ptolemy/actor/lib/jjs/test/auto/JavaScript18.xml
Done sleeping
----------------- Instantiating /home/travis/build/icyphy/ptII/ptolemy/actor/lib/jjs/test/auto/JavaScript18.xml
962 ms. Memory: 1176064K Free: 946769K (81%)
----------------- Invoking toplevel() on ptolemy.moml.MoMLSimpleApplication@5bad6e4f
----------------- Done invoking toplevel() on ptolemy.moml.MoMLSimpleApplication@5bad6e4f
reloadAllAccessors: .JavaScript18
----------------- testing Thu May 10 00:11:23 UTC 2018 /home/travis/build/icyphy/ptII/ptolemy/actor/lib/jjs/test/auto/JavaScript19.xml
----------------- Thu May 10 00:11:23 UTC 2018 About to sleep for 5.0 seconds before running or rerunning.  Test is: /home/travis/build/icyphy/ptII/ptolemy/actor/lib/jjs/test/auto/JavaScript19.xml
Done sleeping
----------------- Instantiating /home/travis/build/icyphy/ptII/ptolemy/actor/lib/jjs/test/auto/JavaScript19.xml
828 ms. Memory: 1176064K Free: 632842K (54%)
----------------- Invoking toplevel() on ptolemy.moml.MoMLSimpleApplication@321c1e55
----------------- Done invoking toplevel() on ptolemy.moml.MoMLSimpleApplication@321c1e55
reloadAllAccessors: .JavaScript19
----------------- testing Thu May 10 00:11:29 UTC 2018 /home/travis/build/icyphy/ptII/ptolemy/actor/lib/jjs/test/auto/JavaScript2.xml
----------------- Thu May 10 00:11:29 UTC 2018 About to sleep for 5.0 seconds before running or rerunning.  Test is: /home/travis/build/icyphy/ptII/ptolemy/actor/lib/jjs/test/auto/JavaScript2.xml
Done sleeping
----------------- Instantiating /home/travis/build/icyphy/ptII/ptolemy/actor/lib/jjs/test/auto/JavaScript2.xml
1077 ms. Memory: 1176064K Free: 312780K (27%)
----------------- Invoking toplevel() on ptolemy.moml.MoMLSimpleApplication@7e3f186b
----------------- Done invoking toplevel() on ptolemy.moml.MoMLSimpleApplication@7e3f186b
reloadAllAccessors: .JavaScript2
----------------- testing Thu May 10 00:11:36 UTC 2018 /home/travis/build/icyphy/ptII/ptolemy/actor/lib/jjs/test/auto/JavaScript20.xml
----------------- Thu May 10 00:11:36 UTC 2018 About to sleep for 5.0 seconds before running or rerunning.  Test is: /home/travis/build/icyphy/ptII/ptolemy/actor/lib/jjs/test/auto/JavaScript20.xml
Done sleeping
----------------- Instantiating /home/travis/build/icyphy/ptII/ptolemy/actor/lib/jjs/test/auto/JavaScript20.xml
1212 ms. Memory: 1217536K Free: 1146107K (94%)
----------------- Invoking toplevel() on ptolemy.moml.MoMLSimpleApplication@9e8d3bb
----------------- Done invoking toplevel() on ptolemy.moml.MoMLSimpleApplication@9e8d3bb
reloadAllAccessors: .JavaScript20
----------------- testing Thu May 10 00:11:42 UTC 2018 /home/travis/build/icyphy/ptII/ptolemy/actor/lib/jjs/test/auto/JavaScript21.xml
----------------- Thu May 10 00:11:42 UTC 2018 About to sleep for 5.0 seconds before running or rerunning.  Test is: /home/travis/build/icyphy/ptII/ptolemy/actor/lib/jjs/test/auto/JavaScript21.xml
Done sleeping
----------------- Instantiating /home/travis/build/icyphy/ptII/ptolemy/actor/lib/jjs/test/auto/JavaScript21.xml
744 ms. Memory: 1217536K Free: 832465K (68%)
----------------- Invoking toplevel() on ptolemy.moml.MoMLSimpleApplication@5339b766
----------------- Done invoking toplevel() on ptolemy.moml.MoMLSimpleApplication@5339b766
reloadAllAccessors: .JavaScript21
----------------- testing Thu May 10 00:11:49 UTC 2018 /home/travis/build/icyphy/ptII/ptolemy/actor/lib/jjs/test/auto/JavaScript22.xml
----------------- Thu May 10 00:11:49 UTC 2018 About to sleep for 5.0 seconds before running or rerunning.  Test is: /home/travis/build/icyphy/ptII/ptolemy/actor/lib/jjs/test/auto/JavaScript22.xml
Done sleeping
----------------- Instantiating /home/travis/build/icyphy/ptII/ptolemy/actor/lib/jjs/test/auto/JavaScript22.xml
764 ms. Memory: 1217536K Free: 526853K (43%)
----------------- Invoking toplevel() on ptolemy.moml.MoMLSimpleApplication@644974
----------------- Done invoking toplevel() on ptolemy.moml.MoMLSimpleApplication@644974
reloadAllAccessors: .JavaScript22
----------------- testing Thu May 10 00:11:55 UTC 2018 /home/travis/build/icyphy/ptII/ptolemy/actor/lib/jjs/test/auto/JavaScript23.xml
----------------- Thu May 10 00:11:55 UTC 2018 About to sleep for 5.0 seconds before running or rerunning.  Test is: /home/travis/build/icyphy/ptII/ptolemy/actor/lib/jjs/test/auto/JavaScript23.xml
Done sleeping
----------------- Instantiating /home/travis/build/icyphy/ptII/ptolemy/actor/lib/jjs/test/auto/JavaScript23.xml
1005 ms. Memory: 1217536K Free: 220604K (18%)
----------------- Invoking toplevel() on ptolemy.moml.MoMLSimpleApplication@5e76498c
----------------- Done invoking toplevel() on ptolemy.moml.MoMLSimpleApplication@5e76498c
reloadAllAccessors: .JavaScript23
----------------- testing Thu May 10 00:12:02 UTC 2018 /home/travis/build/icyphy/ptII/ptolemy/actor/lib/jjs/test/auto/JavaScript24.xml
----------------- Thu May 10 00:12:02 UTC 2018 About to sleep for 5.0 seconds before running or rerunning.  Test is: /home/travis/build/icyphy/ptII/ptolemy/actor/lib/jjs/test/auto/JavaScript24.xml
Done sleeping
----------------- Instantiating /home/travis/build/icyphy/ptII/ptolemy/actor/lib/jjs/test/auto/JavaScript24.xml
963 ms. Memory: 1486336K Free: 1095822K (74%)
----------------- Invoking toplevel() on ptolemy.moml.MoMLSimpleApplication@3af2101a
----------------- Done invoking toplevel() on ptolemy.moml.MoMLSimpleApplication@3af2101a
reloadAllAccessors: .JavaScript24
----------------- testing Thu May 10 00:12:08 UTC 2018 /home/travis/build/icyphy/ptII/ptolemy/actor/lib/jjs/test/auto/JavaScript25.xml
----------------- Thu May 10 00:12:08 UTC 2018 About to sleep for 5.0 seconds before running or rerunning.  Test is: /home/travis/build/icyphy/ptII/ptolemy/actor/lib/jjs/test/auto/JavaScript25.xml
Done sleeping
----------------- Instantiating /home/travis/build/icyphy/ptII/ptolemy/actor/lib/jjs/test/auto/JavaScript25.xml
839 ms. Memory: 1486336K Free: 791419K (53%)
----------------- Invoking toplevel() on ptolemy.moml.MoMLSimpleApplication@2432a76d
----------------- Done invoking toplevel() on ptolemy.moml.MoMLSimpleApplication@2432a76d
reloadAllAccessors: .JavaScript25
----------------- testing Thu May 10 00:12:14 UTC 2018 /home/travis/build/icyphy/ptII/ptolemy/actor/lib/jjs/test/auto/JavaScript26.xml
----------------- Thu May 10 00:12:14 UTC 2018 About to sleep for 5.0 seconds before running or rerunning.  Test is: /home/travis/build/icyphy/ptII/ptolemy/actor/lib/jjs/test/auto/JavaScript26.xml
Done sleeping
----------------- Instantiating /home/travis/build/icyphy/ptII/ptolemy/actor/lib/jjs/test/auto/JavaScript26.xml
855 ms. Memory: 1486336K Free: 480517K (32%)
----------------- Invoking toplevel() on ptolemy.moml.MoMLSimpleApplication@68b6a73
----------------- Done invoking toplevel() on ptolemy.moml.MoMLSimpleApplication@68b6a73
reloadAllAccessors: .JavaScript26
----------------- testing Thu May 10 00:12:21 UTC 2018 /home/travis/build/icyphy/ptII/ptolemy/actor/lib/jjs/test/auto/JavaScript27.xml
----------------- Thu May 10 00:12:21 UTC 2018 About to sleep for 5.0 seconds before running or rerunning.  Test is: /home/travis/build/icyphy/ptII/ptolemy/actor/lib/jjs/test/auto/JavaScript27.xml
Done sleeping
----------------- Instantiating /home/travis/build/icyphy/ptII/ptolemy/actor/lib/jjs/test/auto/JavaScript27.xml
881 ms. Memory: 1486336K Free: 169501K (11%)
----------------- Invoking toplevel() on ptolemy.moml.MoMLSimpleApplication@3fc426ba
----------------- Done invoking toplevel() on ptolemy.moml.MoMLSimpleApplication@3fc426ba
reloadAllAccessors: .JavaScript27
----------------- testing Thu May 10 00:12:27 UTC 2018 /home/travis/build/icyphy/ptII/ptolemy/actor/lib/jjs/test/auto/JavaScript3.xml
----------------- Thu May 10 00:12:27 UTC 2018 About to sleep for 5.0 seconds before running or rerunning.  Test is: /home/travis/build/icyphy/ptII/ptolemy/actor/lib/jjs/test/auto/JavaScript3.xml
Done sleeping
----------------- Instantiating /home/travis/build/icyphy/ptII/ptolemy/actor/lib/jjs/test/auto/JavaScript3.xml
1625 ms. Memory: 1512448K Free: 1041679K (69%)
----------------- Invoking toplevel() on ptolemy.moml.MoMLSimpleApplication@7cf8f856
----------------- Done invoking toplevel() on ptolemy.moml.MoMLSimpleApplication@7cf8f856
reloadAllAccessors: .JavaScript3
----------------- testing Thu May 10 00:12:34 UTC 2018 /home/travis/build/icyphy/ptII/ptolemy/actor/lib/jjs/test/auto/JavaScript4.xml
----------------- Thu May 10 00:12:34 UTC 2018 About to sleep for 5.0 seconds before running or rerunning.  Test is: /home/travis/build/icyphy/ptII/ptolemy/actor/lib/jjs/test/auto/JavaScript4.xml
Done sleeping
----------------- Instantiating /home/travis/build/icyphy/ptII/ptolemy/actor/lib/jjs/test/auto/JavaScript4.xml
1312 ms. Memory: 1512448K Free: 587900K (39%)
----------------- Invoking toplevel() on ptolemy.moml.MoMLSimpleApplication@49376ad8
----------------- Done invoking toplevel() on ptolemy.moml.MoMLSimpleApplication@49376ad8
reloadAllAccessors: .JavaScript4
----------------- testing Thu May 10 00:12:41 UTC 2018 /home/travis/build/icyphy/ptII/ptolemy/actor/lib/jjs/test/auto/JavaScript5.xml
----------------- Thu May 10 00:12:41 UTC 2018 About to sleep for 5.0 seconds before running or rerunning.  Test is: /home/travis/build/icyphy/ptII/ptolemy/actor/lib/jjs/test/auto/JavaScript5.xml
Done sleeping
----------------- Instantiating /home/travis/build/icyphy/ptII/ptolemy/actor/lib/jjs/test/auto/JavaScript5.xml
706 ms. Memory: 1512448K Free: 271194K (18%)
----------------- Invoking toplevel() on ptolemy.moml.MoMLSimpleApplication@3c0020c1
----------------- Done invoking toplevel() on ptolemy.moml.MoMLSimpleApplication@3c0020c1
reloadAllAccessors: .JavaScript5
----------------- testing Thu May 10 00:12:47 UTC 2018 /home/travis/build/icyphy/ptII/ptolemy/actor/lib/jjs/test/auto/JavaScript6.xml
----------------- Thu May 10 00:12:47 UTC 2018 About to sleep for 5.0 seconds before running or rerunning.  Test is: /home/travis/build/icyphy/ptII/ptolemy/actor/lib/jjs/test/auto/JavaScript6.xml
Done sleeping
----------------- Instantiating /home/travis/build/icyphy/ptII/ptolemy/actor/lib/jjs/test/auto/JavaScript6.xml
1372 ms. Memory: 1452032K Free: 738042K (51%)
----------------- Invoking toplevel() on ptolemy.moml.MoMLSimpleApplication@2957731b
----------------- Done invoking toplevel() on ptolemy.moml.MoMLSimpleApplication@2957731b
reloadAllAccessors: .JavaScript6
----------------- testing Thu May 10 00:12:55 UTC 2018 /home/travis/build/icyphy/ptII/ptolemy/actor/lib/jjs/test/auto/JavaScript7.xml
----------------- Thu May 10 00:12:55 UTC 2018 About to sleep for 5.0 seconds before running or rerunning.  Test is: /home/travis/build/icyphy/ptII/ptolemy/actor/lib/jjs/test/auto/JavaScript7.xml
Done sleeping
----------------- Instantiating /home/travis/build/icyphy/ptII/ptolemy/actor/lib/jjs/test/auto/JavaScript7.xml
1819 ms. Memory: 1778176K Free: 1707792K (96%)
----------------- Invoking toplevel() on ptolemy.moml.MoMLSimpleApplication@2bae0703
----------------- Done invoking toplevel() on ptolemy.moml.MoMLSimpleApplication@2bae0703
reloadAllAccessors: .JavaScript7
----------------- testing Thu May 10 00:13:02 UTC 2018 /home/travis/build/icyphy/ptII/ptolemy/actor/lib/jjs/test/auto/JavaScript8.xml
----------------- Thu May 10 00:13:02 UTC 2018 About to sleep for 5.0 seconds before running or rerunning.  Test is: /home/travis/build/icyphy/ptII/ptolemy/actor/lib/jjs/test/auto/JavaScript8.xml
Done sleeping
----------------- Instantiating /home/travis/build/icyphy/ptII/ptolemy/actor/lib/jjs/test/auto/JavaScript8.xml
889 ms. Memory: 1778176K Free: 1393536K (78%)
----------------- Invoking toplevel() on ptolemy.moml.MoMLSimpleApplication@22a14761
----------------- Done invoking toplevel() on ptolemy.moml.MoMLSimpleApplication@22a14761
reloadAllAccessors: .JavaScript8
----------------- testing Thu May 10 00:13:09 UTC 2018 /home/travis/build/icyphy/ptII/ptolemy/actor/lib/jjs/test/auto/JavaScript9.xml
----------------- Thu May 10 00:13:09 UTC 2018 About to sleep for 5.0 seconds before running or rerunning.  Test is: /home/travis/build/icyphy/ptII/ptolemy/actor/lib/jjs/test/auto/JavaScript9.xml
Done sleeping
----------------- Instantiating /home/travis/build/icyphy/ptII/ptolemy/actor/lib/jjs/test/auto/JavaScript9.xml
842 ms. Memory: 1778176K Free: 1078886K (61%)
----------------- Invoking toplevel() on ptolemy.moml.MoMLSimpleApplication@498bb7
----------------- Done invoking toplevel() on ptolemy.moml.MoMLSimpleApplication@498bb7
reloadAllAccessors: .JavaScript9
----------------- testing Thu May 10 00:13:15 UTC 2018 /home/travis/build/icyphy/ptII/ptolemy/actor/lib/jjs/test/auto/JavaScriptAbsentInputs.xml
----------------- Thu May 10 00:13:15 UTC 2018 About to sleep for 5.0 seconds before running or rerunning.  Test is: /home/travis/build/icyphy/ptII/ptolemy/actor/lib/jjs/test/auto/JavaScriptAbsentInputs.xml
Done sleeping
----------------- Instantiating /home/travis/build/icyphy/ptII/ptolemy/actor/lib/jjs/test/auto/JavaScriptAbsentInputs.xml
877 ms. Memory: 1778176K Free: 764176K (43%)
----------------- Invoking toplevel() on ptolemy.moml.MoMLSimpleApplication@24e8a704
----------------- Done invoking toplevel() on ptolemy.moml.MoMLSimpleApplication@24e8a704
reloadAllAccessors: .JavaScriptAbsentInputs
----------------- testing Thu May 10 00:13:21 UTC 2018 /home/travis/build/icyphy/ptII/ptolemy/actor/lib/jjs/test/auto/JavaScriptAbsentInputsPersistent.xml
----------------- Thu May 10 00:13:21 UTC 2018 About to sleep for 5.0 seconds before running or rerunning.  Test is: /home/travis/build/icyphy/ptII/ptolemy/actor/lib/jjs/test/auto/JavaScriptAbsentInputsPersistent.xml
Done sleeping
----------------- Instantiating /home/travis/build/icyphy/ptII/ptolemy/actor/lib/jjs/test/auto/JavaScriptAbsentInputsPersistent.xml
748 ms. Memory: 1778176K Free: 450312K (25%)
----------------- Invoking toplevel() on ptolemy.moml.MoMLSimpleApplication@2a31fa42
----------------- Done invoking toplevel() on ptolemy.moml.MoMLSimpleApplication@2a31fa42
reloadAllAccessors: .JavaScriptAbsentInputsPersistent
----------------- testing Thu May 10 00:13:28 UTC 2018 /home/travis/build/icyphy/ptII/ptolemy/actor/lib/jjs/test/auto/JavaScriptArray.xml
----------------- Thu May 10 00:13:28 UTC 2018 About to sleep for 5.0 seconds before running or rerunning.  Test is: /home/travis/build/icyphy/ptII/ptolemy/actor/lib/jjs/test/auto/JavaScriptArray.xml
Done sleeping
----------------- Instantiating /home/travis/build/icyphy/ptII/ptolemy/actor/lib/jjs/test/auto/JavaScriptArray.xml
921 ms. Memory: 1763840K Free: 1472380K (83%)
----------------- Invoking toplevel() on ptolemy.moml.MoMLSimpleApplication@2e5a7428
----------------- Done invoking toplevel() on ptolemy.moml.MoMLSimpleApplication@2e5a7428
reloadAllAccessors: .JavaScriptArray
----------------- testing Thu May 10 00:13:34 UTC 2018 /home/travis/build/icyphy/ptII/ptolemy/actor/lib/jjs/test/auto/JavaScriptArray2.xml
----------------- Thu May 10 00:13:34 UTC 2018 About to sleep for 5.0 seconds before running or rerunning.  Test is: /home/travis/build/icyphy/ptII/ptolemy/actor/lib/jjs/test/auto/JavaScriptArray2.xml
Done sleeping
----------------- Instantiating /home/travis/build/icyphy/ptII/ptolemy/actor/lib/jjs/test/auto/JavaScriptArray2.xml
673 ms. Memory: 1763840K Free: 1158847K (66%)
----------------- Invoking toplevel() on ptolemy.moml.MoMLSimpleApplication@20324ef4
----------------- Done invoking toplevel() on ptolemy.moml.MoMLSimpleApplication@20324ef4
reloadAllAccessors: .JavaScriptArray2
----------------- testing Thu May 10 00:13:40 UTC 2018 /home/travis/build/icyphy/ptII/ptolemy/actor/lib/jjs/test/auto/JavaScriptBooleanToken.xml
----------------- Thu May 10 00:13:40 UTC 2018 About to sleep for 5.0 seconds before running or rerunning.  Test is: /home/travis/build/icyphy/ptII/ptolemy/actor/lib/jjs/test/auto/JavaScriptBooleanToken.xml
Done sleeping
----------------- Instantiating /home/travis/build/icyphy/ptII/ptolemy/actor/lib/jjs/test/auto/JavaScriptBooleanToken.xml
913 ms. Memory: 1763840K Free: 850141K (48%)
----------------- Invoking toplevel() on ptolemy.moml.MoMLSimpleApplication@7b6f9f9e
----------------- Done invoking toplevel() on ptolemy.moml.MoMLSimpleApplication@7b6f9f9e
reloadAllAccessors: .JavaScriptBooleanToken
----------------- testing Thu May 10 00:13:46 UTC 2018 /home/travis/build/icyphy/ptII/ptolemy/actor/lib/jjs/test/auto/JavaScriptBuildPtolemyModel.xml
----------------- Thu May 10 00:13:46 UTC 2018 About to sleep for 5.0 seconds before running or rerunning.  Test is: /home/travis/build/icyphy/ptII/ptolemy/actor/lib/jjs/test/auto/JavaScriptBuildPtolemyModel.xml
Done sleeping
----------------- Instantiating /home/travis/build/icyphy/ptII/ptolemy/actor/lib/jjs/test/auto/JavaScriptBuildPtolemyModel.xml
0
1
2
3
4
5
6
7
8
9
5 ms. Memory: 1763840K Free: 541350K (31%)
698 ms. Memory: 1763840K Free: 541350K (31%)
----------------- Invoking toplevel() on ptolemy.moml.MoMLSimpleApplication@4016eaf9
----------------- Done invoking toplevel() on ptolemy.moml.MoMLSimpleApplication@4016eaf9
reloadAllAccessors: .JavaScriptBuildPtolemyModel
----------------- testing Thu May 10 00:13:52 UTC 2018 /home/travis/build/icyphy/ptII/ptolemy/actor/lib/jjs/test/auto/JavaScriptBuildPtolemyModelAndSend.xml
----------------- Thu May 10 00:13:52 UTC 2018 About to sleep for 5.0 seconds before running or rerunning.  Test is: /home/travis/build/icyphy/ptII/ptolemy/actor/lib/jjs/test/auto/JavaScriptBuildPtolemyModelAndSend.xml
Done sleeping
----------------- Instantiating /home/travis/build/icyphy/ptII/ptolemy/actor/lib/jjs/test/auto/JavaScriptBuildPtolemyModelAndSend.xml
740 ms. Memory: 1763840K Free: 232605K (13%)
----------------- Invoking toplevel() on ptolemy.moml.MoMLSimpleApplication@462143bc
----------------- Done invoking toplevel() on ptolemy.moml.MoMLSimpleApplication@462143bc
reloadAllAccessors: .JavaScriptBuildPtolemyModelAndSend
----------------- testing Thu May 10 00:13:59 UTC 2018 /home/travis/build/icyphy/ptII/ptolemy/actor/lib/jjs/test/auto/JavaScriptBuildPtolemyModelAndSendAndReceive.xml
----------------- Thu May 10 00:13:59 UTC 2018 About to sleep for 5.0 seconds before running or rerunning.  Test is: /home/travis/build/icyphy/ptII/ptolemy/actor/lib/jjs/test/auto/JavaScriptBuildPtolemyModelAndSendAndReceive.xml
Done sleeping
----------------- Instantiating /home/travis/build/icyphy/ptII/ptolemy/actor/lib/jjs/test/auto/JavaScriptBuildPtolemyModelAndSendAndReceive.xml
0
1
2
3
4
5
6
7
8
9
5 ms. Memory: 1767936K Free: 1167064K (66%)
1608 ms. Memory: 1767936K Free: 1167064K (66%)
----------------- Invoking toplevel() on ptolemy.moml.MoMLSimpleApplication@752826cc
----------------- Done invoking toplevel() on ptolemy.moml.MoMLSimpleApplication@752826cc
reloadAllAccessors: .JavaScriptBuildPtolemyModelAndSendAndReceive
----------------- testing Thu May 10 00:14:07 UTC 2018 /home/travis/build/icyphy/ptII/ptolemy/actor/lib/jjs/test/auto/JavaScriptCount.xml
----------------- Thu May 10 00:14:07 UTC 2018 About to sleep for 5.0 seconds before running or rerunning.  Test is: /home/travis/build/icyphy/ptII/ptolemy/actor/lib/jjs/test/auto/JavaScriptCount.xml
Done sleeping
----------------- Instantiating /home/travis/build/icyphy/ptII/ptolemy/actor/lib/jjs/test/auto/JavaScriptCount.xml
789 ms. Memory: 1767936K Free: 861270K (49%)
----------------- Invoking toplevel() on ptolemy.moml.MoMLSimpleApplication@424e019c
----------------- Done invoking toplevel() on ptolemy.moml.MoMLSimpleApplication@424e019c
reloadAllAccessors: .JavaScriptCount
----------------- testing Thu May 10 00:14:13 UTC 2018 /home/travis/build/icyphy/ptII/ptolemy/actor/lib/jjs/test/auto/JavaScriptDoubleToken.xml
----------------- Thu May 10 00:14:13 UTC 2018 About to sleep for 5.0 seconds before running or rerunning.  Test is: /home/travis/build/icyphy/ptII/ptolemy/actor/lib/jjs/test/auto/JavaScriptDoubleToken.xml
Done sleeping
----------------- Instantiating /home/travis/build/icyphy/ptII/ptolemy/actor/lib/jjs/test/auto/JavaScriptDoubleToken.xml
745 ms. Memory: 1767936K Free: 545919K (31%)
----------------- Invoking toplevel() on ptolemy.moml.MoMLSimpleApplication@10a839ca
----------------- Done invoking toplevel() on ptolemy.moml.MoMLSimpleApplication@10a839ca
reloadAllAccessors: .JavaScriptDoubleToken
----------------- testing Thu May 10 00:14:19 UTC 2018 /home/travis/build/icyphy/ptII/ptolemy/actor/lib/jjs/test/auto/JavaScriptErrorOutput.xml
----------------- Thu May 10 00:14:19 UTC 2018 About to sleep for 5.0 seconds before running or rerunning.  Test is: /home/travis/build/icyphy/ptII/ptolemy/actor/lib/jjs/test/auto/JavaScriptErrorOutput.xml
Done sleeping
----------------- Instantiating /home/travis/build/icyphy/ptII/ptolemy/actor/lib/jjs/test/auto/JavaScriptErrorOutput.xml
811 ms. Memory: 1776128K Free: 1582645K (89%)
----------------- Invoking toplevel() on ptolemy.moml.MoMLSimpleApplication@3ecd461a
----------------- Done invoking toplevel() on ptolemy.moml.MoMLSimpleApplication@3ecd461a
reloadAllAccessors: .JavaScriptErrorOutput
----------------- testing Thu May 10 00:14:25 UTC 2018 /home/travis/build/icyphy/ptII/ptolemy/actor/lib/jjs/test/auto/JavaScriptFactorial.xml
----------------- Thu May 10 00:14:25 UTC 2018 About to sleep for 5.0 seconds before running or rerunning.  Test is: /home/travis/build/icyphy/ptII/ptolemy/actor/lib/jjs/test/auto/JavaScriptFactorial.xml
Done sleeping
----------------- Instantiating /home/travis/build/icyphy/ptII/ptolemy/actor/lib/jjs/test/auto/JavaScriptFactorial.xml
819 ms. Memory: 1776128K Free: 1261191K (71%)
----------------- Invoking toplevel() on ptolemy.moml.MoMLSimpleApplication@176831e5
----------------- Done invoking toplevel() on ptolemy.moml.MoMLSimpleApplication@176831e5
reloadAllAccessors: .JavaScriptFactorial
----------------- testing Thu May 10 00:14:31 UTC 2018 /home/travis/build/icyphy/ptII/ptolemy/actor/lib/jjs/test/auto/JavaScriptInputHandler1.xml
----------------- Thu May 10 00:14:31 UTC 2018 About to sleep for 5.0 seconds before running or rerunning.  Test is: /home/travis/build/icyphy/ptII/ptolemy/actor/lib/jjs/test/auto/JavaScriptInputHandler1.xml
Done sleeping
----------------- Instantiating /home/travis/build/icyphy/ptII/ptolemy/actor/lib/jjs/test/auto/JavaScriptInputHandler1.xml
607 ms. Memory: 1776128K Free: 952326K (54%)
----------------- Invoking toplevel() on ptolemy.moml.MoMLSimpleApplication@54ddc579
----------------- Done invoking toplevel() on ptolemy.moml.MoMLSimpleApplication@54ddc579
reloadAllAccessors: .JavaScriptInputHandler1
----------------- testing Thu May 10 00:14:37 UTC 2018 /home/travis/build/icyphy/ptII/ptolemy/actor/lib/jjs/test/auto/JavaScriptInputHandler2.xml
----------------- Thu May 10 00:14:37 UTC 2018 About to sleep for 5.0 seconds before running or rerunning.  Test is: /home/travis/build/icyphy/ptII/ptolemy/actor/lib/jjs/test/auto/JavaScriptInputHandler2.xml
Done sleeping
----------------- Instantiating /home/travis/build/icyphy/ptII/ptolemy/actor/lib/jjs/test/auto/JavaScriptInputHandler2.xml
652 ms. Memory: 1776128K Free: 636631K (36%)
----------------- Invoking toplevel() on ptolemy.moml.MoMLSimpleApplication@f7346b9
----------------- Done invoking toplevel() on ptolemy.moml.MoMLSimpleApplication@f7346b9
reloadAllAccessors: .JavaScriptInputHandler2
----------------- testing Thu May 10 00:14:43 UTC 2018 /home/travis/build/icyphy/ptII/ptolemy/actor/lib/jjs/test/auto/JavaScriptInputHandler3.xml
----------------- Thu May 10 00:14:43 UTC 2018 About to sleep for 5.0 seconds before running or rerunning.  Test is: /home/travis/build/icyphy/ptII/ptolemy/actor/lib/jjs/test/auto/JavaScriptInputHandler3.xml
Done sleeping
----------------- Instantiating /home/travis/build/icyphy/ptII/ptolemy/actor/lib/jjs/test/auto/JavaScriptInputHandler3.xml
904 ms. Memory: 1776128K Free: 314189K (18%)
----------------- Invoking toplevel() on ptolemy.moml.MoMLSimpleApplication@4290cf22
----------------- Done invoking toplevel() on ptolemy.moml.MoMLSimpleApplication@4290cf22
reloadAllAccessors: .JavaScriptInputHandler3
----------------- testing Thu May 10 00:14:50 UTC 2018 /home/travis/build/icyphy/ptII/ptolemy/actor/lib/jjs/test/auto/JavaScriptIntToken.xml
----------------- Thu May 10 00:14:50 UTC 2018 About to sleep for 5.0 seconds before running or rerunning.  Test is: /home/travis/build/icyphy/ptII/ptolemy/actor/lib/jjs/test/auto/JavaScriptIntToken.xml
Done sleeping
----------------- Instantiating /home/travis/build/icyphy/ptII/ptolemy/actor/lib/jjs/test/auto/JavaScriptIntToken.xml
723 ms. Memory: 1755136K Free: 1481106K (84%)
----------------- Invoking toplevel() on ptolemy.moml.MoMLSimpleApplication@23a1c160
----------------- Done invoking toplevel() on ptolemy.moml.MoMLSimpleApplication@23a1c160
reloadAllAccessors: .JavaScriptIntToken
----------------- testing Thu May 10 00:14:56 UTC 2018 /home/travis/build/icyphy/ptII/ptolemy/actor/lib/jjs/test/auto/JavaScriptLongToken.xml
----------------- Thu May 10 00:14:56 UTC 2018 About to sleep for 5.0 seconds before running or rerunning.  Test is: /home/travis/build/icyphy/ptII/ptolemy/actor/lib/jjs/test/auto/JavaScriptLongToken.xml
Done sleeping
----------------- Instantiating /home/travis/build/icyphy/ptII/ptolemy/actor/lib/jjs/test/auto/JavaScriptLongToken.xml
1007 ms. Memory: 1755136K Free: 1163758K (66%)
----------------- Invoking toplevel() on ptolemy.moml.MoMLSimpleApplication@746253a5
----------------- Done invoking toplevel() on ptolemy.moml.MoMLSimpleApplication@746253a5
reloadAllAccessors: .JavaScriptLongToken
----------------- testing Thu May 10 00:15:03 UTC 2018 /home/travis/build/icyphy/ptII/ptolemy/actor/lib/jjs/test/auto/JavaScriptLongToken2.xml
----------------- Thu May 10 00:15:03 UTC 2018 About to sleep for 5.0 seconds before running or rerunning.  Test is: /home/travis/build/icyphy/ptII/ptolemy/actor/lib/jjs/test/auto/JavaScriptLongToken2.xml
Done sleeping
----------------- Instantiating /home/travis/build/icyphy/ptII/ptolemy/actor/lib/jjs/test/auto/JavaScriptLongToken2.xml
1614 ms. Memory: 1755136K Free: 556659K (32%)
----------------- Invoking toplevel() on ptolemy.moml.MoMLSimpleApplication@38a47d46
----------------- Done invoking toplevel() on ptolemy.moml.MoMLSimpleApplication@38a47d46
reloadAllAccessors: .JavaScriptLongToken2
----------------- testing Thu May 10 00:15:10 UTC 2018 /home/travis/build/icyphy/ptII/ptolemy/actor/lib/jjs/test/auto/JavaScriptReadParameter.xml
----------------- Thu May 10 00:15:10 UTC 2018 About to sleep for 5.0 seconds before running or rerunning.  Test is: /home/travis/build/icyphy/ptII/ptolemy/actor/lib/jjs/test/auto/JavaScriptReadParameter.xml
Done sleeping
----------------- Instantiating /home/travis/build/icyphy/ptII/ptolemy/actor/lib/jjs/test/auto/JavaScriptReadParameter.xml
850 ms. Memory: 1799680K Free: 1580320K (88%)
----------------- Invoking toplevel() on ptolemy.moml.MoMLSimpleApplication@69ce64ee
----------------- Done invoking toplevel() on ptolemy.moml.MoMLSimpleApplication@69ce64ee
reloadAllAccessors: .JavaScriptReadParameter
----------------- testing Thu May 10 00:15:17 UTC 2018 /home/travis/build/icyphy/ptII/ptolemy/actor/lib/jjs/test/auto/JavaScriptReceiveDate.xml
----------------- Thu May 10 00:15:17 UTC 2018 About to sleep for 5.0 seconds before running or rerunning.  Test is: /home/travis/build/icyphy/ptII/ptolemy/actor/lib/jjs/test/auto/JavaScriptReceiveDate.xml
Done sleeping
----------------- Instantiating /home/travis/build/icyphy/ptII/ptolemy/actor/lib/jjs/test/auto/JavaScriptReceiveDate.xml
JavaScript: localFunctions.js: convertToToken(Tue Jan 01 1957 00:00:00 GMT+0000 (UTC), -410227200000, Tue Jan 01 1957 00:00:00 GMT+0000 (UTC) (Thread[JavaScriptReceiveDate,1,main])
718 ms. Memory: 1799680K Free: 1261047K (70%)
----------------- Invoking toplevel() on ptolemy.moml.MoMLSimpleApplication@61edc1f9
----------------- Done invoking toplevel() on ptolemy.moml.MoMLSimpleApplication@61edc1f9
reloadAllAccessors: .JavaScriptReceiveDate
----------------- testing Thu May 10 00:15:23 UTC 2018 /home/travis/build/icyphy/ptII/ptolemy/actor/lib/jjs/test/auto/JavaScriptRecord.xml
----------------- Thu May 10 00:15:23 UTC 2018 About to sleep for 5.0 seconds before running or rerunning.  Test is: /home/travis/build/icyphy/ptII/ptolemy/actor/lib/jjs/test/auto/JavaScriptRecord.xml
Done sleeping
----------------- Instantiating /home/travis/build/icyphy/ptII/ptolemy/actor/lib/jjs/test/auto/JavaScriptRecord.xml
680 ms. Memory: 1799680K Free: 947511K (53%)
----------------- Invoking toplevel() on ptolemy.moml.MoMLSimpleApplication@7b6d16d3
----------------- Done invoking toplevel() on ptolemy.moml.MoMLSimpleApplication@7b6d16d3
reloadAllAccessors: .JavaScriptRecord
----------------- testing Thu May 10 00:15:29 UTC 2018 /home/travis/build/icyphy/ptII/ptolemy/actor/lib/jjs/test/auto/JavaScriptRecordToken.xml
----------------- Thu May 10 00:15:29 UTC 2018 About to sleep for 5.0 seconds before running or rerunning.  Test is: /home/travis/build/icyphy/ptII/ptolemy/actor/lib/jjs/test/auto/JavaScriptRecordToken.xml
Done sleeping
----------------- Instantiating /home/travis/build/icyphy/ptII/ptolemy/actor/lib/jjs/test/auto/JavaScriptRecordToken.xml
938 ms. Memory: 1799680K Free: 627025K (35%)
----------------- Invoking toplevel() on ptolemy.moml.MoMLSimpleApplication@453c6b3d
----------------- Done invoking toplevel() on ptolemy.moml.MoMLSimpleApplication@453c6b3d
reloadAllAccessors: .JavaScriptRecordToken
----------------- testing Thu May 10 00:15:36 UTC 2018 /home/travis/build/icyphy/ptII/ptolemy/actor/lib/jjs/test/auto/JavaScriptSendArray.xml
----------------- Thu May 10 00:15:36 UTC 2018 About to sleep for 5.0 seconds before running or rerunning.  Test is: /home/travis/build/icyphy/ptII/ptolemy/actor/lib/jjs/test/auto/JavaScriptSendArray.xml
Done sleeping
----------------- Instantiating /home/travis/build/icyphy/ptII/ptolemy/actor/lib/jjs/test/auto/JavaScriptSendArray.xml
711 ms. Memory: 1799680K Free: 327334K (18%)
----------------- Invoking toplevel() on ptolemy.moml.MoMLSimpleApplication@4334fd1d
----------------- Done invoking toplevel() on ptolemy.moml.MoMLSimpleApplication@4334fd1d
reloadAllAccessors: .JavaScriptSendArray
----------------- testing Thu May 10 00:15:42 UTC 2018 /home/travis/build/icyphy/ptII/ptolemy/actor/lib/jjs/test/auto/JavaScriptSendArray2.xml
----------------- Thu May 10 00:15:42 UTC 2018 About to sleep for 5.0 seconds before running or rerunning.  Test is: /home/travis/build/icyphy/ptII/ptolemy/actor/lib/jjs/test/auto/JavaScriptSendArray2.xml
Done sleeping
----------------- Instantiating /home/travis/build/icyphy/ptII/ptolemy/actor/lib/jjs/test/auto/JavaScriptSendArray2.xml
655 ms. Memory: 1757184K Free: 1466645K (83%)
----------------- Invoking toplevel() on ptolemy.moml.MoMLSimpleApplication@20fdf54b
----------------- Done invoking toplevel() on ptolemy.moml.MoMLSimpleApplication@20fdf54b
reloadAllAccessors: .JavaScriptSendArray2
----------------- testing Thu May 10 00:15:48 UTC 2018 /home/travis/build/icyphy/ptII/ptolemy/actor/lib/jjs/test/auto/JavaScriptSendBoolean.xml
----------------- Thu May 10 00:15:48 UTC 2018 About to sleep for 5.0 seconds before running or rerunning.  Test is: /home/travis/build/icyphy/ptII/ptolemy/actor/lib/jjs/test/auto/JavaScriptSendBoolean.xml
Done sleeping
----------------- Instantiating /home/travis/build/icyphy/ptII/ptolemy/actor/lib/jjs/test/auto/JavaScriptSendBoolean.xml
678 ms. Memory: 1757184K Free: 1152345K (66%)
----------------- Invoking toplevel() on ptolemy.moml.MoMLSimpleApplication@42851330
----------------- Done invoking toplevel() on ptolemy.moml.MoMLSimpleApplication@42851330
reloadAllAccessors: .JavaScriptSendBoolean
----------------- testing Thu May 10 00:15:54 UTC 2018 /home/travis/build/icyphy/ptII/ptolemy/actor/lib/jjs/test/auto/JavaScriptSendDate.xml
----------------- Thu May 10 00:15:54 UTC 2018 About to sleep for 5.0 seconds before running or rerunning.  Test is: /home/travis/build/icyphy/ptII/ptolemy/actor/lib/jjs/test/auto/JavaScriptSendDate.xml
Done sleeping
----------------- Instantiating /home/travis/build/icyphy/ptII/ptolemy/actor/lib/jjs/test/auto/JavaScriptSendDate.xml
JavaScript: localFunctions.js: convertToToken(Thu Nov 13 2014 16:37:14 GMT+0000 (UTC), 1415896634546, Thu Nov 13 2014 16:37:14 GMT+0000 (UTC) (Thread[JavaScriptSendDate,1,main])
637 ms. Memory: 1757184K Free: 838047K (48%)
----------------- Invoking toplevel() on ptolemy.moml.MoMLSimpleApplication@572b7742
----------------- Done invoking toplevel() on ptolemy.moml.MoMLSimpleApplication@572b7742
reloadAllAccessors: .JavaScriptSendDate
----------------- testing Thu May 10 00:16:00 UTC 2018 /home/travis/build/icyphy/ptII/ptolemy/actor/lib/jjs/test/auto/JavaScriptSendDouble.xml
----------------- Thu May 10 00:16:00 UTC 2018 About to sleep for 5.0 seconds before running or rerunning.  Test is: /home/travis/build/icyphy/ptII/ptolemy/actor/lib/jjs/test/auto/JavaScriptSendDouble.xml
Done sleeping
----------------- Instantiating /home/travis/build/icyphy/ptII/ptolemy/actor/lib/jjs/test/auto/JavaScriptSendDouble.xml
717 ms. Memory: 1757184K Free: 523785K (30%)
----------------- Invoking toplevel() on ptolemy.moml.MoMLSimpleApplication@d624664
----------------- Done invoking toplevel() on ptolemy.moml.MoMLSimpleApplication@d624664
reloadAllAccessors: .JavaScriptSendDouble
----------------- testing Thu May 10 00:16:06 UTC 2018 /home/travis/build/icyphy/ptII/ptolemy/actor/lib/jjs/test/auto/JavaScriptSendInt.xml
----------------- Thu May 10 00:16:06 UTC 2018 About to sleep for 5.0 seconds before running or rerunning.  Test is: /home/travis/build/icyphy/ptII/ptolemy/actor/lib/jjs/test/auto/JavaScriptSendInt.xml
Done sleeping
----------------- Instantiating /home/travis/build/icyphy/ptII/ptolemy/actor/lib/jjs/test/auto/JavaScriptSendInt.xml
789 ms. Memory: 1694720K Free: 1435345K (85%)
----------------- Invoking toplevel() on ptolemy.moml.MoMLSimpleApplication@702b2755
----------------- Done invoking toplevel() on ptolemy.moml.MoMLSimpleApplication@702b2755
reloadAllAccessors: .JavaScriptSendInt
----------------- testing Thu May 10 00:16:12 UTC 2018 /home/travis/build/icyphy/ptII/ptolemy/actor/lib/jjs/test/auto/JavaScriptSendMatrix.xml
----------------- Thu May 10 00:16:12 UTC 2018 About to sleep for 5.0 seconds before running or rerunning.  Test is: /home/travis/build/icyphy/ptII/ptolemy/actor/lib/jjs/test/auto/JavaScriptSendMatrix.xml
Done sleeping
----------------- Instantiating /home/travis/build/icyphy/ptII/ptolemy/actor/lib/jjs/test/auto/JavaScriptSendMatrix.xml
749 ms. Memory: 1694720K Free: 1125597K (66%)
----------------- Invoking toplevel() on ptolemy.moml.MoMLSimpleApplication@a905cc8
----------------- Done invoking toplevel() on ptolemy.moml.MoMLSimpleApplication@a905cc8
reloadAllAccessors: .JavaScriptSendMatrix
----------------- testing Thu May 10 00:16:19 UTC 2018 /home/travis/build/icyphy/ptII/ptolemy/actor/lib/jjs/test/auto/JavaScriptSendNativeArray.xml
----------------- Thu May 10 00:16:19 UTC 2018 About to sleep for 5.0 seconds before running or rerunning.  Test is: /home/travis/build/icyphy/ptII/ptolemy/actor/lib/jjs/test/auto/JavaScriptSendNativeArray.xml
Done sleeping
----------------- Instantiating /home/travis/build/icyphy/ptII/ptolemy/actor/lib/jjs/test/auto/JavaScriptSendNativeArray.xml
1710 ms. Memory: 1694720K Free: 517235K (31%)
----------------- Invoking toplevel() on ptolemy.moml.MoMLSimpleApplication@4641387f
----------------- Done invoking toplevel() on ptolemy.moml.MoMLSimpleApplication@4641387f
reloadAllAccessors: .JavaScriptSendNativeArray
----------------- testing Thu May 10 00:16:26 UTC 2018 /home/travis/build/icyphy/ptII/ptolemy/actor/lib/jjs/test/auto/JavaScriptSendNativeObject.xml
----------------- Thu May 10 00:16:26 UTC 2018 About to sleep for 5.0 seconds before running or rerunning.  Test is: /home/travis/build/icyphy/ptII/ptolemy/actor/lib/jjs/test/auto/JavaScriptSendNativeObject.xml
Done sleeping
----------------- Instantiating /home/travis/build/icyphy/ptII/ptolemy/actor/lib/jjs/test/auto/JavaScriptSendNativeObject.xml
1631 ms. Memory: 1755648K Free: 1195697K (68%)
----------------- Invoking toplevel() on ptolemy.moml.MoMLSimpleApplication@5722c55e
----------------- Done invoking toplevel() on ptolemy.moml.MoMLSimpleApplication@5722c55e
reloadAllAccessors: .JavaScriptSendNativeObject
----------------- testing Thu May 10 00:16:34 UTC 2018 /home/travis/build/icyphy/ptII/ptolemy/actor/lib/jjs/test/auto/JavaScriptSendNull.xml
----------------- Thu May 10 00:16:34 UTC 2018 About to sleep for 5.0 seconds before running or rerunning.  Test is: /home/travis/build/icyphy/ptII/ptolemy/actor/lib/jjs/test/auto/JavaScriptSendNull.xml
Done sleeping
----------------- Instantiating /home/travis/build/icyphy/ptII/ptolemy/actor/lib/jjs/test/auto/JavaScriptSendNull.xml
733 ms. Memory: 1755648K Free: 885975K (50%)
----------------- Invoking toplevel() on ptolemy.moml.MoMLSimpleApplication@433cfcda
----------------- Done invoking toplevel() on ptolemy.moml.MoMLSimpleApplication@433cfcda
reloadAllAccessors: .JavaScriptSendNull
----------------- testing Thu May 10 00:16:40 UTC 2018 /home/travis/build/icyphy/ptII/ptolemy/actor/lib/jjs/test/auto/JavaScriptSendNullToInput.xml
----------------- Thu May 10 00:16:40 UTC 2018 About to sleep for 5.0 seconds before running or rerunning.  Test is: /home/travis/build/icyphy/ptII/ptolemy/actor/lib/jjs/test/auto/JavaScriptSendNullToInput.xml
Done sleeping
----------------- Instantiating /home/travis/build/icyphy/ptII/ptolemy/actor/lib/jjs/test/auto/JavaScriptSendNullToInput.xml
2665 ms. Memory: 1755648K Free: 575141K (33%)
----------------- Invoking toplevel() on ptolemy.moml.MoMLSimpleApplication@17694ab
----------------- Done invoking toplevel() on ptolemy.moml.MoMLSimpleApplication@17694ab
reloadAllAccessors: .JavaScriptSendNullToInput
----------------- testing Thu May 10 00:16:48 UTC 2018 /home/travis/build/icyphy/ptII/ptolemy/actor/lib/jjs/test/auto/JavaScriptSendRecord.xml
----------------- Thu May 10 00:16:48 UTC 2018 About to sleep for 5.0 seconds before running or rerunning.  Test is: /home/travis/build/icyphy/ptII/ptolemy/actor/lib/jjs/test/auto/JavaScriptSendRecord.xml
Done sleeping
----------------- Instantiating /home/travis/build/icyphy/ptII/ptolemy/actor/lib/jjs/test/auto/JavaScriptSendRecord.xml
696 ms. Memory: 1755648K Free: 270909K (15%)
----------------- Invoking toplevel() on ptolemy.moml.MoMLSimpleApplication@1a242c56
----------------- Done invoking toplevel() on ptolemy.moml.MoMLSimpleApplication@1a242c56
reloadAllAccessors: .JavaScriptSendRecord
----------------- testing Thu May 10 00:16:54 UTC 2018 /home/travis/build/icyphy/ptII/ptolemy/actor/lib/jjs/test/auto/JavaScriptSendRecord2.xml
----------------- Thu May 10 00:16:54 UTC 2018 About to sleep for 5.0 seconds before running or rerunning.  Test is: /home/travis/build/icyphy/ptII/ptolemy/actor/lib/jjs/test/auto/JavaScriptSendRecord2.xml
Done sleeping
----------------- Instantiating /home/travis/build/icyphy/ptII/ptolemy/actor/lib/jjs/test/auto/JavaScriptSendRecord2.xml
657 ms. Memory: 1835520K Free: 1556628K (85%)
----------------- Invoking toplevel() on ptolemy.moml.MoMLSimpleApplication@691efa13
----------------- Done invoking toplevel() on ptolemy.moml.MoMLSimpleApplication@691efa13
reloadAllAccessors: .JavaScriptSendRecord2
----------------- testing Thu May 10 00:17:00 UTC 2018 /home/travis/build/icyphy/ptII/ptolemy/actor/lib/jjs/test/auto/JavaScriptSendRecord3.xml
----------------- Thu May 10 00:17:00 UTC 2018 About to sleep for 5.0 seconds before running or rerunning.  Test is: /home/travis/build/icyphy/ptII/ptolemy/actor/lib/jjs/test/auto/JavaScriptSendRecord3.xml
Done sleeping
----------------- Instantiating /home/travis/build/icyphy/ptII/ptolemy/actor/lib/jjs/test/auto/JavaScriptSendRecord3.xml
703 ms. Memory: 1835520K Free: 1242459K (68%)
----------------- Invoking toplevel() on ptolemy.moml.MoMLSimpleApplication@538340a5
----------------- Done invoking toplevel() on ptolemy.moml.MoMLSimpleApplication@538340a5
reloadAllAccessors: .JavaScriptSendRecord3
----------------- testing Thu May 10 00:17:07 UTC 2018 /home/travis/build/icyphy/ptII/ptolemy/actor/lib/jjs/test/auto/JavaScriptSendString.xml
----------------- Thu May 10 00:17:07 UTC 2018 About to sleep for 5.0 seconds before running or rerunning.  Test is: /home/travis/build/icyphy/ptII/ptolemy/actor/lib/jjs/test/auto/JavaScriptSendString.xml
Done sleeping
----------------- Instantiating /home/travis/build/icyphy/ptII/ptolemy/actor/lib/jjs/test/auto/JavaScriptSendString.xml
628 ms. Memory: 1835520K Free: 928296K (51%)
----------------- Invoking toplevel() on ptolemy.moml.MoMLSimpleApplication@729bf584
----------------- Done invoking toplevel() on ptolemy.moml.MoMLSimpleApplication@729bf584
reloadAllAccessors: .JavaScriptSendString
----------------- testing Thu May 10 00:17:13 UTC 2018 /home/travis/build/icyphy/ptII/ptolemy/actor/lib/jjs/test/auto/JavaScriptSendToInput.xml
----------------- Thu May 10 00:17:13 UTC 2018 About to sleep for 5.0 seconds before running or rerunning.  Test is: /home/travis/build/icyphy/ptII/ptolemy/actor/lib/jjs/test/auto/JavaScriptSendToInput.xml
Done sleeping
----------------- Instantiating /home/travis/build/icyphy/ptII/ptolemy/actor/lib/jjs/test/auto/JavaScriptSendToInput.xml
2610 ms. Memory: 1835520K Free: 614233K (33%)
----------------- Invoking toplevel() on ptolemy.moml.MoMLSimpleApplication@35968b9d
----------------- Done invoking toplevel() on ptolemy.moml.MoMLSimpleApplication@35968b9d
reloadAllAccessors: .JavaScriptSendToInput
----------------- testing Thu May 10 00:17:21 UTC 2018 /home/travis/build/icyphy/ptII/ptolemy/actor/lib/jjs/test/auto/JavaScriptSetInterval.xml
----------------- Thu May 10 00:17:21 UTC 2018 About to sleep for 5.0 seconds before running or rerunning.  Test is: /home/travis/build/icyphy/ptII/ptolemy/actor/lib/jjs/test/auto/JavaScriptSetInterval.xml
Done sleeping
----------------- Instantiating /home/travis/build/icyphy/ptII/ptolemy/actor/lib/jjs/test/auto/JavaScriptSetInterval.xml
1449 ms. Memory: 1715712K Free: 1465481K (85%)
----------------- Invoking toplevel() on ptolemy.moml.MoMLSimpleApplication@56a12aed
----------------- Done invoking toplevel() on ptolemy.moml.MoMLSimpleApplication@56a12aed
reloadAllAccessors: .JavaScriptSetInterval
----------------- testing Thu May 10 00:17:27 UTC 2018 /home/travis/build/icyphy/ptII/ptolemy/actor/lib/jjs/test/auto/JavaScriptSetInterval2.xml
----------------- Thu May 10 00:17:27 UTC 2018 About to sleep for 5.0 seconds before running or rerunning.  Test is: /home/travis/build/icyphy/ptII/ptolemy/actor/lib/jjs/test/auto/JavaScriptSetInterval2.xml
Done sleeping
----------------- Instantiating /home/travis/build/icyphy/ptII/ptolemy/actor/lib/jjs/test/auto/JavaScriptSetInterval2.xml
1123 ms. Memory: 1715712K Free: 1155925K (67%)
----------------- Invoking toplevel() on ptolemy.moml.MoMLSimpleApplication@111b2d51
----------------- Done invoking toplevel() on ptolemy.moml.MoMLSimpleApplication@111b2d51
reloadAllAccessors: .JavaScriptSetInterval2
----------------- testing Thu May 10 00:17:34 UTC 2018 /home/travis/build/icyphy/ptII/ptolemy/actor/lib/jjs/test/auto/JavaScriptSetTimeout.xml
----------------- Thu May 10 00:17:34 UTC 2018 About to sleep for 5.0 seconds before running or rerunning.  Test is: /home/travis/build/icyphy/ptII/ptolemy/actor/lib/jjs/test/auto/JavaScriptSetTimeout.xml
Done sleeping
----------------- Instantiating /home/travis/build/icyphy/ptII/ptolemy/actor/lib/jjs/test/auto/JavaScriptSetTimeout.xml
879 ms. Memory: 1715712K Free: 837779K (49%)
----------------- Invoking toplevel() on ptolemy.moml.MoMLSimpleApplication@5eb62f3e
----------------- Done invoking toplevel() on ptolemy.moml.MoMLSimpleApplication@5eb62f3e
reloadAllAccessors: .JavaScriptSetTimeout
----------------- testing Thu May 10 00:17:40 UTC 2018 /home/travis/build/icyphy/ptII/ptolemy/actor/lib/jjs/test/auto/JavaScriptStringToken.xml
----------------- Thu May 10 00:17:40 UTC 2018 About to sleep for 5.0 seconds before running or rerunning.  Test is: /home/travis/build/icyphy/ptII/ptolemy/actor/lib/jjs/test/auto/JavaScriptStringToken.xml
Done sleeping
----------------- Instantiating /home/travis/build/icyphy/ptII/ptolemy/actor/lib/jjs/test/auto/JavaScriptStringToken.xml
824 ms. Memory: 1715712K Free: 520455K (30%)
----------------- Invoking toplevel() on ptolemy.moml.MoMLSimpleApplication@15fc6d8c
----------------- Done invoking toplevel() on ptolemy.moml.MoMLSimpleApplication@15fc6d8c
reloadAllAccessors: .JavaScriptStringToken
----------------- testing Thu May 10 00:17:47 UTC 2018 /home/travis/build/icyphy/ptII/ptolemy/actor/lib/jjs/test/auto/JavaScriptTestAutoInputEtc.xml
----------------- Thu May 10 00:17:47 UTC 2018 About to sleep for 5.0 seconds before running or rerunning.  Test is: /home/travis/build/icyphy/ptII/ptolemy/actor/lib/jjs/test/auto/JavaScriptTestAutoInputEtc.xml
Done sleeping
----------------- Instantiating /home/travis/build/icyphy/ptII/ptolemy/actor/lib/jjs/test/auto/JavaScriptTestAutoInputEtc.xml
2940 ms. Memory: 1651200K Free: 1363611K (83%)
----------------- Invoking toplevel() on ptolemy.moml.MoMLSimpleApplication@5390cfc3
----------------- Done invoking toplevel() on ptolemy.moml.MoMLSimpleApplication@5390cfc3
reloadAllAccessors: .JavaScriptTestAutoInputEtc
----------------- testing Thu May 10 00:17:55 UTC 2018 /home/travis/build/icyphy/ptII/ptolemy/actor/lib/jjs/test/auto/JavaScriptThisActor.xml
----------------- Thu May 10 00:17:55 UTC 2018 About to sleep for 5.0 seconds before running or rerunning.  Test is: /home/travis/build/icyphy/ptII/ptolemy/actor/lib/jjs/test/auto/JavaScriptThisActor.xml
Done sleeping
----------------- Instantiating /home/travis/build/icyphy/ptII/ptolemy/actor/lib/jjs/test/auto/JavaScriptThisActor.xml
863 ms. Memory: 1651200K Free: 1055493K (64%)
----------------- Invoking toplevel() on ptolemy.moml.MoMLSimpleApplication@69fad0f6
----------------- Done invoking toplevel() on ptolemy.moml.MoMLSimpleApplication@69fad0f6
reloadAllAccessors: .JavaScriptThisActor
----------------- testing Thu May 10 00:18:01 UTC 2018 /home/travis/build/icyphy/ptII/ptolemy/actor/lib/jjs/test/auto/JavaScriptTimeout.xml
----------------- Thu May 10 00:18:01 UTC 2018 About to sleep for 5.0 seconds before running or rerunning.  Test is: /home/travis/build/icyphy/ptII/ptolemy/actor/lib/jjs/test/auto/JavaScriptTimeout.xml
Done sleeping
----------------- Instantiating /home/travis/build/icyphy/ptII/ptolemy/actor/lib/jjs/test/auto/JavaScriptTimeout.xml
JavaScript: JavaScriptTimeout: timeout = 100 (Thread[JavaScriptTimeout,1,main])
JavaScript: JavaScriptTimeout: timeout = 100 (Thread[JavaScriptTimeout,1,main])
JavaScript: JavaScriptTimeout: timeout = 100 (Thread[JavaScriptTimeout,1,main])
JavaScript: JavaScriptTimeout: timeout = 100 (Thread[JavaScriptTimeout,1,main])
JavaScript: JavaScriptTimeout: timeout = 100 (Thread[JavaScriptTimeout,1,main])
JavaScript: JavaScriptTimeout: timeout = 100 (Thread[JavaScriptTimeout,1,main])
1150 ms. Memory: 1651200K Free: 746299K (45%)
----------------- Invoking toplevel() on ptolemy.moml.MoMLSimpleApplication@1164336d
----------------- Done invoking toplevel() on ptolemy.moml.MoMLSimpleApplication@1164336d
reloadAllAccessors: .JavaScriptTimeout
----------------- testing Thu May 10 00:18:08 UTC 2018 /home/travis/build/icyphy/ptII/ptolemy/actor/lib/jjs/test/auto/JavaScriptWriteParameter.xml
----------------- Thu May 10 00:18:08 UTC 2018 About to sleep for 5.0 seconds before running or rerunning.  Test is: /home/travis/build/icyphy/ptII/ptolemy/actor/lib/jjs/test/auto/JavaScriptWriteParameter.xml
Done sleeping
----------------- Instantiating /home/travis/build/icyphy/ptII/ptolemy/actor/lib/jjs/test/auto/JavaScriptWriteParameter.xml
653 ms. Memory: 1651200K Free: 424470K (26%)
----------------- Invoking toplevel() on ptolemy.moml.MoMLSimpleApplication@71abbf40
----------------- Done invoking toplevel() on ptolemy.moml.MoMLSimpleApplication@71abbf40
reloadAllAccessors: .JavaScriptWriteParameter
----------------- testing Thu May 10 00:18:14 UTC 2018 /home/travis/build/icyphy/ptII/ptolemy/actor/lib/jjs/test/auto/RampDisplay.xml
----------------- Thu May 10 00:18:14 UTC 2018 About to sleep for 5.0 seconds before running or rerunning.  Test is: /home/travis/build/icyphy/ptII/ptolemy/actor/lib/jjs/test/auto/RampDisplay.xml
Done sleeping
----------------- Instantiating /home/travis/build/icyphy/ptII/ptolemy/actor/lib/jjs/test/auto/RampDisplay.xml
JSAccessor: PT_NO_NET environment variable is set, so git pull and ptdoc are not being run.
TextDisplayHelper: 1
TextDisplayHelper: 2
TextDisplayHelper: 3
TextDisplayHelper: 4
TextDisplayHelper: 5
8017 ms. Memory: 1608192K Free: 498098K (31%)
----------------- Invoking toplevel() on ptolemy.moml.MoMLSimpleApplication@5bed76b7
----------------- Done invoking toplevel() on ptolemy.moml.MoMLSimpleApplication@5bed76b7
reloadAllAccessors: .RampDisplay
This is the first time that the reloadAllAccessors method has been invoked in this JVM, so the the accessors repo will be checked out or updated and JSDoc invoked. Note that running the tests may end up invoking a new JVM for each directory, so the repo may be checked out or updated and JSDoc invoked more than once when the tests are run.
-------------- Reloaded accessors, but skipping rerun for now. Thu May 10 00:18:30 UTC 2018 /home/travis/build/icyphy/ptII/ptolemy/actor/lib/jjs/test/auto/RampDisplay.xml
----------------- testing Thu May 10 00:18:30 UTC 2018 /home/travis/build/icyphy/ptII/ptolemy/actor/lib/jjs/test/auto/SelfBuilder.xml
----------------- Thu May 10 00:18:30 UTC 2018 About to sleep for 5.0 seconds before running or rerunning.  Test is: /home/travis/build/icyphy/ptII/ptolemy/actor/lib/jjs/test/auto/SelfBuilder.xml
Done sleeping
----------------- Instantiating /home/travis/build/icyphy/ptII/ptolemy/actor/lib/jjs/test/auto/SelfBuilder.xml
696 ms. Memory: 1672704K Free: 1127018K (67%)
----------------- Invoking toplevel() on ptolemy.moml.MoMLSimpleApplication@275b6258
----------------- Done invoking toplevel() on ptolemy.moml.MoMLSimpleApplication@275b6258
reloadAllAccessors: .SelfBuilder
----------------- testing Thu May 10 00:18:36 UTC 2018 /home/travis/build/icyphy/ptII/ptolemy/actor/lib/jjs/test/auto/SelfBuilder10.xml
----------------- Thu May 10 00:18:36 UTC 2018 About to sleep for 5.0 seconds before running or rerunning.  Test is: /home/travis/build/icyphy/ptII/ptolemy/actor/lib/jjs/test/auto/SelfBuilder10.xml
Done sleeping
----------------- Instantiating /home/travis/build/icyphy/ptII/ptolemy/actor/lib/jjs/test/auto/SelfBuilder10.xml
806 ms. Memory: 1672704K Free: 804094K (48%)
----------------- Invoking toplevel() on ptolemy.moml.MoMLSimpleApplication@16dcf74c
----------------- Done invoking toplevel() on ptolemy.moml.MoMLSimpleApplication@16dcf74c
reloadAllAccessors: .SelfBuilder10
----------------- testing Thu May 10 00:18:42 UTC 2018 /home/travis/build/icyphy/ptII/ptolemy/actor/lib/jjs/test/auto/SelfBuilder2.xml
----------------- Thu May 10 00:18:42 UTC 2018 About to sleep for 5.0 seconds before running or rerunning.  Test is: /home/travis/build/icyphy/ptII/ptolemy/actor/lib/jjs/test/auto/SelfBuilder2.xml
Done sleeping
----------------- Instantiating /home/travis/build/icyphy/ptII/ptolemy/actor/lib/jjs/test/auto/SelfBuilder2.xml
659 ms. Memory: 1672704K Free: 493319K (29%)
----------------- Invoking toplevel() on ptolemy.moml.MoMLSimpleApplication@2cd6962b
----------------- Done invoking toplevel() on ptolemy.moml.MoMLSimpleApplication@2cd6962b
reloadAllAccessors: .SelfBuilder2
----------------- testing Thu May 10 00:18:48 UTC 2018 /home/travis/build/icyphy/ptII/ptolemy/actor/lib/jjs/test/auto/SelfBuilder3.xml
----------------- Thu May 10 00:18:48 UTC 2018 About to sleep for 5.0 seconds before running or rerunning.  Test is: /home/travis/build/icyphy/ptII/ptolemy/actor/lib/jjs/test/auto/SelfBuilder3.xml
Done sleeping
----------------- Instantiating /home/travis/build/icyphy/ptII/ptolemy/actor/lib/jjs/test/auto/SelfBuilder3.xml
778 ms. Memory: 1563136K Free: 1203581K (77%)
----------------- Invoking toplevel() on ptolemy.moml.MoMLSimpleApplication@1eb35e24
----------------- Done invoking toplevel() on ptolemy.moml.MoMLSimpleApplication@1eb35e24
reloadAllAccessors: .SelfBuilder3
----------------- testing Thu May 10 00:18:55 UTC 2018 /home/travis/build/icyphy/ptII/ptolemy/actor/lib/jjs/test/auto/SelfBuilder4.xml
----------------- Thu May 10 00:18:55 UTC 2018 About to sleep for 5.0 seconds before running or rerunning.  Test is: /home/travis/build/icyphy/ptII/ptolemy/actor/lib/jjs/test/auto/SelfBuilder4.xml
Done sleeping
----------------- Instantiating /home/travis/build/icyphy/ptII/ptolemy/actor/lib/jjs/test/auto/SelfBuilder4.xml
648 ms. Memory: 1563136K Free: 884955K (57%)
----------------- Invoking toplevel() on ptolemy.moml.MoMLSimpleApplication@66a0c94c
----------------- Done invoking toplevel() on ptolemy.moml.MoMLSimpleApplication@66a0c94c
reloadAllAccessors: .SelfBuilder4
----------------- testing Thu May 10 00:19:01 UTC 2018 /home/travis/build/icyphy/ptII/ptolemy/actor/lib/jjs/test/auto/SelfBuilder5.xml
----------------- Thu May 10 00:19:01 UTC 2018 About to sleep for 5.0 seconds before running or rerunning.  Test is: /home/travis/build/icyphy/ptII/ptolemy/actor/lib/jjs/test/auto/SelfBuilder5.xml
Done sleeping
----------------- Instantiating /home/travis/build/icyphy/ptII/ptolemy/actor/lib/jjs/test/auto/SelfBuilder5.xml
702 ms. Memory: 1563136K Free: 559175K (36%)
----------------- Invoking toplevel() on ptolemy.moml.MoMLSimpleApplication@51962e3e
----------------- Done invoking toplevel() on ptolemy.moml.MoMLSimpleApplication@51962e3e
reloadAllAccessors: .SelfBuilder5
----------------- testing Thu May 10 00:19:07 UTC 2018 /home/travis/build/icyphy/ptII/ptolemy/actor/lib/jjs/test/auto/SelfBuilder6.xml
----------------- Thu May 10 00:19:07 UTC 2018 About to sleep for 5.0 seconds before running or rerunning.  Test is: /home/travis/build/icyphy/ptII/ptolemy/actor/lib/jjs/test/auto/SelfBuilder6.xml
Done sleeping
----------------- Instantiating /home/travis/build/icyphy/ptII/ptolemy/actor/lib/jjs/test/auto/SelfBuilder6.xml
803 ms. Memory: 1563136K Free: 233250K (15%)
----------------- Invoking toplevel() on ptolemy.moml.MoMLSimpleApplication@eb8de41
----------------- Done invoking toplevel() on ptolemy.moml.MoMLSimpleApplication@eb8de41
reloadAllAccessors: .SelfBuilder6
----------------- testing Thu May 10 00:19:13 UTC 2018 /home/travis/build/icyphy/ptII/ptolemy/actor/lib/jjs/test/auto/SelfBuilder7.xml
----------------- Thu May 10 00:19:13 UTC 2018 About to sleep for 5.0 seconds before running or rerunning.  Test is: /home/travis/build/icyphy/ptII/ptolemy/actor/lib/jjs/test/auto/SelfBuilder7.xml
Done sleeping
----------------- Instantiating /home/travis/build/icyphy/ptII/ptolemy/actor/lib/jjs/test/auto/SelfBuilder7.xml
725 ms. Memory: 1495552K Free: 1198478K (80%)
----------------- Invoking toplevel() on ptolemy.moml.MoMLSimpleApplication@729c1020
----------------- Done invoking toplevel() on ptolemy.moml.MoMLSimpleApplication@729c1020
reloadAllAccessors: .SelfBuilder7
----------------- testing Thu May 10 00:19:19 UTC 2018 /home/travis/build/icyphy/ptII/ptolemy/actor/lib/jjs/test/auto/SelfBuilder8.xml
----------------- Thu May 10 00:19:19 UTC 2018 About to sleep for 5.0 seconds before running or rerunning.  Test is: /home/travis/build/icyphy/ptII/ptolemy/actor/lib/jjs/test/auto/SelfBuilder8.xml
Done sleeping
----------------- Instantiating /home/travis/build/icyphy/ptII/ptolemy/actor/lib/jjs/test/auto/SelfBuilder8.xml
741 ms. Memory: 1495552K Free: 881457K (59%)
----------------- Invoking toplevel() on ptolemy.moml.MoMLSimpleApplication@1d832d9b
----------------- Done invoking toplevel() on ptolemy.moml.MoMLSimpleApplication@1d832d9b
reloadAllAccessors: .SelfBuilder8
----------------- testing Thu May 10 00:19:26 UTC 2018 /home/travis/build/icyphy/ptII/ptolemy/actor/lib/jjs/test/auto/SelfBuilder9.xml
----------------- Thu May 10 00:19:26 UTC 2018 About to sleep for 5.0 seconds before running or rerunning.  Test is: /home/travis/build/icyphy/ptII/ptolemy/actor/lib/jjs/test/auto/SelfBuilder9.xml
Done sleeping
----------------- Instantiating /home/travis/build/icyphy/ptII/ptolemy/actor/lib/jjs/test/auto/SelfBuilder9.xml
721 ms. Memory: 1495552K Free: 564450K (38%)
----------------- Invoking toplevel() on ptolemy.moml.MoMLSimpleApplication@240d670
----------------- Done invoking toplevel() on ptolemy.moml.MoMLSimpleApplication@240d670
reloadAllAccessors: .SelfBuilder9
AutoTests.java: About to close Vertx.
AutoTests.java: Vertx closed.
]]></system-out>
  <system-err><![CDATA[WARNING: JavaScript: Model stopped before executing actions (e.g. producing outputs) scheduled for execution at times [0.8]
WARNING: JavaScript: Model stopped before executing actions (e.g. producing outputs) scheduled for execution at times [0.6]
WARNING: TestSpontaneous: Model stopped before executing actions (e.g. producing outputs) scheduled for execution at times [6.0]
]]></system-err>
</testsuite>
