<?xml version="1.0" encoding="UTF-8" ?>
<testsuite errors="0" failures="0" hostname="travis-job-0ac411dd-e270-44af-aabc-5a9dd93f1801" name="ptolemy.actor.lib.jjs.test.junit.JUnitTclTest" skipped="0" tests="94" time="591.095" timestamp="2018-05-23T16:24:19">
  <properties>
    <property name="npm.executable" value="npm" />
    <property name="file.encoding.pkg" value="sun.io" />
    <property name="ptII.mk.exists" value="true" />
    <property name="env.rvm_bin_path" value="/home/travis/.rvm/bin" />
    <property name="java.home" value="/usr/lib/jvm/java-8-oracle/jre" />
    <property name="env.TRAVIS_JOB_NUMBER" value="469.6" />
    <property name="env.DISPLAY" value=":99.0" />
    <property name="java.net.preferIPv4Stack" value="true" />
    <property name="env.SSH_TTY" value="/dev/pts/0" />
    <property name="env.RUN_TESTS" value="true" />
    <property name="timeout.short" value="1000000" />
    <property name="env.TRAVIS_STACK_NODE_ATTRIBUTES" value="/.node-attributes.yml" />
    <property name="junit.formatter" value="xml" />
    <property name="java.endorsed.dirs" value="/usr/lib/jvm/java-8-oracle/jre/lib/endorsed" />
    <property name="env.TRAVIS_SUDO" value="true" />
    <property name="env.LOGNAME" value="travis" />
    <property name="jsdoc.home" value="node_modules/@terraswarm/jsdoc" />
    <property name="debuglevel" value="source,lines,vars" />
    <property name="checkstyle.formatter" value="xml" />
    <property name="bin.vergil.makeable" value="true" />
    <property name="env._system_version" value="14.04" />
    <property name="sun.os.patch.level" value="unknown" />
    <property name="java.vendor.url" value="http://java.oracle.com/" />
    <property name="java.version" value="1.8.0_151" />
    <property name="env.TZ" value="UTC" />
    <property name="env.PT_NO_NET" value="true" />
    <property name="env.TRAVIS_PULL_REQUEST_SHA" value="" />
    <property name="env.TRAVIS_SECURE_ENV_VARS" value="true" />
    <property name="env._system_type" value="Linux" />
    <property name="java.vendor.url.bug" value="http://bugreport.sun.com/bugreport/" />
    <property name="env.SSH_CLIENT" value="10.10.4.40 49524 22" />
    <property name="npmjs-org-is-up" value="true" />
    <property name="env.GEM_HOME" value="/home/travis/.rvm/gems/ruby-2.4.1" />
    <property name="env.HAS_ANTARES_THREE_LITTLE_FRONZIES_BADGE" value="true" />
    <property name="env.PS4" value="+" />
    <property name="ant.project.invoked-targets" value="build,test.capecode3.xml" />
    <property name="env.TRAVIS_PULL_REQUEST_BRANCH" value="" />
    <property name="env.TRAVIS_REPO_SLUG" value="icyphy/ptII" />
    <property name="env.PT_TRAVIS_TEST_CAPECODE3_XML" value="true" />
    <property name="node.in.path" value="true" />
    <property name="java.maxmemory" value="1400m" />
    <property name="env.RUBY_VERSION" value="ruby-2.4.1" />
    <property name="user.name" value="travis" />
    <property name="env.LANG" value="en_US.UTF-8" />
    <property name="sun.io.unicode.encoding" value="UnicodeLittle" />
    <property name="sun.jnu.encoding" value="UTF-8" />
    <property name="java.runtime.name" value="Java(TM) SE Runtime Environment" />
    <property name="usefile" value="false" />
    <property name="return.code" value="0" />
    <property name="junit.single.formatter" value="plain" />
    <property name="env.DYLD_LIBRARY_PATH" value="/home/travis/pthla/certi-tools/lib:" />
    <property name="env.DEBIAN_FRONTEND" value="noninteractive" />
    <property name="env.SSH_CONNECTION" value="10.10.4.40 49524 10.20.0.255 22" />
    <property name="env.MYSQL_UNIX_PORT" value="/var/run/mysqld/mysqld.sock" />
    <property name="env.TRAVIS_ALLOW_FAILURE" value="false" />
    <property name="env.LC_ALL" value="en_US.UTF-8" />
    <property name="java.specification.name" value="Java Platform API Specification" />
    <property name="node.works" value="true" />
    <property name="user.timezone" value="" />
    <property name="path.separator" value=":" />
    <property name="env.PYTHON_CFLAGS" value="-g -fstack-protector --param=ssp-buffer-size=4 -Wformat -Werror=format-security" />
    <property name="timeout.long" value="4000000" />
    <property name="env.CERTI_HOME" value="/home/travis/pthla/certi-tools" />
    <property name="file.encoding" value="UTF-8" />
    <property name="ant.file.ptII" value="/home/travis/build/icyphy/ptII/build.xml" />
    <property name="javadoc.packagenames" value="com.*,diva.*,lbnl.*,org.hlacerti.*,org.json.*,org.ptolemy.*,org.terraswarm.*,ptolemy.*,ptserver.*" />
    <property name="env.TRAVIS_PULL_REQUEST_SLUG" value="" />
    <property name="ant.project.default-target" value="build" />
    <property name="env.GIT_ASKPASS" value="echo" />
    <property name="env.HOME" value="/home/travis" />
    <property name="sun.java.command" value="org.apache.tools.ant.taskdefs.optional.junit.JUnitTestRunner ptolemy.actor.lib.jjs.test.junit.JUnitTclTest skipNonTests=false filtertrace=true haltOnError=false haltOnFailure=false formatter=org.apache.tools.ant.taskdefs.optional.junit.OutErrSummaryJUnitResultFormatter showoutput=true outputtoformatters=true logfailedtests=true threadid=0 logtestlistenerevents=false formatter=org.apache.tools.ant.taskdefs.optional.junit.XMLJUnitResultFormatter,/home/travis/build/icyphy/ptII/reports/junit/TEST-ptolemy.actor.lib.jjs.test.junit.JUnitTclTest.xml crashfile=/home/travis/build/icyphy/ptII/junitvmwatcher1339808477666688722.properties propsfile=/home/travis/build/icyphy/ptII/junit2736535027764037723.properties" />
    <property name="env.MANPATH" value="/home/travis/.nvm/versions/node/v7.10.1/share/man:/home/travis/.kiex/elixirs/elixir-1.4.5/man:/home/travis/.rvm/rubies/ruby-2.4.1/share/man:/usr/local/man:/usr/local/cmake-3.9.2/man:/usr/local/clang-5.0.0/share/man:/usr/local/share/man:/usr/share/man:/home/travis/.rvm/man" />
    <property name="env.COMPOSER_NO_INTERACTION" value="1" />
    <property name="env.JDK_SWITCHER_DEFAULT" value="oraclejdk8" />
    <property name="ant.file" value="/home/travis/build/icyphy/ptII/build.xml" />
    <property name="env.TRAVIS_COMMIT_RANGE" value="fb1c2cbfae5a...311b38842e57" />
    <property name="env._system_name" value="Ubuntu" />
    <property name="timeout" value="2400000" />
    <property name="ptII.classpath.optional.property" value="/home/travis/build/icyphy/ptII/lib/bsh-2.0b4.jar:/home/travis/build/icyphy/ptII/lib/ptCal.jar:/home/travis/build/icyphy/ptII/lib/java_cup.jar:/home/travis/build/icyphy/ptII/lib/saxon8.jar:/home/travis/build/icyphy/ptII/lib/saxon8-dom.jar:/home/travis/build/icyphy/ptII/lib/chic.jar:/home/travis/build/icyphy/ptII/lib/ptcolt.jar:/usr/lib/jvm/java-8-oracle/lib/tools.jar:/usr/lib/eclipse/plugins/org.eclipse.jdt.core_3.8.2.dist.jar:/usr/lib/eclipse/plugins/org.eclipse.core.runtime_3.8.0.dist.jar:/usr/lib/eclipse/plugins/org.eclipse.osgi_3.8.1.dist.jar:/usr/lib/eclipse/plugins/org.eclipse.core.resources_3.8.1.dist.jar:/usr/lib/eclipse/plugins/org.eclipse.equinox.common_3.6.100.dist.jar:/usr/lib/eclipse/plugins/org.eclipse.core.jobs_3.5.200.dist.jar:/usr/lib/eclipse/plugins/org.eclipse.core.contenttype_3.4.200.dist.jar:/usr/lib/eclipse/plugins/org.eclipse.equinox.preferences_3.5.0.dist.jar:/usr/lib/eclipse/plugins/org.eclipse.text_3.5.200.dist.jar:/usr/lib/eclipse/plugins/org.eclipse.ui.workbench_3.8.1.dist.jar:/usr/lib/eclipse/plugins/org.eclipse.jface_3.8.0.dist.jar:/usr/lib/eclipse/plugins/org.eclipse.swt_3.8.2.jar:/usr/lib/eclipse/plugins/org.eclipse.jface.text_3.8.1.dist.jar:/usr/lib/eclipse/plugins/org.eclipse.ui.workbench.texteditor_3.8.0.dist.jar:/usr/lib/eclipse/plugins/org.eclipse.ui.editors_3.8.0.dist.jar:/usr/lib/eclipse/plugins/org.eclipse.core.commands_3.6.1.dist.jar:/usr/lib/eclipse/plugins/org.eclipse.equinox.registry_3.5.200.dist.jar:/usr/lib/eclipse/plugins/org.eclipse.ui.console_3.5.100.dist.jar:/usr/lib/eclipse/plugins/org.eclipse.ui.forms_3.5.200.dist.jar:/usr/lib/eclipse/plugins/org.eclipse.ui.ide_3.8.1.dist.jar:/home/travis/build/icyphy/ptII/vendors/oracle/dbxml.jar:/home/travis/build/icyphy/ptII/vendors/oracle/db.jar:/home/travis/build/icyphy/ptII/vendors/misc/itext/iText.jar:/home/travis/build/icyphy/ptII/lib/g4ltl.jar:/home/travis/build/icyphy/ptII/lib/StructuralCoder.jar:/home/travis/build/icyphy/ptII/lib/org-openide-util.jar:/home/travis/build/icyphy/ptII/lib/org-openide-util-lookup.jar:/home/travis/build/icyphy/ptII/lib/org-netbeans-api-visual.jar:/home/travis/build/icyphy/ptII/vendors/jai-1_1_2_01/lib/jai_core.jar:/home/travis/build/icyphy/ptII/vendors/jai-1_1_2_01/lib/jai_codec.jar:/home/travis/build/icyphy/ptII/lib/jcerti.jar:/home/travis/build/icyphy/ptII/lib/smack.jar:/home/travis/build/icyphy/ptII/lib/smackx.jar:/home/travis/build/icyphy/ptII/lib/jetty-all-8.1.5-v20120716.jar:/home/travis/build/icyphy/ptII/lib/javax.servlet-api-3.0.1.jar:/home/travis/build/icyphy/ptII/lib/javax.mail.jar:/home/travis/build/icyphy/ptII/vendors/JMF-2.1.1e/lib/jmf.jar:/home/travis/build/icyphy/ptII/lib/jna-4.0.0-variadic.jar:/home/travis/build/icyphy/ptII/vendors/misc/joystick/Joystick.jar:/home/travis/build/icyphy/ptII/lib/ptjacl.jar:/home/travis/build/icyphy/ptII/lib/jsoup-1.8.2.jar:/home/travis/build/icyphy/ptII/lib/junit-4.8.2.jar:/home/travis/build/icyphy/ptII/lib/JUnitParams-0.4.0.jar:/home/travis/build/icyphy/ptII/ptolemy/actor/lib/excel/jxl.jar:/home/travis/build/icyphy/ptII/lib/jython.jar:/home/travis/build/icyphy/ptII/lib/kieler.jar:/home/travis/build/icyphy/ptII/vendors/opencv/share/OpenCV/java/opencv-341.jar:/home/travis/build/icyphy/ptII/lib/oscP5.jar:/home/travis/build/icyphy/ptII/lib/nrjavaserial-3.11.0.devel.jar:/usr/share/java/j3dcore.jar:/usr/share/java/j3dutils.jar:/usr/share/java/vecmath.jar:/home/travis/build/icyphy/ptII/ptolemy/distributed/jini/jar/jini-core.jar:/home/travis/build/icyphy/ptII/ptolemy/distributed/jini/jar/jini-ext.jar:/home/travis/build/icyphy/ptII/ptolemy/distributed/jini/jar/sun-util.jar:/home/travis/build/icyphy/ptII/lib/protobuf-java-2.4.1.jar:/home/travis/build/icyphy/ptII/lib/org.eclipse.paho.client.mqttv3.jar:/home/travis/build/icyphy/ptII/ptserver/lib/hessian-4.0.7.jar:/home/travis/build/icyphy/ptII/ptserver/lib/wmqtt.jar:/home/travis/build/icyphy/ptII/lib/mapss.jar:/home/travis/build/icyphy/ptII/ptolemy/actor/ptalon/antlr/antlr.jar:/home/travis/build/icyphy/ptII/lib/JRI.jar:/home/travis/build/icyphy/ptII/lib/commons-lang-2.6.jar:/home/travis/build/icyphy/ptII/lib/commons-logging-1.1.1.jar:/home/travis/build/icyphy/ptII/lib/sootclasses.jar:/home/travis/build/icyphy/ptII/ptolemy/actor/lib/database/mysql-connector-java-5.1.6-bin.jar:/home/travis/build/icyphy/ptII/vendors/misc/sphinx4/sphinx4-data-5prealpha.jar:/home/travis/build/icyphy/ptII/vendors/misc/sphinx4/sphinx4-core-5prealpha.jar:/home/travis/build/icyphy/ptII/lib/PDFRenderer.jar:/home/travis/build/icyphy/ptII/lib/svgSalamander.jar:/home/travis/build/icyphy/ptII/lib/rsyntaxtextarea-2.6.0-SNAPSHOT.jar:/home/travis/build/icyphy/ptII/lib/hazelcast-3.8.2.jar:/home/travis/build/icyphy/ptII/lib/jackson-annotations-2.9.0.jar:/home/travis/build/icyphy/ptII/lib/jackson-core-2.9.3.jar:/home/travis/build/icyphy/ptII/lib/jackson-databind-2.9.3.jar:/home/travis/build/icyphy/ptII/lib/netty-buffer-4.1.19.Final.jar:/home/travis/build/icyphy/ptII/lib/netty-codec-4.1.19.Final.jar:/home/travis/build/icyphy/ptII/lib/netty-codec-dns-4.1.19.Final.jar:/home/travis/build/icyphy/ptII/lib/netty-codec-http-4.1.19.Final.jar:/home/travis/build/icyphy/ptII/lib/netty-codec-http2-4.1.19.Final.jar:/home/travis/build/icyphy/ptII/lib/netty-common-4.1.19.Final.jar:/home/travis/build/icyphy/ptII/lib/netty-handler-4.1.19.Final.jar:/home/travis/build/icyphy/ptII/lib/netty-resolver-4.1.19.Final.jar:/home/travis/build/icyphy/ptII/lib/netty-resolver-dns-4.1.19.Final.jar:/home/travis/build/icyphy/ptII/lib/netty-transport-4.1.19.Final.jar:/home/travis/build/icyphy/ptII/lib/vertx-codegen-3.5.1.jar:/home/travis/build/icyphy/ptII/lib/vertx-core-3.5.2-SNAPSHOT.jar:/home/travis/build/icyphy/ptII/lib/vertx-hazelcast-3.5.1.jar:/home/travis/build/icyphy/ptII/lib/vertx-lang-js-3.5.1.jar:/home/travis/build/icyphy/ptII/lib/vertx-service-proxy-3.5.1.jar:/home/travis/build/icyphy/ptII/lib/vertx-web-3.5.1.jar:/home/travis/build/icyphy/ptII/lib/slf4j-api-1.7.13.jar:/home/travis/build/icyphy/ptII/lib/slf4j-simple-1.7.13.jar:/home/travis/build/icyphy/ptII/lib/webcam-capture-0.3.12.jar:/home/travis/build/icyphy/ptII/lib/bridj-0.7.0.jar:/home/travis/build/icyphy/ptII/lib/xbjlib-1.1.0.nrjavaserial.jar" />
    <property name="test.batch" value="**/junit/*.java" />
    <property name="env._" value="/usr/bin/timeout" />
    <property name="java.io.tmpdir" value="/tmp" />
    <property name="user.language" value="en" />
    <property name="env.HISTCONTROL" value="ignoredups:ignorespace" />
    <property name="env.GOROOT" value="/home/travis/.gimme/versions/go1.7.4.linux.amd64" />
    <property name="line.separator" value="&#xa;" />
    <property name="target" value="1.8" />
    <property name="env.TRAVIS_BUILD_DIR" value="/home/travis/build/icyphy/ptII" />
    <property name="env.ANT_OPTS" value="-Xmx2048m" />
    <property name="ant.file.type" value="file" />
    <property name="ptolemy.ptII.batchMode" value="true" />
    <property name="env.HISTSIZE" value="1000" />
    <property name="env.MERB_ENV" value="test" />
    <property name="java.vm.info" value="mixed mode" />
    <property name="source" value="1.8" />
    <property name="java.vm.specification.name" value="Java Virtual Machine Specification" />
    <property name="env.TRAVIS_TEST_RESULT" value="0" />
    <property name="jsdoc.command" value="node_modules/@terraswarm/jsdoc/jsdoc.js" />
    <property name="npm.works" value="true" />
    <property name="cobertura.dir" value="/home/travis/build/icyphy/ptII/vendors/cobertura-2.0.3" />
    <property name="env.rvm_path" value="/home/travis/.rvm" />
    <property name="env.GEM_PATH" value="/home/travis/.rvm/gems/ruby-2.4.1:/home/travis/.rvm/gems/ruby-2.4.1@global" />
    <property name="env.LC_CTYPE" value="en_US.UTF-8" />
    <property name="java.awt.printerjob" value="sun.print.PSPrinterJob" />
    <property name="env.TRAVIS_STACK_NAME" value="garnet" />
    <property name="ant.version" value="Apache Ant(TM) version 1.10.1 compiled on February 2 2017" />
    <property name="ptII.reports" value="/home/travis/build/icyphy/ptII/reports" />
    <property name="env.TRAVIS_STACK_TIMESTAMP" value="2017-12-05 19:33:09 UTC" />
    <property name="ant.file.type.ptII" value="file" />
    <property name="env.RBENV_SHELL" value="bash" />
    <property name="os.name" value="Linux" />
    <property name="java.specification.vendor" value="Oracle Corporation" />
    <property name="env.rvm_version" value="1.29.3 (latest)" />
    <property name="env.TERM" value="xterm" />
    <property name="java.vm.name" value="Java HotSpot(TM) 64-Bit Server VM" />
    <property name="env.TRAVIS_BUILD_NUMBER" value="469" />
    <property name="env.CI" value="true" />
    <property name="java.library.path" value="/home/travis/pthla/certi-tools/lib:/usr/lib/jni:/usr/local/share/OpenCV/java/:/usr/share/OpenCV/java::/usr/java/packages/lib/amd64:/usr/lib64:/lib64:/lib:/usr/lib" />
    <property name="env.rvm_prefix" value="/home/travis" />
    <property name="env.PATH" value="/home/travis/pthla/certi-tools/share/scripts:/home/travis/.rvm/gems/ruby-2.4.1/bin:/home/travis/.rvm/gems/ruby-2.4.1@global/bin:/home/travis/.rvm/rubies/ruby-2.4.1/bin:/home/travis/.rvm/bin:/home/travis/.nvm/versions/node/v7.10.1/bin:./node_modules/.bin:/home/travis/build/icyphy/ptII/bin:/home/travis/pthla/certi-tools/bin:/home/travis/bin:/home/travis/.local/bin:/opt/pyenv/shims:/home/travis/.phpenv/shims:/home/travis/perl5/perlbrew/bin:/home/travis/.kiex/elixirs/elixir-1.4.5/bin:/home/travis/.kiex/bin:/home/travis/gopath/bin:/home/travis/.gimme/versions/go1.7.4.linux.amd64/bin:/usr/local/phantomjs/bin:/usr/local/phantomjs:/usr/local/neo4j-3.2.7/bin:/usr/local/maven-3.5.2/bin:/usr/local/cmake-3.9.2/bin:/usr/local/clang-5.0.0/bin:/usr/local/sbin:/usr/local/bin:/usr/sbin:/usr/bin:/sbin:/bin:/home/travis/.phpenv/bin:/opt/pyenv/bin:/home/travis/.yarn/bin" />
    <property name="env.TRAVIS_OS_NAME" value="linux" />
    <property name="ant.java.version" value="1.8" />
    <property name="basedir" value="/home/travis/build/icyphy/ptII" />
    <property name="java.class.version" value="52.0" />
    <property name="env.SHLVL" value="3" />
    <property name="env.LD_LIBRARY_PATH" value="/home/travis/pthla/certi-tools/lib:/usr/lib/jni:/usr/local/share/OpenCV/java/:/usr/share/OpenCV/java:" />
    <property name="env.RACK_ENV" value="test" />
    <property name="ant.home" value="/home/travis/build/icyphy/ptII/ant" />
    <property name="env.NVM_DIR" value="/home/travis/.nvm" />
    <property name="env.PERLBREW_BASHRC_VERSION" value="0.80" />
    <property name="env.CERTI_FOM_PATH" value="/home/travis/pthla/certi-tools/share/federations" />
    <property name="env.TRAVIS_BUILD_ID" value="382713355" />
    <property name="env.PYENV_ROOT" value="/opt/pyenv" />
    <property name="env.TRAVIS_UID" value="2000" />
    <property name="env.rvm_pretty_print_flag" value="auto" />
    <property name="env.NVM_BIN" value="/home/travis/.nvm/versions/node/v7.10.1/bin" />
    <property name="env.TRAVIS_COMMIT" value="311b38842e57b1d8a21720acc7890f6cd80f57e9" />
    <property name="env._system_arch" value="x86_64" />
    <property name="node.executable" value="node" />
    <property name="sun.boot.library.path" value="/usr/lib/jvm/java-8-oracle/jre/lib/amd64" />
    <property name="sun.management.compiler" value="HotSpot 64-Bit Tiered Compilers" />
    <property name="env.GOPATH" value="/home/travis/gopath" />
    <property name="java.awt.graphicsenv" value="sun.awt.X11GraphicsEnvironment" />
    <property name="ptolemy.ptII.dir" value="/home/travis/build/icyphy/ptII" />
    <property name="env.USER" value="travis" />
    <property name="env.HISTFILESIZE" value="2000" />
    <property name="timeout.longest" value="19000000" />
    <property name="env.TRAVIS_STACK_FEATURES" value="basic cassandra chromium couchdb disabled-ipv6 docker docker-compose elasticsearch firefox go-toolchain google-chrome jdk memcached mongodb mysql neo4j nodejs_interpreter perl_interpreter perlbrew phantomjs postgresql python_interpreter rabbitmq redis riak ruby_interpreter sqlite xserver" />
    <property name="env.TRAVIS_PULL_REQUEST" value="false" />
    <property name="env.PYENV_SHELL" value="bash" />
    <property name="ant.project.name" value="ptII" />
    <property name="java.vm.specification.version" value="1.8" />
    <property name="env.CERTI_VERSION" value="4.0.0" />
    <property name="env.NLSPATH" value="/usr/dt/lib/nls/msg/%L/%N.cat" />
    <property name="awt.toolkit" value="sun.awt.X11.XToolkit" />
    <property name="env.CERTI_HOST" value="localhost" />
    <property name="env.MY_RUBY_HOME" value="/home/travis/.rvm/rubies/ruby-2.4.1" />
    <property name="sun.cpu.isalist" value="" />
    <property name="java.ext.dirs" value="/usr/lib/jvm/java-8-oracle/jre/lib/ext:/usr/java/packages/lib/ext" />
    <property name="os.version" value="4.4.0-101-generic" />
    <property name="user.home" value="/home/travis" />
    <property name="env.MIX_ARCHIVES" value="/home/travis/.kiex/mix/elixir-1.4.5" />
    <property name="java.vm.vendor" value="Oracle Corporation" />
    <property name="env.TRAVIS_TAG" value="nightly" />
    <property name="env.TRAVIS_FILTERED" value="redirect_io" />
    <property name="javadoc.excludepackagenames" value="adm.cvs2svn.*,build.*,config.*,doc.coding.templates.*,jni.test.jni.meaningOfLife.*,jni.test.jni.testDeux.*,jni.test.jni.testTrois.*,org.terraswarm.accessor.accessors.web.node_modules.*,org.terraswarm.accessor.accessors.web.hosts.cordova.demo.*,org.terraswarm.accessor.accessors.web.hosts.cordova.plugins.*,org.terraswarm.accessor.accessors-svn.*,pt-modules.*,ptolemy.apps.agilent.*,ptolemy.apps.anytimecontrol.*,ptolemy.apps.apes.*,ptolemy.apps.charon.*,ptolemy.apps.crazyboard.*,ptolemy.apps.eclipse.*,ptolemy.apps.etherealSting.*,ptolemy.apps.fullscreen.*,ptolemy.apps.giotto.*,ptolemy.apps.ia.*,ptolemy.apps.interfaces.*,ptolemy.apps.jmf.*,ptolemy.apps.kurt.*,ptolemy.apps.kvm.*,ptolemy.apps.lego.*,ptolemy.apps.lejos.*,ptolemy.apps.midp.*,ptolemy.apps.mobileCoding.*,ptolemy.apps.pendulum.*,ptolemy.apps.rijndael.*,ptolemy.apps.robot.*,ptolemy.apps.security.*,ptolemy.apps.sobel.*,ptolemy.apps.soot.*,ptolemy.apps.throttle.*,ptolemy.apps.tini.*,ptolemy.apps.transmission.*,ptolemy.apps.vergil.*,ptolemy.apps.waba.*,ptolemy.apps.websensor.*,ptolemy.apps.webstart.*,ptolemy.apps.xsl.*,ptolemy.apps.zaurus.*,ptolemy.backtrack.eclipse.plugin.*,ptolemy.backtrack.test.*,ptolemy.codegen.c.actor.lib.oldJavaFiles.*,ptolemy.codegen.dsp.lib.*,ptolemy.codegen.kernel.newInterfaces.*,ptolemy.codegen.lib.*,ptolemy.copernicus.kernel.fragment.*,ptolemy.copernicus.shallow.cg.*,ptolemy.domains.giotto.demo.Hierarchy.Hierarchy.*,ptolemy.domains.giotto.demo.Multimode.Multimode.*,ptolemy.domains.giotto.demo.Simple.Simple.*,ptolemy.domains.gr.lib.experimental.*,ptolemy.domains.gro.*,ptolemy.domains.pdf.*,ptolemy.domains.ptinyos.demo.Surge.output.*,ptolemy.moml.test.NoPackageActor.java*,ptolemy.plot.adm.*,ptolemy.plot.servlet.*,reports.*,signed.*,src.*,target.*,vendors.*,ptolemy.cg.adapter.generic.program.procedural.c.mbed*,ptolemy.actor.lib.fmi.fmus.omc*,ptolemy.domains.openmodelica*,ptdb.kernel.bl.save.test.*,ptdb.kernel.bl.load.test.*,ptdb.kernel.bl.search.test.*,ptdb.kernel.bl.migration.test.*,ptdb.kernel.database.test.*,ptdb.test.*,ptdb.gui.test.*,org.ptolemy.scala.*,diva.util.java2d.svg.*,ptolemy.domains.ptinyos.*,ptolemy.actor.lib.fmi.fmipp.*,,org.terraswarm.accessor.accessors.web.node_modules.*,org.terraswarm.accessor.accessors-svn,ptolemy.actor.ptalon.demo.ptinyos.SendAndReceiveCnt.output,ptolemy.actor.ptalon.demo.ptinyos.SenseToLeds.output,ptolemy.domains.ptinyos.demo.CntToLedsAndRfm.output,ptolemy.domains.ptinyos.demo.RfmToLeds.output,ptolemy.domains.ptinyos.demo.SendAndReceiveCnt.output,ptolemy.domains.ptinyos.demo.SenseToLeds.output" />
    <property name="env.JAVA_HOME" value="/usr/lib/jvm/java-8-oracle" />
    <property name="env.PTII" value="/home/travis/build/icyphy/ptII" />
    <property name="env.TRAVIS_COMMIT_MESSAGE" value="Basic lane merge working with test cases" />
    <property name="keystore" value="ptKeystore" />
    <property name="env.XDG_SESSION_ID" value="2" />
    <property name="junit.output.dir" value="/home/travis/build/icyphy/ptII/reports/junit" />
    <property name="npm.return.code" value="0" />
    <property name="user.dir" value="/home/travis/build/icyphy/ptII/ptolemy/actor/lib/jjs/test" />
    <property name="env.TRAVIS_NODE_VERSION" value="7" />
    <property name="env.XFILESEARCHPATH" value="/usr/dt/app-defaults/%L/Dt" />
    <property name="env.TRAVIS_EVENT_TYPE" value="push" />
    <property name="env.MAIL" value="/var/mail/travis" />
    <property name="env.PWD" value="/home/travis/build/icyphy/ptII" />
    <property name="env.PERLBREW_ROOT" value="/home/travis/perl5/perlbrew" />
    <property name="timeout.npm" value="45000" />
    <property name="env.PAGER" value="cat" />
    <property name="sun.cpu.endian" value="little" />
    <property name="env.TRAVIS_BUILD_STAGE_NAME" value="Test" />
    <property name="env.PERLBREW_HOME" value="/home/travis/.perlbrew" />
    <property name="env.RAILS_ENV" value="test" />
    <property name="java.vm.version" value="25.151-b12" />
    <property name="java.class.path" value="/home/travis/build/icyphy/ptII:/home/travis/build/icyphy/ptII/lib/bsh-2.0b4.jar:/home/travis/build/icyphy/ptII/lib/ptCal.jar:/home/travis/build/icyphy/ptII/lib/java_cup.jar:/home/travis/build/icyphy/ptII/lib/saxon8.jar:/home/travis/build/icyphy/ptII/lib/saxon8-dom.jar:/home/travis/build/icyphy/ptII/lib/chic.jar:/home/travis/build/icyphy/ptII/lib/ptcolt.jar:/usr/lib/jvm/java-8-oracle/lib/tools.jar:/usr/lib/eclipse/plugins/org.eclipse.jdt.core_3.8.2.dist.jar:/usr/lib/eclipse/plugins/org.eclipse.core.runtime_3.8.0.dist.jar:/usr/lib/eclipse/plugins/org.eclipse.osgi_3.8.1.dist.jar:/usr/lib/eclipse/plugins/org.eclipse.core.resources_3.8.1.dist.jar:/usr/lib/eclipse/plugins/org.eclipse.equinox.common_3.6.100.dist.jar:/usr/lib/eclipse/plugins/org.eclipse.core.jobs_3.5.200.dist.jar:/usr/lib/eclipse/plugins/org.eclipse.core.contenttype_3.4.200.dist.jar:/usr/lib/eclipse/plugins/org.eclipse.equinox.preferences_3.5.0.dist.jar:/usr/lib/eclipse/plugins/org.eclipse.text_3.5.200.dist.jar:/usr/lib/eclipse/plugins/org.eclipse.ui.workbench_3.8.1.dist.jar:/usr/lib/eclipse/plugins/org.eclipse.jface_3.8.0.dist.jar:/usr/lib/eclipse/plugins/org.eclipse.swt_3.8.2.jar:/usr/lib/eclipse/plugins/org.eclipse.jface.text_3.8.1.dist.jar:/usr/lib/eclipse/plugins/org.eclipse.ui.workbench.texteditor_3.8.0.dist.jar:/usr/lib/eclipse/plugins/org.eclipse.ui.editors_3.8.0.dist.jar:/usr/lib/eclipse/plugins/org.eclipse.core.commands_3.6.1.dist.jar:/usr/lib/eclipse/plugins/org.eclipse.equinox.registry_3.5.200.dist.jar:/usr/lib/eclipse/plugins/org.eclipse.ui.console_3.5.100.dist.jar:/usr/lib/eclipse/plugins/org.eclipse.ui.forms_3.5.200.dist.jar:/usr/lib/eclipse/plugins/org.eclipse.ui.ide_3.8.1.dist.jar:/home/travis/build/icyphy/ptII/vendors/oracle/dbxml.jar:/home/travis/build/icyphy/ptII/vendors/oracle/db.jar:/home/travis/build/icyphy/ptII/vendors/misc/itext/iText.jar:/home/travis/build/icyphy/ptII/lib/g4ltl.jar:/home/travis/build/icyphy/ptII/lib/StructuralCoder.jar:/home/travis/build/icyphy/ptII/lib/org-openide-util.jar:/home/travis/build/icyphy/ptII/lib/org-openide-util-lookup.jar:/home/travis/build/icyphy/ptII/lib/org-netbeans-api-visual.jar:/home/travis/build/icyphy/ptII/vendors/jai-1_1_2_01/lib/jai_core.jar:/home/travis/build/icyphy/ptII/vendors/jai-1_1_2_01/lib/jai_codec.jar:/home/travis/build/icyphy/ptII/lib/jcerti.jar:/home/travis/build/icyphy/ptII/lib/smack.jar:/home/travis/build/icyphy/ptII/lib/smackx.jar:/home/travis/build/icyphy/ptII/lib/jetty-all-8.1.5-v20120716.jar:/home/travis/build/icyphy/ptII/lib/javax.servlet-api-3.0.1.jar:/home/travis/build/icyphy/ptII/lib/javax.mail.jar:/home/travis/build/icyphy/ptII/vendors/JMF-2.1.1e/lib/jmf.jar:/home/travis/build/icyphy/ptII/lib/jna-4.0.0-variadic.jar:/home/travis/build/icyphy/ptII/vendors/misc/joystick/Joystick.jar:/home/travis/build/icyphy/ptII/lib/ptjacl.jar:/home/travis/build/icyphy/ptII/lib/jsoup-1.8.2.jar:/home/travis/build/icyphy/ptII/lib/junit-4.8.2.jar:/home/travis/build/icyphy/ptII/lib/JUnitParams-0.4.0.jar:/home/travis/build/icyphy/ptII/ptolemy/actor/lib/excel/jxl.jar:/home/travis/build/icyphy/ptII/lib/jython.jar:/home/travis/build/icyphy/ptII/lib/kieler.jar:/home/travis/build/icyphy/ptII/vendors/opencv/share/OpenCV/java/opencv-341.jar:/home/travis/build/icyphy/ptII/lib/oscP5.jar:/home/travis/build/icyphy/ptII/lib/nrjavaserial-3.11.0.devel.jar:/usr/share/java/j3dcore.jar:/usr/share/java/j3dutils.jar:/usr/share/java/vecmath.jar:/home/travis/build/icyphy/ptII/ptolemy/distributed/jini/jar/jini-core.jar:/home/travis/build/icyphy/ptII/ptolemy/distributed/jini/jar/jini-ext.jar:/home/travis/build/icyphy/ptII/ptolemy/distributed/jini/jar/sun-util.jar:/home/travis/build/icyphy/ptII/lib/protobuf-java-2.4.1.jar:/home/travis/build/icyphy/ptII/lib/org.eclipse.paho.client.mqttv3.jar:/home/travis/build/icyphy/ptII/ptserver/lib/hessian-4.0.7.jar:/home/travis/build/icyphy/ptII/ptserver/lib/wmqtt.jar:/home/travis/build/icyphy/ptII/lib/mapss.jar:/home/travis/build/icyphy/ptII/ptolemy/actor/ptalon/antlr/antlr.jar:/home/travis/build/icyphy/ptII/lib/JRI.jar:/home/travis/build/icyphy/ptII/lib/commons-lang-2.6.jar:/home/travis/build/icyphy/ptII/lib/commons-logging-1.1.1.jar:/home/travis/build/icyphy/ptII/lib/sootclasses.jar:/home/travis/build/icyphy/ptII/ptolemy/actor/lib/database/mysql-connector-java-5.1.6-bin.jar:/home/travis/build/icyphy/ptII/vendors/misc/sphinx4/sphinx4-data-5prealpha.jar:/home/travis/build/icyphy/ptII/vendors/misc/sphinx4/sphinx4-core-5prealpha.jar:/home/travis/build/icyphy/ptII/lib/PDFRenderer.jar:/home/travis/build/icyphy/ptII/lib/svgSalamander.jar:/home/travis/build/icyphy/ptII/lib/rsyntaxtextarea-2.6.0-SNAPSHOT.jar:/home/travis/build/icyphy/ptII/lib/hazelcast-3.8.2.jar:/home/travis/build/icyphy/ptII/lib/jackson-annotations-2.9.0.jar:/home/travis/build/icyphy/ptII/lib/jackson-core-2.9.3.jar:/home/travis/build/icyphy/ptII/lib/jackson-databind-2.9.3.jar:/home/travis/build/icyphy/ptII/lib/netty-buffer-4.1.19.Final.jar:/home/travis/build/icyphy/ptII/lib/netty-codec-4.1.19.Final.jar:/home/travis/build/icyphy/ptII/lib/netty-codec-dns-4.1.19.Final.jar:/home/travis/build/icyphy/ptII/lib/netty-codec-http-4.1.19.Final.jar:/home/travis/build/icyphy/ptII/lib/netty-codec-http2-4.1.19.Final.jar:/home/travis/build/icyphy/ptII/lib/netty-common-4.1.19.Final.jar:/home/travis/build/icyphy/ptII/lib/netty-handler-4.1.19.Final.jar:/home/travis/build/icyphy/ptII/lib/netty-resolver-4.1.19.Final.jar:/home/travis/build/icyphy/ptII/lib/netty-resolver-dns-4.1.19.Final.jar:/home/travis/build/icyphy/ptII/lib/netty-transport-4.1.19.Final.jar:/home/travis/build/icyphy/ptII/lib/vertx-codegen-3.5.1.jar:/home/travis/build/icyphy/ptII/lib/vertx-core-3.5.2-SNAPSHOT.jar:/home/travis/build/icyphy/ptII/lib/vertx-hazelcast-3.5.1.jar:/home/travis/build/icyphy/ptII/lib/vertx-lang-js-3.5.1.jar:/home/travis/build/icyphy/ptII/lib/vertx-service-proxy-3.5.1.jar:/home/travis/build/icyphy/ptII/lib/vertx-web-3.5.1.jar:/home/travis/build/icyphy/ptII/lib/slf4j-api-1.7.13.jar:/home/travis/build/icyphy/ptII/lib/slf4j-simple-1.7.13.jar:/home/travis/build/icyphy/ptII/lib/webcam-capture-0.3.12.jar:/home/travis/build/icyphy/ptII/lib/bridj-0.7.0.jar:/home/travis/build/icyphy/ptII/lib/xbjlib-1.1.0.nrjavaserial.jar:/home/travis/build/icyphy/ptII/ptolemy/moml/test:/home/travis/build/icyphy/ptII/ant/lib/ant-launcher.jar:/home/travis/build/icyphy/ptII/ant/lib/ant.jar:/home/travis/build/icyphy/ptII/ant/lib/ant-junit.jar:/home/travis/build/icyphy/ptII/ant/lib/ant-junit4.jar" />
    <property name="ant.library.dir" value="/home/travis/build/icyphy/ptII/ant/lib" />
    <property name="os.arch" value="amd64" />
    <property name="env.TRAVIS_LANGUAGE" value="node_js" />
    <property name="env.CONTINUOUS_INTEGRATION" value="true" />
    <property name="env.TRAVIS_STACK_LANGUAGES" value="__garnet__ c c++ clojure cplusplus cpp default go groovy java node_js php pure_java python ruby scala" />
    <property name="test.name" value="ptolemy.actor.lib.test.junit.JUnitTclTest" />
    <property name="sun.java.launcher" value="SUN_STANDARD" />
    <property name="env.PYTHON_CONFIGURE_OPTS" value="--enable-unicode=ucs4 --with-wide-unicode --enable-shared --enable-ipv6 --enable-loadable-sqlite-extensions --with-computed-gotos" />
    <property name="ant.core.lib" value="/home/travis/build/icyphy/ptII/ant/lib/ant.jar" />
    <property name="java.vm.specification.vendor" value="Oracle Corporation" />
    <property name="env.BCVTB_HOME" value="/home/travis/build/icyphy/ptII/lbnl" />
    <property name="file.separator" value="/" />
    <property name="java.runtime.version" value="1.8.0_151-b12" />
    <property name="spotbugs.home" value="/home/travis/build/icyphy/ptII/vendors/spotbugs-3.1.1" />
    <property name="sun.boot.class.path" value="/usr/lib/jvm/java-8-oracle/jre/lib/resources.jar:/usr/lib/jvm/java-8-oracle/jre/lib/rt.jar:/usr/lib/jvm/java-8-oracle/jre/lib/sunrsasign.jar:/usr/lib/jvm/java-8-oracle/jre/lib/jsse.jar:/usr/lib/jvm/java-8-oracle/jre/lib/jce.jar:/usr/lib/jvm/java-8-oracle/jre/lib/charsets.jar:/usr/lib/jvm/java-8-oracle/jre/lib/jfr.jar:/usr/lib/jvm/java-8-oracle/jre/classes" />
    <property name="env.HAS_JOSH_K_SEAL_OF_APPROVAL" value="true" />
    <property name="env.TRAVIS_OSX_IMAGE" value="" />
    <property name="env.XDG_RUNTIME_DIR" value="/run/user/2000" />
    <property name="env.TRAVIS_BRANCH" value="master" />
    <property name="env.TRAVIS_JOB_ID" value="382713361" />
    <property name="env.CERTI_HOME_TRAVIS" value="/home/travis/pthla/certi-tools" />
    <property name="user.country" value="US" />
    <property name="env.SHELL" value="/bin/bash" />
    <property name="java.maxmemory.large" value="5000m" />
    <property name="model" value="" />
    <property name="env.CASHER_DIR" value="/home/travis/.casher" />
    <property name="env.NVM_CD_FLAGS" value="" />
    <property name="jshint.executable" value="/home/travis/node_modules/jshint/bin/jshint" />
    <property name="java.vendor" value="Oracle Corporation" />
    <property name="env.JRUBY_OPTS" value=" --client -J-XX:+TieredCompilation -J-XX:TieredStopAtLevel=1 -J-Xss2m -Xcompile.invokedynamic=false" />
    <property name="env.TRAVIS_PRE_CHEF_BOOTSTRAP_TIME" value="2017-12-05T19:32:55" />
    <property name="env.TRAVIS_STACK_JOB_BOARD_REGISTER" value="/.job-board-register.yml" />
    <property name="env.ELIXIR_VERSION" value="1.4.5" />
    <property name="java.specification.version" value="1.8" />
    <property name="env.IRBRC" value="/home/travis/.rvm/rubies/ruby-2.4.1/.irbrc" />
    <property name="env.TRAVIS" value="true" />
    <property name="sun.arch.data.model" value="64" />
  </properties>
  <testcase classname="ptolemy.util.test.junit.TclTests" name="[0] /home/travis/build/icyphy/ptII/ptolemy/actor/lib/jjs/test/NashornAccessorHostApplication.tcl (RunTclFile)" time="0.156" />
  <testcase classname="ptolemy.util.test.junit.AutoKnownFailedTests" name="[0] ThereAreNoKnowFailedTests (RunModel)" time="0.0" />
  <testcase classname="ptolemy.util.test.junit.AutoNameArchTests" name="[0] ThereAreNoAutoTests (RunModel)" time="0.005" />
  <testcase classname="ptolemy.util.test.junit.AutoTests" name="[0] /home/travis/build/icyphy/ptII/ptolemy/actor/lib/jjs/test/auto/InputHandlers1.xml (RunModel)" time="10.986" />
  <testcase classname="ptolemy.util.test.junit.AutoTests" name="[1] /home/travis/build/icyphy/ptII/ptolemy/actor/lib/jjs/test/auto/InputHandlers2.xml (RunModel)" time="7.427" />
  <testcase classname="ptolemy.util.test.junit.AutoTests" name="[2] /home/travis/build/icyphy/ptII/ptolemy/actor/lib/jjs/test/auto/JSParameter1.xml (RunModel)" time="7.159" />
  <testcase classname="ptolemy.util.test.junit.AutoTests" name="[3] /home/travis/build/icyphy/ptII/ptolemy/actor/lib/jjs/test/auto/JSParameter2.xml (RunModel)" time="6.997" />
  <testcase classname="ptolemy.util.test.junit.AutoTests" name="[4] /home/travis/build/icyphy/ptII/ptolemy/actor/lib/jjs/test/auto/JSParameter3.xml (RunModel)" time="6.965" />
  <testcase classname="ptolemy.util.test.junit.AutoTests" name="[5] /home/travis/build/icyphy/ptII/ptolemy/actor/lib/jjs/test/auto/JSParameter4.xml (RunModel)" time="6.991" />
  <testcase classname="ptolemy.util.test.junit.AutoTests" name="[6] /home/travis/build/icyphy/ptII/ptolemy/actor/lib/jjs/test/auto/JSParameter5.xml (RunModel)" time="6.593" />
  <testcase classname="ptolemy.util.test.junit.AutoTests" name="[7] /home/travis/build/icyphy/ptII/ptolemy/actor/lib/jjs/test/auto/JavaScript1.xml (RunModel)" time="6.58" />
  <testcase classname="ptolemy.util.test.junit.AutoTests" name="[8] /home/travis/build/icyphy/ptII/ptolemy/actor/lib/jjs/test/auto/JavaScript10.xml (RunModel)" time="6.625" />
  <testcase classname="ptolemy.util.test.junit.AutoTests" name="[9] /home/travis/build/icyphy/ptII/ptolemy/actor/lib/jjs/test/auto/JavaScript11.xml (RunModel)" time="6.461" />
  <testcase classname="ptolemy.util.test.junit.AutoTests" name="[10] /home/travis/build/icyphy/ptII/ptolemy/actor/lib/jjs/test/auto/JavaScript12.xml (RunModel)" time="6.837" />
  <testcase classname="ptolemy.util.test.junit.AutoTests" name="[11] /home/travis/build/icyphy/ptII/ptolemy/actor/lib/jjs/test/auto/JavaScript13.xml (RunModel)" time="6.432" />
  <testcase classname="ptolemy.util.test.junit.AutoTests" name="[12] /home/travis/build/icyphy/ptII/ptolemy/actor/lib/jjs/test/auto/JavaScript14.xml (RunModel)" time="6.291" />
  <testcase classname="ptolemy.util.test.junit.AutoTests" name="[13] /home/travis/build/icyphy/ptII/ptolemy/actor/lib/jjs/test/auto/JavaScript15.xml (RunModel)" time="6.117" />
  <testcase classname="ptolemy.util.test.junit.AutoTests" name="[14] /home/travis/build/icyphy/ptII/ptolemy/actor/lib/jjs/test/auto/JavaScript16.xml (RunModel)" time="6.492" />
  <testcase classname="ptolemy.util.test.junit.AutoTests" name="[15] /home/travis/build/icyphy/ptII/ptolemy/actor/lib/jjs/test/auto/JavaScript17.xml (RunModel)" time="6.288" />
  <testcase classname="ptolemy.util.test.junit.AutoTests" name="[16] /home/travis/build/icyphy/ptII/ptolemy/actor/lib/jjs/test/auto/JavaScript18.xml (RunModel)" time="6.446" />
  <testcase classname="ptolemy.util.test.junit.AutoTests" name="[17] /home/travis/build/icyphy/ptII/ptolemy/actor/lib/jjs/test/auto/JavaScript19.xml (RunModel)" time="6.074" />
  <testcase classname="ptolemy.util.test.junit.AutoTests" name="[18] /home/travis/build/icyphy/ptII/ptolemy/actor/lib/jjs/test/auto/JavaScript2.xml (RunModel)" time="5.961" />
  <testcase classname="ptolemy.util.test.junit.AutoTests" name="[19] /home/travis/build/icyphy/ptII/ptolemy/actor/lib/jjs/test/auto/JavaScript20.xml (RunModel)" time="6.259" />
  <testcase classname="ptolemy.util.test.junit.AutoTests" name="[20] /home/travis/build/icyphy/ptII/ptolemy/actor/lib/jjs/test/auto/JavaScript21.xml (RunModel)" time="6.145" />
  <testcase classname="ptolemy.util.test.junit.AutoTests" name="[21] /home/travis/build/icyphy/ptII/ptolemy/actor/lib/jjs/test/auto/JavaScript22.xml (RunModel)" time="6.127" />
  <testcase classname="ptolemy.util.test.junit.AutoTests" name="[22] /home/travis/build/icyphy/ptII/ptolemy/actor/lib/jjs/test/auto/JavaScript23.xml (RunModel)" time="6.505" />
  <testcase classname="ptolemy.util.test.junit.AutoTests" name="[23] /home/travis/build/icyphy/ptII/ptolemy/actor/lib/jjs/test/auto/JavaScript24.xml (RunModel)" time="6.194" />
  <testcase classname="ptolemy.util.test.junit.AutoTests" name="[24] /home/travis/build/icyphy/ptII/ptolemy/actor/lib/jjs/test/auto/JavaScript25.xml (RunModel)" time="6.114" />
  <testcase classname="ptolemy.util.test.junit.AutoTests" name="[25] /home/travis/build/icyphy/ptII/ptolemy/actor/lib/jjs/test/auto/JavaScript26.xml (RunModel)" time="6.34" />
  <testcase classname="ptolemy.util.test.junit.AutoTests" name="[26] /home/travis/build/icyphy/ptII/ptolemy/actor/lib/jjs/test/auto/JavaScript27.xml (RunModel)" time="6.116" />
  <testcase classname="ptolemy.util.test.junit.AutoTests" name="[27] /home/travis/build/icyphy/ptII/ptolemy/actor/lib/jjs/test/auto/JavaScript3.xml (RunModel)" time="6.562" />
  <testcase classname="ptolemy.util.test.junit.AutoTests" name="[28] /home/travis/build/icyphy/ptII/ptolemy/actor/lib/jjs/test/auto/JavaScript4.xml (RunModel)" time="6.983" />
  <testcase classname="ptolemy.util.test.junit.AutoTests" name="[29] /home/travis/build/icyphy/ptII/ptolemy/actor/lib/jjs/test/auto/JavaScript5.xml (RunModel)" time="6.19" />
  <testcase classname="ptolemy.util.test.junit.AutoTests" name="[30] /home/travis/build/icyphy/ptII/ptolemy/actor/lib/jjs/test/auto/JavaScript6.xml (RunModel)" time="7.199" />
  <testcase classname="ptolemy.util.test.junit.AutoTests" name="[31] /home/travis/build/icyphy/ptII/ptolemy/actor/lib/jjs/test/auto/JavaScript7.xml (RunModel)" time="7.403" />
  <testcase classname="ptolemy.util.test.junit.AutoTests" name="[32] /home/travis/build/icyphy/ptII/ptolemy/actor/lib/jjs/test/auto/JavaScript8.xml (RunModel)" time="5.97" />
  <testcase classname="ptolemy.util.test.junit.AutoTests" name="[33] /home/travis/build/icyphy/ptII/ptolemy/actor/lib/jjs/test/auto/JavaScript9.xml (RunModel)" time="5.884" />
  <testcase classname="ptolemy.util.test.junit.AutoTests" name="[34] /home/travis/build/icyphy/ptII/ptolemy/actor/lib/jjs/test/auto/JavaScriptAbsentInputs.xml (RunModel)" time="5.856" />
  <testcase classname="ptolemy.util.test.junit.AutoTests" name="[35] /home/travis/build/icyphy/ptII/ptolemy/actor/lib/jjs/test/auto/JavaScriptAbsentInputsPersistent.xml (RunModel)" time="6.09" />
  <testcase classname="ptolemy.util.test.junit.AutoTests" name="[36] /home/travis/build/icyphy/ptII/ptolemy/actor/lib/jjs/test/auto/JavaScriptArray.xml (RunModel)" time="6.055" />
  <testcase classname="ptolemy.util.test.junit.AutoTests" name="[37] /home/travis/build/icyphy/ptII/ptolemy/actor/lib/jjs/test/auto/JavaScriptArray2.xml (RunModel)" time="6.053" />
  <testcase classname="ptolemy.util.test.junit.AutoTests" name="[38] /home/travis/build/icyphy/ptII/ptolemy/actor/lib/jjs/test/auto/JavaScriptBooleanToken.xml (RunModel)" time="5.934" />
  <testcase classname="ptolemy.util.test.junit.AutoTests" name="[39] /home/travis/build/icyphy/ptII/ptolemy/actor/lib/jjs/test/auto/JavaScriptBuildPtolemyModel.xml (RunModel)" time="5.87" />
  <testcase classname="ptolemy.util.test.junit.AutoTests" name="[40] /home/travis/build/icyphy/ptII/ptolemy/actor/lib/jjs/test/auto/JavaScriptBuildPtolemyModelAndSend.xml (RunModel)" time="6.127" />
  <testcase classname="ptolemy.util.test.junit.AutoTests" name="[41] /home/travis/build/icyphy/ptII/ptolemy/actor/lib/jjs/test/auto/JavaScriptBuildPtolemyModelAndSendAndReceive.xml (RunModel)" time="6.916" />
  <testcase classname="ptolemy.util.test.junit.AutoTests" name="[42] /home/travis/build/icyphy/ptII/ptolemy/actor/lib/jjs/test/auto/JavaScriptCount.xml (RunModel)" time="5.885" />
  <testcase classname="ptolemy.util.test.junit.AutoTests" name="[43] /home/travis/build/icyphy/ptII/ptolemy/actor/lib/jjs/test/auto/JavaScriptDoubleToken.xml (RunModel)" time="6.259" />
  <testcase classname="ptolemy.util.test.junit.AutoTests" name="[44] /home/travis/build/icyphy/ptII/ptolemy/actor/lib/jjs/test/auto/JavaScriptErrorOutput.xml (RunModel)" time="5.972" />
  <testcase classname="ptolemy.util.test.junit.AutoTests" name="[45] /home/travis/build/icyphy/ptII/ptolemy/actor/lib/jjs/test/auto/JavaScriptFactorial.xml (RunModel)" time="5.981" />
  <testcase classname="ptolemy.util.test.junit.AutoTests" name="[46] /home/travis/build/icyphy/ptII/ptolemy/actor/lib/jjs/test/auto/JavaScriptInputHandler1.xml (RunModel)" time="5.919" />
  <testcase classname="ptolemy.util.test.junit.AutoTests" name="[47] /home/travis/build/icyphy/ptII/ptolemy/actor/lib/jjs/test/auto/JavaScriptInputHandler2.xml (RunModel)" time="6.006" />
  <testcase classname="ptolemy.util.test.junit.AutoTests" name="[48] /home/travis/build/icyphy/ptII/ptolemy/actor/lib/jjs/test/auto/JavaScriptInputHandler3.xml (RunModel)" time="6.197" />
  <testcase classname="ptolemy.util.test.junit.AutoTests" name="[49] /home/travis/build/icyphy/ptII/ptolemy/actor/lib/jjs/test/auto/JavaScriptIntToken.xml (RunModel)" time="6.006" />
  <testcase classname="ptolemy.util.test.junit.AutoTests" name="[50] /home/travis/build/icyphy/ptII/ptolemy/actor/lib/jjs/test/auto/JavaScriptLongToken.xml (RunModel)" time="5.961" />
  <testcase classname="ptolemy.util.test.junit.AutoTests" name="[51] /home/travis/build/icyphy/ptII/ptolemy/actor/lib/jjs/test/auto/JavaScriptLongToken2.xml (RunModel)" time="7.12" />
  <testcase classname="ptolemy.util.test.junit.AutoTests" name="[52] /home/travis/build/icyphy/ptII/ptolemy/actor/lib/jjs/test/auto/JavaScriptReadParameter.xml (RunModel)" time="5.989" />
  <testcase classname="ptolemy.util.test.junit.AutoTests" name="[53] /home/travis/build/icyphy/ptII/ptolemy/actor/lib/jjs/test/auto/JavaScriptReceiveDate.xml (RunModel)" time="6.017" />
  <testcase classname="ptolemy.util.test.junit.AutoTests" name="[54] /home/travis/build/icyphy/ptII/ptolemy/actor/lib/jjs/test/auto/JavaScriptRecord.xml (RunModel)" time="6.04" />
  <testcase classname="ptolemy.util.test.junit.AutoTests" name="[55] /home/travis/build/icyphy/ptII/ptolemy/actor/lib/jjs/test/auto/JavaScriptRecordToken.xml (RunModel)" time="6.466" />
  <testcase classname="ptolemy.util.test.junit.AutoTests" name="[56] /home/travis/build/icyphy/ptII/ptolemy/actor/lib/jjs/test/auto/JavaScriptSendArray.xml (RunModel)" time="5.946" />
  <testcase classname="ptolemy.util.test.junit.AutoTests" name="[57] /home/travis/build/icyphy/ptII/ptolemy/actor/lib/jjs/test/auto/JavaScriptSendArray2.xml (RunModel)" time="5.957" />
  <testcase classname="ptolemy.util.test.junit.AutoTests" name="[58] /home/travis/build/icyphy/ptII/ptolemy/actor/lib/jjs/test/auto/JavaScriptSendBoolean.xml (RunModel)" time="6.015" />
  <testcase classname="ptolemy.util.test.junit.AutoTests" name="[59] /home/travis/build/icyphy/ptII/ptolemy/actor/lib/jjs/test/auto/JavaScriptSendDate.xml (RunModel)" time="6.061" />
  <testcase classname="ptolemy.util.test.junit.AutoTests" name="[60] /home/travis/build/icyphy/ptII/ptolemy/actor/lib/jjs/test/auto/JavaScriptSendDouble.xml (RunModel)" time="6.22" />
  <testcase classname="ptolemy.util.test.junit.AutoTests" name="[61] /home/travis/build/icyphy/ptII/ptolemy/actor/lib/jjs/test/auto/JavaScriptSendInt.xml (RunModel)" time="5.912" />
  <testcase classname="ptolemy.util.test.junit.AutoTests" name="[62] /home/travis/build/icyphy/ptII/ptolemy/actor/lib/jjs/test/auto/JavaScriptSendMatrix.xml (RunModel)" time="6.089" />
  <testcase classname="ptolemy.util.test.junit.AutoTests" name="[63] /home/travis/build/icyphy/ptII/ptolemy/actor/lib/jjs/test/auto/JavaScriptSendNativeArray.xml (RunModel)" time="7.3" />
  <testcase classname="ptolemy.util.test.junit.AutoTests" name="[64] /home/travis/build/icyphy/ptII/ptolemy/actor/lib/jjs/test/auto/JavaScriptSendNativeObject.xml (RunModel)" time="6.99" />
  <testcase classname="ptolemy.util.test.junit.AutoTests" name="[65] /home/travis/build/icyphy/ptII/ptolemy/actor/lib/jjs/test/auto/JavaScriptSendNull.xml (RunModel)" time="5.865" />
  <testcase classname="ptolemy.util.test.junit.AutoTests" name="[66] /home/travis/build/icyphy/ptII/ptolemy/actor/lib/jjs/test/auto/JavaScriptSendNullToInput.xml (RunModel)" time="7.95" />
  <testcase classname="ptolemy.util.test.junit.AutoTests" name="[67] /home/travis/build/icyphy/ptII/ptolemy/actor/lib/jjs/test/auto/JavaScriptSendRecord.xml (RunModel)" time="5.962" />
  <testcase classname="ptolemy.util.test.junit.AutoTests" name="[68] /home/travis/build/icyphy/ptII/ptolemy/actor/lib/jjs/test/auto/JavaScriptSendRecord2.xml (RunModel)" time="5.87" />
  <testcase classname="ptolemy.util.test.junit.AutoTests" name="[69] /home/travis/build/icyphy/ptII/ptolemy/actor/lib/jjs/test/auto/JavaScriptSendRecord3.xml (RunModel)" time="5.853" />
  <testcase classname="ptolemy.util.test.junit.AutoTests" name="[70] /home/travis/build/icyphy/ptII/ptolemy/actor/lib/jjs/test/auto/JavaScriptSendString.xml (RunModel)" time="5.849" />
  <testcase classname="ptolemy.util.test.junit.AutoTests" name="[71] /home/travis/build/icyphy/ptII/ptolemy/actor/lib/jjs/test/auto/JavaScriptSendToInput.xml (RunModel)" time="8.136" />
  <testcase classname="ptolemy.util.test.junit.AutoTests" name="[72] /home/travis/build/icyphy/ptII/ptolemy/actor/lib/jjs/test/auto/JavaScriptSetInterval.xml (RunModel)" time="6.632" />
  <testcase classname="ptolemy.util.test.junit.AutoTests" name="[73] /home/travis/build/icyphy/ptII/ptolemy/actor/lib/jjs/test/auto/JavaScriptSetInterval2.xml (RunModel)" time="6.452" />
  <testcase classname="ptolemy.util.test.junit.AutoTests" name="[74] /home/travis/build/icyphy/ptII/ptolemy/actor/lib/jjs/test/auto/JavaScriptSetTimeout.xml (RunModel)" time="6.065" />
  <testcase classname="ptolemy.util.test.junit.AutoTests" name="[75] /home/travis/build/icyphy/ptII/ptolemy/actor/lib/jjs/test/auto/JavaScriptStringToken.xml (RunModel)" time="6.646" />
  <testcase classname="ptolemy.util.test.junit.AutoTests" name="[76] /home/travis/build/icyphy/ptII/ptolemy/actor/lib/jjs/test/auto/JavaScriptTestAutoInputEtc.xml (RunModel)" time="7.923" />
  <testcase classname="ptolemy.util.test.junit.AutoTests" name="[77] /home/travis/build/icyphy/ptII/ptolemy/actor/lib/jjs/test/auto/JavaScriptThisActor.xml (RunModel)" time="6.149" />
  <testcase classname="ptolemy.util.test.junit.AutoTests" name="[78] /home/travis/build/icyphy/ptII/ptolemy/actor/lib/jjs/test/auto/JavaScriptTimeout.xml (RunModel)" time="6.522" />
  <testcase classname="ptolemy.util.test.junit.AutoTests" name="[79] /home/travis/build/icyphy/ptII/ptolemy/actor/lib/jjs/test/auto/JavaScriptWriteParameter.xml (RunModel)" time="6.19" />
  <testcase classname="ptolemy.util.test.junit.AutoTests" name="[80] /home/travis/build/icyphy/ptII/ptolemy/actor/lib/jjs/test/auto/RampDisplay.xml (RunModel)" time="15.499" />
  <testcase classname="ptolemy.util.test.junit.AutoTests" name="[81] /home/travis/build/icyphy/ptII/ptolemy/actor/lib/jjs/test/auto/SelfBuilder.xml (RunModel)" time="5.896" />
  <testcase classname="ptolemy.util.test.junit.AutoTests" name="[82] /home/travis/build/icyphy/ptII/ptolemy/actor/lib/jjs/test/auto/SelfBuilder10.xml (RunModel)" time="5.957" />
  <testcase classname="ptolemy.util.test.junit.AutoTests" name="[83] /home/travis/build/icyphy/ptII/ptolemy/actor/lib/jjs/test/auto/SelfBuilder2.xml (RunModel)" time="6.241" />
  <testcase classname="ptolemy.util.test.junit.AutoTests" name="[84] /home/travis/build/icyphy/ptII/ptolemy/actor/lib/jjs/test/auto/SelfBuilder3.xml (RunModel)" time="5.916" />
  <testcase classname="ptolemy.util.test.junit.AutoTests" name="[85] /home/travis/build/icyphy/ptII/ptolemy/actor/lib/jjs/test/auto/SelfBuilder4.xml (RunModel)" time="5.966" />
  <testcase classname="ptolemy.util.test.junit.AutoTests" name="[86] /home/travis/build/icyphy/ptII/ptolemy/actor/lib/jjs/test/auto/SelfBuilder5.xml (RunModel)" time="5.929" />
  <testcase classname="ptolemy.util.test.junit.AutoTests" name="[87] /home/travis/build/icyphy/ptII/ptolemy/actor/lib/jjs/test/auto/SelfBuilder6.xml (RunModel)" time="6.109" />
  <testcase classname="ptolemy.util.test.junit.AutoTests" name="[88] /home/travis/build/icyphy/ptII/ptolemy/actor/lib/jjs/test/auto/SelfBuilder7.xml (RunModel)" time="5.918" />
  <testcase classname="ptolemy.util.test.junit.AutoTests" name="[89] /home/travis/build/icyphy/ptII/ptolemy/actor/lib/jjs/test/auto/SelfBuilder8.xml (RunModel)" time="5.936" />
  <testcase classname="ptolemy.util.test.junit.AutoTests" name="[90] /home/travis/build/icyphy/ptII/ptolemy/actor/lib/jjs/test/auto/SelfBuilder9.xml (RunModel)" time="6.034" />
  <system-out><![CDATA[/home/travis/build/icyphy/ptII/ptolemy/actor/lib/jjs/test/NashornAccessorHostApplication.tcl
testDefs.tcl: setting time out to 9000 seconds at Wed May 23 16:24:19 UTC 2018


==== $PTII/ptolemy/actor/lib/jjs/test/NashornAccessorHostApplication.tcl: NashornAccessorHostApplication-0.0.1 No way to test the command line arguments
==== Contents of test case:

    list "Unfortunately, the Nashorn Host spawns a separate thread, so there"  "is no way to asyncronously wait to get the results back."  "This makes it difficult to test the command line argument processing."

==== Result was:
{Unfortunately, the Nashorn Host spawns a separate thread, so there} {is no way to asyncronously wait to get the results back.} {This makes it difficult to test the command line argument processing.}
---- KNOWN Failure, Result should have been:
1
---- NashornAccessorHostApplication-0.0.1 Failed, but this is a KNOWN failure
05/23/18 04:24:20
Failed: 0  Total Tests: 1  ((Passed: 0, Newly Passed: 0)  Known Failed: 1) /home/travis/build/icyphy/ptII/ptolemy/actor/lib/jjs/test
No auto/knownFailedTests/*.xml tests in /home/travis/build/icyphy/ptII/ptolemy/actor/lib/jjs/test
No auto/*.xml tests in /home/travis/build/icyphy/ptII/ptolemy/actor/lib/jjs/test
AutoTests.java: About to close Vertx.
AutoTests.java: Vertx closed.
----------------- testing Wed May 23 16:24:20 UTC 2018 /home/travis/build/icyphy/ptII/ptolemy/actor/lib/jjs/test/auto/InputHandlers1.xml
----------------- Wed May 23 16:24:20 UTC 2018 About to sleep for 5.0 seconds before running or rerunning.  Test is: /home/travis/build/icyphy/ptII/ptolemy/actor/lib/jjs/test/auto/InputHandlers1.xml
Done sleeping
----------------- Instantiating /home/travis/build/icyphy/ptII/ptolemy/actor/lib/jjs/test/auto/InputHandlers1.xml
2200 ms. Memory: 197632K Free: 115310K (58%)
----------------- Invoking toplevel() on ptolemy.moml.MoMLSimpleApplication@6b81e0ef
----------------- Done invoking toplevel() on ptolemy.moml.MoMLSimpleApplication@6b81e0ef
reloadAllAccessors: .InputHandlers1
----------------- testing Wed May 23 16:24:31 UTC 2018 /home/travis/build/icyphy/ptII/ptolemy/actor/lib/jjs/test/auto/InputHandlers2.xml
----------------- Wed May 23 16:24:31 UTC 2018 About to sleep for 5.0 seconds before running or rerunning.  Test is: /home/travis/build/icyphy/ptII/ptolemy/actor/lib/jjs/test/auto/InputHandlers2.xml
Done sleeping
----------------- Instantiating /home/travis/build/icyphy/ptII/ptolemy/actor/lib/jjs/test/auto/InputHandlers2.xml
1454 ms. Memory: 260608K Free: 94613K (36%)
----------------- Invoking toplevel() on ptolemy.moml.MoMLSimpleApplication@2ef2ae6f
----------------- Done invoking toplevel() on ptolemy.moml.MoMLSimpleApplication@2ef2ae6f
reloadAllAccessors: .InputHandlers2
----------------- testing Wed May 23 16:24:38 UTC 2018 /home/travis/build/icyphy/ptII/ptolemy/actor/lib/jjs/test/auto/JSParameter1.xml
----------------- Wed May 23 16:24:38 UTC 2018 About to sleep for 5.0 seconds before running or rerunning.  Test is: /home/travis/build/icyphy/ptII/ptolemy/actor/lib/jjs/test/auto/JSParameter1.xml
Done sleeping
----------------- Instantiating /home/travis/build/icyphy/ptII/ptolemy/actor/lib/jjs/test/auto/JSParameter1.xml
1242 ms. Memory: 369664K Free: 276218K (75%)
----------------- Invoking toplevel() on ptolemy.moml.MoMLSimpleApplication@2e172a47
----------------- Done invoking toplevel() on ptolemy.moml.MoMLSimpleApplication@2e172a47
reloadAllAccessors: .JSParameter1
----------------- testing Wed May 23 16:24:46 UTC 2018 /home/travis/build/icyphy/ptII/ptolemy/actor/lib/jjs/test/auto/JSParameter2.xml
----------------- Wed May 23 16:24:46 UTC 2018 About to sleep for 5.0 seconds before running or rerunning.  Test is: /home/travis/build/icyphy/ptII/ptolemy/actor/lib/jjs/test/auto/JSParameter2.xml
Done sleeping
----------------- Instantiating /home/travis/build/icyphy/ptII/ptolemy/actor/lib/jjs/test/auto/JSParameter2.xml
1207 ms. Memory: 370176K Free: 207388K (56%)
----------------- Invoking toplevel() on ptolemy.moml.MoMLSimpleApplication@1434e80f
----------------- Done invoking toplevel() on ptolemy.moml.MoMLSimpleApplication@1434e80f
reloadAllAccessors: .JSParameter2
----------------- testing Wed May 23 16:24:53 UTC 2018 /home/travis/build/icyphy/ptII/ptolemy/actor/lib/jjs/test/auto/JSParameter3.xml
----------------- Wed May 23 16:24:53 UTC 2018 About to sleep for 5.0 seconds before running or rerunning.  Test is: /home/travis/build/icyphy/ptII/ptolemy/actor/lib/jjs/test/auto/JSParameter3.xml
Done sleeping
----------------- Instantiating /home/travis/build/icyphy/ptII/ptolemy/actor/lib/jjs/test/auto/JSParameter3.xml
1142 ms. Memory: 481792K Free: 249527K (52%)
----------------- Invoking toplevel() on ptolemy.moml.MoMLSimpleApplication@27a0f4f5
----------------- Done invoking toplevel() on ptolemy.moml.MoMLSimpleApplication@27a0f4f5
reloadAllAccessors: .JSParameter3
----------------- testing Wed May 23 16:24:59 UTC 2018 /home/travis/build/icyphy/ptII/ptolemy/actor/lib/jjs/test/auto/JSParameter4.xml
----------------- Wed May 23 16:24:59 UTC 2018 About to sleep for 5.0 seconds before running or rerunning.  Test is: /home/travis/build/icyphy/ptII/ptolemy/actor/lib/jjs/test/auto/JSParameter4.xml
Done sleeping
----------------- Instantiating /home/travis/build/icyphy/ptII/ptolemy/actor/lib/jjs/test/auto/JSParameter4.xml
1313 ms. Memory: 507904K Free: 390060K (77%)
----------------- Invoking toplevel() on ptolemy.moml.MoMLSimpleApplication@3d1ead64
----------------- Done invoking toplevel() on ptolemy.moml.MoMLSimpleApplication@3d1ead64
reloadAllAccessors: .JSParameter4
----------------- testing Wed May 23 16:25:06 UTC 2018 /home/travis/build/icyphy/ptII/ptolemy/actor/lib/jjs/test/auto/JSParameter5.xml
----------------- Wed May 23 16:25:06 UTC 2018 About to sleep for 5.0 seconds before running or rerunning.  Test is: /home/travis/build/icyphy/ptII/ptolemy/actor/lib/jjs/test/auto/JSParameter5.xml
Done sleeping
----------------- Instantiating /home/travis/build/icyphy/ptII/ptolemy/actor/lib/jjs/test/auto/JSParameter5.xml
1020 ms. Memory: 657920K Free: 573990K (87%)
----------------- Invoking toplevel() on ptolemy.moml.MoMLSimpleApplication@ebf6d79
----------------- Done invoking toplevel() on ptolemy.moml.MoMLSimpleApplication@ebf6d79
reloadAllAccessors: .JSParameter5
----------------- testing Wed May 23 16:25:13 UTC 2018 /home/travis/build/icyphy/ptII/ptolemy/actor/lib/jjs/test/auto/JavaScript1.xml
----------------- Wed May 23 16:25:13 UTC 2018 About to sleep for 5.0 seconds before running or rerunning.  Test is: /home/travis/build/icyphy/ptII/ptolemy/actor/lib/jjs/test/auto/JavaScript1.xml
Done sleeping
----------------- Instantiating /home/travis/build/icyphy/ptII/ptolemy/actor/lib/jjs/test/auto/JavaScript1.xml
971 ms. Memory: 657920K Free: 257107K (39%)
----------------- Invoking toplevel() on ptolemy.moml.MoMLSimpleApplication@6324f6f2
----------------- Done invoking toplevel() on ptolemy.moml.MoMLSimpleApplication@6324f6f2
reloadAllAccessors: .JavaScript1
----------------- testing Wed May 23 16:25:20 UTC 2018 /home/travis/build/icyphy/ptII/ptolemy/actor/lib/jjs/test/auto/JavaScript10.xml
----------------- Wed May 23 16:25:20 UTC 2018 About to sleep for 5.0 seconds before running or rerunning.  Test is: /home/travis/build/icyphy/ptII/ptolemy/actor/lib/jjs/test/auto/JavaScript10.xml
Done sleeping
----------------- Instantiating /home/travis/build/icyphy/ptII/ptolemy/actor/lib/jjs/test/auto/JavaScript10.xml
1037 ms. Memory: 667136K Free: 440375K (66%)
----------------- Invoking toplevel() on ptolemy.moml.MoMLSimpleApplication@758b4a08
----------------- Done invoking toplevel() on ptolemy.moml.MoMLSimpleApplication@758b4a08
reloadAllAccessors: .JavaScript10
----------------- testing Wed May 23 16:25:26 UTC 2018 /home/travis/build/icyphy/ptII/ptolemy/actor/lib/jjs/test/auto/JavaScript11.xml
----------------- Wed May 23 16:25:26 UTC 2018 About to sleep for 5.0 seconds before running or rerunning.  Test is: /home/travis/build/icyphy/ptII/ptolemy/actor/lib/jjs/test/auto/JavaScript11.xml
Done sleeping
----------------- Instantiating /home/travis/build/icyphy/ptII/ptolemy/actor/lib/jjs/test/auto/JavaScript11.xml
945 ms. Memory: 667136K Free: 121452K (18%)
----------------- Invoking toplevel() on ptolemy.moml.MoMLSimpleApplication@5fb6d30d
----------------- Done invoking toplevel() on ptolemy.moml.MoMLSimpleApplication@5fb6d30d
reloadAllAccessors: .JavaScript11
----------------- testing Wed May 23 16:25:33 UTC 2018 /home/travis/build/icyphy/ptII/ptolemy/actor/lib/jjs/test/auto/JavaScript12.xml
----------------- Wed May 23 16:25:33 UTC 2018 About to sleep for 5.0 seconds before running or rerunning.  Test is: /home/travis/build/icyphy/ptII/ptolemy/actor/lib/jjs/test/auto/JavaScript12.xml
Done sleeping
----------------- Instantiating /home/travis/build/icyphy/ptII/ptolemy/actor/lib/jjs/test/auto/JavaScript12.xml
0
1
2
3
4
5
6
7
8
9
7 ms. Memory: 828928K Free: 537862K (65%)
1074 ms. Memory: 828928K Free: 537862K (65%)
----------------- Invoking toplevel() on ptolemy.moml.MoMLSimpleApplication@a5c31c9
----------------- Done invoking toplevel() on ptolemy.moml.MoMLSimpleApplication@a5c31c9
reloadAllAccessors: .JavaScript12
----------------- testing Wed May 23 16:25:40 UTC 2018 /home/travis/build/icyphy/ptII/ptolemy/actor/lib/jjs/test/auto/JavaScript13.xml
----------------- Wed May 23 16:25:40 UTC 2018 About to sleep for 5.0 seconds before running or rerunning.  Test is: /home/travis/build/icyphy/ptII/ptolemy/actor/lib/jjs/test/auto/JavaScript13.xml
Done sleeping
----------------- Instantiating /home/travis/build/icyphy/ptII/ptolemy/actor/lib/jjs/test/auto/JavaScript13.xml
0
1
2
3
4
5
6
7
8
9
5 ms. Memory: 828928K Free: 219639K (26%)
830 ms. Memory: 828928K Free: 219639K (26%)
----------------- Invoking toplevel() on ptolemy.moml.MoMLSimpleApplication@7cc572b0
----------------- Done invoking toplevel() on ptolemy.moml.MoMLSimpleApplication@7cc572b0
reloadAllAccessors: .JavaScript13
----------------- testing Wed May 23 16:25:46 UTC 2018 /home/travis/build/icyphy/ptII/ptolemy/actor/lib/jjs/test/auto/JavaScript14.xml
----------------- Wed May 23 16:25:46 UTC 2018 About to sleep for 5.0 seconds before running or rerunning.  Test is: /home/travis/build/icyphy/ptII/ptolemy/actor/lib/jjs/test/auto/JavaScript14.xml
Done sleeping
----------------- Instantiating /home/travis/build/icyphy/ptII/ptolemy/actor/lib/jjs/test/auto/JavaScript14.xml
783 ms. Memory: 833536K Free: 515816K (62%)
----------------- Invoking toplevel() on ptolemy.moml.MoMLSimpleApplication@621a730c
----------------- Done invoking toplevel() on ptolemy.moml.MoMLSimpleApplication@621a730c
reloadAllAccessors: .JavaScript14
----------------- testing Wed May 23 16:25:52 UTC 2018 /home/travis/build/icyphy/ptII/ptolemy/actor/lib/jjs/test/auto/JavaScript15.xml
----------------- Wed May 23 16:25:52 UTC 2018 About to sleep for 5.0 seconds before running or rerunning.  Test is: /home/travis/build/icyphy/ptII/ptolemy/actor/lib/jjs/test/auto/JavaScript15.xml
Done sleeping
----------------- Instantiating /home/travis/build/icyphy/ptII/ptolemy/actor/lib/jjs/test/auto/JavaScript15.xml
679 ms. Memory: 833536K Free: 201922K (24%)
----------------- Invoking toplevel() on ptolemy.moml.MoMLSimpleApplication@432c973f
----------------- Done invoking toplevel() on ptolemy.moml.MoMLSimpleApplication@432c973f
reloadAllAccessors: .JavaScript15
----------------- testing Wed May 23 16:25:58 UTC 2018 /home/travis/build/icyphy/ptII/ptolemy/actor/lib/jjs/test/auto/JavaScript16.xml
----------------- Wed May 23 16:25:58 UTC 2018 About to sleep for 5.0 seconds before running or rerunning.  Test is: /home/travis/build/icyphy/ptII/ptolemy/actor/lib/jjs/test/auto/JavaScript16.xml
Done sleeping
----------------- Instantiating /home/travis/build/icyphy/ptII/ptolemy/actor/lib/jjs/test/auto/JavaScript16.xml
902 ms. Memory: 996352K Free: 655228K (66%)
----------------- Invoking toplevel() on ptolemy.moml.MoMLSimpleApplication@289f2741
----------------- Done invoking toplevel() on ptolemy.moml.MoMLSimpleApplication@289f2741
reloadAllAccessors: .JavaScript16
----------------- testing Wed May 23 16:26:05 UTC 2018 /home/travis/build/icyphy/ptII/ptolemy/actor/lib/jjs/test/auto/JavaScript17.xml
----------------- Wed May 23 16:26:05 UTC 2018 About to sleep for 5.0 seconds before running or rerunning.  Test is: /home/travis/build/icyphy/ptII/ptolemy/actor/lib/jjs/test/auto/JavaScript17.xml
Done sleeping
----------------- Instantiating /home/travis/build/icyphy/ptII/ptolemy/actor/lib/jjs/test/auto/JavaScript17.xml
832 ms. Memory: 996352K Free: 336985K (34%)
----------------- Invoking toplevel() on ptolemy.moml.MoMLSimpleApplication@4caaeee5
----------------- Done invoking toplevel() on ptolemy.moml.MoMLSimpleApplication@4caaeee5
reloadAllAccessors: .JavaScript17
----------------- testing Wed May 23 16:26:11 UTC 2018 /home/travis/build/icyphy/ptII/ptolemy/actor/lib/jjs/test/auto/JavaScript18.xml
----------------- Wed May 23 16:26:11 UTC 2018 About to sleep for 5.0 seconds before running or rerunning.  Test is: /home/travis/build/icyphy/ptII/ptolemy/actor/lib/jjs/test/auto/JavaScript18.xml
Done sleeping
----------------- Instantiating /home/travis/build/icyphy/ptII/ptolemy/actor/lib/jjs/test/auto/JavaScript18.xml
1060 ms. Memory: 1033728K Free: 958201K (93%)
----------------- Invoking toplevel() on ptolemy.moml.MoMLSimpleApplication@6ba10f79
----------------- Done invoking toplevel() on ptolemy.moml.MoMLSimpleApplication@6ba10f79
reloadAllAccessors: .JavaScript18
----------------- testing Wed May 23 16:26:18 UTC 2018 /home/travis/build/icyphy/ptII/ptolemy/actor/lib/jjs/test/auto/JavaScript19.xml
----------------- Wed May 23 16:26:18 UTC 2018 About to sleep for 5.0 seconds before running or rerunning.  Test is: /home/travis/build/icyphy/ptII/ptolemy/actor/lib/jjs/test/auto/JavaScript19.xml
Done sleeping
----------------- Instantiating /home/travis/build/icyphy/ptII/ptolemy/actor/lib/jjs/test/auto/JavaScript19.xml
664 ms. Memory: 1033728K Free: 634686K (61%)
----------------- Invoking toplevel() on ptolemy.moml.MoMLSimpleApplication@411209d0
----------------- Done invoking toplevel() on ptolemy.moml.MoMLSimpleApplication@411209d0
reloadAllAccessors: .JavaScript19
----------------- testing Wed May 23 16:26:24 UTC 2018 /home/travis/build/icyphy/ptII/ptolemy/actor/lib/jjs/test/auto/JavaScript2.xml
----------------- Wed May 23 16:26:24 UTC 2018 About to sleep for 5.0 seconds before running or rerunning.  Test is: /home/travis/build/icyphy/ptII/ptolemy/actor/lib/jjs/test/auto/JavaScript2.xml
Done sleeping
----------------- Instantiating /home/travis/build/icyphy/ptII/ptolemy/actor/lib/jjs/test/auto/JavaScript2.xml
604 ms. Memory: 1033728K Free: 314694K (30%)
----------------- Invoking toplevel() on ptolemy.moml.MoMLSimpleApplication@45055800
----------------- Done invoking toplevel() on ptolemy.moml.MoMLSimpleApplication@45055800
reloadAllAccessors: .JavaScript2
----------------- testing Wed May 23 16:26:30 UTC 2018 /home/travis/build/icyphy/ptII/ptolemy/actor/lib/jjs/test/auto/JavaScript20.xml
----------------- Wed May 23 16:26:30 UTC 2018 About to sleep for 5.0 seconds before running or rerunning.  Test is: /home/travis/build/icyphy/ptII/ptolemy/actor/lib/jjs/test/auto/JavaScript20.xml
Done sleeping
----------------- Instantiating /home/travis/build/icyphy/ptII/ptolemy/actor/lib/jjs/test/auto/JavaScript20.xml
740 ms. Memory: 1236480K Free: 962036K (78%)
----------------- Invoking toplevel() on ptolemy.moml.MoMLSimpleApplication@4c243e20
----------------- Done invoking toplevel() on ptolemy.moml.MoMLSimpleApplication@4c243e20
reloadAllAccessors: .JavaScript20
----------------- testing Wed May 23 16:26:36 UTC 2018 /home/travis/build/icyphy/ptII/ptolemy/actor/lib/jjs/test/auto/JavaScript21.xml
----------------- Wed May 23 16:26:36 UTC 2018 About to sleep for 5.0 seconds before running or rerunning.  Test is: /home/travis/build/icyphy/ptII/ptolemy/actor/lib/jjs/test/auto/JavaScript21.xml
Done sleeping
----------------- Instantiating /home/travis/build/icyphy/ptII/ptolemy/actor/lib/jjs/test/auto/JavaScript21.xml
693 ms. Memory: 1236480K Free: 650396K (53%)
----------------- Invoking toplevel() on ptolemy.moml.MoMLSimpleApplication@4c3b28ea
----------------- Done invoking toplevel() on ptolemy.moml.MoMLSimpleApplication@4c3b28ea
reloadAllAccessors: .JavaScript21
----------------- testing Wed May 23 16:26:42 UTC 2018 /home/travis/build/icyphy/ptII/ptolemy/actor/lib/jjs/test/auto/JavaScript22.xml
----------------- Wed May 23 16:26:42 UTC 2018 About to sleep for 5.0 seconds before running or rerunning.  Test is: /home/travis/build/icyphy/ptII/ptolemy/actor/lib/jjs/test/auto/JavaScript22.xml
Done sleeping
----------------- Instantiating /home/travis/build/icyphy/ptII/ptolemy/actor/lib/jjs/test/auto/JavaScript22.xml
634 ms. Memory: 1236480K Free: 339185K (27%)
----------------- Invoking toplevel() on ptolemy.moml.MoMLSimpleApplication@72a4310f
----------------- Done invoking toplevel() on ptolemy.moml.MoMLSimpleApplication@72a4310f
reloadAllAccessors: .JavaScript22
----------------- testing Wed May 23 16:26:48 UTC 2018 /home/travis/build/icyphy/ptII/ptolemy/actor/lib/jjs/test/auto/JavaScript23.xml
----------------- Wed May 23 16:26:48 UTC 2018 About to sleep for 5.0 seconds before running or rerunning.  Test is: /home/travis/build/icyphy/ptII/ptolemy/actor/lib/jjs/test/auto/JavaScript23.xml
Done sleeping
----------------- Instantiating /home/travis/build/icyphy/ptII/ptolemy/actor/lib/jjs/test/auto/JavaScript23.xml
1057 ms. Memory: 1242624K Free: 966617K (78%)
----------------- Invoking toplevel() on ptolemy.moml.MoMLSimpleApplication@7f415f31
----------------- Done invoking toplevel() on ptolemy.moml.MoMLSimpleApplication@7f415f31
reloadAllAccessors: .JavaScript23
----------------- testing Wed May 23 16:26:55 UTC 2018 /home/travis/build/icyphy/ptII/ptolemy/actor/lib/jjs/test/auto/JavaScript24.xml
----------------- Wed May 23 16:26:55 UTC 2018 About to sleep for 5.0 seconds before running or rerunning.  Test is: /home/travis/build/icyphy/ptII/ptolemy/actor/lib/jjs/test/auto/JavaScript24.xml
Done sleeping
----------------- Instantiating /home/travis/build/icyphy/ptII/ptolemy/actor/lib/jjs/test/auto/JavaScript24.xml
788 ms. Memory: 1242624K Free: 656687K (53%)
----------------- Invoking toplevel() on ptolemy.moml.MoMLSimpleApplication@2689bd99
----------------- Done invoking toplevel() on ptolemy.moml.MoMLSimpleApplication@2689bd99
reloadAllAccessors: .JavaScript24
----------------- testing Wed May 23 16:27:01 UTC 2018 /home/travis/build/icyphy/ptII/ptolemy/actor/lib/jjs/test/auto/JavaScript25.xml
----------------- Wed May 23 16:27:01 UTC 2018 About to sleep for 5.0 seconds before running or rerunning.  Test is: /home/travis/build/icyphy/ptII/ptolemy/actor/lib/jjs/test/auto/JavaScript25.xml
Done sleeping
----------------- Instantiating /home/travis/build/icyphy/ptII/ptolemy/actor/lib/jjs/test/auto/JavaScript25.xml
691 ms. Memory: 1242624K Free: 350468K (28%)
----------------- Invoking toplevel() on ptolemy.moml.MoMLSimpleApplication@5c300698
----------------- Done invoking toplevel() on ptolemy.moml.MoMLSimpleApplication@5c300698
reloadAllAccessors: .JavaScript25
----------------- testing Wed May 23 16:27:07 UTC 2018 /home/travis/build/icyphy/ptII/ptolemy/actor/lib/jjs/test/auto/JavaScript26.xml
----------------- Wed May 23 16:27:07 UTC 2018 About to sleep for 5.0 seconds before running or rerunning.  Test is: /home/travis/build/icyphy/ptII/ptolemy/actor/lib/jjs/test/auto/JavaScript26.xml
Done sleeping
----------------- Instantiating /home/travis/build/icyphy/ptII/ptolemy/actor/lib/jjs/test/auto/JavaScript26.xml
958 ms. Memory: 1536000K Free: 1467190K (96%)
----------------- Invoking toplevel() on ptolemy.moml.MoMLSimpleApplication@370b8f41
----------------- Done invoking toplevel() on ptolemy.moml.MoMLSimpleApplication@370b8f41
reloadAllAccessors: .JavaScript26
----------------- testing Wed May 23 16:27:13 UTC 2018 /home/travis/build/icyphy/ptII/ptolemy/actor/lib/jjs/test/auto/JavaScript27.xml
----------------- Wed May 23 16:27:13 UTC 2018 About to sleep for 5.0 seconds before running or rerunning.  Test is: /home/travis/build/icyphy/ptII/ptolemy/actor/lib/jjs/test/auto/JavaScript27.xml
Done sleeping
----------------- Instantiating /home/travis/build/icyphy/ptII/ptolemy/actor/lib/jjs/test/auto/JavaScript27.xml
742 ms. Memory: 1536000K Free: 1149923K (75%)
----------------- Invoking toplevel() on ptolemy.moml.MoMLSimpleApplication@60b52546
----------------- Done invoking toplevel() on ptolemy.moml.MoMLSimpleApplication@60b52546
reloadAllAccessors: .JavaScript27
----------------- testing Wed May 23 16:27:20 UTC 2018 /home/travis/build/icyphy/ptII/ptolemy/actor/lib/jjs/test/auto/JavaScript3.xml
----------------- Wed May 23 16:27:20 UTC 2018 About to sleep for 5.0 seconds before running or rerunning.  Test is: /home/travis/build/icyphy/ptII/ptolemy/actor/lib/jjs/test/auto/JavaScript3.xml
Done sleeping
----------------- Instantiating /home/travis/build/icyphy/ptII/ptolemy/actor/lib/jjs/test/auto/JavaScript3.xml
1217 ms. Memory: 1536000K Free: 669110K (44%)
----------------- Invoking toplevel() on ptolemy.moml.MoMLSimpleApplication@5c15346a
----------------- Done invoking toplevel() on ptolemy.moml.MoMLSimpleApplication@5c15346a
reloadAllAccessors: .JavaScript3
----------------- testing Wed May 23 16:27:26 UTC 2018 /home/travis/build/icyphy/ptII/ptolemy/actor/lib/jjs/test/auto/JavaScript4.xml
----------------- Wed May 23 16:27:26 UTC 2018 About to sleep for 5.0 seconds before running or rerunning.  Test is: /home/travis/build/icyphy/ptII/ptolemy/actor/lib/jjs/test/auto/JavaScript4.xml
Done sleeping
----------------- Instantiating /home/travis/build/icyphy/ptII/ptolemy/actor/lib/jjs/test/auto/JavaScript4.xml
1557 ms. Memory: 1544192K Free: 1373794K (89%)
----------------- Invoking toplevel() on ptolemy.moml.MoMLSimpleApplication@1cf353e0
----------------- Done invoking toplevel() on ptolemy.moml.MoMLSimpleApplication@1cf353e0
reloadAllAccessors: .JavaScript4
----------------- testing Wed May 23 16:27:33 UTC 2018 /home/travis/build/icyphy/ptII/ptolemy/actor/lib/jjs/test/auto/JavaScript5.xml
----------------- Wed May 23 16:27:33 UTC 2018 About to sleep for 5.0 seconds before running or rerunning.  Test is: /home/travis/build/icyphy/ptII/ptolemy/actor/lib/jjs/test/auto/JavaScript5.xml
Done sleeping
----------------- Instantiating /home/travis/build/icyphy/ptII/ptolemy/actor/lib/jjs/test/auto/JavaScript5.xml
731 ms. Memory: 1544192K Free: 1050993K (68%)
----------------- Invoking toplevel() on ptolemy.moml.MoMLSimpleApplication@307668c0
----------------- Done invoking toplevel() on ptolemy.moml.MoMLSimpleApplication@307668c0
reloadAllAccessors: .JavaScript5
----------------- testing Wed May 23 16:27:39 UTC 2018 /home/travis/build/icyphy/ptII/ptolemy/actor/lib/jjs/test/auto/JavaScript6.xml
----------------- Wed May 23 16:27:39 UTC 2018 About to sleep for 5.0 seconds before running or rerunning.  Test is: /home/travis/build/icyphy/ptII/ptolemy/actor/lib/jjs/test/auto/JavaScript6.xml
Done sleeping
----------------- Instantiating /home/travis/build/icyphy/ptII/ptolemy/actor/lib/jjs/test/auto/JavaScript6.xml
1288 ms. Memory: 1544192K Free: 416611K (27%)
----------------- Invoking toplevel() on ptolemy.moml.MoMLSimpleApplication@51e5f053
----------------- Done invoking toplevel() on ptolemy.moml.MoMLSimpleApplication@51e5f053
reloadAllAccessors: .JavaScript6
----------------- testing Wed May 23 16:27:46 UTC 2018 /home/travis/build/icyphy/ptII/ptolemy/actor/lib/jjs/test/auto/JavaScript7.xml
----------------- Wed May 23 16:27:46 UTC 2018 About to sleep for 5.0 seconds before running or rerunning.  Test is: /home/travis/build/icyphy/ptII/ptolemy/actor/lib/jjs/test/auto/JavaScript7.xml
Done sleeping
----------------- Instantiating /home/travis/build/icyphy/ptII/ptolemy/actor/lib/jjs/test/auto/JavaScript7.xml
1286 ms. Memory: 1806848K Free: 1378816K (76%)
----------------- Invoking toplevel() on ptolemy.moml.MoMLSimpleApplication@3fc9ac7
----------------- Done invoking toplevel() on ptolemy.moml.MoMLSimpleApplication@3fc9ac7
reloadAllAccessors: .JavaScript7
----------------- testing Wed May 23 16:27:54 UTC 2018 /home/travis/build/icyphy/ptII/ptolemy/actor/lib/jjs/test/auto/JavaScript8.xml
----------------- Wed May 23 16:27:54 UTC 2018 About to sleep for 5.0 seconds before running or rerunning.  Test is: /home/travis/build/icyphy/ptII/ptolemy/actor/lib/jjs/test/auto/JavaScript8.xml
Done sleeping
----------------- Instantiating /home/travis/build/icyphy/ptII/ptolemy/actor/lib/jjs/test/auto/JavaScript8.xml
627 ms. Memory: 1806848K Free: 1068619K (59%)
----------------- Invoking toplevel() on ptolemy.moml.MoMLSimpleApplication@3a969770
----------------- Done invoking toplevel() on ptolemy.moml.MoMLSimpleApplication@3a969770
reloadAllAccessors: .JavaScript8
----------------- testing Wed May 23 16:28:00 UTC 2018 /home/travis/build/icyphy/ptII/ptolemy/actor/lib/jjs/test/auto/JavaScript9.xml
----------------- Wed May 23 16:28:00 UTC 2018 About to sleep for 5.0 seconds before running or rerunning.  Test is: /home/travis/build/icyphy/ptII/ptolemy/actor/lib/jjs/test/auto/JavaScript9.xml
Done sleeping
----------------- Instantiating /home/travis/build/icyphy/ptII/ptolemy/actor/lib/jjs/test/auto/JavaScript9.xml
560 ms. Memory: 1806848K Free: 752510K (42%)
----------------- Invoking toplevel() on ptolemy.moml.MoMLSimpleApplication@7ca2f1fe
----------------- Done invoking toplevel() on ptolemy.moml.MoMLSimpleApplication@7ca2f1fe
reloadAllAccessors: .JavaScript9
----------------- testing Wed May 23 16:28:06 UTC 2018 /home/travis/build/icyphy/ptII/ptolemy/actor/lib/jjs/test/auto/JavaScriptAbsentInputs.xml
----------------- Wed May 23 16:28:06 UTC 2018 About to sleep for 5.0 seconds before running or rerunning.  Test is: /home/travis/build/icyphy/ptII/ptolemy/actor/lib/jjs/test/auto/JavaScriptAbsentInputs.xml
Done sleeping
----------------- Instantiating /home/travis/build/icyphy/ptII/ptolemy/actor/lib/jjs/test/auto/JavaScriptAbsentInputs.xml
537 ms. Memory: 1806848K Free: 436354K (24%)
----------------- Invoking toplevel() on ptolemy.moml.MoMLSimpleApplication@19b55431
----------------- Done invoking toplevel() on ptolemy.moml.MoMLSimpleApplication@19b55431
reloadAllAccessors: .JavaScriptAbsentInputs
----------------- testing Wed May 23 16:28:12 UTC 2018 /home/travis/build/icyphy/ptII/ptolemy/actor/lib/jjs/test/auto/JavaScriptAbsentInputsPersistent.xml
----------------- Wed May 23 16:28:12 UTC 2018 About to sleep for 5.0 seconds before running or rerunning.  Test is: /home/travis/build/icyphy/ptII/ptolemy/actor/lib/jjs/test/auto/JavaScriptAbsentInputsPersistent.xml
Done sleeping
----------------- Instantiating /home/travis/build/icyphy/ptII/ptolemy/actor/lib/jjs/test/auto/JavaScriptAbsentInputsPersistent.xml
582 ms. Memory: 1803264K Free: 1475272K (82%)
----------------- Invoking toplevel() on ptolemy.moml.MoMLSimpleApplication@1974b3fa
----------------- Done invoking toplevel() on ptolemy.moml.MoMLSimpleApplication@1974b3fa
reloadAllAccessors: .JavaScriptAbsentInputsPersistent
----------------- testing Wed May 23 16:28:18 UTC 2018 /home/travis/build/icyphy/ptII/ptolemy/actor/lib/jjs/test/auto/JavaScriptArray.xml
----------------- Wed May 23 16:28:18 UTC 2018 About to sleep for 5.0 seconds before running or rerunning.  Test is: /home/travis/build/icyphy/ptII/ptolemy/actor/lib/jjs/test/auto/JavaScriptArray.xml
Done sleeping
----------------- Instantiating /home/travis/build/icyphy/ptII/ptolemy/actor/lib/jjs/test/auto/JavaScriptArray.xml
669 ms. Memory: 1803264K Free: 1159056K (64%)
----------------- Invoking toplevel() on ptolemy.moml.MoMLSimpleApplication@27db8020
----------------- Done invoking toplevel() on ptolemy.moml.MoMLSimpleApplication@27db8020
reloadAllAccessors: .JavaScriptArray
----------------- testing Wed May 23 16:28:24 UTC 2018 /home/travis/build/icyphy/ptII/ptolemy/actor/lib/jjs/test/auto/JavaScriptArray2.xml
----------------- Wed May 23 16:28:24 UTC 2018 About to sleep for 5.0 seconds before running or rerunning.  Test is: /home/travis/build/icyphy/ptII/ptolemy/actor/lib/jjs/test/auto/JavaScriptArray2.xml
Done sleeping
----------------- Instantiating /home/travis/build/icyphy/ptII/ptolemy/actor/lib/jjs/test/auto/JavaScriptArray2.xml
706 ms. Memory: 1803264K Free: 842891K (47%)
----------------- Invoking toplevel() on ptolemy.moml.MoMLSimpleApplication@20eafe8e
----------------- Done invoking toplevel() on ptolemy.moml.MoMLSimpleApplication@20eafe8e
reloadAllAccessors: .JavaScriptArray2
----------------- testing Wed May 23 16:28:30 UTC 2018 /home/travis/build/icyphy/ptII/ptolemy/actor/lib/jjs/test/auto/JavaScriptBooleanToken.xml
----------------- Wed May 23 16:28:30 UTC 2018 About to sleep for 5.0 seconds before running or rerunning.  Test is: /home/travis/build/icyphy/ptII/ptolemy/actor/lib/jjs/test/auto/JavaScriptBooleanToken.xml
Done sleeping
----------------- Instantiating /home/travis/build/icyphy/ptII/ptolemy/actor/lib/jjs/test/auto/JavaScriptBooleanToken.xml
587 ms. Memory: 1803264K Free: 526677K (29%)
----------------- Invoking toplevel() on ptolemy.moml.MoMLSimpleApplication@e99fb49
----------------- Done invoking toplevel() on ptolemy.moml.MoMLSimpleApplication@e99fb49
reloadAllAccessors: .JavaScriptBooleanToken
----------------- testing Wed May 23 16:28:36 UTC 2018 /home/travis/build/icyphy/ptII/ptolemy/actor/lib/jjs/test/auto/JavaScriptBuildPtolemyModel.xml
----------------- Wed May 23 16:28:36 UTC 2018 About to sleep for 5.0 seconds before running or rerunning.  Test is: /home/travis/build/icyphy/ptII/ptolemy/actor/lib/jjs/test/auto/JavaScriptBuildPtolemyModel.xml
Done sleeping
----------------- Instantiating /home/travis/build/icyphy/ptII/ptolemy/actor/lib/jjs/test/auto/JavaScriptBuildPtolemyModel.xml
0
1
2
3
4
5
6
7
8
9
2 ms. Memory: 1803264K Free: 214670K (12%)
534 ms. Memory: 1803264K Free: 214670K (12%)
----------------- Invoking toplevel() on ptolemy.moml.MoMLSimpleApplication@572cab1f
----------------- Done invoking toplevel() on ptolemy.moml.MoMLSimpleApplication@572cab1f
reloadAllAccessors: .JavaScriptBuildPtolemyModel
----------------- testing Wed May 23 16:28:42 UTC 2018 /home/travis/build/icyphy/ptII/ptolemy/actor/lib/jjs/test/auto/JavaScriptBuildPtolemyModelAndSend.xml
----------------- Wed May 23 16:28:42 UTC 2018 About to sleep for 5.0 seconds before running or rerunning.  Test is: /home/travis/build/icyphy/ptII/ptolemy/actor/lib/jjs/test/auto/JavaScriptBuildPtolemyModelAndSend.xml
Done sleeping
----------------- Instantiating /home/travis/build/icyphy/ptII/ptolemy/actor/lib/jjs/test/auto/JavaScriptBuildPtolemyModelAndSend.xml
545 ms. Memory: 1804288K Free: 1478511K (82%)
----------------- Invoking toplevel() on ptolemy.moml.MoMLSimpleApplication@2d1085f0
----------------- Done invoking toplevel() on ptolemy.moml.MoMLSimpleApplication@2d1085f0
reloadAllAccessors: .JavaScriptBuildPtolemyModelAndSend
----------------- testing Wed May 23 16:28:48 UTC 2018 /home/travis/build/icyphy/ptII/ptolemy/actor/lib/jjs/test/auto/JavaScriptBuildPtolemyModelAndSendAndReceive.xml
----------------- Wed May 23 16:28:48 UTC 2018 About to sleep for 5.0 seconds before running or rerunning.  Test is: /home/travis/build/icyphy/ptII/ptolemy/actor/lib/jjs/test/auto/JavaScriptBuildPtolemyModelAndSendAndReceive.xml
Done sleeping
----------------- Instantiating /home/travis/build/icyphy/ptII/ptolemy/actor/lib/jjs/test/auto/JavaScriptBuildPtolemyModelAndSendAndReceive.xml
0
1
2
3
4
5
6
7
8
9
3 ms. Memory: 1804288K Free: 863493K (48%)
1166 ms. Memory: 1804288K Free: 863493K (48%)
----------------- Invoking toplevel() on ptolemy.moml.MoMLSimpleApplication@3a2b7ea3
----------------- Done invoking toplevel() on ptolemy.moml.MoMLSimpleApplication@3a2b7ea3
reloadAllAccessors: .JavaScriptBuildPtolemyModelAndSendAndReceive
----------------- testing Wed May 23 16:28:55 UTC 2018 /home/travis/build/icyphy/ptII/ptolemy/actor/lib/jjs/test/auto/JavaScriptCount.xml
----------------- Wed May 23 16:28:55 UTC 2018 About to sleep for 5.0 seconds before running or rerunning.  Test is: /home/travis/build/icyphy/ptII/ptolemy/actor/lib/jjs/test/auto/JavaScriptCount.xml
Done sleeping
----------------- Instantiating /home/travis/build/icyphy/ptII/ptolemy/actor/lib/jjs/test/auto/JavaScriptCount.xml
561 ms. Memory: 1804288K Free: 551024K (31%)
----------------- Invoking toplevel() on ptolemy.moml.MoMLSimpleApplication@58dc426c
----------------- Done invoking toplevel() on ptolemy.moml.MoMLSimpleApplication@58dc426c
reloadAllAccessors: .JavaScriptCount
----------------- testing Wed May 23 16:29:01 UTC 2018 /home/travis/build/icyphy/ptII/ptolemy/actor/lib/jjs/test/auto/JavaScriptDoubleToken.xml
----------------- Wed May 23 16:29:01 UTC 2018 About to sleep for 5.0 seconds before running or rerunning.  Test is: /home/travis/build/icyphy/ptII/ptolemy/actor/lib/jjs/test/auto/JavaScriptDoubleToken.xml
Done sleeping
----------------- Instantiating /home/travis/build/icyphy/ptII/ptolemy/actor/lib/jjs/test/auto/JavaScriptDoubleToken.xml
790 ms. Memory: 1774592K Free: 1516583K (85%)
----------------- Invoking toplevel() on ptolemy.moml.MoMLSimpleApplication@259973f1
----------------- Done invoking toplevel() on ptolemy.moml.MoMLSimpleApplication@259973f1
reloadAllAccessors: .JavaScriptDoubleToken
----------------- testing Wed May 23 16:29:07 UTC 2018 /home/travis/build/icyphy/ptII/ptolemy/actor/lib/jjs/test/auto/JavaScriptErrorOutput.xml
----------------- Wed May 23 16:29:07 UTC 2018 About to sleep for 5.0 seconds before running or rerunning.  Test is: /home/travis/build/icyphy/ptII/ptolemy/actor/lib/jjs/test/auto/JavaScriptErrorOutput.xml
Done sleeping
----------------- Instantiating /home/travis/build/icyphy/ptII/ptolemy/actor/lib/jjs/test/auto/JavaScriptErrorOutput.xml
625 ms. Memory: 1774592K Free: 1204310K (68%)
----------------- Invoking toplevel() on ptolemy.moml.MoMLSimpleApplication@54c83a44
----------------- Done invoking toplevel() on ptolemy.moml.MoMLSimpleApplication@54c83a44
reloadAllAccessors: .JavaScriptErrorOutput
----------------- testing Wed May 23 16:29:13 UTC 2018 /home/travis/build/icyphy/ptII/ptolemy/actor/lib/jjs/test/auto/JavaScriptFactorial.xml
----------------- Wed May 23 16:29:13 UTC 2018 About to sleep for 5.0 seconds before running or rerunning.  Test is: /home/travis/build/icyphy/ptII/ptolemy/actor/lib/jjs/test/auto/JavaScriptFactorial.xml
Done sleeping
----------------- Instantiating /home/travis/build/icyphy/ptII/ptolemy/actor/lib/jjs/test/auto/JavaScriptFactorial.xml
596 ms. Memory: 1774592K Free: 883440K (50%)
----------------- Invoking toplevel() on ptolemy.moml.MoMLSimpleApplication@45188625
----------------- Done invoking toplevel() on ptolemy.moml.MoMLSimpleApplication@45188625
reloadAllAccessors: .JavaScriptFactorial
----------------- testing Wed May 23 16:29:19 UTC 2018 /home/travis/build/icyphy/ptII/ptolemy/actor/lib/jjs/test/auto/JavaScriptInputHandler1.xml
----------------- Wed May 23 16:29:19 UTC 2018 About to sleep for 5.0 seconds before running or rerunning.  Test is: /home/travis/build/icyphy/ptII/ptolemy/actor/lib/jjs/test/auto/JavaScriptInputHandler1.xml
Done sleeping
----------------- Instantiating /home/travis/build/icyphy/ptII/ptolemy/actor/lib/jjs/test/auto/JavaScriptInputHandler1.xml
590 ms. Memory: 1774592K Free: 569310K (32%)
----------------- Invoking toplevel() on ptolemy.moml.MoMLSimpleApplication@fa939c
----------------- Done invoking toplevel() on ptolemy.moml.MoMLSimpleApplication@fa939c
reloadAllAccessors: .JavaScriptInputHandler1
----------------- testing Wed May 23 16:29:25 UTC 2018 /home/travis/build/icyphy/ptII/ptolemy/actor/lib/jjs/test/auto/JavaScriptInputHandler2.xml
----------------- Wed May 23 16:29:25 UTC 2018 About to sleep for 5.0 seconds before running or rerunning.  Test is: /home/travis/build/icyphy/ptII/ptolemy/actor/lib/jjs/test/auto/JavaScriptInputHandler2.xml
Done sleeping
----------------- Instantiating /home/travis/build/icyphy/ptII/ptolemy/actor/lib/jjs/test/auto/JavaScriptInputHandler2.xml
644 ms. Memory: 1774592K Free: 248153K (14%)
----------------- Invoking toplevel() on ptolemy.moml.MoMLSimpleApplication@70c2cf49
----------------- Done invoking toplevel() on ptolemy.moml.MoMLSimpleApplication@70c2cf49
reloadAllAccessors: .JavaScriptInputHandler2
----------------- testing Wed May 23 16:29:31 UTC 2018 /home/travis/build/icyphy/ptII/ptolemy/actor/lib/jjs/test/auto/JavaScriptInputHandler3.xml
----------------- Wed May 23 16:29:31 UTC 2018 About to sleep for 5.0 seconds before running or rerunning.  Test is: /home/travis/build/icyphy/ptII/ptolemy/actor/lib/jjs/test/auto/JavaScriptInputHandler3.xml
Done sleeping
----------------- Instantiating /home/travis/build/icyphy/ptII/ptolemy/actor/lib/jjs/test/auto/JavaScriptInputHandler3.xml
633 ms. Memory: 1798144K Free: 1265409K (70%)
----------------- Invoking toplevel() on ptolemy.moml.MoMLSimpleApplication@5a388c1d
----------------- Done invoking toplevel() on ptolemy.moml.MoMLSimpleApplication@5a388c1d
reloadAllAccessors: .JavaScriptInputHandler3
----------------- testing Wed May 23 16:29:37 UTC 2018 /home/travis/build/icyphy/ptII/ptolemy/actor/lib/jjs/test/auto/JavaScriptIntToken.xml
----------------- Wed May 23 16:29:37 UTC 2018 About to sleep for 5.0 seconds before running or rerunning.  Test is: /home/travis/build/icyphy/ptII/ptolemy/actor/lib/jjs/test/auto/JavaScriptIntToken.xml
Done sleeping
----------------- Instantiating /home/travis/build/icyphy/ptII/ptolemy/actor/lib/jjs/test/auto/JavaScriptIntToken.xml
637 ms. Memory: 1798144K Free: 949038K (53%)
----------------- Invoking toplevel() on ptolemy.moml.MoMLSimpleApplication@2739bb9d
----------------- Done invoking toplevel() on ptolemy.moml.MoMLSimpleApplication@2739bb9d
reloadAllAccessors: .JavaScriptIntToken
----------------- testing Wed May 23 16:29:43 UTC 2018 /home/travis/build/icyphy/ptII/ptolemy/actor/lib/jjs/test/auto/JavaScriptLongToken.xml
----------------- Wed May 23 16:29:43 UTC 2018 About to sleep for 5.0 seconds before running or rerunning.  Test is: /home/travis/build/icyphy/ptII/ptolemy/actor/lib/jjs/test/auto/JavaScriptLongToken.xml
Done sleeping
----------------- Instantiating /home/travis/build/icyphy/ptII/ptolemy/actor/lib/jjs/test/auto/JavaScriptLongToken.xml
636 ms. Memory: 1798144K Free: 632737K (35%)
----------------- Invoking toplevel() on ptolemy.moml.MoMLSimpleApplication@6eeaeb87
----------------- Done invoking toplevel() on ptolemy.moml.MoMLSimpleApplication@6eeaeb87
reloadAllAccessors: .JavaScriptLongToken
----------------- testing Wed May 23 16:29:49 UTC 2018 /home/travis/build/icyphy/ptII/ptolemy/actor/lib/jjs/test/auto/JavaScriptLongToken2.xml
----------------- Wed May 23 16:29:49 UTC 2018 About to sleep for 5.0 seconds before running or rerunning.  Test is: /home/travis/build/icyphy/ptII/ptolemy/actor/lib/jjs/test/auto/JavaScriptLongToken2.xml
Done sleeping
----------------- Instantiating /home/travis/build/icyphy/ptII/ptolemy/actor/lib/jjs/test/auto/JavaScriptLongToken2.xml
1497 ms. Memory: 1793536K Free: 1594684K (89%)
----------------- Invoking toplevel() on ptolemy.moml.MoMLSimpleApplication@3250aa4c
----------------- Done invoking toplevel() on ptolemy.moml.MoMLSimpleApplication@3250aa4c
reloadAllAccessors: .JavaScriptLongToken2
----------------- testing Wed May 23 16:29:56 UTC 2018 /home/travis/build/icyphy/ptII/ptolemy/actor/lib/jjs/test/auto/JavaScriptReadParameter.xml
----------------- Wed May 23 16:29:56 UTC 2018 About to sleep for 5.0 seconds before running or rerunning.  Test is: /home/travis/build/icyphy/ptII/ptolemy/actor/lib/jjs/test/auto/JavaScriptReadParameter.xml
Done sleeping
----------------- Instantiating /home/travis/build/icyphy/ptII/ptolemy/actor/lib/jjs/test/auto/JavaScriptReadParameter.xml
613 ms. Memory: 1793536K Free: 1265236K (71%)
----------------- Invoking toplevel() on ptolemy.moml.MoMLSimpleApplication@62aa48d8
----------------- Done invoking toplevel() on ptolemy.moml.MoMLSimpleApplication@62aa48d8
reloadAllAccessors: .JavaScriptReadParameter
----------------- testing Wed May 23 16:30:02 UTC 2018 /home/travis/build/icyphy/ptII/ptolemy/actor/lib/jjs/test/auto/JavaScriptReceiveDate.xml
----------------- Wed May 23 16:30:02 UTC 2018 About to sleep for 5.0 seconds before running or rerunning.  Test is: /home/travis/build/icyphy/ptII/ptolemy/actor/lib/jjs/test/auto/JavaScriptReceiveDate.xml
Done sleeping
----------------- Instantiating /home/travis/build/icyphy/ptII/ptolemy/actor/lib/jjs/test/auto/JavaScriptReceiveDate.xml
JavaScript: localFunctions.js: convertToToken(Tue Jan 01 1957 00:00:00 GMT+0000 (UTC), -410227200000, Tue Jan 01 1957 00:00:00 GMT+0000 (UTC) (Thread[JavaScriptReceiveDate,1,main])
646 ms. Memory: 1793536K Free: 942539K (53%)
----------------- Invoking toplevel() on ptolemy.moml.MoMLSimpleApplication@4e118040
----------------- Done invoking toplevel() on ptolemy.moml.MoMLSimpleApplication@4e118040
reloadAllAccessors: .JavaScriptReceiveDate
----------------- testing Wed May 23 16:30:08 UTC 2018 /home/travis/build/icyphy/ptII/ptolemy/actor/lib/jjs/test/auto/JavaScriptRecord.xml
----------------- Wed May 23 16:30:08 UTC 2018 About to sleep for 5.0 seconds before running or rerunning.  Test is: /home/travis/build/icyphy/ptII/ptolemy/actor/lib/jjs/test/auto/JavaScriptRecord.xml
Done sleeping
----------------- Instantiating /home/travis/build/icyphy/ptII/ptolemy/actor/lib/jjs/test/auto/JavaScriptRecord.xml
636 ms. Memory: 1793536K Free: 626415K (35%)
----------------- Invoking toplevel() on ptolemy.moml.MoMLSimpleApplication@7d1a2483
----------------- Done invoking toplevel() on ptolemy.moml.MoMLSimpleApplication@7d1a2483
reloadAllAccessors: .JavaScriptRecord
----------------- testing Wed May 23 16:30:14 UTC 2018 /home/travis/build/icyphy/ptII/ptolemy/actor/lib/jjs/test/auto/JavaScriptRecordToken.xml
----------------- Wed May 23 16:30:14 UTC 2018 About to sleep for 5.0 seconds before running or rerunning.  Test is: /home/travis/build/icyphy/ptII/ptolemy/actor/lib/jjs/test/auto/JavaScriptRecordToken.xml
Done sleeping
----------------- Instantiating /home/travis/build/icyphy/ptII/ptolemy/actor/lib/jjs/test/auto/JavaScriptRecordToken.xml
988 ms. Memory: 1842688K Free: 1648160K (89%)
----------------- Invoking toplevel() on ptolemy.moml.MoMLSimpleApplication@5e991572
----------------- Done invoking toplevel() on ptolemy.moml.MoMLSimpleApplication@5e991572
reloadAllAccessors: .JavaScriptRecordToken
----------------- testing Wed May 23 16:30:20 UTC 2018 /home/travis/build/icyphy/ptII/ptolemy/actor/lib/jjs/test/auto/JavaScriptSendArray.xml
----------------- Wed May 23 16:30:20 UTC 2018 About to sleep for 5.0 seconds before running or rerunning.  Test is: /home/travis/build/icyphy/ptII/ptolemy/actor/lib/jjs/test/auto/JavaScriptSendArray.xml
Done sleeping
----------------- Instantiating /home/travis/build/icyphy/ptII/ptolemy/actor/lib/jjs/test/auto/JavaScriptSendArray.xml
530 ms. Memory: 1842688K Free: 1331114K (72%)
----------------- Invoking toplevel() on ptolemy.moml.MoMLSimpleApplication@ca21dd8
----------------- Done invoking toplevel() on ptolemy.moml.MoMLSimpleApplication@ca21dd8
reloadAllAccessors: .JavaScriptSendArray
----------------- testing Wed May 23 16:30:26 UTC 2018 /home/travis/build/icyphy/ptII/ptolemy/actor/lib/jjs/test/auto/JavaScriptSendArray2.xml
----------------- Wed May 23 16:30:26 UTC 2018 About to sleep for 5.0 seconds before running or rerunning.  Test is: /home/travis/build/icyphy/ptII/ptolemy/actor/lib/jjs/test/auto/JavaScriptSendArray2.xml
Done sleeping
----------------- Instantiating /home/travis/build/icyphy/ptII/ptolemy/actor/lib/jjs/test/auto/JavaScriptSendArray2.xml
635 ms. Memory: 1842688K Free: 1018625K (55%)
----------------- Invoking toplevel() on ptolemy.moml.MoMLSimpleApplication@3c82715f
----------------- Done invoking toplevel() on ptolemy.moml.MoMLSimpleApplication@3c82715f
reloadAllAccessors: .JavaScriptSendArray2
----------------- testing Wed May 23 16:30:32 UTC 2018 /home/travis/build/icyphy/ptII/ptolemy/actor/lib/jjs/test/auto/JavaScriptSendBoolean.xml
----------------- Wed May 23 16:30:32 UTC 2018 About to sleep for 5.0 seconds before running or rerunning.  Test is: /home/travis/build/icyphy/ptII/ptolemy/actor/lib/jjs/test/auto/JavaScriptSendBoolean.xml
Done sleeping
----------------- Instantiating /home/travis/build/icyphy/ptII/ptolemy/actor/lib/jjs/test/auto/JavaScriptSendBoolean.xml
578 ms. Memory: 1842688K Free: 706146K (38%)
----------------- Invoking toplevel() on ptolemy.moml.MoMLSimpleApplication@1a4ced36
----------------- Done invoking toplevel() on ptolemy.moml.MoMLSimpleApplication@1a4ced36
reloadAllAccessors: .JavaScriptSendBoolean
----------------- testing Wed May 23 16:30:38 UTC 2018 /home/travis/build/icyphy/ptII/ptolemy/actor/lib/jjs/test/auto/JavaScriptSendDate.xml
----------------- Wed May 23 16:30:38 UTC 2018 About to sleep for 5.0 seconds before running or rerunning.  Test is: /home/travis/build/icyphy/ptII/ptolemy/actor/lib/jjs/test/auto/JavaScriptSendDate.xml
Done sleeping
----------------- Instantiating /home/travis/build/icyphy/ptII/ptolemy/actor/lib/jjs/test/auto/JavaScriptSendDate.xml
JavaScript: localFunctions.js: convertToToken(Thu Nov 13 2014 16:37:14 GMT+0000 (UTC), 1415896634546, Thu Nov 13 2014 16:37:14 GMT+0000 (UTC) (Thread[JavaScriptSendDate,1,main])
639 ms. Memory: 1842688K Free: 393322K (21%)
----------------- Invoking toplevel() on ptolemy.moml.MoMLSimpleApplication@7f4fb50f
----------------- Done invoking toplevel() on ptolemy.moml.MoMLSimpleApplication@7f4fb50f
reloadAllAccessors: .JavaScriptSendDate
----------------- testing Wed May 23 16:30:44 UTC 2018 /home/travis/build/icyphy/ptII/ptolemy/actor/lib/jjs/test/auto/JavaScriptSendDouble.xml
----------------- Wed May 23 16:30:44 UTC 2018 About to sleep for 5.0 seconds before running or rerunning.  Test is: /home/travis/build/icyphy/ptII/ptolemy/actor/lib/jjs/test/auto/JavaScriptSendDouble.xml
Done sleeping
----------------- Instantiating /home/travis/build/icyphy/ptII/ptolemy/actor/lib/jjs/test/auto/JavaScriptSendDouble.xml
611 ms. Memory: 1783296K Free: 1311958K (74%)
----------------- Invoking toplevel() on ptolemy.moml.MoMLSimpleApplication@43071fd
----------------- Done invoking toplevel() on ptolemy.moml.MoMLSimpleApplication@43071fd
reloadAllAccessors: .JavaScriptSendDouble
----------------- testing Wed May 23 16:30:51 UTC 2018 /home/travis/build/icyphy/ptII/ptolemy/actor/lib/jjs/test/auto/JavaScriptSendInt.xml
----------------- Wed May 23 16:30:51 UTC 2018 About to sleep for 5.0 seconds before running or rerunning.  Test is: /home/travis/build/icyphy/ptII/ptolemy/actor/lib/jjs/test/auto/JavaScriptSendInt.xml
Done sleeping
----------------- Instantiating /home/travis/build/icyphy/ptII/ptolemy/actor/lib/jjs/test/auto/JavaScriptSendInt.xml
563 ms. Memory: 1783296K Free: 997958K (56%)
----------------- Invoking toplevel() on ptolemy.moml.MoMLSimpleApplication@10212be7
----------------- Done invoking toplevel() on ptolemy.moml.MoMLSimpleApplication@10212be7
reloadAllAccessors: .JavaScriptSendInt
----------------- testing Wed May 23 16:30:57 UTC 2018 /home/travis/build/icyphy/ptII/ptolemy/actor/lib/jjs/test/auto/JavaScriptSendMatrix.xml
----------------- Wed May 23 16:30:57 UTC 2018 About to sleep for 5.0 seconds before running or rerunning.  Test is: /home/travis/build/icyphy/ptII/ptolemy/actor/lib/jjs/test/auto/JavaScriptSendMatrix.xml
Done sleeping
----------------- Instantiating /home/travis/build/icyphy/ptII/ptolemy/actor/lib/jjs/test/auto/JavaScriptSendMatrix.xml
638 ms. Memory: 1783296K Free: 683946K (38%)
----------------- Invoking toplevel() on ptolemy.moml.MoMLSimpleApplication@5c08cb8f
----------------- Done invoking toplevel() on ptolemy.moml.MoMLSimpleApplication@5c08cb8f
reloadAllAccessors: .JavaScriptSendMatrix
----------------- testing Wed May 23 16:31:03 UTC 2018 /home/travis/build/icyphy/ptII/ptolemy/actor/lib/jjs/test/auto/JavaScriptSendNativeArray.xml
----------------- Wed May 23 16:31:03 UTC 2018 About to sleep for 5.0 seconds before running or rerunning.  Test is: /home/travis/build/icyphy/ptII/ptolemy/actor/lib/jjs/test/auto/JavaScriptSendNativeArray.xml
Done sleeping
----------------- Instantiating /home/travis/build/icyphy/ptII/ptolemy/actor/lib/jjs/test/auto/JavaScriptSendNativeArray.xml
1593 ms. Memory: 1866752K Free: 1726946K (93%)
----------------- Invoking toplevel() on ptolemy.moml.MoMLSimpleApplication@34cbdbb
----------------- Done invoking toplevel() on ptolemy.moml.MoMLSimpleApplication@34cbdbb
reloadAllAccessors: .JavaScriptSendNativeArray
----------------- testing Wed May 23 16:31:10 UTC 2018 /home/travis/build/icyphy/ptII/ptolemy/actor/lib/jjs/test/auto/JavaScriptSendNativeObject.xml
----------------- Wed May 23 16:31:10 UTC 2018 About to sleep for 5.0 seconds before running or rerunning.  Test is: /home/travis/build/icyphy/ptII/ptolemy/actor/lib/jjs/test/auto/JavaScriptSendNativeObject.xml
Done sleeping
----------------- Instantiating /home/travis/build/icyphy/ptII/ptolemy/actor/lib/jjs/test/auto/JavaScriptSendNativeObject.xml
1297 ms. Memory: 1866752K Free: 1103223K (59%)
----------------- Invoking toplevel() on ptolemy.moml.MoMLSimpleApplication@6c21256d
----------------- Done invoking toplevel() on ptolemy.moml.MoMLSimpleApplication@6c21256d
reloadAllAccessors: .JavaScriptSendNativeObject
----------------- testing Wed May 23 16:31:17 UTC 2018 /home/travis/build/icyphy/ptII/ptolemy/actor/lib/jjs/test/auto/JavaScriptSendNull.xml
----------------- Wed May 23 16:31:17 UTC 2018 About to sleep for 5.0 seconds before running or rerunning.  Test is: /home/travis/build/icyphy/ptII/ptolemy/actor/lib/jjs/test/auto/JavaScriptSendNull.xml
Done sleeping
----------------- Instantiating /home/travis/build/icyphy/ptII/ptolemy/actor/lib/jjs/test/auto/JavaScriptSendNull.xml
526 ms. Memory: 1866752K Free: 790912K (42%)
----------------- Invoking toplevel() on ptolemy.moml.MoMLSimpleApplication@3a223425
----------------- Done invoking toplevel() on ptolemy.moml.MoMLSimpleApplication@3a223425
reloadAllAccessors: .JavaScriptSendNull
----------------- testing Wed May 23 16:31:23 UTC 2018 /home/travis/build/icyphy/ptII/ptolemy/actor/lib/jjs/test/auto/JavaScriptSendNullToInput.xml
----------------- Wed May 23 16:31:23 UTC 2018 About to sleep for 5.0 seconds before running or rerunning.  Test is: /home/travis/build/icyphy/ptII/ptolemy/actor/lib/jjs/test/auto/JavaScriptSendNullToInput.xml
Done sleeping
----------------- Instantiating /home/travis/build/icyphy/ptII/ptolemy/actor/lib/jjs/test/auto/JavaScriptSendNullToInput.xml
2554 ms. Memory: 1866752K Free: 472218K (25%)
----------------- Invoking toplevel() on ptolemy.moml.MoMLSimpleApplication@3c521816
----------------- Done invoking toplevel() on ptolemy.moml.MoMLSimpleApplication@3c521816
reloadAllAccessors: .JavaScriptSendNullToInput
----------------- testing Wed May 23 16:31:31 UTC 2018 /home/travis/build/icyphy/ptII/ptolemy/actor/lib/jjs/test/auto/JavaScriptSendRecord.xml
----------------- Wed May 23 16:31:31 UTC 2018 About to sleep for 5.0 seconds before running or rerunning.  Test is: /home/travis/build/icyphy/ptII/ptolemy/actor/lib/jjs/test/auto/JavaScriptSendRecord.xml
Done sleeping
----------------- Instantiating /home/travis/build/icyphy/ptII/ptolemy/actor/lib/jjs/test/auto/JavaScriptSendRecord.xml
544 ms. Memory: 1741824K Free: 1320404K (76%)
----------------- Invoking toplevel() on ptolemy.moml.MoMLSimpleApplication@15e10659
----------------- Done invoking toplevel() on ptolemy.moml.MoMLSimpleApplication@15e10659
reloadAllAccessors: .JavaScriptSendRecord
----------------- testing Wed May 23 16:31:37 UTC 2018 /home/travis/build/icyphy/ptII/ptolemy/actor/lib/jjs/test/auto/JavaScriptSendRecord2.xml
----------------- Wed May 23 16:31:37 UTC 2018 About to sleep for 5.0 seconds before running or rerunning.  Test is: /home/travis/build/icyphy/ptII/ptolemy/actor/lib/jjs/test/auto/JavaScriptSendRecord2.xml
Done sleeping
----------------- Instantiating /home/travis/build/icyphy/ptII/ptolemy/actor/lib/jjs/test/auto/JavaScriptSendRecord2.xml
548 ms. Memory: 1741824K Free: 1011936K (58%)
----------------- Invoking toplevel() on ptolemy.moml.MoMLSimpleApplication@186fc2d4
----------------- Done invoking toplevel() on ptolemy.moml.MoMLSimpleApplication@186fc2d4
reloadAllAccessors: .JavaScriptSendRecord2
----------------- testing Wed May 23 16:31:43 UTC 2018 /home/travis/build/icyphy/ptII/ptolemy/actor/lib/jjs/test/auto/JavaScriptSendRecord3.xml
----------------- Wed May 23 16:31:43 UTC 2018 About to sleep for 5.0 seconds before running or rerunning.  Test is: /home/travis/build/icyphy/ptII/ptolemy/actor/lib/jjs/test/auto/JavaScriptSendRecord3.xml
Done sleeping
----------------- Instantiating /home/travis/build/icyphy/ptII/ptolemy/actor/lib/jjs/test/auto/JavaScriptSendRecord3.xml
526 ms. Memory: 1741824K Free: 703459K (40%)
----------------- Invoking toplevel() on ptolemy.moml.MoMLSimpleApplication@707ee3be
----------------- Done invoking toplevel() on ptolemy.moml.MoMLSimpleApplication@707ee3be
reloadAllAccessors: .JavaScriptSendRecord3
----------------- testing Wed May 23 16:31:48 UTC 2018 /home/travis/build/icyphy/ptII/ptolemy/actor/lib/jjs/test/auto/JavaScriptSendString.xml
----------------- Wed May 23 16:31:48 UTC 2018 About to sleep for 5.0 seconds before running or rerunning.  Test is: /home/travis/build/icyphy/ptII/ptolemy/actor/lib/jjs/test/auto/JavaScriptSendString.xml
Done sleeping
----------------- Instantiating /home/travis/build/icyphy/ptII/ptolemy/actor/lib/jjs/test/auto/JavaScriptSendString.xml
531 ms. Memory: 1741824K Free: 394989K (23%)
----------------- Invoking toplevel() on ptolemy.moml.MoMLSimpleApplication@7f9551a0
----------------- Done invoking toplevel() on ptolemy.moml.MoMLSimpleApplication@7f9551a0
reloadAllAccessors: .JavaScriptSendString
----------------- testing Wed May 23 16:31:54 UTC 2018 /home/travis/build/icyphy/ptII/ptolemy/actor/lib/jjs/test/auto/JavaScriptSendToInput.xml
----------------- Wed May 23 16:31:54 UTC 2018 About to sleep for 5.0 seconds before running or rerunning.  Test is: /home/travis/build/icyphy/ptII/ptolemy/actor/lib/jjs/test/auto/JavaScriptSendToInput.xml
Done sleeping
----------------- Instantiating /home/travis/build/icyphy/ptII/ptolemy/actor/lib/jjs/test/auto/JavaScriptSendToInput.xml
2649 ms. Memory: 1680384K Free: 1239876K (74%)
----------------- Invoking toplevel() on ptolemy.moml.MoMLSimpleApplication@269f3edd
----------------- Done invoking toplevel() on ptolemy.moml.MoMLSimpleApplication@269f3edd
reloadAllAccessors: .JavaScriptSendToInput
----------------- testing Wed May 23 16:32:02 UTC 2018 /home/travis/build/icyphy/ptII/ptolemy/actor/lib/jjs/test/auto/JavaScriptSetInterval.xml
----------------- Wed May 23 16:32:02 UTC 2018 About to sleep for 5.0 seconds before running or rerunning.  Test is: /home/travis/build/icyphy/ptII/ptolemy/actor/lib/jjs/test/auto/JavaScriptSetInterval.xml
Done sleeping
----------------- Instantiating /home/travis/build/icyphy/ptII/ptolemy/actor/lib/jjs/test/auto/JavaScriptSetInterval.xml
1243 ms. Memory: 1680384K Free: 928509K (55%)
----------------- Invoking toplevel() on ptolemy.moml.MoMLSimpleApplication@5bf448a2
----------------- Done invoking toplevel() on ptolemy.moml.MoMLSimpleApplication@5bf448a2
reloadAllAccessors: .JavaScriptSetInterval
----------------- testing Wed May 23 16:32:09 UTC 2018 /home/travis/build/icyphy/ptII/ptolemy/actor/lib/jjs/test/auto/JavaScriptSetInterval2.xml
----------------- Wed May 23 16:32:09 UTC 2018 About to sleep for 5.0 seconds before running or rerunning.  Test is: /home/travis/build/icyphy/ptII/ptolemy/actor/lib/jjs/test/auto/JavaScriptSetInterval2.xml
Done sleeping
----------------- Instantiating /home/travis/build/icyphy/ptII/ptolemy/actor/lib/jjs/test/auto/JavaScriptSetInterval2.xml
1055 ms. Memory: 1680384K Free: 617192K (37%)
----------------- Invoking toplevel() on ptolemy.moml.MoMLSimpleApplication@90d2eb9
----------------- Done invoking toplevel() on ptolemy.moml.MoMLSimpleApplication@90d2eb9
reloadAllAccessors: .JavaScriptSetInterval2
----------------- testing Wed May 23 16:32:16 UTC 2018 /home/travis/build/icyphy/ptII/ptolemy/actor/lib/jjs/test/auto/JavaScriptSetTimeout.xml
----------------- Wed May 23 16:32:16 UTC 2018 About to sleep for 5.0 seconds before running or rerunning.  Test is: /home/travis/build/icyphy/ptII/ptolemy/actor/lib/jjs/test/auto/JavaScriptSetTimeout.xml
Done sleeping
----------------- Instantiating /home/travis/build/icyphy/ptII/ptolemy/actor/lib/jjs/test/auto/JavaScriptSetTimeout.xml
739 ms. Memory: 1680384K Free: 297197K (18%)
----------------- Invoking toplevel() on ptolemy.moml.MoMLSimpleApplication@3e512801
----------------- Done invoking toplevel() on ptolemy.moml.MoMLSimpleApplication@3e512801
reloadAllAccessors: .JavaScriptSetTimeout
----------------- testing Wed May 23 16:32:22 UTC 2018 /home/travis/build/icyphy/ptII/ptolemy/actor/lib/jjs/test/auto/JavaScriptStringToken.xml
----------------- Wed May 23 16:32:22 UTC 2018 About to sleep for 5.0 seconds before running or rerunning.  Test is: /home/travis/build/icyphy/ptII/ptolemy/actor/lib/jjs/test/auto/JavaScriptStringToken.xml
Done sleeping
----------------- Instantiating /home/travis/build/icyphy/ptII/ptolemy/actor/lib/jjs/test/auto/JavaScriptStringToken.xml
683 ms. Memory: 1756160K Free: 1511482K (86%)
----------------- Invoking toplevel() on ptolemy.moml.MoMLSimpleApplication@10d9e8cd
----------------- Done invoking toplevel() on ptolemy.moml.MoMLSimpleApplication@10d9e8cd
reloadAllAccessors: .JavaScriptStringToken
----------------- testing Wed May 23 16:32:28 UTC 2018 /home/travis/build/icyphy/ptII/ptolemy/actor/lib/jjs/test/auto/JavaScriptTestAutoInputEtc.xml
----------------- Wed May 23 16:32:28 UTC 2018 About to sleep for 5.0 seconds before running or rerunning.  Test is: /home/travis/build/icyphy/ptII/ptolemy/actor/lib/jjs/test/auto/JavaScriptTestAutoInputEtc.xml
Done sleeping
----------------- Instantiating /home/travis/build/icyphy/ptII/ptolemy/actor/lib/jjs/test/auto/JavaScriptTestAutoInputEtc.xml
2547 ms. Memory: 1756160K Free: 1186668K (68%)
----------------- Invoking toplevel() on ptolemy.moml.MoMLSimpleApplication@6f54543b
----------------- Done invoking toplevel() on ptolemy.moml.MoMLSimpleApplication@6f54543b
reloadAllAccessors: .JavaScriptTestAutoInputEtc
----------------- testing Wed May 23 16:32:36 UTC 2018 /home/travis/build/icyphy/ptII/ptolemy/actor/lib/jjs/test/auto/JavaScriptThisActor.xml
----------------- Wed May 23 16:32:36 UTC 2018 About to sleep for 5.0 seconds before running or rerunning.  Test is: /home/travis/build/icyphy/ptII/ptolemy/actor/lib/jjs/test/auto/JavaScriptThisActor.xml
Done sleeping
----------------- Instantiating /home/travis/build/icyphy/ptII/ptolemy/actor/lib/jjs/test/auto/JavaScriptThisActor.xml
726 ms. Memory: 1756160K Free: 873108K (50%)
----------------- Invoking toplevel() on ptolemy.moml.MoMLSimpleApplication@ccc8655
----------------- Done invoking toplevel() on ptolemy.moml.MoMLSimpleApplication@ccc8655
reloadAllAccessors: .JavaScriptThisActor
----------------- testing Wed May 23 16:32:42 UTC 2018 /home/travis/build/icyphy/ptII/ptolemy/actor/lib/jjs/test/auto/JavaScriptTimeout.xml
----------------- Wed May 23 16:32:42 UTC 2018 About to sleep for 5.0 seconds before running or rerunning.  Test is: /home/travis/build/icyphy/ptII/ptolemy/actor/lib/jjs/test/auto/JavaScriptTimeout.xml
Done sleeping
----------------- Instantiating /home/travis/build/icyphy/ptII/ptolemy/actor/lib/jjs/test/auto/JavaScriptTimeout.xml
JavaScript: JavaScriptTimeout: timeout = 100 (Thread[JavaScriptTimeout,1,main])
JavaScript: JavaScriptTimeout: timeout = 100 (Thread[JavaScriptTimeout,1,main])
JavaScript: JavaScriptTimeout: timeout = 100 (Thread[JavaScriptTimeout,1,main])
JavaScript: JavaScriptTimeout: timeout = 100 (Thread[JavaScriptTimeout,1,main])
JavaScript: JavaScriptTimeout: timeout = 100 (Thread[JavaScriptTimeout,1,main])
JavaScript: JavaScriptTimeout: timeout = 100 (Thread[JavaScriptTimeout,1,main])
1086 ms. Memory: 1756160K Free: 553430K (32%)
----------------- Invoking toplevel() on ptolemy.moml.MoMLSimpleApplication@2596a4c2
----------------- Done invoking toplevel() on ptolemy.moml.MoMLSimpleApplication@2596a4c2
reloadAllAccessors: .JavaScriptTimeout
----------------- testing Wed May 23 16:32:49 UTC 2018 /home/travis/build/icyphy/ptII/ptolemy/actor/lib/jjs/test/auto/JavaScriptWriteParameter.xml
----------------- Wed May 23 16:32:49 UTC 2018 About to sleep for 5.0 seconds before running or rerunning.  Test is: /home/travis/build/icyphy/ptII/ptolemy/actor/lib/jjs/test/auto/JavaScriptWriteParameter.xml
Done sleeping
----------------- Instantiating /home/travis/build/icyphy/ptII/ptolemy/actor/lib/jjs/test/auto/JavaScriptWriteParameter.xml
637 ms. Memory: 1631232K Free: 1267274K (78%)
----------------- Invoking toplevel() on ptolemy.moml.MoMLSimpleApplication@7f1f00c9
----------------- Done invoking toplevel() on ptolemy.moml.MoMLSimpleApplication@7f1f00c9
reloadAllAccessors: .JavaScriptWriteParameter
----------------- testing Wed May 23 16:32:55 UTC 2018 /home/travis/build/icyphy/ptII/ptolemy/actor/lib/jjs/test/auto/RampDisplay.xml
----------------- Wed May 23 16:32:55 UTC 2018 About to sleep for 5.0 seconds before running or rerunning.  Test is: /home/travis/build/icyphy/ptII/ptolemy/actor/lib/jjs/test/auto/RampDisplay.xml
Done sleeping
----------------- Instantiating /home/travis/build/icyphy/ptII/ptolemy/actor/lib/jjs/test/auto/RampDisplay.xml
JSAccessor: PT_NO_NET environment variable is set, so git pull and ptdoc are not being run.
TextDisplayHelper: 1
TextDisplayHelper: 2
TextDisplayHelper: 3
TextDisplayHelper: 4
TextDisplayHelper: 5
8086 ms. Memory: 1829376K Free: 1250920K (68%)
----------------- Invoking toplevel() on ptolemy.moml.MoMLSimpleApplication@51bd8a5
----------------- Done invoking toplevel() on ptolemy.moml.MoMLSimpleApplication@51bd8a5
reloadAllAccessors: .RampDisplay
This is the first time that the reloadAllAccessors method has been invoked in this JVM, so the the accessors repo will be checked out or updated and JSDoc invoked. Note that running the tests may end up invoking a new JVM for each directory, so the repo may be checked out or updated and JSDoc invoked more than once when the tests are run.
-------------- Reloaded accessors, but skipping rerun for now. Wed May 23 16:33:11 UTC 2018 /home/travis/build/icyphy/ptII/ptolemy/actor/lib/jjs/test/auto/RampDisplay.xml
----------------- testing Wed May 23 16:33:11 UTC 2018 /home/travis/build/icyphy/ptII/ptolemy/actor/lib/jjs/test/auto/SelfBuilder.xml
----------------- Wed May 23 16:33:11 UTC 2018 About to sleep for 5.0 seconds before running or rerunning.  Test is: /home/travis/build/icyphy/ptII/ptolemy/actor/lib/jjs/test/auto/SelfBuilder.xml
Done sleeping
----------------- Instantiating /home/travis/build/icyphy/ptII/ptolemy/actor/lib/jjs/test/auto/SelfBuilder.xml
551 ms. Memory: 1829376K Free: 686837K (38%)
----------------- Invoking toplevel() on ptolemy.moml.MoMLSimpleApplication@50022cce
----------------- Done invoking toplevel() on ptolemy.moml.MoMLSimpleApplication@50022cce
reloadAllAccessors: .SelfBuilder
----------------- testing Wed May 23 16:33:16 UTC 2018 /home/travis/build/icyphy/ptII/ptolemy/actor/lib/jjs/test/auto/SelfBuilder10.xml
----------------- Wed May 23 16:33:16 UTC 2018 About to sleep for 5.0 seconds before running or rerunning.  Test is: /home/travis/build/icyphy/ptII/ptolemy/actor/lib/jjs/test/auto/SelfBuilder10.xml
Done sleeping
----------------- Instantiating /home/travis/build/icyphy/ptII/ptolemy/actor/lib/jjs/test/auto/SelfBuilder10.xml
624 ms. Memory: 1829376K Free: 364328K (20%)
----------------- Invoking toplevel() on ptolemy.moml.MoMLSimpleApplication@82305a5
----------------- Done invoking toplevel() on ptolemy.moml.MoMLSimpleApplication@82305a5
reloadAllAccessors: .SelfBuilder10
----------------- testing Wed May 23 16:33:22 UTC 2018 /home/travis/build/icyphy/ptII/ptolemy/actor/lib/jjs/test/auto/SelfBuilder2.xml
----------------- Wed May 23 16:33:22 UTC 2018 About to sleep for 5.0 seconds before running or rerunning.  Test is: /home/travis/build/icyphy/ptII/ptolemy/actor/lib/jjs/test/auto/SelfBuilder2.xml
Done sleeping
----------------- Instantiating /home/travis/build/icyphy/ptII/ptolemy/actor/lib/jjs/test/auto/SelfBuilder2.xml
573 ms. Memory: 1887744K Free: 1624358K (86%)
----------------- Invoking toplevel() on ptolemy.moml.MoMLSimpleApplication@2d5cadb9
----------------- Done invoking toplevel() on ptolemy.moml.MoMLSimpleApplication@2d5cadb9
reloadAllAccessors: .SelfBuilder2
----------------- testing Wed May 23 16:33:29 UTC 2018 /home/travis/build/icyphy/ptII/ptolemy/actor/lib/jjs/test/auto/SelfBuilder3.xml
----------------- Wed May 23 16:33:29 UTC 2018 About to sleep for 5.0 seconds before running or rerunning.  Test is: /home/travis/build/icyphy/ptII/ptolemy/actor/lib/jjs/test/auto/SelfBuilder3.xml
Done sleeping
----------------- Instantiating /home/travis/build/icyphy/ptII/ptolemy/actor/lib/jjs/test/auto/SelfBuilder3.xml
573 ms. Memory: 1887744K Free: 1305350K (69%)
----------------- Invoking toplevel() on ptolemy.moml.MoMLSimpleApplication@7b269821
----------------- Done invoking toplevel() on ptolemy.moml.MoMLSimpleApplication@7b269821
reloadAllAccessors: .SelfBuilder3
----------------- testing Wed May 23 16:33:35 UTC 2018 /home/travis/build/icyphy/ptII/ptolemy/actor/lib/jjs/test/auto/SelfBuilder4.xml
----------------- Wed May 23 16:33:35 UTC 2018 About to sleep for 5.0 seconds before running or rerunning.  Test is: /home/travis/build/icyphy/ptII/ptolemy/actor/lib/jjs/test/auto/SelfBuilder4.xml
Done sleeping
----------------- Instantiating /home/travis/build/icyphy/ptII/ptolemy/actor/lib/jjs/test/auto/SelfBuilder4.xml
556 ms. Memory: 1887744K Free: 986270K (52%)
----------------- Invoking toplevel() on ptolemy.moml.MoMLSimpleApplication@d5724eb
----------------- Done invoking toplevel() on ptolemy.moml.MoMLSimpleApplication@d5724eb
reloadAllAccessors: .SelfBuilder4
----------------- testing Wed May 23 16:33:41 UTC 2018 /home/travis/build/icyphy/ptII/ptolemy/actor/lib/jjs/test/auto/SelfBuilder5.xml
----------------- Wed May 23 16:33:41 UTC 2018 About to sleep for 5.0 seconds before running or rerunning.  Test is: /home/travis/build/icyphy/ptII/ptolemy/actor/lib/jjs/test/auto/SelfBuilder5.xml
Done sleeping
----------------- Instantiating /home/travis/build/icyphy/ptII/ptolemy/actor/lib/jjs/test/auto/SelfBuilder5.xml
589 ms. Memory: 1887744K Free: 660465K (35%)
----------------- Invoking toplevel() on ptolemy.moml.MoMLSimpleApplication@38930663
----------------- Done invoking toplevel() on ptolemy.moml.MoMLSimpleApplication@38930663
reloadAllAccessors: .SelfBuilder5
----------------- testing Wed May 23 16:33:46 UTC 2018 /home/travis/build/icyphy/ptII/ptolemy/actor/lib/jjs/test/auto/SelfBuilder6.xml
----------------- Wed May 23 16:33:46 UTC 2018 About to sleep for 5.0 seconds before running or rerunning.  Test is: /home/travis/build/icyphy/ptII/ptolemy/actor/lib/jjs/test/auto/SelfBuilder6.xml
Done sleeping
----------------- Instantiating /home/travis/build/icyphy/ptII/ptolemy/actor/lib/jjs/test/auto/SelfBuilder6.xml
728 ms. Memory: 1895424K Free: 1649686K (87%)
----------------- Invoking toplevel() on ptolemy.moml.MoMLSimpleApplication@544eccd7
----------------- Done invoking toplevel() on ptolemy.moml.MoMLSimpleApplication@544eccd7
reloadAllAccessors: .SelfBuilder6
----------------- testing Wed May 23 16:33:53 UTC 2018 /home/travis/build/icyphy/ptII/ptolemy/actor/lib/jjs/test/auto/SelfBuilder7.xml
----------------- Wed May 23 16:33:53 UTC 2018 About to sleep for 5.0 seconds before running or rerunning.  Test is: /home/travis/build/icyphy/ptII/ptolemy/actor/lib/jjs/test/auto/SelfBuilder7.xml
Done sleeping
----------------- Instantiating /home/travis/build/icyphy/ptII/ptolemy/actor/lib/jjs/test/auto/SelfBuilder7.xml
580 ms. Memory: 1895424K Free: 1325904K (70%)
----------------- Invoking toplevel() on ptolemy.moml.MoMLSimpleApplication@65aaeeb9
----------------- Done invoking toplevel() on ptolemy.moml.MoMLSimpleApplication@65aaeeb9
reloadAllAccessors: .SelfBuilder7
----------------- testing Wed May 23 16:33:58 UTC 2018 /home/travis/build/icyphy/ptII/ptolemy/actor/lib/jjs/test/auto/SelfBuilder8.xml
----------------- Wed May 23 16:33:58 UTC 2018 About to sleep for 5.0 seconds before running or rerunning.  Test is: /home/travis/build/icyphy/ptII/ptolemy/actor/lib/jjs/test/auto/SelfBuilder8.xml
Done sleeping
----------------- Instantiating /home/travis/build/icyphy/ptII/ptolemy/actor/lib/jjs/test/auto/SelfBuilder8.xml
600 ms. Memory: 1895424K Free: 999870K (53%)
----------------- Invoking toplevel() on ptolemy.moml.MoMLSimpleApplication@4484e450
----------------- Done invoking toplevel() on ptolemy.moml.MoMLSimpleApplication@4484e450
reloadAllAccessors: .SelfBuilder8
----------------- testing Wed May 23 16:34:04 UTC 2018 /home/travis/build/icyphy/ptII/ptolemy/actor/lib/jjs/test/auto/SelfBuilder9.xml
----------------- Wed May 23 16:34:04 UTC 2018 About to sleep for 5.0 seconds before running or rerunning.  Test is: /home/travis/build/icyphy/ptII/ptolemy/actor/lib/jjs/test/auto/SelfBuilder9.xml
Done sleeping
----------------- Instantiating /home/travis/build/icyphy/ptII/ptolemy/actor/lib/jjs/test/auto/SelfBuilder9.xml
646 ms. Memory: 1895424K Free: 673764K (36%)
----------------- Invoking toplevel() on ptolemy.moml.MoMLSimpleApplication@637876b1
----------------- Done invoking toplevel() on ptolemy.moml.MoMLSimpleApplication@637876b1
reloadAllAccessors: .SelfBuilder9
AutoTests.java: About to close Vertx.
AutoTests.java: Vertx closed.
]]></system-out>
  <system-err><![CDATA[WARNING: JavaScript: Model stopped before executing actions (e.g. producing outputs) scheduled for execution at times [0.8]
WARNING: JavaScript: Model stopped before executing actions (e.g. producing outputs) scheduled for execution at times [0.6]
WARNING: TestSpontaneous: Model stopped before executing actions (e.g. producing outputs) scheduled for execution at times [6.0]
]]></system-err>
</testsuite>
