<?xml version="1.0" encoding="UTF-8" ?>
<testsuite errors="0" failures="0" hostname="travis-job-4c1fb5cd-efbb-4251-9fb3-979c158c8b9a" name="ptolemy.actor.lib.jjs.test.junit.JUnitTclTest" skipped="0" tests="94" time="590.829" timestamp="2018-05-24T01:11:03">
  <properties>
    <property name="npm.executable" value="npm" />
    <property name="file.encoding.pkg" value="sun.io" />
    <property name="ptII.mk.exists" value="true" />
    <property name="env.rvm_bin_path" value="/home/travis/.rvm/bin" />
    <property name="java.home" value="/usr/lib/jvm/java-8-oracle/jre" />
    <property name="env.TRAVIS_JOB_NUMBER" value="473.6" />
    <property name="env.DISPLAY" value=":99.0" />
    <property name="java.net.preferIPv4Stack" value="true" />
    <property name="env.SSH_TTY" value="/dev/pts/0" />
    <property name="env.RUN_TESTS" value="false" />
    <property name="timeout.short" value="1000000" />
    <property name="env.TRAVIS_STACK_NODE_ATTRIBUTES" value="/.node-attributes.yml" />
    <property name="junit.formatter" value="xml" />
    <property name="java.endorsed.dirs" value="/usr/lib/jvm/java-8-oracle/jre/lib/endorsed" />
    <property name="env.TRAVIS_SUDO" value="true" />
    <property name="env.LOGNAME" value="travis" />
    <property name="jsdoc.home" value="node_modules/@terraswarm/jsdoc" />
    <property name="debuglevel" value="source,lines,vars" />
    <property name="checkstyle.formatter" value="xml" />
    <property name="bin.vergil.makeable" value="true" />
    <property name="env._system_version" value="14.04" />
    <property name="sun.os.patch.level" value="unknown" />
    <property name="java.vendor.url" value="http://java.oracle.com/" />
    <property name="java.version" value="1.8.0_151" />
    <property name="env.TZ" value="UTC" />
    <property name="env.PT_NO_NET" value="true" />
    <property name="env.TRAVIS_PULL_REQUEST_SHA" value="" />
    <property name="env.TRAVIS_SECURE_ENV_VARS" value="true" />
    <property name="env._system_type" value="Linux" />
    <property name="java.vendor.url.bug" value="http://bugreport.sun.com/bugreport/" />
    <property name="env.SSH_CLIENT" value="10.10.16.2 52520 22" />
    <property name="npmjs-org-is-up" value="true" />
    <property name="env.GEM_HOME" value="/home/travis/.rvm/gems/ruby-2.4.1" />
    <property name="env.HAS_ANTARES_THREE_LITTLE_FRONZIES_BADGE" value="true" />
    <property name="env.PS4" value="+" />
    <property name="ant.project.invoked-targets" value="build,test.capecode3.xml" />
    <property name="env.TRAVIS_PULL_REQUEST_BRANCH" value="" />
    <property name="env.TRAVIS_REPO_SLUG" value="icyphy/ptII" />
    <property name="env.PT_TRAVIS_TEST_CAPECODE3_XML" value="true" />
    <property name="node.in.path" value="true" />
    <property name="java.maxmemory" value="1400m" />
    <property name="env.RUBY_VERSION" value="ruby-2.4.1" />
    <property name="user.name" value="travis" />
    <property name="env.LANG" value="en_US.UTF-8" />
    <property name="sun.io.unicode.encoding" value="UnicodeLittle" />
    <property name="sun.jnu.encoding" value="UTF-8" />
    <property name="java.runtime.name" value="Java(TM) SE Runtime Environment" />
    <property name="usefile" value="false" />
    <property name="return.code" value="0" />
    <property name="junit.single.formatter" value="plain" />
    <property name="env.DYLD_LIBRARY_PATH" value="/home/travis/pthla/certi-tools/lib:" />
    <property name="env.DEBIAN_FRONTEND" value="noninteractive" />
    <property name="env.SSH_CONNECTION" value="10.10.16.2 52520 10.20.0.6 22" />
    <property name="env.MYSQL_UNIX_PORT" value="/var/run/mysqld/mysqld.sock" />
    <property name="env.TRAVIS_ALLOW_FAILURE" value="false" />
    <property name="env.LC_ALL" value="en_US.UTF-8" />
    <property name="java.specification.name" value="Java Platform API Specification" />
    <property name="node.works" value="true" />
    <property name="user.timezone" value="" />
    <property name="path.separator" value=":" />
    <property name="env.PYTHON_CFLAGS" value="-g -fstack-protector --param=ssp-buffer-size=4 -Wformat -Werror=format-security" />
    <property name="timeout.long" value="4000000" />
    <property name="env.CERTI_HOME" value="/home/travis/pthla/certi-tools" />
    <property name="file.encoding" value="UTF-8" />
    <property name="ant.file.ptII" value="/home/travis/build/icyphy/ptII/build.xml" />
    <property name="javadoc.packagenames" value="com.*,diva.*,lbnl.*,org.hlacerti.*,org.json.*,org.ptolemy.*,org.terraswarm.*,ptolemy.*,ptserver.*" />
    <property name="env.TRAVIS_PULL_REQUEST_SLUG" value="" />
    <property name="ant.project.default-target" value="build" />
    <property name="env.GIT_ASKPASS" value="echo" />
    <property name="env.HOME" value="/home/travis" />
    <property name="sun.java.command" value="org.apache.tools.ant.taskdefs.optional.junit.JUnitTestRunner ptolemy.actor.lib.jjs.test.junit.JUnitTclTest skipNonTests=false filtertrace=true haltOnError=false haltOnFailure=false formatter=org.apache.tools.ant.taskdefs.optional.junit.OutErrSummaryJUnitResultFormatter showoutput=true outputtoformatters=true logfailedtests=true threadid=0 logtestlistenerevents=false formatter=org.apache.tools.ant.taskdefs.optional.junit.XMLJUnitResultFormatter,/home/travis/build/icyphy/ptII/reports/junit/TEST-ptolemy.actor.lib.jjs.test.junit.JUnitTclTest.xml crashfile=/home/travis/build/icyphy/ptII/junitvmwatcher2830598814444133872.properties propsfile=/home/travis/build/icyphy/ptII/junit5383375547423968011.properties" />
    <property name="env.MANPATH" value="/home/travis/.nvm/versions/node/v7.10.1/share/man:/home/travis/.kiex/elixirs/elixir-1.4.5/man:/home/travis/.rvm/rubies/ruby-2.4.1/share/man:/usr/local/man:/usr/local/cmake-3.9.2/man:/usr/local/clang-5.0.0/share/man:/usr/local/share/man:/usr/share/man:/home/travis/.rvm/man" />
    <property name="env.COMPOSER_NO_INTERACTION" value="1" />
    <property name="env.JDK_SWITCHER_DEFAULT" value="oraclejdk8" />
    <property name="ant.file" value="/home/travis/build/icyphy/ptII/build.xml" />
    <property name="env.TRAVIS_COMMIT_RANGE" value="bdda3981e0d64334137d0a15d51f8089bd4802bc...84ca49783f9cc3027201c2c6df9ae56d24f6ee44" />
    <property name="env._system_name" value="Ubuntu" />
    <property name="timeout" value="2400000" />
    <property name="ptII.classpath.optional.property" value="/home/travis/build/icyphy/ptII/lib/bsh-2.0b4.jar:/home/travis/build/icyphy/ptII/lib/ptCal.jar:/home/travis/build/icyphy/ptII/lib/java_cup.jar:/home/travis/build/icyphy/ptII/lib/saxon8.jar:/home/travis/build/icyphy/ptII/lib/saxon8-dom.jar:/home/travis/build/icyphy/ptII/lib/chic.jar:/home/travis/build/icyphy/ptII/lib/ptcolt.jar:/usr/lib/jvm/java-8-oracle/lib/tools.jar:/usr/lib/eclipse/plugins/org.eclipse.jdt.core_3.8.2.dist.jar:/usr/lib/eclipse/plugins/org.eclipse.core.runtime_3.8.0.dist.jar:/usr/lib/eclipse/plugins/org.eclipse.osgi_3.8.1.dist.jar:/usr/lib/eclipse/plugins/org.eclipse.core.resources_3.8.1.dist.jar:/usr/lib/eclipse/plugins/org.eclipse.equinox.common_3.6.100.dist.jar:/usr/lib/eclipse/plugins/org.eclipse.core.jobs_3.5.200.dist.jar:/usr/lib/eclipse/plugins/org.eclipse.core.contenttype_3.4.200.dist.jar:/usr/lib/eclipse/plugins/org.eclipse.equinox.preferences_3.5.0.dist.jar:/usr/lib/eclipse/plugins/org.eclipse.text_3.5.200.dist.jar:/usr/lib/eclipse/plugins/org.eclipse.ui.workbench_3.8.1.dist.jar:/usr/lib/eclipse/plugins/org.eclipse.jface_3.8.0.dist.jar:/usr/lib/eclipse/plugins/org.eclipse.swt_3.8.2.jar:/usr/lib/eclipse/plugins/org.eclipse.jface.text_3.8.1.dist.jar:/usr/lib/eclipse/plugins/org.eclipse.ui.workbench.texteditor_3.8.0.dist.jar:/usr/lib/eclipse/plugins/org.eclipse.ui.editors_3.8.0.dist.jar:/usr/lib/eclipse/plugins/org.eclipse.core.commands_3.6.1.dist.jar:/usr/lib/eclipse/plugins/org.eclipse.equinox.registry_3.5.200.dist.jar:/usr/lib/eclipse/plugins/org.eclipse.ui.console_3.5.100.dist.jar:/usr/lib/eclipse/plugins/org.eclipse.ui.forms_3.5.200.dist.jar:/usr/lib/eclipse/plugins/org.eclipse.ui.ide_3.8.1.dist.jar:/home/travis/build/icyphy/ptII/vendors/oracle/dbxml.jar:/home/travis/build/icyphy/ptII/vendors/oracle/db.jar:/home/travis/build/icyphy/ptII/vendors/misc/itext/iText.jar:/home/travis/build/icyphy/ptII/lib/g4ltl.jar:/home/travis/build/icyphy/ptII/lib/StructuralCoder.jar:/home/travis/build/icyphy/ptII/lib/org-openide-util.jar:/home/travis/build/icyphy/ptII/lib/org-openide-util-lookup.jar:/home/travis/build/icyphy/ptII/lib/org-netbeans-api-visual.jar:/home/travis/build/icyphy/ptII/vendors/jai-1_1_2_01/lib/jai_core.jar:/home/travis/build/icyphy/ptII/vendors/jai-1_1_2_01/lib/jai_codec.jar:/home/travis/build/icyphy/ptII/lib/jcerti.jar:/home/travis/build/icyphy/ptII/lib/smack.jar:/home/travis/build/icyphy/ptII/lib/smackx.jar:/home/travis/build/icyphy/ptII/lib/jetty-all-8.1.5-v20120716.jar:/home/travis/build/icyphy/ptII/lib/javax.servlet-api-3.0.1.jar:/home/travis/build/icyphy/ptII/lib/javax.mail.jar:/home/travis/build/icyphy/ptII/vendors/JMF-2.1.1e/lib/jmf.jar:/home/travis/build/icyphy/ptII/lib/jna-4.0.0-variadic.jar:/home/travis/build/icyphy/ptII/vendors/misc/joystick/Joystick.jar:/home/travis/build/icyphy/ptII/lib/ptjacl.jar:/home/travis/build/icyphy/ptII/lib/jsoup-1.8.2.jar:/home/travis/build/icyphy/ptII/lib/junit-4.8.2.jar:/home/travis/build/icyphy/ptII/lib/JUnitParams-0.4.0.jar:/home/travis/build/icyphy/ptII/ptolemy/actor/lib/excel/jxl.jar:/home/travis/build/icyphy/ptII/lib/jython.jar:/home/travis/build/icyphy/ptII/lib/kieler.jar:/home/travis/build/icyphy/ptII/vendors/opencv/share/OpenCV/java/opencv-341.jar:/home/travis/build/icyphy/ptII/lib/oscP5.jar:/home/travis/build/icyphy/ptII/lib/nrjavaserial-3.11.0.devel.jar:/usr/share/java/j3dcore.jar:/usr/share/java/j3dutils.jar:/usr/share/java/vecmath.jar:/home/travis/build/icyphy/ptII/ptolemy/distributed/jini/jar/jini-core.jar:/home/travis/build/icyphy/ptII/ptolemy/distributed/jini/jar/jini-ext.jar:/home/travis/build/icyphy/ptII/ptolemy/distributed/jini/jar/sun-util.jar:/home/travis/build/icyphy/ptII/lib/protobuf-java-2.4.1.jar:/home/travis/build/icyphy/ptII/lib/org.eclipse.paho.client.mqttv3.jar:/home/travis/build/icyphy/ptII/ptserver/lib/hessian-4.0.7.jar:/home/travis/build/icyphy/ptII/ptserver/lib/wmqtt.jar:/home/travis/build/icyphy/ptII/lib/mapss.jar:/home/travis/build/icyphy/ptII/ptolemy/actor/ptalon/antlr/antlr.jar:/home/travis/build/icyphy/ptII/lib/JRI.jar:/home/travis/build/icyphy/ptII/lib/commons-lang-2.6.jar:/home/travis/build/icyphy/ptII/lib/commons-logging-1.1.1.jar:/home/travis/build/icyphy/ptII/lib/sootclasses.jar:/home/travis/build/icyphy/ptII/ptolemy/actor/lib/database/mysql-connector-java-5.1.6-bin.jar:/home/travis/build/icyphy/ptII/vendors/misc/sphinx4/sphinx4-data-5prealpha.jar:/home/travis/build/icyphy/ptII/vendors/misc/sphinx4/sphinx4-core-5prealpha.jar:/home/travis/build/icyphy/ptII/lib/PDFRenderer.jar:/home/travis/build/icyphy/ptII/lib/svgSalamander.jar:/home/travis/build/icyphy/ptII/lib/rsyntaxtextarea-2.6.0-SNAPSHOT.jar:/home/travis/build/icyphy/ptII/lib/hazelcast-3.8.2.jar:/home/travis/build/icyphy/ptII/lib/jackson-annotations-2.9.0.jar:/home/travis/build/icyphy/ptII/lib/jackson-core-2.9.3.jar:/home/travis/build/icyphy/ptII/lib/jackson-databind-2.9.3.jar:/home/travis/build/icyphy/ptII/lib/netty-buffer-4.1.19.Final.jar:/home/travis/build/icyphy/ptII/lib/netty-codec-4.1.19.Final.jar:/home/travis/build/icyphy/ptII/lib/netty-codec-dns-4.1.19.Final.jar:/home/travis/build/icyphy/ptII/lib/netty-codec-http-4.1.19.Final.jar:/home/travis/build/icyphy/ptII/lib/netty-codec-http2-4.1.19.Final.jar:/home/travis/build/icyphy/ptII/lib/netty-common-4.1.19.Final.jar:/home/travis/build/icyphy/ptII/lib/netty-handler-4.1.19.Final.jar:/home/travis/build/icyphy/ptII/lib/netty-resolver-4.1.19.Final.jar:/home/travis/build/icyphy/ptII/lib/netty-resolver-dns-4.1.19.Final.jar:/home/travis/build/icyphy/ptII/lib/netty-transport-4.1.19.Final.jar:/home/travis/build/icyphy/ptII/lib/vertx-codegen-3.5.1.jar:/home/travis/build/icyphy/ptII/lib/vertx-core-3.5.2-SNAPSHOT.jar:/home/travis/build/icyphy/ptII/lib/vertx-hazelcast-3.5.1.jar:/home/travis/build/icyphy/ptII/lib/vertx-lang-js-3.5.1.jar:/home/travis/build/icyphy/ptII/lib/vertx-service-proxy-3.5.1.jar:/home/travis/build/icyphy/ptII/lib/vertx-web-3.5.1.jar:/home/travis/build/icyphy/ptII/lib/slf4j-api-1.7.13.jar:/home/travis/build/icyphy/ptII/lib/slf4j-simple-1.7.13.jar:/home/travis/build/icyphy/ptII/lib/webcam-capture-0.3.12.jar:/home/travis/build/icyphy/ptII/lib/bridj-0.7.0.jar:/home/travis/build/icyphy/ptII/lib/xbjlib-1.1.0.nrjavaserial.jar" />
    <property name="test.batch" value="**/junit/*.java" />
    <property name="env._" value="/usr/bin/timeout" />
    <property name="java.io.tmpdir" value="/tmp" />
    <property name="user.language" value="en" />
    <property name="env.HISTCONTROL" value="ignoredups:ignorespace" />
    <property name="env.GOROOT" value="/home/travis/.gimme/versions/go1.7.4.linux.amd64" />
    <property name="line.separator" value="&#xa;" />
    <property name="target" value="1.8" />
    <property name="env.TRAVIS_BUILD_DIR" value="/home/travis/build/icyphy/ptII" />
    <property name="env.ANT_OPTS" value="-Xmx2048m" />
    <property name="ant.file.type" value="file" />
    <property name="ptolemy.ptII.batchMode" value="true" />
    <property name="env.HISTSIZE" value="1000" />
    <property name="env.MERB_ENV" value="test" />
    <property name="java.vm.info" value="mixed mode" />
    <property name="source" value="1.8" />
    <property name="java.vm.specification.name" value="Java Virtual Machine Specification" />
    <property name="env.TRAVIS_TEST_RESULT" value="0" />
    <property name="jsdoc.command" value="node_modules/@terraswarm/jsdoc/jsdoc.js" />
    <property name="npm.works" value="true" />
    <property name="cobertura.dir" value="/home/travis/build/icyphy/ptII/vendors/cobertura-2.0.3" />
    <property name="env.rvm_path" value="/home/travis/.rvm" />
    <property name="env.GEM_PATH" value="/home/travis/.rvm/gems/ruby-2.4.1:/home/travis/.rvm/gems/ruby-2.4.1@global" />
    <property name="env.LC_CTYPE" value="en_US.UTF-8" />
    <property name="java.awt.printerjob" value="sun.print.PSPrinterJob" />
    <property name="env.TRAVIS_STACK_NAME" value="garnet" />
    <property name="ant.version" value="Apache Ant(TM) version 1.10.1 compiled on February 2 2017" />
    <property name="ptII.reports" value="/home/travis/build/icyphy/ptII/reports" />
    <property name="env.TRAVIS_STACK_TIMESTAMP" value="2017-12-05 19:33:09 UTC" />
    <property name="ant.file.type.ptII" value="file" />
    <property name="env.RBENV_SHELL" value="bash" />
    <property name="os.name" value="Linux" />
    <property name="java.specification.vendor" value="Oracle Corporation" />
    <property name="env.rvm_version" value="1.29.3 (latest)" />
    <property name="env.TERM" value="xterm" />
    <property name="java.vm.name" value="Java HotSpot(TM) 64-Bit Server VM" />
    <property name="env.TRAVIS_BUILD_NUMBER" value="473" />
    <property name="env.CI" value="true" />
    <property name="java.library.path" value="/home/travis/pthla/certi-tools/lib:/usr/lib/jni:/usr/local/share/OpenCV/java/:/usr/share/OpenCV/java::/usr/java/packages/lib/amd64:/usr/lib64:/lib64:/lib:/usr/lib" />
    <property name="env.rvm_prefix" value="/home/travis" />
    <property name="env.PATH" value="/home/travis/pthla/certi-tools/share/scripts:/home/travis/.rvm/gems/ruby-2.4.1/bin:/home/travis/.rvm/gems/ruby-2.4.1@global/bin:/home/travis/.rvm/rubies/ruby-2.4.1/bin:/home/travis/.rvm/bin:/home/travis/.nvm/versions/node/v7.10.1/bin:./node_modules/.bin:/home/travis/build/icyphy/ptII/bin:/home/travis/pthla/certi-tools/bin:/home/travis/bin:/home/travis/.local/bin:/opt/pyenv/shims:/home/travis/.phpenv/shims:/home/travis/perl5/perlbrew/bin:/home/travis/.kiex/elixirs/elixir-1.4.5/bin:/home/travis/.kiex/bin:/home/travis/gopath/bin:/home/travis/.gimme/versions/go1.7.4.linux.amd64/bin:/usr/local/phantomjs/bin:/usr/local/phantomjs:/usr/local/neo4j-3.2.7/bin:/usr/local/maven-3.5.2/bin:/usr/local/cmake-3.9.2/bin:/usr/local/clang-5.0.0/bin:/usr/local/sbin:/usr/local/bin:/usr/sbin:/usr/bin:/sbin:/bin:/home/travis/.phpenv/bin:/opt/pyenv/bin:/home/travis/.yarn/bin" />
    <property name="env.TRAVIS_OS_NAME" value="linux" />
    <property name="ant.java.version" value="1.8" />
    <property name="basedir" value="/home/travis/build/icyphy/ptII" />
    <property name="java.class.version" value="52.0" />
    <property name="env.SHLVL" value="3" />
    <property name="env.LD_LIBRARY_PATH" value="/home/travis/pthla/certi-tools/lib:/usr/lib/jni:/usr/local/share/OpenCV/java/:/usr/share/OpenCV/java:" />
    <property name="env.RACK_ENV" value="test" />
    <property name="ant.home" value="/home/travis/build/icyphy/ptII/ant" />
    <property name="env.NVM_DIR" value="/home/travis/.nvm" />
    <property name="env.PERLBREW_BASHRC_VERSION" value="0.80" />
    <property name="env.CERTI_FOM_PATH" value="/home/travis/pthla/certi-tools/share/federations" />
    <property name="env.TRAVIS_BUILD_ID" value="382958612" />
    <property name="env.PYENV_ROOT" value="/opt/pyenv" />
    <property name="env.TRAVIS_UID" value="2000" />
    <property name="env.rvm_pretty_print_flag" value="auto" />
    <property name="env.NVM_BIN" value="/home/travis/.nvm/versions/node/v7.10.1/bin" />
    <property name="env.TRAVIS_COMMIT" value="84ca49783f9cc3027201c2c6df9ae56d24f6ee44" />
    <property name="env._system_arch" value="x86_64" />
    <property name="node.executable" value="node" />
    <property name="sun.boot.library.path" value="/usr/lib/jvm/java-8-oracle/jre/lib/amd64" />
    <property name="sun.management.compiler" value="HotSpot 64-Bit Tiered Compilers" />
    <property name="env.GOPATH" value="/home/travis/gopath" />
    <property name="java.awt.graphicsenv" value="sun.awt.X11GraphicsEnvironment" />
    <property name="ptolemy.ptII.dir" value="/home/travis/build/icyphy/ptII" />
    <property name="env.USER" value="travis" />
    <property name="env.HISTFILESIZE" value="2000" />
    <property name="timeout.longest" value="19000000" />
    <property name="env.TRAVIS_STACK_FEATURES" value="basic cassandra chromium couchdb disabled-ipv6 docker docker-compose elasticsearch firefox go-toolchain google-chrome jdk memcached mongodb mysql neo4j nodejs_interpreter perl_interpreter perlbrew phantomjs postgresql python_interpreter rabbitmq redis riak ruby_interpreter sqlite xserver" />
    <property name="env.TRAVIS_PULL_REQUEST" value="false" />
    <property name="env.PYENV_SHELL" value="bash" />
    <property name="ant.project.name" value="ptII" />
    <property name="java.vm.specification.version" value="1.8" />
    <property name="env.CERTI_VERSION" value="4.0.0" />
    <property name="env.NLSPATH" value="/usr/dt/lib/nls/msg/%L/%N.cat" />
    <property name="awt.toolkit" value="sun.awt.X11.XToolkit" />
    <property name="env.CERTI_HOST" value="localhost" />
    <property name="env.MY_RUBY_HOME" value="/home/travis/.rvm/rubies/ruby-2.4.1" />
    <property name="sun.cpu.isalist" value="" />
    <property name="java.ext.dirs" value="/usr/lib/jvm/java-8-oracle/jre/lib/ext:/usr/java/packages/lib/ext" />
    <property name="os.version" value="4.4.0-101-generic" />
    <property name="user.home" value="/home/travis" />
    <property name="env.MIX_ARCHIVES" value="/home/travis/.kiex/mix/elixir-1.4.5" />
    <property name="java.vm.vendor" value="Oracle Corporation" />
    <property name="env.TRAVIS_TAG" value="nightly" />
    <property name="env.TRAVIS_FILTERED" value="redirect_io" />
    <property name="javadoc.excludepackagenames" value="adm.cvs2svn.*,build.*,config.*,doc.coding.templates.*,jni.test.jni.meaningOfLife.*,jni.test.jni.testDeux.*,jni.test.jni.testTrois.*,org.terraswarm.accessor.accessors.web.node_modules.*,org.terraswarm.accessor.accessors.web.hosts.cordova.demo.*,org.terraswarm.accessor.accessors.web.hosts.cordova.plugins.*,org.terraswarm.accessor.accessors-svn.*,pt-modules.*,ptolemy.apps.agilent.*,ptolemy.apps.anytimecontrol.*,ptolemy.apps.apes.*,ptolemy.apps.charon.*,ptolemy.apps.crazyboard.*,ptolemy.apps.eclipse.*,ptolemy.apps.etherealSting.*,ptolemy.apps.fullscreen.*,ptolemy.apps.giotto.*,ptolemy.apps.ia.*,ptolemy.apps.interfaces.*,ptolemy.apps.jmf.*,ptolemy.apps.kurt.*,ptolemy.apps.kvm.*,ptolemy.apps.lego.*,ptolemy.apps.lejos.*,ptolemy.apps.midp.*,ptolemy.apps.mobileCoding.*,ptolemy.apps.pendulum.*,ptolemy.apps.rijndael.*,ptolemy.apps.robot.*,ptolemy.apps.security.*,ptolemy.apps.sobel.*,ptolemy.apps.soot.*,ptolemy.apps.throttle.*,ptolemy.apps.tini.*,ptolemy.apps.transmission.*,ptolemy.apps.vergil.*,ptolemy.apps.waba.*,ptolemy.apps.websensor.*,ptolemy.apps.webstart.*,ptolemy.apps.xsl.*,ptolemy.apps.zaurus.*,ptolemy.backtrack.eclipse.plugin.*,ptolemy.backtrack.test.*,ptolemy.codegen.c.actor.lib.oldJavaFiles.*,ptolemy.codegen.dsp.lib.*,ptolemy.codegen.kernel.newInterfaces.*,ptolemy.codegen.lib.*,ptolemy.copernicus.kernel.fragment.*,ptolemy.copernicus.shallow.cg.*,ptolemy.domains.giotto.demo.Hierarchy.Hierarchy.*,ptolemy.domains.giotto.demo.Multimode.Multimode.*,ptolemy.domains.giotto.demo.Simple.Simple.*,ptolemy.domains.gr.lib.experimental.*,ptolemy.domains.gro.*,ptolemy.domains.pdf.*,ptolemy.domains.ptinyos.demo.Surge.output.*,ptolemy.moml.test.NoPackageActor.java*,ptolemy.plot.adm.*,ptolemy.plot.servlet.*,reports.*,signed.*,src.*,target.*,vendors.*,ptolemy.cg.adapter.generic.program.procedural.c.mbed*,ptolemy.actor.lib.fmi.fmus.omc*,ptolemy.domains.openmodelica*,ptdb.kernel.bl.save.test.*,ptdb.kernel.bl.load.test.*,ptdb.kernel.bl.search.test.*,ptdb.kernel.bl.migration.test.*,ptdb.kernel.database.test.*,ptdb.test.*,ptdb.gui.test.*,org.ptolemy.scala.*,diva.util.java2d.svg.*,ptolemy.domains.ptinyos.*,ptolemy.actor.lib.fmi.fmipp.*,,org.terraswarm.accessor.accessors.web.node_modules.*,org.terraswarm.accessor.accessors-svn,ptolemy.actor.ptalon.demo.ptinyos.SendAndReceiveCnt.output,ptolemy.actor.ptalon.demo.ptinyos.SenseToLeds.output,ptolemy.domains.ptinyos.demo.CntToLedsAndRfm.output,ptolemy.domains.ptinyos.demo.RfmToLeds.output,ptolemy.domains.ptinyos.demo.SendAndReceiveCnt.output,ptolemy.domains.ptinyos.demo.SenseToLeds.output" />
    <property name="env.JAVA_HOME" value="/usr/lib/jvm/java-8-oracle" />
    <property name="env.PTII" value="/home/travis/build/icyphy/ptII" />
    <property name="env.TRAVIS_COMMIT_MESSAGE" value="Use IzPack built from the head so that installers work under Java 10.  See https://izpack.atlassian.net/browse/IZPACK-1627" />
    <property name="keystore" value="ptKeystore" />
    <property name="env.XDG_SESSION_ID" value="2" />
    <property name="junit.output.dir" value="/home/travis/build/icyphy/ptII/reports/junit" />
    <property name="npm.return.code" value="0" />
    <property name="user.dir" value="/home/travis/build/icyphy/ptII/ptolemy/actor/lib/jjs/test" />
    <property name="env.TRAVIS_NODE_VERSION" value="7" />
    <property name="env.XFILESEARCHPATH" value="/usr/dt/app-defaults/%L/Dt" />
    <property name="env.TRAVIS_EVENT_TYPE" value="cron" />
    <property name="env.MAIL" value="/var/mail/travis" />
    <property name="env.PWD" value="/home/travis/build/icyphy/ptII" />
    <property name="env.PERLBREW_ROOT" value="/home/travis/perl5/perlbrew" />
    <property name="timeout.npm" value="45000" />
    <property name="env.PAGER" value="cat" />
    <property name="sun.cpu.endian" value="little" />
    <property name="env.TRAVIS_BUILD_STAGE_NAME" value="Test" />
    <property name="env.PERLBREW_HOME" value="/home/travis/.perlbrew" />
    <property name="env.RAILS_ENV" value="test" />
    <property name="java.vm.version" value="25.151-b12" />
    <property name="java.class.path" value="/home/travis/build/icyphy/ptII:/home/travis/build/icyphy/ptII/lib/bsh-2.0b4.jar:/home/travis/build/icyphy/ptII/lib/ptCal.jar:/home/travis/build/icyphy/ptII/lib/java_cup.jar:/home/travis/build/icyphy/ptII/lib/saxon8.jar:/home/travis/build/icyphy/ptII/lib/saxon8-dom.jar:/home/travis/build/icyphy/ptII/lib/chic.jar:/home/travis/build/icyphy/ptII/lib/ptcolt.jar:/usr/lib/jvm/java-8-oracle/lib/tools.jar:/usr/lib/eclipse/plugins/org.eclipse.jdt.core_3.8.2.dist.jar:/usr/lib/eclipse/plugins/org.eclipse.core.runtime_3.8.0.dist.jar:/usr/lib/eclipse/plugins/org.eclipse.osgi_3.8.1.dist.jar:/usr/lib/eclipse/plugins/org.eclipse.core.resources_3.8.1.dist.jar:/usr/lib/eclipse/plugins/org.eclipse.equinox.common_3.6.100.dist.jar:/usr/lib/eclipse/plugins/org.eclipse.core.jobs_3.5.200.dist.jar:/usr/lib/eclipse/plugins/org.eclipse.core.contenttype_3.4.200.dist.jar:/usr/lib/eclipse/plugins/org.eclipse.equinox.preferences_3.5.0.dist.jar:/usr/lib/eclipse/plugins/org.eclipse.text_3.5.200.dist.jar:/usr/lib/eclipse/plugins/org.eclipse.ui.workbench_3.8.1.dist.jar:/usr/lib/eclipse/plugins/org.eclipse.jface_3.8.0.dist.jar:/usr/lib/eclipse/plugins/org.eclipse.swt_3.8.2.jar:/usr/lib/eclipse/plugins/org.eclipse.jface.text_3.8.1.dist.jar:/usr/lib/eclipse/plugins/org.eclipse.ui.workbench.texteditor_3.8.0.dist.jar:/usr/lib/eclipse/plugins/org.eclipse.ui.editors_3.8.0.dist.jar:/usr/lib/eclipse/plugins/org.eclipse.core.commands_3.6.1.dist.jar:/usr/lib/eclipse/plugins/org.eclipse.equinox.registry_3.5.200.dist.jar:/usr/lib/eclipse/plugins/org.eclipse.ui.console_3.5.100.dist.jar:/usr/lib/eclipse/plugins/org.eclipse.ui.forms_3.5.200.dist.jar:/usr/lib/eclipse/plugins/org.eclipse.ui.ide_3.8.1.dist.jar:/home/travis/build/icyphy/ptII/vendors/oracle/dbxml.jar:/home/travis/build/icyphy/ptII/vendors/oracle/db.jar:/home/travis/build/icyphy/ptII/vendors/misc/itext/iText.jar:/home/travis/build/icyphy/ptII/lib/g4ltl.jar:/home/travis/build/icyphy/ptII/lib/StructuralCoder.jar:/home/travis/build/icyphy/ptII/lib/org-openide-util.jar:/home/travis/build/icyphy/ptII/lib/org-openide-util-lookup.jar:/home/travis/build/icyphy/ptII/lib/org-netbeans-api-visual.jar:/home/travis/build/icyphy/ptII/vendors/jai-1_1_2_01/lib/jai_core.jar:/home/travis/build/icyphy/ptII/vendors/jai-1_1_2_01/lib/jai_codec.jar:/home/travis/build/icyphy/ptII/lib/jcerti.jar:/home/travis/build/icyphy/ptII/lib/smack.jar:/home/travis/build/icyphy/ptII/lib/smackx.jar:/home/travis/build/icyphy/ptII/lib/jetty-all-8.1.5-v20120716.jar:/home/travis/build/icyphy/ptII/lib/javax.servlet-api-3.0.1.jar:/home/travis/build/icyphy/ptII/lib/javax.mail.jar:/home/travis/build/icyphy/ptII/vendors/JMF-2.1.1e/lib/jmf.jar:/home/travis/build/icyphy/ptII/lib/jna-4.0.0-variadic.jar:/home/travis/build/icyphy/ptII/vendors/misc/joystick/Joystick.jar:/home/travis/build/icyphy/ptII/lib/ptjacl.jar:/home/travis/build/icyphy/ptII/lib/jsoup-1.8.2.jar:/home/travis/build/icyphy/ptII/lib/junit-4.8.2.jar:/home/travis/build/icyphy/ptII/lib/JUnitParams-0.4.0.jar:/home/travis/build/icyphy/ptII/ptolemy/actor/lib/excel/jxl.jar:/home/travis/build/icyphy/ptII/lib/jython.jar:/home/travis/build/icyphy/ptII/lib/kieler.jar:/home/travis/build/icyphy/ptII/vendors/opencv/share/OpenCV/java/opencv-341.jar:/home/travis/build/icyphy/ptII/lib/oscP5.jar:/home/travis/build/icyphy/ptII/lib/nrjavaserial-3.11.0.devel.jar:/usr/share/java/j3dcore.jar:/usr/share/java/j3dutils.jar:/usr/share/java/vecmath.jar:/home/travis/build/icyphy/ptII/ptolemy/distributed/jini/jar/jini-core.jar:/home/travis/build/icyphy/ptII/ptolemy/distributed/jini/jar/jini-ext.jar:/home/travis/build/icyphy/ptII/ptolemy/distributed/jini/jar/sun-util.jar:/home/travis/build/icyphy/ptII/lib/protobuf-java-2.4.1.jar:/home/travis/build/icyphy/ptII/lib/org.eclipse.paho.client.mqttv3.jar:/home/travis/build/icyphy/ptII/ptserver/lib/hessian-4.0.7.jar:/home/travis/build/icyphy/ptII/ptserver/lib/wmqtt.jar:/home/travis/build/icyphy/ptII/lib/mapss.jar:/home/travis/build/icyphy/ptII/ptolemy/actor/ptalon/antlr/antlr.jar:/home/travis/build/icyphy/ptII/lib/JRI.jar:/home/travis/build/icyphy/ptII/lib/commons-lang-2.6.jar:/home/travis/build/icyphy/ptII/lib/commons-logging-1.1.1.jar:/home/travis/build/icyphy/ptII/lib/sootclasses.jar:/home/travis/build/icyphy/ptII/ptolemy/actor/lib/database/mysql-connector-java-5.1.6-bin.jar:/home/travis/build/icyphy/ptII/vendors/misc/sphinx4/sphinx4-data-5prealpha.jar:/home/travis/build/icyphy/ptII/vendors/misc/sphinx4/sphinx4-core-5prealpha.jar:/home/travis/build/icyphy/ptII/lib/PDFRenderer.jar:/home/travis/build/icyphy/ptII/lib/svgSalamander.jar:/home/travis/build/icyphy/ptII/lib/rsyntaxtextarea-2.6.0-SNAPSHOT.jar:/home/travis/build/icyphy/ptII/lib/hazelcast-3.8.2.jar:/home/travis/build/icyphy/ptII/lib/jackson-annotations-2.9.0.jar:/home/travis/build/icyphy/ptII/lib/jackson-core-2.9.3.jar:/home/travis/build/icyphy/ptII/lib/jackson-databind-2.9.3.jar:/home/travis/build/icyphy/ptII/lib/netty-buffer-4.1.19.Final.jar:/home/travis/build/icyphy/ptII/lib/netty-codec-4.1.19.Final.jar:/home/travis/build/icyphy/ptII/lib/netty-codec-dns-4.1.19.Final.jar:/home/travis/build/icyphy/ptII/lib/netty-codec-http-4.1.19.Final.jar:/home/travis/build/icyphy/ptII/lib/netty-codec-http2-4.1.19.Final.jar:/home/travis/build/icyphy/ptII/lib/netty-common-4.1.19.Final.jar:/home/travis/build/icyphy/ptII/lib/netty-handler-4.1.19.Final.jar:/home/travis/build/icyphy/ptII/lib/netty-resolver-4.1.19.Final.jar:/home/travis/build/icyphy/ptII/lib/netty-resolver-dns-4.1.19.Final.jar:/home/travis/build/icyphy/ptII/lib/netty-transport-4.1.19.Final.jar:/home/travis/build/icyphy/ptII/lib/vertx-codegen-3.5.1.jar:/home/travis/build/icyphy/ptII/lib/vertx-core-3.5.2-SNAPSHOT.jar:/home/travis/build/icyphy/ptII/lib/vertx-hazelcast-3.5.1.jar:/home/travis/build/icyphy/ptII/lib/vertx-lang-js-3.5.1.jar:/home/travis/build/icyphy/ptII/lib/vertx-service-proxy-3.5.1.jar:/home/travis/build/icyphy/ptII/lib/vertx-web-3.5.1.jar:/home/travis/build/icyphy/ptII/lib/slf4j-api-1.7.13.jar:/home/travis/build/icyphy/ptII/lib/slf4j-simple-1.7.13.jar:/home/travis/build/icyphy/ptII/lib/webcam-capture-0.3.12.jar:/home/travis/build/icyphy/ptII/lib/bridj-0.7.0.jar:/home/travis/build/icyphy/ptII/lib/xbjlib-1.1.0.nrjavaserial.jar:/home/travis/build/icyphy/ptII/ptolemy/moml/test:/home/travis/build/icyphy/ptII/ant/lib/ant-launcher.jar:/home/travis/build/icyphy/ptII/ant/lib/ant.jar:/home/travis/build/icyphy/ptII/ant/lib/ant-junit.jar:/home/travis/build/icyphy/ptII/ant/lib/ant-junit4.jar" />
    <property name="ant.library.dir" value="/home/travis/build/icyphy/ptII/ant/lib" />
    <property name="os.arch" value="amd64" />
    <property name="env.TRAVIS_LANGUAGE" value="node_js" />
    <property name="env.CONTINUOUS_INTEGRATION" value="true" />
    <property name="env.TRAVIS_STACK_LANGUAGES" value="__garnet__ c c++ clojure cplusplus cpp default go groovy java node_js php pure_java python ruby scala" />
    <property name="test.name" value="ptolemy.actor.lib.test.junit.JUnitTclTest" />
    <property name="sun.java.launcher" value="SUN_STANDARD" />
    <property name="env.PYTHON_CONFIGURE_OPTS" value="--enable-unicode=ucs4 --with-wide-unicode --enable-shared --enable-ipv6 --enable-loadable-sqlite-extensions --with-computed-gotos" />
    <property name="ant.core.lib" value="/home/travis/build/icyphy/ptII/ant/lib/ant.jar" />
    <property name="java.vm.specification.vendor" value="Oracle Corporation" />
    <property name="env.BCVTB_HOME" value="/home/travis/build/icyphy/ptII/lbnl" />
    <property name="file.separator" value="/" />
    <property name="java.runtime.version" value="1.8.0_151-b12" />
    <property name="spotbugs.home" value="/home/travis/build/icyphy/ptII/vendors/spotbugs-3.1.1" />
    <property name="sun.boot.class.path" value="/usr/lib/jvm/java-8-oracle/jre/lib/resources.jar:/usr/lib/jvm/java-8-oracle/jre/lib/rt.jar:/usr/lib/jvm/java-8-oracle/jre/lib/sunrsasign.jar:/usr/lib/jvm/java-8-oracle/jre/lib/jsse.jar:/usr/lib/jvm/java-8-oracle/jre/lib/jce.jar:/usr/lib/jvm/java-8-oracle/jre/lib/charsets.jar:/usr/lib/jvm/java-8-oracle/jre/lib/jfr.jar:/usr/lib/jvm/java-8-oracle/jre/classes" />
    <property name="env.HAS_JOSH_K_SEAL_OF_APPROVAL" value="true" />
    <property name="env.TRAVIS_OSX_IMAGE" value="" />
    <property name="env.XDG_RUNTIME_DIR" value="/run/user/2000" />
    <property name="env.TRAVIS_BRANCH" value="master" />
    <property name="env.TRAVIS_JOB_ID" value="382958618" />
    <property name="env.CERTI_HOME_TRAVIS" value="/home/travis/pthla/certi-tools" />
    <property name="user.country" value="US" />
    <property name="env.SHELL" value="/bin/bash" />
    <property name="java.maxmemory.large" value="5000m" />
    <property name="model" value="" />
    <property name="env.CASHER_DIR" value="/home/travis/.casher" />
    <property name="env.NVM_CD_FLAGS" value="" />
    <property name="jshint.executable" value="/home/travis/node_modules/jshint/bin/jshint" />
    <property name="java.vendor" value="Oracle Corporation" />
    <property name="env.JRUBY_OPTS" value=" --client -J-XX:+TieredCompilation -J-XX:TieredStopAtLevel=1 -J-Xss2m -Xcompile.invokedynamic=false" />
    <property name="env.TRAVIS_PRE_CHEF_BOOTSTRAP_TIME" value="2017-12-05T19:32:55" />
    <property name="env.TRAVIS_STACK_JOB_BOARD_REGISTER" value="/.job-board-register.yml" />
    <property name="env.ELIXIR_VERSION" value="1.4.5" />
    <property name="java.specification.version" value="1.8" />
    <property name="env.IRBRC" value="/home/travis/.rvm/rubies/ruby-2.4.1/.irbrc" />
    <property name="env.TRAVIS" value="true" />
    <property name="sun.arch.data.model" value="64" />
  </properties>
  <testcase classname="ptolemy.util.test.junit.TclTests" name="[0] /home/travis/build/icyphy/ptII/ptolemy/actor/lib/jjs/test/NashornAccessorHostApplication.tcl (RunTclFile)" time="0.144" />
  <testcase classname="ptolemy.util.test.junit.AutoKnownFailedTests" name="[0] ThereAreNoKnowFailedTests (RunModel)" time="0.0" />
  <testcase classname="ptolemy.util.test.junit.AutoNameArchTests" name="[0] ThereAreNoAutoTests (RunModel)" time="0.0" />
  <testcase classname="ptolemy.util.test.junit.AutoTests" name="[0] /home/travis/build/icyphy/ptII/ptolemy/actor/lib/jjs/test/auto/InputHandlers1.xml (RunModel)" time="11.003" />
  <testcase classname="ptolemy.util.test.junit.AutoTests" name="[1] /home/travis/build/icyphy/ptII/ptolemy/actor/lib/jjs/test/auto/InputHandlers2.xml (RunModel)" time="7.559" />
  <testcase classname="ptolemy.util.test.junit.AutoTests" name="[2] /home/travis/build/icyphy/ptII/ptolemy/actor/lib/jjs/test/auto/JSParameter1.xml (RunModel)" time="7.227" />
  <testcase classname="ptolemy.util.test.junit.AutoTests" name="[3] /home/travis/build/icyphy/ptII/ptolemy/actor/lib/jjs/test/auto/JSParameter2.xml (RunModel)" time="6.752" />
  <testcase classname="ptolemy.util.test.junit.AutoTests" name="[4] /home/travis/build/icyphy/ptII/ptolemy/actor/lib/jjs/test/auto/JSParameter3.xml (RunModel)" time="6.699" />
  <testcase classname="ptolemy.util.test.junit.AutoTests" name="[5] /home/travis/build/icyphy/ptII/ptolemy/actor/lib/jjs/test/auto/JSParameter4.xml (RunModel)" time="6.921" />
  <testcase classname="ptolemy.util.test.junit.AutoTests" name="[6] /home/travis/build/icyphy/ptII/ptolemy/actor/lib/jjs/test/auto/JSParameter5.xml (RunModel)" time="6.736" />
  <testcase classname="ptolemy.util.test.junit.AutoTests" name="[7] /home/travis/build/icyphy/ptII/ptolemy/actor/lib/jjs/test/auto/JavaScript1.xml (RunModel)" time="6.66" />
  <testcase classname="ptolemy.util.test.junit.AutoTests" name="[8] /home/travis/build/icyphy/ptII/ptolemy/actor/lib/jjs/test/auto/JavaScript10.xml (RunModel)" time="6.698" />
  <testcase classname="ptolemy.util.test.junit.AutoTests" name="[9] /home/travis/build/icyphy/ptII/ptolemy/actor/lib/jjs/test/auto/JavaScript11.xml (RunModel)" time="6.601" />
  <testcase classname="ptolemy.util.test.junit.AutoTests" name="[10] /home/travis/build/icyphy/ptII/ptolemy/actor/lib/jjs/test/auto/JavaScript12.xml (RunModel)" time="6.946" />
  <testcase classname="ptolemy.util.test.junit.AutoTests" name="[11] /home/travis/build/icyphy/ptII/ptolemy/actor/lib/jjs/test/auto/JavaScript13.xml (RunModel)" time="6.548" />
  <testcase classname="ptolemy.util.test.junit.AutoTests" name="[12] /home/travis/build/icyphy/ptII/ptolemy/actor/lib/jjs/test/auto/JavaScript14.xml (RunModel)" time="6.513" />
  <testcase classname="ptolemy.util.test.junit.AutoTests" name="[13] /home/travis/build/icyphy/ptII/ptolemy/actor/lib/jjs/test/auto/JavaScript15.xml (RunModel)" time="6.316" />
  <testcase classname="ptolemy.util.test.junit.AutoTests" name="[14] /home/travis/build/icyphy/ptII/ptolemy/actor/lib/jjs/test/auto/JavaScript16.xml (RunModel)" time="6.327" />
  <testcase classname="ptolemy.util.test.junit.AutoTests" name="[15] /home/travis/build/icyphy/ptII/ptolemy/actor/lib/jjs/test/auto/JavaScript17.xml (RunModel)" time="6.525" />
  <testcase classname="ptolemy.util.test.junit.AutoTests" name="[16] /home/travis/build/icyphy/ptII/ptolemy/actor/lib/jjs/test/auto/JavaScript18.xml (RunModel)" time="6.201" />
  <testcase classname="ptolemy.util.test.junit.AutoTests" name="[17] /home/travis/build/icyphy/ptII/ptolemy/actor/lib/jjs/test/auto/JavaScript19.xml (RunModel)" time="6.305" />
  <testcase classname="ptolemy.util.test.junit.AutoTests" name="[18] /home/travis/build/icyphy/ptII/ptolemy/actor/lib/jjs/test/auto/JavaScript2.xml (RunModel)" time="6.525" />
  <testcase classname="ptolemy.util.test.junit.AutoTests" name="[19] /home/travis/build/icyphy/ptII/ptolemy/actor/lib/jjs/test/auto/JavaScript20.xml (RunModel)" time="6.123" />
  <testcase classname="ptolemy.util.test.junit.AutoTests" name="[20] /home/travis/build/icyphy/ptII/ptolemy/actor/lib/jjs/test/auto/JavaScript21.xml (RunModel)" time="6.237" />
  <testcase classname="ptolemy.util.test.junit.AutoTests" name="[21] /home/travis/build/icyphy/ptII/ptolemy/actor/lib/jjs/test/auto/JavaScript22.xml (RunModel)" time="6.076" />
  <testcase classname="ptolemy.util.test.junit.AutoTests" name="[22] /home/travis/build/icyphy/ptII/ptolemy/actor/lib/jjs/test/auto/JavaScript23.xml (RunModel)" time="6.226" />
  <testcase classname="ptolemy.util.test.junit.AutoTests" name="[23] /home/travis/build/icyphy/ptII/ptolemy/actor/lib/jjs/test/auto/JavaScript24.xml (RunModel)" time="6.129" />
  <testcase classname="ptolemy.util.test.junit.AutoTests" name="[24] /home/travis/build/icyphy/ptII/ptolemy/actor/lib/jjs/test/auto/JavaScript25.xml (RunModel)" time="6.347" />
  <testcase classname="ptolemy.util.test.junit.AutoTests" name="[25] /home/travis/build/icyphy/ptII/ptolemy/actor/lib/jjs/test/auto/JavaScript26.xml (RunModel)" time="6.117" />
  <testcase classname="ptolemy.util.test.junit.AutoTests" name="[26] /home/travis/build/icyphy/ptII/ptolemy/actor/lib/jjs/test/auto/JavaScript27.xml (RunModel)" time="5.966" />
  <testcase classname="ptolemy.util.test.junit.AutoTests" name="[27] /home/travis/build/icyphy/ptII/ptolemy/actor/lib/jjs/test/auto/JavaScript3.xml (RunModel)" time="6.986" />
  <testcase classname="ptolemy.util.test.junit.AutoTests" name="[28] /home/travis/build/icyphy/ptII/ptolemy/actor/lib/jjs/test/auto/JavaScript4.xml (RunModel)" time="6.561" />
  <testcase classname="ptolemy.util.test.junit.AutoTests" name="[29] /home/travis/build/icyphy/ptII/ptolemy/actor/lib/jjs/test/auto/JavaScript5.xml (RunModel)" time="6.096" />
  <testcase classname="ptolemy.util.test.junit.AutoTests" name="[30] /home/travis/build/icyphy/ptII/ptolemy/actor/lib/jjs/test/auto/JavaScript6.xml (RunModel)" time="7.324" />
  <testcase classname="ptolemy.util.test.junit.AutoTests" name="[31] /home/travis/build/icyphy/ptII/ptolemy/actor/lib/jjs/test/auto/JavaScript7.xml (RunModel)" time="7.061" />
  <testcase classname="ptolemy.util.test.junit.AutoTests" name="[32] /home/travis/build/icyphy/ptII/ptolemy/actor/lib/jjs/test/auto/JavaScript8.xml (RunModel)" time="6.144" />
  <testcase classname="ptolemy.util.test.junit.AutoTests" name="[33] /home/travis/build/icyphy/ptII/ptolemy/actor/lib/jjs/test/auto/JavaScript9.xml (RunModel)" time="5.988" />
  <testcase classname="ptolemy.util.test.junit.AutoTests" name="[34] /home/travis/build/icyphy/ptII/ptolemy/actor/lib/jjs/test/auto/JavaScriptAbsentInputs.xml (RunModel)" time="6.19" />
  <testcase classname="ptolemy.util.test.junit.AutoTests" name="[35] /home/travis/build/icyphy/ptII/ptolemy/actor/lib/jjs/test/auto/JavaScriptAbsentInputsPersistent.xml (RunModel)" time="6.092" />
  <testcase classname="ptolemy.util.test.junit.AutoTests" name="[36] /home/travis/build/icyphy/ptII/ptolemy/actor/lib/jjs/test/auto/JavaScriptArray.xml (RunModel)" time="5.964" />
  <testcase classname="ptolemy.util.test.junit.AutoTests" name="[37] /home/travis/build/icyphy/ptII/ptolemy/actor/lib/jjs/test/auto/JavaScriptArray2.xml (RunModel)" time="6.006" />
  <testcase classname="ptolemy.util.test.junit.AutoTests" name="[38] /home/travis/build/icyphy/ptII/ptolemy/actor/lib/jjs/test/auto/JavaScriptBooleanToken.xml (RunModel)" time="6.214" />
  <testcase classname="ptolemy.util.test.junit.AutoTests" name="[39] /home/travis/build/icyphy/ptII/ptolemy/actor/lib/jjs/test/auto/JavaScriptBuildPtolemyModel.xml (RunModel)" time="6.049" />
  <testcase classname="ptolemy.util.test.junit.AutoTests" name="[40] /home/travis/build/icyphy/ptII/ptolemy/actor/lib/jjs/test/auto/JavaScriptBuildPtolemyModelAndSend.xml (RunModel)" time="6.054" />
  <testcase classname="ptolemy.util.test.junit.AutoTests" name="[41] /home/travis/build/icyphy/ptII/ptolemy/actor/lib/jjs/test/auto/JavaScriptBuildPtolemyModelAndSendAndReceive.xml (RunModel)" time="7.075" />
  <testcase classname="ptolemy.util.test.junit.AutoTests" name="[42] /home/travis/build/icyphy/ptII/ptolemy/actor/lib/jjs/test/auto/JavaScriptCount.xml (RunModel)" time="6.413" />
  <testcase classname="ptolemy.util.test.junit.AutoTests" name="[43] /home/travis/build/icyphy/ptII/ptolemy/actor/lib/jjs/test/auto/JavaScriptDoubleToken.xml (RunModel)" time="6.015" />
  <testcase classname="ptolemy.util.test.junit.AutoTests" name="[44] /home/travis/build/icyphy/ptII/ptolemy/actor/lib/jjs/test/auto/JavaScriptErrorOutput.xml (RunModel)" time="5.894" />
  <testcase classname="ptolemy.util.test.junit.AutoTests" name="[45] /home/travis/build/icyphy/ptII/ptolemy/actor/lib/jjs/test/auto/JavaScriptFactorial.xml (RunModel)" time="5.913" />
  <testcase classname="ptolemy.util.test.junit.AutoTests" name="[46] /home/travis/build/icyphy/ptII/ptolemy/actor/lib/jjs/test/auto/JavaScriptInputHandler1.xml (RunModel)" time="5.927" />
  <testcase classname="ptolemy.util.test.junit.AutoTests" name="[47] /home/travis/build/icyphy/ptII/ptolemy/actor/lib/jjs/test/auto/JavaScriptInputHandler2.xml (RunModel)" time="5.893" />
  <testcase classname="ptolemy.util.test.junit.AutoTests" name="[48] /home/travis/build/icyphy/ptII/ptolemy/actor/lib/jjs/test/auto/JavaScriptInputHandler3.xml (RunModel)" time="5.981" />
  <testcase classname="ptolemy.util.test.junit.AutoTests" name="[49] /home/travis/build/icyphy/ptII/ptolemy/actor/lib/jjs/test/auto/JavaScriptIntToken.xml (RunModel)" time="5.912" />
  <testcase classname="ptolemy.util.test.junit.AutoTests" name="[50] /home/travis/build/icyphy/ptII/ptolemy/actor/lib/jjs/test/auto/JavaScriptLongToken.xml (RunModel)" time="6.304" />
  <testcase classname="ptolemy.util.test.junit.AutoTests" name="[51] /home/travis/build/icyphy/ptII/ptolemy/actor/lib/jjs/test/auto/JavaScriptLongToken2.xml (RunModel)" time="7.238" />
  <testcase classname="ptolemy.util.test.junit.AutoTests" name="[52] /home/travis/build/icyphy/ptII/ptolemy/actor/lib/jjs/test/auto/JavaScriptReadParameter.xml (RunModel)" time="5.882" />
  <testcase classname="ptolemy.util.test.junit.AutoTests" name="[53] /home/travis/build/icyphy/ptII/ptolemy/actor/lib/jjs/test/auto/JavaScriptReceiveDate.xml (RunModel)" time="5.998" />
  <testcase classname="ptolemy.util.test.junit.AutoTests" name="[54] /home/travis/build/icyphy/ptII/ptolemy/actor/lib/jjs/test/auto/JavaScriptRecord.xml (RunModel)" time="6.007" />
  <testcase classname="ptolemy.util.test.junit.AutoTests" name="[55] /home/travis/build/icyphy/ptII/ptolemy/actor/lib/jjs/test/auto/JavaScriptRecordToken.xml (RunModel)" time="6.29" />
  <testcase classname="ptolemy.util.test.junit.AutoTests" name="[56] /home/travis/build/icyphy/ptII/ptolemy/actor/lib/jjs/test/auto/JavaScriptSendArray.xml (RunModel)" time="6.012" />
  <testcase classname="ptolemy.util.test.junit.AutoTests" name="[57] /home/travis/build/icyphy/ptII/ptolemy/actor/lib/jjs/test/auto/JavaScriptSendArray2.xml (RunModel)" time="6.112" />
  <testcase classname="ptolemy.util.test.junit.AutoTests" name="[58] /home/travis/build/icyphy/ptII/ptolemy/actor/lib/jjs/test/auto/JavaScriptSendBoolean.xml (RunModel)" time="6.245" />
  <testcase classname="ptolemy.util.test.junit.AutoTests" name="[59] /home/travis/build/icyphy/ptII/ptolemy/actor/lib/jjs/test/auto/JavaScriptSendDate.xml (RunModel)" time="6.193" />
  <testcase classname="ptolemy.util.test.junit.AutoTests" name="[60] /home/travis/build/icyphy/ptII/ptolemy/actor/lib/jjs/test/auto/JavaScriptSendDouble.xml (RunModel)" time="5.952" />
  <testcase classname="ptolemy.util.test.junit.AutoTests" name="[61] /home/travis/build/icyphy/ptII/ptolemy/actor/lib/jjs/test/auto/JavaScriptSendInt.xml (RunModel)" time="5.856" />
  <testcase classname="ptolemy.util.test.junit.AutoTests" name="[62] /home/travis/build/icyphy/ptII/ptolemy/actor/lib/jjs/test/auto/JavaScriptSendMatrix.xml (RunModel)" time="5.956" />
  <testcase classname="ptolemy.util.test.junit.AutoTests" name="[63] /home/travis/build/icyphy/ptII/ptolemy/actor/lib/jjs/test/auto/JavaScriptSendNativeArray.xml (RunModel)" time="6.707" />
  <testcase classname="ptolemy.util.test.junit.AutoTests" name="[64] /home/travis/build/icyphy/ptII/ptolemy/actor/lib/jjs/test/auto/JavaScriptSendNativeObject.xml (RunModel)" time="7.724" />
  <testcase classname="ptolemy.util.test.junit.AutoTests" name="[65] /home/travis/build/icyphy/ptII/ptolemy/actor/lib/jjs/test/auto/JavaScriptSendNull.xml (RunModel)" time="5.879" />
  <testcase classname="ptolemy.util.test.junit.AutoTests" name="[66] /home/travis/build/icyphy/ptII/ptolemy/actor/lib/jjs/test/auto/JavaScriptSendNullToInput.xml (RunModel)" time="7.882" />
  <testcase classname="ptolemy.util.test.junit.AutoTests" name="[67] /home/travis/build/icyphy/ptII/ptolemy/actor/lib/jjs/test/auto/JavaScriptSendRecord.xml (RunModel)" time="5.868" />
  <testcase classname="ptolemy.util.test.junit.AutoTests" name="[68] /home/travis/build/icyphy/ptII/ptolemy/actor/lib/jjs/test/auto/JavaScriptSendRecord2.xml (RunModel)" time="6.08" />
  <testcase classname="ptolemy.util.test.junit.AutoTests" name="[69] /home/travis/build/icyphy/ptII/ptolemy/actor/lib/jjs/test/auto/JavaScriptSendRecord3.xml (RunModel)" time="5.826" />
  <testcase classname="ptolemy.util.test.junit.AutoTests" name="[70] /home/travis/build/icyphy/ptII/ptolemy/actor/lib/jjs/test/auto/JavaScriptSendString.xml (RunModel)" time="5.816" />
  <testcase classname="ptolemy.util.test.junit.AutoTests" name="[71] /home/travis/build/icyphy/ptII/ptolemy/actor/lib/jjs/test/auto/JavaScriptSendToInput.xml (RunModel)" time="7.813" />
  <testcase classname="ptolemy.util.test.junit.AutoTests" name="[72] /home/travis/build/icyphy/ptII/ptolemy/actor/lib/jjs/test/auto/JavaScriptSetInterval.xml (RunModel)" time="6.635" />
  <testcase classname="ptolemy.util.test.junit.AutoTests" name="[73] /home/travis/build/icyphy/ptII/ptolemy/actor/lib/jjs/test/auto/JavaScriptSetInterval2.xml (RunModel)" time="6.484" />
  <testcase classname="ptolemy.util.test.junit.AutoTests" name="[74] /home/travis/build/icyphy/ptII/ptolemy/actor/lib/jjs/test/auto/JavaScriptSetTimeout.xml (RunModel)" time="6.045" />
  <testcase classname="ptolemy.util.test.junit.AutoTests" name="[75] /home/travis/build/icyphy/ptII/ptolemy/actor/lib/jjs/test/auto/JavaScriptStringToken.xml (RunModel)" time="6.206" />
  <testcase classname="ptolemy.util.test.junit.AutoTests" name="[76] /home/travis/build/icyphy/ptII/ptolemy/actor/lib/jjs/test/auto/JavaScriptTestAutoInputEtc.xml (RunModel)" time="8.151" />
  <testcase classname="ptolemy.util.test.junit.AutoTests" name="[77] /home/travis/build/icyphy/ptII/ptolemy/actor/lib/jjs/test/auto/JavaScriptThisActor.xml (RunModel)" time="6.066" />
  <testcase classname="ptolemy.util.test.junit.AutoTests" name="[78] /home/travis/build/icyphy/ptII/ptolemy/actor/lib/jjs/test/auto/JavaScriptTimeout.xml (RunModel)" time="6.356" />
  <testcase classname="ptolemy.util.test.junit.AutoTests" name="[79] /home/travis/build/icyphy/ptII/ptolemy/actor/lib/jjs/test/auto/JavaScriptWriteParameter.xml (RunModel)" time="5.828" />
  <testcase classname="ptolemy.util.test.junit.AutoTests" name="[80] /home/travis/build/icyphy/ptII/ptolemy/actor/lib/jjs/test/auto/RampDisplay.xml (RunModel)" time="14.816" />
  <testcase classname="ptolemy.util.test.junit.AutoTests" name="[81] /home/travis/build/icyphy/ptII/ptolemy/actor/lib/jjs/test/auto/SelfBuilder.xml (RunModel)" time="6.109" />
  <testcase classname="ptolemy.util.test.junit.AutoTests" name="[82] /home/travis/build/icyphy/ptII/ptolemy/actor/lib/jjs/test/auto/SelfBuilder10.xml (RunModel)" time="5.91" />
  <testcase classname="ptolemy.util.test.junit.AutoTests" name="[83] /home/travis/build/icyphy/ptII/ptolemy/actor/lib/jjs/test/auto/SelfBuilder2.xml (RunModel)" time="5.854" />
  <testcase classname="ptolemy.util.test.junit.AutoTests" name="[84] /home/travis/build/icyphy/ptII/ptolemy/actor/lib/jjs/test/auto/SelfBuilder3.xml (RunModel)" time="5.938" />
  <testcase classname="ptolemy.util.test.junit.AutoTests" name="[85] /home/travis/build/icyphy/ptII/ptolemy/actor/lib/jjs/test/auto/SelfBuilder4.xml (RunModel)" time="6.211" />
  <testcase classname="ptolemy.util.test.junit.AutoTests" name="[86] /home/travis/build/icyphy/ptII/ptolemy/actor/lib/jjs/test/auto/SelfBuilder5.xml (RunModel)" time="5.911" />
  <testcase classname="ptolemy.util.test.junit.AutoTests" name="[87] /home/travis/build/icyphy/ptII/ptolemy/actor/lib/jjs/test/auto/SelfBuilder6.xml (RunModel)" time="6.073" />
  <testcase classname="ptolemy.util.test.junit.AutoTests" name="[88] /home/travis/build/icyphy/ptII/ptolemy/actor/lib/jjs/test/auto/SelfBuilder7.xml (RunModel)" time="5.892" />
  <testcase classname="ptolemy.util.test.junit.AutoTests" name="[89] /home/travis/build/icyphy/ptII/ptolemy/actor/lib/jjs/test/auto/SelfBuilder8.xml (RunModel)" time="5.915" />
  <testcase classname="ptolemy.util.test.junit.AutoTests" name="[90] /home/travis/build/icyphy/ptII/ptolemy/actor/lib/jjs/test/auto/SelfBuilder9.xml (RunModel)" time="6.13" />
  <system-out><![CDATA[/home/travis/build/icyphy/ptII/ptolemy/actor/lib/jjs/test/NashornAccessorHostApplication.tcl
testDefs.tcl: setting time out to 9000 seconds at Thu May 24 01:11:03 UTC 2018


==== $PTII/ptolemy/actor/lib/jjs/test/NashornAccessorHostApplication.tcl: NashornAccessorHostApplication-0.0.1 No way to test the command line arguments
==== Contents of test case:

    list "Unfortunately, the Nashorn Host spawns a separate thread, so there"  "is no way to asyncronously wait to get the results back."  "This makes it difficult to test the command line argument processing."

==== Result was:
{Unfortunately, the Nashorn Host spawns a separate thread, so there} {is no way to asyncronously wait to get the results back.} {This makes it difficult to test the command line argument processing.}
---- KNOWN Failure, Result should have been:
1
---- NashornAccessorHostApplication-0.0.1 Failed, but this is a KNOWN failure
05/24/18 01:11:03
Failed: 0  Total Tests: 1  ((Passed: 0, Newly Passed: 0)  Known Failed: 1) /home/travis/build/icyphy/ptII/ptolemy/actor/lib/jjs/test
No auto/knownFailedTests/*.xml tests in /home/travis/build/icyphy/ptII/ptolemy/actor/lib/jjs/test
No auto/*.xml tests in /home/travis/build/icyphy/ptII/ptolemy/actor/lib/jjs/test
AutoTests.java: About to close Vertx.
AutoTests.java: Vertx closed.
----------------- testing Thu May 24 01:11:03 UTC 2018 /home/travis/build/icyphy/ptII/ptolemy/actor/lib/jjs/test/auto/InputHandlers1.xml
----------------- Thu May 24 01:11:03 UTC 2018 About to sleep for 5.0 seconds before running or rerunning.  Test is: /home/travis/build/icyphy/ptII/ptolemy/actor/lib/jjs/test/auto/InputHandlers1.xml
Done sleeping
----------------- Instantiating /home/travis/build/icyphy/ptII/ptolemy/actor/lib/jjs/test/auto/InputHandlers1.xml
2230 ms. Memory: 201728K Free: 129216K (64%)
----------------- Invoking toplevel() on ptolemy.moml.MoMLSimpleApplication@7b6aed93
----------------- Done invoking toplevel() on ptolemy.moml.MoMLSimpleApplication@7b6aed93
reloadAllAccessors: .InputHandlers1
----------------- testing Thu May 24 01:11:14 UTC 2018 /home/travis/build/icyphy/ptII/ptolemy/actor/lib/jjs/test/auto/InputHandlers2.xml
----------------- Thu May 24 01:11:14 UTC 2018 About to sleep for 5.0 seconds before running or rerunning.  Test is: /home/travis/build/icyphy/ptII/ptolemy/actor/lib/jjs/test/auto/InputHandlers2.xml
Done sleeping
----------------- Instantiating /home/travis/build/icyphy/ptII/ptolemy/actor/lib/jjs/test/auto/InputHandlers2.xml
1485 ms. Memory: 268800K Free: 121421K (45%)
----------------- Invoking toplevel() on ptolemy.moml.MoMLSimpleApplication@41fc0eda
----------------- Done invoking toplevel() on ptolemy.moml.MoMLSimpleApplication@41fc0eda
reloadAllAccessors: .InputHandlers2
----------------- testing Thu May 24 01:11:22 UTC 2018 /home/travis/build/icyphy/ptII/ptolemy/actor/lib/jjs/test/auto/JSParameter1.xml
----------------- Thu May 24 01:11:22 UTC 2018 About to sleep for 5.0 seconds before running or rerunning.  Test is: /home/travis/build/icyphy/ptII/ptolemy/actor/lib/jjs/test/auto/JSParameter1.xml
Done sleeping
----------------- Instantiating /home/travis/build/icyphy/ptII/ptolemy/actor/lib/jjs/test/auto/JSParameter1.xml
1232 ms. Memory: 381952K Free: 308523K (81%)
----------------- Invoking toplevel() on ptolemy.moml.MoMLSimpleApplication@3cc70b6f
----------------- Done invoking toplevel() on ptolemy.moml.MoMLSimpleApplication@3cc70b6f
reloadAllAccessors: .JSParameter1
----------------- testing Thu May 24 01:11:29 UTC 2018 /home/travis/build/icyphy/ptII/ptolemy/actor/lib/jjs/test/auto/JSParameter2.xml
----------------- Thu May 24 01:11:29 UTC 2018 About to sleep for 5.0 seconds before running or rerunning.  Test is: /home/travis/build/icyphy/ptII/ptolemy/actor/lib/jjs/test/auto/JSParameter2.xml
Done sleeping
----------------- Instantiating /home/travis/build/icyphy/ptII/ptolemy/actor/lib/jjs/test/auto/JSParameter2.xml
1163 ms. Memory: 381952K Free: 248860K (65%)
----------------- Invoking toplevel() on ptolemy.moml.MoMLSimpleApplication@dd115a
----------------- Done invoking toplevel() on ptolemy.moml.MoMLSimpleApplication@dd115a
reloadAllAccessors: .JSParameter2
----------------- testing Thu May 24 01:11:36 UTC 2018 /home/travis/build/icyphy/ptII/ptolemy/actor/lib/jjs/test/auto/JSParameter3.xml
----------------- Thu May 24 01:11:36 UTC 2018 About to sleep for 5.0 seconds before running or rerunning.  Test is: /home/travis/build/icyphy/ptII/ptolemy/actor/lib/jjs/test/auto/JSParameter3.xml
Done sleeping
----------------- Instantiating /home/travis/build/icyphy/ptII/ptolemy/actor/lib/jjs/test/auto/JSParameter3.xml
1019 ms. Memory: 503808K Free: 314084K (62%)
----------------- Invoking toplevel() on ptolemy.moml.MoMLSimpleApplication@44fa683a
----------------- Done invoking toplevel() on ptolemy.moml.MoMLSimpleApplication@44fa683a
reloadAllAccessors: .JSParameter3
----------------- testing Thu May 24 01:11:42 UTC 2018 /home/travis/build/icyphy/ptII/ptolemy/actor/lib/jjs/test/auto/JSParameter4.xml
----------------- Thu May 24 01:11:42 UTC 2018 About to sleep for 5.0 seconds before running or rerunning.  Test is: /home/travis/build/icyphy/ptII/ptolemy/actor/lib/jjs/test/auto/JSParameter4.xml
Done sleeping
----------------- Instantiating /home/travis/build/icyphy/ptII/ptolemy/actor/lib/jjs/test/auto/JSParameter4.xml
1236 ms. Memory: 526336K Free: 477225K (91%)
----------------- Invoking toplevel() on ptolemy.moml.MoMLSimpleApplication@514cec17
----------------- Done invoking toplevel() on ptolemy.moml.MoMLSimpleApplication@514cec17
reloadAllAccessors: .JSParameter4
----------------- testing Thu May 24 01:11:49 UTC 2018 /home/travis/build/icyphy/ptII/ptolemy/actor/lib/jjs/test/auto/JSParameter5.xml
----------------- Thu May 24 01:11:49 UTC 2018 About to sleep for 5.0 seconds before running or rerunning.  Test is: /home/travis/build/icyphy/ptII/ptolemy/actor/lib/jjs/test/auto/JSParameter5.xml
Done sleeping
----------------- Instantiating /home/travis/build/icyphy/ptII/ptolemy/actor/lib/jjs/test/auto/JSParameter5.xml
1084 ms. Memory: 526336K Free: 161169K (31%)
----------------- Invoking toplevel() on ptolemy.moml.MoMLSimpleApplication@7e9a9f91
----------------- Done invoking toplevel() on ptolemy.moml.MoMLSimpleApplication@7e9a9f91
reloadAllAccessors: .JSParameter5
----------------- testing Thu May 24 01:11:56 UTC 2018 /home/travis/build/icyphy/ptII/ptolemy/actor/lib/jjs/test/auto/JavaScript1.xml
----------------- Thu May 24 01:11:56 UTC 2018 About to sleep for 5.0 seconds before running or rerunning.  Test is: /home/travis/build/icyphy/ptII/ptolemy/actor/lib/jjs/test/auto/JavaScript1.xml
Done sleeping
----------------- Instantiating /home/travis/build/icyphy/ptII/ptolemy/actor/lib/jjs/test/auto/JavaScript1.xml
998 ms. Memory: 698880K Free: 392312K (56%)
----------------- Invoking toplevel() on ptolemy.moml.MoMLSimpleApplication@6f77ee3
----------------- Done invoking toplevel() on ptolemy.moml.MoMLSimpleApplication@6f77ee3
reloadAllAccessors: .JavaScript1
----------------- testing Thu May 24 01:12:03 UTC 2018 /home/travis/build/icyphy/ptII/ptolemy/actor/lib/jjs/test/auto/JavaScript10.xml
----------------- Thu May 24 01:12:03 UTC 2018 About to sleep for 5.0 seconds before running or rerunning.  Test is: /home/travis/build/icyphy/ptII/ptolemy/actor/lib/jjs/test/auto/JavaScript10.xml
Done sleeping
----------------- Instantiating /home/travis/build/icyphy/ptII/ptolemy/actor/lib/jjs/test/auto/JavaScript10.xml
1097 ms. Memory: 702976K Free: 608304K (87%)
----------------- Invoking toplevel() on ptolemy.moml.MoMLSimpleApplication@4a11bec3
----------------- Done invoking toplevel() on ptolemy.moml.MoMLSimpleApplication@4a11bec3
reloadAllAccessors: .JavaScript10
----------------- testing Thu May 24 01:12:09 UTC 2018 /home/travis/build/icyphy/ptII/ptolemy/actor/lib/jjs/test/auto/JavaScript11.xml
----------------- Thu May 24 01:12:09 UTC 2018 About to sleep for 5.0 seconds before running or rerunning.  Test is: /home/travis/build/icyphy/ptII/ptolemy/actor/lib/jjs/test/auto/JavaScript11.xml
Done sleeping
----------------- Instantiating /home/travis/build/icyphy/ptII/ptolemy/actor/lib/jjs/test/auto/JavaScript11.xml
1000 ms. Memory: 702976K Free: 287627K (41%)
----------------- Invoking toplevel() on ptolemy.moml.MoMLSimpleApplication@7c38288d
----------------- Done invoking toplevel() on ptolemy.moml.MoMLSimpleApplication@7c38288d
reloadAllAccessors: .JavaScript11
----------------- testing Thu May 24 01:12:16 UTC 2018 /home/travis/build/icyphy/ptII/ptolemy/actor/lib/jjs/test/auto/JavaScript12.xml
----------------- Thu May 24 01:12:16 UTC 2018 About to sleep for 5.0 seconds before running or rerunning.  Test is: /home/travis/build/icyphy/ptII/ptolemy/actor/lib/jjs/test/auto/JavaScript12.xml
Done sleeping
----------------- Instantiating /home/travis/build/icyphy/ptII/ptolemy/actor/lib/jjs/test/auto/JavaScript12.xml
0
1
2
3
4
5
6
7
8
9
6 ms. Memory: 886272K Free: 768594K (87%)
1388 ms. Memory: 886272K Free: 765414K (86%)
----------------- Invoking toplevel() on ptolemy.moml.MoMLSimpleApplication@1681f8b7
----------------- Done invoking toplevel() on ptolemy.moml.MoMLSimpleApplication@1681f8b7
reloadAllAccessors: .JavaScript12
----------------- testing Thu May 24 01:12:23 UTC 2018 /home/travis/build/icyphy/ptII/ptolemy/actor/lib/jjs/test/auto/JavaScript13.xml
----------------- Thu May 24 01:12:23 UTC 2018 About to sleep for 5.0 seconds before running or rerunning.  Test is: /home/travis/build/icyphy/ptII/ptolemy/actor/lib/jjs/test/auto/JavaScript13.xml
Done sleeping
----------------- Instantiating /home/travis/build/icyphy/ptII/ptolemy/actor/lib/jjs/test/auto/JavaScript13.xml
0
1
2
3
4
5
6
7
8
9
4 ms. Memory: 886272K Free: 442163K (50%)
904 ms. Memory: 886272K Free: 442163K (50%)
----------------- Invoking toplevel() on ptolemy.moml.MoMLSimpleApplication@20762dde
----------------- Done invoking toplevel() on ptolemy.moml.MoMLSimpleApplication@20762dde
reloadAllAccessors: .JavaScript13
----------------- testing Thu May 24 01:12:30 UTC 2018 /home/travis/build/icyphy/ptII/ptolemy/actor/lib/jjs/test/auto/JavaScript14.xml
----------------- Thu May 24 01:12:30 UTC 2018 About to sleep for 5.0 seconds before running or rerunning.  Test is: /home/travis/build/icyphy/ptII/ptolemy/actor/lib/jjs/test/auto/JavaScript14.xml
Done sleeping
----------------- Instantiating /home/travis/build/icyphy/ptII/ptolemy/actor/lib/jjs/test/auto/JavaScript14.xml
973 ms. Memory: 890880K Free: 793906K (89%)
----------------- Invoking toplevel() on ptolemy.moml.MoMLSimpleApplication@2c40b057
----------------- Done invoking toplevel() on ptolemy.moml.MoMLSimpleApplication@2c40b057
reloadAllAccessors: .JavaScript14
----------------- testing Thu May 24 01:12:36 UTC 2018 /home/travis/build/icyphy/ptII/ptolemy/actor/lib/jjs/test/auto/JavaScript15.xml
----------------- Thu May 24 01:12:36 UTC 2018 About to sleep for 5.0 seconds before running or rerunning.  Test is: /home/travis/build/icyphy/ptII/ptolemy/actor/lib/jjs/test/auto/JavaScript15.xml
Done sleeping
----------------- Instantiating /home/travis/build/icyphy/ptII/ptolemy/actor/lib/jjs/test/auto/JavaScript15.xml
840 ms. Memory: 890880K Free: 476774K (54%)
----------------- Invoking toplevel() on ptolemy.moml.MoMLSimpleApplication@57610972
----------------- Done invoking toplevel() on ptolemy.moml.MoMLSimpleApplication@57610972
reloadAllAccessors: .JavaScript15
----------------- testing Thu May 24 01:12:42 UTC 2018 /home/travis/build/icyphy/ptII/ptolemy/actor/lib/jjs/test/auto/JavaScript16.xml
----------------- Thu May 24 01:12:42 UTC 2018 About to sleep for 5.0 seconds before running or rerunning.  Test is: /home/travis/build/icyphy/ptII/ptolemy/actor/lib/jjs/test/auto/JavaScript16.xml
Done sleeping
----------------- Instantiating /home/travis/build/icyphy/ptII/ptolemy/actor/lib/jjs/test/auto/JavaScript16.xml
806 ms. Memory: 890880K Free: 165097K (19%)
----------------- Invoking toplevel() on ptolemy.moml.MoMLSimpleApplication@66242a5f
----------------- Done invoking toplevel() on ptolemy.moml.MoMLSimpleApplication@66242a5f
reloadAllAccessors: .JavaScript16
----------------- testing Thu May 24 01:12:49 UTC 2018 /home/travis/build/icyphy/ptII/ptolemy/actor/lib/jjs/test/auto/JavaScript17.xml
----------------- Thu May 24 01:12:49 UTC 2018 About to sleep for 5.0 seconds before running or rerunning.  Test is: /home/travis/build/icyphy/ptII/ptolemy/actor/lib/jjs/test/auto/JavaScript17.xml
Done sleeping
----------------- Instantiating /home/travis/build/icyphy/ptII/ptolemy/actor/lib/jjs/test/auto/JavaScript17.xml
901 ms. Memory: 1084416K Free: 708949K (65%)
----------------- Invoking toplevel() on ptolemy.moml.MoMLSimpleApplication@33f49260
----------------- Done invoking toplevel() on ptolemy.moml.MoMLSimpleApplication@33f49260
reloadAllAccessors: .JavaScript17
----------------- testing Thu May 24 01:12:55 UTC 2018 /home/travis/build/icyphy/ptII/ptolemy/actor/lib/jjs/test/auto/JavaScript18.xml
----------------- Thu May 24 01:12:55 UTC 2018 About to sleep for 5.0 seconds before running or rerunning.  Test is: /home/travis/build/icyphy/ptII/ptolemy/actor/lib/jjs/test/auto/JavaScript18.xml
Done sleeping
----------------- Instantiating /home/travis/build/icyphy/ptII/ptolemy/actor/lib/jjs/test/auto/JavaScript18.xml
783 ms. Memory: 1084416K Free: 393449K (36%)
----------------- Invoking toplevel() on ptolemy.moml.MoMLSimpleApplication@6e39abb0
----------------- Done invoking toplevel() on ptolemy.moml.MoMLSimpleApplication@6e39abb0
reloadAllAccessors: .JavaScript18
----------------- testing Thu May 24 01:13:01 UTC 2018 /home/travis/build/icyphy/ptII/ptolemy/actor/lib/jjs/test/auto/JavaScript19.xml
----------------- Thu May 24 01:13:01 UTC 2018 About to sleep for 5.0 seconds before running or rerunning.  Test is: /home/travis/build/icyphy/ptII/ptolemy/actor/lib/jjs/test/auto/JavaScript19.xml
Done sleeping
----------------- Instantiating /home/travis/build/icyphy/ptII/ptolemy/actor/lib/jjs/test/auto/JavaScript19.xml
835 ms. Memory: 1084416K Free: 78425K (7%)
----------------- Invoking toplevel() on ptolemy.moml.MoMLSimpleApplication@53a7af0b
----------------- Done invoking toplevel() on ptolemy.moml.MoMLSimpleApplication@53a7af0b
reloadAllAccessors: .JavaScript19
----------------- testing Thu May 24 01:13:08 UTC 2018 /home/travis/build/icyphy/ptII/ptolemy/actor/lib/jjs/test/auto/JavaScript2.xml
----------------- Thu May 24 01:13:08 UTC 2018 About to sleep for 5.0 seconds before running or rerunning.  Test is: /home/travis/build/icyphy/ptII/ptolemy/actor/lib/jjs/test/auto/JavaScript2.xml
Done sleeping
----------------- Instantiating /home/travis/build/icyphy/ptII/ptolemy/actor/lib/jjs/test/auto/JavaScript2.xml
863 ms. Memory: 1118720K Free: 796290K (71%)
----------------- Invoking toplevel() on ptolemy.moml.MoMLSimpleApplication@78926005
----------------- Done invoking toplevel() on ptolemy.moml.MoMLSimpleApplication@78926005
reloadAllAccessors: .JavaScript2
----------------- testing Thu May 24 01:13:14 UTC 2018 /home/travis/build/icyphy/ptII/ptolemy/actor/lib/jjs/test/auto/JavaScript20.xml
----------------- Thu May 24 01:13:14 UTC 2018 About to sleep for 5.0 seconds before running or rerunning.  Test is: /home/travis/build/icyphy/ptII/ptolemy/actor/lib/jjs/test/auto/JavaScript20.xml
Done sleeping
----------------- Instantiating /home/travis/build/icyphy/ptII/ptolemy/actor/lib/jjs/test/auto/JavaScript20.xml
700 ms. Memory: 1118720K Free: 485724K (43%)
----------------- Invoking toplevel() on ptolemy.moml.MoMLSimpleApplication@38e4fb75
----------------- Done invoking toplevel() on ptolemy.moml.MoMLSimpleApplication@38e4fb75
reloadAllAccessors: .JavaScript20
----------------- testing Thu May 24 01:13:20 UTC 2018 /home/travis/build/icyphy/ptII/ptolemy/actor/lib/jjs/test/auto/JavaScript21.xml
----------------- Thu May 24 01:13:20 UTC 2018 About to sleep for 5.0 seconds before running or rerunning.  Test is: /home/travis/build/icyphy/ptII/ptolemy/actor/lib/jjs/test/auto/JavaScript21.xml
Done sleeping
----------------- Instantiating /home/travis/build/icyphy/ptII/ptolemy/actor/lib/jjs/test/auto/JavaScript21.xml
807 ms. Memory: 1353216K Free: 1239019K (92%)
----------------- Invoking toplevel() on ptolemy.moml.MoMLSimpleApplication@6341ffdd
----------------- Done invoking toplevel() on ptolemy.moml.MoMLSimpleApplication@6341ffdd
reloadAllAccessors: .JavaScript21
----------------- testing Thu May 24 01:13:27 UTC 2018 /home/travis/build/icyphy/ptII/ptolemy/actor/lib/jjs/test/auto/JavaScript22.xml
----------------- Thu May 24 01:13:27 UTC 2018 About to sleep for 5.0 seconds before running or rerunning.  Test is: /home/travis/build/icyphy/ptII/ptolemy/actor/lib/jjs/test/auto/JavaScript22.xml
Done sleeping
----------------- Instantiating /home/travis/build/icyphy/ptII/ptolemy/actor/lib/jjs/test/auto/JavaScript22.xml
659 ms. Memory: 1353216K Free: 924173K (68%)
----------------- Invoking toplevel() on ptolemy.moml.MoMLSimpleApplication@7bdad976
----------------- Done invoking toplevel() on ptolemy.moml.MoMLSimpleApplication@7bdad976
reloadAllAccessors: .JavaScript22
----------------- testing Thu May 24 01:13:33 UTC 2018 /home/travis/build/icyphy/ptII/ptolemy/actor/lib/jjs/test/auto/JavaScript23.xml
----------------- Thu May 24 01:13:33 UTC 2018 About to sleep for 5.0 seconds before running or rerunning.  Test is: /home/travis/build/icyphy/ptII/ptolemy/actor/lib/jjs/test/auto/JavaScript23.xml
Done sleeping
----------------- Instantiating /home/travis/build/icyphy/ptII/ptolemy/actor/lib/jjs/test/auto/JavaScript23.xml
793 ms. Memory: 1353216K Free: 613549K (45%)
----------------- Invoking toplevel() on ptolemy.moml.MoMLSimpleApplication@277b207e
----------------- Done invoking toplevel() on ptolemy.moml.MoMLSimpleApplication@277b207e
reloadAllAccessors: .JavaScript23
----------------- testing Thu May 24 01:13:39 UTC 2018 /home/travis/build/icyphy/ptII/ptolemy/actor/lib/jjs/test/auto/JavaScript24.xml
----------------- Thu May 24 01:13:39 UTC 2018 About to sleep for 5.0 seconds before running or rerunning.  Test is: /home/travis/build/icyphy/ptII/ptolemy/actor/lib/jjs/test/auto/JavaScript24.xml
Done sleeping
----------------- Instantiating /home/travis/build/icyphy/ptII/ptolemy/actor/lib/jjs/test/auto/JavaScript24.xml
729 ms. Memory: 1353216K Free: 303019K (22%)
----------------- Invoking toplevel() on ptolemy.moml.MoMLSimpleApplication@78b5b5e4
----------------- Done invoking toplevel() on ptolemy.moml.MoMLSimpleApplication@78b5b5e4
reloadAllAccessors: .JavaScript24
----------------- testing Thu May 24 01:13:45 UTC 2018 /home/travis/build/icyphy/ptII/ptolemy/actor/lib/jjs/test/auto/JavaScript25.xml
----------------- Thu May 24 01:13:45 UTC 2018 About to sleep for 5.0 seconds before running or rerunning.  Test is: /home/travis/build/icyphy/ptII/ptolemy/actor/lib/jjs/test/auto/JavaScript25.xml
Done sleeping
----------------- Instantiating /home/travis/build/icyphy/ptII/ptolemy/actor/lib/jjs/test/auto/JavaScript25.xml
929 ms. Memory: 1361408K Free: 1044436K (77%)
----------------- Invoking toplevel() on ptolemy.moml.MoMLSimpleApplication@4e094920
----------------- Done invoking toplevel() on ptolemy.moml.MoMLSimpleApplication@4e094920
reloadAllAccessors: .JavaScript25
----------------- testing Thu May 24 01:13:51 UTC 2018 /home/travis/build/icyphy/ptII/ptolemy/actor/lib/jjs/test/auto/JavaScript26.xml
----------------- Thu May 24 01:13:51 UTC 2018 About to sleep for 5.0 seconds before running or rerunning.  Test is: /home/travis/build/icyphy/ptII/ptolemy/actor/lib/jjs/test/auto/JavaScript26.xml
Done sleeping
----------------- Instantiating /home/travis/build/icyphy/ptII/ptolemy/actor/lib/jjs/test/auto/JavaScript26.xml
719 ms. Memory: 1361408K Free: 730623K (54%)
----------------- Invoking toplevel() on ptolemy.moml.MoMLSimpleApplication@526d0a6b
----------------- Done invoking toplevel() on ptolemy.moml.MoMLSimpleApplication@526d0a6b
reloadAllAccessors: .JavaScript26
----------------- testing Thu May 24 01:13:58 UTC 2018 /home/travis/build/icyphy/ptII/ptolemy/actor/lib/jjs/test/auto/JavaScript27.xml
----------------- Thu May 24 01:13:58 UTC 2018 About to sleep for 5.0 seconds before running or rerunning.  Test is: /home/travis/build/icyphy/ptII/ptolemy/actor/lib/jjs/test/auto/JavaScript27.xml
Done sleeping
----------------- Instantiating /home/travis/build/icyphy/ptII/ptolemy/actor/lib/jjs/test/auto/JavaScript27.xml
649 ms. Memory: 1361408K Free: 415734K (31%)
----------------- Invoking toplevel() on ptolemy.moml.MoMLSimpleApplication@4b825d30
----------------- Done invoking toplevel() on ptolemy.moml.MoMLSimpleApplication@4b825d30
reloadAllAccessors: .JavaScript27
----------------- testing Thu May 24 01:14:04 UTC 2018 /home/travis/build/icyphy/ptII/ptolemy/actor/lib/jjs/test/auto/JavaScript3.xml
----------------- Thu May 24 01:14:04 UTC 2018 About to sleep for 5.0 seconds before running or rerunning.  Test is: /home/travis/build/icyphy/ptII/ptolemy/actor/lib/jjs/test/auto/JavaScript3.xml
Done sleeping
----------------- Instantiating /home/travis/build/icyphy/ptII/ptolemy/actor/lib/jjs/test/auto/JavaScript3.xml
1584 ms. Memory: 1710592K Free: 1549464K (91%)
----------------- Invoking toplevel() on ptolemy.moml.MoMLSimpleApplication@7b2131ea
----------------- Done invoking toplevel() on ptolemy.moml.MoMLSimpleApplication@7b2131ea
reloadAllAccessors: .JavaScript3
----------------- testing Thu May 24 01:14:11 UTC 2018 /home/travis/build/icyphy/ptII/ptolemy/actor/lib/jjs/test/auto/JavaScript4.xml
----------------- Thu May 24 01:14:11 UTC 2018 About to sleep for 5.0 seconds before running or rerunning.  Test is: /home/travis/build/icyphy/ptII/ptolemy/actor/lib/jjs/test/auto/JavaScript4.xml
Done sleeping
----------------- Instantiating /home/travis/build/icyphy/ptII/ptolemy/actor/lib/jjs/test/auto/JavaScript4.xml
1141 ms. Memory: 1710592K Free: 1089970K (64%)
----------------- Invoking toplevel() on ptolemy.moml.MoMLSimpleApplication@79f15f8d
----------------- Done invoking toplevel() on ptolemy.moml.MoMLSimpleApplication@79f15f8d
reloadAllAccessors: .JavaScript4
----------------- testing Thu May 24 01:14:17 UTC 2018 /home/travis/build/icyphy/ptII/ptolemy/actor/lib/jjs/test/auto/JavaScript5.xml
----------------- Thu May 24 01:14:17 UTC 2018 About to sleep for 5.0 seconds before running or rerunning.  Test is: /home/travis/build/icyphy/ptII/ptolemy/actor/lib/jjs/test/auto/JavaScript5.xml
Done sleeping
----------------- Instantiating /home/travis/build/icyphy/ptII/ptolemy/actor/lib/jjs/test/auto/JavaScript5.xml
688 ms. Memory: 1710592K Free: 769595K (45%)
----------------- Invoking toplevel() on ptolemy.moml.MoMLSimpleApplication@1dce7589
----------------- Done invoking toplevel() on ptolemy.moml.MoMLSimpleApplication@1dce7589
reloadAllAccessors: .JavaScript5
----------------- testing Thu May 24 01:14:23 UTC 2018 /home/travis/build/icyphy/ptII/ptolemy/actor/lib/jjs/test/auto/JavaScript6.xml
----------------- Thu May 24 01:14:23 UTC 2018 About to sleep for 5.0 seconds before running or rerunning.  Test is: /home/travis/build/icyphy/ptII/ptolemy/actor/lib/jjs/test/auto/JavaScript6.xml
Done sleeping
----------------- Instantiating /home/travis/build/icyphy/ptII/ptolemy/actor/lib/jjs/test/auto/JavaScript6.xml
1542 ms. Memory: 1720320K Free: 1459050K (85%)
----------------- Invoking toplevel() on ptolemy.moml.MoMLSimpleApplication@7ca95bb
----------------- Done invoking toplevel() on ptolemy.moml.MoMLSimpleApplication@7ca95bb
reloadAllAccessors: .JavaScript6
----------------- testing Thu May 24 01:14:30 UTC 2018 /home/travis/build/icyphy/ptII/ptolemy/actor/lib/jjs/test/auto/JavaScript7.xml
----------------- Thu May 24 01:14:30 UTC 2018 About to sleep for 5.0 seconds before running or rerunning.  Test is: /home/travis/build/icyphy/ptII/ptolemy/actor/lib/jjs/test/auto/JavaScript7.xml
Done sleeping
----------------- Instantiating /home/travis/build/icyphy/ptII/ptolemy/actor/lib/jjs/test/auto/JavaScript7.xml
1336 ms. Memory: 1720320K Free: 820947K (48%)
----------------- Invoking toplevel() on ptolemy.moml.MoMLSimpleApplication@74d397aa
----------------- Done invoking toplevel() on ptolemy.moml.MoMLSimpleApplication@74d397aa
reloadAllAccessors: .JavaScript7
----------------- testing Thu May 24 01:14:38 UTC 2018 /home/travis/build/icyphy/ptII/ptolemy/actor/lib/jjs/test/auto/JavaScript8.xml
----------------- Thu May 24 01:14:38 UTC 2018 About to sleep for 5.0 seconds before running or rerunning.  Test is: /home/travis/build/icyphy/ptII/ptolemy/actor/lib/jjs/test/auto/JavaScript8.xml
Done sleeping
----------------- Instantiating /home/travis/build/icyphy/ptII/ptolemy/actor/lib/jjs/test/auto/JavaScript8.xml
689 ms. Memory: 1720320K Free: 514787K (30%)
----------------- Invoking toplevel() on ptolemy.moml.MoMLSimpleApplication@4fcfccb1
----------------- Done invoking toplevel() on ptolemy.moml.MoMLSimpleApplication@4fcfccb1
reloadAllAccessors: .JavaScript8
----------------- testing Thu May 24 01:14:44 UTC 2018 /home/travis/build/icyphy/ptII/ptolemy/actor/lib/jjs/test/auto/JavaScript9.xml
----------------- Thu May 24 01:14:44 UTC 2018 About to sleep for 5.0 seconds before running or rerunning.  Test is: /home/travis/build/icyphy/ptII/ptolemy/actor/lib/jjs/test/auto/JavaScript9.xml
Done sleeping
----------------- Instantiating /home/travis/build/icyphy/ptII/ptolemy/actor/lib/jjs/test/auto/JavaScript9.xml
617 ms. Memory: 1720320K Free: 194385K (11%)
----------------- Invoking toplevel() on ptolemy.moml.MoMLSimpleApplication@5b098700
----------------- Done invoking toplevel() on ptolemy.moml.MoMLSimpleApplication@5b098700
reloadAllAccessors: .JavaScript9
----------------- testing Thu May 24 01:14:50 UTC 2018 /home/travis/build/icyphy/ptII/ptolemy/actor/lib/jjs/test/auto/JavaScriptAbsentInputs.xml
----------------- Thu May 24 01:14:50 UTC 2018 About to sleep for 5.0 seconds before running or rerunning.  Test is: /home/travis/build/icyphy/ptII/ptolemy/actor/lib/jjs/test/auto/JavaScriptAbsentInputs.xml
Done sleeping
----------------- Instantiating /home/travis/build/icyphy/ptII/ptolemy/actor/lib/jjs/test/auto/JavaScriptAbsentInputs.xml
515 ms. Memory: 1778176K Free: 1457211K (82%)
----------------- Invoking toplevel() on ptolemy.moml.MoMLSimpleApplication@7ee233c4
----------------- Done invoking toplevel() on ptolemy.moml.MoMLSimpleApplication@7ee233c4
reloadAllAccessors: .JavaScriptAbsentInputs
----------------- testing Thu May 24 01:14:56 UTC 2018 /home/travis/build/icyphy/ptII/ptolemy/actor/lib/jjs/test/auto/JavaScriptAbsentInputsPersistent.xml
----------------- Thu May 24 01:14:56 UTC 2018 About to sleep for 5.0 seconds before running or rerunning.  Test is: /home/travis/build/icyphy/ptII/ptolemy/actor/lib/jjs/test/auto/JavaScriptAbsentInputsPersistent.xml
Done sleeping
----------------- Instantiating /home/travis/build/icyphy/ptII/ptolemy/actor/lib/jjs/test/auto/JavaScriptAbsentInputsPersistent.xml
639 ms. Memory: 1778176K Free: 1139943K (64%)
----------------- Invoking toplevel() on ptolemy.moml.MoMLSimpleApplication@3f3c8f38
----------------- Done invoking toplevel() on ptolemy.moml.MoMLSimpleApplication@3f3c8f38
reloadAllAccessors: .JavaScriptAbsentInputsPersistent
----------------- testing Thu May 24 01:15:02 UTC 2018 /home/travis/build/icyphy/ptII/ptolemy/actor/lib/jjs/test/auto/JavaScriptArray.xml
----------------- Thu May 24 01:15:02 UTC 2018 About to sleep for 5.0 seconds before running or rerunning.  Test is: /home/travis/build/icyphy/ptII/ptolemy/actor/lib/jjs/test/auto/JavaScriptArray.xml
Done sleeping
----------------- Instantiating /home/travis/build/icyphy/ptII/ptolemy/actor/lib/jjs/test/auto/JavaScriptArray.xml
575 ms. Memory: 1778176K Free: 822715K (46%)
----------------- Invoking toplevel() on ptolemy.moml.MoMLSimpleApplication@208b0500
----------------- Done invoking toplevel() on ptolemy.moml.MoMLSimpleApplication@208b0500
reloadAllAccessors: .JavaScriptArray
----------------- testing Thu May 24 01:15:08 UTC 2018 /home/travis/build/icyphy/ptII/ptolemy/actor/lib/jjs/test/auto/JavaScriptArray2.xml
----------------- Thu May 24 01:15:08 UTC 2018 About to sleep for 5.0 seconds before running or rerunning.  Test is: /home/travis/build/icyphy/ptII/ptolemy/actor/lib/jjs/test/auto/JavaScriptArray2.xml
Done sleeping
----------------- Instantiating /home/travis/build/icyphy/ptII/ptolemy/actor/lib/jjs/test/auto/JavaScriptArray2.xml
609 ms. Memory: 1778176K Free: 505351K (28%)
----------------- Invoking toplevel() on ptolemy.moml.MoMLSimpleApplication@2383b30f
----------------- Done invoking toplevel() on ptolemy.moml.MoMLSimpleApplication@2383b30f
reloadAllAccessors: .JavaScriptArray2
----------------- testing Thu May 24 01:15:14 UTC 2018 /home/travis/build/icyphy/ptII/ptolemy/actor/lib/jjs/test/auto/JavaScriptBooleanToken.xml
----------------- Thu May 24 01:15:14 UTC 2018 About to sleep for 5.0 seconds before running or rerunning.  Test is: /home/travis/build/icyphy/ptII/ptolemy/actor/lib/jjs/test/auto/JavaScriptBooleanToken.xml
Done sleeping
----------------- Instantiating /home/travis/build/icyphy/ptII/ptolemy/actor/lib/jjs/test/auto/JavaScriptBooleanToken.xml
847 ms. Memory: 1759232K Free: 1509868K (86%)
----------------- Invoking toplevel() on ptolemy.moml.MoMLSimpleApplication@42dd26
----------------- Done invoking toplevel() on ptolemy.moml.MoMLSimpleApplication@42dd26
reloadAllAccessors: .JavaScriptBooleanToken
----------------- testing Thu May 24 01:15:20 UTC 2018 /home/travis/build/icyphy/ptII/ptolemy/actor/lib/jjs/test/auto/JavaScriptBuildPtolemyModel.xml
----------------- Thu May 24 01:15:20 UTC 2018 About to sleep for 5.0 seconds before running or rerunning.  Test is: /home/travis/build/icyphy/ptII/ptolemy/actor/lib/jjs/test/auto/JavaScriptBuildPtolemyModel.xml
Done sleeping
----------------- Instantiating /home/travis/build/icyphy/ptII/ptolemy/actor/lib/jjs/test/auto/JavaScriptBuildPtolemyModel.xml
0
1
2
3
4
5
6
7
8
9
4 ms. Memory: 1759232K Free: 1195230K (68%)
670 ms. Memory: 1759232K Free: 1195230K (68%)
----------------- Invoking toplevel() on ptolemy.moml.MoMLSimpleApplication@226a1417
----------------- Done invoking toplevel() on ptolemy.moml.MoMLSimpleApplication@226a1417
reloadAllAccessors: .JavaScriptBuildPtolemyModel
----------------- testing Thu May 24 01:15:26 UTC 2018 /home/travis/build/icyphy/ptII/ptolemy/actor/lib/jjs/test/auto/JavaScriptBuildPtolemyModelAndSend.xml
----------------- Thu May 24 01:15:26 UTC 2018 About to sleep for 5.0 seconds before running or rerunning.  Test is: /home/travis/build/icyphy/ptII/ptolemy/actor/lib/jjs/test/auto/JavaScriptBuildPtolemyModelAndSend.xml
Done sleeping
----------------- Instantiating /home/travis/build/icyphy/ptII/ptolemy/actor/lib/jjs/test/auto/JavaScriptBuildPtolemyModelAndSend.xml
711 ms. Memory: 1759232K Free: 878439K (50%)
----------------- Invoking toplevel() on ptolemy.moml.MoMLSimpleApplication@16c39f40
----------------- Done invoking toplevel() on ptolemy.moml.MoMLSimpleApplication@16c39f40
reloadAllAccessors: .JavaScriptBuildPtolemyModelAndSend
----------------- testing Thu May 24 01:15:32 UTC 2018 /home/travis/build/icyphy/ptII/ptolemy/actor/lib/jjs/test/auto/JavaScriptBuildPtolemyModelAndSendAndReceive.xml
----------------- Thu May 24 01:15:32 UTC 2018 About to sleep for 5.0 seconds before running or rerunning.  Test is: /home/travis/build/icyphy/ptII/ptolemy/actor/lib/jjs/test/auto/JavaScriptBuildPtolemyModelAndSendAndReceive.xml
Done sleeping
----------------- Instantiating /home/travis/build/icyphy/ptII/ptolemy/actor/lib/jjs/test/auto/JavaScriptBuildPtolemyModelAndSendAndReceive.xml
0
1
2
3
4
5
6
7
8
9
3 ms. Memory: 1759232K Free: 263086K (15%)
1178 ms. Memory: 1759232K Free: 253504K (14%)
----------------- Invoking toplevel() on ptolemy.moml.MoMLSimpleApplication@4c8b72b7
----------------- Done invoking toplevel() on ptolemy.moml.MoMLSimpleApplication@4c8b72b7
reloadAllAccessors: .JavaScriptBuildPtolemyModelAndSendAndReceive
----------------- testing Thu May 24 01:15:39 UTC 2018 /home/travis/build/icyphy/ptII/ptolemy/actor/lib/jjs/test/auto/JavaScriptCount.xml
----------------- Thu May 24 01:15:39 UTC 2018 About to sleep for 5.0 seconds before running or rerunning.  Test is: /home/travis/build/icyphy/ptII/ptolemy/actor/lib/jjs/test/auto/JavaScriptCount.xml
Done sleeping
----------------- Instantiating /home/travis/build/icyphy/ptII/ptolemy/actor/lib/jjs/test/auto/JavaScriptCount.xml
732 ms. Memory: 1791488K Free: 1507326K (84%)
----------------- Invoking toplevel() on ptolemy.moml.MoMLSimpleApplication@30978d48
----------------- Done invoking toplevel() on ptolemy.moml.MoMLSimpleApplication@30978d48
reloadAllAccessors: .JavaScriptCount
----------------- testing Thu May 24 01:15:46 UTC 2018 /home/travis/build/icyphy/ptII/ptolemy/actor/lib/jjs/test/auto/JavaScriptDoubleToken.xml
----------------- Thu May 24 01:15:46 UTC 2018 About to sleep for 5.0 seconds before running or rerunning.  Test is: /home/travis/build/icyphy/ptII/ptolemy/actor/lib/jjs/test/auto/JavaScriptDoubleToken.xml
Done sleeping
----------------- Instantiating /home/travis/build/icyphy/ptII/ptolemy/actor/lib/jjs/test/auto/JavaScriptDoubleToken.xml
629 ms. Memory: 1791488K Free: 1190147K (66%)
----------------- Invoking toplevel() on ptolemy.moml.MoMLSimpleApplication@6c8230dd
----------------- Done invoking toplevel() on ptolemy.moml.MoMLSimpleApplication@6c8230dd
reloadAllAccessors: .JavaScriptDoubleToken
----------------- testing Thu May 24 01:15:52 UTC 2018 /home/travis/build/icyphy/ptII/ptolemy/actor/lib/jjs/test/auto/JavaScriptErrorOutput.xml
----------------- Thu May 24 01:15:52 UTC 2018 About to sleep for 5.0 seconds before running or rerunning.  Test is: /home/travis/build/icyphy/ptII/ptolemy/actor/lib/jjs/test/auto/JavaScriptErrorOutput.xml
Done sleeping
----------------- Instantiating /home/travis/build/icyphy/ptII/ptolemy/actor/lib/jjs/test/auto/JavaScriptErrorOutput.xml
561 ms. Memory: 1791488K Free: 887806K (50%)
----------------- Invoking toplevel() on ptolemy.moml.MoMLSimpleApplication@288f7351
----------------- Done invoking toplevel() on ptolemy.moml.MoMLSimpleApplication@288f7351
reloadAllAccessors: .JavaScriptErrorOutput
----------------- testing Thu May 24 01:15:58 UTC 2018 /home/travis/build/icyphy/ptII/ptolemy/actor/lib/jjs/test/auto/JavaScriptFactorial.xml
----------------- Thu May 24 01:15:58 UTC 2018 About to sleep for 5.0 seconds before running or rerunning.  Test is: /home/travis/build/icyphy/ptII/ptolemy/actor/lib/jjs/test/auto/JavaScriptFactorial.xml
Done sleeping
----------------- Instantiating /home/travis/build/icyphy/ptII/ptolemy/actor/lib/jjs/test/auto/JavaScriptFactorial.xml
532 ms. Memory: 1791488K Free: 570655K (32%)
----------------- Invoking toplevel() on ptolemy.moml.MoMLSimpleApplication@40b62c75
----------------- Done invoking toplevel() on ptolemy.moml.MoMLSimpleApplication@40b62c75
reloadAllAccessors: .JavaScriptFactorial
----------------- testing Thu May 24 01:16:04 UTC 2018 /home/travis/build/icyphy/ptII/ptolemy/actor/lib/jjs/test/auto/JavaScriptInputHandler1.xml
----------------- Thu May 24 01:16:04 UTC 2018 About to sleep for 5.0 seconds before running or rerunning.  Test is: /home/travis/build/icyphy/ptII/ptolemy/actor/lib/jjs/test/auto/JavaScriptInputHandler1.xml
Done sleeping
----------------- Instantiating /home/travis/build/icyphy/ptII/ptolemy/actor/lib/jjs/test/auto/JavaScriptInputHandler1.xml
608 ms. Memory: 1748480K Free: 1516428K (87%)
----------------- Invoking toplevel() on ptolemy.moml.MoMLSimpleApplication@36c64791
----------------- Done invoking toplevel() on ptolemy.moml.MoMLSimpleApplication@36c64791
reloadAllAccessors: .JavaScriptInputHandler1
----------------- testing Thu May 24 01:16:10 UTC 2018 /home/travis/build/icyphy/ptII/ptolemy/actor/lib/jjs/test/auto/JavaScriptInputHandler2.xml
----------------- Thu May 24 01:16:10 UTC 2018 About to sleep for 5.0 seconds before running or rerunning.  Test is: /home/travis/build/icyphy/ptII/ptolemy/actor/lib/jjs/test/auto/JavaScriptInputHandler2.xml
Done sleeping
----------------- Instantiating /home/travis/build/icyphy/ptII/ptolemy/actor/lib/jjs/test/auto/JavaScriptInputHandler2.xml
553 ms. Memory: 1748480K Free: 1188128K (68%)
----------------- Invoking toplevel() on ptolemy.moml.MoMLSimpleApplication@1164a0df
----------------- Done invoking toplevel() on ptolemy.moml.MoMLSimpleApplication@1164a0df
reloadAllAccessors: .JavaScriptInputHandler2
----------------- testing Thu May 24 01:16:15 UTC 2018 /home/travis/build/icyphy/ptII/ptolemy/actor/lib/jjs/test/auto/JavaScriptInputHandler3.xml
----------------- Thu May 24 01:16:15 UTC 2018 About to sleep for 5.0 seconds before running or rerunning.  Test is: /home/travis/build/icyphy/ptII/ptolemy/actor/lib/jjs/test/auto/JavaScriptInputHandler3.xml
Done sleeping
----------------- Instantiating /home/travis/build/icyphy/ptII/ptolemy/actor/lib/jjs/test/auto/JavaScriptInputHandler3.xml
599 ms. Memory: 1748480K Free: 864795K (49%)
----------------- Invoking toplevel() on ptolemy.moml.MoMLSimpleApplication@300b5e9a
----------------- Done invoking toplevel() on ptolemy.moml.MoMLSimpleApplication@300b5e9a
reloadAllAccessors: .JavaScriptInputHandler3
----------------- testing Thu May 24 01:16:21 UTC 2018 /home/travis/build/icyphy/ptII/ptolemy/actor/lib/jjs/test/auto/JavaScriptIntToken.xml
----------------- Thu May 24 01:16:21 UTC 2018 About to sleep for 5.0 seconds before running or rerunning.  Test is: /home/travis/build/icyphy/ptII/ptolemy/actor/lib/jjs/test/auto/JavaScriptIntToken.xml
Done sleeping
----------------- Instantiating /home/travis/build/icyphy/ptII/ptolemy/actor/lib/jjs/test/auto/JavaScriptIntToken.xml
563 ms. Memory: 1748480K Free: 548164K (31%)
----------------- Invoking toplevel() on ptolemy.moml.MoMLSimpleApplication@2c93d736
----------------- Done invoking toplevel() on ptolemy.moml.MoMLSimpleApplication@2c93d736
reloadAllAccessors: .JavaScriptIntToken
----------------- testing Thu May 24 01:16:27 UTC 2018 /home/travis/build/icyphy/ptII/ptolemy/actor/lib/jjs/test/auto/JavaScriptLongToken.xml
----------------- Thu May 24 01:16:27 UTC 2018 About to sleep for 5.0 seconds before running or rerunning.  Test is: /home/travis/build/icyphy/ptII/ptolemy/actor/lib/jjs/test/auto/JavaScriptLongToken.xml
Done sleeping
----------------- Instantiating /home/travis/build/icyphy/ptII/ptolemy/actor/lib/jjs/test/auto/JavaScriptLongToken.xml
805 ms. Memory: 1748480K Free: 231431K (13%)
----------------- Invoking toplevel() on ptolemy.moml.MoMLSimpleApplication@65789013
----------------- Done invoking toplevel() on ptolemy.moml.MoMLSimpleApplication@65789013
reloadAllAccessors: .JavaScriptLongToken
----------------- testing Thu May 24 01:16:34 UTC 2018 /home/travis/build/icyphy/ptII/ptolemy/actor/lib/jjs/test/auto/JavaScriptLongToken2.xml
----------------- Thu May 24 01:16:34 UTC 2018 About to sleep for 5.0 seconds before running or rerunning.  Test is: /home/travis/build/icyphy/ptII/ptolemy/actor/lib/jjs/test/auto/JavaScriptLongToken2.xml
Done sleeping
----------------- Instantiating /home/travis/build/icyphy/ptII/ptolemy/actor/lib/jjs/test/auto/JavaScriptLongToken2.xml
1213 ms. Memory: 1798144K Free: 1170849K (65%)
----------------- Invoking toplevel() on ptolemy.moml.MoMLSimpleApplication@63e9b80d
----------------- Done invoking toplevel() on ptolemy.moml.MoMLSimpleApplication@63e9b80d
reloadAllAccessors: .JavaScriptLongToken2
----------------- testing Thu May 24 01:16:41 UTC 2018 /home/travis/build/icyphy/ptII/ptolemy/actor/lib/jjs/test/auto/JavaScriptReadParameter.xml
----------------- Thu May 24 01:16:41 UTC 2018 About to sleep for 5.0 seconds before running or rerunning.  Test is: /home/travis/build/icyphy/ptII/ptolemy/actor/lib/jjs/test/auto/JavaScriptReadParameter.xml
Done sleeping
----------------- Instantiating /home/travis/build/icyphy/ptII/ptolemy/actor/lib/jjs/test/auto/JavaScriptReadParameter.xml
560 ms. Memory: 1798144K Free: 846799K (47%)
----------------- Invoking toplevel() on ptolemy.moml.MoMLSimpleApplication@63ba00e3
----------------- Done invoking toplevel() on ptolemy.moml.MoMLSimpleApplication@63ba00e3
reloadAllAccessors: .JavaScriptReadParameter
----------------- testing Thu May 24 01:16:47 UTC 2018 /home/travis/build/icyphy/ptII/ptolemy/actor/lib/jjs/test/auto/JavaScriptReceiveDate.xml
----------------- Thu May 24 01:16:47 UTC 2018 About to sleep for 5.0 seconds before running or rerunning.  Test is: /home/travis/build/icyphy/ptII/ptolemy/actor/lib/jjs/test/auto/JavaScriptReceiveDate.xml
Done sleeping
----------------- Instantiating /home/travis/build/icyphy/ptII/ptolemy/actor/lib/jjs/test/auto/JavaScriptReceiveDate.xml
JavaScript: localFunctions.js: convertToToken(Tue Jan 01 1957 00:00:00 GMT+0000 (UTC), -410227200000, Tue Jan 01 1957 00:00:00 GMT+0000 (UTC) (Thread[JavaScriptReceiveDate,1,main])
645 ms. Memory: 1798144K Free: 522828K (29%)
----------------- Invoking toplevel() on ptolemy.moml.MoMLSimpleApplication@58f82dc4
----------------- Done invoking toplevel() on ptolemy.moml.MoMLSimpleApplication@58f82dc4
reloadAllAccessors: .JavaScriptReceiveDate
----------------- testing Thu May 24 01:16:53 UTC 2018 /home/travis/build/icyphy/ptII/ptolemy/actor/lib/jjs/test/auto/JavaScriptRecord.xml
----------------- Thu May 24 01:16:53 UTC 2018 About to sleep for 5.0 seconds before running or rerunning.  Test is: /home/travis/build/icyphy/ptII/ptolemy/actor/lib/jjs/test/auto/JavaScriptRecord.xml
Done sleeping
----------------- Instantiating /home/travis/build/icyphy/ptII/ptolemy/actor/lib/jjs/test/auto/JavaScriptRecord.xml
662 ms. Memory: 1677312K Free: 1369722K (82%)
----------------- Invoking toplevel() on ptolemy.moml.MoMLSimpleApplication@2e3c28c2
----------------- Done invoking toplevel() on ptolemy.moml.MoMLSimpleApplication@2e3c28c2
reloadAllAccessors: .JavaScriptRecord
----------------- testing Thu May 24 01:16:59 UTC 2018 /home/travis/build/icyphy/ptII/ptolemy/actor/lib/jjs/test/auto/JavaScriptRecordToken.xml
----------------- Thu May 24 01:16:59 UTC 2018 About to sleep for 5.0 seconds before running or rerunning.  Test is: /home/travis/build/icyphy/ptII/ptolemy/actor/lib/jjs/test/auto/JavaScriptRecordToken.xml
Done sleeping
----------------- Instantiating /home/travis/build/icyphy/ptII/ptolemy/actor/lib/jjs/test/auto/JavaScriptRecordToken.xml
841 ms. Memory: 1677312K Free: 1039507K (62%)
----------------- Invoking toplevel() on ptolemy.moml.MoMLSimpleApplication@ecf4c7a
----------------- Done invoking toplevel() on ptolemy.moml.MoMLSimpleApplication@ecf4c7a
reloadAllAccessors: .JavaScriptRecordToken
----------------- testing Thu May 24 01:17:05 UTC 2018 /home/travis/build/icyphy/ptII/ptolemy/actor/lib/jjs/test/auto/JavaScriptSendArray.xml
----------------- Thu May 24 01:17:05 UTC 2018 About to sleep for 5.0 seconds before running or rerunning.  Test is: /home/travis/build/icyphy/ptII/ptolemy/actor/lib/jjs/test/auto/JavaScriptSendArray.xml
Done sleeping
----------------- Instantiating /home/travis/build/icyphy/ptII/ptolemy/actor/lib/jjs/test/auto/JavaScriptSendArray.xml
647 ms. Memory: 1677312K Free: 734939K (44%)
----------------- Invoking toplevel() on ptolemy.moml.MoMLSimpleApplication@7cffd68e
----------------- Done invoking toplevel() on ptolemy.moml.MoMLSimpleApplication@7cffd68e
reloadAllAccessors: .JavaScriptSendArray
----------------- testing Thu May 24 01:17:11 UTC 2018 /home/travis/build/icyphy/ptII/ptolemy/actor/lib/jjs/test/auto/JavaScriptSendArray2.xml
----------------- Thu May 24 01:17:11 UTC 2018 About to sleep for 5.0 seconds before running or rerunning.  Test is: /home/travis/build/icyphy/ptII/ptolemy/actor/lib/jjs/test/auto/JavaScriptSendArray2.xml
Done sleeping
----------------- Instantiating /home/travis/build/icyphy/ptII/ptolemy/actor/lib/jjs/test/auto/JavaScriptSendArray2.xml
751 ms. Memory: 1677312K Free: 430107K (26%)
----------------- Invoking toplevel() on ptolemy.moml.MoMLSimpleApplication@4237e41f
----------------- Done invoking toplevel() on ptolemy.moml.MoMLSimpleApplication@4237e41f
reloadAllAccessors: .JavaScriptSendArray2
----------------- testing Thu May 24 01:17:17 UTC 2018 /home/travis/build/icyphy/ptII/ptolemy/actor/lib/jjs/test/auto/JavaScriptSendBoolean.xml
----------------- Thu May 24 01:17:17 UTC 2018 About to sleep for 5.0 seconds before running or rerunning.  Test is: /home/travis/build/icyphy/ptII/ptolemy/actor/lib/jjs/test/auto/JavaScriptSendBoolean.xml
Done sleeping
----------------- Instantiating /home/travis/build/icyphy/ptII/ptolemy/actor/lib/jjs/test/auto/JavaScriptSendBoolean.xml
888 ms. Memory: 1628160K Free: 1484816K (91%)
----------------- Invoking toplevel() on ptolemy.moml.MoMLSimpleApplication@177d874e
----------------- Done invoking toplevel() on ptolemy.moml.MoMLSimpleApplication@177d874e
reloadAllAccessors: .JavaScriptSendBoolean
----------------- testing Thu May 24 01:17:23 UTC 2018 /home/travis/build/icyphy/ptII/ptolemy/actor/lib/jjs/test/auto/JavaScriptSendDate.xml
----------------- Thu May 24 01:17:23 UTC 2018 About to sleep for 5.0 seconds before running or rerunning.  Test is: /home/travis/build/icyphy/ptII/ptolemy/actor/lib/jjs/test/auto/JavaScriptSendDate.xml
Done sleeping
----------------- Instantiating /home/travis/build/icyphy/ptII/ptolemy/actor/lib/jjs/test/auto/JavaScriptSendDate.xml
JavaScript: localFunctions.js: convertToToken(Thu Nov 13 2014 16:37:14 GMT+0000 (UTC), 1415896634546, Thu Nov 13 2014 16:37:14 GMT+0000 (UTC) (Thread[JavaScriptSendDate,1,main])
721 ms. Memory: 1628160K Free: 1170221K (72%)
----------------- Invoking toplevel() on ptolemy.moml.MoMLSimpleApplication@4204feba
----------------- Done invoking toplevel() on ptolemy.moml.MoMLSimpleApplication@4204feba
reloadAllAccessors: .JavaScriptSendDate
----------------- testing Thu May 24 01:17:30 UTC 2018 /home/travis/build/icyphy/ptII/ptolemy/actor/lib/jjs/test/auto/JavaScriptSendDouble.xml
----------------- Thu May 24 01:17:30 UTC 2018 About to sleep for 5.0 seconds before running or rerunning.  Test is: /home/travis/build/icyphy/ptII/ptolemy/actor/lib/jjs/test/auto/JavaScriptSendDouble.xml
Done sleeping
----------------- Instantiating /home/travis/build/icyphy/ptII/ptolemy/actor/lib/jjs/test/auto/JavaScriptSendDouble.xml
599 ms. Memory: 1628160K Free: 860130K (53%)
----------------- Invoking toplevel() on ptolemy.moml.MoMLSimpleApplication@25938d03
----------------- Done invoking toplevel() on ptolemy.moml.MoMLSimpleApplication@25938d03
reloadAllAccessors: .JavaScriptSendDouble
----------------- testing Thu May 24 01:17:36 UTC 2018 /home/travis/build/icyphy/ptII/ptolemy/actor/lib/jjs/test/auto/JavaScriptSendInt.xml
----------------- Thu May 24 01:17:36 UTC 2018 About to sleep for 5.0 seconds before running or rerunning.  Test is: /home/travis/build/icyphy/ptII/ptolemy/actor/lib/jjs/test/auto/JavaScriptSendInt.xml
Done sleeping
----------------- Instantiating /home/travis/build/icyphy/ptII/ptolemy/actor/lib/jjs/test/auto/JavaScriptSendInt.xml
524 ms. Memory: 1628160K Free: 550272K (34%)
----------------- Invoking toplevel() on ptolemy.moml.MoMLSimpleApplication@4adf4235
----------------- Done invoking toplevel() on ptolemy.moml.MoMLSimpleApplication@4adf4235
reloadAllAccessors: .JavaScriptSendInt
----------------- testing Thu May 24 01:17:41 UTC 2018 /home/travis/build/icyphy/ptII/ptolemy/actor/lib/jjs/test/auto/JavaScriptSendMatrix.xml
----------------- Thu May 24 01:17:41 UTC 2018 About to sleep for 5.0 seconds before running or rerunning.  Test is: /home/travis/build/icyphy/ptII/ptolemy/actor/lib/jjs/test/auto/JavaScriptSendMatrix.xml
Done sleeping
----------------- Instantiating /home/travis/build/icyphy/ptII/ptolemy/actor/lib/jjs/test/auto/JavaScriptSendMatrix.xml
654 ms. Memory: 1564160K Free: 1350753K (86%)
----------------- Invoking toplevel() on ptolemy.moml.MoMLSimpleApplication@21416e8b
----------------- Done invoking toplevel() on ptolemy.moml.MoMLSimpleApplication@21416e8b
reloadAllAccessors: .JavaScriptSendMatrix
----------------- testing Thu May 24 01:17:47 UTC 2018 /home/travis/build/icyphy/ptII/ptolemy/actor/lib/jjs/test/auto/JavaScriptSendNativeArray.xml
----------------- Thu May 24 01:17:47 UTC 2018 About to sleep for 5.0 seconds before running or rerunning.  Test is: /home/travis/build/icyphy/ptII/ptolemy/actor/lib/jjs/test/auto/JavaScriptSendNativeArray.xml
Done sleeping
----------------- Instantiating /home/travis/build/icyphy/ptII/ptolemy/actor/lib/jjs/test/auto/JavaScriptSendNativeArray.xml
1083 ms. Memory: 1564160K Free: 731843K (47%)
----------------- Invoking toplevel() on ptolemy.moml.MoMLSimpleApplication@6dbeda6d
----------------- Done invoking toplevel() on ptolemy.moml.MoMLSimpleApplication@6dbeda6d
reloadAllAccessors: .JavaScriptSendNativeArray
----------------- testing Thu May 24 01:17:54 UTC 2018 /home/travis/build/icyphy/ptII/ptolemy/actor/lib/jjs/test/auto/JavaScriptSendNativeObject.xml
----------------- Thu May 24 01:17:54 UTC 2018 About to sleep for 5.0 seconds before running or rerunning.  Test is: /home/travis/build/icyphy/ptII/ptolemy/actor/lib/jjs/test/auto/JavaScriptSendNativeObject.xml
Done sleeping
----------------- Instantiating /home/travis/build/icyphy/ptII/ptolemy/actor/lib/jjs/test/auto/JavaScriptSendNativeObject.xml
1854 ms. Memory: 1635328K Free: 1301023K (80%)
----------------- Invoking toplevel() on ptolemy.moml.MoMLSimpleApplication@6e9d1b9b
----------------- Done invoking toplevel() on ptolemy.moml.MoMLSimpleApplication@6e9d1b9b
reloadAllAccessors: .JavaScriptSendNativeObject
----------------- testing Thu May 24 01:18:02 UTC 2018 /home/travis/build/icyphy/ptII/ptolemy/actor/lib/jjs/test/auto/JavaScriptSendNull.xml
----------------- Thu May 24 01:18:02 UTC 2018 About to sleep for 5.0 seconds before running or rerunning.  Test is: /home/travis/build/icyphy/ptII/ptolemy/actor/lib/jjs/test/auto/JavaScriptSendNull.xml
Done sleeping
----------------- Instantiating /home/travis/build/icyphy/ptII/ptolemy/actor/lib/jjs/test/auto/JavaScriptSendNull.xml
551 ms. Memory: 1635328K Free: 987284K (60%)
----------------- Invoking toplevel() on ptolemy.moml.MoMLSimpleApplication@8bfe29a
----------------- Done invoking toplevel() on ptolemy.moml.MoMLSimpleApplication@8bfe29a
reloadAllAccessors: .JavaScriptSendNull
----------------- testing Thu May 24 01:18:08 UTC 2018 /home/travis/build/icyphy/ptII/ptolemy/actor/lib/jjs/test/auto/JavaScriptSendNullToInput.xml
----------------- Thu May 24 01:18:08 UTC 2018 About to sleep for 5.0 seconds before running or rerunning.  Test is: /home/travis/build/icyphy/ptII/ptolemy/actor/lib/jjs/test/auto/JavaScriptSendNullToInput.xml
Done sleeping
----------------- Instantiating /home/travis/build/icyphy/ptII/ptolemy/actor/lib/jjs/test/auto/JavaScriptSendNullToInput.xml
2546 ms. Memory: 1635328K Free: 672541K (41%)
----------------- Invoking toplevel() on ptolemy.moml.MoMLSimpleApplication@5cc28387
----------------- Done invoking toplevel() on ptolemy.moml.MoMLSimpleApplication@5cc28387
reloadAllAccessors: .JavaScriptSendNullToInput
----------------- testing Thu May 24 01:18:16 UTC 2018 /home/travis/build/icyphy/ptII/ptolemy/actor/lib/jjs/test/auto/JavaScriptSendRecord.xml
----------------- Thu May 24 01:18:16 UTC 2018 About to sleep for 5.0 seconds before running or rerunning.  Test is: /home/travis/build/icyphy/ptII/ptolemy/actor/lib/jjs/test/auto/JavaScriptSendRecord.xml
Done sleeping
----------------- Instantiating /home/travis/build/icyphy/ptII/ptolemy/actor/lib/jjs/test/auto/JavaScriptSendRecord.xml
552 ms. Memory: 1635328K Free: 364019K (22%)
----------------- Invoking toplevel() on ptolemy.moml.MoMLSimpleApplication@610b868c
----------------- Done invoking toplevel() on ptolemy.moml.MoMLSimpleApplication@610b868c
reloadAllAccessors: .JavaScriptSendRecord
----------------- testing Thu May 24 01:18:21 UTC 2018 /home/travis/build/icyphy/ptII/ptolemy/actor/lib/jjs/test/auto/JavaScriptSendRecord2.xml
----------------- Thu May 24 01:18:21 UTC 2018 About to sleep for 5.0 seconds before running or rerunning.  Test is: /home/travis/build/icyphy/ptII/ptolemy/actor/lib/jjs/test/auto/JavaScriptSendRecord2.xml
Done sleeping
----------------- Instantiating /home/travis/build/icyphy/ptII/ptolemy/actor/lib/jjs/test/auto/JavaScriptSendRecord2.xml
777 ms. Memory: 1647104K Free: 1453084K (88%)
----------------- Invoking toplevel() on ptolemy.moml.MoMLSimpleApplication@326015c4
----------------- Done invoking toplevel() on ptolemy.moml.MoMLSimpleApplication@326015c4
reloadAllAccessors: .JavaScriptSendRecord2
----------------- testing Thu May 24 01:18:28 UTC 2018 /home/travis/build/icyphy/ptII/ptolemy/actor/lib/jjs/test/auto/JavaScriptSendRecord3.xml
----------------- Thu May 24 01:18:28 UTC 2018 About to sleep for 5.0 seconds before running or rerunning.  Test is: /home/travis/build/icyphy/ptII/ptolemy/actor/lib/jjs/test/auto/JavaScriptSendRecord3.xml
Done sleeping
----------------- Instantiating /home/travis/build/icyphy/ptII/ptolemy/actor/lib/jjs/test/auto/JavaScriptSendRecord3.xml
523 ms. Memory: 1647104K Free: 1140476K (69%)
----------------- Invoking toplevel() on ptolemy.moml.MoMLSimpleApplication@7623ef67
----------------- Done invoking toplevel() on ptolemy.moml.MoMLSimpleApplication@7623ef67
reloadAllAccessors: .JavaScriptSendRecord3
----------------- testing Thu May 24 01:18:33 UTC 2018 /home/travis/build/icyphy/ptII/ptolemy/actor/lib/jjs/test/auto/JavaScriptSendString.xml
----------------- Thu May 24 01:18:33 UTC 2018 About to sleep for 5.0 seconds before running or rerunning.  Test is: /home/travis/build/icyphy/ptII/ptolemy/actor/lib/jjs/test/auto/JavaScriptSendString.xml
Done sleeping
----------------- Instantiating /home/travis/build/icyphy/ptII/ptolemy/actor/lib/jjs/test/auto/JavaScriptSendString.xml
515 ms. Memory: 1647104K Free: 831949K (51%)
----------------- Invoking toplevel() on ptolemy.moml.MoMLSimpleApplication@b7e313e
----------------- Done invoking toplevel() on ptolemy.moml.MoMLSimpleApplication@b7e313e
reloadAllAccessors: .JavaScriptSendString
----------------- testing Thu May 24 01:18:39 UTC 2018 /home/travis/build/icyphy/ptII/ptolemy/actor/lib/jjs/test/auto/JavaScriptSendToInput.xml
----------------- Thu May 24 01:18:39 UTC 2018 About to sleep for 5.0 seconds before running or rerunning.  Test is: /home/travis/build/icyphy/ptII/ptolemy/actor/lib/jjs/test/auto/JavaScriptSendToInput.xml
Done sleeping
----------------- Instantiating /home/travis/build/icyphy/ptII/ptolemy/actor/lib/jjs/test/auto/JavaScriptSendToInput.xml
2507 ms. Memory: 1647104K Free: 516647K (31%)
----------------- Invoking toplevel() on ptolemy.moml.MoMLSimpleApplication@1e0194be
----------------- Done invoking toplevel() on ptolemy.moml.MoMLSimpleApplication@1e0194be
reloadAllAccessors: .JavaScriptSendToInput
----------------- testing Thu May 24 01:18:47 UTC 2018 /home/travis/build/icyphy/ptII/ptolemy/actor/lib/jjs/test/auto/JavaScriptSetInterval.xml
----------------- Thu May 24 01:18:47 UTC 2018 About to sleep for 5.0 seconds before running or rerunning.  Test is: /home/travis/build/icyphy/ptII/ptolemy/actor/lib/jjs/test/auto/JavaScriptSetInterval.xml
Done sleeping
----------------- Instantiating /home/travis/build/icyphy/ptII/ptolemy/actor/lib/jjs/test/auto/JavaScriptSetInterval.xml
1132 ms. Memory: 1833984K Free: 1512033K (82%)
----------------- Invoking toplevel() on ptolemy.moml.MoMLSimpleApplication@4931794b
----------------- Done invoking toplevel() on ptolemy.moml.MoMLSimpleApplication@4931794b
reloadAllAccessors: .JavaScriptSetInterval
----------------- testing Thu May 24 01:18:54 UTC 2018 /home/travis/build/icyphy/ptII/ptolemy/actor/lib/jjs/test/auto/JavaScriptSetInterval2.xml
----------------- Thu May 24 01:18:54 UTC 2018 About to sleep for 5.0 seconds before running or rerunning.  Test is: /home/travis/build/icyphy/ptII/ptolemy/actor/lib/jjs/test/auto/JavaScriptSetInterval2.xml
Done sleeping
----------------- Instantiating /home/travis/build/icyphy/ptII/ptolemy/actor/lib/jjs/test/auto/JavaScriptSetInterval2.xml
1149 ms. Memory: 1833984K Free: 1195530K (65%)
----------------- Invoking toplevel() on ptolemy.moml.MoMLSimpleApplication@2d666059
----------------- Done invoking toplevel() on ptolemy.moml.MoMLSimpleApplication@2d666059
reloadAllAccessors: .JavaScriptSetInterval2
----------------- testing Thu May 24 01:19:00 UTC 2018 /home/travis/build/icyphy/ptII/ptolemy/actor/lib/jjs/test/auto/JavaScriptSetTimeout.xml
----------------- Thu May 24 01:19:00 UTC 2018 About to sleep for 5.0 seconds before running or rerunning.  Test is: /home/travis/build/icyphy/ptII/ptolemy/actor/lib/jjs/test/auto/JavaScriptSetTimeout.xml
Done sleeping
----------------- Instantiating /home/travis/build/icyphy/ptII/ptolemy/actor/lib/jjs/test/auto/JavaScriptSetTimeout.xml
709 ms. Memory: 1833984K Free: 879282K (48%)
----------------- Invoking toplevel() on ptolemy.moml.MoMLSimpleApplication@3ebbb2a9
----------------- Done invoking toplevel() on ptolemy.moml.MoMLSimpleApplication@3ebbb2a9
reloadAllAccessors: .JavaScriptSetTimeout
----------------- testing Thu May 24 01:19:06 UTC 2018 /home/travis/build/icyphy/ptII/ptolemy/actor/lib/jjs/test/auto/JavaScriptStringToken.xml
----------------- Thu May 24 01:19:06 UTC 2018 About to sleep for 5.0 seconds before running or rerunning.  Test is: /home/travis/build/icyphy/ptII/ptolemy/actor/lib/jjs/test/auto/JavaScriptStringToken.xml
Done sleeping
----------------- Instantiating /home/travis/build/icyphy/ptII/ptolemy/actor/lib/jjs/test/auto/JavaScriptStringToken.xml
777 ms. Memory: 1833984K Free: 562495K (31%)
----------------- Invoking toplevel() on ptolemy.moml.MoMLSimpleApplication@3cd2b8e4
----------------- Done invoking toplevel() on ptolemy.moml.MoMLSimpleApplication@3cd2b8e4
reloadAllAccessors: .JavaScriptStringToken
----------------- testing Thu May 24 01:19:12 UTC 2018 /home/travis/build/icyphy/ptII/ptolemy/actor/lib/jjs/test/auto/JavaScriptTestAutoInputEtc.xml
----------------- Thu May 24 01:19:12 UTC 2018 About to sleep for 5.0 seconds before running or rerunning.  Test is: /home/travis/build/icyphy/ptII/ptolemy/actor/lib/jjs/test/auto/JavaScriptTestAutoInputEtc.xml
Done sleeping
----------------- Instantiating /home/travis/build/icyphy/ptII/ptolemy/actor/lib/jjs/test/auto/JavaScriptTestAutoInputEtc.xml
2831 ms. Memory: 1829888K Free: 1536438K (84%)
----------------- Invoking toplevel() on ptolemy.moml.MoMLSimpleApplication@5526779e
----------------- Done invoking toplevel() on ptolemy.moml.MoMLSimpleApplication@5526779e
reloadAllAccessors: .JavaScriptTestAutoInputEtc
----------------- testing Thu May 24 01:19:20 UTC 2018 /home/travis/build/icyphy/ptII/ptolemy/actor/lib/jjs/test/auto/JavaScriptThisActor.xml
----------------- Thu May 24 01:19:20 UTC 2018 About to sleep for 5.0 seconds before running or rerunning.  Test is: /home/travis/build/icyphy/ptII/ptolemy/actor/lib/jjs/test/auto/JavaScriptThisActor.xml
Done sleeping
----------------- Instantiating /home/travis/build/icyphy/ptII/ptolemy/actor/lib/jjs/test/auto/JavaScriptThisActor.xml
736 ms. Memory: 1829888K Free: 1216045K (66%)
----------------- Invoking toplevel() on ptolemy.moml.MoMLSimpleApplication@799b597f
----------------- Done invoking toplevel() on ptolemy.moml.MoMLSimpleApplication@799b597f
reloadAllAccessors: .JavaScriptThisActor
----------------- testing Thu May 24 01:19:27 UTC 2018 /home/travis/build/icyphy/ptII/ptolemy/actor/lib/jjs/test/auto/JavaScriptTimeout.xml
----------------- Thu May 24 01:19:27 UTC 2018 About to sleep for 5.0 seconds before running or rerunning.  Test is: /home/travis/build/icyphy/ptII/ptolemy/actor/lib/jjs/test/auto/JavaScriptTimeout.xml
Done sleeping
----------------- Instantiating /home/travis/build/icyphy/ptII/ptolemy/actor/lib/jjs/test/auto/JavaScriptTimeout.xml
JavaScript: JavaScriptTimeout: timeout = 100 (Thread[JavaScriptTimeout,1,main])
JavaScript: JavaScriptTimeout: timeout = 100 (Thread[JavaScriptTimeout,1,main])
JavaScript: JavaScriptTimeout: timeout = 100 (Thread[JavaScriptTimeout,1,main])
JavaScript: JavaScriptTimeout: timeout = 100 (Thread[JavaScriptTimeout,1,main])
JavaScript: JavaScriptTimeout: timeout = 100 (Thread[JavaScriptTimeout,1,main])
JavaScript: JavaScriptTimeout: timeout = 100 (Thread[JavaScriptTimeout,1,main])
1026 ms. Memory: 1829888K Free: 899326K (49%)
----------------- Invoking toplevel() on ptolemy.moml.MoMLSimpleApplication@2a008368
----------------- Done invoking toplevel() on ptolemy.moml.MoMLSimpleApplication@2a008368
reloadAllAccessors: .JavaScriptTimeout
----------------- testing Thu May 24 01:19:33 UTC 2018 /home/travis/build/icyphy/ptII/ptolemy/actor/lib/jjs/test/auto/JavaScriptWriteParameter.xml
----------------- Thu May 24 01:19:33 UTC 2018 About to sleep for 5.0 seconds before running or rerunning.  Test is: /home/travis/build/icyphy/ptII/ptolemy/actor/lib/jjs/test/auto/JavaScriptWriteParameter.xml
Done sleeping
----------------- Instantiating /home/travis/build/icyphy/ptII/ptolemy/actor/lib/jjs/test/auto/JavaScriptWriteParameter.xml
524 ms. Memory: 1829888K Free: 575461K (31%)
----------------- Invoking toplevel() on ptolemy.moml.MoMLSimpleApplication@22200428
----------------- Done invoking toplevel() on ptolemy.moml.MoMLSimpleApplication@22200428
reloadAllAccessors: .JavaScriptWriteParameter
----------------- testing Thu May 24 01:19:39 UTC 2018 /home/travis/build/icyphy/ptII/ptolemy/actor/lib/jjs/test/auto/RampDisplay.xml
----------------- Thu May 24 01:19:39 UTC 2018 About to sleep for 5.0 seconds before running or rerunning.  Test is: /home/travis/build/icyphy/ptII/ptolemy/actor/lib/jjs/test/auto/RampDisplay.xml
Done sleeping
----------------- Instantiating /home/travis/build/icyphy/ptII/ptolemy/actor/lib/jjs/test/auto/RampDisplay.xml
JSAccessor: PT_NO_NET environment variable is set, so git pull and ptdoc are not being run.
TextDisplayHelper: 1
TextDisplayHelper: 2
TextDisplayHelper: 3
TextDisplayHelper: 4
TextDisplayHelper: 5
7455 ms. Memory: 1861120K Free: 841114K (45%)
----------------- Invoking toplevel() on ptolemy.moml.MoMLSimpleApplication@5d4481a4
----------------- Done invoking toplevel() on ptolemy.moml.MoMLSimpleApplication@5d4481a4
reloadAllAccessors: .RampDisplay
This is the first time that the reloadAllAccessors method has been invoked in this JVM, so the the accessors repo will be checked out or updated and JSDoc invoked. Note that running the tests may end up invoking a new JVM for each directory, so the repo may be checked out or updated and JSDoc invoked more than once when the tests are run.
-------------- Reloaded accessors, but skipping rerun for now. Thu May 24 01:19:54 UTC 2018 /home/travis/build/icyphy/ptII/ptolemy/actor/lib/jjs/test/auto/RampDisplay.xml
----------------- testing Thu May 24 01:19:54 UTC 2018 /home/travis/build/icyphy/ptII/ptolemy/actor/lib/jjs/test/auto/SelfBuilder.xml
----------------- Thu May 24 01:19:54 UTC 2018 About to sleep for 5.0 seconds before running or rerunning.  Test is: /home/travis/build/icyphy/ptII/ptolemy/actor/lib/jjs/test/auto/SelfBuilder.xml
Done sleeping
----------------- Instantiating /home/travis/build/icyphy/ptII/ptolemy/actor/lib/jjs/test/auto/SelfBuilder.xml
714 ms. Memory: 1861632K Free: 1584549K (85%)
----------------- Invoking toplevel() on ptolemy.moml.MoMLSimpleApplication@20229833
----------------- Done invoking toplevel() on ptolemy.moml.MoMLSimpleApplication@20229833
reloadAllAccessors: .SelfBuilder
----------------- testing Thu May 24 01:20:00 UTC 2018 /home/travis/build/icyphy/ptII/ptolemy/actor/lib/jjs/test/auto/SelfBuilder10.xml
----------------- Thu May 24 01:20:00 UTC 2018 About to sleep for 5.0 seconds before running or rerunning.  Test is: /home/travis/build/icyphy/ptII/ptolemy/actor/lib/jjs/test/auto/SelfBuilder10.xml
Done sleeping
----------------- Instantiating /home/travis/build/icyphy/ptII/ptolemy/actor/lib/jjs/test/auto/SelfBuilder10.xml
576 ms. Memory: 1861632K Free: 1252624K (67%)
----------------- Invoking toplevel() on ptolemy.moml.MoMLSimpleApplication@1f233918
----------------- Done invoking toplevel() on ptolemy.moml.MoMLSimpleApplication@1f233918
reloadAllAccessors: .SelfBuilder10
----------------- testing Thu May 24 01:20:06 UTC 2018 /home/travis/build/icyphy/ptII/ptolemy/actor/lib/jjs/test/auto/SelfBuilder2.xml
----------------- Thu May 24 01:20:06 UTC 2018 About to sleep for 5.0 seconds before running or rerunning.  Test is: /home/travis/build/icyphy/ptII/ptolemy/actor/lib/jjs/test/auto/SelfBuilder2.xml
Done sleeping
----------------- Instantiating /home/travis/build/icyphy/ptII/ptolemy/actor/lib/jjs/test/auto/SelfBuilder2.xml
538 ms. Memory: 1861632K Free: 933661K (50%)
----------------- Invoking toplevel() on ptolemy.moml.MoMLSimpleApplication@1f15fab7
----------------- Done invoking toplevel() on ptolemy.moml.MoMLSimpleApplication@1f15fab7
reloadAllAccessors: .SelfBuilder2
----------------- testing Thu May 24 01:20:11 UTC 2018 /home/travis/build/icyphy/ptII/ptolemy/actor/lib/jjs/test/auto/SelfBuilder3.xml
----------------- Thu May 24 01:20:11 UTC 2018 About to sleep for 5.0 seconds before running or rerunning.  Test is: /home/travis/build/icyphy/ptII/ptolemy/actor/lib/jjs/test/auto/SelfBuilder3.xml
Done sleeping
----------------- Instantiating /home/travis/build/icyphy/ptII/ptolemy/actor/lib/jjs/test/auto/SelfBuilder3.xml
579 ms. Memory: 1861632K Free: 614772K (33%)
----------------- Invoking toplevel() on ptolemy.moml.MoMLSimpleApplication@41062752
----------------- Done invoking toplevel() on ptolemy.moml.MoMLSimpleApplication@41062752
reloadAllAccessors: .SelfBuilder3
----------------- testing Thu May 24 01:20:17 UTC 2018 /home/travis/build/icyphy/ptII/ptolemy/actor/lib/jjs/test/auto/SelfBuilder4.xml
----------------- Thu May 24 01:20:17 UTC 2018 About to sleep for 5.0 seconds before running or rerunning.  Test is: /home/travis/build/icyphy/ptII/ptolemy/actor/lib/jjs/test/auto/SelfBuilder4.xml
Done sleeping
----------------- Instantiating /home/travis/build/icyphy/ptII/ptolemy/actor/lib/jjs/test/auto/SelfBuilder4.xml
719 ms. Memory: 1862656K Free: 1609024K (86%)
----------------- Invoking toplevel() on ptolemy.moml.MoMLSimpleApplication@25f295b2
----------------- Done invoking toplevel() on ptolemy.moml.MoMLSimpleApplication@25f295b2
reloadAllAccessors: .SelfBuilder4
----------------- testing Thu May 24 01:20:24 UTC 2018 /home/travis/build/icyphy/ptII/ptolemy/actor/lib/jjs/test/auto/SelfBuilder5.xml
----------------- Thu May 24 01:20:24 UTC 2018 About to sleep for 5.0 seconds before running or rerunning.  Test is: /home/travis/build/icyphy/ptII/ptolemy/actor/lib/jjs/test/auto/SelfBuilder5.xml
Done sleeping
----------------- Instantiating /home/travis/build/icyphy/ptII/ptolemy/actor/lib/jjs/test/auto/SelfBuilder5.xml
597 ms. Memory: 1862656K Free: 1277927K (69%)
----------------- Invoking toplevel() on ptolemy.moml.MoMLSimpleApplication@3fa626ec
----------------- Done invoking toplevel() on ptolemy.moml.MoMLSimpleApplication@3fa626ec
reloadAllAccessors: .SelfBuilder5
----------------- testing Thu May 24 01:20:30 UTC 2018 /home/travis/build/icyphy/ptII/ptolemy/actor/lib/jjs/test/auto/SelfBuilder6.xml
----------------- Thu May 24 01:20:30 UTC 2018 About to sleep for 5.0 seconds before running or rerunning.  Test is: /home/travis/build/icyphy/ptII/ptolemy/actor/lib/jjs/test/auto/SelfBuilder6.xml
Done sleeping
----------------- Instantiating /home/travis/build/icyphy/ptII/ptolemy/actor/lib/jjs/test/auto/SelfBuilder6.xml
692 ms. Memory: 1862656K Free: 951495K (51%)
----------------- Invoking toplevel() on ptolemy.moml.MoMLSimpleApplication@30b9a178
----------------- Done invoking toplevel() on ptolemy.moml.MoMLSimpleApplication@30b9a178
reloadAllAccessors: .SelfBuilder6
----------------- testing Thu May 24 01:20:36 UTC 2018 /home/travis/build/icyphy/ptII/ptolemy/actor/lib/jjs/test/auto/SelfBuilder7.xml
----------------- Thu May 24 01:20:36 UTC 2018 About to sleep for 5.0 seconds before running or rerunning.  Test is: /home/travis/build/icyphy/ptII/ptolemy/actor/lib/jjs/test/auto/SelfBuilder7.xml
Done sleeping
----------------- Instantiating /home/travis/build/icyphy/ptII/ptolemy/actor/lib/jjs/test/auto/SelfBuilder7.xml
550 ms. Memory: 1862656K Free: 632131K (34%)
----------------- Invoking toplevel() on ptolemy.moml.MoMLSimpleApplication@137744ef
----------------- Done invoking toplevel() on ptolemy.moml.MoMLSimpleApplication@137744ef
reloadAllAccessors: .SelfBuilder7
----------------- testing Thu May 24 01:20:41 UTC 2018 /home/travis/build/icyphy/ptII/ptolemy/actor/lib/jjs/test/auto/SelfBuilder8.xml
----------------- Thu May 24 01:20:41 UTC 2018 About to sleep for 5.0 seconds before running or rerunning.  Test is: /home/travis/build/icyphy/ptII/ptolemy/actor/lib/jjs/test/auto/SelfBuilder8.xml
Done sleeping
----------------- Instantiating /home/travis/build/icyphy/ptII/ptolemy/actor/lib/jjs/test/auto/SelfBuilder8.xml
602 ms. Memory: 1862656K Free: 312726K (17%)
----------------- Invoking toplevel() on ptolemy.moml.MoMLSimpleApplication@511262df
----------------- Done invoking toplevel() on ptolemy.moml.MoMLSimpleApplication@511262df
reloadAllAccessors: .SelfBuilder8
----------------- testing Thu May 24 01:20:47 UTC 2018 /home/travis/build/icyphy/ptII/ptolemy/actor/lib/jjs/test/auto/SelfBuilder9.xml
----------------- Thu May 24 01:20:47 UTC 2018 About to sleep for 5.0 seconds before running or rerunning.  Test is: /home/travis/build/icyphy/ptII/ptolemy/actor/lib/jjs/test/auto/SelfBuilder9.xml
Done sleeping
----------------- Instantiating /home/travis/build/icyphy/ptII/ptolemy/actor/lib/jjs/test/auto/SelfBuilder9.xml
524 ms. Memory: 1751040K Free: 1500295K (86%)
----------------- Invoking toplevel() on ptolemy.moml.MoMLSimpleApplication@55dceced
----------------- Done invoking toplevel() on ptolemy.moml.MoMLSimpleApplication@55dceced
reloadAllAccessors: .SelfBuilder9
AutoTests.java: About to close Vertx.
AutoTests.java: Vertx closed.
]]></system-out>
  <system-err><![CDATA[WARNING: JavaScript: Model stopped before executing actions (e.g. producing outputs) scheduled for execution at times [0.8]
WARNING: JavaScript: Model stopped before executing actions (e.g. producing outputs) scheduled for execution at times [0.6]
WARNING: TestSpontaneous: Model stopped before executing actions (e.g. producing outputs) scheduled for execution at times [6.0]
]]></system-err>
</testsuite>
