<?xml version="1.0" encoding="UTF-8" ?>
<testsuite errors="0" failures="0" hostname="travis-job-ccba40a2-b4dd-4828-a064-b39809f4f537" name="ptolemy.domains.de.test.junit.JUnitTclTest" skipped="0" tests="101" time="127.435" timestamp="2018-05-13T01:03:08">
  <properties>
    <property name="npm.executable" value="npm" />
    <property name="file.encoding.pkg" value="sun.io" />
    <property name="ptII.mk.exists" value="true" />
    <property name="env.rvm_bin_path" value="/home/travis/.rvm/bin" />
    <property name="java.home" value="/usr/lib/jvm/java-8-oracle/jre" />
    <property name="env.TRAVIS_JOB_NUMBER" value="434.7" />
    <property name="env.DISPLAY" value=":99.0" />
    <property name="java.net.preferIPv4Stack" value="true" />
    <property name="env.SSH_TTY" value="/dev/pts/0" />
    <property name="env.RUN_TESTS" value="true" />
    <property name="timeout.short" value="1000000" />
    <property name="env.TRAVIS_STACK_NODE_ATTRIBUTES" value="/.node-attributes.yml" />
    <property name="junit.formatter" value="xml" />
    <property name="java.endorsed.dirs" value="/usr/lib/jvm/java-8-oracle/jre/lib/endorsed" />
    <property name="env.TRAVIS_SUDO" value="true" />
    <property name="env.LOGNAME" value="travis" />
    <property name="jsdoc.home" value="node_modules/@terraswarm/jsdoc" />
    <property name="debuglevel" value="source,lines,vars" />
    <property name="checkstyle.formatter" value="xml" />
    <property name="bin.vergil.makeable" value="true" />
    <property name="env._system_version" value="14.04" />
    <property name="sun.os.patch.level" value="unknown" />
    <property name="java.vendor.url" value="http://java.oracle.com/" />
    <property name="java.version" value="1.8.0_151" />
    <property name="env.TZ" value="UTC" />
    <property name="env.PT_NO_NET" value="true" />
    <property name="env.TRAVIS_PULL_REQUEST_SHA" value="" />
    <property name="env.TRAVIS_SECURE_ENV_VARS" value="true" />
    <property name="env._system_type" value="Linux" />
    <property name="java.vendor.url.bug" value="http://bugreport.sun.com/bugreport/" />
    <property name="env.SSH_CLIENT" value="10.10.16.10 45842 22" />
    <property name="env.GEM_HOME" value="/home/travis/.rvm/gems/ruby-2.4.1" />
    <property name="env.HAS_ANTARES_THREE_LITTLE_FRONZIES_BADGE" value="true" />
    <property name="env.PS4" value="+" />
    <property name="ant.project.invoked-targets" value="build,test.core2.xml" />
    <property name="env.TRAVIS_PULL_REQUEST_BRANCH" value="" />
    <property name="env.TRAVIS_REPO_SLUG" value="icyphy/ptII" />
    <property name="node.in.path" value="true" />
    <property name="java.maxmemory" value="1400m" />
    <property name="env.RUBY_VERSION" value="ruby-2.4.1" />
    <property name="user.name" value="travis" />
    <property name="env.LANG" value="en_US.UTF-8" />
    <property name="sun.io.unicode.encoding" value="UnicodeLittle" />
    <property name="sun.jnu.encoding" value="UTF-8" />
    <property name="java.runtime.name" value="Java(TM) SE Runtime Environment" />
    <property name="usefile" value="false" />
    <property name="return.code" value="0" />
    <property name="junit.single.formatter" value="plain" />
    <property name="env.DYLD_LIBRARY_PATH" value="/home/travis/pthla/certi-tools/lib:" />
    <property name="env.DEBIAN_FRONTEND" value="noninteractive" />
    <property name="env.SSH_CONNECTION" value="10.10.16.10 45842 10.20.0.77 22" />
    <property name="env.MYSQL_UNIX_PORT" value="/var/run/mysqld/mysqld.sock" />
    <property name="env.TRAVIS_ALLOW_FAILURE" value="false" />
    <property name="env.LC_ALL" value="en_US.UTF-8" />
    <property name="java.specification.name" value="Java Platform API Specification" />
    <property name="node.works" value="true" />
    <property name="user.timezone" value="" />
    <property name="path.separator" value=":" />
    <property name="env.PYTHON_CFLAGS" value="-g -fstack-protector --param=ssp-buffer-size=4 -Wformat -Werror=format-security" />
    <property name="timeout.long" value="4000000" />
    <property name="env.CERTI_HOME" value="/home/travis/pthla/certi-tools" />
    <property name="file.encoding" value="UTF-8" />
    <property name="ant.file.ptII" value="/home/travis/build/icyphy/ptII/build.xml" />
    <property name="javadoc.packagenames" value="com.*,diva.*,lbnl.*,org.hlacerti.*,org.json.*,org.ptolemy.*,org.terraswarm.*,ptolemy.*,ptserver.*" />
    <property name="env.TRAVIS_PULL_REQUEST_SLUG" value="" />
    <property name="ant.project.default-target" value="build" />
    <property name="env.GIT_ASKPASS" value="echo" />
    <property name="env.HOME" value="/home/travis" />
    <property name="sun.java.command" value="org.apache.tools.ant.taskdefs.optional.junit.JUnitTestRunner ptolemy.domains.de.test.junit.JUnitTclTest skipNonTests=false filtertrace=true haltOnError=false haltOnFailure=false formatter=org.apache.tools.ant.taskdefs.optional.junit.OutErrSummaryJUnitResultFormatter showoutput=true outputtoformatters=true logfailedtests=true threadid=0 logtestlistenerevents=false formatter=org.apache.tools.ant.taskdefs.optional.junit.XMLJUnitResultFormatter,/home/travis/build/icyphy/ptII/reports/junit/TEST-ptolemy.domains.de.test.junit.JUnitTclTest.xml crashfile=/home/travis/build/icyphy/ptII/junitvmwatcher8618382933451741797.properties propsfile=/home/travis/build/icyphy/ptII/junit6835407006045272682.properties" />
    <property name="env.MANPATH" value="/home/travis/.nvm/versions/node/v7.10.1/share/man:/home/travis/.kiex/elixirs/elixir-1.4.5/man:/home/travis/.rvm/rubies/ruby-2.4.1/share/man:/usr/local/man:/usr/local/cmake-3.9.2/man:/usr/local/clang-5.0.0/share/man:/usr/local/share/man:/usr/share/man:/home/travis/.rvm/man" />
    <property name="env.COMPOSER_NO_INTERACTION" value="1" />
    <property name="env.JDK_SWITCHER_DEFAULT" value="oraclejdk8" />
    <property name="ant.file" value="/home/travis/build/icyphy/ptII/build.xml" />
    <property name="env.TRAVIS_COMMIT_RANGE" value="19b13553cfd632cf1fc5a7f5e86b681759fef7e7...ed9785f00f2831fae5ac8b3355cbae5f77cfed48" />
    <property name="env._system_name" value="Ubuntu" />
    <property name="timeout" value="2400000" />
    <property name="ptII.classpath.optional.property" value="/home/travis/build/icyphy/ptII/lib/bsh-2.0b4.jar:/home/travis/build/icyphy/ptII/lib/ptCal.jar:/home/travis/build/icyphy/ptII/lib/java_cup.jar:/home/travis/build/icyphy/ptII/lib/saxon8.jar:/home/travis/build/icyphy/ptII/lib/saxon8-dom.jar:/home/travis/build/icyphy/ptII/lib/chic.jar:/home/travis/build/icyphy/ptII/lib/ptcolt.jar:/usr/lib/jvm/java-8-oracle/lib/tools.jar:/usr/lib/eclipse/plugins/org.eclipse.jdt.core_3.8.2.dist.jar:/usr/lib/eclipse/plugins/org.eclipse.core.runtime_3.8.0.dist.jar:/usr/lib/eclipse/plugins/org.eclipse.osgi_3.8.1.dist.jar:/usr/lib/eclipse/plugins/org.eclipse.core.resources_3.8.1.dist.jar:/usr/lib/eclipse/plugins/org.eclipse.equinox.common_3.6.100.dist.jar:/usr/lib/eclipse/plugins/org.eclipse.core.jobs_3.5.200.dist.jar:/usr/lib/eclipse/plugins/org.eclipse.core.contenttype_3.4.200.dist.jar:/usr/lib/eclipse/plugins/org.eclipse.equinox.preferences_3.5.0.dist.jar:/usr/lib/eclipse/plugins/org.eclipse.text_3.5.200.dist.jar:/usr/lib/eclipse/plugins/org.eclipse.ui.workbench_3.8.1.dist.jar:/usr/lib/eclipse/plugins/org.eclipse.jface_3.8.0.dist.jar:/usr/lib/eclipse/plugins/org.eclipse.swt_3.8.2.jar:/usr/lib/eclipse/plugins/org.eclipse.jface.text_3.8.1.dist.jar:/usr/lib/eclipse/plugins/org.eclipse.ui.workbench.texteditor_3.8.0.dist.jar:/usr/lib/eclipse/plugins/org.eclipse.ui.editors_3.8.0.dist.jar:/usr/lib/eclipse/plugins/org.eclipse.core.commands_3.6.1.dist.jar:/usr/lib/eclipse/plugins/org.eclipse.equinox.registry_3.5.200.dist.jar:/usr/lib/eclipse/plugins/org.eclipse.ui.console_3.5.100.dist.jar:/usr/lib/eclipse/plugins/org.eclipse.ui.forms_3.5.200.dist.jar:/usr/lib/eclipse/plugins/org.eclipse.ui.ide_3.8.1.dist.jar:/home/travis/build/icyphy/ptII/vendors/oracle/dbxml.jar:/home/travis/build/icyphy/ptII/vendors/oracle/db.jar:/home/travis/build/icyphy/ptII/vendors/misc/itext/iText.jar:/home/travis/build/icyphy/ptII/lib/g4ltl.jar:/home/travis/build/icyphy/ptII/lib/StructuralCoder.jar:/home/travis/build/icyphy/ptII/lib/org-openide-util.jar:/home/travis/build/icyphy/ptII/lib/org-openide-util-lookup.jar:/home/travis/build/icyphy/ptII/lib/org-netbeans-api-visual.jar:/home/travis/build/icyphy/ptII/vendors/jai-1_1_2_01/lib/jai_core.jar:/home/travis/build/icyphy/ptII/vendors/jai-1_1_2_01/lib/jai_codec.jar:/home/travis/build/icyphy/ptII/lib/jcerti.jar:/home/travis/build/icyphy/ptII/lib/smack.jar:/home/travis/build/icyphy/ptII/lib/smackx.jar:/home/travis/build/icyphy/ptII/lib/jetty-all-8.1.5-v20120716.jar:/home/travis/build/icyphy/ptII/lib/javax.servlet-api-3.0.1.jar:/home/travis/build/icyphy/ptII/lib/javax.mail.jar:/home/travis/build/icyphy/ptII/vendors/JMF-2.1.1e/lib/jmf.jar:/home/travis/build/icyphy/ptII/lib/jna-4.0.0-variadic.jar:/home/travis/build/icyphy/ptII/vendors/misc/joystick/Joystick.jar:/home/travis/build/icyphy/ptII/lib/ptjacl.jar:/home/travis/build/icyphy/ptII/lib/jsoup-1.8.2.jar:/home/travis/build/icyphy/ptII/lib/junit-4.8.2.jar:/home/travis/build/icyphy/ptII/lib/JUnitParams-0.4.0.jar:/home/travis/build/icyphy/ptII/ptolemy/actor/lib/excel/jxl.jar:/home/travis/build/icyphy/ptII/lib/jython.jar:/home/travis/build/icyphy/ptII/lib/kieler.jar:/home/travis/build/icyphy/ptII/vendors/opencv/share/OpenCV/java/opencv-341.jar:/home/travis/build/icyphy/ptII/lib/oscP5.jar:/home/travis/build/icyphy/ptII/lib/nrjavaserial-3.11.0.devel.jar:/usr/share/java/j3dcore.jar:/usr/share/java/j3dutils.jar:/usr/share/java/vecmath.jar:/home/travis/build/icyphy/ptII/ptolemy/distributed/jini/jar/jini-core.jar:/home/travis/build/icyphy/ptII/ptolemy/distributed/jini/jar/jini-ext.jar:/home/travis/build/icyphy/ptII/ptolemy/distributed/jini/jar/sun-util.jar:/home/travis/build/icyphy/ptII/lib/protobuf-java-2.4.1.jar:/home/travis/build/icyphy/ptII/lib/org.eclipse.paho.client.mqttv3.jar:/home/travis/build/icyphy/ptII/ptserver/lib/hessian-4.0.7.jar:/home/travis/build/icyphy/ptII/ptserver/lib/wmqtt.jar:/home/travis/build/icyphy/ptII/lib/mapss.jar:/home/travis/build/icyphy/ptII/ptolemy/actor/ptalon/antlr/antlr.jar:/home/travis/build/icyphy/ptII/lib/JRI.jar:/home/travis/build/icyphy/ptII/lib/commons-lang-2.6.jar:/home/travis/build/icyphy/ptII/lib/commons-logging-1.1.1.jar:/home/travis/build/icyphy/ptII/lib/sootclasses.jar:/home/travis/build/icyphy/ptII/ptolemy/actor/lib/database/mysql-connector-java-5.1.6-bin.jar:/home/travis/build/icyphy/ptII/vendors/misc/sphinx4/sphinx4-data-5prealpha.jar:/home/travis/build/icyphy/ptII/vendors/misc/sphinx4/sphinx4-core-5prealpha.jar:/home/travis/build/icyphy/ptII/lib/PDFRenderer.jar:/home/travis/build/icyphy/ptII/lib/svgSalamander.jar:/home/travis/build/icyphy/ptII/lib/rsyntaxtextarea-2.6.0-SNAPSHOT.jar:/home/travis/build/icyphy/ptII/lib/hazelcast-3.8.2.jar:/home/travis/build/icyphy/ptII/lib/jackson-annotations-2.9.0.jar:/home/travis/build/icyphy/ptII/lib/jackson-core-2.9.3.jar:/home/travis/build/icyphy/ptII/lib/jackson-databind-2.9.3.jar:/home/travis/build/icyphy/ptII/lib/netty-buffer-4.1.19.Final.jar:/home/travis/build/icyphy/ptII/lib/netty-codec-4.1.19.Final.jar:/home/travis/build/icyphy/ptII/lib/netty-codec-dns-4.1.19.Final.jar:/home/travis/build/icyphy/ptII/lib/netty-codec-http-4.1.19.Final.jar:/home/travis/build/icyphy/ptII/lib/netty-codec-http2-4.1.19.Final.jar:/home/travis/build/icyphy/ptII/lib/netty-common-4.1.19.Final.jar:/home/travis/build/icyphy/ptII/lib/netty-handler-4.1.19.Final.jar:/home/travis/build/icyphy/ptII/lib/netty-resolver-4.1.19.Final.jar:/home/travis/build/icyphy/ptII/lib/netty-resolver-dns-4.1.19.Final.jar:/home/travis/build/icyphy/ptII/lib/netty-transport-4.1.19.Final.jar:/home/travis/build/icyphy/ptII/lib/vertx-codegen-3.5.1.jar:/home/travis/build/icyphy/ptII/lib/vertx-core-3.5.2-SNAPSHOT.jar:/home/travis/build/icyphy/ptII/lib/vertx-hazelcast-3.5.1.jar:/home/travis/build/icyphy/ptII/lib/vertx-lang-js-3.5.1.jar:/home/travis/build/icyphy/ptII/lib/vertx-service-proxy-3.5.1.jar:/home/travis/build/icyphy/ptII/lib/vertx-web-3.5.1.jar:/home/travis/build/icyphy/ptII/lib/slf4j-api-1.7.13.jar:/home/travis/build/icyphy/ptII/lib/slf4j-simple-1.7.13.jar:/home/travis/build/icyphy/ptII/lib/webcam-capture-0.3.12.jar:/home/travis/build/icyphy/ptII/lib/bridj-0.7.0.jar:/home/travis/build/icyphy/ptII/lib/xbjlib-1.1.0.nrjavaserial.jar" />
    <property name="test.batch" value="**/junit/*.java" />
    <property name="env._" value="/usr/bin/timeout" />
    <property name="java.io.tmpdir" value="/tmp" />
    <property name="user.language" value="en" />
    <property name="env.HISTCONTROL" value="ignoredups:ignorespace" />
    <property name="env.GOROOT" value="/home/travis/.gimme/versions/go1.7.4.linux.amd64" />
    <property name="line.separator" value="&#xa;" />
    <property name="target" value="1.8" />
    <property name="env.TRAVIS_BUILD_DIR" value="/home/travis/build/icyphy/ptII" />
    <property name="env.ANT_OPTS" value="-Xmx2048m" />
    <property name="ant.file.type" value="file" />
    <property name="ptolemy.ptII.batchMode" value="true" />
    <property name="env.HISTSIZE" value="1000" />
    <property name="env.MERB_ENV" value="test" />
    <property name="java.vm.info" value="mixed mode" />
    <property name="source" value="1.8" />
    <property name="java.vm.specification.name" value="Java Virtual Machine Specification" />
    <property name="env.TRAVIS_TEST_RESULT" value="0" />
    <property name="jsdoc.command" value="node_modules/@terraswarm/jsdoc/jsdoc.js" />
    <property name="npm.works" value="true" />
    <property name="cobertura.dir" value="/home/travis/build/icyphy/ptII/vendors/cobertura-2.0.3" />
    <property name="env.rvm_path" value="/home/travis/.rvm" />
    <property name="env.GEM_PATH" value="/home/travis/.rvm/gems/ruby-2.4.1:/home/travis/.rvm/gems/ruby-2.4.1@global" />
    <property name="env.LC_CTYPE" value="en_US.UTF-8" />
    <property name="java.awt.printerjob" value="sun.print.PSPrinterJob" />
    <property name="env.TRAVIS_STACK_NAME" value="garnet" />
    <property name="ant.version" value="Apache Ant(TM) version 1.10.1 compiled on February 2 2017" />
    <property name="ptII.reports" value="/home/travis/build/icyphy/ptII/reports" />
    <property name="env.TRAVIS_STACK_TIMESTAMP" value="2017-12-05 19:33:09 UTC" />
    <property name="ant.file.type.ptII" value="file" />
    <property name="env.RBENV_SHELL" value="bash" />
    <property name="os.name" value="Linux" />
    <property name="java.specification.vendor" value="Oracle Corporation" />
    <property name="env.rvm_version" value="1.29.3 (latest)" />
    <property name="env.TERM" value="xterm" />
    <property name="java.vm.name" value="Java HotSpot(TM) 64-Bit Server VM" />
    <property name="env.TRAVIS_BUILD_NUMBER" value="434" />
    <property name="env.CI" value="true" />
    <property name="java.library.path" value="/home/travis/pthla/certi-tools/lib:/usr/lib/jni:/usr/local/share/OpenCV/java/:/usr/share/OpenCV/java::/usr/java/packages/lib/amd64:/usr/lib64:/lib64:/lib:/usr/lib" />
    <property name="env.rvm_prefix" value="/home/travis" />
    <property name="env.PATH" value="/home/travis/pthla/certi-tools/share/scripts:/home/travis/.rvm/gems/ruby-2.4.1/bin:/home/travis/.rvm/gems/ruby-2.4.1@global/bin:/home/travis/.rvm/rubies/ruby-2.4.1/bin:/home/travis/.rvm/bin:/home/travis/.nvm/versions/node/v7.10.1/bin:./node_modules/.bin:/home/travis/build/icyphy/ptII/bin:/home/travis/pthla/certi-tools/bin:/home/travis/bin:/home/travis/.local/bin:/opt/pyenv/shims:/home/travis/.phpenv/shims:/home/travis/perl5/perlbrew/bin:/home/travis/.kiex/elixirs/elixir-1.4.5/bin:/home/travis/.kiex/bin:/home/travis/gopath/bin:/home/travis/.gimme/versions/go1.7.4.linux.amd64/bin:/usr/local/phantomjs/bin:/usr/local/phantomjs:/usr/local/neo4j-3.2.7/bin:/usr/local/maven-3.5.2/bin:/usr/local/cmake-3.9.2/bin:/usr/local/clang-5.0.0/bin:/usr/local/sbin:/usr/local/bin:/usr/sbin:/usr/bin:/sbin:/bin:/home/travis/.phpenv/bin:/opt/pyenv/bin:/home/travis/.yarn/bin" />
    <property name="env.TRAVIS_OS_NAME" value="linux" />
    <property name="ant.java.version" value="1.8" />
    <property name="basedir" value="/home/travis/build/icyphy/ptII" />
    <property name="java.class.version" value="52.0" />
    <property name="env.SHLVL" value="3" />
    <property name="env.LD_LIBRARY_PATH" value="/home/travis/pthla/certi-tools/lib:/usr/lib/jni:/usr/local/share/OpenCV/java/:/usr/share/OpenCV/java:" />
    <property name="env.RACK_ENV" value="test" />
    <property name="ant.home" value="/home/travis/build/icyphy/ptII/ant" />
    <property name="env.NVM_DIR" value="/home/travis/.nvm" />
    <property name="env.PERLBREW_BASHRC_VERSION" value="0.80" />
    <property name="env.CERTI_FOM_PATH" value="/home/travis/pthla/certi-tools/share/federations" />
    <property name="env.TRAVIS_BUILD_ID" value="378239440" />
    <property name="env.PYENV_ROOT" value="/opt/pyenv" />
    <property name="env.TRAVIS_UID" value="2000" />
    <property name="env.rvm_pretty_print_flag" value="auto" />
    <property name="env.NVM_BIN" value="/home/travis/.nvm/versions/node/v7.10.1/bin" />
    <property name="env.TRAVIS_COMMIT" value="ed9785f00f2831fae5ac8b3355cbae5f77cfed48" />
    <property name="env._system_arch" value="x86_64" />
    <property name="node.executable" value="node" />
    <property name="sun.boot.library.path" value="/usr/lib/jvm/java-8-oracle/jre/lib/amd64" />
    <property name="sun.management.compiler" value="HotSpot 64-Bit Tiered Compilers" />
    <property name="java.awt.graphicsenv" value="sun.awt.X11GraphicsEnvironment" />
    <property name="env.GOPATH" value="/home/travis/gopath" />
    <property name="ptolemy.ptII.dir" value="/home/travis/build/icyphy/ptII" />
    <property name="env.USER" value="travis" />
    <property name="env.HISTFILESIZE" value="2000" />
    <property name="timeout.longest" value="19000000" />
    <property name="env.TRAVIS_STACK_FEATURES" value="basic cassandra chromium couchdb disabled-ipv6 docker docker-compose elasticsearch firefox go-toolchain google-chrome jdk memcached mongodb mysql neo4j nodejs_interpreter perl_interpreter perlbrew phantomjs postgresql python_interpreter rabbitmq redis riak ruby_interpreter sqlite xserver" />
    <property name="env.TRAVIS_PULL_REQUEST" value="false" />
    <property name="env.PYENV_SHELL" value="bash" />
    <property name="ant.project.name" value="ptII" />
    <property name="java.vm.specification.version" value="1.8" />
    <property name="env.CERTI_VERSION" value="4.0.0" />
    <property name="env.NLSPATH" value="/usr/dt/lib/nls/msg/%L/%N.cat" />
    <property name="env.CERTI_HOST" value="localhost" />
    <property name="awt.toolkit" value="sun.awt.X11.XToolkit" />
    <property name="env.MY_RUBY_HOME" value="/home/travis/.rvm/rubies/ruby-2.4.1" />
    <property name="sun.cpu.isalist" value="" />
    <property name="java.ext.dirs" value="/usr/lib/jvm/java-8-oracle/jre/lib/ext:/usr/java/packages/lib/ext" />
    <property name="os.version" value="4.4.0-101-generic" />
    <property name="user.home" value="/home/travis" />
    <property name="env.MIX_ARCHIVES" value="/home/travis/.kiex/mix/elixir-1.4.5" />
    <property name="java.vm.vendor" value="Oracle Corporation" />
    <property name="env.TRAVIS_TAG" value="nightly" />
    <property name="env.TRAVIS_FILTERED" value="redirect_io" />
    <property name="env.PTII" value="/home/travis/build/icyphy/ptII" />
    <property name="env.JAVA_HOME" value="/usr/lib/jvm/java-8-oracle" />
    <property name="javadoc.excludepackagenames" value="adm.cvs2svn.*,build.*,config.*,doc.coding.templates.*,jni.test.jni.meaningOfLife.*,jni.test.jni.testDeux.*,jni.test.jni.testTrois.*,org.terraswarm.accessor.accessors.web.node_modules.*,org.terraswarm.accessor.accessors.web.hosts.cordova.demo.*,org.terraswarm.accessor.accessors.web.hosts.cordova.plugins.*,org.terraswarm.accessor.accessors-svn.*,pt-modules.*,ptolemy.apps.agilent.*,ptolemy.apps.anytimecontrol.*,ptolemy.apps.apes.*,ptolemy.apps.charon.*,ptolemy.apps.crazyboard.*,ptolemy.apps.eclipse.*,ptolemy.apps.etherealSting.*,ptolemy.apps.fullscreen.*,ptolemy.apps.giotto.*,ptolemy.apps.ia.*,ptolemy.apps.interfaces.*,ptolemy.apps.jmf.*,ptolemy.apps.kurt.*,ptolemy.apps.kvm.*,ptolemy.apps.lego.*,ptolemy.apps.lejos.*,ptolemy.apps.midp.*,ptolemy.apps.mobileCoding.*,ptolemy.apps.pendulum.*,ptolemy.apps.rijndael.*,ptolemy.apps.robot.*,ptolemy.apps.security.*,ptolemy.apps.sobel.*,ptolemy.apps.soot.*,ptolemy.apps.throttle.*,ptolemy.apps.tini.*,ptolemy.apps.transmission.*,ptolemy.apps.vergil.*,ptolemy.apps.waba.*,ptolemy.apps.websensor.*,ptolemy.apps.webstart.*,ptolemy.apps.xsl.*,ptolemy.apps.zaurus.*,ptolemy.backtrack.eclipse.plugin.*,ptolemy.backtrack.test.*,ptolemy.codegen.c.actor.lib.oldJavaFiles.*,ptolemy.codegen.dsp.lib.*,ptolemy.codegen.kernel.newInterfaces.*,ptolemy.codegen.lib.*,ptolemy.copernicus.kernel.fragment.*,ptolemy.copernicus.shallow.cg.*,ptolemy.domains.giotto.demo.Hierarchy.Hierarchy.*,ptolemy.domains.giotto.demo.Multimode.Multimode.*,ptolemy.domains.giotto.demo.Simple.Simple.*,ptolemy.domains.gr.lib.experimental.*,ptolemy.domains.gro.*,ptolemy.domains.pdf.*,ptolemy.domains.ptinyos.demo.Surge.output.*,ptolemy.moml.test.NoPackageActor.java*,ptolemy.plot.adm.*,ptolemy.plot.servlet.*,reports.*,signed.*,src.*,target.*,vendors.*,ptolemy.cg.adapter.generic.program.procedural.c.mbed*,ptolemy.actor.lib.fmi.fmus.omc*,ptolemy.domains.openmodelica*,ptdb.kernel.bl.save.test.*,ptdb.kernel.bl.load.test.*,ptdb.kernel.bl.search.test.*,ptdb.kernel.bl.migration.test.*,ptdb.kernel.database.test.*,ptdb.test.*,ptdb.gui.test.*,org.ptolemy.scala.*,diva.util.java2d.svg.*,ptolemy.domains.ptinyos.*,ptolemy.actor.lib.fmi.fmipp.*,,org.terraswarm.accessor.accessors.web.node_modules.*,org.terraswarm.accessor.accessors-svn,ptolemy.actor.ptalon.demo.ptinyos.SendAndReceiveCnt.output,ptolemy.actor.ptalon.demo.ptinyos.SenseToLeds.output,ptolemy.domains.ptinyos.demo.CntToLedsAndRfm.output,ptolemy.domains.ptinyos.demo.RfmToLeds.output,ptolemy.domains.ptinyos.demo.SendAndReceiveCnt.output,ptolemy.domains.ptinyos.demo.SenseToLeds.output" />
    <property name="env.TRAVIS_COMMIT_MESSAGE" value="Adjusted model numbers in export batches." />
    <property name="env.XDG_SESSION_ID" value="2" />
    <property name="keystore" value="ptKeystore" />
    <property name="junit.output.dir" value="/home/travis/build/icyphy/ptII/reports/junit" />
    <property name="npm.return.code" value="0" />
    <property name="user.dir" value="/home/travis/build/icyphy/ptII/ptolemy/domains/de/test" />
    <property name="env.XFILESEARCHPATH" value="/usr/dt/app-defaults/%L/Dt" />
    <property name="env.TRAVIS_NODE_VERSION" value="7" />
    <property name="env.TRAVIS_EVENT_TYPE" value="cron" />
    <property name="env.MAIL" value="/var/mail/travis" />
    <property name="env.PWD" value="/home/travis/build/icyphy/ptII" />
    <property name="env.PERLBREW_ROOT" value="/home/travis/perl5/perlbrew" />
    <property name="timeout.npm" value="45000" />
    <property name="env.PT_TRAVIS_TEST_CORE2_XML" value="true" />
    <property name="env.PAGER" value="cat" />
    <property name="sun.cpu.endian" value="little" />
    <property name="env.TRAVIS_BUILD_STAGE_NAME" value="Test" />
    <property name="env.PERLBREW_HOME" value="/home/travis/.perlbrew" />
    <property name="env.RAILS_ENV" value="test" />
    <property name="java.vm.version" value="25.151-b12" />
    <property name="java.class.path" value="/home/travis/build/icyphy/ptII:/home/travis/build/icyphy/ptII/lib/bsh-2.0b4.jar:/home/travis/build/icyphy/ptII/lib/ptCal.jar:/home/travis/build/icyphy/ptII/lib/java_cup.jar:/home/travis/build/icyphy/ptII/lib/saxon8.jar:/home/travis/build/icyphy/ptII/lib/saxon8-dom.jar:/home/travis/build/icyphy/ptII/lib/chic.jar:/home/travis/build/icyphy/ptII/lib/ptcolt.jar:/usr/lib/jvm/java-8-oracle/lib/tools.jar:/usr/lib/eclipse/plugins/org.eclipse.jdt.core_3.8.2.dist.jar:/usr/lib/eclipse/plugins/org.eclipse.core.runtime_3.8.0.dist.jar:/usr/lib/eclipse/plugins/org.eclipse.osgi_3.8.1.dist.jar:/usr/lib/eclipse/plugins/org.eclipse.core.resources_3.8.1.dist.jar:/usr/lib/eclipse/plugins/org.eclipse.equinox.common_3.6.100.dist.jar:/usr/lib/eclipse/plugins/org.eclipse.core.jobs_3.5.200.dist.jar:/usr/lib/eclipse/plugins/org.eclipse.core.contenttype_3.4.200.dist.jar:/usr/lib/eclipse/plugins/org.eclipse.equinox.preferences_3.5.0.dist.jar:/usr/lib/eclipse/plugins/org.eclipse.text_3.5.200.dist.jar:/usr/lib/eclipse/plugins/org.eclipse.ui.workbench_3.8.1.dist.jar:/usr/lib/eclipse/plugins/org.eclipse.jface_3.8.0.dist.jar:/usr/lib/eclipse/plugins/org.eclipse.swt_3.8.2.jar:/usr/lib/eclipse/plugins/org.eclipse.jface.text_3.8.1.dist.jar:/usr/lib/eclipse/plugins/org.eclipse.ui.workbench.texteditor_3.8.0.dist.jar:/usr/lib/eclipse/plugins/org.eclipse.ui.editors_3.8.0.dist.jar:/usr/lib/eclipse/plugins/org.eclipse.core.commands_3.6.1.dist.jar:/usr/lib/eclipse/plugins/org.eclipse.equinox.registry_3.5.200.dist.jar:/usr/lib/eclipse/plugins/org.eclipse.ui.console_3.5.100.dist.jar:/usr/lib/eclipse/plugins/org.eclipse.ui.forms_3.5.200.dist.jar:/usr/lib/eclipse/plugins/org.eclipse.ui.ide_3.8.1.dist.jar:/home/travis/build/icyphy/ptII/vendors/oracle/dbxml.jar:/home/travis/build/icyphy/ptII/vendors/oracle/db.jar:/home/travis/build/icyphy/ptII/vendors/misc/itext/iText.jar:/home/travis/build/icyphy/ptII/lib/g4ltl.jar:/home/travis/build/icyphy/ptII/lib/StructuralCoder.jar:/home/travis/build/icyphy/ptII/lib/org-openide-util.jar:/home/travis/build/icyphy/ptII/lib/org-openide-util-lookup.jar:/home/travis/build/icyphy/ptII/lib/org-netbeans-api-visual.jar:/home/travis/build/icyphy/ptII/vendors/jai-1_1_2_01/lib/jai_core.jar:/home/travis/build/icyphy/ptII/vendors/jai-1_1_2_01/lib/jai_codec.jar:/home/travis/build/icyphy/ptII/lib/jcerti.jar:/home/travis/build/icyphy/ptII/lib/smack.jar:/home/travis/build/icyphy/ptII/lib/smackx.jar:/home/travis/build/icyphy/ptII/lib/jetty-all-8.1.5-v20120716.jar:/home/travis/build/icyphy/ptII/lib/javax.servlet-api-3.0.1.jar:/home/travis/build/icyphy/ptII/lib/javax.mail.jar:/home/travis/build/icyphy/ptII/vendors/JMF-2.1.1e/lib/jmf.jar:/home/travis/build/icyphy/ptII/lib/jna-4.0.0-variadic.jar:/home/travis/build/icyphy/ptII/vendors/misc/joystick/Joystick.jar:/home/travis/build/icyphy/ptII/lib/ptjacl.jar:/home/travis/build/icyphy/ptII/lib/jsoup-1.8.2.jar:/home/travis/build/icyphy/ptII/lib/junit-4.8.2.jar:/home/travis/build/icyphy/ptII/lib/JUnitParams-0.4.0.jar:/home/travis/build/icyphy/ptII/ptolemy/actor/lib/excel/jxl.jar:/home/travis/build/icyphy/ptII/lib/jython.jar:/home/travis/build/icyphy/ptII/lib/kieler.jar:/home/travis/build/icyphy/ptII/vendors/opencv/share/OpenCV/java/opencv-341.jar:/home/travis/build/icyphy/ptII/lib/oscP5.jar:/home/travis/build/icyphy/ptII/lib/nrjavaserial-3.11.0.devel.jar:/usr/share/java/j3dcore.jar:/usr/share/java/j3dutils.jar:/usr/share/java/vecmath.jar:/home/travis/build/icyphy/ptII/ptolemy/distributed/jini/jar/jini-core.jar:/home/travis/build/icyphy/ptII/ptolemy/distributed/jini/jar/jini-ext.jar:/home/travis/build/icyphy/ptII/ptolemy/distributed/jini/jar/sun-util.jar:/home/travis/build/icyphy/ptII/lib/protobuf-java-2.4.1.jar:/home/travis/build/icyphy/ptII/lib/org.eclipse.paho.client.mqttv3.jar:/home/travis/build/icyphy/ptII/ptserver/lib/hessian-4.0.7.jar:/home/travis/build/icyphy/ptII/ptserver/lib/wmqtt.jar:/home/travis/build/icyphy/ptII/lib/mapss.jar:/home/travis/build/icyphy/ptII/ptolemy/actor/ptalon/antlr/antlr.jar:/home/travis/build/icyphy/ptII/lib/JRI.jar:/home/travis/build/icyphy/ptII/lib/commons-lang-2.6.jar:/home/travis/build/icyphy/ptII/lib/commons-logging-1.1.1.jar:/home/travis/build/icyphy/ptII/lib/sootclasses.jar:/home/travis/build/icyphy/ptII/ptolemy/actor/lib/database/mysql-connector-java-5.1.6-bin.jar:/home/travis/build/icyphy/ptII/vendors/misc/sphinx4/sphinx4-data-5prealpha.jar:/home/travis/build/icyphy/ptII/vendors/misc/sphinx4/sphinx4-core-5prealpha.jar:/home/travis/build/icyphy/ptII/lib/PDFRenderer.jar:/home/travis/build/icyphy/ptII/lib/svgSalamander.jar:/home/travis/build/icyphy/ptII/lib/rsyntaxtextarea-2.6.0-SNAPSHOT.jar:/home/travis/build/icyphy/ptII/lib/hazelcast-3.8.2.jar:/home/travis/build/icyphy/ptII/lib/jackson-annotations-2.9.0.jar:/home/travis/build/icyphy/ptII/lib/jackson-core-2.9.3.jar:/home/travis/build/icyphy/ptII/lib/jackson-databind-2.9.3.jar:/home/travis/build/icyphy/ptII/lib/netty-buffer-4.1.19.Final.jar:/home/travis/build/icyphy/ptII/lib/netty-codec-4.1.19.Final.jar:/home/travis/build/icyphy/ptII/lib/netty-codec-dns-4.1.19.Final.jar:/home/travis/build/icyphy/ptII/lib/netty-codec-http-4.1.19.Final.jar:/home/travis/build/icyphy/ptII/lib/netty-codec-http2-4.1.19.Final.jar:/home/travis/build/icyphy/ptII/lib/netty-common-4.1.19.Final.jar:/home/travis/build/icyphy/ptII/lib/netty-handler-4.1.19.Final.jar:/home/travis/build/icyphy/ptII/lib/netty-resolver-4.1.19.Final.jar:/home/travis/build/icyphy/ptII/lib/netty-resolver-dns-4.1.19.Final.jar:/home/travis/build/icyphy/ptII/lib/netty-transport-4.1.19.Final.jar:/home/travis/build/icyphy/ptII/lib/vertx-codegen-3.5.1.jar:/home/travis/build/icyphy/ptII/lib/vertx-core-3.5.2-SNAPSHOT.jar:/home/travis/build/icyphy/ptII/lib/vertx-hazelcast-3.5.1.jar:/home/travis/build/icyphy/ptII/lib/vertx-lang-js-3.5.1.jar:/home/travis/build/icyphy/ptII/lib/vertx-service-proxy-3.5.1.jar:/home/travis/build/icyphy/ptII/lib/vertx-web-3.5.1.jar:/home/travis/build/icyphy/ptII/lib/slf4j-api-1.7.13.jar:/home/travis/build/icyphy/ptII/lib/slf4j-simple-1.7.13.jar:/home/travis/build/icyphy/ptII/lib/webcam-capture-0.3.12.jar:/home/travis/build/icyphy/ptII/lib/bridj-0.7.0.jar:/home/travis/build/icyphy/ptII/lib/xbjlib-1.1.0.nrjavaserial.jar:/home/travis/build/icyphy/ptII/ptolemy/moml/test:/home/travis/build/icyphy/ptII/ant/lib/ant-launcher.jar:/home/travis/build/icyphy/ptII/ant/lib/ant.jar:/home/travis/build/icyphy/ptII/ant/lib/ant-junit.jar:/home/travis/build/icyphy/ptII/ant/lib/ant-junit4.jar" />
    <property name="ant.library.dir" value="/home/travis/build/icyphy/ptII/ant/lib" />
    <property name="os.arch" value="amd64" />
    <property name="env.TRAVIS_LANGUAGE" value="node_js" />
    <property name="env.CONTINUOUS_INTEGRATION" value="true" />
    <property name="env.TRAVIS_STACK_LANGUAGES" value="__garnet__ c c++ clojure cplusplus cpp default go groovy java node_js php pure_java python ruby scala" />
    <property name="test.name" value="ptolemy.actor.lib.test.junit.JUnitTclTest" />
    <property name="sun.java.launcher" value="SUN_STANDARD" />
    <property name="env.PYTHON_CONFIGURE_OPTS" value="--enable-unicode=ucs4 --with-wide-unicode --enable-shared --enable-ipv6 --enable-loadable-sqlite-extensions --with-computed-gotos" />
    <property name="ant.core.lib" value="/home/travis/build/icyphy/ptII/ant/lib/ant.jar" />
    <property name="java.vm.specification.vendor" value="Oracle Corporation" />
    <property name="env.BCVTB_HOME" value="/home/travis/build/icyphy/ptII/lbnl" />
    <property name="file.separator" value="/" />
    <property name="java.runtime.version" value="1.8.0_151-b12" />
    <property name="spotbugs.home" value="/home/travis/build/icyphy/ptII/vendors/spotbugs-3.1.1" />
    <property name="sun.boot.class.path" value="/usr/lib/jvm/java-8-oracle/jre/lib/resources.jar:/usr/lib/jvm/java-8-oracle/jre/lib/rt.jar:/usr/lib/jvm/java-8-oracle/jre/lib/sunrsasign.jar:/usr/lib/jvm/java-8-oracle/jre/lib/jsse.jar:/usr/lib/jvm/java-8-oracle/jre/lib/jce.jar:/usr/lib/jvm/java-8-oracle/jre/lib/charsets.jar:/usr/lib/jvm/java-8-oracle/jre/lib/jfr.jar:/usr/lib/jvm/java-8-oracle/jre/classes" />
    <property name="env.HAS_JOSH_K_SEAL_OF_APPROVAL" value="true" />
    <property name="env.TRAVIS_OSX_IMAGE" value="" />
    <property name="env.XDG_RUNTIME_DIR" value="/run/user/2000" />
    <property name="env.TRAVIS_JOB_ID" value="378239448" />
    <property name="env.TRAVIS_BRANCH" value="master" />
    <property name="user.country" value="US" />
    <property name="env.CERTI_HOME_TRAVIS" value="/home/travis/pthla/certi-tools" />
    <property name="env.SHELL" value="/bin/bash" />
    <property name="java.maxmemory.large" value="5000m" />
    <property name="model" value="" />
    <property name="env.CASHER_DIR" value="/home/travis/.casher" />
    <property name="env.NVM_CD_FLAGS" value="" />
    <property name="jshint.executable" value="/home/travis/node_modules/jshint/bin/jshint" />
    <property name="java.vendor" value="Oracle Corporation" />
    <property name="env.JRUBY_OPTS" value=" --client -J-XX:+TieredCompilation -J-XX:TieredStopAtLevel=1 -J-Xss2m -Xcompile.invokedynamic=false" />
    <property name="env.TRAVIS_PRE_CHEF_BOOTSTRAP_TIME" value="2017-12-05T19:32:55" />
    <property name="env.ELIXIR_VERSION" value="1.4.5" />
    <property name="env.TRAVIS_STACK_JOB_BOARD_REGISTER" value="/.job-board-register.yml" />
    <property name="java.specification.version" value="1.8" />
    <property name="env.IRBRC" value="/home/travis/.rvm/rubies/ruby-2.4.1/.irbrc" />
    <property name="env.TRAVIS" value="true" />
    <property name="sun.arch.data.model" value="64" />
  </properties>
  <testcase classname="ptolemy.util.test.junit.TclTests" name="[0] /home/travis/build/icyphy/ptII/ptolemy/domains/de/test/DependencyLoop.tcl (RunTclFile)" time="0.686" />
  <testcase classname="ptolemy.util.test.junit.TclTests" name="[1] /home/travis/build/icyphy/ptII/ptolemy/domains/de/test/RunDETestsAsQSS.tcl (RunTclFile)" time="87.697" />
  <testcase classname="ptolemy.util.test.junit.AutoKnownFailedTests" name="[0] /home/travis/build/icyphy/ptII/ptolemy/domains/de/test/auto/knownFailedTests/DESDFClockTest.xml (RunModel)" time="2.028" />
  <testcase classname="ptolemy.util.test.junit.AutoKnownFailedTests" name="[1] /home/travis/build/icyphy/ptII/ptolemy/domains/de/test/auto/knownFailedTests/DirectFeedback.xml (RunModel)" time="0.016" />
  <testcase classname="ptolemy.util.test.junit.AutoKnownFailedTests" name="[2] /home/travis/build/icyphy/ptII/ptolemy/domains/de/test/auto/knownFailedTests/FSMSource.xml (RunModel)" time="0.033" />
  <testcase classname="ptolemy.util.test.junit.AutoKnownFailedTests" name="[3] /home/travis/build/icyphy/ptII/ptolemy/domains/de/test/auto/knownFailedTests/HierarchicalModel.xml (RunModel)" time="0.047" />
  <testcase classname="ptolemy.util.test.junit.AutoKnownFailedTests" name="[4] /home/travis/build/icyphy/ptII/ptolemy/domains/de/test/auto/knownFailedTests/dependencyLoop.xml (RunModel)" time="0.031" />
  <testcase classname="ptolemy.util.test.junit.AutoKnownFailedTests" name="[5] /home/travis/build/icyphy/ptII/ptolemy/domains/de/test/auto/knownFailedTests/dependencyLoop2.xml (RunModel)" time="0.027" />
  <testcase classname="ptolemy.util.test.junit.AutoNameArchTests" name="[0] ThereAreNoAutoTests (RunModel)" time="0.004" />
  <testcase classname="ptolemy.util.test.junit.AutoTests" name="[0] /home/travis/build/icyphy/ptII/ptolemy/domains/de/test/auto/ActorDepthCalculation_actorWithoutPorts.xml (RunModel)" time="0.008" />
  <testcase classname="ptolemy.util.test.junit.AutoTests" name="[1] /home/travis/build/icyphy/ptII/ptolemy/domains/de/test/auto/AssemblyLine.xml (RunModel)" time="0.013" />
  <testcase classname="ptolemy.util.test.junit.AutoTests" name="[2] /home/travis/build/icyphy/ptII/ptolemy/domains/de/test/auto/CQBug1.xml (RunModel)" time="0.005" />
  <testcase classname="ptolemy.util.test.junit.AutoTests" name="[3] /home/travis/build/icyphy/ptII/ptolemy/domains/de/test/auto/CancelFireAt.xml (RunModel)" time="0.003" />
  <testcase classname="ptolemy.util.test.junit.AutoTests" name="[4] /home/travis/build/icyphy/ptII/ptolemy/domains/de/test/auto/CausalityAndComposabilityAnalysis.xml (RunModel)" time="0.007" />
  <testcase classname="ptolemy.util.test.junit.AutoTests" name="[5] /home/travis/build/icyphy/ptII/ptolemy/domains/de/test/auto/CausalityInterface1.xml (RunModel)" time="0.008" />
  <testcase classname="ptolemy.util.test.junit.AutoTests" name="[6] /home/travis/build/icyphy/ptII/ptolemy/domains/de/test/auto/CausalityInterface15.xml (RunModel)" time="0.008" />
  <testcase classname="ptolemy.util.test.junit.AutoTests" name="[7] /home/travis/build/icyphy/ptII/ptolemy/domains/de/test/auto/CausalityInterface2.xml (RunModel)" time="0.006" />
  <testcase classname="ptolemy.util.test.junit.AutoTests" name="[8] /home/travis/build/icyphy/ptII/ptolemy/domains/de/test/auto/CausalityInterface3.xml (RunModel)" time="0.008" />
  <testcase classname="ptolemy.util.test.junit.AutoTests" name="[9] /home/travis/build/icyphy/ptII/ptolemy/domains/de/test/auto/ClockDrift.xml (RunModel)" time="0.022" />
  <testcase classname="ptolemy.util.test.junit.AutoTests" name="[10] /home/travis/build/icyphy/ptII/ptolemy/domains/de/test/auto/ClockDriftAndValueChange.xml (RunModel)" time="0.024" />
  <testcase classname="ptolemy.util.test.junit.AutoTests" name="[11] /home/travis/build/icyphy/ptII/ptolemy/domains/de/test/auto/ClockDriftChange.xml (RunModel)" time="0.019" />
  <testcase classname="ptolemy.util.test.junit.AutoTests" name="[12] /home/travis/build/icyphy/ptII/ptolemy/domains/de/test/auto/ComposableCausalityAnalysis.xml (RunModel)" time="0.01" />
  <testcase classname="ptolemy.util.test.junit.AutoTests" name="[13] /home/travis/build/icyphy/ptII/ptolemy/domains/de/test/auto/DEFixedPointLimitation.xml (RunModel)" time="0.006" />
  <testcase classname="ptolemy.util.test.junit.AutoTests" name="[14] /home/travis/build/icyphy/ptII/ptolemy/domains/de/test/auto/DEScheduleTest.xml (RunModel)" time="0.007" />
  <testcase classname="ptolemy.util.test.junit.AutoTests" name="[15] /home/travis/build/icyphy/ptII/ptolemy/domains/de/test/auto/DEinDEwithStartTimes.xml (RunModel)" time="0.008" />
  <testcase classname="ptolemy.util.test.junit.AutoTests" name="[16] /home/travis/build/icyphy/ptII/ptolemy/domains/de/test/auto/DEinDEwithStartTimes2.xml (RunModel)" time="0.009" />
  <testcase classname="ptolemy.util.test.junit.AutoTests" name="[17] /home/travis/build/icyphy/ptII/ptolemy/domains/de/test/auto/DateDemo.xml (RunModel)" time="0.017" />
  <testcase classname="ptolemy.util.test.junit.AutoTests" name="[18] /home/travis/build/icyphy/ptII/ptolemy/domains/de/test/auto/DateToEvent.xml (RunModel)" time="2.033" />
  <testcase classname="ptolemy.util.test.junit.AutoTests" name="[19] /home/travis/build/icyphy/ptII/ptolemy/domains/de/test/auto/DepthTest1.xml (RunModel)" time="0.007" />
  <testcase classname="ptolemy.util.test.junit.AutoTests" name="[20] /home/travis/build/icyphy/ptII/ptolemy/domains/de/test/auto/DepthTest2.xml (RunModel)" time="0.01" />
  <testcase classname="ptolemy.util.test.junit.AutoTests" name="[21] /home/travis/build/icyphy/ptII/ptolemy/domains/de/test/auto/DepthTest3.xml (RunModel)" time="0.005" />
  <testcase classname="ptolemy.util.test.junit.AutoTests" name="[22] /home/travis/build/icyphy/ptII/ptolemy/domains/de/test/auto/DepthTest4.xml (RunModel)" time="0.007" />
  <testcase classname="ptolemy.util.test.junit.AutoTests" name="[23] /home/travis/build/icyphy/ptII/ptolemy/domains/de/test/auto/DepthTest5.xml (RunModel)" time="0.009" />
  <testcase classname="ptolemy.util.test.junit.AutoTests" name="[24] /home/travis/build/icyphy/ptII/ptolemy/domains/de/test/auto/DepthTest6.xml (RunModel)" time="0.008" />
  <testcase classname="ptolemy.util.test.junit.AutoTests" name="[25] /home/travis/build/icyphy/ptII/ptolemy/domains/de/test/auto/DepthTest7.xml (RunModel)" time="0.008" />
  <testcase classname="ptolemy.util.test.junit.AutoTests" name="[26] /home/travis/build/icyphy/ptII/ptolemy/domains/de/test/auto/EventToDate.xml (RunModel)" time="3.021" />
  <testcase classname="ptolemy.util.test.junit.AutoTests" name="[27] /home/travis/build/icyphy/ptII/ptolemy/domains/de/test/auto/FSM1.xml (RunModel)" time="0.018" />
  <testcase classname="ptolemy.util.test.junit.AutoTests" name="[28] /home/travis/build/icyphy/ptII/ptolemy/domains/de/test/auto/FSM7.xml (RunModel)" time="0.019" />
  <testcase classname="ptolemy.util.test.junit.AutoTests" name="[29] /home/travis/build/icyphy/ptII/ptolemy/domains/de/test/auto/Inspection.xml (RunModel)" time="0.024" />
  <testcase classname="ptolemy.util.test.junit.AutoTests" name="[30] /home/travis/build/icyphy/ptII/ptolemy/domains/de/test/auto/Iteration.xml (RunModel)" time="0.011" />
  <testcase classname="ptolemy.util.test.junit.AutoTests" name="[31] /home/travis/build/icyphy/ptII/ptolemy/domains/de/test/auto/LineFault.xml (RunModel)" time="0.375" />
  <testcase classname="ptolemy.util.test.junit.AutoTests" name="[32] /home/travis/build/icyphy/ptII/ptolemy/domains/de/test/auto/MergeModel1Add.xml (RunModel)" time="0.028" />
  <testcase classname="ptolemy.util.test.junit.AutoTests" name="[33] /home/travis/build/icyphy/ptII/ptolemy/domains/de/test/auto/MergeModel2Add.xml (RunModel)" time="0.026" />
  <testcase classname="ptolemy.util.test.junit.AutoTests" name="[34] /home/travis/build/icyphy/ptII/ptolemy/domains/de/test/auto/MergeModel3Add.xml (RunModel)" time="0.027" />
  <testcase classname="ptolemy.util.test.junit.AutoTests" name="[35] /home/travis/build/icyphy/ptII/ptolemy/domains/de/test/auto/MergeWithoutDiscard.xml (RunModel)" time="0.007" />
  <testcase classname="ptolemy.util.test.junit.AutoTests" name="[36] /home/travis/build/icyphy/ptII/ptolemy/domains/de/test/auto/Modal1.xml (RunModel)" time="0.02" />
  <testcase classname="ptolemy.util.test.junit.AutoTests" name="[37] /home/travis/build/icyphy/ptII/ptolemy/domains/de/test/auto/Modal2.xml (RunModel)" time="0.019" />
  <testcase classname="ptolemy.util.test.junit.AutoTests" name="[38] /home/travis/build/icyphy/ptII/ptolemy/domains/de/test/auto/Modal3.xml (RunModel)" time="0.022" />
  <testcase classname="ptolemy.util.test.junit.AutoTests" name="[39] /home/travis/build/icyphy/ptII/ptolemy/domains/de/test/auto/Modal4.xml (RunModel)" time="0.02" />
  <testcase classname="ptolemy.util.test.junit.AutoTests" name="[40] /home/travis/build/icyphy/ptII/ptolemy/domains/de/test/auto/Modal5.xml (RunModel)" time="0.02" />
  <testcase classname="ptolemy.util.test.junit.AutoTests" name="[41] /home/travis/build/icyphy/ptII/ptolemy/domains/de/test/auto/Modal6.xml (RunModel)" time="0.017" />
  <testcase classname="ptolemy.util.test.junit.AutoTests" name="[42] /home/travis/build/icyphy/ptII/ptolemy/domains/de/test/auto/Modal7.xml (RunModel)" time="0.019" />
  <testcase classname="ptolemy.util.test.junit.AutoTests" name="[43] /home/travis/build/icyphy/ptII/ptolemy/domains/de/test/auto/ModalModel.xml (RunModel)" time="0.108" />
  <testcase classname="ptolemy.util.test.junit.AutoTests" name="[44] /home/travis/build/icyphy/ptII/ptolemy/domains/de/test/auto/ModalSource.xml (RunModel)" time="0.011" />
  <testcase classname="ptolemy.util.test.junit.AutoTests" name="[45] /home/travis/build/icyphy/ptII/ptolemy/domains/de/test/auto/NonInterruptibleTimerZeroDelay.xml (RunModel)" time="0.006" />
  <testcase classname="ptolemy.util.test.junit.AutoTests" name="[46] /home/travis/build/icyphy/ptII/ptolemy/domains/de/test/auto/OpenQueueingNetwork.xml (RunModel)" time="1.693" />
  <testcase classname="ptolemy.util.test.junit.AutoTests" name="[47] /home/travis/build/icyphy/ptII/ptolemy/domains/de/test/auto/OpenQueuingNetwork.xml (RunModel)" time="0.244" />
  <testcase classname="ptolemy.util.test.junit.AutoTests" name="[48] /home/travis/build/icyphy/ptII/ptolemy/domains/de/test/auto/PeriodicSampler.xml (RunModel)" time="0.008" />
  <testcase classname="ptolemy.util.test.junit.AutoTests" name="[49] /home/travis/build/icyphy/ptII/ptolemy/domains/de/test/auto/PersistentIO.xml (RunModel)" time="0.016" />
  <testcase classname="ptolemy.util.test.junit.AutoTests" name="[50] /home/travis/build/icyphy/ptII/ptolemy/domains/de/test/auto/PortParameterResetOnInitialize.xml (RunModel)" time="0.008" />
  <testcase classname="ptolemy.util.test.junit.AutoTests" name="[51] /home/travis/build/icyphy/ptII/ptolemy/domains/de/test/auto/PortParameterUpdates.xml (RunModel)" time="0.013" />
  <testcase classname="ptolemy.util.test.junit.AutoTests" name="[52] /home/travis/build/icyphy/ptII/ptolemy/domains/de/test/auto/QueueAndServer.xml (RunModel)" time="0.019" />
  <testcase classname="ptolemy.util.test.junit.AutoTests" name="[53] /home/travis/build/icyphy/ptII/ptolemy/domains/de/test/auto/Records.xml (RunModel)" time="0.014" />
  <testcase classname="ptolemy.util.test.junit.AutoTests" name="[54] /home/travis/build/icyphy/ptII/ptolemy/domains/de/test/auto/ResetTransitionWithStartTime1.xml (RunModel)" time="0.02" />
  <testcase classname="ptolemy.util.test.junit.AutoTests" name="[55] /home/travis/build/icyphy/ptII/ptolemy/domains/de/test/auto/ResetTransitionWithStartTime2.xml (RunModel)" time="0.018" />
  <testcase classname="ptolemy.util.test.junit.AutoTests" name="[56] /home/travis/build/icyphy/ptII/ptolemy/domains/de/test/auto/ResetTransitionWithStartTime3.xml (RunModel)" time="0.021" />
  <testcase classname="ptolemy.util.test.junit.AutoTests" name="[57] /home/travis/build/icyphy/ptII/ptolemy/domains/de/test/auto/ResetTransitionWithStartTime4.xml (RunModel)" time="0.023" />
  <testcase classname="ptolemy.util.test.junit.AutoTests" name="[58] /home/travis/build/icyphy/ptII/ptolemy/domains/de/test/auto/ResettableTimer1.xml (RunModel)" time="0.01" />
  <testcase classname="ptolemy.util.test.junit.AutoTests" name="[59] /home/travis/build/icyphy/ptII/ptolemy/domains/de/test/auto/ResettableTimer2.xml (RunModel)" time="0.013" />
  <testcase classname="ptolemy.util.test.junit.AutoTests" name="[60] /home/travis/build/icyphy/ptII/ptolemy/domains/de/test/auto/ResettableTimer3.xml (RunModel)" time="0.008" />
  <testcase classname="ptolemy.util.test.junit.AutoTests" name="[61] /home/travis/build/icyphy/ptII/ptolemy/domains/de/test/auto/ResettableTimer4.xml (RunModel)" time="0.007" />
  <testcase classname="ptolemy.util.test.junit.AutoTests" name="[62] /home/travis/build/icyphy/ptII/ptolemy/domains/de/test/auto/ResettableTimer5.xml (RunModel)" time="0.009" />
  <testcase classname="ptolemy.util.test.junit.AutoTests" name="[63] /home/travis/build/icyphy/ptII/ptolemy/domains/de/test/auto/ResettableTimer6.xml (RunModel)" time="0.01" />
  <testcase classname="ptolemy.util.test.junit.AutoTests" name="[64] /home/travis/build/icyphy/ptII/ptolemy/domains/de/test/auto/ServerZeroDelay.xml (RunModel)" time="0.009" />
  <testcase classname="ptolemy.util.test.junit.AutoTests" name="[65] /home/travis/build/icyphy/ptII/ptolemy/domains/de/test/auto/SmartSender.xml (RunModel)" time="3.009" />
  <testcase classname="ptolemy.util.test.junit.AutoTests" name="[66] /home/travis/build/icyphy/ptII/ptolemy/domains/de/test/auto/ThreadedComposite.xml (RunModel)" time="0.13" />
  <testcase classname="ptolemy.util.test.junit.AutoTests" name="[67] /home/travis/build/icyphy/ptII/ptolemy/domains/de/test/auto/Time.xml (RunModel)" time="0.418" />
  <testcase classname="ptolemy.util.test.junit.AutoTests" name="[68] /home/travis/build/icyphy/ptII/ptolemy/domains/de/test/auto/TimeDelayZeroDelay.xml (RunModel)" time="0.01" />
  <testcase classname="ptolemy.util.test.junit.AutoTests" name="[69] /home/travis/build/icyphy/ptII/ptolemy/domains/de/test/auto/TimerZeroDelay.xml (RunModel)" time="0.008" />
  <testcase classname="ptolemy.util.test.junit.AutoTests" name="[70] /home/travis/build/icyphy/ptII/ptolemy/domains/de/test/auto/TimingParadox.xml (RunModel)" time="0.336" />
  <testcase classname="ptolemy.util.test.junit.AutoTests" name="[71] /home/travis/build/icyphy/ptII/ptolemy/domains/de/test/auto/TransferInputs.xml (RunModel)" time="0.008" />
  <testcase classname="ptolemy.util.test.junit.AutoTests" name="[72] /home/travis/build/icyphy/ptII/ptolemy/domains/de/test/auto/TransferOutputs2.xml (RunModel)" time="0.015" />
  <testcase classname="ptolemy.util.test.junit.AutoTests" name="[73] /home/travis/build/icyphy/ptII/ptolemy/domains/de/test/auto/Trilateration.xml (RunModel)" time="12.188" />
  <testcase classname="ptolemy.util.test.junit.AutoTests" name="[74] /home/travis/build/icyphy/ptII/ptolemy/domains/de/test/auto/TwoSigmaDelta.xml (RunModel)" time="2.029" />
  <testcase classname="ptolemy.util.test.junit.AutoTests" name="[75] /home/travis/build/icyphy/ptII/ptolemy/domains/de/test/auto/VariableDelay.xml (RunModel)" time="0.012" />
  <testcase classname="ptolemy.util.test.junit.AutoTests" name="[76] /home/travis/build/icyphy/ptII/ptolemy/domains/de/test/auto/VariableDelay2.xml (RunModel)" time="0.008" />
  <testcase classname="ptolemy.util.test.junit.AutoTests" name="[77] /home/travis/build/icyphy/ptII/ptolemy/domains/de/test/auto/VariableDelayZeroDelay.xml (RunModel)" time="0.009" />
  <testcase classname="ptolemy.util.test.junit.AutoTests" name="[78] /home/travis/build/icyphy/ptII/ptolemy/domains/de/test/auto/VariableDelayZeroDelay2.xml (RunModel)" time="0.008" />
  <testcase classname="ptolemy.util.test.junit.AutoTests" name="[79] /home/travis/build/icyphy/ptII/ptolemy/domains/de/test/auto/deInCt.xml (RunModel)" time="0.024" />
  <testcase classname="ptolemy.util.test.junit.AutoTests" name="[80] /home/travis/build/icyphy/ptII/ptolemy/domains/de/test/auto/deInCt2.xml (RunModel)" time="0.017" />
  <testcase classname="ptolemy.util.test.junit.AutoTests" name="[81] /home/travis/build/icyphy/ptII/ptolemy/domains/de/test/auto/dynamicCausalityInterface1.xml (RunModel)" time="0.022" />
  <testcase classname="ptolemy.util.test.junit.AutoTests" name="[82] /home/travis/build/icyphy/ptII/ptolemy/domains/de/test/auto/fsm_de_test.xml (RunModel)" time="0.024" />
  <testcase classname="ptolemy.util.test.junit.AutoTests" name="[83] /home/travis/build/icyphy/ptII/ptolemy/domains/de/test/auto/functionDependencyReconstruction.xml (RunModel)" time="0.033" />
  <testcase classname="ptolemy.util.test.junit.AutoTests" name="[84] /home/travis/build/icyphy/ptII/ptolemy/domains/de/test/auto/multirate.xml (RunModel)" time="0.014" />
  <testcase classname="ptolemy.util.test.junit.AutoTests" name="[85] /home/travis/build/icyphy/ptII/ptolemy/domains/de/test/auto/multirate2.xml (RunModel)" time="0.016" />
  <testcase classname="ptolemy.util.test.junit.AutoTests" name="[86] /home/travis/build/icyphy/ptII/ptolemy/domains/de/test/auto/realtime.xml (RunModel)" time="10.011" />
  <testcase classname="ptolemy.util.test.junit.AutoTests" name="[87] /home/travis/build/icyphy/ptII/ptolemy/domains/de/test/auto/relationGroup.xml (RunModel)" time="0.006" />
  <testcase classname="ptolemy.util.test.junit.AutoTests" name="[88] /home/travis/build/icyphy/ptII/ptolemy/domains/de/test/auto/relationGroup2.xml (RunModel)" time="0.014" />
  <testcase classname="ptolemy.util.test.junit.AutoTests" name="[89] /home/travis/build/icyphy/ptII/ptolemy/domains/de/test/auto/sortWithOpaquePorts.xml (RunModel)" time="0.014" />
  <testcase classname="ptolemy.util.test.junit.AutoTests" name="[90] /home/travis/build/icyphy/ptII/ptolemy/domains/de/test/auto/transferInputsandOutputs.xml (RunModel)" time="0.01" />
  <testcase classname="ptolemy.util.test.junit.AutoTests" name="[91] /home/travis/build/icyphy/ptII/ptolemy/domains/de/test/auto/triggerType.xml (RunModel)" time="0.007" />
  <system-out><![CDATA[/home/travis/build/icyphy/ptII/ptolemy/domains/de/test/DependencyLoop.tcl
testDefs.tcl: setting time out to 9000 seconds at Sun May 13 01:03:09 UTC 2018
16 ms. Memory: 116224K Free: 95044K (82%)
8 ms. Memory: 116224K Free: 107628K (93%)
/home/travis/build/icyphy/ptII/ptolemy/domains/de/test/RunDETestsAsQSS.tcl
Run the DE tests using ptolemy.domains.qss.test.QSSDirectorTest, which extends QSSDirector and prints a message in the constructors.
------------------ testing $PTII/ptolemy/domains/de/test/auto/knownFailedTests/dependencyLoop.xml (Known Failure) 
7 ms. Memory: 116224K Free: 104472K (90%)


==== $PTIIhome/travis/build/icyphy/ptII/ptolemy/domains/de/test/../../../../: Auto Automatic test in file $PTII/ptolemy/domains/de/test/auto/knownFailedTests/dependencyLoop.xml
==== Contents of test case:

	    # FIXME: we should use $relativeFilename here, but it
	    # might have backslashes under Windows, which causes no end
	    # of trouble.
	    createAndExecute $file
	    list {}
	
.... Test generated KNOWN error:
    while executing
ptolemy.kernel.util.IllegalActionException: Found a zero delay loop containing .dependencyLoop.original
  in .dependencyLoop and .dependencyLoop.original
	at ptolemy.actor.util.CausalityInterfaceForComposites._computeOutputPortDepth(CausalityInterfaceForComposites.java:759)
	at ptolemy.actor.util.CausalityInterfaceForComposites._computeInputDepth(CausalityInterfaceForComposites.java:696)
	at ptolemy.actor.util.CausalityInterfaceForComposites._computeOutputPortDepth(CausalityInterfaceForComposites.java:765)
	at ptolemy.actor.util.CausalityInterfaceForComposites._computeInputDepth(CausalityInterfaceForComposites.java:696)
	at ptolemy.actor.util.CausalityInterfaceForComposites._computeOutputPortDepth(CausalityInterfaceForComposites.java:765)
	at ptolemy.actor.util.CausalityInterfaceForComposites._computeInputDepth(CausalityInterfaceForComposites.java:696)
	at ptolemy.actor.util.CausalityInterfaceForComposites._computeActorDepth(CausalityInterfaceForComposites.java:532)
	at ptolemy.actor.util.CausalityInterfaceForComposites.checkForCycles(CausalityInterfaceForComposites.java:96)
	at ptolemy.domains.de.kernel.DEDirector.preinitialize(DEDirector.java:1337)
	at ptolemy.actor.CompositeActor.preinitialize(CompositeActor.java:1828)
	at ptolemy.actor.Manager.preinitializeAndResolveTypes(Manager.java:1040)
	at ptolemy.actor.Manager.initialize(Manager.java:710)
	at ptolemy.actor.Manager.execute(Manager.java:356)
	at ptolemy.actor.Manager.run(Manager.java:1263)
	at ptolemy.actor.Manager$PtolemyRunThread.run(Manager.java:1915)

    while executing
ptolemy.kernel.util.IllegalActionException: Found a zero delay loop containing .dependencyLoop.original
  in .dependencyLoop and .dependencyLoop.original
    while executing
"java::new ptolemy.moml.MoMLSimpleApplication $file
"
    (procedure "createAndExecute" line 2)
    invoked from within
"createAndExecute $file"
    ("uplevel" body line 5)
    invoked from within
"uplevel $contents_of_test"
------------------ testing $PTII/ptolemy/domains/de/test/auto/knownFailedTests/DESDFClockTest.xml (Known Failure) 
2046 ms. Memory: 116224K Free: 89163K (77%)


==== $PTIIhome/travis/build/icyphy/ptII/ptolemy/domains/de/test/../../../../: Auto Automatic test in file $PTII/ptolemy/domains/de/test/auto/knownFailedTests/DESDFClockTest.xml
==== Contents of test case:

	    # FIXME: we should use $relativeFilename here, but it
	    # might have backslashes under Windows, which causes no end
	    # of trouble.
	    createAndExecute $file
	    list {}
	
.... Test generated KNOWN error:
    while executing
ptolemy.kernel.util.IllegalActionException: Actor is not ready to fire.  Perhaps UpSample.prefire() returned false? Try debugging the actor by selecting "Listen to Actor".  Also, for SDF check moml for tokenConsumptionRate on input.
  in .DESDFClockTest.Play Bell.Copy1:SDF Director and .DESDFClockTest.Play Bell.UpSample
	at ptolemy.actor.sched.StaticSchedulingDirector.fire(StaticSchedulingDirector.java:227)
	at ptolemy.domains.sdf.kernel.SDFDirector.fire(SDFDirector.java:500)
	at ptolemy.actor.CompositeActor.fire(CompositeActor.java:455)
	at ptolemy.domains.de.kernel.DEDirector._fire(DEDirector.java:1948)
	at ptolemy.domains.de.kernel.DEDirector.fire(DEDirector.java:502)
	at ptolemy.actor.CompositeActor.fire(CompositeActor.java:455)
	at ptolemy.actor.Manager.iterate(Manager.java:851)
	at ptolemy.actor.Manager.execute(Manager.java:369)
	at ptolemy.actor.Manager.run(Manager.java:1263)
	at ptolemy.actor.Manager$PtolemyRunThread.run(Manager.java:1915)

    while executing
ptolemy.kernel.util.IllegalActionException: Actor is not ready to fire.  Perhaps UpSample.prefire() returned false? Try debugging the actor by selecting "Listen to Actor".  Also, for SDF check moml for tokenConsumptionRate on input.
  in .DESDFClockTest.Play Bell.Copy1:SDF Director and .DESDFClockTest.Play Bell.UpSample
    while executing
"java::new ptolemy.moml.MoMLSimpleApplication $file
"
    (procedure "createAndExecute" line 2)
    invoked from within
"createAndExecute $file"
    ("uplevel" body line 5)
    invoked from within
"uplevel $contents_of_test"
------------------ testing $PTII/ptolemy/domains/de/test/auto/knownFailedTests/FSMSource.xml (Known Failure) 
48 ms. Memory: 116224K Free: 111126K (96%)
!!!! Auto was marked as failing, but now passes
------------------ testing $PTII/ptolemy/domains/de/test/auto/knownFailedTests/dependencyLoop2.xml (Known Failure) 
5 ms. Memory: 116224K Free: 93694K (81%)


==== $PTIIhome/travis/build/icyphy/ptII/ptolemy/domains/de/test/../../../../: Auto Automatic test in file $PTII/ptolemy/domains/de/test/auto/knownFailedTests/dependencyLoop2.xml
==== Contents of test case:

	    # FIXME: we should use $relativeFilename here, but it
	    # might have backslashes under Windows, which causes no end
	    # of trouble.
	    createAndExecute $file
	    list {}
	
.... Test generated KNOWN error:
    while executing
ptolemy.kernel.util.IllegalActionException: Found a zero delay loop containing .dependencyLoop2.original
  in .dependencyLoop2 and .dependencyLoop2.original
	at ptolemy.actor.util.CausalityInterfaceForComposites._computeOutputPortDepth(CausalityInterfaceForComposites.java:759)
	at ptolemy.actor.util.CausalityInterfaceForComposites._computeInputDepth(CausalityInterfaceForComposites.java:696)
	at ptolemy.actor.util.CausalityInterfaceForComposites._computeOutputPortDepth(CausalityInterfaceForComposites.java:765)
	at ptolemy.actor.util.CausalityInterfaceForComposites._computeInputDepth(CausalityInterfaceForComposites.java:696)
	at ptolemy.actor.util.CausalityInterfaceForComposites._computeOutputPortDepth(CausalityInterfaceForComposites.java:765)
	at ptolemy.actor.util.CausalityInterfaceForComposites._computeInputDepth(CausalityInterfaceForComposites.java:696)
	at ptolemy.actor.util.CausalityInterfaceForComposites._computeActorDepth(CausalityInterfaceForComposites.java:532)
	at ptolemy.actor.util.CausalityInterfaceForComposites.checkForCycles(CausalityInterfaceForComposites.java:96)
	at ptolemy.domains.de.kernel.DEDirector.preinitialize(DEDirector.java:1337)
	at ptolemy.actor.CompositeActor.preinitialize(CompositeActor.java:1828)
	at ptolemy.actor.Manager.preinitializeAndResolveTypes(Manager.java:1040)
	at ptolemy.actor.Manager.initialize(Manager.java:710)
	at ptolemy.actor.Manager.execute(Manager.java:356)
	at ptolemy.actor.Manager.run(Manager.java:1263)
	at ptolemy.actor.Manager$PtolemyRunThread.run(Manager.java:1915)

    while executing
ptolemy.kernel.util.IllegalActionException: Found a zero delay loop containing .dependencyLoop2.original
  in .dependencyLoop2 and .dependencyLoop2.original
    while executing
"java::new ptolemy.moml.MoMLSimpleApplication $file
"
    (procedure "createAndExecute" line 2)
    invoked from within
"createAndExecute $file"
    ("uplevel" body line 5)
    invoked from within
"uplevel $contents_of_test"
------------------ testing $PTII/ptolemy/domains/de/test/auto/knownFailedTests/HierarchicalModel.xml (Known Failure) 
6 ms. Memory: 146944K Free: 134449K (91%)


==== $PTIIhome/travis/build/icyphy/ptII/ptolemy/domains/de/test/../../../../: Auto Automatic test in file $PTII/ptolemy/domains/de/test/auto/knownFailedTests/HierarchicalModel.xml
==== Contents of test case:

	    # FIXME: we should use $relativeFilename here, but it
	    # might have backslashes under Windows, which causes no end
	    # of trouble.
	    createAndExecute $file
	    list {}
	
.... Test generated KNOWN error:
    while executing
ptolemy.kernel.util.IllegalActionException: Found a zero delay loop containing .HierarchicalModel.A
  in .HierarchicalModel and .HierarchicalModel.A
	at ptolemy.actor.util.CausalityInterfaceForComposites._computeOutputPortDepth(CausalityInterfaceForComposites.java:759)
	at ptolemy.actor.util.CausalityInterfaceForComposites._computeInputDepth(CausalityInterfaceForComposites.java:696)
	at ptolemy.actor.util.CausalityInterfaceForComposites._computeOutputPortDepth(CausalityInterfaceForComposites.java:765)
	at ptolemy.actor.util.CausalityInterfaceForComposites._computeInputDepth(CausalityInterfaceForComposites.java:696)
	at ptolemy.actor.util.CausalityInterfaceForComposites._computeOutputPortDepth(CausalityInterfaceForComposites.java:765)
	at ptolemy.actor.util.CausalityInterfaceForComposites._computeInputDepth(CausalityInterfaceForComposites.java:696)
	at ptolemy.actor.util.CausalityInterfaceForComposites._computeActorDepth(CausalityInterfaceForComposites.java:532)
	at ptolemy.actor.util.CausalityInterfaceForComposites.checkForCycles(CausalityInterfaceForComposites.java:96)
	at ptolemy.domains.de.kernel.DEDirector.preinitialize(DEDirector.java:1337)
	at ptolemy.actor.CompositeActor.preinitialize(CompositeActor.java:1828)
	at ptolemy.actor.Manager.preinitializeAndResolveTypes(Manager.java:1040)
	at ptolemy.actor.Manager.initialize(Manager.java:710)
	at ptolemy.actor.Manager.execute(Manager.java:356)
	at ptolemy.actor.Manager.run(Manager.java:1263)
	at ptolemy.actor.Manager$PtolemyRunThread.run(Manager.java:1915)

    while executing
ptolemy.kernel.util.IllegalActionException: Found a zero delay loop containing .HierarchicalModel.A
  in .HierarchicalModel and .HierarchicalModel.A
    while executing
"java::new ptolemy.moml.MoMLSimpleApplication $file
"
    (procedure "createAndExecute" line 2)
    invoked from within
"createAndExecute $file"
    ("uplevel" body line 5)
    invoked from within
"uplevel $contents_of_test"
------------------ testing $PTII/ptolemy/domains/de/test/auto/knownFailedTests/DirectFeedback.xml (Known Failure) 
6 ms. Memory: 146944K Free: 129430K (88%)


==== $PTIIhome/travis/build/icyphy/ptII/ptolemy/domains/de/test/../../../../: Auto Automatic test in file $PTII/ptolemy/domains/de/test/auto/knownFailedTests/DirectFeedback.xml
==== Contents of test case:

	    # FIXME: we should use $relativeFilename here, but it
	    # might have backslashes under Windows, which causes no end
	    # of trouble.
	    createAndExecute $file
	    list {}
	
.... Test generated KNOWN error:
    while executing
ptolemy.kernel.util.IllegalActionException: Test fails in iteration 1.
Value was: 1.0. Should have been: 2.0
  in .DirectFeedback.Test
	at ptolemy.actor.lib.Test.fire(Test.java:268)
	at ptolemy.domains.de.kernel.DEDirector._fire(DEDirector.java:1948)
	at ptolemy.domains.de.kernel.DEDirector.fire(DEDirector.java:502)
	at ptolemy.actor.CompositeActor.fire(CompositeActor.java:455)
	at ptolemy.actor.Manager.iterate(Manager.java:851)
	at ptolemy.actor.Manager.execute(Manager.java:369)
	at ptolemy.actor.Manager.run(Manager.java:1263)
	at ptolemy.actor.Manager$PtolemyRunThread.run(Manager.java:1915)

    while executing
ptolemy.kernel.util.IllegalActionException: Test fails in iteration 1.
Value was: 1.0. Should have been: 2.0
  in .DirectFeedback.Test
    while executing
"java::new ptolemy.moml.MoMLSimpleApplication $file
"
    (procedure "createAndExecute" line 2)
    invoked from within
"createAndExecute $file"
    ("uplevel" body line 5)
    invoked from within
"uplevel $contents_of_test"
------------------ testing $PTII/ptolemy/domains/de/test/auto/ActorDepthCalculation_actorWithoutPorts.xml
auto.tcl: Setting watchdog for 200 seconds at Sun May 13 01:03:12 UTC 2018
4 ms. Memory: 146944K Free: 121718K (83%)
ptolemy.util.test.WatchDog.cancel(): canceling Sun May 13 01:03:12 UTC 2018
auto.tcl: Setting watchdog for 200 seconds at Sun May 13 01:03:12 UTC 2018
4 ms. Memory: 146944K Free: 119622K (81%)
ptolemy.util.test.WatchDog.cancel(): canceling Sun May 13 01:03:12 UTC 2018
------------------ testing $PTII/ptolemy/domains/de/test/auto/AssemblyLine.xml
auto.tcl: Setting watchdog for 200 seconds at Sun May 13 01:03:12 UTC 2018
22 ms. Memory: 146944K Free: 127598K (87%)
ptolemy.util.test.WatchDog.cancel(): canceling Sun May 13 01:03:12 UTC 2018
auto.tcl: Setting watchdog for 200 seconds at Sun May 13 01:03:12 UTC 2018
7 ms. Memory: 146944K Free: 126558K (86%)
ptolemy.util.test.WatchDog.cancel(): canceling Sun May 13 01:03:12 UTC 2018
------------------ testing $PTII/ptolemy/domains/de/test/auto/CQBug1.xml
auto.tcl: Setting watchdog for 200 seconds at Sun May 13 01:03:13 UTC 2018
2 ms. Memory: 146944K Free: 138346K (94%)
ptolemy.util.test.WatchDog.cancel(): canceling Sun May 13 01:03:13 UTC 2018
auto.tcl: Setting watchdog for 200 seconds at Sun May 13 01:03:13 UTC 2018
2 ms. Memory: 146944K Free: 138346K (94%)
ptolemy.util.test.WatchDog.cancel(): canceling Sun May 13 01:03:13 UTC 2018
------------------ testing $PTII/ptolemy/domains/de/test/auto/CancelFireAt.xml
auto.tcl: Setting watchdog for 200 seconds at Sun May 13 01:03:13 UTC 2018
11 ms. Memory: 146944K Free: 140425K (96%)
ptolemy.util.test.WatchDog.cancel(): canceling Sun May 13 01:03:13 UTC 2018
auto.tcl: Setting watchdog for 200 seconds at Sun May 13 01:03:13 UTC 2018
2 ms. Memory: 146944K Free: 139384K (95%)
ptolemy.util.test.WatchDog.cancel(): canceling Sun May 13 01:03:13 UTC 2018
------------------ testing $PTII/ptolemy/domains/de/test/auto/CausalityAndComposabilityAnalysis.xml
auto.tcl: Setting watchdog for 200 seconds at Sun May 13 01:03:13 UTC 2018
13 ms. Memory: 146944K Free: 136997K (93%)
ptolemy.util.test.WatchDog.cancel(): canceling Sun May 13 01:03:13 UTC 2018
auto.tcl: Setting watchdog for 200 seconds at Sun May 13 01:03:13 UTC 2018
5 ms. Memory: 146944K Free: 136997K (93%)
ptolemy.util.test.WatchDog.cancel(): canceling Sun May 13 01:03:13 UTC 2018
------------------ testing $PTII/ptolemy/domains/de/test/auto/CausalityInterface1.xml
auto.tcl: Setting watchdog for 200 seconds at Sun May 13 01:03:13 UTC 2018
13 ms. Memory: 146944K Free: 136321K (93%)
ptolemy.util.test.WatchDog.cancel(): canceling Sun May 13 01:03:13 UTC 2018
auto.tcl: Setting watchdog for 200 seconds at Sun May 13 01:03:13 UTC 2018
3 ms. Memory: 146944K Free: 135280K (92%)
ptolemy.util.test.WatchDog.cancel(): canceling Sun May 13 01:03:13 UTC 2018
------------------ testing $PTII/ptolemy/domains/de/test/auto/CausalityInterface15.xml
auto.tcl: Setting watchdog for 200 seconds at Sun May 13 01:03:13 UTC 2018
8 ms. Memory: 146944K Free: 135272K (92%)
ptolemy.util.test.WatchDog.cancel(): canceling Sun May 13 01:03:13 UTC 2018
auto.tcl: Setting watchdog for 200 seconds at Sun May 13 01:03:13 UTC 2018
3 ms. Memory: 146944K Free: 134231K (91%)
ptolemy.util.test.WatchDog.cancel(): canceling Sun May 13 01:03:13 UTC 2018
------------------ testing $PTII/ptolemy/domains/de/test/auto/CausalityInterface2.xml
auto.tcl: Setting watchdog for 200 seconds at Sun May 13 01:03:13 UTC 2018
5 ms. Memory: 146944K Free: 136404K (93%)
ptolemy.util.test.WatchDog.cancel(): canceling Sun May 13 01:03:13 UTC 2018
auto.tcl: Setting watchdog for 200 seconds at Sun May 13 01:03:13 UTC 2018
3 ms. Memory: 146944K Free: 136404K (93%)
ptolemy.util.test.WatchDog.cancel(): canceling Sun May 13 01:03:13 UTC 2018
------------------ testing $PTII/ptolemy/domains/de/test/auto/CausalityInterface3.xml
auto.tcl: Setting watchdog for 200 seconds at Sun May 13 01:03:13 UTC 2018
7 ms. Memory: 146944K Free: 136308K (93%)
ptolemy.util.test.WatchDog.cancel(): canceling Sun May 13 01:03:13 UTC 2018
auto.tcl: Setting watchdog for 200 seconds at Sun May 13 01:03:13 UTC 2018
5 ms. Memory: 146944K Free: 135267K (92%)
ptolemy.util.test.WatchDog.cancel(): canceling Sun May 13 01:03:13 UTC 2018
------------------ testing $PTII/ptolemy/domains/de/test/auto/ClockDrift.xml
auto.tcl: Setting watchdog for 200 seconds at Sun May 13 01:03:13 UTC 2018
53 ms. Memory: 146944K Free: 128211K (87%)
ptolemy.util.test.WatchDog.cancel(): canceling Sun May 13 01:03:13 UTC 2018
auto.tcl: Setting watchdog for 200 seconds at Sun May 13 01:03:13 UTC 2018
42 ms. Memory: 146944K Free: 125091K (85%)
ptolemy.util.test.WatchDog.cancel(): canceling Sun May 13 01:03:13 UTC 2018
------------------ testing $PTII/ptolemy/domains/de/test/auto/ClockDriftAndValueChange.xml
auto.tcl: Setting watchdog for 200 seconds at Sun May 13 01:03:13 UTC 2018
67 ms. Memory: 146944K Free: 128050K (87%)
ptolemy.util.test.WatchDog.cancel(): canceling Sun May 13 01:03:14 UTC 2018
auto.tcl: Setting watchdog for 200 seconds at Sun May 13 01:03:14 UTC 2018
34 ms. Memory: 146944K Free: 124929K (85%)
ptolemy.util.test.WatchDog.cancel(): canceling Sun May 13 01:03:14 UTC 2018
------------------ testing $PTII/ptolemy/domains/de/test/auto/ClockDriftChange.xml
auto.tcl: Setting watchdog for 200 seconds at Sun May 13 01:03:14 UTC 2018
21 ms. Memory: 146944K Free: 130721K (89%)
ptolemy.util.test.WatchDog.cancel(): canceling Sun May 13 01:03:14 UTC 2018
auto.tcl: Setting watchdog for 200 seconds at Sun May 13 01:03:14 UTC 2018
17 ms. Memory: 146944K Free: 127600K (87%)
ptolemy.util.test.WatchDog.cancel(): canceling Sun May 13 01:03:14 UTC 2018
------------------ testing $PTII/ptolemy/domains/de/test/auto/ComposableCausalityAnalysis.xml
auto.tcl: Setting watchdog for 200 seconds at Sun May 13 01:03:14 UTC 2018
2 ms. Memory: 146944K Free: 135233K (92%)
ptolemy.util.test.WatchDog.cancel(): canceling Sun May 13 01:03:14 UTC 2018
auto.tcl: Setting watchdog for 200 seconds at Sun May 13 01:03:14 UTC 2018
2 ms. Memory: 146944K Free: 134193K (91%)
ptolemy.util.test.WatchDog.cancel(): canceling Sun May 13 01:03:14 UTC 2018
------------------ testing $PTII/ptolemy/domains/de/test/auto/DEFixedPointLimitation.xml
auto.tcl: Setting watchdog for 200 seconds at Sun May 13 01:03:14 UTC 2018
1 ms. Memory: 146944K Free: 136244K (93%)
ptolemy.util.test.WatchDog.cancel(): canceling Sun May 13 01:03:14 UTC 2018
auto.tcl: Setting watchdog for 200 seconds at Sun May 13 01:03:14 UTC 2018
1 ms. Memory: 146944K Free: 136244K (93%)
ptolemy.util.test.WatchDog.cancel(): canceling Sun May 13 01:03:14 UTC 2018
------------------ testing $PTII/ptolemy/domains/de/test/auto/DEScheduleTest.xml
auto.tcl: Setting watchdog for 200 seconds at Sun May 13 01:03:14 UTC 2018
3 ms. Memory: 146944K Free: 137320K (93%)
ptolemy.util.test.WatchDog.cancel(): canceling Sun May 13 01:03:14 UTC 2018
auto.tcl: Setting watchdog for 200 seconds at Sun May 13 01:03:14 UTC 2018
5 ms. Memory: 146944K Free: 136280K (93%)
ptolemy.util.test.WatchDog.cancel(): canceling Sun May 13 01:03:14 UTC 2018
------------------ testing $PTII/ptolemy/domains/de/test/auto/DEinDEwithStartTimes.xml
auto.tcl: Setting watchdog for 200 seconds at Sun May 13 01:03:14 UTC 2018
9 ms. Memory: 146944K Free: 135209K (92%)
ptolemy.util.test.WatchDog.cancel(): canceling Sun May 13 01:03:14 UTC 2018
auto.tcl: Setting watchdog for 200 seconds at Sun May 13 01:03:14 UTC 2018
3 ms. Memory: 146944K Free: 134169K (91%)
ptolemy.util.test.WatchDog.cancel(): canceling Sun May 13 01:03:14 UTC 2018
------------------ testing $PTII/ptolemy/domains/de/test/auto/DEinDEwithStartTimes2.xml
auto.tcl: Setting watchdog for 200 seconds at Sun May 13 01:03:14 UTC 2018
4 ms. Memory: 146944K Free: 135189K (92%)
ptolemy.util.test.WatchDog.cancel(): canceling Sun May 13 01:03:14 UTC 2018
auto.tcl: Setting watchdog for 200 seconds at Sun May 13 01:03:14 UTC 2018
3 ms. Memory: 146944K Free: 134149K (91%)
ptolemy.util.test.WatchDog.cancel(): canceling Sun May 13 01:03:14 UTC 2018
------------------ testing $PTII/ptolemy/domains/de/test/auto/DateDemo.xml
auto.tcl: Setting watchdog for 200 seconds at Sun May 13 01:03:14 UTC 2018
10 ms. Memory: 146944K Free: 129332K (88%)
ptolemy.util.test.WatchDog.cancel(): canceling Sun May 13 01:03:14 UTC 2018
auto.tcl: Setting watchdog for 200 seconds at Sun May 13 01:03:14 UTC 2018
8 ms. Memory: 146944K Free: 127251K (87%)
ptolemy.util.test.WatchDog.cancel(): canceling Sun May 13 01:03:14 UTC 2018
------------------ testing $PTII/ptolemy/domains/de/test/auto/DateToEvent.xml
auto.tcl: Setting watchdog for 200 seconds at Sun May 13 01:03:14 UTC 2018
2011 ms. Memory: 146944K Free: 123515K (84%)
ptolemy.util.test.WatchDog.cancel(): canceling Sun May 13 01:03:16 UTC 2018
auto.tcl: Setting watchdog for 200 seconds at Sun May 13 01:03:16 UTC 2018
2007 ms. Memory: 146944K Free: 122474K (83%)
ptolemy.util.test.WatchDog.cancel(): canceling Sun May 13 01:03:18 UTC 2018
------------------ testing $PTII/ptolemy/domains/de/test/auto/DepthTest1.xml
auto.tcl: Setting watchdog for 200 seconds at Sun May 13 01:03:19 UTC 2018
4 ms. Memory: 146944K Free: 138504K (94%)
ptolemy.util.test.WatchDog.cancel(): canceling Sun May 13 01:03:19 UTC 2018
auto.tcl: Setting watchdog for 200 seconds at Sun May 13 01:03:19 UTC 2018
2 ms. Memory: 146944K Free: 138504K (94%)
ptolemy.util.test.WatchDog.cancel(): canceling Sun May 13 01:03:19 UTC 2018
------------------ testing $PTII/ptolemy/domains/de/test/auto/DepthTest2.xml
auto.tcl: Setting watchdog for 200 seconds at Sun May 13 01:03:19 UTC 2018
9 ms. Memory: 146944K Free: 134238K (91%)
ptolemy.util.test.WatchDog.cancel(): canceling Sun May 13 01:03:19 UTC 2018
auto.tcl: Setting watchdog for 200 seconds at Sun May 13 01:03:19 UTC 2018
3 ms. Memory: 146944K Free: 134238K (91%)
ptolemy.util.test.WatchDog.cancel(): canceling Sun May 13 01:03:19 UTC 2018
------------------ testing $PTII/ptolemy/domains/de/test/auto/DepthTest3.xml
auto.tcl: Setting watchdog for 200 seconds at Sun May 13 01:03:19 UTC 2018
3 ms. Memory: 146944K Free: 138836K (94%)
ptolemy.util.test.WatchDog.cancel(): canceling Sun May 13 01:03:19 UTC 2018
auto.tcl: Setting watchdog for 200 seconds at Sun May 13 01:03:19 UTC 2018
1 ms. Memory: 146944K Free: 138836K (94%)
ptolemy.util.test.WatchDog.cancel(): canceling Sun May 13 01:03:19 UTC 2018
------------------ testing $PTII/ptolemy/domains/de/test/auto/DepthTest4.xml
auto.tcl: Setting watchdog for 200 seconds at Sun May 13 01:03:19 UTC 2018
8 ms. Memory: 146944K Free: 136228K (93%)
ptolemy.util.test.WatchDog.cancel(): canceling Sun May 13 01:03:19 UTC 2018
auto.tcl: Setting watchdog for 200 seconds at Sun May 13 01:03:19 UTC 2018
2 ms. Memory: 146944K Free: 135188K (92%)
ptolemy.util.test.WatchDog.cancel(): canceling Sun May 13 01:03:19 UTC 2018
------------------ testing $PTII/ptolemy/domains/de/test/auto/DepthTest5.xml
auto.tcl: Setting watchdog for 200 seconds at Sun May 13 01:03:19 UTC 2018
5 ms. Memory: 146944K Free: 135135K (92%)
ptolemy.util.test.WatchDog.cancel(): canceling Sun May 13 01:03:19 UTC 2018
auto.tcl: Setting watchdog for 200 seconds at Sun May 13 01:03:19 UTC 2018
7 ms. Memory: 146944K Free: 135135K (92%)
ptolemy.util.test.WatchDog.cancel(): canceling Sun May 13 01:03:19 UTC 2018
------------------ testing $PTII/ptolemy/domains/de/test/auto/DepthTest6.xml
auto.tcl: Setting watchdog for 200 seconds at Sun May 13 01:03:19 UTC 2018
7 ms. Memory: 146944K Free: 135096K (92%)
ptolemy.util.test.WatchDog.cancel(): canceling Sun May 13 01:03:19 UTC 2018
auto.tcl: Setting watchdog for 200 seconds at Sun May 13 01:03:19 UTC 2018
2 ms. Memory: 146944K Free: 135096K (92%)
ptolemy.util.test.WatchDog.cancel(): canceling Sun May 13 01:03:19 UTC 2018
------------------ testing $PTII/ptolemy/domains/de/test/auto/DepthTest7.xml
auto.tcl: Setting watchdog for 200 seconds at Sun May 13 01:03:19 UTC 2018
2 ms. Memory: 146944K Free: 136133K (93%)
ptolemy.util.test.WatchDog.cancel(): canceling Sun May 13 01:03:19 UTC 2018
auto.tcl: Setting watchdog for 200 seconds at Sun May 13 01:03:19 UTC 2018
1 ms. Memory: 146944K Free: 135093K (92%)
ptolemy.util.test.WatchDog.cancel(): canceling Sun May 13 01:03:19 UTC 2018
------------------ testing $PTII/ptolemy/domains/de/test/auto/EventToDate.xml
auto.tcl: Setting watchdog for 200 seconds at Sun May 13 01:03:19 UTC 2018
3005 ms. Memory: 146944K Free: 124523K (85%)
ptolemy.util.test.WatchDog.cancel(): canceling Sun May 13 01:03:22 UTC 2018
auto.tcl: Setting watchdog for 200 seconds at Sun May 13 01:03:22 UTC 2018
3004 ms. Memory: 146944K Free: 124523K (85%)
ptolemy.util.test.WatchDog.cancel(): canceling Sun May 13 01:03:25 UTC 2018
------------------ testing $PTII/ptolemy/domains/de/test/auto/FSM1.xml
auto.tcl: Setting watchdog for 200 seconds at Sun May 13 01:03:25 UTC 2018
37 ms. Memory: 146944K Free: 127112K (87%)
ptolemy.util.test.WatchDog.cancel(): canceling Sun May 13 01:03:25 UTC 2018
auto.tcl: Setting watchdog for 200 seconds at Sun May 13 01:03:25 UTC 2018
14 ms. Memory: 146944K Free: 123991K (84%)
ptolemy.util.test.WatchDog.cancel(): canceling Sun May 13 01:03:25 UTC 2018
------------------ testing $PTII/ptolemy/domains/de/test/auto/FSM7.xml
auto.tcl: Setting watchdog for 200 seconds at Sun May 13 01:03:25 UTC 2018
13 ms. Memory: 146944K Free: 127319K (87%)
ptolemy.util.test.WatchDog.cancel(): canceling Sun May 13 01:03:25 UTC 2018
auto.tcl: Setting watchdog for 200 seconds at Sun May 13 01:03:25 UTC 2018
13 ms. Memory: 146944K Free: 124198K (85%)
ptolemy.util.test.WatchDog.cancel(): canceling Sun May 13 01:03:25 UTC 2018
------------------ testing $PTII/ptolemy/domains/de/test/auto/Inspection.xml
auto.tcl: Setting watchdog for 200 seconds at Sun May 13 01:03:25 UTC 2018
43 ms. Memory: 146944K Free: 127493K (87%)
ptolemy.util.test.WatchDog.cancel(): canceling Sun May 13 01:03:25 UTC 2018
auto.tcl: Setting watchdog for 200 seconds at Sun May 13 01:03:25 UTC 2018
29 ms. Memory: 146944K Free: 125412K (85%)
ptolemy.util.test.WatchDog.cancel(): canceling Sun May 13 01:03:25 UTC 2018
------------------ testing $PTII/ptolemy/domains/de/test/auto/Iteration.xml
auto.tcl: Setting watchdog for 200 seconds at Sun May 13 01:03:26 UTC 2018
8 ms. Memory: 146944K Free: 133971K (91%)
ptolemy.util.test.WatchDog.cancel(): canceling Sun May 13 01:03:26 UTC 2018
auto.tcl: Setting watchdog for 200 seconds at Sun May 13 01:03:26 UTC 2018
6 ms. Memory: 146944K Free: 132931K (90%)
ptolemy.util.test.WatchDog.cancel(): canceling Sun May 13 01:03:26 UTC 2018
------------------ testing $PTII/ptolemy/domains/de/test/auto/LineFault.xml
auto.tcl: Setting watchdog for 200 seconds at Sun May 13 01:03:26 UTC 2018
676 ms. Memory: 146944K Free: 138199K (94%)
ptolemy.util.test.WatchDog.cancel(): canceling Sun May 13 01:03:27 UTC 2018
auto.tcl: Setting watchdog for 200 seconds at Sun May 13 01:03:27 UTC 2018
561 ms. Memory: 146944K Free: 82282K (56%)
ptolemy.util.test.WatchDog.cancel(): canceling Sun May 13 01:03:27 UTC 2018
------------------ testing $PTII/ptolemy/domains/de/test/auto/MergeModel1Add.xml
auto.tcl: Setting watchdog for 200 seconds at Sun May 13 01:03:27 UTC 2018
14 ms. Memory: 209920K Free: 180446K (86%)
ptolemy.util.test.WatchDog.cancel(): canceling Sun May 13 01:03:27 UTC 2018
auto.tcl: Setting watchdog for 200 seconds at Sun May 13 01:03:27 UTC 2018
10 ms. Memory: 209920K Free: 178565K (85%)
ptolemy.util.test.WatchDog.cancel(): canceling Sun May 13 01:03:27 UTC 2018
------------------ testing $PTII/ptolemy/domains/de/test/auto/MergeModel2Add.xml
auto.tcl: Setting watchdog for 200 seconds at Sun May 13 01:03:27 UTC 2018
10 ms. Memory: 210432K Free: 182295K (87%)
ptolemy.util.test.WatchDog.cancel(): canceling Sun May 13 01:03:27 UTC 2018
auto.tcl: Setting watchdog for 200 seconds at Sun May 13 01:03:27 UTC 2018
12 ms. Memory: 210432K Free: 182295K (87%)
ptolemy.util.test.WatchDog.cancel(): canceling Sun May 13 01:03:27 UTC 2018
------------------ testing $PTII/ptolemy/domains/de/test/auto/MergeModel3Add.xml
auto.tcl: Setting watchdog for 200 seconds at Sun May 13 01:03:27 UTC 2018
12 ms. Memory: 209920K Free: 183611K (87%)
ptolemy.util.test.WatchDog.cancel(): canceling Sun May 13 01:03:28 UTC 2018
auto.tcl: Setting watchdog for 200 seconds at Sun May 13 01:03:28 UTC 2018
9 ms. Memory: 209920K Free: 181722K (87%)
ptolemy.util.test.WatchDog.cancel(): canceling Sun May 13 01:03:28 UTC 2018
------------------ testing $PTII/ptolemy/domains/de/test/auto/MergeWithoutDiscard.xml
auto.tcl: Setting watchdog for 200 seconds at Sun May 13 01:03:28 UTC 2018
4 ms. Memory: 210432K Free: 198718K (94%)
ptolemy.util.test.WatchDog.cancel(): canceling Sun May 13 01:03:28 UTC 2018
auto.tcl: Setting watchdog for 200 seconds at Sun May 13 01:03:28 UTC 2018
2 ms. Memory: 210432K Free: 198718K (94%)
ptolemy.util.test.WatchDog.cancel(): canceling Sun May 13 01:03:28 UTC 2018
------------------ testing $PTII/ptolemy/domains/de/test/auto/Modal1.xml
auto.tcl: Setting watchdog for 200 seconds at Sun May 13 01:03:28 UTC 2018
21 ms. Memory: 210432K Free: 190729K (91%)
ptolemy.util.test.WatchDog.cancel(): canceling Sun May 13 01:03:28 UTC 2018
auto.tcl: Setting watchdog for 200 seconds at Sun May 13 01:03:28 UTC 2018
17 ms. Memory: 210432K Free: 186951K (89%)
ptolemy.util.test.WatchDog.cancel(): canceling Sun May 13 01:03:28 UTC 2018
------------------ testing $PTII/ptolemy/domains/de/test/auto/Modal2.xml
auto.tcl: Setting watchdog for 200 seconds at Sun May 13 01:03:28 UTC 2018
11 ms. Memory: 210432K Free: 190603K (91%)
ptolemy.util.test.WatchDog.cancel(): canceling Sun May 13 01:03:28 UTC 2018
auto.tcl: Setting watchdog for 200 seconds at Sun May 13 01:03:28 UTC 2018
10 ms. Memory: 210432K Free: 186825K (89%)
ptolemy.util.test.WatchDog.cancel(): canceling Sun May 13 01:03:28 UTC 2018
------------------ testing $PTII/ptolemy/domains/de/test/auto/Modal3.xml
auto.tcl: Setting watchdog for 200 seconds at Sun May 13 01:03:28 UTC 2018
15 ms. Memory: 210432K Free: 190698K (91%)
ptolemy.util.test.WatchDog.cancel(): canceling Sun May 13 01:03:28 UTC 2018
auto.tcl: Setting watchdog for 200 seconds at Sun May 13 01:03:28 UTC 2018
13 ms. Memory: 210432K Free: 186824K (89%)
ptolemy.util.test.WatchDog.cancel(): canceling Sun May 13 01:03:28 UTC 2018
------------------ testing $PTII/ptolemy/domains/de/test/auto/Modal4.xml
auto.tcl: Setting watchdog for 200 seconds at Sun May 13 01:03:28 UTC 2018
23 ms. Memory: 208384K Free: 188550K (90%)
ptolemy.util.test.WatchDog.cancel(): canceling Sun May 13 01:03:28 UTC 2018
auto.tcl: Setting watchdog for 200 seconds at Sun May 13 01:03:28 UTC 2018
18 ms. Memory: 208384K Free: 184772K (89%)
ptolemy.util.test.WatchDog.cancel(): canceling Sun May 13 01:03:28 UTC 2018
------------------ testing $PTII/ptolemy/domains/de/test/auto/Modal5.xml
auto.tcl: Setting watchdog for 200 seconds at Sun May 13 01:03:28 UTC 2018
18 ms. Memory: 209920K Free: 190168K (91%)
ptolemy.util.test.WatchDog.cancel(): canceling Sun May 13 01:03:28 UTC 2018
auto.tcl: Setting watchdog for 200 seconds at Sun May 13 01:03:28 UTC 2018
13 ms. Memory: 209920K Free: 186390K (89%)
ptolemy.util.test.WatchDog.cancel(): canceling Sun May 13 01:03:28 UTC 2018
------------------ testing $PTII/ptolemy/domains/de/test/auto/Modal6.xml
auto.tcl: Setting watchdog for 200 seconds at Sun May 13 01:03:28 UTC 2018
12 ms. Memory: 209920K Free: 190166K (91%)
ptolemy.util.test.WatchDog.cancel(): canceling Sun May 13 01:03:28 UTC 2018
auto.tcl: Setting watchdog for 200 seconds at Sun May 13 01:03:28 UTC 2018
14 ms. Memory: 209920K Free: 186292K (89%)
ptolemy.util.test.WatchDog.cancel(): canceling Sun May 13 01:03:28 UTC 2018
------------------ testing $PTII/ptolemy/domains/de/test/auto/Modal7.xml
auto.tcl: Setting watchdog for 200 seconds at Sun May 13 01:03:28 UTC 2018
15 ms. Memory: 209920K Free: 188183K (90%)
ptolemy.util.test.WatchDog.cancel(): canceling Sun May 13 01:03:28 UTC 2018
auto.tcl: Setting watchdog for 200 seconds at Sun May 13 01:03:28 UTC 2018
10 ms. Memory: 209920K Free: 186294K (89%)
ptolemy.util.test.WatchDog.cancel(): canceling Sun May 13 01:03:28 UTC 2018
------------------ testing $PTII/ptolemy/domains/de/test/auto/ModalModel.xml
auto.tcl: Setting watchdog for 200 seconds at Sun May 13 01:03:28 UTC 2018
203 ms. Memory: 209920K Free: 129772K (62%)
ptolemy.util.test.WatchDog.cancel(): canceling Sun May 13 01:03:29 UTC 2018
auto.tcl: Setting watchdog for 200 seconds at Sun May 13 01:03:29 UTC 2018
170 ms. Memory: 209920K Free: 197429K (94%)
ptolemy.util.test.WatchDog.cancel(): canceling Sun May 13 01:03:29 UTC 2018
------------------ testing $PTII/ptolemy/domains/de/test/auto/ModalSource.xml
auto.tcl: Setting watchdog for 200 seconds at Sun May 13 01:03:29 UTC 2018
5 ms. Memory: 209920K Free: 195185K (93%)
ptolemy.util.test.WatchDog.cancel(): canceling Sun May 13 01:03:29 UTC 2018
auto.tcl: Setting watchdog for 200 seconds at Sun May 13 01:03:29 UTC 2018
5 ms. Memory: 209920K Free: 193450K (92%)
ptolemy.util.test.WatchDog.cancel(): canceling Sun May 13 01:03:29 UTC 2018
------------------ testing $PTII/ptolemy/domains/de/test/auto/NonInterruptibleTimerZeroDelay.xml
auto.tcl: Setting watchdog for 200 seconds at Sun May 13 01:03:29 UTC 2018
3 ms. Memory: 336896K Free: 326346K (97%)
ptolemy.util.test.WatchDog.cancel(): canceling Sun May 13 01:03:29 UTC 2018
auto.tcl: Setting watchdog for 200 seconds at Sun May 13 01:03:29 UTC 2018
3 ms. Memory: 336896K Free: 322875K (96%)
ptolemy.util.test.WatchDog.cancel(): canceling Sun May 13 01:03:29 UTC 2018
------------------ testing $PTII/ptolemy/domains/de/test/auto/OpenQueueingNetwork.xml
auto.tcl: Setting watchdog for 200 seconds at Sun May 13 01:03:29 UTC 2018
2647 ms. Memory: 336384K Free: 190870K (57%)
ptolemy.util.test.WatchDog.cancel(): canceling Sun May 13 01:03:32 UTC 2018
auto.tcl: Setting watchdog for 200 seconds at Sun May 13 01:03:32 UTC 2018
2368 ms. Memory: 314880K Free: 93224K (30%)
ptolemy.util.test.WatchDog.cancel(): canceling Sun May 13 01:03:34 UTC 2018
------------------ testing $PTII/ptolemy/domains/de/test/auto/OpenQueuingNetwork.xml
auto.tcl: Setting watchdog for 200 seconds at Sun May 13 01:03:34 UTC 2018
233 ms. Memory: 313344K Free: 213252K (68%)
ptolemy.util.test.WatchDog.cancel(): canceling Sun May 13 01:03:35 UTC 2018
auto.tcl: Setting watchdog for 200 seconds at Sun May 13 01:03:35 UTC 2018
227 ms. Memory: 313344K Free: 152060K (49%)
ptolemy.util.test.WatchDog.cancel(): canceling Sun May 13 01:03:35 UTC 2018
------------------ testing $PTII/ptolemy/domains/de/test/auto/PeriodicSampler.xml
auto.tcl: Setting watchdog for 200 seconds at Sun May 13 01:03:35 UTC 2018
3 ms. Memory: 314880K Free: 301849K (96%)
ptolemy.util.test.WatchDog.cancel(): canceling Sun May 13 01:03:35 UTC 2018
auto.tcl: Setting watchdog for 200 seconds at Sun May 13 01:03:35 UTC 2018
1 ms. Memory: 314880K Free: 298590K (95%)
ptolemy.util.test.WatchDog.cancel(): canceling Sun May 13 01:03:35 UTC 2018
------------------ testing $PTII/ptolemy/domains/de/test/auto/PersistentIO.xml
auto.tcl: Setting watchdog for 200 seconds at Sun May 13 01:03:35 UTC 2018
21 ms. Memory: 313344K Free: 294409K (94%)
ptolemy.util.test.WatchDog.cancel(): canceling Sun May 13 01:03:35 UTC 2018
auto.tcl: Setting watchdog for 200 seconds at Sun May 13 01:03:35 UTC 2018
4 ms. Memory: 313344K Free: 291166K (93%)
ptolemy.util.test.WatchDog.cancel(): canceling Sun May 13 01:03:35 UTC 2018
------------------ testing $PTII/ptolemy/domains/de/test/auto/PortParameterResetOnInitialize.xml
auto.tcl: Setting watchdog for 200 seconds at Sun May 13 01:03:35 UTC 2018
2 ms. Memory: 314880K Free: 301322K (96%)
ptolemy.util.test.WatchDog.cancel(): canceling Sun May 13 01:03:35 UTC 2018
auto.tcl: Setting watchdog for 200 seconds at Sun May 13 01:03:35 UTC 2018
2 ms. Memory: 314880K Free: 301322K (96%)
ptolemy.util.test.WatchDog.cancel(): canceling Sun May 13 01:03:35 UTC 2018
------------------ testing $PTII/ptolemy/domains/de/test/auto/PortParameterUpdates.xml
auto.tcl: Setting watchdog for 200 seconds at Sun May 13 01:03:35 UTC 2018
5 ms. Memory: 313344K Free: 299935K (96%)
ptolemy.util.test.WatchDog.cancel(): canceling Sun May 13 01:03:35 UTC 2018
auto.tcl: Setting watchdog for 200 seconds at Sun May 13 01:03:35 UTC 2018
5 ms. Memory: 313344K Free: 296683K (95%)
ptolemy.util.test.WatchDog.cancel(): canceling Sun May 13 01:03:35 UTC 2018
------------------ testing $PTII/ptolemy/domains/de/test/auto/QueueAndServer.xml
auto.tcl: Setting watchdog for 200 seconds at Sun May 13 01:03:35 UTC 2018
17 ms. Memory: 314368K Free: 300954K (96%)
ptolemy.util.test.WatchDog.cancel(): canceling Sun May 13 01:03:35 UTC 2018
auto.tcl: Setting watchdog for 200 seconds at Sun May 13 01:03:35 UTC 2018
9 ms. Memory: 314368K Free: 297662K (95%)
ptolemy.util.test.WatchDog.cancel(): canceling Sun May 13 01:03:35 UTC 2018
------------------ testing $PTII/ptolemy/domains/de/test/auto/Records.xml
auto.tcl: Setting watchdog for 200 seconds at Sun May 13 01:03:35 UTC 2018
4 ms. Memory: 313344K Free: 299824K (96%)
ptolemy.util.test.WatchDog.cancel(): canceling Sun May 13 01:03:35 UTC 2018
auto.tcl: Setting watchdog for 200 seconds at Sun May 13 01:03:35 UTC 2018
2 ms. Memory: 313344K Free: 299824K (96%)
ptolemy.util.test.WatchDog.cancel(): canceling Sun May 13 01:03:35 UTC 2018
------------------ testing $PTII/ptolemy/domains/de/test/auto/ResetTransitionWithStartTime1.xml
auto.tcl: Setting watchdog for 200 seconds at Sun May 13 01:03:35 UTC 2018
8 ms. Memory: 314368K Free: 297679K (95%)
ptolemy.util.test.WatchDog.cancel(): canceling Sun May 13 01:03:35 UTC 2018
auto.tcl: Setting watchdog for 200 seconds at Sun May 13 01:03:35 UTC 2018
5 ms. Memory: 314368K Free: 297631K (95%)
ptolemy.util.test.WatchDog.cancel(): canceling Sun May 13 01:03:35 UTC 2018
------------------ testing $PTII/ptolemy/domains/de/test/auto/ResetTransitionWithStartTime2.xml
auto.tcl: Setting watchdog for 200 seconds at Sun May 13 01:03:35 UTC 2018
5 ms. Memory: 313344K Free: 296630K (95%)
ptolemy.util.test.WatchDog.cancel(): canceling Sun May 13 01:03:35 UTC 2018
auto.tcl: Setting watchdog for 200 seconds at Sun May 13 01:03:35 UTC 2018
4 ms. Memory: 313344K Free: 296630K (95%)
ptolemy.util.test.WatchDog.cancel(): canceling Sun May 13 01:03:35 UTC 2018
------------------ testing $PTII/ptolemy/domains/de/test/auto/ResetTransitionWithStartTime3.xml
auto.tcl: Setting watchdog for 200 seconds at Sun May 13 01:03:36 UTC 2018
5 ms. Memory: 314368K Free: 297605K (95%)
ptolemy.util.test.WatchDog.cancel(): canceling Sun May 13 01:03:36 UTC 2018
auto.tcl: Setting watchdog for 200 seconds at Sun May 13 01:03:36 UTC 2018
6 ms. Memory: 314368K Free: 297605K (95%)
ptolemy.util.test.WatchDog.cancel(): canceling Sun May 13 01:03:36 UTC 2018
------------------ testing $PTII/ptolemy/domains/de/test/auto/ResetTransitionWithStartTime4.xml
auto.tcl: Setting watchdog for 200 seconds at Sun May 13 01:03:36 UTC 2018
4 ms. Memory: 313344K Free: 292004K (93%)
ptolemy.util.test.WatchDog.cancel(): canceling Sun May 13 01:03:36 UTC 2018
auto.tcl: Setting watchdog for 200 seconds at Sun May 13 01:03:36 UTC 2018
4 ms. Memory: 313344K Free: 292004K (93%)
ptolemy.util.test.WatchDog.cancel(): canceling Sun May 13 01:03:36 UTC 2018
------------------ testing $PTII/ptolemy/domains/de/test/auto/ResettableTimer1.xml
auto.tcl: Setting watchdog for 200 seconds at Sun May 13 01:03:36 UTC 2018
3 ms. Memory: 313856K Free: 300362K (96%)
ptolemy.util.test.WatchDog.cancel(): canceling Sun May 13 01:03:36 UTC 2018
auto.tcl: Setting watchdog for 200 seconds at Sun May 13 01:03:36 UTC 2018
2 ms. Memory: 313856K Free: 300362K (96%)
ptolemy.util.test.WatchDog.cancel(): canceling Sun May 13 01:03:36 UTC 2018
------------------ testing $PTII/ptolemy/domains/de/test/auto/ResettableTimer2.xml
auto.tcl: Setting watchdog for 200 seconds at Sun May 13 01:03:36 UTC 2018
1 ms. Memory: 313344K Free: 299940K (96%)
ptolemy.util.test.WatchDog.cancel(): canceling Sun May 13 01:03:36 UTC 2018
auto.tcl: Setting watchdog for 200 seconds at Sun May 13 01:03:36 UTC 2018
2 ms. Memory: 313344K Free: 299940K (96%)
ptolemy.util.test.WatchDog.cancel(): canceling Sun May 13 01:03:36 UTC 2018
------------------ testing $PTII/ptolemy/domains/de/test/auto/ResettableTimer3.xml
auto.tcl: Setting watchdog for 200 seconds at Sun May 13 01:03:36 UTC 2018
1 ms. Memory: 313856K Free: 300411K (96%)
ptolemy.util.test.WatchDog.cancel(): canceling Sun May 13 01:03:36 UTC 2018
auto.tcl: Setting watchdog for 200 seconds at Sun May 13 01:03:36 UTC 2018
1 ms. Memory: 313856K Free: 300411K (96%)
ptolemy.util.test.WatchDog.cancel(): canceling Sun May 13 01:03:36 UTC 2018
------------------ testing $PTII/ptolemy/domains/de/test/auto/ResettableTimer4.xml
auto.tcl: Setting watchdog for 200 seconds at Sun May 13 01:03:36 UTC 2018
1 ms. Memory: 313344K Free: 299960K (96%)
ptolemy.util.test.WatchDog.cancel(): canceling Sun May 13 01:03:36 UTC 2018
auto.tcl: Setting watchdog for 200 seconds at Sun May 13 01:03:36 UTC 2018
1 ms. Memory: 313344K Free: 299960K (96%)
ptolemy.util.test.WatchDog.cancel(): canceling Sun May 13 01:03:36 UTC 2018
------------------ testing $PTII/ptolemy/domains/de/test/auto/ResettableTimer5.xml
auto.tcl: Setting watchdog for 200 seconds at Sun May 13 01:03:36 UTC 2018
1 ms. Memory: 313856K Free: 298095K (95%)
ptolemy.util.test.WatchDog.cancel(): canceling Sun May 13 01:03:36 UTC 2018
auto.tcl: Setting watchdog for 200 seconds at Sun May 13 01:03:36 UTC 2018
1 ms. Memory: 313856K Free: 298095K (95%)
ptolemy.util.test.WatchDog.cancel(): canceling Sun May 13 01:03:36 UTC 2018
------------------ testing $PTII/ptolemy/domains/de/test/auto/ResettableTimer6.xml
auto.tcl: Setting watchdog for 200 seconds at Sun May 13 01:03:36 UTC 2018
4 ms. Memory: 313344K Free: 299852K (96%)
ptolemy.util.test.WatchDog.cancel(): canceling Sun May 13 01:03:36 UTC 2018
auto.tcl: Setting watchdog for 200 seconds at Sun May 13 01:03:36 UTC 2018
2 ms. Memory: 313344K Free: 299852K (96%)
ptolemy.util.test.WatchDog.cancel(): canceling Sun May 13 01:03:36 UTC 2018
------------------ testing $PTII/ptolemy/domains/de/test/auto/ServerZeroDelay.xml
auto.tcl: Setting watchdog for 200 seconds at Sun May 13 01:03:36 UTC 2018
3 ms. Memory: 313856K Free: 303662K (97%)
ptolemy.util.test.WatchDog.cancel(): canceling Sun May 13 01:03:36 UTC 2018
auto.tcl: Setting watchdog for 200 seconds at Sun May 13 01:03:36 UTC 2018
2 ms. Memory: 313856K Free: 300402K (96%)
ptolemy.util.test.WatchDog.cancel(): canceling Sun May 13 01:03:36 UTC 2018
------------------ testing $PTII/ptolemy/domains/de/test/auto/SmartSender.xml
auto.tcl: Setting watchdog for 200 seconds at Sun May 13 01:03:36 UTC 2018
3002 ms. Memory: 313344K Free: 299885K (96%)
ptolemy.util.test.WatchDog.cancel(): canceling Sun May 13 01:03:39 UTC 2018
auto.tcl: Setting watchdog for 200 seconds at Sun May 13 01:03:39 UTC 2018
3003 ms. Memory: 313344K Free: 299885K (96%)
ptolemy.util.test.WatchDog.cancel(): canceling Sun May 13 01:03:42 UTC 2018
------------------ testing $PTII/ptolemy/domains/de/test/auto/ThreadedComposite.xml
auto.tcl: Setting watchdog for 200 seconds at Sun May 13 01:03:42 UTC 2018
209 ms. Memory: 313856K Free: 277640K (88%)
ptolemy.util.test.WatchDog.cancel(): canceling Sun May 13 01:03:42 UTC 2018
auto.tcl: Setting watchdog for 200 seconds at Sun May 13 01:03:42 UTC 2018
130 ms. Memory: 313856K Free: 261875K (83%)
ptolemy.util.test.WatchDog.cancel(): canceling Sun May 13 01:03:43 UTC 2018
------------------ testing $PTII/ptolemy/domains/de/test/auto/Time.xml
auto.tcl: Setting watchdog for 200 seconds at Sun May 13 01:03:43 UTC 2018
507 ms. Memory: 313344K Free: 246213K (79%)
ptolemy.util.test.WatchDog.cancel(): canceling Sun May 13 01:03:43 UTC 2018
auto.tcl: Setting watchdog for 200 seconds at Sun May 13 01:03:43 UTC 2018
461 ms. Memory: 313344K Free: 191070K (61%)
ptolemy.util.test.WatchDog.cancel(): canceling Sun May 13 01:03:44 UTC 2018
------------------ testing $PTII/ptolemy/domains/de/test/auto/TimeDelayZeroDelay.xml
auto.tcl: Setting watchdog for 200 seconds at Sun May 13 01:03:44 UTC 2018
2 ms. Memory: 313856K Free: 300956K (96%)
ptolemy.util.test.WatchDog.cancel(): canceling Sun May 13 01:03:44 UTC 2018
auto.tcl: Setting watchdog for 200 seconds at Sun May 13 01:03:44 UTC 2018
2 ms. Memory: 313856K Free: 300956K (96%)
ptolemy.util.test.WatchDog.cancel(): canceling Sun May 13 01:03:44 UTC 2018
------------------ testing $PTII/ptolemy/domains/de/test/auto/TimerZeroDelay.xml
auto.tcl: Setting watchdog for 200 seconds at Sun May 13 01:03:44 UTC 2018
4 ms. Memory: 313344K Free: 300519K (96%)
ptolemy.util.test.WatchDog.cancel(): canceling Sun May 13 01:03:44 UTC 2018
auto.tcl: Setting watchdog for 200 seconds at Sun May 13 01:03:44 UTC 2018
2 ms. Memory: 313344K Free: 300519K (96%)
ptolemy.util.test.WatchDog.cancel(): canceling Sun May 13 01:03:44 UTC 2018
------------------ testing $PTII/ptolemy/domains/de/test/auto/TimingParadox.xml
auto.tcl: Setting watchdog for 200 seconds at Sun May 13 01:03:44 UTC 2018
328 ms. Memory: 313856K Free: 234655K (75%)
ptolemy.util.test.WatchDog.cancel(): canceling Sun May 13 01:03:44 UTC 2018
auto.tcl: Setting watchdog for 200 seconds at Sun May 13 01:03:44 UTC 2018
303 ms. Memory: 313856K Free: 196728K (63%)
ptolemy.util.test.WatchDog.cancel(): canceling Sun May 13 01:03:44 UTC 2018
------------------ testing $PTII/ptolemy/domains/de/test/auto/TransferInputs.xml
auto.tcl: Setting watchdog for 200 seconds at Sun May 13 01:03:45 UTC 2018
2 ms. Memory: 313856K Free: 299919K (96%)
ptolemy.util.test.WatchDog.cancel(): canceling Sun May 13 01:03:45 UTC 2018
auto.tcl: Setting watchdog for 200 seconds at Sun May 13 01:03:45 UTC 2018
1 ms. Memory: 313856K Free: 299919K (96%)
ptolemy.util.test.WatchDog.cancel(): canceling Sun May 13 01:03:45 UTC 2018
------------------ testing $PTII/ptolemy/domains/de/test/auto/TransferOutputs2.xml
auto.tcl: Setting watchdog for 200 seconds at Sun May 13 01:03:45 UTC 2018
2 ms. Memory: 313344K Free: 295273K (94%)
ptolemy.util.test.WatchDog.cancel(): canceling Sun May 13 01:03:45 UTC 2018
auto.tcl: Setting watchdog for 200 seconds at Sun May 13 01:03:45 UTC 2018
3 ms. Memory: 313344K Free: 295273K (94%)
ptolemy.util.test.WatchDog.cancel(): canceling Sun May 13 01:03:45 UTC 2018
------------------ testing $PTII/ptolemy/domains/de/test/auto/Trilateration.xml
auto.tcl: Setting watchdog for 200 seconds at Sun May 13 01:03:45 UTC 2018
13400 ms. Memory: 648704K Free: 257115K (40%)
ptolemy.util.test.WatchDog.cancel(): canceling Sun May 13 01:03:59 UTC 2018
auto.tcl: Setting watchdog for 200 seconds at Sun May 13 01:03:59 UTC 2018
11575 ms. Memory: 531968K Free: 128765K (24%)
ptolemy.util.test.WatchDog.cancel(): canceling Sun May 13 01:04:11 UTC 2018
------------------ testing $PTII/ptolemy/domains/de/test/auto/TwoSigmaDelta.xml
auto.tcl: Setting watchdog for 200 seconds at Sun May 13 01:04:11 UTC 2018
2731 ms. Memory: 528384K Free: 218238K (41%)
ptolemy.util.test.WatchDog.cancel(): canceling Sun May 13 01:04:14 UTC 2018
auto.tcl: Setting watchdog for 200 seconds at Sun May 13 01:04:14 UTC 2018
2089 ms. Memory: 510976K Free: 410437K (80%)
ptolemy.util.test.WatchDog.cancel(): canceling Sun May 13 01:04:16 UTC 2018
------------------ testing $PTII/ptolemy/domains/de/test/auto/VariableDelay.xml
auto.tcl: Setting watchdog for 200 seconds at Sun May 13 01:04:16 UTC 2018
2 ms. Memory: 507904K Free: 487756K (96%)
ptolemy.util.test.WatchDog.cancel(): canceling Sun May 13 01:04:16 UTC 2018
auto.tcl: Setting watchdog for 200 seconds at Sun May 13 01:04:16 UTC 2018
1 ms. Memory: 507904K Free: 487756K (96%)
ptolemy.util.test.WatchDog.cancel(): canceling Sun May 13 01:04:16 UTC 2018
------------------ testing $PTII/ptolemy/domains/de/test/auto/VariableDelay2.xml
auto.tcl: Setting watchdog for 200 seconds at Sun May 13 01:04:16 UTC 2018
2 ms. Memory: 510464K Free: 494988K (97%)
ptolemy.util.test.WatchDog.cancel(): canceling Sun May 13 01:04:16 UTC 2018
auto.tcl: Setting watchdog for 200 seconds at Sun May 13 01:04:16 UTC 2018
2 ms. Memory: 510464K Free: 494988K (97%)
ptolemy.util.test.WatchDog.cancel(): canceling Sun May 13 01:04:16 UTC 2018
------------------ testing $PTII/ptolemy/domains/de/test/auto/VariableDelayZeroDelay.xml
auto.tcl: Setting watchdog for 200 seconds at Sun May 13 01:04:16 UTC 2018
2 ms. Memory: 507904K Free: 488162K (96%)
ptolemy.util.test.WatchDog.cancel(): canceling Sun May 13 01:04:16 UTC 2018
auto.tcl: Setting watchdog for 200 seconds at Sun May 13 01:04:16 UTC 2018
5 ms. Memory: 507904K Free: 488162K (96%)
ptolemy.util.test.WatchDog.cancel(): canceling Sun May 13 01:04:16 UTC 2018
------------------ testing $PTII/ptolemy/domains/de/test/auto/VariableDelayZeroDelay2.xml
auto.tcl: Setting watchdog for 200 seconds at Sun May 13 01:04:16 UTC 2018
4 ms. Memory: 510464K Free: 482190K (94%)
ptolemy.util.test.WatchDog.cancel(): canceling Sun May 13 01:04:16 UTC 2018
auto.tcl: Setting watchdog for 200 seconds at Sun May 13 01:04:16 UTC 2018
1 ms. Memory: 510464K Free: 482190K (94%)
ptolemy.util.test.WatchDog.cancel(): canceling Sun May 13 01:04:16 UTC 2018
------------------ testing $PTII/ptolemy/domains/de/test/auto/deInCt.xml
auto.tcl: Setting watchdog for 200 seconds at Sun May 13 01:04:16 UTC 2018
0
1
1
1
0
0
0
1
1
1
1
0
0
0
0
0
1
1
1
0
0
0
0
0
0
0
6 ms. Memory: 507904K Free: 492419K (97%)
ptolemy.util.test.WatchDog.cancel(): canceling Sun May 13 01:04:16 UTC 2018
auto.tcl: Setting watchdog for 200 seconds at Sun May 13 01:04:16 UTC 2018
0
1
1
1
1
0
0
0
0
1
1
1
1
0
0
0
1
1
1
0
0
1
1
1
1
0
0
0
1
1
1
0
0
0
0
0
4 ms. Memory: 507904K Free: 492419K (97%)
ptolemy.util.test.WatchDog.cancel(): canceling Sun May 13 01:04:16 UTC 2018
------------------ testing $PTII/ptolemy/domains/de/test/auto/deInCt2.xml
auto.tcl: Setting watchdog for 200 seconds at Sun May 13 01:04:16 UTC 2018
0
1
1
1
0
0
1
1
1
0
0
1
1
1
0
0
1
1
1
0
0
1
1
1
0
0
1
1
1
0
0
1
1
1
0
0
1
1
1
0
0
0
14 ms. Memory: 509952K Free: 494467K (97%)
ptolemy.util.test.WatchDog.cancel(): canceling Sun May 13 01:04:16 UTC 2018
auto.tcl: Setting watchdog for 200 seconds at Sun May 13 01:04:16 UTC 2018
0
1
1
1
0
0
1
1
1
0
0
1
1
1
0
0
1
1
1
0
0
1
1
1
0
0
1
1
1
0
0
1
1
1
0
0
1
1
1
0
0
0
5 ms. Memory: 509952K Free: 494467K (97%)
ptolemy.util.test.WatchDog.cancel(): canceling Sun May 13 01:04:16 UTC 2018
------------------ testing $PTII/ptolemy/domains/de/test/auto/dynamicCausalityInterface1.xml
auto.tcl: Setting watchdog for 200 seconds at Sun May 13 01:04:16 UTC 2018
1 ms. Memory: 507904K Free: 486004K (96%)
ptolemy.util.test.WatchDog.cancel(): canceling Sun May 13 01:04:16 UTC 2018
auto.tcl: Setting watchdog for 200 seconds at Sun May 13 01:04:16 UTC 2018
1 ms. Memory: 507904K Free: 486004K (96%)
ptolemy.util.test.WatchDog.cancel(): canceling Sun May 13 01:04:16 UTC 2018
------------------ testing $PTII/ptolemy/domains/de/test/auto/fsm_de_test.xml
auto.tcl: Setting watchdog for 200 seconds at Sun May 13 01:04:16 UTC 2018
11 ms. Memory: 509440K Free: 487435K (96%)
ptolemy.util.test.WatchDog.cancel(): canceling Sun May 13 01:04:16 UTC 2018
auto.tcl: Setting watchdog for 200 seconds at Sun May 13 01:04:16 UTC 2018
4 ms. Memory: 509440K Free: 487435K (96%)
ptolemy.util.test.WatchDog.cancel(): canceling Sun May 13 01:04:16 UTC 2018
------------------ testing $PTII/ptolemy/domains/de/test/auto/functionDependencyReconstruction.xml
auto.tcl: Setting watchdog for 200 seconds at Sun May 13 01:04:16 UTC 2018
2 ms. Memory: 507904K Free: 475233K (94%)
ptolemy.util.test.WatchDog.cancel(): canceling Sun May 13 01:04:16 UTC 2018
auto.tcl: Setting watchdog for 200 seconds at Sun May 13 01:04:16 UTC 2018
3 ms. Memory: 507904K Free: 475233K (94%)
ptolemy.util.test.WatchDog.cancel(): canceling Sun May 13 01:04:16 UTC 2018
------------------ testing $PTII/ptolemy/domains/de/test/auto/multirate.xml
auto.tcl: Setting watchdog for 200 seconds at Sun May 13 01:04:16 UTC 2018
2 ms. Memory: 509440K Free: 493715K (97%)
ptolemy.util.test.WatchDog.cancel(): canceling Sun May 13 01:04:16 UTC 2018
auto.tcl: Setting watchdog for 200 seconds at Sun May 13 01:04:16 UTC 2018
3 ms. Memory: 509440K Free: 487309K (96%)
ptolemy.util.test.WatchDog.cancel(): canceling Sun May 13 01:04:16 UTC 2018
------------------ testing $PTII/ptolemy/domains/de/test/auto/multirate2.xml
auto.tcl: Setting watchdog for 200 seconds at Sun May 13 01:04:17 UTC 2018
5 ms. Memory: 507904K Free: 488103K (96%)
ptolemy.util.test.WatchDog.cancel(): canceling Sun May 13 01:04:17 UTC 2018
auto.tcl: Setting watchdog for 200 seconds at Sun May 13 01:04:17 UTC 2018
3 ms. Memory: 507904K Free: 481698K (95%)
ptolemy.util.test.WatchDog.cancel(): canceling Sun May 13 01:04:17 UTC 2018
------------------ testing $PTII/ptolemy/domains/de/test/auto/realtime.xml
auto.tcl: Setting watchdog for 200 seconds at Sun May 13 01:04:17 UTC 2018
10001 ms. Memory: 508928K Free: 489123K (96%)
ptolemy.util.test.WatchDog.cancel(): canceling Sun May 13 01:04:27 UTC 2018
auto.tcl: Setting watchdog for 200 seconds at Sun May 13 01:04:27 UTC 2018
10001 ms. Memory: 508928K Free: 489123K (96%)
ptolemy.util.test.WatchDog.cancel(): canceling Sun May 13 01:04:37 UTC 2018
------------------ testing $PTII/ptolemy/domains/de/test/auto/relationGroup.xml
auto.tcl: Setting watchdog for 200 seconds at Sun May 13 01:04:37 UTC 2018
1 ms. Memory: 507904K Free: 492393K (97%)
ptolemy.util.test.WatchDog.cancel(): canceling Sun May 13 01:04:37 UTC 2018
auto.tcl: Setting watchdog for 200 seconds at Sun May 13 01:04:37 UTC 2018
1 ms. Memory: 507904K Free: 492393K (97%)
ptolemy.util.test.WatchDog.cancel(): canceling Sun May 13 01:04:37 UTC 2018
------------------ testing $PTII/ptolemy/domains/de/test/auto/relationGroup2.xml
auto.tcl: Setting watchdog for 200 seconds at Sun May 13 01:04:37 UTC 2018
1 ms. Memory: 508928K Free: 489178K (96%)
ptolemy.util.test.WatchDog.cancel(): canceling Sun May 13 01:04:37 UTC 2018
auto.tcl: Setting watchdog for 200 seconds at Sun May 13 01:04:37 UTC 2018
1 ms. Memory: 508928K Free: 489178K (96%)
ptolemy.util.test.WatchDog.cancel(): canceling Sun May 13 01:04:37 UTC 2018
------------------ testing $PTII/ptolemy/domains/de/test/auto/sortWithOpaquePorts.xml
auto.tcl: Setting watchdog for 200 seconds at Sun May 13 01:04:37 UTC 2018
1 ms. Memory: 507904K Free: 488154K (96%)
ptolemy.util.test.WatchDog.cancel(): canceling Sun May 13 01:04:37 UTC 2018
auto.tcl: Setting watchdog for 200 seconds at Sun May 13 01:04:37 UTC 2018
1 ms. Memory: 507904K Free: 488154K (96%)
ptolemy.util.test.WatchDog.cancel(): canceling Sun May 13 01:04:37 UTC 2018
------------------ testing $PTII/ptolemy/domains/de/test/auto/transferInputsandOutputs.xml
auto.tcl: Setting watchdog for 200 seconds at Sun May 13 01:04:37 UTC 2018
1 ms. Memory: 508928K Free: 489166K (96%)
ptolemy.util.test.WatchDog.cancel(): canceling Sun May 13 01:04:37 UTC 2018
auto.tcl: Setting watchdog for 200 seconds at Sun May 13 01:04:37 UTC 2018
1 ms. Memory: 508928K Free: 482752K (95%)
ptolemy.util.test.WatchDog.cancel(): canceling Sun May 13 01:04:37 UTC 2018
------------------ testing $PTII/ptolemy/domains/de/test/auto/triggerType.xml
auto.tcl: Setting watchdog for 200 seconds at Sun May 13 01:04:37 UTC 2018
5 ms. Memory: 507904K Free: 488093K (96%)
ptolemy.util.test.WatchDog.cancel(): canceling Sun May 13 01:04:37 UTC 2018
auto.tcl: Setting watchdog for 200 seconds at Sun May 13 01:04:37 UTC 2018
1 ms. Memory: 507904K Free: 488093K (96%)
ptolemy.util.test.WatchDog.cancel(): canceling Sun May 13 01:04:37 UTC 2018
05/13/18 01:04:37
Failed: 0  Total Tests: 192  ((Passed: 187, Newly Passed: 1)  Known Failed: 5) /home/travis/build/icyphy/ptII/ptolemy/domains/de/test
05/13/18 01:04:37
Failed: 0  Total Tests: 192  ((Passed: 187, Newly Passed: 1)  Known Failed: 5) /home/travis/build/icyphy/ptII/ptolemy/domains/de/test
----------------- testing (KnownFailure) /home/travis/build/icyphy/ptII/ptolemy/domains/de/test/auto/knownFailedTests/DESDFClockTest.xml
2014 ms. Memory: 508416K Free: 471587K (93%)
Known Failure: java.lang.reflect.InvocationTargetException
----------------- testing (KnownFailure) /home/travis/build/icyphy/ptII/ptolemy/domains/de/test/auto/knownFailedTests/DirectFeedback.xml
1 ms. Memory: 508416K Free: 437467K (86%)
Known Failure: java.lang.reflect.InvocationTargetException
----------------- testing (KnownFailure) /home/travis/build/icyphy/ptII/ptolemy/domains/de/test/auto/knownFailedTests/FSMSource.xml
11 ms. Memory: 508416K Free: 403347K (79%)
----------------- testing (KnownFailure) /home/travis/build/icyphy/ptII/ptolemy/domains/de/test/auto/knownFailedTests/HierarchicalModel.xml
2 ms. Memory: 508416K Free: 377758K (74%)
Known Failure: java.lang.reflect.InvocationTargetException
----------------- testing (KnownFailure) /home/travis/build/icyphy/ptII/ptolemy/domains/de/test/auto/knownFailedTests/dependencyLoop.xml
2 ms. Memory: 508416K Free: 335092K (66%)
Known Failure: java.lang.reflect.InvocationTargetException
----------------- testing (KnownFailure) /home/travis/build/icyphy/ptII/ptolemy/domains/de/test/auto/knownFailedTests/dependencyLoop2.xml
2 ms. Memory: 508416K Free: 292426K (58%)
Known Failure: java.lang.reflect.InvocationTargetException
No auto/*.xml tests in /home/travis/build/icyphy/ptII/ptolemy/domains/de/test
AutoTests.java: About to close Vertx.
AutoTests.java: Vertx closed.
----------------- testing Sun May 13 01:04:39 UTC 2018 /home/travis/build/icyphy/ptII/ptolemy/domains/de/test/auto/ActorDepthCalculation_actorWithoutPorts.xml
----------------- Instantiating /home/travis/build/icyphy/ptII/ptolemy/domains/de/test/auto/ActorDepthCalculation_actorWithoutPorts.xml
1 ms. Memory: 508416K Free: 249776K (49%)
----------------- Invoking toplevel() on ptolemy.moml.MoMLSimpleApplication@d41e114
----------------- Done invoking toplevel() on ptolemy.moml.MoMLSimpleApplication@d41e114
reloadAllAccessors: .ActorDepthCalculation_actorWithoutPorts
----------------- testing Sun May 13 01:04:39 UTC 2018 /home/travis/build/icyphy/ptII/ptolemy/domains/de/test/auto/AssemblyLine.xml
----------------- Instantiating /home/travis/build/icyphy/ptII/ptolemy/domains/de/test/auto/AssemblyLine.xml
2 ms. Memory: 508416K Free: 232716K (46%)
----------------- Invoking toplevel() on ptolemy.moml.MoMLSimpleApplication@40a2a29f
----------------- Done invoking toplevel() on ptolemy.moml.MoMLSimpleApplication@40a2a29f
reloadAllAccessors: .AssemblyLine
----------------- testing Sun May 13 01:04:39 UTC 2018 /home/travis/build/icyphy/ptII/ptolemy/domains/de/test/auto/CQBug1.xml
----------------- Instantiating /home/travis/build/icyphy/ptII/ptolemy/domains/de/test/auto/CQBug1.xml
0 ms. Memory: 508416K Free: 215656K (42%)
----------------- Invoking toplevel() on ptolemy.moml.MoMLSimpleApplication@7a7c9ea
----------------- Done invoking toplevel() on ptolemy.moml.MoMLSimpleApplication@7a7c9ea
reloadAllAccessors: .CQBug1
----------------- testing Sun May 13 01:04:39 UTC 2018 /home/travis/build/icyphy/ptII/ptolemy/domains/de/test/auto/CancelFireAt.xml
----------------- Instantiating /home/travis/build/icyphy/ptII/ptolemy/domains/de/test/auto/CancelFireAt.xml
0 ms. Memory: 508416K Free: 198596K (39%)
----------------- Invoking toplevel() on ptolemy.moml.MoMLSimpleApplication@2cace9d9
----------------- Done invoking toplevel() on ptolemy.moml.MoMLSimpleApplication@2cace9d9
reloadAllAccessors: .CancelFireAt
----------------- testing Sun May 13 01:04:39 UTC 2018 /home/travis/build/icyphy/ptII/ptolemy/domains/de/test/auto/CausalityAndComposabilityAnalysis.xml
----------------- Instantiating /home/travis/build/icyphy/ptII/ptolemy/domains/de/test/auto/CausalityAndComposabilityAnalysis.xml
1 ms. Memory: 508416K Free: 181536K (36%)
----------------- Invoking toplevel() on ptolemy.moml.MoMLSimpleApplication@33e3717
----------------- Done invoking toplevel() on ptolemy.moml.MoMLSimpleApplication@33e3717
reloadAllAccessors: .CausalityAndComposabilityAnalysis
----------------- testing Sun May 13 01:04:39 UTC 2018 /home/travis/build/icyphy/ptII/ptolemy/domains/de/test/auto/CausalityInterface1.xml
----------------- Instantiating /home/travis/build/icyphy/ptII/ptolemy/domains/de/test/auto/CausalityInterface1.xml
3 ms. Memory: 508416K Free: 164476K (32%)
----------------- Invoking toplevel() on ptolemy.moml.MoMLSimpleApplication@ccfaff
----------------- Done invoking toplevel() on ptolemy.moml.MoMLSimpleApplication@ccfaff
reloadAllAccessors: .CausalityInterface1
----------------- testing Sun May 13 01:04:39 UTC 2018 /home/travis/build/icyphy/ptII/ptolemy/domains/de/test/auto/CausalityInterface15.xml
----------------- Instantiating /home/travis/build/icyphy/ptII/ptolemy/domains/de/test/auto/CausalityInterface15.xml
1 ms. Memory: 508416K Free: 147416K (29%)
----------------- Invoking toplevel() on ptolemy.moml.MoMLSimpleApplication@618d7f04
----------------- Done invoking toplevel() on ptolemy.moml.MoMLSimpleApplication@618d7f04
reloadAllAccessors: .CausalityInterface15
----------------- testing Sun May 13 01:04:39 UTC 2018 /home/travis/build/icyphy/ptII/ptolemy/domains/de/test/auto/CausalityInterface2.xml
----------------- Instantiating /home/travis/build/icyphy/ptII/ptolemy/domains/de/test/auto/CausalityInterface2.xml
1 ms. Memory: 508416K Free: 130356K (26%)
----------------- Invoking toplevel() on ptolemy.moml.MoMLSimpleApplication@b402ec
----------------- Done invoking toplevel() on ptolemy.moml.MoMLSimpleApplication@b402ec
reloadAllAccessors: .CausalityInterface2
----------------- testing Sun May 13 01:04:39 UTC 2018 /home/travis/build/icyphy/ptII/ptolemy/domains/de/test/auto/CausalityInterface3.xml
----------------- Instantiating /home/travis/build/icyphy/ptII/ptolemy/domains/de/test/auto/CausalityInterface3.xml
1 ms. Memory: 508416K Free: 113296K (22%)
----------------- Invoking toplevel() on ptolemy.moml.MoMLSimpleApplication@4d35d34b
----------------- Done invoking toplevel() on ptolemy.moml.MoMLSimpleApplication@4d35d34b
reloadAllAccessors: .CausalityInterface3
----------------- testing Sun May 13 01:04:39 UTC 2018 /home/travis/build/icyphy/ptII/ptolemy/domains/de/test/auto/ClockDrift.xml
----------------- Instantiating /home/travis/build/icyphy/ptII/ptolemy/domains/de/test/auto/ClockDrift.xml
8 ms. Memory: 508416K Free: 87690K (17%)
----------------- Invoking toplevel() on ptolemy.moml.MoMLSimpleApplication@3121eb44
----------------- Done invoking toplevel() on ptolemy.moml.MoMLSimpleApplication@3121eb44
reloadAllAccessors: .ClockDrift
----------------- testing Sun May 13 01:04:39 UTC 2018 /home/travis/build/icyphy/ptII/ptolemy/domains/de/test/auto/ClockDriftAndValueChange.xml
----------------- Instantiating /home/travis/build/icyphy/ptII/ptolemy/domains/de/test/auto/ClockDriftAndValueChange.xml
10 ms. Memory: 488448K Free: 474996K (97%)
----------------- Invoking toplevel() on ptolemy.moml.MoMLSimpleApplication@627f926e
----------------- Done invoking toplevel() on ptolemy.moml.MoMLSimpleApplication@627f926e
reloadAllAccessors: .ClockDriftAndValueChange
----------------- testing Sun May 13 01:04:39 UTC 2018 /home/travis/build/icyphy/ptII/ptolemy/domains/de/test/auto/ClockDriftChange.xml
----------------- Instantiating /home/travis/build/icyphy/ptII/ptolemy/domains/de/test/auto/ClockDriftChange.xml
7 ms. Memory: 488448K Free: 450593K (92%)
----------------- Invoking toplevel() on ptolemy.moml.MoMLSimpleApplication@19f288c8
----------------- Done invoking toplevel() on ptolemy.moml.MoMLSimpleApplication@19f288c8
reloadAllAccessors: .ClockDriftChange
----------------- testing Sun May 13 01:04:39 UTC 2018 /home/travis/build/icyphy/ptII/ptolemy/domains/de/test/auto/ComposableCausalityAnalysis.xml
----------------- Instantiating /home/travis/build/icyphy/ptII/ptolemy/domains/de/test/auto/ComposableCausalityAnalysis.xml
3 ms. Memory: 488448K Free: 438382K (90%)
----------------- Invoking toplevel() on ptolemy.moml.MoMLSimpleApplication@724bc2b6
----------------- Done invoking toplevel() on ptolemy.moml.MoMLSimpleApplication@724bc2b6
reloadAllAccessors: .ComposableCausalityAnalysis
----------------- testing Sun May 13 01:04:39 UTC 2018 /home/travis/build/icyphy/ptII/ptolemy/domains/de/test/auto/DEFixedPointLimitation.xml
----------------- Instantiating /home/travis/build/icyphy/ptII/ptolemy/domains/de/test/auto/DEFixedPointLimitation.xml
1 ms. Memory: 488448K Free: 430241K (88%)
----------------- Invoking toplevel() on ptolemy.moml.MoMLSimpleApplication@292419bf
----------------- Done invoking toplevel() on ptolemy.moml.MoMLSimpleApplication@292419bf
reloadAllAccessors: .DEFixedPointLimitation
----------------- testing Sun May 13 01:04:39 UTC 2018 /home/travis/build/icyphy/ptII/ptolemy/domains/de/test/auto/DEScheduleTest.xml
----------------- Instantiating /home/travis/build/icyphy/ptII/ptolemy/domains/de/test/auto/DEScheduleTest.xml
1 ms. Memory: 488448K Free: 422100K (86%)
----------------- Invoking toplevel() on ptolemy.moml.MoMLSimpleApplication@30d73f04
----------------- Done invoking toplevel() on ptolemy.moml.MoMLSimpleApplication@30d73f04
reloadAllAccessors: .DEScheduleTest
----------------- testing Sun May 13 01:04:39 UTC 2018 /home/travis/build/icyphy/ptII/ptolemy/domains/de/test/auto/DEinDEwithStartTimes.xml
----------------- Instantiating /home/travis/build/icyphy/ptII/ptolemy/domains/de/test/auto/DEinDEwithStartTimes.xml
2 ms. Memory: 488448K Free: 409873K (84%)
----------------- Invoking toplevel() on ptolemy.moml.MoMLSimpleApplication@27993319
----------------- Done invoking toplevel() on ptolemy.moml.MoMLSimpleApplication@27993319
reloadAllAccessors: .DEinDEwithStartTimes
----------------- testing Sun May 13 01:04:39 UTC 2018 /home/travis/build/icyphy/ptII/ptolemy/domains/de/test/auto/DEinDEwithStartTimes2.xml
----------------- Instantiating /home/travis/build/icyphy/ptII/ptolemy/domains/de/test/auto/DEinDEwithStartTimes2.xml
1 ms. Memory: 488448K Free: 397662K (81%)
----------------- Invoking toplevel() on ptolemy.moml.MoMLSimpleApplication@24e06f66
----------------- Done invoking toplevel() on ptolemy.moml.MoMLSimpleApplication@24e06f66
reloadAllAccessors: .DEinDEwithStartTimes2
----------------- testing Sun May 13 01:04:39 UTC 2018 /home/travis/build/icyphy/ptII/ptolemy/domains/de/test/auto/DateDemo.xml
----------------- Instantiating /home/travis/build/icyphy/ptII/ptolemy/domains/de/test/auto/DateDemo.xml
2 ms. Memory: 488448K Free: 381362K (78%)
----------------- Invoking toplevel() on ptolemy.moml.MoMLSimpleApplication@390d74dc
----------------- Done invoking toplevel() on ptolemy.moml.MoMLSimpleApplication@390d74dc
reloadAllAccessors: .DateDemo
----------------- testing Sun May 13 01:04:39 UTC 2018 /home/travis/build/icyphy/ptII/ptolemy/domains/de/test/auto/DateToEvent.xml
----------------- Instantiating /home/travis/build/icyphy/ptII/ptolemy/domains/de/test/auto/DateToEvent.xml
2003 ms. Memory: 488448K Free: 356907K (73%)
----------------- Invoking toplevel() on ptolemy.moml.MoMLSimpleApplication@2554f2d6
----------------- Done invoking toplevel() on ptolemy.moml.MoMLSimpleApplication@2554f2d6
reloadAllAccessors: .DateToEvent
----------------- testing Sun May 13 01:04:41 UTC 2018 /home/travis/build/icyphy/ptII/ptolemy/domains/de/test/auto/DepthTest1.xml
----------------- Instantiating /home/travis/build/icyphy/ptII/ptolemy/domains/de/test/auto/DepthTest1.xml
0 ms. Memory: 488448K Free: 344797K (71%)
----------------- Invoking toplevel() on ptolemy.moml.MoMLSimpleApplication@5e87cf0
----------------- Done invoking toplevel() on ptolemy.moml.MoMLSimpleApplication@5e87cf0
reloadAllAccessors: .DepthTest1
----------------- testing Sun May 13 01:04:41 UTC 2018 /home/travis/build/icyphy/ptII/ptolemy/domains/de/test/auto/DepthTest2.xml
----------------- Instantiating /home/travis/build/icyphy/ptII/ptolemy/domains/de/test/auto/DepthTest2.xml
1 ms. Memory: 488448K Free: 332585K (68%)
----------------- Invoking toplevel() on ptolemy.moml.MoMLSimpleApplication@26d5b8c3
----------------- Done invoking toplevel() on ptolemy.moml.MoMLSimpleApplication@26d5b8c3
reloadAllAccessors: .DepthTest2
----------------- testing Sun May 13 01:04:41 UTC 2018 /home/travis/build/icyphy/ptII/ptolemy/domains/de/test/auto/DepthTest3.xml
----------------- Instantiating /home/travis/build/icyphy/ptII/ptolemy/domains/de/test/auto/DepthTest3.xml
0 ms. Memory: 488448K Free: 324444K (66%)
----------------- Invoking toplevel() on ptolemy.moml.MoMLSimpleApplication@51d4685
----------------- Done invoking toplevel() on ptolemy.moml.MoMLSimpleApplication@51d4685
reloadAllAccessors: .DepthTest3
----------------- testing Sun May 13 01:04:41 UTC 2018 /home/travis/build/icyphy/ptII/ptolemy/domains/de/test/auto/DepthTest4.xml
----------------- Instantiating /home/travis/build/icyphy/ptII/ptolemy/domains/de/test/auto/DepthTest4.xml
1 ms. Memory: 488448K Free: 312232K (64%)
----------------- Invoking toplevel() on ptolemy.moml.MoMLSimpleApplication@5a370764
----------------- Done invoking toplevel() on ptolemy.moml.MoMLSimpleApplication@5a370764
reloadAllAccessors: .DepthTest4
----------------- testing Sun May 13 01:04:41 UTC 2018 /home/travis/build/icyphy/ptII/ptolemy/domains/de/test/auto/DepthTest5.xml
----------------- Instantiating /home/travis/build/icyphy/ptII/ptolemy/domains/de/test/auto/DepthTest5.xml
1 ms. Memory: 488448K Free: 300005K (61%)
----------------- Invoking toplevel() on ptolemy.moml.MoMLSimpleApplication@618df8c4
----------------- Done invoking toplevel() on ptolemy.moml.MoMLSimpleApplication@618df8c4
reloadAllAccessors: .DepthTest5
----------------- testing Sun May 13 01:04:41 UTC 2018 /home/travis/build/icyphy/ptII/ptolemy/domains/de/test/auto/DepthTest6.xml
----------------- Instantiating /home/travis/build/icyphy/ptII/ptolemy/domains/de/test/auto/DepthTest6.xml
2 ms. Memory: 488448K Free: 287778K (59%)
----------------- Invoking toplevel() on ptolemy.moml.MoMLSimpleApplication@31908e18
----------------- Done invoking toplevel() on ptolemy.moml.MoMLSimpleApplication@31908e18
reloadAllAccessors: .DepthTest6
----------------- testing Sun May 13 01:04:41 UTC 2018 /home/travis/build/icyphy/ptII/ptolemy/domains/de/test/auto/DepthTest7.xml
----------------- Instantiating /home/travis/build/icyphy/ptII/ptolemy/domains/de/test/auto/DepthTest7.xml
1 ms. Memory: 488448K Free: 275558K (56%)
----------------- Invoking toplevel() on ptolemy.moml.MoMLSimpleApplication@4b0a3a44
----------------- Done invoking toplevel() on ptolemy.moml.MoMLSimpleApplication@4b0a3a44
reloadAllAccessors: .DepthTest7
----------------- testing Sun May 13 01:04:41 UTC 2018 /home/travis/build/icyphy/ptII/ptolemy/domains/de/test/auto/EventToDate.xml
----------------- Instantiating /home/travis/build/icyphy/ptII/ptolemy/domains/de/test/auto/EventToDate.xml
3003 ms. Memory: 488448K Free: 255174K (52%)
----------------- Invoking toplevel() on ptolemy.moml.MoMLSimpleApplication@3e72a4b0
----------------- Done invoking toplevel() on ptolemy.moml.MoMLSimpleApplication@3e72a4b0
reloadAllAccessors: .EventToDate
----------------- testing Sun May 13 01:04:44 UTC 2018 /home/travis/build/icyphy/ptII/ptolemy/domains/de/test/auto/FSM1.xml
----------------- Instantiating /home/travis/build/icyphy/ptII/ptolemy/domains/de/test/auto/FSM1.xml
5 ms. Memory: 488448K Free: 238882K (49%)
----------------- Invoking toplevel() on ptolemy.moml.MoMLSimpleApplication@759a67b2
----------------- Done invoking toplevel() on ptolemy.moml.MoMLSimpleApplication@759a67b2
reloadAllAccessors: .FSM1
----------------- testing Sun May 13 01:04:44 UTC 2018 /home/travis/build/icyphy/ptII/ptolemy/domains/de/test/auto/FSM7.xml
----------------- Instantiating /home/travis/build/icyphy/ptII/ptolemy/domains/de/test/auto/FSM7.xml
6 ms. Memory: 488448K Free: 218616K (45%)
----------------- Invoking toplevel() on ptolemy.moml.MoMLSimpleApplication@2c8909b0
----------------- Done invoking toplevel() on ptolemy.moml.MoMLSimpleApplication@2c8909b0
reloadAllAccessors: .FSM7
----------------- testing Sun May 13 01:04:44 UTC 2018 /home/travis/build/icyphy/ptII/ptolemy/domains/de/test/auto/Inspection.xml
----------------- Instantiating /home/travis/build/icyphy/ptII/ptolemy/domains/de/test/auto/Inspection.xml
8 ms. Memory: 488448K Free: 202318K (41%)
----------------- Invoking toplevel() on ptolemy.moml.MoMLSimpleApplication@7be95657
----------------- Done invoking toplevel() on ptolemy.moml.MoMLSimpleApplication@7be95657
reloadAllAccessors: .Inspection
----------------- testing Sun May 13 01:04:45 UTC 2018 /home/travis/build/icyphy/ptII/ptolemy/domains/de/test/auto/Iteration.xml
----------------- Instantiating /home/travis/build/icyphy/ptII/ptolemy/domains/de/test/auto/Iteration.xml
3 ms. Memory: 488448K Free: 190090K (39%)
----------------- Invoking toplevel() on ptolemy.moml.MoMLSimpleApplication@42156155
----------------- Done invoking toplevel() on ptolemy.moml.MoMLSimpleApplication@42156155
reloadAllAccessors: .Iteration
----------------- testing Sun May 13 01:04:45 UTC 2018 /home/travis/build/icyphy/ptII/ptolemy/domains/de/test/auto/LineFault.xml
----------------- Instantiating /home/travis/build/icyphy/ptII/ptolemy/domains/de/test/auto/LineFault.xml
295 ms. Memory: 470528K Free: 456129K (97%)
----------------- Invoking toplevel() on ptolemy.moml.MoMLSimpleApplication@3e85154d
----------------- Done invoking toplevel() on ptolemy.moml.MoMLSimpleApplication@3e85154d
reloadAllAccessors: .LineFault
----------------- testing Sun May 13 01:04:45 UTC 2018 /home/travis/build/icyphy/ptII/ptolemy/domains/de/test/auto/MergeModel1Add.xml
----------------- Instantiating /home/travis/build/icyphy/ptII/ptolemy/domains/de/test/auto/MergeModel1Add.xml
3 ms. Memory: 470528K Free: 427628K (91%)
----------------- Invoking toplevel() on ptolemy.moml.MoMLSimpleApplication@6f251c57
----------------- Done invoking toplevel() on ptolemy.moml.MoMLSimpleApplication@6f251c57
reloadAllAccessors: .MergeModel1Add
----------------- testing Sun May 13 01:04:45 UTC 2018 /home/travis/build/icyphy/ptII/ptolemy/domains/de/test/auto/MergeModel2Add.xml
----------------- Instantiating /home/travis/build/icyphy/ptII/ptolemy/domains/de/test/auto/MergeModel2Add.xml
5 ms. Memory: 470528K Free: 406846K (86%)
----------------- Invoking toplevel() on ptolemy.moml.MoMLSimpleApplication@14b31b5e
----------------- Done invoking toplevel() on ptolemy.moml.MoMLSimpleApplication@14b31b5e
reloadAllAccessors: .MergeModel2Add
----------------- testing Sun May 13 01:04:45 UTC 2018 /home/travis/build/icyphy/ptII/ptolemy/domains/de/test/auto/MergeModel3Add.xml
----------------- Instantiating /home/travis/build/icyphy/ptII/ptolemy/domains/de/test/auto/MergeModel3Add.xml
3 ms. Memory: 470528K Free: 386077K (82%)
----------------- Invoking toplevel() on ptolemy.moml.MoMLSimpleApplication@5a8c481e
----------------- Done invoking toplevel() on ptolemy.moml.MoMLSimpleApplication@5a8c481e
reloadAllAccessors: .MergeModel3Add
----------------- testing Sun May 13 01:04:45 UTC 2018 /home/travis/build/icyphy/ptII/ptolemy/domains/de/test/auto/MergeWithoutDiscard.xml
----------------- Instantiating /home/travis/build/icyphy/ptII/ptolemy/domains/de/test/auto/MergeWithoutDiscard.xml
1 ms. Memory: 470528K Free: 378305K (80%)
----------------- Invoking toplevel() on ptolemy.moml.MoMLSimpleApplication@29a03e83
----------------- Done invoking toplevel() on ptolemy.moml.MoMLSimpleApplication@29a03e83
reloadAllAccessors: .MergeWithoutDiscard
----------------- testing Sun May 13 01:04:45 UTC 2018 /home/travis/build/icyphy/ptII/ptolemy/domains/de/test/auto/Modal1.xml
----------------- Instantiating /home/travis/build/icyphy/ptII/ptolemy/domains/de/test/auto/Modal1.xml
6 ms. Memory: 470528K Free: 362728K (77%)
----------------- Invoking toplevel() on ptolemy.moml.MoMLSimpleApplication@183381e7
----------------- Done invoking toplevel() on ptolemy.moml.MoMLSimpleApplication@183381e7
reloadAllAccessors: .Modal1
----------------- testing Sun May 13 01:04:45 UTC 2018 /home/travis/build/icyphy/ptII/ptolemy/domains/de/test/auto/Modal2.xml
----------------- Instantiating /home/travis/build/icyphy/ptII/ptolemy/domains/de/test/auto/Modal2.xml
5 ms. Memory: 470528K Free: 344597K (73%)
----------------- Invoking toplevel() on ptolemy.moml.MoMLSimpleApplication@27928658
----------------- Done invoking toplevel() on ptolemy.moml.MoMLSimpleApplication@27928658
reloadAllAccessors: .Modal2
----------------- testing Sun May 13 01:04:45 UTC 2018 /home/travis/build/icyphy/ptII/ptolemy/domains/de/test/auto/Modal3.xml
----------------- Instantiating /home/travis/build/icyphy/ptII/ptolemy/domains/de/test/auto/Modal3.xml
5 ms. Memory: 470528K Free: 329036K (70%)
----------------- Invoking toplevel() on ptolemy.moml.MoMLSimpleApplication@17ec2cac
----------------- Done invoking toplevel() on ptolemy.moml.MoMLSimpleApplication@17ec2cac
reloadAllAccessors: .Modal3
----------------- testing Sun May 13 01:04:45 UTC 2018 /home/travis/build/icyphy/ptII/ptolemy/domains/de/test/auto/Modal4.xml
----------------- Instantiating /home/travis/build/icyphy/ptII/ptolemy/domains/de/test/auto/Modal4.xml
7 ms. Memory: 470528K Free: 313483K (67%)
----------------- Invoking toplevel() on ptolemy.moml.MoMLSimpleApplication@682b4e23
----------------- Done invoking toplevel() on ptolemy.moml.MoMLSimpleApplication@682b4e23
reloadAllAccessors: .Modal4
----------------- testing Sun May 13 01:04:45 UTC 2018 /home/travis/build/icyphy/ptII/ptolemy/domains/de/test/auto/Modal5.xml
----------------- Instantiating /home/travis/build/icyphy/ptII/ptolemy/domains/de/test/auto/Modal5.xml
5 ms. Memory: 470528K Free: 297931K (63%)
----------------- Invoking toplevel() on ptolemy.moml.MoMLSimpleApplication@64765a28
----------------- Done invoking toplevel() on ptolemy.moml.MoMLSimpleApplication@64765a28
reloadAllAccessors: .Modal5
----------------- testing Sun May 13 01:04:45 UTC 2018 /home/travis/build/icyphy/ptII/ptolemy/domains/de/test/auto/Modal6.xml
----------------- Instantiating /home/travis/build/icyphy/ptII/ptolemy/domains/de/test/auto/Modal6.xml
5 ms. Memory: 470528K Free: 282369K (60%)
----------------- Invoking toplevel() on ptolemy.moml.MoMLSimpleApplication@102dfad5
----------------- Done invoking toplevel() on ptolemy.moml.MoMLSimpleApplication@102dfad5
reloadAllAccessors: .Modal6
----------------- testing Sun May 13 01:04:45 UTC 2018 /home/travis/build/icyphy/ptII/ptolemy/domains/de/test/auto/Modal7.xml
----------------- Instantiating /home/travis/build/icyphy/ptII/ptolemy/domains/de/test/auto/Modal7.xml
4 ms. Memory: 470528K Free: 261631K (56%)
----------------- Invoking toplevel() on ptolemy.moml.MoMLSimpleApplication@53040782
----------------- Done invoking toplevel() on ptolemy.moml.MoMLSimpleApplication@53040782
reloadAllAccessors: .Modal7
----------------- testing Sun May 13 01:04:45 UTC 2018 /home/travis/build/icyphy/ptII/ptolemy/domains/de/test/auto/ModalModel.xml
----------------- Instantiating /home/travis/build/icyphy/ptII/ptolemy/domains/de/test/auto/ModalModel.xml
75 ms. Memory: 470528K Free: 188778K (40%)
----------------- Invoking toplevel() on ptolemy.moml.MoMLSimpleApplication@3d679a4
----------------- Done invoking toplevel() on ptolemy.moml.MoMLSimpleApplication@3d679a4
reloadAllAccessors: .ModalModel
----------------- testing Sun May 13 01:04:45 UTC 2018 /home/travis/build/icyphy/ptII/ptolemy/domains/de/test/auto/ModalSource.xml
----------------- Instantiating /home/travis/build/icyphy/ptII/ptolemy/domains/de/test/auto/ModalSource.xml
3 ms. Memory: 470528K Free: 178383K (38%)
----------------- Invoking toplevel() on ptolemy.moml.MoMLSimpleApplication@252f7126
----------------- Done invoking toplevel() on ptolemy.moml.MoMLSimpleApplication@252f7126
reloadAllAccessors: .ModalSource
----------------- testing Sun May 13 01:04:45 UTC 2018 /home/travis/build/icyphy/ptII/ptolemy/domains/de/test/auto/NonInterruptibleTimerZeroDelay.xml
----------------- Instantiating /home/travis/build/icyphy/ptII/ptolemy/domains/de/test/auto/NonInterruptibleTimerZeroDelay.xml
2 ms. Memory: 470528K Free: 170595K (36%)
----------------- Invoking toplevel() on ptolemy.moml.MoMLSimpleApplication@6f215891
----------------- Done invoking toplevel() on ptolemy.moml.MoMLSimpleApplication@6f215891
reloadAllAccessors: .NonInterruptibleTimerZeroDelay
----------------- testing Sun May 13 01:04:45 UTC 2018 /home/travis/build/icyphy/ptII/ptolemy/domains/de/test/auto/OpenQueueingNetwork.xml
----------------- Instantiating /home/travis/build/icyphy/ptII/ptolemy/domains/de/test/auto/OpenQueueingNetwork.xml
1640 ms. Memory: 435200K Free: 268453K (62%)
----------------- Invoking toplevel() on ptolemy.moml.MoMLSimpleApplication@40205f0a
----------------- Done invoking toplevel() on ptolemy.moml.MoMLSimpleApplication@40205f0a
reloadAllAccessors: .OpenQueueingNetwork
----------------- testing Sun May 13 01:04:47 UTC 2018 /home/travis/build/icyphy/ptII/ptolemy/domains/de/test/auto/OpenQueuingNetwork.xml
----------------- Instantiating /home/travis/build/icyphy/ptII/ptolemy/domains/de/test/auto/OpenQueuingNetwork.xml
199 ms. Memory: 435200K Free: 176881K (41%)
----------------- Invoking toplevel() on ptolemy.moml.MoMLSimpleApplication@6b75c0c2
----------------- Done invoking toplevel() on ptolemy.moml.MoMLSimpleApplication@6b75c0c2
reloadAllAccessors: .OpenQueuingNetwork
----------------- testing Sun May 13 01:04:47 UTC 2018 /home/travis/build/icyphy/ptII/ptolemy/domains/de/test/auto/PeriodicSampler.xml
----------------- Instantiating /home/travis/build/icyphy/ptII/ptolemy/domains/de/test/auto/PeriodicSampler.xml
2 ms. Memory: 435200K Free: 169805K (39%)
----------------- Invoking toplevel() on ptolemy.moml.MoMLSimpleApplication@5b98db96
----------------- Done invoking toplevel() on ptolemy.moml.MoMLSimpleApplication@5b98db96
reloadAllAccessors: .PeriodicSampler
----------------- testing Sun May 13 01:04:47 UTC 2018 /home/travis/build/icyphy/ptII/ptolemy/domains/de/test/auto/PersistentIO.xml
----------------- Instantiating /home/travis/build/icyphy/ptII/ptolemy/domains/de/test/auto/PersistentIO.xml
3 ms. Memory: 435200K Free: 155622K (36%)
----------------- Invoking toplevel() on ptolemy.moml.MoMLSimpleApplication@761c9f63
----------------- Done invoking toplevel() on ptolemy.moml.MoMLSimpleApplication@761c9f63
reloadAllAccessors: .PersistentIO
----------------- testing Sun May 13 01:04:47 UTC 2018 /home/travis/build/icyphy/ptII/ptolemy/domains/de/test/auto/PortParameterResetOnInitialize.xml
----------------- Instantiating /home/travis/build/icyphy/ptII/ptolemy/domains/de/test/auto/PortParameterResetOnInitialize.xml
2 ms. Memory: 435200K Free: 146989K (34%)
----------------- Invoking toplevel() on ptolemy.moml.MoMLSimpleApplication@3f60f68e
----------------- Done invoking toplevel() on ptolemy.moml.MoMLSimpleApplication@3f60f68e
reloadAllAccessors: .PortParameterResetOnInitialize
----------------- testing Sun May 13 01:04:47 UTC 2018 /home/travis/build/icyphy/ptII/ptolemy/domains/de/test/auto/PortParameterUpdates.xml
----------------- Instantiating /home/travis/build/icyphy/ptII/ptolemy/domains/de/test/auto/PortParameterUpdates.xml
3 ms. Memory: 435200K Free: 136359K (31%)
----------------- Invoking toplevel() on ptolemy.moml.MoMLSimpleApplication@5430cbf1
----------------- Done invoking toplevel() on ptolemy.moml.MoMLSimpleApplication@5430cbf1
reloadAllAccessors: .PortParameterUpdates
----------------- testing Sun May 13 01:04:47 UTC 2018 /home/travis/build/icyphy/ptII/ptolemy/domains/de/test/auto/QueueAndServer.xml
----------------- Instantiating /home/travis/build/icyphy/ptII/ptolemy/domains/de/test/auto/QueueAndServer.xml
5 ms. Memory: 435200K Free: 125743K (29%)
----------------- Invoking toplevel() on ptolemy.moml.MoMLSimpleApplication@5b8bd5ec
----------------- Done invoking toplevel() on ptolemy.moml.MoMLSimpleApplication@5b8bd5ec
reloadAllAccessors: .QueueAndServer
----------------- testing Sun May 13 01:04:47 UTC 2018 /home/travis/build/icyphy/ptII/ptolemy/domains/de/test/auto/Records.xml
----------------- Instantiating /home/travis/build/icyphy/ptII/ptolemy/domains/de/test/auto/Records.xml
3 ms. Memory: 435200K Free: 113556K (26%)
----------------- Invoking toplevel() on ptolemy.moml.MoMLSimpleApplication@20f5ac65
----------------- Done invoking toplevel() on ptolemy.moml.MoMLSimpleApplication@20f5ac65
reloadAllAccessors: .Records
----------------- testing Sun May 13 01:04:47 UTC 2018 /home/travis/build/icyphy/ptII/ptolemy/domains/de/test/auto/ResetTransitionWithStartTime1.xml
----------------- Instantiating /home/travis/build/icyphy/ptII/ptolemy/domains/de/test/auto/ResetTransitionWithStartTime1.xml
8 ms. Memory: 435200K Free: 102942K (24%)
----------------- Invoking toplevel() on ptolemy.moml.MoMLSimpleApplication@7d346c80
----------------- Done invoking toplevel() on ptolemy.moml.MoMLSimpleApplication@7d346c80
reloadAllAccessors: .ResetTransitionWithStartTime1
----------------- testing Sun May 13 01:04:47 UTC 2018 /home/travis/build/icyphy/ptII/ptolemy/domains/de/test/auto/ResetTransitionWithStartTime2.xml
----------------- Instantiating /home/travis/build/icyphy/ptII/ptolemy/domains/de/test/auto/ResetTransitionWithStartTime2.xml
4 ms. Memory: 435200K Free: 92312K (21%)
----------------- Invoking toplevel() on ptolemy.moml.MoMLSimpleApplication@601e3726
----------------- Done invoking toplevel() on ptolemy.moml.MoMLSimpleApplication@601e3726
reloadAllAccessors: .ResetTransitionWithStartTime2
----------------- testing Sun May 13 01:04:47 UTC 2018 /home/travis/build/icyphy/ptII/ptolemy/domains/de/test/auto/ResetTransitionWithStartTime3.xml
----------------- Instantiating /home/travis/build/icyphy/ptII/ptolemy/domains/de/test/auto/ResetTransitionWithStartTime3.xml
7 ms. Memory: 435200K Free: 80126K (18%)
----------------- Invoking toplevel() on ptolemy.moml.MoMLSimpleApplication@690ec052
----------------- Done invoking toplevel() on ptolemy.moml.MoMLSimpleApplication@690ec052
reloadAllAccessors: .ResetTransitionWithStartTime3
----------------- testing Sun May 13 01:04:47 UTC 2018 /home/travis/build/icyphy/ptII/ptolemy/domains/de/test/auto/ResetTransitionWithStartTime4.xml
----------------- Instantiating /home/travis/build/icyphy/ptII/ptolemy/domains/de/test/auto/ResetTransitionWithStartTime4.xml
9 ms. Memory: 419328K Free: 407997K (97%)
----------------- Invoking toplevel() on ptolemy.moml.MoMLSimpleApplication@471fcdfa
----------------- Done invoking toplevel() on ptolemy.moml.MoMLSimpleApplication@471fcdfa
reloadAllAccessors: .ResetTransitionWithStartTime4
----------------- testing Sun May 13 01:04:47 UTC 2018 /home/travis/build/icyphy/ptII/ptolemy/domains/de/test/auto/ResettableTimer1.xml
----------------- Instantiating /home/travis/build/icyphy/ptII/ptolemy/domains/de/test/auto/ResettableTimer1.xml
1 ms. Memory: 419328K Free: 398501K (95%)
----------------- Invoking toplevel() on ptolemy.moml.MoMLSimpleApplication@1b302d94
----------------- Done invoking toplevel() on ptolemy.moml.MoMLSimpleApplication@1b302d94
reloadAllAccessors: .ResettableTimer1
----------------- testing Sun May 13 01:04:47 UTC 2018 /home/travis/build/icyphy/ptII/ptolemy/domains/de/test/auto/ResettableTimer2.xml
----------------- Instantiating /home/travis/build/icyphy/ptII/ptolemy/domains/de/test/auto/ResettableTimer2.xml
6 ms. Memory: 419328K Free: 390737K (93%)
----------------- Invoking toplevel() on ptolemy.moml.MoMLSimpleApplication@749b4432
----------------- Done invoking toplevel() on ptolemy.moml.MoMLSimpleApplication@749b4432
reloadAllAccessors: .ResettableTimer2
----------------- testing Sun May 13 01:04:47 UTC 2018 /home/travis/build/icyphy/ptII/ptolemy/domains/de/test/auto/ResettableTimer3.xml
----------------- Instantiating /home/travis/build/icyphy/ptII/ptolemy/domains/de/test/auto/ResettableTimer3.xml
1 ms. Memory: 419328K Free: 383978K (92%)
----------------- Invoking toplevel() on ptolemy.moml.MoMLSimpleApplication@7a309725
----------------- Done invoking toplevel() on ptolemy.moml.MoMLSimpleApplication@7a309725
reloadAllAccessors: .ResettableTimer3
----------------- testing Sun May 13 01:04:47 UTC 2018 /home/travis/build/icyphy/ptII/ptolemy/domains/de/test/auto/ResettableTimer4.xml
----------------- Instantiating /home/travis/build/icyphy/ptII/ptolemy/domains/de/test/auto/ResettableTimer4.xml
1 ms. Memory: 419328K Free: 376214K (90%)
----------------- Invoking toplevel() on ptolemy.moml.MoMLSimpleApplication@60a7046a
----------------- Done invoking toplevel() on ptolemy.moml.MoMLSimpleApplication@60a7046a
reloadAllAccessors: .ResettableTimer4
----------------- testing Sun May 13 01:04:47 UTC 2018 /home/travis/build/icyphy/ptII/ptolemy/domains/de/test/auto/ResettableTimer5.xml
----------------- Instantiating /home/travis/build/icyphy/ptII/ptolemy/domains/de/test/auto/ResettableTimer5.xml
2 ms. Memory: 419328K Free: 369439K (88%)
----------------- Invoking toplevel() on ptolemy.moml.MoMLSimpleApplication@12622d86
----------------- Done invoking toplevel() on ptolemy.moml.MoMLSimpleApplication@12622d86
reloadAllAccessors: .ResettableTimer5
----------------- testing Sun May 13 01:04:47 UTC 2018 /home/travis/build/icyphy/ptII/ptolemy/domains/de/test/auto/ResettableTimer6.xml
----------------- Instantiating /home/travis/build/icyphy/ptII/ptolemy/domains/de/test/auto/ResettableTimer6.xml
1 ms. Memory: 419328K Free: 361683K (86%)
----------------- Invoking toplevel() on ptolemy.moml.MoMLSimpleApplication@4105c7d4
----------------- Done invoking toplevel() on ptolemy.moml.MoMLSimpleApplication@4105c7d4
reloadAllAccessors: .ResettableTimer6
----------------- testing Sun May 13 01:04:47 UTC 2018 /home/travis/build/icyphy/ptII/ptolemy/domains/de/test/auto/ServerZeroDelay.xml
----------------- Instantiating /home/travis/build/icyphy/ptII/ptolemy/domains/de/test/auto/ServerZeroDelay.xml
2 ms. Memory: 419328K Free: 354907K (85%)
----------------- Invoking toplevel() on ptolemy.moml.MoMLSimpleApplication@d108112
----------------- Done invoking toplevel() on ptolemy.moml.MoMLSimpleApplication@d108112
reloadAllAccessors: .ServerZeroDelay
----------------- testing Sun May 13 01:04:47 UTC 2018 /home/travis/build/icyphy/ptII/ptolemy/domains/de/test/auto/SmartSender.xml
----------------- Instantiating /home/travis/build/icyphy/ptII/ptolemy/domains/de/test/auto/SmartSender.xml
3003 ms. Memory: 419328K Free: 347134K (83%)
----------------- Invoking toplevel() on ptolemy.moml.MoMLSimpleApplication@b34783f
----------------- Done invoking toplevel() on ptolemy.moml.MoMLSimpleApplication@b34783f
reloadAllAccessors: .SmartSender
----------------- testing Sun May 13 01:04:50 UTC 2018 /home/travis/build/icyphy/ptII/ptolemy/domains/de/test/auto/ThreadedComposite.xml
----------------- Instantiating /home/travis/build/icyphy/ptII/ptolemy/domains/de/test/auto/ThreadedComposite.xml
101 ms. Memory: 419328K Free: 324573K (77%)
----------------- Invoking toplevel() on ptolemy.moml.MoMLSimpleApplication@5c80a2eb
----------------- Done invoking toplevel() on ptolemy.moml.MoMLSimpleApplication@5c80a2eb
reloadAllAccessors: .ThreadedComposite
----------------- testing Sun May 13 01:04:51 UTC 2018 /home/travis/build/icyphy/ptII/ptolemy/domains/de/test/auto/Time.xml
----------------- Instantiating /home/travis/build/icyphy/ptII/ptolemy/domains/de/test/auto/Time.xml
408 ms. Memory: 419328K Free: 267239K (64%)
----------------- Invoking toplevel() on ptolemy.moml.MoMLSimpleApplication@1c0ada2b
----------------- Done invoking toplevel() on ptolemy.moml.MoMLSimpleApplication@1c0ada2b
reloadAllAccessors: .Time
----------------- testing Sun May 13 01:04:51 UTC 2018 /home/travis/build/icyphy/ptII/ptolemy/domains/de/test/auto/TimeDelayZeroDelay.xml
----------------- Instantiating /home/travis/build/icyphy/ptII/ptolemy/domains/de/test/auto/TimeDelayZeroDelay.xml
2 ms. Memory: 419328K Free: 260472K (62%)
----------------- Invoking toplevel() on ptolemy.moml.MoMLSimpleApplication@30d51f31
----------------- Done invoking toplevel() on ptolemy.moml.MoMLSimpleApplication@30d51f31
reloadAllAccessors: .TimeDelayZeroDelay
----------------- testing Sun May 13 01:04:51 UTC 2018 /home/travis/build/icyphy/ptII/ptolemy/domains/de/test/auto/TimerZeroDelay.xml
----------------- Instantiating /home/travis/build/icyphy/ptII/ptolemy/domains/de/test/auto/TimerZeroDelay.xml
1 ms. Memory: 419328K Free: 252700K (60%)
----------------- Invoking toplevel() on ptolemy.moml.MoMLSimpleApplication@724f97eb
----------------- Done invoking toplevel() on ptolemy.moml.MoMLSimpleApplication@724f97eb
reloadAllAccessors: .TimerZeroDelay
----------------- testing Sun May 13 01:04:51 UTC 2018 /home/travis/build/icyphy/ptII/ptolemy/domains/de/test/auto/TimingParadox.xml
----------------- Instantiating /home/travis/build/icyphy/ptII/ptolemy/domains/de/test/auto/TimingParadox.xml
280 ms. Memory: 419328K Free: 182702K (44%)
----------------- Invoking toplevel() on ptolemy.moml.MoMLSimpleApplication@1a45fa1d
----------------- Done invoking toplevel() on ptolemy.moml.MoMLSimpleApplication@1a45fa1d
reloadAllAccessors: .TimingParadox
----------------- testing Sun May 13 01:04:51 UTC 2018 /home/travis/build/icyphy/ptII/ptolemy/domains/de/test/auto/TransferInputs.xml
----------------- Instantiating /home/travis/build/icyphy/ptII/ptolemy/domains/de/test/auto/TransferInputs.xml
1 ms. Memory: 419328K Free: 174945K (42%)
----------------- Invoking toplevel() on ptolemy.moml.MoMLSimpleApplication@1957ba21
----------------- Done invoking toplevel() on ptolemy.moml.MoMLSimpleApplication@1957ba21
reloadAllAccessors: .TransferInputs
----------------- testing Sun May 13 01:04:51 UTC 2018 /home/travis/build/icyphy/ptII/ptolemy/domains/de/test/auto/TransferOutputs2.xml
----------------- Instantiating /home/travis/build/icyphy/ptII/ptolemy/domains/de/test/auto/TransferOutputs2.xml
2 ms. Memory: 419328K Free: 165917K (40%)
----------------- Invoking toplevel() on ptolemy.moml.MoMLSimpleApplication@67d5f1c0
----------------- Done invoking toplevel() on ptolemy.moml.MoMLSimpleApplication@67d5f1c0
reloadAllAccessors: .TransferOutputs2
----------------- testing Sun May 13 01:04:51 UTC 2018 /home/travis/build/icyphy/ptII/ptolemy/domains/de/test/auto/Trilateration.xml
----------------- Instantiating /home/travis/build/icyphy/ptII/ptolemy/domains/de/test/auto/Trilateration.xml
11521 ms. Memory: 398336K Free: 143209K (36%)
----------------- Invoking toplevel() on ptolemy.moml.MoMLSimpleApplication@3695f840
----------------- Done invoking toplevel() on ptolemy.moml.MoMLSimpleApplication@3695f840
reloadAllAccessors: .Trilateration
----------------- testing Sun May 13 01:05:04 UTC 2018 /home/travis/build/icyphy/ptII/ptolemy/domains/de/test/auto/TwoSigmaDelta.xml
----------------- Instantiating /home/travis/build/icyphy/ptII/ptolemy/domains/de/test/auto/TwoSigmaDelta.xml
1970 ms. Memory: 389120K Free: 153382K (39%)
----------------- Invoking toplevel() on ptolemy.moml.MoMLSimpleApplication@37668cf1
----------------- Done invoking toplevel() on ptolemy.moml.MoMLSimpleApplication@37668cf1
reloadAllAccessors: .TwoSigmaDelta
----------------- testing Sun May 13 01:05:06 UTC 2018 /home/travis/build/icyphy/ptII/ptolemy/domains/de/test/auto/VariableDelay.xml
----------------- Instantiating /home/travis/build/icyphy/ptII/ptolemy/domains/de/test/auto/VariableDelay.xml
2 ms. Memory: 389120K Free: 140268K (36%)
----------------- Invoking toplevel() on ptolemy.moml.MoMLSimpleApplication@19535e88
----------------- Done invoking toplevel() on ptolemy.moml.MoMLSimpleApplication@19535e88
reloadAllAccessors: .VariableDelay
----------------- testing Sun May 13 01:05:06 UTC 2018 /home/travis/build/icyphy/ptII/ptolemy/domains/de/test/auto/VariableDelay2.xml
----------------- Instantiating /home/travis/build/icyphy/ptII/ptolemy/domains/de/test/auto/VariableDelay2.xml
1 ms. Memory: 389120K Free: 130768K (34%)
----------------- Invoking toplevel() on ptolemy.moml.MoMLSimpleApplication@6f3b2138
----------------- Done invoking toplevel() on ptolemy.moml.MoMLSimpleApplication@6f3b2138
reloadAllAccessors: .VariableDelay2
----------------- testing Sun May 13 01:05:06 UTC 2018 /home/travis/build/icyphy/ptII/ptolemy/domains/de/test/auto/VariableDelayZeroDelay.xml
----------------- Instantiating /home/travis/build/icyphy/ptII/ptolemy/domains/de/test/auto/VariableDelayZeroDelay.xml
2 ms. Memory: 389120K Free: 124302K (32%)
----------------- Invoking toplevel() on ptolemy.moml.MoMLSimpleApplication@3512d2ad
----------------- Done invoking toplevel() on ptolemy.moml.MoMLSimpleApplication@3512d2ad
reloadAllAccessors: .VariableDelayZeroDelay
----------------- testing Sun May 13 01:05:06 UTC 2018 /home/travis/build/icyphy/ptII/ptolemy/domains/de/test/auto/VariableDelayZeroDelay2.xml
----------------- Instantiating /home/travis/build/icyphy/ptII/ptolemy/domains/de/test/auto/VariableDelayZeroDelay2.xml
2 ms. Memory: 389120K Free: 114389K (29%)
----------------- Invoking toplevel() on ptolemy.moml.MoMLSimpleApplication@4a3d28ed
----------------- Done invoking toplevel() on ptolemy.moml.MoMLSimpleApplication@4a3d28ed
reloadAllAccessors: .VariableDelayZeroDelay2
----------------- testing Sun May 13 01:05:06 UTC 2018 /home/travis/build/icyphy/ptII/ptolemy/domains/de/test/auto/deInCt.xml
----------------- Instantiating /home/travis/build/icyphy/ptII/ptolemy/domains/de/test/auto/deInCt.xml
0
1
1
1
1
1
1
1
1
1
0
0
0
1
1
1
1
0
0
0
1
1
1
1
11 ms. Memory: 389120K Free: 104879K (27%)
----------------- Invoking toplevel() on ptolemy.moml.MoMLSimpleApplication@6413788c
----------------- Done invoking toplevel() on ptolemy.moml.MoMLSimpleApplication@6413788c
reloadAllAccessors: .deInCt
----------------- testing Sun May 13 01:05:06 UTC 2018 /home/travis/build/icyphy/ptII/ptolemy/domains/de/test/auto/deInCt2.xml
----------------- Instantiating /home/travis/build/icyphy/ptII/ptolemy/domains/de/test/auto/deInCt2.xml
0
1
1
1
0
0
1
1
1
0
0
1
1
1
0
0
1
1
1
0
0
1
1
1
0
0
1
1
1
0
0
1
1
1
0
0
1
1
1
0
0
0
7 ms. Memory: 389120K Free: 95379K (25%)
----------------- Invoking toplevel() on ptolemy.moml.MoMLSimpleApplication@2fa49f9c
----------------- Done invoking toplevel() on ptolemy.moml.MoMLSimpleApplication@2fa49f9c
reloadAllAccessors: .deInCt2
----------------- testing Sun May 13 01:05:06 UTC 2018 /home/travis/build/icyphy/ptII/ptolemy/domains/de/test/auto/dynamicCausalityInterface1.xml
----------------- Instantiating /home/travis/build/icyphy/ptII/ptolemy/domains/de/test/auto/dynamicCausalityInterface1.xml
1 ms. Memory: 389120K Free: 79390K (20%)
----------------- Invoking toplevel() on ptolemy.moml.MoMLSimpleApplication@1b2c3589
----------------- Done invoking toplevel() on ptolemy.moml.MoMLSimpleApplication@1b2c3589
reloadAllAccessors: .dynamicCausalityInterface1
----------------- testing Sun May 13 01:05:06 UTC 2018 /home/travis/build/icyphy/ptII/ptolemy/domains/de/test/auto/fsm_de_test.xml
----------------- Instantiating /home/travis/build/icyphy/ptII/ptolemy/domains/de/test/auto/fsm_de_test.xml
5 ms. Memory: 389120K Free: 66864K (17%)
----------------- Invoking toplevel() on ptolemy.moml.MoMLSimpleApplication@12d71150
----------------- Done invoking toplevel() on ptolemy.moml.MoMLSimpleApplication@12d71150
reloadAllAccessors: .fsm_de_test
----------------- testing Sun May 13 01:05:06 UTC 2018 /home/travis/build/icyphy/ptII/ptolemy/domains/de/test/auto/functionDependencyReconstruction.xml
----------------- Instantiating /home/travis/build/icyphy/ptII/ptolemy/domains/de/test/auto/functionDependencyReconstruction.xml
2 ms. Memory: 371200K Free: 331781K (89%)
----------------- Invoking toplevel() on ptolemy.moml.MoMLSimpleApplication@5907203b
----------------- Done invoking toplevel() on ptolemy.moml.MoMLSimpleApplication@5907203b
reloadAllAccessors: .functionDependencyReconstruction
----------------- testing Sun May 13 01:05:06 UTC 2018 /home/travis/build/icyphy/ptII/ptolemy/domains/de/test/auto/multirate.xml
----------------- Instantiating /home/travis/build/icyphy/ptII/ptolemy/domains/de/test/auto/multirate.xml
2 ms. Memory: 371200K Free: 322503K (87%)
----------------- Invoking toplevel() on ptolemy.moml.MoMLSimpleApplication@608f66a9
----------------- Done invoking toplevel() on ptolemy.moml.MoMLSimpleApplication@608f66a9
reloadAllAccessors: .multirate
----------------- testing Sun May 13 01:05:06 UTC 2018 /home/travis/build/icyphy/ptII/ptolemy/domains/de/test/auto/multirate2.xml
----------------- Instantiating /home/travis/build/icyphy/ptII/ptolemy/domains/de/test/auto/multirate2.xml
3 ms. Memory: 371200K Free: 313226K (84%)
----------------- Invoking toplevel() on ptolemy.moml.MoMLSimpleApplication@731ab164
----------------- Done invoking toplevel() on ptolemy.moml.MoMLSimpleApplication@731ab164
reloadAllAccessors: .multirate2
----------------- testing Sun May 13 01:05:06 UTC 2018 /home/travis/build/icyphy/ptII/ptolemy/domains/de/test/auto/realtime.xml
----------------- Instantiating /home/travis/build/icyphy/ptII/ptolemy/domains/de/test/auto/realtime.xml
10001 ms. Memory: 371200K Free: 303958K (82%)
----------------- Invoking toplevel() on ptolemy.moml.MoMLSimpleApplication@69306988
----------------- Done invoking toplevel() on ptolemy.moml.MoMLSimpleApplication@69306988
reloadAllAccessors: .realtime
----------------- testing Sun May 13 01:05:16 UTC 2018 /home/travis/build/icyphy/ptII/ptolemy/domains/de/test/auto/relationGroup.xml
----------------- Instantiating /home/travis/build/icyphy/ptII/ptolemy/domains/de/test/auto/relationGroup.xml
1 ms. Memory: 371200K Free: 297589K (80%)
----------------- Invoking toplevel() on ptolemy.moml.MoMLSimpleApplication@5aabfbba
----------------- Done invoking toplevel() on ptolemy.moml.MoMLSimpleApplication@5aabfbba
reloadAllAccessors: .relationGroup
----------------- testing Sun May 13 01:05:16 UTC 2018 /home/travis/build/icyphy/ptII/ptolemy/domains/de/test/auto/relationGroup2.xml
----------------- Instantiating /home/travis/build/icyphy/ptII/ptolemy/domains/de/test/auto/relationGroup2.xml
3 ms. Memory: 371200K Free: 291221K (78%)
----------------- Invoking toplevel() on ptolemy.moml.MoMLSimpleApplication@1dd401e1
----------------- Done invoking toplevel() on ptolemy.moml.MoMLSimpleApplication@1dd401e1
reloadAllAccessors: .relationGroup2
----------------- testing Sun May 13 01:05:16 UTC 2018 /home/travis/build/icyphy/ptII/ptolemy/domains/de/test/auto/sortWithOpaquePorts.xml
----------------- Instantiating /home/travis/build/icyphy/ptII/ptolemy/domains/de/test/auto/sortWithOpaquePorts.xml
1 ms. Memory: 371200K Free: 281960K (76%)
----------------- Invoking toplevel() on ptolemy.moml.MoMLSimpleApplication@52f1f3b4
----------------- Done invoking toplevel() on ptolemy.moml.MoMLSimpleApplication@52f1f3b4
reloadAllAccessors: .sortWithOpaquePorts
----------------- testing Sun May 13 01:05:16 UTC 2018 /home/travis/build/icyphy/ptII/ptolemy/domains/de/test/auto/transferInputsandOutputs.xml
----------------- Instantiating /home/travis/build/icyphy/ptII/ptolemy/domains/de/test/auto/transferInputsandOutputs.xml
1 ms. Memory: 371200K Free: 272683K (73%)
----------------- Invoking toplevel() on ptolemy.moml.MoMLSimpleApplication@5573b6f3
----------------- Done invoking toplevel() on ptolemy.moml.MoMLSimpleApplication@5573b6f3
reloadAllAccessors: .transferInputsandOutputs
----------------- testing Sun May 13 01:05:16 UTC 2018 /home/travis/build/icyphy/ptII/ptolemy/domains/de/test/auto/triggerType.xml
----------------- Instantiating /home/travis/build/icyphy/ptII/ptolemy/domains/de/test/auto/triggerType.xml
1 ms. Memory: 371200K Free: 263406K (71%)
----------------- Invoking toplevel() on ptolemy.moml.MoMLSimpleApplication@1113b8ed
----------------- Done invoking toplevel() on ptolemy.moml.MoMLSimpleApplication@1113b8ed
reloadAllAccessors: .triggerType
AutoTests.java: About to close Vertx.
AutoTests.java: Vertx closed.
]]></system-out>
  <system-err><![CDATA[java.lang.RuntimeException: Execution failed
	at ptolemy.moml.MoMLSimpleApplication$UnloadThread.run(MoMLSimpleApplication.java:402)
Caused by: ptolemy.kernel.util.IllegalActionException: Found a zero delay loop containing .dependencyLoop.original
  in .dependencyLoop and .dependencyLoop.original
	at ptolemy.actor.util.CausalityInterfaceForComposites._computeOutputPortDepth(CausalityInterfaceForComposites.java:759)
	at ptolemy.actor.util.CausalityInterfaceForComposites._computeInputDepth(CausalityInterfaceForComposites.java:696)
	at ptolemy.actor.util.CausalityInterfaceForComposites._computeOutputPortDepth(CausalityInterfaceForComposites.java:765)
	at ptolemy.actor.util.CausalityInterfaceForComposites._computeInputDepth(CausalityInterfaceForComposites.java:696)
	at ptolemy.actor.util.CausalityInterfaceForComposites._computeOutputPortDepth(CausalityInterfaceForComposites.java:765)
	at ptolemy.actor.util.CausalityInterfaceForComposites._computeInputDepth(CausalityInterfaceForComposites.java:696)
	at ptolemy.actor.util.CausalityInterfaceForComposites._computeActorDepth(CausalityInterfaceForComposites.java:532)
	at ptolemy.actor.util.CausalityInterfaceForComposites.checkForCycles(CausalityInterfaceForComposites.java:96)
	at ptolemy.domains.de.kernel.DEDirector.preinitialize(DEDirector.java:1337)
	at ptolemy.actor.CompositeActor.preinitialize(CompositeActor.java:1828)
	at ptolemy.actor.Manager.preinitializeAndResolveTypes(Manager.java:1040)
	at ptolemy.actor.Manager.initialize(Manager.java:710)
	at ptolemy.actor.Manager.execute(Manager.java:356)
	at ptolemy.actor.Manager.run(Manager.java:1263)
	at ptolemy.actor.Manager$PtolemyRunThread.run(Manager.java:1915)
java.lang.RuntimeException: Execution failed
	at ptolemy.moml.MoMLSimpleApplication$UnloadThread.run(MoMLSimpleApplication.java:402)
Caused by: ptolemy.kernel.util.IllegalActionException: Found a zero delay loop containing .dependencyLoop2.original
  in .dependencyLoop2 and .dependencyLoop2.original
	at ptolemy.actor.util.CausalityInterfaceForComposites._computeOutputPortDepth(CausalityInterfaceForComposites.java:759)
	at ptolemy.actor.util.CausalityInterfaceForComposites._computeInputDepth(CausalityInterfaceForComposites.java:696)
	at ptolemy.actor.util.CausalityInterfaceForComposites._computeOutputPortDepth(CausalityInterfaceForComposites.java:765)
	at ptolemy.actor.util.CausalityInterfaceForComposites._computeInputDepth(CausalityInterfaceForComposites.java:696)
	at ptolemy.actor.util.CausalityInterfaceForComposites._computeOutputPortDepth(CausalityInterfaceForComposites.java:765)
	at ptolemy.actor.util.CausalityInterfaceForComposites._computeInputDepth(CausalityInterfaceForComposites.java:696)
	at ptolemy.actor.util.CausalityInterfaceForComposites._computeActorDepth(CausalityInterfaceForComposites.java:532)
	at ptolemy.actor.util.CausalityInterfaceForComposites.checkForCycles(CausalityInterfaceForComposites.java:96)
	at ptolemy.domains.de.kernel.DEDirector.preinitialize(DEDirector.java:1337)
	at ptolemy.actor.CompositeActor.preinitialize(CompositeActor.java:1828)
	at ptolemy.actor.Manager.preinitializeAndResolveTypes(Manager.java:1040)
	at ptolemy.actor.Manager.initialize(Manager.java:710)
	at ptolemy.actor.Manager.execute(Manager.java:356)
	at ptolemy.actor.Manager.run(Manager.java:1263)
	at ptolemy.actor.Manager$PtolemyRunThread.run(Manager.java:1915)
java.lang.RuntimeException: Execution failed
	at ptolemy.moml.MoMLSimpleApplication$UnloadThread.run(MoMLSimpleApplication.java:402)
Caused by: ptolemy.kernel.util.IllegalActionException: Found a zero delay loop containing .dependencyLoop.original
  in .dependencyLoop and .dependencyLoop.original
	at ptolemy.actor.util.CausalityInterfaceForComposites._computeOutputPortDepth(CausalityInterfaceForComposites.java:759)
	at ptolemy.actor.util.CausalityInterfaceForComposites._computeInputDepth(CausalityInterfaceForComposites.java:696)
	at ptolemy.actor.util.CausalityInterfaceForComposites._computeOutputPortDepth(CausalityInterfaceForComposites.java:765)
	at ptolemy.actor.util.CausalityInterfaceForComposites._computeInputDepth(CausalityInterfaceForComposites.java:696)
	at ptolemy.actor.util.CausalityInterfaceForComposites._computeOutputPortDepth(CausalityInterfaceForComposites.java:765)
	at ptolemy.actor.util.CausalityInterfaceForComposites._computeInputDepth(CausalityInterfaceForComposites.java:696)
	at ptolemy.actor.util.CausalityInterfaceForComposites._computeActorDepth(CausalityInterfaceForComposites.java:532)
	at ptolemy.actor.util.CausalityInterfaceForComposites.checkForCycles(CausalityInterfaceForComposites.java:96)
	at ptolemy.domains.de.kernel.DEDirector.preinitialize(DEDirector.java:1337)
	at ptolemy.actor.CompositeActor.preinitialize(CompositeActor.java:1828)
	at ptolemy.actor.Manager.preinitializeAndResolveTypes(Manager.java:1040)
	at ptolemy.actor.Manager.initialize(Manager.java:710)
	at ptolemy.actor.Manager.execute(Manager.java:356)
	at ptolemy.actor.Manager.run(Manager.java:1263)
	at ptolemy.actor.Manager$PtolemyRunThread.run(Manager.java:1915)
java.lang.RuntimeException: Execution failed
	at ptolemy.moml.MoMLSimpleApplication$UnloadThread.run(MoMLSimpleApplication.java:402)
Caused by: ptolemy.kernel.util.IllegalActionException: Actor is not ready to fire.  Perhaps UpSample.prefire() returned false? Try debugging the actor by selecting "Listen to Actor".  Also, for SDF check moml for tokenConsumptionRate on input.
  in .DESDFClockTest.Play Bell.Copy1:SDF Director and .DESDFClockTest.Play Bell.UpSample
	at ptolemy.actor.sched.StaticSchedulingDirector.fire(StaticSchedulingDirector.java:227)
	at ptolemy.domains.sdf.kernel.SDFDirector.fire(SDFDirector.java:500)
	at ptolemy.actor.CompositeActor.fire(CompositeActor.java:455)
	at ptolemy.domains.de.kernel.DEDirector._fire(DEDirector.java:1948)
	at ptolemy.domains.de.kernel.DEDirector.fire(DEDirector.java:502)
	at ptolemy.actor.CompositeActor.fire(CompositeActor.java:455)
	at ptolemy.actor.Manager.iterate(Manager.java:851)
	at ptolemy.actor.Manager.execute(Manager.java:369)
	at ptolemy.actor.Manager.run(Manager.java:1263)
	at ptolemy.actor.Manager$PtolemyRunThread.run(Manager.java:1915)
java.lang.RuntimeException: Execution failed
	at ptolemy.moml.MoMLSimpleApplication$UnloadThread.run(MoMLSimpleApplication.java:402)
Caused by: ptolemy.kernel.util.IllegalActionException: Found a zero delay loop containing .dependencyLoop2.original
  in .dependencyLoop2 and .dependencyLoop2.original
	at ptolemy.actor.util.CausalityInterfaceForComposites._computeOutputPortDepth(CausalityInterfaceForComposites.java:759)
	at ptolemy.actor.util.CausalityInterfaceForComposites._computeInputDepth(CausalityInterfaceForComposites.java:696)
	at ptolemy.actor.util.CausalityInterfaceForComposites._computeOutputPortDepth(CausalityInterfaceForComposites.java:765)
	at ptolemy.actor.util.CausalityInterfaceForComposites._computeInputDepth(CausalityInterfaceForComposites.java:696)
	at ptolemy.actor.util.CausalityInterfaceForComposites._computeOutputPortDepth(CausalityInterfaceForComposites.java:765)
	at ptolemy.actor.util.CausalityInterfaceForComposites._computeInputDepth(CausalityInterfaceForComposites.java:696)
	at ptolemy.actor.util.CausalityInterfaceForComposites._computeActorDepth(CausalityInterfaceForComposites.java:532)
	at ptolemy.actor.util.CausalityInterfaceForComposites.checkForCycles(CausalityInterfaceForComposites.java:96)
	at ptolemy.domains.de.kernel.DEDirector.preinitialize(DEDirector.java:1337)
	at ptolemy.actor.CompositeActor.preinitialize(CompositeActor.java:1828)
	at ptolemy.actor.Manager.preinitializeAndResolveTypes(Manager.java:1040)
	at ptolemy.actor.Manager.initialize(Manager.java:710)
	at ptolemy.actor.Manager.execute(Manager.java:356)
	at ptolemy.actor.Manager.run(Manager.java:1263)
	at ptolemy.actor.Manager$PtolemyRunThread.run(Manager.java:1915)
java.lang.RuntimeException: Execution failed
	at ptolemy.moml.MoMLSimpleApplication$UnloadThread.run(MoMLSimpleApplication.java:402)
Caused by: ptolemy.kernel.util.IllegalActionException: Found a zero delay loop containing .HierarchicalModel.A
  in .HierarchicalModel and .HierarchicalModel.A
	at ptolemy.actor.util.CausalityInterfaceForComposites._computeOutputPortDepth(CausalityInterfaceForComposites.java:759)
	at ptolemy.actor.util.CausalityInterfaceForComposites._computeInputDepth(CausalityInterfaceForComposites.java:696)
	at ptolemy.actor.util.CausalityInterfaceForComposites._computeOutputPortDepth(CausalityInterfaceForComposites.java:765)
	at ptolemy.actor.util.CausalityInterfaceForComposites._computeInputDepth(CausalityInterfaceForComposites.java:696)
	at ptolemy.actor.util.CausalityInterfaceForComposites._computeOutputPortDepth(CausalityInterfaceForComposites.java:765)
	at ptolemy.actor.util.CausalityInterfaceForComposites._computeInputDepth(CausalityInterfaceForComposites.java:696)
	at ptolemy.actor.util.CausalityInterfaceForComposites._computeActorDepth(CausalityInterfaceForComposites.java:532)
	at ptolemy.actor.util.CausalityInterfaceForComposites.checkForCycles(CausalityInterfaceForComposites.java:96)
	at ptolemy.domains.de.kernel.DEDirector.preinitialize(DEDirector.java:1337)
	at ptolemy.actor.CompositeActor.preinitialize(CompositeActor.java:1828)
	at ptolemy.actor.Manager.preinitializeAndResolveTypes(Manager.java:1040)
	at ptolemy.actor.Manager.initialize(Manager.java:710)
	at ptolemy.actor.Manager.execute(Manager.java:356)
	at ptolemy.actor.Manager.run(Manager.java:1263)
	at ptolemy.actor.Manager$PtolemyRunThread.run(Manager.java:1915)
java.lang.RuntimeException: Execution failed
	at ptolemy.moml.MoMLSimpleApplication$UnloadThread.run(MoMLSimpleApplication.java:402)
Caused by: ptolemy.kernel.util.IllegalActionException: Test fails in iteration 1.
Value was: 1.0. Should have been: 2.0
  in .DirectFeedback.Test
	at ptolemy.actor.lib.Test.fire(Test.java:268)
	at ptolemy.domains.de.kernel.DEDirector._fire(DEDirector.java:1948)
	at ptolemy.domains.de.kernel.DEDirector.fire(DEDirector.java:502)
	at ptolemy.actor.CompositeActor.fire(CompositeActor.java:455)
	at ptolemy.actor.Manager.iterate(Manager.java:851)
	at ptolemy.actor.Manager.execute(Manager.java:369)
	at ptolemy.actor.Manager.run(Manager.java:1263)
	at ptolemy.actor.Manager$PtolemyRunThread.run(Manager.java:1915)
java.lang.RuntimeException: Execution failed
	at ptolemy.moml.MoMLSimpleApplication$UnloadThread.run(MoMLSimpleApplication.java:402)
Caused by: ptolemy.kernel.util.IllegalActionException: Actor is not ready to fire.  Perhaps UpSample.prefire() returned false? Try debugging the actor by selecting "Listen to Actor".  Also, for SDF check moml for tokenConsumptionRate on input.
  in .DESDFClockTest.Play Bell.Copy1:SDF Director and .DESDFClockTest.Play Bell.UpSample
	at ptolemy.actor.sched.StaticSchedulingDirector.fire(StaticSchedulingDirector.java:227)
	at ptolemy.domains.sdf.kernel.SDFDirector.fire(SDFDirector.java:500)
	at ptolemy.actor.CompositeActor.fire(CompositeActor.java:455)
	at ptolemy.domains.de.kernel.DEDirector._fire(DEDirector.java:1948)
	at ptolemy.domains.de.kernel.DEDirector.fire(DEDirector.java:502)
	at ptolemy.actor.CompositeActor.fire(CompositeActor.java:455)
	at ptolemy.actor.Manager.iterate(Manager.java:851)
	at ptolemy.actor.Manager.execute(Manager.java:369)
	at ptolemy.actor.Manager.run(Manager.java:1263)
	at ptolemy.actor.Manager$PtolemyRunThread.run(Manager.java:1915)
java.lang.reflect.InvocationTargetException
	at sun.reflect.NativeConstructorAccessorImpl.newInstance0(Native Method)
	at sun.reflect.NativeConstructorAccessorImpl.newInstance(NativeConstructorAccessorImpl.java:62)
	at sun.reflect.DelegatingConstructorAccessorImpl.newInstance(DelegatingConstructorAccessorImpl.java:45)
	at java.lang.reflect.Constructor.newInstance(Constructor.java:423)
	at ptolemy.util.test.junit.AutoKnownFailedTests.RunModel(AutoKnownFailedTests.java:107)
	at sun.reflect.NativeMethodAccessorImpl.invoke0(Native Method)
	at sun.reflect.NativeMethodAccessorImpl.invoke(NativeMethodAccessorImpl.java:62)
	at sun.reflect.DelegatingMethodAccessorImpl.invoke(DelegatingMethodAccessorImpl.java:43)
	at java.lang.reflect.Method.invoke(Method.java:498)
	at org.junit.runners.model.FrameworkMethod$1.runReflectiveCall(FrameworkMethod.java:44)
	at org.junit.internal.runners.model.ReflectiveCallable.run(ReflectiveCallable.java:15)
	at org.junit.runners.model.FrameworkMethod.invokeExplosively(FrameworkMethod.java:41)
	at junitparams.internal.InvokeParameterisedMethod.evaluate(InvokeParameterisedMethod.java:102)
	at org.junit.internal.runners.statements.FailOnTimeout$1.run(FailOnTimeout.java:28)
Caused by: ptolemy.kernel.util.IllegalActionException: Actor is not ready to fire.  Perhaps UpSample.prefire() returned false? Try debugging the actor by selecting "Listen to Actor".  Also, for SDF check moml for tokenConsumptionRate on input.
  in .DESDFClockTest.Play Bell.Copy1:SDF Director and .DESDFClockTest.Play Bell.UpSample
	at ptolemy.actor.sched.StaticSchedulingDirector.fire(StaticSchedulingDirector.java:227)
	at ptolemy.domains.sdf.kernel.SDFDirector.fire(SDFDirector.java:500)
	at ptolemy.actor.CompositeActor.fire(CompositeActor.java:455)
	at ptolemy.domains.de.kernel.DEDirector._fire(DEDirector.java:1948)
	at ptolemy.domains.de.kernel.DEDirector.fire(DEDirector.java:502)
	at ptolemy.actor.CompositeActor.fire(CompositeActor.java:455)
	at ptolemy.actor.Manager.iterate(Manager.java:851)
	at ptolemy.actor.Manager.execute(Manager.java:369)
	at ptolemy.actor.Manager.run(Manager.java:1263)
	at ptolemy.actor.Manager$PtolemyRunThread.run(Manager.java:1915)
java.lang.RuntimeException: Execution failed
	at ptolemy.moml.MoMLSimpleApplication$UnloadThread.run(MoMLSimpleApplication.java:402)
Caused by: ptolemy.kernel.util.IllegalActionException: Test fails in iteration 1.
Value was: 1.0. Should have been: 2.0
  in .DirectFeedback.Test
	at ptolemy.actor.lib.Test.fire(Test.java:268)
	at ptolemy.domains.de.kernel.DEDirector._fire(DEDirector.java:1948)
	at ptolemy.domains.de.kernel.DEDirector.fire(DEDirector.java:502)
	at ptolemy.actor.CompositeActor.fire(CompositeActor.java:455)
	at ptolemy.actor.Manager.iterate(Manager.java:851)
	at ptolemy.actor.Manager.execute(Manager.java:369)
	at ptolemy.actor.Manager.run(Manager.java:1263)
	at ptolemy.actor.Manager$PtolemyRunThread.run(Manager.java:1915)
java.lang.reflect.InvocationTargetException
	at sun.reflect.NativeConstructorAccessorImpl.newInstance0(Native Method)
	at sun.reflect.NativeConstructorAccessorImpl.newInstance(NativeConstructorAccessorImpl.java:62)
	at sun.reflect.DelegatingConstructorAccessorImpl.newInstance(DelegatingConstructorAccessorImpl.java:45)
	at java.lang.reflect.Constructor.newInstance(Constructor.java:423)
	at ptolemy.util.test.junit.AutoKnownFailedTests.RunModel(AutoKnownFailedTests.java:107)
	at sun.reflect.NativeMethodAccessorImpl.invoke0(Native Method)
	at sun.reflect.NativeMethodAccessorImpl.invoke(NativeMethodAccessorImpl.java:62)
	at sun.reflect.DelegatingMethodAccessorImpl.invoke(DelegatingMethodAccessorImpl.java:43)
	at java.lang.reflect.Method.invoke(Method.java:498)
	at org.junit.runners.model.FrameworkMethod$1.runReflectiveCall(FrameworkMethod.java:44)
	at org.junit.internal.runners.model.ReflectiveCallable.run(ReflectiveCallable.java:15)
	at org.junit.runners.model.FrameworkMethod.invokeExplosively(FrameworkMethod.java:41)
	at junitparams.internal.InvokeParameterisedMethod.evaluate(InvokeParameterisedMethod.java:102)
	at org.junit.internal.runners.statements.FailOnTimeout$1.run(FailOnTimeout.java:28)
Caused by: ptolemy.kernel.util.IllegalActionException: Test fails in iteration 1.
Value was: 1.0. Should have been: 2.0
  in .DirectFeedback.Test
	at ptolemy.actor.lib.Test.fire(Test.java:268)
	at ptolemy.domains.de.kernel.DEDirector._fire(DEDirector.java:1948)
	at ptolemy.domains.de.kernel.DEDirector.fire(DEDirector.java:502)
	at ptolemy.actor.CompositeActor.fire(CompositeActor.java:455)
	at ptolemy.actor.Manager.iterate(Manager.java:851)
	at ptolemy.actor.Manager.execute(Manager.java:369)
	at ptolemy.actor.Manager.run(Manager.java:1263)
	at ptolemy.actor.Manager$PtolemyRunThread.run(Manager.java:1915)
java.lang.RuntimeException: Execution failed
	at ptolemy.moml.MoMLSimpleApplication$UnloadThread.run(MoMLSimpleApplication.java:402)
Caused by: ptolemy.kernel.util.IllegalActionException: Found a zero delay loop containing .HierarchicalModel.A
  in .HierarchicalModel and .HierarchicalModel.A
	at ptolemy.actor.util.CausalityInterfaceForComposites._computeOutputPortDepth(CausalityInterfaceForComposites.java:759)
	at ptolemy.actor.util.CausalityInterfaceForComposites._computeInputDepth(CausalityInterfaceForComposites.java:696)
	at ptolemy.actor.util.CausalityInterfaceForComposites._computeOutputPortDepth(CausalityInterfaceForComposites.java:765)
	at ptolemy.actor.util.CausalityInterfaceForComposites._computeInputDepth(CausalityInterfaceForComposites.java:696)
	at ptolemy.actor.util.CausalityInterfaceForComposites._computeOutputPortDepth(CausalityInterfaceForComposites.java:765)
	at ptolemy.actor.util.CausalityInterfaceForComposites._computeInputDepth(CausalityInterfaceForComposites.java:696)
	at ptolemy.actor.util.CausalityInterfaceForComposites._computeActorDepth(CausalityInterfaceForComposites.java:532)
	at ptolemy.actor.util.CausalityInterfaceForComposites.checkForCycles(CausalityInterfaceForComposites.java:96)
	at ptolemy.domains.de.kernel.DEDirector.preinitialize(DEDirector.java:1337)
	at ptolemy.actor.CompositeActor.preinitialize(CompositeActor.java:1828)
	at ptolemy.actor.Manager.preinitializeAndResolveTypes(Manager.java:1040)
	at ptolemy.actor.Manager.initialize(Manager.java:710)
	at ptolemy.actor.Manager.execute(Manager.java:356)
	at ptolemy.actor.Manager.run(Manager.java:1263)
	at ptolemy.actor.Manager$PtolemyRunThread.run(Manager.java:1915)
java.lang.reflect.InvocationTargetException
	at sun.reflect.NativeConstructorAccessorImpl.newInstance0(Native Method)
	at sun.reflect.NativeConstructorAccessorImpl.newInstance(NativeConstructorAccessorImpl.java:62)
	at sun.reflect.DelegatingConstructorAccessorImpl.newInstance(DelegatingConstructorAccessorImpl.java:45)
	at java.lang.reflect.Constructor.newInstance(Constructor.java:423)
	at ptolemy.util.test.junit.AutoKnownFailedTests.RunModel(AutoKnownFailedTests.java:107)
	at sun.reflect.NativeMethodAccessorImpl.invoke0(Native Method)
	at sun.reflect.NativeMethodAccessorImpl.invoke(NativeMethodAccessorImpl.java:62)
	at sun.reflect.DelegatingMethodAccessorImpl.invoke(DelegatingMethodAccessorImpl.java:43)
	at java.lang.reflect.Method.invoke(Method.java:498)
	at org.junit.runners.model.FrameworkMethod$1.runReflectiveCall(FrameworkMethod.java:44)
	at org.junit.internal.runners.model.ReflectiveCallable.run(ReflectiveCallable.java:15)
	at org.junit.runners.model.FrameworkMethod.invokeExplosively(FrameworkMethod.java:41)
	at junitparams.internal.InvokeParameterisedMethod.evaluate(InvokeParameterisedMethod.java:102)
	at org.junit.internal.runners.statements.FailOnTimeout$1.run(FailOnTimeout.java:28)
Caused by: ptolemy.kernel.util.IllegalActionException: Found a zero delay loop containing .HierarchicalModel.A
  in .HierarchicalModel and .HierarchicalModel.A
	at ptolemy.actor.util.CausalityInterfaceForComposites._computeOutputPortDepth(CausalityInterfaceForComposites.java:759)
	at ptolemy.actor.util.CausalityInterfaceForComposites._computeInputDepth(CausalityInterfaceForComposites.java:696)
	at ptolemy.actor.util.CausalityInterfaceForComposites._computeOutputPortDepth(CausalityInterfaceForComposites.java:765)
	at ptolemy.actor.util.CausalityInterfaceForComposites._computeInputDepth(CausalityInterfaceForComposites.java:696)
	at ptolemy.actor.util.CausalityInterfaceForComposites._computeOutputPortDepth(CausalityInterfaceForComposites.java:765)
	at ptolemy.actor.util.CausalityInterfaceForComposites._computeInputDepth(CausalityInterfaceForComposites.java:696)
	at ptolemy.actor.util.CausalityInterfaceForComposites._computeActorDepth(CausalityInterfaceForComposites.java:532)
	at ptolemy.actor.util.CausalityInterfaceForComposites.checkForCycles(CausalityInterfaceForComposites.java:96)
	at ptolemy.domains.de.kernel.DEDirector.preinitialize(DEDirector.java:1337)
	at ptolemy.actor.CompositeActor.preinitialize(CompositeActor.java:1828)
	at ptolemy.actor.Manager.preinitializeAndResolveTypes(Manager.java:1040)
	at ptolemy.actor.Manager.initialize(Manager.java:710)
	at ptolemy.actor.Manager.execute(Manager.java:356)
	at ptolemy.actor.Manager.run(Manager.java:1263)
	at ptolemy.actor.Manager$PtolemyRunThread.run(Manager.java:1915)
java.lang.RuntimeException: Execution failed
	at ptolemy.moml.MoMLSimpleApplication$UnloadThread.run(MoMLSimpleApplication.java:402)
Caused by: ptolemy.kernel.util.IllegalActionException: Found a zero delay loop containing .dependencyLoop.original
  in .dependencyLoop and .dependencyLoop.original
	at ptolemy.actor.util.CausalityInterfaceForComposites._computeOutputPortDepth(CausalityInterfaceForComposites.java:759)
	at ptolemy.actor.util.CausalityInterfaceForComposites._computeInputDepth(CausalityInterfaceForComposites.java:696)
	at ptolemy.actor.util.CausalityInterfaceForComposites._computeOutputPortDepth(CausalityInterfaceForComposites.java:765)
	at ptolemy.actor.util.CausalityInterfaceForComposites._computeInputDepth(CausalityInterfaceForComposites.java:696)
	at ptolemy.actor.util.CausalityInterfaceForComposites._computeOutputPortDepth(CausalityInterfaceForComposites.java:765)
	at ptolemy.actor.util.CausalityInterfaceForComposites._computeInputDepth(CausalityInterfaceForComposites.java:696)
	at ptolemy.actor.util.CausalityInterfaceForComposites._computeActorDepth(CausalityInterfaceForComposites.java:532)
	at ptolemy.actor.util.CausalityInterfaceForComposites.checkForCycles(CausalityInterfaceForComposites.java:96)
	at ptolemy.domains.de.kernel.DEDirector.preinitialize(DEDirector.java:1337)
	at ptolemy.actor.CompositeActor.preinitialize(CompositeActor.java:1828)
	at ptolemy.actor.Manager.preinitializeAndResolveTypes(Manager.java:1040)
	at ptolemy.actor.Manager.initialize(Manager.java:710)
	at ptolemy.actor.Manager.execute(Manager.java:356)
	at ptolemy.actor.Manager.run(Manager.java:1263)
	at ptolemy.actor.Manager$PtolemyRunThread.run(Manager.java:1915)
java.lang.reflect.InvocationTargetException
	at sun.reflect.NativeConstructorAccessorImpl.newInstance0(Native Method)
	at sun.reflect.NativeConstructorAccessorImpl.newInstance(NativeConstructorAccessorImpl.java:62)
	at sun.reflect.DelegatingConstructorAccessorImpl.newInstance(DelegatingConstructorAccessorImpl.java:45)
	at java.lang.reflect.Constructor.newInstance(Constructor.java:423)
	at ptolemy.util.test.junit.AutoKnownFailedTests.RunModel(AutoKnownFailedTests.java:107)
	at sun.reflect.NativeMethodAccessorImpl.invoke0(Native Method)
	at sun.reflect.NativeMethodAccessorImpl.invoke(NativeMethodAccessorImpl.java:62)
	at sun.reflect.DelegatingMethodAccessorImpl.invoke(DelegatingMethodAccessorImpl.java:43)
	at java.lang.reflect.Method.invoke(Method.java:498)
	at org.junit.runners.model.FrameworkMethod$1.runReflectiveCall(FrameworkMethod.java:44)
	at org.junit.internal.runners.model.ReflectiveCallable.run(ReflectiveCallable.java:15)
	at org.junit.runners.model.FrameworkMethod.invokeExplosively(FrameworkMethod.java:41)
	at junitparams.internal.InvokeParameterisedMethod.evaluate(InvokeParameterisedMethod.java:102)
	at org.junit.internal.runners.statements.FailOnTimeout$1.run(FailOnTimeout.java:28)
Caused by: ptolemy.kernel.util.IllegalActionException: Found a zero delay loop containing .dependencyLoop.original
  in .dependencyLoop and .dependencyLoop.original
	at ptolemy.actor.util.CausalityInterfaceForComposites._computeOutputPortDepth(CausalityInterfaceForComposites.java:759)
	at ptolemy.actor.util.CausalityInterfaceForComposites._computeInputDepth(CausalityInterfaceForComposites.java:696)
	at ptolemy.actor.util.CausalityInterfaceForComposites._computeOutputPortDepth(CausalityInterfaceForComposites.java:765)
	at ptolemy.actor.util.CausalityInterfaceForComposites._computeInputDepth(CausalityInterfaceForComposites.java:696)
	at ptolemy.actor.util.CausalityInterfaceForComposites._computeOutputPortDepth(CausalityInterfaceForComposites.java:765)
	at ptolemy.actor.util.CausalityInterfaceForComposites._computeInputDepth(CausalityInterfaceForComposites.java:696)
	at ptolemy.actor.util.CausalityInterfaceForComposites._computeActorDepth(CausalityInterfaceForComposites.java:532)
	at ptolemy.actor.util.CausalityInterfaceForComposites.checkForCycles(CausalityInterfaceForComposites.java:96)
	at ptolemy.domains.de.kernel.DEDirector.preinitialize(DEDirector.java:1337)
	at ptolemy.actor.CompositeActor.preinitialize(CompositeActor.java:1828)
	at ptolemy.actor.Manager.preinitializeAndResolveTypes(Manager.java:1040)
	at ptolemy.actor.Manager.initialize(Manager.java:710)
	at ptolemy.actor.Manager.execute(Manager.java:356)
	at ptolemy.actor.Manager.run(Manager.java:1263)
	at ptolemy.actor.Manager$PtolemyRunThread.run(Manager.java:1915)
java.lang.RuntimeException: Execution failed
	at ptolemy.moml.MoMLSimpleApplication$UnloadThread.run(MoMLSimpleApplication.java:402)
Caused by: ptolemy.kernel.util.IllegalActionException: Found a zero delay loop containing .dependencyLoop2.original
  in .dependencyLoop2 and .dependencyLoop2.original
	at ptolemy.actor.util.CausalityInterfaceForComposites._computeOutputPortDepth(CausalityInterfaceForComposites.java:759)
	at ptolemy.actor.util.CausalityInterfaceForComposites._computeInputDepth(CausalityInterfaceForComposites.java:696)
	at ptolemy.actor.util.CausalityInterfaceForComposites._computeOutputPortDepth(CausalityInterfaceForComposites.java:765)
	at ptolemy.actor.util.CausalityInterfaceForComposites._computeInputDepth(CausalityInterfaceForComposites.java:696)
	at ptolemy.actor.util.CausalityInterfaceForComposites._computeOutputPortDepth(CausalityInterfaceForComposites.java:765)
	at ptolemy.actor.util.CausalityInterfaceForComposites._computeInputDepth(CausalityInterfaceForComposites.java:696)
	at ptolemy.actor.util.CausalityInterfaceForComposites._computeActorDepth(CausalityInterfaceForComposites.java:532)
	at ptolemy.actor.util.CausalityInterfaceForComposites.checkForCycles(CausalityInterfaceForComposites.java:96)
	at ptolemy.domains.de.kernel.DEDirector.preinitialize(DEDirector.java:1337)
	at ptolemy.actor.CompositeActor.preinitialize(CompositeActor.java:1828)
	at ptolemy.actor.Manager.preinitializeAndResolveTypes(Manager.java:1040)
	at ptolemy.actor.Manager.initialize(Manager.java:710)
	at ptolemy.actor.Manager.execute(Manager.java:356)
	at ptolemy.actor.Manager.run(Manager.java:1263)
	at ptolemy.actor.Manager$PtolemyRunThread.run(Manager.java:1915)
java.lang.reflect.InvocationTargetException
	at sun.reflect.NativeConstructorAccessorImpl.newInstance0(Native Method)
	at sun.reflect.NativeConstructorAccessorImpl.newInstance(NativeConstructorAccessorImpl.java:62)
	at sun.reflect.DelegatingConstructorAccessorImpl.newInstance(DelegatingConstructorAccessorImpl.java:45)
	at java.lang.reflect.Constructor.newInstance(Constructor.java:423)
	at ptolemy.util.test.junit.AutoKnownFailedTests.RunModel(AutoKnownFailedTests.java:107)
	at sun.reflect.NativeMethodAccessorImpl.invoke0(Native Method)
	at sun.reflect.NativeMethodAccessorImpl.invoke(NativeMethodAccessorImpl.java:62)
	at sun.reflect.DelegatingMethodAccessorImpl.invoke(DelegatingMethodAccessorImpl.java:43)
	at java.lang.reflect.Method.invoke(Method.java:498)
	at org.junit.runners.model.FrameworkMethod$1.runReflectiveCall(FrameworkMethod.java:44)
	at org.junit.internal.runners.model.ReflectiveCallable.run(ReflectiveCallable.java:15)
	at org.junit.runners.model.FrameworkMethod.invokeExplosively(FrameworkMethod.java:41)
	at junitparams.internal.InvokeParameterisedMethod.evaluate(InvokeParameterisedMethod.java:102)
	at org.junit.internal.runners.statements.FailOnTimeout$1.run(FailOnTimeout.java:28)
Caused by: ptolemy.kernel.util.IllegalActionException: Found a zero delay loop containing .dependencyLoop2.original
  in .dependencyLoop2 and .dependencyLoop2.original
	at ptolemy.actor.util.CausalityInterfaceForComposites._computeOutputPortDepth(CausalityInterfaceForComposites.java:759)
	at ptolemy.actor.util.CausalityInterfaceForComposites._computeInputDepth(CausalityInterfaceForComposites.java:696)
	at ptolemy.actor.util.CausalityInterfaceForComposites._computeOutputPortDepth(CausalityInterfaceForComposites.java:765)
	at ptolemy.actor.util.CausalityInterfaceForComposites._computeInputDepth(CausalityInterfaceForComposites.java:696)
	at ptolemy.actor.util.CausalityInterfaceForComposites._computeOutputPortDepth(CausalityInterfaceForComposites.java:765)
	at ptolemy.actor.util.CausalityInterfaceForComposites._computeInputDepth(CausalityInterfaceForComposites.java:696)
	at ptolemy.actor.util.CausalityInterfaceForComposites._computeActorDepth(CausalityInterfaceForComposites.java:532)
	at ptolemy.actor.util.CausalityInterfaceForComposites.checkForCycles(CausalityInterfaceForComposites.java:96)
	at ptolemy.domains.de.kernel.DEDirector.preinitialize(DEDirector.java:1337)
	at ptolemy.actor.CompositeActor.preinitialize(CompositeActor.java:1828)
	at ptolemy.actor.Manager.preinitializeAndResolveTypes(Manager.java:1040)
	at ptolemy.actor.Manager.initialize(Manager.java:710)
	at ptolemy.actor.Manager.execute(Manager.java:356)
	at ptolemy.actor.Manager.run(Manager.java:1263)
	at ptolemy.actor.Manager$PtolemyRunThread.run(Manager.java:1915)
]]></system-err>
</testsuite>
